<?xml version="1.0" encoding="UTF-8"?>
<TestRun id="bebd54c2-42a5-4c0d-8412-0448ceadac57" name="YSHuang@ANSONHUANG 2017-05-16 11:16:57" runUser="AnsonHuang\YSHuang" xmlns="http://microsoft.com/schemas/VisualStudio/TeamTest/2010">
  <TestSettings name="本機" id="f0316326-3a07-479d-8058-64131c18b509">
    <Description>這些是本機測試回合的預設測試設定。</Description>
    <Execution>
      <TestTypeSpecific />
      <AgentRule name="Execution Agents">
      </AgentRule>
    </Execution>
    <Deployment runDeploymentRoot="YSHuang_ANSONHUANG 2017-05-16 11_16_57" />
  </TestSettings>
  <Times creation="2017-05-16T11:16:57.9854413+08:00" queuing="2017-05-16T11:16:58.1134669+08:00" start="2017-05-16T11:16:58.2044851+08:00" finish="2017-05-16T11:17:10.7995036+08:00" />
  <ResultSummary outcome="Completed">
    <Counters total="1" executed="1" passed="1" error="0" failed="0" timeout="0" aborted="0" inconclusive="0" passedButRunAborted="0" notRunnable="0" notExecuted="0" disconnected="0" warning="0" completed="0" inProgress="0" pending="0" />
  </ResultSummary>
  <TestDefinitions>
    <WebTest name="WebTestUpdateCase01" storage="d:\git\attendant\loadtesting\loadtesting\webtestupdatecase01.webtest" id="d1f0dc6a-f347-4b33-8582-0a71909fcaf1" persistedWebTest="77u/PD94bWwgdmVyc2lvbj0iMS4wIiBlbmNvZGluZz0iVVRGLTgiIHN0YW5kYWxvbmU9InllcyI/Pg0KPFdlYlRlc3QgTmFtZT0iV2ViVGVzdFVwZGF0ZUNhc2UwMSIgSWQ9ImQxZjBkYzZhLWYzNDctNGIzMy04NTgyLTBhNzE5MDlmY2FmMSIgT3duZXI9IiIgUHJpb3JpdHk9IjIxNDc0ODM2NDciIEVuYWJsZWQ9IlRydWUiIENzc1Byb2plY3RTdHJ1Y3R1cmU9IiIgQ3NzSXRlcmF0aW9uPSIiIFRpbWVvdXQ9IjAiIFdvcmtJdGVtSWRzPSIiIHhtbG5zPSJodHRwOi8vbWljcm9zb2Z0LmNvbS9zY2hlbWFzL1Zpc3VhbFN0dWRpby9UZWFtVGVzdC8yMDEwIiBEZXNjcmlwdGlvbj0iIiBDcmVkZW50aWFsVXNlck5hbWU9IiIgQ3JlZGVudGlhbFBhc3N3b3JkPSIiIFByZUF1dGhlbnRpY2F0ZT0iVHJ1ZSIgUHJveHk9ImRlZmF1bHQiIFN0b3BPbkVycm9yPSJGYWxzZSIgUmVjb3JkZWRSZXN1bHRGaWxlPSJXZWJUZXN0MS5kYTYxMzA3YS1hZDJjLTQxYWUtYTg5YS1hYmQzM2I2NDdlNGIucmVjLndlYnRlc3RyZXN1bHQiIFJlc3VsdHNMb2NhbGU9IiI+DQogIDxJdGVtcz4NCiAgICA8UmVxdWVzdCBNZXRob2Q9IkdFVCIgR3VpZD0iOWQ0MDg4ODItYWM5YS00ODUyLTk4NGItOWRkZjc5ZGM4ZmVmIiBWZXJzaW9uPSIxLjEiIFVybD0iaHR0cDovLzEwLjExLjM2LjExNDo4MDA3L2hybG9naW4vaHJsb2dpbi5hc3B4IiBUaGlua1RpbWU9IjAiIFRpbWVvdXQ9IjMwMCIgUGFyc2VEZXBlbmRlbnRSZXF1ZXN0cz0iVHJ1ZSIgRm9sbG93UmVkaXJlY3RzPSJUcnVlIiBSZWNvcmRSZXN1bHQ9IlRydWUiIENhY2hlPSJGYWxzZSIgUmVzcG9uc2VUaW1lR29hbD0iMCIgRW5jb2Rpbmc9InV0Zi04IiBFeHBlY3RlZEh0dHBTdGF0dXNDb2RlPSIwIiBFeHBlY3RlZFJlc3BvbnNlVXJsPSIiIFJlcG9ydGluZ05hbWU9IiIgSWdub3JlSHR0cFN0YXR1c0NvZGU9IkZhbHNlIj4NCiAgICAgIDxFeHRyYWN0aW9uUnVsZXM+DQogICAgICAgIDxFeHRyYWN0aW9uUnVsZSBDbGFzc25hbWU9Ik1pY3Jvc29mdC5WaXN1YWxTdHVkaW8uVGVzdFRvb2xzLldlYlRlc3RpbmcuUnVsZXMuRXh0cmFjdEhpZGRlbkZpZWxkcywgTWljcm9zb2Z0LlZpc3VhbFN0dWRpby5RdWFsaXR5VG9vbHMuV2ViVGVzdEZyYW1ld29yaywgVmVyc2lvbj0xMC4wLjAuMCwgQ3VsdHVyZT1uZXV0cmFsLCBQdWJsaWNLZXlUb2tlbj1iMDNmNWY3ZjExZDUwYTNhIiBWYXJpYWJsZU5hbWU9IjEiIERpc3BsYXlOYW1lPSLmk7flj5bpmrHol4/mrITkvY0iIERlc2NyaXB0aW9uPSLmk7flj5blm57mh4nkuK3nmoTmiYDmnInpmrHol4/mrITkvY3vvIzkuKblsIflroPlgJHmlL7lnKjmuKzoqablhaflrrnkuK3jgIIiPg0KICAgICAgICAgIDxSdWxlUGFyYW1ldGVycz4NCiAgICAgICAgICAgIDxSdWxlUGFyYW1ldGVyIE5hbWU9IlJlcXVpcmVkIiBWYWx1ZT0iVHJ1ZSIgLz4NCiAgICAgICAgICAgIDxSdWxlUGFyYW1ldGVyIE5hbWU9Ikh0bWxEZWNvZGUiIFZhbHVlPSJUcnVlIiAvPg0KICAgICAgICAgIDwvUnVsZVBhcmFtZXRlcnM+DQogICAgICAgIDwvRXh0cmFjdGlvblJ1bGU+DQogICAgICA8L0V4dHJhY3Rpb25SdWxlcz4NCiAgICAgIDxDb3JyZWxhdGlvbkV4dHJhY3Rpb25SdWxlcz4NCiAgICAgICAgPEV4dHJhY3Rpb25SdWxlIENsYXNzbmFtZT0iTWljcm9zb2Z0LlZpc3VhbFN0dWRpby5UZXN0VG9vbHMuV2ViVGVzdGluZy5SdWxlcy5FeHRyYWN0Rm9ybUZpZWxkLCBNaWNyb3NvZnQuVmlzdWFsU3R1ZGlvLlF1YWxpdHlUb29scy5XZWJUZXN0RnJhbWV3b3JrLCBWZXJzaW9uPTEwLjAuMC4wLCBDdWx0dXJlPW5ldXRyYWwsIFB1YmxpY0tleVRva2VuPWIwM2Y1ZjdmMTFkNTBhM2EiIFZhcmlhYmxlTmFtZT0iRm9ybVBvc3RQYXJhbTM3LmJ0bkV4ZWN1dGUiIERpc3BsYXlOYW1lPSIiIERlc2NyaXB0aW9uPSIiPg0KICAgICAgICAgIDxSdWxlUGFyYW1ldGVycz4NCiAgICAgICAgICAgIDxSdWxlUGFyYW1ldGVyIE5hbWU9Ik5hbWUiIFZhbHVlPSJidG5FeGVjdXRlIiAvPg0KICAgICAgICAgICAgPFJ1bGVQYXJhbWV0ZXIgTmFtZT0iSHRtbERlY29kZSIgVmFsdWU9IlRydWUiIC8+DQogICAgICAgICAgICA8UnVsZVBhcmFtZXRlciBOYW1lPSJSZXF1aXJlZCIgVmFsdWU9IkZhbHNlIiAvPg0KICAgICAgICAgICAgPFJ1bGVQYXJhbWV0ZXIgTmFtZT0iSW5kZXgiIFZhbHVlPSIwIiAvPg0KICAgICAgICAgIDwvUnVsZVBhcmFtZXRlcnM+DQogICAgICAgIDwvRXh0cmFjdGlvblJ1bGU+DQogICAgICAgIDxFeHRyYWN0aW9uUnVsZSBDbGFzc25hbWU9Ik1pY3Jvc29mdC5WaXN1YWxTdHVkaW8uVGVzdFRvb2xzLldlYlRlc3RpbmcuUnVsZXMuRXh0cmFjdFRleHQsIE1pY3Jvc29mdC5WaXN1YWxTdHVkaW8uUXVhbGl0eVRvb2xzLldlYlRlc3RGcmFtZXdvcmssIFZlcnNpb249MTAuMC4wLjAsIEN1bHR1cmU9bmV1dHJhbCwgUHVibGljS2V5VG9rZW49YjAzZjVmN2YxMWQ1MGEzYSIgVmFyaWFibGVOYW1lPSJGb3JtUG9zdFBhcmFtMzguZGRsVUlDdWx0dXJlIiBEaXNwbGF5TmFtZT0iIiBEZXNjcmlwdGlvbj0iIj4NCiAgICAgICAgICA8UnVsZVBhcmFtZXRlcnM+DQogICAgICAgICAgICA8UnVsZVBhcmFtZXRlciBOYW1lPSJTdGFydHNXaXRoIiBWYWx1ZT0ibHVlPSZxdW90OyIgLz4NCiAgICAgICAgICAgIDxSdWxlUGFyYW1ldGVyIE5hbWU9IkVuZHNXaXRoIiBWYWx1ZT0iJnF1b3Q7Jmd0O+ato+mrlOS4rSIgLz4NCiAgICAgICAgICAgIDxSdWxlUGFyYW1ldGVyIE5hbWU9IkluZGV4IiBWYWx1ZT0iOCIgLz4NCiAgICAgICAgICAgIDxSdWxlUGFyYW1ldGVyIE5hbWU9Iklnbm9yZUNhc2UiIFZhbHVlPSJGYWxzZSIgLz4NCiAgICAgICAgICAgIDxSdWxlUGFyYW1ldGVyIE5hbWU9IlVzZVJlZ3VsYXJFeHByZXNzaW9uIiBWYWx1ZT0iRmFsc2UiIC8+DQogICAgICAgICAgICA8UnVsZVBhcmFtZXRlciBOYW1lPSJIdG1sRGVjb2RlIiBWYWx1ZT0iVHJ1ZSIgLz4NCiAgICAgICAgICAgIDxSdWxlUGFyYW1ldGVyIE5hbWU9IlJlcXVpcmVkIiBWYWx1ZT0iRmFsc2UiIC8+DQogICAgICAgICAgPC9SdWxlUGFyYW1ldGVycz4NCiAgICAgICAgPC9FeHRyYWN0aW9uUnVsZT4NCiAgICAgIDwvQ29ycmVsYXRpb25FeHRyYWN0aW9uUnVsZXM+DQogICAgPC9SZXF1ZXN0Pg0KICAgIDxSZXF1ZXN0IE1ldGhvZD0iUE9TVCIgR3VpZD0iNGQ2MWZkNjMtZjM3Ny00M2RkLTkxZTgtY2NmZTE5MmZkNDM5IiBWZXJzaW9uPSIxLjEiIFVybD0iaHR0cDovLzEwLjExLjM2LjExNDo4MDA3L2hybG9naW4vaHJsb2dpbi5hc3B4IiBUaGlua1RpbWU9IjIyIiBUaW1lb3V0PSIzMDAiIFBhcnNlRGVwZW5kZW50UmVxdWVzdHM9IlRydWUiIEZvbGxvd1JlZGlyZWN0cz0iVHJ1ZSIgUmVjb3JkUmVzdWx0PSJUcnVlIiBDYWNoZT0iRmFsc2UiIFJlc3BvbnNlVGltZUdvYWw9IjAiIEVuY29kaW5nPSJ1dGYtOCIgRXhwZWN0ZWRIdHRwU3RhdHVzQ29kZT0iMCIgRXhwZWN0ZWRSZXNwb25zZVVybD0iIiBSZXBvcnRpbmdOYW1lPSIiIElnbm9yZUh0dHBTdGF0dXNDb2RlPSJGYWxzZSI+DQogICAgICA8Rm9ybVBvc3RIdHRwQm9keT4NCiAgICAgICAgPEZvcm1Qb3N0UGFyYW1ldGVyIE5hbWU9Il9fTEFTVEZPQ1VTIiBWYWx1ZT0ie3skSElEREVOMS5fX0xBU1RGT0NVU319IiBSZWNvcmRlZFZhbHVlPSIiIENvcnJlbGF0aW9uQmluZGluZz0iIiBVcmxFbmNvZGU9IlRydWUiIC8+DQogICAgICAgIDxGb3JtUG9zdFBhcmFtZXRlciBOYW1lPSJfX0VWRU5UVEFSR0VUIiBWYWx1ZT0ie3skSElEREVOMS5fX0VWRU5UVEFSR0VUfX0iIFJlY29yZGVkVmFsdWU9IiIgQ29ycmVsYXRpb25CaW5kaW5nPSIiIFVybEVuY29kZT0iVHJ1ZSIgLz4NCiAgICAgICAgPEZvcm1Qb3N0UGFyYW1ldGVyIE5hbWU9Il9fRVZFTlRBUkdVTUVOVCIgVmFsdWU9Int7JEhJRERFTjEuX19FVkVOVEFSR1VNRU5UfX0iIFJlY29yZGVkVmFsdWU9IiIgQ29ycmVsYXRpb25CaW5kaW5nPSIiIFVybEVuY29kZT0iVHJ1ZSIgLz4NCiAgICAgICAgPEZvcm1Qb3N0UGFyYW1ldGVyIE5hbWU9Il9fVklFV1NUQVRFIiBWYWx1ZT0ie3skSElEREVOMS5fX1ZJRVdTVEFURX19IiBSZWNvcmRlZFZhbHVlPSIvd0VQRHdVS0xUUTFORE0xTVRBME1nOWtGZ0lDQXc5a0ZnUUNBUThXQWg0SFZtbHphV0pzWldjV0JBSUJEdzhXSGg0S1gwMWhlRXhsYm1kMGFHWWVFbDlKYzBGMWRHOVViMVZ3Y0dWeVEyRnpaV2dlREY5SmMwRmpkR2wyWlVsTlJXY2VDMTlKYzFCaGMzTjNiM0prYUI0T1gxUmxlSFJUYUdsbWRFdHBibVFMS1g5VGFXNXZVR0ZqTGxkbFlrVjRjSEpsYzNNdVEyOXRiVzl1TGxWMGFXd3JWR1Y0ZEZOb2FXWjBTMmx1WkN3Z1UybHViMUJoWXk1WFpXSkZlSEJ5WlhOekxrTnZiVzF2Yml3Z1ZtVnljMmx2YmowM0xqTXVNekV1TVN3Z1EzVnNkSFZ5WlQxdVpYVjBjbUZzTENCUWRXSnNhV05MWlhsVWIydGxiajF1ZFd4c0FCNEtYMWRoZEdWeVRXRnlhMlVlQ0Y5SmMwTnNaV0Z5YUI0SVgxUnZiMnhVYVhCbEhndGZTWE5TWldGa1QyNXNlV2dlQ1Y5RGMzTkRiR0Z6YzJVZUQxOUpjMWRwWkhSb1FubFFhWGhsYkdjZUUxOUpjMFJwYzNCRmJuUmxjbVZrVjI5eVpITm9IZ1pmVjJsa2RHZ0NVQjRJWDBselJtOWpkWE5uSGdsZlNYTlNaV2RGZUhCb1pCWUVBZ0VQWkJZQ0FnRVBFQTlrRmdJZUIyOXVZMnhwWTJzRnZ3RjJZWElnYjFaaGJHbGtJRDBnWkc5amRXMWxiblF1WjJWMFJXeGxiV1Z1ZEVKNVNXUW9KM1I0ZEZWelpYSkpSRjlTWlhGMWFYSmxaRVpwWld4a1ZtRnNhV1JoZEc5eU1TY3BPMVpoYkdsa1lYUnZja1Z1WVdKc1pTaHZWbUZzYVdRc2RHaHBjeTVqYUdWamEyVmtLVHRWZEdsc1gwTm9hMEp2ZUZSdloyZHNaVlpwYzJsaWFXeHBkSGtvSjNSNGRGVnpaWEpKUkY5amFHdFdhWE5wWW1sc2FYUjVKeXdnSjNSNGRGVnpaWEpKUkY5a2FYWkVZWFJoUVhKbFlTY3BPMlJrWkFJRER4WUNIZ1Z6ZEhsc1pRVTJabXh2WVhRNmJHVm1kRHRrYVhOd2JHRjVPbWx1YkdsdVpTMWliRzlqYXp0d1lXUmthVzVuT2pBN2RtbHphV0pwYkdsMGVUbzdGZ1lDQVE4UEZnZ2VDRkpsWVdSUGJteDVhQjRGVjJsa2RHZ2JBQUFBQUFBQVZFQUJBQUFBSGdoRGMzTkRiR0Z6YzJVZUJGOGhVMElDZ2dJV0FoNEhiMjVyWlhsMWNBVU9kR2hwY3k1MGFYUnNaVDBuSnp0a0FnTVBEeFlFSHhNYkFBQUFBQUFBVkVBQkFBQUFIeFVDZ0FKa1pBSUZEMlFXQWdJQkR3OFdBaDRFVkdWNGRBVVhXK1drcCtXdnErbU9sdVd1bWwzbHQ3TGxsWi9ubEtnV0FoOFJCWlFCY0dGa1pHbHVaem9nTW5CNElERXdjSGdnTW5CNElERXdjSGc3SUdOdmJHOXlPaU13TURBN0lHSmhZMnRuY205MWJtUTZJQ05HUmtVNFFUWTdJR1p2Ym5RdGQyVnBaMmgwT2lCaWIyeGtPeUJpYjNKa1pYSTZJREZ3ZUNCemIyeHBaQ0JrWVhKclozSmhlVHNnZDJocGRHVXRjM0JoWTJVNklHNXZkM0poY0RzZ1ltOXlaR1Z5TFhKaFpHbDFjem9nTTNCNE8yUUNBdzhRRHhZR0hnNUVZWFJoVm1Gc2RXVkdhV1ZzWkFVRFMyVjVIZzFFWVhSaFZHVjRkRVpwWld4a0JRVldZV3gxWlI0TFh5RkVZWFJoUW05MWJtUm5aQkFWQkFkRmJtZHNhWE5vRE9ldWdPUzlrK1M0cmVhV2h3em1yYVBwcTVUa3VLM21sb2NNNTY2QTVMMlQ1ckdKNksrdEZRUUNaVzRHZW1ndFEwaFRCbnBvTFVOSVZBZDZhQzFJWVc1ekZDc0RCR2RuWjJka1pBSUREdzhXQWg4WFpXUmtaQ2NWUllYVGg5akNDTXdTY3c0blJ1VjA5bS85IiBDb3JyZWxhdGlvbkJpbmRpbmc9IiIgVXJsRW5jb2RlPSJUcnVlIiAvPg0KICAgICAgICA8Rm9ybVBvc3RQYXJhbWV0ZXIgTmFtZT0iX19WSUVXU1RBVEVHRU5FUkFUT1IiIFZhbHVlPSJ7eyRISURERU4xLl9fVklFV1NUQVRFR0VORVJBVE9SfX0iIFJlY29yZGVkVmFsdWU9IjVCQjBGMjkwIiBDb3JyZWxhdGlvbkJpbmRpbmc9IiIgVXJsRW5jb2RlPSJUcnVlIiAvPg0KICAgICAgICA8Rm9ybVBvc3RQYXJhbWV0ZXIgTmFtZT0iX19FVkVOVFZBTElEQVRJT04iIFZhbHVlPSJ7eyRISURERU4xLl9fRVZFTlRWQUxJREFUSU9OfX0iIFJlY29yZGVkVmFsdWU9Ii93RWRBQWpaemdlZEs3V0hudUtBMm8rc1ZSQVRaaFRxbzJ5ZHJjQXZWWGhWWDBLRktZSUZmUlJaaFhzeFV5NDNxZm1WZ1ArTFJicVhBcjRwWFJBeDVMZ1BQRmpnZUNQRmNuNWFQTVloQjZnZWwwby9ibDNGUS9xblFXMnVGb1pQbmh3ckoxZGd6Q2twcWNYSG9MV1IrZmM4eEgzWVJyUHBHenJEK1pHMFdrNFlybjM1RnZrZWYvdFpSZzdHY0ZOMzdOZ0tHNlVXTlBnZSIgQ29ycmVsYXRpb25CaW5kaW5nPSIiIFVybEVuY29kZT0iVHJ1ZSIgLz4NCiAgICAgICAgPEZvcm1Qb3N0UGFyYW1ldGVyIE5hbWU9InR4dFVzZXJJRCR0eHREYXRhIiBWYWx1ZT0iMTAyMTE5IiBSZWNvcmRlZFZhbHVlPSIxMDIxMTkiIENvcnJlbGF0aW9uQmluZGluZz0iIiBVcmxFbmNvZGU9IlRydWUiIC8+DQogICAgICAgIDxGb3JtUG9zdFBhcmFtZXRlciBOYW1lPSJkZGxVSUN1bHR1cmUiIFZhbHVlPSJ6aC1DSFQiIFJlY29yZGVkVmFsdWU9InpoLUNIVCIgQ29ycmVsYXRpb25CaW5kaW5nPSJ7e0Zvcm1Qb3N0UGFyYW0zOC5kZGxVSUN1bHR1cmV9fSIgVXJsRW5jb2RlPSJUcnVlIiAvPg0KICAgICAgICA8Rm9ybVBvc3RQYXJhbWV0ZXIgTmFtZT0iYnRuRXhlY3V0ZSIgVmFsdWU9IkxvY2FsIExvZ2luIiBSZWNvcmRlZFZhbHVlPSJMb2NhbCBMb2dpbiIgQ29ycmVsYXRpb25CaW5kaW5nPSJ7e0Zvcm1Qb3N0UGFyYW0zNy5idG5FeGVjdXRlfX0iIFVybEVuY29kZT0iVHJ1ZSIgLz4NCiAgICAgIDwvRm9ybVBvc3RIdHRwQm9keT4NCiAgICA8L1JlcXVlc3Q+DQogICAgPFJlcXVlc3QgTWV0aG9kPSJHRVQiIEd1aWQ9Ijc3YzU5YjQ5LWE5ZTEtNGFmZi04ZjczLTljZWY5YzVhZjIxYSIgVmVyc2lvbj0iMS4xIiBVcmw9Imh0dHA6Ly8xMC4xMS4zNi4xMTQ6ODAwNy9PdmVyVGltZS9PdmVydGltZVByZU9yZGVyLmFzcHgiIFRoaW5rVGltZT0iMTAiIFRpbWVvdXQ9IjMwMCIgUGFyc2VEZXBlbmRlbnRSZXF1ZXN0cz0iVHJ1ZSIgRm9sbG93UmVkaXJlY3RzPSJUcnVlIiBSZWNvcmRSZXN1bHQ9IlRydWUiIENhY2hlPSJGYWxzZSIgUmVzcG9uc2VUaW1lR29hbD0iMCIgRW5jb2Rpbmc9InV0Zi04IiBFeHBlY3RlZEh0dHBTdGF0dXNDb2RlPSIwIiBFeHBlY3RlZFJlc3BvbnNlVXJsPSIiIFJlcG9ydGluZ05hbWU9IiIgSWdub3JlSHR0cFN0YXR1c0NvZGU9IkZhbHNlIj4NCiAgICAgIDxFeHRyYWN0aW9uUnVsZXM+DQogICAgICAgIDxFeHRyYWN0aW9uUnVsZSBDbGFzc25hbWU9Ik1pY3Jvc29mdC5WaXN1YWxTdHVkaW8uVGVzdFRvb2xzLldlYlRlc3RpbmcuUnVsZXMuRXh0cmFjdEhpZGRlbkZpZWxkcywgTWljcm9zb2Z0LlZpc3VhbFN0dWRpby5RdWFsaXR5VG9vbHMuV2ViVGVzdEZyYW1ld29yaywgVmVyc2lvbj0xMC4wLjAuMCwgQ3VsdHVyZT1uZXV0cmFsLCBQdWJsaWNLZXlUb2tlbj1iMDNmNWY3ZjExZDUwYTNhIiBWYXJpYWJsZU5hbWU9IjEiIERpc3BsYXlOYW1lPSLmk7flj5bpmrHol4/mrITkvY0iIERlc2NyaXB0aW9uPSLmk7flj5blm57mh4nkuK3nmoTmiYDmnInpmrHol4/mrITkvY3vvIzkuKblsIflroPlgJHmlL7lnKjmuKzoqablhaflrrnkuK3jgIIiPg0KICAgICAgICAgIDxSdWxlUGFyYW1ldGVycz4NCiAgICAgICAgICAgIDxSdWxlUGFyYW1ldGVyIE5hbWU9IlJlcXVpcmVkIiBWYWx1ZT0iVHJ1ZSIgLz4NCiAgICAgICAgICAgIDxSdWxlUGFyYW1ldGVyIE5hbWU9Ikh0bWxEZWNvZGUiIFZhbHVlPSJUcnVlIiAvPg0KICAgICAgICAgIDwvUnVsZVBhcmFtZXRlcnM+DQogICAgICAgIDwvRXh0cmFjdGlvblJ1bGU+DQogICAgICA8L0V4dHJhY3Rpb25SdWxlcz4NCiAgICAgIDxDb3JyZWxhdGlvbkV4dHJhY3Rpb25SdWxlcz4NCiAgICAgICAgPEV4dHJhY3Rpb25SdWxlIENsYXNzbmFtZT0iTWljcm9zb2Z0LlZpc3VhbFN0dWRpby5UZXN0VG9vbHMuV2ViVGVzdGluZy5SdWxlcy5FeHRyYWN0Rm9ybUZpZWxkLCBNaWNyb3NvZnQuVmlzdWFsU3R1ZGlvLlF1YWxpdHlUb29scy5XZWJUZXN0RnJhbWV3b3JrLCBWZXJzaW9uPTEwLjAuMC4wLCBDdWx0dXJlPW5ldXRyYWwsIFB1YmxpY0tleVRva2VuPWIwM2Y1ZjdmMTFkNTBhM2EiIFZhcmlhYmxlTmFtZT0iRm9ybVBvc3RQYXJhbTMzLmJ0blF1ZXJ5IiBEaXNwbGF5TmFtZT0iIiBEZXNjcmlwdGlvbj0iIj4NCiAgICAgICAgICA8UnVsZVBhcmFtZXRlcnM+DQogICAgICAgICAgICA8UnVsZVBhcmFtZXRlciBOYW1lPSJOYW1lIiBWYWx1ZT0iYnRuUXVlcnkiIC8+DQogICAgICAgICAgICA8UnVsZVBhcmFtZXRlciBOYW1lPSJIdG1sRGVjb2RlIiBWYWx1ZT0iVHJ1ZSIgLz4NCiAgICAgICAgICAgIDxSdWxlUGFyYW1ldGVyIE5hbWU9IlJlcXVpcmVkIiBWYWx1ZT0iRmFsc2UiIC8+DQogICAgICAgICAgICA8UnVsZVBhcmFtZXRlciBOYW1lPSJJbmRleCIgVmFsdWU9IjAiIC8+DQogICAgICAgICAgPC9SdWxlUGFyYW1ldGVycz4NCiAgICAgICAgPC9FeHRyYWN0aW9uUnVsZT4NCiAgICAgICAgPEV4dHJhY3Rpb25SdWxlIENsYXNzbmFtZT0iTWljcm9zb2Z0LlZpc3VhbFN0dWRpby5UZXN0VG9vbHMuV2ViVGVzdGluZy5SdWxlcy5FeHRyYWN0Rm9ybUZpZWxkLCBNaWNyb3NvZnQuVmlzdWFsU3R1ZGlvLlF1YWxpdHlUb29scy5XZWJUZXN0RnJhbWV3b3JrLCBWZXJzaW9uPTEwLjAuMC4wLCBDdWx0dXJlPW5ldXRyYWwsIFB1YmxpY0tleVRva2VuPWIwM2Y1ZjdmMTFkNTBhM2EiIFZhcmlhYmxlTmFtZT0iRm9ybVBvc3RQYXJhbTM0LnR4dE9URW1wSUQiIERpc3BsYXlOYW1lPSIiIERlc2NyaXB0aW9uPSIiPg0KICAgICAgICAgIDxSdWxlUGFyYW1ldGVycz4NCiAgICAgICAgICAgIDxSdWxlUGFyYW1ldGVyIE5hbWU9Ik5hbWUiIFZhbHVlPSJ0eHRPVEVtcElEIiAvPg0KICAgICAgICAgICAgPFJ1bGVQYXJhbWV0ZXIgTmFtZT0iSHRtbERlY29kZSIgVmFsdWU9IlRydWUiIC8+DQogICAgICAgICAgICA8UnVsZVBhcmFtZXRlciBOYW1lPSJSZXF1aXJlZCIgVmFsdWU9IkZhbHNlIiAvPg0KICAgICAgICAgICAgPFJ1bGVQYXJhbWV0ZXIgTmFtZT0iSW5kZXgiIFZhbHVlPSIwIiAvPg0KICAgICAgICAgIDwvUnVsZVBhcmFtZXRlcnM+DQogICAgICAgIDwvRXh0cmFjdGlvblJ1bGU+DQogICAgICAgIDxFeHRyYWN0aW9uUnVsZSBDbGFzc25hbWU9Ik1pY3Jvc29mdC5WaXN1YWxTdHVkaW8uVGVzdFRvb2xzLldlYlRlc3RpbmcuUnVsZXMuRXh0cmFjdFRleHQsIE1pY3Jvc29mdC5WaXN1YWxTdHVkaW8uUXVhbGl0eVRvb2xzLldlYlRlc3RGcmFtZXdvcmssIFZlcnNpb249MTAuMC4wLjAsIEN1bHR1cmU9bmV1dHJhbCwgUHVibGljS2V5VG9rZW49YjAzZjVmN2YxMWQ1MGEzYSIgVmFyaWFibGVOYW1lPSJGb3JtUG9zdFBhcmFtMzUuZGRsUXVlcnlDb25kaXRpb25zIiBEaXNwbGF5TmFtZT0iIiBEZXNjcmlwdGlvbj0iIj4NCiAgICAgICAgICA8UnVsZVBhcmFtZXRlcnM+DQogICAgICAgICAgICA8UnVsZVBhcmFtZXRlciBOYW1lPSJTdGFydHNXaXRoIiBWYWx1ZT0icyZxdW90OzpbJnF1b3Q7IiAvPg0KICAgICAgICAgICAgPFJ1bGVQYXJhbWV0ZXIgTmFtZT0iRW5kc1dpdGgiIFZhbHVlPSImcXVvdDssJnF1b3Q7MSZxdW90OyIgLz4NCiAgICAgICAgICAgIDxSdWxlUGFyYW1ldGVyIE5hbWU9IkluZGV4IiBWYWx1ZT0iMCIgLz4NCiAgICAgICAgICAgIDxSdWxlUGFyYW1ldGVyIE5hbWU9Iklnbm9yZUNhc2UiIFZhbHVlPSJGYWxzZSIgLz4NCiAgICAgICAgICAgIDxSdWxlUGFyYW1ldGVyIE5hbWU9IlVzZVJlZ3VsYXJFeHByZXNzaW9uIiBWYWx1ZT0iRmFsc2UiIC8+DQogICAgICAgICAgICA8UnVsZVBhcmFtZXRlciBOYW1lPSJIdG1sRGVjb2RlIiBWYWx1ZT0iVHJ1ZSIgLz4NCiAgICAgICAgICAgIDxSdWxlUGFyYW1ldGVyIE5hbWU9IlJlcXVpcmVkIiBWYWx1ZT0iRmFsc2UiIC8+DQogICAgICAgICAgPC9SdWxlUGFyYW1ldGVycz4NCiAgICAgICAgPC9FeHRyYWN0aW9uUnVsZT4NCiAgICAgICAgPEV4dHJhY3Rpb25SdWxlIENsYXNzbmFtZT0iTWljcm9zb2Z0LlZpc3VhbFN0dWRpby5UZXN0VG9vbHMuV2ViVGVzdGluZy5SdWxlcy5FeHRyYWN0VGV4dCwgTWljcm9zb2Z0LlZpc3VhbFN0dWRpby5RdWFsaXR5VG9vbHMuV2ViVGVzdEZyYW1ld29yaywgVmVyc2lvbj0xMC4wLjAuMCwgQ3VsdHVyZT1uZXV0cmFsLCBQdWJsaWNLZXlUb2tlbj1iMDNmNWY3ZjExZDUwYTNhIiBWYXJpYWJsZU5hbWU9IkZvcm1Qb3N0UGFyYW0zNi5kZGxPVFN0YXR1cyIgRGlzcGxheU5hbWU9IiIgRGVzY3JpcHRpb249IiI+DQogICAgICAgICAgPFJ1bGVQYXJhbWV0ZXJzPg0KICAgICAgICAgICAgPFJ1bGVQYXJhbWV0ZXIgTmFtZT0iU3RhcnRzV2l0aCIgVmFsdWU9IiZxdW90OzAmcXVvdDssJnF1b3Q7IiAvPg0KICAgICAgICAgICAgPFJ1bGVQYXJhbWV0ZXIgTmFtZT0iRW5kc1dpdGgiIFZhbHVlPSImcXVvdDssJnF1b3Q7MiZxdW90OyIgLz4NCiAgICAgICAgICAgIDxSdWxlUGFyYW1ldGVyIE5hbWU9IkluZGV4IiBWYWx1ZT0iMCIgLz4NCiAgICAgICAgICAgIDxSdWxlUGFyYW1ldGVyIE5hbWU9Iklnbm9yZUNhc2UiIFZhbHVlPSJGYWxzZSIgLz4NCiAgICAgICAgICAgIDxSdWxlUGFyYW1ldGVyIE5hbWU9IlVzZVJlZ3VsYXJFeHByZXNzaW9uIiBWYWx1ZT0iRmFsc2UiIC8+DQogICAgICAgICAgICA8UnVsZVBhcmFtZXRlciBOYW1lPSJIdG1sRGVjb2RlIiBWYWx1ZT0iVHJ1ZSIgLz4NCiAgICAgICAgICAgIDxSdWxlUGFyYW1ldGVyIE5hbWU9IlJlcXVpcmVkIiBWYWx1ZT0iRmFsc2UiIC8+DQogICAgICAgICAgPC9SdWxlUGFyYW1ldGVycz4NCiAgICAgICAgPC9FeHRyYWN0aW9uUnVsZT4NCiAgICAgIDwvQ29ycmVsYXRpb25FeHRyYWN0aW9uUnVsZXM+DQogICAgPC9SZXF1ZXN0Pg0KICAgIDxSZXF1ZXN0IE1ldGhvZD0iUE9TVCIgR3VpZD0iNGYyNDE0NDktZWIxMy00ZmFiLWJhMjAtMGRhZTE4Y2QxNzc4IiBWZXJzaW9uPSIxLjEiIFVybD0iaHR0cDovLzEwLjExLjM2LjExNDo4MDA3L092ZXJUaW1lL092ZXJ0aW1lUHJlT3JkZXIuYXNweCIgVGhpbmtUaW1lPSI4MiIgVGltZW91dD0iMzAwIiBQYXJzZURlcGVuZGVudFJlcXVlc3RzPSJUcnVlIiBGb2xsb3dSZWRpcmVjdHM9IlRydWUiIFJlY29yZFJlc3VsdD0iVHJ1ZSIgQ2FjaGU9IkZhbHNlIiBSZXNwb25zZVRpbWVHb2FsPSIwIiBFbmNvZGluZz0idXRmLTgiIEV4cGVjdGVkSHR0cFN0YXR1c0NvZGU9IjAiIEV4cGVjdGVkUmVzcG9uc2VVcmw9IiIgUmVwb3J0aW5nTmFtZT0iIiBJZ25vcmVIdHRwU3RhdHVzQ29kZT0iRmFsc2UiPg0KICAgICAgPEV4dHJhY3Rpb25SdWxlcz4NCiAgICAgICAgPEV4dHJhY3Rpb25SdWxlIENsYXNzbmFtZT0iTWljcm9zb2Z0LlZpc3VhbFN0dWRpby5UZXN0VG9vbHMuV2ViVGVzdGluZy5SdWxlcy5FeHRyYWN0SGlkZGVuRmllbGRzLCBNaWNyb3NvZnQuVmlzdWFsU3R1ZGlvLlF1YWxpdHlUb29scy5XZWJUZXN0RnJhbWV3b3JrLCBWZXJzaW9uPTEwLjAuMC4wLCBDdWx0dXJlPW5ldXRyYWwsIFB1YmxpY0tleVRva2VuPWIwM2Y1ZjdmMTFkNTBhM2EiIFZhcmlhYmxlTmFtZT0iMSIgRGlzcGxheU5hbWU9IuaTt+WPlumaseiXj+ashOS9jSIgRGVzY3JpcHRpb249IuaTt+WPluWbnuaHieS4reeahOaJgOaciemaseiXj+ashOS9je+8jOS4puWwh+Wug+WAkeaUvuWcqOa4rOippuWFp+WuueS4reOAgiI+DQogICAgICAgICAgPFJ1bGVQYXJhbWV0ZXJzPg0KICAgICAgICAgICAgPFJ1bGVQYXJhbWV0ZXIgTmFtZT0iUmVxdWlyZWQiIFZhbHVlPSJUcnVlIiAvPg0KICAgICAgICAgICAgPFJ1bGVQYXJhbWV0ZXIgTmFtZT0iSHRtbERlY29kZSIgVmFsdWU9IlRydWUiIC8+DQogICAgICAgICAgPC9SdWxlUGFyYW1ldGVycz4NCiAgICAgICAgPC9FeHRyYWN0aW9uUnVsZT4NCiAgICAgIDwvRXh0cmFjdGlvblJ1bGVzPg0KICAgICAgPENvcnJlbGF0aW9uRXh0cmFjdGlvblJ1bGVzPg0KICAgICAgICA8RXh0cmFjdGlvblJ1bGUgQ2xhc3NuYW1lPSJNaWNyb3NvZnQuVmlzdWFsU3R1ZGlvLlRlc3RUb29scy5XZWJUZXN0aW5nLlJ1bGVzLkV4dHJhY3RGb3JtRmllbGQsIE1pY3Jvc29mdC5WaXN1YWxTdHVkaW8uUXVhbGl0eVRvb2xzLldlYlRlc3RGcmFtZXdvcmssIFZlcnNpb249MTAuMC4wLjAsIEN1bHR1cmU9bmV1dHJhbCwgUHVibGljS2V5VG9rZW49YjAzZjVmN2YxMWQ1MGEzYSIgVmFyaWFibGVOYW1lPSJGb3JtUG9zdFBhcmFtMjkuYnRuVXBkYXRlIiBEaXNwbGF5TmFtZT0iIiBEZXNjcmlwdGlvbj0iIj4NCiAgICAgICAgICA8UnVsZVBhcmFtZXRlcnM+DQogICAgICAgICAgICA8UnVsZVBhcmFtZXRlciBOYW1lPSJOYW1lIiBWYWx1ZT0iYnRuVXBkYXRlIiAvPg0KICAgICAgICAgICAgPFJ1bGVQYXJhbWV0ZXIgTmFtZT0iSHRtbERlY29kZSIgVmFsdWU9IlRydWUiIC8+DQogICAgICAgICAgICA8UnVsZVBhcmFtZXRlciBOYW1lPSJSZXF1aXJlZCIgVmFsdWU9IkZhbHNlIiAvPg0KICAgICAgICAgICAgPFJ1bGVQYXJhbWV0ZXIgTmFtZT0iSW5kZXgiIFZhbHVlPSIwIiAvPg0KICAgICAgICAgIDwvUnVsZVBhcmFtZXRlcnM+DQogICAgICAgIDwvRXh0cmFjdGlvblJ1bGU+DQogICAgICAgIDxFeHRyYWN0aW9uUnVsZSBDbGFzc25hbWU9Ik1pY3Jvc29mdC5WaXN1YWxTdHVkaW8uVGVzdFRvb2xzLldlYlRlc3RpbmcuUnVsZXMuRXh0cmFjdEZvcm1GaWVsZCwgTWljcm9zb2Z0LlZpc3VhbFN0dWRpby5RdWFsaXR5VG9vbHMuV2ViVGVzdEZyYW1ld29yaywgVmVyc2lvbj0xMC4wLjAuMCwgQ3VsdHVyZT1uZXV0cmFsLCBQdWJsaWNLZXlUb2tlbj1iMDNmNWY3ZjExZDUwYTNhIiBWYXJpYWJsZU5hbWU9IkZvcm1Qb3N0UGFyYW0zMC50eHRPVEVtcElEIiBEaXNwbGF5TmFtZT0iIiBEZXNjcmlwdGlvbj0iIj4NCiAgICAgICAgICA8UnVsZVBhcmFtZXRlcnM+DQogICAgICAgICAgICA8UnVsZVBhcmFtZXRlciBOYW1lPSJOYW1lIiBWYWx1ZT0idHh0T1RFbXBJRCIgLz4NCiAgICAgICAgICAgIDxSdWxlUGFyYW1ldGVyIE5hbWU9Ikh0bWxEZWNvZGUiIFZhbHVlPSJUcnVlIiAvPg0KICAgICAgICAgICAgPFJ1bGVQYXJhbWV0ZXIgTmFtZT0iUmVxdWlyZWQiIFZhbHVlPSJGYWxzZSIgLz4NCiAgICAgICAgICAgIDxSdWxlUGFyYW1ldGVyIE5hbWU9IkluZGV4IiBWYWx1ZT0iMCIgLz4NCiAgICAgICAgICA8L1J1bGVQYXJhbWV0ZXJzPg0KICAgICAgICA8L0V4dHJhY3Rpb25SdWxlPg0KICAgICAgICA8RXh0cmFjdGlvblJ1bGUgQ2xhc3NuYW1lPSJNaWNyb3NvZnQuVmlzdWFsU3R1ZGlvLlRlc3RUb29scy5XZWJUZXN0aW5nLlJ1bGVzLkV4dHJhY3RUZXh0LCBNaWNyb3NvZnQuVmlzdWFsU3R1ZGlvLlF1YWxpdHlUb29scy5XZWJUZXN0RnJhbWV3b3JrLCBWZXJzaW9uPTEwLjAuMC4wLCBDdWx0dXJlPW5ldXRyYWwsIFB1YmxpY0tleVRva2VuPWIwM2Y1ZjdmMTFkNTBhM2EiIFZhcmlhYmxlTmFtZT0iRm9ybVBvc3RQYXJhbTMxLmRkbFF1ZXJ5Q29uZGl0aW9ucyIgRGlzcGxheU5hbWU9IiIgRGVzY3JpcHRpb249IiI+DQogICAgICAgICAgPFJ1bGVQYXJhbWV0ZXJzPg0KICAgICAgICAgICAgPFJ1bGVQYXJhbWV0ZXIgTmFtZT0iU3RhcnRzV2l0aCIgVmFsdWU9InMmcXVvdDs6WyZxdW90OyIgLz4NCiAgICAgICAgICAgIDxSdWxlUGFyYW1ldGVyIE5hbWU9IkVuZHNXaXRoIiBWYWx1ZT0iJnF1b3Q7LCZxdW90OzEmcXVvdDsiIC8+DQogICAgICAgICAgICA8UnVsZVBhcmFtZXRlciBOYW1lPSJJbmRleCIgVmFsdWU9IjAiIC8+DQogICAgICAgICAgICA8UnVsZVBhcmFtZXRlciBOYW1lPSJJZ25vcmVDYXNlIiBWYWx1ZT0iRmFsc2UiIC8+DQogICAgICAgICAgICA8UnVsZVBhcmFtZXRlciBOYW1lPSJVc2VSZWd1bGFyRXhwcmVzc2lvbiIgVmFsdWU9IkZhbHNlIiAvPg0KICAgICAgICAgICAgPFJ1bGVQYXJhbWV0ZXIgTmFtZT0iSHRtbERlY29kZSIgVmFsdWU9IlRydWUiIC8+DQogICAgICAgICAgICA8UnVsZVBhcmFtZXRlciBOYW1lPSJSZXF1aXJlZCIgVmFsdWU9IkZhbHNlIiAvPg0KICAgICAgICAgIDwvUnVsZVBhcmFtZXRlcnM+DQogICAgICAgIDwvRXh0cmFjdGlvblJ1bGU+DQogICAgICAgIDxFeHRyYWN0aW9uUnVsZSBDbGFzc25hbWU9Ik1pY3Jvc29mdC5WaXN1YWxTdHVkaW8uVGVzdFRvb2xzLldlYlRlc3RpbmcuUnVsZXMuRXh0cmFjdFRleHQsIE1pY3Jvc29mdC5WaXN1YWxTdHVkaW8uUXVhbGl0eVRvb2xzLldlYlRlc3RGcmFtZXdvcmssIFZlcnNpb249MTAuMC4wLjAsIEN1bHR1cmU9bmV1dHJhbCwgUHVibGljS2V5VG9rZW49YjAzZjVmN2YxMWQ1MGEzYSIgVmFyaWFibGVOYW1lPSJGb3JtUG9zdFBhcmFtMzIuZGRsT1RTdGF0dXMiIERpc3BsYXlOYW1lPSIiIERlc2NyaXB0aW9uPSIiPg0KICAgICAgICAgIDxSdWxlUGFyYW1ldGVycz4NCiAgICAgICAgICAgIDxSdWxlUGFyYW1ldGVyIE5hbWU9IlN0YXJ0c1dpdGgiIFZhbHVlPSImcXVvdDswJnF1b3Q7LCZxdW90OyIgLz4NCiAgICAgICAgICAgIDxSdWxlUGFyYW1ldGVyIE5hbWU9IkVuZHNXaXRoIiBWYWx1ZT0iJnF1b3Q7LCZxdW90OzImcXVvdDsiIC8+DQogICAgICAgICAgICA8UnVsZVBhcmFtZXRlciBOYW1lPSJJbmRleCIgVmFsdWU9IjAiIC8+DQogICAgICAgICAgICA8UnVsZVBhcmFtZXRlciBOYW1lPSJJZ25vcmVDYXNlIiBWYWx1ZT0iRmFsc2UiIC8+DQogICAgICAgICAgICA8UnVsZVBhcmFtZXRlciBOYW1lPSJVc2VSZWd1bGFyRXhwcmVzc2lvbiIgVmFsdWU9IkZhbHNlIiAvPg0KICAgICAgICAgICAgPFJ1bGVQYXJhbWV0ZXIgTmFtZT0iSHRtbERlY29kZSIgVmFsdWU9IlRydWUiIC8+DQogICAgICAgICAgICA8UnVsZVBhcmFtZXRlciBOYW1lPSJSZXF1aXJlZCIgVmFsdWU9IkZhbHNlIiAvPg0KICAgICAgICAgIDwvUnVsZVBhcmFtZXRlcnM+DQogICAgICAgIDwvRXh0cmFjdGlvblJ1bGU+DQogICAgICA8L0NvcnJlbGF0aW9uRXh0cmFjdGlvblJ1bGVzPg0KICAgICAgPEZvcm1Qb3N0SHR0cEJvZHk+DQogICAgICAgIDxGb3JtUG9zdFBhcmFtZXRlciBOYW1lPSJUb29sa2l0U2NyaXB0TWFuYWdlcjFfSGlkZGVuRmllbGQiIFZhbHVlPSI7O0FqYXhDb250cm9sVG9vbGtpdCwgVmVyc2lvbj00LjEuNy42MDcsIEN1bHR1cmU9bmV1dHJhbCwgUHVibGljS2V5VG9rZW49MjhmMDFiMGU4NGI2ZDUzZTp6aC1IYW50OjdiOTVlZDFhLTZhM2YtNDFkZC1iYzViLTYzZjM5ZWRiYzRiNDpkZTFmZWFiMjpmY2YwZTk5MzpmMmM4ZTcwODo3MjBhNTJiZjpmOWNlYzliYzo1ODllYWEzMDo2OTgxMjljZjpmYjliNGM1NzpjY2I5NmNmOTphNjdjMjcwMDo4NjEzYWVhNzozMjAyYTVhMjphYjA5ZTNmZTo4NzEwNGI3YzpiZTZmYjI5OCIgUmVjb3JkZWRWYWx1ZT0iOztBamF4Q29udHJvbFRvb2xraXQsIFZlcnNpb249NC4xLjcuNjA3LCBDdWx0dXJlPW5ldXRyYWwsIFB1YmxpY0tleVRva2VuPTI4ZjAxYjBlODRiNmQ1M2U6emgtSGFudDo3Yjk1ZWQxYS02YTNmLTQxZGQtYmM1Yi02M2YzOWVkYmM0YjQ6ZGUxZmVhYjI6ZmNmMGU5OTM6ZjJjOGU3MDg6NzIwYTUyYmY6ZjljZWM5YmM6NTg5ZWFhMzA6Njk4MTI5Y2Y6ZmI5YjRjNTc6Y2NiOTZjZjk6YTY3YzI3MDA6ODYxM2FlYTc6MzIwMmE1YTI6YWIwOWUzZmU6ODcxMDRiN2M6YmU2ZmIyOTgiIENvcnJlbGF0aW9uQmluZGluZz0iIiBVcmxFbmNvZGU9IlRydWUiIC8+DQogICAgICAgIDxGb3JtUG9zdFBhcmFtZXRlciBOYW1lPSJfX0VWRU5UVEFSR0VUIiBWYWx1ZT0ie3skSElEREVOMS5fX0VWRU5UVEFSR0VUfX0iIFJlY29yZGVkVmFsdWU9IiIgQ29ycmVsYXRpb25CaW5kaW5nPSIiIFVybEVuY29kZT0iVHJ1ZSIgLz4NCiAgICAgICAgPEZvcm1Qb3N0UGFyYW1ldGVyIE5hbWU9Il9fRVZFTlRBUkdVTUVOVCIgVmFsdWU9Int7JEhJRERFTjEuX19FVkVOVEFSR1VNRU5UfX0iIFJlY29yZGVkVmFsdWU9IiIgQ29ycmVsYXRpb25CaW5kaW5nPSIiIFVybEVuY29kZT0iVHJ1ZSIgLz4NCiAgICAgICAgPEZvcm1Qb3N0UGFyYW1ldGVyIE5hbWU9Il9fTEFTVEZPQ1VTIiBWYWx1ZT0ie3skSElEREVOMS5fX0xBU1RGT0NVU319IiBSZWNvcmRlZFZhbHVlPSIiIENvcnJlbGF0aW9uQmluZGluZz0iIiBVcmxFbmNvZGU9IlRydWUiIC8+DQogICAgICAgIDxGb3JtUG9zdFBhcmFtZXRlciBOYW1lPSJfX1ZTVEFURSIgVmFsdWU9Int7JEhJRERFTjEuX19WU1RBVEV9fSIgUmVjb3JkZWRWYWx1ZT0iQVIrTENBQUFBQUFBQkFDdFY5MXpFMVVVVDVadUd0S1BGR3hpUmQxZEhweHRwNlJrazZnRHRROGtLVFlqSmRnR0hpeE1acHQ3dTFtNzNjMWtiMHZqRXo0VUZIR0FvZWhnWjV4eFJnRkJIQjFmS2pLT2Y0SVBQdmpNa0xSOThrL0FlL2NqMlNaTEJrcTMwK1RtbkhQUDczemZ2VSs5d1FFdjdaT1dKa1ZaRGI0MzdPbW1mS0dBUDV0TGFRdWxUTG96bXhzbjM3NXNMaTBpaUw5eThnTHN6dWFta1lnVzlaUGlBdXpDTkEySkNtRmc4ZHl5bWtuN2JRRzhPSzZWRjA1bUE4Y1Y3WHhLMUNGbVVrL3hFd1JCT2lBY2ljY0U0WjIzRTRsZ09NejQwckNFTW1uNkFCK05SdDhYb3Z3aFl4RjFMSmo5MmJKRVZKMlFkWVNYSWdhaktaNW5ldk9uUkFsbWRJSjJRcE9LVE1naWZMZ0l5NVZwVkpaVnlhRDdUTWRvMy9TcGllUUhBblBRa2p1MmlMUmpwWkpTR1YrWWhZRFFVcnFlVWtSZGx4amVraUV4UXZoL3VsRFdGT1dVcHN0STF0U3NpbGNvS1JibUpTWmd1a0FzaEV5WHcxYjZYcThPRlZoQVhEb3puY3VjVE9XNEFvNEd4NTB2UXBYTEpxSWpwMHVXUDV5c2M2cUdPSFZSVVRqVXlvWUszc2Z6SEZRQkorcUVXZWNka25XeWE1QnNzRWs4UDJTSjJSUW5jTHc5Y0x3ZGNOd0ZPTjRLSEhjRmpyVUhqclVEanJrQXgxcUJZNjdBUW50Z29RVjQwTmh0Ym02N2Q5REtjRU5rcnF3dGNIQmlhbkk2bmN4bmNsUHBrUmt3cTUwYm1URUU1RTlFVWora1JNNFIvV1hJV1J2SG5FQkRoaG1tKzBQMUdBaU9HRGpjSXlZKzI3a1czK3pvQ2R1ajF3QjVCa1M3Q0xiTFhHdmlIQWJiaWNPa05rSXVKcnZVZ0VzOXV2Y0dlUWhvV2p1dk5xTWFUanNDYXJqZjhOUlltUjQrWGwxOXZIcUI1NFliMHNOOGhLLy9KSU9TQk1IRmVsTk9jQWk2K0dNS3hkeUU0azFDY1RlaFJKTlF3aW5rRmdYRDRCY28zeXlud0RuRWZheko2dlB1U0VRNWpWUVR0bVZLVTJCS0EzQ01UMFI1VHNURjRyQ1lHOHZXbHk4TUVyZEE0azZRdUEwUzN4MlFtQVVTYzRMRWJKRFk3b0FJRm9qZ0JCRnNFR0YzUUN3TUowU1VOd0JjOVZ0RHF6Rng4QkFrVFp3dEExam1aaXZPVThkeERqZ21zMlBFMUx1ZVl6cnh5amcxL2ZhckFCTzB6MkNJeEp3bzZWS1lvdllFUWJnZmZ3YkRGRDd2VDhoU0VTVzE1V1FaaXZQanFqaXJRRkFFWVdvT1MzVlFYa09xODR5c3k1aFJCSUNpRFVwSERpNGplbUR6MXMyTmF4ZWZyRC80NzlHVnpmdGZiTno5c3Zybnl1TUx0N0hjVzBTTzdhRzdhNytzYi81NmJldnloYzN2cm1ENmtFVVBQbm40c0hwNWJmTzNTN1dIMTdBZXpJcFlyQkJtRWZyTjlkcU5iMnFYUHQ5WXZidHg1em9XT0J5MERDTk85QUVROXM0QlNyQ0pQa0lNaHYxTUwzN3BFcytJeWlJOExrTUYwQjBrSlV3UG9SS3pUYUtmRUVtL01sMzVnNFNWMUJaVklER2Q5UmowaGFoOUVmeGd4N1kreGFaY0lqL0M1aXRWcE1uNkVPWHhtWnorNFQyVUpCbVcwWVk1Yks5cEFCdHNZTEo5RXJ0dkZ4QTZkNDRnUkNPYlg5M2JXdmxwNC9iVjZtYy80Z0RiQ0lJVElXNUgxMjlGRjRNRkd2V0pJWHUyVGI4NnJyY1ZOK1QxWU0zZXB1QUVHaVcrYzIyZERXMnhsOWUyMTliVzVUamZkcTd1WGFOaUthT2hTTnNGY01tUmV3RjU2eFlSM1YzQno5bkRrNU5uRHdQQUJQTDREbEJHeHIzQjg1ZDhaZTJmdi8yTVB6K3VBb3VVN0dBZi9PdkhLakw2RkJSQlZsVXFSU3lRMHpSOG1TalJrWm10UDc2dDNiaDhqcXRlZjFTOWVyLzI5USsxdFl1NFAyZTIxbTRaOU5yNnl0YXQ3NnNyZDZvLy8yNzJPREhQaTMwR3BOYzF0YURJaFhuNm85TklWdktwNGp3ZURqbE5raFJvVEFGWmtWRmxrRWZMeUx6Y0pLRWtxL2xDY2I3QjVROXh6WHdnTDVFZU80YUhERDgwQ25BdlUyU00wRHFxS0pCbWwyQVp5UVZSaVlpS0xLbEhrVllhWGFxck96cmFHRVE3OHhMdkRHZ3FtRlZNejNwUlVkWkhsc2lBR09QNVVZQ1RFdll4UHRkMDdHM0p4Z1FaRWR1U01VSHFENmVWM2I5OU0vdEtQWU5zZnoxemJLaklobDgyVGV5cjlKbm55dysydFUxMkNOYzlOK3pBYzZlRmZlMkY4OEVlY004QyszcFRDTitvaDUxOTB4SHZJK1RTdlkveTlvVTk1Sys3ZjlqakFkU29FYUtPb0JHaEFib0h5SHBKRVN0SFZVMkZvK0IvTzdXbjlMVVBBQUE9IiBDb3JyZWxhdGlvbkJpbmRpbmc9IiIgVXJsRW5jb2RlPSJUcnVlIiAvPg0KICAgICAgICA8Rm9ybVBvc3RQYXJhbWV0ZXIgTmFtZT0iX19WSUVXU1RBVEUiIFZhbHVlPSJ7eyRISURERU4xLl9fVklFV1NUQVRFfX0iIFJlY29yZGVkVmFsdWU9IiIgQ29ycmVsYXRpb25CaW5kaW5nPSIiIFVybEVuY29kZT0iVHJ1ZSIgLz4NCiAgICAgICAgPEZvcm1Qb3N0UGFyYW1ldGVyIE5hbWU9Il9fU0NST0xMUE9TSVRJT05YIiBWYWx1ZT0ie3skSElEREVOMS5fX1NDUk9MTFBPU0lUSU9OWH19IiBSZWNvcmRlZFZhbHVlPSIwIiBDb3JyZWxhdGlvbkJpbmRpbmc9IiIgVXJsRW5jb2RlPSJUcnVlIiAvPg0KICAgICAgICA8Rm9ybVBvc3RQYXJhbWV0ZXIgTmFtZT0iX19TQ1JPTExQT1NJVElPTlkiIFZhbHVlPSJ7eyRISURERU4xLl9fU0NST0xMUE9TSVRJT05ZfX0iIFJlY29yZGVkVmFsdWU9IjAiIENvcnJlbGF0aW9uQmluZGluZz0iIiBVcmxFbmNvZGU9IlRydWUiIC8+DQogICAgICAgIDxGb3JtUG9zdFBhcmFtZXRlciBOYW1lPSJfX1ZJRVdTVEFURUVOQ1JZUFRFRCIgVmFsdWU9Int7JEhJRERFTjEuX19WSUVXU1RBVEVFTkNSWVBURUR9fSIgUmVjb3JkZWRWYWx1ZT0iIiBDb3JyZWxhdGlvbkJpbmRpbmc9IiIgVXJsRW5jb2RlPSJUcnVlIiAvPg0KICAgICAgICA8Rm9ybVBvc3RQYXJhbWV0ZXIgTmFtZT0iX19FVkVOVFZBTElEQVRJT04iIFZhbHVlPSJ7eyRISURERU4xLl9fRVZFTlRWQUxJREFUSU9OfX0iIFJlY29yZGVkVmFsdWU9IjdJWlNlZW5wbkFKbXZjTk1CRjBINnFHQUVsMjRYb0Z6UEpXaVN3YU9sQ2NvdE4yRHNWS2phV0g0SVRlUEJLcGNiTzFyalFaQVU1S2NNcld1Nk03eEVqYlpZS3JRNklRUjNDVS9FUW9xUHBnSEhYWkZZMGFVRlA0Mk51QytqY1g2d24rYnpwanJpY056bXM2cTRmQXVCSzZIcVVOeGNZUWtsMTIxVzNJcWNKMHFEclRsSGkvd2JwSzgxMmJYVkVGdEJuNnF5UG9kYlp2a3VPejgrSU9wZnFmcExvbW81Tmo2SGZmUlBSVFFwdjA5WHFRcU9YMThnRFQ1eWp0SytWQVFYOWJEY3FQcWFpQlJKeTRxaWRkUHNJTWFFanpjOExlaEJYV1lINWU0SXBmaVhRYlpMUG4xd1QvbTc5VUxBTERTS2JOUU0wNmRMRE1JNlRGOW96dTkyMXh4QldvditJMjkwaXRPZXhvWVNscG5kbldRdmt5TURNTTMySTBLazFSVUk1bC9OMjhiVFRJTXB3TjdlMCs0TlJ6VGNJMDhTUmNWT2l3dEVMQUQzY0Fha2tVYm1zMWNZdkpKckd2YW9PSWhPN1ZxanBwajZJeW1oQmFTM1crajJaV1IzUU1rbWdtaWdnMXZ2M0lHM0JDSVhtbDB4QVJabmc4Sm8vTXhqTjQxYmhZZFVTWk5SWFpneG5xSDlvaThuSW1hYzBEdXkrbGMrVW85VzJhM0FvTHhBR0xPU1hnK2hVT3BSOFNQMjk0K1lDMC81bU0rWHhPZnJCWEkveFB5bTIvQXpTYXgzeW1ubkNRRVl2NXN6Z1VMbGJ2bTlSZjlZTGo5VnZJeXdhMU9ZalBleWVvSkxjY1JlNkh4R3U1aWprZStuSnljYjJrVnpLN3hmWlNLUG5qQ0x2ejRIUWo5Wk5jcXZNK2ExdldDVThveVVvZmdjR1YxUFpnRFlYZmkvc05sd2NucjdqWHlHc2VWYllxbVFHNHVDdEFlZFhoRDloaktwQWdoZU1SZ3J5TWlLRU03VloycCttQWhERnVudWNyellIUmd4Yis3ejlxUHZTd2MwbkJLUEMyazdkdzY5dUtzTnI3ZnhtMzFDS3Qzc2JxM1FGVENFL1JHSEVjaVI4VHZPQzFVc2dmVTU2OTFjZWptWW9ac3BCZXRzeE96eFpiMG9wNmN0SmM0N3VvNWN6MkJMMGtvVHdZalhRMzJoMVM0L2lMbGFpMHExQ0NTSE5zUHVSVjFkcHV1TFNxZVQzQ2kyb1hNa1JteFZ2MURVY3k5UnNha3pURnV5aTJteW9CbVhIUXFUdXc0Vi9yVk9EUHFwdW5GTWpBTjdHZEJkTm5xVURpalJ3RlZOWkNnZ3V3c2RZdWQrYnlERDFwRGU3c0hvN2lSWC9CMHZmMUMyUy9abDl6VWxUWHlFaUhidUJLdzlqYXFRZ2ZXYnk4NUUxQkNESWpVdVNXTDd4cmIvN3hoT0FpRE90bGJnZXBmNzcvWlhlT2VlTlNsV01mWGJ1amdNRXppRUpEdGlON0N4S3FNMTRzQmxRT0dzMzdScTN1N3Y4MD0iIENvcnJlbGF0aW9uQmluZGluZz0iIiBVcmxFbmNvZGU9IlRydWUiIC8+DQogICAgICAgIDxGb3JtUG9zdFBhcmFtZXRlciBOYW1lPSJTY3JlZW5XaWR0aCIgVmFsdWU9Int7JEhJRERFTjEuU2NyZWVuV2lkdGh9fSIgUmVjb3JkZWRWYWx1ZT0iIiBDb3JyZWxhdGlvbkJpbmRpbmc9IiIgVXJsRW5jb2RlPSJUcnVlIiAvPg0KICAgICAgICA8Rm9ybVBvc3RQYXJhbWV0ZXIgTmFtZT0iU2NyZWVuSGVpZ2h0IiBWYWx1ZT0ie3skSElEREVOMS5TY3JlZW5IZWlnaHR9fSIgUmVjb3JkZWRWYWx1ZT0iIiBDb3JyZWxhdGlvbkJpbmRpbmc9IiIgVXJsRW5jb2RlPSJUcnVlIiAvPg0KICAgICAgICA8Rm9ybVBvc3RQYXJhbWV0ZXIgTmFtZT0iYnRuUXVlcnkiIFZhbHVlPSLmn6XoqaIiIFJlY29yZGVkVmFsdWU9IuafpeipoiIgQ29ycmVsYXRpb25CaW5kaW5nPSJ7e0Zvcm1Qb3N0UGFyYW0zMy5idG5RdWVyeX19IiBVcmxFbmNvZGU9IlRydWUiIC8+DQogICAgICAgIDxGb3JtUG9zdFBhcmFtZXRlciBOYW1lPSJkZGxPcmdBbmRGbG93IiBWYWx1ZT0iIiBSZWNvcmRlZFZhbHVlPSIiIENvcnJlbGF0aW9uQmluZGluZz0iIiBVcmxFbmNvZGU9IlRydWUiIC8+DQogICAgICAgIDxGb3JtUG9zdFBhcmFtZXRlciBOYW1lPSJkZGxRdWVyeUNvbmRpdGlvbnMiIFZhbHVlPSIwIiBSZWNvcmRlZFZhbHVlPSIwIiBDb3JyZWxhdGlvbkJpbmRpbmc9Int7Rm9ybVBvc3RQYXJhbTM1LmRkbFF1ZXJ5Q29uZGl0aW9uc319IiBVcmxFbmNvZGU9IlRydWUiIC8+DQogICAgICAgIDxGb3JtUG9zdFBhcmFtZXRlciBOYW1lPSJ0eHRPVEVtcElEIiBWYWx1ZT0iMTAyMTE5IiBSZWNvcmRlZFZhbHVlPSIxMDIxMTkiIENvcnJlbGF0aW9uQmluZGluZz0ie3tGb3JtUG9zdFBhcmFtMzQudHh0T1RFbXBJRH19IiBVcmxFbmNvZGU9IlRydWUiIC8+DQogICAgICAgIDxGb3JtUG9zdFBhcmFtZXRlciBOYW1lPSJ0eHRPVEVtcE5hbWUiIFZhbHVlPSIiIFJlY29yZGVkVmFsdWU9IiIgQ29ycmVsYXRpb25CaW5kaW5nPSIiIFVybEVuY29kZT0iVHJ1ZSIgLz4NCiAgICAgICAgPEZvcm1Qb3N0UGFyYW1ldGVyIE5hbWU9InR4dE9URm9ybU5PIiBWYWx1ZT0iIiBSZWNvcmRlZFZhbHVlPSIiIENvcnJlbGF0aW9uQmluZGluZz0iIiBVcmxFbmNvZGU9IlRydWUiIC8+DQogICAgICAgIDxGb3JtUG9zdFBhcmFtZXRlciBOYW1lPSJkZGxPVFN0YXR1cyIgVmFsdWU9IjEiIFJlY29yZGVkVmFsdWU9IjEiIENvcnJlbGF0aW9uQmluZGluZz0ie3tGb3JtUG9zdFBhcmFtMzYuZGRsT1RTdGF0dXN9fSIgVXJsRW5jb2RlPSJUcnVlIiAvPg0KICAgICAgICA8Rm9ybVBvc3RQYXJhbWV0ZXIgTmFtZT0idHh0T1REYXRlQmVnaW4kdHh0RGF0ZSIgVmFsdWU9IiIgUmVjb3JkZWRWYWx1ZT0iIiBDb3JyZWxhdGlvbkJpbmRpbmc9IiIgVXJsRW5jb2RlPSJUcnVlIiAvPg0KICAgICAgICA8Rm9ybVBvc3RQYXJhbWV0ZXIgTmFtZT0idHh0T1REYXRlRW5kJHR4dERhdGUiIFZhbHVlPSIiIFJlY29yZGVkVmFsdWU9IiIgQ29ycmVsYXRpb25CaW5kaW5nPSIiIFVybEVuY29kZT0iVHJ1ZSIgLz4NCiAgICAgICAgPEZvcm1Qb3N0UGFyYW1ldGVyIE5hbWU9InVjTW9kYWxQb3B1cDEkQ2xpZW50V2lkdGgiIFZhbHVlPSJ7eyRISURERU4xLnVjTW9kYWxQb3B1cDEkQ2xpZW50V2lkdGh9fSIgUmVjb3JkZWRWYWx1ZT0iMCIgQ29ycmVsYXRpb25CaW5kaW5nPSIiIFVybEVuY29kZT0iVHJ1ZSIgLz4NCiAgICAgICAgPEZvcm1Qb3N0UGFyYW1ldGVyIE5hbWU9InVjTW9kYWxQb3B1cDEkQ2xpZW50SGVpZ2h0IiBWYWx1ZT0ie3skSElEREVOMS51Y01vZGFsUG9wdXAxJENsaWVudEhlaWdodH19IiBSZWNvcmRlZFZhbHVlPSIwIiBDb3JyZWxhdGlvbkJpbmRpbmc9IiIgVXJsRW5jb2RlPSJUcnVlIiAvPg0KICAgICAgPC9Gb3JtUG9zdEh0dHBCb2R5Pg0KICAgIDwvUmVxdWVzdD4NCiAgICA8UmVxdWVzdCBNZXRob2Q9IlBPU1QiIEd1aWQ9IjA0MmFiZTE5LWIyMGUtNDIzMy1hZTc3LWQ4NzY4MTI2MWM1NCIgVmVyc2lvbj0iMS4xIiBVcmw9Imh0dHA6Ly8xMC4xMS4zNi4xMTQ6ODAwNy9PdmVyVGltZS9PdmVydGltZVByZU9yZGVyLmFzcHgiIFRoaW5rVGltZT0iNDEiIFRpbWVvdXQ9IjMwMCIgUGFyc2VEZXBlbmRlbnRSZXF1ZXN0cz0iVHJ1ZSIgRm9sbG93UmVkaXJlY3RzPSJUcnVlIiBSZWNvcmRSZXN1bHQ9IlRydWUiIENhY2hlPSJGYWxzZSIgUmVzcG9uc2VUaW1lR29hbD0iMCIgRW5jb2Rpbmc9InV0Zi04IiBFeHBlY3RlZEh0dHBTdGF0dXNDb2RlPSIwIiBFeHBlY3RlZFJlc3BvbnNlVXJsPSJodHRwOi8vMTAuMTEuMzYuMTE0OjgwMDcvT3ZlclRpbWUvT3ZlcnRpbWVQcmVPcmRlcl9Nb2RpZnkuYXNweD9PVENvbXBJRD1TUEhCSzEmYW1wO09URW1wSUQ9MTAyMTE5JmFtcDtPVFN0YXJ0RGF0ZT0yMDE3LzA1LzExJmFtcDtPVEVuZERhdGU9MjAxNy8wNS8xMSZhbXA7T1RTdGFydFRpbWU9MDAwMCZhbXA7T1RFbmRUaW1lPTAxMDAmYW1wO09UVHhuSUQ9U1BIQksxMTAyMTE5MjAxNzA1MTE1NSZhbXA7T1RGb3JtTk89MjAxNzA1MTE2MDEwMjExOSIgUmVwb3J0aW5nTmFtZT0iIiBJZ25vcmVIdHRwU3RhdHVzQ29kZT0iRmFsc2UiPg0KICAgICAgPEV4dHJhY3Rpb25SdWxlcz4NCiAgICAgICAgPEV4dHJhY3Rpb25SdWxlIENsYXNzbmFtZT0iTWljcm9zb2Z0LlZpc3VhbFN0dWRpby5UZXN0VG9vbHMuV2ViVGVzdGluZy5SdWxlcy5FeHRyYWN0SGlkZGVuRmllbGRzLCBNaWNyb3NvZnQuVmlzdWFsU3R1ZGlvLlF1YWxpdHlUb29scy5XZWJUZXN0RnJhbWV3b3JrLCBWZXJzaW9uPTEwLjAuMC4wLCBDdWx0dXJlPW5ldXRyYWwsIFB1YmxpY0tleVRva2VuPWIwM2Y1ZjdmMTFkNTBhM2EiIFZhcmlhYmxlTmFtZT0iMSIgRGlzcGxheU5hbWU9IuaTt+WPlumaseiXj+ashOS9jSIgRGVzY3JpcHRpb249IuaTt+WPluWbnuaHieS4reeahOaJgOaciemaseiXj+ashOS9je+8jOS4puWwh+Wug+WAkeaUvuWcqOa4rOippuWFp+WuueS4reOAgiI+DQogICAgICAgICAgPFJ1bGVQYXJhbWV0ZXJzPg0KICAgICAgICAgICAgPFJ1bGVQYXJhbWV0ZXIgTmFtZT0iUmVxdWlyZWQiIFZhbHVlPSJUcnVlIiAvPg0KICAgICAgICAgICAgPFJ1bGVQYXJhbWV0ZXIgTmFtZT0iSHRtbERlY29kZSIgVmFsdWU9IlRydWUiIC8+DQogICAgICAgICAgPC9SdWxlUGFyYW1ldGVycz4NCiAgICAgICAgPC9FeHRyYWN0aW9uUnVsZT4NCiAgICAgICAgPEV4dHJhY3Rpb25SdWxlIENsYXNzbmFtZT0iTWljcm9zb2Z0LlZpc3VhbFN0dWRpby5UZXN0VG9vbHMuV2ViVGVzdGluZy5SdWxlcy5FeHRyYWN0VGV4dCwgTWljcm9zb2Z0LlZpc3VhbFN0dWRpby5RdWFsaXR5VG9vbHMuV2ViVGVzdEZyYW1ld29yaywgVmVyc2lvbj0xMC4wLjAuMCwgQ3VsdHVyZT1uZXV0cmFsLCBQdWJsaWNLZXlUb2tlbj1iMDNmNWY3ZjExZDUwYTNhIiBWYXJpYWJsZU5hbWU9IlF1ZXJ5U3RyaW5nUGFyYW0yMy5PVFR4bklEIiBEaXNwbGF5TmFtZT0i5pO35Y+W5paH5a2XIiBEZXNjcmlwdGlvbj0i5b6e5Zue5oeJ5Lit5pO35Y+W5paH5a2X77yM5Lim5bCH5a6D5pS+5YWl5ris6Kmm5YWn5a655Lit44CCIj4NCiAgICAgICAgICA8UnVsZVBhcmFtZXRlcnM+DQogICAgICAgICAgICA8UnVsZVBhcmFtZXRlciBOYW1lPSJTdGFydHNXaXRoIiBWYWx1ZT0iJmFtcDthbXA7T1RUeG5JRD0iIC8+DQogICAgICAgICAgICA8UnVsZVBhcmFtZXRlciBOYW1lPSJFbmRzV2l0aCIgVmFsdWU9IiZhbXA7IiAvPg0KICAgICAgICAgICAgPFJ1bGVQYXJhbWV0ZXIgTmFtZT0iSW5kZXgiIFZhbHVlPSIwIiAvPg0KICAgICAgICAgICAgPFJ1bGVQYXJhbWV0ZXIgTmFtZT0iSWdub3JlQ2FzZSIgVmFsdWU9IkZhbHNlIiAvPg0KICAgICAgICAgICAgPFJ1bGVQYXJhbWV0ZXIgTmFtZT0iVXNlUmVndWxhckV4cHJlc3Npb24iIFZhbHVlPSJGYWxzZSIgLz4NCiAgICAgICAgICAgIDxSdWxlUGFyYW1ldGVyIE5hbWU9Ikh0bWxEZWNvZGUiIFZhbHVlPSJUcnVlIiAvPg0KICAgICAgICAgICAgPFJ1bGVQYXJhbWV0ZXIgTmFtZT0iUmVxdWlyZWQiIFZhbHVlPSJGYWxzZSIgLz4NCiAgICAgICAgICA8L1J1bGVQYXJhbWV0ZXJzPg0KICAgICAgICA8L0V4dHJhY3Rpb25SdWxlPg0KICAgICAgPC9FeHRyYWN0aW9uUnVsZXM+DQogICAgICA8Q29ycmVsYXRpb25FeHRyYWN0aW9uUnVsZXM+DQogICAgICAgIDxFeHRyYWN0aW9uUnVsZSBDbGFzc25hbWU9Ik1pY3Jvc29mdC5WaXN1YWxTdHVkaW8uVGVzdFRvb2xzLldlYlRlc3RpbmcuUnVsZXMuRXh0cmFjdFRleHQsIE1pY3Jvc29mdC5WaXN1YWxTdHVkaW8uUXVhbGl0eVRvb2xzLldlYlRlc3RGcmFtZXdvcmssIFZlcnNpb249MTAuMC4wLjAsIEN1bHR1cmU9bmV1dHJhbCwgUHVibGljS2V5VG9rZW49YjAzZjVmN2YxMWQ1MGEzYSIgVmFyaWFibGVOYW1lPSJRdWVyeVN0cmluZ1BhcmFtMTcuT1RDb21wSUQiIERpc3BsYXlOYW1lPSIiIERlc2NyaXB0aW9uPSIiPg0KICAgICAgICAgIDxSdWxlUGFyYW1ldGVycz4NCiAgICAgICAgICAgIDxSdWxlUGFyYW1ldGVyIE5hbWU9IlN0YXJ0c1dpdGgiIFZhbHVlPSI/T1RDb21wSUQ9IiAvPg0KICAgICAgICAgICAgPFJ1bGVQYXJhbWV0ZXIgTmFtZT0iRW5kc1dpdGgiIFZhbHVlPSImYW1wOyIgLz4NCiAgICAgICAgICAgIDxSdWxlUGFyYW1ldGVyIE5hbWU9IkluZGV4IiBWYWx1ZT0iMCIgLz4NCiAgICAgICAgICAgIDxSdWxlUGFyYW1ldGVyIE5hbWU9Iklnbm9yZUNhc2UiIFZhbHVlPSJGYWxzZSIgLz4NCiAgICAgICAgICAgIDxSdWxlUGFyYW1ldGVyIE5hbWU9IlVzZVJlZ3VsYXJFeHByZXNzaW9uIiBWYWx1ZT0iRmFsc2UiIC8+DQogICAgICAgICAgICA8UnVsZVBhcmFtZXRlciBOYW1lPSJIdG1sRGVjb2RlIiBWYWx1ZT0iVHJ1ZSIgLz4NCiAgICAgICAgICAgIDxSdWxlUGFyYW1ldGVyIE5hbWU9IlJlcXVpcmVkIiBWYWx1ZT0iRmFsc2UiIC8+DQogICAgICAgICAgPC9SdWxlUGFyYW1ldGVycz4NCiAgICAgICAgPC9FeHRyYWN0aW9uUnVsZT4NCiAgICAgICAgPEV4dHJhY3Rpb25SdWxlIENsYXNzbmFtZT0iTWljcm9zb2Z0LlZpc3VhbFN0dWRpby5UZXN0VG9vbHMuV2ViVGVzdGluZy5SdWxlcy5FeHRyYWN0VGV4dCwgTWljcm9zb2Z0LlZpc3VhbFN0dWRpby5RdWFsaXR5VG9vbHMuV2ViVGVzdEZyYW1ld29yaywgVmVyc2lvbj0xMC4wLjAuMCwgQ3VsdHVyZT1uZXV0cmFsLCBQdWJsaWNLZXlUb2tlbj1iMDNmNWY3ZjExZDUwYTNhIiBWYXJpYWJsZU5hbWU9IlF1ZXJ5U3RyaW5nUGFyYW0xOC5PVEVtcElEIiBEaXNwbGF5TmFtZT0iIiBEZXNjcmlwdGlvbj0iIj4NCiAgICAgICAgICA8UnVsZVBhcmFtZXRlcnM+DQogICAgICAgICAgICA8UnVsZVBhcmFtZXRlciBOYW1lPSJTdGFydHNXaXRoIiBWYWx1ZT0iJmFtcDthbXA7T1RFbXBJRD0iIC8+DQogICAgICAgICAgICA8UnVsZVBhcmFtZXRlciBOYW1lPSJFbmRzV2l0aCIgVmFsdWU9IiZhbXA7IiAvPg0KICAgICAgICAgICAgPFJ1bGVQYXJhbWV0ZXIgTmFtZT0iSW5kZXgiIFZhbHVlPSIwIiAvPg0KICAgICAgICAgICAgPFJ1bGVQYXJhbWV0ZXIgTmFtZT0iSWdub3JlQ2FzZSIgVmFsdWU9IkZhbHNlIiAvPg0KICAgICAgICAgICAgPFJ1bGVQYXJhbWV0ZXIgTmFtZT0iVXNlUmVndWxhckV4cHJlc3Npb24iIFZhbHVlPSJGYWxzZSIgLz4NCiAgICAgICAgICAgIDxSdWxlUGFyYW1ldGVyIE5hbWU9Ikh0bWxEZWNvZGUiIFZhbHVlPSJUcnVlIiAvPg0KICAgICAgICAgICAgPFJ1bGVQYXJhbWV0ZXIgTmFtZT0iUmVxdWlyZWQiIFZhbHVlPSJGYWxzZSIgLz4NCiAgICAgICAgICA8L1J1bGVQYXJhbWV0ZXJzPg0KICAgICAgICA8L0V4dHJhY3Rpb25SdWxlPg0KICAgICAgICA8RXh0cmFjdGlvblJ1bGUgQ2xhc3NuYW1lPSJNaWNyb3NvZnQuVmlzdWFsU3R1ZGlvLlRlc3RUb29scy5XZWJUZXN0aW5nLlJ1bGVzLkV4dHJhY3RUZXh0LCBNaWNyb3NvZnQuVmlzdWFsU3R1ZGlvLlF1YWxpdHlUb29scy5XZWJUZXN0RnJhbWV3b3JrLCBWZXJzaW9uPTEwLjAuMC4wLCBDdWx0dXJlPW5ldXRyYWwsIFB1YmxpY0tleVRva2VuPWIwM2Y1ZjdmMTFkNTBhM2EiIFZhcmlhYmxlTmFtZT0iUXVlcnlTdHJpbmdQYXJhbTE5Lk9UU3RhcnREYXRlIiBEaXNwbGF5TmFtZT0iIiBEZXNjcmlwdGlvbj0iIj4NCiAgICAgICAgICA8UnVsZVBhcmFtZXRlcnM+DQogICAgICAgICAgICA8UnVsZVBhcmFtZXRlciBOYW1lPSJTdGFydHNXaXRoIiBWYWx1ZT0iJmFtcDthbXA7T1RTdGFydERhdGU9IiAvPg0KICAgICAgICAgICAgPFJ1bGVQYXJhbWV0ZXIgTmFtZT0iRW5kc1dpdGgiIFZhbHVlPSImYW1wOyIgLz4NCiAgICAgICAgICAgIDxSdWxlUGFyYW1ldGVyIE5hbWU9IkluZGV4IiBWYWx1ZT0iMCIgLz4NCiAgICAgICAgICAgIDxSdWxlUGFyYW1ldGVyIE5hbWU9Iklnbm9yZUNhc2UiIFZhbHVlPSJGYWxzZSIgLz4NCiAgICAgICAgICAgIDxSdWxlUGFyYW1ldGVyIE5hbWU9IlVzZVJlZ3VsYXJFeHByZXNzaW9uIiBWYWx1ZT0iRmFsc2UiIC8+DQogICAgICAgICAgICA8UnVsZVBhcmFtZXRlciBOYW1lPSJIdG1sRGVjb2RlIiBWYWx1ZT0iVHJ1ZSIgLz4NCiAgICAgICAgICAgIDxSdWxlUGFyYW1ldGVyIE5hbWU9IlJlcXVpcmVkIiBWYWx1ZT0iRmFsc2UiIC8+DQogICAgICAgICAgPC9SdWxlUGFyYW1ldGVycz4NCiAgICAgICAgPC9FeHRyYWN0aW9uUnVsZT4NCiAgICAgICAgPEV4dHJhY3Rpb25SdWxlIENsYXNzbmFtZT0iTWljcm9zb2Z0LlZpc3VhbFN0dWRpby5UZXN0VG9vbHMuV2ViVGVzdGluZy5SdWxlcy5FeHRyYWN0VGV4dCwgTWljcm9zb2Z0LlZpc3VhbFN0dWRpby5RdWFsaXR5VG9vbHMuV2ViVGVzdEZyYW1ld29yaywgVmVyc2lvbj0xMC4wLjAuMCwgQ3VsdHVyZT1uZXV0cmFsLCBQdWJsaWNLZXlUb2tlbj1iMDNmNWY3ZjExZDUwYTNhIiBWYXJpYWJsZU5hbWU9IlF1ZXJ5U3RyaW5nUGFyYW0yMC5PVEVuZERhdGUiIERpc3BsYXlOYW1lPSIiIERlc2NyaXB0aW9uPSIiPg0KICAgICAgICAgIDxSdWxlUGFyYW1ldGVycz4NCiAgICAgICAgICAgIDxSdWxlUGFyYW1ldGVyIE5hbWU9IlN0YXJ0c1dpdGgiIFZhbHVlPSImYW1wO2FtcDtPVEVuZERhdGU9IiAvPg0KICAgICAgICAgICAgPFJ1bGVQYXJhbWV0ZXIgTmFtZT0iRW5kc1dpdGgiIFZhbHVlPSImYW1wOyIgLz4NCiAgICAgICAgICAgIDxSdWxlUGFyYW1ldGVyIE5hbWU9IkluZGV4IiBWYWx1ZT0iMCIgLz4NCiAgICAgICAgICAgIDxSdWxlUGFyYW1ldGVyIE5hbWU9Iklnbm9yZUNhc2UiIFZhbHVlPSJGYWxzZSIgLz4NCiAgICAgICAgICAgIDxSdWxlUGFyYW1ldGVyIE5hbWU9IlVzZVJlZ3VsYXJFeHByZXNzaW9uIiBWYWx1ZT0iRmFsc2UiIC8+DQogICAgICAgICAgICA8UnVsZVBhcmFtZXRlciBOYW1lPSJIdG1sRGVjb2RlIiBWYWx1ZT0iVHJ1ZSIgLz4NCiAgICAgICAgICAgIDxSdWxlUGFyYW1ldGVyIE5hbWU9IlJlcXVpcmVkIiBWYWx1ZT0iRmFsc2UiIC8+DQogICAgICAgICAgPC9SdWxlUGFyYW1ldGVycz4NCiAgICAgICAgPC9FeHRyYWN0aW9uUnVsZT4NCiAgICAgICAgPEV4dHJhY3Rpb25SdWxlIENsYXNzbmFtZT0iTWljcm9zb2Z0LlZpc3VhbFN0dWRpby5UZXN0VG9vbHMuV2ViVGVzdGluZy5SdWxlcy5FeHRyYWN0VGV4dCwgTWljcm9zb2Z0LlZpc3VhbFN0dWRpby5RdWFsaXR5VG9vbHMuV2ViVGVzdEZyYW1ld29yaywgVmVyc2lvbj0xMC4wLjAuMCwgQ3VsdHVyZT1uZXV0cmFsLCBQdWJsaWNLZXlUb2tlbj1iMDNmNWY3ZjExZDUwYTNhIiBWYXJpYWJsZU5hbWU9IlF1ZXJ5U3RyaW5nUGFyYW0yMS5PVFN0YXJ0VGltZSIgRGlzcGxheU5hbWU9IiIgRGVzY3JpcHRpb249IiI+DQogICAgICAgICAgPFJ1bGVQYXJhbWV0ZXJzPg0KICAgICAgICAgICAgPFJ1bGVQYXJhbWV0ZXIgTmFtZT0iU3RhcnRzV2l0aCIgVmFsdWU9IiZhbXA7YW1wO09UU3RhcnRUaW1lPSIgLz4NCiAgICAgICAgICAgIDxSdWxlUGFyYW1ldGVyIE5hbWU9IkVuZHNXaXRoIiBWYWx1ZT0iJmFtcDsiIC8+DQogICAgICAgICAgICA8UnVsZVBhcmFtZXRlciBOYW1lPSJJbmRleCIgVmFsdWU9IjAiIC8+DQogICAgICAgICAgICA8UnVsZVBhcmFtZXRlciBOYW1lPSJJZ25vcmVDYXNlIiBWYWx1ZT0iRmFsc2UiIC8+DQogICAgICAgICAgICA8UnVsZVBhcmFtZXRlciBOYW1lPSJVc2VSZWd1bGFyRXhwcmVzc2lvbiIgVmFsdWU9IkZhbHNlIiAvPg0KICAgICAgICAgICAgPFJ1bGVQYXJhbWV0ZXIgTmFtZT0iSHRtbERlY29kZSIgVmFsdWU9IlRydWUiIC8+DQogICAgICAgICAgICA8UnVsZVBhcmFtZXRlciBOYW1lPSJSZXF1aXJlZCIgVmFsdWU9IkZhbHNlIiAvPg0KICAgICAgICAgIDwvUnVsZVBhcmFtZXRlcnM+DQogICAgICAgIDwvRXh0cmFjdGlvblJ1bGU+DQogICAgICAgIDxFeHRyYWN0aW9uUnVsZSBDbGFzc25hbWU9Ik1pY3Jvc29mdC5WaXN1YWxTdHVkaW8uVGVzdFRvb2xzLldlYlRlc3RpbmcuUnVsZXMuRXh0cmFjdFRleHQsIE1pY3Jvc29mdC5WaXN1YWxTdHVkaW8uUXVhbGl0eVRvb2xzLldlYlRlc3RGcmFtZXdvcmssIFZlcnNpb249MTAuMC4wLjAsIEN1bHR1cmU9bmV1dHJhbCwgUHVibGljS2V5VG9rZW49YjAzZjVmN2YxMWQ1MGEzYSIgVmFyaWFibGVOYW1lPSJRdWVyeVN0cmluZ1BhcmFtMjIuT1RFbmRUaW1lIiBEaXNwbGF5TmFtZT0iIiBEZXNjcmlwdGlvbj0iIj4NCiAgICAgICAgICA8UnVsZVBhcmFtZXRlcnM+DQogICAgICAgICAgICA8UnVsZVBhcmFtZXRlciBOYW1lPSJTdGFydHNXaXRoIiBWYWx1ZT0iJmFtcDthbXA7T1RFbmRUaW1lPSIgLz4NCiAgICAgICAgICAgIDxSdWxlUGFyYW1ldGVyIE5hbWU9IkVuZHNXaXRoIiBWYWx1ZT0iJmFtcDsiIC8+DQogICAgICAgICAgICA8UnVsZVBhcmFtZXRlciBOYW1lPSJJbmRleCIgVmFsdWU9IjAiIC8+DQogICAgICAgICAgICA8UnVsZVBhcmFtZXRlciBOYW1lPSJJZ25vcmVDYXNlIiBWYWx1ZT0iRmFsc2UiIC8+DQogICAgICAgICAgICA8UnVsZVBhcmFtZXRlciBOYW1lPSJVc2VSZWd1bGFyRXhwcmVzc2lvbiIgVmFsdWU9IkZhbHNlIiAvPg0KICAgICAgICAgICAgPFJ1bGVQYXJhbWV0ZXIgTmFtZT0iSHRtbERlY29kZSIgVmFsdWU9IlRydWUiIC8+DQogICAgICAgICAgICA8UnVsZVBhcmFtZXRlciBOYW1lPSJSZXF1aXJlZCIgVmFsdWU9IkZhbHNlIiAvPg0KICAgICAgICAgIDwvUnVsZVBhcmFtZXRlcnM+DQogICAgICAgIDwvRXh0cmFjdGlvblJ1bGU+DQogICAgICAgIDxFeHRyYWN0aW9uUnVsZSBDbGFzc25hbWU9Ik1pY3Jvc29mdC5WaXN1YWxTdHVkaW8uVGVzdFRvb2xzLldlYlRlc3RpbmcuUnVsZXMuRXh0cmFjdFRleHQsIE1pY3Jvc29mdC5WaXN1YWxTdHVkaW8uUXVhbGl0eVRvb2xzLldlYlRlc3RGcmFtZXdvcmssIFZlcnNpb249MTAuMC4wLjAsIEN1bHR1cmU9bmV1dHJhbCwgUHVibGljS2V5VG9rZW49YjAzZjVmN2YxMWQ1MGEzYSIgVmFyaWFibGVOYW1lPSJRdWVyeVN0cmluZ1BhcmFtMjQuT1RGb3JtTk8iIERpc3BsYXlOYW1lPSIiIERlc2NyaXB0aW9uPSIiPg0KICAgICAgICAgIDxSdWxlUGFyYW1ldGVycz4NCiAgICAgICAgICAgIDxSdWxlUGFyYW1ldGVyIE5hbWU9IlN0YXJ0c1dpdGgiIFZhbHVlPSImYW1wO2FtcDtPVEZvcm1OTz0iIC8+DQogICAgICAgICAgICA8UnVsZVBhcmFtZXRlciBOYW1lPSJFbmRzV2l0aCIgVmFsdWU9IiZxdW90OyIgLz4NCiAgICAgICAgICAgIDxSdWxlUGFyYW1ldGVyIE5hbWU9IkluZGV4IiBWYWx1ZT0iMCIgLz4NCiAgICAgICAgICAgIDxSdWxlUGFyYW1ldGVyIE5hbWU9Iklnbm9yZUNhc2UiIFZhbHVlPSJGYWxzZSIgLz4NCiAgICAgICAgICAgIDxSdWxlUGFyYW1ldGVyIE5hbWU9IlVzZVJlZ3VsYXJFeHByZXNzaW9uIiBWYWx1ZT0iRmFsc2UiIC8+DQogICAgICAgICAgICA8UnVsZVBhcmFtZXRlciBOYW1lPSJIdG1sRGVjb2RlIiBWYWx1ZT0iVHJ1ZSIgLz4NCiAgICAgICAgICAgIDxSdWxlUGFyYW1ldGVyIE5hbWU9IlJlcXVpcmVkIiBWYWx1ZT0iRmFsc2UiIC8+DQogICAgICAgICAgPC9SdWxlUGFyYW1ldGVycz4NCiAgICAgICAgPC9FeHRyYWN0aW9uUnVsZT4NCiAgICAgICAgPEV4dHJhY3Rpb25SdWxlIENsYXNzbmFtZT0iTWljcm9zb2Z0LlZpc3VhbFN0dWRpby5UZXN0VG9vbHMuV2ViVGVzdGluZy5SdWxlcy5FeHRyYWN0Rm9ybUZpZWxkLCBNaWNyb3NvZnQuVmlzdWFsU3R1ZGlvLlF1YWxpdHlUb29scy5XZWJUZXN0RnJhbWV3b3JrLCBWZXJzaW9uPTEwLjAuMC4wLCBDdWx0dXJlPW5ldXRyYWwsIFB1YmxpY0tleVRva2VuPWIwM2Y1ZjdmMTFkNTBhM2EiIFZhcmlhYmxlTmFtZT0iRm9ybVBvc3RQYXJhbTIxLmJ0blRlbXBTYXZlIiBEaXNwbGF5TmFtZT0iIiBEZXNjcmlwdGlvbj0iIj4NCiAgICAgICAgICA8UnVsZVBhcmFtZXRlcnM+DQogICAgICAgICAgICA8UnVsZVBhcmFtZXRlciBOYW1lPSJOYW1lIiBWYWx1ZT0iYnRuVGVtcFNhdmUiIC8+DQogICAgICAgICAgICA8UnVsZVBhcmFtZXRlciBOYW1lPSJIdG1sRGVjb2RlIiBWYWx1ZT0iVHJ1ZSIgLz4NCiAgICAgICAgICAgIDxSdWxlUGFyYW1ldGVyIE5hbWU9IlJlcXVpcmVkIiBWYWx1ZT0iRmFsc2UiIC8+DQogICAgICAgICAgICA8UnVsZVBhcmFtZXRlciBOYW1lPSJJbmRleCIgVmFsdWU9IjAiIC8+DQogICAgICAgICAgPC9SdWxlUGFyYW1ldGVycz4NCiAgICAgICAgPC9FeHRyYWN0aW9uUnVsZT4NCiAgICAgICAgPEV4dHJhY3Rpb25SdWxlIENsYXNzbmFtZT0iTWljcm9zb2Z0LlZpc3VhbFN0dWRpby5UZXN0VG9vbHMuV2ViVGVzdGluZy5SdWxlcy5FeHRyYWN0Rm9ybUZpZWxkLCBNaWNyb3NvZnQuVmlzdWFsU3R1ZGlvLlF1YWxpdHlUb29scy5XZWJUZXN0RnJhbWV3b3JrLCBWZXJzaW9uPTEwLjAuMC4wLCBDdWx0dXJlPW5ldXRyYWwsIFB1YmxpY0tleVRva2VuPWIwM2Y1ZjdmMTFkNTBhM2EiIFZhcmlhYmxlTmFtZT0iRm9ybVBvc3RQYXJhbTIyLnVjRGF0ZVN0YXJ0JHR4dERhdGUiIERpc3BsYXlOYW1lPSIiIERlc2NyaXB0aW9uPSIiPg0KICAgICAgICAgIDxSdWxlUGFyYW1ldGVycz4NCiAgICAgICAgICAgIDxSdWxlUGFyYW1ldGVyIE5hbWU9Ik5hbWUiIFZhbHVlPSJ1Y0RhdGVTdGFydF90eHREYXRlIiAvPg0KICAgICAgICAgICAgPFJ1bGVQYXJhbWV0ZXIgTmFtZT0iSHRtbERlY29kZSIgVmFsdWU9IlRydWUiIC8+DQogICAgICAgICAgICA8UnVsZVBhcmFtZXRlciBOYW1lPSJSZXF1aXJlZCIgVmFsdWU9IkZhbHNlIiAvPg0KICAgICAgICAgICAgPFJ1bGVQYXJhbWV0ZXIgTmFtZT0iSW5kZXgiIFZhbHVlPSIwIiAvPg0KICAgICAgICAgIDwvUnVsZVBhcmFtZXRlcnM+DQogICAgICAgIDwvRXh0cmFjdGlvblJ1bGU+DQogICAgICAgIDxFeHRyYWN0aW9uUnVsZSBDbGFzc25hbWU9Ik1pY3Jvc29mdC5WaXN1YWxTdHVkaW8uVGVzdFRvb2xzLldlYlRlc3RpbmcuUnVsZXMuRXh0cmFjdEZvcm1GaWVsZCwgTWljcm9zb2Z0LlZpc3VhbFN0dWRpby5RdWFsaXR5VG9vbHMuV2ViVGVzdEZyYW1ld29yaywgVmVyc2lvbj0xMC4wLjAuMCwgQ3VsdHVyZT1uZXV0cmFsLCBQdWJsaWNLZXlUb2tlbj1iMDNmNWY3ZjExZDUwYTNhIiBWYXJpYWJsZU5hbWU9IkZvcm1Qb3N0UGFyYW0yMy51Y0RhdGVFbmQkdHh0RGF0ZSIgRGlzcGxheU5hbWU9IiIgRGVzY3JpcHRpb249IiI+DQogICAgICAgICAgPFJ1bGVQYXJhbWV0ZXJzPg0KICAgICAgICAgICAgPFJ1bGVQYXJhbWV0ZXIgTmFtZT0iTmFtZSIgVmFsdWU9InVjRGF0ZUVuZF90eHREYXRlIiAvPg0KICAgICAgICAgICAgPFJ1bGVQYXJhbWV0ZXIgTmFtZT0iSHRtbERlY29kZSIgVmFsdWU9IlRydWUiIC8+DQogICAgICAgICAgICA8UnVsZVBhcmFtZXRlciBOYW1lPSJSZXF1aXJlZCIgVmFsdWU9IkZhbHNlIiAvPg0KICAgICAgICAgICAgPFJ1bGVQYXJhbWV0ZXIgTmFtZT0iSW5kZXgiIFZhbHVlPSIwIiAvPg0KICAgICAgICAgIDwvUnVsZVBhcmFtZXRlcnM+DQogICAgICAgIDwvRXh0cmFjdGlvblJ1bGU+DQogICAgICAgIDxFeHRyYWN0aW9uUnVsZSBDbGFzc25hbWU9Ik1pY3Jvc29mdC5WaXN1YWxTdHVkaW8uVGVzdFRvb2xzLldlYlRlc3RpbmcuUnVsZXMuRXh0cmFjdFRleHQsIE1pY3Jvc29mdC5WaXN1YWxTdHVkaW8uUXVhbGl0eVRvb2xzLldlYlRlc3RGcmFtZXdvcmssIFZlcnNpb249MTAuMC4wLjAsIEN1bHR1cmU9bmV1dHJhbCwgUHVibGljS2V5VG9rZW49YjAzZjVmN2YxMWQ1MGEzYSIgVmFyaWFibGVOYW1lPSJGb3JtUG9zdFBhcmFtMjQuT1RUaW1lU3RhcnQkZGRsSEgiIERpc3BsYXlOYW1lPSIiIERlc2NyaXB0aW9uPSIiPg0KICAgICAgICAgIDxSdWxlUGFyYW1ldGVycz4NCiAgICAgICAgICAgIDxSdWxlUGFyYW1ldGVyIE5hbWU9IlN0YXJ0c1dpdGgiIFZhbHVlPSJsdWU9JnF1b3Q7IiAvPg0KICAgICAgICAgICAgPFJ1bGVQYXJhbWV0ZXIgTmFtZT0iRW5kc1dpdGgiIFZhbHVlPSImcXVvdDsmZ3Q7MDAmbHQ7IiAvPg0KICAgICAgICAgICAgPFJ1bGVQYXJhbWV0ZXIgTmFtZT0iSW5kZXgiIFZhbHVlPSIyMyIgLz4NCiAgICAgICAgICAgIDxSdWxlUGFyYW1ldGVyIE5hbWU9Iklnbm9yZUNhc2UiIFZhbHVlPSJGYWxzZSIgLz4NCiAgICAgICAgICAgIDxSdWxlUGFyYW1ldGVyIE5hbWU9IlVzZVJlZ3VsYXJFeHByZXNzaW9uIiBWYWx1ZT0iRmFsc2UiIC8+DQogICAgICAgICAgICA8UnVsZVBhcmFtZXRlciBOYW1lPSJIdG1sRGVjb2RlIiBWYWx1ZT0iVHJ1ZSIgLz4NCiAgICAgICAgICAgIDxSdWxlUGFyYW1ldGVyIE5hbWU9IlJlcXVpcmVkIiBWYWx1ZT0iRmFsc2UiIC8+DQogICAgICAgICAgPC9SdWxlUGFyYW1ldGVycz4NCiAgICAgICAgPC9FeHRyYWN0aW9uUnVsZT4NCiAgICAgICAgPEV4dHJhY3Rpb25SdWxlIENsYXNzbmFtZT0iTWljcm9zb2Z0LlZpc3VhbFN0dWRpby5UZXN0VG9vbHMuV2ViVGVzdGluZy5SdWxlcy5FeHRyYWN0VGV4dCwgTWljcm9zb2Z0LlZpc3VhbFN0dWRpby5RdWFsaXR5VG9vbHMuV2ViVGVzdEZyYW1ld29yaywgVmVyc2lvbj0xMC4wLjAuMCwgQ3VsdHVyZT1uZXV0cmFsLCBQdWJsaWNLZXlUb2tlbj1iMDNmNWY3ZjExZDUwYTNhIiBWYXJpYWJsZU5hbWU9IkZvcm1Qb3N0UGFyYW0yNS5PVFRpbWVTdGFydCRkZGxNTSIgRGlzcGxheU5hbWU9IiIgRGVzY3JpcHRpb249IiI+DQogICAgICAgICAgPFJ1bGVQYXJhbWV0ZXJzPg0KICAgICAgICAgICAgPFJ1bGVQYXJhbWV0ZXIgTmFtZT0iU3RhcnRzV2l0aCIgVmFsdWU9Imx1ZT0mcXVvdDsiIC8+DQogICAgICAgICAgICA8UnVsZVBhcmFtZXRlciBOYW1lPSJFbmRzV2l0aCIgVmFsdWU9IiZxdW90OyZndDswMCZsdDsiIC8+DQogICAgICAgICAgICA8UnVsZVBhcmFtZXRlciBOYW1lPSJJbmRleCIgVmFsdWU9IjIzIiAvPg0KICAgICAgICAgICAgPFJ1bGVQYXJhbWV0ZXIgTmFtZT0iSWdub3JlQ2FzZSIgVmFsdWU9IkZhbHNlIiAvPg0KICAgICAgICAgICAgPFJ1bGVQYXJhbWV0ZXIgTmFtZT0iVXNlUmVndWxhckV4cHJlc3Npb24iIFZhbHVlPSJGYWxzZSIgLz4NCiAgICAgICAgICAgIDxSdWxlUGFyYW1ldGVyIE5hbWU9Ikh0bWxEZWNvZGUiIFZhbHVlPSJUcnVlIiAvPg0KICAgICAgICAgICAgPFJ1bGVQYXJhbWV0ZXIgTmFtZT0iUmVxdWlyZWQiIFZhbHVlPSJGYWxzZSIgLz4NCiAgICAgICAgICA8L1J1bGVQYXJhbWV0ZXJzPg0KICAgICAgICA8L0V4dHJhY3Rpb25SdWxlPg0KICAgICAgICA8RXh0cmFjdGlvblJ1bGUgQ2xhc3NuYW1lPSJNaWNyb3NvZnQuVmlzdWFsU3R1ZGlvLlRlc3RUb29scy5XZWJUZXN0aW5nLlJ1bGVzLkV4dHJhY3RUZXh0LCBNaWNyb3NvZnQuVmlzdWFsU3R1ZGlvLlF1YWxpdHlUb29scy5XZWJUZXN0RnJhbWV3b3JrLCBWZXJzaW9uPTEwLjAuMC4wLCBDdWx0dXJlPW5ldXRyYWwsIFB1YmxpY0tleVRva2VuPWIwM2Y1ZjdmMTFkNTBhM2EiIFZhcmlhYmxlTmFtZT0iRm9ybVBvc3RQYXJhbTI2Lk9UVGltZUVuZCRkZGxISCIgRGlzcGxheU5hbWU9IiIgRGVzY3JpcHRpb249IiI+DQogICAgICAgICAgPFJ1bGVQYXJhbWV0ZXJzPg0KICAgICAgICAgICAgPFJ1bGVQYXJhbWV0ZXIgTmFtZT0iU3RhcnRzV2l0aCIgVmFsdWU9Imx1ZT0mcXVvdDsiIC8+DQogICAgICAgICAgICA8UnVsZVBhcmFtZXRlciBOYW1lPSJFbmRzV2l0aCIgVmFsdWU9IiZxdW90OyZndDswMSZsdDsiIC8+DQogICAgICAgICAgICA8UnVsZVBhcmFtZXRlciBOYW1lPSJJbmRleCIgVmFsdWU9IjI0IiAvPg0KICAgICAgICAgICAgPFJ1bGVQYXJhbWV0ZXIgTmFtZT0iSWdub3JlQ2FzZSIgVmFsdWU9IkZhbHNlIiAvPg0KICAgICAgICAgICAgPFJ1bGVQYXJhbWV0ZXIgTmFtZT0iVXNlUmVndWxhckV4cHJlc3Npb24iIFZhbHVlPSJGYWxzZSIgLz4NCiAgICAgICAgICAgIDxSdWxlUGFyYW1ldGVyIE5hbWU9Ikh0bWxEZWNvZGUiIFZhbHVlPSJUcnVlIiAvPg0KICAgICAgICAgICAgPFJ1bGVQYXJhbWV0ZXIgTmFtZT0iUmVxdWlyZWQiIFZhbHVlPSJGYWxzZSIgLz4NCiAgICAgICAgICA8L1J1bGVQYXJhbWV0ZXJzPg0KICAgICAgICA8L0V4dHJhY3Rpb25SdWxlPg0KICAgICAgICA8RXh0cmFjdGlvblJ1bGUgQ2xhc3NuYW1lPSJNaWNyb3NvZnQuVmlzdWFsU3R1ZGlvLlRlc3RUb29scy5XZWJUZXN0aW5nLlJ1bGVzLkV4dHJhY3RUZXh0LCBNaWNyb3NvZnQuVmlzdWFsU3R1ZGlvLlF1YWxpdHlUb29scy5XZWJUZXN0RnJhbWV3b3JrLCBWZXJzaW9uPTEwLjAuMC4wLCBDdWx0dXJlPW5ldXRyYWwsIFB1YmxpY0tleVRva2VuPWIwM2Y1ZjdmMTFkNTBhM2EiIFZhcmlhYmxlTmFtZT0iRm9ybVBvc3RQYXJhbTI3Lk9UVGltZUVuZCRkZGxNTSIgRGlzcGxheU5hbWU9IiIgRGVzY3JpcHRpb249IiI+DQogICAgICAgICAgPFJ1bGVQYXJhbWV0ZXJzPg0KICAgICAgICAgICAgPFJ1bGVQYXJhbWV0ZXIgTmFtZT0iU3RhcnRzV2l0aCIgVmFsdWU9Imx1ZT0mcXVvdDsiIC8+DQogICAgICAgICAgICA8UnVsZVBhcmFtZXRlciBOYW1lPSJFbmRzV2l0aCIgVmFsdWU9IiZxdW90OyZndDswMCZsdDsiIC8+DQogICAgICAgICAgICA8UnVsZVBhcmFtZXRlciBOYW1lPSJJbmRleCIgVmFsdWU9IjIzIiAvPg0KICAgICAgICAgICAgPFJ1bGVQYXJhbWV0ZXIgTmFtZT0iSWdub3JlQ2FzZSIgVmFsdWU9IkZhbHNlIiAvPg0KICAgICAgICAgICAgPFJ1bGVQYXJhbWV0ZXIgTmFtZT0iVXNlUmVndWxhckV4cHJlc3Npb24iIFZhbHVlPSJGYWxzZSIgLz4NCiAgICAgICAgICAgIDxSdWxlUGFyYW1ldGVyIE5hbWU9Ikh0bWxEZWNvZGUiIFZhbHVlPSJUcnVlIiAvPg0KICAgICAgICAgICAgPFJ1bGVQYXJhbWV0ZXIgTmFtZT0iUmVxdWlyZWQiIFZhbHVlPSJGYWxzZSIgLz4NCiAgICAgICAgICA8L1J1bGVQYXJhbWV0ZXJzPg0KICAgICAgICA8L0V4dHJhY3Rpb25SdWxlPg0KICAgICAgICA8RXh0cmFjdGlvblJ1bGUgQ2xhc3NuYW1lPSJNaWNyb3NvZnQuVmlzdWFsU3R1ZGlvLlRlc3RUb29scy5XZWJUZXN0aW5nLlJ1bGVzLkV4dHJhY3RUZXh0LCBNaWNyb3NvZnQuVmlzdWFsU3R1ZGlvLlF1YWxpdHlUb29scy5XZWJUZXN0RnJhbWV3b3JrLCBWZXJzaW9uPTEwLjAuMC4wLCBDdWx0dXJlPW5ldXRyYWwsIFB1YmxpY0tleVRva2VuPWIwM2Y1ZjdmMTFkNTBhM2EiIFZhcmlhYmxlTmFtZT0iRm9ybVBvc3RQYXJhbTI4LmRkbE9UVHlwZUlEIiBEaXNwbGF5TmFtZT0iIiBEZXNjcmlwdGlvbj0iIj4NCiAgICAgICAgICA8UnVsZVBhcmFtZXRlcnM+DQogICAgICAgICAgICA8UnVsZVBhcmFtZXRlciBOYW1lPSJTdGFydHNXaXRoIiBWYWx1ZT0iJnF1b3Q7OCZxdW90OywmcXVvdDsiIC8+DQogICAgICAgICAgICA8UnVsZVBhcmFtZXRlciBOYW1lPSJFbmRzV2l0aCIgVmFsdWU9IiZxdW90O10sJnF1b3Q7RCIgLz4NCiAgICAgICAgICAgIDxSdWxlUGFyYW1ldGVyIE5hbWU9IkluZGV4IiBWYWx1ZT0iMCIgLz4NCiAgICAgICAgICAgIDxSdWxlUGFyYW1ldGVyIE5hbWU9Iklnbm9yZUNhc2UiIFZhbHVlPSJGYWxzZSIgLz4NCiAgICAgICAgICAgIDxSdWxlUGFyYW1ldGVyIE5hbWU9IlVzZVJlZ3VsYXJFeHByZXNzaW9uIiBWYWx1ZT0iRmFsc2UiIC8+DQogICAgICAgICAgICA8UnVsZVBhcmFtZXRlciBOYW1lPSJIdG1sRGVjb2RlIiBWYWx1ZT0iVHJ1ZSIgLz4NCiAgICAgICAgICAgIDxSdWxlUGFyYW1ldGVyIE5hbWU9IlJlcXVpcmVkIiBWYWx1ZT0iRmFsc2UiIC8+DQogICAgICAgICAgPC9SdWxlUGFyYW1ldGVycz4NCiAgICAgICAgPC9FeHRyYWN0aW9uUnVsZT4NCiAgICAgIDwvQ29ycmVsYXRpb25FeHRyYWN0aW9uUnVsZXM+DQogICAgICA8Rm9ybVBvc3RIdHRwQm9keT4NCiAgICAgICAgPEZvcm1Qb3N0UGFyYW1ldGVyIE5hbWU9IlRvb2xraXRTY3JpcHRNYW5hZ2VyMV9IaWRkZW5GaWVsZCIgVmFsdWU9Ijs7QWpheENvbnRyb2xUb29sa2l0LCBWZXJzaW9uPTQuMS43LjYwNywgQ3VsdHVyZT1uZXV0cmFsLCBQdWJsaWNLZXlUb2tlbj0yOGYwMWIwZTg0YjZkNTNlOnpoLUhhbnQ6N2I5NWVkMWEtNmEzZi00MWRkLWJjNWItNjNmMzllZGJjNGI0OmRlMWZlYWIyOmZjZjBlOTkzOmYyYzhlNzA4OjcyMGE1MmJmOmY5Y2VjOWJjOjU4OWVhYTMwOjY5ODEyOWNmOmZiOWI0YzU3OmNjYjk2Y2Y5OmE2N2MyNzAwOjg2MTNhZWE3OjMyMDJhNWEyOmFiMDllM2ZlOjg3MTA0YjdjOmJlNmZiMjk4IiBSZWNvcmRlZFZhbHVlPSI7O0FqYXhDb250cm9sVG9vbGtpdCwgVmVyc2lvbj00LjEuNy42MDcsIEN1bHR1cmU9bmV1dHJhbCwgUHVibGljS2V5VG9rZW49MjhmMDFiMGU4NGI2ZDUzZTp6aC1IYW50OjdiOTVlZDFhLTZhM2YtNDFkZC1iYzViLTYzZjM5ZWRiYzRiNDpkZTFmZWFiMjpmY2YwZTk5MzpmMmM4ZTcwODo3MjBhNTJiZjpmOWNlYzliYzo1ODllYWEzMDo2OTgxMjljZjpmYjliNGM1NzpjY2I5NmNmOTphNjdjMjcwMDo4NjEzYWVhNzozMjAyYTVhMjphYjA5ZTNmZTo4NzEwNGI3YzpiZTZmYjI5OCIgQ29ycmVsYXRpb25CaW5kaW5nPSIiIFVybEVuY29kZT0iVHJ1ZSIgLz4NCiAgICAgICAgPEZvcm1Qb3N0UGFyYW1ldGVyIE5hbWU9Il9fRVZFTlRUQVJHRVQiIFZhbHVlPSJ7eyRISURERU4xLl9fRVZFTlRUQVJHRVR9fSIgUmVjb3JkZWRWYWx1ZT0iIiBDb3JyZWxhdGlvbkJpbmRpbmc9IiIgVXJsRW5jb2RlPSJUcnVlIiAvPg0KICAgICAgICA8Rm9ybVBvc3RQYXJhbWV0ZXIgTmFtZT0iX19FVkVOVEFSR1VNRU5UIiBWYWx1ZT0ie3skSElEREVOMS5fX0VWRU5UQVJHVU1FTlR9fSIgUmVjb3JkZWRWYWx1ZT0iIiBDb3JyZWxhdGlvbkJpbmRpbmc9IiIgVXJsRW5jb2RlPSJUcnVlIiAvPg0KICAgICAgICA8Rm9ybVBvc3RQYXJhbWV0ZXIgTmFtZT0iX19MQVNURk9DVVMiIFZhbHVlPSJ7eyRISURERU4xLl9fTEFTVEZPQ1VTfX0iIFJlY29yZGVkVmFsdWU9IiIgQ29ycmVsYXRpb25CaW5kaW5nPSIiIFVybEVuY29kZT0iVHJ1ZSIgLz4NCiAgICAgICAgPEZvcm1Qb3N0UGFyYW1ldGVyIE5hbWU9Il9fVlNUQVRFIiBWYWx1ZT0ie3skSElEREVOMS5fX1ZTVEFURX19IiBSZWNvcmRlZFZhbHVlPSJBUitMQ0FBQUFBQUFCQURkV04xdkU5a1ZqeDJQWTV3UWh5MTI2YllkRHhMdEpNclgzUEZIdnBvSFlrT0pGakJOdkR3MGk2eXg1MkpQTTU1SlBlT0ErNENvMUN3cFpVVldHM2FicGFxMDBwYjlvS3lvVUtXVXBhditDWDNvUTUvUjJvbWYraWUwOTg2SFBZN0hUa2dnbFhBVSs4NjU1OTdmK1oxejdqbjIvYS9EZDhKSmtLbFVUSmJVZ2l3cWMvQ1hSYUVBTDhtS09zTmxGdCtDcFZRcTBFMzRzOHNYT0VFNmxWRkZCcHlLNVdCbThiUW9FZ0dMbUQyVnlTM0djcktzd0FaNXFJVTgzRUllYVNHUHRwQ1B0WkNQdDVCUDJNc0IwMElPTEhLM0x2ZjlaTENqcDlQdDkzb1N5WmljWDVxTmR5V1NaL0NuTzVHTWN5cEVIMGtoRDNzU3lYbVZVNHZLUlM0UHU1Rk1WamtSVHlEMTVIVnBOdTR4RmREZ3JGeklYMHg0ejRyeXRSaW5RTFRuOGNFT0wvNG4zUE9YenMyOEJRZzNZRmdBSmdnL3k0Q3hVU1l5Q3NDTitwRG9acGhKaHJuQkFQUk91Q3NmUHl3LytuMy93TUo4U1ZGaGZpUU9NMEtlRTRlb3ZKS1JDNktRSHFJdXc0SWl5TkowZUlUQmYwTlVyQ2lxeFFLY2xtQlJMV0RkUzhXMEtHUlFGaVRsUlNoTnA4Zkd1RWdtRWdVVG9UQmt4aWM2d1FoREJIVHJkTnV3T1V3RWdFaUVjQUNpejN5TU12bzBiTWNuUE1xYWZQQlE1eE85Z2Q0Uk9aUFBvS3VUR1FFMm9HRVdNS0FCRkl3ZkNtaW9BWlFGOXFBZ09oRVpQd2lvdGtFTmxLMkRhc1QzeEJSRWI5U0hDQlJvNmNKYTB3V0Iyc2MwREtLc0phWmhFRDRrMEdnalUvWlFRTWNhWTNvNG9PTU5vS0c5SFptRGdrNDBncmJNWG5UYUR3S3FiV0NDV3MrcE5YczlUZ2Z2STd5b3VxREhhQ1FjOWdVQ3BEc09sOVRaT1BFbXpURE1Ud0ZERDJrRHhqSWczMGdVc3Jod25oY1VGUTA1VkZvSkowMlR2YWxMWEJiT0tyaTJucGV6T2RKdkNINVdoSVhTdkZvUXBLd21kK3RsM0dSTW5qVDBUaGRWK2ZUU2tsZzZrMDlESHN0aWloSVRPVVhKa3JTaGd6dUNpdjduTTZpQmlxaHpDaW9xcWduSjdLRlowcXRUd0JaQ3N0dGlLL0ZscndKRm1GR3ArT3g4Y3ZaaUxFbGxVTzJucUdzNUtGR0pNRFB5OXBMQmh4SVVTcEpWU2lxS0lxVTJUME1ScmFOcENrbzh4U2w0c2pZM0pDaDRWVDllWUlwb2VzQlFNeVZXNEZCNzRGQTc0SkFOY0tnWk9HUUx6TFlIWnRzQnN6YkFiRE13YXdzTTJnT0RKdUIrYmJXK3VPM2FmaVBDZFpXckJUbFB3WE56Ritiak02blo1Rng4WklGUHkxZEdGalFGNFZjY3poK2NJbGZ3L2dWSUdRdW5yVUFEbWhrNi9ZR2FENERGQnhaNjJNVFc1SnE0bWQ0RGpkNnJnN1NBYU9mQmRwRnJEcHpGWUROd1NOUkd5Y1prbXh5d3lVZjdzNEZmR0RRdVg1TjJvbXFrTFE3VjZOZVphaU9kNGZQMTllZnJOMmxxc0s0OVNBL1R0VWY4dFJBN3djWjZYUTlZRkczNDZFcXNuVkpvaDFMSVRpbThReWxzVmJMemdtYndDNlJ2Z2hMaFZaWDZoU3hJZTEwUlppZ1paeE95WlU0V1lVem00VFFkWm1pS1E4bGlzWmlhVHRTR0x3d1NNa0JDVnBDUUNSSjZPU0NzQWNKYVFWZ1RoSDA1SU1BQUFWWVFZSUtBbHdOaVlGZ2hHRm9Ec04zZktGcjFpb09LSUQ3RWlRSVBDMVM2Wk8wNmxqNWdxY3lXRWxNNzlSVFpoVVphMS9TWVh3VkluOW1Eb2NvbHVheVNEVGlkblQ0K2NCeTkrd0pPMU8vUEM5bWNPaU5mbnlsQWJ2R014S1ZGeU9mNGdQTXEwbkk1SFpwVzEyVkJFZEJFanVlZGhDWnhKZUYxbFRpeHZYRnZhKzNkYnpjZi9lZlpuZTJIdjl2Ni9MM3lOeXZQYno1QWVqL0Nlc0dqUkUvbDhlYjJYOWFxdDI5dWYzSUh5UWNNdWUvYnAwL0x0Kzl2UDdsVmVicUc5a0ZUdzhhVUgwMWgrYjNOeWdjZlYyNzlkbXY5ODYzUDNrY0tvejdETUV5aWorY0RqcXU4RTVoQ054YjZBaDZ5Ri8zRTVDNXpZaEdlRmFESUV5NGNFdklvbG1LemRhRUhDL0Y1SmJ0VEovSFVqRnlVK0N6WlZmTkJuOTk1YkJpOUVMSHFyNUVwdC9CRFFQOUtOYnpEZXIrenc2M1BIQi9zZEdhem1tV0VaazZ3VnpjZzZLdGpCdnV5d1dNdkFhRnIvd2lBR2Q3KzhNdnF5cCszSHR3dHIzNkJIR3dpQUN0Q3lQU3V4L0F1QXZQVzh4TkJIbTJvZmpWY1J6T3UzOUdCZG5ic2NJNjNudUw3MzYycnZodDc4TjJPbUx0MVcvcmIvcmNiMHpMV3FSMG9mT3k4S09Yd0xRaisxczJwUkU4SnZkNFp2WERoblZHZUo3MnBlWlVycU5vdFNjYy9oRHYzLy9WUEQrbEpuWkY0UXpUakNqNzZ0d2R0TWF2TVFZNVBTR0lwaHhTU3Npd21oU1ZpZUtINjlSOHJIOXkrUXBYZmYxYSsrN0R5MFo4cTk5OUY1M09oZW45RGsxYzJWNm9ibjVaWFBpdC85VGY5akdQekhJZ3pqOCs2TEdWRUliTkkvUHh0VlJCVHNkd2lLZzVKT1pzVm9WWUZCRkZRUy8yMGVsM1ZyM0ptWUZhUVVwbmNZbjJXSHFKMnp2UENNajVqcDFHUm9RZW1lSFNXbmJpTUVJcGFFaUVSWElZRlZjaHc0akFuQ2xscFVwV1hwcFpyMjAxTzFRdlIvbGlpbFY1WjR0T2l6cXhYelFuS3lESXVFTk0wUGNXam9BVGNwTnMySEVlYW9uRU9sNGlHWUp6RCtZZkNHbnlqY1hId083VUlCby9YSWhmMDU0S0JnNFlwK0YzaTh0N2lnMnh0RXgwOGF4K2I0SWs5aHlYNHZSZU9SL0JOK3lnRXY3L0RoVCtvdVQzNFE0dS9KL0FWNDdIT0RsL0FoWTRoTHVHektzekhVQWxYblY3ZTBSZm93SDg5NkZkNmgxNitBcHFwTHZJSS9zVVprMFc1NFAzVVFicFNKK2RubkI3Y0Q1MkdlL1VXNUFBOHI3ZEk5TkIwUzZkNXgzOU5MdkREYWR3Mko3VjM1Q1VSMFhBWnE0d2YrbWJMeEJKOU5aSzREVWxYK2VzUEUxdmZmTUhyR2FUMXkrcktlK1cxMWZMajFjb25xMGp1TVp1aTdaMG1qNHVWcm1DOTNVUmlyeUhHdHd6b3NkdTA0Y2RTV2xtYTBvS01uUmRFYmdoU3RpNWc3VnhnM2htK1NoY0V5azhlb3dRYXJmeGh0ZnowSGhwdC9YV3R2UG1rMlJrN3JnbDNPc080TUxRNmd4a0J0czdvM00wWklUdG5tSGVacjVrelhMczVJOXprRE1zdDFiNmRvVjNnV3AxUmZmQlZvcnJ4OS8rdk00amRuQkZwZGtiOTd2ZFZab2E3ZlBQWjF0MUhkdVFiN2g4YnlOZHZJdmRTSTl5N2tZL2FaZ0w3V3BEdjJvMzhtRzFOZUQzSWUzWWpQMjVIUG5RSURmSVF5Qi9aamZ5RUxmblg0OHg3ZHlIdkJNd3JLdi9NZUFQNzZzYVR4TmI2Ync2WHZTN3B3VGNkVXhwdFpES3ZjVHJLQzhxU3lKVW1KVm1DVS96L0FJYzlWd2dhSUFBQSIgQ29ycmVsYXRpb25CaW5kaW5nPSIiIFVybEVuY29kZT0iVHJ1ZSIgLz4NCiAgICAgICAgPEZvcm1Qb3N0UGFyYW1ldGVyIE5hbWU9Il9fVklFV1NUQVRFIiBWYWx1ZT0ie3skSElEREVOMS5fX1ZJRVdTVEFURX19IiBSZWNvcmRlZFZhbHVlPSIiIENvcnJlbGF0aW9uQmluZGluZz0iIiBVcmxFbmNvZGU9IlRydWUiIC8+DQogICAgICAgIDxGb3JtUG9zdFBhcmFtZXRlciBOYW1lPSJfX1NDUk9MTFBPU0lUSU9OWCIgVmFsdWU9Int7JEhJRERFTjEuX19TQ1JPTExQT1NJVElPTlh9fSIgUmVjb3JkZWRWYWx1ZT0iMCIgQ29ycmVsYXRpb25CaW5kaW5nPSIiIFVybEVuY29kZT0iVHJ1ZSIgLz4NCiAgICAgICAgPEZvcm1Qb3N0UGFyYW1ldGVyIE5hbWU9Il9fU0NST0xMUE9TSVRJT05ZIiBWYWx1ZT0ie3skSElEREVOMS5fX1NDUk9MTFBPU0lUSU9OWX19IiBSZWNvcmRlZFZhbHVlPSIwIiBDb3JyZWxhdGlvbkJpbmRpbmc9IiIgVXJsRW5jb2RlPSJUcnVlIiAvPg0KICAgICAgICA8Rm9ybVBvc3RQYXJhbWV0ZXIgTmFtZT0iX19WSUVXU1RBVEVFTkNSWVBURUQiIFZhbHVlPSJ7eyRISURERU4xLl9fVklFV1NUQVRFRU5DUllQVEVEfX0iIFJlY29yZGVkVmFsdWU9IiIgQ29ycmVsYXRpb25CaW5kaW5nPSIiIFVybEVuY29kZT0iVHJ1ZSIgLz4NCiAgICAgICAgPEZvcm1Qb3N0UGFyYW1ldGVyIE5hbWU9Il9fRVZFTlRWQUxJREFUSU9OIiBWYWx1ZT0ie3skSElEREVOMS5fX0VWRU5UVkFMSURBVElPTn19IiBSZWNvcmRlZFZhbHVlPSJIaEVGVmg3bDlKM2ZDS1dHNGM0UFpqODJzZEVZd1J5K010WFBiNWpIeTZtUmdlcWVweE1IZ0dyNFBNTzRZb3gxVmp3WEo5bFhhcWJYR21aTjFuWTJjUjVvbUplK2o4d1RvcmhISUZNV0lRY1Vqdm9VWTRPUUk3YWV1NUkrWU5yeExUWlF1VGROTGRjcnZFV1h6Qmh6QWZZSEV2ZmFrTWdUQWVTbDBNQ3puMlNiNU9LRDhuWFoyUWpaSkhvUHhIN29idkZhaUhOaVU3aTlLcTNXcWZMazVtNVZ4OEJYMXlmRHFkRkpZYVpFbHRXajNFZ2Nib1RGY0RuSVlnWmp1aWpuWFI3UnpUVHloQ09VZHJBRGRIa3ZnWlB3NnRJZHB3MFEzN0ZIcGZNSW96Ykl4WENUTUQ5bUM1bG5kejg1Mzkzc1NLNUQxUmM5cUlXUVA3eFpqcmVBa0M2WEVwOUxjQTk3YytsV1BuVHd3WmhxcDdVMFZOK0E0VkYrN0JIYU1qNHB4SlFmazZJVU1XbS9QMHhyS2pwakNnS0JBbWlWTGJzckV5S0o4ZWZvTnlqNHZmQzQ1QkhDRmtOV2xXS2xRak9XcE9TcGVka2grYUo0ZERnMWFwS2xqZjRtSlNxL3M4WVZaWC9Ca2FzSlhmVWJ5R21kVG1MSHhQWlEyelJTRWY5bVFmTHFxOUZvRTBzV1ZDYmlRd1pNb2RKT1lWMVpWMldsY2JGS1lXNlpZM3c3TmpUeFFtanlBSmsvQ3FCMjZLV3dCdHYvZUlZOWdIK0ZhYnpHdytpMzI5Yjh3Yzc0UjVyaDkzVXdaQ1BEQXpINjNRb0VLUTBKUWI0UFpJL1VyS1hIaHhhc0FRbzBFY3FUZFpndHpvMnQxWDZ1dG1Ja25PYWxkbzNFZjJrMXVEZVlMS2J0b1FDbTFnWXV4cFZVT2IrTGhxVTVjeS9XdzdmaTJGY2hWU2hUMllON0IwM3NRdzUrT0VFYkV5UXZCa1hyUkhVYXVicSttM21vOGFlazZuY0gyMk9sdDJiTnlrUlBQQTAyNFR3UFZ0Kzc0dDZKYXlDMm1yczI2RW51Y0xDaW5KRVF2YlZCcTZscGQxVmpZU0RhdE1Nd1Z1eU5hTFJUTDZQb2puVnpha3UvN1VMWUV3aHBoelQvcGFNRkUzMmhwSlVNTlRHNmtCQlh5SE1NSmIwKzgremN4NzZPRzJiZHh5ZGpTdzZmdUVPQ2NXOU51Y1psMkV1eUtqdzhDOTA3ZDl2eFRhTnFESkNYRUlMQ0tvdVlWc0RUbC83dUhPWDN4TmN1TFpMSnBINjBWQlFDTEZwZEtnVnJndklKY0xLRHNNblByOFBobHNqc0xseTJtWEttZUUxUlpZb1p2c25FeXJQWlhiYXJhK2d4eEFETVVvc0UzWThCVm5VcUs1WjBvV2dRSlhSQk81MHVoUnZldTM5SUdBWlNKSURxb1U1MUpYZmsvdFpISDY5cnRvd3BST2IzUGdSUE14TG0vVjErU1IrS3g2eUNrU09SNmZZakZpU21Sckc5dXJUejFkZjZpZUVrU3R5b3NXaytmMUMvQ1VzS2Nra3JLMDRZTzFIdGU1djZCT2dMem9Td3B5eEMxaWNjdU9zMFR5MVdjRHNCbEp1QmMzcVdCL2NjZTZKUWhKSnR3RGtlWWpJZE1SemNmaGQ5THpCSlpXa3A2MFhwZGpra1Z4RFhtVjUrekV2cFA3bmVGWHJGZCthREhOUk9LZTFzMHZpcllpMTFvd2lQb21rT1VBSU5lRUZLMkxCRUJTNHh2OWNhVDRVVmw5ZExRQ2doTXpNWVYyNVlFTldQUWU0KzI1aW5OalcxQnN4Ukl2MU9xVHE4aHpON0VNajhyL1N2d1ZBZ1pPV09oaGs2QnRYMng4b09FTnBzUUJ1a3BqaXNuM2VNMWZvVWF3cmxqa25sV09RTXBUZnJ3c2ZGMVZNb0Y3aDVHU3FlUWo4dW5CMVQxMldOMWwvRzJZWUl6eE5LbC83SHNoY1dON2t1L0dUWit0c3dGQ0ZIeUdXek1PdkcxNmd2K2RLaGlpNzdvRGROWkUxYmpKd2RzMTR1MVFaR3dJOTZ3aUsxUUpicHQ2Qk1vSmV4aExHU0dGN2ovYXpMR2FFOWdVMVNhcU1sbE8yeHFDWW5nU0pMRHZzPSIgQ29ycmVsYXRpb25CaW5kaW5nPSIiIFVybEVuY29kZT0iVHJ1ZSIgLz4NCiAgICAgICAgPEZvcm1Qb3N0UGFyYW1ldGVyIE5hbWU9IlNjcmVlbldpZHRoIiBWYWx1ZT0ie3skSElEREVOMS5TY3JlZW5XaWR0aH19IiBSZWNvcmRlZFZhbHVlPSIiIENvcnJlbGF0aW9uQmluZGluZz0iIiBVcmxFbmNvZGU9IlRydWUiIC8+DQogICAgICAgIDxGb3JtUG9zdFBhcmFtZXRlciBOYW1lPSJTY3JlZW5IZWlnaHQiIFZhbHVlPSJ7eyRISURERU4xLlNjcmVlbkhlaWdodH19IiBSZWNvcmRlZFZhbHVlPSIiIENvcnJlbGF0aW9uQmluZGluZz0iIiBVcmxFbmNvZGU9IlRydWUiIC8+DQogICAgICAgIDxGb3JtUG9zdFBhcmFtZXRlciBOYW1lPSJidG5VcGRhdGUiIFZhbHVlPSLkv67mlLkiIFJlY29yZGVkVmFsdWU9IuS/ruaUuSIgQ29ycmVsYXRpb25CaW5kaW5nPSJ7e0Zvcm1Qb3N0UGFyYW0yOS5idG5VcGRhdGV9fSIgVXJsRW5jb2RlPSJUcnVlIiAvPg0KICAgICAgICA8Rm9ybVBvc3RQYXJhbWV0ZXIgTmFtZT0iZGRsT3JnQW5kRmxvdyIgVmFsdWU9IiIgUmVjb3JkZWRWYWx1ZT0iIiBDb3JyZWxhdGlvbkJpbmRpbmc9IiIgVXJsRW5jb2RlPSJUcnVlIiAvPg0KICAgICAgICA8Rm9ybVBvc3RQYXJhbWV0ZXIgTmFtZT0iZGRsUXVlcnlDb25kaXRpb25zIiBWYWx1ZT0iMCIgUmVjb3JkZWRWYWx1ZT0iMCIgQ29ycmVsYXRpb25CaW5kaW5nPSJ7e0Zvcm1Qb3N0UGFyYW0zMS5kZGxRdWVyeUNvbmRpdGlvbnN9fSIgVXJsRW5jb2RlPSJUcnVlIiAvPg0KICAgICAgICA8Rm9ybVBvc3RQYXJhbWV0ZXIgTmFtZT0idHh0T1RFbXBJRCIgVmFsdWU9IjEwMjExOSIgUmVjb3JkZWRWYWx1ZT0iMTAyMTE5IiBDb3JyZWxhdGlvbkJpbmRpbmc9Int7Rm9ybVBvc3RQYXJhbTMwLnR4dE9URW1wSUR9fSIgVXJsRW5jb2RlPSJUcnVlIiAvPg0KICAgICAgICA8Rm9ybVBvc3RQYXJhbWV0ZXIgTmFtZT0idHh0T1RFbXBOYW1lIiBWYWx1ZT0iIiBSZWNvcmRlZFZhbHVlPSIiIENvcnJlbGF0aW9uQmluZGluZz0iIiBVcmxFbmNvZGU9IlRydWUiIC8+DQogICAgICAgIDxGb3JtUG9zdFBhcmFtZXRlciBOYW1lPSJ0eHRPVEZvcm1OTyIgVmFsdWU9IiIgUmVjb3JkZWRWYWx1ZT0iIiBDb3JyZWxhdGlvbkJpbmRpbmc9IiIgVXJsRW5jb2RlPSJUcnVlIiAvPg0KICAgICAgICA8Rm9ybVBvc3RQYXJhbWV0ZXIgTmFtZT0iZGRsT1RTdGF0dXMiIFZhbHVlPSIxIiBSZWNvcmRlZFZhbHVlPSIxIiBDb3JyZWxhdGlvbkJpbmRpbmc9Int7Rm9ybVBvc3RQYXJhbTMyLmRkbE9UU3RhdHVzfX0iIFVybEVuY29kZT0iVHJ1ZSIgLz4NCiAgICAgICAgPEZvcm1Qb3N0UGFyYW1ldGVyIE5hbWU9InR4dE9URGF0ZUJlZ2luJHR4dERhdGUiIFZhbHVlPSIiIFJlY29yZGVkVmFsdWU9IiIgQ29ycmVsYXRpb25CaW5kaW5nPSIiIFVybEVuY29kZT0iVHJ1ZSIgLz4NCiAgICAgICAgPEZvcm1Qb3N0UGFyYW1ldGVyIE5hbWU9InR4dE9URGF0ZUVuZCR0eHREYXRlIiBWYWx1ZT0iIiBSZWNvcmRlZFZhbHVlPSIiIENvcnJlbGF0aW9uQmluZGluZz0iIiBVcmxFbmNvZGU9IlRydWUiIC8+DQogICAgICAgIDxGb3JtUG9zdFBhcmFtZXRlciBOYW1lPSJndk1haW4kY3RsMDIkY2hrQ2hvb3NlIiBWYWx1ZT0ib24iIFJlY29yZGVkVmFsdWU9Im9uIiBDb3JyZWxhdGlvbkJpbmRpbmc9IiIgVXJsRW5jb2RlPSJUcnVlIiAvPg0KICAgICAgICA8Rm9ybVBvc3RQYXJhbWV0ZXIgTmFtZT0idWNNb2RhbFBvcHVwMSRDbGllbnRXaWR0aCIgVmFsdWU9Int7JEhJRERFTjEudWNNb2RhbFBvcHVwMSRDbGllbnRXaWR0aH19IiBSZWNvcmRlZFZhbHVlPSIwIiBDb3JyZWxhdGlvbkJpbmRpbmc9IiIgVXJsRW5jb2RlPSJUcnVlIiAvPg0KICAgICAgICA8Rm9ybVBvc3RQYXJhbWV0ZXIgTmFtZT0idWNNb2RhbFBvcHVwMSRDbGllbnRIZWlnaHQiIFZhbHVlPSJ7eyRISURERU4xLnVjTW9kYWxQb3B1cDEkQ2xpZW50SGVpZ2h0fX0iIFJlY29yZGVkVmFsdWU9IjAiIENvcnJlbGF0aW9uQmluZGluZz0iIiBVcmxFbmNvZGU9IlRydWUiIC8+DQogICAgICA8L0Zvcm1Qb3N0SHR0cEJvZHk+DQogICAgPC9SZXF1ZXN0Pg0KICAgIDxSZXF1ZXN0IE1ldGhvZD0iUE9TVCIgR3VpZD0iNWExM2RkMDAtZjhhNS00NmMwLWE2ZjgtODJmNmQ3OWYzNTRjIiBWZXJzaW9uPSIxLjEiIFVybD0iaHR0cDovLzEwLjExLjM2LjExNDo4MDA3L092ZXJUaW1lL092ZXJ0aW1lUHJlT3JkZXJfTW9kaWZ5LmFzcHgiIFRoaW5rVGltZT0iMyIgVGltZW91dD0iMzAwIiBQYXJzZURlcGVuZGVudFJlcXVlc3RzPSJUcnVlIiBGb2xsb3dSZWRpcmVjdHM9IlRydWUiIFJlY29yZFJlc3VsdD0iVHJ1ZSIgQ2FjaGU9IkZhbHNlIiBSZXNwb25zZVRpbWVHb2FsPSIwIiBFbmNvZGluZz0idXRmLTgiIEV4cGVjdGVkSHR0cFN0YXR1c0NvZGU9IjAiIEV4cGVjdGVkUmVzcG9uc2VVcmw9IiIgUmVwb3J0aW5nTmFtZT0iIiBJZ25vcmVIdHRwU3RhdHVzQ29kZT0iRmFsc2UiPg0KICAgICAgPEV4dHJhY3Rpb25SdWxlcz4NCiAgICAgICAgPEV4dHJhY3Rpb25SdWxlIENsYXNzbmFtZT0iTWljcm9zb2Z0LlZpc3VhbFN0dWRpby5UZXN0VG9vbHMuV2ViVGVzdGluZy5SdWxlcy5FeHRyYWN0SGlkZGVuRmllbGRzLCBNaWNyb3NvZnQuVmlzdWFsU3R1ZGlvLlF1YWxpdHlUb29scy5XZWJUZXN0RnJhbWV3b3JrLCBWZXJzaW9uPTEwLjAuMC4wLCBDdWx0dXJlPW5ldXRyYWwsIFB1YmxpY0tleVRva2VuPWIwM2Y1ZjdmMTFkNTBhM2EiIFZhcmlhYmxlTmFtZT0iMSIgRGlzcGxheU5hbWU9IuaTt+WPlumaseiXj+ashOS9jSIgRGVzY3JpcHRpb249IuaTt+WPluWbnuaHieS4reeahOaJgOaciemaseiXj+ashOS9je+8jOS4puWwh+Wug+WAkeaUvuWcqOa4rOippuWFp+WuueS4reOAgiI+DQogICAgICAgICAgPFJ1bGVQYXJhbWV0ZXJzPg0KICAgICAgICAgICAgPFJ1bGVQYXJhbWV0ZXIgTmFtZT0iUmVxdWlyZWQiIFZhbHVlPSJUcnVlIiAvPg0KICAgICAgICAgICAgPFJ1bGVQYXJhbWV0ZXIgTmFtZT0iSHRtbERlY29kZSIgVmFsdWU9IlRydWUiIC8+DQogICAgICAgICAgPC9SdWxlUGFyYW1ldGVycz4NCiAgICAgICAgPC9FeHRyYWN0aW9uUnVsZT4NCiAgICAgICAgPEV4dHJhY3Rpb25SdWxlIENsYXNzbmFtZT0iTWljcm9zb2Z0LlZpc3VhbFN0dWRpby5UZXN0VG9vbHMuV2ViVGVzdGluZy5SdWxlcy5FeHRyYWN0VGV4dCwgTWljcm9zb2Z0LlZpc3VhbFN0dWRpby5RdWFsaXR5VG9vbHMuV2ViVGVzdEZyYW1ld29yaywgVmVyc2lvbj0xMC4wLjAuMCwgQ3VsdHVyZT1uZXV0cmFsLCBQdWJsaWNLZXlUb2tlbj1iMDNmNWY3ZjExZDUwYTNhIiBWYXJpYWJsZU5hbWU9IlF1ZXJ5U3RyaW5nUGFyYW0xNS5PVFR4bklEIiBEaXNwbGF5TmFtZT0i5pO35Y+W5paH5a2XIiBEZXNjcmlwdGlvbj0i5b6e5Zue5oeJ5Lit5pO35Y+W5paH5a2X77yM5Lim5bCH5a6D5pS+5YWl5ris6Kmm5YWn5a655Lit44CCIj4NCiAgICAgICAgICA8UnVsZVBhcmFtZXRlcnM+DQogICAgICAgICAgICA8UnVsZVBhcmFtZXRlciBOYW1lPSJTdGFydHNXaXRoIiBWYWx1ZT0iJmFtcDthbXA7T1RUeG5JRD0iIC8+DQogICAgICAgICAgICA8UnVsZVBhcmFtZXRlciBOYW1lPSJFbmRzV2l0aCIgVmFsdWU9IiZhbXA7IiAvPg0KICAgICAgICAgICAgPFJ1bGVQYXJhbWV0ZXIgTmFtZT0iSW5kZXgiIFZhbHVlPSIwIiAvPg0KICAgICAgICAgICAgPFJ1bGVQYXJhbWV0ZXIgTmFtZT0iSWdub3JlQ2FzZSIgVmFsdWU9IkZhbHNlIiAvPg0KICAgICAgICAgICAgPFJ1bGVQYXJhbWV0ZXIgTmFtZT0iVXNlUmVndWxhckV4cHJlc3Npb24iIFZhbHVlPSJGYWxzZSIgLz4NCiAgICAgICAgICAgIDxSdWxlUGFyYW1ldGVyIE5hbWU9Ikh0bWxEZWNvZGUiIFZhbHVlPSJUcnVlIiAvPg0KICAgICAgICAgICAgPFJ1bGVQYXJhbWV0ZXIgTmFtZT0iUmVxdWlyZWQiIFZhbHVlPSJGYWxzZSIgLz4NCiAgICAgICAgICA8L1J1bGVQYXJhbWV0ZXJzPg0KICAgICAgICA8L0V4dHJhY3Rpb25SdWxlPg0KICAgICAgPC9FeHRyYWN0aW9uUnVsZXM+DQogICAgICA8Q29ycmVsYXRpb25FeHRyYWN0aW9uUnVsZXM+DQogICAgICAgIDxFeHRyYWN0aW9uUnVsZSBDbGFzc25hbWU9Ik1pY3Jvc29mdC5WaXN1YWxTdHVkaW8uVGVzdFRvb2xzLldlYlRlc3RpbmcuUnVsZXMuRXh0cmFjdFRleHQsIE1pY3Jvc29mdC5WaXN1YWxTdHVkaW8uUXVhbGl0eVRvb2xzLldlYlRlc3RGcmFtZXdvcmssIFZlcnNpb249MTAuMC4wLjAsIEN1bHR1cmU9bmV1dHJhbCwgUHVibGljS2V5VG9rZW49YjAzZjVmN2YxMWQ1MGEzYSIgVmFyaWFibGVOYW1lPSJRdWVyeVN0cmluZ1BhcmFtOS5PVENvbXBJRCIgRGlzcGxheU5hbWU9IiIgRGVzY3JpcHRpb249IiI+DQogICAgICAgICAgPFJ1bGVQYXJhbWV0ZXJzPg0KICAgICAgICAgICAgPFJ1bGVQYXJhbWV0ZXIgTmFtZT0iU3RhcnRzV2l0aCIgVmFsdWU9Ij9PVENvbXBJRD0iIC8+DQogICAgICAgICAgICA8UnVsZVBhcmFtZXRlciBOYW1lPSJFbmRzV2l0aCIgVmFsdWU9IiZhbXA7IiAvPg0KICAgICAgICAgICAgPFJ1bGVQYXJhbWV0ZXIgTmFtZT0iSW5kZXgiIFZhbHVlPSIwIiAvPg0KICAgICAgICAgICAgPFJ1bGVQYXJhbWV0ZXIgTmFtZT0iSWdub3JlQ2FzZSIgVmFsdWU9IkZhbHNlIiAvPg0KICAgICAgICAgICAgPFJ1bGVQYXJhbWV0ZXIgTmFtZT0iVXNlUmVndWxhckV4cHJlc3Npb24iIFZhbHVlPSJGYWxzZSIgLz4NCiAgICAgICAgICAgIDxSdWxlUGFyYW1ldGVyIE5hbWU9Ikh0bWxEZWNvZGUiIFZhbHVlPSJUcnVlIiAvPg0KICAgICAgICAgICAgPFJ1bGVQYXJhbWV0ZXIgTmFtZT0iUmVxdWlyZWQiIFZhbHVlPSJGYWxzZSIgLz4NCiAgICAgICAgICA8L1J1bGVQYXJhbWV0ZXJzPg0KICAgICAgICA8L0V4dHJhY3Rpb25SdWxlPg0KICAgICAgICA8RXh0cmFjdGlvblJ1bGUgQ2xhc3NuYW1lPSJNaWNyb3NvZnQuVmlzdWFsU3R1ZGlvLlRlc3RUb29scy5XZWJUZXN0aW5nLlJ1bGVzLkV4dHJhY3RUZXh0LCBNaWNyb3NvZnQuVmlzdWFsU3R1ZGlvLlF1YWxpdHlUb29scy5XZWJUZXN0RnJhbWV3b3JrLCBWZXJzaW9uPTEwLjAuMC4wLCBDdWx0dXJlPW5ldXRyYWwsIFB1YmxpY0tleVRva2VuPWIwM2Y1ZjdmMTFkNTBhM2EiIFZhcmlhYmxlTmFtZT0iUXVlcnlTdHJpbmdQYXJhbTEwLk9URW1wSUQiIERpc3BsYXlOYW1lPSIiIERlc2NyaXB0aW9uPSIiPg0KICAgICAgICAgIDxSdWxlUGFyYW1ldGVycz4NCiAgICAgICAgICAgIDxSdWxlUGFyYW1ldGVyIE5hbWU9IlN0YXJ0c1dpdGgiIFZhbHVlPSImYW1wO2FtcDtPVEVtcElEPSIgLz4NCiAgICAgICAgICAgIDxSdWxlUGFyYW1ldGVyIE5hbWU9IkVuZHNXaXRoIiBWYWx1ZT0iJmFtcDsiIC8+DQogICAgICAgICAgICA8UnVsZVBhcmFtZXRlciBOYW1lPSJJbmRleCIgVmFsdWU9IjAiIC8+DQogICAgICAgICAgICA8UnVsZVBhcmFtZXRlciBOYW1lPSJJZ25vcmVDYXNlIiBWYWx1ZT0iRmFsc2UiIC8+DQogICAgICAgICAgICA8UnVsZVBhcmFtZXRlciBOYW1lPSJVc2VSZWd1bGFyRXhwcmVzc2lvbiIgVmFsdWU9IkZhbHNlIiAvPg0KICAgICAgICAgICAgPFJ1bGVQYXJhbWV0ZXIgTmFtZT0iSHRtbERlY29kZSIgVmFsdWU9IlRydWUiIC8+DQogICAgICAgICAgICA8UnVsZVBhcmFtZXRlciBOYW1lPSJSZXF1aXJlZCIgVmFsdWU9IkZhbHNlIiAvPg0KICAgICAgICAgIDwvUnVsZVBhcmFtZXRlcnM+DQogICAgICAgIDwvRXh0cmFjdGlvblJ1bGU+DQogICAgICAgIDxFeHRyYWN0aW9uUnVsZSBDbGFzc25hbWU9Ik1pY3Jvc29mdC5WaXN1YWxTdHVkaW8uVGVzdFRvb2xzLldlYlRlc3RpbmcuUnVsZXMuRXh0cmFjdFRleHQsIE1pY3Jvc29mdC5WaXN1YWxTdHVkaW8uUXVhbGl0eVRvb2xzLldlYlRlc3RGcmFtZXdvcmssIFZlcnNpb249MTAuMC4wLjAsIEN1bHR1cmU9bmV1dHJhbCwgUHVibGljS2V5VG9rZW49YjAzZjVmN2YxMWQ1MGEzYSIgVmFyaWFibGVOYW1lPSJRdWVyeVN0cmluZ1BhcmFtMTEuT1RTdGFydERhdGUiIERpc3BsYXlOYW1lPSIiIERlc2NyaXB0aW9uPSIiPg0KICAgICAgICAgIDxSdWxlUGFyYW1ldGVycz4NCiAgICAgICAgICAgIDxSdWxlUGFyYW1ldGVyIE5hbWU9IlN0YXJ0c1dpdGgiIFZhbHVlPSImYW1wO2FtcDtPVFN0YXJ0RGF0ZT0iIC8+DQogICAgICAgICAgICA8UnVsZVBhcmFtZXRlciBOYW1lPSJFbmRzV2l0aCIgVmFsdWU9IiZhbXA7IiAvPg0KICAgICAgICAgICAgPFJ1bGVQYXJhbWV0ZXIgTmFtZT0iSW5kZXgiIFZhbHVlPSIwIiAvPg0KICAgICAgICAgICAgPFJ1bGVQYXJhbWV0ZXIgTmFtZT0iSWdub3JlQ2FzZSIgVmFsdWU9IkZhbHNlIiAvPg0KICAgICAgICAgICAgPFJ1bGVQYXJhbWV0ZXIgTmFtZT0iVXNlUmVndWxhckV4cHJlc3Npb24iIFZhbHVlPSJGYWxzZSIgLz4NCiAgICAgICAgICAgIDxSdWxlUGFyYW1ldGVyIE5hbWU9Ikh0bWxEZWNvZGUiIFZhbHVlPSJUcnVlIiAvPg0KICAgICAgICAgICAgPFJ1bGVQYXJhbWV0ZXIgTmFtZT0iUmVxdWlyZWQiIFZhbHVlPSJGYWxzZSIgLz4NCiAgICAgICAgICA8L1J1bGVQYXJhbWV0ZXJzPg0KICAgICAgICA8L0V4dHJhY3Rpb25SdWxlPg0KICAgICAgICA8RXh0cmFjdGlvblJ1bGUgQ2xhc3NuYW1lPSJNaWNyb3NvZnQuVmlzdWFsU3R1ZGlvLlRlc3RUb29scy5XZWJUZXN0aW5nLlJ1bGVzLkV4dHJhY3RUZXh0LCBNaWNyb3NvZnQuVmlzdWFsU3R1ZGlvLlF1YWxpdHlUb29scy5XZWJUZXN0RnJhbWV3b3JrLCBWZXJzaW9uPTEwLjAuMC4wLCBDdWx0dXJlPW5ldXRyYWwsIFB1YmxpY0tleVRva2VuPWIwM2Y1ZjdmMTFkNTBhM2EiIFZhcmlhYmxlTmFtZT0iUXVlcnlTdHJpbmdQYXJhbTEyLk9URW5kRGF0ZSIgRGlzcGxheU5hbWU9IiIgRGVzY3JpcHRpb249IiI+DQogICAgICAgICAgPFJ1bGVQYXJhbWV0ZXJzPg0KICAgICAgICAgICAgPFJ1bGVQYXJhbWV0ZXIgTmFtZT0iU3RhcnRzV2l0aCIgVmFsdWU9IiZhbXA7YW1wO09URW5kRGF0ZT0iIC8+DQogICAgICAgICAgICA8UnVsZVBhcmFtZXRlciBOYW1lPSJFbmRzV2l0aCIgVmFsdWU9IiZhbXA7IiAvPg0KICAgICAgICAgICAgPFJ1bGVQYXJhbWV0ZXIgTmFtZT0iSW5kZXgiIFZhbHVlPSIwIiAvPg0KICAgICAgICAgICAgPFJ1bGVQYXJhbWV0ZXIgTmFtZT0iSWdub3JlQ2FzZSIgVmFsdWU9IkZhbHNlIiAvPg0KICAgICAgICAgICAgPFJ1bGVQYXJhbWV0ZXIgTmFtZT0iVXNlUmVndWxhckV4cHJlc3Npb24iIFZhbHVlPSJGYWxzZSIgLz4NCiAgICAgICAgICAgIDxSdWxlUGFyYW1ldGVyIE5hbWU9Ikh0bWxEZWNvZGUiIFZhbHVlPSJUcnVlIiAvPg0KICAgICAgICAgICAgPFJ1bGVQYXJhbWV0ZXIgTmFtZT0iUmVxdWlyZWQiIFZhbHVlPSJGYWxzZSIgLz4NCiAgICAgICAgICA8L1J1bGVQYXJhbWV0ZXJzPg0KICAgICAgICA8L0V4dHJhY3Rpb25SdWxlPg0KICAgICAgICA8RXh0cmFjdGlvblJ1bGUgQ2xhc3NuYW1lPSJNaWNyb3NvZnQuVmlzdWFsU3R1ZGlvLlRlc3RUb29scy5XZWJUZXN0aW5nLlJ1bGVzLkV4dHJhY3RUZXh0LCBNaWNyb3NvZnQuVmlzdWFsU3R1ZGlvLlF1YWxpdHlUb29scy5XZWJUZXN0RnJhbWV3b3JrLCBWZXJzaW9uPTEwLjAuMC4wLCBDdWx0dXJlPW5ldXRyYWwsIFB1YmxpY0tleVRva2VuPWIwM2Y1ZjdmMTFkNTBhM2EiIFZhcmlhYmxlTmFtZT0iUXVlcnlTdHJpbmdQYXJhbTEzLk9UU3RhcnRUaW1lIiBEaXNwbGF5TmFtZT0iIiBEZXNjcmlwdGlvbj0iIj4NCiAgICAgICAgICA8UnVsZVBhcmFtZXRlcnM+DQogICAgICAgICAgICA8UnVsZVBhcmFtZXRlciBOYW1lPSJTdGFydHNXaXRoIiBWYWx1ZT0iJmFtcDthbXA7T1RTdGFydFRpbWU9IiAvPg0KICAgICAgICAgICAgPFJ1bGVQYXJhbWV0ZXIgTmFtZT0iRW5kc1dpdGgiIFZhbHVlPSImYW1wOyIgLz4NCiAgICAgICAgICAgIDxSdWxlUGFyYW1ldGVyIE5hbWU9IkluZGV4IiBWYWx1ZT0iMCIgLz4NCiAgICAgICAgICAgIDxSdWxlUGFyYW1ldGVyIE5hbWU9Iklnbm9yZUNhc2UiIFZhbHVlPSJGYWxzZSIgLz4NCiAgICAgICAgICAgIDxSdWxlUGFyYW1ldGVyIE5hbWU9IlVzZVJlZ3VsYXJFeHByZXNzaW9uIiBWYWx1ZT0iRmFsc2UiIC8+DQogICAgICAgICAgICA8UnVsZVBhcmFtZXRlciBOYW1lPSJIdG1sRGVjb2RlIiBWYWx1ZT0iVHJ1ZSIgLz4NCiAgICAgICAgICAgIDxSdWxlUGFyYW1ldGVyIE5hbWU9IlJlcXVpcmVkIiBWYWx1ZT0iRmFsc2UiIC8+DQogICAgICAgICAgPC9SdWxlUGFyYW1ldGVycz4NCiAgICAgICAgPC9FeHRyYWN0aW9uUnVsZT4NCiAgICAgICAgPEV4dHJhY3Rpb25SdWxlIENsYXNzbmFtZT0iTWljcm9zb2Z0LlZpc3VhbFN0dWRpby5UZXN0VG9vbHMuV2ViVGVzdGluZy5SdWxlcy5FeHRyYWN0VGV4dCwgTWljcm9zb2Z0LlZpc3VhbFN0dWRpby5RdWFsaXR5VG9vbHMuV2ViVGVzdEZyYW1ld29yaywgVmVyc2lvbj0xMC4wLjAuMCwgQ3VsdHVyZT1uZXV0cmFsLCBQdWJsaWNLZXlUb2tlbj1iMDNmNWY3ZjExZDUwYTNhIiBWYXJpYWJsZU5hbWU9IlF1ZXJ5U3RyaW5nUGFyYW0xNC5PVEVuZFRpbWUiIERpc3BsYXlOYW1lPSIiIERlc2NyaXB0aW9uPSIiPg0KICAgICAgICAgIDxSdWxlUGFyYW1ldGVycz4NCiAgICAgICAgICAgIDxSdWxlUGFyYW1ldGVyIE5hbWU9IlN0YXJ0c1dpdGgiIFZhbHVlPSImYW1wO2FtcDtPVEVuZFRpbWU9IiAvPg0KICAgICAgICAgICAgPFJ1bGVQYXJhbWV0ZXIgTmFtZT0iRW5kc1dpdGgiIFZhbHVlPSImYW1wOyIgLz4NCiAgICAgICAgICAgIDxSdWxlUGFyYW1ldGVyIE5hbWU9IkluZGV4IiBWYWx1ZT0iMCIgLz4NCiAgICAgICAgICAgIDxSdWxlUGFyYW1ldGVyIE5hbWU9Iklnbm9yZUNhc2UiIFZhbHVlPSJGYWxzZSIgLz4NCiAgICAgICAgICAgIDxSdWxlUGFyYW1ldGVyIE5hbWU9IlVzZVJlZ3VsYXJFeHByZXNzaW9uIiBWYWx1ZT0iRmFsc2UiIC8+DQogICAgICAgICAgICA8UnVsZVBhcmFtZXRlciBOYW1lPSJIdG1sRGVjb2RlIiBWYWx1ZT0iVHJ1ZSIgLz4NCiAgICAgICAgICAgIDxSdWxlUGFyYW1ldGVyIE5hbWU9IlJlcXVpcmVkIiBWYWx1ZT0iRmFsc2UiIC8+DQogICAgICAgICAgPC9SdWxlUGFyYW1ldGVycz4NCiAgICAgICAgPC9FeHRyYWN0aW9uUnVsZT4NCiAgICAgICAgPEV4dHJhY3Rpb25SdWxlIENsYXNzbmFtZT0iTWljcm9zb2Z0LlZpc3VhbFN0dWRpby5UZXN0VG9vbHMuV2ViVGVzdGluZy5SdWxlcy5FeHRyYWN0VGV4dCwgTWljcm9zb2Z0LlZpc3VhbFN0dWRpby5RdWFsaXR5VG9vbHMuV2ViVGVzdEZyYW1ld29yaywgVmVyc2lvbj0xMC4wLjAuMCwgQ3VsdHVyZT1uZXV0cmFsLCBQdWJsaWNLZXlUb2tlbj1iMDNmNWY3ZjExZDUwYTNhIiBWYXJpYWJsZU5hbWU9IlF1ZXJ5U3RyaW5nUGFyYW0xNi5PVEZvcm1OTyIgRGlzcGxheU5hbWU9IiIgRGVzY3JpcHRpb249IiI+DQogICAgICAgICAgPFJ1bGVQYXJhbWV0ZXJzPg0KICAgICAgICAgICAgPFJ1bGVQYXJhbWV0ZXIgTmFtZT0iU3RhcnRzV2l0aCIgVmFsdWU9IiZhbXA7YW1wO09URm9ybU5PPSIgLz4NCiAgICAgICAgICAgIDxSdWxlUGFyYW1ldGVyIE5hbWU9IkVuZHNXaXRoIiBWYWx1ZT0iJnF1b3Q7IiAvPg0KICAgICAgICAgICAgPFJ1bGVQYXJhbWV0ZXIgTmFtZT0iSW5kZXgiIFZhbHVlPSIwIiAvPg0KICAgICAgICAgICAgPFJ1bGVQYXJhbWV0ZXIgTmFtZT0iSWdub3JlQ2FzZSIgVmFsdWU9IkZhbHNlIiAvPg0KICAgICAgICAgICAgPFJ1bGVQYXJhbWV0ZXIgTmFtZT0iVXNlUmVndWxhckV4cHJlc3Npb24iIFZhbHVlPSJGYWxzZSIgLz4NCiAgICAgICAgICAgIDxSdWxlUGFyYW1ldGVyIE5hbWU9Ikh0bWxEZWNvZGUiIFZhbHVlPSJUcnVlIiAvPg0KICAgICAgICAgICAgPFJ1bGVQYXJhbWV0ZXIgTmFtZT0iUmVxdWlyZWQiIFZhbHVlPSJGYWxzZSIgLz4NCiAgICAgICAgICA8L1J1bGVQYXJhbWV0ZXJzPg0KICAgICAgICA8L0V4dHJhY3Rpb25SdWxlPg0KICAgICAgICA8RXh0cmFjdGlvblJ1bGUgQ2xhc3NuYW1lPSJNaWNyb3NvZnQuVmlzdWFsU3R1ZGlvLlRlc3RUb29scy5XZWJUZXN0aW5nLlJ1bGVzLkV4dHJhY3RGb3JtRmllbGQsIE1pY3Jvc29mdC5WaXN1YWxTdHVkaW8uUXVhbGl0eVRvb2xzLldlYlRlc3RGcmFtZXdvcmssIFZlcnNpb249MTAuMC4wLjAsIEN1bHR1cmU9bmV1dHJhbCwgUHVibGljS2V5VG9rZW49YjAzZjVmN2YxMWQ1MGEzYSIgVmFyaWFibGVOYW1lPSJGb3JtUG9zdFBhcmFtMTMuYnRuVGVtcFNhdmVJbnZpc2libGUiIERpc3BsYXlOYW1lPSIiIERlc2NyaXB0aW9uPSIiPg0KICAgICAgICAgIDxSdWxlUGFyYW1ldGVycz4NCiAgICAgICAgICAgIDxSdWxlUGFyYW1ldGVyIE5hbWU9Ik5hbWUiIFZhbHVlPSJidG5UZW1wU2F2ZUludmlzaWJsZSIgLz4NCiAgICAgICAgICAgIDxSdWxlUGFyYW1ldGVyIE5hbWU9Ikh0bWxEZWNvZGUiIFZhbHVlPSJUcnVlIiAvPg0KICAgICAgICAgICAgPFJ1bGVQYXJhbWV0ZXIgTmFtZT0iUmVxdWlyZWQiIFZhbHVlPSJGYWxzZSIgLz4NCiAgICAgICAgICAgIDxSdWxlUGFyYW1ldGVyIE5hbWU9IkluZGV4IiBWYWx1ZT0iMCIgLz4NCiAgICAgICAgICA8L1J1bGVQYXJhbWV0ZXJzPg0KICAgICAgICA8L0V4dHJhY3Rpb25SdWxlPg0KICAgICAgICA8RXh0cmFjdGlvblJ1bGUgQ2xhc3NuYW1lPSJNaWNyb3NvZnQuVmlzdWFsU3R1ZGlvLlRlc3RUb29scy5XZWJUZXN0aW5nLlJ1bGVzLkV4dHJhY3RGb3JtRmllbGQsIE1pY3Jvc29mdC5WaXN1YWxTdHVkaW8uUXVhbGl0eVRvb2xzLldlYlRlc3RGcmFtZXdvcmssIFZlcnNpb249MTAuMC4wLjAsIEN1bHR1cmU9bmV1dHJhbCwgUHVibGljS2V5VG9rZW49YjAzZjVmN2YxMWQ1MGEzYSIgVmFyaWFibGVOYW1lPSJGb3JtUG9zdFBhcmFtMTQudWNEYXRlU3RhcnQkdHh0RGF0ZSIgRGlzcGxheU5hbWU9IiIgRGVzY3JpcHRpb249IiI+DQogICAgICAgICAgPFJ1bGVQYXJhbWV0ZXJzPg0KICAgICAgICAgICAgPFJ1bGVQYXJhbWV0ZXIgTmFtZT0iTmFtZSIgVmFsdWU9InVjRGF0ZVN0YXJ0X3R4dERhdGUiIC8+DQogICAgICAgICAgICA8UnVsZVBhcmFtZXRlciBOYW1lPSJIdG1sRGVjb2RlIiBWYWx1ZT0iVHJ1ZSIgLz4NCiAgICAgICAgICAgIDxSdWxlUGFyYW1ldGVyIE5hbWU9IlJlcXVpcmVkIiBWYWx1ZT0iRmFsc2UiIC8+DQogICAgICAgICAgICA8UnVsZVBhcmFtZXRlciBOYW1lPSJJbmRleCIgVmFsdWU9IjAiIC8+DQogICAgICAgICAgPC9SdWxlUGFyYW1ldGVycz4NCiAgICAgICAgPC9FeHRyYWN0aW9uUnVsZT4NCiAgICAgICAgPEV4dHJhY3Rpb25SdWxlIENsYXNzbmFtZT0iTWljcm9zb2Z0LlZpc3VhbFN0dWRpby5UZXN0VG9vbHMuV2ViVGVzdGluZy5SdWxlcy5FeHRyYWN0Rm9ybUZpZWxkLCBNaWNyb3NvZnQuVmlzdWFsU3R1ZGlvLlF1YWxpdHlUb29scy5XZWJUZXN0RnJhbWV3b3JrLCBWZXJzaW9uPTEwLjAuMC4wLCBDdWx0dXJlPW5ldXRyYWwsIFB1YmxpY0tleVRva2VuPWIwM2Y1ZjdmMTFkNTBhM2EiIFZhcmlhYmxlTmFtZT0iRm9ybVBvc3RQYXJhbTE1LnVjRGF0ZUVuZCR0eHREYXRlIiBEaXNwbGF5TmFtZT0iIiBEZXNjcmlwdGlvbj0iIj4NCiAgICAgICAgICA8UnVsZVBhcmFtZXRlcnM+DQogICAgICAgICAgICA8UnVsZVBhcmFtZXRlciBOYW1lPSJOYW1lIiBWYWx1ZT0idWNEYXRlRW5kX3R4dERhdGUiIC8+DQogICAgICAgICAgICA8UnVsZVBhcmFtZXRlciBOYW1lPSJIdG1sRGVjb2RlIiBWYWx1ZT0iVHJ1ZSIgLz4NCiAgICAgICAgICAgIDxSdWxlUGFyYW1ldGVyIE5hbWU9IlJlcXVpcmVkIiBWYWx1ZT0iRmFsc2UiIC8+DQogICAgICAgICAgICA8UnVsZVBhcmFtZXRlciBOYW1lPSJJbmRleCIgVmFsdWU9IjAiIC8+DQogICAgICAgICAgPC9SdWxlUGFyYW1ldGVycz4NCiAgICAgICAgPC9FeHRyYWN0aW9uUnVsZT4NCiAgICAgICAgPEV4dHJhY3Rpb25SdWxlIENsYXNzbmFtZT0iTWljcm9zb2Z0LlZpc3VhbFN0dWRpby5UZXN0VG9vbHMuV2ViVGVzdGluZy5SdWxlcy5FeHRyYWN0VGV4dCwgTWljcm9zb2Z0LlZpc3VhbFN0dWRpby5RdWFsaXR5VG9vbHMuV2ViVGVzdEZyYW1ld29yaywgVmVyc2lvbj0xMC4wLjAuMCwgQ3VsdHVyZT1uZXV0cmFsLCBQdWJsaWNLZXlUb2tlbj1iMDNmNWY3ZjExZDUwYTNhIiBWYXJpYWJsZU5hbWU9IkZvcm1Qb3N0UGFyYW0xNi5PVFRpbWVTdGFydCRkZGxISCIgRGlzcGxheU5hbWU9IiIgRGVzY3JpcHRpb249IiI+DQogICAgICAgICAgPFJ1bGVQYXJhbWV0ZXJzPg0KICAgICAgICAgICAgPFJ1bGVQYXJhbWV0ZXIgTmFtZT0iU3RhcnRzV2l0aCIgVmFsdWU9Imx1ZT0mcXVvdDsiIC8+DQogICAgICAgICAgICA8UnVsZVBhcmFtZXRlciBOYW1lPSJFbmRzV2l0aCIgVmFsdWU9IiZxdW90OyZndDswMCZsdDsiIC8+DQogICAgICAgICAgICA8UnVsZVBhcmFtZXRlciBOYW1lPSJJbmRleCIgVmFsdWU9IjIzIiAvPg0KICAgICAgICAgICAgPFJ1bGVQYXJhbWV0ZXIgTmFtZT0iSWdub3JlQ2FzZSIgVmFsdWU9IkZhbHNlIiAvPg0KICAgICAgICAgICAgPFJ1bGVQYXJhbWV0ZXIgTmFtZT0iVXNlUmVndWxhckV4cHJlc3Npb24iIFZhbHVlPSJGYWxzZSIgLz4NCiAgICAgICAgICAgIDxSdWxlUGFyYW1ldGVyIE5hbWU9Ikh0bWxEZWNvZGUiIFZhbHVlPSJUcnVlIiAvPg0KICAgICAgICAgICAgPFJ1bGVQYXJhbWV0ZXIgTmFtZT0iUmVxdWlyZWQiIFZhbHVlPSJGYWxzZSIgLz4NCiAgICAgICAgICA8L1J1bGVQYXJhbWV0ZXJzPg0KICAgICAgICA8L0V4dHJhY3Rpb25SdWxlPg0KICAgICAgICA8RXh0cmFjdGlvblJ1bGUgQ2xhc3NuYW1lPSJNaWNyb3NvZnQuVmlzdWFsU3R1ZGlvLlRlc3RUb29scy5XZWJUZXN0aW5nLlJ1bGVzLkV4dHJhY3RUZXh0LCBNaWNyb3NvZnQuVmlzdWFsU3R1ZGlvLlF1YWxpdHlUb29scy5XZWJUZXN0RnJhbWV3b3JrLCBWZXJzaW9uPTEwLjAuMC4wLCBDdWx0dXJlPW5ldXRyYWwsIFB1YmxpY0tleVRva2VuPWIwM2Y1ZjdmMTFkNTBhM2EiIFZhcmlhYmxlTmFtZT0iRm9ybVBvc3RQYXJhbTE3Lk9UVGltZVN0YXJ0JGRkbE1NIiBEaXNwbGF5TmFtZT0iIiBEZXNjcmlwdGlvbj0iIj4NCiAgICAgICAgICA8UnVsZVBhcmFtZXRlcnM+DQogICAgICAgICAgICA8UnVsZVBhcmFtZXRlciBOYW1lPSJTdGFydHNXaXRoIiBWYWx1ZT0ibHVlPSZxdW90OyIgLz4NCiAgICAgICAgICAgIDxSdWxlUGFyYW1ldGVyIE5hbWU9IkVuZHNXaXRoIiBWYWx1ZT0iJnF1b3Q7Jmd0OzAwJmx0OyIgLz4NCiAgICAgICAgICAgIDxSdWxlUGFyYW1ldGVyIE5hbWU9IkluZGV4IiBWYWx1ZT0iMjMiIC8+DQogICAgICAgICAgICA8UnVsZVBhcmFtZXRlciBOYW1lPSJJZ25vcmVDYXNlIiBWYWx1ZT0iRmFsc2UiIC8+DQogICAgICAgICAgICA8UnVsZVBhcmFtZXRlciBOYW1lPSJVc2VSZWd1bGFyRXhwcmVzc2lvbiIgVmFsdWU9IkZhbHNlIiAvPg0KICAgICAgICAgICAgPFJ1bGVQYXJhbWV0ZXIgTmFtZT0iSHRtbERlY29kZSIgVmFsdWU9IlRydWUiIC8+DQogICAgICAgICAgICA8UnVsZVBhcmFtZXRlciBOYW1lPSJSZXF1aXJlZCIgVmFsdWU9IkZhbHNlIiAvPg0KICAgICAgICAgIDwvUnVsZVBhcmFtZXRlcnM+DQogICAgICAgIDwvRXh0cmFjdGlvblJ1bGU+DQogICAgICAgIDxFeHRyYWN0aW9uUnVsZSBDbGFzc25hbWU9Ik1pY3Jvc29mdC5WaXN1YWxTdHVkaW8uVGVzdFRvb2xzLldlYlRlc3RpbmcuUnVsZXMuRXh0cmFjdFRleHQsIE1pY3Jvc29mdC5WaXN1YWxTdHVkaW8uUXVhbGl0eVRvb2xzLldlYlRlc3RGcmFtZXdvcmssIFZlcnNpb249MTAuMC4wLjAsIEN1bHR1cmU9bmV1dHJhbCwgUHVibGljS2V5VG9rZW49YjAzZjVmN2YxMWQ1MGEzYSIgVmFyaWFibGVOYW1lPSJGb3JtUG9zdFBhcmFtMTguT1RUaW1lRW5kJGRkbEhIIiBEaXNwbGF5TmFtZT0iIiBEZXNjcmlwdGlvbj0iIj4NCiAgICAgICAgICA8UnVsZVBhcmFtZXRlcnM+DQogICAgICAgICAgICA8UnVsZVBhcmFtZXRlciBOYW1lPSJTdGFydHNXaXRoIiBWYWx1ZT0ibHVlPSZxdW90OyIgLz4NCiAgICAgICAgICAgIDxSdWxlUGFyYW1ldGVyIE5hbWU9IkVuZHNXaXRoIiBWYWx1ZT0iJnF1b3Q7Jmd0OzAxJmx0OyIgLz4NCiAgICAgICAgICAgIDxSdWxlUGFyYW1ldGVyIE5hbWU9IkluZGV4IiBWYWx1ZT0iMjQiIC8+DQogICAgICAgICAgICA8UnVsZVBhcmFtZXRlciBOYW1lPSJJZ25vcmVDYXNlIiBWYWx1ZT0iRmFsc2UiIC8+DQogICAgICAgICAgICA8UnVsZVBhcmFtZXRlciBOYW1lPSJVc2VSZWd1bGFyRXhwcmVzc2lvbiIgVmFsdWU9IkZhbHNlIiAvPg0KICAgICAgICAgICAgPFJ1bGVQYXJhbWV0ZXIgTmFtZT0iSHRtbERlY29kZSIgVmFsdWU9IlRydWUiIC8+DQogICAgICAgICAgICA8UnVsZVBhcmFtZXRlciBOYW1lPSJSZXF1aXJlZCIgVmFsdWU9IkZhbHNlIiAvPg0KICAgICAgICAgIDwvUnVsZVBhcmFtZXRlcnM+DQogICAgICAgIDwvRXh0cmFjdGlvblJ1bGU+DQogICAgICAgIDxFeHRyYWN0aW9uUnVsZSBDbGFzc25hbWU9Ik1pY3Jvc29mdC5WaXN1YWxTdHVkaW8uVGVzdFRvb2xzLldlYlRlc3RpbmcuUnVsZXMuRXh0cmFjdFRleHQsIE1pY3Jvc29mdC5WaXN1YWxTdHVkaW8uUXVhbGl0eVRvb2xzLldlYlRlc3RGcmFtZXdvcmssIFZlcnNpb249MTAuMC4wLjAsIEN1bHR1cmU9bmV1dHJhbCwgUHVibGljS2V5VG9rZW49YjAzZjVmN2YxMWQ1MGEzYSIgVmFyaWFibGVOYW1lPSJGb3JtUG9zdFBhcmFtMTkuT1RUaW1lRW5kJGRkbE1NIiBEaXNwbGF5TmFtZT0iIiBEZXNjcmlwdGlvbj0iIj4NCiAgICAgICAgICA8UnVsZVBhcmFtZXRlcnM+DQogICAgICAgICAgICA8UnVsZVBhcmFtZXRlciBOYW1lPSJTdGFydHNXaXRoIiBWYWx1ZT0ibHVlPSZxdW90OyIgLz4NCiAgICAgICAgICAgIDxSdWxlUGFyYW1ldGVyIE5hbWU9IkVuZHNXaXRoIiBWYWx1ZT0iJnF1b3Q7Jmd0OzAwJmx0OyIgLz4NCiAgICAgICAgICAgIDxSdWxlUGFyYW1ldGVyIE5hbWU9IkluZGV4IiBWYWx1ZT0iMjMiIC8+DQogICAgICAgICAgICA8UnVsZVBhcmFtZXRlciBOYW1lPSJJZ25vcmVDYXNlIiBWYWx1ZT0iRmFsc2UiIC8+DQogICAgICAgICAgICA8UnVsZVBhcmFtZXRlciBOYW1lPSJVc2VSZWd1bGFyRXhwcmVzc2lvbiIgVmFsdWU9IkZhbHNlIiAvPg0KICAgICAgICAgICAgPFJ1bGVQYXJhbWV0ZXIgTmFtZT0iSHRtbERlY29kZSIgVmFsdWU9IlRydWUiIC8+DQogICAgICAgICAgICA8UnVsZVBhcmFtZXRlciBOYW1lPSJSZXF1aXJlZCIgVmFsdWU9IkZhbHNlIiAvPg0KICAgICAgICAgIDwvUnVsZVBhcmFtZXRlcnM+DQogICAgICAgIDwvRXh0cmFjdGlvblJ1bGU+DQogICAgICAgIDxFeHRyYWN0aW9uUnVsZSBDbGFzc25hbWU9Ik1pY3Jvc29mdC5WaXN1YWxTdHVkaW8uVGVzdFRvb2xzLldlYlRlc3RpbmcuUnVsZXMuRXh0cmFjdFRleHQsIE1pY3Jvc29mdC5WaXN1YWxTdHVkaW8uUXVhbGl0eVRvb2xzLldlYlRlc3RGcmFtZXdvcmssIFZlcnNpb249MTAuMC4wLjAsIEN1bHR1cmU9bmV1dHJhbCwgUHVibGljS2V5VG9rZW49YjAzZjVmN2YxMWQ1MGEzYSIgVmFyaWFibGVOYW1lPSJGb3JtUG9zdFBhcmFtMjAuZGRsT1RUeXBlSUQiIERpc3BsYXlOYW1lPSIiIERlc2NyaXB0aW9uPSIiPg0KICAgICAgICAgIDxSdWxlUGFyYW1ldGVycz4NCiAgICAgICAgICAgIDxSdWxlUGFyYW1ldGVyIE5hbWU9IlN0YXJ0c1dpdGgiIFZhbHVlPSImcXVvdDs4JnF1b3Q7LCZxdW90OyIgLz4NCiAgICAgICAgICAgIDxSdWxlUGFyYW1ldGVyIE5hbWU9IkVuZHNXaXRoIiBWYWx1ZT0iJnF1b3Q7XSwmcXVvdDtEIiAvPg0KICAgICAgICAgICAgPFJ1bGVQYXJhbWV0ZXIgTmFtZT0iSW5kZXgiIFZhbHVlPSIwIiAvPg0KICAgICAgICAgICAgPFJ1bGVQYXJhbWV0ZXIgTmFtZT0iSWdub3JlQ2FzZSIgVmFsdWU9IkZhbHNlIiAvPg0KICAgICAgICAgICAgPFJ1bGVQYXJhbWV0ZXIgTmFtZT0iVXNlUmVndWxhckV4cHJlc3Npb24iIFZhbHVlPSJGYWxzZSIgLz4NCiAgICAgICAgICAgIDxSdWxlUGFyYW1ldGVyIE5hbWU9Ikh0bWxEZWNvZGUiIFZhbHVlPSJUcnVlIiAvPg0KICAgICAgICAgICAgPFJ1bGVQYXJhbWV0ZXIgTmFtZT0iUmVxdWlyZWQiIFZhbHVlPSJGYWxzZSIgLz4NCiAgICAgICAgICA8L1J1bGVQYXJhbWV0ZXJzPg0KICAgICAgICA8L0V4dHJhY3Rpb25SdWxlPg0KICAgICAgPC9Db3JyZWxhdGlvbkV4dHJhY3Rpb25SdWxlcz4NCiAgICAgIDxRdWVyeVN0cmluZ1BhcmFtZXRlcnM+DQogICAgICAgIDxRdWVyeVN0cmluZ1BhcmFtZXRlciBOYW1lPSJPVENvbXBJRCIgVmFsdWU9IlNQSEJLMSIgUmVjb3JkZWRWYWx1ZT0iU1BIQksxIiBDb3JyZWxhdGlvbkJpbmRpbmc9Int7UXVlcnlTdHJpbmdQYXJhbTE3Lk9UQ29tcElEfX0iIFVybEVuY29kZT0iRmFsc2UiIFVzZVRvR3JvdXBSZXN1bHRzPSJGYWxzZSIgLz4NCiAgICAgICAgPFF1ZXJ5U3RyaW5nUGFyYW1ldGVyIE5hbWU9Ik9URW1wSUQiIFZhbHVlPSIxMDIxMTkiIFJlY29yZGVkVmFsdWU9IjEwMjExOSIgQ29ycmVsYXRpb25CaW5kaW5nPSJ7e1F1ZXJ5U3RyaW5nUGFyYW0xOC5PVEVtcElEfX0iIFVybEVuY29kZT0iRmFsc2UiIFVzZVRvR3JvdXBSZXN1bHRzPSJGYWxzZSIgLz4NCiAgICAgICAgPFF1ZXJ5U3RyaW5nUGFyYW1ldGVyIE5hbWU9Ik9UU3RhcnREYXRlIiBWYWx1ZT0iMjAxNyUyZjA1JTJmMTEiIFJlY29yZGVkVmFsdWU9IjIwMTclMmYwNSUyZjExIiBDb3JyZWxhdGlvbkJpbmRpbmc9Int7UXVlcnlTdHJpbmdQYXJhbTE5Lk9UU3RhcnREYXRlfX0iIFVybEVuY29kZT0iRmFsc2UiIFVzZVRvR3JvdXBSZXN1bHRzPSJGYWxzZSIgLz4NCiAgICAgICAgPFF1ZXJ5U3RyaW5nUGFyYW1ldGVyIE5hbWU9Ik9URW5kRGF0ZSIgVmFsdWU9IjIwMTclMmYwNSUyZjExIiBSZWNvcmRlZFZhbHVlPSIyMDE3JTJmMDUlMmYxMSIgQ29ycmVsYXRpb25CaW5kaW5nPSJ7e1F1ZXJ5U3RyaW5nUGFyYW0yMC5PVEVuZERhdGV9fSIgVXJsRW5jb2RlPSJGYWxzZSIgVXNlVG9Hcm91cFJlc3VsdHM9IkZhbHNlIiAvPg0KICAgICAgICA8UXVlcnlTdHJpbmdQYXJhbWV0ZXIgTmFtZT0iT1RTdGFydFRpbWUiIFZhbHVlPSIwMDAwIiBSZWNvcmRlZFZhbHVlPSIwMDAwIiBDb3JyZWxhdGlvbkJpbmRpbmc9Int7UXVlcnlTdHJpbmdQYXJhbTIxLk9UU3RhcnRUaW1lfX0iIFVybEVuY29kZT0iRmFsc2UiIFVzZVRvR3JvdXBSZXN1bHRzPSJGYWxzZSIgLz4NCiAgICAgICAgPFF1ZXJ5U3RyaW5nUGFyYW1ldGVyIE5hbWU9Ik9URW5kVGltZSIgVmFsdWU9IjAxMDAiIFJlY29yZGVkVmFsdWU9IjAxMDAiIENvcnJlbGF0aW9uQmluZGluZz0ie3tRdWVyeVN0cmluZ1BhcmFtMjIuT1RFbmRUaW1lfX0iIFVybEVuY29kZT0iRmFsc2UiIFVzZVRvR3JvdXBSZXN1bHRzPSJGYWxzZSIgLz4NCiAgICAgICAgPFF1ZXJ5U3RyaW5nUGFyYW1ldGVyIE5hbWU9Ik9UVHhuSUQiIFZhbHVlPSJ7e1F1ZXJ5U3RyaW5nUGFyYW0yMy5PVFR4bklEfX0iIFJlY29yZGVkVmFsdWU9IlNQSEJLMTEwMjExOTIwMTcwNTExNTUiIENvcnJlbGF0aW9uQmluZGluZz0ie3tRdWVyeVN0cmluZ1BhcmFtMjMuT1RUeG5JRH19IiBVcmxFbmNvZGU9IkZhbHNlIiBVc2VUb0dyb3VwUmVzdWx0cz0iRmFsc2UiIC8+DQogICAgICAgIDxRdWVyeVN0cmluZ1BhcmFtZXRlciBOYW1lPSJPVEZvcm1OTyIgVmFsdWU9IjIwMTcwNTExNjAxMDIxMTkiIFJlY29yZGVkVmFsdWU9IjIwMTcwNTExNjAxMDIxMTkiIENvcnJlbGF0aW9uQmluZGluZz0ie3tRdWVyeVN0cmluZ1BhcmFtMjQuT1RGb3JtTk99fSIgVXJsRW5jb2RlPSJGYWxzZSIgVXNlVG9Hcm91cFJlc3VsdHM9IkZhbHNlIiAvPg0KICAgICAgPC9RdWVyeVN0cmluZ1BhcmFtZXRlcnM+DQogICAgICA8Rm9ybVBvc3RIdHRwQm9keT4NCiAgICAgICAgPEZvcm1Qb3N0UGFyYW1ldGVyIE5hbWU9IlRvb2xraXRTY3JpcHRNYW5hZ2VyMV9IaWRkZW5GaWVsZCIgVmFsdWU9Ijs7QWpheENvbnRyb2xUb29sa2l0LCBWZXJzaW9uPTQuMS43LjYwNywgQ3VsdHVyZT1uZXV0cmFsLCBQdWJsaWNLZXlUb2tlbj0yOGYwMWIwZTg0YjZkNTNlOnpoLUhhbnQ6N2I5NWVkMWEtNmEzZi00MWRkLWJjNWItNjNmMzllZGJjNGI0OmRlMWZlYWIyOmZjZjBlOTkzOmYyYzhlNzA4OjcyMGE1MmJmOmY5Y2VjOWJjOjU4OWVhYTMwOjY5ODEyOWNmOmZiOWI0YzU3OmNjYjk2Y2Y5OjhhZDE4MTAxOmE2N2MyNzAwOjg2MTNhZWE3OjMyMDJhNWEyOmFiMDllM2ZlOjg3MTA0YjdjOmJlNmZiMjk4IiBSZWNvcmRlZFZhbHVlPSI7O0FqYXhDb250cm9sVG9vbGtpdCwgVmVyc2lvbj00LjEuNy42MDcsIEN1bHR1cmU9bmV1dHJhbCwgUHVibGljS2V5VG9rZW49MjhmMDFiMGU4NGI2ZDUzZTp6aC1IYW50OjdiOTVlZDFhLTZhM2YtNDFkZC1iYzViLTYzZjM5ZWRiYzRiNDpkZTFmZWFiMjpmY2YwZTk5MzpmMmM4ZTcwODo3MjBhNTJiZjpmOWNlYzliYzo1ODllYWEzMDo2OTgxMjljZjpmYjliNGM1NzpjY2I5NmNmOTo4YWQxODEwMTphNjdjMjcwMDo4NjEzYWVhNzozMjAyYTVhMjphYjA5ZTNmZTo4NzEwNGI3YzpiZTZmYjI5OCIgQ29ycmVsYXRpb25CaW5kaW5nPSIiIFVybEVuY29kZT0iVHJ1ZSIgLz4NCiAgICAgICAgPEZvcm1Qb3N0UGFyYW1ldGVyIE5hbWU9Il9fRVZFTlRUQVJHRVQiIFZhbHVlPSJ7eyRISURERU4xLl9fRVZFTlRUQVJHRVR9fSIgUmVjb3JkZWRWYWx1ZT0iIiBDb3JyZWxhdGlvbkJpbmRpbmc9IiIgVXJsRW5jb2RlPSJUcnVlIiAvPg0KICAgICAgICA8Rm9ybVBvc3RQYXJhbWV0ZXIgTmFtZT0iX19FVkVOVEFSR1VNRU5UIiBWYWx1ZT0ie3skSElEREVOMS5fX0VWRU5UQVJHVU1FTlR9fSIgUmVjb3JkZWRWYWx1ZT0iIiBDb3JyZWxhdGlvbkJpbmRpbmc9IiIgVXJsRW5jb2RlPSJUcnVlIiAvPg0KICAgICAgICA8Rm9ybVBvc3RQYXJhbWV0ZXIgTmFtZT0iX19MQVNURk9DVVMiIFZhbHVlPSJ7eyRISURERU4xLl9fTEFTVEZPQ1VTfX0iIFJlY29yZGVkVmFsdWU9IiIgQ29ycmVsYXRpb25CaW5kaW5nPSIiIFVybEVuY29kZT0iVHJ1ZSIgLz4NCiAgICAgICAgPEZvcm1Qb3N0UGFyYW1ldGVyIE5hbWU9Il9fVlNUQVRFIiBWYWx1ZT0ie3skSElEREVOMS5fX1ZTVEFURX19IiBSZWNvcmRlZFZhbHVlPSJBUitMQ0FBQUFBQUFCQUR0R1d0ekc5VTF1ckg4aW9rOW1jWWhUU3B0bklMakVrbTdxNWNsMmFKK3BYWVR4eVlTQ1RPQjBheTBWNnZGcTEyeGUyVmJ3ekFON2FSSkUxTENRR2hEYUNsVFVpaE1hRnFtWUpLVTlpZDBPdjNRejYxbE81LzZFK2k1dTZ1WEh4Qm94TFNkcnNlcnZlZWVQZWZjODdybjNQM1UwZjJndytsS3BjWTBsZWlhWXB6QXp4UmxIYzlxQmhrVk1uTkhjU21WNm5VNGQyUnljOU5ZVUk0b2d0VHQ3T1FHdzJ3b0dCamtRdDI5MzNKMXBFWUlFVEs1cVhHbmwyQ0RjQ3pQY1pFUUg4QVprWXQ0MGdFeDRnbHdZZDRUeVlwK2p4RE9Cc1VzbDJheklkSFZuNW9WSkR4bFRBdXlTdUEva1FFaEZPQXVFMWxUWjlTS0hKS3JNeldUbkZERmNZRmdaeWZQY21FZkcvUnhuS3MxTlpFdkFPZFdpNnVyQy9BU1JOQkpVczVqWndzTGw2c3RwUXZxSENBaE51emFiYk44cklqMVVvTG9zaW9kMDZTY3F4MWVUQzZxZ05XYm1KMGNQY3BaQkNrck5zaHh3YURMS1JDU3lYM2hOZTYwR1I3UjlMekphVWZxbEtiUEpXU0NnZG4ySUFqWVRoZGhMbTB2RjRud3ZrRWZ4ekxMU3hmS2w4NHpIQjlsMmFpNUNwSE1DcnJBTCszZjV0aTJiZHVuY05GZmVuVWh1QjFQbEF5QzgxNGdKQnhtVG1MZEFCME9CN3dzL1R2TWpCVVZVdFR4c0lxTFJCZVV3OHhzTWEzSUdUQnhVcHZENm5BNkhCYUNtV0NJaS9nRG1CMk1PQ254M1hVMHpWdFNTQ3Q0Tzh6c3JZNjhKM0JlSTZCSG0yWEhFM2tsa2NuaHZMQURuc2JsYlBZN3VwRGY3bkRzdEluWmVGVG1Ea3FxdFFWdUgrOGFlblF4cnpEenR0eDluSmZ0WTdDYTBVUWdQZHhYSkZrUEYrcDdOUDVBNTlDaUVUVk1CZ3k4b1JyRGZYM1dRM1FSbm5PRUZLSSszOExDZ25mQjc5VjB5Y2V6TE9kN1l2cVlKVlFGTjIrSXNBSWdyS3MyTmNPVGw4RUJEUzFMUEJrdEh3VThqNFhWQjF3Wmh2TEZDczVqbFRDcWtNZkRmZWI2T1d2V21vZjNDZ3BlVEpZSzJJWmFjQU1DQ3haVEEyNUdia1NjRnpKNEZFdXkyc2NRSURIY1IxODFuYlNQc1VTSmduTkxtQnlIRjR3Q1lOUEY1MlYxSnBNcDZyQjYwSm52YzNtQUhCQkxUV014ampNS09Db040ZWF1WlZ3b0haUHpNcG5VaXZyeHI0VExaTk81MEJUYk5DYlRrT1p6MWNWOEJXeWF1cHFaNUhUUklHTTVuSmxySWc5ekhXQ2Rack5vcnVGaDg2WTdZdk9pcE1LaGVSRUNlK1FKY3g5dkdvZVRnaUtMVGVZeElqNE5UdHRrSmdrQkVuQnBSaCtodkpxOGxDbDFucXFObGkvM2hkT1FiK04yYWNMV2I2MG0wSlpvaS8yWm1HV1ZrTUNrS3NtVVlVTmdWaS9pS3B5V29OV1NwcnF6VjJZZk4vQllVZGVCOGpFdEkxQUU4K1Y3MlBnek9VM080SFdyelF1TGxWRlJUV3RGVmNSaVRRZjNzbHBMUzJiWkVtOTFRdjMwbDdZaEVVb3RTWTlhUDBMK3k5UTU5anNXaWM5N3A4TElNMitYUUVNMWZWZVdZdW1Sc1VXVHhZcG1hNnJWdFlVWlhjUzZxUmdiTHljWVl6bEJsVEFvU0ZZTnJCUFFUMDJ0ZFhWU1BCSVo4dFdQRzVDc1FpZk9zeGFPUGF5aXJDOVVUR0liZ0RYMCtuSWpIZ0RVQnNDbWVKTnhqbTlFbk55SVNGTi9uSzJobWVNcVZ1T21IUStFaG56clFKdWdWa2l1ZzFReDYvWk9pbFkvck1PcDdIM3hNRVdwanRaam1LUzVLc282OFN0YlQ5eFA1YW1PTmlCTXhrTjFDSFZxcWliK09BZjJxWTJxQ0hWNU84NkJldXJIZGY1UVM3d21vUVpBRmEwaGRkSkZOUUxXa2F0TGZuR3pLK1Y0bjUrdDBLNmZyWVMyNWY1MlNEZkV5NUJ2WFFESFcyaDN0SzVyb3IxU2EycGFlRnJUNFVkVzZjOW9VVmJFanRRSlBDOVRGTm9SdHNPRjdPN3dVL3ZhQWEzNlRKTDJvY2RubkQyVnpqYkVybStkTnpUWmR2TnR0OVFjTktPVTBKaG1kZDVXdXd5ZE9MeU9uOEd1QTNiRE8xSWsya2lob0pRbThta3NVdGlZWVl3cGdtRklydTVLNDQ5cHhwVUEwcEpLNEVXbmcrdEZhSHUzMk12RHZic1hRYnQrVEpaeVpGUmJITld4TURlaFV2V0pPYkVYWlFHckJUbE1yTGFUc0hDWXlJa2ljcHFRbGlSZUpNNEgxNjVlV2IzOHcrV2xHLys4ODhMYWV4ZFgzN2xVL3VUczM4LzhDdkQyVUR6M0htZlh5czJsdGQ5ZXZudmh6TnFiTHdCOG53M3ZYcjUxcTN6aDJ0b0g1MVp1WFFZNk1PVzJwM2JERklWZldWcDUrYldWY3o5YWZlV2QxYmRmQW9TRE5vSjlHZ0dRaDJ4SVcvbjJxek9ybi93YVFBTTJxTWRDK3NlWk03VTVUM2VQdVo3cU9ydDdIY2pSNitnUlJZaytpU2dNYjNlNmRxU29rYWdwQmVMc0tzSDFwRzk2K2ttZktJS3hxa1pzM2ZZbitZVnJmLzF6T3oxaHNBNVBBRFRhNHI3eHQzWWdNV1djd0lJNG95b2xldnlSMURRSXZJTFRjL3J1N1ordnZIemhLYWI4MHAzeWkrK3QvT1Q2eXJVZmd2NU8zNzEyMVlTdkxKMjllL1d0OHRtM3krOS9iTmtBekFIM0h2cnJhdFBVakNKbjVwekp4NG1zcE1aeWMyQzhwQ1pKQ2phdEpDc3lLUjNxTDJhb09LYW9xVXh1cmpiVmY1aHBtQlRsZVJvakkyRCsvb0dZQ0VwQ1ZFVk9nNVFVN0hUUHcrWWd3NWJzZ1VpVDFDalJDckg1S3Exb3pIYVJkdEIzdlVkM1VlZXNuUzcxakFsRkF4dG0zakF6ditScSszTDZBTWs2TlZWTUs1WU9kcEtjYkhnaEN4VHhjSDkvVEFTdjdtMTF0VzVxdUk0TmRwdWtqdEJndGtrUnhhZ0R1UGMydnV6K2V0WFc3bjFWRzd2MzU5emYrSGNONm5ZNVorL0JraURvVm5ha1U1dGIwZTMra2daME01TDdnT1R1KzhMV2NSL2MzQ2J1YjY1VDZFTlZJN2dmcnRQK295QkxDNlRLS1NPUnFBUXBxSGt6clgyMi84OGthVHJkd3Yvckp6ZHFidnM5YXE3VkZBYldScFZGengwUFVFS2p0TnlVeEo3ZGV6c2dJOTU5SG5MWU9jU3lpT1VReXlQV2o5Z0FZb09JRFNFMmpOaEJ4RVlReHlLT1F4eVBPRC9pQW9nTElpNkV1RERpQmhFWFFUeUxlQTd4UE9MOXphRDV0VWUyNzVXMnVxeWM2S3hicHZzUVhkdncvWmNEOFFIRUJ4RWZRbndZOFlPSWp5QS9pL3djOHZQSTcwZitBUElIa1QrRS9HSGtIMFQrQ0Fxd0tNQ2hBSThDZmhRSW9FQVFCVUlvRUVhQlFSU0lvQ0NMZ2h3Szhpam9SOEVBQ2daUk1JU0NZUlFjUk1ISWY3djhZTFBoTFcxMkw1ZGwxNDV1MlBkNnQ0bG9na2FkdTMrclNQdnMvR1FGMDZiNXFUWjF2NkxNY3IvL2tkQkMvdyt0L3pqNTczZG9IYldyMGUyY2x3V3ZuN0dHR0I0ZnMydFJzeXVrdFNpTmlsTm1KTzV4T2xqM2c3VGFQbTNpOTBydytKVDFCSkdKN0tkMldxTkRvVzV4cU51K0FkdFJQMlV6Ui9Vd2g4Y013dlVRd1hSSTEwNGFyU2ZwSG41RXhvcm9iQm5UUk94NndEekJnY3JmQW5aUTRCZzlkYkpjdDJzWEZOc2V4bE4xQUhqdXVudjJVdm55K2ZMTjh5dHZubTh0bi8xdytmYXJyU3V2LzJEdHhzM1c4cGs3cXkvZTZDMS9jQlBLQ3QvSzYrZkx0NjdBMCtydkw1ZVhQdWlDLy9MRnExYUhzV3Z0M0x2UVBxeThjWDNsRjB2TGYzaDk1ZnFOWGVVM1BnTFE4aWNYNmNUMUc0Qzd5MEplZmZmNTFhdDNsbTlkWEw3OVlSZE1ycDIvdFBiTG55My84WDJuK1dseGQ1ZURkWURmc1E3ZTRYY0VIRUZIeUJGMkREb2lyWkN1V0pZREQraXFOeWdvQllPRzlydjJRVnU0ZUF5ckVza2RwenJRTWtYb3QyU3NrcWx4REJYK0ZJeXdvT2ZNUjNNMjU5cWZHcGVOd29SS3NJN0ZVNW91R2pQcHAyc3ZkYVpPUVFHblR3djZISWFtajNZTTBzUmlJUWNUVTVXUHhUbXp6TVJtVVRTU0lmSThucHFla0FDNzB1NWgxODRVTlVvaUoyZkpVVmtWZHd4OEx3R2Q2NnlROFo3Q2FhQ25ZOFB3UWorWjExUXZ6ZVdQTktBZlpyYkVybjNuREh2OVhqL241VDcvUTZkYVZKUnRybDBwcTBOTmFvOFhDbGdmRXd5Y00zdWlXWkI0QVJTeDZVN3o1R2Z1TkdTUnpDU2hwekkwZFJybnRZMzd6WHFFTFhlZFVGYlJCQkpWY0piRVJEQ1FJcFNpc3FySUt2YWtGUzB6RnlzSUl2MHVHbVViTjZOMnExaDJ0ZGM2TytjcFdTUzVmZFpSUU9uYjlLdXVxNzFtbXBiVWdjUW8rajZ5T3JjNVhDb1duRDlGWm9sTVpLS1lKYktjWlE3VmltYXZZcm9ZRXg5bWVKWmxIbjZZcWMweEI0YVovdjZCWjVsT3BoNDZYRGZ3R3NXMGRUcDhpRDFNS1F6RW1NN25ZcDN6Z3M1b3lVVUN5Q0w0SmozbjlFcVlURmhIbnFPbEtYR2pnaFVoVGZYM0dHaDN3SlRTSkFBeVVCc1BQRXRIWGxsVnNVNzlDUWhiMy91OVdiUDlPdlRkUkdyYWtNd0FtRklMUlFMUlkwYkFZV2JEWW0xQm54UE5ZNGtXZDZSQm4rNFlPb1BNb3dmTFc2eDB0ZWQwK2EyM3k3OTU3KzZQWHkyLy85cFQ1WTkrVjc3eXh1b3I3NWdHZnNWUnNTRERGeFlaam9WYjVTSEdaRFJGMDZNSFdaYU5NV25hb2VxMGFJOHlCNDhjbVJnY0NjV1lyS1lTendLbVJ5TlJKcTBwSXVCcDlCUTF5bkJBeGRDZ2tXVkVpRnBKRjBveFppRW5FK3d4ajk2ampLb3Q2RUtoOG9KSEYwUzVhRVFaUHpBV1VWc3RuMnVWdEJ1RWdWSEoxS3lacVJjYWg4ODJEczlhWWRQU2JVYU4yL2xBeFlWVlRjVXg4VjlWT2VkSWRpSUFBQT09IiBDb3JyZWxhdGlvbkJpbmRpbmc9IiIgVXJsRW5jb2RlPSJUcnVlIiAvPg0KICAgICAgICA8Rm9ybVBvc3RQYXJhbWV0ZXIgTmFtZT0iX19WSUVXU1RBVEUiIFZhbHVlPSJ7eyRISURERU4xLl9fVklFV1NUQVRFfX0iIFJlY29yZGVkVmFsdWU9IiIgQ29ycmVsYXRpb25CaW5kaW5nPSIiIFVybEVuY29kZT0iVHJ1ZSIgLz4NCiAgICAgICAgPEZvcm1Qb3N0UGFyYW1ldGVyIE5hbWU9Il9fU0NST0xMUE9TSVRJT05YIiBWYWx1ZT0ie3skSElEREVOMS5fX1NDUk9MTFBPU0lUSU9OWH19IiBSZWNvcmRlZFZhbHVlPSIwIiBDb3JyZWxhdGlvbkJpbmRpbmc9IiIgVXJsRW5jb2RlPSJUcnVlIiAvPg0KICAgICAgICA8Rm9ybVBvc3RQYXJhbWV0ZXIgTmFtZT0iX19TQ1JPTExQT1NJVElPTlkiIFZhbHVlPSJ7eyRISURERU4xLl9fU0NST0xMUE9TSVRJT05ZfX0iIFJlY29yZGVkVmFsdWU9IjAiIENvcnJlbGF0aW9uQmluZGluZz0iIiBVcmxFbmNvZGU9IlRydWUiIC8+DQogICAgICAgIDxGb3JtUG9zdFBhcmFtZXRlciBOYW1lPSJfX0VWRU5UVkFMSURBVElPTiIgVmFsdWU9Int7JEhJRERFTjEuX19FVkVOVFZBTElEQVRJT059fSIgUmVjb3JkZWRWYWx1ZT0iL3dFZEFOb0JyMVZ3OWFHQkMzcjNqSzlMeHdwbUQ2Vjc4MzFxRm85UkcwWXE4V2JmQStlaDQrZW1aNCtwK0hZZm03N0w5SjdvRC9ocHZ1WG5ON05sb04ydEQwNWFDanptbHRhVU03YUVBTitnOWNQL20xMHp6NzVQT0VjdkNrOUZwY3JTcUcvRStXS2VpWFJWakRRUnEzNllONFZ6VFhYY2RvMEtZbzlmQzFJZ3dtK1duQ3JKNFk0cytYM2k3YnBXWkpLcWxlajFsTVh5V0dpTWYvZHN0c2QremR5dElocU12WjFFeVhNQWx6MndDbXlzdzdmZlhoTmlYRHNBeFFjTEdzVmcwRGY0WnZneTc2MjZqcEtINTFja2F1S1NYNlFQQmFVZTM2VUV1V2p3eXByWTdZUW5oWG91R0JLdUFobXZYaDNlRHNxU3pEL2N1d1djMzFNMmJTb0lVZjFFcTFKRE83Y0pBR3VydGprc09TaWRCZnRWSVVWcTVKVmQ3Z2NyNmdFb0FOSFBmWkptL0hqOFVkNlRYcDFVR0ptWjd0dnB4d1ZrS1VGNnZQeGpTSVhGbi92aWs4d3E3dCtOaFQ4RFB5QVRKZ3ZGRDNLNVUrdnhvQ3hMaVVxYzduaFZVV3Rqa3Y3QmZBZWJKZ2lsRUVOcEVuTHE1Z3I4OTJuZVJhTWh1NlVwNDhPZFlQRHFMUlNYWGpnSnE2ZVJMU0Z3WkhqQzFQakErMFJXcXQ4ZGxYSGNsWFdEUVlNclM3Ty9hTmR1eExVZTd4cGhUL3l4QWVEMlUrVmpyTGtwMm1GU0lhYUNlQnc5SEZ0Q3hQUDFQeTRDRFF0S09tYTBOWmZXUWR3VktxQy9reFRLQWxRS1N3bjYwV3c3emRBWW5PT1ZEZEdITi9UcjViZ0tQNlp3Wi84TVFjRmVEc2RDSkdkZXd5azVHc0hPcTAyTHQ0VEVyR0MyOUhCeUtWUDFTMXBwMDBJQzZmLzYveU96VFpBRXhJYzAwdHJOaEZSWDFuOE9IU0tSR0gzS2g2SzFLczJ4SDhPYy80UXdibGhaYk5ZeGpiUllSNkxpRGZKdFl2SW5XWFRuQUdacEpZNHpUSmkxZzZTMTFNNEF5VlBpb2Z0eE1mMU5JOGNQQ2xLSkl2MzZobGFQaFV1azd5bkxxSkkxTlRxblZKRmJZSVpSUTFXRUFnY2xoZmpZYTNuRC9pVW1wUnFWRG1rc3o3ZUw5WS96Z0JINGdITGU4WTJaeUNwNlptdXdFclNMNmJPeG5WSjJ4N0t2YVhjVTJ2WDNTc0pMZFAvZmZ4V1RJRnRjcnREYTY3c3RyZms3NGJLTFBTaGdqd3M5S2YyL1RRTXNDRDVqWVNERWE5Mm4wYWpnMVdiRURaRHpWRy8wdy9VbnNwSW9WbWU2TUY1TDdFK0FQQlRRSENKcXpIdUIrV0cyekpKZkFWcWdwVWpNMWVGdHhIUDBlUVhhT2Y2ejAzalZnSE9WY2xiY1lKMGRaUS9mQWIyTGhOWkpqa2Z5b0NyamludlJYK2M5djdTYkFJUUQvbmQ1aDZzT1E4M1VtZmhmNmJNcHQ1NGFpbkxsTGM2U00rM2Q1akhZcm53S1RtTnhQUGFXc3ZMbWZoeDBMaHduQ1hHbEJvTHNLcGd1RHBMelFoZitsL21MMSt5ZmpVU3pxRnV4N2tIakt3WEJ6RWh4eGYwa2RaM25YclJwVlZZSkpHNUx1czRGOFdiVnRJdWtzcXdsRS93bk95Mll5aHd5TU5lc1E2NEszUzRVbWNUUm9nZHBPMUFyT2kzU3pVRVpoN3V6VnVxWWpyMWQzemtndEhqcFR6aEFvWVppVk81V1l0OTNabmh1VlhMWWdUbVBCTm03OUlzN3cxWDVUcTYwTGpzYlZ2YjhDUE5NUENCbE55R2c1dGx2aVRQbHBHZVJOc2xCS1crNExCWEU2QUU2RW9XMUxEd2x1SVY5cXo1SktQWmVKR3dZTkRhNVRWWHVwdXpFdnJWRGJsRGJ1NzFCZ2RHdlF3cStwMTFTY1lNTUxna29WMDVPWGx2b2xrdGpMU0VHcklTNlc4eVZIR2pTc2g0R091amE3eFRoU1hBVnZBcjdDSTBjQ2NZSkoreTQ1dUdLcDJ4TUhFQ3NNcWRVQlRWS1FzQW5pQzlzWkNCeUV5QWhBK2t5c1U5NkhDOElJVE1kanRRbmhwZ1JCR3prUitEczFVeVdlbmZwcS80NWloSFFuVWpSMlBhK0ZvcUpQbHVISlhZQWNMNWRpZjRyNnFRWkRHeVc3Qks5TzNMdmNiZnpqd01CZjJxeDk5VFlrSmFueGhsZG41Ukhxc2RKQlRsRlRDZUlxSmlsbE5QOVgrYUo3N3R6NW41dS84dzA2Tkx4Y2k4UTQ3dlV6Y2JZLy9vai9QZm9MQmg3OEVoL2ZyQ2lxVk5ObTNhR1N3d3BtRUN2d0VvVEVEWWdMdkNTOUd2bGxEM1ZveVFVY1BKK0l2TmJOMTMxZ1ZCRkFmYVlhV3F4VitBa0t4SjdwUlpmall0b216eWxLOUVDc2pBZFM0TzVuajR4WmliZkdtT29STGpsTGU4Wkt2eVJkaWlIdllVanR1S093UEtRT0tjWWxFRmo5ZjZoUUVWd2Q4cDRvOFlmckF0UWMySXorUEtYR3VDbVdFWXR1em9nZ0lQT3YyR2lPM3BNakdvSkxhTkFUVU9ndXk0bnBoRjdIN1NTd0tTakUrMk9EMkVuNUhQaWxaVXJEOWdrWHZHaWdlWGlFNWFZR3hjamRSK21MZENQOHZLK1NTTlJFNHNDbVl1cVlPdDRpUXBqQVA2MGt3YThhdkRkZFYwaWxSYnA2czI1REh6c2NmYUFKSkJsNGRKc0cyaWx6L1RmUWN4citMV2FqZnVreE1TZDlPbUtQd0VLajFQYjJEYjR0SHZVbWpPU3pkQ1EzdkVrZTlhbmtSNi9yckxoZjIxeFNXYjhpeWtJdUpHeCt2VTlJcU5UYjVDblFWU3cyTW1NUE9vbjdCaFpIT1JQRUREa3NEeGQraVdHNnZVK0N0STVVWkNyVFZUcXNDVlNqVWFoTlFSK3BKaDF6SDlSY3g1dTliekt1N3N1eHJWWVFOUTk3YW0vUE81cmRuVWFsbjE2SHMzR3Bld3hEa01uRW9xK0hjN3pvZWcyaTg3dGdwRHkvdi9NdVE2b0VxYndBKzlWTUQyVVJwdktJUThsSXppOFF1UDNqV2ZDQzhrU2FxYS9qYytFRUxwTm9tbmt4UGtZMkV6SFI1RnM3OTFvcmxvVkdodTBUWGhDM3lpUUMrWC9hbmZhV0RCbHduSzRMMWFCZDdySzBCa2t1TzhnYzVBVW1odVhRUU1rU1ZoSGtpSFM2bWEwc2p6MUtvL281TEExN1JhY2ZYYTduMjFnbVV3Q0tLWi91eWNuVmJOOVE3Nkh1YkQxQXF2cVlkUTcrOGZGMHBlaENQNFlDbkU4QUMzRDJZMzlVSGY4NDFtRVUvemUycFJuS1BwWkZUcE5wNWFYUGJWWjVmKzRHMEdLYTIwUXFJbGRWVkdwUERoV3B6TEVhckE1ZHZpb09lQmhZQTdZUXdhQWhtOHVsSk9NMmhSY3FMQzkrMlZuNENienBrOFRtZkkzamM4eDd4Q28wTlhhN2RHK0dUOWZlUlV5THVZeno0R2FEWHllU1NjVEhnN2tLMXM3eHl0S01VYm52ckVtNFdnZ2ZHb25OdE5MZ3lxVXZ1b2doVk51KzJtYW9UZjVlWmwwcWVTTmpJZkh2YzdoRXJZUkdxMUxqVmNPbHppS1hocWU1d0hCVDR1Y2lnUnFDNmpCbHc5aThGWW83UXoyMEJhZHNEa3NqOCtKcWZndkt0MTZJekp3c3ArN2FSTDZLVEpnREFuajd6VzdKRDRId2lyNVc4NzRmY3RqTmorenRXZU5tR05OdDlKNDA1Vy94aHlHeUNYdFp0VHFNZDRYMm9wb3lwVlZ3K1RqL0JUV2plcDJIS2NKYUVEeHIyM0Fjci9DNExoczN1cDlFUzJOSkxhUDcrWmpuWUF2S3hwZHNPcC9TNlNxekdTN2ZqL3NZODgxbFJSaTBLc1M5cFczR0FiUENUOUxZUjRnQkh6MXVDanFrWGpKdjdIOU5pdmcxbkM2OXF0U2pTYzc5UFV1bjRQcHk5SkpBK2xaeERSLzEwNkFER3FRS3U1YUErdUtXbEJyVUYxOXhUc0hmZGdZcXJLTlhzZnFtd25OYm5hOGxyUVM4QXA5SWpSTEVVaWxZTlFnQ0lTZVVmZ0NYODBnVWptUXhYcmFpR3Q2MHBPMDc0THNRTCtpeE9SeS9weEZZYWpyZk12VDBVMVdDOGNKY1JFTG9yeDAvZ0pTaisxUzRFYnpkc3RzNE5ydGs1a0dPWGxLa3R5ZXcra05xU2RqdjBVRmViZVRoQjVXaTZKVnV0UEkycWJMdVAwQ01EaEN3cnZWV2ZJc2x6UlpNaXlwT2wyczdnTWQ5MEs0SUVUOXZpcU9QZEZocENvTHRuRzRpMnVrZisyU0o2TlVFRnVwSjZxbzVJbno3SWNsUTZma2Y1akNwYTVmOTYxOWc4QnExYjVtRjdlaWE1c2xkMTBoa2dNcTV1L1VNTTlkdVh2ZlVRYnBXcElndzNmbXloRnJ5UE1XV3R3K29kQ3FNL0xuWUFKR0hZVi9ldWlWcGJHaGpMRVRHc0JhRTdJbEpCVzhsczNLdUFPNXROOGIrblNLZzQ1UWdvWjZscURVWVVqdkl3bHRiSEJhbmc3MlBNeDFVc291NTFqOHRsK3lqRGV2N3MrYWhZMlFHbUVNazdKN1JpaEN3d2NyU1NFZ21mdGxBU29GY2VIVEVKbXl2Umt5YUlxZXJ4VFE5T2pHWUdiTUhUZU9wbDg2M2xCUU9LQWVWZ05RTDNTdjJnOUVMK0IxN3RXM0VBNWJlc0FQcVNnRUpiblE4VTIyZHBlL3pncXMwSkd1NTZzV3BrZ1IyTFhIekJFWnhtNkduakppek1nTzQ4VXJwcDROZmFSZ3NRSVNMNnBxRjZiMGVpRVJUdFRSV1R3SDFpa3ludzFhdkJJTHJPQ1k1aHdNcklHTVB3ekNmOThwdXl1aVplVEZNbmthSGtpbHV4aVBydGVTeWVpNms5amQ3YmUxOW5zbTNNM28vcGVFVEZHV1g4Uis2dENJN200b3g1d1BobDZodFdWTmpnUXNEVmJ4ZkZRa1BUZGQreXo1TXNKTzBhOWxJalh1YUlUL0hyeG9lUExDMjBKTUhxZ1hIbEgwb2Urc1ducnYxSFVhOGtPbEZ5TTl2NDBQUlc4Z2cyNWpqTUVaZU9JbGZVenRoSUZVYlBxWWNvQjNSOVZuMzgrQVZuOVd4K3V0VytENk5aZWhkSGJSVGJlWFpYMDBGSStETXdCeTBTTjQ5Y0E2dDlQT1Z3MnZ4cUVMRnQrWmR4aHUxTlJ3bWNmTHpKK3lwMGhJN1ZuZFhySFpFM3doS09VaGlaYUx3UFdTR3hxdzZUR3MzVkZQb3I2cE9IWERXUGwzN3lVb1diMDdIQXNUa09tQVlqM0pvYWo0RVdmWEc5SFVjeE1sTVF4YnNsMU9NcW5GREZDY1BxbXVzZVhISVhMbkJYbVRpNW5zQVpKTGpFUXVXeGh2OHVmTHFiV3ZZYzJ3eVJPNTFhY24xc2s2M0JuZWhVUFFPc3dvUU1TVTBnV1pFMVJqcVJDekJQWjhrRlJWRFdXVU5Yc056dUVBSmhMbmR0QVBhMnNVR2dxaVBnc2t6TWY1Y2RzaTBjR0RjZ3V6NE90TEk4Wit3RXowWkIyTExGN2VqenJNZXEzOWV6T1hpQ3k5OE0xekFFSlM5L1RibUc3b3ppcVFrTm5qM0dpckNLSEZDbUJuMHBONHFuVWIxdW1oN01kV1NPeTJJMWc2Rm5KQU1oZlIwbkN5RG16K2VLL1B5UW1KVEFNZDFEbjVkdm5lY29wQVM4MHdvQXdmaU5DYk82WWtlc1hMY1Zoblg5VTE0bEJud0hkZFhSZHpsNml3TVlpNHJLVFRrOFJub1YvbUgrdjVmZHV3RDhtYVZ0dWRuRUVQQmNDQ1BFdXNoZ2pjRDdOc1lWeFNFQmNwMjdzWHA4TlpDbG96Mm82UGJGaFh2L0hDVUd4dFhvMll3dW1NRGxXa241ZjVFUWt3NitIS2hSb2JRQlVDY3hIMWplZGZ6VWt6RzRSeGxsclRVbGtlRGRiOXVsVTlaWllhTmRPL293PT0iIENvcnJlbGF0aW9uQmluZGluZz0iIiBVcmxFbmNvZGU9IlRydWUiIC8+DQogICAgICAgIDxGb3JtUG9zdFBhcmFtZXRlciBOYW1lPSJidG5UZW1wU2F2ZSIgVmFsdWU9Iuaaq+WtmCIgUmVjb3JkZWRWYWx1ZT0i5pqr5a2YIiBDb3JyZWxhdGlvbkJpbmRpbmc9Int7Rm9ybVBvc3RQYXJhbTIxLmJ0blRlbXBTYXZlfX0iIFVybEVuY29kZT0iVHJ1ZSIgLz4NCiAgICAgICAgPEZvcm1Qb3N0UGFyYW1ldGVyIE5hbWU9ImhpZEdyaWRWaWV3U3RhcnRUaW1lIiBWYWx1ZT0ie3skSElEREVOMS5oaWRHcmlkVmlld1N0YXJ0VGltZX19IiBSZWNvcmRlZFZhbHVlPSIiIENvcnJlbGF0aW9uQmluZGluZz0iIiBVcmxFbmNvZGU9IlRydWUiIC8+DQogICAgICAgIDxGb3JtUG9zdFBhcmFtZXRlciBOYW1lPSJ1Y0RhdGVTdGFydCR0eHREYXRlIiBWYWx1ZT0iMjAxNy8wNS8xMSIgUmVjb3JkZWRWYWx1ZT0iMjAxNy8wNS8xMSIgQ29ycmVsYXRpb25CaW5kaW5nPSJ7e0Zvcm1Qb3N0UGFyYW0yMi51Y0RhdGVTdGFydCR0eHREYXRlfX0iIFVybEVuY29kZT0iVHJ1ZSIgLz4NCiAgICAgICAgPEZvcm1Qb3N0UGFyYW1ldGVyIE5hbWU9InVjRGF0ZUVuZCR0eHREYXRlIiBWYWx1ZT0iMjAxNy8wNS8xMSIgUmVjb3JkZWRWYWx1ZT0iMjAxNy8wNS8xMSIgQ29ycmVsYXRpb25CaW5kaW5nPSJ7e0Zvcm1Qb3N0UGFyYW0yMy51Y0RhdGVFbmQkdHh0RGF0ZX19IiBVcmxFbmNvZGU9IlRydWUiIC8+DQogICAgICAgIDxGb3JtUG9zdFBhcmFtZXRlciBOYW1lPSJPVFRpbWVTdGFydCRkZGxISCIgVmFsdWU9IjAwIiBSZWNvcmRlZFZhbHVlPSIwMCIgQ29ycmVsYXRpb25CaW5kaW5nPSJ7e0Zvcm1Qb3N0UGFyYW0yNC5PVFRpbWVTdGFydCRkZGxISH19IiBVcmxFbmNvZGU9IlRydWUiIC8+DQogICAgICAgIDxGb3JtUG9zdFBhcmFtZXRlciBOYW1lPSJPVFRpbWVTdGFydCRkZGxNTSIgVmFsdWU9IjAwIiBSZWNvcmRlZFZhbHVlPSIwMCIgQ29ycmVsYXRpb25CaW5kaW5nPSJ7e0Zvcm1Qb3N0UGFyYW0yNS5PVFRpbWVTdGFydCRkZGxNTX19IiBVcmxFbmNvZGU9IlRydWUiIC8+DQogICAgICAgIDxGb3JtUG9zdFBhcmFtZXRlciBOYW1lPSJPVFRpbWVFbmQkZGRsSEgiIFZhbHVlPSIwMSIgUmVjb3JkZWRWYWx1ZT0iMDEiIENvcnJlbGF0aW9uQmluZGluZz0ie3tGb3JtUG9zdFBhcmFtMjYuT1RUaW1lRW5kJGRkbEhIfX0iIFVybEVuY29kZT0iVHJ1ZSIgLz4NCiAgICAgICAgPEZvcm1Qb3N0UGFyYW1ldGVyIE5hbWU9Ik9UVGltZUVuZCRkZGxNTSIgVmFsdWU9IjAwIiBSZWNvcmRlZFZhbHVlPSIwMCIgQ29ycmVsYXRpb25CaW5kaW5nPSJ7e0Zvcm1Qb3N0UGFyYW0yNy5PVFRpbWVFbmQkZGRsTU19fSIgVXJsRW5jb2RlPSJUcnVlIiAvPg0KICAgICAgICA8Rm9ybVBvc3RQYXJhbWV0ZXIgTmFtZT0iZGRsT1RUeXBlSUQiIFZhbHVlPSI5IiBSZWNvcmRlZFZhbHVlPSI5IiBDb3JyZWxhdGlvbkJpbmRpbmc9Int7Rm9ybVBvc3RQYXJhbTI4LmRkbE9UVHlwZUlEfX0iIFVybEVuY29kZT0iVHJ1ZSIgLz4NCiAgICAgICAgPEZvcm1Qb3N0UGFyYW1ldGVyIE5hbWU9InR4dE9UUmVhc29uTWVtbyR0eHREYXRhIiBWYWx1ZT0idGVzdCIgUmVjb3JkZWRWYWx1ZT0idGVzdCIgQ29ycmVsYXRpb25CaW5kaW5nPSIiIFVybEVuY29kZT0iVHJ1ZSIgLz4NCiAgICAgICAgPEZvcm1Qb3N0UGFyYW1ldGVyIE5hbWU9ImhpZEdyaWRWaWV3U2VhcmNoU3RhcnRUaW1lIiBWYWx1ZT0ie3skSElEREVOMS5oaWRHcmlkVmlld1NlYXJjaFN0YXJ0VGltZX19IiBSZWNvcmRlZFZhbHVlPSIiIENvcnJlbGF0aW9uQmluZGluZz0iIiBVcmxFbmNvZGU9IlRydWUiIC8+DQogICAgICAgIDxGb3JtUG9zdFBhcmFtZXRlciBOYW1lPSJoaWRHcmlkVmlld1NlYXJjaEVuZFRpbWUiIFZhbHVlPSJ7eyRISURERU4xLmhpZEdyaWRWaWV3U2VhcmNoRW5kVGltZX19IiBSZWNvcmRlZFZhbHVlPSIiIENvcnJlbGF0aW9uQmluZGluZz0iIiBVcmxFbmNvZGU9IlRydWUiIC8+DQogICAgICAgIDxGb3JtUG9zdFBhcmFtZXRlciBOYW1lPSJmcmFtZUF0dGFjaCIgVmFsdWU9Ii9VdGlsL0F0dGFjaEFkbWluLmFzcHg/QXR0YWNoREI9QWF0dGVuZGFudERCX0lUUkQmYW1wO0F0dGFjaElEPXRlc3QxMDIxMTk2MjRlY2QxOS1iNGQ5LTQxNzItOWZkMy1hN2Y1ZGYxYjBmNmQmYW1wO0F0dGFjaEZpbGVNYXhRdHk9MSZhbXA7QXR0YWNoRmlsZU1heEtCPTMwNzImYW1wO0F0dGFjaEZpbGVUb3RLQj0zMDcyJmFtcDtBdHRhY2hGaWxlRXh0TGlzdD0iIFJlY29yZGVkVmFsdWU9Ii9VdGlsL0F0dGFjaEFkbWluLmFzcHg/QXR0YWNoREI9QWF0dGVuZGFudERCX0lUUkQmYW1wO0F0dGFjaElEPXRlc3QxMDIxMTk2MjRlY2QxOS1iNGQ5LTQxNzItOWZkMy1hN2Y1ZGYxYjBmNmQmYW1wO0F0dGFjaEZpbGVNYXhRdHk9MSZhbXA7QXR0YWNoRmlsZU1heEtCPTMwNzImYW1wO0F0dGFjaEZpbGVUb3RLQj0zMDcyJmFtcDtBdHRhY2hGaWxlRXh0TGlzdD0iIENvcnJlbGF0aW9uQmluZGluZz0iIiBVcmxFbmNvZGU9IlRydWUiIC8+DQogICAgICAgIDxGb3JtUG9zdFBhcmFtZXRlciBOYW1lPSJ1Y01vZGFsUG9wdXAxJENsaWVudFdpZHRoIiBWYWx1ZT0ie3skSElEREVOMS51Y01vZGFsUG9wdXAxJENsaWVudFdpZHRofX0iIFJlY29yZGVkVmFsdWU9IjAiIENvcnJlbGF0aW9uQmluZGluZz0iIiBVcmxFbmNvZGU9IlRydWUiIC8+DQogICAgICAgIDxGb3JtUG9zdFBhcmFtZXRlciBOYW1lPSJ1Y01vZGFsUG9wdXAxJENsaWVudEhlaWdodCIgVmFsdWU9Int7JEhJRERFTjEudWNNb2RhbFBvcHVwMSRDbGllbnRIZWlnaHR9fSIgUmVjb3JkZWRWYWx1ZT0iMCIgQ29ycmVsYXRpb25CaW5kaW5nPSIiIFVybEVuY29kZT0iVHJ1ZSIgLz4NCiAgICAgIDwvRm9ybVBvc3RIdHRwQm9keT4NCiAgICA8L1JlcXVlc3Q+DQogICAgPFJlcXVlc3QgTWV0aG9kPSJQT1NUIiBHdWlkPSIzNmU5NTg5MS1lMjEzLTQ5NjYtOTc3My1hN2MzM2VjNTE0MDUiIFZlcnNpb249IjEuMSIgVXJsPSJodHRwOi8vMTAuMTEuMzYuMTE0OjgwMDcvT3ZlclRpbWUvT3ZlcnRpbWVQcmVPcmRlcl9Nb2RpZnkuYXNweCIgVGhpbmtUaW1lPSI0IiBUaW1lb3V0PSIzMDAiIFBhcnNlRGVwZW5kZW50UmVxdWVzdHM9IlRydWUiIEZvbGxvd1JlZGlyZWN0cz0iVHJ1ZSIgUmVjb3JkUmVzdWx0PSJUcnVlIiBDYWNoZT0iRmFsc2UiIFJlc3BvbnNlVGltZUdvYWw9IjAiIEVuY29kaW5nPSJ1dGYtOCIgRXhwZWN0ZWRIdHRwU3RhdHVzQ29kZT0iMCIgRXhwZWN0ZWRSZXNwb25zZVVybD0iIiBSZXBvcnRpbmdOYW1lPSIiIElnbm9yZUh0dHBTdGF0dXNDb2RlPSJGYWxzZSI+DQogICAgICA8RXh0cmFjdGlvblJ1bGVzPg0KICAgICAgICA8RXh0cmFjdGlvblJ1bGUgQ2xhc3NuYW1lPSJNaWNyb3NvZnQuVmlzdWFsU3R1ZGlvLlRlc3RUb29scy5XZWJUZXN0aW5nLlJ1bGVzLkV4dHJhY3RIaWRkZW5GaWVsZHMsIE1pY3Jvc29mdC5WaXN1YWxTdHVkaW8uUXVhbGl0eVRvb2xzLldlYlRlc3RGcmFtZXdvcmssIFZlcnNpb249MTAuMC4wLjAsIEN1bHR1cmU9bmV1dHJhbCwgUHVibGljS2V5VG9rZW49YjAzZjVmN2YxMWQ1MGEzYSIgVmFyaWFibGVOYW1lPSIxIiBEaXNwbGF5TmFtZT0i5pO35Y+W6Zqx6JeP5qyE5L2NIiBEZXNjcmlwdGlvbj0i5pO35Y+W5Zue5oeJ5Lit55qE5omA5pyJ6Zqx6JeP5qyE5L2N77yM5Lim5bCH5a6D5YCR5pS+5Zyo5ris6Kmm5YWn5a655Lit44CCIj4NCiAgICAgICAgICA8UnVsZVBhcmFtZXRlcnM+DQogICAgICAgICAgICA8UnVsZVBhcmFtZXRlciBOYW1lPSJSZXF1aXJlZCIgVmFsdWU9IlRydWUiIC8+DQogICAgICAgICAgICA8UnVsZVBhcmFtZXRlciBOYW1lPSJIdG1sRGVjb2RlIiBWYWx1ZT0iVHJ1ZSIgLz4NCiAgICAgICAgICA8L1J1bGVQYXJhbWV0ZXJzPg0KICAgICAgICA8L0V4dHJhY3Rpb25SdWxlPg0KICAgICAgICA8RXh0cmFjdGlvblJ1bGUgQ2xhc3NuYW1lPSJNaWNyb3NvZnQuVmlzdWFsU3R1ZGlvLlRlc3RUb29scy5XZWJUZXN0aW5nLlJ1bGVzLkV4dHJhY3RUZXh0LCBNaWNyb3NvZnQuVmlzdWFsU3R1ZGlvLlF1YWxpdHlUb29scy5XZWJUZXN0RnJhbWV3b3JrLCBWZXJzaW9uPTEwLjAuMC4wLCBDdWx0dXJlPW5ldXRyYWwsIFB1YmxpY0tleVRva2VuPWIwM2Y1ZjdmMTFkNTBhM2EiIFZhcmlhYmxlTmFtZT0iUXVlcnlTdHJpbmdQYXJhbTcuT1RUeG5JRCIgRGlzcGxheU5hbWU9IuaTt+WPluaWh+WtlyIgRGVzY3JpcHRpb249IuW+nuWbnuaHieS4reaTt+WPluaWh+Wtl++8jOS4puWwh+Wug+aUvuWFpea4rOippuWFp+WuueS4reOAgiI+DQogICAgICAgICAgPFJ1bGVQYXJhbWV0ZXJzPg0KICAgICAgICAgICAgPFJ1bGVQYXJhbWV0ZXIgTmFtZT0iU3RhcnRzV2l0aCIgVmFsdWU9IiZhbXA7YW1wO09UVHhuSUQ9IiAvPg0KICAgICAgICAgICAgPFJ1bGVQYXJhbWV0ZXIgTmFtZT0iRW5kc1dpdGgiIFZhbHVlPSImYW1wOyIgLz4NCiAgICAgICAgICAgIDxSdWxlUGFyYW1ldGVyIE5hbWU9IkluZGV4IiBWYWx1ZT0iMCIgLz4NCiAgICAgICAgICAgIDxSdWxlUGFyYW1ldGVyIE5hbWU9Iklnbm9yZUNhc2UiIFZhbHVlPSJGYWxzZSIgLz4NCiAgICAgICAgICAgIDxSdWxlUGFyYW1ldGVyIE5hbWU9IlVzZVJlZ3VsYXJFeHByZXNzaW9uIiBWYWx1ZT0iRmFsc2UiIC8+DQogICAgICAgICAgICA8UnVsZVBhcmFtZXRlciBOYW1lPSJIdG1sRGVjb2RlIiBWYWx1ZT0iVHJ1ZSIgLz4NCiAgICAgICAgICAgIDxSdWxlUGFyYW1ldGVyIE5hbWU9IlJlcXVpcmVkIiBWYWx1ZT0iRmFsc2UiIC8+DQogICAgICAgICAgPC9SdWxlUGFyYW1ldGVycz4NCiAgICAgICAgPC9FeHRyYWN0aW9uUnVsZT4NCiAgICAgIDwvRXh0cmFjdGlvblJ1bGVzPg0KICAgICAgPENvcnJlbGF0aW9uRXh0cmFjdGlvblJ1bGVzPg0KICAgICAgICA8RXh0cmFjdGlvblJ1bGUgQ2xhc3NuYW1lPSJNaWNyb3NvZnQuVmlzdWFsU3R1ZGlvLlRlc3RUb29scy5XZWJUZXN0aW5nLlJ1bGVzLkV4dHJhY3RUZXh0LCBNaWNyb3NvZnQuVmlzdWFsU3R1ZGlvLlF1YWxpdHlUb29scy5XZWJUZXN0RnJhbWV3b3JrLCBWZXJzaW9uPTEwLjAuMC4wLCBDdWx0dXJlPW5ldXRyYWwsIFB1YmxpY0tleVRva2VuPWIwM2Y1ZjdmMTFkNTBhM2EiIFZhcmlhYmxlTmFtZT0iUXVlcnlTdHJpbmdQYXJhbTEuT1RDb21wSUQiIERpc3BsYXlOYW1lPSIiIERlc2NyaXB0aW9uPSIiPg0KICAgICAgICAgIDxSdWxlUGFyYW1ldGVycz4NCiAgICAgICAgICAgIDxSdWxlUGFyYW1ldGVyIE5hbWU9IlN0YXJ0c1dpdGgiIFZhbHVlPSI/T1RDb21wSUQ9IiAvPg0KICAgICAgICAgICAgPFJ1bGVQYXJhbWV0ZXIgTmFtZT0iRW5kc1dpdGgiIFZhbHVlPSImYW1wOyIgLz4NCiAgICAgICAgICAgIDxSdWxlUGFyYW1ldGVyIE5hbWU9IkluZGV4IiBWYWx1ZT0iMCIgLz4NCiAgICAgICAgICAgIDxSdWxlUGFyYW1ldGVyIE5hbWU9Iklnbm9yZUNhc2UiIFZhbHVlPSJGYWxzZSIgLz4NCiAgICAgICAgICAgIDxSdWxlUGFyYW1ldGVyIE5hbWU9IlVzZVJlZ3VsYXJFeHByZXNzaW9uIiBWYWx1ZT0iRmFsc2UiIC8+DQogICAgICAgICAgICA8UnVsZVBhcmFtZXRlciBOYW1lPSJIdG1sRGVjb2RlIiBWYWx1ZT0iVHJ1ZSIgLz4NCiAgICAgICAgICAgIDxSdWxlUGFyYW1ldGVyIE5hbWU9IlJlcXVpcmVkIiBWYWx1ZT0iRmFsc2UiIC8+DQogICAgICAgICAgPC9SdWxlUGFyYW1ldGVycz4NCiAgICAgICAgPC9FeHRyYWN0aW9uUnVsZT4NCiAgICAgICAgPEV4dHJhY3Rpb25SdWxlIENsYXNzbmFtZT0iTWljcm9zb2Z0LlZpc3VhbFN0dWRpby5UZXN0VG9vbHMuV2ViVGVzdGluZy5SdWxlcy5FeHRyYWN0VGV4dCwgTWljcm9zb2Z0LlZpc3VhbFN0dWRpby5RdWFsaXR5VG9vbHMuV2ViVGVzdEZyYW1ld29yaywgVmVyc2lvbj0xMC4wLjAuMCwgQ3VsdHVyZT1uZXV0cmFsLCBQdWJsaWNLZXlUb2tlbj1iMDNmNWY3ZjExZDUwYTNhIiBWYXJpYWJsZU5hbWU9IlF1ZXJ5U3RyaW5nUGFyYW0yLk9URW1wSUQiIERpc3BsYXlOYW1lPSIiIERlc2NyaXB0aW9uPSIiPg0KICAgICAgICAgIDxSdWxlUGFyYW1ldGVycz4NCiAgICAgICAgICAgIDxSdWxlUGFyYW1ldGVyIE5hbWU9IlN0YXJ0c1dpdGgiIFZhbHVlPSImYW1wO2FtcDtPVEVtcElEPSIgLz4NCiAgICAgICAgICAgIDxSdWxlUGFyYW1ldGVyIE5hbWU9IkVuZHNXaXRoIiBWYWx1ZT0iJmFtcDsiIC8+DQogICAgICAgICAgICA8UnVsZVBhcmFtZXRlciBOYW1lPSJJbmRleCIgVmFsdWU9IjAiIC8+DQogICAgICAgICAgICA8UnVsZVBhcmFtZXRlciBOYW1lPSJJZ25vcmVDYXNlIiBWYWx1ZT0iRmFsc2UiIC8+DQogICAgICAgICAgICA8UnVsZVBhcmFtZXRlciBOYW1lPSJVc2VSZWd1bGFyRXhwcmVzc2lvbiIgVmFsdWU9IkZhbHNlIiAvPg0KICAgICAgICAgICAgPFJ1bGVQYXJhbWV0ZXIgTmFtZT0iSHRtbERlY29kZSIgVmFsdWU9IlRydWUiIC8+DQogICAgICAgICAgICA8UnVsZVBhcmFtZXRlciBOYW1lPSJSZXF1aXJlZCIgVmFsdWU9IkZhbHNlIiAvPg0KICAgICAgICAgIDwvUnVsZVBhcmFtZXRlcnM+DQogICAgICAgIDwvRXh0cmFjdGlvblJ1bGU+DQogICAgICAgIDxFeHRyYWN0aW9uUnVsZSBDbGFzc25hbWU9Ik1pY3Jvc29mdC5WaXN1YWxTdHVkaW8uVGVzdFRvb2xzLldlYlRlc3RpbmcuUnVsZXMuRXh0cmFjdFRleHQsIE1pY3Jvc29mdC5WaXN1YWxTdHVkaW8uUXVhbGl0eVRvb2xzLldlYlRlc3RGcmFtZXdvcmssIFZlcnNpb249MTAuMC4wLjAsIEN1bHR1cmU9bmV1dHJhbCwgUHVibGljS2V5VG9rZW49YjAzZjVmN2YxMWQ1MGEzYSIgVmFyaWFibGVOYW1lPSJRdWVyeVN0cmluZ1BhcmFtMy5PVFN0YXJ0RGF0ZSIgRGlzcGxheU5hbWU9IiIgRGVzY3JpcHRpb249IiI+DQogICAgICAgICAgPFJ1bGVQYXJhbWV0ZXJzPg0KICAgICAgICAgICAgPFJ1bGVQYXJhbWV0ZXIgTmFtZT0iU3RhcnRzV2l0aCIgVmFsdWU9IiZhbXA7YW1wO09UU3RhcnREYXRlPSIgLz4NCiAgICAgICAgICAgIDxSdWxlUGFyYW1ldGVyIE5hbWU9IkVuZHNXaXRoIiBWYWx1ZT0iJmFtcDsiIC8+DQogICAgICAgICAgICA8UnVsZVBhcmFtZXRlciBOYW1lPSJJbmRleCIgVmFsdWU9IjAiIC8+DQogICAgICAgICAgICA8UnVsZVBhcmFtZXRlciBOYW1lPSJJZ25vcmVDYXNlIiBWYWx1ZT0iRmFsc2UiIC8+DQogICAgICAgICAgICA8UnVsZVBhcmFtZXRlciBOYW1lPSJVc2VSZWd1bGFyRXhwcmVzc2lvbiIgVmFsdWU9IkZhbHNlIiAvPg0KICAgICAgICAgICAgPFJ1bGVQYXJhbWV0ZXIgTmFtZT0iSHRtbERlY29kZSIgVmFsdWU9IlRydWUiIC8+DQogICAgICAgICAgICA8UnVsZVBhcmFtZXRlciBOYW1lPSJSZXF1aXJlZCIgVmFsdWU9IkZhbHNlIiAvPg0KICAgICAgICAgIDwvUnVsZVBhcmFtZXRlcnM+DQogICAgICAgIDwvRXh0cmFjdGlvblJ1bGU+DQogICAgICAgIDxFeHRyYWN0aW9uUnVsZSBDbGFzc25hbWU9Ik1pY3Jvc29mdC5WaXN1YWxTdHVkaW8uVGVzdFRvb2xzLldlYlRlc3RpbmcuUnVsZXMuRXh0cmFjdFRleHQsIE1pY3Jvc29mdC5WaXN1YWxTdHVkaW8uUXVhbGl0eVRvb2xzLldlYlRlc3RGcmFtZXdvcmssIFZlcnNpb249MTAuMC4wLjAsIEN1bHR1cmU9bmV1dHJhbCwgUHVibGljS2V5VG9rZW49YjAzZjVmN2YxMWQ1MGEzYSIgVmFyaWFibGVOYW1lPSJRdWVyeVN0cmluZ1BhcmFtNC5PVEVuZERhdGUiIERpc3BsYXlOYW1lPSIiIERlc2NyaXB0aW9uPSIiPg0KICAgICAgICAgIDxSdWxlUGFyYW1ldGVycz4NCiAgICAgICAgICAgIDxSdWxlUGFyYW1ldGVyIE5hbWU9IlN0YXJ0c1dpdGgiIFZhbHVlPSImYW1wO2FtcDtPVEVuZERhdGU9IiAvPg0KICAgICAgICAgICAgPFJ1bGVQYXJhbWV0ZXIgTmFtZT0iRW5kc1dpdGgiIFZhbHVlPSImYW1wOyIgLz4NCiAgICAgICAgICAgIDxSdWxlUGFyYW1ldGVyIE5hbWU9IkluZGV4IiBWYWx1ZT0iMCIgLz4NCiAgICAgICAgICAgIDxSdWxlUGFyYW1ldGVyIE5hbWU9Iklnbm9yZUNhc2UiIFZhbHVlPSJGYWxzZSIgLz4NCiAgICAgICAgICAgIDxSdWxlUGFyYW1ldGVyIE5hbWU9IlVzZVJlZ3VsYXJFeHByZXNzaW9uIiBWYWx1ZT0iRmFsc2UiIC8+DQogICAgICAgICAgICA8UnVsZVBhcmFtZXRlciBOYW1lPSJIdG1sRGVjb2RlIiBWYWx1ZT0iVHJ1ZSIgLz4NCiAgICAgICAgICAgIDxSdWxlUGFyYW1ldGVyIE5hbWU9IlJlcXVpcmVkIiBWYWx1ZT0iRmFsc2UiIC8+DQogICAgICAgICAgPC9SdWxlUGFyYW1ldGVycz4NCiAgICAgICAgPC9FeHRyYWN0aW9uUnVsZT4NCiAgICAgICAgPEV4dHJhY3Rpb25SdWxlIENsYXNzbmFtZT0iTWljcm9zb2Z0LlZpc3VhbFN0dWRpby5UZXN0VG9vbHMuV2ViVGVzdGluZy5SdWxlcy5FeHRyYWN0VGV4dCwgTWljcm9zb2Z0LlZpc3VhbFN0dWRpby5RdWFsaXR5VG9vbHMuV2ViVGVzdEZyYW1ld29yaywgVmVyc2lvbj0xMC4wLjAuMCwgQ3VsdHVyZT1uZXV0cmFsLCBQdWJsaWNLZXlUb2tlbj1iMDNmNWY3ZjExZDUwYTNhIiBWYXJpYWJsZU5hbWU9IlF1ZXJ5U3RyaW5nUGFyYW01Lk9UU3RhcnRUaW1lIiBEaXNwbGF5TmFtZT0iIiBEZXNjcmlwdGlvbj0iIj4NCiAgICAgICAgICA8UnVsZVBhcmFtZXRlcnM+DQogICAgICAgICAgICA8UnVsZVBhcmFtZXRlciBOYW1lPSJTdGFydHNXaXRoIiBWYWx1ZT0iJmFtcDthbXA7T1RTdGFydFRpbWU9IiAvPg0KICAgICAgICAgICAgPFJ1bGVQYXJhbWV0ZXIgTmFtZT0iRW5kc1dpdGgiIFZhbHVlPSImYW1wOyIgLz4NCiAgICAgICAgICAgIDxSdWxlUGFyYW1ldGVyIE5hbWU9IkluZGV4IiBWYWx1ZT0iMCIgLz4NCiAgICAgICAgICAgIDxSdWxlUGFyYW1ldGVyIE5hbWU9Iklnbm9yZUNhc2UiIFZhbHVlPSJGYWxzZSIgLz4NCiAgICAgICAgICAgIDxSdWxlUGFyYW1ldGVyIE5hbWU9IlVzZVJlZ3VsYXJFeHByZXNzaW9uIiBWYWx1ZT0iRmFsc2UiIC8+DQogICAgICAgICAgICA8UnVsZVBhcmFtZXRlciBOYW1lPSJIdG1sRGVjb2RlIiBWYWx1ZT0iVHJ1ZSIgLz4NCiAgICAgICAgICAgIDxSdWxlUGFyYW1ldGVyIE5hbWU9IlJlcXVpcmVkIiBWYWx1ZT0iRmFsc2UiIC8+DQogICAgICAgICAgPC9SdWxlUGFyYW1ldGVycz4NCiAgICAgICAgPC9FeHRyYWN0aW9uUnVsZT4NCiAgICAgICAgPEV4dHJhY3Rpb25SdWxlIENsYXNzbmFtZT0iTWljcm9zb2Z0LlZpc3VhbFN0dWRpby5UZXN0VG9vbHMuV2ViVGVzdGluZy5SdWxlcy5FeHRyYWN0VGV4dCwgTWljcm9zb2Z0LlZpc3VhbFN0dWRpby5RdWFsaXR5VG9vbHMuV2ViVGVzdEZyYW1ld29yaywgVmVyc2lvbj0xMC4wLjAuMCwgQ3VsdHVyZT1uZXV0cmFsLCBQdWJsaWNLZXlUb2tlbj1iMDNmNWY3ZjExZDUwYTNhIiBWYXJpYWJsZU5hbWU9IlF1ZXJ5U3RyaW5nUGFyYW02Lk9URW5kVGltZSIgRGlzcGxheU5hbWU9IiIgRGVzY3JpcHRpb249IiI+DQogICAgICAgICAgPFJ1bGVQYXJhbWV0ZXJzPg0KICAgICAgICAgICAgPFJ1bGVQYXJhbWV0ZXIgTmFtZT0iU3RhcnRzV2l0aCIgVmFsdWU9IiZhbXA7YW1wO09URW5kVGltZT0iIC8+DQogICAgICAgICAgICA8UnVsZVBhcmFtZXRlciBOYW1lPSJFbmRzV2l0aCIgVmFsdWU9IiZhbXA7IiAvPg0KICAgICAgICAgICAgPFJ1bGVQYXJhbWV0ZXIgTmFtZT0iSW5kZXgiIFZhbHVlPSIwIiAvPg0KICAgICAgICAgICAgPFJ1bGVQYXJhbWV0ZXIgTmFtZT0iSWdub3JlQ2FzZSIgVmFsdWU9IkZhbHNlIiAvPg0KICAgICAgICAgICAgPFJ1bGVQYXJhbWV0ZXIgTmFtZT0iVXNlUmVndWxhckV4cHJlc3Npb24iIFZhbHVlPSJGYWxzZSIgLz4NCiAgICAgICAgICAgIDxSdWxlUGFyYW1ldGVyIE5hbWU9Ikh0bWxEZWNvZGUiIFZhbHVlPSJUcnVlIiAvPg0KICAgICAgICAgICAgPFJ1bGVQYXJhbWV0ZXIgTmFtZT0iUmVxdWlyZWQiIFZhbHVlPSJGYWxzZSIgLz4NCiAgICAgICAgICA8L1J1bGVQYXJhbWV0ZXJzPg0KICAgICAgICA8L0V4dHJhY3Rpb25SdWxlPg0KICAgICAgICA8RXh0cmFjdGlvblJ1bGUgQ2xhc3NuYW1lPSJNaWNyb3NvZnQuVmlzdWFsU3R1ZGlvLlRlc3RUb29scy5XZWJUZXN0aW5nLlJ1bGVzLkV4dHJhY3RUZXh0LCBNaWNyb3NvZnQuVmlzdWFsU3R1ZGlvLlF1YWxpdHlUb29scy5XZWJUZXN0RnJhbWV3b3JrLCBWZXJzaW9uPTEwLjAuMC4wLCBDdWx0dXJlPW5ldXRyYWwsIFB1YmxpY0tleVRva2VuPWIwM2Y1ZjdmMTFkNTBhM2EiIFZhcmlhYmxlTmFtZT0iUXVlcnlTdHJpbmdQYXJhbTguT1RGb3JtTk8iIERpc3BsYXlOYW1lPSIiIERlc2NyaXB0aW9uPSIiPg0KICAgICAgICAgIDxSdWxlUGFyYW1ldGVycz4NCiAgICAgICAgICAgIDxSdWxlUGFyYW1ldGVyIE5hbWU9IlN0YXJ0c1dpdGgiIFZhbHVlPSImYW1wO2FtcDtPVEZvcm1OTz0iIC8+DQogICAgICAgICAgICA8UnVsZVBhcmFtZXRlciBOYW1lPSJFbmRzV2l0aCIgVmFsdWU9IiZxdW90OyIgLz4NCiAgICAgICAgICAgIDxSdWxlUGFyYW1ldGVyIE5hbWU9IkluZGV4IiBWYWx1ZT0iMCIgLz4NCiAgICAgICAgICAgIDxSdWxlUGFyYW1ldGVyIE5hbWU9Iklnbm9yZUNhc2UiIFZhbHVlPSJGYWxzZSIgLz4NCiAgICAgICAgICAgIDxSdWxlUGFyYW1ldGVyIE5hbWU9IlVzZVJlZ3VsYXJFeHByZXNzaW9uIiBWYWx1ZT0iRmFsc2UiIC8+DQogICAgICAgICAgICA8UnVsZVBhcmFtZXRlciBOYW1lPSJIdG1sRGVjb2RlIiBWYWx1ZT0iVHJ1ZSIgLz4NCiAgICAgICAgICAgIDxSdWxlUGFyYW1ldGVyIE5hbWU9IlJlcXVpcmVkIiBWYWx1ZT0iRmFsc2UiIC8+DQogICAgICAgICAgPC9SdWxlUGFyYW1ldGVycz4NCiAgICAgICAgPC9FeHRyYWN0aW9uUnVsZT4NCiAgICAgICAgPEV4dHJhY3Rpb25SdWxlIENsYXNzbmFtZT0iTWljcm9zb2Z0LlZpc3VhbFN0dWRpby5UZXN0VG9vbHMuV2ViVGVzdGluZy5SdWxlcy5FeHRyYWN0Rm9ybUZpZWxkLCBNaWNyb3NvZnQuVmlzdWFsU3R1ZGlvLlF1YWxpdHlUb29scy5XZWJUZXN0RnJhbWV3b3JrLCBWZXJzaW9uPTEwLjAuMC4wLCBDdWx0dXJlPW5ldXRyYWwsIFB1YmxpY0tleVRva2VuPWIwM2Y1ZjdmMTFkNTBhM2EiIFZhcmlhYmxlTmFtZT0iRm9ybVBvc3RQYXJhbTUuYnRuRXhpdCIgRGlzcGxheU5hbWU9IiIgRGVzY3JpcHRpb249IiI+DQogICAgICAgICAgPFJ1bGVQYXJhbWV0ZXJzPg0KICAgICAgICAgICAgPFJ1bGVQYXJhbWV0ZXIgTmFtZT0iTmFtZSIgVmFsdWU9ImJ0bkV4aXQiIC8+DQogICAgICAgICAgICA8UnVsZVBhcmFtZXRlciBOYW1lPSJIdG1sRGVjb2RlIiBWYWx1ZT0iVHJ1ZSIgLz4NCiAgICAgICAgICAgIDxSdWxlUGFyYW1ldGVyIE5hbWU9IlJlcXVpcmVkIiBWYWx1ZT0iRmFsc2UiIC8+DQogICAgICAgICAgICA8UnVsZVBhcmFtZXRlciBOYW1lPSJJbmRleCIgVmFsdWU9IjAiIC8+DQogICAgICAgICAgPC9SdWxlUGFyYW1ldGVycz4NCiAgICAgICAgPC9FeHRyYWN0aW9uUnVsZT4NCiAgICAgICAgPEV4dHJhY3Rpb25SdWxlIENsYXNzbmFtZT0iTWljcm9zb2Z0LlZpc3VhbFN0dWRpby5UZXN0VG9vbHMuV2ViVGVzdGluZy5SdWxlcy5FeHRyYWN0Rm9ybUZpZWxkLCBNaWNyb3NvZnQuVmlzdWFsU3R1ZGlvLlF1YWxpdHlUb29scy5XZWJUZXN0RnJhbWV3b3JrLCBWZXJzaW9uPTEwLjAuMC4wLCBDdWx0dXJlPW5ldXRyYWwsIFB1YmxpY0tleVRva2VuPWIwM2Y1ZjdmMTFkNTBhM2EiIFZhcmlhYmxlTmFtZT0iRm9ybVBvc3RQYXJhbTYudWNEYXRlU3RhcnQkdHh0RGF0ZSIgRGlzcGxheU5hbWU9IiIgRGVzY3JpcHRpb249IiI+DQogICAgICAgICAgPFJ1bGVQYXJhbWV0ZXJzPg0KICAgICAgICAgICAgPFJ1bGVQYXJhbWV0ZXIgTmFtZT0iTmFtZSIgVmFsdWU9InVjRGF0ZVN0YXJ0X3R4dERhdGUiIC8+DQogICAgICAgICAgICA8UnVsZVBhcmFtZXRlciBOYW1lPSJIdG1sRGVjb2RlIiBWYWx1ZT0iVHJ1ZSIgLz4NCiAgICAgICAgICAgIDxSdWxlUGFyYW1ldGVyIE5hbWU9IlJlcXVpcmVkIiBWYWx1ZT0iRmFsc2UiIC8+DQogICAgICAgICAgICA8UnVsZVBhcmFtZXRlciBOYW1lPSJJbmRleCIgVmFsdWU9IjAiIC8+DQogICAgICAgICAgPC9SdWxlUGFyYW1ldGVycz4NCiAgICAgICAgPC9FeHRyYWN0aW9uUnVsZT4NCiAgICAgICAgPEV4dHJhY3Rpb25SdWxlIENsYXNzbmFtZT0iTWljcm9zb2Z0LlZpc3VhbFN0dWRpby5UZXN0VG9vbHMuV2ViVGVzdGluZy5SdWxlcy5FeHRyYWN0Rm9ybUZpZWxkLCBNaWNyb3NvZnQuVmlzdWFsU3R1ZGlvLlF1YWxpdHlUb29scy5XZWJUZXN0RnJhbWV3b3JrLCBWZXJzaW9uPTEwLjAuMC4wLCBDdWx0dXJlPW5ldXRyYWwsIFB1YmxpY0tleVRva2VuPWIwM2Y1ZjdmMTFkNTBhM2EiIFZhcmlhYmxlTmFtZT0iRm9ybVBvc3RQYXJhbTcudWNEYXRlRW5kJHR4dERhdGUiIERpc3BsYXlOYW1lPSIiIERlc2NyaXB0aW9uPSIiPg0KICAgICAgICAgIDxSdWxlUGFyYW1ldGVycz4NCiAgICAgICAgICAgIDxSdWxlUGFyYW1ldGVyIE5hbWU9Ik5hbWUiIFZhbHVlPSJ1Y0RhdGVFbmRfdHh0RGF0ZSIgLz4NCiAgICAgICAgICAgIDxSdWxlUGFyYW1ldGVyIE5hbWU9Ikh0bWxEZWNvZGUiIFZhbHVlPSJUcnVlIiAvPg0KICAgICAgICAgICAgPFJ1bGVQYXJhbWV0ZXIgTmFtZT0iUmVxdWlyZWQiIFZhbHVlPSJGYWxzZSIgLz4NCiAgICAgICAgICAgIDxSdWxlUGFyYW1ldGVyIE5hbWU9IkluZGV4IiBWYWx1ZT0iMCIgLz4NCiAgICAgICAgICA8L1J1bGVQYXJhbWV0ZXJzPg0KICAgICAgICA8L0V4dHJhY3Rpb25SdWxlPg0KICAgICAgICA8RXh0cmFjdGlvblJ1bGUgQ2xhc3NuYW1lPSJNaWNyb3NvZnQuVmlzdWFsU3R1ZGlvLlRlc3RUb29scy5XZWJUZXN0aW5nLlJ1bGVzLkV4dHJhY3RUZXh0LCBNaWNyb3NvZnQuVmlzdWFsU3R1ZGlvLlF1YWxpdHlUb29scy5XZWJUZXN0RnJhbWV3b3JrLCBWZXJzaW9uPTEwLjAuMC4wLCBDdWx0dXJlPW5ldXRyYWwsIFB1YmxpY0tleVRva2VuPWIwM2Y1ZjdmMTFkNTBhM2EiIFZhcmlhYmxlTmFtZT0iRm9ybVBvc3RQYXJhbTguT1RUaW1lU3RhcnQkZGRsSEgiIERpc3BsYXlOYW1lPSIiIERlc2NyaXB0aW9uPSIiPg0KICAgICAgICAgIDxSdWxlUGFyYW1ldGVycz4NCiAgICAgICAgICAgIDxSdWxlUGFyYW1ldGVyIE5hbWU9IlN0YXJ0c1dpdGgiIFZhbHVlPSJsdWU9JnF1b3Q7IiAvPg0KICAgICAgICAgICAgPFJ1bGVQYXJhbWV0ZXIgTmFtZT0iRW5kc1dpdGgiIFZhbHVlPSImcXVvdDsmZ3Q7MDAmbHQ7IiAvPg0KICAgICAgICAgICAgPFJ1bGVQYXJhbWV0ZXIgTmFtZT0iSW5kZXgiIFZhbHVlPSIyMyIgLz4NCiAgICAgICAgICAgIDxSdWxlUGFyYW1ldGVyIE5hbWU9Iklnbm9yZUNhc2UiIFZhbHVlPSJGYWxzZSIgLz4NCiAgICAgICAgICAgIDxSdWxlUGFyYW1ldGVyIE5hbWU9IlVzZVJlZ3VsYXJFeHByZXNzaW9uIiBWYWx1ZT0iRmFsc2UiIC8+DQogICAgICAgICAgICA8UnVsZVBhcmFtZXRlciBOYW1lPSJIdG1sRGVjb2RlIiBWYWx1ZT0iVHJ1ZSIgLz4NCiAgICAgICAgICAgIDxSdWxlUGFyYW1ldGVyIE5hbWU9IlJlcXVpcmVkIiBWYWx1ZT0iRmFsc2UiIC8+DQogICAgICAgICAgPC9SdWxlUGFyYW1ldGVycz4NCiAgICAgICAgPC9FeHRyYWN0aW9uUnVsZT4NCiAgICAgICAgPEV4dHJhY3Rpb25SdWxlIENsYXNzbmFtZT0iTWljcm9zb2Z0LlZpc3VhbFN0dWRpby5UZXN0VG9vbHMuV2ViVGVzdGluZy5SdWxlcy5FeHRyYWN0VGV4dCwgTWljcm9zb2Z0LlZpc3VhbFN0dWRpby5RdWFsaXR5VG9vbHMuV2ViVGVzdEZyYW1ld29yaywgVmVyc2lvbj0xMC4wLjAuMCwgQ3VsdHVyZT1uZXV0cmFsLCBQdWJsaWNLZXlUb2tlbj1iMDNmNWY3ZjExZDUwYTNhIiBWYXJpYWJsZU5hbWU9IkZvcm1Qb3N0UGFyYW05Lk9UVGltZVN0YXJ0JGRkbE1NIiBEaXNwbGF5TmFtZT0iIiBEZXNjcmlwdGlvbj0iIj4NCiAgICAgICAgICA8UnVsZVBhcmFtZXRlcnM+DQogICAgICAgICAgICA8UnVsZVBhcmFtZXRlciBOYW1lPSJTdGFydHNXaXRoIiBWYWx1ZT0ibHVlPSZxdW90OyIgLz4NCiAgICAgICAgICAgIDxSdWxlUGFyYW1ldGVyIE5hbWU9IkVuZHNXaXRoIiBWYWx1ZT0iJnF1b3Q7Jmd0OzAwJmx0OyIgLz4NCiAgICAgICAgICAgIDxSdWxlUGFyYW1ldGVyIE5hbWU9IkluZGV4IiBWYWx1ZT0iMjMiIC8+DQogICAgICAgICAgICA8UnVsZVBhcmFtZXRlciBOYW1lPSJJZ25vcmVDYXNlIiBWYWx1ZT0iRmFsc2UiIC8+DQogICAgICAgICAgICA8UnVsZVBhcmFtZXRlciBOYW1lPSJVc2VSZWd1bGFyRXhwcmVzc2lvbiIgVmFsdWU9IkZhbHNlIiAvPg0KICAgICAgICAgICAgPFJ1bGVQYXJhbWV0ZXIgTmFtZT0iSHRtbERlY29kZSIgVmFsdWU9IlRydWUiIC8+DQogICAgICAgICAgICA8UnVsZVBhcmFtZXRlciBOYW1lPSJSZXF1aXJlZCIgVmFsdWU9IkZhbHNlIiAvPg0KICAgICAgICAgIDwvUnVsZVBhcmFtZXRlcnM+DQogICAgICAgIDwvRXh0cmFjdGlvblJ1bGU+DQogICAgICAgIDxFeHRyYWN0aW9uUnVsZSBDbGFzc25hbWU9Ik1pY3Jvc29mdC5WaXN1YWxTdHVkaW8uVGVzdFRvb2xzLldlYlRlc3RpbmcuUnVsZXMuRXh0cmFjdFRleHQsIE1pY3Jvc29mdC5WaXN1YWxTdHVkaW8uUXVhbGl0eVRvb2xzLldlYlRlc3RGcmFtZXdvcmssIFZlcnNpb249MTAuMC4wLjAsIEN1bHR1cmU9bmV1dHJhbCwgUHVibGljS2V5VG9rZW49YjAzZjVmN2YxMWQ1MGEzYSIgVmFyaWFibGVOYW1lPSJGb3JtUG9zdFBhcmFtMTAuT1RUaW1lRW5kJGRkbEhIIiBEaXNwbGF5TmFtZT0iIiBEZXNjcmlwdGlvbj0iIj4NCiAgICAgICAgICA8UnVsZVBhcmFtZXRlcnM+DQogICAgICAgICAgICA8UnVsZVBhcmFtZXRlciBOYW1lPSJTdGFydHNXaXRoIiBWYWx1ZT0ibHVlPSZxdW90OyIgLz4NCiAgICAgICAgICAgIDxSdWxlUGFyYW1ldGVyIE5hbWU9IkVuZHNXaXRoIiBWYWx1ZT0iJnF1b3Q7Jmd0OzAxJmx0OyIgLz4NCiAgICAgICAgICAgIDxSdWxlUGFyYW1ldGVyIE5hbWU9IkluZGV4IiBWYWx1ZT0iMjQiIC8+DQogICAgICAgICAgICA8UnVsZVBhcmFtZXRlciBOYW1lPSJJZ25vcmVDYXNlIiBWYWx1ZT0iRmFsc2UiIC8+DQogICAgICAgICAgICA8UnVsZVBhcmFtZXRlciBOYW1lPSJVc2VSZWd1bGFyRXhwcmVzc2lvbiIgVmFsdWU9IkZhbHNlIiAvPg0KICAgICAgICAgICAgPFJ1bGVQYXJhbWV0ZXIgTmFtZT0iSHRtbERlY29kZSIgVmFsdWU9IlRydWUiIC8+DQogICAgICAgICAgICA8UnVsZVBhcmFtZXRlciBOYW1lPSJSZXF1aXJlZCIgVmFsdWU9IkZhbHNlIiAvPg0KICAgICAgICAgIDwvUnVsZVBhcmFtZXRlcnM+DQogICAgICAgIDwvRXh0cmFjdGlvblJ1bGU+DQogICAgICAgIDxFeHRyYWN0aW9uUnVsZSBDbGFzc25hbWU9Ik1pY3Jvc29mdC5WaXN1YWxTdHVkaW8uVGVzdFRvb2xzLldlYlRlc3RpbmcuUnVsZXMuRXh0cmFjdFRleHQsIE1pY3Jvc29mdC5WaXN1YWxTdHVkaW8uUXVhbGl0eVRvb2xzLldlYlRlc3RGcmFtZXdvcmssIFZlcnNpb249MTAuMC4wLjAsIEN1bHR1cmU9bmV1dHJhbCwgUHVibGljS2V5VG9rZW49YjAzZjVmN2YxMWQ1MGEzYSIgVmFyaWFibGVOYW1lPSJGb3JtUG9zdFBhcmFtMTEuT1RUaW1lRW5kJGRkbE1NIiBEaXNwbGF5TmFtZT0iIiBEZXNjcmlwdGlvbj0iIj4NCiAgICAgICAgICA8UnVsZVBhcmFtZXRlcnM+DQogICAgICAgICAgICA8UnVsZVBhcmFtZXRlciBOYW1lPSJTdGFydHNXaXRoIiBWYWx1ZT0ibHVlPSZxdW90OyIgLz4NCiAgICAgICAgICAgIDxSdWxlUGFyYW1ldGVyIE5hbWU9IkVuZHNXaXRoIiBWYWx1ZT0iJnF1b3Q7Jmd0OzAwJmx0OyIgLz4NCiAgICAgICAgICAgIDxSdWxlUGFyYW1ldGVyIE5hbWU9IkluZGV4IiBWYWx1ZT0iMjMiIC8+DQogICAgICAgICAgICA8UnVsZVBhcmFtZXRlciBOYW1lPSJJZ25vcmVDYXNlIiBWYWx1ZT0iRmFsc2UiIC8+DQogICAgICAgICAgICA8UnVsZVBhcmFtZXRlciBOYW1lPSJVc2VSZWd1bGFyRXhwcmVzc2lvbiIgVmFsdWU9IkZhbHNlIiAvPg0KICAgICAgICAgICAgPFJ1bGVQYXJhbWV0ZXIgTmFtZT0iSHRtbERlY29kZSIgVmFsdWU9IlRydWUiIC8+DQogICAgICAgICAgICA8UnVsZVBhcmFtZXRlciBOYW1lPSJSZXF1aXJlZCIgVmFsdWU9IkZhbHNlIiAvPg0KICAgICAgICAgIDwvUnVsZVBhcmFtZXRlcnM+DQogICAgICAgIDwvRXh0cmFjdGlvblJ1bGU+DQogICAgICAgIDxFeHRyYWN0aW9uUnVsZSBDbGFzc25hbWU9Ik1pY3Jvc29mdC5WaXN1YWxTdHVkaW8uVGVzdFRvb2xzLldlYlRlc3RpbmcuUnVsZXMuRXh0cmFjdFRleHQsIE1pY3Jvc29mdC5WaXN1YWxTdHVkaW8uUXVhbGl0eVRvb2xzLldlYlRlc3RGcmFtZXdvcmssIFZlcnNpb249MTAuMC4wLjAsIEN1bHR1cmU9bmV1dHJhbCwgUHVibGljS2V5VG9rZW49YjAzZjVmN2YxMWQ1MGEzYSIgVmFyaWFibGVOYW1lPSJGb3JtUG9zdFBhcmFtMTIuZGRsT1RUeXBlSUQiIERpc3BsYXlOYW1lPSIiIERlc2NyaXB0aW9uPSIiPg0KICAgICAgICAgIDxSdWxlUGFyYW1ldGVycz4NCiAgICAgICAgICAgIDxSdWxlUGFyYW1ldGVyIE5hbWU9IlN0YXJ0c1dpdGgiIFZhbHVlPSImcXVvdDs4JnF1b3Q7LCZxdW90OyIgLz4NCiAgICAgICAgICAgIDxSdWxlUGFyYW1ldGVyIE5hbWU9IkVuZHNXaXRoIiBWYWx1ZT0iJnF1b3Q7XSwmcXVvdDtEIiAvPg0KICAgICAgICAgICAgPFJ1bGVQYXJhbWV0ZXIgTmFtZT0iSW5kZXgiIFZhbHVlPSIwIiAvPg0KICAgICAgICAgICAgPFJ1bGVQYXJhbWV0ZXIgTmFtZT0iSWdub3JlQ2FzZSIgVmFsdWU9IkZhbHNlIiAvPg0KICAgICAgICAgICAgPFJ1bGVQYXJhbWV0ZXIgTmFtZT0iVXNlUmVndWxhckV4cHJlc3Npb24iIFZhbHVlPSJGYWxzZSIgLz4NCiAgICAgICAgICAgIDxSdWxlUGFyYW1ldGVyIE5hbWU9Ikh0bWxEZWNvZGUiIFZhbHVlPSJUcnVlIiAvPg0KICAgICAgICAgICAgPFJ1bGVQYXJhbWV0ZXIgTmFtZT0iUmVxdWlyZWQiIFZhbHVlPSJGYWxzZSIgLz4NCiAgICAgICAgICA8L1J1bGVQYXJhbWV0ZXJzPg0KICAgICAgICA8L0V4dHJhY3Rpb25SdWxlPg0KICAgICAgPC9Db3JyZWxhdGlvbkV4dHJhY3Rpb25SdWxlcz4NCiAgICAgIDxRdWVyeVN0cmluZ1BhcmFtZXRlcnM+DQogICAgICAgIDxRdWVyeVN0cmluZ1BhcmFtZXRlciBOYW1lPSJPVENvbXBJRCIgVmFsdWU9IlNQSEJLMSIgUmVjb3JkZWRWYWx1ZT0iU1BIQksxIiBDb3JyZWxhdGlvbkJpbmRpbmc9Int7UXVlcnlTdHJpbmdQYXJhbTkuT1RDb21wSUR9fSIgVXJsRW5jb2RlPSJGYWxzZSIgVXNlVG9Hcm91cFJlc3VsdHM9IkZhbHNlIiAvPg0KICAgICAgICA8UXVlcnlTdHJpbmdQYXJhbWV0ZXIgTmFtZT0iT1RFbXBJRCIgVmFsdWU9IjEwMjExOSIgUmVjb3JkZWRWYWx1ZT0iMTAyMTE5IiBDb3JyZWxhdGlvbkJpbmRpbmc9Int7UXVlcnlTdHJpbmdQYXJhbTEwLk9URW1wSUR9fSIgVXJsRW5jb2RlPSJGYWxzZSIgVXNlVG9Hcm91cFJlc3VsdHM9IkZhbHNlIiAvPg0KICAgICAgICA8UXVlcnlTdHJpbmdQYXJhbWV0ZXIgTmFtZT0iT1RTdGFydERhdGUiIFZhbHVlPSIyMDE3JTJmMDUlMmYxMSIgUmVjb3JkZWRWYWx1ZT0iMjAxNyUyZjA1JTJmMTEiIENvcnJlbGF0aW9uQmluZGluZz0ie3tRdWVyeVN0cmluZ1BhcmFtMTEuT1RTdGFydERhdGV9fSIgVXJsRW5jb2RlPSJGYWxzZSIgVXNlVG9Hcm91cFJlc3VsdHM9IkZhbHNlIiAvPg0KICAgICAgICA8UXVlcnlTdHJpbmdQYXJhbWV0ZXIgTmFtZT0iT1RFbmREYXRlIiBWYWx1ZT0iMjAxNyUyZjA1JTJmMTEiIFJlY29yZGVkVmFsdWU9IjIwMTclMmYwNSUyZjExIiBDb3JyZWxhdGlvbkJpbmRpbmc9Int7UXVlcnlTdHJpbmdQYXJhbTEyLk9URW5kRGF0ZX19IiBVcmxFbmNvZGU9IkZhbHNlIiBVc2VUb0dyb3VwUmVzdWx0cz0iRmFsc2UiIC8+DQogICAgICAgIDxRdWVyeVN0cmluZ1BhcmFtZXRlciBOYW1lPSJPVFN0YXJ0VGltZSIgVmFsdWU9IjAwMDAiIFJlY29yZGVkVmFsdWU9IjAwMDAiIENvcnJlbGF0aW9uQmluZGluZz0ie3tRdWVyeVN0cmluZ1BhcmFtMTMuT1RTdGFydFRpbWV9fSIgVXJsRW5jb2RlPSJGYWxzZSIgVXNlVG9Hcm91cFJlc3VsdHM9IkZhbHNlIiAvPg0KICAgICAgICA8UXVlcnlTdHJpbmdQYXJhbWV0ZXIgTmFtZT0iT1RFbmRUaW1lIiBWYWx1ZT0iMDEwMCIgUmVjb3JkZWRWYWx1ZT0iMDEwMCIgQ29ycmVsYXRpb25CaW5kaW5nPSJ7e1F1ZXJ5U3RyaW5nUGFyYW0xNC5PVEVuZFRpbWV9fSIgVXJsRW5jb2RlPSJGYWxzZSIgVXNlVG9Hcm91cFJlc3VsdHM9IkZhbHNlIiAvPg0KICAgICAgICA8UXVlcnlTdHJpbmdQYXJhbWV0ZXIgTmFtZT0iT1RUeG5JRCIgVmFsdWU9Int7UXVlcnlTdHJpbmdQYXJhbTE1Lk9UVHhuSUR9fSIgUmVjb3JkZWRWYWx1ZT0iU1BIQksxMTAyMTE5MjAxNzA1MTE1NSIgQ29ycmVsYXRpb25CaW5kaW5nPSJ7e1F1ZXJ5U3RyaW5nUGFyYW0xNS5PVFR4bklEfX0iIFVybEVuY29kZT0iRmFsc2UiIFVzZVRvR3JvdXBSZXN1bHRzPSJGYWxzZSIgLz4NCiAgICAgICAgPFF1ZXJ5U3RyaW5nUGFyYW1ldGVyIE5hbWU9Ik9URm9ybU5PIiBWYWx1ZT0iMjAxNzA1MTE2MDEwMjExOSIgUmVjb3JkZWRWYWx1ZT0iMjAxNzA1MTE2MDEwMjExOSIgQ29ycmVsYXRpb25CaW5kaW5nPSJ7e1F1ZXJ5U3RyaW5nUGFyYW0xNi5PVEZvcm1OT319IiBVcmxFbmNvZGU9IkZhbHNlIiBVc2VUb0dyb3VwUmVzdWx0cz0iRmFsc2UiIC8+DQogICAgICA8L1F1ZXJ5U3RyaW5nUGFyYW1ldGVycz4NCiAgICAgIDxGb3JtUG9zdEh0dHBCb2R5Pg0KICAgICAgICA8Rm9ybVBvc3RQYXJhbWV0ZXIgTmFtZT0iVG9vbGtpdFNjcmlwdE1hbmFnZXIxX0hpZGRlbkZpZWxkIiBWYWx1ZT0ie3skSElEREVOMS5Ub29sa2l0U2NyaXB0TWFuYWdlcjFfSGlkZGVuRmllbGR9fSIgUmVjb3JkZWRWYWx1ZT0iIiBDb3JyZWxhdGlvbkJpbmRpbmc9IiIgVXJsRW5jb2RlPSJUcnVlIiAvPg0KICAgICAgICA8Rm9ybVBvc3RQYXJhbWV0ZXIgTmFtZT0iX19FVkVOVFRBUkdFVCIgVmFsdWU9Int7JEhJRERFTjEuX19FVkVOVFRBUkdFVH19IiBSZWNvcmRlZFZhbHVlPSIiIENvcnJlbGF0aW9uQmluZGluZz0iIiBVcmxFbmNvZGU9IlRydWUiIC8+DQogICAgICAgIDxGb3JtUG9zdFBhcmFtZXRlciBOYW1lPSJfX0VWRU5UQVJHVU1FTlQiIFZhbHVlPSJ7eyRISURERU4xLl9fRVZFTlRBUkdVTUVOVH19IiBSZWNvcmRlZFZhbHVlPSIiIENvcnJlbGF0aW9uQmluZGluZz0iIiBVcmxFbmNvZGU9IlRydWUiIC8+DQogICAgICAgIDxGb3JtUG9zdFBhcmFtZXRlciBOYW1lPSJfX0xBU1RGT0NVUyIgVmFsdWU9Int7JEhJRERFTjEuX19MQVNURk9DVVN9fSIgUmVjb3JkZWRWYWx1ZT0iIiBDb3JyZWxhdGlvbkJpbmRpbmc9IiIgVXJsRW5jb2RlPSJUcnVlIiAvPg0KICAgICAgICA8Rm9ybVBvc3RQYXJhbWV0ZXIgTmFtZT0iX19WU1RBVEUiIFZhbHVlPSJ7eyRISURERU4xLl9fVlNUQVRFfX0iIFJlY29yZGVkVmFsdWU9IkFSK0xDQUFBQUFBQUJBRHRHbXR6RzlVMXVyYjhpaE5uTW8waFRTcHRuSUxqWWttN3E1Y2wyNkorcFhZVFJ5WVNDVE9CMGF5MFY5TGkxYTdZWGRuV01FeERPMm5TaEpRd0VHZ0lMV1ZLQmdvVG1wWXBtQ1RRL29ST3B4LzZ2Wllmbi9vVDZMbDNWMC9iRUdqRXRKMXV4dExlYzg4OTU5enp1dWRjNVhOYno0TTJ1eU9SbUZBVlExTmwvU1IrcGlCcGVFN1ZqWEVoTlg4TUZ4T0pYcHQ5WnlvN1A0c0YrYWdzWkhyc1hkeFFrQTM0ZlVOY29LZDMwTkdldzdvdVpEQjJ0Q1ppZU1sdTR4ejlpVGtBek9pemdxUVk4QmRMQVhFWnFFcUdwQ3BScFV3LzQraEtST05UaWpncEdOamV4Yk5jME1QNlBSem5hRXRNNWZJemsvWTJqdVU1THVUb0JyeVlJV2hHWE1waGV5c0xqNk05b1FuS1BDQWhOdWpZWjdGOHJJQzFZc3pRSkNWelhNMWtIUjJ3TUw2a0FGWnZiRzU2L0JobkVpU3NXRC9IK2YwT3UyQVlxYXpkYldEZE1DY0R2QStuUkM3a1N2ckVrTXZIQlhsWEtDMTZYVUl3N1JmVFhKSk5CMFRIYm92aFVWWExVVTQ3RTZkVmJUNG1HUmlZdGZoQndBNnlDYnExL1Z3b3hIdUdQQnpMckN4ZkxGMit3SEI4bUdYRGRCZWlNU2RvQXI5OGNJZHR4NDRkbjhORHZzblRqZURqUkt5b0d6am5Ca0xDSUhNS2F6cm9jTlRuWnNtL1FXYWlJQnNGRFk4cXVHQm9nanpJekJXU3NwUUMwOFhWZWF5TUpvTkJ3Wi95QjdpUTE0ZlpvWkNkRU45WFE1Tit4SVdrakZ0Z1puOWw1RDZKYzZvQmVyUllkajZSazJPcExNNEpPK0Z0VWtxbmY2QUp1UmFiYmJkRnpNSWpNbmNTVW0ydDhQSEozcEZIbDNJeXMyREozY2U1MlQ0R0t5bFZCTktqZlFVajdlSUNmWTlHZG5XTkxPbGhuVEpnWUlXaWovYjFtUy9oSlhqUEdrWSs3UEVzTGk2NkY3MXVWY3Q0ZUpibFBFL01IamVGS3VQbWRCRjJBSVExeGFLbXUzSVNPS0N1cGcxWFNzMkZBYzlsWXZVQlY0WWhmTEdNYzFneEdFWEk0ZEUrdW4vT25EWG5ZVjFleGt2eFloNWJVQk91UThEQVpxckFyY2lOaVF0Q0NvL2pqS1QwTVFhUUdPMGpTNm1UOWpHbUtHRnc3Z3cyVHNBQ1BRL1laUE01U1ltbVVnVU5kZzg2ODN3cEQ1QURZcWxwTENaeFNnWkhKU0hjM0wxTUNzWGpVazR5cHRXQ2R1SWI0VExkZEM0a2RUYU55U3lrNzJ4bE05OEFtNmJ1SmhxZkxlakdSQmFuNXB2SWcrNERyTk5zRnMwMVBCeks1RVJzWHBTVU9UUXZRdUNNUEVuUDhhWnhPQ1hJa3Roa0htUGkwK0MwVFdZU0V5QUJGNlBhR09IVjVLM01LQXRFYmFSOHVTK2NSanliajBzS2F6eGFLZENTYUp2ejJhQmxsUkREUmtXU0dkMkN3S3hXd0JVNEtVRXJKVTNsWkMvUFBxN2ppWUttQWVYamFrb2dDSFR4UFJ6OHFhd3FwWEREYm5QQ1VubFVVSkpxUVJHeFdOWEJ2ZXpXMUJJdFd5SnRkcWlmL3RvK0lrS3BsZEhDNXBlUSt6cDFqclhHSlBGbGE4cU1YQXRXQ1RSUzFYZDVLNlllR1VzMFNTeHJ0cXBhVFYyTWFpTFdxR0lzdkt5Z1QyUUZKWU5CUVpLaVk4MEEvVlRWV2xNblJVS2hFVS90dUE3SkxIUWlQR3ZpV01NS1NtT2hRb2x0QWxiUmE4dU5pQTlRNndCYjRrMUhPTDRlY1hveklrbjlFYmFLUnNjVnJQcERPK0lMakhnYVFGdWdsa2syUUNxWU5XY25RYXNkMXVDVXo3NUlrS0JVUm8wWWxEUlhRV2tRdjN6MFJMeEVuc3BvRThKMEpGQ0RVS09tU3VLUGNHQ2Y2cWlDVUpPM0l4eW9wM1pjNHcvVnhFc0oxUUVxYUhXcGsyeXFIdEJBcmliNVJXaFh5dkVlTDF1bVhUdGJEbTNUL2EyUXJvdVhFVTlEQUVkYVNYZlUwRFdSWHFrdE1TczhyV3J3SlNua2E3d2d5V0puNGlSZWtBZ0s2UWc3NEVGV2QvaTU5ZXgwZEVLVFMvclFFMUg3bm5KbkcyQWJXK2ROVGJiVmZGc3ROUWZOS0NFMG9acWR0OWt1UXljT3kvRXoySEhJYW5qSENvWTZscy9MeGFsY0Vvc0VOcUhyRTdLZzZ4bEhUN254eHlUalpnRFNtUmd6RENHVkJZcGZzY1B1UmFpbFIrejF3V2RQTDRJRy83aVV5UnJqNnRLNGhvWDVLWVVvWE13Q1docXdXcEdOWXJXZkFsWEJSRllVa1oxQ1d1TjR5YkR2MnpqNy9OcXRUMWVXYi83ejdndnI3MTlhZS9keTZiTVhBR2tYUmRvVlZTWmtDVkl3ZktibTdhL1pSRFZWSUNuWkRjZmJsSm1keDRzejRwSCtRcW9zUmtLVUZzcnZjMnArWEJXTC9RTnUzU2hDNnl4S2VsNFdpcVA5L2NOZm5WSVVlbVZZdkNVeEVUMUFCSFkrYU85ZXZiVzgvdnNyR3hmUHJyOUZObkxBZ3ZlczNMNWR1bmg5L2NQenE3ZXZyRis3Q2xOT2Eyb2ZUQkg0MWVYVmwxOWZQZit6dFZmZVhYdm5KVUE0YkNGWXR5MEFlY2lDdEpmdXZCcGQrK3kzQUJxd1FIdE1wSCtjUFZ1ZGMvWHNvZHF2V0tXbjE0WnN2Ylk5b3BnaGJ5SUt3dW91eDg0RWNVTGlxb0poN3k3Qzg2Um5kdlpKanlpQ00xYWN0RzNIbjZVWHJ2L3RMeDNrQnNXOEhBTFFlS3Z6NXQ4N2dNU01maElMWWxTUmkrUjZKNjZxa0ZqeWR0ZVpqVHUvV24zNTRsTk02YVc3cFJmZlgzM3R4dXIxbjRLMXoyeGN2MGJocTh2bk5xNjlYVHIzVHVtRFQweVBJVDVtQTlGRklydXFwS2p4NDQ4YmtweVl5TTZETmVKcUppTmo2bE9TTEJsRllqVWlEaFUxa2NyT1Y2ZjZCNW02U2JBcHlRRmo0S3o5QTJBNEVTR2lJanUxcWQwSk5qWWtLRGxja0VreVN0aFE4OE1MRlZyaFljdWhPMERmdFJIYlRZS3ZlbnUyWjBJbzZGaW5lWkdlYkJsSCs5ZlRCMGpXcFNwaVVqWjFzTnZJU3JvYnNsd0JVN2VER094dGM3UnRhYmpPVFhhYkpvNVFaN1pwRVEwVEIzQWVxRi9zUEZpeHRmTTdGUnM3SFZtbjg5ODFxSk94ejkyREpVSFE3ZXhJcHJhMm92UFExelNnc3kvalBKeHhmdmNyVzhmNTBOWTJjVDdjb05EK2loR2NSMnEwL3lqSTBncEh3WXdlaTVXREZOUzhsZGErMlAramNYSmNiT1AvdFpPYk5kZHlqNXBybzhMQTNvaXl5TDNxSVVKb25KVFRHWEhQdnYyZGtMODNub2NjZGg2eExHSTV4UEtJOVNMV2gxZy9ZZ09JRFNKMkNMRWh4TEdJNHhESEk4NkxPQi9pL0lnTElDNkl1Q0hFaFJEUElwNURQSTk0YnpOb2Z1dVJsdjJaN1I0eko5cHJ0dW44SHRuYjZQMlhBL0UreFBzUkgwQjhFUEZEaUE4aEw0dThIUEx5eU90RlhoL3krcEUzZ0x4QjVCMUMzaER5c2NqSElSK1BmRjdrOHlHZkgva0N5QmRFdmlIa0N5RS9pL3djOHZQSTcwVitIL0w3a1QrQS9FSGtIMEwrMEgrNy9HQ3owVzF0ZGkrUGFkZk9IamozZW5lSWFJcEVuWE5ndTBqNzR2eGtCdE9XK2FrNmRiK2l6SFMvLzVIUVF2OFByZjg0K2U5M2FCMnpxdEVXenMyQzEwZk5JWWJYeDZ4YWxIYTlwQllsVVhHYVJ1S0RkaHZyL0RicERjNVEvQWN5OFBxVStRYVJpYXkzRHRKUlFGdGhjcWc1dmdIYlZqdGxNVWUxTUp1TEJtRWpSS0FPNmRoTm92VVVPY09QU2xnVzdhMFRxb2dkdStnTkZmUXBKckNUQUNmSXJacnB1dDE3b2RoMk1hNktBOEI3OThhNXk2VXJGMHEzTHF5K2RhR3RkTzZqbFR1dnRxMis4WlAxbTdmYVNtZnZycjE0czdmMDRTMG9LenlyYjF3bzNiNEtiMnQvdkZKYS9yQWIva3FYcmtGbnNIYmxwM3ZYejc4SDdjUHFtemRXZjcyODh1a2JxemR1N2kyOStUR0FWajY3UkNadTNBVGN2U2J5Mm52UHIxMjd1M0w3MHNxZGo3cGhjdjNDNWZYZi9ITGxUeC9ZYVdPM3I5dkcyc0R2V0J0djg5cDhOcjh0WUF2YWhteWhOa2hYTE11QkIzVFhHaFNVZ2tGREJ4MEhvTzFkT282VmpKRTlRWFFBRFpOdWRtTXpreGdxL0JrWVlVSEwwbGM2bTNYc1RoQjF4YkpTMmpnbUtlTE9nUi9Gb0dlZUUxTHUwemc1dFpUWHNLNjdvWlBOcVlxYlpObEg2dEFIbVcyeHE3K3dCdDFldDVkemMxLytFNnRTa09VZGpvT0pTV2pVcGhRRGExZzhyV3FpSGswK1hkMUhWK0kwMUpUYXJLRE5ZK2lLU1JPVEFkWlpXdXhpV3BxTnBReHBBYy9NVHBHMnVkeFVrNVV6NVIvbXM0NjlDYk1EajZ1UDUvTllteEIwbktVOTBSemdMZ0xYTFUrYUo3L3dwREdXakdnY2VpcGRWV1p4VHQxODNqUWliSHZxQk5LeUtoaGhHYWVOWWF0dERVdUtMQ25ZbFpUVjFQeHdYaERKNzc1aHR2NHc2akNMWlVkSHRiT3puNVpFSTN2QXZPb29mcC84YXUzb3FDcWxOWEVvTm81K2pNek9iUjRYQzNuN0x4QXRrUTNKa0dtSkxLV1pJOVdpMlMxVEYyTWlvd3pQc3N6RER6UFZPZWJRS05QZlAvQXMwOFhVUWtkckJtNjlrRFJ2djQrd2c0VEN3RERUOWR4dzE0S2dNV3A4eVFEa2JWdjlSdjNKUXBMbzd6SFE3Z0NWa2hJQUdZZ25EVHhMUm01SlViQkd2QllJbS8rZndaMm03ZGVSSDhZU3MzcUdldHVNa2k4WUVEM1UzUWFaVFp1MUJIMU9wSmNvcmM3aE9uMDZSOUZaUkM5S1RHOHgwOVVEWjBwdnYxUDYzZnNiUDMrMTlNSHJUNVUrL2tQcDZwdHJyN3hMRGZ5S3JXeEJoczh2TVJ3TEgrV1hZU2FseXFvV1BzeXk3RENUSkIycVJvcjJNSFA0Nk5HcG9iSEFNSk5XRmNPMWlNbGRSNWhKcXJJSWVDcTVKUTR6SEZEUlZXaGtHUkZDSktNSnhXRm1NU3NaMkVWL1dnZ3ppcnFvQ2ZueUFwY21pRkpCRHpOZVlDeWk5bW8rVjh0cDF3OER2WnlwV1pxcEYrdUh6OVlQejVsaDA5cERvK2FRZlZmWmhSVlZ3Y1BpdndEdFo5bEhMaU1BQUE9PSIgQ29ycmVsYXRpb25CaW5kaW5nPSIiIFVybEVuY29kZT0iVHJ1ZSIgLz4NCiAgICAgICAgPEZvcm1Qb3N0UGFyYW1ldGVyIE5hbWU9Il9fVklFV1NUQVRFIiBWYWx1ZT0ie3skSElEREVOMS5fX1ZJRVdTVEFURX19IiBSZWNvcmRlZFZhbHVlPSIiIENvcnJlbGF0aW9uQmluZGluZz0iIiBVcmxFbmNvZGU9IlRydWUiIC8+DQogICAgICAgIDxGb3JtUG9zdFBhcmFtZXRlciBOYW1lPSJfX1NDUk9MTFBPU0lUSU9OWCIgVmFsdWU9Int7JEhJRERFTjEuX19TQ1JPTExQT1NJVElPTlh9fSIgUmVjb3JkZWRWYWx1ZT0iMCIgQ29ycmVsYXRpb25CaW5kaW5nPSIiIFVybEVuY29kZT0iVHJ1ZSIgLz4NCiAgICAgICAgPEZvcm1Qb3N0UGFyYW1ldGVyIE5hbWU9Il9fU0NST0xMUE9TSVRJT05ZIiBWYWx1ZT0ie3skSElEREVOMS5fX1NDUk9MTFBPU0lUSU9OWX19IiBSZWNvcmRlZFZhbHVlPSIwIiBDb3JyZWxhdGlvbkJpbmRpbmc9IiIgVXJsRW5jb2RlPSJUcnVlIiAvPg0KICAgICAgICA8Rm9ybVBvc3RQYXJhbWV0ZXIgTmFtZT0iX19FVkVOVFZBTElEQVRJT04iIFZhbHVlPSJ7eyRISURERU4xLl9fRVZFTlRWQUxJREFUSU9OfX0iIFJlY29yZGVkVmFsdWU9Ii93RWRBTm9CcjFWdzlhR0JDM3Izaks5THh3cG1ENlY3ODMxcUZvOVJHMFlxOFdiZkErZWg0K2VtWjQrcCtIWWZtNzdMOUo3b0QvaHB2dVhuTjdObG9OMnREMDVhQ2p6bWx0YVVNN2FFQU4rZzljUC9tMTB6ejc1UE9FY3ZDazlGcGNyU3FHL0UrV0tlaVhSVmpEUVJxMzZZTjRWelRYWGNkbzBLWW85ZkMxSWd3bStXbkNySjRZNHMrWDNpN2JwV1pKS3FsZWoxbE1YeVdHaU1mL2RzdHNkK3pkeXRJaHFNdloxRXlYTUFsejJ3Q215c3c3ZmZYaE5pWERzQXhRY0xHc1ZnMERmNFp2Z3k3NjI2anBLSDUxY2thdUtTWDZRUEJhVWUzNlVFdVdqd3lwclk3WVFuaFhvdUdCS3VBaG12WGgzZURzcVN6RC9jdXdXYzMxTTJiU29JVWYxRXExSkRPN2NKQUd1cnRqa3NPU2lkQmZ0VklVVnE1SlZkN2djcjZnRW9BTkhQZlpKbS9IajhVZDZUWHAxVUdKbVo3dHZweHdWa0tVRjZ2UHhqU0lYRm4vdmlrOHdxN3QrTmhUOERQeUFUSmd2RkQzSzVVK3Z4b0N4TGlVcWM3bmhWVVd0amt2N0JmQWViSmdpbEVFTnBFbkxxNWdyODkybmVSYU1odTZVcDQ4T2RZUERxTFJTWFhqZ0pxNmVSTFNGd1pIakMxUGpBKzBSV3F0OGRsWEhjbFhXRFFZTXJTN08vYU5kdXhMVWU3eHBoVC95eEFlRDJVK1ZqckxrcDJtRlNJYWFDZUJ3OUhGdEN4UFAxUHk0Q0RRdEtPbWEwTlpmV1Fkd1ZLcUMva3hUS0FsUUtTd242MFd3N3pkQVluT09WRGRHSE4vVHI1YmdLUDZad1ovOE1RY0ZlRHNkQ0pHZGV3eWs1R3NIT3EwMkx0NFRFckdDMjlIQnlLVlAxUzFwcDAwSUM2Zi82L3lPelRaQUV4SWMwMHRyTmhGUlgxbjhPSFNLUkdIM0toNksxS3MyeEg4T2MvNFF3YmxoWmJOWXhqYlJZUjZMaURmSnRZdkluV1hUbkFHWnBKWTR6VEppMWc2UzExTTRBeVZQaW9mdHhNZjFOSThjUENsS0pJdjM2aGxhUGhVdWs3eW5McUpJMU5UcW5WSkZiWUlaUlExV0VBZ2NsaGZqWWEzbkQvaVVtcFJxVkRta3N6N2VMOVkvemdCSDRnSExlOFkyWnlDcDZabXV3RXJTTDZiT3huVkoyeDdLdmFYY1UydlgzU3NKTGRQL2ZmeFdUSUZ0Y3J0RGE2N3N0cmZrNzRiS0xQU2hnandzOUtmMi9UUU1zQ0Q1allTREVhOTJuMGFqZzFXYkVEWkR6VkcvMHcvVW5zcElvVm1lNk1GNUw3RStBUEJUUUhDSnF6SHVCK1dHMnpKSmZBVnFncFVqTTFlRnR4SFAwZVFYYU9mNnowM2pWZ0hPVmNsYmNZSjBkWlEvZkFiMkxoTlpKamtmeW9DcmppbnZSWCtjOXY3U2JBSVFEL25kNWg2c09RODNVbWZoZjZiTXB0NTRhaW5MbExjNlNNKzNkNWpIWXJud0tUbU54UFBhV3N2TG1maHgwTGh3bkNYR2xCb0xzS3BndURwTHpRaGYrbC9tTDEreWZqVVN6cUZ1eDdrSGpLd1hCekVoeHhmMGtkWjNuWHJScFZWWUpKRzVMdXM0RjhXYlZ0SXVrc3F3bEUvd25PeTJZeWh3eU1OZXNRNjRLM1M0VW1jVFJvZ2RwTzFBck9pM1N6VUVaaDd1elZ1cVlqcjFkM3prZ3RIanBUemhBb1laaVZPNVdZdDkzWm5odVZYTFlnVG1QQk5tNzlJczd3MVg1VHE2MExqc2JWdmI4Q1BOTVBDQmxOeUdnNXRsdmlUUGxwR2VSTnNsQktXKzRMQlhFNkFFNkVvVzFMRHdsdUlWOXF6NUpLUFplSkd3WU5EYTVUVlh1cHV6RXZyVkRibERidTcxQmdkR3ZRd3ErcDExU2NZTU1MZ2tvVjA1T1hsdm9sa3RqTFNFR3JJUzZXOHlWSEdqU3NoNEdPdWphN3hUaFNYQVZ2QXI3Q0kwY0NjWUpKK3k0NXVHS3AyeE1IRUNzTXFkVUJUVktRc0FuaUM5c1pDQnlFeUFoQStreXNVOTZIQzhJSVRNZGp0UW5ocGdSQkd6a1IrRHMxVXlXZW5mcHEvNDVpaEhRblVqUjJQYStGb3FKUGx1SEpYWUFjTDVkaWY0cjZxUVpER3lXN0JLOU8zTHZjYmZ6andNQmYycXg5OVRZa0phbnhobGRuNVJIcXNkSkJUbEZUQ2VJcUppbGxOUDlYK2FKNzd0ejVuNXUvOHcwNk5MeGNpOFE0N3ZVemNiWS8vb2ovUGZvTEJoNzhFaC9mckNpcVZOTm0zYUdTd3dwbUVDdndFb1RFRFlnTHZDUzlHdmxsRDNWb3lRVWNQSitJdk5iTjEzMWdWQkZBZmFZYVdxeFYrQWtLeEo3cFJaZmpZdG9tenlsSzlFQ3NqQWRTNE81bmo0eFppYmZHbU9vUkxqbExlOFpLdnlSZGlpSHZZVWp0dUtPd1BLUU9LY1lsRUZqOWY2aFFFVndkOHA0bzhZZnJBdFFjMkl6K1BLWEd1Q21XRVl0dXpvZ2dJUE92MkdpTzNwTWpHb0pMYU5BVFVPZ3V5NG5waEY3SDdTU3dLU2pFKzJPRDJFbjVIUGlsWlVyRDlna1h2R2lnZVhpRTVhWUd4Y2pkUittTGRDUDh2SytTU05SRTRzQ21ZdXFZT3Q0aVFwakFQNjBrd2E4YXZEZGRWMGlsUmJwNnMyNURIenNjZmFBSkpCbDRkSnNHMmlsei9UZlFjeHIrTFdhamZ1a3hNU2Q5T21LUHdFS2oxUGIyRGI0dEh2VW1qT1N6ZENRM3ZFa2U5YW5rUjYvcnJMaGYyMXhTV2I4aXlrSXVKR3grdlU5SXFOVGI1Q25RVlN3Mk1tTVBPb243QmhaSE9SUEVERGtzRHhkK2lXRzZ2VStDdEk1VVpDclRWVHFzQ1ZTalVhaE5RUitwSmgxekg5UmN4NXU5YnpLdTdzdXhyVllRTlE5N2FtL1BPNXJkblVhbG4xNkhzM0dwZXd4RGtNbkVvcStIYzd6b2VnMmk4N3RncER5L3YvTXVRNm9FcWJ3QSs5Vk1EMlVScHZLSVE4bEl6aThRdVAzaldmQ0M4a1NhcWEvamMrRUVMcE5vbW5reFBrWTJFekhSNUZzNzkxb3Jsb1ZHaHUwVFhoQzN5aVFDK1gvYW5mYVdEQmx3bks0TDFhQmQ3ckswQmtrdU84Z2M1QVVtaHVYUVFNa1NWaEhraUhTNm1hMHNqejFLby9vNUxBMTdSYWNmWGE3bjIxZ21Vd0NLS1ovdXljblZiTjlRNzZIdWJEMUFxdnFZZFE3KzhmRjBwZWhDUDRZQ25FOEFDM0QyWTM5VUhmODQxbUVVL3plMnBSbktQcFpGVHBOcDVhWFBiVlo1Zis0RzBHS2EyMFFxSWxkVlZHcFBEaFdwekxFYXJBNWR2aW9PZUJoWUE3WVF3YUFobTh1bEpPTTJoUmNxTEM5KzJWbjRDYnpwazhUbWZJM2pjOHg3eENvME5YYTdkRytHVDlmZVJVeUx1WXp6NEdhRFh5ZVNTY1RIZzdrSzFzN3h5dEtNVWJudnJFbTRXZ2dmR29uTnROTGd5cVV2dW9naFZOdSsybWFvVGY1ZVpsMHFlU05qSWZIdmM3aEVyWVJHcTFMalZjT2x6aUtYaHFlNXdIQlQ0dWNpZ1JxQzZqQmx3OWk4RllvN1F6MjBCYWRzRGtzajgrSnFmZ3ZLdDE2SXpKd3NwKzdhUkw2S1RKZ0RBbmo3elc3SkQ0SHdpcjVXODc0ZmN0ak5qK3p0V2VObUdOTnQ5SjQwNVcveGh5R3lDWHRadFRxTWQ0WDJvcG95cFZWdytUai9CVFdqZXAySEtjSmFFRHhyMjNBY3IvQzRMaHMzdXA5RVMyTkpMYVA3K1pqbllBdkt4cGRzT3AvUzZTcXpHUzdmai9zWTg4MWxSUmkwS3NTOXBXM0dBYlBDVDlMWVI0Z0JIejF1Q2pxa1hqSnY3SDlOaXZnMW5DNjlxdFNqU2M3OVBVdW40UHB5OUpKQStsWnhEUi8xMDZBREdxUUt1NWFBK3VLV2xCclVGMTl4VHNIZmRnWXFyS05Yc2ZxbXduTmJuYThsclFTOEFwOUlqUkxFVWlsWU5RZ0NJU2VVZmdDWDgwZ1VqbVF4WHJhaUd0NjBwTzA3NExzUUwraXhPUnkvcHhGWWFqcmZNdlQwVTFXQzhjSmNSRUxvcngwL2dKU2orMVM0RWJ6ZHN0czROcnRrNWtHT1hsS2t0eWV3K2tOcVNkanYwVUZlYmVUaEI1V2k2SlZ1dFBJMnFiTHVQMENNRGhDd3J2VldmSXNselJaTWl5cE9sMnM3Z01kOTBLNElFVDl2aXFPUGRGaHBDb0x0bkc0aTJ1a2YrMlNKNk5VRUZ1cEo2cW81SW56N0ljbFE2ZmtmNWpDcGE1Zjk2MTlnOEJxMWI1bUY3ZWlhNXNsZDEwaGtnTXE1dS9VTU05ZHVYdmZVUWJwV3BJZ3czZm15aEZyeVBNV1d0dytvZENxTS9MbllBSkdIWVYvZXVpVnBiR2hqTEVUR3NCYUU3SWxKQlc4bHMzS3VBTzV0TjhiK25TS2c0NVFnb1o2bHFEVVlVanZJd2x0YkhCYW5nNzJQTXgxVXNvdTUxajh0bCt5akRldjdzK2FoWTJRR21FTWs3SjdSaWhDd3djclNTRWdtZnRsQVNvRmNlSFRFSm15dlJreWFJcWVyeFRROU9qR1lHYk1IVGVPcGw4NjNsQlFPS0FlVmdOUUwzU3YyZzlFTCtCMTd0VzNFQTViZXNBUHFTZ0VKYm5ROFUyMmRwZS96Z3FzMEpHdTU2c1dwa2dSMkxYSHpCRVp4bTZHbmpKaXpNZ080OFVycHA0TmZhUmdzUUlTTDZwcUY2YjBlaUVSVHRUUldUd0gxaWt5bncxYXZCSUxyT0NZNWh3TXJJR01Qd3pDZjk4cHV5dWlaZVRGTW5rYUhraWx1eGlQcnRlU3llaTZrOWpkN2JlMTluc20zTTNvL3BlRVRGR1dYOFIrNnRDSTdtNG94NXdQaGw2aHRXVk5qZ1FzRFZieGZGUWtQVGRkK3l6NU1zSk8wYTlsSWpYdWFJVC9IcnhvZVBMQzIwSk1IcWdYSGxIMG9lK3NXbnJ2MUhVYThrT2xGeU05djQwUFJXOGdnMjVqak1FWmVPSWxmVXp0aElGVWJQcVljb0IzUjlWbjM4K0FWbjlXeCt1dFcrRDZOWmVoZEhiUlRiZVhaWDAwRkkrRE13QnkwU040OWNBNnQ5UE9WdzJ2eHFFTEZ0K1pkeGh1MU5Sd21jZkx6Sit5cDBoSTdWbmRYckhaRTN3aEtPVWhpWmFMd1BXU0d4cXc2VEdzM1ZGUG9yNnBPSFhEV1BsMzd5VW9XYjA3SEFzVGtPbUFZajNKb2FqNEVXZlhHOUhVY3hNbE1ReGJzbDFPTXFuRkRGQ2NQcW11c2VYSElYTG5CWG1UaTVuc0FaSkxqRVF1V3hodjh1ZkxxYld2WWMyd3lSTzUxYWNuMXNrNjNCbmVoVVBRT3N3b1FNU1UwZ1daRTFSanFSQ3pCUFo4a0ZSVkRXV1VOWHNOenVFQUpoTG5kdEFQYTJzVUdncWlQZ3Nrek1mNWNkc2kwY0dEY2d1ejRPdExJOFord0V6MFpCMkxMRjdlanpyTWVxMzllek9YaUN5OThNMXpBRUpTOS9UYm1HN296aXFRa05uajNHaXJDS0hGQ21CbjBwTjRxblViMXVtaDdNZFdTT3kySTFnNkZuSkFNaGZSMG5DeURteitlSy9QeVFtSlRBTWQxRG41ZHZuZWNvcEFTODB3b0F3ZmlOQ2JPNllrZXNYTGNWaG5YOVUxNGxCbndIZGRYUmR6bDZpd01ZaTRyS1RUazhSbm9WL21IK3Y1ZmR1d0Q4bWFWdHVkbkVFUEJjQ0NQRXVzaGdqY0Q3TnNZVnhTRUJjcDI3c1hwOE5aQ2xvejJvNlBiRmhYdi9IQ1VHeHRYbzJZd3VtTURsV2tuNWY1RVFrdzYrSEtoUm9iUUJVQ2N4SDFqZWRmelVrekc0UnhsbHJUVWxrZURkYjl1bFU5WlpZYU5kTy9vdz09IiBDb3JyZWxhdGlvbkJpbmRpbmc9IiIgVXJsRW5jb2RlPSJUcnVlIiAvPg0KICAgICAgICA8Rm9ybVBvc3RQYXJhbWV0ZXIgTmFtZT0iYnRuVGVtcFNhdmVJbnZpc2libGUiIFZhbHVlPSLmmqvlrZgiIFJlY29yZGVkVmFsdWU9Iuaaq+WtmCIgQ29ycmVsYXRpb25CaW5kaW5nPSJ7e0Zvcm1Qb3N0UGFyYW0xMy5idG5UZW1wU2F2ZUludmlzaWJsZX19IiBVcmxFbmNvZGU9IlRydWUiIC8+DQogICAgICAgIDxGb3JtUG9zdFBhcmFtZXRlciBOYW1lPSJoaWRHcmlkVmlld1N0YXJ0VGltZSIgVmFsdWU9Int7JEhJRERFTjEuaGlkR3JpZFZpZXdTdGFydFRpbWV9fSIgUmVjb3JkZWRWYWx1ZT0iIiBDb3JyZWxhdGlvbkJpbmRpbmc9IiIgVXJsRW5jb2RlPSJUcnVlIiAvPg0KICAgICAgICA8Rm9ybVBvc3RQYXJhbWV0ZXIgTmFtZT0idWNEYXRlU3RhcnQkdHh0RGF0ZSIgVmFsdWU9IjIwMTcvMDUvMTEiIFJlY29yZGVkVmFsdWU9IjIwMTcvMDUvMTEiIENvcnJlbGF0aW9uQmluZGluZz0ie3tGb3JtUG9zdFBhcmFtMTQudWNEYXRlU3RhcnQkdHh0RGF0ZX19IiBVcmxFbmNvZGU9IlRydWUiIC8+DQogICAgICAgIDxGb3JtUG9zdFBhcmFtZXRlciBOYW1lPSJ1Y0RhdGVFbmQkdHh0RGF0ZSIgVmFsdWU9IjIwMTcvMDUvMTEiIFJlY29yZGVkVmFsdWU9IjIwMTcvMDUvMTEiIENvcnJlbGF0aW9uQmluZGluZz0ie3tGb3JtUG9zdFBhcmFtMTUudWNEYXRlRW5kJHR4dERhdGV9fSIgVXJsRW5jb2RlPSJUcnVlIiAvPg0KICAgICAgICA8Rm9ybVBvc3RQYXJhbWV0ZXIgTmFtZT0iT1RUaW1lU3RhcnQkZGRsSEgiIFZhbHVlPSIwMCIgUmVjb3JkZWRWYWx1ZT0iMDAiIENvcnJlbGF0aW9uQmluZGluZz0ie3tGb3JtUG9zdFBhcmFtMTYuT1RUaW1lU3RhcnQkZGRsSEh9fSIgVXJsRW5jb2RlPSJUcnVlIiAvPg0KICAgICAgICA8Rm9ybVBvc3RQYXJhbWV0ZXIgTmFtZT0iT1RUaW1lU3RhcnQkZGRsTU0iIFZhbHVlPSIwMCIgUmVjb3JkZWRWYWx1ZT0iMDAiIENvcnJlbGF0aW9uQmluZGluZz0ie3tGb3JtUG9zdFBhcmFtMTcuT1RUaW1lU3RhcnQkZGRsTU19fSIgVXJsRW5jb2RlPSJUcnVlIiAvPg0KICAgICAgICA8Rm9ybVBvc3RQYXJhbWV0ZXIgTmFtZT0iT1RUaW1lRW5kJGRkbEhIIiBWYWx1ZT0iMDEiIFJlY29yZGVkVmFsdWU9IjAxIiBDb3JyZWxhdGlvbkJpbmRpbmc9Int7Rm9ybVBvc3RQYXJhbTE4Lk9UVGltZUVuZCRkZGxISH19IiBVcmxFbmNvZGU9IlRydWUiIC8+DQogICAgICAgIDxGb3JtUG9zdFBhcmFtZXRlciBOYW1lPSJPVFRpbWVFbmQkZGRsTU0iIFZhbHVlPSIwMCIgUmVjb3JkZWRWYWx1ZT0iMDAiIENvcnJlbGF0aW9uQmluZGluZz0ie3tGb3JtUG9zdFBhcmFtMTkuT1RUaW1lRW5kJGRkbE1NfX0iIFVybEVuY29kZT0iVHJ1ZSIgLz4NCiAgICAgICAgPEZvcm1Qb3N0UGFyYW1ldGVyIE5hbWU9ImRkbE9UVHlwZUlEIiBWYWx1ZT0iOSIgUmVjb3JkZWRWYWx1ZT0iOSIgQ29ycmVsYXRpb25CaW5kaW5nPSJ7e0Zvcm1Qb3N0UGFyYW0yMC5kZGxPVFR5cGVJRH19IiBVcmxFbmNvZGU9IlRydWUiIC8+DQogICAgICAgIDxGb3JtUG9zdFBhcmFtZXRlciBOYW1lPSJ0eHRPVFJlYXNvbk1lbW8kdHh0RGF0YSIgVmFsdWU9InRlc3QiIFJlY29yZGVkVmFsdWU9InRlc3QiIENvcnJlbGF0aW9uQmluZGluZz0iIiBVcmxFbmNvZGU9IlRydWUiIC8+DQogICAgICAgIDxGb3JtUG9zdFBhcmFtZXRlciBOYW1lPSJoaWRHcmlkVmlld1NlYXJjaFN0YXJ0VGltZSIgVmFsdWU9Int7JEhJRERFTjEuaGlkR3JpZFZpZXdTZWFyY2hTdGFydFRpbWV9fSIgUmVjb3JkZWRWYWx1ZT0iIiBDb3JyZWxhdGlvbkJpbmRpbmc9IiIgVXJsRW5jb2RlPSJUcnVlIiAvPg0KICAgICAgICA8Rm9ybVBvc3RQYXJhbWV0ZXIgTmFtZT0iaGlkR3JpZFZpZXdTZWFyY2hFbmRUaW1lIiBWYWx1ZT0ie3skSElEREVOMS5oaWRHcmlkVmlld1NlYXJjaEVuZFRpbWV9fSIgUmVjb3JkZWRWYWx1ZT0iIiBDb3JyZWxhdGlvbkJpbmRpbmc9IiIgVXJsRW5jb2RlPSJUcnVlIiAvPg0KICAgICAgICA8Rm9ybVBvc3RQYXJhbWV0ZXIgTmFtZT0iZnJhbWVBdHRhY2giIFZhbHVlPSIvVXRpbC9BdHRhY2hBZG1pbi5hc3B4P0F0dGFjaERCPUFhdHRlbmRhbnREQl9JVFJEJmFtcDtBdHRhY2hJRD10ZXN0MTAyMTE5NjI0ZWNkMTktYjRkOS00MTcyLTlmZDMtYTdmNWRmMWIwZjZkJmFtcDtBdHRhY2hGaWxlTWF4UXR5PTEmYW1wO0F0dGFjaEZpbGVNYXhLQj0zMDcyJmFtcDtBdHRhY2hGaWxlVG90S0I9MzA3MiZhbXA7QXR0YWNoRmlsZUV4dExpc3Q9IiBSZWNvcmRlZFZhbHVlPSIvVXRpbC9BdHRhY2hBZG1pbi5hc3B4P0F0dGFjaERCPUFhdHRlbmRhbnREQl9JVFJEJmFtcDtBdHRhY2hJRD10ZXN0MTAyMTE5NjI0ZWNkMTktYjRkOS00MTcyLTlmZDMtYTdmNWRmMWIwZjZkJmFtcDtBdHRhY2hGaWxlTWF4UXR5PTEmYW1wO0F0dGFjaEZpbGVNYXhLQj0zMDcyJmFtcDtBdHRhY2hGaWxlVG90S0I9MzA3MiZhbXA7QXR0YWNoRmlsZUV4dExpc3Q9IiBDb3JyZWxhdGlvbkJpbmRpbmc9IiIgVXJsRW5jb2RlPSJUcnVlIiAvPg0KICAgICAgICA8Rm9ybVBvc3RQYXJhbWV0ZXIgTmFtZT0idWNNb2RhbFBvcHVwMSRDbGllbnRXaWR0aCIgVmFsdWU9Int7JEhJRERFTjEudWNNb2RhbFBvcHVwMSRDbGllbnRXaWR0aH19IiBSZWNvcmRlZFZhbHVlPSIwIiBDb3JyZWxhdGlvbkJpbmRpbmc9IiIgVXJsRW5jb2RlPSJUcnVlIiAvPg0KICAgICAgICA8Rm9ybVBvc3RQYXJhbWV0ZXIgTmFtZT0idWNNb2RhbFBvcHVwMSRDbGllbnRIZWlnaHQiIFZhbHVlPSJ7eyRISURERU4xLnVjTW9kYWxQb3B1cDEkQ2xpZW50SGVpZ2h0fX0iIFJlY29yZGVkVmFsdWU9IjAiIENvcnJlbGF0aW9uQmluZGluZz0iIiBVcmxFbmNvZGU9IlRydWUiIC8+DQogICAgICA8L0Zvcm1Qb3N0SHR0cEJvZHk+DQogICAgPC9SZXF1ZXN0Pg0KICAgIDxSZXF1ZXN0IE1ldGhvZD0iUE9TVCIgR3VpZD0iNjhhMDU4ODEtZmNjYi00YWQ0LWFlNWItZjMyMzFmOTU0N2I4IiBWZXJzaW9uPSIxLjEiIFVybD0iaHR0cDovLzEwLjExLjM2LjExNDo4MDA3L092ZXJUaW1lL092ZXJ0aW1lUHJlT3JkZXJfTW9kaWZ5LmFzcHgiIFRoaW5rVGltZT0iNSIgVGltZW91dD0iMzAwIiBQYXJzZURlcGVuZGVudFJlcXVlc3RzPSJUcnVlIiBGb2xsb3dSZWRpcmVjdHM9IlRydWUiIFJlY29yZFJlc3VsdD0iVHJ1ZSIgQ2FjaGU9IkZhbHNlIiBSZXNwb25zZVRpbWVHb2FsPSIwIiBFbmNvZGluZz0idXRmLTgiIEV4cGVjdGVkSHR0cFN0YXR1c0NvZGU9IjAiIEV4cGVjdGVkUmVzcG9uc2VVcmw9Imh0dHA6Ly8xMC4xMS4zNi4xMTQ6ODAwNy9PdmVyVGltZS9PdmVydGltZVByZU9yZGVyLmFzcHgiIFJlcG9ydGluZ05hbWU9IiIgSWdub3JlSHR0cFN0YXR1c0NvZGU9IkZhbHNlIj4NCiAgICAgIDxFeHRyYWN0aW9uUnVsZXM+DQogICAgICAgIDxFeHRyYWN0aW9uUnVsZSBDbGFzc25hbWU9Ik1pY3Jvc29mdC5WaXN1YWxTdHVkaW8uVGVzdFRvb2xzLldlYlRlc3RpbmcuUnVsZXMuRXh0cmFjdEhpZGRlbkZpZWxkcywgTWljcm9zb2Z0LlZpc3VhbFN0dWRpby5RdWFsaXR5VG9vbHMuV2ViVGVzdEZyYW1ld29yaywgVmVyc2lvbj0xMC4wLjAuMCwgQ3VsdHVyZT1uZXV0cmFsLCBQdWJsaWNLZXlUb2tlbj1iMDNmNWY3ZjExZDUwYTNhIiBWYXJpYWJsZU5hbWU9IjEiIERpc3BsYXlOYW1lPSLmk7flj5bpmrHol4/mrITkvY0iIERlc2NyaXB0aW9uPSLmk7flj5blm57mh4nkuK3nmoTmiYDmnInpmrHol4/mrITkvY3vvIzkuKblsIflroPlgJHmlL7lnKjmuKzoqablhaflrrnkuK3jgIIiPg0KICAgICAgICAgIDxSdWxlUGFyYW1ldGVycz4NCiAgICAgICAgICAgIDxSdWxlUGFyYW1ldGVyIE5hbWU9IlJlcXVpcmVkIiBWYWx1ZT0iVHJ1ZSIgLz4NCiAgICAgICAgICAgIDxSdWxlUGFyYW1ldGVyIE5hbWU9Ikh0bWxEZWNvZGUiIFZhbHVlPSJUcnVlIiAvPg0KICAgICAgICAgIDwvUnVsZVBhcmFtZXRlcnM+DQogICAgICAgIDwvRXh0cmFjdGlvblJ1bGU+DQogICAgICA8L0V4dHJhY3Rpb25SdWxlcz4NCiAgICAgIDxDb3JyZWxhdGlvbkV4dHJhY3Rpb25SdWxlcz4NCiAgICAgICAgPEV4dHJhY3Rpb25SdWxlIENsYXNzbmFtZT0iTWljcm9zb2Z0LlZpc3VhbFN0dWRpby5UZXN0VG9vbHMuV2ViVGVzdGluZy5SdWxlcy5FeHRyYWN0Rm9ybUZpZWxkLCBNaWNyb3NvZnQuVmlzdWFsU3R1ZGlvLlF1YWxpdHlUb29scy5XZWJUZXN0RnJhbWV3b3JrLCBWZXJzaW9uPTEwLjAuMC4wLCBDdWx0dXJlPW5ldXRyYWwsIFB1YmxpY0tleVRva2VuPWIwM2Y1ZjdmMTFkNTBhM2EiIFZhcmlhYmxlTmFtZT0iRm9ybVBvc3RQYXJhbTEuYnRuUXVlcnkiIERpc3BsYXlOYW1lPSIiIERlc2NyaXB0aW9uPSIiPg0KICAgICAgICAgIDxSdWxlUGFyYW1ldGVycz4NCiAgICAgICAgICAgIDxSdWxlUGFyYW1ldGVyIE5hbWU9Ik5hbWUiIFZhbHVlPSJidG5RdWVyeSIgLz4NCiAgICAgICAgICAgIDxSdWxlUGFyYW1ldGVyIE5hbWU9Ikh0bWxEZWNvZGUiIFZhbHVlPSJUcnVlIiAvPg0KICAgICAgICAgICAgPFJ1bGVQYXJhbWV0ZXIgTmFtZT0iUmVxdWlyZWQiIFZhbHVlPSJGYWxzZSIgLz4NCiAgICAgICAgICAgIDxSdWxlUGFyYW1ldGVyIE5hbWU9IkluZGV4IiBWYWx1ZT0iMCIgLz4NCiAgICAgICAgICA8L1J1bGVQYXJhbWV0ZXJzPg0KICAgICAgICA8L0V4dHJhY3Rpb25SdWxlPg0KICAgICAgICA8RXh0cmFjdGlvblJ1bGUgQ2xhc3NuYW1lPSJNaWNyb3NvZnQuVmlzdWFsU3R1ZGlvLlRlc3RUb29scy5XZWJUZXN0aW5nLlJ1bGVzLkV4dHJhY3RGb3JtRmllbGQsIE1pY3Jvc29mdC5WaXN1YWxTdHVkaW8uUXVhbGl0eVRvb2xzLldlYlRlc3RGcmFtZXdvcmssIFZlcnNpb249MTAuMC4wLjAsIEN1bHR1cmU9bmV1dHJhbCwgUHVibGljS2V5VG9rZW49YjAzZjVmN2YxMWQ1MGEzYSIgVmFyaWFibGVOYW1lPSJGb3JtUG9zdFBhcmFtMi50eHRPVEVtcElEIiBEaXNwbGF5TmFtZT0iIiBEZXNjcmlwdGlvbj0iIj4NCiAgICAgICAgICA8UnVsZVBhcmFtZXRlcnM+DQogICAgICAgICAgICA8UnVsZVBhcmFtZXRlciBOYW1lPSJOYW1lIiBWYWx1ZT0idHh0T1RFbXBJRCIgLz4NCiAgICAgICAgICAgIDxSdWxlUGFyYW1ldGVyIE5hbWU9Ikh0bWxEZWNvZGUiIFZhbHVlPSJUcnVlIiAvPg0KICAgICAgICAgICAgPFJ1bGVQYXJhbWV0ZXIgTmFtZT0iUmVxdWlyZWQiIFZhbHVlPSJGYWxzZSIgLz4NCiAgICAgICAgICAgIDxSdWxlUGFyYW1ldGVyIE5hbWU9IkluZGV4IiBWYWx1ZT0iMCIgLz4NCiAgICAgICAgICA8L1J1bGVQYXJhbWV0ZXJzPg0KICAgICAgICA8L0V4dHJhY3Rpb25SdWxlPg0KICAgICAgICA8RXh0cmFjdGlvblJ1bGUgQ2xhc3NuYW1lPSJNaWNyb3NvZnQuVmlzdWFsU3R1ZGlvLlRlc3RUb29scy5XZWJUZXN0aW5nLlJ1bGVzLkV4dHJhY3RUZXh0LCBNaWNyb3NvZnQuVmlzdWFsU3R1ZGlvLlF1YWxpdHlUb29scy5XZWJUZXN0RnJhbWV3b3JrLCBWZXJzaW9uPTEwLjAuMC4wLCBDdWx0dXJlPW5ldXRyYWwsIFB1YmxpY0tleVRva2VuPWIwM2Y1ZjdmMTFkNTBhM2EiIFZhcmlhYmxlTmFtZT0iRm9ybVBvc3RQYXJhbTMuZGRsUXVlcnlDb25kaXRpb25zIiBEaXNwbGF5TmFtZT0iIiBEZXNjcmlwdGlvbj0iIj4NCiAgICAgICAgICA8UnVsZVBhcmFtZXRlcnM+DQogICAgICAgICAgICA8UnVsZVBhcmFtZXRlciBOYW1lPSJTdGFydHNXaXRoIiBWYWx1ZT0icyZxdW90OzpbJnF1b3Q7IiAvPg0KICAgICAgICAgICAgPFJ1bGVQYXJhbWV0ZXIgTmFtZT0iRW5kc1dpdGgiIFZhbHVlPSImcXVvdDssJnF1b3Q7MSZxdW90OyIgLz4NCiAgICAgICAgICAgIDxSdWxlUGFyYW1ldGVyIE5hbWU9IkluZGV4IiBWYWx1ZT0iMCIgLz4NCiAgICAgICAgICAgIDxSdWxlUGFyYW1ldGVyIE5hbWU9Iklnbm9yZUNhc2UiIFZhbHVlPSJGYWxzZSIgLz4NCiAgICAgICAgICAgIDxSdWxlUGFyYW1ldGVyIE5hbWU9IlVzZVJlZ3VsYXJFeHByZXNzaW9uIiBWYWx1ZT0iRmFsc2UiIC8+DQogICAgICAgICAgICA8UnVsZVBhcmFtZXRlciBOYW1lPSJIdG1sRGVjb2RlIiBWYWx1ZT0iVHJ1ZSIgLz4NCiAgICAgICAgICAgIDxSdWxlUGFyYW1ldGVyIE5hbWU9IlJlcXVpcmVkIiBWYWx1ZT0iRmFsc2UiIC8+DQogICAgICAgICAgPC9SdWxlUGFyYW1ldGVycz4NCiAgICAgICAgPC9FeHRyYWN0aW9uUnVsZT4NCiAgICAgICAgPEV4dHJhY3Rpb25SdWxlIENsYXNzbmFtZT0iTWljcm9zb2Z0LlZpc3VhbFN0dWRpby5UZXN0VG9vbHMuV2ViVGVzdGluZy5SdWxlcy5FeHRyYWN0VGV4dCwgTWljcm9zb2Z0LlZpc3VhbFN0dWRpby5RdWFsaXR5VG9vbHMuV2ViVGVzdEZyYW1ld29yaywgVmVyc2lvbj0xMC4wLjAuMCwgQ3VsdHVyZT1uZXV0cmFsLCBQdWJsaWNLZXlUb2tlbj1iMDNmNWY3ZjExZDUwYTNhIiBWYXJpYWJsZU5hbWU9IkZvcm1Qb3N0UGFyYW00LmRkbE9UU3RhdHVzIiBEaXNwbGF5TmFtZT0iIiBEZXNjcmlwdGlvbj0iIj4NCiAgICAgICAgICA8UnVsZVBhcmFtZXRlcnM+DQogICAgICAgICAgICA8UnVsZVBhcmFtZXRlciBOYW1lPSJTdGFydHNXaXRoIiBWYWx1ZT0iJnF1b3Q7MCZxdW90OywmcXVvdDsiIC8+DQogICAgICAgICAgICA8UnVsZVBhcmFtZXRlciBOYW1lPSJFbmRzV2l0aCIgVmFsdWU9IiZxdW90OywmcXVvdDsyJnF1b3Q7IiAvPg0KICAgICAgICAgICAgPFJ1bGVQYXJhbWV0ZXIgTmFtZT0iSW5kZXgiIFZhbHVlPSIwIiAvPg0KICAgICAgICAgICAgPFJ1bGVQYXJhbWV0ZXIgTmFtZT0iSWdub3JlQ2FzZSIgVmFsdWU9IkZhbHNlIiAvPg0KICAgICAgICAgICAgPFJ1bGVQYXJhbWV0ZXIgTmFtZT0iVXNlUmVndWxhckV4cHJlc3Npb24iIFZhbHVlPSJGYWxzZSIgLz4NCiAgICAgICAgICAgIDxSdWxlUGFyYW1ldGVyIE5hbWU9Ikh0bWxEZWNvZGUiIFZhbHVlPSJUcnVlIiAvPg0KICAgICAgICAgICAgPFJ1bGVQYXJhbWV0ZXIgTmFtZT0iUmVxdWlyZWQiIFZhbHVlPSJGYWxzZSIgLz4NCiAgICAgICAgICA8L1J1bGVQYXJhbWV0ZXJzPg0KICAgICAgICA8L0V4dHJhY3Rpb25SdWxlPg0KICAgICAgPC9Db3JyZWxhdGlvbkV4dHJhY3Rpb25SdWxlcz4NCiAgICAgIDxRdWVyeVN0cmluZ1BhcmFtZXRlcnM+DQogICAgICAgIDxRdWVyeVN0cmluZ1BhcmFtZXRlciBOYW1lPSJPVENvbXBJRCIgVmFsdWU9IlNQSEJLMSIgUmVjb3JkZWRWYWx1ZT0iU1BIQksxIiBDb3JyZWxhdGlvbkJpbmRpbmc9Int7UXVlcnlTdHJpbmdQYXJhbTEuT1RDb21wSUR9fSIgVXJsRW5jb2RlPSJGYWxzZSIgVXNlVG9Hcm91cFJlc3VsdHM9IkZhbHNlIiAvPg0KICAgICAgICA8UXVlcnlTdHJpbmdQYXJhbWV0ZXIgTmFtZT0iT1RFbXBJRCIgVmFsdWU9IjEwMjExOSIgUmVjb3JkZWRWYWx1ZT0iMTAyMTE5IiBDb3JyZWxhdGlvbkJpbmRpbmc9Int7UXVlcnlTdHJpbmdQYXJhbTIuT1RFbXBJRH19IiBVcmxFbmNvZGU9IkZhbHNlIiBVc2VUb0dyb3VwUmVzdWx0cz0iRmFsc2UiIC8+DQogICAgICAgIDxRdWVyeVN0cmluZ1BhcmFtZXRlciBOYW1lPSJPVFN0YXJ0RGF0ZSIgVmFsdWU9IjIwMTclMmYwNSUyZjExIiBSZWNvcmRlZFZhbHVlPSIyMDE3JTJmMDUlMmYxMSIgQ29ycmVsYXRpb25CaW5kaW5nPSJ7e1F1ZXJ5U3RyaW5nUGFyYW0zLk9UU3RhcnREYXRlfX0iIFVybEVuY29kZT0iRmFsc2UiIFVzZVRvR3JvdXBSZXN1bHRzPSJGYWxzZSIgLz4NCiAgICAgICAgPFF1ZXJ5U3RyaW5nUGFyYW1ldGVyIE5hbWU9Ik9URW5kRGF0ZSIgVmFsdWU9IjIwMTclMmYwNSUyZjExIiBSZWNvcmRlZFZhbHVlPSIyMDE3JTJmMDUlMmYxMSIgQ29ycmVsYXRpb25CaW5kaW5nPSJ7e1F1ZXJ5U3RyaW5nUGFyYW00Lk9URW5kRGF0ZX19IiBVcmxFbmNvZGU9IkZhbHNlIiBVc2VUb0dyb3VwUmVzdWx0cz0iRmFsc2UiIC8+DQogICAgICAgIDxRdWVyeVN0cmluZ1BhcmFtZXRlciBOYW1lPSJPVFN0YXJ0VGltZSIgVmFsdWU9IjAwMDAiIFJlY29yZGVkVmFsdWU9IjAwMDAiIENvcnJlbGF0aW9uQmluZGluZz0ie3tRdWVyeVN0cmluZ1BhcmFtNS5PVFN0YXJ0VGltZX19IiBVcmxFbmNvZGU9IkZhbHNlIiBVc2VUb0dyb3VwUmVzdWx0cz0iRmFsc2UiIC8+DQogICAgICAgIDxRdWVyeVN0cmluZ1BhcmFtZXRlciBOYW1lPSJPVEVuZFRpbWUiIFZhbHVlPSIwMTAwIiBSZWNvcmRlZFZhbHVlPSIwMTAwIiBDb3JyZWxhdGlvbkJpbmRpbmc9Int7UXVlcnlTdHJpbmdQYXJhbTYuT1RFbmRUaW1lfX0iIFVybEVuY29kZT0iRmFsc2UiIFVzZVRvR3JvdXBSZXN1bHRzPSJGYWxzZSIgLz4NCiAgICAgICAgPFF1ZXJ5U3RyaW5nUGFyYW1ldGVyIE5hbWU9Ik9UVHhuSUQiIFZhbHVlPSJ7e1F1ZXJ5U3RyaW5nUGFyYW03Lk9UVHhuSUR9fSIgUmVjb3JkZWRWYWx1ZT0iU1BIQksxMTAyMTE5MjAxNzA1MTE1NSIgQ29ycmVsYXRpb25CaW5kaW5nPSJ7e1F1ZXJ5U3RyaW5nUGFyYW03Lk9UVHhuSUR9fSIgVXJsRW5jb2RlPSJGYWxzZSIgVXNlVG9Hcm91cFJlc3VsdHM9IkZhbHNlIiAvPg0KICAgICAgICA8UXVlcnlTdHJpbmdQYXJhbWV0ZXIgTmFtZT0iT1RGb3JtTk8iIFZhbHVlPSIyMDE3MDUxMTYwMTAyMTE5IiBSZWNvcmRlZFZhbHVlPSIyMDE3MDUxMTYwMTAyMTE5IiBDb3JyZWxhdGlvbkJpbmRpbmc9Int7UXVlcnlTdHJpbmdQYXJhbTguT1RGb3JtTk99fSIgVXJsRW5jb2RlPSJGYWxzZSIgVXNlVG9Hcm91cFJlc3VsdHM9IkZhbHNlIiAvPg0KICAgICAgPC9RdWVyeVN0cmluZ1BhcmFtZXRlcnM+DQogICAgICA8Rm9ybVBvc3RIdHRwQm9keT4NCiAgICAgICAgPEZvcm1Qb3N0UGFyYW1ldGVyIE5hbWU9IlRvb2xraXRTY3JpcHRNYW5hZ2VyMV9IaWRkZW5GaWVsZCIgVmFsdWU9Ijs7QWpheENvbnRyb2xUb29sa2l0LCBWZXJzaW9uPTQuMS43LjYwNywgQ3VsdHVyZT1uZXV0cmFsLCBQdWJsaWNLZXlUb2tlbj0yOGYwMWIwZTg0YjZkNTNlOnpoLUhhbnQ6N2I5NWVkMWEtNmEzZi00MWRkLWJjNWItNjNmMzllZGJjNGI0OmRlMWZlYWIyOmZjZjBlOTkzOmYyYzhlNzA4OjcyMGE1MmJmOmY5Y2VjOWJjOjU4OWVhYTMwOjY5ODEyOWNmOmZiOWI0YzU3OmNjYjk2Y2Y5OjhhZDE4MTAxOmE2N2MyNzAwOjg2MTNhZWE3OjMyMDJhNWEyOmFiMDllM2ZlOjg3MTA0YjdjOmJlNmZiMjk4IiBSZWNvcmRlZFZhbHVlPSI7O0FqYXhDb250cm9sVG9vbGtpdCwgVmVyc2lvbj00LjEuNy42MDcsIEN1bHR1cmU9bmV1dHJhbCwgUHVibGljS2V5VG9rZW49MjhmMDFiMGU4NGI2ZDUzZTp6aC1IYW50OjdiOTVlZDFhLTZhM2YtNDFkZC1iYzViLTYzZjM5ZWRiYzRiNDpkZTFmZWFiMjpmY2YwZTk5MzpmMmM4ZTcwODo3MjBhNTJiZjpmOWNlYzliYzo1ODllYWEzMDo2OTgxMjljZjpmYjliNGM1NzpjY2I5NmNmOTo4YWQxODEwMTphNjdjMjcwMDo4NjEzYWVhNzozMjAyYTVhMjphYjA5ZTNmZTo4NzEwNGI3YzpiZTZmYjI5OCIgQ29ycmVsYXRpb25CaW5kaW5nPSIiIFVybEVuY29kZT0iVHJ1ZSIgLz4NCiAgICAgICAgPEZvcm1Qb3N0UGFyYW1ldGVyIE5hbWU9Il9fRVZFTlRUQVJHRVQiIFZhbHVlPSJ7eyRISURERU4xLl9fRVZFTlRUQVJHRVR9fSIgUmVjb3JkZWRWYWx1ZT0iIiBDb3JyZWxhdGlvbkJpbmRpbmc9IiIgVXJsRW5jb2RlPSJUcnVlIiAvPg0KICAgICAgICA8Rm9ybVBvc3RQYXJhbWV0ZXIgTmFtZT0iX19FVkVOVEFSR1VNRU5UIiBWYWx1ZT0ie3skSElEREVOMS5fX0VWRU5UQVJHVU1FTlR9fSIgUmVjb3JkZWRWYWx1ZT0iIiBDb3JyZWxhdGlvbkJpbmRpbmc9IiIgVXJsRW5jb2RlPSJUcnVlIiAvPg0KICAgICAgICA8Rm9ybVBvc3RQYXJhbWV0ZXIgTmFtZT0iX19MQVNURk9DVVMiIFZhbHVlPSJ7eyRISURERU4xLl9fTEFTVEZPQ1VTfX0iIFJlY29yZGVkVmFsdWU9IiIgQ29ycmVsYXRpb25CaW5kaW5nPSIiIFVybEVuY29kZT0iVHJ1ZSIgLz4NCiAgICAgICAgPEZvcm1Qb3N0UGFyYW1ldGVyIE5hbWU9Il9fVlNUQVRFIiBWYWx1ZT0ie3skSElEREVOMS5fX1ZTVEFURX19IiBSZWNvcmRlZFZhbHVlPSJBUitMQ0FBQUFBQUFCQUR0R3Yxekc4VTEydmo4RlNkT000MGhUU3BkbklMallrbDNweTlidGdXMjQ5UnU0c2hFSW1FbU1KcVRiaTBkUHQySnU1TnREY00wdElTRWhKUXdFR2dJTFdWS0JncVROQzFUTUVtZy9STTZuZjdRMzJ2NTQ2ZitDZlR0M3VuVE5nUWFNVzJubC9IZDd0dTM3KzIrcjMxdmxTOGNuZmM3R0djaU1hYXBwcTRweG5IOGRGN1c4YlJtbUtOaWF2WUlMaVFTWFE1bVd5b3pPNFZGNWJBaXBqdVpkcjQveEFVRC9uNCsyTm5WNTJ6SllzTVEweGc3ZXhMVDhKMDBwa1JaTmVFdmxnS2FDaENUVFZsVG8ycUpiTnJabm9qR3gxWHBrR2hpcGwzZytKQ1hDM2g1M3RtY0dNL21KZzh4elR3bjhQeUFzd1B3WXFhb20zRTVpNWttRGg1blMwSVgxVmxBUWx6SXVkdG0rV2dlNjRXWXFjdHErcWlXempoYllXSjhRUVdzcnRqMHhPZ1IzaUpJV0hFQmFQaWNqR2lhcVF6ak1iRmhXb044QUErRXVGREs3ZmNsazI1L01OWHZGbWVTQVRjbitZUlFTQWdsKy9tUWM0Zk44TENtWnltbmJZbVRtajRiazAwTXpMWUdZSUd0WkJOMGEzdjRnUUhCMisvbE9YWnA4WHp4NGptV0Y4SWNGNmE3a014cFVSZUZ4WDFiSEZ1MmJQa0NIdklsVHdlQzE3Rll3VEJ4MWdPRXhENzJCTllOa09HdzM4T1JmMzNzV0Y0eDh6b2VWbkhlMUVXbGo1M09KeFU1QlJxTGE3TllIVTZHUW1JZ0ZRakNWdjJZNng5Z0NQSGRWVFRwS3k0bUZid1ZSdmFVZTU3ak9LdVpJRWViWmR2aldTV1d5dUNzdUExYWgrU1ptUi9wWW5hcnc3SERKbWJqa1RXM0VWTE5UZkQ2ZE5mUXd3dFpoWjJ6MTkzTmU3aHVGcXNwVFFMU3c5MTVjOGJOQjdzZmpteHZIMW93d2dabHdNSU0xUmp1N3JZYTRRVm9aMHd6Ri9aNjUrZm5QZk0rajZhbnZRTEg4ZDdIcDQ1YWl5cmhaZzBKZGdDRWRkV21acml6TWhpZ29jMlk3cFNXRFFPZTI4THFCcTRzUy9oaUJXZXhhcktxbU1YRDNYVC92RFZxamNPOG5JSVg0b1VjdHFFVzNBQS9nYzFVZ0J1Ukc1SG14QlFleFdsWjdXWk5JREhjVGFaU0krMW1yYVdFd2JqVDJEd0dFNHdjWUpQTloyVTFta3JsZGRnOXlNejdsVHhnSGVCTERXTnhDS2NVTUZUaXdvM2R5eUd4Y0ZUT3l1YUVsdGVQZlN0Y0pock9oVVRNaGpHWmdxaWRLVy9tVzJEVDBOMUU0MU41d3h6TDROUnNBM25RZllCMkdzMmlzWXFIczVpY2lJM3praEtIeG5rSW5KSEg2VG5lTUE0blJFV1dHc3hqUkhvS2pMYkJUR0lpQk9CQ1ZCOGh2QnE4bFVsMWpvaU5wQy8zaE5PUWQvMXhTV0gxUnlzRjJpdmE1SHcyYVZvbHhyQlpYc21rWVVOZ1ZNL2pNcHlrb09XVXBueXlsMFlmTS9CWVh0ZUI4bEV0SlJJRU92a3VEdjVVUnBOVHVHNjNXWEdoMU11clNTMnZTbGlxeU9CdWRtdEppYVl0a1dZRzhxZS90Z3hKa0dxbDliRDFFYlBmSk0reDUxZ2t2bXBPaVpGN3prNkJoaXJ5TG0zRmtpTnJMMDJXU3BLdGlGYlg1cU82aEhVcUdCc3ZJeHBqR1ZGTll4Q1FyQnBZTjBFK0ZiRlc1VW1SZ1lFaGIzVy9Cc2xLZENJQ1orSFkzVEpLZmFKQ2lhMERWdENyMDQySUgxQnJBQnZpVFVSNG9SWnhZajBpQ2YwUnJvSkcrMldzMmtNNzRnOE9lZXRBRzZDV1NOWkJ5cGhWWnlkQnErNVc0WlRPdmtpSW9KUjc5UmlVTkY5R3FWdCs2ZWlKK01oNnlyMTFDQk9SWUJWQ2xaaktnVC9DZzM0cXZUSkNWZHlPOENDZTZuNlZQVlFDTHlWVUF5aWoxWVJPc3FsYVFCMjVxdUFYb1ZVcEwzaDlYSWwyOVdqSnRTM3p0MTI2eGwrR3ZIVU9IR2tpMVZGZDFVUnFwZWJFbFBpVXBzTkhWc2xuTkM4clVsdmlPSjZUQ1FxcENGdmhRWFoxK0lYOWJITzJRWkZMNnRCalVXWm5xYklOY3ZXbDg3b2kyeTYrN1pLYWgyS1VFQnJUck1yYktwY0JOR0thWWlvRG9LOWJJamNUenZocEJrR1Z2ZDh1bDBmeXBqYVN5eW1GOFd3U1N3UTJaaGhqaW1nWWFXZG42ZG9BazNpZEJraFRJb1lYR0FmZmhkRFdUcWtyQ08vT0xnVEYvbEU1blRGSHRZVlJIWXV6NHlvUnZwU1J1dEFNWURVaEI4VnFPUUZpZzRHTUpDR0dRcHJpZU1Ga2RxK2RmbTdsNW1kTGk5Zi9lZWVsMVE4dnJMeC9zZmo1UzRDMG5TSnRqNnBqaWd6aEdONnBXZVlOaDZTbDhpUThlK0NvRzdjaTlXaGhVanJZazArVmxwR1E1TGxTZTFyTGpXcFNvYWZYWTVnRktLTWwyY2dwWW1HNHAyZnc2MU9LUXQwTWt6Y2tKcUg3eUlKZDl6TWR5emNYVjM5L2FlMzg2ZFYzeUViMjJ2RE9wVnUzaXVldnJuNTBkdm5XcGRVcmwySElaUS90aGlFQ3Y3eTQvT3FieTJkZlhIbnQvWlgzWGdHRUF6YUNmZk1Da0Fkc1NFdng5dXZSbGM5L0M2QmVHN1RUUXZySDZkT1ZNWGZuVGlyOXNsWTZ1eHpJMGVYWUtVbHAwcEpRQ0dhM083Y2xpRUVTc3hWTnBxTUF6eFBlcWFrbnZKSUVobGsyMk9ZdGY1WmZ1dnEzdjdTUzJ4VHJvZ2hBbzAydTYzOXZCUktUeG5Fc1NsRlZLWkNybnJpbVFaREpNZTVUYTdkL3RmenErU2ZaNGl0M2lpOS91UHpHdGVXckw0QzJUNjFkdlVMaHk0dG4xcTY4V3p6elh2SEdwNWJGZ1BIQWV5ZjVPbHMwTlVXVkgzL01sSlhFV0dZV3RCSFgwbWtGVTV1U0Zka3NFSzJSNWRDbEpsS1oyY3BRVHg5Yk13ZzZKZkZnQkl5MXB4Y1VKeUZFUk1SUW5USXUwTEVwUS9yaGhxaVNWc09tbGh1Y0s5TUtEOW9HM1FyeXJ2YmVEdUpLbFp1MG5XTmkzc0FHalpIMGxFczdXNzZaUEdCbDdab3FKUlZMQmp2TWpHeDRJT0xsTVRVNzhNR3VabWZ6aG9wclc2ZTNDV0lJTldxYmtOQWdNUURYM3RySnJuMWxYYnUrWDlheHk1bHh1ZjVkaGJwWVp2b3VOQWtMM1V5UFpHaGpMYnIyZjBNRnVyclRyZ05wMXcrK3RuWmNEMnlzRTllRGRRTHRLU3ZCZGJCSytnL0RXcHJnV0pnMFlyR1NrNEtZTjVMYWw5dC9ORTZPamszc3YzcHd2ZVMyM3FYa211bGlZRzlFV09TT2RUOGhORXBTNjdTMGMvZWVOb2pmYTg5QkREdUxPQTV4UE9JRXhQa1E1MGRjQUhGQnhJVVExNCs0QWNSemlPY1JMeURlaDNnLzRnT0lEeUkraFBoK3hBOGdnVU1DandRQkNiNUcwUHp1UTF2M3BEZDdySmpJVkczVDlVT3l0K0Y3dnc0aytKRVFRRUlRQ1NFazlDTmhBUGs0NU9PUlQwQStIL0w1a1MrQWZFSGtDeUZmUC9JTklEK0gvRHp5QzhqdlEzNC84Z2VRUDRqOEllVHZSLzRCRk9CUWdFY0JBUVY4S09CSGdRQUtCRkVnaEFMOUtERHczNzUrME5ud3BqcTdtOGZTYTFzbm5IdGRXeVEwVHJ6TzFidVpwMzE1ZkxLY2FjUDRWQm02VjE1bW1kLy9pR3VoLzd2V2Y5ejY3N1ZySGJHejBhMjhod09yajFwZERNMUg3VnlVVnNBa0Z5VmVjWko2NHYyTWczTjlqOVFHcHlqK2ZXbG9QbW0xd0RPUjNXb2xGUVdVRlJhSHF1TWJzQjNWUXpaelZBMXp1S2tUMWtORWFwRE9IY1JiVDVBei9MQ01GWWxwR3RNazdOeE9iNnVnVHJHQWJRUTRSbTdZTE5QdDJBWEp0cHQxbHcwQTJoMXJaeTRXTDUwcjNqeTMvTTY1NXVLWmo1ZHV2OTY4L05iUFZxL2ZiQzZldnJQeTh2V3U0a2MzSWEzd0xyOTFybmpyTXJSVy9uaXB1UGhSQi93VkwxeUJ5bURsMGd1N1ZzOStBT1hEOHR2WGxuKzl1UFRaVzh2WHJ1OHF2djBKZ0pZK3YwQUdybDBIM0YwVzhzb0h6NjFjdWJOMDY4TFM3WTg3WUhEMTNNWFYzL3h5NlU4M0dGb2o3dTV3Y0E2d084NGhPSHdPdnlQZ0NEcENqbjdIUURPRUs0N2p3UUk2cWhVS1FzRWdvWDNPdlZBQ0x4ekZhdHJNSENNeWdJTEpzS3F4eVVNWU12eEo2R0ZSejlBbUhjMDRkeVNJdUdJWmVjWThJcXZTdHQ2ZnhLQituaFpUbnBNNE9iNlEwN0ZoZUtDcXpXcXFoMFRaaDJyUSs5aE5zU3UvdG9ZOFBvK1A5L0JmL1hPcm1sZVVMYzU5aVVOUXFJMnJKdGF4ZEZMVEpTT2FmS3F5ai9iRVNjZ3A5U2xSbjhWUVlKTWlKZzJzTXpUWnhUUTFHMG1aOGh5ZW5CcFBBMEtwUkNZekowdS96V2VjdXhKV1BSM1hIc3Zsc0Q0bUdqaERhNkpwd0owSHJodWVORTk4NlVsakxwalJPTlJVaHFaTzRheTIvcnlwUjlqMDFBbk9LSnBvaGhVOFl3N2FaV3RZVmhWWnhlNmtvcVZtQjNPaVJINEREbk8xaDFHcmxTdzdXeXVWSFhOU2xzek1YdXZhby9BSStRWGIyVm9SU2xOaWYyd1UvUlJabGRzc0x1Unp6QzhRVFpGTjJWUm9paXpQc0FjclNiTkhvU2JHUm9aWmdlUFlCeDlrSzJQcy9tRzJwNmYzR2JhZHJZWU9WM1U4Umo1cDNZUWY1UG9JaGQ1QnR2M1p3Zlk1VVdlMStJSUp5SnVXK3ZYeVU4UWtrZCtqSU4xZXVrcEtBTlpBTEtuM0dkTHp5S3FLZFdLMVFOajZ2dzJlR1ZwK0hmeHhMREZscEttMVRhcTV2QW5lUTgydGoxMjNXWHVoejByMEVxWEpOVmdqVDljd09vM29SWWxsTFZhNHV1OVU4ZDMzaXIvN2NPM25yeGR2dlBsazhaTS9GQysvdmZMYSsxVEJyemxLR21TRjNBTExjL0FxTlFiWmxLWm9ldmdBeDNHRGJKSlVxRHBKMnNQc2djT0h4L3RIZ29Qc2pLYWE3bmxNN2pyQ2JGSlRKTURUeUkxeG1PV0JpcUZCSWN0SzRDSnBYU3dNc3ZNWjJjUnUrak5EbUZXMWVWM01sU2E0ZFZHUzgwYVk5UUZqQ2JWVTR2bXN2WS92SEZ5NWVxUDQ0c1dWNTk5WnUvSTh4S3hlR05SS01Ua0FIYU1VeGprYXh1ZHJ1OC9VZHM5WVB0WFVTVjFxUDdPOVpOK3FwdUpCNlYvWWIxWDhUaU1BQUE9PSIgQ29ycmVsYXRpb25CaW5kaW5nPSIiIFVybEVuY29kZT0iVHJ1ZSIgLz4NCiAgICAgICAgPEZvcm1Qb3N0UGFyYW1ldGVyIE5hbWU9Il9fVklFV1NUQVRFIiBWYWx1ZT0ie3skSElEREVOMS5fX1ZJRVdTVEFURX19IiBSZWNvcmRlZFZhbHVlPSIiIENvcnJlbGF0aW9uQmluZGluZz0iIiBVcmxFbmNvZGU9IlRydWUiIC8+DQogICAgICAgIDxGb3JtUG9zdFBhcmFtZXRlciBOYW1lPSJfX1NDUk9MTFBPU0lUSU9OWCIgVmFsdWU9Int7JEhJRERFTjEuX19TQ1JPTExQT1NJVElPTlh9fSIgUmVjb3JkZWRWYWx1ZT0iMCIgQ29ycmVsYXRpb25CaW5kaW5nPSIiIFVybEVuY29kZT0iVHJ1ZSIgLz4NCiAgICAgICAgPEZvcm1Qb3N0UGFyYW1ldGVyIE5hbWU9Il9fU0NST0xMUE9TSVRJT05ZIiBWYWx1ZT0ie3skSElEREVOMS5fX1NDUk9MTFBPU0lUSU9OWX19IiBSZWNvcmRlZFZhbHVlPSIwIiBDb3JyZWxhdGlvbkJpbmRpbmc9IiIgVXJsRW5jb2RlPSJUcnVlIiAvPg0KICAgICAgICA8Rm9ybVBvc3RQYXJhbWV0ZXIgTmFtZT0iX19FVkVOVFZBTElEQVRJT04iIFZhbHVlPSJ7eyRISURERU4xLl9fRVZFTlRWQUxJREFUSU9OfX0iIFJlY29yZGVkVmFsdWU9Ii93RWRBTm9CcjFWdzlhR0JDM3Izaks5THh3cG1ENlY3ODMxcUZvOVJHMFlxOFdiZkErZWg0K2VtWjQrcCtIWWZtNzdMOUo3b0QvaHB2dVhuTjdObG9OMnREMDVhQ2p6bWx0YVVNN2FFQU4rZzljUC9tMTB6ejc1UE9FY3ZDazlGcGNyU3FHL0UrV0tlaVhSVmpEUVJxMzZZTjRWelRYWGNkbzBLWW85ZkMxSWd3bStXbkNySjRZNHMrWDNpN2JwV1pKS3FsZWoxbE1YeVdHaU1mL2RzdHNkK3pkeXRJaHFNdloxRXlYTUFsejJ3Q215c3c3ZmZYaE5pWERzQXhRY0xHc1ZnMERmNFp2Z3k3NjI2anBLSDUxY2thdUtTWDZRUEJhVWUzNlVFdVdqd3lwclk3WVFuaFhvdUdCS3VBaG12WGgzZURzcVN6RC9jdXdXYzMxTTJiU29JVWYxRXExSkRPN2NKQUd1cnRqa3NPU2lkQmZ0VklVVnE1SlZkN2djcjZnRW9BTkhQZlpKbS9IajhVZDZUWHAxVUdKbVo3dHZweHdWa0tVRjZ2UHhqU0lYRm4vdmlrOHdxN3QrTmhUOERQeUFUSmd2RkQzSzVVK3Z4b0N4TGlVcWM3bmhWVVd0amt2N0JmQWViSmdpbEVFTnBFbkxxNWdyODkybmVSYU1odTZVcDQ4T2RZUERxTFJTWFhqZ0pxNmVSTFNGd1pIakMxUGpBKzBSV3F0OGRsWEhjbFhXRFFZTXJTN08vYU5kdXhMVWU3eHBoVC95eEFlRDJVK1ZqckxrcDJtRlNJYWFDZUJ3OUhGdEN4UFAxUHk0Q0RRdEtPbWEwTlpmV1Fkd1ZLcUMva3hUS0FsUUtTd242MFd3N3pkQVluT09WRGRHSE4vVHI1YmdLUDZad1ovOE1RY0ZlRHNkQ0pHZGV3eWs1R3NIT3EwMkx0NFRFckdDMjlIQnlLVlAxUzFwcDAwSUM2Zi82L3lPelRaQUV4SWMwMHRyTmhGUlgxbjhPSFNLUkdIM0toNksxS3MyeEg4T2MvNFF3YmxoWmJOWXhqYlJZUjZMaURmSnRZdkluV1hUbkFHWnBKWTR6VEppMWc2UzExTTRBeVZQaW9mdHhNZjFOSThjUENsS0pJdjM2aGxhUGhVdWs3eW5McUpJMU5UcW5WSkZiWUlaUlExV0VBZ2NsaGZqWWEzbkQvaVVtcFJxVkRta3N6N2VMOVkvemdCSDRnSExlOFkyWnlDcDZabXV3RXJTTDZiT3huVkoyeDdLdmFYY1UydlgzU3NKTGRQL2ZmeFdUSUZ0Y3J0RGE2N3N0cmZrNzRiS0xQU2hnandzOUtmMi9UUU1zQ0Q1allTREVhOTJuMGFqZzFXYkVEWkR6VkcvMHcvVW5zcElvVm1lNk1GNUw3RStBUEJUUUhDSnF6SHVCK1dHMnpKSmZBVnFncFVqTTFlRnR4SFAwZVFYYU9mNnowM2pWZ0hPVmNsYmNZSjBkWlEvZkFiMkxoTlpKamtmeW9DcmppbnZSWCtjOXY3U2JBSVFEL25kNWg2c09RODNVbWZoZjZiTXB0NTRhaW5MbExjNlNNKzNkNWpIWXJud0tUbU54UFBhV3N2TG1maHgwTGh3bkNYR2xCb0xzS3BndURwTHpRaGYrbC9tTDEreWZqVVN6cUZ1eDdrSGpLd1hCekVoeHhmMGtkWjNuWHJScFZWWUpKRzVMdXM0RjhXYlZ0SXVrc3F3bEUvd25PeTJZeWh3eU1OZXNRNjRLM1M0VW1jVFJvZ2RwTzFBck9pM1N6VUVaaDd1elZ1cVlqcjFkM3prZ3RIanBUemhBb1laaVZPNVdZdDkzWm5odVZYTFlnVG1QQk5tNzlJczd3MVg1VHE2MExqc2JWdmI4Q1BOTVBDQmxOeUdnNXRsdmlUUGxwR2VSTnNsQktXKzRMQlhFNkFFNkVvVzFMRHdsdUlWOXF6NUpLUFplSkd3WU5EYTVUVlh1cHV6RXZyVkRibERidTcxQmdkR3ZRd3ErcDExU2NZTU1MZ2tvVjA1T1hsdm9sa3RqTFNFR3JJUzZXOHlWSEdqU3NoNEdPdWphN3hUaFNYQVZ2QXI3Q0kwY0NjWUpKK3k0NXVHS3AyeE1IRUNzTXFkVUJUVktRc0FuaUM5c1pDQnlFeUFoQStreXNVOTZIQzhJSVRNZGp0UW5ocGdSQkd6a1IrRHMxVXlXZW5mcHEvNDVpaEhRblVqUjJQYStGb3FKUGx1SEpYWUFjTDVkaWY0cjZxUVpER3lXN0JLOU8zTHZjYmZ6andNQmYycXg5OVRZa0phbnhobGRuNVJIcXNkSkJUbEZUQ2VJcUppbGxOUDlYK2FKNzd0ejVuNXUvOHcwNk5MeGNpOFE0N3ZVemNiWS8vb2ovUGZvTEJoNzhFaC9mckNpcVZOTm0zYUdTd3dwbUVDdndFb1RFRFlnTHZDUzlHdmxsRDNWb3lRVWNQSitJdk5iTjEzMWdWQkZBZmFZYVdxeFYrQWtLeEo3cFJaZmpZdG9tenlsSzlFQ3NqQWRTNE81bmo0eFppYmZHbU9vUkxqbExlOFpLdnlSZGlpSHZZVWp0dUtPd1BLUU9LY1lsRUZqOWY2aFFFVndkOHA0bzhZZnJBdFFjMkl6K1BLWEd1Q21XRVl0dXpvZ2dJUE92MkdpTzNwTWpHb0pMYU5BVFVPZ3V5NG5waEY3SDdTU3dLU2pFKzJPRDJFbjVIUGlsWlVyRDlna1h2R2lnZVhpRTVhWUd4Y2pkUittTGRDUDh2SytTU05SRTRzQ21ZdXFZT3Q0aVFwakFQNjBrd2E4YXZEZGRWMGlsUmJwNnMyNURIenNjZmFBSkpCbDRkSnNHMmlsei9UZlFjeHIrTFdhamZ1a3hNU2Q5T21LUHdFS2oxUGIyRGI0dEh2VW1qT1N6ZENRM3ZFa2U5YW5rUjYvcnJMaGYyMXhTV2I4aXlrSXVKR3grdlU5SXFOVGI1Q25RVlN3Mk1tTVBPb243QmhaSE9SUEVERGtzRHhkK2lXRzZ2VStDdEk1VVpDclRWVHFzQ1ZTalVhaE5RUitwSmgxekg5UmN4NXU5YnpLdTdzdXhyVllRTlE5N2FtL1BPNXJkblVhbG4xNkhzM0dwZXd4RGtNbkVvcStIYzd6b2VnMmk4N3RncER5L3YvTXVRNm9FcWJ3QSs5Vk1EMlVScHZLSVE4bEl6aThRdVAzaldmQ0M4a1NhcWEvamMrRUVMcE5vbW5reFBrWTJFekhSNUZzNzkxb3Jsb1ZHaHUwVFhoQzN5aVFDK1gvYW5mYVdEQmx3bks0TDFhQmQ3ckswQmtrdU84Z2M1QVVtaHVYUVFNa1NWaEhraUhTNm1hMHNqejFLby9vNUxBMTdSYWNmWGE3bjIxZ21Vd0NLS1ovdXljblZiTjlRNzZIdWJEMUFxdnFZZFE3KzhmRjBwZWhDUDRZQ25FOEFDM0QyWTM5VUhmODQxbUVVL3plMnBSbktQcFpGVHBOcDVhWFBiVlo1Zis0RzBHS2EyMFFxSWxkVlZHcFBEaFdwekxFYXJBNWR2aW9PZUJoWUE3WVF3YUFobTh1bEpPTTJoUmNxTEM5KzJWbjRDYnpwazhUbWZJM2pjOHg3eENvME5YYTdkRytHVDlmZVJVeUx1WXp6NEdhRFh5ZVNTY1RIZzdrSzFzN3h5dEtNVWJudnJFbTRXZ2dmR29uTnROTGd5cVV2dW9naFZOdSsybWFvVGY1ZVpsMHFlU05qSWZIdmM3aEVyWVJHcTFMalZjT2x6aUtYaHFlNXdIQlQ0dWNpZ1JxQzZqQmx3OWk4RllvN1F6MjBCYWRzRGtzajgrSnFmZ3ZLdDE2SXpKd3NwKzdhUkw2S1RKZ0RBbmo3elc3SkQ0SHdpcjVXODc0ZmN0ak5qK3p0V2VObUdOTnQ5SjQwNVcveGh5R3lDWHRadFRxTWQ0WDJvcG95cFZWdytUai9CVFdqZXAySEtjSmFFRHhyMjNBY3IvQzRMaHMzdXA5RVMyTkpMYVA3K1pqbllBdkt4cGRzT3AvUzZTcXpHUzdmai9zWTg4MWxSUmkwS3NTOXBXM0dBYlBDVDlMWVI0Z0JIejF1Q2pxa1hqSnY3SDlOaXZnMW5DNjlxdFNqU2M3OVBVdW40UHB5OUpKQStsWnhEUi8xMDZBREdxUUt1NWFBK3VLV2xCclVGMTl4VHNIZmRnWXFyS05Yc2ZxbXduTmJuYThsclFTOEFwOUlqUkxFVWlsWU5RZ0NJU2VVZmdDWDgwZ1VqbVF4WHJhaUd0NjBwTzA3NExzUUwraXhPUnkvcHhGWWFqcmZNdlQwVTFXQzhjSmNSRUxvcngwL2dKU2orMVM0RWJ6ZHN0czROcnRrNWtHT1hsS2t0eWV3K2tOcVNkanYwVUZlYmVUaEI1V2k2SlZ1dFBJMnFiTHVQMENNRGhDd3J2VldmSXNselJaTWl5cE9sMnM3Z01kOTBLNElFVDl2aXFPUGRGaHBDb0x0bkc0aTJ1a2YrMlNKNk5VRUZ1cEo2cW81SW56N0ljbFE2ZmtmNWpDcGE1Zjk2MTlnOEJxMWI1bUY3ZWlhNXNsZDEwaGtnTXE1dS9VTU05ZHVYdmZVUWJwV3BJZ3czZm15aEZyeVBNV1d0dytvZENxTS9MbllBSkdIWVYvZXVpVnBiR2hqTEVUR3NCYUU3SWxKQlc4bHMzS3VBTzV0TjhiK25TS2c0NVFnb1o2bHFEVVlVanZJd2x0YkhCYW5nNzJQTXgxVXNvdTUxajh0bCt5akRldjdzK2FoWTJRR21FTWs3SjdSaWhDd3djclNTRWdtZnRsQVNvRmNlSFRFSm15dlJreWFJcWVyeFRROU9qR1lHYk1IVGVPcGw4NjNsQlFPS0FlVmdOUUwzU3YyZzlFTCtCMTd0VzNFQTViZXNBUHFTZ0VKYm5ROFUyMmRwZS96Z3FzMEpHdTU2c1dwa2dSMkxYSHpCRVp4bTZHbmpKaXpNZ080OFVycHA0TmZhUmdzUUlTTDZwcUY2YjBlaUVSVHRUUldUd0gxaWt5bncxYXZCSUxyT0NZNWh3TXJJR01Qd3pDZjk4cHV5dWlaZVRGTW5rYUhraWx1eGlQcnRlU3llaTZrOWpkN2JlMTluc20zTTNvL3BlRVRGR1dYOFIrNnRDSTdtNG94NXdQaGw2aHRXVk5qZ1FzRFZieGZGUWtQVGRkK3l6NU1zSk8wYTlsSWpYdWFJVC9IcnhvZVBMQzIwSk1IcWdYSGxIMG9lK3NXbnJ2MUhVYThrT2xGeU05djQwUFJXOGdnMjVqak1FWmVPSWxmVXp0aElGVWJQcVljb0IzUjlWbjM4K0FWbjlXeCt1dFcrRDZOWmVoZEhiUlRiZVhaWDAwRkkrRE13QnkwU040OWNBNnQ5UE9WdzJ2eHFFTEZ0K1pkeGh1MU5Sd21jZkx6Sit5cDBoSTdWbmRYckhaRTN3aEtPVWhpWmFMd1BXU0d4cXc2VEdzM1ZGUG9yNnBPSFhEV1BsMzd5VW9XYjA3SEFzVGtPbUFZajNKb2FqNEVXZlhHOUhVY3hNbE1ReGJzbDFPTXFuRkRGQ2NQcW11c2VYSElYTG5CWG1UaTVuc0FaSkxqRVF1V3hodjh1ZkxxYld2WWMyd3lSTzUxYWNuMXNrNjNCbmVoVVBRT3N3b1FNU1UwZ1daRTFSanFSQ3pCUFo4a0ZSVkRXV1VOWHNOenVFQUpoTG5kdEFQYTJzVUdncWlQZ3Nrek1mNWNkc2kwY0dEY2d1ejRPdExJOFord0V6MFpCMkxMRjdlanpyTWVxMzllek9YaUN5OThNMXpBRUpTOS9UYm1HN296aXFRa05uajNHaXJDS0hGQ21CbjBwTjRxblViMXVtaDdNZFdTT3kySTFnNkZuSkFNaGZSMG5DeURteitlSy9QeVFtSlRBTWQxRG41ZHZuZWNvcEFTODB3b0F3ZmlOQ2JPNllrZXNYTGNWaG5YOVUxNGxCbndIZGRYUmR6bDZpd01ZaTRyS1RUazhSbm9WL21IK3Y1ZmR1d0Q4bWFWdHVkbkVFUEJjQ0NQRXVzaGdqY0Q3TnNZVnhTRUJjcDI3c1hwOE5aQ2xvejJvNlBiRmhYdi9IQ1VHeHRYbzJZd3VtTURsV2tuNWY1RVFrdzYrSEtoUm9iUUJVQ2N4SDFqZWRmelVrekc0UnhsbHJUVWxrZURkYjl1bFU5WlpZYU5kTy9vdz09IiBDb3JyZWxhdGlvbkJpbmRpbmc9IiIgVXJsRW5jb2RlPSJUcnVlIiAvPg0KICAgICAgICA8Rm9ybVBvc3RQYXJhbWV0ZXIgTmFtZT0iYnRuRXhpdCIgVmFsdWU9Iui/lOWbniIgUmVjb3JkZWRWYWx1ZT0i6L+U5ZueIiBDb3JyZWxhdGlvbkJpbmRpbmc9Int7Rm9ybVBvc3RQYXJhbTUuYnRuRXhpdH19IiBVcmxFbmNvZGU9IlRydWUiIC8+DQogICAgICAgIDxGb3JtUG9zdFBhcmFtZXRlciBOYW1lPSJoaWRHcmlkVmlld1N0YXJ0VGltZSIgVmFsdWU9Int7JEhJRERFTjEuaGlkR3JpZFZpZXdTdGFydFRpbWV9fSIgUmVjb3JkZWRWYWx1ZT0iIiBDb3JyZWxhdGlvbkJpbmRpbmc9IiIgVXJsRW5jb2RlPSJUcnVlIiAvPg0KICAgICAgICA8Rm9ybVBvc3RQYXJhbWV0ZXIgTmFtZT0idWNEYXRlU3RhcnQkdHh0RGF0ZSIgVmFsdWU9IjIwMTcvMDUvMTEiIFJlY29yZGVkVmFsdWU9IjIwMTcvMDUvMTEiIENvcnJlbGF0aW9uQmluZGluZz0ie3tGb3JtUG9zdFBhcmFtNi51Y0RhdGVTdGFydCR0eHREYXRlfX0iIFVybEVuY29kZT0iVHJ1ZSIgLz4NCiAgICAgICAgPEZvcm1Qb3N0UGFyYW1ldGVyIE5hbWU9InVjRGF0ZUVuZCR0eHREYXRlIiBWYWx1ZT0iMjAxNy8wNS8xMSIgUmVjb3JkZWRWYWx1ZT0iMjAxNy8wNS8xMSIgQ29ycmVsYXRpb25CaW5kaW5nPSJ7e0Zvcm1Qb3N0UGFyYW03LnVjRGF0ZUVuZCR0eHREYXRlfX0iIFVybEVuY29kZT0iVHJ1ZSIgLz4NCiAgICAgICAgPEZvcm1Qb3N0UGFyYW1ldGVyIE5hbWU9Ik9UVGltZVN0YXJ0JGRkbEhIIiBWYWx1ZT0iMDAiIFJlY29yZGVkVmFsdWU9IjAwIiBDb3JyZWxhdGlvbkJpbmRpbmc9Int7Rm9ybVBvc3RQYXJhbTguT1RUaW1lU3RhcnQkZGRsSEh9fSIgVXJsRW5jb2RlPSJUcnVlIiAvPg0KICAgICAgICA8Rm9ybVBvc3RQYXJhbWV0ZXIgTmFtZT0iT1RUaW1lU3RhcnQkZGRsTU0iIFZhbHVlPSIwMCIgUmVjb3JkZWRWYWx1ZT0iMDAiIENvcnJlbGF0aW9uQmluZGluZz0ie3tGb3JtUG9zdFBhcmFtOS5PVFRpbWVTdGFydCRkZGxNTX19IiBVcmxFbmNvZGU9IlRydWUiIC8+DQogICAgICAgIDxGb3JtUG9zdFBhcmFtZXRlciBOYW1lPSJPVFRpbWVFbmQkZGRsSEgiIFZhbHVlPSIwMSIgUmVjb3JkZWRWYWx1ZT0iMDEiIENvcnJlbGF0aW9uQmluZGluZz0ie3tGb3JtUG9zdFBhcmFtMTAuT1RUaW1lRW5kJGRkbEhIfX0iIFVybEVuY29kZT0iVHJ1ZSIgLz4NCiAgICAgICAgPEZvcm1Qb3N0UGFyYW1ldGVyIE5hbWU9Ik9UVGltZUVuZCRkZGxNTSIgVmFsdWU9IjAwIiBSZWNvcmRlZFZhbHVlPSIwMCIgQ29ycmVsYXRpb25CaW5kaW5nPSJ7e0Zvcm1Qb3N0UGFyYW0xMS5PVFRpbWVFbmQkZGRsTU19fSIgVXJsRW5jb2RlPSJUcnVlIiAvPg0KICAgICAgICA8Rm9ybVBvc3RQYXJhbWV0ZXIgTmFtZT0iZGRsT1RUeXBlSUQiIFZhbHVlPSI5IiBSZWNvcmRlZFZhbHVlPSI5IiBDb3JyZWxhdGlvbkJpbmRpbmc9Int7Rm9ybVBvc3RQYXJhbTEyLmRkbE9UVHlwZUlEfX0iIFVybEVuY29kZT0iVHJ1ZSIgLz4NCiAgICAgICAgPEZvcm1Qb3N0UGFyYW1ldGVyIE5hbWU9InR4dE9UUmVhc29uTWVtbyR0eHREYXRhIiBWYWx1ZT0idGVzdCIgUmVjb3JkZWRWYWx1ZT0idGVzdCIgQ29ycmVsYXRpb25CaW5kaW5nPSIiIFVybEVuY29kZT0iVHJ1ZSIgLz4NCiAgICAgICAgPEZvcm1Qb3N0UGFyYW1ldGVyIE5hbWU9ImhpZEdyaWRWaWV3U2VhcmNoU3RhcnRUaW1lIiBWYWx1ZT0ie3skSElEREVOMS5oaWRHcmlkVmlld1NlYXJjaFN0YXJ0VGltZX19IiBSZWNvcmRlZFZhbHVlPSIiIENvcnJlbGF0aW9uQmluZGluZz0iIiBVcmxFbmNvZGU9IlRydWUiIC8+DQogICAgICAgIDxGb3JtUG9zdFBhcmFtZXRlciBOYW1lPSJoaWRHcmlkVmlld1NlYXJjaEVuZFRpbWUiIFZhbHVlPSJ7eyRISURERU4xLmhpZEdyaWRWaWV3U2VhcmNoRW5kVGltZX19IiBSZWNvcmRlZFZhbHVlPSIiIENvcnJlbGF0aW9uQmluZGluZz0iIiBVcmxFbmNvZGU9IlRydWUiIC8+DQogICAgICAgIDxGb3JtUG9zdFBhcmFtZXRlciBOYW1lPSJmcmFtZUF0dGFjaCIgVmFsdWU9Ii9VdGlsL0F0dGFjaEFkbWluLmFzcHg/QXR0YWNoREI9QWF0dGVuZGFudERCX0lUUkQmYW1wO0F0dGFjaElEPXRlc3QxMDIxMTkxNWU5NzA3Yy00M2JiLTQ2YzgtYWZiNS0wZDMyNzcyN2I4MTcmYW1wO0F0dGFjaEZpbGVNYXhRdHk9MSZhbXA7QXR0YWNoRmlsZU1heEtCPTMwNzImYW1wO0F0dGFjaEZpbGVUb3RLQj0zMDcyJmFtcDtBdHRhY2hGaWxlRXh0TGlzdD0iIFJlY29yZGVkVmFsdWU9Ii9VdGlsL0F0dGFjaEFkbWluLmFzcHg/QXR0YWNoREI9QWF0dGVuZGFudERCX0lUUkQmYW1wO0F0dGFjaElEPXRlc3QxMDIxMTkxNWU5NzA3Yy00M2JiLTQ2YzgtYWZiNS0wZDMyNzcyN2I4MTcmYW1wO0F0dGFjaEZpbGVNYXhRdHk9MSZhbXA7QXR0YWNoRmlsZU1heEtCPTMwNzImYW1wO0F0dGFjaEZpbGVUb3RLQj0zMDcyJmFtcDtBdHRhY2hGaWxlRXh0TGlzdD0iIENvcnJlbGF0aW9uQmluZGluZz0iIiBVcmxFbmNvZGU9IlRydWUiIC8+DQogICAgICAgIDxGb3JtUG9zdFBhcmFtZXRlciBOYW1lPSJ1Y01vZGFsUG9wdXAxJENsaWVudFdpZHRoIiBWYWx1ZT0ie3skSElEREVOMS51Y01vZGFsUG9wdXAxJENsaWVudFdpZHRofX0iIFJlY29yZGVkVmFsdWU9IjAiIENvcnJlbGF0aW9uQmluZGluZz0iIiBVcmxFbmNvZGU9IlRydWUiIC8+DQogICAgICAgIDxGb3JtUG9zdFBhcmFtZXRlciBOYW1lPSJ1Y01vZGFsUG9wdXAxJENsaWVudEhlaWdodCIgVmFsdWU9Int7JEhJRERFTjEudWNNb2RhbFBvcHVwMSRDbGllbnRIZWlnaHR9fSIgUmVjb3JkZWRWYWx1ZT0iMCIgQ29ycmVsYXRpb25CaW5kaW5nPSIiIFVybEVuY29kZT0iVHJ1ZSIgLz4NCiAgICAgIDwvRm9ybVBvc3RIdHRwQm9keT4NCiAgICA8L1JlcXVlc3Q+DQogICAgPFJlcXVlc3QgTWV0aG9kPSJQT1NUIiBHdWlkPSIyNWIzNmNmMC1jMDk0LTQxYzgtODM2Yy1kNDU0MTcxOGJkYTYiIFZlcnNpb249IjEuMSIgVXJsPSJodHRwOi8vMTAuMTEuMzYuMTE0OjgwMDcvT3ZlclRpbWUvT3ZlcnRpbWVQcmVPcmRlci5hc3B4IiBUaGlua1RpbWU9IjAiIFRpbWVvdXQ9IjMwMCIgUGFyc2VEZXBlbmRlbnRSZXF1ZXN0cz0iVHJ1ZSIgRm9sbG93UmVkaXJlY3RzPSJUcnVlIiBSZWNvcmRSZXN1bHQ9IlRydWUiIENhY2hlPSJGYWxzZSIgUmVzcG9uc2VUaW1lR29hbD0iMCIgRW5jb2Rpbmc9InV0Zi04IiBFeHBlY3RlZEh0dHBTdGF0dXNDb2RlPSIwIiBFeHBlY3RlZFJlc3BvbnNlVXJsPSIiIFJlcG9ydGluZ05hbWU9IiIgSWdub3JlSHR0cFN0YXR1c0NvZGU9IkZhbHNlIj4NCiAgICAgIDxGb3JtUG9zdEh0dHBCb2R5Pg0KICAgICAgICA8Rm9ybVBvc3RQYXJhbWV0ZXIgTmFtZT0iVG9vbGtpdFNjcmlwdE1hbmFnZXIxX0hpZGRlbkZpZWxkIiBWYWx1ZT0iOztBamF4Q29udHJvbFRvb2xraXQsIFZlcnNpb249NC4xLjcuNjA3LCBDdWx0dXJlPW5ldXRyYWwsIFB1YmxpY0tleVRva2VuPTI4ZjAxYjBlODRiNmQ1M2U6emgtSGFudDo3Yjk1ZWQxYS02YTNmLTQxZGQtYmM1Yi02M2YzOWVkYmM0YjQ6ZGUxZmVhYjI6ZmNmMGU5OTM6ZjJjOGU3MDg6NzIwYTUyYmY6ZjljZWM5YmM6NTg5ZWFhMzA6Njk4MTI5Y2Y6ZmI5YjRjNTc6Y2NiOTZjZjk6YTY3YzI3MDA6ODYxM2FlYTc6MzIwMmE1YTI6YWIwOWUzZmU6ODcxMDRiN2M6YmU2ZmIyOTgiIFJlY29yZGVkVmFsdWU9Ijs7QWpheENvbnRyb2xUb29sa2l0LCBWZXJzaW9uPTQuMS43LjYwNywgQ3VsdHVyZT1uZXV0cmFsLCBQdWJsaWNLZXlUb2tlbj0yOGYwMWIwZTg0YjZkNTNlOnpoLUhhbnQ6N2I5NWVkMWEtNmEzZi00MWRkLWJjNWItNjNmMzllZGJjNGI0OmRlMWZlYWIyOmZjZjBlOTkzOmYyYzhlNzA4OjcyMGE1MmJmOmY5Y2VjOWJjOjU4OWVhYTMwOjY5ODEyOWNmOmZiOWI0YzU3OmNjYjk2Y2Y5OmE2N2MyNzAwOjg2MTNhZWE3OjMyMDJhNWEyOmFiMDllM2ZlOjg3MTA0YjdjOmJlNmZiMjk4IiBDb3JyZWxhdGlvbkJpbmRpbmc9IiIgVXJsRW5jb2RlPSJUcnVlIiAvPg0KICAgICAgICA8Rm9ybVBvc3RQYXJhbWV0ZXIgTmFtZT0iX19FVkVOVFRBUkdFVCIgVmFsdWU9Int7JEhJRERFTjEuX19FVkVOVFRBUkdFVH19IiBSZWNvcmRlZFZhbHVlPSIiIENvcnJlbGF0aW9uQmluZGluZz0iIiBVcmxFbmNvZGU9IlRydWUiIC8+DQogICAgICAgIDxGb3JtUG9zdFBhcmFtZXRlciBOYW1lPSJfX0VWRU5UQVJHVU1FTlQiIFZhbHVlPSJ7eyRISURERU4xLl9fRVZFTlRBUkdVTUVOVH19IiBSZWNvcmRlZFZhbHVlPSIiIENvcnJlbGF0aW9uQmluZGluZz0iIiBVcmxFbmNvZGU9IlRydWUiIC8+DQogICAgICAgIDxGb3JtUG9zdFBhcmFtZXRlciBOYW1lPSJfX0xBU1RGT0NVUyIgVmFsdWU9Int7JEhJRERFTjEuX19MQVNURk9DVVN9fSIgUmVjb3JkZWRWYWx1ZT0iIiBDb3JyZWxhdGlvbkJpbmRpbmc9IiIgVXJsRW5jb2RlPSJUcnVlIiAvPg0KICAgICAgICA8Rm9ybVBvc3RQYXJhbWV0ZXIgTmFtZT0iX19WU1RBVEUiIFZhbHVlPSJ7eyRISURERU4xLl9fVlNUQVRFfX0iIFJlY29yZGVkVmFsdWU9IkFSK0xDQUFBQUFBQUJBQ3RWOTF6RTFVVVQ1WnVHdEtQRkd4aVJkMWRIcHh0cDZSa2s2Z0R0UThrS1RZakpkZ0dIaXhNWnB0N3UxbTczYzFrYjB2akV6NFVGSEdBb2VoZ1o1eHhSZ0ZCSEIxZktqS09mNElQUHZqTWtMUjk4ay9BZS9jajJTWkxCa3EzMCtUbW5IUFA3M3pmdlUrOXdRRXY3Wk9XSmtWWkRiNDM3T21tZktHQVA1dExhUXVsVExvem14c24zNzVzTGkwaWlMOXk4Z0xzenVhbWtZZ1c5WlBpQXV6Q05BMkpDbUZnOGR5eW1rbjdiUUc4T0s2VkYwNW1BOGNWN1h4SzFDRm1Vay94RXdSQk9pQWNpY2NFNFoyM0U0bGdPTXo0MHJDRU1tbjZBQitOUnQ4WG92d2hZeEYxTEpqOTJiSkVWSjJRZFlTWElnYWpLWjVuZXZPblJBbG1kSUoyUXBPS1RNZ2lmTGdJeTVWcFZKWlZ5YUQ3VE1kbzMvU3BpZVFIQW5QUWtqdTJpTFJqcFpKU0dWK1loWURRVXJxZVVrUmRseGpla2lFeFF2aC91bERXRk9XVXBzdEkxdFNzaWxjb0tSYm1KU1pndWtBc2hFeVh3MWI2WHE4T0ZWaEFYRG96bmN1Y1RPVzRBbzRHeDUwdlFwWExKcUlqcDB1V1A1eXNjNnFHT0hWUlVUalV5b1lLM3NmekhGUUJKK3FFV2VjZGtuV3lhNUJzc0VrOFAyU0oyUlFuY0x3OWNMd2RjTndGT040S0hIY0ZqclVIanJVRGpya0F4MXFCWTY3QVFudGdvUVY0ME5odGJtNjdkOURLY0VOa3Jxd3RjSEJpYW5JNm5jeG5jbFBwa1Jrd3E1MGJtVEVFNUU5RVVqK2tSTTRSL1dYSVdSdkhuRUJEaGhtbSswUDFHQWlPR0RqY0l5WSsyN2tXMyt6b0NkdWoxd0I1QmtTN0NMYkxYR3ZpSEFiYmljT2tOa0l1SnJ2VWdFczl1dmNHZVFob1dqdXZOcU1hVGpzQ2FyamY4TlJZbVI0K1hsMTl2SHFCNTRZYjBzTjhoSy8vSklPU0JNSEZlbE5PY0FpNitHTUt4ZHlFNGsxQ2NUZWhSSk5Rd2lua0ZnWEQ0QmNvM3l5bndEbkVmYXpKNnZQdVNFUTVqVlFUdG1WS1UyQktBM0NNVDBSNVRzVEY0ckNZRzh2V2x5OE1FcmRBNGs2UXVBMFMzeDJRbUFVU2M0TEViSkRZN29BSUZvamdCQkZzRUdGM1FDd01KMFNVTndCYzlWdERxekZ4OEJBa1Rad3RBMWptWml2T1U4ZHhEamdtczJQRTFMdWVZenJ4eWpnMS9mYXJBQk8wejJDSXhKd282VktZb3ZZRVFiZ2Zmd2JERkQ3dlQ4aFNFU1cxNVdRWml2UGpxamlyUUZBRVlXb09TM1ZRWGtPcTg0eXN5NWhSQklDaURVcEhEaTRqZW1EejFzMk5heGVmckQvNDc5R1Z6ZnRmYk56OXN2cm55dU1MdDdIY1cwU083YUc3YTcrc2IvNTZiZXZ5aGMzdnJtRDZrRVVQUG5uNHNIcDViZk8zUzdXSDE3QWV6SXBZckJCbUVmck45ZHFOYjJxWFB0OVl2YnR4NXpvV09CeTBEQ05POUFFUTlzNEJTckNKUGtJTWh2MU1MMzdwRXMrSXlpSThMa01GMEIwa0pVd1BvUkt6VGFLZkVFbS9NbDM1ZzRTVjFCWlZJREdkOVJqMGhhaDlFZnhneDdZK3hhWmNJai9DNWl0VnBNbjZFT1h4bVp6KzRUMlVKQm1XMFlZNWJLOXBBQnRzWUxKOUVydHZGeEE2ZDQ0Z1JDT2JYOTNiV3ZscDQvYlY2bWMvNGdEYkNJSVRJVzVIMTI5RkY0TUZHdldKSVh1MlRiODZycmNWTitUMVlNM2VwdUFFR2lXK2MyMmREVzJ4bDllMjE5Ylc1VGpmZHE3dVhhTmlLYU9oU05zRmNNbVJld0Y1NnhZUjNWM0J6OW5EazVObkR3UEFCUEw0RGxCR3hyM0I4NWQ4WmUyZnYvMk1Qeit1QW91VTdHQWYvT3ZIS2pMNkZCUkJWbFVxUlN5UTB6UjhtU2pSa1ptdFA3NnQzYmg4anF0ZWYxUzllci8yOVErMXRZdTRQMmUyMW00WjlOcjZ5dGF0NzZzcmQ2by8vMjcyT0RIUGkzMEdwTmMxdGFESWhYbjZvOU5JVnZLcDRqd2VEamxOa2hSb1RBRlprVkZsa0VmTHlMemNKS0VrcS9sQ2NiN0I1UTl4elh3Z0w1RWVPNGFIREQ4MENuQXZVMlNNMERxcUtKQm1sMkFaeVFWUmlZaUtMS2xIa1ZZYVhhcXJPenJhR0VRNzh4THZER2dxbUZWTXozcFJVZFpIbHNpQUdPUDVVWUNURXZZeFB0ZDA3RzNKeGdRWkVkdVNNVUhxRDZlVjNiOTlNL3RLUFlOc2Z6MXpiS2pJaGw4MlRleXI5Sm5ueXcrMnRVMTJDTmM5Tit6QWM2ZUZmZTJGODhFZWNNOEMrM3BUQ04rb2g1MTkweEh2SStUU3ZZL3k5b1U5NUsrN2Y5ampBZFNvRWFLT29CR2hBYm9IeUhwSkVTdEhWVTJGbytCL083V245TFVQQUFBPSIgQ29ycmVsYXRpb25CaW5kaW5nPSIiIFVybEVuY29kZT0iVHJ1ZSIgLz4NCiAgICAgICAgPEZvcm1Qb3N0UGFyYW1ldGVyIE5hbWU9Il9fVklFV1NUQVRFIiBWYWx1ZT0ie3skSElEREVOMS5fX1ZJRVdTVEFURX19IiBSZWNvcmRlZFZhbHVlPSIiIENvcnJlbGF0aW9uQmluZGluZz0iIiBVcmxFbmNvZGU9IlRydWUiIC8+DQogICAgICAgIDxGb3JtUG9zdFBhcmFtZXRlciBOYW1lPSJfX1NDUk9MTFBPU0lUSU9OWCIgVmFsdWU9Int7JEhJRERFTjEuX19TQ1JPTExQT1NJVElPTlh9fSIgUmVjb3JkZWRWYWx1ZT0iMCIgQ29ycmVsYXRpb25CaW5kaW5nPSIiIFVybEVuY29kZT0iVHJ1ZSIgLz4NCiAgICAgICAgPEZvcm1Qb3N0UGFyYW1ldGVyIE5hbWU9Il9fU0NST0xMUE9TSVRJT05ZIiBWYWx1ZT0ie3skSElEREVOMS5fX1NDUk9MTFBPU0lUSU9OWX19IiBSZWNvcmRlZFZhbHVlPSIwIiBDb3JyZWxhdGlvbkJpbmRpbmc9IiIgVXJsRW5jb2RlPSJUcnVlIiAvPg0KICAgICAgICA8Rm9ybVBvc3RQYXJhbWV0ZXIgTmFtZT0iX19WSUVXU1RBVEVFTkNSWVBURUQiIFZhbHVlPSJ7eyRISURERU4xLl9fVklFV1NUQVRFRU5DUllQVEVEfX0iIFJlY29yZGVkVmFsdWU9IiIgQ29ycmVsYXRpb25CaW5kaW5nPSIiIFVybEVuY29kZT0iVHJ1ZSIgLz4NCiAgICAgICAgPEZvcm1Qb3N0UGFyYW1ldGVyIE5hbWU9Il9fRVZFTlRWQUxJREFUSU9OIiBWYWx1ZT0ie3skSElEREVOMS5fX0VWRU5UVkFMSURBVElPTn19IiBSZWNvcmRlZFZhbHVlPSJERzB5eXc2cmZUcVFKS2F4Y1BaRXUvMWZ3cEJBY2xLU0VPZ2dBMDBBU0ZpSXBvY2t6RzVMQ0c0QUc4ckZ3UlRZNjAra05TYTdxN3JZZWNqbUZlVGs4WExkVStQVk53QlpWNkNOeGZ5eUluOFZJTk1qQklhdDM5cUdXM2owMm9ON0c5dDFubTVnWUxURUs0Y3FvbHRHTEswZ1Y0M0VESWJ4bUo0eVliMmNpSGtHVHlndzkvRk9NNktzdm5MS2RLK1BWZXVaaHBtVkVQRERsSURGWUw5NGxuOVpxOFQ5TzZyRDNCV1k2L0NrLzZwc1lML2R3WmplMzdoMTdsN0Q2V05BRFVnYkJMMEErMkxReS93b1Q5MkZyZHE0MHIxeFI3bUtidXoxQzV1VXEvSFdlcHlxbDh4Z1dJSmxDUm1sRHgyV2V3RlVqT0ZzSkdvWmlBd25iT3E2cnNnSFNqWVBVTUdXNk1xYTRSZUdmV3lVT2VQd0txb0RKOVRTckVXT3RGc093eTFGRHNFVFdXbXpFRWJyM3VRVDJYS0JwbDdLKzltWURSM0N2Tjkyb1lOOG92Z25BeGhKcXNhSzZ6Tm5CejdBZzZYZWNyVUIzbXB0Z0tFMmRETEduZHdjZmxBN3l2ckp3M053dHB2U0RueW10QzJYa3pJdWNES25KeWxja2dEK2hWaVkwUUNIdUQwa2ZEZWJyTGxSU0ovR0JLaUxldGc3YnhpdTRSUE9IcSt3anQxS1l0cTBnSXlLUDJzUFFCc1UycERNSURuME9jNmN2K2ZjYmo0dzV3RzFhNzRnQjdOVjJzTzV0Q1ZaM2ZpOTN6SWtTQ1RMTUVmek9DMFc2c2lJWVFKY3hjTEIyc3I4V1BrVThkV2V6aHp6Z29DZC9nMzVJWS95OEw3UmZ3UUxsOGR5NjNNaFJsS2JENGJ2LzZBeDQxdHUvbmZBSjBXZ211cFY4Zys2a1ZEd1pFcHpmNXNtRmlkZllZZTZFRU5sVGtOc1J3eXEzVFkwM2J4a3FYY3dFZytuQWtyNEliMktubFZmM3RzdlYzR2R3bzlTd3NoNVdoWDI2eWxpaUdxWW9tTWVCTkZLcTNaQjA4TTF1QTI4am9UdkNFUXdqcklLelAzYXMzV1d5eVJsVU5hbTY1Y1lKUDIwanBBODAwMnl0ejdISkJCZFJDMmNHbUcvVWVUcUF0ckFjZEdvZVBzOVhYcFVERlJBcWlHSjY5WmxOeHZUTFhVNjFCeklXOWljYUZ2SUxuSE9zbEVseGoxcTlVR0puM1FCVWtYVyszZ3FCTzhua1lKbnJaTjZ2Wno1VVgxZFY4bjBadDZnQjJzcEpER2hybUVYSE9BSlk0Njd2WlFwb2s2U0pGMHJBVTU3K1R0YUlGN1pKcHJCRjFiOWRqY0Fmd29aVUVvV1FseGozVWtsTi9tSWdpcWdibllkMFo2ZSt6Wk5XbWgwUEZIMkJTOFdDbzU0dVJWNlVkWDdmdUZpWU9lZmJjU3JyaTVvNXR0V3JtVE5KV3k3UitHTzhodWxURStYR0xwaGphYnJyRzc0amJOVTV2QXByOHc9IiBDb3JyZWxhdGlvbkJpbmRpbmc9IiIgVXJsRW5jb2RlPSJUcnVlIiAvPg0KICAgICAgICA8Rm9ybVBvc3RQYXJhbWV0ZXIgTmFtZT0iU2NyZWVuV2lkdGgiIFZhbHVlPSJ7eyRISURERU4xLlNjcmVlbldpZHRofX0iIFJlY29yZGVkVmFsdWU9IiIgQ29ycmVsYXRpb25CaW5kaW5nPSIiIFVybEVuY29kZT0iVHJ1ZSIgLz4NCiAgICAgICAgPEZvcm1Qb3N0UGFyYW1ldGVyIE5hbWU9IlNjcmVlbkhlaWdodCIgVmFsdWU9Int7JEhJRERFTjEuU2NyZWVuSGVpZ2h0fX0iIFJlY29yZGVkVmFsdWU9IiIgQ29ycmVsYXRpb25CaW5kaW5nPSIiIFVybEVuY29kZT0iVHJ1ZSIgLz4NCiAgICAgICAgPEZvcm1Qb3N0UGFyYW1ldGVyIE5hbWU9ImJ0blF1ZXJ5IiBWYWx1ZT0i5p+l6KmiIiBSZWNvcmRlZFZhbHVlPSLmn6XoqaIiIENvcnJlbGF0aW9uQmluZGluZz0ie3tGb3JtUG9zdFBhcmFtMS5idG5RdWVyeX19IiBVcmxFbmNvZGU9IlRydWUiIC8+DQogICAgICAgIDxGb3JtUG9zdFBhcmFtZXRlciBOYW1lPSJkZGxPcmdBbmRGbG93IiBWYWx1ZT0iIiBSZWNvcmRlZFZhbHVlPSIiIENvcnJlbGF0aW9uQmluZGluZz0iIiBVcmxFbmNvZGU9IlRydWUiIC8+DQogICAgICAgIDxGb3JtUG9zdFBhcmFtZXRlciBOYW1lPSJkZGxRdWVyeUNvbmRpdGlvbnMiIFZhbHVlPSIwIiBSZWNvcmRlZFZhbHVlPSIwIiBDb3JyZWxhdGlvbkJpbmRpbmc9Int7Rm9ybVBvc3RQYXJhbTMuZGRsUXVlcnlDb25kaXRpb25zfX0iIFVybEVuY29kZT0iVHJ1ZSIgLz4NCiAgICAgICAgPEZvcm1Qb3N0UGFyYW1ldGVyIE5hbWU9InR4dE9URW1wSUQiIFZhbHVlPSIxMDIxMTkiIFJlY29yZGVkVmFsdWU9IjEwMjExOSIgQ29ycmVsYXRpb25CaW5kaW5nPSJ7e0Zvcm1Qb3N0UGFyYW0yLnR4dE9URW1wSUR9fSIgVXJsRW5jb2RlPSJUcnVlIiAvPg0KICAgICAgICA8Rm9ybVBvc3RQYXJhbWV0ZXIgTmFtZT0idHh0T1RFbXBOYW1lIiBWYWx1ZT0iIiBSZWNvcmRlZFZhbHVlPSIiIENvcnJlbGF0aW9uQmluZGluZz0iIiBVcmxFbmNvZGU9IlRydWUiIC8+DQogICAgICAgIDxGb3JtUG9zdFBhcmFtZXRlciBOYW1lPSJ0eHRPVEZvcm1OTyIgVmFsdWU9IiIgUmVjb3JkZWRWYWx1ZT0iIiBDb3JyZWxhdGlvbkJpbmRpbmc9IiIgVXJsRW5jb2RlPSJUcnVlIiAvPg0KICAgICAgICA8Rm9ybVBvc3RQYXJhbWV0ZXIgTmFtZT0iZGRsT1RTdGF0dXMiIFZhbHVlPSIxIiBSZWNvcmRlZFZhbHVlPSIxIiBDb3JyZWxhdGlvbkJpbmRpbmc9Int7Rm9ybVBvc3RQYXJhbTQuZGRsT1RTdGF0dXN9fSIgVXJsRW5jb2RlPSJUcnVlIiAvPg0KICAgICAgICA8Rm9ybVBvc3RQYXJhbWV0ZXIgTmFtZT0idHh0T1REYXRlQmVnaW4kdHh0RGF0ZSIgVmFsdWU9IiIgUmVjb3JkZWRWYWx1ZT0iIiBDb3JyZWxhdGlvbkJpbmRpbmc9IiIgVXJsRW5jb2RlPSJUcnVlIiAvPg0KICAgICAgICA8Rm9ybVBvc3RQYXJhbWV0ZXIgTmFtZT0idHh0T1REYXRlRW5kJHR4dERhdGUiIFZhbHVlPSIiIFJlY29yZGVkVmFsdWU9IiIgQ29ycmVsYXRpb25CaW5kaW5nPSIiIFVybEVuY29kZT0iVHJ1ZSIgLz4NCiAgICAgICAgPEZvcm1Qb3N0UGFyYW1ldGVyIE5hbWU9InVjTW9kYWxQb3B1cDEkQ2xpZW50V2lkdGgiIFZhbHVlPSJ7eyRISURERU4xLnVjTW9kYWxQb3B1cDEkQ2xpZW50V2lkdGh9fSIgUmVjb3JkZWRWYWx1ZT0iMCIgQ29ycmVsYXRpb25CaW5kaW5nPSIiIFVybEVuY29kZT0iVHJ1ZSIgLz4NCiAgICAgICAgPEZvcm1Qb3N0UGFyYW1ldGVyIE5hbWU9InVjTW9kYWxQb3B1cDEkQ2xpZW50SGVpZ2h0IiBWYWx1ZT0ie3skSElEREVOMS51Y01vZGFsUG9wdXAxJENsaWVudEhlaWdodH19IiBSZWNvcmRlZFZhbHVlPSIwIiBDb3JyZWxhdGlvbkJpbmRpbmc9IiIgVXJsRW5jb2RlPSJUcnVlIiAvPg0KICAgICAgPC9Gb3JtUG9zdEh0dHBCb2R5Pg0KICAgIDwvUmVxdWVzdD4NCiAgPC9JdGVtcz4NCiAgPFZhbGlkYXRpb25SdWxlcz4NCiAgICA8VmFsaWRhdGlvblJ1bGUgQ2xhc3NuYW1lPSJNaWNyb3NvZnQuVmlzdWFsU3R1ZGlvLlRlc3RUb29scy5XZWJUZXN0aW5nLlJ1bGVzLlZhbGlkYXRlUmVzcG9uc2VVcmwsIE1pY3Jvc29mdC5WaXN1YWxTdHVkaW8uUXVhbGl0eVRvb2xzLldlYlRlc3RGcmFtZXdvcmssIFZlcnNpb249MTAuMC4wLjAsIEN1bHR1cmU9bmV1dHJhbCwgUHVibGljS2V5VG9rZW49YjAzZjVmN2YxMWQ1MGEzYSIgRGlzcGxheU5hbWU9IuWbnuaHiSBVUkwiIERlc2NyaXB0aW9uPSLpqZforYnlm57mh4kgVVJMIOWcqOWll+eUqOmHjeaWsOWwjuWQkeS5i+W+jOaYr+WQpuWSjOiomOmMhOeahOWbnuaHiSBVUkwg55u45ZCM44CC5bey5b+955WlIFF1ZXJ5U3RyaW5nIOWPg+aVuOOAgiIgTGV2ZWw9IkxvdyIgRXhlY3R1aW9uT3JkZXI9IkJlZm9yZURlcGVuZGVudHMiIC8+DQogICAgPFZhbGlkYXRpb25SdWxlIENsYXNzbmFtZT0iTWljcm9zb2Z0LlZpc3VhbFN0dWRpby5UZXN0VG9vbHMuV2ViVGVzdGluZy5SdWxlcy5WYWxpZGF0aW9uUnVsZVJlc3BvbnNlVGltZUdvYWwsIE1pY3Jvc29mdC5WaXN1YWxTdHVkaW8uUXVhbGl0eVRvb2xzLldlYlRlc3RGcmFtZXdvcmssIFZlcnNpb249MTAuMC4wLjAsIEN1bHR1cmU9bmV1dHJhbCwgUHVibGljS2V5VG9rZW49YjAzZjVmN2YxMWQ1MGEzYSIgRGlzcGxheU5hbWU9IuWbnuaHieaZgumWk+ebruaomSIgRGVzY3JpcHRpb249Iumpl+itieatpOimgeaxgueahOWbnuaHieaZgumWk+aYr+WQpuWwj+aWvOaIluetieaWvOatpOimgeaxguaJgOaMh+WumueahOWbnuaHieaZgumWk+ebruaomeOAguWbnuaHieaZgumWk+ebruaomeeCuumbtuWwh+iiq+W/veeVpeOAgiIgTGV2ZWw9IkxvdyIgRXhlY3R1aW9uT3JkZXI9IkFmdGVyRGVwZW5kZW50cyI+DQogICAgICA8UnVsZVBhcmFtZXRlcnM+DQogICAgICAgIDxSdWxlUGFyYW1ldGVyIE5hbWU9IlRvbGVyYW5jZSIgVmFsdWU9IjAiIC8+DQogICAgICA8L1J1bGVQYXJhbWV0ZXJzPg0KICAgIDwvVmFsaWRhdGlvblJ1bGU+DQogIDwvVmFsaWRhdGlvblJ1bGVzPg0KPC9XZWJUZXN0Pg==">
      <Execution id="37ad19c8-f396-4b05-b6dc-22dd73dbfd8c" />
    </WebTest>
  </TestDefinitions>
  <TestLists>
    <TestList name="不在清單中的結果" id="8c84fa94-04c1-424b-9868-57a2d4851a1d" />
    <TestList name="所有載入的結果" id="19431567-8539-422a-85d7-44ee4e166bda" />
  </TestLists>
  <TestEntries>
    <TestEntry isTransparent="false" testId="d1f0dc6a-f347-4b33-8582-0a71909fcaf1" executionId="37ad19c8-f396-4b05-b6dc-22dd73dbfd8c" testListId="8c84fa94-04c1-424b-9868-57a2d4851a1d" />
  </TestEntries>
  <Results>
    <WebTestResult executionId="37ad19c8-f396-4b05-b6dc-22dd73dbfd8c" testId="d1f0dc6a-f347-4b33-8582-0a71909fcaf1" testName="WebTestUpdateCase01" computerName="ANSONHUANG" duration="00:00:01.8495403" startTime="2017-05-16T11:16:58.2414925+08:00" endTime="2017-05-16T11:17:10.7434924+08:00" testType="4e7599fa-5ecb-43e9-a887-cd63cf72d207" outcome="Passed" testListId="8c84fa94-04c1-424b-9868-57a2d4851a1d" relativeResultsDirectory="37ad19c8-f396-4b05-b6dc-22dd73dbfd8c">
      <ResultFiles>
        <ResultFile path="WebTestUpdateCase01.webtestResult" />
      </ResultFiles>
      <TestSettings name="本機" id="f0316326-3a07-479d-8058-64131c18b509">
        <Description>這些是本機測試回合的預設測試設定。</Description>
        <Execution>
          <TestTypeSpecific>
            <WebTestRunConfiguration testTypeId="4e7599fa-5ecb-43e9-a887-cd63cf72d207">
              <Browser name="Internet Explorer 7.0">
                <Headers>
                  <Header name="User-Agent" value="Mozilla/4.0 (compatible; MSIE 7.0; Windows NT 5.1)" />
                  <Header name="Accept" value="*/*" />
                  <Header name="Accept-Language" value="{{$IEAcceptLanguage}}" />
                  <Header name="Accept-Encoding" value="GZIP" />
                </Headers>
              </Browser>
            </WebTestRunConfiguration>
          </TestTypeSpecific>
          <AgentRule name="Execution Agents">
          </AgentRule>
        </Execution>
        <Deployment runDeploymentRoot="YSHuang_ANSONHUANG 2017-05-16 11_16_57" />
      </TestSettings>
      <WebTestResultFilePath>YSHuang_ANSONHUANG 2017-05-16 11_16_57\In\37ad19c8-f396-4b05-b6dc-22dd73dbfd8c\WebTestUpdateCase01.webtestResult</WebTestResultFilePath>
    </WebTestResult>
  </Results>
</TestRun>