<?xml version="1.0" encoding="UTF-8"?>
<TestRun id="b26103ba-b2d4-4cbd-a6ae-7df52d883072" name="YSHuang@ANSONHUANG 2017-05-16 11:54:49" runUser="AnsonHuang\YSHuang" xmlns="http://microsoft.com/schemas/VisualStudio/TeamTest/2010">
  <TestSettings name="本機" id="f0316326-3a07-479d-8058-64131c18b509">
    <Description>這些是本機測試回合的預設測試設定。</Description>
    <Execution>
      <TestTypeSpecific />
      <AgentRule name="Execution Agents">
      </AgentRule>
    </Execution>
    <Deployment runDeploymentRoot="YSHuang_ANSONHUANG 2017-05-16 11_54_49" />
  </TestSettings>
  <Times creation="2017-05-16T11:54:49.3261905+08:00" queuing="2017-05-16T11:54:49.4626905+08:00" start="2017-05-16T11:54:49.5831905+08:00" finish="2017-05-16T11:55:01.8071905+08:00" />
  <ResultSummary outcome="Completed">
    <Counters total="1" executed="1" passed="1" error="0" failed="0" timeout="0" aborted="0" inconclusive="0" passedButRunAborted="0" notRunnable="0" notExecuted="0" disconnected="0" warning="0" completed="0" inProgress="0" pending="0" />
  </ResultSummary>
  <TestDefinitions>
    <WebTest name="WebTest1" storage="d:\git\attendant\loadtesting\loadtesting\webtest1.webtest" id="5bb2bc9f-0fc4-499f-9eb4-d5c514a4ffa9" persistedWebTest="77u/PD94bWwgdmVyc2lvbj0iMS4wIiBlbmNvZGluZz0iVVRGLTgiIHN0YW5kYWxvbmU9InllcyI/Pg0KPFdlYlRlc3QgTmFtZT0iV2ViVGVzdDEiIElkPSI1YmIyYmM5Zi0wZmM0LTQ5OWYtOWViNC1kNWM1MTRhNGZmYTkiIE93bmVyPSIiIFByaW9yaXR5PSIyMTQ3NDgzNjQ3IiBFbmFibGVkPSJUcnVlIiBDc3NQcm9qZWN0U3RydWN0dXJlPSIiIENzc0l0ZXJhdGlvbj0iIiBUaW1lb3V0PSIwIiBXb3JrSXRlbUlkcz0iIiB4bWxucz0iaHR0cDovL21pY3Jvc29mdC5jb20vc2NoZW1hcy9WaXN1YWxTdHVkaW8vVGVhbVRlc3QvMjAxMCIgRGVzY3JpcHRpb249IiIgQ3JlZGVudGlhbFVzZXJOYW1lPSIiIENyZWRlbnRpYWxQYXNzd29yZD0iIiBQcmVBdXRoZW50aWNhdGU9IlRydWUiIFByb3h5PSJkZWZhdWx0IiBTdG9wT25FcnJvcj0iRmFsc2UiIFJlY29yZGVkUmVzdWx0RmlsZT0iV2ViVGVzdDEuY2E5MWNjYWYtN2UyZS00NDA1LTk0ODMtZDc5YjcwZmM5ZWZlLnJlYy53ZWJ0ZXN0cmVzdWx0IiBSZXN1bHRzTG9jYWxlPSIiPg0KICA8SXRlbXM+DQogICAgPFJlcXVlc3QgTWV0aG9kPSJHRVQiIEd1aWQ9IjkwMWViMGUyLWIxMDMtNDIwNy1hYTk5LTRjZDg1MGRhYTdlNyIgVmVyc2lvbj0iMS4xIiBVcmw9Imh0dHA6Ly8xMC4xMS4zNi4xMTQ6ODAwNy9ocmxvZ2luL2hybG9naW4uYXNweCIgVGhpbmtUaW1lPSIwIiBUaW1lb3V0PSIzMDAiIFBhcnNlRGVwZW5kZW50UmVxdWVzdHM9IlRydWUiIEZvbGxvd1JlZGlyZWN0cz0iVHJ1ZSIgUmVjb3JkUmVzdWx0PSJUcnVlIiBDYWNoZT0iRmFsc2UiIFJlc3BvbnNlVGltZUdvYWw9IjAiIEVuY29kaW5nPSJ1dGYtOCIgRXhwZWN0ZWRIdHRwU3RhdHVzQ29kZT0iMCIgRXhwZWN0ZWRSZXNwb25zZVVybD0iIiBSZXBvcnRpbmdOYW1lPSIiIElnbm9yZUh0dHBTdGF0dXNDb2RlPSJGYWxzZSI+DQogICAgICA8RXh0cmFjdGlvblJ1bGVzPg0KICAgICAgICA8RXh0cmFjdGlvblJ1bGUgQ2xhc3NuYW1lPSJNaWNyb3NvZnQuVmlzdWFsU3R1ZGlvLlRlc3RUb29scy5XZWJUZXN0aW5nLlJ1bGVzLkV4dHJhY3RIaWRkZW5GaWVsZHMsIE1pY3Jvc29mdC5WaXN1YWxTdHVkaW8uUXVhbGl0eVRvb2xzLldlYlRlc3RGcmFtZXdvcmssIFZlcnNpb249MTAuMC4wLjAsIEN1bHR1cmU9bmV1dHJhbCwgUHVibGljS2V5VG9rZW49YjAzZjVmN2YxMWQ1MGEzYSIgVmFyaWFibGVOYW1lPSIxIiBEaXNwbGF5TmFtZT0i5pO35Y+W6Zqx6JeP5qyE5L2NIiBEZXNjcmlwdGlvbj0i5pO35Y+W5Zue5oeJ5Lit55qE5omA5pyJ6Zqx6JeP5qyE5L2N77yM5Lim5bCH5a6D5YCR5pS+5Zyo5ris6Kmm5YWn5a655Lit44CCIj4NCiAgICAgICAgICA8UnVsZVBhcmFtZXRlcnM+DQogICAgICAgICAgICA8UnVsZVBhcmFtZXRlciBOYW1lPSJSZXF1aXJlZCIgVmFsdWU9IlRydWUiIC8+DQogICAgICAgICAgICA8UnVsZVBhcmFtZXRlciBOYW1lPSJIdG1sRGVjb2RlIiBWYWx1ZT0iVHJ1ZSIgLz4NCiAgICAgICAgICA8L1J1bGVQYXJhbWV0ZXJzPg0KICAgICAgICA8L0V4dHJhY3Rpb25SdWxlPg0KICAgICAgPC9FeHRyYWN0aW9uUnVsZXM+DQogICAgICA8Q29ycmVsYXRpb25FeHRyYWN0aW9uUnVsZXM+DQogICAgICAgIDxFeHRyYWN0aW9uUnVsZSBDbGFzc25hbWU9Ik1pY3Jvc29mdC5WaXN1YWxTdHVkaW8uVGVzdFRvb2xzLldlYlRlc3RpbmcuUnVsZXMuRXh0cmFjdEZvcm1GaWVsZCwgTWljcm9zb2Z0LlZpc3VhbFN0dWRpby5RdWFsaXR5VG9vbHMuV2ViVGVzdEZyYW1ld29yaywgVmVyc2lvbj0xMC4wLjAuMCwgQ3VsdHVyZT1uZXV0cmFsLCBQdWJsaWNLZXlUb2tlbj1iMDNmNWY3ZjExZDUwYTNhIiBWYXJpYWJsZU5hbWU9IkZvcm1Qb3N0UGFyYW0xMjUuYnRuRXhlY3V0ZSIgRGlzcGxheU5hbWU9IiIgRGVzY3JpcHRpb249IiI+DQogICAgICAgICAgPFJ1bGVQYXJhbWV0ZXJzPg0KICAgICAgICAgICAgPFJ1bGVQYXJhbWV0ZXIgTmFtZT0iTmFtZSIgVmFsdWU9ImJ0bkV4ZWN1dGUiIC8+DQogICAgICAgICAgICA8UnVsZVBhcmFtZXRlciBOYW1lPSJIdG1sRGVjb2RlIiBWYWx1ZT0iVHJ1ZSIgLz4NCiAgICAgICAgICAgIDxSdWxlUGFyYW1ldGVyIE5hbWU9IlJlcXVpcmVkIiBWYWx1ZT0iRmFsc2UiIC8+DQogICAgICAgICAgICA8UnVsZVBhcmFtZXRlciBOYW1lPSJJbmRleCIgVmFsdWU9IjAiIC8+DQogICAgICAgICAgPC9SdWxlUGFyYW1ldGVycz4NCiAgICAgICAgPC9FeHRyYWN0aW9uUnVsZT4NCiAgICAgICAgPEV4dHJhY3Rpb25SdWxlIENsYXNzbmFtZT0iTWljcm9zb2Z0LlZpc3VhbFN0dWRpby5UZXN0VG9vbHMuV2ViVGVzdGluZy5SdWxlcy5FeHRyYWN0VGV4dCwgTWljcm9zb2Z0LlZpc3VhbFN0dWRpby5RdWFsaXR5VG9vbHMuV2ViVGVzdEZyYW1ld29yaywgVmVyc2lvbj0xMC4wLjAuMCwgQ3VsdHVyZT1uZXV0cmFsLCBQdWJsaWNLZXlUb2tlbj1iMDNmNWY3ZjExZDUwYTNhIiBWYXJpYWJsZU5hbWU9IkZvcm1Qb3N0UGFyYW0xMjYuZGRsVUlDdWx0dXJlIiBEaXNwbGF5TmFtZT0iIiBEZXNjcmlwdGlvbj0iIj4NCiAgICAgICAgICA8UnVsZVBhcmFtZXRlcnM+DQogICAgICAgICAgICA8UnVsZVBhcmFtZXRlciBOYW1lPSJTdGFydHNXaXRoIiBWYWx1ZT0ibHVlPSZxdW90OyIgLz4NCiAgICAgICAgICAgIDxSdWxlUGFyYW1ldGVyIE5hbWU9IkVuZHNXaXRoIiBWYWx1ZT0iJnF1b3Q7Jmd0O+ato+mrlOS4rSIgLz4NCiAgICAgICAgICAgIDxSdWxlUGFyYW1ldGVyIE5hbWU9IkluZGV4IiBWYWx1ZT0iOCIgLz4NCiAgICAgICAgICAgIDxSdWxlUGFyYW1ldGVyIE5hbWU9Iklnbm9yZUNhc2UiIFZhbHVlPSJGYWxzZSIgLz4NCiAgICAgICAgICAgIDxSdWxlUGFyYW1ldGVyIE5hbWU9IlVzZVJlZ3VsYXJFeHByZXNzaW9uIiBWYWx1ZT0iRmFsc2UiIC8+DQogICAgICAgICAgICA8UnVsZVBhcmFtZXRlciBOYW1lPSJIdG1sRGVjb2RlIiBWYWx1ZT0iVHJ1ZSIgLz4NCiAgICAgICAgICAgIDxSdWxlUGFyYW1ldGVyIE5hbWU9IlJlcXVpcmVkIiBWYWx1ZT0iRmFsc2UiIC8+DQogICAgICAgICAgPC9SdWxlUGFyYW1ldGVycz4NCiAgICAgICAgPC9FeHRyYWN0aW9uUnVsZT4NCiAgICAgIDwvQ29ycmVsYXRpb25FeHRyYWN0aW9uUnVsZXM+DQogICAgPC9SZXF1ZXN0Pg0KICAgIDxSZXF1ZXN0IE1ldGhvZD0iUE9TVCIgR3VpZD0iZjFmODhkZTMtNDdjMi00NjUzLTlkMGQtMzUyZTJiMGZjNGE1IiBWZXJzaW9uPSIxLjEiIFVybD0iaHR0cDovLzEwLjExLjM2LjExNDo4MDA3L2hybG9naW4vaHJsb2dpbi5hc3B4IiBUaGlua1RpbWU9IjI2IiBUaW1lb3V0PSIzMDAiIFBhcnNlRGVwZW5kZW50UmVxdWVzdHM9IlRydWUiIEZvbGxvd1JlZGlyZWN0cz0iVHJ1ZSIgUmVjb3JkUmVzdWx0PSJUcnVlIiBDYWNoZT0iRmFsc2UiIFJlc3BvbnNlVGltZUdvYWw9IjAiIEVuY29kaW5nPSJ1dGYtOCIgRXhwZWN0ZWRIdHRwU3RhdHVzQ29kZT0iMCIgRXhwZWN0ZWRSZXNwb25zZVVybD0iIiBSZXBvcnRpbmdOYW1lPSIiIElnbm9yZUh0dHBTdGF0dXNDb2RlPSJGYWxzZSI+DQogICAgICA8Rm9ybVBvc3RIdHRwQm9keT4NCiAgICAgICAgPEZvcm1Qb3N0UGFyYW1ldGVyIE5hbWU9Il9fTEFTVEZPQ1VTIiBWYWx1ZT0ie3skSElEREVOMS5fX0xBU1RGT0NVU319IiBSZWNvcmRlZFZhbHVlPSIiIENvcnJlbGF0aW9uQmluZGluZz0iIiBVcmxFbmNvZGU9IlRydWUiIC8+DQogICAgICAgIDxGb3JtUG9zdFBhcmFtZXRlciBOYW1lPSJfX0VWRU5UVEFSR0VUIiBWYWx1ZT0ie3skSElEREVOMS5fX0VWRU5UVEFSR0VUfX0iIFJlY29yZGVkVmFsdWU9IiIgQ29ycmVsYXRpb25CaW5kaW5nPSIiIFVybEVuY29kZT0iVHJ1ZSIgLz4NCiAgICAgICAgPEZvcm1Qb3N0UGFyYW1ldGVyIE5hbWU9Il9fRVZFTlRBUkdVTUVOVCIgVmFsdWU9Int7JEhJRERFTjEuX19FVkVOVEFSR1VNRU5UfX0iIFJlY29yZGVkVmFsdWU9IiIgQ29ycmVsYXRpb25CaW5kaW5nPSIiIFVybEVuY29kZT0iVHJ1ZSIgLz4NCiAgICAgICAgPEZvcm1Qb3N0UGFyYW1ldGVyIE5hbWU9Il9fVklFV1NUQVRFIiBWYWx1ZT0ie3skSElEREVOMS5fX1ZJRVdTVEFURX19IiBSZWNvcmRlZFZhbHVlPSIvd0VQRHdVS0xUUTFORE0xTVRBME1nOWtGZ0lDQXc5a0ZnUUNBUThXQWg0SFZtbHphV0pzWldjV0JBSUJEdzhXSGg0S1gwMWhlRXhsYm1kMGFHWWVFbDlKYzBGMWRHOVViMVZ3Y0dWeVEyRnpaV2dlREY5SmMwRmpkR2wyWlVsTlJXY2VDMTlKYzFCaGMzTjNiM0prYUI0T1gxUmxlSFJUYUdsbWRFdHBibVFMS1g5VGFXNXZVR0ZqTGxkbFlrVjRjSEpsYzNNdVEyOXRiVzl1TGxWMGFXd3JWR1Y0ZEZOb2FXWjBTMmx1WkN3Z1UybHViMUJoWXk1WFpXSkZlSEJ5WlhOekxrTnZiVzF2Yml3Z1ZtVnljMmx2YmowM0xqTXVNekV1TVN3Z1EzVnNkSFZ5WlQxdVpYVjBjbUZzTENCUWRXSnNhV05MWlhsVWIydGxiajF1ZFd4c0FCNEtYMWRoZEdWeVRXRnlhMlVlQ0Y5SmMwTnNaV0Z5YUI0SVgxUnZiMnhVYVhCbEhndGZTWE5TWldGa1QyNXNlV2dlQ1Y5RGMzTkRiR0Z6YzJVZUQxOUpjMWRwWkhSb1FubFFhWGhsYkdjZUUxOUpjMFJwYzNCRmJuUmxjbVZrVjI5eVpITm9IZ1pmVjJsa2RHZ0NVQjRJWDBselJtOWpkWE5uSGdsZlNYTlNaV2RGZUhCb1pCWUVBZ0VQWkJZQ0FnRVBFQTlrRmdJZUIyOXVZMnhwWTJzRnZ3RjJZWElnYjFaaGJHbGtJRDBnWkc5amRXMWxiblF1WjJWMFJXeGxiV1Z1ZEVKNVNXUW9KM1I0ZEZWelpYSkpSRjlTWlhGMWFYSmxaRVpwWld4a1ZtRnNhV1JoZEc5eU1TY3BPMVpoYkdsa1lYUnZja1Z1WVdKc1pTaHZWbUZzYVdRc2RHaHBjeTVqYUdWamEyVmtLVHRWZEdsc1gwTm9hMEp2ZUZSdloyZHNaVlpwYzJsaWFXeHBkSGtvSjNSNGRGVnpaWEpKUkY5amFHdFdhWE5wWW1sc2FYUjVKeXdnSjNSNGRGVnpaWEpKUkY5a2FYWkVZWFJoUVhKbFlTY3BPMlJrWkFJRER4WUNIZ1Z6ZEhsc1pRVTJabXh2WVhRNmJHVm1kRHRrYVhOd2JHRjVPbWx1YkdsdVpTMWliRzlqYXp0d1lXUmthVzVuT2pBN2RtbHphV0pwYkdsMGVUbzdGZ1lDQVE4UEZnZ2VDRkpsWVdSUGJteDVhQjRGVjJsa2RHZ2JBQUFBQUFBQVZFQUJBQUFBSGdoRGMzTkRiR0Z6YzJVZUJGOGhVMElDZ2dJV0FoNEhiMjVyWlhsMWNBVU9kR2hwY3k1MGFYUnNaVDBuSnp0a0FnTVBEeFlFSHhNYkFBQUFBQUFBVkVBQkFBQUFIeFVDZ0FKa1pBSUZEMlFXQWdJQkR3OFdBaDRFVkdWNGRBVVhXK1drcCtXdnErbU9sdVd1bWwzbHQ3TGxsWi9ubEtnV0FoOFJCWlFCY0dGa1pHbHVaem9nTW5CNElERXdjSGdnTW5CNElERXdjSGc3SUdOdmJHOXlPaU13TURBN0lHSmhZMnRuY205MWJtUTZJQ05HUmtVNFFUWTdJR1p2Ym5RdGQyVnBaMmgwT2lCaWIyeGtPeUJpYjNKa1pYSTZJREZ3ZUNCemIyeHBaQ0JrWVhKclozSmhlVHNnZDJocGRHVXRjM0JoWTJVNklHNXZkM0poY0RzZ1ltOXlaR1Z5TFhKaFpHbDFjem9nTTNCNE8yUUNBdzhRRHhZR0hnNUVZWFJoVm1Gc2RXVkdhV1ZzWkFVRFMyVjVIZzFFWVhSaFZHVjRkRVpwWld4a0JRVldZV3gxWlI0TFh5RkVZWFJoUW05MWJtUm5aQkFWQkFkRmJtZHNhWE5vRE9ldWdPUzlrK1M0cmVhV2h3em1yYVBwcTVUa3VLM21sb2NNNTY2QTVMMlQ1ckdKNksrdEZRUUNaVzRHZW1ndFEwaFRCbnBvTFVOSVZBZDZhQzFJWVc1ekZDc0RCR2RuWjJka1pBSUREdzhXQWg4WFpXUmtaQ2NWUllYVGg5akNDTXdTY3c0blJ1VjA5bS85IiBDb3JyZWxhdGlvbkJpbmRpbmc9IiIgVXJsRW5jb2RlPSJUcnVlIiAvPg0KICAgICAgICA8Rm9ybVBvc3RQYXJhbWV0ZXIgTmFtZT0iX19WSUVXU1RBVEVHRU5FUkFUT1IiIFZhbHVlPSJ7eyRISURERU4xLl9fVklFV1NUQVRFR0VORVJBVE9SfX0iIFJlY29yZGVkVmFsdWU9IjVCQjBGMjkwIiBDb3JyZWxhdGlvbkJpbmRpbmc9IiIgVXJsRW5jb2RlPSJUcnVlIiAvPg0KICAgICAgICA8Rm9ybVBvc3RQYXJhbWV0ZXIgTmFtZT0iX19FVkVOVFZBTElEQVRJT04iIFZhbHVlPSJ7eyRISURERU4xLl9fRVZFTlRWQUxJREFUSU9OfX0iIFJlY29yZGVkVmFsdWU9Ii93RWRBQWpaemdlZEs3V0hudUtBMm8rc1ZSQVRaaFRxbzJ5ZHJjQXZWWGhWWDBLRktZSUZmUlJaaFhzeFV5NDNxZm1WZ1ArTFJicVhBcjRwWFJBeDVMZ1BQRmpnZUNQRmNuNWFQTVloQjZnZWwwby9ibDNGUS9xblFXMnVGb1pQbmh3ckoxZGd6Q2twcWNYSG9MV1IrZmM4eEgzWVJyUHBHenJEK1pHMFdrNFlybjM1RnZrZWYvdFpSZzdHY0ZOMzdOZ0tHNlVXTlBnZSIgQ29ycmVsYXRpb25CaW5kaW5nPSIiIFVybEVuY29kZT0iVHJ1ZSIgLz4NCiAgICAgICAgPEZvcm1Qb3N0UGFyYW1ldGVyIE5hbWU9InR4dFVzZXJJRCR0eHREYXRhIiBWYWx1ZT0iMTAyMTE5IiBSZWNvcmRlZFZhbHVlPSIxMDIxMTkiIENvcnJlbGF0aW9uQmluZGluZz0iIiBVcmxFbmNvZGU9IlRydWUiIC8+DQogICAgICAgIDxGb3JtUG9zdFBhcmFtZXRlciBOYW1lPSJkZGxVSUN1bHR1cmUiIFZhbHVlPSJ6aC1DSFQiIFJlY29yZGVkVmFsdWU9InpoLUNIVCIgQ29ycmVsYXRpb25CaW5kaW5nPSJ7e0Zvcm1Qb3N0UGFyYW0xMjYuZGRsVUlDdWx0dXJlfX0iIFVybEVuY29kZT0iVHJ1ZSIgLz4NCiAgICAgICAgPEZvcm1Qb3N0UGFyYW1ldGVyIE5hbWU9ImJ0bkV4ZWN1dGUiIFZhbHVlPSJMb2NhbCBMb2dpbiIgUmVjb3JkZWRWYWx1ZT0iTG9jYWwgTG9naW4iIENvcnJlbGF0aW9uQmluZGluZz0ie3tGb3JtUG9zdFBhcmFtMTI1LmJ0bkV4ZWN1dGV9fSIgVXJsRW5jb2RlPSJUcnVlIiAvPg0KICAgICAgPC9Gb3JtUG9zdEh0dHBCb2R5Pg0KICAgIDwvUmVxdWVzdD4NCiAgICA8UmVxdWVzdCBNZXRob2Q9IkdFVCIgR3VpZD0iOTBlYWMxMzMtOTZjMy00NzkwLWE4OWMtNzkyNDcxZjlkYTIwIiBWZXJzaW9uPSIxLjEiIFVybD0iaHR0cDovLzEwLjExLjM2LjExNDo4MDA3L092ZXJUaW1lL092ZXJ0aW1lUHJlT3JkZXJfQWRkLmFzcHgiIFRoaW5rVGltZT0iMCIgVGltZW91dD0iMzAwIiBQYXJzZURlcGVuZGVudFJlcXVlc3RzPSJUcnVlIiBGb2xsb3dSZWRpcmVjdHM9IlRydWUiIFJlY29yZFJlc3VsdD0iVHJ1ZSIgQ2FjaGU9IkZhbHNlIiBSZXNwb25zZVRpbWVHb2FsPSIwIiBFbmNvZGluZz0idXRmLTgiIEV4cGVjdGVkSHR0cFN0YXR1c0NvZGU9IjAiIEV4cGVjdGVkUmVzcG9uc2VVcmw9IiIgUmVwb3J0aW5nTmFtZT0iIiBJZ25vcmVIdHRwU3RhdHVzQ29kZT0iRmFsc2UiPg0KICAgICAgPEV4dHJhY3Rpb25SdWxlcz4NCiAgICAgICAgPEV4dHJhY3Rpb25SdWxlIENsYXNzbmFtZT0iTWljcm9zb2Z0LlZpc3VhbFN0dWRpby5UZXN0VG9vbHMuV2ViVGVzdGluZy5SdWxlcy5FeHRyYWN0SGlkZGVuRmllbGRzLCBNaWNyb3NvZnQuVmlzdWFsU3R1ZGlvLlF1YWxpdHlUb29scy5XZWJUZXN0RnJhbWV3b3JrLCBWZXJzaW9uPTEwLjAuMC4wLCBDdWx0dXJlPW5ldXRyYWwsIFB1YmxpY0tleVRva2VuPWIwM2Y1ZjdmMTFkNTBhM2EiIFZhcmlhYmxlTmFtZT0iMSIgRGlzcGxheU5hbWU9IuaTt+WPlumaseiXj+ashOS9jSIgRGVzY3JpcHRpb249IuaTt+WPluWbnuaHieS4reeahOaJgOaciemaseiXj+ashOS9je+8jOS4puWwh+Wug+WAkeaUvuWcqOa4rOippuWFp+WuueS4reOAgiI+DQogICAgICAgICAgPFJ1bGVQYXJhbWV0ZXJzPg0KICAgICAgICAgICAgPFJ1bGVQYXJhbWV0ZXIgTmFtZT0iUmVxdWlyZWQiIFZhbHVlPSJUcnVlIiAvPg0KICAgICAgICAgICAgPFJ1bGVQYXJhbWV0ZXIgTmFtZT0iSHRtbERlY29kZSIgVmFsdWU9IlRydWUiIC8+DQogICAgICAgICAgPC9SdWxlUGFyYW1ldGVycz4NCiAgICAgICAgPC9FeHRyYWN0aW9uUnVsZT4NCiAgICAgIDwvRXh0cmFjdGlvblJ1bGVzPg0KICAgICAgPENvcnJlbGF0aW9uRXh0cmFjdGlvblJ1bGVzPg0KICAgICAgICA8RXh0cmFjdGlvblJ1bGUgQ2xhc3NuYW1lPSJNaWNyb3NvZnQuVmlzdWFsU3R1ZGlvLlRlc3RUb29scy5XZWJUZXN0aW5nLlJ1bGVzLkV4dHJhY3RGb3JtRmllbGQsIE1pY3Jvc29mdC5WaXN1YWxTdHVkaW8uUXVhbGl0eVRvb2xzLldlYlRlc3RGcmFtZXdvcmssIFZlcnNpb249MTAuMC4wLjAsIEN1bHR1cmU9bmV1dHJhbCwgUHVibGljS2V5VG9rZW49YjAzZjVmN2YxMWQ1MGEzYSIgVmFyaWFibGVOYW1lPSJGb3JtUG9zdFBhcmFtMTA5Lk9URW1wSUQiIERpc3BsYXlOYW1lPSIiIERlc2NyaXB0aW9uPSIiPg0KICAgICAgICAgIDxSdWxlUGFyYW1ldGVycz4NCiAgICAgICAgICAgIDxSdWxlUGFyYW1ldGVyIE5hbWU9Ik5hbWUiIFZhbHVlPSJyYnRTaW5nbGVFbXBJRCIgLz4NCiAgICAgICAgICAgIDxSdWxlUGFyYW1ldGVyIE5hbWU9Ikh0bWxEZWNvZGUiIFZhbHVlPSJUcnVlIiAvPg0KICAgICAgICAgICAgPFJ1bGVQYXJhbWV0ZXIgTmFtZT0iUmVxdWlyZWQiIFZhbHVlPSJGYWxzZSIgLz4NCiAgICAgICAgICAgIDxSdWxlUGFyYW1ldGVyIE5hbWU9IkluZGV4IiBWYWx1ZT0iMCIgLz4NCiAgICAgICAgICA8L1J1bGVQYXJhbWV0ZXJzPg0KICAgICAgICA8L0V4dHJhY3Rpb25SdWxlPg0KICAgICAgICA8RXh0cmFjdGlvblJ1bGUgQ2xhc3NuYW1lPSJNaWNyb3NvZnQuVmlzdWFsU3R1ZGlvLlRlc3RUb29scy5XZWJUZXN0aW5nLlJ1bGVzLkV4dHJhY3RGb3JtRmllbGQsIE1pY3Jvc29mdC5WaXN1YWxTdHVkaW8uUXVhbGl0eVRvb2xzLldlYlRlc3RGcmFtZXdvcmssIFZlcnNpb249MTAuMC4wLjAsIEN1bHR1cmU9bmV1dHJhbCwgUHVibGljS2V5VG9rZW49YjAzZjVmN2YxMWQ1MGEzYSIgVmFyaWFibGVOYW1lPSJGb3JtUG9zdFBhcmFtMTEwLnR4dE9URW1wSUQiIERpc3BsYXlOYW1lPSIiIERlc2NyaXB0aW9uPSIiPg0KICAgICAgICAgIDxSdWxlUGFyYW1ldGVycz4NCiAgICAgICAgICAgIDxSdWxlUGFyYW1ldGVyIE5hbWU9Ik5hbWUiIFZhbHVlPSJ0eHRPVEVtcElEIiAvPg0KICAgICAgICAgICAgPFJ1bGVQYXJhbWV0ZXIgTmFtZT0iSHRtbERlY29kZSIgVmFsdWU9IlRydWUiIC8+DQogICAgICAgICAgICA8UnVsZVBhcmFtZXRlciBOYW1lPSJSZXF1aXJlZCIgVmFsdWU9IkZhbHNlIiAvPg0KICAgICAgICAgICAgPFJ1bGVQYXJhbWV0ZXIgTmFtZT0iSW5kZXgiIFZhbHVlPSIwIiAvPg0KICAgICAgICAgIDwvUnVsZVBhcmFtZXRlcnM+DQogICAgICAgIDwvRXh0cmFjdGlvblJ1bGU+DQogICAgICAgIDxFeHRyYWN0aW9uUnVsZSBDbGFzc25hbWU9Ik1pY3Jvc29mdC5WaXN1YWxTdHVkaW8uVGVzdFRvb2xzLldlYlRlc3RpbmcuUnVsZXMuRXh0cmFjdEZvcm1GaWVsZCwgTWljcm9zb2Z0LlZpc3VhbFN0dWRpby5RdWFsaXR5VG9vbHMuV2ViVGVzdEZyYW1ld29yaywgVmVyc2lvbj0xMC4wLjAuMCwgQ3VsdHVyZT1uZXV0cmFsLCBQdWJsaWNLZXlUb2tlbj1iMDNmNWY3ZjExZDUwYTNhIiBWYXJpYWJsZU5hbWU9IkZvcm1Qb3N0UGFyYW0xMTEudHh0T1RFbXBOYW1lIiBEaXNwbGF5TmFtZT0iIiBEZXNjcmlwdGlvbj0iIj4NCiAgICAgICAgICA8UnVsZVBhcmFtZXRlcnM+DQogICAgICAgICAgICA8UnVsZVBhcmFtZXRlciBOYW1lPSJOYW1lIiBWYWx1ZT0idHh0T1RFbXBOYW1lIiAvPg0KICAgICAgICAgICAgPFJ1bGVQYXJhbWV0ZXIgTmFtZT0iSHRtbERlY29kZSIgVmFsdWU9IlRydWUiIC8+DQogICAgICAgICAgICA8UnVsZVBhcmFtZXRlciBOYW1lPSJSZXF1aXJlZCIgVmFsdWU9IkZhbHNlIiAvPg0KICAgICAgICAgICAgPFJ1bGVQYXJhbWV0ZXIgTmFtZT0iSW5kZXgiIFZhbHVlPSIwIiAvPg0KICAgICAgICAgIDwvUnVsZVBhcmFtZXRlcnM+DQogICAgICAgIDwvRXh0cmFjdGlvblJ1bGU+DQogICAgICAgIDxFeHRyYWN0aW9uUnVsZSBDbGFzc25hbWU9Ik1pY3Jvc29mdC5WaXN1YWxTdHVkaW8uVGVzdFRvb2xzLldlYlRlc3RpbmcuUnVsZXMuRXh0cmFjdEZvcm1GaWVsZCwgTWljcm9zb2Z0LlZpc3VhbFN0dWRpby5RdWFsaXR5VG9vbHMuV2ViVGVzdEZyYW1ld29yaywgVmVyc2lvbj0xMC4wLjAuMCwgQ3VsdHVyZT1uZXV0cmFsLCBQdWJsaWNLZXlUb2tlbj1iMDNmNWY3ZjExZDUwYTNhIiBWYXJpYWJsZU5hbWU9IkZvcm1Qb3N0UGFyYW0xMTIudWNEYXRlU3RhcnQkdHh0RGF0ZSIgRGlzcGxheU5hbWU9IiIgRGVzY3JpcHRpb249IiI+DQogICAgICAgICAgPFJ1bGVQYXJhbWV0ZXJzPg0KICAgICAgICAgICAgPFJ1bGVQYXJhbWV0ZXIgTmFtZT0iTmFtZSIgVmFsdWU9InVjRGF0ZVN0YXJ0X3R4dERhdGUiIC8+DQogICAgICAgICAgICA8UnVsZVBhcmFtZXRlciBOYW1lPSJIdG1sRGVjb2RlIiBWYWx1ZT0iVHJ1ZSIgLz4NCiAgICAgICAgICAgIDxSdWxlUGFyYW1ldGVyIE5hbWU9IlJlcXVpcmVkIiBWYWx1ZT0iRmFsc2UiIC8+DQogICAgICAgICAgICA8UnVsZVBhcmFtZXRlciBOYW1lPSJJbmRleCIgVmFsdWU9IjAiIC8+DQogICAgICAgICAgPC9SdWxlUGFyYW1ldGVycz4NCiAgICAgICAgPC9FeHRyYWN0aW9uUnVsZT4NCiAgICAgICAgPEV4dHJhY3Rpb25SdWxlIENsYXNzbmFtZT0iTWljcm9zb2Z0LlZpc3VhbFN0dWRpby5UZXN0VG9vbHMuV2ViVGVzdGluZy5SdWxlcy5FeHRyYWN0Rm9ybUZpZWxkLCBNaWNyb3NvZnQuVmlzdWFsU3R1ZGlvLlF1YWxpdHlUb29scy5XZWJUZXN0RnJhbWV3b3JrLCBWZXJzaW9uPTEwLjAuMC4wLCBDdWx0dXJlPW5ldXRyYWwsIFB1YmxpY0tleVRva2VuPWIwM2Y1ZjdmMTFkNTBhM2EiIFZhcmlhYmxlTmFtZT0iRm9ybVBvc3RQYXJhbTExMy51Y0RhdGVFbmQkdHh0RGF0ZSIgRGlzcGxheU5hbWU9IiIgRGVzY3JpcHRpb249IiI+DQogICAgICAgICAgPFJ1bGVQYXJhbWV0ZXJzPg0KICAgICAgICAgICAgPFJ1bGVQYXJhbWV0ZXIgTmFtZT0iTmFtZSIgVmFsdWU9InVjRGF0ZUVuZF90eHREYXRlIiAvPg0KICAgICAgICAgICAgPFJ1bGVQYXJhbWV0ZXIgTmFtZT0iSHRtbERlY29kZSIgVmFsdWU9IlRydWUiIC8+DQogICAgICAgICAgICA8UnVsZVBhcmFtZXRlciBOYW1lPSJSZXF1aXJlZCIgVmFsdWU9IkZhbHNlIiAvPg0KICAgICAgICAgICAgPFJ1bGVQYXJhbWV0ZXIgTmFtZT0iSW5kZXgiIFZhbHVlPSIwIiAvPg0KICAgICAgICAgIDwvUnVsZVBhcmFtZXRlcnM+DQogICAgICAgIDwvRXh0cmFjdGlvblJ1bGU+DQogICAgICAgIDxFeHRyYWN0aW9uUnVsZSBDbGFzc25hbWU9Ik1pY3Jvc29mdC5WaXN1YWxTdHVkaW8uVGVzdFRvb2xzLldlYlRlc3RpbmcuUnVsZXMuRXh0cmFjdEZvcm1GaWVsZCwgTWljcm9zb2Z0LlZpc3VhbFN0dWRpby5RdWFsaXR5VG9vbHMuV2ViVGVzdEZyYW1ld29yaywgVmVyc2lvbj0xMC4wLjAuMCwgQ3VsdHVyZT1uZXV0cmFsLCBQdWJsaWNLZXlUb2tlbj1iMDNmNWY3ZjExZDUwYTNhIiBWYXJpYWJsZU5hbWU9IkZvcm1Qb3N0UGFyYW0xMTQudHh0TWVhbFRpbWUiIERpc3BsYXlOYW1lPSIiIERlc2NyaXB0aW9uPSIiPg0KICAgICAgICAgIDxSdWxlUGFyYW1ldGVycz4NCiAgICAgICAgICAgIDxSdWxlUGFyYW1ldGVyIE5hbWU9Ik5hbWUiIFZhbHVlPSJ0eHRNZWFsVGltZSIgLz4NCiAgICAgICAgICAgIDxSdWxlUGFyYW1ldGVyIE5hbWU9Ikh0bWxEZWNvZGUiIFZhbHVlPSJUcnVlIiAvPg0KICAgICAgICAgICAgPFJ1bGVQYXJhbWV0ZXIgTmFtZT0iUmVxdWlyZWQiIFZhbHVlPSJGYWxzZSIgLz4NCiAgICAgICAgICAgIDxSdWxlUGFyYW1ldGVyIE5hbWU9IkluZGV4IiBWYWx1ZT0iMCIgLz4NCiAgICAgICAgICA8L1J1bGVQYXJhbWV0ZXJzPg0KICAgICAgICA8L0V4dHJhY3Rpb25SdWxlPg0KICAgICAgICA8RXh0cmFjdGlvblJ1bGUgQ2xhc3NuYW1lPSJNaWNyb3NvZnQuVmlzdWFsU3R1ZGlvLlRlc3RUb29scy5XZWJUZXN0aW5nLlJ1bGVzLkV4dHJhY3RUZXh0LCBNaWNyb3NvZnQuVmlzdWFsU3R1ZGlvLlF1YWxpdHlUb29scy5XZWJUZXN0RnJhbWV3b3JrLCBWZXJzaW9uPTEwLjAuMC4wLCBDdWx0dXJlPW5ldXRyYWwsIFB1YmxpY0tleVRva2VuPWIwM2Y1ZjdmMTFkNTBhM2EiIFZhcmlhYmxlTmFtZT0iRm9ybVBvc3RQYXJhbTExNS5fX0VWRU5UVEFSR0VUIiBEaXNwbGF5TmFtZT0iIiBEZXNjcmlwdGlvbj0iIj4NCiAgICAgICAgICA8UnVsZVBhcmFtZXRlcnM+DQogICAgICAgICAgICA8UnVsZVBhcmFtZXRlciBOYW1lPSJTdGFydHNXaXRoIiBWYWx1ZT0iYW1lPSZxdW90OyIgLz4NCiAgICAgICAgICAgIDxSdWxlUGFyYW1ldGVyIE5hbWU9IkVuZHNXaXRoIiBWYWx1ZT0iJnF1b3Q7IG9uYyIgLz4NCiAgICAgICAgICAgIDxSdWxlUGFyYW1ldGVyIE5hbWU9IkluZGV4IiBWYWx1ZT0iMzEiIC8+DQogICAgICAgICAgICA8UnVsZVBhcmFtZXRlciBOYW1lPSJJZ25vcmVDYXNlIiBWYWx1ZT0iRmFsc2UiIC8+DQogICAgICAgICAgICA8UnVsZVBhcmFtZXRlciBOYW1lPSJVc2VSZWd1bGFyRXhwcmVzc2lvbiIgVmFsdWU9IkZhbHNlIiAvPg0KICAgICAgICAgICAgPFJ1bGVQYXJhbWV0ZXIgTmFtZT0iSHRtbERlY29kZSIgVmFsdWU9IlRydWUiIC8+DQogICAgICAgICAgICA8UnVsZVBhcmFtZXRlciBOYW1lPSJSZXF1aXJlZCIgVmFsdWU9IkZhbHNlIiAvPg0KICAgICAgICAgIDwvUnVsZVBhcmFtZXRlcnM+DQogICAgICAgIDwvRXh0cmFjdGlvblJ1bGU+DQogICAgICAgIDxFeHRyYWN0aW9uUnVsZSBDbGFzc25hbWU9Ik1pY3Jvc29mdC5WaXN1YWxTdHVkaW8uVGVzdFRvb2xzLldlYlRlc3RpbmcuUnVsZXMuRXh0cmFjdFRleHQsIE1pY3Jvc29mdC5WaXN1YWxTdHVkaW8uUXVhbGl0eVRvb2xzLldlYlRlc3RGcmFtZXdvcmssIFZlcnNpb249MTAuMC4wLjAsIEN1bHR1cmU9bmV1dHJhbCwgUHVibGljS2V5VG9rZW49YjAzZjVmN2YxMWQ1MGEzYSIgVmFyaWFibGVOYW1lPSJGb3JtUG9zdFBhcmFtMTE2Lk9UVGltZVN0YXJ0JGRkbEhIIiBEaXNwbGF5TmFtZT0iIiBEZXNjcmlwdGlvbj0iIj4NCiAgICAgICAgICA8UnVsZVBhcmFtZXRlcnM+DQogICAgICAgICAgICA8UnVsZVBhcmFtZXRlciBOYW1lPSJTdGFydHNXaXRoIiBWYWx1ZT0ibHVlPSZxdW90OyIgLz4NCiAgICAgICAgICAgIDxSdWxlUGFyYW1ldGVyIE5hbWU9IkVuZHNXaXRoIiBWYWx1ZT0iJnF1b3Q7Jmd0OzAwJmx0OyIgLz4NCiAgICAgICAgICAgIDxSdWxlUGFyYW1ldGVyIE5hbWU9IkluZGV4IiBWYWx1ZT0iMzAiIC8+DQogICAgICAgICAgICA8UnVsZVBhcmFtZXRlciBOYW1lPSJJZ25vcmVDYXNlIiBWYWx1ZT0iRmFsc2UiIC8+DQogICAgICAgICAgICA8UnVsZVBhcmFtZXRlciBOYW1lPSJVc2VSZWd1bGFyRXhwcmVzc2lvbiIgVmFsdWU9IkZhbHNlIiAvPg0KICAgICAgICAgICAgPFJ1bGVQYXJhbWV0ZXIgTmFtZT0iSHRtbERlY29kZSIgVmFsdWU9IlRydWUiIC8+DQogICAgICAgICAgICA8UnVsZVBhcmFtZXRlciBOYW1lPSJSZXF1aXJlZCIgVmFsdWU9IkZhbHNlIiAvPg0KICAgICAgICAgIDwvUnVsZVBhcmFtZXRlcnM+DQogICAgICAgIDwvRXh0cmFjdGlvblJ1bGU+DQogICAgICAgIDxFeHRyYWN0aW9uUnVsZSBDbGFzc25hbWU9Ik1pY3Jvc29mdC5WaXN1YWxTdHVkaW8uVGVzdFRvb2xzLldlYlRlc3RpbmcuUnVsZXMuRXh0cmFjdFRleHQsIE1pY3Jvc29mdC5WaXN1YWxTdHVkaW8uUXVhbGl0eVRvb2xzLldlYlRlc3RGcmFtZXdvcmssIFZlcnNpb249MTAuMC4wLjAsIEN1bHR1cmU9bmV1dHJhbCwgUHVibGljS2V5VG9rZW49YjAzZjVmN2YxMWQ1MGEzYSIgVmFyaWFibGVOYW1lPSJGb3JtUG9zdFBhcmFtMTE3Lk9UVGltZVN0YXJ0JGRkbE1NIiBEaXNwbGF5TmFtZT0iIiBEZXNjcmlwdGlvbj0iIj4NCiAgICAgICAgICA8UnVsZVBhcmFtZXRlcnM+DQogICAgICAgICAgICA8UnVsZVBhcmFtZXRlciBOYW1lPSJTdGFydHNXaXRoIiBWYWx1ZT0ibHVlPSZxdW90OyIgLz4NCiAgICAgICAgICAgIDxSdWxlUGFyYW1ldGVyIE5hbWU9IkVuZHNXaXRoIiBWYWx1ZT0iJnF1b3Q7Jmd0O+iri+mBuOaThyIgLz4NCiAgICAgICAgICAgIDxSdWxlUGFyYW1ldGVyIE5hbWU9IkluZGV4IiBWYWx1ZT0iMjkiIC8+DQogICAgICAgICAgICA8UnVsZVBhcmFtZXRlciBOYW1lPSJJZ25vcmVDYXNlIiBWYWx1ZT0iRmFsc2UiIC8+DQogICAgICAgICAgICA8UnVsZVBhcmFtZXRlciBOYW1lPSJVc2VSZWd1bGFyRXhwcmVzc2lvbiIgVmFsdWU9IkZhbHNlIiAvPg0KICAgICAgICAgICAgPFJ1bGVQYXJhbWV0ZXIgTmFtZT0iSHRtbERlY29kZSIgVmFsdWU9IlRydWUiIC8+DQogICAgICAgICAgICA8UnVsZVBhcmFtZXRlciBOYW1lPSJSZXF1aXJlZCIgVmFsdWU9IkZhbHNlIiAvPg0KICAgICAgICAgIDwvUnVsZVBhcmFtZXRlcnM+DQogICAgICAgIDwvRXh0cmFjdGlvblJ1bGU+DQogICAgICAgIDxFeHRyYWN0aW9uUnVsZSBDbGFzc25hbWU9Ik1pY3Jvc29mdC5WaXN1YWxTdHVkaW8uVGVzdFRvb2xzLldlYlRlc3RpbmcuUnVsZXMuRXh0cmFjdFRleHQsIE1pY3Jvc29mdC5WaXN1YWxTdHVkaW8uUXVhbGl0eVRvb2xzLldlYlRlc3RGcmFtZXdvcmssIFZlcnNpb249MTAuMC4wLjAsIEN1bHR1cmU9bmV1dHJhbCwgUHVibGljS2V5VG9rZW49YjAzZjVmN2YxMWQ1MGEzYSIgVmFyaWFibGVOYW1lPSJGb3JtUG9zdFBhcmFtMTE4Lk9UVGltZUVuZCRkZGxISCIgRGlzcGxheU5hbWU9IiIgRGVzY3JpcHRpb249IiI+DQogICAgICAgICAgPFJ1bGVQYXJhbWV0ZXJzPg0KICAgICAgICAgICAgPFJ1bGVQYXJhbWV0ZXIgTmFtZT0iU3RhcnRzV2l0aCIgVmFsdWU9Imx1ZT0mcXVvdDsiIC8+DQogICAgICAgICAgICA8UnVsZVBhcmFtZXRlciBOYW1lPSJFbmRzV2l0aCIgVmFsdWU9IiZxdW90OyZndDvoq4vpgbjmk4ciIC8+DQogICAgICAgICAgICA8UnVsZVBhcmFtZXRlciBOYW1lPSJJbmRleCIgVmFsdWU9IjI5IiAvPg0KICAgICAgICAgICAgPFJ1bGVQYXJhbWV0ZXIgTmFtZT0iSWdub3JlQ2FzZSIgVmFsdWU9IkZhbHNlIiAvPg0KICAgICAgICAgICAgPFJ1bGVQYXJhbWV0ZXIgTmFtZT0iVXNlUmVndWxhckV4cHJlc3Npb24iIFZhbHVlPSJGYWxzZSIgLz4NCiAgICAgICAgICAgIDxSdWxlUGFyYW1ldGVyIE5hbWU9Ikh0bWxEZWNvZGUiIFZhbHVlPSJUcnVlIiAvPg0KICAgICAgICAgICAgPFJ1bGVQYXJhbWV0ZXIgTmFtZT0iUmVxdWlyZWQiIFZhbHVlPSJGYWxzZSIgLz4NCiAgICAgICAgICA8L1J1bGVQYXJhbWV0ZXJzPg0KICAgICAgICA8L0V4dHJhY3Rpb25SdWxlPg0KICAgICAgICA8RXh0cmFjdGlvblJ1bGUgQ2xhc3NuYW1lPSJNaWNyb3NvZnQuVmlzdWFsU3R1ZGlvLlRlc3RUb29scy5XZWJUZXN0aW5nLlJ1bGVzLkV4dHJhY3RUZXh0LCBNaWNyb3NvZnQuVmlzdWFsU3R1ZGlvLlF1YWxpdHlUb29scy5XZWJUZXN0RnJhbWV3b3JrLCBWZXJzaW9uPTEwLjAuMC4wLCBDdWx0dXJlPW5ldXRyYWwsIFB1YmxpY0tleVRva2VuPWIwM2Y1ZjdmMTFkNTBhM2EiIFZhcmlhYmxlTmFtZT0iRm9ybVBvc3RQYXJhbTExOS5PVFRpbWVFbmQkZGRsTU0iIERpc3BsYXlOYW1lPSIiIERlc2NyaXB0aW9uPSIiPg0KICAgICAgICAgIDxSdWxlUGFyYW1ldGVycz4NCiAgICAgICAgICAgIDxSdWxlUGFyYW1ldGVyIE5hbWU9IlN0YXJ0c1dpdGgiIFZhbHVlPSJsdWU9JnF1b3Q7IiAvPg0KICAgICAgICAgICAgPFJ1bGVQYXJhbWV0ZXIgTmFtZT0iRW5kc1dpdGgiIFZhbHVlPSImcXVvdDsmZ3Q76KuL6YG45pOHIiAvPg0KICAgICAgICAgICAgPFJ1bGVQYXJhbWV0ZXIgTmFtZT0iSW5kZXgiIFZhbHVlPSIyOSIgLz4NCiAgICAgICAgICAgIDxSdWxlUGFyYW1ldGVyIE5hbWU9Iklnbm9yZUNhc2UiIFZhbHVlPSJGYWxzZSIgLz4NCiAgICAgICAgICAgIDxSdWxlUGFyYW1ldGVyIE5hbWU9IlVzZVJlZ3VsYXJFeHByZXNzaW9uIiBWYWx1ZT0iRmFsc2UiIC8+DQogICAgICAgICAgICA8UnVsZVBhcmFtZXRlciBOYW1lPSJIdG1sRGVjb2RlIiBWYWx1ZT0iVHJ1ZSIgLz4NCiAgICAgICAgICAgIDxSdWxlUGFyYW1ldGVyIE5hbWU9IlJlcXVpcmVkIiBWYWx1ZT0iRmFsc2UiIC8+DQogICAgICAgICAgPC9SdWxlUGFyYW1ldGVycz4NCiAgICAgICAgPC9FeHRyYWN0aW9uUnVsZT4NCiAgICAgICAgPEV4dHJhY3Rpb25SdWxlIENsYXNzbmFtZT0iTWljcm9zb2Z0LlZpc3VhbFN0dWRpby5UZXN0VG9vbHMuV2ViVGVzdGluZy5SdWxlcy5FeHRyYWN0VGV4dCwgTWljcm9zb2Z0LlZpc3VhbFN0dWRpby5RdWFsaXR5VG9vbHMuV2ViVGVzdEZyYW1ld29yaywgVmVyc2lvbj0xMC4wLjAuMCwgQ3VsdHVyZT1uZXV0cmFsLCBQdWJsaWNLZXlUb2tlbj1iMDNmNWY3ZjExZDUwYTNhIiBWYXJpYWJsZU5hbWU9IkZvcm1Qb3N0UGFyYW0xMjAuZGRsT1RUeXBlSUQiIERpc3BsYXlOYW1lPSIiIERlc2NyaXB0aW9uPSIiPg0KICAgICAgICAgIDxSdWxlUGFyYW1ldGVycz4NCiAgICAgICAgICAgIDxSdWxlUGFyYW1ldGVyIE5hbWU9IlN0YXJ0c1dpdGgiIFZhbHVlPSJzJnF1b3Q7OlsmcXVvdDsiIC8+DQogICAgICAgICAgICA8UnVsZVBhcmFtZXRlciBOYW1lPSJFbmRzV2l0aCIgVmFsdWU9IiZxdW90OywmcXVvdDsxJnF1b3Q7IiAvPg0KICAgICAgICAgICAgPFJ1bGVQYXJhbWV0ZXIgTmFtZT0iSW5kZXgiIFZhbHVlPSIwIiAvPg0KICAgICAgICAgICAgPFJ1bGVQYXJhbWV0ZXIgTmFtZT0iSWdub3JlQ2FzZSIgVmFsdWU9IkZhbHNlIiAvPg0KICAgICAgICAgICAgPFJ1bGVQYXJhbWV0ZXIgTmFtZT0iVXNlUmVndWxhckV4cHJlc3Npb24iIFZhbHVlPSJGYWxzZSIgLz4NCiAgICAgICAgICAgIDxSdWxlUGFyYW1ldGVyIE5hbWU9Ikh0bWxEZWNvZGUiIFZhbHVlPSJUcnVlIiAvPg0KICAgICAgICAgICAgPFJ1bGVQYXJhbWV0ZXIgTmFtZT0iUmVxdWlyZWQiIFZhbHVlPSJGYWxzZSIgLz4NCiAgICAgICAgICA8L1J1bGVQYXJhbWV0ZXJzPg0KICAgICAgICA8L0V4dHJhY3Rpb25SdWxlPg0KICAgICAgICA8RXh0cmFjdGlvblJ1bGUgQ2xhc3NuYW1lPSJNaWNyb3NvZnQuVmlzdWFsU3R1ZGlvLlRlc3RUb29scy5XZWJUZXN0aW5nLlJ1bGVzLkV4dHJhY3RUZXh0LCBNaWNyb3NvZnQuVmlzdWFsU3R1ZGlvLlF1YWxpdHlUb29scy5XZWJUZXN0RnJhbWV3b3JrLCBWZXJzaW9uPTEwLjAuMC4wLCBDdWx0dXJlPW5ldXRyYWwsIFB1YmxpY0tleVRva2VuPWIwM2Y1ZjdmMTFkNTBhM2EiIFZhcmlhYmxlTmFtZT0iRm9ybVBvc3RQYXJhbTEyMS5kZGxPcmciIERpc3BsYXlOYW1lPSIiIERlc2NyaXB0aW9uPSIiPg0KICAgICAgICAgIDxSdWxlUGFyYW1ldGVycz4NCiAgICAgICAgICAgIDxSdWxlUGFyYW1ldGVyIE5hbWU9IlN0YXJ0c1dpdGgiIFZhbHVlPSImcXVvdDswJnF1b3Q7LCZxdW90OyIgLz4NCiAgICAgICAgICAgIDxSdWxlUGFyYW1ldGVyIE5hbWU9IkVuZHNXaXRoIiBWYWx1ZT0iJnF1b3Q7LCZxdW90OzImcXVvdDsiIC8+DQogICAgICAgICAgICA8UnVsZVBhcmFtZXRlciBOYW1lPSJJbmRleCIgVmFsdWU9IjAiIC8+DQogICAgICAgICAgICA8UnVsZVBhcmFtZXRlciBOYW1lPSJJZ25vcmVDYXNlIiBWYWx1ZT0iRmFsc2UiIC8+DQogICAgICAgICAgICA8UnVsZVBhcmFtZXRlciBOYW1lPSJVc2VSZWd1bGFyRXhwcmVzc2lvbiIgVmFsdWU9IkZhbHNlIiAvPg0KICAgICAgICAgICAgPFJ1bGVQYXJhbWV0ZXIgTmFtZT0iSHRtbERlY29kZSIgVmFsdWU9IlRydWUiIC8+DQogICAgICAgICAgICA8UnVsZVBhcmFtZXRlciBOYW1lPSJSZXF1aXJlZCIgVmFsdWU9IkZhbHNlIiAvPg0KICAgICAgICAgIDwvUnVsZVBhcmFtZXRlcnM+DQogICAgICAgIDwvRXh0cmFjdGlvblJ1bGU+DQogICAgICAgIDxFeHRyYWN0aW9uUnVsZSBDbGFzc25hbWU9Ik1pY3Jvc29mdC5WaXN1YWxTdHVkaW8uVGVzdFRvb2xzLldlYlRlc3RpbmcuUnVsZXMuRXh0cmFjdFRleHQsIE1pY3Jvc29mdC5WaXN1YWxTdHVkaW8uUXVhbGl0eVRvb2xzLldlYlRlc3RGcmFtZXdvcmssIFZlcnNpb249MTAuMC4wLjAsIEN1bHR1cmU9bmV1dHJhbCwgUHVibGljS2V5VG9rZW49YjAzZjVmN2YxMWQ1MGEzYSIgVmFyaWFibGVOYW1lPSJGb3JtUG9zdFBhcmFtMTIyLnVjQ2FzY2FkaW5nRHJvcERvd24xJGRkbDAyIiBEaXNwbGF5TmFtZT0iIiBEZXNjcmlwdGlvbj0iIj4NCiAgICAgICAgICA8UnVsZVBhcmFtZXRlcnM+DQogICAgICAgICAgICA8UnVsZVBhcmFtZXRlciBOYW1lPSJTdGFydHNXaXRoIiBWYWx1ZT0ibHVlPSZxdW90OyIgLz4NCiAgICAgICAgICAgIDxSdWxlUGFyYW1ldGVyIE5hbWU9IkVuZHNXaXRoIiBWYWx1ZT0iJnF1b3Q7IC8mZ3Q7JiN4RDsiIC8+DQogICAgICAgICAgICA8UnVsZVBhcmFtZXRlciBOYW1lPSJJbmRleCIgVmFsdWU9IjIyNCIgLz4NCiAgICAgICAgICAgIDxSdWxlUGFyYW1ldGVyIE5hbWU9Iklnbm9yZUNhc2UiIFZhbHVlPSJGYWxzZSIgLz4NCiAgICAgICAgICAgIDxSdWxlUGFyYW1ldGVyIE5hbWU9IlVzZVJlZ3VsYXJFeHByZXNzaW9uIiBWYWx1ZT0iRmFsc2UiIC8+DQogICAgICAgICAgICA8UnVsZVBhcmFtZXRlciBOYW1lPSJIdG1sRGVjb2RlIiBWYWx1ZT0iVHJ1ZSIgLz4NCiAgICAgICAgICAgIDxSdWxlUGFyYW1ldGVyIE5hbWU9IlJlcXVpcmVkIiBWYWx1ZT0iRmFsc2UiIC8+DQogICAgICAgICAgPC9SdWxlUGFyYW1ldGVycz4NCiAgICAgICAgPC9FeHRyYWN0aW9uUnVsZT4NCiAgICAgICAgPEV4dHJhY3Rpb25SdWxlIENsYXNzbmFtZT0iTWljcm9zb2Z0LlZpc3VhbFN0dWRpby5UZXN0VG9vbHMuV2ViVGVzdGluZy5SdWxlcy5FeHRyYWN0VGV4dCwgTWljcm9zb2Z0LlZpc3VhbFN0dWRpby5RdWFsaXR5VG9vbHMuV2ViVGVzdEZyYW1ld29yaywgVmVyc2lvbj0xMC4wLjAuMCwgQ3VsdHVyZT1uZXV0cmFsLCBQdWJsaWNLZXlUb2tlbj1iMDNmNWY3ZjExZDUwYTNhIiBWYXJpYWJsZU5hbWU9IkZvcm1Qb3N0UGFyYW0xMjMudWNDYXNjYWRpbmdEcm9wRG93bjEkZGRsMDMiIERpc3BsYXlOYW1lPSIiIERlc2NyaXB0aW9uPSIiPg0KICAgICAgICAgIDxSdWxlUGFyYW1ldGVycz4NCiAgICAgICAgICAgIDxSdWxlUGFyYW1ldGVyIE5hbWU9IlN0YXJ0c1dpdGgiIFZhbHVlPSJsdWU9JnF1b3Q7IiAvPg0KICAgICAgICAgICAgPFJ1bGVQYXJhbWV0ZXIgTmFtZT0iRW5kc1dpdGgiIFZhbHVlPSImcXVvdDsgLyZndDsmI3hEOyIgLz4NCiAgICAgICAgICAgIDxSdWxlUGFyYW1ldGVyIE5hbWU9IkluZGV4IiBWYWx1ZT0iMjI1IiAvPg0KICAgICAgICAgICAgPFJ1bGVQYXJhbWV0ZXIgTmFtZT0iSWdub3JlQ2FzZSIgVmFsdWU9IkZhbHNlIiAvPg0KICAgICAgICAgICAgPFJ1bGVQYXJhbWV0ZXIgTmFtZT0iVXNlUmVndWxhckV4cHJlc3Npb24iIFZhbHVlPSJGYWxzZSIgLz4NCiAgICAgICAgICAgIDxSdWxlUGFyYW1ldGVyIE5hbWU9Ikh0bWxEZWNvZGUiIFZhbHVlPSJUcnVlIiAvPg0KICAgICAgICAgICAgPFJ1bGVQYXJhbWV0ZXIgTmFtZT0iUmVxdWlyZWQiIFZhbHVlPSJGYWxzZSIgLz4NCiAgICAgICAgICA8L1J1bGVQYXJhbWV0ZXJzPg0KICAgICAgICA8L0V4dHJhY3Rpb25SdWxlPg0KICAgICAgICA8RXh0cmFjdGlvblJ1bGUgQ2xhc3NuYW1lPSJNaWNyb3NvZnQuVmlzdWFsU3R1ZGlvLlRlc3RUb29scy5XZWJUZXN0aW5nLlJ1bGVzLkV4dHJhY3RUZXh0LCBNaWNyb3NvZnQuVmlzdWFsU3R1ZGlvLlF1YWxpdHlUb29scy5XZWJUZXN0RnJhbWV3b3JrLCBWZXJzaW9uPTEwLjAuMC4wLCBDdWx0dXJlPW5ldXRyYWwsIFB1YmxpY0tleVRva2VuPWIwM2Y1ZjdmMTFkNTBhM2EiIFZhcmlhYmxlTmFtZT0iRm9ybVBvc3RQYXJhbTEyNC5oaWRkZW5JbnB1dFRvVXBkYXRlQVRCdWZmZXJfQ29tbW9uVG9vbGtpdFNjcmlwdHMiIERpc3BsYXlOYW1lPSIiIERlc2NyaXB0aW9uPSIiPg0KICAgICAgICAgIDxSdWxlUGFyYW1ldGVycz4NCiAgICAgICAgICAgIDxSdWxlUGFyYW1ldGVyIE5hbWU9IlN0YXJ0c1dpdGgiIFZhbHVlPSJzJnF1b3Q7OlsmcXVvdDsiIC8+DQogICAgICAgICAgICA8UnVsZVBhcmFtZXRlciBOYW1lPSJFbmRzV2l0aCIgVmFsdWU9IiZxdW90OywmcXVvdDsxJnF1b3Q7IiAvPg0KICAgICAgICAgICAgPFJ1bGVQYXJhbWV0ZXIgTmFtZT0iSW5kZXgiIFZhbHVlPSIwIiAvPg0KICAgICAgICAgICAgPFJ1bGVQYXJhbWV0ZXIgTmFtZT0iSWdub3JlQ2FzZSIgVmFsdWU9IkZhbHNlIiAvPg0KICAgICAgICAgICAgPFJ1bGVQYXJhbWV0ZXIgTmFtZT0iVXNlUmVndWxhckV4cHJlc3Npb24iIFZhbHVlPSJGYWxzZSIgLz4NCiAgICAgICAgICAgIDxSdWxlUGFyYW1ldGVyIE5hbWU9Ikh0bWxEZWNvZGUiIFZhbHVlPSJUcnVlIiAvPg0KICAgICAgICAgICAgPFJ1bGVQYXJhbWV0ZXIgTmFtZT0iUmVxdWlyZWQiIFZhbHVlPSJGYWxzZSIgLz4NCiAgICAgICAgICA8L1J1bGVQYXJhbWV0ZXJzPg0KICAgICAgICA8L0V4dHJhY3Rpb25SdWxlPg0KICAgICAgPC9Db3JyZWxhdGlvbkV4dHJhY3Rpb25SdWxlcz4NCiAgICA8L1JlcXVlc3Q+DQogICAgPFJlcXVlc3QgTWV0aG9kPSJQT1NUIiBHdWlkPSIzYzZjZTQ2MC0xZWFlLTQ2ZTItOTEzNi0wNjUzNWY4OGI1OWMiIFZlcnNpb249IjEuMSIgVXJsPSJodHRwOi8vMTAuMTEuMzYuMTE0OjgwMDcvT3ZlclRpbWUvT3ZlcnRpbWVQcmVPcmRlcl9BZGQuYXNweCIgVGhpbmtUaW1lPSIwIiBUaW1lb3V0PSIzMDAiIFBhcnNlRGVwZW5kZW50UmVxdWVzdHM9IlRydWUiIEZvbGxvd1JlZGlyZWN0cz0iVHJ1ZSIgUmVjb3JkUmVzdWx0PSJUcnVlIiBDYWNoZT0iRmFsc2UiIFJlc3BvbnNlVGltZUdvYWw9IjAiIEVuY29kaW5nPSJ1dGYtOCIgRXhwZWN0ZWRIdHRwU3RhdHVzQ29kZT0iMCIgRXhwZWN0ZWRSZXNwb25zZVVybD0iIiBSZXBvcnRpbmdOYW1lPSIiIElnbm9yZUh0dHBTdGF0dXNDb2RlPSJGYWxzZSI+DQogICAgICA8RXh0cmFjdGlvblJ1bGVzPg0KICAgICAgICA8RXh0cmFjdGlvblJ1bGUgQ2xhc3NuYW1lPSJNaWNyb3NvZnQuVmlzdWFsU3R1ZGlvLlRlc3RUb29scy5XZWJUZXN0aW5nLlJ1bGVzLkV4dHJhY3RIaWRkZW5GaWVsZHMsIE1pY3Jvc29mdC5WaXN1YWxTdHVkaW8uUXVhbGl0eVRvb2xzLldlYlRlc3RGcmFtZXdvcmssIFZlcnNpb249MTAuMC4wLjAsIEN1bHR1cmU9bmV1dHJhbCwgUHVibGljS2V5VG9rZW49YjAzZjVmN2YxMWQ1MGEzYSIgVmFyaWFibGVOYW1lPSIxIiBEaXNwbGF5TmFtZT0i5pO35Y+W6Zqx6JeP5qyE5L2NIiBEZXNjcmlwdGlvbj0i5pO35Y+W5Zue5oeJ5Lit55qE5omA5pyJ6Zqx6JeP5qyE5L2N77yM5Lim5bCH5a6D5YCR5pS+5Zyo5ris6Kmm5YWn5a655Lit44CCIj4NCiAgICAgICAgICA8UnVsZVBhcmFtZXRlcnM+DQogICAgICAgICAgICA8UnVsZVBhcmFtZXRlciBOYW1lPSJSZXF1aXJlZCIgVmFsdWU9IlRydWUiIC8+DQogICAgICAgICAgICA8UnVsZVBhcmFtZXRlciBOYW1lPSJIdG1sRGVjb2RlIiBWYWx1ZT0iVHJ1ZSIgLz4NCiAgICAgICAgICA8L1J1bGVQYXJhbWV0ZXJzPg0KICAgICAgICA8L0V4dHJhY3Rpb25SdWxlPg0KICAgICAgPC9FeHRyYWN0aW9uUnVsZXM+DQogICAgICA8Q29ycmVsYXRpb25FeHRyYWN0aW9uUnVsZXM+DQogICAgICAgIDxFeHRyYWN0aW9uUnVsZSBDbGFzc25hbWU9Ik1pY3Jvc29mdC5WaXN1YWxTdHVkaW8uVGVzdFRvb2xzLldlYlRlc3RpbmcuUnVsZXMuRXh0cmFjdEZvcm1GaWVsZCwgTWljcm9zb2Z0LlZpc3VhbFN0dWRpby5RdWFsaXR5VG9vbHMuV2ViVGVzdEZyYW1ld29yaywgVmVyc2lvbj0xMC4wLjAuMCwgQ3VsdHVyZT1uZXV0cmFsLCBQdWJsaWNLZXlUb2tlbj1iMDNmNWY3ZjExZDUwYTNhIiBWYXJpYWJsZU5hbWU9IkZvcm1Qb3N0UGFyYW05NC5PVEVtcElEIiBEaXNwbGF5TmFtZT0iIiBEZXNjcmlwdGlvbj0iIj4NCiAgICAgICAgICA8UnVsZVBhcmFtZXRlcnM+DQogICAgICAgICAgICA8UnVsZVBhcmFtZXRlciBOYW1lPSJOYW1lIiBWYWx1ZT0icmJ0U2luZ2xlRW1wSUQiIC8+DQogICAgICAgICAgICA8UnVsZVBhcmFtZXRlciBOYW1lPSJIdG1sRGVjb2RlIiBWYWx1ZT0iVHJ1ZSIgLz4NCiAgICAgICAgICAgIDxSdWxlUGFyYW1ldGVyIE5hbWU9IlJlcXVpcmVkIiBWYWx1ZT0iRmFsc2UiIC8+DQogICAgICAgICAgICA8UnVsZVBhcmFtZXRlciBOYW1lPSJJbmRleCIgVmFsdWU9IjAiIC8+DQogICAgICAgICAgPC9SdWxlUGFyYW1ldGVycz4NCiAgICAgICAgPC9FeHRyYWN0aW9uUnVsZT4NCiAgICAgICAgPEV4dHJhY3Rpb25SdWxlIENsYXNzbmFtZT0iTWljcm9zb2Z0LlZpc3VhbFN0dWRpby5UZXN0VG9vbHMuV2ViVGVzdGluZy5SdWxlcy5FeHRyYWN0Rm9ybUZpZWxkLCBNaWNyb3NvZnQuVmlzdWFsU3R1ZGlvLlF1YWxpdHlUb29scy5XZWJUZXN0RnJhbWV3b3JrLCBWZXJzaW9uPTEwLjAuMC4wLCBDdWx0dXJlPW5ldXRyYWwsIFB1YmxpY0tleVRva2VuPWIwM2Y1ZjdmMTFkNTBhM2EiIFZhcmlhYmxlTmFtZT0iRm9ybVBvc3RQYXJhbTk1LnR4dE9URW1wSUQiIERpc3BsYXlOYW1lPSIiIERlc2NyaXB0aW9uPSIiPg0KICAgICAgICAgIDxSdWxlUGFyYW1ldGVycz4NCiAgICAgICAgICAgIDxSdWxlUGFyYW1ldGVyIE5hbWU9Ik5hbWUiIFZhbHVlPSJ0eHRPVEVtcElEIiAvPg0KICAgICAgICAgICAgPFJ1bGVQYXJhbWV0ZXIgTmFtZT0iSHRtbERlY29kZSIgVmFsdWU9IlRydWUiIC8+DQogICAgICAgICAgICA8UnVsZVBhcmFtZXRlciBOYW1lPSJSZXF1aXJlZCIgVmFsdWU9IkZhbHNlIiAvPg0KICAgICAgICAgICAgPFJ1bGVQYXJhbWV0ZXIgTmFtZT0iSW5kZXgiIFZhbHVlPSIwIiAvPg0KICAgICAgICAgIDwvUnVsZVBhcmFtZXRlcnM+DQogICAgICAgIDwvRXh0cmFjdGlvblJ1bGU+DQogICAgICAgIDxFeHRyYWN0aW9uUnVsZSBDbGFzc25hbWU9Ik1pY3Jvc29mdC5WaXN1YWxTdHVkaW8uVGVzdFRvb2xzLldlYlRlc3RpbmcuUnVsZXMuRXh0cmFjdEZvcm1GaWVsZCwgTWljcm9zb2Z0LlZpc3VhbFN0dWRpby5RdWFsaXR5VG9vbHMuV2ViVGVzdEZyYW1ld29yaywgVmVyc2lvbj0xMC4wLjAuMCwgQ3VsdHVyZT1uZXV0cmFsLCBQdWJsaWNLZXlUb2tlbj1iMDNmNWY3ZjExZDUwYTNhIiBWYXJpYWJsZU5hbWU9IkZvcm1Qb3N0UGFyYW05Ni50eHRPVEVtcE5hbWUiIERpc3BsYXlOYW1lPSIiIERlc2NyaXB0aW9uPSIiPg0KICAgICAgICAgIDxSdWxlUGFyYW1ldGVycz4NCiAgICAgICAgICAgIDxSdWxlUGFyYW1ldGVyIE5hbWU9Ik5hbWUiIFZhbHVlPSJ0eHRPVEVtcE5hbWUiIC8+DQogICAgICAgICAgICA8UnVsZVBhcmFtZXRlciBOYW1lPSJIdG1sRGVjb2RlIiBWYWx1ZT0iVHJ1ZSIgLz4NCiAgICAgICAgICAgIDxSdWxlUGFyYW1ldGVyIE5hbWU9IlJlcXVpcmVkIiBWYWx1ZT0iRmFsc2UiIC8+DQogICAgICAgICAgICA8UnVsZVBhcmFtZXRlciBOYW1lPSJJbmRleCIgVmFsdWU9IjAiIC8+DQogICAgICAgICAgPC9SdWxlUGFyYW1ldGVycz4NCiAgICAgICAgPC9FeHRyYWN0aW9uUnVsZT4NCiAgICAgICAgPEV4dHJhY3Rpb25SdWxlIENsYXNzbmFtZT0iTWljcm9zb2Z0LlZpc3VhbFN0dWRpby5UZXN0VG9vbHMuV2ViVGVzdGluZy5SdWxlcy5FeHRyYWN0Rm9ybUZpZWxkLCBNaWNyb3NvZnQuVmlzdWFsU3R1ZGlvLlF1YWxpdHlUb29scy5XZWJUZXN0RnJhbWV3b3JrLCBWZXJzaW9uPTEwLjAuMC4wLCBDdWx0dXJlPW5ldXRyYWwsIFB1YmxpY0tleVRva2VuPWIwM2Y1ZjdmMTFkNTBhM2EiIFZhcmlhYmxlTmFtZT0iRm9ybVBvc3RQYXJhbTk3LnVjRGF0ZVN0YXJ0JHR4dERhdGUiIERpc3BsYXlOYW1lPSIiIERlc2NyaXB0aW9uPSIiPg0KICAgICAgICAgIDxSdWxlUGFyYW1ldGVycz4NCiAgICAgICAgICAgIDxSdWxlUGFyYW1ldGVyIE5hbWU9Ik5hbWUiIFZhbHVlPSJ1Y0RhdGVTdGFydF90eHREYXRlIiAvPg0KICAgICAgICAgICAgPFJ1bGVQYXJhbWV0ZXIgTmFtZT0iSHRtbERlY29kZSIgVmFsdWU9IlRydWUiIC8+DQogICAgICAgICAgICA8UnVsZVBhcmFtZXRlciBOYW1lPSJSZXF1aXJlZCIgVmFsdWU9IkZhbHNlIiAvPg0KICAgICAgICAgICAgPFJ1bGVQYXJhbWV0ZXIgTmFtZT0iSW5kZXgiIFZhbHVlPSIwIiAvPg0KICAgICAgICAgIDwvUnVsZVBhcmFtZXRlcnM+DQogICAgICAgIDwvRXh0cmFjdGlvblJ1bGU+DQogICAgICAgIDxFeHRyYWN0aW9uUnVsZSBDbGFzc25hbWU9Ik1pY3Jvc29mdC5WaXN1YWxTdHVkaW8uVGVzdFRvb2xzLldlYlRlc3RpbmcuUnVsZXMuRXh0cmFjdEZvcm1GaWVsZCwgTWljcm9zb2Z0LlZpc3VhbFN0dWRpby5RdWFsaXR5VG9vbHMuV2ViVGVzdEZyYW1ld29yaywgVmVyc2lvbj0xMC4wLjAuMCwgQ3VsdHVyZT1uZXV0cmFsLCBQdWJsaWNLZXlUb2tlbj1iMDNmNWY3ZjExZDUwYTNhIiBWYXJpYWJsZU5hbWU9IkZvcm1Qb3N0UGFyYW05OC51Y0RhdGVFbmQkdHh0RGF0ZSIgRGlzcGxheU5hbWU9IiIgRGVzY3JpcHRpb249IiI+DQogICAgICAgICAgPFJ1bGVQYXJhbWV0ZXJzPg0KICAgICAgICAgICAgPFJ1bGVQYXJhbWV0ZXIgTmFtZT0iTmFtZSIgVmFsdWU9InVjRGF0ZUVuZF90eHREYXRlIiAvPg0KICAgICAgICAgICAgPFJ1bGVQYXJhbWV0ZXIgTmFtZT0iSHRtbERlY29kZSIgVmFsdWU9IlRydWUiIC8+DQogICAgICAgICAgICA8UnVsZVBhcmFtZXRlciBOYW1lPSJSZXF1aXJlZCIgVmFsdWU9IkZhbHNlIiAvPg0KICAgICAgICAgICAgPFJ1bGVQYXJhbWV0ZXIgTmFtZT0iSW5kZXgiIFZhbHVlPSIwIiAvPg0KICAgICAgICAgIDwvUnVsZVBhcmFtZXRlcnM+DQogICAgICAgIDwvRXh0cmFjdGlvblJ1bGU+DQogICAgICAgIDxFeHRyYWN0aW9uUnVsZSBDbGFzc25hbWU9Ik1pY3Jvc29mdC5WaXN1YWxTdHVkaW8uVGVzdFRvb2xzLldlYlRlc3RpbmcuUnVsZXMuRXh0cmFjdEZvcm1GaWVsZCwgTWljcm9zb2Z0LlZpc3VhbFN0dWRpby5RdWFsaXR5VG9vbHMuV2ViVGVzdEZyYW1ld29yaywgVmVyc2lvbj0xMC4wLjAuMCwgQ3VsdHVyZT1uZXV0cmFsLCBQdWJsaWNLZXlUb2tlbj1iMDNmNWY3ZjExZDUwYTNhIiBWYXJpYWJsZU5hbWU9IkZvcm1Qb3N0UGFyYW05OS50eHRNZWFsVGltZSIgRGlzcGxheU5hbWU9IiIgRGVzY3JpcHRpb249IiI+DQogICAgICAgICAgPFJ1bGVQYXJhbWV0ZXJzPg0KICAgICAgICAgICAgPFJ1bGVQYXJhbWV0ZXIgTmFtZT0iTmFtZSIgVmFsdWU9InR4dE1lYWxUaW1lIiAvPg0KICAgICAgICAgICAgPFJ1bGVQYXJhbWV0ZXIgTmFtZT0iSHRtbERlY29kZSIgVmFsdWU9IlRydWUiIC8+DQogICAgICAgICAgICA8UnVsZVBhcmFtZXRlciBOYW1lPSJSZXF1aXJlZCIgVmFsdWU9IkZhbHNlIiAvPg0KICAgICAgICAgICAgPFJ1bGVQYXJhbWV0ZXIgTmFtZT0iSW5kZXgiIFZhbHVlPSIwIiAvPg0KICAgICAgICAgIDwvUnVsZVBhcmFtZXRlcnM+DQogICAgICAgIDwvRXh0cmFjdGlvblJ1bGU+DQogICAgICAgIDxFeHRyYWN0aW9uUnVsZSBDbGFzc25hbWU9Ik1pY3Jvc29mdC5WaXN1YWxTdHVkaW8uVGVzdFRvb2xzLldlYlRlc3RpbmcuUnVsZXMuRXh0cmFjdFRleHQsIE1pY3Jvc29mdC5WaXN1YWxTdHVkaW8uUXVhbGl0eVRvb2xzLldlYlRlc3RGcmFtZXdvcmssIFZlcnNpb249MTAuMC4wLjAsIEN1bHR1cmU9bmV1dHJhbCwgUHVibGljS2V5VG9rZW49YjAzZjVmN2YxMWQ1MGEzYSIgVmFyaWFibGVOYW1lPSJGb3JtUG9zdFBhcmFtMTAwLl9fRVZFTlRUQVJHRVQiIERpc3BsYXlOYW1lPSIiIERlc2NyaXB0aW9uPSIiPg0KICAgICAgICAgIDxSdWxlUGFyYW1ldGVycz4NCiAgICAgICAgICAgIDxSdWxlUGFyYW1ldGVyIE5hbWU9IlN0YXJ0c1dpdGgiIFZhbHVlPSJhbWU9JnF1b3Q7IiAvPg0KICAgICAgICAgICAgPFJ1bGVQYXJhbWV0ZXIgTmFtZT0iRW5kc1dpdGgiIFZhbHVlPSImcXVvdDsgb25jIiAvPg0KICAgICAgICAgICAgPFJ1bGVQYXJhbWV0ZXIgTmFtZT0iSW5kZXgiIFZhbHVlPSIzMiIgLz4NCiAgICAgICAgICAgIDxSdWxlUGFyYW1ldGVyIE5hbWU9Iklnbm9yZUNhc2UiIFZhbHVlPSJGYWxzZSIgLz4NCiAgICAgICAgICAgIDxSdWxlUGFyYW1ldGVyIE5hbWU9IlVzZVJlZ3VsYXJFeHByZXNzaW9uIiBWYWx1ZT0iRmFsc2UiIC8+DQogICAgICAgICAgICA8UnVsZVBhcmFtZXRlciBOYW1lPSJIdG1sRGVjb2RlIiBWYWx1ZT0iVHJ1ZSIgLz4NCiAgICAgICAgICAgIDxSdWxlUGFyYW1ldGVyIE5hbWU9IlJlcXVpcmVkIiBWYWx1ZT0iRmFsc2UiIC8+DQogICAgICAgICAgPC9SdWxlUGFyYW1ldGVycz4NCiAgICAgICAgPC9FeHRyYWN0aW9uUnVsZT4NCiAgICAgICAgPEV4dHJhY3Rpb25SdWxlIENsYXNzbmFtZT0iTWljcm9zb2Z0LlZpc3VhbFN0dWRpby5UZXN0VG9vbHMuV2ViVGVzdGluZy5SdWxlcy5FeHRyYWN0VGV4dCwgTWljcm9zb2Z0LlZpc3VhbFN0dWRpby5RdWFsaXR5VG9vbHMuV2ViVGVzdEZyYW1ld29yaywgVmVyc2lvbj0xMC4wLjAuMCwgQ3VsdHVyZT1uZXV0cmFsLCBQdWJsaWNLZXlUb2tlbj1iMDNmNWY3ZjExZDUwYTNhIiBWYXJpYWJsZU5hbWU9IkZvcm1Qb3N0UGFyYW0xMDEuT1RUaW1lU3RhcnQkZGRsSEgiIERpc3BsYXlOYW1lPSIiIERlc2NyaXB0aW9uPSIiPg0KICAgICAgICAgIDxSdWxlUGFyYW1ldGVycz4NCiAgICAgICAgICAgIDxSdWxlUGFyYW1ldGVyIE5hbWU9IlN0YXJ0c1dpdGgiIFZhbHVlPSJsdWU9JnF1b3Q7IiAvPg0KICAgICAgICAgICAgPFJ1bGVQYXJhbWV0ZXIgTmFtZT0iRW5kc1dpdGgiIFZhbHVlPSImcXVvdDsmZ3Q7MDAmbHQ7IiAvPg0KICAgICAgICAgICAgPFJ1bGVQYXJhbWV0ZXIgTmFtZT0iSW5kZXgiIFZhbHVlPSIzMCIgLz4NCiAgICAgICAgICAgIDxSdWxlUGFyYW1ldGVyIE5hbWU9Iklnbm9yZUNhc2UiIFZhbHVlPSJGYWxzZSIgLz4NCiAgICAgICAgICAgIDxSdWxlUGFyYW1ldGVyIE5hbWU9IlVzZVJlZ3VsYXJFeHByZXNzaW9uIiBWYWx1ZT0iRmFsc2UiIC8+DQogICAgICAgICAgICA8UnVsZVBhcmFtZXRlciBOYW1lPSJIdG1sRGVjb2RlIiBWYWx1ZT0iVHJ1ZSIgLz4NCiAgICAgICAgICAgIDxSdWxlUGFyYW1ldGVyIE5hbWU9IlJlcXVpcmVkIiBWYWx1ZT0iRmFsc2UiIC8+DQogICAgICAgICAgPC9SdWxlUGFyYW1ldGVycz4NCiAgICAgICAgPC9FeHRyYWN0aW9uUnVsZT4NCiAgICAgICAgPEV4dHJhY3Rpb25SdWxlIENsYXNzbmFtZT0iTWljcm9zb2Z0LlZpc3VhbFN0dWRpby5UZXN0VG9vbHMuV2ViVGVzdGluZy5SdWxlcy5FeHRyYWN0VGV4dCwgTWljcm9zb2Z0LlZpc3VhbFN0dWRpby5RdWFsaXR5VG9vbHMuV2ViVGVzdEZyYW1ld29yaywgVmVyc2lvbj0xMC4wLjAuMCwgQ3VsdHVyZT1uZXV0cmFsLCBQdWJsaWNLZXlUb2tlbj1iMDNmNWY3ZjExZDUwYTNhIiBWYXJpYWJsZU5hbWU9IkZvcm1Qb3N0UGFyYW0xMDIuT1RUaW1lU3RhcnQkZGRsTU0iIERpc3BsYXlOYW1lPSIiIERlc2NyaXB0aW9uPSIiPg0KICAgICAgICAgIDxSdWxlUGFyYW1ldGVycz4NCiAgICAgICAgICAgIDxSdWxlUGFyYW1ldGVyIE5hbWU9IlN0YXJ0c1dpdGgiIFZhbHVlPSJsdWU9JnF1b3Q7IiAvPg0KICAgICAgICAgICAgPFJ1bGVQYXJhbWV0ZXIgTmFtZT0iRW5kc1dpdGgiIFZhbHVlPSImcXVvdDsmZ3Q7MDAmbHQ7IiAvPg0KICAgICAgICAgICAgPFJ1bGVQYXJhbWV0ZXIgTmFtZT0iSW5kZXgiIFZhbHVlPSIzMCIgLz4NCiAgICAgICAgICAgIDxSdWxlUGFyYW1ldGVyIE5hbWU9Iklnbm9yZUNhc2UiIFZhbHVlPSJGYWxzZSIgLz4NCiAgICAgICAgICAgIDxSdWxlUGFyYW1ldGVyIE5hbWU9IlVzZVJlZ3VsYXJFeHByZXNzaW9uIiBWYWx1ZT0iRmFsc2UiIC8+DQogICAgICAgICAgICA8UnVsZVBhcmFtZXRlciBOYW1lPSJIdG1sRGVjb2RlIiBWYWx1ZT0iVHJ1ZSIgLz4NCiAgICAgICAgICAgIDxSdWxlUGFyYW1ldGVyIE5hbWU9IlJlcXVpcmVkIiBWYWx1ZT0iRmFsc2UiIC8+DQogICAgICAgICAgPC9SdWxlUGFyYW1ldGVycz4NCiAgICAgICAgPC9FeHRyYWN0aW9uUnVsZT4NCiAgICAgICAgPEV4dHJhY3Rpb25SdWxlIENsYXNzbmFtZT0iTWljcm9zb2Z0LlZpc3VhbFN0dWRpby5UZXN0VG9vbHMuV2ViVGVzdGluZy5SdWxlcy5FeHRyYWN0VGV4dCwgTWljcm9zb2Z0LlZpc3VhbFN0dWRpby5RdWFsaXR5VG9vbHMuV2ViVGVzdEZyYW1ld29yaywgVmVyc2lvbj0xMC4wLjAuMCwgQ3VsdHVyZT1uZXV0cmFsLCBQdWJsaWNLZXlUb2tlbj1iMDNmNWY3ZjExZDUwYTNhIiBWYXJpYWJsZU5hbWU9IkZvcm1Qb3N0UGFyYW0xMDMuT1RUaW1lRW5kJGRkbEhIIiBEaXNwbGF5TmFtZT0iIiBEZXNjcmlwdGlvbj0iIj4NCiAgICAgICAgICA8UnVsZVBhcmFtZXRlcnM+DQogICAgICAgICAgICA8UnVsZVBhcmFtZXRlciBOYW1lPSJTdGFydHNXaXRoIiBWYWx1ZT0ibHVlPSZxdW90OyIgLz4NCiAgICAgICAgICAgIDxSdWxlUGFyYW1ldGVyIE5hbWU9IkVuZHNXaXRoIiBWYWx1ZT0iJnF1b3Q7Jmd0O+iri+mBuOaThyIgLz4NCiAgICAgICAgICAgIDxSdWxlUGFyYW1ldGVyIE5hbWU9IkluZGV4IiBWYWx1ZT0iMjkiIC8+DQogICAgICAgICAgICA8UnVsZVBhcmFtZXRlciBOYW1lPSJJZ25vcmVDYXNlIiBWYWx1ZT0iRmFsc2UiIC8+DQogICAgICAgICAgICA8UnVsZVBhcmFtZXRlciBOYW1lPSJVc2VSZWd1bGFyRXhwcmVzc2lvbiIgVmFsdWU9IkZhbHNlIiAvPg0KICAgICAgICAgICAgPFJ1bGVQYXJhbWV0ZXIgTmFtZT0iSHRtbERlY29kZSIgVmFsdWU9IlRydWUiIC8+DQogICAgICAgICAgICA8UnVsZVBhcmFtZXRlciBOYW1lPSJSZXF1aXJlZCIgVmFsdWU9IkZhbHNlIiAvPg0KICAgICAgICAgIDwvUnVsZVBhcmFtZXRlcnM+DQogICAgICAgIDwvRXh0cmFjdGlvblJ1bGU+DQogICAgICAgIDxFeHRyYWN0aW9uUnVsZSBDbGFzc25hbWU9Ik1pY3Jvc29mdC5WaXN1YWxTdHVkaW8uVGVzdFRvb2xzLldlYlRlc3RpbmcuUnVsZXMuRXh0cmFjdFRleHQsIE1pY3Jvc29mdC5WaXN1YWxTdHVkaW8uUXVhbGl0eVRvb2xzLldlYlRlc3RGcmFtZXdvcmssIFZlcnNpb249MTAuMC4wLjAsIEN1bHR1cmU9bmV1dHJhbCwgUHVibGljS2V5VG9rZW49YjAzZjVmN2YxMWQ1MGEzYSIgVmFyaWFibGVOYW1lPSJGb3JtUG9zdFBhcmFtMTA0Lk9UVGltZUVuZCRkZGxNTSIgRGlzcGxheU5hbWU9IiIgRGVzY3JpcHRpb249IiI+DQogICAgICAgICAgPFJ1bGVQYXJhbWV0ZXJzPg0KICAgICAgICAgICAgPFJ1bGVQYXJhbWV0ZXIgTmFtZT0iU3RhcnRzV2l0aCIgVmFsdWU9Imx1ZT0mcXVvdDsiIC8+DQogICAgICAgICAgICA8UnVsZVBhcmFtZXRlciBOYW1lPSJFbmRzV2l0aCIgVmFsdWU9IiZxdW90OyZndDvoq4vpgbjmk4ciIC8+DQogICAgICAgICAgICA8UnVsZVBhcmFtZXRlciBOYW1lPSJJbmRleCIgVmFsdWU9IjI5IiAvPg0KICAgICAgICAgICAgPFJ1bGVQYXJhbWV0ZXIgTmFtZT0iSWdub3JlQ2FzZSIgVmFsdWU9IkZhbHNlIiAvPg0KICAgICAgICAgICAgPFJ1bGVQYXJhbWV0ZXIgTmFtZT0iVXNlUmVndWxhckV4cHJlc3Npb24iIFZhbHVlPSJGYWxzZSIgLz4NCiAgICAgICAgICAgIDxSdWxlUGFyYW1ldGVyIE5hbWU9Ikh0bWxEZWNvZGUiIFZhbHVlPSJUcnVlIiAvPg0KICAgICAgICAgICAgPFJ1bGVQYXJhbWV0ZXIgTmFtZT0iUmVxdWlyZWQiIFZhbHVlPSJGYWxzZSIgLz4NCiAgICAgICAgICA8L1J1bGVQYXJhbWV0ZXJzPg0KICAgICAgICA8L0V4dHJhY3Rpb25SdWxlPg0KICAgICAgICA8RXh0cmFjdGlvblJ1bGUgQ2xhc3NuYW1lPSJNaWNyb3NvZnQuVmlzdWFsU3R1ZGlvLlRlc3RUb29scy5XZWJUZXN0aW5nLlJ1bGVzLkV4dHJhY3RUZXh0LCBNaWNyb3NvZnQuVmlzdWFsU3R1ZGlvLlF1YWxpdHlUb29scy5XZWJUZXN0RnJhbWV3b3JrLCBWZXJzaW9uPTEwLjAuMC4wLCBDdWx0dXJlPW5ldXRyYWwsIFB1YmxpY0tleVRva2VuPWIwM2Y1ZjdmMTFkNTBhM2EiIFZhcmlhYmxlTmFtZT0iRm9ybVBvc3RQYXJhbTEwNS5kZGxPVFR5cGVJRCIgRGlzcGxheU5hbWU9IiIgRGVzY3JpcHRpb249IiI+DQogICAgICAgICAgPFJ1bGVQYXJhbWV0ZXJzPg0KICAgICAgICAgICAgPFJ1bGVQYXJhbWV0ZXIgTmFtZT0iU3RhcnRzV2l0aCIgVmFsdWU9InMmcXVvdDs6WyZxdW90OyIgLz4NCiAgICAgICAgICAgIDxSdWxlUGFyYW1ldGVyIE5hbWU9IkVuZHNXaXRoIiBWYWx1ZT0iJnF1b3Q7LCZxdW90OzEmcXVvdDsiIC8+DQogICAgICAgICAgICA8UnVsZVBhcmFtZXRlciBOYW1lPSJJbmRleCIgVmFsdWU9IjAiIC8+DQogICAgICAgICAgICA8UnVsZVBhcmFtZXRlciBOYW1lPSJJZ25vcmVDYXNlIiBWYWx1ZT0iRmFsc2UiIC8+DQogICAgICAgICAgICA8UnVsZVBhcmFtZXRlciBOYW1lPSJVc2VSZWd1bGFyRXhwcmVzc2lvbiIgVmFsdWU9IkZhbHNlIiAvPg0KICAgICAgICAgICAgPFJ1bGVQYXJhbWV0ZXIgTmFtZT0iSHRtbERlY29kZSIgVmFsdWU9IlRydWUiIC8+DQogICAgICAgICAgICA8UnVsZVBhcmFtZXRlciBOYW1lPSJSZXF1aXJlZCIgVmFsdWU9IkZhbHNlIiAvPg0KICAgICAgICAgIDwvUnVsZVBhcmFtZXRlcnM+DQogICAgICAgIDwvRXh0cmFjdGlvblJ1bGU+DQogICAgICAgIDxFeHRyYWN0aW9uUnVsZSBDbGFzc25hbWU9Ik1pY3Jvc29mdC5WaXN1YWxTdHVkaW8uVGVzdFRvb2xzLldlYlRlc3RpbmcuUnVsZXMuRXh0cmFjdFRleHQsIE1pY3Jvc29mdC5WaXN1YWxTdHVkaW8uUXVhbGl0eVRvb2xzLldlYlRlc3RGcmFtZXdvcmssIFZlcnNpb249MTAuMC4wLjAsIEN1bHR1cmU9bmV1dHJhbCwgUHVibGljS2V5VG9rZW49YjAzZjVmN2YxMWQ1MGEzYSIgVmFyaWFibGVOYW1lPSJGb3JtUG9zdFBhcmFtMTA2LmRkbE9yZyIgRGlzcGxheU5hbWU9IiIgRGVzY3JpcHRpb249IiI+DQogICAgICAgICAgPFJ1bGVQYXJhbWV0ZXJzPg0KICAgICAgICAgICAgPFJ1bGVQYXJhbWV0ZXIgTmFtZT0iU3RhcnRzV2l0aCIgVmFsdWU9IiZxdW90OzAmcXVvdDssJnF1b3Q7IiAvPg0KICAgICAgICAgICAgPFJ1bGVQYXJhbWV0ZXIgTmFtZT0iRW5kc1dpdGgiIFZhbHVlPSImcXVvdDssJnF1b3Q7MiZxdW90OyIgLz4NCiAgICAgICAgICAgIDxSdWxlUGFyYW1ldGVyIE5hbWU9IkluZGV4IiBWYWx1ZT0iMCIgLz4NCiAgICAgICAgICAgIDxSdWxlUGFyYW1ldGVyIE5hbWU9Iklnbm9yZUNhc2UiIFZhbHVlPSJGYWxzZSIgLz4NCiAgICAgICAgICAgIDxSdWxlUGFyYW1ldGVyIE5hbWU9IlVzZVJlZ3VsYXJFeHByZXNzaW9uIiBWYWx1ZT0iRmFsc2UiIC8+DQogICAgICAgICAgICA8UnVsZVBhcmFtZXRlciBOYW1lPSJIdG1sRGVjb2RlIiBWYWx1ZT0iVHJ1ZSIgLz4NCiAgICAgICAgICAgIDxSdWxlUGFyYW1ldGVyIE5hbWU9IlJlcXVpcmVkIiBWYWx1ZT0iRmFsc2UiIC8+DQogICAgICAgICAgPC9SdWxlUGFyYW1ldGVycz4NCiAgICAgICAgPC9FeHRyYWN0aW9uUnVsZT4NCiAgICAgICAgPEV4dHJhY3Rpb25SdWxlIENsYXNzbmFtZT0iTWljcm9zb2Z0LlZpc3VhbFN0dWRpby5UZXN0VG9vbHMuV2ViVGVzdGluZy5SdWxlcy5FeHRyYWN0VGV4dCwgTWljcm9zb2Z0LlZpc3VhbFN0dWRpby5RdWFsaXR5VG9vbHMuV2ViVGVzdEZyYW1ld29yaywgVmVyc2lvbj0xMC4wLjAuMCwgQ3VsdHVyZT1uZXV0cmFsLCBQdWJsaWNLZXlUb2tlbj1iMDNmNWY3ZjExZDUwYTNhIiBWYXJpYWJsZU5hbWU9IkZvcm1Qb3N0UGFyYW0xMDcudWNDYXNjYWRpbmdEcm9wRG93bjEkZGRsMDMiIERpc3BsYXlOYW1lPSIiIERlc2NyaXB0aW9uPSIiPg0KICAgICAgICAgIDxSdWxlUGFyYW1ldGVycz4NCiAgICAgICAgICAgIDxSdWxlUGFyYW1ldGVyIE5hbWU9IlN0YXJ0c1dpdGgiIFZhbHVlPSJsdWU9JnF1b3Q7IiAvPg0KICAgICAgICAgICAgPFJ1bGVQYXJhbWV0ZXIgTmFtZT0iRW5kc1dpdGgiIFZhbHVlPSImcXVvdDsgdGl0IiAvPg0KICAgICAgICAgICAgPFJ1bGVQYXJhbWV0ZXIgTmFtZT0iSW5kZXgiIFZhbHVlPSIyMjEiIC8+DQogICAgICAgICAgICA8UnVsZVBhcmFtZXRlciBOYW1lPSJJZ25vcmVDYXNlIiBWYWx1ZT0iRmFsc2UiIC8+DQogICAgICAgICAgICA8UnVsZVBhcmFtZXRlciBOYW1lPSJVc2VSZWd1bGFyRXhwcmVzc2lvbiIgVmFsdWU9IkZhbHNlIiAvPg0KICAgICAgICAgICAgPFJ1bGVQYXJhbWV0ZXIgTmFtZT0iSHRtbERlY29kZSIgVmFsdWU9IlRydWUiIC8+DQogICAgICAgICAgICA8UnVsZVBhcmFtZXRlciBOYW1lPSJSZXF1aXJlZCIgVmFsdWU9IkZhbHNlIiAvPg0KICAgICAgICAgIDwvUnVsZVBhcmFtZXRlcnM+DQogICAgICAgIDwvRXh0cmFjdGlvblJ1bGU+DQogICAgICAgIDxFeHRyYWN0aW9uUnVsZSBDbGFzc25hbWU9Ik1pY3Jvc29mdC5WaXN1YWxTdHVkaW8uVGVzdFRvb2xzLldlYlRlc3RpbmcuUnVsZXMuRXh0cmFjdFRleHQsIE1pY3Jvc29mdC5WaXN1YWxTdHVkaW8uUXVhbGl0eVRvb2xzLldlYlRlc3RGcmFtZXdvcmssIFZlcnNpb249MTAuMC4wLjAsIEN1bHR1cmU9bmV1dHJhbCwgUHVibGljS2V5VG9rZW49YjAzZjVmN2YxMWQ1MGEzYSIgVmFyaWFibGVOYW1lPSJGb3JtUG9zdFBhcmFtMTA4LmhpZGRlbklucHV0VG9VcGRhdGVBVEJ1ZmZlcl9Db21tb25Ub29sa2l0U2NyaXB0cyIgRGlzcGxheU5hbWU9IiIgRGVzY3JpcHRpb249IiI+DQogICAgICAgICAgPFJ1bGVQYXJhbWV0ZXJzPg0KICAgICAgICAgICAgPFJ1bGVQYXJhbWV0ZXIgTmFtZT0iU3RhcnRzV2l0aCIgVmFsdWU9InMmcXVvdDs6WyZxdW90OyIgLz4NCiAgICAgICAgICAgIDxSdWxlUGFyYW1ldGVyIE5hbWU9IkVuZHNXaXRoIiBWYWx1ZT0iJnF1b3Q7LCZxdW90OzEmcXVvdDsiIC8+DQogICAgICAgICAgICA8UnVsZVBhcmFtZXRlciBOYW1lPSJJbmRleCIgVmFsdWU9IjAiIC8+DQogICAgICAgICAgICA8UnVsZVBhcmFtZXRlciBOYW1lPSJJZ25vcmVDYXNlIiBWYWx1ZT0iRmFsc2UiIC8+DQogICAgICAgICAgICA8UnVsZVBhcmFtZXRlciBOYW1lPSJVc2VSZWd1bGFyRXhwcmVzc2lvbiIgVmFsdWU9IkZhbHNlIiAvPg0KICAgICAgICAgICAgPFJ1bGVQYXJhbWV0ZXIgTmFtZT0iSHRtbERlY29kZSIgVmFsdWU9IlRydWUiIC8+DQogICAgICAgICAgICA8UnVsZVBhcmFtZXRlciBOYW1lPSJSZXF1aXJlZCIgVmFsdWU9IkZhbHNlIiAvPg0KICAgICAgICAgIDwvUnVsZVBhcmFtZXRlcnM+DQogICAgICAgIDwvRXh0cmFjdGlvblJ1bGU+DQogICAgICA8L0NvcnJlbGF0aW9uRXh0cmFjdGlvblJ1bGVzPg0KICAgICAgPEZvcm1Qb3N0SHR0cEJvZHk+DQogICAgICAgIDxGb3JtUG9zdFBhcmFtZXRlciBOYW1lPSJUb29sa2l0U2NyaXB0TWFuYWdlcjFfSGlkZGVuRmllbGQiIFZhbHVlPSI7O0FqYXhDb250cm9sVG9vbGtpdCwgVmVyc2lvbj00LjEuNy42MDcsIEN1bHR1cmU9bmV1dHJhbCwgUHVibGljS2V5VG9rZW49MjhmMDFiMGU4NGI2ZDUzZTp6aC1IYW50OjdiOTVlZDFhLTZhM2YtNDFkZC1iYzViLTYzZjM5ZWRiYzRiNDpkZTFmZWFiMjpmY2YwZTk5MzpmMmM4ZTcwODo3MjBhNTJiZjpmOWNlYzliYzo1ODllYWEzMDo2OTgxMjljZjpmYjliNGM1NzpjY2I5NmNmOTo4YWQxODEwMTpjYTU3ZWYzYzphNjdjMjcwMDo4NjEzYWVhNzozMjAyYTVhMjphYjA5ZTNmZTo4NzEwNGI3YzpiZTZmYjI5OCIgUmVjb3JkZWRWYWx1ZT0iOztBamF4Q29udHJvbFRvb2xraXQsIFZlcnNpb249NC4xLjcuNjA3LCBDdWx0dXJlPW5ldXRyYWwsIFB1YmxpY0tleVRva2VuPTI4ZjAxYjBlODRiNmQ1M2U6emgtSGFudDo3Yjk1ZWQxYS02YTNmLTQxZGQtYmM1Yi02M2YzOWVkYmM0YjQ6ZGUxZmVhYjI6ZmNmMGU5OTM6ZjJjOGU3MDg6NzIwYTUyYmY6ZjljZWM5YmM6NTg5ZWFhMzA6Njk4MTI5Y2Y6ZmI5YjRjNTc6Y2NiOTZjZjk6OGFkMTgxMDE6Y2E1N2VmM2M6YTY3YzI3MDA6ODYxM2FlYTc6MzIwMmE1YTI6YWIwOWUzZmU6ODcxMDRiN2M6YmU2ZmIyOTgiIENvcnJlbGF0aW9uQmluZGluZz0iIiBVcmxFbmNvZGU9IlRydWUiIC8+DQogICAgICAgIDxGb3JtUG9zdFBhcmFtZXRlciBOYW1lPSJfX0VWRU5UVEFSR0VUIiBWYWx1ZT0iT1RUaW1lU3RhcnQkZGRsSEgiIFJlY29yZGVkVmFsdWU9Ik9UVGltZVN0YXJ0JGRkbEhIIiBDb3JyZWxhdGlvbkJpbmRpbmc9Int7Rm9ybVBvc3RQYXJhbTExNS5fX0VWRU5UVEFSR0VUfX0iIFVybEVuY29kZT0iVHJ1ZSIgLz4NCiAgICAgICAgPEZvcm1Qb3N0UGFyYW1ldGVyIE5hbWU9Il9fRVZFTlRBUkdVTUVOVCIgVmFsdWU9Int7JEhJRERFTjEuX19FVkVOVEFSR1VNRU5UfX0iIFJlY29yZGVkVmFsdWU9IiIgQ29ycmVsYXRpb25CaW5kaW5nPSIiIFVybEVuY29kZT0iVHJ1ZSIgLz4NCiAgICAgICAgPEZvcm1Qb3N0UGFyYW1ldGVyIE5hbWU9Il9fTEFTVEZPQ1VTIiBWYWx1ZT0ie3skSElEREVOMS5fX0xBU1RGT0NVU319IiBSZWNvcmRlZFZhbHVlPSIiIENvcnJlbGF0aW9uQmluZGluZz0iIiBVcmxFbmNvZGU9IlRydWUiIC8+DQogICAgICAgIDxGb3JtUG9zdFBhcmFtZXRlciBOYW1lPSJfX1ZTVEFURSIgVmFsdWU9Int7JEhJRERFTjEuX19WU1RBVEV9fSIgUmVjb3JkZWRWYWx1ZT0iQVIrTENBQUFBQUFBQkFEdFd1dHpHOVVWdDI0cytabllaSWdnSkVnYlp3YkhrMGphWGIwczJSYTFGUWU3aWVNUUtRa3p3R2hXMnV2ZHhhdGRzYnV5cldHWWhrSklTQWlFZ2RDRzBGS21wRkNZcEdtWmdrbFMyaitoMCttSGZtNHRQejcxVDZEbjdxNGVma0dnRVZObXFpVFMzbk4vOTl6enVPZmNjKy9tSzBmWGc4anB5V1NTcW1Kb3Fxd2Z4ODhXSlEwZlUzVmpoTXROSDhhbFRNYnRjbTdUc2taS1VnUVpqK1lMNHdlZFc2RTlVWlFOYWNObW01UVhqbkJGSlNjNk8rRHg4U0xXRFVsVm5CMDVjWG9DYy9JaG1ST2NMbUZtZ3BPVXJzSDlUWjNJdGFPbGRUS2RWTWx3ZURpa2F2bWpreTJUYVpPZmF6SjlrRE13L0tTbFBPNkFIOVhnWlBJTWlQU2NBa1BRVi9EcDRydWM3YjVJbEk2d1RDUVU2WEpUbnRZTWNDQ0RuVHVaV0l3TjlBY1ltbHFZUDErK2VJNWkyRGhOdzErUE96T3VEOHRZTTFKWTEwRk93bGt0R3FLbkd6cU9jUUkrQlF5MFBLZE5pNTV0R1VJWTE0bUVSMVJCOUxSa05FNlpCcVVSSGZYc3NIdEJZNjJVTWpTd21BbnF5SnhTdGVtVVpHQUFiZ25Ebkh0czVIRFJVSWNMQmJrMG1zOWludENTdXA2VU9WMFhQTDAyaHBqSmdIK3BISGhJQnRkSXhKcVRTc1ZKQXZDM0JEMmk1a0JHb3M5eFBLVmhYYlExT3FSeGVTeDYyakxEaHNIbFJCRENiNEJQR0pwbG1CZ2ZqYkU4bit2M01WTjB6aGZLNG9ndnk5RVJINVBsdzJ3L25jdXlNYzdUbkVuaE9hZURBWDE1NHhpbmNlejg3aVpIVTFNVE1UejVKWjlPQkY5SFV5WGR3SGsvV0owN1FKM0VHaEZnS09TbnlaOERWQktXU1ZIRFF3b3VHaG9uSDZDT0ZiT3lsSU9GbGxhbnNUS1VqVWE1Y0M0Y1lXTEJFS2I3WTA3Q2ZFY2RUL01yeldWbHZBVjZkbFpiL3VNNHJ4cGdjWHZLdGlmeWNpb240anpYQVU4SHBhbXB4OEFLV3h5T2JUWXpHMGRrYmlPc1hNM3c5Y1gyd1VmbjhqSTFZOHZkdy9qcEhnb3JPWlVIMWtNOVJXUEt4MFI2SGsxc2JSK2MwK082T1FFRkl4UjlxS2ZIZW9qUHdiTm9HSVY0SURBN08rdWZEZnBWVFFpd05NMEVucGc0WWdsVndlWjFIalFBeHBwaWM5TjllUWs4cmF0VGhpK241dU9BODFtb0hwaVZvc2k4V01aNXJCaVVBbjRkNmpIMVo2eGVxeC9HRldROGx5NFZzRTIxNkRxRU55aFRJMjdFYnBpZjRYSjRCQXVTMGtNWndHS29od3cxbDNNUFpZa1NOemhOd01aUkdLQVhBRTJVejB2S1pDNVgxRUI3c0ZuZ0crY0FPVVlWdm1GVEhNUTVHUllxaVpYRzZuS1FLeDJSOHBJeHBoYTFvOS9MTEdNTm40V2s2SVpOTWdHYmpWaFY1bnVZcHFIYVRLWW5pcnFSRkhGdXVvRnptSHFBZHhvOVJXTWRqNjE5dTNGUlVwbWhjUkVDQmNWeGM4ZHYyQXduT1ZuaUd6ekhNUDhNTE5vR1Q1TGlJQUdYSnJWaE1sZURWUmxYWm9qWlNLMTNUMllhREt6ZkxrM2EycTNWSk5vU2JiSS9HMllOeXFXd1VaVmtYTGNwMEtzVmNaVk9hcjFxU1ZQZDJTdTlKM1NjTEdvYWNJWktqeU1BYy9CZGJQdzVVWlZ5ZUkyMmVXNnUwaW9xV2JXbzhKaXYyZUJ1dExXc1pKWXRDWmNUNnFlL3RRenlVR29KV3R6NjRmTGZwYzZ4eDFnc3ZtbE1aU0xmakYwQ0RkYnNYVkhGc2lObGl5YnhGY3ZXVEt1cHM1TWFqelhUTURaTzVQU2t5Q2tDQmdOSmlnNG5CTEJQemF4MWRWSWlGaHNNMUxkWGdheENKOEhTRnNadVZpRnJDeFdUMlRwaURWNWZiaVJDQUYxRjJCQTNsbURZMWNDeDlVQ1MraE4wRFdhMnE2alZtM1lpRkJrTXJDRnRBSzJ3WEVPcEl1djJUZ0tyYjlaaEtudGZJa29nMWRaYWhNbWFxVUxXaUYvWmVoSkJJaysxdFE0d2xvalVBZXJNVkUzOENRYjhVMnRWQVhWNU84R0FlZXJiZGV1aGxuaE5ScXNJVmRpcTFFbVVXazFZdzY0dStjRXFZNklCaGcwRTZRcnYrdDVLYUZ2TDN3N3BWZkV5R0ZnVHdJbG1janBhYzJvaVp5Vlhab0o3UnRYZ1IxTEl6MGhSa3ZtMnpIRThJeEVJT1JHMndnZlpwOE92N0UrSHA2dHlzTVVrMFFsdzFIVng1c0gwMng1TDNRaHQ2ZUxkTEh4M3VSRWN2NDlJZ21pTXFITWpHdWFtUnhXaUpDL3lialFGcUdia01GRXRKMEU4NkJCNUhqbE5Tbk1henhuT0I1ZXZYRjY2OVBMQy9QVi8zM2wxK1pNTFN4OWRMSDk1NXArbmZ3TzRYUVRuM2U1MHBZNk5qUnhtZ1BLd1RlbGN2RG0vL1B0TEsrZFBMNy8vS3REM1ZKQTBUVDlHMDBEWmExTzZGbTdkS3ArL3V2enAyY1ZibDJBdTZPcXRCOGNJdU0rbTdBQXdRVjZlWDN6em5jV3pyeXk5OWRIU2gyOEFJRmdaWWx1SlJ3TTJwZHVpL092MDZmTHR0eWVYdnZ3dDlEM2ExVzJxWERWRmw5dUJIRzVITjg4TDVJbEhqOEhvZGs5SGhxd09jcW5CR2M3T0VueWVDa3hNUEJYZ2VVOTdKZ1hicG1IZXdEVDlSWHIxNnQvLzJrcnVWUlRlSm8wMGU2Ly9vOVc4Z3ppT09YNVNrVXNpQU5LcUNoRlVjUHFlWExuOXk4VTN6ejlObGQrNFUzNzlrOFdmWFZ1OCtqS1krTW1WcTFkTSt1TDhtWlVySDVUUGZGaSs4WVhsSnZBWWZIZVRYMCtMcXVSa0tUZnRUSjh3SkRtVEZLZkJ2MmxWRUdSc09sS1NKYU8wcjdlWUkrS1lvbVp5NG5TdHEvY0F0YXFUbDJiSVloK0dGZExiTjhDRGtSQXhrVk0zU2pKMmV1SGdiMGl3dC9vZ1pBUWxicWlGZ1prcXIvaUF2WXBhd2Q3dFpxVFI0UUFUOFhTU2U1emFmVXgza2l2cVdEY1RnSm5DQlUvTGQ3TUhTTmF1S254V3RteXd6UkFsM1EvaFhNUkR2YjBEUEN4OHQ4dmoydEJ4YmV2OE5rWVd3aXEzamZIb01Ga0EzdnRYRC9idXFQcmE2Njc2MlB1QTZIM3d2M1dvZDZmejJGMTRFZ1Rkekkra2EyTXZlaC82amc3MDdoSzh1d1h2dzkvYU8xN1B4ajd4ZXRjWWxLbzZ3YnVuenZxVElFdXpweE5pSjVXcUJDbVllU09yZmYzNnR5NUhOMW4vOVozckxiZmxMaTNuTW9VQjNZaXh5S1htSHNKb2hOU05BdCs5WTJjYkpNMlZGeUJoblVVMGpXZ0cwU3lpZzRnT0lUcU02QWlpbzRqdVIzUU1NVFJpR01Td2lBa2lKb1NZTUdJaWlJa2lwaDh4TWNUU2lHVVF5eUkyMkFpZTkrL2ZzbFBZN09OMlRKRk5vYWFsZHk5UmJlamVpNEhZRUdMRGlJMGdOb3JZZnNUR1VKQkdRUVlGV1JRTW9tQUlCY01vR0VIQktBcjJvMkFNaFdnVVlsQ0lSYUVnQ29WUUtJeENFUlNLb2xBL0NzVlFtRVpoQm9WWkZBNmljQWlGd3lnY1FlRW9DdmVqY095SExqKzRiR2hUbDkzTngzUnJXeGZzZXU0bUhwMGdNZWZ0MlN6T3ZqNDdXYUcwWVhhcWRkMnJHTE5XMy84RDYzOTFZZjdRNWIvSGdTWFlsYWlEVkxMUG1zNzJiQ09CY0pKc2pvY2tMUFBPNXFUS1k4OVc4NDREcW02TDJFYUlTWEl2WXkyTHp1MVF4Zm9vWDlXNDhOeTVjdVppK2RLNThzMXppKytmYzVYUGZMWncrMjNYNHJzdkxsKy82U3FmdnJQMCtuVjMrZE9ic0Y4SEZ0ODlWNzUxR1o2Vy9uaXBQUDlwSi93clg3aGlWZmZibDg5K0RJWDY0bnZYRm44MXYvQ25keGV2WGQ5ZWZ1OXpJQzE4ZVlGMFhMc08yTzBXZU9uakY1YXUzRm00ZFdIaDltZWQwTGw4N3VMeXIzK3g4T2NiVHZPWXNxUFRRVHZBcDdTRGRRUWRJVWZZRVhGRUhmMk9HSGxUU2RNTVdMZXozbGhnbENKWWFMZG5GeHljNW81Z1JUREVvOFFHYXE2b0oyVUpLOGI0UVF5bDh6aTBNS2VKNXFQWkszcDJadzVLZW1GVU1iQ0crVk9xeHV1VDJXZHFnOW96NWt2S0NVNmJ4cDQyc3hRWFJ1Y0tJblNNVjE3cWltYjloczFxWXpoblNETjRmR0pVQUhUbGxTUDJiTXNRcDZSRWFjbzRMQ2w4Ujk5UFVuQzJPOGJsL0tkd0Z2aHBXTmY5U1RXZlZ4VS9TWlA3VjhFUFVKdWlhMjhDby82Z1A4ajRtVzkrRmFnVVpibkpzejFqdlNWTnF5Y0tCYXdsT1IyTDlndFBYWjhGUTJ5WXhKLzYyaVJ1ekJtVGFUaXM2S295Z2ZQcStsUytGckJwUW85TXlTcG54R1U4WlF6dzRDQ1pLOFVsUlpZVTdNdkthbTU2b01EeDVNMWhuRjZkNTF1dEt0VFRXanN5T1U5SnZDSHVzZzdMcFIrUjk1NmUxcHBybWpON1VpUG9wOGc2RWszalVySGcvRGt5YTA5RE1tU3o5cFNtcUgyMWF0UXZtMHVNU2d4UkxFMVRqenhDMWZxb1BVTlViMi9mYzFRN1ZVOGRxbXY0OVdMV3VqL2RSeDhnSFBvR3FQYm5COXBuT0kxUzAzTUdnSGxZbStRbTBDOWdZOVM2RkJ3cGpmUHJEU3h6V1dLL3g4RzZmYWFVSmdPUWdmaTQ3em5TOGt1S2dqV3lub0N4OWU3Y1AyV2VhL2I5T0pXWjBBVXpBTWFWUXRHQTZERWo0QUMxVGxsYjBPZDU4MHFnMlJ0Y1pVOXZHSjFHNXJIZldpMVd1bnJneWZJSEg1Wi85OG5LYTIrWGI3enpkUG56UDVRdnZ3Y0hidFBCYnprcUhxVFl3aHpGMFBCVmVSaWdjcXFzYXZHOWNId2ZvTExrNktlUmFqaE83VDEwYUxSL09ESkFUYW1LNFp2RjVGb2lUbVZWbVFlY1N1NFo0eFFEWEhRVlRvZ1VEMUVyYUZ4cGdKb1ZKUVA3ek12cE9LV29zeHBYcUF6d2FSd3ZGZlU0RllTSmVkUmlDbjhmU1NyUDIzcmN0Mi9wNm8zeUt4ZVhYbnAvNWNwTGtMUDZvUFBGaXBhT01MVE9WbHBiYUQ5SjBoZld0RjlmMDM3VFFmNS94bjNJMGUxdUluODY3OS9mQkluK2NqWGNJUEdiMXdoWExFcHpseGwvRHptM1ZvSkJVUlU4d1A4SHhpWVVpMmdpQUFBPSIgQ29ycmVsYXRpb25CaW5kaW5nPSIiIFVybEVuY29kZT0iVHJ1ZSIgLz4NCiAgICAgICAgPEZvcm1Qb3N0UGFyYW1ldGVyIE5hbWU9Il9fVklFV1NUQVRFIiBWYWx1ZT0ie3skSElEREVOMS5fX1ZJRVdTVEFURX19IiBSZWNvcmRlZFZhbHVlPSIiIENvcnJlbGF0aW9uQmluZGluZz0iIiBVcmxFbmNvZGU9IlRydWUiIC8+DQogICAgICAgIDxGb3JtUG9zdFBhcmFtZXRlciBOYW1lPSJfX1NDUk9MTFBPU0lUSU9OWCIgVmFsdWU9Int7JEhJRERFTjEuX19TQ1JPTExQT1NJVElPTlh9fSIgUmVjb3JkZWRWYWx1ZT0iMCIgQ29ycmVsYXRpb25CaW5kaW5nPSIiIFVybEVuY29kZT0iVHJ1ZSIgLz4NCiAgICAgICAgPEZvcm1Qb3N0UGFyYW1ldGVyIE5hbWU9Il9fU0NST0xMUE9TSVRJT05ZIiBWYWx1ZT0ie3skSElEREVOMS5fX1NDUk9MTFBPU0lUSU9OWX19IiBSZWNvcmRlZFZhbHVlPSIwIiBDb3JyZWxhdGlvbkJpbmRpbmc9IiIgVXJsRW5jb2RlPSJUcnVlIiAvPg0KICAgICAgICA8Rm9ybVBvc3RQYXJhbWV0ZXIgTmFtZT0iX19WSUVXU1RBVEVFTkNSWVBURUQiIFZhbHVlPSJ7eyRISURERU4xLl9fVklFV1NUQVRFRU5DUllQVEVEfX0iIFJlY29yZGVkVmFsdWU9IiIgQ29ycmVsYXRpb25CaW5kaW5nPSIiIFVybEVuY29kZT0iVHJ1ZSIgLz4NCiAgICAgICAgPEZvcm1Qb3N0UGFyYW1ldGVyIE5hbWU9Il9fRVZFTlRWQUxJREFUSU9OIiBWYWx1ZT0ie3skSElEREVOMS5fX0VWRU5UVkFMSURBVElPTn19IiBSZWNvcmRlZFZhbHVlPSJTVzh3dGRzazFEWC9yeGtmc09Xd2lkWG03SjBUU1NmTExVV0FRNlZxNEdxMElDMTBuMjlMMzJ3K0Rmay9FcmZXaVhGZjVXS2xMbTFoWjJ0a3htQ242V0FOY3RacGlhL243TTRlSFJoVDhsZ1l5dGVsUWw2MHU0NEdyMHRCS3VURFM5NzlHV29FN01GZ3FiOGkyTkRKazhiTzBwNWYxM1Bwc2lqSTErSndDWnNpU1Rybm0xY20yWTc5M3pnc3IzRFBoNUIwNnRVUktWTTB3UHM2YmlvaXR2S1cvRktkUFFBWFF1NlU3U1BJRkQwSXFqNm1vdTFMT3pMait5MlFjdzlHT21BMjEybXYwMXppUkRnMWdKb00yU0trWWsvSHlNVW1qVWMyY3BUUFlpZ0tCVUUzclFNZkZDdHlIa3haK0pMU2NIYVBxZ1hNektsWXJxaXRWb2JvdWd2R3RVemFzN3Z5dlVpSVkrRXpFRW94dVlSQW5KSkFXMVg0OUNUR2k3L0dIUjFuQmtjdUpUeEsrL0wzcHI3V2g3Vk51cVVwbG9hMjFSZW9XT1RCU1NuR2VjVVpMWi9WSzhmQVlEZCtsMXl6b0QvUTZUOElVU0RUcmtUSCtzTHJsZkRzWStDQldlSHVSZ2NJbTlRdUlVcER4U1FObmphZWg2enNrT1pUU0VVZXQxNVZ6QlRtTXdka2tUbFZiNmJSZlZ1Zm9xR2M5aEJkdEdJNkptcEMyRXdWdmxTN1kzMGNpZjErUTUySkk5TVB6SDVtYnRRK0xpS09pUHIxYjU5Tm5vd1VqRWlPUXhtZ05qRkZuKzF1cmlSYzB4Q0VrQ0N6cmlZd01rbjI3bkhaeVNuUkU4K1N1eDc4ZHR2bjNGcnBOOEllMWYxVXRYWTM1SzZ4WC9TZ1lUSFZZZllTVXNUSDNaR1FGLy8xeWtBSXV1Nkl6Vmx1d0pPWVlCU0R6dXhtbTlObitQd0ZxQngyNjRnbHJQTHEyQzNhcHRTTFREYXRIeHlQVFRsTk9XSDE4Q3puRnZHZUtjcWg2ZnA3UXdNUENIZ0RRTThvd1RNN2huMHRxTTdqd1hDb2FETm44S3V5OW5DckVDb1lBcVI0V0thYTZ4bWp5YlNhVWxCdGdvUzIxcittT015NjlUaVBOQkovVTNITFlkUkw1SDVMRXhZOTc4MUN5ZnZlckhDYjhhSDhHOXZSZlJ2bUVzU1ZGMWdyWHhydkVYcFZtWGpJOHVKdlZFWW9XRVE5b3M2NWFZZ2pqSGF6b0w1RG5jRCs3REViNDFMbWc2UGhDaTdISmlSbUU2Q1YzRWNFd3FIWTkza2pITXQ1eXhTZUtkTmN4cWxpL01OaXdkRWVFdWVYbUhDQ3VTVDMyeHFkNkYyYWJOZEs0UlBXZnRFWS82WHlKZkhVTDFiOXY4WlZqSUllYUFZTVcwRkU4eWVYSEEvMnh2WFREMzhRTUQwaGlQaStEUFQrcHRYY2hpcDdDdW9BanFmYVBBanpFd3gxSk8rTWQ3MEFibVlGb1dwSmwyeTdyTzhhQVZvSVpGdDdWeWU0ckhtT0ltc2tMeHRJVmkyOGNNK3JZd3oyblNWMFdvTWRwMW1hU0F1VGUwWmRjN0lxQjVta3JLTFNweDhPWTFXaTdZQUFoelRLNkZuN3BDeWZhckZNUUZOUUxpcjNpWnJOdFYzREFZRmFmZ3I3T1pua21GT0xSK0NxUlllRmxPYy9zQ2RYb1N6emx1ZUVrVExIaUVYZURBczRpVUgrMHRZdlk1OWp0OWhmbG53bmpkUXhvRjNiaDdBNXRoNExUcE9ZMmZIVSs5S2kyY0NnUkxPRDJQdEtxQnU3cmdwTmVUYlZvZldqRTVVemNCWGtDelNCZ05ITVpxTUg5UTUyTENjVE0wajNrZmZpb25NcGE1UVoxYVBKVDcxeVp1U2V3YkVoZTVLWjNXNFNtMnZxVlR6L1U5VHBWWHd2YXRlZ0VxS25GY2FzeFR4MGhZanNrc1RPNFd4dXI4dHRxOHgzT2JkeVU2bjdGOHZKU21helpKeDB6a2JMRU9reFI0OFlnNWsrNmViY3JNOWVWNS80UHZncThURklqWUJwQU5TNVNtMnFiMUhONXorOThrV3ZRNVMxT2hUL2tUcmVabnhCOFE2YXdwQisrQzJjNHBLVGFwUUs2NlpRWlZJNERJWHhFQyt5NXNxWkY5U3c0RFEzV2NmMngvUXpvSEgrTWRnTW9xaFVBVFhldCtuZVlHV3lzMXJxR0ZBNThWZDJVWHQ5eW5KRlE5dXdNUFpDZDR0ZGVKOTU3QUZZSUxFcFc2OExjdlh2dWlMVnpYb1krdFBpWjBEbzNrRlB2VGhvWXVBU3VhVEZNc09mL1JFbTlCZDRtZnFZUy9FSWh2SE1EWUhPV0M2UG9QTFI4M3RocC9qUTFRL2RGSncrL0dzbGI3VDJNMHpiSUNyVlVHUWNheVRnZ2JPTUZ0SW9vZ0MwQi9Bek1mMXVsY3duMkJ2RXYwTE4ram5mODJwVlF6QlBLYUgwWVVGRlVHa2tWK01TZHc2VHJiOHVGZG8rZ0g2NlczTHVPMk5qOXZpYU1LclFOMks0Y0Zna0JKTnpuVzVKUjZyak5sL05xZFU4RHRMRC9NNTI2TytWSmgremw5ZTgyUkdKTi8zaVl1aFdhbUZSQXZ3a0NvSGQvdmp4cVBDSk5iTEtCTjV5TGRQUUdGeWpFdGtUWGk4UEs5SjltRE1sOWVVa2VJZUpHTVhDdDB6cVU1K0VRRlgvakw3UEpvYm41aHdFUG1UaGcvYUZMTUovcHE4VkRIU01wMGljNy9KTE1peWtOY2RvZnpEcnM5UUs5TU5KeVNqc0FGeldKQXBpR3dmNnVMN3BUSnFmU0VxSERmSVlrRXEyTFB3UndyOUVISHlkZm5xdWpOR3lBbWZIbzZVL29DTlRNanhDaVY5bmJvVEtjeUpUbWlWS1BVNlMvcENhWWdIZGlTZjVmSkxoMzZIZ2lZbGtnU0tIcFlSQk85RUY4Um9KTjBFM3RLY3FIREtlVUt1cEVLUEZlZHl2Y1BWaW52V3dIcjNoN2tJdG9pRy8zdGxHUUt4M2crUkljcHRmc1JiTkVOY0J6a0Q4WXRhRDNjeXRCWHFYRXVWMWpCTDkzbWNTdmlxWG9SMS8rRHQrSHpyaHR3Zld4RTRFbVd5a1FxUGFicDBBdE5sZGxOcXdlbEg2MXFUekJDb2o3UTluTE1TOEZtMlpFMVI0bjBSNDVoOHU0NzJoMVYrWlFYWHpya1JNV3VPYUQ1SDh6MlNoU0Irb1NzZlFWeHIyRWJHcGJ0aXJabGJGR2sxdnB4OFgxY0JzOUR1ZzZ5dlRMMmNvQ2NSMDlNUU9NcFJqZU13T2ZDaFdqUzhOZFdmZU12LzJHeG81eXdkTDVBdkVhN0dST0QrQUtSc3YvUlpCbkJqTWsxd2R6bThwL1dYTEhqTElCZURZNDAvZTZ6UXBmQUxiTXlRMjFXZ2pEUXNGV3BPOEF3WkF3MUQ5MWhKOTRhM043RDZPNloycHhjL1BVT29kOFVIZnJ1MkZpRlhiRGhPMS9mOGJ2Zlh4TXBZVGY1bG85cWs3M0Rtb3l1OVlodzVEZG5pcmRLUXljNFY4RmZLSG1sbzhLMEFPcnVKRnJDWmxyeWZJMDJXOVJjbDBOYlJnTmE2YkxhYzBkVmlZU1JtQ1hveTVPa2IydFZMQkVlWE5XM04rdHBuTnlIb0p5cGMvMGp5RXhoUnVFbHlWQ2R1V09nUzUwZUpaYk9BVk1lVlFmQmtDYm4rTHZLYkErTmczQmRBRXI5R3p6MFhLOEc0ditjWGxUcC80Z2NqcUlHTDk1bmhpNHhGckZ6SXRwZEd6VlVjLzh1THZQTlI3Wi9reVdNSHBJMW9JTzlMcjJFcnZmMUI1UWl3d0hDNi9mL2ZsYTVhaWdhcXMrK3hoc3I0emR4OW54aklkOGpEYnlTMi9MSzNMR1o5eFVOZXVpYzBMaXU1L3dyYzk5K0t3UEU3aWtOb1ppeVl3ZHNVY1BzMUVMYVFvRmlrUkpyWDdmUnJEMU5DSmlnR1ZUc00xdzZNd2JmeDE2ZktWeDE5QW9jekIwR3lTSmJGRXd0WUhuQmVjTmhiWVl1SFhlSjVpeEEvT3hFOGxCbTdMUGpXTmVtVTA1VS83TnI0WnVWRnp4UjEyV3gxaUE5TUpicU1JejFJelFUUzNQaldoYzA0V2lUaG1Sejd0anVKdW5oeS90VS9EOWtWOWt3dGJKTllTL2JRSFpmay9UYVByOXNORDB0Zk81ZW9jbEZGZ25nUE1ULytqWHFuT0MxbzYranExRnlBQXF6bXJGaUxBM2NUdVpLQWt0SHFvdlNZTVdvRlBoSE9xQlVWQkxSWmhRUVlnUlB0cHhOMVJhdnhTZjdlY1JlcVBheVZpVitkdURyRU4zVEF2OVhhSThzVHlna1VPK3BvcW9Db3d4SU80MDc2R3hMT282blBSY0FocDFHaG9vc0UvRkxIWWpTZ2tiSEJiQ0RaQmdjTkRtRFV6Z0lLc1cvbHZxWktFMzd3SkVHMVNTaUJOQjJzVnN6ZXpPUmFHMUdmcnlUR0twQ0t6am9iNFlFcDhIQ0NpSjBjQ0xTR1BnaGpEVzFpRU5WUFJ2b2FtaS9RZVFoQUNSekw0NVZ2bjJTdi8vbXRTTEg2WTBXUVNBS1gyRmR0QVA4V1hyMytpNi9vWm9oVEFRZkxXWFVIdTFZQ1hDUnYvb0o4Nlp3UUdxOUh2L1gzSmxqVlVjQ2t2RHRpRXhOVmd5YmRoTkpMRGJBWFp3ZmFOZ2VKemllMVhsMUw4THZ3c2wweVRERFcrUnUxRUZqQ3ZuU2FpK3lsQW1jeDZhOGQ1N3MrUng2RzBBUjJYcFM3V2ZEelJOQWkrZy8rM3NMVDZMWUkvL2pHWCtZZHdwWTFKZE1PS1BMRDdyWm5EZWlXQk5qTkg0TG5KQWZ3R1UxbHAyN0xiSU5LQ1I2N0JzdVgvMElYeGtjT2pnZENGUWVBcU1tNUs3c2UreDNEcTdLV0NOSmtOeDAzQ1N6Wmt3aFNZKzU3ZzFLcUJqNFpqVm1qUUh0RktyK0ZWOVNMcGhWZ0RiR21WUXdSY1BWY2VGZExNL1pGejZKNHJVZUk2RGpFeWxzOXEyajdScnV5ckhwNHBaMEJ1enFpbW5UL2VGMGlFYmtSWGZvTCs5ZmM3ZDFlNEthNHk2SFVzVENZQ3RwdDJHcURmQU55Z3FYc3J1MjE0SkdZaU9CSGxaWTY4aE9IMWhpVENReklZMG5kRjJUaWNqVEpiOWF6M3dJVzB5MFhqZms2dHZsUDc4RDNuSUJDSmN5ak1oUGUrb3JGVytRSVVvcHRiMy95QjlmdDMzRjBFSjZldmVYdWRHT1l3Z0pocWh2YVVkU2lXaUdaVWZpUDZjUmdRMTAvTmJlaXVSaWJpd3VJTko3d2pVc0kyeFhmdWxMTDdrK2NBUlNobDBVcnhGak5nOEpkdkJlQ3NUbVMrMDBpaU13UElBU3N3YmtCcjFjTGFZTXh4UFVPUVc4TkcrOXJ1elhyOEoxQ0VvdWwvZFVzblJHU2NTNHcrRVhESzJSOWdGZlc0QmdiNW1DMTR3WHVwZkRWd2Z3d01vcHZ2QUwwbTFQY2FOQmRrM1E1T1lNajczY2RPblBuUmM1bzFpai8rY1oxUWNoUjF3TEIyYkFsUE1sSUNwK203bUJMR3R6MWk1ZWZhY2NhdXNHWFJ1SHhGRlZ6NE9jU2ZNSjZKdGdTMlRCS0h0YnlNMGJDazgxVjRXSWN2a0NtUGcyOEEyNHlPRitGNmxRK0RickczT3pRb0p1UHdnYjdTQTBoU0JMbit0VmxLWVVFUDdQUHJSNWxtVHpvVksxU1FNS1AxVXNPTDROZkpTMEJZaWdTcjh3NVFxRmJxL3dSa2ZlcFF4dS95dW4zeERQQkNMcnlpNDdvbU4rRjNPbDZlTzY4N1BjKy9GbUtJQ21zR0EzSnVObWVDeFpFWnA5L1lURWFZSHY4Q2pwQks4REhKTTBSRFdtS3lxdFJEZFlEMlFheFJYd3grOHhPcFdlTjhaL0hQL0h5a1h2aWZBbnRlL2I2ZDh3NHQrT0NmQ3FmMDVkTlpYN3d6dGM1VmhGVStYRlVQSS8wRVRqZHN3MUo2dVgrVDBqSXlnTTRGK25TTFQ3OUpQNm5qMVdTbXFyMHVJeVNtM1JFK0tZM0d2L3VhQVRkbm1BS0FiUkxnOEtjL0E5OFEzQzRBYXNOZ1MwWGdUbVVSaFdGRE1LeFBOSCswTVpqK09HTzlLZlRKYmZJTEVsa21MbU9IWGdwanlOb3plYTdKWmVsVFNGZEV5anJ5Z3k0dzhmVjFjdDREeGM0cEpBQ1VmM2srVmdyUzhzTjlDWFg2M3RtSDY2N3Z5VTRJS2VJMGl5MjM0V3g0MlNMWmF1N2tkMU92MTJUeXRINmVEbmZaT3F5Y1BGcWJvVFpDbVcxaDFCbi9hc2VydU9yTUxKd1R1U3ZLbHNpeXp1M1JhYWc4NmZSZHBTaFVvK1kyeWd4UnV6OG1pSGs1Yy83STJCM0NVYzQzaTBHUnZYaVBzMFdra05BNUNDT3poQ2hIM0dOWmtDcWNCb1hwYTV6OTlkS3NYWEdxclVTbldwcXEzODBMWC9raTNTSXBOZjJCVnd4TWw4ZVBHZUZiMmRMM2p0QVA5eTY4S3RnSlpkR2dhdVp3QW1TZ25hUWhmRkR1NFhRdHEzRlBMbXk3Wk9JcGs2Q09hbGlTSm5GbVNacXNoNUxUcTNCTDM2UlNGY2NoYjVyYUpGWk5va2R6MVorTHZYbk5KN05ob2R1VXFhd2psTTBESTRCQUNrTUFSWFA0WEJXS3ArTkg4enRNNEIvSmVXcWd5UlJUTlNQcklrblJvbG9ZTzVvUVhveDNueHFpWWdYWjNwZHE1dSt2VjJaRHFoUzN1MjM5NW9CSUxkQVJ3OW1lKzd6VW45dE9Cbm1xT1UxUjZBOTA1cWczTU9IbXFLT3BpaXFVemJKUnZSdTVuRVNQdkl6Q2xBY2hUdC92S3NYM3pveVpPYmRNdGtZS2U0ZkF6TEh0NWRKUnNpRT0iIENvcnJlbGF0aW9uQmluZGluZz0iIiBVcmxFbmNvZGU9IlRydWUiIC8+DQogICAgICAgIDxGb3JtUG9zdFBhcmFtZXRlciBOYW1lPSJPVEVtcElEIiBWYWx1ZT0icmJ0U2luZ2xlRW1wSUQiIFJlY29yZGVkVmFsdWU9InJidFNpbmdsZUVtcElEIiBDb3JyZWxhdGlvbkJpbmRpbmc9Int7Rm9ybVBvc3RQYXJhbTEwOS5PVEVtcElEfX0iIFVybEVuY29kZT0iVHJ1ZSIgLz4NCiAgICAgICAgPEZvcm1Qb3N0UGFyYW1ldGVyIE5hbWU9InR4dE9URW1wSUQiIFZhbHVlPSIxMDIxMTkiIFJlY29yZGVkVmFsdWU9IjEwMjExOSIgQ29ycmVsYXRpb25CaW5kaW5nPSJ7e0Zvcm1Qb3N0UGFyYW0xMTAudHh0T1RFbXBJRH19IiBVcmxFbmNvZGU9IlRydWUiIC8+DQogICAgICAgIDxGb3JtUG9zdFBhcmFtZXRlciBOYW1lPSJ0eHRPVEVtcE5hbWUiIFZhbHVlPSLlu5ZP576pIiBSZWNvcmRlZFZhbHVlPSLlu5ZP576pIiBDb3JyZWxhdGlvbkJpbmRpbmc9Int7Rm9ybVBvc3RQYXJhbTExMS50eHRPVEVtcE5hbWV9fSIgVXJsRW5jb2RlPSJUcnVlIiAvPg0KICAgICAgICA8Rm9ybVBvc3RQYXJhbWV0ZXIgTmFtZT0idWNEYXRlU3RhcnQkdHh0RGF0ZSIgVmFsdWU9IjIwMTcvMDUvMTYiIFJlY29yZGVkVmFsdWU9IjIwMTcvMDUvMTYiIENvcnJlbGF0aW9uQmluZGluZz0ie3tGb3JtUG9zdFBhcmFtMTEyLnVjRGF0ZVN0YXJ0JHR4dERhdGV9fSIgVXJsRW5jb2RlPSJUcnVlIiAvPg0KICAgICAgICA8Rm9ybVBvc3RQYXJhbWV0ZXIgTmFtZT0idWNEYXRlRW5kJHR4dERhdGUiIFZhbHVlPSIyMDE3LzA1LzE2IiBSZWNvcmRlZFZhbHVlPSIyMDE3LzA1LzE2IiBDb3JyZWxhdGlvbkJpbmRpbmc9Int7Rm9ybVBvc3RQYXJhbTExMy51Y0RhdGVFbmQkdHh0RGF0ZX19IiBVcmxFbmNvZGU9IlRydWUiIC8+DQogICAgICAgIDxGb3JtUG9zdFBhcmFtZXRlciBOYW1lPSJPVFRpbWVTdGFydCRkZGxISCIgVmFsdWU9IjAwIiBSZWNvcmRlZFZhbHVlPSIwMCIgQ29ycmVsYXRpb25CaW5kaW5nPSJ7e0Zvcm1Qb3N0UGFyYW0xMTYuT1RUaW1lU3RhcnQkZGRsSEh9fSIgVXJsRW5jb2RlPSJUcnVlIiAvPg0KICAgICAgICA8Rm9ybVBvc3RQYXJhbWV0ZXIgTmFtZT0iT1RUaW1lU3RhcnQkZGRsTU0iIFZhbHVlPSLoq4vpgbjmk4ciIFJlY29yZGVkVmFsdWU9Iuiri+mBuOaThyIgQ29ycmVsYXRpb25CaW5kaW5nPSJ7e0Zvcm1Qb3N0UGFyYW0xMTcuT1RUaW1lU3RhcnQkZGRsTU19fSIgVXJsRW5jb2RlPSJUcnVlIiAvPg0KICAgICAgICA8Rm9ybVBvc3RQYXJhbWV0ZXIgTmFtZT0iT1RUaW1lRW5kJGRkbEhIIiBWYWx1ZT0i6KuL6YG45pOHIiBSZWNvcmRlZFZhbHVlPSLoq4vpgbjmk4ciIENvcnJlbGF0aW9uQmluZGluZz0ie3tGb3JtUG9zdFBhcmFtMTE4Lk9UVGltZUVuZCRkZGxISH19IiBVcmxFbmNvZGU9IlRydWUiIC8+DQogICAgICAgIDxGb3JtUG9zdFBhcmFtZXRlciBOYW1lPSJPVFRpbWVFbmQkZGRsTU0iIFZhbHVlPSLoq4vpgbjmk4ciIFJlY29yZGVkVmFsdWU9Iuiri+mBuOaThyIgQ29ycmVsYXRpb25CaW5kaW5nPSJ7e0Zvcm1Qb3N0UGFyYW0xMTkuT1RUaW1lRW5kJGRkbE1NfX0iIFVybEVuY29kZT0iVHJ1ZSIgLz4NCiAgICAgICAgPEZvcm1Qb3N0UGFyYW1ldGVyIE5hbWU9ImNoa01lYWxGbGFnIiBWYWx1ZT0ib24iIFJlY29yZGVkVmFsdWU9Im9uIiBDb3JyZWxhdGlvbkJpbmRpbmc9IiIgVXJsRW5jb2RlPSJUcnVlIiAvPg0KICAgICAgICA8Rm9ybVBvc3RQYXJhbWV0ZXIgTmFtZT0idHh0TWVhbFRpbWUiIFZhbHVlPSIwIiBSZWNvcmRlZFZhbHVlPSIwIiBDb3JyZWxhdGlvbkJpbmRpbmc9Int7Rm9ybVBvc3RQYXJhbTExNC50eHRNZWFsVGltZX19IiBVcmxFbmNvZGU9IlRydWUiIC8+DQogICAgICAgIDxGb3JtUG9zdFBhcmFtZXRlciBOYW1lPSJkZGxPVFR5cGVJRCIgVmFsdWU9IjAiIFJlY29yZGVkVmFsdWU9IjAiIENvcnJlbGF0aW9uQmluZGluZz0ie3tGb3JtUG9zdFBhcmFtMTIwLmRkbE9UVHlwZUlEfX0iIFVybEVuY29kZT0iVHJ1ZSIgLz4NCiAgICAgICAgPEZvcm1Qb3N0UGFyYW1ldGVyIE5hbWU9InR4dE9UUmVhc29uTWVtbyR0eHREYXRhIiBWYWx1ZT0iIiBSZWNvcmRlZFZhbHVlPSIiIENvcnJlbGF0aW9uQmluZGluZz0iIiBVcmxFbmNvZGU9IlRydWUiIC8+DQogICAgICAgIDxGb3JtUG9zdFBhcmFtZXRlciBOYW1lPSJkZGxPcmciIFZhbHVlPSIxIiBSZWNvcmRlZFZhbHVlPSIxIiBDb3JyZWxhdGlvbkJpbmRpbmc9Int7Rm9ybVBvc3RQYXJhbTEyMS5kZGxPcmd9fSIgVXJsRW5jb2RlPSJUcnVlIiAvPg0KICAgICAgICA8Rm9ybVBvc3RQYXJhbWV0ZXIgTmFtZT0idWNDYXNjYWRpbmdEcm9wRG93bjEkZGRsMDIiIFZhbHVlPSIwMDBHMDAiIFJlY29yZGVkVmFsdWU9IjAwMEcwMCIgQ29ycmVsYXRpb25CaW5kaW5nPSJ7e0Zvcm1Qb3N0UGFyYW0xMjIudWNDYXNjYWRpbmdEcm9wRG93bjEkZGRsMDJ9fSIgVXJsRW5jb2RlPSJUcnVlIiAvPg0KICAgICAgICA8Rm9ybVBvc3RQYXJhbWV0ZXIgTmFtZT0idWNDYXNjYWRpbmdEcm9wRG93bjEkZGRsMDMiIFZhbHVlPSIwMDBHOTAiIFJlY29yZGVkVmFsdWU9IjAwMEc5MCIgQ29ycmVsYXRpb25CaW5kaW5nPSJ7e0Zvcm1Qb3N0UGFyYW0xMjMudWNDYXNjYWRpbmdEcm9wRG93bjEkZGRsMDN9fSIgVXJsRW5jb2RlPSJUcnVlIiAvPg0KICAgICAgICA8Rm9ybVBvc3RQYXJhbWV0ZXIgTmFtZT0idWNDYXNjYWRpbmdEcm9wRG93bjEkZGRsMDQiIFZhbHVlPSIiIFJlY29yZGVkVmFsdWU9IiIgQ29ycmVsYXRpb25CaW5kaW5nPSIiIFVybEVuY29kZT0iVHJ1ZSIgLz4NCiAgICAgICAgPEZvcm1Qb3N0UGFyYW1ldGVyIE5hbWU9InVjQ2FzY2FkaW5nRHJvcERvd24xJENhc2NhZGluZ0Ryb3BEb3duMV9DbGllbnRTdGF0ZSIgVmFsdWU9IlNQSEJLMTo6OuawuOixkOmKgOihjDo6OiIgUmVjb3JkZWRWYWx1ZT0iU1BIQksxOjo65rC46LGQ6YqA6KGMOjo6IiBDb3JyZWxhdGlvbkJpbmRpbmc9IiIgVXJsRW5jb2RlPSJUcnVlIiAvPg0KICAgICAgICA8Rm9ybVBvc3RQYXJhbWV0ZXIgTmFtZT0idWNDYXNjYWRpbmdEcm9wRG93bjEkQ2FzY2FkaW5nRHJvcERvd24yX0NsaWVudFN0YXRlIiBWYWx1ZT0iMDAwRzAwOjo65Lq65Yqb6LOH5rqQ6JmVOjo6IiBSZWNvcmRlZFZhbHVlPSIwMDBHMDA6Ojrkurrlipvos4fmupDomZU6OjoiIENvcnJlbGF0aW9uQmluZGluZz0iIiBVcmxFbmNvZGU9IlRydWUiIC8+DQogICAgICAgIDxGb3JtUG9zdFBhcmFtZXRlciBOYW1lPSJ1Y0Nhc2NhZGluZ0Ryb3BEb3duMSRDYXNjYWRpbmdEcm9wRG93bjNfQ2xpZW50U3RhdGUiIFZhbHVlPSIwMDBHOTA6Ojrkurros4fmlbjmk5rmh4nnlKjnp5E6OjoiIFJlY29yZGVkVmFsdWU9IjAwMEc5MDo6OuS6uuizh+aVuOaTmuaHieeUqOenkTo6OiIgQ29ycmVsYXRpb25CaW5kaW5nPSIiIFVybEVuY29kZT0iVHJ1ZSIgLz4NCiAgICAgICAgPEZvcm1Qb3N0UGFyYW1ldGVyIE5hbWU9InVjQ2FzY2FkaW5nRHJvcERvd24xJENhc2NhZGluZ0Ryb3BEb3duNF9DbGllbnRTdGF0ZSIgVmFsdWU9Ijo6Ojo6OiIgUmVjb3JkZWRWYWx1ZT0iOjo6Ojo6IiBDb3JyZWxhdGlvbkJpbmRpbmc9IiIgVXJsRW5jb2RlPSJUcnVlIiAvPg0KICAgICAgICA8Rm9ybVBvc3RQYXJhbWV0ZXIgTmFtZT0idWNDYXNjYWRpbmdEcm9wRG93bjEkQ2FzY2FkaW5nRHJvcERvd241X0NsaWVudFN0YXRlIiBWYWx1ZT0ie3skSElEREVOMS51Y0Nhc2NhZGluZ0Ryb3BEb3duMSRDYXNjYWRpbmdEcm9wRG93bjVfQ2xpZW50U3RhdGV9fSIgUmVjb3JkZWRWYWx1ZT0iIiBDb3JyZWxhdGlvbkJpbmRpbmc9IiIgVXJsRW5jb2RlPSJUcnVlIiAvPg0KICAgICAgICA8Rm9ybVBvc3RQYXJhbWV0ZXIgTmFtZT0idWNDYXNjYWRpbmdEcm9wRG93bjIkQ2FzY2FkaW5nRHJvcERvd24xX0NsaWVudFN0YXRlIiBWYWx1ZT0iOjo6Ojo6IiBSZWNvcmRlZFZhbHVlPSI6Ojo6OjoiIENvcnJlbGF0aW9uQmluZGluZz0iIiBVcmxFbmNvZGU9IlRydWUiIC8+DQogICAgICAgIDxGb3JtUG9zdFBhcmFtZXRlciBOYW1lPSJ1Y0Nhc2NhZGluZ0Ryb3BEb3duMiRDYXNjYWRpbmdEcm9wRG93bjJfQ2xpZW50U3RhdGUiIFZhbHVlPSI6Ojo6OjoiIFJlY29yZGVkVmFsdWU9Ijo6Ojo6OiIgQ29ycmVsYXRpb25CaW5kaW5nPSIiIFVybEVuY29kZT0iVHJ1ZSIgLz4NCiAgICAgICAgPEZvcm1Qb3N0UGFyYW1ldGVyIE5hbWU9InVjQ2FzY2FkaW5nRHJvcERvd24yJENhc2NhZGluZ0Ryb3BEb3duM19DbGllbnRTdGF0ZSIgVmFsdWU9Ijo6Ojo6OiIgUmVjb3JkZWRWYWx1ZT0iOjo6Ojo6IiBDb3JyZWxhdGlvbkJpbmRpbmc9IiIgVXJsRW5jb2RlPSJUcnVlIiAvPg0KICAgICAgICA8Rm9ybVBvc3RQYXJhbWV0ZXIgTmFtZT0idWNDYXNjYWRpbmdEcm9wRG93bjIkQ2FzY2FkaW5nRHJvcERvd240X0NsaWVudFN0YXRlIiBWYWx1ZT0ie3skSElEREVOMS51Y0Nhc2NhZGluZ0Ryb3BEb3duMiRDYXNjYWRpbmdEcm9wRG93bjRfQ2xpZW50U3RhdGV9fSIgUmVjb3JkZWRWYWx1ZT0iIiBDb3JyZWxhdGlvbkJpbmRpbmc9IiIgVXJsRW5jb2RlPSJUcnVlIiAvPg0KICAgICAgICA8Rm9ybVBvc3RQYXJhbWV0ZXIgTmFtZT0idWNDYXNjYWRpbmdEcm9wRG93bjIkQ2FzY2FkaW5nRHJvcERvd241X0NsaWVudFN0YXRlIiBWYWx1ZT0ie3skSElEREVOMS51Y0Nhc2NhZGluZ0Ryb3BEb3duMiRDYXNjYWRpbmdEcm9wRG93bjVfQ2xpZW50U3RhdGV9fSIgUmVjb3JkZWRWYWx1ZT0iIiBDb3JyZWxhdGlvbkJpbmRpbmc9IiIgVXJsRW5jb2RlPSJUcnVlIiAvPg0KICAgICAgICA8Rm9ybVBvc3RQYXJhbWV0ZXIgTmFtZT0iZnJhbWVBdHRhY2giIFZhbHVlPSIvVXRpbC9BdHRhY2hBZG1pbi5hc3B4P0F0dGFjaERCPUFhdHRlbmRhbnREQl9JVFJEJmFtcDtBdHRhY2hJRD10ZXN0MTAyMTE5ZDc5MmRkYzgtMWYwYy00YmU2LWJhMDYtMWJkNTI4MGNiMjlhJmFtcDtBdHRhY2hGaWxlTWF4UXR5PTEmYW1wO0F0dGFjaEZpbGVNYXhLQj0zMDcyJmFtcDtBdHRhY2hGaWxlVG90S0I9MzA3MiZhbXA7QXR0YWNoRmlsZUV4dExpc3Q9IiBSZWNvcmRlZFZhbHVlPSIvVXRpbC9BdHRhY2hBZG1pbi5hc3B4P0F0dGFjaERCPUFhdHRlbmRhbnREQl9JVFJEJmFtcDtBdHRhY2hJRD10ZXN0MTAyMTE5ZDc5MmRkYzgtMWYwYy00YmU2LWJhMDYtMWJkNTI4MGNiMjlhJmFtcDtBdHRhY2hGaWxlTWF4UXR5PTEmYW1wO0F0dGFjaEZpbGVNYXhLQj0zMDcyJmFtcDtBdHRhY2hGaWxlVG90S0I9MzA3MiZhbXA7QXR0YWNoRmlsZUV4dExpc3Q9IiBDb3JyZWxhdGlvbkJpbmRpbmc9IiIgVXJsRW5jb2RlPSJUcnVlIiAvPg0KICAgICAgICA8Rm9ybVBvc3RQYXJhbWV0ZXIgTmFtZT0idWNNb2RhbFBvcHVwMSRDbGllbnRXaWR0aCIgVmFsdWU9Int7JEhJRERFTjEudWNNb2RhbFBvcHVwMSRDbGllbnRXaWR0aH19IiBSZWNvcmRlZFZhbHVlPSIwIiBDb3JyZWxhdGlvbkJpbmRpbmc9IiIgVXJsRW5jb2RlPSJUcnVlIiAvPg0KICAgICAgICA8Rm9ybVBvc3RQYXJhbWV0ZXIgTmFtZT0idWNNb2RhbFBvcHVwMSRDbGllbnRIZWlnaHQiIFZhbHVlPSJ7eyRISURERU4xLnVjTW9kYWxQb3B1cDEkQ2xpZW50SGVpZ2h0fX0iIFJlY29yZGVkVmFsdWU9IjAiIENvcnJlbGF0aW9uQmluZGluZz0iIiBVcmxFbmNvZGU9IlRydWUiIC8+DQogICAgICAgIDxGb3JtUG9zdFBhcmFtZXRlciBOYW1lPSJoaWRkZW5JbnB1dFRvVXBkYXRlQVRCdWZmZXJfQ29tbW9uVG9vbGtpdFNjcmlwdHMiIFZhbHVlPSIwIiBSZWNvcmRlZFZhbHVlPSIwIiBDb3JyZWxhdGlvbkJpbmRpbmc9Int7Rm9ybVBvc3RQYXJhbTEyNC5oaWRkZW5JbnB1dFRvVXBkYXRlQVRCdWZmZXJfQ29tbW9uVG9vbGtpdFNjcmlwdHN9fSIgVXJsRW5jb2RlPSJUcnVlIiAvPg0KICAgICAgPC9Gb3JtUG9zdEh0dHBCb2R5Pg0KICAgIDwvUmVxdWVzdD4NCiAgICA8UmVxdWVzdCBNZXRob2Q9IlBPU1QiIEd1aWQ9IjFmMzNkZTBhLWIyMjUtNGVlNy1iNTAzLTBlMjgwOTVlNjVjNiIgVmVyc2lvbj0iMS4xIiBVcmw9Imh0dHA6Ly8xMC4xMS4zNi4xMTQ6ODAwNy9PdmVyVGltZS9PdmVydGltZVByZU9yZGVyX0FkZC5hc3B4IiBUaGlua1RpbWU9IjAiIFRpbWVvdXQ9IjMwMCIgUGFyc2VEZXBlbmRlbnRSZXF1ZXN0cz0iVHJ1ZSIgRm9sbG93UmVkaXJlY3RzPSJUcnVlIiBSZWNvcmRSZXN1bHQ9IlRydWUiIENhY2hlPSJGYWxzZSIgUmVzcG9uc2VUaW1lR29hbD0iMCIgRW5jb2Rpbmc9InV0Zi04IiBFeHBlY3RlZEh0dHBTdGF0dXNDb2RlPSIwIiBFeHBlY3RlZFJlc3BvbnNlVXJsPSIiIFJlcG9ydGluZ05hbWU9IiIgSWdub3JlSHR0cFN0YXR1c0NvZGU9IkZhbHNlIj4NCiAgICAgIDxFeHRyYWN0aW9uUnVsZXM+DQogICAgICAgIDxFeHRyYWN0aW9uUnVsZSBDbGFzc25hbWU9Ik1pY3Jvc29mdC5WaXN1YWxTdHVkaW8uVGVzdFRvb2xzLldlYlRlc3RpbmcuUnVsZXMuRXh0cmFjdEhpZGRlbkZpZWxkcywgTWljcm9zb2Z0LlZpc3VhbFN0dWRpby5RdWFsaXR5VG9vbHMuV2ViVGVzdEZyYW1ld29yaywgVmVyc2lvbj0xMC4wLjAuMCwgQ3VsdHVyZT1uZXV0cmFsLCBQdWJsaWNLZXlUb2tlbj1iMDNmNWY3ZjExZDUwYTNhIiBWYXJpYWJsZU5hbWU9IjEiIERpc3BsYXlOYW1lPSLmk7flj5bpmrHol4/mrITkvY0iIERlc2NyaXB0aW9uPSLmk7flj5blm57mh4nkuK3nmoTmiYDmnInpmrHol4/mrITkvY3vvIzkuKblsIflroPlgJHmlL7lnKjmuKzoqablhaflrrnkuK3jgIIiPg0KICAgICAgICAgIDxSdWxlUGFyYW1ldGVycz4NCiAgICAgICAgICAgIDxSdWxlUGFyYW1ldGVyIE5hbWU9IlJlcXVpcmVkIiBWYWx1ZT0iVHJ1ZSIgLz4NCiAgICAgICAgICAgIDxSdWxlUGFyYW1ldGVyIE5hbWU9Ikh0bWxEZWNvZGUiIFZhbHVlPSJUcnVlIiAvPg0KICAgICAgICAgIDwvUnVsZVBhcmFtZXRlcnM+DQogICAgICAgIDwvRXh0cmFjdGlvblJ1bGU+DQogICAgICA8L0V4dHJhY3Rpb25SdWxlcz4NCiAgICAgIDxDb3JyZWxhdGlvbkV4dHJhY3Rpb25SdWxlcz4NCiAgICAgICAgPEV4dHJhY3Rpb25SdWxlIENsYXNzbmFtZT0iTWljcm9zb2Z0LlZpc3VhbFN0dWRpby5UZXN0VG9vbHMuV2ViVGVzdGluZy5SdWxlcy5FeHRyYWN0Rm9ybUZpZWxkLCBNaWNyb3NvZnQuVmlzdWFsU3R1ZGlvLlF1YWxpdHlUb29scy5XZWJUZXN0RnJhbWV3b3JrLCBWZXJzaW9uPTEwLjAuMC4wLCBDdWx0dXJlPW5ldXRyYWwsIFB1YmxpY0tleVRva2VuPWIwM2Y1ZjdmMTFkNTBhM2EiIFZhcmlhYmxlTmFtZT0iRm9ybVBvc3RQYXJhbTc4Lk9URW1wSUQiIERpc3BsYXlOYW1lPSIiIERlc2NyaXB0aW9uPSIiPg0KICAgICAgICAgIDxSdWxlUGFyYW1ldGVycz4NCiAgICAgICAgICAgIDxSdWxlUGFyYW1ldGVyIE5hbWU9Ik5hbWUiIFZhbHVlPSJyYnRTaW5nbGVFbXBJRCIgLz4NCiAgICAgICAgICAgIDxSdWxlUGFyYW1ldGVyIE5hbWU9Ikh0bWxEZWNvZGUiIFZhbHVlPSJUcnVlIiAvPg0KICAgICAgICAgICAgPFJ1bGVQYXJhbWV0ZXIgTmFtZT0iUmVxdWlyZWQiIFZhbHVlPSJGYWxzZSIgLz4NCiAgICAgICAgICAgIDxSdWxlUGFyYW1ldGVyIE5hbWU9IkluZGV4IiBWYWx1ZT0iMCIgLz4NCiAgICAgICAgICA8L1J1bGVQYXJhbWV0ZXJzPg0KICAgICAgICA8L0V4dHJhY3Rpb25SdWxlPg0KICAgICAgICA8RXh0cmFjdGlvblJ1bGUgQ2xhc3NuYW1lPSJNaWNyb3NvZnQuVmlzdWFsU3R1ZGlvLlRlc3RUb29scy5XZWJUZXN0aW5nLlJ1bGVzLkV4dHJhY3RGb3JtRmllbGQsIE1pY3Jvc29mdC5WaXN1YWxTdHVkaW8uUXVhbGl0eVRvb2xzLldlYlRlc3RGcmFtZXdvcmssIFZlcnNpb249MTAuMC4wLjAsIEN1bHR1cmU9bmV1dHJhbCwgUHVibGljS2V5VG9rZW49YjAzZjVmN2YxMWQ1MGEzYSIgVmFyaWFibGVOYW1lPSJGb3JtUG9zdFBhcmFtNzkudHh0T1RFbXBJRCIgRGlzcGxheU5hbWU9IiIgRGVzY3JpcHRpb249IiI+DQogICAgICAgICAgPFJ1bGVQYXJhbWV0ZXJzPg0KICAgICAgICAgICAgPFJ1bGVQYXJhbWV0ZXIgTmFtZT0iTmFtZSIgVmFsdWU9InR4dE9URW1wSUQiIC8+DQogICAgICAgICAgICA8UnVsZVBhcmFtZXRlciBOYW1lPSJIdG1sRGVjb2RlIiBWYWx1ZT0iVHJ1ZSIgLz4NCiAgICAgICAgICAgIDxSdWxlUGFyYW1ldGVyIE5hbWU9IlJlcXVpcmVkIiBWYWx1ZT0iRmFsc2UiIC8+DQogICAgICAgICAgICA8UnVsZVBhcmFtZXRlciBOYW1lPSJJbmRleCIgVmFsdWU9IjAiIC8+DQogICAgICAgICAgPC9SdWxlUGFyYW1ldGVycz4NCiAgICAgICAgPC9FeHRyYWN0aW9uUnVsZT4NCiAgICAgICAgPEV4dHJhY3Rpb25SdWxlIENsYXNzbmFtZT0iTWljcm9zb2Z0LlZpc3VhbFN0dWRpby5UZXN0VG9vbHMuV2ViVGVzdGluZy5SdWxlcy5FeHRyYWN0Rm9ybUZpZWxkLCBNaWNyb3NvZnQuVmlzdWFsU3R1ZGlvLlF1YWxpdHlUb29scy5XZWJUZXN0RnJhbWV3b3JrLCBWZXJzaW9uPTEwLjAuMC4wLCBDdWx0dXJlPW5ldXRyYWwsIFB1YmxpY0tleVRva2VuPWIwM2Y1ZjdmMTFkNTBhM2EiIFZhcmlhYmxlTmFtZT0iRm9ybVBvc3RQYXJhbTgwLnR4dE9URW1wTmFtZSIgRGlzcGxheU5hbWU9IiIgRGVzY3JpcHRpb249IiI+DQogICAgICAgICAgPFJ1bGVQYXJhbWV0ZXJzPg0KICAgICAgICAgICAgPFJ1bGVQYXJhbWV0ZXIgTmFtZT0iTmFtZSIgVmFsdWU9InR4dE9URW1wTmFtZSIgLz4NCiAgICAgICAgICAgIDxSdWxlUGFyYW1ldGVyIE5hbWU9Ikh0bWxEZWNvZGUiIFZhbHVlPSJUcnVlIiAvPg0KICAgICAgICAgICAgPFJ1bGVQYXJhbWV0ZXIgTmFtZT0iUmVxdWlyZWQiIFZhbHVlPSJGYWxzZSIgLz4NCiAgICAgICAgICAgIDxSdWxlUGFyYW1ldGVyIE5hbWU9IkluZGV4IiBWYWx1ZT0iMCIgLz4NCiAgICAgICAgICA8L1J1bGVQYXJhbWV0ZXJzPg0KICAgICAgICA8L0V4dHJhY3Rpb25SdWxlPg0KICAgICAgICA8RXh0cmFjdGlvblJ1bGUgQ2xhc3NuYW1lPSJNaWNyb3NvZnQuVmlzdWFsU3R1ZGlvLlRlc3RUb29scy5XZWJUZXN0aW5nLlJ1bGVzLkV4dHJhY3RGb3JtRmllbGQsIE1pY3Jvc29mdC5WaXN1YWxTdHVkaW8uUXVhbGl0eVRvb2xzLldlYlRlc3RGcmFtZXdvcmssIFZlcnNpb249MTAuMC4wLjAsIEN1bHR1cmU9bmV1dHJhbCwgUHVibGljS2V5VG9rZW49YjAzZjVmN2YxMWQ1MGEzYSIgVmFyaWFibGVOYW1lPSJGb3JtUG9zdFBhcmFtODEudWNEYXRlU3RhcnQkdHh0RGF0ZSIgRGlzcGxheU5hbWU9IiIgRGVzY3JpcHRpb249IiI+DQogICAgICAgICAgPFJ1bGVQYXJhbWV0ZXJzPg0KICAgICAgICAgICAgPFJ1bGVQYXJhbWV0ZXIgTmFtZT0iTmFtZSIgVmFsdWU9InVjRGF0ZVN0YXJ0X3R4dERhdGUiIC8+DQogICAgICAgICAgICA8UnVsZVBhcmFtZXRlciBOYW1lPSJIdG1sRGVjb2RlIiBWYWx1ZT0iVHJ1ZSIgLz4NCiAgICAgICAgICAgIDxSdWxlUGFyYW1ldGVyIE5hbWU9IlJlcXVpcmVkIiBWYWx1ZT0iRmFsc2UiIC8+DQogICAgICAgICAgICA8UnVsZVBhcmFtZXRlciBOYW1lPSJJbmRleCIgVmFsdWU9IjAiIC8+DQogICAgICAgICAgPC9SdWxlUGFyYW1ldGVycz4NCiAgICAgICAgPC9FeHRyYWN0aW9uUnVsZT4NCiAgICAgICAgPEV4dHJhY3Rpb25SdWxlIENsYXNzbmFtZT0iTWljcm9zb2Z0LlZpc3VhbFN0dWRpby5UZXN0VG9vbHMuV2ViVGVzdGluZy5SdWxlcy5FeHRyYWN0Rm9ybUZpZWxkLCBNaWNyb3NvZnQuVmlzdWFsU3R1ZGlvLlF1YWxpdHlUb29scy5XZWJUZXN0RnJhbWV3b3JrLCBWZXJzaW9uPTEwLjAuMC4wLCBDdWx0dXJlPW5ldXRyYWwsIFB1YmxpY0tleVRva2VuPWIwM2Y1ZjdmMTFkNTBhM2EiIFZhcmlhYmxlTmFtZT0iRm9ybVBvc3RQYXJhbTgyLnVjRGF0ZUVuZCR0eHREYXRlIiBEaXNwbGF5TmFtZT0iIiBEZXNjcmlwdGlvbj0iIj4NCiAgICAgICAgICA8UnVsZVBhcmFtZXRlcnM+DQogICAgICAgICAgICA8UnVsZVBhcmFtZXRlciBOYW1lPSJOYW1lIiBWYWx1ZT0idWNEYXRlRW5kX3R4dERhdGUiIC8+DQogICAgICAgICAgICA8UnVsZVBhcmFtZXRlciBOYW1lPSJIdG1sRGVjb2RlIiBWYWx1ZT0iVHJ1ZSIgLz4NCiAgICAgICAgICAgIDxSdWxlUGFyYW1ldGVyIE5hbWU9IlJlcXVpcmVkIiBWYWx1ZT0iRmFsc2UiIC8+DQogICAgICAgICAgICA8UnVsZVBhcmFtZXRlciBOYW1lPSJJbmRleCIgVmFsdWU9IjAiIC8+DQogICAgICAgICAgPC9SdWxlUGFyYW1ldGVycz4NCiAgICAgICAgPC9FeHRyYWN0aW9uUnVsZT4NCiAgICAgICAgPEV4dHJhY3Rpb25SdWxlIENsYXNzbmFtZT0iTWljcm9zb2Z0LlZpc3VhbFN0dWRpby5UZXN0VG9vbHMuV2ViVGVzdGluZy5SdWxlcy5FeHRyYWN0Rm9ybUZpZWxkLCBNaWNyb3NvZnQuVmlzdWFsU3R1ZGlvLlF1YWxpdHlUb29scy5XZWJUZXN0RnJhbWV3b3JrLCBWZXJzaW9uPTEwLjAuMC4wLCBDdWx0dXJlPW5ldXRyYWwsIFB1YmxpY0tleVRva2VuPWIwM2Y1ZjdmMTFkNTBhM2EiIFZhcmlhYmxlTmFtZT0iRm9ybVBvc3RQYXJhbTgzLnR4dE1lYWxUaW1lIiBEaXNwbGF5TmFtZT0iIiBEZXNjcmlwdGlvbj0iIj4NCiAgICAgICAgICA8UnVsZVBhcmFtZXRlcnM+DQogICAgICAgICAgICA8UnVsZVBhcmFtZXRlciBOYW1lPSJOYW1lIiBWYWx1ZT0idHh0TWVhbFRpbWUiIC8+DQogICAgICAgICAgICA8UnVsZVBhcmFtZXRlciBOYW1lPSJIdG1sRGVjb2RlIiBWYWx1ZT0iVHJ1ZSIgLz4NCiAgICAgICAgICAgIDxSdWxlUGFyYW1ldGVyIE5hbWU9IlJlcXVpcmVkIiBWYWx1ZT0iRmFsc2UiIC8+DQogICAgICAgICAgICA8UnVsZVBhcmFtZXRlciBOYW1lPSJJbmRleCIgVmFsdWU9IjAiIC8+DQogICAgICAgICAgPC9SdWxlUGFyYW1ldGVycz4NCiAgICAgICAgPC9FeHRyYWN0aW9uUnVsZT4NCiAgICAgICAgPEV4dHJhY3Rpb25SdWxlIENsYXNzbmFtZT0iTWljcm9zb2Z0LlZpc3VhbFN0dWRpby5UZXN0VG9vbHMuV2ViVGVzdGluZy5SdWxlcy5FeHRyYWN0VGV4dCwgTWljcm9zb2Z0LlZpc3VhbFN0dWRpby5RdWFsaXR5VG9vbHMuV2ViVGVzdEZyYW1ld29yaywgVmVyc2lvbj0xMC4wLjAuMCwgQ3VsdHVyZT1uZXV0cmFsLCBQdWJsaWNLZXlUb2tlbj1iMDNmNWY3ZjExZDUwYTNhIiBWYXJpYWJsZU5hbWU9IkZvcm1Qb3N0UGFyYW04NC5fX0VWRU5UVEFSR0VUIiBEaXNwbGF5TmFtZT0iIiBEZXNjcmlwdGlvbj0iIj4NCiAgICAgICAgICA8UnVsZVBhcmFtZXRlcnM+DQogICAgICAgICAgICA8UnVsZVBhcmFtZXRlciBOYW1lPSJTdGFydHNXaXRoIiBWYWx1ZT0iYW1lPSZxdW90OyIgLz4NCiAgICAgICAgICAgIDxSdWxlUGFyYW1ldGVyIE5hbWU9IkVuZHNXaXRoIiBWYWx1ZT0iJnF1b3Q7IG9uYyIgLz4NCiAgICAgICAgICAgIDxSdWxlUGFyYW1ldGVyIE5hbWU9IkluZGV4IiBWYWx1ZT0iMzMiIC8+DQogICAgICAgICAgICA8UnVsZVBhcmFtZXRlciBOYW1lPSJJZ25vcmVDYXNlIiBWYWx1ZT0iRmFsc2UiIC8+DQogICAgICAgICAgICA8UnVsZVBhcmFtZXRlciBOYW1lPSJVc2VSZWd1bGFyRXhwcmVzc2lvbiIgVmFsdWU9IkZhbHNlIiAvPg0KICAgICAgICAgICAgPFJ1bGVQYXJhbWV0ZXIgTmFtZT0iSHRtbERlY29kZSIgVmFsdWU9IlRydWUiIC8+DQogICAgICAgICAgICA8UnVsZVBhcmFtZXRlciBOYW1lPSJSZXF1aXJlZCIgVmFsdWU9IkZhbHNlIiAvPg0KICAgICAgICAgIDwvUnVsZVBhcmFtZXRlcnM+DQogICAgICAgIDwvRXh0cmFjdGlvblJ1bGU+DQogICAgICAgIDxFeHRyYWN0aW9uUnVsZSBDbGFzc25hbWU9Ik1pY3Jvc29mdC5WaXN1YWxTdHVkaW8uVGVzdFRvb2xzLldlYlRlc3RpbmcuUnVsZXMuRXh0cmFjdFRleHQsIE1pY3Jvc29mdC5WaXN1YWxTdHVkaW8uUXVhbGl0eVRvb2xzLldlYlRlc3RGcmFtZXdvcmssIFZlcnNpb249MTAuMC4wLjAsIEN1bHR1cmU9bmV1dHJhbCwgUHVibGljS2V5VG9rZW49YjAzZjVmN2YxMWQ1MGEzYSIgVmFyaWFibGVOYW1lPSJGb3JtUG9zdFBhcmFtODUuT1RUaW1lU3RhcnQkZGRsSEgiIERpc3BsYXlOYW1lPSIiIERlc2NyaXB0aW9uPSIiPg0KICAgICAgICAgIDxSdWxlUGFyYW1ldGVycz4NCiAgICAgICAgICAgIDxSdWxlUGFyYW1ldGVyIE5hbWU9IlN0YXJ0c1dpdGgiIFZhbHVlPSJsdWU9JnF1b3Q7IiAvPg0KICAgICAgICAgICAgPFJ1bGVQYXJhbWV0ZXIgTmFtZT0iRW5kc1dpdGgiIFZhbHVlPSImcXVvdDsmZ3Q7MDAmbHQ7IiAvPg0KICAgICAgICAgICAgPFJ1bGVQYXJhbWV0ZXIgTmFtZT0iSW5kZXgiIFZhbHVlPSIzMCIgLz4NCiAgICAgICAgICAgIDxSdWxlUGFyYW1ldGVyIE5hbWU9Iklnbm9yZUNhc2UiIFZhbHVlPSJGYWxzZSIgLz4NCiAgICAgICAgICAgIDxSdWxlUGFyYW1ldGVyIE5hbWU9IlVzZVJlZ3VsYXJFeHByZXNzaW9uIiBWYWx1ZT0iRmFsc2UiIC8+DQogICAgICAgICAgICA8UnVsZVBhcmFtZXRlciBOYW1lPSJIdG1sRGVjb2RlIiBWYWx1ZT0iVHJ1ZSIgLz4NCiAgICAgICAgICAgIDxSdWxlUGFyYW1ldGVyIE5hbWU9IlJlcXVpcmVkIiBWYWx1ZT0iRmFsc2UiIC8+DQogICAgICAgICAgPC9SdWxlUGFyYW1ldGVycz4NCiAgICAgICAgPC9FeHRyYWN0aW9uUnVsZT4NCiAgICAgICAgPEV4dHJhY3Rpb25SdWxlIENsYXNzbmFtZT0iTWljcm9zb2Z0LlZpc3VhbFN0dWRpby5UZXN0VG9vbHMuV2ViVGVzdGluZy5SdWxlcy5FeHRyYWN0VGV4dCwgTWljcm9zb2Z0LlZpc3VhbFN0dWRpby5RdWFsaXR5VG9vbHMuV2ViVGVzdEZyYW1ld29yaywgVmVyc2lvbj0xMC4wLjAuMCwgQ3VsdHVyZT1uZXV0cmFsLCBQdWJsaWNLZXlUb2tlbj1iMDNmNWY3ZjExZDUwYTNhIiBWYXJpYWJsZU5hbWU9IkZvcm1Qb3N0UGFyYW04Ni5PVFRpbWVTdGFydCRkZGxNTSIgRGlzcGxheU5hbWU9IiIgRGVzY3JpcHRpb249IiI+DQogICAgICAgICAgPFJ1bGVQYXJhbWV0ZXJzPg0KICAgICAgICAgICAgPFJ1bGVQYXJhbWV0ZXIgTmFtZT0iU3RhcnRzV2l0aCIgVmFsdWU9Imx1ZT0mcXVvdDsiIC8+DQogICAgICAgICAgICA8UnVsZVBhcmFtZXRlciBOYW1lPSJFbmRzV2l0aCIgVmFsdWU9IiZxdW90OyZndDswMCZsdDsiIC8+DQogICAgICAgICAgICA8UnVsZVBhcmFtZXRlciBOYW1lPSJJbmRleCIgVmFsdWU9IjMwIiAvPg0KICAgICAgICAgICAgPFJ1bGVQYXJhbWV0ZXIgTmFtZT0iSWdub3JlQ2FzZSIgVmFsdWU9IkZhbHNlIiAvPg0KICAgICAgICAgICAgPFJ1bGVQYXJhbWV0ZXIgTmFtZT0iVXNlUmVndWxhckV4cHJlc3Npb24iIFZhbHVlPSJGYWxzZSIgLz4NCiAgICAgICAgICAgIDxSdWxlUGFyYW1ldGVyIE5hbWU9Ikh0bWxEZWNvZGUiIFZhbHVlPSJUcnVlIiAvPg0KICAgICAgICAgICAgPFJ1bGVQYXJhbWV0ZXIgTmFtZT0iUmVxdWlyZWQiIFZhbHVlPSJGYWxzZSIgLz4NCiAgICAgICAgICA8L1J1bGVQYXJhbWV0ZXJzPg0KICAgICAgICA8L0V4dHJhY3Rpb25SdWxlPg0KICAgICAgICA8RXh0cmFjdGlvblJ1bGUgQ2xhc3NuYW1lPSJNaWNyb3NvZnQuVmlzdWFsU3R1ZGlvLlRlc3RUb29scy5XZWJUZXN0aW5nLlJ1bGVzLkV4dHJhY3RUZXh0LCBNaWNyb3NvZnQuVmlzdWFsU3R1ZGlvLlF1YWxpdHlUb29scy5XZWJUZXN0RnJhbWV3b3JrLCBWZXJzaW9uPTEwLjAuMC4wLCBDdWx0dXJlPW5ldXRyYWwsIFB1YmxpY0tleVRva2VuPWIwM2Y1ZjdmMTFkNTBhM2EiIFZhcmlhYmxlTmFtZT0iRm9ybVBvc3RQYXJhbTg3Lk9UVGltZUVuZCRkZGxISCIgRGlzcGxheU5hbWU9IiIgRGVzY3JpcHRpb249IiI+DQogICAgICAgICAgPFJ1bGVQYXJhbWV0ZXJzPg0KICAgICAgICAgICAgPFJ1bGVQYXJhbWV0ZXIgTmFtZT0iU3RhcnRzV2l0aCIgVmFsdWU9Imx1ZT0mcXVvdDsiIC8+DQogICAgICAgICAgICA8UnVsZVBhcmFtZXRlciBOYW1lPSJFbmRzV2l0aCIgVmFsdWU9IiZxdW90OyZndDswMSZsdDsiIC8+DQogICAgICAgICAgICA8UnVsZVBhcmFtZXRlciBOYW1lPSJJbmRleCIgVmFsdWU9IjMxIiAvPg0KICAgICAgICAgICAgPFJ1bGVQYXJhbWV0ZXIgTmFtZT0iSWdub3JlQ2FzZSIgVmFsdWU9IkZhbHNlIiAvPg0KICAgICAgICAgICAgPFJ1bGVQYXJhbWV0ZXIgTmFtZT0iVXNlUmVndWxhckV4cHJlc3Npb24iIFZhbHVlPSJGYWxzZSIgLz4NCiAgICAgICAgICAgIDxSdWxlUGFyYW1ldGVyIE5hbWU9Ikh0bWxEZWNvZGUiIFZhbHVlPSJUcnVlIiAvPg0KICAgICAgICAgICAgPFJ1bGVQYXJhbWV0ZXIgTmFtZT0iUmVxdWlyZWQiIFZhbHVlPSJGYWxzZSIgLz4NCiAgICAgICAgICA8L1J1bGVQYXJhbWV0ZXJzPg0KICAgICAgICA8L0V4dHJhY3Rpb25SdWxlPg0KICAgICAgICA8RXh0cmFjdGlvblJ1bGUgQ2xhc3NuYW1lPSJNaWNyb3NvZnQuVmlzdWFsU3R1ZGlvLlRlc3RUb29scy5XZWJUZXN0aW5nLlJ1bGVzLkV4dHJhY3RUZXh0LCBNaWNyb3NvZnQuVmlzdWFsU3R1ZGlvLlF1YWxpdHlUb29scy5XZWJUZXN0RnJhbWV3b3JrLCBWZXJzaW9uPTEwLjAuMC4wLCBDdWx0dXJlPW5ldXRyYWwsIFB1YmxpY0tleVRva2VuPWIwM2Y1ZjdmMTFkNTBhM2EiIFZhcmlhYmxlTmFtZT0iRm9ybVBvc3RQYXJhbTg4Lk9UVGltZUVuZCRkZGxNTSIgRGlzcGxheU5hbWU9IiIgRGVzY3JpcHRpb249IiI+DQogICAgICAgICAgPFJ1bGVQYXJhbWV0ZXJzPg0KICAgICAgICAgICAgPFJ1bGVQYXJhbWV0ZXIgTmFtZT0iU3RhcnRzV2l0aCIgVmFsdWU9Imx1ZT0mcXVvdDsiIC8+DQogICAgICAgICAgICA8UnVsZVBhcmFtZXRlciBOYW1lPSJFbmRzV2l0aCIgVmFsdWU9IiZxdW90OyZndDvoq4vpgbjmk4ciIC8+DQogICAgICAgICAgICA8UnVsZVBhcmFtZXRlciBOYW1lPSJJbmRleCIgVmFsdWU9IjI5IiAvPg0KICAgICAgICAgICAgPFJ1bGVQYXJhbWV0ZXIgTmFtZT0iSWdub3JlQ2FzZSIgVmFsdWU9IkZhbHNlIiAvPg0KICAgICAgICAgICAgPFJ1bGVQYXJhbWV0ZXIgTmFtZT0iVXNlUmVndWxhckV4cHJlc3Npb24iIFZhbHVlPSJGYWxzZSIgLz4NCiAgICAgICAgICAgIDxSdWxlUGFyYW1ldGVyIE5hbWU9Ikh0bWxEZWNvZGUiIFZhbHVlPSJUcnVlIiAvPg0KICAgICAgICAgICAgPFJ1bGVQYXJhbWV0ZXIgTmFtZT0iUmVxdWlyZWQiIFZhbHVlPSJGYWxzZSIgLz4NCiAgICAgICAgICA8L1J1bGVQYXJhbWV0ZXJzPg0KICAgICAgICA8L0V4dHJhY3Rpb25SdWxlPg0KICAgICAgICA8RXh0cmFjdGlvblJ1bGUgQ2xhc3NuYW1lPSJNaWNyb3NvZnQuVmlzdWFsU3R1ZGlvLlRlc3RUb29scy5XZWJUZXN0aW5nLlJ1bGVzLkV4dHJhY3RUZXh0LCBNaWNyb3NvZnQuVmlzdWFsU3R1ZGlvLlF1YWxpdHlUb29scy5XZWJUZXN0RnJhbWV3b3JrLCBWZXJzaW9uPTEwLjAuMC4wLCBDdWx0dXJlPW5ldXRyYWwsIFB1YmxpY0tleVRva2VuPWIwM2Y1ZjdmMTFkNTBhM2EiIFZhcmlhYmxlTmFtZT0iRm9ybVBvc3RQYXJhbTg5LmRkbE9UVHlwZUlEIiBEaXNwbGF5TmFtZT0iIiBEZXNjcmlwdGlvbj0iIj4NCiAgICAgICAgICA8UnVsZVBhcmFtZXRlcnM+DQogICAgICAgICAgICA8UnVsZVBhcmFtZXRlciBOYW1lPSJTdGFydHNXaXRoIiBWYWx1ZT0icyZxdW90OzpbJnF1b3Q7IiAvPg0KICAgICAgICAgICAgPFJ1bGVQYXJhbWV0ZXIgTmFtZT0iRW5kc1dpdGgiIFZhbHVlPSImcXVvdDssJnF1b3Q7MSZxdW90OyIgLz4NCiAgICAgICAgICAgIDxSdWxlUGFyYW1ldGVyIE5hbWU9IkluZGV4IiBWYWx1ZT0iMCIgLz4NCiAgICAgICAgICAgIDxSdWxlUGFyYW1ldGVyIE5hbWU9Iklnbm9yZUNhc2UiIFZhbHVlPSJGYWxzZSIgLz4NCiAgICAgICAgICAgIDxSdWxlUGFyYW1ldGVyIE5hbWU9IlVzZVJlZ3VsYXJFeHByZXNzaW9uIiBWYWx1ZT0iRmFsc2UiIC8+DQogICAgICAgICAgICA8UnVsZVBhcmFtZXRlciBOYW1lPSJIdG1sRGVjb2RlIiBWYWx1ZT0iVHJ1ZSIgLz4NCiAgICAgICAgICAgIDxSdWxlUGFyYW1ldGVyIE5hbWU9IlJlcXVpcmVkIiBWYWx1ZT0iRmFsc2UiIC8+DQogICAgICAgICAgPC9SdWxlUGFyYW1ldGVycz4NCiAgICAgICAgPC9FeHRyYWN0aW9uUnVsZT4NCiAgICAgICAgPEV4dHJhY3Rpb25SdWxlIENsYXNzbmFtZT0iTWljcm9zb2Z0LlZpc3VhbFN0dWRpby5UZXN0VG9vbHMuV2ViVGVzdGluZy5SdWxlcy5FeHRyYWN0VGV4dCwgTWljcm9zb2Z0LlZpc3VhbFN0dWRpby5RdWFsaXR5VG9vbHMuV2ViVGVzdEZyYW1ld29yaywgVmVyc2lvbj0xMC4wLjAuMCwgQ3VsdHVyZT1uZXV0cmFsLCBQdWJsaWNLZXlUb2tlbj1iMDNmNWY3ZjExZDUwYTNhIiBWYXJpYWJsZU5hbWU9IkZvcm1Qb3N0UGFyYW05MC5kZGxPcmciIERpc3BsYXlOYW1lPSIiIERlc2NyaXB0aW9uPSIiPg0KICAgICAgICAgIDxSdWxlUGFyYW1ldGVycz4NCiAgICAgICAgICAgIDxSdWxlUGFyYW1ldGVyIE5hbWU9IlN0YXJ0c1dpdGgiIFZhbHVlPSImcXVvdDswJnF1b3Q7LCZxdW90OyIgLz4NCiAgICAgICAgICAgIDxSdWxlUGFyYW1ldGVyIE5hbWU9IkVuZHNXaXRoIiBWYWx1ZT0iJnF1b3Q7LCZxdW90OzImcXVvdDsiIC8+DQogICAgICAgICAgICA8UnVsZVBhcmFtZXRlciBOYW1lPSJJbmRleCIgVmFsdWU9IjAiIC8+DQogICAgICAgICAgICA8UnVsZVBhcmFtZXRlciBOYW1lPSJJZ25vcmVDYXNlIiBWYWx1ZT0iRmFsc2UiIC8+DQogICAgICAgICAgICA8UnVsZVBhcmFtZXRlciBOYW1lPSJVc2VSZWd1bGFyRXhwcmVzc2lvbiIgVmFsdWU9IkZhbHNlIiAvPg0KICAgICAgICAgICAgPFJ1bGVQYXJhbWV0ZXIgTmFtZT0iSHRtbERlY29kZSIgVmFsdWU9IlRydWUiIC8+DQogICAgICAgICAgICA8UnVsZVBhcmFtZXRlciBOYW1lPSJSZXF1aXJlZCIgVmFsdWU9IkZhbHNlIiAvPg0KICAgICAgICAgIDwvUnVsZVBhcmFtZXRlcnM+DQogICAgICAgIDwvRXh0cmFjdGlvblJ1bGU+DQogICAgICAgIDxFeHRyYWN0aW9uUnVsZSBDbGFzc25hbWU9Ik1pY3Jvc29mdC5WaXN1YWxTdHVkaW8uVGVzdFRvb2xzLldlYlRlc3RpbmcuUnVsZXMuRXh0cmFjdFRleHQsIE1pY3Jvc29mdC5WaXN1YWxTdHVkaW8uUXVhbGl0eVRvb2xzLldlYlRlc3RGcmFtZXdvcmssIFZlcnNpb249MTAuMC4wLjAsIEN1bHR1cmU9bmV1dHJhbCwgUHVibGljS2V5VG9rZW49YjAzZjVmN2YxMWQ1MGEzYSIgVmFyaWFibGVOYW1lPSJGb3JtUG9zdFBhcmFtOTEudWNDYXNjYWRpbmdEcm9wRG93bjEkZGRsMDIiIERpc3BsYXlOYW1lPSIiIERlc2NyaXB0aW9uPSIiPg0KICAgICAgICAgIDxSdWxlUGFyYW1ldGVycz4NCiAgICAgICAgICAgIDxSdWxlUGFyYW1ldGVyIE5hbWU9IlN0YXJ0c1dpdGgiIFZhbHVlPSJsdWU9JnF1b3Q7IiAvPg0KICAgICAgICAgICAgPFJ1bGVQYXJhbWV0ZXIgTmFtZT0iRW5kc1dpdGgiIFZhbHVlPSImcXVvdDsgdGl0IiAvPg0KICAgICAgICAgICAgPFJ1bGVQYXJhbWV0ZXIgTmFtZT0iSW5kZXgiIFZhbHVlPSIyMjAiIC8+DQogICAgICAgICAgICA8UnVsZVBhcmFtZXRlciBOYW1lPSJJZ25vcmVDYXNlIiBWYWx1ZT0iRmFsc2UiIC8+DQogICAgICAgICAgICA8UnVsZVBhcmFtZXRlciBOYW1lPSJVc2VSZWd1bGFyRXhwcmVzc2lvbiIgVmFsdWU9IkZhbHNlIiAvPg0KICAgICAgICAgICAgPFJ1bGVQYXJhbWV0ZXIgTmFtZT0iSHRtbERlY29kZSIgVmFsdWU9IlRydWUiIC8+DQogICAgICAgICAgICA8UnVsZVBhcmFtZXRlciBOYW1lPSJSZXF1aXJlZCIgVmFsdWU9IkZhbHNlIiAvPg0KICAgICAgICAgIDwvUnVsZVBhcmFtZXRlcnM+DQogICAgICAgIDwvRXh0cmFjdGlvblJ1bGU+DQogICAgICAgIDxFeHRyYWN0aW9uUnVsZSBDbGFzc25hbWU9Ik1pY3Jvc29mdC5WaXN1YWxTdHVkaW8uVGVzdFRvb2xzLldlYlRlc3RpbmcuUnVsZXMuRXh0cmFjdFRleHQsIE1pY3Jvc29mdC5WaXN1YWxTdHVkaW8uUXVhbGl0eVRvb2xzLldlYlRlc3RGcmFtZXdvcmssIFZlcnNpb249MTAuMC4wLjAsIEN1bHR1cmU9bmV1dHJhbCwgUHVibGljS2V5VG9rZW49YjAzZjVmN2YxMWQ1MGEzYSIgVmFyaWFibGVOYW1lPSJGb3JtUG9zdFBhcmFtOTIudWNDYXNjYWRpbmdEcm9wRG93bjEkZGRsMDMiIERpc3BsYXlOYW1lPSIiIERlc2NyaXB0aW9uPSIiPg0KICAgICAgICAgIDxSdWxlUGFyYW1ldGVycz4NCiAgICAgICAgICAgIDxSdWxlUGFyYW1ldGVyIE5hbWU9IlN0YXJ0c1dpdGgiIFZhbHVlPSJsdWU9JnF1b3Q7IiAvPg0KICAgICAgICAgICAgPFJ1bGVQYXJhbWV0ZXIgTmFtZT0iRW5kc1dpdGgiIFZhbHVlPSImcXVvdDsgdGl0IiAvPg0KICAgICAgICAgICAgPFJ1bGVQYXJhbWV0ZXIgTmFtZT0iSW5kZXgiIFZhbHVlPSIyMjEiIC8+DQogICAgICAgICAgICA8UnVsZVBhcmFtZXRlciBOYW1lPSJJZ25vcmVDYXNlIiBWYWx1ZT0iRmFsc2UiIC8+DQogICAgICAgICAgICA8UnVsZVBhcmFtZXRlciBOYW1lPSJVc2VSZWd1bGFyRXhwcmVzc2lvbiIgVmFsdWU9IkZhbHNlIiAvPg0KICAgICAgICAgICAgPFJ1bGVQYXJhbWV0ZXIgTmFtZT0iSHRtbERlY29kZSIgVmFsdWU9IlRydWUiIC8+DQogICAgICAgICAgICA8UnVsZVBhcmFtZXRlciBOYW1lPSJSZXF1aXJlZCIgVmFsdWU9IkZhbHNlIiAvPg0KICAgICAgICAgIDwvUnVsZVBhcmFtZXRlcnM+DQogICAgICAgIDwvRXh0cmFjdGlvblJ1bGU+DQogICAgICAgIDxFeHRyYWN0aW9uUnVsZSBDbGFzc25hbWU9Ik1pY3Jvc29mdC5WaXN1YWxTdHVkaW8uVGVzdFRvb2xzLldlYlRlc3RpbmcuUnVsZXMuRXh0cmFjdFRleHQsIE1pY3Jvc29mdC5WaXN1YWxTdHVkaW8uUXVhbGl0eVRvb2xzLldlYlRlc3RGcmFtZXdvcmssIFZlcnNpb249MTAuMC4wLjAsIEN1bHR1cmU9bmV1dHJhbCwgUHVibGljS2V5VG9rZW49YjAzZjVmN2YxMWQ1MGEzYSIgVmFyaWFibGVOYW1lPSJGb3JtUG9zdFBhcmFtOTMuaGlkZGVuSW5wdXRUb1VwZGF0ZUFUQnVmZmVyX0NvbW1vblRvb2xraXRTY3JpcHRzIiBEaXNwbGF5TmFtZT0iIiBEZXNjcmlwdGlvbj0iIj4NCiAgICAgICAgICA8UnVsZVBhcmFtZXRlcnM+DQogICAgICAgICAgICA8UnVsZVBhcmFtZXRlciBOYW1lPSJTdGFydHNXaXRoIiBWYWx1ZT0icyZxdW90OzpbJnF1b3Q7IiAvPg0KICAgICAgICAgICAgPFJ1bGVQYXJhbWV0ZXIgTmFtZT0iRW5kc1dpdGgiIFZhbHVlPSImcXVvdDssJnF1b3Q7MSZxdW90OyIgLz4NCiAgICAgICAgICAgIDxSdWxlUGFyYW1ldGVyIE5hbWU9IkluZGV4IiBWYWx1ZT0iMCIgLz4NCiAgICAgICAgICAgIDxSdWxlUGFyYW1ldGVyIE5hbWU9Iklnbm9yZUNhc2UiIFZhbHVlPSJGYWxzZSIgLz4NCiAgICAgICAgICAgIDxSdWxlUGFyYW1ldGVyIE5hbWU9IlVzZVJlZ3VsYXJFeHByZXNzaW9uIiBWYWx1ZT0iRmFsc2UiIC8+DQogICAgICAgICAgICA8UnVsZVBhcmFtZXRlciBOYW1lPSJIdG1sRGVjb2RlIiBWYWx1ZT0iVHJ1ZSIgLz4NCiAgICAgICAgICAgIDxSdWxlUGFyYW1ldGVyIE5hbWU9IlJlcXVpcmVkIiBWYWx1ZT0iRmFsc2UiIC8+DQogICAgICAgICAgPC9SdWxlUGFyYW1ldGVycz4NCiAgICAgICAgPC9FeHRyYWN0aW9uUnVsZT4NCiAgICAgIDwvQ29ycmVsYXRpb25FeHRyYWN0aW9uUnVsZXM+DQogICAgICA8Rm9ybVBvc3RIdHRwQm9keT4NCiAgICAgICAgPEZvcm1Qb3N0UGFyYW1ldGVyIE5hbWU9IlRvb2xraXRTY3JpcHRNYW5hZ2VyMV9IaWRkZW5GaWVsZCIgVmFsdWU9Ijs7QWpheENvbnRyb2xUb29sa2l0LCBWZXJzaW9uPTQuMS43LjYwNywgQ3VsdHVyZT1uZXV0cmFsLCBQdWJsaWNLZXlUb2tlbj0yOGYwMWIwZTg0YjZkNTNlOnpoLUhhbnQ6N2I5NWVkMWEtNmEzZi00MWRkLWJjNWItNjNmMzllZGJjNGI0OmRlMWZlYWIyOmZjZjBlOTkzOmYyYzhlNzA4OjcyMGE1MmJmOmY5Y2VjOWJjOjU4OWVhYTMwOjY5ODEyOWNmOmZiOWI0YzU3OmNjYjk2Y2Y5OjhhZDE4MTAxOmNhNTdlZjNjOmE2N2MyNzAwOjg2MTNhZWE3OjMyMDJhNWEyOmFiMDllM2ZlOjg3MTA0YjdjOmJlNmZiMjk4IiBSZWNvcmRlZFZhbHVlPSI7O0FqYXhDb250cm9sVG9vbGtpdCwgVmVyc2lvbj00LjEuNy42MDcsIEN1bHR1cmU9bmV1dHJhbCwgUHVibGljS2V5VG9rZW49MjhmMDFiMGU4NGI2ZDUzZTp6aC1IYW50OjdiOTVlZDFhLTZhM2YtNDFkZC1iYzViLTYzZjM5ZWRiYzRiNDpkZTFmZWFiMjpmY2YwZTk5MzpmMmM4ZTcwODo3MjBhNTJiZjpmOWNlYzliYzo1ODllYWEzMDo2OTgxMjljZjpmYjliNGM1NzpjY2I5NmNmOTo4YWQxODEwMTpjYTU3ZWYzYzphNjdjMjcwMDo4NjEzYWVhNzozMjAyYTVhMjphYjA5ZTNmZTo4NzEwNGI3YzpiZTZmYjI5OCIgQ29ycmVsYXRpb25CaW5kaW5nPSIiIFVybEVuY29kZT0iVHJ1ZSIgLz4NCiAgICAgICAgPEZvcm1Qb3N0UGFyYW1ldGVyIE5hbWU9Il9fRVZFTlRUQVJHRVQiIFZhbHVlPSJPVFRpbWVTdGFydCRkZGxNTSIgUmVjb3JkZWRWYWx1ZT0iT1RUaW1lU3RhcnQkZGRsTU0iIENvcnJlbGF0aW9uQmluZGluZz0ie3tGb3JtUG9zdFBhcmFtMTAwLl9fRVZFTlRUQVJHRVR9fSIgVXJsRW5jb2RlPSJUcnVlIiAvPg0KICAgICAgICA8Rm9ybVBvc3RQYXJhbWV0ZXIgTmFtZT0iX19FVkVOVEFSR1VNRU5UIiBWYWx1ZT0ie3skSElEREVOMS5fX0VWRU5UQVJHVU1FTlR9fSIgUmVjb3JkZWRWYWx1ZT0iIiBDb3JyZWxhdGlvbkJpbmRpbmc9IiIgVXJsRW5jb2RlPSJUcnVlIiAvPg0KICAgICAgICA8Rm9ybVBvc3RQYXJhbWV0ZXIgTmFtZT0iX19MQVNURk9DVVMiIFZhbHVlPSJ7eyRISURERU4xLl9fTEFTVEZPQ1VTfX0iIFJlY29yZGVkVmFsdWU9IiIgQ29ycmVsYXRpb25CaW5kaW5nPSIiIFVybEVuY29kZT0iVHJ1ZSIgLz4NCiAgICAgICAgPEZvcm1Qb3N0UGFyYW1ldGVyIE5hbWU9Il9fVlNUQVRFIiBWYWx1ZT0ie3skSElEREVOMS5fX1ZTVEFURX19IiBSZWNvcmRlZFZhbHVlPSJBUitMQ0FBQUFBQUFCQUR0R210ekc5WFZ1ckhrWjJLVElZS1FJRzJjR1J4UEltbDM5YkprVzlSMkhPd21qa09rSk13QW8xbHByM1lYclhiRjdzcTJobUVhQ2lFaElSQUdRaHRDUzVtU1FtR1NwbVVLSmtscGYwS24wdy85M0ZwK2ZPcFBvT2Z1cmg1K1FhQXgwM2E2dG5mM25udnVPZWVleDczbjNQVlhqcTRIa2RPVFRvK3FpcUdwc240Y1AxdVNOSHhNMVkwUkxwcy9qTXZwdE52bDNLWmxqS1NrQ0RJZUt4UW5EanEzUW51eUpCdlN1czAycVNBYzRVcEtWblIyd092akphd2JrcW80TzdKaWZoSno4aUdaRTV3dVlYcVNrNVN1d2YxTm5jaTFvNlYxS2pXcWt1SHdja2pWQ2tlbldxWlNKajNYVk9vZ1oyQjRwS1FDN29DSGFuQXllUWVNMUt3Q1E5QlhjSFh4WGM1Mlh5UktSMWdtRW9wMHVTbFBheG9va01IT25Vd3N4Z2I2QXd4TnpjK2RyMXc4UnpGc25LYmgxK05PVCtqRE10YU1KTloxa0pOUVZrdUc2T2xLSCtNRVBLRlBZb05MY1lJdWVMYlpFQ0xnRVZVUVBTMXBqVlB5TUdkRVJ6MDc3RjZZc0ZaT0dob296RVRxU0o5U3RYeFNNakFnYmdrRHl6MDI1bkRKVUllTFJiazhWc2hnbnNCR2RYMVU1blRnMVZ2bERsb3k0QytaQlFQSllCbUpLSE5LcWRwSUFQb1RPc0U5b21iem9zZkZHUVlIcXZjYm9IYUdaaGtteGtkakxNOW4rMzFNanM3NlFoa2M4V1U0T3VKak1ueVk3YWV6R1RiR2VkclN3K1pBa1BIYkR1MjJCVGdGbXRZS25KWW5pdUdOWTV6R3NYTzdteHhOVFUzRVFPUkpyazRFdDZQSnNtN2dnaCtzd3gyZ1RtS05xSDRvNUtmSnp3RnFGTnlwcE9FaEJaY01qWk1QVU1kS0dWbktna09tMUR4V2hqTFJLQmZPaGlOTUxCakNkSC9NU1lqdmFLQnAzbEpjUnNaYm9HZG5yZVUvamd1cUFhYXhXYlk5VVpDVFdSRVh1QTU0T3lqbGNvOXBYR0dMdzdITkptYmpFWm5iQ0NsWE05eSsyRDc0Nkd4QnBxWnR1WHNZUDkxRFlTV3I4a0I2cUtkazVIeE1wT2ZSeE5iMndWazlycHNNS0JpaDZFTTlQZFpMZkJiZVJjTW94Z09CbVprWi8welFyMnBDZ0tWcEp2REU1QkZMcUNwdVFlZGhCa0JZVTJ4cXVxOGdnVXZvYXM3d1pkVkNIUEI4RmxZUGNLVW93aGZMdUlBVmcxSzRBaDdxTWVmUFdMMVdQNHdyeW5nMlZTNWlHMnJCZFZnR1lESjE0SHJraHZscExvdEhzQ0FwUFpRQkpJWjZ5RkRUNzNzb1M1UzR3V2tDTm83Q0FMMEkyR1R5QlVtWnltWkxHc3dlZEJiNFJoNGd4NWpDYnhxTGd6Z3JnNk9Tb05yY3VSemt5a2VrZ21TTXF5WHQ2UGZDWlh6VHVaQ2xmTk9ZVE1LbUpOWW04ejJ3MmRUWlRLVW1TN294S3VKc2ZoTjVtUE1BNjJ3Mmk4MDFQTGIyOTgyTGtpcUh6WXNRU0R5T202bkJwbkU0eWNrU3Y4azhodmxud0drM21VbVNnd1c0UEtVTkUxNmJQSlVKWlpxb2plU0U5NFRUWUdEdGRtbkNWbSt0SnRDV2FJUDkyVEJ6VlM2Smpab2tFN29OZ1Y2dGhHdHdraFRXVXByYXpsN3RQYUhqMFpLbUFXVklDVG1DWUE2K2k0MC9LNnBTRnErYWJZR2JyYlpLU2tZdEtUem02enE0bTlsYVdqTFRsb1RMQ2ZuVFgxb0dlVWkxQkMxdVBiakNkOGx6N0RFV2lXOGFVMlhrbTdaVG9NRzZ2cXRUc2ZSSTJhSkpmRld6ZGRWcTZzeVV4bVBOVkl5TkozTDZxTWdwQWdZRlNZb09sUVRvcDY3V2hqd3BFWXNOQmhyYks1Q3NSQ2ZCMGhhTzNheWhyRTVVVEdKcmdIWDB4blFqRVFMVUZZQjE4Y1lURExzU2NYd3RJbG42RTNRZHpXelhzRlp1Mm9sUVpEQ3dDclFPYXBYa0trZ05zMkh2SkdpTnpRYWM2dDZYaUJLVVdtczFoa21hcWFHc0VyKzY5U1NDUko1YWF3M0NlQ0xTZ05DZ3B0ckNuMkRBUHZWV0RhRmgzVTR3b0o3R2RvTS8xQmRlazlBS1FBMXR4ZEpKSnJVU3NJcGN3K0lIWHNaRUF3d2JDTkpWMm8yOTFkQzIzTjhPNlJYeE1oaFlGY0NKWmxJZHJhcWFTSzNrU2s5eXo2Z2FQQ1NGUEVaS2tzeTNwWS9qYVltZ2tJcXdGUzVrVjRkZjJWZUhwem1keExOT0IyTlc2TWR4VHNPNmFOZm9oNEFoRnQwSWJlbmkzU0c0ZDdrUjFOOUhKRUUwUnRUWkVRMXorVEdGQ00rTHZCdmxBS3NaT1V5c2xwUEFGanBFbmtkT0U5S2N3ck9HODhHbEs1Y1hMNzA4UDNmOW4zZGVYZnJrd3VKSEZ5dGZudm43NlY4QjNpNkM1OTN1ZENXUGpZOGNaZ0R5c0EzcFhMZzV0L1RiUzh2blR5KzkveXJBOTFReGFacCtqS1lCc3RlR2RNM2Z1bFU1ZjNYcDA3TUx0eTRCTCtqcWJVU09FZVErRzdJRGtBbm01Ym1GTjk5Wk9Qdks0bHNmTFg3NEJpQUVxMFBzOHB4SEF6YWsyNEw4NC9UcHl1MjNweGEvL0RYMFBkclZiVTY1cG9vdXR3TTUzSTV1bmhmSUc0OGVnOUh0bm80MHNUbzUxZUFNWjJjWnJxY0NrNU5QQlhqZTA1NU93blpvbUNjd1RYK1NYcjM2MXorM2tuTVZoYmRCSTgzZTYzOXJOUThoam1PT24xTGtzZ2dJS1ZXRnlDZzZmVTh1My83NXdwdm5uNllxYjl5cHZQN0p3ayt1TFZ4OUdWVDg1UExWS3laOFllN004cFVQS21jK3JOejR3aklUV0F6dTNlVHBhVkdWTEJUK2VXZnFoQ0hKNlZFeEQvWk5xWUlnWTlPUWtpd1o1WDI5cFN3Unh4UTFuUlh6OWE3ZUE5U0tUbDZhSms0OERCN1MyemZBZzVJUVVaRlROOG95ZG5xaG9EY2syRE45RUFxQ0VqZlU0c0IwalZaOHdQYWlWdEIzdXhsQmREakFSRHlkNUNDbmZpRFRQY3FWZEt5YmdXMHV6WUtuNWJ2cEF5UnJWeFUrSTFzNjJHYUlrdTZITUMzaG9kN2VBUjRjMyszeXVOWTFYTnNhdTQwVFIxaGh0bkVlSFNZTzRMMS81V0R2anBxdHZlNmFqYjBQaU40SC8xMkRlbmM2ajkyRkpVSFFqZXhJdXRhM292ZWg3MmhBN3k3QnUxdndQdnl0cmVQMXJHOFRyM2VWUXFtYUVieDdHclEvQmJJMGV6b2hkcExKYXBDQ210ZlQydGY3djNVNHVvSC9OM2F1MWR5V3U5U2N5eFFHNWthVVJVNDE5eEJDSXlRZkZQanVIVHZiWU5GY2ZnRVdyTE9JcGhITklKcEZkQkRSSVVTSEVSMUJkQlRSL1lpT0lZWkdESU1ZRmpGQnhJUVFFMFpNQkRGUnhQUWpKb1pZR3JFTVlsbkVCamVENXYzN3Qrd1VOcnFzTmRIWk1FM3ZYakszb1hzdkIySkRpQTBqTm9MWUtHTDdFUnREUVJvRkdSUmtVVENJZ2lFVURLTmdCQVdqS05pUGdqRVVvbEdJUVNFV2hZSW9GRUtoTUFwRlVDaUtRdjBvRkVOaEdvVVpGR1pST0lqQ0lSUU9vM0FFaGFNbzNJL0NzZjkyK2NGbVF4dmE3RzR1dHlQSG83WXUyUGJjVFR3NlFZTE8yN05Sb0gzOThtVEYwcnJMVTczclhnV1o1WDMvRzVHViszOWcvY2ZKZjQ4RGk3UFRUYk15dzdBckVNOFg3UHpVUWZMYlowMFA4R3dqMFhHU2JKbUhKQ3p6enVaUmxjZWVyZWFKQnVUaUZyQ05BRWZKS1l6bEs1M2JJYmYxVWI2YXh1RzljL25NeGNxbGM1V2I1eGJlUCtlcW5QbHMvdmJicm9WM1gxeTZmdE5WT1gxbjhmWHI3c3FuTjJFWER5eThlNjV5NnpLOExmNytVbVh1MDA3NHExeTRZdVg4MjVmT2ZnenArOEo3MXhaK01UZi9oM2NYcmwzZlhubnZjd0ROZjNtQmRGeTdEcmpiTGVURmoxOVl2SEpuL3RhRitkdWZkVUxuMHJtTFM3LzgyZndmYnpqTnIyWTdPaDIwQXd4Tk8xaEgwQkZ5aEIwUlI5VFI3NGlSNzVjMHpZREtPeHMxQ0VvcGdZWjJlM1pCbVRSN0JDdUNJUjRsT2xDekpYMVVsckJpVEJ6RWtGQlBRQXR6bW1pK21yMmlaMXVhcUNzcFNqbmpzS1R3SFgwL1NrS05kWXpMK2svaHpOaHNFU29tM1QrcUZncXE0aWVyMnY0VjZBZW9EYkhyWCtTaS9xQS95UGlaYi80a3A1Umt1Y216TzMxUTBvdGppb0Uxeko5U05WNmZ5anhUbjBkNzJ2eElPTWxwZWV4cE0yc0dBVmlMWm02SnpVeG9PR3RJMDNoaWNrd0FoT3IzVURKeW92cDVXdlJzVDFzZlQxUHFpV0lSYTZPY2prWDdPNml1endEWGRWZjJwNzUyWlRkbWpha1VsREM2cWt6aWdycDJmVitOc09FcUg4bkpLbWZFWlp3ekJualFoc3lWNDVJaVN3cjJaV1ExbXg4b2NqejVUaGluVnk3K3JWWnU2bW10RjFMT1V4SnZpTHVzMHJqOEEvS1YwOU5hVjBwemVrOXlCUDBZV1lWU0hwZExSZWRQa1ptUkdwSWhteG1wbEtQMjFYTlV2Mnk2R0pVWW9saWFwaDU1aEtyM1VYdUdxTjdldnVjb0tQY2JvRU1ORGI5ZXlsaW5wZnZvQTRSQzN3RFYvdnhBK3pTblVXcHExZ0JrSG55VG5QdjVCV3lNV1VlQUkrVUpmcTJDWlM1RDlQYzRhTGZQbE5Ja0FESVFUK3A3anJUOGtxSmdqWGd0RUxZK3FmdHpacld6NzRmSjlLUXVtTjQyb1JSTEJrU1A2VzRIcURXVHRRVjluamNQQ3BxOW9SWDY5RWJRYVdRZUJsamVZaTFYRHp4WitlRER5bTgrV1g3dDdjcU5kNTZ1ZlA2N3l1WDNvQXczRGZ5V28ycEJpaTNPVWd3TnQrckxBSlZWWlZXTDc0V2lmb0RLa0lKUUl6bHluTnA3Nk5CWS8zQmtnTXFwaXVHYndlU3dJazVsVkprSFBKV2NLc1lwQnFqb0t0U05GQThoSW1oY2VZQ2FFU1VEKzh5ajZEaWxxRE1hVjZ3TzhHa2NMNVgwT0JVRXhqeHFNWVcvanl3cXo5dnp1Ry9mNHRVYmxWY3VMcjcwL3ZLVmwyRE42b1BPRjZ1emRJU2hkYmJhMmtMN3lTSjlZVlg3OVZYdE54M2t2emJ1UTQ1dWR4UDU2YngvZnhPcy9wZHI0UWE3Z1psSVg3RWd6VjFtL0QzazNGb05Ca1ZWOEFEL0w3TVZ3RkorSWdBQSIgQ29ycmVsYXRpb25CaW5kaW5nPSIiIFVybEVuY29kZT0iVHJ1ZSIgLz4NCiAgICAgICAgPEZvcm1Qb3N0UGFyYW1ldGVyIE5hbWU9Il9fVklFV1NUQVRFIiBWYWx1ZT0ie3skSElEREVOMS5fX1ZJRVdTVEFURX19IiBSZWNvcmRlZFZhbHVlPSIiIENvcnJlbGF0aW9uQmluZGluZz0iIiBVcmxFbmNvZGU9IlRydWUiIC8+DQogICAgICAgIDxGb3JtUG9zdFBhcmFtZXRlciBOYW1lPSJfX1NDUk9MTFBPU0lUSU9OWCIgVmFsdWU9Int7JEhJRERFTjEuX19TQ1JPTExQT1NJVElPTlh9fSIgUmVjb3JkZWRWYWx1ZT0iMCIgQ29ycmVsYXRpb25CaW5kaW5nPSIiIFVybEVuY29kZT0iVHJ1ZSIgLz4NCiAgICAgICAgPEZvcm1Qb3N0UGFyYW1ldGVyIE5hbWU9Il9fU0NST0xMUE9TSVRJT05ZIiBWYWx1ZT0ie3skSElEREVOMS5fX1NDUk9MTFBPU0lUSU9OWX19IiBSZWNvcmRlZFZhbHVlPSIwIiBDb3JyZWxhdGlvbkJpbmRpbmc9IiIgVXJsRW5jb2RlPSJUcnVlIiAvPg0KICAgICAgICA8Rm9ybVBvc3RQYXJhbWV0ZXIgTmFtZT0iX19WSUVXU1RBVEVFTkNSWVBURUQiIFZhbHVlPSJ7eyRISURERU4xLl9fVklFV1NUQVRFRU5DUllQVEVEfX0iIFJlY29yZGVkVmFsdWU9IiIgQ29ycmVsYXRpb25CaW5kaW5nPSIiIFVybEVuY29kZT0iVHJ1ZSIgLz4NCiAgICAgICAgPEZvcm1Qb3N0UGFyYW1ldGVyIE5hbWU9Il9fRVZFTlRWQUxJREFUSU9OIiBWYWx1ZT0ie3skSElEREVOMS5fX0VWRU5UVkFMSURBVElPTn19IiBSZWNvcmRlZFZhbHVlPSJCTm1kOXhMd2Uzcm9qeGRBQ3hQcVg2Rmx0Y2NsRHRiUnJkcFBPdDZiZkpZSFhTZnZ4UTc2czhQbnoxN2I3QitsM2lrVnVrM1IrWGZMcmxhVTRQUnJFUjl4VUowWjVLeWRMa0hiQkl4RWNva2o3cnZ0Nkt0Z3ZyWkpuRlJEcFkxSWEvTjNBRGV3TkZRZTdZcFBaTGNtanhHbEFoZ25lQ2RRc2RXQVF6V3hmWitUTUxsVjlpMW16VThTUllxc09XeDk2SWVOUWtna3RIWDhOelNyVlJtRkF2V1JDL1hBK0tjVll4T1I3VFhwY1pSUDBFWkNRQ1BsMmRpNUZ4WWRLQXJ3SGVzR2Z6b3V3VWcvZ012b3NVRmtCVDdNVFFpMURHNWVvTnQ4enRIWEFSL1J4YnQ1UllDaVhCcW40dlE0anZZMEtkcEFFSjdWeENUR3RVN3IyaG1mbkZVOGhWNFZrWkVsTlY1U29ya1F0bVBzYllLZnQwenpsUTd1UStSbldUOFBKYXNUbzNlSGRDUE5LNnZHb0lnSVFITzI0MDBPYnc5NmZCZmhYMmZMbEtFMG56WGNzYS9ZM3ZrNmpqZGhYbjlMZkU3K2J0MFFPcGZWSC9QOHBXQkF6c0h5SmNrU2swaGh6OUJUZ0FHZnZUYjFDUXZ3NEZZeklrWXpxUEVMQ3RDbzRlTERFSTdkUU02WVdla2tHQ1dkSFNUSGxydEwzVWFBbU9tZ2RReEFtYUVlUEVVTDhzQk0yK3dBZEE5VzVxc3Ivbmx4R1JwTVRSVGZVWm5COG1ZcDdSd2RUT1NpN3UyakNPd1NvZVJCRGd1SGh6Y2oyanlJM2gxVzdvSCtNOHJkYUg4WFJVZndITDc2ci8vUXlkQ1NDbU5LeFlodjU5UEg3ZjNuT0hJcFNsdndhRTcyK0tXUFlOZkNqODVQK1krVkh2NHk4MUFlR3BVR3lya0FVS3BjS0ZIc0U0N2RDKzFuMEVJQmxJdGxJRXdiekQzcUtHVURTY09iUFNtZWdEaXdmNFQrM2pDUHRSaGZUOWoxT1FmZWRPYUpCajM1dTluUGdsdDJmNUtDMEc4UTYrZ2wwQjBobjFFbFRXY3Z6TTg2Szh0T0tKdGFHRVkzSGM3MjdyV0VhN1Yzd3JBdWVmSDlqOTkrNzBUZFgxTEc4NlgzbFBJekE1VnJZV1NMWG1SbGw5dXZDdFZkblFBcmlKc3JxRWgzSGdZbEo1ell6OTZSaS9QeHJRWUw2RnlvdTZBZDFobTBpcGYzQUFwa2Nqb1lKWkFMT1lCb3JyaFRVd0hmcitEbGpNV21QOFVpcXJJTXhFVXF3R1VHNkNOVVVUVlVBWms2YXhRTmk1c2MwZUxiQS9oKzlZWjV1YzJFTktBUGwxTHdXQ2JqZzhLRWhJTkZQRWJDVWFFWkZnM1JUbEduaEREUnBLN2hqU0pMQmV4QkJUMktCVkRmd294OGw2d1I1SWJLR0MwS2NHZDZ2Wit1YnBxamxoTEsrNm5FZUFMMWlKUUZBTkhEZHBON080NklleVN4MDNOeGR4eldOWlpsN2FDUElQVEZyRDVYbS9ibmc2SS85QnRtOG11bmVXaWdoalNnOWxQNVBBdWJQKzViTy9HVHBvQVV5a1VLQnJ6MXJpb1NVeXZkcThvay9ac0JxRTdyeGhyQTd6SlpyOGxpdXB5TUprMkdCWlVGWjRZeXNZMG01M2V1azNvSnNFRW11R3JObUlVM1liaWJaNmpTOUNwU1Uvb1Z1c25VU1grcEJ4UGJ0NlJLOVg4aVZxZEE1T0hNazNYOUl2RjFDTVhTQjVTaTRrSVRVSXRKaExhVWZHL1FkQ2hUWno1c3g2bm54L25kcnZNTFVkQUpITmJ6c2VIS3FYUGhLL0FJNmNDY1Z5RnpjVUs5Z1dwYWZJWGRLQ1R2S2IxcmxkOFZoZEpYV2puaStMNGFrM2xneE5qT0lBazhuQ0pUaU9FVXJLQlNUOTBGK0JoM0k5Q3U0RCs3NWdtQ2VDMDh2dGZSU3ZpWlNheS9sdkZIQ2tyU2pKcXg5QmdxSi93eGNFb205ODNSamQzMkRBOEdYdnR1ZkU2T2dZZmgwbFhXdHhOVXJRQmhXdHVEUTFNRm1xa1dZcHZmODBWUzdzUm1vL2xrNEx1Wm9vM1FjRUlJM0tGUzYxYjNuUTNoQmRzR0VselpxYnkxa0RuUlB1QjFVVDFFOVU2RDR6WUVVdTdKS2h5QkhvRmFIQ2hEUkFrNm9YNW9pUDJTYTRROEI2bzdMUVNiVHVvOTZKbVZ1eS9IOVJ5Z1VWbUE3aHE3NU0rVGIvUWsxazdxU1lCV09USGpwQkh2US9WNjZlRVBCL01zMjJqa1djVmh4azdWSlowNmpjTFJsTHh4Q2NsV09kS25TUlNUVFpNMUVoYUNBSXBkdU0xWFh4clJOWjJBVW8rQm9BNlp3aXNZNzFzbzdvbTlaRWc4K2lDcXVJMzBqektUVFhYVjNvbTRLT2tlcHEvbEwwM2tHbzBJMEVQS3RvcXNEZGlxZ0hPYTFRdm94Mkx2Nm9NUnpaT0wrOVM4R2xYZWpJTklZclZoN1NUc0dFMzJOSUJ2Vmh6eXRqVGV0Y0U1TVBOZm44V1RBMDNBVExIVkc2ck0xZmdVblN0OGszR0V5VVJNU3lEQTJLSFMxTkNOT1J1NWlkbzdTNFUveWRBenlDY0tOTWxIWmczcEVvbTZLVUdIcng0QktBdGt6Q3FrOW5VR25ZQks0Z0NLakVXbmxEbStyTDR5aVFid3pPeGFDWmZZYWs0cUNOeFYyWW1aT2RxcVRoRFVlUjNzUk9XRDhNNjJLdThBZEZtc29vaHV6a1pJQWQ4K3VXL3ByRnJ0dzRMQzcxbjZkTDJqMVg5b0pCSlFnZkdLcmthUzQrMUFPU0o2VXZDZkMxSHdkUXhPbVJSRVZ0UGZ6dUxYUTlmd1V3R3BJeE1IVnM0YnVoeGthWWtROXpLOUw3WXJtbWx1bk0wTDhDWlc5TmFzNi9SSjJnaU1va3dQdWV3RkRxdGpNdTg0Q3p4RmkzS1NpU2ZUOXIvVU9laEtyZDVFV3RDT245enhtSngxWmprbWNURmRtdGxiY1c0TXgzU1JlMldxY1h3Wm1jd2lsdmtGOFZRWDh2TjhvVTZNbWNPMzNxOFRxT1BocE9kNWN3L0p5aGs0ODJFZ0wwVmR3U3h6NEhlV1VJVURKUFV4QnRVYnltRXFUUi9Ha0ZBWktCNTVMb05TVXNVZXlQSC9iSzU5eDgvQmxpTmdJcS9BeklFakRKRG9FTkp4V2V0SHRxTmFXK3orbkpIUjIvUjBYZ0cyd3pzNFd0Ris0MGtwM3EzUjZxL2krT0xKQ0huN1hyM3BzMkJSQmR6Q2FmWkJGWXBUWTkyQ0VCcnRkN0pOekg1dFpORDA0dkN6WFd0MzhzOWVmVkdZR1p4ZnRRREV4REc1OVlXTVdHZ3lQVDBtWCtCUW1BRVl5Zmg1MVB5WVRSalRiSnhoV1ZtU2pFNTEzNEJvMkNpZmorejk4M2IzOWJyOXZpQTQwQWhORTJhdnBsRTRaUWl6WXRadm0zTGsxekthOG1ib0tzb1cxbFo4RkcyNExKdEJ3dVpOL29WM0dqMjJZR0RTVGlWTWVwR2pob1ZQYUdELzI4d2swSi9QT0xpbDhaY2V4SnNUdjdLcGZaSERCWEtodGxjdW5PSGhsWTBEeTFxOGh5N1NMVWt5VURDSEpLMEkvaFhQSUxlbDdpdzFsRFh1Z25vRmVSRVRBeTRTL2MzYnRudG01dlNsTzZUUFVwaGpvMGgzWTBCdjF2NEhqT2VIU0taVDduSTRBT0x5Nk1EWCtHdzJFTVBMMzJtcUdCanh5ZzdYczRlVnZvZHljeVRGUkJpNzBxZnJnTkRNWG1sRTJBQk5DNlVkUDVPbUJiLy9iQ3NOZzZ1V0p5c1RJYm5waVpYM0lrK2crTTNUdXB5RGtMUkYyWUUwN1hyeVJmTXFhSVh4WWpVWHdqNFVHRGR2M3Z4WGlMTUtTd3FnbEhLVW9CeEh6Tkd5MllxTldtaHAzUDl5b2dZbldhV1ZkUTdTenRNVnlmODV1blFiT2FyN1BreG5uUEZraHVOUWcvY0ZIMmVoRTd5c3c3VDhVWG9TMk9qc0RVY0Y5SSt2bVJyaTRtTWRwTjF1eG9CNjMwRXZCTnJPSjg1cG1tLzFpSy9CV1EwRzMwako0bWRkL0dLVVJLMGx3bTVHN3QvOE51NzMrQUZUekJudE9paUUxTnJBU1RKZFR1cnVYTnV3LzNDbGhyeUZLMTdsckkrK1lPRzZ0MzB3MEk1VUxCbjlTZ0UxdlJxSTYvRDdVbzYyYkI3enpGQWhzWTB2Z0hWOWdLT3pxQlhpZGVyUTduNlUwN3c4TkxaS0t2UVEwaHl1UGlOeEJFT1ZqMUwvQm1JS3RxdnVXUUdDQzIrOENwdFo3OUZJWnBBUjhCT2c1MEI3Mi8vOFZaTEs3NVVlcjQveFYvRTRYYjQ1WU5RTVQxZlBrVTBXdFNRdTNJNEFiWmJDekt2UXQybGZxQ2xDSkVjWUE2OVVVbHh6elhJenNITzJpeDQ1ckJqdnhuMUlzczlTM2M0UnVvMmkyYm1sYlVGUjhTRkx6aGZTK05lMkRPZWc5TTlxZkxySlRMeDAyS25USXVMR0hxTHo4emVub2JhbHQ3Y1JoZi9CNEExSXJXZ0s2NVBxNk1ZbXhINStlMmtGUVlwbmtiTkRwZkNjWjBJMnFtcjRBWkp0Mi9XaGcxNjlCeDdzYWhKVXBHQmg2RVgxR1FpQmtJS0kvYUpUSHJOZDA3RlBkZ0ZuQnpmQ2RZRmhwekZ0b3dOeVg2TVlBeDF6Wk9sWnlkSjlnbG01TnlJeWZBOEsrTjhTTERqUkUwZFJhd002RCszcjlHRlZWNE9hWTZHMzdMOXExUjhGZmwvanZZYlVraGgyZGdadU9oNy9iQjEyVkhlRE9VbWRjRmJxZjBuK3Nnd1ozYml0dzMrdkV0RnIxaWtBQWNpU2tQSTBHT1FuQXNjaXF2L3ZCU2lkdHVkTnJFbkRvbjhONFJPcFpUbU5FRlV1elBtZFZYTTdZbjM5WFQ1bjdyV1FCRitwREVFeXRYU3pvTHFIMFFkVDJJUWxVTUJqNU41MnoyVmhkd2xWYTJlK2xXbi9ubHlHRWQ4cVJnRDZSeHduUURWamg0ZEliZnlzTnlOUTVpQndrcGZnSmJYUk11MmYvN2VWWTd2OGNDWE5CZmFQWTY4MEpsS0JSUXQ1b2NBVEF2K2JQb3VyZlBpUW5LM2d6VTVrOTBWUzdzRFB5MXovcUFaQnZJeWRwclM2T2V3cVJJN0tuZGltbTZTL3ZhZHlHL3pHUWorTG1yaDhFOU14ZDZJcWU4czcvcVhQaE9DNGNNQUYwQlVkckNhUTB4RTdwTlNOMHNBcmo2OWRjWHN0bDA4RU80STRDYUV4M3VGd0JZOHVIT1YrbXFzS0dTRUNVakJWUWk3YlM2NHR3bXV3dHJQMXlWMHYyK1lIamhGM25MdmhTanpWT0hYeiszSUJHdVFCRUl2QzNDVTc3aVJQTjZ1enNQUmR6eC9saHMzL29YbFlXUjBtNEVWSEpIMmlTN0wyMUV0RDY2aWVCb203T1lKQjBQTlhFc0pSQWsrRUx0WjFhNmxsV2dWczFxNXduNlpxRXQ3YmdXM1pQT3BQQS9rVXBlNE5SWjA2VWFQQXI1V1ZGNDJjZFhCS0JtOUNBUFYyRDhIekI5d0JWMXFtNjZZc1JPbE5jU1JRNDlMeEt2YUhDLzRuY2M4Zzd5ZWZLN0lYQmhzbmM2S1ljVy9HZlowUUFpNWNEM0hDZ0tLZjZ2RTIvNGEvZjhuSzJpekhNUFVzZUJCYlpaSStWSlJza3g0NmNTV0RLYTBMbXFSRFRBM3VjdDgwWURCajZENXFrYmQrQksram0vcTBVbDBxY2pkQWhVdnJGemEweGZmRmFOOUdDWU5mTVloNm84ejV6UEhneUlWajlpbjZXRytHR2NETnVXRmtORGVxdDBRM2VSQVhRNzM1a2JZWGVkQ0dQNjFiU0phN0xQdEQ2ZDQ5djY5ZmtyRjVEc1JFWm05OU5JdmZhMkFoUXNidGwzVTY2OTNhajRMQXQrMFBSVnVxRTJpU1VTbHFvL2ExVG9PZktGU2NOdzhLNHRsK1NqNzlyNWtwRWE4NVQxZ3dMSWEzc0pFZXIrSFdPVFg0alluUTVjdGs2NUxSKy8zdURnYnJkRDBFVndWRXhBS0V3aTBIZ25VN0JyZFpwY2kxNkN6Zm51d3V2WU5yWXZqMGRac3dYdHQ4MzhBRU5lUGdXRGEyK0Y1YW9DOHN5d3pjT0ZBZWdva0tVdjVBd0Rzd3B3U3hESTJtY2FYbUpITjRmMzZrSzc4UFVpRUZ3bUo3a25tdWNrRmpVYkc3aFRjVHQybmJXZi9TSWZmeHZvWDZvQjdEMWtPQVZKaGFxcEpNbUlmU1R3Ly9tcHRQM2VoZUh2RmFkaTJNRURNaGRjSUlSbXZwZzE1alR2TkZreFljaFQ4Y3ZDNUlGcElzWHdjWjlsVS9rcFlqbzRkVUZvejB0K2hCY2t2alhIenVsbFdjMWNDUlFZaDlySERZSVFybWhRWnRvWXdYS3MxSkZ4NWczVUk3RzEwTEpOOWNoVXBQd3pFcmNCbkZ6QU4wUGtuR3NQT2ZnU3ZQWnFZN0VDSFRwUVdmMW9pY3ZpUjFNblRkSVZ4MGFUeEdUMjBhWW1pQm9DVjRuaFQ2dVBDYktLMmNBTGFjQk5hZkV1dEJFZjM0UitXNWdXTDd6NmlEYXljeDBMOEJSZGpDN3ZpYjdicGNFQ1BhOUNsRGxWd29lK2RhcTZkMHdEdzJ3emUwRGxqR3Q2M3dhcHVNUTE3L09OT3hxNjMzVXR1WlpPYWkwTmx4RDNtZTBkNlhEcDdRcDRjWFNJcFBmSlB5VlgzemJnYXhjcjNHYmhKZFJ4VWg4ZEppSVptNS9aL083bFRnMlJZRHVKUERLeFJOeXZaVTZka3UvV0NYYlNycGNHRTJjZlNFakVYeElFcTBZeGV2b3ZUWHpPMnJUMTFkWU5nT1lmQT0iIENvcnJlbGF0aW9uQmluZGluZz0iIiBVcmxFbmNvZGU9IlRydWUiIC8+DQogICAgICAgIDxGb3JtUG9zdFBhcmFtZXRlciBOYW1lPSJPVEVtcElEIiBWYWx1ZT0icmJ0U2luZ2xlRW1wSUQiIFJlY29yZGVkVmFsdWU9InJidFNpbmdsZUVtcElEIiBDb3JyZWxhdGlvbkJpbmRpbmc9Int7Rm9ybVBvc3RQYXJhbTk0Lk9URW1wSUR9fSIgVXJsRW5jb2RlPSJUcnVlIiAvPg0KICAgICAgICA8Rm9ybVBvc3RQYXJhbWV0ZXIgTmFtZT0idHh0T1RFbXBJRCIgVmFsdWU9IjEwMjExOSIgUmVjb3JkZWRWYWx1ZT0iMTAyMTE5IiBDb3JyZWxhdGlvbkJpbmRpbmc9Int7Rm9ybVBvc3RQYXJhbTk1LnR4dE9URW1wSUR9fSIgVXJsRW5jb2RlPSJUcnVlIiAvPg0KICAgICAgICA8Rm9ybVBvc3RQYXJhbWV0ZXIgTmFtZT0idHh0T1RFbXBOYW1lIiBWYWx1ZT0i5buWT+e+qSIgUmVjb3JkZWRWYWx1ZT0i5buWT+e+qSIgQ29ycmVsYXRpb25CaW5kaW5nPSJ7e0Zvcm1Qb3N0UGFyYW05Ni50eHRPVEVtcE5hbWV9fSIgVXJsRW5jb2RlPSJUcnVlIiAvPg0KICAgICAgICA8Rm9ybVBvc3RQYXJhbWV0ZXIgTmFtZT0idWNEYXRlU3RhcnQkdHh0RGF0ZSIgVmFsdWU9IjIwMTcvMDUvMTYiIFJlY29yZGVkVmFsdWU9IjIwMTcvMDUvMTYiIENvcnJlbGF0aW9uQmluZGluZz0ie3tGb3JtUG9zdFBhcmFtOTcudWNEYXRlU3RhcnQkdHh0RGF0ZX19IiBVcmxFbmNvZGU9IlRydWUiIC8+DQogICAgICAgIDxGb3JtUG9zdFBhcmFtZXRlciBOYW1lPSJ1Y0RhdGVFbmQkdHh0RGF0ZSIgVmFsdWU9IjIwMTcvMDUvMTYiIFJlY29yZGVkVmFsdWU9IjIwMTcvMDUvMTYiIENvcnJlbGF0aW9uQmluZGluZz0ie3tGb3JtUG9zdFBhcmFtOTgudWNEYXRlRW5kJHR4dERhdGV9fSIgVXJsRW5jb2RlPSJUcnVlIiAvPg0KICAgICAgICA8Rm9ybVBvc3RQYXJhbWV0ZXIgTmFtZT0iT1RUaW1lU3RhcnQkZGRsSEgiIFZhbHVlPSIwMCIgUmVjb3JkZWRWYWx1ZT0iMDAiIENvcnJlbGF0aW9uQmluZGluZz0ie3tGb3JtUG9zdFBhcmFtMTAxLk9UVGltZVN0YXJ0JGRkbEhIfX0iIFVybEVuY29kZT0iVHJ1ZSIgLz4NCiAgICAgICAgPEZvcm1Qb3N0UGFyYW1ldGVyIE5hbWU9Ik9UVGltZVN0YXJ0JGRkbE1NIiBWYWx1ZT0iMDAiIFJlY29yZGVkVmFsdWU9IjAwIiBDb3JyZWxhdGlvbkJpbmRpbmc9Int7Rm9ybVBvc3RQYXJhbTEwMi5PVFRpbWVTdGFydCRkZGxNTX19IiBVcmxFbmNvZGU9IlRydWUiIC8+DQogICAgICAgIDxGb3JtUG9zdFBhcmFtZXRlciBOYW1lPSJPVFRpbWVFbmQkZGRsSEgiIFZhbHVlPSLoq4vpgbjmk4ciIFJlY29yZGVkVmFsdWU9Iuiri+mBuOaThyIgQ29ycmVsYXRpb25CaW5kaW5nPSJ7e0Zvcm1Qb3N0UGFyYW0xMDMuT1RUaW1lRW5kJGRkbEhIfX0iIFVybEVuY29kZT0iVHJ1ZSIgLz4NCiAgICAgICAgPEZvcm1Qb3N0UGFyYW1ldGVyIE5hbWU9Ik9UVGltZUVuZCRkZGxNTSIgVmFsdWU9Iuiri+mBuOaThyIgUmVjb3JkZWRWYWx1ZT0i6KuL6YG45pOHIiBDb3JyZWxhdGlvbkJpbmRpbmc9Int7Rm9ybVBvc3RQYXJhbTEwNC5PVFRpbWVFbmQkZGRsTU19fSIgVXJsRW5jb2RlPSJUcnVlIiAvPg0KICAgICAgICA8Rm9ybVBvc3RQYXJhbWV0ZXIgTmFtZT0iY2hrTWVhbEZsYWciIFZhbHVlPSJvbiIgUmVjb3JkZWRWYWx1ZT0ib24iIENvcnJlbGF0aW9uQmluZGluZz0iIiBVcmxFbmNvZGU9IlRydWUiIC8+DQogICAgICAgIDxGb3JtUG9zdFBhcmFtZXRlciBOYW1lPSJ0eHRNZWFsVGltZSIgVmFsdWU9IjAiIFJlY29yZGVkVmFsdWU9IjAiIENvcnJlbGF0aW9uQmluZGluZz0ie3tGb3JtUG9zdFBhcmFtOTkudHh0TWVhbFRpbWV9fSIgVXJsRW5jb2RlPSJUcnVlIiAvPg0KICAgICAgICA8Rm9ybVBvc3RQYXJhbWV0ZXIgTmFtZT0iZGRsT1RUeXBlSUQiIFZhbHVlPSIwIiBSZWNvcmRlZFZhbHVlPSIwIiBDb3JyZWxhdGlvbkJpbmRpbmc9Int7Rm9ybVBvc3RQYXJhbTEwNS5kZGxPVFR5cGVJRH19IiBVcmxFbmNvZGU9IlRydWUiIC8+DQogICAgICAgIDxGb3JtUG9zdFBhcmFtZXRlciBOYW1lPSJ0eHRPVFJlYXNvbk1lbW8kdHh0RGF0YSIgVmFsdWU9IiIgUmVjb3JkZWRWYWx1ZT0iIiBDb3JyZWxhdGlvbkJpbmRpbmc9IiIgVXJsRW5jb2RlPSJUcnVlIiAvPg0KICAgICAgICA8Rm9ybVBvc3RQYXJhbWV0ZXIgTmFtZT0iZGRsT3JnIiBWYWx1ZT0iMSIgUmVjb3JkZWRWYWx1ZT0iMSIgQ29ycmVsYXRpb25CaW5kaW5nPSJ7e0Zvcm1Qb3N0UGFyYW0xMDYuZGRsT3JnfX0iIFVybEVuY29kZT0iVHJ1ZSIgLz4NCiAgICAgICAgPEZvcm1Qb3N0UGFyYW1ldGVyIE5hbWU9InVjQ2FzY2FkaW5nRHJvcERvd24xJGRkbDAzIiBWYWx1ZT0iMDAwRzkwIiBSZWNvcmRlZFZhbHVlPSIwMDBHOTAiIENvcnJlbGF0aW9uQmluZGluZz0ie3tGb3JtUG9zdFBhcmFtMTA3LnVjQ2FzY2FkaW5nRHJvcERvd24xJGRkbDAzfX0iIFVybEVuY29kZT0iVHJ1ZSIgLz4NCiAgICAgICAgPEZvcm1Qb3N0UGFyYW1ldGVyIE5hbWU9InVjQ2FzY2FkaW5nRHJvcERvd24xJGRkbDA0IiBWYWx1ZT0iIiBSZWNvcmRlZFZhbHVlPSIiIENvcnJlbGF0aW9uQmluZGluZz0iIiBVcmxFbmNvZGU9IlRydWUiIC8+DQogICAgICAgIDxGb3JtUG9zdFBhcmFtZXRlciBOYW1lPSJ1Y0Nhc2NhZGluZ0Ryb3BEb3duMSRDYXNjYWRpbmdEcm9wRG93bjFfQ2xpZW50U3RhdGUiIFZhbHVlPSJTUEhCSzE6OjrmsLjosZDpioDooYw6OjoiIFJlY29yZGVkVmFsdWU9IlNQSEJLMTo6OuawuOixkOmKgOihjDo6OiIgQ29ycmVsYXRpb25CaW5kaW5nPSIiIFVybEVuY29kZT0iVHJ1ZSIgLz4NCiAgICAgICAgPEZvcm1Qb3N0UGFyYW1ldGVyIE5hbWU9InVjQ2FzY2FkaW5nRHJvcERvd24xJENhc2NhZGluZ0Ryb3BEb3duMl9DbGllbnRTdGF0ZSIgVmFsdWU9IjAwMEcwMDo6OnVuZGVmaW5lZDo6OiIgUmVjb3JkZWRWYWx1ZT0iMDAwRzAwOjo6dW5kZWZpbmVkOjo6IiBDb3JyZWxhdGlvbkJpbmRpbmc9IiIgVXJsRW5jb2RlPSJUcnVlIiAvPg0KICAgICAgICA8Rm9ybVBvc3RQYXJhbWV0ZXIgTmFtZT0idWNDYXNjYWRpbmdEcm9wRG93bjEkQ2FzY2FkaW5nRHJvcERvd24zX0NsaWVudFN0YXRlIiBWYWx1ZT0iMDAwRzkwOjo65Lq66LOH5pW45pOa5oeJ55So56eROjo6IiBSZWNvcmRlZFZhbHVlPSIwMDBHOTA6Ojrkurros4fmlbjmk5rmh4nnlKjnp5E6OjoiIENvcnJlbGF0aW9uQmluZGluZz0iIiBVcmxFbmNvZGU9IlRydWUiIC8+DQogICAgICAgIDxGb3JtUG9zdFBhcmFtZXRlciBOYW1lPSJ1Y0Nhc2NhZGluZ0Ryb3BEb3duMSRDYXNjYWRpbmdEcm9wRG93bjRfQ2xpZW50U3RhdGUiIFZhbHVlPSJ7eyRISURERU4xLnVjQ2FzY2FkaW5nRHJvcERvd24xJENhc2NhZGluZ0Ryb3BEb3duNF9DbGllbnRTdGF0ZX19IiBSZWNvcmRlZFZhbHVlPSI6Ojo6OjoiIENvcnJlbGF0aW9uQmluZGluZz0iIiBVcmxFbmNvZGU9IlRydWUiIC8+DQogICAgICAgIDxGb3JtUG9zdFBhcmFtZXRlciBOYW1lPSJ1Y0Nhc2NhZGluZ0Ryb3BEb3duMSRDYXNjYWRpbmdEcm9wRG93bjVfQ2xpZW50U3RhdGUiIFZhbHVlPSJ7eyRISURERU4xLnVjQ2FzY2FkaW5nRHJvcERvd24xJENhc2NhZGluZ0Ryb3BEb3duNV9DbGllbnRTdGF0ZX19IiBSZWNvcmRlZFZhbHVlPSIiIENvcnJlbGF0aW9uQmluZGluZz0iIiBVcmxFbmNvZGU9IlRydWUiIC8+DQogICAgICAgIDxGb3JtUG9zdFBhcmFtZXRlciBOYW1lPSJ1Y0Nhc2NhZGluZ0Ryb3BEb3duMiRDYXNjYWRpbmdEcm9wRG93bjFfQ2xpZW50U3RhdGUiIFZhbHVlPSJ7eyRISURERU4xLnVjQ2FzY2FkaW5nRHJvcERvd24yJENhc2NhZGluZ0Ryb3BEb3duMV9DbGllbnRTdGF0ZX19IiBSZWNvcmRlZFZhbHVlPSI6Ojo6OjoiIENvcnJlbGF0aW9uQmluZGluZz0iIiBVcmxFbmNvZGU9IlRydWUiIC8+DQogICAgICAgIDxGb3JtUG9zdFBhcmFtZXRlciBOYW1lPSJ1Y0Nhc2NhZGluZ0Ryb3BEb3duMiRDYXNjYWRpbmdEcm9wRG93bjJfQ2xpZW50U3RhdGUiIFZhbHVlPSJ7eyRISURERU4xLnVjQ2FzY2FkaW5nRHJvcERvd24yJENhc2NhZGluZ0Ryb3BEb3duMl9DbGllbnRTdGF0ZX19IiBSZWNvcmRlZFZhbHVlPSI6Ojo6OjoiIENvcnJlbGF0aW9uQmluZGluZz0iIiBVcmxFbmNvZGU9IlRydWUiIC8+DQogICAgICAgIDxGb3JtUG9zdFBhcmFtZXRlciBOYW1lPSJ1Y0Nhc2NhZGluZ0Ryb3BEb3duMiRDYXNjYWRpbmdEcm9wRG93bjNfQ2xpZW50U3RhdGUiIFZhbHVlPSJ7eyRISURERU4xLnVjQ2FzY2FkaW5nRHJvcERvd24yJENhc2NhZGluZ0Ryb3BEb3duM19DbGllbnRTdGF0ZX19IiBSZWNvcmRlZFZhbHVlPSI6Ojo6OjoiIENvcnJlbGF0aW9uQmluZGluZz0iIiBVcmxFbmNvZGU9IlRydWUiIC8+DQogICAgICAgIDxGb3JtUG9zdFBhcmFtZXRlciBOYW1lPSJ1Y0Nhc2NhZGluZ0Ryb3BEb3duMiRDYXNjYWRpbmdEcm9wRG93bjRfQ2xpZW50U3RhdGUiIFZhbHVlPSJ7eyRISURERU4xLnVjQ2FzY2FkaW5nRHJvcERvd24yJENhc2NhZGluZ0Ryb3BEb3duNF9DbGllbnRTdGF0ZX19IiBSZWNvcmRlZFZhbHVlPSIiIENvcnJlbGF0aW9uQmluZGluZz0iIiBVcmxFbmNvZGU9IlRydWUiIC8+DQogICAgICAgIDxGb3JtUG9zdFBhcmFtZXRlciBOYW1lPSJ1Y0Nhc2NhZGluZ0Ryb3BEb3duMiRDYXNjYWRpbmdEcm9wRG93bjVfQ2xpZW50U3RhdGUiIFZhbHVlPSJ7eyRISURERU4xLnVjQ2FzY2FkaW5nRHJvcERvd24yJENhc2NhZGluZ0Ryb3BEb3duNV9DbGllbnRTdGF0ZX19IiBSZWNvcmRlZFZhbHVlPSIiIENvcnJlbGF0aW9uQmluZGluZz0iIiBVcmxFbmNvZGU9IlRydWUiIC8+DQogICAgICAgIDxGb3JtUG9zdFBhcmFtZXRlciBOYW1lPSJmcmFtZUF0dGFjaCIgVmFsdWU9Ii9VdGlsL0F0dGFjaEFkbWluLmFzcHg/QXR0YWNoREI9QWF0dGVuZGFudERCX0lUUkQmYW1wO0F0dGFjaElEPXRlc3QxMDIxMTlkNzkyZGRjOC0xZjBjLTRiZTYtYmEwNi0xYmQ1MjgwY2IyOWEmYW1wO0F0dGFjaEZpbGVNYXhRdHk9MSZhbXA7QXR0YWNoRmlsZU1heEtCPTMwNzImYW1wO0F0dGFjaEZpbGVUb3RLQj0zMDcyJmFtcDtBdHRhY2hGaWxlRXh0TGlzdD0iIFJlY29yZGVkVmFsdWU9Ii9VdGlsL0F0dGFjaEFkbWluLmFzcHg/QXR0YWNoREI9QWF0dGVuZGFudERCX0lUUkQmYW1wO0F0dGFjaElEPXRlc3QxMDIxMTlkNzkyZGRjOC0xZjBjLTRiZTYtYmEwNi0xYmQ1MjgwY2IyOWEmYW1wO0F0dGFjaEZpbGVNYXhRdHk9MSZhbXA7QXR0YWNoRmlsZU1heEtCPTMwNzImYW1wO0F0dGFjaEZpbGVUb3RLQj0zMDcyJmFtcDtBdHRhY2hGaWxlRXh0TGlzdD0iIENvcnJlbGF0aW9uQmluZGluZz0iIiBVcmxFbmNvZGU9IlRydWUiIC8+DQogICAgICAgIDxGb3JtUG9zdFBhcmFtZXRlciBOYW1lPSJ1Y01vZGFsUG9wdXAxJENsaWVudFdpZHRoIiBWYWx1ZT0ie3skSElEREVOMS51Y01vZGFsUG9wdXAxJENsaWVudFdpZHRofX0iIFJlY29yZGVkVmFsdWU9IjAiIENvcnJlbGF0aW9uQmluZGluZz0iIiBVcmxFbmNvZGU9IlRydWUiIC8+DQogICAgICAgIDxGb3JtUG9zdFBhcmFtZXRlciBOYW1lPSJ1Y01vZGFsUG9wdXAxJENsaWVudEhlaWdodCIgVmFsdWU9Int7JEhJRERFTjEudWNNb2RhbFBvcHVwMSRDbGllbnRIZWlnaHR9fSIgUmVjb3JkZWRWYWx1ZT0iMCIgQ29ycmVsYXRpb25CaW5kaW5nPSIiIFVybEVuY29kZT0iVHJ1ZSIgLz4NCiAgICAgICAgPEZvcm1Qb3N0UGFyYW1ldGVyIE5hbWU9ImhpZGRlbklucHV0VG9VcGRhdGVBVEJ1ZmZlcl9Db21tb25Ub29sa2l0U2NyaXB0cyIgVmFsdWU9IjAiIFJlY29yZGVkVmFsdWU9IjAiIENvcnJlbGF0aW9uQmluZGluZz0ie3tGb3JtUG9zdFBhcmFtMTA4LmhpZGRlbklucHV0VG9VcGRhdGVBVEJ1ZmZlcl9Db21tb25Ub29sa2l0U2NyaXB0c319IiBVcmxFbmNvZGU9IlRydWUiIC8+DQogICAgICA8L0Zvcm1Qb3N0SHR0cEJvZHk+DQogICAgPC9SZXF1ZXN0Pg0KICAgIDxSZXF1ZXN0IE1ldGhvZD0iUE9TVCIgR3VpZD0iOTA5YWFmOWEtM2YxMy00YjJiLWE4N2YtMWNiMTMwNzJmN2E0IiBWZXJzaW9uPSIxLjEiIFVybD0iaHR0cDovLzEwLjExLjM2LjExNDo4MDA3L092ZXJUaW1lL092ZXJ0aW1lUHJlT3JkZXJfQWRkLmFzcHgiIFRoaW5rVGltZT0iMCIgVGltZW91dD0iMzAwIiBQYXJzZURlcGVuZGVudFJlcXVlc3RzPSJUcnVlIiBGb2xsb3dSZWRpcmVjdHM9IlRydWUiIFJlY29yZFJlc3VsdD0iVHJ1ZSIgQ2FjaGU9IkZhbHNlIiBSZXNwb25zZVRpbWVHb2FsPSIwIiBFbmNvZGluZz0idXRmLTgiIEV4cGVjdGVkSHR0cFN0YXR1c0NvZGU9IjAiIEV4cGVjdGVkUmVzcG9uc2VVcmw9IiIgUmVwb3J0aW5nTmFtZT0iIiBJZ25vcmVIdHRwU3RhdHVzQ29kZT0iRmFsc2UiPg0KICAgICAgPEV4dHJhY3Rpb25SdWxlcz4NCiAgICAgICAgPEV4dHJhY3Rpb25SdWxlIENsYXNzbmFtZT0iTWljcm9zb2Z0LlZpc3VhbFN0dWRpby5UZXN0VG9vbHMuV2ViVGVzdGluZy5SdWxlcy5FeHRyYWN0SGlkZGVuRmllbGRzLCBNaWNyb3NvZnQuVmlzdWFsU3R1ZGlvLlF1YWxpdHlUb29scy5XZWJUZXN0RnJhbWV3b3JrLCBWZXJzaW9uPTEwLjAuMC4wLCBDdWx0dXJlPW5ldXRyYWwsIFB1YmxpY0tleVRva2VuPWIwM2Y1ZjdmMTFkNTBhM2EiIFZhcmlhYmxlTmFtZT0iMSIgRGlzcGxheU5hbWU9IuaTt+WPlumaseiXj+ashOS9jSIgRGVzY3JpcHRpb249IuaTt+WPluWbnuaHieS4reeahOaJgOaciemaseiXj+ashOS9je+8jOS4puWwh+Wug+WAkeaUvuWcqOa4rOippuWFp+WuueS4reOAgiI+DQogICAgICAgICAgPFJ1bGVQYXJhbWV0ZXJzPg0KICAgICAgICAgICAgPFJ1bGVQYXJhbWV0ZXIgTmFtZT0iUmVxdWlyZWQiIFZhbHVlPSJUcnVlIiAvPg0KICAgICAgICAgICAgPFJ1bGVQYXJhbWV0ZXIgTmFtZT0iSHRtbERlY29kZSIgVmFsdWU9IlRydWUiIC8+DQogICAgICAgICAgPC9SdWxlUGFyYW1ldGVycz4NCiAgICAgICAgPC9FeHRyYWN0aW9uUnVsZT4NCiAgICAgIDwvRXh0cmFjdGlvblJ1bGVzPg0KICAgICAgPENvcnJlbGF0aW9uRXh0cmFjdGlvblJ1bGVzPg0KICAgICAgICA8RXh0cmFjdGlvblJ1bGUgQ2xhc3NuYW1lPSJNaWNyb3NvZnQuVmlzdWFsU3R1ZGlvLlRlc3RUb29scy5XZWJUZXN0aW5nLlJ1bGVzLkV4dHJhY3RGb3JtRmllbGQsIE1pY3Jvc29mdC5WaXN1YWxTdHVkaW8uUXVhbGl0eVRvb2xzLldlYlRlc3RGcmFtZXdvcmssIFZlcnNpb249MTAuMC4wLjAsIEN1bHR1cmU9bmV1dHJhbCwgUHVibGljS2V5VG9rZW49YjAzZjVmN2YxMWQ1MGEzYSIgVmFyaWFibGVOYW1lPSJGb3JtUG9zdFBhcmFtNjIuT1RFbXBJRCIgRGlzcGxheU5hbWU9IiIgRGVzY3JpcHRpb249IiI+DQogICAgICAgICAgPFJ1bGVQYXJhbWV0ZXJzPg0KICAgICAgICAgICAgPFJ1bGVQYXJhbWV0ZXIgTmFtZT0iTmFtZSIgVmFsdWU9InJidFNpbmdsZUVtcElEIiAvPg0KICAgICAgICAgICAgPFJ1bGVQYXJhbWV0ZXIgTmFtZT0iSHRtbERlY29kZSIgVmFsdWU9IlRydWUiIC8+DQogICAgICAgICAgICA8UnVsZVBhcmFtZXRlciBOYW1lPSJSZXF1aXJlZCIgVmFsdWU9IkZhbHNlIiAvPg0KICAgICAgICAgICAgPFJ1bGVQYXJhbWV0ZXIgTmFtZT0iSW5kZXgiIFZhbHVlPSIwIiAvPg0KICAgICAgICAgIDwvUnVsZVBhcmFtZXRlcnM+DQogICAgICAgIDwvRXh0cmFjdGlvblJ1bGU+DQogICAgICAgIDxFeHRyYWN0aW9uUnVsZSBDbGFzc25hbWU9Ik1pY3Jvc29mdC5WaXN1YWxTdHVkaW8uVGVzdFRvb2xzLldlYlRlc3RpbmcuUnVsZXMuRXh0cmFjdEZvcm1GaWVsZCwgTWljcm9zb2Z0LlZpc3VhbFN0dWRpby5RdWFsaXR5VG9vbHMuV2ViVGVzdEZyYW1ld29yaywgVmVyc2lvbj0xMC4wLjAuMCwgQ3VsdHVyZT1uZXV0cmFsLCBQdWJsaWNLZXlUb2tlbj1iMDNmNWY3ZjExZDUwYTNhIiBWYXJpYWJsZU5hbWU9IkZvcm1Qb3N0UGFyYW02My50eHRPVEVtcElEIiBEaXNwbGF5TmFtZT0iIiBEZXNjcmlwdGlvbj0iIj4NCiAgICAgICAgICA8UnVsZVBhcmFtZXRlcnM+DQogICAgICAgICAgICA8UnVsZVBhcmFtZXRlciBOYW1lPSJOYW1lIiBWYWx1ZT0idHh0T1RFbXBJRCIgLz4NCiAgICAgICAgICAgIDxSdWxlUGFyYW1ldGVyIE5hbWU9Ikh0bWxEZWNvZGUiIFZhbHVlPSJUcnVlIiAvPg0KICAgICAgICAgICAgPFJ1bGVQYXJhbWV0ZXIgTmFtZT0iUmVxdWlyZWQiIFZhbHVlPSJGYWxzZSIgLz4NCiAgICAgICAgICAgIDxSdWxlUGFyYW1ldGVyIE5hbWU9IkluZGV4IiBWYWx1ZT0iMCIgLz4NCiAgICAgICAgICA8L1J1bGVQYXJhbWV0ZXJzPg0KICAgICAgICA8L0V4dHJhY3Rpb25SdWxlPg0KICAgICAgICA8RXh0cmFjdGlvblJ1bGUgQ2xhc3NuYW1lPSJNaWNyb3NvZnQuVmlzdWFsU3R1ZGlvLlRlc3RUb29scy5XZWJUZXN0aW5nLlJ1bGVzLkV4dHJhY3RGb3JtRmllbGQsIE1pY3Jvc29mdC5WaXN1YWxTdHVkaW8uUXVhbGl0eVRvb2xzLldlYlRlc3RGcmFtZXdvcmssIFZlcnNpb249MTAuMC4wLjAsIEN1bHR1cmU9bmV1dHJhbCwgUHVibGljS2V5VG9rZW49YjAzZjVmN2YxMWQ1MGEzYSIgVmFyaWFibGVOYW1lPSJGb3JtUG9zdFBhcmFtNjQudHh0T1RFbXBOYW1lIiBEaXNwbGF5TmFtZT0iIiBEZXNjcmlwdGlvbj0iIj4NCiAgICAgICAgICA8UnVsZVBhcmFtZXRlcnM+DQogICAgICAgICAgICA8UnVsZVBhcmFtZXRlciBOYW1lPSJOYW1lIiBWYWx1ZT0idHh0T1RFbXBOYW1lIiAvPg0KICAgICAgICAgICAgPFJ1bGVQYXJhbWV0ZXIgTmFtZT0iSHRtbERlY29kZSIgVmFsdWU9IlRydWUiIC8+DQogICAgICAgICAgICA8UnVsZVBhcmFtZXRlciBOYW1lPSJSZXF1aXJlZCIgVmFsdWU9IkZhbHNlIiAvPg0KICAgICAgICAgICAgPFJ1bGVQYXJhbWV0ZXIgTmFtZT0iSW5kZXgiIFZhbHVlPSIwIiAvPg0KICAgICAgICAgIDwvUnVsZVBhcmFtZXRlcnM+DQogICAgICAgIDwvRXh0cmFjdGlvblJ1bGU+DQogICAgICAgIDxFeHRyYWN0aW9uUnVsZSBDbGFzc25hbWU9Ik1pY3Jvc29mdC5WaXN1YWxTdHVkaW8uVGVzdFRvb2xzLldlYlRlc3RpbmcuUnVsZXMuRXh0cmFjdEZvcm1GaWVsZCwgTWljcm9zb2Z0LlZpc3VhbFN0dWRpby5RdWFsaXR5VG9vbHMuV2ViVGVzdEZyYW1ld29yaywgVmVyc2lvbj0xMC4wLjAuMCwgQ3VsdHVyZT1uZXV0cmFsLCBQdWJsaWNLZXlUb2tlbj1iMDNmNWY3ZjExZDUwYTNhIiBWYXJpYWJsZU5hbWU9IkZvcm1Qb3N0UGFyYW02NS51Y0RhdGVTdGFydCR0eHREYXRlIiBEaXNwbGF5TmFtZT0iIiBEZXNjcmlwdGlvbj0iIj4NCiAgICAgICAgICA8UnVsZVBhcmFtZXRlcnM+DQogICAgICAgICAgICA8UnVsZVBhcmFtZXRlciBOYW1lPSJOYW1lIiBWYWx1ZT0idWNEYXRlU3RhcnRfdHh0RGF0ZSIgLz4NCiAgICAgICAgICAgIDxSdWxlUGFyYW1ldGVyIE5hbWU9Ikh0bWxEZWNvZGUiIFZhbHVlPSJUcnVlIiAvPg0KICAgICAgICAgICAgPFJ1bGVQYXJhbWV0ZXIgTmFtZT0iUmVxdWlyZWQiIFZhbHVlPSJGYWxzZSIgLz4NCiAgICAgICAgICAgIDxSdWxlUGFyYW1ldGVyIE5hbWU9IkluZGV4IiBWYWx1ZT0iMCIgLz4NCiAgICAgICAgICA8L1J1bGVQYXJhbWV0ZXJzPg0KICAgICAgICA8L0V4dHJhY3Rpb25SdWxlPg0KICAgICAgICA8RXh0cmFjdGlvblJ1bGUgQ2xhc3NuYW1lPSJNaWNyb3NvZnQuVmlzdWFsU3R1ZGlvLlRlc3RUb29scy5XZWJUZXN0aW5nLlJ1bGVzLkV4dHJhY3RGb3JtRmllbGQsIE1pY3Jvc29mdC5WaXN1YWxTdHVkaW8uUXVhbGl0eVRvb2xzLldlYlRlc3RGcmFtZXdvcmssIFZlcnNpb249MTAuMC4wLjAsIEN1bHR1cmU9bmV1dHJhbCwgUHVibGljS2V5VG9rZW49YjAzZjVmN2YxMWQ1MGEzYSIgVmFyaWFibGVOYW1lPSJGb3JtUG9zdFBhcmFtNjYudWNEYXRlRW5kJHR4dERhdGUiIERpc3BsYXlOYW1lPSIiIERlc2NyaXB0aW9uPSIiPg0KICAgICAgICAgIDxSdWxlUGFyYW1ldGVycz4NCiAgICAgICAgICAgIDxSdWxlUGFyYW1ldGVyIE5hbWU9Ik5hbWUiIFZhbHVlPSJ1Y0RhdGVFbmRfdHh0RGF0ZSIgLz4NCiAgICAgICAgICAgIDxSdWxlUGFyYW1ldGVyIE5hbWU9Ikh0bWxEZWNvZGUiIFZhbHVlPSJUcnVlIiAvPg0KICAgICAgICAgICAgPFJ1bGVQYXJhbWV0ZXIgTmFtZT0iUmVxdWlyZWQiIFZhbHVlPSJGYWxzZSIgLz4NCiAgICAgICAgICAgIDxSdWxlUGFyYW1ldGVyIE5hbWU9IkluZGV4IiBWYWx1ZT0iMCIgLz4NCiAgICAgICAgICA8L1J1bGVQYXJhbWV0ZXJzPg0KICAgICAgICA8L0V4dHJhY3Rpb25SdWxlPg0KICAgICAgICA8RXh0cmFjdGlvblJ1bGUgQ2xhc3NuYW1lPSJNaWNyb3NvZnQuVmlzdWFsU3R1ZGlvLlRlc3RUb29scy5XZWJUZXN0aW5nLlJ1bGVzLkV4dHJhY3RGb3JtRmllbGQsIE1pY3Jvc29mdC5WaXN1YWxTdHVkaW8uUXVhbGl0eVRvb2xzLldlYlRlc3RGcmFtZXdvcmssIFZlcnNpb249MTAuMC4wLjAsIEN1bHR1cmU9bmV1dHJhbCwgUHVibGljS2V5VG9rZW49YjAzZjVmN2YxMWQ1MGEzYSIgVmFyaWFibGVOYW1lPSJGb3JtUG9zdFBhcmFtNjcudHh0TWVhbFRpbWUiIERpc3BsYXlOYW1lPSIiIERlc2NyaXB0aW9uPSIiPg0KICAgICAgICAgIDxSdWxlUGFyYW1ldGVycz4NCiAgICAgICAgICAgIDxSdWxlUGFyYW1ldGVyIE5hbWU9Ik5hbWUiIFZhbHVlPSJ0eHRNZWFsVGltZSIgLz4NCiAgICAgICAgICAgIDxSdWxlUGFyYW1ldGVyIE5hbWU9Ikh0bWxEZWNvZGUiIFZhbHVlPSJUcnVlIiAvPg0KICAgICAgICAgICAgPFJ1bGVQYXJhbWV0ZXIgTmFtZT0iUmVxdWlyZWQiIFZhbHVlPSJGYWxzZSIgLz4NCiAgICAgICAgICAgIDxSdWxlUGFyYW1ldGVyIE5hbWU9IkluZGV4IiBWYWx1ZT0iMCIgLz4NCiAgICAgICAgICA8L1J1bGVQYXJhbWV0ZXJzPg0KICAgICAgICA8L0V4dHJhY3Rpb25SdWxlPg0KICAgICAgICA8RXh0cmFjdGlvblJ1bGUgQ2xhc3NuYW1lPSJNaWNyb3NvZnQuVmlzdWFsU3R1ZGlvLlRlc3RUb29scy5XZWJUZXN0aW5nLlJ1bGVzLkV4dHJhY3RUZXh0LCBNaWNyb3NvZnQuVmlzdWFsU3R1ZGlvLlF1YWxpdHlUb29scy5XZWJUZXN0RnJhbWV3b3JrLCBWZXJzaW9uPTEwLjAuMC4wLCBDdWx0dXJlPW5ldXRyYWwsIFB1YmxpY0tleVRva2VuPWIwM2Y1ZjdmMTFkNTBhM2EiIFZhcmlhYmxlTmFtZT0iRm9ybVBvc3RQYXJhbTY4Ll9fRVZFTlRUQVJHRVQiIERpc3BsYXlOYW1lPSIiIERlc2NyaXB0aW9uPSIiPg0KICAgICAgICAgIDxSdWxlUGFyYW1ldGVycz4NCiAgICAgICAgICAgIDxSdWxlUGFyYW1ldGVyIE5hbWU9IlN0YXJ0c1dpdGgiIFZhbHVlPSJhbWU9JnF1b3Q7IiAvPg0KICAgICAgICAgICAgPFJ1bGVQYXJhbWV0ZXIgTmFtZT0iRW5kc1dpdGgiIFZhbHVlPSImcXVvdDsgb25jIiAvPg0KICAgICAgICAgICAgPFJ1bGVQYXJhbWV0ZXIgTmFtZT0iSW5kZXgiIFZhbHVlPSIzNCIgLz4NCiAgICAgICAgICAgIDxSdWxlUGFyYW1ldGVyIE5hbWU9Iklnbm9yZUNhc2UiIFZhbHVlPSJGYWxzZSIgLz4NCiAgICAgICAgICAgIDxSdWxlUGFyYW1ldGVyIE5hbWU9IlVzZVJlZ3VsYXJFeHByZXNzaW9uIiBWYWx1ZT0iRmFsc2UiIC8+DQogICAgICAgICAgICA8UnVsZVBhcmFtZXRlciBOYW1lPSJIdG1sRGVjb2RlIiBWYWx1ZT0iVHJ1ZSIgLz4NCiAgICAgICAgICAgIDxSdWxlUGFyYW1ldGVyIE5hbWU9IlJlcXVpcmVkIiBWYWx1ZT0iRmFsc2UiIC8+DQogICAgICAgICAgPC9SdWxlUGFyYW1ldGVycz4NCiAgICAgICAgPC9FeHRyYWN0aW9uUnVsZT4NCiAgICAgICAgPEV4dHJhY3Rpb25SdWxlIENsYXNzbmFtZT0iTWljcm9zb2Z0LlZpc3VhbFN0dWRpby5UZXN0VG9vbHMuV2ViVGVzdGluZy5SdWxlcy5FeHRyYWN0VGV4dCwgTWljcm9zb2Z0LlZpc3VhbFN0dWRpby5RdWFsaXR5VG9vbHMuV2ViVGVzdEZyYW1ld29yaywgVmVyc2lvbj0xMC4wLjAuMCwgQ3VsdHVyZT1uZXV0cmFsLCBQdWJsaWNLZXlUb2tlbj1iMDNmNWY3ZjExZDUwYTNhIiBWYXJpYWJsZU5hbWU9IkZvcm1Qb3N0UGFyYW02OS5PVFRpbWVTdGFydCRkZGxISCIgRGlzcGxheU5hbWU9IiIgRGVzY3JpcHRpb249IiI+DQogICAgICAgICAgPFJ1bGVQYXJhbWV0ZXJzPg0KICAgICAgICAgICAgPFJ1bGVQYXJhbWV0ZXIgTmFtZT0iU3RhcnRzV2l0aCIgVmFsdWU9Imx1ZT0mcXVvdDsiIC8+DQogICAgICAgICAgICA8UnVsZVBhcmFtZXRlciBOYW1lPSJFbmRzV2l0aCIgVmFsdWU9IiZxdW90OyZndDswMCZsdDsiIC8+DQogICAgICAgICAgICA8UnVsZVBhcmFtZXRlciBOYW1lPSJJbmRleCIgVmFsdWU9IjMwIiAvPg0KICAgICAgICAgICAgPFJ1bGVQYXJhbWV0ZXIgTmFtZT0iSWdub3JlQ2FzZSIgVmFsdWU9IkZhbHNlIiAvPg0KICAgICAgICAgICAgPFJ1bGVQYXJhbWV0ZXIgTmFtZT0iVXNlUmVndWxhckV4cHJlc3Npb24iIFZhbHVlPSJGYWxzZSIgLz4NCiAgICAgICAgICAgIDxSdWxlUGFyYW1ldGVyIE5hbWU9Ikh0bWxEZWNvZGUiIFZhbHVlPSJUcnVlIiAvPg0KICAgICAgICAgICAgPFJ1bGVQYXJhbWV0ZXIgTmFtZT0iUmVxdWlyZWQiIFZhbHVlPSJGYWxzZSIgLz4NCiAgICAgICAgICA8L1J1bGVQYXJhbWV0ZXJzPg0KICAgICAgICA8L0V4dHJhY3Rpb25SdWxlPg0KICAgICAgICA8RXh0cmFjdGlvblJ1bGUgQ2xhc3NuYW1lPSJNaWNyb3NvZnQuVmlzdWFsU3R1ZGlvLlRlc3RUb29scy5XZWJUZXN0aW5nLlJ1bGVzLkV4dHJhY3RUZXh0LCBNaWNyb3NvZnQuVmlzdWFsU3R1ZGlvLlF1YWxpdHlUb29scy5XZWJUZXN0RnJhbWV3b3JrLCBWZXJzaW9uPTEwLjAuMC4wLCBDdWx0dXJlPW5ldXRyYWwsIFB1YmxpY0tleVRva2VuPWIwM2Y1ZjdmMTFkNTBhM2EiIFZhcmlhYmxlTmFtZT0iRm9ybVBvc3RQYXJhbTcwLk9UVGltZVN0YXJ0JGRkbE1NIiBEaXNwbGF5TmFtZT0iIiBEZXNjcmlwdGlvbj0iIj4NCiAgICAgICAgICA8UnVsZVBhcmFtZXRlcnM+DQogICAgICAgICAgICA8UnVsZVBhcmFtZXRlciBOYW1lPSJTdGFydHNXaXRoIiBWYWx1ZT0ibHVlPSZxdW90OyIgLz4NCiAgICAgICAgICAgIDxSdWxlUGFyYW1ldGVyIE5hbWU9IkVuZHNXaXRoIiBWYWx1ZT0iJnF1b3Q7Jmd0OzAwJmx0OyIgLz4NCiAgICAgICAgICAgIDxSdWxlUGFyYW1ldGVyIE5hbWU9IkluZGV4IiBWYWx1ZT0iMzAiIC8+DQogICAgICAgICAgICA8UnVsZVBhcmFtZXRlciBOYW1lPSJJZ25vcmVDYXNlIiBWYWx1ZT0iRmFsc2UiIC8+DQogICAgICAgICAgICA8UnVsZVBhcmFtZXRlciBOYW1lPSJVc2VSZWd1bGFyRXhwcmVzc2lvbiIgVmFsdWU9IkZhbHNlIiAvPg0KICAgICAgICAgICAgPFJ1bGVQYXJhbWV0ZXIgTmFtZT0iSHRtbERlY29kZSIgVmFsdWU9IlRydWUiIC8+DQogICAgICAgICAgICA8UnVsZVBhcmFtZXRlciBOYW1lPSJSZXF1aXJlZCIgVmFsdWU9IkZhbHNlIiAvPg0KICAgICAgICAgIDwvUnVsZVBhcmFtZXRlcnM+DQogICAgICAgIDwvRXh0cmFjdGlvblJ1bGU+DQogICAgICAgIDxFeHRyYWN0aW9uUnVsZSBDbGFzc25hbWU9Ik1pY3Jvc29mdC5WaXN1YWxTdHVkaW8uVGVzdFRvb2xzLldlYlRlc3RpbmcuUnVsZXMuRXh0cmFjdFRleHQsIE1pY3Jvc29mdC5WaXN1YWxTdHVkaW8uUXVhbGl0eVRvb2xzLldlYlRlc3RGcmFtZXdvcmssIFZlcnNpb249MTAuMC4wLjAsIEN1bHR1cmU9bmV1dHJhbCwgUHVibGljS2V5VG9rZW49YjAzZjVmN2YxMWQ1MGEzYSIgVmFyaWFibGVOYW1lPSJGb3JtUG9zdFBhcmFtNzEuT1RUaW1lRW5kJGRkbEhIIiBEaXNwbGF5TmFtZT0iIiBEZXNjcmlwdGlvbj0iIj4NCiAgICAgICAgICA8UnVsZVBhcmFtZXRlcnM+DQogICAgICAgICAgICA8UnVsZVBhcmFtZXRlciBOYW1lPSJTdGFydHNXaXRoIiBWYWx1ZT0ibHVlPSZxdW90OyIgLz4NCiAgICAgICAgICAgIDxSdWxlUGFyYW1ldGVyIE5hbWU9IkVuZHNXaXRoIiBWYWx1ZT0iJnF1b3Q7Jmd0OzAxJmx0OyIgLz4NCiAgICAgICAgICAgIDxSdWxlUGFyYW1ldGVyIE5hbWU9IkluZGV4IiBWYWx1ZT0iMzEiIC8+DQogICAgICAgICAgICA8UnVsZVBhcmFtZXRlciBOYW1lPSJJZ25vcmVDYXNlIiBWYWx1ZT0iRmFsc2UiIC8+DQogICAgICAgICAgICA8UnVsZVBhcmFtZXRlciBOYW1lPSJVc2VSZWd1bGFyRXhwcmVzc2lvbiIgVmFsdWU9IkZhbHNlIiAvPg0KICAgICAgICAgICAgPFJ1bGVQYXJhbWV0ZXIgTmFtZT0iSHRtbERlY29kZSIgVmFsdWU9IlRydWUiIC8+DQogICAgICAgICAgICA8UnVsZVBhcmFtZXRlciBOYW1lPSJSZXF1aXJlZCIgVmFsdWU9IkZhbHNlIiAvPg0KICAgICAgICAgIDwvUnVsZVBhcmFtZXRlcnM+DQogICAgICAgIDwvRXh0cmFjdGlvblJ1bGU+DQogICAgICAgIDxFeHRyYWN0aW9uUnVsZSBDbGFzc25hbWU9Ik1pY3Jvc29mdC5WaXN1YWxTdHVkaW8uVGVzdFRvb2xzLldlYlRlc3RpbmcuUnVsZXMuRXh0cmFjdFRleHQsIE1pY3Jvc29mdC5WaXN1YWxTdHVkaW8uUXVhbGl0eVRvb2xzLldlYlRlc3RGcmFtZXdvcmssIFZlcnNpb249MTAuMC4wLjAsIEN1bHR1cmU9bmV1dHJhbCwgUHVibGljS2V5VG9rZW49YjAzZjVmN2YxMWQ1MGEzYSIgVmFyaWFibGVOYW1lPSJGb3JtUG9zdFBhcmFtNzIuT1RUaW1lRW5kJGRkbE1NIiBEaXNwbGF5TmFtZT0iIiBEZXNjcmlwdGlvbj0iIj4NCiAgICAgICAgICA8UnVsZVBhcmFtZXRlcnM+DQogICAgICAgICAgICA8UnVsZVBhcmFtZXRlciBOYW1lPSJTdGFydHNXaXRoIiBWYWx1ZT0ibHVlPSZxdW90OyIgLz4NCiAgICAgICAgICAgIDxSdWxlUGFyYW1ldGVyIE5hbWU9IkVuZHNXaXRoIiBWYWx1ZT0iJnF1b3Q7Jmd0OzAwJmx0OyIgLz4NCiAgICAgICAgICAgIDxSdWxlUGFyYW1ldGVyIE5hbWU9IkluZGV4IiBWYWx1ZT0iMzAiIC8+DQogICAgICAgICAgICA8UnVsZVBhcmFtZXRlciBOYW1lPSJJZ25vcmVDYXNlIiBWYWx1ZT0iRmFsc2UiIC8+DQogICAgICAgICAgICA8UnVsZVBhcmFtZXRlciBOYW1lPSJVc2VSZWd1bGFyRXhwcmVzc2lvbiIgVmFsdWU9IkZhbHNlIiAvPg0KICAgICAgICAgICAgPFJ1bGVQYXJhbWV0ZXIgTmFtZT0iSHRtbERlY29kZSIgVmFsdWU9IlRydWUiIC8+DQogICAgICAgICAgICA8UnVsZVBhcmFtZXRlciBOYW1lPSJSZXF1aXJlZCIgVmFsdWU9IkZhbHNlIiAvPg0KICAgICAgICAgIDwvUnVsZVBhcmFtZXRlcnM+DQogICAgICAgIDwvRXh0cmFjdGlvblJ1bGU+DQogICAgICAgIDxFeHRyYWN0aW9uUnVsZSBDbGFzc25hbWU9Ik1pY3Jvc29mdC5WaXN1YWxTdHVkaW8uVGVzdFRvb2xzLldlYlRlc3RpbmcuUnVsZXMuRXh0cmFjdFRleHQsIE1pY3Jvc29mdC5WaXN1YWxTdHVkaW8uUXVhbGl0eVRvb2xzLldlYlRlc3RGcmFtZXdvcmssIFZlcnNpb249MTAuMC4wLjAsIEN1bHR1cmU9bmV1dHJhbCwgUHVibGljS2V5VG9rZW49YjAzZjVmN2YxMWQ1MGEzYSIgVmFyaWFibGVOYW1lPSJGb3JtUG9zdFBhcmFtNzMuZGRsT1RUeXBlSUQiIERpc3BsYXlOYW1lPSIiIERlc2NyaXB0aW9uPSIiPg0KICAgICAgICAgIDxSdWxlUGFyYW1ldGVycz4NCiAgICAgICAgICAgIDxSdWxlUGFyYW1ldGVyIE5hbWU9IlN0YXJ0c1dpdGgiIFZhbHVlPSJzJnF1b3Q7OlsmcXVvdDsiIC8+DQogICAgICAgICAgICA8UnVsZVBhcmFtZXRlciBOYW1lPSJFbmRzV2l0aCIgVmFsdWU9IiZxdW90OywmcXVvdDsxJnF1b3Q7IiAvPg0KICAgICAgICAgICAgPFJ1bGVQYXJhbWV0ZXIgTmFtZT0iSW5kZXgiIFZhbHVlPSIwIiAvPg0KICAgICAgICAgICAgPFJ1bGVQYXJhbWV0ZXIgTmFtZT0iSWdub3JlQ2FzZSIgVmFsdWU9IkZhbHNlIiAvPg0KICAgICAgICAgICAgPFJ1bGVQYXJhbWV0ZXIgTmFtZT0iVXNlUmVndWxhckV4cHJlc3Npb24iIFZhbHVlPSJGYWxzZSIgLz4NCiAgICAgICAgICAgIDxSdWxlUGFyYW1ldGVyIE5hbWU9Ikh0bWxEZWNvZGUiIFZhbHVlPSJUcnVlIiAvPg0KICAgICAgICAgICAgPFJ1bGVQYXJhbWV0ZXIgTmFtZT0iUmVxdWlyZWQiIFZhbHVlPSJGYWxzZSIgLz4NCiAgICAgICAgICA8L1J1bGVQYXJhbWV0ZXJzPg0KICAgICAgICA8L0V4dHJhY3Rpb25SdWxlPg0KICAgICAgICA8RXh0cmFjdGlvblJ1bGUgQ2xhc3NuYW1lPSJNaWNyb3NvZnQuVmlzdWFsU3R1ZGlvLlRlc3RUb29scy5XZWJUZXN0aW5nLlJ1bGVzLkV4dHJhY3RUZXh0LCBNaWNyb3NvZnQuVmlzdWFsU3R1ZGlvLlF1YWxpdHlUb29scy5XZWJUZXN0RnJhbWV3b3JrLCBWZXJzaW9uPTEwLjAuMC4wLCBDdWx0dXJlPW5ldXRyYWwsIFB1YmxpY0tleVRva2VuPWIwM2Y1ZjdmMTFkNTBhM2EiIFZhcmlhYmxlTmFtZT0iRm9ybVBvc3RQYXJhbTc0LmRkbE9yZyIgRGlzcGxheU5hbWU9IiIgRGVzY3JpcHRpb249IiI+DQogICAgICAgICAgPFJ1bGVQYXJhbWV0ZXJzPg0KICAgICAgICAgICAgPFJ1bGVQYXJhbWV0ZXIgTmFtZT0iU3RhcnRzV2l0aCIgVmFsdWU9IiZxdW90OzAmcXVvdDssJnF1b3Q7IiAvPg0KICAgICAgICAgICAgPFJ1bGVQYXJhbWV0ZXIgTmFtZT0iRW5kc1dpdGgiIFZhbHVlPSImcXVvdDssJnF1b3Q7MiZxdW90OyIgLz4NCiAgICAgICAgICAgIDxSdWxlUGFyYW1ldGVyIE5hbWU9IkluZGV4IiBWYWx1ZT0iMCIgLz4NCiAgICAgICAgICAgIDxSdWxlUGFyYW1ldGVyIE5hbWU9Iklnbm9yZUNhc2UiIFZhbHVlPSJGYWxzZSIgLz4NCiAgICAgICAgICAgIDxSdWxlUGFyYW1ldGVyIE5hbWU9IlVzZVJlZ3VsYXJFeHByZXNzaW9uIiBWYWx1ZT0iRmFsc2UiIC8+DQogICAgICAgICAgICA8UnVsZVBhcmFtZXRlciBOYW1lPSJIdG1sRGVjb2RlIiBWYWx1ZT0iVHJ1ZSIgLz4NCiAgICAgICAgICAgIDxSdWxlUGFyYW1ldGVyIE5hbWU9IlJlcXVpcmVkIiBWYWx1ZT0iRmFsc2UiIC8+DQogICAgICAgICAgPC9SdWxlUGFyYW1ldGVycz4NCiAgICAgICAgPC9FeHRyYWN0aW9uUnVsZT4NCiAgICAgICAgPEV4dHJhY3Rpb25SdWxlIENsYXNzbmFtZT0iTWljcm9zb2Z0LlZpc3VhbFN0dWRpby5UZXN0VG9vbHMuV2ViVGVzdGluZy5SdWxlcy5FeHRyYWN0VGV4dCwgTWljcm9zb2Z0LlZpc3VhbFN0dWRpby5RdWFsaXR5VG9vbHMuV2ViVGVzdEZyYW1ld29yaywgVmVyc2lvbj0xMC4wLjAuMCwgQ3VsdHVyZT1uZXV0cmFsLCBQdWJsaWNLZXlUb2tlbj1iMDNmNWY3ZjExZDUwYTNhIiBWYXJpYWJsZU5hbWU9IkZvcm1Qb3N0UGFyYW03NS51Y0Nhc2NhZGluZ0Ryb3BEb3duMSRkZGwwMiIgRGlzcGxheU5hbWU9IiIgRGVzY3JpcHRpb249IiI+DQogICAgICAgICAgPFJ1bGVQYXJhbWV0ZXJzPg0KICAgICAgICAgICAgPFJ1bGVQYXJhbWV0ZXIgTmFtZT0iU3RhcnRzV2l0aCIgVmFsdWU9Imx1ZT0mcXVvdDsiIC8+DQogICAgICAgICAgICA8UnVsZVBhcmFtZXRlciBOYW1lPSJFbmRzV2l0aCIgVmFsdWU9IiZxdW90OyB0aXQiIC8+DQogICAgICAgICAgICA8UnVsZVBhcmFtZXRlciBOYW1lPSJJbmRleCIgVmFsdWU9IjIyMCIgLz4NCiAgICAgICAgICAgIDxSdWxlUGFyYW1ldGVyIE5hbWU9Iklnbm9yZUNhc2UiIFZhbHVlPSJGYWxzZSIgLz4NCiAgICAgICAgICAgIDxSdWxlUGFyYW1ldGVyIE5hbWU9IlVzZVJlZ3VsYXJFeHByZXNzaW9uIiBWYWx1ZT0iRmFsc2UiIC8+DQogICAgICAgICAgICA8UnVsZVBhcmFtZXRlciBOYW1lPSJIdG1sRGVjb2RlIiBWYWx1ZT0iVHJ1ZSIgLz4NCiAgICAgICAgICAgIDxSdWxlUGFyYW1ldGVyIE5hbWU9IlJlcXVpcmVkIiBWYWx1ZT0iRmFsc2UiIC8+DQogICAgICAgICAgPC9SdWxlUGFyYW1ldGVycz4NCiAgICAgICAgPC9FeHRyYWN0aW9uUnVsZT4NCiAgICAgICAgPEV4dHJhY3Rpb25SdWxlIENsYXNzbmFtZT0iTWljcm9zb2Z0LlZpc3VhbFN0dWRpby5UZXN0VG9vbHMuV2ViVGVzdGluZy5SdWxlcy5FeHRyYWN0VGV4dCwgTWljcm9zb2Z0LlZpc3VhbFN0dWRpby5RdWFsaXR5VG9vbHMuV2ViVGVzdEZyYW1ld29yaywgVmVyc2lvbj0xMC4wLjAuMCwgQ3VsdHVyZT1uZXV0cmFsLCBQdWJsaWNLZXlUb2tlbj1iMDNmNWY3ZjExZDUwYTNhIiBWYXJpYWJsZU5hbWU9IkZvcm1Qb3N0UGFyYW03Ni51Y0Nhc2NhZGluZ0Ryb3BEb3duMSRkZGwwMyIgRGlzcGxheU5hbWU9IiIgRGVzY3JpcHRpb249IiI+DQogICAgICAgICAgPFJ1bGVQYXJhbWV0ZXJzPg0KICAgICAgICAgICAgPFJ1bGVQYXJhbWV0ZXIgTmFtZT0iU3RhcnRzV2l0aCIgVmFsdWU9Imx1ZT0mcXVvdDsiIC8+DQogICAgICAgICAgICA8UnVsZVBhcmFtZXRlciBOYW1lPSJFbmRzV2l0aCIgVmFsdWU9IiZxdW90OyB0aXQiIC8+DQogICAgICAgICAgICA8UnVsZVBhcmFtZXRlciBOYW1lPSJJbmRleCIgVmFsdWU9IjIyMSIgLz4NCiAgICAgICAgICAgIDxSdWxlUGFyYW1ldGVyIE5hbWU9Iklnbm9yZUNhc2UiIFZhbHVlPSJGYWxzZSIgLz4NCiAgICAgICAgICAgIDxSdWxlUGFyYW1ldGVyIE5hbWU9IlVzZVJlZ3VsYXJFeHByZXNzaW9uIiBWYWx1ZT0iRmFsc2UiIC8+DQogICAgICAgICAgICA8UnVsZVBhcmFtZXRlciBOYW1lPSJIdG1sRGVjb2RlIiBWYWx1ZT0iVHJ1ZSIgLz4NCiAgICAgICAgICAgIDxSdWxlUGFyYW1ldGVyIE5hbWU9IlJlcXVpcmVkIiBWYWx1ZT0iRmFsc2UiIC8+DQogICAgICAgICAgPC9SdWxlUGFyYW1ldGVycz4NCiAgICAgICAgPC9FeHRyYWN0aW9uUnVsZT4NCiAgICAgICAgPEV4dHJhY3Rpb25SdWxlIENsYXNzbmFtZT0iTWljcm9zb2Z0LlZpc3VhbFN0dWRpby5UZXN0VG9vbHMuV2ViVGVzdGluZy5SdWxlcy5FeHRyYWN0VGV4dCwgTWljcm9zb2Z0LlZpc3VhbFN0dWRpby5RdWFsaXR5VG9vbHMuV2ViVGVzdEZyYW1ld29yaywgVmVyc2lvbj0xMC4wLjAuMCwgQ3VsdHVyZT1uZXV0cmFsLCBQdWJsaWNLZXlUb2tlbj1iMDNmNWY3ZjExZDUwYTNhIiBWYXJpYWJsZU5hbWU9IkZvcm1Qb3N0UGFyYW03Ny5oaWRkZW5JbnB1dFRvVXBkYXRlQVRCdWZmZXJfQ29tbW9uVG9vbGtpdFNjcmlwdHMiIERpc3BsYXlOYW1lPSIiIERlc2NyaXB0aW9uPSIiPg0KICAgICAgICAgIDxSdWxlUGFyYW1ldGVycz4NCiAgICAgICAgICAgIDxSdWxlUGFyYW1ldGVyIE5hbWU9IlN0YXJ0c1dpdGgiIFZhbHVlPSJzJnF1b3Q7OlsmcXVvdDsiIC8+DQogICAgICAgICAgICA8UnVsZVBhcmFtZXRlciBOYW1lPSJFbmRzV2l0aCIgVmFsdWU9IiZxdW90OywmcXVvdDsxJnF1b3Q7IiAvPg0KICAgICAgICAgICAgPFJ1bGVQYXJhbWV0ZXIgTmFtZT0iSW5kZXgiIFZhbHVlPSIwIiAvPg0KICAgICAgICAgICAgPFJ1bGVQYXJhbWV0ZXIgTmFtZT0iSWdub3JlQ2FzZSIgVmFsdWU9IkZhbHNlIiAvPg0KICAgICAgICAgICAgPFJ1bGVQYXJhbWV0ZXIgTmFtZT0iVXNlUmVndWxhckV4cHJlc3Npb24iIFZhbHVlPSJGYWxzZSIgLz4NCiAgICAgICAgICAgIDxSdWxlUGFyYW1ldGVyIE5hbWU9Ikh0bWxEZWNvZGUiIFZhbHVlPSJUcnVlIiAvPg0KICAgICAgICAgICAgPFJ1bGVQYXJhbWV0ZXIgTmFtZT0iUmVxdWlyZWQiIFZhbHVlPSJGYWxzZSIgLz4NCiAgICAgICAgICA8L1J1bGVQYXJhbWV0ZXJzPg0KICAgICAgICA8L0V4dHJhY3Rpb25SdWxlPg0KICAgICAgPC9Db3JyZWxhdGlvbkV4dHJhY3Rpb25SdWxlcz4NCiAgICAgIDxGb3JtUG9zdEh0dHBCb2R5Pg0KICAgICAgICA8Rm9ybVBvc3RQYXJhbWV0ZXIgTmFtZT0iVG9vbGtpdFNjcmlwdE1hbmFnZXIxX0hpZGRlbkZpZWxkIiBWYWx1ZT0iOztBamF4Q29udHJvbFRvb2xraXQsIFZlcnNpb249NC4xLjcuNjA3LCBDdWx0dXJlPW5ldXRyYWwsIFB1YmxpY0tleVRva2VuPTI4ZjAxYjBlODRiNmQ1M2U6emgtSGFudDo3Yjk1ZWQxYS02YTNmLTQxZGQtYmM1Yi02M2YzOWVkYmM0YjQ6ZGUxZmVhYjI6ZmNmMGU5OTM6ZjJjOGU3MDg6NzIwYTUyYmY6ZjljZWM5YmM6NTg5ZWFhMzA6Njk4MTI5Y2Y6ZmI5YjRjNTc6Y2NiOTZjZjk6OGFkMTgxMDE6Y2E1N2VmM2M6YTY3YzI3MDA6ODYxM2FlYTc6MzIwMmE1YTI6YWIwOWUzZmU6ODcxMDRiN2M6YmU2ZmIyOTgiIFJlY29yZGVkVmFsdWU9Ijs7QWpheENvbnRyb2xUb29sa2l0LCBWZXJzaW9uPTQuMS43LjYwNywgQ3VsdHVyZT1uZXV0cmFsLCBQdWJsaWNLZXlUb2tlbj0yOGYwMWIwZTg0YjZkNTNlOnpoLUhhbnQ6N2I5NWVkMWEtNmEzZi00MWRkLWJjNWItNjNmMzllZGJjNGI0OmRlMWZlYWIyOmZjZjBlOTkzOmYyYzhlNzA4OjcyMGE1MmJmOmY5Y2VjOWJjOjU4OWVhYTMwOjY5ODEyOWNmOmZiOWI0YzU3OmNjYjk2Y2Y5OjhhZDE4MTAxOmNhNTdlZjNjOmE2N2MyNzAwOjg2MTNhZWE3OjMyMDJhNWEyOmFiMDllM2ZlOjg3MTA0YjdjOmJlNmZiMjk4IiBDb3JyZWxhdGlvbkJpbmRpbmc9IiIgVXJsRW5jb2RlPSJUcnVlIiAvPg0KICAgICAgICA8Rm9ybVBvc3RQYXJhbWV0ZXIgTmFtZT0iX19FVkVOVFRBUkdFVCIgVmFsdWU9Ik9UVGltZUVuZCRkZGxISCIgUmVjb3JkZWRWYWx1ZT0iT1RUaW1lRW5kJGRkbEhIIiBDb3JyZWxhdGlvbkJpbmRpbmc9Int7Rm9ybVBvc3RQYXJhbTg0Ll9fRVZFTlRUQVJHRVR9fSIgVXJsRW5jb2RlPSJUcnVlIiAvPg0KICAgICAgICA8Rm9ybVBvc3RQYXJhbWV0ZXIgTmFtZT0iX19FVkVOVEFSR1VNRU5UIiBWYWx1ZT0ie3skSElEREVOMS5fX0VWRU5UQVJHVU1FTlR9fSIgUmVjb3JkZWRWYWx1ZT0iIiBDb3JyZWxhdGlvbkJpbmRpbmc9IiIgVXJsRW5jb2RlPSJUcnVlIiAvPg0KICAgICAgICA8Rm9ybVBvc3RQYXJhbWV0ZXIgTmFtZT0iX19MQVNURk9DVVMiIFZhbHVlPSJ7eyRISURERU4xLl9fTEFTVEZPQ1VTfX0iIFJlY29yZGVkVmFsdWU9IiIgQ29ycmVsYXRpb25CaW5kaW5nPSIiIFVybEVuY29kZT0iVHJ1ZSIgLz4NCiAgICAgICAgPEZvcm1Qb3N0UGFyYW1ldGVyIE5hbWU9Il9fVlNUQVRFIiBWYWx1ZT0ie3skSElEREVOMS5fX1ZTVEFURX19IiBSZWNvcmRlZFZhbHVlPSJBUitMQ0FBQUFBQUFCQUR0V3V0ekc5VVZ0MjRzdnhPYkRER0VCR25qek9CNEVrbTdxNWNsMjZLMjRtQTNjUndpSldFR0dNMUtlN1c3YUxVcmRsZTJOUXpUVUFnSkNZRXdFTm9RV3NxVUZBcVROQzFUTUVsSyt5ZDBPdjNRejYzbHg2ZitDZlRjM2RYREx3ZzBZdHBPbFVUYWUrN3ZubnVlOTU1N04xODV1aDlFVGxjcUZWY1ZRMU5sL1RoK3RpaHArSmlxRzJOY0puY1lsMUtwM2hibk5pMXRKQ1JGa1BGNHZqQjUwTGtWMmxORjJaQTJiTFpMZWVFSVYxUXlvck1USGg4dll0MlFWTVhabVJGelU1aVREOG1jNEd3UlpxWTRTZWtlM3QvVWhWcDJ0TFpOSitNcUdRNFBoMVF0ZjNTNmRUcHA4bXVaVGg3a0RBdy9TU21QTytGSE5UaVpQQU1pT2FmQUVQUVZmTHI1Ym1lSEp4U21ReXdUQ29TNmV5bFhXd280a01IT25Vd2t3dm9HZlF4TkxjeWZMMTg4UnpGc2xLYmhyNnMzTmFtUHlsZ3pFbGpYUVU3Q1dTMGFvcXM1bGNCelRnZmoycFk2eGdsNFVpZHlIVkVGMGRXYTBqZ2xCNm9pT3V6YVlmZUNubG9wWVdoZ0p4UFVtVHFsYXJtRVpHQUFiZ25DVEh0czVHalJVRWNMQmJrMG5rOWpudERpdWg2WE9WMFhYUDAyaGhqSGdIK0pEUGhGQm9kSXhJYlRTc1UxQXZDZjFBbjJpSnJKaWFZV3gzRld3N3BvNjNGSTQvSllkTFduUmcyRHk0Z2doTmNBVHpBMHl6QVJQaHhoZVQ0ejZHR3lkTVlUU09PUUo4M1JJUStUNW9Qc0lKMUpzeEhPMVdQUGNBb3NxT1U1TFVjMDU0MWpuTWF4ODd1YkhFMU5UY1R3NUpkOHVoQjhIVTJVZEFQbnZXQjE3Z0IxRW10RWxKR0FseVovRGxCeENKT2loa2NVWERRMFRqNUFIU3VtWlNrRGdaWlVjMWdaU1lmRFhEQVREREVSZndEVGd4RW5ZYjZqanFmNWxlVFNNdDRDUFR1ckxlOXhuRmNOc0wwOVpmc1RlVG1SRVhHZTY0U25nMUkyK3hqWVk0dkRzYzFtWnVPSXpPMkVWVXN6ZkgyeGZmalJ1YnhNemRoeTl6RmV1by9DU2tibGdmVklYOUhJZXBoUTM2T3hyUjNEYzNwVU55ZWdZSVNpai9UMVdRL1JPWGdXRGFNUTlmbG1aMmU5czM2dnFnaytscVlaM3hOVFJ5eWhLdGk4em9NR3dGaFRiRzY2SnkrQnozVTFhM2d5YWo0S09JK0Y2b05aS1lyTWkyV2N4NHBCS2VEaGtUNVRmOGJxdGZwaFhFSEdjOGxTQWR0VWk2NURlb015TmVKRzdFYjVHUzZEeDdBZ0tYMlVBU3hHK3NoUU03RDdLRXVVcU1GcEFqYU93Z0M5QUdpaWZGNVNwak9ab2diYWc4MTgzemdIeURHdThBMmI0aURPeUJDb0pHc2FxOHRCcm5SRXlrdkdoRnJVam40dnMwdzBmQmF5UkRkc2tpblliTVNxTXQvRE5BM1Zaam81VmRTTnVJZ3p1UWJPWWVvQjNtbjBGSTExUExiMjdjWmxTV1dHeG1VSUZCVEh6YjIvWVRPYzVHU0piL0Fjby93ekVMUU5uaVRCd1FKY210Wkd5VndOVm1WU21TRm1JN1hlUFpscDJMZCt1elJwYTdkV2syaEx0TW4rYkpnMUtKZkFSbFdTU2QybVFLOVd4RlU2cWZxcUpVMTFaNi8wbnRCeHZLaHB3QmxxUG80QXpNRjNzZkZuUkZYSzREWGE1cm01U3F1b3BOV2l3bU8rWm9PNzBkYXlrbG0yeEZxY1VELzlwWFdZaDFKTDBLTFdENWYvTG5XT1BjWmk4VTFqS2hONVp1d1NhTGhtNzRvcWxoMHBXelNKcjFpMlpscE5uWjNXZUt5WmhyRnhJcWZIUlU0Uk1CaElVblE0SVlCOWFtYXRxNU5pa2Npd3I3NjlDbVFWT2pHV3RqQjJzd3BaVzZpWXpOWVJhL0Q2Y2lNV0FPZ3F3b2E0aVJqRHJnWk9yQWVTcFQ5RzEyQm11NHBhdlduSEFxRmgzeHJTQnRBS3l6V1VLckp1N3lTdyttWWRwckwzeGNJRVVtMnRSWmlzbVNwa2pmaVZyU2ZtSi9KVVcrc0FFN0ZRSGFET1ROV0ZQOGFBZjJxdEtxQnUzWTR4WUo3NmRsMDgxQlplazlFcVFoVzJhdWtrU3EwbXJHRlh0L2hCbERGaEg4UDYvSFNGZDMxdkpiV3Q4TGRUZWxXK0RQdldKSENzbVp5TzFweWF5Rm1wSlRYRlBhTnE4Q01wNUdlc0tNbDhlK280bnBFSWhKd0kyK0NEN05QaFYvYW4wOVZkT2VKaXN0QUpjT2h0NGN3ajZyYzlvUFlpdEtXYjd3M0FkM2N2Z29QNEVVa1FqVEYxYmt6RFhHNWNJVXJ5SXQrTHNvQnFSZzRUMVhvU3hJTU9rZWVSMDZRMEovR2M0WHh3K2NybHBVc3ZMOHhmLytlZFY1Yy91YkQwMGNYeWwyZitmdnBYZ050RmNPN3R6cGJFc1lteHd3eFFIcllwWFlzMzU1ZC9lMm5sL09ubDkxOEYrcDRLa3FicHgyZ2FLSHR0U3ZmQ3JWdmw4MWVYUHoyN2VPc1N6QVZkL2ZYZ0NBRVAySlFkQUNiSXkvT0xiNzZ6ZVBhVnBiYytXdnJ3RFFENEswTnNLL0ZveUtiMFdKUi9uRDVkdnYzMjlOS1h2NGErUjd0N1RKV3JwdWp1ZFNCSHI2T0g1d1h5eEtQSFlIU0hxek5Gb29OY2IzQ0dzNnNFbjZkOFUxTlArWGplMVpGS3dMWnBtRGN3VFgrU1hyMzYxeisza1hzVmhiZEpZODN1NjM5ck0yOGpqbU9PbjFia2tnaUFwS3BDQmhXY25pZFhidjk4OGMzelQxUGxOKzZVWC85azhTZlhGcSsrRENaK2N1WHFGWk8rT0g5bTVjb0g1VE1mbG05OFlia0pQQWJmUGVUWDFhb3FHVm5LNUp6SkU0WWtwK0ppRHZ5YlZBVkJ4cVlqSlZreVN2djZpeGtpamlscUtpUG1hbDM5QjZoVm5idzBRNEo5RkNLa2YyQ0lCeU1oWWlLbmJwUms3SFREd2QrUVlHLzFRTW9JU3RSUUMwTXpWVjdSSVR1SzJzRGVIV2FtMFVFZkUzSjFrUnVkMnMxTVQ1d3I2bGczRndCekNSZGNyZC9OSGlCWmg2cndhZG15d1RaRGxIUXZwSE1Sai9UM0QvRVErTDB0cnBZTkhkZSt6bThUSkJCV3VXMkNSNGRKQUxqdlh6M1l2YVBxYTNkdjFjZnVCMFQzZy8rdVE5MDduY2Z1d3BNZzZHWitKRjBiZTlIOTBIZDBvSHVYNE40dHVCLysxdDV4dXpiMmlkdTl4cUJVMVFudVBYWFdud1pabWwxZGtEdUpSQ1ZKd2N3YldlM3I0OSs2SE4way91czcxMXR1eTExYXJzVVVCblFqeGlMWG0zc0lvekZTTndwOHo0NmQ3YkJvcnJ3QUM5WlpSTk9JWmhETkl0cVA2QUNpZzRnT0lUcU02RUZFUnhCREk0WkJESXNZUDJJQ2lBa2lKb1NZTUdJR0VSTkJMSTFZQnJFc1l2Mk40SG4vL2kwN2hjMCsxcHJvckZQVHZaZm9Obkx2NVVCc0FMRkJ4SVlRRzBic0lHSWp5RThqUDRQOExQTDdrVCtBL0VIa0R5Ri9HUGtIa1QrQ0FqUUtNQ2pBb29BZkJRSW9FRVNCRUFxRVVXQVFCU0lvU0tNZ2c0SXNDdnBSTUlDQ1FSUU1vV0FZQlFkUk1QTGZMai80YkdSVG45M054L0pyZXpmc2U3MU5QRHBCc3M3ZHQxbW1mZjM2WkNYVGh1dFRyZXRlWlprVmZ2OGJxWlg5ZjJiOXg4bC9EeklyVzVkWW5GMXZta2M0RE5zQ2lYekJMbEFkcE1COTFvd0ExemFTSFNmSm5ubEl3akx2Ykk2clBIWnROYTgrb0JpM2lPMkVHQ2ZYTlZhc2RHMkg0dFpEZWFvV2grZXVsVE1YeTVmT2xXK2VXM3ovWEV2NXpHY0x0OTl1V1h6M3hlWHJOMXZLcCs4c3ZYNjl0L3pwVGRqR2ZZdnZuaXZmdWd4UFM3Ky9WSjcvdEF2K2xTOWNzWXIrN2N0blA0YjZmZkc5YTR1L21GLzR3N3VMMTY1dkw3LzNPWkFXdnJ4QU9xNWRCK3gyQzd6MDhRdExWKzRzM0xxd2NQdXpMdWhjUG5keCtaYy9XL2pqRGFkNWV0blI1YUFkNEdqYXdUcjhqb0FqNkFnNXdvNUJSNFM4d0tScEJremVWVzlCTUVvUkxMVGJ0UXZPVTNOSHNDSVk0bEZpQXpWVDFPT3loQlZqOGlDR2lub1NXcGpUUlBQUjdCVmQyMUxFWEFsUnlocUhKWVh2SFBoUkFnNWp4N2lNOXhST2o4OFZOS3pyM3JpYXo2dUtsNnhxKzFmQkQxQ2JvbXV2N3NKZXY5ZlBlSmx2Zm5lbkZHVzV5YlU3ZFZEU0MrT0tnVFhNbjFJMVhwOU9QMVBUb3lObHZrMmM0clFjZHJXYmh3WUJwaGJONGhLYnBkQm94cEJtOE9UVXVBQ0F5cHRSTW5LeThuNWFkRzFQV2E5UmsrcUpRZ0ZyY1U3SG92MUdWTmRuWWRZTlYvYW52blpsTithTTZTU2NZWFJWbWNKNWRmMzZ2aGF3NlNvZnlzb3FaMFJsbkRXR2VMQ0d6Sldpa2lKTEN2YWtaVFdUR3lwd1BIbWhHS1ZYTC81dFZuSHFhcXVkcEp5bkpONFFkMWxuNk5JUHlPdFFWMXZOS00ycFBZa3g5R05rblpSeXVGUXNPSCtLekpMVWtBelpMRW1sTExXdlZxUjZaVFBFcU5nSXhkSTA5Y2dqVksyUDJqTkM5ZmNQUEVkMVVQWFVrYnFHVnkrbXJXdlZmZlFCd21GZ2lPcDRmcWhqaHRNb05UbG5BSmlIMkNRWGhGNEJHK1BXWGVGWWFaSmZiMkNaU3hQN1BRN1dIVENsTkJtQURDU1NCcDRqTGEra0tGZ2pVUXVNclpmcjNxeDUzTm4zdzBScVNoZk1hSnRVQ2tVRHNzY010d1BVT21WdFFaL256WnVDWm5kZ2xUM2RJWFFhbWJjQlZyUll5OVVEVDVZLytMRDhtMDlXWG51N2ZPT2RwOHVmLzY1OCtUMDRoNXNPZnN0UjhTREZGdVlvaG9hdnlzTVFsVkZsVll2dWhWUDlFSlVtSjBLTkZNbFJhdStoUStPRG82RWhLcXNxaG1jV2s5dUtLSlZXWlI1d0tybCtqRklNY05GVk9EaFNQS1NJb0hHbElXcFdsQXpzTWUrc281U2l6bXBjb1RMQW8zRzhWTlNqbEI4bTVsR3JLZng5WkZGNTN0Ymp2bjFMVjIrVVg3bTQ5Tkw3SzFkZWdqVnJBRHBmckdqcENFTHJiS1cxaGZhU1JmckNtdmJyYTlwdk9zaC8yN2dQT1hwNm04aWZydnYzTjhIcWY3bWFickFibUJYWEZZdlMzRzNtMzBQT3JaVmtVRlFGRC9IL0FvOUg2VWwvSWdBQSIgQ29ycmVsYXRpb25CaW5kaW5nPSIiIFVybEVuY29kZT0iVHJ1ZSIgLz4NCiAgICAgICAgPEZvcm1Qb3N0UGFyYW1ldGVyIE5hbWU9Il9fVklFV1NUQVRFIiBWYWx1ZT0ie3skSElEREVOMS5fX1ZJRVdTVEFURX19IiBSZWNvcmRlZFZhbHVlPSIiIENvcnJlbGF0aW9uQmluZGluZz0iIiBVcmxFbmNvZGU9IlRydWUiIC8+DQogICAgICAgIDxGb3JtUG9zdFBhcmFtZXRlciBOYW1lPSJfX1NDUk9MTFBPU0lUSU9OWCIgVmFsdWU9Int7JEhJRERFTjEuX19TQ1JPTExQT1NJVElPTlh9fSIgUmVjb3JkZWRWYWx1ZT0iMCIgQ29ycmVsYXRpb25CaW5kaW5nPSIiIFVybEVuY29kZT0iVHJ1ZSIgLz4NCiAgICAgICAgPEZvcm1Qb3N0UGFyYW1ldGVyIE5hbWU9Il9fU0NST0xMUE9TSVRJT05ZIiBWYWx1ZT0ie3skSElEREVOMS5fX1NDUk9MTFBPU0lUSU9OWX19IiBSZWNvcmRlZFZhbHVlPSIwIiBDb3JyZWxhdGlvbkJpbmRpbmc9IiIgVXJsRW5jb2RlPSJUcnVlIiAvPg0KICAgICAgICA8Rm9ybVBvc3RQYXJhbWV0ZXIgTmFtZT0iX19WSUVXU1RBVEVFTkNSWVBURUQiIFZhbHVlPSJ7eyRISURERU4xLl9fVklFV1NUQVRFRU5DUllQVEVEfX0iIFJlY29yZGVkVmFsdWU9IiIgQ29ycmVsYXRpb25CaW5kaW5nPSIiIFVybEVuY29kZT0iVHJ1ZSIgLz4NCiAgICAgICAgPEZvcm1Qb3N0UGFyYW1ldGVyIE5hbWU9Il9fRVZFTlRWQUxJREFUSU9OIiBWYWx1ZT0ie3skSElEREVOMS5fX0VWRU5UVkFMSURBVElPTn19IiBSZWNvcmRlZFZhbHVlPSIwUEFOaEpuUXF0Rmo1Mk96MHRpZWJFdkljb2xHOTlnTGpOOFJIbnE2WlZ4YlRnUjU3YllZT2I5WDhMVFpkMDBuU3RCRThPSGh4TndPU2hDemNBMDZmemRpUlJqSkhGVFV5dkoyZU5aL25MWm1KYUhQcFloTTNocngvZXR4NGVEUzMvWnNuUGl0ZGxhVDkvM3lWUlNSaGxwSWZPWG9vcDZxTXBVK09xS2RGT2lWTTJIL0xVN3NFRDZrZHRsNXN5bjVRUElPNVp5c3ErK2M1VUxSQ3pyeUwxWlZheXk0V0JweitpSEYwNk03ckQ0cG9heUVEajByNFNtR2FzcEVnTGdaemt5OFhIYXdBNzNJWXZoV2daTHJ3ZDQrOGJoTENZNmsyS3ZOWVM4RjVFOEE3MlQvTlNaYUZzdWtIcm1xR0wzeGNuSkIyWHZLL2xxRGJLRm5ieWVadTEzV1lqZkVBTzdpQU5FTWhBN2R4TUQrNndxNzdvZFhxQ2VIZVBuVEI2WUZaYkNXZWJwci9OU21MVXc3OXQ2SXZwVS9CSDlPNWV6VVNPZzhNMVl0WW41K2RvVE5EVWtLK3FMT1RGTlZ5WXpCbG5ZTG5USzMxRGo3ZHZBMVU4b0RNZGVlTkxjSldpZklOOEpGQUlQeU12QlN1QUN5SHY2UHRtUEQwRW9qTXF4bEt2UmtwaWxDdUtWdXdQRlo0cUx1MHZUWEJiTlRadmt2YXpkVk9abThSTnpJZ014WUE0ZG9vaWNsSUNPUnFzaENtMXZhd0dSa29wOTNRaVFqOERMM0R0bitkNE84STJTdERJeExDMFpMdWZXL0dJb1dPcGxzZXl1eEtLRmkvSHRpd1k0L1U0aVhpL3BVbTR6aVBhV0RjRW44ZkR3anpMK1hPZ25aanhHZ1lsSGdjNWErMlA0NUZvSW9paTFiek9HcVNhQ3FMTG53Uis3VHRMeFowa1NtUjkvRmFkWlNud3lXR0hCaXdab0FDUHVHTXF5L1dtZ0MzeWhaVUZtTHdBYUVvZ2xiZExxKzRBZDNYU1E2RngySE9rQS9nL1k4R3ptZ1JKWnFUMVNOZUdZN3lUV2tiOUlMM2ovQzMvcGsybnMrM3lDQWpGUGVDUys5V0lXTFBxY2J4d1l6UldaVUtLd2VTaU4rMkM3d0dlUmxvcEJyQzZLVEh5Syt2cHQ4dXI2WW1BZWRQTTlsR29iSmJrUitaa0VMcGZLbGZxQm9HMFZTTDhWQWZtT1RNUnB0Mk0zMTJKa3VwZCsyZCtNN0NVbyt2eEhFMm9YUkJJcit3cUxlWjdENkdHS1J6VkM2anlsMjZhdkluMGJ2ODVvdUpqcmswQVJGSkFERWhKVmFDbTRBUmJhN0pUM3ZwdVN1NnllY1BxZk02ZjVxdmV3RHd3YzcwSW5tV2hNc3JJYmlhV3cxSnZBbHVGVU41TFd6OFhZNkNrSVhJaUZTaWVvUU1kUVFzWGtabiswT0tFc1JzdFgrSjJ6azhNSE1PTXV5Tkc3VlhCYWx5eVdGSnJOUlVYakJEbFhxTEJ1VXVVOHZGTXRtS2hlMHpHeWFvN2c3Mldmdkh1N2FFUm5heHFINWNRajBKZHZ2OThNaVVJRFJrV2JEb3E4MXd2TTVLZ3RnWmtuQmVXTFdqMlp4R1hXRHE4VVZxL2xaejFJZWdaSjgxTEluaEJFQ2d2TEY1Z3NjdWlIZVpTWWw2UXE1TXhtbDE3NTlFbWpyNzZnWjVTa2RSMWd3Ym51QXFla3NaSU1RbzNPV0hzd0hWR29XY1pZdWVDTkMvSW9DdnlaajUvN2JwbWRoSm1XRTkxeEhLdDFFQTZxa3cxbFVmSHNaN3ozajVwbElkY2NhREFiWFhXQXovZnRsZ3RUTGFHRDlKdUlXVnBvbnpCRzFPMndWVlJiYTBQampHbENWYlAvM0xNeXpiL2hKc2Q2REU2TENObWh2T2xOOW1pRnNpNTlRUnlwbUNkTndXOXhxR25veVI3T2NJaWZXMkliNkRsaEFFY1VBdktsTXM5L0VrN3BkL1luOGc2R015MjVoZ1ZTNEs5RVAvajA0dTVJWnVCbnpBZU4rd0cwQ2k1TWNkc0VKQ2cwbjEzYW45Y0JMNHpzQzNrY2VtNTB5RkRWcDJ2c0xKQ3BiUUs4VGswMUlxR3hwZ0RSTFdvSGF1MkhOVElnWUFhQXZDbjV1Vi9DU2doMzFNNXJ4RnA4b2hWUlE5S3hNTGw3cVlIZUVvR2krSTZWTWNkT2o2VlBXUWVPNlhWV2RQbXdqRUZCNUlET0FJcVE2ZDZJdHIybVZrcGFORkNkK0haVFdFczY2WWN6VHdqSTJpY29YWjZHUlo0NHVENmZLdWFtNENrdFg0OWdWY0I1S3E5T3NUMnlnR1RnZ01pRUhuNitNZmV0WGZTVjByUmtucndyU08rdnF3am0zdDhCdHRpeUJpRzZUYXplUSt3SDJ0N2VqVVBPck1uRHp0MEFtSC9pY2VnZTI4Z20vbGRIT2hubkxWaVZPUXZvRXorS0VSenRFUms4a0lvd3J3SnNUUkN4UWdFUmluNWg0cC9KTCt1VVBJNWpRRFp1K3RTMnU5dStHanZMd0xISkVrU2NIcGEzeGNrc05uUVBpWWtCQlIrbTgrYmEwZTY5QUJEanIvWThFa1VSQ1QzYlhkdkIrUWljQnhDbkJSMXN4R3FGUkJkSU9RNnpSZHp0TVdubFYzN1RDazgvNWZRc2ZHRlcweVBpRFY0SjNWdzlqbVlKRXRONUZ1SkN4N1JGR1l1d1pBazF2Lzh6Q2gyU3M3ZFErYjZCN2lZV0x4UUlKRk1nZFdYQm5lYXZwa0lCU2xIN0phalk0T2xYOC9WYU02aWFaYlZSczhNQkVkd2tHR1JNQ2JhV0gzY0Q2MlZCblE4MEt4NnpCMlN6bjZua09DemFpNDJxVmZycXZ4OFEyN3VvUkZoRnE0WUZKRTBpa2MreWdhUk9DWTBaMjlOdzU2K05MaGwzL0gwL2luMFlXakxCbDBSTThSUkVhUnRvVVMxS2d1dHU3cFVXOXdMeDhnN2ppNG4wYjRuZm5ZZkhxYU5uVERmWVM0Nm13dzBSb2ZsZGpxV0t0MXdwSFV1dFFJTFRNMEdweGttdDNpc25nYW9SeWlVNGd4ZjZNZ3A4aURpK1Vob2tHYnZONjlobGlnRHBjZkNXKyt6VWVXc2ZVTkM1VnhvaWlYaXpXVWMrekZhdDQ2U2NXaWthU21RRGZiMTdsN1lFVGd0c1VGVEp0Uzd1U3dZN3ovNytNK3JZYlllbnNmNEVJQjVIYzBQYjhQalBvN21Ea0tRdnlyOSt4b1UyZkdFekdHN1pmWUpaNGdyZCt4YnM0czR3R1pvMDR1UlVNdXEwRFNlMGY3S0wveW8yNjl2UDRmekoySUZuZ0dGby9rV3N6M1V1V1I1K2g1ejBmdmtaaFkwZVRrem9UMTQ4Wi8wZm5ERG5DbE1jWkh3dGUrL0VoYTJyL3hURW91czIrOGprbEhNellLdnlJWVpBVVdDcjVXdGNXdmd4eldSWldRTXFVeHZwZnMxdmtZTnNwMU9CSGVrdnY5a1E4YW8wdWpycytzSzZIVlBBaHg0RkRMQ21BbDIxZ1YwVlRYS2VaaUdha0JYL0ovTFRxM29EdUYwWjhpcHVVMVNVT0tBMXNrdUJaVEFvRDA2T3d1SWtseWVHZWdoYlN0czdDVXdhNFpYZUF5eTVINWIwVkJHVTk3MGtLN29NYWVzUlV2NHJ2SzduK0N2ekpSK1JWV0ZiNU9xdXdXK0x2MFI4cER3ejhMTmlVditmeGcwdjZyMkRzbm5VNXg4M3NqdGk0VTl4M1NXa0dIeU5CdW4zSURCc2htVnViSnpZNGZPQ0RVaUR3VHEvc2IwcmIyVnFJaVkxb1o1QThaYUMwbnBxSE1wQWdncU9XYjY4K2FOcjF6bHljRS96QSs1Q0ozaFFCQkpUYmU1RE5LYjk5WVVGWkJrWWQwa2NURkVnM3pBMWhZaWZmRUE2ZHVKV0pjdE5Qcmk0WFpROWRuejJsUzc3bjdURFJzTUFBNVRybHk4T3RHOW96MnVncis3ekVqZStWRk5ZVTNHQ0p1cFdpcWlMdEtHYWd6N09TN1JFN0F5cXhocmo0ZC9oTFdWdTlSSTJRTnkyYndUQjByK2V5dFJvb01YcjlaNGQyRWhEd1VTUmc4OFhDMHpNaXVBZElEd3BUaW9GZmw5L09uWEdpVFc1VjZjL21hZm9IZjNPTHducDFpYnlSR3F5bWY2N0N5NjdVMUFpbEdNR2dqU1VRbGxydFpyNG9CT2pZc2hQNTNvSE1sSENWNXlLeUNkVXdKVWlyTTZLQjFjR1YvYzVteU45bkVhSWpsS3RtdmJtTUJSN1FmUlQ0YjYxTk1hN1krd0tZeXpSaDlrSm9PbXF5VzhJSG1aT2JsYXFSWE1mRDFRanZEaXV1VktFMzA4OWdGTXJDQ2h5aThEZ3VKQi84ZktjUFM3b2ZKNExESjRoZDV5ek0rK2VMMTd5SHFGcDVBbWV6dXd1eFFzc0Z3QnVwMmplaElndWlKYXlUSFJCU0JzeHU5OEZLVXVoSU5FNXc3WTlyS0M2Q3BrY21ndElGZC8rZ0hHYkJxWFF1cFBGeG95enVOVDhvS2R6TkkySmJnbnZNVW5vMEJiUlhJbzhHVGNFTjFkM2NPQWsyYjhlWUxLaCtsbkpYNHRZNXIwR1NvazlUY2t2cit2WWRJNHpaSVZ0TWF5MWVXU2c3eVdkdXB1QnA4eFRqQkxWVjVQVjNGRCsrVDFRTWNlV0FNOHBPTUliTkt2YkJ5TW8vZUxsb09RSEtXTHFMQU5lS1Y4RHRCalJCbnJTa29CQ3VqVkk0UlNoV2hnaFlPSDFUdXJ4RHBFTXo0RzQ2cERvTzVqTzJCNVJOcXVQQi84eEdERGJMQVdRTE11OGpQdmNJQlZjbERwWVlCUmcxRitabDB0SVZIdHlyY1JTWHF1Rk5oSFVaQkx3NUlOSXdZNW01clJ2dFFnMHRLck1LZHp0YUlZTGQ0ZjhSNkRwd0VaTmpsN1c2b3ZLTEJ3TklvTmpkTkVlUzFMWkliT1VEWm5aMitUUGR1dXdtdXF6eU12dnVTU0xoQWI1TWo5ZHNvMGZ6Vmx4dEdlVnhRNlVyWjA4WkhiWUZXTEMxWTY3TENnS3dwdm9TY0h1V0swc2g2WHpJQkpkTjYzS3BDVG4yVWk1bjZNdGM3MXEvaWFwVmE1ckZMOU1aN2MwK2g4V0YwTnlKNUVaT2VlRDR4UEhTQlVZNEpURUtWSzQ3dmhPcVpSUW1MaUcyRlpCMlhLMGQ4MXVWQ0ErQytuWTJCdFhISUhLZmloeHJ1VFd3NnVRTmlndzNzZGtrdXNjN0Y1WVFhYTdzeEtmbWYzcjFoZUhjUkN0dnZHRVh4QTkreGFnbkRWYTRRb0JQblZOc2l0NDlDNVVKU1VOcVZpY1IxS0hBdEZpMDZ4T2lKMHliMnlBZG9kS1cza2ZodDE5U2pTTmRHOWNpWENEYU1mNm9CMWtpQ3QxSDR2NnNBOE5XemRUUVhUN0FoNFBXWUFianZ4MUJPVU00QkNIUnU2SG5aTHdzSXpTR2FxMmt0THdXSnpJTXI1QnpSUXZsTU9zSXVrN2pHVTVoeU9Ga1Zwdk9vZVJpYmZYNzRsa2ZkVXNUeFRadDZ4WlZOWE5CRG9ERmRtNWp6TWtKL0hsSU1odEMyNmdoeEdEWlJWTnUyY2pieHVCbS84T2tzU05rdnk1RndNQ1hBOXF1UUxSbmFZYzRjTXBoNk03MThzNEdKeUNUUXdIZmlKYTlxSDJROFQxNjFHU2lPK1A4eDE3KzY1RzNRallCb1lxZnMzM2FrSWJMWjJBaUppRFFhNXhOMmQ4T21VWlFvamI3c0lIQkd1Smo0QS9QcnN5UmtCRkJPS3hNaTAyZmdHZDNycGpqY1B6eTk4SmVLVVo4K2xCNFk0OGRybUJxMnZJeHpBVFNLdnVhRHZISXZURm9WeUxyZ0MzMUd0cmxveTQxcUxyM2RxWkJUYXJwRUdFbEFQN0RXR25xRkVHSW5Objg5Z24wZmM5aTg1UFZxYkF1d1J2Ui9HRk1aNmtZOUg5ZnNuT2hKUVVvd1pLelpWbFNlOUNIemw4aUdkSHp5UGY3SUZRZTNIQWtrUGhtSnVPWVNFaDk3U0FreVhqV0cyV2ZEdC9mWHRhSjNzeUVWc1RuSnVwSEdPdnlTWE9WUm5tTFpoTnVYV1B3aGJvRWVTVkpCdDJOMkI0V3phNG1XVGkzV3FGbHd0N0xkYm1lWU9pOXM1bVdTUzVNVkVFUVFjL2hwZjkyVjhpUnJrOHI3L2xDRkJqc3RsSWVXNjdQcnhoeTJaKzNtOStkN0hJTXVMaURPT2JFb3ZmaFd5YVVtMm9FanNJb2RiMmUxTUtJNjVhZVVuL1FDVk8zUXQwSUlZMmlteHZ2aXRRVk5GbnhONG04ZDhiT2tweGxVWklsaTR2akVXdUtrS3pacEt1SzdDdVE1dTBjMDJEbU5ld0ZRUjVFZFQwQkIyeSsxS0NyZ0h0cWgvNGZmQlVJOEtrZjZFbmdUVGVxYTVrdTRpWi9FL3d3SzlaQU1qTkdINXk5TmpoU2FCS29keFkrQTBZWFZHMW1PblByZ1VYbC9ueDdvN3V6VEY3L0lMOFdXTWlaY3FRYVZRK2RFTmszenBrNjFyS0lSZWIvelJzN3NmY0k5bXNEMVgrcHdRTEdlSjN5ZzJKeTFIbmRCazFvenFoMkd4M1BsRis4RWFjTkhUb2JHK21ranNwdldIL2ErQ1RoWTlFUGFxZSsvUFBQdi9WeDRBbzBsYnh1YnF2YkJKMkpORlVVKzFzOTVuNEpiU3dmd3M1SVdvK3FJWStUM3gxSzBNc2JTaVVTb3A1T3FoYjdpTGsyRzU4TFg0dndvWHNPMG91VnBRc3kwYVlxVy9RdGhQeHkrUWd6UVovQVRlbjhudEMweWVPWGQ4OFVpTmExU0JYeEU3VkNiUjJhTWN5dzdVbzRPSTNBRENQOXI0a0V6YzN0c0x4UjhUL0ZxbzZ1dXNMR1k0YXBxZVNGcVZ4WjNDND0iIENvcnJlbGF0aW9uQmluZGluZz0iIiBVcmxFbmNvZGU9IlRydWUiIC8+DQogICAgICAgIDxGb3JtUG9zdFBhcmFtZXRlciBOYW1lPSJPVEVtcElEIiBWYWx1ZT0icmJ0U2luZ2xlRW1wSUQiIFJlY29yZGVkVmFsdWU9InJidFNpbmdsZUVtcElEIiBDb3JyZWxhdGlvbkJpbmRpbmc9Int7Rm9ybVBvc3RQYXJhbTc4Lk9URW1wSUR9fSIgVXJsRW5jb2RlPSJUcnVlIiAvPg0KICAgICAgICA8Rm9ybVBvc3RQYXJhbWV0ZXIgTmFtZT0idHh0T1RFbXBJRCIgVmFsdWU9IjEwMjExOSIgUmVjb3JkZWRWYWx1ZT0iMTAyMTE5IiBDb3JyZWxhdGlvbkJpbmRpbmc9Int7Rm9ybVBvc3RQYXJhbTc5LnR4dE9URW1wSUR9fSIgVXJsRW5jb2RlPSJUcnVlIiAvPg0KICAgICAgICA8Rm9ybVBvc3RQYXJhbWV0ZXIgTmFtZT0idHh0T1RFbXBOYW1lIiBWYWx1ZT0i5buWT+e+qSIgUmVjb3JkZWRWYWx1ZT0i5buWT+e+qSIgQ29ycmVsYXRpb25CaW5kaW5nPSJ7e0Zvcm1Qb3N0UGFyYW04MC50eHRPVEVtcE5hbWV9fSIgVXJsRW5jb2RlPSJUcnVlIiAvPg0KICAgICAgICA8Rm9ybVBvc3RQYXJhbWV0ZXIgTmFtZT0idWNEYXRlU3RhcnQkdHh0RGF0ZSIgVmFsdWU9IjIwMTcvMDUvMTYiIFJlY29yZGVkVmFsdWU9IjIwMTcvMDUvMTYiIENvcnJlbGF0aW9uQmluZGluZz0ie3tGb3JtUG9zdFBhcmFtODEudWNEYXRlU3RhcnQkdHh0RGF0ZX19IiBVcmxFbmNvZGU9IlRydWUiIC8+DQogICAgICAgIDxGb3JtUG9zdFBhcmFtZXRlciBOYW1lPSJ1Y0RhdGVFbmQkdHh0RGF0ZSIgVmFsdWU9IjIwMTcvMDUvMTYiIFJlY29yZGVkVmFsdWU9IjIwMTcvMDUvMTYiIENvcnJlbGF0aW9uQmluZGluZz0ie3tGb3JtUG9zdFBhcmFtODIudWNEYXRlRW5kJHR4dERhdGV9fSIgVXJsRW5jb2RlPSJUcnVlIiAvPg0KICAgICAgICA8Rm9ybVBvc3RQYXJhbWV0ZXIgTmFtZT0iT1RUaW1lU3RhcnQkZGRsSEgiIFZhbHVlPSIwMCIgUmVjb3JkZWRWYWx1ZT0iMDAiIENvcnJlbGF0aW9uQmluZGluZz0ie3tGb3JtUG9zdFBhcmFtODUuT1RUaW1lU3RhcnQkZGRsSEh9fSIgVXJsRW5jb2RlPSJUcnVlIiAvPg0KICAgICAgICA8Rm9ybVBvc3RQYXJhbWV0ZXIgTmFtZT0iT1RUaW1lU3RhcnQkZGRsTU0iIFZhbHVlPSIwMCIgUmVjb3JkZWRWYWx1ZT0iMDAiIENvcnJlbGF0aW9uQmluZGluZz0ie3tGb3JtUG9zdFBhcmFtODYuT1RUaW1lU3RhcnQkZGRsTU19fSIgVXJsRW5jb2RlPSJUcnVlIiAvPg0KICAgICAgICA8Rm9ybVBvc3RQYXJhbWV0ZXIgTmFtZT0iT1RUaW1lRW5kJGRkbEhIIiBWYWx1ZT0iMDEiIFJlY29yZGVkVmFsdWU9IjAxIiBDb3JyZWxhdGlvbkJpbmRpbmc9Int7Rm9ybVBvc3RQYXJhbTg3Lk9UVGltZUVuZCRkZGxISH19IiBVcmxFbmNvZGU9IlRydWUiIC8+DQogICAgICAgIDxGb3JtUG9zdFBhcmFtZXRlciBOYW1lPSJPVFRpbWVFbmQkZGRsTU0iIFZhbHVlPSLoq4vpgbjmk4ciIFJlY29yZGVkVmFsdWU9Iuiri+mBuOaThyIgQ29ycmVsYXRpb25CaW5kaW5nPSJ7e0Zvcm1Qb3N0UGFyYW04OC5PVFRpbWVFbmQkZGRsTU19fSIgVXJsRW5jb2RlPSJUcnVlIiAvPg0KICAgICAgICA8Rm9ybVBvc3RQYXJhbWV0ZXIgTmFtZT0iY2hrTWVhbEZsYWciIFZhbHVlPSJvbiIgUmVjb3JkZWRWYWx1ZT0ib24iIENvcnJlbGF0aW9uQmluZGluZz0iIiBVcmxFbmNvZGU9IlRydWUiIC8+DQogICAgICAgIDxGb3JtUG9zdFBhcmFtZXRlciBOYW1lPSJ0eHRNZWFsVGltZSIgVmFsdWU9IjAiIFJlY29yZGVkVmFsdWU9IjAiIENvcnJlbGF0aW9uQmluZGluZz0ie3tGb3JtUG9zdFBhcmFtODMudHh0TWVhbFRpbWV9fSIgVXJsRW5jb2RlPSJUcnVlIiAvPg0KICAgICAgICA8Rm9ybVBvc3RQYXJhbWV0ZXIgTmFtZT0iZGRsT1RUeXBlSUQiIFZhbHVlPSIwIiBSZWNvcmRlZFZhbHVlPSIwIiBDb3JyZWxhdGlvbkJpbmRpbmc9Int7Rm9ybVBvc3RQYXJhbTg5LmRkbE9UVHlwZUlEfX0iIFVybEVuY29kZT0iVHJ1ZSIgLz4NCiAgICAgICAgPEZvcm1Qb3N0UGFyYW1ldGVyIE5hbWU9InR4dE9UUmVhc29uTWVtbyR0eHREYXRhIiBWYWx1ZT0iIiBSZWNvcmRlZFZhbHVlPSIiIENvcnJlbGF0aW9uQmluZGluZz0iIiBVcmxFbmNvZGU9IlRydWUiIC8+DQogICAgICAgIDxGb3JtUG9zdFBhcmFtZXRlciBOYW1lPSJkZGxPcmciIFZhbHVlPSIxIiBSZWNvcmRlZFZhbHVlPSIxIiBDb3JyZWxhdGlvbkJpbmRpbmc9Int7Rm9ybVBvc3RQYXJhbTkwLmRkbE9yZ319IiBVcmxFbmNvZGU9IlRydWUiIC8+DQogICAgICAgIDxGb3JtUG9zdFBhcmFtZXRlciBOYW1lPSJ1Y0Nhc2NhZGluZ0Ryb3BEb3duMSRkZGwwMiIgVmFsdWU9IjAwMEcwMCIgUmVjb3JkZWRWYWx1ZT0iMDAwRzAwIiBDb3JyZWxhdGlvbkJpbmRpbmc9Int7Rm9ybVBvc3RQYXJhbTkxLnVjQ2FzY2FkaW5nRHJvcERvd24xJGRkbDAyfX0iIFVybEVuY29kZT0iVHJ1ZSIgLz4NCiAgICAgICAgPEZvcm1Qb3N0UGFyYW1ldGVyIE5hbWU9InVjQ2FzY2FkaW5nRHJvcERvd24xJGRkbDAzIiBWYWx1ZT0iMDAwRzkwIiBSZWNvcmRlZFZhbHVlPSIwMDBHOTAiIENvcnJlbGF0aW9uQmluZGluZz0ie3tGb3JtUG9zdFBhcmFtOTIudWNDYXNjYWRpbmdEcm9wRG93bjEkZGRsMDN9fSIgVXJsRW5jb2RlPSJUcnVlIiAvPg0KICAgICAgICA8Rm9ybVBvc3RQYXJhbWV0ZXIgTmFtZT0idWNDYXNjYWRpbmdEcm9wRG93bjEkZGRsMDQiIFZhbHVlPSIiIFJlY29yZGVkVmFsdWU9IiIgQ29ycmVsYXRpb25CaW5kaW5nPSIiIFVybEVuY29kZT0iVHJ1ZSIgLz4NCiAgICAgICAgPEZvcm1Qb3N0UGFyYW1ldGVyIE5hbWU9InVjQ2FzY2FkaW5nRHJvcERvd24xJENhc2NhZGluZ0Ryb3BEb3duMV9DbGllbnRTdGF0ZSIgVmFsdWU9IlNQSEJLMTo6OuawuOixkOmKgOihjDo6OiIgUmVjb3JkZWRWYWx1ZT0iU1BIQksxOjo65rC46LGQ6YqA6KGMOjo6IiBDb3JyZWxhdGlvbkJpbmRpbmc9IiIgVXJsRW5jb2RlPSJUcnVlIiAvPg0KICAgICAgICA8Rm9ybVBvc3RQYXJhbWV0ZXIgTmFtZT0idWNDYXNjYWRpbmdEcm9wRG93bjEkQ2FzY2FkaW5nRHJvcERvd24yX0NsaWVudFN0YXRlIiBWYWx1ZT0iMDAwRzAwOjo65Lq65Yqb6LOH5rqQ6JmVOjo6IiBSZWNvcmRlZFZhbHVlPSIwMDBHMDA6Ojrkurrlipvos4fmupDomZU6OjoiIENvcnJlbGF0aW9uQmluZGluZz0iIiBVcmxFbmNvZGU9IlRydWUiIC8+DQogICAgICAgIDxGb3JtUG9zdFBhcmFtZXRlciBOYW1lPSJ1Y0Nhc2NhZGluZ0Ryb3BEb3duMSRDYXNjYWRpbmdEcm9wRG93bjNfQ2xpZW50U3RhdGUiIFZhbHVlPSIwMDBHOTA6Ojrkurros4fmlbjmk5rmh4nnlKjnp5E6OjoiIFJlY29yZGVkVmFsdWU9IjAwMEc5MDo6OuS6uuizh+aVuOaTmuaHieeUqOenkTo6OiIgQ29ycmVsYXRpb25CaW5kaW5nPSIiIFVybEVuY29kZT0iVHJ1ZSIgLz4NCiAgICAgICAgPEZvcm1Qb3N0UGFyYW1ldGVyIE5hbWU9InVjQ2FzY2FkaW5nRHJvcERvd24xJENhc2NhZGluZ0Ryb3BEb3duNF9DbGllbnRTdGF0ZSIgVmFsdWU9Int7JEhJRERFTjEudWNDYXNjYWRpbmdEcm9wRG93bjEkQ2FzY2FkaW5nRHJvcERvd240X0NsaWVudFN0YXRlfX0iIFJlY29yZGVkVmFsdWU9Ijo6Ojo6OiIgQ29ycmVsYXRpb25CaW5kaW5nPSIiIFVybEVuY29kZT0iVHJ1ZSIgLz4NCiAgICAgICAgPEZvcm1Qb3N0UGFyYW1ldGVyIE5hbWU9InVjQ2FzY2FkaW5nRHJvcERvd24xJENhc2NhZGluZ0Ryb3BEb3duNV9DbGllbnRTdGF0ZSIgVmFsdWU9Int7JEhJRERFTjEudWNDYXNjYWRpbmdEcm9wRG93bjEkQ2FzY2FkaW5nRHJvcERvd241X0NsaWVudFN0YXRlfX0iIFJlY29yZGVkVmFsdWU9IiIgQ29ycmVsYXRpb25CaW5kaW5nPSIiIFVybEVuY29kZT0iVHJ1ZSIgLz4NCiAgICAgICAgPEZvcm1Qb3N0UGFyYW1ldGVyIE5hbWU9InVjQ2FzY2FkaW5nRHJvcERvd24yJENhc2NhZGluZ0Ryb3BEb3duMV9DbGllbnRTdGF0ZSIgVmFsdWU9Int7JEhJRERFTjEudWNDYXNjYWRpbmdEcm9wRG93bjIkQ2FzY2FkaW5nRHJvcERvd24xX0NsaWVudFN0YXRlfX0iIFJlY29yZGVkVmFsdWU9Ijo6Ojo6OiIgQ29ycmVsYXRpb25CaW5kaW5nPSIiIFVybEVuY29kZT0iVHJ1ZSIgLz4NCiAgICAgICAgPEZvcm1Qb3N0UGFyYW1ldGVyIE5hbWU9InVjQ2FzY2FkaW5nRHJvcERvd24yJENhc2NhZGluZ0Ryb3BEb3duMl9DbGllbnRTdGF0ZSIgVmFsdWU9Int7JEhJRERFTjEudWNDYXNjYWRpbmdEcm9wRG93bjIkQ2FzY2FkaW5nRHJvcERvd24yX0NsaWVudFN0YXRlfX0iIFJlY29yZGVkVmFsdWU9Ijo6Ojo6OiIgQ29ycmVsYXRpb25CaW5kaW5nPSIiIFVybEVuY29kZT0iVHJ1ZSIgLz4NCiAgICAgICAgPEZvcm1Qb3N0UGFyYW1ldGVyIE5hbWU9InVjQ2FzY2FkaW5nRHJvcERvd24yJENhc2NhZGluZ0Ryb3BEb3duM19DbGllbnRTdGF0ZSIgVmFsdWU9Int7JEhJRERFTjEudWNDYXNjYWRpbmdEcm9wRG93bjIkQ2FzY2FkaW5nRHJvcERvd24zX0NsaWVudFN0YXRlfX0iIFJlY29yZGVkVmFsdWU9Ijo6Ojo6OiIgQ29ycmVsYXRpb25CaW5kaW5nPSIiIFVybEVuY29kZT0iVHJ1ZSIgLz4NCiAgICAgICAgPEZvcm1Qb3N0UGFyYW1ldGVyIE5hbWU9InVjQ2FzY2FkaW5nRHJvcERvd24yJENhc2NhZGluZ0Ryb3BEb3duNF9DbGllbnRTdGF0ZSIgVmFsdWU9Int7JEhJRERFTjEudWNDYXNjYWRpbmdEcm9wRG93bjIkQ2FzY2FkaW5nRHJvcERvd240X0NsaWVudFN0YXRlfX0iIFJlY29yZGVkVmFsdWU9IiIgQ29ycmVsYXRpb25CaW5kaW5nPSIiIFVybEVuY29kZT0iVHJ1ZSIgLz4NCiAgICAgICAgPEZvcm1Qb3N0UGFyYW1ldGVyIE5hbWU9InVjQ2FzY2FkaW5nRHJvcERvd24yJENhc2NhZGluZ0Ryb3BEb3duNV9DbGllbnRTdGF0ZSIgVmFsdWU9Int7JEhJRERFTjEudWNDYXNjYWRpbmdEcm9wRG93bjIkQ2FzY2FkaW5nRHJvcERvd241X0NsaWVudFN0YXRlfX0iIFJlY29yZGVkVmFsdWU9IiIgQ29ycmVsYXRpb25CaW5kaW5nPSIiIFVybEVuY29kZT0iVHJ1ZSIgLz4NCiAgICAgICAgPEZvcm1Qb3N0UGFyYW1ldGVyIE5hbWU9ImZyYW1lQXR0YWNoIiBWYWx1ZT0iL1V0aWwvQXR0YWNoQWRtaW4uYXNweD9BdHRhY2hEQj1BYXR0ZW5kYW50REJfSVRSRCZhbXA7QXR0YWNoSUQ9dGVzdDEwMjExOWQ3OTJkZGM4LTFmMGMtNGJlNi1iYTA2LTFiZDUyODBjYjI5YSZhbXA7QXR0YWNoRmlsZU1heFF0eT0xJmFtcDtBdHRhY2hGaWxlTWF4S0I9MzA3MiZhbXA7QXR0YWNoRmlsZVRvdEtCPTMwNzImYW1wO0F0dGFjaEZpbGVFeHRMaXN0PSIgUmVjb3JkZWRWYWx1ZT0iL1V0aWwvQXR0YWNoQWRtaW4uYXNweD9BdHRhY2hEQj1BYXR0ZW5kYW50REJfSVRSRCZhbXA7QXR0YWNoSUQ9dGVzdDEwMjExOWQ3OTJkZGM4LTFmMGMtNGJlNi1iYTA2LTFiZDUyODBjYjI5YSZhbXA7QXR0YWNoRmlsZU1heFF0eT0xJmFtcDtBdHRhY2hGaWxlTWF4S0I9MzA3MiZhbXA7QXR0YWNoRmlsZVRvdEtCPTMwNzImYW1wO0F0dGFjaEZpbGVFeHRMaXN0PSIgQ29ycmVsYXRpb25CaW5kaW5nPSIiIFVybEVuY29kZT0iVHJ1ZSIgLz4NCiAgICAgICAgPEZvcm1Qb3N0UGFyYW1ldGVyIE5hbWU9InVjTW9kYWxQb3B1cDEkQ2xpZW50V2lkdGgiIFZhbHVlPSJ7eyRISURERU4xLnVjTW9kYWxQb3B1cDEkQ2xpZW50V2lkdGh9fSIgUmVjb3JkZWRWYWx1ZT0iMCIgQ29ycmVsYXRpb25CaW5kaW5nPSIiIFVybEVuY29kZT0iVHJ1ZSIgLz4NCiAgICAgICAgPEZvcm1Qb3N0UGFyYW1ldGVyIE5hbWU9InVjTW9kYWxQb3B1cDEkQ2xpZW50SGVpZ2h0IiBWYWx1ZT0ie3skSElEREVOMS51Y01vZGFsUG9wdXAxJENsaWVudEhlaWdodH19IiBSZWNvcmRlZFZhbHVlPSIwIiBDb3JyZWxhdGlvbkJpbmRpbmc9IiIgVXJsRW5jb2RlPSJUcnVlIiAvPg0KICAgICAgICA8Rm9ybVBvc3RQYXJhbWV0ZXIgTmFtZT0iaGlkZGVuSW5wdXRUb1VwZGF0ZUFUQnVmZmVyX0NvbW1vblRvb2xraXRTY3JpcHRzIiBWYWx1ZT0iMCIgUmVjb3JkZWRWYWx1ZT0iMCIgQ29ycmVsYXRpb25CaW5kaW5nPSJ7e0Zvcm1Qb3N0UGFyYW05My5oaWRkZW5JbnB1dFRvVXBkYXRlQVRCdWZmZXJfQ29tbW9uVG9vbGtpdFNjcmlwdHN9fSIgVXJsRW5jb2RlPSJUcnVlIiAvPg0KICAgICAgPC9Gb3JtUG9zdEh0dHBCb2R5Pg0KICAgIDwvUmVxdWVzdD4NCiAgICA8UmVxdWVzdCBNZXRob2Q9IlBPU1QiIEd1aWQ9ImRmMWQ5OTNhLWM1NDEtNGE4NS1iZmFjLWE5NWI2NDdjZjU3NyIgVmVyc2lvbj0iMS4xIiBVcmw9Imh0dHA6Ly8xMC4xMS4zNi4xMTQ6ODAwNy9PdmVyVGltZS9PdmVydGltZVByZU9yZGVyX0FkZC5hc3B4IiBUaGlua1RpbWU9IjAiIFRpbWVvdXQ9IjMwMCIgUGFyc2VEZXBlbmRlbnRSZXF1ZXN0cz0iVHJ1ZSIgRm9sbG93UmVkaXJlY3RzPSJUcnVlIiBSZWNvcmRSZXN1bHQ9IlRydWUiIENhY2hlPSJGYWxzZSIgUmVzcG9uc2VUaW1lR29hbD0iMCIgRW5jb2Rpbmc9InV0Zi04IiBFeHBlY3RlZEh0dHBTdGF0dXNDb2RlPSIwIiBFeHBlY3RlZFJlc3BvbnNlVXJsPSIiIFJlcG9ydGluZ05hbWU9IiIgSWdub3JlSHR0cFN0YXR1c0NvZGU9IkZhbHNlIj4NCiAgICAgIDxFeHRyYWN0aW9uUnVsZXM+DQogICAgICAgIDxFeHRyYWN0aW9uUnVsZSBDbGFzc25hbWU9Ik1pY3Jvc29mdC5WaXN1YWxTdHVkaW8uVGVzdFRvb2xzLldlYlRlc3RpbmcuUnVsZXMuRXh0cmFjdEhpZGRlbkZpZWxkcywgTWljcm9zb2Z0LlZpc3VhbFN0dWRpby5RdWFsaXR5VG9vbHMuV2ViVGVzdEZyYW1ld29yaywgVmVyc2lvbj0xMC4wLjAuMCwgQ3VsdHVyZT1uZXV0cmFsLCBQdWJsaWNLZXlUb2tlbj1iMDNmNWY3ZjExZDUwYTNhIiBWYXJpYWJsZU5hbWU9IjEiIERpc3BsYXlOYW1lPSLmk7flj5bpmrHol4/mrITkvY0iIERlc2NyaXB0aW9uPSLmk7flj5blm57mh4nkuK3nmoTmiYDmnInpmrHol4/mrITkvY3vvIzkuKblsIflroPlgJHmlL7lnKjmuKzoqablhaflrrnkuK3jgIIiPg0KICAgICAgICAgIDxSdWxlUGFyYW1ldGVycz4NCiAgICAgICAgICAgIDxSdWxlUGFyYW1ldGVyIE5hbWU9IlJlcXVpcmVkIiBWYWx1ZT0iVHJ1ZSIgLz4NCiAgICAgICAgICAgIDxSdWxlUGFyYW1ldGVyIE5hbWU9Ikh0bWxEZWNvZGUiIFZhbHVlPSJUcnVlIiAvPg0KICAgICAgICAgIDwvUnVsZVBhcmFtZXRlcnM+DQogICAgICAgIDwvRXh0cmFjdGlvblJ1bGU+DQogICAgICA8L0V4dHJhY3Rpb25SdWxlcz4NCiAgICAgIDxDb3JyZWxhdGlvbkV4dHJhY3Rpb25SdWxlcz4NCiAgICAgICAgPEV4dHJhY3Rpb25SdWxlIENsYXNzbmFtZT0iTWljcm9zb2Z0LlZpc3VhbFN0dWRpby5UZXN0VG9vbHMuV2ViVGVzdGluZy5SdWxlcy5FeHRyYWN0Rm9ybUZpZWxkLCBNaWNyb3NvZnQuVmlzdWFsU3R1ZGlvLlF1YWxpdHlUb29scy5XZWJUZXN0RnJhbWV3b3JrLCBWZXJzaW9uPTEwLjAuMC4wLCBDdWx0dXJlPW5ldXRyYWwsIFB1YmxpY0tleVRva2VuPWIwM2Y1ZjdmMTFkNTBhM2EiIFZhcmlhYmxlTmFtZT0iRm9ybVBvc3RQYXJhbTQ3LmJ0blRlbXBTYXZlIiBEaXNwbGF5TmFtZT0iIiBEZXNjcmlwdGlvbj0iIj4NCiAgICAgICAgICA8UnVsZVBhcmFtZXRlcnM+DQogICAgICAgICAgICA8UnVsZVBhcmFtZXRlciBOYW1lPSJOYW1lIiBWYWx1ZT0iYnRuVGVtcFNhdmUiIC8+DQogICAgICAgICAgICA8UnVsZVBhcmFtZXRlciBOYW1lPSJIdG1sRGVjb2RlIiBWYWx1ZT0iVHJ1ZSIgLz4NCiAgICAgICAgICAgIDxSdWxlUGFyYW1ldGVyIE5hbWU9IlJlcXVpcmVkIiBWYWx1ZT0iRmFsc2UiIC8+DQogICAgICAgICAgICA8UnVsZVBhcmFtZXRlciBOYW1lPSJJbmRleCIgVmFsdWU9IjAiIC8+DQogICAgICAgICAgPC9SdWxlUGFyYW1ldGVycz4NCiAgICAgICAgPC9FeHRyYWN0aW9uUnVsZT4NCiAgICAgICAgPEV4dHJhY3Rpb25SdWxlIENsYXNzbmFtZT0iTWljcm9zb2Z0LlZpc3VhbFN0dWRpby5UZXN0VG9vbHMuV2ViVGVzdGluZy5SdWxlcy5FeHRyYWN0Rm9ybUZpZWxkLCBNaWNyb3NvZnQuVmlzdWFsU3R1ZGlvLlF1YWxpdHlUb29scy5XZWJUZXN0RnJhbWV3b3JrLCBWZXJzaW9uPTEwLjAuMC4wLCBDdWx0dXJlPW5ldXRyYWwsIFB1YmxpY0tleVRva2VuPWIwM2Y1ZjdmMTFkNTBhM2EiIFZhcmlhYmxlTmFtZT0iRm9ybVBvc3RQYXJhbTQ4Lk9URW1wSUQiIERpc3BsYXlOYW1lPSIiIERlc2NyaXB0aW9uPSIiPg0KICAgICAgICAgIDxSdWxlUGFyYW1ldGVycz4NCiAgICAgICAgICAgIDxSdWxlUGFyYW1ldGVyIE5hbWU9Ik5hbWUiIFZhbHVlPSJyYnRTaW5nbGVFbXBJRCIgLz4NCiAgICAgICAgICAgIDxSdWxlUGFyYW1ldGVyIE5hbWU9Ikh0bWxEZWNvZGUiIFZhbHVlPSJUcnVlIiAvPg0KICAgICAgICAgICAgPFJ1bGVQYXJhbWV0ZXIgTmFtZT0iUmVxdWlyZWQiIFZhbHVlPSJGYWxzZSIgLz4NCiAgICAgICAgICAgIDxSdWxlUGFyYW1ldGVyIE5hbWU9IkluZGV4IiBWYWx1ZT0iMCIgLz4NCiAgICAgICAgICA8L1J1bGVQYXJhbWV0ZXJzPg0KICAgICAgICA8L0V4dHJhY3Rpb25SdWxlPg0KICAgICAgICA8RXh0cmFjdGlvblJ1bGUgQ2xhc3NuYW1lPSJNaWNyb3NvZnQuVmlzdWFsU3R1ZGlvLlRlc3RUb29scy5XZWJUZXN0aW5nLlJ1bGVzLkV4dHJhY3RGb3JtRmllbGQsIE1pY3Jvc29mdC5WaXN1YWxTdHVkaW8uUXVhbGl0eVRvb2xzLldlYlRlc3RGcmFtZXdvcmssIFZlcnNpb249MTAuMC4wLjAsIEN1bHR1cmU9bmV1dHJhbCwgUHVibGljS2V5VG9rZW49YjAzZjVmN2YxMWQ1MGEzYSIgVmFyaWFibGVOYW1lPSJGb3JtUG9zdFBhcmFtNDkudHh0T1RFbXBJRCIgRGlzcGxheU5hbWU9IiIgRGVzY3JpcHRpb249IiI+DQogICAgICAgICAgPFJ1bGVQYXJhbWV0ZXJzPg0KICAgICAgICAgICAgPFJ1bGVQYXJhbWV0ZXIgTmFtZT0iTmFtZSIgVmFsdWU9InR4dE9URW1wSUQiIC8+DQogICAgICAgICAgICA8UnVsZVBhcmFtZXRlciBOYW1lPSJIdG1sRGVjb2RlIiBWYWx1ZT0iVHJ1ZSIgLz4NCiAgICAgICAgICAgIDxSdWxlUGFyYW1ldGVyIE5hbWU9IlJlcXVpcmVkIiBWYWx1ZT0iRmFsc2UiIC8+DQogICAgICAgICAgICA8UnVsZVBhcmFtZXRlciBOYW1lPSJJbmRleCIgVmFsdWU9IjAiIC8+DQogICAgICAgICAgPC9SdWxlUGFyYW1ldGVycz4NCiAgICAgICAgPC9FeHRyYWN0aW9uUnVsZT4NCiAgICAgICAgPEV4dHJhY3Rpb25SdWxlIENsYXNzbmFtZT0iTWljcm9zb2Z0LlZpc3VhbFN0dWRpby5UZXN0VG9vbHMuV2ViVGVzdGluZy5SdWxlcy5FeHRyYWN0Rm9ybUZpZWxkLCBNaWNyb3NvZnQuVmlzdWFsU3R1ZGlvLlF1YWxpdHlUb29scy5XZWJUZXN0RnJhbWV3b3JrLCBWZXJzaW9uPTEwLjAuMC4wLCBDdWx0dXJlPW5ldXRyYWwsIFB1YmxpY0tleVRva2VuPWIwM2Y1ZjdmMTFkNTBhM2EiIFZhcmlhYmxlTmFtZT0iRm9ybVBvc3RQYXJhbTUwLnR4dE9URW1wTmFtZSIgRGlzcGxheU5hbWU9IiIgRGVzY3JpcHRpb249IiI+DQogICAgICAgICAgPFJ1bGVQYXJhbWV0ZXJzPg0KICAgICAgICAgICAgPFJ1bGVQYXJhbWV0ZXIgTmFtZT0iTmFtZSIgVmFsdWU9InR4dE9URW1wTmFtZSIgLz4NCiAgICAgICAgICAgIDxSdWxlUGFyYW1ldGVyIE5hbWU9Ikh0bWxEZWNvZGUiIFZhbHVlPSJUcnVlIiAvPg0KICAgICAgICAgICAgPFJ1bGVQYXJhbWV0ZXIgTmFtZT0iUmVxdWlyZWQiIFZhbHVlPSJGYWxzZSIgLz4NCiAgICAgICAgICAgIDxSdWxlUGFyYW1ldGVyIE5hbWU9IkluZGV4IiBWYWx1ZT0iMCIgLz4NCiAgICAgICAgICA8L1J1bGVQYXJhbWV0ZXJzPg0KICAgICAgICA8L0V4dHJhY3Rpb25SdWxlPg0KICAgICAgICA8RXh0cmFjdGlvblJ1bGUgQ2xhc3NuYW1lPSJNaWNyb3NvZnQuVmlzdWFsU3R1ZGlvLlRlc3RUb29scy5XZWJUZXN0aW5nLlJ1bGVzLkV4dHJhY3RGb3JtRmllbGQsIE1pY3Jvc29mdC5WaXN1YWxTdHVkaW8uUXVhbGl0eVRvb2xzLldlYlRlc3RGcmFtZXdvcmssIFZlcnNpb249MTAuMC4wLjAsIEN1bHR1cmU9bmV1dHJhbCwgUHVibGljS2V5VG9rZW49YjAzZjVmN2YxMWQ1MGEzYSIgVmFyaWFibGVOYW1lPSJGb3JtUG9zdFBhcmFtNTEudWNEYXRlU3RhcnQkdHh0RGF0ZSIgRGlzcGxheU5hbWU9IiIgRGVzY3JpcHRpb249IiI+DQogICAgICAgICAgPFJ1bGVQYXJhbWV0ZXJzPg0KICAgICAgICAgICAgPFJ1bGVQYXJhbWV0ZXIgTmFtZT0iTmFtZSIgVmFsdWU9InVjRGF0ZVN0YXJ0X3R4dERhdGUiIC8+DQogICAgICAgICAgICA8UnVsZVBhcmFtZXRlciBOYW1lPSJIdG1sRGVjb2RlIiBWYWx1ZT0iVHJ1ZSIgLz4NCiAgICAgICAgICAgIDxSdWxlUGFyYW1ldGVyIE5hbWU9IlJlcXVpcmVkIiBWYWx1ZT0iRmFsc2UiIC8+DQogICAgICAgICAgICA8UnVsZVBhcmFtZXRlciBOYW1lPSJJbmRleCIgVmFsdWU9IjAiIC8+DQogICAgICAgICAgPC9SdWxlUGFyYW1ldGVycz4NCiAgICAgICAgPC9FeHRyYWN0aW9uUnVsZT4NCiAgICAgICAgPEV4dHJhY3Rpb25SdWxlIENsYXNzbmFtZT0iTWljcm9zb2Z0LlZpc3VhbFN0dWRpby5UZXN0VG9vbHMuV2ViVGVzdGluZy5SdWxlcy5FeHRyYWN0Rm9ybUZpZWxkLCBNaWNyb3NvZnQuVmlzdWFsU3R1ZGlvLlF1YWxpdHlUb29scy5XZWJUZXN0RnJhbWV3b3JrLCBWZXJzaW9uPTEwLjAuMC4wLCBDdWx0dXJlPW5ldXRyYWwsIFB1YmxpY0tleVRva2VuPWIwM2Y1ZjdmMTFkNTBhM2EiIFZhcmlhYmxlTmFtZT0iRm9ybVBvc3RQYXJhbTUyLnVjRGF0ZUVuZCR0eHREYXRlIiBEaXNwbGF5TmFtZT0iIiBEZXNjcmlwdGlvbj0iIj4NCiAgICAgICAgICA8UnVsZVBhcmFtZXRlcnM+DQogICAgICAgICAgICA8UnVsZVBhcmFtZXRlciBOYW1lPSJOYW1lIiBWYWx1ZT0idWNEYXRlRW5kX3R4dERhdGUiIC8+DQogICAgICAgICAgICA8UnVsZVBhcmFtZXRlciBOYW1lPSJIdG1sRGVjb2RlIiBWYWx1ZT0iVHJ1ZSIgLz4NCiAgICAgICAgICAgIDxSdWxlUGFyYW1ldGVyIE5hbWU9IlJlcXVpcmVkIiBWYWx1ZT0iRmFsc2UiIC8+DQogICAgICAgICAgICA8UnVsZVBhcmFtZXRlciBOYW1lPSJJbmRleCIgVmFsdWU9IjAiIC8+DQogICAgICAgICAgPC9SdWxlUGFyYW1ldGVycz4NCiAgICAgICAgPC9FeHRyYWN0aW9uUnVsZT4NCiAgICAgICAgPEV4dHJhY3Rpb25SdWxlIENsYXNzbmFtZT0iTWljcm9zb2Z0LlZpc3VhbFN0dWRpby5UZXN0VG9vbHMuV2ViVGVzdGluZy5SdWxlcy5FeHRyYWN0VGV4dCwgTWljcm9zb2Z0LlZpc3VhbFN0dWRpby5RdWFsaXR5VG9vbHMuV2ViVGVzdEZyYW1ld29yaywgVmVyc2lvbj0xMC4wLjAuMCwgQ3VsdHVyZT1uZXV0cmFsLCBQdWJsaWNLZXlUb2tlbj1iMDNmNWY3ZjExZDUwYTNhIiBWYXJpYWJsZU5hbWU9IkZvcm1Qb3N0UGFyYW01My5PVFRpbWVTdGFydCRkZGxISCIgRGlzcGxheU5hbWU9IiIgRGVzY3JpcHRpb249IiI+DQogICAgICAgICAgPFJ1bGVQYXJhbWV0ZXJzPg0KICAgICAgICAgICAgPFJ1bGVQYXJhbWV0ZXIgTmFtZT0iU3RhcnRzV2l0aCIgVmFsdWU9Imx1ZT0mcXVvdDsiIC8+DQogICAgICAgICAgICA8UnVsZVBhcmFtZXRlciBOYW1lPSJFbmRzV2l0aCIgVmFsdWU9IiZxdW90OyZndDswMCZsdDsiIC8+DQogICAgICAgICAgICA8UnVsZVBhcmFtZXRlciBOYW1lPSJJbmRleCIgVmFsdWU9IjMwIiAvPg0KICAgICAgICAgICAgPFJ1bGVQYXJhbWV0ZXIgTmFtZT0iSWdub3JlQ2FzZSIgVmFsdWU9IkZhbHNlIiAvPg0KICAgICAgICAgICAgPFJ1bGVQYXJhbWV0ZXIgTmFtZT0iVXNlUmVndWxhckV4cHJlc3Npb24iIFZhbHVlPSJGYWxzZSIgLz4NCiAgICAgICAgICAgIDxSdWxlUGFyYW1ldGVyIE5hbWU9Ikh0bWxEZWNvZGUiIFZhbHVlPSJUcnVlIiAvPg0KICAgICAgICAgICAgPFJ1bGVQYXJhbWV0ZXIgTmFtZT0iUmVxdWlyZWQiIFZhbHVlPSJGYWxzZSIgLz4NCiAgICAgICAgICA8L1J1bGVQYXJhbWV0ZXJzPg0KICAgICAgICA8L0V4dHJhY3Rpb25SdWxlPg0KICAgICAgICA8RXh0cmFjdGlvblJ1bGUgQ2xhc3NuYW1lPSJNaWNyb3NvZnQuVmlzdWFsU3R1ZGlvLlRlc3RUb29scy5XZWJUZXN0aW5nLlJ1bGVzLkV4dHJhY3RUZXh0LCBNaWNyb3NvZnQuVmlzdWFsU3R1ZGlvLlF1YWxpdHlUb29scy5XZWJUZXN0RnJhbWV3b3JrLCBWZXJzaW9uPTEwLjAuMC4wLCBDdWx0dXJlPW5ldXRyYWwsIFB1YmxpY0tleVRva2VuPWIwM2Y1ZjdmMTFkNTBhM2EiIFZhcmlhYmxlTmFtZT0iRm9ybVBvc3RQYXJhbTU0Lk9UVGltZVN0YXJ0JGRkbE1NIiBEaXNwbGF5TmFtZT0iIiBEZXNjcmlwdGlvbj0iIj4NCiAgICAgICAgICA8UnVsZVBhcmFtZXRlcnM+DQogICAgICAgICAgICA8UnVsZVBhcmFtZXRlciBOYW1lPSJTdGFydHNXaXRoIiBWYWx1ZT0ibHVlPSZxdW90OyIgLz4NCiAgICAgICAgICAgIDxSdWxlUGFyYW1ldGVyIE5hbWU9IkVuZHNXaXRoIiBWYWx1ZT0iJnF1b3Q7Jmd0OzAwJmx0OyIgLz4NCiAgICAgICAgICAgIDxSdWxlUGFyYW1ldGVyIE5hbWU9IkluZGV4IiBWYWx1ZT0iMzAiIC8+DQogICAgICAgICAgICA8UnVsZVBhcmFtZXRlciBOYW1lPSJJZ25vcmVDYXNlIiBWYWx1ZT0iRmFsc2UiIC8+DQogICAgICAgICAgICA8UnVsZVBhcmFtZXRlciBOYW1lPSJVc2VSZWd1bGFyRXhwcmVzc2lvbiIgVmFsdWU9IkZhbHNlIiAvPg0KICAgICAgICAgICAgPFJ1bGVQYXJhbWV0ZXIgTmFtZT0iSHRtbERlY29kZSIgVmFsdWU9IlRydWUiIC8+DQogICAgICAgICAgICA8UnVsZVBhcmFtZXRlciBOYW1lPSJSZXF1aXJlZCIgVmFsdWU9IkZhbHNlIiAvPg0KICAgICAgICAgIDwvUnVsZVBhcmFtZXRlcnM+DQogICAgICAgIDwvRXh0cmFjdGlvblJ1bGU+DQogICAgICAgIDxFeHRyYWN0aW9uUnVsZSBDbGFzc25hbWU9Ik1pY3Jvc29mdC5WaXN1YWxTdHVkaW8uVGVzdFRvb2xzLldlYlRlc3RpbmcuUnVsZXMuRXh0cmFjdFRleHQsIE1pY3Jvc29mdC5WaXN1YWxTdHVkaW8uUXVhbGl0eVRvb2xzLldlYlRlc3RGcmFtZXdvcmssIFZlcnNpb249MTAuMC4wLjAsIEN1bHR1cmU9bmV1dHJhbCwgUHVibGljS2V5VG9rZW49YjAzZjVmN2YxMWQ1MGEzYSIgVmFyaWFibGVOYW1lPSJGb3JtUG9zdFBhcmFtNTUuT1RUaW1lRW5kJGRkbEhIIiBEaXNwbGF5TmFtZT0iIiBEZXNjcmlwdGlvbj0iIj4NCiAgICAgICAgICA8UnVsZVBhcmFtZXRlcnM+DQogICAgICAgICAgICA8UnVsZVBhcmFtZXRlciBOYW1lPSJTdGFydHNXaXRoIiBWYWx1ZT0ibHVlPSZxdW90OyIgLz4NCiAgICAgICAgICAgIDxSdWxlUGFyYW1ldGVyIE5hbWU9IkVuZHNXaXRoIiBWYWx1ZT0iJnF1b3Q7Jmd0OzAxJmx0OyIgLz4NCiAgICAgICAgICAgIDxSdWxlUGFyYW1ldGVyIE5hbWU9IkluZGV4IiBWYWx1ZT0iMzEiIC8+DQogICAgICAgICAgICA8UnVsZVBhcmFtZXRlciBOYW1lPSJJZ25vcmVDYXNlIiBWYWx1ZT0iRmFsc2UiIC8+DQogICAgICAgICAgICA8UnVsZVBhcmFtZXRlciBOYW1lPSJVc2VSZWd1bGFyRXhwcmVzc2lvbiIgVmFsdWU9IkZhbHNlIiAvPg0KICAgICAgICAgICAgPFJ1bGVQYXJhbWV0ZXIgTmFtZT0iSHRtbERlY29kZSIgVmFsdWU9IlRydWUiIC8+DQogICAgICAgICAgICA8UnVsZVBhcmFtZXRlciBOYW1lPSJSZXF1aXJlZCIgVmFsdWU9IkZhbHNlIiAvPg0KICAgICAgICAgIDwvUnVsZVBhcmFtZXRlcnM+DQogICAgICAgIDwvRXh0cmFjdGlvblJ1bGU+DQogICAgICAgIDxFeHRyYWN0aW9uUnVsZSBDbGFzc25hbWU9Ik1pY3Jvc29mdC5WaXN1YWxTdHVkaW8uVGVzdFRvb2xzLldlYlRlc3RpbmcuUnVsZXMuRXh0cmFjdFRleHQsIE1pY3Jvc29mdC5WaXN1YWxTdHVkaW8uUXVhbGl0eVRvb2xzLldlYlRlc3RGcmFtZXdvcmssIFZlcnNpb249MTAuMC4wLjAsIEN1bHR1cmU9bmV1dHJhbCwgUHVibGljS2V5VG9rZW49YjAzZjVmN2YxMWQ1MGEzYSIgVmFyaWFibGVOYW1lPSJGb3JtUG9zdFBhcmFtNTYuT1RUaW1lRW5kJGRkbE1NIiBEaXNwbGF5TmFtZT0iIiBEZXNjcmlwdGlvbj0iIj4NCiAgICAgICAgICA8UnVsZVBhcmFtZXRlcnM+DQogICAgICAgICAgICA8UnVsZVBhcmFtZXRlciBOYW1lPSJTdGFydHNXaXRoIiBWYWx1ZT0ibHVlPSZxdW90OyIgLz4NCiAgICAgICAgICAgIDxSdWxlUGFyYW1ldGVyIE5hbWU9IkVuZHNXaXRoIiBWYWx1ZT0iJnF1b3Q7Jmd0OzAwJmx0OyIgLz4NCiAgICAgICAgICAgIDxSdWxlUGFyYW1ldGVyIE5hbWU9IkluZGV4IiBWYWx1ZT0iMzAiIC8+DQogICAgICAgICAgICA8UnVsZVBhcmFtZXRlciBOYW1lPSJJZ25vcmVDYXNlIiBWYWx1ZT0iRmFsc2UiIC8+DQogICAgICAgICAgICA8UnVsZVBhcmFtZXRlciBOYW1lPSJVc2VSZWd1bGFyRXhwcmVzc2lvbiIgVmFsdWU9IkZhbHNlIiAvPg0KICAgICAgICAgICAgPFJ1bGVQYXJhbWV0ZXIgTmFtZT0iSHRtbERlY29kZSIgVmFsdWU9IlRydWUiIC8+DQogICAgICAgICAgICA8UnVsZVBhcmFtZXRlciBOYW1lPSJSZXF1aXJlZCIgVmFsdWU9IkZhbHNlIiAvPg0KICAgICAgICAgIDwvUnVsZVBhcmFtZXRlcnM+DQogICAgICAgIDwvRXh0cmFjdGlvblJ1bGU+DQogICAgICAgIDxFeHRyYWN0aW9uUnVsZSBDbGFzc25hbWU9Ik1pY3Jvc29mdC5WaXN1YWxTdHVkaW8uVGVzdFRvb2xzLldlYlRlc3RpbmcuUnVsZXMuRXh0cmFjdFRleHQsIE1pY3Jvc29mdC5WaXN1YWxTdHVkaW8uUXVhbGl0eVRvb2xzLldlYlRlc3RGcmFtZXdvcmssIFZlcnNpb249MTAuMC4wLjAsIEN1bHR1cmU9bmV1dHJhbCwgUHVibGljS2V5VG9rZW49YjAzZjVmN2YxMWQ1MGEzYSIgVmFyaWFibGVOYW1lPSJGb3JtUG9zdFBhcmFtNTcuZGRsT1RUeXBlSUQiIERpc3BsYXlOYW1lPSIiIERlc2NyaXB0aW9uPSIiPg0KICAgICAgICAgIDxSdWxlUGFyYW1ldGVycz4NCiAgICAgICAgICAgIDxSdWxlUGFyYW1ldGVyIE5hbWU9IlN0YXJ0c1dpdGgiIFZhbHVlPSJsdWU9JnF1b3Q7IiAvPg0KICAgICAgICAgICAgPFJ1bGVQYXJhbWV0ZXIgTmFtZT0iRW5kc1dpdGgiIFZhbHVlPSImcXVvdDsmZ3Q7MTAmbHQ7IiAvPg0KICAgICAgICAgICAgPFJ1bGVQYXJhbWV0ZXIgTmFtZT0iSW5kZXgiIFZhbHVlPSI0MCIgLz4NCiAgICAgICAgICAgIDxSdWxlUGFyYW1ldGVyIE5hbWU9Iklnbm9yZUNhc2UiIFZhbHVlPSJGYWxzZSIgLz4NCiAgICAgICAgICAgIDxSdWxlUGFyYW1ldGVyIE5hbWU9IlVzZVJlZ3VsYXJFeHByZXNzaW9uIiBWYWx1ZT0iRmFsc2UiIC8+DQogICAgICAgICAgICA8UnVsZVBhcmFtZXRlciBOYW1lPSJIdG1sRGVjb2RlIiBWYWx1ZT0iVHJ1ZSIgLz4NCiAgICAgICAgICAgIDxSdWxlUGFyYW1ldGVyIE5hbWU9IlJlcXVpcmVkIiBWYWx1ZT0iRmFsc2UiIC8+DQogICAgICAgICAgPC9SdWxlUGFyYW1ldGVycz4NCiAgICAgICAgPC9FeHRyYWN0aW9uUnVsZT4NCiAgICAgICAgPEV4dHJhY3Rpb25SdWxlIENsYXNzbmFtZT0iTWljcm9zb2Z0LlZpc3VhbFN0dWRpby5UZXN0VG9vbHMuV2ViVGVzdGluZy5SdWxlcy5FeHRyYWN0VGV4dCwgTWljcm9zb2Z0LlZpc3VhbFN0dWRpby5RdWFsaXR5VG9vbHMuV2ViVGVzdEZyYW1ld29yaywgVmVyc2lvbj0xMC4wLjAuMCwgQ3VsdHVyZT1uZXV0cmFsLCBQdWJsaWNLZXlUb2tlbj1iMDNmNWY3ZjExZDUwYTNhIiBWYXJpYWJsZU5hbWU9IkZvcm1Qb3N0UGFyYW01OC5kZGxPcmciIERpc3BsYXlOYW1lPSIiIERlc2NyaXB0aW9uPSIiPg0KICAgICAgICAgIDxSdWxlUGFyYW1ldGVycz4NCiAgICAgICAgICAgIDxSdWxlUGFyYW1ldGVyIE5hbWU9IlN0YXJ0c1dpdGgiIFZhbHVlPSImcXVvdDswJnF1b3Q7LCZxdW90OyIgLz4NCiAgICAgICAgICAgIDxSdWxlUGFyYW1ldGVyIE5hbWU9IkVuZHNXaXRoIiBWYWx1ZT0iJnF1b3Q7LCZxdW90OzImcXVvdDsiIC8+DQogICAgICAgICAgICA8UnVsZVBhcmFtZXRlciBOYW1lPSJJbmRleCIgVmFsdWU9IjAiIC8+DQogICAgICAgICAgICA8UnVsZVBhcmFtZXRlciBOYW1lPSJJZ25vcmVDYXNlIiBWYWx1ZT0iRmFsc2UiIC8+DQogICAgICAgICAgICA8UnVsZVBhcmFtZXRlciBOYW1lPSJVc2VSZWd1bGFyRXhwcmVzc2lvbiIgVmFsdWU9IkZhbHNlIiAvPg0KICAgICAgICAgICAgPFJ1bGVQYXJhbWV0ZXIgTmFtZT0iSHRtbERlY29kZSIgVmFsdWU9IlRydWUiIC8+DQogICAgICAgICAgICA8UnVsZVBhcmFtZXRlciBOYW1lPSJSZXF1aXJlZCIgVmFsdWU9IkZhbHNlIiAvPg0KICAgICAgICAgIDwvUnVsZVBhcmFtZXRlcnM+DQogICAgICAgIDwvRXh0cmFjdGlvblJ1bGU+DQogICAgICAgIDxFeHRyYWN0aW9uUnVsZSBDbGFzc25hbWU9Ik1pY3Jvc29mdC5WaXN1YWxTdHVkaW8uVGVzdFRvb2xzLldlYlRlc3RpbmcuUnVsZXMuRXh0cmFjdFRleHQsIE1pY3Jvc29mdC5WaXN1YWxTdHVkaW8uUXVhbGl0eVRvb2xzLldlYlRlc3RGcmFtZXdvcmssIFZlcnNpb249MTAuMC4wLjAsIEN1bHR1cmU9bmV1dHJhbCwgUHVibGljS2V5VG9rZW49YjAzZjVmN2YxMWQ1MGEzYSIgVmFyaWFibGVOYW1lPSJGb3JtUG9zdFBhcmFtNTkudWNDYXNjYWRpbmdEcm9wRG93bjEkZGRsMDIiIERpc3BsYXlOYW1lPSIiIERlc2NyaXB0aW9uPSIiPg0KICAgICAgICAgIDxSdWxlUGFyYW1ldGVycz4NCiAgICAgICAgICAgIDxSdWxlUGFyYW1ldGVyIE5hbWU9IlN0YXJ0c1dpdGgiIFZhbHVlPSJsdWU9JnF1b3Q7IiAvPg0KICAgICAgICAgICAgPFJ1bGVQYXJhbWV0ZXIgTmFtZT0iRW5kc1dpdGgiIFZhbHVlPSImcXVvdDsgdGl0IiAvPg0KICAgICAgICAgICAgPFJ1bGVQYXJhbWV0ZXIgTmFtZT0iSW5kZXgiIFZhbHVlPSIyMjAiIC8+DQogICAgICAgICAgICA8UnVsZVBhcmFtZXRlciBOYW1lPSJJZ25vcmVDYXNlIiBWYWx1ZT0iRmFsc2UiIC8+DQogICAgICAgICAgICA8UnVsZVBhcmFtZXRlciBOYW1lPSJVc2VSZWd1bGFyRXhwcmVzc2lvbiIgVmFsdWU9IkZhbHNlIiAvPg0KICAgICAgICAgICAgPFJ1bGVQYXJhbWV0ZXIgTmFtZT0iSHRtbERlY29kZSIgVmFsdWU9IlRydWUiIC8+DQogICAgICAgICAgICA8UnVsZVBhcmFtZXRlciBOYW1lPSJSZXF1aXJlZCIgVmFsdWU9IkZhbHNlIiAvPg0KICAgICAgICAgIDwvUnVsZVBhcmFtZXRlcnM+DQogICAgICAgIDwvRXh0cmFjdGlvblJ1bGU+DQogICAgICAgIDxFeHRyYWN0aW9uUnVsZSBDbGFzc25hbWU9Ik1pY3Jvc29mdC5WaXN1YWxTdHVkaW8uVGVzdFRvb2xzLldlYlRlc3RpbmcuUnVsZXMuRXh0cmFjdFRleHQsIE1pY3Jvc29mdC5WaXN1YWxTdHVkaW8uUXVhbGl0eVRvb2xzLldlYlRlc3RGcmFtZXdvcmssIFZlcnNpb249MTAuMC4wLjAsIEN1bHR1cmU9bmV1dHJhbCwgUHVibGljS2V5VG9rZW49YjAzZjVmN2YxMWQ1MGEzYSIgVmFyaWFibGVOYW1lPSJGb3JtUG9zdFBhcmFtNjAudWNDYXNjYWRpbmdEcm9wRG93bjEkZGRsMDMiIERpc3BsYXlOYW1lPSIiIERlc2NyaXB0aW9uPSIiPg0KICAgICAgICAgIDxSdWxlUGFyYW1ldGVycz4NCiAgICAgICAgICAgIDxSdWxlUGFyYW1ldGVyIE5hbWU9IlN0YXJ0c1dpdGgiIFZhbHVlPSJsdWU9JnF1b3Q7IiAvPg0KICAgICAgICAgICAgPFJ1bGVQYXJhbWV0ZXIgTmFtZT0iRW5kc1dpdGgiIFZhbHVlPSImcXVvdDsgdGl0IiAvPg0KICAgICAgICAgICAgPFJ1bGVQYXJhbWV0ZXIgTmFtZT0iSW5kZXgiIFZhbHVlPSIyMjEiIC8+DQogICAgICAgICAgICA8UnVsZVBhcmFtZXRlciBOYW1lPSJJZ25vcmVDYXNlIiBWYWx1ZT0iRmFsc2UiIC8+DQogICAgICAgICAgICA8UnVsZVBhcmFtZXRlciBOYW1lPSJVc2VSZWd1bGFyRXhwcmVzc2lvbiIgVmFsdWU9IkZhbHNlIiAvPg0KICAgICAgICAgICAgPFJ1bGVQYXJhbWV0ZXIgTmFtZT0iSHRtbERlY29kZSIgVmFsdWU9IlRydWUiIC8+DQogICAgICAgICAgICA8UnVsZVBhcmFtZXRlciBOYW1lPSJSZXF1aXJlZCIgVmFsdWU9IkZhbHNlIiAvPg0KICAgICAgICAgIDwvUnVsZVBhcmFtZXRlcnM+DQogICAgICAgIDwvRXh0cmFjdGlvblJ1bGU+DQogICAgICAgIDxFeHRyYWN0aW9uUnVsZSBDbGFzc25hbWU9Ik1pY3Jvc29mdC5WaXN1YWxTdHVkaW8uVGVzdFRvb2xzLldlYlRlc3RpbmcuUnVsZXMuRXh0cmFjdFRleHQsIE1pY3Jvc29mdC5WaXN1YWxTdHVkaW8uUXVhbGl0eVRvb2xzLldlYlRlc3RGcmFtZXdvcmssIFZlcnNpb249MTAuMC4wLjAsIEN1bHR1cmU9bmV1dHJhbCwgUHVibGljS2V5VG9rZW49YjAzZjVmN2YxMWQ1MGEzYSIgVmFyaWFibGVOYW1lPSJGb3JtUG9zdFBhcmFtNjEuaGlkZGVuSW5wdXRUb1VwZGF0ZUFUQnVmZmVyX0NvbW1vblRvb2xraXRTY3JpcHRzIiBEaXNwbGF5TmFtZT0iIiBEZXNjcmlwdGlvbj0iIj4NCiAgICAgICAgICA8UnVsZVBhcmFtZXRlcnM+DQogICAgICAgICAgICA8UnVsZVBhcmFtZXRlciBOYW1lPSJTdGFydHNXaXRoIiBWYWx1ZT0icyZxdW90OzpbJnF1b3Q7IiAvPg0KICAgICAgICAgICAgPFJ1bGVQYXJhbWV0ZXIgTmFtZT0iRW5kc1dpdGgiIFZhbHVlPSImcXVvdDssJnF1b3Q7MSZxdW90OyIgLz4NCiAgICAgICAgICAgIDxSdWxlUGFyYW1ldGVyIE5hbWU9IkluZGV4IiBWYWx1ZT0iMCIgLz4NCiAgICAgICAgICAgIDxSdWxlUGFyYW1ldGVyIE5hbWU9Iklnbm9yZUNhc2UiIFZhbHVlPSJGYWxzZSIgLz4NCiAgICAgICAgICAgIDxSdWxlUGFyYW1ldGVyIE5hbWU9IlVzZVJlZ3VsYXJFeHByZXNzaW9uIiBWYWx1ZT0iRmFsc2UiIC8+DQogICAgICAgICAgICA8UnVsZVBhcmFtZXRlciBOYW1lPSJIdG1sRGVjb2RlIiBWYWx1ZT0iVHJ1ZSIgLz4NCiAgICAgICAgICAgIDxSdWxlUGFyYW1ldGVyIE5hbWU9IlJlcXVpcmVkIiBWYWx1ZT0iRmFsc2UiIC8+DQogICAgICAgICAgPC9SdWxlUGFyYW1ldGVycz4NCiAgICAgICAgPC9FeHRyYWN0aW9uUnVsZT4NCiAgICAgIDwvQ29ycmVsYXRpb25FeHRyYWN0aW9uUnVsZXM+DQogICAgICA8Rm9ybVBvc3RIdHRwQm9keT4NCiAgICAgICAgPEZvcm1Qb3N0UGFyYW1ldGVyIE5hbWU9IlRvb2xraXRTY3JpcHRNYW5hZ2VyMV9IaWRkZW5GaWVsZCIgVmFsdWU9Ijs7QWpheENvbnRyb2xUb29sa2l0LCBWZXJzaW9uPTQuMS43LjYwNywgQ3VsdHVyZT1uZXV0cmFsLCBQdWJsaWNLZXlUb2tlbj0yOGYwMWIwZTg0YjZkNTNlOnpoLUhhbnQ6N2I5NWVkMWEtNmEzZi00MWRkLWJjNWItNjNmMzllZGJjNGI0OmRlMWZlYWIyOmZjZjBlOTkzOmYyYzhlNzA4OjcyMGE1MmJmOmY5Y2VjOWJjOjU4OWVhYTMwOjY5ODEyOWNmOmZiOWI0YzU3OmNjYjk2Y2Y5OjhhZDE4MTAxOmNhNTdlZjNjOmE2N2MyNzAwOjg2MTNhZWE3OjMyMDJhNWEyOmFiMDllM2ZlOjg3MTA0YjdjOmJlNmZiMjk4IiBSZWNvcmRlZFZhbHVlPSI7O0FqYXhDb250cm9sVG9vbGtpdCwgVmVyc2lvbj00LjEuNy42MDcsIEN1bHR1cmU9bmV1dHJhbCwgUHVibGljS2V5VG9rZW49MjhmMDFiMGU4NGI2ZDUzZTp6aC1IYW50OjdiOTVlZDFhLTZhM2YtNDFkZC1iYzViLTYzZjM5ZWRiYzRiNDpkZTFmZWFiMjpmY2YwZTk5MzpmMmM4ZTcwODo3MjBhNTJiZjpmOWNlYzliYzo1ODllYWEzMDo2OTgxMjljZjpmYjliNGM1NzpjY2I5NmNmOTo4YWQxODEwMTpjYTU3ZWYzYzphNjdjMjcwMDo4NjEzYWVhNzozMjAyYTVhMjphYjA5ZTNmZTo4NzEwNGI3YzpiZTZmYjI5OCIgQ29ycmVsYXRpb25CaW5kaW5nPSIiIFVybEVuY29kZT0iVHJ1ZSIgLz4NCiAgICAgICAgPEZvcm1Qb3N0UGFyYW1ldGVyIE5hbWU9Il9fRVZFTlRUQVJHRVQiIFZhbHVlPSJPVFRpbWVFbmQkZGRsTU0iIFJlY29yZGVkVmFsdWU9Ik9UVGltZUVuZCRkZGxNTSIgQ29ycmVsYXRpb25CaW5kaW5nPSJ7e0Zvcm1Qb3N0UGFyYW02OC5fX0VWRU5UVEFSR0VUfX0iIFVybEVuY29kZT0iVHJ1ZSIgLz4NCiAgICAgICAgPEZvcm1Qb3N0UGFyYW1ldGVyIE5hbWU9Il9fRVZFTlRBUkdVTUVOVCIgVmFsdWU9Int7JEhJRERFTjEuX19FVkVOVEFSR1VNRU5UfX0iIFJlY29yZGVkVmFsdWU9IiIgQ29ycmVsYXRpb25CaW5kaW5nPSIiIFVybEVuY29kZT0iVHJ1ZSIgLz4NCiAgICAgICAgPEZvcm1Qb3N0UGFyYW1ldGVyIE5hbWU9Il9fTEFTVEZPQ1VTIiBWYWx1ZT0ie3skSElEREVOMS5fX0xBU1RGT0NVU319IiBSZWNvcmRlZFZhbHVlPSIiIENvcnJlbGF0aW9uQmluZGluZz0iIiBVcmxFbmNvZGU9IlRydWUiIC8+DQogICAgICAgIDxGb3JtUG9zdFBhcmFtZXRlciBOYW1lPSJfX1ZTVEFURSIgVmFsdWU9Int7JEhJRERFTjEuX19WU1RBVEV9fSIgUmVjb3JkZWRWYWx1ZT0iQVIrTENBQUFBQUFBQkFEdFd1dHpHOVVWdDI0cytabllaSWdoSkVnYlp3YkhrMGphWGIwczJSYTFGUWU3c2VNUUtRa3p3R2hXMnV2ZHhhdGRzYnV5cldHWWhrSklTQWlFZ2RDYTBGS21wRkNZcEdtWmdrbFMyaitoMCttSGZtNHRQejcxVDZEbjdxNGVma0dnRWROMnFpVFMzbk4vOTl4N1h2ZWVjemRmT1RvZVJFNTNPcDFRRlVOVFpmMEVmcllnYWZpNHFodkRYSGI2S0M2bTAxMHU1dzR0WXlRbFJaRHhTQzQvZHRpNUhkb1RCZG1RTm0yMlNEbGhuQ3NvV2RIWkJvK1BGN0J1U0tyaWJNdUsweE9ZazQvSW5PQjBDVE1UbktSMERCeHNhRWV1WFUzTms2bUVTb2JEd3hGVnl4MmJiSnBNbWZ4Y2s2bkRuSUhoSnlYbGNCdjhxQVluazJkQXBPWVVHSUsrZ2s4SDMrRnM5WVlqZEpobHdzRndSeGZsYms0REJ6TFl1WnVKUmxsL241K2hxY1dGQzZWTDV5bUdqZEUwL0hWM3BjZjBJUmxyUmhMck9xeVRjRllMaHVoMmNZYkJnUkErQXdSZ2FKWmhvbndreXZKOHRzL0xUTkZaYnpDRHc5NE1SNGU5VElZUHNYMTBOc05HT2ZlTzlIRk93R002RVdOY0ZVUjNVMXJqbEduUURLSWo3bDEyTDZoRkt5WU5EZFJxZ3RyU3AxVnRPaWtaR0lEYlFyQ3dmVFp5cUdDb1EvbThYQnpKWlRCUGFBbGRUOGljcmd2dUhodERkR25BdjJRV3pDaUQvU1NpOGttbGJFa0IrSS9wQkR1dVpxZEZkNmZkT2czSzBYS2NCcVNXOUpBcEwwei9iU1Z1VENmeG5OUEJnS1M4Y1p6VE9IWmhiNE9qb2FHQjJJWDhrazg3Z3E5anlhSnU0SndQak1JZG9rNWhqV2g4TU9panlaOURWQUs4cUtEaFFRVVhESTJURDFISEN4bFp5b0lmcHRScHJBeG1JaEV1bEEyRm1XZ2dpT20rcUpNdzMxWEQwL3hLY1JrWmI0T2UzWldXN3dUT3FRYm8ycDZ5NVltY25NeUtPTWUxd2ROaGFXcnFNWTNMYlhNNGR0ak1iQnhaY3d0aDVXcUVyeTkyRGp3Nmw1T3BHWHZkM1l5UDdxYXdrbFY1WUQzWVhUQ212RXk0KzlINDl0YUJPVDJtbXhOUU1FTFJCN3U3cllmWUhEeUxocEdQK2YyenM3TysyWUJQMVFRL1M5T00vNG1KY1d0UlpXeE81MEVDWUt3cE5qZmRtNVBBeHJvNlpYaXphaTRHT0srRjZvWlpLWXJNaTJXY3c0cEJLVndPRDNhYjhqTldyOVVQNC9JeW5rc1Y4OWltV25RZG9oK0VxUkkzWXpmRXozQlpQSXdGU2VtbURHQXgyRTJHbW83Y1RWbExpUm1jSm1EakdBelE4NEFtd3Vja1pUS2JMV2dnUGVqTS80MXp3RHBHRkw1dVV4ekdXUmtjbFVSSmZXVTV6QlhIcFp4a2pLb0Y3ZGozTXN0bzNXY2hPM2pkSnBtQXMwaXNDUE05VEZOWGFTWlRFd1hkU0lnNE8xM0hPVXc1d0RyMW5xSytoc2ZXc1Y2L0tDblBVTDhJZ1h6amhIblcxMjJHVTV3czhYV2VZNGgvQnB5MnpwTWtPZGlBaTVQYUVKbXJ6cUtNS1RORWJTUVZ2Q2N6RGZnM0hwY21iZjNSYWhMdEZXMXhQaHRtaXNvbHNWRlp5Wmh1VTZCWEsrQUtuV1I1bFpTbWNyS1hlMC9xT0ZIUU5PQU1PUjVIQU9iZ3V6ajRzNklxWmZFNmFYUGNYTGxWVURKcVFlRXhYOVhCM1VocmFjbE1XK0l1SitSUGYya2E0Q0hWRXJTWTljUGx2a3VlWTQreFdIelRtUEpFM2hrN0JScW82cnNzaXFWSHlsNmF4SmMxVzFXdHBzNU9hanpXVE1YWU9KSFRFeUtuQ0JnVUpDazZGQkNnbjZwYWEvS2tlRFE2NEs5dHJ3RlppVTZjcFMyTTNheEExaWNxSnJNTnhDcThOdDJJQndHNmhyQXBialRPc0d1Qm94dUJaT3VQMDFXWTJhNmcxaDdhOFdCNHdMK090QW0wekhJZHBZS3NPVHNKckxaWmd5bWZmZkVJZ1ZSYTZ4RW1hNllDV2JmODh0RVRENUQxVkZvYkFLUHhjQTJnUmsyVmpUL09nSDJxclFxZ1p0K09NNkNlMm5hTlAxUTNYcFBSR2tJRnRtYnJKRUt0SmF4alY3UDVnWmN4RVQvRCtnTjBtWGR0YnptMExmZTNRM3BOdkF6NDF3Vnd2SkZVUit1cUpsSXJ1ZElUM0RPcUJqK1NRbjZHQzVMTXQ2UlA0Qm1KUUVoRjJBd2ZaRmVIWDltZk5uZEh1YVRGWktNVG9NZ2xGZm9KUEtWaFhiUnI5Q013TXhhN0VOcld3WGNGNGJ1akMwRmxQUzRKb2pHc3pnMXJtSnNlVVlnVXZNaDNvU2xBTlNLSGlXbzZCZk5EaDhqenlHbFNHbE40em5BK3VESi9aZm55eTRzTDEvOTU1OVdWVHk0dWYzU3A5T1hadjUvNUZlRDJFSnhucDlPVlBENDZmSlFCeXNNMnBYM3A1c0xLYnkrdlhqaXo4djZyUU45WFJ0STAvUmhOQTJXL1RlbFl2SFdyZE9IcXlxZm5sbTVkaHJtZ3E2Y1dIQ1hnWHB1eUM4QUVlV1ZoNmMxM2xzNjlzdnpXUjhzZnZnR0FRSG1JWFozenFOK21kRnFVZjV3NVU3cjk5dVR5bDcrR3ZrYzdPazJSSzZybzZISWdSNWVqaytjRjhzU2p4MkIwcTdzdFRjeFA3aXM0dzlsZWhNOVQvb21KcC93ODcyNU5KK0ZjTk13Ym1JWS9TYTllL2V1Zm04bTlpc0xicE9GR3ovVy9OWnZYQ3ljd3gwOHFjbEVFUUVwVklVVHlUdStUcTdkL3Z2VG1oYWVwMGh0M1NxOS9zdlNUYTB0WFh3WVZQN2w2ZGQ2a0x5MmNYWjMvb0hUMnc5S05MeXd6Z2NYZ3U1UDh1cHRVSlN0TDJXbG42cVFoeWVtRU9BMzJUYW1DSUdQVGtKSXNHY1VEUFlVc1dZNjUxSFJXbks1MjlSeWkxblR5MGd6eDVpSHdrSjdlZmg2VWhJaUtuTHBSbExIVEE1VzlJY0hoNllXWUVKU1lvZWI3WnlxOFl2MjJGeldEdmx2TlVLSkRmaWJzYmlkWE5OV3JsczRFVjlDeGJrYTR1VWNMN3FidnBnOVlXYXVxOEJuWjBzRU9RNVIwSDhSckFRLzI5UFR6NFBoZExyZHJVOE8xYkxEYktIR0VOV1liNWRGUjRnQ2UrOWNPOXV5cTJOclRWYkd4NXdIUjgrQy9hMURQYnVmeHU3QWtMSFFyTzVLdXphM29lZWc3R3RDelIvRHNGVHdQZjJ2cmVOeWIyOFRqV2FkUXFtSUV6NzRhN1UvQ1docmQ3UkE3eVdRNVNFSE5tMm50Ni8zZnVoemR3djlyT3pkcWJ0dGRhczVsTGdaa0k4b2k5NVg3Q0tOaGtoZ0tmT2V1M1Myd2FhNitBQnZXT1VUVGlHWVF6U0k2Z09nZ29rT0lEaU02Z3VnK1JFY1JReU9HUVF5TG1BQmlnb2dKSVNhTW1BaGkraEFUUlN5TldBYXhMR0lEOWVCNS84RnR1NFd0UHRhZTZLd1IwN09meURaNDc5ZUIyQ0JpUTRnTkl6YUMyRDdFUmxHQVJnRUdCVmdVQ0tCQUVBVkNLQkJHZ1FnSzlLRkFGQVZwRkdSUWtFWEJBQW9HVVRDRWdtRVVqS0JnSHdwR1VZaEdJUWFGV0JRS29GQVFoVUlvRkVhaENBcjFvVkQwdjMzOVlMUEJMVzEyTngvTHJpMGRjTzUxTmZEb0pJazZUL2RXa2ZiMSs1TVZUSnZ1VDlXdWV4VmxsdnY5ajRRVytuOW8vY2V0L3g2RTFsUk5aSEYyd21rV2FSak9CZUw2Z3AyaE9raUcrNnpwQWU0ZEpEeE9rVVB6aUlSbDN0bVlVSG5zM201ZWJrQTJiaEZiQ0RGQkxtUXNYMm5mQ2RtdGwvSldOQTdQN2F0bkw1VXVueS9kUEwvMC9ubFg2ZXhuaTdmZmRpMjkrK0xLOVp1dTBwazd5NjlmN3lwOWVoUE9jZi9TdStkTHQ2N0EwL0x2TDVjV1BtMkhmNldMODFiV3YzUGwzTWVRd0MrOWQyM3BGd3VMZjNoMzZkcjFuYVgzUGdmUzRwY1hTY2UxNjREZGFZR1hQMzVoZWY3TzRxMkxpN2MvYTRmT2xmT1hWbjc1czhVLzNuQ2FyODEydFR0b0J4aWFkckNPZ0NQb0NEbkNqb2lqenhFbGJ6QnBtZ0dWdDlkcUVKUlNBQTN0ZGUrQmltbHVIQ3VDSVI0ak9sQ3pCVDBoUzFneHhnNWpTS25Ib0lVNVRUUWZ6VjdSdlNOTjFKVVVwU25qcUtUd2JiMC9Ta0s1ZFp6TCtrN2p6TWhjSG1vbTNaZFFjemxWOFpGdDdlQWErQ0ZxUzNUMTVWekVGL0FGR0IvenpXL25sSUlzTjdqM3BnOUxlbjVFTWJDRytkT3F4dXVUbVdlcWNyU216WGVPRTV3MmpkMHRadFVnd05TaW1WMWlNeGNheWhyU0RCNmJHQkVBVUg3WFNVYU9sVjlRaSs2ZGFldkZhRW85bWM5akxjSHBXTFRmY2VyNkxNeTY2ZGIrMU5kdTdjYWNNWm1DSWtaWGxRbWNVemR1OE9zQlcyN3o0U2xaNVl5WWpLZU1maDYwSVhQRm1LVElrb0s5R1ZuTlR2Zm5PWjY4TW96UmEzZi9aaXM3ZFRkWFN5bm5hWWszeEQxV2xWejhBWG5oNlc2dUtxVXh2Uzg1akg2TXJGSnBHaGNMZWVkUGtabVRHcElobXptcE5FVWRxR2FwUHRsME1TbytTTEUwVFQzeUNGWHRvL1lOVWowOXZjOVJVUG5YVUFkckdqNjlrTEV1VGcvUWh3aUgzbjZxOWZuKzFobE9vOVRVbkFGZ0hueVRYQUg2Qkd5TVdMZUJ3OFV4ZnFPQ1pTNUQ5UGM0YUxmWFhLWEpBTlpBUEtuM09kTHlTWXFDTmVLMXdOaDZYZTZiTXV1ZEF6OU1waWQwd2ZTMk1TVmZNQ0I2VEhjN1JHMFExbDdvODd4NVZkRG9DYTdScHllTXppRHpPc0R5Rm11N2V1REowZ2NmbG43enllcHJiNWR1dlBOMDZmUGZsYTY4QjRXNGFlQzNIR1VMVW14K2ptSm8rQ28vOUZOWlZWYTEySDRvNi91cERDa0pOWklseDZqOVI0Nk05QTJGKzZrcFZURzhzNWhjVjhTb2pDcnpnRlBKQldPTVlvQ0xya0xsU1BFUUlvTEdGZnVwV1ZFeXNOZThsWTVSaWpxcmNmbnlBSy9HOFZKQmoxRUJtSmhIVGViaTd5T2J5dk8ySFBjZFdMNTZvL1RLcGVXWDNsK2Rmd24yckY3b2ZMRXNwU01FclhQbDFqYmFSemJwaSt2YXI2OXJ2K2tnLzIvalB1VG83R29nZjlydlA5Z0F1LytWU3JqQmFXQ21YUE1XcGJIRGpMK0huTnZMd2FDb0N1N24vd1dtRU4reWdDSUFBQT09IiBDb3JyZWxhdGlvbkJpbmRpbmc9IiIgVXJsRW5jb2RlPSJUcnVlIiAvPg0KICAgICAgICA8Rm9ybVBvc3RQYXJhbWV0ZXIgTmFtZT0iX19WSUVXU1RBVEUiIFZhbHVlPSJ7eyRISURERU4xLl9fVklFV1NUQVRFfX0iIFJlY29yZGVkVmFsdWU9IiIgQ29ycmVsYXRpb25CaW5kaW5nPSIiIFVybEVuY29kZT0iVHJ1ZSIgLz4NCiAgICAgICAgPEZvcm1Qb3N0UGFyYW1ldGVyIE5hbWU9Il9fU0NST0xMUE9TSVRJT05YIiBWYWx1ZT0ie3skSElEREVOMS5fX1NDUk9MTFBPU0lUSU9OWH19IiBSZWNvcmRlZFZhbHVlPSIwIiBDb3JyZWxhdGlvbkJpbmRpbmc9IiIgVXJsRW5jb2RlPSJUcnVlIiAvPg0KICAgICAgICA8Rm9ybVBvc3RQYXJhbWV0ZXIgTmFtZT0iX19TQ1JPTExQT1NJVElPTlkiIFZhbHVlPSJ7eyRISURERU4xLl9fU0NST0xMUE9TSVRJT05ZfX0iIFJlY29yZGVkVmFsdWU9IjAiIENvcnJlbGF0aW9uQmluZGluZz0iIiBVcmxFbmNvZGU9IlRydWUiIC8+DQogICAgICAgIDxGb3JtUG9zdFBhcmFtZXRlciBOYW1lPSJfX1ZJRVdTVEFURUVOQ1JZUFRFRCIgVmFsdWU9Int7JEhJRERFTjEuX19WSUVXU1RBVEVFTkNSWVBURUR9fSIgUmVjb3JkZWRWYWx1ZT0iIiBDb3JyZWxhdGlvbkJpbmRpbmc9IiIgVXJsRW5jb2RlPSJUcnVlIiAvPg0KICAgICAgICA8Rm9ybVBvc3RQYXJhbWV0ZXIgTmFtZT0iX19FVkVOVFZBTElEQVRJT04iIFZhbHVlPSJ7eyRISURERU4xLl9fRVZFTlRWQUxJREFUSU9OfX0iIFJlY29yZGVkVmFsdWU9InBpbDg5cWgxRy81OUlzWEdoS2tXeTJ1dGNnVU1GQzMxSm84QkpGTTQ3dEx1RjBaZHh1aXpaeGNhN0ZhM09rTFFST3M5VnkrMWZGWW1SUDB4anBQYmRwYzdnVmJ3a25RRzJpZFozN2Zvc3RuNVJKQ1dBSWxFYXRFRFpxd1BFS2RjYmlpbm54b2J6TDdnUk1pZEU1UFo5YVVyTW5JNEJkQXd3SDJEVU1OaEZTT3pWOG1ZSllrSzV2UExvWlp6c21iZEFwMVZkeG1pOVZaa3kyR1U5bDRJUWNkN2RmWUNPKzhvazhlZ3Uxc0xFQm1NcDdkdW44WXZnMWVtZjIzaHlJeGt5dkUwQ3MveVBVKzFackh0dk4wTDNPQUN0RmR6Z21XT0RyZTlJQ0FCallEb0MyMXk0Zk4rZmdzNmcwU3RDWXVlRitmZXZUTFpFUW1zUDNjdXA1bzBWZGtQKyt4amNVZ1M2Y3Bwc25NUXZRdm41WXJFTURtajBFMVdxN2VHVXgvcVhyNFhHaFBaQTZsdGJqWVQxVzZwMlhpbHlmaTYzWk9vMm1EWU5nNStsL0x2UDczd1dYdEY4ZEl0MEVaSmNsdnB6Yzh6UHd1bUFWRnVhRkJweFVkSlpFY2VMMytRd2E2RTlyQndwZlNrdnp3TWNjTGdzb2xaNFVoZkx2Ulptb2o3WG9uYlhGQXhUWG1TVHVsUi93d0ViWkR1dmpMbHJmOC9HMW5hMEhrZ3ZFVGtPdWhiVTZBTDVKeG1wL05lVDc5Sk01QkpXRVR2WCtBdUJ1azdmVUhrUW95SXpWT1lkV0VGaHRUQm9PU2srWmtwVER3WWpycXplMG44Vzc3U251eXdFTWR0L3FPVFBqb0Y3ZkdiWXBsQyt4L3FSU2NGZm1pVlJoR042QUdvT3dNU0ZKc2NlQXY2QjRmZWN5QkkyM1FOZ0FJSzdXYW5wdVVSVVU3K3M3UFhOeHAzdnU1L1RmS3liVTRMT0dyekR2Smwyck5SVFJJWUNVSUp0a2JIUVdhdnZsQWlNSDdWTUxlbEJzN0R1RW40WERMUExWR1FGb3RuN3pKdlBBSC9RMGxFcHE5T2M5ZndWOG8vckdvVnJBLzZGMXpPdzdjMHo2a01qYmtPbXEzYmhNaHFaL2p2ZUhlckZDYmZ5aXRpSTlTblh0V3N6WHk5UDNjSnR6UFU4QUg4UkpQaTZ2YzVIOVBqVDhSMWdwZDA2MHdVdEZqemZBbHVEYWZCdVdUcnZtM0VFMDVpZkxPZW1XK1c3UjBtNnNUSm9sdmo0blA1NURBbUlPOFJmVnpLNkRNNEk0cENoZnVZVExxWEFjbFBEVkpmUi9ENGQvRmZtcXl2Um9VTzgxOG1NS3Q2bkw3aTF2T3NGV1BVOHFjaWdyc3FYUDVDRUR5WU5EYm5HNGNBaVhiREJMN2lzM3FKU3BLVlJudjVTN1VMRVR2cElJZ3JSWVFGd1Y4dExmeC9rbUNYdEZWR2pDNHZKMWpBTnlMM3FGTTJkdjlUenZXUDhkUWhPVHJzbmN4dzV4NWs5bWhKendBNjJucEE4amYyR2hBYkRmQ3hTWjhuaTdMeXFGZ0xZaFVYMkIrcTBiQzZ2M3NUTnFnZWVWTGg3Y1c3cFd4N2o5Yk5FV2tqM0ZZeFRQTCtlelVwN2l2SzE4dmdFZzNVNU9WNVZPLzllYkZGZEh4a0E5RVhkSnNJMTE2N0xXc2RmZ04wdlgwYm9EVkFHSmp0ZGpMNXVOMXR2RGs2c1lMVzM2aERVT3p6TVU5b2J5dkhDeEErVVhLeVE1YW1JcVBQaCtvUnMxdnBhTGlINVNrcnV6M25mVUs4MnZIYjROaElHSUE2d09wV1AvRjNlV3JVOVVaakNIVkg1WThsd0lSbDRXMUg0RkpoTGx3c1VxZXdHdmptaHRyendYUE14OWpYTlIzWnQzRG5MZVIrREZpcGg4V25zS2hLYW1DTnNSNUpYS0VKZlZnOUpOemJ3NWpCRTRZUWNwSXFWVkhZUWJ5ck9ZNzZldk9FU0Vld0ppdm1uaXJpWVRFcUQxQVNwTzdlQkJ2TzJFMFdjN3E0ZTJyWmFUbmFCeHB6SnVKdFYySW9xL1QwYnkxWEFmNlc3dDJrZTlsdG1pODV1NlZIb1hXcE85QlFOZ1ZSeE5QeGNUenNpVVZSc2l6Ykh3dDJsOU82OHhHSHpKTmp5dU55aWdoZkRqM3hvcUhQdnNEOVd0OVFwVkNTRDZYNlVNVldyc1Z2OUlqdkNhSVBZVlF0MU1UNXc0TkVMOS9JSTBLMnVNVjZOMWRrS0N5Y0ZzWWJJTHhkV1g5VytIZ1BKb0F6dVZMYTlUMHU5MG93b204NzN5UTVKWE45Ry9aeDI4OU1TU05Db2l2YUp4T2tBZHF6OE4rcEZwWEQyWlduZ1JBdmRzSjREYXpQbTAwZ094cEVidWdRZS9QbDUyU0h1dDlhcDhBYnFIeGVoc3JvaytoekdNUnp1d1hkM0E5YTh2WHNieHNHNHhGS1BXRkNmRk5nQzBEZHdPdHFYNTlWVXhmcWVoTVVMWTFieldrdEt4L2dLOWM2aDRVc1dJb1J5ZkpBRVEyblM0Qm5pSTJ6YWxzVG11WFYvTUdyNEk2V0dRTjFaUWlpNjJLUnNQemdzUnJvTGRXMlR2ZmlTSTMwM3hJSEl5ZG1ORXYwVzg0VElwSG16Sm54RHR1bWsvZmpHRzBENE5FMUl5Q1lSVXdER3hmUGxUbDI4cSs1N2tuNlZJOUdmcHliOHE1WURyejRXOGhrWVVKUXV6TlRLcEFDakNZUWFnbmJBTWl1VXZVRVFtaFh2L1BsejVCQkczbjM5QXQwaEpCRExxSEJlNG1FV2NsTWtOOTE0YXhIWGRyN0p3WHQrcHY2bjdZbXRwZW5EakZ6dDY5d2RlY29BVmhqdzZ1dTFBelJlcVFYWGR6VjJpMXpRaWVSUnNDREFVaERYK2V3WEp5ZzBwVGVuTEl0TDljMmlEK2s2dUZ2MUdPTkNZUmhjYlBOVXdyRHFxMTNEM1NBenpDcCtTNXBJaUs1R09CUDNveXFOUDNpRE5UYk10cmV2YVd3OTNONkdTalprOFErQittaVpVbUJPczdGakorRG50MU1DK2ZvVFIxbDRFR2VTWTJFWGozUFFNTzZxelNSYm5iUmdGSVh2R2Fyd082NTZGL3Q4YWVNeDBSMGZzWXhiN2R4czZGS0h1WFo1aWZjMi9LQk9NeU54TzhDcTRldDdxcllka0k5QzdRbWlxQnQ0bzBuZUE5TXVWRUszUVFFcTVpWFk1TDExYnhzbWhBOVpjMGNTMC9oY2N5VitkS3JUR1hxYUlGRUV6dzRZQVFCc29XczR3Vk9wOTcwWFR5VnRuTmQyZlNsQTNpNmRXUTBqcmJENWU1Q3kwSzRCVzZsbnlxS0dJUnFGR2hqOTBlamZZNzZETytZRmxWQnBhR3UzZ3ExazR0bG9BT3A0bVBtWUcwN0YwNFh3N2NyNUlMQU9UcmthcGdUdldUdm41MnJHWEEwZzZpU1A2Z2VMTjJUYXZYVVl0Z1YwbEpvclJRRnBQRmJMeUkvRWxta3JjQVFOcUcyNW5sUzM2MFM5SWRMQjJPaEdkS1E1WVMvY1VwcmttMjZrU2RNeHJ3L09lbGRPeUhHQWRBMTZDdmpaTDJHMGxTN2kzdFpXakpQL2xRYTlVZXZKU1NGL2pId0pUczJJMy9zblRFSEhkWmd5ZHJhMHB2SzBXYmpxQU1yaGt0b3RwbEN3ODQrTnI1TXNOUTFMb2dtK2lqV2s1dS9WcEtiOFpKMjVodXVYWS92VmxaZlI2OC80NUNtK1Zma25aMUZOZGNGUWpIWWFZTmw0c0ZDb1dndTArUlM0NDBZUHZPVTc4Y3p4dU5xRVM0d0xncVEycmE2QmRwVyt1MEVoNlVRVld4M0xMTkRtZDREM0diNVVIeWY1Nzd4TmYvVktWbWJnZGpBM01tc3NIVmtvbk1ocmlyd2NybGozdzRPeWNUekE1enl1Nkg5MUpYSjVVZGNCZ1l5VFFnbXR0dTc3Y3phTVp6QjNrT0pvWk4yTndCZXlZZHJRSURCaVJ2RFFvUTFvQm1IbG4zS09NOVFFQVZVakZwQzNuTmFZc1kzWkp5eWVlZS9PNDF0NzVqOFBabmdZRmxTaXpHbGZJc1ZEVWZpdXBtc20zNmp5b3ZhWTNWOGxlWmp5bDJMZ2Nsb3lWQlI4OVBYamtEMnBtektTbWxzZERxVjl0ZG1DSDdoWUJtQTJ1M2tHV1c5UDhCQXppM0RPRzlKUXJMMkN1Y0Q1OEUwTG14MGZuL1R5cjZvUXFZZHJkaHk1aTd5Y2RuSHFzZnF1TERsZnlNa1N5dVBwWEdMMVNRd2wwS2tJYWtDZEkzSVM4b0dmNTZjTFdXZG1BTitUUDEybTBxTmFOa3h5TmIyb1ZlZlRVb2ticVM0VHhycll5UzBFeU1lZWNYNVl6M1V4bzZ0M2ZWZ29tdVlvNUxYOTlHcnE5Y1F5eThwL1RjcXgycURKdjF0RlJqeDZwL1g2Zkl4eEZ5Q1RMa1YrUHQ1U0NFd01ka1lId3NlSldmYWQ0Y1dWMVMvTFVLTzFOZlY0Ti9aZjUraFUzcE0xUVBoc3BiV2FkSWNRYWlOOVRzSFFtTCtIMmpQTU8xUVptcnNOUDZZS0xYeFlMcCtTZ0dzWE1JdUF2SmxUNXg0cENUR29nSmlGdXZnTkFIMktKRTBOOCtIRDZ2MjBndk9nZzRsRzRUQ0NHUmhPb1R0VEhqT2dvSVQ0QUl0UTRNMVpaWVY5TG9jbkxrWXFnZ3VKTE00VExrRnJ4K0cyUmVIRFBuZUt6RnRtSXRkTzlVT3Y5dzlSNTRRYmJNMFBxR1JTQnJ5LzNQZ0huTGppTVM5b2hBWWJ5enJKV2M5L2lLSXRNT093ZXZYUU1LZzNwL05SSExCaFdyekJhZmd5NmhoUi9ITjlaZ0JmMGNrOWp3azlaOEl6NllWVjh0SCtzUW1aR0pWbVpRdC82QUY2cnlTOFp6NkdBc2dnOHFidURpdFFMeDN4UmxwRnlJR1NuVXFOTkYzTmRGSXJFeXNCQ3RDWjZNSWxJYUJvWHhJRm1HaEE2ckU3U3ZVSklqUThGTjlqSTB3aURNLzdpSEJlZm9CcDVlNm1iTVNZS3ArK3BMT0FhclE0Ri9VejlJYWMrYUhxcEVIcUpCSllvc0lMcFMwclZaK1dsTThtclJYOEhpNGRpNnRJcTBoSVdyMElVWW04eCt1UWJCTTBIaEZNS25vVFlRb2hGSXpKMjc3UkpsMFVSTzNsV3FCMHdVbUdFdFplcDBhOHg4RUZYdGgzK21jSTNWSnl1eVB3SVluRzBFcEFsMnBQTy9ucnB5aFFFWTJLbjJmaHRhY05JTmN3T2syT2o5SCtDclVNRWI3bXJYQzlraURzMmdtb0JhSlNCc3loNmhnY1B6cU9yejN1azVFWG04UzRPb2x0UmVGaDNUYnB3UWNvcXZGakRWOWFqc0ZuR0YycTFodUJ2UW5tMEw3aGlGM09mQmNzRW0wQlgrd3BUN2xNWHFNd0FpUytmN0Rwc3M0NmFVMTdLMUVFdEdiMWE2TEZOTGRQOVN5Rkt6SGxGODlDTEorNEJpS1hwMXdNWVlsbWY4SVNBamRjM0JsZEZtUjdUdWJwamsrTGEybGVEaDJxSTZFQ2RXQXBoTlR4OFlqdllZeS9salYvSDlTaUNEZkZWZXE4NjYrZFlRWE4zSUxjQmR6S3d2SDZMSEJEOFRRWEZ5cmkyWDdJWUhqVFE2d3lSR0ZLWFk3NHI5WlJjajFkaFJleE40RERmakEydmpVTGUzS3hzV2J0U1pGWEtXbDUyUmRpZ29rKzFFM3VYYU1CVmNnV0pEWFQrQkF1bGxCSHBFdDZQcGNQRlhrQTg2MG02ZUdHQ2pSSzVpK2RBbUpQdjQ2QkI1V3FSRlRXMkpkVnErWXRNRjkweDlNS29Fd2Rqanp2ZFhCZHFMN09TRFVFWHZFT0FaR2FseDJoZHYwWGF6N09lRXlSS1VRWjd3ZnhoQkIrdVBsVHBYUjNtN2FoMmdGUEpuNE1XUzFwVk5pb2QyWHRNajJZbHAwdEZOWXhwdCtWU3ovWjJROFh6MjFlNVNxV0dFVHhSU3p2MFA1cXYxblY3d3B5bzI2WjhmVnFleU40cENDOVpTU09BMU9Lemx2VFVGR2pVV1JpWDdBQS9mMEljeDEyMHZ4blQ2V0NHME1NTmZSN0dxNVpIUlRmcnNwaE5yN00ySWlrOW9DMXNuNFA1YXA5bDI3MlFFUGVMNXhPcmFIUFA3eG1UaWJTSDlDYklNa0MvYnRSNmJPbFFvWlgzNXRoOCs4RmhhdlBST0lwK2dvY1J3M2d4ZkpIeFlyYzJlZUdIVlFzS204REQrUVVNQUk1K0JmbzltRkMzVEtlUE5vMURmMUxEdE5rTStDaElnUHM1UVJJMldkaXFaWTBvc21lbHhKc0pNRGFRL0IrN3hTQU1hUE9aOE8ra0RIWkpqb285VUxSNVFLMVhRcTQvMXBsVStlZ2pIdFV3R3RXL0tBQ1dDbzdGbUtTU2lFb2VRd1d3SXdlaEw4WGxyNk9xNzRTQ0kvQnZQWmRRcjNrNTVoMWhkdlBVdzhTUGVQNU5NZktaNGgrOHRCYmZ3cFZQNmoxRkZVZ1Z1czFRVFpZeU43S1Y1TlhsSk5rbzl4dDFzYUMrWVNhYTFyMk51RThMS2oyUzFEcEZuTHVtakh3Q1Y4RGMyVDYzdmpYNk5vbEQvOWpjMVkrSkkrVHZaWWF0TGZRRmFwbEZEN3BWWEhFcFlrZ21JN2hvRHFsYUI1VTJqOUlpQ1JqQmpnTmNqYzRZRE9GTDQ4T0tKTzhVZU42TVJmaThVeWRFbXFsNFk0NGZoTk1FZ0VhT3RWanNSZnpQQVpsc2ZsNUpsSjlJRHhyc2dCUloyWVZOOEFYcFdMOXg4L01reldIOGRZYi95elB4SlRJQzZORWtlMW9URXJMS1M4UVVQWEZ6VGM2U0xvTWY5VTB1MGVhZFVWL296U01VWkVqYUQzbEVWaU93MmxWK1RJUWNpazBIWE11aTdLNXVFPSIgQ29ycmVsYXRpb25CaW5kaW5nPSIiIFVybEVuY29kZT0iVHJ1ZSIgLz4NCiAgICAgICAgPEZvcm1Qb3N0UGFyYW1ldGVyIE5hbWU9Ik9URW1wSUQiIFZhbHVlPSJyYnRTaW5nbGVFbXBJRCIgUmVjb3JkZWRWYWx1ZT0icmJ0U2luZ2xlRW1wSUQiIENvcnJlbGF0aW9uQmluZGluZz0ie3tGb3JtUG9zdFBhcmFtNjIuT1RFbXBJRH19IiBVcmxFbmNvZGU9IlRydWUiIC8+DQogICAgICAgIDxGb3JtUG9zdFBhcmFtZXRlciBOYW1lPSJ0eHRPVEVtcElEIiBWYWx1ZT0iMTAyMTE5IiBSZWNvcmRlZFZhbHVlPSIxMDIxMTkiIENvcnJlbGF0aW9uQmluZGluZz0ie3tGb3JtUG9zdFBhcmFtNjMudHh0T1RFbXBJRH19IiBVcmxFbmNvZGU9IlRydWUiIC8+DQogICAgICAgIDxGb3JtUG9zdFBhcmFtZXRlciBOYW1lPSJ0eHRPVEVtcE5hbWUiIFZhbHVlPSLlu5ZP576pIiBSZWNvcmRlZFZhbHVlPSLlu5ZP576pIiBDb3JyZWxhdGlvbkJpbmRpbmc9Int7Rm9ybVBvc3RQYXJhbTY0LnR4dE9URW1wTmFtZX19IiBVcmxFbmNvZGU9IlRydWUiIC8+DQogICAgICAgIDxGb3JtUG9zdFBhcmFtZXRlciBOYW1lPSJ1Y0RhdGVTdGFydCR0eHREYXRlIiBWYWx1ZT0iMjAxNy8wNS8xNiIgUmVjb3JkZWRWYWx1ZT0iMjAxNy8wNS8xNiIgQ29ycmVsYXRpb25CaW5kaW5nPSJ7e0Zvcm1Qb3N0UGFyYW02NS51Y0RhdGVTdGFydCR0eHREYXRlfX0iIFVybEVuY29kZT0iVHJ1ZSIgLz4NCiAgICAgICAgPEZvcm1Qb3N0UGFyYW1ldGVyIE5hbWU9InVjRGF0ZUVuZCR0eHREYXRlIiBWYWx1ZT0iMjAxNy8wNS8xNiIgUmVjb3JkZWRWYWx1ZT0iMjAxNy8wNS8xNiIgQ29ycmVsYXRpb25CaW5kaW5nPSJ7e0Zvcm1Qb3N0UGFyYW02Ni51Y0RhdGVFbmQkdHh0RGF0ZX19IiBVcmxFbmNvZGU9IlRydWUiIC8+DQogICAgICAgIDxGb3JtUG9zdFBhcmFtZXRlciBOYW1lPSJPVFRpbWVTdGFydCRkZGxISCIgVmFsdWU9IjAwIiBSZWNvcmRlZFZhbHVlPSIwMCIgQ29ycmVsYXRpb25CaW5kaW5nPSJ7e0Zvcm1Qb3N0UGFyYW02OS5PVFRpbWVTdGFydCRkZGxISH19IiBVcmxFbmNvZGU9IlRydWUiIC8+DQogICAgICAgIDxGb3JtUG9zdFBhcmFtZXRlciBOYW1lPSJPVFRpbWVTdGFydCRkZGxNTSIgVmFsdWU9IjAwIiBSZWNvcmRlZFZhbHVlPSIwMCIgQ29ycmVsYXRpb25CaW5kaW5nPSJ7e0Zvcm1Qb3N0UGFyYW03MC5PVFRpbWVTdGFydCRkZGxNTX19IiBVcmxFbmNvZGU9IlRydWUiIC8+DQogICAgICAgIDxGb3JtUG9zdFBhcmFtZXRlciBOYW1lPSJPVFRpbWVFbmQkZGRsSEgiIFZhbHVlPSIwMSIgUmVjb3JkZWRWYWx1ZT0iMDEiIENvcnJlbGF0aW9uQmluZGluZz0ie3tGb3JtUG9zdFBhcmFtNzEuT1RUaW1lRW5kJGRkbEhIfX0iIFVybEVuY29kZT0iVHJ1ZSIgLz4NCiAgICAgICAgPEZvcm1Qb3N0UGFyYW1ldGVyIE5hbWU9Ik9UVGltZUVuZCRkZGxNTSIgVmFsdWU9IjAwIiBSZWNvcmRlZFZhbHVlPSIwMCIgQ29ycmVsYXRpb25CaW5kaW5nPSJ7e0Zvcm1Qb3N0UGFyYW03Mi5PVFRpbWVFbmQkZGRsTU19fSIgVXJsRW5jb2RlPSJUcnVlIiAvPg0KICAgICAgICA8Rm9ybVBvc3RQYXJhbWV0ZXIgTmFtZT0iY2hrTWVhbEZsYWciIFZhbHVlPSJvbiIgUmVjb3JkZWRWYWx1ZT0ib24iIENvcnJlbGF0aW9uQmluZGluZz0iIiBVcmxFbmNvZGU9IlRydWUiIC8+DQogICAgICAgIDxGb3JtUG9zdFBhcmFtZXRlciBOYW1lPSJ0eHRNZWFsVGltZSIgVmFsdWU9IjAiIFJlY29yZGVkVmFsdWU9IjAiIENvcnJlbGF0aW9uQmluZGluZz0ie3tGb3JtUG9zdFBhcmFtNjcudHh0TWVhbFRpbWV9fSIgVXJsRW5jb2RlPSJUcnVlIiAvPg0KICAgICAgICA8Rm9ybVBvc3RQYXJhbWV0ZXIgTmFtZT0iZGRsT1RUeXBlSUQiIFZhbHVlPSIwIiBSZWNvcmRlZFZhbHVlPSIwIiBDb3JyZWxhdGlvbkJpbmRpbmc9Int7Rm9ybVBvc3RQYXJhbTczLmRkbE9UVHlwZUlEfX0iIFVybEVuY29kZT0iVHJ1ZSIgLz4NCiAgICAgICAgPEZvcm1Qb3N0UGFyYW1ldGVyIE5hbWU9InR4dE9UUmVhc29uTWVtbyR0eHREYXRhIiBWYWx1ZT0iIiBSZWNvcmRlZFZhbHVlPSIiIENvcnJlbGF0aW9uQmluZGluZz0iIiBVcmxFbmNvZGU9IlRydWUiIC8+DQogICAgICAgIDxGb3JtUG9zdFBhcmFtZXRlciBOYW1lPSJkZGxPcmciIFZhbHVlPSIxIiBSZWNvcmRlZFZhbHVlPSIxIiBDb3JyZWxhdGlvbkJpbmRpbmc9Int7Rm9ybVBvc3RQYXJhbTc0LmRkbE9yZ319IiBVcmxFbmNvZGU9IlRydWUiIC8+DQogICAgICAgIDxGb3JtUG9zdFBhcmFtZXRlciBOYW1lPSJ1Y0Nhc2NhZGluZ0Ryb3BEb3duMSRkZGwwMiIgVmFsdWU9IjAwMEcwMCIgUmVjb3JkZWRWYWx1ZT0iMDAwRzAwIiBDb3JyZWxhdGlvbkJpbmRpbmc9Int7Rm9ybVBvc3RQYXJhbTc1LnVjQ2FzY2FkaW5nRHJvcERvd24xJGRkbDAyfX0iIFVybEVuY29kZT0iVHJ1ZSIgLz4NCiAgICAgICAgPEZvcm1Qb3N0UGFyYW1ldGVyIE5hbWU9InVjQ2FzY2FkaW5nRHJvcERvd24xJGRkbDAzIiBWYWx1ZT0iMDAwRzkwIiBSZWNvcmRlZFZhbHVlPSIwMDBHOTAiIENvcnJlbGF0aW9uQmluZGluZz0ie3tGb3JtUG9zdFBhcmFtNzYudWNDYXNjYWRpbmdEcm9wRG93bjEkZGRsMDN9fSIgVXJsRW5jb2RlPSJUcnVlIiAvPg0KICAgICAgICA8Rm9ybVBvc3RQYXJhbWV0ZXIgTmFtZT0idWNDYXNjYWRpbmdEcm9wRG93bjEkZGRsMDQiIFZhbHVlPSIiIFJlY29yZGVkVmFsdWU9IiIgQ29ycmVsYXRpb25CaW5kaW5nPSIiIFVybEVuY29kZT0iVHJ1ZSIgLz4NCiAgICAgICAgPEZvcm1Qb3N0UGFyYW1ldGVyIE5hbWU9InVjQ2FzY2FkaW5nRHJvcERvd24xJENhc2NhZGluZ0Ryb3BEb3duMV9DbGllbnRTdGF0ZSIgVmFsdWU9IlNQSEJLMTo6OuawuOixkOmKgOihjDo6OiIgUmVjb3JkZWRWYWx1ZT0iU1BIQksxOjo65rC46LGQ6YqA6KGMOjo6IiBDb3JyZWxhdGlvbkJpbmRpbmc9IiIgVXJsRW5jb2RlPSJUcnVlIiAvPg0KICAgICAgICA8Rm9ybVBvc3RQYXJhbWV0ZXIgTmFtZT0idWNDYXNjYWRpbmdEcm9wRG93bjEkQ2FzY2FkaW5nRHJvcERvd24yX0NsaWVudFN0YXRlIiBWYWx1ZT0iMDAwRzAwOjo65Lq65Yqb6LOH5rqQ6JmVOjo6IiBSZWNvcmRlZFZhbHVlPSIwMDBHMDA6Ojrkurrlipvos4fmupDomZU6OjoiIENvcnJlbGF0aW9uQmluZGluZz0iIiBVcmxFbmNvZGU9IlRydWUiIC8+DQogICAgICAgIDxGb3JtUG9zdFBhcmFtZXRlciBOYW1lPSJ1Y0Nhc2NhZGluZ0Ryb3BEb3duMSRDYXNjYWRpbmdEcm9wRG93bjNfQ2xpZW50U3RhdGUiIFZhbHVlPSIwMDBHOTA6Ojrkurros4fmlbjmk5rmh4nnlKjnp5E6OjoiIFJlY29yZGVkVmFsdWU9IjAwMEc5MDo6OuS6uuizh+aVuOaTmuaHieeUqOenkTo6OiIgQ29ycmVsYXRpb25CaW5kaW5nPSIiIFVybEVuY29kZT0iVHJ1ZSIgLz4NCiAgICAgICAgPEZvcm1Qb3N0UGFyYW1ldGVyIE5hbWU9InVjQ2FzY2FkaW5nRHJvcERvd24xJENhc2NhZGluZ0Ryb3BEb3duNF9DbGllbnRTdGF0ZSIgVmFsdWU9Int7JEhJRERFTjEudWNDYXNjYWRpbmdEcm9wRG93bjEkQ2FzY2FkaW5nRHJvcERvd240X0NsaWVudFN0YXRlfX0iIFJlY29yZGVkVmFsdWU9Ijo6Ojo6OiIgQ29ycmVsYXRpb25CaW5kaW5nPSIiIFVybEVuY29kZT0iVHJ1ZSIgLz4NCiAgICAgICAgPEZvcm1Qb3N0UGFyYW1ldGVyIE5hbWU9InVjQ2FzY2FkaW5nRHJvcERvd24xJENhc2NhZGluZ0Ryb3BEb3duNV9DbGllbnRTdGF0ZSIgVmFsdWU9Int7JEhJRERFTjEudWNDYXNjYWRpbmdEcm9wRG93bjEkQ2FzY2FkaW5nRHJvcERvd241X0NsaWVudFN0YXRlfX0iIFJlY29yZGVkVmFsdWU9IiIgQ29ycmVsYXRpb25CaW5kaW5nPSIiIFVybEVuY29kZT0iVHJ1ZSIgLz4NCiAgICAgICAgPEZvcm1Qb3N0UGFyYW1ldGVyIE5hbWU9InVjQ2FzY2FkaW5nRHJvcERvd24yJENhc2NhZGluZ0Ryb3BEb3duMV9DbGllbnRTdGF0ZSIgVmFsdWU9Int7JEhJRERFTjEudWNDYXNjYWRpbmdEcm9wRG93bjIkQ2FzY2FkaW5nRHJvcERvd24xX0NsaWVudFN0YXRlfX0iIFJlY29yZGVkVmFsdWU9Ijo6Ojo6OiIgQ29ycmVsYXRpb25CaW5kaW5nPSIiIFVybEVuY29kZT0iVHJ1ZSIgLz4NCiAgICAgICAgPEZvcm1Qb3N0UGFyYW1ldGVyIE5hbWU9InVjQ2FzY2FkaW5nRHJvcERvd24yJENhc2NhZGluZ0Ryb3BEb3duMl9DbGllbnRTdGF0ZSIgVmFsdWU9Int7JEhJRERFTjEudWNDYXNjYWRpbmdEcm9wRG93bjIkQ2FzY2FkaW5nRHJvcERvd24yX0NsaWVudFN0YXRlfX0iIFJlY29yZGVkVmFsdWU9Ijo6Ojo6OiIgQ29ycmVsYXRpb25CaW5kaW5nPSIiIFVybEVuY29kZT0iVHJ1ZSIgLz4NCiAgICAgICAgPEZvcm1Qb3N0UGFyYW1ldGVyIE5hbWU9InVjQ2FzY2FkaW5nRHJvcERvd24yJENhc2NhZGluZ0Ryb3BEb3duM19DbGllbnRTdGF0ZSIgVmFsdWU9Int7JEhJRERFTjEudWNDYXNjYWRpbmdEcm9wRG93bjIkQ2FzY2FkaW5nRHJvcERvd24zX0NsaWVudFN0YXRlfX0iIFJlY29yZGVkVmFsdWU9Ijo6Ojo6OiIgQ29ycmVsYXRpb25CaW5kaW5nPSIiIFVybEVuY29kZT0iVHJ1ZSIgLz4NCiAgICAgICAgPEZvcm1Qb3N0UGFyYW1ldGVyIE5hbWU9InVjQ2FzY2FkaW5nRHJvcERvd24yJENhc2NhZGluZ0Ryb3BEb3duNF9DbGllbnRTdGF0ZSIgVmFsdWU9Int7JEhJRERFTjEudWNDYXNjYWRpbmdEcm9wRG93bjIkQ2FzY2FkaW5nRHJvcERvd240X0NsaWVudFN0YXRlfX0iIFJlY29yZGVkVmFsdWU9IiIgQ29ycmVsYXRpb25CaW5kaW5nPSIiIFVybEVuY29kZT0iVHJ1ZSIgLz4NCiAgICAgICAgPEZvcm1Qb3N0UGFyYW1ldGVyIE5hbWU9InVjQ2FzY2FkaW5nRHJvcERvd24yJENhc2NhZGluZ0Ryb3BEb3duNV9DbGllbnRTdGF0ZSIgVmFsdWU9Int7JEhJRERFTjEudWNDYXNjYWRpbmdEcm9wRG93bjIkQ2FzY2FkaW5nRHJvcERvd241X0NsaWVudFN0YXRlfX0iIFJlY29yZGVkVmFsdWU9IiIgQ29ycmVsYXRpb25CaW5kaW5nPSIiIFVybEVuY29kZT0iVHJ1ZSIgLz4NCiAgICAgICAgPEZvcm1Qb3N0UGFyYW1ldGVyIE5hbWU9ImZyYW1lQXR0YWNoIiBWYWx1ZT0iL1V0aWwvQXR0YWNoQWRtaW4uYXNweD9BdHRhY2hEQj1BYXR0ZW5kYW50REJfSVRSRCZhbXA7QXR0YWNoSUQ9dGVzdDEwMjExOWQ3OTJkZGM4LTFmMGMtNGJlNi1iYTA2LTFiZDUyODBjYjI5YSZhbXA7QXR0YWNoRmlsZU1heFF0eT0xJmFtcDtBdHRhY2hGaWxlTWF4S0I9MzA3MiZhbXA7QXR0YWNoRmlsZVRvdEtCPTMwNzImYW1wO0F0dGFjaEZpbGVFeHRMaXN0PSIgUmVjb3JkZWRWYWx1ZT0iL1V0aWwvQXR0YWNoQWRtaW4uYXNweD9BdHRhY2hEQj1BYXR0ZW5kYW50REJfSVRSRCZhbXA7QXR0YWNoSUQ9dGVzdDEwMjExOWQ3OTJkZGM4LTFmMGMtNGJlNi1iYTA2LTFiZDUyODBjYjI5YSZhbXA7QXR0YWNoRmlsZU1heFF0eT0xJmFtcDtBdHRhY2hGaWxlTWF4S0I9MzA3MiZhbXA7QXR0YWNoRmlsZVRvdEtCPTMwNzImYW1wO0F0dGFjaEZpbGVFeHRMaXN0PSIgQ29ycmVsYXRpb25CaW5kaW5nPSIiIFVybEVuY29kZT0iVHJ1ZSIgLz4NCiAgICAgICAgPEZvcm1Qb3N0UGFyYW1ldGVyIE5hbWU9InVjTW9kYWxQb3B1cDEkQ2xpZW50V2lkdGgiIFZhbHVlPSJ7eyRISURERU4xLnVjTW9kYWxQb3B1cDEkQ2xpZW50V2lkdGh9fSIgUmVjb3JkZWRWYWx1ZT0iMCIgQ29ycmVsYXRpb25CaW5kaW5nPSIiIFVybEVuY29kZT0iVHJ1ZSIgLz4NCiAgICAgICAgPEZvcm1Qb3N0UGFyYW1ldGVyIE5hbWU9InVjTW9kYWxQb3B1cDEkQ2xpZW50SGVpZ2h0IiBWYWx1ZT0ie3skSElEREVOMS51Y01vZGFsUG9wdXAxJENsaWVudEhlaWdodH19IiBSZWNvcmRlZFZhbHVlPSIwIiBDb3JyZWxhdGlvbkJpbmRpbmc9IiIgVXJsRW5jb2RlPSJUcnVlIiAvPg0KICAgICAgICA8Rm9ybVBvc3RQYXJhbWV0ZXIgTmFtZT0iaGlkZGVuSW5wdXRUb1VwZGF0ZUFUQnVmZmVyX0NvbW1vblRvb2xraXRTY3JpcHRzIiBWYWx1ZT0iMCIgUmVjb3JkZWRWYWx1ZT0iMCIgQ29ycmVsYXRpb25CaW5kaW5nPSJ7e0Zvcm1Qb3N0UGFyYW03Ny5oaWRkZW5JbnB1dFRvVXBkYXRlQVRCdWZmZXJfQ29tbW9uVG9vbGtpdFNjcmlwdHN9fSIgVXJsRW5jb2RlPSJUcnVlIiAvPg0KICAgICAgPC9Gb3JtUG9zdEh0dHBCb2R5Pg0KICAgIDwvUmVxdWVzdD4NCiAgICA8UmVxdWVzdCBNZXRob2Q9IlBPU1QiIEd1aWQ9IjNiYzY3N2ExLTU2MjktNDA2My04NDZjLWIxYTVkNWFkYjVlNCIgVmVyc2lvbj0iMS4xIiBVcmw9Imh0dHA6Ly8xMC4xMS4zNi4xMTQ6ODAwNy9VdGlsL1djZkNhc2NhZGluZ0hlbHBlci5zdmMvVXRpbF9HZXRVc2VyIiBUaGlua1RpbWU9IjAiIFRpbWVvdXQ9IjMwMCIgUGFyc2VEZXBlbmRlbnRSZXF1ZXN0cz0iVHJ1ZSIgRm9sbG93UmVkaXJlY3RzPSJUcnVlIiBSZWNvcmRSZXN1bHQ9IlRydWUiIENhY2hlPSJGYWxzZSIgUmVzcG9uc2VUaW1lR29hbD0iMCIgRW5jb2Rpbmc9InV0Zi04IiBFeHBlY3RlZEh0dHBTdGF0dXNDb2RlPSIwIiBFeHBlY3RlZFJlc3BvbnNlVXJsPSIiIFJlcG9ydGluZ05hbWU9IiIgSWdub3JlSHR0cFN0YXR1c0NvZGU9IkZhbHNlIj4NCiAgICAgIDxTdHJpbmdIdHRwQm9keSBDb250ZW50VHlwZT0iYXBwbGljYXRpb24vanNvbjsgY2hhcnNldD11dGYtOCIgSW5zZXJ0Qnl0ZU9yZGVyTWFyaz0iRmFsc2UiPmV3QWlBR3NBYmdCdkFIY0FiZ0JEQUdFQWRBQmxBR2NBYndCeUFIa0FWZ0JoQUd3QWRRQmxBSE1BSWdBNkFDSUFJZ0FzQUNJQVl3QmhBSFFBWlFCbkFHOEFjZ0I1QUNJQU9nQWlBRU1BYndCdEFIQUFTUUJFQUNJQUxBQWlBR01BYndCdUFIUUFaUUI0QUhRQVN3QmxBSGtBSWdBNkFDSUFTUUJ6QUZJQVpRQmhBR1FBVHdCdUFHd0FlUUE2QUZrQU93QlRBR1VBYkFCbEFHTUFkQUJsQUdRQVZnQmhBR3dBZFFCbEFEb0FVd0JRQUVnQVFnQkxBREVBT3dCSkFITUFRd0JvQUdzQVZnQmhBR3dBYVFCa0FEb0FXUUE3QUZZQVlRQnNBR2tBWkFCTEFHVUFlUUJNQUdrQWN3QjBBRG9BT3dBaUFIMEE8L1N0cmluZ0h0dHBCb2R5Pg0KICAgIDwvUmVxdWVzdD4NCiAgICA8UmVxdWVzdCBNZXRob2Q9IlBPU1QiIEd1aWQ9IjdjOTZmNDcxLWZjMjctNGE3MC04ZjA0LWM5NmM2MDU2NWRlZCIgVmVyc2lvbj0iMS4xIiBVcmw9Imh0dHA6Ly8xMC4xMS4zNi4xMTQ6ODAwNy9VdGlsL1djZkNhc2NhZGluZ0hlbHBlci5zdmMvVXRpbF9HZXRVc2VyIiBUaGlua1RpbWU9IjAiIFRpbWVvdXQ9IjMwMCIgUGFyc2VEZXBlbmRlbnRSZXF1ZXN0cz0iVHJ1ZSIgRm9sbG93UmVkaXJlY3RzPSJUcnVlIiBSZWNvcmRSZXN1bHQ9IlRydWUiIENhY2hlPSJGYWxzZSIgUmVzcG9uc2VUaW1lR29hbD0iMCIgRW5jb2Rpbmc9InV0Zi04IiBFeHBlY3RlZEh0dHBTdGF0dXNDb2RlPSIwIiBFeHBlY3RlZFJlc3BvbnNlVXJsPSIiIFJlcG9ydGluZ05hbWU9IiIgSWdub3JlSHR0cFN0YXR1c0NvZGU9IkZhbHNlIj4NCiAgICAgIDxTdHJpbmdIdHRwQm9keSBDb250ZW50VHlwZT0iYXBwbGljYXRpb24vanNvbjsgY2hhcnNldD11dGYtOCIgSW5zZXJ0Qnl0ZU9yZGVyTWFyaz0iRmFsc2UiPmV3QWlBR3NBYmdCdkFIY0FiZ0JEQUdFQWRBQmxBR2NBYndCeUFIa0FWZ0JoQUd3QWRRQmxBSE1BSWdBNkFDSUFRd0J2QUcwQWNBQkpBRVFBT2dCVEFGQUFTQUJDQUVzQU1RQTdBQ0lBTEFBaUFHTUFZUUIwQUdVQVp3QnZBSElBZVFBaUFEb0FJZ0JFQUdVQWNBQjBBRWtBUkFBaUFDd0FJZ0JqQUc4QWJnQjBBR1VBZUFCMEFFc0FaUUI1QUNJQU9nQWlBRWtBY3dCU0FHVUFZUUJrQUU4QWJnQnNBSGtBT2dCT0FEc0FVd0JsQUd3QVpRQmpBSFFBWlFCa0FGWUFZUUJzQUhVQVpRQTZBREFBTUFBd0FFY0FNQUF3QURzQVNRQnpBRU1BYUFCckFGWUFZUUJzQUdrQVpBQTZBRmtBT3dCV0FHRUFiQUJwQUdRQVN3QmxBSGtBVEFCcEFITUFkQUE2QURzQUlnQjlBQT09PC9TdHJpbmdIdHRwQm9keT4NCiAgICA8L1JlcXVlc3Q+DQogICAgPFJlcXVlc3QgTWV0aG9kPSJQT1NUIiBHdWlkPSI2MDZmYWJiZC1mN2RmLTQ4MWYtOGQxYy03MzBhODExMjllNzciIFZlcnNpb249IjEuMSIgVXJsPSJodHRwOi8vMTAuMTEuMzYuMTE0OjgwMDcvVXRpbC9XY2ZDYXNjYWRpbmdIZWxwZXIuc3ZjL1V0aWxfR2V0VXNlciIgVGhpbmtUaW1lPSIwIiBUaW1lb3V0PSIzMDAiIFBhcnNlRGVwZW5kZW50UmVxdWVzdHM9IlRydWUiIEZvbGxvd1JlZGlyZWN0cz0iVHJ1ZSIgUmVjb3JkUmVzdWx0PSJUcnVlIiBDYWNoZT0iRmFsc2UiIFJlc3BvbnNlVGltZUdvYWw9IjAiIEVuY29kaW5nPSJ1dGYtOCIgRXhwZWN0ZWRIdHRwU3RhdHVzQ29kZT0iMCIgRXhwZWN0ZWRSZXNwb25zZVVybD0iIiBSZXBvcnRpbmdOYW1lPSIiIElnbm9yZUh0dHBTdGF0dXNDb2RlPSJGYWxzZSI+DQogICAgICA8U3RyaW5nSHR0cEJvZHkgQ29udGVudFR5cGU9ImFwcGxpY2F0aW9uL2pzb247IGNoYXJzZXQ9dXRmLTgiIEluc2VydEJ5dGVPcmRlck1hcms9IkZhbHNlIj5ld0FpQUdzQWJnQnZBSGNBYmdCREFHRUFkQUJsQUdjQWJ3QnlBSGtBVmdCaEFHd0FkUUJsQUhNQUlnQTZBQ0lBUXdCdkFHMEFjQUJKQUVRQU9nQlRBRkFBU0FCQ0FFc0FNUUE3QUVRQVpRQndBSFFBU1FCRUFEb0FNQUF3QURBQVJ3QXdBREFBT3dBaUFDd0FJZ0JqQUdFQWRBQmxBR2NBYndCeUFIa0FJZ0E2QUNJQVR3QnlBR2NBWVFCdUFFa0FSQUFpQUN3QUlnQmpBRzhBYmdCMEFHVUFlQUIwQUVzQVpRQjVBQ0lBT2dBaUFFa0Fjd0JTQUdVQVlRQmtBRThBYmdCc0FIa0FPZ0JPQURzQVV3QmxBR3dBWlFCakFIUUFaUUJrQUZZQVlRQnNBSFVBWlFBNkFEQUFNQUF3QUVjQU9RQXdBRHNBU1FCekFFTUFhQUJyQUZZQVlRQnNBR2tBWkFBNkFGa0FPd0JXQUdFQWJBQnBBR1FBU3dCbEFIa0FUQUJwQUhNQWRBQTZBRHNBSWdCOUFBPT08L1N0cmluZ0h0dHBCb2R5Pg0KICAgIDwvUmVxdWVzdD4NCiAgICA8UmVxdWVzdCBNZXRob2Q9IlBPU1QiIEd1aWQ9ImNiOTdmMjkyLWJlNTctNDk2Yi04ZDg3LThiMGQ5MDk5MTg0YSIgVmVyc2lvbj0iMS4xIiBVcmw9Imh0dHA6Ly8xMC4xMS4zNi4xMTQ6ODAwNy9VdGlsL1djZkNhc2NhZGluZ0hlbHBlci5zdmMvVXRpbF9HZXRVc2VyIiBUaGlua1RpbWU9IjAiIFRpbWVvdXQ9IjMwMCIgUGFyc2VEZXBlbmRlbnRSZXF1ZXN0cz0iVHJ1ZSIgRm9sbG93UmVkaXJlY3RzPSJUcnVlIiBSZWNvcmRSZXN1bHQ9IlRydWUiIENhY2hlPSJGYWxzZSIgUmVzcG9uc2VUaW1lR29hbD0iMCIgRW5jb2Rpbmc9InV0Zi04IiBFeHBlY3RlZEh0dHBTdGF0dXNDb2RlPSIwIiBFeHBlY3RlZFJlc3BvbnNlVXJsPSIiIFJlcG9ydGluZ05hbWU9IiIgSWdub3JlSHR0cFN0YXR1c0NvZGU9IkZhbHNlIj4NCiAgICAgIDxTdHJpbmdIdHRwQm9keSBDb250ZW50VHlwZT0iYXBwbGljYXRpb24vanNvbjsgY2hhcnNldD11dGYtOCIgSW5zZXJ0Qnl0ZU9yZGVyTWFyaz0iRmFsc2UiPmV3QWlBR3NBYmdCdkFIY0FiZ0JEQUdFQWRBQmxBR2NBYndCeUFIa0FWZ0JoQUd3QWRRQmxBSE1BSWdBNkFDSUFRd0J2QUcwQWNBQkpBRVFBT2dCVEFGQUFTQUJDQUVzQU1RQTdBRVFBWlFCd0FIUUFTUUJFQURvQU1BQXdBREFBUndBd0FEQUFPd0JQQUhJQVp3QmhBRzRBU1FCRUFEb0FNQUF3QURBQVJ3QTVBREFBT3dBaUFDd0FJZ0JqQUdFQWRBQmxBR2NBYndCeUFIa0FJZ0E2QUNJQVZRQnpBR1VBY2dCSkFFUUFJZ0FzQUNJQVl3QnZBRzRBZEFCbEFIZ0FkQUJMQUdVQWVRQWlBRG9BSWdCSkFITUFVZ0JsQUdFQVpBQlBBRzRBYkFCNUFEb0FUZ0E3QUZNQVpRQnNBR1VBWXdCMEFHVUFaQUJXQUdFQWJBQjFBR1VBT2dBN0FFa0Fjd0JEQUdnQWF3QldBR0VBYkFCcEFHUUFPZ0JaQURzQVZnQmhBR3dBYVFCa0FFc0FaUUI1QUV3QWFRQnpBSFFBT2dBN0FDSUFmUUE9PC9TdHJpbmdIdHRwQm9keT4NCiAgICA8L1JlcXVlc3Q+DQogICAgPFJlcXVlc3QgTWV0aG9kPSJQT1NUIiBHdWlkPSJmNDlkNmZjYi03NDdjLTQ1MmQtYWIxNy0wZGRjYzM2MzU0MzciIFZlcnNpb249IjEuMSIgVXJsPSJodHRwOi8vMTAuMTEuMzYuMTE0OjgwMDcvVXRpbC9XY2ZDYXNjYWRpbmdIZWxwZXIuc3ZjL1V0aWxfR2V0VXNlciIgVGhpbmtUaW1lPSIwIiBUaW1lb3V0PSIzMDAiIFBhcnNlRGVwZW5kZW50UmVxdWVzdHM9IlRydWUiIEZvbGxvd1JlZGlyZWN0cz0iVHJ1ZSIgUmVjb3JkUmVzdWx0PSJUcnVlIiBDYWNoZT0iRmFsc2UiIFJlc3BvbnNlVGltZUdvYWw9IjAiIEVuY29kaW5nPSJ1dGYtOCIgRXhwZWN0ZWRIdHRwU3RhdHVzQ29kZT0iMCIgRXhwZWN0ZWRSZXNwb25zZVVybD0iIiBSZXBvcnRpbmdOYW1lPSIiIElnbm9yZUh0dHBTdGF0dXNDb2RlPSJGYWxzZSI+DQogICAgICA8U3RyaW5nSHR0cEJvZHkgQ29udGVudFR5cGU9ImFwcGxpY2F0aW9uL2pzb247IGNoYXJzZXQ9dXRmLTgiIEluc2VydEJ5dGVPcmRlck1hcms9IkZhbHNlIj5ld0FpQUdzQWJnQnZBSGNBYmdCREFHRUFkQUJsQUdjQWJ3QnlBSGtBVmdCaEFHd0FkUUJsQUhNQUlnQTZBQ0lBSWdBc0FDSUFZd0JoQUhRQVpRQm5BRzhBY2dCNUFDSUFPZ0FpQUVNQVlRQjBBR1VBWndCdkFISUFlUUF3QURFQUlnQXNBQ0lBWXdCdkFHNEFkQUJsQUhnQWRBQkxBR1VBZVFBaUFEb0FJZ0JKQUhNQVVnQmxBR0VBWkFCUEFHNEFiQUI1QURvQVRnQTdBRk1BWlFCc0FHVUFZd0IwQUdVQVpBQldBR0VBYkFCMUFHVUFPZ0E3QUVrQWN3QkRBR2dBYXdCV0FHRUFiQUJwQUdRQU9nQlpBRHNBVmdCaEFHd0FhUUJrQUVzQVpRQjVBRXdBYVFCekFIUUFPZ0E3QUNJQWZRQT08L1N0cmluZ0h0dHBCb2R5Pg0KICAgIDwvUmVxdWVzdD4NCiAgICA8UmVxdWVzdCBNZXRob2Q9IlBPU1QiIEd1aWQ9IjNjMDgyMTM1LTIxMjctNDc2Ny1iZWIwLTE2Yjc1NTEwYjcyZSIgVmVyc2lvbj0iMS4xIiBVcmw9Imh0dHA6Ly8xMC4xMS4zNi4xMTQ6ODAwNy9VdGlsL1djZkNhc2NhZGluZ0hlbHBlci5zdmMvVXRpbF9HZXRVc2VyIiBUaGlua1RpbWU9IjAiIFRpbWVvdXQ9IjMwMCIgUGFyc2VEZXBlbmRlbnRSZXF1ZXN0cz0iVHJ1ZSIgRm9sbG93UmVkaXJlY3RzPSJUcnVlIiBSZWNvcmRSZXN1bHQ9IlRydWUiIENhY2hlPSJGYWxzZSIgUmVzcG9uc2VUaW1lR29hbD0iMCIgRW5jb2Rpbmc9InV0Zi04IiBFeHBlY3RlZEh0dHBTdGF0dXNDb2RlPSIwIiBFeHBlY3RlZFJlc3BvbnNlVXJsPSIiIFJlcG9ydGluZ05hbWU9IiIgSWdub3JlSHR0cFN0YXR1c0NvZGU9IkZhbHNlIj4NCiAgICAgIDxTdHJpbmdIdHRwQm9keSBDb250ZW50VHlwZT0iYXBwbGljYXRpb24vanNvbjsgY2hhcnNldD11dGYtOCIgSW5zZXJ0Qnl0ZU9yZGVyTWFyaz0iRmFsc2UiPmV3QWlBR3NBYmdCdkFIY0FiZ0JEQUdFQWRBQmxBR2NBYndCeUFIa0FWZ0JoQUd3QWRRQmxBSE1BSWdBNkFDSUFJZ0FzQUNJQVl3QmhBSFFBWlFCbkFHOEFjZ0I1QUNJQU9nQWlBRU1BYndCdEFIQUFTUUJFQUNJQUxBQWlBR01BYndCdUFIUUFaUUI0QUhRQVN3QmxBSGtBSWdBNkFDSUFTUUJ6QUZJQVpRQmhBR1FBVHdCdUFHd0FlUUE2QUZrQU93QlRBR1VBYkFCbEFHTUFkQUJsQUdRQVZnQmhBR3dBZFFCbEFEb0FVd0JRQUVnQVFnQkxBREVBT3dCSkFITUFRd0JvQUdzQVZnQmhBR3dBYVFCa0FEb0FXUUE3QUZZQVlRQnNBR2tBWkFCTEFHVUFlUUJNQUdrQWN3QjBBRG9BT3dBaUFIMEE8L1N0cmluZ0h0dHBCb2R5Pg0KICAgIDwvUmVxdWVzdD4NCiAgICA8UmVxdWVzdCBNZXRob2Q9IlBPU1QiIEd1aWQ9IjMzZTI2YmVhLTcwMzItNDFiYi05Njg3LTJlNDkxYWY0MjUwZSIgVmVyc2lvbj0iMS4xIiBVcmw9Imh0dHA6Ly8xMC4xMS4zNi4xMTQ6ODAwNy9VdGlsL1djZkNhc2NhZGluZ0hlbHBlci5zdmMvVXRpbF9HZXRVc2VyIiBUaGlua1RpbWU9IjAiIFRpbWVvdXQ9IjMwMCIgUGFyc2VEZXBlbmRlbnRSZXF1ZXN0cz0iVHJ1ZSIgRm9sbG93UmVkaXJlY3RzPSJUcnVlIiBSZWNvcmRSZXN1bHQ9IlRydWUiIENhY2hlPSJGYWxzZSIgUmVzcG9uc2VUaW1lR29hbD0iMCIgRW5jb2Rpbmc9InV0Zi04IiBFeHBlY3RlZEh0dHBTdGF0dXNDb2RlPSIwIiBFeHBlY3RlZFJlc3BvbnNlVXJsPSIiIFJlcG9ydGluZ05hbWU9IiIgSWdub3JlSHR0cFN0YXR1c0NvZGU9IkZhbHNlIj4NCiAgICAgIDxTdHJpbmdIdHRwQm9keSBDb250ZW50VHlwZT0iYXBwbGljYXRpb24vanNvbjsgY2hhcnNldD11dGYtOCIgSW5zZXJ0Qnl0ZU9yZGVyTWFyaz0iRmFsc2UiPmV3QWlBR3NBYmdCdkFIY0FiZ0JEQUdFQWRBQmxBR2NBYndCeUFIa0FWZ0JoQUd3QWRRQmxBSE1BSWdBNkFDSUFRd0J2QUcwQWNBQkpBRVFBT2dCVEFGQUFTQUJDQUVzQU1RQTdBQ0lBTEFBaUFHTUFZUUIwQUdVQVp3QnZBSElBZVFBaUFEb0FJZ0JFQUdVQWNBQjBBRWtBUkFBaUFDd0FJZ0JqQUc4QWJnQjBBR1VBZUFCMEFFc0FaUUI1QUNJQU9nQWlBRWtBY3dCU0FHVUFZUUJrQUU4QWJnQnNBSGtBT2dCT0FEc0FVd0JsQUd3QVpRQmpBSFFBWlFCa0FGWUFZUUJzQUhVQVpRQTZBREFBTUFBd0FFY0FNQUF3QURzQVNRQnpBRU1BYUFCckFGWUFZUUJzQUdrQVpBQTZBRmtBT3dCV0FHRUFiQUJwQUdRQVN3QmxBSGtBVEFCcEFITUFkQUE2QURzQUlnQjlBQT09PC9TdHJpbmdIdHRwQm9keT4NCiAgICA8L1JlcXVlc3Q+DQogICAgPFJlcXVlc3QgTWV0aG9kPSJQT1NUIiBHdWlkPSIxNDRmZWQ5MS0xNWNmLTQwNjctYmI3MC0yMTI3Yzk4YjFlMTEiIFZlcnNpb249IjEuMSIgVXJsPSJodHRwOi8vMTAuMTEuMzYuMTE0OjgwMDcvVXRpbC9XY2ZDYXNjYWRpbmdIZWxwZXIuc3ZjL1V0aWxfR2V0VXNlciIgVGhpbmtUaW1lPSIwIiBUaW1lb3V0PSIzMDAiIFBhcnNlRGVwZW5kZW50UmVxdWVzdHM9IlRydWUiIEZvbGxvd1JlZGlyZWN0cz0iVHJ1ZSIgUmVjb3JkUmVzdWx0PSJUcnVlIiBDYWNoZT0iRmFsc2UiIFJlc3BvbnNlVGltZUdvYWw9IjAiIEVuY29kaW5nPSJ1dGYtOCIgRXhwZWN0ZWRIdHRwU3RhdHVzQ29kZT0iMCIgRXhwZWN0ZWRSZXNwb25zZVVybD0iIiBSZXBvcnRpbmdOYW1lPSIiIElnbm9yZUh0dHBTdGF0dXNDb2RlPSJGYWxzZSI+DQogICAgICA8U3RyaW5nSHR0cEJvZHkgQ29udGVudFR5cGU9ImFwcGxpY2F0aW9uL2pzb247IGNoYXJzZXQ9dXRmLTgiIEluc2VydEJ5dGVPcmRlck1hcms9IkZhbHNlIj5ld0FpQUdzQWJnQnZBSGNBYmdCREFHRUFkQUJsQUdjQWJ3QnlBSGtBVmdCaEFHd0FkUUJsQUhNQUlnQTZBQ0lBUXdCdkFHMEFjQUJKQUVRQU9nQlRBRkFBU0FCQ0FFc0FNUUE3QUVRQVpRQndBSFFBU1FCRUFEb0FNQUF3QURBQVJ3QXdBREFBT3dBaUFDd0FJZ0JqQUdFQWRBQmxBR2NBYndCeUFIa0FJZ0E2QUNJQVR3QnlBR2NBWVFCdUFFa0FSQUFpQUN3QUlnQmpBRzhBYmdCMEFHVUFlQUIwQUVzQVpRQjVBQ0lBT2dBaUFFa0Fjd0JTQUdVQVlRQmtBRThBYmdCc0FIa0FPZ0JPQURzQVV3QmxBR3dBWlFCakFIUUFaUUJrQUZZQVlRQnNBSFVBWlFBNkFEQUFNQUF3QUVjQU9RQXdBRHNBU1FCekFFTUFhQUJyQUZZQVlRQnNBR2tBWkFBNkFGa0FPd0JXQUdFQWJBQnBBR1FBU3dCbEFIa0FUQUJwQUhNQWRBQTZBRHNBSWdCOUFBPT08L1N0cmluZ0h0dHBCb2R5Pg0KICAgIDwvUmVxdWVzdD4NCiAgICA8UmVxdWVzdCBNZXRob2Q9IlBPU1QiIEd1aWQ9Ijc1NTYxMjZjLWMyYzQtNDE1Zi04NmRkLTI3NDE0ZmM3MGUxOSIgVmVyc2lvbj0iMS4xIiBVcmw9Imh0dHA6Ly8xMC4xMS4zNi4xMTQ6ODAwNy9VdGlsL1djZkNhc2NhZGluZ0hlbHBlci5zdmMvVXRpbF9HZXRVc2VyIiBUaGlua1RpbWU9IjAiIFRpbWVvdXQ9IjMwMCIgUGFyc2VEZXBlbmRlbnRSZXF1ZXN0cz0iVHJ1ZSIgRm9sbG93UmVkaXJlY3RzPSJUcnVlIiBSZWNvcmRSZXN1bHQ9IlRydWUiIENhY2hlPSJGYWxzZSIgUmVzcG9uc2VUaW1lR29hbD0iMCIgRW5jb2Rpbmc9InV0Zi04IiBFeHBlY3RlZEh0dHBTdGF0dXNDb2RlPSIwIiBFeHBlY3RlZFJlc3BvbnNlVXJsPSIiIFJlcG9ydGluZ05hbWU9IiIgSWdub3JlSHR0cFN0YXR1c0NvZGU9IkZhbHNlIj4NCiAgICAgIDxTdHJpbmdIdHRwQm9keSBDb250ZW50VHlwZT0iYXBwbGljYXRpb24vanNvbjsgY2hhcnNldD11dGYtOCIgSW5zZXJ0Qnl0ZU9yZGVyTWFyaz0iRmFsc2UiPmV3QWlBR3NBYmdCdkFIY0FiZ0JEQUdFQWRBQmxBR2NBYndCeUFIa0FWZ0JoQUd3QWRRQmxBSE1BSWdBNkFDSUFRd0J2QUcwQWNBQkpBRVFBT2dCVEFGQUFTQUJDQUVzQU1RQTdBRVFBWlFCd0FIUUFTUUJFQURvQU1BQXdBREFBUndBd0FEQUFPd0JQQUhJQVp3QmhBRzRBU1FCRUFEb0FNQUF3QURBQVJ3QTVBREFBT3dBaUFDd0FJZ0JqQUdFQWRBQmxBR2NBYndCeUFIa0FJZ0E2QUNJQVZRQnpBR1VBY2dCSkFFUUFJZ0FzQUNJQVl3QnZBRzRBZEFCbEFIZ0FkQUJMQUdVQWVRQWlBRG9BSWdCSkFITUFVZ0JsQUdFQVpBQlBBRzRBYkFCNUFEb0FUZ0E3QUZNQVpRQnNBR1VBWXdCMEFHVUFaQUJXQUdFQWJBQjFBR1VBT2dBNkFEb0FPZ0E2QURvQU9nQTdBRWtBY3dCREFHZ0Fhd0JXQUdFQWJBQnBBR1FBT2dCWkFEc0FWZ0JoQUd3QWFRQmtBRXNBWlFCNUFFd0FhUUJ6QUhRQU9nQTdBQ0lBZlFBPTwvU3RyaW5nSHR0cEJvZHk+DQogICAgPC9SZXF1ZXN0Pg0KICAgIDxSZXF1ZXN0IE1ldGhvZD0iUE9TVCIgR3VpZD0iNTgyZjAyYmYtMzBiYi00MWYyLWFkNmQtZTMzMDE4MjEzOWI2IiBWZXJzaW9uPSIxLjEiIFVybD0iaHR0cDovLzEwLjExLjM2LjExNDo4MDA3L1V0aWwvV2NmQ2FzY2FkaW5nSGVscGVyLnN2Yy9VdGlsX0dldFVzZXIiIFRoaW5rVGltZT0iMCIgVGltZW91dD0iMzAwIiBQYXJzZURlcGVuZGVudFJlcXVlc3RzPSJUcnVlIiBGb2xsb3dSZWRpcmVjdHM9IlRydWUiIFJlY29yZFJlc3VsdD0iVHJ1ZSIgQ2FjaGU9IkZhbHNlIiBSZXNwb25zZVRpbWVHb2FsPSIwIiBFbmNvZGluZz0idXRmLTgiIEV4cGVjdGVkSHR0cFN0YXR1c0NvZGU9IjAiIEV4cGVjdGVkUmVzcG9uc2VVcmw9IiIgUmVwb3J0aW5nTmFtZT0iIiBJZ25vcmVIdHRwU3RhdHVzQ29kZT0iRmFsc2UiPg0KICAgICAgPFN0cmluZ0h0dHBCb2R5IENvbnRlbnRUeXBlPSJhcHBsaWNhdGlvbi9qc29uOyBjaGFyc2V0PXV0Zi04IiBJbnNlcnRCeXRlT3JkZXJNYXJrPSJGYWxzZSI+ZXdBaUFHc0FiZ0J2QUhjQWJnQkRBR0VBZEFCbEFHY0Fid0J5QUhrQVZnQmhBR3dBZFFCbEFITUFJZ0E2QUNJQUlnQXNBQ0lBWXdCaEFIUUFaUUJuQUc4QWNnQjVBQ0lBT2dBaUFFTUFZUUIwQUdVQVp3QnZBSElBZVFBd0FERUFJZ0FzQUNJQVl3QnZBRzRBZEFCbEFIZ0FkQUJMQUdVQWVRQWlBRG9BSWdCSkFITUFVZ0JsQUdFQVpBQlBBRzRBYkFCNUFEb0FUZ0E3QUZNQVpRQnNBR1VBWXdCMEFHVUFaQUJXQUdFQWJBQjFBR1VBT2dBNkFEb0FPZ0E2QURvQU9nQTdBRWtBY3dCREFHZ0Fhd0JXQUdFQWJBQnBBR1FBT2dCWkFEc0FWZ0JoQUd3QWFRQmtBRXNBWlFCNUFFd0FhUUJ6QUhRQU9nQTdBQ0lBZlFBPTwvU3RyaW5nSHR0cEJvZHk+DQogICAgPC9SZXF1ZXN0Pg0KICAgIDxSZXF1ZXN0IE1ldGhvZD0iUE9TVCIgR3VpZD0iODM3YmJmODktYmZkOS00ZWE1LWEzZWYtMTFiMmJlZDMxMmI4IiBWZXJzaW9uPSIxLjEiIFVybD0iaHR0cDovLzEwLjExLjM2LjExNDo4MDA3L1V0aWwvV2NmQ2FzY2FkaW5nSGVscGVyLnN2Yy9VdGlsX0dldFVzZXIiIFRoaW5rVGltZT0iMCIgVGltZW91dD0iMzAwIiBQYXJzZURlcGVuZGVudFJlcXVlc3RzPSJUcnVlIiBGb2xsb3dSZWRpcmVjdHM9IlRydWUiIFJlY29yZFJlc3VsdD0iVHJ1ZSIgQ2FjaGU9IkZhbHNlIiBSZXNwb25zZVRpbWVHb2FsPSIwIiBFbmNvZGluZz0idXRmLTgiIEV4cGVjdGVkSHR0cFN0YXR1c0NvZGU9IjAiIEV4cGVjdGVkUmVzcG9uc2VVcmw9IiIgUmVwb3J0aW5nTmFtZT0iIiBJZ25vcmVIdHRwU3RhdHVzQ29kZT0iRmFsc2UiPg0KICAgICAgPFN0cmluZ0h0dHBCb2R5IENvbnRlbnRUeXBlPSJhcHBsaWNhdGlvbi9qc29uOyBjaGFyc2V0PXV0Zi04IiBJbnNlcnRCeXRlT3JkZXJNYXJrPSJGYWxzZSI+ZXdBaUFHc0FiZ0J2QUhjQWJnQkRBR0VBZEFCbEFHY0Fid0J5QUhrQVZnQmhBR3dBZFFCbEFITUFJZ0E2QUNJQUlnQXNBQ0lBWXdCaEFIUUFaUUJuQUc4QWNnQjVBQ0lBT2dBaUFFTUFid0J0QUhBQVNRQkVBQ0lBTEFBaUFHTUFid0J1QUhRQVpRQjRBSFFBU3dCbEFIa0FJZ0E2QUNJQVNRQnpBRklBWlFCaEFHUUFUd0J1QUd3QWVRQTZBRmtBT3dCVEFHVUFiQUJsQUdNQWRBQmxBR1FBVmdCaEFHd0FkUUJsQURvQVV3QlFBRWdBUWdCTEFERUFPd0JKQUhNQVF3Qm9BR3NBVmdCaEFHd0FhUUJrQURvQVdRQTdBRllBWVFCc0FHa0FaQUJMQUdVQWVRQk1BR2tBY3dCMEFEb0FPd0FpQUgwQTwvU3RyaW5nSHR0cEJvZHk+DQogICAgPC9SZXF1ZXN0Pg0KICAgIDxSZXF1ZXN0IE1ldGhvZD0iUE9TVCIgR3VpZD0iNmUxOWJiNDYtYzExZC00ZTBjLTliMjMtMjIxODI5ZDAzYmQ0IiBWZXJzaW9uPSIxLjEiIFVybD0iaHR0cDovLzEwLjExLjM2LjExNDo4MDA3L1V0aWwvV2NmQ2FzY2FkaW5nSGVscGVyLnN2Yy9VdGlsX0dldFVzZXIiIFRoaW5rVGltZT0iMCIgVGltZW91dD0iMzAwIiBQYXJzZURlcGVuZGVudFJlcXVlc3RzPSJUcnVlIiBGb2xsb3dSZWRpcmVjdHM9IlRydWUiIFJlY29yZFJlc3VsdD0iVHJ1ZSIgQ2FjaGU9IkZhbHNlIiBSZXNwb25zZVRpbWVHb2FsPSIwIiBFbmNvZGluZz0idXRmLTgiIEV4cGVjdGVkSHR0cFN0YXR1c0NvZGU9IjAiIEV4cGVjdGVkUmVzcG9uc2VVcmw9IiIgUmVwb3J0aW5nTmFtZT0iIiBJZ25vcmVIdHRwU3RhdHVzQ29kZT0iRmFsc2UiPg0KICAgICAgPFN0cmluZ0h0dHBCb2R5IENvbnRlbnRUeXBlPSJhcHBsaWNhdGlvbi9qc29uOyBjaGFyc2V0PXV0Zi04IiBJbnNlcnRCeXRlT3JkZXJNYXJrPSJGYWxzZSI+ZXdBaUFHc0FiZ0J2QUhjQWJnQkRBR0VBZEFCbEFHY0Fid0J5QUhrQVZnQmhBR3dBZFFCbEFITUFJZ0E2QUNJQVF3QnZBRzBBY0FCSkFFUUFPZ0JUQUZBQVNBQkNBRXNBTVFBN0FDSUFMQUFpQUdNQVlRQjBBR1VBWndCdkFISUFlUUFpQURvQUlnQkVBR1VBY0FCMEFFa0FSQUFpQUN3QUlnQmpBRzhBYmdCMEFHVUFlQUIwQUVzQVpRQjVBQ0lBT2dBaUFFa0Fjd0JTQUdVQVlRQmtBRThBYmdCc0FIa0FPZ0JPQURzQVV3QmxBR3dBWlFCakFIUUFaUUJrQUZZQVlRQnNBSFVBWlFBNkFEQUFNQUF3QUVjQU1BQXdBRHNBU1FCekFFTUFhQUJyQUZZQVlRQnNBR2tBWkFBNkFGa0FPd0JXQUdFQWJBQnBBR1FBU3dCbEFIa0FUQUJwQUhNQWRBQTZBRHNBSWdCOUFBPT08L1N0cmluZ0h0dHBCb2R5Pg0KICAgIDwvUmVxdWVzdD4NCiAgICA8UmVxdWVzdCBNZXRob2Q9IlBPU1QiIEd1aWQ9ImE1MWVjMThiLWFjYmEtNGFkNC05NGZiLTM5ZWVhNjU5YTI5YSIgVmVyc2lvbj0iMS4xIiBVcmw9Imh0dHA6Ly8xMC4xMS4zNi4xMTQ6ODAwNy9VdGlsL1djZkNhc2NhZGluZ0hlbHBlci5zdmMvVXRpbF9HZXRVc2VyIiBUaGlua1RpbWU9IjAiIFRpbWVvdXQ9IjMwMCIgUGFyc2VEZXBlbmRlbnRSZXF1ZXN0cz0iVHJ1ZSIgRm9sbG93UmVkaXJlY3RzPSJUcnVlIiBSZWNvcmRSZXN1bHQ9IlRydWUiIENhY2hlPSJGYWxzZSIgUmVzcG9uc2VUaW1lR29hbD0iMCIgRW5jb2Rpbmc9InV0Zi04IiBFeHBlY3RlZEh0dHBTdGF0dXNDb2RlPSIwIiBFeHBlY3RlZFJlc3BvbnNlVXJsPSIiIFJlcG9ydGluZ05hbWU9IiIgSWdub3JlSHR0cFN0YXR1c0NvZGU9IkZhbHNlIj4NCiAgICAgIDxTdHJpbmdIdHRwQm9keSBDb250ZW50VHlwZT0iYXBwbGljYXRpb24vanNvbjsgY2hhcnNldD11dGYtOCIgSW5zZXJ0Qnl0ZU9yZGVyTWFyaz0iRmFsc2UiPmV3QWlBR3NBYmdCdkFIY0FiZ0JEQUdFQWRBQmxBR2NBYndCeUFIa0FWZ0JoQUd3QWRRQmxBSE1BSWdBNkFDSUFRd0J2QUcwQWNBQkpBRVFBT2dCVEFGQUFTQUJDQUVzQU1RQTdBRVFBWlFCd0FIUUFTUUJFQURvQU1BQXdBREFBUndBd0FEQUFPd0FpQUN3QUlnQmpBR0VBZEFCbEFHY0Fid0J5QUhrQUlnQTZBQ0lBVHdCeUFHY0FZUUJ1QUVrQVJBQWlBQ3dBSWdCakFHOEFiZ0IwQUdVQWVBQjBBRXNBWlFCNUFDSUFPZ0FpQUVrQWN3QlNBR1VBWVFCa0FFOEFiZ0JzQUhrQU9nQk9BRHNBVXdCbEFHd0FaUUJqQUhRQVpRQmtBRllBWVFCc0FIVUFaUUE2QURBQU1BQXdBRWNBT1FBd0FEc0FTUUJ6QUVNQWFBQnJBRllBWVFCc0FHa0FaQUE2QUZrQU93QldBR0VBYkFCcEFHUUFTd0JsQUhrQVRBQnBBSE1BZEFBNkFEc0FJZ0I5QUE9PTwvU3RyaW5nSHR0cEJvZHk+DQogICAgPC9SZXF1ZXN0Pg0KICAgIDxSZXF1ZXN0IE1ldGhvZD0iUE9TVCIgR3VpZD0iMGQwNGM4YjgtYTRiYi00ZTYyLTgzMDctZGIxM2UzNTllYmVhIiBWZXJzaW9uPSIxLjEiIFVybD0iaHR0cDovLzEwLjExLjM2LjExNDo4MDA3L1V0aWwvV2NmQ2FzY2FkaW5nSGVscGVyLnN2Yy9VdGlsX0dldFVzZXIiIFRoaW5rVGltZT0iMCIgVGltZW91dD0iMzAwIiBQYXJzZURlcGVuZGVudFJlcXVlc3RzPSJUcnVlIiBGb2xsb3dSZWRpcmVjdHM9IlRydWUiIFJlY29yZFJlc3VsdD0iVHJ1ZSIgQ2FjaGU9IkZhbHNlIiBSZXNwb25zZVRpbWVHb2FsPSIwIiBFbmNvZGluZz0idXRmLTgiIEV4cGVjdGVkSHR0cFN0YXR1c0NvZGU9IjAiIEV4cGVjdGVkUmVzcG9uc2VVcmw9IiIgUmVwb3J0aW5nTmFtZT0iIiBJZ25vcmVIdHRwU3RhdHVzQ29kZT0iRmFsc2UiPg0KICAgICAgPFN0cmluZ0h0dHBCb2R5IENvbnRlbnRUeXBlPSJhcHBsaWNhdGlvbi9qc29uOyBjaGFyc2V0PXV0Zi04IiBJbnNlcnRCeXRlT3JkZXJNYXJrPSJGYWxzZSI+ZXdBaUFHc0FiZ0J2QUhjQWJnQkRBR0VBZEFCbEFHY0Fid0J5QUhrQVZnQmhBR3dBZFFCbEFITUFJZ0E2QUNJQVF3QnZBRzBBY0FCSkFFUUFPZ0JUQUZBQVNBQkNBRXNBTVFBN0FFUUFaUUJ3QUhRQVNRQkVBRG9BTUFBd0FEQUFSd0F3QURBQU93QlBBSElBWndCaEFHNEFTUUJFQURvQU1BQXdBREFBUndBNUFEQUFPd0FpQUN3QUlnQmpBR0VBZEFCbEFHY0Fid0J5QUhrQUlnQTZBQ0lBVlFCekFHVUFjZ0JKQUVRQUlnQXNBQ0lBWXdCdkFHNEFkQUJsQUhnQWRBQkxBR1VBZVFBaUFEb0FJZ0JKQUhNQVVnQmxBR0VBWkFCUEFHNEFiQUI1QURvQVRnQTdBRk1BWlFCc0FHVUFZd0IwQUdVQVpBQldBR0VBYkFCMUFHVUFPZ0E2QURvQU9nQTZBRG9BT2dBN0FFa0Fjd0JEQUdnQWF3QldBR0VBYkFCcEFHUUFPZ0JaQURzQVZnQmhBR3dBYVFCa0FFc0FaUUI1QUV3QWFRQnpBSFFBT2dBN0FDSUFmUUE9PC9TdHJpbmdIdHRwQm9keT4NCiAgICA8L1JlcXVlc3Q+DQogICAgPFJlcXVlc3QgTWV0aG9kPSJQT1NUIiBHdWlkPSI4YTA2NTQxNS0xN2IzLTQwNjQtYmEwYS0xMzkwM2NjMzkzZDYiIFZlcnNpb249IjEuMSIgVXJsPSJodHRwOi8vMTAuMTEuMzYuMTE0OjgwMDcvVXRpbC9XY2ZDYXNjYWRpbmdIZWxwZXIuc3ZjL1V0aWxfR2V0VXNlciIgVGhpbmtUaW1lPSIwIiBUaW1lb3V0PSIzMDAiIFBhcnNlRGVwZW5kZW50UmVxdWVzdHM9IlRydWUiIEZvbGxvd1JlZGlyZWN0cz0iVHJ1ZSIgUmVjb3JkUmVzdWx0PSJUcnVlIiBDYWNoZT0iRmFsc2UiIFJlc3BvbnNlVGltZUdvYWw9IjAiIEVuY29kaW5nPSJ1dGYtOCIgRXhwZWN0ZWRIdHRwU3RhdHVzQ29kZT0iMCIgRXhwZWN0ZWRSZXNwb25zZVVybD0iIiBSZXBvcnRpbmdOYW1lPSIiIElnbm9yZUh0dHBTdGF0dXNDb2RlPSJGYWxzZSI+DQogICAgICA8U3RyaW5nSHR0cEJvZHkgQ29udGVudFR5cGU9ImFwcGxpY2F0aW9uL2pzb247IGNoYXJzZXQ9dXRmLTgiIEluc2VydEJ5dGVPcmRlck1hcms9IkZhbHNlIj5ld0FpQUdzQWJnQnZBSGNBYmdCREFHRUFkQUJsQUdjQWJ3QnlBSGtBVmdCaEFHd0FkUUJsQUhNQUlnQTZBQ0lBSWdBc0FDSUFZd0JoQUhRQVpRQm5BRzhBY2dCNUFDSUFPZ0FpQUVNQVlRQjBBR1VBWndCdkFISUFlUUF3QURFQUlnQXNBQ0lBWXdCdkFHNEFkQUJsQUhnQWRBQkxBR1VBZVFBaUFEb0FJZ0JKQUhNQVVnQmxBR0VBWkFCUEFHNEFiQUI1QURvQVRnQTdBRk1BWlFCc0FHVUFZd0IwQUdVQVpBQldBR0VBYkFCMUFHVUFPZ0E2QURvQU9nQTZBRG9BT2dBN0FFa0Fjd0JEQUdnQWF3QldBR0VBYkFCcEFHUUFPZ0JaQURzQVZnQmhBR3dBYVFCa0FFc0FaUUI1QUV3QWFRQnpBSFFBT2dBN0FDSUFmUUE9PC9TdHJpbmdIdHRwQm9keT4NCiAgICA8L1JlcXVlc3Q+DQogICAgPFJlcXVlc3QgTWV0aG9kPSJQT1NUIiBHdWlkPSIwNjBlNzc0OC01N2YxLTQ4ZDYtOWVkMS1iYjdkYzkyMWFlYzgiIFZlcnNpb249IjEuMSIgVXJsPSJodHRwOi8vMTAuMTEuMzYuMTE0OjgwMDcvVXRpbC9XY2ZDYXNjYWRpbmdIZWxwZXIuc3ZjL1V0aWxfR2V0VXNlciIgVGhpbmtUaW1lPSIwIiBUaW1lb3V0PSIzMDAiIFBhcnNlRGVwZW5kZW50UmVxdWVzdHM9IlRydWUiIEZvbGxvd1JlZGlyZWN0cz0iVHJ1ZSIgUmVjb3JkUmVzdWx0PSJUcnVlIiBDYWNoZT0iRmFsc2UiIFJlc3BvbnNlVGltZUdvYWw9IjAiIEVuY29kaW5nPSJ1dGYtOCIgRXhwZWN0ZWRIdHRwU3RhdHVzQ29kZT0iMCIgRXhwZWN0ZWRSZXNwb25zZVVybD0iIiBSZXBvcnRpbmdOYW1lPSIiIElnbm9yZUh0dHBTdGF0dXNDb2RlPSJGYWxzZSI+DQogICAgICA8U3RyaW5nSHR0cEJvZHkgQ29udGVudFR5cGU9ImFwcGxpY2F0aW9uL2pzb247IGNoYXJzZXQ9dXRmLTgiIEluc2VydEJ5dGVPcmRlck1hcms9IkZhbHNlIj5ld0FpQUdzQWJnQnZBSGNBYmdCREFHRUFkQUJsQUdjQWJ3QnlBSGtBVmdCaEFHd0FkUUJsQUhNQUlnQTZBQ0lBSWdBc0FDSUFZd0JoQUhRQVpRQm5BRzhBY2dCNUFDSUFPZ0FpQUVNQWJ3QnRBSEFBU1FCRUFDSUFMQUFpQUdNQWJ3QnVBSFFBWlFCNEFIUUFTd0JsQUhrQUlnQTZBQ0lBU1FCekFGSUFaUUJoQUdRQVR3QnVBR3dBZVFBNkFGa0FPd0JUQUdVQWJBQmxBR01BZEFCbEFHUUFWZ0JoQUd3QWRRQmxBRG9BVXdCUUFFZ0FRZ0JMQURFQU93QkpBSE1BUXdCb0FHc0FWZ0JoQUd3QWFRQmtBRG9BV1FBN0FGWUFZUUJzQUdrQVpBQkxBR1VBZVFCTUFHa0Fjd0IwQURvQU93QWlBSDBBPC9TdHJpbmdIdHRwQm9keT4NCiAgICA8L1JlcXVlc3Q+DQogICAgPFJlcXVlc3QgTWV0aG9kPSJQT1NUIiBHdWlkPSI4NDllMjY5My0zNzkzLTQ3ZDktOGNkMi0xN2Y2YjY2MDY4N2QiIFZlcnNpb249IjEuMSIgVXJsPSJodHRwOi8vMTAuMTEuMzYuMTE0OjgwMDcvVXRpbC9XY2ZDYXNjYWRpbmdIZWxwZXIuc3ZjL1V0aWxfR2V0VXNlciIgVGhpbmtUaW1lPSIwIiBUaW1lb3V0PSIzMDAiIFBhcnNlRGVwZW5kZW50UmVxdWVzdHM9IlRydWUiIEZvbGxvd1JlZGlyZWN0cz0iVHJ1ZSIgUmVjb3JkUmVzdWx0PSJUcnVlIiBDYWNoZT0iRmFsc2UiIFJlc3BvbnNlVGltZUdvYWw9IjAiIEVuY29kaW5nPSJ1dGYtOCIgRXhwZWN0ZWRIdHRwU3RhdHVzQ29kZT0iMCIgRXhwZWN0ZWRSZXNwb25zZVVybD0iIiBSZXBvcnRpbmdOYW1lPSIiIElnbm9yZUh0dHBTdGF0dXNDb2RlPSJGYWxzZSI+DQogICAgICA8U3RyaW5nSHR0cEJvZHkgQ29udGVudFR5cGU9ImFwcGxpY2F0aW9uL2pzb247IGNoYXJzZXQ9dXRmLTgiIEluc2VydEJ5dGVPcmRlck1hcms9IkZhbHNlIj5ld0FpQUdzQWJnQnZBSGNBYmdCREFHRUFkQUJsQUdjQWJ3QnlBSGtBVmdCaEFHd0FkUUJsQUhNQUlnQTZBQ0lBUXdCdkFHMEFjQUJKQUVRQU9nQlRBRkFBU0FCQ0FFc0FNUUE3QUNJQUxBQWlBR01BWVFCMEFHVUFad0J2QUhJQWVRQWlBRG9BSWdCRUFHVUFjQUIwQUVrQVJBQWlBQ3dBSWdCakFHOEFiZ0IwQUdVQWVBQjBBRXNBWlFCNUFDSUFPZ0FpQUVrQWN3QlNBR1VBWVFCa0FFOEFiZ0JzQUhrQU9nQk9BRHNBVXdCbEFHd0FaUUJqQUhRQVpRQmtBRllBWVFCc0FIVUFaUUE2QURBQU1BQXdBRWNBTUFBd0FEc0FTUUJ6QUVNQWFBQnJBRllBWVFCc0FHa0FaQUE2QUZrQU93QldBR0VBYkFCcEFHUUFTd0JsQUhrQVRBQnBBSE1BZEFBNkFEc0FJZ0I5QUE9PTwvU3RyaW5nSHR0cEJvZHk+DQogICAgPC9SZXF1ZXN0Pg0KICAgIDxSZXF1ZXN0IE1ldGhvZD0iUE9TVCIgR3VpZD0iODc1ZWM4YmQtZGRmYS00YmRkLTlhODItMmIyNDY3YzdlNmJiIiBWZXJzaW9uPSIxLjEiIFVybD0iaHR0cDovLzEwLjExLjM2LjExNDo4MDA3L1V0aWwvV2NmQ2FzY2FkaW5nSGVscGVyLnN2Yy9VdGlsX0dldFVzZXIiIFRoaW5rVGltZT0iMCIgVGltZW91dD0iMzAwIiBQYXJzZURlcGVuZGVudFJlcXVlc3RzPSJUcnVlIiBGb2xsb3dSZWRpcmVjdHM9IlRydWUiIFJlY29yZFJlc3VsdD0iVHJ1ZSIgQ2FjaGU9IkZhbHNlIiBSZXNwb25zZVRpbWVHb2FsPSIwIiBFbmNvZGluZz0idXRmLTgiIEV4cGVjdGVkSHR0cFN0YXR1c0NvZGU9IjAiIEV4cGVjdGVkUmVzcG9uc2VVcmw9IiIgUmVwb3J0aW5nTmFtZT0iIiBJZ25vcmVIdHRwU3RhdHVzQ29kZT0iRmFsc2UiPg0KICAgICAgPFN0cmluZ0h0dHBCb2R5IENvbnRlbnRUeXBlPSJhcHBsaWNhdGlvbi9qc29uOyBjaGFyc2V0PXV0Zi04IiBJbnNlcnRCeXRlT3JkZXJNYXJrPSJGYWxzZSI+ZXdBaUFHc0FiZ0J2QUhjQWJnQkRBR0VBZEFCbEFHY0Fid0J5QUhrQVZnQmhBR3dBZFFCbEFITUFJZ0E2QUNJQVF3QnZBRzBBY0FCSkFFUUFPZ0JUQUZBQVNBQkNBRXNBTVFBN0FFUUFaUUJ3QUhRQVNRQkVBRG9BTUFBd0FEQUFSd0F3QURBQU93QWlBQ3dBSWdCakFHRUFkQUJsQUdjQWJ3QnlBSGtBSWdBNkFDSUFUd0J5QUdjQVlRQnVBRWtBUkFBaUFDd0FJZ0JqQUc4QWJnQjBBR1VBZUFCMEFFc0FaUUI1QUNJQU9nQWlBRWtBY3dCU0FHVUFZUUJrQUU4QWJnQnNBSGtBT2dCT0FEc0FVd0JsQUd3QVpRQmpBSFFBWlFCa0FGWUFZUUJzQUhVQVpRQTZBREFBTUFBd0FFY0FPUUF3QURzQVNRQnpBRU1BYUFCckFGWUFZUUJzQUdrQVpBQTZBRmtBT3dCV0FHRUFiQUJwQUdRQVN3QmxBSGtBVEFCcEFITUFkQUE2QURzQUlnQjlBQT09PC9TdHJpbmdIdHRwQm9keT4NCiAgICA8L1JlcXVlc3Q+DQogICAgPFJlcXVlc3QgTWV0aG9kPSJQT1NUIiBHdWlkPSJkOWI4YjUxZS1lMGIwLTQzNzktODE5OC1kYjYxMTA3YTE5MTkiIFZlcnNpb249IjEuMSIgVXJsPSJodHRwOi8vMTAuMTEuMzYuMTE0OjgwMDcvVXRpbC9XY2ZDYXNjYWRpbmdIZWxwZXIuc3ZjL1V0aWxfR2V0VXNlciIgVGhpbmtUaW1lPSIwIiBUaW1lb3V0PSIzMDAiIFBhcnNlRGVwZW5kZW50UmVxdWVzdHM9IlRydWUiIEZvbGxvd1JlZGlyZWN0cz0iVHJ1ZSIgUmVjb3JkUmVzdWx0PSJUcnVlIiBDYWNoZT0iRmFsc2UiIFJlc3BvbnNlVGltZUdvYWw9IjAiIEVuY29kaW5nPSJ1dGYtOCIgRXhwZWN0ZWRIdHRwU3RhdHVzQ29kZT0iMCIgRXhwZWN0ZWRSZXNwb25zZVVybD0iIiBSZXBvcnRpbmdOYW1lPSIiIElnbm9yZUh0dHBTdGF0dXNDb2RlPSJGYWxzZSI+DQogICAgICA8U3RyaW5nSHR0cEJvZHkgQ29udGVudFR5cGU9ImFwcGxpY2F0aW9uL2pzb247IGNoYXJzZXQ9dXRmLTgiIEluc2VydEJ5dGVPcmRlck1hcms9IkZhbHNlIj5ld0FpQUdzQWJnQnZBSGNBYmdCREFHRUFkQUJsQUdjQWJ3QnlBSGtBVmdCaEFHd0FkUUJsQUhNQUlnQTZBQ0lBUXdCdkFHMEFjQUJKQUVRQU9nQlRBRkFBU0FCQ0FFc0FNUUE3QUVRQVpRQndBSFFBU1FCRUFEb0FNQUF3QURBQVJ3QXdBREFBT3dCUEFISUFad0JoQUc0QVNRQkVBRG9BTUFBd0FEQUFSd0E1QURBQU93QWlBQ3dBSWdCakFHRUFkQUJsQUdjQWJ3QnlBSGtBSWdBNkFDSUFWUUJ6QUdVQWNnQkpBRVFBSWdBc0FDSUFZd0J2QUc0QWRBQmxBSGdBZEFCTEFHVUFlUUFpQURvQUlnQkpBSE1BVWdCbEFHRUFaQUJQQUc0QWJBQjVBRG9BVGdBN0FGTUFaUUJzQUdVQVl3QjBBR1VBWkFCV0FHRUFiQUIxQUdVQU9nQTZBRG9BT2dBNkFEb0FPZ0E3QUVrQWN3QkRBR2dBYXdCV0FHRUFiQUJwQUdRQU9nQlpBRHNBVmdCaEFHd0FhUUJrQUVzQVpRQjVBRXdBYVFCekFIUUFPZ0E3QUNJQWZRQT08L1N0cmluZ0h0dHBCb2R5Pg0KICAgIDwvUmVxdWVzdD4NCiAgICA8UmVxdWVzdCBNZXRob2Q9IlBPU1QiIEd1aWQ9ImMxYTAwZWMzLWJmZGQtNGFhZC04YjdhLWI3NTRlMGUzNmYwZCIgVmVyc2lvbj0iMS4xIiBVcmw9Imh0dHA6Ly8xMC4xMS4zNi4xMTQ6ODAwNy9VdGlsL1djZkNhc2NhZGluZ0hlbHBlci5zdmMvVXRpbF9HZXRVc2VyIiBUaGlua1RpbWU9IjAiIFRpbWVvdXQ9IjMwMCIgUGFyc2VEZXBlbmRlbnRSZXF1ZXN0cz0iVHJ1ZSIgRm9sbG93UmVkaXJlY3RzPSJUcnVlIiBSZWNvcmRSZXN1bHQ9IlRydWUiIENhY2hlPSJGYWxzZSIgUmVzcG9uc2VUaW1lR29hbD0iMCIgRW5jb2Rpbmc9InV0Zi04IiBFeHBlY3RlZEh0dHBTdGF0dXNDb2RlPSIwIiBFeHBlY3RlZFJlc3BvbnNlVXJsPSIiIFJlcG9ydGluZ05hbWU9IiIgSWdub3JlSHR0cFN0YXR1c0NvZGU9IkZhbHNlIj4NCiAgICAgIDxTdHJpbmdIdHRwQm9keSBDb250ZW50VHlwZT0iYXBwbGljYXRpb24vanNvbjsgY2hhcnNldD11dGYtOCIgSW5zZXJ0Qnl0ZU9yZGVyTWFyaz0iRmFsc2UiPmV3QWlBR3NBYmdCdkFIY0FiZ0JEQUdFQWRBQmxBR2NBYndCeUFIa0FWZ0JoQUd3QWRRQmxBSE1BSWdBNkFDSUFJZ0FzQUNJQVl3QmhBSFFBWlFCbkFHOEFjZ0I1QUNJQU9nQWlBRU1BWVFCMEFHVUFad0J2QUhJQWVRQXdBREVBSWdBc0FDSUFZd0J2QUc0QWRBQmxBSGdBZEFCTEFHVUFlUUFpQURvQUlnQkpBSE1BVWdCbEFHRUFaQUJQQUc0QWJBQjVBRG9BVGdBN0FGTUFaUUJzQUdVQVl3QjBBR1VBWkFCV0FHRUFiQUIxQUdVQU9nQTZBRG9BT2dBNkFEb0FPZ0E3QUVrQWN3QkRBR2dBYXdCV0FHRUFiQUJwQUdRQU9nQlpBRHNBVmdCaEFHd0FhUUJrQUVzQVpRQjVBRXdBYVFCekFIUUFPZ0E3QUNJQWZRQT08L1N0cmluZ0h0dHBCb2R5Pg0KICAgIDwvUmVxdWVzdD4NCiAgICA8UmVxdWVzdCBNZXRob2Q9IlBPU1QiIEd1aWQ9IjgwYzkxMjIyLTI3NGYtNDg5ZC04MzMwLWU5ZTcwMDBlMmFkZiIgVmVyc2lvbj0iMS4xIiBVcmw9Imh0dHA6Ly8xMC4xMS4zNi4xMTQ6ODAwNy9VdGlsL1djZkNhc2NhZGluZ0hlbHBlci5zdmMvVXRpbF9HZXRVc2VyIiBUaGlua1RpbWU9IjAiIFRpbWVvdXQ9IjMwMCIgUGFyc2VEZXBlbmRlbnRSZXF1ZXN0cz0iVHJ1ZSIgRm9sbG93UmVkaXJlY3RzPSJUcnVlIiBSZWNvcmRSZXN1bHQ9IlRydWUiIENhY2hlPSJGYWxzZSIgUmVzcG9uc2VUaW1lR29hbD0iMCIgRW5jb2Rpbmc9InV0Zi04IiBFeHBlY3RlZEh0dHBTdGF0dXNDb2RlPSIwIiBFeHBlY3RlZFJlc3BvbnNlVXJsPSIiIFJlcG9ydGluZ05hbWU9IiIgSWdub3JlSHR0cFN0YXR1c0NvZGU9IkZhbHNlIj4NCiAgICAgIDxTdHJpbmdIdHRwQm9keSBDb250ZW50VHlwZT0iYXBwbGljYXRpb24vanNvbjsgY2hhcnNldD11dGYtOCIgSW5zZXJ0Qnl0ZU9yZGVyTWFyaz0iRmFsc2UiPmV3QWlBR3NBYmdCdkFIY0FiZ0JEQUdFQWRBQmxBR2NBYndCeUFIa0FWZ0JoQUd3QWRRQmxBSE1BSWdBNkFDSUFJZ0FzQUNJQVl3QmhBSFFBWlFCbkFHOEFjZ0I1QUNJQU9nQWlBRU1BYndCdEFIQUFTUUJFQUNJQUxBQWlBR01BYndCdUFIUUFaUUI0QUhRQVN3QmxBSGtBSWdBNkFDSUFTUUJ6QUZJQVpRQmhBR1FBVHdCdUFHd0FlUUE2QUZrQU93QlRBR1VBYkFCbEFHTUFkQUJsQUdRQVZnQmhBR3dBZFFCbEFEb0FVd0JRQUVnQVFnQkxBREVBT3dCSkFITUFRd0JvQUdzQVZnQmhBR3dBYVFCa0FEb0FXUUE3QUZZQVlRQnNBR2tBWkFCTEFHVUFlUUJNQUdrQWN3QjBBRG9BT3dBaUFIMEE8L1N0cmluZ0h0dHBCb2R5Pg0KICAgIDwvUmVxdWVzdD4NCiAgICA8UmVxdWVzdCBNZXRob2Q9IlBPU1QiIEd1aWQ9IjljMzYwOGMxLTY3ZDQtNDNmMy1hNjZmLTg2MzA3ZTlmMDc0MSIgVmVyc2lvbj0iMS4xIiBVcmw9Imh0dHA6Ly8xMC4xMS4zNi4xMTQ6ODAwNy9VdGlsL1djZkNhc2NhZGluZ0hlbHBlci5zdmMvVXRpbF9HZXRVc2VyIiBUaGlua1RpbWU9IjAiIFRpbWVvdXQ9IjMwMCIgUGFyc2VEZXBlbmRlbnRSZXF1ZXN0cz0iVHJ1ZSIgRm9sbG93UmVkaXJlY3RzPSJUcnVlIiBSZWNvcmRSZXN1bHQ9IlRydWUiIENhY2hlPSJGYWxzZSIgUmVzcG9uc2VUaW1lR29hbD0iMCIgRW5jb2Rpbmc9InV0Zi04IiBFeHBlY3RlZEh0dHBTdGF0dXNDb2RlPSIwIiBFeHBlY3RlZFJlc3BvbnNlVXJsPSIiIFJlcG9ydGluZ05hbWU9IiIgSWdub3JlSHR0cFN0YXR1c0NvZGU9IkZhbHNlIj4NCiAgICAgIDxTdHJpbmdIdHRwQm9keSBDb250ZW50VHlwZT0iYXBwbGljYXRpb24vanNvbjsgY2hhcnNldD11dGYtOCIgSW5zZXJ0Qnl0ZU9yZGVyTWFyaz0iRmFsc2UiPmV3QWlBR3NBYmdCdkFIY0FiZ0JEQUdFQWRBQmxBR2NBYndCeUFIa0FWZ0JoQUd3QWRRQmxBSE1BSWdBNkFDSUFRd0J2QUcwQWNBQkpBRVFBT2dCVEFGQUFTQUJDQUVzQU1RQTdBQ0lBTEFBaUFHTUFZUUIwQUdVQVp3QnZBSElBZVFBaUFEb0FJZ0JFQUdVQWNBQjBBRWtBUkFBaUFDd0FJZ0JqQUc4QWJnQjBBR1VBZUFCMEFFc0FaUUI1QUNJQU9nQWlBRWtBY3dCU0FHVUFZUUJrQUU4QWJnQnNBSGtBT2dCT0FEc0FVd0JsQUd3QVpRQmpBSFFBWlFCa0FGWUFZUUJzQUhVQVpRQTZBREFBTUFBd0FFY0FNQUF3QURzQVNRQnpBRU1BYUFCckFGWUFZUUJzQUdrQVpBQTZBRmtBT3dCV0FHRUFiQUJwQUdRQVN3QmxBSGtBVEFCcEFITUFkQUE2QURzQUlnQjlBQT09PC9TdHJpbmdIdHRwQm9keT4NCiAgICA8L1JlcXVlc3Q+DQogICAgPFJlcXVlc3QgTWV0aG9kPSJQT1NUIiBHdWlkPSIxZGZiNmQ2MC1kYzEzLTRiN2MtOGFjOS00MTBhYjM3NTQ3ZTEiIFZlcnNpb249IjEuMSIgVXJsPSJodHRwOi8vMTAuMTEuMzYuMTE0OjgwMDcvVXRpbC9XY2ZDYXNjYWRpbmdIZWxwZXIuc3ZjL1V0aWxfR2V0VXNlciIgVGhpbmtUaW1lPSIwIiBUaW1lb3V0PSIzMDAiIFBhcnNlRGVwZW5kZW50UmVxdWVzdHM9IlRydWUiIEZvbGxvd1JlZGlyZWN0cz0iVHJ1ZSIgUmVjb3JkUmVzdWx0PSJUcnVlIiBDYWNoZT0iRmFsc2UiIFJlc3BvbnNlVGltZUdvYWw9IjAiIEVuY29kaW5nPSJ1dGYtOCIgRXhwZWN0ZWRIdHRwU3RhdHVzQ29kZT0iMCIgRXhwZWN0ZWRSZXNwb25zZVVybD0iIiBSZXBvcnRpbmdOYW1lPSIiIElnbm9yZUh0dHBTdGF0dXNDb2RlPSJGYWxzZSI+DQogICAgICA8U3RyaW5nSHR0cEJvZHkgQ29udGVudFR5cGU9ImFwcGxpY2F0aW9uL2pzb247IGNoYXJzZXQ9dXRmLTgiIEluc2VydEJ5dGVPcmRlck1hcms9IkZhbHNlIj5ld0FpQUdzQWJnQnZBSGNBYmdCREFHRUFkQUJsQUdjQWJ3QnlBSGtBVmdCaEFHd0FkUUJsQUhNQUlnQTZBQ0lBUXdCdkFHMEFjQUJKQUVRQU9nQlRBRkFBU0FCQ0FFc0FNUUE3QUVRQVpRQndBSFFBU1FCRUFEb0FNQUF3QURBQVJ3QXdBREFBT3dBaUFDd0FJZ0JqQUdFQWRBQmxBR2NBYndCeUFIa0FJZ0E2QUNJQVR3QnlBR2NBWVFCdUFFa0FSQUFpQUN3QUlnQmpBRzhBYmdCMEFHVUFlQUIwQUVzQVpRQjVBQ0lBT2dBaUFFa0Fjd0JTQUdVQVlRQmtBRThBYmdCc0FIa0FPZ0JPQURzQVV3QmxBR3dBWlFCakFIUUFaUUJrQUZZQVlRQnNBSFVBWlFBNkFEQUFNQUF3QUVjQU9RQXdBRHNBU1FCekFFTUFhQUJyQUZZQVlRQnNBR2tBWkFBNkFGa0FPd0JXQUdFQWJBQnBBR1FBU3dCbEFIa0FUQUJwQUhNQWRBQTZBRHNBSWdCOUFBPT08L1N0cmluZ0h0dHBCb2R5Pg0KICAgIDwvUmVxdWVzdD4NCiAgICA8UmVxdWVzdCBNZXRob2Q9IlBPU1QiIEd1aWQ9Ijc2ZWM4NTdhLTMyZTYtNDc4ZC05NjhlLTY3ODYwZjBmMjFiMCIgVmVyc2lvbj0iMS4xIiBVcmw9Imh0dHA6Ly8xMC4xMS4zNi4xMTQ6ODAwNy9VdGlsL1djZkNhc2NhZGluZ0hlbHBlci5zdmMvVXRpbF9HZXRVc2VyIiBUaGlua1RpbWU9IjAiIFRpbWVvdXQ9IjMwMCIgUGFyc2VEZXBlbmRlbnRSZXF1ZXN0cz0iVHJ1ZSIgRm9sbG93UmVkaXJlY3RzPSJUcnVlIiBSZWNvcmRSZXN1bHQ9IlRydWUiIENhY2hlPSJGYWxzZSIgUmVzcG9uc2VUaW1lR29hbD0iMCIgRW5jb2Rpbmc9InV0Zi04IiBFeHBlY3RlZEh0dHBTdGF0dXNDb2RlPSIwIiBFeHBlY3RlZFJlc3BvbnNlVXJsPSIiIFJlcG9ydGluZ05hbWU9IiIgSWdub3JlSHR0cFN0YXR1c0NvZGU9IkZhbHNlIj4NCiAgICAgIDxTdHJpbmdIdHRwQm9keSBDb250ZW50VHlwZT0iYXBwbGljYXRpb24vanNvbjsgY2hhcnNldD11dGYtOCIgSW5zZXJ0Qnl0ZU9yZGVyTWFyaz0iRmFsc2UiPmV3QWlBR3NBYmdCdkFIY0FiZ0JEQUdFQWRBQmxBR2NBYndCeUFIa0FWZ0JoQUd3QWRRQmxBSE1BSWdBNkFDSUFRd0J2QUcwQWNBQkpBRVFBT2dCVEFGQUFTQUJDQUVzQU1RQTdBRVFBWlFCd0FIUUFTUUJFQURvQU1BQXdBREFBUndBd0FEQUFPd0JQQUhJQVp3QmhBRzRBU1FCRUFEb0FNQUF3QURBQVJ3QTVBREFBT3dBaUFDd0FJZ0JqQUdFQWRBQmxBR2NBYndCeUFIa0FJZ0E2QUNJQVZRQnpBR1VBY2dCSkFFUUFJZ0FzQUNJQVl3QnZBRzRBZEFCbEFIZ0FkQUJMQUdVQWVRQWlBRG9BSWdCSkFITUFVZ0JsQUdFQVpBQlBBRzRBYkFCNUFEb0FUZ0E3QUZNQVpRQnNBR1VBWXdCMEFHVUFaQUJXQUdFQWJBQjFBR1VBT2dBNkFEb0FPZ0E2QURvQU9nQTdBRWtBY3dCREFHZ0Fhd0JXQUdFQWJBQnBBR1FBT2dCWkFEc0FWZ0JoQUd3QWFRQmtBRXNBWlFCNUFFd0FhUUJ6QUhRQU9nQTdBQ0lBZlFBPTwvU3RyaW5nSHR0cEJvZHk+DQogICAgPC9SZXF1ZXN0Pg0KICAgIDxSZXF1ZXN0IE1ldGhvZD0iUE9TVCIgR3VpZD0iMDNmY2ZmMzktNzA3Ni00NjkyLWFmMmItNjc1ZmI4MWYyMzlmIiBWZXJzaW9uPSIxLjEiIFVybD0iaHR0cDovLzEwLjExLjM2LjExNDo4MDA3L1V0aWwvV2NmQ2FzY2FkaW5nSGVscGVyLnN2Yy9VdGlsX0dldFVzZXIiIFRoaW5rVGltZT0iMzAiIFRpbWVvdXQ9IjMwMCIgUGFyc2VEZXBlbmRlbnRSZXF1ZXN0cz0iVHJ1ZSIgRm9sbG93UmVkaXJlY3RzPSJUcnVlIiBSZWNvcmRSZXN1bHQ9IlRydWUiIENhY2hlPSJGYWxzZSIgUmVzcG9uc2VUaW1lR29hbD0iMCIgRW5jb2Rpbmc9InV0Zi04IiBFeHBlY3RlZEh0dHBTdGF0dXNDb2RlPSIwIiBFeHBlY3RlZFJlc3BvbnNlVXJsPSIiIFJlcG9ydGluZ05hbWU9IiIgSWdub3JlSHR0cFN0YXR1c0NvZGU9IkZhbHNlIj4NCiAgICAgIDxTdHJpbmdIdHRwQm9keSBDb250ZW50VHlwZT0iYXBwbGljYXRpb24vanNvbjsgY2hhcnNldD11dGYtOCIgSW5zZXJ0Qnl0ZU9yZGVyTWFyaz0iRmFsc2UiPmV3QWlBR3NBYmdCdkFIY0FiZ0JEQUdFQWRBQmxBR2NBYndCeUFIa0FWZ0JoQUd3QWRRQmxBSE1BSWdBNkFDSUFJZ0FzQUNJQVl3QmhBSFFBWlFCbkFHOEFjZ0I1QUNJQU9nQWlBRU1BWVFCMEFHVUFad0J2QUhJQWVRQXdBREVBSWdBc0FDSUFZd0J2QUc0QWRBQmxBSGdBZEFCTEFHVUFlUUFpQURvQUlnQkpBSE1BVWdCbEFHRUFaQUJQQUc0QWJBQjVBRG9BVGdBN0FGTUFaUUJzQUdVQVl3QjBBR1VBWkFCV0FHRUFiQUIxQUdVQU9nQTZBRG9BT2dBNkFEb0FPZ0E3QUVrQWN3QkRBR2dBYXdCV0FHRUFiQUJwQUdRQU9nQlpBRHNBVmdCaEFHd0FhUUJrQUVzQVpRQjVBRXdBYVFCekFIUUFPZ0E3QUNJQWZRQT08L1N0cmluZ0h0dHBCb2R5Pg0KICAgIDwvUmVxdWVzdD4NCiAgICA8UmVxdWVzdCBNZXRob2Q9IlBPU1QiIEd1aWQ9ImU0YzIyZGNkLWE4ZDktNGYzYS05YzU1LTk4MDMxNGM0YjBhZSIgVmVyc2lvbj0iMS4xIiBVcmw9Imh0dHA6Ly8xMC4xMS4zNi4xMTQ6ODAwNy9PdmVyVGltZS9PdmVydGltZVByZU9yZGVyX0FkZC5hc3B4IiBUaGlua1RpbWU9IjIiIFRpbWVvdXQ9IjMwMCIgUGFyc2VEZXBlbmRlbnRSZXF1ZXN0cz0iVHJ1ZSIgRm9sbG93UmVkaXJlY3RzPSJUcnVlIiBSZWNvcmRSZXN1bHQ9IlRydWUiIENhY2hlPSJGYWxzZSIgUmVzcG9uc2VUaW1lR29hbD0iMCIgRW5jb2Rpbmc9InV0Zi04IiBFeHBlY3RlZEh0dHBTdGF0dXNDb2RlPSIwIiBFeHBlY3RlZFJlc3BvbnNlVXJsPSIiIFJlcG9ydGluZ05hbWU9IiIgSWdub3JlSHR0cFN0YXR1c0NvZGU9IkZhbHNlIj4NCiAgICAgIDxFeHRyYWN0aW9uUnVsZXM+DQogICAgICAgIDxFeHRyYWN0aW9uUnVsZSBDbGFzc25hbWU9Ik1pY3Jvc29mdC5WaXN1YWxTdHVkaW8uVGVzdFRvb2xzLldlYlRlc3RpbmcuUnVsZXMuRXh0cmFjdEhpZGRlbkZpZWxkcywgTWljcm9zb2Z0LlZpc3VhbFN0dWRpby5RdWFsaXR5VG9vbHMuV2ViVGVzdEZyYW1ld29yaywgVmVyc2lvbj0xMC4wLjAuMCwgQ3VsdHVyZT1uZXV0cmFsLCBQdWJsaWNLZXlUb2tlbj1iMDNmNWY3ZjExZDUwYTNhIiBWYXJpYWJsZU5hbWU9IjEiIERpc3BsYXlOYW1lPSLmk7flj5bpmrHol4/mrITkvY0iIERlc2NyaXB0aW9uPSLmk7flj5blm57mh4nkuK3nmoTmiYDmnInpmrHol4/mrITkvY3vvIzkuKblsIflroPlgJHmlL7lnKjmuKzoqablhaflrrnkuK3jgIIiPg0KICAgICAgICAgIDxSdWxlUGFyYW1ldGVycz4NCiAgICAgICAgICAgIDxSdWxlUGFyYW1ldGVyIE5hbWU9IlJlcXVpcmVkIiBWYWx1ZT0iVHJ1ZSIgLz4NCiAgICAgICAgICAgIDxSdWxlUGFyYW1ldGVyIE5hbWU9Ikh0bWxEZWNvZGUiIFZhbHVlPSJUcnVlIiAvPg0KICAgICAgICAgIDwvUnVsZVBhcmFtZXRlcnM+DQogICAgICAgIDwvRXh0cmFjdGlvblJ1bGU+DQogICAgICA8L0V4dHJhY3Rpb25SdWxlcz4NCiAgICAgIDxDb3JyZWxhdGlvbkV4dHJhY3Rpb25SdWxlcz4NCiAgICAgICAgPEV4dHJhY3Rpb25SdWxlIENsYXNzbmFtZT0iTWljcm9zb2Z0LlZpc3VhbFN0dWRpby5UZXN0VG9vbHMuV2ViVGVzdGluZy5SdWxlcy5FeHRyYWN0Rm9ybUZpZWxkLCBNaWNyb3NvZnQuVmlzdWFsU3R1ZGlvLlF1YWxpdHlUb29scy5XZWJUZXN0RnJhbWV3b3JrLCBWZXJzaW9uPTEwLjAuMC4wLCBDdWx0dXJlPW5ldXRyYWwsIFB1YmxpY0tleVRva2VuPWIwM2Y1ZjdmMTFkNTBhM2EiIFZhcmlhYmxlTmFtZT0iRm9ybVBvc3RQYXJhbTMzLmJ0blRlbXBTYXZlSW52aXNpYmxlIiBEaXNwbGF5TmFtZT0iIiBEZXNjcmlwdGlvbj0iIj4NCiAgICAgICAgICA8UnVsZVBhcmFtZXRlcnM+DQogICAgICAgICAgICA8UnVsZVBhcmFtZXRlciBOYW1lPSJOYW1lIiBWYWx1ZT0iYnRuVGVtcFNhdmVJbnZpc2libGUiIC8+DQogICAgICAgICAgICA8UnVsZVBhcmFtZXRlciBOYW1lPSJIdG1sRGVjb2RlIiBWYWx1ZT0iVHJ1ZSIgLz4NCiAgICAgICAgICAgIDxSdWxlUGFyYW1ldGVyIE5hbWU9IlJlcXVpcmVkIiBWYWx1ZT0iRmFsc2UiIC8+DQogICAgICAgICAgICA8UnVsZVBhcmFtZXRlciBOYW1lPSJJbmRleCIgVmFsdWU9IjAiIC8+DQogICAgICAgICAgPC9SdWxlUGFyYW1ldGVycz4NCiAgICAgICAgPC9FeHRyYWN0aW9uUnVsZT4NCiAgICAgICAgPEV4dHJhY3Rpb25SdWxlIENsYXNzbmFtZT0iTWljcm9zb2Z0LlZpc3VhbFN0dWRpby5UZXN0VG9vbHMuV2ViVGVzdGluZy5SdWxlcy5FeHRyYWN0Rm9ybUZpZWxkLCBNaWNyb3NvZnQuVmlzdWFsU3R1ZGlvLlF1YWxpdHlUb29scy5XZWJUZXN0RnJhbWV3b3JrLCBWZXJzaW9uPTEwLjAuMC4wLCBDdWx0dXJlPW5ldXRyYWwsIFB1YmxpY0tleVRva2VuPWIwM2Y1ZjdmMTFkNTBhM2EiIFZhcmlhYmxlTmFtZT0iRm9ybVBvc3RQYXJhbTM0Lk9URW1wSUQiIERpc3BsYXlOYW1lPSIiIERlc2NyaXB0aW9uPSIiPg0KICAgICAgICAgIDxSdWxlUGFyYW1ldGVycz4NCiAgICAgICAgICAgIDxSdWxlUGFyYW1ldGVyIE5hbWU9Ik5hbWUiIFZhbHVlPSJyYnRTaW5nbGVFbXBJRCIgLz4NCiAgICAgICAgICAgIDxSdWxlUGFyYW1ldGVyIE5hbWU9Ikh0bWxEZWNvZGUiIFZhbHVlPSJUcnVlIiAvPg0KICAgICAgICAgICAgPFJ1bGVQYXJhbWV0ZXIgTmFtZT0iUmVxdWlyZWQiIFZhbHVlPSJGYWxzZSIgLz4NCiAgICAgICAgICAgIDxSdWxlUGFyYW1ldGVyIE5hbWU9IkluZGV4IiBWYWx1ZT0iMCIgLz4NCiAgICAgICAgICA8L1J1bGVQYXJhbWV0ZXJzPg0KICAgICAgICA8L0V4dHJhY3Rpb25SdWxlPg0KICAgICAgICA8RXh0cmFjdGlvblJ1bGUgQ2xhc3NuYW1lPSJNaWNyb3NvZnQuVmlzdWFsU3R1ZGlvLlRlc3RUb29scy5XZWJUZXN0aW5nLlJ1bGVzLkV4dHJhY3RGb3JtRmllbGQsIE1pY3Jvc29mdC5WaXN1YWxTdHVkaW8uUXVhbGl0eVRvb2xzLldlYlRlc3RGcmFtZXdvcmssIFZlcnNpb249MTAuMC4wLjAsIEN1bHR1cmU9bmV1dHJhbCwgUHVibGljS2V5VG9rZW49YjAzZjVmN2YxMWQ1MGEzYSIgVmFyaWFibGVOYW1lPSJGb3JtUG9zdFBhcmFtMzUudHh0T1RFbXBJRCIgRGlzcGxheU5hbWU9IiIgRGVzY3JpcHRpb249IiI+DQogICAgICAgICAgPFJ1bGVQYXJhbWV0ZXJzPg0KICAgICAgICAgICAgPFJ1bGVQYXJhbWV0ZXIgTmFtZT0iTmFtZSIgVmFsdWU9InR4dE9URW1wSUQiIC8+DQogICAgICAgICAgICA8UnVsZVBhcmFtZXRlciBOYW1lPSJIdG1sRGVjb2RlIiBWYWx1ZT0iVHJ1ZSIgLz4NCiAgICAgICAgICAgIDxSdWxlUGFyYW1ldGVyIE5hbWU9IlJlcXVpcmVkIiBWYWx1ZT0iRmFsc2UiIC8+DQogICAgICAgICAgICA8UnVsZVBhcmFtZXRlciBOYW1lPSJJbmRleCIgVmFsdWU9IjAiIC8+DQogICAgICAgICAgPC9SdWxlUGFyYW1ldGVycz4NCiAgICAgICAgPC9FeHRyYWN0aW9uUnVsZT4NCiAgICAgICAgPEV4dHJhY3Rpb25SdWxlIENsYXNzbmFtZT0iTWljcm9zb2Z0LlZpc3VhbFN0dWRpby5UZXN0VG9vbHMuV2ViVGVzdGluZy5SdWxlcy5FeHRyYWN0Rm9ybUZpZWxkLCBNaWNyb3NvZnQuVmlzdWFsU3R1ZGlvLlF1YWxpdHlUb29scy5XZWJUZXN0RnJhbWV3b3JrLCBWZXJzaW9uPTEwLjAuMC4wLCBDdWx0dXJlPW5ldXRyYWwsIFB1YmxpY0tleVRva2VuPWIwM2Y1ZjdmMTFkNTBhM2EiIFZhcmlhYmxlTmFtZT0iRm9ybVBvc3RQYXJhbTM2LnR4dE9URW1wTmFtZSIgRGlzcGxheU5hbWU9IiIgRGVzY3JpcHRpb249IiI+DQogICAgICAgICAgPFJ1bGVQYXJhbWV0ZXJzPg0KICAgICAgICAgICAgPFJ1bGVQYXJhbWV0ZXIgTmFtZT0iTmFtZSIgVmFsdWU9InR4dE9URW1wTmFtZSIgLz4NCiAgICAgICAgICAgIDxSdWxlUGFyYW1ldGVyIE5hbWU9Ikh0bWxEZWNvZGUiIFZhbHVlPSJUcnVlIiAvPg0KICAgICAgICAgICAgPFJ1bGVQYXJhbWV0ZXIgTmFtZT0iUmVxdWlyZWQiIFZhbHVlPSJGYWxzZSIgLz4NCiAgICAgICAgICAgIDxSdWxlUGFyYW1ldGVyIE5hbWU9IkluZGV4IiBWYWx1ZT0iMCIgLz4NCiAgICAgICAgICA8L1J1bGVQYXJhbWV0ZXJzPg0KICAgICAgICA8L0V4dHJhY3Rpb25SdWxlPg0KICAgICAgICA8RXh0cmFjdGlvblJ1bGUgQ2xhc3NuYW1lPSJNaWNyb3NvZnQuVmlzdWFsU3R1ZGlvLlRlc3RUb29scy5XZWJUZXN0aW5nLlJ1bGVzLkV4dHJhY3RGb3JtRmllbGQsIE1pY3Jvc29mdC5WaXN1YWxTdHVkaW8uUXVhbGl0eVRvb2xzLldlYlRlc3RGcmFtZXdvcmssIFZlcnNpb249MTAuMC4wLjAsIEN1bHR1cmU9bmV1dHJhbCwgUHVibGljS2V5VG9rZW49YjAzZjVmN2YxMWQ1MGEzYSIgVmFyaWFibGVOYW1lPSJGb3JtUG9zdFBhcmFtMzcudWNEYXRlU3RhcnQkdHh0RGF0ZSIgRGlzcGxheU5hbWU9IiIgRGVzY3JpcHRpb249IiI+DQogICAgICAgICAgPFJ1bGVQYXJhbWV0ZXJzPg0KICAgICAgICAgICAgPFJ1bGVQYXJhbWV0ZXIgTmFtZT0iTmFtZSIgVmFsdWU9InVjRGF0ZVN0YXJ0X3R4dERhdGUiIC8+DQogICAgICAgICAgICA8UnVsZVBhcmFtZXRlciBOYW1lPSJIdG1sRGVjb2RlIiBWYWx1ZT0iVHJ1ZSIgLz4NCiAgICAgICAgICAgIDxSdWxlUGFyYW1ldGVyIE5hbWU9IlJlcXVpcmVkIiBWYWx1ZT0iRmFsc2UiIC8+DQogICAgICAgICAgICA8UnVsZVBhcmFtZXRlciBOYW1lPSJJbmRleCIgVmFsdWU9IjAiIC8+DQogICAgICAgICAgPC9SdWxlUGFyYW1ldGVycz4NCiAgICAgICAgPC9FeHRyYWN0aW9uUnVsZT4NCiAgICAgICAgPEV4dHJhY3Rpb25SdWxlIENsYXNzbmFtZT0iTWljcm9zb2Z0LlZpc3VhbFN0dWRpby5UZXN0VG9vbHMuV2ViVGVzdGluZy5SdWxlcy5FeHRyYWN0Rm9ybUZpZWxkLCBNaWNyb3NvZnQuVmlzdWFsU3R1ZGlvLlF1YWxpdHlUb29scy5XZWJUZXN0RnJhbWV3b3JrLCBWZXJzaW9uPTEwLjAuMC4wLCBDdWx0dXJlPW5ldXRyYWwsIFB1YmxpY0tleVRva2VuPWIwM2Y1ZjdmMTFkNTBhM2EiIFZhcmlhYmxlTmFtZT0iRm9ybVBvc3RQYXJhbTM4LnVjRGF0ZUVuZCR0eHREYXRlIiBEaXNwbGF5TmFtZT0iIiBEZXNjcmlwdGlvbj0iIj4NCiAgICAgICAgICA8UnVsZVBhcmFtZXRlcnM+DQogICAgICAgICAgICA8UnVsZVBhcmFtZXRlciBOYW1lPSJOYW1lIiBWYWx1ZT0idWNEYXRlRW5kX3R4dERhdGUiIC8+DQogICAgICAgICAgICA8UnVsZVBhcmFtZXRlciBOYW1lPSJIdG1sRGVjb2RlIiBWYWx1ZT0iVHJ1ZSIgLz4NCiAgICAgICAgICAgIDxSdWxlUGFyYW1ldGVyIE5hbWU9IlJlcXVpcmVkIiBWYWx1ZT0iRmFsc2UiIC8+DQogICAgICAgICAgICA8UnVsZVBhcmFtZXRlciBOYW1lPSJJbmRleCIgVmFsdWU9IjAiIC8+DQogICAgICAgICAgPC9SdWxlUGFyYW1ldGVycz4NCiAgICAgICAgPC9FeHRyYWN0aW9uUnVsZT4NCiAgICAgICAgPEV4dHJhY3Rpb25SdWxlIENsYXNzbmFtZT0iTWljcm9zb2Z0LlZpc3VhbFN0dWRpby5UZXN0VG9vbHMuV2ViVGVzdGluZy5SdWxlcy5FeHRyYWN0VGV4dCwgTWljcm9zb2Z0LlZpc3VhbFN0dWRpby5RdWFsaXR5VG9vbHMuV2ViVGVzdEZyYW1ld29yaywgVmVyc2lvbj0xMC4wLjAuMCwgQ3VsdHVyZT1uZXV0cmFsLCBQdWJsaWNLZXlUb2tlbj1iMDNmNWY3ZjExZDUwYTNhIiBWYXJpYWJsZU5hbWU9IkZvcm1Qb3N0UGFyYW0zOS5PVFRpbWVTdGFydCRkZGxISCIgRGlzcGxheU5hbWU9IiIgRGVzY3JpcHRpb249IiI+DQogICAgICAgICAgPFJ1bGVQYXJhbWV0ZXJzPg0KICAgICAgICAgICAgPFJ1bGVQYXJhbWV0ZXIgTmFtZT0iU3RhcnRzV2l0aCIgVmFsdWU9Imx1ZT0mcXVvdDsiIC8+DQogICAgICAgICAgICA8UnVsZVBhcmFtZXRlciBOYW1lPSJFbmRzV2l0aCIgVmFsdWU9IiZxdW90OyZndDswMCZsdDsiIC8+DQogICAgICAgICAgICA8UnVsZVBhcmFtZXRlciBOYW1lPSJJbmRleCIgVmFsdWU9IjMwIiAvPg0KICAgICAgICAgICAgPFJ1bGVQYXJhbWV0ZXIgTmFtZT0iSWdub3JlQ2FzZSIgVmFsdWU9IkZhbHNlIiAvPg0KICAgICAgICAgICAgPFJ1bGVQYXJhbWV0ZXIgTmFtZT0iVXNlUmVndWxhckV4cHJlc3Npb24iIFZhbHVlPSJGYWxzZSIgLz4NCiAgICAgICAgICAgIDxSdWxlUGFyYW1ldGVyIE5hbWU9Ikh0bWxEZWNvZGUiIFZhbHVlPSJUcnVlIiAvPg0KICAgICAgICAgICAgPFJ1bGVQYXJhbWV0ZXIgTmFtZT0iUmVxdWlyZWQiIFZhbHVlPSJGYWxzZSIgLz4NCiAgICAgICAgICA8L1J1bGVQYXJhbWV0ZXJzPg0KICAgICAgICA8L0V4dHJhY3Rpb25SdWxlPg0KICAgICAgICA8RXh0cmFjdGlvblJ1bGUgQ2xhc3NuYW1lPSJNaWNyb3NvZnQuVmlzdWFsU3R1ZGlvLlRlc3RUb29scy5XZWJUZXN0aW5nLlJ1bGVzLkV4dHJhY3RUZXh0LCBNaWNyb3NvZnQuVmlzdWFsU3R1ZGlvLlF1YWxpdHlUb29scy5XZWJUZXN0RnJhbWV3b3JrLCBWZXJzaW9uPTEwLjAuMC4wLCBDdWx0dXJlPW5ldXRyYWwsIFB1YmxpY0tleVRva2VuPWIwM2Y1ZjdmMTFkNTBhM2EiIFZhcmlhYmxlTmFtZT0iRm9ybVBvc3RQYXJhbTQwLk9UVGltZVN0YXJ0JGRkbE1NIiBEaXNwbGF5TmFtZT0iIiBEZXNjcmlwdGlvbj0iIj4NCiAgICAgICAgICA8UnVsZVBhcmFtZXRlcnM+DQogICAgICAgICAgICA8UnVsZVBhcmFtZXRlciBOYW1lPSJTdGFydHNXaXRoIiBWYWx1ZT0ibHVlPSZxdW90OyIgLz4NCiAgICAgICAgICAgIDxSdWxlUGFyYW1ldGVyIE5hbWU9IkVuZHNXaXRoIiBWYWx1ZT0iJnF1b3Q7Jmd0OzAwJmx0OyIgLz4NCiAgICAgICAgICAgIDxSdWxlUGFyYW1ldGVyIE5hbWU9IkluZGV4IiBWYWx1ZT0iMzAiIC8+DQogICAgICAgICAgICA8UnVsZVBhcmFtZXRlciBOYW1lPSJJZ25vcmVDYXNlIiBWYWx1ZT0iRmFsc2UiIC8+DQogICAgICAgICAgICA8UnVsZVBhcmFtZXRlciBOYW1lPSJVc2VSZWd1bGFyRXhwcmVzc2lvbiIgVmFsdWU9IkZhbHNlIiAvPg0KICAgICAgICAgICAgPFJ1bGVQYXJhbWV0ZXIgTmFtZT0iSHRtbERlY29kZSIgVmFsdWU9IlRydWUiIC8+DQogICAgICAgICAgICA8UnVsZVBhcmFtZXRlciBOYW1lPSJSZXF1aXJlZCIgVmFsdWU9IkZhbHNlIiAvPg0KICAgICAgICAgIDwvUnVsZVBhcmFtZXRlcnM+DQogICAgICAgIDwvRXh0cmFjdGlvblJ1bGU+DQogICAgICAgIDxFeHRyYWN0aW9uUnVsZSBDbGFzc25hbWU9Ik1pY3Jvc29mdC5WaXN1YWxTdHVkaW8uVGVzdFRvb2xzLldlYlRlc3RpbmcuUnVsZXMuRXh0cmFjdFRleHQsIE1pY3Jvc29mdC5WaXN1YWxTdHVkaW8uUXVhbGl0eVRvb2xzLldlYlRlc3RGcmFtZXdvcmssIFZlcnNpb249MTAuMC4wLjAsIEN1bHR1cmU9bmV1dHJhbCwgUHVibGljS2V5VG9rZW49YjAzZjVmN2YxMWQ1MGEzYSIgVmFyaWFibGVOYW1lPSJGb3JtUG9zdFBhcmFtNDEuT1RUaW1lRW5kJGRkbEhIIiBEaXNwbGF5TmFtZT0iIiBEZXNjcmlwdGlvbj0iIj4NCiAgICAgICAgICA8UnVsZVBhcmFtZXRlcnM+DQogICAgICAgICAgICA8UnVsZVBhcmFtZXRlciBOYW1lPSJTdGFydHNXaXRoIiBWYWx1ZT0ibHVlPSZxdW90OyIgLz4NCiAgICAgICAgICAgIDxSdWxlUGFyYW1ldGVyIE5hbWU9IkVuZHNXaXRoIiBWYWx1ZT0iJnF1b3Q7Jmd0OzAxJmx0OyIgLz4NCiAgICAgICAgICAgIDxSdWxlUGFyYW1ldGVyIE5hbWU9IkluZGV4IiBWYWx1ZT0iMzEiIC8+DQogICAgICAgICAgICA8UnVsZVBhcmFtZXRlciBOYW1lPSJJZ25vcmVDYXNlIiBWYWx1ZT0iRmFsc2UiIC8+DQogICAgICAgICAgICA8UnVsZVBhcmFtZXRlciBOYW1lPSJVc2VSZWd1bGFyRXhwcmVzc2lvbiIgVmFsdWU9IkZhbHNlIiAvPg0KICAgICAgICAgICAgPFJ1bGVQYXJhbWV0ZXIgTmFtZT0iSHRtbERlY29kZSIgVmFsdWU9IlRydWUiIC8+DQogICAgICAgICAgICA8UnVsZVBhcmFtZXRlciBOYW1lPSJSZXF1aXJlZCIgVmFsdWU9IkZhbHNlIiAvPg0KICAgICAgICAgIDwvUnVsZVBhcmFtZXRlcnM+DQogICAgICAgIDwvRXh0cmFjdGlvblJ1bGU+DQogICAgICAgIDxFeHRyYWN0aW9uUnVsZSBDbGFzc25hbWU9Ik1pY3Jvc29mdC5WaXN1YWxTdHVkaW8uVGVzdFRvb2xzLldlYlRlc3RpbmcuUnVsZXMuRXh0cmFjdFRleHQsIE1pY3Jvc29mdC5WaXN1YWxTdHVkaW8uUXVhbGl0eVRvb2xzLldlYlRlc3RGcmFtZXdvcmssIFZlcnNpb249MTAuMC4wLjAsIEN1bHR1cmU9bmV1dHJhbCwgUHVibGljS2V5VG9rZW49YjAzZjVmN2YxMWQ1MGEzYSIgVmFyaWFibGVOYW1lPSJGb3JtUG9zdFBhcmFtNDIuT1RUaW1lRW5kJGRkbE1NIiBEaXNwbGF5TmFtZT0iIiBEZXNjcmlwdGlvbj0iIj4NCiAgICAgICAgICA8UnVsZVBhcmFtZXRlcnM+DQogICAgICAgICAgICA8UnVsZVBhcmFtZXRlciBOYW1lPSJTdGFydHNXaXRoIiBWYWx1ZT0ibHVlPSZxdW90OyIgLz4NCiAgICAgICAgICAgIDxSdWxlUGFyYW1ldGVyIE5hbWU9IkVuZHNXaXRoIiBWYWx1ZT0iJnF1b3Q7Jmd0OzAwJmx0OyIgLz4NCiAgICAgICAgICAgIDxSdWxlUGFyYW1ldGVyIE5hbWU9IkluZGV4IiBWYWx1ZT0iMzAiIC8+DQogICAgICAgICAgICA8UnVsZVBhcmFtZXRlciBOYW1lPSJJZ25vcmVDYXNlIiBWYWx1ZT0iRmFsc2UiIC8+DQogICAgICAgICAgICA8UnVsZVBhcmFtZXRlciBOYW1lPSJVc2VSZWd1bGFyRXhwcmVzc2lvbiIgVmFsdWU9IkZhbHNlIiAvPg0KICAgICAgICAgICAgPFJ1bGVQYXJhbWV0ZXIgTmFtZT0iSHRtbERlY29kZSIgVmFsdWU9IlRydWUiIC8+DQogICAgICAgICAgICA8UnVsZVBhcmFtZXRlciBOYW1lPSJSZXF1aXJlZCIgVmFsdWU9IkZhbHNlIiAvPg0KICAgICAgICAgIDwvUnVsZVBhcmFtZXRlcnM+DQogICAgICAgIDwvRXh0cmFjdGlvblJ1bGU+DQogICAgICAgIDxFeHRyYWN0aW9uUnVsZSBDbGFzc25hbWU9Ik1pY3Jvc29mdC5WaXN1YWxTdHVkaW8uVGVzdFRvb2xzLldlYlRlc3RpbmcuUnVsZXMuRXh0cmFjdFRleHQsIE1pY3Jvc29mdC5WaXN1YWxTdHVkaW8uUXVhbGl0eVRvb2xzLldlYlRlc3RGcmFtZXdvcmssIFZlcnNpb249MTAuMC4wLjAsIEN1bHR1cmU9bmV1dHJhbCwgUHVibGljS2V5VG9rZW49YjAzZjVmN2YxMWQ1MGEzYSIgVmFyaWFibGVOYW1lPSJGb3JtUG9zdFBhcmFtNDMuZGRsT1RUeXBlSUQiIERpc3BsYXlOYW1lPSIiIERlc2NyaXB0aW9uPSIiPg0KICAgICAgICAgIDxSdWxlUGFyYW1ldGVycz4NCiAgICAgICAgICAgIDxSdWxlUGFyYW1ldGVyIE5hbWU9IlN0YXJ0c1dpdGgiIFZhbHVlPSJsdWU9JnF1b3Q7IiAvPg0KICAgICAgICAgICAgPFJ1bGVQYXJhbWV0ZXIgTmFtZT0iRW5kc1dpdGgiIFZhbHVlPSImcXVvdDsmZ3Q7MTAmbHQ7IiAvPg0KICAgICAgICAgICAgPFJ1bGVQYXJhbWV0ZXIgTmFtZT0iSW5kZXgiIFZhbHVlPSI0MCIgLz4NCiAgICAgICAgICAgIDxSdWxlUGFyYW1ldGVyIE5hbWU9Iklnbm9yZUNhc2UiIFZhbHVlPSJGYWxzZSIgLz4NCiAgICAgICAgICAgIDxSdWxlUGFyYW1ldGVyIE5hbWU9IlVzZVJlZ3VsYXJFeHByZXNzaW9uIiBWYWx1ZT0iRmFsc2UiIC8+DQogICAgICAgICAgICA8UnVsZVBhcmFtZXRlciBOYW1lPSJIdG1sRGVjb2RlIiBWYWx1ZT0iVHJ1ZSIgLz4NCiAgICAgICAgICAgIDxSdWxlUGFyYW1ldGVyIE5hbWU9IlJlcXVpcmVkIiBWYWx1ZT0iRmFsc2UiIC8+DQogICAgICAgICAgPC9SdWxlUGFyYW1ldGVycz4NCiAgICAgICAgPC9FeHRyYWN0aW9uUnVsZT4NCiAgICAgICAgPEV4dHJhY3Rpb25SdWxlIENsYXNzbmFtZT0iTWljcm9zb2Z0LlZpc3VhbFN0dWRpby5UZXN0VG9vbHMuV2ViVGVzdGluZy5SdWxlcy5FeHRyYWN0VGV4dCwgTWljcm9zb2Z0LlZpc3VhbFN0dWRpby5RdWFsaXR5VG9vbHMuV2ViVGVzdEZyYW1ld29yaywgVmVyc2lvbj0xMC4wLjAuMCwgQ3VsdHVyZT1uZXV0cmFsLCBQdWJsaWNLZXlUb2tlbj1iMDNmNWY3ZjExZDUwYTNhIiBWYXJpYWJsZU5hbWU9IkZvcm1Qb3N0UGFyYW00NC5kZGxPcmciIERpc3BsYXlOYW1lPSIiIERlc2NyaXB0aW9uPSIiPg0KICAgICAgICAgIDxSdWxlUGFyYW1ldGVycz4NCiAgICAgICAgICAgIDxSdWxlUGFyYW1ldGVyIE5hbWU9IlN0YXJ0c1dpdGgiIFZhbHVlPSImcXVvdDswJnF1b3Q7LCZxdW90OyIgLz4NCiAgICAgICAgICAgIDxSdWxlUGFyYW1ldGVyIE5hbWU9IkVuZHNXaXRoIiBWYWx1ZT0iJnF1b3Q7LCZxdW90OzImcXVvdDsiIC8+DQogICAgICAgICAgICA8UnVsZVBhcmFtZXRlciBOYW1lPSJJbmRleCIgVmFsdWU9IjAiIC8+DQogICAgICAgICAgICA8UnVsZVBhcmFtZXRlciBOYW1lPSJJZ25vcmVDYXNlIiBWYWx1ZT0iRmFsc2UiIC8+DQogICAgICAgICAgICA8UnVsZVBhcmFtZXRlciBOYW1lPSJVc2VSZWd1bGFyRXhwcmVzc2lvbiIgVmFsdWU9IkZhbHNlIiAvPg0KICAgICAgICAgICAgPFJ1bGVQYXJhbWV0ZXIgTmFtZT0iSHRtbERlY29kZSIgVmFsdWU9IlRydWUiIC8+DQogICAgICAgICAgICA8UnVsZVBhcmFtZXRlciBOYW1lPSJSZXF1aXJlZCIgVmFsdWU9IkZhbHNlIiAvPg0KICAgICAgICAgIDwvUnVsZVBhcmFtZXRlcnM+DQogICAgICAgIDwvRXh0cmFjdGlvblJ1bGU+DQogICAgICAgIDxFeHRyYWN0aW9uUnVsZSBDbGFzc25hbWU9Ik1pY3Jvc29mdC5WaXN1YWxTdHVkaW8uVGVzdFRvb2xzLldlYlRlc3RpbmcuUnVsZXMuRXh0cmFjdFRleHQsIE1pY3Jvc29mdC5WaXN1YWxTdHVkaW8uUXVhbGl0eVRvb2xzLldlYlRlc3RGcmFtZXdvcmssIFZlcnNpb249MTAuMC4wLjAsIEN1bHR1cmU9bmV1dHJhbCwgUHVibGljS2V5VG9rZW49YjAzZjVmN2YxMWQ1MGEzYSIgVmFyaWFibGVOYW1lPSJGb3JtUG9zdFBhcmFtNDUudWNDYXNjYWRpbmdEcm9wRG93bjEkZGRsMDIiIERpc3BsYXlOYW1lPSIiIERlc2NyaXB0aW9uPSIiPg0KICAgICAgICAgIDxSdWxlUGFyYW1ldGVycz4NCiAgICAgICAgICAgIDxSdWxlUGFyYW1ldGVyIE5hbWU9IlN0YXJ0c1dpdGgiIFZhbHVlPSJsdWU9JnF1b3Q7IiAvPg0KICAgICAgICAgICAgPFJ1bGVQYXJhbWV0ZXIgTmFtZT0iRW5kc1dpdGgiIFZhbHVlPSImcXVvdDsgdGl0IiAvPg0KICAgICAgICAgICAgPFJ1bGVQYXJhbWV0ZXIgTmFtZT0iSW5kZXgiIFZhbHVlPSIyMjAiIC8+DQogICAgICAgICAgICA8UnVsZVBhcmFtZXRlciBOYW1lPSJJZ25vcmVDYXNlIiBWYWx1ZT0iRmFsc2UiIC8+DQogICAgICAgICAgICA8UnVsZVBhcmFtZXRlciBOYW1lPSJVc2VSZWd1bGFyRXhwcmVzc2lvbiIgVmFsdWU9IkZhbHNlIiAvPg0KICAgICAgICAgICAgPFJ1bGVQYXJhbWV0ZXIgTmFtZT0iSHRtbERlY29kZSIgVmFsdWU9IlRydWUiIC8+DQogICAgICAgICAgICA8UnVsZVBhcmFtZXRlciBOYW1lPSJSZXF1aXJlZCIgVmFsdWU9IkZhbHNlIiAvPg0KICAgICAgICAgIDwvUnVsZVBhcmFtZXRlcnM+DQogICAgICAgIDwvRXh0cmFjdGlvblJ1bGU+DQogICAgICAgIDxFeHRyYWN0aW9uUnVsZSBDbGFzc25hbWU9Ik1pY3Jvc29mdC5WaXN1YWxTdHVkaW8uVGVzdFRvb2xzLldlYlRlc3RpbmcuUnVsZXMuRXh0cmFjdFRleHQsIE1pY3Jvc29mdC5WaXN1YWxTdHVkaW8uUXVhbGl0eVRvb2xzLldlYlRlc3RGcmFtZXdvcmssIFZlcnNpb249MTAuMC4wLjAsIEN1bHR1cmU9bmV1dHJhbCwgUHVibGljS2V5VG9rZW49YjAzZjVmN2YxMWQ1MGEzYSIgVmFyaWFibGVOYW1lPSJGb3JtUG9zdFBhcmFtNDYudWNDYXNjYWRpbmdEcm9wRG93bjEkZGRsMDMiIERpc3BsYXlOYW1lPSIiIERlc2NyaXB0aW9uPSIiPg0KICAgICAgICAgIDxSdWxlUGFyYW1ldGVycz4NCiAgICAgICAgICAgIDxSdWxlUGFyYW1ldGVyIE5hbWU9IlN0YXJ0c1dpdGgiIFZhbHVlPSJsdWU9JnF1b3Q7IiAvPg0KICAgICAgICAgICAgPFJ1bGVQYXJhbWV0ZXIgTmFtZT0iRW5kc1dpdGgiIFZhbHVlPSImcXVvdDsgdGl0IiAvPg0KICAgICAgICAgICAgPFJ1bGVQYXJhbWV0ZXIgTmFtZT0iSW5kZXgiIFZhbHVlPSIyMjEiIC8+DQogICAgICAgICAgICA8UnVsZVBhcmFtZXRlciBOYW1lPSJJZ25vcmVDYXNlIiBWYWx1ZT0iRmFsc2UiIC8+DQogICAgICAgICAgICA8UnVsZVBhcmFtZXRlciBOYW1lPSJVc2VSZWd1bGFyRXhwcmVzc2lvbiIgVmFsdWU9IkZhbHNlIiAvPg0KICAgICAgICAgICAgPFJ1bGVQYXJhbWV0ZXIgTmFtZT0iSHRtbERlY29kZSIgVmFsdWU9IlRydWUiIC8+DQogICAgICAgICAgICA8UnVsZVBhcmFtZXRlciBOYW1lPSJSZXF1aXJlZCIgVmFsdWU9IkZhbHNlIiAvPg0KICAgICAgICAgIDwvUnVsZVBhcmFtZXRlcnM+DQogICAgICAgIDwvRXh0cmFjdGlvblJ1bGU+DQogICAgICA8L0NvcnJlbGF0aW9uRXh0cmFjdGlvblJ1bGVzPg0KICAgICAgPEZvcm1Qb3N0SHR0cEJvZHk+DQogICAgICAgIDxGb3JtUG9zdFBhcmFtZXRlciBOYW1lPSJUb29sa2l0U2NyaXB0TWFuYWdlcjFfSGlkZGVuRmllbGQiIFZhbHVlPSI7O0FqYXhDb250cm9sVG9vbGtpdCwgVmVyc2lvbj00LjEuNy42MDcsIEN1bHR1cmU9bmV1dHJhbCwgUHVibGljS2V5VG9rZW49MjhmMDFiMGU4NGI2ZDUzZTp6aC1IYW50OjdiOTVlZDFhLTZhM2YtNDFkZC1iYzViLTYzZjM5ZWRiYzRiNDpkZTFmZWFiMjpmY2YwZTk5MzpmMmM4ZTcwODo3MjBhNTJiZjpmOWNlYzliYzo1ODllYWEzMDo2OTgxMjljZjpmYjliNGM1NzpjY2I5NmNmOTo4YWQxODEwMTpjYTU3ZWYzYzphNjdjMjcwMDo4NjEzYWVhNzozMjAyYTVhMjphYjA5ZTNmZTo4NzEwNGI3YzpiZTZmYjI5OCIgUmVjb3JkZWRWYWx1ZT0iOztBamF4Q29udHJvbFRvb2xraXQsIFZlcnNpb249NC4xLjcuNjA3LCBDdWx0dXJlPW5ldXRyYWwsIFB1YmxpY0tleVRva2VuPTI4ZjAxYjBlODRiNmQ1M2U6emgtSGFudDo3Yjk1ZWQxYS02YTNmLTQxZGQtYmM1Yi02M2YzOWVkYmM0YjQ6ZGUxZmVhYjI6ZmNmMGU5OTM6ZjJjOGU3MDg6NzIwYTUyYmY6ZjljZWM5YmM6NTg5ZWFhMzA6Njk4MTI5Y2Y6ZmI5YjRjNTc6Y2NiOTZjZjk6OGFkMTgxMDE6Y2E1N2VmM2M6YTY3YzI3MDA6ODYxM2FlYTc6MzIwMmE1YTI6YWIwOWUzZmU6ODcxMDRiN2M6YmU2ZmIyOTgiIENvcnJlbGF0aW9uQmluZGluZz0iIiBVcmxFbmNvZGU9IlRydWUiIC8+DQogICAgICAgIDxGb3JtUG9zdFBhcmFtZXRlciBOYW1lPSJfX0VWRU5UVEFSR0VUIiBWYWx1ZT0ie3skSElEREVOMS5fX0VWRU5UVEFSR0VUfX0iIFJlY29yZGVkVmFsdWU9IiIgQ29ycmVsYXRpb25CaW5kaW5nPSIiIFVybEVuY29kZT0iVHJ1ZSIgLz4NCiAgICAgICAgPEZvcm1Qb3N0UGFyYW1ldGVyIE5hbWU9Il9fRVZFTlRBUkdVTUVOVCIgVmFsdWU9Int7JEhJRERFTjEuX19FVkVOVEFSR1VNRU5UfX0iIFJlY29yZGVkVmFsdWU9IiIgQ29ycmVsYXRpb25CaW5kaW5nPSIiIFVybEVuY29kZT0iVHJ1ZSIgLz4NCiAgICAgICAgPEZvcm1Qb3N0UGFyYW1ldGVyIE5hbWU9Il9fTEFTVEZPQ1VTIiBWYWx1ZT0ie3skSElEREVOMS5fX0xBU1RGT0NVU319IiBSZWNvcmRlZFZhbHVlPSIiIENvcnJlbGF0aW9uQmluZGluZz0iIiBVcmxFbmNvZGU9IlRydWUiIC8+DQogICAgICAgIDxGb3JtUG9zdFBhcmFtZXRlciBOYW1lPSJfX1ZTVEFURSIgVmFsdWU9Int7JEhJRERFTjEuX19WU1RBVEV9fSIgUmVjb3JkZWRWYWx1ZT0iQVIrTENBQUFBQUFBQkFEdEdtdHpHOVhWdXJiOFRteGNZZ2dCYWVQTTRIZ1NTYnVybHlVL3FPMDQyRTBjaDBoSm1BbU1aclY3dmJ0b3RTdDJWN1kxRE5OUUNBa0pLV0VndENHMGxDa3BGQ1pwV3FaZ2twVDJKM1E2L2REUHJlWEhwLzRFZXU3dTZ1RVhCQm94YmFlYlJIdnZ1ZWVlOTduMzNMdjUwdFh4SUhKN1Vxa3hUVFYxVFRHTzRXZnpzbzZQYW9ZNXl2R1pRN2lRU25VM3VyZnJhVE1ocTZLQ3g3TzV5UVB1YmRDZnlpdW12R20zUmM2S2g3bTh5a3Z1Tm1nK2tjZUdLV3VxdTQyWE1sT1lVdzRxbk9odUZHZW5PRm50R054WDE0NGFkelExVHlmSE5ESWRHZ2MxUFh0a3VtazZhZEZybkU0ZTRFd01yNlNjeFczdzBreE9JVzNBU002ck1BVjlDVStIME9GdTlVV2lkSVJsSXFGSVJ6ZmxhVTRCQlRMWnZaT0p4ZGhBZjRDaHFjV0Y4OFdMNXlpR2pkTTAvUFYwcHlhTkVRWHJaZ0liQnNoSktHdDVVL0owcEk1eUlwNDBwckRKSlRuUkVEM2JIUWdSOExBbVNwNm1sTTZwR2RBWjBWSFBEbWNVRk5ZTENWTUhnMWxJYmFtVG1wNUp5Q1lHeFBvd3NOenRZSTdrVFcwa2wxTUs0OWswRmdoc3pEREdGTTRBWHIwbDdtQWxFLzRsZUhDUUFwNlJpVEduMVpLUFJLQS9hUkRjd3hxZmtTeDFqdUVaSFJ1U285QkJuY3RpeWRPU0dqRk5qcGRBQ0w4SkxtRm9sbUZpUWpUR0NnTGY3Mk5tYU40WFN1T0lMODNSRVIrVEZzSnNQODJuMlJqbjZYUTRuQVJUNmxsT3p4RE5CZk1vcDNQc3dzTjFycnE2T3VJQjhpWlBPNEtmSTRtQ1llS3NIOHpQN2FkT1lKMklNaFR5MCtUUGZtb000aVd2NHlFVjUwMmRVL1pUUi9OcFJlWWg0cEphQnF0RDZXaVVDL1BoQ0JNTGhqRGRIM01UNGp1cWFGby9TUzZ0NEhvWTJWbnUrWS9ockdhQzdSMldMVTltbFFRdjRTelhCcTBEOHN6TTQyQ1BlcGRydTBQTXdTTXl0eEJTalEzdzgzblg0R1B6V1lXYWRlVHVZZngwRDRWVlhoT0E5RkJQM3B6eE1aR2V4NGEzdFE3T0czSERZa0RCRE5VWTZ1bXhHL0Y1YUV1bW1Zc0hBbk56Yy82NW9GL1R4UUJMMDB6Z3lhbkR0bEFsM0t3aGdBWkFXRmNkYW9Zdks0UFBEVzNHOVBGYU5nNTRQaHVyQjdoU0ZPR0xGWnpGcWttcDRPR2hIa3QveGg2MXgyRmVUc0h6eVVJT08xQWJia0NlZ3pJVjRHYmtSb1JaanNlaldKVFZIc29FRWtNOVpLb1YyRDJVTFVyYzVIUVJtMGRnZ3BFRGJLSjhWbGFuZVQ2dmcvWmdzOERYOGdBNXhsV2haaXdPWUY2QlFDVlpVMXRkRG5DRnczSldOaWUwdkg3a08rRXlVWE11WksydUdaTXAySFdrc2pMZkFadWFhak9kbk1vYjVwaUUrVXdOZVZoNmdIZHF6YUsyanNmMkJsNjdMQ2x4cUYyR1FHVnh6TnI3YThiaEJLZklRbzE1akFqUFFORFdtRW1DZ3dXNE1LMlBFRjQxVm1WU25TVm1JMFhmUGVFMEdOaTRYVnF3OVZ1ckJYUWsybUovTnExaWxFdGdzeXpKcE9GQVlGVFA0ektjVkgzbGtxYThzNWRHanh0NExLL3JRQmxxUG80Z1dKUHZZdVBuSlUzbThUcHRzOXg4cVpkWDAxcGVGYkJRc2NIZGFHdGJ5U3BiaGh2ZFVELzlwV2xRZ0ZKTDFPUDJpOHQrbXpySG1XT1QrTG81SlVhK1dhY0VHcXpZdTZTS2JVZktFVTBXU3BhdG1GYlg1cVoxQWV1V1lSdzhpVFBHSkU0Vk1SaElWZzA0S29COUttYXRxcE9HWTdIQlFIVi9EWkpkNkF5enRJM2pkTXNvNndzVmk5Z0dZQVc5dXR3WURnSHFHc0NtZUJQRERMc1djV0lqSWxuNmgra0ttdFV2WTYzZHRJZERrY0hBT3RBbXFDV1M2eUJsektxOWs2QlZkNnR3U252ZmNKU2dsSHZyTVN6U1RCbGxuZmlscldjNFNPUXA5ellnVEF4SHFoQ3F6RlJlK0ljWjhFK2xWMGFvV3JlSEdUQlBkYjhxSGlvTHIwVm9EYUNNdG1icEpFcXRCYXdqVjdYNFFaUXgwUUREQm9KMGlYYjFhQ20xN2ZCM1VucE52Z3dHMWlYd2NBTTVIYTA3TlpHelVtTnFpbnRHMCtFbHErUTFtcGNWb1NWMURNL0tCSVdjQ0p2aFFjN3A4RXZuYWZNMHBCSjQzdTFpUEkyY2RUTDlwdWZTYm9UcU80VHVRZmp0NkVady9qNHNpNUk1cXMyUDZwakxqS3RFTjBFU3V0RU1ZRFVnbDRYVmRBS2tnZ0ZKRUpEYmdqUWs4YnpwZm5EbHl1WGxTeTh2TGx6LzU1MVhWejYrc1B6aHhlSVhaLzUrK2xlQXQ0dmdlYnZjalltakU2T0hHSUE4NGtEYWwyNHVyUHoyMHVyNTB5dnZ2UXJ3M1NWTW1xWWZwMm1BN0hFZ0hZdTNiaFhQWDEzNTVPelNyVXZBQzRaNnE1RmpCTG5QZ2V3QVpJSjVlV0hwamJlWHpyNnkvT2FIeXgrOERnakIwaFRIU2dJYWNDQ2ROdVFmcDA4WGI3ODF2ZnpGcjJIc3NZNU9TK1d5S1RxNlhjalY3ZW9VQkpHMEJQUTR6RzcxdEtWSVVKQmJEYzUwdHhmZ2VTb3dOZlZVUUJBOHJha0U3SmFtZFFOVDl5ZjUxYXQvL1hNenVWZFJCUWMwMnVDOS9yZG02eExpR09hRWFWVXBTSUNRMURSSW5KemJkMnIxOXMrWDNqai9ORlY4L1U3eHRZK1hmbkp0NmVyTFlPSlRxMWV2V1BDbGhUT3JWOTR2bnZtZ2VPTnoyMDNnTWZqdEpHOVBrNmJ5aXN4bjNNbmpwcXlreHFRTStEZXBpYUtDTFVmS2ltd1c5dmJtZVNLT0pXcUtsektWb2Q3OTFKcEJRWjRsTVQ0Q0VkTGJOeUNBa1JBeGtkc3dDd3AyZStHOGI4cXdwZm9nVTBRMWJtcTVnZGt5cmZpQUUwWE5ZTzlXSzhIb2NJQ0plTnJKUlU3bFFxWnpqTXNiMkxEeTNscTVSVS9UdDdNSFNOYXFxVUphc1cydzNaUmt3dzlabk1kRHZiMERBZ1IrZDZPbmNWUEh0V3p3MndRSmhEVnVteERRSVJJQTN2dlhUdmJ1S1B2YTIxMzJzZmNCeWZ2Z3YrdFE3MDczMGJ2d0pBaTZsUi9KME9aZTlENzBMUjNvM1NWNkh4YTlqM3hqNzNnOW0vdkU2MTFuVUtyc0JPL3VLdXRQZ3l3Tm5uYkluVVNpbEtSZzVzMnM5dFh4YjErT2JoSC8xWU1iTFZkL2w1WnJ0SVFCM1lpeHlLM21ia0pvbEpTTG90QzVZMmNMTEpxckw4Q0NkUmJSTktJWlJMT0lEaUk2aE9nd29pT0lqaUs2SDlFeHhOQ0lZUkRESWlhSW1CQml3b2lKSUNhS21IN0V4QkJMSTVaQkxJdllZQzFvM3IrdmZxZTQxV092aWU0cU5iMTdpRzVEOTE0T3hJWVFHMFpzQkxGUnhQWWpOb2FDTkFveUtNaWlZQkFGUXlnWVJzRUlDa1pSc0I4Rll5aEVveENEUWl3S0JWRW9oRUpoRklxZ1VCU0YrbEVvaHNJMENqTW96S0p3RUlWREtCeEc0UWdLUjFHNEg0VmovKzN5ZzgrR3R2VFozVHkyWDFzNllOL3JyaFBRY1pKMTNwNnRNdTJyMXljN21UWmRueXBEOXlyTDdQRDdIMGt0OVAvVStvK1QvMTZuMWltbkdxMW4vS1NlVGRsZERFM09xVVd0VXgycFJVbFdpRlltZHJsZHRQZDdwQ0RQV1BqM2lkRE0yaTNJVE9TMG1ra1pEN1c4emFGcSt3WnNWL1dRd3h4VncxdytLd25YUTU2MUF0S3puV1RyQ2JLSEg1U3hJcmdieGpRQmU3WlpOekJ3T0xDQkxRUTRSbTZON05CdDc0SmkyMGY1eWdFQTdmYlZNeGVMbDg0VmI1NWJldTljWS9ITXA0dTMzMnBjZXVmRmxlczNHNHVuN3l5L2RyMjcrTWxOS0NzQ1MrK2NLOTY2REszbDMxOHFMbnpTRHYrS0Y2N1loNUN1bGJNZndYbGk2ZDFyUzc5WVdQekRPMHZYcm5jVjMvME1RSXRmWENBRDE2NERicGVOdlB6UkM4dFg3aXpldXJCNCs5TjJHRnc1ZDNIbGx6OWIvT01OdDNXYTJ0SHVvbDBRZDdTTGRRVmRJVmZZRlhGRlhmMnVHUG1nU3RNTVJFQjd0VVBCS0htdzBNT2VYWENzbXorTVZkR1VqaEFiYUh6ZUdGTmtySnFUQnpCVStKUFF3NXd1V1UxclZQSnNUeEZ6SlNSNXhqd2txMEpiM3c4VGNDWTh5dkgra3pnOVBwL1RzV0g0eDdSc1ZsUDlaSlhkdHdaOVA3VWxkdVVMWXRRZjlBY1pQL1AxbnhEVnZLTFVlUjVPSFpDTjNMaHFZaDBMSnpWZE1LYlR6MVQwYUUxWkh6V25PRDJEUFMzV0lVWUUxcEpWN0dLck5CdmhUWGtXVDA2Tmk0QlEra0JMWms2V3ZwZExucTZVL1RVM3FSM1A1YkEreGhsWWNqN01Hc1ljY04xMHAzbnFLM2NhYzk2Y1RzS1p5dERVS1p6Vk51NDM2eEcyM0hVaU00ckdtWEVGejVnREFsaEQ0UXB4V1ZWa0ZmdlNpc1puQm5LY1FMNXJ4dW0xbTFHelhTeDdtaXNuTy9kSldUQ2xYZlpSdnZCOThsWFcwMXd4U2tOcWQySVUvUWpaSjdjTUx1Uno3cDhpcTBRMlpWT3hTbVI1aHRwYktacjlpaFZpMVBBUXhkSTA5ZWlqVkdXTTJqMUU5ZmIyUFVlMVV0WFFvYXFPMzhpbjdkdmR2ZlIrUXFGdmdHcDlmcUIxbHRNcExUbHZBcklBc1VudUtmMGlOc2Z0Szh2UndxU3cwY0FLbHliMmV3S3MyMmRKYVJFQUdVZ2s5VDFIZW41WlZiRk9vaFlJMjkvNC9UUFc4V3Z2RHhLcEtVTzBvbTFTemVWTnlCNHIzUFpURzVSMUJIMWVzRzR1R3J5aE5mYjBSdEJwWk4xTzJORmlMMWNQbkNxKy8wSHhOeCt2L3ZpdDRvMjNueTUrOXJ2aTVYZVgzL3pRY3ZDYnJwSUhLVFkzVHpFMC9KUWFBeFN2S1pvZTMwUFQ5QUNWSmlkVW5SVHRjV3JQd1lQai9TT1JBV3BHVTAzZkhDYTNKM0VxclNrQzRHbmtGalJPTVVERjBPQWdTd21RSXFMT0ZRYW9PVWsyc2MrNk9vOVRxamFuYzduU0JKL09DWExlaUZOQllDeWdwc3A2L3J5angzMTdsNi9lS0w1eWNmbWw5MWF2dkFSclZoOE12bGpTMGhXRzN0bFNyNTYyRnZJTDYvcXZyZXUvNFNML2plUSs1T3JzcmlOLzJ1L2ZWd2Q3MGVWeXVzSGVaRzFUVjJ4SVE0ZVZmdys1dDVXU1FkVlVQQ0Q4Q3lBTzBUa1BJd0FBIiBDb3JyZWxhdGlvbkJpbmRpbmc9IiIgVXJsRW5jb2RlPSJUcnVlIiAvPg0KICAgICAgICA8Rm9ybVBvc3RQYXJhbWV0ZXIgTmFtZT0iX19WSUVXU1RBVEUiIFZhbHVlPSJ7eyRISURERU4xLl9fVklFV1NUQVRFfX0iIFJlY29yZGVkVmFsdWU9IiIgQ29ycmVsYXRpb25CaW5kaW5nPSIiIFVybEVuY29kZT0iVHJ1ZSIgLz4NCiAgICAgICAgPEZvcm1Qb3N0UGFyYW1ldGVyIE5hbWU9Il9fU0NST0xMUE9TSVRJT05YIiBWYWx1ZT0ie3skSElEREVOMS5fX1NDUk9MTFBPU0lUSU9OWH19IiBSZWNvcmRlZFZhbHVlPSIwIiBDb3JyZWxhdGlvbkJpbmRpbmc9IiIgVXJsRW5jb2RlPSJUcnVlIiAvPg0KICAgICAgICA8Rm9ybVBvc3RQYXJhbWV0ZXIgTmFtZT0iX19TQ1JPTExQT1NJVElPTlkiIFZhbHVlPSJ7eyRISURERU4xLl9fU0NST0xMUE9TSVRJT05ZfX0iIFJlY29yZGVkVmFsdWU9IjAiIENvcnJlbGF0aW9uQmluZGluZz0iIiBVcmxFbmNvZGU9IlRydWUiIC8+DQogICAgICAgIDxGb3JtUG9zdFBhcmFtZXRlciBOYW1lPSJfX1ZJRVdTVEFURUVOQ1JZUFRFRCIgVmFsdWU9Int7JEhJRERFTjEuX19WSUVXU1RBVEVFTkNSWVBURUR9fSIgUmVjb3JkZWRWYWx1ZT0iIiBDb3JyZWxhdGlvbkJpbmRpbmc9IiIgVXJsRW5jb2RlPSJUcnVlIiAvPg0KICAgICAgICA8Rm9ybVBvc3RQYXJhbWV0ZXIgTmFtZT0iX19FVkVOVFZBTElEQVRJT04iIFZhbHVlPSJ7eyRISURERU4xLl9fRVZFTlRWQUxJREFUSU9OfX0iIFJlY29yZGVkVmFsdWU9IjdNMmYwWE9KNVorYnNzZGtya3dSWUNkL1hhUHJpL1FBMHJNSVkxSDdMNWZaQ01mQTlVT1QxUVNQLy9oVERWVHBsY2x0c2c3TlQwSjlvaWprdm10Sm1jODR6UHZHUXEyTXFCMVFsc0JHbXhramc2elpYc2xZUDl5c3MvWmZzakw3QTBvd2pNSVdNTit0UUhRYUU0Y1loTE54cko1RlNqakJFeDlUK21WdHd6VjFkc3ZSdkMyblRXMTc4aHU3TkErRUZybzNzTC92bzlTRlhZWlVqQitGcVliak5DcDMxbWhxRzI0Qm9RdXluQVlSckRuYnVFZnpTSmdnZ1k3VVYxZ3Qzd2ozWVpFWHhmeEIzSVlXK09NeEVrbGhyd2ZSdXF0a2JvV240OU1CSHNBZUUvZ0poaE1tUUtHVWtZVklkNlIyRXFVK1llTE1pVWlLY1lvaC9EODdhSlNNcGNLNDJwb2Q2UGVHU0c3WThLWmJoWExOelhuU2tPVkxwcEZwTGdHSTNHYXBGTHdGcStLaGp6VWhKM3FENm5paGJ3U0JWZ1NuWG5ZZ3p0WUJGQmg5S2wyWkRsRzRES2FLNXJ3SUhBK0pPclRnVXV1dFh4SHRiaytWcWJleTYyVWNERkpNUXhQelU4STBDeDRoVkZ2YUw3OXlGWEI0SUJaODQ1UHpSdVB4Z251SlNpeFZKZGpVWVFYOFN6aFgzQkQ1NGlGRWtCYjR3NFJBWlpaWDVpNUZ0aC9tUzY1K016ZkNPRG1BUUNscVZVY2IwcDFHdzNKdWpPNUZEL25LejNaZnNHbUZKaGo3TDdEczQwTnEzZUlSeFlINzNWV21RTUlrMkFQbkpWTWpaQkV1R2M3aWhLc0hVTUhmOFVEa1hUaFBGLzJaTDEyNWFpRlUvanhoZ251M0tCMFZ1cUtiR2JCZ0VsUFV3UGloWE4vcmUwdUlWVW1FdTRqYWlhZ0EvNCtBeFViNGVKK2cwMHMvbFluc1Y4SDUraGh0dkRablI5SjE2Q1pqSzFKWHg4ZjBxUUs3aForMm9VZ1VPQnpWU3NQeTV4WHB1ekk1SU1KQVN4VEQrRzJMdWdudytDVjhpYURrQ1JiS3lTNFhHSFZIMEVXZUFTUXJ0bEdyUkwvY2IxVEw3bVVieWthY3E5b0Z4VlJkcFlmaDdyS1RwZW5LQXN2amp2NXoxWmFNeCtqSVZweWdCeXZjZkhhY3J4WDhOSkc3Qjd1by9CWFdIa2FjN3gwUXdoMjF6RnNDd3l2OEJpUndnc0hHNEdNOWNORUJQeEJNaHZ0WHdMcFRYU2V4cm5DVFBESzhsZ25ta0RIZzhSbEtUbDRQMEtWOTdwam5WazBwLzhYV3RPUDZhcEppT0lFbXp4V2ptc3Z1ZWcyaEhNa1djWlIzWHhxSEYvdWFSN2IzZnF0Q0E0blQzOGE0VXBMR2I0WFNUL2hNMUc4SHdscE9oSHZ6QlFVTGlJdzZsZGhwQWc2TkxKMjBvR2RzNHNpMlJqTllSbU1DYUYwTnF1aU5XNVkyU2FWSHhOaE5GU3hTam1tNzE0ZG1BVFNSZHdvOHpoMmZCbmxSNU9EZ2RQVVpHdHlyaWZ0WVJxSFN3TXRaWWgrNWRGdkZ4ZnczUk1XYk5rS0xQOVgrRlB6QVRseUp2UTB5MEo0UWZSTnkxdVdxcEFjUGJYR0k2VWdiK0QySkhzd0QwcWJTMDdiUkJ1bzZyQllxUzJGSHlRdmdPWFdESktVUy9qVTFRUHdjOFMrTE5hd2d3aTZUSCtpY2xGd1gyRkllRFZKVHkxSGNCL1NjWWhaT1FmVW5iU2grRXdhelpIbSt4bVNqVE54TFJWcmFLeFdDdkhrVmx4QXdKYkRXR2E1cVYraU83dlRtVlpRbi90ZVVES0dKTmFrYlZNVkQ0Z3hybTRZQW03dm5VUEt2eTZDbWtmUHlJcEVLV1lxb01xc1JIOUNDSXNvWGZaSnJBYUJFdmFFTHFvay9RcDhDdWZ0bXkxb3FrM2FlSzdza1BqT2duYnhSdERLNko3V2Y5VkExVlZTekY4WDhvNzFVSFI3TVVucG9wMkF6VjRPNFFkWTIvVHB6Z2tvb0gwTzd3OTJ3THE3aHp3R1ArdUhOTTU0MnZwbXozOEtQelJZS1puekZiMXFmN1FmNzlabGVSS09qb2RxZGROZEZueHQ1bXpkY21JcUhuWTNYdnhoN25jWXdXRUhkRkcvSU9IaVlTdFFLVkgzVmZkbTI5NkQ1RmY3ZjkvckVtaldjZUxnYUwveE8zY3NJd1dBNnZCbDZWQ2Zha05wTjFGL0tWbGZlSjlRMGp0MmZMeXYyNjZXdWhKV2pwWjJacjBiVUtmVG5Rc2xZOEt6SnZyU2tqSHlvTFZWdXMwLzRUM0thb0MyWGhsaG9wYnNiWXRkaytsQjdmeHRUUXhhbitwV2RyU2N4M3lUa3k5UmVSYks3blpLeENrY3I5K2lwejNJNnU4cGpWdDRpb1ZwSit6cHhMSkMxbnN0SUpkVmQyakE2Umg5czMra0krclRUeDNEeFBLVWV1V0RNNXR4cWYyaHlaMGFCbStzaUo4V3hGY01pMFJMd2hEWGlZRFo5WjZVekg2ZmVqa0J4RE40V3RHQmpBY29UWG9wekpmbTNNZHV0VHJBbWdja0R2cjNkRE1Id0JRL0VJdFhjUm5lN2ErNEJqTjlXYzlQR3NXS2o2VmNraWlPRllQU3Q5S3VLbi9pTnZRS3J6eDNMd3JDdCtVdEFXOFI4eG5HdWlQN3Y1b2pVQkVHZ2RrUFZNcnZzYXFXMld3MGxrZTUwZTBGbkRyeUNYZEw0QXltV0l4VERUMnVtNDJwY0lFMHQxSUZPZUVrZTl2WDVYcHdyMjcvMWcxa2kwZHk0S3N1ZjVpWXg1ZXFFeUZEaHM0OHlKdllBZnArQWNGRkRHZHJRUEsyTG5hYWVES1ViL1MyUDFPajBUblhTZEpWSmNvc2xSZU8wMUVMclErc2h0OUxuZWF4N2I3Y0N5ZnduclR2cmJTeWhwTkplRG5HUnQyL0xYSlh3L1h5ZlZnK0ZidGU1ZjFOUlhZa1h0d1Ziem44UHpsUS9sTjN3VHZ0VTZCMXRQZG1YZWVWU0RNREZiRjdtaU5EakhaellrbkkvUVVJVjVpVU5MbzBIcjdYUXpmdDFKcGN0ZnFxRm5LeXlURmJmUnUzYnRpZEJRMEdVOEdLemZSODQ5LzMyWU85OFJaTzZQS2dqb2MvQkFPaC9ETmdQalBMVWdrbnZJWUtQR2JRRjZkaVdIS01sQlVpMzlGYm9yUHhNNU1XOE9ZZFVUVnpEYVo3c3lBTEpabFRMdnNEeWsrRFFIVGc3TTYxZlNDSjF2M080V3lwVStDSmEyZ3d3RHA1REhkMUVWNll0NFhoVDVjZ2N0eEJPdGJSM3h6WitLQlViUjlvOHIyOVBtdmZNcTlKREpJVk8xbWFYd3cwUTB3a005SVdYRFB3TGV3dnBNc0hGU2tETnA2VmJaSnQyZk9kdTluaDJSbXhzVzRBOXIwNnJNUkRpeWtaQzhMb1d5MzBGMmFOdTNPdGw3N28vK05mbmd3cjlnekFxQXpCUGJEejBoSml5MmRibldiVTB1Q2pYY1grekdyODFmNkVmVWU1NVVwR2FIenV0a2FDb2d2aFBpRkRSQzltZmMvNEVQT21yUjFpK1NKcGRWalhVM0kxZWZtSTN0YTA2Y3Vab2VZQVd6em8wemY0dGJvRmswUlpQUldJcTNqU2Q4ZzNwZXNFSWtwKzF4RkM5NDI4MnJWb2MrMkRXQW1jNHFCYjJoSWQwdkFDSGl1UnAzVjN5Z1BLQmVHcDk2THlKbXNwaEZacjNHVHpNVElUYms2UEFKNlI3WXBubDhkSDlTVUhHSTJhVUh2aTk0bExHelB3RFJjcVhKZ1loSGNJaW5GRkN3YWszZkljeEZoKzV2aU1UZE50Z0FucmVaNjVaSHRtTXpwUGd5WTlOWlZSYk9BUTVUamZTU1pKK3R4VC9oRy9pK3JRR3NzODV4M2hKS2VLdk9kdnNqUFRpbnZId1g5ZE9IUEZWdGIyY2tpcGhWZ211bmc4UDVSY3Mzd09hRHpneTJsUVVHZ2VrbGJ4V2RyWnpmbHoyZEpFMDEvWmMzM2pWcHRLVG42U3hRanZ6L3IvVFBiYXBDRzkrN0l4S21CSFN6TDBKSm1DVVVHNkFJaXhaYytHR3I0U1E5VWVUMXlHWWs2TmI5WEswb3VudWJHbUtTU3F2ZmErS3hoeURBV01MNUppbFpvZ0hpc3g1NUViOFo5UW9jUmZrdWRqMnh3RjJiZDl0S2t0Y2djZTJObGFmVkFUbjhBN2RYRWR2UkZlYWRablo3R3F4UmlBRHpXQnpNUS9iTjJBeEQrbndDQnlTTEVxNS82US9nYUVQWFVxNTFVSHVOSjdEMDRtdTZibWZaZkpOU081NVQ3azRjV21IQmJsZUVyRjBrRytyTEpZODFQT0RnYzNYb25hRGh2RklEWTl1enJlV0pBN05saE1OcGwrSERnSVZ1QmtrQ3ZxSnJXbmRiYkdlT1NaQ0JCWC8xb1hXV3p3R01GeFBjQWZtc052RDJFTFVsYW9Cem5jbnQydG1PVXdZVlhNemJydktTbW5kVUFmU3ZLbmI0THVkaHp2MnEyeEJWZzZpcGM5N0NVcXYzekw3dld1YWRVUy8vK0ZrYzhTRllOMVB1cEtLcjlVZCtkRFNmQ2p2dG5VM21IVWtiN3ZDMDZNVXUvaE4vd2NqWW16VWs5dkpRWVdTWWRwOXpBeVBXNC96dGlWSG5SMEdEdGZBMUlIdnkvcW1LeDB6NCttUlQzNUNDdEZ2UzZURzVnZUNZMWZ4enNOcTgrVEEyaDc5N0VKWGdIWENPWVVMRmJodXVDbWNDcTVJdENWL3JDQWkvL0pscG5kRks1TWJxZklJbEZmV0M0OFdSd0RMWnZpNnU1ZjFoZU53cHlUNHpLd2diTUZNMjZ4d21Xd2d4TllsSXdxVkUwR1BVc3VsR3F0UEhUMm5TUWQvUFdqbnp2eHJZaGVWemJnMWc5d0d3em5SU2xlYSt2WmtuWlNCK3hTcDgxVVBNQW56bVNYSktKWE1MMjBLSk1GaVdvcnFKS0VQTmdoRDR2alVhVGMxeXFITnpiNWplaHFZRHJicUZZdXZ4UHhxNVJRY2NBN0tNOVFGVGVNQ2FUMFFkVFBNYVBidDB1aDlTTlNiV0JYOUZBMGkrV0E5K25mR2VoWGYrU1Y2V3dvYzMrNjd2akdDK2hDU1ozWkoySDkvL1RUcGw3ZHVJejV5aWFBYUNjZnJOQlNHMndlVzZHZHhYRnFlRWVBRFZoWVJxbEdTNmtxZ1hTNjRHNmpEb3dYeE9IQ0VhR0ZEVUFSMlZOb0h5Mmd3SjFiOVRqNUJTOVpZVHBuc3VQbEZ0ZSs2cHNuVEpQSkZHVHpWMWU0SVdNYXFjWDFGY3l0c2kxeXJmaS9jT3dQV1JYdWdOUUZreEd4OVFWaGxuNlBkaTR2MDZDVnJ1K21qLzdzdEhGa0s3NG1lRWh3amtRZ1BSV1FpSnU5SUl1eHU3eXNIUnhzbzVmQnZzY0hsZzZKL1dzSDRNL2xhZDFJUUI4K3pMb0ZHQ0gwSkIyWE9uYlMzNDc2NVVuaUNsRXVKV2RIUUt6bE5lYWxjMkpjaDN2Z3VZa2RSWU9xcGFCS0hPWU9nOWtNQ2lnZHVnUzFpR1B0YjJrY1pRc3I1SE9FSkgrSEYwOFJkeGVPczlZUnRDVzJJa24zRTNGS0FQTjNLTUo4Uy9GR0NkT1dmeEZPYTNpL0VlYlZDeUp6K3lhdXJlNmJXdVRWRW9BdENYVFczY3FYV0o2MmNPMHVhU1F0TDgzazk1SCs4dTUrcDQrZ2NTd3Z2L3MzUGhZVG8wOU94QjFOWHFrU1NldTg0MHlwN2lsODVDdlV5eWMvMC9hZml2YnpCcDE5YndVSWFuUm9mR0hoRVk4bjNFRjl4TmhDYVhDamg0V0tSeTdCaHM1Z0dYTUlwQjlvK0x1T1dZUXVSeDVsdjRxN2RBWEpINVJRem9PZ0VPQTIybS83YTU0S1RheU9PTUpXWk4xSmorNkRROWdORWZYdVQwcDB5TWtNVVRDa2pRdnNaNFBJTUpOUWcwL0pTQktzYTJNNDNWRmRvU2tnM2U3NTNZMnBBUU9OMXdDNU0xT2hrQThCWXFDZFNqSy9iZDFpbmdQc1pmQzRXSVl2ODVGRTlYOFdYc0NIcmZPVTBjWllwdVRhZjVyb3ZqUTRpQmRLRE9uSGVOZTFRY3dTOFZmWjV4UmpMOHVKUHpReXk1S28zdFU3dWV3YlpCazMrZkFZdG5SSmNuTTl1U3ppYkI1cjJjUzlQbkoxc0prejRhV0JEQkNoQ0VGdDdhTFVkVFRQQjlab1FsY2h2K3FpcjhCN2ZNTmJwYjZEMUZ4OFdzcVhmRzNiVDJOOHFsVElITVk3UzhZSlJURmc2Mk9zQUdoL2hYdVR1UUdkS0hPVG1zRTVxZ2tvVmZmZEtxcFhYT1BaeWdWb2hCdXlNWkg4M2VuMnZrYkxYK2dqRXVPQlF4V0VRbDBpSjVmeVRRSU5RUFM0Nkw0TGVPOVZ0SXFTd1BIb2hFOFFTb3ZTdlByZ3ZRWWNhK2FWZlcvdytZUnlvRm5Ob2NvdzhCLytKVkJKdWZ2SXVnWURhUXUybm5wQm51Z3dBUGZoVUZNZ1ltYTVGNG5TeDlvOXFka2ltUVRaelh0REdwRG9ISlo0T2RBeC9rTkQ0T1V3MmpNU3Q3ZEp4YlUva3NSMHg2TEgyendQbFBkcUhNb1ROK0NhQXFXQXUxd0szZjVycUNRQXN0dWVRR2RNSTdtMjB4cXJpRmpzZkZPd241NlNHS0wzWkcvQUxWbTNOMGZxQTU1SC9kamNBTmw2Tk8xWkJhSE5kNVRwOUZaYW1xTnFWK2cvN2c2VTRpTkl1VHFaOU0vYjJGcGZkTHpJdkU0a1VTa0JpSkZ5QmtEY2ltNFFvVjNZOGJrVVdpeHpIenprNloxNDUzRjJHNDB2bmQvWDhsdDNpRnRrQnNwNWRWWmNFR01HcncwdjJyNi9tMlJZPSIgQ29ycmVsYXRpb25CaW5kaW5nPSIiIFVybEVuY29kZT0iVHJ1ZSIgLz4NCiAgICAgICAgPEZvcm1Qb3N0UGFyYW1ldGVyIE5hbWU9ImJ0blRlbXBTYXZlIiBWYWx1ZT0i5pqr5a2YIiBSZWNvcmRlZFZhbHVlPSLmmqvlrZgiIENvcnJlbGF0aW9uQmluZGluZz0ie3tGb3JtUG9zdFBhcmFtNDcuYnRuVGVtcFNhdmV9fSIgVXJsRW5jb2RlPSJUcnVlIiAvPg0KICAgICAgICA8Rm9ybVBvc3RQYXJhbWV0ZXIgTmFtZT0iT1RFbXBJRCIgVmFsdWU9InJidFNpbmdsZUVtcElEIiBSZWNvcmRlZFZhbHVlPSJyYnRTaW5nbGVFbXBJRCIgQ29ycmVsYXRpb25CaW5kaW5nPSJ7e0Zvcm1Qb3N0UGFyYW00OC5PVEVtcElEfX0iIFVybEVuY29kZT0iVHJ1ZSIgLz4NCiAgICAgICAgPEZvcm1Qb3N0UGFyYW1ldGVyIE5hbWU9InR4dE9URW1wSUQiIFZhbHVlPSIxMDIxMTkiIFJlY29yZGVkVmFsdWU9IjEwMjExOSIgQ29ycmVsYXRpb25CaW5kaW5nPSJ7e0Zvcm1Qb3N0UGFyYW00OS50eHRPVEVtcElEfX0iIFVybEVuY29kZT0iVHJ1ZSIgLz4NCiAgICAgICAgPEZvcm1Qb3N0UGFyYW1ldGVyIE5hbWU9InR4dE9URW1wTmFtZSIgVmFsdWU9IuW7lk/nvqkiIFJlY29yZGVkVmFsdWU9IuW7lk/nvqkiIENvcnJlbGF0aW9uQmluZGluZz0ie3tGb3JtUG9zdFBhcmFtNTAudHh0T1RFbXBOYW1lfX0iIFVybEVuY29kZT0iVHJ1ZSIgLz4NCiAgICAgICAgPEZvcm1Qb3N0UGFyYW1ldGVyIE5hbWU9InVjRGF0ZVN0YXJ0JHR4dERhdGUiIFZhbHVlPSIyMDE3LzA1LzE2IiBSZWNvcmRlZFZhbHVlPSIyMDE3LzA1LzE2IiBDb3JyZWxhdGlvbkJpbmRpbmc9Int7Rm9ybVBvc3RQYXJhbTUxLnVjRGF0ZVN0YXJ0JHR4dERhdGV9fSIgVXJsRW5jb2RlPSJUcnVlIiAvPg0KICAgICAgICA8Rm9ybVBvc3RQYXJhbWV0ZXIgTmFtZT0idWNEYXRlRW5kJHR4dERhdGUiIFZhbHVlPSIyMDE3LzA1LzE2IiBSZWNvcmRlZFZhbHVlPSIyMDE3LzA1LzE2IiBDb3JyZWxhdGlvbkJpbmRpbmc9Int7Rm9ybVBvc3RQYXJhbTUyLnVjRGF0ZUVuZCR0eHREYXRlfX0iIFVybEVuY29kZT0iVHJ1ZSIgLz4NCiAgICAgICAgPEZvcm1Qb3N0UGFyYW1ldGVyIE5hbWU9Ik9UVGltZVN0YXJ0JGRkbEhIIiBWYWx1ZT0iMDAiIFJlY29yZGVkVmFsdWU9IjAwIiBDb3JyZWxhdGlvbkJpbmRpbmc9Int7Rm9ybVBvc3RQYXJhbTUzLk9UVGltZVN0YXJ0JGRkbEhIfX0iIFVybEVuY29kZT0iVHJ1ZSIgLz4NCiAgICAgICAgPEZvcm1Qb3N0UGFyYW1ldGVyIE5hbWU9Ik9UVGltZVN0YXJ0JGRkbE1NIiBWYWx1ZT0iMDAiIFJlY29yZGVkVmFsdWU9IjAwIiBDb3JyZWxhdGlvbkJpbmRpbmc9Int7Rm9ybVBvc3RQYXJhbTU0Lk9UVGltZVN0YXJ0JGRkbE1NfX0iIFVybEVuY29kZT0iVHJ1ZSIgLz4NCiAgICAgICAgPEZvcm1Qb3N0UGFyYW1ldGVyIE5hbWU9Ik9UVGltZUVuZCRkZGxISCIgVmFsdWU9IjAxIiBSZWNvcmRlZFZhbHVlPSIwMSIgQ29ycmVsYXRpb25CaW5kaW5nPSJ7e0Zvcm1Qb3N0UGFyYW01NS5PVFRpbWVFbmQkZGRsSEh9fSIgVXJsRW5jb2RlPSJUcnVlIiAvPg0KICAgICAgICA8Rm9ybVBvc3RQYXJhbWV0ZXIgTmFtZT0iT1RUaW1lRW5kJGRkbE1NIiBWYWx1ZT0iMDAiIFJlY29yZGVkVmFsdWU9IjAwIiBDb3JyZWxhdGlvbkJpbmRpbmc9Int7Rm9ybVBvc3RQYXJhbTU2Lk9UVGltZUVuZCRkZGxNTX19IiBVcmxFbmNvZGU9IlRydWUiIC8+DQogICAgICAgIDxGb3JtUG9zdFBhcmFtZXRlciBOYW1lPSJkZGxPVFR5cGVJRCIgVmFsdWU9IjEwIiBSZWNvcmRlZFZhbHVlPSIxMCIgQ29ycmVsYXRpb25CaW5kaW5nPSJ7e0Zvcm1Qb3N0UGFyYW01Ny5kZGxPVFR5cGVJRH19IiBVcmxFbmNvZGU9IlRydWUiIC8+DQogICAgICAgIDxGb3JtUG9zdFBhcmFtZXRlciBOYW1lPSJ0eHRPVFJlYXNvbk1lbW8kdHh0RGF0YSIgVmFsdWU9InRlc3QiIFJlY29yZGVkVmFsdWU9InRlc3QiIENvcnJlbGF0aW9uQmluZGluZz0iIiBVcmxFbmNvZGU9IlRydWUiIC8+DQogICAgICAgIDxGb3JtUG9zdFBhcmFtZXRlciBOYW1lPSJkZGxPcmciIFZhbHVlPSIxIiBSZWNvcmRlZFZhbHVlPSIxIiBDb3JyZWxhdGlvbkJpbmRpbmc9Int7Rm9ybVBvc3RQYXJhbTU4LmRkbE9yZ319IiBVcmxFbmNvZGU9IlRydWUiIC8+DQogICAgICAgIDxGb3JtUG9zdFBhcmFtZXRlciBOYW1lPSJ1Y0Nhc2NhZGluZ0Ryb3BEb3duMSRkZGwwMiIgVmFsdWU9IjAwMEcwMCIgUmVjb3JkZWRWYWx1ZT0iMDAwRzAwIiBDb3JyZWxhdGlvbkJpbmRpbmc9Int7Rm9ybVBvc3RQYXJhbTU5LnVjQ2FzY2FkaW5nRHJvcERvd24xJGRkbDAyfX0iIFVybEVuY29kZT0iVHJ1ZSIgLz4NCiAgICAgICAgPEZvcm1Qb3N0UGFyYW1ldGVyIE5hbWU9InVjQ2FzY2FkaW5nRHJvcERvd24xJGRkbDAzIiBWYWx1ZT0iMDAwRzkwIiBSZWNvcmRlZFZhbHVlPSIwMDBHOTAiIENvcnJlbGF0aW9uQmluZGluZz0ie3tGb3JtUG9zdFBhcmFtNjAudWNDYXNjYWRpbmdEcm9wRG93bjEkZGRsMDN9fSIgVXJsRW5jb2RlPSJUcnVlIiAvPg0KICAgICAgICA8Rm9ybVBvc3RQYXJhbWV0ZXIgTmFtZT0idWNDYXNjYWRpbmdEcm9wRG93bjEkZGRsMDQiIFZhbHVlPSIiIFJlY29yZGVkVmFsdWU9IiIgQ29ycmVsYXRpb25CaW5kaW5nPSIiIFVybEVuY29kZT0iVHJ1ZSIgLz4NCiAgICAgICAgPEZvcm1Qb3N0UGFyYW1ldGVyIE5hbWU9InVjQ2FzY2FkaW5nRHJvcERvd24xJENhc2NhZGluZ0Ryb3BEb3duMV9DbGllbnRTdGF0ZSIgVmFsdWU9IlNQSEJLMTo6OuawuOixkOmKgOihjDo6OiIgUmVjb3JkZWRWYWx1ZT0iU1BIQksxOjo65rC46LGQ6YqA6KGMOjo6IiBDb3JyZWxhdGlvbkJpbmRpbmc9IiIgVXJsRW5jb2RlPSJUcnVlIiAvPg0KICAgICAgICA8Rm9ybVBvc3RQYXJhbWV0ZXIgTmFtZT0idWNDYXNjYWRpbmdEcm9wRG93bjEkQ2FzY2FkaW5nRHJvcERvd24yX0NsaWVudFN0YXRlIiBWYWx1ZT0iMDAwRzAwOjo65Lq65Yqb6LOH5rqQ6JmVOjo6IiBSZWNvcmRlZFZhbHVlPSIwMDBHMDA6Ojrkurrlipvos4fmupDomZU6OjoiIENvcnJlbGF0aW9uQmluZGluZz0iIiBVcmxFbmNvZGU9IlRydWUiIC8+DQogICAgICAgIDxGb3JtUG9zdFBhcmFtZXRlciBOYW1lPSJ1Y0Nhc2NhZGluZ0Ryb3BEb3duMSRDYXNjYWRpbmdEcm9wRG93bjNfQ2xpZW50U3RhdGUiIFZhbHVlPSIwMDBHOTA6Ojrkurros4fmlbjmk5rmh4nnlKjnp5E6OjoiIFJlY29yZGVkVmFsdWU9IjAwMEc5MDo6OuS6uuizh+aVuOaTmuaHieeUqOenkTo6OiIgQ29ycmVsYXRpb25CaW5kaW5nPSIiIFVybEVuY29kZT0iVHJ1ZSIgLz4NCiAgICAgICAgPEZvcm1Qb3N0UGFyYW1ldGVyIE5hbWU9InVjQ2FzY2FkaW5nRHJvcERvd24xJENhc2NhZGluZ0Ryb3BEb3duNF9DbGllbnRTdGF0ZSIgVmFsdWU9Int7JEhJRERFTjEudWNDYXNjYWRpbmdEcm9wRG93bjEkQ2FzY2FkaW5nRHJvcERvd240X0NsaWVudFN0YXRlfX0iIFJlY29yZGVkVmFsdWU9Ijo6Ojo6OiIgQ29ycmVsYXRpb25CaW5kaW5nPSIiIFVybEVuY29kZT0iVHJ1ZSIgLz4NCiAgICAgICAgPEZvcm1Qb3N0UGFyYW1ldGVyIE5hbWU9InVjQ2FzY2FkaW5nRHJvcERvd24xJENhc2NhZGluZ0Ryb3BEb3duNV9DbGllbnRTdGF0ZSIgVmFsdWU9Int7JEhJRERFTjEudWNDYXNjYWRpbmdEcm9wRG93bjEkQ2FzY2FkaW5nRHJvcERvd241X0NsaWVudFN0YXRlfX0iIFJlY29yZGVkVmFsdWU9IiIgQ29ycmVsYXRpb25CaW5kaW5nPSIiIFVybEVuY29kZT0iVHJ1ZSIgLz4NCiAgICAgICAgPEZvcm1Qb3N0UGFyYW1ldGVyIE5hbWU9InVjQ2FzY2FkaW5nRHJvcERvd24yJENhc2NhZGluZ0Ryb3BEb3duMV9DbGllbnRTdGF0ZSIgVmFsdWU9Int7JEhJRERFTjEudWNDYXNjYWRpbmdEcm9wRG93bjIkQ2FzY2FkaW5nRHJvcERvd24xX0NsaWVudFN0YXRlfX0iIFJlY29yZGVkVmFsdWU9Ijo6Ojo6OiIgQ29ycmVsYXRpb25CaW5kaW5nPSIiIFVybEVuY29kZT0iVHJ1ZSIgLz4NCiAgICAgICAgPEZvcm1Qb3N0UGFyYW1ldGVyIE5hbWU9InVjQ2FzY2FkaW5nRHJvcERvd24yJENhc2NhZGluZ0Ryb3BEb3duMl9DbGllbnRTdGF0ZSIgVmFsdWU9Int7JEhJRERFTjEudWNDYXNjYWRpbmdEcm9wRG93bjIkQ2FzY2FkaW5nRHJvcERvd24yX0NsaWVudFN0YXRlfX0iIFJlY29yZGVkVmFsdWU9Ijo6Ojo6OiIgQ29ycmVsYXRpb25CaW5kaW5nPSIiIFVybEVuY29kZT0iVHJ1ZSIgLz4NCiAgICAgICAgPEZvcm1Qb3N0UGFyYW1ldGVyIE5hbWU9InVjQ2FzY2FkaW5nRHJvcERvd24yJENhc2NhZGluZ0Ryb3BEb3duM19DbGllbnRTdGF0ZSIgVmFsdWU9Int7JEhJRERFTjEudWNDYXNjYWRpbmdEcm9wRG93bjIkQ2FzY2FkaW5nRHJvcERvd24zX0NsaWVudFN0YXRlfX0iIFJlY29yZGVkVmFsdWU9Ijo6Ojo6OiIgQ29ycmVsYXRpb25CaW5kaW5nPSIiIFVybEVuY29kZT0iVHJ1ZSIgLz4NCiAgICAgICAgPEZvcm1Qb3N0UGFyYW1ldGVyIE5hbWU9InVjQ2FzY2FkaW5nRHJvcERvd24yJENhc2NhZGluZ0Ryb3BEb3duNF9DbGllbnRTdGF0ZSIgVmFsdWU9Int7JEhJRERFTjEudWNDYXNjYWRpbmdEcm9wRG93bjIkQ2FzY2FkaW5nRHJvcERvd240X0NsaWVudFN0YXRlfX0iIFJlY29yZGVkVmFsdWU9IiIgQ29ycmVsYXRpb25CaW5kaW5nPSIiIFVybEVuY29kZT0iVHJ1ZSIgLz4NCiAgICAgICAgPEZvcm1Qb3N0UGFyYW1ldGVyIE5hbWU9InVjQ2FzY2FkaW5nRHJvcERvd24yJENhc2NhZGluZ0Ryb3BEb3duNV9DbGllbnRTdGF0ZSIgVmFsdWU9Int7JEhJRERFTjEudWNDYXNjYWRpbmdEcm9wRG93bjIkQ2FzY2FkaW5nRHJvcERvd241X0NsaWVudFN0YXRlfX0iIFJlY29yZGVkVmFsdWU9IiIgQ29ycmVsYXRpb25CaW5kaW5nPSIiIFVybEVuY29kZT0iVHJ1ZSIgLz4NCiAgICAgICAgPEZvcm1Qb3N0UGFyYW1ldGVyIE5hbWU9ImZyYW1lQXR0YWNoIiBWYWx1ZT0iL1V0aWwvQXR0YWNoQWRtaW4uYXNweD9BdHRhY2hEQj1BYXR0ZW5kYW50REJfSVRSRCZhbXA7QXR0YWNoSUQ9dGVzdDEwMjExOWQ3OTJkZGM4LTFmMGMtNGJlNi1iYTA2LTFiZDUyODBjYjI5YSZhbXA7QXR0YWNoRmlsZU1heFF0eT0xJmFtcDtBdHRhY2hGaWxlTWF4S0I9MzA3MiZhbXA7QXR0YWNoRmlsZVRvdEtCPTMwNzImYW1wO0F0dGFjaEZpbGVFeHRMaXN0PSIgUmVjb3JkZWRWYWx1ZT0iL1V0aWwvQXR0YWNoQWRtaW4uYXNweD9BdHRhY2hEQj1BYXR0ZW5kYW50REJfSVRSRCZhbXA7QXR0YWNoSUQ9dGVzdDEwMjExOWQ3OTJkZGM4LTFmMGMtNGJlNi1iYTA2LTFiZDUyODBjYjI5YSZhbXA7QXR0YWNoRmlsZU1heFF0eT0xJmFtcDtBdHRhY2hGaWxlTWF4S0I9MzA3MiZhbXA7QXR0YWNoRmlsZVRvdEtCPTMwNzImYW1wO0F0dGFjaEZpbGVFeHRMaXN0PSIgQ29ycmVsYXRpb25CaW5kaW5nPSIiIFVybEVuY29kZT0iVHJ1ZSIgLz4NCiAgICAgICAgPEZvcm1Qb3N0UGFyYW1ldGVyIE5hbWU9InVjTW9kYWxQb3B1cDEkQ2xpZW50V2lkdGgiIFZhbHVlPSJ7eyRISURERU4xLnVjTW9kYWxQb3B1cDEkQ2xpZW50V2lkdGh9fSIgUmVjb3JkZWRWYWx1ZT0iMCIgQ29ycmVsYXRpb25CaW5kaW5nPSIiIFVybEVuY29kZT0iVHJ1ZSIgLz4NCiAgICAgICAgPEZvcm1Qb3N0UGFyYW1ldGVyIE5hbWU9InVjTW9kYWxQb3B1cDEkQ2xpZW50SGVpZ2h0IiBWYWx1ZT0ie3skSElEREVOMS51Y01vZGFsUG9wdXAxJENsaWVudEhlaWdodH19IiBSZWNvcmRlZFZhbHVlPSIwIiBDb3JyZWxhdGlvbkJpbmRpbmc9IiIgVXJsRW5jb2RlPSJUcnVlIiAvPg0KICAgICAgICA8Rm9ybVBvc3RQYXJhbWV0ZXIgTmFtZT0iaGlkZGVuSW5wdXRUb1VwZGF0ZUFUQnVmZmVyX0NvbW1vblRvb2xraXRTY3JpcHRzIiBWYWx1ZT0iMCIgUmVjb3JkZWRWYWx1ZT0iMCIgQ29ycmVsYXRpb25CaW5kaW5nPSJ7e0Zvcm1Qb3N0UGFyYW02MS5oaWRkZW5JbnB1dFRvVXBkYXRlQVRCdWZmZXJfQ29tbW9uVG9vbGtpdFNjcmlwdHN9fSIgVXJsRW5jb2RlPSJUcnVlIiAvPg0KICAgICAgPC9Gb3JtUG9zdEh0dHBCb2R5Pg0KICAgIDwvUmVxdWVzdD4NCiAgICA8UmVxdWVzdCBNZXRob2Q9IlBPU1QiIEd1aWQ9IjliOGJmMzUyLTgxMGEtNDhmMS04MDQxLTdmYmM5Yzg3Nzk5ZCIgVmVyc2lvbj0iMS4xIiBVcmw9Imh0dHA6Ly8xMC4xMS4zNi4xMTQ6ODAwNy9PdmVyVGltZS9PdmVydGltZVByZU9yZGVyX0FkZC5hc3B4IiBUaGlua1RpbWU9IjAiIFRpbWVvdXQ9IjMwMCIgUGFyc2VEZXBlbmRlbnRSZXF1ZXN0cz0iVHJ1ZSIgRm9sbG93UmVkaXJlY3RzPSJUcnVlIiBSZWNvcmRSZXN1bHQ9IlRydWUiIENhY2hlPSJGYWxzZSIgUmVzcG9uc2VUaW1lR29hbD0iMCIgRW5jb2Rpbmc9InV0Zi04IiBFeHBlY3RlZEh0dHBTdGF0dXNDb2RlPSIwIiBFeHBlY3RlZFJlc3BvbnNlVXJsPSIiIFJlcG9ydGluZ05hbWU9IiIgSWdub3JlSHR0cFN0YXR1c0NvZGU9IkZhbHNlIj4NCiAgICAgIDxEZXBlbmRlbnRSZXF1ZXN0cz4NCiAgICAgICAgPFJlcXVlc3QgTWV0aG9kPSJQT1NUIiBHdWlkPSI4NjE5MzAyZi0xN2UwLTQ4MzgtYjA4ZS02YzVmNzM5YmE2MzMiIFZlcnNpb249IjEuMSIgVXJsPSJodHRwOi8vMTAuMTEuMzYuMTE0OjgwMDcvVXRpbC9XY2ZDYXNjYWRpbmdIZWxwZXIuc3ZjL1V0aWxfR2V0VXNlciIgVGhpbmtUaW1lPSIwIiBUaW1lb3V0PSIzMDAiIFBhcnNlRGVwZW5kZW50UmVxdWVzdHM9IlRydWUiIEZvbGxvd1JlZGlyZWN0cz0iVHJ1ZSIgUmVjb3JkUmVzdWx0PSJUcnVlIiBDYWNoZT0iRmFsc2UiIFJlc3BvbnNlVGltZUdvYWw9IjAiIEVuY29kaW5nPSJ1dGYtOCIgRXhwZWN0ZWRIdHRwU3RhdHVzQ29kZT0iMCIgRXhwZWN0ZWRSZXNwb25zZVVybD0iIiBSZXBvcnRpbmdOYW1lPSIiIElnbm9yZUh0dHBTdGF0dXNDb2RlPSJGYWxzZSI+DQogICAgICAgICAgPFN0cmluZ0h0dHBCb2R5IENvbnRlbnRUeXBlPSJhcHBsaWNhdGlvbi9qc29uOyBjaGFyc2V0PXV0Zi04IiBJbnNlcnRCeXRlT3JkZXJNYXJrPSJGYWxzZSI+ZXdBaUFHc0FiZ0J2QUhjQWJnQkRBR0VBZEFCbEFHY0Fid0J5QUhrQVZnQmhBR3dBZFFCbEFITUFJZ0E2QUNJQUlnQXNBQ0lBWXdCaEFIUUFaUUJuQUc4QWNnQjVBQ0lBT2dBaUFFTUFid0J0QUhBQVNRQkVBQ0lBTEFBaUFHTUFid0J1QUhRQVpRQjRBSFFBU3dCbEFIa0FJZ0E2QUNJQVNRQnpBRklBWlFCaEFHUUFUd0J1QUd3QWVRQTZBRmtBT3dCVEFHVUFiQUJsQUdNQWRBQmxBR1FBVmdCaEFHd0FkUUJsQURvQVV3QlFBRWdBUWdCTEFERUFPd0JKQUhNQVF3Qm9BR3NBVmdCaEFHd0FhUUJrQURvQVdRQTdBRllBWVFCc0FHa0FaQUJMQUdVQWVRQk1BR2tBY3dCMEFEb0FPd0FpQUgwQTwvU3RyaW5nSHR0cEJvZHk+DQogICAgICAgIDwvUmVxdWVzdD4NCiAgICAgICAgPFJlcXVlc3QgTWV0aG9kPSJQT1NUIiBHdWlkPSIwM2I5NGRlMS0xZGY2LTQwMWUtYjJiNi03NTIzOTI2YTY4YjAiIFZlcnNpb249IjEuMSIgVXJsPSJodHRwOi8vMTAuMTEuMzYuMTE0OjgwMDcvVXRpbC9XY2ZDYXNjYWRpbmdIZWxwZXIuc3ZjL1V0aWxfR2V0VXNlciIgVGhpbmtUaW1lPSIwIiBUaW1lb3V0PSIzMDAiIFBhcnNlRGVwZW5kZW50UmVxdWVzdHM9IlRydWUiIEZvbGxvd1JlZGlyZWN0cz0iVHJ1ZSIgUmVjb3JkUmVzdWx0PSJUcnVlIiBDYWNoZT0iRmFsc2UiIFJlc3BvbnNlVGltZUdvYWw9IjAiIEVuY29kaW5nPSJ1dGYtOCIgRXhwZWN0ZWRIdHRwU3RhdHVzQ29kZT0iMCIgRXhwZWN0ZWRSZXNwb25zZVVybD0iIiBSZXBvcnRpbmdOYW1lPSIiIElnbm9yZUh0dHBTdGF0dXNDb2RlPSJGYWxzZSI+DQogICAgICAgICAgPFN0cmluZ0h0dHBCb2R5IENvbnRlbnRUeXBlPSJhcHBsaWNhdGlvbi9qc29uOyBjaGFyc2V0PXV0Zi04IiBJbnNlcnRCeXRlT3JkZXJNYXJrPSJGYWxzZSI+ZXdBaUFHc0FiZ0J2QUhjQWJnQkRBR0VBZEFCbEFHY0Fid0J5QUhrQVZnQmhBR3dBZFFCbEFITUFJZ0E2QUNJQVF3QnZBRzBBY0FCSkFFUUFPZ0JUQUZBQVNBQkNBRXNBTVFBN0FDSUFMQUFpQUdNQVlRQjBBR1VBWndCdkFISUFlUUFpQURvQUlnQkVBR1VBY0FCMEFFa0FSQUFpQUN3QUlnQmpBRzhBYmdCMEFHVUFlQUIwQUVzQVpRQjVBQ0lBT2dBaUFFa0Fjd0JTQUdVQVlRQmtBRThBYmdCc0FIa0FPZ0JPQURzQVV3QmxBR3dBWlFCakFIUUFaUUJrQUZZQVlRQnNBSFVBWlFBNkFEQUFNQUF3QUVjQU1BQXdBRHNBU1FCekFFTUFhQUJyQUZZQVlRQnNBR2tBWkFBNkFGa0FPd0JXQUdFQWJBQnBBR1FBU3dCbEFIa0FUQUJwQUhNQWRBQTZBRHNBSWdCOUFBPT08L1N0cmluZ0h0dHBCb2R5Pg0KICAgICAgICA8L1JlcXVlc3Q+DQogICAgICAgIDxSZXF1ZXN0IE1ldGhvZD0iUE9TVCIgR3VpZD0iN2ZmNWU2NzctMGFhNi00ODE5LWEzNzktNGRhNzMzOTRkZGQ2IiBWZXJzaW9uPSIxLjEiIFVybD0iaHR0cDovLzEwLjExLjM2LjExNDo4MDA3L1V0aWwvV2NmQ2FzY2FkaW5nSGVscGVyLnN2Yy9VdGlsX0dldFVzZXIiIFRoaW5rVGltZT0iMCIgVGltZW91dD0iMzAwIiBQYXJzZURlcGVuZGVudFJlcXVlc3RzPSJUcnVlIiBGb2xsb3dSZWRpcmVjdHM9IlRydWUiIFJlY29yZFJlc3VsdD0iVHJ1ZSIgQ2FjaGU9IkZhbHNlIiBSZXNwb25zZVRpbWVHb2FsPSIwIiBFbmNvZGluZz0idXRmLTgiIEV4cGVjdGVkSHR0cFN0YXR1c0NvZGU9IjAiIEV4cGVjdGVkUmVzcG9uc2VVcmw9IiIgUmVwb3J0aW5nTmFtZT0iIiBJZ25vcmVIdHRwU3RhdHVzQ29kZT0iRmFsc2UiPg0KICAgICAgICAgIDxTdHJpbmdIdHRwQm9keSBDb250ZW50VHlwZT0iYXBwbGljYXRpb24vanNvbjsgY2hhcnNldD11dGYtOCIgSW5zZXJ0Qnl0ZU9yZGVyTWFyaz0iRmFsc2UiPmV3QWlBR3NBYmdCdkFIY0FiZ0JEQUdFQWRBQmxBR2NBYndCeUFIa0FWZ0JoQUd3QWRRQmxBSE1BSWdBNkFDSUFRd0J2QUcwQWNBQkpBRVFBT2dCVEFGQUFTQUJDQUVzQU1RQTdBRVFBWlFCd0FIUUFTUUJFQURvQU1BQXdBREFBUndBd0FEQUFPd0FpQUN3QUlnQmpBR0VBZEFCbEFHY0Fid0J5QUhrQUlnQTZBQ0lBVHdCeUFHY0FZUUJ1QUVrQVJBQWlBQ3dBSWdCakFHOEFiZ0IwQUdVQWVBQjBBRXNBWlFCNUFDSUFPZ0FpQUVrQWN3QlNBR1VBWVFCa0FFOEFiZ0JzQUhrQU9nQk9BRHNBVXdCbEFHd0FaUUJqQUhRQVpRQmtBRllBWVFCc0FIVUFaUUE2QURBQU1BQXdBRWNBT1FBd0FEc0FTUUJ6QUVNQWFBQnJBRllBWVFCc0FHa0FaQUE2QUZrQU93QldBR0VBYkFCcEFHUUFTd0JsQUhrQVRBQnBBSE1BZEFBNkFEc0FJZ0I5QUE9PTwvU3RyaW5nSHR0cEJvZHk+DQogICAgICAgIDwvUmVxdWVzdD4NCiAgICAgICAgPFJlcXVlc3QgTWV0aG9kPSJQT1NUIiBHdWlkPSJlOTgzZTA1Ni0yOWNmLTRjZmEtOTNkMi1jMjM5NGMyOGMxMjkiIFZlcnNpb249IjEuMSIgVXJsPSJodHRwOi8vMTAuMTEuMzYuMTE0OjgwMDcvVXRpbC9XY2ZDYXNjYWRpbmdIZWxwZXIuc3ZjL1V0aWxfR2V0VXNlciIgVGhpbmtUaW1lPSIwIiBUaW1lb3V0PSIzMDAiIFBhcnNlRGVwZW5kZW50UmVxdWVzdHM9IlRydWUiIEZvbGxvd1JlZGlyZWN0cz0iVHJ1ZSIgUmVjb3JkUmVzdWx0PSJUcnVlIiBDYWNoZT0iRmFsc2UiIFJlc3BvbnNlVGltZUdvYWw9IjAiIEVuY29kaW5nPSJ1dGYtOCIgRXhwZWN0ZWRIdHRwU3RhdHVzQ29kZT0iMCIgRXhwZWN0ZWRSZXNwb25zZVVybD0iIiBSZXBvcnRpbmdOYW1lPSIiIElnbm9yZUh0dHBTdGF0dXNDb2RlPSJGYWxzZSI+DQogICAgICAgICAgPFN0cmluZ0h0dHBCb2R5IENvbnRlbnRUeXBlPSJhcHBsaWNhdGlvbi9qc29uOyBjaGFyc2V0PXV0Zi04IiBJbnNlcnRCeXRlT3JkZXJNYXJrPSJGYWxzZSI+ZXdBaUFHc0FiZ0J2QUhjQWJnQkRBR0VBZEFCbEFHY0Fid0J5QUhrQVZnQmhBR3dBZFFCbEFITUFJZ0E2QUNJQVF3QnZBRzBBY0FCSkFFUUFPZ0JUQUZBQVNBQkNBRXNBTVFBN0FFUUFaUUJ3QUhRQVNRQkVBRG9BTUFBd0FEQUFSd0F3QURBQU93QlBBSElBWndCaEFHNEFTUUJFQURvQU1BQXdBREFBUndBNUFEQUFPd0FpQUN3QUlnQmpBR0VBZEFCbEFHY0Fid0J5QUhrQUlnQTZBQ0lBVlFCekFHVUFjZ0JKQUVRQUlnQXNBQ0lBWXdCdkFHNEFkQUJsQUhnQWRBQkxBR1VBZVFBaUFEb0FJZ0JKQUhNQVVnQmxBR0VBWkFCUEFHNEFiQUI1QURvQVRnQTdBRk1BWlFCc0FHVUFZd0IwQUdVQVpBQldBR0VBYkFCMUFHVUFPZ0E2QURvQU9nQTZBRG9BT2dBN0FFa0Fjd0JEQUdnQWF3QldBR0VBYkFCcEFHUUFPZ0JaQURzQVZnQmhBR3dBYVFCa0FFc0FaUUI1QUV3QWFRQnpBSFFBT2dBN0FDSUFmUUE9PC9TdHJpbmdIdHRwQm9keT4NCiAgICAgICAgPC9SZXF1ZXN0Pg0KICAgICAgICA8UmVxdWVzdCBNZXRob2Q9IlBPU1QiIEd1aWQ9IjliZDlmMDEzLTE4MDMtNDAzZC05OWViLTMxNzk2MjBiZmQzYSIgVmVyc2lvbj0iMS4xIiBVcmw9Imh0dHA6Ly8xMC4xMS4zNi4xMTQ6ODAwNy9VdGlsL1djZkNhc2NhZGluZ0hlbHBlci5zdmMvVXRpbF9HZXRVc2VyIiBUaGlua1RpbWU9IjE3IiBUaW1lb3V0PSIzMDAiIFBhcnNlRGVwZW5kZW50UmVxdWVzdHM9IlRydWUiIEZvbGxvd1JlZGlyZWN0cz0iVHJ1ZSIgUmVjb3JkUmVzdWx0PSJUcnVlIiBDYWNoZT0iRmFsc2UiIFJlc3BvbnNlVGltZUdvYWw9IjAiIEVuY29kaW5nPSJ1dGYtOCIgRXhwZWN0ZWRIdHRwU3RhdHVzQ29kZT0iMCIgRXhwZWN0ZWRSZXNwb25zZVVybD0iIiBSZXBvcnRpbmdOYW1lPSIiIElnbm9yZUh0dHBTdGF0dXNDb2RlPSJGYWxzZSI+DQogICAgICAgICAgPFN0cmluZ0h0dHBCb2R5IENvbnRlbnRUeXBlPSJhcHBsaWNhdGlvbi9qc29uOyBjaGFyc2V0PXV0Zi04IiBJbnNlcnRCeXRlT3JkZXJNYXJrPSJGYWxzZSI+ZXdBaUFHc0FiZ0J2QUhjQWJnQkRBR0VBZEFCbEFHY0Fid0J5QUhrQVZnQmhBR3dBZFFCbEFITUFJZ0E2QUNJQUlnQXNBQ0lBWXdCaEFIUUFaUUJuQUc4QWNnQjVBQ0lBT2dBaUFFTUFZUUIwQUdVQVp3QnZBSElBZVFBd0FERUFJZ0FzQUNJQVl3QnZBRzRBZEFCbEFIZ0FkQUJMQUdVQWVRQWlBRG9BSWdCSkFITUFVZ0JsQUdFQVpBQlBBRzRBYkFCNUFEb0FUZ0E3QUZNQVpRQnNBR1VBWXdCMEFHVUFaQUJXQUdFQWJBQjFBR1VBT2dBNkFEb0FPZ0E2QURvQU9nQTdBRWtBY3dCREFHZ0Fhd0JXQUdFQWJBQnBBR1FBT2dCWkFEc0FWZ0JoQUd3QWFRQmtBRXNBWlFCNUFFd0FhUUJ6QUhRQU9nQTdBQ0lBZlFBPTwvU3RyaW5nSHR0cEJvZHk+DQogICAgICAgIDwvUmVxdWVzdD4NCiAgICAgIDwvRGVwZW5kZW50UmVxdWVzdHM+DQogICAgICA8RXh0cmFjdGlvblJ1bGVzPg0KICAgICAgICA8RXh0cmFjdGlvblJ1bGUgQ2xhc3NuYW1lPSJNaWNyb3NvZnQuVmlzdWFsU3R1ZGlvLlRlc3RUb29scy5XZWJUZXN0aW5nLlJ1bGVzLkV4dHJhY3RIaWRkZW5GaWVsZHMsIE1pY3Jvc29mdC5WaXN1YWxTdHVkaW8uUXVhbGl0eVRvb2xzLldlYlRlc3RGcmFtZXdvcmssIFZlcnNpb249MTAuMC4wLjAsIEN1bHR1cmU9bmV1dHJhbCwgUHVibGljS2V5VG9rZW49YjAzZjVmN2YxMWQ1MGEzYSIgVmFyaWFibGVOYW1lPSIxIiBEaXNwbGF5TmFtZT0i5pO35Y+W6Zqx6JeP5qyE5L2NIiBEZXNjcmlwdGlvbj0i5pO35Y+W5Zue5oeJ5Lit55qE5omA5pyJ6Zqx6JeP5qyE5L2N77yM5Lim5bCH5a6D5YCR5pS+5Zyo5ris6Kmm5YWn5a655Lit44CCIj4NCiAgICAgICAgICA8UnVsZVBhcmFtZXRlcnM+DQogICAgICAgICAgICA8UnVsZVBhcmFtZXRlciBOYW1lPSJSZXF1aXJlZCIgVmFsdWU9IlRydWUiIC8+DQogICAgICAgICAgICA8UnVsZVBhcmFtZXRlciBOYW1lPSJIdG1sRGVjb2RlIiBWYWx1ZT0iVHJ1ZSIgLz4NCiAgICAgICAgICA8L1J1bGVQYXJhbWV0ZXJzPg0KICAgICAgICA8L0V4dHJhY3Rpb25SdWxlPg0KICAgICAgPC9FeHRyYWN0aW9uUnVsZXM+DQogICAgICA8Q29ycmVsYXRpb25FeHRyYWN0aW9uUnVsZXM+DQogICAgICAgIDxFeHRyYWN0aW9uUnVsZSBDbGFzc25hbWU9Ik1pY3Jvc29mdC5WaXN1YWxTdHVkaW8uVGVzdFRvb2xzLldlYlRlc3RpbmcuUnVsZXMuRXh0cmFjdEZvcm1GaWVsZCwgTWljcm9zb2Z0LlZpc3VhbFN0dWRpby5RdWFsaXR5VG9vbHMuV2ViVGVzdEZyYW1ld29yaywgVmVyc2lvbj0xMC4wLjAuMCwgQ3VsdHVyZT1uZXV0cmFsLCBQdWJsaWNLZXlUb2tlbj1iMDNmNWY3ZjExZDUwYTNhIiBWYXJpYWJsZU5hbWU9IkZvcm1Qb3N0UGFyYW0xNy5idG5FeGl0IiBEaXNwbGF5TmFtZT0iIiBEZXNjcmlwdGlvbj0iIj4NCiAgICAgICAgICA8UnVsZVBhcmFtZXRlcnM+DQogICAgICAgICAgICA8UnVsZVBhcmFtZXRlciBOYW1lPSJOYW1lIiBWYWx1ZT0iYnRuRXhpdCIgLz4NCiAgICAgICAgICAgIDxSdWxlUGFyYW1ldGVyIE5hbWU9Ikh0bWxEZWNvZGUiIFZhbHVlPSJUcnVlIiAvPg0KICAgICAgICAgICAgPFJ1bGVQYXJhbWV0ZXIgTmFtZT0iUmVxdWlyZWQiIFZhbHVlPSJGYWxzZSIgLz4NCiAgICAgICAgICAgIDxSdWxlUGFyYW1ldGVyIE5hbWU9IkluZGV4IiBWYWx1ZT0iMCIgLz4NCiAgICAgICAgICA8L1J1bGVQYXJhbWV0ZXJzPg0KICAgICAgICA8L0V4dHJhY3Rpb25SdWxlPg0KICAgICAgICA8RXh0cmFjdGlvblJ1bGUgQ2xhc3NuYW1lPSJNaWNyb3NvZnQuVmlzdWFsU3R1ZGlvLlRlc3RUb29scy5XZWJUZXN0aW5nLlJ1bGVzLkV4dHJhY3RGb3JtRmllbGQsIE1pY3Jvc29mdC5WaXN1YWxTdHVkaW8uUXVhbGl0eVRvb2xzLldlYlRlc3RGcmFtZXdvcmssIFZlcnNpb249MTAuMC4wLjAsIEN1bHR1cmU9bmV1dHJhbCwgUHVibGljS2V5VG9rZW49YjAzZjVmN2YxMWQ1MGEzYSIgVmFyaWFibGVOYW1lPSJGb3JtUG9zdFBhcmFtMTguT1RFbXBJRCIgRGlzcGxheU5hbWU9IiIgRGVzY3JpcHRpb249IiI+DQogICAgICAgICAgPFJ1bGVQYXJhbWV0ZXJzPg0KICAgICAgICAgICAgPFJ1bGVQYXJhbWV0ZXIgTmFtZT0iTmFtZSIgVmFsdWU9InJidFNpbmdsZUVtcElEIiAvPg0KICAgICAgICAgICAgPFJ1bGVQYXJhbWV0ZXIgTmFtZT0iSHRtbERlY29kZSIgVmFsdWU9IlRydWUiIC8+DQogICAgICAgICAgICA8UnVsZVBhcmFtZXRlciBOYW1lPSJSZXF1aXJlZCIgVmFsdWU9IkZhbHNlIiAvPg0KICAgICAgICAgICAgPFJ1bGVQYXJhbWV0ZXIgTmFtZT0iSW5kZXgiIFZhbHVlPSIwIiAvPg0KICAgICAgICAgIDwvUnVsZVBhcmFtZXRlcnM+DQogICAgICAgIDwvRXh0cmFjdGlvblJ1bGU+DQogICAgICAgIDxFeHRyYWN0aW9uUnVsZSBDbGFzc25hbWU9Ik1pY3Jvc29mdC5WaXN1YWxTdHVkaW8uVGVzdFRvb2xzLldlYlRlc3RpbmcuUnVsZXMuRXh0cmFjdEZvcm1GaWVsZCwgTWljcm9zb2Z0LlZpc3VhbFN0dWRpby5RdWFsaXR5VG9vbHMuV2ViVGVzdEZyYW1ld29yaywgVmVyc2lvbj0xMC4wLjAuMCwgQ3VsdHVyZT1uZXV0cmFsLCBQdWJsaWNLZXlUb2tlbj1iMDNmNWY3ZjExZDUwYTNhIiBWYXJpYWJsZU5hbWU9IkZvcm1Qb3N0UGFyYW0xOS50eHRPVEVtcElEIiBEaXNwbGF5TmFtZT0iIiBEZXNjcmlwdGlvbj0iIj4NCiAgICAgICAgICA8UnVsZVBhcmFtZXRlcnM+DQogICAgICAgICAgICA8UnVsZVBhcmFtZXRlciBOYW1lPSJOYW1lIiBWYWx1ZT0idHh0T1RFbXBJRCIgLz4NCiAgICAgICAgICAgIDxSdWxlUGFyYW1ldGVyIE5hbWU9Ikh0bWxEZWNvZGUiIFZhbHVlPSJUcnVlIiAvPg0KICAgICAgICAgICAgPFJ1bGVQYXJhbWV0ZXIgTmFtZT0iUmVxdWlyZWQiIFZhbHVlPSJGYWxzZSIgLz4NCiAgICAgICAgICAgIDxSdWxlUGFyYW1ldGVyIE5hbWU9IkluZGV4IiBWYWx1ZT0iMCIgLz4NCiAgICAgICAgICA8L1J1bGVQYXJhbWV0ZXJzPg0KICAgICAgICA8L0V4dHJhY3Rpb25SdWxlPg0KICAgICAgICA8RXh0cmFjdGlvblJ1bGUgQ2xhc3NuYW1lPSJNaWNyb3NvZnQuVmlzdWFsU3R1ZGlvLlRlc3RUb29scy5XZWJUZXN0aW5nLlJ1bGVzLkV4dHJhY3RGb3JtRmllbGQsIE1pY3Jvc29mdC5WaXN1YWxTdHVkaW8uUXVhbGl0eVRvb2xzLldlYlRlc3RGcmFtZXdvcmssIFZlcnNpb249MTAuMC4wLjAsIEN1bHR1cmU9bmV1dHJhbCwgUHVibGljS2V5VG9rZW49YjAzZjVmN2YxMWQ1MGEzYSIgVmFyaWFibGVOYW1lPSJGb3JtUG9zdFBhcmFtMjAudHh0T1RFbXBOYW1lIiBEaXNwbGF5TmFtZT0iIiBEZXNjcmlwdGlvbj0iIj4NCiAgICAgICAgICA8UnVsZVBhcmFtZXRlcnM+DQogICAgICAgICAgICA8UnVsZVBhcmFtZXRlciBOYW1lPSJOYW1lIiBWYWx1ZT0idHh0T1RFbXBOYW1lIiAvPg0KICAgICAgICAgICAgPFJ1bGVQYXJhbWV0ZXIgTmFtZT0iSHRtbERlY29kZSIgVmFsdWU9IlRydWUiIC8+DQogICAgICAgICAgICA8UnVsZVBhcmFtZXRlciBOYW1lPSJSZXF1aXJlZCIgVmFsdWU9IkZhbHNlIiAvPg0KICAgICAgICAgICAgPFJ1bGVQYXJhbWV0ZXIgTmFtZT0iSW5kZXgiIFZhbHVlPSIwIiAvPg0KICAgICAgICAgIDwvUnVsZVBhcmFtZXRlcnM+DQogICAgICAgIDwvRXh0cmFjdGlvblJ1bGU+DQogICAgICAgIDxFeHRyYWN0aW9uUnVsZSBDbGFzc25hbWU9Ik1pY3Jvc29mdC5WaXN1YWxTdHVkaW8uVGVzdFRvb2xzLldlYlRlc3RpbmcuUnVsZXMuRXh0cmFjdEZvcm1GaWVsZCwgTWljcm9zb2Z0LlZpc3VhbFN0dWRpby5RdWFsaXR5VG9vbHMuV2ViVGVzdEZyYW1ld29yaywgVmVyc2lvbj0xMC4wLjAuMCwgQ3VsdHVyZT1uZXV0cmFsLCBQdWJsaWNLZXlUb2tlbj1iMDNmNWY3ZjExZDUwYTNhIiBWYXJpYWJsZU5hbWU9IkZvcm1Qb3N0UGFyYW0yMS51Y0RhdGVTdGFydCR0eHREYXRlIiBEaXNwbGF5TmFtZT0iIiBEZXNjcmlwdGlvbj0iIj4NCiAgICAgICAgICA8UnVsZVBhcmFtZXRlcnM+DQogICAgICAgICAgICA8UnVsZVBhcmFtZXRlciBOYW1lPSJOYW1lIiBWYWx1ZT0idWNEYXRlU3RhcnRfdHh0RGF0ZSIgLz4NCiAgICAgICAgICAgIDxSdWxlUGFyYW1ldGVyIE5hbWU9Ikh0bWxEZWNvZGUiIFZhbHVlPSJUcnVlIiAvPg0KICAgICAgICAgICAgPFJ1bGVQYXJhbWV0ZXIgTmFtZT0iUmVxdWlyZWQiIFZhbHVlPSJGYWxzZSIgLz4NCiAgICAgICAgICAgIDxSdWxlUGFyYW1ldGVyIE5hbWU9IkluZGV4IiBWYWx1ZT0iMCIgLz4NCiAgICAgICAgICA8L1J1bGVQYXJhbWV0ZXJzPg0KICAgICAgICA8L0V4dHJhY3Rpb25SdWxlPg0KICAgICAgICA8RXh0cmFjdGlvblJ1bGUgQ2xhc3NuYW1lPSJNaWNyb3NvZnQuVmlzdWFsU3R1ZGlvLlRlc3RUb29scy5XZWJUZXN0aW5nLlJ1bGVzLkV4dHJhY3RGb3JtRmllbGQsIE1pY3Jvc29mdC5WaXN1YWxTdHVkaW8uUXVhbGl0eVRvb2xzLldlYlRlc3RGcmFtZXdvcmssIFZlcnNpb249MTAuMC4wLjAsIEN1bHR1cmU9bmV1dHJhbCwgUHVibGljS2V5VG9rZW49YjAzZjVmN2YxMWQ1MGEzYSIgVmFyaWFibGVOYW1lPSJGb3JtUG9zdFBhcmFtMjIudWNEYXRlRW5kJHR4dERhdGUiIERpc3BsYXlOYW1lPSIiIERlc2NyaXB0aW9uPSIiPg0KICAgICAgICAgIDxSdWxlUGFyYW1ldGVycz4NCiAgICAgICAgICAgIDxSdWxlUGFyYW1ldGVyIE5hbWU9Ik5hbWUiIFZhbHVlPSJ1Y0RhdGVFbmRfdHh0RGF0ZSIgLz4NCiAgICAgICAgICAgIDxSdWxlUGFyYW1ldGVyIE5hbWU9Ikh0bWxEZWNvZGUiIFZhbHVlPSJUcnVlIiAvPg0KICAgICAgICAgICAgPFJ1bGVQYXJhbWV0ZXIgTmFtZT0iUmVxdWlyZWQiIFZhbHVlPSJGYWxzZSIgLz4NCiAgICAgICAgICAgIDxSdWxlUGFyYW1ldGVyIE5hbWU9IkluZGV4IiBWYWx1ZT0iMCIgLz4NCiAgICAgICAgICA8L1J1bGVQYXJhbWV0ZXJzPg0KICAgICAgICA8L0V4dHJhY3Rpb25SdWxlPg0KICAgICAgICA8RXh0cmFjdGlvblJ1bGUgQ2xhc3NuYW1lPSJNaWNyb3NvZnQuVmlzdWFsU3R1ZGlvLlRlc3RUb29scy5XZWJUZXN0aW5nLlJ1bGVzLkV4dHJhY3RGb3JtRmllbGQsIE1pY3Jvc29mdC5WaXN1YWxTdHVkaW8uUXVhbGl0eVRvb2xzLldlYlRlc3RGcmFtZXdvcmssIFZlcnNpb249MTAuMC4wLjAsIEN1bHR1cmU9bmV1dHJhbCwgUHVibGljS2V5VG9rZW49YjAzZjVmN2YxMWQ1MGEzYSIgVmFyaWFibGVOYW1lPSJGb3JtUG9zdFBhcmFtMjMudHh0TWVhbFRpbWUiIERpc3BsYXlOYW1lPSIiIERlc2NyaXB0aW9uPSIiPg0KICAgICAgICAgIDxSdWxlUGFyYW1ldGVycz4NCiAgICAgICAgICAgIDxSdWxlUGFyYW1ldGVyIE5hbWU9Ik5hbWUiIFZhbHVlPSJ0eHRNZWFsVGltZSIgLz4NCiAgICAgICAgICAgIDxSdWxlUGFyYW1ldGVyIE5hbWU9Ikh0bWxEZWNvZGUiIFZhbHVlPSJUcnVlIiAvPg0KICAgICAgICAgICAgPFJ1bGVQYXJhbWV0ZXIgTmFtZT0iUmVxdWlyZWQiIFZhbHVlPSJGYWxzZSIgLz4NCiAgICAgICAgICAgIDxSdWxlUGFyYW1ldGVyIE5hbWU9IkluZGV4IiBWYWx1ZT0iMCIgLz4NCiAgICAgICAgICA8L1J1bGVQYXJhbWV0ZXJzPg0KICAgICAgICA8L0V4dHJhY3Rpb25SdWxlPg0KICAgICAgICA8RXh0cmFjdGlvblJ1bGUgQ2xhc3NuYW1lPSJNaWNyb3NvZnQuVmlzdWFsU3R1ZGlvLlRlc3RUb29scy5XZWJUZXN0aW5nLlJ1bGVzLkV4dHJhY3RUZXh0LCBNaWNyb3NvZnQuVmlzdWFsU3R1ZGlvLlF1YWxpdHlUb29scy5XZWJUZXN0RnJhbWV3b3JrLCBWZXJzaW9uPTEwLjAuMC4wLCBDdWx0dXJlPW5ldXRyYWwsIFB1YmxpY0tleVRva2VuPWIwM2Y1ZjdmMTFkNTBhM2EiIFZhcmlhYmxlTmFtZT0iRm9ybVBvc3RQYXJhbTI0Lk9UVGltZVN0YXJ0JGRkbEhIIiBEaXNwbGF5TmFtZT0iIiBEZXNjcmlwdGlvbj0iIj4NCiAgICAgICAgICA8UnVsZVBhcmFtZXRlcnM+DQogICAgICAgICAgICA8UnVsZVBhcmFtZXRlciBOYW1lPSJTdGFydHNXaXRoIiBWYWx1ZT0ibHVlPSZxdW90OyIgLz4NCiAgICAgICAgICAgIDxSdWxlUGFyYW1ldGVyIE5hbWU9IkVuZHNXaXRoIiBWYWx1ZT0iJnF1b3Q7Jmd0O+iri+mBuOaThyIgLz4NCiAgICAgICAgICAgIDxSdWxlUGFyYW1ldGVyIE5hbWU9IkluZGV4IiBWYWx1ZT0iMjkiIC8+DQogICAgICAgICAgICA8UnVsZVBhcmFtZXRlciBOYW1lPSJJZ25vcmVDYXNlIiBWYWx1ZT0iRmFsc2UiIC8+DQogICAgICAgICAgICA8UnVsZVBhcmFtZXRlciBOYW1lPSJVc2VSZWd1bGFyRXhwcmVzc2lvbiIgVmFsdWU9IkZhbHNlIiAvPg0KICAgICAgICAgICAgPFJ1bGVQYXJhbWV0ZXIgTmFtZT0iSHRtbERlY29kZSIgVmFsdWU9IlRydWUiIC8+DQogICAgICAgICAgICA8UnVsZVBhcmFtZXRlciBOYW1lPSJSZXF1aXJlZCIgVmFsdWU9IkZhbHNlIiAvPg0KICAgICAgICAgIDwvUnVsZVBhcmFtZXRlcnM+DQogICAgICAgIDwvRXh0cmFjdGlvblJ1bGU+DQogICAgICAgIDxFeHRyYWN0aW9uUnVsZSBDbGFzc25hbWU9Ik1pY3Jvc29mdC5WaXN1YWxTdHVkaW8uVGVzdFRvb2xzLldlYlRlc3RpbmcuUnVsZXMuRXh0cmFjdFRleHQsIE1pY3Jvc29mdC5WaXN1YWxTdHVkaW8uUXVhbGl0eVRvb2xzLldlYlRlc3RGcmFtZXdvcmssIFZlcnNpb249MTAuMC4wLjAsIEN1bHR1cmU9bmV1dHJhbCwgUHVibGljS2V5VG9rZW49YjAzZjVmN2YxMWQ1MGEzYSIgVmFyaWFibGVOYW1lPSJGb3JtUG9zdFBhcmFtMjUuT1RUaW1lU3RhcnQkZGRsTU0iIERpc3BsYXlOYW1lPSIiIERlc2NyaXB0aW9uPSIiPg0KICAgICAgICAgIDxSdWxlUGFyYW1ldGVycz4NCiAgICAgICAgICAgIDxSdWxlUGFyYW1ldGVyIE5hbWU9IlN0YXJ0c1dpdGgiIFZhbHVlPSJsdWU9JnF1b3Q7IiAvPg0KICAgICAgICAgICAgPFJ1bGVQYXJhbWV0ZXIgTmFtZT0iRW5kc1dpdGgiIFZhbHVlPSImcXVvdDsmZ3Q76KuL6YG45pOHIiAvPg0KICAgICAgICAgICAgPFJ1bGVQYXJhbWV0ZXIgTmFtZT0iSW5kZXgiIFZhbHVlPSIyOSIgLz4NCiAgICAgICAgICAgIDxSdWxlUGFyYW1ldGVyIE5hbWU9Iklnbm9yZUNhc2UiIFZhbHVlPSJGYWxzZSIgLz4NCiAgICAgICAgICAgIDxSdWxlUGFyYW1ldGVyIE5hbWU9IlVzZVJlZ3VsYXJFeHByZXNzaW9uIiBWYWx1ZT0iRmFsc2UiIC8+DQogICAgICAgICAgICA8UnVsZVBhcmFtZXRlciBOYW1lPSJIdG1sRGVjb2RlIiBWYWx1ZT0iVHJ1ZSIgLz4NCiAgICAgICAgICAgIDxSdWxlUGFyYW1ldGVyIE5hbWU9IlJlcXVpcmVkIiBWYWx1ZT0iRmFsc2UiIC8+DQogICAgICAgICAgPC9SdWxlUGFyYW1ldGVycz4NCiAgICAgICAgPC9FeHRyYWN0aW9uUnVsZT4NCiAgICAgICAgPEV4dHJhY3Rpb25SdWxlIENsYXNzbmFtZT0iTWljcm9zb2Z0LlZpc3VhbFN0dWRpby5UZXN0VG9vbHMuV2ViVGVzdGluZy5SdWxlcy5FeHRyYWN0VGV4dCwgTWljcm9zb2Z0LlZpc3VhbFN0dWRpby5RdWFsaXR5VG9vbHMuV2ViVGVzdEZyYW1ld29yaywgVmVyc2lvbj0xMC4wLjAuMCwgQ3VsdHVyZT1uZXV0cmFsLCBQdWJsaWNLZXlUb2tlbj1iMDNmNWY3ZjExZDUwYTNhIiBWYXJpYWJsZU5hbWU9IkZvcm1Qb3N0UGFyYW0yNi5PVFRpbWVFbmQkZGRsSEgiIERpc3BsYXlOYW1lPSIiIERlc2NyaXB0aW9uPSIiPg0KICAgICAgICAgIDxSdWxlUGFyYW1ldGVycz4NCiAgICAgICAgICAgIDxSdWxlUGFyYW1ldGVyIE5hbWU9IlN0YXJ0c1dpdGgiIFZhbHVlPSJsdWU9JnF1b3Q7IiAvPg0KICAgICAgICAgICAgPFJ1bGVQYXJhbWV0ZXIgTmFtZT0iRW5kc1dpdGgiIFZhbHVlPSImcXVvdDsmZ3Q76KuL6YG45pOHIiAvPg0KICAgICAgICAgICAgPFJ1bGVQYXJhbWV0ZXIgTmFtZT0iSW5kZXgiIFZhbHVlPSIyOSIgLz4NCiAgICAgICAgICAgIDxSdWxlUGFyYW1ldGVyIE5hbWU9Iklnbm9yZUNhc2UiIFZhbHVlPSJGYWxzZSIgLz4NCiAgICAgICAgICAgIDxSdWxlUGFyYW1ldGVyIE5hbWU9IlVzZVJlZ3VsYXJFeHByZXNzaW9uIiBWYWx1ZT0iRmFsc2UiIC8+DQogICAgICAgICAgICA8UnVsZVBhcmFtZXRlciBOYW1lPSJIdG1sRGVjb2RlIiBWYWx1ZT0iVHJ1ZSIgLz4NCiAgICAgICAgICAgIDxSdWxlUGFyYW1ldGVyIE5hbWU9IlJlcXVpcmVkIiBWYWx1ZT0iRmFsc2UiIC8+DQogICAgICAgICAgPC9SdWxlUGFyYW1ldGVycz4NCiAgICAgICAgPC9FeHRyYWN0aW9uUnVsZT4NCiAgICAgICAgPEV4dHJhY3Rpb25SdWxlIENsYXNzbmFtZT0iTWljcm9zb2Z0LlZpc3VhbFN0dWRpby5UZXN0VG9vbHMuV2ViVGVzdGluZy5SdWxlcy5FeHRyYWN0VGV4dCwgTWljcm9zb2Z0LlZpc3VhbFN0dWRpby5RdWFsaXR5VG9vbHMuV2ViVGVzdEZyYW1ld29yaywgVmVyc2lvbj0xMC4wLjAuMCwgQ3VsdHVyZT1uZXV0cmFsLCBQdWJsaWNLZXlUb2tlbj1iMDNmNWY3ZjExZDUwYTNhIiBWYXJpYWJsZU5hbWU9IkZvcm1Qb3N0UGFyYW0yNy5PVFRpbWVFbmQkZGRsTU0iIERpc3BsYXlOYW1lPSIiIERlc2NyaXB0aW9uPSIiPg0KICAgICAgICAgIDxSdWxlUGFyYW1ldGVycz4NCiAgICAgICAgICAgIDxSdWxlUGFyYW1ldGVyIE5hbWU9IlN0YXJ0c1dpdGgiIFZhbHVlPSJsdWU9JnF1b3Q7IiAvPg0KICAgICAgICAgICAgPFJ1bGVQYXJhbWV0ZXIgTmFtZT0iRW5kc1dpdGgiIFZhbHVlPSImcXVvdDsmZ3Q76KuL6YG45pOHIiAvPg0KICAgICAgICAgICAgPFJ1bGVQYXJhbWV0ZXIgTmFtZT0iSW5kZXgiIFZhbHVlPSIyOSIgLz4NCiAgICAgICAgICAgIDxSdWxlUGFyYW1ldGVyIE5hbWU9Iklnbm9yZUNhc2UiIFZhbHVlPSJGYWxzZSIgLz4NCiAgICAgICAgICAgIDxSdWxlUGFyYW1ldGVyIE5hbWU9IlVzZVJlZ3VsYXJFeHByZXNzaW9uIiBWYWx1ZT0iRmFsc2UiIC8+DQogICAgICAgICAgICA8UnVsZVBhcmFtZXRlciBOYW1lPSJIdG1sRGVjb2RlIiBWYWx1ZT0iVHJ1ZSIgLz4NCiAgICAgICAgICAgIDxSdWxlUGFyYW1ldGVyIE5hbWU9IlJlcXVpcmVkIiBWYWx1ZT0iRmFsc2UiIC8+DQogICAgICAgICAgPC9SdWxlUGFyYW1ldGVycz4NCiAgICAgICAgPC9FeHRyYWN0aW9uUnVsZT4NCiAgICAgICAgPEV4dHJhY3Rpb25SdWxlIENsYXNzbmFtZT0iTWljcm9zb2Z0LlZpc3VhbFN0dWRpby5UZXN0VG9vbHMuV2ViVGVzdGluZy5SdWxlcy5FeHRyYWN0VGV4dCwgTWljcm9zb2Z0LlZpc3VhbFN0dWRpby5RdWFsaXR5VG9vbHMuV2ViVGVzdEZyYW1ld29yaywgVmVyc2lvbj0xMC4wLjAuMCwgQ3VsdHVyZT1uZXV0cmFsLCBQdWJsaWNLZXlUb2tlbj1iMDNmNWY3ZjExZDUwYTNhIiBWYXJpYWJsZU5hbWU9IkZvcm1Qb3N0UGFyYW0yOC5kZGxPVFR5cGVJRCIgRGlzcGxheU5hbWU9IiIgRGVzY3JpcHRpb249IiI+DQogICAgICAgICAgPFJ1bGVQYXJhbWV0ZXJzPg0KICAgICAgICAgICAgPFJ1bGVQYXJhbWV0ZXIgTmFtZT0iU3RhcnRzV2l0aCIgVmFsdWU9InMmcXVvdDs6WyZxdW90OyIgLz4NCiAgICAgICAgICAgIDxSdWxlUGFyYW1ldGVyIE5hbWU9IkVuZHNXaXRoIiBWYWx1ZT0iJnF1b3Q7LCZxdW90OzEmcXVvdDsiIC8+DQogICAgICAgICAgICA8UnVsZVBhcmFtZXRlciBOYW1lPSJJbmRleCIgVmFsdWU9IjAiIC8+DQogICAgICAgICAgICA8UnVsZVBhcmFtZXRlciBOYW1lPSJJZ25vcmVDYXNlIiBWYWx1ZT0iRmFsc2UiIC8+DQogICAgICAgICAgICA8UnVsZVBhcmFtZXRlciBOYW1lPSJVc2VSZWd1bGFyRXhwcmVzc2lvbiIgVmFsdWU9IkZhbHNlIiAvPg0KICAgICAgICAgICAgPFJ1bGVQYXJhbWV0ZXIgTmFtZT0iSHRtbERlY29kZSIgVmFsdWU9IlRydWUiIC8+DQogICAgICAgICAgICA8UnVsZVBhcmFtZXRlciBOYW1lPSJSZXF1aXJlZCIgVmFsdWU9IkZhbHNlIiAvPg0KICAgICAgICAgIDwvUnVsZVBhcmFtZXRlcnM+DQogICAgICAgIDwvRXh0cmFjdGlvblJ1bGU+DQogICAgICAgIDxFeHRyYWN0aW9uUnVsZSBDbGFzc25hbWU9Ik1pY3Jvc29mdC5WaXN1YWxTdHVkaW8uVGVzdFRvb2xzLldlYlRlc3RpbmcuUnVsZXMuRXh0cmFjdFRleHQsIE1pY3Jvc29mdC5WaXN1YWxTdHVkaW8uUXVhbGl0eVRvb2xzLldlYlRlc3RGcmFtZXdvcmssIFZlcnNpb249MTAuMC4wLjAsIEN1bHR1cmU9bmV1dHJhbCwgUHVibGljS2V5VG9rZW49YjAzZjVmN2YxMWQ1MGEzYSIgVmFyaWFibGVOYW1lPSJGb3JtUG9zdFBhcmFtMjkuZGRsT3JnIiBEaXNwbGF5TmFtZT0iIiBEZXNjcmlwdGlvbj0iIj4NCiAgICAgICAgICA8UnVsZVBhcmFtZXRlcnM+DQogICAgICAgICAgICA8UnVsZVBhcmFtZXRlciBOYW1lPSJTdGFydHNXaXRoIiBWYWx1ZT0iJnF1b3Q7MCZxdW90OywmcXVvdDsiIC8+DQogICAgICAgICAgICA8UnVsZVBhcmFtZXRlciBOYW1lPSJFbmRzV2l0aCIgVmFsdWU9IiZxdW90OywmcXVvdDsyJnF1b3Q7IiAvPg0KICAgICAgICAgICAgPFJ1bGVQYXJhbWV0ZXIgTmFtZT0iSW5kZXgiIFZhbHVlPSIwIiAvPg0KICAgICAgICAgICAgPFJ1bGVQYXJhbWV0ZXIgTmFtZT0iSWdub3JlQ2FzZSIgVmFsdWU9IkZhbHNlIiAvPg0KICAgICAgICAgICAgPFJ1bGVQYXJhbWV0ZXIgTmFtZT0iVXNlUmVndWxhckV4cHJlc3Npb24iIFZhbHVlPSJGYWxzZSIgLz4NCiAgICAgICAgICAgIDxSdWxlUGFyYW1ldGVyIE5hbWU9Ikh0bWxEZWNvZGUiIFZhbHVlPSJUcnVlIiAvPg0KICAgICAgICAgICAgPFJ1bGVQYXJhbWV0ZXIgTmFtZT0iUmVxdWlyZWQiIFZhbHVlPSJGYWxzZSIgLz4NCiAgICAgICAgICA8L1J1bGVQYXJhbWV0ZXJzPg0KICAgICAgICA8L0V4dHJhY3Rpb25SdWxlPg0KICAgICAgICA8RXh0cmFjdGlvblJ1bGUgQ2xhc3NuYW1lPSJNaWNyb3NvZnQuVmlzdWFsU3R1ZGlvLlRlc3RUb29scy5XZWJUZXN0aW5nLlJ1bGVzLkV4dHJhY3RUZXh0LCBNaWNyb3NvZnQuVmlzdWFsU3R1ZGlvLlF1YWxpdHlUb29scy5XZWJUZXN0RnJhbWV3b3JrLCBWZXJzaW9uPTEwLjAuMC4wLCBDdWx0dXJlPW5ldXRyYWwsIFB1YmxpY0tleVRva2VuPWIwM2Y1ZjdmMTFkNTBhM2EiIFZhcmlhYmxlTmFtZT0iRm9ybVBvc3RQYXJhbTMwLnVjQ2FzY2FkaW5nRHJvcERvd24xJGRkbDAyIiBEaXNwbGF5TmFtZT0iIiBEZXNjcmlwdGlvbj0iIj4NCiAgICAgICAgICA8UnVsZVBhcmFtZXRlcnM+DQogICAgICAgICAgICA8UnVsZVBhcmFtZXRlciBOYW1lPSJTdGFydHNXaXRoIiBWYWx1ZT0ibHVlPSZxdW90OyIgLz4NCiAgICAgICAgICAgIDxSdWxlUGFyYW1ldGVyIE5hbWU9IkVuZHNXaXRoIiBWYWx1ZT0iJnF1b3Q7Jmd0OzAwMCIgLz4NCiAgICAgICAgICAgIDxSdWxlUGFyYW1ldGVyIE5hbWU9IkluZGV4IiBWYWx1ZT0iMjIwIiAvPg0KICAgICAgICAgICAgPFJ1bGVQYXJhbWV0ZXIgTmFtZT0iSWdub3JlQ2FzZSIgVmFsdWU9IkZhbHNlIiAvPg0KICAgICAgICAgICAgPFJ1bGVQYXJhbWV0ZXIgTmFtZT0iVXNlUmVndWxhckV4cHJlc3Npb24iIFZhbHVlPSJGYWxzZSIgLz4NCiAgICAgICAgICAgIDxSdWxlUGFyYW1ldGVyIE5hbWU9Ikh0bWxEZWNvZGUiIFZhbHVlPSJUcnVlIiAvPg0KICAgICAgICAgICAgPFJ1bGVQYXJhbWV0ZXIgTmFtZT0iUmVxdWlyZWQiIFZhbHVlPSJGYWxzZSIgLz4NCiAgICAgICAgICA8L1J1bGVQYXJhbWV0ZXJzPg0KICAgICAgICA8L0V4dHJhY3Rpb25SdWxlPg0KICAgICAgICA8RXh0cmFjdGlvblJ1bGUgQ2xhc3NuYW1lPSJNaWNyb3NvZnQuVmlzdWFsU3R1ZGlvLlRlc3RUb29scy5XZWJUZXN0aW5nLlJ1bGVzLkV4dHJhY3RUZXh0LCBNaWNyb3NvZnQuVmlzdWFsU3R1ZGlvLlF1YWxpdHlUb29scy5XZWJUZXN0RnJhbWV3b3JrLCBWZXJzaW9uPTEwLjAuMC4wLCBDdWx0dXJlPW5ldXRyYWwsIFB1YmxpY0tleVRva2VuPWIwM2Y1ZjdmMTFkNTBhM2EiIFZhcmlhYmxlTmFtZT0iRm9ybVBvc3RQYXJhbTMxLnVjQ2FzY2FkaW5nRHJvcERvd24xJGRkbDAzIiBEaXNwbGF5TmFtZT0iIiBEZXNjcmlwdGlvbj0iIj4NCiAgICAgICAgICA8UnVsZVBhcmFtZXRlcnM+DQogICAgICAgICAgICA8UnVsZVBhcmFtZXRlciBOYW1lPSJTdGFydHNXaXRoIiBWYWx1ZT0ibHVlPSZxdW90OyIgLz4NCiAgICAgICAgICAgIDxSdWxlUGFyYW1ldGVyIE5hbWU9IkVuZHNXaXRoIiBWYWx1ZT0iJnF1b3Q7Jmd0OzAwMCIgLz4NCiAgICAgICAgICAgIDxSdWxlUGFyYW1ldGVyIE5hbWU9IkluZGV4IiBWYWx1ZT0iMjIxIiAvPg0KICAgICAgICAgICAgPFJ1bGVQYXJhbWV0ZXIgTmFtZT0iSWdub3JlQ2FzZSIgVmFsdWU9IkZhbHNlIiAvPg0KICAgICAgICAgICAgPFJ1bGVQYXJhbWV0ZXIgTmFtZT0iVXNlUmVndWxhckV4cHJlc3Npb24iIFZhbHVlPSJGYWxzZSIgLz4NCiAgICAgICAgICAgIDxSdWxlUGFyYW1ldGVyIE5hbWU9Ikh0bWxEZWNvZGUiIFZhbHVlPSJUcnVlIiAvPg0KICAgICAgICAgICAgPFJ1bGVQYXJhbWV0ZXIgTmFtZT0iUmVxdWlyZWQiIFZhbHVlPSJGYWxzZSIgLz4NCiAgICAgICAgICA8L1J1bGVQYXJhbWV0ZXJzPg0KICAgICAgICA8L0V4dHJhY3Rpb25SdWxlPg0KICAgICAgICA8RXh0cmFjdGlvblJ1bGUgQ2xhc3NuYW1lPSJNaWNyb3NvZnQuVmlzdWFsU3R1ZGlvLlRlc3RUb29scy5XZWJUZXN0aW5nLlJ1bGVzLkV4dHJhY3RUZXh0LCBNaWNyb3NvZnQuVmlzdWFsU3R1ZGlvLlF1YWxpdHlUb29scy5XZWJUZXN0RnJhbWV3b3JrLCBWZXJzaW9uPTEwLjAuMC4wLCBDdWx0dXJlPW5ldXRyYWwsIFB1YmxpY0tleVRva2VuPWIwM2Y1ZjdmMTFkNTBhM2EiIFZhcmlhYmxlTmFtZT0iRm9ybVBvc3RQYXJhbTMyLmhpZGRlbklucHV0VG9VcGRhdGVBVEJ1ZmZlcl9Db21tb25Ub29sa2l0U2NyaXB0cyIgRGlzcGxheU5hbWU9IiIgRGVzY3JpcHRpb249IiI+DQogICAgICAgICAgPFJ1bGVQYXJhbWV0ZXJzPg0KICAgICAgICAgICAgPFJ1bGVQYXJhbWV0ZXIgTmFtZT0iU3RhcnRzV2l0aCIgVmFsdWU9InMmcXVvdDs6WyZxdW90OyIgLz4NCiAgICAgICAgICAgIDxSdWxlUGFyYW1ldGVyIE5hbWU9IkVuZHNXaXRoIiBWYWx1ZT0iJnF1b3Q7LCZxdW90OzEmcXVvdDsiIC8+DQogICAgICAgICAgICA8UnVsZVBhcmFtZXRlciBOYW1lPSJJbmRleCIgVmFsdWU9IjAiIC8+DQogICAgICAgICAgICA8UnVsZVBhcmFtZXRlciBOYW1lPSJJZ25vcmVDYXNlIiBWYWx1ZT0iRmFsc2UiIC8+DQogICAgICAgICAgICA8UnVsZVBhcmFtZXRlciBOYW1lPSJVc2VSZWd1bGFyRXhwcmVzc2lvbiIgVmFsdWU9IkZhbHNlIiAvPg0KICAgICAgICAgICAgPFJ1bGVQYXJhbWV0ZXIgTmFtZT0iSHRtbERlY29kZSIgVmFsdWU9IlRydWUiIC8+DQogICAgICAgICAgICA8UnVsZVBhcmFtZXRlciBOYW1lPSJSZXF1aXJlZCIgVmFsdWU9IkZhbHNlIiAvPg0KICAgICAgICAgIDwvUnVsZVBhcmFtZXRlcnM+DQogICAgICAgIDwvRXh0cmFjdGlvblJ1bGU+DQogICAgICA8L0NvcnJlbGF0aW9uRXh0cmFjdGlvblJ1bGVzPg0KICAgICAgPEZvcm1Qb3N0SHR0cEJvZHk+DQogICAgICAgIDxGb3JtUG9zdFBhcmFtZXRlciBOYW1lPSJUb29sa2l0U2NyaXB0TWFuYWdlcjFfSGlkZGVuRmllbGQiIFZhbHVlPSJ7eyRISURERU4xLlRvb2xraXRTY3JpcHRNYW5hZ2VyMV9IaWRkZW5GaWVsZH19IiBSZWNvcmRlZFZhbHVlPSIiIENvcnJlbGF0aW9uQmluZGluZz0iIiBVcmxFbmNvZGU9IlRydWUiIC8+DQogICAgICAgIDxGb3JtUG9zdFBhcmFtZXRlciBOYW1lPSJfX0VWRU5UVEFSR0VUIiBWYWx1ZT0ie3skSElEREVOMS5fX0VWRU5UVEFSR0VUfX0iIFJlY29yZGVkVmFsdWU9IiIgQ29ycmVsYXRpb25CaW5kaW5nPSIiIFVybEVuY29kZT0iVHJ1ZSIgLz4NCiAgICAgICAgPEZvcm1Qb3N0UGFyYW1ldGVyIE5hbWU9Il9fRVZFTlRBUkdVTUVOVCIgVmFsdWU9Int7JEhJRERFTjEuX19FVkVOVEFSR1VNRU5UfX0iIFJlY29yZGVkVmFsdWU9IiIgQ29ycmVsYXRpb25CaW5kaW5nPSIiIFVybEVuY29kZT0iVHJ1ZSIgLz4NCiAgICAgICAgPEZvcm1Qb3N0UGFyYW1ldGVyIE5hbWU9Il9fTEFTVEZPQ1VTIiBWYWx1ZT0ie3skSElEREVOMS5fX0xBU1RGT0NVU319IiBSZWNvcmRlZFZhbHVlPSIiIENvcnJlbGF0aW9uQmluZGluZz0iIiBVcmxFbmNvZGU9IlRydWUiIC8+DQogICAgICAgIDxGb3JtUG9zdFBhcmFtZXRlciBOYW1lPSJfX1ZTVEFURSIgVmFsdWU9Int7JEhJRERFTjEuX19WU1RBVEV9fSIgUmVjb3JkZWRWYWx1ZT0iQVIrTENBQUFBQUFBQkFEdEdtdHpHOVhWdXJia1oySVRpQ0VOckRaT0I4ZVRTTnBkdlN6WkZ2VXIyRTBjaDBoSm1BbU1acVc5WGkxZTdZcmRsVzBOd3pRVTBvU0VsREFRMmhCYXlwUVVDcE0wTFZNd1NVcjdFenFkZnVqbjF2TGpVMzhDUFhkMzliQnNRNkFSMDNhNlNiVDNubnZ1dWZlODdqbm5icjV3ZEQ2RW5GUXlPYW9xaHFiSytqSDhiRjdTOEZGVk4wYjQ5T3doWEVnbXUxM083VnJLaUV1S0tPUHhiRzV5ekxrTitsTjUyWkEyN2JaS1dmRXduMWZTR1djN05KL0lZOTJRVk1YWm5zN01UbUZlUGlqem90TWx6azN4a3RJNXVMK2hBN2wyTnJkTUowWlZNaDBhQjFVdGUyUzZlVHBoMG5OTko4WjRBOE1ySVdWeE83eFVnNWRKR3pBU0N3cE1RVi9BMHlsME90czhvVEFUNHRoUUlOVFozVU0xWjdHdTh5TEdWRk15amhlY0RwYnFUUjRGd0tST0ZqZmdYendOZk12QXNFVDJPSzJVV0JlcDd1UWt5R05HdzNvbURtUmc5S0RHWjNIR0hCaVdzV2JZWUxJVk5XOWtLQmR2R0R4dzdUV0FZNWJoV0RZaWhDT2NJS1Q3UGV3TWsvWUVVamprU2ZGTXlNT21oQ0RYejZSVFhJU25kdHA3QWtscGhiaWhnYVFQcTJLR2FvZUZ5TWhoTlQyYm9iYmJXRVE2OXZCSlZadU5Td1lHb1RjR0dZWnFTWUxFaUxDY3U5aEloUFAxKzFpR1hsbzhYN3g0am1hNUtNUEFYNm81S1JoSGVZM25GaDl1Y0RRME5CRFprVGQ1T2hEOEhJa1hkQU5udlVDSVAwQ2Z3QnBoY2lqZ1pjaWZBL1FvYURxdjRTRUY1dzJObHcvUVIvTXBXVXFEclNUVVdhd01wY0poUHBnT2h0aUlQNENaL29pVEVOOVpSZFA4U2ZBcEdUZkN5SzV5ejNzTVoxVURtTGVYYkgweUs4ZlRHWnpsMjZFMUpzM01QQTRLYUhRNHR0dkViRHl5NTFaQ3l0VUVQNS90R0h4c0lTdlRjL2ErZTFndjAwTmpKYTBLUUhxb0oyL01lTmhRejJPeGJXMkRDM3BVTnhlZ1lZYWlEL1gwV0kzb0FyUXpocEdMK256ejgvUGVlYjlYMVVRZnh6Q3M3OG1wdzlhbVNyaFpYUUFPZ0xDbTJOUjBUMVlDczlMVkdjT1RWck5Sd1BOWVdEMndLazJUZGJHTXMxZ3hhQVZNYXFqSDVKKzFScTF4bUplVDhVS2lrTU0yMUlMcjRLSEFUQVc0R2JsaFlZNVA0eEVzU2tvUGJRQ0pvUjR5MWJTc0h0cmFTdFRnTlJFYlIyQ0NuZ05zd254V1VxYlQ2YndHM0lQTWZGKzVCdXhqWEJIcXRzUVlUc3RncU1ReDY4dkxHRjg0TEdVbFkwTE5hMGUrbFZVbTZyNEtPV1hydHNnVXhJdE1tWmx2WVptNmNqT2RtTXJyeG1nR3AyZnJ1SWJKQjJpbjNrdlVWL0hZQ3IzMTg1TFNDdlh6RUlpUngzaGxkbktzYml1YzRHVkpxUE1hdzhJellMUjFYaVRPd3dGY21OYUd5VnAxWm1WU21TTmlJK25MUFZscDBMY3hYSnF3MnRCcUF1MGRiUkdmRFRPdDR1UFlLTzlrVXJjaE1LcmxjUmxPRXN0eVNsT083S1hSNHpvZXpXc2FVSWFramljSTV1UzdDUHpwakNxbGNRMjNXWDZoMU1zcktUV3ZDRmlveU9CdXVMV2taS1l0TVpjVDhxZS9OQThLa0dxSld0UjY4ZGx2a3VmWWN5d1NYeldudEpCbnprNkJCaXZ5THJGaXlaRzJ0eVlKSmNsV1JLdXA4OU9hZ0RWVE1EWmVodGRITTd3aVloQ1FwT2lRczROOEttS3R5cE5pa2NpZ3I3cS9Ec2xLZEdJY1krSFkzVEpLYmFKaUV0c0FyS0JYcHh1eEFLQ3VBMnlLTnhGanVmV0lFeHNSeWRFZll5cG9acitNdFQ1b3h3S2hRVjhOYUJQVUVza2FTQm16S25ZU3RPcHVGVTRwOXNYQ0JLWGNxOFV3U2JObGxKcnRsMEpQekUvMlUrNXRRSmlJaGFvUXFzUlVQdmhqTE9pbjBpc2pWSjNiTVJiRVU5MnZzb2ZLd1dzU1dnY29vNjA3T2dsVDZ3RTE1S29PUDdBeU51eGpPWitmS2RHdUhpMjV0bVgrdGt1djg1ZEJYNDBEeDVwSWRWUlROWkZheVpXYzRwOVJOWGhKQ25tTjVDVlphRTBldzNNU1FTRVZZUXM4eUs0T3Y3Q2ZkbXFQWFlzTzV3MTFPSmVUQytQWkZCWUliRlRYUjJWZTEwV3F5NjVlVDhLdXRTeXZRUW5ibk5STUtUa1JFNlk2UzVVNEpvZWxDRE5hazhObUFRMElYN09FN2thb3NWUG9Ib1Rmem00RUJmVmhTY3dZSStyQ2lJYjUyWEdGeUVySUNOMW9CckNha01QRWFqNEJYTUpBUmhDUTA0UTBKZkNDNFh4bzljcmxsVXMvV2xxOC9zODdyNngrZEdIbGc0dkZ6OC84L2ZTdkFHODN3WFBmNzNURmowNk1IR0lCOG9nTjZWaSt1Ymo2MjB0cjUwK3Z2dnNLd1BlVU1CbUdlWnhoQUxMWGhuUXUzYnBWUEg5MTllT3p5N2N1d1ZvdzFGdU5IQ0hJZlRaa0p5QVR6TXVMeTYrL3RYejI1WlUzUGxoNS96VkE4SmVtMkZJUzBJQU42YklnL3poOXVuajd6ZW1WejM4Tlk0OTFkcGtzbDBYUjJlMUFqbTVIbHlDSXBDV2d4MkYyRzlXZUpFWkdyaGg0dzlsUmdPY3AzOVRVVXo1Qm9OcVNjWWkraG5rWDAvQW42WldyZi8xekM3bHhVQVFiTk5Ma3Z2NjNGdlBXNGhqbWhXbEZMbVFBSWFHcTRJZzVwK2ZVMnUyZkw3OSsvbW02K05xZDRxc2ZMZi9rMnZMVkg0R0lUNjFkdldMQ2x4ZlByRjE1cjNqbS9lS056eXcxZ2NiZ3Q0dThxV1pWU2N0U2V0YVpPRzVJY25JME13djZUYWlpS0dOVGtaSXNHWVY5dmZrMDJZNjUxV1E2TTFzWjZqMUFyeHNVcERuaU04TmdJYjE5QXdJSUNSRVJPWFdqSUdPbmV3NkNoUVFoMmdPZUp5cFJRODBOekpWcFJRZHNLMm9CZWJlWkRzc0VmV3lJNmlBZVVibEQ2aHJsOHpyV3pYUEVqQVFpMWZ6TjVBRTdhMU1WSVNWYk10aHVaQ1RkQzZkQ0hnLzE5ZzRJWVBqZExzcTFxZUphTitodGdoakNPclZOQ09nUU1RRDN6dldUM2QxbFhic2ZMT3ZZL1ZER3ZldmZWYWo3Tzg2amQ2RkoyT2hXZWlSRG0ydlJ2ZnNiS3REOXNPaCtSSFJUWDFzN2J2Zm1PbkhUTlFMZFUxYUN1NmRLK3RPd2x5YXFBM3duSGk4NUtZaDVNNmw5dWYxYjE2UmIySC8xNEViSk5kNmw1RnptWm9BM0lpeHlEN21IRUJvaDZhY29kTzNjMVFxSDV0b0xjR0NkUlF5REdCWXhIR0w4aUFrZ0pvaVlFQnoraU9sSFRBU3hER0paeEhLSTlTTTJnTmdnWWtPSURTTzJIN0VSeERHSVl4SEhJYzVmRDVvUDdHL2NKVzcxV0dlaXM0cE45M2NKYjBQM2ZoK0lDeUF1aUxnUTRzS0k2MGRjQlBrWjVHZVJuME4rUC9JSGtEK0kvQ0hrRHlOL1AvSkhVSUJCQVJZRk9CVHdvMEFBQllJb0VFS0JNQXIwbzBBRUJSa1VaRkdRUTBFL0NnWlFNSWlDSVJRTW8yQS9Da2IrMi9jUE9odmFVbWQzODFoNmJlMkV1TmZkSUtEanhPdmNlN2Z5dEM4L255eG4ydlI4cWd6ZEt5K3p6TzkveExYUS8xM3JQMjcvOTlxMVR0blphQ1BySmZsczB1cGlhUEoyTG1wV2lTUVhKVjRobXA1NHY5UEJ1QjhnQ2Ztc2liOURoR2JXYW9GbklydlZRdEo0eU9XdEZhckNOMkE3cW9mc3hWRTF6T0V4bmJBVzhxeHBrTlIyNHEwblNBdy9LR0ZaY0RhTnFnS210cGszT2xBY1dNQldBaHdsdDFDVzZYYnNnR1RiUTN2S0JnRHRqclV6RjR1WHpoVnZubHQrOTV5cmVPYVRwZHR2dXBiZmZuSDErazFYOGZTZGxWZXZkeGMvdmdscGhXLzU3WFBGVzVlaHRmTDdTOFhGanp2Z1gvSENGYXNJMmJGNjlrT29KNWJmdWJiOGk4V2xQN3k5Zk8zNmp1STdud0pvNmZNTFpPRGFkY0RkWVNHdmZQakN5cFU3UzdjdUxOMytwQU1HVjg5ZFhQM2x6NWIrZU1OcFZsTTdPeHlNQSt5T2NYQU92eVBnQ0RwQ2pyQ2ozeEVobjFZWmhnVUw2S2hXS0FnbER4SjZtTm9OWmVMQ1lheUlSdVlJa1lHYXprT1JKMkhGbUJ6RGtPRlBRZy96V3Nac21xUGtheVVSVnp3anpSaUhKRVZvNy90QkhHck1vM3phZXhLbnhoZHlHdFoxNzZpYXphcUtsNXl5KzllaEg2QzN4SzU4a1F4Ny9WNC82MlcvK3BPa2twZmxCdXJoNUppazU4WVZLRWV4Y0ZMVkJIMDY5VXlGajdha1dhbE9RYVdLb1JRbFJZd0lTMmZNWkJlYnFkbHcycERtOE9UVU9LbFZTNVV1bVRsWituS2VvWFlrcmJJNG9SN1A1YkEyeXV1NDlDVlgxK2RoMVUwanpWTmZHbW1NQldNNkFUV1ZyaXBUT0t0dWpEZTFDRnRHbmRDTXJQSkdWTVl6eG9BQTBwRDVRbFJTWkVuQm5wU3NwbWNIY3J4QXZwTkdtZlhCcU1WS2xxbVdTbVhuUENrSlJtYTNkVFZRK0I3NXlrdTFWSVRTbE53VEgwRS9SRmJsTm9zTCtaenpwOGhNa1EzSmtNMFVXWnFoOTFXU1pxOXNtaGdkRzZJNWhxRWZmWlN1ak5GN2h1amUzcjduNkRhNkdqcFUxZkhxK1pSMVc3eVBPVUFvOUEzUWJjOFB0TTN4R3EwbUZneEFGc0EyeWIyblY4VEd1SFVGT2xLWUZEWUtXT1pUUkg1UGdIVDd6RjJhQkdBUHhKTDZuaU05cjZRb1dDTldDNFN0ai9iZUdiUDgydmY5ZUhKS0YwMXJtMVJ5ZVFPOHh6UzNBL1FHWnUyTlBpK1lOeGRON3VBNmVickQ2RFF5Ynljc2E3R09xd2RQRmQ5N3YvaWJqOVorL0dieHhsdFBGei85WGZIeU95dHZmR0FxK0ExSFNZTTBsMXVnV1FaK1NvMEJPcTNLcWhiZHl6RE1BSjBpRmFwR2t2WW92ZmZnd2ZIKzRkQUFQYU1xaG1jZWs5dVRLSjFTWlFId1ZIS3JHcVZab0tLclVNalNBcmlJcVBHRkFYbytJeG5ZWTE3RlIybEZuZGY0WEdtQ1IrTUZLYTlIYVQ4c0xLRG15bm4rdk0zSGZmdFdydDRvdm54eDVhVjMxNjY4QkdkV0h3eStXT0xTRVlUZTJWS3ZrVEVQOGdzMS9WZHIrcTg3eUg4b3VRODV1cm9ieUorT0IvWTNRQ3k2WEhZM2lFMW1tTHBpUVpvNlRmL2I3ZHhXY2daRlZmQ0E4Qys4b0UzQ0dTTUFBQT09IiBDb3JyZWxhdGlvbkJpbmRpbmc9IiIgVXJsRW5jb2RlPSJUcnVlIiAvPg0KICAgICAgICA8Rm9ybVBvc3RQYXJhbWV0ZXIgTmFtZT0iX19WSUVXU1RBVEUiIFZhbHVlPSJ7eyRISURERU4xLl9fVklFV1NUQVRFfX0iIFJlY29yZGVkVmFsdWU9IiIgQ29ycmVsYXRpb25CaW5kaW5nPSIiIFVybEVuY29kZT0iVHJ1ZSIgLz4NCiAgICAgICAgPEZvcm1Qb3N0UGFyYW1ldGVyIE5hbWU9Il9fU0NST0xMUE9TSVRJT05YIiBWYWx1ZT0ie3skSElEREVOMS5fX1NDUk9MTFBPU0lUSU9OWH19IiBSZWNvcmRlZFZhbHVlPSIwIiBDb3JyZWxhdGlvbkJpbmRpbmc9IiIgVXJsRW5jb2RlPSJUcnVlIiAvPg0KICAgICAgICA8Rm9ybVBvc3RQYXJhbWV0ZXIgTmFtZT0iX19TQ1JPTExQT1NJVElPTlkiIFZhbHVlPSJ7eyRISURERU4xLl9fU0NST0xMUE9TSVRJT05ZfX0iIFJlY29yZGVkVmFsdWU9IjAiIENvcnJlbGF0aW9uQmluZGluZz0iIiBVcmxFbmNvZGU9IlRydWUiIC8+DQogICAgICAgIDxGb3JtUG9zdFBhcmFtZXRlciBOYW1lPSJfX1ZJRVdTVEFURUVOQ1JZUFRFRCIgVmFsdWU9Int7JEhJRERFTjEuX19WSUVXU1RBVEVFTkNSWVBURUR9fSIgUmVjb3JkZWRWYWx1ZT0iIiBDb3JyZWxhdGlvbkJpbmRpbmc9IiIgVXJsRW5jb2RlPSJUcnVlIiAvPg0KICAgICAgICA8Rm9ybVBvc3RQYXJhbWV0ZXIgTmFtZT0iX19FVkVOVFZBTElEQVRJT04iIFZhbHVlPSJ7eyRISURERU4xLl9fRVZFTlRWQUxJREFUSU9OfX0iIFJlY29yZGVkVmFsdWU9IjJKMG1MamY5Z3hEWlBnWEFPdno5Unh3L0tPZU1XaG9zdDM4bFdKa092TjhqaFowVGsxQ0dXUndjRFV5NWtKME8rVmVaejljSGM4eThCeVZ0SXBUdXJZNFpKYlBGczJnK2FteHRjajZZRzdaMHFOMStWM1FaUURMTVlyVzRFVFlVamVWdjA1c290MmNvYVNtRk1YbDNYZTU4cUVCYmU2MFVhRzRuYlh2Y1dGeEsxaXZRa1dBSUVwR2Rqell6Y1NxR1pwU2VTUTJJTzRIcVArVWJsV2hxcCthOWdGZFBWZGNES3ZqTldUNmVwQXBlNHdkaXNvUGlDbmVDQXZNLy8xT24yTEQzVjFtT3gxeXhxMnAyell3eHkxUUdyTzV6QzB4aDhTNDdkMXRkaUhoWmhjY1NMSmtNOGhtcjcwdUtnYVJjM3cvQmF1ZlNmd2FpOG5UTDd1MDVjNlQ0UEVqSmEvSEtzalBIQldpTWJNbi9raUYzY3lVL1BoblhoSENaMW9zeFBldFE4K0RxcUo4dEp3T0Q5bGdUMWJ0Q0JZSXR0dUxIZlh0YVFwNUVBalVGcFVXVEZLV3FlYXM4OFZVWGlMR0tGc0gxTnJHU2FQYW9xMERIUGdDOVNmVzByaTlqYVhwdWFSczN5TTRvSXNmZllGRVFNejlLU0JocU51MDZaM0d6NnZqQk1hUVBiNFNldVFOL25UNVJlZWR2dkRMQTVHNUxBL3BtK2FJZk55ME1VeFo3SzB3VGJJQTkvb1hMWWR6M1VOUFBRcWJ0SzZlSEsveFJ4ODZmTE02cUlzZEdnV3hrdmt5aGtWSGRjWTlva1pyZUhESHNLR3l4c0xLaGc0N01ySHZiMTV6TGdaR0FDeGZvc3JWNUZWZmdqV2plUnRUcnR6TUtZa2l2QlNHeEhuOHdZamcrYzFlY3l2N3BpUElhaHJTZlpNZTBkaW03SlM0QmI1cWFxbVMveUNLLzJRY2dHTXVjT3dlSXJUVjJzOEo3UUV0N2x3MEdzR052Rm9WT2xwUFN2cUNVT3p5bGxydG5wdFRKMUVtVTBIWW9qdUQzNG90NmxySE5IQklBZktXajRsRVVKTnlYY2VHYnU5UHJCZ0dPQkZFYlRwU3pTbC93cEwyRHNxMWN2NHdmZWlPS0ZHNWxOWFRSRXdFbytZUzRIWXA1WXVzWVpMZzN2NnVkN0Z4b1h3UVp1aStoUHlPOUkzQ0c0alJuMzgwRm9DL2YwZmp3OU9jK1BPRzdsdkdOOGRwVkhFZGlYWkF2Q1o2YjdaS29SNDFKbWpRSkRDQUF5UUdWUjNIZUJZMjBiNlBpWUpTNmsxMlZLcWNPNWd1QlpYZmpPSmt3UUx4VUkzcUlJNHFiMUlaa0I3UXVRYWx4TnhSaUhNakJ2YlRHSFpNM2hCTFdLUDZnc1hDYjFRUmFTWDNaNm01cHlveWdYaUJrcWt0TW9wYUhHL2N3d0VEVmduWXRKUXhLTmdtQ0FtZTd1M21RQWl5TUxFSzJlMjZuaWN5MTNhOHN2WldvakxNS2xDeFNiU3J2a1ljRkhEdzMzbWV4RGJHWFRIUUVBY3hwQ1N6K0lWa1hLTjEzUnlEVk9QSzE5THI1KzZFUHYrRjhnZkU0Qm5CNEQvelBSQXh6MHRZYStKTlI5bWkvaWtQMklHMEJYRmdrOS9RZCtxeW9IR3BjVXJTMWZwT2UvbndsMWc3V0Jlb2ZwM3F5N1hMdXlhdDV0NVdGRXJaODlBc2ZGU0p0NWYzNGgwS1ZoWm1JdmNaOEl6MVhPaHc3QjMrN2RUL0ZJTTRLaHJhcFZ6VWdXQS92azZtcXkxUC9Memw2bFE3TUN3WWVBc2E0Rm1xaGZITzU5WHRJQ3RpVXE4KzZvR3UyOEUvZVE5MWlEOXkwZTg0cVMxU0QzMENzbGwzc1I2S0N6UVUvUFlQRXVSMklmcmkybzZodVdabzJvNisxQXYvRGRwZjg4dlkzMm13TlRoM0lPbXNMNmFwVHlqdjNIL1NwL2RndVdsbmhrbUxJTHRyTUI0TlNYUVo0dWFWR2Y4U1lDWGdHVzdmbnkxR05RZUdFOUZ1Z1I4c1BPQXBldWl5cjhUaVp4eVp6eURLU0VCQ3M2U3BlRnpRTm9vRXlwQWNNcHM1TDROOTY1bE1vUGM2V0Uwdm5HdjV2RGIxVTRFVy9Gb0pweWZpenZrRmtVUnJnWXRTT3BibW91bWtwQUtwMS9na3F6Z1hlY2ttR01pR09qMW9rbnVoaTJwcTZMaCtUdzFqSDJwSDM3N0xVQXZibmxxemozNjZuZ1ltL2xscm1GMi8vSlB1cUdXei9jWndOSW9HMk1RWXdsU3d6c0lnQmFFSEx4ZkZablJEYnBnSjdaVmJaMEFxRlNMUlBIQzBBeU04bGlvTDJ3K1dURlVTMm96YUJMTGRrTkxqMHQ2U3dnbmI0RUJrMjFvOE1GNnpRMno0dWJKUFZqcE8ydzdXeGJwdCsrUDVxaDFXRGV0RUVIcy9CSWphL0hFZXZvajM1TjNEZnVRTy9COEY5TFBUSDBMaWpXeTJ4Sll0bWxiUUxPcmgvdkE3TDc5M2tyZXdzZFFVazVSbXVCSVYvdndSY0NkbXhhdWtzYzQ4Q1Z3NWwwM0Zod0IxN1BiSDNmYmFhdUN3TG92a0E0UXdpOTZaQndpYldqcUUzMUdiUHJvdkJYNWFFZjBGNmR1K2g3b2xuSlB6YldESGxPWlFPN1RVbG4yNEQvYm5jamxST01RbTNuRGFqVFAwTHFra0t6TW94RHIwU3Vvb1UzSHBvTFg1ZGhHTlRQWndrdi9UNllzUGlaWXZzZHJvaWNabHMyd3FWbjJJdzhhOUJDQWNNWDRDK2hya3NxOWN6K1B5aDg5K1U5Uld0aTFxd1QyT0hscnlha0dVZUd2NlQ3MThkWFFZUXpiVCsvT0dwUTJ6UkZOSXBMbGNhc0l6b1VYNHhTNVNDcDFpV3BLUXNXNG16U2pWcThLK3RGMWNKZ2RqdVUxQlE2dzR5QWFJdTJ6QmU2a1o1YTlGK0pMSGNWV3EyczJuU0pNb1kvTUdYcTFadTBOVUMwbEsxZWcyWmpEdS9uVDB0anFWTmlmZGRmdWNOTitNaTRIZFlYTlQxRFVaTFFRZUZ4U0g1SnNLRkxYTHVib0p1UG14NzJTUjUwUmxNeE8wRGZQeE80VHdOTC9FSUFiMVJ2bUxoNXdoaGJvZWRubXdzam9iNE1vaUpxeVRqQVM1eEltYmgzMlNxcWh3TXpROHpZeU1KWjJCbkt5MTNmdDZsWHNNODdvSExEbjZDZGJIMkhzc2dqeHFiR01RTmRjQk1hSWZtVlNSUFpCaHJ4YjlmT1QrMFdhRitOMHBvR0I5VmNKL1U3YU1hVEc5QXZua3Jnb3RwVit0QjUwR2lSak1Ud3NsS0JWbWFQM2M5UlFWNjk2a0NESThHejAyM3pSUCsxWWZPSUV2SGpEWmY5V3dEb2lxcGdNTEhhMnBtZVg3NFdtUHRHQ0xobURlbU9ublEyU1g5SVdSbjQvbExwTXRoZThBMkZIZ1lyWkpicFN3b2pmN2xMcHhnUXF5RkxiTE5seGl5Q0RYd0hJakZ1azdCdEJiY2ZCSGFuWGFGa3VOMjlEWExjdmhUbmY4UjRCSkdOV1B5c2RYb2k1U2VUN3REbFU1NVlrOFp5T1NqbWpMcllyTGs5TTRYWW90V05raTl5SVVhUHVSUW9XYTBTWmMyL0dueXphSnoxbmRteGhWaU9pVEdjZEk1NVJnTHN2QjlEK1hQeXhFNGY0cjBLK3RzMk5ienQ4ZHlxOEtPUGsxcVYyNERYVUhwZHpyd3ZERHZUb3JJd2VtMlluMlFGbytZRUtzU2RGNUNPUTVzSmJpMnV1MHo5TTZUeTVpaG5vN092V3FnMW1WaG9XWTlGZHBMS1R2UHFRM1NiRWFJejRuckJ6YUFQemZFMlJyVXREdEVjT0wzdFVNYmptZkxHMjk1QmRsWjdGdk1icUNkb2VnMDE4MmVKK1JjSFJ5REJKK25keG5aaTd3TGtuM1hxQi9FZG1BT1BYUTdqeWJ4aVQ0YXhGNnlSaGNHeHJKNDB0WE9BK1Bsd0RFTWpHWUlGNXVEZk5CMHRKOUVYdGJld3NobmtyaDhGOVVlcjk1QjZ2MTZCUUxOUVc0cEMxRVBZRWI3M3VyR29tcjFsNDRFUXNJZFJ0QXRGTlZDd2pjZDQzcDBFQjRjOVZYZDhwaDFCbHB0V3BFaS91bUYvVVNkVVh5ZHRHQlo4QnF2aTdxaUNlRkRLRnZBSkt0L1hUTUdCRDhwb3MrbjZLQ1JVN29ybVVJelVNYmRUSmxldFkrYzM0aXJpekNNd1lLdSt6SC9Sdk1hNlNIRlhERmcyem84dkVmNmtEWXdWdnRpeG03SmQwUVZib2NsU0hJUGdzYzNiZWxZa2FsMzE3WGRSUzY1T0VMd3BRaXdIUGx5YTFZVzcxK1dDVElSWWJMd05lend1cERQbzZTY2Y5S1ljd3lSMVNHbjRWMFUydFlVUVVoeUNNSzJTTzdIZ2x5ZTQvTTJUQ3F0aXZxQjRRa1J5czkzbFR3ME9vOTFNakVKa2NkZTZQQ0JUeFcyY3NXeHZ0Z1QzYkpVeHJTQk91NEppNTBhV2Nyam5hSndLLzZ5NzdlVGtzQzBCVVJCditFNGUvZnF1QjNnOUxYcHB4eVhENnZzQ1dKYTRpMWxwYzNqYmJRNnhYejZuRTl6MmdhcTVVK0xlVTBkaytYMTlqTmpaeFRFT1M1U0dHNUQwT2lWSld6TFZQRjN6bitjbWNtR05VQWY0OVEraG1wT3dUOGNrcEpCM2c2UHVSTktSU0dmR1VYazNGK2VMS1c4K0hacDRvaGhGRmZGb21zMlp5by85MzBNTXpXS0cwL0huTWdQZWZyUStBWk9CRTErS3QzWm42emQwSHRkT0Uxb3JzSVg5TVhKdnZYajgxc08rcUhTVFc0OG5hdHZ2ZVFVUWpRNnl0WER4SGh6aDVNNkdyZVlxcVFWSDFzTGsyWE55OHpFTXRaUVZ5SThOZHlXdGtvUHE5MGdnUUdFN0p3TUJhekwxUGdWVXIxL0VQWDR0SEZZZlVtMGlObTQwY1pFWitzeEZmRFhad2Flelh1UEljbDYwK3pFOGpHU05nN3d6WGZkcVhhRDVBQU9kL1NaNTlrM1NsMnhReW5HVE55QUdNRHVobEVYRDZDVjNzTTBZUDJ5K2JrL3NDNFFZN082Mk42OG5WRWk5T28zUmZsVnVGUDdCUzdNbXZmdFlPMFloNVNmMllRTTFvYzNBaGU3TEpKZlZXQXRRS3VJQWJrcndxazFXdE9GZ0ZJKzlJVjdaUmtDMjZvd3FvZ2pSRk40VE0zOE0zcUxWWlBwTlZaL1hrK3JwZnN6WU5KcHlJNGRrWDlacmUveFlseUxYcWRQRG80NDlFUml5cGJFamJ2OXluRWxEVG13cWQwVm1nSC9VVUdZc1JYVDFMWmxBTDEvbSthZzh5ckhua3NjaUJqOVJ3VEhsOE9XS1p1dlZxeHRQSHlEcm1pK0RYV1N1Z2l4Mkw5NGQyeXBlYmhiT044UEJ4Q0dyUUdkRUdacm83cm5iUTd0R3JTcmxMUy9oTEhuYURYeG51d1V2M04wV2JPL2tlSytIRWJoeklKczE1VVI2L2lmUU9KbThCS0lDWFJaRCtKUitRdVZNOTFtT0QrZENOTHVSd2NtYVhGMWZwWUVEK1ZoNTNjWDdFcFBtazZremxtMEVNWUlvTTB2VHZSaCsvUjRQVlZuWlpmNSs2MU1ub1dYa0xrTks3amNKSjBaSU9xVmE0cDViWC9rWm91ZnJyRzVKT1hvc3h2TlpvMWFoTUsvL3I0MzhJSzFSZ1kzSEh5c3ZIVmNsa09Mc1dIWms4bHVleVZMeXFCQ21VdGhmQWRtNVdtY25EQUM2RG9aYzQwV1lrcFNRbHF3WUIwSEs1cXJrMVBWVHEzM2pQbWxmeHlnWE1YMjQxa3NJZHJnQ2ZlRjNNTkpHQ2dHd3ZzYytDOGRVaVdBZEtWZWRjZW5RZ2xwQ2podDZqbFJjc0t3amdtSDluY3FmNzRCTVlFd0l3bHlvajlyaStVY0dSY0U2WFRzZlFvayt1czgzd3BLMlZ3c0RrSDNsVEFGOU9tVmFLeVYzRW02SE9nNG01VjB3VVR6aDl2RWtvQTUyNm42R3I4dUE4QjVVMjJidWRVK0tUQUx1djJuN002U09NL0FvbklrN0tXV2ptclpqOWdQdTF3a0Z5RWZSSjNWTEpGVm04N1BaUUQ1aGZZUWhIUnVJSENIcEJSY1BZVzhCRjh6L2VuMEd3cGQ1SXpmSlh5VXlHL2ZRSW9vcW9lblR0YVJHYkZVQ0lLRkJKSHBDN3k5dVU1akRRR2pDTzVVbHZDdVg0bTBubDdxcjlpNXN2TWtkbWxZRy9JbGdIdEtYdk9EcWpCdEJXbjMwVlJRL0h2NFN5c2IyZjZmVlE0ODJxN0c2NEdCUzc4YWJNK1p5VUN6K2lDREZsekVVZjgrSkV0NGtaYTUzYnU3eDdKZGd6bkgyYVlXc3VnLzJQaVZreGpEak9ML0o0cmk5RkdaRlJDRVMrMStmbXZ2OE92WDlSS0hXeUg2SkZUeHNTTi8xUEU0U2ZXY2E5UEt6bi9nK3hXTEd4MStENC84NTE3ZlY1MVRCTjlZMWJ0anc0dEZTK3grVDV3Zks0dUJMclR5VlFDUUQ4WSt3ZlU1dVUrMnFmdWowaE5JRmhEZ0U2MjAvSzMyOVlEZ3oweTNjQlFkT004dUtxcVdKT1ZodnpoeHAwRk4xdU1PUXlKZ2NBOXNqbk5LeTIwSU8yNFNUbTRHczZjSjlYckgyWWNDaFVKREdjMXlxM051VVR4R1cxTkJxWVlObjZYVmo2SXBGRTVSRVN4TGlPYWhYdU5Dcyt0RmFIbmZrU1BVR1c3Q0ljUWVlQ1FZTUNiaTYvelNMZHowNUg0WnNxTlcrS3p1VC9WbktsSW8xbmxlMHp6c2VBZDBUSDRBNnJZS0xQYWhmdHhJY05Zc1gvbm5DcFN0SzVuMEtvcm84ZzRqeXRvazhzWEw3SHNtNWh3PSIgQ29ycmVsYXRpb25CaW5kaW5nPSIiIFVybEVuY29kZT0iVHJ1ZSIgLz4NCiAgICAgICAgPEZvcm1Qb3N0UGFyYW1ldGVyIE5hbWU9ImJ0blRlbXBTYXZlSW52aXNpYmxlIiBWYWx1ZT0i5pqr5a2YIiBSZWNvcmRlZFZhbHVlPSLmmqvlrZgiIENvcnJlbGF0aW9uQmluZGluZz0ie3tGb3JtUG9zdFBhcmFtMzMuYnRuVGVtcFNhdmVJbnZpc2libGV9fSIgVXJsRW5jb2RlPSJUcnVlIiAvPg0KICAgICAgICA8Rm9ybVBvc3RQYXJhbWV0ZXIgTmFtZT0iT1RFbXBJRCIgVmFsdWU9InJidFNpbmdsZUVtcElEIiBSZWNvcmRlZFZhbHVlPSJyYnRTaW5nbGVFbXBJRCIgQ29ycmVsYXRpb25CaW5kaW5nPSJ7e0Zvcm1Qb3N0UGFyYW0zNC5PVEVtcElEfX0iIFVybEVuY29kZT0iVHJ1ZSIgLz4NCiAgICAgICAgPEZvcm1Qb3N0UGFyYW1ldGVyIE5hbWU9InR4dE9URW1wSUQiIFZhbHVlPSIxMDIxMTkiIFJlY29yZGVkVmFsdWU9IjEwMjExOSIgQ29ycmVsYXRpb25CaW5kaW5nPSJ7e0Zvcm1Qb3N0UGFyYW0zNS50eHRPVEVtcElEfX0iIFVybEVuY29kZT0iVHJ1ZSIgLz4NCiAgICAgICAgPEZvcm1Qb3N0UGFyYW1ldGVyIE5hbWU9InR4dE9URW1wTmFtZSIgVmFsdWU9IuW7lk/nvqkiIFJlY29yZGVkVmFsdWU9IuW7lk/nvqkiIENvcnJlbGF0aW9uQmluZGluZz0ie3tGb3JtUG9zdFBhcmFtMzYudHh0T1RFbXBOYW1lfX0iIFVybEVuY29kZT0iVHJ1ZSIgLz4NCiAgICAgICAgPEZvcm1Qb3N0UGFyYW1ldGVyIE5hbWU9InVjRGF0ZVN0YXJ0JHR4dERhdGUiIFZhbHVlPSIyMDE3LzA1LzE2IiBSZWNvcmRlZFZhbHVlPSIyMDE3LzA1LzE2IiBDb3JyZWxhdGlvbkJpbmRpbmc9Int7Rm9ybVBvc3RQYXJhbTM3LnVjRGF0ZVN0YXJ0JHR4dERhdGV9fSIgVXJsRW5jb2RlPSJUcnVlIiAvPg0KICAgICAgICA8Rm9ybVBvc3RQYXJhbWV0ZXIgTmFtZT0idWNEYXRlRW5kJHR4dERhdGUiIFZhbHVlPSIyMDE3LzA1LzE2IiBSZWNvcmRlZFZhbHVlPSIyMDE3LzA1LzE2IiBDb3JyZWxhdGlvbkJpbmRpbmc9Int7Rm9ybVBvc3RQYXJhbTM4LnVjRGF0ZUVuZCR0eHREYXRlfX0iIFVybEVuY29kZT0iVHJ1ZSIgLz4NCiAgICAgICAgPEZvcm1Qb3N0UGFyYW1ldGVyIE5hbWU9Ik9UVGltZVN0YXJ0JGRkbEhIIiBWYWx1ZT0iMDAiIFJlY29yZGVkVmFsdWU9IjAwIiBDb3JyZWxhdGlvbkJpbmRpbmc9Int7Rm9ybVBvc3RQYXJhbTM5Lk9UVGltZVN0YXJ0JGRkbEhIfX0iIFVybEVuY29kZT0iVHJ1ZSIgLz4NCiAgICAgICAgPEZvcm1Qb3N0UGFyYW1ldGVyIE5hbWU9Ik9UVGltZVN0YXJ0JGRkbE1NIiBWYWx1ZT0iMDAiIFJlY29yZGVkVmFsdWU9IjAwIiBDb3JyZWxhdGlvbkJpbmRpbmc9Int7Rm9ybVBvc3RQYXJhbTQwLk9UVGltZVN0YXJ0JGRkbE1NfX0iIFVybEVuY29kZT0iVHJ1ZSIgLz4NCiAgICAgICAgPEZvcm1Qb3N0UGFyYW1ldGVyIE5hbWU9Ik9UVGltZUVuZCRkZGxISCIgVmFsdWU9IjAxIiBSZWNvcmRlZFZhbHVlPSIwMSIgQ29ycmVsYXRpb25CaW5kaW5nPSJ7e0Zvcm1Qb3N0UGFyYW00MS5PVFRpbWVFbmQkZGRsSEh9fSIgVXJsRW5jb2RlPSJUcnVlIiAvPg0KICAgICAgICA8Rm9ybVBvc3RQYXJhbWV0ZXIgTmFtZT0iT1RUaW1lRW5kJGRkbE1NIiBWYWx1ZT0iMDAiIFJlY29yZGVkVmFsdWU9IjAwIiBDb3JyZWxhdGlvbkJpbmRpbmc9Int7Rm9ybVBvc3RQYXJhbTQyLk9UVGltZUVuZCRkZGxNTX19IiBVcmxFbmNvZGU9IlRydWUiIC8+DQogICAgICAgIDxGb3JtUG9zdFBhcmFtZXRlciBOYW1lPSJkZGxPVFR5cGVJRCIgVmFsdWU9IjEwIiBSZWNvcmRlZFZhbHVlPSIxMCIgQ29ycmVsYXRpb25CaW5kaW5nPSJ7e0Zvcm1Qb3N0UGFyYW00My5kZGxPVFR5cGVJRH19IiBVcmxFbmNvZGU9IlRydWUiIC8+DQogICAgICAgIDxGb3JtUG9zdFBhcmFtZXRlciBOYW1lPSJ0eHRPVFJlYXNvbk1lbW8kdHh0RGF0YSIgVmFsdWU9InRlc3QiIFJlY29yZGVkVmFsdWU9InRlc3QiIENvcnJlbGF0aW9uQmluZGluZz0iIiBVcmxFbmNvZGU9IlRydWUiIC8+DQogICAgICAgIDxGb3JtUG9zdFBhcmFtZXRlciBOYW1lPSJkZGxPcmciIFZhbHVlPSIxIiBSZWNvcmRlZFZhbHVlPSIxIiBDb3JyZWxhdGlvbkJpbmRpbmc9Int7Rm9ybVBvc3RQYXJhbTQ0LmRkbE9yZ319IiBVcmxFbmNvZGU9IlRydWUiIC8+DQogICAgICAgIDxGb3JtUG9zdFBhcmFtZXRlciBOYW1lPSJ1Y0Nhc2NhZGluZ0Ryb3BEb3duMSRkZGwwMiIgVmFsdWU9IjAwMEcwMCIgUmVjb3JkZWRWYWx1ZT0iMDAwRzAwIiBDb3JyZWxhdGlvbkJpbmRpbmc9Int7Rm9ybVBvc3RQYXJhbTQ1LnVjQ2FzY2FkaW5nRHJvcERvd24xJGRkbDAyfX0iIFVybEVuY29kZT0iVHJ1ZSIgLz4NCiAgICAgICAgPEZvcm1Qb3N0UGFyYW1ldGVyIE5hbWU9InVjQ2FzY2FkaW5nRHJvcERvd24xJGRkbDAzIiBWYWx1ZT0iMDAwRzkwIiBSZWNvcmRlZFZhbHVlPSIwMDBHOTAiIENvcnJlbGF0aW9uQmluZGluZz0ie3tGb3JtUG9zdFBhcmFtNDYudWNDYXNjYWRpbmdEcm9wRG93bjEkZGRsMDN9fSIgVXJsRW5jb2RlPSJUcnVlIiAvPg0KICAgICAgICA8Rm9ybVBvc3RQYXJhbWV0ZXIgTmFtZT0idWNDYXNjYWRpbmdEcm9wRG93bjEkZGRsMDQiIFZhbHVlPSIiIFJlY29yZGVkVmFsdWU9IiIgQ29ycmVsYXRpb25CaW5kaW5nPSIiIFVybEVuY29kZT0iVHJ1ZSIgLz4NCiAgICAgICAgPEZvcm1Qb3N0UGFyYW1ldGVyIE5hbWU9InVjQ2FzY2FkaW5nRHJvcERvd24xJENhc2NhZGluZ0Ryb3BEb3duMV9DbGllbnRTdGF0ZSIgVmFsdWU9Int7JEhJRERFTjEudWNDYXNjYWRpbmdEcm9wRG93bjEkQ2FzY2FkaW5nRHJvcERvd24xX0NsaWVudFN0YXRlfX0iIFJlY29yZGVkVmFsdWU9IlNQSEJLMSIgQ29ycmVsYXRpb25CaW5kaW5nPSIiIFVybEVuY29kZT0iVHJ1ZSIgLz4NCiAgICAgICAgPEZvcm1Qb3N0UGFyYW1ldGVyIE5hbWU9InVjQ2FzY2FkaW5nRHJvcERvd24xJENhc2NhZGluZ0Ryb3BEb3duMl9DbGllbnRTdGF0ZSIgVmFsdWU9Int7JEhJRERFTjEudWNDYXNjYWRpbmdEcm9wRG93bjEkQ2FzY2FkaW5nRHJvcERvd24yX0NsaWVudFN0YXRlfX0iIFJlY29yZGVkVmFsdWU9IjAwMEcwMCIgQ29ycmVsYXRpb25CaW5kaW5nPSIiIFVybEVuY29kZT0iVHJ1ZSIgLz4NCiAgICAgICAgPEZvcm1Qb3N0UGFyYW1ldGVyIE5hbWU9InVjQ2FzY2FkaW5nRHJvcERvd24xJENhc2NhZGluZ0Ryb3BEb3duM19DbGllbnRTdGF0ZSIgVmFsdWU9Int7JEhJRERFTjEudWNDYXNjYWRpbmdEcm9wRG93bjEkQ2FzY2FkaW5nRHJvcERvd24zX0NsaWVudFN0YXRlfX0iIFJlY29yZGVkVmFsdWU9IjAwMEc5MCIgQ29ycmVsYXRpb25CaW5kaW5nPSIiIFVybEVuY29kZT0iVHJ1ZSIgLz4NCiAgICAgICAgPEZvcm1Qb3N0UGFyYW1ldGVyIE5hbWU9InVjQ2FzY2FkaW5nRHJvcERvd24xJENhc2NhZGluZ0Ryb3BEb3duNF9DbGllbnRTdGF0ZSIgVmFsdWU9Int7JEhJRERFTjEudWNDYXNjYWRpbmdEcm9wRG93bjEkQ2FzY2FkaW5nRHJvcERvd240X0NsaWVudFN0YXRlfX0iIFJlY29yZGVkVmFsdWU9Ijo6Ojo6OiIgQ29ycmVsYXRpb25CaW5kaW5nPSIiIFVybEVuY29kZT0iVHJ1ZSIgLz4NCiAgICAgICAgPEZvcm1Qb3N0UGFyYW1ldGVyIE5hbWU9InVjQ2FzY2FkaW5nRHJvcERvd24xJENhc2NhZGluZ0Ryb3BEb3duNV9DbGllbnRTdGF0ZSIgVmFsdWU9Int7JEhJRERFTjEudWNDYXNjYWRpbmdEcm9wRG93bjEkQ2FzY2FkaW5nRHJvcERvd241X0NsaWVudFN0YXRlfX0iIFJlY29yZGVkVmFsdWU9IiIgQ29ycmVsYXRpb25CaW5kaW5nPSIiIFVybEVuY29kZT0iVHJ1ZSIgLz4NCiAgICAgICAgPEZvcm1Qb3N0UGFyYW1ldGVyIE5hbWU9InVjQ2FzY2FkaW5nRHJvcERvd24yJGRkbDAxIiBWYWx1ZT0iIiBSZWNvcmRlZFZhbHVlPSIiIENvcnJlbGF0aW9uQmluZGluZz0iIiBVcmxFbmNvZGU9IlRydWUiIC8+DQogICAgICAgIDxGb3JtUG9zdFBhcmFtZXRlciBOYW1lPSJ1Y0Nhc2NhZGluZ0Ryb3BEb3duMiRkZGwwMiIgVmFsdWU9IiIgUmVjb3JkZWRWYWx1ZT0iIiBDb3JyZWxhdGlvbkJpbmRpbmc9IiIgVXJsRW5jb2RlPSJUcnVlIiAvPg0KICAgICAgICA8Rm9ybVBvc3RQYXJhbWV0ZXIgTmFtZT0idWNDYXNjYWRpbmdEcm9wRG93bjIkZGRsMDMiIFZhbHVlPSIiIFJlY29yZGVkVmFsdWU9IiIgQ29ycmVsYXRpb25CaW5kaW5nPSIiIFVybEVuY29kZT0iVHJ1ZSIgLz4NCiAgICAgICAgPEZvcm1Qb3N0UGFyYW1ldGVyIE5hbWU9InVjQ2FzY2FkaW5nRHJvcERvd24yJENhc2NhZGluZ0Ryb3BEb3duMV9DbGllbnRTdGF0ZSIgVmFsdWU9Int7JEhJRERFTjEudWNDYXNjYWRpbmdEcm9wRG93bjIkQ2FzY2FkaW5nRHJvcERvd24xX0NsaWVudFN0YXRlfX0iIFJlY29yZGVkVmFsdWU9Ijo6Ojo6OiIgQ29ycmVsYXRpb25CaW5kaW5nPSIiIFVybEVuY29kZT0iVHJ1ZSIgLz4NCiAgICAgICAgPEZvcm1Qb3N0UGFyYW1ldGVyIE5hbWU9InVjQ2FzY2FkaW5nRHJvcERvd24yJENhc2NhZGluZ0Ryb3BEb3duMl9DbGllbnRTdGF0ZSIgVmFsdWU9Int7JEhJRERFTjEudWNDYXNjYWRpbmdEcm9wRG93bjIkQ2FzY2FkaW5nRHJvcERvd24yX0NsaWVudFN0YXRlfX0iIFJlY29yZGVkVmFsdWU9Ijo6Ojo6OiIgQ29ycmVsYXRpb25CaW5kaW5nPSIiIFVybEVuY29kZT0iVHJ1ZSIgLz4NCiAgICAgICAgPEZvcm1Qb3N0UGFyYW1ldGVyIE5hbWU9InVjQ2FzY2FkaW5nRHJvcERvd24yJENhc2NhZGluZ0Ryb3BEb3duM19DbGllbnRTdGF0ZSIgVmFsdWU9Int7JEhJRERFTjEudWNDYXNjYWRpbmdEcm9wRG93bjIkQ2FzY2FkaW5nRHJvcERvd24zX0NsaWVudFN0YXRlfX0iIFJlY29yZGVkVmFsdWU9Ijo6Ojo6OiIgQ29ycmVsYXRpb25CaW5kaW5nPSIiIFVybEVuY29kZT0iVHJ1ZSIgLz4NCiAgICAgICAgPEZvcm1Qb3N0UGFyYW1ldGVyIE5hbWU9InVjQ2FzY2FkaW5nRHJvcERvd24yJENhc2NhZGluZ0Ryb3BEb3duNF9DbGllbnRTdGF0ZSIgVmFsdWU9Int7JEhJRERFTjEudWNDYXNjYWRpbmdEcm9wRG93bjIkQ2FzY2FkaW5nRHJvcERvd240X0NsaWVudFN0YXRlfX0iIFJlY29yZGVkVmFsdWU9IiIgQ29ycmVsYXRpb25CaW5kaW5nPSIiIFVybEVuY29kZT0iVHJ1ZSIgLz4NCiAgICAgICAgPEZvcm1Qb3N0UGFyYW1ldGVyIE5hbWU9InVjQ2FzY2FkaW5nRHJvcERvd24yJENhc2NhZGluZ0Ryb3BEb3duNV9DbGllbnRTdGF0ZSIgVmFsdWU9Int7JEhJRERFTjEudWNDYXNjYWRpbmdEcm9wRG93bjIkQ2FzY2FkaW5nRHJvcERvd241X0NsaWVudFN0YXRlfX0iIFJlY29yZGVkVmFsdWU9IiIgQ29ycmVsYXRpb25CaW5kaW5nPSIiIFVybEVuY29kZT0iVHJ1ZSIgLz4NCiAgICAgICAgPEZvcm1Qb3N0UGFyYW1ldGVyIE5hbWU9ImZyYW1lQXR0YWNoIiBWYWx1ZT0iL1V0aWwvQXR0YWNoQWRtaW4uYXNweD9BdHRhY2hEQj1BYXR0ZW5kYW50REJfSVRSRCZhbXA7QXR0YWNoSUQ9dGVzdDEwMjExOWQ3OTJkZGM4LTFmMGMtNGJlNi1iYTA2LTFiZDUyODBjYjI5YSZhbXA7QXR0YWNoRmlsZU1heFF0eT0xJmFtcDtBdHRhY2hGaWxlTWF4S0I9MzA3MiZhbXA7QXR0YWNoRmlsZVRvdEtCPTMwNzImYW1wO0F0dGFjaEZpbGVFeHRMaXN0PSIgUmVjb3JkZWRWYWx1ZT0iL1V0aWwvQXR0YWNoQWRtaW4uYXNweD9BdHRhY2hEQj1BYXR0ZW5kYW50REJfSVRSRCZhbXA7QXR0YWNoSUQ9dGVzdDEwMjExOWQ3OTJkZGM4LTFmMGMtNGJlNi1iYTA2LTFiZDUyODBjYjI5YSZhbXA7QXR0YWNoRmlsZU1heFF0eT0xJmFtcDtBdHRhY2hGaWxlTWF4S0I9MzA3MiZhbXA7QXR0YWNoRmlsZVRvdEtCPTMwNzImYW1wO0F0dGFjaEZpbGVFeHRMaXN0PSIgQ29ycmVsYXRpb25CaW5kaW5nPSIiIFVybEVuY29kZT0iVHJ1ZSIgLz4NCiAgICAgICAgPEZvcm1Qb3N0UGFyYW1ldGVyIE5hbWU9InVjTW9kYWxQb3B1cDEkQ2xpZW50V2lkdGgiIFZhbHVlPSJ7eyRISURERU4xLnVjTW9kYWxQb3B1cDEkQ2xpZW50V2lkdGh9fSIgUmVjb3JkZWRWYWx1ZT0iMCIgQ29ycmVsYXRpb25CaW5kaW5nPSIiIFVybEVuY29kZT0iVHJ1ZSIgLz4NCiAgICAgICAgPEZvcm1Qb3N0UGFyYW1ldGVyIE5hbWU9InVjTW9kYWxQb3B1cDEkQ2xpZW50SGVpZ2h0IiBWYWx1ZT0ie3skSElEREVOMS51Y01vZGFsUG9wdXAxJENsaWVudEhlaWdodH19IiBSZWNvcmRlZFZhbHVlPSIwIiBDb3JyZWxhdGlvbkJpbmRpbmc9IiIgVXJsRW5jb2RlPSJUcnVlIiAvPg0KICAgICAgPC9Gb3JtUG9zdEh0dHBCb2R5Pg0KICAgIDwvUmVxdWVzdD4NCiAgICA8UmVxdWVzdCBNZXRob2Q9IlBPU1QiIEd1aWQ9ImQ1NjU3NDhmLWIwZjItNDljMS1iYmNiLWRjZDFiMTUyN2NlZSIgVmVyc2lvbj0iMS4xIiBVcmw9Imh0dHA6Ly8xMC4xMS4zNi4xMTQ6ODAwNy9PdmVyVGltZS9PdmVydGltZVByZU9yZGVyX0FkZC5hc3B4IiBUaGlua1RpbWU9IjE2IiBUaW1lb3V0PSIzMDAiIFBhcnNlRGVwZW5kZW50UmVxdWVzdHM9IlRydWUiIEZvbGxvd1JlZGlyZWN0cz0iVHJ1ZSIgUmVjb3JkUmVzdWx0PSJUcnVlIiBDYWNoZT0iRmFsc2UiIFJlc3BvbnNlVGltZUdvYWw9IjAiIEVuY29kaW5nPSJ1dGYtOCIgRXhwZWN0ZWRIdHRwU3RhdHVzQ29kZT0iMCIgRXhwZWN0ZWRSZXNwb25zZVVybD0iaHR0cDovLzEwLjExLjM2LjExNDo4MDA3L092ZXJUaW1lL092ZXJ0aW1lUHJlT3JkZXIuYXNweCIgUmVwb3J0aW5nTmFtZT0iIiBJZ25vcmVIdHRwU3RhdHVzQ29kZT0iRmFsc2UiPg0KICAgICAgPEV4dHJhY3Rpb25SdWxlcz4NCiAgICAgICAgPEV4dHJhY3Rpb25SdWxlIENsYXNzbmFtZT0iTWljcm9zb2Z0LlZpc3VhbFN0dWRpby5UZXN0VG9vbHMuV2ViVGVzdGluZy5SdWxlcy5FeHRyYWN0SGlkZGVuRmllbGRzLCBNaWNyb3NvZnQuVmlzdWFsU3R1ZGlvLlF1YWxpdHlUb29scy5XZWJUZXN0RnJhbWV3b3JrLCBWZXJzaW9uPTEwLjAuMC4wLCBDdWx0dXJlPW5ldXRyYWwsIFB1YmxpY0tleVRva2VuPWIwM2Y1ZjdmMTFkNTBhM2EiIFZhcmlhYmxlTmFtZT0iMSIgRGlzcGxheU5hbWU9IuaTt+WPlumaseiXj+ashOS9jSIgRGVzY3JpcHRpb249IuaTt+WPluWbnuaHieS4reeahOaJgOaciemaseiXj+ashOS9je+8jOS4puWwh+Wug+WAkeaUvuWcqOa4rOippuWFp+WuueS4reOAgiI+DQogICAgICAgICAgPFJ1bGVQYXJhbWV0ZXJzPg0KICAgICAgICAgICAgPFJ1bGVQYXJhbWV0ZXIgTmFtZT0iUmVxdWlyZWQiIFZhbHVlPSJUcnVlIiAvPg0KICAgICAgICAgICAgPFJ1bGVQYXJhbWV0ZXIgTmFtZT0iSHRtbERlY29kZSIgVmFsdWU9IlRydWUiIC8+DQogICAgICAgICAgPC9SdWxlUGFyYW1ldGVycz4NCiAgICAgICAgPC9FeHRyYWN0aW9uUnVsZT4NCiAgICAgIDwvRXh0cmFjdGlvblJ1bGVzPg0KICAgICAgPENvcnJlbGF0aW9uRXh0cmFjdGlvblJ1bGVzPg0KICAgICAgICA8RXh0cmFjdGlvblJ1bGUgQ2xhc3NuYW1lPSJNaWNyb3NvZnQuVmlzdWFsU3R1ZGlvLlRlc3RUb29scy5XZWJUZXN0aW5nLlJ1bGVzLkV4dHJhY3RGb3JtRmllbGQsIE1pY3Jvc29mdC5WaXN1YWxTdHVkaW8uUXVhbGl0eVRvb2xzLldlYlRlc3RGcmFtZXdvcmssIFZlcnNpb249MTAuMC4wLjAsIEN1bHR1cmU9bmV1dHJhbCwgUHVibGljS2V5VG9rZW49YjAzZjVmN2YxMWQ1MGEzYSIgVmFyaWFibGVOYW1lPSJGb3JtUG9zdFBhcmFtMTMuYnRuUXVlcnkiIERpc3BsYXlOYW1lPSIiIERlc2NyaXB0aW9uPSIiPg0KICAgICAgICAgIDxSdWxlUGFyYW1ldGVycz4NCiAgICAgICAgICAgIDxSdWxlUGFyYW1ldGVyIE5hbWU9Ik5hbWUiIFZhbHVlPSJidG5RdWVyeSIgLz4NCiAgICAgICAgICAgIDxSdWxlUGFyYW1ldGVyIE5hbWU9Ikh0bWxEZWNvZGUiIFZhbHVlPSJUcnVlIiAvPg0KICAgICAgICAgICAgPFJ1bGVQYXJhbWV0ZXIgTmFtZT0iUmVxdWlyZWQiIFZhbHVlPSJGYWxzZSIgLz4NCiAgICAgICAgICAgIDxSdWxlUGFyYW1ldGVyIE5hbWU9IkluZGV4IiBWYWx1ZT0iMCIgLz4NCiAgICAgICAgICA8L1J1bGVQYXJhbWV0ZXJzPg0KICAgICAgICA8L0V4dHJhY3Rpb25SdWxlPg0KICAgICAgICA8RXh0cmFjdGlvblJ1bGUgQ2xhc3NuYW1lPSJNaWNyb3NvZnQuVmlzdWFsU3R1ZGlvLlRlc3RUb29scy5XZWJUZXN0aW5nLlJ1bGVzLkV4dHJhY3RGb3JtRmllbGQsIE1pY3Jvc29mdC5WaXN1YWxTdHVkaW8uUXVhbGl0eVRvb2xzLldlYlRlc3RGcmFtZXdvcmssIFZlcnNpb249MTAuMC4wLjAsIEN1bHR1cmU9bmV1dHJhbCwgUHVibGljS2V5VG9rZW49YjAzZjVmN2YxMWQ1MGEzYSIgVmFyaWFibGVOYW1lPSJGb3JtUG9zdFBhcmFtMTQudHh0T1RFbXBJRCIgRGlzcGxheU5hbWU9IiIgRGVzY3JpcHRpb249IiI+DQogICAgICAgICAgPFJ1bGVQYXJhbWV0ZXJzPg0KICAgICAgICAgICAgPFJ1bGVQYXJhbWV0ZXIgTmFtZT0iTmFtZSIgVmFsdWU9InR4dE9URW1wSUQiIC8+DQogICAgICAgICAgICA8UnVsZVBhcmFtZXRlciBOYW1lPSJIdG1sRGVjb2RlIiBWYWx1ZT0iVHJ1ZSIgLz4NCiAgICAgICAgICAgIDxSdWxlUGFyYW1ldGVyIE5hbWU9IlJlcXVpcmVkIiBWYWx1ZT0iRmFsc2UiIC8+DQogICAgICAgICAgICA8UnVsZVBhcmFtZXRlciBOYW1lPSJJbmRleCIgVmFsdWU9IjAiIC8+DQogICAgICAgICAgPC9SdWxlUGFyYW1ldGVycz4NCiAgICAgICAgPC9FeHRyYWN0aW9uUnVsZT4NCiAgICAgICAgPEV4dHJhY3Rpb25SdWxlIENsYXNzbmFtZT0iTWljcm9zb2Z0LlZpc3VhbFN0dWRpby5UZXN0VG9vbHMuV2ViVGVzdGluZy5SdWxlcy5FeHRyYWN0VGV4dCwgTWljcm9zb2Z0LlZpc3VhbFN0dWRpby5RdWFsaXR5VG9vbHMuV2ViVGVzdEZyYW1ld29yaywgVmVyc2lvbj0xMC4wLjAuMCwgQ3VsdHVyZT1uZXV0cmFsLCBQdWJsaWNLZXlUb2tlbj1iMDNmNWY3ZjExZDUwYTNhIiBWYXJpYWJsZU5hbWU9IkZvcm1Qb3N0UGFyYW0xNS5kZGxRdWVyeUNvbmRpdGlvbnMiIERpc3BsYXlOYW1lPSIiIERlc2NyaXB0aW9uPSIiPg0KICAgICAgICAgIDxSdWxlUGFyYW1ldGVycz4NCiAgICAgICAgICAgIDxSdWxlUGFyYW1ldGVyIE5hbWU9IlN0YXJ0c1dpdGgiIFZhbHVlPSJzJnF1b3Q7OlsmcXVvdDsiIC8+DQogICAgICAgICAgICA8UnVsZVBhcmFtZXRlciBOYW1lPSJFbmRzV2l0aCIgVmFsdWU9IiZxdW90OywmcXVvdDsxJnF1b3Q7IiAvPg0KICAgICAgICAgICAgPFJ1bGVQYXJhbWV0ZXIgTmFtZT0iSW5kZXgiIFZhbHVlPSIwIiAvPg0KICAgICAgICAgICAgPFJ1bGVQYXJhbWV0ZXIgTmFtZT0iSWdub3JlQ2FzZSIgVmFsdWU9IkZhbHNlIiAvPg0KICAgICAgICAgICAgPFJ1bGVQYXJhbWV0ZXIgTmFtZT0iVXNlUmVndWxhckV4cHJlc3Npb24iIFZhbHVlPSJGYWxzZSIgLz4NCiAgICAgICAgICAgIDxSdWxlUGFyYW1ldGVyIE5hbWU9Ikh0bWxEZWNvZGUiIFZhbHVlPSJUcnVlIiAvPg0KICAgICAgICAgICAgPFJ1bGVQYXJhbWV0ZXIgTmFtZT0iUmVxdWlyZWQiIFZhbHVlPSJGYWxzZSIgLz4NCiAgICAgICAgICA8L1J1bGVQYXJhbWV0ZXJzPg0KICAgICAgICA8L0V4dHJhY3Rpb25SdWxlPg0KICAgICAgICA8RXh0cmFjdGlvblJ1bGUgQ2xhc3NuYW1lPSJNaWNyb3NvZnQuVmlzdWFsU3R1ZGlvLlRlc3RUb29scy5XZWJUZXN0aW5nLlJ1bGVzLkV4dHJhY3RUZXh0LCBNaWNyb3NvZnQuVmlzdWFsU3R1ZGlvLlF1YWxpdHlUb29scy5XZWJUZXN0RnJhbWV3b3JrLCBWZXJzaW9uPTEwLjAuMC4wLCBDdWx0dXJlPW5ldXRyYWwsIFB1YmxpY0tleVRva2VuPWIwM2Y1ZjdmMTFkNTBhM2EiIFZhcmlhYmxlTmFtZT0iRm9ybVBvc3RQYXJhbTE2LmRkbE9UU3RhdHVzIiBEaXNwbGF5TmFtZT0iIiBEZXNjcmlwdGlvbj0iIj4NCiAgICAgICAgICA8UnVsZVBhcmFtZXRlcnM+DQogICAgICAgICAgICA8UnVsZVBhcmFtZXRlciBOYW1lPSJTdGFydHNXaXRoIiBWYWx1ZT0iJnF1b3Q7MCZxdW90OywmcXVvdDsiIC8+DQogICAgICAgICAgICA8UnVsZVBhcmFtZXRlciBOYW1lPSJFbmRzV2l0aCIgVmFsdWU9IiZxdW90OywmcXVvdDsyJnF1b3Q7IiAvPg0KICAgICAgICAgICAgPFJ1bGVQYXJhbWV0ZXIgTmFtZT0iSW5kZXgiIFZhbHVlPSIwIiAvPg0KICAgICAgICAgICAgPFJ1bGVQYXJhbWV0ZXIgTmFtZT0iSWdub3JlQ2FzZSIgVmFsdWU9IkZhbHNlIiAvPg0KICAgICAgICAgICAgPFJ1bGVQYXJhbWV0ZXIgTmFtZT0iVXNlUmVndWxhckV4cHJlc3Npb24iIFZhbHVlPSJGYWxzZSIgLz4NCiAgICAgICAgICAgIDxSdWxlUGFyYW1ldGVyIE5hbWU9Ikh0bWxEZWNvZGUiIFZhbHVlPSJUcnVlIiAvPg0KICAgICAgICAgICAgPFJ1bGVQYXJhbWV0ZXIgTmFtZT0iUmVxdWlyZWQiIFZhbHVlPSJGYWxzZSIgLz4NCiAgICAgICAgICA8L1J1bGVQYXJhbWV0ZXJzPg0KICAgICAgICA8L0V4dHJhY3Rpb25SdWxlPg0KICAgICAgPC9Db3JyZWxhdGlvbkV4dHJhY3Rpb25SdWxlcz4NCiAgICAgIDxGb3JtUG9zdEh0dHBCb2R5Pg0KICAgICAgICA8Rm9ybVBvc3RQYXJhbWV0ZXIgTmFtZT0iVG9vbGtpdFNjcmlwdE1hbmFnZXIxX0hpZGRlbkZpZWxkIiBWYWx1ZT0iOztBamF4Q29udHJvbFRvb2xraXQsIFZlcnNpb249NC4xLjcuNjA3LCBDdWx0dXJlPW5ldXRyYWwsIFB1YmxpY0tleVRva2VuPTI4ZjAxYjBlODRiNmQ1M2U6emgtSGFudDo3Yjk1ZWQxYS02YTNmLTQxZGQtYmM1Yi02M2YzOWVkYmM0YjQ6ZGUxZmVhYjI6ZmNmMGU5OTM6ZjJjOGU3MDg6NzIwYTUyYmY6ZjljZWM5YmM6NTg5ZWFhMzA6Njk4MTI5Y2Y6ZmI5YjRjNTc6Y2NiOTZjZjk6OGFkMTgxMDE6Y2E1N2VmM2M6YTY3YzI3MDA6ODYxM2FlYTc6MzIwMmE1YTI6YWIwOWUzZmU6ODcxMDRiN2M6YmU2ZmIyOTgiIFJlY29yZGVkVmFsdWU9Ijs7QWpheENvbnRyb2xUb29sa2l0LCBWZXJzaW9uPTQuMS43LjYwNywgQ3VsdHVyZT1uZXV0cmFsLCBQdWJsaWNLZXlUb2tlbj0yOGYwMWIwZTg0YjZkNTNlOnpoLUhhbnQ6N2I5NWVkMWEtNmEzZi00MWRkLWJjNWItNjNmMzllZGJjNGI0OmRlMWZlYWIyOmZjZjBlOTkzOmYyYzhlNzA4OjcyMGE1MmJmOmY5Y2VjOWJjOjU4OWVhYTMwOjY5ODEyOWNmOmZiOWI0YzU3OmNjYjk2Y2Y5OjhhZDE4MTAxOmNhNTdlZjNjOmE2N2MyNzAwOjg2MTNhZWE3OjMyMDJhNWEyOmFiMDllM2ZlOjg3MTA0YjdjOmJlNmZiMjk4IiBDb3JyZWxhdGlvbkJpbmRpbmc9IiIgVXJsRW5jb2RlPSJUcnVlIiAvPg0KICAgICAgICA8Rm9ybVBvc3RQYXJhbWV0ZXIgTmFtZT0iX19FVkVOVFRBUkdFVCIgVmFsdWU9Int7JEhJRERFTjEuX19FVkVOVFRBUkdFVH19IiBSZWNvcmRlZFZhbHVlPSIiIENvcnJlbGF0aW9uQmluZGluZz0iIiBVcmxFbmNvZGU9IlRydWUiIC8+DQogICAgICAgIDxGb3JtUG9zdFBhcmFtZXRlciBOYW1lPSJfX0VWRU5UQVJHVU1FTlQiIFZhbHVlPSJ7eyRISURERU4xLl9fRVZFTlRBUkdVTUVOVH19IiBSZWNvcmRlZFZhbHVlPSIiIENvcnJlbGF0aW9uQmluZGluZz0iIiBVcmxFbmNvZGU9IlRydWUiIC8+DQogICAgICAgIDxGb3JtUG9zdFBhcmFtZXRlciBOYW1lPSJfX0xBU1RGT0NVUyIgVmFsdWU9Int7JEhJRERFTjEuX19MQVNURk9DVVN9fSIgUmVjb3JkZWRWYWx1ZT0iIiBDb3JyZWxhdGlvbkJpbmRpbmc9IiIgVXJsRW5jb2RlPSJUcnVlIiAvPg0KICAgICAgICA8Rm9ybVBvc3RQYXJhbWV0ZXIgTmFtZT0iX19WU1RBVEUiIFZhbHVlPSJ7eyRISURERU4xLl9fVlNUQVRFfX0iIFJlY29yZGVkVmFsdWU9IkFSK0xDQUFBQUFBQUJBRHRHbXR6SE1WUk45THFiVXU0ckFQSGNMZVdIY3NxKys1Mjl4N1NuUjZnbDdHQ1pSbWZ3RlFaNm1ydmRyUzNhRy8zMk4zVG95aUllUmdiaklNcE1Ja3hDYUVDZ1VDWk9LRUN4amdrUHlHVnlvZDhUblNTL0NrL2dmVE03dDVMTWpqRW9rSlZWcVhkblo2ZTdwN3VudW51MmZ2SzAzRVhZbnlwMUppdVdZYXVtc2Z3RXdYRndFZDEweG9WTTNNUDRLVlV5dHZNYkRYU1ZsTFJaQlZQNVBLVDQ4d1dhRThWVkV2WnNObWk1T1REWWtITFpKazJlSDJ3Z0UxTDBUV21MWk9kbThLaWVsQVZaYVpMbnA4U0ZXMVB4bEk1ZnM5WUZtZm1SbFNWOFZhQWhUMHdZQ3lyNnlabUdtMTR4K0QrdXZiNnhxNm01dW1aTVoxd2c1ZUR1cEU3TXQwMFBVUFpOMDdQaklzV2hzZU1rc050OE5BdFVTWHZnREd6cUUyT04yM2ZYK2VCL3lhbU1YbjAwT2dEUE5NcGNId2ZGK1ZqSE05ekFzL0htVWJuMlVWNlFsdzB4TWVlTHI4eWJSeVg0TGluT1I3dSszcFBKSmRNQytlQzR6aWo1RVQxQUpzek03cWhLdWtEN01QWU1HSHVRNUVnUi80T3NHT2dwNEtCaHpSY3NBeUNlN1NRVnBVTWFIcEduOFBhVUxxdlQ0eG1vakUrSG81Z3JqOWV6d2M1eG12TGFjdFVsclVaZWFRT3BqVVE2K05pQWgrTHhEcThlMzFOT1d5YW9veXhyeWQxRko2VEpsR2NCZi9KREpoWUJkc3F4QnpUbW10bDJlZE5UWUxwWncxc1pwTXdHbm9QR21JT1ozMU5LYXBjSFZPVUVSVWJsb05BRktvWHJLeXZVYlFzTVpQRnZpNkhIZGpiV0VwYUJ2akxZVjNPK2xwU0l4UURQQ05vZ1N2WXM1RDY0b0lrWmZvRC9DeVhDVVRTT0JaSWkxd3N3S2VscU5EUFpkSkNYUFMxQVZOQzlMQ2VtY3Y2dGpvTWlFaVVjbHZxdUc3TUpSVUxBKzM2S01mNW1sUGdBOFQ4ekE0K0hoZEMvU0dlWTVldnZsUThkNGJsaFFTMUdreEtzbzZLaGloY3Zidk9VMWRYOXhWYzVFbXVkZ1MzSTY0OVJVdThEU1prQ1BHdUNwcjBOaU9tVlZ3UFBUdEtyZUF4bk5NdDBKdkRzdVdSbkpvRTFlYkVObmdiVjJabjd3ZXoxSHM4V3gxaURoNlJ1WVdRYW15QTIrZmJCdTlkektuc3ZDTjNOM2hRTjR1MWpDNEI2YUh1Z2pVYjRHUGQ5dzV2YVIxY05CTW1aY0RDQ00wYzZ1NjJYeEtMOEo2MXJId2lGRnBZV0FndWhJTzZJWWNFanVORGowd2R0b1Z5Y1hPbUJETUF3b2JtVURNRE9RV2N6ZFJuclVCR3p5VUFMMkJqZFFOWGxpVjhzWXB6V0xOWURSeHRxSnZPbjdkNzdYNFlsMWZ4NHN4U0hqdFFHMjdDRmdXVEtRTTNJamNpellzWlBJcGxSZXRtTFNBeDFFMkdVcWZzWm0xUkVwWm95Tmc2QWdQTVBHQ1R5ZWNVYlRxVEtSZ3dlOUJaNkJ0NWdCd1RtclJwTEdCRFVjRlJ5WExkM0xtTWkwdUhsWnhpSGRJTHhwSHZoTXVoVGVkQ3dzeW1NWm1DZ0prdFRlWTdZTE9wczVtZW1TcVlGZzNDbThpRHpnT3NzOWtzTnRmdzJFNG1ObStWdUJ3MmI0VkFqRHdtYW5PVDQ1dkc0V0ZSVmFSTjVqRWlQUTVPdThsTWtpSnN3RXZUeGdqaHRjbFRtZFRtaWRwSStuSmJPQTJHMW9kTENxc05yUlRvU0hTVCtHelJ0RXBNWXFza3lhVHBRS0RYS09BU25LU2JwWlNtRk5uZDNvZE1QRll3REtBTVNaMUlFT2pnV3dqOG1heXVaSEROYkhQaW90c3FhR205b0VsWUt1dmdWbVpyYTRtbUxjT05ET1JQZjIwYWxDRFZrbzJFL1JCejN5YlBjY2JZSkw1cGpNc29NTytrUUlObGZidFRzZlhJT3FJcGtxdlpzbW9OZldIYWtMQkJGZVBnWlVWekxDdHFNZ1lGS1pvSitUdm9wNnpXaWp4cE9CNGZERlcycTVEc1JHZFk0R3djcDFsQ3FVMVVLTEYxd0RKNlpib3hIQUhVS3NDR2VJZUdlYUVhOGRCNlJMTDFEM05sTk5vdVlWVUg3ZUZJYkRCVUE5b0ExU1ZaQXlsaFZzUk9nbGJack1CeFk5OXdIMEVwdFdveEtHbStoRklqdmh0NmhzTkVubEpySGNLaDRWZ0ZRb1dhU2h2L01BLzJLYmRLQ0JYNzlqQVA2cWxzVi9oRGVlT2xoS29BSmJTcXJaTk1xaHBRUTY1aTh4dW1oVFl2aE1LY1M3dXkxMTNhdHZzN1M3cHF2UXlHYWhid2NBT3BqbXFxSmxJck5hYW14TWQxQXg2S1JoNmpCVVdWV2xMSDhMeENVRWhGMkF3WGNxckRyNXlyemJmRktZeVBZYWowSmVhTzJnT0VBZDh1cDFvZEtWajZTRDZ2TGszazBsZ2lzREhUSEZORjA1UjluVTU5ZXh6bVplUkVZNDVVM0FiVkk0TzRQbCtIVzhGanNwM0tNS0lobGNTTGpJZjNJbFRmSVhudmczdUhGMEh0ZlZpUnM5YW92amhxWUhGdVFpTzZrYktTRjgwQ1ZnUHlVS3ltaDJGVzBKR1ZKTVJRU01NTVhyU1l1OVl1WGxnOS84THkxY3YvdXY3eTJrZG5Wejg0Vi96eTFEOU8vaHJ3ZGhJOGY1ZDdWQUtRZXh4SSs4cVZxMnUvTzMvanBaTnI3N3dNOEYwdUpzZHg5M01jUUhZN2tJN2xhOWVLTDExYSsrVDB5clh6d0F1NmVpcVI0d1M1MTRGMEFUTEJ2SEIxNWJVM1YwNi91UHI2QjZ2dnZ3b0lZWGVJYzRBZ29RRUgwbWxEL25ueVpQR0xONlpYdi93TjlOM2IwVW1uWEZKRmg5ZURQRjVQcHlUSjVFMUM5OFBvVmw5YmlqZ1ZNYVpvTWUxTGNEMGFtcHA2TkNSSnZ0WlVFcUt0UlUrVDZ2NnN2SHpwYjM5cEppY01tdVNBUmh2OGwvL2VURThwam1GUm10YlVwU3dnek9nNkxMdzhFemh4NDR0ZnJMejIwbU5zOGRYcnhWYytXdm5wZXl1WFhnQVZuN2h4NlNLRnIxdzlkZVBpdThWVDd4Yy8vdHcyRTFnTTdwM2s2V3ZTdFl5cVpPYVltWWNzUlUyTlplZkF2ak82TEt1WUdsSlJGV3RwWDA4aFE4U2hvcVl5MmJseVY4OEJ0cXBUVXViSkdoa0JEK25wSFpCQVNZaW9pREd0SlJVei9ua0lEZ3FFNUFDc05GbExXSHArWUw1RUt6SGdlRkV6Nkx1MWZCTG1heWYrWFQ1SjZod1RDeVkyNmI1QmQzN1oxL1R0OUFHU3RlcWFsRlp0SFd5MXNvb1poRjJnZ0lkNmVnWWtjSHh2bzY5eFE4TzFyTFBiSWVJSVZXWTdKS0VIaUFQNDc2d2U3TCtyWkd2L2pwS04vVC9JK25mK3R3YjEzODBjdlFWTGdxQTNzeVBwMnRpSy9udStwUUg5UHRudmwvM3NmMndkLzY2TmJlTHZybEhvN3BJUi9Ic3F0RDhOc2pUNDJtSHRKSlB1SWdVMWI2UzFyL2QvKzZEM0p2NWYyYmxlYy9XM3FMbEdLZ3pNalNpTG5EdnVJb1JHU2JvcFM1MWRPMXBnMDd6eERHeFlweEhISVk1SG5JQzRNT0lpaUlzaUxnWmJPZUw2RVJkSFBJZDRIdkVDNHNPSWp5QStpdmdZNHZzUTM0LzRPQkk0SlBCSUVKQVEzZ3lhMi9mWDc1QnZkbms5c3lRb2xHZnAzMHVtTm5UN3hVQkNCQWxSSk1TUTBJZUVmaVRFVVpoRFlSNkZCUlFPbzNBRWhhTW9IRVBoUGhUdVIrRTRpbkFvd3FPSWdDSmhGSW1nU0JSRllpalNoeUw5S0JKSFVRNUZlUlFWVURTTW9oRVVqYUpvREVYN1VMUWZSZVBmZC9uQlpFTTNOZG10WE5Tc0xSMFE5YngxRW5xSXJEbi9EMisyenI1K2Q3S1gwb2E3VTducmRxMHgyL3YrdjdEK1Z4M3oreTcvYlY1WUoreE1GSU8vUCthbXFjVXJyNnhjZkJZZ0ticnF1ckIvTzBtOFJTY3hwU1VpaHZoQkZvbHNvekFlenU4RkNKcWpSQ2grem42RGhVcmovSGJaMjB4eWVranNiVDRWc1J5d1BaVmQ1TnNoelE4cVlKNEFYWk8xa0Nlb2cvcTJrc1g3TUFub0J4V3NTa3pEbUM1aDN4WjZuQU9WZ2cxc0ljQXhjZ1JsdTNMN05zaThBMnlnNUJEdzNuN2oxTG5pK1RQRksyZFczam5UV0R6MTZmSVhielN1dlBYYzJ1VXJqY1dUMTFkZnVld3RmbklGY296UXlsdG5pdGN1d052cUg4NFhyMzdTRHYvRnN4ZnRpbVRiMnVrUG9iaFllZnU5bFY5ZVhmN2pXeXZ2WGQ1V2ZQc3pBQzEvZVpaMHZIY1pjTGZaeUtzZlByTjY4ZnJ5dGJQTFgzemFEcDFyWjg2dC9lcm55My82bUtGZkhidmFQWndIL0pEekNKNndKK0tKZW1LZVBrKy9KMDYrRkhNY0R4N1JYbWxnVUVvQk5IUzNieWZVaUl1SHNTWmIyU05FQjNxbUFQV2JnalZyY2h4RHVqOEpMU3dhV2ZwS2U4bW5TcUt1WkZhWnRSNVFOS210OThkSktEQ1BpcG5nY1p5ZVdNd2IyRFNEWTNvdXAydEJzdW51cjBJL3dONFV1L3c1c2k4WURvYjVJUC9OM3lPMWdxclcrZTVPalN0bWZrS0RTaE5MeDZGb05hZlRqNWZuMFpxaVJlZ1VGS0hZMTBJckdobFlaMm5taTJtZU5wS3hsSGs4T1RVaEE0SmJ4SktSays3dkJySytiU203NHAzUkg4cm5zVEVtbWpqcmZNWTF6UVhndW1IZ2VmUnJBNCsxYUUzUFFJRmw2dG9VenVucncwOHR3azJEVUd4VzFVVXJvZUpaYTBBQ2JhamlVa0xSVkVYRGdiU3FaK1lHOHFKRVBwSW11T3JZMUd4bnpyN21jcG5ISEZja0s3dlRQaGRZdW85ODR2VTFsNVhTa05xVkhFWFBJcnVNbThOTGhUenpNMFR6WlV1eFZKb3ZLN1Bzdm5JR0hWU3BpN0hEUTZ6QWNlemV2V3k1ajkwMXhQYjA5RDdKdHJLVjBLR0tSdEFzcE8yajRuM2NBVUtoZDRCdGZXcWdkVjQwV0gxbTBRSmtDWHlUSEhvR1pXeE4yT2VmbzB1VDBub0ZxMkthNk85QjBHNHZsWklTQUJtSUovVStTVnBCUmRPd1Fid1dDTnNmKzRPenRCYmI5Nk5rYXNxVXFiZE5hdm1DQmF1SHV0c0JkdDFrSFVHZmt1Z3hSb08vcjBxZi9qZzZpZWhSaGUwdDluWjE1NG5pdSs4WGYvdlJqWis4VWZ6NHpjZUtuLzIrZU9IdDFkYy9vQVorM2VOYWtCWHlpeXpQd2MxOUdXQXp1cW9iaWQwY3h3MndhVkt1R2lTRFQ3QzdEeDZjNkIrSkRiQ3p1bVlGRmpBNVNrbXdhVjJWQUU4blI2b0psZ2NxcGc1VkxTdkJFcEVOY1dtQVhjZ3FGZzdRYy9nRXEra0xocGgzQndRTVVWSUtab0lOQTJNSk5kbjdPZGxVbm5MbWNjZSsxVXNmRjE4OHQvcjhPemN1UGc5N1ZpOTBQa056SUh2bmgrWno3cVE5VVdpZGRsdjFITjNYejlhMFg2bHB2K1loUDVlNW83Nk9wQjU3WlZLMlRGbzROd2FUdHBDSFNPUHA5TmFSdi9idCsrdnF5bWRGa25lYkcwaTZQQjZlUkJEbm9LWDJtRXV5TFZkOUxOUGdRSnJLcHpGTUtTalNTQUNRUnZlNFo4TWYyRWl1eXJxcWZtb0Q0T2JxMk5iaUV0NnJwYzM4Z09US1NrUG5oZEkrQTFHYW52bGN0Q0Vnb1VUOVpZdTdDMmk2aGdla2Z3UERKMlg2RUNVQUFBPT0iIENvcnJlbGF0aW9uQmluZGluZz0iIiBVcmxFbmNvZGU9IlRydWUiIC8+DQogICAgICAgIDxGb3JtUG9zdFBhcmFtZXRlciBOYW1lPSJfX1ZJRVdTVEFURSIgVmFsdWU9Int7JEhJRERFTjEuX19WSUVXU1RBVEV9fSIgUmVjb3JkZWRWYWx1ZT0iIiBDb3JyZWxhdGlvbkJpbmRpbmc9IiIgVXJsRW5jb2RlPSJUcnVlIiAvPg0KICAgICAgICA8Rm9ybVBvc3RQYXJhbWV0ZXIgTmFtZT0iX19TQ1JPTExQT1NJVElPTlgiIFZhbHVlPSJ7eyRISURERU4xLl9fU0NST0xMUE9TSVRJT05YfX0iIFJlY29yZGVkVmFsdWU9IjAiIENvcnJlbGF0aW9uQmluZGluZz0iIiBVcmxFbmNvZGU9IlRydWUiIC8+DQogICAgICAgIDxGb3JtUG9zdFBhcmFtZXRlciBOYW1lPSJfX1NDUk9MTFBPU0lUSU9OWSIgVmFsdWU9Int7JEhJRERFTjEuX19TQ1JPTExQT1NJVElPTll9fSIgUmVjb3JkZWRWYWx1ZT0iMCIgQ29ycmVsYXRpb25CaW5kaW5nPSIiIFVybEVuY29kZT0iVHJ1ZSIgLz4NCiAgICAgICAgPEZvcm1Qb3N0UGFyYW1ldGVyIE5hbWU9Il9fVklFV1NUQVRFRU5DUllQVEVEIiBWYWx1ZT0ie3skSElEREVOMS5fX1ZJRVdTVEFURUVOQ1JZUFRFRH19IiBSZWNvcmRlZFZhbHVlPSIiIENvcnJlbGF0aW9uQmluZGluZz0iIiBVcmxFbmNvZGU9IlRydWUiIC8+DQogICAgICAgIDxGb3JtUG9zdFBhcmFtZXRlciBOYW1lPSJfX0VWRU5UVkFMSURBVElPTiIgVmFsdWU9Int7JEhJRERFTjEuX19FVkVOVFZBTElEQVRJT059fSIgUmVjb3JkZWRWYWx1ZT0iWWZyTVN6OFI0UFltM2dVODJGODdnalVmKzlUYk5WbkJoU2xpRGlYVDZnWWk2T1poWSttZE9ZYmwzYXBES1dGUStHNkhwNmRaQ00rUWNzK0VYRUxWRWhjdGx4TktmNWg0bXU1Z0QwYStaUG90eUFiR2hmd05NVUlkSERTRzJKVTAyWVI2OUlkOHhUcFo4bW1JVHNoMzc0MnJtNHZNTWRBcXl4M0tZUlA1a3FrbWI5bmVMNzJKMEdScVJGQmR3czFaR0NIdUFXTDZ6TFNpU2ZyQ3Z4YTJUNVNwUjFCMFJubUlMaUxFaEJTMVM3MEx1Sm1UbVg5RkNhb1F0Q0sxM0tMTVRGSnltZXRsVHZnWjkxWm9aNnI0NTlDcldDbW1KT2Rzamtadnhjdko1T1dveVBmNGs5WTJieXpNTDl2ZG40N0h5K0c2QTc1QzQ2OFVibm9RS2hPMGdtVG44T3I2aHVsNjJXNGVDOEpkV0l6ODhlR0RoQlU3UC9rZVhLWXlGak8xb3lyQUVieFd2OThwRkpUS0x3UU5nMWVVVFBFelI3QjgrYnR0WUkxS2llVml4bkJnVlZEaG1PdVdoa1BKYjZHNDBVYTJPelZnNXNzY1IreSszeDNNdjlPMXEyVW9SNEpxdHNpL2lQY3NXMFRnekNvTHBiZlFEbTQrTGR4MUNpbnp5SUYyd1dueFpmZ2pmSVZkcHRpR1k0K1lhQmxyWU9QMVkxVWtpSUt5elhuODQwWVJTVlhFRENNNW9RN3VCeFc4WEpMZW9iQjJidnFWbHhzcDJDMXpHS2d0NkN6N0Y1M2I3bVpxaGg4MFd5VmZqSkxOZEhHVWpPWU1FYzhNT0xsdzR2YVRnaUJ1eGhOam9HTWdlZmM0V0N0aXVTWGJRQlhYdGxMNTlLdDdVT3V2Zm05Q1N0M3FmNjdRMnhYVXVMbGcySjJhRnA2bjIrOG00RzZWaFlJSU5mNzhDTjhYZEZBODR5M3VTM3JUWkRvZGwrendwMzVxQ2hlL0N0anVKSGpYVTRGTldnWmNmaGtNZDJ0SmF5MWFWeGc2SEYyMWJ1VFJLa3I1dVlqaTNCem5mNm0rT0VzcHVOWmdIUzR5TGxaZGNvYm1wbXk5UURNL1licVlEZ3lUOGEvczVSdVI0ODRVMmVMcVN2UFBraWhaRm9KbjZrUVp0MEhlQlV0cE5MTHRoVWlWdzNHeGhvTStCV3JJeVZ6TVczamxXdEFHRC9zeEFHc05mZ2pvSTZtT3Nna0NXZzJHY09NRCt0N3FMWVJIVHhDSDZmUHNVSGlGeTIyZGJ5VlZrQy9PSFY3ZTJ4Vy9NQjFkT2hyYjdLa0YycXZzU2ZDSHhVbTJjS2wxYnlVbTAwenN3M0MrQ1JrNVhDREQ4ZUc5dzJDdXFheDdmZU1DdXRCT0swckw4TjNCQkpIQzY1VXFSZFpjZGRpMSt6RDI1SFlpYzJpYW1oRzBwais1MUpPeWFKekZjMkdRMEtqdGx3cFgwdGpJaGJleGpqTkpiRG4wNFp4M3NrWWdIL25LZW52a2g2a1BGVDBnRm56eDdoOFpLMWMvdTY2Q29LRGpPSExCNEZpYWpNQ0ZoRlJ2eno5T0l0bjEvRVNQcmNrdVBsR0ZmQmdBOVZSUXFRRGFmeDlMZy9QeERMNW8yK0tZOVc0Z0xqU3luNDhlaTFmK2Z5bEg0RXk1eS9HQys4OVI3YUlsZzdKTlp4M0tEQzR2MlMrdkFoUmtObXRJMVZkUWpUSm15TDNoUEJwbk15TktYUTk0cUlsUytydVZrYTQxTFRMSk9kWnZNY2lBWU0xV0hlT3krSTFhNkZZYmR2aU83RDZleno1RVpPaDg4cnc3eFZUZW5jZDFDVVZNeC85TjJxNHA5UkE2OXMrSlhRTTZqc2VSdDREcFdWVjV3dmtyVUo2aEFLbGRIcWtLdlRJVU9lVVpLb3R1NEd2VHpOaEllNXo5MC9Qd1lYbU10YlpaK1Y2bDJncktlMFFLdlVBRVBtM1ZaWXg2VTVnQjlObmpGTWVFbExUNjl2d25iNVAyd2FGMm9TQkRsSUVwWHZIaUVMRjZZQUdiMHN5ejlqVlp6NHZMTVRkR2l4M2wwM2xaelpMbm9rcTJBbjdWZHkwZ2FhMlJtRWsxaktEZ0grbHp0UmtZRzY3V292Z0pVLzQzajd4UCtOUU14N2YwajAwa1Zid3F2K0dYRlNRK1EveUUrY2NaWjBQKzdDMGRCQjJocStDZ3BJMVB0czB5Wm1haEVVWTZzalFHQXFwUDlJeHU2SjZPTDVMeUdPOE5Ja0hTQjhPVXpzanlMVStINENmcTVkNWlyN1JkMy93QVdzZ1lPRURSYkZRZXIybFZRVVZKdk5lbTNKMzNhcFBOdTdnU0thVHZLUlRQSFZuZGlCZzVPS0R1QmRJWWlCUkFtdDkvWElHS1dUdWMyZ1RqVGpvY0dMS1k3dzRaQzZYODR0a0JML1U0Q25KcXJMaVVwc3Zhem1ZWjVhTVptNW4yRCtHNDZmekh4Z3JINStqUVlmS25OK2d2TG1kaTJDZ3BUQjNYMFNVUDc1SnJmeDMxd1Aydlg3WmU1OVB5S3pUTnZvMnBVdUpIY1BMQmk3aGdVK3k5Z2NHZ3ppaGpvY1Z5RGkrQUVSSVZLV3ZzdXQ1cUtWa3A5bUE4clNBUm55NG14ZmJJR0YrVXBsMlByUmZaek44T2FvWHJ4dDVDajR5WlFYY2hKcDdpUVFwTmhVOWlJRHd5MHNJaldMcjUvSEI5eTF5RFVFc2RPbnh0RFdvelF5V2ZWVnMvUGFxWjFzMmhISjF3TEVwTElBM1VlN2R1S2puY0M5UmNlOFJSYlBKU04xd3gyMWJYUlRSRXB1UjJmUDZWNFVWSVNsNE14Yis1cXJnK2xRQm1tRzhIdGNaRzJlN2FmQlQxQndUSVpCemRZQ3lsTTZmRmdtZTUxemVtbHZlR0NqRXQ5MVY5UXVaZjFGQ0dqSnFnMFg5MjA5MS84TjFYeklFV2RUalJWL2RaVTUrRXdDdTRuSHphTXRCeEdxeXB5b1g3cUt1Z1p0NHA2UmI2V3NXMTZ2ekZXVHprQ0t6N1JpTHYvSlplVkNYSUw0S0FBbllQTFMzMTZ3blZoa1QxVXFuTkpqYzdqYk9JWUgyZHIzQTl3WnlqcWlsNml0dERzOGJZSGJqODhoeVJ5N3pBL2dQYUhreENWSCtyRUk5dmtteTBNc3FLMHF0SWJZSzg3eW9rWEhuSDVhS3BzdGRYWERvS2NIM2JNL1hmZFVIU043TWtNMWt3Wm9FWEFDdlloRDkwcmZITXA3ZjJsam03aGNEWnJ4UTJRRk81TlFPdXVKRWJBSDZVNkl5aDFQN01GdEZzd04xRGJnQmt1aXNyL0VEcW5hQjc5b3o2aDN4cDZKQUNHSnZXOGRnM0czUThwV0tZbWd3ZTBTTjBVRkpDandFSDBuMytyNVhCV0lYdDh6bjlVcHo0ZGtpK2FHNmRMN2J2dHhYRU5ScnROaVpFNStJNmx4aGkwOXUrOWFKU3BqdEVwaVcyTnJPNmtvYXBUbm9ueFlyT3ZCN2E5U2J0Nnk1NUVnRXNyOGY1MmQrNjVsd2Zjemt5SllDS1RQTXYzdHpKeTJNK0c4MTA1RWhkc3dkWStLTXg5RUNnOWd5ZExScjJwdnhDdGtaMXJQVWVTcFhYV3pmMFJZTGZySnMrN05GUDBzRlhWYnk2QytsNE1WQkh0OGtMWXVLbmRnajZpYUw2N2RmVUl5Y3ljUXd0czhHZ2V2aFZmRThSTlNlbmpFWXFjNTZ0U3d6a3J3b2ZscjA3anJBN0c1QTNBdHM4Wi8wdjc3S2Zub0JaaEU5SWc1Sm5nSHVNQ2xWb21jckJJVjdCVEtzeDlpRFVpdDR2T3hDUDBvNzNqMUgwWW9kc0lCTlk2NVg4RGhyTzdLRnF6dExUb1BhejZRNStZWHduczhIQXdDaXhRN1BONnV3Nng5ekdIUzdYeHZpdGVEUW45ZXlMamZpWjBubWNxRHdZU3k3N2VHSHpDUnFRaXg4UHNGbFJXdXl0MytQOTJ2KzJ5bjVJSjlCRjdQZnNaVHVlRnZmYXl3YzdNczVqZ1lub1JWaWdIRlFnUjRNczkvMUdoY2dlSEVENGgwbmpmaGdWM3NMRlNUV2E4bWFRSGxBYTh5QkQrUjJKNVU3a1gzWjNxd3haT09YOXpDcmdGdWZjZTNRVjNEb2RNTVd0akxqbHpiMGpOYmhUL2NUUjI2M1Q5Y0FBR21HaXROQmJUREFHL3BCUlhubkZhbFplU05rNDV2UVM3N0FEdU8xSWFVZEQyN2VQOTJwWE4ySVRiTWNLT01PeUxNVUptL201UXU4amhMWVVocFNacmpubkNqblU2R3ZjUUUwbnc2TjFSRDZWbGVlWExkenlZYVlCbUZpSWxPOUY4dFlZS3hMRGIxRFFIUzJCOXpvRmZMVjkzRDZjZm1NejQzU2U3QzR3NTRWU0JGMDJSRGxkb05aYXV6ZmRvVnFjVS9yRll3Y2VXSGx3UEREV0N5WXdFZUUrTlF1UmprU0VpWmxXS2prbXhJbnp1aHVuMW5aZzRzQW9QNjlFeGRCV0VwUE4yeVZKOHVXSDZ3QjZFZ08zYnlraTJZMktpQ2xsSkxMcUYycU5FWi8vN0NNVldaZ255YnZxVUFCekoyK24yRDlmZ0xReDAwempVcXlac2RKb3M3eHRTRmZaaGxiSTA0cG1UcjIvUERjeFFOLzhkS3JUZUJnSDNzKzMzdDc4ekpYb0t6c0prN3dlZGVPT1NYeWg3Yy9VbVNBNnNaTjlTb0JSTVhJem1xVHVNL1ZWZTBuYU96bWJxa3IxN0UrTllPRURsaUo2VVhSdmcxU2s1ZytRZ1pvYUcyTHVsMkZLSExZeXBQb3lCNlRnN3ZJdWZUZm4yZTZYY210VkNPUGdMcCtvNzViQy96ajltaDhyZ1F2L0NUeFBzM0tPaFVNdGpENHJWclozZmpJRytreFR3dmJLdCtvNm0zb3owdEp3VU5hMklvWjJVNFUyYjYyMW9ZSWp5ODdPS1VSZWRZNUdCenVEdDhLamdsc3JSS29MaGNDakk2M3dIcTh3UHQwUVBVVWxyaWJQcDV4RDcvVE4wMTRsZWZrWEFCN1RSZXRQN2Fxa05UZVFtTUx0N2VydGZqczZOM3dGcDFPY2hjTVZOR1ZWTGkzNkFDZHFRcW9wd1FnQW01RlJ3c0dVaUovS3dwV0dySkJJcXJyNUd1ZXlsZ2VZZ2l2T1QzblZwMlZCVmx1MVpnQmdFOFM5cFJLOWlLQWc4ei94d2VNMTNaanhHQmJRaW1QVFZuU09meUIvRkJKRFY0amVvbC9RdGpZYmRMN0pkdWwzemlmZGw2dUl1bEJYRGcwRVBJdmFaUzFXei82Y0NVT0xMYkhSbG95WCtINnlhTXdCTXhUOEtTTm9YSlliY0JuRnEzcjkzbHJYWlpybnVsb2Zzb29EKzZldVhMSVlETUhId0NlVDFZeEVsUTkvRFQxNjFQWWUzcDBITVY0S0I3bzRHOURSQUo4V3hWeXBMRFRvbHNxTC9LbjAvbXNvSHRPeERaa3FXTDZCcmVydW0wZWJsMkd2a0pZVnlTaDhUTHExaElyYmpDQmsrUGNQK0FPcGtiTGo5NXhodkR1aUZ3V1NMU0pyTTFPSlVmL3Irc09kbVFOT0pCS01Fd3Zsb0ZwNGFjRGdQYUw5OWZPb3RhMlZQd3dpaE41Q2Z1OEdnZWpLeGEwY0FSOTQvcU5MOEsyWEhQMnhHNDQzWHhhY0dsS25oSi9VanFQTTdXaWVlSHBnS0lZRkxVSGZQWjlHS0duQVNXdXA5SHl1K0x5SE5ta2V4cW1wcUx3NHFwNmdwTWlRTnpQZGFOU2g1ZWIxckxFeWJBUTEyTlJDSzNmQXRnQXpTYXJxKzlPQlhwV0V1OXYrQitVZlBiZEk3N2pnRTZMSlVrUGdsdnNXVTVqOGh3cWZlNnpSOU9kS1h0MGJvclhVVTdVM1hkZjNOU09xaXZpZjYxb3l5S1pXMU9IT0lYMWlJUk5YRHBTV0crT08wWEpWMHpuTjRtWWZzT1Zob3VBcmI4bTJnSGIwZEtvQzU0cS9HMEh4aHYzazVoZXZWN2Raa2dHV1Nya0hKelRVdVVUYXpTYlpyd0xJZFhkaFFCS09YYjFkYi9uOVh5T0UxWFJYNzA5ZEZNaDcwM1BYNWNmMENtL01lL2VsRTdqRlgyNTJGRXgvMHBvM3UycTBQeVVCemNHT1lVRTdyNGE0MUZjRll5eXZGSis5L0F2UnZjRmxZS0tXYjNyVW9hdTlvQ1NuYXRFT0lxejkzTi9VOHE3eDVFVDRhVm5EM2U3aDV1THFIdEdMQ3BOUVFrQk5QZDAxdDc0am02RU9IK1JEaFErL3hxK2MwUXppUGt0UUt3bEl4cm1mY0QxM1ZxM0x2dDUrLzBSLy9RYlU4NkZ6UmVuaUFoUWFjUTgvUkNpQmc5TWxqNEdTM000QzNMaXJ6OTdnVjhCeUFNY1pIMGdRVHJkcnlsSS81cW4vTDVZYzRmZktCRmh2cUI2dG9XL0ptY0pxTi9ubFdyaG41Q2NGNG41Wm5vcGZVMlFudk9qSkZHbmtzYVRSM1UwZHNXWEJUY25LaU1oVkhmMWoybkJKUnN6Wm1SMDIrUFM1anlzakhndjE2dUs1WGZPOHZpMUE5V2N3Wk5hNGhQSUl2V0NWR1VqaERwRkRkRTRJMGZMZ0pQMUtCTEFxbkpZMWs1N01lSVBkWElFbktrTUhVUGFXQndBbVJEYnFjUkNnM21IS1E3clVhbjIzanlsNTNnUFkvSmdnYTkyc1J5aTl5YmdOOEd6aE0zbzFwbWpzNHV5YXNlLzVvc0dhUHBFbmVCcWljSDJkeERtT0x2NlBxckJJY3VKYXNIWnBVdURZQ3hhN0tBMkxlbk5oZ0VXWUlTRUZraDN3VGFwK25zREZFVDFrUWRiY0JmRXNIWHd2Y2JYZ1dLZlhkQk0rbmswdGtGUlNtMmp3a0ZwRk5BZk9qWG0rOVJKRnBadFBZeEpJS20yYWJKZjV4TmJqWE5RMzVYVlJnK29LZkh2allFNm9xdzE3T2pUM3dyTUJseE1FY1VPYys2U01pdFdrOVlpTUZhR3RMQ2tsWTUydmVPL0kvRE8wN2VJPSIgQ29ycmVsYXRpb25CaW5kaW5nPSIiIFVybEVuY29kZT0iVHJ1ZSIgLz4NCiAgICAgICAgPEZvcm1Qb3N0UGFyYW1ldGVyIE5hbWU9ImJ0bkV4aXQiIFZhbHVlPSLov5Tlm54iIFJlY29yZGVkVmFsdWU9Iui/lOWbniIgQ29ycmVsYXRpb25CaW5kaW5nPSJ7e0Zvcm1Qb3N0UGFyYW0xNy5idG5FeGl0fX0iIFVybEVuY29kZT0iVHJ1ZSIgLz4NCiAgICAgICAgPEZvcm1Qb3N0UGFyYW1ldGVyIE5hbWU9Ik9URW1wSUQiIFZhbHVlPSJyYnRTaW5nbGVFbXBJRCIgUmVjb3JkZWRWYWx1ZT0icmJ0U2luZ2xlRW1wSUQiIENvcnJlbGF0aW9uQmluZGluZz0ie3tGb3JtUG9zdFBhcmFtMTguT1RFbXBJRH19IiBVcmxFbmNvZGU9IlRydWUiIC8+DQogICAgICAgIDxGb3JtUG9zdFBhcmFtZXRlciBOYW1lPSJ0eHRPVEVtcElEIiBWYWx1ZT0iMTAyMTE5IiBSZWNvcmRlZFZhbHVlPSIxMDIxMTkiIENvcnJlbGF0aW9uQmluZGluZz0ie3tGb3JtUG9zdFBhcmFtMTkudHh0T1RFbXBJRH19IiBVcmxFbmNvZGU9IlRydWUiIC8+DQogICAgICAgIDxGb3JtUG9zdFBhcmFtZXRlciBOYW1lPSJ0eHRPVEVtcE5hbWUiIFZhbHVlPSLlu5ZP576pIiBSZWNvcmRlZFZhbHVlPSLlu5ZP576pIiBDb3JyZWxhdGlvbkJpbmRpbmc9Int7Rm9ybVBvc3RQYXJhbTIwLnR4dE9URW1wTmFtZX19IiBVcmxFbmNvZGU9IlRydWUiIC8+DQogICAgICAgIDxGb3JtUG9zdFBhcmFtZXRlciBOYW1lPSJ1Y0RhdGVTdGFydCR0eHREYXRlIiBWYWx1ZT0iMjAxNy8wNS8xNiIgUmVjb3JkZWRWYWx1ZT0iMjAxNy8wNS8xNiIgQ29ycmVsYXRpb25CaW5kaW5nPSJ7e0Zvcm1Qb3N0UGFyYW0yMS51Y0RhdGVTdGFydCR0eHREYXRlfX0iIFVybEVuY29kZT0iVHJ1ZSIgLz4NCiAgICAgICAgPEZvcm1Qb3N0UGFyYW1ldGVyIE5hbWU9InVjRGF0ZUVuZCR0eHREYXRlIiBWYWx1ZT0iMjAxNy8wNS8xNiIgUmVjb3JkZWRWYWx1ZT0iMjAxNy8wNS8xNiIgQ29ycmVsYXRpb25CaW5kaW5nPSJ7e0Zvcm1Qb3N0UGFyYW0yMi51Y0RhdGVFbmQkdHh0RGF0ZX19IiBVcmxFbmNvZGU9IlRydWUiIC8+DQogICAgICAgIDxGb3JtUG9zdFBhcmFtZXRlciBOYW1lPSJPVFRpbWVTdGFydCRkZGxISCIgVmFsdWU9Iuiri+mBuOaThyIgUmVjb3JkZWRWYWx1ZT0i6KuL6YG45pOHIiBDb3JyZWxhdGlvbkJpbmRpbmc9Int7Rm9ybVBvc3RQYXJhbTI0Lk9UVGltZVN0YXJ0JGRkbEhIfX0iIFVybEVuY29kZT0iVHJ1ZSIgLz4NCiAgICAgICAgPEZvcm1Qb3N0UGFyYW1ldGVyIE5hbWU9Ik9UVGltZVN0YXJ0JGRkbE1NIiBWYWx1ZT0i6KuL6YG45pOHIiBSZWNvcmRlZFZhbHVlPSLoq4vpgbjmk4ciIENvcnJlbGF0aW9uQmluZGluZz0ie3tGb3JtUG9zdFBhcmFtMjUuT1RUaW1lU3RhcnQkZGRsTU19fSIgVXJsRW5jb2RlPSJUcnVlIiAvPg0KICAgICAgICA8Rm9ybVBvc3RQYXJhbWV0ZXIgTmFtZT0iT1RUaW1lRW5kJGRkbEhIIiBWYWx1ZT0i6KuL6YG45pOHIiBSZWNvcmRlZFZhbHVlPSLoq4vpgbjmk4ciIENvcnJlbGF0aW9uQmluZGluZz0ie3tGb3JtUG9zdFBhcmFtMjYuT1RUaW1lRW5kJGRkbEhIfX0iIFVybEVuY29kZT0iVHJ1ZSIgLz4NCiAgICAgICAgPEZvcm1Qb3N0UGFyYW1ldGVyIE5hbWU9Ik9UVGltZUVuZCRkZGxNTSIgVmFsdWU9Iuiri+mBuOaThyIgUmVjb3JkZWRWYWx1ZT0i6KuL6YG45pOHIiBDb3JyZWxhdGlvbkJpbmRpbmc9Int7Rm9ybVBvc3RQYXJhbTI3Lk9UVGltZUVuZCRkZGxNTX19IiBVcmxFbmNvZGU9IlRydWUiIC8+DQogICAgICAgIDxGb3JtUG9zdFBhcmFtZXRlciBOYW1lPSJjaGtNZWFsRmxhZyIgVmFsdWU9Im9uIiBSZWNvcmRlZFZhbHVlPSJvbiIgQ29ycmVsYXRpb25CaW5kaW5nPSIiIFVybEVuY29kZT0iVHJ1ZSIgLz4NCiAgICAgICAgPEZvcm1Qb3N0UGFyYW1ldGVyIE5hbWU9InR4dE1lYWxUaW1lIiBWYWx1ZT0iMCIgUmVjb3JkZWRWYWx1ZT0iMCIgQ29ycmVsYXRpb25CaW5kaW5nPSJ7e0Zvcm1Qb3N0UGFyYW0yMy50eHRNZWFsVGltZX19IiBVcmxFbmNvZGU9IlRydWUiIC8+DQogICAgICAgIDxGb3JtUG9zdFBhcmFtZXRlciBOYW1lPSJkZGxPVFR5cGVJRCIgVmFsdWU9IjAiIFJlY29yZGVkVmFsdWU9IjAiIENvcnJlbGF0aW9uQmluZGluZz0ie3tGb3JtUG9zdFBhcmFtMjguZGRsT1RUeXBlSUR9fSIgVXJsRW5jb2RlPSJUcnVlIiAvPg0KICAgICAgICA8Rm9ybVBvc3RQYXJhbWV0ZXIgTmFtZT0idHh0T1RSZWFzb25NZW1vJHR4dERhdGEiIFZhbHVlPSIiIFJlY29yZGVkVmFsdWU9IiIgQ29ycmVsYXRpb25CaW5kaW5nPSIiIFVybEVuY29kZT0iVHJ1ZSIgLz4NCiAgICAgICAgPEZvcm1Qb3N0UGFyYW1ldGVyIE5hbWU9ImRkbE9yZyIgVmFsdWU9IjEiIFJlY29yZGVkVmFsdWU9IjEiIENvcnJlbGF0aW9uQmluZGluZz0ie3tGb3JtUG9zdFBhcmFtMjkuZGRsT3JnfX0iIFVybEVuY29kZT0iVHJ1ZSIgLz4NCiAgICAgICAgPEZvcm1Qb3N0UGFyYW1ldGVyIE5hbWU9InVjQ2FzY2FkaW5nRHJvcERvd24xJGRkbDAyIiBWYWx1ZT0iMDAwRzAwIiBSZWNvcmRlZFZhbHVlPSIwMDBHMDAiIENvcnJlbGF0aW9uQmluZGluZz0ie3tGb3JtUG9zdFBhcmFtMzAudWNDYXNjYWRpbmdEcm9wRG93bjEkZGRsMDJ9fSIgVXJsRW5jb2RlPSJUcnVlIiAvPg0KICAgICAgICA8Rm9ybVBvc3RQYXJhbWV0ZXIgTmFtZT0idWNDYXNjYWRpbmdEcm9wRG93bjEkZGRsMDMiIFZhbHVlPSIwMDBHOTAiIFJlY29yZGVkVmFsdWU9IjAwMEc5MCIgQ29ycmVsYXRpb25CaW5kaW5nPSJ7e0Zvcm1Qb3N0UGFyYW0zMS51Y0Nhc2NhZGluZ0Ryb3BEb3duMSRkZGwwM319IiBVcmxFbmNvZGU9IlRydWUiIC8+DQogICAgICAgIDxGb3JtUG9zdFBhcmFtZXRlciBOYW1lPSJ1Y0Nhc2NhZGluZ0Ryb3BEb3duMSRkZGwwNCIgVmFsdWU9IiIgUmVjb3JkZWRWYWx1ZT0iIiBDb3JyZWxhdGlvbkJpbmRpbmc9IiIgVXJsRW5jb2RlPSJUcnVlIiAvPg0KICAgICAgICA8Rm9ybVBvc3RQYXJhbWV0ZXIgTmFtZT0idWNDYXNjYWRpbmdEcm9wRG93bjEkQ2FzY2FkaW5nRHJvcERvd24xX0NsaWVudFN0YXRlIiBWYWx1ZT0iU1BIQksxOjo65rC46LGQ6YqA6KGMOjo6IiBSZWNvcmRlZFZhbHVlPSJTUEhCSzE6OjrmsLjosZDpioDooYw6OjoiIENvcnJlbGF0aW9uQmluZGluZz0iIiBVcmxFbmNvZGU9IlRydWUiIC8+DQogICAgICAgIDxGb3JtUG9zdFBhcmFtZXRlciBOYW1lPSJ1Y0Nhc2NhZGluZ0Ryb3BEb3duMSRDYXNjYWRpbmdEcm9wRG93bjJfQ2xpZW50U3RhdGUiIFZhbHVlPSIwMDBHMDA6Ojrkurrlipvos4fmupDomZU6OjoiIFJlY29yZGVkVmFsdWU9IjAwMEcwMDo6OuS6uuWKm+izh+a6kOiZlTo6OiIgQ29ycmVsYXRpb25CaW5kaW5nPSIiIFVybEVuY29kZT0iVHJ1ZSIgLz4NCiAgICAgICAgPEZvcm1Qb3N0UGFyYW1ldGVyIE5hbWU9InVjQ2FzY2FkaW5nRHJvcERvd24xJENhc2NhZGluZ0Ryb3BEb3duM19DbGllbnRTdGF0ZSIgVmFsdWU9IjAwMEc5MDo6OuS6uuizh+aVuOaTmuaHieeUqOenkTo6OiIgUmVjb3JkZWRWYWx1ZT0iMDAwRzkwOjo65Lq66LOH5pW45pOa5oeJ55So56eROjo6IiBDb3JyZWxhdGlvbkJpbmRpbmc9IiIgVXJsRW5jb2RlPSJUcnVlIiAvPg0KICAgICAgICA8Rm9ybVBvc3RQYXJhbWV0ZXIgTmFtZT0idWNDYXNjYWRpbmdEcm9wRG93bjEkQ2FzY2FkaW5nRHJvcERvd240X0NsaWVudFN0YXRlIiBWYWx1ZT0ie3skSElEREVOMS51Y0Nhc2NhZGluZ0Ryb3BEb3duMSRDYXNjYWRpbmdEcm9wRG93bjRfQ2xpZW50U3RhdGV9fSIgUmVjb3JkZWRWYWx1ZT0iOjo6Ojo6IiBDb3JyZWxhdGlvbkJpbmRpbmc9IiIgVXJsRW5jb2RlPSJUcnVlIiAvPg0KICAgICAgICA8Rm9ybVBvc3RQYXJhbWV0ZXIgTmFtZT0idWNDYXNjYWRpbmdEcm9wRG93bjEkQ2FzY2FkaW5nRHJvcERvd241X0NsaWVudFN0YXRlIiBWYWx1ZT0ie3skSElEREVOMS51Y0Nhc2NhZGluZ0Ryb3BEb3duMSRDYXNjYWRpbmdEcm9wRG93bjVfQ2xpZW50U3RhdGV9fSIgUmVjb3JkZWRWYWx1ZT0iIiBDb3JyZWxhdGlvbkJpbmRpbmc9IiIgVXJsRW5jb2RlPSJUcnVlIiAvPg0KICAgICAgICA8Rm9ybVBvc3RQYXJhbWV0ZXIgTmFtZT0idWNDYXNjYWRpbmdEcm9wRG93bjIkQ2FzY2FkaW5nRHJvcERvd24xX0NsaWVudFN0YXRlIiBWYWx1ZT0ie3skSElEREVOMS51Y0Nhc2NhZGluZ0Ryb3BEb3duMiRDYXNjYWRpbmdEcm9wRG93bjFfQ2xpZW50U3RhdGV9fSIgUmVjb3JkZWRWYWx1ZT0iOjo6Ojo6IiBDb3JyZWxhdGlvbkJpbmRpbmc9IiIgVXJsRW5jb2RlPSJUcnVlIiAvPg0KICAgICAgICA8Rm9ybVBvc3RQYXJhbWV0ZXIgTmFtZT0idWNDYXNjYWRpbmdEcm9wRG93bjIkQ2FzY2FkaW5nRHJvcERvd24yX0NsaWVudFN0YXRlIiBWYWx1ZT0ie3skSElEREVOMS51Y0Nhc2NhZGluZ0Ryb3BEb3duMiRDYXNjYWRpbmdEcm9wRG93bjJfQ2xpZW50U3RhdGV9fSIgUmVjb3JkZWRWYWx1ZT0iOjo6Ojo6IiBDb3JyZWxhdGlvbkJpbmRpbmc9IiIgVXJsRW5jb2RlPSJUcnVlIiAvPg0KICAgICAgICA8Rm9ybVBvc3RQYXJhbWV0ZXIgTmFtZT0idWNDYXNjYWRpbmdEcm9wRG93bjIkQ2FzY2FkaW5nRHJvcERvd24zX0NsaWVudFN0YXRlIiBWYWx1ZT0ie3skSElEREVOMS51Y0Nhc2NhZGluZ0Ryb3BEb3duMiRDYXNjYWRpbmdEcm9wRG93bjNfQ2xpZW50U3RhdGV9fSIgUmVjb3JkZWRWYWx1ZT0iOjo6Ojo6IiBDb3JyZWxhdGlvbkJpbmRpbmc9IiIgVXJsRW5jb2RlPSJUcnVlIiAvPg0KICAgICAgICA8Rm9ybVBvc3RQYXJhbWV0ZXIgTmFtZT0idWNDYXNjYWRpbmdEcm9wRG93bjIkQ2FzY2FkaW5nRHJvcERvd240X0NsaWVudFN0YXRlIiBWYWx1ZT0ie3skSElEREVOMS51Y0Nhc2NhZGluZ0Ryb3BEb3duMiRDYXNjYWRpbmdEcm9wRG93bjRfQ2xpZW50U3RhdGV9fSIgUmVjb3JkZWRWYWx1ZT0iIiBDb3JyZWxhdGlvbkJpbmRpbmc9IiIgVXJsRW5jb2RlPSJUcnVlIiAvPg0KICAgICAgICA8Rm9ybVBvc3RQYXJhbWV0ZXIgTmFtZT0idWNDYXNjYWRpbmdEcm9wRG93bjIkQ2FzY2FkaW5nRHJvcERvd241X0NsaWVudFN0YXRlIiBWYWx1ZT0ie3skSElEREVOMS51Y0Nhc2NhZGluZ0Ryb3BEb3duMiRDYXNjYWRpbmdEcm9wRG93bjVfQ2xpZW50U3RhdGV9fSIgUmVjb3JkZWRWYWx1ZT0iIiBDb3JyZWxhdGlvbkJpbmRpbmc9IiIgVXJsRW5jb2RlPSJUcnVlIiAvPg0KICAgICAgICA8Rm9ybVBvc3RQYXJhbWV0ZXIgTmFtZT0iZnJhbWVBdHRhY2giIFZhbHVlPSIvVXRpbC9BdHRhY2hBZG1pbi5hc3B4P0F0dGFjaERCPUFhdHRlbmRhbnREQl9JVFJEJmFtcDtBdHRhY2hJRD10ZXN0MTAyMTE5ZDc5MmRkYzgtMWYwYy00YmU2LWJhMDYtMWJkNTI4MGNiMjlhJmFtcDtBdHRhY2hGaWxlTWF4UXR5PTEmYW1wO0F0dGFjaEZpbGVNYXhLQj0zMDcyJmFtcDtBdHRhY2hGaWxlVG90S0I9MzA3MiZhbXA7QXR0YWNoRmlsZUV4dExpc3Q9IiBSZWNvcmRlZFZhbHVlPSIvVXRpbC9BdHRhY2hBZG1pbi5hc3B4P0F0dGFjaERCPUFhdHRlbmRhbnREQl9JVFJEJmFtcDtBdHRhY2hJRD10ZXN0MTAyMTE5ZDc5MmRkYzgtMWYwYy00YmU2LWJhMDYtMWJkNTI4MGNiMjlhJmFtcDtBdHRhY2hGaWxlTWF4UXR5PTEmYW1wO0F0dGFjaEZpbGVNYXhLQj0zMDcyJmFtcDtBdHRhY2hGaWxlVG90S0I9MzA3MiZhbXA7QXR0YWNoRmlsZUV4dExpc3Q9IiBDb3JyZWxhdGlvbkJpbmRpbmc9IiIgVXJsRW5jb2RlPSJUcnVlIiAvPg0KICAgICAgICA8Rm9ybVBvc3RQYXJhbWV0ZXIgTmFtZT0idWNNb2RhbFBvcHVwMSRDbGllbnRXaWR0aCIgVmFsdWU9Int7JEhJRERFTjEudWNNb2RhbFBvcHVwMSRDbGllbnRXaWR0aH19IiBSZWNvcmRlZFZhbHVlPSIwIiBDb3JyZWxhdGlvbkJpbmRpbmc9IiIgVXJsRW5jb2RlPSJUcnVlIiAvPg0KICAgICAgICA8Rm9ybVBvc3RQYXJhbWV0ZXIgTmFtZT0idWNNb2RhbFBvcHVwMSRDbGllbnRIZWlnaHQiIFZhbHVlPSJ7eyRISURERU4xLnVjTW9kYWxQb3B1cDEkQ2xpZW50SGVpZ2h0fX0iIFJlY29yZGVkVmFsdWU9IjAiIENvcnJlbGF0aW9uQmluZGluZz0iIiBVcmxFbmNvZGU9IlRydWUiIC8+DQogICAgICAgIDxGb3JtUG9zdFBhcmFtZXRlciBOYW1lPSJoaWRkZW5JbnB1dFRvVXBkYXRlQVRCdWZmZXJfQ29tbW9uVG9vbGtpdFNjcmlwdHMiIFZhbHVlPSIwIiBSZWNvcmRlZFZhbHVlPSIwIiBDb3JyZWxhdGlvbkJpbmRpbmc9Int7Rm9ybVBvc3RQYXJhbTMyLmhpZGRlbklucHV0VG9VcGRhdGVBVEJ1ZmZlcl9Db21tb25Ub29sa2l0U2NyaXB0c319IiBVcmxFbmNvZGU9IlRydWUiIC8+DQogICAgICA8L0Zvcm1Qb3N0SHR0cEJvZHk+DQogICAgPC9SZXF1ZXN0Pg0KICAgIDxSZXF1ZXN0IE1ldGhvZD0iUE9TVCIgR3VpZD0iNDRmOGZkZjQtYmM5NC00MmEyLTg4YzgtNGFjYmRjZmRlYmQwIiBWZXJzaW9uPSIxLjEiIFVybD0iaHR0cDovLzEwLjExLjM2LjExNDo4MDA3L092ZXJUaW1lL092ZXJ0aW1lUHJlT3JkZXIuYXNweCIgVGhpbmtUaW1lPSIzNSIgVGltZW91dD0iMzAwIiBQYXJzZURlcGVuZGVudFJlcXVlc3RzPSJUcnVlIiBGb2xsb3dSZWRpcmVjdHM9IlRydWUiIFJlY29yZFJlc3VsdD0iVHJ1ZSIgQ2FjaGU9IkZhbHNlIiBSZXNwb25zZVRpbWVHb2FsPSIwIiBFbmNvZGluZz0idXRmLTgiIEV4cGVjdGVkSHR0cFN0YXR1c0NvZGU9IjAiIEV4cGVjdGVkUmVzcG9uc2VVcmw9IiIgUmVwb3J0aW5nTmFtZT0iIiBJZ25vcmVIdHRwU3RhdHVzQ29kZT0iRmFsc2UiPg0KICAgICAgPEV4dHJhY3Rpb25SdWxlcz4NCiAgICAgICAgPEV4dHJhY3Rpb25SdWxlIENsYXNzbmFtZT0iTWljcm9zb2Z0LlZpc3VhbFN0dWRpby5UZXN0VG9vbHMuV2ViVGVzdGluZy5SdWxlcy5FeHRyYWN0SGlkZGVuRmllbGRzLCBNaWNyb3NvZnQuVmlzdWFsU3R1ZGlvLlF1YWxpdHlUb29scy5XZWJUZXN0RnJhbWV3b3JrLCBWZXJzaW9uPTEwLjAuMC4wLCBDdWx0dXJlPW5ldXRyYWwsIFB1YmxpY0tleVRva2VuPWIwM2Y1ZjdmMTFkNTBhM2EiIFZhcmlhYmxlTmFtZT0iMSIgRGlzcGxheU5hbWU9IuaTt+WPlumaseiXj+ashOS9jSIgRGVzY3JpcHRpb249IuaTt+WPluWbnuaHieS4reeahOaJgOaciemaseiXj+ashOS9je+8jOS4puWwh+Wug+WAkeaUvuWcqOa4rOippuWFp+WuueS4reOAgiI+DQogICAgICAgICAgPFJ1bGVQYXJhbWV0ZXJzPg0KICAgICAgICAgICAgPFJ1bGVQYXJhbWV0ZXIgTmFtZT0iUmVxdWlyZWQiIFZhbHVlPSJUcnVlIiAvPg0KICAgICAgICAgICAgPFJ1bGVQYXJhbWV0ZXIgTmFtZT0iSHRtbERlY29kZSIgVmFsdWU9IlRydWUiIC8+DQogICAgICAgICAgPC9SdWxlUGFyYW1ldGVycz4NCiAgICAgICAgPC9FeHRyYWN0aW9uUnVsZT4NCiAgICAgIDwvRXh0cmFjdGlvblJ1bGVzPg0KICAgICAgPENvcnJlbGF0aW9uRXh0cmFjdGlvblJ1bGVzPg0KICAgICAgICA8RXh0cmFjdGlvblJ1bGUgQ2xhc3NuYW1lPSJNaWNyb3NvZnQuVmlzdWFsU3R1ZGlvLlRlc3RUb29scy5XZWJUZXN0aW5nLlJ1bGVzLkV4dHJhY3RGb3JtRmllbGQsIE1pY3Jvc29mdC5WaXN1YWxTdHVkaW8uUXVhbGl0eVRvb2xzLldlYlRlc3RGcmFtZXdvcmssIFZlcnNpb249MTAuMC4wLjAsIEN1bHR1cmU9bmV1dHJhbCwgUHVibGljS2V5VG9rZW49YjAzZjVmN2YxMWQ1MGEzYSIgVmFyaWFibGVOYW1lPSJGb3JtUG9zdFBhcmFtOS5idG5EZWxldGUiIERpc3BsYXlOYW1lPSIiIERlc2NyaXB0aW9uPSIiPg0KICAgICAgICAgIDxSdWxlUGFyYW1ldGVycz4NCiAgICAgICAgICAgIDxSdWxlUGFyYW1ldGVyIE5hbWU9Ik5hbWUiIFZhbHVlPSJidG5EZWxldGUiIC8+DQogICAgICAgICAgICA8UnVsZVBhcmFtZXRlciBOYW1lPSJIdG1sRGVjb2RlIiBWYWx1ZT0iVHJ1ZSIgLz4NCiAgICAgICAgICAgIDxSdWxlUGFyYW1ldGVyIE5hbWU9IlJlcXVpcmVkIiBWYWx1ZT0iRmFsc2UiIC8+DQogICAgICAgICAgICA8UnVsZVBhcmFtZXRlciBOYW1lPSJJbmRleCIgVmFsdWU9IjAiIC8+DQogICAgICAgICAgPC9SdWxlUGFyYW1ldGVycz4NCiAgICAgICAgPC9FeHRyYWN0aW9uUnVsZT4NCiAgICAgICAgPEV4dHJhY3Rpb25SdWxlIENsYXNzbmFtZT0iTWljcm9zb2Z0LlZpc3VhbFN0dWRpby5UZXN0VG9vbHMuV2ViVGVzdGluZy5SdWxlcy5FeHRyYWN0Rm9ybUZpZWxkLCBNaWNyb3NvZnQuVmlzdWFsU3R1ZGlvLlF1YWxpdHlUb29scy5XZWJUZXN0RnJhbWV3b3JrLCBWZXJzaW9uPTEwLjAuMC4wLCBDdWx0dXJlPW5ldXRyYWwsIFB1YmxpY0tleVRva2VuPWIwM2Y1ZjdmMTFkNTBhM2EiIFZhcmlhYmxlTmFtZT0iRm9ybVBvc3RQYXJhbTEwLnR4dE9URW1wSUQiIERpc3BsYXlOYW1lPSIiIERlc2NyaXB0aW9uPSIiPg0KICAgICAgICAgIDxSdWxlUGFyYW1ldGVycz4NCiAgICAgICAgICAgIDxSdWxlUGFyYW1ldGVyIE5hbWU9Ik5hbWUiIFZhbHVlPSJ0eHRPVEVtcElEIiAvPg0KICAgICAgICAgICAgPFJ1bGVQYXJhbWV0ZXIgTmFtZT0iSHRtbERlY29kZSIgVmFsdWU9IlRydWUiIC8+DQogICAgICAgICAgICA8UnVsZVBhcmFtZXRlciBOYW1lPSJSZXF1aXJlZCIgVmFsdWU9IkZhbHNlIiAvPg0KICAgICAgICAgICAgPFJ1bGVQYXJhbWV0ZXIgTmFtZT0iSW5kZXgiIFZhbHVlPSIwIiAvPg0KICAgICAgICAgIDwvUnVsZVBhcmFtZXRlcnM+DQogICAgICAgIDwvRXh0cmFjdGlvblJ1bGU+DQogICAgICAgIDxFeHRyYWN0aW9uUnVsZSBDbGFzc25hbWU9Ik1pY3Jvc29mdC5WaXN1YWxTdHVkaW8uVGVzdFRvb2xzLldlYlRlc3RpbmcuUnVsZXMuRXh0cmFjdFRleHQsIE1pY3Jvc29mdC5WaXN1YWxTdHVkaW8uUXVhbGl0eVRvb2xzLldlYlRlc3RGcmFtZXdvcmssIFZlcnNpb249MTAuMC4wLjAsIEN1bHR1cmU9bmV1dHJhbCwgUHVibGljS2V5VG9rZW49YjAzZjVmN2YxMWQ1MGEzYSIgVmFyaWFibGVOYW1lPSJGb3JtUG9zdFBhcmFtMTEuZGRsUXVlcnlDb25kaXRpb25zIiBEaXNwbGF5TmFtZT0iIiBEZXNjcmlwdGlvbj0iIj4NCiAgICAgICAgICA8UnVsZVBhcmFtZXRlcnM+DQogICAgICAgICAgICA8UnVsZVBhcmFtZXRlciBOYW1lPSJTdGFydHNXaXRoIiBWYWx1ZT0icyZxdW90OzpbJnF1b3Q7IiAvPg0KICAgICAgICAgICAgPFJ1bGVQYXJhbWV0ZXIgTmFtZT0iRW5kc1dpdGgiIFZhbHVlPSImcXVvdDssJnF1b3Q7MSZxdW90OyIgLz4NCiAgICAgICAgICAgIDxSdWxlUGFyYW1ldGVyIE5hbWU9IkluZGV4IiBWYWx1ZT0iMCIgLz4NCiAgICAgICAgICAgIDxSdWxlUGFyYW1ldGVyIE5hbWU9Iklnbm9yZUNhc2UiIFZhbHVlPSJGYWxzZSIgLz4NCiAgICAgICAgICAgIDxSdWxlUGFyYW1ldGVyIE5hbWU9IlVzZVJlZ3VsYXJFeHByZXNzaW9uIiBWYWx1ZT0iRmFsc2UiIC8+DQogICAgICAgICAgICA8UnVsZVBhcmFtZXRlciBOYW1lPSJIdG1sRGVjb2RlIiBWYWx1ZT0iVHJ1ZSIgLz4NCiAgICAgICAgICAgIDxSdWxlUGFyYW1ldGVyIE5hbWU9IlJlcXVpcmVkIiBWYWx1ZT0iRmFsc2UiIC8+DQogICAgICAgICAgPC9SdWxlUGFyYW1ldGVycz4NCiAgICAgICAgPC9FeHRyYWN0aW9uUnVsZT4NCiAgICAgICAgPEV4dHJhY3Rpb25SdWxlIENsYXNzbmFtZT0iTWljcm9zb2Z0LlZpc3VhbFN0dWRpby5UZXN0VG9vbHMuV2ViVGVzdGluZy5SdWxlcy5FeHRyYWN0VGV4dCwgTWljcm9zb2Z0LlZpc3VhbFN0dWRpby5RdWFsaXR5VG9vbHMuV2ViVGVzdEZyYW1ld29yaywgVmVyc2lvbj0xMC4wLjAuMCwgQ3VsdHVyZT1uZXV0cmFsLCBQdWJsaWNLZXlUb2tlbj1iMDNmNWY3ZjExZDUwYTNhIiBWYXJpYWJsZU5hbWU9IkZvcm1Qb3N0UGFyYW0xMi5kZGxPVFN0YXR1cyIgRGlzcGxheU5hbWU9IiIgRGVzY3JpcHRpb249IiI+DQogICAgICAgICAgPFJ1bGVQYXJhbWV0ZXJzPg0KICAgICAgICAgICAgPFJ1bGVQYXJhbWV0ZXIgTmFtZT0iU3RhcnRzV2l0aCIgVmFsdWU9IiZxdW90OzAmcXVvdDssJnF1b3Q7IiAvPg0KICAgICAgICAgICAgPFJ1bGVQYXJhbWV0ZXIgTmFtZT0iRW5kc1dpdGgiIFZhbHVlPSImcXVvdDssJnF1b3Q7MiZxdW90OyIgLz4NCiAgICAgICAgICAgIDxSdWxlUGFyYW1ldGVyIE5hbWU9IkluZGV4IiBWYWx1ZT0iMCIgLz4NCiAgICAgICAgICAgIDxSdWxlUGFyYW1ldGVyIE5hbWU9Iklnbm9yZUNhc2UiIFZhbHVlPSJGYWxzZSIgLz4NCiAgICAgICAgICAgIDxSdWxlUGFyYW1ldGVyIE5hbWU9IlVzZVJlZ3VsYXJFeHByZXNzaW9uIiBWYWx1ZT0iRmFsc2UiIC8+DQogICAgICAgICAgICA8UnVsZVBhcmFtZXRlciBOYW1lPSJIdG1sRGVjb2RlIiBWYWx1ZT0iVHJ1ZSIgLz4NCiAgICAgICAgICAgIDxSdWxlUGFyYW1ldGVyIE5hbWU9IlJlcXVpcmVkIiBWYWx1ZT0iRmFsc2UiIC8+DQogICAgICAgICAgPC9SdWxlUGFyYW1ldGVycz4NCiAgICAgICAgPC9FeHRyYWN0aW9uUnVsZT4NCiAgICAgIDwvQ29ycmVsYXRpb25FeHRyYWN0aW9uUnVsZXM+DQogICAgICA8Rm9ybVBvc3RIdHRwQm9keT4NCiAgICAgICAgPEZvcm1Qb3N0UGFyYW1ldGVyIE5hbWU9IlRvb2xraXRTY3JpcHRNYW5hZ2VyMV9IaWRkZW5GaWVsZCIgVmFsdWU9Ijs7QWpheENvbnRyb2xUb29sa2l0LCBWZXJzaW9uPTQuMS43LjYwNywgQ3VsdHVyZT1uZXV0cmFsLCBQdWJsaWNLZXlUb2tlbj0yOGYwMWIwZTg0YjZkNTNlOnpoLUhhbnQ6N2I5NWVkMWEtNmEzZi00MWRkLWJjNWItNjNmMzllZGJjNGI0OmRlMWZlYWIyOmZjZjBlOTkzOmYyYzhlNzA4OjcyMGE1MmJmOmY5Y2VjOWJjOjU4OWVhYTMwOjY5ODEyOWNmOmZiOWI0YzU3OmNjYjk2Y2Y5OmE2N2MyNzAwOjg2MTNhZWE3OjMyMDJhNWEyOmFiMDllM2ZlOjg3MTA0YjdjOmJlNmZiMjk4IiBSZWNvcmRlZFZhbHVlPSI7O0FqYXhDb250cm9sVG9vbGtpdCwgVmVyc2lvbj00LjEuNy42MDcsIEN1bHR1cmU9bmV1dHJhbCwgUHVibGljS2V5VG9rZW49MjhmMDFiMGU4NGI2ZDUzZTp6aC1IYW50OjdiOTVlZDFhLTZhM2YtNDFkZC1iYzViLTYzZjM5ZWRiYzRiNDpkZTFmZWFiMjpmY2YwZTk5MzpmMmM4ZTcwODo3MjBhNTJiZjpmOWNlYzliYzo1ODllYWEzMDo2OTgxMjljZjpmYjliNGM1NzpjY2I5NmNmOTphNjdjMjcwMDo4NjEzYWVhNzozMjAyYTVhMjphYjA5ZTNmZTo4NzEwNGI3YzpiZTZmYjI5OCIgQ29ycmVsYXRpb25CaW5kaW5nPSIiIFVybEVuY29kZT0iVHJ1ZSIgLz4NCiAgICAgICAgPEZvcm1Qb3N0UGFyYW1ldGVyIE5hbWU9Il9fRVZFTlRUQVJHRVQiIFZhbHVlPSJ7eyRISURERU4xLl9fRVZFTlRUQVJHRVR9fSIgUmVjb3JkZWRWYWx1ZT0iIiBDb3JyZWxhdGlvbkJpbmRpbmc9IiIgVXJsRW5jb2RlPSJUcnVlIiAvPg0KICAgICAgICA8Rm9ybVBvc3RQYXJhbWV0ZXIgTmFtZT0iX19FVkVOVEFSR1VNRU5UIiBWYWx1ZT0ie3skSElEREVOMS5fX0VWRU5UQVJHVU1FTlR9fSIgUmVjb3JkZWRWYWx1ZT0iIiBDb3JyZWxhdGlvbkJpbmRpbmc9IiIgVXJsRW5jb2RlPSJUcnVlIiAvPg0KICAgICAgICA8Rm9ybVBvc3RQYXJhbWV0ZXIgTmFtZT0iX19MQVNURk9DVVMiIFZhbHVlPSJ7eyRISURERU4xLl9fTEFTVEZPQ1VTfX0iIFJlY29yZGVkVmFsdWU9IiIgQ29ycmVsYXRpb25CaW5kaW5nPSIiIFVybEVuY29kZT0iVHJ1ZSIgLz4NCiAgICAgICAgPEZvcm1Qb3N0UGFyYW1ldGVyIE5hbWU9Il9fVlNUQVRFIiBWYWx1ZT0ie3skSElEREVOMS5fX1ZTVEFURX19IiBSZWNvcmRlZFZhbHVlPSJBUitMQ0FBQUFBQUFCQUN0VjkxekUxVVVUNVp1R3RLUEZHeGlSZDFkSHB4dHA2UmtrNmdEdFE4a0tUWWpKZGdHSGl4TVpwdDd1MW03M2Mxa2IwdmpFejRVRkhHQW9laGdaNXh4UmdGQkhCMWZLaktPZjRJUFB2ak1rTFI5OGsvQWUvY2oyU1pMQmtxMzArVG1uSFBQNzN6ZnZVKzl3UUV2N1pPV0prVlpEYjQzN09tbWZLR0FQNXRMYVF1bFRMb3pteHNuMzc1c0xpMGlpTDl5OGdMc3p1YW1rWWdXOVpQaUF1ekNOQTJKQ21GZzhkeXlta243YlFHOE9LNlZGMDVtQThjVjdYeEsxQ0ZtVWsveEV3UkJPaUFjaWNjRTRaMjNFNGxnT016NDByQ0VNbW42QUIrTlJ0OFhvdndoWXhGMUxKajkyYkpFVkoyUWRZU1hJZ2FqS1o1bmV2T25SQWxtZElKMlFwT0tUTWdpZkxnSXk1VnBWSlpWeWFEN1RNZG8zL1NwaWVRSEFuUFFranUyaUxSanBaSlNHVitZaFlEUVVycWVVa1JkbHhqZWtpRXhRdmgvdWxEV0ZPV1Vwc3RJMXRTc2lsY29LUmJtSlNaZ3VrQXNoRXlYdzFiNlhxOE9GVmhBWERvem5jdWNUT1c0QW80R3g1MHZRcFhMSnFJanAwdVdQNXlzYzZxR09IVlJVVGpVeW9ZSzNzZnpIRlFCSitxRVdlY2Rrbld5YTVCc3NFazhQMlNKMlJRbmNMdzljTHdkY053Rk9ONEtISGNGanJVSGpyVURqcmtBeDFxQlk2N0FRbnRnb1FWNDBOaHRibTY3ZDlES2NFTmtycXd0Y0hCaWFuSTZuY3huY2xQcGtSa3dxNTBibVRFRTVFOUVVaitrUk00Ui9XWElXUnZIbkVCRGhobW0rMFAxR0FpT0dEamNJeVkrMjdrVzMrem9DZHVqMXdCNUJrUzdDTGJMWEd2aUhBYmJpY09rTmtJdUpydlVnRXM5dXZjR2VRaG9XanV2TnFNYVRqc0NhcmpmOE5SWW1SNCtYbDE5dkhxQjU0WWIwc044aEsvL0pJT1NCTUhGZWxOT2NBaTYrR01LeGR5RTRrMUNjVGVoUkpOUXdpbmtGZ1hENEJjbzN5eW53RG5FZmF6SjZ2UHVTRVE1alZRVHRtVktVMkJLQTNDTVQwUjVUc1RGNHJDWUc4dldseThNRXJkQTRrNlF1QTBTM3gyUW1BVVNjNExFYkpEWTdvQUlGb2pnQkJGc0VHRjNRQ3dNSjBTVU53QmM5VnREcXpGeDhCQWtUWnd0QTFqbVppdk9VOGR4RGpnbXMyUEUxTHVlWXpyeHlqZzEvZmFyQUJPMHoyQ0l4SndvNlZLWW92WUVRYmdmZndiREZEN3ZUOGhTRVNXMTVXUVppdlBqcWppclFGQUVZV29PUzNWUVhrT3E4NHlzeTVoUkJJQ2lEVXBIRGk0amVtRHoxczJOYXhlZnJELzQ3OUdWemZ0ZmJOejlzdnJueXVNTHQ3SGNXMFNPN2FHN2E3K3NiLzU2YmV2eWhjM3ZybUQ2a0VVUFBubjRzSHA1YmZPM1M3V0gxN0FleklwWXJCQm1FZnJOOWRxTmIycVhQdDlZdmJ0eDV6b1dPQnkwRENOTzlBRVE5czRCU3JDSlBrSU1odjFNTDM3cEVzK0l5aUk4TGtNRjBCMGtKVXdQb1JLelRhS2ZFRW0vTWwzNWc0U1YxQlpWSURHZDlSajBoYWg5RWZ4Z3g3WSt4YVpjSWovQzVpdFZwTW42RU9YeG1aeis0VDJVSkJtVzBZWTViSzlwQUJ0c1lMSjlFcnR2RnhBNmQ0NGdSQ09iWDkzYld2bHA0L2JWNm1jLzRnRGJDSUlUSVc1SDEyOUZGNE1GR3ZXSklYdTJUYjg2cnJjVk4rVDFZTTNlcHVBRUdpVytjMjJkRFcyeGw5ZTIxOWJXNVRqZmRxN3VYYU5pS2FPaFNOc0ZjTW1SZXdGNTZ4WVIzVjNCejluRGs1Tm5Ed1BBQlBMNERsQkd4cjNCODVkOFplMmZ2LzJNUHordUFvdVU3R0FmL092SEtqTDZGQlJCVmxVcVJTeVEwelI4bVNqUmtabXRQNzZ0M2JoOGpxdGVmMVM5ZXIvMjlRKzF0WXU0UDJlMjFtNFo5TnI2eXRhdDc2c3JkNm8vLzI3Mk9ESFBpMzBHcE5jMXRhREloWG42bzlOSVZ2S3A0andlRGpsTmtoUm9UQUZaa1ZGbGtFZkx5THpjSktFa3EvbENjYjdCNVE5eHpYd2dMNUVlTzRhSEREODBDbkF2VTJTTTBEcXFLSkJtbDJBWnlRVlJpWWlLTEtsSGtWWWFYYXFyT3pyYUdFUTc4eEx2REdncW1GVk16M3BSVWRaSGxzaUFHT1A1VVlDVEV2WXhQdGQwN0czSnhnUVpFZHVTTVVIcUQ2ZVYzYjk5TS90S1BZTnNmejF6YktqSWhsODJUZXlyOUpubnl3KzJ0VTEyQ05jOU4rekFjNmVGZmUyRjg4RWVjTThDKzNwVENOK29oNTE5MHhIdkkrVFN2WS95OW9VOTVLKzdmOWpqQWRTb0VhS09vQkdoQWJvSHlIcEpFU3RIVlUyRm8rQi9PN1duOUxVUEFBQT0iIENvcnJlbGF0aW9uQmluZGluZz0iIiBVcmxFbmNvZGU9IlRydWUiIC8+DQogICAgICAgIDxGb3JtUG9zdFBhcmFtZXRlciBOYW1lPSJfX1ZJRVdTVEFURSIgVmFsdWU9Int7JEhJRERFTjEuX19WSUVXU1RBVEV9fSIgUmVjb3JkZWRWYWx1ZT0iIiBDb3JyZWxhdGlvbkJpbmRpbmc9IiIgVXJsRW5jb2RlPSJUcnVlIiAvPg0KICAgICAgICA8Rm9ybVBvc3RQYXJhbWV0ZXIgTmFtZT0iX19TQ1JPTExQT1NJVElPTlgiIFZhbHVlPSJ7eyRISURERU4xLl9fU0NST0xMUE9TSVRJT05YfX0iIFJlY29yZGVkVmFsdWU9IjAiIENvcnJlbGF0aW9uQmluZGluZz0iIiBVcmxFbmNvZGU9IlRydWUiIC8+DQogICAgICAgIDxGb3JtUG9zdFBhcmFtZXRlciBOYW1lPSJfX1NDUk9MTFBPU0lUSU9OWSIgVmFsdWU9Int7JEhJRERFTjEuX19TQ1JPTExQT1NJVElPTll9fSIgUmVjb3JkZWRWYWx1ZT0iMCIgQ29ycmVsYXRpb25CaW5kaW5nPSIiIFVybEVuY29kZT0iVHJ1ZSIgLz4NCiAgICAgICAgPEZvcm1Qb3N0UGFyYW1ldGVyIE5hbWU9Il9fVklFV1NUQVRFRU5DUllQVEVEIiBWYWx1ZT0ie3skSElEREVOMS5fX1ZJRVdTVEFURUVOQ1JZUFRFRH19IiBSZWNvcmRlZFZhbHVlPSIiIENvcnJlbGF0aW9uQmluZGluZz0iIiBVcmxFbmNvZGU9IlRydWUiIC8+DQogICAgICAgIDxGb3JtUG9zdFBhcmFtZXRlciBOYW1lPSJfX0VWRU5UVkFMSURBVElPTiIgVmFsdWU9Int7JEhJRERFTjEuX19FVkVOVFZBTElEQVRJT059fSIgUmVjb3JkZWRWYWx1ZT0iMC90ZXVhaHJhcE1Uc0YwK2Y4a1N3K0dONzlGaUlLWjRnSUFQeEdMcUVWdE5ZSUk4a1djL3dmZzVkTEwrQmxhTHNuSjhkc1lvWDY1elhlWUw0Z29EVTVtMWRJS1Z5Y0pNSXA2N0Q5MXZDTE5QOTFrdCs2K1JManJRQVdXZHBtOEVuQTV6VW1xZWx6WUtKZVV0RFJES1VmQ0tTN01IOEpPRm1ac2VvTDk1aEQrZ0ZXVFhYR2hRRUo4eE9MOFVDelRRZHpYOE1mVjhESlR6NFhOVkNidFZmVU9BSk1kTEFmcVo5Z3pzQ1lmSXA2WUlrZ29nRS9DQ2ZWNFRWQy9lSzB3eGNHYngwMzQ2ZVU2OTQzSWo5RlA1N0VjN1pwS3c3QlVvODJoUk0yTUc0VEJ2enBVcGpqZ3o0QXRnZCs2S0NhK0RsTDRla2hOZE8yRUtjTzY0WmxjVjNqV2NwYVdMTHllUDc0Q2VPMGwyMWtkNDFjdnBNSEFUMXB6bkN6Z2Zha0YxNTlNU1Exc0h0QXExcElybTVUaXJ6dXhoamduMTd2WGU0YzllL3BlN3lNL1NQc2IydW5UQ1h1QldtaWM3L0dNcEY3WVgrWVgvcDErUHdJR1FzRzQzdFFaMUF0UHhZQWNURXNtRGpSVGFxamcrNXFjeHVXVGlVUU1PTWNoT2YvQXVwcWdIU09DMDdjRlU4SnRjYmE5dGpUd3kxS1oyanJMVlRkdXhJZjd1QXNnSzZYWG1nTlZMbnpmM1dueDZBdVlLcWkrSjE3UGR5bkp4am15Rk80cDNlYTVUMkNqOGd3Zys4b0hMbGVQY3BIN0l5OXE4MTgzMjFOWmNCdUkwMGZVOGtVbGtNYk44NHl5NXhlYWdwUkxVYWl1K3VrellsMWJZZkN3V2tHUUl1YUlzSS9jb2VsczdSa25SaUtFY2lWMzV4WVp3cXdkTktsZndzRXRkaGtveTVxSjlGYjlGMG0vakdwdTg3WXZkT2NYdUo0dHJzYkVkTFBTK1ZUUkoxUGw4elV5bkF0Qm5qN1JtT0VWbG5IeFhENVNHTXFOV1Q5TjhPeFNlOFdDd21YdGt6Y1BPRjdPcTdYQWdWcFM2NzVUY1FyVjhJQTlkQUs4Z2IyWlBWUUVLNllOTUw2SVl5WVQ4TXphVzNPY21uQmdDMHNQV3FnYWhoNlRmdFpkeGlTdFA0Qmh0T1BWNXJSb2h2U0kwTWhxV2hpUVN5ZkM3YitUdjBuMFg0VlJBVkxyRDhhQ2luSHN6ZlMwYjVrVURFZndweDRDdVdobElYTE1LMTZXK3BhSVF1NmxYOEg3UG92WUR2T2JDSElGMlppQXk1TTdUTkIrS0t0S0ZwK3RMbG9WWEQzbVNpQjdxVWF5QTQ4Nm80SG4zUHRPWFVvbGpiR204QkE2dWJrY1VZczcwNC9ERCt5NVF6UmtFdU5UN3dvek1wcGlVMEtjYXVueURsZFlYTVUzTUpxSXlTWXNaQVNHbG9KRFliWTV3bUpycEFvbmlkUFB6eXEybTRVWE93Um16aFJ0c2RONmdQeHllSVpqN2lrVWlLWE5GUXNVPSIgQ29ycmVsYXRpb25CaW5kaW5nPSIiIFVybEVuY29kZT0iVHJ1ZSIgLz4NCiAgICAgICAgPEZvcm1Qb3N0UGFyYW1ldGVyIE5hbWU9IlNjcmVlbldpZHRoIiBWYWx1ZT0ie3skSElEREVOMS5TY3JlZW5XaWR0aH19IiBSZWNvcmRlZFZhbHVlPSIiIENvcnJlbGF0aW9uQmluZGluZz0iIiBVcmxFbmNvZGU9IlRydWUiIC8+DQogICAgICAgIDxGb3JtUG9zdFBhcmFtZXRlciBOYW1lPSJTY3JlZW5IZWlnaHQiIFZhbHVlPSJ7eyRISURERU4xLlNjcmVlbkhlaWdodH19IiBSZWNvcmRlZFZhbHVlPSIiIENvcnJlbGF0aW9uQmluZGluZz0iIiBVcmxFbmNvZGU9IlRydWUiIC8+DQogICAgICAgIDxGb3JtUG9zdFBhcmFtZXRlciBOYW1lPSJidG5RdWVyeSIgVmFsdWU9IuafpeipoiIgUmVjb3JkZWRWYWx1ZT0i5p+l6KmiIiBDb3JyZWxhdGlvbkJpbmRpbmc9Int7Rm9ybVBvc3RQYXJhbTEzLmJ0blF1ZXJ5fX0iIFVybEVuY29kZT0iVHJ1ZSIgLz4NCiAgICAgICAgPEZvcm1Qb3N0UGFyYW1ldGVyIE5hbWU9ImRkbE9yZ0FuZEZsb3ciIFZhbHVlPSIiIFJlY29yZGVkVmFsdWU9IiIgQ29ycmVsYXRpb25CaW5kaW5nPSIiIFVybEVuY29kZT0iVHJ1ZSIgLz4NCiAgICAgICAgPEZvcm1Qb3N0UGFyYW1ldGVyIE5hbWU9ImRkbFF1ZXJ5Q29uZGl0aW9ucyIgVmFsdWU9IjAiIFJlY29yZGVkVmFsdWU9IjAiIENvcnJlbGF0aW9uQmluZGluZz0ie3tGb3JtUG9zdFBhcmFtMTUuZGRsUXVlcnlDb25kaXRpb25zfX0iIFVybEVuY29kZT0iVHJ1ZSIgLz4NCiAgICAgICAgPEZvcm1Qb3N0UGFyYW1ldGVyIE5hbWU9InR4dE9URW1wSUQiIFZhbHVlPSIxMDIxMTkiIFJlY29yZGVkVmFsdWU9IjEwMjExOSIgQ29ycmVsYXRpb25CaW5kaW5nPSJ7e0Zvcm1Qb3N0UGFyYW0xNC50eHRPVEVtcElEfX0iIFVybEVuY29kZT0iVHJ1ZSIgLz4NCiAgICAgICAgPEZvcm1Qb3N0UGFyYW1ldGVyIE5hbWU9InR4dE9URW1wTmFtZSIgVmFsdWU9IiIgUmVjb3JkZWRWYWx1ZT0iIiBDb3JyZWxhdGlvbkJpbmRpbmc9IiIgVXJsRW5jb2RlPSJUcnVlIiAvPg0KICAgICAgICA8Rm9ybVBvc3RQYXJhbWV0ZXIgTmFtZT0idHh0T1RGb3JtTk8iIFZhbHVlPSIiIFJlY29yZGVkVmFsdWU9IiIgQ29ycmVsYXRpb25CaW5kaW5nPSIiIFVybEVuY29kZT0iVHJ1ZSIgLz4NCiAgICAgICAgPEZvcm1Qb3N0UGFyYW1ldGVyIE5hbWU9ImRkbE9UU3RhdHVzIiBWYWx1ZT0iMSIgUmVjb3JkZWRWYWx1ZT0iMSIgQ29ycmVsYXRpb25CaW5kaW5nPSJ7e0Zvcm1Qb3N0UGFyYW0xNi5kZGxPVFN0YXR1c319IiBVcmxFbmNvZGU9IlRydWUiIC8+DQogICAgICAgIDxGb3JtUG9zdFBhcmFtZXRlciBOYW1lPSJ0eHRPVERhdGVCZWdpbiR0eHREYXRlIiBWYWx1ZT0iIiBSZWNvcmRlZFZhbHVlPSIiIENvcnJlbGF0aW9uQmluZGluZz0iIiBVcmxFbmNvZGU9IlRydWUiIC8+DQogICAgICAgIDxGb3JtUG9zdFBhcmFtZXRlciBOYW1lPSJ0eHRPVERhdGVFbmQkdHh0RGF0ZSIgVmFsdWU9IiIgUmVjb3JkZWRWYWx1ZT0iIiBDb3JyZWxhdGlvbkJpbmRpbmc9IiIgVXJsRW5jb2RlPSJUcnVlIiAvPg0KICAgICAgICA8Rm9ybVBvc3RQYXJhbWV0ZXIgTmFtZT0idWNNb2RhbFBvcHVwMSRDbGllbnRXaWR0aCIgVmFsdWU9Int7JEhJRERFTjEudWNNb2RhbFBvcHVwMSRDbGllbnRXaWR0aH19IiBSZWNvcmRlZFZhbHVlPSIwIiBDb3JyZWxhdGlvbkJpbmRpbmc9IiIgVXJsRW5jb2RlPSJUcnVlIiAvPg0KICAgICAgICA8Rm9ybVBvc3RQYXJhbWV0ZXIgTmFtZT0idWNNb2RhbFBvcHVwMSRDbGllbnRIZWlnaHQiIFZhbHVlPSJ7eyRISURERU4xLnVjTW9kYWxQb3B1cDEkQ2xpZW50SGVpZ2h0fX0iIFJlY29yZGVkVmFsdWU9IjAiIENvcnJlbGF0aW9uQmluZGluZz0iIiBVcmxFbmNvZGU9IlRydWUiIC8+DQogICAgICA8L0Zvcm1Qb3N0SHR0cEJvZHk+DQogICAgPC9SZXF1ZXN0Pg0KICAgIDxSZXF1ZXN0IE1ldGhvZD0iUE9TVCIgR3VpZD0iMmQwNDhlMjctZmNiNC00ZmY1LTg5MzUtNzAyMTgxYjMyMTE3IiBWZXJzaW9uPSIxLjEiIFVybD0iaHR0cDovLzEwLjExLjM2LjExNDo4MDA3L092ZXJUaW1lL092ZXJ0aW1lUHJlT3JkZXIuYXNweCIgVGhpbmtUaW1lPSIxNCIgVGltZW91dD0iMzAwIiBQYXJzZURlcGVuZGVudFJlcXVlc3RzPSJUcnVlIiBGb2xsb3dSZWRpcmVjdHM9IlRydWUiIFJlY29yZFJlc3VsdD0iVHJ1ZSIgQ2FjaGU9IkZhbHNlIiBSZXNwb25zZVRpbWVHb2FsPSIwIiBFbmNvZGluZz0idXRmLTgiIEV4cGVjdGVkSHR0cFN0YXR1c0NvZGU9IjAiIEV4cGVjdGVkUmVzcG9uc2VVcmw9IiIgUmVwb3J0aW5nTmFtZT0iIiBJZ25vcmVIdHRwU3RhdHVzQ29kZT0iRmFsc2UiPg0KICAgICAgPEV4dHJhY3Rpb25SdWxlcz4NCiAgICAgICAgPEV4dHJhY3Rpb25SdWxlIENsYXNzbmFtZT0iTWljcm9zb2Z0LlZpc3VhbFN0dWRpby5UZXN0VG9vbHMuV2ViVGVzdGluZy5SdWxlcy5FeHRyYWN0SGlkZGVuRmllbGRzLCBNaWNyb3NvZnQuVmlzdWFsU3R1ZGlvLlF1YWxpdHlUb29scy5XZWJUZXN0RnJhbWV3b3JrLCBWZXJzaW9uPTEwLjAuMC4wLCBDdWx0dXJlPW5ldXRyYWwsIFB1YmxpY0tleVRva2VuPWIwM2Y1ZjdmMTFkNTBhM2EiIFZhcmlhYmxlTmFtZT0iMSIgRGlzcGxheU5hbWU9IuaTt+WPlumaseiXj+ashOS9jSIgRGVzY3JpcHRpb249IuaTt+WPluWbnuaHieS4reeahOaJgOaciemaseiXj+ashOS9je+8jOS4puWwh+Wug+WAkeaUvuWcqOa4rOippuWFp+WuueS4reOAgiI+DQogICAgICAgICAgPFJ1bGVQYXJhbWV0ZXJzPg0KICAgICAgICAgICAgPFJ1bGVQYXJhbWV0ZXIgTmFtZT0iUmVxdWlyZWQiIFZhbHVlPSJUcnVlIiAvPg0KICAgICAgICAgICAgPFJ1bGVQYXJhbWV0ZXIgTmFtZT0iSHRtbERlY29kZSIgVmFsdWU9IlRydWUiIC8+DQogICAgICAgICAgPC9SdWxlUGFyYW1ldGVycz4NCiAgICAgICAgPC9FeHRyYWN0aW9uUnVsZT4NCiAgICAgIDwvRXh0cmFjdGlvblJ1bGVzPg0KICAgICAgPENvcnJlbGF0aW9uRXh0cmFjdGlvblJ1bGVzPg0KICAgICAgICA8RXh0cmFjdGlvblJ1bGUgQ2xhc3NuYW1lPSJNaWNyb3NvZnQuVmlzdWFsU3R1ZGlvLlRlc3RUb29scy5XZWJUZXN0aW5nLlJ1bGVzLkV4dHJhY3RGb3JtRmllbGQsIE1pY3Jvc29mdC5WaXN1YWxTdHVkaW8uUXVhbGl0eVRvb2xzLldlYlRlc3RGcmFtZXdvcmssIFZlcnNpb249MTAuMC4wLjAsIEN1bHR1cmU9bmV1dHJhbCwgUHVibGljS2V5VG9rZW49YjAzZjVmN2YxMWQ1MGEzYSIgVmFyaWFibGVOYW1lPSJGb3JtUG9zdFBhcmFtNS5idG5EZWxldGVJbnZpc2libGUiIERpc3BsYXlOYW1lPSIiIERlc2NyaXB0aW9uPSIiPg0KICAgICAgICAgIDxSdWxlUGFyYW1ldGVycz4NCiAgICAgICAgICAgIDxSdWxlUGFyYW1ldGVyIE5hbWU9Ik5hbWUiIFZhbHVlPSJidG5EZWxldGVJbnZpc2libGUiIC8+DQogICAgICAgICAgICA8UnVsZVBhcmFtZXRlciBOYW1lPSJIdG1sRGVjb2RlIiBWYWx1ZT0iVHJ1ZSIgLz4NCiAgICAgICAgICAgIDxSdWxlUGFyYW1ldGVyIE5hbWU9IlJlcXVpcmVkIiBWYWx1ZT0iRmFsc2UiIC8+DQogICAgICAgICAgICA8UnVsZVBhcmFtZXRlciBOYW1lPSJJbmRleCIgVmFsdWU9IjAiIC8+DQogICAgICAgICAgPC9SdWxlUGFyYW1ldGVycz4NCiAgICAgICAgPC9FeHRyYWN0aW9uUnVsZT4NCiAgICAgICAgPEV4dHJhY3Rpb25SdWxlIENsYXNzbmFtZT0iTWljcm9zb2Z0LlZpc3VhbFN0dWRpby5UZXN0VG9vbHMuV2ViVGVzdGluZy5SdWxlcy5FeHRyYWN0Rm9ybUZpZWxkLCBNaWNyb3NvZnQuVmlzdWFsU3R1ZGlvLlF1YWxpdHlUb29scy5XZWJUZXN0RnJhbWV3b3JrLCBWZXJzaW9uPTEwLjAuMC4wLCBDdWx0dXJlPW5ldXRyYWwsIFB1YmxpY0tleVRva2VuPWIwM2Y1ZjdmMTFkNTBhM2EiIFZhcmlhYmxlTmFtZT0iRm9ybVBvc3RQYXJhbTYudHh0T1RFbXBJRCIgRGlzcGxheU5hbWU9IiIgRGVzY3JpcHRpb249IiI+DQogICAgICAgICAgPFJ1bGVQYXJhbWV0ZXJzPg0KICAgICAgICAgICAgPFJ1bGVQYXJhbWV0ZXIgTmFtZT0iTmFtZSIgVmFsdWU9InR4dE9URW1wSUQiIC8+DQogICAgICAgICAgICA8UnVsZVBhcmFtZXRlciBOYW1lPSJIdG1sRGVjb2RlIiBWYWx1ZT0iVHJ1ZSIgLz4NCiAgICAgICAgICAgIDxSdWxlUGFyYW1ldGVyIE5hbWU9IlJlcXVpcmVkIiBWYWx1ZT0iRmFsc2UiIC8+DQogICAgICAgICAgICA8UnVsZVBhcmFtZXRlciBOYW1lPSJJbmRleCIgVmFsdWU9IjAiIC8+DQogICAgICAgICAgPC9SdWxlUGFyYW1ldGVycz4NCiAgICAgICAgPC9FeHRyYWN0aW9uUnVsZT4NCiAgICAgICAgPEV4dHJhY3Rpb25SdWxlIENsYXNzbmFtZT0iTWljcm9zb2Z0LlZpc3VhbFN0dWRpby5UZXN0VG9vbHMuV2ViVGVzdGluZy5SdWxlcy5FeHRyYWN0VGV4dCwgTWljcm9zb2Z0LlZpc3VhbFN0dWRpby5RdWFsaXR5VG9vbHMuV2ViVGVzdEZyYW1ld29yaywgVmVyc2lvbj0xMC4wLjAuMCwgQ3VsdHVyZT1uZXV0cmFsLCBQdWJsaWNLZXlUb2tlbj1iMDNmNWY3ZjExZDUwYTNhIiBWYXJpYWJsZU5hbWU9IkZvcm1Qb3N0UGFyYW03LmRkbFF1ZXJ5Q29uZGl0aW9ucyIgRGlzcGxheU5hbWU9IiIgRGVzY3JpcHRpb249IiI+DQogICAgICAgICAgPFJ1bGVQYXJhbWV0ZXJzPg0KICAgICAgICAgICAgPFJ1bGVQYXJhbWV0ZXIgTmFtZT0iU3RhcnRzV2l0aCIgVmFsdWU9InMmcXVvdDs6WyZxdW90OyIgLz4NCiAgICAgICAgICAgIDxSdWxlUGFyYW1ldGVyIE5hbWU9IkVuZHNXaXRoIiBWYWx1ZT0iJnF1b3Q7LCZxdW90OzEmcXVvdDsiIC8+DQogICAgICAgICAgICA8UnVsZVBhcmFtZXRlciBOYW1lPSJJbmRleCIgVmFsdWU9IjAiIC8+DQogICAgICAgICAgICA8UnVsZVBhcmFtZXRlciBOYW1lPSJJZ25vcmVDYXNlIiBWYWx1ZT0iRmFsc2UiIC8+DQogICAgICAgICAgICA8UnVsZVBhcmFtZXRlciBOYW1lPSJVc2VSZWd1bGFyRXhwcmVzc2lvbiIgVmFsdWU9IkZhbHNlIiAvPg0KICAgICAgICAgICAgPFJ1bGVQYXJhbWV0ZXIgTmFtZT0iSHRtbERlY29kZSIgVmFsdWU9IlRydWUiIC8+DQogICAgICAgICAgICA8UnVsZVBhcmFtZXRlciBOYW1lPSJSZXF1aXJlZCIgVmFsdWU9IkZhbHNlIiAvPg0KICAgICAgICAgIDwvUnVsZVBhcmFtZXRlcnM+DQogICAgICAgIDwvRXh0cmFjdGlvblJ1bGU+DQogICAgICAgIDxFeHRyYWN0aW9uUnVsZSBDbGFzc25hbWU9Ik1pY3Jvc29mdC5WaXN1YWxTdHVkaW8uVGVzdFRvb2xzLldlYlRlc3RpbmcuUnVsZXMuRXh0cmFjdFRleHQsIE1pY3Jvc29mdC5WaXN1YWxTdHVkaW8uUXVhbGl0eVRvb2xzLldlYlRlc3RGcmFtZXdvcmssIFZlcnNpb249MTAuMC4wLjAsIEN1bHR1cmU9bmV1dHJhbCwgUHVibGljS2V5VG9rZW49YjAzZjVmN2YxMWQ1MGEzYSIgVmFyaWFibGVOYW1lPSJGb3JtUG9zdFBhcmFtOC5kZGxPVFN0YXR1cyIgRGlzcGxheU5hbWU9IiIgRGVzY3JpcHRpb249IiI+DQogICAgICAgICAgPFJ1bGVQYXJhbWV0ZXJzPg0KICAgICAgICAgICAgPFJ1bGVQYXJhbWV0ZXIgTmFtZT0iU3RhcnRzV2l0aCIgVmFsdWU9IiZxdW90OzAmcXVvdDssJnF1b3Q7IiAvPg0KICAgICAgICAgICAgPFJ1bGVQYXJhbWV0ZXIgTmFtZT0iRW5kc1dpdGgiIFZhbHVlPSImcXVvdDssJnF1b3Q7MiZxdW90OyIgLz4NCiAgICAgICAgICAgIDxSdWxlUGFyYW1ldGVyIE5hbWU9IkluZGV4IiBWYWx1ZT0iMCIgLz4NCiAgICAgICAgICAgIDxSdWxlUGFyYW1ldGVyIE5hbWU9Iklnbm9yZUNhc2UiIFZhbHVlPSJGYWxzZSIgLz4NCiAgICAgICAgICAgIDxSdWxlUGFyYW1ldGVyIE5hbWU9IlVzZVJlZ3VsYXJFeHByZXNzaW9uIiBWYWx1ZT0iRmFsc2UiIC8+DQogICAgICAgICAgICA8UnVsZVBhcmFtZXRlciBOYW1lPSJIdG1sRGVjb2RlIiBWYWx1ZT0iVHJ1ZSIgLz4NCiAgICAgICAgICAgIDxSdWxlUGFyYW1ldGVyIE5hbWU9IlJlcXVpcmVkIiBWYWx1ZT0iRmFsc2UiIC8+DQogICAgICAgICAgPC9SdWxlUGFyYW1ldGVycz4NCiAgICAgICAgPC9FeHRyYWN0aW9uUnVsZT4NCiAgICAgIDwvQ29ycmVsYXRpb25FeHRyYWN0aW9uUnVsZXM+DQogICAgICA8Rm9ybVBvc3RIdHRwQm9keT4NCiAgICAgICAgPEZvcm1Qb3N0UGFyYW1ldGVyIE5hbWU9IlRvb2xraXRTY3JpcHRNYW5hZ2VyMV9IaWRkZW5GaWVsZCIgVmFsdWU9Ijs7QWpheENvbnRyb2xUb29sa2l0LCBWZXJzaW9uPTQuMS43LjYwNywgQ3VsdHVyZT1uZXV0cmFsLCBQdWJsaWNLZXlUb2tlbj0yOGYwMWIwZTg0YjZkNTNlOnpoLUhhbnQ6N2I5NWVkMWEtNmEzZi00MWRkLWJjNWItNjNmMzllZGJjNGI0OmRlMWZlYWIyOmZjZjBlOTkzOmYyYzhlNzA4OjcyMGE1MmJmOmY5Y2VjOWJjOjU4OWVhYTMwOjY5ODEyOWNmOmZiOWI0YzU3OmNjYjk2Y2Y5OmE2N2MyNzAwOjg2MTNhZWE3OjMyMDJhNWEyOmFiMDllM2ZlOjg3MTA0YjdjOmJlNmZiMjk4IiBSZWNvcmRlZFZhbHVlPSI7O0FqYXhDb250cm9sVG9vbGtpdCwgVmVyc2lvbj00LjEuNy42MDcsIEN1bHR1cmU9bmV1dHJhbCwgUHVibGljS2V5VG9rZW49MjhmMDFiMGU4NGI2ZDUzZTp6aC1IYW50OjdiOTVlZDFhLTZhM2YtNDFkZC1iYzViLTYzZjM5ZWRiYzRiNDpkZTFmZWFiMjpmY2YwZTk5MzpmMmM4ZTcwODo3MjBhNTJiZjpmOWNlYzliYzo1ODllYWEzMDo2OTgxMjljZjpmYjliNGM1NzpjY2I5NmNmOTphNjdjMjcwMDo4NjEzYWVhNzozMjAyYTVhMjphYjA5ZTNmZTo4NzEwNGI3YzpiZTZmYjI5OCIgQ29ycmVsYXRpb25CaW5kaW5nPSIiIFVybEVuY29kZT0iVHJ1ZSIgLz4NCiAgICAgICAgPEZvcm1Qb3N0UGFyYW1ldGVyIE5hbWU9Il9fRVZFTlRUQVJHRVQiIFZhbHVlPSJ7eyRISURERU4xLl9fRVZFTlRUQVJHRVR9fSIgUmVjb3JkZWRWYWx1ZT0iIiBDb3JyZWxhdGlvbkJpbmRpbmc9IiIgVXJsRW5jb2RlPSJUcnVlIiAvPg0KICAgICAgICA8Rm9ybVBvc3RQYXJhbWV0ZXIgTmFtZT0iX19FVkVOVEFSR1VNRU5UIiBWYWx1ZT0ie3skSElEREVOMS5fX0VWRU5UQVJHVU1FTlR9fSIgUmVjb3JkZWRWYWx1ZT0iIiBDb3JyZWxhdGlvbkJpbmRpbmc9IiIgVXJsRW5jb2RlPSJUcnVlIiAvPg0KICAgICAgICA8Rm9ybVBvc3RQYXJhbWV0ZXIgTmFtZT0iX19MQVNURk9DVVMiIFZhbHVlPSJ7eyRISURERU4xLl9fTEFTVEZPQ1VTfX0iIFJlY29yZGVkVmFsdWU9IiIgQ29ycmVsYXRpb25CaW5kaW5nPSIiIFVybEVuY29kZT0iVHJ1ZSIgLz4NCiAgICAgICAgPEZvcm1Qb3N0UGFyYW1ldGVyIE5hbWU9Il9fVlNUQVRFIiBWYWx1ZT0ie3skSElEREVOMS5fX1ZTVEFURX19IiBSZWNvcmRlZFZhbHVlPSJBUitMQ0FBQUFBQUFCQURkV0YxdkU5a1pqaDJQWTV3UWh5MTI2YmIxREJMdEpNclhuTEhqZkRVWHhJRVNMV0NhZUxsb0ZsbGp6OEdlWmp5VGVzWUI5d0pScVZsU3lncFdHOWhtcVNxdHRHVS9LQ3NxMUNvRnV1cFA2RVV2ZW8yd0UxLzFKN1RuekljOWpzZDJTRUpXd2xIc00rOTV6M25lNTNuUGVZOTkvdWZ3SFhNU3dVUWlLa3RxVGhhVk9makx2SkNERjJSRm5lWlNpKy9BUWlJUjZDTDg2ZVZ6bkNDZFNLa2lBMDVFTXpDMWVGSVVpWURGeko1SVpSYWpHVmxXWUkwOTFNQWVibUFmYVdDUE5MQ1BOckNQTmJDUDI5c0IwOEFPR3RpdGZOMjYzZmVUL3JhdWRyZmY2NG5GbzNKMmFYYW1JeFkvaFQvZHNmZ01wMEwwRVJleXNDc1duMWM1TmErYzU3S3dFOWxrbFJOeEIzS1BYNVZtWnp5bUEycWNsblBaOHpIdmFWRytFdVVVaU9ZODJ0L1dpZjY5aEh2K3dwbnBkd0RoQmd3THdEamhaeGt3T3N5TURJUEl0V3FUNkdTWUNZYTV4Z0QwVHJoTG56d3NQdnA5YjkvQ2ZFRlJZWFpvQnFhRUxDY09VRmtsSmVkRUlUbEFYWVE1UlpDbHFmQVFnLzhHcUdoZVZQTTVPQ1hCdkpyRHZoZnlTVkZJb2RVUmx4ZWhOSlVjSGVWR1VpTVJNQjRLUTJac3ZCME1NVVJBajA2UERZZkRqSUFJQXdnSElIcXFqM28zYk1FSFZQa0Flejc5cm9hZ1lIemNDb3BSVzRPR2gxa1RGRGQxME1nMTlJNGlzSUF5UThBR05NeUNXcVlBakIwSWFLZ0dsRzBnTDRpTWo0enRCVlNib0FMS1ZrRTE0anRpV2xtallYMk5BaTJuN0k1eUdnWVJkc1FDQ3NJSEJCcXBaY29lQ09ob2JVNFBCblNzQmpTMHN5MnpWOURhZlJwcXVIcFJpZGtMcURhQkNXcmRwOWJWNjNFNmVCL2hSU1VOUFVaR3dtRmZJQkIwejhBbGRYYUdlSnRtR09hbmdLRUh0QVpqYVFUZml1WFN1RnFmRlJRVk5UbFV6d2tuVFFlN0V4ZTROSnhWY0VFL0s2Y3pRYjloK0ZrZTVncnphazZRMHByZHJaOGRKdVBnY2NQdlpGNlZUeTR0aVlWVDJTVGtzUzJxS0ZHUlU1UjBrRFo4OERHa292LzVGRHJOUlhTTUN5cXE1REhKUE5EVFFhOU9BVWNJZzUyV1dJbXZ1aFVvd3BSS3pjek94MmZQUitOVUNoMDRGSFVsQXlVcUZtYUczbDB5K0ZDQ1FrbXlTa2w1VWFUVSttNG9vbkUwVFVHSnB6Z0ZkMWI2QmdRRmorckZBMHdUVGZjWmJxYkZDaHhxRGh4cUJoeXlBUTdWQTRkc2dkbm13R3d6WU5ZR21LMEhabTJCUVhOZ1VBZmNxNDNXQnpjZDIydGt1T3B5T1NkbktYaG03dHo4ekhSaU5qNDNNN1RBSitWTFF3dWFnL0FyRHE4ZnZFUXU0Zmx6a0RJR1RsbUIrclF3ZFBwOUZRMkFSUU1MUFJ4aVkzSjEzRXoxUUsxNlZaQUdFTTBVYkphNStzUlpBallUaDB4Tm5HeEN0bGtETnV2UmZtL2dGd2Fka2E5STIxRTEwaFpCTmZwVnBscExaL2hpYmUzRjJuV2E2cTk2OTlPRGRPVVJmeGZGSXRoRXIvc0JpNk1OSDkySnRYTUtiWE1LMlRtRnR6bUZyVTUyS21nQnY4THlqVkVpdkt4U3Y1QUZhYWNqd2d3bDQ5V0VZcG1UUlJpVmVUaEZoeG1hNHRCaXNVUk1UY1VxelZjR0NSa2dJU3RJeUFRSjdROElhNEN3VmhEV0JHSDNCd1FZSU1BS0Frd1FzRDhnQm9ZVmdxRTFBTnY1amFKVnJUaW9DT0pOSE12eE1FY2xDOVpUeDNJT1dDcXpwY1JVZGowVjdFQXQ3ZFQwbUY4RmdqN3pESVlxRitmU1NqcmdkTGI3K01CUjlPNExPTkY1ZjFaSVo5UnArZXAwRG5LTHB5UXVLVUkrd3dlY2w1R1h5K25RdkRvdUNvcUFPakk4N3lRMGl5c09yNnJFc2EzMXU1dDMzbis1OGVpL3oyOXRQZnpkNWhjZkZMOVplWEg5QWZMN0VmWWpEeE5kcGNjYlczKzVVNzU1ZmV2VFc4amVaOWg5TDU4K0xkNjh2L1hrUnVucEhUUVA2aG8wdXZ5b0M5dnZicFErK3FSMDQ3ZWJhMTlzZnY0aGNoajJHWUZoRWowOEgzQmM1cDNBTkxxeDBSZndCTHZSNzFydUlpZm00V2tCaWp6aHdpa0pIc1pXSExadTlHQWozcS9CenNSeDNEVXQ1eVUrSGV5b2FORGpkeDRaUkM5RXJQeHJGTW9OL0JEUXYxSU5ib3ZlNzJ4ejZ6MUgrOXVkNmJRV0dhR0ZRM2JyQVpDK0tpYlpreWFQN0FOQ3grNFJBRE80ZGUrcjhzcWZOeC9jTHE1K2lRUTJFWUFWSVdTcTZ6SFVSV0RlNnZwRWtJZHJxbDhGMTFHUDYzZTBvWmtkMjhUeFZwZjQ3bWZycU03RzduMjJRK1pzblpiemJmZlRqV29yMXFsdEtMenR2R2pKNGFzWC9LMmJVNG11QW5xOU4zenUzSHZEUEIvMEp1WlZMcWRxVnpOdC94UnUzZi8zdnp4QlQrS1V4QnVtYVJmNTZEOGVOTVdzTWdjNVBpYUpoUXh5aU11eUdCZVdpTUdGOHJNL2xqNjZlWWtxZnZpOGVQdGg2ZU0vbGU2L2ovYm5Rdm4rdW1ZdmJheVUxejhycm54ZS9QcnYraDdINFRrUVp4N3ZkVmxLaVVKcWtmajV1Nm9nSnFLWlJWUWM0bkk2TFVLdENnaWlvQlo2YWZXcXF0OGZUY08wSUNWU21jVnFMejFBYmUvbmhXVzh4MDZpSWtQM1RmSm9MenR4R1NFVXRTQkNnbHlHT1ZWSWNlSWdKd3BwYVVLVmx5YVhLOU5OVEZZTDBlNVlvcEZlV2VLVG9zNnNXODBJeXRBeUxoQlRORDNKbzZRRTNFRzNiVG9PMVdYakRDNFJOY2s0ZzljZlNpdjVWdTFnOGp1VkRKSkhLNWtqL1JreXNOYzBrZDhsTHU0c1B5aldKdG5CdmZhNUlZL3RPQzNrOTE0NUgrVGI5bGtndjc5TndoOVVaQ2QvYU5GN0hOOXJIbWx2OHdWY2FCdmlFajZyd213VWxYRFYyY2s3ZWdKdCtLOEwvVXB2MDh2WE1TMVVWL0FRL3NVWmxVVTU1LzNNRVhRbGpzOVBPejM0UEhRYTh1cEhrQVB3dkg1RW9vZTZxMEZOSGY4Vk9jY1BKdkd4T2FHOUk1VkVSTU5sakRKKzZKdEhKcmJvbzVIRmJWZzZpcy91eFRhLytaTFhWNURtVkZ6NTI4dG45NURGWXg2SHRsZW9QQzVUdW9QMThoR1p2WVlaM3krZ3gwNXo0aDlMU1dWcFVrc3ZsbzFFQXBDVUxYbldobnpsaXZKMWt1OHFyM3hRdkxOYWZMeGErblRWVmdMcnJlc2VKR2h2SlVISVRnTHp3dlIxU2hBb1BubU1kczl3NlErcnhhZDNVV3Z6cjNlS0cwL3F4ZGgyUjdwZERPTzIxQ29HTXdSc3hYQzFFaU5zSndaN0FKdmhXeENEYUNYR1NKMFlsaXU2WFl1aDNWNWJ4U2cvK0RwV1h2L0h0eXVHdTVVWWtYb3hxaGZmcjdkTVhuKytlZnVSSGZtYXk5Y2E4dFZyMkozVWlJNVc1RWR0VndMN1JwRDN0Q0kvWmxzVDNnenloMXFSSDdjakh6cUFBL0lBeUh0YmtIY0N4cGI5bTdIcE8xdXlyLzltdUQvMW54bXJZVjllZnhMYlhQdk53Ykx2MGl4ZCtKNW5VcU9OUXVZMVRvZDVRVmtTdWNLRUpFdHdrdjgvZ2Iwc2RhVWhBQUE9IiBDb3JyZWxhdGlvbkJpbmRpbmc9IiIgVXJsRW5jb2RlPSJUcnVlIiAvPg0KICAgICAgICA8Rm9ybVBvc3RQYXJhbWV0ZXIgTmFtZT0iX19WSUVXU1RBVEUiIFZhbHVlPSJ7eyRISURERU4xLl9fVklFV1NUQVRFfX0iIFJlY29yZGVkVmFsdWU9IiIgQ29ycmVsYXRpb25CaW5kaW5nPSIiIFVybEVuY29kZT0iVHJ1ZSIgLz4NCiAgICAgICAgPEZvcm1Qb3N0UGFyYW1ldGVyIE5hbWU9Il9fU0NST0xMUE9TSVRJT05YIiBWYWx1ZT0ie3skSElEREVOMS5fX1NDUk9MTFBPU0lUSU9OWH19IiBSZWNvcmRlZFZhbHVlPSIwIiBDb3JyZWxhdGlvbkJpbmRpbmc9IiIgVXJsRW5jb2RlPSJUcnVlIiAvPg0KICAgICAgICA8Rm9ybVBvc3RQYXJhbWV0ZXIgTmFtZT0iX19TQ1JPTExQT1NJVElPTlkiIFZhbHVlPSJ7eyRISURERU4xLl9fU0NST0xMUE9TSVRJT05ZfX0iIFJlY29yZGVkVmFsdWU9IjAiIENvcnJlbGF0aW9uQmluZGluZz0iIiBVcmxFbmNvZGU9IlRydWUiIC8+DQogICAgICAgIDxGb3JtUG9zdFBhcmFtZXRlciBOYW1lPSJfX1ZJRVdTVEFURUVOQ1JZUFRFRCIgVmFsdWU9Int7JEhJRERFTjEuX19WSUVXU1RBVEVFTkNSWVBURUR9fSIgUmVjb3JkZWRWYWx1ZT0iIiBDb3JyZWxhdGlvbkJpbmRpbmc9IiIgVXJsRW5jb2RlPSJUcnVlIiAvPg0KICAgICAgICA8Rm9ybVBvc3RQYXJhbWV0ZXIgTmFtZT0iX19FVkVOVFZBTElEQVRJT04iIFZhbHVlPSJ7eyRISURERU4xLl9fRVZFTlRWQUxJREFUSU9OfX0iIFJlY29yZGVkVmFsdWU9ImpTNjV0RTJMZkRZd3FzaXI5TythYmZMSVRSL1RHMTFYTlV4Z3FhY0FjZ0xiaTdnVVBGUHkxR1dFY08rMFVkUm11TGZ1ZERCZmNIVE8xZTZUODMwd0Z4OG0xREZoaFBZUUMwS3hKK1ZBK2NxY3JXMmlZakl2M2VTZXF4OXV0QmlNTzBkUGlYTzlkUVZBc0lWempRYWM4ZS8wdnd6T21ubnJiZ01wSERaN3lBKzRaUWRjdGlhTFJ5eVpGaktoSG5WU3J6Vis0cVlSZHZpZVFobk5vcGgyc3hoZXRvU0drQW94YW1GbXcwc09ZSEJhYXlFY1pmNUNtbUcvV0NrM1F3c0JIbUVGSFJFVXltdk45TTl3TG42b0hGdFBTZnl0eHBwSXVtT29LUWw5eHB0UCtWcWIzTXVzWTlCTXZKZTkrb1pyQzBrWUVKYytGT2JBbkt6NXZMRlNJS3ltWDBwNHZtQjg1Wjl4aUI4M2RsVnQwVnBBVkJYN2ZaV0VHQWlTTGIxdHpHUC9UbHM3bVMrYUhXTG5zOHBSTWZ5SlF3cVdZNXQ4T3NsSlVZMWxGMG1uNm9XTXZzMlQvYk5UWVJEVXNsL2pjd0pJQjEwd1F2a1lLZ3ZNTHluZXJlQ2pjZnZzQ3Y2K0lZejAzZmduOHVIcHJSa3J0VC9WVEkzT1BLblhHYTVPdW9FM254NkN5N09PM3hxSm9sejZGRW50UTAxbTFXbkRZTWtvNXd0OWxZd2N5b1M3dll5TlF5NkNjQmZkRlp4K2g5VUJzSVFacXdoUXRmVlQ3ZE1OVk9BQWNXUytkQzhUbmtXdDVGbEhiektUVHhsZlU1S0dDdFdQUFI1OTd3cnFaRUg4NnB1RFowKytlR3YrelgyMHh5ajE3aGIya3FJSjJvejdIUFZsWlJyS0lLLzF1V095ekx2SnVnYUEzanRibXErQ0lXRUpwcjJibFpMc2JDanZKajRsSXJJNlVHNVU1NDQ1c2ppMHBRZ3pWM2E0NTFqcmpheTNtYkxoZjloS1NpSmxzZWx3Q2g3d1VmWVBvazJGcTRLOG4zbmpHQXVjWmR1Wi9VK3Z6NDN5SENwWjV5WmpHQldkdUhjcnR5QXdMQnh6Tm4vOUtEM1VHU3dZTmxhQXBhTHp1WXU4cHJld3MwQ28vY2k5akFWYS9PZmZFU1RXRStZWWNzMm9KNkYycWxCWDRlaldUTjg4Zmc3citvMDVqb0QxdWZ1MU1jVXQveHRCWDNYQkFoOXJDWVNyNjZxMU1zWUdyUUcxcHMvNlVwSUx0RkVMTWdmK1pzVk5lTEhtWGFURVNvN25tSm45NXMvbyt4dDMrekpEVWpEdlkrcWJIT2Rud1pDWEdJZ211bUFLbmFPRG5SMmJPcXhqY2FsWEZwVUZmSktvZDk4NE9TUXRlT2VRNTFlMHdaRmc2TEhmV0htaWNISWwzUW4zcEJGS0VKT1BtZ3pBcThkNzZmckVHZWZPQ1BabUZUa1NtMUVJK0taa3ArN21KRmVJZlZyQ2RnSU41WjBQMDhlS1loME5OOVkwM0xwR1FRMDJkaWFPWnliVkMvVnJPcHdFQmpnUlptcmM4dXh1REQ3SExvMmhZdEk5dUtzMS9wbVg0c05yUjZTOWliMmtZQ2RkS1l1eDM4QXR2YjZyR3VmbDFadjMwWStmRDR6dGJqQ0laUFhVUzVHR3c0a1ZlaHRoa0MyaGF4YWlIeE00dFkweTdQbmYrc3QwY0ZLYjlBWk41VVU2YjNjNmhDbWpWMkduMkgzRUVFN2pobDY3QTlCZWdSL2p5ZkY1RWZJWUtFVld6cWlEV29TbEwxY3pXb3hNV25PL0hMVmZHdzdxbmEzWFFiNXNpb1U2TVZ5YXh2MC9xelRuUTZHVnk2ZGVlV2YwRGVpY3dxdnkrN0hPTVpFQUREb1AvalArZnZaUDRneUE0YlhTRTJTNzVMWXkxQldka3NFSWJUMjBWTEl4eFBwSmV2M1FQalZ3MkVTTzJmakRLdVd6dGNWN1hUTmN2NEZUTEphTlVTbHA0c2ZQeVVOczFGam11T3QwcnF2eGZ5UFd5ckhsUUxhTm0wb1FySUxWRzBkUFFtRG5TYkZvUUpxWGtsRGYreVRUMlJnY2Qra1NMajFzcTQwSTF5L1VmOHkwem1vdUIvazdFTDJrVk1HRTU2bXFVTExMZ3pXREpPRGRjaVFMb2FPc05rcUl0b0JISGxJMGJBPT0iIENvcnJlbGF0aW9uQmluZGluZz0iIiBVcmxFbmNvZGU9IlRydWUiIC8+DQogICAgICAgIDxGb3JtUG9zdFBhcmFtZXRlciBOYW1lPSJTY3JlZW5XaWR0aCIgVmFsdWU9Int7JEhJRERFTjEuU2NyZWVuV2lkdGh9fSIgUmVjb3JkZWRWYWx1ZT0iIiBDb3JyZWxhdGlvbkJpbmRpbmc9IiIgVXJsRW5jb2RlPSJUcnVlIiAvPg0KICAgICAgICA8Rm9ybVBvc3RQYXJhbWV0ZXIgTmFtZT0iU2NyZWVuSGVpZ2h0IiBWYWx1ZT0ie3skSElEREVOMS5TY3JlZW5IZWlnaHR9fSIgUmVjb3JkZWRWYWx1ZT0iIiBDb3JyZWxhdGlvbkJpbmRpbmc9IiIgVXJsRW5jb2RlPSJUcnVlIiAvPg0KICAgICAgICA8Rm9ybVBvc3RQYXJhbWV0ZXIgTmFtZT0iYnRuRGVsZXRlIiBWYWx1ZT0i5Yiq6ZmkIiBSZWNvcmRlZFZhbHVlPSLliKrpmaQiIENvcnJlbGF0aW9uQmluZGluZz0ie3tGb3JtUG9zdFBhcmFtOS5idG5EZWxldGV9fSIgVXJsRW5jb2RlPSJUcnVlIiAvPg0KICAgICAgICA8Rm9ybVBvc3RQYXJhbWV0ZXIgTmFtZT0iZGRsT3JnQW5kRmxvdyIgVmFsdWU9IiIgUmVjb3JkZWRWYWx1ZT0iIiBDb3JyZWxhdGlvbkJpbmRpbmc9IiIgVXJsRW5jb2RlPSJUcnVlIiAvPg0KICAgICAgICA8Rm9ybVBvc3RQYXJhbWV0ZXIgTmFtZT0iZGRsUXVlcnlDb25kaXRpb25zIiBWYWx1ZT0iMCIgUmVjb3JkZWRWYWx1ZT0iMCIgQ29ycmVsYXRpb25CaW5kaW5nPSJ7e0Zvcm1Qb3N0UGFyYW0xMS5kZGxRdWVyeUNvbmRpdGlvbnN9fSIgVXJsRW5jb2RlPSJUcnVlIiAvPg0KICAgICAgICA8Rm9ybVBvc3RQYXJhbWV0ZXIgTmFtZT0idHh0T1RFbXBJRCIgVmFsdWU9IjEwMjExOSIgUmVjb3JkZWRWYWx1ZT0iMTAyMTE5IiBDb3JyZWxhdGlvbkJpbmRpbmc9Int7Rm9ybVBvc3RQYXJhbTEwLnR4dE9URW1wSUR9fSIgVXJsRW5jb2RlPSJUcnVlIiAvPg0KICAgICAgICA8Rm9ybVBvc3RQYXJhbWV0ZXIgTmFtZT0idHh0T1RFbXBOYW1lIiBWYWx1ZT0iIiBSZWNvcmRlZFZhbHVlPSIiIENvcnJlbGF0aW9uQmluZGluZz0iIiBVcmxFbmNvZGU9IlRydWUiIC8+DQogICAgICAgIDxGb3JtUG9zdFBhcmFtZXRlciBOYW1lPSJ0eHRPVEZvcm1OTyIgVmFsdWU9IiIgUmVjb3JkZWRWYWx1ZT0iIiBDb3JyZWxhdGlvbkJpbmRpbmc9IiIgVXJsRW5jb2RlPSJUcnVlIiAvPg0KICAgICAgICA8Rm9ybVBvc3RQYXJhbWV0ZXIgTmFtZT0iZGRsT1RTdGF0dXMiIFZhbHVlPSIxIiBSZWNvcmRlZFZhbHVlPSIxIiBDb3JyZWxhdGlvbkJpbmRpbmc9Int7Rm9ybVBvc3RQYXJhbTEyLmRkbE9UU3RhdHVzfX0iIFVybEVuY29kZT0iVHJ1ZSIgLz4NCiAgICAgICAgPEZvcm1Qb3N0UGFyYW1ldGVyIE5hbWU9InR4dE9URGF0ZUJlZ2luJHR4dERhdGUiIFZhbHVlPSIiIFJlY29yZGVkVmFsdWU9IiIgQ29ycmVsYXRpb25CaW5kaW5nPSIiIFVybEVuY29kZT0iVHJ1ZSIgLz4NCiAgICAgICAgPEZvcm1Qb3N0UGFyYW1ldGVyIE5hbWU9InR4dE9URGF0ZUVuZCR0eHREYXRlIiBWYWx1ZT0iIiBSZWNvcmRlZFZhbHVlPSIiIENvcnJlbGF0aW9uQmluZGluZz0iIiBVcmxFbmNvZGU9IlRydWUiIC8+DQogICAgICAgIDxGb3JtUG9zdFBhcmFtZXRlciBOYW1lPSJndk1haW4kY3RsMDIkY2hrQ2hvb3NlIiBWYWx1ZT0ib24iIFJlY29yZGVkVmFsdWU9Im9uIiBDb3JyZWxhdGlvbkJpbmRpbmc9IiIgVXJsRW5jb2RlPSJUcnVlIiAvPg0KICAgICAgICA8Rm9ybVBvc3RQYXJhbWV0ZXIgTmFtZT0idWNNb2RhbFBvcHVwMSRDbGllbnRXaWR0aCIgVmFsdWU9Int7JEhJRERFTjEudWNNb2RhbFBvcHVwMSRDbGllbnRXaWR0aH19IiBSZWNvcmRlZFZhbHVlPSIwIiBDb3JyZWxhdGlvbkJpbmRpbmc9IiIgVXJsRW5jb2RlPSJUcnVlIiAvPg0KICAgICAgICA8Rm9ybVBvc3RQYXJhbWV0ZXIgTmFtZT0idWNNb2RhbFBvcHVwMSRDbGllbnRIZWlnaHQiIFZhbHVlPSJ7eyRISURERU4xLnVjTW9kYWxQb3B1cDEkQ2xpZW50SGVpZ2h0fX0iIFJlY29yZGVkVmFsdWU9IjAiIENvcnJlbGF0aW9uQmluZGluZz0iIiBVcmxFbmNvZGU9IlRydWUiIC8+DQogICAgICA8L0Zvcm1Qb3N0SHR0cEJvZHk+DQogICAgPC9SZXF1ZXN0Pg0KICAgIDxSZXF1ZXN0IE1ldGhvZD0iUE9TVCIgR3VpZD0iZTg1MmZmNjctYzY3ZC00NDJhLWIyY2QtMmUzYzhmMjlhODRlIiBWZXJzaW9uPSIxLjEiIFVybD0iaHR0cDovLzEwLjExLjM2LjExNDo4MDA3L092ZXJUaW1lL092ZXJ0aW1lUHJlT3JkZXIuYXNweCIgVGhpbmtUaW1lPSI2IiBUaW1lb3V0PSIzMDAiIFBhcnNlRGVwZW5kZW50UmVxdWVzdHM9IlRydWUiIEZvbGxvd1JlZGlyZWN0cz0iVHJ1ZSIgUmVjb3JkUmVzdWx0PSJUcnVlIiBDYWNoZT0iRmFsc2UiIFJlc3BvbnNlVGltZUdvYWw9IjAiIEVuY29kaW5nPSJ1dGYtOCIgRXhwZWN0ZWRIdHRwU3RhdHVzQ29kZT0iMCIgRXhwZWN0ZWRSZXNwb25zZVVybD0iIiBSZXBvcnRpbmdOYW1lPSIiIElnbm9yZUh0dHBTdGF0dXNDb2RlPSJGYWxzZSI+DQogICAgICA8RXh0cmFjdGlvblJ1bGVzPg0KICAgICAgICA8RXh0cmFjdGlvblJ1bGUgQ2xhc3NuYW1lPSJNaWNyb3NvZnQuVmlzdWFsU3R1ZGlvLlRlc3RUb29scy5XZWJUZXN0aW5nLlJ1bGVzLkV4dHJhY3RIaWRkZW5GaWVsZHMsIE1pY3Jvc29mdC5WaXN1YWxTdHVkaW8uUXVhbGl0eVRvb2xzLldlYlRlc3RGcmFtZXdvcmssIFZlcnNpb249MTAuMC4wLjAsIEN1bHR1cmU9bmV1dHJhbCwgUHVibGljS2V5VG9rZW49YjAzZjVmN2YxMWQ1MGEzYSIgVmFyaWFibGVOYW1lPSIxIiBEaXNwbGF5TmFtZT0i5pO35Y+W6Zqx6JeP5qyE5L2NIiBEZXNjcmlwdGlvbj0i5pO35Y+W5Zue5oeJ5Lit55qE5omA5pyJ6Zqx6JeP5qyE5L2N77yM5Lim5bCH5a6D5YCR5pS+5Zyo5ris6Kmm5YWn5a655Lit44CCIj4NCiAgICAgICAgICA8UnVsZVBhcmFtZXRlcnM+DQogICAgICAgICAgICA8UnVsZVBhcmFtZXRlciBOYW1lPSJSZXF1aXJlZCIgVmFsdWU9IlRydWUiIC8+DQogICAgICAgICAgICA8UnVsZVBhcmFtZXRlciBOYW1lPSJIdG1sRGVjb2RlIiBWYWx1ZT0iVHJ1ZSIgLz4NCiAgICAgICAgICA8L1J1bGVQYXJhbWV0ZXJzPg0KICAgICAgICA8L0V4dHJhY3Rpb25SdWxlPg0KICAgICAgPC9FeHRyYWN0aW9uUnVsZXM+DQogICAgICA8Q29ycmVsYXRpb25FeHRyYWN0aW9uUnVsZXM+DQogICAgICAgIDxFeHRyYWN0aW9uUnVsZSBDbGFzc25hbWU9Ik1pY3Jvc29mdC5WaXN1YWxTdHVkaW8uVGVzdFRvb2xzLldlYlRlc3RpbmcuUnVsZXMuRXh0cmFjdEZvcm1GaWVsZCwgTWljcm9zb2Z0LlZpc3VhbFN0dWRpby5RdWFsaXR5VG9vbHMuV2ViVGVzdEZyYW1ld29yaywgVmVyc2lvbj0xMC4wLjAuMCwgQ3VsdHVyZT1uZXV0cmFsLCBQdWJsaWNLZXlUb2tlbj1iMDNmNWY3ZjExZDUwYTNhIiBWYXJpYWJsZU5hbWU9IkZvcm1Qb3N0UGFyYW0xLmJ0blF1ZXJ5IiBEaXNwbGF5TmFtZT0iIiBEZXNjcmlwdGlvbj0iIj4NCiAgICAgICAgICA8UnVsZVBhcmFtZXRlcnM+DQogICAgICAgICAgICA8UnVsZVBhcmFtZXRlciBOYW1lPSJOYW1lIiBWYWx1ZT0iYnRuUXVlcnkiIC8+DQogICAgICAgICAgICA8UnVsZVBhcmFtZXRlciBOYW1lPSJIdG1sRGVjb2RlIiBWYWx1ZT0iVHJ1ZSIgLz4NCiAgICAgICAgICAgIDxSdWxlUGFyYW1ldGVyIE5hbWU9IlJlcXVpcmVkIiBWYWx1ZT0iRmFsc2UiIC8+DQogICAgICAgICAgICA8UnVsZVBhcmFtZXRlciBOYW1lPSJJbmRleCIgVmFsdWU9IjAiIC8+DQogICAgICAgICAgPC9SdWxlUGFyYW1ldGVycz4NCiAgICAgICAgPC9FeHRyYWN0aW9uUnVsZT4NCiAgICAgICAgPEV4dHJhY3Rpb25SdWxlIENsYXNzbmFtZT0iTWljcm9zb2Z0LlZpc3VhbFN0dWRpby5UZXN0VG9vbHMuV2ViVGVzdGluZy5SdWxlcy5FeHRyYWN0Rm9ybUZpZWxkLCBNaWNyb3NvZnQuVmlzdWFsU3R1ZGlvLlF1YWxpdHlUb29scy5XZWJUZXN0RnJhbWV3b3JrLCBWZXJzaW9uPTEwLjAuMC4wLCBDdWx0dXJlPW5ldXRyYWwsIFB1YmxpY0tleVRva2VuPWIwM2Y1ZjdmMTFkNTBhM2EiIFZhcmlhYmxlTmFtZT0iRm9ybVBvc3RQYXJhbTIudHh0T1RFbXBJRCIgRGlzcGxheU5hbWU9IiIgRGVzY3JpcHRpb249IiI+DQogICAgICAgICAgPFJ1bGVQYXJhbWV0ZXJzPg0KICAgICAgICAgICAgPFJ1bGVQYXJhbWV0ZXIgTmFtZT0iTmFtZSIgVmFsdWU9InR4dE9URW1wSUQiIC8+DQogICAgICAgICAgICA8UnVsZVBhcmFtZXRlciBOYW1lPSJIdG1sRGVjb2RlIiBWYWx1ZT0iVHJ1ZSIgLz4NCiAgICAgICAgICAgIDxSdWxlUGFyYW1ldGVyIE5hbWU9IlJlcXVpcmVkIiBWYWx1ZT0iRmFsc2UiIC8+DQogICAgICAgICAgICA8UnVsZVBhcmFtZXRlciBOYW1lPSJJbmRleCIgVmFsdWU9IjAiIC8+DQogICAgICAgICAgPC9SdWxlUGFyYW1ldGVycz4NCiAgICAgICAgPC9FeHRyYWN0aW9uUnVsZT4NCiAgICAgICAgPEV4dHJhY3Rpb25SdWxlIENsYXNzbmFtZT0iTWljcm9zb2Z0LlZpc3VhbFN0dWRpby5UZXN0VG9vbHMuV2ViVGVzdGluZy5SdWxlcy5FeHRyYWN0VGV4dCwgTWljcm9zb2Z0LlZpc3VhbFN0dWRpby5RdWFsaXR5VG9vbHMuV2ViVGVzdEZyYW1ld29yaywgVmVyc2lvbj0xMC4wLjAuMCwgQ3VsdHVyZT1uZXV0cmFsLCBQdWJsaWNLZXlUb2tlbj1iMDNmNWY3ZjExZDUwYTNhIiBWYXJpYWJsZU5hbWU9IkZvcm1Qb3N0UGFyYW0zLmRkbFF1ZXJ5Q29uZGl0aW9ucyIgRGlzcGxheU5hbWU9IiIgRGVzY3JpcHRpb249IiI+DQogICAgICAgICAgPFJ1bGVQYXJhbWV0ZXJzPg0KICAgICAgICAgICAgPFJ1bGVQYXJhbWV0ZXIgTmFtZT0iU3RhcnRzV2l0aCIgVmFsdWU9InMmcXVvdDs6WyZxdW90OyIgLz4NCiAgICAgICAgICAgIDxSdWxlUGFyYW1ldGVyIE5hbWU9IkVuZHNXaXRoIiBWYWx1ZT0iJnF1b3Q7LCZxdW90OzEmcXVvdDsiIC8+DQogICAgICAgICAgICA8UnVsZVBhcmFtZXRlciBOYW1lPSJJbmRleCIgVmFsdWU9IjAiIC8+DQogICAgICAgICAgICA8UnVsZVBhcmFtZXRlciBOYW1lPSJJZ25vcmVDYXNlIiBWYWx1ZT0iRmFsc2UiIC8+DQogICAgICAgICAgICA8UnVsZVBhcmFtZXRlciBOYW1lPSJVc2VSZWd1bGFyRXhwcmVzc2lvbiIgVmFsdWU9IkZhbHNlIiAvPg0KICAgICAgICAgICAgPFJ1bGVQYXJhbWV0ZXIgTmFtZT0iSHRtbERlY29kZSIgVmFsdWU9IlRydWUiIC8+DQogICAgICAgICAgICA8UnVsZVBhcmFtZXRlciBOYW1lPSJSZXF1aXJlZCIgVmFsdWU9IkZhbHNlIiAvPg0KICAgICAgICAgIDwvUnVsZVBhcmFtZXRlcnM+DQogICAgICAgIDwvRXh0cmFjdGlvblJ1bGU+DQogICAgICAgIDxFeHRyYWN0aW9uUnVsZSBDbGFzc25hbWU9Ik1pY3Jvc29mdC5WaXN1YWxTdHVkaW8uVGVzdFRvb2xzLldlYlRlc3RpbmcuUnVsZXMuRXh0cmFjdFRleHQsIE1pY3Jvc29mdC5WaXN1YWxTdHVkaW8uUXVhbGl0eVRvb2xzLldlYlRlc3RGcmFtZXdvcmssIFZlcnNpb249MTAuMC4wLjAsIEN1bHR1cmU9bmV1dHJhbCwgUHVibGljS2V5VG9rZW49YjAzZjVmN2YxMWQ1MGEzYSIgVmFyaWFibGVOYW1lPSJGb3JtUG9zdFBhcmFtNC5kZGxPVFN0YXR1cyIgRGlzcGxheU5hbWU9IiIgRGVzY3JpcHRpb249IiI+DQogICAgICAgICAgPFJ1bGVQYXJhbWV0ZXJzPg0KICAgICAgICAgICAgPFJ1bGVQYXJhbWV0ZXIgTmFtZT0iU3RhcnRzV2l0aCIgVmFsdWU9IiZxdW90OzQmcXVvdDssJnF1b3Q7IiAvPg0KICAgICAgICAgICAgPFJ1bGVQYXJhbWV0ZXIgTmFtZT0iRW5kc1dpdGgiIFZhbHVlPSImcXVvdDssJnF1b3Q7NiZxdW90OyIgLz4NCiAgICAgICAgICAgIDxSdWxlUGFyYW1ldGVyIE5hbWU9IkluZGV4IiBWYWx1ZT0iMCIgLz4NCiAgICAgICAgICAgIDxSdWxlUGFyYW1ldGVyIE5hbWU9Iklnbm9yZUNhc2UiIFZhbHVlPSJGYWxzZSIgLz4NCiAgICAgICAgICAgIDxSdWxlUGFyYW1ldGVyIE5hbWU9IlVzZVJlZ3VsYXJFeHByZXNzaW9uIiBWYWx1ZT0iRmFsc2UiIC8+DQogICAgICAgICAgICA8UnVsZVBhcmFtZXRlciBOYW1lPSJIdG1sRGVjb2RlIiBWYWx1ZT0iVHJ1ZSIgLz4NCiAgICAgICAgICAgIDxSdWxlUGFyYW1ldGVyIE5hbWU9IlJlcXVpcmVkIiBWYWx1ZT0iRmFsc2UiIC8+DQogICAgICAgICAgPC9SdWxlUGFyYW1ldGVycz4NCiAgICAgICAgPC9FeHRyYWN0aW9uUnVsZT4NCiAgICAgIDwvQ29ycmVsYXRpb25FeHRyYWN0aW9uUnVsZXM+DQogICAgICA8Rm9ybVBvc3RIdHRwQm9keT4NCiAgICAgICAgPEZvcm1Qb3N0UGFyYW1ldGVyIE5hbWU9IlRvb2xraXRTY3JpcHRNYW5hZ2VyMV9IaWRkZW5GaWVsZCIgVmFsdWU9Int7JEhJRERFTjEuVG9vbGtpdFNjcmlwdE1hbmFnZXIxX0hpZGRlbkZpZWxkfX0iIFJlY29yZGVkVmFsdWU9IiIgQ29ycmVsYXRpb25CaW5kaW5nPSIiIFVybEVuY29kZT0iVHJ1ZSIgLz4NCiAgICAgICAgPEZvcm1Qb3N0UGFyYW1ldGVyIE5hbWU9Il9fRVZFTlRUQVJHRVQiIFZhbHVlPSJ7eyRISURERU4xLl9fRVZFTlRUQVJHRVR9fSIgUmVjb3JkZWRWYWx1ZT0iIiBDb3JyZWxhdGlvbkJpbmRpbmc9IiIgVXJsRW5jb2RlPSJUcnVlIiAvPg0KICAgICAgICA8Rm9ybVBvc3RQYXJhbWV0ZXIgTmFtZT0iX19FVkVOVEFSR1VNRU5UIiBWYWx1ZT0ie3skSElEREVOMS5fX0VWRU5UQVJHVU1FTlR9fSIgUmVjb3JkZWRWYWx1ZT0iIiBDb3JyZWxhdGlvbkJpbmRpbmc9IiIgVXJsRW5jb2RlPSJUcnVlIiAvPg0KICAgICAgICA8Rm9ybVBvc3RQYXJhbWV0ZXIgTmFtZT0iX19MQVNURk9DVVMiIFZhbHVlPSJ7eyRISURERU4xLl9fTEFTVEZPQ1VTfX0iIFJlY29yZGVkVmFsdWU9IiIgQ29ycmVsYXRpb25CaW5kaW5nPSIiIFVybEVuY29kZT0iVHJ1ZSIgLz4NCiAgICAgICAgPEZvcm1Qb3N0UGFyYW1ldGVyIE5hbWU9Il9fVlNUQVRFIiBWYWx1ZT0ie3skSElEREVOMS5fX1ZTVEFURX19IiBSZWNvcmRlZFZhbHVlPSJBUitMQ0FBQUFBQUFCQURkV3QxdkU5a1Z0NTJNNHppQndDNXgyVzFyRHhHdFFjSHh6Tmo1L2xnUkI1Wm9BZFBFb0ZWWlpFMDhOL1pzeGpQdXpEZ2ZmVmhScVN5VTdncFdDN1FzVmF1VnR1eFhXVzJGV2xHZ3EvWS82RU1mK294d1FwNzYxR2Q2N3AwWmUyeVBrd0JKVmxwSEdjK2NlKzc1bmZPNzk1NTdKamRQM1IxN1BWUXduVTRvc3E0cWtqYUZmbFlVVlhSSzBmUnhQalAzQmxwS3B3UHRWR2QyL2dRdnl2c3p1c1N3K3hNNWxKazdMRWxVd0NibTltZHljNG1jb21pb1NoNXJJSTgza1BjMmtQYzFrUGMza0E4MGtBODZ5MW1tZ1p4dElMZkg2elhrSFNQZHJ2WW1iNmZmbDB3bGxIeGhjcUlsbVRxQ3Y3M0oxQVN2SS9oS2lYblVua3hONjd4ZTFFN3llZFFHTWtYbkpkd0E2cWxGZVhMQ1p5bkF6VkZGelo5TStvOUt5a0tDMXhEWTNOUHRhb05mUCtXZFBuVnMvQTJXOHJJTXg3S0RWQ2ZIc1AxUnBqZks5cjFUdWFYYUdHYUlZZDVoV0xoUzN1V1B2aXpkK2UyQmcyZW5selFkNVhzbVVFYk04OUloT3E5bEZGVVNadzdSWjVDcWlZbzhHdTloOE04aE9sR1U5S0tLUm1WVTFGV3NlNm80STRrWm1CMHBaUTdKb3pQOS9YeHZwcmVQSFl6RkVUTXcyTVQyTUZUQThNN3dEYnZEOUxKOURFdTVXV3BYNWRGb1J1dkV3MWJpWVozajZXNXVDTW9PRHRwQk1lcjZvUEVvWjRIaVd3TzA3eDI0Z2djMlVLYUhkUUNOYzJ4MXBDdzdzQzJnc1NwUXJnRzliTjlnNzhDTGdCSURaVkN1QWtvQzMxQ2s1VGthTitZb1M4YVUyOUNZeHRrK3J0Y0d5c2EzQ2JTdk9sSnVXMEQ3cThkMGUwQUhxa0JqRzFzeUx3cGF2VTVqRFdjdnBKZ1hBU1VHTEZEN09yWFBYcC9ITFhSUWZraHA4TmpYRzQ5M0JQWUd2Uk9vb0U5T1VLK0dHWVo1bldYQ2g4Z05ZN3NKdnBSVXN6aGJIeGMxSFc1NXlPZVVKeHdPN2t5ZjRyTm9Vc01KL2JpU3pRVTlnczc5ODJXWDIrVnlQWVVQL3NhZmRnOWNUbHJabWRmNVRVaklGRGJlYWJOSkxpbCtSa0pOMFBKSythbG5DdVVWWFpTekptVHJtM2xwT3BORGViNE43aWJFMmRuWFZUN2Y1SGJ2TkkyWmV0am5WbXpLMnd5WC83V052TGFZbCtoNTArOHVZTCtMUm5KR0VjRDBhRmRSbjQyd2ZWMnZqZTN3anl4cVF4b0JvS0dIckkxMmRSazNRNHR3bjlQMXdsQTB1ckN3MExNUTYxSFViSlJqR0RiNjVvbmpobE9XYmw0VElBSXdyTXFtTlMyU0Z6T3FvaW16ZWlTajVJZEFMMkpvZFFFcVRXTmNKS0U4a25WYWhtMTR0SXZFenhxdFJqdjBLMGhvTWJWVVFLYlVrR3RRSkVFd0ZhR1RPYkx2ZDlFNmRCN3R3cDEwRldMdm9nMG5oblJlelNJZEZ3QmFnYzhnSEhaZWxKT1pURkdGdUlHdDZKcldTWUdnNnJpbzJFS01JN0t3eFFna0NsejZiRzBVVzR4Z0ZIdGJDR0FVZ1ZzN0RtWTl1b1VnNVRwM0t6RncvYndwOWtlaTlVdWR5R3JUQWhHYWZqVElMWHErZ0ZQc05OTExua3hxcGdSYTFTSXF5L0dMUkRrZGw3T1MxWHBhUTRtaXFvTGw0MHFHeHdxazh3YVNWaWFuaUJsVUUyMmVYN1NlaXZLTVVwUUZKRlE0MkVpMEJrc2s1WTU1S2NqOWY2QkdCTmdtc3VxUThjWG5ueWRIbTMwTUUrdjFzWUFpODJiNkhxbndiWVZpOEVpYnJvbUN4V3lGV2xWWlNLb0NVZ2t4cGw2TzF4STVYczRpSUVpVU5hVHF3RStGVnBMang0eUNZU1JxUEpVYmJTbDZyUEkyTmhLMXkyM0tacTZ0VWJXa3RWYnhLaHFEaW9NcDJ5T1NhbnVHRW1zb1djODJGU050alJsVkVkWXhCVFlWSS9HTTFiNnZZV1d6cWRvek00bU1zYVpmMXJOTnE1d0Z4cUFxd0dvVmdWMExyK014NTFkSTBvbTBXL1BVR0V0emZsWU4va2kwWmphT05lTXlwYVo4d1VXTE4zMkNmMXRSNFV1VThkZDRVWlNFMXZRVW1oZXhDaTdOZlBEeG1HWGFVL1BURnV3MEM3dWZGSkc2TkUzeURhbnZ2QWFkVnVVYTNHZnFIUzdxeXVGQ1FWbzZrcDlCQXBZbE5DMGg4WnFXRFlaTkhad0ZkUGlkaHJrdVNhY1VUZFRCaDZScy9XRW1HL1FicFNpdU5GR3d6Vlp6VWwvczFHQjlablI2WW5JNk5Ya3lrYUl6dklab2VpR0haRG9aWjNwT0Y4eTZsQlkxV2xZZ1NSVWxpZGJybTVFRS9jSmhxTndFbXRkd1k3bnRrS2poWGdkd0Iwc1VEaDgwMVN5SkhUaTJObkJzTGVDWUEzQ3NIamptQ015dERjeXRCY3c1QUhQMXdKd2pNTHMyTUZzSGZJRDBOanF2MmZlQU9jSVZsVmxWeWRQbzJOU0o2WW54OUdScWFxTG5yRENqbk9zNVN4VEVuL040L3VBcGNnN2JWeEZ0ZGh5MUF4MGtiaGpoSHl4endObzRzSVdIWFd3Y1hGMXNGbnRzTlhzVmtBWVFhekc0MXNqVkQ1ek5ZV3ZnUUxTR2tvUExEblBBWVQ0NnJ3Mzh3YUFUeW9KY2kwcUN0aEZLd3E5RVN1Nk1DQjlkdS9ibzJ2a3czVjNSN2c1SHd1VkhuRzR4Q1E3ZUczcXNUZEVoSGtPSmMxS0sxU2pGbkpUaU5VcHh1NUlUQzhUaFo1aStTVnBDc3pyOXRpTEtHKzBSWjJnRnp5YndaVXFSVUVJUjBHZzR6b1JwSGlhTHpXTjZORm0rZldhUW1Ba1NzNFBFTEpEWTVvQndKZ2huQitFc0VHNXpRRmdUaExXRHNCWUl1emtnSm9ZZGdna1RBRWY3WnRLcVpCeElnbmdSazVLTm5sbXk3enEyZmNDV21XMHBwcnpxNldBTDNKRmQwMmY5U1NmWVllM0JDRmZoV1MwYjhIaWFPb1RBSHJoMkJEeXczeDhYc3psOVhGa2NWeEUvZDBUR3hZZVFFd0tlV2RCcTlyaUpWc3NaS0J1Z0lTY0lIb3BJbWxOb1VhZjJQcmw1ZmVYcXU0L3YzZm52dy9lZWZQbnJsYy9lTDMxejRkSDUyNkQzSTZ3WDJrbTFMMzk5NzhtZnI2NWVQdi9rNC9kQWZ0Q1VkenkrZjc5MCtkYVR1eGVYNzE4Rk85QVVNWnM2b1FuTHI5OWIvdkNqNVl1L1dybjIyY3FuSDRCQ3RNTjBEQWV4U3hBQzdsbkJ3MXBDTHhaMkJIekJuYmhrT3NOTFJYUlVSSkpBTmVNaENlNGdieUxndGlIMFlTRmVyOEcyOUQ3Y05JNWZHYkxCbGpJSHV6bzl1eVB3Z2NCV2Z3R3VYTVFQQWVOUFk1RWE3enM5THEvUnNxZTd5WlBORXM4bzRrNm93M0FndEt1Q0dkcWREYjIwQ1FndHo0L0FNcEVuTjc1WXZmQ25sZHRYU3BjK0I0SXRCTmFPRUxQWTlabnNBcGkvTWo4QmNrZFY5aXZqdXV0eE85MHVzT3l1SWNkZm1lTFBiNjJsWW8xN2NXdXRsclUyMi83Mi9PYjZ5WXoxa0FXRmw1MGZwaHgrRThKdkhieE90Uy9CNTYzb2lSTnZSUVVoNkUrWFg2bThybitJNzkzNjk3OThRVi9hZkhrQzBYaHo2TTUvZkdCaVVwdEN2SkNVcGFVY0tLUVVCVjQ4Q2xUazdPcUQzeTkvZVBrY1hmcmdZZW5LbDh1LytlUHlyWGRoZlo1ZHZYV1R5SmZ2WFZpOStVbnB3cWVsci81bXJISHNuaHRpRnZCYVYrU01KR2JtcUorZTFrVXBuY2pOUVhKSUtkbXNoRWdXRUNWUlh6b1ExaGQxNHh4d0hHVkZPWjNKelZWYXc0Zm8yblpCbk1kcjdEQWttZkRCWVFIV3NnZW5FVXJUbHlSRWhlYmhiVlRNOEZLRWw4U3NQS1FyaGVINXNybWg0VW9pZXI0b29hZGZrWVVaeVloc3A1NFR0WjU1bkNCR3crRmhBUVlsNEExNkhZZWp0VzQwanVFVVVUVVl4L0Q4ZzJFTnZWemRPYlNuUElLaHp2TEloUUs1MFBkZWRKaENlNmt6R3hzZjhIV04wY0d0em1NVGVtWER3eEo2OVpuSEkvUjk1MUVJL2FDR3doK1dhUThGYlh3UDR2UHAzVTJ1amtBekxFT2N3aWZoRlRnQktWejN0QW51WFFFWC9tbmYwKzF5R2VsckwzRzFPZGlLM3pnVGlxU28vay9jd2ViMHZ1bHhqdy92aHg2VFhtTUxjck9DWUd5UjhGQjN4RXZZNlZ4UVZDRXlnN2ZOSVhJRmxpUUlvOW5zWlI3WVdGc21saGk5UWVJMUpTMmxCemVTSzk5OExoZ3ppQ2lWTHZ6MThZTWJJUEZaMjZIalViaUEwNVNoWUQ5RUJySGZGT056SW5oc3N3ei9XSjdSQ3NOa2VERnROQkFRMnVjWVBPY1FmUG1vZVN1RGIxKzk4SDdwNnFYUzE1ZVdQNzdrU0lIOTlQd0ZLR2hhajRLWUV3WFd3ZmRXVWhBbzNmMGFWazkwK1hlWFN2ZXZ3OTNLWDY2Vzd0MnRKNlBtckx1V0RQUFUyMDRHMDhNNmt0RzhIaGx4SnpLNGJWZ00zd0laMUhwazlOYVJZVHRxZlc0eXlIOGgyTWxZdmYxVmN2WG0zNzlkTXJ6cmtkRlhUMGJsSHhpMk5rMmVmN2h5NVk1VDhGV0g2RlhCVjQ3VE41SWpXdFlMdnQ5eEpuRGZpZUI5NndVLzRKZ1R2aHZCdDY0WC9LQlQ4TEZ0MkNDM0lYai9Pc0Y3V01ZeCt1L0dvbTliTi9yNnluQno4ajh6VUJYOTZzMjd5WlZydjl6ZTZOdUpaQWYrTzg4d0NSdGNGa2hNT3dSUkswajgwcENzeUdoWStEL1dMYmRaYlNzQUFBPT0iIENvcnJlbGF0aW9uQmluZGluZz0iIiBVcmxFbmNvZGU9IlRydWUiIC8+DQogICAgICAgIDxGb3JtUG9zdFBhcmFtZXRlciBOYW1lPSJfX1ZJRVdTVEFURSIgVmFsdWU9Int7JEhJRERFTjEuX19WSUVXU1RBVEV9fSIgUmVjb3JkZWRWYWx1ZT0iIiBDb3JyZWxhdGlvbkJpbmRpbmc9IiIgVXJsRW5jb2RlPSJUcnVlIiAvPg0KICAgICAgICA8Rm9ybVBvc3RQYXJhbWV0ZXIgTmFtZT0iX19TQ1JPTExQT1NJVElPTlgiIFZhbHVlPSJ7eyRISURERU4xLl9fU0NST0xMUE9TSVRJT05YfX0iIFJlY29yZGVkVmFsdWU9IjAiIENvcnJlbGF0aW9uQmluZGluZz0iIiBVcmxFbmNvZGU9IlRydWUiIC8+DQogICAgICAgIDxGb3JtUG9zdFBhcmFtZXRlciBOYW1lPSJfX1NDUk9MTFBPU0lUSU9OWSIgVmFsdWU9Int7JEhJRERFTjEuX19TQ1JPTExQT1NJVElPTll9fSIgUmVjb3JkZWRWYWx1ZT0iMCIgQ29ycmVsYXRpb25CaW5kaW5nPSIiIFVybEVuY29kZT0iVHJ1ZSIgLz4NCiAgICAgICAgPEZvcm1Qb3N0UGFyYW1ldGVyIE5hbWU9Il9fVklFV1NUQVRFRU5DUllQVEVEIiBWYWx1ZT0ie3skSElEREVOMS5fX1ZJRVdTVEFURUVOQ1JZUFRFRH19IiBSZWNvcmRlZFZhbHVlPSIiIENvcnJlbGF0aW9uQmluZGluZz0iIiBVcmxFbmNvZGU9IlRydWUiIC8+DQogICAgICAgIDxGb3JtUG9zdFBhcmFtZXRlciBOYW1lPSJfX0VWRU5UVkFMSURBVElPTiIgVmFsdWU9Int7JEhJRERFTjEuX19FVkVOVFZBTElEQVRJT059fSIgUmVjb3JkZWRWYWx1ZT0iU0VLUFpHUWRGYS9QK09TWU1mK05RTHI4SWUydE54a1RWckhCVkhxVzFvQm1tNzFLNzE2c3prS0l0UWIwV0Q2U0NRTGNSbWVnVEFITjhiTFlLck1DeFFLZFg5cUF1N1pPM2lJQThxRURKdGtFU2dZV3FYbmo3bXhteHdUUEtZUHBxd2l0bGtiUGJyRGNRdDA5TzlCZGxXUWJHVzVWY0RzL0ZxVlpzclQvMG1oQlpFc0Q2ZEhWOGs1dlROcDVzRjlTYUY5dEp2am1TTXJoaTVFc2tYb3kwZkhBMFZMV05hOCt5eXpzQkVKenAxOUN0UDlqR2JPbmlTT1ZPZm5JMkFBK2tkUHl3RkhiUm5CK2NieEJsdytENFlVeTY4UGJNS0U4aEtiOUk3MEliMXNSajF4cVlmWjVmamlyeGxsd2pmc2UrUksrSGxqME94TlYybEFqdVArNFpmanFBQ1FlVjZpNjRkbVlFcEdWb3lpVEJNRW5ITHFQeDl2VzZHU2phaURmZkJJZS9GQlZnN1JiWEw2aENIWDRoaHY2bzlRYU11clhVTzRNT3NYYk1YY04zcXFHbjlXcXl3TWF2Qnh6TmgybHROVTlaS0xSRkxXcW1FdUxpYVVNandmZ243a1FVdE9IbFZhUTk4dG92ckpxZGtaYk53L3N3Q3hKdkpOLzhyZ1pFYlBsNnlRQTRhVEFHSmk2UWFlSG42SUw4eWMzQURvVGM0dFdleGNaaGhobXVRUTN3RE0yUVRzaUFvVEx1Ry94UEVhRnhxVnFEbjM3UzNFT3pLZlQ2d05VQUcyUnhGbTFsNmw1aHBxRXQrYnJqdE5DMWMyeXZUUjhmTFQ4Yi9CN1FPMk95VHNiNXBoVUs4YmlMcm92WHZBMlhlZzhBdnlwNW1YUEFycWxzOEpUVnBoeTlVOW9yeU9WNmR5aU1Cb3Ivdm5tVTB3OXpXZjRQczI4eWU2TDJuNUwyYiswUkpmdG9YL0JzY2xhUnVDWDZmcFNvNENPZktHcnVodTdQMkZ3OCtxeTdzQkJlcEsrbFFuS2NNVVg3Wkg2NHdmdlVnbWNpWUZiZ3VFenMycmtBd2F5cHhtOGI2YWJCWFVnSFVGL2NzSmNacmdUL1c3RldyeTRWT1ZoSXExa0tWMUR3bm40amJtZkRicmNvc0psWTNZWlFCeHZlQnh1RHM1YWx6UW9HZWdCY25VYThqMTNKVDZrWDZUT2VLSjlFUlZxYlF0RE9QaGoxQkpDaElERVVJM0ZURWorUWlvd041YkpodlpYSTJmdHlIQmRBbytFOFdyTVVNZ0wwMjRsMkZ0ZXVtVGw1emFtWmh6VGxaWHE3QURCRk5tcjYyZzc2TmNWblovU2JVdWhIOXJpUUM2R3JzVUM0dHc3Nmw4QWpyemN6TU1MTEk0b010cDFHaVQyYmwwbEF4N3praCtlU2hJVXZPMktGWTMrQVF5RXhGMkp4NEY1RnFtRUl0M2tMVlFhUzh6RHNYR0xuN0J2b3RQR2FCaXAvNno4WmpDM0ZzbjVQSXhRU0dHNGttRFp6KzFzZ3hCNSt5dXhtNlFLUW94Rjl2NTZNbEh6bXlXaGMzZTFHcmozUkRrV0U4MlVlMVIyeHN5M2diSlJUdjZtcGFoN3hmczZiNHBLNERPRVFBeGZIanNLbUxZQXNZMFIxUkNsK3RyQlhUYUlOUGlNTk9uQTJpNFFQdU5ySkZOQXozK1RkVE5WRE5zS3VBYWpnMm5zMW0zdTJ1UmppaGxvNUorTEplbWRyU2FtSDJZZXNQek9keDBQYTN1Z2U4QTRWYW9XcWxKT1hyN21yK2xoYXR0SlEyUnMwYWxIOStxdmdmcnNDUDV3dzR1K2hQNW1DOWtkYjdIeE8wWHV4OXV3ZEtiZmxhblROT09ZdGg2SVZiQXNvMUhLTlhPTGVMQ0tHMmRkTFA0Rzl3dDRNSXlJV1d4U1pyOFYxUkFKeUJtNW1samdFMWI0S25LWTBUNk4wWjIycGd0c2hpT3dXODVheTRNR3EvUG8zdks0RU4xM1JzUFZCS0p6cExCS2NoZmY3ZmxOYzg1Qlo2d0JOVVlnSVB3SHVWNS81NURtOHZaR1RaOUpSMkZIdjAwelNxV3JYZEw2RG1EUS9jbGNVbXhaYWlQaEFobjlpZVBkL0Zaei8xOU1mT2h3NnRpNTIwOGhJcFhJQ0toZ2Q4aTV2Q0JXczRYTEp4SDhCdHFLTnc9PSIgQ29ycmVsYXRpb25CaW5kaW5nPSIiIFVybEVuY29kZT0iVHJ1ZSIgLz4NCiAgICAgICAgPEZvcm1Qb3N0UGFyYW1ldGVyIE5hbWU9IlNjcmVlbldpZHRoIiBWYWx1ZT0ie3skSElEREVOMS5TY3JlZW5XaWR0aH19IiBSZWNvcmRlZFZhbHVlPSIiIENvcnJlbGF0aW9uQmluZGluZz0iIiBVcmxFbmNvZGU9IlRydWUiIC8+DQogICAgICAgIDxGb3JtUG9zdFBhcmFtZXRlciBOYW1lPSJTY3JlZW5IZWlnaHQiIFZhbHVlPSJ7eyRISURERU4xLlNjcmVlbkhlaWdodH19IiBSZWNvcmRlZFZhbHVlPSIiIENvcnJlbGF0aW9uQmluZGluZz0iIiBVcmxFbmNvZGU9IlRydWUiIC8+DQogICAgICAgIDxGb3JtUG9zdFBhcmFtZXRlciBOYW1lPSJidG5EZWxldGVJbnZpc2libGUiIFZhbHVlPSLliKrpmaQiIFJlY29yZGVkVmFsdWU9IuWIqumZpCIgQ29ycmVsYXRpb25CaW5kaW5nPSJ7e0Zvcm1Qb3N0UGFyYW01LmJ0bkRlbGV0ZUludmlzaWJsZX19IiBVcmxFbmNvZGU9IlRydWUiIC8+DQogICAgICAgIDxGb3JtUG9zdFBhcmFtZXRlciBOYW1lPSJkZGxPcmdBbmRGbG93IiBWYWx1ZT0iIiBSZWNvcmRlZFZhbHVlPSIiIENvcnJlbGF0aW9uQmluZGluZz0iIiBVcmxFbmNvZGU9IlRydWUiIC8+DQogICAgICAgIDxGb3JtUG9zdFBhcmFtZXRlciBOYW1lPSJkZGxRdWVyeUNvbmRpdGlvbnMiIFZhbHVlPSIwIiBSZWNvcmRlZFZhbHVlPSIwIiBDb3JyZWxhdGlvbkJpbmRpbmc9Int7Rm9ybVBvc3RQYXJhbTcuZGRsUXVlcnlDb25kaXRpb25zfX0iIFVybEVuY29kZT0iVHJ1ZSIgLz4NCiAgICAgICAgPEZvcm1Qb3N0UGFyYW1ldGVyIE5hbWU9InR4dE9URW1wSUQiIFZhbHVlPSIxMDIxMTkiIFJlY29yZGVkVmFsdWU9IjEwMjExOSIgQ29ycmVsYXRpb25CaW5kaW5nPSJ7e0Zvcm1Qb3N0UGFyYW02LnR4dE9URW1wSUR9fSIgVXJsRW5jb2RlPSJUcnVlIiAvPg0KICAgICAgICA8Rm9ybVBvc3RQYXJhbWV0ZXIgTmFtZT0idHh0T1RFbXBOYW1lIiBWYWx1ZT0iIiBSZWNvcmRlZFZhbHVlPSIiIENvcnJlbGF0aW9uQmluZGluZz0iIiBVcmxFbmNvZGU9IlRydWUiIC8+DQogICAgICAgIDxGb3JtUG9zdFBhcmFtZXRlciBOYW1lPSJ0eHRPVEZvcm1OTyIgVmFsdWU9IiIgUmVjb3JkZWRWYWx1ZT0iIiBDb3JyZWxhdGlvbkJpbmRpbmc9IiIgVXJsRW5jb2RlPSJUcnVlIiAvPg0KICAgICAgICA8Rm9ybVBvc3RQYXJhbWV0ZXIgTmFtZT0iZGRsT1RTdGF0dXMiIFZhbHVlPSIxIiBSZWNvcmRlZFZhbHVlPSIxIiBDb3JyZWxhdGlvbkJpbmRpbmc9Int7Rm9ybVBvc3RQYXJhbTguZGRsT1RTdGF0dXN9fSIgVXJsRW5jb2RlPSJUcnVlIiAvPg0KICAgICAgICA8Rm9ybVBvc3RQYXJhbWV0ZXIgTmFtZT0idHh0T1REYXRlQmVnaW4kdHh0RGF0ZSIgVmFsdWU9IiIgUmVjb3JkZWRWYWx1ZT0iIiBDb3JyZWxhdGlvbkJpbmRpbmc9IiIgVXJsRW5jb2RlPSJUcnVlIiAvPg0KICAgICAgICA8Rm9ybVBvc3RQYXJhbWV0ZXIgTmFtZT0idHh0T1REYXRlRW5kJHR4dERhdGUiIFZhbHVlPSIiIFJlY29yZGVkVmFsdWU9IiIgQ29ycmVsYXRpb25CaW5kaW5nPSIiIFVybEVuY29kZT0iVHJ1ZSIgLz4NCiAgICAgICAgPEZvcm1Qb3N0UGFyYW1ldGVyIE5hbWU9Imd2TWFpbiRjdGwwMiRjaGtDaG9vc2UiIFZhbHVlPSJvbiIgUmVjb3JkZWRWYWx1ZT0ib24iIENvcnJlbGF0aW9uQmluZGluZz0iIiBVcmxFbmNvZGU9IlRydWUiIC8+DQogICAgICAgIDxGb3JtUG9zdFBhcmFtZXRlciBOYW1lPSJ1Y01vZGFsUG9wdXAxJENsaWVudFdpZHRoIiBWYWx1ZT0ie3skSElEREVOMS51Y01vZGFsUG9wdXAxJENsaWVudFdpZHRofX0iIFJlY29yZGVkVmFsdWU9IjAiIENvcnJlbGF0aW9uQmluZGluZz0iIiBVcmxFbmNvZGU9IlRydWUiIC8+DQogICAgICAgIDxGb3JtUG9zdFBhcmFtZXRlciBOYW1lPSJ1Y01vZGFsUG9wdXAxJENsaWVudEhlaWdodCIgVmFsdWU9Int7JEhJRERFTjEudWNNb2RhbFBvcHVwMSRDbGllbnRIZWlnaHR9fSIgUmVjb3JkZWRWYWx1ZT0iMCIgQ29ycmVsYXRpb25CaW5kaW5nPSIiIFVybEVuY29kZT0iVHJ1ZSIgLz4NCiAgICAgIDwvRm9ybVBvc3RIdHRwQm9keT4NCiAgICA8L1JlcXVlc3Q+DQogICAgPFJlcXVlc3QgTWV0aG9kPSJQT1NUIiBHdWlkPSIxYzUxMzM3ZC1hNTFhLTQzOTYtOTViZi1iNjE1ODYzZjQ2MGQiIFZlcnNpb249IjEuMSIgVXJsPSJodHRwOi8vMTAuMTEuMzYuMTE0OjgwMDcvT3ZlclRpbWUvT3ZlcnRpbWVQcmVPcmRlci5hc3B4IiBUaGlua1RpbWU9IjAiIFRpbWVvdXQ9IjMwMCIgUGFyc2VEZXBlbmRlbnRSZXF1ZXN0cz0iVHJ1ZSIgRm9sbG93UmVkaXJlY3RzPSJUcnVlIiBSZWNvcmRSZXN1bHQ9IlRydWUiIENhY2hlPSJGYWxzZSIgUmVzcG9uc2VUaW1lR29hbD0iMCIgRW5jb2Rpbmc9InV0Zi04IiBFeHBlY3RlZEh0dHBTdGF0dXNDb2RlPSIwIiBFeHBlY3RlZFJlc3BvbnNlVXJsPSIiIFJlcG9ydGluZ05hbWU9IiIgSWdub3JlSHR0cFN0YXR1c0NvZGU9IkZhbHNlIj4NCiAgICAgIDxGb3JtUG9zdEh0dHBCb2R5Pg0KICAgICAgICA8Rm9ybVBvc3RQYXJhbWV0ZXIgTmFtZT0iVG9vbGtpdFNjcmlwdE1hbmFnZXIxX0hpZGRlbkZpZWxkIiBWYWx1ZT0iOztBamF4Q29udHJvbFRvb2xraXQsIFZlcnNpb249NC4xLjcuNjA3LCBDdWx0dXJlPW5ldXRyYWwsIFB1YmxpY0tleVRva2VuPTI4ZjAxYjBlODRiNmQ1M2U6emgtSGFudDo3Yjk1ZWQxYS02YTNmLTQxZGQtYmM1Yi02M2YzOWVkYmM0YjQ6ZGUxZmVhYjI6ZmNmMGU5OTM6ZjJjOGU3MDg6NzIwYTUyYmY6ZjljZWM5YmM6NTg5ZWFhMzA6Njk4MTI5Y2Y6ZmI5YjRjNTc6Y2NiOTZjZjk6YTY3YzI3MDA6ODYxM2FlYTc6MzIwMmE1YTI6YWIwOWUzZmU6ODcxMDRiN2M6YmU2ZmIyOTgiIFJlY29yZGVkVmFsdWU9Ijs7QWpheENvbnRyb2xUb29sa2l0LCBWZXJzaW9uPTQuMS43LjYwNywgQ3VsdHVyZT1uZXV0cmFsLCBQdWJsaWNLZXlUb2tlbj0yOGYwMWIwZTg0YjZkNTNlOnpoLUhhbnQ6N2I5NWVkMWEtNmEzZi00MWRkLWJjNWItNjNmMzllZGJjNGI0OmRlMWZlYWIyOmZjZjBlOTkzOmYyYzhlNzA4OjcyMGE1MmJmOmY5Y2VjOWJjOjU4OWVhYTMwOjY5ODEyOWNmOmZiOWI0YzU3OmNjYjk2Y2Y5OmE2N2MyNzAwOjg2MTNhZWE3OjMyMDJhNWEyOmFiMDllM2ZlOjg3MTA0YjdjOmJlNmZiMjk4IiBDb3JyZWxhdGlvbkJpbmRpbmc9IiIgVXJsRW5jb2RlPSJUcnVlIiAvPg0KICAgICAgICA8Rm9ybVBvc3RQYXJhbWV0ZXIgTmFtZT0iX19FVkVOVFRBUkdFVCIgVmFsdWU9Int7JEhJRERFTjEuX19FVkVOVFRBUkdFVH19IiBSZWNvcmRlZFZhbHVlPSIiIENvcnJlbGF0aW9uQmluZGluZz0iIiBVcmxFbmNvZGU9IlRydWUiIC8+DQogICAgICAgIDxGb3JtUG9zdFBhcmFtZXRlciBOYW1lPSJfX0VWRU5UQVJHVU1FTlQiIFZhbHVlPSJ7eyRISURERU4xLl9fRVZFTlRBUkdVTUVOVH19IiBSZWNvcmRlZFZhbHVlPSIiIENvcnJlbGF0aW9uQmluZGluZz0iIiBVcmxFbmNvZGU9IlRydWUiIC8+DQogICAgICAgIDxGb3JtUG9zdFBhcmFtZXRlciBOYW1lPSJfX0xBU1RGT0NVUyIgVmFsdWU9Int7JEhJRERFTjEuX19MQVNURk9DVVN9fSIgUmVjb3JkZWRWYWx1ZT0iIiBDb3JyZWxhdGlvbkJpbmRpbmc9IiIgVXJsRW5jb2RlPSJUcnVlIiAvPg0KICAgICAgICA8Rm9ybVBvc3RQYXJhbWV0ZXIgTmFtZT0iX19WU1RBVEUiIFZhbHVlPSJ7eyRISURERU4xLl9fVlNUQVRFfX0iIFJlY29yZGVkVmFsdWU9IkFSK0xDQUFBQUFBQUJBRGRXZHR2MjlZWmwyUlRsdVVrVHRwWVM3dE5Zb3hzU21ETElpbFp2cnVJNWFReG1rU1pyUVRGMGtDZ3hXT0pOVVZxSk9YTEhvSU1XSm9zYTVFVVRicWxHVFlVNk5KTGxpSkRNQ0JMczJMN0QvYXdoejBIbFM5UGU5cHo5cDFEVXFJaytwS0xQU0EwVEI1KzV6dmY3N3VjODUyUE9rL2M3ZnM4VkRDVFNTcXlyaXFTTm9sK1ZoSlZkRXJSOURFK08vc1dXc3hrQW0xVVIyN3VCQy9LQjdLNnhMQUhrbm1VblQwc1NWVEFSdVlPWlBPenlieWlhS2lHSGx1REhsK0QzcnNHUGJFR3ZXOE5ldjhhOUFGbk9zdXNRV2R0ZEs5QmJ4L3VjdTFvOG5iNGZhbDBVaWtVSjhaYlV1a2orT2xOcGNkNUhjRWpMUmJRamxSNlN1ZjFrbmFTTDZBMm9DazZMK0VPWUU4dnlCUGpQb3NCR2tjVnRYQXk1VDhxS2ZOSlhrTWdjMitYeTQvL0tlL1VxV05qYjdHVWwyVTRsaDJnT2ppRzdZc3l2VkdXUFY5dFVtME1NOGd3NXhrVzdwUjM2Wk03NWJ1L1BYam83TlNpcHFOQ3p6aktpZ1ZlNnFZTFdsWlJKWEc2bXo2RFZFMVU1SkY0RDRQL3V1bGtTZEpMS2hxUlVVbFhNZStwMHJRa1ptRVdwSlZaSkk5TTkvWHh2ZG5lQkRzUWl5T21mNkNKN1dHb2dLR2RvUnRXaCttRnhnRGxacW5kMW11Q01iclJldmJFbzV4bEQyNGE5aVRPd3gyTXMrenBhbTVpZWxnSDBEakhNbXdOS051L0xhQ3hHbENPZFFabEV3TzkvYzhEU2dSVVFMa3FLREY4VTVheWlmUFZKb0N5Wkxwdzl1a0NvTTR4amJNSnJ0Y0d5c2EzQ1RSUmF5bTNMYUI5dFRIZEh0RCtHdERZNXBiTTg0TFdydFBZbXJNWFZ2dnpnQklCRnFoOW5kcG5yOC9qRnRvcFAyUVhlRTMweHVQdGdYMUI3emdxNmhQajFPdGhobUhlWkpsd04ya3d0a2J3bFpTYXc0bnp1S2pwME9RaHRWS2VjRGk0SzNPS3o2RUpEZWZXNDBvdUgvUUlPdmVQVjExdWw4djFCQzc4eE5jT0Q5eE9Xb21TMS9rWGtCc3BMTHpESnBQYzB2eTBoSnFnNTdYS1c4OGtLaWk2S09kTXlOYTNDOUpVTm84S2ZCdTB4c1dabVRkVnZ0RGtkdTh5aFpsOFdPZFdMTXJiRExmL3RnMi9zVkNRNkRsVDcwN3dmaWVONUt3aWdPaVJ6cEkrRTJFVG5XK003dlFQTDJpREdnR2dZWVNzalhSMkdvM0JCV2puZGIwNEdJM096OC8zek1kNkZEVVg1UmlHamI1OTRyaWhsTVZiMEFTd0FBU3JzaWxOaXhURXJLcG95b3dleVNxRlFlQ0xHRnlkZ0VyVEdCZEpxSUJrblpaaFJ4enBKUGF6UnEvUkQrT0tFbHBJTHhhUlNUWG9HdFFsWUV5VjZDU09iTUdkdEE2RFJ6cnhJRjBGMnp0cFE0bEJuVmR6U01kN3NWYmtzd2liWFJEbFZEWmJVc0Z1OEZaMFhlbGtyMVoxdkw5dkljWVJXZGhpQkdJRnJrSzIxb290UmpEcXJpMEVNT3F4clkyRFdScHVJVWlsNU54S0RGekt2aEQ1dzlIR3BVNW85V21CRUUwOTFzZ3RlcUdJVSt3VTBpdWFUR2dtQlhyVkVxclFjVTFmU2NlVnJHVDFudFpRc3FTcUlQbTRrdVV4QXhtOGlhU1Z6U3RpRnRWWlcrQVhyTGVTUEsyVVpBRUpWUjlzeGxyRFN5VGxqbm9weVAxL29JWUYyQ1p5NnFEeDRBdlBrcVBOTVlhSWpjWllRSkU1TTMwUFYvMXRtV0w0a1RaVkV3WExzMVhYcXNwOFNoV1FTaHhqOHVWNUxabm41UndDQjRteWhsUWQvRk4xSzhueG8wYkJNQncxM2lxZHRoUTlXdmt3U2d4SDdYUWJzNWxyNjFndGFyMVV2SXBHb2VKZ0t2SUlwVmFld2NRYVROYTdqY1ZJVzZOR1ZZUjVUSUtOeFVnOG8yWkpsckNxSTh4c2R0VnFaaWFSVWRiVXkzcTNjVld5d0NoVUJaaXRTckJ6NFhVODZ2QTFCenFRUWFUZm1xZEdMTTM1V1JQODRXamRiQnh0eG1WS1hmbUNpeFp2NWdUL3JxTENRNVR4WTZ3a1NrSnJaaExOaVpnRmwyWSt1RHhtbWZiRXZOcUNIV1poOTVNU1VoZW5TTDRoOVozWGNLZFZ1UWIzbTN5SFM3cHl1RmlVRm84VXBwR0FhVWxOUzBxOHB1V0NZWk1IWndFZC9xZGdya3ZTS1VVVGRkQWhKVnUvaGVTQ2ZxTVV4WlVtQ3JiWmFrN3FxMTBhck0rc1RvOVBUS1VuVGliVGRCYSs0V2w2UG85a09oVm5lazRYemJxVUZqVmFWaUJKbFNTSjFodTdrUVRqd21HbzNBU2ExM0JucGE5YjFQQ29nM2lBUlFxSEQ1bHNGc1VPSEZzZk9MWWVjTXdCT05ZSUhITUU1dFlINXRZRDVoeUF1VVpnemhHWVhSK1liUUErU0VZYmc5Y2RlOUNNY0pWbFJsVUtORG8yZVdKcWZDd3prWjRjN3prclRDdm5lczRTQnZIblBKNC9lSXFjdy9KVlJKc0RSK3hBaDRnYWh2bUhLajVnYlQ2d21ZZFZYTnU0QnRzczc3RzEzcXVDckFHeG5nZlhpMXhqNEd3S1c0RUQwanBNRGlvN3pBR0grZWk4TnZDRlFjZVZlYmtlbFJodGN5Z3h2Mm9wYVJrV1ByNSsvZkgxQzJHNnE4cmRGWTZFSzY4NDNXSW5PR2h2OExFMlJnZDdEQ2JPaVNsV3h4UnpZb3JYTWNYdFRFNWVJQW8veGZSTjBSS2EwZWwzRlZIZTdJZzRReXQ0Tm9FdWs0cUVrb3FBUnNKeEprenpNRmxzR3RNanFVcnpxVUZpSmtqTURoS3pRR0l2Qm9RelFUZzdDR2VCY0M4R2hEVkJXRHNJYTRHd0x3YkV4TEJETUdFQzRDamZURnJWakFOSkVDOWlVckxSMDR2MlhjZTJEOWd5c3kzRlZGWTlIV3lCRnRrMWZkWlBPc0YyYXc5R3VBclBhYm1BeDlQVUxnVDJ3cjA5NElIOS9yaVl5K3RqeXNLWWl2alpJekl1UG9TOEVQRE1BRmV6eDAyNFdzNUEyUUFkZVVId1VJVFNuRVlMT3JWdjVlYU41V3Z2ZmZmZzduOGV2Yjl5NTlmTFgzeFEvdmJpNHd1M2dlOUhtQyswaTlxeGRPL0J5cCt2clY2NXNQTHArMEEvWk5MYnYzdjRzSHpsMXNyOVMwc1ByNEVjNklxWVhSM1FoZWszSGl4OTlNblNwVjh0WC85aStmTVBnU0hhYmlxR2pkZ3RDQUgzak9CaExhSVhFOXNEdnVBdVhES2Q0YVVTT2lvaVNhQ2FjVWlDTzhtWENLaHRFSDJZaU5kcnNDMnpIM2VONFUrR1hMQ2w0b1BkSFo0OUViakFzTlZmZ0NxWDhFdkErR2tzVXFkOWg4ZmxOWHIyZGpWNWNqbWlHVVhVQ2JVYkNvUjJWekZEZTNLaFYxNEFRc3V6STdCTVpPWGpyMVl2L21uNTl0WHk1Uy9Cd1JZQ2EwZUlXZDcxbWQ0Rk1IOTFmZ0xrenByc1Y4RjFOK0oydUYwZzJWM25ISDkxaWorN3RKYXFOTzc1cGJWYTB0cHMrOXV6aStzak05WkRGaFJlZG42WWN2aExDSDkxOERxMVl4R3VkNkluVHJ3VEZZU2dQMVA1cFBLNi9pNitmK3RmLy9RRmZSbno0d2xJWTgyaHUvLzJnWWdKYlJMeFFrcVdGdlBBa0ZZVStQQW9VcEd6cTkvOGZ1bWpLK2ZvOG9lUHlsZnZMUDNtajB1MzNvUDFlWGIxMWsxQ1gzcHdjZlhtWitXTG41ZS8vcXV4eHJGNmJyQlp3R3Rka2JPU21KMmxmbnBhRjZWTU1qOEx5U0d0NUhJU0lsbEFsRVI5OFdCWVg5Q05JN2t4bEJQbFREWS9XKzBOZDlQMS9ZSTRoOWZZWVVneTRVTkRBcXhsRDA0amxLWXZTb2dLemNIWHFKamxwUWd2aVRsNVVGZUtRM01WY1lORDFVVDBiRmJDU0w4aUM5T1NZZGt1UFM5cVBYTTRRWXlFdzBNQ0JDWGdEWG9kdzlIYUVJMWpPRVhVQk9NWW5uOFExdENydFlORGV5c1JESFZVSWhjSzVFUGZlOTR3aGZaUlp6WVhIOUIxbmVqZ1h1ZlloRjdiZEZoQ3J6OTFQRUxmZDQ1QzZBZDFMdnhoeGUyaG9NM2ZBL2lvZUUrVHF6M1FETXNRcC9BSitBUk9RZ3JYUFg3QnZUdmd3bjg3OW5hNVhFYjZDaEJWbTRPdCtJc3pxVWlLNnYvTUhXek83SjhhOC9qd2Z1Z3gzV3RzUVc1V0VJd3RFbDRhVGx1SmR6cm1GVldJVE9OdGM1RGN3VXNTbU5Gc2pqSVBiS3d0RTFPTTBVRHhtcFNXOGpjZnA1YS8vVkl3WmhEWkwxY3ZmbEMrZHJsODcvTFNwNWVCN3JNMlJjZXphUUVuSzRQQmZrb05aTDlKeHFkRjhOcG02ZkJqZVZvckRwRWdZK2ZSNEliUWZrY1hjRTR1c001K3Q5SUZnZkw5ZXpDQm9rdS91MXgrZUFOYXkzKzVWbjV3djlFWmRjZTk5YzR3RDM3dHptQjZXRWRuTkcza2pKaVRNNnd6NlpmTUdjMGJPU1BlNEF6YmFlTXpPNE1jeE51ZHNYcjc2OVRxemIvOWY1MUJiZVNNM2tablZNL3d0M0ptZU1zWEhpMWZ2ZXRrZk0wNWNvM3gxUlBsemVRSTcwYkdKeHhuQXZkU0dOK3lrZkY5ampuaDVURGV0NUh4L1U3R3g3WmhnOXdHNDFzM01uN0EwZmlYWTgzN056RGV3ekpibFA2Wi9ocnJWMi9lVHkxZi8rWDJXbTlRZHVKZk9vYUkyYUN5UUd6YUtZaGFVZUlYQjJWRlJrUEMvd0E1MjRpcjRpa0FBQT09IiBDb3JyZWxhdGlvbkJpbmRpbmc9IiIgVXJsRW5jb2RlPSJUcnVlIiAvPg0KICAgICAgICA8Rm9ybVBvc3RQYXJhbWV0ZXIgTmFtZT0iX19WSUVXU1RBVEUiIFZhbHVlPSJ7eyRISURERU4xLl9fVklFV1NUQVRFfX0iIFJlY29yZGVkVmFsdWU9IiIgQ29ycmVsYXRpb25CaW5kaW5nPSIiIFVybEVuY29kZT0iVHJ1ZSIgLz4NCiAgICAgICAgPEZvcm1Qb3N0UGFyYW1ldGVyIE5hbWU9Il9fU0NST0xMUE9TSVRJT05YIiBWYWx1ZT0ie3skSElEREVOMS5fX1NDUk9MTFBPU0lUSU9OWH19IiBSZWNvcmRlZFZhbHVlPSIwIiBDb3JyZWxhdGlvbkJpbmRpbmc9IiIgVXJsRW5jb2RlPSJUcnVlIiAvPg0KICAgICAgICA8Rm9ybVBvc3RQYXJhbWV0ZXIgTmFtZT0iX19TQ1JPTExQT1NJVElPTlkiIFZhbHVlPSJ7eyRISURERU4xLl9fU0NST0xMUE9TSVRJT05ZfX0iIFJlY29yZGVkVmFsdWU9IjAiIENvcnJlbGF0aW9uQmluZGluZz0iIiBVcmxFbmNvZGU9IlRydWUiIC8+DQogICAgICAgIDxGb3JtUG9zdFBhcmFtZXRlciBOYW1lPSJfX1ZJRVdTVEFURUVOQ1JZUFRFRCIgVmFsdWU9Int7JEhJRERFTjEuX19WSUVXU1RBVEVFTkNSWVBURUR9fSIgUmVjb3JkZWRWYWx1ZT0iIiBDb3JyZWxhdGlvbkJpbmRpbmc9IiIgVXJsRW5jb2RlPSJUcnVlIiAvPg0KICAgICAgICA8Rm9ybVBvc3RQYXJhbWV0ZXIgTmFtZT0iX19FVkVOVFZBTElEQVRJT04iIFZhbHVlPSJ7eyRISURERU4xLl9fRVZFTlRWQUxJREFUSU9OfX0iIFJlY29yZGVkVmFsdWU9ImRrdVhZK3FKdUlVNjkreVhDRDN5TUJPMXhwMVBUQkFkUm9YT1NSSW5hVUlYMGl6eXJtSWlkUGkzeU1oVERlLzZFY0FSQWlpZWg0SUEybG52c0haSExBV2tpNXR1RFNTdDU5UUtuQUlIQm5STUVnb2JlV2w3Vm5pelpOSzNScWgzaUNydXduR2wrNmtQWGcrRlhZaGZPeDFhRzdGSHI1WFg2UlJWSDRSVnJKbE41MFRvY3NWWnVYQ05SWGdDMlJjbkZOa0JIUmVicVJJbFhWSmIyaDlneVB0UUw0MCt3UGNOK0k1dGlmOFUxRzd5TjM1N0I5M3pMSkF0NmtyTkZIdXVZL1llR3o4cm84bmhpbllna0JnNmdWbWdQdi9DZCtGSFhGTUYxQXdVRkx0T2pUb3hWUXVHK2s2dDRodG9UVGZQbTNFc05JVVBJNXRJSTNTdGFEWWZOelUwVEt4bSs0UVUxTWswUnRMaTNZVm12RWN6Rm9QblBETHlOTXZOZG53Y2hXc3lVYzkzTmJ5R2NZQ1dnMVlHV09oL0RJcTcxYWNMaWIxQTIwU2pNY2dhZDFSYjgwSnZXMExReVdnTkV5MnhSa3pkOTVFTktLWHd2UkN6ZGtvQ1ZaUzB6REJZdXR6a3A0QzlBTkY4RVc5Sk5ZNXBUUk5rNGYzR2JZMkV4U0VsUHFoQjZjbTc1U282K2JqcXpTSTJKL3dEZFBrNzJXOWdFSHNwRDVFMDI3d2xnTm9OUE5pNEZoL3B2R1dQM1o2d1k0YkE1RXE2TzhGdTNSaVdFRzk1c1JqZkVQT1lNSFZ4a1V5M1VXdVhBMmlybmdFbExHcGNpYTEzUDh4aWZkemdwcFNpMEZVT0xrZG53QjFoaXZxaXorNEVKOFBIY0ovUTZ2RmV0NXV6SVE3VmJEaERLWDBOVnVBa2I4SXh3UUZPdG5KcTlNSnVTSDJrUTk1QUw2bVVYQXlkSzFHbHJ3RzVLSXg4S0FqcDZwbmZsZ2NlNHBoQkYwL1gxS3NnSmNHS1ZvbTZoL1MrZFNlTnBvdmJxZmFnOEJMeHRCR1NiSklUNXpPK2dhdlZYSnlCRGdjNi9GN2hlNjdWdU93bUhvMk5pVlFDNHhuVGZPQndINnVuVjFydTZmSmlsL3oxVkd3RU9xTW9rNEFwZHNud2c5NEp2cVM2YkNCa3VFS3VxdEY0Yk94cXZtZDUrUzBMU2lxL3B0RnNWc2NTTWpMM1BLZzA2VHVrNUZEbkJTdU43aS9TbjNweTV4QzFwL3J4bkx0UnZHQUROOXBzbWFaV3loZ29VeGFQd09zdVNEMkcrdEkvZUdibVZiMHRSVmVqRFh3dm1RbUh4Z1ArUTloOUxXcGJRcFVVSkNsMmlNTG00LzZCVVJ5UWY1Y3dCbVlOc3BLRjBCc2ZSTVpXdTFibGwvYzFSMThLOUtPdmk2c0MraEJGTjBPNXpwM2pFL296WExMbEdzd21DeWx0b2NiSVd1QzJjaWxlOXRyc1U1bGtkUmh2ZHFwVVZPc1B3UVZIRitac2pUbnV2K3M2bFQrc3JBZ1NJZ2pvejhVZ1lsWldPSDRBRVAwNWtobzRvcVpIRUxyUlpYY1MzNVFndlRsUi9mYml2VndzRVdWb0hRTCt1ZDQ3WlAwc1ZmS3Rad09PblV0Vy9YdDRCbkQ3VlhKbG9QT1BrbGxOK1V0aTZjQzM1TStSbnlwM2k1UWRxRXZJUnZJS0M5bWNEKzh5QUdPSFc5eEhqazlQSWttc0NrN1dSZktnbHFrYU9WMnhKYVczc0Vub2hRUFZUVjRqVFJIS1U3b3pvUjlMS0N2eWlZNkw3NmF5Ykd1TU1Tb2szdUc2U3VmUUhXVUxidmZmb3kvU0g3UzVSSU1FUG1Rbnd1bDdJUHoyM0RBWlp0Tm43RFdMZmRJWDloNkxLU0dDVEoycGo1cHNGRktQRkdHclVrSUJqcGVlOHRLcmVtTHJub0ZxdmhmSk1RMGtxa3RFaXp4MENBSG1WSVBwNlEzT3kyODdGcm1zYm1jNUx6Nk95bGZhTDJ4Wnk1TVFrdUU4ODczOW0rVnUreHlPcmZqa2U3Y3dBQlgwT0xQY0RFTVI1VXQ5TkdTc1pGV21yL01hdGo0SFJFN3dVZkxzeW90MlRhRmxpZlB0WmlhRm51ZHRiTHM9IiBDb3JyZWxhdGlvbkJpbmRpbmc9IiIgVXJsRW5jb2RlPSJUcnVlIiAvPg0KICAgICAgICA8Rm9ybVBvc3RQYXJhbWV0ZXIgTmFtZT0iU2NyZWVuV2lkdGgiIFZhbHVlPSJ7eyRISURERU4xLlNjcmVlbldpZHRofX0iIFJlY29yZGVkVmFsdWU9IiIgQ29ycmVsYXRpb25CaW5kaW5nPSIiIFVybEVuY29kZT0iVHJ1ZSIgLz4NCiAgICAgICAgPEZvcm1Qb3N0UGFyYW1ldGVyIE5hbWU9IlNjcmVlbkhlaWdodCIgVmFsdWU9Int7JEhJRERFTjEuU2NyZWVuSGVpZ2h0fX0iIFJlY29yZGVkVmFsdWU9IiIgQ29ycmVsYXRpb25CaW5kaW5nPSIiIFVybEVuY29kZT0iVHJ1ZSIgLz4NCiAgICAgICAgPEZvcm1Qb3N0UGFyYW1ldGVyIE5hbWU9ImJ0blF1ZXJ5IiBWYWx1ZT0i5p+l6KmiIiBSZWNvcmRlZFZhbHVlPSLmn6XoqaIiIENvcnJlbGF0aW9uQmluZGluZz0ie3tGb3JtUG9zdFBhcmFtMS5idG5RdWVyeX19IiBVcmxFbmNvZGU9IlRydWUiIC8+DQogICAgICAgIDxGb3JtUG9zdFBhcmFtZXRlciBOYW1lPSJkZGxPcmdBbmRGbG93IiBWYWx1ZT0iIiBSZWNvcmRlZFZhbHVlPSIiIENvcnJlbGF0aW9uQmluZGluZz0iIiBVcmxFbmNvZGU9IlRydWUiIC8+DQogICAgICAgIDxGb3JtUG9zdFBhcmFtZXRlciBOYW1lPSJkZGxRdWVyeUNvbmRpdGlvbnMiIFZhbHVlPSIwIiBSZWNvcmRlZFZhbHVlPSIwIiBDb3JyZWxhdGlvbkJpbmRpbmc9Int7Rm9ybVBvc3RQYXJhbTMuZGRsUXVlcnlDb25kaXRpb25zfX0iIFVybEVuY29kZT0iVHJ1ZSIgLz4NCiAgICAgICAgPEZvcm1Qb3N0UGFyYW1ldGVyIE5hbWU9InR4dE9URW1wSUQiIFZhbHVlPSIxMDIxMTkiIFJlY29yZGVkVmFsdWU9IjEwMjExOSIgQ29ycmVsYXRpb25CaW5kaW5nPSJ7e0Zvcm1Qb3N0UGFyYW0yLnR4dE9URW1wSUR9fSIgVXJsRW5jb2RlPSJUcnVlIiAvPg0KICAgICAgICA8Rm9ybVBvc3RQYXJhbWV0ZXIgTmFtZT0idHh0T1RFbXBOYW1lIiBWYWx1ZT0iIiBSZWNvcmRlZFZhbHVlPSIiIENvcnJlbGF0aW9uQmluZGluZz0iIiBVcmxFbmNvZGU9IlRydWUiIC8+DQogICAgICAgIDxGb3JtUG9zdFBhcmFtZXRlciBOYW1lPSJ0eHRPVEZvcm1OTyIgVmFsdWU9IiIgUmVjb3JkZWRWYWx1ZT0iIiBDb3JyZWxhdGlvbkJpbmRpbmc9IiIgVXJsRW5jb2RlPSJUcnVlIiAvPg0KICAgICAgICA8Rm9ybVBvc3RQYXJhbWV0ZXIgTmFtZT0iZGRsT1RTdGF0dXMiIFZhbHVlPSI1IiBSZWNvcmRlZFZhbHVlPSI1IiBDb3JyZWxhdGlvbkJpbmRpbmc9Int7Rm9ybVBvc3RQYXJhbTQuZGRsT1RTdGF0dXN9fSIgVXJsRW5jb2RlPSJUcnVlIiAvPg0KICAgICAgICA8Rm9ybVBvc3RQYXJhbWV0ZXIgTmFtZT0idHh0T1REYXRlQmVnaW4kdHh0RGF0ZSIgVmFsdWU9IiIgUmVjb3JkZWRWYWx1ZT0iIiBDb3JyZWxhdGlvbkJpbmRpbmc9IiIgVXJsRW5jb2RlPSJUcnVlIiAvPg0KICAgICAgICA8Rm9ybVBvc3RQYXJhbWV0ZXIgTmFtZT0idHh0T1REYXRlRW5kJHR4dERhdGUiIFZhbHVlPSIiIFJlY29yZGVkVmFsdWU9IiIgQ29ycmVsYXRpb25CaW5kaW5nPSIiIFVybEVuY29kZT0iVHJ1ZSIgLz4NCiAgICAgICAgPEZvcm1Qb3N0UGFyYW1ldGVyIE5hbWU9InVjTW9kYWxQb3B1cDEkQ2xpZW50V2lkdGgiIFZhbHVlPSJ7eyRISURERU4xLnVjTW9kYWxQb3B1cDEkQ2xpZW50V2lkdGh9fSIgUmVjb3JkZWRWYWx1ZT0iMCIgQ29ycmVsYXRpb25CaW5kaW5nPSIiIFVybEVuY29kZT0iVHJ1ZSIgLz4NCiAgICAgICAgPEZvcm1Qb3N0UGFyYW1ldGVyIE5hbWU9InVjTW9kYWxQb3B1cDEkQ2xpZW50SGVpZ2h0IiBWYWx1ZT0ie3skSElEREVOMS51Y01vZGFsUG9wdXAxJENsaWVudEhlaWdodH19IiBSZWNvcmRlZFZhbHVlPSIwIiBDb3JyZWxhdGlvbkJpbmRpbmc9IiIgVXJsRW5jb2RlPSJUcnVlIiAvPg0KICAgICAgPC9Gb3JtUG9zdEh0dHBCb2R5Pg0KICAgIDwvUmVxdWVzdD4NCiAgPC9JdGVtcz4NCiAgPFZhbGlkYXRpb25SdWxlcz4NCiAgICA8VmFsaWRhdGlvblJ1bGUgQ2xhc3NuYW1lPSJNaWNyb3NvZnQuVmlzdWFsU3R1ZGlvLlRlc3RUb29scy5XZWJUZXN0aW5nLlJ1bGVzLlZhbGlkYXRlUmVzcG9uc2VVcmwsIE1pY3Jvc29mdC5WaXN1YWxTdHVkaW8uUXVhbGl0eVRvb2xzLldlYlRlc3RGcmFtZXdvcmssIFZlcnNpb249MTAuMC4wLjAsIEN1bHR1cmU9bmV1dHJhbCwgUHVibGljS2V5VG9rZW49YjAzZjVmN2YxMWQ1MGEzYSIgRGlzcGxheU5hbWU9IuWbnuaHiSBVUkwiIERlc2NyaXB0aW9uPSLpqZforYnlm57mh4kgVVJMIOWcqOWll+eUqOmHjeaWsOWwjuWQkeS5i+W+jOaYr+WQpuWSjOiomOmMhOeahOWbnuaHiSBVUkwg55u45ZCM44CC5bey5b+955WlIFF1ZXJ5U3RyaW5nIOWPg+aVuOOAgiIgTGV2ZWw9IkxvdyIgRXhlY3R1aW9uT3JkZXI9IkJlZm9yZURlcGVuZGVudHMiIC8+DQogICAgPFZhbGlkYXRpb25SdWxlIENsYXNzbmFtZT0iTWljcm9zb2Z0LlZpc3VhbFN0dWRpby5UZXN0VG9vbHMuV2ViVGVzdGluZy5SdWxlcy5WYWxpZGF0aW9uUnVsZVJlc3BvbnNlVGltZUdvYWwsIE1pY3Jvc29mdC5WaXN1YWxTdHVkaW8uUXVhbGl0eVRvb2xzLldlYlRlc3RGcmFtZXdvcmssIFZlcnNpb249MTAuMC4wLjAsIEN1bHR1cmU9bmV1dHJhbCwgUHVibGljS2V5VG9rZW49YjAzZjVmN2YxMWQ1MGEzYSIgRGlzcGxheU5hbWU9IuWbnuaHieaZgumWk+ebruaomSIgRGVzY3JpcHRpb249Iumpl+itieatpOimgeaxgueahOWbnuaHieaZgumWk+aYr+WQpuWwj+aWvOaIluetieaWvOatpOimgeaxguaJgOaMh+WumueahOWbnuaHieaZgumWk+ebruaomeOAguWbnuaHieaZgumWk+ebruaomeeCuumbtuWwh+iiq+W/veeVpeOAgiIgTGV2ZWw9IkxvdyIgRXhlY3R1aW9uT3JkZXI9IkFmdGVyRGVwZW5kZW50cyI+DQogICAgICA8UnVsZVBhcmFtZXRlcnM+DQogICAgICAgIDxSdWxlUGFyYW1ldGVyIE5hbWU9IlRvbGVyYW5jZSIgVmFsdWU9IjAiIC8+DQogICAgICA8L1J1bGVQYXJhbWV0ZXJzPg0KICAgIDwvVmFsaWRhdGlvblJ1bGU+DQogIDwvVmFsaWRhdGlvblJ1bGVzPg0KPC9XZWJUZXN0Pg==">
      <Execution id="67f377e9-bb21-4988-8bf8-65ee29809a12" />
    </WebTest>
  </TestDefinitions>
  <TestLists>
    <TestList name="不在清單中的結果" id="8c84fa94-04c1-424b-9868-57a2d4851a1d" />
    <TestList name="所有載入的結果" id="19431567-8539-422a-85d7-44ee4e166bda" />
  </TestLists>
  <TestEntries>
    <TestEntry isTransparent="false" testId="5bb2bc9f-0fc4-499f-9eb4-d5c514a4ffa9" executionId="67f377e9-bb21-4988-8bf8-65ee29809a12" testListId="8c84fa94-04c1-424b-9868-57a2d4851a1d" />
  </TestEntries>
  <Results>
    <WebTestResult executionId="67f377e9-bb21-4988-8bf8-65ee29809a12" testId="5bb2bc9f-0fc4-499f-9eb4-d5c514a4ffa9" testName="WebTest1" computerName="ANSONHUANG" duration="00:00:01.5583919" startTime="2017-05-16T11:54:49.6141905+08:00" endTime="2017-05-16T11:55:01.7576905+08:00" testType="4e7599fa-5ecb-43e9-a887-cd63cf72d207" outcome="Passed" testListId="8c84fa94-04c1-424b-9868-57a2d4851a1d" relativeResultsDirectory="67f377e9-bb21-4988-8bf8-65ee29809a12">
      <ResultFiles>
        <ResultFile path="WebTest1.webtestResult" />
      </ResultFiles>
      <TestSettings name="本機" id="f0316326-3a07-479d-8058-64131c18b509">
        <Description>這些是本機測試回合的預設測試設定。</Description>
        <Execution>
          <TestTypeSpecific>
            <WebTestRunConfiguration testTypeId="4e7599fa-5ecb-43e9-a887-cd63cf72d207">
              <Browser name="Internet Explorer 7.0">
                <Headers>
                  <Header name="User-Agent" value="Mozilla/4.0 (compatible; MSIE 7.0; Windows NT 5.1)" />
                  <Header name="Accept" value="*/*" />
                  <Header name="Accept-Language" value="{{$IEAcceptLanguage}}" />
                  <Header name="Accept-Encoding" value="GZIP" />
                </Headers>
              </Browser>
            </WebTestRunConfiguration>
          </TestTypeSpecific>
          <AgentRule name="Execution Agents">
          </AgentRule>
        </Execution>
        <Deployment runDeploymentRoot="YSHuang_ANSONHUANG 2017-05-16 11_54_49" />
      </TestSettings>
      <WebTestResultFilePath>YSHuang_ANSONHUANG 2017-05-16 11_54_49\In\67f377e9-bb21-4988-8bf8-65ee29809a12\WebTest1.webtestResult</WebTestResultFilePath>
    </WebTestResult>
  </Results>
</TestRun>