<?xml version="1.0" encoding="UTF-8"?>
<TestRun id="0ec7e7c7-e314-45a8-b051-4dac3e299d94" name="YSHuang@ANSONHUANG 2017-05-16 11:22:51" runUser="AnsonHuang\YSHuang" xmlns="http://microsoft.com/schemas/VisualStudio/TeamTest/2010">
  <TestSettings name="本機" id="f0316326-3a07-479d-8058-64131c18b509">
    <Description>這些是本機測試回合的預設測試設定。</Description>
    <Execution>
      <TestTypeSpecific />
      <AgentRule name="Execution Agents">
      </AgentRule>
    </Execution>
    <Deployment runDeploymentRoot="YSHuang_ANSONHUANG 2017-05-16 11_22_51" />
  </TestSettings>
  <Times creation="2017-05-16T11:22:51.2320836+08:00" queuing="2017-05-16T11:22:51.4371246+08:00" start="2017-05-16T11:22:51.5356443+08:00" finish="2017-05-16T11:23:02.8204008+08:00" />
  <ResultSummary outcome="Completed">
    <Counters total="1" executed="1" passed="1" error="0" failed="0" timeout="0" aborted="0" inconclusive="0" passedButRunAborted="0" notRunnable="0" notExecuted="0" disconnected="0" warning="0" completed="0" inProgress="0" pending="0" />
  </ResultSummary>
  <TestDefinitions>
    <WebTest name="WebTest1" storage="d:\git\attendant\loadtesting\loadtesting\webtest1.webtest" id="eb6ecdde-0901-484f-ab72-b814a28627f6" persistedWebTest="77u/PD94bWwgdmVyc2lvbj0iMS4wIiBlbmNvZGluZz0iVVRGLTgiIHN0YW5kYWxvbmU9InllcyI/Pg0KPFdlYlRlc3QgTmFtZT0iV2ViVGVzdDEiIElkPSJlYjZlY2RkZS0wOTAxLTQ4NGYtYWI3Mi1iODE0YTI4NjI3ZjYiIE93bmVyPSIiIFByaW9yaXR5PSIyMTQ3NDgzNjQ3IiBFbmFibGVkPSJUcnVlIiBDc3NQcm9qZWN0U3RydWN0dXJlPSIiIENzc0l0ZXJhdGlvbj0iIiBUaW1lb3V0PSIwIiBXb3JrSXRlbUlkcz0iIiB4bWxucz0iaHR0cDovL21pY3Jvc29mdC5jb20vc2NoZW1hcy9WaXN1YWxTdHVkaW8vVGVhbVRlc3QvMjAxMCIgRGVzY3JpcHRpb249IiIgQ3JlZGVudGlhbFVzZXJOYW1lPSIiIENyZWRlbnRpYWxQYXNzd29yZD0iIiBQcmVBdXRoZW50aWNhdGU9IlRydWUiIFByb3h5PSJkZWZhdWx0IiBTdG9wT25FcnJvcj0iRmFsc2UiIFJlY29yZGVkUmVzdWx0RmlsZT0iV2ViVGVzdDEuMDdmYjUzOTEtNTAyYi00NGQyLThkMDYtZjk1NGIzNGNjNmIzLnJlYy53ZWJ0ZXN0cmVzdWx0IiBSZXN1bHRzTG9jYWxlPSIiPg0KICA8SXRlbXM+DQogICAgPFJlcXVlc3QgTWV0aG9kPSJHRVQiIEd1aWQ9IjM0NGY4M2Q4LTk3ZGMtNDM5NS05OTYwLWRiZTI2MmZlZDA0OCIgVmVyc2lvbj0iMS4xIiBVcmw9Imh0dHA6Ly8xMC4xMS4zNi4xMTQ6ODAwNy9ocmxvZ2luL2hybG9naW4uYXNweCIgVGhpbmtUaW1lPSIwIiBUaW1lb3V0PSIzMDAiIFBhcnNlRGVwZW5kZW50UmVxdWVzdHM9IlRydWUiIEZvbGxvd1JlZGlyZWN0cz0iVHJ1ZSIgUmVjb3JkUmVzdWx0PSJUcnVlIiBDYWNoZT0iRmFsc2UiIFJlc3BvbnNlVGltZUdvYWw9IjAiIEVuY29kaW5nPSJ1dGYtOCIgRXhwZWN0ZWRIdHRwU3RhdHVzQ29kZT0iMCIgRXhwZWN0ZWRSZXNwb25zZVVybD0iIiBSZXBvcnRpbmdOYW1lPSIiIElnbm9yZUh0dHBTdGF0dXNDb2RlPSJGYWxzZSI+DQogICAgICA8RXh0cmFjdGlvblJ1bGVzPg0KICAgICAgICA8RXh0cmFjdGlvblJ1bGUgQ2xhc3NuYW1lPSJNaWNyb3NvZnQuVmlzdWFsU3R1ZGlvLlRlc3RUb29scy5XZWJUZXN0aW5nLlJ1bGVzLkV4dHJhY3RIaWRkZW5GaWVsZHMsIE1pY3Jvc29mdC5WaXN1YWxTdHVkaW8uUXVhbGl0eVRvb2xzLldlYlRlc3RGcmFtZXdvcmssIFZlcnNpb249MTAuMC4wLjAsIEN1bHR1cmU9bmV1dHJhbCwgUHVibGljS2V5VG9rZW49YjAzZjVmN2YxMWQ1MGEzYSIgVmFyaWFibGVOYW1lPSIxIiBEaXNwbGF5TmFtZT0i5pO35Y+W6Zqx6JeP5qyE5L2NIiBEZXNjcmlwdGlvbj0i5pO35Y+W5Zue5oeJ5Lit55qE5omA5pyJ6Zqx6JeP5qyE5L2N77yM5Lim5bCH5a6D5YCR5pS+5Zyo5ris6Kmm5YWn5a655Lit44CCIj4NCiAgICAgICAgICA8UnVsZVBhcmFtZXRlcnM+DQogICAgICAgICAgICA8UnVsZVBhcmFtZXRlciBOYW1lPSJSZXF1aXJlZCIgVmFsdWU9IlRydWUiIC8+DQogICAgICAgICAgICA8UnVsZVBhcmFtZXRlciBOYW1lPSJIdG1sRGVjb2RlIiBWYWx1ZT0iVHJ1ZSIgLz4NCiAgICAgICAgICA8L1J1bGVQYXJhbWV0ZXJzPg0KICAgICAgICA8L0V4dHJhY3Rpb25SdWxlPg0KICAgICAgPC9FeHRyYWN0aW9uUnVsZXM+DQogICAgICA8Q29ycmVsYXRpb25FeHRyYWN0aW9uUnVsZXM+DQogICAgICAgIDxFeHRyYWN0aW9uUnVsZSBDbGFzc25hbWU9Ik1pY3Jvc29mdC5WaXN1YWxTdHVkaW8uVGVzdFRvb2xzLldlYlRlc3RpbmcuUnVsZXMuRXh0cmFjdEZvcm1GaWVsZCwgTWljcm9zb2Z0LlZpc3VhbFN0dWRpby5RdWFsaXR5VG9vbHMuV2ViVGVzdEZyYW1ld29yaywgVmVyc2lvbj0xMC4wLjAuMCwgQ3VsdHVyZT1uZXV0cmFsLCBQdWJsaWNLZXlUb2tlbj1iMDNmNWY3ZjExZDUwYTNhIiBWYXJpYWJsZU5hbWU9IkZvcm1Qb3N0UGFyYW00MC5idG5FeGVjdXRlIiBEaXNwbGF5TmFtZT0iIiBEZXNjcmlwdGlvbj0iIj4NCiAgICAgICAgICA8UnVsZVBhcmFtZXRlcnM+DQogICAgICAgICAgICA8UnVsZVBhcmFtZXRlciBOYW1lPSJOYW1lIiBWYWx1ZT0iYnRuRXhlY3V0ZSIgLz4NCiAgICAgICAgICAgIDxSdWxlUGFyYW1ldGVyIE5hbWU9Ikh0bWxEZWNvZGUiIFZhbHVlPSJUcnVlIiAvPg0KICAgICAgICAgICAgPFJ1bGVQYXJhbWV0ZXIgTmFtZT0iUmVxdWlyZWQiIFZhbHVlPSJGYWxzZSIgLz4NCiAgICAgICAgICAgIDxSdWxlUGFyYW1ldGVyIE5hbWU9IkluZGV4IiBWYWx1ZT0iMCIgLz4NCiAgICAgICAgICA8L1J1bGVQYXJhbWV0ZXJzPg0KICAgICAgICA8L0V4dHJhY3Rpb25SdWxlPg0KICAgICAgICA8RXh0cmFjdGlvblJ1bGUgQ2xhc3NuYW1lPSJNaWNyb3NvZnQuVmlzdWFsU3R1ZGlvLlRlc3RUb29scy5XZWJUZXN0aW5nLlJ1bGVzLkV4dHJhY3RUZXh0LCBNaWNyb3NvZnQuVmlzdWFsU3R1ZGlvLlF1YWxpdHlUb29scy5XZWJUZXN0RnJhbWV3b3JrLCBWZXJzaW9uPTEwLjAuMC4wLCBDdWx0dXJlPW5ldXRyYWwsIFB1YmxpY0tleVRva2VuPWIwM2Y1ZjdmMTFkNTBhM2EiIFZhcmlhYmxlTmFtZT0iRm9ybVBvc3RQYXJhbTQxLmRkbFVJQ3VsdHVyZSIgRGlzcGxheU5hbWU9IiIgRGVzY3JpcHRpb249IiI+DQogICAgICAgICAgPFJ1bGVQYXJhbWV0ZXJzPg0KICAgICAgICAgICAgPFJ1bGVQYXJhbWV0ZXIgTmFtZT0iU3RhcnRzV2l0aCIgVmFsdWU9Imx1ZT0mcXVvdDsiIC8+DQogICAgICAgICAgICA8UnVsZVBhcmFtZXRlciBOYW1lPSJFbmRzV2l0aCIgVmFsdWU9IiZxdW90OyZndDvmraPpq5TkuK0iIC8+DQogICAgICAgICAgICA8UnVsZVBhcmFtZXRlciBOYW1lPSJJbmRleCIgVmFsdWU9IjgiIC8+DQogICAgICAgICAgICA8UnVsZVBhcmFtZXRlciBOYW1lPSJJZ25vcmVDYXNlIiBWYWx1ZT0iRmFsc2UiIC8+DQogICAgICAgICAgICA8UnVsZVBhcmFtZXRlciBOYW1lPSJVc2VSZWd1bGFyRXhwcmVzc2lvbiIgVmFsdWU9IkZhbHNlIiAvPg0KICAgICAgICAgICAgPFJ1bGVQYXJhbWV0ZXIgTmFtZT0iSHRtbERlY29kZSIgVmFsdWU9IlRydWUiIC8+DQogICAgICAgICAgICA8UnVsZVBhcmFtZXRlciBOYW1lPSJSZXF1aXJlZCIgVmFsdWU9IkZhbHNlIiAvPg0KICAgICAgICAgIDwvUnVsZVBhcmFtZXRlcnM+DQogICAgICAgIDwvRXh0cmFjdGlvblJ1bGU+DQogICAgICA8L0NvcnJlbGF0aW9uRXh0cmFjdGlvblJ1bGVzPg0KICAgIDwvUmVxdWVzdD4NCiAgICA8UmVxdWVzdCBNZXRob2Q9IlBPU1QiIEd1aWQ9IjAyOTYzYjVjLTc0NWQtNGVlNy04ZDdlLTFiYWM4YzI5Y2M4MCIgVmVyc2lvbj0iMS4xIiBVcmw9Imh0dHA6Ly8xMC4xMS4zNi4xMTQ6ODAwNy9ocmxvZ2luL2hybG9naW4uYXNweCIgVGhpbmtUaW1lPSIwIiBUaW1lb3V0PSIzMDAiIFBhcnNlRGVwZW5kZW50UmVxdWVzdHM9IlRydWUiIEZvbGxvd1JlZGlyZWN0cz0iVHJ1ZSIgUmVjb3JkUmVzdWx0PSJUcnVlIiBDYWNoZT0iRmFsc2UiIFJlc3BvbnNlVGltZUdvYWw9IjAiIEVuY29kaW5nPSJ1dGYtOCIgRXhwZWN0ZWRIdHRwU3RhdHVzQ29kZT0iMCIgRXhwZWN0ZWRSZXNwb25zZVVybD0iIiBSZXBvcnRpbmdOYW1lPSIiIElnbm9yZUh0dHBTdGF0dXNDb2RlPSJGYWxzZSI+DQogICAgICA8Rm9ybVBvc3RIdHRwQm9keT4NCiAgICAgICAgPEZvcm1Qb3N0UGFyYW1ldGVyIE5hbWU9Il9fTEFTVEZPQ1VTIiBWYWx1ZT0ie3skSElEREVOMS5fX0xBU1RGT0NVU319IiBSZWNvcmRlZFZhbHVlPSIiIENvcnJlbGF0aW9uQmluZGluZz0iIiBVcmxFbmNvZGU9IlRydWUiIC8+DQogICAgICAgIDxGb3JtUG9zdFBhcmFtZXRlciBOYW1lPSJfX0VWRU5UVEFSR0VUIiBWYWx1ZT0ie3skSElEREVOMS5fX0VWRU5UVEFSR0VUfX0iIFJlY29yZGVkVmFsdWU9IiIgQ29ycmVsYXRpb25CaW5kaW5nPSIiIFVybEVuY29kZT0iVHJ1ZSIgLz4NCiAgICAgICAgPEZvcm1Qb3N0UGFyYW1ldGVyIE5hbWU9Il9fRVZFTlRBUkdVTUVOVCIgVmFsdWU9Int7JEhJRERFTjEuX19FVkVOVEFSR1VNRU5UfX0iIFJlY29yZGVkVmFsdWU9IiIgQ29ycmVsYXRpb25CaW5kaW5nPSIiIFVybEVuY29kZT0iVHJ1ZSIgLz4NCiAgICAgICAgPEZvcm1Qb3N0UGFyYW1ldGVyIE5hbWU9Il9fVklFV1NUQVRFIiBWYWx1ZT0ie3skSElEREVOMS5fX1ZJRVdTVEFURX19IiBSZWNvcmRlZFZhbHVlPSIvd0VQRHdVS0xUUTFORE0xTVRBME1nOWtGZ0lDQXc5a0ZnUUNBUThXQWg0SFZtbHphV0pzWldjV0JBSUJEdzhXSGg0S1gwMWhlRXhsYm1kMGFHWWVFbDlKYzBGMWRHOVViMVZ3Y0dWeVEyRnpaV2dlREY5SmMwRmpkR2wyWlVsTlJXY2VDMTlKYzFCaGMzTjNiM0prYUI0T1gxUmxlSFJUYUdsbWRFdHBibVFMS1g5VGFXNXZVR0ZqTGxkbFlrVjRjSEpsYzNNdVEyOXRiVzl1TGxWMGFXd3JWR1Y0ZEZOb2FXWjBTMmx1WkN3Z1UybHViMUJoWXk1WFpXSkZlSEJ5WlhOekxrTnZiVzF2Yml3Z1ZtVnljMmx2YmowM0xqTXVNekV1TVN3Z1EzVnNkSFZ5WlQxdVpYVjBjbUZzTENCUWRXSnNhV05MWlhsVWIydGxiajF1ZFd4c0FCNEtYMWRoZEdWeVRXRnlhMlVlQ0Y5SmMwTnNaV0Z5YUI0SVgxUnZiMnhVYVhCbEhndGZTWE5TWldGa1QyNXNlV2dlQ1Y5RGMzTkRiR0Z6YzJVZUQxOUpjMWRwWkhSb1FubFFhWGhsYkdjZUUxOUpjMFJwYzNCRmJuUmxjbVZrVjI5eVpITm9IZ1pmVjJsa2RHZ0NVQjRJWDBselJtOWpkWE5uSGdsZlNYTlNaV2RGZUhCb1pCWUVBZ0VQWkJZQ0FnRVBFQTlrRmdJZUIyOXVZMnhwWTJzRnZ3RjJZWElnYjFaaGJHbGtJRDBnWkc5amRXMWxiblF1WjJWMFJXeGxiV1Z1ZEVKNVNXUW9KM1I0ZEZWelpYSkpSRjlTWlhGMWFYSmxaRVpwWld4a1ZtRnNhV1JoZEc5eU1TY3BPMVpoYkdsa1lYUnZja1Z1WVdKc1pTaHZWbUZzYVdRc2RHaHBjeTVqYUdWamEyVmtLVHRWZEdsc1gwTm9hMEp2ZUZSdloyZHNaVlpwYzJsaWFXeHBkSGtvSjNSNGRGVnpaWEpKUkY5amFHdFdhWE5wWW1sc2FYUjVKeXdnSjNSNGRGVnpaWEpKUkY5a2FYWkVZWFJoUVhKbFlTY3BPMlJrWkFJRER4WUNIZ1Z6ZEhsc1pRVTJabXh2WVhRNmJHVm1kRHRrYVhOd2JHRjVPbWx1YkdsdVpTMWliRzlqYXp0d1lXUmthVzVuT2pBN2RtbHphV0pwYkdsMGVUbzdGZ1lDQVE4UEZnZ2VDRkpsWVdSUGJteDVhQjRGVjJsa2RHZ2JBQUFBQUFBQVZFQUJBQUFBSGdoRGMzTkRiR0Z6YzJVZUJGOGhVMElDZ2dJV0FoNEhiMjVyWlhsMWNBVU9kR2hwY3k1MGFYUnNaVDBuSnp0a0FnTVBEeFlFSHhNYkFBQUFBQUFBVkVBQkFBQUFIeFVDZ0FKa1pBSUZEMlFXQWdJQkR3OFdBaDRFVkdWNGRBVVhXK1drcCtXdnErbU9sdVd1bWwzbHQ3TGxsWi9ubEtnV0FoOFJCWlFCY0dGa1pHbHVaem9nTW5CNElERXdjSGdnTW5CNElERXdjSGc3SUdOdmJHOXlPaU13TURBN0lHSmhZMnRuY205MWJtUTZJQ05HUmtVNFFUWTdJR1p2Ym5RdGQyVnBaMmgwT2lCaWIyeGtPeUJpYjNKa1pYSTZJREZ3ZUNCemIyeHBaQ0JrWVhKclozSmhlVHNnZDJocGRHVXRjM0JoWTJVNklHNXZkM0poY0RzZ1ltOXlaR1Z5TFhKaFpHbDFjem9nTTNCNE8yUUNBdzhRRHhZR0hnNUVZWFJoVm1Gc2RXVkdhV1ZzWkFVRFMyVjVIZzFFWVhSaFZHVjRkRVpwWld4a0JRVldZV3gxWlI0TFh5RkVZWFJoUW05MWJtUm5aQkFWQkFkRmJtZHNhWE5vRE9ldWdPUzlrK1M0cmVhV2h3em1yYVBwcTVUa3VLM21sb2NNNTY2QTVMMlQ1ckdKNksrdEZRUUNaVzRHZW1ndFEwaFRCbnBvTFVOSVZBZDZhQzFJWVc1ekZDc0RCR2RuWjJka1pBSUREdzhXQWg4WFpXUmtaQ2NWUllYVGg5akNDTXdTY3c0blJ1VjA5bS85IiBDb3JyZWxhdGlvbkJpbmRpbmc9IiIgVXJsRW5jb2RlPSJUcnVlIiAvPg0KICAgICAgICA8Rm9ybVBvc3RQYXJhbWV0ZXIgTmFtZT0iX19WSUVXU1RBVEVHRU5FUkFUT1IiIFZhbHVlPSJ7eyRISURERU4xLl9fVklFV1NUQVRFR0VORVJBVE9SfX0iIFJlY29yZGVkVmFsdWU9IjVCQjBGMjkwIiBDb3JyZWxhdGlvbkJpbmRpbmc9IiIgVXJsRW5jb2RlPSJUcnVlIiAvPg0KICAgICAgICA8Rm9ybVBvc3RQYXJhbWV0ZXIgTmFtZT0iX19FVkVOVFZBTElEQVRJT04iIFZhbHVlPSJ7eyRISURERU4xLl9fRVZFTlRWQUxJREFUSU9OfX0iIFJlY29yZGVkVmFsdWU9Ii93RWRBQWpaemdlZEs3V0hudUtBMm8rc1ZSQVRaaFRxbzJ5ZHJjQXZWWGhWWDBLRktZSUZmUlJaaFhzeFV5NDNxZm1WZ1ArTFJicVhBcjRwWFJBeDVMZ1BQRmpnZUNQRmNuNWFQTVloQjZnZWwwby9ibDNGUS9xblFXMnVGb1pQbmh3ckoxZGd6Q2twcWNYSG9MV1IrZmM4eEgzWVJyUHBHenJEK1pHMFdrNFlybjM1RnZrZWYvdFpSZzdHY0ZOMzdOZ0tHNlVXTlBnZSIgQ29ycmVsYXRpb25CaW5kaW5nPSIiIFVybEVuY29kZT0iVHJ1ZSIgLz4NCiAgICAgICAgPEZvcm1Qb3N0UGFyYW1ldGVyIE5hbWU9InR4dFVzZXJJRCR0eHREYXRhIiBWYWx1ZT0iMTAyMDk5IiBSZWNvcmRlZFZhbHVlPSIxMDIwOTkiIENvcnJlbGF0aW9uQmluZGluZz0iIiBVcmxFbmNvZGU9IlRydWUiIC8+DQogICAgICAgIDxGb3JtUG9zdFBhcmFtZXRlciBOYW1lPSJkZGxVSUN1bHR1cmUiIFZhbHVlPSJ6aC1DSFQiIFJlY29yZGVkVmFsdWU9InpoLUNIVCIgQ29ycmVsYXRpb25CaW5kaW5nPSJ7e0Zvcm1Qb3N0UGFyYW00MS5kZGxVSUN1bHR1cmV9fSIgVXJsRW5jb2RlPSJUcnVlIiAvPg0KICAgICAgICA8Rm9ybVBvc3RQYXJhbWV0ZXIgTmFtZT0iYnRuRXhlY3V0ZSIgVmFsdWU9IkxvY2FsIExvZ2luIiBSZWNvcmRlZFZhbHVlPSJMb2NhbCBMb2dpbiIgQ29ycmVsYXRpb25CaW5kaW5nPSJ7e0Zvcm1Qb3N0UGFyYW00MC5idG5FeGVjdXRlfX0iIFVybEVuY29kZT0iVHJ1ZSIgLz4NCiAgICAgIDwvRm9ybVBvc3RIdHRwQm9keT4NCiAgICA8L1JlcXVlc3Q+DQogICAgPFJlcXVlc3QgTWV0aG9kPSJHRVQiIEd1aWQ9IjM4OGRlOWYyLTNiOGItNDMwMS04NWI0LTI2ODQwNmFmM2Y4ZSIgVmVyc2lvbj0iMS4xIiBVcmw9Imh0dHA6Ly8xMC4xMS4zNi4xMTQ6ODAwNy9PdmVyVGltZS9PdmVydGltZVByZU9yZGVyLmFzcHgiIFRoaW5rVGltZT0iMCIgVGltZW91dD0iMzAwIiBQYXJzZURlcGVuZGVudFJlcXVlc3RzPSJUcnVlIiBGb2xsb3dSZWRpcmVjdHM9IlRydWUiIFJlY29yZFJlc3VsdD0iVHJ1ZSIgQ2FjaGU9IkZhbHNlIiBSZXNwb25zZVRpbWVHb2FsPSIwIiBFbmNvZGluZz0idXRmLTgiIEV4cGVjdGVkSHR0cFN0YXR1c0NvZGU9IjAiIEV4cGVjdGVkUmVzcG9uc2VVcmw9IiIgUmVwb3J0aW5nTmFtZT0iIiBJZ25vcmVIdHRwU3RhdHVzQ29kZT0iRmFsc2UiPg0KICAgICAgPEV4dHJhY3Rpb25SdWxlcz4NCiAgICAgICAgPEV4dHJhY3Rpb25SdWxlIENsYXNzbmFtZT0iTWljcm9zb2Z0LlZpc3VhbFN0dWRpby5UZXN0VG9vbHMuV2ViVGVzdGluZy5SdWxlcy5FeHRyYWN0SGlkZGVuRmllbGRzLCBNaWNyb3NvZnQuVmlzdWFsU3R1ZGlvLlF1YWxpdHlUb29scy5XZWJUZXN0RnJhbWV3b3JrLCBWZXJzaW9uPTEwLjAuMC4wLCBDdWx0dXJlPW5ldXRyYWwsIFB1YmxpY0tleVRva2VuPWIwM2Y1ZjdmMTFkNTBhM2EiIFZhcmlhYmxlTmFtZT0iMSIgRGlzcGxheU5hbWU9IuaTt+WPlumaseiXj+ashOS9jSIgRGVzY3JpcHRpb249IuaTt+WPluWbnuaHieS4reeahOaJgOaciemaseiXj+ashOS9je+8jOS4puWwh+Wug+WAkeaUvuWcqOa4rOippuWFp+WuueS4reOAgiI+DQogICAgICAgICAgPFJ1bGVQYXJhbWV0ZXJzPg0KICAgICAgICAgICAgPFJ1bGVQYXJhbWV0ZXIgTmFtZT0iUmVxdWlyZWQiIFZhbHVlPSJUcnVlIiAvPg0KICAgICAgICAgICAgPFJ1bGVQYXJhbWV0ZXIgTmFtZT0iSHRtbERlY29kZSIgVmFsdWU9IlRydWUiIC8+DQogICAgICAgICAgPC9SdWxlUGFyYW1ldGVycz4NCiAgICAgICAgPC9FeHRyYWN0aW9uUnVsZT4NCiAgICAgIDwvRXh0cmFjdGlvblJ1bGVzPg0KICAgICAgPENvcnJlbGF0aW9uRXh0cmFjdGlvblJ1bGVzPg0KICAgICAgICA8RXh0cmFjdGlvblJ1bGUgQ2xhc3NuYW1lPSJNaWNyb3NvZnQuVmlzdWFsU3R1ZGlvLlRlc3RUb29scy5XZWJUZXN0aW5nLlJ1bGVzLkV4dHJhY3RGb3JtRmllbGQsIE1pY3Jvc29mdC5WaXN1YWxTdHVkaW8uUXVhbGl0eVRvb2xzLldlYlRlc3RGcmFtZXdvcmssIFZlcnNpb249MTAuMC4wLjAsIEN1bHR1cmU9bmV1dHJhbCwgUHVibGljS2V5VG9rZW49YjAzZjVmN2YxMWQ1MGEzYSIgVmFyaWFibGVOYW1lPSJGb3JtUG9zdFBhcmFtMzYuYnRuUXVlcnkiIERpc3BsYXlOYW1lPSIiIERlc2NyaXB0aW9uPSIiPg0KICAgICAgICAgIDxSdWxlUGFyYW1ldGVycz4NCiAgICAgICAgICAgIDxSdWxlUGFyYW1ldGVyIE5hbWU9Ik5hbWUiIFZhbHVlPSJidG5RdWVyeSIgLz4NCiAgICAgICAgICAgIDxSdWxlUGFyYW1ldGVyIE5hbWU9Ikh0bWxEZWNvZGUiIFZhbHVlPSJUcnVlIiAvPg0KICAgICAgICAgICAgPFJ1bGVQYXJhbWV0ZXIgTmFtZT0iUmVxdWlyZWQiIFZhbHVlPSJGYWxzZSIgLz4NCiAgICAgICAgICAgIDxSdWxlUGFyYW1ldGVyIE5hbWU9IkluZGV4IiBWYWx1ZT0iMCIgLz4NCiAgICAgICAgICA8L1J1bGVQYXJhbWV0ZXJzPg0KICAgICAgICA8L0V4dHJhY3Rpb25SdWxlPg0KICAgICAgICA8RXh0cmFjdGlvblJ1bGUgQ2xhc3NuYW1lPSJNaWNyb3NvZnQuVmlzdWFsU3R1ZGlvLlRlc3RUb29scy5XZWJUZXN0aW5nLlJ1bGVzLkV4dHJhY3RGb3JtRmllbGQsIE1pY3Jvc29mdC5WaXN1YWxTdHVkaW8uUXVhbGl0eVRvb2xzLldlYlRlc3RGcmFtZXdvcmssIFZlcnNpb249MTAuMC4wLjAsIEN1bHR1cmU9bmV1dHJhbCwgUHVibGljS2V5VG9rZW49YjAzZjVmN2YxMWQ1MGEzYSIgVmFyaWFibGVOYW1lPSJGb3JtUG9zdFBhcmFtMzcudHh0T1RFbXBJRCIgRGlzcGxheU5hbWU9IiIgRGVzY3JpcHRpb249IiI+DQogICAgICAgICAgPFJ1bGVQYXJhbWV0ZXJzPg0KICAgICAgICAgICAgPFJ1bGVQYXJhbWV0ZXIgTmFtZT0iTmFtZSIgVmFsdWU9InR4dE9URW1wSUQiIC8+DQogICAgICAgICAgICA8UnVsZVBhcmFtZXRlciBOYW1lPSJIdG1sRGVjb2RlIiBWYWx1ZT0iVHJ1ZSIgLz4NCiAgICAgICAgICAgIDxSdWxlUGFyYW1ldGVyIE5hbWU9IlJlcXVpcmVkIiBWYWx1ZT0iRmFsc2UiIC8+DQogICAgICAgICAgICA8UnVsZVBhcmFtZXRlciBOYW1lPSJJbmRleCIgVmFsdWU9IjAiIC8+DQogICAgICAgICAgPC9SdWxlUGFyYW1ldGVycz4NCiAgICAgICAgPC9FeHRyYWN0aW9uUnVsZT4NCiAgICAgICAgPEV4dHJhY3Rpb25SdWxlIENsYXNzbmFtZT0iTWljcm9zb2Z0LlZpc3VhbFN0dWRpby5UZXN0VG9vbHMuV2ViVGVzdGluZy5SdWxlcy5FeHRyYWN0VGV4dCwgTWljcm9zb2Z0LlZpc3VhbFN0dWRpby5RdWFsaXR5VG9vbHMuV2ViVGVzdEZyYW1ld29yaywgVmVyc2lvbj0xMC4wLjAuMCwgQ3VsdHVyZT1uZXV0cmFsLCBQdWJsaWNLZXlUb2tlbj1iMDNmNWY3ZjExZDUwYTNhIiBWYXJpYWJsZU5hbWU9IkZvcm1Qb3N0UGFyYW0zOC5kZGxRdWVyeUNvbmRpdGlvbnMiIERpc3BsYXlOYW1lPSIiIERlc2NyaXB0aW9uPSIiPg0KICAgICAgICAgIDxSdWxlUGFyYW1ldGVycz4NCiAgICAgICAgICAgIDxSdWxlUGFyYW1ldGVyIE5hbWU9IlN0YXJ0c1dpdGgiIFZhbHVlPSJzJnF1b3Q7OlsmcXVvdDsiIC8+DQogICAgICAgICAgICA8UnVsZVBhcmFtZXRlciBOYW1lPSJFbmRzV2l0aCIgVmFsdWU9IiZxdW90OywmcXVvdDsxJnF1b3Q7IiAvPg0KICAgICAgICAgICAgPFJ1bGVQYXJhbWV0ZXIgTmFtZT0iSW5kZXgiIFZhbHVlPSIwIiAvPg0KICAgICAgICAgICAgPFJ1bGVQYXJhbWV0ZXIgTmFtZT0iSWdub3JlQ2FzZSIgVmFsdWU9IkZhbHNlIiAvPg0KICAgICAgICAgICAgPFJ1bGVQYXJhbWV0ZXIgTmFtZT0iVXNlUmVndWxhckV4cHJlc3Npb24iIFZhbHVlPSJGYWxzZSIgLz4NCiAgICAgICAgICAgIDxSdWxlUGFyYW1ldGVyIE5hbWU9Ikh0bWxEZWNvZGUiIFZhbHVlPSJUcnVlIiAvPg0KICAgICAgICAgICAgPFJ1bGVQYXJhbWV0ZXIgTmFtZT0iUmVxdWlyZWQiIFZhbHVlPSJGYWxzZSIgLz4NCiAgICAgICAgICA8L1J1bGVQYXJhbWV0ZXJzPg0KICAgICAgICA8L0V4dHJhY3Rpb25SdWxlPg0KICAgICAgICA8RXh0cmFjdGlvblJ1bGUgQ2xhc3NuYW1lPSJNaWNyb3NvZnQuVmlzdWFsU3R1ZGlvLlRlc3RUb29scy5XZWJUZXN0aW5nLlJ1bGVzLkV4dHJhY3RUZXh0LCBNaWNyb3NvZnQuVmlzdWFsU3R1ZGlvLlF1YWxpdHlUb29scy5XZWJUZXN0RnJhbWV3b3JrLCBWZXJzaW9uPTEwLjAuMC4wLCBDdWx0dXJlPW5ldXRyYWwsIFB1YmxpY0tleVRva2VuPWIwM2Y1ZjdmMTFkNTBhM2EiIFZhcmlhYmxlTmFtZT0iRm9ybVBvc3RQYXJhbTM5LmRkbE9UU3RhdHVzIiBEaXNwbGF5TmFtZT0iIiBEZXNjcmlwdGlvbj0iIj4NCiAgICAgICAgICA8UnVsZVBhcmFtZXRlcnM+DQogICAgICAgICAgICA8UnVsZVBhcmFtZXRlciBOYW1lPSJTdGFydHNXaXRoIiBWYWx1ZT0iJnF1b3Q7MCZxdW90OywmcXVvdDsiIC8+DQogICAgICAgICAgICA8UnVsZVBhcmFtZXRlciBOYW1lPSJFbmRzV2l0aCIgVmFsdWU9IiZxdW90OywmcXVvdDsyJnF1b3Q7IiAvPg0KICAgICAgICAgICAgPFJ1bGVQYXJhbWV0ZXIgTmFtZT0iSW5kZXgiIFZhbHVlPSIwIiAvPg0KICAgICAgICAgICAgPFJ1bGVQYXJhbWV0ZXIgTmFtZT0iSWdub3JlQ2FzZSIgVmFsdWU9IkZhbHNlIiAvPg0KICAgICAgICAgICAgPFJ1bGVQYXJhbWV0ZXIgTmFtZT0iVXNlUmVndWxhckV4cHJlc3Npb24iIFZhbHVlPSJGYWxzZSIgLz4NCiAgICAgICAgICAgIDxSdWxlUGFyYW1ldGVyIE5hbWU9Ikh0bWxEZWNvZGUiIFZhbHVlPSJUcnVlIiAvPg0KICAgICAgICAgICAgPFJ1bGVQYXJhbWV0ZXIgTmFtZT0iUmVxdWlyZWQiIFZhbHVlPSJGYWxzZSIgLz4NCiAgICAgICAgICA8L1J1bGVQYXJhbWV0ZXJzPg0KICAgICAgICA8L0V4dHJhY3Rpb25SdWxlPg0KICAgICAgPC9Db3JyZWxhdGlvbkV4dHJhY3Rpb25SdWxlcz4NCiAgICA8L1JlcXVlc3Q+DQogICAgPFJlcXVlc3QgTWV0aG9kPSJQT1NUIiBHdWlkPSJjMjVlNTRkNC00NGEwLTQyMzktYmY5My1iNTYyMjRmZDYzMzAiIFZlcnNpb249IjEuMSIgVXJsPSJodHRwOi8vMTAuMTEuMzYuMTE0OjgwMDcvT3ZlclRpbWUvT3ZlcnRpbWVQcmVPcmRlci5hc3B4IiBUaGlua1RpbWU9Ijg2IiBUaW1lb3V0PSIzMDAiIFBhcnNlRGVwZW5kZW50UmVxdWVzdHM9IlRydWUiIEZvbGxvd1JlZGlyZWN0cz0iVHJ1ZSIgUmVjb3JkUmVzdWx0PSJUcnVlIiBDYWNoZT0iRmFsc2UiIFJlc3BvbnNlVGltZUdvYWw9IjAiIEVuY29kaW5nPSJ1dGYtOCIgRXhwZWN0ZWRIdHRwU3RhdHVzQ29kZT0iMCIgRXhwZWN0ZWRSZXNwb25zZVVybD0iIiBSZXBvcnRpbmdOYW1lPSIiIElnbm9yZUh0dHBTdGF0dXNDb2RlPSJGYWxzZSI+DQogICAgICA8RXh0cmFjdGlvblJ1bGVzPg0KICAgICAgICA8RXh0cmFjdGlvblJ1bGUgQ2xhc3NuYW1lPSJNaWNyb3NvZnQuVmlzdWFsU3R1ZGlvLlRlc3RUb29scy5XZWJUZXN0aW5nLlJ1bGVzLkV4dHJhY3RIaWRkZW5GaWVsZHMsIE1pY3Jvc29mdC5WaXN1YWxTdHVkaW8uUXVhbGl0eVRvb2xzLldlYlRlc3RGcmFtZXdvcmssIFZlcnNpb249MTAuMC4wLjAsIEN1bHR1cmU9bmV1dHJhbCwgUHVibGljS2V5VG9rZW49YjAzZjVmN2YxMWQ1MGEzYSIgVmFyaWFibGVOYW1lPSIxIiBEaXNwbGF5TmFtZT0i5pO35Y+W6Zqx6JeP5qyE5L2NIiBEZXNjcmlwdGlvbj0i5pO35Y+W5Zue5oeJ5Lit55qE5omA5pyJ6Zqx6JeP5qyE5L2N77yM5Lim5bCH5a6D5YCR5pS+5Zyo5ris6Kmm5YWn5a655Lit44CCIj4NCiAgICAgICAgICA8UnVsZVBhcmFtZXRlcnM+DQogICAgICAgICAgICA8UnVsZVBhcmFtZXRlciBOYW1lPSJSZXF1aXJlZCIgVmFsdWU9IlRydWUiIC8+DQogICAgICAgICAgICA8UnVsZVBhcmFtZXRlciBOYW1lPSJIdG1sRGVjb2RlIiBWYWx1ZT0iVHJ1ZSIgLz4NCiAgICAgICAgICA8L1J1bGVQYXJhbWV0ZXJzPg0KICAgICAgICA8L0V4dHJhY3Rpb25SdWxlPg0KICAgICAgPC9FeHRyYWN0aW9uUnVsZXM+DQogICAgICA8Q29ycmVsYXRpb25FeHRyYWN0aW9uUnVsZXM+DQogICAgICAgIDxFeHRyYWN0aW9uUnVsZSBDbGFzc25hbWU9Ik1pY3Jvc29mdC5WaXN1YWxTdHVkaW8uVGVzdFRvb2xzLldlYlRlc3RpbmcuUnVsZXMuRXh0cmFjdEZvcm1GaWVsZCwgTWljcm9zb2Z0LlZpc3VhbFN0dWRpby5RdWFsaXR5VG9vbHMuV2ViVGVzdEZyYW1ld29yaywgVmVyc2lvbj0xMC4wLjAuMCwgQ3VsdHVyZT1uZXV0cmFsLCBQdWJsaWNLZXlUb2tlbj1iMDNmNWY3ZjExZDUwYTNhIiBWYXJpYWJsZU5hbWU9IkZvcm1Qb3N0UGFyYW0zMi5idG5VcGRhdGUiIERpc3BsYXlOYW1lPSIiIERlc2NyaXB0aW9uPSIiPg0KICAgICAgICAgIDxSdWxlUGFyYW1ldGVycz4NCiAgICAgICAgICAgIDxSdWxlUGFyYW1ldGVyIE5hbWU9Ik5hbWUiIFZhbHVlPSJidG5VcGRhdGUiIC8+DQogICAgICAgICAgICA8UnVsZVBhcmFtZXRlciBOYW1lPSJIdG1sRGVjb2RlIiBWYWx1ZT0iVHJ1ZSIgLz4NCiAgICAgICAgICAgIDxSdWxlUGFyYW1ldGVyIE5hbWU9IlJlcXVpcmVkIiBWYWx1ZT0iRmFsc2UiIC8+DQogICAgICAgICAgICA8UnVsZVBhcmFtZXRlciBOYW1lPSJJbmRleCIgVmFsdWU9IjAiIC8+DQogICAgICAgICAgPC9SdWxlUGFyYW1ldGVycz4NCiAgICAgICAgPC9FeHRyYWN0aW9uUnVsZT4NCiAgICAgICAgPEV4dHJhY3Rpb25SdWxlIENsYXNzbmFtZT0iTWljcm9zb2Z0LlZpc3VhbFN0dWRpby5UZXN0VG9vbHMuV2ViVGVzdGluZy5SdWxlcy5FeHRyYWN0Rm9ybUZpZWxkLCBNaWNyb3NvZnQuVmlzdWFsU3R1ZGlvLlF1YWxpdHlUb29scy5XZWJUZXN0RnJhbWV3b3JrLCBWZXJzaW9uPTEwLjAuMC4wLCBDdWx0dXJlPW5ldXRyYWwsIFB1YmxpY0tleVRva2VuPWIwM2Y1ZjdmMTFkNTBhM2EiIFZhcmlhYmxlTmFtZT0iRm9ybVBvc3RQYXJhbTMzLnR4dE9URW1wSUQiIERpc3BsYXlOYW1lPSIiIERlc2NyaXB0aW9uPSIiPg0KICAgICAgICAgIDxSdWxlUGFyYW1ldGVycz4NCiAgICAgICAgICAgIDxSdWxlUGFyYW1ldGVyIE5hbWU9Ik5hbWUiIFZhbHVlPSJ0eHRPVEVtcElEIiAvPg0KICAgICAgICAgICAgPFJ1bGVQYXJhbWV0ZXIgTmFtZT0iSHRtbERlY29kZSIgVmFsdWU9IlRydWUiIC8+DQogICAgICAgICAgICA8UnVsZVBhcmFtZXRlciBOYW1lPSJSZXF1aXJlZCIgVmFsdWU9IkZhbHNlIiAvPg0KICAgICAgICAgICAgPFJ1bGVQYXJhbWV0ZXIgTmFtZT0iSW5kZXgiIFZhbHVlPSIwIiAvPg0KICAgICAgICAgIDwvUnVsZVBhcmFtZXRlcnM+DQogICAgICAgIDwvRXh0cmFjdGlvblJ1bGU+DQogICAgICAgIDxFeHRyYWN0aW9uUnVsZSBDbGFzc25hbWU9Ik1pY3Jvc29mdC5WaXN1YWxTdHVkaW8uVGVzdFRvb2xzLldlYlRlc3RpbmcuUnVsZXMuRXh0cmFjdFRleHQsIE1pY3Jvc29mdC5WaXN1YWxTdHVkaW8uUXVhbGl0eVRvb2xzLldlYlRlc3RGcmFtZXdvcmssIFZlcnNpb249MTAuMC4wLjAsIEN1bHR1cmU9bmV1dHJhbCwgUHVibGljS2V5VG9rZW49YjAzZjVmN2YxMWQ1MGEzYSIgVmFyaWFibGVOYW1lPSJGb3JtUG9zdFBhcmFtMzQuZGRsUXVlcnlDb25kaXRpb25zIiBEaXNwbGF5TmFtZT0iIiBEZXNjcmlwdGlvbj0iIj4NCiAgICAgICAgICA8UnVsZVBhcmFtZXRlcnM+DQogICAgICAgICAgICA8UnVsZVBhcmFtZXRlciBOYW1lPSJTdGFydHNXaXRoIiBWYWx1ZT0icyZxdW90OzpbJnF1b3Q7IiAvPg0KICAgICAgICAgICAgPFJ1bGVQYXJhbWV0ZXIgTmFtZT0iRW5kc1dpdGgiIFZhbHVlPSImcXVvdDssJnF1b3Q7MSZxdW90OyIgLz4NCiAgICAgICAgICAgIDxSdWxlUGFyYW1ldGVyIE5hbWU9IkluZGV4IiBWYWx1ZT0iMCIgLz4NCiAgICAgICAgICAgIDxSdWxlUGFyYW1ldGVyIE5hbWU9Iklnbm9yZUNhc2UiIFZhbHVlPSJGYWxzZSIgLz4NCiAgICAgICAgICAgIDxSdWxlUGFyYW1ldGVyIE5hbWU9IlVzZVJlZ3VsYXJFeHByZXNzaW9uIiBWYWx1ZT0iRmFsc2UiIC8+DQogICAgICAgICAgICA8UnVsZVBhcmFtZXRlciBOYW1lPSJIdG1sRGVjb2RlIiBWYWx1ZT0iVHJ1ZSIgLz4NCiAgICAgICAgICAgIDxSdWxlUGFyYW1ldGVyIE5hbWU9IlJlcXVpcmVkIiBWYWx1ZT0iRmFsc2UiIC8+DQogICAgICAgICAgPC9SdWxlUGFyYW1ldGVycz4NCiAgICAgICAgPC9FeHRyYWN0aW9uUnVsZT4NCiAgICAgICAgPEV4dHJhY3Rpb25SdWxlIENsYXNzbmFtZT0iTWljcm9zb2Z0LlZpc3VhbFN0dWRpby5UZXN0VG9vbHMuV2ViVGVzdGluZy5SdWxlcy5FeHRyYWN0VGV4dCwgTWljcm9zb2Z0LlZpc3VhbFN0dWRpby5RdWFsaXR5VG9vbHMuV2ViVGVzdEZyYW1ld29yaywgVmVyc2lvbj0xMC4wLjAuMCwgQ3VsdHVyZT1uZXV0cmFsLCBQdWJsaWNLZXlUb2tlbj1iMDNmNWY3ZjExZDUwYTNhIiBWYXJpYWJsZU5hbWU9IkZvcm1Qb3N0UGFyYW0zNS5kZGxPVFN0YXR1cyIgRGlzcGxheU5hbWU9IiIgRGVzY3JpcHRpb249IiI+DQogICAgICAgICAgPFJ1bGVQYXJhbWV0ZXJzPg0KICAgICAgICAgICAgPFJ1bGVQYXJhbWV0ZXIgTmFtZT0iU3RhcnRzV2l0aCIgVmFsdWU9IiZxdW90OzAmcXVvdDssJnF1b3Q7IiAvPg0KICAgICAgICAgICAgPFJ1bGVQYXJhbWV0ZXIgTmFtZT0iRW5kc1dpdGgiIFZhbHVlPSImcXVvdDssJnF1b3Q7MiZxdW90OyIgLz4NCiAgICAgICAgICAgIDxSdWxlUGFyYW1ldGVyIE5hbWU9IkluZGV4IiBWYWx1ZT0iMCIgLz4NCiAgICAgICAgICAgIDxSdWxlUGFyYW1ldGVyIE5hbWU9Iklnbm9yZUNhc2UiIFZhbHVlPSJGYWxzZSIgLz4NCiAgICAgICAgICAgIDxSdWxlUGFyYW1ldGVyIE5hbWU9IlVzZVJlZ3VsYXJFeHByZXNzaW9uIiBWYWx1ZT0iRmFsc2UiIC8+DQogICAgICAgICAgICA8UnVsZVBhcmFtZXRlciBOYW1lPSJIdG1sRGVjb2RlIiBWYWx1ZT0iVHJ1ZSIgLz4NCiAgICAgICAgICAgIDxSdWxlUGFyYW1ldGVyIE5hbWU9IlJlcXVpcmVkIiBWYWx1ZT0iRmFsc2UiIC8+DQogICAgICAgICAgPC9SdWxlUGFyYW1ldGVycz4NCiAgICAgICAgPC9FeHRyYWN0aW9uUnVsZT4NCiAgICAgIDwvQ29ycmVsYXRpb25FeHRyYWN0aW9uUnVsZXM+DQogICAgICA8Rm9ybVBvc3RIdHRwQm9keT4NCiAgICAgICAgPEZvcm1Qb3N0UGFyYW1ldGVyIE5hbWU9IlRvb2xraXRTY3JpcHRNYW5hZ2VyMV9IaWRkZW5GaWVsZCIgVmFsdWU9Ijs7QWpheENvbnRyb2xUb29sa2l0LCBWZXJzaW9uPTQuMS43LjYwNywgQ3VsdHVyZT1uZXV0cmFsLCBQdWJsaWNLZXlUb2tlbj0yOGYwMWIwZTg0YjZkNTNlOnpoLUhhbnQ6N2I5NWVkMWEtNmEzZi00MWRkLWJjNWItNjNmMzllZGJjNGI0OmRlMWZlYWIyOmZjZjBlOTkzOmYyYzhlNzA4OjcyMGE1MmJmOmY5Y2VjOWJjOjU4OWVhYTMwOjY5ODEyOWNmOmZiOWI0YzU3OmNjYjk2Y2Y5OmE2N2MyNzAwOjg2MTNhZWE3OjMyMDJhNWEyOmFiMDllM2ZlOjg3MTA0YjdjOmJlNmZiMjk4IiBSZWNvcmRlZFZhbHVlPSI7O0FqYXhDb250cm9sVG9vbGtpdCwgVmVyc2lvbj00LjEuNy42MDcsIEN1bHR1cmU9bmV1dHJhbCwgUHVibGljS2V5VG9rZW49MjhmMDFiMGU4NGI2ZDUzZTp6aC1IYW50OjdiOTVlZDFhLTZhM2YtNDFkZC1iYzViLTYzZjM5ZWRiYzRiNDpkZTFmZWFiMjpmY2YwZTk5MzpmMmM4ZTcwODo3MjBhNTJiZjpmOWNlYzliYzo1ODllYWEzMDo2OTgxMjljZjpmYjliNGM1NzpjY2I5NmNmOTphNjdjMjcwMDo4NjEzYWVhNzozMjAyYTVhMjphYjA5ZTNmZTo4NzEwNGI3YzpiZTZmYjI5OCIgQ29ycmVsYXRpb25CaW5kaW5nPSIiIFVybEVuY29kZT0iVHJ1ZSIgLz4NCiAgICAgICAgPEZvcm1Qb3N0UGFyYW1ldGVyIE5hbWU9Il9fRVZFTlRUQVJHRVQiIFZhbHVlPSJ7eyRISURERU4xLl9fRVZFTlRUQVJHRVR9fSIgUmVjb3JkZWRWYWx1ZT0iIiBDb3JyZWxhdGlvbkJpbmRpbmc9IiIgVXJsRW5jb2RlPSJUcnVlIiAvPg0KICAgICAgICA8Rm9ybVBvc3RQYXJhbWV0ZXIgTmFtZT0iX19FVkVOVEFSR1VNRU5UIiBWYWx1ZT0ie3skSElEREVOMS5fX0VWRU5UQVJHVU1FTlR9fSIgUmVjb3JkZWRWYWx1ZT0iIiBDb3JyZWxhdGlvbkJpbmRpbmc9IiIgVXJsRW5jb2RlPSJUcnVlIiAvPg0KICAgICAgICA8Rm9ybVBvc3RQYXJhbWV0ZXIgTmFtZT0iX19MQVNURk9DVVMiIFZhbHVlPSJ7eyRISURERU4xLl9fTEFTVEZPQ1VTfX0iIFJlY29yZGVkVmFsdWU9IiIgQ29ycmVsYXRpb25CaW5kaW5nPSIiIFVybEVuY29kZT0iVHJ1ZSIgLz4NCiAgICAgICAgPEZvcm1Qb3N0UGFyYW1ldGVyIE5hbWU9Il9fVlNUQVRFIiBWYWx1ZT0ie3skSElEREVOMS5fX1ZTVEFURX19IiBSZWNvcmRlZFZhbHVlPSJBUitMQ0FBQUFBQUFCQUR0TzExM0UxZVN4bGhOeTVBWVpyR0c3TENTSm5ObUZBNXBvdTZXYlJ3Mk9TZTJTWUFKbG0ySmtJL0o4UkZJa2JVSWlXTUpBdnNFeVRoODJZUU1Cc05Ba2lFa3dZVGhLd1J3REdQMkgrdyt6TU04NTdqYjB0UDhnSG1ZdmZkVzErMHJxYnNEbSt4YmxKT29VbFczcW03ZHFudnIxcFgvdWFodDFTS2ZsTjIzTlpVcnRQMzcycVpselZKN3F4eFA5aFozNzluY3R5U2UzRWkvcFhpeUwxWE9rSzlrYm5kbVdUeVpLS2ZLZTB2OXFkMlpwUVJYTEtmeWxFRFlrL3NMbS90a1pDREF5OFhSM2YzeDFwZnp4WGQ3VTZVTUlUYi9rM3phMG0yK1ZyVmIxMVMxc3lNV2F3c0VnbEpmWms5NWM1L3Z2MzJSb1k2T3ptZzA4aXdGT2hDSUlhQWpvQ0dnSWhDMWdCanl4SkFuaGp3eDVOR1JwQ05KUjVLR1NqVlVxcUZBRFVkcE9FckRVU3J5cU1paklpa0tBUG52YnpVRVZBU1FwRzlESUtram9DR2dJb0E4Q2VSSklFOENlUkxJTTRTa0lTUU5JV213RTRFT0JHSUlvT1JCSEQ2SXd3ZHgrQUFPSDhEaEF6aDhBSWNQNFBBQkhENkF3K1BJRTBlZU9KTDZrZFNQcEg0YzNvODhEY3NkYlZqQnFNY1NPRGljZTVXN0x0b3c1V2lEcVhYMk9La2dRUEJuOGRFc1RZQlhjNlV5QVZNa1JYei9rQ085UFp0Z1FHOThDd0E5UTlFdFcxUUFvdXI2R2xCRnVtWWhvenFuVXhEaFdIU0xDSEpZMnlLQ0tDM09SZGowcUUxbk1DclVWTTVDUUFHckE2amFES3JGMEJ0UDhKa2xOdkxSWFFrUjVHT2lDUkhrTU9kT3ZJTERkTTdLUUdSVk9Tc0RFZTZLSlVRUXBXM2lrK3pnMHRSb0RTakNHdHFqMldacWdwbDZRZ1JGMkJxWjJJcklEdHZPRHNGT0NxT1c5U3Bub1NEYVBNZ1hrYXRMRFBFNTI1YXBvbVdkQ1FGRUJmcDZqcVVnd3AyMnJ6b0ZYMjNqdnVMQ0dJaThVVnRhVkpDbTJrNVJCYWZFYk82WXdOMWhCMENIc0twZHRyZTZCRzkxMng3cUZqeTBuYStabWhCQkhuR3hoQWh5eWQwSkVVUnByM01WOWt5Njdaa2szckJUTUNHQ2ZKbnNVSThKdHErM1kvcE5Qc3cyTEJvVFFzOTJ1Tm9wb0lVY3NsWEg3QWpvc3NIMTBScFFqUVNmSEI1SVpUT2JTL1IwZnJXWUhRbTJXNGpCdlpuUkE0bnlhSzZRWlhnSkNnR2ZsQmpZMVBOYk5maExpKytsdmVYaVMzdjI1QTlzM0wwams2YTQzbEtwTjU4cWxiTEJpTVZEYTRveStUZXhjN1NZenc4VVM3bHlybGlJRndoVTdrbnQzSlVOdHNLUlQvZEczMTliNnAwckxxdVlCTllrR2hhckpqcUVSQmNEdVNiSGFuSXZXaHVlVHJraDVISnRqb3ZKVnJjZE9ZVy9tSnhDdG9nUkltN1NOZnU0c04ySm02Y1l5K0p4VVJzelFob0lPMXJOVGlja2RVMFlpa0V0SGpmQ1ljRkRtV2NGVHgrZWxYd2o0YnNXMzlMNDlzZzNacjdmODZPRG4xZjhHSVR6a3A4ei9DaTFEdGZnVXVIczlWMzZlU21Ueit3c2gvczJKNUtiKzN1VDRaMmtKZzJIM3gzSkZNTHhXSFRkdGozVytSek9sY0tGWWpsYzJKdlBoOHVONUV5ZWpJdEV3cGxDT3B3cVVTS25QWnNyMFZIUDBBR0lpa1RXV0d5SUVSWHIzb3AxTDhXNmcySzlVYkh1cUZqelZxeDVLZFljRkd1TmlqVkh4YXEzWXJWQjhUTnNOQXoySFB1TXRjSTJ5enVqeGQzaHpLYWhyWW0rbnVITnlhRytkVytsZHhUZlh2Y1dZOGo5WjRydVNqUkUzcWJ5UnpOaGErQUxvcUkxekF5WS9ocnVBMVh3Z1RBOWFxTDc1QnJtaHQ1VGE3MW5LM0ZSNGVWQnI1VnJYRGpCWUZ3NGd2SmdjakRaSVFZYzR0RTVOK2lIS3UwcnZsdW8xOG9tTFRpVVRkK2VLWU5naHQ5TlRuNDNlVEFTWG10enI0MG9FZjYvOUxwS25lQmdQZkNwQXFQRGZJQkpjMkxTNjVoMEo2WllIVk5NWkhMeUFqUDRNY0kzSHM1bjNpbUgvNk9ZS3p6cWlGZzBYS1RSUkd3Wkt1WXp2Y1YwNW9WSUxCb0pwMGl3Q0JhSFg0aHo4TEdWNkpZU1hWU2lveEw5eDFHaVdVbzBVWW1HU3JRZlI0bHFLVkZGSlNvcVVYOGNKWllPVVVVMHdoUTR5cmMyTFh2SEladmdUM2ZMbis2V1A5MHRmN3BiaXBXOFExSC8vM0czWEVQcXAzUm1OTHpqZ0ZqdUNnV29VQklLdFEwdk44TEJKUVJpNWZyZGxwcGVtdDB4MVdvYWJ6V3RPTHRaeU51SHZOZklHM2k4NmNoYmxiekpoOFB0NWlYbjRRMU8zdkxrUFZUZUxNVGhkdXVVTjFONWU1VTNYSEU0N3pYYWJWcmUwK1dOU1NUWjdWN2VKS1k4M2VTemZ6OWlrTm51SHlQek5tVHU3bzRJUFV1aFVXcDNyeHQ3M3JINjlxcmRCZWZNSGZXOVdMdS96cHZ4dkhITHUvS2MxTkRjdGJ2N3ZOL1BlZmliQUg4bG9POEd3VGJzUUdUS3FXUXFXOG9HbXBzWHQ2VURLOGwvMndMTndmYmhWM1Baa1hKUGNYL1BhQ2ExYTJNaHRTT2ZTWStrQTgzdkVLNlc1a1dNYThscnVWS09FRWJTNldZZnc3UWtNL3ZMdmxXVmM2Y1hUbjR3UDNQdDd3L0dLMWVQTDB4UEdITmozeDM4a3ZEOW12S0ZudkF0TTIvT1ZHNmRyQjQ3V0xrNFR2QnJMSHpiL095c2NleDg1ZlpoYy9Za2tVTklDcElxWjc2cWp2MTU0Y3NQalNOWEZpNS9SRWpQdFZrbVVmT1hwOU9CUmUra20xVkVTaFRaRnBDRFQvYWx5cW5YVXZtOW1aZHptWHphMTBLTGh1QVRGRXNOQnFSTWtiU2lEQzRkL2lVbDlSVDNGdExaNEJJKysrWHRMU3NVOGlGVHFoNmFNVThkcHYrekhOSk1JUlpYcG84Uml3T1Frb3A1Ky9UOC9jK3JoKzRZYzE5Uk5JU1NZdDQ5VXZuNmZ2WHdSNVZQSmdpNnZhVkpBZ2tTakpPQWIrWGF4UzFaOG1FejhyRnBoSjRFdzBOdHRxMmg1ZG5RQ21yWmlrZTBqR3dFeXNMdCt3dDNiaTBjL25UaCtzWHErOU1CeUgyTHo3aCsxRHh4bWFCWFE5NHI1aGZYak9QbllJeHg1QVB6azVOSUhJd3E4N09mbTJkUEFiRXlmYTB5ZlFTSlE2akgvT1N1ZWZsNGhhemFzZmNKOFNuSVdvdFlQWE44NGR5RCtabURTRW5XVVdiSDBjSnRVY1c0UEdsOGZvWllUYUxMUWorNnB3T1F3aFJOY01icEQ0eFRoNmdRU0ZZTERaTUZ0RzZqNXg4Y0F1c0RrSnNXMm5ZaHBDUEt2bkhGL1BRTGdtNWZJUzR1Y2IwRXJwYkF0Ukk0VVFKM1NlQVlDYndnd1pScmcwS0NLVWhnc2dRbVNtQ1NCQ2FRdUZtUnJmK3dJRnJ5L1VIMDRnOE1vbjRWMFd5SlNJNENXbE1XN241ZHVYZWpEcTByODMrNVFEeGVpMjZNUkVCck50b1ltK2JjdWhXZzFha0w4dy9mSStqdmo5c0JWVEd1blRVbjUwUWlINmtweHZnTlkyemNrVWkwVGQ2WXYzKzJqdmcwbkg4S0JKc3g4NTd4cDI4Y3gzY29sYTh2R2pmRzV4OWVyRXhQV2M1Q1lxZFMvV3k2K3NldnlLeXBTMnFJYnJrV2dGTlZJWHJJUnNySEFGcFRxdWRwQXBnWEpxZ3JVSlN1VkE1L1pSeTdJZ3JreEpoaXpOMGhFV3d0U2kyeFF6Ryt2VzE4ZU5NU1dLdXRVekh2M0tQNVdUUEdiUjhBb3FxWWg0OHVURTZMTEdUa1UzREcweFUzejV3elpxL1dVaHkzandCVUFVcjE0QjlKcUFFRmJVdWdKK3JRdW1MdEE0aDIzNE5XUTkxQUk0ZkVoMGpIbVNhMW11Q29JK3FXNitxSWo3ZTEwV3drVlI1RkV4d1p6aEFhUThBS1A5N210eHFxR2R6OHdQckp6d2lSMmcwVkRtNkJKR0svbnVGRTkyMlRWanhXOHBrbnBvMzdseXh1cW9lRWFQWFl2Um8wMVFCTFZua3dhZHc4WWFISmxzYldabmFxaHJ1RGNwKy9YN2x5QzBRQjJtbW5YZzExRlJwNCtodmo1QkU3R2FIV3NvZzBKWStmZzhnRWdVNTcvR3FveHRDRjF6OHpqOXkxRXdzcU5DUk9VSUUxUk51UnhzeHRrZWh5ZEt5R3VnN05QM0dFK04vYUY1akFEcTNPRkdOaWt2akxJdHJhSURCcVJzYnF4VTQrWExoMnhpSjIxQkhCSUl2WXlZblZnM1BHZTMvbUczZjdpMDRIWGI4S1h4cDg2ZUxwRndka1hCZlB3Z0VZTUFDMEFZc1dnNjhPK09vVVQ4MUJHREFJQXdaaHdDQU1HSVFCZzUzaStUb0VBNFkwOGJSTkFESmhJWFh4Q0U0Q0xRbTBwRjUzTGtNK1NwQ0ZEYWMwelMwSnNzZytzMmwrU0pBUEVzUy9CUEV1UVh6Yng3b09uTG9tSHZJeFFNWXNwTTVQZmdraVJvTFlrQ0FLSkZodkNWWldnalVrTmNLTERUWENZMzFZUWFGam5TMWJkVGFwTFZydEt5MnBNSjZvNmRUeU1xTzVzY3dJUUQrT2JXd2s1MmIrc3ZEeEpiSVp0RGMzU1VBaE5qZlhWOE90OXFYWlhkbmlSbVcvZ0o2ZnBXekwzdDA3aXNiRVFkRDRGSFROTEZwaTYwWk9hVjlNYkdFREplQWhKaTF1S0s1YTdkdTd1MDF0alRhdGd2YWphSk95UlNYS2dhRFZFalFreEd0SHhPbUlBUFQ3N0Nrb0d6bjZGUkg5Q2tkdkV0R2JPSHFyaU43SzBZTWllcENqaDBUMEVFZHZFOUhiT0hxN2lON08wYStMNk5jNStnMFIvUVpIdnltaTM2VG85clltQ1Z3Slg1b0VicExBS1JJNFFZSkpTekJKQ1NZbHdTUWtNRm9DSXlVd1NnSWpKRkJLVnI3TktTUDhHQVZMaFljYTl6RFkzaGdHVDJQZlZ6RlBmMm1NVDBGWko2Nnh1ZzZlY1hpejJKMVRVUmZ1L1A1cDdGRXJwUGdnVi9MdmtVaWIyZTZjVEdJWSsyeE9mR1FoMUdkRmVRbG5lWlJQa0JhamhkdlZzOVh6di9lVVJsdHpibnlDdEE1cTI4TS9HZGMrYnVBS1kvTlVxWHp4MFB4NHpsTWRiZm01OGRucWFIOWFNYy9jTkcvZjlKTEdXdHB1ZkV4YUhiUG15cXh4MVNwVmZmRjk0OElmUEZXclRMVXpuekFSNmhiajdOR0Z1U3VlMHBoYlhQZ0VhVjFFMnZ6TVVmUG1SdzFjTENqcHd3cWQ0c0xWYjcyRGtyM0F1SFBhWVU3ZlFHaXdPYWNEc21pdUxCcXk2SzRzZWhpN3ZvcEJ5c1pidDV3ampIYTNGUnJ6bHo3emNpVnJncnZ4MmE2a3J6RGtWanBGWE9BcHJZc3RqRE9mTFkwKzJwQnJ6SXd4ZThGTEdudmJjZU96ZlU3ZnVSVHpKdUc2NTcySzdFSE1uWk5KL0hXUDlVUkdaK0dRNThDcUNrTFpEdWpGek9UK0N2dnpMcXg4M1dMc0JrbnZpUWRkR09oU1ZHNmRORTU4NnVVODl0N2d4c2VYZ2ozWEtOWFQ5MmhQdzEwYXZPcTQ4ZG5TNkxzVEN5YUhxQlNrc2VjcE56NUJHb3Z4UytUcVBlVXBEWFo0Wno1Qkd2V2IrZkZEODhweFQybk1ieTU4dGpTTmhmRDFDNVd6WHFjUHZHUzY4VEZwb1I3cjZWUWg5enh5YVNVM3I1cm9RYnJtVE5mQUd1cDM4OXlOaGJrVG50WXd2N3Z3Q1hQVDRUaXBuRGptS1UyM2poTW52cnJqQkI1Q1haazFycG9kQUorZWNEcXNrVUZ6WWJCY3dYYXFzYU9HdzlGQWs1QTlkeXJHeEJRNUdLcUhKeHA0bnJOdFpnK2pIcXkyeDJJc2krWW16RnRlT1Ftdm5XNTh0alQ2K3FuTXowNVczcnZvSlkwOWtycnhDZExZZm5IMld2WDhtS2MwMkMrYytlcFhrejFWdXpMejFleGtSZFhoQ2U5VEExNmEzZmpzaWRBblRhVnkvSlNUenQvMFdLLzdWdWFTSTkrYytyQ0JUYk9Wc3A4Q2VITUxxcnNnWnN5WkcxNFQ2ZXF5QXNhSlQ1RFdEZEtNYnc1NVN1dTJwRG54OFVPRnZlblNRNFhXQ3hPTkc2QVF6K3VqMXVuc3dtcGJTSDl6UU10TzQ1Ym5mTmxQRTl6NEJHbk1lNmN1T3UzUGpLRmJ0ZXJYYjg5NHFldFdzWDUxNEdQcVdCalFCM3FGRm1wa29tTkh6Yk9OVzUwUUJ1dzEzNXViU1c3ZjNpVGpoY2ZQYno0eTNsajgvT29pNDZYRHoyOGZNdDRjL1B3S0llTXRRY1l5MzgvcmZSbkxiejh2Mmpta3lWaE4rM2xaTFdOSjdPZTFzWXpscjR6VnE1K1hzVExXcVFob0NPZ3lWcFl5bG9aK1hpUEtXTi81ZWFFblk1SG01OVdhakhXV254ZGNNbFpKZmw0dXlWZ015Vmp4eUZpeStIbnRJbVBkNGVjRmlJekZnNTlYRVRKV0FINWVDc2g0alB2NWVTN2pXZXpuaDdLTTV5NENtb3hIcEorZmxUSWVYWDUrNEhISTR1OU1xQWhZR012dDdQanc4M05FeGdQQXowOENHWGR4UDkvT1pkeGQvWHhQNWhDSTc3UldCWFpOR1RkR0dmYzBQOS9jWk55Uy9IeHZrbkZmOGZNTlJzYWR3YyszQ0JsejI4K1RYTVk4bGpFUi9Ud2paY3dqUDArb2xXc1hiLzloL1QzdnhsOFhlM0J2WnI4RW9MOFhhQTB1SGFaLy9rai9XQ0pWOWkwN1FENi9lMjdyMXQ4OWwwNEhXNGNUNWRSb21mMTVaTk4vNWNiUC8vVi81S0E4dkxHUXRsQTlMYUZyZjVPSmlNMmxvVXdxSFMva0Q0d1FobVN4bUUvbTl2aVV0NnIzUHpGUEhYczdiSHowd1Bqd3FqbjFoWG4rZzc4L0dIK3JldjRjdzVzelk5VnpueHRqbDQzcjM4S1BFNmg1aTlxVzArL2drbUpoWno2M2M1ZnZ6VzNsWEg2NGQyUlhUM0Yvc3BqTjVqUHM1d3U1Zks1ODRKbEllWDhaL29heko1UE5GWVozanV5eXFaRm53L1gwZEc0Zi9ZbkFTNk9aVkdUTmhuUTZUZHhCbFBsSzVRUDVqQyswTHpOYXp1MU01WlZVUHBjdFBGOHU3dG13ajR0N2ZvUDlDNHIvMnl6SnlOWmlJYjBqRHpON3NqeVNLNjNiUjMvZjhFSWtzaUZORmlVZ0JTWEg1ZkEzck1ZbStndUhtc1hZUlB1WlpGbERQNnNkSFBvWHZvS2hsWHpsUXUwam9jQVBYYWJRejMydlBkcjZFRnM5Vm9kU25kY210T3FSbHlYMDFHT3ZSK2hmblZjaDlJczZGNjdtYmcvOW0rRHZidnEzeFN1YUZ5MFBOTkYvbHExYzI5U1VidDdBWE5UU3hqeTB5dmRFT2xmYWswOGRlTDVRTEdRMnBQOFhVSWdkMnB3OEFBQT0iIENvcnJlbGF0aW9uQmluZGluZz0iIiBVcmxFbmNvZGU9IlRydWUiIC8+DQogICAgICAgIDxGb3JtUG9zdFBhcmFtZXRlciBOYW1lPSJfX1ZJRVdTVEFURSIgVmFsdWU9Int7JEhJRERFTjEuX19WSUVXU1RBVEV9fSIgUmVjb3JkZWRWYWx1ZT0iIiBDb3JyZWxhdGlvbkJpbmRpbmc9IiIgVXJsRW5jb2RlPSJUcnVlIiAvPg0KICAgICAgICA8Rm9ybVBvc3RQYXJhbWV0ZXIgTmFtZT0iX19TQ1JPTExQT1NJVElPTlgiIFZhbHVlPSJ7eyRISURERU4xLl9fU0NST0xMUE9TSVRJT05YfX0iIFJlY29yZGVkVmFsdWU9IjAiIENvcnJlbGF0aW9uQmluZGluZz0iIiBVcmxFbmNvZGU9IlRydWUiIC8+DQogICAgICAgIDxGb3JtUG9zdFBhcmFtZXRlciBOYW1lPSJfX1NDUk9MTFBPU0lUSU9OWSIgVmFsdWU9Int7JEhJRERFTjEuX19TQ1JPTExQT1NJVElPTll9fSIgUmVjb3JkZWRWYWx1ZT0iMCIgQ29ycmVsYXRpb25CaW5kaW5nPSIiIFVybEVuY29kZT0iVHJ1ZSIgLz4NCiAgICAgICAgPEZvcm1Qb3N0UGFyYW1ldGVyIE5hbWU9Il9fVklFV1NUQVRFRU5DUllQVEVEIiBWYWx1ZT0ie3skSElEREVOMS5fX1ZJRVdTVEFURUVOQ1JZUFRFRH19IiBSZWNvcmRlZFZhbHVlPSIiIENvcnJlbGF0aW9uQmluZGluZz0iIiBVcmxFbmNvZGU9IlRydWUiIC8+DQogICAgICAgIDxGb3JtUG9zdFBhcmFtZXRlciBOYW1lPSJfX0VWRU5UVkFMSURBVElPTiIgVmFsdWU9Int7JEhJRERFTjEuX19FVkVOVFZBTElEQVRJT059fSIgUmVjb3JkZWRWYWx1ZT0iS2xHeUhKYnZQSEJZV1h3WFhDTGdNMzhPNmplS1VUcTRaTlU2c3loZVlzN2dJK3pORmhqVGtLTExQbWM2Z01PZStFOFRZRXB5cXNvWXB6MUJubnJPc3JhRjgrclR6NXBULytkTXlTakgyZFRLTFhoRnp4Q3hhN0kvcGhZWmtNSHllbVBrNVFjRDdiUHpzUmpEMDJiNVo2Z2ViZ1BpWCtoSDROMFRtSkJNMUpnVCszTHAyVk1OYWdVMkI1a05XZm5peWNySTFPREo5dXg4SlZlUHd6VFluTVhuSHN5K1dvb2xaWDZlUUM3QlpEd01kVnJJMU5TSEpPUjhxbnV4NHJmMVRmU1pDYmdMeG82eURxcHRmYjBoQjNsQ0ZKa3pJNGxkVE5TS1l1Nm9zb2hnbUl1TFMxd0U4OFJxQkw5WnZRd1Z5WWdzM2pVVmdTc21iZVJLRHg4NkNGODFPa0g0cE9sK2hmSEZ3TlhrQ09KT25zOEcxUkQrWWRUSzJ3NFAxVUU0RTdNQndvSHBUditkWGhKbnIzL2NVVVJRODF2TC9Ba0ZOejhNeTRKQUM4RkVkZ1VuMGZ0YkkyUHA4Mm95bUdoZzhxeTlvQjRFK01YU0N2THdyYlZIRndCSE9HODlxVU9pcHc5Sm52K1puZ2FqSXlseGYrM2l3akRtZndzZDFkZmRBbU9QYmVFTzhYMGZEWXEyZnQvaXNaNnNMTjVCVTh3bVF4aUZuMnRDMEJOUUZxdDAyMDQ2NG4zN2FDeWJxblkyUlRsWVN4Vi9zRHdGK2dwWml2MmdacFVwR2J4ZkVkNnhhM3liejNmUzdKSFFUL2c3NVlYQ3MwQ1lrUEdyZnJQa0E4Tzk4dEl2aGYxOWkrUWJZd2Q0TTZHZE0vTkNtVzd3bURpVm9BUFZtQUtSNVRvVkxTalAvb0ppSmlIQ2tReHlzM0w3UlhodDE5OGJ3VkpWSVBrSXVQTGp1UkN4Q3JUSUE0K0ZUVGFXbkVrNnZkRit1ZFlRNmxSajZ2cXNrNkJTSEQyNUV4cVc2bTBvSjhlbHEzOS8rcVVyZEtvbEQ5QVVadkdwQ09jUGFPejQra2E0cFlLNFlQelJWaURtOE1OeUJKK2JnU0x1WE9LcDZONVp0aDczWnpUZ1RmaHpleElvamZjNFVWWDdyRU9JNFFXUTdmV2hWTXF3RStwaHI0eS90OHFXcFIxcEpqYWdlSkErcy9WZ1lRRDg2My9FY09qRXpzNmpKZ2dJdFFBWU9DTkNKRHZ2bllRZzl4MG5JKzBLYVB0TEVPTHpUSURvNy9nWVZ0VmNJVkhHWE9SV1RENzQzcnVRNkhWSWw5cDBDWXJZVlRTU3QraFpVaDU4U2U5VVBrRkhmN1FHN1cvSHRkdlR0OUlRZXcwcDByZnoxRzFNdGxLa0twT3dtTTRSaGg0eURTR3pmei9Yc1dSZzFIaDV0cUJCUldFTThhSnpIRVZMRTN4eWMzNlVadjYrVUxQWG5sd1ZXN1hnNHpBdmJrSi9iUjVPZ1ZaSm93d0RlMHR4Sy9PeUtsTGI3VTQyWFBJV1BMSSs4WTJiTUM4V1RqUXpqR3htVmxNMnA2YWhWekhNc2FpbjNBY0h3UTA3VDBVNWZFWGllOVVObzV1SlpSbXBocnQ1NFVVYkdCZmVhYlpsdS90dkZQOWlGT0RMOEZqcEsyUmx2SitoU2l1WlNBR1RJaG1IUDdWNzByRis1dVg4cThia3FpeFlYRzgyelVLeUhMZm0zYzVENldERjkxYUo3dnNSbTJyZ2FYQWI0VVpXaHdrT09JM3VSY1VNeVZnT1IySHhJZFJ3UTRPSUtTbUtvL0wzYnJyajFxdjZhRmxteTdBVWQvK3czbVlmNnVBREt5emp6LzdNN1QzLzd6cGUrL0NvTkRvbzlYaXVnaVFzM0k2SEZGMTNIbWdocjN5NGZ6RHI5UkFuS1paSlVqZTc2d0YrbUNqWmFVK3hrT013Q01kZU1MV2NvNzVJeExERnZiL0ZWTDRnaFJTcTlsUjhET0dFZVZFN1BwQkNHa1dxQXVCUUZwb0NJWUxTajVObDZNUUdYNjdDaXhVOWFuNXJSbUVodE5lNWp0T01lSlJtekRxWkIzTUp6TGUrWlJxVGdDQldDQW1jQ0dvWGRCVSs0WGgwWjZralFJS2NoN1JSelZmY3UwRFdCYTZQOUFXOS9zVTE3U2NPMlFqb0lqZktZWkg2STBZanpoVGE5Y25sbUloSlVvc1cvbm5ZSkxxV2RMem9iWE1HQUExNitueHJNRngvVmlxaXhGWk5VZlFtaDRNczhVNmhTWkJHenhZbUNwaXdGazZHV2VNd3NMNlZXdHhlUk1SbytHQXlEU3FRdUlTd3JieE9NTm9kSDhPTDE3NHU1dStUcWdiN1NZVnA3WkJjSU44YXJEdThlazNUcEcwRHprbkQzWGJCeUNyNG9zNkV4N0RoUXFuT0JVV2lQMEV5QzlCNzVSQ0w2Z28vT0JxYzcyemtxNlMrZXIvc0VPRXJzSTUxdFJkb1dTZGRnN1AwdzFsNXA4OUhZWVR1VWJpNGtFSHEzQy9qcllsWG4rdHA4MVBpUzBYTXBOVEpvYUhyV1prUnV6eFdrSXo0UFhnS25HZ1JQVVBneUtlcDF6WkNIRU5ydXpTL25PU29qWHltazNDQnBNTDVGMS93K1B4VXpVNFlDRkszMVFGTDVoYUltRDFDYy8yWmRxZ0kxT01lQVRSMlI1UlNCSldqODVNWFVFZTh4Mm5ZSU1WcnVRNWdXQWpOT056eDFLTGNLMEdFWHlnR05RMzhZTlBGM3R6UlpmMFJKeVZuL0FjdnhDczgzOE11NnBHL3ZnQ3NWRTBhNG4zTHpSV3ZSZHFLZzZWa0FHd0dyR0tRWHI3VEx1Qk9icHM5S2tOMHNKZndmd2dxSGJLRGNFNi9xR3Z1TjZ6eWhXMDBKakd5K0lXY0hIc0FlZTJwcnJzbHptMkZOamJYNWdQTmFjSTRubE5MYklsSWZKbXFzS1FoSGFCYUFoSDBWRHNTTGs1bVdsaWk5ZFFJeDgyZkRoV3hXdHowb2o1NjV1QmFjUkJYS0JvaW9YRE1jaXdTN2JUUTZDenp1bmhBMTFjZzdNbkE2c0RFWUVBTDBiMWFPWVBhYy9vak1XL0xBN0RQUzdqVEYrVUt3aWp3aDVXenUwSXZyRHV2d054MStRWlFTcWc5SnhobEZYL2FhdVlhc0QzUzZmVHVSSlpJaXBYZHhvRnJrbzJYbUhFaUxXM05lSXhFMkcxS3U2UE80YUxoSHBtbXJyU0tTUzNVbElRd1J0WU1URWJUcVhIQVNEaEE4ckRFQ2RTckNEL0ZhNnNqc2JjVERLZ2czUlhNZS9VSVZ6NUJmcTRqODhmbjFrOFJ3R05wbm10SlEyNWYyL0ZTcU8rZG50NmtYQ3FQWktPWGRZSnRRZHF4bmp4c2tXZW1UWGRmUCt4cHdVcVpNRVBoOVFrM1Z4NDc1N3l3dXJrMHdSSmdiZG02UWd1VGI2ZUc1ZGFneUtpeFB0TWw4VE1zcWRWR2xVQ0o2UkQyRGpPc2NEU2VWcFFqZDU5d3ZwRkNBb09sY09sZEVDb0o3VElEazB5dzd3bk54TmtSS0ZnQSsreDB0Q29CV2VpNm8vVUlhMk1JdEI1WEZzTFNKSG56NjlYUnNnaXJnb0JSUlVsUVZ5amhPNVZWTlJJT3hsRmIzWWpRa1pmOEVETUlrUVdhYnNyV2ZTR0FXeE1WbzIzNFdyeHJOaVg2dVQ5c3prdnBnaVpXS2xPUy80bkRJSEVhRDd3YVMxcHNOTHUvTzYyWjBxY1J3N0x4VEt0WkN1dXNRbzQ1UHFuckVwVGkrRWgyenUxREVSWWVuN2hoR1AwWGZaMFhBeFFBR05aZFZkaVAzWkJrcnFYa1o5b0kvcTNxZjlZVS9ldGN2ZWVaNjlSSEo4QnVOYitmUGd2bkczQWlrOU5jSGhYMWl0RW1KWFhIbys0bGRycGwzbWh4NHQ0cG1OQStIQU9YRmJBSXY5UGlORk5XSUdzNDEybG1yRUdWYmkyNEczYjFQYjB0eTY4ZDRLZkZmR0xQc1hSSnBqSnh1QVBtZ1B0UzZzMWJiekRJYlBOQWIreFIwQTFLUWFlV0ZRZnpZN1lteTc4SUEyVFNJWjNtOVRheVNERFk3V0ljM2UrWG5rTUFZd3RCQ2VpN2Vrd2JkR0lyQ0wrTytCanZneXJCcFNFM1VkcWNrUzBJd3gyelBBanE3Q3lJVWMydjE0Q29aR1BmdlZodXpjUmxRK1lXVVVhWDl1d3pjTUlnZ3dQdDZSQU91Yzc1WmI3S29JZWNsRnFtN3RENlBwRzh5c2cyZG1mMzkvM2V3QzFzSmhwbTNYYVN1ZklzY1hoa3ovcFBETC9wK3ZRU0ZoU1RBcmNDdU5WN1J1TDNzSXY3YUo5MHMwQkd2bHNwdjIvNTNLNW0wajlFQlUrYVBzTzdDd3dnWVNwUkU1ZXpMWjV6cThJTjduRm1nQy9IM1BBaEk3QzBCOFcrbCtNVlVTa1dWdG9OdzZyNzVwVHMxODRIb25XdnRGYUIwNkd5UEZxQnVkb1FlcXZLdzFVUTFHVmhocjlYTEhYc0NRT3YvRmI0cWVnbml6ZTZNY1ZLRC9ZYndOZEwreEVrMVJ1UWNFSjdSMHRUY3JmdnViOHZKWHVoZTNlWjZ6VDE2WnlCa0hCL1dUUUt0YW0vckV2WlJUUWl5YzlQRE9nZnZVQVdWKzVCaFQ2MnZ0aXNUVGpKTklOakhqelpLcHVnMmx1YTBpYm1aYjUwbG9WakVNRE9pODlwSCt2Mng1VTNuV281a0RHSHVDWUl2QjZjVjU5OFB6Zm9MU0tJdWhvdkFBbWFWallhWVZWeDZqVTl3TEFudVBYMWhzQmxpeUpwaWtlYzZ6RmJTZU10SGZCOVIvZGZOOXJtTVU3Y3BuWEhGSzRiSmRLMTdLK05FTmtSRjRjT0NBRUliNng4eVVVZ28xZkJxTzJoQjIvZ1dES3NnbnpQQTR4TVpEdnJkM2xuMURRRzBLbXNSc01hbXF5Rml6MWJPMXZjWVU3b0JISEQzdzVtZzBrQnF2OUtlYXlHd1pwZHM2MzdmYWNEV05kTVhmQS83YzBYVllpYmthYTJVN2VRN1IzNm0yeWZic0gzaUdPZFdaT0RQZlNVNTB5V2lDUjZZN0RiaWhtKzY3b2ZIdTRmR3JWZVZsWHFZemdQU0xoK3BpUnhFZW95dUNTTHV1VTkxeHpnSWsxbE9WYVZtTm1pVEl5S0N4YVA1YXZXM1NteXFHMlBhbXFFUmtMakZMaGRNU25YcW5xYVNzUmV2Unc1cGV0L0hCQzdEQWg0Tnd2eEtXbzlUYzlneFpuU3RuZlN4Z1IzVW8zeXYwYXJLNWduRHQ5S3UrdU52U000Ui9SWmwvby8vd1pEQ0FzUDhhUG9wYVI4QkFmYkMwSjk2eklPaGRRTzVxWmplbXBmdWNEOCtTelRKSGhnc0xpTjArWUJydVJMVE9tbndFdDJUNXR1L3FjdWhPRWl0dS96Q3JQVUt3KzhjejQ3QlFMMm9HdlBVdTdCbVkyYTMzVjhndFljdWtrRHJ3VmxpNDhDRFdwL29JWW0vWWpadFZNOWkwb1ZUYWkrWit6emhYU3R5ZHhlOS92ODJnMVBQRW9uS0hmNjk4L3B6SmFuZGZqSklwc21IUlVPTGUxUXpSL1phdWZEbmlyNmFDZ2tjRTh5WERIbXRRQmw2eTE1d3JzbndFN2RycC9INnBCYVZXV3lFNWFJQTh5dGJqUGUzMFF2RWV1Y2hEWHcydFgrQlphWlBoK0ZIOGZaN1NDMUN2Zk5MdGtmbDBrQjJlbnIrOEFGdlU4V2FNbzNZTThzNVgxZlZZRGhOdi93dDRCR0hMVlVPL0RodWQ1V1U0K1lJNmwwYUFKSjF5YUo3TkpvdzVYVkd3a1RIamF6T2V1WkNQczhLZitiUkQ5Ykx1SUNjenc3SitBNk0vY3BaTkM2UU5kcVc3QjJ4Q1R1L3RYb2xpYmZya25ENlRwYy9ybWN3ZEZJOGwzUnByeVB3WWVQeS80cHdJRTNFNkd4ZVFDRHBpd1BUd1J3Q2JDdzJES0ZMZ3k5VHR2TVB1a1ovTFlWYW1vNHdDY0FpQ2paK3BERGVQdlp6WHVueU9iY1NCVWdFcXhucWZEbnBSUGc1VVM2OENrc09aa2l4K29xWEYwUVpFMXJ3VDA4VEVwMU5VbE1DRllTNHhJSURxWDlPTHd3VCtVV2RIMDk3RlZQcXEzVTQ2eGZNNmptMVBxbW9MQTR5SllMRVpZRWNkS0hKbWMrWEN5WGsxRHZIdnlFSkhaVkk1S1R3SW53Q1Rqc21FZnRaRHlTekZpTVRwTFVocFo5WHo1M2hRNXdvd3FDOUliZ3JwTy9BT0ZvSkFiajB0cW1ybEtjZ3V5K0lIVHZkWWRycnRZUlpwUDJxYkxwMm9sZG9yamZFbUNKWU45OFdUbE96Q1NDU3VXRi9MS3FiN2tNL1dKN2hCUWVlM2UvRlowQktZalZTNy80UEdYSktDLzZuUTZOQ09qeWtkUUZyb3pnL1RaejU1WTJHaXAzOXBjeW9DQytHTVIwUWR2eTFWRHlvdlQ2QzI0NERIVWhlM1BLMGo1VStKcEsxVkZrYlo4PSIgQ29ycmVsYXRpb25CaW5kaW5nPSIiIFVybEVuY29kZT0iVHJ1ZSIgLz4NCiAgICAgICAgPEZvcm1Qb3N0UGFyYW1ldGVyIE5hbWU9IlNjcmVlbldpZHRoIiBWYWx1ZT0ie3skSElEREVOMS5TY3JlZW5XaWR0aH19IiBSZWNvcmRlZFZhbHVlPSIiIENvcnJlbGF0aW9uQmluZGluZz0iIiBVcmxFbmNvZGU9IlRydWUiIC8+DQogICAgICAgIDxGb3JtUG9zdFBhcmFtZXRlciBOYW1lPSJTY3JlZW5IZWlnaHQiIFZhbHVlPSJ7eyRISURERU4xLlNjcmVlbkhlaWdodH19IiBSZWNvcmRlZFZhbHVlPSIiIENvcnJlbGF0aW9uQmluZGluZz0iIiBVcmxFbmNvZGU9IlRydWUiIC8+DQogICAgICAgIDxGb3JtUG9zdFBhcmFtZXRlciBOYW1lPSJidG5RdWVyeSIgVmFsdWU9IuafpeipoiIgUmVjb3JkZWRWYWx1ZT0i5p+l6KmiIiBDb3JyZWxhdGlvbkJpbmRpbmc9Int7Rm9ybVBvc3RQYXJhbTM2LmJ0blF1ZXJ5fX0iIFVybEVuY29kZT0iVHJ1ZSIgLz4NCiAgICAgICAgPEZvcm1Qb3N0UGFyYW1ldGVyIE5hbWU9ImRkbE9yZ0FuZEZsb3ciIFZhbHVlPSIiIFJlY29yZGVkVmFsdWU9IiIgQ29ycmVsYXRpb25CaW5kaW5nPSIiIFVybEVuY29kZT0iVHJ1ZSIgLz4NCiAgICAgICAgPEZvcm1Qb3N0UGFyYW1ldGVyIE5hbWU9ImRkbFF1ZXJ5Q29uZGl0aW9ucyIgVmFsdWU9IjAiIFJlY29yZGVkVmFsdWU9IjAiIENvcnJlbGF0aW9uQmluZGluZz0ie3tGb3JtUG9zdFBhcmFtMzguZGRsUXVlcnlDb25kaXRpb25zfX0iIFVybEVuY29kZT0iVHJ1ZSIgLz4NCiAgICAgICAgPEZvcm1Qb3N0UGFyYW1ldGVyIE5hbWU9InR4dE9URW1wSUQiIFZhbHVlPSIxMDIwOTkiIFJlY29yZGVkVmFsdWU9IjEwMjA5OSIgQ29ycmVsYXRpb25CaW5kaW5nPSJ7e0Zvcm1Qb3N0UGFyYW0zNy50eHRPVEVtcElEfX0iIFVybEVuY29kZT0iVHJ1ZSIgLz4NCiAgICAgICAgPEZvcm1Qb3N0UGFyYW1ldGVyIE5hbWU9InR4dE9URW1wTmFtZSIgVmFsdWU9IiIgUmVjb3JkZWRWYWx1ZT0iIiBDb3JyZWxhdGlvbkJpbmRpbmc9IiIgVXJsRW5jb2RlPSJUcnVlIiAvPg0KICAgICAgICA8Rm9ybVBvc3RQYXJhbWV0ZXIgTmFtZT0idHh0T1RGb3JtTk8iIFZhbHVlPSIiIFJlY29yZGVkVmFsdWU9IiIgQ29ycmVsYXRpb25CaW5kaW5nPSIiIFVybEVuY29kZT0iVHJ1ZSIgLz4NCiAgICAgICAgPEZvcm1Qb3N0UGFyYW1ldGVyIE5hbWU9ImRkbE9UU3RhdHVzIiBWYWx1ZT0iMSIgUmVjb3JkZWRWYWx1ZT0iMSIgQ29ycmVsYXRpb25CaW5kaW5nPSJ7e0Zvcm1Qb3N0UGFyYW0zOS5kZGxPVFN0YXR1c319IiBVcmxFbmNvZGU9IlRydWUiIC8+DQogICAgICAgIDxGb3JtUG9zdFBhcmFtZXRlciBOYW1lPSJ0eHRPVERhdGVCZWdpbiR0eHREYXRlIiBWYWx1ZT0iIiBSZWNvcmRlZFZhbHVlPSIiIENvcnJlbGF0aW9uQmluZGluZz0iIiBVcmxFbmNvZGU9IlRydWUiIC8+DQogICAgICAgIDxGb3JtUG9zdFBhcmFtZXRlciBOYW1lPSJ0eHRPVERhdGVFbmQkdHh0RGF0ZSIgVmFsdWU9IiIgUmVjb3JkZWRWYWx1ZT0iIiBDb3JyZWxhdGlvbkJpbmRpbmc9IiIgVXJsRW5jb2RlPSJUcnVlIiAvPg0KICAgICAgICA8Rm9ybVBvc3RQYXJhbWV0ZXIgTmFtZT0idWNNb2RhbFBvcHVwMSRDbGllbnRXaWR0aCIgVmFsdWU9Int7JEhJRERFTjEudWNNb2RhbFBvcHVwMSRDbGllbnRXaWR0aH19IiBSZWNvcmRlZFZhbHVlPSIwIiBDb3JyZWxhdGlvbkJpbmRpbmc9IiIgVXJsRW5jb2RlPSJUcnVlIiAvPg0KICAgICAgICA8Rm9ybVBvc3RQYXJhbWV0ZXIgTmFtZT0idWNNb2RhbFBvcHVwMSRDbGllbnRIZWlnaHQiIFZhbHVlPSJ7eyRISURERU4xLnVjTW9kYWxQb3B1cDEkQ2xpZW50SGVpZ2h0fX0iIFJlY29yZGVkVmFsdWU9IjAiIENvcnJlbGF0aW9uQmluZGluZz0iIiBVcmxFbmNvZGU9IlRydWUiIC8+DQogICAgICA8L0Zvcm1Qb3N0SHR0cEJvZHk+DQogICAgPC9SZXF1ZXN0Pg0KICAgIDxSZXF1ZXN0IE1ldGhvZD0iUE9TVCIgR3VpZD0iZmZkYTY2NWUtNDkwMy00Y2JmLTg0ODItOTZjNGI2YjE2MGZjIiBWZXJzaW9uPSIxLjEiIFVybD0iaHR0cDovLzEwLjExLjM2LjExNDo4MDA3L092ZXJUaW1lL092ZXJ0aW1lUHJlT3JkZXIuYXNweCIgVGhpbmtUaW1lPSIzMCIgVGltZW91dD0iMzAwIiBQYXJzZURlcGVuZGVudFJlcXVlc3RzPSJUcnVlIiBGb2xsb3dSZWRpcmVjdHM9IlRydWUiIFJlY29yZFJlc3VsdD0iVHJ1ZSIgQ2FjaGU9IkZhbHNlIiBSZXNwb25zZVRpbWVHb2FsPSIwIiBFbmNvZGluZz0idXRmLTgiIEV4cGVjdGVkSHR0cFN0YXR1c0NvZGU9IjAiIEV4cGVjdGVkUmVzcG9uc2VVcmw9Imh0dHA6Ly8xMC4xMS4zNi4xMTQ6ODAwNy9PdmVyVGltZS9PdmVydGltZVByZU9yZGVyX01vZGlmeS5hc3B4P09UQ29tcElEPVNQSEJLMSZhbXA7T1RFbXBJRD0xMDIwOTkmYW1wO09UU3RhcnREYXRlPTIwMTcvMDQvMTYmYW1wO09URW5kRGF0ZT0yMDE3LzA0LzE2JmFtcDtPVFN0YXJ0VGltZT0yMjAwJmFtcDtPVEVuZFRpbWU9MjMwMCZhbXA7T1RUeG5JRD1TUEhCSzExMDIwOTkyMDE3MDQxNjAyJmFtcDtPVEZvcm1OTz0yMDE3MDQxNzAyMTAyMDk5IiBSZXBvcnRpbmdOYW1lPSIiIElnbm9yZUh0dHBTdGF0dXNDb2RlPSJGYWxzZSI+DQogICAgICA8RXh0cmFjdGlvblJ1bGVzPg0KICAgICAgICA8RXh0cmFjdGlvblJ1bGUgQ2xhc3NuYW1lPSJNaWNyb3NvZnQuVmlzdWFsU3R1ZGlvLlRlc3RUb29scy5XZWJUZXN0aW5nLlJ1bGVzLkV4dHJhY3RIaWRkZW5GaWVsZHMsIE1pY3Jvc29mdC5WaXN1YWxTdHVkaW8uUXVhbGl0eVRvb2xzLldlYlRlc3RGcmFtZXdvcmssIFZlcnNpb249MTAuMC4wLjAsIEN1bHR1cmU9bmV1dHJhbCwgUHVibGljS2V5VG9rZW49YjAzZjVmN2YxMWQ1MGEzYSIgVmFyaWFibGVOYW1lPSIxIiBEaXNwbGF5TmFtZT0i5pO35Y+W6Zqx6JeP5qyE5L2NIiBEZXNjcmlwdGlvbj0i5pO35Y+W5Zue5oeJ5Lit55qE5omA5pyJ6Zqx6JeP5qyE5L2N77yM5Lim5bCH5a6D5YCR5pS+5Zyo5ris6Kmm5YWn5a655Lit44CCIj4NCiAgICAgICAgICA8UnVsZVBhcmFtZXRlcnM+DQogICAgICAgICAgICA8UnVsZVBhcmFtZXRlciBOYW1lPSJSZXF1aXJlZCIgVmFsdWU9IlRydWUiIC8+DQogICAgICAgICAgICA8UnVsZVBhcmFtZXRlciBOYW1lPSJIdG1sRGVjb2RlIiBWYWx1ZT0iVHJ1ZSIgLz4NCiAgICAgICAgICA8L1J1bGVQYXJhbWV0ZXJzPg0KICAgICAgICA8L0V4dHJhY3Rpb25SdWxlPg0KICAgICAgPC9FeHRyYWN0aW9uUnVsZXM+DQogICAgICA8Q29ycmVsYXRpb25FeHRyYWN0aW9uUnVsZXM+DQogICAgICAgIDxFeHRyYWN0aW9uUnVsZSBDbGFzc25hbWU9Ik1pY3Jvc29mdC5WaXN1YWxTdHVkaW8uVGVzdFRvb2xzLldlYlRlc3RpbmcuUnVsZXMuRXh0cmFjdFRleHQsIE1pY3Jvc29mdC5WaXN1YWxTdHVkaW8uUXVhbGl0eVRvb2xzLldlYlRlc3RGcmFtZXdvcmssIFZlcnNpb249MTAuMC4wLjAsIEN1bHR1cmU9bmV1dHJhbCwgUHVibGljS2V5VG9rZW49YjAzZjVmN2YxMWQ1MGEzYSIgVmFyaWFibGVOYW1lPSJRdWVyeVN0cmluZ1BhcmFtMTcuT1RDb21wSUQiIERpc3BsYXlOYW1lPSIiIERlc2NyaXB0aW9uPSIiPg0KICAgICAgICAgIDxSdWxlUGFyYW1ldGVycz4NCiAgICAgICAgICAgIDxSdWxlUGFyYW1ldGVyIE5hbWU9IlN0YXJ0c1dpdGgiIFZhbHVlPSI/T1RDb21wSUQ9IiAvPg0KICAgICAgICAgICAgPFJ1bGVQYXJhbWV0ZXIgTmFtZT0iRW5kc1dpdGgiIFZhbHVlPSImYW1wOyIgLz4NCiAgICAgICAgICAgIDxSdWxlUGFyYW1ldGVyIE5hbWU9IkluZGV4IiBWYWx1ZT0iMCIgLz4NCiAgICAgICAgICAgIDxSdWxlUGFyYW1ldGVyIE5hbWU9Iklnbm9yZUNhc2UiIFZhbHVlPSJGYWxzZSIgLz4NCiAgICAgICAgICAgIDxSdWxlUGFyYW1ldGVyIE5hbWU9IlVzZVJlZ3VsYXJFeHByZXNzaW9uIiBWYWx1ZT0iRmFsc2UiIC8+DQogICAgICAgICAgICA8UnVsZVBhcmFtZXRlciBOYW1lPSJIdG1sRGVjb2RlIiBWYWx1ZT0iVHJ1ZSIgLz4NCiAgICAgICAgICAgIDxSdWxlUGFyYW1ldGVyIE5hbWU9IlJlcXVpcmVkIiBWYWx1ZT0iRmFsc2UiIC8+DQogICAgICAgICAgPC9SdWxlUGFyYW1ldGVycz4NCiAgICAgICAgPC9FeHRyYWN0aW9uUnVsZT4NCiAgICAgICAgPEV4dHJhY3Rpb25SdWxlIENsYXNzbmFtZT0iTWljcm9zb2Z0LlZpc3VhbFN0dWRpby5UZXN0VG9vbHMuV2ViVGVzdGluZy5SdWxlcy5FeHRyYWN0VGV4dCwgTWljcm9zb2Z0LlZpc3VhbFN0dWRpby5RdWFsaXR5VG9vbHMuV2ViVGVzdEZyYW1ld29yaywgVmVyc2lvbj0xMC4wLjAuMCwgQ3VsdHVyZT1uZXV0cmFsLCBQdWJsaWNLZXlUb2tlbj1iMDNmNWY3ZjExZDUwYTNhIiBWYXJpYWJsZU5hbWU9IlF1ZXJ5U3RyaW5nUGFyYW0xOC5PVEVtcElEIiBEaXNwbGF5TmFtZT0iIiBEZXNjcmlwdGlvbj0iIj4NCiAgICAgICAgICA8UnVsZVBhcmFtZXRlcnM+DQogICAgICAgICAgICA8UnVsZVBhcmFtZXRlciBOYW1lPSJTdGFydHNXaXRoIiBWYWx1ZT0iJmFtcDthbXA7T1RFbXBJRD0iIC8+DQogICAgICAgICAgICA8UnVsZVBhcmFtZXRlciBOYW1lPSJFbmRzV2l0aCIgVmFsdWU9IiZhbXA7IiAvPg0KICAgICAgICAgICAgPFJ1bGVQYXJhbWV0ZXIgTmFtZT0iSW5kZXgiIFZhbHVlPSIwIiAvPg0KICAgICAgICAgICAgPFJ1bGVQYXJhbWV0ZXIgTmFtZT0iSWdub3JlQ2FzZSIgVmFsdWU9IkZhbHNlIiAvPg0KICAgICAgICAgICAgPFJ1bGVQYXJhbWV0ZXIgTmFtZT0iVXNlUmVndWxhckV4cHJlc3Npb24iIFZhbHVlPSJGYWxzZSIgLz4NCiAgICAgICAgICAgIDxSdWxlUGFyYW1ldGVyIE5hbWU9Ikh0bWxEZWNvZGUiIFZhbHVlPSJUcnVlIiAvPg0KICAgICAgICAgICAgPFJ1bGVQYXJhbWV0ZXIgTmFtZT0iUmVxdWlyZWQiIFZhbHVlPSJGYWxzZSIgLz4NCiAgICAgICAgICA8L1J1bGVQYXJhbWV0ZXJzPg0KICAgICAgICA8L0V4dHJhY3Rpb25SdWxlPg0KICAgICAgICA8RXh0cmFjdGlvblJ1bGUgQ2xhc3NuYW1lPSJNaWNyb3NvZnQuVmlzdWFsU3R1ZGlvLlRlc3RUb29scy5XZWJUZXN0aW5nLlJ1bGVzLkV4dHJhY3RUZXh0LCBNaWNyb3NvZnQuVmlzdWFsU3R1ZGlvLlF1YWxpdHlUb29scy5XZWJUZXN0RnJhbWV3b3JrLCBWZXJzaW9uPTEwLjAuMC4wLCBDdWx0dXJlPW5ldXRyYWwsIFB1YmxpY0tleVRva2VuPWIwM2Y1ZjdmMTFkNTBhM2EiIFZhcmlhYmxlTmFtZT0iUXVlcnlTdHJpbmdQYXJhbTE5Lk9UU3RhcnREYXRlIiBEaXNwbGF5TmFtZT0iIiBEZXNjcmlwdGlvbj0iIj4NCiAgICAgICAgICA8UnVsZVBhcmFtZXRlcnM+DQogICAgICAgICAgICA8UnVsZVBhcmFtZXRlciBOYW1lPSJTdGFydHNXaXRoIiBWYWx1ZT0iJmFtcDthbXA7T1RTdGFydERhdGU9IiAvPg0KICAgICAgICAgICAgPFJ1bGVQYXJhbWV0ZXIgTmFtZT0iRW5kc1dpdGgiIFZhbHVlPSImYW1wOyIgLz4NCiAgICAgICAgICAgIDxSdWxlUGFyYW1ldGVyIE5hbWU9IkluZGV4IiBWYWx1ZT0iMCIgLz4NCiAgICAgICAgICAgIDxSdWxlUGFyYW1ldGVyIE5hbWU9Iklnbm9yZUNhc2UiIFZhbHVlPSJGYWxzZSIgLz4NCiAgICAgICAgICAgIDxSdWxlUGFyYW1ldGVyIE5hbWU9IlVzZVJlZ3VsYXJFeHByZXNzaW9uIiBWYWx1ZT0iRmFsc2UiIC8+DQogICAgICAgICAgICA8UnVsZVBhcmFtZXRlciBOYW1lPSJIdG1sRGVjb2RlIiBWYWx1ZT0iVHJ1ZSIgLz4NCiAgICAgICAgICAgIDxSdWxlUGFyYW1ldGVyIE5hbWU9IlJlcXVpcmVkIiBWYWx1ZT0iRmFsc2UiIC8+DQogICAgICAgICAgPC9SdWxlUGFyYW1ldGVycz4NCiAgICAgICAgPC9FeHRyYWN0aW9uUnVsZT4NCiAgICAgICAgPEV4dHJhY3Rpb25SdWxlIENsYXNzbmFtZT0iTWljcm9zb2Z0LlZpc3VhbFN0dWRpby5UZXN0VG9vbHMuV2ViVGVzdGluZy5SdWxlcy5FeHRyYWN0VGV4dCwgTWljcm9zb2Z0LlZpc3VhbFN0dWRpby5RdWFsaXR5VG9vbHMuV2ViVGVzdEZyYW1ld29yaywgVmVyc2lvbj0xMC4wLjAuMCwgQ3VsdHVyZT1uZXV0cmFsLCBQdWJsaWNLZXlUb2tlbj1iMDNmNWY3ZjExZDUwYTNhIiBWYXJpYWJsZU5hbWU9IlF1ZXJ5U3RyaW5nUGFyYW0yMC5PVEVuZERhdGUiIERpc3BsYXlOYW1lPSIiIERlc2NyaXB0aW9uPSIiPg0KICAgICAgICAgIDxSdWxlUGFyYW1ldGVycz4NCiAgICAgICAgICAgIDxSdWxlUGFyYW1ldGVyIE5hbWU9IlN0YXJ0c1dpdGgiIFZhbHVlPSImYW1wO2FtcDtPVEVuZERhdGU9IiAvPg0KICAgICAgICAgICAgPFJ1bGVQYXJhbWV0ZXIgTmFtZT0iRW5kc1dpdGgiIFZhbHVlPSImYW1wOyIgLz4NCiAgICAgICAgICAgIDxSdWxlUGFyYW1ldGVyIE5hbWU9IkluZGV4IiBWYWx1ZT0iMCIgLz4NCiAgICAgICAgICAgIDxSdWxlUGFyYW1ldGVyIE5hbWU9Iklnbm9yZUNhc2UiIFZhbHVlPSJGYWxzZSIgLz4NCiAgICAgICAgICAgIDxSdWxlUGFyYW1ldGVyIE5hbWU9IlVzZVJlZ3VsYXJFeHByZXNzaW9uIiBWYWx1ZT0iRmFsc2UiIC8+DQogICAgICAgICAgICA8UnVsZVBhcmFtZXRlciBOYW1lPSJIdG1sRGVjb2RlIiBWYWx1ZT0iVHJ1ZSIgLz4NCiAgICAgICAgICAgIDxSdWxlUGFyYW1ldGVyIE5hbWU9IlJlcXVpcmVkIiBWYWx1ZT0iRmFsc2UiIC8+DQogICAgICAgICAgPC9SdWxlUGFyYW1ldGVycz4NCiAgICAgICAgPC9FeHRyYWN0aW9uUnVsZT4NCiAgICAgICAgPEV4dHJhY3Rpb25SdWxlIENsYXNzbmFtZT0iTWljcm9zb2Z0LlZpc3VhbFN0dWRpby5UZXN0VG9vbHMuV2ViVGVzdGluZy5SdWxlcy5FeHRyYWN0VGV4dCwgTWljcm9zb2Z0LlZpc3VhbFN0dWRpby5RdWFsaXR5VG9vbHMuV2ViVGVzdEZyYW1ld29yaywgVmVyc2lvbj0xMC4wLjAuMCwgQ3VsdHVyZT1uZXV0cmFsLCBQdWJsaWNLZXlUb2tlbj1iMDNmNWY3ZjExZDUwYTNhIiBWYXJpYWJsZU5hbWU9IlF1ZXJ5U3RyaW5nUGFyYW0yMS5PVFN0YXJ0VGltZSIgRGlzcGxheU5hbWU9IiIgRGVzY3JpcHRpb249IiI+DQogICAgICAgICAgPFJ1bGVQYXJhbWV0ZXJzPg0KICAgICAgICAgICAgPFJ1bGVQYXJhbWV0ZXIgTmFtZT0iU3RhcnRzV2l0aCIgVmFsdWU9IiZhbXA7YW1wO09UU3RhcnRUaW1lPSIgLz4NCiAgICAgICAgICAgIDxSdWxlUGFyYW1ldGVyIE5hbWU9IkVuZHNXaXRoIiBWYWx1ZT0iJmFtcDsiIC8+DQogICAgICAgICAgICA8UnVsZVBhcmFtZXRlciBOYW1lPSJJbmRleCIgVmFsdWU9IjAiIC8+DQogICAgICAgICAgICA8UnVsZVBhcmFtZXRlciBOYW1lPSJJZ25vcmVDYXNlIiBWYWx1ZT0iRmFsc2UiIC8+DQogICAgICAgICAgICA8UnVsZVBhcmFtZXRlciBOYW1lPSJVc2VSZWd1bGFyRXhwcmVzc2lvbiIgVmFsdWU9IkZhbHNlIiAvPg0KICAgICAgICAgICAgPFJ1bGVQYXJhbWV0ZXIgTmFtZT0iSHRtbERlY29kZSIgVmFsdWU9IlRydWUiIC8+DQogICAgICAgICAgICA8UnVsZVBhcmFtZXRlciBOYW1lPSJSZXF1aXJlZCIgVmFsdWU9IkZhbHNlIiAvPg0KICAgICAgICAgIDwvUnVsZVBhcmFtZXRlcnM+DQogICAgICAgIDwvRXh0cmFjdGlvblJ1bGU+DQogICAgICAgIDxFeHRyYWN0aW9uUnVsZSBDbGFzc25hbWU9Ik1pY3Jvc29mdC5WaXN1YWxTdHVkaW8uVGVzdFRvb2xzLldlYlRlc3RpbmcuUnVsZXMuRXh0cmFjdFRleHQsIE1pY3Jvc29mdC5WaXN1YWxTdHVkaW8uUXVhbGl0eVRvb2xzLldlYlRlc3RGcmFtZXdvcmssIFZlcnNpb249MTAuMC4wLjAsIEN1bHR1cmU9bmV1dHJhbCwgUHVibGljS2V5VG9rZW49YjAzZjVmN2YxMWQ1MGEzYSIgVmFyaWFibGVOYW1lPSJRdWVyeVN0cmluZ1BhcmFtMjIuT1RFbmRUaW1lIiBEaXNwbGF5TmFtZT0iIiBEZXNjcmlwdGlvbj0iIj4NCiAgICAgICAgICA8UnVsZVBhcmFtZXRlcnM+DQogICAgICAgICAgICA8UnVsZVBhcmFtZXRlciBOYW1lPSJTdGFydHNXaXRoIiBWYWx1ZT0iJmFtcDthbXA7T1RFbmRUaW1lPSIgLz4NCiAgICAgICAgICAgIDxSdWxlUGFyYW1ldGVyIE5hbWU9IkVuZHNXaXRoIiBWYWx1ZT0iJmFtcDsiIC8+DQogICAgICAgICAgICA8UnVsZVBhcmFtZXRlciBOYW1lPSJJbmRleCIgVmFsdWU9IjAiIC8+DQogICAgICAgICAgICA8UnVsZVBhcmFtZXRlciBOYW1lPSJJZ25vcmVDYXNlIiBWYWx1ZT0iRmFsc2UiIC8+DQogICAgICAgICAgICA8UnVsZVBhcmFtZXRlciBOYW1lPSJVc2VSZWd1bGFyRXhwcmVzc2lvbiIgVmFsdWU9IkZhbHNlIiAvPg0KICAgICAgICAgICAgPFJ1bGVQYXJhbWV0ZXIgTmFtZT0iSHRtbERlY29kZSIgVmFsdWU9IlRydWUiIC8+DQogICAgICAgICAgICA8UnVsZVBhcmFtZXRlciBOYW1lPSJSZXF1aXJlZCIgVmFsdWU9IkZhbHNlIiAvPg0KICAgICAgICAgIDwvUnVsZVBhcmFtZXRlcnM+DQogICAgICAgIDwvRXh0cmFjdGlvblJ1bGU+DQogICAgICAgIDxFeHRyYWN0aW9uUnVsZSBDbGFzc25hbWU9Ik1pY3Jvc29mdC5WaXN1YWxTdHVkaW8uVGVzdFRvb2xzLldlYlRlc3RpbmcuUnVsZXMuRXh0cmFjdFRleHQsIE1pY3Jvc29mdC5WaXN1YWxTdHVkaW8uUXVhbGl0eVRvb2xzLldlYlRlc3RGcmFtZXdvcmssIFZlcnNpb249MTAuMC4wLjAsIEN1bHR1cmU9bmV1dHJhbCwgUHVibGljS2V5VG9rZW49YjAzZjVmN2YxMWQ1MGEzYSIgVmFyaWFibGVOYW1lPSJRdWVyeVN0cmluZ1BhcmFtMjMuT1RUeG5JRCIgRGlzcGxheU5hbWU9IiIgRGVzY3JpcHRpb249IiI+DQogICAgICAgICAgPFJ1bGVQYXJhbWV0ZXJzPg0KICAgICAgICAgICAgPFJ1bGVQYXJhbWV0ZXIgTmFtZT0iU3RhcnRzV2l0aCIgVmFsdWU9IiZhbXA7YW1wO09UVHhuSUQ9IiAvPg0KICAgICAgICAgICAgPFJ1bGVQYXJhbWV0ZXIgTmFtZT0iRW5kc1dpdGgiIFZhbHVlPSImYW1wOyIgLz4NCiAgICAgICAgICAgIDxSdWxlUGFyYW1ldGVyIE5hbWU9IkluZGV4IiBWYWx1ZT0iMCIgLz4NCiAgICAgICAgICAgIDxSdWxlUGFyYW1ldGVyIE5hbWU9Iklnbm9yZUNhc2UiIFZhbHVlPSJGYWxzZSIgLz4NCiAgICAgICAgICAgIDxSdWxlUGFyYW1ldGVyIE5hbWU9IlVzZVJlZ3VsYXJFeHByZXNzaW9uIiBWYWx1ZT0iRmFsc2UiIC8+DQogICAgICAgICAgICA8UnVsZVBhcmFtZXRlciBOYW1lPSJIdG1sRGVjb2RlIiBWYWx1ZT0iVHJ1ZSIgLz4NCiAgICAgICAgICAgIDxSdWxlUGFyYW1ldGVyIE5hbWU9IlJlcXVpcmVkIiBWYWx1ZT0iRmFsc2UiIC8+DQogICAgICAgICAgPC9SdWxlUGFyYW1ldGVycz4NCiAgICAgICAgPC9FeHRyYWN0aW9uUnVsZT4NCiAgICAgICAgPEV4dHJhY3Rpb25SdWxlIENsYXNzbmFtZT0iTWljcm9zb2Z0LlZpc3VhbFN0dWRpby5UZXN0VG9vbHMuV2ViVGVzdGluZy5SdWxlcy5FeHRyYWN0VGV4dCwgTWljcm9zb2Z0LlZpc3VhbFN0dWRpby5RdWFsaXR5VG9vbHMuV2ViVGVzdEZyYW1ld29yaywgVmVyc2lvbj0xMC4wLjAuMCwgQ3VsdHVyZT1uZXV0cmFsLCBQdWJsaWNLZXlUb2tlbj1iMDNmNWY3ZjExZDUwYTNhIiBWYXJpYWJsZU5hbWU9IlF1ZXJ5U3RyaW5nUGFyYW0yNC5PVEZvcm1OTyIgRGlzcGxheU5hbWU9IiIgRGVzY3JpcHRpb249IiI+DQogICAgICAgICAgPFJ1bGVQYXJhbWV0ZXJzPg0KICAgICAgICAgICAgPFJ1bGVQYXJhbWV0ZXIgTmFtZT0iU3RhcnRzV2l0aCIgVmFsdWU9IiZhbXA7YW1wO09URm9ybU5PPSIgLz4NCiAgICAgICAgICAgIDxSdWxlUGFyYW1ldGVyIE5hbWU9IkVuZHNXaXRoIiBWYWx1ZT0iJnF1b3Q7IiAvPg0KICAgICAgICAgICAgPFJ1bGVQYXJhbWV0ZXIgTmFtZT0iSW5kZXgiIFZhbHVlPSIwIiAvPg0KICAgICAgICAgICAgPFJ1bGVQYXJhbWV0ZXIgTmFtZT0iSWdub3JlQ2FzZSIgVmFsdWU9IkZhbHNlIiAvPg0KICAgICAgICAgICAgPFJ1bGVQYXJhbWV0ZXIgTmFtZT0iVXNlUmVndWxhckV4cHJlc3Npb24iIFZhbHVlPSJGYWxzZSIgLz4NCiAgICAgICAgICAgIDxSdWxlUGFyYW1ldGVyIE5hbWU9Ikh0bWxEZWNvZGUiIFZhbHVlPSJUcnVlIiAvPg0KICAgICAgICAgICAgPFJ1bGVQYXJhbWV0ZXIgTmFtZT0iUmVxdWlyZWQiIFZhbHVlPSJGYWxzZSIgLz4NCiAgICAgICAgICA8L1J1bGVQYXJhbWV0ZXJzPg0KICAgICAgICA8L0V4dHJhY3Rpb25SdWxlPg0KICAgICAgICA8RXh0cmFjdGlvblJ1bGUgQ2xhc3NuYW1lPSJNaWNyb3NvZnQuVmlzdWFsU3R1ZGlvLlRlc3RUb29scy5XZWJUZXN0aW5nLlJ1bGVzLkV4dHJhY3RGb3JtRmllbGQsIE1pY3Jvc29mdC5WaXN1YWxTdHVkaW8uUXVhbGl0eVRvb2xzLldlYlRlc3RGcmFtZXdvcmssIFZlcnNpb249MTAuMC4wLjAsIEN1bHR1cmU9bmV1dHJhbCwgUHVibGljS2V5VG9rZW49YjAzZjVmN2YxMWQ1MGEzYSIgVmFyaWFibGVOYW1lPSJGb3JtUG9zdFBhcmFtMjMuYnRuVGVtcFNhdmUiIERpc3BsYXlOYW1lPSIiIERlc2NyaXB0aW9uPSIiPg0KICAgICAgICAgIDxSdWxlUGFyYW1ldGVycz4NCiAgICAgICAgICAgIDxSdWxlUGFyYW1ldGVyIE5hbWU9Ik5hbWUiIFZhbHVlPSJidG5UZW1wU2F2ZSIgLz4NCiAgICAgICAgICAgIDxSdWxlUGFyYW1ldGVyIE5hbWU9Ikh0bWxEZWNvZGUiIFZhbHVlPSJUcnVlIiAvPg0KICAgICAgICAgICAgPFJ1bGVQYXJhbWV0ZXIgTmFtZT0iUmVxdWlyZWQiIFZhbHVlPSJGYWxzZSIgLz4NCiAgICAgICAgICAgIDxSdWxlUGFyYW1ldGVyIE5hbWU9IkluZGV4IiBWYWx1ZT0iMCIgLz4NCiAgICAgICAgICA8L1J1bGVQYXJhbWV0ZXJzPg0KICAgICAgICA8L0V4dHJhY3Rpb25SdWxlPg0KICAgICAgICA8RXh0cmFjdGlvblJ1bGUgQ2xhc3NuYW1lPSJNaWNyb3NvZnQuVmlzdWFsU3R1ZGlvLlRlc3RUb29scy5XZWJUZXN0aW5nLlJ1bGVzLkV4dHJhY3RGb3JtRmllbGQsIE1pY3Jvc29mdC5WaXN1YWxTdHVkaW8uUXVhbGl0eVRvb2xzLldlYlRlc3RGcmFtZXdvcmssIFZlcnNpb249MTAuMC4wLjAsIEN1bHR1cmU9bmV1dHJhbCwgUHVibGljS2V5VG9rZW49YjAzZjVmN2YxMWQ1MGEzYSIgVmFyaWFibGVOYW1lPSJGb3JtUG9zdFBhcmFtMjQudWNEYXRlU3RhcnQkdHh0RGF0ZSIgRGlzcGxheU5hbWU9IiIgRGVzY3JpcHRpb249IiI+DQogICAgICAgICAgPFJ1bGVQYXJhbWV0ZXJzPg0KICAgICAgICAgICAgPFJ1bGVQYXJhbWV0ZXIgTmFtZT0iTmFtZSIgVmFsdWU9InVjRGF0ZVN0YXJ0X3R4dERhdGUiIC8+DQogICAgICAgICAgICA8UnVsZVBhcmFtZXRlciBOYW1lPSJIdG1sRGVjb2RlIiBWYWx1ZT0iVHJ1ZSIgLz4NCiAgICAgICAgICAgIDxSdWxlUGFyYW1ldGVyIE5hbWU9IlJlcXVpcmVkIiBWYWx1ZT0iRmFsc2UiIC8+DQogICAgICAgICAgICA8UnVsZVBhcmFtZXRlciBOYW1lPSJJbmRleCIgVmFsdWU9IjAiIC8+DQogICAgICAgICAgPC9SdWxlUGFyYW1ldGVycz4NCiAgICAgICAgPC9FeHRyYWN0aW9uUnVsZT4NCiAgICAgICAgPEV4dHJhY3Rpb25SdWxlIENsYXNzbmFtZT0iTWljcm9zb2Z0LlZpc3VhbFN0dWRpby5UZXN0VG9vbHMuV2ViVGVzdGluZy5SdWxlcy5FeHRyYWN0Rm9ybUZpZWxkLCBNaWNyb3NvZnQuVmlzdWFsU3R1ZGlvLlF1YWxpdHlUb29scy5XZWJUZXN0RnJhbWV3b3JrLCBWZXJzaW9uPTEwLjAuMC4wLCBDdWx0dXJlPW5ldXRyYWwsIFB1YmxpY0tleVRva2VuPWIwM2Y1ZjdmMTFkNTBhM2EiIFZhcmlhYmxlTmFtZT0iRm9ybVBvc3RQYXJhbTI1LnVjRGF0ZUVuZCR0eHREYXRlIiBEaXNwbGF5TmFtZT0iIiBEZXNjcmlwdGlvbj0iIj4NCiAgICAgICAgICA8UnVsZVBhcmFtZXRlcnM+DQogICAgICAgICAgICA8UnVsZVBhcmFtZXRlciBOYW1lPSJOYW1lIiBWYWx1ZT0idWNEYXRlRW5kX3R4dERhdGUiIC8+DQogICAgICAgICAgICA8UnVsZVBhcmFtZXRlciBOYW1lPSJIdG1sRGVjb2RlIiBWYWx1ZT0iVHJ1ZSIgLz4NCiAgICAgICAgICAgIDxSdWxlUGFyYW1ldGVyIE5hbWU9IlJlcXVpcmVkIiBWYWx1ZT0iRmFsc2UiIC8+DQogICAgICAgICAgICA8UnVsZVBhcmFtZXRlciBOYW1lPSJJbmRleCIgVmFsdWU9IjAiIC8+DQogICAgICAgICAgPC9SdWxlUGFyYW1ldGVycz4NCiAgICAgICAgPC9FeHRyYWN0aW9uUnVsZT4NCiAgICAgICAgPEV4dHJhY3Rpb25SdWxlIENsYXNzbmFtZT0iTWljcm9zb2Z0LlZpc3VhbFN0dWRpby5UZXN0VG9vbHMuV2ViVGVzdGluZy5SdWxlcy5FeHRyYWN0VGV4dCwgTWljcm9zb2Z0LlZpc3VhbFN0dWRpby5RdWFsaXR5VG9vbHMuV2ViVGVzdEZyYW1ld29yaywgVmVyc2lvbj0xMC4wLjAuMCwgQ3VsdHVyZT1uZXV0cmFsLCBQdWJsaWNLZXlUb2tlbj1iMDNmNWY3ZjExZDUwYTNhIiBWYXJpYWJsZU5hbWU9IkZvcm1Qb3N0UGFyYW0yNi5kZGxTYWxhcnlPckFkanVzdCIgRGlzcGxheU5hbWU9IiIgRGVzY3JpcHRpb249IiI+DQogICAgICAgICAgPFJ1bGVQYXJhbWV0ZXJzPg0KICAgICAgICAgICAgPFJ1bGVQYXJhbWV0ZXIgTmFtZT0iU3RhcnRzV2l0aCIgVmFsdWU9IiZxdW90OzEmcXVvdDssJnF1b3Q7IiAvPg0KICAgICAgICAgICAgPFJ1bGVQYXJhbWV0ZXIgTmFtZT0iRW5kc1dpdGgiIFZhbHVlPSImcXVvdDssJnF1b3Q7MyZxdW90OyIgLz4NCiAgICAgICAgICAgIDxSdWxlUGFyYW1ldGVyIE5hbWU9IkluZGV4IiBWYWx1ZT0iMCIgLz4NCiAgICAgICAgICAgIDxSdWxlUGFyYW1ldGVyIE5hbWU9Iklnbm9yZUNhc2UiIFZhbHVlPSJGYWxzZSIgLz4NCiAgICAgICAgICAgIDxSdWxlUGFyYW1ldGVyIE5hbWU9IlVzZVJlZ3VsYXJFeHByZXNzaW9uIiBWYWx1ZT0iRmFsc2UiIC8+DQogICAgICAgICAgICA8UnVsZVBhcmFtZXRlciBOYW1lPSJIdG1sRGVjb2RlIiBWYWx1ZT0iVHJ1ZSIgLz4NCiAgICAgICAgICAgIDxSdWxlUGFyYW1ldGVyIE5hbWU9IlJlcXVpcmVkIiBWYWx1ZT0iRmFsc2UiIC8+DQogICAgICAgICAgPC9SdWxlUGFyYW1ldGVycz4NCiAgICAgICAgPC9FeHRyYWN0aW9uUnVsZT4NCiAgICAgICAgPEV4dHJhY3Rpb25SdWxlIENsYXNzbmFtZT0iTWljcm9zb2Z0LlZpc3VhbFN0dWRpby5UZXN0VG9vbHMuV2ViVGVzdGluZy5SdWxlcy5FeHRyYWN0VGV4dCwgTWljcm9zb2Z0LlZpc3VhbFN0dWRpby5RdWFsaXR5VG9vbHMuV2ViVGVzdEZyYW1ld29yaywgVmVyc2lvbj0xMC4wLjAuMCwgQ3VsdHVyZT1uZXV0cmFsLCBQdWJsaWNLZXlUb2tlbj1iMDNmNWY3ZjExZDUwYTNhIiBWYXJpYWJsZU5hbWU9IkZvcm1Qb3N0UGFyYW0yNy5PVFRpbWVTdGFydCRkZGxISCIgRGlzcGxheU5hbWU9IiIgRGVzY3JpcHRpb249IiI+DQogICAgICAgICAgPFJ1bGVQYXJhbWV0ZXJzPg0KICAgICAgICAgICAgPFJ1bGVQYXJhbWV0ZXIgTmFtZT0iU3RhcnRzV2l0aCIgVmFsdWU9Imx1ZT0mcXVvdDsiIC8+DQogICAgICAgICAgICA8UnVsZVBhcmFtZXRlciBOYW1lPSJFbmRzV2l0aCIgVmFsdWU9IiZxdW90OyZndDsyMiZsdDsiIC8+DQogICAgICAgICAgICA8UnVsZVBhcmFtZXRlciBOYW1lPSJJbmRleCIgVmFsdWU9IjQ1IiAvPg0KICAgICAgICAgICAgPFJ1bGVQYXJhbWV0ZXIgTmFtZT0iSWdub3JlQ2FzZSIgVmFsdWU9IkZhbHNlIiAvPg0KICAgICAgICAgICAgPFJ1bGVQYXJhbWV0ZXIgTmFtZT0iVXNlUmVndWxhckV4cHJlc3Npb24iIFZhbHVlPSJGYWxzZSIgLz4NCiAgICAgICAgICAgIDxSdWxlUGFyYW1ldGVyIE5hbWU9Ikh0bWxEZWNvZGUiIFZhbHVlPSJUcnVlIiAvPg0KICAgICAgICAgICAgPFJ1bGVQYXJhbWV0ZXIgTmFtZT0iUmVxdWlyZWQiIFZhbHVlPSJGYWxzZSIgLz4NCiAgICAgICAgICA8L1J1bGVQYXJhbWV0ZXJzPg0KICAgICAgICA8L0V4dHJhY3Rpb25SdWxlPg0KICAgICAgICA8RXh0cmFjdGlvblJ1bGUgQ2xhc3NuYW1lPSJNaWNyb3NvZnQuVmlzdWFsU3R1ZGlvLlRlc3RUb29scy5XZWJUZXN0aW5nLlJ1bGVzLkV4dHJhY3RUZXh0LCBNaWNyb3NvZnQuVmlzdWFsU3R1ZGlvLlF1YWxpdHlUb29scy5XZWJUZXN0RnJhbWV3b3JrLCBWZXJzaW9uPTEwLjAuMC4wLCBDdWx0dXJlPW5ldXRyYWwsIFB1YmxpY0tleVRva2VuPWIwM2Y1ZjdmMTFkNTBhM2EiIFZhcmlhYmxlTmFtZT0iRm9ybVBvc3RQYXJhbTI4Lk9UVGltZVN0YXJ0JGRkbE1NIiBEaXNwbGF5TmFtZT0iIiBEZXNjcmlwdGlvbj0iIj4NCiAgICAgICAgICA8UnVsZVBhcmFtZXRlcnM+DQogICAgICAgICAgICA8UnVsZVBhcmFtZXRlciBOYW1lPSJTdGFydHNXaXRoIiBWYWx1ZT0ibHVlPSZxdW90OyIgLz4NCiAgICAgICAgICAgIDxSdWxlUGFyYW1ldGVyIE5hbWU9IkVuZHNXaXRoIiBWYWx1ZT0iJnF1b3Q7Jmd0OzAwJmx0OyIgLz4NCiAgICAgICAgICAgIDxSdWxlUGFyYW1ldGVyIE5hbWU9IkluZGV4IiBWYWx1ZT0iMjMiIC8+DQogICAgICAgICAgICA8UnVsZVBhcmFtZXRlciBOYW1lPSJJZ25vcmVDYXNlIiBWYWx1ZT0iRmFsc2UiIC8+DQogICAgICAgICAgICA8UnVsZVBhcmFtZXRlciBOYW1lPSJVc2VSZWd1bGFyRXhwcmVzc2lvbiIgVmFsdWU9IkZhbHNlIiAvPg0KICAgICAgICAgICAgPFJ1bGVQYXJhbWV0ZXIgTmFtZT0iSHRtbERlY29kZSIgVmFsdWU9IlRydWUiIC8+DQogICAgICAgICAgICA8UnVsZVBhcmFtZXRlciBOYW1lPSJSZXF1aXJlZCIgVmFsdWU9IkZhbHNlIiAvPg0KICAgICAgICAgIDwvUnVsZVBhcmFtZXRlcnM+DQogICAgICAgIDwvRXh0cmFjdGlvblJ1bGU+DQogICAgICAgIDxFeHRyYWN0aW9uUnVsZSBDbGFzc25hbWU9Ik1pY3Jvc29mdC5WaXN1YWxTdHVkaW8uVGVzdFRvb2xzLldlYlRlc3RpbmcuUnVsZXMuRXh0cmFjdFRleHQsIE1pY3Jvc29mdC5WaXN1YWxTdHVkaW8uUXVhbGl0eVRvb2xzLldlYlRlc3RGcmFtZXdvcmssIFZlcnNpb249MTAuMC4wLjAsIEN1bHR1cmU9bmV1dHJhbCwgUHVibGljS2V5VG9rZW49YjAzZjVmN2YxMWQ1MGEzYSIgVmFyaWFibGVOYW1lPSJGb3JtUG9zdFBhcmFtMjkuT1RUaW1lRW5kJGRkbEhIIiBEaXNwbGF5TmFtZT0iIiBEZXNjcmlwdGlvbj0iIj4NCiAgICAgICAgICA8UnVsZVBhcmFtZXRlcnM+DQogICAgICAgICAgICA8UnVsZVBhcmFtZXRlciBOYW1lPSJTdGFydHNXaXRoIiBWYWx1ZT0ibHVlPSZxdW90OyIgLz4NCiAgICAgICAgICAgIDxSdWxlUGFyYW1ldGVyIE5hbWU9IkVuZHNXaXRoIiBWYWx1ZT0iJnF1b3Q7Jmd0OzIzJmx0OyIgLz4NCiAgICAgICAgICAgIDxSdWxlUGFyYW1ldGVyIE5hbWU9IkluZGV4IiBWYWx1ZT0iNDYiIC8+DQogICAgICAgICAgICA8UnVsZVBhcmFtZXRlciBOYW1lPSJJZ25vcmVDYXNlIiBWYWx1ZT0iRmFsc2UiIC8+DQogICAgICAgICAgICA8UnVsZVBhcmFtZXRlciBOYW1lPSJVc2VSZWd1bGFyRXhwcmVzc2lvbiIgVmFsdWU9IkZhbHNlIiAvPg0KICAgICAgICAgICAgPFJ1bGVQYXJhbWV0ZXIgTmFtZT0iSHRtbERlY29kZSIgVmFsdWU9IlRydWUiIC8+DQogICAgICAgICAgICA8UnVsZVBhcmFtZXRlciBOYW1lPSJSZXF1aXJlZCIgVmFsdWU9IkZhbHNlIiAvPg0KICAgICAgICAgIDwvUnVsZVBhcmFtZXRlcnM+DQogICAgICAgIDwvRXh0cmFjdGlvblJ1bGU+DQogICAgICAgIDxFeHRyYWN0aW9uUnVsZSBDbGFzc25hbWU9Ik1pY3Jvc29mdC5WaXN1YWxTdHVkaW8uVGVzdFRvb2xzLldlYlRlc3RpbmcuUnVsZXMuRXh0cmFjdFRleHQsIE1pY3Jvc29mdC5WaXN1YWxTdHVkaW8uUXVhbGl0eVRvb2xzLldlYlRlc3RGcmFtZXdvcmssIFZlcnNpb249MTAuMC4wLjAsIEN1bHR1cmU9bmV1dHJhbCwgUHVibGljS2V5VG9rZW49YjAzZjVmN2YxMWQ1MGEzYSIgVmFyaWFibGVOYW1lPSJGb3JtUG9zdFBhcmFtMzAuT1RUaW1lRW5kJGRkbE1NIiBEaXNwbGF5TmFtZT0iIiBEZXNjcmlwdGlvbj0iIj4NCiAgICAgICAgICA8UnVsZVBhcmFtZXRlcnM+DQogICAgICAgICAgICA8UnVsZVBhcmFtZXRlciBOYW1lPSJTdGFydHNXaXRoIiBWYWx1ZT0ibHVlPSZxdW90OyIgLz4NCiAgICAgICAgICAgIDxSdWxlUGFyYW1ldGVyIE5hbWU9IkVuZHNXaXRoIiBWYWx1ZT0iJnF1b3Q7Jmd0OzAwJmx0OyIgLz4NCiAgICAgICAgICAgIDxSdWxlUGFyYW1ldGVyIE5hbWU9IkluZGV4IiBWYWx1ZT0iMjMiIC8+DQogICAgICAgICAgICA8UnVsZVBhcmFtZXRlciBOYW1lPSJJZ25vcmVDYXNlIiBWYWx1ZT0iRmFsc2UiIC8+DQogICAgICAgICAgICA8UnVsZVBhcmFtZXRlciBOYW1lPSJVc2VSZWd1bGFyRXhwcmVzc2lvbiIgVmFsdWU9IkZhbHNlIiAvPg0KICAgICAgICAgICAgPFJ1bGVQYXJhbWV0ZXIgTmFtZT0iSHRtbERlY29kZSIgVmFsdWU9IlRydWUiIC8+DQogICAgICAgICAgICA8UnVsZVBhcmFtZXRlciBOYW1lPSJSZXF1aXJlZCIgVmFsdWU9IkZhbHNlIiAvPg0KICAgICAgICAgIDwvUnVsZVBhcmFtZXRlcnM+DQogICAgICAgIDwvRXh0cmFjdGlvblJ1bGU+DQogICAgICAgIDxFeHRyYWN0aW9uUnVsZSBDbGFzc25hbWU9Ik1pY3Jvc29mdC5WaXN1YWxTdHVkaW8uVGVzdFRvb2xzLldlYlRlc3RpbmcuUnVsZXMuRXh0cmFjdFRleHQsIE1pY3Jvc29mdC5WaXN1YWxTdHVkaW8uUXVhbGl0eVRvb2xzLldlYlRlc3RGcmFtZXdvcmssIFZlcnNpb249MTAuMC4wLjAsIEN1bHR1cmU9bmV1dHJhbCwgUHVibGljS2V5VG9rZW49YjAzZjVmN2YxMWQ1MGEzYSIgVmFyaWFibGVOYW1lPSJGb3JtUG9zdFBhcmFtMzEuZGRsT1RUeXBlSUQiIERpc3BsYXlOYW1lPSIiIERlc2NyaXB0aW9uPSIiPg0KICAgICAgICAgIDxSdWxlUGFyYW1ldGVycz4NCiAgICAgICAgICAgIDxSdWxlUGFyYW1ldGVyIE5hbWU9IlN0YXJ0c1dpdGgiIFZhbHVlPSImcXVvdDs3JnF1b3Q7LCZxdW90OyIgLz4NCiAgICAgICAgICAgIDxSdWxlUGFyYW1ldGVyIE5hbWU9IkVuZHNXaXRoIiBWYWx1ZT0iJnF1b3Q7LCZxdW90OzkmcXVvdDsiIC8+DQogICAgICAgICAgICA8UnVsZVBhcmFtZXRlciBOYW1lPSJJbmRleCIgVmFsdWU9IjAiIC8+DQogICAgICAgICAgICA8UnVsZVBhcmFtZXRlciBOYW1lPSJJZ25vcmVDYXNlIiBWYWx1ZT0iRmFsc2UiIC8+DQogICAgICAgICAgICA8UnVsZVBhcmFtZXRlciBOYW1lPSJVc2VSZWd1bGFyRXhwcmVzc2lvbiIgVmFsdWU9IkZhbHNlIiAvPg0KICAgICAgICAgICAgPFJ1bGVQYXJhbWV0ZXIgTmFtZT0iSHRtbERlY29kZSIgVmFsdWU9IlRydWUiIC8+DQogICAgICAgICAgICA8UnVsZVBhcmFtZXRlciBOYW1lPSJSZXF1aXJlZCIgVmFsdWU9IkZhbHNlIiAvPg0KICAgICAgICAgIDwvUnVsZVBhcmFtZXRlcnM+DQogICAgICAgIDwvRXh0cmFjdGlvblJ1bGU+DQogICAgICA8L0NvcnJlbGF0aW9uRXh0cmFjdGlvblJ1bGVzPg0KICAgICAgPEZvcm1Qb3N0SHR0cEJvZHk+DQogICAgICAgIDxGb3JtUG9zdFBhcmFtZXRlciBOYW1lPSJUb29sa2l0U2NyaXB0TWFuYWdlcjFfSGlkZGVuRmllbGQiIFZhbHVlPSI7O0FqYXhDb250cm9sVG9vbGtpdCwgVmVyc2lvbj00LjEuNy42MDcsIEN1bHR1cmU9bmV1dHJhbCwgUHVibGljS2V5VG9rZW49MjhmMDFiMGU4NGI2ZDUzZTp6aC1IYW50OjdiOTVlZDFhLTZhM2YtNDFkZC1iYzViLTYzZjM5ZWRiYzRiNDpkZTFmZWFiMjpmY2YwZTk5MzpmMmM4ZTcwODo3MjBhNTJiZjpmOWNlYzliYzo1ODllYWEzMDo2OTgxMjljZjpmYjliNGM1NzpjY2I5NmNmOTphNjdjMjcwMDo4NjEzYWVhNzozMjAyYTVhMjphYjA5ZTNmZTo4NzEwNGI3YzpiZTZmYjI5OCIgUmVjb3JkZWRWYWx1ZT0iOztBamF4Q29udHJvbFRvb2xraXQsIFZlcnNpb249NC4xLjcuNjA3LCBDdWx0dXJlPW5ldXRyYWwsIFB1YmxpY0tleVRva2VuPTI4ZjAxYjBlODRiNmQ1M2U6emgtSGFudDo3Yjk1ZWQxYS02YTNmLTQxZGQtYmM1Yi02M2YzOWVkYmM0YjQ6ZGUxZmVhYjI6ZmNmMGU5OTM6ZjJjOGU3MDg6NzIwYTUyYmY6ZjljZWM5YmM6NTg5ZWFhMzA6Njk4MTI5Y2Y6ZmI5YjRjNTc6Y2NiOTZjZjk6YTY3YzI3MDA6ODYxM2FlYTc6MzIwMmE1YTI6YWIwOWUzZmU6ODcxMDRiN2M6YmU2ZmIyOTgiIENvcnJlbGF0aW9uQmluZGluZz0iIiBVcmxFbmNvZGU9IlRydWUiIC8+DQogICAgICAgIDxGb3JtUG9zdFBhcmFtZXRlciBOYW1lPSJfX0VWRU5UVEFSR0VUIiBWYWx1ZT0ie3skSElEREVOMS5fX0VWRU5UVEFSR0VUfX0iIFJlY29yZGVkVmFsdWU9IiIgQ29ycmVsYXRpb25CaW5kaW5nPSIiIFVybEVuY29kZT0iVHJ1ZSIgLz4NCiAgICAgICAgPEZvcm1Qb3N0UGFyYW1ldGVyIE5hbWU9Il9fRVZFTlRBUkdVTUVOVCIgVmFsdWU9Int7JEhJRERFTjEuX19FVkVOVEFSR1VNRU5UfX0iIFJlY29yZGVkVmFsdWU9IiIgQ29ycmVsYXRpb25CaW5kaW5nPSIiIFVybEVuY29kZT0iVHJ1ZSIgLz4NCiAgICAgICAgPEZvcm1Qb3N0UGFyYW1ldGVyIE5hbWU9Il9fTEFTVEZPQ1VTIiBWYWx1ZT0ie3skSElEREVOMS5fX0xBU1RGT0NVU319IiBSZWNvcmRlZFZhbHVlPSIiIENvcnJlbGF0aW9uQmluZGluZz0iIiBVcmxFbmNvZGU9IlRydWUiIC8+DQogICAgICAgIDxGb3JtUG9zdFBhcmFtZXRlciBOYW1lPSJfX1ZTVEFURSIgVmFsdWU9Int7JEhJRERFTjEuX19WU1RBVEV9fSIgUmVjb3JkZWRWYWx1ZT0iQVIrTENBQUFBQUFBQkFEdFBGMTNFMWVTeHJhYWxpRXh6R0JOc3NOS1NqWXpnZ01OL1NISkZpdzVKN1pKZ0FSa1d5SWtZWEo4Wkt0amE1RWwxcElKN0FPSEpPUHdhVUlXOHhWSU1nUVNUQmkrUWdBSEdKaC9zUHN3RC91YzQ1YWxwL2tCKzdCN1A3cHVYMG5kelVjeTUvQVFjYkRLVlhXcmJ0V3RlMi9kdXUzK3Z6bXR6elY2L1AzOVhmbGNjVFNmTGZUcC96NldHZFY3OG9WaVoycHcyK3Y2cnY1K1g0dW5iV2pIeGxRbTk5SmdNU3NyTDNVTjY0UGJYc2xtUFQ0T3JiNDBPTHl0YXppZkwraFZlTTBCSDNiQVJ4endVUWQ4dXdPK3d3RWZzOGNyTW9jWEtMNzFYNWMxekc4UzJsckVlTElyUDdKOWZmZmNlSEl0L2hiaXllNVVVVWRmeWN5SVBqK2VUQlJUeGJIQ3B0U0lQZy9oOHNWVUZoTVFlM0puYm4yM0NBd0llRFUvT3JJcDN2SnFOdjkrVjZxZ0k1bUxsalY0MGY4V2o1RG9XZGY1dXVJUkZGbVZZekZQbXlvcjdTdmw4RW9sdXRzQ1BmTlVkWlVzNzFZMTlOTWpsRDY3WkZ3K3VXVHAxc1N1UWxFZldkR3REMlpHVXRubHdaSENZSDQwbXhsWUhueFRIeTFrOHJrMTRSVXkvcmM4MkRXV0xZNk42bXR5K2xoeEZQUDJqQTFrTTROb3RKUDViWHB1elVCN2V5b3lHSWtxTVMyc3l4MnhKbVdGN1BIUjN0Rys0ZTdJWVNVcXE1NDVpbWVCK1d1N3JGS3k3bWFQdWxJSjcyWmdCTm1qck5MazNYS1l0MmRaYzFQVVZxbXFoR3VWeGg1TnFXSXBWVHp6NUJoeG9sS3R0Rm14TjFYRnZ6eVJWdG5TS252bUtiWmFtMVFIcGZLVEtaVTdkbHNnVTZvaUwvTktOWHVsY3NjVEtyVUdWUTZEZjVXT1ZXaUVPYVVkS3pSYnBVODRxTEptS2RXUXBSMm1wWEtOcFJGYnBkb1RLbFV0cGVwakswVmZUNlRVQ2w4a0FKUStZaURKaXBOU3NYRk91dFhUZ21ZNkN2Rm9KQnh1OWZuOFFyZSt2YmkrMi9OZm5sQmZKQktWNWRCeURFUUFDQU9nQWFBQ29BQWdtMEFZZU1MQUV3YWVNUEJvUU5LQXBBRkpCYVVxS0ZWQm9BcXRWR2lsUWlzRmVCVGdVWUFrVXdEOWZGMEZRQUVBU05wbUFKSWFBQ29BQ2dEQWt3Q2VCUEFrZ0NjQlBIMUE2Z05TSDVCNm93QkVBQWdEQUpKN29Ya3ZOTytGNWozUXZBZWE5MER6SG1qZUE4MTdvSGtQTkk4RFR4eDQ0a0RhQktSTlFOb0V6VGNCVDkxd3kzVWpLTHNNZ1kzRG1WZVo2K1E2aytXNnJ0YjB4MDRGQXZ5L2lvOE80YTMzalV5aGlNQVUycHc5L3l1R3VqclgwUVpkOFEwVTZPeVROMnhRS0NBckhWV2dBblRWUk1vYW8yTVE0TEM4Z1FjWnJHN2dRWkFXWnlJc3VtelJDUXdLVllXeElKRERhaFJVTEFiRlpPaUtKNWhsaWJXc2RYdUNCMWtiT2NHRERHYmNpZGVnbWNaWUNRaXNDbU1sSU1EdDRRUVBnclIxek1nSWs2YklWU0FQcTlBZjFlcW15blZUUy9BZ0Q1c3RFeHNCR2JINkdlSDZpV0hRMHFFd0ZneENuM3ZaSURKMWlUNW1zOVV6aGU5Wk5NR0JvRURyWUZnTUFoeTFmQlhsZkxXWitZb0pJeUR3eXBZMG1aT21XRTVST0tlRUxlNHd4eDJ4QWlEQ2pXcTc1YTEyemxzeHkwTXh6a05iMkpncENSNWtFUmRPOENDVEhFdndJRWg3aTZtd0xJbFpsaVRldHFaZ2dnZlpNRm1oSHViNjNtSEY5RHVzbWRVeE9jeUZudVZ3SmNxaHVUbGtxUTViRWRCdWdSMXlGYWlFL00vMjk2U0c5UFVGZkM1NEl6ODA3Rzh6RWIxait1aXVSSEUwa3hzaWVJRWVRU0JEOEw5ZzhyMHlWc3kvc24xN2R0ZmFrUUU5alhGZGhVSlhObFVvRFBsREpnOCt6UlRSLzhRZ091UmwwZWt1VTBRSGduZ096bmxEL2hhNjVlTzEwZk8zNWxybjhzUEtUd0xUaUxyQnFvb09icUx6Z1Z3MXg2cm1ubHdkbm5aemc1dkwxWE9jbjJ3MXk1RmQrUE9UazVzdGZJVHdpM1RWT3M0dGQveml5Y2N5djExVXh3dzNEYmdWcldxbDR5WjFWUmp5UWMxdk45eG13VUtaelFvMmZkaXNaQXNKVzdYWWtzYVdSN1l3cy9XZWJSMXN2MkxiSU4wdjJUN0R0bEp6Yy9YUDQvWmV6N25mRlBTc1BsZ01kcTlQSk5kdjZrb0dCOUZwT0JoOGYxalBCZU5oZWNYbTdlYitITXdVZ3JsOE1aZ2J5MmFEeFhxeW5rWHRRcUdnbmtzSFV3Vk1aTFRsbVFKdXRRUTNBRlFvdE5Sa0F3eXZXSE5YckxrcDFtd1VhL1dLTlZ2RnFydGkxVTJ4YXFOWXJWZXMyaXBXM0JVcmRZcVhrTmEwc1d2YkplWUlXeXp2amVaSGd2cTZ2bzJKN3M3KzljbSs3aFZiMHdQNWQxZHNKUXlaLzBqaFZRbUh5THRZL3FnZU5CdXU0UlV0SmQyZzVpOWxQbEE0SDNEbTRTNDZHMWRuRzNoUHFmYWVwY1JCaFpzSDNVYXVmdUM0RHNQQUlaUUxrMDJYYldMQUpoN3Q1d2IrWUtYZCtmZHp0VnFKMFp4RGlmbVdwUVNpRnY0NE9mbmo1SjVRY0puRnZTd2toZGl2dUZDR25XRFRlOHFuY0l3MjlsQW0xWTVKcTJIUzdKakNOVXhobnNuT0M2VERqeEcrOFdCV2Y2OFkvTGQ4SnZlb0xjSnlNSStqQ2ZXbEw1L1Z1L0pwZlUwb0xJZUNLUlFzWEkrRGErSU1mR3dsbXFsRTQ1Vm9vRVQ3ZVpTb3BoS1ZWNktDRXZYblVhS1lTaFJlaVFKS2xKOUhpYW1EVnlHSGlBSmIrZWFpWmEwNGFCSDg1V3o1eTlueWw3UGxMMmRMUHBPM1Nlci9FV2ZMcFNoL1N1dWp3WUZkZkxyTEphQmNTc2psTml6ZENQcm5Jb2lrNjdlYXEycHBWc1ZVclNxOFZaWGlyR0loS3greVdpTXI0TEdpSXl0VnNpSWZOTGVLbDR5SEZUaFp5WlBWVUZteEVKcGJwVk5XVEdYbFZWWndoZWFzMW1pVmFWbE5seFVtZ1dTVmUxbVJHUFBFMEdmblRzQUFzMVUvQnViTndCeUxoYmlhSlZjb3Rhclg5VFh2Y0cxNTFhcUNNK1pJYlMzV3FxK3pZandyM0xLcVBDUFZGWGV0Nmo2cjl6TWVkaWZBYmdud3ZZRy9GU29RZWpHVlRBMFZobnlOalUydGFkOGk5TFBWMStodjYzOGpNelJjN016djdCelZVOXZXNWxJRFdUMDluUFkxdm9lNG1odm5FSzY1YjJZS0dVUVlUcWNiUFFUVG5OUjNGajNQbFU4ZG16M3k4Y3owNWIvZk8xUytkSEIyYXNLNFAvN2pubThRMys4d1grQVp6L3pTdGVueTlTT1ZBM3ZLWnc4aC9GSVQzenB6NTQ1eDRIVDV4dDdTblNOSURpSkpRQ29mLzdZeS91ZlpiejR4OWwyY3ZmQXBJcTFzTmJ1RXU3OGduZmJOZVMvZHFBQlN3TWhXbitoL3RqdFZUTDJaeW83cHIyYjBiTnJUakpNRy96TVlpenRNa1NKRzRvelNQNi8vQlV6cXpJL2wwa1ArdWN6NkJXM05DeVgwUVNaVlBwZ3VIZDJMZjFsQXA1bUVlbHllT29CNjdLTlRVaXJkT0RaejkzemxnNXZHL1c4eG1vYVNWTHExci96ZDNjcmVUOHRmVENCMFczT0RRQ1VJdEoxQStSWXRhMm9lUWg5aWtZZVlFWGlXZGp6UWF2VTFzR0Fvc0JEM2JPRWo5Z3d0Qk5Mc2pidXpONi9QN3YxeTlzclp5a2RUUGpyM1RUN2p5djdTNFFzSXZaak9lNm4wOVdYajRDbmF4dGozY2VtTEkwRHNsYVdaTytkTEo0OVNZbm5xY25scUh4RDdRRS9waTF1bEN3ZkxhTlFPZklTSXo5TlpheElyeHcvT25ybzNNNzBIS01rYXlwMUQwTVBOc21SY21EVE9IMGU5UnRGbG9oL2QwejQ2aFRFYTRZeGpIeHRIUDhCQzZHUTEwZFJZaXRZczlNeTlEMmp2ZlhSdW1takxoWFE2Z3V5ckYwdGZmbzNRYlF2NXdVV3VGNmlyQmVwYWdUcFJvTzRTcUdNRTZnV0JtbHdkRkFJMVFhQmRGbWdYQmRvbGdYWUJ4YzNDb2RvUENhSzVEdytpbDM5aUVHMVNBRTJHQ00xUmlsYWwyVnZmbFc5ZnJVRnIwc3hmemlDUFY2UHJJNUdpVlF0dGpFOHhiczBNME1xSk16TVBQa1RvaDhkdGp5SVpsMCtXSnUvelJOWlNsWXhEVjQzeFE3WkVwRzN5NnN6ZGt6WEVGK24rSjlGZ002WS9OUDcwdlczN2lGVCs3cXh4OWRETWc3UGxxUk9tczRBWWxTcGZUVlUrK3haWmpWMVNSWFNhYXo2NnEwcElEMXBJV1J1S1ZxWEthVHdCU21jbXNDdEFsQ2FWOTM1ckhMaklDMlRFc0dUY3Y0a2kyQnlVYW1KRU1uNjRZWHh5elJSWXJTMHFsVzdleHZPenFvM1RPa0NKaWxUYXUzOTJjb3BuUVMyZnAzczhIdkhTOFZQR25VdlZGTnZsdzBlekFLbXk1ek1VYXBRQ2ZVdUFKMnJRbW1TdUE0QjJYb01XMDd3QlJ3NktENTRPbGliVnF1Q29JV3FtNjJxSWo3ZTA0ZG1Jc2p5TVJqalVuQ0JVZ3FBai9IaUwzMkthemNEaVIzcy8rUlVpNG43VERBZVdRQlN4MzAwem92T3lpVE1lYy9LVkRrOFpkOCtaM0ZnUEN0SEtnZHRWYUt5QkRsbjUzcVJ4N2JDSlJrc2FHWnM3SjZxNEk1ajc5TjN5eGV0VUZFWGJyZFNMYVY0RkhUejJ2WEZrbnpVWmFhNWxFdkdVUEhpS1JpWVZhTGZHTDZiWkdMand5bGVsZmJlc2lVVXpOQ0JPWUlGVlJNdVJ4dlFObnVpd2RTeW1lUjEwLy9BKzVIOXpYU0FDSTJwTlY0eUpTZVF2azJocG80RlIxVEpjSzNieXdlemw0eVl4VWtPa0hUS0pVVWFzN0xsdmZQaG50bkMzdld5MzBXMVM2SmRLdnpSKzk0dFRaRnpqOThJZTJxQ0gwbnBNV3BoK1JlaFhsTjgxZTJtRFh0cWdsemJvcFExNmFZUGVLTCsvOXRFR2ZTcS8yeVlvTW1FaU5YNExUbEpha3RLU1dzMitUT2VqUUdkaDNTNk41NVpBWjVHMVorUDVJZEQ1SU5ENEYyaThDelMrclcxZG81eWF5bS95WVlvTW0waU43ZndDalJpQnhvWkFvMENnNHkzUWtSWG9HS0ljNGVXNkhPR3hQaVNoMENEUEZzMDhHK1VXTGRhUkZtVVl6MVJWYWxtYTBWaWZadmhvUFk0c2JHak9UZjlsOXZOemFERm9hMndRS0FYMXViRTJHMjZ4RHMzT3lwcnFsZjJXMXZ4TVpSdkdSZ2J5eHNRZXF2RjVXalV6YVltTmF4bWxyUW4xaFRRVUtBL3FVbE5kY3RWaW5kNmQrOVJhMzZmbmFQbVI3NU8wUVVIS0tVR3RKcWhBaUZlM2lPTVdQbHJ2czB5UTFqTDBheno2TllaZXg2UFhNZlJHSHIyUm9YdDVkQzlEOS9Ib1BvYmV6S00zTS9RV0hyMkZvZC9pMFc4eDlOczgrbTJHZm9kSHY0UFJiYTBOQW5VbC9WSUY2aWFCT2tXZ1RoQ28wUUkxVXFCR0NkUUlnWFphb0owVWFLY0UyZ21CS2tVajMybzNJN3dRQmZPNGl4cm5NTmhTSHdZdlF0MVhLaDM3eGpoMGdxWjEvQmdySytnMURpc1dPM05LeXV6TlA3NElOV29KSlIvb1NQNFFpYmlZN2N4SkpBYWh6bWJIaHdaQ1djN0xTOWpMdzN5Y3REQk8zQzZkckp6K282czBYSnB6NHVPa1JYRGZIdnpKdVB4NUhWY1FpcWRTK2VzSHBjL3Z1NnJESlQ4blBrc2RyazlMcGVQWFNqZXV1VWtqSlcwblBpS3RobGwxWkZhWmFnV3JQdnVSY2VZL1hWVXJSTFU5SDJjSWRvdHhjdi9zL1l1dTBvaGJIUGc0YWUxSTJzejAvdEsxVCt1NFNGRGlpeFZzNHV5bEg5eURrdHpBT0hOYVlZN3ZRSEN3MlU4SFlGRWRXVlJnMFJ4WnRDQlVmU1VEcFkzWHI5dEhHSzV1U3pqbXozM2w1a3BTQkhmaXMxeUpiMkhRcWZRRWNvR3J0SFl5TVBaOGxqUjhhWU9PTWRQR25UTnUwc2pkamhPZjVYTjh6eVdWcmlHdTIrNmpTQzdFbkRtSnhOOTFtbGRrMkFxYmVVNVpGVTRvV1FIZG1JbmNmNEg2dkFNckc3Y3dPVUhpYytJZUJ3WThGT1hyUjR6RFg3bzVqOXczT1BHeG9TRFhOVkxsMkcxYzAzQ1dSbTkxblBnc2FmamVpUVNUVFZSeTBzajFsQk1mSjQzRStEbDA5RDdoS28ydThQWjhuRFRzdDlMbkQwb1hEN3BLSTM1ejRMT2txU1NFcjV3cG4zVGJmZWhOcGhNZmtSYm9OSzlPSlhUT1E0ZFdkUEtxaWg2Z3EvWjBsZllHKzcxMDZ1cnMvY091dlNGK2QrRGpiTlBvZGxJK2ZNQlZtbVp1SjNaOE5kc0p2UWgxWkZhWmFySUJmSG5ZYnJNR0J0V0J3WFFGV2FuRzl4czJXd09laE9TNlV6SW1UcUNOb2JKM29vNW5wZFZuY2pIcXdtcDVMRXhtMGYySjBuVzNPVWx2TzUzNExHbjQ5bE9hdVROWi92Q3NtelJ5U2VyRXgwa2o2OFhKeTVYVDQ2N1M2SHBoejFjN211U3EycEdaaldhVUpGVjdKOXgzRFhyVDdNUm5HWUt2TktYeXdhTjJPbi9mYWQ3dW16TVhiZm1sRTUvVXNhbVdVdklvZ0RzM3A3cWR4a3hwK3FxYkllM3Rac0RZOFhIU1lsU2E4ZjBIcnRKaXBqUTdQcmFwa0R0ZHZLbmdmR0dpZmdIazRybERObmRuQjFhcmgvaVpBNXgyR3RkZDdTV1BKamp4Y2RLSTk0NmV0VnVmQ1VOTU1mUFhINDY3cVlzcGtML2E4QkYxSkF6d0JiMkVFelZrNlBqKzBzbjZwWTRMQTNLYjc4NU5KTGR0YVJEaHdPTmxKeDhSVGl4ZWRuUVI0ZERoWmFjUEVVNE9YbmFFRU9HVUlFS2E3Mlg1dmdqcHQ1Y2w3UXhTUmNpbXZTeXRGaUVsOXJMY1dJVDBWNFRzMWN2U1dCSHlWQUJVQURRUk1rc1JVa012eXhGRnlPKzhMTkVUSVVuenNteE5oRHpMeXhJdUViSWtMMHVYUkVpR1JNaDRSRWhadkN4M0VTSHY4TElFUklUa3djdXlDQkV5QUM5TEJVVFl4cjFzUHhkaEwvYXlUVm1FZlJjQVZZUXQwc3YyU2hHMkxpL2I4QmhrOGtjVENnQW14blE3MlQ2OGJCOFJZUVB3c3AxQWhGWGN5NVp6RVZaWEwxdVRHVVRGUjgxUm9hdW1DQXVqQ0d1YWx5MXVJaXhKWHJZMmliQ3VlTmtDSThMSzRHVkxoQWh6MjhzbXVRanpXSVNKNkdVelVvUjU1R1VUYXRHeXBpMC9yYjduWHZockp4ZnVqZVJKQVB5OFFJdC9Yai8rdzJ2OHh4S3BvbWYrTHZUNXc4cU5HLyt3TXAzMnQvUW5pcW5SSXZuRDdJYS9aZzZkL3R0L2kzNnhmMjB1YmFJNm13T1gvMGRFSXRZWCt2UlVPcDdMN2hwR0RNbDhQcHZNYlBkSVd5dDN2eWdkUGZCdTBQajBudkhKcGRLSnIwdW5QLzc3dlVOYks2ZFBFWHhwZXJ4eTZyd3hmc0c0OGdOOU9BRjNiMDdyQXZ6dG41dlBEV1l6ZzlzODcyd3Vackw5WGNQYk92TTdrL21ob2F4T0hsL0laRFBGWFV0Q3haMUYrdGZqbmZwUUp0Yy9PTHpOb29hV0IydnA2Y3dPL0lqQUs2TjZLclIwZFRxZFJ1NUF5anlGNHE2czdnbnMwRWVMbWNGVVZrcGxNME81VmNYODl0VTdtTGhWcTYwbktKN01TdFN5Slo5TEQyU3BaYzhXaHpPRkZUdnc4dzFyUXFIVmFUUW9Qc0V2MkE2SHQyNDAxdUVuSEtvR1l4MnVaNkpoRGZ5cXVuSGcxMndFQTR2WXlBWGFoZ08rbnpwTWdkOTQzbnkwOFVGOWRSa2RUTFVmbThCemp6d3NnZWNmZXp3Qy8yUS9Db0hmMXJod01YTjc0Sjg1Zjhmd1d3MFdOalcwK3BvREM0YndFeWpyaS9wSVYzNHNWMnowcHVjczhEWGdmL01YTFd0b29EWDNSYVNyelg0di9rT2hybncyUDlweWZvNi91ZitGUkdlamlNbU5wbnZwc3pOemxIU2FQdHVEZnFsN01RRHhUdHY3K2RHME5JQ2Y5MWxGZmlJdlpaRVp6V1lyOCsrWjRWa2ZqS0d0RVVZd01YUEx0MDdGalQwWDB6U0N5SU0rbGZFSmZQVjJiVi9wN0Q2RUYwMjgvV3NVMHJpSVNobjRGeW9nZEl1SnhtODlRTC9PZ3o3OFBqZFEyTDZhRERKMlhnQzVJUkMwZFlGcTY0TFlQOTRGZ2pGK2ErYnU4WHJqYTk2NVVHVzg5ZllGM3Zpb2cvRk5Eek5lZXhxTjU5Lzl3QnZQdlFXQ001NjhCY0xXK3VhSFdSOStHcTNuMzBIQlc2L1lXbzlmSW1CcnZPZGh4a2VlUXVPcjNvVmhZengrS3dadnZPWmd2UEF3NDZOUG8vSDhPem5xNDU2OG5ZTTN2bU9GWm12ODNJY1ozLzQwR3MrL0c2UnE1SzBYZGxTUGZNVFdlUEZoeG5jOGpjYno3eWo1Q2NaN0gyWjg3R2swbm45WGlvM3hqN3JnVVliNStLbmoxY1JxMU9VMHNlbVpkS2F3UFp2YXRTcVh6K21yMC84UGw2YlFJa2hMQUFBPSIgQ29ycmVsYXRpb25CaW5kaW5nPSIiIFVybEVuY29kZT0iVHJ1ZSIgLz4NCiAgICAgICAgPEZvcm1Qb3N0UGFyYW1ldGVyIE5hbWU9Il9fVklFV1NUQVRFIiBWYWx1ZT0ie3skSElEREVOMS5fX1ZJRVdTVEFURX19IiBSZWNvcmRlZFZhbHVlPSIiIENvcnJlbGF0aW9uQmluZGluZz0iIiBVcmxFbmNvZGU9IlRydWUiIC8+DQogICAgICAgIDxGb3JtUG9zdFBhcmFtZXRlciBOYW1lPSJfX1NDUk9MTFBPU0lUSU9OWCIgVmFsdWU9Int7JEhJRERFTjEuX19TQ1JPTExQT1NJVElPTlh9fSIgUmVjb3JkZWRWYWx1ZT0iMCIgQ29ycmVsYXRpb25CaW5kaW5nPSIiIFVybEVuY29kZT0iVHJ1ZSIgLz4NCiAgICAgICAgPEZvcm1Qb3N0UGFyYW1ldGVyIE5hbWU9Il9fU0NST0xMUE9TSVRJT05ZIiBWYWx1ZT0ie3skSElEREVOMS5fX1NDUk9MTFBPU0lUSU9OWX19IiBSZWNvcmRlZFZhbHVlPSIwIiBDb3JyZWxhdGlvbkJpbmRpbmc9IiIgVXJsRW5jb2RlPSJUcnVlIiAvPg0KICAgICAgICA8Rm9ybVBvc3RQYXJhbWV0ZXIgTmFtZT0iX19WSUVXU1RBVEVFTkNSWVBURUQiIFZhbHVlPSJ7eyRISURERU4xLl9fVklFV1NUQVRFRU5DUllQVEVEfX0iIFJlY29yZGVkVmFsdWU9IiIgQ29ycmVsYXRpb25CaW5kaW5nPSIiIFVybEVuY29kZT0iVHJ1ZSIgLz4NCiAgICAgICAgPEZvcm1Qb3N0UGFyYW1ldGVyIE5hbWU9Il9fRVZFTlRWQUxJREFUSU9OIiBWYWx1ZT0ie3skSElEREVOMS5fX0VWRU5UVkFMSURBVElPTn19IiBSZWNvcmRlZFZhbHVlPSJINDB4ZXZDUG0zM2V1NkZDNGFjRWZya2owSG1odzRrVVkwajFlYnowczhxT29BRWhkVUJlQVVka0N2R0p0clJEYUFqZ2dDTk5VY25BTXFiYnlOL0E4UDlZbU9EMEtzVUUzRDdzSzY2Q29XRE44RjR1dk9RYzhFWFM1L0sxNW1tR2ZSQ0xxc3BDNkxpNCtNdllScUVtVnlFMEp1YnJFU1hOUkYxVjFUVC82TmxucGkyRm5pbHFZTHNxczlZYThpNFRzcmgyUDdnZ1E3QUJoT3hWd244cy9NRGhEaVlhWTFBWjlZS1BZVmx6VUh5Z1JzczVhS2ZqcGozS0hUQnlMYlJuYk5BU1d6eG4wL0F2ZzdERmlqRWY4SXI1djd6NHZRLzJJeWRKMTZMelFua01mazBMYzVjeTV4d0tjdTllZGpDc1BoZzVGNUozb3RwaW83a0tjc2MyNXpIc2ZrN1MvL3drTVlVZFZYcUk0eEx2Y0xQL2c2dTVFRDdYdXBFa1V2YUYwZml5c0l4ZXNnVUJOazY2aWdjSkh5L2ExK1I3aWEyL25pVmM0YnNua2lCMDl5bmprTGNwN253TXduUUlMUm1JS2pFSk54Nit0S3R6cktwdWdHVEVBekV4Tjg5MERHWEUvUjJUN2ZVTk5uOGxjUm5qaXNFaTIrWnc1MFZSOU1BT0VhM1lsbVVEaFdjSUVlcDNIaFFYMnY5MFlDTTlJTUh0d3ljNmtoMXRtbTFqNlV0UGc0UzJTRGlMUnFpS3RUTG92NlE1dnVqWm1FSmFpdDROaS8wN0wyRGF0WVNLeEVjOWd3MmUzL1ZIV1FUV1BncVdQYWsyNTZmWS9XTkgvaHdBakd6VmhDT05KRWdPYnNjZ3g4UG5jUW5nTXVWSktTaWZ4WDVhWHhUU0ltUTNjamVwZ0RtdnlRVnhubE9pMHE0c253bEVJZ2RSWmoxakM3QXdIcEtac1owQTlQQTRWVmFWMjM5d2hnK1picWRvamRHRmxZNURicGVVOGVJcThZZG9QMjBORkc1dmM1Y0xKT2xmNnI2YzlhK3RiREdJVGFpK0pVZWtialQxR3JNVXg4Q2ptZW5zUzF0K0xOTVhDNDN6d2x2bWU0Vzc0endvNG0yeU1DL1I4NE01S2tsUSsxWXN6NktLUGthRjRWd1pYamw4STVuQ2NLTUIvV2VicUV3NkFYYVlsQUE3Ry9tUno3VHRkcU9BeEVPN3dIUVpIVVRNL0o1aGdkbTV1RHlTUzNDUHFJRnZiZSt0aWN3Y2JCV20vVHZoYjRqNVpqaWdXMnZmN2UrL0MvNHRFK2tBUjQyRUlvUkt1cEpZY05reFNUUFhEbWdHTDVPMDVLR2tFUWswYU1pbEkrT09rUUxleTNQL3o4YUhyTmJoM21waGlzdXk5WGs5OHpUcXV2VWtiZytqUHd6ZXdwcWdVUlVDNWpOM1BuUStiemd4bmZwVUFDLzZWU1R5VFlVUE9oRWpndGFmZ1dKWTBmRHc3Znp0d0hqRmt2Z3hCdnA1d3E0bWY5OWpPejJ4UFNrU0RPcDBUaDVSSGFzKytoQTlqNmN0K1RqTy9yTDI4aDEydjNUb0R4L1QvdUFyYmliS2VBd21tWGc2QUNFZnhCVVVzODl2NlMxUzNsWlFBOTVRSGE3SEd1RjMvd1paQ0NIZzg5Y1BmVXdCU09mNVJSVWhzdXpLZEJBVkxBRkpUZUh3QUJpZFMvdlEyTWM3MlAyc1hnSkhUVmNEUTVCZzdSekhhNlBueXI5OGM4dlNmSEc5MlJ0Z1AvOUVYVnNHVEJqbHJnS1AvNkRPb0c3S0prY2p6RFpaSzk1VkYycUJZaERYTmR1YlhIVUlvNUVFOTU5ajhPZ3I4cmtXOHpPOU9VMk0rMTVIZ1lVVi9XdzdZNjZ5QnltU0hTMjFicGg1UXZKZDlGU1IydVRUSFRLa24xRjQ2RjNHQmdiR011SDhUbVFtTWkrMXBsWk9HRkxSQ0xrUUJqUEJhQW5WblgrcXVqZWlOQXVLbFRDbXBkSEswbHA5NE5oaWhZNWx5SEJVMlcrazc2SXpQWHNsSHpYVFhlOENhSnVQVkR6YTZ3MHdkVGdsYkJqZm0wUEJpdkhEaCtiNDZUQUxsZGtkNnFTc2prMVFOM3RVZ0t3RXZ0QkZSTXZHaldJTThDZlJFdDBheHh5dVljVDYzVkdxQi9PckYxN3FRSCtvbjJZRmhQdG9SRCs2dng2eWRLOE4rUkdOUEJZWWhZYUVyRWlTTVA2WUN6VDFxVFFvRDdlVjBvTVQ0ck40R3JMMDVqNmcwT2lsWkVZYXlWRDRyTUF1bXBkSTQzbTVaYkJRdkg1ZW5UV2pKUVJ1UjhMUi82a3VmQUcxaWtRTFJDdVJxanZjY3lmR042MTFFck1hVjE4S2VzblYrUFFaa0RmLzZHbGkxb0YzSWkrLzJwRkljNG5TRFFCT0Y1WVZ6dmlwNHczWmU4OGRxeG9WTS9GNmJldThGUnllaVFKNk9WSGIrVkJLUy9xb25RZWdqNWVTWXVZY2VINFFzdHdRb1VrR0RaM0VkbXh5bUZCcWp0QkRWTHYxUjZwTEJtMUN2SWpMcnl5MFkwS1Z2ak9ROUlod25GMFEvcVlMZE5rZllaRmQ0MWdVMS9aOVlTYTZpWVFPRnUxMzNPeWx1R0NGcitOL0JyeG9JUEh1STN4clRQbEZiMStBTGxMK0Jha0RMV05qL0ZnUTlqdkJRYmxrMUdvV0U3Zzc4VjVCenU1bkt2Ky96b3RSV21xTkp1ZW81QmRFaEp2UkpMRGc5ZURud2lXSDA4aVo0dm1GSkpPVTRVemJNK0IvWkU0S1JrNGhlZ1Myd2tBK2FvNW1oQ3AyZWdKNUVwby9NMFU4anhHemJSdjI0YjRuUHdmLzlXVDgvRnZ1OTJqOHFWazJRaVpydEcrU2hiYUtnM1Nnak9BS2Ntb3hZUWpoSnBZVzJqRHRERGtMMitiTVpucW5NTmk3TWtGUzNwTjNCY2NPWFZuR1lYWFora0ZpOFpNUVlxUzVRVGZ3TzIrS3NZaFFUUFRuL1NXeHZad2V3bDF1TVlPa1plK2E0OFhIMjRkWEFFZDExVzFDMmthYjd2SC9QU1NDdWFMTHNieC9vU25KNHVvOEVVSUFmY3ROaDlqRTY1VVlJendEZHhLRG02RkEwRWJHeWc4cWdFVVYyOWhENWJLVloxWUdPdTFaaU5uMjBoV21VaVpmZzNnYXczL3NYbCtsWnpmTnkxbkJGVFpvSXlBWjc0ZmpWSWdEMVNQWjZzeDR4Rnd0N25YS25CekJOcWRFWnlXbUxHVWd3RFRFYThRS2JhNk05N1ZCUnBPWFlyTXJhaUx5UTR3MzV5V1NVa3RpbUE2TzhEaVJZR1k1M3NPZmkyd2NGblFHWnRNUTlIS2RaQWNnenBwZ3BHSW0wdlBnTmR1cXdPNG8rbWU3elJHY1JqU3BkR2dQWEVBZVRyYWxPeWVlb201ZnNocWk4dktQbndWVW50MWFzeGdRYTJ0Ti9QaEFTYS8yMHlKT1NOaWdvMWFtc0FNcG96SlNUcXJQSjhVTnJVYldXNkxhc1ZoUXU1VXZtNG1JREFaZDVxT3dNNXhkTDF3bW95YmdRVjRyV2thQ2xnNkxXQm5LRXR3a3h6VVFBcGpLQmRrNS9XaWRXSnRFVXF4ZUVyNXZZMUs4cVhmN2lHNHZFTmp2RGh3bTFQd3BhNFJxTXlSek9GUVp0VC9uNWc5Q2ZaSWpIYXd2MmpaekVOSmtzcDBxRjdsZmJNL3IwYU1pOTl2Wm1KNDRDTm9NbGxGdllrRDNjYTFwOHdVTXdhYmFicjJwRGFjTm9kd3E0ZWlkN1dPcDRsd1Ewb0pMNzZza2Q0dVAvYkpWeDhVRmVFbUZ1eXBrcUN2OHhvczl5RWs3SGVHajZ2NC8wRERiRnVpUjczRUhnK0RpdHA3Z0pZWmdNSElxOExCbDZkOUJiVUxlcnYxVVRGU0prMEhGK3dsenFjTTM4U2F4dHBuMVBrQzNaSUcwU1JqUzRQeGpBdC82czRhbGFuV2V4ZUNtclpyU2FESTBVWGFsbDRPWjl2dHMzS1ZsSERMd1ZJRGY5QmhzdDZZbEx6MUp4Uk9MOFZJVFA5ZlZVdkVabDFONEdGR3grb2hjUWhqQjVXK200dDllalBGa09US2tha2E1VzZEZU0zM2k5TC8xSEp5dTdueTlMYVBuUDN1Y0YrOVY1b0krdkFnSHd3SkJnQkhtemdmR29DYmVYSHpXMDFnRTR0MjhxQ2p4WHd0SXNCdjkxTjc0aThRNTlWZTBnbUFVelFLMlBzRUxVcVRsRzlKTTA4b2JzVmZWVlg4QVVodkE0TXZuMHRVbHVIaGFaTmc3UzNCazAyWkw4WVhFWXM4RGZQSmgzZEsyOEhXUkd6TCthWGMyQWdWN2NvM0Ixby95Tjk0UFVpak5TeXBIRFEvTmtEK1Y0RjZkM2MxbStucTFhcEtpYUtVU3ZTQUpOWU82MWExM3BmTTM5cE1NUUpTZ1NxekhhL2lJR0JSbDN4Mk5NWUNpY2VMdVBESDZJUldjOVljMTNsSGV4KzR5Q2RZdnhRS1ZzQU9mQ1pwb0kyanYyMW5nUVFpZC9TWDNlOFN4L3VCWmVkaE1DdnZsWStNRDcwMll5WmlnaUxGZXV1bmhJZDRQWnlkL09JSXUzZjdjRnRJUGdZUUx0ZHdMZy9rNUQ4OGc3T20zcmtYcjNQUGxqWk9HSWFCNUJCREhmK1M1cTVGVDMrVEtoenZLdVlPOE81bmFaUURBRkU4Y0I1d08rYUFtSWRQYXRhN3N5dlN4OWZOSUZhRFJJYnBlTzV1STJrcnNwdndDdnFjK3ZpdnVCN2Vubm1pQXJXWUJBNlhCUjRXUWQ1cjVKdDkySG1KblhmYWgwZUx0VzlnRWV0d21sNHBDc01LeGlEOGRiQVkyQk5HUEk1ZkJhV2hhTnkwcW54UC9nRUdlcTZkaTRsemYxTU9CZUhpbmEvMCtlb2xUcit1N3Bjd09iOWxZUFRZaDNma2d6YXQ0bGkzVXg4MmZPUEpkYzdTQjl4VGZnUUhwcnZUakJXNytueUptSUpITlhyUVZvR3lrVWpPbFRxRzIreUZXT3dwRjdTMzJlbmhWM2wyUHVLTzhkZkx6TzNSa2pUcVlmcTRveW1mL2pveFBRbGh2QzRZd3c4bm9RaUVyUjFZbk12OWd6cGMxTUFOUjlrT1M0eTZYVzRjTXlRd1ZqYncyVEZxVjZSUnFYNVhqU25nV2N6RTFrY1RMdllmcE5wc21XMW5IM1dqcVF1bHhsUXFYNWVRVnliVVlaOE5YN1YvWFVPelZqbEFPQ05jUDd3eHBqOXNlMTZqMGo0RERPcytaUzYwSDJHSGUzUlNuQXozbksvQWl1cVoxMWxXODF1S1RxWXdBMTdDRjBUdnhFVkJQamc5SThxbkpYWkR0ekc0T2JEaStoT1U0aWVSYnNDUGs5V1JBa2kxRFU4bDZ1QTBRQ1FHVnZJNDk2bDFxdWVRcXVFYmtoWjk0V0dzZG13SkhvcDlDTFVHQ3JrdFN0NFBKZ1FSWkRyUmt2SWViZVA2bjc4NnZuOU1JUlZxUUJQN2ZrT1p1b1BVdkY5NlBmaHlDTDVQQjgwOFR6WFVLcldlM3NtNUtzZzh3ZWpIM0RLOXJXUEU0dEg2b1c1M2FIUUgzbThYVzErRENTTmFsR21XbksvbDNxSmhNdGFhT0JybitjL3FHcnZzWjFpUG0zN2UyVWxqMG5sbVhPQUJ2VjZJa05INmxHVjUxTmgwQ2RnNndLRGpDd2lKclFSWWZEUjF6Y0gyalJKSkZnbDdMeHJaZnAwT2YzNW8yL0tiUSs1SUhlTWFERHhoQTU0U2JXUDZFRE05OFRUT1Rrd1BoRFFqNXBUa0huT0VWMjBFTFN3WHllYytKL2VOYThXbTJ3czNCbHNsT21HVWpQZ1ZIdU1JMjFoREN1TGlQMURBM1hGVzZwRm9Pcit4emRnS2FuOUsxcFk0RkIybHBRb2lPL1V6V1VPcmRpMUNZdkozNEdDbXM4WlVQY1hHc2VzQXhmbVpab09iZ3hMNGZVS1hmN1BLM3daU21HNnRuaW5PY25MMm83Qmk3NlZsWDYwOUgyZWNXckhyYVFVbFZQTXh5emo5SEpJMWtKRkZUK1lGTXJNS05SYXFwSkx6ZUMwVXB6d3YrVDhHQnBFQVptN2RuZlprZWdVSytXUmNFVzFhNVZHb3VSWWdXV2tKYXJ3ZVhHMXRUTUU4eWVyMXRlY1JqMG43Qm5tblZsd21YNTdYODNUSDljMlYvY213MFc2Nzh4bFAwblZQbldKSkRiMENlTGRZTFVSRlFweHhKM21pRXk0b1MrWDNZeEhLUWpxdmZoRFFMNWtCNXJOR1lVekZOQkVBODd2UzBuSTIzSTJTV1ZxeUtKRHNBMWFLSEtzbG9sczVaa21ncFl0aldzNGZOSTRYSHNJd0lmUFF1YUZUcis2OEhHTlVZMytJSTFWS3c5Z0ZSVzdHZTRwVTlKMXM2bHBCY3p0SjFZbGVPWVN1ZnVpbDJlcFpjTm1WNUxkbHpTRG5zZ09uaGY1NHprb3lBSlYwM0NvNGZSejk5aTBKeG42bXcvdXR0QkhFdndnNnlVUXlrVnVmZkRlNmxNaFRCV3FRbWw4NzdYTFlwaWF3Q2JyUEZCNFdKTnBqd0xIaTFEdkNPSG41Zm10ZG42QlpkR1YxRFh3QkRuQXhrWXY4WWI3akQzUmZyTEVqTTNuNGdxYzBOYStZdU1OdjFKRFRFd2tsZlJjV1pRblVVeU9yd2RkR0F3WCtFaTE0eW5vVm1OamhFeXFObGpuTHRRVUNTWUx3dUEzRkQweFQweFd4UktkalVIWHZaS3RUNWhqTVBDVHNoSjlqMzlZeFFjSjVaZ2toMVpUam9USzZsRUpMcnlyR0h4bkg4bmpubU1jdGgwM2VISnFBUUdBcXdKeUhOdE4vNGZBS0Z6WExFWEt1dVpXaFZOd1hFT3paWXFlMGRxVjBWdThqY2NFWnhlaEhxZDVUVTlKQU44RHp6UW9Idy9PV3dGWm1oMkRKRWtpTXZJVUNEeS9UcmNnWmV6T1V1VE0wdkg1TWxEN1BkMUtwZ3VOcmZPUEQ3OVNoUEYzSkNmaGZKRHJqR0VlYlBaL1ZhenZMTXdiOUh2ZHFZdWdLcWVRcXkiIENvcnJlbGF0aW9uQmluZGluZz0iIiBVcmxFbmNvZGU9IlRydWUiIC8+DQogICAgICAgIDxGb3JtUG9zdFBhcmFtZXRlciBOYW1lPSJTY3JlZW5XaWR0aCIgVmFsdWU9Int7JEhJRERFTjEuU2NyZWVuV2lkdGh9fSIgUmVjb3JkZWRWYWx1ZT0iIiBDb3JyZWxhdGlvbkJpbmRpbmc9IiIgVXJsRW5jb2RlPSJUcnVlIiAvPg0KICAgICAgICA8Rm9ybVBvc3RQYXJhbWV0ZXIgTmFtZT0iU2NyZWVuSGVpZ2h0IiBWYWx1ZT0ie3skSElEREVOMS5TY3JlZW5IZWlnaHR9fSIgUmVjb3JkZWRWYWx1ZT0iIiBDb3JyZWxhdGlvbkJpbmRpbmc9IiIgVXJsRW5jb2RlPSJUcnVlIiAvPg0KICAgICAgICA8Rm9ybVBvc3RQYXJhbWV0ZXIgTmFtZT0iYnRuVXBkYXRlIiBWYWx1ZT0i5L+u5pS5IiBSZWNvcmRlZFZhbHVlPSLkv67mlLkiIENvcnJlbGF0aW9uQmluZGluZz0ie3tGb3JtUG9zdFBhcmFtMzIuYnRuVXBkYXRlfX0iIFVybEVuY29kZT0iVHJ1ZSIgLz4NCiAgICAgICAgPEZvcm1Qb3N0UGFyYW1ldGVyIE5hbWU9ImRkbE9yZ0FuZEZsb3ciIFZhbHVlPSIiIFJlY29yZGVkVmFsdWU9IiIgQ29ycmVsYXRpb25CaW5kaW5nPSIiIFVybEVuY29kZT0iVHJ1ZSIgLz4NCiAgICAgICAgPEZvcm1Qb3N0UGFyYW1ldGVyIE5hbWU9ImRkbFF1ZXJ5Q29uZGl0aW9ucyIgVmFsdWU9IjAiIFJlY29yZGVkVmFsdWU9IjAiIENvcnJlbGF0aW9uQmluZGluZz0ie3tGb3JtUG9zdFBhcmFtMzQuZGRsUXVlcnlDb25kaXRpb25zfX0iIFVybEVuY29kZT0iVHJ1ZSIgLz4NCiAgICAgICAgPEZvcm1Qb3N0UGFyYW1ldGVyIE5hbWU9InR4dE9URW1wSUQiIFZhbHVlPSIxMDIwOTkiIFJlY29yZGVkVmFsdWU9IjEwMjA5OSIgQ29ycmVsYXRpb25CaW5kaW5nPSJ7e0Zvcm1Qb3N0UGFyYW0zMy50eHRPVEVtcElEfX0iIFVybEVuY29kZT0iVHJ1ZSIgLz4NCiAgICAgICAgPEZvcm1Qb3N0UGFyYW1ldGVyIE5hbWU9InR4dE9URW1wTmFtZSIgVmFsdWU9IiIgUmVjb3JkZWRWYWx1ZT0iIiBDb3JyZWxhdGlvbkJpbmRpbmc9IiIgVXJsRW5jb2RlPSJUcnVlIiAvPg0KICAgICAgICA8Rm9ybVBvc3RQYXJhbWV0ZXIgTmFtZT0idHh0T1RGb3JtTk8iIFZhbHVlPSIiIFJlY29yZGVkVmFsdWU9IiIgQ29ycmVsYXRpb25CaW5kaW5nPSIiIFVybEVuY29kZT0iVHJ1ZSIgLz4NCiAgICAgICAgPEZvcm1Qb3N0UGFyYW1ldGVyIE5hbWU9ImRkbE9UU3RhdHVzIiBWYWx1ZT0iMSIgUmVjb3JkZWRWYWx1ZT0iMSIgQ29ycmVsYXRpb25CaW5kaW5nPSJ7e0Zvcm1Qb3N0UGFyYW0zNS5kZGxPVFN0YXR1c319IiBVcmxFbmNvZGU9IlRydWUiIC8+DQogICAgICAgIDxGb3JtUG9zdFBhcmFtZXRlciBOYW1lPSJ0eHRPVERhdGVCZWdpbiR0eHREYXRlIiBWYWx1ZT0iIiBSZWNvcmRlZFZhbHVlPSIiIENvcnJlbGF0aW9uQmluZGluZz0iIiBVcmxFbmNvZGU9IlRydWUiIC8+DQogICAgICAgIDxGb3JtUG9zdFBhcmFtZXRlciBOYW1lPSJ0eHRPVERhdGVFbmQkdHh0RGF0ZSIgVmFsdWU9IiIgUmVjb3JkZWRWYWx1ZT0iIiBDb3JyZWxhdGlvbkJpbmRpbmc9IiIgVXJsRW5jb2RlPSJUcnVlIiAvPg0KICAgICAgICA8Rm9ybVBvc3RQYXJhbWV0ZXIgTmFtZT0iZ3ZNYWluJGN0bDAyJGNoa0Nob29zZSIgVmFsdWU9Im9uIiBSZWNvcmRlZFZhbHVlPSJvbiIgQ29ycmVsYXRpb25CaW5kaW5nPSIiIFVybEVuY29kZT0iVHJ1ZSIgLz4NCiAgICAgICAgPEZvcm1Qb3N0UGFyYW1ldGVyIE5hbWU9InVjTW9kYWxQb3B1cDEkQ2xpZW50V2lkdGgiIFZhbHVlPSJ7eyRISURERU4xLnVjTW9kYWxQb3B1cDEkQ2xpZW50V2lkdGh9fSIgUmVjb3JkZWRWYWx1ZT0iMCIgQ29ycmVsYXRpb25CaW5kaW5nPSIiIFVybEVuY29kZT0iVHJ1ZSIgLz4NCiAgICAgICAgPEZvcm1Qb3N0UGFyYW1ldGVyIE5hbWU9InVjTW9kYWxQb3B1cDEkQ2xpZW50SGVpZ2h0IiBWYWx1ZT0ie3skSElEREVOMS51Y01vZGFsUG9wdXAxJENsaWVudEhlaWdodH19IiBSZWNvcmRlZFZhbHVlPSIwIiBDb3JyZWxhdGlvbkJpbmRpbmc9IiIgVXJsRW5jb2RlPSJUcnVlIiAvPg0KICAgICAgPC9Gb3JtUG9zdEh0dHBCb2R5Pg0KICAgIDwvUmVxdWVzdD4NCiAgICA8UmVxdWVzdCBNZXRob2Q9IlBPU1QiIEd1aWQ9ImM1NDJiZTgxLWYzNTMtNDZjZi04OWQxLTRiNTExMzVmODdmMSIgVmVyc2lvbj0iMS4xIiBVcmw9Imh0dHA6Ly8xMC4xMS4zNi4xMTQ6ODAwNy9PdmVyVGltZS9PdmVydGltZVByZU9yZGVyX01vZGlmeS5hc3B4IiBUaGlua1RpbWU9IjEiIFRpbWVvdXQ9IjMwMCIgUGFyc2VEZXBlbmRlbnRSZXF1ZXN0cz0iVHJ1ZSIgRm9sbG93UmVkaXJlY3RzPSJUcnVlIiBSZWNvcmRSZXN1bHQ9IlRydWUiIENhY2hlPSJGYWxzZSIgUmVzcG9uc2VUaW1lR29hbD0iMCIgRW5jb2Rpbmc9InV0Zi04IiBFeHBlY3RlZEh0dHBTdGF0dXNDb2RlPSIwIiBFeHBlY3RlZFJlc3BvbnNlVXJsPSIiIFJlcG9ydGluZ05hbWU9IiIgSWdub3JlSHR0cFN0YXR1c0NvZGU9IkZhbHNlIj4NCiAgICAgIDxFeHRyYWN0aW9uUnVsZXM+DQogICAgICAgIDxFeHRyYWN0aW9uUnVsZSBDbGFzc25hbWU9Ik1pY3Jvc29mdC5WaXN1YWxTdHVkaW8uVGVzdFRvb2xzLldlYlRlc3RpbmcuUnVsZXMuRXh0cmFjdEhpZGRlbkZpZWxkcywgTWljcm9zb2Z0LlZpc3VhbFN0dWRpby5RdWFsaXR5VG9vbHMuV2ViVGVzdEZyYW1ld29yaywgVmVyc2lvbj0xMC4wLjAuMCwgQ3VsdHVyZT1uZXV0cmFsLCBQdWJsaWNLZXlUb2tlbj1iMDNmNWY3ZjExZDUwYTNhIiBWYXJpYWJsZU5hbWU9IjEiIERpc3BsYXlOYW1lPSLmk7flj5bpmrHol4/mrITkvY0iIERlc2NyaXB0aW9uPSLmk7flj5blm57mh4nkuK3nmoTmiYDmnInpmrHol4/mrITkvY3vvIzkuKblsIflroPlgJHmlL7lnKjmuKzoqablhaflrrnkuK3jgIIiPg0KICAgICAgICAgIDxSdWxlUGFyYW1ldGVycz4NCiAgICAgICAgICAgIDxSdWxlUGFyYW1ldGVyIE5hbWU9IlJlcXVpcmVkIiBWYWx1ZT0iVHJ1ZSIgLz4NCiAgICAgICAgICAgIDxSdWxlUGFyYW1ldGVyIE5hbWU9Ikh0bWxEZWNvZGUiIFZhbHVlPSJUcnVlIiAvPg0KICAgICAgICAgIDwvUnVsZVBhcmFtZXRlcnM+DQogICAgICAgIDwvRXh0cmFjdGlvblJ1bGU+DQogICAgICA8L0V4dHJhY3Rpb25SdWxlcz4NCiAgICAgIDxDb3JyZWxhdGlvbkV4dHJhY3Rpb25SdWxlcz4NCiAgICAgICAgPEV4dHJhY3Rpb25SdWxlIENsYXNzbmFtZT0iTWljcm9zb2Z0LlZpc3VhbFN0dWRpby5UZXN0VG9vbHMuV2ViVGVzdGluZy5SdWxlcy5FeHRyYWN0VGV4dCwgTWljcm9zb2Z0LlZpc3VhbFN0dWRpby5RdWFsaXR5VG9vbHMuV2ViVGVzdEZyYW1ld29yaywgVmVyc2lvbj0xMC4wLjAuMCwgQ3VsdHVyZT1uZXV0cmFsLCBQdWJsaWNLZXlUb2tlbj1iMDNmNWY3ZjExZDUwYTNhIiBWYXJpYWJsZU5hbWU9IlF1ZXJ5U3RyaW5nUGFyYW05Lk9UQ29tcElEIiBEaXNwbGF5TmFtZT0iIiBEZXNjcmlwdGlvbj0iIj4NCiAgICAgICAgICA8UnVsZVBhcmFtZXRlcnM+DQogICAgICAgICAgICA8UnVsZVBhcmFtZXRlciBOYW1lPSJTdGFydHNXaXRoIiBWYWx1ZT0iP09UQ29tcElEPSIgLz4NCiAgICAgICAgICAgIDxSdWxlUGFyYW1ldGVyIE5hbWU9IkVuZHNXaXRoIiBWYWx1ZT0iJmFtcDsiIC8+DQogICAgICAgICAgICA8UnVsZVBhcmFtZXRlciBOYW1lPSJJbmRleCIgVmFsdWU9IjAiIC8+DQogICAgICAgICAgICA8UnVsZVBhcmFtZXRlciBOYW1lPSJJZ25vcmVDYXNlIiBWYWx1ZT0iRmFsc2UiIC8+DQogICAgICAgICAgICA8UnVsZVBhcmFtZXRlciBOYW1lPSJVc2VSZWd1bGFyRXhwcmVzc2lvbiIgVmFsdWU9IkZhbHNlIiAvPg0KICAgICAgICAgICAgPFJ1bGVQYXJhbWV0ZXIgTmFtZT0iSHRtbERlY29kZSIgVmFsdWU9IlRydWUiIC8+DQogICAgICAgICAgICA8UnVsZVBhcmFtZXRlciBOYW1lPSJSZXF1aXJlZCIgVmFsdWU9IkZhbHNlIiAvPg0KICAgICAgICAgIDwvUnVsZVBhcmFtZXRlcnM+DQogICAgICAgIDwvRXh0cmFjdGlvblJ1bGU+DQogICAgICAgIDxFeHRyYWN0aW9uUnVsZSBDbGFzc25hbWU9Ik1pY3Jvc29mdC5WaXN1YWxTdHVkaW8uVGVzdFRvb2xzLldlYlRlc3RpbmcuUnVsZXMuRXh0cmFjdFRleHQsIE1pY3Jvc29mdC5WaXN1YWxTdHVkaW8uUXVhbGl0eVRvb2xzLldlYlRlc3RGcmFtZXdvcmssIFZlcnNpb249MTAuMC4wLjAsIEN1bHR1cmU9bmV1dHJhbCwgUHVibGljS2V5VG9rZW49YjAzZjVmN2YxMWQ1MGEzYSIgVmFyaWFibGVOYW1lPSJRdWVyeVN0cmluZ1BhcmFtMTAuT1RFbXBJRCIgRGlzcGxheU5hbWU9IiIgRGVzY3JpcHRpb249IiI+DQogICAgICAgICAgPFJ1bGVQYXJhbWV0ZXJzPg0KICAgICAgICAgICAgPFJ1bGVQYXJhbWV0ZXIgTmFtZT0iU3RhcnRzV2l0aCIgVmFsdWU9IiZhbXA7YW1wO09URW1wSUQ9IiAvPg0KICAgICAgICAgICAgPFJ1bGVQYXJhbWV0ZXIgTmFtZT0iRW5kc1dpdGgiIFZhbHVlPSImYW1wOyIgLz4NCiAgICAgICAgICAgIDxSdWxlUGFyYW1ldGVyIE5hbWU9IkluZGV4IiBWYWx1ZT0iMCIgLz4NCiAgICAgICAgICAgIDxSdWxlUGFyYW1ldGVyIE5hbWU9Iklnbm9yZUNhc2UiIFZhbHVlPSJGYWxzZSIgLz4NCiAgICAgICAgICAgIDxSdWxlUGFyYW1ldGVyIE5hbWU9IlVzZVJlZ3VsYXJFeHByZXNzaW9uIiBWYWx1ZT0iRmFsc2UiIC8+DQogICAgICAgICAgICA8UnVsZVBhcmFtZXRlciBOYW1lPSJIdG1sRGVjb2RlIiBWYWx1ZT0iVHJ1ZSIgLz4NCiAgICAgICAgICAgIDxSdWxlUGFyYW1ldGVyIE5hbWU9IlJlcXVpcmVkIiBWYWx1ZT0iRmFsc2UiIC8+DQogICAgICAgICAgPC9SdWxlUGFyYW1ldGVycz4NCiAgICAgICAgPC9FeHRyYWN0aW9uUnVsZT4NCiAgICAgICAgPEV4dHJhY3Rpb25SdWxlIENsYXNzbmFtZT0iTWljcm9zb2Z0LlZpc3VhbFN0dWRpby5UZXN0VG9vbHMuV2ViVGVzdGluZy5SdWxlcy5FeHRyYWN0VGV4dCwgTWljcm9zb2Z0LlZpc3VhbFN0dWRpby5RdWFsaXR5VG9vbHMuV2ViVGVzdEZyYW1ld29yaywgVmVyc2lvbj0xMC4wLjAuMCwgQ3VsdHVyZT1uZXV0cmFsLCBQdWJsaWNLZXlUb2tlbj1iMDNmNWY3ZjExZDUwYTNhIiBWYXJpYWJsZU5hbWU9IlF1ZXJ5U3RyaW5nUGFyYW0xMS5PVFN0YXJ0RGF0ZSIgRGlzcGxheU5hbWU9IiIgRGVzY3JpcHRpb249IiI+DQogICAgICAgICAgPFJ1bGVQYXJhbWV0ZXJzPg0KICAgICAgICAgICAgPFJ1bGVQYXJhbWV0ZXIgTmFtZT0iU3RhcnRzV2l0aCIgVmFsdWU9IiZhbXA7YW1wO09UU3RhcnREYXRlPSIgLz4NCiAgICAgICAgICAgIDxSdWxlUGFyYW1ldGVyIE5hbWU9IkVuZHNXaXRoIiBWYWx1ZT0iJmFtcDsiIC8+DQogICAgICAgICAgICA8UnVsZVBhcmFtZXRlciBOYW1lPSJJbmRleCIgVmFsdWU9IjAiIC8+DQogICAgICAgICAgICA8UnVsZVBhcmFtZXRlciBOYW1lPSJJZ25vcmVDYXNlIiBWYWx1ZT0iRmFsc2UiIC8+DQogICAgICAgICAgICA8UnVsZVBhcmFtZXRlciBOYW1lPSJVc2VSZWd1bGFyRXhwcmVzc2lvbiIgVmFsdWU9IkZhbHNlIiAvPg0KICAgICAgICAgICAgPFJ1bGVQYXJhbWV0ZXIgTmFtZT0iSHRtbERlY29kZSIgVmFsdWU9IlRydWUiIC8+DQogICAgICAgICAgICA8UnVsZVBhcmFtZXRlciBOYW1lPSJSZXF1aXJlZCIgVmFsdWU9IkZhbHNlIiAvPg0KICAgICAgICAgIDwvUnVsZVBhcmFtZXRlcnM+DQogICAgICAgIDwvRXh0cmFjdGlvblJ1bGU+DQogICAgICAgIDxFeHRyYWN0aW9uUnVsZSBDbGFzc25hbWU9Ik1pY3Jvc29mdC5WaXN1YWxTdHVkaW8uVGVzdFRvb2xzLldlYlRlc3RpbmcuUnVsZXMuRXh0cmFjdFRleHQsIE1pY3Jvc29mdC5WaXN1YWxTdHVkaW8uUXVhbGl0eVRvb2xzLldlYlRlc3RGcmFtZXdvcmssIFZlcnNpb249MTAuMC4wLjAsIEN1bHR1cmU9bmV1dHJhbCwgUHVibGljS2V5VG9rZW49YjAzZjVmN2YxMWQ1MGEzYSIgVmFyaWFibGVOYW1lPSJRdWVyeVN0cmluZ1BhcmFtMTIuT1RFbmREYXRlIiBEaXNwbGF5TmFtZT0iIiBEZXNjcmlwdGlvbj0iIj4NCiAgICAgICAgICA8UnVsZVBhcmFtZXRlcnM+DQogICAgICAgICAgICA8UnVsZVBhcmFtZXRlciBOYW1lPSJTdGFydHNXaXRoIiBWYWx1ZT0iJmFtcDthbXA7T1RFbmREYXRlPSIgLz4NCiAgICAgICAgICAgIDxSdWxlUGFyYW1ldGVyIE5hbWU9IkVuZHNXaXRoIiBWYWx1ZT0iJmFtcDsiIC8+DQogICAgICAgICAgICA8UnVsZVBhcmFtZXRlciBOYW1lPSJJbmRleCIgVmFsdWU9IjAiIC8+DQogICAgICAgICAgICA8UnVsZVBhcmFtZXRlciBOYW1lPSJJZ25vcmVDYXNlIiBWYWx1ZT0iRmFsc2UiIC8+DQogICAgICAgICAgICA8UnVsZVBhcmFtZXRlciBOYW1lPSJVc2VSZWd1bGFyRXhwcmVzc2lvbiIgVmFsdWU9IkZhbHNlIiAvPg0KICAgICAgICAgICAgPFJ1bGVQYXJhbWV0ZXIgTmFtZT0iSHRtbERlY29kZSIgVmFsdWU9IlRydWUiIC8+DQogICAgICAgICAgICA8UnVsZVBhcmFtZXRlciBOYW1lPSJSZXF1aXJlZCIgVmFsdWU9IkZhbHNlIiAvPg0KICAgICAgICAgIDwvUnVsZVBhcmFtZXRlcnM+DQogICAgICAgIDwvRXh0cmFjdGlvblJ1bGU+DQogICAgICAgIDxFeHRyYWN0aW9uUnVsZSBDbGFzc25hbWU9Ik1pY3Jvc29mdC5WaXN1YWxTdHVkaW8uVGVzdFRvb2xzLldlYlRlc3RpbmcuUnVsZXMuRXh0cmFjdFRleHQsIE1pY3Jvc29mdC5WaXN1YWxTdHVkaW8uUXVhbGl0eVRvb2xzLldlYlRlc3RGcmFtZXdvcmssIFZlcnNpb249MTAuMC4wLjAsIEN1bHR1cmU9bmV1dHJhbCwgUHVibGljS2V5VG9rZW49YjAzZjVmN2YxMWQ1MGEzYSIgVmFyaWFibGVOYW1lPSJRdWVyeVN0cmluZ1BhcmFtMTMuT1RTdGFydFRpbWUiIERpc3BsYXlOYW1lPSIiIERlc2NyaXB0aW9uPSIiPg0KICAgICAgICAgIDxSdWxlUGFyYW1ldGVycz4NCiAgICAgICAgICAgIDxSdWxlUGFyYW1ldGVyIE5hbWU9IlN0YXJ0c1dpdGgiIFZhbHVlPSImYW1wO2FtcDtPVFN0YXJ0VGltZT0iIC8+DQogICAgICAgICAgICA8UnVsZVBhcmFtZXRlciBOYW1lPSJFbmRzV2l0aCIgVmFsdWU9IiZhbXA7IiAvPg0KICAgICAgICAgICAgPFJ1bGVQYXJhbWV0ZXIgTmFtZT0iSW5kZXgiIFZhbHVlPSIwIiAvPg0KICAgICAgICAgICAgPFJ1bGVQYXJhbWV0ZXIgTmFtZT0iSWdub3JlQ2FzZSIgVmFsdWU9IkZhbHNlIiAvPg0KICAgICAgICAgICAgPFJ1bGVQYXJhbWV0ZXIgTmFtZT0iVXNlUmVndWxhckV4cHJlc3Npb24iIFZhbHVlPSJGYWxzZSIgLz4NCiAgICAgICAgICAgIDxSdWxlUGFyYW1ldGVyIE5hbWU9Ikh0bWxEZWNvZGUiIFZhbHVlPSJUcnVlIiAvPg0KICAgICAgICAgICAgPFJ1bGVQYXJhbWV0ZXIgTmFtZT0iUmVxdWlyZWQiIFZhbHVlPSJGYWxzZSIgLz4NCiAgICAgICAgICA8L1J1bGVQYXJhbWV0ZXJzPg0KICAgICAgICA8L0V4dHJhY3Rpb25SdWxlPg0KICAgICAgICA8RXh0cmFjdGlvblJ1bGUgQ2xhc3NuYW1lPSJNaWNyb3NvZnQuVmlzdWFsU3R1ZGlvLlRlc3RUb29scy5XZWJUZXN0aW5nLlJ1bGVzLkV4dHJhY3RUZXh0LCBNaWNyb3NvZnQuVmlzdWFsU3R1ZGlvLlF1YWxpdHlUb29scy5XZWJUZXN0RnJhbWV3b3JrLCBWZXJzaW9uPTEwLjAuMC4wLCBDdWx0dXJlPW5ldXRyYWwsIFB1YmxpY0tleVRva2VuPWIwM2Y1ZjdmMTFkNTBhM2EiIFZhcmlhYmxlTmFtZT0iUXVlcnlTdHJpbmdQYXJhbTE0Lk9URW5kVGltZSIgRGlzcGxheU5hbWU9IiIgRGVzY3JpcHRpb249IiI+DQogICAgICAgICAgPFJ1bGVQYXJhbWV0ZXJzPg0KICAgICAgICAgICAgPFJ1bGVQYXJhbWV0ZXIgTmFtZT0iU3RhcnRzV2l0aCIgVmFsdWU9IiZhbXA7YW1wO09URW5kVGltZT0iIC8+DQogICAgICAgICAgICA8UnVsZVBhcmFtZXRlciBOYW1lPSJFbmRzV2l0aCIgVmFsdWU9IiZhbXA7IiAvPg0KICAgICAgICAgICAgPFJ1bGVQYXJhbWV0ZXIgTmFtZT0iSW5kZXgiIFZhbHVlPSIwIiAvPg0KICAgICAgICAgICAgPFJ1bGVQYXJhbWV0ZXIgTmFtZT0iSWdub3JlQ2FzZSIgVmFsdWU9IkZhbHNlIiAvPg0KICAgICAgICAgICAgPFJ1bGVQYXJhbWV0ZXIgTmFtZT0iVXNlUmVndWxhckV4cHJlc3Npb24iIFZhbHVlPSJGYWxzZSIgLz4NCiAgICAgICAgICAgIDxSdWxlUGFyYW1ldGVyIE5hbWU9Ikh0bWxEZWNvZGUiIFZhbHVlPSJUcnVlIiAvPg0KICAgICAgICAgICAgPFJ1bGVQYXJhbWV0ZXIgTmFtZT0iUmVxdWlyZWQiIFZhbHVlPSJGYWxzZSIgLz4NCiAgICAgICAgICA8L1J1bGVQYXJhbWV0ZXJzPg0KICAgICAgICA8L0V4dHJhY3Rpb25SdWxlPg0KICAgICAgICA8RXh0cmFjdGlvblJ1bGUgQ2xhc3NuYW1lPSJNaWNyb3NvZnQuVmlzdWFsU3R1ZGlvLlRlc3RUb29scy5XZWJUZXN0aW5nLlJ1bGVzLkV4dHJhY3RUZXh0LCBNaWNyb3NvZnQuVmlzdWFsU3R1ZGlvLlF1YWxpdHlUb29scy5XZWJUZXN0RnJhbWV3b3JrLCBWZXJzaW9uPTEwLjAuMC4wLCBDdWx0dXJlPW5ldXRyYWwsIFB1YmxpY0tleVRva2VuPWIwM2Y1ZjdmMTFkNTBhM2EiIFZhcmlhYmxlTmFtZT0iUXVlcnlTdHJpbmdQYXJhbTE1Lk9UVHhuSUQiIERpc3BsYXlOYW1lPSIiIERlc2NyaXB0aW9uPSIiPg0KICAgICAgICAgIDxSdWxlUGFyYW1ldGVycz4NCiAgICAgICAgICAgIDxSdWxlUGFyYW1ldGVyIE5hbWU9IlN0YXJ0c1dpdGgiIFZhbHVlPSImYW1wO2FtcDtPVFR4bklEPSIgLz4NCiAgICAgICAgICAgIDxSdWxlUGFyYW1ldGVyIE5hbWU9IkVuZHNXaXRoIiBWYWx1ZT0iJmFtcDsiIC8+DQogICAgICAgICAgICA8UnVsZVBhcmFtZXRlciBOYW1lPSJJbmRleCIgVmFsdWU9IjAiIC8+DQogICAgICAgICAgICA8UnVsZVBhcmFtZXRlciBOYW1lPSJJZ25vcmVDYXNlIiBWYWx1ZT0iRmFsc2UiIC8+DQogICAgICAgICAgICA8UnVsZVBhcmFtZXRlciBOYW1lPSJVc2VSZWd1bGFyRXhwcmVzc2lvbiIgVmFsdWU9IkZhbHNlIiAvPg0KICAgICAgICAgICAgPFJ1bGVQYXJhbWV0ZXIgTmFtZT0iSHRtbERlY29kZSIgVmFsdWU9IlRydWUiIC8+DQogICAgICAgICAgICA8UnVsZVBhcmFtZXRlciBOYW1lPSJSZXF1aXJlZCIgVmFsdWU9IkZhbHNlIiAvPg0KICAgICAgICAgIDwvUnVsZVBhcmFtZXRlcnM+DQogICAgICAgIDwvRXh0cmFjdGlvblJ1bGU+DQogICAgICAgIDxFeHRyYWN0aW9uUnVsZSBDbGFzc25hbWU9Ik1pY3Jvc29mdC5WaXN1YWxTdHVkaW8uVGVzdFRvb2xzLldlYlRlc3RpbmcuUnVsZXMuRXh0cmFjdFRleHQsIE1pY3Jvc29mdC5WaXN1YWxTdHVkaW8uUXVhbGl0eVRvb2xzLldlYlRlc3RGcmFtZXdvcmssIFZlcnNpb249MTAuMC4wLjAsIEN1bHR1cmU9bmV1dHJhbCwgUHVibGljS2V5VG9rZW49YjAzZjVmN2YxMWQ1MGEzYSIgVmFyaWFibGVOYW1lPSJRdWVyeVN0cmluZ1BhcmFtMTYuT1RGb3JtTk8iIERpc3BsYXlOYW1lPSIiIERlc2NyaXB0aW9uPSIiPg0KICAgICAgICAgIDxSdWxlUGFyYW1ldGVycz4NCiAgICAgICAgICAgIDxSdWxlUGFyYW1ldGVyIE5hbWU9IlN0YXJ0c1dpdGgiIFZhbHVlPSImYW1wO2FtcDtPVEZvcm1OTz0iIC8+DQogICAgICAgICAgICA8UnVsZVBhcmFtZXRlciBOYW1lPSJFbmRzV2l0aCIgVmFsdWU9IiZxdW90OyIgLz4NCiAgICAgICAgICAgIDxSdWxlUGFyYW1ldGVyIE5hbWU9IkluZGV4IiBWYWx1ZT0iMCIgLz4NCiAgICAgICAgICAgIDxSdWxlUGFyYW1ldGVyIE5hbWU9Iklnbm9yZUNhc2UiIFZhbHVlPSJGYWxzZSIgLz4NCiAgICAgICAgICAgIDxSdWxlUGFyYW1ldGVyIE5hbWU9IlVzZVJlZ3VsYXJFeHByZXNzaW9uIiBWYWx1ZT0iRmFsc2UiIC8+DQogICAgICAgICAgICA8UnVsZVBhcmFtZXRlciBOYW1lPSJIdG1sRGVjb2RlIiBWYWx1ZT0iVHJ1ZSIgLz4NCiAgICAgICAgICAgIDxSdWxlUGFyYW1ldGVyIE5hbWU9IlJlcXVpcmVkIiBWYWx1ZT0iRmFsc2UiIC8+DQogICAgICAgICAgPC9SdWxlUGFyYW1ldGVycz4NCiAgICAgICAgPC9FeHRyYWN0aW9uUnVsZT4NCiAgICAgICAgPEV4dHJhY3Rpb25SdWxlIENsYXNzbmFtZT0iTWljcm9zb2Z0LlZpc3VhbFN0dWRpby5UZXN0VG9vbHMuV2ViVGVzdGluZy5SdWxlcy5FeHRyYWN0Rm9ybUZpZWxkLCBNaWNyb3NvZnQuVmlzdWFsU3R1ZGlvLlF1YWxpdHlUb29scy5XZWJUZXN0RnJhbWV3b3JrLCBWZXJzaW9uPTEwLjAuMC4wLCBDdWx0dXJlPW5ldXRyYWwsIFB1YmxpY0tleVRva2VuPWIwM2Y1ZjdmMTFkNTBhM2EiIFZhcmlhYmxlTmFtZT0iRm9ybVBvc3RQYXJhbTE0LmJ0blRlbXBTYXZlSW52aXNpYmxlIiBEaXNwbGF5TmFtZT0iIiBEZXNjcmlwdGlvbj0iIj4NCiAgICAgICAgICA8UnVsZVBhcmFtZXRlcnM+DQogICAgICAgICAgICA8UnVsZVBhcmFtZXRlciBOYW1lPSJOYW1lIiBWYWx1ZT0iYnRuVGVtcFNhdmVJbnZpc2libGUiIC8+DQogICAgICAgICAgICA8UnVsZVBhcmFtZXRlciBOYW1lPSJIdG1sRGVjb2RlIiBWYWx1ZT0iVHJ1ZSIgLz4NCiAgICAgICAgICAgIDxSdWxlUGFyYW1ldGVyIE5hbWU9IlJlcXVpcmVkIiBWYWx1ZT0iRmFsc2UiIC8+DQogICAgICAgICAgICA8UnVsZVBhcmFtZXRlciBOYW1lPSJJbmRleCIgVmFsdWU9IjAiIC8+DQogICAgICAgICAgPC9SdWxlUGFyYW1ldGVycz4NCiAgICAgICAgPC9FeHRyYWN0aW9uUnVsZT4NCiAgICAgICAgPEV4dHJhY3Rpb25SdWxlIENsYXNzbmFtZT0iTWljcm9zb2Z0LlZpc3VhbFN0dWRpby5UZXN0VG9vbHMuV2ViVGVzdGluZy5SdWxlcy5FeHRyYWN0Rm9ybUZpZWxkLCBNaWNyb3NvZnQuVmlzdWFsU3R1ZGlvLlF1YWxpdHlUb29scy5XZWJUZXN0RnJhbWV3b3JrLCBWZXJzaW9uPTEwLjAuMC4wLCBDdWx0dXJlPW5ldXRyYWwsIFB1YmxpY0tleVRva2VuPWIwM2Y1ZjdmMTFkNTBhM2EiIFZhcmlhYmxlTmFtZT0iRm9ybVBvc3RQYXJhbTE1LnVjRGF0ZVN0YXJ0JHR4dERhdGUiIERpc3BsYXlOYW1lPSIiIERlc2NyaXB0aW9uPSIiPg0KICAgICAgICAgIDxSdWxlUGFyYW1ldGVycz4NCiAgICAgICAgICAgIDxSdWxlUGFyYW1ldGVyIE5hbWU9Ik5hbWUiIFZhbHVlPSJ1Y0RhdGVTdGFydF90eHREYXRlIiAvPg0KICAgICAgICAgICAgPFJ1bGVQYXJhbWV0ZXIgTmFtZT0iSHRtbERlY29kZSIgVmFsdWU9IlRydWUiIC8+DQogICAgICAgICAgICA8UnVsZVBhcmFtZXRlciBOYW1lPSJSZXF1aXJlZCIgVmFsdWU9IkZhbHNlIiAvPg0KICAgICAgICAgICAgPFJ1bGVQYXJhbWV0ZXIgTmFtZT0iSW5kZXgiIFZhbHVlPSIwIiAvPg0KICAgICAgICAgIDwvUnVsZVBhcmFtZXRlcnM+DQogICAgICAgIDwvRXh0cmFjdGlvblJ1bGU+DQogICAgICAgIDxFeHRyYWN0aW9uUnVsZSBDbGFzc25hbWU9Ik1pY3Jvc29mdC5WaXN1YWxTdHVkaW8uVGVzdFRvb2xzLldlYlRlc3RpbmcuUnVsZXMuRXh0cmFjdEZvcm1GaWVsZCwgTWljcm9zb2Z0LlZpc3VhbFN0dWRpby5RdWFsaXR5VG9vbHMuV2ViVGVzdEZyYW1ld29yaywgVmVyc2lvbj0xMC4wLjAuMCwgQ3VsdHVyZT1uZXV0cmFsLCBQdWJsaWNLZXlUb2tlbj1iMDNmNWY3ZjExZDUwYTNhIiBWYXJpYWJsZU5hbWU9IkZvcm1Qb3N0UGFyYW0xNi51Y0RhdGVFbmQkdHh0RGF0ZSIgRGlzcGxheU5hbWU9IiIgRGVzY3JpcHRpb249IiI+DQogICAgICAgICAgPFJ1bGVQYXJhbWV0ZXJzPg0KICAgICAgICAgICAgPFJ1bGVQYXJhbWV0ZXIgTmFtZT0iTmFtZSIgVmFsdWU9InVjRGF0ZUVuZF90eHREYXRlIiAvPg0KICAgICAgICAgICAgPFJ1bGVQYXJhbWV0ZXIgTmFtZT0iSHRtbERlY29kZSIgVmFsdWU9IlRydWUiIC8+DQogICAgICAgICAgICA8UnVsZVBhcmFtZXRlciBOYW1lPSJSZXF1aXJlZCIgVmFsdWU9IkZhbHNlIiAvPg0KICAgICAgICAgICAgPFJ1bGVQYXJhbWV0ZXIgTmFtZT0iSW5kZXgiIFZhbHVlPSIwIiAvPg0KICAgICAgICAgIDwvUnVsZVBhcmFtZXRlcnM+DQogICAgICAgIDwvRXh0cmFjdGlvblJ1bGU+DQogICAgICAgIDxFeHRyYWN0aW9uUnVsZSBDbGFzc25hbWU9Ik1pY3Jvc29mdC5WaXN1YWxTdHVkaW8uVGVzdFRvb2xzLldlYlRlc3RpbmcuUnVsZXMuRXh0cmFjdFRleHQsIE1pY3Jvc29mdC5WaXN1YWxTdHVkaW8uUXVhbGl0eVRvb2xzLldlYlRlc3RGcmFtZXdvcmssIFZlcnNpb249MTAuMC4wLjAsIEN1bHR1cmU9bmV1dHJhbCwgUHVibGljS2V5VG9rZW49YjAzZjVmN2YxMWQ1MGEzYSIgVmFyaWFibGVOYW1lPSJGb3JtUG9zdFBhcmFtMTcuZGRsU2FsYXJ5T3JBZGp1c3QiIERpc3BsYXlOYW1lPSIiIERlc2NyaXB0aW9uPSIiPg0KICAgICAgICAgIDxSdWxlUGFyYW1ldGVycz4NCiAgICAgICAgICAgIDxSdWxlUGFyYW1ldGVyIE5hbWU9IlN0YXJ0c1dpdGgiIFZhbHVlPSImcXVvdDsxJnF1b3Q7LCZxdW90OyIgLz4NCiAgICAgICAgICAgIDxSdWxlUGFyYW1ldGVyIE5hbWU9IkVuZHNXaXRoIiBWYWx1ZT0iJnF1b3Q7LCZxdW90OzMmcXVvdDsiIC8+DQogICAgICAgICAgICA8UnVsZVBhcmFtZXRlciBOYW1lPSJJbmRleCIgVmFsdWU9IjAiIC8+DQogICAgICAgICAgICA8UnVsZVBhcmFtZXRlciBOYW1lPSJJZ25vcmVDYXNlIiBWYWx1ZT0iRmFsc2UiIC8+DQogICAgICAgICAgICA8UnVsZVBhcmFtZXRlciBOYW1lPSJVc2VSZWd1bGFyRXhwcmVzc2lvbiIgVmFsdWU9IkZhbHNlIiAvPg0KICAgICAgICAgICAgPFJ1bGVQYXJhbWV0ZXIgTmFtZT0iSHRtbERlY29kZSIgVmFsdWU9IlRydWUiIC8+DQogICAgICAgICAgICA8UnVsZVBhcmFtZXRlciBOYW1lPSJSZXF1aXJlZCIgVmFsdWU9IkZhbHNlIiAvPg0KICAgICAgICAgIDwvUnVsZVBhcmFtZXRlcnM+DQogICAgICAgIDwvRXh0cmFjdGlvblJ1bGU+DQogICAgICAgIDxFeHRyYWN0aW9uUnVsZSBDbGFzc25hbWU9Ik1pY3Jvc29mdC5WaXN1YWxTdHVkaW8uVGVzdFRvb2xzLldlYlRlc3RpbmcuUnVsZXMuRXh0cmFjdFRleHQsIE1pY3Jvc29mdC5WaXN1YWxTdHVkaW8uUXVhbGl0eVRvb2xzLldlYlRlc3RGcmFtZXdvcmssIFZlcnNpb249MTAuMC4wLjAsIEN1bHR1cmU9bmV1dHJhbCwgUHVibGljS2V5VG9rZW49YjAzZjVmN2YxMWQ1MGEzYSIgVmFyaWFibGVOYW1lPSJGb3JtUG9zdFBhcmFtMTguT1RUaW1lU3RhcnQkZGRsSEgiIERpc3BsYXlOYW1lPSIiIERlc2NyaXB0aW9uPSIiPg0KICAgICAgICAgIDxSdWxlUGFyYW1ldGVycz4NCiAgICAgICAgICAgIDxSdWxlUGFyYW1ldGVyIE5hbWU9IlN0YXJ0c1dpdGgiIFZhbHVlPSJsdWU9JnF1b3Q7IiAvPg0KICAgICAgICAgICAgPFJ1bGVQYXJhbWV0ZXIgTmFtZT0iRW5kc1dpdGgiIFZhbHVlPSImcXVvdDsmZ3Q7MjImbHQ7IiAvPg0KICAgICAgICAgICAgPFJ1bGVQYXJhbWV0ZXIgTmFtZT0iSW5kZXgiIFZhbHVlPSI0NSIgLz4NCiAgICAgICAgICAgIDxSdWxlUGFyYW1ldGVyIE5hbWU9Iklnbm9yZUNhc2UiIFZhbHVlPSJGYWxzZSIgLz4NCiAgICAgICAgICAgIDxSdWxlUGFyYW1ldGVyIE5hbWU9IlVzZVJlZ3VsYXJFeHByZXNzaW9uIiBWYWx1ZT0iRmFsc2UiIC8+DQogICAgICAgICAgICA8UnVsZVBhcmFtZXRlciBOYW1lPSJIdG1sRGVjb2RlIiBWYWx1ZT0iVHJ1ZSIgLz4NCiAgICAgICAgICAgIDxSdWxlUGFyYW1ldGVyIE5hbWU9IlJlcXVpcmVkIiBWYWx1ZT0iRmFsc2UiIC8+DQogICAgICAgICAgPC9SdWxlUGFyYW1ldGVycz4NCiAgICAgICAgPC9FeHRyYWN0aW9uUnVsZT4NCiAgICAgICAgPEV4dHJhY3Rpb25SdWxlIENsYXNzbmFtZT0iTWljcm9zb2Z0LlZpc3VhbFN0dWRpby5UZXN0VG9vbHMuV2ViVGVzdGluZy5SdWxlcy5FeHRyYWN0VGV4dCwgTWljcm9zb2Z0LlZpc3VhbFN0dWRpby5RdWFsaXR5VG9vbHMuV2ViVGVzdEZyYW1ld29yaywgVmVyc2lvbj0xMC4wLjAuMCwgQ3VsdHVyZT1uZXV0cmFsLCBQdWJsaWNLZXlUb2tlbj1iMDNmNWY3ZjExZDUwYTNhIiBWYXJpYWJsZU5hbWU9IkZvcm1Qb3N0UGFyYW0xOS5PVFRpbWVTdGFydCRkZGxNTSIgRGlzcGxheU5hbWU9IiIgRGVzY3JpcHRpb249IiI+DQogICAgICAgICAgPFJ1bGVQYXJhbWV0ZXJzPg0KICAgICAgICAgICAgPFJ1bGVQYXJhbWV0ZXIgTmFtZT0iU3RhcnRzV2l0aCIgVmFsdWU9Imx1ZT0mcXVvdDsiIC8+DQogICAgICAgICAgICA8UnVsZVBhcmFtZXRlciBOYW1lPSJFbmRzV2l0aCIgVmFsdWU9IiZxdW90OyZndDswMCZsdDsiIC8+DQogICAgICAgICAgICA8UnVsZVBhcmFtZXRlciBOYW1lPSJJbmRleCIgVmFsdWU9IjIzIiAvPg0KICAgICAgICAgICAgPFJ1bGVQYXJhbWV0ZXIgTmFtZT0iSWdub3JlQ2FzZSIgVmFsdWU9IkZhbHNlIiAvPg0KICAgICAgICAgICAgPFJ1bGVQYXJhbWV0ZXIgTmFtZT0iVXNlUmVndWxhckV4cHJlc3Npb24iIFZhbHVlPSJGYWxzZSIgLz4NCiAgICAgICAgICAgIDxSdWxlUGFyYW1ldGVyIE5hbWU9Ikh0bWxEZWNvZGUiIFZhbHVlPSJUcnVlIiAvPg0KICAgICAgICAgICAgPFJ1bGVQYXJhbWV0ZXIgTmFtZT0iUmVxdWlyZWQiIFZhbHVlPSJGYWxzZSIgLz4NCiAgICAgICAgICA8L1J1bGVQYXJhbWV0ZXJzPg0KICAgICAgICA8L0V4dHJhY3Rpb25SdWxlPg0KICAgICAgICA8RXh0cmFjdGlvblJ1bGUgQ2xhc3NuYW1lPSJNaWNyb3NvZnQuVmlzdWFsU3R1ZGlvLlRlc3RUb29scy5XZWJUZXN0aW5nLlJ1bGVzLkV4dHJhY3RUZXh0LCBNaWNyb3NvZnQuVmlzdWFsU3R1ZGlvLlF1YWxpdHlUb29scy5XZWJUZXN0RnJhbWV3b3JrLCBWZXJzaW9uPTEwLjAuMC4wLCBDdWx0dXJlPW5ldXRyYWwsIFB1YmxpY0tleVRva2VuPWIwM2Y1ZjdmMTFkNTBhM2EiIFZhcmlhYmxlTmFtZT0iRm9ybVBvc3RQYXJhbTIwLk9UVGltZUVuZCRkZGxISCIgRGlzcGxheU5hbWU9IiIgRGVzY3JpcHRpb249IiI+DQogICAgICAgICAgPFJ1bGVQYXJhbWV0ZXJzPg0KICAgICAgICAgICAgPFJ1bGVQYXJhbWV0ZXIgTmFtZT0iU3RhcnRzV2l0aCIgVmFsdWU9Imx1ZT0mcXVvdDsiIC8+DQogICAgICAgICAgICA8UnVsZVBhcmFtZXRlciBOYW1lPSJFbmRzV2l0aCIgVmFsdWU9IiZxdW90OyZndDsyMyZsdDsiIC8+DQogICAgICAgICAgICA8UnVsZVBhcmFtZXRlciBOYW1lPSJJbmRleCIgVmFsdWU9IjQ2IiAvPg0KICAgICAgICAgICAgPFJ1bGVQYXJhbWV0ZXIgTmFtZT0iSWdub3JlQ2FzZSIgVmFsdWU9IkZhbHNlIiAvPg0KICAgICAgICAgICAgPFJ1bGVQYXJhbWV0ZXIgTmFtZT0iVXNlUmVndWxhckV4cHJlc3Npb24iIFZhbHVlPSJGYWxzZSIgLz4NCiAgICAgICAgICAgIDxSdWxlUGFyYW1ldGVyIE5hbWU9Ikh0bWxEZWNvZGUiIFZhbHVlPSJUcnVlIiAvPg0KICAgICAgICAgICAgPFJ1bGVQYXJhbWV0ZXIgTmFtZT0iUmVxdWlyZWQiIFZhbHVlPSJGYWxzZSIgLz4NCiAgICAgICAgICA8L1J1bGVQYXJhbWV0ZXJzPg0KICAgICAgICA8L0V4dHJhY3Rpb25SdWxlPg0KICAgICAgICA8RXh0cmFjdGlvblJ1bGUgQ2xhc3NuYW1lPSJNaWNyb3NvZnQuVmlzdWFsU3R1ZGlvLlRlc3RUb29scy5XZWJUZXN0aW5nLlJ1bGVzLkV4dHJhY3RUZXh0LCBNaWNyb3NvZnQuVmlzdWFsU3R1ZGlvLlF1YWxpdHlUb29scy5XZWJUZXN0RnJhbWV3b3JrLCBWZXJzaW9uPTEwLjAuMC4wLCBDdWx0dXJlPW5ldXRyYWwsIFB1YmxpY0tleVRva2VuPWIwM2Y1ZjdmMTFkNTBhM2EiIFZhcmlhYmxlTmFtZT0iRm9ybVBvc3RQYXJhbTIxLk9UVGltZUVuZCRkZGxNTSIgRGlzcGxheU5hbWU9IiIgRGVzY3JpcHRpb249IiI+DQogICAgICAgICAgPFJ1bGVQYXJhbWV0ZXJzPg0KICAgICAgICAgICAgPFJ1bGVQYXJhbWV0ZXIgTmFtZT0iU3RhcnRzV2l0aCIgVmFsdWU9Imx1ZT0mcXVvdDsiIC8+DQogICAgICAgICAgICA8UnVsZVBhcmFtZXRlciBOYW1lPSJFbmRzV2l0aCIgVmFsdWU9IiZxdW90OyZndDswMCZsdDsiIC8+DQogICAgICAgICAgICA8UnVsZVBhcmFtZXRlciBOYW1lPSJJbmRleCIgVmFsdWU9IjIzIiAvPg0KICAgICAgICAgICAgPFJ1bGVQYXJhbWV0ZXIgTmFtZT0iSWdub3JlQ2FzZSIgVmFsdWU9IkZhbHNlIiAvPg0KICAgICAgICAgICAgPFJ1bGVQYXJhbWV0ZXIgTmFtZT0iVXNlUmVndWxhckV4cHJlc3Npb24iIFZhbHVlPSJGYWxzZSIgLz4NCiAgICAgICAgICAgIDxSdWxlUGFyYW1ldGVyIE5hbWU9Ikh0bWxEZWNvZGUiIFZhbHVlPSJUcnVlIiAvPg0KICAgICAgICAgICAgPFJ1bGVQYXJhbWV0ZXIgTmFtZT0iUmVxdWlyZWQiIFZhbHVlPSJGYWxzZSIgLz4NCiAgICAgICAgICA8L1J1bGVQYXJhbWV0ZXJzPg0KICAgICAgICA8L0V4dHJhY3Rpb25SdWxlPg0KICAgICAgICA8RXh0cmFjdGlvblJ1bGUgQ2xhc3NuYW1lPSJNaWNyb3NvZnQuVmlzdWFsU3R1ZGlvLlRlc3RUb29scy5XZWJUZXN0aW5nLlJ1bGVzLkV4dHJhY3RUZXh0LCBNaWNyb3NvZnQuVmlzdWFsU3R1ZGlvLlF1YWxpdHlUb29scy5XZWJUZXN0RnJhbWV3b3JrLCBWZXJzaW9uPTEwLjAuMC4wLCBDdWx0dXJlPW5ldXRyYWwsIFB1YmxpY0tleVRva2VuPWIwM2Y1ZjdmMTFkNTBhM2EiIFZhcmlhYmxlTmFtZT0iRm9ybVBvc3RQYXJhbTIyLmRkbE9UVHlwZUlEIiBEaXNwbGF5TmFtZT0iIiBEZXNjcmlwdGlvbj0iIj4NCiAgICAgICAgICA8UnVsZVBhcmFtZXRlcnM+DQogICAgICAgICAgICA8UnVsZVBhcmFtZXRlciBOYW1lPSJTdGFydHNXaXRoIiBWYWx1ZT0iJnF1b3Q7NyZxdW90OywmcXVvdDsiIC8+DQogICAgICAgICAgICA8UnVsZVBhcmFtZXRlciBOYW1lPSJFbmRzV2l0aCIgVmFsdWU9IiZxdW90OywmcXVvdDs5JnF1b3Q7IiAvPg0KICAgICAgICAgICAgPFJ1bGVQYXJhbWV0ZXIgTmFtZT0iSW5kZXgiIFZhbHVlPSIwIiAvPg0KICAgICAgICAgICAgPFJ1bGVQYXJhbWV0ZXIgTmFtZT0iSWdub3JlQ2FzZSIgVmFsdWU9IkZhbHNlIiAvPg0KICAgICAgICAgICAgPFJ1bGVQYXJhbWV0ZXIgTmFtZT0iVXNlUmVndWxhckV4cHJlc3Npb24iIFZhbHVlPSJGYWxzZSIgLz4NCiAgICAgICAgICAgIDxSdWxlUGFyYW1ldGVyIE5hbWU9Ikh0bWxEZWNvZGUiIFZhbHVlPSJUcnVlIiAvPg0KICAgICAgICAgICAgPFJ1bGVQYXJhbWV0ZXIgTmFtZT0iUmVxdWlyZWQiIFZhbHVlPSJGYWxzZSIgLz4NCiAgICAgICAgICA8L1J1bGVQYXJhbWV0ZXJzPg0KICAgICAgICA8L0V4dHJhY3Rpb25SdWxlPg0KICAgICAgPC9Db3JyZWxhdGlvbkV4dHJhY3Rpb25SdWxlcz4NCiAgICAgIDxRdWVyeVN0cmluZ1BhcmFtZXRlcnM+DQogICAgICAgIDxRdWVyeVN0cmluZ1BhcmFtZXRlciBOYW1lPSJPVENvbXBJRCIgVmFsdWU9IlNQSEJLMSIgUmVjb3JkZWRWYWx1ZT0iU1BIQksxIiBDb3JyZWxhdGlvbkJpbmRpbmc9Int7UXVlcnlTdHJpbmdQYXJhbTE3Lk9UQ29tcElEfX0iIFVybEVuY29kZT0iRmFsc2UiIFVzZVRvR3JvdXBSZXN1bHRzPSJGYWxzZSIgLz4NCiAgICAgICAgPFF1ZXJ5U3RyaW5nUGFyYW1ldGVyIE5hbWU9Ik9URW1wSUQiIFZhbHVlPSIxMDIwOTkiIFJlY29yZGVkVmFsdWU9IjEwMjA5OSIgQ29ycmVsYXRpb25CaW5kaW5nPSJ7e1F1ZXJ5U3RyaW5nUGFyYW0xOC5PVEVtcElEfX0iIFVybEVuY29kZT0iRmFsc2UiIFVzZVRvR3JvdXBSZXN1bHRzPSJGYWxzZSIgLz4NCiAgICAgICAgPFF1ZXJ5U3RyaW5nUGFyYW1ldGVyIE5hbWU9Ik9UU3RhcnREYXRlIiBWYWx1ZT0iMjAxNyUyZjA0JTJmMTYiIFJlY29yZGVkVmFsdWU9IjIwMTclMmYwNCUyZjE2IiBDb3JyZWxhdGlvbkJpbmRpbmc9Int7UXVlcnlTdHJpbmdQYXJhbTE5Lk9UU3RhcnREYXRlfX0iIFVybEVuY29kZT0iRmFsc2UiIFVzZVRvR3JvdXBSZXN1bHRzPSJGYWxzZSIgLz4NCiAgICAgICAgPFF1ZXJ5U3RyaW5nUGFyYW1ldGVyIE5hbWU9Ik9URW5kRGF0ZSIgVmFsdWU9IjIwMTclMmYwNCUyZjE2IiBSZWNvcmRlZFZhbHVlPSIyMDE3JTJmMDQlMmYxNiIgQ29ycmVsYXRpb25CaW5kaW5nPSJ7e1F1ZXJ5U3RyaW5nUGFyYW0yMC5PVEVuZERhdGV9fSIgVXJsRW5jb2RlPSJGYWxzZSIgVXNlVG9Hcm91cFJlc3VsdHM9IkZhbHNlIiAvPg0KICAgICAgICA8UXVlcnlTdHJpbmdQYXJhbWV0ZXIgTmFtZT0iT1RTdGFydFRpbWUiIFZhbHVlPSIyMjAwIiBSZWNvcmRlZFZhbHVlPSIyMjAwIiBDb3JyZWxhdGlvbkJpbmRpbmc9Int7UXVlcnlTdHJpbmdQYXJhbTIxLk9UU3RhcnRUaW1lfX0iIFVybEVuY29kZT0iRmFsc2UiIFVzZVRvR3JvdXBSZXN1bHRzPSJGYWxzZSIgLz4NCiAgICAgICAgPFF1ZXJ5U3RyaW5nUGFyYW1ldGVyIE5hbWU9Ik9URW5kVGltZSIgVmFsdWU9IjIzMDAiIFJlY29yZGVkVmFsdWU9IjIzMDAiIENvcnJlbGF0aW9uQmluZGluZz0ie3tRdWVyeVN0cmluZ1BhcmFtMjIuT1RFbmRUaW1lfX0iIFVybEVuY29kZT0iRmFsc2UiIFVzZVRvR3JvdXBSZXN1bHRzPSJGYWxzZSIgLz4NCiAgICAgICAgPFF1ZXJ5U3RyaW5nUGFyYW1ldGVyIE5hbWU9Ik9UVHhuSUQiIFZhbHVlPSJTUEhCSzExMDIwOTkyMDE3MDQxNjAyIiBSZWNvcmRlZFZhbHVlPSJTUEhCSzExMDIwOTkyMDE3MDQxNjAyIiBDb3JyZWxhdGlvbkJpbmRpbmc9Int7UXVlcnlTdHJpbmdQYXJhbTIzLk9UVHhuSUR9fSIgVXJsRW5jb2RlPSJGYWxzZSIgVXNlVG9Hcm91cFJlc3VsdHM9IkZhbHNlIiAvPg0KICAgICAgICA8UXVlcnlTdHJpbmdQYXJhbWV0ZXIgTmFtZT0iT1RGb3JtTk8iIFZhbHVlPSIyMDE3MDQxNzAyMTAyMDk5IiBSZWNvcmRlZFZhbHVlPSIyMDE3MDQxNzAyMTAyMDk5IiBDb3JyZWxhdGlvbkJpbmRpbmc9Int7UXVlcnlTdHJpbmdQYXJhbTI0Lk9URm9ybU5PfX0iIFVybEVuY29kZT0iRmFsc2UiIFVzZVRvR3JvdXBSZXN1bHRzPSJGYWxzZSIgLz4NCiAgICAgIDwvUXVlcnlTdHJpbmdQYXJhbWV0ZXJzPg0KICAgICAgPEZvcm1Qb3N0SHR0cEJvZHk+DQogICAgICAgIDxGb3JtUG9zdFBhcmFtZXRlciBOYW1lPSJUb29sa2l0U2NyaXB0TWFuYWdlcjFfSGlkZGVuRmllbGQiIFZhbHVlPSI7O0FqYXhDb250cm9sVG9vbGtpdCwgVmVyc2lvbj00LjEuNy42MDcsIEN1bHR1cmU9bmV1dHJhbCwgUHVibGljS2V5VG9rZW49MjhmMDFiMGU4NGI2ZDUzZTp6aC1IYW50OjdiOTVlZDFhLTZhM2YtNDFkZC1iYzViLTYzZjM5ZWRiYzRiNDpkZTFmZWFiMjpmY2YwZTk5MzpmMmM4ZTcwODo3MjBhNTJiZjpmOWNlYzliYzo1ODllYWEzMDo2OTgxMjljZjpmYjliNGM1NzpjY2I5NmNmOTo4YWQxODEwMTphNjdjMjcwMDo4NjEzYWVhNzozMjAyYTVhMjphYjA5ZTNmZTo4NzEwNGI3YzpiZTZmYjI5OCIgUmVjb3JkZWRWYWx1ZT0iOztBamF4Q29udHJvbFRvb2xraXQsIFZlcnNpb249NC4xLjcuNjA3LCBDdWx0dXJlPW5ldXRyYWwsIFB1YmxpY0tleVRva2VuPTI4ZjAxYjBlODRiNmQ1M2U6emgtSGFudDo3Yjk1ZWQxYS02YTNmLTQxZGQtYmM1Yi02M2YzOWVkYmM0YjQ6ZGUxZmVhYjI6ZmNmMGU5OTM6ZjJjOGU3MDg6NzIwYTUyYmY6ZjljZWM5YmM6NTg5ZWFhMzA6Njk4MTI5Y2Y6ZmI5YjRjNTc6Y2NiOTZjZjk6OGFkMTgxMDE6YTY3YzI3MDA6ODYxM2FlYTc6MzIwMmE1YTI6YWIwOWUzZmU6ODcxMDRiN2M6YmU2ZmIyOTgiIENvcnJlbGF0aW9uQmluZGluZz0iIiBVcmxFbmNvZGU9IlRydWUiIC8+DQogICAgICAgIDxGb3JtUG9zdFBhcmFtZXRlciBOYW1lPSJfX0VWRU5UVEFSR0VUIiBWYWx1ZT0ie3skSElEREVOMS5fX0VWRU5UVEFSR0VUfX0iIFJlY29yZGVkVmFsdWU9IiIgQ29ycmVsYXRpb25CaW5kaW5nPSIiIFVybEVuY29kZT0iVHJ1ZSIgLz4NCiAgICAgICAgPEZvcm1Qb3N0UGFyYW1ldGVyIE5hbWU9Il9fRVZFTlRBUkdVTUVOVCIgVmFsdWU9Int7JEhJRERFTjEuX19FVkVOVEFSR1VNRU5UfX0iIFJlY29yZGVkVmFsdWU9IiIgQ29ycmVsYXRpb25CaW5kaW5nPSIiIFVybEVuY29kZT0iVHJ1ZSIgLz4NCiAgICAgICAgPEZvcm1Qb3N0UGFyYW1ldGVyIE5hbWU9Il9fTEFTVEZPQ1VTIiBWYWx1ZT0ie3skSElEREVOMS5fX0xBU1RGT0NVU319IiBSZWNvcmRlZFZhbHVlPSIiIENvcnJlbGF0aW9uQmluZGluZz0iIiBVcmxFbmNvZGU9IlRydWUiIC8+DQogICAgICAgIDxGb3JtUG9zdFBhcmFtZXRlciBOYW1lPSJfX1ZTVEFURSIgVmFsdWU9Int7JEhJRERFTjEuX19WU1RBVEV9fSIgUmVjb3JkZWRWYWx1ZT0iQVIrTENBQUFBQUFBQkFEdEdtdHpFOWNWWFZ0KzRXQ0dLUVlLbFJiVHhOQWdhWGYxc2lSYnFWL0VMaGc3U0lITWtJeG12WHU5Mm5pMXEreGUyZFprTWlYdGtEQVFFako1dEpTMGFhWWh6NUxTWnBvNGhLYjlDWjFPUC9SemEvbnhxVDhoUFhkMzliQnNKeVJGbWJiVFpTenRQZmZjYzg0OWozdk91ZUp6VjlkZWw5dVR5UXpyR2pGMDFUeUZueWdvQnA3U1RUSWtpTFBIY1RHVDZYYTV0NHZaMlFrc3FNZFVRZTV5ZDNCOVVUWVNEdlZ4a2E3dTczbmFNNE9FQ0dKMmZNVHRKOWdrSE11enNaaUVnekVSUnptZkVCTWp2bEFraG4xQ2lJdjRlQWtXQm1ITTlvVTh2WmtwUWNiajVvU2dhQVQrVWlJSW9RSjNoU2k2TnFtVjVaQTlIWm5KOUtnbWpRZ0V1enQ0bG9zRzJGQ0FpM2hhTXFPNVBIQnVzYmw2T2dFdlJRU0RwSlVjZGpmelBNdDZXak9Hb00wQ0VtTDdQTHNkbGc4VnNGRk1FVVBSNUJPNm5QVzB3Y0wwZ2daWTNhbXBzYUhqbkUyUXNtSkJicGIzdUFWQ3hPeFgzdU1PaCtFeDNjaFpuTFpuenVqR2JFb2hHSmcxaFVIQU5yb0phMnY3T0dBWmlBUTRsbGxhdkZpNmZJSGgrRGpMeHExZFNHUktNQVIrOGNBMjE3WnQyejZIaDM3VHB4UEJ4OGxVMFNRNDV3ZEN3bEhtTkRaTTBPRkF5TS9TZjBlWjRZSktDZ1llMEhDQkdJSjZsSmtxVEt1S0NDWk82N05ZRzVpT1JvV3dHSTV3c1dBSXMzMHhOeVcrdTRhbTlaRVdwbFhjQkRQN0tpUC9LWnpUQ2VqUllkbitTRTVOaVZtY0U3YkQyNGd5TS9PZ0llU2FYSzRkRGpFSGo4cmNUa20xTk1QSEo3djZIMWpJcWN5Y0kzY1A1MmQ3R0t5SnVnU2tCM29LWk1iSFJYb2VTTjdUMGI5Z3hrMkxBUU1yTkhPZ3A4ZCtpUy9BZTVhUWZEd1FtSitmOTg4SC9ib2hCOEFIdU1BakV5ZHNvY3E0T1ZPQ0hRQmhRM09vbWI2Y0FnNW82alBFSitxNU9PRDViS3dlNE1vd2xDOVdjUTVyaE5HRUhCN29zZmJQMmJQMlBLekxxM2doWGN4akIyckRUUWdzMkV3VnVCbTVRV2xPRVBFUWxoV3RoeUZBWXFDSExyV2N0SWV4UlltRGM4dVluSVFGWmg2dzZlWnppallwaWdVRGRnODZDM3dwRDVBRFlxbGhMRWF3cUlLajBoQnU3RjVHaE9JSkphZVFNYjFnblB4R3VJdzFuQXM5WWh2R1pBS08rV3hsTTk4QW00YnVaakk5VVRESmNCYUxzdzNrWWUwRHJOTm9GbzAxUENSdm1oRWJGeVZsRG8yTEVNaVJwNnc4M2pBT3B3VlZrUnJNWTFCNkhKeTJ3VXhTQWh6QXhVbGprUEpxOEZiR3RUbXFObHErM0JWTy9ZR042ZEtDMWFkV0MraEl0RVYrSmxaWkphUXdxVWd5YmpvUW1EVUt1QUtuSldpbHBLbGs5dkxzd3lZZUxoZ0dVRDZoaXdKRnNCYmZRZUlYczdvaTRycmQ1b1NGOHFpZ1Rlc0ZUY0pTVlFkM3NsdGJTMWJaa214eFEvMzBsOVorQ1VvdDJZamJYMEx1NjlRNXpocWJ4SmV0S1RQeXpUa2xVSDlWMytXdDJIcGtITkVVcWF6WnFtb05mWDdTa0xCaEtjYkJ5d3JtY0ZiUVpBd0tValFUR3dUMFUxVnJUWjJVak1YNkE3WGpkVWgyb1pQa1dSdkhHVlpRNmdzVmk5Z0dZQlc5dHR4SWhnQjFIV0JUdkxFa3g2OUhITnVJU0kvK0pGdEZzOFlWclBWSk94bUs5QWZxUUp1Z2xrbldRU3FZTmJtVG90VU9hM0RLdVM4WnBTaVZVVDJHUlpxcm9OU0pYMDQ5eVNDVnB6TGFnRENXak5RZzFLaXBjdkFuT2JCUGRWUkJxRG0za3h5b3AzWmM0dy9WZzljaXRBNVFRVnQzZE5KTnJRZlVrYXM1L0pKV1Y4cnhnU0JicGwwN1d3NXQyLzJka0Y0WEwvMkJ1Z0JPTnRQdXFLNXJvcjFTUzJaQ2VGdzM0RXZSNk5kUVFWR2w5c3dwUEtkUUZOb1J0c0dEbk83d2MrZlpEcTM2WkpyMm9TY24zVHVkempiSzh2V3Q4NFltMjJtK25aWTZDTTBvSlRTczI1MjMzUzVESnc3TDhSUFljOUJwZUFjTFJCL001OVhpYUc0YVN4UTJiSnJEcW1DYXNxZXIzUGhqZXVMS0FHbk9wUENDMjhWM0k5VFVKWFhINGJPckcwRzdma0tSczJSSVh4Z3lzREE3cWxIMVNWbXBHODBBVmpOeVdWaXRwMkhqTUpHVkpPUzJJTTFwdkVEY2UxZXZ2ckp5NVptbHhSdi92UDNjNnZ1WFZ0NjVYUHJzL04vUHZRVjRleWllZDQrN2Mvbm00dXB2cjZ4ZFBMZjZ4bk1BMysvQXU1WnUzU3BkdkxiNjRiUEx0NjRBSFpqeWxxZFdYMzF2N2Z5dlY5NTZvWFRoM1pXM1g0U3BRODZVY3c4QmtIc2RTT3ZxUjFjblMrZmVCZEFSQjdUVFJ2ckh1WFBWT1YvWFRnbG1rUXVoYnJSVGttVDYxdzBqQ1FXc1pkMHlZSEh3Mmd3VU9xck9aazlFWWFMRHN6MURiVWN0TEJCM1p4R2VSd01URTQ4R0pBbHNXTEZ0eTdZL0tjOWQrK3VmMitqRmczMm5BcUNoWnUrTnY3VUJpWEh6RkJha1NVMHQwbHVSdEs1RFBPYmR2ck5ybi81aSthV0xqekdsRjIrWFhuaC8rU2ZYbDY4OUEybzl1M2J0cWdWZlhqeS9kdlhOMHZtM1N4OThZcHRHb3Z2cDJrbS9QYTI2SnFxS09PdE9QMHdVTlRPY25RV2JwblZaVnJGbFBFVlZTUEZ3YjBHazRsaWlac1RzYkhXcTl5aXpibEpTNW1qb0RJSlg5QjVKU0tBQ1JPM3VOa2xSeFc3dkhPUU1CVEsxRHdKUTF1SkV6eWZtS3JUaUNjZHoyaXFxdEIyOWsvcHM5ZEpwNTdCUU1MRnBIU2RXUXBBOXJWOVBIeUJaaDY1SjA2cXRneDBrcTVoK09Cd0tlS0MzTnlHQnMzZTNlRm8yTlZ6N0JydU5lVnJyekRZbW9RUjFBTy9lOVl1OSt5cTI5bjY3WW1Qdi9xejN3TDlyVU85MzNGTjNZRWtRZENzNzBxbk5yZWoxZkUwRGVyMnlsNUc5QjcreWRidzltOXZFZTZoT29kK3RHTUY3YjQzMkg2QnhDU2ZvdUpsS2xjOG9VUE5tV3Z0aS81OU0wMU4yQy8rdm5keW91YVk3MUZ5TEpRenNqU3FMWGtjZXBJU0dhQlVxU3p0MzcydUhnM0x0NmNYbGw1NUZMSXRZRHJFOFlvT0lEU0Uyak5nSVlxT0k3VU5zREhFczRqakU4WWdMSWk2RXVERGlJb2lMSXE0UGNUSEVzNGpuRU04alB0Z0ltdCs2djJtZnZOVUQ1K1llbWdtcTIvVDIwcjBOM0gwNUVCOUNmQmp4RWNSSEVkK0grQmdLc2lqSW9TQ1Bna0VVREtGZ0dBVWpLQmhGd1Q0VWpLRVFpMEljQ3ZFb0ZFU2hFQXFGVVNpQ1FsRVU2a09oR0FxektNeWhNSS9DUVJRT29YQVloU01vSEVYaFBoU08vYmZMRHpZYjJOSm1kL0tBWFYwU2FvZFVLWFZ2azlCZ05UR09Xb254dnEyQzdvdVBLanV1TmoycXFsTjNLK0JzVC93ZmliSzkvNCt5L3pqNTczYVVQVmlOc3VOT0FkdkUrVmtZVHRwRERLOFBVUytBS3M5cUlXbUJUZ1BrakZPdHVsaGFzVGlWdTRUT1ZnaytacjlCckNMbnJZM1c5VkRjMjR4cWNqdGd1MnFuWEQ2cldxaUhOTlZDSERrRnkwVTlPMmo4bnFZSi9waUNWY25kUEt4TDJIT1BkZXNEM1lJTmJLZkFZWHBUWlR0ejV5NG8wMzJNcitJUzhONjVkdjV5NmNxRjBzMEx5MjljYUNtZC8yanAwMWRibGwvNzhlcU5teTJsYzdkWFhyalJYZnJ3SnRRY2dlWFhMcFJ1dlFKdks3Ky9VbHI4c0JQK1NwZXUybDNKcnRWbjM0T1dZL24xNjh1L1hGejZ3MnZMMTIvc0tyMytNWUNXUHJ0RUo2N2ZBTnhkTnZMS2UwK3ZYTDI5ZE92UzBxY2ZkY0xrNm9YTHE3LzYrZElmUDNCYlAwZnU3blN4THZCRTFzVzdncTZRSyt5S3VLS3VQbGVzQlE0d2x1WEFKenByVFF4S3dhQ2pBNTc5MEVvdW5NQ2FUTElucVE1MHNRQTltb0kxTWo2Q29md2ZoeEVXakt6MWFzMW1QUWN5STRxWkg5VUlOckIwUmpja2MzTDY4ZXFpanN3WnFPNk1DY0dZeGRBbzBuWkNIbDNJWjJGaXZQd0RjOWFxUWJGVk1RMktSSm5ENHhPak1tQ1hXMFRzMlpHaFJrbGxsUmx5WE5HazdVZCttSUp1ZDBvUS9XZndOTkF6c0duNm9RZk42WnFmbnU3M3IwTS95bXlKWGYxdE5Pb1Arb09jbi92eUgwZTFncXB1OCt6SzJGMXRXbjg0bjhmR3NHRGlyTlV3VFlIRTg2Q0lUWFBQbzErWWU4Z0NtVXhEdzJYcTJnVE82UnN6VUQzQ2xua29NcVBxQW9tcmVJWWtKRENRS2hUamlxWXFHdlpOcTdvNG04Z0xFdjB0TmM2dVQwOXRkaVh0YWF1MmZlNHppa1N5KyszcmcrTDM2Uy9CbnJhcWFab3pCMU5ENkVmSWJ1dG1jYkdRZC84VVdmVXpVWWhxMWMvS0RITzRXbEg3VmN2Rm1PUUF3N01zYzk5OVRIV09PVGpBOVBZZWVaTHBZR3FoQXpVRHYxbVl0bStVRDdOSEtZVWpDYWJqcVVUSG5HQXdlbnFCQUxJRXZrbnZSdjB5SnFQMk5lbFFjVnphcUdCVm1LYjZld2kwZThTUzBpSUFNbEFiSDNtU2p2eUtwbUdEK2hNUXR2K1BnSC9HNnMwTy95Q1ZtVEJsS3dER3RYeUJRUFJZRVhDVTJiQlpSOUNuSk9zcW85a2JXNmRQYndLZFE5WjFoZTB0OW9HMTUyenB6YmRMdjNsLzdmbFhTeC84N0xIU3g3OHJ2Zkw2eXN2dldBWisyVlcySU1QbkZ4aU9oWS95UzRJUmRWVTM0b2RZbGswdzA3UjlOV2hGSDJjT0hUczIyamNZU1RBenVrWjg4NWhlcDhTWmFWMlZBRStuTjY5eGhnTXFwZzVkTGlOQjFNcUdVRXd3ODFtRllKOTFYUjluTkgzZUVQTGxCVDVEa0pTQ0dXZUN3RmhDcmRYelhDOGZ4U0VZbU9WVE9PU1B3bkMrUEdUOVFSZytXUjNTTS9xOEhUYk5YVmJVZU56M2xGMVkweldja1A0RmZhVkNWYW9pQUFBPSIgQ29ycmVsYXRpb25CaW5kaW5nPSIiIFVybEVuY29kZT0iVHJ1ZSIgLz4NCiAgICAgICAgPEZvcm1Qb3N0UGFyYW1ldGVyIE5hbWU9Il9fVklFV1NUQVRFIiBWYWx1ZT0ie3skSElEREVOMS5fX1ZJRVdTVEFURX19IiBSZWNvcmRlZFZhbHVlPSIiIENvcnJlbGF0aW9uQmluZGluZz0iIiBVcmxFbmNvZGU9IlRydWUiIC8+DQogICAgICAgIDxGb3JtUG9zdFBhcmFtZXRlciBOYW1lPSJfX1NDUk9MTFBPU0lUSU9OWCIgVmFsdWU9Int7JEhJRERFTjEuX19TQ1JPTExQT1NJVElPTlh9fSIgUmVjb3JkZWRWYWx1ZT0iMCIgQ29ycmVsYXRpb25CaW5kaW5nPSIiIFVybEVuY29kZT0iVHJ1ZSIgLz4NCiAgICAgICAgPEZvcm1Qb3N0UGFyYW1ldGVyIE5hbWU9Il9fU0NST0xMUE9TSVRJT05ZIiBWYWx1ZT0ie3skSElEREVOMS5fX1NDUk9MTFBPU0lUSU9OWX19IiBSZWNvcmRlZFZhbHVlPSIwIiBDb3JyZWxhdGlvbkJpbmRpbmc9IiIgVXJsRW5jb2RlPSJUcnVlIiAvPg0KICAgICAgICA8Rm9ybVBvc3RQYXJhbWV0ZXIgTmFtZT0iX19FVkVOVFZBTElEQVRJT04iIFZhbHVlPSJ7eyRISURERU4xLl9fRVZFTlRWQUxJREFUSU9OfX0iIFJlY29yZGVkVmFsdWU9Ii93RWRBTm9CcjFWdzlhR0JDM3Izaks5THh3cG1ENlY3ODMxcUZvOVJHMFlxOFdiZkErZWg0K2VtWjQrcCtIWWZtNzdMOUo3b0QvaHB2dVhuTjdObG9OMnREMDVhQ2p6bWx0YVVNN2FFQU4rZzljUC9tMTB6ejc1UE9FY3ZDazlGcGNyU3FHL0UrV0tlaVhSVmpEUVJxMzZZTjRWelRYWGNkbzBLWW85ZkMxSWd3bStXbkNySjRZNHMrWDNpN2JwV1pKS3FsZWoxbE1YeVdHaU1mL2RzdHNkK3pkeXRJaHFNdloxRXlYTUFsejJ3Q215c3c3ZmZYaE5pWERzQXhRY0xHc1ZnMERmNFp2Z3k3NjI2anBLSDUxY2thdUtTWDZRUEJhVWUzNlVFdVdqd3lwclk3WVFuaFhvdUdCS3VBaG12WGgzZURzcVN6RC9jdXdXYzMxTTJiU29JVWYxRXExSkRPN2NKQUd1cnRqa3NPU2lkQmZ0VklVVnE1SlZkN2djcjZnRW9BTkhQZlpKbS9IajhVZDZUWHAxVUdKbVo3dHZweHdWa0tVRjZ2UHhqU0lYRm4vdmlrOHdxN3QrTmhUOERQeUFUSmd2RkQzSzVVK3Z4b0N4TGlVcWM3bmhWVVd0amt2N0JmQWViSmdpbEVFTnBFbkxxNWdyODkybmVSYU1odTZVcDQ4T2RZUERxTFJTWFhqZ0pxNmVSTFNGd1pIakMxUGpBKzBSV3F0OGRsWEhjbFhXRFFZTXJTN08vYU5kdXhMVWU3eHBoVC95eEFlRDJVK1ZqckxrcDJtRlNJYWFDZUJ3OUhGdEN4UFAxUHk0Q0RRdEtPbWEwTlpmV1Fkd1ZLcUMva3hUS0FsUUtTd242MFd3N3pkQVluT09WRGRHSE4vVHI1YmdLUDZad1ovOE1RY0ZlRHNkQ0pHZGV3eWs1R3NIT3EwMkx0NFRFckdDMjlIQnlLVlAxUzFwcDAwSUM2Zi82L3lPelRaQUV4SWMwMHRyTmhGUlgxbjhPSFNLUkdIM0toNksxS3MyeEg4T2MvNFF3YmxoWmJOWXhqYlJZUjZMaURmSnRZdkluV1hUbkFHWnBKWTR6VEppMWc2UzExTTRBeVZQaW9mdHhNZjFOSThjUENsS0pJdjM2aGxhUGhVdWs3eW5McUpJMU5UcW5WSkZiWUlaUlExV0VBZ2NsaGZqWWEzbkQvaVVtcFJxVkRta3N6N2VMOVkvemdCSDRnSExlOFkyWnlDcDZabXV3RXJTTDZiT3huVkoyeDdLdmFYY1UydlgzU3NKTGRQL2ZmeFdUSUZ0Y3J0RGE2N3N0cmZrNzRiS0xQU2hnandzOUtmMi9UUU1zQ0Q1allTREVhOTJuMGFqZzFXYkVEWkR6VkcvMHcvVW5zcElvVm1lNk1GNUw3RStBUEJUUUhDSnF6SHVCK1dHMnpKSmZBVnFncFVqTTFlRnR4SFAwZVFYYU9mNnowM2pWZ0hPVmNsYmNZSjBkWlEvZkFiMkxoTlpKamtmeW9DcmppbnZSWCtjOXY3U2JBSVFEL25kNWg2c09RODNVbWZoZjZiTXB0NTRhaW5MbExjNlNNKzNkNWpIWXJud0tUbU54UFBhV3N2TG1maHgwTGh3bkNYR2xCb0xzS3BndURwTHpRaGYrbC9tTDEreWZqVVN6cUZ1eDdrSGpLd1hCekVoeHhmMGtkWjNuWHJScFZWWUpKRzVMdXM0RjhXYlZ0SXVrc3F3bEUvd25PeTJZeWh3eU1OZXNRNjRLM1M0VW1jVFJvZ2RwTzFBck9pM1N6VUVaaDd1elZ1cVlqcjFkM3prZ3RIanBUemhBb1laaVZPNVdZdDkzWm5odVZYTFlnVG1QQk5tNzlJczd3MVg1VHE2MExqc2JWdmI4Q1BOTVBDQmxOeUdnNXRsdmlUUGxwR2VSTnNsQktXKzRMQlhFNkFFNkVvVzFMRHdsdUlWOXF6NUpLUFplSkd3WU5EYTVUVlh1cHV6RXZyVkRibERidTcxQmdkR3ZRd3ErcDExU2NZTU1MZ2tvVjA1T1hsdm9sa3RqTFNFR3JJUzZXOHlWSEdqU3NoNEdPdWphN3hUaFNYQVZ2QXI3Q0kwY0NjWUpKK3k0NXVHS3AyeE1IRUNzTXFkVUJUVktRc0FuaUM5c1pDQnlFeUFoQStreXNVOTZIQzhJSVRNZGp0UW5ocGdSQkd6a1IrRHMxVXlXZW5mcHEvNDVpaEhRblVqUjJQYStGb3FKUGx1SEpYWUFjTDVkaWY0cjZxUVpER3lXN0JLOU8zTHZjYmZ6andNQmYycXg5OVRZa0phbnhobGRuNVJIcXNkSkJUbEZUQ2VJcUppbGxOUDlYK2FKNzd0ejVuNXUvOHcwNk5MeGNpOFE0N3ZVemNiWS8vb2ovUGZvTEJoNzhFaC9mckNpcVZOTm0zYUdTd3dwbUVDdndFb1RFRFlnTHZDUzlHdmxsRDNWb3lRVWNQSitJdk5iTjEzMWdWQkZBZmFZYVdxeFYrQWtLeEo3cFJaZmpZdG9tenlsSzlFQ3NqQWRTNE81bmo0eFppYmZHbU9vUkxqbExlOFpLdnlSZGlpSHZZVWp0dUtPd1BLUU9LY1lsRUZqOWY2aFFFVndkOHA0bzhZZnJBdFFjMkl6K1BLWEd1Q21XRVl0dXpvZ2dJUE92MkdpTzNwTWpHb0pMYU5BVFVPZ3V5NG5waEY3SDdTU3dLU2pFKzJPRDJFbjVIUGlsWlVyRDlna1h2R2lnZVhpRTVhWUd4Y2pkUittTGRDUDh2SytTU05SRTRzQ21ZdXFZT3Q0aVFwakFQNjBrd2E4YXZEZGRWMGlsUmJwNnMyNURIenNjZmFBSkpCbDRkSnNHMmlsei9UZlFjeHIrTFdhamZ1a3hNU2Q5T21LUHdFS2oxUGIyRGI0dEh2VW1qT1N6ZENRM3ZFa2U5YW5rUjYvcnJMaGYyMXhTV2I4aXlrSXVKR3grdlU5SXFOVGI1Q25RVlN3Mk1tTVBPb243QmhaSE9SUEVERGtzRHhkK2lXRzZ2VStDdEk1VVpDclRWVHFzQ1ZTalVhaE5RUitwSmgxekg5UmN4NXU5YnpLdTdzdXhyVllRTlE5N2FtL1BPNXJkblVhbG4xNkhzM0dwZXd4RGtNbkVvcStIYzd6b2VnMmk4N3RncER5L3YvTXVRNm9FcWJ3QSs5Vk1EMlVScHZLSVE4bEl6aThRdVAzaldmQ0M4a1NhcWEvamMrRUVMcE5vbW5reFBrWTJFekhSNUZzNzkxb3Jsb1ZHaHUwVFhoQzN5aVFDK1gvYW5mYVdEQmx3bks0TDFhQmQ3ckswQmtrdU84Z2M1QVVtaHVYUVFNa1NWaEhraUhTNm1hMHNqejFLby9vNUxBMTdSYWNmWGE3bjIxZ21Vd0NLS1ovdXljblZiTjlRNzZIdWJEMUFxdnFZZFE3KzhmRjBwZWhDUDRZQ25FOEFDM0QyWTM5VUhmODQxbUVVL3plMnBSbktQcFpGVHBOcDVhWFBiVlo1Zis0RzBHS2EyMFFxSWxkVlZHcFBEaFdwekxFYXJBNWR2aW9PZUJoWUE3WVF3YUFobTh1bEpPTTJoUmNxTEM5KzJWbjRDYnpwazhUbWZJM2pjOHg3eENvME5YYTdkRytHVDlmZVJVeUx1WXp6NEdhRFh5ZVNTY1RIZzdrSzFzN3h5dEtNVWJudnJFbTRXZ2dmR29uTnROTGd5cVV2dW9naFZOdSsybWFvVGY1ZVpsMHFlU05qSWZIdmM3aEVyWVJHcTFMalZjT2x6aUtYaHFlNXdIQlQ0dWNpZ1JxQzZqQmx3OWk4RllvN1F6MjBCYWRzRGtzajgrSnFmZ3ZLdDE2SXpKd3NwKzdhUkw2S1RKZ0RBbmo3elc3SkQ0SHdpcjVXODc0ZmN0ak5qK3p0V2VObUdOTnQ5SjQwNVcveGh5R3lDWHRadFRxTWQ0WDJvcG95cFZWdytUai9CVFdqZXAySEtjSmFFRHhyMjNBY3IvQzRMaHMzdXA5RVMyTkpMYVA3K1pqbllBdkt4cGRzT3AvUzZTcXpHUzdmai9zWTg4MWxSUmkwS3NTOXBXM0dBYlBDVDlMWVI0Z0JIejF1Q2pxa1hqSnY3SDlOaXZnMW5DNjlxdFNqU2M3OVBVdW40UHB5OUpKQStsWnhEUi8xMDZBREdxUUt1NWFBK3VLV2xCclVGMTl4VHNIZmRnWXFyS05Yc2ZxbXduTmJuYThsclFTOEFwOUlqUkxFVWlsWU5RZ0NJU2VVZmdDWDgwZ1VqbVF4WHJhaUd0NjBwTzA3NExzUUwraXhPUnkvcHhGWWFqcmZNdlQwVTFXQzhjSmNSRUxvcngwL2dKU2orMVM0RWJ6ZHN0czROcnRrNWtHT1hsS2t0eWV3K2tOcVNkanYwVUZlYmVUaEI1V2k2SlZ1dFBJMnFiTHVQMENNRGhDd3J2VldmSXNselJaTWl5cE9sMnM3Z01kOTBLNElFVDl2aXFPUGRGaHBDb0x0bkc0aTJ1a2YrMlNKNk5VRUZ1cEo2cW81SW56N0ljbFE2ZmtmNWpDcGE1Zjk2MTlnOEJxMWI1bUY3ZWlhNXNsZDEwaGtnTXE1dS9VTU05ZHVYdmZVUWJwV3BJZ3czZm15aEZyeVBNV1d0dytvZENxTS9MbllBSkdIWVYvZXVpVnBiR2hqTEVUR3NCYUU3SWxKQlc4bHMzS3VBTzV0TjhiK25TS2c0NVFnb1o2bHFEVVlVanZJd2x0YkhCYW5nNzJQTXgxVXNvdTUxajh0bCt5akRldjdzK2FoWTJRR21FTWs3SjdSaWhDd3djclNTRWdtZnRsQVNvRmNlSFRFSm15dlJreWFJcWVyeFRROU9qR1lHYk1IVGVPcGw4NjNsQlFPS0FlVmdOUUwzU3YyZzlFTCtCMTd0VzNFQTViZXNBUHFTZ0VKYm5ROFUyMmRwZS96Z3FzMEpHdTU2c1dwa2dSMkxYSHpCRVp4bTZHbmpKaXpNZ080OFVycHA0TmZhUmdzUUlTTDZwcUY2YjBlaUVSVHRUUldUd0gxaWt5bncxYXZCSUxyT0NZNWh3TXJJR01Qd3pDZjk4cHV5dWlaZVRGTW5rYUhraWx1eGlQcnRlU3llaTZrOWpkN2JlMTluc20zTTNvL3BlRVRGR1dYOFIrNnRDSTdtNG94NXdQaGw2aHRXVk5qZ1FzRFZieGZGUWtQVGRkK3l6NU1zSk8wYTlsSWpYdWFJVC9IcnhvZVBMQzIwSk1IcWdYSGxIMG9lK3NXbnJ2MUhVYThrT2xGeU05djQwUFJXOGdnMjVqak1FWmVPSWxmVXp0aElGVWJQcVljb0IzUjlWbjM4K0FWbjlXeCt1dFcrRDZOWmVoZEhiUlRiZVhaWDAwRkkrRE13QnkwU040OWNBNnQ5UE9WdzJ2eHFFTEZ0K1pkeGh1MU5Sd21jZkx6Sit5cDBoSTdWbmRYckhaRTN3aEtPVWhpWmFMd1BXU0d4cXc2VEdzM1ZGUG9yNnBPSFhEV1BsMzd5VW9XYjA3SEFzVGtPbUFZajNKb2FqNEVXZlhHOUhVY3hNbE1ReGJzbDFPTXFuRkRGQ2NQcW11c2VYSElYTG5CWG1UaTVuc0FaSkxqRVF1V3hodjh1ZkxxYld2WWMyd3lSTzUxYWNuMXNrNjNCbmVoVVBRT3N3b1FNU1UwZ1daRTFSanFSQ3pCUFo4a0ZSVkRXV1VOWHNOenVFQUpoTG5kdEFQYTJzVUdncWlQZ3Nrek1mNWNkc2kwY0dEY2d1ejRPdExJOFord0V6MFpCMkxMRjdlanpyTWVxMzllek9YaUN5OThNMXpBRUpTOS9UYm1HN296aXFRa05uajNHaXJDS0hGQ21CbjBwTjRxblViMXVtaDdNZFdTT3kySTFnNkZuSkFNaGZSMG5DeURteitlSy9QeVFtSlRBTWQxRG41ZHZuZWNvcEFTODB3b0F3ZmlOQ2JPNllrZXNYTGNWaG5YOVUxNGxCbndIZGRYUmR6bDZpd01ZaTRyS1RUazhSbm9WL21IK3Y1ZmR1d0Q4bWFWdHVkbkVFUEJjQ0NQRXVzaGdqY0Q3TnNZVnhTRUJjcDI3c1hwOE5aQ2xvejJvNlBiRmhYdi9IQ1VHeHRYbzJZd3VtTURsV2tuNWY1RVFrdzYrSEtoUm9iUUJVQ2N4SDFqZWRmelVrekc0UnhsbHJUVWxrZURkYjl1bFU5WlpZYU5kTy9vdz09IiBDb3JyZWxhdGlvbkJpbmRpbmc9IiIgVXJsRW5jb2RlPSJUcnVlIiAvPg0KICAgICAgICA8Rm9ybVBvc3RQYXJhbWV0ZXIgTmFtZT0iYnRuVGVtcFNhdmUiIFZhbHVlPSLmmqvlrZgiIFJlY29yZGVkVmFsdWU9Iuaaq+WtmCIgQ29ycmVsYXRpb25CaW5kaW5nPSJ7e0Zvcm1Qb3N0UGFyYW0yMy5idG5UZW1wU2F2ZX19IiBVcmxFbmNvZGU9IlRydWUiIC8+DQogICAgICAgIDxGb3JtUG9zdFBhcmFtZXRlciBOYW1lPSJkZGxTYWxhcnlPckFkanVzdCIgVmFsdWU9IjIiIFJlY29yZGVkVmFsdWU9IjIiIENvcnJlbGF0aW9uQmluZGluZz0ie3tGb3JtUG9zdFBhcmFtMjYuZGRsU2FsYXJ5T3JBZGp1c3R9fSIgVXJsRW5jb2RlPSJUcnVlIiAvPg0KICAgICAgICA8Rm9ybVBvc3RQYXJhbWV0ZXIgTmFtZT0iaGlkR3JpZFZpZXdTdGFydFRpbWUiIFZhbHVlPSJ7eyRISURERU4xLmhpZEdyaWRWaWV3U3RhcnRUaW1lfX0iIFJlY29yZGVkVmFsdWU9IiIgQ29ycmVsYXRpb25CaW5kaW5nPSIiIFVybEVuY29kZT0iVHJ1ZSIgLz4NCiAgICAgICAgPEZvcm1Qb3N0UGFyYW1ldGVyIE5hbWU9InVjRGF0ZVN0YXJ0JHR4dERhdGUiIFZhbHVlPSIyMDE3LzA0LzE2IiBSZWNvcmRlZFZhbHVlPSIyMDE3LzA0LzE2IiBDb3JyZWxhdGlvbkJpbmRpbmc9Int7Rm9ybVBvc3RQYXJhbTI0LnVjRGF0ZVN0YXJ0JHR4dERhdGV9fSIgVXJsRW5jb2RlPSJUcnVlIiAvPg0KICAgICAgICA8Rm9ybVBvc3RQYXJhbWV0ZXIgTmFtZT0idWNEYXRlRW5kJHR4dERhdGUiIFZhbHVlPSIyMDE3LzA0LzE2IiBSZWNvcmRlZFZhbHVlPSIyMDE3LzA0LzE2IiBDb3JyZWxhdGlvbkJpbmRpbmc9Int7Rm9ybVBvc3RQYXJhbTI1LnVjRGF0ZUVuZCR0eHREYXRlfX0iIFVybEVuY29kZT0iVHJ1ZSIgLz4NCiAgICAgICAgPEZvcm1Qb3N0UGFyYW1ldGVyIE5hbWU9Ik9UVGltZVN0YXJ0JGRkbEhIIiBWYWx1ZT0iMjIiIFJlY29yZGVkVmFsdWU9IjIyIiBDb3JyZWxhdGlvbkJpbmRpbmc9Int7Rm9ybVBvc3RQYXJhbTI3Lk9UVGltZVN0YXJ0JGRkbEhIfX0iIFVybEVuY29kZT0iVHJ1ZSIgLz4NCiAgICAgICAgPEZvcm1Qb3N0UGFyYW1ldGVyIE5hbWU9Ik9UVGltZVN0YXJ0JGRkbE1NIiBWYWx1ZT0iMDAiIFJlY29yZGVkVmFsdWU9IjAwIiBDb3JyZWxhdGlvbkJpbmRpbmc9Int7Rm9ybVBvc3RQYXJhbTI4Lk9UVGltZVN0YXJ0JGRkbE1NfX0iIFVybEVuY29kZT0iVHJ1ZSIgLz4NCiAgICAgICAgPEZvcm1Qb3N0UGFyYW1ldGVyIE5hbWU9Ik9UVGltZUVuZCRkZGxISCIgVmFsdWU9IjIzIiBSZWNvcmRlZFZhbHVlPSIyMyIgQ29ycmVsYXRpb25CaW5kaW5nPSJ7e0Zvcm1Qb3N0UGFyYW0yOS5PVFRpbWVFbmQkZGRsSEh9fSIgVXJsRW5jb2RlPSJUcnVlIiAvPg0KICAgICAgICA8Rm9ybVBvc3RQYXJhbWV0ZXIgTmFtZT0iT1RUaW1lRW5kJGRkbE1NIiBWYWx1ZT0iMDAiIFJlY29yZGVkVmFsdWU9IjAwIiBDb3JyZWxhdGlvbkJpbmRpbmc9Int7Rm9ybVBvc3RQYXJhbTMwLk9UVGltZUVuZCRkZGxNTX19IiBVcmxFbmNvZGU9IlRydWUiIC8+DQogICAgICAgIDxGb3JtUG9zdFBhcmFtZXRlciBOYW1lPSJkZGxPVFR5cGVJRCIgVmFsdWU9IjgiIFJlY29yZGVkVmFsdWU9IjgiIENvcnJlbGF0aW9uQmluZGluZz0ie3tGb3JtUG9zdFBhcmFtMzEuZGRsT1RUeXBlSUR9fSIgVXJsRW5jb2RlPSJUcnVlIiAvPg0KICAgICAgICA8Rm9ybVBvc3RQYXJhbWV0ZXIgTmFtZT0idHh0T1RSZWFzb25NZW1vJHR4dERhdGEiIFZhbHVlPSLmuKzoqabliY3lj7DpgIHnsL0iIFJlY29yZGVkVmFsdWU9Iua4rOippuWJjeWPsOmAgeewvSIgQ29ycmVsYXRpb25CaW5kaW5nPSIiIFVybEVuY29kZT0iVHJ1ZSIgLz4NCiAgICAgICAgPEZvcm1Qb3N0UGFyYW1ldGVyIE5hbWU9ImhpZEdyaWRWaWV3U2VhcmNoU3RhcnRUaW1lIiBWYWx1ZT0ie3skSElEREVOMS5oaWRHcmlkVmlld1NlYXJjaFN0YXJ0VGltZX19IiBSZWNvcmRlZFZhbHVlPSIiIENvcnJlbGF0aW9uQmluZGluZz0iIiBVcmxFbmNvZGU9IlRydWUiIC8+DQogICAgICAgIDxGb3JtUG9zdFBhcmFtZXRlciBOYW1lPSJoaWRHcmlkVmlld1NlYXJjaEVuZFRpbWUiIFZhbHVlPSJ7eyRISURERU4xLmhpZEdyaWRWaWV3U2VhcmNoRW5kVGltZX19IiBSZWNvcmRlZFZhbHVlPSIiIENvcnJlbGF0aW9uQmluZGluZz0iIiBVcmxFbmNvZGU9IlRydWUiIC8+DQogICAgICAgIDxGb3JtUG9zdFBhcmFtZXRlciBOYW1lPSJmcmFtZUF0dGFjaCIgVmFsdWU9Ii9VdGlsL0F0dGFjaEFkbWluLmFzcHg/QXR0YWNoREI9QWF0dGVuZGFudERCX0lUUkQmYW1wO0F0dGFjaElEPXRlc3QxMDIwOTlkZTM5Y2U3MS1hOWM2LTQ2OWUtYTQxNi0yZDU0ODM0NjkwODQmYW1wO0F0dGFjaEZpbGVNYXhRdHk9MSZhbXA7QXR0YWNoRmlsZU1heEtCPTMwNzImYW1wO0F0dGFjaEZpbGVUb3RLQj0zMDcyJmFtcDtBdHRhY2hGaWxlRXh0TGlzdD0iIFJlY29yZGVkVmFsdWU9Ii9VdGlsL0F0dGFjaEFkbWluLmFzcHg/QXR0YWNoREI9QWF0dGVuZGFudERCX0lUUkQmYW1wO0F0dGFjaElEPXRlc3QxMDIwOTlkZTM5Y2U3MS1hOWM2LTQ2OWUtYTQxNi0yZDU0ODM0NjkwODQmYW1wO0F0dGFjaEZpbGVNYXhRdHk9MSZhbXA7QXR0YWNoRmlsZU1heEtCPTMwNzImYW1wO0F0dGFjaEZpbGVUb3RLQj0zMDcyJmFtcDtBdHRhY2hGaWxlRXh0TGlzdD0iIENvcnJlbGF0aW9uQmluZGluZz0iIiBVcmxFbmNvZGU9IlRydWUiIC8+DQogICAgICAgIDxGb3JtUG9zdFBhcmFtZXRlciBOYW1lPSJ1Y01vZGFsUG9wdXAxJENsaWVudFdpZHRoIiBWYWx1ZT0ie3skSElEREVOMS51Y01vZGFsUG9wdXAxJENsaWVudFdpZHRofX0iIFJlY29yZGVkVmFsdWU9IjAiIENvcnJlbGF0aW9uQmluZGluZz0iIiBVcmxFbmNvZGU9IlRydWUiIC8+DQogICAgICAgIDxGb3JtUG9zdFBhcmFtZXRlciBOYW1lPSJ1Y01vZGFsUG9wdXAxJENsaWVudEhlaWdodCIgVmFsdWU9Int7JEhJRERFTjEudWNNb2RhbFBvcHVwMSRDbGllbnRIZWlnaHR9fSIgUmVjb3JkZWRWYWx1ZT0iMCIgQ29ycmVsYXRpb25CaW5kaW5nPSIiIFVybEVuY29kZT0iVHJ1ZSIgLz4NCiAgICAgIDwvRm9ybVBvc3RIdHRwQm9keT4NCiAgICA8L1JlcXVlc3Q+DQogICAgPFJlcXVlc3QgTWV0aG9kPSJQT1NUIiBHdWlkPSIzN2Q0NDk1NS1kZDgzLTRlNjQtODliMi05ODk0MDkyMjIzZTMiIFZlcnNpb249IjEuMSIgVXJsPSJodHRwOi8vMTAuMTEuMzYuMTE0OjgwMDcvT3ZlclRpbWUvT3ZlcnRpbWVQcmVPcmRlcl9Nb2RpZnkuYXNweCIgVGhpbmtUaW1lPSIzIiBUaW1lb3V0PSIzMDAiIFBhcnNlRGVwZW5kZW50UmVxdWVzdHM9IlRydWUiIEZvbGxvd1JlZGlyZWN0cz0iVHJ1ZSIgUmVjb3JkUmVzdWx0PSJUcnVlIiBDYWNoZT0iRmFsc2UiIFJlc3BvbnNlVGltZUdvYWw9IjAiIEVuY29kaW5nPSJ1dGYtOCIgRXhwZWN0ZWRIdHRwU3RhdHVzQ29kZT0iMCIgRXhwZWN0ZWRSZXNwb25zZVVybD0iIiBSZXBvcnRpbmdOYW1lPSIiIElnbm9yZUh0dHBTdGF0dXNDb2RlPSJGYWxzZSI+DQogICAgICA8RXh0cmFjdGlvblJ1bGVzPg0KICAgICAgICA8RXh0cmFjdGlvblJ1bGUgQ2xhc3NuYW1lPSJNaWNyb3NvZnQuVmlzdWFsU3R1ZGlvLlRlc3RUb29scy5XZWJUZXN0aW5nLlJ1bGVzLkV4dHJhY3RIaWRkZW5GaWVsZHMsIE1pY3Jvc29mdC5WaXN1YWxTdHVkaW8uUXVhbGl0eVRvb2xzLldlYlRlc3RGcmFtZXdvcmssIFZlcnNpb249MTAuMC4wLjAsIEN1bHR1cmU9bmV1dHJhbCwgUHVibGljS2V5VG9rZW49YjAzZjVmN2YxMWQ1MGEzYSIgVmFyaWFibGVOYW1lPSIxIiBEaXNwbGF5TmFtZT0i5pO35Y+W6Zqx6JeP5qyE5L2NIiBEZXNjcmlwdGlvbj0i5pO35Y+W5Zue5oeJ5Lit55qE5omA5pyJ6Zqx6JeP5qyE5L2N77yM5Lim5bCH5a6D5YCR5pS+5Zyo5ris6Kmm5YWn5a655Lit44CCIj4NCiAgICAgICAgICA8UnVsZVBhcmFtZXRlcnM+DQogICAgICAgICAgICA8UnVsZVBhcmFtZXRlciBOYW1lPSJSZXF1aXJlZCIgVmFsdWU9IlRydWUiIC8+DQogICAgICAgICAgICA8UnVsZVBhcmFtZXRlciBOYW1lPSJIdG1sRGVjb2RlIiBWYWx1ZT0iVHJ1ZSIgLz4NCiAgICAgICAgICA8L1J1bGVQYXJhbWV0ZXJzPg0KICAgICAgICA8L0V4dHJhY3Rpb25SdWxlPg0KICAgICAgPC9FeHRyYWN0aW9uUnVsZXM+DQogICAgICA8Q29ycmVsYXRpb25FeHRyYWN0aW9uUnVsZXM+DQogICAgICAgIDxFeHRyYWN0aW9uUnVsZSBDbGFzc25hbWU9Ik1pY3Jvc29mdC5WaXN1YWxTdHVkaW8uVGVzdFRvb2xzLldlYlRlc3RpbmcuUnVsZXMuRXh0cmFjdFRleHQsIE1pY3Jvc29mdC5WaXN1YWxTdHVkaW8uUXVhbGl0eVRvb2xzLldlYlRlc3RGcmFtZXdvcmssIFZlcnNpb249MTAuMC4wLjAsIEN1bHR1cmU9bmV1dHJhbCwgUHVibGljS2V5VG9rZW49YjAzZjVmN2YxMWQ1MGEzYSIgVmFyaWFibGVOYW1lPSJRdWVyeVN0cmluZ1BhcmFtMS5PVENvbXBJRCIgRGlzcGxheU5hbWU9IiIgRGVzY3JpcHRpb249IiI+DQogICAgICAgICAgPFJ1bGVQYXJhbWV0ZXJzPg0KICAgICAgICAgICAgPFJ1bGVQYXJhbWV0ZXIgTmFtZT0iU3RhcnRzV2l0aCIgVmFsdWU9Ij9PVENvbXBJRD0iIC8+DQogICAgICAgICAgICA8UnVsZVBhcmFtZXRlciBOYW1lPSJFbmRzV2l0aCIgVmFsdWU9IiZhbXA7IiAvPg0KICAgICAgICAgICAgPFJ1bGVQYXJhbWV0ZXIgTmFtZT0iSW5kZXgiIFZhbHVlPSIwIiAvPg0KICAgICAgICAgICAgPFJ1bGVQYXJhbWV0ZXIgTmFtZT0iSWdub3JlQ2FzZSIgVmFsdWU9IkZhbHNlIiAvPg0KICAgICAgICAgICAgPFJ1bGVQYXJhbWV0ZXIgTmFtZT0iVXNlUmVndWxhckV4cHJlc3Npb24iIFZhbHVlPSJGYWxzZSIgLz4NCiAgICAgICAgICAgIDxSdWxlUGFyYW1ldGVyIE5hbWU9Ikh0bWxEZWNvZGUiIFZhbHVlPSJUcnVlIiAvPg0KICAgICAgICAgICAgPFJ1bGVQYXJhbWV0ZXIgTmFtZT0iUmVxdWlyZWQiIFZhbHVlPSJGYWxzZSIgLz4NCiAgICAgICAgICA8L1J1bGVQYXJhbWV0ZXJzPg0KICAgICAgICA8L0V4dHJhY3Rpb25SdWxlPg0KICAgICAgICA8RXh0cmFjdGlvblJ1bGUgQ2xhc3NuYW1lPSJNaWNyb3NvZnQuVmlzdWFsU3R1ZGlvLlRlc3RUb29scy5XZWJUZXN0aW5nLlJ1bGVzLkV4dHJhY3RUZXh0LCBNaWNyb3NvZnQuVmlzdWFsU3R1ZGlvLlF1YWxpdHlUb29scy5XZWJUZXN0RnJhbWV3b3JrLCBWZXJzaW9uPTEwLjAuMC4wLCBDdWx0dXJlPW5ldXRyYWwsIFB1YmxpY0tleVRva2VuPWIwM2Y1ZjdmMTFkNTBhM2EiIFZhcmlhYmxlTmFtZT0iUXVlcnlTdHJpbmdQYXJhbTIuT1RFbXBJRCIgRGlzcGxheU5hbWU9IiIgRGVzY3JpcHRpb249IiI+DQogICAgICAgICAgPFJ1bGVQYXJhbWV0ZXJzPg0KICAgICAgICAgICAgPFJ1bGVQYXJhbWV0ZXIgTmFtZT0iU3RhcnRzV2l0aCIgVmFsdWU9IiZhbXA7YW1wO09URW1wSUQ9IiAvPg0KICAgICAgICAgICAgPFJ1bGVQYXJhbWV0ZXIgTmFtZT0iRW5kc1dpdGgiIFZhbHVlPSImYW1wOyIgLz4NCiAgICAgICAgICAgIDxSdWxlUGFyYW1ldGVyIE5hbWU9IkluZGV4IiBWYWx1ZT0iMCIgLz4NCiAgICAgICAgICAgIDxSdWxlUGFyYW1ldGVyIE5hbWU9Iklnbm9yZUNhc2UiIFZhbHVlPSJGYWxzZSIgLz4NCiAgICAgICAgICAgIDxSdWxlUGFyYW1ldGVyIE5hbWU9IlVzZVJlZ3VsYXJFeHByZXNzaW9uIiBWYWx1ZT0iRmFsc2UiIC8+DQogICAgICAgICAgICA8UnVsZVBhcmFtZXRlciBOYW1lPSJIdG1sRGVjb2RlIiBWYWx1ZT0iVHJ1ZSIgLz4NCiAgICAgICAgICAgIDxSdWxlUGFyYW1ldGVyIE5hbWU9IlJlcXVpcmVkIiBWYWx1ZT0iRmFsc2UiIC8+DQogICAgICAgICAgPC9SdWxlUGFyYW1ldGVycz4NCiAgICAgICAgPC9FeHRyYWN0aW9uUnVsZT4NCiAgICAgICAgPEV4dHJhY3Rpb25SdWxlIENsYXNzbmFtZT0iTWljcm9zb2Z0LlZpc3VhbFN0dWRpby5UZXN0VG9vbHMuV2ViVGVzdGluZy5SdWxlcy5FeHRyYWN0VGV4dCwgTWljcm9zb2Z0LlZpc3VhbFN0dWRpby5RdWFsaXR5VG9vbHMuV2ViVGVzdEZyYW1ld29yaywgVmVyc2lvbj0xMC4wLjAuMCwgQ3VsdHVyZT1uZXV0cmFsLCBQdWJsaWNLZXlUb2tlbj1iMDNmNWY3ZjExZDUwYTNhIiBWYXJpYWJsZU5hbWU9IlF1ZXJ5U3RyaW5nUGFyYW0zLk9UU3RhcnREYXRlIiBEaXNwbGF5TmFtZT0iIiBEZXNjcmlwdGlvbj0iIj4NCiAgICAgICAgICA8UnVsZVBhcmFtZXRlcnM+DQogICAgICAgICAgICA8UnVsZVBhcmFtZXRlciBOYW1lPSJTdGFydHNXaXRoIiBWYWx1ZT0iJmFtcDthbXA7T1RTdGFydERhdGU9IiAvPg0KICAgICAgICAgICAgPFJ1bGVQYXJhbWV0ZXIgTmFtZT0iRW5kc1dpdGgiIFZhbHVlPSImYW1wOyIgLz4NCiAgICAgICAgICAgIDxSdWxlUGFyYW1ldGVyIE5hbWU9IkluZGV4IiBWYWx1ZT0iMCIgLz4NCiAgICAgICAgICAgIDxSdWxlUGFyYW1ldGVyIE5hbWU9Iklnbm9yZUNhc2UiIFZhbHVlPSJGYWxzZSIgLz4NCiAgICAgICAgICAgIDxSdWxlUGFyYW1ldGVyIE5hbWU9IlVzZVJlZ3VsYXJFeHByZXNzaW9uIiBWYWx1ZT0iRmFsc2UiIC8+DQogICAgICAgICAgICA8UnVsZVBhcmFtZXRlciBOYW1lPSJIdG1sRGVjb2RlIiBWYWx1ZT0iVHJ1ZSIgLz4NCiAgICAgICAgICAgIDxSdWxlUGFyYW1ldGVyIE5hbWU9IlJlcXVpcmVkIiBWYWx1ZT0iRmFsc2UiIC8+DQogICAgICAgICAgPC9SdWxlUGFyYW1ldGVycz4NCiAgICAgICAgPC9FeHRyYWN0aW9uUnVsZT4NCiAgICAgICAgPEV4dHJhY3Rpb25SdWxlIENsYXNzbmFtZT0iTWljcm9zb2Z0LlZpc3VhbFN0dWRpby5UZXN0VG9vbHMuV2ViVGVzdGluZy5SdWxlcy5FeHRyYWN0VGV4dCwgTWljcm9zb2Z0LlZpc3VhbFN0dWRpby5RdWFsaXR5VG9vbHMuV2ViVGVzdEZyYW1ld29yaywgVmVyc2lvbj0xMC4wLjAuMCwgQ3VsdHVyZT1uZXV0cmFsLCBQdWJsaWNLZXlUb2tlbj1iMDNmNWY3ZjExZDUwYTNhIiBWYXJpYWJsZU5hbWU9IlF1ZXJ5U3RyaW5nUGFyYW00Lk9URW5kRGF0ZSIgRGlzcGxheU5hbWU9IiIgRGVzY3JpcHRpb249IiI+DQogICAgICAgICAgPFJ1bGVQYXJhbWV0ZXJzPg0KICAgICAgICAgICAgPFJ1bGVQYXJhbWV0ZXIgTmFtZT0iU3RhcnRzV2l0aCIgVmFsdWU9IiZhbXA7YW1wO09URW5kRGF0ZT0iIC8+DQogICAgICAgICAgICA8UnVsZVBhcmFtZXRlciBOYW1lPSJFbmRzV2l0aCIgVmFsdWU9IiZhbXA7IiAvPg0KICAgICAgICAgICAgPFJ1bGVQYXJhbWV0ZXIgTmFtZT0iSW5kZXgiIFZhbHVlPSIwIiAvPg0KICAgICAgICAgICAgPFJ1bGVQYXJhbWV0ZXIgTmFtZT0iSWdub3JlQ2FzZSIgVmFsdWU9IkZhbHNlIiAvPg0KICAgICAgICAgICAgPFJ1bGVQYXJhbWV0ZXIgTmFtZT0iVXNlUmVndWxhckV4cHJlc3Npb24iIFZhbHVlPSJGYWxzZSIgLz4NCiAgICAgICAgICAgIDxSdWxlUGFyYW1ldGVyIE5hbWU9Ikh0bWxEZWNvZGUiIFZhbHVlPSJUcnVlIiAvPg0KICAgICAgICAgICAgPFJ1bGVQYXJhbWV0ZXIgTmFtZT0iUmVxdWlyZWQiIFZhbHVlPSJGYWxzZSIgLz4NCiAgICAgICAgICA8L1J1bGVQYXJhbWV0ZXJzPg0KICAgICAgICA8L0V4dHJhY3Rpb25SdWxlPg0KICAgICAgICA8RXh0cmFjdGlvblJ1bGUgQ2xhc3NuYW1lPSJNaWNyb3NvZnQuVmlzdWFsU3R1ZGlvLlRlc3RUb29scy5XZWJUZXN0aW5nLlJ1bGVzLkV4dHJhY3RUZXh0LCBNaWNyb3NvZnQuVmlzdWFsU3R1ZGlvLlF1YWxpdHlUb29scy5XZWJUZXN0RnJhbWV3b3JrLCBWZXJzaW9uPTEwLjAuMC4wLCBDdWx0dXJlPW5ldXRyYWwsIFB1YmxpY0tleVRva2VuPWIwM2Y1ZjdmMTFkNTBhM2EiIFZhcmlhYmxlTmFtZT0iUXVlcnlTdHJpbmdQYXJhbTUuT1RTdGFydFRpbWUiIERpc3BsYXlOYW1lPSIiIERlc2NyaXB0aW9uPSIiPg0KICAgICAgICAgIDxSdWxlUGFyYW1ldGVycz4NCiAgICAgICAgICAgIDxSdWxlUGFyYW1ldGVyIE5hbWU9IlN0YXJ0c1dpdGgiIFZhbHVlPSImYW1wO2FtcDtPVFN0YXJ0VGltZT0iIC8+DQogICAgICAgICAgICA8UnVsZVBhcmFtZXRlciBOYW1lPSJFbmRzV2l0aCIgVmFsdWU9IiZhbXA7IiAvPg0KICAgICAgICAgICAgPFJ1bGVQYXJhbWV0ZXIgTmFtZT0iSW5kZXgiIFZhbHVlPSIwIiAvPg0KICAgICAgICAgICAgPFJ1bGVQYXJhbWV0ZXIgTmFtZT0iSWdub3JlQ2FzZSIgVmFsdWU9IkZhbHNlIiAvPg0KICAgICAgICAgICAgPFJ1bGVQYXJhbWV0ZXIgTmFtZT0iVXNlUmVndWxhckV4cHJlc3Npb24iIFZhbHVlPSJGYWxzZSIgLz4NCiAgICAgICAgICAgIDxSdWxlUGFyYW1ldGVyIE5hbWU9Ikh0bWxEZWNvZGUiIFZhbHVlPSJUcnVlIiAvPg0KICAgICAgICAgICAgPFJ1bGVQYXJhbWV0ZXIgTmFtZT0iUmVxdWlyZWQiIFZhbHVlPSJGYWxzZSIgLz4NCiAgICAgICAgICA8L1J1bGVQYXJhbWV0ZXJzPg0KICAgICAgICA8L0V4dHJhY3Rpb25SdWxlPg0KICAgICAgICA8RXh0cmFjdGlvblJ1bGUgQ2xhc3NuYW1lPSJNaWNyb3NvZnQuVmlzdWFsU3R1ZGlvLlRlc3RUb29scy5XZWJUZXN0aW5nLlJ1bGVzLkV4dHJhY3RUZXh0LCBNaWNyb3NvZnQuVmlzdWFsU3R1ZGlvLlF1YWxpdHlUb29scy5XZWJUZXN0RnJhbWV3b3JrLCBWZXJzaW9uPTEwLjAuMC4wLCBDdWx0dXJlPW5ldXRyYWwsIFB1YmxpY0tleVRva2VuPWIwM2Y1ZjdmMTFkNTBhM2EiIFZhcmlhYmxlTmFtZT0iUXVlcnlTdHJpbmdQYXJhbTYuT1RFbmRUaW1lIiBEaXNwbGF5TmFtZT0iIiBEZXNjcmlwdGlvbj0iIj4NCiAgICAgICAgICA8UnVsZVBhcmFtZXRlcnM+DQogICAgICAgICAgICA8UnVsZVBhcmFtZXRlciBOYW1lPSJTdGFydHNXaXRoIiBWYWx1ZT0iJmFtcDthbXA7T1RFbmRUaW1lPSIgLz4NCiAgICAgICAgICAgIDxSdWxlUGFyYW1ldGVyIE5hbWU9IkVuZHNXaXRoIiBWYWx1ZT0iJmFtcDsiIC8+DQogICAgICAgICAgICA8UnVsZVBhcmFtZXRlciBOYW1lPSJJbmRleCIgVmFsdWU9IjAiIC8+DQogICAgICAgICAgICA8UnVsZVBhcmFtZXRlciBOYW1lPSJJZ25vcmVDYXNlIiBWYWx1ZT0iRmFsc2UiIC8+DQogICAgICAgICAgICA8UnVsZVBhcmFtZXRlciBOYW1lPSJVc2VSZWd1bGFyRXhwcmVzc2lvbiIgVmFsdWU9IkZhbHNlIiAvPg0KICAgICAgICAgICAgPFJ1bGVQYXJhbWV0ZXIgTmFtZT0iSHRtbERlY29kZSIgVmFsdWU9IlRydWUiIC8+DQogICAgICAgICAgICA8UnVsZVBhcmFtZXRlciBOYW1lPSJSZXF1aXJlZCIgVmFsdWU9IkZhbHNlIiAvPg0KICAgICAgICAgIDwvUnVsZVBhcmFtZXRlcnM+DQogICAgICAgIDwvRXh0cmFjdGlvblJ1bGU+DQogICAgICAgIDxFeHRyYWN0aW9uUnVsZSBDbGFzc25hbWU9Ik1pY3Jvc29mdC5WaXN1YWxTdHVkaW8uVGVzdFRvb2xzLldlYlRlc3RpbmcuUnVsZXMuRXh0cmFjdFRleHQsIE1pY3Jvc29mdC5WaXN1YWxTdHVkaW8uUXVhbGl0eVRvb2xzLldlYlRlc3RGcmFtZXdvcmssIFZlcnNpb249MTAuMC4wLjAsIEN1bHR1cmU9bmV1dHJhbCwgUHVibGljS2V5VG9rZW49YjAzZjVmN2YxMWQ1MGEzYSIgVmFyaWFibGVOYW1lPSJRdWVyeVN0cmluZ1BhcmFtNy5PVFR4bklEIiBEaXNwbGF5TmFtZT0iIiBEZXNjcmlwdGlvbj0iIj4NCiAgICAgICAgICA8UnVsZVBhcmFtZXRlcnM+DQogICAgICAgICAgICA8UnVsZVBhcmFtZXRlciBOYW1lPSJTdGFydHNXaXRoIiBWYWx1ZT0iJmFtcDthbXA7T1RUeG5JRD0iIC8+DQogICAgICAgICAgICA8UnVsZVBhcmFtZXRlciBOYW1lPSJFbmRzV2l0aCIgVmFsdWU9IiZhbXA7IiAvPg0KICAgICAgICAgICAgPFJ1bGVQYXJhbWV0ZXIgTmFtZT0iSW5kZXgiIFZhbHVlPSIwIiAvPg0KICAgICAgICAgICAgPFJ1bGVQYXJhbWV0ZXIgTmFtZT0iSWdub3JlQ2FzZSIgVmFsdWU9IkZhbHNlIiAvPg0KICAgICAgICAgICAgPFJ1bGVQYXJhbWV0ZXIgTmFtZT0iVXNlUmVndWxhckV4cHJlc3Npb24iIFZhbHVlPSJGYWxzZSIgLz4NCiAgICAgICAgICAgIDxSdWxlUGFyYW1ldGVyIE5hbWU9Ikh0bWxEZWNvZGUiIFZhbHVlPSJUcnVlIiAvPg0KICAgICAgICAgICAgPFJ1bGVQYXJhbWV0ZXIgTmFtZT0iUmVxdWlyZWQiIFZhbHVlPSJGYWxzZSIgLz4NCiAgICAgICAgICA8L1J1bGVQYXJhbWV0ZXJzPg0KICAgICAgICA8L0V4dHJhY3Rpb25SdWxlPg0KICAgICAgICA8RXh0cmFjdGlvblJ1bGUgQ2xhc3NuYW1lPSJNaWNyb3NvZnQuVmlzdWFsU3R1ZGlvLlRlc3RUb29scy5XZWJUZXN0aW5nLlJ1bGVzLkV4dHJhY3RUZXh0LCBNaWNyb3NvZnQuVmlzdWFsU3R1ZGlvLlF1YWxpdHlUb29scy5XZWJUZXN0RnJhbWV3b3JrLCBWZXJzaW9uPTEwLjAuMC4wLCBDdWx0dXJlPW5ldXRyYWwsIFB1YmxpY0tleVRva2VuPWIwM2Y1ZjdmMTFkNTBhM2EiIFZhcmlhYmxlTmFtZT0iUXVlcnlTdHJpbmdQYXJhbTguT1RGb3JtTk8iIERpc3BsYXlOYW1lPSIiIERlc2NyaXB0aW9uPSIiPg0KICAgICAgICAgIDxSdWxlUGFyYW1ldGVycz4NCiAgICAgICAgICAgIDxSdWxlUGFyYW1ldGVyIE5hbWU9IlN0YXJ0c1dpdGgiIFZhbHVlPSImYW1wO2FtcDtPVEZvcm1OTz0iIC8+DQogICAgICAgICAgICA8UnVsZVBhcmFtZXRlciBOYW1lPSJFbmRzV2l0aCIgVmFsdWU9IiZxdW90OyIgLz4NCiAgICAgICAgICAgIDxSdWxlUGFyYW1ldGVyIE5hbWU9IkluZGV4IiBWYWx1ZT0iMCIgLz4NCiAgICAgICAgICAgIDxSdWxlUGFyYW1ldGVyIE5hbWU9Iklnbm9yZUNhc2UiIFZhbHVlPSJGYWxzZSIgLz4NCiAgICAgICAgICAgIDxSdWxlUGFyYW1ldGVyIE5hbWU9IlVzZVJlZ3VsYXJFeHByZXNzaW9uIiBWYWx1ZT0iRmFsc2UiIC8+DQogICAgICAgICAgICA8UnVsZVBhcmFtZXRlciBOYW1lPSJIdG1sRGVjb2RlIiBWYWx1ZT0iVHJ1ZSIgLz4NCiAgICAgICAgICAgIDxSdWxlUGFyYW1ldGVyIE5hbWU9IlJlcXVpcmVkIiBWYWx1ZT0iRmFsc2UiIC8+DQogICAgICAgICAgPC9SdWxlUGFyYW1ldGVycz4NCiAgICAgICAgPC9FeHRyYWN0aW9uUnVsZT4NCiAgICAgICAgPEV4dHJhY3Rpb25SdWxlIENsYXNzbmFtZT0iTWljcm9zb2Z0LlZpc3VhbFN0dWRpby5UZXN0VG9vbHMuV2ViVGVzdGluZy5SdWxlcy5FeHRyYWN0Rm9ybUZpZWxkLCBNaWNyb3NvZnQuVmlzdWFsU3R1ZGlvLlF1YWxpdHlUb29scy5XZWJUZXN0RnJhbWV3b3JrLCBWZXJzaW9uPTEwLjAuMC4wLCBDdWx0dXJlPW5ldXRyYWwsIFB1YmxpY0tleVRva2VuPWIwM2Y1ZjdmMTFkNTBhM2EiIFZhcmlhYmxlTmFtZT0iRm9ybVBvc3RQYXJhbTUuYnRuRXhpdCIgRGlzcGxheU5hbWU9IiIgRGVzY3JpcHRpb249IiI+DQogICAgICAgICAgPFJ1bGVQYXJhbWV0ZXJzPg0KICAgICAgICAgICAgPFJ1bGVQYXJhbWV0ZXIgTmFtZT0iTmFtZSIgVmFsdWU9ImJ0bkV4aXQiIC8+DQogICAgICAgICAgICA8UnVsZVBhcmFtZXRlciBOYW1lPSJIdG1sRGVjb2RlIiBWYWx1ZT0iVHJ1ZSIgLz4NCiAgICAgICAgICAgIDxSdWxlUGFyYW1ldGVyIE5hbWU9IlJlcXVpcmVkIiBWYWx1ZT0iRmFsc2UiIC8+DQogICAgICAgICAgICA8UnVsZVBhcmFtZXRlciBOYW1lPSJJbmRleCIgVmFsdWU9IjAiIC8+DQogICAgICAgICAgPC9SdWxlUGFyYW1ldGVycz4NCiAgICAgICAgPC9FeHRyYWN0aW9uUnVsZT4NCiAgICAgICAgPEV4dHJhY3Rpb25SdWxlIENsYXNzbmFtZT0iTWljcm9zb2Z0LlZpc3VhbFN0dWRpby5UZXN0VG9vbHMuV2ViVGVzdGluZy5SdWxlcy5FeHRyYWN0Rm9ybUZpZWxkLCBNaWNyb3NvZnQuVmlzdWFsU3R1ZGlvLlF1YWxpdHlUb29scy5XZWJUZXN0RnJhbWV3b3JrLCBWZXJzaW9uPTEwLjAuMC4wLCBDdWx0dXJlPW5ldXRyYWwsIFB1YmxpY0tleVRva2VuPWIwM2Y1ZjdmMTFkNTBhM2EiIFZhcmlhYmxlTmFtZT0iRm9ybVBvc3RQYXJhbTYudWNEYXRlU3RhcnQkdHh0RGF0ZSIgRGlzcGxheU5hbWU9IiIgRGVzY3JpcHRpb249IiI+DQogICAgICAgICAgPFJ1bGVQYXJhbWV0ZXJzPg0KICAgICAgICAgICAgPFJ1bGVQYXJhbWV0ZXIgTmFtZT0iTmFtZSIgVmFsdWU9InVjRGF0ZVN0YXJ0X3R4dERhdGUiIC8+DQogICAgICAgICAgICA8UnVsZVBhcmFtZXRlciBOYW1lPSJIdG1sRGVjb2RlIiBWYWx1ZT0iVHJ1ZSIgLz4NCiAgICAgICAgICAgIDxSdWxlUGFyYW1ldGVyIE5hbWU9IlJlcXVpcmVkIiBWYWx1ZT0iRmFsc2UiIC8+DQogICAgICAgICAgICA8UnVsZVBhcmFtZXRlciBOYW1lPSJJbmRleCIgVmFsdWU9IjAiIC8+DQogICAgICAgICAgPC9SdWxlUGFyYW1ldGVycz4NCiAgICAgICAgPC9FeHRyYWN0aW9uUnVsZT4NCiAgICAgICAgPEV4dHJhY3Rpb25SdWxlIENsYXNzbmFtZT0iTWljcm9zb2Z0LlZpc3VhbFN0dWRpby5UZXN0VG9vbHMuV2ViVGVzdGluZy5SdWxlcy5FeHRyYWN0Rm9ybUZpZWxkLCBNaWNyb3NvZnQuVmlzdWFsU3R1ZGlvLlF1YWxpdHlUb29scy5XZWJUZXN0RnJhbWV3b3JrLCBWZXJzaW9uPTEwLjAuMC4wLCBDdWx0dXJlPW5ldXRyYWwsIFB1YmxpY0tleVRva2VuPWIwM2Y1ZjdmMTFkNTBhM2EiIFZhcmlhYmxlTmFtZT0iRm9ybVBvc3RQYXJhbTcudWNEYXRlRW5kJHR4dERhdGUiIERpc3BsYXlOYW1lPSIiIERlc2NyaXB0aW9uPSIiPg0KICAgICAgICAgIDxSdWxlUGFyYW1ldGVycz4NCiAgICAgICAgICAgIDxSdWxlUGFyYW1ldGVyIE5hbWU9Ik5hbWUiIFZhbHVlPSJ1Y0RhdGVFbmRfdHh0RGF0ZSIgLz4NCiAgICAgICAgICAgIDxSdWxlUGFyYW1ldGVyIE5hbWU9Ikh0bWxEZWNvZGUiIFZhbHVlPSJUcnVlIiAvPg0KICAgICAgICAgICAgPFJ1bGVQYXJhbWV0ZXIgTmFtZT0iUmVxdWlyZWQiIFZhbHVlPSJGYWxzZSIgLz4NCiAgICAgICAgICAgIDxSdWxlUGFyYW1ldGVyIE5hbWU9IkluZGV4IiBWYWx1ZT0iMCIgLz4NCiAgICAgICAgICA8L1J1bGVQYXJhbWV0ZXJzPg0KICAgICAgICA8L0V4dHJhY3Rpb25SdWxlPg0KICAgICAgICA8RXh0cmFjdGlvblJ1bGUgQ2xhc3NuYW1lPSJNaWNyb3NvZnQuVmlzdWFsU3R1ZGlvLlRlc3RUb29scy5XZWJUZXN0aW5nLlJ1bGVzLkV4dHJhY3RUZXh0LCBNaWNyb3NvZnQuVmlzdWFsU3R1ZGlvLlF1YWxpdHlUb29scy5XZWJUZXN0RnJhbWV3b3JrLCBWZXJzaW9uPTEwLjAuMC4wLCBDdWx0dXJlPW5ldXRyYWwsIFB1YmxpY0tleVRva2VuPWIwM2Y1ZjdmMTFkNTBhM2EiIFZhcmlhYmxlTmFtZT0iRm9ybVBvc3RQYXJhbTguZGRsU2FsYXJ5T3JBZGp1c3QiIERpc3BsYXlOYW1lPSIiIERlc2NyaXB0aW9uPSIiPg0KICAgICAgICAgIDxSdWxlUGFyYW1ldGVycz4NCiAgICAgICAgICAgIDxSdWxlUGFyYW1ldGVyIE5hbWU9IlN0YXJ0c1dpdGgiIFZhbHVlPSImcXVvdDsxJnF1b3Q7LCZxdW90OyIgLz4NCiAgICAgICAgICAgIDxSdWxlUGFyYW1ldGVyIE5hbWU9IkVuZHNXaXRoIiBWYWx1ZT0iJnF1b3Q7LCZxdW90OzMmcXVvdDsiIC8+DQogICAgICAgICAgICA8UnVsZVBhcmFtZXRlciBOYW1lPSJJbmRleCIgVmFsdWU9IjAiIC8+DQogICAgICAgICAgICA8UnVsZVBhcmFtZXRlciBOYW1lPSJJZ25vcmVDYXNlIiBWYWx1ZT0iRmFsc2UiIC8+DQogICAgICAgICAgICA8UnVsZVBhcmFtZXRlciBOYW1lPSJVc2VSZWd1bGFyRXhwcmVzc2lvbiIgVmFsdWU9IkZhbHNlIiAvPg0KICAgICAgICAgICAgPFJ1bGVQYXJhbWV0ZXIgTmFtZT0iSHRtbERlY29kZSIgVmFsdWU9IlRydWUiIC8+DQogICAgICAgICAgICA8UnVsZVBhcmFtZXRlciBOYW1lPSJSZXF1aXJlZCIgVmFsdWU9IkZhbHNlIiAvPg0KICAgICAgICAgIDwvUnVsZVBhcmFtZXRlcnM+DQogICAgICAgIDwvRXh0cmFjdGlvblJ1bGU+DQogICAgICAgIDxFeHRyYWN0aW9uUnVsZSBDbGFzc25hbWU9Ik1pY3Jvc29mdC5WaXN1YWxTdHVkaW8uVGVzdFRvb2xzLldlYlRlc3RpbmcuUnVsZXMuRXh0cmFjdFRleHQsIE1pY3Jvc29mdC5WaXN1YWxTdHVkaW8uUXVhbGl0eVRvb2xzLldlYlRlc3RGcmFtZXdvcmssIFZlcnNpb249MTAuMC4wLjAsIEN1bHR1cmU9bmV1dHJhbCwgUHVibGljS2V5VG9rZW49YjAzZjVmN2YxMWQ1MGEzYSIgVmFyaWFibGVOYW1lPSJGb3JtUG9zdFBhcmFtOS5PVFRpbWVTdGFydCRkZGxISCIgRGlzcGxheU5hbWU9IiIgRGVzY3JpcHRpb249IiI+DQogICAgICAgICAgPFJ1bGVQYXJhbWV0ZXJzPg0KICAgICAgICAgICAgPFJ1bGVQYXJhbWV0ZXIgTmFtZT0iU3RhcnRzV2l0aCIgVmFsdWU9Imx1ZT0mcXVvdDsiIC8+DQogICAgICAgICAgICA8UnVsZVBhcmFtZXRlciBOYW1lPSJFbmRzV2l0aCIgVmFsdWU9IiZxdW90OyZndDsyMiZsdDsiIC8+DQogICAgICAgICAgICA8UnVsZVBhcmFtZXRlciBOYW1lPSJJbmRleCIgVmFsdWU9IjQ1IiAvPg0KICAgICAgICAgICAgPFJ1bGVQYXJhbWV0ZXIgTmFtZT0iSWdub3JlQ2FzZSIgVmFsdWU9IkZhbHNlIiAvPg0KICAgICAgICAgICAgPFJ1bGVQYXJhbWV0ZXIgTmFtZT0iVXNlUmVndWxhckV4cHJlc3Npb24iIFZhbHVlPSJGYWxzZSIgLz4NCiAgICAgICAgICAgIDxSdWxlUGFyYW1ldGVyIE5hbWU9Ikh0bWxEZWNvZGUiIFZhbHVlPSJUcnVlIiAvPg0KICAgICAgICAgICAgPFJ1bGVQYXJhbWV0ZXIgTmFtZT0iUmVxdWlyZWQiIFZhbHVlPSJGYWxzZSIgLz4NCiAgICAgICAgICA8L1J1bGVQYXJhbWV0ZXJzPg0KICAgICAgICA8L0V4dHJhY3Rpb25SdWxlPg0KICAgICAgICA8RXh0cmFjdGlvblJ1bGUgQ2xhc3NuYW1lPSJNaWNyb3NvZnQuVmlzdWFsU3R1ZGlvLlRlc3RUb29scy5XZWJUZXN0aW5nLlJ1bGVzLkV4dHJhY3RUZXh0LCBNaWNyb3NvZnQuVmlzdWFsU3R1ZGlvLlF1YWxpdHlUb29scy5XZWJUZXN0RnJhbWV3b3JrLCBWZXJzaW9uPTEwLjAuMC4wLCBDdWx0dXJlPW5ldXRyYWwsIFB1YmxpY0tleVRva2VuPWIwM2Y1ZjdmMTFkNTBhM2EiIFZhcmlhYmxlTmFtZT0iRm9ybVBvc3RQYXJhbTEwLk9UVGltZVN0YXJ0JGRkbE1NIiBEaXNwbGF5TmFtZT0iIiBEZXNjcmlwdGlvbj0iIj4NCiAgICAgICAgICA8UnVsZVBhcmFtZXRlcnM+DQogICAgICAgICAgICA8UnVsZVBhcmFtZXRlciBOYW1lPSJTdGFydHNXaXRoIiBWYWx1ZT0ibHVlPSZxdW90OyIgLz4NCiAgICAgICAgICAgIDxSdWxlUGFyYW1ldGVyIE5hbWU9IkVuZHNXaXRoIiBWYWx1ZT0iJnF1b3Q7Jmd0OzAwJmx0OyIgLz4NCiAgICAgICAgICAgIDxSdWxlUGFyYW1ldGVyIE5hbWU9IkluZGV4IiBWYWx1ZT0iMjMiIC8+DQogICAgICAgICAgICA8UnVsZVBhcmFtZXRlciBOYW1lPSJJZ25vcmVDYXNlIiBWYWx1ZT0iRmFsc2UiIC8+DQogICAgICAgICAgICA8UnVsZVBhcmFtZXRlciBOYW1lPSJVc2VSZWd1bGFyRXhwcmVzc2lvbiIgVmFsdWU9IkZhbHNlIiAvPg0KICAgICAgICAgICAgPFJ1bGVQYXJhbWV0ZXIgTmFtZT0iSHRtbERlY29kZSIgVmFsdWU9IlRydWUiIC8+DQogICAgICAgICAgICA8UnVsZVBhcmFtZXRlciBOYW1lPSJSZXF1aXJlZCIgVmFsdWU9IkZhbHNlIiAvPg0KICAgICAgICAgIDwvUnVsZVBhcmFtZXRlcnM+DQogICAgICAgIDwvRXh0cmFjdGlvblJ1bGU+DQogICAgICAgIDxFeHRyYWN0aW9uUnVsZSBDbGFzc25hbWU9Ik1pY3Jvc29mdC5WaXN1YWxTdHVkaW8uVGVzdFRvb2xzLldlYlRlc3RpbmcuUnVsZXMuRXh0cmFjdFRleHQsIE1pY3Jvc29mdC5WaXN1YWxTdHVkaW8uUXVhbGl0eVRvb2xzLldlYlRlc3RGcmFtZXdvcmssIFZlcnNpb249MTAuMC4wLjAsIEN1bHR1cmU9bmV1dHJhbCwgUHVibGljS2V5VG9rZW49YjAzZjVmN2YxMWQ1MGEzYSIgVmFyaWFibGVOYW1lPSJGb3JtUG9zdFBhcmFtMTEuT1RUaW1lRW5kJGRkbEhIIiBEaXNwbGF5TmFtZT0iIiBEZXNjcmlwdGlvbj0iIj4NCiAgICAgICAgICA8UnVsZVBhcmFtZXRlcnM+DQogICAgICAgICAgICA8UnVsZVBhcmFtZXRlciBOYW1lPSJTdGFydHNXaXRoIiBWYWx1ZT0ibHVlPSZxdW90OyIgLz4NCiAgICAgICAgICAgIDxSdWxlUGFyYW1ldGVyIE5hbWU9IkVuZHNXaXRoIiBWYWx1ZT0iJnF1b3Q7Jmd0OzIzJmx0OyIgLz4NCiAgICAgICAgICAgIDxSdWxlUGFyYW1ldGVyIE5hbWU9IkluZGV4IiBWYWx1ZT0iNDYiIC8+DQogICAgICAgICAgICA8UnVsZVBhcmFtZXRlciBOYW1lPSJJZ25vcmVDYXNlIiBWYWx1ZT0iRmFsc2UiIC8+DQogICAgICAgICAgICA8UnVsZVBhcmFtZXRlciBOYW1lPSJVc2VSZWd1bGFyRXhwcmVzc2lvbiIgVmFsdWU9IkZhbHNlIiAvPg0KICAgICAgICAgICAgPFJ1bGVQYXJhbWV0ZXIgTmFtZT0iSHRtbERlY29kZSIgVmFsdWU9IlRydWUiIC8+DQogICAgICAgICAgICA8UnVsZVBhcmFtZXRlciBOYW1lPSJSZXF1aXJlZCIgVmFsdWU9IkZhbHNlIiAvPg0KICAgICAgICAgIDwvUnVsZVBhcmFtZXRlcnM+DQogICAgICAgIDwvRXh0cmFjdGlvblJ1bGU+DQogICAgICAgIDxFeHRyYWN0aW9uUnVsZSBDbGFzc25hbWU9Ik1pY3Jvc29mdC5WaXN1YWxTdHVkaW8uVGVzdFRvb2xzLldlYlRlc3RpbmcuUnVsZXMuRXh0cmFjdFRleHQsIE1pY3Jvc29mdC5WaXN1YWxTdHVkaW8uUXVhbGl0eVRvb2xzLldlYlRlc3RGcmFtZXdvcmssIFZlcnNpb249MTAuMC4wLjAsIEN1bHR1cmU9bmV1dHJhbCwgUHVibGljS2V5VG9rZW49YjAzZjVmN2YxMWQ1MGEzYSIgVmFyaWFibGVOYW1lPSJGb3JtUG9zdFBhcmFtMTIuT1RUaW1lRW5kJGRkbE1NIiBEaXNwbGF5TmFtZT0iIiBEZXNjcmlwdGlvbj0iIj4NCiAgICAgICAgICA8UnVsZVBhcmFtZXRlcnM+DQogICAgICAgICAgICA8UnVsZVBhcmFtZXRlciBOYW1lPSJTdGFydHNXaXRoIiBWYWx1ZT0ibHVlPSZxdW90OyIgLz4NCiAgICAgICAgICAgIDxSdWxlUGFyYW1ldGVyIE5hbWU9IkVuZHNXaXRoIiBWYWx1ZT0iJnF1b3Q7Jmd0OzAwJmx0OyIgLz4NCiAgICAgICAgICAgIDxSdWxlUGFyYW1ldGVyIE5hbWU9IkluZGV4IiBWYWx1ZT0iMjMiIC8+DQogICAgICAgICAgICA8UnVsZVBhcmFtZXRlciBOYW1lPSJJZ25vcmVDYXNlIiBWYWx1ZT0iRmFsc2UiIC8+DQogICAgICAgICAgICA8UnVsZVBhcmFtZXRlciBOYW1lPSJVc2VSZWd1bGFyRXhwcmVzc2lvbiIgVmFsdWU9IkZhbHNlIiAvPg0KICAgICAgICAgICAgPFJ1bGVQYXJhbWV0ZXIgTmFtZT0iSHRtbERlY29kZSIgVmFsdWU9IlRydWUiIC8+DQogICAgICAgICAgICA8UnVsZVBhcmFtZXRlciBOYW1lPSJSZXF1aXJlZCIgVmFsdWU9IkZhbHNlIiAvPg0KICAgICAgICAgIDwvUnVsZVBhcmFtZXRlcnM+DQogICAgICAgIDwvRXh0cmFjdGlvblJ1bGU+DQogICAgICAgIDxFeHRyYWN0aW9uUnVsZSBDbGFzc25hbWU9Ik1pY3Jvc29mdC5WaXN1YWxTdHVkaW8uVGVzdFRvb2xzLldlYlRlc3RpbmcuUnVsZXMuRXh0cmFjdFRleHQsIE1pY3Jvc29mdC5WaXN1YWxTdHVkaW8uUXVhbGl0eVRvb2xzLldlYlRlc3RGcmFtZXdvcmssIFZlcnNpb249MTAuMC4wLjAsIEN1bHR1cmU9bmV1dHJhbCwgUHVibGljS2V5VG9rZW49YjAzZjVmN2YxMWQ1MGEzYSIgVmFyaWFibGVOYW1lPSJGb3JtUG9zdFBhcmFtMTMuZGRsT1RUeXBlSUQiIERpc3BsYXlOYW1lPSIiIERlc2NyaXB0aW9uPSIiPg0KICAgICAgICAgIDxSdWxlUGFyYW1ldGVycz4NCiAgICAgICAgICAgIDxSdWxlUGFyYW1ldGVyIE5hbWU9IlN0YXJ0c1dpdGgiIFZhbHVlPSImcXVvdDs3JnF1b3Q7LCZxdW90OyIgLz4NCiAgICAgICAgICAgIDxSdWxlUGFyYW1ldGVyIE5hbWU9IkVuZHNXaXRoIiBWYWx1ZT0iJnF1b3Q7LCZxdW90OzkmcXVvdDsiIC8+DQogICAgICAgICAgICA8UnVsZVBhcmFtZXRlciBOYW1lPSJJbmRleCIgVmFsdWU9IjAiIC8+DQogICAgICAgICAgICA8UnVsZVBhcmFtZXRlciBOYW1lPSJJZ25vcmVDYXNlIiBWYWx1ZT0iRmFsc2UiIC8+DQogICAgICAgICAgICA8UnVsZVBhcmFtZXRlciBOYW1lPSJVc2VSZWd1bGFyRXhwcmVzc2lvbiIgVmFsdWU9IkZhbHNlIiAvPg0KICAgICAgICAgICAgPFJ1bGVQYXJhbWV0ZXIgTmFtZT0iSHRtbERlY29kZSIgVmFsdWU9IlRydWUiIC8+DQogICAgICAgICAgICA8UnVsZVBhcmFtZXRlciBOYW1lPSJSZXF1aXJlZCIgVmFsdWU9IkZhbHNlIiAvPg0KICAgICAgICAgIDwvUnVsZVBhcmFtZXRlcnM+DQogICAgICAgIDwvRXh0cmFjdGlvblJ1bGU+DQogICAgICA8L0NvcnJlbGF0aW9uRXh0cmFjdGlvblJ1bGVzPg0KICAgICAgPFF1ZXJ5U3RyaW5nUGFyYW1ldGVycz4NCiAgICAgICAgPFF1ZXJ5U3RyaW5nUGFyYW1ldGVyIE5hbWU9Ik9UQ29tcElEIiBWYWx1ZT0iU1BIQksxIiBSZWNvcmRlZFZhbHVlPSJTUEhCSzEiIENvcnJlbGF0aW9uQmluZGluZz0ie3tRdWVyeVN0cmluZ1BhcmFtOS5PVENvbXBJRH19IiBVcmxFbmNvZGU9IkZhbHNlIiBVc2VUb0dyb3VwUmVzdWx0cz0iRmFsc2UiIC8+DQogICAgICAgIDxRdWVyeVN0cmluZ1BhcmFtZXRlciBOYW1lPSJPVEVtcElEIiBWYWx1ZT0iMTAyMDk5IiBSZWNvcmRlZFZhbHVlPSIxMDIwOTkiIENvcnJlbGF0aW9uQmluZGluZz0ie3tRdWVyeVN0cmluZ1BhcmFtMTAuT1RFbXBJRH19IiBVcmxFbmNvZGU9IkZhbHNlIiBVc2VUb0dyb3VwUmVzdWx0cz0iRmFsc2UiIC8+DQogICAgICAgIDxRdWVyeVN0cmluZ1BhcmFtZXRlciBOYW1lPSJPVFN0YXJ0RGF0ZSIgVmFsdWU9IjIwMTclMmYwNCUyZjE2IiBSZWNvcmRlZFZhbHVlPSIyMDE3JTJmMDQlMmYxNiIgQ29ycmVsYXRpb25CaW5kaW5nPSJ7e1F1ZXJ5U3RyaW5nUGFyYW0xMS5PVFN0YXJ0RGF0ZX19IiBVcmxFbmNvZGU9IkZhbHNlIiBVc2VUb0dyb3VwUmVzdWx0cz0iRmFsc2UiIC8+DQogICAgICAgIDxRdWVyeVN0cmluZ1BhcmFtZXRlciBOYW1lPSJPVEVuZERhdGUiIFZhbHVlPSIyMDE3JTJmMDQlMmYxNiIgUmVjb3JkZWRWYWx1ZT0iMjAxNyUyZjA0JTJmMTYiIENvcnJlbGF0aW9uQmluZGluZz0ie3tRdWVyeVN0cmluZ1BhcmFtMTIuT1RFbmREYXRlfX0iIFVybEVuY29kZT0iRmFsc2UiIFVzZVRvR3JvdXBSZXN1bHRzPSJGYWxzZSIgLz4NCiAgICAgICAgPFF1ZXJ5U3RyaW5nUGFyYW1ldGVyIE5hbWU9Ik9UU3RhcnRUaW1lIiBWYWx1ZT0iMjIwMCIgUmVjb3JkZWRWYWx1ZT0iMjIwMCIgQ29ycmVsYXRpb25CaW5kaW5nPSJ7e1F1ZXJ5U3RyaW5nUGFyYW0xMy5PVFN0YXJ0VGltZX19IiBVcmxFbmNvZGU9IkZhbHNlIiBVc2VUb0dyb3VwUmVzdWx0cz0iRmFsc2UiIC8+DQogICAgICAgIDxRdWVyeVN0cmluZ1BhcmFtZXRlciBOYW1lPSJPVEVuZFRpbWUiIFZhbHVlPSIyMzAwIiBSZWNvcmRlZFZhbHVlPSIyMzAwIiBDb3JyZWxhdGlvbkJpbmRpbmc9Int7UXVlcnlTdHJpbmdQYXJhbTE0Lk9URW5kVGltZX19IiBVcmxFbmNvZGU9IkZhbHNlIiBVc2VUb0dyb3VwUmVzdWx0cz0iRmFsc2UiIC8+DQogICAgICAgIDxRdWVyeVN0cmluZ1BhcmFtZXRlciBOYW1lPSJPVFR4bklEIiBWYWx1ZT0iU1BIQksxMTAyMDk5MjAxNzA0MTYwMiIgUmVjb3JkZWRWYWx1ZT0iU1BIQksxMTAyMDk5MjAxNzA0MTYwMiIgQ29ycmVsYXRpb25CaW5kaW5nPSJ7e1F1ZXJ5U3RyaW5nUGFyYW0xNS5PVFR4bklEfX0iIFVybEVuY29kZT0iRmFsc2UiIFVzZVRvR3JvdXBSZXN1bHRzPSJGYWxzZSIgLz4NCiAgICAgICAgPFF1ZXJ5U3RyaW5nUGFyYW1ldGVyIE5hbWU9Ik9URm9ybU5PIiBWYWx1ZT0iMjAxNzA0MTcwMjEwMjA5OSIgUmVjb3JkZWRWYWx1ZT0iMjAxNzA0MTcwMjEwMjA5OSIgQ29ycmVsYXRpb25CaW5kaW5nPSJ7e1F1ZXJ5U3RyaW5nUGFyYW0xNi5PVEZvcm1OT319IiBVcmxFbmNvZGU9IkZhbHNlIiBVc2VUb0dyb3VwUmVzdWx0cz0iRmFsc2UiIC8+DQogICAgICA8L1F1ZXJ5U3RyaW5nUGFyYW1ldGVycz4NCiAgICAgIDxGb3JtUG9zdEh0dHBCb2R5Pg0KICAgICAgICA8Rm9ybVBvc3RQYXJhbWV0ZXIgTmFtZT0iVG9vbGtpdFNjcmlwdE1hbmFnZXIxX0hpZGRlbkZpZWxkIiBWYWx1ZT0ie3skSElEREVOMS5Ub29sa2l0U2NyaXB0TWFuYWdlcjFfSGlkZGVuRmllbGR9fSIgUmVjb3JkZWRWYWx1ZT0iIiBDb3JyZWxhdGlvbkJpbmRpbmc9IiIgVXJsRW5jb2RlPSJUcnVlIiAvPg0KICAgICAgICA8Rm9ybVBvc3RQYXJhbWV0ZXIgTmFtZT0iX19FVkVOVFRBUkdFVCIgVmFsdWU9Int7JEhJRERFTjEuX19FVkVOVFRBUkdFVH19IiBSZWNvcmRlZFZhbHVlPSIiIENvcnJlbGF0aW9uQmluZGluZz0iIiBVcmxFbmNvZGU9IlRydWUiIC8+DQogICAgICAgIDxGb3JtUG9zdFBhcmFtZXRlciBOYW1lPSJfX0VWRU5UQVJHVU1FTlQiIFZhbHVlPSJ7eyRISURERU4xLl9fRVZFTlRBUkdVTUVOVH19IiBSZWNvcmRlZFZhbHVlPSIiIENvcnJlbGF0aW9uQmluZGluZz0iIiBVcmxFbmNvZGU9IlRydWUiIC8+DQogICAgICAgIDxGb3JtUG9zdFBhcmFtZXRlciBOYW1lPSJfX0xBU1RGT0NVUyIgVmFsdWU9Int7JEhJRERFTjEuX19MQVNURk9DVVN9fSIgUmVjb3JkZWRWYWx1ZT0iIiBDb3JyZWxhdGlvbkJpbmRpbmc9IiIgVXJsRW5jb2RlPSJUcnVlIiAvPg0KICAgICAgICA8Rm9ybVBvc3RQYXJhbWV0ZXIgTmFtZT0iX19WU1RBVEUiIFZhbHVlPSJ7eyRISURERU4xLl9fVlNUQVRFfX0iIFJlY29yZGVkVmFsdWU9IkFSK0xDQUFBQUFBQUJBRHRHbXR6RzlVMXVyYjhpaE5uTW8xRG1uUzFjUXFPQjB2YVhiMHMyUmExSFFlN2lTTVRpWVNad0dqV3U5ZlM0dFd1MkwyeXJXR1lobllDR1VKS0dGNU5RMHVaa3ZKcWFGcW1ZRUtnL1FtZFRqLzBleTAvUHZVbjBITjNWdy9MTmdRYU1XMm5tN0cwOTl4eno3bjN2TTlWdm5CMTNlTnlNK24wbUs0UlExZk4wL2lKZ21MZ2FkMGtvNkkwZHdJWDArbHVsM3VubEoyYndxSjZYQlV6WGU0T2ZpRENoVVBCQVQ3YzFkM1B0T2F3YVlvWmpKbm1kQkl2dWwwQzA1dWVCc0NrT1NVcUdvRy9wQVRFVmFDcUVFWFhFbHFaZm9icFNDZFM0NXA4VENUWTNTRndmTVRQQmYxOG1HbEpqK2Z5azhmY0xUd25jTkVvMHdsNFNTSWFKS1hrc0x0WkVEaU9hVTBib2pZSFNJZ2JZUFk1TEI4cVlLT1lKSWFpWlU3cW1TelRCZ3RUaXhwZ2RTZW5KMFpQOERaQnlvb0w4bUZPWU53aUlWTFc3U1BZSlBha2pBTlJDVWQ0cnhpVnd0NWdPSXE5SXVCNkJSa09IWUF4TnhCa2Rqc01qK3RHenVLME0zMVdOK2FTQ3NIQXJDa0VHMnlqaDdDT2RvQUhsdjZ3bitmWTVhWG5TcGN2c3J3UTQ3aVlkUXFaVEl1R0tDd2QydUhhc1dQSEYvRFFiL3AwSXZnNGxTeWFCT2Q4UUVqc1o4OWd3d1FaRGdkOUhQM1h6NDRWVkZJdzhMQ0dDOFFRMVg1MnVqQ2pLaEtvTHFYUFlXMTRKaElSUTFJb3pFY0RRY3dOUk4yVStMNGFtdFpIU3B4UmNSUE1IS2lNZktkeFRpY2dSNGRsK3lNNU5TbGxjVTdjQ1cvSGxOblpCdzB4MStSeTdYYUlPWGgweisyVVZFc3pmSHl5ZCtpQnhaekt6anY3N3VGOVhBK0xOVW1YZ2ZSd1Q0SE1ldmx3endQeFhSMURpMmJNdEJpd3NFSXpoM3Q2N0pmWUlyeG5DY25IL1A2RmhRWGZRc0NuR3hrLzJBRHZmMlRxcEwycE1tN09sT0VFUU5qUUhHcW1ONmVBQVpyNkxQRktlaTRHZUY0YnF3ZTRzaXpsaTFXY3d4cGhOVEdIaDN1czgvUDJyRDBQNi9JcVhrd1Y4OWlCMm5BVEhBWU9Vd1Z1Ulc1RW5oY2xQSW96aXRiREVpQXgzRU9YV2tiYXc5cGJpWUZ4WnpBNUJRdk1QR0RUdytjVUxTRkpCUU5PRHpMemZ5VVAyQWY0VXNOWUhNT1NDb1pLWGJpeFp6a21GazhxT1lWTTZBWGoxTGZDWmFMaFhHam9iQmlUS1FqZjJjcGh2Z1UyRFQxTklqVlZNTWxZRmt0ekRlUmhuUU8wMDJnV2pWVThKR1dhRVJ2bkpXVU9qZk1ReUpHbnJUemVNQTVuUkZXUkc4eGpSSDRjakxiQlRKSWlCT0Jpd2hpaHZCcDhsRWx0bm9xTmxpOTNoZE9RZjNPNnRHRDFxZFVDT2p2YUpqOFRxNndTazVoVWRqSnBPaENZTlFxNEFxY2xhS1drcVdUMjh1ekRKaDRyR0FaUVBxbExJa1d3RnQ5QjRwZXl1aUxodXRQbXhNWHlxS0RONkFWTnhuSlZCbmR5V2x0S1Z0a1NiM0ZEL2ZUWDFpRVpTcTJNRWJPL3hOdzNxWE9jTlRhSnIxcFRadVNkZDBxZ29hcTh5MGV4NWNnNlcxUGtzbVNyb2pYMGhZUWhZOE1TaklPWEZjMnhyS2hsTUFoSTBVeHNFSkJQVmF3MWRWSThHaDN5MTQ0M0lObUZUbHpnYkJ4bldFR3BMMVFzWXB1QVZmVGFjaU1lQk5RTmdDM3hKdUs4c0JGeFlqTWlEZjF4cm9wbWpTdFlHNU4yUEJnZTh0ZUJ0a0F0azZ5RFZEQnJjaWRGcXgzVzRKUnpYenhDVVNxamVneUxORjlCcWR0K09mWEVBM1EvbGRFbWhJbDR1QWFoUmt5VndCL25RVC9WVVFXaEptN0hlUkJQN2JqR0hxcUIxeUswQVZCQjJ4QTY2YUUyQXVySTFRUy91TldWOG9JL3dKVnAxODZXWGRzMmY4ZWxOL2pMa0wvT2dlUE50RHVxNjVwb3I5U1NuaElmMXczNFVqVDZOVnBRVkxrOWZSclBLeFNGZG9SdDhDQ25PL3pDZVhZeTdkRGswajcwVk1LOXgrbHNJNXhRM3pwdmFyS2Q1dHRwcVFQUWpGSkNZN3JkZWR2dE1uVGlzQncvZ1puRFRzTTdVaUQ2U0Q2dkZzZHpNMWltc0RIVEhGTkYwOHd3WGVYR0g5T0ltd0ZJZTNxRUVGSEtBc1d2MldGM0k5VFVKWGNQd1dkWE40SUcvNlNTeVpKUmZYSFV3T0xjdUVZRkxtZmxialFMV00zSVpXRzFuZ0ZSd1VSV2xwSGJnalNuOENKeDcxcy8vL1RxemMrV2wyNzg4L2J6YSs5ZlduM25jdW56NXdGcGw0VzBLNkdOcVFxRVlQaVU1dHl2dVdSZEt0Q1E3SVAwTm01SDU5SGlwSHkwdHlDVnQ1R1dsZm55KzdTZUg5WGxZbStmenlSRmFKMWx4Y3lyWW5HNHQzZnc2MU5LUUs4TWk3Y2tKcVA5ZE1PZWU5eWRLemVYMW41L1pmMjU4MnR2MG9NY2RPQmR5N2R1bFo2N3R2YmhzeXUzcnF4ZGZRV21QT1dwdFZmZlc3L3cyOVhmdkZDNitPN3EyeS9DMUJGbnlybG5BY2k5RHFSMTdhT3JpZEw1ZHdIVTU0RDIyRWovT0grK091ZnQyaVBETEhJaDFJMzJ5SEtHL25YRFNFWithOW4rREdEeDhOb01GRHFxem1SUFJHQ2lnOW1acHJaSkxWZ2s3czRpUEkvNnA2WWU5Y3N5MkdqRmRsdDIvRmw1L3RyZi90SkdMMWJzT3lNQWpUWjdidnk5RFVoTW1xZXhLQ2MwdFVodmZWSzZEdkVtNy9hZVcvLzBseXN2UGZjWVczcnhkdW1GOTFkZXU3NXk3Umt3Z25QcjE2NWE4SldsQyt0WDN5cGRlTHYwd1NlMkljbjBQRjE3NkRmVHFtdVNaUk9waDRtaXBzZXljNkNrbEo3SnFOZ3lOVVZWU0pFcWsyN0gybXBheXM1VnAzcjcyUTJUb0dvYUdrYkFobnY3UUo4eVF0UUEzWmFxM1I1UVBWR2dFdkZDZ01sb01hTG5CK2NydEdLRGpwMjNWVVJwTzNJbjljbnFwZHFlTWJGZ1l0TUtsMWJDeXpDdDMwd2VzTE1PWFpOblZGc0d1MGxXTVgwUS9Bcllza1p3emU0V3BtVkx4YlZ2MHRzRTAxcW50Z2taRFZJRDhIeDM0MkxQd1lxdVBZY3FPdlo4TCt0aC9sMkZlanp1NlR2UUpHeDBPejNTcWEyMTZHRy9vUUk5aHpPZW5vem55TmZXanVmN1crdkVjMitkUU8rcktNSFRXeVA5QjZoZlFvYVlOSlBKY2tRRk1XOGx0UyszLzBTS1pwRnQ3TDkyY3JQa211NVFjaTNXWnVCc1ZGajB1dlV3SlRSS3EreU12R2ZmZ1hZSTYrdFBMNjI4OUN6aU9NVHhpQk1RRjBCY0VIRWh4SVVSRjBIY0FPS2lpT2NRenlOZVFId0E4VUhFaHhBZlJud0U4UU9JanlLQlF3S1BCQUVKZ1ViUS9NNzlUUWN5MnowUU4vZlR2RlU5cHFlUG5tMzQ3dThEQ1VFa2hKQVFSa0lFQ1FOSWlLSUFod0k4Q2dnb0VFQ0JJQXFFVUNDTUFoRVVHRUNCS0FweUtNaWpvSUNDQVJRTW9tQUlCY01vR0VIQkFSU01vaENIUWp3S0NTZ1VRS0VnQ29WUUtJeENFUlFhUUtIb2YvditRV2ZEMityc1RoN1FxMHRHN1pBcTVlNGRNaHFwSnNaeEt6RWUzYzdwdmp4VTJYNjFaYWlxVHQwdGg3TXQ4WC9FeSs3NXY1Zjl4KzMvYm52WmcxVXZPK0VVc0UyOGo0Tmh3aDVpZUgySVdnRlVlVmFMVE5zSjZpQm5uV3JWeGRHS3hla3paSFN1U3ZBeCt3MThGVGx2YmJRTGdWYkVabFNUMndIYlZUdmw4bHJWUWoya3FSYmk3Rk8wVEpUWlRmMzNERTN3eHhXc3l1N21NVjNHekM3clZndDZHeHZZVG9GajlDYk9OdWJPdlZDbWUxbHZ4U1RndlhQOXd1WFNsWXVsbXhkWDNyellVcnJ3MGZLbnI3YXN2UDZUdFJzM1cwcm5iNisrY0tPNzlPRk5xRG44SzY5ZkxOMTZCZDVXLzNpbHRQUmhKL3lWTGwyRmJtTDF5ak43MTU1OUQxcU9sVGV1ci94cWFmbXoxMWV1MzloYmV1TmpBQzEvZm9sT1hMOEJ1SHR0NU5YM25sNjllbnY1MXFYbFR6L3FoTW0xaTVmWGZ2Mkw1VDk5NExhYXdYMmRMczRGbHNpNUJGZkFGWFNGWEdGWHhEWGdpclpBQU9NNEhteWlzMWJGSUJRTU1qckVISVJXZWZFazFqSWtlNHJLQUpvczArN2dKbzloS1A4bllZUkZJMnU5V3JOWlpuZWFpaXVaVldiSkNVV1RkL2I5S0FsOTlyUW8rYzdpbWZIRnZJRk4wd2ZkYjA3WGZEVHUzcjhCdlovZEZydjZxMnpFRi9BRmVCLy8xVC9MYWdWVjNjRWNTaCtENW01Y0k5akE4bG5ka00zRXpPUFZjM1NrejBMQmFVeUp4aHlHVHBwMk9CbGduYlVxWVd6VmJTTVNVZWJ4NU5RNGJiWExqVGhkT1ZuK01UL0w3RTNiWFh0S2Z6aWZ4OGFZYU9LczFUQk5BKzRDY04weTl6ejZwYm1ITEpKRUNob3VVOWVtY0U3Zm5JSHFFYmJOUStGWlZSZEpUTVd6Wk5CcGRXT0twaW9hOXM2b3VqUTNtQmRsK2x0eGpOdVludHJzU3BwcHE3Wjk3ck9LVExJSDdldVI0Zy9vTDkxTVcxVW96ZW5EeVZIMFkyUzNkWE80V01pN2Y0YXMrcGtvUkxYcVoyV1dQVnF0cUgycVpXSnNmSmdWT0k2OTd6NjJPc2NlSG1aN2UvdWVaRHZZV3Vod3pjQm5GbWJzRy9PalhEK2wwRGZJZGp3MTJERXZHcXllV2lTQXZPMzFRTDM4VkhHR3l1OGhrRzZmdFV1TEFPeUJXbExmazNUa1V6UU5HOVJxZ2JEOWZ5QjhzMVp2ZHZTSHlmU1VtYkdzYlZMTEZ3aDRqMlZ1L2V5bXd6b2JmVXEyTGw2YVBZTWI1T2taUnVlUmRibGlXNHNkc1BhZks3MzFkdWwzNzYvLzlOWFNCejkvclBUeEgwcXZ2TEg2OGp1V2dsOTJsVFhJQ3ZsRmx1ZmdvL3d5eUVxNnFodXhJeHpIRGJJenRIMDFhRVVmWTQ4Y1B6NCtNQkllWkdkMWpYZ1hNTDBmaWJFenVpb0RuazV2bG1Nc0QxUk1IYnBjVmdZWHlSaGljWkJkeUNvRWU2MmZJMktzcGk4WVlyNjh3R3VJc2xJd1kyd0FHTXVvdFJyUDlYSW9Ec0xBTEVmaG9DOEN3NFh5a1BNRllQaGtkVWhqOUFYYmJacTdMSzloM2J2S0pxenBHaDZVL3dVUlNmelRZaU1BQUE9PSIgQ29ycmVsYXRpb25CaW5kaW5nPSIiIFVybEVuY29kZT0iVHJ1ZSIgLz4NCiAgICAgICAgPEZvcm1Qb3N0UGFyYW1ldGVyIE5hbWU9Il9fVklFV1NUQVRFIiBWYWx1ZT0ie3skSElEREVOMS5fX1ZJRVdTVEFURX19IiBSZWNvcmRlZFZhbHVlPSIiIENvcnJlbGF0aW9uQmluZGluZz0iIiBVcmxFbmNvZGU9IlRydWUiIC8+DQogICAgICAgIDxGb3JtUG9zdFBhcmFtZXRlciBOYW1lPSJfX1NDUk9MTFBPU0lUSU9OWCIgVmFsdWU9Int7JEhJRERFTjEuX19TQ1JPTExQT1NJVElPTlh9fSIgUmVjb3JkZWRWYWx1ZT0iMCIgQ29ycmVsYXRpb25CaW5kaW5nPSIiIFVybEVuY29kZT0iVHJ1ZSIgLz4NCiAgICAgICAgPEZvcm1Qb3N0UGFyYW1ldGVyIE5hbWU9Il9fU0NST0xMUE9TSVRJT05ZIiBWYWx1ZT0ie3skSElEREVOMS5fX1NDUk9MTFBPU0lUSU9OWX19IiBSZWNvcmRlZFZhbHVlPSIwIiBDb3JyZWxhdGlvbkJpbmRpbmc9IiIgVXJsRW5jb2RlPSJUcnVlIiAvPg0KICAgICAgICA8Rm9ybVBvc3RQYXJhbWV0ZXIgTmFtZT0iX19FVkVOVFZBTElEQVRJT04iIFZhbHVlPSJ7eyRISURERU4xLl9fRVZFTlRWQUxJREFUSU9OfX0iIFJlY29yZGVkVmFsdWU9Ii93RWRBTm9CcjFWdzlhR0JDM3Izaks5THh3cG1ENlY3ODMxcUZvOVJHMFlxOFdiZkErZWg0K2VtWjQrcCtIWWZtNzdMOUo3b0QvaHB2dVhuTjdObG9OMnREMDVhQ2p6bWx0YVVNN2FFQU4rZzljUC9tMTB6ejc1UE9FY3ZDazlGcGNyU3FHL0UrV0tlaVhSVmpEUVJxMzZZTjRWelRYWGNkbzBLWW85ZkMxSWd3bStXbkNySjRZNHMrWDNpN2JwV1pKS3FsZWoxbE1YeVdHaU1mL2RzdHNkK3pkeXRJaHFNdloxRXlYTUFsejJ3Q215c3c3ZmZYaE5pWERzQXhRY0xHc1ZnMERmNFp2Z3k3NjI2anBLSDUxY2thdUtTWDZRUEJhVWUzNlVFdVdqd3lwclk3WVFuaFhvdUdCS3VBaG12WGgzZURzcVN6RC9jdXdXYzMxTTJiU29JVWYxRXExSkRPN2NKQUd1cnRqa3NPU2lkQmZ0VklVVnE1SlZkN2djcjZnRW9BTkhQZlpKbS9IajhVZDZUWHAxVUdKbVo3dHZweHdWa0tVRjZ2UHhqU0lYRm4vdmlrOHdxN3QrTmhUOERQeUFUSmd2RkQzSzVVK3Z4b0N4TGlVcWM3bmhWVVd0amt2N0JmQWViSmdpbEVFTnBFbkxxNWdyODkybmVSYU1odTZVcDQ4T2RZUERxTFJTWFhqZ0pxNmVSTFNGd1pIakMxUGpBKzBSV3F0OGRsWEhjbFhXRFFZTXJTN08vYU5kdXhMVWU3eHBoVC95eEFlRDJVK1ZqckxrcDJtRlNJYWFDZUJ3OUhGdEN4UFAxUHk0Q0RRdEtPbWEwTlpmV1Fkd1ZLcUMva3hUS0FsUUtTd242MFd3N3pkQVluT09WRGRHSE4vVHI1YmdLUDZad1ovOE1RY0ZlRHNkQ0pHZGV3eWs1R3NIT3EwMkx0NFRFckdDMjlIQnlLVlAxUzFwcDAwSUM2Zi82L3lPelRaQUV4SWMwMHRyTmhGUlgxbjhPSFNLUkdIM0toNksxS3MyeEg4T2MvNFF3YmxoWmJOWXhqYlJZUjZMaURmSnRZdkluV1hUbkFHWnBKWTR6VEppMWc2UzExTTRBeVZQaW9mdHhNZjFOSThjUENsS0pJdjM2aGxhUGhVdWs3eW5McUpJMU5UcW5WSkZiWUlaUlExV0VBZ2NsaGZqWWEzbkQvaVVtcFJxVkRta3N6N2VMOVkvemdCSDRnSExlOFkyWnlDcDZabXV3RXJTTDZiT3huVkoyeDdLdmFYY1UydlgzU3NKTGRQL2ZmeFdUSUZ0Y3J0RGE2N3N0cmZrNzRiS0xQU2hnandzOUtmMi9UUU1zQ0Q1allTREVhOTJuMGFqZzFXYkVEWkR6VkcvMHcvVW5zcElvVm1lNk1GNUw3RStBUEJUUUhDSnF6SHVCK1dHMnpKSmZBVnFncFVqTTFlRnR4SFAwZVFYYU9mNnowM2pWZ0hPVmNsYmNZSjBkWlEvZkFiMkxoTlpKamtmeW9DcmppbnZSWCtjOXY3U2JBSVFEL25kNWg2c09RODNVbWZoZjZiTXB0NTRhaW5MbExjNlNNKzNkNWpIWXJud0tUbU54UFBhV3N2TG1maHgwTGh3bkNYR2xCb0xzS3BndURwTHpRaGYrbC9tTDEreWZqVVN6cUZ1eDdrSGpLd1hCekVoeHhmMGtkWjNuWHJScFZWWUpKRzVMdXM0RjhXYlZ0SXVrc3F3bEUvd25PeTJZeWh3eU1OZXNRNjRLM1M0VW1jVFJvZ2RwTzFBck9pM1N6VUVaaDd1elZ1cVlqcjFkM3prZ3RIanBUemhBb1laaVZPNVdZdDkzWm5odVZYTFlnVG1QQk5tNzlJczd3MVg1VHE2MExqc2JWdmI4Q1BOTVBDQmxOeUdnNXRsdmlUUGxwR2VSTnNsQktXKzRMQlhFNkFFNkVvVzFMRHdsdUlWOXF6NUpLUFplSkd3WU5EYTVUVlh1cHV6RXZyVkRibERidTcxQmdkR3ZRd3ErcDExU2NZTU1MZ2tvVjA1T1hsdm9sa3RqTFNFR3JJUzZXOHlWSEdqU3NoNEdPdWphN3hUaFNYQVZ2QXI3Q0kwY0NjWUpKK3k0NXVHS3AyeE1IRUNzTXFkVUJUVktRc0FuaUM5c1pDQnlFeUFoQStreXNVOTZIQzhJSVRNZGp0UW5ocGdSQkd6a1IrRHMxVXlXZW5mcHEvNDVpaEhRblVqUjJQYStGb3FKUGx1SEpYWUFjTDVkaWY0cjZxUVpER3lXN0JLOU8zTHZjYmZ6andNQmYycXg5OVRZa0phbnhobGRuNVJIcXNkSkJUbEZUQ2VJcUppbGxOUDlYK2FKNzd0ejVuNXUvOHcwNk5MeGNpOFE0N3ZVemNiWS8vb2ovUGZvTEJoNzhFaC9mckNpcVZOTm0zYUdTd3dwbUVDdndFb1RFRFlnTHZDUzlHdmxsRDNWb3lRVWNQSitJdk5iTjEzMWdWQkZBZmFZYVdxeFYrQWtLeEo3cFJaZmpZdG9tenlsSzlFQ3NqQWRTNE81bmo0eFppYmZHbU9vUkxqbExlOFpLdnlSZGlpSHZZVWp0dUtPd1BLUU9LY1lsRUZqOWY2aFFFVndkOHA0bzhZZnJBdFFjMkl6K1BLWEd1Q21XRVl0dXpvZ2dJUE92MkdpTzNwTWpHb0pMYU5BVFVPZ3V5NG5waEY3SDdTU3dLU2pFKzJPRDJFbjVIUGlsWlVyRDlna1h2R2lnZVhpRTVhWUd4Y2pkUittTGRDUDh2SytTU05SRTRzQ21ZdXFZT3Q0aVFwakFQNjBrd2E4YXZEZGRWMGlsUmJwNnMyNURIenNjZmFBSkpCbDRkSnNHMmlsei9UZlFjeHIrTFdhamZ1a3hNU2Q5T21LUHdFS2oxUGIyRGI0dEh2VW1qT1N6ZENRM3ZFa2U5YW5rUjYvcnJMaGYyMXhTV2I4aXlrSXVKR3grdlU5SXFOVGI1Q25RVlN3Mk1tTVBPb243QmhaSE9SUEVERGtzRHhkK2lXRzZ2VStDdEk1VVpDclRWVHFzQ1ZTalVhaE5RUitwSmgxekg5UmN4NXU5YnpLdTdzdXhyVllRTlE5N2FtL1BPNXJkblVhbG4xNkhzM0dwZXd4RGtNbkVvcStIYzd6b2VnMmk4N3RncER5L3YvTXVRNm9FcWJ3QSs5Vk1EMlVScHZLSVE4bEl6aThRdVAzaldmQ0M4a1NhcWEvamMrRUVMcE5vbW5reFBrWTJFekhSNUZzNzkxb3Jsb1ZHaHUwVFhoQzN5aVFDK1gvYW5mYVdEQmx3bks0TDFhQmQ3ckswQmtrdU84Z2M1QVVtaHVYUVFNa1NWaEhraUhTNm1hMHNqejFLby9vNUxBMTdSYWNmWGE3bjIxZ21Vd0NLS1ovdXljblZiTjlRNzZIdWJEMUFxdnFZZFE3KzhmRjBwZWhDUDRZQ25FOEFDM0QyWTM5VUhmODQxbUVVL3plMnBSbktQcFpGVHBOcDVhWFBiVlo1Zis0RzBHS2EyMFFxSWxkVlZHcFBEaFdwekxFYXJBNWR2aW9PZUJoWUE3WVF3YUFobTh1bEpPTTJoUmNxTEM5KzJWbjRDYnpwazhUbWZJM2pjOHg3eENvME5YYTdkRytHVDlmZVJVeUx1WXp6NEdhRFh5ZVNTY1RIZzdrSzFzN3h5dEtNVWJudnJFbTRXZ2dmR29uTnROTGd5cVV2dW9naFZOdSsybWFvVGY1ZVpsMHFlU05qSWZIdmM3aEVyWVJHcTFMalZjT2x6aUtYaHFlNXdIQlQ0dWNpZ1JxQzZqQmx3OWk4RllvN1F6MjBCYWRzRGtzajgrSnFmZ3ZLdDE2SXpKd3NwKzdhUkw2S1RKZ0RBbmo3elc3SkQ0SHdpcjVXODc0ZmN0ak5qK3p0V2VObUdOTnQ5SjQwNVcveGh5R3lDWHRadFRxTWQ0WDJvcG95cFZWdytUai9CVFdqZXAySEtjSmFFRHhyMjNBY3IvQzRMaHMzdXA5RVMyTkpMYVA3K1pqbllBdkt4cGRzT3AvUzZTcXpHUzdmai9zWTg4MWxSUmkwS3NTOXBXM0dBYlBDVDlMWVI0Z0JIejF1Q2pxa1hqSnY3SDlOaXZnMW5DNjlxdFNqU2M3OVBVdW40UHB5OUpKQStsWnhEUi8xMDZBREdxUUt1NWFBK3VLV2xCclVGMTl4VHNIZmRnWXFyS05Yc2ZxbXduTmJuYThsclFTOEFwOUlqUkxFVWlsWU5RZ0NJU2VVZmdDWDgwZ1VqbVF4WHJhaUd0NjBwTzA3NExzUUwraXhPUnkvcHhGWWFqcmZNdlQwVTFXQzhjSmNSRUxvcngwL2dKU2orMVM0RWJ6ZHN0czROcnRrNWtHT1hsS2t0eWV3K2tOcVNkanYwVUZlYmVUaEI1V2k2SlZ1dFBJMnFiTHVQMENNRGhDd3J2VldmSXNselJaTWl5cE9sMnM3Z01kOTBLNElFVDl2aXFPUGRGaHBDb0x0bkc0aTJ1a2YrMlNKNk5VRUZ1cEo2cW81SW56N0ljbFE2ZmtmNWpDcGE1Zjk2MTlnOEJxMWI1bUY3ZWlhNXNsZDEwaGtnTXE1dS9VTU05ZHVYdmZVUWJwV3BJZ3czZm15aEZyeVBNV1d0dytvZENxTS9MbllBSkdIWVYvZXVpVnBiR2hqTEVUR3NCYUU3SWxKQlc4bHMzS3VBTzV0TjhiK25TS2c0NVFnb1o2bHFEVVlVanZJd2x0YkhCYW5nNzJQTXgxVXNvdTUxajh0bCt5akRldjdzK2FoWTJRR21FTWs3SjdSaWhDd3djclNTRWdtZnRsQVNvRmNlSFRFSm15dlJreWFJcWVyeFRROU9qR1lHYk1IVGVPcGw4NjNsQlFPS0FlVmdOUUwzU3YyZzlFTCtCMTd0VzNFQTViZXNBUHFTZ0VKYm5ROFUyMmRwZS96Z3FzMEpHdTU2c1dwa2dSMkxYSHpCRVp4bTZHbmpKaXpNZ080OFVycHA0TmZhUmdzUUlTTDZwcUY2YjBlaUVSVHRUUldUd0gxaWt5bncxYXZCSUxyT0NZNWh3TXJJR01Qd3pDZjk4cHV5dWlaZVRGTW5rYUhraWx1eGlQcnRlU3llaTZrOWpkN2JlMTluc20zTTNvL3BlRVRGR1dYOFIrNnRDSTdtNG94NXdQaGw2aHRXVk5qZ1FzRFZieGZGUWtQVGRkK3l6NU1zSk8wYTlsSWpYdWFJVC9IcnhvZVBMQzIwSk1IcWdYSGxIMG9lK3NXbnJ2MUhVYThrT2xGeU05djQwUFJXOGdnMjVqak1FWmVPSWxmVXp0aElGVWJQcVljb0IzUjlWbjM4K0FWbjlXeCt1dFcrRDZOWmVoZEhiUlRiZVhaWDAwRkkrRE13QnkwU040OWNBNnQ5UE9WdzJ2eHFFTEZ0K1pkeGh1MU5Sd21jZkx6Sit5cDBoSTdWbmRYckhaRTN3aEtPVWhpWmFMd1BXU0d4cXc2VEdzM1ZGUG9yNnBPSFhEV1BsMzd5VW9XYjA3SEFzVGtPbUFZajNKb2FqNEVXZlhHOUhVY3hNbE1ReGJzbDFPTXFuRkRGQ2NQcW11c2VYSElYTG5CWG1UaTVuc0FaSkxqRVF1V3hodjh1ZkxxYld2WWMyd3lSTzUxYWNuMXNrNjNCbmVoVVBRT3N3b1FNU1UwZ1daRTFSanFSQ3pCUFo4a0ZSVkRXV1VOWHNOenVFQUpoTG5kdEFQYTJzVUdncWlQZ3Nrek1mNWNkc2kwY0dEY2d1ejRPdExJOFord0V6MFpCMkxMRjdlanpyTWVxMzllek9YaUN5OThNMXpBRUpTOS9UYm1HN296aXFRa05uajNHaXJDS0hGQ21CbjBwTjRxblViMXVtaDdNZFdTT3kySTFnNkZuSkFNaGZSMG5DeURteitlSy9QeVFtSlRBTWQxRG41ZHZuZWNvcEFTODB3b0F3ZmlOQ2JPNllrZXNYTGNWaG5YOVUxNGxCbndIZGRYUmR6bDZpd01ZaTRyS1RUazhSbm9WL21IK3Y1ZmR1d0Q4bWFWdHVkbkVFUEJjQ0NQRXVzaGdqY0Q3TnNZVnhTRUJjcDI3c1hwOE5aQ2xvejJvNlBiRmhYdi9IQ1VHeHRYbzJZd3VtTURsV2tuNWY1RVFrdzYrSEtoUm9iUUJVQ2N4SDFqZWRmelVrekc0UnhsbHJUVWxrZURkYjl1bFU5WlpZYU5kTy9vdz09IiBDb3JyZWxhdGlvbkJpbmRpbmc9IiIgVXJsRW5jb2RlPSJUcnVlIiAvPg0KICAgICAgICA8Rm9ybVBvc3RQYXJhbWV0ZXIgTmFtZT0iYnRuVGVtcFNhdmVJbnZpc2libGUiIFZhbHVlPSLmmqvlrZgiIFJlY29yZGVkVmFsdWU9Iuaaq+WtmCIgQ29ycmVsYXRpb25CaW5kaW5nPSJ7e0Zvcm1Qb3N0UGFyYW0xNC5idG5UZW1wU2F2ZUludmlzaWJsZX19IiBVcmxFbmNvZGU9IlRydWUiIC8+DQogICAgICAgIDxGb3JtUG9zdFBhcmFtZXRlciBOYW1lPSJkZGxTYWxhcnlPckFkanVzdCIgVmFsdWU9IjIiIFJlY29yZGVkVmFsdWU9IjIiIENvcnJlbGF0aW9uQmluZGluZz0ie3tGb3JtUG9zdFBhcmFtMTcuZGRsU2FsYXJ5T3JBZGp1c3R9fSIgVXJsRW5jb2RlPSJUcnVlIiAvPg0KICAgICAgICA8Rm9ybVBvc3RQYXJhbWV0ZXIgTmFtZT0iaGlkR3JpZFZpZXdTdGFydFRpbWUiIFZhbHVlPSJ7eyRISURERU4xLmhpZEdyaWRWaWV3U3RhcnRUaW1lfX0iIFJlY29yZGVkVmFsdWU9IiIgQ29ycmVsYXRpb25CaW5kaW5nPSIiIFVybEVuY29kZT0iVHJ1ZSIgLz4NCiAgICAgICAgPEZvcm1Qb3N0UGFyYW1ldGVyIE5hbWU9InVjRGF0ZVN0YXJ0JHR4dERhdGUiIFZhbHVlPSIyMDE3LzA0LzE2IiBSZWNvcmRlZFZhbHVlPSIyMDE3LzA0LzE2IiBDb3JyZWxhdGlvbkJpbmRpbmc9Int7Rm9ybVBvc3RQYXJhbTE1LnVjRGF0ZVN0YXJ0JHR4dERhdGV9fSIgVXJsRW5jb2RlPSJUcnVlIiAvPg0KICAgICAgICA8Rm9ybVBvc3RQYXJhbWV0ZXIgTmFtZT0idWNEYXRlRW5kJHR4dERhdGUiIFZhbHVlPSIyMDE3LzA0LzE2IiBSZWNvcmRlZFZhbHVlPSIyMDE3LzA0LzE2IiBDb3JyZWxhdGlvbkJpbmRpbmc9Int7Rm9ybVBvc3RQYXJhbTE2LnVjRGF0ZUVuZCR0eHREYXRlfX0iIFVybEVuY29kZT0iVHJ1ZSIgLz4NCiAgICAgICAgPEZvcm1Qb3N0UGFyYW1ldGVyIE5hbWU9Ik9UVGltZVN0YXJ0JGRkbEhIIiBWYWx1ZT0iMjIiIFJlY29yZGVkVmFsdWU9IjIyIiBDb3JyZWxhdGlvbkJpbmRpbmc9Int7Rm9ybVBvc3RQYXJhbTE4Lk9UVGltZVN0YXJ0JGRkbEhIfX0iIFVybEVuY29kZT0iVHJ1ZSIgLz4NCiAgICAgICAgPEZvcm1Qb3N0UGFyYW1ldGVyIE5hbWU9Ik9UVGltZVN0YXJ0JGRkbE1NIiBWYWx1ZT0iMDAiIFJlY29yZGVkVmFsdWU9IjAwIiBDb3JyZWxhdGlvbkJpbmRpbmc9Int7Rm9ybVBvc3RQYXJhbTE5Lk9UVGltZVN0YXJ0JGRkbE1NfX0iIFVybEVuY29kZT0iVHJ1ZSIgLz4NCiAgICAgICAgPEZvcm1Qb3N0UGFyYW1ldGVyIE5hbWU9Ik9UVGltZUVuZCRkZGxISCIgVmFsdWU9IjIzIiBSZWNvcmRlZFZhbHVlPSIyMyIgQ29ycmVsYXRpb25CaW5kaW5nPSJ7e0Zvcm1Qb3N0UGFyYW0yMC5PVFRpbWVFbmQkZGRsSEh9fSIgVXJsRW5jb2RlPSJUcnVlIiAvPg0KICAgICAgICA8Rm9ybVBvc3RQYXJhbWV0ZXIgTmFtZT0iT1RUaW1lRW5kJGRkbE1NIiBWYWx1ZT0iMDAiIFJlY29yZGVkVmFsdWU9IjAwIiBDb3JyZWxhdGlvbkJpbmRpbmc9Int7Rm9ybVBvc3RQYXJhbTIxLk9UVGltZUVuZCRkZGxNTX19IiBVcmxFbmNvZGU9IlRydWUiIC8+DQogICAgICAgIDxGb3JtUG9zdFBhcmFtZXRlciBOYW1lPSJkZGxPVFR5cGVJRCIgVmFsdWU9IjgiIFJlY29yZGVkVmFsdWU9IjgiIENvcnJlbGF0aW9uQmluZGluZz0ie3tGb3JtUG9zdFBhcmFtMjIuZGRsT1RUeXBlSUR9fSIgVXJsRW5jb2RlPSJUcnVlIiAvPg0KICAgICAgICA8Rm9ybVBvc3RQYXJhbWV0ZXIgTmFtZT0idHh0T1RSZWFzb25NZW1vJHR4dERhdGEiIFZhbHVlPSLmuKzoqabliY3lj7DpgIHnsL0iIFJlY29yZGVkVmFsdWU9Iua4rOippuWJjeWPsOmAgeewvSIgQ29ycmVsYXRpb25CaW5kaW5nPSIiIFVybEVuY29kZT0iVHJ1ZSIgLz4NCiAgICAgICAgPEZvcm1Qb3N0UGFyYW1ldGVyIE5hbWU9ImhpZEdyaWRWaWV3U2VhcmNoU3RhcnRUaW1lIiBWYWx1ZT0ie3skSElEREVOMS5oaWRHcmlkVmlld1NlYXJjaFN0YXJ0VGltZX19IiBSZWNvcmRlZFZhbHVlPSIiIENvcnJlbGF0aW9uQmluZGluZz0iIiBVcmxFbmNvZGU9IlRydWUiIC8+DQogICAgICAgIDxGb3JtUG9zdFBhcmFtZXRlciBOYW1lPSJoaWRHcmlkVmlld1NlYXJjaEVuZFRpbWUiIFZhbHVlPSJ7eyRISURERU4xLmhpZEdyaWRWaWV3U2VhcmNoRW5kVGltZX19IiBSZWNvcmRlZFZhbHVlPSIiIENvcnJlbGF0aW9uQmluZGluZz0iIiBVcmxFbmNvZGU9IlRydWUiIC8+DQogICAgICAgIDxGb3JtUG9zdFBhcmFtZXRlciBOYW1lPSJmcmFtZUF0dGFjaCIgVmFsdWU9Ii9VdGlsL0F0dGFjaEFkbWluLmFzcHg/QXR0YWNoREI9QWF0dGVuZGFudERCX0lUUkQmYW1wO0F0dGFjaElEPXRlc3QxMDIwOTlkZTM5Y2U3MS1hOWM2LTQ2OWUtYTQxNi0yZDU0ODM0NjkwODQmYW1wO0F0dGFjaEZpbGVNYXhRdHk9MSZhbXA7QXR0YWNoRmlsZU1heEtCPTMwNzImYW1wO0F0dGFjaEZpbGVUb3RLQj0zMDcyJmFtcDtBdHRhY2hGaWxlRXh0TGlzdD0iIFJlY29yZGVkVmFsdWU9Ii9VdGlsL0F0dGFjaEFkbWluLmFzcHg/QXR0YWNoREI9QWF0dGVuZGFudERCX0lUUkQmYW1wO0F0dGFjaElEPXRlc3QxMDIwOTlkZTM5Y2U3MS1hOWM2LTQ2OWUtYTQxNi0yZDU0ODM0NjkwODQmYW1wO0F0dGFjaEZpbGVNYXhRdHk9MSZhbXA7QXR0YWNoRmlsZU1heEtCPTMwNzImYW1wO0F0dGFjaEZpbGVUb3RLQj0zMDcyJmFtcDtBdHRhY2hGaWxlRXh0TGlzdD0iIENvcnJlbGF0aW9uQmluZGluZz0iIiBVcmxFbmNvZGU9IlRydWUiIC8+DQogICAgICAgIDxGb3JtUG9zdFBhcmFtZXRlciBOYW1lPSJ1Y01vZGFsUG9wdXAxJENsaWVudFdpZHRoIiBWYWx1ZT0ie3skSElEREVOMS51Y01vZGFsUG9wdXAxJENsaWVudFdpZHRofX0iIFJlY29yZGVkVmFsdWU9IjAiIENvcnJlbGF0aW9uQmluZGluZz0iIiBVcmxFbmNvZGU9IlRydWUiIC8+DQogICAgICAgIDxGb3JtUG9zdFBhcmFtZXRlciBOYW1lPSJ1Y01vZGFsUG9wdXAxJENsaWVudEhlaWdodCIgVmFsdWU9Int7JEhJRERFTjEudWNNb2RhbFBvcHVwMSRDbGllbnRIZWlnaHR9fSIgUmVjb3JkZWRWYWx1ZT0iMCIgQ29ycmVsYXRpb25CaW5kaW5nPSIiIFVybEVuY29kZT0iVHJ1ZSIgLz4NCiAgICAgIDwvRm9ybVBvc3RIdHRwQm9keT4NCiAgICA8L1JlcXVlc3Q+DQogICAgPFJlcXVlc3QgTWV0aG9kPSJQT1NUIiBHdWlkPSIyYzdiNmU3Yi00Y2RjLTRjMWItOGZiYi0xNzU3YmNkMzgwMGQiIFZlcnNpb249IjEuMSIgVXJsPSJodHRwOi8vMTAuMTEuMzYuMTE0OjgwMDcvT3ZlclRpbWUvT3ZlcnRpbWVQcmVPcmRlcl9Nb2RpZnkuYXNweCIgVGhpbmtUaW1lPSI1IiBUaW1lb3V0PSIzMDAiIFBhcnNlRGVwZW5kZW50UmVxdWVzdHM9IlRydWUiIEZvbGxvd1JlZGlyZWN0cz0iVHJ1ZSIgUmVjb3JkUmVzdWx0PSJUcnVlIiBDYWNoZT0iRmFsc2UiIFJlc3BvbnNlVGltZUdvYWw9IjAiIEVuY29kaW5nPSJ1dGYtOCIgRXhwZWN0ZWRIdHRwU3RhdHVzQ29kZT0iMCIgRXhwZWN0ZWRSZXNwb25zZVVybD0iaHR0cDovLzEwLjExLjM2LjExNDo4MDA3L092ZXJUaW1lL092ZXJ0aW1lUHJlT3JkZXIuYXNweCIgUmVwb3J0aW5nTmFtZT0iIiBJZ25vcmVIdHRwU3RhdHVzQ29kZT0iRmFsc2UiPg0KICAgICAgPEV4dHJhY3Rpb25SdWxlcz4NCiAgICAgICAgPEV4dHJhY3Rpb25SdWxlIENsYXNzbmFtZT0iTWljcm9zb2Z0LlZpc3VhbFN0dWRpby5UZXN0VG9vbHMuV2ViVGVzdGluZy5SdWxlcy5FeHRyYWN0SGlkZGVuRmllbGRzLCBNaWNyb3NvZnQuVmlzdWFsU3R1ZGlvLlF1YWxpdHlUb29scy5XZWJUZXN0RnJhbWV3b3JrLCBWZXJzaW9uPTEwLjAuMC4wLCBDdWx0dXJlPW5ldXRyYWwsIFB1YmxpY0tleVRva2VuPWIwM2Y1ZjdmMTFkNTBhM2EiIFZhcmlhYmxlTmFtZT0iMSIgRGlzcGxheU5hbWU9IuaTt+WPlumaseiXj+ashOS9jSIgRGVzY3JpcHRpb249IuaTt+WPluWbnuaHieS4reeahOaJgOaciemaseiXj+ashOS9je+8jOS4puWwh+Wug+WAkeaUvuWcqOa4rOippuWFp+WuueS4reOAgiI+DQogICAgICAgICAgPFJ1bGVQYXJhbWV0ZXJzPg0KICAgICAgICAgICAgPFJ1bGVQYXJhbWV0ZXIgTmFtZT0iUmVxdWlyZWQiIFZhbHVlPSJUcnVlIiAvPg0KICAgICAgICAgICAgPFJ1bGVQYXJhbWV0ZXIgTmFtZT0iSHRtbERlY29kZSIgVmFsdWU9IlRydWUiIC8+DQogICAgICAgICAgPC9SdWxlUGFyYW1ldGVycz4NCiAgICAgICAgPC9FeHRyYWN0aW9uUnVsZT4NCiAgICAgIDwvRXh0cmFjdGlvblJ1bGVzPg0KICAgICAgPENvcnJlbGF0aW9uRXh0cmFjdGlvblJ1bGVzPg0KICAgICAgICA8RXh0cmFjdGlvblJ1bGUgQ2xhc3NuYW1lPSJNaWNyb3NvZnQuVmlzdWFsU3R1ZGlvLlRlc3RUb29scy5XZWJUZXN0aW5nLlJ1bGVzLkV4dHJhY3RGb3JtRmllbGQsIE1pY3Jvc29mdC5WaXN1YWxTdHVkaW8uUXVhbGl0eVRvb2xzLldlYlRlc3RGcmFtZXdvcmssIFZlcnNpb249MTAuMC4wLjAsIEN1bHR1cmU9bmV1dHJhbCwgUHVibGljS2V5VG9rZW49YjAzZjVmN2YxMWQ1MGEzYSIgVmFyaWFibGVOYW1lPSJGb3JtUG9zdFBhcmFtMS5idG5RdWVyeSIgRGlzcGxheU5hbWU9IiIgRGVzY3JpcHRpb249IiI+DQogICAgICAgICAgPFJ1bGVQYXJhbWV0ZXJzPg0KICAgICAgICAgICAgPFJ1bGVQYXJhbWV0ZXIgTmFtZT0iTmFtZSIgVmFsdWU9ImJ0blF1ZXJ5IiAvPg0KICAgICAgICAgICAgPFJ1bGVQYXJhbWV0ZXIgTmFtZT0iSHRtbERlY29kZSIgVmFsdWU9IlRydWUiIC8+DQogICAgICAgICAgICA8UnVsZVBhcmFtZXRlciBOYW1lPSJSZXF1aXJlZCIgVmFsdWU9IkZhbHNlIiAvPg0KICAgICAgICAgICAgPFJ1bGVQYXJhbWV0ZXIgTmFtZT0iSW5kZXgiIFZhbHVlPSIwIiAvPg0KICAgICAgICAgIDwvUnVsZVBhcmFtZXRlcnM+DQogICAgICAgIDwvRXh0cmFjdGlvblJ1bGU+DQogICAgICAgIDxFeHRyYWN0aW9uUnVsZSBDbGFzc25hbWU9Ik1pY3Jvc29mdC5WaXN1YWxTdHVkaW8uVGVzdFRvb2xzLldlYlRlc3RpbmcuUnVsZXMuRXh0cmFjdEZvcm1GaWVsZCwgTWljcm9zb2Z0LlZpc3VhbFN0dWRpby5RdWFsaXR5VG9vbHMuV2ViVGVzdEZyYW1ld29yaywgVmVyc2lvbj0xMC4wLjAuMCwgQ3VsdHVyZT1uZXV0cmFsLCBQdWJsaWNLZXlUb2tlbj1iMDNmNWY3ZjExZDUwYTNhIiBWYXJpYWJsZU5hbWU9IkZvcm1Qb3N0UGFyYW0yLnR4dE9URW1wSUQiIERpc3BsYXlOYW1lPSIiIERlc2NyaXB0aW9uPSIiPg0KICAgICAgICAgIDxSdWxlUGFyYW1ldGVycz4NCiAgICAgICAgICAgIDxSdWxlUGFyYW1ldGVyIE5hbWU9Ik5hbWUiIFZhbHVlPSJ0eHRPVEVtcElEIiAvPg0KICAgICAgICAgICAgPFJ1bGVQYXJhbWV0ZXIgTmFtZT0iSHRtbERlY29kZSIgVmFsdWU9IlRydWUiIC8+DQogICAgICAgICAgICA8UnVsZVBhcmFtZXRlciBOYW1lPSJSZXF1aXJlZCIgVmFsdWU9IkZhbHNlIiAvPg0KICAgICAgICAgICAgPFJ1bGVQYXJhbWV0ZXIgTmFtZT0iSW5kZXgiIFZhbHVlPSIwIiAvPg0KICAgICAgICAgIDwvUnVsZVBhcmFtZXRlcnM+DQogICAgICAgIDwvRXh0cmFjdGlvblJ1bGU+DQogICAgICAgIDxFeHRyYWN0aW9uUnVsZSBDbGFzc25hbWU9Ik1pY3Jvc29mdC5WaXN1YWxTdHVkaW8uVGVzdFRvb2xzLldlYlRlc3RpbmcuUnVsZXMuRXh0cmFjdFRleHQsIE1pY3Jvc29mdC5WaXN1YWxTdHVkaW8uUXVhbGl0eVRvb2xzLldlYlRlc3RGcmFtZXdvcmssIFZlcnNpb249MTAuMC4wLjAsIEN1bHR1cmU9bmV1dHJhbCwgUHVibGljS2V5VG9rZW49YjAzZjVmN2YxMWQ1MGEzYSIgVmFyaWFibGVOYW1lPSJGb3JtUG9zdFBhcmFtMy5kZGxRdWVyeUNvbmRpdGlvbnMiIERpc3BsYXlOYW1lPSIiIERlc2NyaXB0aW9uPSIiPg0KICAgICAgICAgIDxSdWxlUGFyYW1ldGVycz4NCiAgICAgICAgICAgIDxSdWxlUGFyYW1ldGVyIE5hbWU9IlN0YXJ0c1dpdGgiIFZhbHVlPSJzJnF1b3Q7OlsmcXVvdDsiIC8+DQogICAgICAgICAgICA8UnVsZVBhcmFtZXRlciBOYW1lPSJFbmRzV2l0aCIgVmFsdWU9IiZxdW90OywmcXVvdDsxJnF1b3Q7IiAvPg0KICAgICAgICAgICAgPFJ1bGVQYXJhbWV0ZXIgTmFtZT0iSW5kZXgiIFZhbHVlPSIwIiAvPg0KICAgICAgICAgICAgPFJ1bGVQYXJhbWV0ZXIgTmFtZT0iSWdub3JlQ2FzZSIgVmFsdWU9IkZhbHNlIiAvPg0KICAgICAgICAgICAgPFJ1bGVQYXJhbWV0ZXIgTmFtZT0iVXNlUmVndWxhckV4cHJlc3Npb24iIFZhbHVlPSJGYWxzZSIgLz4NCiAgICAgICAgICAgIDxSdWxlUGFyYW1ldGVyIE5hbWU9Ikh0bWxEZWNvZGUiIFZhbHVlPSJUcnVlIiAvPg0KICAgICAgICAgICAgPFJ1bGVQYXJhbWV0ZXIgTmFtZT0iUmVxdWlyZWQiIFZhbHVlPSJGYWxzZSIgLz4NCiAgICAgICAgICA8L1J1bGVQYXJhbWV0ZXJzPg0KICAgICAgICA8L0V4dHJhY3Rpb25SdWxlPg0KICAgICAgICA8RXh0cmFjdGlvblJ1bGUgQ2xhc3NuYW1lPSJNaWNyb3NvZnQuVmlzdWFsU3R1ZGlvLlRlc3RUb29scy5XZWJUZXN0aW5nLlJ1bGVzLkV4dHJhY3RUZXh0LCBNaWNyb3NvZnQuVmlzdWFsU3R1ZGlvLlF1YWxpdHlUb29scy5XZWJUZXN0RnJhbWV3b3JrLCBWZXJzaW9uPTEwLjAuMC4wLCBDdWx0dXJlPW5ldXRyYWwsIFB1YmxpY0tleVRva2VuPWIwM2Y1ZjdmMTFkNTBhM2EiIFZhcmlhYmxlTmFtZT0iRm9ybVBvc3RQYXJhbTQuZGRsT1RTdGF0dXMiIERpc3BsYXlOYW1lPSIiIERlc2NyaXB0aW9uPSIiPg0KICAgICAgICAgIDxSdWxlUGFyYW1ldGVycz4NCiAgICAgICAgICAgIDxSdWxlUGFyYW1ldGVyIE5hbWU9IlN0YXJ0c1dpdGgiIFZhbHVlPSImcXVvdDswJnF1b3Q7LCZxdW90OyIgLz4NCiAgICAgICAgICAgIDxSdWxlUGFyYW1ldGVyIE5hbWU9IkVuZHNXaXRoIiBWYWx1ZT0iJnF1b3Q7LCZxdW90OzImcXVvdDsiIC8+DQogICAgICAgICAgICA8UnVsZVBhcmFtZXRlciBOYW1lPSJJbmRleCIgVmFsdWU9IjAiIC8+DQogICAgICAgICAgICA8UnVsZVBhcmFtZXRlciBOYW1lPSJJZ25vcmVDYXNlIiBWYWx1ZT0iRmFsc2UiIC8+DQogICAgICAgICAgICA8UnVsZVBhcmFtZXRlciBOYW1lPSJVc2VSZWd1bGFyRXhwcmVzc2lvbiIgVmFsdWU9IkZhbHNlIiAvPg0KICAgICAgICAgICAgPFJ1bGVQYXJhbWV0ZXIgTmFtZT0iSHRtbERlY29kZSIgVmFsdWU9IlRydWUiIC8+DQogICAgICAgICAgICA8UnVsZVBhcmFtZXRlciBOYW1lPSJSZXF1aXJlZCIgVmFsdWU9IkZhbHNlIiAvPg0KICAgICAgICAgIDwvUnVsZVBhcmFtZXRlcnM+DQogICAgICAgIDwvRXh0cmFjdGlvblJ1bGU+DQogICAgICA8L0NvcnJlbGF0aW9uRXh0cmFjdGlvblJ1bGVzPg0KICAgICAgPFF1ZXJ5U3RyaW5nUGFyYW1ldGVycz4NCiAgICAgICAgPFF1ZXJ5U3RyaW5nUGFyYW1ldGVyIE5hbWU9Ik9UQ29tcElEIiBWYWx1ZT0iU1BIQksxIiBSZWNvcmRlZFZhbHVlPSJTUEhCSzEiIENvcnJlbGF0aW9uQmluZGluZz0ie3tRdWVyeVN0cmluZ1BhcmFtMS5PVENvbXBJRH19IiBVcmxFbmNvZGU9IkZhbHNlIiBVc2VUb0dyb3VwUmVzdWx0cz0iRmFsc2UiIC8+DQogICAgICAgIDxRdWVyeVN0cmluZ1BhcmFtZXRlciBOYW1lPSJPVEVtcElEIiBWYWx1ZT0iMTAyMDk5IiBSZWNvcmRlZFZhbHVlPSIxMDIwOTkiIENvcnJlbGF0aW9uQmluZGluZz0ie3tRdWVyeVN0cmluZ1BhcmFtMi5PVEVtcElEfX0iIFVybEVuY29kZT0iRmFsc2UiIFVzZVRvR3JvdXBSZXN1bHRzPSJGYWxzZSIgLz4NCiAgICAgICAgPFF1ZXJ5U3RyaW5nUGFyYW1ldGVyIE5hbWU9Ik9UU3RhcnREYXRlIiBWYWx1ZT0iMjAxNyUyZjA0JTJmMTYiIFJlY29yZGVkVmFsdWU9IjIwMTclMmYwNCUyZjE2IiBDb3JyZWxhdGlvbkJpbmRpbmc9Int7UXVlcnlTdHJpbmdQYXJhbTMuT1RTdGFydERhdGV9fSIgVXJsRW5jb2RlPSJGYWxzZSIgVXNlVG9Hcm91cFJlc3VsdHM9IkZhbHNlIiAvPg0KICAgICAgICA8UXVlcnlTdHJpbmdQYXJhbWV0ZXIgTmFtZT0iT1RFbmREYXRlIiBWYWx1ZT0iMjAxNyUyZjA0JTJmMTYiIFJlY29yZGVkVmFsdWU9IjIwMTclMmYwNCUyZjE2IiBDb3JyZWxhdGlvbkJpbmRpbmc9Int7UXVlcnlTdHJpbmdQYXJhbTQuT1RFbmREYXRlfX0iIFVybEVuY29kZT0iRmFsc2UiIFVzZVRvR3JvdXBSZXN1bHRzPSJGYWxzZSIgLz4NCiAgICAgICAgPFF1ZXJ5U3RyaW5nUGFyYW1ldGVyIE5hbWU9Ik9UU3RhcnRUaW1lIiBWYWx1ZT0iMjIwMCIgUmVjb3JkZWRWYWx1ZT0iMjIwMCIgQ29ycmVsYXRpb25CaW5kaW5nPSJ7e1F1ZXJ5U3RyaW5nUGFyYW01Lk9UU3RhcnRUaW1lfX0iIFVybEVuY29kZT0iRmFsc2UiIFVzZVRvR3JvdXBSZXN1bHRzPSJGYWxzZSIgLz4NCiAgICAgICAgPFF1ZXJ5U3RyaW5nUGFyYW1ldGVyIE5hbWU9Ik9URW5kVGltZSIgVmFsdWU9IjIzMDAiIFJlY29yZGVkVmFsdWU9IjIzMDAiIENvcnJlbGF0aW9uQmluZGluZz0ie3tRdWVyeVN0cmluZ1BhcmFtNi5PVEVuZFRpbWV9fSIgVXJsRW5jb2RlPSJGYWxzZSIgVXNlVG9Hcm91cFJlc3VsdHM9IkZhbHNlIiAvPg0KICAgICAgICA8UXVlcnlTdHJpbmdQYXJhbWV0ZXIgTmFtZT0iT1RUeG5JRCIgVmFsdWU9IlNQSEJLMTEwMjA5OTIwMTcwNDE2MDIiIFJlY29yZGVkVmFsdWU9IlNQSEJLMTEwMjA5OTIwMTcwNDE2MDIiIENvcnJlbGF0aW9uQmluZGluZz0ie3tRdWVyeVN0cmluZ1BhcmFtNy5PVFR4bklEfX0iIFVybEVuY29kZT0iRmFsc2UiIFVzZVRvR3JvdXBSZXN1bHRzPSJGYWxzZSIgLz4NCiAgICAgICAgPFF1ZXJ5U3RyaW5nUGFyYW1ldGVyIE5hbWU9Ik9URm9ybU5PIiBWYWx1ZT0iMjAxNzA0MTcwMjEwMjA5OSIgUmVjb3JkZWRWYWx1ZT0iMjAxNzA0MTcwMjEwMjA5OSIgQ29ycmVsYXRpb25CaW5kaW5nPSJ7e1F1ZXJ5U3RyaW5nUGFyYW04Lk9URm9ybU5PfX0iIFVybEVuY29kZT0iRmFsc2UiIFVzZVRvR3JvdXBSZXN1bHRzPSJGYWxzZSIgLz4NCiAgICAgIDwvUXVlcnlTdHJpbmdQYXJhbWV0ZXJzPg0KICAgICAgPEZvcm1Qb3N0SHR0cEJvZHk+DQogICAgICAgIDxGb3JtUG9zdFBhcmFtZXRlciBOYW1lPSJUb29sa2l0U2NyaXB0TWFuYWdlcjFfSGlkZGVuRmllbGQiIFZhbHVlPSI7O0FqYXhDb250cm9sVG9vbGtpdCwgVmVyc2lvbj00LjEuNy42MDcsIEN1bHR1cmU9bmV1dHJhbCwgUHVibGljS2V5VG9rZW49MjhmMDFiMGU4NGI2ZDUzZTp6aC1IYW50OjdiOTVlZDFhLTZhM2YtNDFkZC1iYzViLTYzZjM5ZWRiYzRiNDpkZTFmZWFiMjpmY2YwZTk5MzpmMmM4ZTcwODo3MjBhNTJiZjpmOWNlYzliYzo1ODllYWEzMDo2OTgxMjljZjpmYjliNGM1NzpjY2I5NmNmOTo4YWQxODEwMTphNjdjMjcwMDo4NjEzYWVhNzozMjAyYTVhMjphYjA5ZTNmZTo4NzEwNGI3YzpiZTZmYjI5OCIgUmVjb3JkZWRWYWx1ZT0iOztBamF4Q29udHJvbFRvb2xraXQsIFZlcnNpb249NC4xLjcuNjA3LCBDdWx0dXJlPW5ldXRyYWwsIFB1YmxpY0tleVRva2VuPTI4ZjAxYjBlODRiNmQ1M2U6emgtSGFudDo3Yjk1ZWQxYS02YTNmLTQxZGQtYmM1Yi02M2YzOWVkYmM0YjQ6ZGUxZmVhYjI6ZmNmMGU5OTM6ZjJjOGU3MDg6NzIwYTUyYmY6ZjljZWM5YmM6NTg5ZWFhMzA6Njk4MTI5Y2Y6ZmI5YjRjNTc6Y2NiOTZjZjk6OGFkMTgxMDE6YTY3YzI3MDA6ODYxM2FlYTc6MzIwMmE1YTI6YWIwOWUzZmU6ODcxMDRiN2M6YmU2ZmIyOTgiIENvcnJlbGF0aW9uQmluZGluZz0iIiBVcmxFbmNvZGU9IlRydWUiIC8+DQogICAgICAgIDxGb3JtUG9zdFBhcmFtZXRlciBOYW1lPSJfX0VWRU5UVEFSR0VUIiBWYWx1ZT0ie3skSElEREVOMS5fX0VWRU5UVEFSR0VUfX0iIFJlY29yZGVkVmFsdWU9IiIgQ29ycmVsYXRpb25CaW5kaW5nPSIiIFVybEVuY29kZT0iVHJ1ZSIgLz4NCiAgICAgICAgPEZvcm1Qb3N0UGFyYW1ldGVyIE5hbWU9Il9fRVZFTlRBUkdVTUVOVCIgVmFsdWU9Int7JEhJRERFTjEuX19FVkVOVEFSR1VNRU5UfX0iIFJlY29yZGVkVmFsdWU9IiIgQ29ycmVsYXRpb25CaW5kaW5nPSIiIFVybEVuY29kZT0iVHJ1ZSIgLz4NCiAgICAgICAgPEZvcm1Qb3N0UGFyYW1ldGVyIE5hbWU9Il9fTEFTVEZPQ1VTIiBWYWx1ZT0ie3skSElEREVOMS5fX0xBU1RGT0NVU319IiBSZWNvcmRlZFZhbHVlPSIiIENvcnJlbGF0aW9uQmluZGluZz0iIiBVcmxFbmNvZGU9IlRydWUiIC8+DQogICAgICAgIDxGb3JtUG9zdFBhcmFtZXRlciBOYW1lPSJfX1ZTVEFURSIgVmFsdWU9Int7JEhJRERFTjEuX19WU1RBVEV9fSIgUmVjb3JkZWRWYWx1ZT0iQVIrTENBQUFBQUFBQkFEdEdtdHpHOVhWdXJiOGloT25tY1loVFNwdG5JTGp3Wkwyb1ljdDI2SzI0MkEzY1dRaWtUQVRHTTFLOTFwYXZOb1Z1eXZiR29hcGFRbWtDU2xoZURVTkxXVkt5cXRKMHpJRkV3THRUK2gwK3FIZmEvbnhxVCtCbnJ1N2VsaTJJZENJYVR2ZGpLVzk1NTU3enIzbmZhN3l1YVB6SG9mVGxVaU1xWXFocWJKK2lqeVJselF5cmVyR3FKaWFQVTRLaVVTWHc3a2psWm1kSXFKOFRCYlRuYzUycmovRUJnUCtmaTdZMmRYbmFza1NYUmZUaExoNkV0UHdQYWxQaVpKaXdGOHNCVFJsSUNZWmtxcEVsUkxadEtzOUVZMlBLL2lvYUJCbk84OXlJUi9yOTNGQlYzTmlQSnViUE9wczVsaWVIUmh3ZFFCZXpCQTFJeTVsaWJPSjUxblcxWkxRUkdVV2tCRGI3OXByczN3b1Q3UkN6TkFrSlgxQ1RXZGNyYkF3dnFBQVZsZHNlbUwwT0djUnBLeFlQeGRrQlpkVE5JeFV4dWsxaUc1WWt4d25ZREVnem5pRUZCZnkrREVPZXZvREpPbkJYSkpMc242Y0pQMUIxeTZiNFRGVnk1cWNkaVRPcU5wc1RESUlNR3NNd0FaYjZTSE1vKzNuZ0tVdjZPTllabm5wUXZIU2VZYmp3eXdiTmsrQmpXbFJFL21sZ3cyT2hvYUd6K0doMy9UcFFQQnhNbGJRRFpMMUFpR3hqemxOTkIxa09PejNzdlJmSHpPV2w0MjhSb1lWa2pjMFVlNWpwdk5KV1VxQnh1THFMRkdHazZHUUdFZ0ZndHlBNENkcy80Q1RFdDliUmRQOGlJdEptVFRDelA3eXlIdUtaRlVENUdpemJIc2tLOGRTR1pJVmQ4RGJVV2xtNWtGTnpEWTZITHRzWWpZZTNYTWJKZFhjQkI4Zjd4bDZZQ0VyTTNQMnZyczVMOXZORUNXbFlpQTkzSjAzWmp4Y3NQdUJ5TTcyb1FVOXJKc01HRmloNk1QZDNkWkxlQUhlTTRhUkMvdDg4L1B6M25uQnEycHBIOWdBNTN0azZvUzFxUkp1VnNkd0FpQ3NLVFkxM1pPVndBQjFkY2J3cE5Sc0dQQThGbFkzY0dVWXlwZklKRXNVZzFIRUxCbnVOcy9QV2JQV1BLekx5V1FoWHNnUkcyckJkZkFUT0V3RnVCVzVFVHducHNnb1NVdEtOMk1BaWVGdXV0UTAwbTdHMmtvWWpEdE5qSk93UU04Qk5qMThWbEtpcVZSZWc5T0R6SHhmeWdQMkFiNVVOeFpIU1VvR1E2VXVYTit6SEJVTEo2U3NaRXlvZWUza044SmxvdTVjYU1Tc0c1TXBpTnFaOG1HK0FUWjFQVTAwUHBYWGpiRU1TYzNXa1lkNUR0Qk92Vm5VVi9HUWkybEdySitYbERqVXowTWdSNTR5ODNqZE9Kd1daUW5YbWNjSWZoeU10czVNWWlJRTRFSlVHNkc4Nm55VVNXV09pbzJXTDNlRjA1QnZjN28wWWJXcDFRVGFPOW9tUHh0bVdTWEdpRkhleWFSdVEyQld5NU15bkphZzVaS21uTmxMc3cvclpDeXZhVUQ1aEpvU0tZSzUrQTRTZnlxalNpbFNjOXFzdUZBYTVaV2ttbGN3d1JVWjNNbHBMU21aWlV1azJRbjEwMTliaGpDVVdta3RiSDJKMmE5VDU5aHJMQkpmdHFiRXlETm5sMEJERlhtWGptTEprYkczSnVHU1pDdWkxZFQ1cUlhSlpnckd4c3VJK2xoR1ZOSUVCQ1FwT3RFTWtFOUZyRlYxVW1SZ1lNaFhQZDZBWkJVNkVaNjFjT3hoR2FXMlVER0piUUpXMEt2TGpZZ2ZVRGNBdHNTYmlIRDhSc1NKellnMDlFZllDcG81TG1OdFROb1JmM0RJVndQYUFyVkVzZ1pTeHF6S25SU3RlbGlGVThwOWtSQkZLWTlxTVV6U1hCbWxadnVsMUJNUjZIN0tvMDBJRTVGZ0ZVS1ZtTXFCUDhLQmZpcWpNa0pWM0k1d0lKN3FjWlU5VkFLdlNXZ0RvSXkySVhUU1EyMEUxSkNyQ240UnN5dmxlSi9BbG1oWHo1WmMyekovMjZVMytNdVFyOGFCSTAyME82cnBtbWl2MUp5WUVoOVhOZmlTRlBvMW1wZGszSlk0UmVZa2lrSTd3bFo0a04wZGZtNC9PMXh0ME9UU1B2UmsxTG5iN214RExGL2JPbTlxc3UzbTIyNnBCV2hHS2FFeDFlcThyWFlaUUNPR0lhWXlBUHFxTFhJejVVeWVjRG9FMXlHN1d4N0pHK3BJTGljWHhyTkpnaWxzVE5mSFpGSFgwNjdPMHEwQm9lRTZEWkNtUkl3c09CMThGMEtObmJnckFwK2RYUWg2L1JOU09tT01xZ3VqR2hGbnh4VXFlNXpCWFdnR3NKcVF3OFJxT1ExU2c0a014c2hwUXByaVpNRnc3bDFmZkhyMTVxZkxTOWYvZWZ2NXRmY3ZycjV6cWZqWjg0QzAwMFRhR1ZYR1pBbWlNWHltWnAydk9iQ2F5dFBvN0lWTU4yNEY2dEhDSkQ3U2swK1Z0cEhBMGx6cGZWck5qYXE0ME5QcjFZMENkTkZZMG5PeVdCanU2Um44NnBTaTBEYkQ0aTJKWWJTUGJ0aDlqN05qNWViUzJ1OHZyMTlZWEh1VEh1U0FEZTljdm5XcmVPSHEyZ2ZQcmR5NnZIYmxGWmh5bDZiV1huMXYvZHh2VjMvelF2SDh1NnR2dndoVGgrMHArOG9GSVBmYWtKYTFENjlFaTR2dkFxalhCdTIya1A2eHVGaVo4M1R1eGpDTEhBaDFvZDBZcCtsZkY0d3c4cG5MOXFVQmk0UFhKcURRWHZFcmF5SUVFKzJ1SFFscXB0U1lSY1BaVVlEblVkL1UxS00rak1GY3kyYmMzUEJuNmZtcmYvdExLNzFqc2E2UEFEVGE1TDcrOTFZZ01hbWZJaUtPS25LQlhnREZWUlZDVDg3cE9idit5UzlYWHJyd0dGTjg4WGJ4aGZkWFhydTJjdlZaTUlLejYxZXZtUENWcFhQclY5NHFubnU3ZU9Oank1QXdQVS9uYnZydGFsR1ZsR2tUOFljTlNVNk1aV1pCU1hFMW5aYUphV3FTTEJrRnFreTZIWE9yaVZSbXRqTFYwOGRzbUFSVjB5Z3hBamJjMHd2NnhBaFJBM1NhcW5hNlFmV0dCRVdKQjJKTldna2JhbTV3cmt3clBHamJlV3RabEpaUGQxQVBxOXl2N1I0VDh6clJ6Y2hwNXI2MHErWHJ5UU4yMXE0cU9DbGJNdGhsWkNUZEMzRXdUMHhyQk5mc2FuWTFiNm00dGsxNm0zQzExS2h0QXFOQmFnRHU3MnhjN0Q1UTFyWDdZRm5IN3U5bTNLNS9WNkZ1dDNQNkRqUUpHOTFPajNScWF5MjZtYStwUVBlaHRMczc3VDc4bGJYai90N1dPbkhmV3lQUSs4cEtjUGRVU2Y4QjZwZVFMQ2IxV0t3VVVVSE1XMG50aSswL0dxY0paUnY3cjU3Y0xMbkdPNVJjczdrWk9Cc1ZGcjE1UFVRSmpkS0NPNDEzNzkzZkJtRjkvZW1sbFplZVF5eUxXQTZ4UEdJRnhQb1JHMEJzRUxFaHhQWWpkZ0J4TE9JNHhQR0lFeERuUjF3QWNVSEVoUkRYajdnQnhMT0k1eERQSTE2b0I4MXYzOSs0UDczZEEzRnpIODFibFdPNmUrblpodS8rUGhEdlIzd0E4VUhFaHhEZmovZ0JKTEJJNEpEQUkwRkFnaDhKQVNRRWtSQkNRajhTQnBDZlJYNE8rWG5rRjVEZmovd0I1QThpZndqNSs1Ri9BQVZZRk9CUWdFY0JBUVg4S0JCQWdTQUtoRkNnSHdVRy90djNEem9iM2xabmQvS0FYaDBZdFVHcXhGME5HSTFVRXVPNG1SaVBiT2QwWHh5cUxML2FNbFJWcHU2V3cxbVcrRC9pWmZmODM4dis0L1ovdDczc3dZcVhIYmNMMkViT3k4SXdhZzBKdkQ1RXJRQ3FQTE5icHUwRWRaQXpkclhxWUduRll2Y1pHSjJ0RUh6TWVnTmZSZlpiSysxQ29CV3hHRlhsZHNCMlZFODVQR2ExVUF0cHJJYlkreFJORTNYdG92NTdtaWI0WXhLUnNiTnBUTVhFdGRPODRJTGV4Z0syVWVBWXZaU3pqTGxqRDVUcEhzWlROZ2w0NzFnL2Q2bDQrWHp4NXZtVk44ODNGODk5dVB6SnE4MHJyLzk0N2ZyTjV1TGk3ZFVYcm5jVlA3Z0pOWWR2NWZYenhWdXZ3TnZxSHk4WGx6N29nTC9peFN2UVRheGVmbmJQMm5QdlFjdXg4c2ExbFY4dExYLzYrc3ExNjN1S2Izd0VvT1hQTHRLSmE5Y0JkNCtGdlByZTA2dFhiaS9mdXJqOHlZY2RNTGwyL3RMYXIzK3gvS2NiVHJPdDNOdmhZQjFnaWF5RGR3Z092eVBnQ0RwQ2puN0hRRE1FTUpibHdDWTZxbFVNUWlFZ280T3VBOUExTDV3Z1N0ckluS1F5Z0NaTHR6cTR5YU1FeXY5SkdCRlJ5NWl2NW16R3RTdEJ4UlhMU0RQR2NVbkJPM3AvR0lPV2UxcE1lYytRNVBoQ1RpTzY3b1ZHT0tzcVhocDM3OStBM3Nkc2kxMzVnVGJrRmJ3QzUrVysvQmRhSlMvTERhNkRpYVBRM0kwckJ0RUlQcU5xV0k4bUg2K2NvejF4QmdwT2JVclVaZ24wNUxURFNRUHJqRmtKRTdOdUcwa1owaHlabkJwUEEwS3ByYVlySjBzLzUyZGNleEpXRHg1WEg4N2xpRFltNmlSak5relRnRHNQWExmTVBZOStZZTR4Rm94b0hCb3VYVldtU0ZiZG5JRnFFYmJOUThFWldSV05zRXhtakVHNzFRMUxpaXdweEpPVTFkVHNZRTdFOUdmak1Mc3hQYlZhbGJTcnRkTDJPYzlJMk1nY3NHNUtDdCtuUDNxN1dpdENhVW9jaW8yaUh5R3JyWnNsaFh6TytUTmsxcytHWk1obS9Tek5NRWNxRmJWWE5rMk1pUXd6UE1zeTk5M0hWT2FZUThOTVQwL3ZrMHc3VXcwZHJocDQ5WHpTdWp3L3d2WlJDcjJEVFB0VGcrMXpvc2FvOFFVRGtMZTlIcWlWbnl3bXFmd2VBdW4ybXJzMENjQWVxQ1gxUGtsSFhrbFJpRWF0RmdoYi94M0NPMlAyWmtkK0VFdE02V25UMmlhVlhONEE3ekhOclkvWmRGaDdvMDloOCtLbHlUMjRRWjd1WWJTSXpNc1Z5MXFzZ0xYdmJQR3R0NHUvZTMvOXA2OFdiL3o4c2VKSGZ5aSs4c2JxeSsrWUNuN1pVZElndytjV0dJNkZqOUxMSUpOU1pWVUxIMlpaZHBCSjB2WlZveFY5bURsODdOaDQvMGh3a0psUkZjTXpUK2o5U0poSnFqSUdQSlZlTW9jWkRxam9LblM1REFZWFNXdGlZWkNaejBnRzhaaS9USVFaUlozWHhGeHBnVWNUc1pUWHc0d0FqREZxcWNUeldmc2MzenF5ZXZWRzhTZVhWcDk1Yy8zS014Q3plbUZTTGNWcFB3ejBVb2oyZTBNd25DOE5XYThBd3ljclF4ckF6MWsrMWRScHVoVGozRm15YjBWVnlDRCtGeG9sQkhxQkl3QUEiIENvcnJlbGF0aW9uQmluZGluZz0iIiBVcmxFbmNvZGU9IlRydWUiIC8+DQogICAgICAgIDxGb3JtUG9zdFBhcmFtZXRlciBOYW1lPSJfX1ZJRVdTVEFURSIgVmFsdWU9Int7JEhJRERFTjEuX19WSUVXU1RBVEV9fSIgUmVjb3JkZWRWYWx1ZT0iIiBDb3JyZWxhdGlvbkJpbmRpbmc9IiIgVXJsRW5jb2RlPSJUcnVlIiAvPg0KICAgICAgICA8Rm9ybVBvc3RQYXJhbWV0ZXIgTmFtZT0iX19TQ1JPTExQT1NJVElPTlgiIFZhbHVlPSJ7eyRISURERU4xLl9fU0NST0xMUE9TSVRJT05YfX0iIFJlY29yZGVkVmFsdWU9IjAiIENvcnJlbGF0aW9uQmluZGluZz0iIiBVcmxFbmNvZGU9IlRydWUiIC8+DQogICAgICAgIDxGb3JtUG9zdFBhcmFtZXRlciBOYW1lPSJfX1NDUk9MTFBPU0lUSU9OWSIgVmFsdWU9Int7JEhJRERFTjEuX19TQ1JPTExQT1NJVElPTll9fSIgUmVjb3JkZWRWYWx1ZT0iMCIgQ29ycmVsYXRpb25CaW5kaW5nPSIiIFVybEVuY29kZT0iVHJ1ZSIgLz4NCiAgICAgICAgPEZvcm1Qb3N0UGFyYW1ldGVyIE5hbWU9Il9fRVZFTlRWQUxJREFUSU9OIiBWYWx1ZT0ie3skSElEREVOMS5fX0VWRU5UVkFMSURBVElPTn19IiBSZWNvcmRlZFZhbHVlPSIvd0VkQU5vQnIxVnc5YUdCQzNyM2pLOUx4d3BtRDZWNzgzMXFGbzlSRzBZcThXYmZBK2VoNCtlbVo0K3ArSFlmbTc3TDlKN29EL2hwdnVYbk43TmxvTjJ0RDA1YUNqem1sdGFVTTdhRUFOK2c5Y1AvbTEweno3NVBPRWN2Q2s5RnBjclNxRy9FK1dLZWlYUlZqRFFScTM2WU40VnpUWFhjZG8wS1lvOWZDMUlnd20rV25Dcko0WTRzK1gzaTdicFdaSktxbGVqMWxNWHlXR2lNZi9kc3RzZCt6ZHl0SWhxTXZaMUV5WE1BbHoyd0NteXN3N2ZmWGhOaVhEc0F4UWNMR3NWZzBEZjRadmd5NzYyNmpwS0g1MWNrYXVLU1g2UVBCYVVlMzZVRXVXand5cHJZN1lRbmhYb3VHQkt1QWhtdlhoM2VEc3FTekQvY3V3V2MzMU0yYlNvSVVmMUVxMUpETzdjSkFHdXJ0amtzT1NpZEJmdFZJVVZxNUpWZDdnY3I2Z0VvQU5IUGZaSm0vSGo4VWQ2VFhwMVVHSm1aN3R2cHh3VmtLVUY2dlB4alNJWEZuL3Zpazh3cTd0K05oVDhEUHlBVEpndkZEM0s1VSt2eG9DeExpVXFjN25oVlVXdGprdjdCZkFlYkpnaWxFRU5wRW5McTVncjg5Mm5lUmFNaHU2VXA0OE9kWVBEcUxSU1hYamdKcTZlUkxTRndaSGpDMVBqQSswUldxdDhkbFhIY2xYV0RRWU1yUzdPL2FOZHV4TFVlN3hwaFQveXhBZUQyVStWanJMa3AybUZTSWFhQ2VCdzlIRnRDeFBQMVB5NENEUXRLT21hME5aZldRZHdWS3FDL2t4VEtBbFFLU3duNjBXdzd6ZEFZbk9PVkRkR0hOL1RyNWJnS1A2WndaLzhNUWNGZURzZENKR2Rld3lrNUdzSE9xMDJMdDRURXJHQzI5SEJ5S1ZQMVMxcHAwMElDNmYvNi95T3pUWkFFeEljMDB0ck5oRlJYMW44T0hTS1JHSDNLaDZLMUtzMnhIOE9jLzRRd2JsaFpiTll4amJSWVI2TGlEZkp0WXZJbldYVG5BR1pwSlk0elRKaTFnNlMxMU00QXlWUGlvZnR4TWYxTkk4Y1BDbEtKSXYzNmhsYVBoVXVrN3luTHFKSTFOVHFuVkpGYllJWlJRMVdFQWdjbGhmallhM25EL2lVbXBScVZEbWtzejdlTDlZL3pnQkg0Z0hMZThZMlp5Q3A2Wm11d0VyU0w2Yk94blZKMng3S3ZhWGNVMnZYM1NzSkxkUC9mZnhXVElGdGNydERhNjdzdHJmazc0YktMUFNoZ2p3czlLZjIvVFFNc0NENWpZU0RFYTkybjBhamcxV2JFRFpEelZHLzB3L1Vuc3BJb1ZtZTZNRjVMN0UrQVBCVFFIQ0pxekh1QitXRzJ6SkpmQVZxZ3BVak0xZUZ0eEhQMGVRWGFPZjZ6MDNqVmdIT1ZjbGJjWUowZFpRL2ZBYjJMaE5aSmprZnlvQ3JqaW52UlgrYzl2N1NiQUlRRC9uZDVoNnNPUTgzVW1maGY2Yk1wdDU0YWluTGxMYzZTTSszZDVqSFlybndLVG1OeFBQYVdzdkxtZmh4MExod25DWEdsQm9Mc0twZ3VEcEx6UWhmK2wvbUwxK3lmalVTenFGdXg3a0hqS3dYQnpFaHh4ZjBrZFozblhyUnBWVllKSkc1THVzNEY4V2JWdEl1a3Nxd2xFL3duT3kyWXlod3lNTmVzUTY0SzNTNFVtY1RSb2dkcE8xQXJPaTNTelVFWmg3dXpWdXFZanIxZDN6a2d0SGpwVHpoQW9ZWmlWTzVXWXQ5M1puaHVWWExZZ1RtUEJObTc5SXM3dzFYNVRxNjBManNiVnZiOENQTk1QQ0JsTnlHZzV0bHZpVFBscEdlUk5zbEJLVys0TEJYRTZBRTZFb1cxTER3bHVJVjlxejVKS1BaZUpHd1lORGE1VFZYdXB1ekV2clZEYmxEYnU3MUJnZEd2UXdxK3AxMVNjWU1NTGdrb1YwNU9YbHZvbGt0akxTRUdySVM2Vzh5VkhHalNzaDRHT3VqYTd4VGhTWEFWdkFyN0NJMGNDY1lKSit5NDV1R0twMnhNSEVDc01xZFVCVFZLUXNBbmlDOXNaQ0J5RXlBaEEra3lzVTk2SEM4SUlUTWRqdFFuaHBnUkJHemtSK0RzMVV5V2VuZnBxLzQ1aWhIUW5ValIyUGErRm9xSlBsdUhKWFlBY0w1ZGlmNHI2cVFaREd5VzdCSzlPM0x2Y2Jmemp3TUJmMnF4OTlUWWtKYW54aGxkbjVSSHFzZEpCVGxGVENlSXFKaWxsTlA5WCthSjc3dHo1bjV1Lzh3MDZOTHhjaThRNDd2VXpjYlkvL29qL1Bmb0xCaDc4RWgvZnJDaXFWTk5tM2FHU3d3cG1FQ3Z3RW9URURZZ0x2Q1M5R3ZsbEQzVm95UVVjUEorSXZOYk4xMzFnVkJGQWZhWWFXcXhWK0FrS3hKN3BSWmZqWXRvbXp5bEs5RUNzakFkUzRPNW5qNHhaaWJmR21Pb1JMamxMZThaS3Z5UmRpaUh2WVVqdHVLT3dQS1FPS2NZbEVGajlmNmhRRVZ3ZDhwNG84WWZyQXRRYzJJeitQS1hHdUNtV0VZdHV6b2dnSVBPdjJHaU8zcE1qR29KTGFOQVRVT2d1eTRucGhGN0g3U1N3S1NqRSsyT0QyRW41SFBpbFpVckQ5Z2tYdkdpZ2VYaUU1YVlHeGNqZFIrbUxkQ1A4dksrU1NOUkU0c0NtWXVxWU90NGlRcGpBUDYwa3dhOGF2RGRkVjBpbFJicDZzMjVESHpzY2ZhQUpKQmw0ZEpzRzJpbHovVGZRY3hyK0xXYWpmdWt4TVNkOU9tS1B3RUtqMVBiMkRiNHRIdlVtak9TemRDUTN2RWtlOWFua1I2L3JyTGhmMjF4U1diOGl5a0l1Skd4K3ZVOUlxTlRiNUNuUVZTdzJNbU1QT29uN0JoWkhPUlBFRERrc0R4ZCtpV0c2dlUrQ3RJNVVaQ3JUVlRxc0NWU2pVYWhOUVIrcEpoMXpIOVJjeDV1OWJ6S3U3c3V4clZZUU5ROTdhbS9QTzVyZG5VYWxuMTZIczNHcGV3eERrTW5Fb3ErSGM3em9lZzJpODd0Z3BEeS92L011UTZvRXFid0ErOVZNRDJVUnB2S0lROGxJemk4UXVQM2pXZkNDOGtTYXFhL2pjK0VFTHBOb21ua3hQa1kyRXpIUjVGczc5MW9ybG9WR2h1MFRYaEMzeWlRQytYL2FuZmFXREJsd25LNEwxYUJkN3JLMEJra3VPOGdjNUFVbWh1WFFRTWtTVmhIa2lIUzZtYTBzanoxS28vbzVMQTE3UmFjZlhhN24yMWdtVXdDS0taL3V5Y25WYk45UTc2SHViRDFBcXZxWWRRNys4ZkYwcGVoQ1A0WUNuRThBQzNEMlkzOVVIZjg0MW1FVS96ZTJwUm5LUHBaRlRwTnA1YVhQYlZaNWYrNEcwR0thMjBRcUlsZFZWR3BQRGhXcHpMRWFyQTVkdmlvT2VCaFlBN1lRd2FBaG04dWxKT00yaFJjcUxDOSsyVm40Q2J6cGs4VG1mSTNqYzh4N3hDbzBOWGE3ZEcrR1Q5ZmVSVXlMdVl6ejRHYURYeWVTU2NUSGc3a0sxczd4eXRLTVVibnZyRW00V2dnZkdvbk50TkxneXFVdnVvZ2hWTnUrMm1hb1RmNWVabDBxZVNOaklmSHZjN2hFcllSR3ExTGpWY09semlLWGhxZTV3SEJUNHVjaWdScUM2akJsdzlpOEZZbzdRejIwQmFkc0Rrc2o4K0pxZmd2S3QxNkl6SndzcCs3YVJMNktUSmdEQW5qN3pXN0pENEh3aXI1Vzg3NGZjdGpOait6dFdlTm1HTk50OUo0MDVXL3hoeUd5Q1h0WnRUcU1kNFgyb3BveXBWVncrVGovQlRXamVwMkhLY0phRUR4cjIzQWNyL0M0TGhzM3VwOUVTMk5KTGFQNytaam5ZQXZLeHBkc09wL1M2U3F6R1M3Zmovc1k4ODFsUlJpMEtzUzlwVzNHQWJQQ1Q5TFlSNGdCSHoxdUNqcWtYakp2N0g5Tml2ZzFuQzY5cXRTalNjNzlQVXVuNFBweTlKSkErbFp4RFIvMTA2QURHcVFLdTVhQSt1S1dsQnJVRjE5eFRzSGZkZ1lxcktOWHNmcW13bk5ibmE4bHJRUzhBcDlJalJMRVVpbFlOUWdDSVNlVWZnQ1g4MGdVam1ReFhyYWlHdDYwcE8wNzRMc1FMK2l4T1J5L3B4RllhanJmTXZUMFUxV0M4Y0pjUkVMb3J4MC9nSlNqKzFTNEViemRzdHM0TnJ0azVrR09YbEtrdHlldytrTnFTZGp2MFVGZWJlVGhCNVdpNkpWdXRQSTJxYkx1UDBDTURoQ3dydlZXZklzbHpSWk1peXBPbDJzN2dNZDkwSzRJRVQ5dmlxT1BkRmhwQ29MdG5HNGkydWtmKzJTSjZOVUVGdXBKNnFvNUluejdJY2xRNmZrZjVqQ3BhNWY5NjE5ZzhCcTFiNW1GN2VpYTVzbGQxMGhrZ01xNXUvVU1NOWR1WHZmVVFicFdwSWd3M2ZteWhGcnlQTVdXdHcrb2RDcU0vTG5ZQUpHSFlWL2V1aVZwYkdoakxFVEdzQmFFN0lsSkJXOGxzM0t1QU81dE44YituU0tnNDVRZ29aNmxxRFVZVWp2SXdsdGJIQmFuZzcyUE14MVVzb3U1MWo4dGwreWpEZXY3cythaFkyUUdtRU1rN0o3UmloQ3d3Y3JTU0VnbWZ0bEFTb0ZjZUhURUpteXZSa3lhSXFlcnhUUTlPakdZR2JNSFRlT3BsODYzbEJRT0tBZVZnTlFMM1N2Mmc5RUwrQjE3dFczRUE1YmVzQVBxU2dFSmJuUThVMjJkcGUvemdxczBKR3U1NnNXcGtnUjJMWEh6QkVaeG02R25qSml6TWdPNDhVcnBwNE5mYVJnc1FJU0w2cHFGNmIwZWlFUlR0VFJXVHdIMWlreW53MWF2QklMck9DWTVod01ySUdNUHd6Q2Y5OHB1eXVpWmVURk1ua2FIa2lsdXhpUHJ0ZVN5ZWk2azlqZDdiZTE5bnNtM00zby9wZUVURkdXWDhSKzZ0Q0k3bTRveDV3UGhsNmh0V1ZOamdRc0RWYnhmRlFrUFRkZCt5ejVNc0pPMGE5bElqWHVhSVQvSHJ4b2VQTEMyMEpNSHFnWEhsSDBvZStzV25ydjFIVWE4a09sRnlNOXY0MFBSVzhnZzI1ampNRVplT0lsZlV6dGhJRlViUHFZY29CM1I5Vm4zOCtBVm45V3grdXRXK0Q2TlplaGRIYlJUYmVYWlgwMEZJK0RNd0J5MFNONDljQTZ0OVBPVncydnhxRUxGdCtaZHhodTFOUndtY2ZMekoreXAwaEk3Vm5kWHJIWkUzd2hLT1VoaVphTHdQV1NHeHF3NlRHczNWRlBvcjZwT0hYRFdQbDM3eVVvV2IwN0hBc1RrT21BWWozSm9hajRFV2ZYRzlIVWN4TWxNUXhic2wxT01xbkZERkNjUHFtdXNlWEhJWExuQlhtVGk1bnNBWkpMakVRdVd4aHY4dWZMcWJXdlljMnd5Uk81MWFjbjFzazYzQm5laFVQUU9zd29RTVNVMGdXWkUxUmpxUkN6QlBaOGtGUlZEV1dVTlhzTnp1RUFKaExuZHRBUGEyc1VHZ3FpUGdza3pNZjVjZHNpMGNHRGNndXo0T3RMSThaK3dFejBaQjJMTEY3ZWp6ck1lcTM5ZXpPWGlDeTk4TTF6QUVKUzkvVGJtRzdvemlxUWtObmozR2lyQ0tIRkNtQm4wcE40cW5VYjF1bWg3TWRXU095MkkxZzZGbkpBTWhmUjBuQ3lEbXorZUsvUHlRbUpUQU1kMURuNWR2bmVjb3BBUzgwd29Bd2ZpTkNiTzZZa2VzWExjVmhuWDlVMTRsQm53SGRkWFJkemw2aXdNWWk0cktUVGs4Um5vVi9tSCt2NWZkdXdEOG1hVnR1ZG5FRVBCY0NDUEV1c2hnamNEN05zWVZ4U0VCY3AyN3NYcDhOWkNsb3oybzZQYkZoWHYvSENVR3h0WG8yWXd1bU1EbFdrbjVmNUVRa3c2K0hLaFJvYlFCVUNjeEgxamVkZnpVa3pHNFJ4bGxyVFVsa2VEZGI5dWxVOVpaWWFOZE8vb3c9PSIgQ29ycmVsYXRpb25CaW5kaW5nPSIiIFVybEVuY29kZT0iVHJ1ZSIgLz4NCiAgICAgICAgPEZvcm1Qb3N0UGFyYW1ldGVyIE5hbWU9ImJ0bkV4aXQiIFZhbHVlPSLov5Tlm54iIFJlY29yZGVkVmFsdWU9Iui/lOWbniIgQ29ycmVsYXRpb25CaW5kaW5nPSJ7e0Zvcm1Qb3N0UGFyYW01LmJ0bkV4aXR9fSIgVXJsRW5jb2RlPSJUcnVlIiAvPg0KICAgICAgICA8Rm9ybVBvc3RQYXJhbWV0ZXIgTmFtZT0iZGRsU2FsYXJ5T3JBZGp1c3QiIFZhbHVlPSIyIiBSZWNvcmRlZFZhbHVlPSIyIiBDb3JyZWxhdGlvbkJpbmRpbmc9Int7Rm9ybVBvc3RQYXJhbTguZGRsU2FsYXJ5T3JBZGp1c3R9fSIgVXJsRW5jb2RlPSJUcnVlIiAvPg0KICAgICAgICA8Rm9ybVBvc3RQYXJhbWV0ZXIgTmFtZT0iaGlkR3JpZFZpZXdTdGFydFRpbWUiIFZhbHVlPSJ7eyRISURERU4xLmhpZEdyaWRWaWV3U3RhcnRUaW1lfX0iIFJlY29yZGVkVmFsdWU9IiIgQ29ycmVsYXRpb25CaW5kaW5nPSIiIFVybEVuY29kZT0iVHJ1ZSIgLz4NCiAgICAgICAgPEZvcm1Qb3N0UGFyYW1ldGVyIE5hbWU9InVjRGF0ZVN0YXJ0JHR4dERhdGUiIFZhbHVlPSIyMDE3LzA0LzE2IiBSZWNvcmRlZFZhbHVlPSIyMDE3LzA0LzE2IiBDb3JyZWxhdGlvbkJpbmRpbmc9Int7Rm9ybVBvc3RQYXJhbTYudWNEYXRlU3RhcnQkdHh0RGF0ZX19IiBVcmxFbmNvZGU9IlRydWUiIC8+DQogICAgICAgIDxGb3JtUG9zdFBhcmFtZXRlciBOYW1lPSJ1Y0RhdGVFbmQkdHh0RGF0ZSIgVmFsdWU9IjIwMTcvMDQvMTYiIFJlY29yZGVkVmFsdWU9IjIwMTcvMDQvMTYiIENvcnJlbGF0aW9uQmluZGluZz0ie3tGb3JtUG9zdFBhcmFtNy51Y0RhdGVFbmQkdHh0RGF0ZX19IiBVcmxFbmNvZGU9IlRydWUiIC8+DQogICAgICAgIDxGb3JtUG9zdFBhcmFtZXRlciBOYW1lPSJPVFRpbWVTdGFydCRkZGxISCIgVmFsdWU9IjIyIiBSZWNvcmRlZFZhbHVlPSIyMiIgQ29ycmVsYXRpb25CaW5kaW5nPSJ7e0Zvcm1Qb3N0UGFyYW05Lk9UVGltZVN0YXJ0JGRkbEhIfX0iIFVybEVuY29kZT0iVHJ1ZSIgLz4NCiAgICAgICAgPEZvcm1Qb3N0UGFyYW1ldGVyIE5hbWU9Ik9UVGltZVN0YXJ0JGRkbE1NIiBWYWx1ZT0iMDAiIFJlY29yZGVkVmFsdWU9IjAwIiBDb3JyZWxhdGlvbkJpbmRpbmc9Int7Rm9ybVBvc3RQYXJhbTEwLk9UVGltZVN0YXJ0JGRkbE1NfX0iIFVybEVuY29kZT0iVHJ1ZSIgLz4NCiAgICAgICAgPEZvcm1Qb3N0UGFyYW1ldGVyIE5hbWU9Ik9UVGltZUVuZCRkZGxISCIgVmFsdWU9IjIzIiBSZWNvcmRlZFZhbHVlPSIyMyIgQ29ycmVsYXRpb25CaW5kaW5nPSJ7e0Zvcm1Qb3N0UGFyYW0xMS5PVFRpbWVFbmQkZGRsSEh9fSIgVXJsRW5jb2RlPSJUcnVlIiAvPg0KICAgICAgICA8Rm9ybVBvc3RQYXJhbWV0ZXIgTmFtZT0iT1RUaW1lRW5kJGRkbE1NIiBWYWx1ZT0iMDAiIFJlY29yZGVkVmFsdWU9IjAwIiBDb3JyZWxhdGlvbkJpbmRpbmc9Int7Rm9ybVBvc3RQYXJhbTEyLk9UVGltZUVuZCRkZGxNTX19IiBVcmxFbmNvZGU9IlRydWUiIC8+DQogICAgICAgIDxGb3JtUG9zdFBhcmFtZXRlciBOYW1lPSJkZGxPVFR5cGVJRCIgVmFsdWU9IjgiIFJlY29yZGVkVmFsdWU9IjgiIENvcnJlbGF0aW9uQmluZGluZz0ie3tGb3JtUG9zdFBhcmFtMTMuZGRsT1RUeXBlSUR9fSIgVXJsRW5jb2RlPSJUcnVlIiAvPg0KICAgICAgICA8Rm9ybVBvc3RQYXJhbWV0ZXIgTmFtZT0idHh0T1RSZWFzb25NZW1vJHR4dERhdGEiIFZhbHVlPSLmuKzoqabliY3lj7DpgIHnsL0iIFJlY29yZGVkVmFsdWU9Iua4rOippuWJjeWPsOmAgeewvSIgQ29ycmVsYXRpb25CaW5kaW5nPSIiIFVybEVuY29kZT0iVHJ1ZSIgLz4NCiAgICAgICAgPEZvcm1Qb3N0UGFyYW1ldGVyIE5hbWU9ImhpZEdyaWRWaWV3U2VhcmNoU3RhcnRUaW1lIiBWYWx1ZT0ie3skSElEREVOMS5oaWRHcmlkVmlld1NlYXJjaFN0YXJ0VGltZX19IiBSZWNvcmRlZFZhbHVlPSIiIENvcnJlbGF0aW9uQmluZGluZz0iIiBVcmxFbmNvZGU9IlRydWUiIC8+DQogICAgICAgIDxGb3JtUG9zdFBhcmFtZXRlciBOYW1lPSJoaWRHcmlkVmlld1NlYXJjaEVuZFRpbWUiIFZhbHVlPSJ7eyRISURERU4xLmhpZEdyaWRWaWV3U2VhcmNoRW5kVGltZX19IiBSZWNvcmRlZFZhbHVlPSIiIENvcnJlbGF0aW9uQmluZGluZz0iIiBVcmxFbmNvZGU9IlRydWUiIC8+DQogICAgICAgIDxGb3JtUG9zdFBhcmFtZXRlciBOYW1lPSJmcmFtZUF0dGFjaCIgVmFsdWU9Ii9VdGlsL0F0dGFjaEFkbWluLmFzcHg/QXR0YWNoREI9QWF0dGVuZGFudERCX0lUUkQmYW1wO0F0dGFjaElEPXRlc3QxMDIwOTkxMTNkYTVhZi0zYzE3LTRkZDYtODVlYi1kMWIxYjA0ZGJlODYmYW1wO0F0dGFjaEZpbGVNYXhRdHk9MSZhbXA7QXR0YWNoRmlsZU1heEtCPTMwNzImYW1wO0F0dGFjaEZpbGVUb3RLQj0zMDcyJmFtcDtBdHRhY2hGaWxlRXh0TGlzdD0iIFJlY29yZGVkVmFsdWU9Ii9VdGlsL0F0dGFjaEFkbWluLmFzcHg/QXR0YWNoREI9QWF0dGVuZGFudERCX0lUUkQmYW1wO0F0dGFjaElEPXRlc3QxMDIwOTkxMTNkYTVhZi0zYzE3LTRkZDYtODVlYi1kMWIxYjA0ZGJlODYmYW1wO0F0dGFjaEZpbGVNYXhRdHk9MSZhbXA7QXR0YWNoRmlsZU1heEtCPTMwNzImYW1wO0F0dGFjaEZpbGVUb3RLQj0zMDcyJmFtcDtBdHRhY2hGaWxlRXh0TGlzdD0iIENvcnJlbGF0aW9uQmluZGluZz0iIiBVcmxFbmNvZGU9IlRydWUiIC8+DQogICAgICAgIDxGb3JtUG9zdFBhcmFtZXRlciBOYW1lPSJ1Y01vZGFsUG9wdXAxJENsaWVudFdpZHRoIiBWYWx1ZT0ie3skSElEREVOMS51Y01vZGFsUG9wdXAxJENsaWVudFdpZHRofX0iIFJlY29yZGVkVmFsdWU9IjAiIENvcnJlbGF0aW9uQmluZGluZz0iIiBVcmxFbmNvZGU9IlRydWUiIC8+DQogICAgICAgIDxGb3JtUG9zdFBhcmFtZXRlciBOYW1lPSJ1Y01vZGFsUG9wdXAxJENsaWVudEhlaWdodCIgVmFsdWU9Int7JEhJRERFTjEudWNNb2RhbFBvcHVwMSRDbGllbnRIZWlnaHR9fSIgUmVjb3JkZWRWYWx1ZT0iMCIgQ29ycmVsYXRpb25CaW5kaW5nPSIiIFVybEVuY29kZT0iVHJ1ZSIgLz4NCiAgICAgIDwvRm9ybVBvc3RIdHRwQm9keT4NCiAgICA8L1JlcXVlc3Q+DQogICAgPFJlcXVlc3QgTWV0aG9kPSJQT1NUIiBHdWlkPSI3MDM2OTUwZC0yZjZiLTQ2NzAtOTFhYi1mM2RhMTA2NWQ1NzkiIFZlcnNpb249IjEuMSIgVXJsPSJodHRwOi8vMTAuMTEuMzYuMTE0OjgwMDcvT3ZlclRpbWUvT3ZlcnRpbWVQcmVPcmRlci5hc3B4IiBUaGlua1RpbWU9IjAiIFRpbWVvdXQ9IjMwMCIgUGFyc2VEZXBlbmRlbnRSZXF1ZXN0cz0iVHJ1ZSIgRm9sbG93UmVkaXJlY3RzPSJUcnVlIiBSZWNvcmRSZXN1bHQ9IlRydWUiIENhY2hlPSJGYWxzZSIgUmVzcG9uc2VUaW1lR29hbD0iMCIgRW5jb2Rpbmc9InV0Zi04IiBFeHBlY3RlZEh0dHBTdGF0dXNDb2RlPSIwIiBFeHBlY3RlZFJlc3BvbnNlVXJsPSIiIFJlcG9ydGluZ05hbWU9IiIgSWdub3JlSHR0cFN0YXR1c0NvZGU9IkZhbHNlIj4NCiAgICAgIDxGb3JtUG9zdEh0dHBCb2R5Pg0KICAgICAgICA8Rm9ybVBvc3RQYXJhbWV0ZXIgTmFtZT0iVG9vbGtpdFNjcmlwdE1hbmFnZXIxX0hpZGRlbkZpZWxkIiBWYWx1ZT0iOztBamF4Q29udHJvbFRvb2xraXQsIFZlcnNpb249NC4xLjcuNjA3LCBDdWx0dXJlPW5ldXRyYWwsIFB1YmxpY0tleVRva2VuPTI4ZjAxYjBlODRiNmQ1M2U6emgtSGFudDo3Yjk1ZWQxYS02YTNmLTQxZGQtYmM1Yi02M2YzOWVkYmM0YjQ6ZGUxZmVhYjI6ZmNmMGU5OTM6ZjJjOGU3MDg6NzIwYTUyYmY6ZjljZWM5YmM6NTg5ZWFhMzA6Njk4MTI5Y2Y6ZmI5YjRjNTc6Y2NiOTZjZjk6YTY3YzI3MDA6ODYxM2FlYTc6MzIwMmE1YTI6YWIwOWUzZmU6ODcxMDRiN2M6YmU2ZmIyOTgiIFJlY29yZGVkVmFsdWU9Ijs7QWpheENvbnRyb2xUb29sa2l0LCBWZXJzaW9uPTQuMS43LjYwNywgQ3VsdHVyZT1uZXV0cmFsLCBQdWJsaWNLZXlUb2tlbj0yOGYwMWIwZTg0YjZkNTNlOnpoLUhhbnQ6N2I5NWVkMWEtNmEzZi00MWRkLWJjNWItNjNmMzllZGJjNGI0OmRlMWZlYWIyOmZjZjBlOTkzOmYyYzhlNzA4OjcyMGE1MmJmOmY5Y2VjOWJjOjU4OWVhYTMwOjY5ODEyOWNmOmZiOWI0YzU3OmNjYjk2Y2Y5OmE2N2MyNzAwOjg2MTNhZWE3OjMyMDJhNWEyOmFiMDllM2ZlOjg3MTA0YjdjOmJlNmZiMjk4IiBDb3JyZWxhdGlvbkJpbmRpbmc9IiIgVXJsRW5jb2RlPSJUcnVlIiAvPg0KICAgICAgICA8Rm9ybVBvc3RQYXJhbWV0ZXIgTmFtZT0iX19FVkVOVFRBUkdFVCIgVmFsdWU9Int7JEhJRERFTjEuX19FVkVOVFRBUkdFVH19IiBSZWNvcmRlZFZhbHVlPSIiIENvcnJlbGF0aW9uQmluZGluZz0iIiBVcmxFbmNvZGU9IlRydWUiIC8+DQogICAgICAgIDxGb3JtUG9zdFBhcmFtZXRlciBOYW1lPSJfX0VWRU5UQVJHVU1FTlQiIFZhbHVlPSJ7eyRISURERU4xLl9fRVZFTlRBUkdVTUVOVH19IiBSZWNvcmRlZFZhbHVlPSIiIENvcnJlbGF0aW9uQmluZGluZz0iIiBVcmxFbmNvZGU9IlRydWUiIC8+DQogICAgICAgIDxGb3JtUG9zdFBhcmFtZXRlciBOYW1lPSJfX0xBU1RGT0NVUyIgVmFsdWU9Int7JEhJRERFTjEuX19MQVNURk9DVVN9fSIgUmVjb3JkZWRWYWx1ZT0iIiBDb3JyZWxhdGlvbkJpbmRpbmc9IiIgVXJsRW5jb2RlPSJUcnVlIiAvPg0KICAgICAgICA8Rm9ybVBvc3RQYXJhbWV0ZXIgTmFtZT0iX19WU1RBVEUiIFZhbHVlPSJ7eyRISURERU4xLl9fVlNUQVRFfX0iIFJlY29yZGVkVmFsdWU9IkFSK0xDQUFBQUFBQUJBRHRPMTEzRTFlU3hsaE55NUFZWnJHRzdMQ1NKbk5tRkE1cG91NldiUncyT1NlMlNZQUpsbTJKa0kvSjhSRklrYlVJaVdNSkF2c0V5VGg4MllRTUJzTkFraUVrd1lUaEt3UndER1AySCt3K3pNTTg1N2piMHRQOGdIbVl2ZmRXMSswcnFic0RtK3hibEpPb1VsVzNxbTdkcW52cjFwWC91YWh0MVNLZmxOMjNOWlVydFAzNzJxWmx6Vko3cXh4UDloWjM3OW5jdHlTZTNFaS9wWGl5TDFYT2tLOWtibmRtV1R5WktLZktlMHY5cWQyWnBRUlhMS2Z5bEVEWWsvc0xtL3RrWkNEQXk4WFIzZjN4MXBmenhYZDdVNlVNSVRiL2szemEwbTIrVnJWYjExUzFzeU1XYXdzRWdsSmZaazk1YzUvdnYzMlJvWTZPem1nMDhpd0ZPaENJSWFBam9DR2dJaEMxZ0JqeXhKQW5oand4NU5HUnBDTkpSNUtHU2pWVXFxRkFEVWRwT0VyRFVTcnlxTWlqSWlrS0FQbnZielVFVkFTUXBHOURJS2tqb0NHZ0lvQThDZVJKSUU4Q2VSTElNNFNrSVNRTklXbXdFNEVPQkdJSW9PUkJIRDZJd3dkeCtBQU9IOERoQXpoOEFJY1A0UEFCSEQ2QXcrUElFMGVlT0pMNmtkU1BwSDRjM284OERjc2RiVmpCcU1jU09EaWNlNVc3THRvdzVXaURxWFgyT0trZ1FQQm44ZEVzVFlCWGM2VXlBVk1rUlh6L2tDTzlQWnRnUUc5OEN3QTlROUV0VzFRQW91cjZHbEJGdW1ZaG96cW5VeERoV0hTTENISlkyeUtDS0MzT1JkajBxRTFuTUNyVVZNNUNRQUdyQTZqYURLckYwQnRQOEprbE52TFJYUWtSNUdPaUNSSGtNT2RPdklMRGRNN0tRR1JWT1NzREVlNktKVVFRcFczaWsremcwdFJvRFNqQ0d0cWoyV1pxZ3BsNlFnUkYyQnFaMklySUR0dk9Ec0ZPQ3FPVzlTcG5vU0RhUE1nWGthdExEUEU1MjVhcG9tV2RDUUZFQmZwNmpxVWd3cDIycnpvRlgyM2p2dUxDR0lpOFVWdGFWSkNtMms1UkJhZkViTzZZd04xaEIwQ0hzS3BkdHJlNkJHOTEyeDdxRmp5MG5hK1ptaEJCSG5HeGhBaHl5ZDBKRVVScHIzTVY5a3k2N1prazNyQlRNQ0dDZkpuc1VJOEp0cSszWS9wTlBzdzJMQm9UUXM5MnVOb3BvSVVjc2xYSDdBam9zc0gxMFJwUWpRU2ZIQjVJWlRPYlMvUjBmcldZSFFtMlc0akJ2Wm5SQTRueWFLNlFaWGdKQ2dHZmxCalkxUE5iTmZoTGkrK2x2ZVhpUzN2MjVBOXMzTDBqazZhNDNsS3BONThxbGJMQmlNVkRhNG95K1RleGM3U1l6dzhVUzdseXJsaUlGd2hVN2tudDNKVU50c0tSVC9kRzMxOWI2cDByTHF1WUJOWWtHaGFySmpxRVJCY0R1U2JIYW5JdldodWVUcmtoNUhKdGpvdkpWcmNkT1lXL21KeEN0b2dSSW03U05mdTRzTjJKbTZjWXkrSnhVUnN6UWhvSU8xck5UaWNrZFUwWWlrRXRIamZDWWNGRG1XY0ZUeCtlbFh3ajRic1czOUw0OXNnM1pyN2Y4Nk9EbjFmOEdJVHprcDh6L0NpMUR0ZmdVdUhzOVYzNmVTbVR6K3dzaC9zMko1S2IrM3VUNFoya0pnMkgzeDNKRk1MeFdIVGR0ajNXK1J6T2xjS0ZZamxjMkp2UGg4dU41RXllakl0RXdwbENPcHdxVVNLblBac3IwVkhQMEFHSWlrVFdXR3lJRVJYcjNvcDFMOFc2ZzJLOVViSHVxRmp6VnF4NUtkWWNGR3VOaWpWSHhhcTNZclZCOFROc05BejJIUHVNdGNJMnl6dWp4ZDNoekthaHJZbStudUhOeWFHK2RXK2xkeFRmWHZjV1k4ajlaNHJ1U2pSRTNxYnlSek5oYStBTG9xSTF6QXlZL2hydUExWHdnVEE5YXFMNzVCcm1odDVUYTcxbkszRlI0ZVZCcjVWclhEakJZRnc0Z3ZKZ2NqRFpJUVljNHRFNU4raUhLdTBydmx1bzE4b21MVGlVVGQrZUtZTmdodDlOVG40M2VUQVNYbXR6cjQwb0VmNi85THBLbmVCZ1BmQ3BBcVBEZklCSmMyTFM2NWgwSjZaWUhWTk1aSEx5QWpQNE1jSTNIczVuM2ltSC82T1lLenpxaUZnMFhLVFJSR3daS3VZenZjVjA1b1ZJTEJvSnAwaXdDQmFIWDRoejhMR1Y2SllTWFZTaW94TDl4MUdpV1VvMFVZbUdTclFmUjRscUtWRkZKU29xVVg4Y0paWU9VVVUwd2hRNHlyYzJMWHZISVp2Z1QzZkxuKzZXUDkwdGY3cGJpcFc4UTFILy8zRzNYRVBxcDNSbU5MempnRmp1Q2dXb1VCSUt0UTB2TjhMQkpRUmk1ZnJkbHBwZW10MHgxV29hYnpXdE9MdFp5TnVIdk5mSUczaTg2Y2hibGJ6Smg4UHQ1aVhuNFExTzN2TGtQVlRlTE1UaGR1dVVOMU41ZTVVM1hIRTQ3elhhYlZyZTArV05TU1RaN1Y3ZUpLWTgzZVN6Zno5aWtObnVIeVB6Tm1UdTdvNElQVXVoVVdwM3J4dDczckg2OXFyZEJlZk1IZlc5V0x1L3pwdnh2SEhMdS9LYzFORGN0YnY3dk4vUGVmaWJBSDhsb084R3dUYnNRR1RLcVdRcVc4b0dtcHNYdDZVREs4bC8yd0xOd2ZiaFYzUFprWEpQY1gvUGFDYTFhMk1odFNPZlNZK2tBODN2RUs2VzVrV01hOGxydVZLT0VFYlM2V1lmdzdRa00vdkx2bFdWYzZjWFRuNHdQM1B0N3cvR0sxZVBMMHhQR0hOajN4MzhrdkQ5bXZLRm52QXRNMi9PVkc2ZHJCNDdXTGs0VHZCckxIemIvT3lzY2V4ODVmWmhjL1lra1VOSUNwSXFaNzZxanYxNTRjc1BqU05YRmk1L1JFalB0VmttVWZPWHA5T0JSZStrbTFWRVNoVFpGcENEVC9hbHlxblhVdm05bVpkem1YemExMEtMaHVBVEZFc05CcVJNa2JTaURDNGQvaVVsOVJUM0Z0TFo0QkkrKytYdExTc1U4aUZUcWg2YU1VOGRwdit6SE5KTUlSWlhwbzhSaXdPUWtvcDUrL1Q4L2MrcmgrNFljMTlSTklTU1l0NDlVdm42ZnZYd1I1VlBKZ2k2dmFWSkFna1NqSk9BYitYYXhTMVo4bUV6OHJGcGhKNEV3ME50dHEyaDVkblFDbXJaaWtlMGpHd0V5c0x0K3d0M2JpMGMvblRoK3NYcSs5TUJ5SDJMejdoKzFEeHhtYUJYUTk0cjVoZlhqT1BuWUl4eDVBUHprNU5JSEl3cTg3T2ZtMmRQQWJFeWZhMHlmUVNKUTZqSC9PU3VlZmw0aGF6YXNmY0o4U25JV290WVBYTjg0ZHlEK1ptRFNFbldVV2JIMGNKdFVjVzRQR2w4Zm9aWVRhTExRais2cHdPUXdoUk5jTWJwRDR4VGg2Z1FTRllMRFpNRnRHNmo1eDhjQXVzRGtKc1cybllocENQS3ZuSEYvUFFMZ201ZklTNHVjYjBFcnBiQXRSSTRVUUozU2VBWUNid2d3WlJyZzBLQ0tVaGdzZ1FtU21DU0JDYVF1Rm1ScmYrd0lGcnkvVUgwNGc4TW9uNFYwV3lKU0k0Q1dsTVc3bjVkdVhlakRxMHI4Mys1UUR4ZWkyNk1SRUJyTnRvWW0rYmN1aFdnMWFrTDh3L2ZJK2p2ajlzQlZUR3VuVFVuNTBRaUg2a3B4dmdOWTJ6Y2tVaTBUZDZZdjMrMmp2ZzBuSDhLQkpzeDg1N3hwMjhjeDNjb2xhOHZHamZHNXg5ZXJFeFBXYzVDWXFkUy9XeTYrc2V2eUt5cFMycUlicmtXZ0ZOVklYcklSc3JIQUZwVHF1ZHBBcGdYSnFnclVKU3VWQTUvWlJ5N0lncmt4Smhpek4waEVXd3RTaTJ4UXpHK3ZXMThlTk1TV0t1dFV6SHYzS1A1V1RQR2JSOEFvcXFZaDQ4dVRFNkxMR1RrVTNERzB4VTN6NXd6WnEvV1VoeTNqd0JVQVVyMTRCOUpxQUVGYlV1Z0orclF1bUx0QTRoMjM0TldROTFBSTRmRWgwakhtU2ExbXVDb0krcVc2K3FJajdlMTBXd2tWUjVGRXh3WnpoQWFROEFLUDk3bXR4cXFHZHo4d1BySnp3aVIyZzBWRG02QkpHSy9udUZFOTIyVFZqeFc4cGtucG8zN2x5eHVxb2VFYVBYWXZSbzAxUUJMVm5rd2FkdzhZYUhKbHNiV1puYXFocnVEY3ArL1g3bHlDMFFCMm1tblhnMTFGUnA0K2h2ajVCRTdHYUhXc29nMEpZK2ZnOGdFZ1U1Ny9HcW94dENGMXo4emo5eTFFd3NxTkNST1VJRTFSTnVSeHN4dGtlaHlkS3lHdWc3TlAzR0UrTi9hRjVqQURxM09GR05pa3ZqTEl0cmFJREJxUnNicXhVNCtYTGgyeGlKMjFCSEJJSXZZeVluVmczUEdlMy9tRzNmN2kwNEhYYjhLWHhwODZlTHBGd2RrWEJmUHdnRVlNQUMwQVlzV2c2OE8rT29VVDgxQkdEQUlBd1pod0NBTUdJUUJnNTNpK1RvRUE0WTA4YlJOQURKaElYWHhDRTRDTFFtMHBGNTNMa00rU3BDRkRhYzB6UzBKc3NnK3MybCtTSkFQRXNTL0JQRXVRWHpieDdvT25Mb21Idkl4UU1Zc3BNNVBmZ2tpUm9MWWtDQUtKRmh2Q1ZaV2dqVWtOY0tMRFRYQ1kzMVlRYUZqblMxYmRUYXBMVnJ0S3kycE1KNm82ZFR5TXFPNXNjd0lRRCtPYld3azUyYitzdkR4SmJJWnREYzNTVUFoTmpmWFY4T3Q5cVhaWGRuaVJtVy9nSjZmcFd6TDN0MDdpc2JFUWRENEZIVE5MRnBpNjBaT2FWOU1iR0VESmVBaEppMXVLSzVhN2R1N3UwMXRqVGF0Z3ZhamFKT3lSU1hLZ2FEVkVqUWt4R3RIeE9tSUFQVDc3Q2tvR3puNkZSSDlDa2R2RXRHYk9IcXJpTjdLMFlNaWVwQ2poMFQwRUVkdkU5SGJPSHE3aU43TzBhK0w2TmM1K2cwUi9RWkh2eW1pMzZUbzlyWW1DVndKWDVvRWJwTEFLUkk0UVlKSlN6QkpDU1lsd1NRa01Gb0NJeVV3U2dJakpGQktWcjdOS1NQOEdBVkxoWWNhOXpEWTNoZ0dUMlBmVnpGUGYybU1UMEZaSjY2eHVnNmVjWGl6MkoxVFVSZnUvUDVwN0ZFcnBQZ2dWL0x2a1VpYjJlNmNUR0lZKzJ4T2ZHUWgxR2RGZVFsbmVaUlBrQmFqaGR2VnM5WHp2L2VVUmx0emJueUN0QTVxMjhNL0dkYytidUFLWS9OVXFYengwUHg0emxNZGJmbTU4ZG5xYUg5YU1jL2NORy9mOUpMR1d0cHVmRXhhSGJQbXlxeHgxU3BWZmZGOTQ4SWZQRldyVExVem56QVI2aGJqN05HRnVTdWUwcGhiWFBnRWFWMUUydnpNVWZQbVJ3MWNMQ2pwd3dxZDRzTFZiNzJEa3IzQXVIUGFZVTdmUUdpd09hY0RzbWl1TEJxeTZLNHNlaGk3dm9wQnlzWmJ0NXdqakhhM0ZScnpsejd6Y2lWcmdydngyYTZrcnpEa1ZqcEZYT0FwcllzdGpET2ZMWTArMnBCcnpJd3hlOEZMR252YmNlT3pmVTdmdVJUekp1RzY1NzJLN0VITW5aTkovSFdQOVVSR1orR1E1OENxQ2tMWkR1akZ6T1QrQ3Z2ekxxeDgzV0xzQmtudmlRZGRHT2hTVkc2ZE5FNTg2dVU4OXQ3Z3hzZVhnajNYS05YVDkyaFB3MTBhdk9xNDhkblM2THNUQ3lhSHFCU2tzZWNwTno1QkdvdnhTK1RxUGVVcERYWjRaejVCR3ZXYitmRkQ4OHB4VDJuTWJ5NTh0alNOaGZEMUM1V3pYcWNQdkdTNjhURnBvUjdyNlZRaDl6eHlhU1UzcjVyb1Ficm1UTmZBR3VwMzg5eU5oYmtUbnRZd3Y3dndDWFBUNFRpcG5Eam1LVTIzamhNbnZycmpCQjVDWFprMXJwb2RBSitlY0Rxc2tVRnpZYkJjd1hhcXNhT0d3OUZBazVBOWR5ckd4QlE1R0txSEp4cDRuck50WmcrakhxeTJ4MklzaStZbXpGdGVPUW12blc1OHRqVDYrcW5NejA1VzNydm9KWTA5a3JyeENkTFlmbkgyV3ZYOG1LYzAyQytjK2VwWGt6MVZ1ekx6MWV4a1JkWGhDZTlUQTE2YTNmanNpZEFuVGFWeS9KU1R6dC8wV0svN1Z1YVNJOStjK3JDQlRiT1ZzcDhDZUhNTHFyc2dac3laRzE0VDZlcXlBc2FKVDVEV0RkS01idzU1U3V1MnBEbng4VU9GdmVuU1E0WFdDeE9ORzZBUXordWoxdW5zd21wYlNIOXpRTXRPNDVibmZObFBFOXo0QkduTWU2Y3VPdTNQaktGYnRlclhiODk0cWV0V3NYNTE0R1BxV0JqUUIzcUZGbXBrb21OSHpiT05XNTBRQnV3MTM1dWJTVzdmM2lUamhjZlBiejR5M2xqOC9Pb2k0NlhEejI4Zk10NGMvUHdLSWVNdFFjWXkzOC9yZlJuTGJ6OHYyam1reVZoTiszbFpMV05KN09lMXNZemxyNHpWcTUrWHNUTFdxUWhvQ09neVZwWXlsb1orWGlQS1dOLzVlYUVuWTVIbTU5V2FqSFdXbnhkY01sWkpmbDR1eVZnTXlWanh5Rml5K0hudEltUGQ0ZWNGaUl6Rmc1OVhFVEpXQUg1ZUNzaDRqUHY1ZVM3aldlem5oN0tNNXk0Q21veEhwSitmbFRJZVhYNSs0SEhJNHU5TXFBaFlHTXZ0N1BqdzgzTkV4Z1BBejA4Q0dYZHhQOS9PWmR4ZC9YeFA1aENJNzdSV0JYWk5HVGRHR2ZjMFA5L2NaTnlTL0h4dmtuRmY4Zk1OUnNhZHdjKzNDQmx6MjgrVFhNWThsakVSL1R3alpjd2pQMCtvbFdzWGIvOWgvVDN2eGw4WGUzQnZacjhFb0w4WGFBMHVIYVovL2tqL1dDSlY5aTA3UUQ2L2UyN3IxdDg5bDA0SFc0Y1Q1ZFJvbWYxNVpOTi81Y2JQLy9WLzVLQTh2TEdRdGxBOUxhRnJmNU9KaU0ybG9Vd3FIUy9rRDR3UWhtU3htRS9tOXZpVXQ2cjNQekZQSFhzN2JIejB3UGp3cWpuMWhYbitnNzgvR0grcmV2NGN3NXN6WTlWem54dGpsNDNyMzhLUEU2aDVpOXFXMCsvZ2ttSmhaejYzYzVmdnpXM2xYSDY0ZDJSWFQzRi9zcGpONWpQczV3dTVmSzU4NEpsSWVYOFovb2F6SjVQTkZZWjNqdXl5cVpGbncvWDBkRzRmL1luQVM2T1pWR1ROaG5RNlRkeEJsUGxLNVFQNWpDKzBMek5henUxTTVaVlVQcGN0UEY4dTd0bXdqNHQ3Zm9QOUM0ci8yeXpKeU5aaUliMGpEek43c2p5U0s2M2JSMy9mOEVJa3NpRk5GaVVnQlNYSDVmQTNyTVltK2d1SG1zWFlSUHVaWkZsRFA2c2RIUG9Ydm9LaGxYemxRdTBqb2NBUFhhYlF6MzJ2UGRyNkVGczlWb2RTbmRjbXRPcVJseVgwMUdPdlIraGZuVmNoOUlzNkY2N21iZy85bStEdmJ2cTN4U3VhRnkwUE5ORi9scTFjMjlTVWJ0N0FYTlRTeGp5MHl2ZEVPbGZhazA4ZGVMNVFMR1EycFA4WFVJZ2QycHc4QUFBPSIgQ29ycmVsYXRpb25CaW5kaW5nPSIiIFVybEVuY29kZT0iVHJ1ZSIgLz4NCiAgICAgICAgPEZvcm1Qb3N0UGFyYW1ldGVyIE5hbWU9Il9fVklFV1NUQVRFIiBWYWx1ZT0ie3skSElEREVOMS5fX1ZJRVdTVEFURX19IiBSZWNvcmRlZFZhbHVlPSIiIENvcnJlbGF0aW9uQmluZGluZz0iIiBVcmxFbmNvZGU9IlRydWUiIC8+DQogICAgICAgIDxGb3JtUG9zdFBhcmFtZXRlciBOYW1lPSJfX1NDUk9MTFBPU0lUSU9OWCIgVmFsdWU9Int7JEhJRERFTjEuX19TQ1JPTExQT1NJVElPTlh9fSIgUmVjb3JkZWRWYWx1ZT0iMCIgQ29ycmVsYXRpb25CaW5kaW5nPSIiIFVybEVuY29kZT0iVHJ1ZSIgLz4NCiAgICAgICAgPEZvcm1Qb3N0UGFyYW1ldGVyIE5hbWU9Il9fU0NST0xMUE9TSVRJT05ZIiBWYWx1ZT0ie3skSElEREVOMS5fX1NDUk9MTFBPU0lUSU9OWX19IiBSZWNvcmRlZFZhbHVlPSIwIiBDb3JyZWxhdGlvbkJpbmRpbmc9IiIgVXJsRW5jb2RlPSJUcnVlIiAvPg0KICAgICAgICA8Rm9ybVBvc3RQYXJhbWV0ZXIgTmFtZT0iX19WSUVXU1RBVEVFTkNSWVBURUQiIFZhbHVlPSJ7eyRISURERU4xLl9fVklFV1NUQVRFRU5DUllQVEVEfX0iIFJlY29yZGVkVmFsdWU9IiIgQ29ycmVsYXRpb25CaW5kaW5nPSIiIFVybEVuY29kZT0iVHJ1ZSIgLz4NCiAgICAgICAgPEZvcm1Qb3N0UGFyYW1ldGVyIE5hbWU9Il9fRVZFTlRWQUxJREFUSU9OIiBWYWx1ZT0ie3skSElEREVOMS5fX0VWRU5UVkFMSURBVElPTn19IiBSZWNvcmRlZFZhbHVlPSJ0dmZvZ3RORDZZQ2lkRVRUcHNybmRSS2tSUGhwcUxFOTVOVUZjQmRPZDB4QWNFTjBiMUFQd2YvdWZrWjRXNTZIMFd5OTU4Mm10MkVBamcvVTdENXp2Rjd6MGl0emFERG91SEJaQmJuZGZ2SGNwQkFadjkyMFNmMU9LRENoM0lrU0tKOU4zTExzU0FZZ3NZWlJaUXBWU3ZDRVV3a0xDUFZ0eklMUUkxMG43cUN5SzFUaEVZTVcrMHhGbFdVWjhMRHZUNzk4WlhRTFRUcm0zaE01eGwyT3lRUFc0UG0yN3dleFFaakh5L3RCYkRZL09uNG8yOE8yQmIrYkhUSEorOGJGVHFoeUdhblVhUnMwWnlmM2pIV3EvL2xuSHplYllXbk1TSXdES1N3ZWpXY08zRm0xT1hRRnhzbFFNWXM4ZnRUOXhicVdtcTBUdk9SQnJZWDZkSmdISEFNRGxNcmxrdm9LdFZIMDVyL1NnaWlNRU9PUElzdXcvTUlaaFBFdFhUNGp1RkRMS3U1RlJhU1lwNWlwQ0RGeUdXZy8vTUgwT2hmb1diN09xZjZkRSs4VnZ5RS96VXI2VzR0TVVTVjgzeGxHWU9SeEkrV3ozTUx2UzhCaktRV2hQYThyZG1vajdmNi91eS9mZmZJR1M5RG1NdEtUUjdLc0FWcFczaFNRY1ZDVUZnUHgrRlUyUlpjZ0hJTTM4emppa1l0S2hDc1pJYkg5ZnF4SksramVSNjBaRlZSNTJtRktCcmN4VDgrNVR4SWVxYUVMaFUvelpyOWNid2xoRm9HY0F0WnlBb2I1SmFIQ29nb29iNnI3TjVxSjJNc2ZwaWJxUmFBU1JORXYrTitnMEVwQnVlZzlNaE00Mkdwd2NBNG9ZdnREUkx5L0RBNmI2Tm5UMldJSDEydVJSeFBudExoVnB0b05hckJzeTRMZ0VhVkY0R0ZraC92QVNjWDdJd0MzWXFYUlI5UTdwWjIvVHZRY1J1V2VwbHBDU0EyenBWWWNMTDB1RXdJNWtzZnYwOUFDNDdDbWQwMUlBYVhQVnZENVZqMmJMQThsQlMwM3pyQk0yV09aeUtGMFc2YzZYQkVJQlg2eG1zYWVjRS9mYmdid0luZjJmNlBhQXA0YlVJb3picUR3aFF1c3J3M0NSS1VEcC9leWJKSFlKOVhHT2JqYmM0bFlWZXpJdTVQNm1pdXBpTzdtSGJHYmhvWStEQ1VnV0FSTlBsTGQ4NTdyeHI1ZHVwL0gzU2NTU2kwMWc3UE50aC9WdkJQdkRSVUtoc2tMWlFscC91UXhydytVSkNCSWo1SVdVZFNnN0Fub1hWWEJmTWUvdVZRK1hUUzhyVW9oU1luaGhJb1dmYVNaMWs2cS9vT01VTlJZcEZsU0lZQ2pzYjVmalZBbklWOUc1bml6TDRzVnh1SW1aWlRnWUJMeGp1bWZTd0ZZb29lSDJVRFdTdnhReklMd282R1VVc2JDWnlraFZqd0hMTndDaS82VGtHa0hNQU0wN0xWdEJFYjV5ZTFsYzN6a1VKaEZWamRPTWNjMVJFajRHb3V2QnJDQmp2Z0JrSll0WnEvaTRPWThveG53SThSWjA0ZTZldFB0R1BrQ090b3JPVVdBTExGaWVGNWNuczVGeiswT0I4UXh2RWRTdmIwdjFkRmJxNldOQkYyMVErejlyeGx6bXFCdzlSMUVSaFJkMmQxU3JzUUFTRk9NOEVlQ1djbWVBc1ZzemRxNllnV1NicDhtaHZkcHJzSW1kR0NvTUc0bXlyVkJwV0VscmtBd3oydmFTYjV0dDBrMHJXY0Q1K2R0WEJSbmJzWGE0R1RFL1hMYkVETTR0VURPNTZZUWRaMUYveVE3enNLSEV1UTR4eGdNajZVRzZyWDdRUHFxc3ZvYml1OVFhWU5GU3ZDR2s4N3RkbC8weUtjTTZJZXoxSE41bE9XdVZ4Tmx3eUVBUHdxNmtPWHRiMER4clZTRnQ1NVo1T244ZmNVcEtRUCtNUlZJbWRjQkw0ZGpHVW5hbGRLaHJRWHVweUppUWdTczBPRjBoUG9TdmVqVjl4MmlVemFXV1l6RmEyRHVqS25QWjFVbmVHeGErdk9qRmJXcEd4R2xjaWVBemRjMWUrcFRPM2VjcysxQkJNa29UTlZPVUFLUGJMY2R6YldSR1ZJZ0krZjdmeXJzTHZkVm1xS0Vlbk81c1dTRFJWYUEyWFd1YzBMcHQ5L0NycjVPSzFVSTc5ZFhyR3ptcU9vK2RHT2FuYzBCUHZoSnV5MFhYMitQamRrOHVaWjZFSHBwY1QxZCsvL0FEdlpmOUpyVGxvWDB3Lzl4ZFdPdkZDYnpmS0taZStxNEE4Z1M3OHJPZ2liTUl3MFB1NTNwaUI1Z1pyN05YZXlJYkpuQjVMcEN0Z2VxOXp2V3BIZnJBa1BGVjQ5ZUJla0JCT0VsSjNjMVZsYm4yYlJ6S0FoRG9RaGdQWHhWRHU0c21uODlNQmk0aFgyZi9jdW9oa1R6ZzBkWFAzQVlyV1RZejV1SGw1clBSbnM3ZFN1cEhnWEEyV3JON2tvWllmQmRZM3NxY1htcVFGeWpHUkwzTmI4dWJMY2ZSamJOdkhaQ2NkK2IyOUIzcXFZUlpBclNkL1NVTWdRRllMZmZxTFZtNVpoeGN6Q3pVMFhWY21PWlhvY1JUQUxVWVQwMzBiRkwxb0xIZk9aVnI4WllzSmcrdnBzYXUyb2NSYnFXUE84VWJBOGxMSzBUKzZrNmVmekFhbUJxVXFZNmxvNHlXY1JIZHo3cHBPczJTTGgwRWZMekZVZUlKRW1tZ3R4aEplenE2dk9QYTNkNjJYdmRVbU1OOXZRSXdWckRHdzk0L2dIa01Xbzg4TVowUTJqUHZBclZrYjZOdHJzMlZMODFYNWVvMXdYd1o5cFFjemJMb0IxMnh6dzA5MTk2VzVXK0F1Mk9jMnhpUmNyUERaVWZZWGtORVUyMkQ1YTQ1TnltelBLZUpoWnk5TmE2aGM1TzJBNzlxQ3E0L2tlSGdpdGV2anRDUWttQmF2ZS9lTW5EcEpSck1zaFRXZVJKQWp0R2czZGNwZnFoRG92QUlWMVNKbmpUblpSeXZiQXI5amZQRVN6ZWtzTzB4N2FxRUpVRGlaODMzSDJtMjkvQXZvRzhPZlVJdjdUNUNDVW5CakxrdnBsaE9WOS9xS3R6VEpOem1sQW5TZ2ZzVHRzWmZwZ01GSmRCdXFSbi9LUENRcTUvSE9Yd2RpMzNYYVpLZkE2Qmt6UFQxME5QVlhGMG52dEdtUVpkcTdRQ0JXNmhuQzkzY3JFOVBKV29QWEo1U2U4dzNIS21xRUJ0UDBjNmo1K1NlZnFHQ1A4cXhXVmRsWVVFUUVYbjBwb3R1aXRVcWo4VktqLzVJSDlBSk5lQisrZ05wazI0Ukk5UjYyTkl6dDNwNHlKYmg5emQ0SjZid2lvejEwK25BVC95YW5BNDJtVzk3R2Z6UnBSeXh5akxSRTZNOURmM1VpM3NraFNYNjcrdUJsM1VoVGhmVy8yQ2UxN1hqRUlURldzWTV0c2JQQ2NhL0pjVjlTeElXMy9lSFFJa0RKTDdXeitESDllOVc1OVVVRmp5Z0JjNk9PYmhKUnRPTXQzNG1qMlYyMWtueUMrT2wrZzNSRU9Cc3laYzY3cDcybVdjZC9wZ1hEMEhpT0NjTStnR0RjOHJQeUFJM2dkTFF1OWdYS09oa2FvV2x5ejJmakdUL2gxL2hNbjAwbTJ4WjM2RUZSYkZkNjREWXVyRkIwY2FNcURmV2EzeWJ1WGtPMUdPd0NJZU0xQ1FKeDAzMFROY1F4K3gycUVRWG02Z0dPQjkyUU5mZTROQmR0QUlCUEVWWmdVM2xnSVhzUTlseUs1ZWp0SFB6cytBdXpFdVM4QUw3emdsTVZTMm1zN3k5VHFkY0hRYWUrK0U1K0RlN1hWblM3cVRTRmNHMXlPaE1VOHJBcWh2alJzOS9XelI5QUw3cjh2TitCRWpmRlZqbVFzOE1PUXl4Kzh6SVBNZ3pHQlFuSEQwcjA5RlRRRU04YXM0UWFPdzlCa2VEK1hHNHBhOGdFd3RlNFdIQUFjaGdWdXU5SkNhZU43VUs2aWE1bkZwb3FnYzhXRXZBTEdjR2lQUDQvVmo2MVQwZnNGYXpNZVk3bm1nVlBXWmJDVitOR1hsM21ESldzQm1yc2ltR0YySG5IZ3pEQk8rSC9VQmYzekgxSzl2RVMveDdvZlMvaDJDVWFLMUVDL2tlNUlwbTZrdVg0NmlhVzdKYjFEUEV0UTdWZVJYdTJ0QzU4OHZtUnZXSWJPZjZoVUV0cEM1U1I1RTJXdG1XTUJKZks1aWJiajJKV3pvbDR3aWJMVVl4QlJXRTArVkxNQ1QxcStwZjI1ZER3WGN3WU9HV0RYcEpHR0grWEpmRFY2cWR6YlhRSzFlZ1VBMTJnN0dtYktiQ3NFOFhEN2JXeDJVSWRLM2pLc0NOeCtRc2pQME1COSttTHNVWEdmZXFPaFBTVlo3Z2VuUjJ5Z0lkMTdSK211ZXJ2QmlQVER0eGhDQ0RLUDJhNktoYS8yTlcwM2UwZ2dtRHZIbWE5QmZ6Z1oxT3krNTlJaVZUMXR5QlNycW9KVWlQRDNON0V4WkQzZEJGYWFpeWFIMS85NlFOYmlIN3N0MUp5NGhIb3NkTlBDdU5tMVFNWHdZaXNqZmRxbFh2NkxBK2NBZ2ZwWCtkV2lIckdSbzcyNDcyQUNndHAxR1lvaFloL2FXZ3lvOGdIWm1TNTVYRHZhdmRKY0VxYjIyUXI5ajJvbUlVaHpndmRnSTVTRXpCSFJ2aWpPS0Y2U2VhTWoyOEZqNkQrdzBpUnhkaU9ZRFNhUDVvRkJRR1ArMnpWWkpIL24rcjRNM1pVWk9hODJ1WU0vcHJJNWIvNHZRNWs2S2tuc2FLNXM4emY3S3FoREpiV2M4RWRSMzVOQXdUTTZrVnI0M2lTQnFlM2lRUm4vdTlIUE1ZSlVDSFJQZ3ZCekRQcURxYk9WMkhXWFBiYWFPRWpPUmdLSXFvTG1MVkF3bWJjY2luZis0RTNsUVZ3Yy9yV0daSEZSbzJ0WWtFV0hTbndrS1U2MTRnenBGRXFOWkg2L0pmYUxVY1grVFkyMUpxMG1kSkNRQmc5MVQxR0JVL1IrZHFrSzhpait3US9UT1pLbDNXNWRUVFY0dENSVGNVbEQ3b3Q3d2RKT2h6bWZ1L2cxWVRLTnVDUVArYXdjYTFQb01aNkxBRDIwMEF1NGFlaEp5VnJnQUUrZ1k1QVBMOXJ0WEQ2Nmpwa0JnT1YrZ09sRmxKdnNJTGc4UXFjRDcrSXErYVRYOVVMMis4RngrYVhOMXB2bUFQSExkZnVxTlU4elhvdXdTRWlmZlExdjlSQnE4Vk1pSGNFYXgvbjdLUUkwVUtHMVMvcUVrZlJNT0RWZ3dVMGtGbXFqcWpxOSs4bFQ3U0tOVjRDN1QwVDhGVVFCWU9YUGFlVjJ2RjVTMDJzVjczK2prMVovWlhDMlpzbU0ydXUvcmNMcnEwVFNacG5XZFErRUVKejZ3dXdPNHVaU0Z5Z0MxUndpQ1NBVE1EbHFkTmFzcWlNdGhJcFdyYkFiT2hCV1lFcm5NVUt3dVQ4a1ZzS09wbDI3NW96Y0ZJM0Nwa3RGcU1QckFoSnhDNHc2ckVGcGhuZkpYR29PZEozK3NsWmsySkwxYkNWNXp5dkFYajZwOE9kZ0F5UW5XRnJ4SEh6eXViLyt2c1dEbzVnMUppTnlHTTJsVXVwTzZscHZFdm9UNHl2Mk5pTUlzcnlUU1pTcW1UbGE1L3VMa3YzaXh0cXJOTGI2VHNFVGF2RmlIWlR1Sm00Q1dIelo4d2o4Z3B1WXdkZjFPK2tnQWFvcVdBRlplQTdXWUkyU1RGb2llTnBxblZPb1RCeGVaRE4yQWVaNjJRbzVqeUtvWU8vaTc0YjZYeHIvdDVjTi9BZ2k3L3RmeHNhWmM1RHJiY1VpZGsycEVOWFdPNklOekx1Vm1KQWR0N3ZmR1M4ZFFWZnlJRHREWURzTGg3NWRvb25aVnR2WllvR2tDZmNaWlFYb04rbjlmS3RXK0JaVkJlV0YvUTBZRjdpdEYrNFpWeVlwOFlwSUc5NUFLT3owOStsK05nRDlVQkpiN2V3elljM2l6YTJpVi9PS25IaTI5OUViaEl2VmRQVnV4UjRERi9XM3c5ZlF2cW9YN0lDcG5PRVpoeVptL2RTR2E3TDBHc0tabUErenZJTUlBN044NjI3c3ZHWWptVGFSSllmcmhtNGxKZEhGWWM1K2FDaWN4QXdTMXd4Ymd5V1lORzRObzgrL3V5Q2FSYldRMU1lWTVFUG5mY1hNcHMzVXA5NGNzbXYycENvcEExWkFRbkg1TlQ3Z05MTHUwRmV0d3pHbk9xMHBMUG51VEpHbjlocHlsYmdYN1J2NmVNU0ZycjBNUHVKQ3ZvYk9uTXZYL0pLcFM4aC82NHdNWFRQUkxVSnlxMVZaSUpFS1FPMSt3Q3cvM0NsemZvZDE0eExFNkg2WCtLTEdwWSs5YXJiZ0pSYWFiZEx0bDI3R3YvcUU2WjViV2FiQUJxUjVwdmJyRXFpMGw1L2srb0Q2bEs1TGp4ZHZBd2p3dUJiR0VkdFd4N0ZDMFYybE41TmYxKzh1ODczM0RnRU8zaEdYMkl3RWx3WTA9IiBDb3JyZWxhdGlvbkJpbmRpbmc9IiIgVXJsRW5jb2RlPSJUcnVlIiAvPg0KICAgICAgICA8Rm9ybVBvc3RQYXJhbWV0ZXIgTmFtZT0iU2NyZWVuV2lkdGgiIFZhbHVlPSJ7eyRISURERU4xLlNjcmVlbldpZHRofX0iIFJlY29yZGVkVmFsdWU9IiIgQ29ycmVsYXRpb25CaW5kaW5nPSIiIFVybEVuY29kZT0iVHJ1ZSIgLz4NCiAgICAgICAgPEZvcm1Qb3N0UGFyYW1ldGVyIE5hbWU9IlNjcmVlbkhlaWdodCIgVmFsdWU9Int7JEhJRERFTjEuU2NyZWVuSGVpZ2h0fX0iIFJlY29yZGVkVmFsdWU9IiIgQ29ycmVsYXRpb25CaW5kaW5nPSIiIFVybEVuY29kZT0iVHJ1ZSIgLz4NCiAgICAgICAgPEZvcm1Qb3N0UGFyYW1ldGVyIE5hbWU9ImJ0blF1ZXJ5IiBWYWx1ZT0i5p+l6KmiIiBSZWNvcmRlZFZhbHVlPSLmn6XoqaIiIENvcnJlbGF0aW9uQmluZGluZz0ie3tGb3JtUG9zdFBhcmFtMS5idG5RdWVyeX19IiBVcmxFbmNvZGU9IlRydWUiIC8+DQogICAgICAgIDxGb3JtUG9zdFBhcmFtZXRlciBOYW1lPSJkZGxPcmdBbmRGbG93IiBWYWx1ZT0iIiBSZWNvcmRlZFZhbHVlPSIiIENvcnJlbGF0aW9uQmluZGluZz0iIiBVcmxFbmNvZGU9IlRydWUiIC8+DQogICAgICAgIDxGb3JtUG9zdFBhcmFtZXRlciBOYW1lPSJkZGxRdWVyeUNvbmRpdGlvbnMiIFZhbHVlPSIwIiBSZWNvcmRlZFZhbHVlPSIwIiBDb3JyZWxhdGlvbkJpbmRpbmc9Int7Rm9ybVBvc3RQYXJhbTMuZGRsUXVlcnlDb25kaXRpb25zfX0iIFVybEVuY29kZT0iVHJ1ZSIgLz4NCiAgICAgICAgPEZvcm1Qb3N0UGFyYW1ldGVyIE5hbWU9InR4dE9URW1wSUQiIFZhbHVlPSIxMDIwOTkiIFJlY29yZGVkVmFsdWU9IjEwMjA5OSIgQ29ycmVsYXRpb25CaW5kaW5nPSJ7e0Zvcm1Qb3N0UGFyYW0yLnR4dE9URW1wSUR9fSIgVXJsRW5jb2RlPSJUcnVlIiAvPg0KICAgICAgICA8Rm9ybVBvc3RQYXJhbWV0ZXIgTmFtZT0idHh0T1RFbXBOYW1lIiBWYWx1ZT0iIiBSZWNvcmRlZFZhbHVlPSIiIENvcnJlbGF0aW9uQmluZGluZz0iIiBVcmxFbmNvZGU9IlRydWUiIC8+DQogICAgICAgIDxGb3JtUG9zdFBhcmFtZXRlciBOYW1lPSJ0eHRPVEZvcm1OTyIgVmFsdWU9IiIgUmVjb3JkZWRWYWx1ZT0iIiBDb3JyZWxhdGlvbkJpbmRpbmc9IiIgVXJsRW5jb2RlPSJUcnVlIiAvPg0KICAgICAgICA8Rm9ybVBvc3RQYXJhbWV0ZXIgTmFtZT0iZGRsT1RTdGF0dXMiIFZhbHVlPSIxIiBSZWNvcmRlZFZhbHVlPSIxIiBDb3JyZWxhdGlvbkJpbmRpbmc9Int7Rm9ybVBvc3RQYXJhbTQuZGRsT1RTdGF0dXN9fSIgVXJsRW5jb2RlPSJUcnVlIiAvPg0KICAgICAgICA8Rm9ybVBvc3RQYXJhbWV0ZXIgTmFtZT0idHh0T1REYXRlQmVnaW4kdHh0RGF0ZSIgVmFsdWU9IiIgUmVjb3JkZWRWYWx1ZT0iIiBDb3JyZWxhdGlvbkJpbmRpbmc9IiIgVXJsRW5jb2RlPSJUcnVlIiAvPg0KICAgICAgICA8Rm9ybVBvc3RQYXJhbWV0ZXIgTmFtZT0idHh0T1REYXRlRW5kJHR4dERhdGUiIFZhbHVlPSIiIFJlY29yZGVkVmFsdWU9IiIgQ29ycmVsYXRpb25CaW5kaW5nPSIiIFVybEVuY29kZT0iVHJ1ZSIgLz4NCiAgICAgICAgPEZvcm1Qb3N0UGFyYW1ldGVyIE5hbWU9InVjTW9kYWxQb3B1cDEkQ2xpZW50V2lkdGgiIFZhbHVlPSJ7eyRISURERU4xLnVjTW9kYWxQb3B1cDEkQ2xpZW50V2lkdGh9fSIgUmVjb3JkZWRWYWx1ZT0iMCIgQ29ycmVsYXRpb25CaW5kaW5nPSIiIFVybEVuY29kZT0iVHJ1ZSIgLz4NCiAgICAgICAgPEZvcm1Qb3N0UGFyYW1ldGVyIE5hbWU9InVjTW9kYWxQb3B1cDEkQ2xpZW50SGVpZ2h0IiBWYWx1ZT0ie3skSElEREVOMS51Y01vZGFsUG9wdXAxJENsaWVudEhlaWdodH19IiBSZWNvcmRlZFZhbHVlPSIwIiBDb3JyZWxhdGlvbkJpbmRpbmc9IiIgVXJsRW5jb2RlPSJUcnVlIiAvPg0KICAgICAgPC9Gb3JtUG9zdEh0dHBCb2R5Pg0KICAgIDwvUmVxdWVzdD4NCiAgPC9JdGVtcz4NCiAgPFZhbGlkYXRpb25SdWxlcz4NCiAgICA8VmFsaWRhdGlvblJ1bGUgQ2xhc3NuYW1lPSJNaWNyb3NvZnQuVmlzdWFsU3R1ZGlvLlRlc3RUb29scy5XZWJUZXN0aW5nLlJ1bGVzLlZhbGlkYXRlUmVzcG9uc2VVcmwsIE1pY3Jvc29mdC5WaXN1YWxTdHVkaW8uUXVhbGl0eVRvb2xzLldlYlRlc3RGcmFtZXdvcmssIFZlcnNpb249MTAuMC4wLjAsIEN1bHR1cmU9bmV1dHJhbCwgUHVibGljS2V5VG9rZW49YjAzZjVmN2YxMWQ1MGEzYSIgRGlzcGxheU5hbWU9IuWbnuaHiSBVUkwiIERlc2NyaXB0aW9uPSLpqZforYnlm57mh4kgVVJMIOWcqOWll+eUqOmHjeaWsOWwjuWQkeS5i+W+jOaYr+WQpuWSjOiomOmMhOeahOWbnuaHiSBVUkwg55u45ZCM44CC5bey5b+955WlIFF1ZXJ5U3RyaW5nIOWPg+aVuOOAgiIgTGV2ZWw9IkxvdyIgRXhlY3R1aW9uT3JkZXI9IkJlZm9yZURlcGVuZGVudHMiIC8+DQogICAgPFZhbGlkYXRpb25SdWxlIENsYXNzbmFtZT0iTWljcm9zb2Z0LlZpc3VhbFN0dWRpby5UZXN0VG9vbHMuV2ViVGVzdGluZy5SdWxlcy5WYWxpZGF0aW9uUnVsZVJlc3BvbnNlVGltZUdvYWwsIE1pY3Jvc29mdC5WaXN1YWxTdHVkaW8uUXVhbGl0eVRvb2xzLldlYlRlc3RGcmFtZXdvcmssIFZlcnNpb249MTAuMC4wLjAsIEN1bHR1cmU9bmV1dHJhbCwgUHVibGljS2V5VG9rZW49YjAzZjVmN2YxMWQ1MGEzYSIgRGlzcGxheU5hbWU9IuWbnuaHieaZgumWk+ebruaomSIgRGVzY3JpcHRpb249Iumpl+itieatpOimgeaxgueahOWbnuaHieaZgumWk+aYr+WQpuWwj+aWvOaIluetieaWvOatpOimgeaxguaJgOaMh+WumueahOWbnuaHieaZgumWk+ebruaomeOAguWbnuaHieaZgumWk+ebruaomeeCuumbtuWwh+iiq+W/veeVpeOAgiIgTGV2ZWw9IkxvdyIgRXhlY3R1aW9uT3JkZXI9IkFmdGVyRGVwZW5kZW50cyI+DQogICAgICA8UnVsZVBhcmFtZXRlcnM+DQogICAgICAgIDxSdWxlUGFyYW1ldGVyIE5hbWU9IlRvbGVyYW5jZSIgVmFsdWU9IjAiIC8+DQogICAgICA8L1J1bGVQYXJhbWV0ZXJzPg0KICAgIDwvVmFsaWRhdGlvblJ1bGU+DQogIDwvVmFsaWRhdGlvblJ1bGVzPg0KPC9XZWJUZXN0Pg==">
      <Execution id="fb7b667c-5531-42ab-a631-d5f9eeb4fd40" />
    </WebTest>
  </TestDefinitions>
  <TestLists>
    <TestList name="不在清單中的結果" id="8c84fa94-04c1-424b-9868-57a2d4851a1d" />
    <TestList name="所有載入的結果" id="19431567-8539-422a-85d7-44ee4e166bda" />
  </TestLists>
  <TestEntries>
    <TestEntry isTransparent="false" testId="eb6ecdde-0901-484f-ab72-b814a28627f6" executionId="fb7b667c-5531-42ab-a631-d5f9eeb4fd40" testListId="8c84fa94-04c1-424b-9868-57a2d4851a1d" />
  </TestEntries>
  <Results>
    <WebTestResult executionId="fb7b667c-5531-42ab-a631-d5f9eeb4fd40" testId="eb6ecdde-0901-484f-ab72-b814a28627f6" testName="WebTest1" computerName="ANSONHUANG" duration="00:00:00.6389961" startTime="2017-05-16T11:22:51.5736519+08:00" endTime="2017-05-16T11:23:02.8028973+08:00" testType="4e7599fa-5ecb-43e9-a887-cd63cf72d207" outcome="Passed" testListId="8c84fa94-04c1-424b-9868-57a2d4851a1d" relativeResultsDirectory="fb7b667c-5531-42ab-a631-d5f9eeb4fd40">
      <ResultFiles>
        <ResultFile path="WebTest1.webtestResult" />
      </ResultFiles>
      <TestSettings name="本機" id="f0316326-3a07-479d-8058-64131c18b509">
        <Description>這些是本機測試回合的預設測試設定。</Description>
        <Execution>
          <TestTypeSpecific>
            <WebTestRunConfiguration testTypeId="4e7599fa-5ecb-43e9-a887-cd63cf72d207">
              <Browser name="Internet Explorer 7.0">
                <Headers>
                  <Header name="User-Agent" value="Mozilla/4.0 (compatible; MSIE 7.0; Windows NT 5.1)" />
                  <Header name="Accept" value="*/*" />
                  <Header name="Accept-Language" value="{{$IEAcceptLanguage}}" />
                  <Header name="Accept-Encoding" value="GZIP" />
                </Headers>
              </Browser>
            </WebTestRunConfiguration>
          </TestTypeSpecific>
          <AgentRule name="Execution Agents">
          </AgentRule>
        </Execution>
        <Deployment runDeploymentRoot="YSHuang_ANSONHUANG 2017-05-16 11_22_51" />
      </TestSettings>
      <WebTestResultFilePath>YSHuang_ANSONHUANG 2017-05-16 11_22_51\In\fb7b667c-5531-42ab-a631-d5f9eeb4fd40\WebTest1.webtestResult</WebTestResultFilePath>
    </WebTestResult>
  </Results>
</TestRun>