<?xml version="1.0" encoding="UTF-8"?>
<TestRun id="45054653-9085-4d87-94bb-48b18b9b81cf" name="YSHuang@ANSONHUANG 2017-05-16 10:39:47" runUser="AnsonHuang\YSHuang" xmlns="http://microsoft.com/schemas/VisualStudio/TeamTest/2010">
  <TestSettings name="本機" id="f0316326-3a07-479d-8058-64131c18b509">
    <Description>這些是本機測試回合的預設測試設定。</Description>
    <Execution>
      <TestTypeSpecific />
      <AgentRule name="Execution Agents">
      </AgentRule>
    </Execution>
    <Deployment runDeploymentRoot="YSHuang_ANSONHUANG 2017-05-16 10_39_47" />
  </TestSettings>
  <Times creation="2017-05-16T10:39:47.4587700+08:00" queuing="2017-05-16T10:39:47.5957700+08:00" start="2017-05-16T10:39:47.6827700+08:00" finish="2017-05-16T10:39:59.9537700+08:00" />
  <ResultSummary outcome="Completed">
    <Counters total="1" executed="1" passed="1" error="0" failed="0" timeout="0" aborted="0" inconclusive="0" passedButRunAborted="0" notRunnable="0" notExecuted="0" disconnected="0" warning="0" completed="0" inProgress="0" pending="0" />
  </ResultSummary>
  <TestDefinitions>
    <WebTest name="WebTest1" storage="d:\git\attendant\loadtesting\loadtesting\webtest1.webtest" id="a5b43290-1c44-42f1-bfa2-c60d219f5d58" persistedWebTest="77u/PD94bWwgdmVyc2lvbj0iMS4wIiBlbmNvZGluZz0iVVRGLTgiIHN0YW5kYWxvbmU9InllcyI/Pg0KPFdlYlRlc3QgTmFtZT0iV2ViVGVzdDEiIElkPSJhNWI0MzI5MC0xYzQ0LTQyZjEtYmZhMi1jNjBkMjE5ZjVkNTgiIE93bmVyPSIiIFByaW9yaXR5PSIyMTQ3NDgzNjQ3IiBFbmFibGVkPSJUcnVlIiBDc3NQcm9qZWN0U3RydWN0dXJlPSIiIENzc0l0ZXJhdGlvbj0iIiBUaW1lb3V0PSIwIiBXb3JrSXRlbUlkcz0iIiB4bWxucz0iaHR0cDovL21pY3Jvc29mdC5jb20vc2NoZW1hcy9WaXN1YWxTdHVkaW8vVGVhbVRlc3QvMjAxMCIgRGVzY3JpcHRpb249IiIgQ3JlZGVudGlhbFVzZXJOYW1lPSIiIENyZWRlbnRpYWxQYXNzd29yZD0iIiBQcmVBdXRoZW50aWNhdGU9IlRydWUiIFByb3h5PSJkZWZhdWx0IiBTdG9wT25FcnJvcj0iRmFsc2UiIFJlY29yZGVkUmVzdWx0RmlsZT0iV2ViVGVzdDEuNWFiOTFmYjUtOTY4MC00NTY1LWE0YzYtNjkyNmJmYTE5YjI4LnJlYy53ZWJ0ZXN0cmVzdWx0IiBSZXN1bHRzTG9jYWxlPSIiPg0KICA8SXRlbXM+DQogICAgPFJlcXVlc3QgTWV0aG9kPSJHRVQiIEd1aWQ9IjlkMTQ5MmU0LTZkYmQtNDVkZi05ZDVlLWNiNmU2ZjRiMmZmNyIgVmVyc2lvbj0iMS4xIiBVcmw9Imh0dHA6Ly8xMC4xMS4zNi4xMTQ6ODAwNy9ocmxvZ2luL2hybG9naW4uYXNweCIgVGhpbmtUaW1lPSIwIiBUaW1lb3V0PSIzMDAiIFBhcnNlRGVwZW5kZW50UmVxdWVzdHM9IlRydWUiIEZvbGxvd1JlZGlyZWN0cz0iVHJ1ZSIgUmVjb3JkUmVzdWx0PSJUcnVlIiBDYWNoZT0iRmFsc2UiIFJlc3BvbnNlVGltZUdvYWw9IjAiIEVuY29kaW5nPSJ1dGYtOCIgRXhwZWN0ZWRIdHRwU3RhdHVzQ29kZT0iMCIgRXhwZWN0ZWRSZXNwb25zZVVybD0iIiBSZXBvcnRpbmdOYW1lPSIiIElnbm9yZUh0dHBTdGF0dXNDb2RlPSJGYWxzZSI+DQogICAgICA8RXh0cmFjdGlvblJ1bGVzPg0KICAgICAgICA8RXh0cmFjdGlvblJ1bGUgQ2xhc3NuYW1lPSJNaWNyb3NvZnQuVmlzdWFsU3R1ZGlvLlRlc3RUb29scy5XZWJUZXN0aW5nLlJ1bGVzLkV4dHJhY3RIaWRkZW5GaWVsZHMsIE1pY3Jvc29mdC5WaXN1YWxTdHVkaW8uUXVhbGl0eVRvb2xzLldlYlRlc3RGcmFtZXdvcmssIFZlcnNpb249MTAuMC4wLjAsIEN1bHR1cmU9bmV1dHJhbCwgUHVibGljS2V5VG9rZW49YjAzZjVmN2YxMWQ1MGEzYSIgVmFyaWFibGVOYW1lPSIxIiBEaXNwbGF5TmFtZT0i5pO35Y+W6Zqx6JeP5qyE5L2NIiBEZXNjcmlwdGlvbj0i5pO35Y+W5Zue5oeJ5Lit55qE5omA5pyJ6Zqx6JeP5qyE5L2N77yM5Lim5bCH5a6D5YCR5pS+5Zyo5ris6Kmm5YWn5a655Lit44CCIj4NCiAgICAgICAgICA8UnVsZVBhcmFtZXRlcnM+DQogICAgICAgICAgICA8UnVsZVBhcmFtZXRlciBOYW1lPSJSZXF1aXJlZCIgVmFsdWU9IlRydWUiIC8+DQogICAgICAgICAgICA8UnVsZVBhcmFtZXRlciBOYW1lPSJIdG1sRGVjb2RlIiBWYWx1ZT0iVHJ1ZSIgLz4NCiAgICAgICAgICA8L1J1bGVQYXJhbWV0ZXJzPg0KICAgICAgICA8L0V4dHJhY3Rpb25SdWxlPg0KICAgICAgPC9FeHRyYWN0aW9uUnVsZXM+DQogICAgICA8Q29ycmVsYXRpb25FeHRyYWN0aW9uUnVsZXM+DQogICAgICAgIDxFeHRyYWN0aW9uUnVsZSBDbGFzc25hbWU9Ik1pY3Jvc29mdC5WaXN1YWxTdHVkaW8uVGVzdFRvb2xzLldlYlRlc3RpbmcuUnVsZXMuRXh0cmFjdEZvcm1GaWVsZCwgTWljcm9zb2Z0LlZpc3VhbFN0dWRpby5RdWFsaXR5VG9vbHMuV2ViVGVzdEZyYW1ld29yaywgVmVyc2lvbj0xMC4wLjAuMCwgQ3VsdHVyZT1uZXV0cmFsLCBQdWJsaWNLZXlUb2tlbj1iMDNmNWY3ZjExZDUwYTNhIiBWYXJpYWJsZU5hbWU9IkZvcm1Qb3N0UGFyYW0xMy5idG5FeGVjdXRlIiBEaXNwbGF5TmFtZT0iIiBEZXNjcmlwdGlvbj0iIj4NCiAgICAgICAgICA8UnVsZVBhcmFtZXRlcnM+DQogICAgICAgICAgICA8UnVsZVBhcmFtZXRlciBOYW1lPSJOYW1lIiBWYWx1ZT0iYnRuRXhlY3V0ZSIgLz4NCiAgICAgICAgICAgIDxSdWxlUGFyYW1ldGVyIE5hbWU9Ikh0bWxEZWNvZGUiIFZhbHVlPSJUcnVlIiAvPg0KICAgICAgICAgICAgPFJ1bGVQYXJhbWV0ZXIgTmFtZT0iUmVxdWlyZWQiIFZhbHVlPSJGYWxzZSIgLz4NCiAgICAgICAgICAgIDxSdWxlUGFyYW1ldGVyIE5hbWU9IkluZGV4IiBWYWx1ZT0iMCIgLz4NCiAgICAgICAgICA8L1J1bGVQYXJhbWV0ZXJzPg0KICAgICAgICA8L0V4dHJhY3Rpb25SdWxlPg0KICAgICAgICA8RXh0cmFjdGlvblJ1bGUgQ2xhc3NuYW1lPSJNaWNyb3NvZnQuVmlzdWFsU3R1ZGlvLlRlc3RUb29scy5XZWJUZXN0aW5nLlJ1bGVzLkV4dHJhY3RUZXh0LCBNaWNyb3NvZnQuVmlzdWFsU3R1ZGlvLlF1YWxpdHlUb29scy5XZWJUZXN0RnJhbWV3b3JrLCBWZXJzaW9uPTEwLjAuMC4wLCBDdWx0dXJlPW5ldXRyYWwsIFB1YmxpY0tleVRva2VuPWIwM2Y1ZjdmMTFkNTBhM2EiIFZhcmlhYmxlTmFtZT0iRm9ybVBvc3RQYXJhbTE0LmRkbFVJQ3VsdHVyZSIgRGlzcGxheU5hbWU9IiIgRGVzY3JpcHRpb249IiI+DQogICAgICAgICAgPFJ1bGVQYXJhbWV0ZXJzPg0KICAgICAgICAgICAgPFJ1bGVQYXJhbWV0ZXIgTmFtZT0iU3RhcnRzV2l0aCIgVmFsdWU9Imx1ZT0mcXVvdDsiIC8+DQogICAgICAgICAgICA8UnVsZVBhcmFtZXRlciBOYW1lPSJFbmRzV2l0aCIgVmFsdWU9IiZxdW90OyZndDvmraPpq5TkuK0iIC8+DQogICAgICAgICAgICA8UnVsZVBhcmFtZXRlciBOYW1lPSJJbmRleCIgVmFsdWU9IjgiIC8+DQogICAgICAgICAgICA8UnVsZVBhcmFtZXRlciBOYW1lPSJJZ25vcmVDYXNlIiBWYWx1ZT0iRmFsc2UiIC8+DQogICAgICAgICAgICA8UnVsZVBhcmFtZXRlciBOYW1lPSJVc2VSZWd1bGFyRXhwcmVzc2lvbiIgVmFsdWU9IkZhbHNlIiAvPg0KICAgICAgICAgICAgPFJ1bGVQYXJhbWV0ZXIgTmFtZT0iSHRtbERlY29kZSIgVmFsdWU9IlRydWUiIC8+DQogICAgICAgICAgICA8UnVsZVBhcmFtZXRlciBOYW1lPSJSZXF1aXJlZCIgVmFsdWU9IkZhbHNlIiAvPg0KICAgICAgICAgIDwvUnVsZVBhcmFtZXRlcnM+DQogICAgICAgIDwvRXh0cmFjdGlvblJ1bGU+DQogICAgICA8L0NvcnJlbGF0aW9uRXh0cmFjdGlvblJ1bGVzPg0KICAgIDwvUmVxdWVzdD4NCiAgICA8UmVxdWVzdCBNZXRob2Q9IlBPU1QiIEd1aWQ9IjBkMDVjZGExLWNlZWEtNGY2Ny1hMTgwLTY3MTUyZDU2OTk5YSIgVmVyc2lvbj0iMS4xIiBVcmw9Imh0dHA6Ly8xMC4xMS4zNi4xMTQ6ODAwNy9ocmxvZ2luL2hybG9naW4uYXNweCIgVGhpbmtUaW1lPSI2MiIgVGltZW91dD0iMzAwIiBQYXJzZURlcGVuZGVudFJlcXVlc3RzPSJUcnVlIiBGb2xsb3dSZWRpcmVjdHM9IlRydWUiIFJlY29yZFJlc3VsdD0iVHJ1ZSIgQ2FjaGU9IkZhbHNlIiBSZXNwb25zZVRpbWVHb2FsPSIwIiBFbmNvZGluZz0idXRmLTgiIEV4cGVjdGVkSHR0cFN0YXR1c0NvZGU9IjAiIEV4cGVjdGVkUmVzcG9uc2VVcmw9IiIgUmVwb3J0aW5nTmFtZT0iIiBJZ25vcmVIdHRwU3RhdHVzQ29kZT0iRmFsc2UiPg0KICAgICAgPEZvcm1Qb3N0SHR0cEJvZHk+DQogICAgICAgIDxGb3JtUG9zdFBhcmFtZXRlciBOYW1lPSJfX0xBU1RGT0NVUyIgVmFsdWU9Int7JEhJRERFTjEuX19MQVNURk9DVVN9fSIgUmVjb3JkZWRWYWx1ZT0iIiBDb3JyZWxhdGlvbkJpbmRpbmc9IiIgVXJsRW5jb2RlPSJUcnVlIiAvPg0KICAgICAgICA8Rm9ybVBvc3RQYXJhbWV0ZXIgTmFtZT0iX19FVkVOVFRBUkdFVCIgVmFsdWU9Int7JEhJRERFTjEuX19FVkVOVFRBUkdFVH19IiBSZWNvcmRlZFZhbHVlPSIiIENvcnJlbGF0aW9uQmluZGluZz0iIiBVcmxFbmNvZGU9IlRydWUiIC8+DQogICAgICAgIDxGb3JtUG9zdFBhcmFtZXRlciBOYW1lPSJfX0VWRU5UQVJHVU1FTlQiIFZhbHVlPSJ7eyRISURERU4xLl9fRVZFTlRBUkdVTUVOVH19IiBSZWNvcmRlZFZhbHVlPSIiIENvcnJlbGF0aW9uQmluZGluZz0iIiBVcmxFbmNvZGU9IlRydWUiIC8+DQogICAgICAgIDxGb3JtUG9zdFBhcmFtZXRlciBOYW1lPSJfX1ZJRVdTVEFURSIgVmFsdWU9Int7JEhJRERFTjEuX19WSUVXU1RBVEV9fSIgUmVjb3JkZWRWYWx1ZT0iL3dFUER3VUtMVFExTkRNMU1UQTBNZzlrRmdJQ0F3OWtGZ1FDQVE4V0FoNEhWbWx6YVdKc1pXY1dCQUlCRHc4V0hoNEtYMDFoZUV4bGJtZDBhR1llRWw5SmMwRjFkRzlVYjFWd2NHVnlRMkZ6WldnZURGOUpjMEZqZEdsMlpVbE5SV2NlQzE5SmMxQmhjM04zYjNKa2FCNE9YMVJsZUhSVGFHbG1kRXRwYm1RTEtYOVRhVzV2VUdGakxsZGxZa1Y0Y0hKbGMzTXVRMjl0Ylc5dUxsVjBhV3dyVkdWNGRGTm9hV1owUzJsdVpDd2dVMmx1YjFCaFl5NVhaV0pGZUhCeVpYTnpMa052YlcxdmJpd2dWbVZ5YzJsdmJqMDNMak11TXpFdU1Td2dRM1ZzZEhWeVpUMXVaWFYwY21Gc0xDQlFkV0pzYVdOTFpYbFViMnRsYmoxdWRXeHNBQjRLWDFkaGRHVnlUV0Z5YTJVZUNGOUpjME5zWldGeWFCNElYMVJ2YjJ4VWFYQmxIZ3RmU1hOU1pXRmtUMjVzZVdnZUNWOURjM05EYkdGemMyVWVEMTlKYzFkcFpIUm9RbmxRYVhobGJHY2VFMTlKYzBScGMzQkZiblJsY21Wa1YyOXlaSE5vSGdaZlYybGtkR2dDVUI0SVgwbHpSbTlqZFhObkhnbGZTWE5TWldkRmVIQm9aQllFQWdFUFpCWUNBZ0VQRUE5a0ZnSWVCMjl1WTJ4cFkyc0Z2d0YyWVhJZ2IxWmhiR2xrSUQwZ1pHOWpkVzFsYm5RdVoyVjBSV3hsYldWdWRFSjVTV1FvSjNSNGRGVnpaWEpKUkY5U1pYRjFhWEpsWkVacFpXeGtWbUZzYVdSaGRHOXlNU2NwTzFaaGJHbGtZWFJ2Y2tWdVlXSnNaU2h2Vm1Gc2FXUXNkR2hwY3k1amFHVmphMlZrS1R0VmRHbHNYME5vYTBKdmVGUnZaMmRzWlZacGMybGlhV3hwZEhrb0ozUjRkRlZ6WlhKSlJGOWphR3RXYVhOcFltbHNhWFI1Snl3Z0ozUjRkRlZ6WlhKSlJGOWthWFpFWVhSaFFYSmxZU2NwTzJSa1pBSUREeFlDSGdWemRIbHNaUVUyWm14dllYUTZiR1ZtZER0a2FYTndiR0Y1T21sdWJHbHVaUzFpYkc5amF6dHdZV1JrYVc1bk9qQTdkbWx6YVdKcGJHbDBlVG83RmdZQ0FROFBGZ2dlQ0ZKbFlXUlBibXg1YUI0RlYybGtkR2diQUFBQUFBQUFWRUFCQUFBQUhnaERjM05EYkdGemMyVWVCRjhoVTBJQ2dnSVdBaDRIYjI1clpYbDFjQVVPZEdocGN5NTBhWFJzWlQwbkp6dGtBZ01QRHhZRUh4TWJBQUFBQUFBQVZFQUJBQUFBSHhVQ2dBSmtaQUlGRDJRV0FnSUJEdzhXQWg0RVZHVjRkQVVYVytXa3ArV3ZxK21PbHVXdW1sM2x0N0xsbFovbmxLZ1dBaDhSQlpRQmNHRmtaR2x1WnpvZ01uQjRJREV3Y0hnZ01uQjRJREV3Y0hnN0lHTnZiRzl5T2lNd01EQTdJR0poWTJ0bmNtOTFibVE2SUNOR1JrVTRRVFk3SUdadmJuUXRkMlZwWjJoME9pQmliMnhrT3lCaWIzSmtaWEk2SURGd2VDQnpiMnhwWkNCa1lYSnJaM0poZVRzZ2QyaHBkR1V0YzNCaFkyVTZJRzV2ZDNKaGNEc2dZbTl5WkdWeUxYSmhaR2wxY3pvZ00zQjRPMlFDQXc4UUR4WUdIZzVFWVhSaFZtRnNkV1ZHYVdWc1pBVURTMlY1SGcxRVlYUmhWR1Y0ZEVacFpXeGtCUVZXWVd4MVpSNExYeUZFWVhSaFFtOTFibVJuWkJBVkJBZEZibWRzYVhOb0RPZXVnT1M5aytTNHJlYVdod3ptcmFQcHE1VGt1SzNtbG9jTTU2NkE1TDJUNXJHSjZLK3RGUVFDWlc0R2VtZ3RRMGhUQm5wb0xVTklWQWQ2YUMxSVlXNXpGQ3NEQkdkbloyZGtaQUlERHc4V0FoOFhaV1JrWkNjVlJZWFRoOWpDQ013U2N3NG5SdVYwOW0vOSIgQ29ycmVsYXRpb25CaW5kaW5nPSIiIFVybEVuY29kZT0iVHJ1ZSIgLz4NCiAgICAgICAgPEZvcm1Qb3N0UGFyYW1ldGVyIE5hbWU9Il9fVklFV1NUQVRFR0VORVJBVE9SIiBWYWx1ZT0ie3skSElEREVOMS5fX1ZJRVdTVEFURUdFTkVSQVRPUn19IiBSZWNvcmRlZFZhbHVlPSI1QkIwRjI5MCIgQ29ycmVsYXRpb25CaW5kaW5nPSIiIFVybEVuY29kZT0iVHJ1ZSIgLz4NCiAgICAgICAgPEZvcm1Qb3N0UGFyYW1ldGVyIE5hbWU9Il9fRVZFTlRWQUxJREFUSU9OIiBWYWx1ZT0ie3skSElEREVOMS5fX0VWRU5UVkFMSURBVElPTn19IiBSZWNvcmRlZFZhbHVlPSIvd0VkQUFqWnpnZWRLN1dIbnVLQTJvK3NWUkFUWmhUcW8yeWRyY0F2VlhoVlgwS0ZLWUlGZlJSWmhYc3hVeTQzcWZtVmdQK0xSYnFYQXI0cFhSQXg1TGdQUEZqZ2VDUEZjbjVhUE1ZaEI2Z2VsMG8vYmwzRlEvcW5RVzJ1Rm9aUG5od3JKMWRnekNrcHFjWEhvTFdSK2ZjOHhIM1lSclBwR3pyRCtaRzBXazRZcm4zNUZ2a2VmL3RaUmc3R2NGTjM3TmdLRzZVV05QZ2UiIENvcnJlbGF0aW9uQmluZGluZz0iIiBVcmxFbmNvZGU9IlRydWUiIC8+DQogICAgICAgIDxGb3JtUG9zdFBhcmFtZXRlciBOYW1lPSJ0eHRVc2VySUQkdHh0RGF0YSIgVmFsdWU9IjEwMjExOSIgUmVjb3JkZWRWYWx1ZT0iMTAyMTE5IiBDb3JyZWxhdGlvbkJpbmRpbmc9IiIgVXJsRW5jb2RlPSJUcnVlIiAvPg0KICAgICAgICA8Rm9ybVBvc3RQYXJhbWV0ZXIgTmFtZT0iZGRsVUlDdWx0dXJlIiBWYWx1ZT0iemgtQ0hUIiBSZWNvcmRlZFZhbHVlPSJ6aC1DSFQiIENvcnJlbGF0aW9uQmluZGluZz0ie3tGb3JtUG9zdFBhcmFtMTQuZGRsVUlDdWx0dXJlfX0iIFVybEVuY29kZT0iVHJ1ZSIgLz4NCiAgICAgICAgPEZvcm1Qb3N0UGFyYW1ldGVyIE5hbWU9ImJ0bkV4ZWN1dGUiIFZhbHVlPSJMb2NhbCBMb2dpbiIgUmVjb3JkZWRWYWx1ZT0iTG9jYWwgTG9naW4iIENvcnJlbGF0aW9uQmluZGluZz0ie3tGb3JtUG9zdFBhcmFtMTMuYnRuRXhlY3V0ZX19IiBVcmxFbmNvZGU9IlRydWUiIC8+DQogICAgICA8L0Zvcm1Qb3N0SHR0cEJvZHk+DQogICAgPC9SZXF1ZXN0Pg0KICAgIDxSZXF1ZXN0IE1ldGhvZD0iR0VUIiBHdWlkPSJlYjRhMGIyYy03MDkyLTRiMGUtOGU0My0yMWQzMjRiZjI0YjgiIFZlcnNpb249IjEuMSIgVXJsPSJodHRwOi8vMTAuMTEuMzYuMTE0OjgwMDcvT3ZlclRpbWUvT3ZlcnRpbWVQcmVPcmRlci5hc3B4IiBUaGlua1RpbWU9IjE0MyIgVGltZW91dD0iMzAwIiBQYXJzZURlcGVuZGVudFJlcXVlc3RzPSJUcnVlIiBGb2xsb3dSZWRpcmVjdHM9IlRydWUiIFJlY29yZFJlc3VsdD0iVHJ1ZSIgQ2FjaGU9IkZhbHNlIiBSZXNwb25zZVRpbWVHb2FsPSIwIiBFbmNvZGluZz0idXRmLTgiIEV4cGVjdGVkSHR0cFN0YXR1c0NvZGU9IjAiIEV4cGVjdGVkUmVzcG9uc2VVcmw9IiIgUmVwb3J0aW5nTmFtZT0iIiBJZ25vcmVIdHRwU3RhdHVzQ29kZT0iRmFsc2UiPg0KICAgICAgPEV4dHJhY3Rpb25SdWxlcz4NCiAgICAgICAgPEV4dHJhY3Rpb25SdWxlIENsYXNzbmFtZT0iTWljcm9zb2Z0LlZpc3VhbFN0dWRpby5UZXN0VG9vbHMuV2ViVGVzdGluZy5SdWxlcy5FeHRyYWN0SGlkZGVuRmllbGRzLCBNaWNyb3NvZnQuVmlzdWFsU3R1ZGlvLlF1YWxpdHlUb29scy5XZWJUZXN0RnJhbWV3b3JrLCBWZXJzaW9uPTEwLjAuMC4wLCBDdWx0dXJlPW5ldXRyYWwsIFB1YmxpY0tleVRva2VuPWIwM2Y1ZjdmMTFkNTBhM2EiIFZhcmlhYmxlTmFtZT0iMSIgRGlzcGxheU5hbWU9IuaTt+WPlumaseiXj+ashOS9jSIgRGVzY3JpcHRpb249IuaTt+WPluWbnuaHieS4reeahOaJgOaciemaseiXj+ashOS9je+8jOS4puWwh+Wug+WAkeaUvuWcqOa4rOippuWFp+WuueS4reOAgiI+DQogICAgICAgICAgPFJ1bGVQYXJhbWV0ZXJzPg0KICAgICAgICAgICAgPFJ1bGVQYXJhbWV0ZXIgTmFtZT0iUmVxdWlyZWQiIFZhbHVlPSJUcnVlIiAvPg0KICAgICAgICAgICAgPFJ1bGVQYXJhbWV0ZXIgTmFtZT0iSHRtbERlY29kZSIgVmFsdWU9IlRydWUiIC8+DQogICAgICAgICAgPC9SdWxlUGFyYW1ldGVycz4NCiAgICAgICAgPC9FeHRyYWN0aW9uUnVsZT4NCiAgICAgIDwvRXh0cmFjdGlvblJ1bGVzPg0KICAgICAgPENvcnJlbGF0aW9uRXh0cmFjdGlvblJ1bGVzPg0KICAgICAgICA8RXh0cmFjdGlvblJ1bGUgQ2xhc3NuYW1lPSJNaWNyb3NvZnQuVmlzdWFsU3R1ZGlvLlRlc3RUb29scy5XZWJUZXN0aW5nLlJ1bGVzLkV4dHJhY3RGb3JtRmllbGQsIE1pY3Jvc29mdC5WaXN1YWxTdHVkaW8uUXVhbGl0eVRvb2xzLldlYlRlc3RGcmFtZXdvcmssIFZlcnNpb249MTAuMC4wLjAsIEN1bHR1cmU9bmV1dHJhbCwgUHVibGljS2V5VG9rZW49YjAzZjVmN2YxMWQ1MGEzYSIgVmFyaWFibGVOYW1lPSJGb3JtUG9zdFBhcmFtOS5idG5RdWVyeSIgRGlzcGxheU5hbWU9IiIgRGVzY3JpcHRpb249IiI+DQogICAgICAgICAgPFJ1bGVQYXJhbWV0ZXJzPg0KICAgICAgICAgICAgPFJ1bGVQYXJhbWV0ZXIgTmFtZT0iTmFtZSIgVmFsdWU9ImJ0blF1ZXJ5IiAvPg0KICAgICAgICAgICAgPFJ1bGVQYXJhbWV0ZXIgTmFtZT0iSHRtbERlY29kZSIgVmFsdWU9IlRydWUiIC8+DQogICAgICAgICAgICA8UnVsZVBhcmFtZXRlciBOYW1lPSJSZXF1aXJlZCIgVmFsdWU9IkZhbHNlIiAvPg0KICAgICAgICAgICAgPFJ1bGVQYXJhbWV0ZXIgTmFtZT0iSW5kZXgiIFZhbHVlPSIwIiAvPg0KICAgICAgICAgIDwvUnVsZVBhcmFtZXRlcnM+DQogICAgICAgIDwvRXh0cmFjdGlvblJ1bGU+DQogICAgICAgIDxFeHRyYWN0aW9uUnVsZSBDbGFzc25hbWU9Ik1pY3Jvc29mdC5WaXN1YWxTdHVkaW8uVGVzdFRvb2xzLldlYlRlc3RpbmcuUnVsZXMuRXh0cmFjdEZvcm1GaWVsZCwgTWljcm9zb2Z0LlZpc3VhbFN0dWRpby5RdWFsaXR5VG9vbHMuV2ViVGVzdEZyYW1ld29yaywgVmVyc2lvbj0xMC4wLjAuMCwgQ3VsdHVyZT1uZXV0cmFsLCBQdWJsaWNLZXlUb2tlbj1iMDNmNWY3ZjExZDUwYTNhIiBWYXJpYWJsZU5hbWU9IkZvcm1Qb3N0UGFyYW0xMC50eHRPVEVtcElEIiBEaXNwbGF5TmFtZT0iIiBEZXNjcmlwdGlvbj0iIj4NCiAgICAgICAgICA8UnVsZVBhcmFtZXRlcnM+DQogICAgICAgICAgICA8UnVsZVBhcmFtZXRlciBOYW1lPSJOYW1lIiBWYWx1ZT0idHh0T1RFbXBJRCIgLz4NCiAgICAgICAgICAgIDxSdWxlUGFyYW1ldGVyIE5hbWU9Ikh0bWxEZWNvZGUiIFZhbHVlPSJUcnVlIiAvPg0KICAgICAgICAgICAgPFJ1bGVQYXJhbWV0ZXIgTmFtZT0iUmVxdWlyZWQiIFZhbHVlPSJGYWxzZSIgLz4NCiAgICAgICAgICAgIDxSdWxlUGFyYW1ldGVyIE5hbWU9IkluZGV4IiBWYWx1ZT0iMCIgLz4NCiAgICAgICAgICA8L1J1bGVQYXJhbWV0ZXJzPg0KICAgICAgICA8L0V4dHJhY3Rpb25SdWxlPg0KICAgICAgICA8RXh0cmFjdGlvblJ1bGUgQ2xhc3NuYW1lPSJNaWNyb3NvZnQuVmlzdWFsU3R1ZGlvLlRlc3RUb29scy5XZWJUZXN0aW5nLlJ1bGVzLkV4dHJhY3RUZXh0LCBNaWNyb3NvZnQuVmlzdWFsU3R1ZGlvLlF1YWxpdHlUb29scy5XZWJUZXN0RnJhbWV3b3JrLCBWZXJzaW9uPTEwLjAuMC4wLCBDdWx0dXJlPW5ldXRyYWwsIFB1YmxpY0tleVRva2VuPWIwM2Y1ZjdmMTFkNTBhM2EiIFZhcmlhYmxlTmFtZT0iRm9ybVBvc3RQYXJhbTExLmRkbFF1ZXJ5Q29uZGl0aW9ucyIgRGlzcGxheU5hbWU9IiIgRGVzY3JpcHRpb249IiI+DQogICAgICAgICAgPFJ1bGVQYXJhbWV0ZXJzPg0KICAgICAgICAgICAgPFJ1bGVQYXJhbWV0ZXIgTmFtZT0iU3RhcnRzV2l0aCIgVmFsdWU9InMmcXVvdDs6WyZxdW90OyIgLz4NCiAgICAgICAgICAgIDxSdWxlUGFyYW1ldGVyIE5hbWU9IkVuZHNXaXRoIiBWYWx1ZT0iJnF1b3Q7LCZxdW90OzEmcXVvdDsiIC8+DQogICAgICAgICAgICA8UnVsZVBhcmFtZXRlciBOYW1lPSJJbmRleCIgVmFsdWU9IjAiIC8+DQogICAgICAgICAgICA8UnVsZVBhcmFtZXRlciBOYW1lPSJJZ25vcmVDYXNlIiBWYWx1ZT0iRmFsc2UiIC8+DQogICAgICAgICAgICA8UnVsZVBhcmFtZXRlciBOYW1lPSJVc2VSZWd1bGFyRXhwcmVzc2lvbiIgVmFsdWU9IkZhbHNlIiAvPg0KICAgICAgICAgICAgPFJ1bGVQYXJhbWV0ZXIgTmFtZT0iSHRtbERlY29kZSIgVmFsdWU9IlRydWUiIC8+DQogICAgICAgICAgICA8UnVsZVBhcmFtZXRlciBOYW1lPSJSZXF1aXJlZCIgVmFsdWU9IkZhbHNlIiAvPg0KICAgICAgICAgIDwvUnVsZVBhcmFtZXRlcnM+DQogICAgICAgIDwvRXh0cmFjdGlvblJ1bGU+DQogICAgICAgIDxFeHRyYWN0aW9uUnVsZSBDbGFzc25hbWU9Ik1pY3Jvc29mdC5WaXN1YWxTdHVkaW8uVGVzdFRvb2xzLldlYlRlc3RpbmcuUnVsZXMuRXh0cmFjdFRleHQsIE1pY3Jvc29mdC5WaXN1YWxTdHVkaW8uUXVhbGl0eVRvb2xzLldlYlRlc3RGcmFtZXdvcmssIFZlcnNpb249MTAuMC4wLjAsIEN1bHR1cmU9bmV1dHJhbCwgUHVibGljS2V5VG9rZW49YjAzZjVmN2YxMWQ1MGEzYSIgVmFyaWFibGVOYW1lPSJGb3JtUG9zdFBhcmFtMTIuZGRsT1RTdGF0dXMiIERpc3BsYXlOYW1lPSIiIERlc2NyaXB0aW9uPSIiPg0KICAgICAgICAgIDxSdWxlUGFyYW1ldGVycz4NCiAgICAgICAgICAgIDxSdWxlUGFyYW1ldGVyIE5hbWU9IlN0YXJ0c1dpdGgiIFZhbHVlPSJzJnF1b3Q7OlsmcXVvdDsiIC8+DQogICAgICAgICAgICA8UnVsZVBhcmFtZXRlciBOYW1lPSJFbmRzV2l0aCIgVmFsdWU9IiZxdW90OywmcXVvdDsxJnF1b3Q7IiAvPg0KICAgICAgICAgICAgPFJ1bGVQYXJhbWV0ZXIgTmFtZT0iSW5kZXgiIFZhbHVlPSIwIiAvPg0KICAgICAgICAgICAgPFJ1bGVQYXJhbWV0ZXIgTmFtZT0iSWdub3JlQ2FzZSIgVmFsdWU9IkZhbHNlIiAvPg0KICAgICAgICAgICAgPFJ1bGVQYXJhbWV0ZXIgTmFtZT0iVXNlUmVndWxhckV4cHJlc3Npb24iIFZhbHVlPSJGYWxzZSIgLz4NCiAgICAgICAgICAgIDxSdWxlUGFyYW1ldGVyIE5hbWU9Ikh0bWxEZWNvZGUiIFZhbHVlPSJUcnVlIiAvPg0KICAgICAgICAgICAgPFJ1bGVQYXJhbWV0ZXIgTmFtZT0iUmVxdWlyZWQiIFZhbHVlPSJGYWxzZSIgLz4NCiAgICAgICAgICA8L1J1bGVQYXJhbWV0ZXJzPg0KICAgICAgICA8L0V4dHJhY3Rpb25SdWxlPg0KICAgICAgPC9Db3JyZWxhdGlvbkV4dHJhY3Rpb25SdWxlcz4NCiAgICA8L1JlcXVlc3Q+DQogICAgPFJlcXVlc3QgTWV0aG9kPSJQT1NUIiBHdWlkPSI0YzczMzk5NS0zOWEwLTQzZjEtODQyYy1lN2Y0ZTRmNGRlMTQiIFZlcnNpb249IjEuMSIgVXJsPSJodHRwOi8vMTAuMTEuMzYuMTE0OjgwMDcvT3ZlclRpbWUvT3ZlcnRpbWVQcmVPcmRlci5hc3B4IiBUaGlua1RpbWU9IjQ2IiBUaW1lb3V0PSIzMDAiIFBhcnNlRGVwZW5kZW50UmVxdWVzdHM9IlRydWUiIEZvbGxvd1JlZGlyZWN0cz0iVHJ1ZSIgUmVjb3JkUmVzdWx0PSJUcnVlIiBDYWNoZT0iRmFsc2UiIFJlc3BvbnNlVGltZUdvYWw9IjAiIEVuY29kaW5nPSJ1dGYtOCIgRXhwZWN0ZWRIdHRwU3RhdHVzQ29kZT0iMCIgRXhwZWN0ZWRSZXNwb25zZVVybD0iIiBSZXBvcnRpbmdOYW1lPSIiIElnbm9yZUh0dHBTdGF0dXNDb2RlPSJGYWxzZSI+DQogICAgICA8RXh0cmFjdGlvblJ1bGVzPg0KICAgICAgICA8RXh0cmFjdGlvblJ1bGUgQ2xhc3NuYW1lPSJNaWNyb3NvZnQuVmlzdWFsU3R1ZGlvLlRlc3RUb29scy5XZWJUZXN0aW5nLlJ1bGVzLkV4dHJhY3RIaWRkZW5GaWVsZHMsIE1pY3Jvc29mdC5WaXN1YWxTdHVkaW8uUXVhbGl0eVRvb2xzLldlYlRlc3RGcmFtZXdvcmssIFZlcnNpb249MTAuMC4wLjAsIEN1bHR1cmU9bmV1dHJhbCwgUHVibGljS2V5VG9rZW49YjAzZjVmN2YxMWQ1MGEzYSIgVmFyaWFibGVOYW1lPSIxIiBEaXNwbGF5TmFtZT0i5pO35Y+W6Zqx6JeP5qyE5L2NIiBEZXNjcmlwdGlvbj0i5pO35Y+W5Zue5oeJ5Lit55qE5omA5pyJ6Zqx6JeP5qyE5L2N77yM5Lim5bCH5a6D5YCR5pS+5Zyo5ris6Kmm5YWn5a655Lit44CCIj4NCiAgICAgICAgICA8UnVsZVBhcmFtZXRlcnM+DQogICAgICAgICAgICA8UnVsZVBhcmFtZXRlciBOYW1lPSJSZXF1aXJlZCIgVmFsdWU9IlRydWUiIC8+DQogICAgICAgICAgICA8UnVsZVBhcmFtZXRlciBOYW1lPSJIdG1sRGVjb2RlIiBWYWx1ZT0iVHJ1ZSIgLz4NCiAgICAgICAgICA8L1J1bGVQYXJhbWV0ZXJzPg0KICAgICAgICA8L0V4dHJhY3Rpb25SdWxlPg0KICAgICAgPC9FeHRyYWN0aW9uUnVsZXM+DQogICAgICA8Q29ycmVsYXRpb25FeHRyYWN0aW9uUnVsZXM+DQogICAgICAgIDxFeHRyYWN0aW9uUnVsZSBDbGFzc25hbWU9Ik1pY3Jvc29mdC5WaXN1YWxTdHVkaW8uVGVzdFRvb2xzLldlYlRlc3RpbmcuUnVsZXMuRXh0cmFjdEZvcm1GaWVsZCwgTWljcm9zb2Z0LlZpc3VhbFN0dWRpby5RdWFsaXR5VG9vbHMuV2ViVGVzdEZyYW1ld29yaywgVmVyc2lvbj0xMC4wLjAuMCwgQ3VsdHVyZT1uZXV0cmFsLCBQdWJsaWNLZXlUb2tlbj1iMDNmNWY3ZjExZDUwYTNhIiBWYXJpYWJsZU5hbWU9IkZvcm1Qb3N0UGFyYW01LmJ0blF1ZXJ5IiBEaXNwbGF5TmFtZT0iIiBEZXNjcmlwdGlvbj0iIj4NCiAgICAgICAgICA8UnVsZVBhcmFtZXRlcnM+DQogICAgICAgICAgICA8UnVsZVBhcmFtZXRlciBOYW1lPSJOYW1lIiBWYWx1ZT0iYnRuUXVlcnkiIC8+DQogICAgICAgICAgICA8UnVsZVBhcmFtZXRlciBOYW1lPSJIdG1sRGVjb2RlIiBWYWx1ZT0iVHJ1ZSIgLz4NCiAgICAgICAgICAgIDxSdWxlUGFyYW1ldGVyIE5hbWU9IlJlcXVpcmVkIiBWYWx1ZT0iRmFsc2UiIC8+DQogICAgICAgICAgICA8UnVsZVBhcmFtZXRlciBOYW1lPSJJbmRleCIgVmFsdWU9IjAiIC8+DQogICAgICAgICAgPC9SdWxlUGFyYW1ldGVycz4NCiAgICAgICAgPC9FeHRyYWN0aW9uUnVsZT4NCiAgICAgICAgPEV4dHJhY3Rpb25SdWxlIENsYXNzbmFtZT0iTWljcm9zb2Z0LlZpc3VhbFN0dWRpby5UZXN0VG9vbHMuV2ViVGVzdGluZy5SdWxlcy5FeHRyYWN0Rm9ybUZpZWxkLCBNaWNyb3NvZnQuVmlzdWFsU3R1ZGlvLlF1YWxpdHlUb29scy5XZWJUZXN0RnJhbWV3b3JrLCBWZXJzaW9uPTEwLjAuMC4wLCBDdWx0dXJlPW5ldXRyYWwsIFB1YmxpY0tleVRva2VuPWIwM2Y1ZjdmMTFkNTBhM2EiIFZhcmlhYmxlTmFtZT0iRm9ybVBvc3RQYXJhbTYudHh0T1RFbXBJRCIgRGlzcGxheU5hbWU9IiIgRGVzY3JpcHRpb249IiI+DQogICAgICAgICAgPFJ1bGVQYXJhbWV0ZXJzPg0KICAgICAgICAgICAgPFJ1bGVQYXJhbWV0ZXIgTmFtZT0iTmFtZSIgVmFsdWU9InR4dE9URW1wSUQiIC8+DQogICAgICAgICAgICA8UnVsZVBhcmFtZXRlciBOYW1lPSJIdG1sRGVjb2RlIiBWYWx1ZT0iVHJ1ZSIgLz4NCiAgICAgICAgICAgIDxSdWxlUGFyYW1ldGVyIE5hbWU9IlJlcXVpcmVkIiBWYWx1ZT0iRmFsc2UiIC8+DQogICAgICAgICAgICA8UnVsZVBhcmFtZXRlciBOYW1lPSJJbmRleCIgVmFsdWU9IjAiIC8+DQogICAgICAgICAgPC9SdWxlUGFyYW1ldGVycz4NCiAgICAgICAgPC9FeHRyYWN0aW9uUnVsZT4NCiAgICAgICAgPEV4dHJhY3Rpb25SdWxlIENsYXNzbmFtZT0iTWljcm9zb2Z0LlZpc3VhbFN0dWRpby5UZXN0VG9vbHMuV2ViVGVzdGluZy5SdWxlcy5FeHRyYWN0VGV4dCwgTWljcm9zb2Z0LlZpc3VhbFN0dWRpby5RdWFsaXR5VG9vbHMuV2ViVGVzdEZyYW1ld29yaywgVmVyc2lvbj0xMC4wLjAuMCwgQ3VsdHVyZT1uZXV0cmFsLCBQdWJsaWNLZXlUb2tlbj1iMDNmNWY3ZjExZDUwYTNhIiBWYXJpYWJsZU5hbWU9IkZvcm1Qb3N0UGFyYW03LmRkbFF1ZXJ5Q29uZGl0aW9ucyIgRGlzcGxheU5hbWU9IiIgRGVzY3JpcHRpb249IiI+DQogICAgICAgICAgPFJ1bGVQYXJhbWV0ZXJzPg0KICAgICAgICAgICAgPFJ1bGVQYXJhbWV0ZXIgTmFtZT0iU3RhcnRzV2l0aCIgVmFsdWU9InMmcXVvdDs6WyZxdW90OyIgLz4NCiAgICAgICAgICAgIDxSdWxlUGFyYW1ldGVyIE5hbWU9IkVuZHNXaXRoIiBWYWx1ZT0iJnF1b3Q7LCZxdW90OzEmcXVvdDsiIC8+DQogICAgICAgICAgICA8UnVsZVBhcmFtZXRlciBOYW1lPSJJbmRleCIgVmFsdWU9IjAiIC8+DQogICAgICAgICAgICA8UnVsZVBhcmFtZXRlciBOYW1lPSJJZ25vcmVDYXNlIiBWYWx1ZT0iRmFsc2UiIC8+DQogICAgICAgICAgICA8UnVsZVBhcmFtZXRlciBOYW1lPSJVc2VSZWd1bGFyRXhwcmVzc2lvbiIgVmFsdWU9IkZhbHNlIiAvPg0KICAgICAgICAgICAgPFJ1bGVQYXJhbWV0ZXIgTmFtZT0iSHRtbERlY29kZSIgVmFsdWU9IlRydWUiIC8+DQogICAgICAgICAgICA8UnVsZVBhcmFtZXRlciBOYW1lPSJSZXF1aXJlZCIgVmFsdWU9IkZhbHNlIiAvPg0KICAgICAgICAgIDwvUnVsZVBhcmFtZXRlcnM+DQogICAgICAgIDwvRXh0cmFjdGlvblJ1bGU+DQogICAgICAgIDxFeHRyYWN0aW9uUnVsZSBDbGFzc25hbWU9Ik1pY3Jvc29mdC5WaXN1YWxTdHVkaW8uVGVzdFRvb2xzLldlYlRlc3RpbmcuUnVsZXMuRXh0cmFjdFRleHQsIE1pY3Jvc29mdC5WaXN1YWxTdHVkaW8uUXVhbGl0eVRvb2xzLldlYlRlc3RGcmFtZXdvcmssIFZlcnNpb249MTAuMC4wLjAsIEN1bHR1cmU9bmV1dHJhbCwgUHVibGljS2V5VG9rZW49YjAzZjVmN2YxMWQ1MGEzYSIgVmFyaWFibGVOYW1lPSJGb3JtUG9zdFBhcmFtOC5kZGxPVFN0YXR1cyIgRGlzcGxheU5hbWU9IiIgRGVzY3JpcHRpb249IiI+DQogICAgICAgICAgPFJ1bGVQYXJhbWV0ZXJzPg0KICAgICAgICAgICAgPFJ1bGVQYXJhbWV0ZXIgTmFtZT0iU3RhcnRzV2l0aCIgVmFsdWU9IiZxdW90OzAmcXVvdDssJnF1b3Q7IiAvPg0KICAgICAgICAgICAgPFJ1bGVQYXJhbWV0ZXIgTmFtZT0iRW5kc1dpdGgiIFZhbHVlPSImcXVvdDssJnF1b3Q7MiZxdW90OyIgLz4NCiAgICAgICAgICAgIDxSdWxlUGFyYW1ldGVyIE5hbWU9IkluZGV4IiBWYWx1ZT0iMCIgLz4NCiAgICAgICAgICAgIDxSdWxlUGFyYW1ldGVyIE5hbWU9Iklnbm9yZUNhc2UiIFZhbHVlPSJGYWxzZSIgLz4NCiAgICAgICAgICAgIDxSdWxlUGFyYW1ldGVyIE5hbWU9IlVzZVJlZ3VsYXJFeHByZXNzaW9uIiBWYWx1ZT0iRmFsc2UiIC8+DQogICAgICAgICAgICA8UnVsZVBhcmFtZXRlciBOYW1lPSJIdG1sRGVjb2RlIiBWYWx1ZT0iVHJ1ZSIgLz4NCiAgICAgICAgICAgIDxSdWxlUGFyYW1ldGVyIE5hbWU9IlJlcXVpcmVkIiBWYWx1ZT0iRmFsc2UiIC8+DQogICAgICAgICAgPC9SdWxlUGFyYW1ldGVycz4NCiAgICAgICAgPC9FeHRyYWN0aW9uUnVsZT4NCiAgICAgIDwvQ29ycmVsYXRpb25FeHRyYWN0aW9uUnVsZXM+DQogICAgICA8Rm9ybVBvc3RIdHRwQm9keT4NCiAgICAgICAgPEZvcm1Qb3N0UGFyYW1ldGVyIE5hbWU9IlRvb2xraXRTY3JpcHRNYW5hZ2VyMV9IaWRkZW5GaWVsZCIgVmFsdWU9Ijs7QWpheENvbnRyb2xUb29sa2l0LCBWZXJzaW9uPTQuMS43LjYwNywgQ3VsdHVyZT1uZXV0cmFsLCBQdWJsaWNLZXlUb2tlbj0yOGYwMWIwZTg0YjZkNTNlOnpoLUhhbnQ6N2I5NWVkMWEtNmEzZi00MWRkLWJjNWItNjNmMzllZGJjNGI0OmRlMWZlYWIyOmZjZjBlOTkzOmYyYzhlNzA4OjcyMGE1MmJmOmY5Y2VjOWJjOjU4OWVhYTMwOjY5ODEyOWNmOmZiOWI0YzU3OmNjYjk2Y2Y5OmE2N2MyNzAwOjg2MTNhZWE3OjMyMDJhNWEyOmFiMDllM2ZlOjg3MTA0YjdjOmJlNmZiMjk4IiBSZWNvcmRlZFZhbHVlPSI7O0FqYXhDb250cm9sVG9vbGtpdCwgVmVyc2lvbj00LjEuNy42MDcsIEN1bHR1cmU9bmV1dHJhbCwgUHVibGljS2V5VG9rZW49MjhmMDFiMGU4NGI2ZDUzZTp6aC1IYW50OjdiOTVlZDFhLTZhM2YtNDFkZC1iYzViLTYzZjM5ZWRiYzRiNDpkZTFmZWFiMjpmY2YwZTk5MzpmMmM4ZTcwODo3MjBhNTJiZjpmOWNlYzliYzo1ODllYWEzMDo2OTgxMjljZjpmYjliNGM1NzpjY2I5NmNmOTphNjdjMjcwMDo4NjEzYWVhNzozMjAyYTVhMjphYjA5ZTNmZTo4NzEwNGI3YzpiZTZmYjI5OCIgQ29ycmVsYXRpb25CaW5kaW5nPSIiIFVybEVuY29kZT0iVHJ1ZSIgLz4NCiAgICAgICAgPEZvcm1Qb3N0UGFyYW1ldGVyIE5hbWU9Il9fRVZFTlRUQVJHRVQiIFZhbHVlPSJ7eyRISURERU4xLl9fRVZFTlRUQVJHRVR9fSIgUmVjb3JkZWRWYWx1ZT0iIiBDb3JyZWxhdGlvbkJpbmRpbmc9IiIgVXJsRW5jb2RlPSJUcnVlIiAvPg0KICAgICAgICA8Rm9ybVBvc3RQYXJhbWV0ZXIgTmFtZT0iX19FVkVOVEFSR1VNRU5UIiBWYWx1ZT0ie3skSElEREVOMS5fX0VWRU5UQVJHVU1FTlR9fSIgUmVjb3JkZWRWYWx1ZT0iIiBDb3JyZWxhdGlvbkJpbmRpbmc9IiIgVXJsRW5jb2RlPSJUcnVlIiAvPg0KICAgICAgICA8Rm9ybVBvc3RQYXJhbWV0ZXIgTmFtZT0iX19MQVNURk9DVVMiIFZhbHVlPSJ7eyRISURERU4xLl9fTEFTVEZPQ1VTfX0iIFJlY29yZGVkVmFsdWU9IiIgQ29ycmVsYXRpb25CaW5kaW5nPSIiIFVybEVuY29kZT0iVHJ1ZSIgLz4NCiAgICAgICAgPEZvcm1Qb3N0UGFyYW1ldGVyIE5hbWU9Il9fVlNUQVRFIiBWYWx1ZT0ie3skSElEREVOMS5fX1ZTVEFURX19IiBSZWNvcmRlZFZhbHVlPSJBUitMQ0FBQUFBQUFCQUN0VjkxekUxVVVUNVp1R3RLUEZHeGlSZDFkSHB4dHA2UmtrNmdEdFE4a0tUWWpKZGdHSGl4TVpwdDd1MW03M2Mxa2IwdmpFejRVRkhHQW9laGdaNXh4UmdGQkhCMWZLaktPZjRJUFB2ak1rTFI5OGsvQWUvY2oyU1pMQmtxMzArVG1uSFBQNzN6ZnZVKzl3UUV2N1pPV0prVlpEYjQzN09tbWZLR0FQNXRMYVF1bFRMb3pteHNuMzc1c0xpMGlpTDl5OGdMc3p1YW1rWWdXOVpQaUF1ekNOQTJKQ21GZzhkeXlta243YlFHOE9LNlZGMDVtQThjVjdYeEsxQ0ZtVWsveEV3UkJPaUFjaWNjRTRaMjNFNGxnT016NDByQ0VNbW42QUIrTlJ0OFhvdndoWXhGMUxKajkyYkpFVkoyUWRZU1hJZ2FqS1o1bmV2T25SQWxtZElKMlFwT0tUTWdpZkxnSXk1VnBWSlpWeWFEN1RNZG8zL1NwaWVRSEFuUFFranUyaUxSanBaSlNHVitZaFlEUVVycWVVa1JkbHhqZWtpRXhRdmgvdWxEV0ZPV1Vwc3RJMXRTc2lsY29LUmJtSlNaZ3VrQXNoRXlYdzFiNlhxOE9GVmhBWERvem5jdWNUT1c0QW80R3g1MHZRcFhMSnFJanAwdVdQNXlzYzZxR09IVlJVVGpVeW9ZSzNzZnpIRlFCSitxRVdlY2Rrbld5YTVCc3NFazhQMlNKMlJRbmNMdzljTHdkY053Rk9ONEtISGNGanJVSGpyVURqcmtBeDFxQlk2N0FRbnRnb1FWNDBOaHRibTY3ZDlES2NFTmtycXd0Y0hCaWFuSTZuY3huY2xQcGtSa3dxNTBibVRFRTVFOUVVaitrUk00Ui9XWElXUnZIbkVCRGhobW0rMFAxR0FpT0dEamNJeVkrMjdrVzMrem9DZHVqMXdCNUJrUzdDTGJMWEd2aUhBYmJpY09rTmtJdUpydlVnRXM5dXZjR2VRaG9XanV2TnFNYVRqc0NhcmpmOE5SWW1SNCtYbDE5dkhxQjU0WWIwc044aEsvL0pJT1NCTUhGZWxOT2NBaTYrR01LeGR5RTRrMUNjVGVoUkpOUXdpbmtGZ1hENEJjbzN5eW53RG5FZmF6SjZ2UHVTRVE1alZRVHRtVktVMkJLQTNDTVQwUjVUc1RGNHJDWUc4dldseThNRXJkQTRrNlF1QTBTM3gyUW1BVVNjNExFYkpEWTdvQUlGb2pnQkJGc0VHRjNRQ3dNSjBTVU53QmM5VnREcXpGeDhCQWtUWnd0QTFqbVppdk9VOGR4RGpnbXMyUEUxTHVlWXpyeHlqZzEvZmFyQUJPMHoyQ0l4SndvNlZLWW92WUVRYmdmZndiREZEN3ZUOGhTRVNXMTVXUVppdlBqcWppclFGQUVZV29PUzNWUVhrT3E4NHlzeTVoUkJJQ2lEVXBIRGk0amVtRHoxczJOYXhlZnJELzQ3OUdWemZ0ZmJOejlzdnJueXVNTHQ3SGNXMFNPN2FHN2E3K3NiLzU2YmV2eWhjM3ZybUQ2a0VVUFBubjRzSHA1YmZPM1M3V0gxN0FleklwWXJCQm1FZnJOOWRxTmIycVhQdDlZdmJ0eDV6b1dPQnkwRENOTzlBRVE5czRCU3JDSlBrSU1odjFNTDM3cEVzK0l5aUk4TGtNRjBCMGtKVXdQb1JLelRhS2ZFRW0vTWwzNWc0U1YxQlpWSURHZDlSajBoYWg5RWZ4Z3g3WSt4YVpjSWovQzVpdFZwTW42RU9YeG1aeis0VDJVSkJtVzBZWTViSzlwQUJ0c1lMSjlFcnR2RnhBNmQ0NGdSQ09iWDkzYld2bHA0L2JWNm1jLzRnRGJDSUlUSVc1SDEyOUZGNE1GR3ZXSklYdTJUYjg2cnJjVk4rVDFZTTNlcHVBRUdpVytjMjJkRFcyeGw5ZTIxOWJXNVRqZmRxN3VYYU5pS2FPaFNOc0ZjTW1SZXdGNTZ4WVIzVjNCejluRGs1Tm5Ed1BBQlBMNERsQkd4cjNCODVkOFplMmZ2LzJNUHordUFvdVU3R0FmL092SEtqTDZGQlJCVmxVcVJTeVEwelI4bVNqUmtabXRQNzZ0M2JoOGpxdGVmMVM5ZXIvMjlRKzF0WXU0UDJlMjFtNFo5TnI2eXRhdDc2c3JkNm8vLzI3Mk9ESFBpMzBHcE5jMXRhREloWG42bzlOSVZ2S3A0andlRGpsTmtoUm9UQUZaa1ZGbGtFZkx5THpjSktFa3EvbENjYjdCNVE5eHpYd2dMNUVlTzRhSEREODBDbkF2VTJTTTBEcXFLSkJtbDJBWnlRVlJpWWlLTEtsSGtWWWFYYXFyT3pyYUdFUTc4eEx2REdncW1GVk16M3BSVWRaSGxzaUFHT1A1VVlDVEV2WXhQdGQwN0czSnhnUVpFZHVTTVVIcUQ2ZVYzYjk5TS90S1BZTnNmejF6YktqSWhsODJUZXlyOUpubnl3KzJ0VTEyQ05jOU4rekFjNmVGZmUyRjg4RWVjTThDKzNwVENOK29oNTE5MHhIdkkrVFN2WS95OW9VOTVLKzdmOWpqQWRTb0VhS09vQkdoQWJvSHlIcEpFU3RIVlUyRm8rQi9PN1duOUxVUEFBQT0iIENvcnJlbGF0aW9uQmluZGluZz0iIiBVcmxFbmNvZGU9IlRydWUiIC8+DQogICAgICAgIDxGb3JtUG9zdFBhcmFtZXRlciBOYW1lPSJfX1ZJRVdTVEFURSIgVmFsdWU9Int7JEhJRERFTjEuX19WSUVXU1RBVEV9fSIgUmVjb3JkZWRWYWx1ZT0iIiBDb3JyZWxhdGlvbkJpbmRpbmc9IiIgVXJsRW5jb2RlPSJUcnVlIiAvPg0KICAgICAgICA8Rm9ybVBvc3RQYXJhbWV0ZXIgTmFtZT0iX19TQ1JPTExQT1NJVElPTlgiIFZhbHVlPSJ7eyRISURERU4xLl9fU0NST0xMUE9TSVRJT05YfX0iIFJlY29yZGVkVmFsdWU9IjAiIENvcnJlbGF0aW9uQmluZGluZz0iIiBVcmxFbmNvZGU9IlRydWUiIC8+DQogICAgICAgIDxGb3JtUG9zdFBhcmFtZXRlciBOYW1lPSJfX1NDUk9MTFBPU0lUSU9OWSIgVmFsdWU9Int7JEhJRERFTjEuX19TQ1JPTExQT1NJVElPTll9fSIgUmVjb3JkZWRWYWx1ZT0iMCIgQ29ycmVsYXRpb25CaW5kaW5nPSIiIFVybEVuY29kZT0iVHJ1ZSIgLz4NCiAgICAgICAgPEZvcm1Qb3N0UGFyYW1ldGVyIE5hbWU9Il9fVklFV1NUQVRFRU5DUllQVEVEIiBWYWx1ZT0ie3skSElEREVOMS5fX1ZJRVdTVEFURUVOQ1JZUFRFRH19IiBSZWNvcmRlZFZhbHVlPSIiIENvcnJlbGF0aW9uQmluZGluZz0iIiBVcmxFbmNvZGU9IlRydWUiIC8+DQogICAgICAgIDxGb3JtUG9zdFBhcmFtZXRlciBOYW1lPSJfX0VWRU5UVkFMSURBVElPTiIgVmFsdWU9Int7JEhJRERFTjEuX19FVkVOVFZBTElEQVRJT059fSIgUmVjb3JkZWRWYWx1ZT0iRGtxZXRFRHpIa05maTZUczlrQWVQNHY1YWN1dVNKTjRrSXhlcGdWamhWMDYzanh1MHpkUXc5VmUvNzR2QjJDdklERlBMSS84VGlDd0pDcVNYQjJma0pGOWlCcEdrOEdyNnRMTmVlTWRzZUNuZS9scFdqcW15dG9TUnJHK1ZHM0lKcXJNcDlWT25heVRNSFh6emh4cXU2clhMUzdoUUVubGwyaWZIQjczMldpMm9TajJkbWNGZ0FUVDVTNzhHOFJZSFlyTXYxWXc0and0am10aWtEd3c3dmhVbE5GQ3BUeDh4S1hyUHQxT2x4MzJ3R25Cb3lqNUtWTTFpOVVXVTRkejZRL1ErZW5oTVJhU2pYWnVaSEd3L0h4TEMwbWNyNEk3RHNCNHN1NUlKZENaeURXTjhqRWx2NlhQN0dUUXFTZytEQXAvakV2UkMxSXRaYzVnVzhyOEV1ckhqYWllUys1dzJBRGgxdXpjcGVWTVNLZ3NJRStGTkphWUYxQ2EyK3BObXV1cy9sS08ycXhPS1Jtb3BuRkNJQUlWblphWEYwYnhHYzZoVEl2eHB2SC93Z3J5S1kxZmJ2YnlNWDE3R0RHQ0pEbzFzMHNERUttODRxS3JLTHlBY2M2NDBQZ1gzdWFTQ0cwRVZQMXp6N0dreTZuTGx1MEVxSVA0bVFtM25HWVVyMisraEV3am40SVpMcEw0SGt2anpGNGtoaXdySFFTUVd6OGVSVm8vL3BsOUZGSGhaN2p3c1h0M2ZuRlIxamYyaVN0cEJjU3czQ0wwR1pSaURXNTJZRVpuSVJwUGhKZE5pNk1GSG5sVnVQZ0tyQkFuOXNZQm1UNjdtcmRna3N4M3RzdGRIMFRpanljU3YyVlJHNWRjOGdCVjYzYXFMYmplbUtSNzNQeklvY0dQUFQ0RWNvK3ErQisvYmh0aEl4bXk0aXhHUUpFeVFNOFp1TDZLUmFqSFdXalhrbk1XRkpGVW5BVmwrMXh4d21IbG5JWkw5SGttWEVZMHFqcW94ajkrNy9PTFViVWp4YUl4K2Nna3YyWWxRemVweFc0cGdqdFJqdlFMSjlnT1ZqNHRZTzIxRVhOSDlQWTRuVlU0VDhRYnFmbWhyM1pPWndpUmNlNDV5SFpheWVSRHFPZlBoKzZNTmdHU2xWcjhuMWVESDJPOHUydFJzMlRDUjNQLzhFY1BRaFdlSHRwejVCUTVGeVQ2SXZ4MUlKMjVIakRsdlI2ZDJlRTZCTnhKQTBTMzRzM3FvRk9RT0RRUHlBSlJXMm5reDV4ckZ0NDJEd25XY09UQnNHN1dJQkFoSWo2dy9yMDhBVjNrL1VKa1BnL1FUM3pjdnBCRDM3TjdrdUFOUlVLT25GM3F4OElJa0xob0JhQlBjVmFVMGJOR0RHem5jbEtoekpCRGJzbHRFT2g5bS9xbEExalZLd0pFMVNNcjRKaHhZS0ROWTNGcUErOWZWZ1BVOFVWVitrWG5XbVhSOTFwb3Z5aVRsU0hwUGswTFRTcldBT1M2VkN4dStOVGJGVFRjanFmZGxUa3BrMHJSQUVMM3ZlWFcwcEM5UW04PSIgQ29ycmVsYXRpb25CaW5kaW5nPSIiIFVybEVuY29kZT0iVHJ1ZSIgLz4NCiAgICAgICAgPEZvcm1Qb3N0UGFyYW1ldGVyIE5hbWU9IlNjcmVlbldpZHRoIiBWYWx1ZT0ie3skSElEREVOMS5TY3JlZW5XaWR0aH19IiBSZWNvcmRlZFZhbHVlPSIiIENvcnJlbGF0aW9uQmluZGluZz0iIiBVcmxFbmNvZGU9IlRydWUiIC8+DQogICAgICAgIDxGb3JtUG9zdFBhcmFtZXRlciBOYW1lPSJTY3JlZW5IZWlnaHQiIFZhbHVlPSJ7eyRISURERU4xLlNjcmVlbkhlaWdodH19IiBSZWNvcmRlZFZhbHVlPSIiIENvcnJlbGF0aW9uQmluZGluZz0iIiBVcmxFbmNvZGU9IlRydWUiIC8+DQogICAgICAgIDxGb3JtUG9zdFBhcmFtZXRlciBOYW1lPSJidG5RdWVyeSIgVmFsdWU9IuafpeipoiIgUmVjb3JkZWRWYWx1ZT0i5p+l6KmiIiBDb3JyZWxhdGlvbkJpbmRpbmc9Int7Rm9ybVBvc3RQYXJhbTkuYnRuUXVlcnl9fSIgVXJsRW5jb2RlPSJUcnVlIiAvPg0KICAgICAgICA8Rm9ybVBvc3RQYXJhbWV0ZXIgTmFtZT0iZGRsT3JnQW5kRmxvdyIgVmFsdWU9IiIgUmVjb3JkZWRWYWx1ZT0iIiBDb3JyZWxhdGlvbkJpbmRpbmc9IiIgVXJsRW5jb2RlPSJUcnVlIiAvPg0KICAgICAgICA8Rm9ybVBvc3RQYXJhbWV0ZXIgTmFtZT0iZGRsUXVlcnlDb25kaXRpb25zIiBWYWx1ZT0iMCIgUmVjb3JkZWRWYWx1ZT0iMCIgQ29ycmVsYXRpb25CaW5kaW5nPSJ7e0Zvcm1Qb3N0UGFyYW0xMS5kZGxRdWVyeUNvbmRpdGlvbnN9fSIgVXJsRW5jb2RlPSJUcnVlIiAvPg0KICAgICAgICA8Rm9ybVBvc3RQYXJhbWV0ZXIgTmFtZT0idHh0T1RFbXBJRCIgVmFsdWU9IjEwMjExOSIgUmVjb3JkZWRWYWx1ZT0iMTAyMTE5IiBDb3JyZWxhdGlvbkJpbmRpbmc9Int7Rm9ybVBvc3RQYXJhbTEwLnR4dE9URW1wSUR9fSIgVXJsRW5jb2RlPSJUcnVlIiAvPg0KICAgICAgICA8Rm9ybVBvc3RQYXJhbWV0ZXIgTmFtZT0idHh0T1RFbXBOYW1lIiBWYWx1ZT0iIiBSZWNvcmRlZFZhbHVlPSIiIENvcnJlbGF0aW9uQmluZGluZz0iIiBVcmxFbmNvZGU9IlRydWUiIC8+DQogICAgICAgIDxGb3JtUG9zdFBhcmFtZXRlciBOYW1lPSJ0eHRPVEZvcm1OTyIgVmFsdWU9IiIgUmVjb3JkZWRWYWx1ZT0iIiBDb3JyZWxhdGlvbkJpbmRpbmc9IiIgVXJsRW5jb2RlPSJUcnVlIiAvPg0KICAgICAgICA8Rm9ybVBvc3RQYXJhbWV0ZXIgTmFtZT0iZGRsT1RTdGF0dXMiIFZhbHVlPSIwIiBSZWNvcmRlZFZhbHVlPSIwIiBDb3JyZWxhdGlvbkJpbmRpbmc9Int7Rm9ybVBvc3RQYXJhbTEyLmRkbE9UU3RhdHVzfX0iIFVybEVuY29kZT0iVHJ1ZSIgLz4NCiAgICAgICAgPEZvcm1Qb3N0UGFyYW1ldGVyIE5hbWU9InR4dE9URGF0ZUJlZ2luJHR4dERhdGUiIFZhbHVlPSIiIFJlY29yZGVkVmFsdWU9IiIgQ29ycmVsYXRpb25CaW5kaW5nPSIiIFVybEVuY29kZT0iVHJ1ZSIgLz4NCiAgICAgICAgPEZvcm1Qb3N0UGFyYW1ldGVyIE5hbWU9InR4dE9URGF0ZUVuZCR0eHREYXRlIiBWYWx1ZT0iIiBSZWNvcmRlZFZhbHVlPSIiIENvcnJlbGF0aW9uQmluZGluZz0iIiBVcmxFbmNvZGU9IlRydWUiIC8+DQogICAgICAgIDxGb3JtUG9zdFBhcmFtZXRlciBOYW1lPSJ1Y01vZGFsUG9wdXAxJENsaWVudFdpZHRoIiBWYWx1ZT0ie3skSElEREVOMS51Y01vZGFsUG9wdXAxJENsaWVudFdpZHRofX0iIFJlY29yZGVkVmFsdWU9IjAiIENvcnJlbGF0aW9uQmluZGluZz0iIiBVcmxFbmNvZGU9IlRydWUiIC8+DQogICAgICAgIDxGb3JtUG9zdFBhcmFtZXRlciBOYW1lPSJ1Y01vZGFsUG9wdXAxJENsaWVudEhlaWdodCIgVmFsdWU9Int7JEhJRERFTjEudWNNb2RhbFBvcHVwMSRDbGllbnRIZWlnaHR9fSIgUmVjb3JkZWRWYWx1ZT0iMCIgQ29ycmVsYXRpb25CaW5kaW5nPSIiIFVybEVuY29kZT0iVHJ1ZSIgLz4NCiAgICAgIDwvRm9ybVBvc3RIdHRwQm9keT4NCiAgICA8L1JlcXVlc3Q+DQogICAgPFJlcXVlc3QgTWV0aG9kPSJQT1NUIiBHdWlkPSJmYjIwZDVlYy1kMmMxLTRkNzItOTdkYi03ZDhlNzAxZjU1YjkiIFZlcnNpb249IjEuMSIgVXJsPSJodHRwOi8vMTAuMTEuMzYuMTE0OjgwMDcvT3ZlclRpbWUvT3ZlcnRpbWVQcmVPcmRlci5hc3B4IiBUaGlua1RpbWU9IjIzIiBUaW1lb3V0PSIzMDAiIFBhcnNlRGVwZW5kZW50UmVxdWVzdHM9IlRydWUiIEZvbGxvd1JlZGlyZWN0cz0iVHJ1ZSIgUmVjb3JkUmVzdWx0PSJUcnVlIiBDYWNoZT0iRmFsc2UiIFJlc3BvbnNlVGltZUdvYWw9IjAiIEVuY29kaW5nPSJ1dGYtOCIgRXhwZWN0ZWRIdHRwU3RhdHVzQ29kZT0iMCIgRXhwZWN0ZWRSZXNwb25zZVVybD0iIiBSZXBvcnRpbmdOYW1lPSIiIElnbm9yZUh0dHBTdGF0dXNDb2RlPSJGYWxzZSI+DQogICAgICA8RXh0cmFjdGlvblJ1bGVzPg0KICAgICAgICA8RXh0cmFjdGlvblJ1bGUgQ2xhc3NuYW1lPSJNaWNyb3NvZnQuVmlzdWFsU3R1ZGlvLlRlc3RUb29scy5XZWJUZXN0aW5nLlJ1bGVzLkV4dHJhY3RIaWRkZW5GaWVsZHMsIE1pY3Jvc29mdC5WaXN1YWxTdHVkaW8uUXVhbGl0eVRvb2xzLldlYlRlc3RGcmFtZXdvcmssIFZlcnNpb249MTAuMC4wLjAsIEN1bHR1cmU9bmV1dHJhbCwgUHVibGljS2V5VG9rZW49YjAzZjVmN2YxMWQ1MGEzYSIgVmFyaWFibGVOYW1lPSIxIiBEaXNwbGF5TmFtZT0i5pO35Y+W6Zqx6JeP5qyE5L2NIiBEZXNjcmlwdGlvbj0i5pO35Y+W5Zue5oeJ5Lit55qE5omA5pyJ6Zqx6JeP5qyE5L2N77yM5Lim5bCH5a6D5YCR5pS+5Zyo5ris6Kmm5YWn5a655Lit44CCIj4NCiAgICAgICAgICA8UnVsZVBhcmFtZXRlcnM+DQogICAgICAgICAgICA8UnVsZVBhcmFtZXRlciBOYW1lPSJSZXF1aXJlZCIgVmFsdWU9IlRydWUiIC8+DQogICAgICAgICAgICA8UnVsZVBhcmFtZXRlciBOYW1lPSJIdG1sRGVjb2RlIiBWYWx1ZT0iVHJ1ZSIgLz4NCiAgICAgICAgICA8L1J1bGVQYXJhbWV0ZXJzPg0KICAgICAgICA8L0V4dHJhY3Rpb25SdWxlPg0KICAgICAgPC9FeHRyYWN0aW9uUnVsZXM+DQogICAgICA8Q29ycmVsYXRpb25FeHRyYWN0aW9uUnVsZXM+DQogICAgICAgIDxFeHRyYWN0aW9uUnVsZSBDbGFzc25hbWU9Ik1pY3Jvc29mdC5WaXN1YWxTdHVkaW8uVGVzdFRvb2xzLldlYlRlc3RpbmcuUnVsZXMuRXh0cmFjdEZvcm1GaWVsZCwgTWljcm9zb2Z0LlZpc3VhbFN0dWRpby5RdWFsaXR5VG9vbHMuV2ViVGVzdEZyYW1ld29yaywgVmVyc2lvbj0xMC4wLjAuMCwgQ3VsdHVyZT1uZXV0cmFsLCBQdWJsaWNLZXlUb2tlbj1iMDNmNWY3ZjExZDUwYTNhIiBWYXJpYWJsZU5hbWU9IkZvcm1Qb3N0UGFyYW0xLmJ0bkFjdGlvblgiIERpc3BsYXlOYW1lPSIiIERlc2NyaXB0aW9uPSIiPg0KICAgICAgICAgIDxSdWxlUGFyYW1ldGVycz4NCiAgICAgICAgICAgIDxSdWxlUGFyYW1ldGVyIE5hbWU9Ik5hbWUiIFZhbHVlPSJidG5BY3Rpb25YIiAvPg0KICAgICAgICAgICAgPFJ1bGVQYXJhbWV0ZXIgTmFtZT0iSHRtbERlY29kZSIgVmFsdWU9IlRydWUiIC8+DQogICAgICAgICAgICA8UnVsZVBhcmFtZXRlciBOYW1lPSJSZXF1aXJlZCIgVmFsdWU9IkZhbHNlIiAvPg0KICAgICAgICAgICAgPFJ1bGVQYXJhbWV0ZXIgTmFtZT0iSW5kZXgiIFZhbHVlPSIwIiAvPg0KICAgICAgICAgIDwvUnVsZVBhcmFtZXRlcnM+DQogICAgICAgIDwvRXh0cmFjdGlvblJ1bGU+DQogICAgICAgIDxFeHRyYWN0aW9uUnVsZSBDbGFzc25hbWU9Ik1pY3Jvc29mdC5WaXN1YWxTdHVkaW8uVGVzdFRvb2xzLldlYlRlc3RpbmcuUnVsZXMuRXh0cmFjdEZvcm1GaWVsZCwgTWljcm9zb2Z0LlZpc3VhbFN0dWRpby5RdWFsaXR5VG9vbHMuV2ViVGVzdEZyYW1ld29yaywgVmVyc2lvbj0xMC4wLjAuMCwgQ3VsdHVyZT1uZXV0cmFsLCBQdWJsaWNLZXlUb2tlbj1iMDNmNWY3ZjExZDUwYTNhIiBWYXJpYWJsZU5hbWU9IkZvcm1Qb3N0UGFyYW0yLnR4dE9URW1wSUQiIERpc3BsYXlOYW1lPSIiIERlc2NyaXB0aW9uPSIiPg0KICAgICAgICAgIDxSdWxlUGFyYW1ldGVycz4NCiAgICAgICAgICAgIDxSdWxlUGFyYW1ldGVyIE5hbWU9Ik5hbWUiIFZhbHVlPSJ0eHRPVEVtcElEIiAvPg0KICAgICAgICAgICAgPFJ1bGVQYXJhbWV0ZXIgTmFtZT0iSHRtbERlY29kZSIgVmFsdWU9IlRydWUiIC8+DQogICAgICAgICAgICA8UnVsZVBhcmFtZXRlciBOYW1lPSJSZXF1aXJlZCIgVmFsdWU9IkZhbHNlIiAvPg0KICAgICAgICAgICAgPFJ1bGVQYXJhbWV0ZXIgTmFtZT0iSW5kZXgiIFZhbHVlPSIwIiAvPg0KICAgICAgICAgIDwvUnVsZVBhcmFtZXRlcnM+DQogICAgICAgIDwvRXh0cmFjdGlvblJ1bGU+DQogICAgICAgIDxFeHRyYWN0aW9uUnVsZSBDbGFzc25hbWU9Ik1pY3Jvc29mdC5WaXN1YWxTdHVkaW8uVGVzdFRvb2xzLldlYlRlc3RpbmcuUnVsZXMuRXh0cmFjdFRleHQsIE1pY3Jvc29mdC5WaXN1YWxTdHVkaW8uUXVhbGl0eVRvb2xzLldlYlRlc3RGcmFtZXdvcmssIFZlcnNpb249MTAuMC4wLjAsIEN1bHR1cmU9bmV1dHJhbCwgUHVibGljS2V5VG9rZW49YjAzZjVmN2YxMWQ1MGEzYSIgVmFyaWFibGVOYW1lPSJGb3JtUG9zdFBhcmFtMy5kZGxRdWVyeUNvbmRpdGlvbnMiIERpc3BsYXlOYW1lPSIiIERlc2NyaXB0aW9uPSIiPg0KICAgICAgICAgIDxSdWxlUGFyYW1ldGVycz4NCiAgICAgICAgICAgIDxSdWxlUGFyYW1ldGVyIE5hbWU9IlN0YXJ0c1dpdGgiIFZhbHVlPSJzJnF1b3Q7OlsmcXVvdDsiIC8+DQogICAgICAgICAgICA8UnVsZVBhcmFtZXRlciBOYW1lPSJFbmRzV2l0aCIgVmFsdWU9IiZxdW90OywmcXVvdDsxJnF1b3Q7IiAvPg0KICAgICAgICAgICAgPFJ1bGVQYXJhbWV0ZXIgTmFtZT0iSW5kZXgiIFZhbHVlPSIwIiAvPg0KICAgICAgICAgICAgPFJ1bGVQYXJhbWV0ZXIgTmFtZT0iSWdub3JlQ2FzZSIgVmFsdWU9IkZhbHNlIiAvPg0KICAgICAgICAgICAgPFJ1bGVQYXJhbWV0ZXIgTmFtZT0iVXNlUmVndWxhckV4cHJlc3Npb24iIFZhbHVlPSJGYWxzZSIgLz4NCiAgICAgICAgICAgIDxSdWxlUGFyYW1ldGVyIE5hbWU9Ikh0bWxEZWNvZGUiIFZhbHVlPSJUcnVlIiAvPg0KICAgICAgICAgICAgPFJ1bGVQYXJhbWV0ZXIgTmFtZT0iUmVxdWlyZWQiIFZhbHVlPSJGYWxzZSIgLz4NCiAgICAgICAgICA8L1J1bGVQYXJhbWV0ZXJzPg0KICAgICAgICA8L0V4dHJhY3Rpb25SdWxlPg0KICAgICAgICA8RXh0cmFjdGlvblJ1bGUgQ2xhc3NuYW1lPSJNaWNyb3NvZnQuVmlzdWFsU3R1ZGlvLlRlc3RUb29scy5XZWJUZXN0aW5nLlJ1bGVzLkV4dHJhY3RUZXh0LCBNaWNyb3NvZnQuVmlzdWFsU3R1ZGlvLlF1YWxpdHlUb29scy5XZWJUZXN0RnJhbWV3b3JrLCBWZXJzaW9uPTEwLjAuMC4wLCBDdWx0dXJlPW5ldXRyYWwsIFB1YmxpY0tleVRva2VuPWIwM2Y1ZjdmMTFkNTBhM2EiIFZhcmlhYmxlTmFtZT0iRm9ybVBvc3RQYXJhbTQuZGRsT1RTdGF0dXMiIERpc3BsYXlOYW1lPSIiIERlc2NyaXB0aW9uPSIiPg0KICAgICAgICAgIDxSdWxlUGFyYW1ldGVycz4NCiAgICAgICAgICAgIDxSdWxlUGFyYW1ldGVyIE5hbWU9IlN0YXJ0c1dpdGgiIFZhbHVlPSImcXVvdDswJnF1b3Q7LCZxdW90OyIgLz4NCiAgICAgICAgICAgIDxSdWxlUGFyYW1ldGVyIE5hbWU9IkVuZHNXaXRoIiBWYWx1ZT0iJnF1b3Q7LCZxdW90OzImcXVvdDsiIC8+DQogICAgICAgICAgICA8UnVsZVBhcmFtZXRlciBOYW1lPSJJbmRleCIgVmFsdWU9IjAiIC8+DQogICAgICAgICAgICA8UnVsZVBhcmFtZXRlciBOYW1lPSJJZ25vcmVDYXNlIiBWYWx1ZT0iRmFsc2UiIC8+DQogICAgICAgICAgICA8UnVsZVBhcmFtZXRlciBOYW1lPSJVc2VSZWd1bGFyRXhwcmVzc2lvbiIgVmFsdWU9IkZhbHNlIiAvPg0KICAgICAgICAgICAgPFJ1bGVQYXJhbWV0ZXIgTmFtZT0iSHRtbERlY29kZSIgVmFsdWU9IlRydWUiIC8+DQogICAgICAgICAgICA8UnVsZVBhcmFtZXRlciBOYW1lPSJSZXF1aXJlZCIgVmFsdWU9IkZhbHNlIiAvPg0KICAgICAgICAgIDwvUnVsZVBhcmFtZXRlcnM+DQogICAgICAgIDwvRXh0cmFjdGlvblJ1bGU+DQogICAgICA8L0NvcnJlbGF0aW9uRXh0cmFjdGlvblJ1bGVzPg0KICAgICAgPEZvcm1Qb3N0SHR0cEJvZHk+DQogICAgICAgIDxGb3JtUG9zdFBhcmFtZXRlciBOYW1lPSJUb29sa2l0U2NyaXB0TWFuYWdlcjFfSGlkZGVuRmllbGQiIFZhbHVlPSI7O0FqYXhDb250cm9sVG9vbGtpdCwgVmVyc2lvbj00LjEuNy42MDcsIEN1bHR1cmU9bmV1dHJhbCwgUHVibGljS2V5VG9rZW49MjhmMDFiMGU4NGI2ZDUzZTp6aC1IYW50OjdiOTVlZDFhLTZhM2YtNDFkZC1iYzViLTYzZjM5ZWRiYzRiNDpkZTFmZWFiMjpmY2YwZTk5MzpmMmM4ZTcwODo3MjBhNTJiZjpmOWNlYzliYzo1ODllYWEzMDo2OTgxMjljZjpmYjliNGM1NzpjY2I5NmNmOTphNjdjMjcwMDo4NjEzYWVhNzozMjAyYTVhMjphYjA5ZTNmZTo4NzEwNGI3YzpiZTZmYjI5OCIgUmVjb3JkZWRWYWx1ZT0iOztBamF4Q29udHJvbFRvb2xraXQsIFZlcnNpb249NC4xLjcuNjA3LCBDdWx0dXJlPW5ldXRyYWwsIFB1YmxpY0tleVRva2VuPTI4ZjAxYjBlODRiNmQ1M2U6emgtSGFudDo3Yjk1ZWQxYS02YTNmLTQxZGQtYmM1Yi02M2YzOWVkYmM0YjQ6ZGUxZmVhYjI6ZmNmMGU5OTM6ZjJjOGU3MDg6NzIwYTUyYmY6ZjljZWM5YmM6NTg5ZWFhMzA6Njk4MTI5Y2Y6ZmI5YjRjNTc6Y2NiOTZjZjk6YTY3YzI3MDA6ODYxM2FlYTc6MzIwMmE1YTI6YWIwOWUzZmU6ODcxMDRiN2M6YmU2ZmIyOTgiIENvcnJlbGF0aW9uQmluZGluZz0iIiBVcmxFbmNvZGU9IlRydWUiIC8+DQogICAgICAgIDxGb3JtUG9zdFBhcmFtZXRlciBOYW1lPSJfX0VWRU5UVEFSR0VUIiBWYWx1ZT0ie3skSElEREVOMS5fX0VWRU5UVEFSR0VUfX0iIFJlY29yZGVkVmFsdWU9IiIgQ29ycmVsYXRpb25CaW5kaW5nPSIiIFVybEVuY29kZT0iVHJ1ZSIgLz4NCiAgICAgICAgPEZvcm1Qb3N0UGFyYW1ldGVyIE5hbWU9Il9fRVZFTlRBUkdVTUVOVCIgVmFsdWU9Int7JEhJRERFTjEuX19FVkVOVEFSR1VNRU5UfX0iIFJlY29yZGVkVmFsdWU9IiIgQ29ycmVsYXRpb25CaW5kaW5nPSIiIFVybEVuY29kZT0iVHJ1ZSIgLz4NCiAgICAgICAgPEZvcm1Qb3N0UGFyYW1ldGVyIE5hbWU9Il9fTEFTVEZPQ1VTIiBWYWx1ZT0ie3skSElEREVOMS5fX0xBU1RGT0NVU319IiBSZWNvcmRlZFZhbHVlPSIiIENvcnJlbGF0aW9uQmluZGluZz0iIiBVcmxFbmNvZGU9IlRydWUiIC8+DQogICAgICAgIDxGb3JtUG9zdFBhcmFtZXRlciBOYW1lPSJfX1ZTVEFURSIgVmFsdWU9Int7JEhJRERFTjEuX19WU1RBVEV9fSIgUmVjb3JkZWRWYWx1ZT0iQVIrTENBQUFBQUFBQkFEZG5lMXpFOGNkeDIxaHljWTJHQktza0lkS29pVVJGR3pmM3ZQaHVDMjJJYmdCUkxCQzJ4Q3FubldIZlBWWjUwcG53SDNCMEptUzBEU1prQWxKU3VoMEpqTjVUc21rdzdSRFNacnBIOUFYZmRFWGZaMkpiUHlxZjBLN2R5ZFp0OWI2UVd1eWFkWU05bWwzNzM3NysrN3VaNzgrNitHL3JUMDdJOUZFTGpmaUZOMlNZNWRQbXIrWXRVcm1DYWZzRHV2NXFTZk51Vnd1M2hYdExadzdwbHZGM1huWDVzRHVrVWt6UDNYUXRxUHhlckVrN2M1UFRvMU1PazdaREpkcndncmxLN1dYVnloWFZpaFhWeWpYUXVVUDFNc0J4NjFVQVZhcTRFTVZzYUNpNS9GOUxkMmJZcjJkSFpuc2lETTlNemJhbnNrZThuN0dNdGxSM1RYaGo2dzFiWFpuc3VPdTdzNldqK3ZUWmhjc2MxemQ5aXBnOCt5RjR0aG9SNjBCUERqc2xLYVBaem9QMjg3NUViMXN3bXZ1Mk5kaXd2K2QwZGo0aVNQRFQ0Sm9EUFlHQUMzYXkzTkFHZUNrQVFBdTFnK2pYUngzZ09NdWNnQitqOFlxVno1Y3ZQNzJucjJueCtmS3JqbmRQMnJtclduZDNwK2FMdWVka20xTjdFK2RNa3RseXlrT2lmMmM5MjkvYW1UV2RtZEw1bERSbkhWTFh0c1RzeE8ybFljVElldE1tY1doQ1VYUnBid2tBMDBRVFU3Vk5vRitMaG9QZWhmMHplc09KM2tQb3ExU2ROdlN3MnIxeHZQWjE3WktVQUVOeWxNSktxSkJCU3BCSlRTb1NDV29qQWFWcUFSVjBLQXlsYUFxR2xTaEVsUkRnNm8wZ2dJT0RhcFJDUXFRb0pBT05JS2lSQUpVaUFSUUlnRXFSQUlva1FBVklnR1VTSUFLa1FCS0pFQ0ZTQUFsRXFCQ0pJQVNDVkFoRWtDSnhGTlpwenhLSko3SzdPVlJJdkZVWmkrUEVvbW5NbnQ1bEVnOGxkbkxvMFRpcWN4ZUhpVVNUMlUvNVZFaUNWU0F6Nk5FRXVnc0daUklBcDBsZ3hKSm9MSmtCSlJJQXBVbEk2QkVFcWdzR1FFbGtrQmx5UWdva1FRcUZsUkFpU1JTMmRvRWxFZ2lGUXNxb0VRU3FSQkpRSWtrVWlHU2dCSkpwRUlrQVNXU1NJVklJa29ra1FxUlJKUklJaFVpaVNpUlJDcEVFbEVpaVZTSUpLSkVrcWdRU1VTSkpGRWhrb2dTU2FKQ0pCRWxra1NGU0NKS0pJa0trVVNVU0JJVklra29rU1FxUkpKUUlrbFVpQ1NoUkpLb0VFbENpU1JSSVpLRUVrbmVPSkhtMy95b2N2TjNxd2VGUkFMM05PaDZNa1dKSkZQQm9JUVNTYWFDUVFrbGtrd0ZneEpLSkprS0JtV1VTRElWRE1vb2tXUXFHSlJSSXNsVU1DaWpSSktwWUZCZVJpUXFHSlJSajZSUUlaS01Fa21oUWlRWkpaSkNoVWd5U2lTRkNwRmtsRWdLRlNJcEtKRVVLa1JTVUNJcFZJaWtvRVJTcUJCSlFZbWtVQ0dTZ2hKSm9VSWtCU1dTU29WSUNrb2tsUXFSRkpSSUtoVWlLU2lSVkNwRVVsQWlxVlNJcEtKRVVxa1FTVVdKcEZJaGtvb1NTYVZDSkJVbGtrb0ZEaXBLSkkwS0hGU1VTQm9WT0tnb2tUUXFjRkJSSW1sVTRLQ2lSTkxvd0FFbGtrWUZEaHBLSkkzS090VlFJbWxVbklPR0VrbGJEeHpFQWI0VzFEc01nc29YNFhmWWc5RGRGYTRmWUlKNmYvb0J5TjBWc0o1TVZ3OWF6M1Rsb011ZWVVVW5Vd0hKbEYrQlNQQTNBVW5kU0ZEL0F1Rk1hMEY5dGRlVktaQXYxZzloVU9CUEpINWRkOHhFK050LzZJNlo2UDBsazBwUUdjMTBQZXpkZUZBRkhWTTZRVlVrcUxDZS9YVGpRVFUwNklxemwxTTNGTlMvUUMxb0dBN2gyZHNSYVRWNm9wMXdyK085dXlHaTJCT1BKMktqNW93N05ocDlLTTF4M0JPQVMrLzNEN2pRUWVLK1RLbmdQWi85cUZWMjRhRmVoTzBqNlhSaWErNkVYakRIeXQ1VDNvODZoY2xFYjdYZ3FWbXpORGZ1bHF4aXdTK1BCYyt1cjJXYzJGVnRkM0RXZFE3T3pOaHpoNlluVE1Nckd5bVhSMnk5WEM0azB0VTIzaFAxWGZoL1BGOXliUHVFVTdaY3l5bG1pclZYTnhRU25VRUtYZy9OUkZlb3I5RVB0NVpOMjh5N3FkR3g4ZXpZOFpGc0txK1h6VlRxL0tSWlRHVkVydi9wbVdvK0thdWNLanB1cWpocjJ5bTNzZHEwNFhucGRNb3NHaW05N0ZVdTFlMjN5dDVaZTd3VGFrWHA5TjVxczFwSk9MQ3dlbUJodGNBQ0pyRFFHRmpBQnVaWEQ4eXZGcGpIQk9ZYkEvUFl3R0Qxd0tBaDhCNy83T0RrVmMvZFV4M2hlcE96SldjNlpSNDVlV3g4ZERnM2xqMDUybi9hbUhETzlKLzJHMWkvMUwzNTQwMlJNOTcxUzJhcWV1SlFPTkJldnh0QitudVhOQUFoRFVMcGVWMWNPYm1HM0dycUFWUzllcEFWUXF5bTRHb2oxemh3b1E3WEJnNFdyZElJMDJYTUhNRE1SL3phOEw2OG9LUE8rZUx5cUg3U0lVSDk5T3VaK2tkQmhsOWN1L2JGdFV2cDFMNTY2MzNwdnZUU1ErL1ZPcDRJbU40SDdVQ29JU2Fmb0JHUGF5UXNheVRnR29uTEdvbmhSamdWL0E0M01YMHpLZHM4NjZaKzdsakY5WjRoY2luSG0wMndMeWNkMnh4eERITW9MWExwbEE0blM2akhxYUhNMG1IVFFZUnFFQ0VjUktnRkVlNU5FTDRhaEE4SDRXdEIrSHNUQkZTRGdIQVFVQXNDN2syUWFveHdDQzd0QjhCZXZ3cXRPbkVnQkwxRm5Da1paaWsxTVJmZWRVTDdRSWpNSWNRc3JmcFVvaDBlK2J0bVI4MEtKSHBxZTdEcDZsbTlVQzdFSTVGTlBVWjhCL3plRTQvQS9mNm9WWmgwaDUwTHd5VlRuenBVMUNkczA1ZzA0cEd6c0ZWYnBOVnYxWDdLS2x1d1l0SXdJbEcvcEMxclhuQ2pPKzllZjIzaDZuTmYzcjc1bjg5ZXZQdlJieGZlZjZueStlVXZMcjBMMnozcXRVdHVpWGJQZjNMNzdwK3VMcjV3NmU1Ykw4THl2ZFh5bmkvdjNLbThjT1B1cmVmbjcxeUYxNEZWZmRXcVhsamxsYjkyZS83Vk4rZWYvODNDdGZjWDNuc0ZOaGpvcVhiTVMyS2JZY1JienhvUlVDdU1lWVU5OFk3RTFsSGQxVS9wOXF4NTJESnRJOXJtRFVsaWkxZnFkVHNvN1BBS3ZmV2E2TXJ0OHFxR25kbWlVVWkwTDJtd3JUZXl2UTkrd2NRV2Z3Vzc4cnozSUI1WXFyNWx2ZStOdE1TQ21oMzdOa1VLQmI5blViODd5YTFCQjVJOTlaakpiWVhrOW5zUW9aMDhBdUQ2N3I3KzRlTGxQeTY4KzNMbHlnZFE0Rm9FRUk0ZzFOVHRxS29MZzNYVzV5Y011UVdoMzFMYzFzYTR2YTB0OE1xdHk4VHByRTl4OHF1MTE2L0diL3hxbTJ0WDZ3cnRiK1NYVS93WkcvRVhsTGZzT3VHVTgxNmM2cmx1M1kxMno4R3Zad2VPSFh0MndEQVNuYmx4VnkrNS9vdFhXLzV1dlhqalgvL3NTSFRrRGhXTmF0RndXL0xtdnp2Z0pjYktKMDNkeUJUdHVVbllJT3M0ZHRhYWlmYWRYdnowRC9PdnZuQW1WWG5sczhyTEg4Mi84Yzc4amVmZytqeTllT082WHo1LysvTGk5YmNybDkrcmZQelhZSTE3M1d1Rk9SdmVXbmVLZWR2S1QwV2ZlZHExN056STVCU0VROVlwRkd6VHA0QmxXKzdjbnJSN3dRMWVZVHRzRnF4aUxqODVWYTlONzA4dHJ6ZXNjOTRhT3dnaGs5NDdhTUMxSFBFd0VpMjdjN1laVFo0elM2NlYxKzArM2JZS3hRT3VNek40YnVseUJ3YnJJQ0xMRXA3WjZSU05DVHZJYktzN2FaWDd6M21BR0VxbkJ3MDRLUEZZSW9ZZGpzME5vM0hFUXdReUdFZTgrUWVITlhrZmVuTHkvcVVSVE81WUdybGs3MlF5dnRGaFNqNFFQYlcrOFlGOVhXVjB2RnI4MkNSM3JudFlrZzgyUFI3SmgvQ2prSHg0bVlTUExNbWUvRlpJYjgxNzVmZjJUUzA5OFRhNEREMkVqN25tOUFoRXVCc3hqZFp0OFJidlh6ZjhMYjBsd05jL1d2Mit0aVUyZTc5eWpqaTJVK3JNSmRweXU4YUhJeDFHUEg1MlNWM1lPYmlxQXhtQ3NtQlhhZ1dHRWV5YThFSEQ2Nmw5d1hyUE95V2piOExiU1EvNDM2RndOc3lzclhwVzlSNWRiUmYxU29LellVbXNXdEplK2ZUMXpNTG5IeGpCcEFwT3UveVhMejk5SFpaMDFIWkk3SzFQd3lOWDBDQjhFeFFXZDFhTHZWc084R0ZYN2NLUEZTZktNNE4rcXA2U3ljNWNNclZlT1hpc0hEd1RjbXhxWGc0Qks0ZkFoQnh0emNzaFl1VVF2M281dWhjdnYxUzVlcVh5eVpYNXQ2NThsYUpFbXhkRndvb2lNU1JLckhsUlpLd29Na09pdERjdmlvSVZSV0ZJbEk3bVJWR3hvcWdNaWJLNWVWRTByQ2dhUTZKME5pMUtCSEE0VldwdmI4R0VLbDBFcW1BZExLRGdZS21wMGsyZ0N0YklBZ3BHbHBvcVd3aFV3ZnBaUU1IUFVsTmxLNEVxV0ZzTFdMSzFQUVNxWUgwdFlNblhiaU5RQld0c0FVdkdkanVCS2xobkMxaHl0dmNScUlLMXRqeExmdVYrQWxXdzNwWm5hUS9hMGJ3cVBOYmI4aXp0UWIwRXFtQzlMYy9TSGhRblVBWHJiWG1XOXFBSENGVEJlbHVlcFQxb0o0RXFXRy9MczNSNzVVRUNWYkRlVm1EcHQ4T0hDRlRCZWx1QnBaMzVZUUpWc041V1lHbG5mb1JBRmF5M0ZWamFtYjlGb0FyVzJ3b3M3Y3lKNWxVUnNONVdZR2xuVGhLb2d2VzJBa3M3YzRwQUZheTNGVmo2eThjdUFsV3czbFprNlU3Q3R3bFV3WHBia2FXL2ZIeUhRQldzdHhWWjhyYTdDVlRCZWx1UkpXLzdLSUVxV0c4cnN1UnRIeU5RQmV0dFJaYThiWnBBRmF5M0ZWbnl0bnVhVjBYRWVsdVJKVys3bDBBVnJMY1ZXZksyM3lWUUJldHRSWmE4N1Q0Q1ZiRGVWbUxKMis0blVBWHJiU1dXdkcwZmdTcFlieXV4NUczN0NWVEJlbHVKSlc4N1FLQUsxdHRLTEhsYmprQVZyTGVWV1BLMmdFQVZyTGVWV1BLMmZQT3FTRmh2SzdIa2JRVUNWYkRlVm1MSjI0b0VxbUM5cmNTU3Q1VUlWTUY2VzVrbGJ5dFhWWG03TlpCbFI0TUdXQ2ZibkFiQnV5djkzMnFnRU13TXJKT1ZXZkwzS29FcVdDY3JzK1R2TlFKVnNFNVdac25mSHlCUUJldGtaWmI4L1NDQktsZ25LN1BrN3g5dlhoVVo2MlJsbHZ6OUVJRXFXQ2NycytUdnYwZWdDdGJKeWl6NSsrOFRxSUozc2l6NSt4OFFxSUwxdGdwTC92NGdnU3BZYjZ1dzVHMkhDVlRCZWx1RkpXODdRcUFLMXRzcUxIbmJVUUpWc041V1ljbmJIaUpRQmV0dEZaYTg3ZUhtVlZHdzNsWmh5ZHMrUWFBSzF0c3FMSG5iSXdTcVlMMnR3cEszSFNOUUJldHRGWmE4N1E4SlZNRjZXNVVsYi9za2dTcFliNnV5NUcyUEVxaUM5YllxUzk3MkdJRXFXRytyc3VSdGp4T29ndlcyS2t2ZU5rT2dDdGJicWl4NTJ4UE5xNkppdmEzS2tyZDlpa0FWckxkVldmSzJKd2xVd1hwYmxTVVhOMDZnQ3RiYmFpeTV1Q3lCS2xodnE3SGs0cDRtVUFYcmJUV1dYTndwQWxXdzNsWmp5Y1g5aUVBVnJMZlZXSEp4UHlaUUJldHROWlpjM0U4SVZNRjZXNDBsdi9KTTg2cG9XRytyc1hRdjdqU0JLbGh2cTdIazRwN3RXZU1aa3hyK3ZXdWJtaGxrejVpTVYyNTlNdi9HT3dQenY3OVN1Zk1hUEZyNDg5WEs3VnVOYWl6N0tOZmxhbFEvMURXc0J0Y1BzR3FjSVpnaitIZXhwVEJIdmdaOWZycm1iTUcvdzFkVFh2WWJNMXR5YTZyUjZHRkRuN1ZLckliL01jUmhOUmJmL1RpemVQMXZYNjhhUDF0VGpVYnZHdm9JNDY5eWJzUXFsejViZVBrbUxudmtZM1NSN09zZnFMc2VqdXByWnQvb1VVT2ZwZndOejM1aXpleng3ejdMUnZiNU5iUEh2eE1YaFZjZFVNamVXQ1A3VFlERG1rdUJqWVZ2cnAxK280dThON3NBcHlMcEwxNi9sVm00OW11NjZaLzFTN3FoTllvTStubkRMaHQrVGxzTXF6eGo2M01IaWs3UkhEVCtCNzR2ZUlpQnJBQUEiIENvcnJlbGF0aW9uQmluZGluZz0iIiBVcmxFbmNvZGU9IlRydWUiIC8+DQogICAgICAgIDxGb3JtUG9zdFBhcmFtZXRlciBOYW1lPSJfX1ZJRVdTVEFURSIgVmFsdWU9Int7JEhJRERFTjEuX19WSUVXU1RBVEV9fSIgUmVjb3JkZWRWYWx1ZT0iIiBDb3JyZWxhdGlvbkJpbmRpbmc9IiIgVXJsRW5jb2RlPSJUcnVlIiAvPg0KICAgICAgICA8Rm9ybVBvc3RQYXJhbWV0ZXIgTmFtZT0iX19TQ1JPTExQT1NJVElPTlgiIFZhbHVlPSJ7eyRISURERU4xLl9fU0NST0xMUE9TSVRJT05YfX0iIFJlY29yZGVkVmFsdWU9IjAiIENvcnJlbGF0aW9uQmluZGluZz0iIiBVcmxFbmNvZGU9IlRydWUiIC8+DQogICAgICAgIDxGb3JtUG9zdFBhcmFtZXRlciBOYW1lPSJfX1NDUk9MTFBPU0lUSU9OWSIgVmFsdWU9Int7JEhJRERFTjEuX19TQ1JPTExQT1NJVElPTll9fSIgUmVjb3JkZWRWYWx1ZT0iMCIgQ29ycmVsYXRpb25CaW5kaW5nPSIiIFVybEVuY29kZT0iVHJ1ZSIgLz4NCiAgICAgICAgPEZvcm1Qb3N0UGFyYW1ldGVyIE5hbWU9Il9fVklFV1NUQVRFRU5DUllQVEVEIiBWYWx1ZT0ie3skSElEREVOMS5fX1ZJRVdTVEFURUVOQ1JZUFRFRH19IiBSZWNvcmRlZFZhbHVlPSIiIENvcnJlbGF0aW9uQmluZGluZz0iIiBVcmxFbmNvZGU9IlRydWUiIC8+DQogICAgICAgIDxGb3JtUG9zdFBhcmFtZXRlciBOYW1lPSJfX0VWRU5UVkFMSURBVElPTiIgVmFsdWU9Int7JEhJRERFTjEuX19FVkVOVFZBTElEQVRJT059fSIgUmVjb3JkZWRWYWx1ZT0iZXVDNkdVdDdVdDFYNVhSb2QxMm1iN0lsa0lhcnFBNjNjUFg0QlFSdjlVK2o3aExxWVozMjRIdDNyVnFpbE1TaVNEOUpYazVkZU5ia3JYaFdXVlpxQmtTWnQwNXpiQ0gwQy9lZWxBTnJlRUZwVzRGeUxQamJ6eGNGS1VCV3ZzajlrZDN6dlhOa0poTlR1VjJ0SE9WSm56aWNaNVpEZmJMeENwRjVlVThkdmcrWmE3cWZmNjNaaEZNTGhVZDRpWHpjc3lQcFBDUC9TNmthS0twbSt3RmNNMnVneUdQWmZRMXZQVGdCYStmdVNybmllQzhSSHZBWjJIcUpTV1NWMTZBZXdJZ3lWZVF1Znk0NE4xZTdIWkJmeFl0cC8zM1ZQWnMyYUVhRUhNQWF5RGJEdFhrT01vcU52aUtBMzltS0lqNXhEU1dDaGIyS1V4QW93VlRuaEpuWmo2S0ozWlZTVndqTkhidXRucjExQ3BHMHJrNWVlcldOMEFxWjdqUEJ3K1ZCeVF4STIvVWFRNjUzQjBWa2w4ZTJKbjFiOHVFTEtsYkpEdFlJVDhHelZlY0YxdEQ3MlpuN2YyKzdNdHB5Wk5ZdHBQZDU2UDdBeW0zQ2x0MEZYOXdlc29nWXkrWXVVM0w5ZGRsVTZFblgybHVORy9mUk9QMFA5OEVmOVFJZ3I1VkpNMUQzREVyK0RrcExlTk14NjlacUxQWG14b04rVms1SS9jWXVuVVdVOTY5c2U0OTZzSytBa28zdHZSTlpNeEtJRC9CajJ2V0dJQmFFZUk1a1JDMDJJejNqYzFOU2o3RGNYTlBLMWFSb0FJWmJxT2oxaTBQOUVvamkwdW9KSkpNNjlWZFFaS0hBTDVQTSt4QTFSZVArSjhWa2R0eG9JeksrUGpyL0ZVMzU0dkhUUkxkZWJHOGtIeERzK0V6clpseDZ2Y3hVSnBHdkR1bXF3bEVsMEttNksvZHB0S05lV1hydHZBWDIraFhVZVJDaDFsK1dadWM4S1lENFk0VmpUdHlYT2VPajdlZDJWNURhWm1EMDNLTHR6ZHJ5ZXNZUmJaZTlBQnhhVUp3UTdlcVg0U2c1YjFZWWMrU09yRFJHd25FVUl0QTYwNVpPY3VTMlhneit0ZVZmRElFa2NONFhQOWhHNUJFYVJMYkxxR0tYazNmUGNsVGtDdzFlVUNhUFJjSFVyNExuZ3FQTlN2WEpJQ0docTE2YjJrb25QZWJYVGovMEFycmpzWEt2Q0ZWU0E4ZEhBbEJibGluME1YSHdaMEMyZEFsVGkzWU5EaUpWcWxEY2ZiV05DZGlJS2pJUmpIY0RkR2wyVEM4YTd0V3M4aU50ejFPdnh0bEt3Uzg0Z2hwcllhZ2xCQUpkeUNLWnFNTmVjOVJZNys2c0J0OTdwM1V2endGTnYvZWdvc3FzNk5MUHJpWnlzZU1udEo1L3BDSWtDSEViS3ptb2xER3RHNjVBRkdaWDZITUJZSDlLOWdyOWFWTzdtSXg0TGJVNXdNMWNORTBqSnBxTXdaV3lhN0pGRHJkVU12NGp6OWlJcFQvSzJOUE1INDNEQ001UWZiK2lycEZGVXlHWkdKaE1kVFNSZmpVdm1jWVREYk03d21CNkt5MGZNQm1FVklLQktqOS9Lcy9ta2NmdEs0Y0hiUGNrL2VDdURud3RuUkVrdVFoeUUzem5IYk1CMGx0Sys5UEpsRXRkSkJvZEl1eDd1NUs3enVHSWNlNEhBOXRiQ2M2VFpxMmROL2F5b0cxZzFuZGRzaUsyYmVZb2lvUXJjSzJ1b2VUTnExNis3Wld1UDNBSDRjSXFjSXdnc01mTXMwWHhTdktZVzZRZUZCb2ZlVmxWMnJjTE42VkM5TzRqZnV2cGtUbHA1L3p0T0lFWEluOGN0bytJOU1ybENXNnFVTHVRRkxreUIyLzUxVlJHQUR2MXg2YjFTdmRxNUVienh0YURpd0lwS0EzUVZyRloyNUtPV2pmQzNjSTJxSXVkdE91SHJoQW12RkJXMlVJMkx6aVd6VSs0Vnk0a3JNRjRkT20zci9saUxVREJ2WkFIcVlZdzNVWU9kYTRPMlVEbHI4UmxDSXljR25xRHJJTUhPN0VxSnptc3dobkNqQlY3YTZsOGN5Ujlwck1RUm5lZ1VneVQ0U1F3ZUhLd1Q0TnlLTUdiVEZRbUNxd29nSzdZZEVPT2dEcCtESWtjNFdxRjg3bnFBc0Mwcy84NHgxeXBkeDhyRzVZeHp2Q1dEZ2JzUEN2KzhBWkNja2VKTGsvbzlOS2pSTWsyR216TWEzakFJSEVaejNLR0p1UGVXNm9uRE1xWmZ5WGVCVDFPUGtSb3RqTW1uY2pvSmtqRlIzckZiWjV1aks0Zkg4ZjlqS1Z6V0h1RzR2Qzlrd3kxVkwvTFlwU2lWOWlOaEgybDNQaG1YeE9BMHdMa1FGYldLMU95ZE5nQUdiWTI1UkFibDA3dzdrcXpWU0czdExPL2pyaktoL2VLcC9sd0MzaWRRcHRHRVpadW9YanplelF1cDVaTCtiZUFqUDgyQS8vTlZFVnR5T0h5amQ3dVNiUkRNbWE5K2o5R3ZZNEhDOXFoeGRLQ2xwOExXUDRwQ2NVcmlKa0ZYanVEajVUTWczSVZ6bTdmSHRIYm53UjdKQ244bVNGOFV2THVtUVJhSzY0K1ZOV01wL2VSZ0Z6Ui9GdUNWRExXTHJZcWEyOGZFcmg1djUxSFZwaDNlbUwwS1RrSVd6UUhTZDd0cTduS3UrajYra1Z5aXJoaWdidFBoMlVYOVJ6RHZQWllZME1ZSEsva28yQUdNMkx2S3dCS1p3SUFXZHp5ZVo2SnRpYWQrVkxVU2Jnc0NwRlRKR3lsRndYMEJITlJKUkFZeVc3YmdITWI5MFJ3OC93R1NCN0lBQzJTQkdRbTJpMmg4NWVKMVVVRXlSYUlRejNFcCtKYXFrMWNtWFVlNzkzNFNoVkcrcjl6Zll2ZTRQYkRRMWJ2M2YxbGxPbGkydDVBSnN2QTE2OS8vNDRQZnVreG5rQytwTkZZQjd0Z1pGRlo5TlhZNDRNekZzNWJzdTVGcFd6WFJSbUVVOXVlMENyQll0cUYrQTBySTR3Tm1ZamhvVGw3YnRaQTJIVkFvV0ZUNGN2ZWhNa2VoamM1WmFJaWFnNjB3VFVFYm5WZ2VUK0lGUWU5TUIzOE92TzdhcGR3NDI2SFBLRnE3UTlOVVNCV2wrTVNOcTF6RWxzdWdZUzVXZG0yUEpoWXIyOGJBVjYwOGdRK3NoOXBDaSsxYkYxWnNjclczVDI4VXVOcVlqdkFud1hMTG03R20zWlpFSzFLMTF4TVM5ekFWZ2FtRlpPcWpWaFV0WW5hOE5EdUN5THRTTWNOb3BJL1ZqaHpkNjJlRGdzTkYyNzRRMlo0ODRnZEc1dGdVcjdheUMzM3dJSklqK2g0OXNMb052dVpGUllFUFlhMEdXa2NHZ3FlUEswblg2K0lCY29OYVpSZjdmZ2pWMFdGanJJUDMxWm9kbXJTRCtuSEJwK3oyNmxicE5NeVFTakkvSzNIS0UzbnJmSlFZdm5qQ3Z0a3VaUkVNdk1Tb2dWazNDMFd3N3RPeFlieUtaWlZHeFlGb2w1YnFZSnB3Z2UvS1pQN0kzUWNBbzBpTXBQcm9lTWcrNjhkRCt3a3lkS2xUWUYwWkNCREpmQngwQnBzaHVVVVpnUXQxQmFPcUF5cDNWYlZGd0pjNkFnUUVqVUIxY2VhblYwbjIyTmxOSzRSb3BGNXc2VEVlNnJMTWI3Vmo4OStMZWFuWnJkTHhTNWEvNzU4ZG5SMlRaV1p2SFlYcXhZaWxlZWt3c2FKVGdNL0ltM05XN2N6MTVGazlZVFRPMXJxcjI0R3M4VGJVMTNZOEttYUNwNkNsQk8vZGlvM0FCcW5mOTV6cEtubE9obHFCVTdhVzFIck9odVpDRXBmM2N6YXBhNlJiVjBpOWJKZUYzM29CUG5ISHNVdDAvcGNiWk04QzdXTWczaStTREFJaUpBeURITjhUdEtYQlN4WnFMN3hMeEcyMUNsQ1hBRU9QOFBxeHExS0hCKzZkOG1OQjBIeDJDNFJVZWNVQ013MlZ5MFEycG41anVRaFJtNUJmU3MzN2hpVURlVDJTSGZqNnMzbXVJZUVkMEdFVkt5UHh0aExWK3pkSDFueXd5MEpaUDJxTzB4cVFyYzFnZHdtWFpBYmw2cmQ1cEZTNTdod0FpVjdlK1NRTDlVRXlJQ2FkZi9TMWZYRE1yRGtxdkIxM1FJU2tIT0czT2VuZ2JkZGU1U1pqN2p3L1o1c1k5RXhzblpuQjh1dkhzZDdwYUh3UjdEY2pqTlBEU3dkNzFoUjFzQktORUFCL0hKQng1SXlXWTNjaFo4S3Axd3BHN09zN09vVnVrR2RNdkloL1llbk56VzFDdW45c2VlOUVJd3lOVDNSZ0czbk9rNTRSMWQwNmNHck1LK2FqeEkzcytwUEI4YXV2YUMzYXpYVVpEUTVFWjllbDA3WXQrL29INDQ3eG80QzIzQUVSdDhLMGRGSmk5QTZvaHNXRzl6YzZGbkhSR0tWNlNlZFoxV05US1RmVGM5bWdwb1FDQTdzc0IxT3BISzJaSmp5T3VmQmFCNkhxcisreTRHM0ptZFBwY3VoVk9NQzBzSGo0Tk9OdUlESmlTSG1Mc0MwM2U2TGZrRlZjUlAwSHBBSGM4dWZIOWxlNkJwZXN1OG9zZjJXZ21KOVQycWZBeGw5dEVoUHRVRmd6c0N5ZklLL3ZCYkc0WVM3UDl3UVYraVBUbWQ2MEJ3Zkc0bVJZMlNlK1NvNUtDUVhlTWxjQXJnSXlaRTF5WmZzdWNXYkFmVnl3b09IZnZmLzFpWDJjYkpKZFJrRlg5NndTVHMvVy9PWDZ1cHYyV2JDMUxZeGptbGgvK3R2M3d5ZEx3Skw1VXM4dnVkZ1FtOSt0ZGhLMTAvV2UwSzIzS2JUeFA1OWc5M3pVMHVQODhWZlpoS0xORlI4R082UE56NXJUNjNMRko0dFRwbjFrRWNiTlpVVzErc3FDRlgvY2dtZDFiZWltS2YvS09uSkRGZXptTmZpUEVSNFJxRk9mL1hvbGRlTVZ0WjdNckk5RFZCSHhzV2ZBak4vRVBsSHV4N2Y1NXhreWtkdEYzZU9HSFh4MVBZUmxHQi9EclNld2xWWTZnZTJTVHhTeXRyeDltODJuNXdTU1VubUg2T2NyWW8ydFNyeVZ3RWZHY2JqYUYzZFZZS2JDd0xTNW0yMTZPdDROSzlpTmo0YzdmV3pGOU5xclBSSUZVNmI5RjIzZmVwM2NqV09PckxxZjNnUCszWFhGVDVHMFVUd2dwWXlXS1p2TVdnb0g4TmtlUi9JY3ltN3czYStDRG1sK1RVd2hqUlh0dGFYYnVuQ1JxUWFhcTNQYUxIQ0F0Q2dXQTM2UkpMUDdRb0ZiUlpTUEpjQlhBQ2sybVl6a3Jwd2d2QS9lMjRLV1RhSW9wcVVGZUZNVktxNXN3WDZLTk8rbEVRb21TdGcrYXcwQ0p5TE1PbzVyUGhLRVpVc2Z0UklWZ0FNUFFqdDNRZGcxZWNjM0tibWcyN2J4WHlKNG1LcGhKdUpieWc0RW1JdnQ0ZEVlVkdhbEhkemVUK2RQb2phdnpuUTl1WGRkcElLc2REbFQyNjJ1MVRTOVozS1VHT0k0aGM4eVZXdGJndHJ6N2RoWSt6QkgvQXNHd3ZDbVV5VmEzT2owaGQwM1llZkZBLzY3QVhmb1djcWZXUmY3bmRNU3VadlVVaTdMQ3hxVjlyYTgvTlZ3elVPdkJKLzdqWDhkWDBpTUNzYU5uVEI3bDVSRzVncGhwM2FDbEJHTk1USlEzWWZqWUdLUjBRR1k2cW5rZG1FaGJpZStnK0dZbUt5Lzg1TkdvY3lHcDI1N0s0N3pKZ2ZXWExTdkxvNXFiTXU0SzlEcEd6MzJtMG9QZzMvVEZHRnlZRGZHekxEL0M0enR0WnI1MXo4azlRenZraEd4eG5UR1gwN1V3eVBLc3Q2eWZsRXF2RW10Yy9XR09LM3BsdHpoVDBERThXK3VibDBRMjRib2o1UW16RWNnMzhCNnNIQ0FpR1hENWFOckM2aHdqODUxSVRWZmROMkZtc0p1cUtvWnpYWXpJSE5xcEV6Nm9GTU9uTmF6TXMvbmJyd2VwWkFiTHJ3V04rRm91ZXVXRVV0WGJ1bzdDMitGRDhwUXdkcklxQWZUMzF6TkpvRlR6Sy9JVy9BQitURHRVMTRNZ21mOUc3SkF6RGV6anZKYW5PVmpHbElUakZFWWQ2aXdCVTNHTTR5cjJPZEtUVFVTWHBJSlpRWUR4MGwyM1R6ZFRuVnNUQkRNaTJkRlJmTW9GbWlBSUR0REU5cklqVjl0ekhONlBrdjdJZEtIbDYwU0NDVk84OWtUeU4rTHRERjVXcmFvWGp2Q2ZQb0dHbnMwekxsSXZ1NnRhdTZUMlFjcjlpVFczd05BcUtiMFhEd29nQk1JcTRaVE9IYml0U24wUC9NVnRmNHR2TktwK1RMSit5RUN5UUx4YkRoNWRSN1pUN3VaVHdINVJJYnZ6VzRUb2pLMWZPZHh6Mmh0U3pLaXB6V3Z6VGc3djJsYWRCSXRTK3ptUDBJRG1ER2MxWDFLZEtGNThxZFp3ZHRLSXpkeGltU2RCejl1WUo1UEFXamJxRk1IUXdjMXBBaGRoWkpOUFVkdHJPMktiWlVFeG1OQVVTaHFoTXhidnZqMW42em5KVWJzNzNPN1BXdmkxSS9hUm10M0MxOHp2RktaZzc5KzJuZ2ludERVQ0lCNmlMR3JhVmVBNnVKZXR4VzJudDBZNmJvbm5vUDlyUkM2R1ozRkkya3BJZHM2ekZLVUtUSGwrL3dpeGJMQ2FudWFVUzlpTTMzTllZcTRySVVPeEhRN2VhWWs5V2pQOVhhVURzVEtPRHp0UDl0QTljSjF2Ky9EZm4zQjdYQ2tTWkxXSWpEQitLVlhqN010QllUWDZvWEt3ZVBDRVJVMUlBVWdTYXNTRmIvZGY0TGpXbzF3NXZRN0RxcjA4WnNxdjVQZkUrUkhwTzA4NEg3UjYzZGFKSXJaQ3RxbTJVbXZ4R05ESW42UE4raWNsV0hxRjliVktjWmp4U1h0eG5nUmdYZGswdmY5ajVlUFBxM2w0Szgyc3dXMFRhU0M3cG9LNkVYSVBVY0hsbXhkQm9JRzByUmFCMFJWTUZPeWpmb2Q5bkpmQVZmaWZhWHp0RDNqVnVqUGpLTzhTakh6bXJ5QjFMMDBGTi93V1RKRkVwWHVVN1hCR3dtK29PRExYcEYxTFNjbXlUU3Nra0pnNFZVVVE9PSIgQ29ycmVsYXRpb25CaW5kaW5nPSIiIFVybEVuY29kZT0iVHJ1ZSIgLz4NCiAgICAgICAgPEZvcm1Qb3N0UGFyYW1ldGVyIE5hbWU9IlNjcmVlbldpZHRoIiBWYWx1ZT0ie3skSElEREVOMS5TY3JlZW5XaWR0aH19IiBSZWNvcmRlZFZhbHVlPSIiIENvcnJlbGF0aW9uQmluZGluZz0iIiBVcmxFbmNvZGU9IlRydWUiIC8+DQogICAgICAgIDxGb3JtUG9zdFBhcmFtZXRlciBOYW1lPSJTY3JlZW5IZWlnaHQiIFZhbHVlPSJ7eyRISURERU4xLlNjcmVlbkhlaWdodH19IiBSZWNvcmRlZFZhbHVlPSIiIENvcnJlbGF0aW9uQmluZGluZz0iIiBVcmxFbmNvZGU9IlRydWUiIC8+DQogICAgICAgIDxGb3JtUG9zdFBhcmFtZXRlciBOYW1lPSJidG5RdWVyeSIgVmFsdWU9IuafpeipoiIgUmVjb3JkZWRWYWx1ZT0i5p+l6KmiIiBDb3JyZWxhdGlvbkJpbmRpbmc9Int7Rm9ybVBvc3RQYXJhbTUuYnRuUXVlcnl9fSIgVXJsRW5jb2RlPSJUcnVlIiAvPg0KICAgICAgICA8Rm9ybVBvc3RQYXJhbWV0ZXIgTmFtZT0iZGRsT3JnQW5kRmxvdyIgVmFsdWU9IiIgUmVjb3JkZWRWYWx1ZT0iIiBDb3JyZWxhdGlvbkJpbmRpbmc9IiIgVXJsRW5jb2RlPSJUcnVlIiAvPg0KICAgICAgICA8Rm9ybVBvc3RQYXJhbWV0ZXIgTmFtZT0iZGRsUXVlcnlDb25kaXRpb25zIiBWYWx1ZT0iMCIgUmVjb3JkZWRWYWx1ZT0iMCIgQ29ycmVsYXRpb25CaW5kaW5nPSJ7e0Zvcm1Qb3N0UGFyYW03LmRkbFF1ZXJ5Q29uZGl0aW9uc319IiBVcmxFbmNvZGU9IlRydWUiIC8+DQogICAgICAgIDxGb3JtUG9zdFBhcmFtZXRlciBOYW1lPSJ0eHRPVEVtcElEIiBWYWx1ZT0iMTAyMTE5IiBSZWNvcmRlZFZhbHVlPSIxMDIxMTkiIENvcnJlbGF0aW9uQmluZGluZz0ie3tGb3JtUG9zdFBhcmFtNi50eHRPVEVtcElEfX0iIFVybEVuY29kZT0iVHJ1ZSIgLz4NCiAgICAgICAgPEZvcm1Qb3N0UGFyYW1ldGVyIE5hbWU9InR4dE9URW1wTmFtZSIgVmFsdWU9IiIgUmVjb3JkZWRWYWx1ZT0iIiBDb3JyZWxhdGlvbkJpbmRpbmc9IiIgVXJsRW5jb2RlPSJUcnVlIiAvPg0KICAgICAgICA8Rm9ybVBvc3RQYXJhbWV0ZXIgTmFtZT0idHh0T1RGb3JtTk8iIFZhbHVlPSIiIFJlY29yZGVkVmFsdWU9IiIgQ29ycmVsYXRpb25CaW5kaW5nPSIiIFVybEVuY29kZT0iVHJ1ZSIgLz4NCiAgICAgICAgPEZvcm1Qb3N0UGFyYW1ldGVyIE5hbWU9ImRkbE9UU3RhdHVzIiBWYWx1ZT0iMSIgUmVjb3JkZWRWYWx1ZT0iMSIgQ29ycmVsYXRpb25CaW5kaW5nPSJ7e0Zvcm1Qb3N0UGFyYW04LmRkbE9UU3RhdHVzfX0iIFVybEVuY29kZT0iVHJ1ZSIgLz4NCiAgICAgICAgPEZvcm1Qb3N0UGFyYW1ldGVyIE5hbWU9InR4dE9URGF0ZUJlZ2luJHR4dERhdGUiIFZhbHVlPSIiIFJlY29yZGVkVmFsdWU9IiIgQ29ycmVsYXRpb25CaW5kaW5nPSIiIFVybEVuY29kZT0iVHJ1ZSIgLz4NCiAgICAgICAgPEZvcm1Qb3N0UGFyYW1ldGVyIE5hbWU9InR4dE9URGF0ZUVuZCR0eHREYXRlIiBWYWx1ZT0iIiBSZWNvcmRlZFZhbHVlPSIiIENvcnJlbGF0aW9uQmluZGluZz0iIiBVcmxFbmNvZGU9IlRydWUiIC8+DQogICAgICAgIDxGb3JtUG9zdFBhcmFtZXRlciBOYW1lPSJ1Y01vZGFsUG9wdXAxJENsaWVudFdpZHRoIiBWYWx1ZT0ie3skSElEREVOMS51Y01vZGFsUG9wdXAxJENsaWVudFdpZHRofX0iIFJlY29yZGVkVmFsdWU9IjAiIENvcnJlbGF0aW9uQmluZGluZz0iIiBVcmxFbmNvZGU9IlRydWUiIC8+DQogICAgICAgIDxGb3JtUG9zdFBhcmFtZXRlciBOYW1lPSJ1Y01vZGFsUG9wdXAxJENsaWVudEhlaWdodCIgVmFsdWU9Int7JEhJRERFTjEudWNNb2RhbFBvcHVwMSRDbGllbnRIZWlnaHR9fSIgUmVjb3JkZWRWYWx1ZT0iMCIgQ29ycmVsYXRpb25CaW5kaW5nPSIiIFVybEVuY29kZT0iVHJ1ZSIgLz4NCiAgICAgIDwvRm9ybVBvc3RIdHRwQm9keT4NCiAgICA8L1JlcXVlc3Q+DQogICAgPFJlcXVlc3QgTWV0aG9kPSJQT1NUIiBHdWlkPSJmZDljMDEyNS1iYzQxLTQzYmUtODY5ZS0xNDhiMzMzMTAxNWYiIFZlcnNpb249IjEuMSIgVXJsPSJodHRwOi8vMTAuMTEuMzYuMTE0OjgwMDcvT3ZlclRpbWUvT3ZlcnRpbWVQcmVPcmRlci5hc3B4IiBUaGlua1RpbWU9IjAiIFRpbWVvdXQ9IjMwMCIgUGFyc2VEZXBlbmRlbnRSZXF1ZXN0cz0iVHJ1ZSIgRm9sbG93UmVkaXJlY3RzPSJUcnVlIiBSZWNvcmRSZXN1bHQ9IlRydWUiIENhY2hlPSJGYWxzZSIgUmVzcG9uc2VUaW1lR29hbD0iMCIgRW5jb2Rpbmc9InV0Zi04IiBFeHBlY3RlZEh0dHBTdGF0dXNDb2RlPSIwIiBFeHBlY3RlZFJlc3BvbnNlVXJsPSIiIFJlcG9ydGluZ05hbWU9IiIgSWdub3JlSHR0cFN0YXR1c0NvZGU9IkZhbHNlIj4NCiAgICAgIDxGb3JtUG9zdEh0dHBCb2R5Pg0KICAgICAgICA8Rm9ybVBvc3RQYXJhbWV0ZXIgTmFtZT0iVG9vbGtpdFNjcmlwdE1hbmFnZXIxX0hpZGRlbkZpZWxkIiBWYWx1ZT0iOztBamF4Q29udHJvbFRvb2xraXQsIFZlcnNpb249NC4xLjcuNjA3LCBDdWx0dXJlPW5ldXRyYWwsIFB1YmxpY0tleVRva2VuPTI4ZjAxYjBlODRiNmQ1M2U6emgtSGFudDo3Yjk1ZWQxYS02YTNmLTQxZGQtYmM1Yi02M2YzOWVkYmM0YjQ6ZGUxZmVhYjI6ZmNmMGU5OTM6ZjJjOGU3MDg6NzIwYTUyYmY6ZjljZWM5YmM6NTg5ZWFhMzA6Njk4MTI5Y2Y6ZmI5YjRjNTc6Y2NiOTZjZjk6YTY3YzI3MDA6ODYxM2FlYTc6MzIwMmE1YTI6YWIwOWUzZmU6ODcxMDRiN2M6YmU2ZmIyOTgiIFJlY29yZGVkVmFsdWU9Ijs7QWpheENvbnRyb2xUb29sa2l0LCBWZXJzaW9uPTQuMS43LjYwNywgQ3VsdHVyZT1uZXV0cmFsLCBQdWJsaWNLZXlUb2tlbj0yOGYwMWIwZTg0YjZkNTNlOnpoLUhhbnQ6N2I5NWVkMWEtNmEzZi00MWRkLWJjNWItNjNmMzllZGJjNGI0OmRlMWZlYWIyOmZjZjBlOTkzOmYyYzhlNzA4OjcyMGE1MmJmOmY5Y2VjOWJjOjU4OWVhYTMwOjY5ODEyOWNmOmZiOWI0YzU3OmNjYjk2Y2Y5OmE2N2MyNzAwOjg2MTNhZWE3OjMyMDJhNWEyOmFiMDllM2ZlOjg3MTA0YjdjOmJlNmZiMjk4IiBDb3JyZWxhdGlvbkJpbmRpbmc9IiIgVXJsRW5jb2RlPSJUcnVlIiAvPg0KICAgICAgICA8Rm9ybVBvc3RQYXJhbWV0ZXIgTmFtZT0iX19FVkVOVFRBUkdFVCIgVmFsdWU9Int7JEhJRERFTjEuX19FVkVOVFRBUkdFVH19IiBSZWNvcmRlZFZhbHVlPSIiIENvcnJlbGF0aW9uQmluZGluZz0iIiBVcmxFbmNvZGU9IlRydWUiIC8+DQogICAgICAgIDxGb3JtUG9zdFBhcmFtZXRlciBOYW1lPSJfX0VWRU5UQVJHVU1FTlQiIFZhbHVlPSJ7eyRISURERU4xLl9fRVZFTlRBUkdVTUVOVH19IiBSZWNvcmRlZFZhbHVlPSIiIENvcnJlbGF0aW9uQmluZGluZz0iIiBVcmxFbmNvZGU9IlRydWUiIC8+DQogICAgICAgIDxGb3JtUG9zdFBhcmFtZXRlciBOYW1lPSJfX0xBU1RGT0NVUyIgVmFsdWU9Int7JEhJRERFTjEuX19MQVNURk9DVVN9fSIgUmVjb3JkZWRWYWx1ZT0iIiBDb3JyZWxhdGlvbkJpbmRpbmc9IiIgVXJsRW5jb2RlPSJUcnVlIiAvPg0KICAgICAgICA8Rm9ybVBvc3RQYXJhbWV0ZXIgTmFtZT0iX19WU1RBVEUiIFZhbHVlPSJ7eyRISURERU4xLl9fVlNUQVRFfX0iIFJlY29yZGVkVmFsdWU9IkFSK0xDQUFBQUFBQUJBRGRXTjF2RTlrVmp4MlBZNXdRaHkxMjZiWWREeEx0Sk1yWDNQRkh2cG9IWWtPSkZqQk52RHcwaTZ5eDUySlBNNTVKUGVPQSs0Q28xQ3dwWlVWV0czYWJwYXEwMHBiOW9LeW9VS1dVcGF2K0NYM29RNS9SMm9tZitpZTA5ODZIUFk3SFRrZ2dsWEFVKzg2NTU5N2YrWjF6N2puMi9hL0RkOEpKa0tsVVRKYlVnaXdxYy9DWFJhRUFMOG1LT3NObEZ0K0NwVlFxMEUzNHM4c1hPRUU2bFZGRkJweUs1V0JtOGJRb0VnR0xtRDJWeVMzR2NyS3N3QVo1cUlVODNFSWVhU0dQdHBDUHRaQ1B0NUJQMk1zQjAwSU9MSEszTHZmOVpMQ2pwOVB0OTNvU3laaWNYNXFOZHlXU1ovQ25PNUdNY3lwRUgwa2hEM3NTeVhtVlU0dktSUzRQdTVGTVZqa1JUeUQxNUhWcE51NHhGZERnckZ6SVgweDR6NHJ5dFJpblFMVG44Y0VPTC80bjNQT1h6czI4QlFnM1lGZ0FKZ2cveTRDeFVTWXlDc0NOK3BEb1pwaEpocm5CQVBST3VDc2ZQeXcvK24zL3dNSjhTVkZoZmlRT00wS2VFNGVvdkpLUkM2S1FIcUl1dzRJaXlOSjBlSVRCZjBOVXJDaXF4UUtjbG1CUkxXRGRTOFcwS0dSUUZpVGxSU2hOcDhmR3VFZ21FZ1VUb1RCa3hpYzZ3UWhEQkhUcmROdXdPVXdFZ0VpRWNBQ2l6M3lNTXZvMGJNY25QTXFhZlBCUTV4TzlnZDRST1pQUG9LdVRHUUUyb0dFV01LQUJGSXdmQ21pb0FaUUY5cUFnT2hFWlB3aW90a0VObEsyRGFzVDN4QlJFYjlTSENCUm82Y0phMHdXQjJzYzBES0tzSmFaaEVENGswR2dqVS9aUVFNY2FZM280b09NTm9LRzlIWm1EZ2s0MGdyYk1YblRhRHdLcWJXQ0NXcytwTlhzOVRnZnZJN3lvdXFESGFDUWM5Z1VDcERzT2w5VFpPUEVtelRETVR3RkREMmtEeGpJZzMwZ1Vzcmh3bmhjVUZRMDVWRm9KSjAyVHZhbExYQmJPS3JpMm5wZXpPZEp2Q0g1V2hJWFN2Rm9RcEt3bWQrdGwzR1JNbmpUMFRoZFYrZlRTa2xnNmswOURIc3RpaWhJVE9VWEprclNoZ3p1Q2l2N25NNmlCaXFoekNpb3FxZ25KN0tGWjBxdFR3QlpDc3R0aUsvRmxyd0pGbUZHcCtPeDhjdlppTEVsbFVPMm5xR3M1S0ZHSk1EUHk5cExCaHhJVVNwSlZTaXFLSXFVMlQwTVJyYU5wQ2tvOHhTbDRzalkzSkNoNFZUOWVZSXBvZXNCUU15Vlc0RkI3NEZBNzRKQU5jS2daT0dRTHpMWUhadHNCc3piQWJETXdhd3NNMmdPREp1QitiYlcrdU8zYWZpUENkWldyQlRsUHdYTnpGK2JqTTZuWjVGeDhaSUZQeTFkR0ZqUUY0VmNjemgrY0lsZncvZ1ZJR1F1bnJVQURtaGs2L1lHYUQ0REZCeFo2Mk1UVzVKcTRtZDREamQ2cmc3U0FhT2ZCZHBGckRwekZZRE53U05SR3ljWmtteHl3eVVmN3M0RmZHRFF1WDVOMm9tcWtMUTdWNk5lWmFpT2Q0ZlAxOWVmck4ybHFzSzQ5U0EvVHRVZjh0UkE3d2NaNlhROVlGRzM0NkVxc25WSm9oMUxJVGltOFF5bHNWYkx6Z21id0M2UnZnaExoVlpYNmhTeEllMTBSWmlnWlp4T3laVTRXWVV6bTRUUWRabWlLUThsaXNaaWFUdFNHTHd3U01rQkNWcENRQ1JKNk9TQ3NBY0phUVZnVGhIMDVJTUFBQVZZUVlJS0Fsd05pWUZnaEdGb0RzTjNmS0ZyMWlvT0tJRDdFaVFJUEMxUzZaTzA2bGo1Z3FjeVdFbE03OVJUWmhVWmExL1NZWHdWSW45bURvY29sdWF5U0RUaWRuVDQrY0J5OSt3Sk8xTy9QQzltY09pTmZueWxBYnZHTXhLVkZ5T2Y0Z1BNcTBuSTVIWnBXMTJWQkVkQkVqdWVkaENaeEplRjFsVGl4dlhGdmErM2RiemNmL2VmWm5lMkh2OXY2L0wzeU55dlBiejVBZWovQ2VzR2pSRS9sOGViMlg5YXF0Mjl1ZjNJSHlRY011ZS9icDAvTHQrOXZQN2xWZWJxRzlrRlR3OGFVSDAxaCtiM055Z2NmVjI3OWRtdjk4NjNQM2tjS296N0RNRXlpaitjRGpxdThFNWhDTnhiNkFoNnlGLzNFNUM1elloR2VGYURJRXk0Y0V2SW9sbUt6ZGFFSEMvRjVKYnRUSi9IVWpGeVUrQ3paVmZOQm45OTViQmk5RUxIcXI1RXB0L0JEUVA5S05iekRlcit6dzYzUEhCL3NkR2F6bW1XRVprNndWemNnNkt0akJ2dXl3V012QWFGci93aUFHZDcrOE12cXlwKzNIdHd0cjM2QkhHd2lBQ3RDeVBTdXgvQXVBdlBXOHhOQkhtMm9malZjUnpPdTM5R0JkbmJzY0k2M251TDczNjJydmh0NzhOMk9tTHQxVy9yYi9yY2IwekxXcVIwb2ZPeThLT1h3TFFqKzFzMnBSRThKdmQ0WnZYRGhuVkdlSjcycGVaVXJxTm90U2NjL2hEdjMvL1ZQRCtsSm5aRjRRelRqQ2o3NnR3ZHRNYXZNUVk1UFNHSXBoeFNTc2l3bWhTVmllS0g2OVI4ckg5eStRcFhmZjFhKys3RHkwWjhxOTk5RjUzT2hlbjlEazFjMlY2b2JuNVpYUGl0LzlUZjlqR1B6SElnemo4KzZMR1ZFSWJOSS9QeHRWUkJUc2R3aUtnNUpPWnNWb1ZZRkJGRlFTLzIwZWwzVnIzSm1ZRmFRVXBuY1luMldIcUoyenZQQ01qNWpwMUdSb1FlbWVIU1duYmlNRUlwYUVpRVJYSVlGVmNodzRqQW5DbGxwVXBXWHBwWnIyMDFPMVF2Ui9saWlsVjVaNHRPaXpxeFh6UW5LeURJdUVOTTBQY1dqb0FUY3BOczJIRWVhb25FT2w0aUdZSnpEK1lmQ0dueWpjWEh3TzdVSUJvL1hJaGYwNTRLQmc0WXArRjNpOHQ3aWcyeHRFeDA4YXgrYjRJazloeVg0dlJlT1IvQk4reWdFdjcvRGhUK291VDM0UTR1L0ovQVY0N0hPRGwvQWhZNGhMdUd6S3N6SFVBbFhuVjdlMFJmb3dIODk2RmQ2aDE2K0FwcXBMdklJL3NVWmswVzU0UDNVUWJwU0orZG5uQjdjRDUyR2UvVVc1QUE4cjdkSTlOQjBTNmQ1eDM5Tkx2RERhZHcySjdWMzVDVVIwWEFacTR3ZittYkx4Qko5TlpLNERVbFgrZXNQRTF2ZmZNSHJHYVQxeStyS2UrVzExZkxqMWNvbnEwanVNWnVpN1owbWo0dVZybUM5M1VSaXJ5SEd0d3pvc2R1MDRjZFNXbG1hMG9LTW5SZEViZ2hTdGk1ZzdWeGczaG0rU2hjRXlrOGVvd1FhcmZ4aHRmejBIaHB0L1hXdHZQbWsyUms3cmdsM09zTzRNTFE2Z3hrQnRzN28zTTBaSVR0bm1IZVpyNWt6WExzNUk5emtETXN0MWI2ZG9WM2dXcDFSZmZCVm9ycng5Lyt2TTRqZG5CRnBka2I5N3ZkVlpvYTdmUFBaMXQxSGR1UWI3aDhieU5kdkl2ZFNJOXk3a1kvYVpnTDdXcER2Mm8zOG1HMU5lRDNJZTNZalAyNUhQblFJRGZJUXlCL1pqZnlFTGZuWDQ4eDdkeUh2Qk13ckt2L01lQVA3NnNhVHhOYjZidzZYdlM3cHdUY2RVeHB0WkRLdmNUcktDOHFTeUpVbUpWbUNVL3ovQUljOVZ3Z2FJQUFBIiBDb3JyZWxhdGlvbkJpbmRpbmc9IiIgVXJsRW5jb2RlPSJUcnVlIiAvPg0KICAgICAgICA8Rm9ybVBvc3RQYXJhbWV0ZXIgTmFtZT0iX19WSUVXU1RBVEUiIFZhbHVlPSJ7eyRISURERU4xLl9fVklFV1NUQVRFfX0iIFJlY29yZGVkVmFsdWU9IiIgQ29ycmVsYXRpb25CaW5kaW5nPSIiIFVybEVuY29kZT0iVHJ1ZSIgLz4NCiAgICAgICAgPEZvcm1Qb3N0UGFyYW1ldGVyIE5hbWU9Il9fU0NST0xMUE9TSVRJT05YIiBWYWx1ZT0ie3skSElEREVOMS5fX1NDUk9MTFBPU0lUSU9OWH19IiBSZWNvcmRlZFZhbHVlPSIwIiBDb3JyZWxhdGlvbkJpbmRpbmc9IiIgVXJsRW5jb2RlPSJUcnVlIiAvPg0KICAgICAgICA8Rm9ybVBvc3RQYXJhbWV0ZXIgTmFtZT0iX19TQ1JPTExQT1NJVElPTlkiIFZhbHVlPSJ7eyRISURERU4xLl9fU0NST0xMUE9TSVRJT05ZfX0iIFJlY29yZGVkVmFsdWU9IjAiIENvcnJlbGF0aW9uQmluZGluZz0iIiBVcmxFbmNvZGU9IlRydWUiIC8+DQogICAgICAgIDxGb3JtUG9zdFBhcmFtZXRlciBOYW1lPSJfX1ZJRVdTVEFURUVOQ1JZUFRFRCIgVmFsdWU9Int7JEhJRERFTjEuX19WSUVXU1RBVEVFTkNSWVBURUR9fSIgUmVjb3JkZWRWYWx1ZT0iIiBDb3JyZWxhdGlvbkJpbmRpbmc9IiIgVXJsRW5jb2RlPSJUcnVlIiAvPg0KICAgICAgICA8Rm9ybVBvc3RQYXJhbWV0ZXIgTmFtZT0iX19FVkVOVFZBTElEQVRJT04iIFZhbHVlPSJ7eyRISURERU4xLl9fRVZFTlRWQUxJREFUSU9OfX0iIFJlY29yZGVkVmFsdWU9ImY3K2NoNkYzUXJWMndLcUxiYUthSmVGTEpxNjc0eWptYi9hVUkrVVQrblJvaVNZWHMrSkphT0dFNUdtMjBTQmI3UFZHOHd2RlN0RlRvak1nSEZtNnFFbGZRNkV3ZHZ6Z2NSMDBiM1lKVWZYQngycEt2dm1ZU3FGUkM2YUpVMHVjbVZoSFhGenVKZkdBZUxQMmVQOGpCcUxXNDNSRkF3bFV6NjBpVkw3MGRlc1ZtQlR1OGdWS0hsQXVldnlSOXpadCtvbkZxU2NnRDJaYXhSYnBkRk1CR3Q4UlZoR3VPMVVveTUvS1I3UlN5bjc2SkNEQVFnNTVYTlFrYWo3N053RU14OCtUS3R3OVpraEdjTWZ1YityVFNnUkxEV0ZZMDhDUHdTdWFMVlhmOVIrYzVDemRtd0N2S0EyRmhmdVJkYSs4MEVud3VRbEpNS2U5byttWWdKOERWZUZVODBwektKZGlRd0tVUFNWY3p3RWZmN1BqdU5IRXRWb1FtSGNidHJFVC9PdDhpazkyekNoaldJekdCemE0aHc5aWcvZGFhQTZ6NGJEa0pJVmdyRXV4RnkvYjU5akx1V0NNUllVQUZKNE5nUzJ3c3VtMXc0Z2pHZkFHWUNkcVl2dXFMa0laVGx2cE1JTXpJTjBubGwyUGpnUGxmdXJveElZTmRkQSt4ZTA3VHVOeHJJdXpqejBHMExHWXZmK3NNMlBKa09IY0hDQXhpQzltQ2drQVNwUGN0clZCOW9URCtIdnpHYWt6VjZCWGxsb0lrdENNemlnODlFMVNBZWZXUjY4NE5Ea3krcjZDc3RKL1FUVlpacUFFblFjamZuRGZ1eVlsRFBYU1hzM1BjV2dIZDh2eEVhU0VrdFg5c0V3QVZwT3J6ejVYT3NmY2xBWmxZM21WT0o5b3JhWWpMempBZTFXMlc4QlVUUld0cVFLOXlOMmdOOU9nS0ltbGhKc1l3ZFBSNXJ2aUF5U2c3SlViUXZtc3l1NEdOTXZNRnYyRnVqSnVtVGJBS0kwbGJhbno3V2s0NFA5L1U1Y3hOdlFLaGFzM050UlFGTnZ1anJZYjl0M3NlK0dMcGNiRmRYOWxZeEx1QktObDFWNEsxcSs4c2plekVseDRvZExlL25XcFRvdDBIWm9KNHhveTkxdEdvR1JLN3QvaGhEZlVJUitGbkNtZVpDT3BtaHZ4U0NacHhJc0dYVXZVOUYyZFBRWTZLcjc2UGRGbWowZTdyMExXeXFNaFBRWDVaWVcwVWRBTDJnSTFLb21oNU5CcHVTYkpCY1RnNzNCblQvZkV0aHNWLzluYlZWT0lHdDlWUWNac1FUK3FpM3J5TnVLdjZQNTBsQ0hUejdWMWt2cVhremg2SkZtUVd4SmJLQzFwcTB2dDFGcGdlUmFJaXNZYXZyTTJIWkhoMFhvQTZYd1dsN0JwUlZSRVB1aXdNajV1bDFyKzVhTFpsbzlCZTdFcDlTZ0FCWkx1cEluUVFFbW9HamtkNHlxblN3RTUvWElhSXRxY0szaEFMQVJ4enF3RkMxZUJ4ZlErZGQzdndxTkZxQW56aHJTMUpodGhqTGJlWmthSXIvVzJqTE8xKy80cTlqWit0NWVFd2VvZU1mS0lNZms4ZCtVOGM5dkNhcE05N3NraW0rYmh0VnEvdloyUHVZL20rK0dWd0ltUjJBREVyVUtLMWNnSi91VHZGZ3hYOTVnMWJiVkNYSEU1RmxWSVVJUFl2dTJxSisvbW13NmpsUkJJR0VrTkxsZ1RxSHlPT2RML21vL1dlMGphQVh5Q3V3SjRWWm9VdHM2d3d0SU1OVXFzYjBjREJpV2lieThobWQ0blNqVVVXcnR4eXp5N3A3aEdnVGluZ2ptWGIxVW5PQWhDY0dmbFZoa1Uvakg0SUMzUmU0WFcwZ1RHUzJYVTBNZk1IMDdpUUxibTJZZ3RkM3FEWGtHVzhrOEpScHpqRGJVb25NN1loWFBYanJTbzM0SEZwekZCZ3NDSFJocDhoZjFRQVp2eXhqOG5BK1pqeXNLbWgvclVxOXR3akxXODRNRnVqNXBMMnFXUzBxdmRQb0dnaFdhMmtzZTJFeHZlbUs5bFlsODRVdDUyWjlacTBsQWZvNVNpbGkxRHVaekhVbGdHZ2lPcDRGdzdqV2lXT0VONUUwWUlIcHc9IiBDb3JyZWxhdGlvbkJpbmRpbmc9IiIgVXJsRW5jb2RlPSJUcnVlIiAvPg0KICAgICAgICA8Rm9ybVBvc3RQYXJhbWV0ZXIgTmFtZT0iU2NyZWVuV2lkdGgiIFZhbHVlPSJ7eyRISURERU4xLlNjcmVlbldpZHRofX0iIFJlY29yZGVkVmFsdWU9IiIgQ29ycmVsYXRpb25CaW5kaW5nPSIiIFVybEVuY29kZT0iVHJ1ZSIgLz4NCiAgICAgICAgPEZvcm1Qb3N0UGFyYW1ldGVyIE5hbWU9IlNjcmVlbkhlaWdodCIgVmFsdWU9Int7JEhJRERFTjEuU2NyZWVuSGVpZ2h0fX0iIFJlY29yZGVkVmFsdWU9IiIgQ29ycmVsYXRpb25CaW5kaW5nPSIiIFVybEVuY29kZT0iVHJ1ZSIgLz4NCiAgICAgICAgPEZvcm1Qb3N0UGFyYW1ldGVyIE5hbWU9ImJ0bkFjdGlvblgiIFZhbHVlPSLmuIXpmaQiIFJlY29yZGVkVmFsdWU9Iua4hemZpCIgQ29ycmVsYXRpb25CaW5kaW5nPSJ7e0Zvcm1Qb3N0UGFyYW0xLmJ0bkFjdGlvblh9fSIgVXJsRW5jb2RlPSJUcnVlIiAvPg0KICAgICAgICA8Rm9ybVBvc3RQYXJhbWV0ZXIgTmFtZT0iZGRsT3JnQW5kRmxvdyIgVmFsdWU9IiIgUmVjb3JkZWRWYWx1ZT0iIiBDb3JyZWxhdGlvbkJpbmRpbmc9IiIgVXJsRW5jb2RlPSJUcnVlIiAvPg0KICAgICAgICA8Rm9ybVBvc3RQYXJhbWV0ZXIgTmFtZT0iZGRsUXVlcnlDb25kaXRpb25zIiBWYWx1ZT0iMCIgUmVjb3JkZWRWYWx1ZT0iMCIgQ29ycmVsYXRpb25CaW5kaW5nPSJ7e0Zvcm1Qb3N0UGFyYW0zLmRkbFF1ZXJ5Q29uZGl0aW9uc319IiBVcmxFbmNvZGU9IlRydWUiIC8+DQogICAgICAgIDxGb3JtUG9zdFBhcmFtZXRlciBOYW1lPSJ0eHRPVEVtcElEIiBWYWx1ZT0iMTAyMTE5IiBSZWNvcmRlZFZhbHVlPSIxMDIxMTkiIENvcnJlbGF0aW9uQmluZGluZz0ie3tGb3JtUG9zdFBhcmFtMi50eHRPVEVtcElEfX0iIFVybEVuY29kZT0iVHJ1ZSIgLz4NCiAgICAgICAgPEZvcm1Qb3N0UGFyYW1ldGVyIE5hbWU9InR4dE9URW1wTmFtZSIgVmFsdWU9IiIgUmVjb3JkZWRWYWx1ZT0iIiBDb3JyZWxhdGlvbkJpbmRpbmc9IiIgVXJsRW5jb2RlPSJUcnVlIiAvPg0KICAgICAgICA8Rm9ybVBvc3RQYXJhbWV0ZXIgTmFtZT0idHh0T1RGb3JtTk8iIFZhbHVlPSIiIFJlY29yZGVkVmFsdWU9IiIgQ29ycmVsYXRpb25CaW5kaW5nPSIiIFVybEVuY29kZT0iVHJ1ZSIgLz4NCiAgICAgICAgPEZvcm1Qb3N0UGFyYW1ldGVyIE5hbWU9ImRkbE9UU3RhdHVzIiBWYWx1ZT0iMSIgUmVjb3JkZWRWYWx1ZT0iMSIgQ29ycmVsYXRpb25CaW5kaW5nPSJ7e0Zvcm1Qb3N0UGFyYW00LmRkbE9UU3RhdHVzfX0iIFVybEVuY29kZT0iVHJ1ZSIgLz4NCiAgICAgICAgPEZvcm1Qb3N0UGFyYW1ldGVyIE5hbWU9InR4dE9URGF0ZUJlZ2luJHR4dERhdGUiIFZhbHVlPSIiIFJlY29yZGVkVmFsdWU9IiIgQ29ycmVsYXRpb25CaW5kaW5nPSIiIFVybEVuY29kZT0iVHJ1ZSIgLz4NCiAgICAgICAgPEZvcm1Qb3N0UGFyYW1ldGVyIE5hbWU9InR4dE9URGF0ZUVuZCR0eHREYXRlIiBWYWx1ZT0iIiBSZWNvcmRlZFZhbHVlPSIiIENvcnJlbGF0aW9uQmluZGluZz0iIiBVcmxFbmNvZGU9IlRydWUiIC8+DQogICAgICAgIDxGb3JtUG9zdFBhcmFtZXRlciBOYW1lPSJ1Y01vZGFsUG9wdXAxJENsaWVudFdpZHRoIiBWYWx1ZT0ie3skSElEREVOMS51Y01vZGFsUG9wdXAxJENsaWVudFdpZHRofX0iIFJlY29yZGVkVmFsdWU9IjAiIENvcnJlbGF0aW9uQmluZGluZz0iIiBVcmxFbmNvZGU9IlRydWUiIC8+DQogICAgICAgIDxGb3JtUG9zdFBhcmFtZXRlciBOYW1lPSJ1Y01vZGFsUG9wdXAxJENsaWVudEhlaWdodCIgVmFsdWU9Int7JEhJRERFTjEudWNNb2RhbFBvcHVwMSRDbGllbnRIZWlnaHR9fSIgUmVjb3JkZWRWYWx1ZT0iMCIgQ29ycmVsYXRpb25CaW5kaW5nPSIiIFVybEVuY29kZT0iVHJ1ZSIgLz4NCiAgICAgIDwvRm9ybVBvc3RIdHRwQm9keT4NCiAgICA8L1JlcXVlc3Q+DQogIDwvSXRlbXM+DQogIDxWYWxpZGF0aW9uUnVsZXM+DQogICAgPFZhbGlkYXRpb25SdWxlIENsYXNzbmFtZT0iTWljcm9zb2Z0LlZpc3VhbFN0dWRpby5UZXN0VG9vbHMuV2ViVGVzdGluZy5SdWxlcy5WYWxpZGF0ZVJlc3BvbnNlVXJsLCBNaWNyb3NvZnQuVmlzdWFsU3R1ZGlvLlF1YWxpdHlUb29scy5XZWJUZXN0RnJhbWV3b3JrLCBWZXJzaW9uPTEwLjAuMC4wLCBDdWx0dXJlPW5ldXRyYWwsIFB1YmxpY0tleVRva2VuPWIwM2Y1ZjdmMTFkNTBhM2EiIERpc3BsYXlOYW1lPSLlm57mh4kgVVJMIiBEZXNjcmlwdGlvbj0i6amX6K2J5Zue5oeJIFVSTCDlnKjlpZfnlKjph43mlrDlsI7lkJHkuYvlvozmmK/lkKblkozoqJjpjITnmoTlm57mh4kgVVJMIOebuOWQjOOAguW3suW/veeVpSBRdWVyeVN0cmluZyDlj4PmlbjjgIIiIExldmVsPSJMb3ciIEV4ZWN0dWlvbk9yZGVyPSJCZWZvcmVEZXBlbmRlbnRzIiAvPg0KICAgIDxWYWxpZGF0aW9uUnVsZSBDbGFzc25hbWU9Ik1pY3Jvc29mdC5WaXN1YWxTdHVkaW8uVGVzdFRvb2xzLldlYlRlc3RpbmcuUnVsZXMuVmFsaWRhdGlvblJ1bGVSZXNwb25zZVRpbWVHb2FsLCBNaWNyb3NvZnQuVmlzdWFsU3R1ZGlvLlF1YWxpdHlUb29scy5XZWJUZXN0RnJhbWV3b3JrLCBWZXJzaW9uPTEwLjAuMC4wLCBDdWx0dXJlPW5ldXRyYWwsIFB1YmxpY0tleVRva2VuPWIwM2Y1ZjdmMTFkNTBhM2EiIERpc3BsYXlOYW1lPSLlm57mh4nmmYLplpPnm67mqJkiIERlc2NyaXB0aW9uPSLpqZforYnmraTopoHmsYLnmoTlm57mh4nmmYLplpPmmK/lkKblsI/mlrzmiJbnrYnmlrzmraTopoHmsYLmiYDmjIflrprnmoTlm57mh4nmmYLplpPnm67mqJnjgILlm57mh4nmmYLplpPnm67mqJnngrrpm7blsIfooqvlv73nlaXjgIIiIExldmVsPSJMb3ciIEV4ZWN0dWlvbk9yZGVyPSJBZnRlckRlcGVuZGVudHMiPg0KICAgICAgPFJ1bGVQYXJhbWV0ZXJzPg0KICAgICAgICA8UnVsZVBhcmFtZXRlciBOYW1lPSJUb2xlcmFuY2UiIFZhbHVlPSIwIiAvPg0KICAgICAgPC9SdWxlUGFyYW1ldGVycz4NCiAgICA8L1ZhbGlkYXRpb25SdWxlPg0KICA8L1ZhbGlkYXRpb25SdWxlcz4NCjwvV2ViVGVzdD4=">
      <Execution id="d0c73732-b9c1-438d-bb3c-4231756c57e4" />
    </WebTest>
  </TestDefinitions>
  <TestLists>
    <TestList name="不在清單中的結果" id="8c84fa94-04c1-424b-9868-57a2d4851a1d" />
    <TestList name="所有載入的結果" id="19431567-8539-422a-85d7-44ee4e166bda" />
  </TestLists>
  <TestEntries>
    <TestEntry isTransparent="false" testId="a5b43290-1c44-42f1-bfa2-c60d219f5d58" executionId="d0c73732-b9c1-438d-bb3c-4231756c57e4" testListId="8c84fa94-04c1-424b-9868-57a2d4851a1d" />
  </TestEntries>
  <Results>
    <WebTestResult executionId="d0c73732-b9c1-438d-bb3c-4231756c57e4" testId="a5b43290-1c44-42f1-bfa2-c60d219f5d58" testName="WebTest1" computerName="ANSONHUANG" duration="00:00:01.6074446" startTime="2017-05-16T10:39:47.7257700+08:00" endTime="2017-05-16T10:39:59.9242700+08:00" testType="4e7599fa-5ecb-43e9-a887-cd63cf72d207" outcome="Passed" testListId="8c84fa94-04c1-424b-9868-57a2d4851a1d" relativeResultsDirectory="d0c73732-b9c1-438d-bb3c-4231756c57e4">
      <ResultFiles>
        <ResultFile path="WebTest1.webtestResult" />
      </ResultFiles>
      <TestSettings name="本機" id="f0316326-3a07-479d-8058-64131c18b509">
        <Description>這些是本機測試回合的預設測試設定。</Description>
        <Execution>
          <TestTypeSpecific>
            <WebTestRunConfiguration testTypeId="4e7599fa-5ecb-43e9-a887-cd63cf72d207">
              <Browser name="Internet Explorer 7.0">
                <Headers>
                  <Header name="User-Agent" value="Mozilla/4.0 (compatible; MSIE 7.0; Windows NT 5.1)" />
                  <Header name="Accept" value="*/*" />
                  <Header name="Accept-Language" value="{{$IEAcceptLanguage}}" />
                  <Header name="Accept-Encoding" value="GZIP" />
                </Headers>
              </Browser>
            </WebTestRunConfiguration>
          </TestTypeSpecific>
          <AgentRule name="Execution Agents">
          </AgentRule>
        </Execution>
        <Deployment runDeploymentRoot="YSHuang_ANSONHUANG 2017-05-16 10_39_47" />
      </TestSettings>
      <WebTestResultFilePath>YSHuang_ANSONHUANG 2017-05-16 10_39_47\In\d0c73732-b9c1-438d-bb3c-4231756c57e4\WebTest1.webtestResult</WebTestResultFilePath>
    </WebTestResult>
  </Results>
</TestRun>