<?xml version="1.0" encoding="UTF-8"?>
<TestRun id="479cd17a-b8f2-4d57-8463-c12ed36a5973" name="YSHuang@ANSONHUANG 2017-05-18 09:40:55" runUser="AnsonHuang\YSHuang" xmlns="http://microsoft.com/schemas/VisualStudio/TeamTest/2010">
  <TestSettings name="本機" id="f0316326-3a07-479d-8058-64131c18b509">
    <Description>這些是本機測試回合的預設測試設定。</Description>
    <Execution>
      <TestTypeSpecific />
      <AgentRule name="Execution Agents">
      </AgentRule>
    </Execution>
    <Deployment runDeploymentRoot="YSHuang_ANSONHUANG 2017-05-18 09_40_55" />
  </TestSettings>
  <Times creation="2017-05-18T09:40:55.0407295+08:00" queuing="2017-05-18T09:40:56.8422295+08:00" start="2017-05-18T09:40:56.9607295+08:00" finish="2017-05-18T09:41:08.5652295+08:00" />
  <ResultSummary outcome="Failed">
    <Counters total="1" executed="1" error="0" failed="1" timeout="0" aborted="0" inconclusive="0" passedButRunAborted="0" notRunnable="0" notExecuted="0" disconnected="0" warning="0" passed="0" completed="0" inProgress="0" pending="0" />
  </ResultSummary>
  <TestDefinitions>
    <WebTest name="WebTestSelectCase02" storage="d:\git\attendant\loadtesting\loadtesting\webtestselectcase02.webtest" id="32b3eb7f-657d-48cc-acc9-b304c0cd482c" persistedWebTest="77u/PD94bWwgdmVyc2lvbj0iMS4wIiBlbmNvZGluZz0iVVRGLTgiIHN0YW5kYWxvbmU9InllcyI/Pg0KPFdlYlRlc3QgTmFtZT0iV2ViVGVzdFNlbGVjdENhc2UwMiIgSWQ9IjMyYjNlYjdmLTY1N2QtNDhjYy1hY2M5LWIzMDRjMGNkNDgyYyIgT3duZXI9IiIgUHJpb3JpdHk9IjIxNDc0ODM2NDciIEVuYWJsZWQ9IlRydWUiIENzc1Byb2plY3RTdHJ1Y3R1cmU9IiIgQ3NzSXRlcmF0aW9uPSIiIFRpbWVvdXQ9IjAiIFdvcmtJdGVtSWRzPSIiIHhtbG5zPSJodHRwOi8vbWljcm9zb2Z0LmNvbS9zY2hlbWFzL1Zpc3VhbFN0dWRpby9UZWFtVGVzdC8yMDEwIiBEZXNjcmlwdGlvbj0iIiBDcmVkZW50aWFsVXNlck5hbWU9IiIgQ3JlZGVudGlhbFBhc3N3b3JkPSIiIFByZUF1dGhlbnRpY2F0ZT0iVHJ1ZSIgUHJveHk9ImRlZmF1bHQiIFN0b3BPbkVycm9yPSJGYWxzZSIgUmVjb3JkZWRSZXN1bHRGaWxlPSJXZWJUZXN0MS5hNTkzNDMwNS05YzZlLTRiYzQtYTdhYS1lY2NkYWFjNzdlMTYucmVjLndlYnRlc3RyZXN1bHQiIFJlc3VsdHNMb2NhbGU9IiI+DQogIDxJdGVtcz4NCiAgICA8UmVxdWVzdCBNZXRob2Q9IkdFVCIgR3VpZD0iYzBlNzczMGEtZDkyNy00MDcyLWIwNzgtMjJiMTJlMWZkOTM0IiBWZXJzaW9uPSIxLjEiIFVybD0iaHR0cDovLzEwLjExLjM2LjExNDo4MDA3L2hybG9naW4vaHJsb2dpbi5hc3B4IiBUaGlua1RpbWU9IjAiIFRpbWVvdXQ9IjMwMCIgUGFyc2VEZXBlbmRlbnRSZXF1ZXN0cz0iVHJ1ZSIgRm9sbG93UmVkaXJlY3RzPSJUcnVlIiBSZWNvcmRSZXN1bHQ9IlRydWUiIENhY2hlPSJGYWxzZSIgUmVzcG9uc2VUaW1lR29hbD0iMCIgRW5jb2Rpbmc9InV0Zi04IiBFeHBlY3RlZEh0dHBTdGF0dXNDb2RlPSIwIiBFeHBlY3RlZFJlc3BvbnNlVXJsPSIiIFJlcG9ydGluZ05hbWU9IiIgSWdub3JlSHR0cFN0YXR1c0NvZGU9IkZhbHNlIj4NCiAgICAgIDxFeHRyYWN0aW9uUnVsZXM+DQogICAgICAgIDxFeHRyYWN0aW9uUnVsZSBDbGFzc25hbWU9Ik1pY3Jvc29mdC5WaXN1YWxTdHVkaW8uVGVzdFRvb2xzLldlYlRlc3RpbmcuUnVsZXMuRXh0cmFjdEhpZGRlbkZpZWxkcywgTWljcm9zb2Z0LlZpc3VhbFN0dWRpby5RdWFsaXR5VG9vbHMuV2ViVGVzdEZyYW1ld29yaywgVmVyc2lvbj0xMC4wLjAuMCwgQ3VsdHVyZT1uZXV0cmFsLCBQdWJsaWNLZXlUb2tlbj1iMDNmNWY3ZjExZDUwYTNhIiBWYXJpYWJsZU5hbWU9IjEiIERpc3BsYXlOYW1lPSLmk7flj5bpmrHol4/mrITkvY0iIERlc2NyaXB0aW9uPSLmk7flj5blm57mh4nkuK3nmoTmiYDmnInpmrHol4/mrITkvY3vvIzkuKblsIflroPlgJHmlL7lnKjmuKzoqablhaflrrnkuK3jgIIiPg0KICAgICAgICAgIDxSdWxlUGFyYW1ldGVycz4NCiAgICAgICAgICAgIDxSdWxlUGFyYW1ldGVyIE5hbWU9IlJlcXVpcmVkIiBWYWx1ZT0iVHJ1ZSIgLz4NCiAgICAgICAgICAgIDxSdWxlUGFyYW1ldGVyIE5hbWU9Ikh0bWxEZWNvZGUiIFZhbHVlPSJUcnVlIiAvPg0KICAgICAgICAgIDwvUnVsZVBhcmFtZXRlcnM+DQogICAgICAgIDwvRXh0cmFjdGlvblJ1bGU+DQogICAgICA8L0V4dHJhY3Rpb25SdWxlcz4NCiAgICAgIDxDb3JyZWxhdGlvbkV4dHJhY3Rpb25SdWxlcz4NCiAgICAgICAgPEV4dHJhY3Rpb25SdWxlIENsYXNzbmFtZT0iTWljcm9zb2Z0LlZpc3VhbFN0dWRpby5UZXN0VG9vbHMuV2ViVGVzdGluZy5SdWxlcy5FeHRyYWN0Rm9ybUZpZWxkLCBNaWNyb3NvZnQuVmlzdWFsU3R1ZGlvLlF1YWxpdHlUb29scy5XZWJUZXN0RnJhbWV3b3JrLCBWZXJzaW9uPTEwLjAuMC4wLCBDdWx0dXJlPW5ldXRyYWwsIFB1YmxpY0tleVRva2VuPWIwM2Y1ZjdmMTFkNTBhM2EiIFZhcmlhYmxlTmFtZT0iRm9ybVBvc3RQYXJhbTEzLmJ0bkV4ZWN1dGUiIERpc3BsYXlOYW1lPSIiIERlc2NyaXB0aW9uPSIiPg0KICAgICAgICAgIDxSdWxlUGFyYW1ldGVycz4NCiAgICAgICAgICAgIDxSdWxlUGFyYW1ldGVyIE5hbWU9Ik5hbWUiIFZhbHVlPSJidG5FeGVjdXRlIiAvPg0KICAgICAgICAgICAgPFJ1bGVQYXJhbWV0ZXIgTmFtZT0iSHRtbERlY29kZSIgVmFsdWU9IlRydWUiIC8+DQogICAgICAgICAgICA8UnVsZVBhcmFtZXRlciBOYW1lPSJSZXF1aXJlZCIgVmFsdWU9IkZhbHNlIiAvPg0KICAgICAgICAgICAgPFJ1bGVQYXJhbWV0ZXIgTmFtZT0iSW5kZXgiIFZhbHVlPSIwIiAvPg0KICAgICAgICAgIDwvUnVsZVBhcmFtZXRlcnM+DQogICAgICAgIDwvRXh0cmFjdGlvblJ1bGU+DQogICAgICAgIDxFeHRyYWN0aW9uUnVsZSBDbGFzc25hbWU9Ik1pY3Jvc29mdC5WaXN1YWxTdHVkaW8uVGVzdFRvb2xzLldlYlRlc3RpbmcuUnVsZXMuRXh0cmFjdFRleHQsIE1pY3Jvc29mdC5WaXN1YWxTdHVkaW8uUXVhbGl0eVRvb2xzLldlYlRlc3RGcmFtZXdvcmssIFZlcnNpb249MTAuMC4wLjAsIEN1bHR1cmU9bmV1dHJhbCwgUHVibGljS2V5VG9rZW49YjAzZjVmN2YxMWQ1MGEzYSIgVmFyaWFibGVOYW1lPSJGb3JtUG9zdFBhcmFtMTQuZGRsVUlDdWx0dXJlIiBEaXNwbGF5TmFtZT0iIiBEZXNjcmlwdGlvbj0iIj4NCiAgICAgICAgICA8UnVsZVBhcmFtZXRlcnM+DQogICAgICAgICAgICA8UnVsZVBhcmFtZXRlciBOYW1lPSJTdGFydHNXaXRoIiBWYWx1ZT0ibHVlPSZxdW90OyIgLz4NCiAgICAgICAgICAgIDxSdWxlUGFyYW1ldGVyIE5hbWU9IkVuZHNXaXRoIiBWYWx1ZT0iJnF1b3Q7Jmd0O+ato+mrlOS4rSIgLz4NCiAgICAgICAgICAgIDxSdWxlUGFyYW1ldGVyIE5hbWU9IkluZGV4IiBWYWx1ZT0iOCIgLz4NCiAgICAgICAgICAgIDxSdWxlUGFyYW1ldGVyIE5hbWU9Iklnbm9yZUNhc2UiIFZhbHVlPSJGYWxzZSIgLz4NCiAgICAgICAgICAgIDxSdWxlUGFyYW1ldGVyIE5hbWU9IlVzZVJlZ3VsYXJFeHByZXNzaW9uIiBWYWx1ZT0iRmFsc2UiIC8+DQogICAgICAgICAgICA8UnVsZVBhcmFtZXRlciBOYW1lPSJIdG1sRGVjb2RlIiBWYWx1ZT0iVHJ1ZSIgLz4NCiAgICAgICAgICAgIDxSdWxlUGFyYW1ldGVyIE5hbWU9IlJlcXVpcmVkIiBWYWx1ZT0iRmFsc2UiIC8+DQogICAgICAgICAgPC9SdWxlUGFyYW1ldGVycz4NCiAgICAgICAgPC9FeHRyYWN0aW9uUnVsZT4NCiAgICAgIDwvQ29ycmVsYXRpb25FeHRyYWN0aW9uUnVsZXM+DQogICAgPC9SZXF1ZXN0Pg0KICAgIDxSZXF1ZXN0IE1ldGhvZD0iUE9TVCIgR3VpZD0iNGZhZThmYTUtMjIwMS00NDIwLTljMTUtN2U0YTI0NWIzMjQ1IiBWZXJzaW9uPSIxLjEiIFVybD0iaHR0cDovLzEwLjExLjM2LjExNDo4MDA3L2hybG9naW4vaHJsb2dpbi5hc3B4IiBUaGlua1RpbWU9IjI1IiBUaW1lb3V0PSIzMDAiIFBhcnNlRGVwZW5kZW50UmVxdWVzdHM9IlRydWUiIEZvbGxvd1JlZGlyZWN0cz0iVHJ1ZSIgUmVjb3JkUmVzdWx0PSJUcnVlIiBDYWNoZT0iRmFsc2UiIFJlc3BvbnNlVGltZUdvYWw9IjAiIEVuY29kaW5nPSJ1dGYtOCIgRXhwZWN0ZWRIdHRwU3RhdHVzQ29kZT0iMCIgRXhwZWN0ZWRSZXNwb25zZVVybD0iIiBSZXBvcnRpbmdOYW1lPSIiIElnbm9yZUh0dHBTdGF0dXNDb2RlPSJGYWxzZSI+DQogICAgICA8Rm9ybVBvc3RIdHRwQm9keT4NCiAgICAgICAgPEZvcm1Qb3N0UGFyYW1ldGVyIE5hbWU9Il9fTEFTVEZPQ1VTIiBWYWx1ZT0ie3skSElEREVOMS5fX0xBU1RGT0NVU319IiBSZWNvcmRlZFZhbHVlPSIiIENvcnJlbGF0aW9uQmluZGluZz0iIiBVcmxFbmNvZGU9IlRydWUiIC8+DQogICAgICAgIDxGb3JtUG9zdFBhcmFtZXRlciBOYW1lPSJfX0VWRU5UVEFSR0VUIiBWYWx1ZT0ie3skSElEREVOMS5fX0VWRU5UVEFSR0VUfX0iIFJlY29yZGVkVmFsdWU9IiIgQ29ycmVsYXRpb25CaW5kaW5nPSIiIFVybEVuY29kZT0iVHJ1ZSIgLz4NCiAgICAgICAgPEZvcm1Qb3N0UGFyYW1ldGVyIE5hbWU9Il9fRVZFTlRBUkdVTUVOVCIgVmFsdWU9Int7JEhJRERFTjEuX19FVkVOVEFSR1VNRU5UfX0iIFJlY29yZGVkVmFsdWU9IiIgQ29ycmVsYXRpb25CaW5kaW5nPSIiIFVybEVuY29kZT0iVHJ1ZSIgLz4NCiAgICAgICAgPEZvcm1Qb3N0UGFyYW1ldGVyIE5hbWU9Il9fVklFV1NUQVRFIiBWYWx1ZT0ie3skSElEREVOMS5fX1ZJRVdTVEFURX19IiBSZWNvcmRlZFZhbHVlPSIvd0VQRHdVS0xUUTFORE0xTVRBME1nOWtGZ0lDQXc5a0ZnUUNBUThXQWg0SFZtbHphV0pzWldjV0JBSUJEdzhXSGg0S1gwMWhlRXhsYm1kMGFHWWVFbDlKYzBGMWRHOVViMVZ3Y0dWeVEyRnpaV2dlREY5SmMwRmpkR2wyWlVsTlJXY2VDMTlKYzFCaGMzTjNiM0prYUI0T1gxUmxlSFJUYUdsbWRFdHBibVFMS1g5VGFXNXZVR0ZqTGxkbFlrVjRjSEpsYzNNdVEyOXRiVzl1TGxWMGFXd3JWR1Y0ZEZOb2FXWjBTMmx1WkN3Z1UybHViMUJoWXk1WFpXSkZlSEJ5WlhOekxrTnZiVzF2Yml3Z1ZtVnljMmx2YmowM0xqTXVNekV1TVN3Z1EzVnNkSFZ5WlQxdVpYVjBjbUZzTENCUWRXSnNhV05MWlhsVWIydGxiajF1ZFd4c0FCNEtYMWRoZEdWeVRXRnlhMlVlQ0Y5SmMwTnNaV0Z5YUI0SVgxUnZiMnhVYVhCbEhndGZTWE5TWldGa1QyNXNlV2dlQ1Y5RGMzTkRiR0Z6YzJVZUQxOUpjMWRwWkhSb1FubFFhWGhsYkdjZUUxOUpjMFJwYzNCRmJuUmxjbVZrVjI5eVpITm9IZ1pmVjJsa2RHZ0NVQjRJWDBselJtOWpkWE5uSGdsZlNYTlNaV2RGZUhCb1pCWUVBZ0VQWkJZQ0FnRVBFQTlrRmdJZUIyOXVZMnhwWTJzRnZ3RjJZWElnYjFaaGJHbGtJRDBnWkc5amRXMWxiblF1WjJWMFJXeGxiV1Z1ZEVKNVNXUW9KM1I0ZEZWelpYSkpSRjlTWlhGMWFYSmxaRVpwWld4a1ZtRnNhV1JoZEc5eU1TY3BPMVpoYkdsa1lYUnZja1Z1WVdKc1pTaHZWbUZzYVdRc2RHaHBjeTVqYUdWamEyVmtLVHRWZEdsc1gwTm9hMEp2ZUZSdloyZHNaVlpwYzJsaWFXeHBkSGtvSjNSNGRGVnpaWEpKUkY5amFHdFdhWE5wWW1sc2FYUjVKeXdnSjNSNGRGVnpaWEpKUkY5a2FYWkVZWFJoUVhKbFlTY3BPMlJrWkFJRER4WUNIZ1Z6ZEhsc1pRVTJabXh2WVhRNmJHVm1kRHRrYVhOd2JHRjVPbWx1YkdsdVpTMWliRzlqYXp0d1lXUmthVzVuT2pBN2RtbHphV0pwYkdsMGVUbzdGZ1lDQVE4UEZnZ2VDRkpsWVdSUGJteDVhQjRGVjJsa2RHZ2JBQUFBQUFBQVZFQUJBQUFBSGdoRGMzTkRiR0Z6YzJVZUJGOGhVMElDZ2dJV0FoNEhiMjVyWlhsMWNBVU9kR2hwY3k1MGFYUnNaVDBuSnp0a0FnTVBEeFlFSHhNYkFBQUFBQUFBVkVBQkFBQUFIeFVDZ0FKa1pBSUZEMlFXQWdJQkR3OFdBaDRFVkdWNGRBVVhXK1drcCtXdnErbU9sdVd1bWwzbHQ3TGxsWi9ubEtnV0FoOFJCWlFCY0dGa1pHbHVaem9nTW5CNElERXdjSGdnTW5CNElERXdjSGc3SUdOdmJHOXlPaU13TURBN0lHSmhZMnRuY205MWJtUTZJQ05HUmtVNFFUWTdJR1p2Ym5RdGQyVnBaMmgwT2lCaWIyeGtPeUJpYjNKa1pYSTZJREZ3ZUNCemIyeHBaQ0JrWVhKclozSmhlVHNnZDJocGRHVXRjM0JoWTJVNklHNXZkM0poY0RzZ1ltOXlaR1Z5TFhKaFpHbDFjem9nTTNCNE8yUUNBdzhRRHhZR0hnNUVZWFJoVm1Gc2RXVkdhV1ZzWkFVRFMyVjVIZzFFWVhSaFZHVjRkRVpwWld4a0JRVldZV3gxWlI0TFh5RkVZWFJoUW05MWJtUm5aQkFWQkFkRmJtZHNhWE5vRE9ldWdPUzlrK1M0cmVhV2h3em1yYVBwcTVUa3VLM21sb2NNNTY2QTVMMlQ1ckdKNksrdEZRUUNaVzRHZW1ndFEwaFRCbnBvTFVOSVZBZDZhQzFJWVc1ekZDc0RCR2RuWjJka1pBSUREdzhXQWg4WFpXUmtaQ2NWUllYVGg5akNDTXdTY3c0blJ1VjA5bS85IiBDb3JyZWxhdGlvbkJpbmRpbmc9IiIgVXJsRW5jb2RlPSJUcnVlIiAvPg0KICAgICAgICA8Rm9ybVBvc3RQYXJhbWV0ZXIgTmFtZT0iX19WSUVXU1RBVEVHRU5FUkFUT1IiIFZhbHVlPSJ7eyRISURERU4xLl9fVklFV1NUQVRFR0VORVJBVE9SfX0iIFJlY29yZGVkVmFsdWU9IjVCQjBGMjkwIiBDb3JyZWxhdGlvbkJpbmRpbmc9IiIgVXJsRW5jb2RlPSJUcnVlIiAvPg0KICAgICAgICA8Rm9ybVBvc3RQYXJhbWV0ZXIgTmFtZT0iX19FVkVOVFZBTElEQVRJT04iIFZhbHVlPSJ7eyRISURERU4xLl9fRVZFTlRWQUxJREFUSU9OfX0iIFJlY29yZGVkVmFsdWU9Ii93RWRBQWpaemdlZEs3V0hudUtBMm8rc1ZSQVRaaFRxbzJ5ZHJjQXZWWGhWWDBLRktZSUZmUlJaaFhzeFV5NDNxZm1WZ1ArTFJicVhBcjRwWFJBeDVMZ1BQRmpnZUNQRmNuNWFQTVloQjZnZWwwby9ibDNGUS9xblFXMnVGb1pQbmh3ckoxZGd6Q2twcWNYSG9MV1IrZmM4eEgzWVJyUHBHenJEK1pHMFdrNFlybjM1RnZrZWYvdFpSZzdHY0ZOMzdOZ0tHNlVXTlBnZSIgQ29ycmVsYXRpb25CaW5kaW5nPSIiIFVybEVuY29kZT0iVHJ1ZSIgLz4NCiAgICAgICAgPEZvcm1Qb3N0UGFyYW1ldGVyIE5hbWU9InR4dFVzZXJJRCR0eHREYXRhIiBWYWx1ZT0iMTAyMDk5IiBSZWNvcmRlZFZhbHVlPSIxMDIwOTkiIENvcnJlbGF0aW9uQmluZGluZz0iIiBVcmxFbmNvZGU9IlRydWUiIC8+DQogICAgICAgIDxGb3JtUG9zdFBhcmFtZXRlciBOYW1lPSJkZGxVSUN1bHR1cmUiIFZhbHVlPSJ6aC1DSFQiIFJlY29yZGVkVmFsdWU9InpoLUNIVCIgQ29ycmVsYXRpb25CaW5kaW5nPSJ7e0Zvcm1Qb3N0UGFyYW0xNC5kZGxVSUN1bHR1cmV9fSIgVXJsRW5jb2RlPSJUcnVlIiAvPg0KICAgICAgICA8Rm9ybVBvc3RQYXJhbWV0ZXIgTmFtZT0iYnRuRXhlY3V0ZSIgVmFsdWU9IkxvY2FsIExvZ2luIiBSZWNvcmRlZFZhbHVlPSJMb2NhbCBMb2dpbiIgQ29ycmVsYXRpb25CaW5kaW5nPSJ7e0Zvcm1Qb3N0UGFyYW0xMy5idG5FeGVjdXRlfX0iIFVybEVuY29kZT0iVHJ1ZSIgLz4NCiAgICAgIDwvRm9ybVBvc3RIdHRwQm9keT4NCiAgICA8L1JlcXVlc3Q+DQogICAgPFJlcXVlc3QgTWV0aG9kPSJHRVQiIEd1aWQ9IjQ3NmEzNTY3LWQxMjUtNGU3Yy1hMzYyLTNiZjU5M2QyY2Y3NCIgVmVyc2lvbj0iMS4xIiBVcmw9Imh0dHA6Ly8xMC4xMS4zNi4xMTQ6ODAwNy9PdmVyVGltZS9PdmVydGltZVByZU9yZGVyLmFzcHgiIFRoaW5rVGltZT0iNCIgVGltZW91dD0iMzAwIiBQYXJzZURlcGVuZGVudFJlcXVlc3RzPSJUcnVlIiBGb2xsb3dSZWRpcmVjdHM9IlRydWUiIFJlY29yZFJlc3VsdD0iVHJ1ZSIgQ2FjaGU9IkZhbHNlIiBSZXNwb25zZVRpbWVHb2FsPSIwIiBFbmNvZGluZz0idXRmLTgiIEV4cGVjdGVkSHR0cFN0YXR1c0NvZGU9IjAiIEV4cGVjdGVkUmVzcG9uc2VVcmw9IiIgUmVwb3J0aW5nTmFtZT0iIiBJZ25vcmVIdHRwU3RhdHVzQ29kZT0iRmFsc2UiPg0KICAgICAgPEV4dHJhY3Rpb25SdWxlcz4NCiAgICAgICAgPEV4dHJhY3Rpb25SdWxlIENsYXNzbmFtZT0iTWljcm9zb2Z0LlZpc3VhbFN0dWRpby5UZXN0VG9vbHMuV2ViVGVzdGluZy5SdWxlcy5FeHRyYWN0SGlkZGVuRmllbGRzLCBNaWNyb3NvZnQuVmlzdWFsU3R1ZGlvLlF1YWxpdHlUb29scy5XZWJUZXN0RnJhbWV3b3JrLCBWZXJzaW9uPTEwLjAuMC4wLCBDdWx0dXJlPW5ldXRyYWwsIFB1YmxpY0tleVRva2VuPWIwM2Y1ZjdmMTFkNTBhM2EiIFZhcmlhYmxlTmFtZT0iMSIgRGlzcGxheU5hbWU9IuaTt+WPlumaseiXj+ashOS9jSIgRGVzY3JpcHRpb249IuaTt+WPluWbnuaHieS4reeahOaJgOaciemaseiXj+ashOS9je+8jOS4puWwh+Wug+WAkeaUvuWcqOa4rOippuWFp+WuueS4reOAgiI+DQogICAgICAgICAgPFJ1bGVQYXJhbWV0ZXJzPg0KICAgICAgICAgICAgPFJ1bGVQYXJhbWV0ZXIgTmFtZT0iUmVxdWlyZWQiIFZhbHVlPSJUcnVlIiAvPg0KICAgICAgICAgICAgPFJ1bGVQYXJhbWV0ZXIgTmFtZT0iSHRtbERlY29kZSIgVmFsdWU9IlRydWUiIC8+DQogICAgICAgICAgPC9SdWxlUGFyYW1ldGVycz4NCiAgICAgICAgPC9FeHRyYWN0aW9uUnVsZT4NCiAgICAgIDwvRXh0cmFjdGlvblJ1bGVzPg0KICAgICAgPENvcnJlbGF0aW9uRXh0cmFjdGlvblJ1bGVzPg0KICAgICAgICA8RXh0cmFjdGlvblJ1bGUgQ2xhc3NuYW1lPSJNaWNyb3NvZnQuVmlzdWFsU3R1ZGlvLlRlc3RUb29scy5XZWJUZXN0aW5nLlJ1bGVzLkV4dHJhY3RGb3JtRmllbGQsIE1pY3Jvc29mdC5WaXN1YWxTdHVkaW8uUXVhbGl0eVRvb2xzLldlYlRlc3RGcmFtZXdvcmssIFZlcnNpb249MTAuMC4wLjAsIEN1bHR1cmU9bmV1dHJhbCwgUHVibGljS2V5VG9rZW49YjAzZjVmN2YxMWQ1MGEzYSIgVmFyaWFibGVOYW1lPSJGb3JtUG9zdFBhcmFtOS5idG5RdWVyeSIgRGlzcGxheU5hbWU9IiIgRGVzY3JpcHRpb249IiI+DQogICAgICAgICAgPFJ1bGVQYXJhbWV0ZXJzPg0KICAgICAgICAgICAgPFJ1bGVQYXJhbWV0ZXIgTmFtZT0iTmFtZSIgVmFsdWU9ImJ0blF1ZXJ5IiAvPg0KICAgICAgICAgICAgPFJ1bGVQYXJhbWV0ZXIgTmFtZT0iSHRtbERlY29kZSIgVmFsdWU9IlRydWUiIC8+DQogICAgICAgICAgICA8UnVsZVBhcmFtZXRlciBOYW1lPSJSZXF1aXJlZCIgVmFsdWU9IkZhbHNlIiAvPg0KICAgICAgICAgICAgPFJ1bGVQYXJhbWV0ZXIgTmFtZT0iSW5kZXgiIFZhbHVlPSIwIiAvPg0KICAgICAgICAgIDwvUnVsZVBhcmFtZXRlcnM+DQogICAgICAgIDwvRXh0cmFjdGlvblJ1bGU+DQogICAgICAgIDxFeHRyYWN0aW9uUnVsZSBDbGFzc25hbWU9Ik1pY3Jvc29mdC5WaXN1YWxTdHVkaW8uVGVzdFRvb2xzLldlYlRlc3RpbmcuUnVsZXMuRXh0cmFjdEZvcm1GaWVsZCwgTWljcm9zb2Z0LlZpc3VhbFN0dWRpby5RdWFsaXR5VG9vbHMuV2ViVGVzdEZyYW1ld29yaywgVmVyc2lvbj0xMC4wLjAuMCwgQ3VsdHVyZT1uZXV0cmFsLCBQdWJsaWNLZXlUb2tlbj1iMDNmNWY3ZjExZDUwYTNhIiBWYXJpYWJsZU5hbWU9IkZvcm1Qb3N0UGFyYW0xMC50eHRPVEVtcElEIiBEaXNwbGF5TmFtZT0iIiBEZXNjcmlwdGlvbj0iIj4NCiAgICAgICAgICA8UnVsZVBhcmFtZXRlcnM+DQogICAgICAgICAgICA8UnVsZVBhcmFtZXRlciBOYW1lPSJOYW1lIiBWYWx1ZT0idHh0T1RFbXBJRCIgLz4NCiAgICAgICAgICAgIDxSdWxlUGFyYW1ldGVyIE5hbWU9Ikh0bWxEZWNvZGUiIFZhbHVlPSJUcnVlIiAvPg0KICAgICAgICAgICAgPFJ1bGVQYXJhbWV0ZXIgTmFtZT0iUmVxdWlyZWQiIFZhbHVlPSJGYWxzZSIgLz4NCiAgICAgICAgICAgIDxSdWxlUGFyYW1ldGVyIE5hbWU9IkluZGV4IiBWYWx1ZT0iMCIgLz4NCiAgICAgICAgICA8L1J1bGVQYXJhbWV0ZXJzPg0KICAgICAgICA8L0V4dHJhY3Rpb25SdWxlPg0KICAgICAgICA8RXh0cmFjdGlvblJ1bGUgQ2xhc3NuYW1lPSJNaWNyb3NvZnQuVmlzdWFsU3R1ZGlvLlRlc3RUb29scy5XZWJUZXN0aW5nLlJ1bGVzLkV4dHJhY3RUZXh0LCBNaWNyb3NvZnQuVmlzdWFsU3R1ZGlvLlF1YWxpdHlUb29scy5XZWJUZXN0RnJhbWV3b3JrLCBWZXJzaW9uPTEwLjAuMC4wLCBDdWx0dXJlPW5ldXRyYWwsIFB1YmxpY0tleVRva2VuPWIwM2Y1ZjdmMTFkNTBhM2EiIFZhcmlhYmxlTmFtZT0iRm9ybVBvc3RQYXJhbTExLmRkbFF1ZXJ5Q29uZGl0aW9ucyIgRGlzcGxheU5hbWU9IiIgRGVzY3JpcHRpb249IiI+DQogICAgICAgICAgPFJ1bGVQYXJhbWV0ZXJzPg0KICAgICAgICAgICAgPFJ1bGVQYXJhbWV0ZXIgTmFtZT0iU3RhcnRzV2l0aCIgVmFsdWU9InMmcXVvdDs6WyZxdW90OyIgLz4NCiAgICAgICAgICAgIDxSdWxlUGFyYW1ldGVyIE5hbWU9IkVuZHNXaXRoIiBWYWx1ZT0iJnF1b3Q7LCZxdW90OzEmcXVvdDsiIC8+DQogICAgICAgICAgICA8UnVsZVBhcmFtZXRlciBOYW1lPSJJbmRleCIgVmFsdWU9IjAiIC8+DQogICAgICAgICAgICA8UnVsZVBhcmFtZXRlciBOYW1lPSJJZ25vcmVDYXNlIiBWYWx1ZT0iRmFsc2UiIC8+DQogICAgICAgICAgICA8UnVsZVBhcmFtZXRlciBOYW1lPSJVc2VSZWd1bGFyRXhwcmVzc2lvbiIgVmFsdWU9IkZhbHNlIiAvPg0KICAgICAgICAgICAgPFJ1bGVQYXJhbWV0ZXIgTmFtZT0iSHRtbERlY29kZSIgVmFsdWU9IlRydWUiIC8+DQogICAgICAgICAgICA8UnVsZVBhcmFtZXRlciBOYW1lPSJSZXF1aXJlZCIgVmFsdWU9IkZhbHNlIiAvPg0KICAgICAgICAgIDwvUnVsZVBhcmFtZXRlcnM+DQogICAgICAgIDwvRXh0cmFjdGlvblJ1bGU+DQogICAgICAgIDxFeHRyYWN0aW9uUnVsZSBDbGFzc25hbWU9Ik1pY3Jvc29mdC5WaXN1YWxTdHVkaW8uVGVzdFRvb2xzLldlYlRlc3RpbmcuUnVsZXMuRXh0cmFjdFRleHQsIE1pY3Jvc29mdC5WaXN1YWxTdHVkaW8uUXVhbGl0eVRvb2xzLldlYlRlc3RGcmFtZXdvcmssIFZlcnNpb249MTAuMC4wLjAsIEN1bHR1cmU9bmV1dHJhbCwgUHVibGljS2V5VG9rZW49YjAzZjVmN2YxMWQ1MGEzYSIgVmFyaWFibGVOYW1lPSJGb3JtUG9zdFBhcmFtMTIuZGRsT1RTdGF0dXMiIERpc3BsYXlOYW1lPSIiIERlc2NyaXB0aW9uPSIiPg0KICAgICAgICAgIDxSdWxlUGFyYW1ldGVycz4NCiAgICAgICAgICAgIDxSdWxlUGFyYW1ldGVyIE5hbWU9IlN0YXJ0c1dpdGgiIFZhbHVlPSJzJnF1b3Q7OlsmcXVvdDsiIC8+DQogICAgICAgICAgICA8UnVsZVBhcmFtZXRlciBOYW1lPSJFbmRzV2l0aCIgVmFsdWU9IiZxdW90OywmcXVvdDsxJnF1b3Q7IiAvPg0KICAgICAgICAgICAgPFJ1bGVQYXJhbWV0ZXIgTmFtZT0iSW5kZXgiIFZhbHVlPSIwIiAvPg0KICAgICAgICAgICAgPFJ1bGVQYXJhbWV0ZXIgTmFtZT0iSWdub3JlQ2FzZSIgVmFsdWU9IkZhbHNlIiAvPg0KICAgICAgICAgICAgPFJ1bGVQYXJhbWV0ZXIgTmFtZT0iVXNlUmVndWxhckV4cHJlc3Npb24iIFZhbHVlPSJGYWxzZSIgLz4NCiAgICAgICAgICAgIDxSdWxlUGFyYW1ldGVyIE5hbWU9Ikh0bWxEZWNvZGUiIFZhbHVlPSJUcnVlIiAvPg0KICAgICAgICAgICAgPFJ1bGVQYXJhbWV0ZXIgTmFtZT0iUmVxdWlyZWQiIFZhbHVlPSJGYWxzZSIgLz4NCiAgICAgICAgICA8L1J1bGVQYXJhbWV0ZXJzPg0KICAgICAgICA8L0V4dHJhY3Rpb25SdWxlPg0KICAgICAgPC9Db3JyZWxhdGlvbkV4dHJhY3Rpb25SdWxlcz4NCiAgICA8L1JlcXVlc3Q+DQogICAgPFJlcXVlc3QgTWV0aG9kPSJQT1NUIiBHdWlkPSJiMWY4OTUzNy02ZWE4LTQ0MjYtYWY1Ni1mYzU4MzBmMjA5OTIiIFZlcnNpb249IjEuMSIgVXJsPSJodHRwOi8vMTAuMTEuMzYuMTE0OjgwMDcvT3ZlclRpbWUvT3ZlcnRpbWVQcmVPcmRlci5hc3B4IiBUaGlua1RpbWU9IjIyIiBUaW1lb3V0PSIzMDAiIFBhcnNlRGVwZW5kZW50UmVxdWVzdHM9IlRydWUiIEZvbGxvd1JlZGlyZWN0cz0iVHJ1ZSIgUmVjb3JkUmVzdWx0PSJUcnVlIiBDYWNoZT0iRmFsc2UiIFJlc3BvbnNlVGltZUdvYWw9IjAiIEVuY29kaW5nPSJ1dGYtOCIgRXhwZWN0ZWRIdHRwU3RhdHVzQ29kZT0iMCIgRXhwZWN0ZWRSZXNwb25zZVVybD0iIiBSZXBvcnRpbmdOYW1lPSIiIElnbm9yZUh0dHBTdGF0dXNDb2RlPSJGYWxzZSI+DQogICAgICA8RXh0cmFjdGlvblJ1bGVzPg0KICAgICAgICA8RXh0cmFjdGlvblJ1bGUgQ2xhc3NuYW1lPSJNaWNyb3NvZnQuVmlzdWFsU3R1ZGlvLlRlc3RUb29scy5XZWJUZXN0aW5nLlJ1bGVzLkV4dHJhY3RIaWRkZW5GaWVsZHMsIE1pY3Jvc29mdC5WaXN1YWxTdHVkaW8uUXVhbGl0eVRvb2xzLldlYlRlc3RGcmFtZXdvcmssIFZlcnNpb249MTAuMC4wLjAsIEN1bHR1cmU9bmV1dHJhbCwgUHVibGljS2V5VG9rZW49YjAzZjVmN2YxMWQ1MGEzYSIgVmFyaWFibGVOYW1lPSIxIiBEaXNwbGF5TmFtZT0i5pO35Y+W6Zqx6JeP5qyE5L2NIiBEZXNjcmlwdGlvbj0i5pO35Y+W5Zue5oeJ5Lit55qE5omA5pyJ6Zqx6JeP5qyE5L2N77yM5Lim5bCH5a6D5YCR5pS+5Zyo5ris6Kmm5YWn5a655Lit44CCIj4NCiAgICAgICAgICA8UnVsZVBhcmFtZXRlcnM+DQogICAgICAgICAgICA8UnVsZVBhcmFtZXRlciBOYW1lPSJSZXF1aXJlZCIgVmFsdWU9IlRydWUiIC8+DQogICAgICAgICAgICA8UnVsZVBhcmFtZXRlciBOYW1lPSJIdG1sRGVjb2RlIiBWYWx1ZT0iVHJ1ZSIgLz4NCiAgICAgICAgICA8L1J1bGVQYXJhbWV0ZXJzPg0KICAgICAgICA8L0V4dHJhY3Rpb25SdWxlPg0KICAgICAgPC9FeHRyYWN0aW9uUnVsZXM+DQogICAgICA8Q29ycmVsYXRpb25FeHRyYWN0aW9uUnVsZXM+DQogICAgICAgIDxFeHRyYWN0aW9uUnVsZSBDbGFzc25hbWU9Ik1pY3Jvc29mdC5WaXN1YWxTdHVkaW8uVGVzdFRvb2xzLldlYlRlc3RpbmcuUnVsZXMuRXh0cmFjdEZvcm1GaWVsZCwgTWljcm9zb2Z0LlZpc3VhbFN0dWRpby5RdWFsaXR5VG9vbHMuV2ViVGVzdEZyYW1ld29yaywgVmVyc2lvbj0xMC4wLjAuMCwgQ3VsdHVyZT1uZXV0cmFsLCBQdWJsaWNLZXlUb2tlbj1iMDNmNWY3ZjExZDUwYTNhIiBWYXJpYWJsZU5hbWU9IkZvcm1Qb3N0UGFyYW01LmJ0blF1ZXJ5IiBEaXNwbGF5TmFtZT0iIiBEZXNjcmlwdGlvbj0iIj4NCiAgICAgICAgICA8UnVsZVBhcmFtZXRlcnM+DQogICAgICAgICAgICA8UnVsZVBhcmFtZXRlciBOYW1lPSJOYW1lIiBWYWx1ZT0iYnRuUXVlcnkiIC8+DQogICAgICAgICAgICA8UnVsZVBhcmFtZXRlciBOYW1lPSJIdG1sRGVjb2RlIiBWYWx1ZT0iVHJ1ZSIgLz4NCiAgICAgICAgICAgIDxSdWxlUGFyYW1ldGVyIE5hbWU9IlJlcXVpcmVkIiBWYWx1ZT0iRmFsc2UiIC8+DQogICAgICAgICAgICA8UnVsZVBhcmFtZXRlciBOYW1lPSJJbmRleCIgVmFsdWU9IjAiIC8+DQogICAgICAgICAgPC9SdWxlUGFyYW1ldGVycz4NCiAgICAgICAgPC9FeHRyYWN0aW9uUnVsZT4NCiAgICAgICAgPEV4dHJhY3Rpb25SdWxlIENsYXNzbmFtZT0iTWljcm9zb2Z0LlZpc3VhbFN0dWRpby5UZXN0VG9vbHMuV2ViVGVzdGluZy5SdWxlcy5FeHRyYWN0Rm9ybUZpZWxkLCBNaWNyb3NvZnQuVmlzdWFsU3R1ZGlvLlF1YWxpdHlUb29scy5XZWJUZXN0RnJhbWV3b3JrLCBWZXJzaW9uPTEwLjAuMC4wLCBDdWx0dXJlPW5ldXRyYWwsIFB1YmxpY0tleVRva2VuPWIwM2Y1ZjdmMTFkNTBhM2EiIFZhcmlhYmxlTmFtZT0iRm9ybVBvc3RQYXJhbTYudHh0T1RFbXBJRCIgRGlzcGxheU5hbWU9IiIgRGVzY3JpcHRpb249IiI+DQogICAgICAgICAgPFJ1bGVQYXJhbWV0ZXJzPg0KICAgICAgICAgICAgPFJ1bGVQYXJhbWV0ZXIgTmFtZT0iTmFtZSIgVmFsdWU9InR4dE9URW1wSUQiIC8+DQogICAgICAgICAgICA8UnVsZVBhcmFtZXRlciBOYW1lPSJIdG1sRGVjb2RlIiBWYWx1ZT0iVHJ1ZSIgLz4NCiAgICAgICAgICAgIDxSdWxlUGFyYW1ldGVyIE5hbWU9IlJlcXVpcmVkIiBWYWx1ZT0iRmFsc2UiIC8+DQogICAgICAgICAgICA8UnVsZVBhcmFtZXRlciBOYW1lPSJJbmRleCIgVmFsdWU9IjAiIC8+DQogICAgICAgICAgPC9SdWxlUGFyYW1ldGVycz4NCiAgICAgICAgPC9FeHRyYWN0aW9uUnVsZT4NCiAgICAgICAgPEV4dHJhY3Rpb25SdWxlIENsYXNzbmFtZT0iTWljcm9zb2Z0LlZpc3VhbFN0dWRpby5UZXN0VG9vbHMuV2ViVGVzdGluZy5SdWxlcy5FeHRyYWN0VGV4dCwgTWljcm9zb2Z0LlZpc3VhbFN0dWRpby5RdWFsaXR5VG9vbHMuV2ViVGVzdEZyYW1ld29yaywgVmVyc2lvbj0xMC4wLjAuMCwgQ3VsdHVyZT1uZXV0cmFsLCBQdWJsaWNLZXlUb2tlbj1iMDNmNWY3ZjExZDUwYTNhIiBWYXJpYWJsZU5hbWU9IkZvcm1Qb3N0UGFyYW03LmRkbFF1ZXJ5Q29uZGl0aW9ucyIgRGlzcGxheU5hbWU9IiIgRGVzY3JpcHRpb249IiI+DQogICAgICAgICAgPFJ1bGVQYXJhbWV0ZXJzPg0KICAgICAgICAgICAgPFJ1bGVQYXJhbWV0ZXIgTmFtZT0iU3RhcnRzV2l0aCIgVmFsdWU9InMmcXVvdDs6WyZxdW90OyIgLz4NCiAgICAgICAgICAgIDxSdWxlUGFyYW1ldGVyIE5hbWU9IkVuZHNXaXRoIiBWYWx1ZT0iJnF1b3Q7LCZxdW90OzEmcXVvdDsiIC8+DQogICAgICAgICAgICA8UnVsZVBhcmFtZXRlciBOYW1lPSJJbmRleCIgVmFsdWU9IjAiIC8+DQogICAgICAgICAgICA8UnVsZVBhcmFtZXRlciBOYW1lPSJJZ25vcmVDYXNlIiBWYWx1ZT0iRmFsc2UiIC8+DQogICAgICAgICAgICA8UnVsZVBhcmFtZXRlciBOYW1lPSJVc2VSZWd1bGFyRXhwcmVzc2lvbiIgVmFsdWU9IkZhbHNlIiAvPg0KICAgICAgICAgICAgPFJ1bGVQYXJhbWV0ZXIgTmFtZT0iSHRtbERlY29kZSIgVmFsdWU9IlRydWUiIC8+DQogICAgICAgICAgICA8UnVsZVBhcmFtZXRlciBOYW1lPSJSZXF1aXJlZCIgVmFsdWU9IkZhbHNlIiAvPg0KICAgICAgICAgIDwvUnVsZVBhcmFtZXRlcnM+DQogICAgICAgIDwvRXh0cmFjdGlvblJ1bGU+DQogICAgICAgIDxFeHRyYWN0aW9uUnVsZSBDbGFzc25hbWU9Ik1pY3Jvc29mdC5WaXN1YWxTdHVkaW8uVGVzdFRvb2xzLldlYlRlc3RpbmcuUnVsZXMuRXh0cmFjdFRleHQsIE1pY3Jvc29mdC5WaXN1YWxTdHVkaW8uUXVhbGl0eVRvb2xzLldlYlRlc3RGcmFtZXdvcmssIFZlcnNpb249MTAuMC4wLjAsIEN1bHR1cmU9bmV1dHJhbCwgUHVibGljS2V5VG9rZW49YjAzZjVmN2YxMWQ1MGEzYSIgVmFyaWFibGVOYW1lPSJGb3JtUG9zdFBhcmFtOC5kZGxPVFN0YXR1cyIgRGlzcGxheU5hbWU9IiIgRGVzY3JpcHRpb249IiI+DQogICAgICAgICAgPFJ1bGVQYXJhbWV0ZXJzPg0KICAgICAgICAgICAgPFJ1bGVQYXJhbWV0ZXIgTmFtZT0iU3RhcnRzV2l0aCIgVmFsdWU9IiZxdW90OzEmcXVvdDssJnF1b3Q7IiAvPg0KICAgICAgICAgICAgPFJ1bGVQYXJhbWV0ZXIgTmFtZT0iRW5kc1dpdGgiIFZhbHVlPSImcXVvdDssJnF1b3Q7MyZxdW90OyIgLz4NCiAgICAgICAgICAgIDxSdWxlUGFyYW1ldGVyIE5hbWU9IkluZGV4IiBWYWx1ZT0iMCIgLz4NCiAgICAgICAgICAgIDxSdWxlUGFyYW1ldGVyIE5hbWU9Iklnbm9yZUNhc2UiIFZhbHVlPSJGYWxzZSIgLz4NCiAgICAgICAgICAgIDxSdWxlUGFyYW1ldGVyIE5hbWU9IlVzZVJlZ3VsYXJFeHByZXNzaW9uIiBWYWx1ZT0iRmFsc2UiIC8+DQogICAgICAgICAgICA8UnVsZVBhcmFtZXRlciBOYW1lPSJIdG1sRGVjb2RlIiBWYWx1ZT0iVHJ1ZSIgLz4NCiAgICAgICAgICAgIDxSdWxlUGFyYW1ldGVyIE5hbWU9IlJlcXVpcmVkIiBWYWx1ZT0iRmFsc2UiIC8+DQogICAgICAgICAgPC9SdWxlUGFyYW1ldGVycz4NCiAgICAgICAgPC9FeHRyYWN0aW9uUnVsZT4NCiAgICAgIDwvQ29ycmVsYXRpb25FeHRyYWN0aW9uUnVsZXM+DQogICAgICA8Rm9ybVBvc3RIdHRwQm9keT4NCiAgICAgICAgPEZvcm1Qb3N0UGFyYW1ldGVyIE5hbWU9IlRvb2xraXRTY3JpcHRNYW5hZ2VyMV9IaWRkZW5GaWVsZCIgVmFsdWU9Ijs7QWpheENvbnRyb2xUb29sa2l0LCBWZXJzaW9uPTQuMS43LjYwNywgQ3VsdHVyZT1uZXV0cmFsLCBQdWJsaWNLZXlUb2tlbj0yOGYwMWIwZTg0YjZkNTNlOnpoLUhhbnQ6N2I5NWVkMWEtNmEzZi00MWRkLWJjNWItNjNmMzllZGJjNGI0OmRlMWZlYWIyOmZjZjBlOTkzOmYyYzhlNzA4OjcyMGE1MmJmOmY5Y2VjOWJjOjU4OWVhYTMwOjY5ODEyOWNmOmZiOWI0YzU3OmNjYjk2Y2Y5OmE2N2MyNzAwOjg2MTNhZWE3OjMyMDJhNWEyOmFiMDllM2ZlOjg3MTA0YjdjOmJlNmZiMjk4IiBSZWNvcmRlZFZhbHVlPSI7O0FqYXhDb250cm9sVG9vbGtpdCwgVmVyc2lvbj00LjEuNy42MDcsIEN1bHR1cmU9bmV1dHJhbCwgUHVibGljS2V5VG9rZW49MjhmMDFiMGU4NGI2ZDUzZTp6aC1IYW50OjdiOTVlZDFhLTZhM2YtNDFkZC1iYzViLTYzZjM5ZWRiYzRiNDpkZTFmZWFiMjpmY2YwZTk5MzpmMmM4ZTcwODo3MjBhNTJiZjpmOWNlYzliYzo1ODllYWEzMDo2OTgxMjljZjpmYjliNGM1NzpjY2I5NmNmOTphNjdjMjcwMDo4NjEzYWVhNzozMjAyYTVhMjphYjA5ZTNmZTo4NzEwNGI3YzpiZTZmYjI5OCIgQ29ycmVsYXRpb25CaW5kaW5nPSIiIFVybEVuY29kZT0iVHJ1ZSIgLz4NCiAgICAgICAgPEZvcm1Qb3N0UGFyYW1ldGVyIE5hbWU9Il9fRVZFTlRUQVJHRVQiIFZhbHVlPSJ7eyRISURERU4xLl9fRVZFTlRUQVJHRVR9fSIgUmVjb3JkZWRWYWx1ZT0iIiBDb3JyZWxhdGlvbkJpbmRpbmc9IiIgVXJsRW5jb2RlPSJUcnVlIiAvPg0KICAgICAgICA8Rm9ybVBvc3RQYXJhbWV0ZXIgTmFtZT0iX19FVkVOVEFSR1VNRU5UIiBWYWx1ZT0ie3skSElEREVOMS5fX0VWRU5UQVJHVU1FTlR9fSIgUmVjb3JkZWRWYWx1ZT0iIiBDb3JyZWxhdGlvbkJpbmRpbmc9IiIgVXJsRW5jb2RlPSJUcnVlIiAvPg0KICAgICAgICA8Rm9ybVBvc3RQYXJhbWV0ZXIgTmFtZT0iX19MQVNURk9DVVMiIFZhbHVlPSJ7eyRISURERU4xLl9fTEFTVEZPQ1VTfX0iIFJlY29yZGVkVmFsdWU9IiIgQ29ycmVsYXRpb25CaW5kaW5nPSIiIFVybEVuY29kZT0iVHJ1ZSIgLz4NCiAgICAgICAgPEZvcm1Qb3N0UGFyYW1ldGVyIE5hbWU9Il9fVlNUQVRFIiBWYWx1ZT0ie3skSElEREVOMS5fX1ZTVEFURX19IiBSZWNvcmRlZFZhbHVlPSJBUitMQ0FBQUFBQUFCQUR0TzExM0UxZVN4bGhOeTVBWVpyR0c3TENTSm5ObUZBNXBvdTZXYlJ3Mk9TZTJTWUFKbG0ySmtJL0o4UkZJa2JVSWlXTUpBdnNFeVRoODJZUU1Cc05Ba2lFa3dZVGhLd1J3REdQMkgrdyt6TU04NTdqYjB0UDhnSG1ZdmZkVzErMHJxYnNEbSt4YmxKT29VbFczcW03ZHFudnIxcFgvdWFodDFTS2ZsTjIzTlpVcnRQMzcycVpselZKN3F4eFA5aFozNzluY3R5U2UzRWkvcFhpeUwxWE9rSzlrYm5kbVdUeVpLS2ZLZTB2OXFkMlpwUVJYTEtmeWxFRFlrL3NMbS90a1pDREF5OFhSM2YzeDFwZnp4WGQ3VTZVTUlUYi9rM3phMG0yK1ZyVmIxMVMxc3lNV2F3c0VnbEpmWms5NWM1L3Z2MzJSb1k2T3ptZzA4aXdGT2hDSUlhQWpvQ0dnSWhDMWdCanl4SkFuaGp3eDVOR1JwQ05KUjVLR1NqVlVxcUZBRFVkcE9FckRVU3J5cU1paklpa0tBUG52YnpVRVZBU1FwRzlESUtram9DR2dJb0E4Q2VSSklFOENlUkxJTTRTa0lTUU5JV213RTRFT0JHSUlvT1JCSEQ2SXd3ZHgrQUFPSDhEaEF6aDhBSWNQNFBBQkhENkF3K1BJRTBlZU9KTDZrZFNQcEg0YzNvODhEY3NkYlZqQnFNY1NPRGljZTVXN0x0b3c1V2lEcVhYMk9La2dRUEJuOGRFc1RZQlhjNlV5QVZNa1JYei9rQ085UFp0Z1FHOThDd0E5UTlFdFcxUUFvdXI2R2xCRnVtWWhvenFuVXhEaFdIU0xDSEpZMnlLQ0tDM09SZGowcUUxbk1DclVWTTVDUUFHckE2amFES3JGMEJ0UDhKa2xOdkxSWFFrUjVHT2lDUkhrTU9kT3ZJTERkTTdLUUdSVk9Tc0RFZTZLSlVRUXBXM2lrK3pnMHRSb0RTakNHdHFqMldacWdwbDZRZ1JGMkJxWjJJcklEdHZPRHNGT0NxT1c5U3Bub1NEYVBNZ1hrYXRMRFBFNTI1YXBvbVdkQ1FGRUJmcDZqcVVnd3AyMnJ6b0ZYMjNqdnVMQ0dJaThVVnRhVkpDbTJrNVJCYWZFYk82WXdOMWhCMENIc0twZHRyZTZCRzkxMng3cUZqeTBuYStabWhCQkhuR3hoQWh5eWQwSkVVUnByM01WOWt5Njdaa2szckJUTUNHQ2ZKbnNVSThKdHErM1kvcE5Qc3cyTEJvVFFzOTJ1Tm9wb0lVY3NsWEg3QWpvc3NIMTBScFFqUVNmSEI1SVpUT2JTL1IwZnJXWUhRbTJXNGpCdlpuUkE0bnlhSzZRWlhnSkNnR2ZsQmpZMVBOYk5maExpKytsdmVYaVMzdjI1QTlzM0wwams2YTQzbEtwTjU4cWxiTEJpTVZEYTRveStUZXhjN1NZenc4VVM3bHlybGlJRndoVTdrbnQzSlVOdHNLUlQvZEczMTliNnAwckxxdVlCTllrR2hhckpqcUVSQmNEdVNiSGFuSXZXaHVlVHJraDVISnRqb3ZKVnJjZE9ZVy9tSnhDdG9nUkltN1NOZnU0c04ySm02Y1l5K0p4VVJzelFob0lPMXJOVGlja2RVMFlpa0V0SGpmQ1ljRkRtV2NGVHgrZWxYd2o0YnNXMzlMNDlzZzNacjdmODZPRG4xZjhHSVR6a3A4ei9DaTFEdGZnVXVIczlWMzZlU21Ueit3c2gvczJKNUtiKzN1VDRaMmtKZzJIM3gzSkZNTHhXSFRkdGozVytSek9sY0tGWWpsYzJKdlBoOHVONUV5ZWpJdEV3cGxDT3B3cVVTS25QWnNyMFZIUDBBR0lpa1RXV0d5SUVSWHIzb3AxTDhXNmcySzlVYkh1cUZqelZxeDVLZFljRkd1TmlqVkh4YXEzWXJWQjhUTnNOQXoySFB1TXRjSTJ5enVqeGQzaHpLYWhyWW0rbnVITnlhRytkVytsZHhUZlh2Y1dZOGo5WjRydVNqUkUzcWJ5UnpOaGErQUxvcUkxekF5WS9ocnVBMVh3Z1RBOWFxTDc1QnJtaHQ1VGE3MW5LM0ZSNGVWQnI1VnJYRGpCWUZ3NGd2SmdjakRaSVFZYzR0RTVOK2lIS3UwcnZsdW8xOG9tTFRpVVRkK2VLWU5naHQ5TlRuNDNlVEFTWG10enI0MG9FZjYvOUxwS25lQmdQZkNwQXFQRGZJQkpjMkxTNjVoMEo2WllIVk5NWkhMeUFqUDRNY0kzSHM1bjNpbUgvNk9ZS3p6cWlGZzBYS1RSUkd3Wkt1WXp2Y1YwNW9WSUxCb0pwMGl3Q0JhSFg0aHo4TEdWNkpZU1hWU2lveEw5eDFHaVdVbzBVWW1HU3JRZlI0bHFLVkZGSlNvcVVYOGNKWllPVVVVMHdoUTR5cmMyTFh2SEladmdUM2ZMbis2V1A5MHRmN3BiaXBXOFExSC8vM0czWEVQcXAzUm1OTHpqZ0ZqdUNnV29VQklLdFEwdk44TEJKUVJpNWZyZGxwcGVtdDB4MVdvYWJ6V3RPTHRaeU51SHZOZklHM2k4NmNoYmxiekpoOFB0NWlYbjRRMU8zdkxrUFZUZUxNVGhkdXVVTjFONWU1VTNYSEU0N3pYYWJWcmUwK1dOU1NUWjdWN2VKS1k4M2VTemZ6OWlrTm51SHlQek5tVHU3bzRJUFV1aFVXcDNyeHQ3M3JINjlxcmRCZWZNSGZXOVdMdS96cHZ4dkhITHUvS2MxTkRjdGJ2N3ZOL1BlZmliQUg4bG9POEd3VGJzUUdUS3FXUXFXOG9HbXBzWHQ2VURLOGwvMndMTndmYmhWM1Baa1hKUGNYL1BhQ2ExYTJNaHRTT2ZTWStrQTgzdkVLNlc1a1dNYThscnVWS09FRWJTNldZZnc3UWtNL3ZMdmxXVmM2Y1hUbjR3UDNQdDd3L0dLMWVQTDB4UEdITmozeDM4a3ZEOW12S0ZudkF0TTIvT1ZHNmRyQjQ3V0xrNFR2QnJMSHpiL095c2NleDg1ZlpoYy9Za2tVTklDcElxWjc2cWp2MTU0Y3NQalNOWEZpNS9SRWpQdFZrbVVmT1hwOU9CUmUra20xVkVTaFRaRnBDRFQvYWx5cW5YVXZtOW1aZHptWHphMTBLTGh1QVRGRXNOQnFSTWtiU2lEQzRkL2lVbDlSVDNGdExaNEJJKysrWHRMU3NVOGlGVHFoNmFNVThkcHYrekhOSk1JUlpYcG84Uml3T1Frb3A1Ky9UOC9jK3JoKzRZYzE5Uk5JU1NZdDQ5VXZuNmZ2WHdSNVZQSmdpNnZhVkpBZ2tTakpPQWIrWGF4UzFaOG1FejhyRnBoSjRFdzBOdHRxMmg1ZG5RQ21yWmlrZTBqR3dFeXNMdCt3dDNiaTBjL25UaCtzWHErOU1CeUgyTHo3aCsxRHh4bWFCWFE5NHI1aGZYak9QbllJeHg1QVB6azVOSUhJd3E4N09mbTJkUEFiRXlmYTB5ZlFTSlE2akgvT1N1ZWZsNGhhemFzZmNKOFNuSVdvdFlQWE44NGR5RCtabURTRW5XVVdiSDBjSnRVY1c0UEdsOGZvWllUYUxMUWorNnB3T1F3aFJOY01icEQ0eFRoNmdRU0ZZTERaTUZ0RzZqNXg4Y0F1c0RrSnNXMm5ZaHBDUEt2bkhGL1BRTGdtNWZJUzR1Y2IwRXJwYkF0Ukk0VVFKM1NlQVlDYndnd1pScmcwS0NLVWhnc2dRbVNtQ1NCQ2FRdUZtUnJmK3dJRnJ5L1VIMDRnOE1vbjRWMFd5SlNJNENXbE1XN241ZHVYZWpEcTByODMrNVFEeGVpMjZNUkVCck50b1ltK2JjdWhXZzFha0w4dy9mSStqdmo5c0JWVEd1blRVbjUwUWlINmtweHZnTlkyemNrVWkwVGQ2WXYzKzJqdmcwbkg4S0JKc3g4NTd4cDI4Y3gzY29sYTh2R2pmRzV4OWVyRXhQV2M1Q1lxZFMvV3k2K3NldnlLeXBTMnFJYnJrV2dGTlZJWHJJUnNySEFGcFRxdWRwQXBnWEpxZ3JVSlN1VkE1L1pSeTdJZ3JreEpoaXpOMGhFV3d0U2kyeFF6Ryt2VzE4ZU5NU1dLdXRVekh2M0tQNVdUUEdiUjhBb3FxWWg0OHVURTZMTEdUa1UzREcweFUzejV3elpxL1dVaHkzandCVUFVcjE0QjlKcUFFRmJVdWdKK3JRdW1MdEE0aDIzNE5XUTkxQUk0ZkVoMGpIbVNhMW11Q29JK3FXNitxSWo3ZTEwV3drVlI1RkV4d1p6aEFhUThBS1A5N210eHFxR2R6OHdQckp6d2lSMmcwVkRtNkJKR0svbnVGRTkyMlRWanhXOHBrbnBvMzdseXh1cW9lRWFQWFl2Um8wMVFCTFZua3dhZHc4WWFISmxzYldabmFxaHJ1RGNwKy9YN2x5QzBRQjJtbW5YZzExRlJwNCtodmo1QkU3R2FIV3NvZzBKWStmZzhnRWdVNTcvR3FveHRDRjF6OHpqOXkxRXdzcU5DUk9VSUUxUk51UnhzeHRrZWh5ZEt5R3VnN05QM0dFK04vYUY1akFEcTNPRkdOaWt2akxJdHJhSURCcVJzYnF4VTQrWExoMnhpSjIxQkhCSUl2WXlZblZnM1BHZTMvbUczZjdpMDRIWGI4S1h4cDg2ZUxwRndka1hCZlB3Z0VZTUFDMEFZc1dnNjhPK09vVVQ4MUJHREFJQXdaaHdDQU1HSVFCZzUzaStUb0VBNFkwOGJSTkFESmhJWFh4Q0U0Q0xRbTBwRjUzTGtNK1NwQ0ZEYWMwelMwSnNzZytzMmwrU0pBUEVzUy9CUEV1UVh6Yng3b09uTG9tSHZJeFFNWXNwTTVQZmdraVJvTFlrQ0FLSkZodkNWWldnalVrTmNLTERUWENZMzFZUWFGam5TMWJkVGFwTFZydEt5MnBNSjZvNmRUeU1xTzVzY3dJUUQrT2JXd2s1MmIrc3ZEeEpiSVp0RGMzU1VBaE5qZlhWOE90OXFYWlhkbmlSbVcvZ0o2ZnBXekwzdDA3aXNiRVFkRDRGSFROTEZwaTYwWk9hVjlNYkdFREplQWhKaTF1S0s1YTdkdTd1MDF0alRhdGd2YWphSk95UlNYS2dhRFZFalFreEd0SHhPbUlBUFQ3N0Nrb0d6bjZGUkg5Q2tkdkV0R2JPSHFyaU43SzBZTWllcENqaDBUMEVFZHZFOUhiT0hxN2lON08wYStMNk5jNStnMFIvUVpIdnltaTM2VG85clltQ1Z3Slg1b0VicExBS1JJNFFZSkpTekJKQ1NZbHdTUWtNRm9DSXlVd1NnSWpKRkJLVnI3TktTUDhHQVZMaFljYTl6RFkzaGdHVDJQZlZ6RlBmMm1NVDBGWko2Nnh1ZzZlY1hpejJKMVRVUmZ1L1A1cDdGRXJwUGdnVi9MdmtVaWIyZTZjVEdJWSsyeE9mR1FoMUdkRmVRbG5lWlJQa0JhamhkdlZzOVh6di9lVVJsdHpibnlDdEE1cTI4TS9HZGMrYnVBS1kvTlVxWHp4MFB4NHpsTWRiZm01OGRucWFIOWFNYy9jTkcvZjlKTEdXdHB1ZkV4YUhiUG15cXh4MVNwVmZmRjk0OElmUEZXclRMVXpuekFSNmhiajdOR0Z1U3VlMHBoYlhQZ0VhVjFFMnZ6TVVmUG1SdzFjTENqcHd3cWQ0c0xWYjcyRGtyM0F1SFBhWVU3ZlFHaXdPYWNEc21pdUxCcXk2SzRzZWhpN3ZvcEJ5c1pidDV3ampIYTNGUnJ6bHo3emNpVnJncnZ4MmE2a3J6RGtWanBGWE9BcHJZc3RqRE9mTFkwKzJwQnJ6SXd4ZThGTEdudmJjZU96ZlU3ZnVSVHpKdUc2NTcySzdFSE1uWk5KL0hXUDlVUkdaK0dRNThDcUNrTFpEdWpGek9UK0N2dnpMcXg4M1dMc0JrbnZpUWRkR09oU1ZHNmRORTU4NnVVODl0N2d4c2VYZ2ozWEtOWFQ5MmhQdzEwYXZPcTQ4ZG5TNkxzVEN5YUhxQlNrc2VjcE56NUJHb3Z4UytUcVBlVXBEWFo0Wno1Qkd2V2IrZkZEODhweFQybk1ieTU4dGpTTmhmRDFDNVd6WHFjUHZHUzY4VEZwb1I3cjZWUWg5enh5YVNVM3I1cm9RYnJtVE5mQUd1cDM4OXlOaGJrVG50WXd2N3Z3Q1hQVDRUaXBuRGptS1UyM2poTW52cnJqQkI1Q1haazFycG9kQUorZWNEcXNrVUZ6WWJCY3dYYXFzYU9HdzlGQWs1QTlkeXJHeEJRNUdLcUhKeHA0bnJOdFpnK2pIcXkyeDJJc2krWW16RnRlT1Ftdm5XNTh0alQ2K3FuTXowNVczcnZvSlkwOWtycnhDZExZZm5IMld2WDhtS2MwMkMrYytlcFhrejFWdXpMejFleGtSZFhoQ2U5VEExNmEzZmpzaWRBblRhVnkvSlNUenQvMFdLLzdWdWFTSTkrYytyQ0JUYk9Wc3A4Q2VITUxxcnNnWnN5WkcxNFQ2ZXF5QXNhSlQ1RFdEZEtNYnc1NVN1dTJwRG54OFVPRnZlblNRNFhXQ3hPTkc2QVF6K3VqMXVuc3dtcGJTSDl6UU10TzQ1Ym5mTmxQRTl6NEJHbk1lNmN1T3UzUGpLRmJ0ZXJYYjg5NHFldFdzWDUxNEdQcVdCalFCM3FGRm1wa29tTkh6Yk9OVzUwUUJ1dzEzNXViU1c3ZjNpVGpoY2ZQYno0eTNsajgvT29pNDZYRHoyOGZNdDRjL1B3S0llTXRRY1l5MzgvcmZSbkxiejh2Mmpta3lWaE4rM2xaTFdOSjdPZTFzWXpscjR6VnE1K1hzVExXcVFob0NPZ3lWcFl5bG9aK1hpUEtXTi81ZWFFblk1SG01OVdhakhXV254ZGNNbFpKZmw0dXlWZ015Vmp4eUZpeStIbnRJbVBkNGVjRmlJekZnNTlYRVRKV0FINWVDc2g0alB2NWVTN2pXZXpuaDdLTTV5NENtb3hIcEorZmxUSWVYWDUrNEhISTR1OU1xQWhZR012dDdQanc4M05FeGdQQXowOENHWGR4UDkvT1pkeGQvWHhQNWhDSTc3UldCWFpOR1RkR0dmYzBQOS9jWk55Uy9IeHZrbkZmOGZNTlJzYWR3YyszQ0JsejI4K1RYTVk4bGpFUi9Ud2paY3dqUDArb2xXc1hiLzloL1QzdnhsOFhlM0J2WnI4RW9MOFhhQTB1SGFaLy9rai9XQ0pWOWkwN1FENi9lMjdyMXQ4OWwwNEhXNGNUNWRSb21mMTVaTk4vNWNiUC8vVi81S0E4dkxHUXRsQTlMYUZyZjVPSmlNMmxvVXdxSFMva0Q0d1FobVN4bUUvbTl2aVV0NnIzUHpGUEhYczdiSHowd1Bqd3FqbjFoWG4rZzc4L0dIK3JldjRjdzVzelk5VnpueHRqbDQzcjM4S1BFNmg1aTlxVzArL2drbUpoWno2M2M1ZnZ6VzNsWEg2NGQyUlhUM0Yvc3BqTjVqUHM1d3U1Zks1ODRKbEllWDhaL29heko1UE5GWVozanV5eXFaRm53L1gwZEc0Zi9ZbkFTNk9aVkdUTmhuUTZUZHhCbFBsSzVRUDVqQyswTHpOYXp1MU01WlZVUHBjdFBGOHU3dG13ajR0N2ZvUDlDNHIvMnl6SnlOWmlJYjBqRHpON3NqeVNLNjNiUjMvZjhFSWtzaUZORmlVZ0JTWEg1ZkEzck1ZbStndUhtc1hZUlB1WlpGbERQNnNkSFBvWHZvS2hsWHpsUXUwam9jQVBYYWJRejMydlBkcjZFRnM5Vm9kU25kY210T3FSbHlYMDFHT3ZSK2hmblZjaDlJczZGNjdtYmcvOW0rRHZidnEzeFN1YUZ5MFBOTkYvbHExYzI5U1VidDdBWE5UU3hqeTB5dmRFT2xmYWswOGRlTDVRTEdRMnBQOFhVSWdkMnB3OEFBQT0iIENvcnJlbGF0aW9uQmluZGluZz0iIiBVcmxFbmNvZGU9IlRydWUiIC8+DQogICAgICAgIDxGb3JtUG9zdFBhcmFtZXRlciBOYW1lPSJfX1ZJRVdTVEFURSIgVmFsdWU9Int7JEhJRERFTjEuX19WSUVXU1RBVEV9fSIgUmVjb3JkZWRWYWx1ZT0iIiBDb3JyZWxhdGlvbkJpbmRpbmc9IiIgVXJsRW5jb2RlPSJUcnVlIiAvPg0KICAgICAgICA8Rm9ybVBvc3RQYXJhbWV0ZXIgTmFtZT0iX19TQ1JPTExQT1NJVElPTlgiIFZhbHVlPSJ7eyRISURERU4xLl9fU0NST0xMUE9TSVRJT05YfX0iIFJlY29yZGVkVmFsdWU9IjAiIENvcnJlbGF0aW9uQmluZGluZz0iIiBVcmxFbmNvZGU9IlRydWUiIC8+DQogICAgICAgIDxGb3JtUG9zdFBhcmFtZXRlciBOYW1lPSJfX1NDUk9MTFBPU0lUSU9OWSIgVmFsdWU9Int7JEhJRERFTjEuX19TQ1JPTExQT1NJVElPTll9fSIgUmVjb3JkZWRWYWx1ZT0iMCIgQ29ycmVsYXRpb25CaW5kaW5nPSIiIFVybEVuY29kZT0iVHJ1ZSIgLz4NCiAgICAgICAgPEZvcm1Qb3N0UGFyYW1ldGVyIE5hbWU9Il9fVklFV1NUQVRFRU5DUllQVEVEIiBWYWx1ZT0ie3skSElEREVOMS5fX1ZJRVdTVEFURUVOQ1JZUFRFRH19IiBSZWNvcmRlZFZhbHVlPSIiIENvcnJlbGF0aW9uQmluZGluZz0iIiBVcmxFbmNvZGU9IlRydWUiIC8+DQogICAgICAgIDxGb3JtUG9zdFBhcmFtZXRlciBOYW1lPSJfX0VWRU5UVkFMSURBVElPTiIgVmFsdWU9Int7JEhJRERFTjEuX19FVkVOVFZBTElEQVRJT059fSIgUmVjb3JkZWRWYWx1ZT0ic0JWQVN5RWl4V3FIUkRqcVpISFBYa0g5c2lIems1d3p6ZWVIbmlHc1hUbGEySjdHNVhmc0FqUE1BWDU4TmtNVlFmNkFMVnVNU2dKWGduYlBubVJGamZrSUtzMXRNYnBYMHNXV2Jsdy9ST29PRXczSldjbzFwOEZ2a3NHYWVKTXo0eC9RVGt2N1AyQ0xDZ28wV05DRHpWWGVnYnZDZTV6RXZYcjRBYlJPcCs1WG9LUEFVRWU4VjlZc3pNeVEvMGVSK0xKU2NhYkN3RjF6M0lObGZoZVk5bExVMzdobDJjZFMvV1g2dnZvbzNjSGZoVzVHZ0ZaSTlmNExDc1paMDBDZDZZRi9oUHR5MHk3aTB4WVhlMlluQWdBVW15MEloU1Z5dUVmYzBZN1FMSS96cFViNUxabGVRZHhmY1A0TG1hZzArekNQcyt6eWdJZll2cUM5cmJFOGFVL05PVjJrQlhzK21JYXoweEEwTXR0Z2dlRnRjZldDdlNabll5am5xenRhVUJkNGJVaWZKZ3VsU1h2NSt2dnZCZ2pkb1ZmOCtwSFhnRVppUjltU0V4YkJVaU1EekNuWVhDSkd1RnlsUllraUhUazFXcHpmMGpuSUZqT0lyMG1mRS9rNzJmSS9TeGZFc2lOYzRQaGMydXk5d3hzWFBjUWU0UHlHaXZuRS9CVzY3OTJIZ2I4Sm5CeldlNk9xamJJUWdZd29PYm95YUozeU9hb1pEM0JsQ1hlZWc0YVpoaENQV0REMHltd3plYW5IUmlHY3AxMzlUbGFsVnBiYWxXN3J1eW9oWDd0NHdpa3Q0VndqKzUyc3RRc25YNFlXYlpxRTllQk5jbWI4dVFjWFQyOEpQUi9BQzY4QTFzVEdqZ0h6Z0tiZUt1NzVZUlM5eDlVakhkWkY1OUEybDFZeGtwMCtGNEZEekZxZmUyeGtOSEdCQ0xOc1FDT2FoaXlvNkExb2pyaTZSbjNHa0Z0ZjU3WUZxN2luZERYWS9DWFJyeVV2eUN2dlNMWWY0QVU4NDRZWm9hdnRNWkhpMFBQMHkzRzZWYkVIQ2pnTTU1REpWamVnZE53V3M2TTZBTkZoMDlMNDc0VFhROHc5TzZ6ckY5c2xsSy9acVFwYndRM1VZdVhlbzZDd293L0hqaXp2RzZLTUtxMGV1RnJjODBUaHZsSk13TnlaZDlxV3RBL3NMeFpRU21qaUxrNFgrallUK0xQenpNcHRUdGkxUmNqNDZpVHRJTVVBdjd4clZweGpJNWc0MjMvUEtJZ3JoTFBOTGVnM2NTSzlGZ0J4VS9HaHRZRGY3Z3hUdDR0ZVVLdE80dkkxL0wzY0FwdS9kaTArcXp0ZkdITnJFZ01SRk1vUlVXYkJ4eVc1M2pZT2RZd2hPc2ZEY0kyNWVNRmd1QkpiL2RYSFBSWmpQR09ncUR5QUdyaVN1emV0NG5RTStQRDlkRGxlMEJxSkkxREd1em81ZXQwNGR0VlArMk53Ti9YeDBCbjgzT0RmQncrNjBDZWx5amN5Y3I5UWtnZzlWNlpvZUo0N3F6N0MrRVZIMjlrd2xhbGNRS2N4UVZ5MmlDUWNhcnJqYU5TbGwrUFZaYzRpcFBZMkpOVTVhMDZtUVVIUXNUZW4wZVJNY3ZaZ21rclNKaUhxamJ1clRXS3loNFJUd2ZOK1BDbmFxdHlQanFqMm81cHJuemwvbFlGMkFuSHVXZkRaaHdTT1BFSkFXdEVMNmJHeFR3cXYxTEIrN25hcUhHNW81UjNNNTdodXJSYkZsamNsNEM4dTM3bU5Vc1J6a1VHZ25DNDBpc0d4Uy9qV3I5QzhrQnR6eHBYczErSlhTbCt5bEJJZVAyNVlnYmp0bHZWbGlXTWJTWkVuUkowOThpUzFPWDlMRnRPRFJ4UEtJbFV1Q1UwYlFsM2M5Y1NJUzQ3YUw4VUNsNnl0dmRrWkxWZmw4cjcwWCtKS2tBMWlIZmlhNVgwZ0xjUldSVVZHUUMvSktzWTNZZjE0Q2RrTUo1MGtaUzRHSXZtTFpMcS9CTnVqUUNCd2xXUDJMWFRGcXZYeVBuVGFCWWltM2l3SC9XN2lRcEw1UE9peVNLUjdjL0IrNEJNZlRSb0dmSU9RMG1OSmE1SGRFWEZuYTR4eXRtL3NvSHMrQnJramFKZjdINjBFZjhkcVgyeU9Rb0FSZWQwNFRtTGFVTUNXZ2RWN1pIVXN6ZWdHaWk0bVJDblY0dEpuRGF0WGdNUzhsSCtXb29sRkUvYzR3TDdVTDdVd1cxaFYvREpkQUF5Q1Jwanc2dnl4THo5K2xEYWMzU3cxaVlGTnRBaEQxbGlXc0RVRHBoL2QrVGU1Wll2aEZnRW9GRENMcG9WRkYvU0twVFh2QXl0dXZwbDdTSU15anFNdXNGRmxZK05ZVkxicStYSGtqbStOdmQ4TmJOTnBSbGlqY00zUE9CeGR2dmdpayszcjEwWVBjNWZ6Z1NiZi8wOHpwS2dNclQ4L01xK0dlQ2hxYWI1dVBrbFJVWG5TcVNlT3R0OEEvRnVtblNzaHVsSlZHKzBQVXVqN3NoT2J4Q2RSc1FFQlBiOHFJY3BhbDF6R3ZyUHFtWlpFcXRDUmpjQXZGYmxzcG1NeXAvODA5N0tJNVdGTmJDNnd0bzJJOGc1MmhHd0w2MXB4UE1lUk5IcjlsSUZQWUxrcGpDUEJMRklQSk1ROGNTV0s1QjMzUVVlWERBbXdWaHpJWm11L0xpRW1tcDFCMjNEYXpEazBnSXpRdEhFRzFUd3VKUWxZa2hsR1JYUTl3QVphMjJRc04vTmRsY3gydjZ2YktvenUzVUlraUFuTlZ3VUxHc0xNeWI2aE8yMFRseVFkcTJ1V1NCY0dNdzEwZkx5UkdZbmVvWUpyWnIzYWdTNVQrNCtuWEZxalN3L25hMUdKUS8xNlc2aWlTeGpMeHBrY0JBVEJ2RVBLZzZTL3hPbjVUczE1dE1jcXB4Ky9BcmxMazEzSlNpeUcxdUZzN0hTc3JHUUxJU3J1bTRZMml1YTR6cHo3eTdZVFllcnRLUlRXSW1VWldvUE5xc1JJK0pSWlpScHB0NUJpWFZaNkFXaWRjOGZPT0JuZDBkZUsxUnI3NjRWS2V3TTNDYldzeHJvajRoNDJzaG1jUWFhcW5PbGFvelFRckU4dU5HVHdZcjNuMEZFNEpGb1phQ1d3VTMxRmN2eVc3djE2VDBzSmgzdlRidDVLU25BNTV6R0hTR1M3ZGk2Qko1SzlTdTdtcVRiSVRsVTZFNmNabXVxTTA4WGRwTHluSFRVbksxcTNkTmJ3eXBrL1hQVHV0eTJKdlR4VE1hUTAxR05nZ05NY01pNmlublNpelpLMC9jOGNNd2ZxbWRpMFlFcUdpdHdOTDZrajlGUTlGZTZSbnNKQXFRVDBpNXY1L21nWm5VbDlCOFZkOTEvZFRzR21sWnFiejVkVlJxT1JKNHFQRFdyaEJUVWNuMzNZRDF5eUZWT3NocWlhT0hFeEhmSk9ONlMxSnMwTGxqdm5NYk9JTDh2Z3hzbWpqQ1Y0T1VmUzNTbjRncXBBcERiZDhsL2hCSUZCZnVZd054WU9RRWxhWFZhMmFzZzI0bG1RK01Qd3dZalVGWlkrREZreENITXZRSVdYanUvWTJaSTJNK2lPVEEwQ0JJcUlEMjhuYkFFVmdqOUo5ZUJudWd4SVdmd2JuMklHVG5BRjFFVmMrRTgwNTBubjZPZHcyQzdGNzhtdS93dzNEWFNta0ZQekJ3MmNYWW1lUkNEZmVzVTI1NW9wL0VqTjlERE1TZjlnQkdBZlNrQUwvUWZIVjNQRjgySHpSZUxIajVzeC92dnd5aXdXSmpFZWMyUjFaYWc3Q1gxNDhXKzMweER6dXp3SVZQcmVPejMwRnRpT0Nxd21FNVBHWDl3WlJORFJrOVRGclRWSGptTzJsd0VLZURRS1QwNGZQdzA2RXRzdURKeFJDRzVzWDFDN2VManNUSGJ6SW84bmFMK1ZFZ1NRbFB3RGRVaUxBekNyd1RvN2tWQy9Ud3N6MUh2VEhJLzlNNjJJY1ZCNS82ZzlCcy9SWGpuUzRGWTYyMnVqSE5JZVVDdEY0SXhtNzJ4YzVneDFKTDlRUHNwRFRkS2pOeFgxblNBV1ppaUd0ay95a0RNNVJERjluUzlXTHp1d3ZicWtENHVHdmtmRG9BTUhjMXBQN250M1hOclJKT29kY0tya0MybUFwMWtIMldwemMyaTgzK0NoVHVMQ2VybUZPeFA1bWh1K00xZ09wRzdPVEhzQmwvVjloZTc0THVEQVc5a1R0dWdJSHZMYjNtUVZMbGw1NkhJV3FENXZuL1pUUXBia3dGVVY2dnhhNnBOUmZRRzllaGxvNDIzc3VUaTMwL3R0VGZlcEl3dU52dVZySHo4Z0l0RnRDaktWeit4bHBKaHpFWFJaZzB1QW5VcDdRTXZUWkZXUlVQRzNaZVBjdkJmMHBNV2djNzZXREk3UWxBeTl0dWlEaEdGbnkzR1RtMUpJaEZiQlJPVVhPQUFkdmwrd0NmdlNuQWw1SDB5U1picjdTUnRXekZUUXZvRXlXNTRzdG9BdHFuMEo0My9RbFNIN2lQMVA4WlkycXlLZEVyUGJBWDBVMS9JcDhxVkdONEt0NFVERlZzYnV5M01HcGV6UlVldmlyLzk1WkhiQy9VOFJ4cmRlVnRRekQwalZlcmEzQm5Nd21OOXVzUnpDYkk3R1NZNjIvckF2VTV3THhuL2xTeEhGemRSVVcyTEs1aXhCMjZSZ2ZNRkRwNzJ3ckhOUzhDN0pTSU1aNDc4NzVKL3owUEF4YkJYQ2N5ZkdzMlozQk1WMTdRQnF2R2lJanJhRTMvdU9ONldzcllFZDlqem9UNFNGaU1mZnFxK29ROWlvL3NKQTB0dXRlMmVYMHZoUTRmdlZqSnQwa3NROWhsb1JZdy9xQWl6WFFoQlNvSUhWYUJ5dFVlczluOENRS05uWElkS00ybitSbkluUUVTRTZKL1BsWnoxWVhqNVI4THhNeVFvQk1EUFVLaitHL1BQSDl1TEJKajJFd3BxWnNKNWNYalVQWDM1U1YrMXpyemlOZjN4d20vdm9YVCt1Y0tURWxGZFZkR0g4ajVDWDMyQUlhVkZqNUFtTXp1V0hReHVLb1I5RkV0ZVBnUmpjMFZxaE4vb3RvN25VRVJmV3poTUt6OXlFamx1SlZKZ1dhR21YTEFqS1BCTkpFQ3k2SysvY0o2NVc2bHluMERZL1JpY1Y1NHhoZWZpVnRsQ0ZPa1NHWmhtOStCaERxUjBGamZhWjY0UEhjMXFFQ2ROVHNOR1FwWUUzMXFFNlpTNVZhczFaNnRvN29Ud2VDQVpaaGZJV3RpSE16M3lmSFRPR2N3ejFkM1JJTzQ1eWxFN0JadDNadElwclY1R09pTWNwYVJVOUlGVTE2WWtrTHpXdStTdVg0bnJyaE1YcE1ZZzBXUVlNWUJ5UnZ1QVpJeVB0clJFenRnRG1XYmR0SGxjUGRiVFJ5WUUwOXE0UlVMQis4YWJ5K3hwWnFGVWN6cmhJU2ZqVmtyTm9Va1IwcUNFb3FEc3paZXVHMFJtQnpNOHhqcTdUY3pzeW9sSTNIZWc0VEdVS3RWV0s1bHo5cjBZWXNEUElmZE8vVzZYY3o5V3Q4c1lIa0Zqd2dMTTVPZjVRWTBmTGdnNjdpVlV6WkxiY2Q3cU50bGhXeE4rMWxkb1l1b1RLUUszeGgxb3UyTUdoOUxack56czdHM3NiRTJGdEZ3OURISkUydVRXdFlxeGNUa2Zlc0NseXpQMFFVOWNtejBBOVF0Um80N1dadTFXSVh3TnFxbHh4SnB6V3lzZVduUHA4ZitOVUlQeWNnWlRXclJwK0NwcUp4ZEE2cHdmZnBqSndIeEVPMEdVcldLY2R0V1ZjZnNoY29oMjRUNEVKcTRERWcvMWtuc2w0WlYrWXhzVW9JczRhR21wbjJhQ1VRdlE0b21HT1BEeVlDVUZSM1p1YktWR25iZitmZnpod2tOR0hsYUxrTUdYWmFIeThOZUNBQW9zelJ4OFR6empwbDNWM0VSZVVFVi9IQm9aQXhNaUV4cVJXOHNCSEVWWm1RM3NaZitZOElScGszbDQvN1RmSGQ5NHh3MllUbWNEeXk0amFXV2N4Mm1tMVJKRTZDQVNqSVpBL2RycVBpNXRDcEtWQ1VRTDRwNnFsZllTbnBSSDZwSFlIbzltL2VGZXZNNjd3aXRlV1BodjVVTnpsR1hPc09BMXViT3VoU1huQTJsODI5OXMvUDY0NFQzT3RuWjNJcWNObFB0QlBpUFdGSnoyT1BPQ3orQklzZVBLa0hTRkhYcEdydTBMalpRTGFKUjh0NkVhRCtYT0owcWZMYkhySExNLyt1TjhZME81ak5sOHE4T0EyVFZxc0svemFGc1JjMEdOWllBelEzano5enlsZXliNDdTL0xiUncrSU90WjRyTWVTNE90VVB2c0dndWFWNjJjeXZ2anpzUnBrWnJvZFlOWjhLMkwybktRUVVHSVdwemxZMjQ3M3hrbTRRUXdiVWlVY3VTRC9RVGtGZEQ1Y2VOaXR4SkpzZjNkdUxobEx6UkFDVDY3L1lIRmFnS3pBSkkxZVpub2hId1NaWWVkQ1J4bmlvSVhUQVFnWEZRMEk0UDcwajFhdnZXTXBHZldXbXhFPSIgQ29ycmVsYXRpb25CaW5kaW5nPSIiIFVybEVuY29kZT0iVHJ1ZSIgLz4NCiAgICAgICAgPEZvcm1Qb3N0UGFyYW1ldGVyIE5hbWU9IlNjcmVlbldpZHRoIiBWYWx1ZT0ie3skSElEREVOMS5TY3JlZW5XaWR0aH19IiBSZWNvcmRlZFZhbHVlPSIiIENvcnJlbGF0aW9uQmluZGluZz0iIiBVcmxFbmNvZGU9IlRydWUiIC8+DQogICAgICAgIDxGb3JtUG9zdFBhcmFtZXRlciBOYW1lPSJTY3JlZW5IZWlnaHQiIFZhbHVlPSJ7eyRISURERU4xLlNjcmVlbkhlaWdodH19IiBSZWNvcmRlZFZhbHVlPSIiIENvcnJlbGF0aW9uQmluZGluZz0iIiBVcmxFbmNvZGU9IlRydWUiIC8+DQogICAgICAgIDxGb3JtUG9zdFBhcmFtZXRlciBOYW1lPSJidG5RdWVyeSIgVmFsdWU9IuafpeipoiIgUmVjb3JkZWRWYWx1ZT0i5p+l6KmiIiBDb3JyZWxhdGlvbkJpbmRpbmc9Int7Rm9ybVBvc3RQYXJhbTkuYnRuUXVlcnl9fSIgVXJsRW5jb2RlPSJUcnVlIiAvPg0KICAgICAgICA8Rm9ybVBvc3RQYXJhbWV0ZXIgTmFtZT0iZGRsT3JnQW5kRmxvdyIgVmFsdWU9IiIgUmVjb3JkZWRWYWx1ZT0iIiBDb3JyZWxhdGlvbkJpbmRpbmc9IiIgVXJsRW5jb2RlPSJUcnVlIiAvPg0KICAgICAgICA8Rm9ybVBvc3RQYXJhbWV0ZXIgTmFtZT0iZGRsUXVlcnlDb25kaXRpb25zIiBWYWx1ZT0iMCIgUmVjb3JkZWRWYWx1ZT0iMCIgQ29ycmVsYXRpb25CaW5kaW5nPSJ7e0Zvcm1Qb3N0UGFyYW0xMS5kZGxRdWVyeUNvbmRpdGlvbnN9fSIgVXJsRW5jb2RlPSJUcnVlIiAvPg0KICAgICAgICA8Rm9ybVBvc3RQYXJhbWV0ZXIgTmFtZT0idHh0T1RFbXBJRCIgVmFsdWU9IjEwMjA5OSIgUmVjb3JkZWRWYWx1ZT0iMTAyMDk5IiBDb3JyZWxhdGlvbkJpbmRpbmc9Int7Rm9ybVBvc3RQYXJhbTEwLnR4dE9URW1wSUR9fSIgVXJsRW5jb2RlPSJUcnVlIiAvPg0KICAgICAgICA8Rm9ybVBvc3RQYXJhbWV0ZXIgTmFtZT0idHh0T1RFbXBOYW1lIiBWYWx1ZT0iIiBSZWNvcmRlZFZhbHVlPSIiIENvcnJlbGF0aW9uQmluZGluZz0iIiBVcmxFbmNvZGU9IlRydWUiIC8+DQogICAgICAgIDxGb3JtUG9zdFBhcmFtZXRlciBOYW1lPSJ0eHRPVEZvcm1OTyIgVmFsdWU9IiIgUmVjb3JkZWRWYWx1ZT0iIiBDb3JyZWxhdGlvbkJpbmRpbmc9IiIgVXJsRW5jb2RlPSJUcnVlIiAvPg0KICAgICAgICA8Rm9ybVBvc3RQYXJhbWV0ZXIgTmFtZT0iZGRsT1RTdGF0dXMiIFZhbHVlPSIwIiBSZWNvcmRlZFZhbHVlPSIwIiBDb3JyZWxhdGlvbkJpbmRpbmc9Int7Rm9ybVBvc3RQYXJhbTEyLmRkbE9UU3RhdHVzfX0iIFVybEVuY29kZT0iVHJ1ZSIgLz4NCiAgICAgICAgPEZvcm1Qb3N0UGFyYW1ldGVyIE5hbWU9InR4dE9URGF0ZUJlZ2luJHR4dERhdGUiIFZhbHVlPSIiIFJlY29yZGVkVmFsdWU9IiIgQ29ycmVsYXRpb25CaW5kaW5nPSIiIFVybEVuY29kZT0iVHJ1ZSIgLz4NCiAgICAgICAgPEZvcm1Qb3N0UGFyYW1ldGVyIE5hbWU9InR4dE9URGF0ZUVuZCR0eHREYXRlIiBWYWx1ZT0iIiBSZWNvcmRlZFZhbHVlPSIiIENvcnJlbGF0aW9uQmluZGluZz0iIiBVcmxFbmNvZGU9IlRydWUiIC8+DQogICAgICAgIDxGb3JtUG9zdFBhcmFtZXRlciBOYW1lPSJ1Y01vZGFsUG9wdXAxJENsaWVudFdpZHRoIiBWYWx1ZT0ie3skSElEREVOMS51Y01vZGFsUG9wdXAxJENsaWVudFdpZHRofX0iIFJlY29yZGVkVmFsdWU9IjAiIENvcnJlbGF0aW9uQmluZGluZz0iIiBVcmxFbmNvZGU9IlRydWUiIC8+DQogICAgICAgIDxGb3JtUG9zdFBhcmFtZXRlciBOYW1lPSJ1Y01vZGFsUG9wdXAxJENsaWVudEhlaWdodCIgVmFsdWU9Int7JEhJRERFTjEudWNNb2RhbFBvcHVwMSRDbGllbnRIZWlnaHR9fSIgUmVjb3JkZWRWYWx1ZT0iMCIgQ29ycmVsYXRpb25CaW5kaW5nPSIiIFVybEVuY29kZT0iVHJ1ZSIgLz4NCiAgICAgIDwvRm9ybVBvc3RIdHRwQm9keT4NCiAgICA8L1JlcXVlc3Q+DQogICAgPFJlcXVlc3QgTWV0aG9kPSJQT1NUIiBHdWlkPSJhYTU3ZWMyNC1jM2ZjLTQzYzktOWI1My1kMDQ3NzljMzk0ODEiIFZlcnNpb249IjEuMSIgVXJsPSJodHRwOi8vMTAuMTEuMzYuMTE0OjgwMDcvT3ZlclRpbWUvT3ZlcnRpbWVQcmVPcmRlci5hc3B4IiBUaGlua1RpbWU9IjU5IiBUaW1lb3V0PSIzMDAiIFBhcnNlRGVwZW5kZW50UmVxdWVzdHM9IlRydWUiIEZvbGxvd1JlZGlyZWN0cz0iVHJ1ZSIgUmVjb3JkUmVzdWx0PSJUcnVlIiBDYWNoZT0iRmFsc2UiIFJlc3BvbnNlVGltZUdvYWw9IjAiIEVuY29kaW5nPSJ1dGYtOCIgRXhwZWN0ZWRIdHRwU3RhdHVzQ29kZT0iMCIgRXhwZWN0ZWRSZXNwb25zZVVybD0iIiBSZXBvcnRpbmdOYW1lPSIiIElnbm9yZUh0dHBTdGF0dXNDb2RlPSJGYWxzZSI+DQogICAgICA8RXh0cmFjdGlvblJ1bGVzPg0KICAgICAgICA8RXh0cmFjdGlvblJ1bGUgQ2xhc3NuYW1lPSJNaWNyb3NvZnQuVmlzdWFsU3R1ZGlvLlRlc3RUb29scy5XZWJUZXN0aW5nLlJ1bGVzLkV4dHJhY3RIaWRkZW5GaWVsZHMsIE1pY3Jvc29mdC5WaXN1YWxTdHVkaW8uUXVhbGl0eVRvb2xzLldlYlRlc3RGcmFtZXdvcmssIFZlcnNpb249MTAuMC4wLjAsIEN1bHR1cmU9bmV1dHJhbCwgUHVibGljS2V5VG9rZW49YjAzZjVmN2YxMWQ1MGEzYSIgVmFyaWFibGVOYW1lPSIxIiBEaXNwbGF5TmFtZT0i5pO35Y+W6Zqx6JeP5qyE5L2NIiBEZXNjcmlwdGlvbj0i5pO35Y+W5Zue5oeJ5Lit55qE5omA5pyJ6Zqx6JeP5qyE5L2N77yM5Lim5bCH5a6D5YCR5pS+5Zyo5ris6Kmm5YWn5a655Lit44CCIj4NCiAgICAgICAgICA8UnVsZVBhcmFtZXRlcnM+DQogICAgICAgICAgICA8UnVsZVBhcmFtZXRlciBOYW1lPSJSZXF1aXJlZCIgVmFsdWU9IlRydWUiIC8+DQogICAgICAgICAgICA8UnVsZVBhcmFtZXRlciBOYW1lPSJIdG1sRGVjb2RlIiBWYWx1ZT0iVHJ1ZSIgLz4NCiAgICAgICAgICA8L1J1bGVQYXJhbWV0ZXJzPg0KICAgICAgICA8L0V4dHJhY3Rpb25SdWxlPg0KICAgICAgPC9FeHRyYWN0aW9uUnVsZXM+DQogICAgICA8Q29ycmVsYXRpb25FeHRyYWN0aW9uUnVsZXM+DQogICAgICAgIDxFeHRyYWN0aW9uUnVsZSBDbGFzc25hbWU9Ik1pY3Jvc29mdC5WaXN1YWxTdHVkaW8uVGVzdFRvb2xzLldlYlRlc3RpbmcuUnVsZXMuRXh0cmFjdEZvcm1GaWVsZCwgTWljcm9zb2Z0LlZpc3VhbFN0dWRpby5RdWFsaXR5VG9vbHMuV2ViVGVzdEZyYW1ld29yaywgVmVyc2lvbj0xMC4wLjAuMCwgQ3VsdHVyZT1uZXV0cmFsLCBQdWJsaWNLZXlUb2tlbj1iMDNmNWY3ZjExZDUwYTNhIiBWYXJpYWJsZU5hbWU9IkZvcm1Qb3N0UGFyYW0xLmJ0bkFjdGlvblgiIERpc3BsYXlOYW1lPSIiIERlc2NyaXB0aW9uPSIiPg0KICAgICAgICAgIDxSdWxlUGFyYW1ldGVycz4NCiAgICAgICAgICAgIDxSdWxlUGFyYW1ldGVyIE5hbWU9Ik5hbWUiIFZhbHVlPSJidG5BY3Rpb25YIiAvPg0KICAgICAgICAgICAgPFJ1bGVQYXJhbWV0ZXIgTmFtZT0iSHRtbERlY29kZSIgVmFsdWU9IlRydWUiIC8+DQogICAgICAgICAgICA8UnVsZVBhcmFtZXRlciBOYW1lPSJSZXF1aXJlZCIgVmFsdWU9IkZhbHNlIiAvPg0KICAgICAgICAgICAgPFJ1bGVQYXJhbWV0ZXIgTmFtZT0iSW5kZXgiIFZhbHVlPSIwIiAvPg0KICAgICAgICAgIDwvUnVsZVBhcmFtZXRlcnM+DQogICAgICAgIDwvRXh0cmFjdGlvblJ1bGU+DQogICAgICAgIDxFeHRyYWN0aW9uUnVsZSBDbGFzc25hbWU9Ik1pY3Jvc29mdC5WaXN1YWxTdHVkaW8uVGVzdFRvb2xzLldlYlRlc3RpbmcuUnVsZXMuRXh0cmFjdEZvcm1GaWVsZCwgTWljcm9zb2Z0LlZpc3VhbFN0dWRpby5RdWFsaXR5VG9vbHMuV2ViVGVzdEZyYW1ld29yaywgVmVyc2lvbj0xMC4wLjAuMCwgQ3VsdHVyZT1uZXV0cmFsLCBQdWJsaWNLZXlUb2tlbj1iMDNmNWY3ZjExZDUwYTNhIiBWYXJpYWJsZU5hbWU9IkZvcm1Qb3N0UGFyYW0yLnR4dE9URW1wSUQiIERpc3BsYXlOYW1lPSIiIERlc2NyaXB0aW9uPSIiPg0KICAgICAgICAgIDxSdWxlUGFyYW1ldGVycz4NCiAgICAgICAgICAgIDxSdWxlUGFyYW1ldGVyIE5hbWU9Ik5hbWUiIFZhbHVlPSJ0eHRPVEVtcElEIiAvPg0KICAgICAgICAgICAgPFJ1bGVQYXJhbWV0ZXIgTmFtZT0iSHRtbERlY29kZSIgVmFsdWU9IlRydWUiIC8+DQogICAgICAgICAgICA8UnVsZVBhcmFtZXRlciBOYW1lPSJSZXF1aXJlZCIgVmFsdWU9IkZhbHNlIiAvPg0KICAgICAgICAgICAgPFJ1bGVQYXJhbWV0ZXIgTmFtZT0iSW5kZXgiIFZhbHVlPSIwIiAvPg0KICAgICAgICAgIDwvUnVsZVBhcmFtZXRlcnM+DQogICAgICAgIDwvRXh0cmFjdGlvblJ1bGU+DQogICAgICAgIDxFeHRyYWN0aW9uUnVsZSBDbGFzc25hbWU9Ik1pY3Jvc29mdC5WaXN1YWxTdHVkaW8uVGVzdFRvb2xzLldlYlRlc3RpbmcuUnVsZXMuRXh0cmFjdFRleHQsIE1pY3Jvc29mdC5WaXN1YWxTdHVkaW8uUXVhbGl0eVRvb2xzLldlYlRlc3RGcmFtZXdvcmssIFZlcnNpb249MTAuMC4wLjAsIEN1bHR1cmU9bmV1dHJhbCwgUHVibGljS2V5VG9rZW49YjAzZjVmN2YxMWQ1MGEzYSIgVmFyaWFibGVOYW1lPSJGb3JtUG9zdFBhcmFtMy5kZGxRdWVyeUNvbmRpdGlvbnMiIERpc3BsYXlOYW1lPSIiIERlc2NyaXB0aW9uPSIiPg0KICAgICAgICAgIDxSdWxlUGFyYW1ldGVycz4NCiAgICAgICAgICAgIDxSdWxlUGFyYW1ldGVyIE5hbWU9IlN0YXJ0c1dpdGgiIFZhbHVlPSJzJnF1b3Q7OlsmcXVvdDsiIC8+DQogICAgICAgICAgICA8UnVsZVBhcmFtZXRlciBOYW1lPSJFbmRzV2l0aCIgVmFsdWU9IiZxdW90OywmcXVvdDsxJnF1b3Q7IiAvPg0KICAgICAgICAgICAgPFJ1bGVQYXJhbWV0ZXIgTmFtZT0iSW5kZXgiIFZhbHVlPSIwIiAvPg0KICAgICAgICAgICAgPFJ1bGVQYXJhbWV0ZXIgTmFtZT0iSWdub3JlQ2FzZSIgVmFsdWU9IkZhbHNlIiAvPg0KICAgICAgICAgICAgPFJ1bGVQYXJhbWV0ZXIgTmFtZT0iVXNlUmVndWxhckV4cHJlc3Npb24iIFZhbHVlPSJGYWxzZSIgLz4NCiAgICAgICAgICAgIDxSdWxlUGFyYW1ldGVyIE5hbWU9Ikh0bWxEZWNvZGUiIFZhbHVlPSJUcnVlIiAvPg0KICAgICAgICAgICAgPFJ1bGVQYXJhbWV0ZXIgTmFtZT0iUmVxdWlyZWQiIFZhbHVlPSJGYWxzZSIgLz4NCiAgICAgICAgICA8L1J1bGVQYXJhbWV0ZXJzPg0KICAgICAgICA8L0V4dHJhY3Rpb25SdWxlPg0KICAgICAgICA8RXh0cmFjdGlvblJ1bGUgQ2xhc3NuYW1lPSJNaWNyb3NvZnQuVmlzdWFsU3R1ZGlvLlRlc3RUb29scy5XZWJUZXN0aW5nLlJ1bGVzLkV4dHJhY3RUZXh0LCBNaWNyb3NvZnQuVmlzdWFsU3R1ZGlvLlF1YWxpdHlUb29scy5XZWJUZXN0RnJhbWV3b3JrLCBWZXJzaW9uPTEwLjAuMC4wLCBDdWx0dXJlPW5ldXRyYWwsIFB1YmxpY0tleVRva2VuPWIwM2Y1ZjdmMTFkNTBhM2EiIFZhcmlhYmxlTmFtZT0iRm9ybVBvc3RQYXJhbTQuZGRsT1RTdGF0dXMiIERpc3BsYXlOYW1lPSIiIERlc2NyaXB0aW9uPSIiPg0KICAgICAgICAgIDxSdWxlUGFyYW1ldGVycz4NCiAgICAgICAgICAgIDxSdWxlUGFyYW1ldGVyIE5hbWU9IlN0YXJ0c1dpdGgiIFZhbHVlPSImcXVvdDsxJnF1b3Q7LCZxdW90OyIgLz4NCiAgICAgICAgICAgIDxSdWxlUGFyYW1ldGVyIE5hbWU9IkVuZHNXaXRoIiBWYWx1ZT0iJnF1b3Q7LCZxdW90OzMmcXVvdDsiIC8+DQogICAgICAgICAgICA8UnVsZVBhcmFtZXRlciBOYW1lPSJJbmRleCIgVmFsdWU9IjAiIC8+DQogICAgICAgICAgICA8UnVsZVBhcmFtZXRlciBOYW1lPSJJZ25vcmVDYXNlIiBWYWx1ZT0iRmFsc2UiIC8+DQogICAgICAgICAgICA8UnVsZVBhcmFtZXRlciBOYW1lPSJVc2VSZWd1bGFyRXhwcmVzc2lvbiIgVmFsdWU9IkZhbHNlIiAvPg0KICAgICAgICAgICAgPFJ1bGVQYXJhbWV0ZXIgTmFtZT0iSHRtbERlY29kZSIgVmFsdWU9IlRydWUiIC8+DQogICAgICAgICAgICA8UnVsZVBhcmFtZXRlciBOYW1lPSJSZXF1aXJlZCIgVmFsdWU9IkZhbHNlIiAvPg0KICAgICAgICAgIDwvUnVsZVBhcmFtZXRlcnM+DQogICAgICAgIDwvRXh0cmFjdGlvblJ1bGU+DQogICAgICA8L0NvcnJlbGF0aW9uRXh0cmFjdGlvblJ1bGVzPg0KICAgICAgPEZvcm1Qb3N0SHR0cEJvZHk+DQogICAgICAgIDxGb3JtUG9zdFBhcmFtZXRlciBOYW1lPSJUb29sa2l0U2NyaXB0TWFuYWdlcjFfSGlkZGVuRmllbGQiIFZhbHVlPSI7O0FqYXhDb250cm9sVG9vbGtpdCwgVmVyc2lvbj00LjEuNy42MDcsIEN1bHR1cmU9bmV1dHJhbCwgUHVibGljS2V5VG9rZW49MjhmMDFiMGU4NGI2ZDUzZTp6aC1IYW50OjdiOTVlZDFhLTZhM2YtNDFkZC1iYzViLTYzZjM5ZWRiYzRiNDpkZTFmZWFiMjpmY2YwZTk5MzpmMmM4ZTcwODo3MjBhNTJiZjpmOWNlYzliYzo1ODllYWEzMDo2OTgxMjljZjpmYjliNGM1NzpjY2I5NmNmOTphNjdjMjcwMDo4NjEzYWVhNzozMjAyYTVhMjphYjA5ZTNmZTo4NzEwNGI3YzpiZTZmYjI5OCIgUmVjb3JkZWRWYWx1ZT0iOztBamF4Q29udHJvbFRvb2xraXQsIFZlcnNpb249NC4xLjcuNjA3LCBDdWx0dXJlPW5ldXRyYWwsIFB1YmxpY0tleVRva2VuPTI4ZjAxYjBlODRiNmQ1M2U6emgtSGFudDo3Yjk1ZWQxYS02YTNmLTQxZGQtYmM1Yi02M2YzOWVkYmM0YjQ6ZGUxZmVhYjI6ZmNmMGU5OTM6ZjJjOGU3MDg6NzIwYTUyYmY6ZjljZWM5YmM6NTg5ZWFhMzA6Njk4MTI5Y2Y6ZmI5YjRjNTc6Y2NiOTZjZjk6YTY3YzI3MDA6ODYxM2FlYTc6MzIwMmE1YTI6YWIwOWUzZmU6ODcxMDRiN2M6YmU2ZmIyOTgiIENvcnJlbGF0aW9uQmluZGluZz0iIiBVcmxFbmNvZGU9IlRydWUiIC8+DQogICAgICAgIDxGb3JtUG9zdFBhcmFtZXRlciBOYW1lPSJfX0VWRU5UVEFSR0VUIiBWYWx1ZT0ie3skSElEREVOMS5fX0VWRU5UVEFSR0VUfX0iIFJlY29yZGVkVmFsdWU9IiIgQ29ycmVsYXRpb25CaW5kaW5nPSIiIFVybEVuY29kZT0iVHJ1ZSIgLz4NCiAgICAgICAgPEZvcm1Qb3N0UGFyYW1ldGVyIE5hbWU9Il9fRVZFTlRBUkdVTUVOVCIgVmFsdWU9Int7JEhJRERFTjEuX19FVkVOVEFSR1VNRU5UfX0iIFJlY29yZGVkVmFsdWU9IiIgQ29ycmVsYXRpb25CaW5kaW5nPSIiIFVybEVuY29kZT0iVHJ1ZSIgLz4NCiAgICAgICAgPEZvcm1Qb3N0UGFyYW1ldGVyIE5hbWU9Il9fTEFTVEZPQ1VTIiBWYWx1ZT0ie3skSElEREVOMS5fX0xBU1RGT0NVU319IiBSZWNvcmRlZFZhbHVlPSIiIENvcnJlbGF0aW9uQmluZGluZz0iIiBVcmxFbmNvZGU9IlRydWUiIC8+DQogICAgICAgIDxGb3JtUG9zdFBhcmFtZXRlciBOYW1lPSJfX1ZTVEFURSIgVmFsdWU9Int7JEhJRERFTjEuX19WU1RBVEV9fSIgUmVjb3JkZWRWYWx1ZT0iQVIrTENBQUFBQUFBQkFEdFBGMTNFMGVXeGxoTnl4QU1HYXdrRXlJcjJjdzRISkRwcnBaa0M0WTVKellrUUFLeUxSUHlNVGsrc3RXeHRRaUp0ZVFFOW9FRHlSQStUY2hpdmdMNUlDRUpoQ0ZBU0lnREJQWWY3RDdNd3o3bnVHWHBhWDdBUHV4V2RYVjl0RlRka28wejhCQnpzTXYzM3FyN1VmZmV1bjFicnYrYjAvUjR2Y2ZmMzkrVnplUkhzdWxjci81dm82a1J2VHVieTNjbUJyZTlwTy9xNy9jOTZta2VlbnRUSXBWNWRqQ2ZWdFJudTRiMXdXM1BwOU1lSHdjT1BUczR2SzFyT0p2TjZUWjQyQUVlY1lDM084QTdIT0JSTVZ4VkhPQ3FBeHc0d0IzMFVoM2tWeDNrQkE3eUFJZDFnTk02RHZwcS9Qb1NoamY5YVhuZGdybFNjNk1jNit2S2J0K3hZZTI4V044NjlGT0s5YTFONUhYNG95KzFYVjhRNjR2bkUvblIzT2JFZG4wK2hHWHppVFJDUVBLK25aa05hMlZDQUFjdlpFZTJiNDQxdnBET3Z0T1Z5T2x3elNYTDY1NkMveHM5VXJ4N2ZlZExxa2RTRmFCRW81NW1vS2p0SzVYd1NsWGR6WWFlK1VCWnBTZ1Fza3BUUEpKeDRKdlNtUXZQTFhzanZpdVgxN2UzcmRVSFU5c1Q2UldCN2JuQjdFZzZOYkFpOElvK2trdGxNMnRDYlFyNnR5TFFOWnJPajQ3b2F6TDZhSDRFMFhhUERxUlRnOUJiKzdMYjlNeWFnZmIyUkhnd0hGR2pXa2hYT3FKemxiYXd4NGVsdzdJaGNaUXcvRVgxekFsN0ZsbS9Lb3FGMXN2MVVkczE0S2lQMm83MGdkKzFDTlZuZVFOa0dtRk0wUUpPVElFRFU5NklvWlVndEpzTklWTjFsUXAybysvdEhxbncyWVN4LzMzTVZCVm9HZ0loUmZQTTBTeW02RmVMcVdjaGdiUXA4QXRNU3dZbHVncWFBbjBQMXlZRHNNdWdDbVZRM1dWUW83dlprSE1tRlRwVGFjL2VxV3MvWXhtQVNBWTFpb3dQaUF4NEEzZ1oxSFlrZzZwVWthR0R5ZEFCWlFDbURCcjh6c3VndGlsQ0dUcVFIWGdaUWlJWmxPajBaTUIyVUd1V29jd09tbENHamlveXRETVoycUZQUmswWlFKa01RQmg5aUdtWkRLcElCaENxSWtPRXlSQXAyNHZDUjVlTks2ZmQ3QkJCTXFpY0RMVUZJd3c5Tm9TQjBJR0NFWDRIU2cyQm9BTEVsQVlDK3JWTWNWQTlHTFdWZ0JnZkRhZnBBQnFvTUg1RUdBaXV3UWhXcWlRaHdHRVl5cURDbkw1YkNaa3lHQitjTE53OGdHU0lDR1VBYWdqSkVPVms2QkRLNE9xRTdqSXdCM0NXQWRnZElGcURBd0IyQkFEekNGQ2luUEdwNGcycTJQb0Fud0hWTlhkTkFlNUNVTTNkaEppWjZncmpxdENnTDFNZEJyMllxVktUNXNBMUFidkx3UGJjV1lZWkthNTA3R1pETHR0cE5zVTFNVk9sb3piRnF3U2Ntd3hNY1djWlpxWjRoREdGS1ZidDRIZWMxanZpTkErVUNGL3ZjSXIveWt5Qm5XbU5tb1laMDNCNVdCT21qaEdsaEdlbzZ2MXluWm11TEc4cUljSVZtaGtWYzh5ZE85bzBJZFBhY2pkd1BjUGNaV0R1N0N6RHpOeFpZMHcxNmxtZ0xJRnBEcDZsMWFhNE5uTVorRGgya21GbWlnUEdGRXliS1NndmxXcGt5ZzRwUlMyTDQ2cXBXbEdkbU1yMWM1Sk5ua2I0aUFjUHNrZzRGR3J5K2Z6U1duMUhmc05hejM5NVdudkQ0WWlpdEs1QWd6QVpoTWhBSXdOQUJpb1pLTllnUkdoQ2hDWkVhRUtFUmlNb2phQTBnZ0tFS1NCTUFWa1FrRm1BekFKa2xrcG9WRUtqRXBTQ0IvRDdTNEFNVkRJZ0tHMExHZlJwWkFESVFDVURRaE1uTkhGQ0V5YzBjVUxUUzFDOUJOVkxVRDBSTWdpVFFZZ015TW85WkhvUG1kNURwbmVUNmQxa2VqZVozazJtZDVQcDNXUjZONWtlSXpReFFoTWpxTTBFdFptZ05wUHBtd2xOeFhZckZUdW91R3lCd09EVXF0UjBTb1hLU29Xb1pmS0lXTUNCLzlIWXlCRHF1YnljeXVYaE1KR0JYdjYvY210WDUzbzhvU3UyRVE4NmU1V05HMVU4Z0tXemJhZ1NQTENBaWtieGFFakdJV1VqUDZSanNKRWZrdFZpZEFtR1Z4amVIQk9HUUtVa2NNaEJOVHhVR1lGcUVYVEY0bFN6K0RvNnV6M09EK2tjSmM0UDZaaFN4MThrMHpSS2FnNEpxVXBKelNFWnQ0ZmkvSkNzdHA0cUdhYXJxWXB0eUk4QmtRY3dNUUVucGhibmgvelltaG5mUklCaEptZVlreE9OQ1pjT2xaS2dJWkc1aDI0aVpSZnZwVG96eVZSZXNraWNHeElHV2dlRm9pRVpSNWl0SXB5dHRsQmIwY1hNSWFGVjJHb0t0NXJLaktKeVJna3g2aEJISFdZT0VPWjJ0WjFacTUyelZwUlpLTXBaYUN2ZE16WE9ENm5IaGVMOGtLNGNqZk5Ec3RxcmxBWFRKTW8waWIvR1FqRE9EK2syTVZjUGNiSjNNSjkrblU1amdpa2h6dldZd2RVSUIrWmlpTEVPTVE5b1o4TU94VFpVVy8wTCs3c1RRL3FHSEdvSXY1d2RHdlkzVzRDZVVYMWtWencva3NvTW1YQUo5NTVKaGVCLzJxSjdmalNmZlg3SGp2U3VkZHNIOUNTQ2RlVnlYZWxFTGpma2I3Vm9VQnM3RC8vSEIwZXk2WFIzTnBmS3A3S1pXSWE4b0JqeU4rSWpIK1ZHejk4YnlvM0xieXNmQkpZU0ZadGw4dzR1MEhsSHRzV1lMZllVdTN1S1lvT0xaWHVNODhGV2xvNUU3czhISnhjdHZJZndTZHFXeDdsMHh5ZFAzcGY1NDhMdU0xd1ljQm5ObHVtNG9MYTVJZS9VL0hIREhSYlVsV2xVMFBDaFVVa1RDYzFhTktYUjlFZ1RNODMzOU9pZzV4VTlCdkY1U2M4WmVwUmFoNnQvUG5mMmVyNTRMS2VuOWNGOFlPMkdlTitHelYxOWdjRkVUZzhFM2huV000RllTR25ic3NNNm53T3BYQ0NUelFjeW8rbDBJRitKMXROd1htdHJRTThrQTRrY1FsTGNpbFFPelhvT1RTQ2cxdFpsRmhtQjhJdzFkOGFhRzJOTndGaXJaS3dKR1FOM3hzQ05NUkF3QnBXTWdaQ3g2czVZcldEOG5Ea2JUM2FkKzV5MXc0emtyWkhzOW9DK3ZuZFRmRzFuLzRhKzNyVnRieVFIc20rMnZXRVNwUDQ5Z2JJU2NwRTMwZm9qZXNDYXVJWm50TXdVQTZ1L2pOcEE1V3pBcVlkRWRGYXVRamRpUGRWdVBjYkVnWVdiQmQxMnJuTGpPSUhKeGtHUUM1RkFaSUVQQ1B4UkhCdm9DekZkbTMwblU4N1ZWSm96cUtrKzA5UWNZUTEvR1IvL1pYeFBhMkE1bzE3ZUdteWx2NkkzcE1nSUF1a3huY29SQ3ZUQlJFQkVwSlVSYVNLaVVCbFJpQ2NTV2NFVWVCcnVHd3VrOWJmeWdYL05waksxemdncGdTenlKaWhMYnphdGQyV1QrcHJXa05JYVNFQm40U1FPckluUjRiU1phQllUaldlaUVTYmE3REFCRmhQQU13R0VDWmdkSnFyRlJPV1pxSVNKT2p0TUxCNDhDNlhWWkNCYzMwcGFMT1BBSlBqYnMrVnZ6NWEvUFZ2KzltekpWL0tDb3Y3WGVMWmNCdXVucEQ0U0dOakZsN3RjQWNxVmhGeHRROHVOZ0g4ZUhKbmwrczBHV3krTmRVeUJyZkZtYThXeFppRnRIOUplSTIzZzBhWWpiVlhTSmgrWnpwcVhsSVkyT0duTGsvWlFhYk9RVEdldFU5cE1wZTFWMm5BbDAybXZrYlZwYVUrWE5pWUppclY3YVpNWTBVVGgxODZkQkVLSVdmK1lFRzhoeE5Gb0s5ZXo1QnFsckh0ZDJmTU9sYmRYV1JlY0VvZkxlN0dzdjA2YjhiUnhTN3Z5RkZYUjNHWGRmZHJ2cHpUMG5RQjlTNERlRy9pYlNBZEN6eWY2RWtPNUlWOTkvZHltcEc4Si9ON2txL2MzOTcrY0dock9kMlozZG83b2lXM3JNb21CdEo0Y1R2cnEzNEpVRGZWelRLcDVyNlJ5S1lnWVRpYnJQU2Frb1UvZm1mYzhYanh6WXVyWSs1TVRWLzV4NTBqeDh1R3BpMlBHM1gyLzdQa0swdjBCMGJVODRsbFF1RFpSdkg2c2RHaFA4ZndSQ0Y5bXdac21iOTB5RHAwdDN0aGZ1SFVNcmdOUlFZSXFudnltdE85dlUxOTlZQnk0TlBYMWh4QzFzc2tTQ1ltL0tKbjB6WGtyV2E4U29JU0FUVDdadjNCdElwOTRKWkVlMVY5STZlbWtwd0VWRGY1SEVCUUpqSUV5QXFLSzBqKy8vMm1FNnN5T1pwSkQvbmxVKzBYTkRZdUQ4QXVxVk5vN1VUaStILzJ5Q0lkWkVFcGN2SGdJU3V6RElSa3MzRGd4ZWZ0Q2FlOFB4dDF2RUJpN1VyQnc4MER4dTl1bC9SOFdQeG1ENE9hR09nbXZJT0Y1RXFaYnNueHV3eEQ4TWpYeW1HcTBMTVNDdHpReFdWc1dEYlVzUnBJdHJsRXltQWlDVXpkdVQvMXdmV3IvcDFQZm5pKzlkOUdIWTkraU03NDlXRGo2TlFRdnhYRWZMSHg1eFRoOEJzOHhEcnhmK09RWVFmWW93Y2xiRndxbmoyTms4ZUtWNHNVREJObEwrQlErdVZuNCtuQVI3dHFoOXlEeUNSeTFGckowOHZEVW1UdVRFM3NJcHE4TWMrc0lrWENMRWpTK0hqY3VuSVJTUSsreXdMVmIyb2RER0lFaHpEanh2bkY4TDFvRUI2c0Z4c3Bpc01iQWszZjJZdWw5T0RZdE1ETWhEa2V5OXRWTGhVKy9oT0RteGZ6bVF0TkwyTlFTTnEyRWpTaGhjMG5ZTUJLMmdvUlZ0anVGaEZXUXNNZ1NGbEhDSWtsWUJPZzNpNGZLdjB3bm1sZmRpZjU4bjA2MFdTVmdjNHRnakdJd0NFN2QvSzc0NDlVeXNCYWMvUGtjdExnZFhPbUpHQXdZMk5oM2tWSnJsb09XVHAyYnZQY3VCRmYzMjI0MWFGdzVYUmkveXlQcFRCQTBqbHcxOWgwUklpRzM4YXVUdDArWElaL0I1MThRTzVzeDhhN3gyZmZDK2VGZzhidnp4dFVqay9mT0Z5K2Vzb3hGa0pGZzZmT0xwWSsrZ1Zvams5aVFUckhtdzZkcUVQS0JpWlRPd1dBUUxKMUZBVkE0TjRaTVFaYlNnc1g5M3hpSEx2RUxVbVFvYU56OUFYcXd0U2wyWkRoby9IVEQrT0NhdGFDZFd5UlkrT0ZIRkorMk9VNTVBQ1BWWUdIL3dhbnhpendKblBrRVB1UFJqaGRPbmpGdVhiWmpoT25EaDZ1QVlHblBSOURWTUliSUZpZVdLQU5yUVNzUEVMQnpEbHFLNndia09kQS9lRHpSdEEvWW5LTU1xVm1tSzBOT0w3V2hhSVJWSGdKREdKeHVBb0FKd0RzOHZlUzNGRmN6SlBsaDZjYy9oMGdrTjY1d1NBcUVIdnZkQkVVNnAwMVU4VmpCVnpoNjBiajloVVdOK0VBWExSMzYwUVpHSFBDV0ZlK01HOWVPV21DWTBzeTl1WFhLUmgxRzFHZHZGeTlkeDB0aHNDaFRMOFYxRlJId3hQZkdzUU1zR0hHdFpTRlJTQjQrZ3owVEx5aks4VXR4TlVaTStPM25oUU0zV1dEaENvMGd4OUNDTmlRenBERnhnMGM2SEIxTGNWMUh4RDk2QU5yZnlndm1nbUZRSm9veE5nN3RaU0VaTit3WXRwbWg4bVhINzAxZE9Xa2h3MlZJTEpDRmpGQmthYzlkNDkyLzBjVGQvR2ZSUWJkWnhUOEEvcUh4cDE4TUEyTWFmeFoyNHduZEdOZHQ0VUw0UnhqL2lQQ25aZytlMElNbjlPQUpQWGhDRDU3UUUrSFAxMTQ4b1Jmd3AyMGNBK01XVU9PUDRENk02OE80UHEzc1hNYnhLT0VvckRpbFVXeEpPSXJZbVkzaVE4THhJR0gvbDdDL1M5aS8yYkd1WVVvTjhJZDhDQU5ERmxDako3K0VQVWJDdmlGaEw1RHdma3Q0WnlXOGg3QkcrSE5GalRDdEw3T2cwRWlkTFZ0MU5xd3RHdGtqTGF3d0hyRjFhbW1aVVY5Wlp2aHdQODVNYkREbUpuNmUrdmdMbUF5YTYrc2tqSUV5MTVkWHc0M3NvZG1aMmR4S1prL2lucC9GYk9QbzlvR3NNYllIYzN3Q2Q4MHNYSHpUT29wcG5ndGxNU2RLbUFhS05MZWl1R3BrVCsvT01qVlZ5dlE0YmoveU1nVTNxcEE1UmdBN0FoQkV6RDRqaG1iNGNMK1BxUkJjUjhFdjh1QVhLWGc5RDE1UHdadDQ4Q1lLN3VIQlBSVGN5NE43S1hnTEQ5NUN3VnQ1OEZZS2ZwVUh2MHJCci9IZzF5ajRkUjc4T2dJM045VkoySlQ0QjVDd21TUnNGQWtiUWNKS1MxaEpDU3NsWVNVa0xMU0VoWlN3VUJJV1FzSk00YzQzaVNMQ1M3eGdQdmVpeHRrTnRsYTZ3VE9rN3hzc25QaktPSElLbDNYOEhxdHQrRFVPYlJZN1V3YlZxUi8rK2d6cFVRZGg4UUVmeWF1c2lKclp6cFRtaWdIU1p4UFJ3WTFRVi9EcnhjWHJJVHB1dFJBcTNDNmZMcDM5cSt0cXFEWG5STWV0RmtheTNmdk11UEp4QlZXQU5FK0R4Uy92RlQ2KzY4b090ZnljNkJnNzFKOE9GazVlSzl5NDVyYWEyZEoyb2pOWEt5TUdqc1NBc2xZUjYvUHZHZWYrdzVXMWFySVcwM0dLSUxNWXB3OU8zYjNrdXBwcEZnYzZiclYydU5ya3hNSEN0UThycUV5blJDOVdrSXBUbDM5eWQwcnpEWXd6SlhOejlBNEVPWnM0SEFnSmNDUUJoRVJ6Sk5FQ3BPc2JOR0RaZVAyNjJNTlFkenVJZlA2THo5MU1hVGJCbmVpWUtkRmJHUGhVZWdxYXdIVzFkbk5qeEhSc05mVFNCajdHVEJpM3pybXRacjdiY2FKak5rZnZ1WUtGYTVEcVIvZGRORitJT1ZPYUsvNmgwM3BGaHJRUXhEa21WYmxGelF6b1JteXUreStrUCs5QVN2Y3RaRDVCb3VmRVBRNEVhQ3VLMTQ4WlJ6OTFNNTc1dnNHSmptNkYrYm9tV0RyeEkrcHBPSytHMytvNDBiSFYwSHNuMDVrRVhzbXRacjZlY3FMalZqTjkvQXY0NkgzS2RUV2M0Y1YwM0dySWJvV1A3eFV1SFhaZHpiU2JBeDFiRFpndS9PMjU0bW0zMHdlL3lYU2lNMWRyNmJSZW5RYmhjeDU4YUlWUFhqYnZJWGdneGdNc0RiSjc0Y3pWcWJ0SFhhVXg3ZTVBeCttbTRlT2tlUFNRNjJxYWRaeUk2TXFPRS93aTFKRVlVTmJtQWZEcFVkRmhUUWlBQTRGbENqTlQ3VHRvQ0k0R0ZJVG02ODZnTVhZS0hneWwvV01WTkN1WnpPYUxVUmRTWnJHUUdVVjN4d3JYM1dJU3YrMTBvbU9yb2JlZndjbGI0OFYzejd1dFpyNGtkYUxqVmpQenhla3JwYlA3WEZmRCtVSk1WNzZiNXF0cVIySzZteEd6cU5vLzVuNXE0RGZOVG5STUVmUktNMWc4ZkZ6RTg0K2QxdHQ5SzNMaGtWODQ5VUVGR1dCTXpZOEN1Rk56ck51eHp4UW1ycm9wMHQ1dU9ZeUlqbHN0aWxjenZ0L3J1bHJVV2sxRVJ3OFY4NTB1T2xSUXZUQldtUUE1Zis1UXJOUFpnWlJKaUQ1emdNcE80N3FydnVaSEU1em91TlZNNngwL0w4clBKa0ZVdGVyWG4wNjZzWXVxcEg0VjBKbnNURGRBTCtpRHFGQ0RpdTQ3V0RoZG1lbzROekRmNXJ0VG15czNiNjJUeVFPUGx6NzV5T1NKeFVzZlhXVHkwT0dsVHg4eWVYTHcwa2NJbVR3bHlLVE05OUo2WHlibHQ1Y1c3WFFFWkZKTmUybFpMWk9TMkV0clk1bVV2ektwWHIyMGpKVkpuVW9HZ0F3MG1WU1dNaWtOdmJSR2xFbDk1NldGbmt5S05DK3QxbVJTWjNscHdTV1RLc2xMeXlXWkZFTXlxWGhrVXJKNGFlMGlrN3JEU3dzUW1SUVBYbHBGeUtRQzhOSlNRQ2JIdUplZTV6STVpNzMwVUpiSnVVc0dRQ1pIcEplZWxUSTV1cnowd0tNaml6NFNWOG5BZ2xobU40OFBMejFIWkhJQWVPbEpJSk1zN3FYcFhDYloxVXR6TWgzaDVTUFdydUNzS1pQRUtKT2M1cVhKVFNZcHlVdHprMHp5aXBjbUdKbGtCaTlORVRLSmJTOE5jcG5Fc1V3QzBVc2pVaVp4NUtVQnRXVDUzSzMzMTk5emIveTFteS9jNjgxUEFxRFBDelQ2NS9lakczZlFIMHNrOHA0RnUrRFhYMVp1MnZTWGxjbWt2N0UvbmsrTTVNMGJlZXIrTTNYazdOLy9XL2JML2VzeVNRdlUyZEJ5NVg5a3VNU0dYSytlU01ZeTZWM0RrS0F2bTAzM3BYWjRnbStVYm45U09IN296WUR4NFIzamc4dUZVMThXenI3L2p6dEgzaWlkUFdQQ0N4UDdTbWN1R1B1K05yNzlDWDg0QVlrM3Aya1IrdW1mbDgwTXBsT0Qyenl2YjhtbjB2MWR3OXM2c3p2N3NrTkRhZDM4K0VJcW5jcnZlcTQxdnpPUHJ3M3ExSWRTbWY3QjRXME0yN29pVUk1UHB0NUdIeEY0ZmtSUHRDNWJuVXdtb1RrZ00wOHV2eXV0ZTFyZTFrZnlxY0ZFT3BoSXA0WXlxL0xaSGF2ZnBzdXRXczArUVRFekxlSE14bXdtT1pER21pM01ENmR5Ylcranp6ZXNhVzFkbllTYjRwUDhrbkE3dkJXN3NSNTl3c0cyR2V0UlB4TnVhOHVqOXNrdHY2TTcyTEtFN2x4TDgzQ0w3MzYzcWVVeHp5dTE3UStVMVdWM0VGYThOeTJQMTd3dExVOU1lejlhZmkvZWhaWW55MHk0bEpxOTVTbk8zbEYwbmRYaXVYVk52b2FXUlVQb0V5Z2I4dnIycnV4b0psLy9WSExPSWw4ZCtyZGd5Zks2T3R4ei81TXBhb1BmaS81UXFDdWJ6bzQwOXZzYitwK09kOWJMU1ovdkxXcGNLTnZpNFNTMkFvYmhUOVBNVVpOSi9Ha2YrQXYrQzJUdWppalRYczN2WkVlU3dRSDBDYUJWNW5kb3R6UlVyTUdhWmYzNVB2bjBENExnMlJBaVdaQjV4WnRuWXNhZVMwbnNVeVpSNGR4N3hTdlhJRVMySU9LN3A1S29vWW9KK0Z1MUlMalJBcU9ycitDdjg4bkNmOHdNNUhhc05sVkZobXhwN0c4SjFHb09JRFFIdUY5em9LdXhlSE5NSFQwY216cDY4RDdOd1YzS1pUZEhSR2lPdVpZNUxzekI5bGhTcnJ4V29UeDNpMVp0eXVPTGdhYnJDd3RLKzhiUWk5bHJCd3JuRDFTYW9PeFNMcHNKMkJWaGRoT29RaE0wVkROQlNHaUNhWVhEUDlzRTNBMWx0WmpBWTVuZ0t5Y1RoQ3ROd080UXE4MEUrR3FtV1RlQjdWbzBZVjVReS9JQ0VKcEFxbWFDaU5BRW9ZZkJCUHlOYURZVHNEdkJlQk9vYllyUUJQT3FtYUJkYUFMdG9UWUJ1eDJzRmhQSTFVelFJVFRCdEhMQnIyVUMvazQ2V3pwa3Q5UHhKZ0FPQjZTM1dqcU1DazB3dlJQQnZQOWs5azNBWDRsM0g0SFFXTVVFOVdaS0tiY0JlQ2lPQk5zTmZiWWpnZDNWVjh1Uk1MOUtKTlNybFZVaWQ1M2VBd3lGc2hzQzd5TWJMSmgyclZpdlZoYUwzRjFKTlJhTDVsMU0wNjZkalgwM0oyK2ZyTFJIMlUyQk5udXdPd041ZTBRYzdQRkkxYmdRVkl2czdxSmZNemY4RTdSZk9BTnZFSlNPRDk0YitOc1R5NHBHUVhTWTk2OEpEZEpVMVIzRVplTURkb2ZaVW4vUkRQeEJYRVErWUgvZzc1UVVGQTdsMlJJNDJHTnhWWGNRMTQ4UDJCMW1TZnRIWitBTjRtTHl3WHFEN2FKTllSbHA3N05vRHZiNFhWVnZFTmVSRDlZYlprdjdKZFAzQmlDcUthZnJEVFBydXJuWWc3K00xR2FQRG9mb0VEOVVOTS9BSHVMNmNscis4ZERhd3pjRGU4eEdaVG5yOXVCdmNMMmZ3L1N4R1Joa0Zvck5oOWNnajgvQUlBOWp0V203NmJiU0lPYWR0M3pFZExScFFuczhVZTA4QVE5anNUbGIydjkrQnQ3d01OYWF0dXQvQmZtenZFbWxPZVRQSjZ0Nnc4TllhODZXOWt1cmFpK3VMQit3OXZ3dHpQZWgvVk5WdFg4b0swditPdWlhS2dmeHVlQTNJUXZReFFxclRiV2h5RWxUcDBlU3FkeU9kR0xYcWt3Mm82OU8vajlWZk5POTVHb0FBQT09IiBDb3JyZWxhdGlvbkJpbmRpbmc9IiIgVXJsRW5jb2RlPSJUcnVlIiAvPg0KICAgICAgICA8Rm9ybVBvc3RQYXJhbWV0ZXIgTmFtZT0iX19WSUVXU1RBVEUiIFZhbHVlPSJ7eyRISURERU4xLl9fVklFV1NUQVRFfX0iIFJlY29yZGVkVmFsdWU9IiIgQ29ycmVsYXRpb25CaW5kaW5nPSIiIFVybEVuY29kZT0iVHJ1ZSIgLz4NCiAgICAgICAgPEZvcm1Qb3N0UGFyYW1ldGVyIE5hbWU9Il9fU0NST0xMUE9TSVRJT05YIiBWYWx1ZT0ie3skSElEREVOMS5fX1NDUk9MTFBPU0lUSU9OWH19IiBSZWNvcmRlZFZhbHVlPSIwIiBDb3JyZWxhdGlvbkJpbmRpbmc9IiIgVXJsRW5jb2RlPSJUcnVlIiAvPg0KICAgICAgICA8Rm9ybVBvc3RQYXJhbWV0ZXIgTmFtZT0iX19TQ1JPTExQT1NJVElPTlkiIFZhbHVlPSJ7eyRISURERU4xLl9fU0NST0xMUE9TSVRJT05ZfX0iIFJlY29yZGVkVmFsdWU9IjAiIENvcnJlbGF0aW9uQmluZGluZz0iIiBVcmxFbmNvZGU9IlRydWUiIC8+DQogICAgICAgIDxGb3JtUG9zdFBhcmFtZXRlciBOYW1lPSJfX1ZJRVdTVEFURUVOQ1JZUFRFRCIgVmFsdWU9Int7JEhJRERFTjEuX19WSUVXU1RBVEVFTkNSWVBURUR9fSIgUmVjb3JkZWRWYWx1ZT0iIiBDb3JyZWxhdGlvbkJpbmRpbmc9IiIgVXJsRW5jb2RlPSJUcnVlIiAvPg0KICAgICAgICA8Rm9ybVBvc3RQYXJhbWV0ZXIgTmFtZT0iX19FVkVOVFZBTElEQVRJT04iIFZhbHVlPSJ7eyRISURERU4xLl9fRVZFTlRWQUxJREFUSU9OfX0iIFJlY29yZGVkVmFsdWU9IllySjdCNDQ2ZVlsejJMTHpIaVgrQmNjN2ZSc0JCenlRazN4eDJhMVJ1dU1nTUZ1bmExQSt5aUJLNGRNbmwwT21OT3NTdjZlMUJVK05yU05JMjhtSkxOcVU5cXBOQzhqUG9IenBWU1NCNi9nQWs2WEFFZllnM3Z1a0Nycm92TjdwZHZZM2ZERXJvNXdaSFpaMnZvL3RwbnNRT0ZZZEdrR1l3RDRwRE5ZSDRTakN4cHVXakhxVTdYUmdzcFNENWhYV3QzTFVUN0lxb2JnUEtCWG8rZVVqdEwvUjZYWDREc0RHNkdMc3pURmdLcWNlc1UvTHYzM2hYK2lPOVc5aFVvUVlEejZlZGJXazRuOHYrdEY1cFd5ZE96ckVSUUxXbTBXSUlzbnB2M3crNGFWeUU0ckcrTmhMU2RHRlZ6WHZNdjQ4TTdmVzhZa20rbW5TMWlSbk1CS3pyeWFFdHlqUFYrdExNUWFMQTg1ZkxaWE9mOWxtcktQNlUwOVo5QmFIVkswV1lFSTdFV3ZWN3FXTzdIZEVkZTdUR2dhczZDd2lRWmhUQlZaOHZLY25nenJ6T2NybDlWbDNDVmxqamJjL1pIcCtGaDVrVm1XZGtDTjdpSHZkamdSaTJPQXBDaXFHYUFtOHc3TmJBQmlpaXZUMEF3Ym5ERzZGb1BnZ3JMVmdibjdJN3Y3ckF6ZTc3czBHTERzdmg4cTRQWDR6SFlpcjNRS2s1bmxCYlMwOW9VdkFmdkt2YVVlZzY1OURJSmZMcFdvTmtIVDErdzdDaFYrY2ZCWGZISStZK1lDSVpIeE1WMnlHc1NQUkkwTnZINENtaUZyZ21jQkJidXM2Vm1uN0xIdHlPc2MrWnREbE1Cd1F2SzJrTnBGWFVNRUgzcVEzRUdsQTBxVzBvZGpEb1p2OGZRZjFaVHJkSG1FRWM2UXpaYnAzSk5XcUZkV3BTTzVram9BM3pLd2d6SEw0TGV0N2hUWTBpZ2NYV0YyZmozQ3VPZEdHQXRIWmpiM1JRSHdRenVBZVhZc0JvdytMWDhFaXJYc3l3UnNZZ2JBY3FkZm1SNjg3M3gzNGpFWUpRQzFHNlc0VFNxaDRwbG9hdHBlWUEzWWtOZktLWDU1TkY3WGJDSnNuM0FKK1Vnd0xHVU5LaTkvWHBvYWNBMy96cXZ1ZjNHblVOY1NERWdmbHB2NGlkVVg5TnhaSzZ2UzBQQit6Y1ZkeXZuVE90a082aXpHUW1xNDg0UkdBa01vUmxuWm1XS0htNWlRdkN3Wkdrem1YQVRXZllGUDVkNTFyMlYzMFQ4VmRKWkxXVk1kMDNia2RHL25XRmhkV3NMM25SUjZXSkRvYTQwRFpLWkJnb0ZjNzB2NHFrMjhXYkxGSXJjTjY4UFFOMVNKQXN5WlZkL3BBYmxURkZvN2Y0ZnFES2dXRG01d2xYR05qY0RSdFZMOG1xMEhPSmVpNUtsOTJDYkdmOTVWMTJHTnorLzg3OUVraGk2YUZjaTF1REFiVjRFdFpVVHZjbEFIdW1KTXJ0SUk4YlllUmloU3QwSDdWZWduYUc2K055ZFBkNnNrSmU0NkpyaCtVY25lNGFzcGRYOGFBaGEwV2xadUhiYmtaL0pCS2VVMzFDdXBmakFJVVpJN1FxS3N5UWZjZEN2RDJPOVVCUmJKOWJJVWJqT1BML05EVUNDVEw3dGlBc2ZJNDIrWFZVZWJEaTRsVXVXVkVVUjVEbVRYRGNDK3ZrUUVpUmd1VG9MMWN0TjF5QUo4YnpDbkdDc01ZbDR3UThWOG00UXEwdmdNVHdlUWlNQUFMd1gyQzNPVXFybUx1bmp3TGlSYlovUEVHVldNaWJsdGNCNWVQV0QzWk5VRHptSFVjdWxBTTg4VUNZR3RUQUhteTErS0NjN0JWQU5maWU2T3kxVGtiYTNuNGJnSlIreUxtbFdLcU5FMlEvbnRpVVduemxZbjl0Ni9yNzZPRG5lNEhrQUhkdmxoMjF1K2dhTFFjd3JkNWRpRXBFVUhjczNLMjh4SXArU2tnK0k0ZyttNXdhNmdMWEg5ZW1pOXQwM29ZamJ1alN1amVsWDRoa2dndDE3alRRZ0w5ek4xTzFKQitIanlDdG1wQldRMmFWYjNYOVpCVWhVaFVITHNiYTJiODVJY0ZkdW53aFBoQ1I3em5ubG4zYVhueWNBdWlGZTlIMjFqdzIxWG9HaFpMWVRYNkRQelhDdWZGMWU0MXZpcjZGMXlxRndNN0JmM21jbU50YnNVa1FEYmpIZzdNWU4zUVdkU3Z0UUdRNEkzdkJFNnQvbVNVK0l0UGZFYzZvTXFXck9qQjI3cEVib3FwNTB1eFQ2SkZodHBkMFNveFlUL0lBVFg4WEEvWmlPM2drRktDRUtNOHNUYld1Z2ZNWU9RbUlhMERQL3JyTHU2NjFteUlzbU9KZDZOTnNmWkNIMFlkdG9qZUpRRDk2ZklFMzBaeUhxWGlzc1RWTlJIc0FuOGtoRG1zVWh1NllXc25iTURpSHBuR0FSUzJHT01qL01HWnM2Nk9zUWxwdGtOYmdzSHl5RVRoK2M1UVdyMTQ1NS9ERmxmaFFHZlptRnJNTmJLQi8xNXBrMEdOUThrNk5BNmdVMDNTalBlV0gxYnFUcmloby9lTm9IUUhjZE5LakdxeDB1WEFKVmtzQmZvMU5oVmJrUW1UMUpuWlRoaXBYQ3A5MW4ySmJyVlVxM1o0NHRrVXJFMHdqZGU0VWNQaVByaEZLbWFEVTROb3lXTVlRZmkxUDFwZmR4MkJ3RVFsQWI1KzMwR3JrQ2VSZll5MS9QQXVOTGN6UC9pY0tNenZpVy9iUVJWN2lMZUhBU2p5VXYyWjl0MUkwWVJjT3A4OVBXOE5CUGprV2pOeDd3TThXa3lxcmg3VENpak82WGpFNCtLR1pPc0hDdTEycEorYVd5STJ5cXh5S1B0LzhhMXRKNlRHZ3lwNmpiNlQ3QzFqcW1UcVlqdkE0cUNVa3lCU0ZrTWppMnRvT0tqUUlHMFBqSUh2SWFkdHdDQk1xR3lSNXlyeDVDLzVLUzlMd3gzeDlWV1hXZkZkQStYa2VtVU0rWWVpQzJrN1Nwek1zMU5MTkFsOHVvMDlERE1PejZLdEN6a3Y3MWhqNzNWNXdWdnZqWnhqbENoeVJQYWxrK1g4YnRxTHAvZGFldHBVblpHRDZDNFBjYXFuT3NkSkZOQXhqYmZWVVZON1FyanA1b2FzaVg1aE9FZ1lFbDF2WXh1Qi9NVHNzMjVoZUszSXVJWGtKTTJIdE50eEVYTm4zTGhIRUt5cjN6R0RGRnJ1eTJoZ25wZzEyamU5cTh6N21QRDlIbzlMNk5sSjZhQVpGSzRIN1lGWVJub3orZEpYZUUxRHpnd3Q4NzF1ZzdlNUlvL3dKYTQ4TjJYaTd0eUlEeWd5dXgyY09xaDhGVzlFL08zNVBNS004T2hHclg1S3hibjk0SHpyamxtanBnYStvWTdkRGRBSCt3eXpMMVFTVzZodmdHUFZXTklPT2ZGQ3V2RXpwT2N4bnZtS0JWWTc5U2xIc3RRRlA1ZU45SEo1aUtXTjJNekNuZm5XTkR1T29Qa1IyKyttOFU1K0Q1TkdXaWM3THdERkR5SC9YYmRQbWZhQ28raGlmRy9YaXFUajNvWHhlNTJhaG1wM0I2VWdLSTRoUTZ4YmtUZzhIMlRaYzVMUFRnbnVydk5uRXhHRWptSkRSb0lGRHFxNnd0ekJWcXFCelNLRkh1aTRKa2YyaWFOck8rNCsxb1VMTE80ZnVycnRWeVN3Q2RzL1QxTDYvMnlvaTJqTWtUbDN2QmZ4bFZlWVQ0RkxhbnZvMndiSnRZeWdmOHpkQWVDdlJJY2UzelNmdFhHM2VmL2pRL241MGJIV1g1c0QvaWJRY2JWZlFnZUwrUjg5azBoeSsvQ0F6eWNiR2MyRGh6K1lUMlZIK1VKam41eFluWHBHczc4dDlUb2xaOEQwbnhMRFZ5NGRiYWtTaCt0RGprTnh6aTE1YW0rU1Rsa2JPT3UwNlJGUHhmWDdJM29jR1FrNVFsMk1GWFM5YUZpcXZMd0IvOWx4SmlpUWhCdzNuNkVQZjRRbkRKVWVWYVBiTWxpUjNpTDN5b002RU5GY3ZTNHRvMVJtVFdyK2g4Sm9ZWjZVZlljKzdHTzBXYUM1eFdxNHJTdDZRSGUwQzF1MUNaNHVYMmxsV2g0d0ljS1FpVzlES3hlL2krTjgrNDVJM1kxWm45bUt0eGZyT1l1L0FZU0RtTnliRlhsZFg4YjRrUnBBaGxjYWJVLzd4V1hLWHRnZWYwalBlMjd5cExwd3Z4L2RjSzZtNzh5WHlwWHRvRzIvMGhPd3VvU0ovOHdqMEtQK0I0ZmQxeVMwQlZRamtJYkhVYWYzZVVKRHJHOUJCbGNQMXpWeHBtTWlTYnRla1lyU0RvRmpxbGs0cUUrYVRrbE96dHZuM3dEdzB4SGdCdWxwTnNiNE8vaTU0V0J1Nm41dG90bXhVOWRvYlQ5L2NWNDYrd3JrQ2ZxYUJEWWVsS2Vzc05Tb0taQi9aUGJSd3VHK2lKWUo3Zkgwd3hocGJyUzNxR3crV3Q4ck5DSXBNYi9vekV5OHI2TjRaV1ArSVJQLzVIbWFEMDBFc3VZU2Q2UmVReEVpSDIraTVLY2R0a2hiek83N2NiUFJYazUrWTBjL2tqUUJrY00yTEZwV1I0Yi9icFBSaUJWTUllUGM3cGhlUzREQTZHZmRlaGNCbisvcTB1OEdYOThZVGFLRUdVeUEyZjFPWWhIaDhJbXIwT05DNEhZVk5CVUVLUHVOUzhNcC9nbFlBTmcyV0k2cHdPeUFRaUpTWTdmdmphbytmejN5RHYxZ0dneUpSQ01RY0phNklPOWxldklJZXk4V1V1b1hSTEltcm8yR3NsekhoNllQVlNqSXJHamVMQU83cURpWVM3bGRVaDV2SUVYWk1mOGNNcU05RlJiT1hQN210bjNBVGxVL2JGOEUzQlVMNW8yeWRPTWtSUzdaWGlqZHI0RGgyQ0pVekRmYXNJRVQ4NjNKLzZ3R3BTWjZjV1dPaCt6QXlLR1FiRXlCOFNTcUZpb1FmNXE2bmMvbkVkTEtuTitRbHI2eWpudiszOEdUT0hha1F4WTVXcHp4UGhsbnpXWTlZYSs1RGduMTNrRzdVNEN5S0FKR0JXVzk2NlcxWnVudTlQR09vZnhIRWd3ZkxjVWhvRVFKMkkyYmxoNGc1SHZiL0puQmJrQ1lXUG96U2E4Q2pHT1M5eDFwQ0drSjYvci91UTRQMnBpTncxdUJBQmdmL2wyVDlsSnlMQWYzOHV3dVY4YThHSVlTM0k0Mno1aHBpMmNwbFU1aDlQY3d1T283UEVmVWdOSFVNQTQvZ3ZiaVlZZWhwZTJJL1QxMlFNM3NsM2FLVnBXU3J2VjFGZi9IWmJaMW0zR3JHTzlOY0xOTGdCK3NwcWdIWEFJYUkyOUhidmo3NGNWa1dOZE5LQ09MdFFaR1Iwc252aHJLNWh3aTlYb21seFhIL25qY2pURitFUHBjMWFZMGl0R05VVk5aQzFUbnN5TGtwV2xmR2pIenlQL09qdXdyZjBuanZCeWpEcTd2NlJXRnh6Wkd6VGZhWnRtMG1PbkhCZ3Y0eUZ0blMvYXFQcDVxN2VRYjZlU01zakRYTWxkd1k4eElQNjdQOUcveGduUTR3dDNnb282L2pVZ2NncmlyVjljbi91Q29yZCsrcjJvN2pxZmlJVEV0Rm0rekdWTXlBREIzM21mcUpqSGFxdnlPOFVLWGpiemlqcnBNaTVDMDFhNUxZVWU1a0lxWjRtTlJSdkJhRFFiSndjT29idnJ5OXgwTDllVm1pUXpWQVRTZVJTQTI1YlpEaFd2NjZZc2xRTWkya1hOTWNjbSsyUVB3L1ZOMFA5dGw5ODkrdk1rd2ZtVklSUFRzRmJneXBIUklCZmdaRXdxMU9jRGc3amovMitWYmYyQ2k0Z1FGMElCKzdIcmIrR1NPQktKVjlOSUVtYmJPbjUzMFBWVmpzZ1NXUmExOTBhVWl2aVpVSHdVcXlIMmdvdkdzZG9GMENpWEJ4Q2l5SWhkOTBuMEpmckNBU3JHNkFnZWhpOVhoMHdhR2J0Wk12aGNjeTMzZ3ZPOWZ5elU3eXJ0ZS9YSTdHVkw5YUNnRHBOakhrWk5QVlYxbDBFU0grdkFudUlaL2VTODRINnFPTmd3dW5xUFdnTHlmempLYzlOUmVpNVpXeFc3ZjJaUUk0cWhZU05ac29rdUV5L0kvZndUeS84M29rdU85RHpkb0hyWFo3Wm43UVR4UXNVK2JNbElaUDZwKytGVE83MGVFZ0hFMjlZN0J0cnlYWlRjOU5UTW5JR1cwRGwxb2ZVcTYxTHk1eUJaYWoyV0w4a2RWQjV3aTVXYVk4MGgydFdLQTJhUmdDU0d5MStqZU1WQzBTYTZTTWJLelpWMlRFRmVpQUtIQisrRElaeGlzY1ltM3I1cWZKWHhwUHNXblAzSXpockxlb3l1MFRaRWEyckxzS25RQzMybCtsMHQ4ZFVQV1R6TFlaTlFpZ3hEbXlGTnNHK29EdTNYKzNkck1ReXVoS3N5V01oT0FZeGhXaE9RT29PeEp0WThzR28rVEhSVHRNOWlVZ2FROTIxL01aeUdDNUVXRnR0SjRuQ3pHZkVHVXJQbjQ2MldkMFF6MnZKeEtibGM0eHh2V0lQSkVpQ21ubEtEbmZMYlBFKzBEektvbGs3VEx2Uk5YV2FIcGtERzJ4RDFtaUhCS2ZiZEZEbXFLT2MrNExyWllic29RdVc0RkdaWWg1bW1uTktuL25LbTkzMi8zOWhNdzZyTTh1bHNzdEk0SWJIeVFhTVYvaml5b1ZYNjZHbExGeG1OOUlWZGxkQmhaS3I5QTZWU09jZDJtbXdXb1NCTVdTWHRIZWFQNTZSaVBJYlNYcmdMYXJPSHVSRUxqb0JYZmRCZ2ZZNTJVc0NWYVhuZ01QSEdrczZhUmRjdkFsTjZnRHdKNTU4SGIzbi9xTzBJbTRnSnoxeHR1dmZZS0l5UkV2VW9uc2xKSUxsQlJjNmN0bFk0UGtDL0lJUUE0eTBnbTlPeXVzMVdUb0pQbHJPSlQ1SkZxbndoQkJ5V1ZKVTYvZi9xRGFMNERsWkZUaEtVRGJBVXRteno1T0ZlTzk4SWMxRHl3aUpkWDZwYnp5RXZQa1lxZXFKWEtPbjBtYlA1Q2p4UEJoVHZ5RFBEZEJtaFFZdTZNU2h6SzY1L281QlA1dUg4d3Y3WC9MWGw4T1REOUlmUzZ6RDlUQXozS3dqOSszSFJacER0SUhnZm5TdnJvcHVUdER6QjMrOG9JYzg4R2F2WVdDdS9FRFJUVkluTlovdWhOSnpURnZNVmhDcVR0OTkrZzZyR2FMMmdmMnlhVkcwWE54S0RqYzNxckQrWGVFNnVTSGtTcU4zcHdtamNSWENRUThuNCt5Ukp4VE91cWc5WmhpTzhtUFVXaERPN0VoNnFnNitWWFVBYW5UM2dZL0crRXZqbHpGT1RTaTlpVGhubTFtUjJFQlhGdXAwZ3hBUUFsejZNRVB1dEt2Nkp4MW9xWWVYMlhuSHZhS01rbCtRU1VvMTQ5a04xQkorbjVqU1NqcDZENmlSUk1uYjdIeXpSM1N6dnNXWlUzaUhlanZPUURSMnc5MWlvNUU3djJMYzlydXVFdkd3SnRRNHo1ZVBxSWZWeUZvUkttOXBuU0grU3ZsVHVJYk9EYnB0dkpSS3l5SE5IZW1va1JRYThqT0JGejBHRHRIVExvZklXQTZPMm8zVFJyS2N4dzNWQjgvdVlsVkVGREhFaXltTjlZaVNBYjllOFZVb3pvWFRWWUYzMVRqUHc4dHVQZ2x5Yy91V3JoaXRzQnRKVHZjT3F0ZFV2RmdMRDhSbTlKNmV0T2tCTkVId01lS3B4RGJtVVBPaGtzZjd3UjQwcnA3VitmR0s3alpmM0MyRWZXVnl1UllxMlcwK1R2NnZ4QzY1QkRXbzNDVXk5ZDk0dWd5R2MwbjkzSjFwMitGRkxHWElpd0lCQ2FqcU9UMFBsZDJqcFlyVFNZVEliU3dzQkprVE4vRkVHeGtIMmRkZXlob3hCTXNxZDAya2ZlNHlNTHluZEh3V0hvUEhtQytTZDBVQ24zcGlCSXJiMjdkR1FUS3B3QVhNYXVONi82cWFhNllPNWdhZWhGQzZjWWJCRVhlN0JQV2xNb09CWnRTWWg3T1MwWGF6UmRQUFNpNGUyN2Y4bStjQWdiNVlJbHlUSTVEQkNrMnVWa21SSXJraDBjVVJuV1IwY0FWdlpuYk9XME1PU3doZ3Y2c25MKy9yNDBmbDBxaXQvZ2FBPT0iIENvcnJlbGF0aW9uQmluZGluZz0iIiBVcmxFbmNvZGU9IlRydWUiIC8+DQogICAgICAgIDxGb3JtUG9zdFBhcmFtZXRlciBOYW1lPSJTY3JlZW5XaWR0aCIgVmFsdWU9Int7JEhJRERFTjEuU2NyZWVuV2lkdGh9fSIgUmVjb3JkZWRWYWx1ZT0iIiBDb3JyZWxhdGlvbkJpbmRpbmc9IiIgVXJsRW5jb2RlPSJUcnVlIiAvPg0KICAgICAgICA8Rm9ybVBvc3RQYXJhbWV0ZXIgTmFtZT0iU2NyZWVuSGVpZ2h0IiBWYWx1ZT0ie3skSElEREVOMS5TY3JlZW5IZWlnaHR9fSIgUmVjb3JkZWRWYWx1ZT0iIiBDb3JyZWxhdGlvbkJpbmRpbmc9IiIgVXJsRW5jb2RlPSJUcnVlIiAvPg0KICAgICAgICA8Rm9ybVBvc3RQYXJhbWV0ZXIgTmFtZT0iYnRuUXVlcnkiIFZhbHVlPSLmn6XoqaIiIFJlY29yZGVkVmFsdWU9IuafpeipoiIgQ29ycmVsYXRpb25CaW5kaW5nPSJ7e0Zvcm1Qb3N0UGFyYW01LmJ0blF1ZXJ5fX0iIFVybEVuY29kZT0iVHJ1ZSIgLz4NCiAgICAgICAgPEZvcm1Qb3N0UGFyYW1ldGVyIE5hbWU9ImRkbE9yZ0FuZEZsb3ciIFZhbHVlPSIiIFJlY29yZGVkVmFsdWU9IiIgQ29ycmVsYXRpb25CaW5kaW5nPSIiIFVybEVuY29kZT0iVHJ1ZSIgLz4NCiAgICAgICAgPEZvcm1Qb3N0UGFyYW1ldGVyIE5hbWU9ImRkbFF1ZXJ5Q29uZGl0aW9ucyIgVmFsdWU9IjAiIFJlY29yZGVkVmFsdWU9IjAiIENvcnJlbGF0aW9uQmluZGluZz0ie3tGb3JtUG9zdFBhcmFtNy5kZGxRdWVyeUNvbmRpdGlvbnN9fSIgVXJsRW5jb2RlPSJUcnVlIiAvPg0KICAgICAgICA8Rm9ybVBvc3RQYXJhbWV0ZXIgTmFtZT0idHh0T1RFbXBJRCIgVmFsdWU9IjEwMjA5OSIgUmVjb3JkZWRWYWx1ZT0iMTAyMDk5IiBDb3JyZWxhdGlvbkJpbmRpbmc9Int7Rm9ybVBvc3RQYXJhbTYudHh0T1RFbXBJRH19IiBVcmxFbmNvZGU9IlRydWUiIC8+DQogICAgICAgIDxGb3JtUG9zdFBhcmFtZXRlciBOYW1lPSJ0eHRPVEVtcE5hbWUiIFZhbHVlPSIiIFJlY29yZGVkVmFsdWU9IiIgQ29ycmVsYXRpb25CaW5kaW5nPSIiIFVybEVuY29kZT0iVHJ1ZSIgLz4NCiAgICAgICAgPEZvcm1Qb3N0UGFyYW1ldGVyIE5hbWU9InR4dE9URm9ybU5PIiBWYWx1ZT0iIiBSZWNvcmRlZFZhbHVlPSIiIENvcnJlbGF0aW9uQmluZGluZz0iIiBVcmxFbmNvZGU9IlRydWUiIC8+DQogICAgICAgIDxGb3JtUG9zdFBhcmFtZXRlciBOYW1lPSJkZGxPVFN0YXR1cyIgVmFsdWU9IjIiIFJlY29yZGVkVmFsdWU9IjIiIENvcnJlbGF0aW9uQmluZGluZz0ie3tGb3JtUG9zdFBhcmFtOC5kZGxPVFN0YXR1c319IiBVcmxFbmNvZGU9IlRydWUiIC8+DQogICAgICAgIDxGb3JtUG9zdFBhcmFtZXRlciBOYW1lPSJ0eHRPVERhdGVCZWdpbiR0eHREYXRlIiBWYWx1ZT0iIiBSZWNvcmRlZFZhbHVlPSIiIENvcnJlbGF0aW9uQmluZGluZz0iIiBVcmxFbmNvZGU9IlRydWUiIC8+DQogICAgICAgIDxGb3JtUG9zdFBhcmFtZXRlciBOYW1lPSJ0eHRPVERhdGVFbmQkdHh0RGF0ZSIgVmFsdWU9IiIgUmVjb3JkZWRWYWx1ZT0iIiBDb3JyZWxhdGlvbkJpbmRpbmc9IiIgVXJsRW5jb2RlPSJUcnVlIiAvPg0KICAgICAgICA8Rm9ybVBvc3RQYXJhbWV0ZXIgTmFtZT0idWNNb2RhbFBvcHVwMSRDbGllbnRXaWR0aCIgVmFsdWU9Int7JEhJRERFTjEudWNNb2RhbFBvcHVwMSRDbGllbnRXaWR0aH19IiBSZWNvcmRlZFZhbHVlPSIwIiBDb3JyZWxhdGlvbkJpbmRpbmc9IiIgVXJsRW5jb2RlPSJUcnVlIiAvPg0KICAgICAgICA8Rm9ybVBvc3RQYXJhbWV0ZXIgTmFtZT0idWNNb2RhbFBvcHVwMSRDbGllbnRIZWlnaHQiIFZhbHVlPSJ7eyRISURERU4xLnVjTW9kYWxQb3B1cDEkQ2xpZW50SGVpZ2h0fX0iIFJlY29yZGVkVmFsdWU9IjAiIENvcnJlbGF0aW9uQmluZGluZz0iIiBVcmxFbmNvZGU9IlRydWUiIC8+DQogICAgICA8L0Zvcm1Qb3N0SHR0cEJvZHk+DQogICAgPC9SZXF1ZXN0Pg0KICAgIDxSZXF1ZXN0IE1ldGhvZD0iUE9TVCIgR3VpZD0iZDkzMGExYTAtNDk2ZS00NDYxLWEwYmYtMGE0MDQ4ZTI0OTkzIiBWZXJzaW9uPSIxLjEiIFVybD0iaHR0cDovLzEwLjExLjM2LjExNDo4MDA3L092ZXJUaW1lL092ZXJ0aW1lUHJlT3JkZXIuYXNweCIgVGhpbmtUaW1lPSIwIiBUaW1lb3V0PSIzMDAiIFBhcnNlRGVwZW5kZW50UmVxdWVzdHM9IlRydWUiIEZvbGxvd1JlZGlyZWN0cz0iVHJ1ZSIgUmVjb3JkUmVzdWx0PSJUcnVlIiBDYWNoZT0iRmFsc2UiIFJlc3BvbnNlVGltZUdvYWw9IjAiIEVuY29kaW5nPSJ1dGYtOCIgRXhwZWN0ZWRIdHRwU3RhdHVzQ29kZT0iMCIgRXhwZWN0ZWRSZXNwb25zZVVybD0iIiBSZXBvcnRpbmdOYW1lPSIiIElnbm9yZUh0dHBTdGF0dXNDb2RlPSJGYWxzZSI+DQogICAgICA8Rm9ybVBvc3RIdHRwQm9keT4NCiAgICAgICAgPEZvcm1Qb3N0UGFyYW1ldGVyIE5hbWU9IlRvb2xraXRTY3JpcHRNYW5hZ2VyMV9IaWRkZW5GaWVsZCIgVmFsdWU9Ijs7QWpheENvbnRyb2xUb29sa2l0LCBWZXJzaW9uPTQuMS43LjYwNywgQ3VsdHVyZT1uZXV0cmFsLCBQdWJsaWNLZXlUb2tlbj0yOGYwMWIwZTg0YjZkNTNlOnpoLUhhbnQ6N2I5NWVkMWEtNmEzZi00MWRkLWJjNWItNjNmMzllZGJjNGI0OmRlMWZlYWIyOmZjZjBlOTkzOmYyYzhlNzA4OjcyMGE1MmJmOmY5Y2VjOWJjOjU4OWVhYTMwOjY5ODEyOWNmOmZiOWI0YzU3OmNjYjk2Y2Y5OmE2N2MyNzAwOjg2MTNhZWE3OjMyMDJhNWEyOmFiMDllM2ZlOjg3MTA0YjdjOmJlNmZiMjk4IiBSZWNvcmRlZFZhbHVlPSI7O0FqYXhDb250cm9sVG9vbGtpdCwgVmVyc2lvbj00LjEuNy42MDcsIEN1bHR1cmU9bmV1dHJhbCwgUHVibGljS2V5VG9rZW49MjhmMDFiMGU4NGI2ZDUzZTp6aC1IYW50OjdiOTVlZDFhLTZhM2YtNDFkZC1iYzViLTYzZjM5ZWRiYzRiNDpkZTFmZWFiMjpmY2YwZTk5MzpmMmM4ZTcwODo3MjBhNTJiZjpmOWNlYzliYzo1ODllYWEzMDo2OTgxMjljZjpmYjliNGM1NzpjY2I5NmNmOTphNjdjMjcwMDo4NjEzYWVhNzozMjAyYTVhMjphYjA5ZTNmZTo4NzEwNGI3YzpiZTZmYjI5OCIgQ29ycmVsYXRpb25CaW5kaW5nPSIiIFVybEVuY29kZT0iVHJ1ZSIgLz4NCiAgICAgICAgPEZvcm1Qb3N0UGFyYW1ldGVyIE5hbWU9Il9fRVZFTlRUQVJHRVQiIFZhbHVlPSJ7eyRISURERU4xLl9fRVZFTlRUQVJHRVR9fSIgUmVjb3JkZWRWYWx1ZT0iIiBDb3JyZWxhdGlvbkJpbmRpbmc9IiIgVXJsRW5jb2RlPSJUcnVlIiAvPg0KICAgICAgICA8Rm9ybVBvc3RQYXJhbWV0ZXIgTmFtZT0iX19FVkVOVEFSR1VNRU5UIiBWYWx1ZT0ie3skSElEREVOMS5fX0VWRU5UQVJHVU1FTlR9fSIgUmVjb3JkZWRWYWx1ZT0iIiBDb3JyZWxhdGlvbkJpbmRpbmc9IiIgVXJsRW5jb2RlPSJUcnVlIiAvPg0KICAgICAgICA8Rm9ybVBvc3RQYXJhbWV0ZXIgTmFtZT0iX19MQVNURk9DVVMiIFZhbHVlPSJ7eyRISURERU4xLl9fTEFTVEZPQ1VTfX0iIFJlY29yZGVkVmFsdWU9IiIgQ29ycmVsYXRpb25CaW5kaW5nPSIiIFVybEVuY29kZT0iVHJ1ZSIgLz4NCiAgICAgICAgPEZvcm1Qb3N0UGFyYW1ldGVyIE5hbWU9Il9fVlNUQVRFIiBWYWx1ZT0ie3skSElEREVOMS5fX1ZTVEFURX19IiBSZWNvcmRlZFZhbHVlPSJBUitMQ0FBQUFBQUFCQUR0UEYxM0UxZVN4cmFhbGlFWVpyRW0yV0VsSlpzWndZRTIvU0haRml3NUo3WkpnQVJrV3lJa1lYSjhaS3RqYTVFbDFwSUozb2M5SmhrSDgyRkNGdk0xa0dRSVNUQmgrQW9CSENDdy8yRDNZUjcyT2NjdFMwL3pBL1poOTM1MDNiNlN1aHZZWk0vbUllYUF5bFYxcStyV3JWdTN1bTZMLzE3VS9HeTl4OS9mMzVYTEZrWnptWHlmL2s5ajZWRzlKNWN2ZENZSDk3eW1qL2YzK3dSUHk5Qys3Y2wwOXNYQlFrWldYdXdhMWdmM3ZKekplSHdjV24xeGNIaFAxM0F1bDljcjhKb0RQdXlBanpqZzJ6aThRUEhOLzdDMmJtbUQwTklreGhKZHVaRzlXN3NYeHhLYjhhY1FTM1FuQ3pyNlNLUkg5S1d4Ukx5UUxJemxkeVJIOUNVSWx5c2tNNWlBMkJQN3MxdTdSV0JBd0N1NTBaRWRzYVpYTXJuM3VwSjVIY2xjdWJiT2cvNDJlWVI0ejViTzF4U1BvTWlxSEkxNldsUlphVjh2aDljcjBYK3hRTThTVmQ0Z3l3aXpRWkU5UW5uaXdNS043MWV2MlIwZnp4ZjBrZFp1ZlRBOWtzeXNDNDdrQjNPam1mVEF1dUFiK21nK25jdHVDcmZLK00rNllOZFlwakEycW0vSzZtT0ZVY3piTXphUVNRK2kxVWprOXVqWlRRUHQ3Y25JWUtSTmlXcGhYZTZJTnNpdHFzZEhyYU8yWVhQa3NCS1ZGYzhpMWJQYy9MVmRqcGltTHdOTXF5ekxpdnlZNlhWWTArdEEwMVBKOURUMEw1dmUyc1lHcFZXMnRhRkRWaXR0Q052WklFZWZ6Z2JxWXVXSmJhanlnMlpyUThkamJHaTNiR2ozTEZHaXhBYTF5Z2ExTldKclEzdTFEWXFkRFdyWXpRWnR2UW8yWVBBcC9hQ3BOVGEwMmNhREl0WXZTalY3bWxCOHFZclNGZ21IbTMwK3Y5Q3Q3eTFzN2ZiOHV5ZlVGNG0weVhKb0hRWWlBSVFCMEFCUUFWQUFrRTBnRER4aDRBa0RUeGg0TkNCcFFOS0FwSUpTRlpTcUlGQ0ZVU3FNVW1HVUFqd0s4Q2hBa2ltQS9uMU5CVUFCQUVqYVRnQVNHZ0FxQUFvQXdCTUhuamp3eElFbkRqeDlRT29EVWgrUWV0c0FpQUFRQmdBazk4THdYaGplQzhON1lIZ1BETytCNFQwd3ZBZUc5OER3SGhnZUE1NFk4TVNBdEFOSU80QzBBNGJ2QUo2YTVaWnJWbEIyV1FJYmh6T3ZNdGZKTlZPV2EweXRzc2RPQlFMOHY0cU5EdUdFLzNvNlgwQmdFaDBKbnY4U1ExMmRXK2lBcnRnMkNuVDJ5ZHUyS1JTUWxZNEtVQUc2YWlKbGpkRXhDSEJZM3NhRERGYTM4U0JJaXpFUkZsMjI2QVFHaGFyQ1dCRElZVFVLS2hhRFlqSjB4ZUpzWnZITmJIUjduQWZaR0RuT2d3eG0zUEZYWVpqR1dBa0lyQXBqSlNEQTdlRTRENEswTFd5U0VTWk5rU3RBSGxiQkh0VXlVK1hNMU9JOHlNUG15UGgyUUVZc095T2NuUmdHTFIwS1k4RWcyTnpMRnBHcGkvZXhPVnVXS2J4bGJYRU9CQVZhQjhOaUVPQTJ5MWR0bks5Mk1sOHhZUVFFWHRtU0puUFNGTXNwQ3VlVXNNVWQ1cmdqVmdCRXVGVnR0N3pWem5rcmFua295bmxvRjFzekpjNkRMT0xDY1I1a2txTnhIZ1JwYnpJVjFreWkxa3ppYjFsYk1NNkRiSm1zVUE5enRuZFlNZjAyRzJZWkpvZTUwTE1jcnJSeGFHNFBXYXJEVmdTMFcyQ0hYQUVxSWYreS9wN2trTDQxajZ2UjEzTkR3LzRXRTlFN3BvK094d3VqNmV3UXdRdTA4SVdDd2YrOHlmZnlXQ0gzOHQ2OW1mSE5Jd042Q3VPNjh2bXVUREtmSC9LSFRCNWNReGZRMy9nZ0t2MHpxT1pQRjFBWkdzdEM5VC9rYjZKSFBzNk5ucjgwVmp1WFgxWitFNWlUcUZtc2l1amdOam9meUJWN3JHTHZ5WlhoYWJjM3VMMWN1Y2Y1elZhVmp1ekNuOStjM0c3aEk0UlAwaFY1bkV0M2ZQTGtZNWsvTGlwamh0c0dYRWFyeUhUY3BxNElRejZvK2VPR095eFlLTE5kd2JZUDI1VXNrYkNzeFZJYVM0OHNNYk44ejQ0T2RsNnhZNUNlbCt5Y1lVZXBlYmo2bDNCbnIrZmlyL042Umg4c0JMdTN4aE5iZDNRbGdvUG9HU3dZZkc5WXp3WmpZYmwxNTE3emZBNm04OEZzcmhETWptVXl3VUl0V2MrZ2NhRlFVTSttZ3NrOEpqTGF1blFlajFxTkJ3QXFGRnBqc2dHR1Y2eTVLOWJjRkdzMmlyVmF4WnF0WXRWZHNlcW1XTFZSck5ZcVZtMFZLKzZLbFJyRnE4bG9PdGgxN0dwemhTMldkMGR6STBGOVM5LzJlSGRuLzlaRVgzZnI3dFJBN3AzVzNZUWgvYzlKbkpWd2lMeUQ1WS9xUVhQZ0psN1JHbUlHbmY0YTVnT0Y4d0UzUFd5aTgrUnE1Z2JlVXlxOVp5bHhVT0htUWJlVnExMDR6bUJZT0lSeVliSXgyU1lHYk9MUmZtL2dINnkwTy9kZXRsb3JtVFRuVURKOWE2WUVvalA4WVdibWg1bUpVSEN0eGIwMkpJWFlyN2c5ZzUxZ1l6M2xVemhHbS9sUUp0V09TYXRpMHV5WXdsVk1ZWjdKemd2RTRLY0kzMWd3bzc5YkNQNWpMcDE5MGhGaE9aakQwWVJzNmN0bDlLNWNTdDhVQ3N1aFlCSUZDMmR4Y0ZPTWdVK3RSRE9WYUx3U0RaUm9QNDBTMVZTaThrcFVVS0wrTkVvVVU0bkNLMUZBaWZMVEtERjE4Q3JrRUZGZ0s5OU1XbGJHUVVud2wyZkxYNTR0ZjNtMi9PWFprcS9rYllyNi80dG55eldvZmtycG84R0JjYjdjNVFwUXJpVGthaHRXYmdUOWl4RkV5dlU3alJXOU5LdGpxbFkwM2lwYWNWYXprTFVQV2ErUk5mQlkwNUcxS2xtVEQ0WmJ6VXZHd3hxY3JPWEplcWlzV1FqRHJkWXBhNmF5OWlwcnVNSncxbXUwMnJTc3A4c2FrMEN5MnIyc1NZeDVvdWhuLzM3QUFMUFZQd2JtbmNBY2pZYTRuaVhYS0xXNjE3VTk3M0IxZTlYcWdqUG1TSFV2MXVxdnMyWThhOXl5cmp3ajFUUjNyZTQrNi9jekhuWW53RzRKOEwyQnZ4azZFSG9obVVnTzVZZDg5ZlVOelNuZlN2UnZzNi9lMzlML2VucG91TkNaMjk4NXFpZjNiTTRtQnpKNmFqamxxMzhYY1RYV0x5SmNpOTlJNTlPSU1KeEsxWHNJcGpHaDd5OTRuaTJkUGJsdy9NUDV1YXQvZlhDMGRPWEl3dXkwOFhEeWg0bXZFTjl2TVYvZ0djL1M0bzI1MHMzajVjTVRwUXRIRVg2TmlXK2V2M2ZQT0h5dWRPdGc4ZDV4SkFlUkpDQ1ZUbjFkbnZ6endsY2ZHVk9YRnk1OWpFanJtMDJUc1BuTFV5bmZvbmRUOVFvZ0JZeHM5b24rWmQzSlF2S05aR1pNZnlXdFoxS2VSbHcwK0ovQldHd3dSWW9ZaVN0Sy81TCs1ekdwTXplV1RRMzVGN1BaTDI5cFhDR2hIelNsOG9HNTRvbUQrSmZsZEp0SnlPTFM3R0Zrc1k5dVNhbDQ2K1Q4L1MvS0IyNGJENy9HYUJwS1V2SE9WT21iKytXREg1YytuVWJvbHNZNmdVb1E2RGlCOHExYzI5QTRoSDdJakR4a0dvRmwxUEJBczJWcllQbFFZQVcyYk1VVFdvWVNnYlJ3Ni83Qzdac0xCejlidUhhaC9NR3NqKzU5azgrNGRxaDQ3QkpDcjZMN1hpcCtlZFU0Y3BhT01hWStMSDU2SElpOXNqUi83NHZpbVJPVVdKcTlXcHFkQW1JZjZDbCtlcWQ0NlVnSnJkcmhEeER4T2JwclRXTDUxSkdGc3cvbTV5YUFrcWlpM0RzS0Z1NlVKZVBTalBIRktXUTFpaTRUL2VTZTl0RXRqTkVJWjV6ODBEaHhBQXVobTlWRTA4bFN0R2FoNXg4Y29OYjc2TjQwMFpZTDZYWUUyZGN2RnovN0VxRmJWdkNMaTF3dlVGY0wxTFVDZGFKQTNTVlF4d2pVQ3dLZGNtVlFDSFFLQWpWWm9DWUsxQ1NCbW9EaVpzVlE5UThKb3NXUEQ2S1hmbVFRN1ZBQVRaWUk3VkdLVnFXRk85K1U3bDZ2UW12Uy9QZm5rY2NyMGJXUlNOR3FoVFltWnhtM1pnWm8rZlQ1K1VmdkkvVGo0N1pIa1l5clo0b3pEM2tpRzZsS3h0SHJ4dVJSV3lMU05uTjkvdjZaS3VJTDlQeVRhTEFaYys4YmYvcldkbnhFS24xendiaCtkUDdSaGRMc2FkTlpRR3lUeXAvUGx2LzROWm8xZGtrRjBXbXYrZWlwS2lFOUtKR3lNUlN0U3VWemVBTVV6MDlqVjRBb1RTb2QvTm80ZkprWHlJaGh5WGg0RzBXd3VTaVZ4SWhrZkhmTCtPaUdLYkJTVzV0VXZIMFg3OCtLTVU1NWdCSVZxWGp3ME1MTUxNK0NSajVIejNpODRzVlRaNDE3VnlvcHR1bkRSNnNBcVR6eFJ4UnFsQUsyeGNFVFZXaE5Ndk1Bb0oxejBDcGFOK0RJUWZIQjAyR21DYlVpT0txSW11bTZLdUxUcFRhOEcxR1ZoOUVJaDRZVGhFb1FkSVdmTHZtdG90VU1KRDlxL2N6bmlJanRwaFVPcEVBVXNkL01NYUp6MnNRVmo3bjVpc2RtamZzWFRXNnNCNFZvK2ZEZENqVFdRSmVzOUdER3VISE1SS09VUnRibTN1a0s3Z2ptUG5lL2RQa21GVVhSZHBsNkZhMnJ3TUNUM3hySHA2ek5TR3N0azRpMzVKR3pOREtwUUxzY3Y0cFdZK0RDYTU4WHArNVlHNHRXYUVDY3hnSXJpSllqamJsYlBOSGg2RmhGNnpvdy85Z1U4citaRjRqQWlGcGxpakU5Zy94bEVpMXROREFxUm9hcnhjNDhXcmg2eWlSR3FvalVJSlBZeG9qbGlZZkcrMzltaWJ2bEpidURib2RDUDFUNm9mR25YNHdpWXhwL0Z2YlFBVDJVMW1QU3d2UWpRai9hK0ZPemx3N29wUU42NllCZU9xQ1hEdWh0NDgvWFBqcWdUK1ZQMnpoRnhrMmt4aC9CQ1VwTFVGcENxenFYNlg0VTZDNnNPYVh4M2hMb0xyTE9iTHcvQkxvZkJCci9BbzEzZ2NhM2RheHJsRk5UK1VNK1RKRmhFNm14azErZ0VTUFEyQkJvRkFoMHZRVzZzZ0pkUTFRanZGUlRJenpWRHlrb05LaXpSYlBPUnJWRmsvVklpeXFNWnlvNnRhek1xSzh0TTN5MEgwY1NHOXB6Yzk4dmZISVJKWU9XK2pxQlVwRE45ZFhWY0pQMTBPeXNyS0ZXMlc5b3o4OVV0bTFzWkNCblRFOVFqYy9ScnBsSmkyL2Z6Q2d0RGNnV01sQ2dQTWlraHByaXFzbDZlbmUycWJuV3BtZHArNUczU2RxbUlPV1VvRllTVkNERUtrZkU4QWdmN2ZkWlU1QTJNL1NyUFBwVmh0N0NvN2N3OUhZZXZaMmhlM2wwTDBQMzhlZytodDdKbzNjeTlDNGV2WXVoMytUUmJ6TDBXeno2TFlaK20wZS9qZEV0elhVQ2RTWDlVQVhxSm9FNlJhQk9FT2lrQlRwSmdVNUtvSk1RcU5FQ05WS2dSZ25VQ0lFcVJTdmZiTGNqdkJBRlM3aUxHdWN3MkZVYkJpOUEzMWNxbnZ6S09IcWFsblg4R2l1dDlCcUhOWXVkT1NWbDRmWWZYb0FldFlTS0QvUkkvaGlKdUpudHpFa2tCcUhQWnNlSEZrSlp4OHVMMjh2RGZKeTBNQzdjcnB3cG4vdURxelRjbW5QaTQ2UkZzRzJQL21SYy9hU0dLd2pOVTZuMDVhUGlKdzlkMWVHV254T2ZwUTczcDZYaXFSdkZXemZjcEpHV3RoTWZrVmJGckRveXEweTFnbFZmK01BNC82K3VxaFdpMnA2UG13aDJpM0htME1MRHk2N1NpRnNjK0RocDdVamEvTnloNG8yUGE3aElVT0tMRlR6RmhTdmZ1UWNsdVlGeDVyVENITitCNEdDejN3N0FvanF5cU1DaU9iSm9RZWo2U2dZcUcyL2V0STh3M04yV2NNeGYvTnpObGFRSjdzUm51Ukxmd3FDbjB0UElCYTdTMnNuQzJQTlowdkNsRFhxTW1UUHVuWGVUUnU1Mm5QZ3NuK043THFsNEEzSGRkVjlGY2lIbXpFa2svcmJUdkNMRHM3RFo1NVJWNFlTU0RPakdUT1QrUGZUbkhWalp1b1hKRXlSK1RweHdZTUJMVWJwNTNEajJtWnZ6eUgyREV4OWJDbkpkSTVWUDNzVTlEV2RwOUZiSGljK1NodStkU0REWlJDVW5qVnhQT2ZGeDBraU1YMFNQM3FkZHBkRU1iOC9IU2NOK0szN3lxSGo1aUtzMDRqY0hQa3VhU2tMNDJ2blNHYmZUaDk1a092RVJhWUZPOCtwVVFzOTU2S0VWUFhsVlJBL1FWWHU2U3EzQmZpK2V2Yjd3OEppck5jVHZEbnpjM0RSNm5KU09IWGFWcHBuSGlSMWYxWEZDTDBJZG1WV21taHdBbngyek82eUJRWFZnTUYxQk10WGtJY1BtYU1DYmtGeDNTc2IwYVhRd2xBOU8xL0NzdDJ3bUY2TXVySmJId21RWFBad3UzblRiay9TMjA0blBrb1p2UDZYNWV6T2w5eSs0U1NPWHBFNThuRFNTTDg1Y0xaK2JkSlZHODRVOVgvVnFrcXRxUjJhMm1tMmtxRG80N1g1cTBKdG1KejVySXZoS1V5b2RPV0duODNlZDV1Mit1WFBSa1Y4OC9WRU5tMm9wSmE4Q3VITnpxdHRwekJUbnJydE5wTDNkREJnN1BrNWFsRW96dmozZ0tpMXFTclBqWTRjS3VkUEZod3F1RjZackV5QVh6eDJ5ZVRvN3NGb1c0bmNPY05scDNIU2RMM2sxd1ltUGswYThkK0tDWFg0bURGSEZyRisvTytXbUxxcEEvV3JEUjlTUk1NQVg5Qkl1MU5CRUp3OFZ6OVNtT2k0TXlHMitPemVSM0xLclRvUUhIaTk3OGhIaGljWExIbDFFZU9qd3NxY1BFWjRjdk93UlFvU25CQkhLZkMrcjkwVW92NzJzYUdlUUtrSTE3V1ZsdFFnbHNaZlZ4aUtVdnlKVXIxNVd4b3BRcHdLZ0FxQ0pVRm1LVUJwNldZMG9RbjNuWllXZUNFV2FsMVZySXRSWlhsWndpVkFsZVZtNUpFSXhKRUxGSTBMSjRtVzFpd2gxaDVjVklDSVVEMTVXUlloUUFYaFpLU0RDTWU1bDU3a0laN0dYSGNvaW5Mc0FxQ0lja1Y1MlZvcHdkSG5aZ2NjZ2s3OHRyZ0JnWWt5M2srUER5ODRSRVE0QUx6c0pSTWppWHBiT1JjaXVYcGFUR1VURnQ1bXJRck9tQ0lsUmhKem1aY2xOaEpUa1pibEpoTHppWlFsR2hNemdaU2xDaEwzdFpadGNoSDBzd2tiMHNoMHB3ajd5c2cyMWNtM0RyaC9YMzNOdi9MV1RDL2Q2OGlZQWZsK2d5YitrSDMvZEYzOVpJbG53TEIxSFA3OWZ2MzM3NzllblV2Nm0vbmdoT1ZvZ1h3ZXUrN2YwMFhOLytRL1JML1p2enFaTVZHZGo0T3AvaWtqRTFueWZua3pGc3BueFljU1F5T1V5aWZSZWo3UzdmUC9UNG9uRDd3U05qeDhZSDEwcG52NnllTzdEdno0NHVydDg3aXpCRitjbXkyZS9NQ1l2R2RlK295OG5ZUE1XTlMvSG4vN0Z1ZXhnSmoyNHgvUDJ6a0k2MDk4MXZLY3p0eitSR3hySzZPVDFoWFFtWFJoZkhTcnNMOUR2TEhmcVErbHMvK0R3SG9zYVdoZXNwcWZTKy9BckFpK1A2c25RbW8ycFZBcTVBeW56NUF2akdkMFQyS2VQRnRLRHlZeVV6S1NIc2hzS3ViMGI5ekZ4R3paYWIxRDg3MmFKUmpibHNxbUJESjNac3NKd090KzZENy9mc0NrVTJwaENpK0lUL0lMdGNuaHJWbU1MZnNPaFlqRzI0SDRtV3RiQXJ5b0hCLzZHcldCZ0pWdTVRTXR3d1Bkamx5bndhODhiVDdZK3lGYVgxY0ZVKzdVSlBQdkV5eEo0N3FuWEkvQzM5cXNRK0UyVkMxY3h0d2YranZOM0ZIK1hma1ZEWGJPdk1iQjhDTCtCc3JXZ2ozVGx4cktGZWs5cTBYSmZIZjZ6ZE9YYXVqcmFjMTlLVEczMGUvRVhoYnB5bWR4bzAxZUwvSTM5ejhjNzYwWDhJays5NlY3Njdzd2lKWldpNy9hZ1gycStqazY4MC9KZWJqUWxEZUQzZlRhUWY1R1hNbWdhamVZbzgrdk44SzRQeHREUkNDT1ltTVdsTzJkanhzVGxGSTBnOHFKUGVYSWFYNzNkbUNwZW1FSjQwY1RiZjNrL2hadW9sSUgvR2o5Q041bG8vRjE3OU9zU3NPRjMyWUg4M28xa2tiSHpBc2dOZ2FDdEMxUmJGNFIvRGk3Z3YxeGY0UUxycS82OEM1UlcyZFlGRFk5emdXYnJBdTFuN1FMckcvWlA0b0xHeDdrZ2JPc0M1ZWZnQXY2L04rQmR3UDFIQjd3TDFOYUlyUXM4ajNOQnhOWUZiZi92THFqNjN4VitSQlJRRzViaUZ4TTNrcmtqdzFOa1pzK2swdm05bWVUNGhtd3VxMjlNL1E5ck9najlnVVVBQUE9PSIgQ29ycmVsYXRpb25CaW5kaW5nPSIiIFVybEVuY29kZT0iVHJ1ZSIgLz4NCiAgICAgICAgPEZvcm1Qb3N0UGFyYW1ldGVyIE5hbWU9Il9fVklFV1NUQVRFIiBWYWx1ZT0ie3skSElEREVOMS5fX1ZJRVdTVEFURX19IiBSZWNvcmRlZFZhbHVlPSIiIENvcnJlbGF0aW9uQmluZGluZz0iIiBVcmxFbmNvZGU9IlRydWUiIC8+DQogICAgICAgIDxGb3JtUG9zdFBhcmFtZXRlciBOYW1lPSJfX1NDUk9MTFBPU0lUSU9OWCIgVmFsdWU9Int7JEhJRERFTjEuX19TQ1JPTExQT1NJVElPTlh9fSIgUmVjb3JkZWRWYWx1ZT0iMCIgQ29ycmVsYXRpb25CaW5kaW5nPSIiIFVybEVuY29kZT0iVHJ1ZSIgLz4NCiAgICAgICAgPEZvcm1Qb3N0UGFyYW1ldGVyIE5hbWU9Il9fU0NST0xMUE9TSVRJT05ZIiBWYWx1ZT0ie3skSElEREVOMS5fX1NDUk9MTFBPU0lUSU9OWX19IiBSZWNvcmRlZFZhbHVlPSIwIiBDb3JyZWxhdGlvbkJpbmRpbmc9IiIgVXJsRW5jb2RlPSJUcnVlIiAvPg0KICAgICAgICA8Rm9ybVBvc3RQYXJhbWV0ZXIgTmFtZT0iX19WSUVXU1RBVEVFTkNSWVBURUQiIFZhbHVlPSJ7eyRISURERU4xLl9fVklFV1NUQVRFRU5DUllQVEVEfX0iIFJlY29yZGVkVmFsdWU9IiIgQ29ycmVsYXRpb25CaW5kaW5nPSIiIFVybEVuY29kZT0iVHJ1ZSIgLz4NCiAgICAgICAgPEZvcm1Qb3N0UGFyYW1ldGVyIE5hbWU9Il9fRVZFTlRWQUxJREFUSU9OIiBWYWx1ZT0ie3skSElEREVOMS5fX0VWRU5UVkFMSURBVElPTn19IiBSZWNvcmRlZFZhbHVlPSIyL1NmRlFvbUdLVytLRmZROEQ1ejJsaHRlR1lsa3N2Y3kwMlNoVDZtVE1BcXprQ29jTmN4SjY0b0tvUS96RmlQL1o2UzU1RFZDU1A1NWkrYmVDZ3JXNE52THEwbndWNFhwU3lRTis5NTFNVGt2c1Z4MkdXNThjdEJiKzc0UXJGZmpGL2pQcFpPdVBNYjYzc3BtZ215WTFYd1VtVXBxVzZlOThRSll0bDhwQWRXUHlCMk0vSmxiQzYvaXN3Z1RhUllRU0x6M1dtT2tPSTZoek45aTJlOUtZY0dFZ0RqeGFyeWF3YVg2YTlLcFlmbmtxZjlWSFgvOHRmT29RVG1pWTdWRUVJODRrNGlRYjZJT2trZGc5N2NwYjByd2FHbEczUUpJTWZvNjVhOWdLdWhSTDNRTGNxcGx4WTBlZkNOMTByWjR4NWpmWHNzM1hUNXZSK2Z1b3FYblBabEUxMnpaaFRpZ2dxZnVHQmtmMVFVN2h5N084OFpGQjAwRFF0TmhjZmYzTjNHam9JNllvaEsxL2RuR0ovc29aTjBabzIrdFp5TGdDbkFjclFmZGlPWGozWHlZcytjeFI3Y2daUnMyU1F5RDJiS2JlRythTloyMEVHZ2FKVUMvNDhXZFFvNzRiQzJDQVBsUU1SckdjcXRFM0Z5WkVjNG5UM29oK3VUWS9NdHFmS1EzNnZnRFM4RWNYQXRKN1hLcDFTRGFxbGdRWTNTSk1RWUxwMXdSb3hYYmFRN1o4anF1YmpKSjN1KzBEaTI5KzBZSzVHOXZyb0lwMDNZL0dDSlFFdTJoaWpJOGtIOGZvUEl4OVh2cUNhNGREaHJGSmNSeFpzbWd6eTY0WWxlV2RSSWlmNmtnYU5IOTUzdHpyazc4a3hwRVdOWVZ0b0U0K3ZxQjlSWnNsMk9xUGdkMVIreWJxemdZZDEzOWJ2S2REQ1Vlb015VU1hMmNqWHQwckM5ZENTU3U2OC9idlhqcWQ5RHJ4WHF0TWdPeUY3N3RFM1BIOGpkY2llRzZrRnRPdjlTOXdXdGQxbnRNLzRMckw5QThldjJSSUxwejBCRHRNL1pIK09vbjlFeXRRZjhCMExMVGVYVTZzVnp1ajl0bG5NREpaNjlZS0tlYWhZOVVVRm9ucjBjUm1lTUFTTDk1bnZ1WVJ6dlh2akZESFlFaFIwckhIWEFWbG5XdlhtUkdrK3hKRDlLREdyNkxiK0ZnSUI4b3l3dnpZMFNVZ1NLZXUzK0NMNkQ4QjRiRHJldjFZRDFua0JYTXJJZUFjeGRBNDhmUjVpWDF5ZjM2VUtueUVQb2I1b0tDMEl3TUsrdWxuSlRVSUgxV1FLTjlwa2lZMW95K2Z5czV6OVpKcnlmUFNDbU5OSG5WdzNZYnRZK1BxM0Nmdmoxa1JXckd4VGFheUFyRlNZZUZvOUNlWktVamoxekk0RHMzUUROa0tjbjdQUjdPbks4LzYrVlVlaFR3b00wN202WHljSTFDc3dDRTJGNmd1OWZDa1Y3OTNzaEhMVUdsTHhyWWxsaUV1YlZac2RRZHh0T2J3OVJPM1ZoZDhpSG5mRzNhMS9ZTm1zWEhFdFhOSW1RdDNEQlhHRzRqRTl3aXRrQmtJY3JMRGZ0S01NcXZXY096Q3ovNEJnTC90NXAyc0JGeWZadjRPK293WE95R2ppYk01MkVFWXFqa2tGY1dwTWMwTUkxVEdNeHY4RW9acXNEanp1a0RUKzlaYWZWeVRMVkJUdmUxcVAzQnNRRnY4UHVzM2tIcEhwenpjUXprUXlKSHFmSkhjRU04M3QrdXJQWTNyOHJ0anZXc0tsYXl6dDQyL0ZZVHJXMEx5dWZoMk5IMjRFQlN6UFUyaXBGR1RSYnNCa1JQaXhiV1I2R2h0Wmp4R0hSaDk0K2VOYUYxdHBiald4dXNCWExCVk1uRVI3WVRoOGF5c0tRU2l6NG1GM3ZaYUZsMjVWZVN3Y3QzbWxObmJPZ3R3OW5pYXVKUWl0SjRZdUFubmhKSzdSVEYxbS9uZXB6SVBySm93aHNtNkZqUEZTWWJvT2NXWGJFWlVsZlU2Q01WM2tTaEtnU2NJOTdLdmVhZVp6VGlUZFpQQjBIV1BqZGlScTJnbEQyZUhqcXRSWHR3QW1pVk9PTnkyY1BqS21SL2d6blE4QjR0b21wRG9kd0lZLzNrZU9BNEZ2eXZ5a05kSDkxM2o2bklmZmM3N3AvcFBhQmdkSXIyN1I4RTJSN216bllVOHBhQVJ3VEd6T21RYVdoM2dkTW1tMnpJNG9ORndRYWRSOVIrTDhTZUVhZDVxdi92TThjdlh5dyt2akhLejBOQ2RNWHF5aCtJb2g5bFJjR01KdU42ZjdEdThCTzB1Q293VmhLZFpRc0l5di9wbzlHU2ZrV1pMREJwa1RRUHBPUFZuaU5mVmdiSk1OWGF6RTI5bUtwR3hka2ZUbTkyM3NneTZ2a0tDYXhmZmV3Ync3alZ4Z0ZjT3k1aWdVcmJyQklzOW1WTHR6SGExbHpublZoZndwRE9DSHM4N2xkRGZJRVdWM1cwUlNnQlFiNGk3QVV3UUNvRmduMGdxYzVua0dDRUVhTzFxMEpJajRodjZ4U2wxUnJicnp4Tkd2TDMxLy8xSGxkNWZtSlArcm9CY25waVB2STBnaWhlSGVFS2o1UnluMFBSK0ROL0hmQVZodCtseWpoaFNvWlhaNVVxZWpIcU1sN1h3blFHQnVPMkRCRHlRTklHblJCSnhMR2hRVG9Ca1FuTzlXS0kyQTVOZldsV1Jza2lyVTVFeXBLNlBHWGIwZUtYMnJvNklaV3hiU3h5MUVGVjIxc1NyME1sMmw1eTAzeHk4WTdna1JDMHNpT09XQnY3UFFEUUsvQlFVenlueDNHMDF0V1B5b0hORG0zMEFId2hZeDFsSC9BMDcrYjFIYU96dS80SEpuc3QvY21NNG5rYmROQkNpNm5Fd2kwZXY3eloydG5HRDRmaGFGVnhqVk0wRUdNV2dIL1ExOWtCbHlTQy81M0w3U2d2aHI1RWlOVStnaFlKalluN1R6LzVLNndmOCtZRFViUUhvMVFpR2RyYzkxTFcydDE0eG5odmNvZ0xqSnJwK2xYNTY3YVRpbU04UjlweHpzK2V0amJHUlQ4UTlza0RnbTRzbnYwbFo1U3NjOHc0OEIweXhHVEZYbFlrVUVqWVdBcnkxQlJDKzk5QXZoanVoMnBBTjJJMTJwZDNTNnYzU2h3b25hZUNRMDJ3VWZFMVFNaitpVFI5bXEvNWpRRE93c2RlRmNuMG90UncycVlHL0xsanVUNzE5eXFqdGRIMUVRZXVFTXc3cTB0VnhYOUF0cm1KbzhqNUQ0ZXZiZG5zYUhLVk9qMzNheWZTTEUxK1NuWjByVWNiaFlHODJJbXQxdVNqZzZ2dnFPeXNtSm1Xbll1SGR4bS9Tb1hTNzdEZ2tBMENuRmNQWkNQTlRvbU1UTXZvWnhDNEZOVC9UUlZkNWdLV3RDZVlOelY1ckVZSmVSL1NMM2s1UzR0OC9IQi9DT0VKbDU1M3lQczVKeDlZTVpWemQzZS8vcWxGYXozUnp4bVJQbzF0Q2xXaU10NjRNU3pEeDREY3Z2d0MyV3NacEJHZWNlb1oyR2wzbHgwVndHaVZXSHRQY1gzVWY4bmRtU0xPQ1d3dGlrcytiL29CbXo2VzhXZytUeXhXZ2dDNE8wNWgzNWl4Q0pteWZJMVRGSG8zS0N2K1ZLS1NXNW9iWXZ5cXNTcTlDb1Y2M0JLa0J5RHA3eGJwVHE1Q05ISTBmelI1NkxoUFVHbVd0WXRwOUFTRlc1ZTFHTGdYZ1lpanVSdlErMHVNdyszM1ZMVDZMSTduemJpRGlSTS9vMHpPbEhwQWwyaGtmMEx6M2hjaTd4TGZQQVdKZ2M0K2g4cVNmWVBTUFlxUjk0N043L2c1NmtoMUlTSXZMYmJSdEQ0S3hVUTNzMHVGbHYvd0NDTVZONDBYY1pYSHhLMnEyTlB5bTdXZDFwcEZrRGNOZzcrL0ZXRUF2Ylo2WDYrRDA1VU5WNE1uSnJJazhURmUzZlhVTjRqWk5vMFJhenJNSnd1VGVVZDNMakFucGVsWjZtaHRLTjFkRlBzT0poTjRDN1NtYTRybzZlYk9naHVGbkxONzJuOTJtWGloRUVTRnlNOUdDbExUUS9FM3F5MGRoNEJLcldPZTVHY2t6bFA3a2psZjcrR29sZ1Q0V1ZqUUsrblZ0c2RNNFJhVERsVXI2bURlbUszSjBiVWZkM2NyVkJ1YmlGUFE4UDRwM09uSmhmQk52bW92MEc5aWJ2cHgwL3h3dUJkY3lBU1huMHZzdXJQQlNkak1qbTVlV0tQSGJMY2dvdk9tdEU2Y3N0ZDVuTnViaFlsSWgwYXU3TnFPeXdEWmo5NXFmbVk5eEl2a25QeUNOSCs3Uk8rNGtiOWl4c2VoSC9qTWI5VXFNK2tEb2RzR3luNFNPUGFrYk5qYjdoM3VxSzQrNi9Vd3phYkZ0cGluN3ZxTDFFY1haUTBURnNOOXVHeW1HeDhmZTVGVkhiS3dIV21OTjBwczhVQ2t4ckl4SlB2M3llNTR6NHNPNVdLMmU1NjhkZzRCVlZYdG9zKzJNMEhIM2pTNVRiRlVUZjByQVYxdi9pTW9GemNiNUFWd1R1eFJrSkFiK0VUTDlFMWROaEo3SGZEbWxsWU0wU2lEbzFpSDdHd28zUHgvdlZiUFBPR2c0TGt5M2R2RldYSW12M0tKb24rMWRGWHhmTGk1ZG4xVVRaMjgvOUN1b3pJTTBKcnRqb0hIYU9VaEFTN21zNkJIRkRPQmhpOFg0UDJtOXBtQWNISmxRMURVYnR3QXUwZDladm9KWE9SejRSVVYydER6ZU9NRVpteW9nam9RWlV3bEZyampES2dzVGd2R2ozdGd0Nlh5V3lVNnRYa0Vybnp3S0F5TVR0NUg0QkRPNG9XV1ZmeUtwd1FVODBZOHBKb2p3K1VGOGVVS3ZJT3VHbmw4ZFNGSTJnRjA3WENDWW1GZjRzcHV0SVZrNUhlRG9TZ3cvZmdHMXkzMUpyMDN4azVKMzQyRVlaaGtGNU1vNXVDTVByWjQweHYvZ05aR1BPeS8vbk0rcDZyNHY4ZHBkWGhGMTNFSmZGcHBxcmJwSlpqSFV4SjVCblI0anhOT2JzcmR6Z2dEUExSN3huL0JUTEg3VEVKdG5Ga2VrY1JzWW9ieFlkSllKNGZvY2R2ZmlEbDFPbU9DTnRGYVRZdi9zSHk4bHpSeFBRcDJkYytMdUdVcEdiWThtOG8vY3RDQis4N1Y3UmhaQmliRnJpdGJITVZUT1NZVDJzTkZCdXRyOGhnSStIOVZYbDZ4YmhqUjBvZ0hzMG5KZEgyUmpvOE9sNzdWRFBoSGJaTGpHNERzTlozWkVkN3lCWTZsOHBRMGJYZmpld2hpc3pKUStPeW8xL2xhM2xWQW1yK3RYNjRUVGN4Y1VlMnVzU0xIZkpWOEQxV0JYZFVJYXorbDdUWEdCRXJ4dEJzbTFoY3dzc2N2MU02TXdIaDUyUFpIeXJNd2xYWTJNdVNwV1lFY3RrYXpxM2hTTHhBWFB1bThmcnppaHczYUg0V2I4NjMxVWQ2SjdyTVg0ZjNBVDFobENNcVhwWkp6eFpzajRhMkx6dmEzY0d0aGJUQWhsN1FJdDRaRERMMHpOQjhSdHNGUDdxTjViWVJERS9RYWJBMXAzTHJITEZsRnBRb3B0bGUyamFsdU5vWWpkUDFRVkcxVThhaU5nbWlHUUlFV0FKYlpRRXg3bWk5eXJJZlJRa0Y1RHUyVzRObTA0dG00TFhmajVSbG5zcDNDenJ4MGpBWHdJbGhnejU3eUNaT0J5dTRVTnBNaW1iRkhWNGdFcmppUEFJTzBvcTBjWnN2N25WdmMyME8yTjdiR25nYVU1OHRnQjI0SWVOeGV5UjI1V3FEc3BCTEh5VXJld0V1OTJtYm1scjVCSDVOYTdtNnhMQ3dwMlNVYStucUtzSHN4QlZlQ1lBbFczVjRraDNUV0NMd05uN205SU1DQml1U3pzaUgza0hYS0NwdHpYN2M2dXlYL056ZGZEOTE1amNjV3gya25YTERLR0pxYnRaZFB1b3ZEMERKMGIwYjJVSmFXQ3dTRk0zaFNpeWdVNUJHcHFOY2tFMFc1REdVOEdmM0kzSjV3Ykx6dUJPc1ZsR2hLb3R4MkNsUnU1ZEh1RWo1a2pWcXk0VlJMaHZkYjgwdUZiQUdNSkZLWm1HbkVkUFBSZkNsN0tqZTFpWFp6UEVmeExKQmFjK2NEVk1VNzBaOVplYURxQk1ndFZ3OUppK1lpYjBobkxLcU5PdkNST1k5eFRWcjB4b29zdy9ndDV6MlRSV2Q4MGlWZ21xNFRsVE5nS0tkdWVmemY1Rm1MdU5GQ3RaR1drVnFKc1o0dWZhaFpidlFtM1ppQ3F2NzkzWis2ZzdGdFdaaWpPN1Vna2xuVGpyNDdtL3NVYUpEMFdSVFYxdzZYNVVzYldwV3M0QWU4dVdTRWpnampJdkphWXE5UGQ2cGdsMnNoSUhrZnZud2d5UVpQOEIvTGJiM3E5WDhsOUFwaGFNYXEwSGJValZ3eDdEZS9NSVRuNXpkQ2E0akxjWjFTZ2lHY3NOc1JBd21nelg2c1hUeXZyaDZCbGtLR2FSVkZ2Uk0yRzVPSitkTVVTZHNnaUQ2a1B5OExIMUtzQ0Z2Wm5UV0dUQUtuaFkzUVg5SnZxZHV6UktvUHhOMTh6cWlkeW5qOTJNLy9uTHVDZ3krMXk0VUJSYUIvOWNXS1lJcXhHK0VyVnJZbjBoV2NxYlpvQVFlVDFsMVZoaVZrdWJpU1RXZ1NOZHAzZzlnRGh6N252OUV1ZkJCRSsxc3pobnl2S3VkUVJ1NTYralJyemJOM09PSnZuc2FpSWNIWXZ5YTRtY25TbHd3QkZYcDBVSllTRmhyWFYvTXJxUDlQUnpQZHJxYlA1THIxbUJFNVBRandBPT0iIENvcnJlbGF0aW9uQmluZGluZz0iIiBVcmxFbmNvZGU9IlRydWUiIC8+DQogICAgICAgIDxGb3JtUG9zdFBhcmFtZXRlciBOYW1lPSJTY3JlZW5XaWR0aCIgVmFsdWU9Int7JEhJRERFTjEuU2NyZWVuV2lkdGh9fSIgUmVjb3JkZWRWYWx1ZT0iIiBDb3JyZWxhdGlvbkJpbmRpbmc9IiIgVXJsRW5jb2RlPSJUcnVlIiAvPg0KICAgICAgICA8Rm9ybVBvc3RQYXJhbWV0ZXIgTmFtZT0iU2NyZWVuSGVpZ2h0IiBWYWx1ZT0ie3skSElEREVOMS5TY3JlZW5IZWlnaHR9fSIgUmVjb3JkZWRWYWx1ZT0iIiBDb3JyZWxhdGlvbkJpbmRpbmc9IiIgVXJsRW5jb2RlPSJUcnVlIiAvPg0KICAgICAgICA8Rm9ybVBvc3RQYXJhbWV0ZXIgTmFtZT0iYnRuQWN0aW9uWCIgVmFsdWU9Iua4hemZpCIgUmVjb3JkZWRWYWx1ZT0i5riF6ZmkIiBDb3JyZWxhdGlvbkJpbmRpbmc9Int7Rm9ybVBvc3RQYXJhbTEuYnRuQWN0aW9uWH19IiBVcmxFbmNvZGU9IlRydWUiIC8+DQogICAgICAgIDxGb3JtUG9zdFBhcmFtZXRlciBOYW1lPSJkZGxPcmdBbmRGbG93IiBWYWx1ZT0iIiBSZWNvcmRlZFZhbHVlPSIiIENvcnJlbGF0aW9uQmluZGluZz0iIiBVcmxFbmNvZGU9IlRydWUiIC8+DQogICAgICAgIDxGb3JtUG9zdFBhcmFtZXRlciBOYW1lPSJkZGxRdWVyeUNvbmRpdGlvbnMiIFZhbHVlPSIwIiBSZWNvcmRlZFZhbHVlPSIwIiBDb3JyZWxhdGlvbkJpbmRpbmc9Int7Rm9ybVBvc3RQYXJhbTMuZGRsUXVlcnlDb25kaXRpb25zfX0iIFVybEVuY29kZT0iVHJ1ZSIgLz4NCiAgICAgICAgPEZvcm1Qb3N0UGFyYW1ldGVyIE5hbWU9InR4dE9URW1wSUQiIFZhbHVlPSIxMDIwOTkiIFJlY29yZGVkVmFsdWU9IjEwMjA5OSIgQ29ycmVsYXRpb25CaW5kaW5nPSJ7e0Zvcm1Qb3N0UGFyYW0yLnR4dE9URW1wSUR9fSIgVXJsRW5jb2RlPSJUcnVlIiAvPg0KICAgICAgICA8Rm9ybVBvc3RQYXJhbWV0ZXIgTmFtZT0idHh0T1RFbXBOYW1lIiBWYWx1ZT0iIiBSZWNvcmRlZFZhbHVlPSIiIENvcnJlbGF0aW9uQmluZGluZz0iIiBVcmxFbmNvZGU9IlRydWUiIC8+DQogICAgICAgIDxGb3JtUG9zdFBhcmFtZXRlciBOYW1lPSJ0eHRPVEZvcm1OTyIgVmFsdWU9IiIgUmVjb3JkZWRWYWx1ZT0iIiBDb3JyZWxhdGlvbkJpbmRpbmc9IiIgVXJsRW5jb2RlPSJUcnVlIiAvPg0KICAgICAgICA8Rm9ybVBvc3RQYXJhbWV0ZXIgTmFtZT0iZGRsT1RTdGF0dXMiIFZhbHVlPSIyIiBSZWNvcmRlZFZhbHVlPSIyIiBDb3JyZWxhdGlvbkJpbmRpbmc9Int7Rm9ybVBvc3RQYXJhbTQuZGRsT1RTdGF0dXN9fSIgVXJsRW5jb2RlPSJUcnVlIiAvPg0KICAgICAgICA8Rm9ybVBvc3RQYXJhbWV0ZXIgTmFtZT0idHh0T1REYXRlQmVnaW4kdHh0RGF0ZSIgVmFsdWU9IiIgUmVjb3JkZWRWYWx1ZT0iIiBDb3JyZWxhdGlvbkJpbmRpbmc9IiIgVXJsRW5jb2RlPSJUcnVlIiAvPg0KICAgICAgICA8Rm9ybVBvc3RQYXJhbWV0ZXIgTmFtZT0idHh0T1REYXRlRW5kJHR4dERhdGUiIFZhbHVlPSIiIFJlY29yZGVkVmFsdWU9IiIgQ29ycmVsYXRpb25CaW5kaW5nPSIiIFVybEVuY29kZT0iVHJ1ZSIgLz4NCiAgICAgICAgPEZvcm1Qb3N0UGFyYW1ldGVyIE5hbWU9InVjTW9kYWxQb3B1cDEkQ2xpZW50V2lkdGgiIFZhbHVlPSJ7eyRISURERU4xLnVjTW9kYWxQb3B1cDEkQ2xpZW50V2lkdGh9fSIgUmVjb3JkZWRWYWx1ZT0iMCIgQ29ycmVsYXRpb25CaW5kaW5nPSIiIFVybEVuY29kZT0iVHJ1ZSIgLz4NCiAgICAgICAgPEZvcm1Qb3N0UGFyYW1ldGVyIE5hbWU9InVjTW9kYWxQb3B1cDEkQ2xpZW50SGVpZ2h0IiBWYWx1ZT0ie3skSElEREVOMS51Y01vZGFsUG9wdXAxJENsaWVudEhlaWdodH19IiBSZWNvcmRlZFZhbHVlPSIwIiBDb3JyZWxhdGlvbkJpbmRpbmc9IiIgVXJsRW5jb2RlPSJUcnVlIiAvPg0KICAgICAgPC9Gb3JtUG9zdEh0dHBCb2R5Pg0KICAgIDwvUmVxdWVzdD4NCiAgPC9JdGVtcz4NCiAgPFZhbGlkYXRpb25SdWxlcz4NCiAgICA8VmFsaWRhdGlvblJ1bGUgQ2xhc3NuYW1lPSJNaWNyb3NvZnQuVmlzdWFsU3R1ZGlvLlRlc3RUb29scy5XZWJUZXN0aW5nLlJ1bGVzLlZhbGlkYXRlUmVzcG9uc2VVcmwsIE1pY3Jvc29mdC5WaXN1YWxTdHVkaW8uUXVhbGl0eVRvb2xzLldlYlRlc3RGcmFtZXdvcmssIFZlcnNpb249MTAuMC4wLjAsIEN1bHR1cmU9bmV1dHJhbCwgUHVibGljS2V5VG9rZW49YjAzZjVmN2YxMWQ1MGEzYSIgRGlzcGxheU5hbWU9IuWbnuaHiSBVUkwiIERlc2NyaXB0aW9uPSLpqZforYnlm57mh4kgVVJMIOWcqOWll+eUqOmHjeaWsOWwjuWQkeS5i+W+jOaYr+WQpuWSjOiomOmMhOeahOWbnuaHiSBVUkwg55u45ZCM44CC5bey5b+955WlIFF1ZXJ5U3RyaW5nIOWPg+aVuOOAgiIgTGV2ZWw9IkxvdyIgRXhlY3R1aW9uT3JkZXI9IkJlZm9yZURlcGVuZGVudHMiIC8+DQogICAgPFZhbGlkYXRpb25SdWxlIENsYXNzbmFtZT0iTWljcm9zb2Z0LlZpc3VhbFN0dWRpby5UZXN0VG9vbHMuV2ViVGVzdGluZy5SdWxlcy5WYWxpZGF0aW9uUnVsZVJlc3BvbnNlVGltZUdvYWwsIE1pY3Jvc29mdC5WaXN1YWxTdHVkaW8uUXVhbGl0eVRvb2xzLldlYlRlc3RGcmFtZXdvcmssIFZlcnNpb249MTAuMC4wLjAsIEN1bHR1cmU9bmV1dHJhbCwgUHVibGljS2V5VG9rZW49YjAzZjVmN2YxMWQ1MGEzYSIgRGlzcGxheU5hbWU9IuWbnuaHieaZgumWk+ebruaomSIgRGVzY3JpcHRpb249Iumpl+itieatpOimgeaxgueahOWbnuaHieaZgumWk+aYr+WQpuWwj+aWvOaIluetieaWvOatpOimgeaxguaJgOaMh+WumueahOWbnuaHieaZgumWk+ebruaomeOAguWbnuaHieaZgumWk+ebruaomeeCuumbtuWwh+iiq+W/veeVpeOAgiIgTGV2ZWw9IkxvdyIgRXhlY3R1aW9uT3JkZXI9IkFmdGVyRGVwZW5kZW50cyI+DQogICAgICA8UnVsZVBhcmFtZXRlcnM+DQogICAgICAgIDxSdWxlUGFyYW1ldGVyIE5hbWU9IlRvbGVyYW5jZSIgVmFsdWU9IjAiIC8+DQogICAgICA8L1J1bGVQYXJhbWV0ZXJzPg0KICAgIDwvVmFsaWRhdGlvblJ1bGU+DQogIDwvVmFsaWRhdGlvblJ1bGVzPg0KPC9XZWJUZXN0Pg==">
      <Execution id="83a8f096-d70c-4585-b297-eb770705a353" />
    </WebTest>
  </TestDefinitions>
  <TestLists>
    <TestList name="不在清單中的結果" id="8c84fa94-04c1-424b-9868-57a2d4851a1d" />
    <TestList name="所有載入的結果" id="19431567-8539-422a-85d7-44ee4e166bda" />
  </TestLists>
  <TestEntries>
    <TestEntry isTransparent="false" testId="32b3eb7f-657d-48cc-acc9-b304c0cd482c" executionId="83a8f096-d70c-4585-b297-eb770705a353" testListId="8c84fa94-04c1-424b-9868-57a2d4851a1d" />
  </TestEntries>
  <Results>
    <WebTestResult executionId="83a8f096-d70c-4585-b297-eb770705a353" testId="32b3eb7f-657d-48cc-acc9-b304c0cd482c" testName="WebTestSelectCase02" computerName="ANSONHUANG" duration="00:00:00.9610452" startTime="2017-05-18T09:40:56.9977295+08:00" endTime="2017-05-18T09:41:08.5487295+08:00" testType="4e7599fa-5ecb-43e9-a887-cd63cf72d207" outcome="Failed" testListId="8c84fa94-04c1-424b-9868-57a2d4851a1d" relativeResultsDirectory="83a8f096-d70c-4585-b297-eb770705a353">
      <Output>
        <ErrorInfo>
          <Message>3 項主要要求、0 項相依要求及 0 項條件式規則失敗</Message>
        </ErrorInfo>
      </Output>
      <ResultFiles>
        <ResultFile path="WebTestSelectCase02.webtestResult" />
      </ResultFiles>
      <TestSettings name="本機" id="f0316326-3a07-479d-8058-64131c18b509">
        <Description>這些是本機測試回合的預設測試設定。</Description>
        <Execution>
          <TestTypeSpecific>
            <WebTestRunConfiguration testTypeId="4e7599fa-5ecb-43e9-a887-cd63cf72d207">
              <Browser name="Internet Explorer 7.0">
                <Headers>
                  <Header name="User-Agent" value="Mozilla/4.0 (compatible; MSIE 7.0; Windows NT 5.1)" />
                  <Header name="Accept" value="*/*" />
                  <Header name="Accept-Language" value="{{$IEAcceptLanguage}}" />
                  <Header name="Accept-Encoding" value="GZIP" />
                </Headers>
              </Browser>
            </WebTestRunConfiguration>
          </TestTypeSpecific>
          <AgentRule name="Execution Agents">
          </AgentRule>
        </Execution>
        <Deployment runDeploymentRoot="YSHuang_ANSONHUANG 2017-05-18 09_40_55" />
      </TestSettings>
      <WebTestResultFilePath>YSHuang_ANSONHUANG 2017-05-18 09_40_55\In\83a8f096-d70c-4585-b297-eb770705a353\WebTestSelectCase02.webtestResult</WebTestResultFilePath>
    </WebTestResult>
  </Results>
</TestRun>