<?xml version="1.0" encoding="UTF-8"?>
<TestRun id="7013230d-b043-4a54-8d2d-9c488e3be12f" name="YSHuang@ANSONHUANG 2017-05-16 11:05:22" runUser="AnsonHuang\YSHuang" xmlns="http://microsoft.com/schemas/VisualStudio/TeamTest/2010">
  <TestSettings name="本機" id="f0316326-3a07-479d-8058-64131c18b509">
    <Description>這些是本機測試回合的預設測試設定。</Description>
    <Execution>
      <TestTypeSpecific />
      <AgentRule name="Execution Agents">
      </AgentRule>
    </Execution>
    <Deployment runDeploymentRoot="YSHuang_ANSONHUANG 2017-05-16 11_05_22" />
  </TestSettings>
  <Times creation="2017-05-16T11:05:22.9412471+08:00" queuing="2017-05-16T11:05:23.1367471+08:00" start="2017-05-16T11:05:23.2347471+08:00" finish="2017-05-16T11:05:34.4507471+08:00" />
  <ResultSummary outcome="Completed">
    <Counters total="1" executed="1" passed="1" error="0" failed="0" timeout="0" aborted="0" inconclusive="0" passedButRunAborted="0" notRunnable="0" notExecuted="0" disconnected="0" warning="0" completed="0" inProgress="0" pending="0" />
  </ResultSummary>
  <TestDefinitions>
    <WebTest name="WebTest1" storage="d:\git\attendant\loadtesting\loadtesting\webtest1.webtest" id="d1f0dc6a-f347-4b33-8582-0a71909fcaf1" persistedWebTest="77u/PD94bWwgdmVyc2lvbj0iMS4wIiBlbmNvZGluZz0iVVRGLTgiIHN0YW5kYWxvbmU9InllcyI/Pg0KPFdlYlRlc3QgTmFtZT0iV2ViVGVzdDEiIElkPSJkMWYwZGM2YS1mMzQ3LTRiMzMtODU4Mi0wYTcxOTA5ZmNhZjEiIE93bmVyPSIiIFByaW9yaXR5PSIyMTQ3NDgzNjQ3IiBFbmFibGVkPSJUcnVlIiBDc3NQcm9qZWN0U3RydWN0dXJlPSIiIENzc0l0ZXJhdGlvbj0iIiBUaW1lb3V0PSIwIiBXb3JrSXRlbUlkcz0iIiB4bWxucz0iaHR0cDovL21pY3Jvc29mdC5jb20vc2NoZW1hcy9WaXN1YWxTdHVkaW8vVGVhbVRlc3QvMjAxMCIgRGVzY3JpcHRpb249IiIgQ3JlZGVudGlhbFVzZXJOYW1lPSIiIENyZWRlbnRpYWxQYXNzd29yZD0iIiBQcmVBdXRoZW50aWNhdGU9IlRydWUiIFByb3h5PSJkZWZhdWx0IiBTdG9wT25FcnJvcj0iRmFsc2UiIFJlY29yZGVkUmVzdWx0RmlsZT0iV2ViVGVzdDEuZGE2MTMwN2EtYWQyYy00MWFlLWE4OWEtYWJkMzNiNjQ3ZTRiLnJlYy53ZWJ0ZXN0cmVzdWx0IiBSZXN1bHRzTG9jYWxlPSIiPg0KICA8SXRlbXM+DQogICAgPFJlcXVlc3QgTWV0aG9kPSJHRVQiIEd1aWQ9IjlkNDA4ODgyLWFjOWEtNDg1Mi05ODRiLTlkZGY3OWRjOGZlZiIgVmVyc2lvbj0iMS4xIiBVcmw9Imh0dHA6Ly8xMC4xMS4zNi4xMTQ6ODAwNy9ocmxvZ2luL2hybG9naW4uYXNweCIgVGhpbmtUaW1lPSIwIiBUaW1lb3V0PSIzMDAiIFBhcnNlRGVwZW5kZW50UmVxdWVzdHM9IlRydWUiIEZvbGxvd1JlZGlyZWN0cz0iVHJ1ZSIgUmVjb3JkUmVzdWx0PSJUcnVlIiBDYWNoZT0iRmFsc2UiIFJlc3BvbnNlVGltZUdvYWw9IjAiIEVuY29kaW5nPSJ1dGYtOCIgRXhwZWN0ZWRIdHRwU3RhdHVzQ29kZT0iMCIgRXhwZWN0ZWRSZXNwb25zZVVybD0iIiBSZXBvcnRpbmdOYW1lPSIiIElnbm9yZUh0dHBTdGF0dXNDb2RlPSJGYWxzZSI+DQogICAgICA8RXh0cmFjdGlvblJ1bGVzPg0KICAgICAgICA8RXh0cmFjdGlvblJ1bGUgQ2xhc3NuYW1lPSJNaWNyb3NvZnQuVmlzdWFsU3R1ZGlvLlRlc3RUb29scy5XZWJUZXN0aW5nLlJ1bGVzLkV4dHJhY3RIaWRkZW5GaWVsZHMsIE1pY3Jvc29mdC5WaXN1YWxTdHVkaW8uUXVhbGl0eVRvb2xzLldlYlRlc3RGcmFtZXdvcmssIFZlcnNpb249MTAuMC4wLjAsIEN1bHR1cmU9bmV1dHJhbCwgUHVibGljS2V5VG9rZW49YjAzZjVmN2YxMWQ1MGEzYSIgVmFyaWFibGVOYW1lPSIxIiBEaXNwbGF5TmFtZT0i5pO35Y+W6Zqx6JeP5qyE5L2NIiBEZXNjcmlwdGlvbj0i5pO35Y+W5Zue5oeJ5Lit55qE5omA5pyJ6Zqx6JeP5qyE5L2N77yM5Lim5bCH5a6D5YCR5pS+5Zyo5ris6Kmm5YWn5a655Lit44CCIj4NCiAgICAgICAgICA8UnVsZVBhcmFtZXRlcnM+DQogICAgICAgICAgICA8UnVsZVBhcmFtZXRlciBOYW1lPSJSZXF1aXJlZCIgVmFsdWU9IlRydWUiIC8+DQogICAgICAgICAgICA8UnVsZVBhcmFtZXRlciBOYW1lPSJIdG1sRGVjb2RlIiBWYWx1ZT0iVHJ1ZSIgLz4NCiAgICAgICAgICA8L1J1bGVQYXJhbWV0ZXJzPg0KICAgICAgICA8L0V4dHJhY3Rpb25SdWxlPg0KICAgICAgPC9FeHRyYWN0aW9uUnVsZXM+DQogICAgICA8Q29ycmVsYXRpb25FeHRyYWN0aW9uUnVsZXM+DQogICAgICAgIDxFeHRyYWN0aW9uUnVsZSBDbGFzc25hbWU9Ik1pY3Jvc29mdC5WaXN1YWxTdHVkaW8uVGVzdFRvb2xzLldlYlRlc3RpbmcuUnVsZXMuRXh0cmFjdEZvcm1GaWVsZCwgTWljcm9zb2Z0LlZpc3VhbFN0dWRpby5RdWFsaXR5VG9vbHMuV2ViVGVzdEZyYW1ld29yaywgVmVyc2lvbj0xMC4wLjAuMCwgQ3VsdHVyZT1uZXV0cmFsLCBQdWJsaWNLZXlUb2tlbj1iMDNmNWY3ZjExZDUwYTNhIiBWYXJpYWJsZU5hbWU9IkZvcm1Qb3N0UGFyYW0zNy5idG5FeGVjdXRlIiBEaXNwbGF5TmFtZT0iIiBEZXNjcmlwdGlvbj0iIj4NCiAgICAgICAgICA8UnVsZVBhcmFtZXRlcnM+DQogICAgICAgICAgICA8UnVsZVBhcmFtZXRlciBOYW1lPSJOYW1lIiBWYWx1ZT0iYnRuRXhlY3V0ZSIgLz4NCiAgICAgICAgICAgIDxSdWxlUGFyYW1ldGVyIE5hbWU9Ikh0bWxEZWNvZGUiIFZhbHVlPSJUcnVlIiAvPg0KICAgICAgICAgICAgPFJ1bGVQYXJhbWV0ZXIgTmFtZT0iUmVxdWlyZWQiIFZhbHVlPSJGYWxzZSIgLz4NCiAgICAgICAgICAgIDxSdWxlUGFyYW1ldGVyIE5hbWU9IkluZGV4IiBWYWx1ZT0iMCIgLz4NCiAgICAgICAgICA8L1J1bGVQYXJhbWV0ZXJzPg0KICAgICAgICA8L0V4dHJhY3Rpb25SdWxlPg0KICAgICAgICA8RXh0cmFjdGlvblJ1bGUgQ2xhc3NuYW1lPSJNaWNyb3NvZnQuVmlzdWFsU3R1ZGlvLlRlc3RUb29scy5XZWJUZXN0aW5nLlJ1bGVzLkV4dHJhY3RUZXh0LCBNaWNyb3NvZnQuVmlzdWFsU3R1ZGlvLlF1YWxpdHlUb29scy5XZWJUZXN0RnJhbWV3b3JrLCBWZXJzaW9uPTEwLjAuMC4wLCBDdWx0dXJlPW5ldXRyYWwsIFB1YmxpY0tleVRva2VuPWIwM2Y1ZjdmMTFkNTBhM2EiIFZhcmlhYmxlTmFtZT0iRm9ybVBvc3RQYXJhbTM4LmRkbFVJQ3VsdHVyZSIgRGlzcGxheU5hbWU9IiIgRGVzY3JpcHRpb249IiI+DQogICAgICAgICAgPFJ1bGVQYXJhbWV0ZXJzPg0KICAgICAgICAgICAgPFJ1bGVQYXJhbWV0ZXIgTmFtZT0iU3RhcnRzV2l0aCIgVmFsdWU9Imx1ZT0mcXVvdDsiIC8+DQogICAgICAgICAgICA8UnVsZVBhcmFtZXRlciBOYW1lPSJFbmRzV2l0aCIgVmFsdWU9IiZxdW90OyZndDvmraPpq5TkuK0iIC8+DQogICAgICAgICAgICA8UnVsZVBhcmFtZXRlciBOYW1lPSJJbmRleCIgVmFsdWU9IjgiIC8+DQogICAgICAgICAgICA8UnVsZVBhcmFtZXRlciBOYW1lPSJJZ25vcmVDYXNlIiBWYWx1ZT0iRmFsc2UiIC8+DQogICAgICAgICAgICA8UnVsZVBhcmFtZXRlciBOYW1lPSJVc2VSZWd1bGFyRXhwcmVzc2lvbiIgVmFsdWU9IkZhbHNlIiAvPg0KICAgICAgICAgICAgPFJ1bGVQYXJhbWV0ZXIgTmFtZT0iSHRtbERlY29kZSIgVmFsdWU9IlRydWUiIC8+DQogICAgICAgICAgICA8UnVsZVBhcmFtZXRlciBOYW1lPSJSZXF1aXJlZCIgVmFsdWU9IkZhbHNlIiAvPg0KICAgICAgICAgIDwvUnVsZVBhcmFtZXRlcnM+DQogICAgICAgIDwvRXh0cmFjdGlvblJ1bGU+DQogICAgICA8L0NvcnJlbGF0aW9uRXh0cmFjdGlvblJ1bGVzPg0KICAgIDwvUmVxdWVzdD4NCiAgICA8UmVxdWVzdCBNZXRob2Q9IlBPU1QiIEd1aWQ9IjRkNjFmZDYzLWYzNzctNDNkZC05MWU4LWNjZmUxOTJmZDQzOSIgVmVyc2lvbj0iMS4xIiBVcmw9Imh0dHA6Ly8xMC4xMS4zNi4xMTQ6ODAwNy9ocmxvZ2luL2hybG9naW4uYXNweCIgVGhpbmtUaW1lPSIyMiIgVGltZW91dD0iMzAwIiBQYXJzZURlcGVuZGVudFJlcXVlc3RzPSJUcnVlIiBGb2xsb3dSZWRpcmVjdHM9IlRydWUiIFJlY29yZFJlc3VsdD0iVHJ1ZSIgQ2FjaGU9IkZhbHNlIiBSZXNwb25zZVRpbWVHb2FsPSIwIiBFbmNvZGluZz0idXRmLTgiIEV4cGVjdGVkSHR0cFN0YXR1c0NvZGU9IjAiIEV4cGVjdGVkUmVzcG9uc2VVcmw9IiIgUmVwb3J0aW5nTmFtZT0iIiBJZ25vcmVIdHRwU3RhdHVzQ29kZT0iRmFsc2UiPg0KICAgICAgPEZvcm1Qb3N0SHR0cEJvZHk+DQogICAgICAgIDxGb3JtUG9zdFBhcmFtZXRlciBOYW1lPSJfX0xBU1RGT0NVUyIgVmFsdWU9Int7JEhJRERFTjEuX19MQVNURk9DVVN9fSIgUmVjb3JkZWRWYWx1ZT0iIiBDb3JyZWxhdGlvbkJpbmRpbmc9IiIgVXJsRW5jb2RlPSJUcnVlIiAvPg0KICAgICAgICA8Rm9ybVBvc3RQYXJhbWV0ZXIgTmFtZT0iX19FVkVOVFRBUkdFVCIgVmFsdWU9Int7JEhJRERFTjEuX19FVkVOVFRBUkdFVH19IiBSZWNvcmRlZFZhbHVlPSIiIENvcnJlbGF0aW9uQmluZGluZz0iIiBVcmxFbmNvZGU9IlRydWUiIC8+DQogICAgICAgIDxGb3JtUG9zdFBhcmFtZXRlciBOYW1lPSJfX0VWRU5UQVJHVU1FTlQiIFZhbHVlPSJ7eyRISURERU4xLl9fRVZFTlRBUkdVTUVOVH19IiBSZWNvcmRlZFZhbHVlPSIiIENvcnJlbGF0aW9uQmluZGluZz0iIiBVcmxFbmNvZGU9IlRydWUiIC8+DQogICAgICAgIDxGb3JtUG9zdFBhcmFtZXRlciBOYW1lPSJfX1ZJRVdTVEFURSIgVmFsdWU9Int7JEhJRERFTjEuX19WSUVXU1RBVEV9fSIgUmVjb3JkZWRWYWx1ZT0iL3dFUER3VUtMVFExTkRNMU1UQTBNZzlrRmdJQ0F3OWtGZ1FDQVE4V0FoNEhWbWx6YVdKc1pXY1dCQUlCRHc4V0hoNEtYMDFoZUV4bGJtZDBhR1llRWw5SmMwRjFkRzlVYjFWd2NHVnlRMkZ6WldnZURGOUpjMEZqZEdsMlpVbE5SV2NlQzE5SmMxQmhjM04zYjNKa2FCNE9YMVJsZUhSVGFHbG1kRXRwYm1RTEtYOVRhVzV2VUdGakxsZGxZa1Y0Y0hKbGMzTXVRMjl0Ylc5dUxsVjBhV3dyVkdWNGRGTm9hV1owUzJsdVpDd2dVMmx1YjFCaFl5NVhaV0pGZUhCeVpYTnpMa052YlcxdmJpd2dWbVZ5YzJsdmJqMDNMak11TXpFdU1Td2dRM1ZzZEhWeVpUMXVaWFYwY21Gc0xDQlFkV0pzYVdOTFpYbFViMnRsYmoxdWRXeHNBQjRLWDFkaGRHVnlUV0Z5YTJVZUNGOUpjME5zWldGeWFCNElYMVJ2YjJ4VWFYQmxIZ3RmU1hOU1pXRmtUMjVzZVdnZUNWOURjM05EYkdGemMyVWVEMTlKYzFkcFpIUm9RbmxRYVhobGJHY2VFMTlKYzBScGMzQkZiblJsY21Wa1YyOXlaSE5vSGdaZlYybGtkR2dDVUI0SVgwbHpSbTlqZFhObkhnbGZTWE5TWldkRmVIQm9aQllFQWdFUFpCWUNBZ0VQRUE5a0ZnSWVCMjl1WTJ4cFkyc0Z2d0YyWVhJZ2IxWmhiR2xrSUQwZ1pHOWpkVzFsYm5RdVoyVjBSV3hsYldWdWRFSjVTV1FvSjNSNGRGVnpaWEpKUkY5U1pYRjFhWEpsWkVacFpXeGtWbUZzYVdSaGRHOXlNU2NwTzFaaGJHbGtZWFJ2Y2tWdVlXSnNaU2h2Vm1Gc2FXUXNkR2hwY3k1amFHVmphMlZrS1R0VmRHbHNYME5vYTBKdmVGUnZaMmRzWlZacGMybGlhV3hwZEhrb0ozUjRkRlZ6WlhKSlJGOWphR3RXYVhOcFltbHNhWFI1Snl3Z0ozUjRkRlZ6WlhKSlJGOWthWFpFWVhSaFFYSmxZU2NwTzJSa1pBSUREeFlDSGdWemRIbHNaUVUyWm14dllYUTZiR1ZtZER0a2FYTndiR0Y1T21sdWJHbHVaUzFpYkc5amF6dHdZV1JrYVc1bk9qQTdkbWx6YVdKcGJHbDBlVG83RmdZQ0FROFBGZ2dlQ0ZKbFlXUlBibXg1YUI0RlYybGtkR2diQUFBQUFBQUFWRUFCQUFBQUhnaERjM05EYkdGemMyVWVCRjhoVTBJQ2dnSVdBaDRIYjI1clpYbDFjQVVPZEdocGN5NTBhWFJzWlQwbkp6dGtBZ01QRHhZRUh4TWJBQUFBQUFBQVZFQUJBQUFBSHhVQ2dBSmtaQUlGRDJRV0FnSUJEdzhXQWg0RVZHVjRkQVVYVytXa3ArV3ZxK21PbHVXdW1sM2x0N0xsbFovbmxLZ1dBaDhSQlpRQmNHRmtaR2x1WnpvZ01uQjRJREV3Y0hnZ01uQjRJREV3Y0hnN0lHTnZiRzl5T2lNd01EQTdJR0poWTJ0bmNtOTFibVE2SUNOR1JrVTRRVFk3SUdadmJuUXRkMlZwWjJoME9pQmliMnhrT3lCaWIzSmtaWEk2SURGd2VDQnpiMnhwWkNCa1lYSnJaM0poZVRzZ2QyaHBkR1V0YzNCaFkyVTZJRzV2ZDNKaGNEc2dZbTl5WkdWeUxYSmhaR2wxY3pvZ00zQjRPMlFDQXc4UUR4WUdIZzVFWVhSaFZtRnNkV1ZHYVdWc1pBVURTMlY1SGcxRVlYUmhWR1Y0ZEVacFpXeGtCUVZXWVd4MVpSNExYeUZFWVhSaFFtOTFibVJuWkJBVkJBZEZibWRzYVhOb0RPZXVnT1M5aytTNHJlYVdod3ptcmFQcHE1VGt1SzNtbG9jTTU2NkE1TDJUNXJHSjZLK3RGUVFDWlc0R2VtZ3RRMGhUQm5wb0xVTklWQWQ2YUMxSVlXNXpGQ3NEQkdkbloyZGtaQUlERHc4V0FoOFhaV1JrWkNjVlJZWFRoOWpDQ013U2N3NG5SdVYwOW0vOSIgQ29ycmVsYXRpb25CaW5kaW5nPSIiIFVybEVuY29kZT0iVHJ1ZSIgLz4NCiAgICAgICAgPEZvcm1Qb3N0UGFyYW1ldGVyIE5hbWU9Il9fVklFV1NUQVRFR0VORVJBVE9SIiBWYWx1ZT0ie3skSElEREVOMS5fX1ZJRVdTVEFURUdFTkVSQVRPUn19IiBSZWNvcmRlZFZhbHVlPSI1QkIwRjI5MCIgQ29ycmVsYXRpb25CaW5kaW5nPSIiIFVybEVuY29kZT0iVHJ1ZSIgLz4NCiAgICAgICAgPEZvcm1Qb3N0UGFyYW1ldGVyIE5hbWU9Il9fRVZFTlRWQUxJREFUSU9OIiBWYWx1ZT0ie3skSElEREVOMS5fX0VWRU5UVkFMSURBVElPTn19IiBSZWNvcmRlZFZhbHVlPSIvd0VkQUFqWnpnZWRLN1dIbnVLQTJvK3NWUkFUWmhUcW8yeWRyY0F2VlhoVlgwS0ZLWUlGZlJSWmhYc3hVeTQzcWZtVmdQK0xSYnFYQXI0cFhSQXg1TGdQUEZqZ2VDUEZjbjVhUE1ZaEI2Z2VsMG8vYmwzRlEvcW5RVzJ1Rm9aUG5od3JKMWRnekNrcHFjWEhvTFdSK2ZjOHhIM1lSclBwR3pyRCtaRzBXazRZcm4zNUZ2a2VmL3RaUmc3R2NGTjM3TmdLRzZVV05QZ2UiIENvcnJlbGF0aW9uQmluZGluZz0iIiBVcmxFbmNvZGU9IlRydWUiIC8+DQogICAgICAgIDxGb3JtUG9zdFBhcmFtZXRlciBOYW1lPSJ0eHRVc2VySUQkdHh0RGF0YSIgVmFsdWU9IjEwMjExOSIgUmVjb3JkZWRWYWx1ZT0iMTAyMTE5IiBDb3JyZWxhdGlvbkJpbmRpbmc9IiIgVXJsRW5jb2RlPSJUcnVlIiAvPg0KICAgICAgICA8Rm9ybVBvc3RQYXJhbWV0ZXIgTmFtZT0iZGRsVUlDdWx0dXJlIiBWYWx1ZT0iemgtQ0hUIiBSZWNvcmRlZFZhbHVlPSJ6aC1DSFQiIENvcnJlbGF0aW9uQmluZGluZz0ie3tGb3JtUG9zdFBhcmFtMzguZGRsVUlDdWx0dXJlfX0iIFVybEVuY29kZT0iVHJ1ZSIgLz4NCiAgICAgICAgPEZvcm1Qb3N0UGFyYW1ldGVyIE5hbWU9ImJ0bkV4ZWN1dGUiIFZhbHVlPSJMb2NhbCBMb2dpbiIgUmVjb3JkZWRWYWx1ZT0iTG9jYWwgTG9naW4iIENvcnJlbGF0aW9uQmluZGluZz0ie3tGb3JtUG9zdFBhcmFtMzcuYnRuRXhlY3V0ZX19IiBVcmxFbmNvZGU9IlRydWUiIC8+DQogICAgICA8L0Zvcm1Qb3N0SHR0cEJvZHk+DQogICAgPC9SZXF1ZXN0Pg0KICAgIDxSZXF1ZXN0IE1ldGhvZD0iR0VUIiBHdWlkPSI3N2M1OWI0OS1hOWUxLTRhZmYtOGY3My05Y2VmOWM1YWYyMWEiIFZlcnNpb249IjEuMSIgVXJsPSJodHRwOi8vMTAuMTEuMzYuMTE0OjgwMDcvT3ZlclRpbWUvT3ZlcnRpbWVQcmVPcmRlci5hc3B4IiBUaGlua1RpbWU9IjEwIiBUaW1lb3V0PSIzMDAiIFBhcnNlRGVwZW5kZW50UmVxdWVzdHM9IlRydWUiIEZvbGxvd1JlZGlyZWN0cz0iVHJ1ZSIgUmVjb3JkUmVzdWx0PSJUcnVlIiBDYWNoZT0iRmFsc2UiIFJlc3BvbnNlVGltZUdvYWw9IjAiIEVuY29kaW5nPSJ1dGYtOCIgRXhwZWN0ZWRIdHRwU3RhdHVzQ29kZT0iMCIgRXhwZWN0ZWRSZXNwb25zZVVybD0iIiBSZXBvcnRpbmdOYW1lPSIiIElnbm9yZUh0dHBTdGF0dXNDb2RlPSJGYWxzZSI+DQogICAgICA8RXh0cmFjdGlvblJ1bGVzPg0KICAgICAgICA8RXh0cmFjdGlvblJ1bGUgQ2xhc3NuYW1lPSJNaWNyb3NvZnQuVmlzdWFsU3R1ZGlvLlRlc3RUb29scy5XZWJUZXN0aW5nLlJ1bGVzLkV4dHJhY3RIaWRkZW5GaWVsZHMsIE1pY3Jvc29mdC5WaXN1YWxTdHVkaW8uUXVhbGl0eVRvb2xzLldlYlRlc3RGcmFtZXdvcmssIFZlcnNpb249MTAuMC4wLjAsIEN1bHR1cmU9bmV1dHJhbCwgUHVibGljS2V5VG9rZW49YjAzZjVmN2YxMWQ1MGEzYSIgVmFyaWFibGVOYW1lPSIxIiBEaXNwbGF5TmFtZT0i5pO35Y+W6Zqx6JeP5qyE5L2NIiBEZXNjcmlwdGlvbj0i5pO35Y+W5Zue5oeJ5Lit55qE5omA5pyJ6Zqx6JeP5qyE5L2N77yM5Lim5bCH5a6D5YCR5pS+5Zyo5ris6Kmm5YWn5a655Lit44CCIj4NCiAgICAgICAgICA8UnVsZVBhcmFtZXRlcnM+DQogICAgICAgICAgICA8UnVsZVBhcmFtZXRlciBOYW1lPSJSZXF1aXJlZCIgVmFsdWU9IlRydWUiIC8+DQogICAgICAgICAgICA8UnVsZVBhcmFtZXRlciBOYW1lPSJIdG1sRGVjb2RlIiBWYWx1ZT0iVHJ1ZSIgLz4NCiAgICAgICAgICA8L1J1bGVQYXJhbWV0ZXJzPg0KICAgICAgICA8L0V4dHJhY3Rpb25SdWxlPg0KICAgICAgPC9FeHRyYWN0aW9uUnVsZXM+DQogICAgICA8Q29ycmVsYXRpb25FeHRyYWN0aW9uUnVsZXM+DQogICAgICAgIDxFeHRyYWN0aW9uUnVsZSBDbGFzc25hbWU9Ik1pY3Jvc29mdC5WaXN1YWxTdHVkaW8uVGVzdFRvb2xzLldlYlRlc3RpbmcuUnVsZXMuRXh0cmFjdEZvcm1GaWVsZCwgTWljcm9zb2Z0LlZpc3VhbFN0dWRpby5RdWFsaXR5VG9vbHMuV2ViVGVzdEZyYW1ld29yaywgVmVyc2lvbj0xMC4wLjAuMCwgQ3VsdHVyZT1uZXV0cmFsLCBQdWJsaWNLZXlUb2tlbj1iMDNmNWY3ZjExZDUwYTNhIiBWYXJpYWJsZU5hbWU9IkZvcm1Qb3N0UGFyYW0zMy5idG5RdWVyeSIgRGlzcGxheU5hbWU9IiIgRGVzY3JpcHRpb249IiI+DQogICAgICAgICAgPFJ1bGVQYXJhbWV0ZXJzPg0KICAgICAgICAgICAgPFJ1bGVQYXJhbWV0ZXIgTmFtZT0iTmFtZSIgVmFsdWU9ImJ0blF1ZXJ5IiAvPg0KICAgICAgICAgICAgPFJ1bGVQYXJhbWV0ZXIgTmFtZT0iSHRtbERlY29kZSIgVmFsdWU9IlRydWUiIC8+DQogICAgICAgICAgICA8UnVsZVBhcmFtZXRlciBOYW1lPSJSZXF1aXJlZCIgVmFsdWU9IkZhbHNlIiAvPg0KICAgICAgICAgICAgPFJ1bGVQYXJhbWV0ZXIgTmFtZT0iSW5kZXgiIFZhbHVlPSIwIiAvPg0KICAgICAgICAgIDwvUnVsZVBhcmFtZXRlcnM+DQogICAgICAgIDwvRXh0cmFjdGlvblJ1bGU+DQogICAgICAgIDxFeHRyYWN0aW9uUnVsZSBDbGFzc25hbWU9Ik1pY3Jvc29mdC5WaXN1YWxTdHVkaW8uVGVzdFRvb2xzLldlYlRlc3RpbmcuUnVsZXMuRXh0cmFjdEZvcm1GaWVsZCwgTWljcm9zb2Z0LlZpc3VhbFN0dWRpby5RdWFsaXR5VG9vbHMuV2ViVGVzdEZyYW1ld29yaywgVmVyc2lvbj0xMC4wLjAuMCwgQ3VsdHVyZT1uZXV0cmFsLCBQdWJsaWNLZXlUb2tlbj1iMDNmNWY3ZjExZDUwYTNhIiBWYXJpYWJsZU5hbWU9IkZvcm1Qb3N0UGFyYW0zNC50eHRPVEVtcElEIiBEaXNwbGF5TmFtZT0iIiBEZXNjcmlwdGlvbj0iIj4NCiAgICAgICAgICA8UnVsZVBhcmFtZXRlcnM+DQogICAgICAgICAgICA8UnVsZVBhcmFtZXRlciBOYW1lPSJOYW1lIiBWYWx1ZT0idHh0T1RFbXBJRCIgLz4NCiAgICAgICAgICAgIDxSdWxlUGFyYW1ldGVyIE5hbWU9Ikh0bWxEZWNvZGUiIFZhbHVlPSJUcnVlIiAvPg0KICAgICAgICAgICAgPFJ1bGVQYXJhbWV0ZXIgTmFtZT0iUmVxdWlyZWQiIFZhbHVlPSJGYWxzZSIgLz4NCiAgICAgICAgICAgIDxSdWxlUGFyYW1ldGVyIE5hbWU9IkluZGV4IiBWYWx1ZT0iMCIgLz4NCiAgICAgICAgICA8L1J1bGVQYXJhbWV0ZXJzPg0KICAgICAgICA8L0V4dHJhY3Rpb25SdWxlPg0KICAgICAgICA8RXh0cmFjdGlvblJ1bGUgQ2xhc3NuYW1lPSJNaWNyb3NvZnQuVmlzdWFsU3R1ZGlvLlRlc3RUb29scy5XZWJUZXN0aW5nLlJ1bGVzLkV4dHJhY3RUZXh0LCBNaWNyb3NvZnQuVmlzdWFsU3R1ZGlvLlF1YWxpdHlUb29scy5XZWJUZXN0RnJhbWV3b3JrLCBWZXJzaW9uPTEwLjAuMC4wLCBDdWx0dXJlPW5ldXRyYWwsIFB1YmxpY0tleVRva2VuPWIwM2Y1ZjdmMTFkNTBhM2EiIFZhcmlhYmxlTmFtZT0iRm9ybVBvc3RQYXJhbTM1LmRkbFF1ZXJ5Q29uZGl0aW9ucyIgRGlzcGxheU5hbWU9IiIgRGVzY3JpcHRpb249IiI+DQogICAgICAgICAgPFJ1bGVQYXJhbWV0ZXJzPg0KICAgICAgICAgICAgPFJ1bGVQYXJhbWV0ZXIgTmFtZT0iU3RhcnRzV2l0aCIgVmFsdWU9InMmcXVvdDs6WyZxdW90OyIgLz4NCiAgICAgICAgICAgIDxSdWxlUGFyYW1ldGVyIE5hbWU9IkVuZHNXaXRoIiBWYWx1ZT0iJnF1b3Q7LCZxdW90OzEmcXVvdDsiIC8+DQogICAgICAgICAgICA8UnVsZVBhcmFtZXRlciBOYW1lPSJJbmRleCIgVmFsdWU9IjAiIC8+DQogICAgICAgICAgICA8UnVsZVBhcmFtZXRlciBOYW1lPSJJZ25vcmVDYXNlIiBWYWx1ZT0iRmFsc2UiIC8+DQogICAgICAgICAgICA8UnVsZVBhcmFtZXRlciBOYW1lPSJVc2VSZWd1bGFyRXhwcmVzc2lvbiIgVmFsdWU9IkZhbHNlIiAvPg0KICAgICAgICAgICAgPFJ1bGVQYXJhbWV0ZXIgTmFtZT0iSHRtbERlY29kZSIgVmFsdWU9IlRydWUiIC8+DQogICAgICAgICAgICA8UnVsZVBhcmFtZXRlciBOYW1lPSJSZXF1aXJlZCIgVmFsdWU9IkZhbHNlIiAvPg0KICAgICAgICAgIDwvUnVsZVBhcmFtZXRlcnM+DQogICAgICAgIDwvRXh0cmFjdGlvblJ1bGU+DQogICAgICAgIDxFeHRyYWN0aW9uUnVsZSBDbGFzc25hbWU9Ik1pY3Jvc29mdC5WaXN1YWxTdHVkaW8uVGVzdFRvb2xzLldlYlRlc3RpbmcuUnVsZXMuRXh0cmFjdFRleHQsIE1pY3Jvc29mdC5WaXN1YWxTdHVkaW8uUXVhbGl0eVRvb2xzLldlYlRlc3RGcmFtZXdvcmssIFZlcnNpb249MTAuMC4wLjAsIEN1bHR1cmU9bmV1dHJhbCwgUHVibGljS2V5VG9rZW49YjAzZjVmN2YxMWQ1MGEzYSIgVmFyaWFibGVOYW1lPSJGb3JtUG9zdFBhcmFtMzYuZGRsT1RTdGF0dXMiIERpc3BsYXlOYW1lPSIiIERlc2NyaXB0aW9uPSIiPg0KICAgICAgICAgIDxSdWxlUGFyYW1ldGVycz4NCiAgICAgICAgICAgIDxSdWxlUGFyYW1ldGVyIE5hbWU9IlN0YXJ0c1dpdGgiIFZhbHVlPSImcXVvdDswJnF1b3Q7LCZxdW90OyIgLz4NCiAgICAgICAgICAgIDxSdWxlUGFyYW1ldGVyIE5hbWU9IkVuZHNXaXRoIiBWYWx1ZT0iJnF1b3Q7LCZxdW90OzImcXVvdDsiIC8+DQogICAgICAgICAgICA8UnVsZVBhcmFtZXRlciBOYW1lPSJJbmRleCIgVmFsdWU9IjAiIC8+DQogICAgICAgICAgICA8UnVsZVBhcmFtZXRlciBOYW1lPSJJZ25vcmVDYXNlIiBWYWx1ZT0iRmFsc2UiIC8+DQogICAgICAgICAgICA8UnVsZVBhcmFtZXRlciBOYW1lPSJVc2VSZWd1bGFyRXhwcmVzc2lvbiIgVmFsdWU9IkZhbHNlIiAvPg0KICAgICAgICAgICAgPFJ1bGVQYXJhbWV0ZXIgTmFtZT0iSHRtbERlY29kZSIgVmFsdWU9IlRydWUiIC8+DQogICAgICAgICAgICA8UnVsZVBhcmFtZXRlciBOYW1lPSJSZXF1aXJlZCIgVmFsdWU9IkZhbHNlIiAvPg0KICAgICAgICAgIDwvUnVsZVBhcmFtZXRlcnM+DQogICAgICAgIDwvRXh0cmFjdGlvblJ1bGU+DQogICAgICA8L0NvcnJlbGF0aW9uRXh0cmFjdGlvblJ1bGVzPg0KICAgIDwvUmVxdWVzdD4NCiAgICA8UmVxdWVzdCBNZXRob2Q9IlBPU1QiIEd1aWQ9IjRmMjQxNDQ5LWViMTMtNGZhYi1iYTIwLTBkYWUxOGNkMTc3OCIgVmVyc2lvbj0iMS4xIiBVcmw9Imh0dHA6Ly8xMC4xMS4zNi4xMTQ6ODAwNy9PdmVyVGltZS9PdmVydGltZVByZU9yZGVyLmFzcHgiIFRoaW5rVGltZT0iODIiIFRpbWVvdXQ9IjMwMCIgUGFyc2VEZXBlbmRlbnRSZXF1ZXN0cz0iVHJ1ZSIgRm9sbG93UmVkaXJlY3RzPSJUcnVlIiBSZWNvcmRSZXN1bHQ9IlRydWUiIENhY2hlPSJGYWxzZSIgUmVzcG9uc2VUaW1lR29hbD0iMCIgRW5jb2Rpbmc9InV0Zi04IiBFeHBlY3RlZEh0dHBTdGF0dXNDb2RlPSIwIiBFeHBlY3RlZFJlc3BvbnNlVXJsPSIiIFJlcG9ydGluZ05hbWU9IiIgSWdub3JlSHR0cFN0YXR1c0NvZGU9IkZhbHNlIj4NCiAgICAgIDxFeHRyYWN0aW9uUnVsZXM+DQogICAgICAgIDxFeHRyYWN0aW9uUnVsZSBDbGFzc25hbWU9Ik1pY3Jvc29mdC5WaXN1YWxTdHVkaW8uVGVzdFRvb2xzLldlYlRlc3RpbmcuUnVsZXMuRXh0cmFjdEhpZGRlbkZpZWxkcywgTWljcm9zb2Z0LlZpc3VhbFN0dWRpby5RdWFsaXR5VG9vbHMuV2ViVGVzdEZyYW1ld29yaywgVmVyc2lvbj0xMC4wLjAuMCwgQ3VsdHVyZT1uZXV0cmFsLCBQdWJsaWNLZXlUb2tlbj1iMDNmNWY3ZjExZDUwYTNhIiBWYXJpYWJsZU5hbWU9IjEiIERpc3BsYXlOYW1lPSLmk7flj5bpmrHol4/mrITkvY0iIERlc2NyaXB0aW9uPSLmk7flj5blm57mh4nkuK3nmoTmiYDmnInpmrHol4/mrITkvY3vvIzkuKblsIflroPlgJHmlL7lnKjmuKzoqablhaflrrnkuK3jgIIiPg0KICAgICAgICAgIDxSdWxlUGFyYW1ldGVycz4NCiAgICAgICAgICAgIDxSdWxlUGFyYW1ldGVyIE5hbWU9IlJlcXVpcmVkIiBWYWx1ZT0iVHJ1ZSIgLz4NCiAgICAgICAgICAgIDxSdWxlUGFyYW1ldGVyIE5hbWU9Ikh0bWxEZWNvZGUiIFZhbHVlPSJUcnVlIiAvPg0KICAgICAgICAgIDwvUnVsZVBhcmFtZXRlcnM+DQogICAgICAgIDwvRXh0cmFjdGlvblJ1bGU+DQogICAgICA8L0V4dHJhY3Rpb25SdWxlcz4NCiAgICAgIDxDb3JyZWxhdGlvbkV4dHJhY3Rpb25SdWxlcz4NCiAgICAgICAgPEV4dHJhY3Rpb25SdWxlIENsYXNzbmFtZT0iTWljcm9zb2Z0LlZpc3VhbFN0dWRpby5UZXN0VG9vbHMuV2ViVGVzdGluZy5SdWxlcy5FeHRyYWN0Rm9ybUZpZWxkLCBNaWNyb3NvZnQuVmlzdWFsU3R1ZGlvLlF1YWxpdHlUb29scy5XZWJUZXN0RnJhbWV3b3JrLCBWZXJzaW9uPTEwLjAuMC4wLCBDdWx0dXJlPW5ldXRyYWwsIFB1YmxpY0tleVRva2VuPWIwM2Y1ZjdmMTFkNTBhM2EiIFZhcmlhYmxlTmFtZT0iRm9ybVBvc3RQYXJhbTI5LmJ0blVwZGF0ZSIgRGlzcGxheU5hbWU9IiIgRGVzY3JpcHRpb249IiI+DQogICAgICAgICAgPFJ1bGVQYXJhbWV0ZXJzPg0KICAgICAgICAgICAgPFJ1bGVQYXJhbWV0ZXIgTmFtZT0iTmFtZSIgVmFsdWU9ImJ0blVwZGF0ZSIgLz4NCiAgICAgICAgICAgIDxSdWxlUGFyYW1ldGVyIE5hbWU9Ikh0bWxEZWNvZGUiIFZhbHVlPSJUcnVlIiAvPg0KICAgICAgICAgICAgPFJ1bGVQYXJhbWV0ZXIgTmFtZT0iUmVxdWlyZWQiIFZhbHVlPSJGYWxzZSIgLz4NCiAgICAgICAgICAgIDxSdWxlUGFyYW1ldGVyIE5hbWU9IkluZGV4IiBWYWx1ZT0iMCIgLz4NCiAgICAgICAgICA8L1J1bGVQYXJhbWV0ZXJzPg0KICAgICAgICA8L0V4dHJhY3Rpb25SdWxlPg0KICAgICAgICA8RXh0cmFjdGlvblJ1bGUgQ2xhc3NuYW1lPSJNaWNyb3NvZnQuVmlzdWFsU3R1ZGlvLlRlc3RUb29scy5XZWJUZXN0aW5nLlJ1bGVzLkV4dHJhY3RGb3JtRmllbGQsIE1pY3Jvc29mdC5WaXN1YWxTdHVkaW8uUXVhbGl0eVRvb2xzLldlYlRlc3RGcmFtZXdvcmssIFZlcnNpb249MTAuMC4wLjAsIEN1bHR1cmU9bmV1dHJhbCwgUHVibGljS2V5VG9rZW49YjAzZjVmN2YxMWQ1MGEzYSIgVmFyaWFibGVOYW1lPSJGb3JtUG9zdFBhcmFtMzAudHh0T1RFbXBJRCIgRGlzcGxheU5hbWU9IiIgRGVzY3JpcHRpb249IiI+DQogICAgICAgICAgPFJ1bGVQYXJhbWV0ZXJzPg0KICAgICAgICAgICAgPFJ1bGVQYXJhbWV0ZXIgTmFtZT0iTmFtZSIgVmFsdWU9InR4dE9URW1wSUQiIC8+DQogICAgICAgICAgICA8UnVsZVBhcmFtZXRlciBOYW1lPSJIdG1sRGVjb2RlIiBWYWx1ZT0iVHJ1ZSIgLz4NCiAgICAgICAgICAgIDxSdWxlUGFyYW1ldGVyIE5hbWU9IlJlcXVpcmVkIiBWYWx1ZT0iRmFsc2UiIC8+DQogICAgICAgICAgICA8UnVsZVBhcmFtZXRlciBOYW1lPSJJbmRleCIgVmFsdWU9IjAiIC8+DQogICAgICAgICAgPC9SdWxlUGFyYW1ldGVycz4NCiAgICAgICAgPC9FeHRyYWN0aW9uUnVsZT4NCiAgICAgICAgPEV4dHJhY3Rpb25SdWxlIENsYXNzbmFtZT0iTWljcm9zb2Z0LlZpc3VhbFN0dWRpby5UZXN0VG9vbHMuV2ViVGVzdGluZy5SdWxlcy5FeHRyYWN0VGV4dCwgTWljcm9zb2Z0LlZpc3VhbFN0dWRpby5RdWFsaXR5VG9vbHMuV2ViVGVzdEZyYW1ld29yaywgVmVyc2lvbj0xMC4wLjAuMCwgQ3VsdHVyZT1uZXV0cmFsLCBQdWJsaWNLZXlUb2tlbj1iMDNmNWY3ZjExZDUwYTNhIiBWYXJpYWJsZU5hbWU9IkZvcm1Qb3N0UGFyYW0zMS5kZGxRdWVyeUNvbmRpdGlvbnMiIERpc3BsYXlOYW1lPSIiIERlc2NyaXB0aW9uPSIiPg0KICAgICAgICAgIDxSdWxlUGFyYW1ldGVycz4NCiAgICAgICAgICAgIDxSdWxlUGFyYW1ldGVyIE5hbWU9IlN0YXJ0c1dpdGgiIFZhbHVlPSJzJnF1b3Q7OlsmcXVvdDsiIC8+DQogICAgICAgICAgICA8UnVsZVBhcmFtZXRlciBOYW1lPSJFbmRzV2l0aCIgVmFsdWU9IiZxdW90OywmcXVvdDsxJnF1b3Q7IiAvPg0KICAgICAgICAgICAgPFJ1bGVQYXJhbWV0ZXIgTmFtZT0iSW5kZXgiIFZhbHVlPSIwIiAvPg0KICAgICAgICAgICAgPFJ1bGVQYXJhbWV0ZXIgTmFtZT0iSWdub3JlQ2FzZSIgVmFsdWU9IkZhbHNlIiAvPg0KICAgICAgICAgICAgPFJ1bGVQYXJhbWV0ZXIgTmFtZT0iVXNlUmVndWxhckV4cHJlc3Npb24iIFZhbHVlPSJGYWxzZSIgLz4NCiAgICAgICAgICAgIDxSdWxlUGFyYW1ldGVyIE5hbWU9Ikh0bWxEZWNvZGUiIFZhbHVlPSJUcnVlIiAvPg0KICAgICAgICAgICAgPFJ1bGVQYXJhbWV0ZXIgTmFtZT0iUmVxdWlyZWQiIFZhbHVlPSJGYWxzZSIgLz4NCiAgICAgICAgICA8L1J1bGVQYXJhbWV0ZXJzPg0KICAgICAgICA8L0V4dHJhY3Rpb25SdWxlPg0KICAgICAgICA8RXh0cmFjdGlvblJ1bGUgQ2xhc3NuYW1lPSJNaWNyb3NvZnQuVmlzdWFsU3R1ZGlvLlRlc3RUb29scy5XZWJUZXN0aW5nLlJ1bGVzLkV4dHJhY3RUZXh0LCBNaWNyb3NvZnQuVmlzdWFsU3R1ZGlvLlF1YWxpdHlUb29scy5XZWJUZXN0RnJhbWV3b3JrLCBWZXJzaW9uPTEwLjAuMC4wLCBDdWx0dXJlPW5ldXRyYWwsIFB1YmxpY0tleVRva2VuPWIwM2Y1ZjdmMTFkNTBhM2EiIFZhcmlhYmxlTmFtZT0iRm9ybVBvc3RQYXJhbTMyLmRkbE9UU3RhdHVzIiBEaXNwbGF5TmFtZT0iIiBEZXNjcmlwdGlvbj0iIj4NCiAgICAgICAgICA8UnVsZVBhcmFtZXRlcnM+DQogICAgICAgICAgICA8UnVsZVBhcmFtZXRlciBOYW1lPSJTdGFydHNXaXRoIiBWYWx1ZT0iJnF1b3Q7MCZxdW90OywmcXVvdDsiIC8+DQogICAgICAgICAgICA8UnVsZVBhcmFtZXRlciBOYW1lPSJFbmRzV2l0aCIgVmFsdWU9IiZxdW90OywmcXVvdDsyJnF1b3Q7IiAvPg0KICAgICAgICAgICAgPFJ1bGVQYXJhbWV0ZXIgTmFtZT0iSW5kZXgiIFZhbHVlPSIwIiAvPg0KICAgICAgICAgICAgPFJ1bGVQYXJhbWV0ZXIgTmFtZT0iSWdub3JlQ2FzZSIgVmFsdWU9IkZhbHNlIiAvPg0KICAgICAgICAgICAgPFJ1bGVQYXJhbWV0ZXIgTmFtZT0iVXNlUmVndWxhckV4cHJlc3Npb24iIFZhbHVlPSJGYWxzZSIgLz4NCiAgICAgICAgICAgIDxSdWxlUGFyYW1ldGVyIE5hbWU9Ikh0bWxEZWNvZGUiIFZhbHVlPSJUcnVlIiAvPg0KICAgICAgICAgICAgPFJ1bGVQYXJhbWV0ZXIgTmFtZT0iUmVxdWlyZWQiIFZhbHVlPSJGYWxzZSIgLz4NCiAgICAgICAgICA8L1J1bGVQYXJhbWV0ZXJzPg0KICAgICAgICA8L0V4dHJhY3Rpb25SdWxlPg0KICAgICAgPC9Db3JyZWxhdGlvbkV4dHJhY3Rpb25SdWxlcz4NCiAgICAgIDxGb3JtUG9zdEh0dHBCb2R5Pg0KICAgICAgICA8Rm9ybVBvc3RQYXJhbWV0ZXIgTmFtZT0iVG9vbGtpdFNjcmlwdE1hbmFnZXIxX0hpZGRlbkZpZWxkIiBWYWx1ZT0iOztBamF4Q29udHJvbFRvb2xraXQsIFZlcnNpb249NC4xLjcuNjA3LCBDdWx0dXJlPW5ldXRyYWwsIFB1YmxpY0tleVRva2VuPTI4ZjAxYjBlODRiNmQ1M2U6emgtSGFudDo3Yjk1ZWQxYS02YTNmLTQxZGQtYmM1Yi02M2YzOWVkYmM0YjQ6ZGUxZmVhYjI6ZmNmMGU5OTM6ZjJjOGU3MDg6NzIwYTUyYmY6ZjljZWM5YmM6NTg5ZWFhMzA6Njk4MTI5Y2Y6ZmI5YjRjNTc6Y2NiOTZjZjk6YTY3YzI3MDA6ODYxM2FlYTc6MzIwMmE1YTI6YWIwOWUzZmU6ODcxMDRiN2M6YmU2ZmIyOTgiIFJlY29yZGVkVmFsdWU9Ijs7QWpheENvbnRyb2xUb29sa2l0LCBWZXJzaW9uPTQuMS43LjYwNywgQ3VsdHVyZT1uZXV0cmFsLCBQdWJsaWNLZXlUb2tlbj0yOGYwMWIwZTg0YjZkNTNlOnpoLUhhbnQ6N2I5NWVkMWEtNmEzZi00MWRkLWJjNWItNjNmMzllZGJjNGI0OmRlMWZlYWIyOmZjZjBlOTkzOmYyYzhlNzA4OjcyMGE1MmJmOmY5Y2VjOWJjOjU4OWVhYTMwOjY5ODEyOWNmOmZiOWI0YzU3OmNjYjk2Y2Y5OmE2N2MyNzAwOjg2MTNhZWE3OjMyMDJhNWEyOmFiMDllM2ZlOjg3MTA0YjdjOmJlNmZiMjk4IiBDb3JyZWxhdGlvbkJpbmRpbmc9IiIgVXJsRW5jb2RlPSJUcnVlIiAvPg0KICAgICAgICA8Rm9ybVBvc3RQYXJhbWV0ZXIgTmFtZT0iX19FVkVOVFRBUkdFVCIgVmFsdWU9Int7JEhJRERFTjEuX19FVkVOVFRBUkdFVH19IiBSZWNvcmRlZFZhbHVlPSIiIENvcnJlbGF0aW9uQmluZGluZz0iIiBVcmxFbmNvZGU9IlRydWUiIC8+DQogICAgICAgIDxGb3JtUG9zdFBhcmFtZXRlciBOYW1lPSJfX0VWRU5UQVJHVU1FTlQiIFZhbHVlPSJ7eyRISURERU4xLl9fRVZFTlRBUkdVTUVOVH19IiBSZWNvcmRlZFZhbHVlPSIiIENvcnJlbGF0aW9uQmluZGluZz0iIiBVcmxFbmNvZGU9IlRydWUiIC8+DQogICAgICAgIDxGb3JtUG9zdFBhcmFtZXRlciBOYW1lPSJfX0xBU1RGT0NVUyIgVmFsdWU9Int7JEhJRERFTjEuX19MQVNURk9DVVN9fSIgUmVjb3JkZWRWYWx1ZT0iIiBDb3JyZWxhdGlvbkJpbmRpbmc9IiIgVXJsRW5jb2RlPSJUcnVlIiAvPg0KICAgICAgICA8Rm9ybVBvc3RQYXJhbWV0ZXIgTmFtZT0iX19WU1RBVEUiIFZhbHVlPSJ7eyRISURERU4xLl9fVlNUQVRFfX0iIFJlY29yZGVkVmFsdWU9IkFSK0xDQUFBQUFBQUJBQ3RWOTF6RTFVVVQ1WnVHdEtQRkd4aVJkMWRIcHh0cDZSa2s2Z0R0UThrS1RZakpkZ0dIaXhNWnB0N3UxbTczYzFrYjB2akV6NFVGSEdBb2VoZ1o1eHhSZ0ZCSEIxZktqS09mNElQUHZqTWtMUjk4ay9BZS9jajJTWkxCa3EzMCtUbW5IUFA3M3pmdlUrOXdRRXY3Wk9XSmtWWkRiNDM3T21tZktHQVA1dExhUXVsVExvem14c24zNzVzTGkwaWlMOXk4Z0xzenVhbWtZZ1c5WlBpQXV6Q05BMkpDbUZnOGR5eW1rbjdiUUc4T0s2VkYwNW1BOGNWN1h4SzFDRm1Vay94RXdSQk9pQWNpY2NFNFoyM0U0bGdPTXo0MHJDRU1tbjZBQitOUnQ4WG92d2hZeEYxTEpqOTJiSkVWSjJRZFlTWElnYWpLWjVuZXZPblJBbG1kSUoyUXBPS1RNZ2lmTGdJeTVWcFZKWlZ5YUQ3VE1kbzMvU3BpZVFIQW5QUWtqdTJpTFJqcFpKU0dWK1loWURRVXJxZVVrUmRseGpla2lFeFF2aC91bERXRk9XVXBzdEkxdFNzaWxjb0tSYm1KU1pndWtBc2hFeVh3MWI2WHE4T0ZWaEFYRG96bmN1Y1RPVzRBbzRHeDUwdlFwWExKcUlqcDB1V1A1eXNjNnFHT0hWUlVUalV5b1lLM3NmekhGUUJKK3FFV2VjZGtuV3lhNUJzc0VrOFAyU0oyUlFuY0x3OWNMd2RjTndGT040S0hIY0ZqclVIanJVRGpya0F4MXFCWTY3QVFudGdvUVY0ME5odGJtNjdkOURLY0VOa3Jxd3RjSEJpYW5JNm5jeG5jbFBwa1Jrd3E1MGJtVEVFNUU5RVVqK2tSTTRSL1dYSVdSdkhuRUJEaGhtbSswUDFHQWlPR0RqY0l5WSsyN2tXMyt6b0NkdWoxd0I1QmtTN0NMYkxYR3ZpSEFiYmljT2tOa0l1SnJ2VWdFczl1dmNHZVFob1dqdXZOcU1hVGpzQ2FyamY4TlJZbVI0K1hsMTl2SHFCNTRZYjBzTjhoSy8vSklPU0JNSEZlbE5PY0FpNitHTUt4ZHlFNGsxQ2NUZWhSSk5Rd2lua0ZnWEQ0QmNvM3l5bndEbkVmYXpKNnZQdVNFUTVqVlFUdG1WS1UyQktBM0NNVDBSNVRzVEY0ckNZRzh2V2x5OE1FcmRBNGs2UXVBMFMzeDJRbUFVU2M0TEViSkRZN29BSUZvamdCQkZzRUdGM1FDd01KMFNVTndCYzlWdERxekZ4OEJBa1Rad3RBMWptWml2T1U4ZHhEamdtczJQRTFMdWVZenJ4eWpnMS9mYXJBQk8wejJDSXhKd282VktZb3ZZRVFiZ2Zmd2JERkQ3dlQ4aFNFU1cxNVdRWml2UGpxamlyUUZBRVlXb09TM1ZRWGtPcTg0eXN5NWhSQklDaURVcEhEaTRqZW1EejFzMk5heGVmckQvNDc5R1Z6ZnRmYk56OXN2cm55dU1MdDdIY1cwU083YUc3YTcrc2IvNTZiZXZ5aGMzdnJtRDZrRVVQUG5uNHNIcDViZk8zUzdXSDE3QWV6SXBZckJCbUVmck45ZHFOYjJxWFB0OVl2YnR4NXpvV09CeTBEQ05POUFFUTlzNEJTckNKUGtJTWh2MU1MMzdwRXMrSXlpSThMa01GMEIwa0pVd1BvUkt6VGFLZkVFbS9NbDM1ZzRTVjFCWlZJREdkOVJqMGhhaDlFZnhneDdZK3hhWmNJai9DNWl0VnBNbjZFT1h4bVp6KzRUMlVKQm1XMFlZNWJLOXBBQnRzWUxKOUVydHZGeEE2ZDQ0Z1JDT2JYOTNiV3ZscDQvYlY2bWMvNGdEYkNJSVRJVzVIMTI5RkY0TUZHdldKSVh1MlRiODZycmNWTitUMVlNM2VwdUFFR2lXK2MyMmREVzJ4bDllMjE5Ylc1VGpmZHE3dVhhTmlLYU9oU05zRmNNbVJld0Y1NnhZUjNWM0J6OW5EazVObkR3UEFCUEw0RGxCR3hyM0I4NWQ4WmUyZnYvMk1Qeit1QW91VTdHQWYvT3ZIS2pMNkZCUkJWbFVxUlN5UTB6UjhtU2pSa1ptdFA3NnQzYmg4anF0ZWYxUzllci8yOVErMXRZdTRQMmUyMW00WjlOcjZ5dGF0NzZzcmQ2by8vMjcyT0RIUGkzMEdwTmMxdGFESWhYbjZvOU5JVnZLcDRqd2VEamxOa2hSb1RBRlprVkZsa0VmTHlMemNKS0VrcS9sQ2NiN0I1UTl4elh3Z0w1RWVPNGFIREQ4MENuQXZVMlNNMERxcUtKQm1sMkFaeVFWUmlZaUtMS2xIa1ZZYVhhcXJPenJhR0VRNzh4THZER2dxbUZWTXozcFJVZFpIbHNpQUdPUDVVWUNURXZZeFB0ZDA3RzNKeGdRWkVkdVNNVUhxRDZlVjNiOTlNL3RLUFlOc2Z6MXpiS2pJaGw4MlRleXI5Sm5ueXcrMnRVMTJDTmM5Tit6QWM2ZUZmZTJGODhFZWNNOEMrM3BUQ04rb2g1MTkweEh2SStUU3ZZL3k5b1U5NUsrN2Y5ampBZFNvRWFLT29CR2hBYm9IeUhwSkVTdEhWVTJGbytCL083V245TFVQQUFBPSIgQ29ycmVsYXRpb25CaW5kaW5nPSIiIFVybEVuY29kZT0iVHJ1ZSIgLz4NCiAgICAgICAgPEZvcm1Qb3N0UGFyYW1ldGVyIE5hbWU9Il9fVklFV1NUQVRFIiBWYWx1ZT0ie3skSElEREVOMS5fX1ZJRVdTVEFURX19IiBSZWNvcmRlZFZhbHVlPSIiIENvcnJlbGF0aW9uQmluZGluZz0iIiBVcmxFbmNvZGU9IlRydWUiIC8+DQogICAgICAgIDxGb3JtUG9zdFBhcmFtZXRlciBOYW1lPSJfX1NDUk9MTFBPU0lUSU9OWCIgVmFsdWU9Int7JEhJRERFTjEuX19TQ1JPTExQT1NJVElPTlh9fSIgUmVjb3JkZWRWYWx1ZT0iMCIgQ29ycmVsYXRpb25CaW5kaW5nPSIiIFVybEVuY29kZT0iVHJ1ZSIgLz4NCiAgICAgICAgPEZvcm1Qb3N0UGFyYW1ldGVyIE5hbWU9Il9fU0NST0xMUE9TSVRJT05ZIiBWYWx1ZT0ie3skSElEREVOMS5fX1NDUk9MTFBPU0lUSU9OWX19IiBSZWNvcmRlZFZhbHVlPSIwIiBDb3JyZWxhdGlvbkJpbmRpbmc9IiIgVXJsRW5jb2RlPSJUcnVlIiAvPg0KICAgICAgICA8Rm9ybVBvc3RQYXJhbWV0ZXIgTmFtZT0iX19WSUVXU1RBVEVFTkNSWVBURUQiIFZhbHVlPSJ7eyRISURERU4xLl9fVklFV1NUQVRFRU5DUllQVEVEfX0iIFJlY29yZGVkVmFsdWU9IiIgQ29ycmVsYXRpb25CaW5kaW5nPSIiIFVybEVuY29kZT0iVHJ1ZSIgLz4NCiAgICAgICAgPEZvcm1Qb3N0UGFyYW1ldGVyIE5hbWU9Il9fRVZFTlRWQUxJREFUSU9OIiBWYWx1ZT0ie3skSElEREVOMS5fX0VWRU5UVkFMSURBVElPTn19IiBSZWNvcmRlZFZhbHVlPSI3SVpTZWVucG5BSm12Y05NQkYwSDZxR0FFbDI0WG9GelBKV2lTd2FPbENjb3ROMkRzVktqYVdINElUZVBCS3BjYk8xcmpRWkFVNUtjTXJXdTZNN3hFamJaWUtyUTZJUVIzQ1UvRVFvcVBwZ0hIWFpGWTBhVUZQNDJOdUMramNYNnduK2J6cGpyaWNOem1zNnE0ZkF1Qks2SHFVTnhjWVFrbDEyMVczSXFjSjBxRHJUbEhpL3dicEs4MTJiWFZFRnRCbjZxeVBvZGJadmt1T3o4K0lPcGZxZnBMb21vNU5qNkhmZlJQUlRRcHYwOVhxUXFPWDE4Z0RUNXlqdEsrVkFRWDliRGNxUHFhaUJSSnk0cWlkZFBzSU1hRWp6YzhMZWhCWFdZSDVlNElwZmlYUWJaTFBuMXdUL203OVVMQUxEU0tiTlFNMDZkTERNSTZURjlvenU5MjF4eEJXb3YrSTI5MGl0T2V4b1lTbHBuZG5XUXZreU1ETU0zMkkwS2sxUlVJNWwvTjI4YlRUSU1wd043ZTArNE5SelRjSTA4U1JjVk9pd3RFTEFEM2NBYWtrVWJtczFjWXZKSnJHdmFvT0loTzdWcWpwcGo2SXltaEJhUzNXK2oyWldSM1FNa21nbWlnZzF2djNJRzNCQ0lYbWwweEFSWm5nOEpvL014ak40MWJoWWRVU1pOUlhaZ3hucUg5b2k4bkltYWMwRHV5K2xjK1VvOVcyYTNBb0x4QUdMT1NYZytoVU9wUjhTUDI5NCtZQzAvNW1NK1h4T2ZyQlhJL3hQeW0yL0F6U2F4M3ltbm5DUUVZdjVzemdVTGxidm05UmY5WUxqOVZ2SXl3YTFPWWpQZXllb0pMY2NSZTZIeEd1NWlqa2Urbkp5Y2Iya1Z6Szd4ZlpTS1BuakNMdno0SFFqOVpOY3F2TSthMXZXQ1U4b3lVb2ZnY0dWMVBaZ0RZWGZpL3NObHdjbnI3alh5R3NlVmJZcW1RRzR1Q3RBZWRYaEQ5aGpLcEFnaGVNUmdyeU1pS0VNN1ZaMnArbUFoREZ1bnVjcnpZSFJneGIrN3o5cVB2U3djMG5CS1BDMms3ZHc2OXVLc05yN2Z4bTMxQ0t0M3NicTNRRlRDRS9SR0hFY2lSOFR2T0MxVXNnZlU1NjkxY2VqbVlvWnNwQmV0c3hPenhaYjBvcDZjdEpjNDd1bzVjejJCTDBrb1R3WWpYUTMyaDFTNC9pTGxhaTBxMUNDU0hOc1B1UlYxZHB1dUxTcWVUM0NpMm9YTWtSbXhWdjFEVWN5OVJzYWt6VEZ1eWkybXlvQm1YSFFxVHV3NFYvclZPRFBxcHVuRk1qQU43R2RCZE5ucVVEaWpSd0ZWTlpDZ2d1d3NkWXVkK2J5REQxcERlN3NIbzdpUlgvQjB2ZjFDMlMvWmw5elVsVFh5RWlIYnVCS3c5amFxUWdmV2J5ODVFMUJDRElqVXVTV0w3eHJiLzd4aE9BaURPdGxiZ2VwZjc3L1pYZU9lZU5TbFdNZlhidWpnTUV6aUVKRHRpTjdDeEtxTTE0c0JsUU9HczM3UnEzdTd2ODA9IiBDb3JyZWxhdGlvbkJpbmRpbmc9IiIgVXJsRW5jb2RlPSJUcnVlIiAvPg0KICAgICAgICA8Rm9ybVBvc3RQYXJhbWV0ZXIgTmFtZT0iU2NyZWVuV2lkdGgiIFZhbHVlPSJ7eyRISURERU4xLlNjcmVlbldpZHRofX0iIFJlY29yZGVkVmFsdWU9IiIgQ29ycmVsYXRpb25CaW5kaW5nPSIiIFVybEVuY29kZT0iVHJ1ZSIgLz4NCiAgICAgICAgPEZvcm1Qb3N0UGFyYW1ldGVyIE5hbWU9IlNjcmVlbkhlaWdodCIgVmFsdWU9Int7JEhJRERFTjEuU2NyZWVuSGVpZ2h0fX0iIFJlY29yZGVkVmFsdWU9IiIgQ29ycmVsYXRpb25CaW5kaW5nPSIiIFVybEVuY29kZT0iVHJ1ZSIgLz4NCiAgICAgICAgPEZvcm1Qb3N0UGFyYW1ldGVyIE5hbWU9ImJ0blF1ZXJ5IiBWYWx1ZT0i5p+l6KmiIiBSZWNvcmRlZFZhbHVlPSLmn6XoqaIiIENvcnJlbGF0aW9uQmluZGluZz0ie3tGb3JtUG9zdFBhcmFtMzMuYnRuUXVlcnl9fSIgVXJsRW5jb2RlPSJUcnVlIiAvPg0KICAgICAgICA8Rm9ybVBvc3RQYXJhbWV0ZXIgTmFtZT0iZGRsT3JnQW5kRmxvdyIgVmFsdWU9IiIgUmVjb3JkZWRWYWx1ZT0iIiBDb3JyZWxhdGlvbkJpbmRpbmc9IiIgVXJsRW5jb2RlPSJUcnVlIiAvPg0KICAgICAgICA8Rm9ybVBvc3RQYXJhbWV0ZXIgTmFtZT0iZGRsUXVlcnlDb25kaXRpb25zIiBWYWx1ZT0iMCIgUmVjb3JkZWRWYWx1ZT0iMCIgQ29ycmVsYXRpb25CaW5kaW5nPSJ7e0Zvcm1Qb3N0UGFyYW0zNS5kZGxRdWVyeUNvbmRpdGlvbnN9fSIgVXJsRW5jb2RlPSJUcnVlIiAvPg0KICAgICAgICA8Rm9ybVBvc3RQYXJhbWV0ZXIgTmFtZT0idHh0T1RFbXBJRCIgVmFsdWU9IjEwMjExOSIgUmVjb3JkZWRWYWx1ZT0iMTAyMTE5IiBDb3JyZWxhdGlvbkJpbmRpbmc9Int7Rm9ybVBvc3RQYXJhbTM0LnR4dE9URW1wSUR9fSIgVXJsRW5jb2RlPSJUcnVlIiAvPg0KICAgICAgICA8Rm9ybVBvc3RQYXJhbWV0ZXIgTmFtZT0idHh0T1RFbXBOYW1lIiBWYWx1ZT0iIiBSZWNvcmRlZFZhbHVlPSIiIENvcnJlbGF0aW9uQmluZGluZz0iIiBVcmxFbmNvZGU9IlRydWUiIC8+DQogICAgICAgIDxGb3JtUG9zdFBhcmFtZXRlciBOYW1lPSJ0eHRPVEZvcm1OTyIgVmFsdWU9IiIgUmVjb3JkZWRWYWx1ZT0iIiBDb3JyZWxhdGlvbkJpbmRpbmc9IiIgVXJsRW5jb2RlPSJUcnVlIiAvPg0KICAgICAgICA8Rm9ybVBvc3RQYXJhbWV0ZXIgTmFtZT0iZGRsT1RTdGF0dXMiIFZhbHVlPSIxIiBSZWNvcmRlZFZhbHVlPSIxIiBDb3JyZWxhdGlvbkJpbmRpbmc9Int7Rm9ybVBvc3RQYXJhbTM2LmRkbE9UU3RhdHVzfX0iIFVybEVuY29kZT0iVHJ1ZSIgLz4NCiAgICAgICAgPEZvcm1Qb3N0UGFyYW1ldGVyIE5hbWU9InR4dE9URGF0ZUJlZ2luJHR4dERhdGUiIFZhbHVlPSIiIFJlY29yZGVkVmFsdWU9IiIgQ29ycmVsYXRpb25CaW5kaW5nPSIiIFVybEVuY29kZT0iVHJ1ZSIgLz4NCiAgICAgICAgPEZvcm1Qb3N0UGFyYW1ldGVyIE5hbWU9InR4dE9URGF0ZUVuZCR0eHREYXRlIiBWYWx1ZT0iIiBSZWNvcmRlZFZhbHVlPSIiIENvcnJlbGF0aW9uQmluZGluZz0iIiBVcmxFbmNvZGU9IlRydWUiIC8+DQogICAgICAgIDxGb3JtUG9zdFBhcmFtZXRlciBOYW1lPSJ1Y01vZGFsUG9wdXAxJENsaWVudFdpZHRoIiBWYWx1ZT0ie3skSElEREVOMS51Y01vZGFsUG9wdXAxJENsaWVudFdpZHRofX0iIFJlY29yZGVkVmFsdWU9IjAiIENvcnJlbGF0aW9uQmluZGluZz0iIiBVcmxFbmNvZGU9IlRydWUiIC8+DQogICAgICAgIDxGb3JtUG9zdFBhcmFtZXRlciBOYW1lPSJ1Y01vZGFsUG9wdXAxJENsaWVudEhlaWdodCIgVmFsdWU9Int7JEhJRERFTjEudWNNb2RhbFBvcHVwMSRDbGllbnRIZWlnaHR9fSIgUmVjb3JkZWRWYWx1ZT0iMCIgQ29ycmVsYXRpb25CaW5kaW5nPSIiIFVybEVuY29kZT0iVHJ1ZSIgLz4NCiAgICAgIDwvRm9ybVBvc3RIdHRwQm9keT4NCiAgICA8L1JlcXVlc3Q+DQogICAgPFJlcXVlc3QgTWV0aG9kPSJQT1NUIiBHdWlkPSIwNDJhYmUxOS1iMjBlLTQyMzMtYWU3Ny1kODc2ODEyNjFjNTQiIFZlcnNpb249IjEuMSIgVXJsPSJodHRwOi8vMTAuMTEuMzYuMTE0OjgwMDcvT3ZlclRpbWUvT3ZlcnRpbWVQcmVPcmRlci5hc3B4IiBUaGlua1RpbWU9IjQxIiBUaW1lb3V0PSIzMDAiIFBhcnNlRGVwZW5kZW50UmVxdWVzdHM9IlRydWUiIEZvbGxvd1JlZGlyZWN0cz0iVHJ1ZSIgUmVjb3JkUmVzdWx0PSJUcnVlIiBDYWNoZT0iRmFsc2UiIFJlc3BvbnNlVGltZUdvYWw9IjAiIEVuY29kaW5nPSJ1dGYtOCIgRXhwZWN0ZWRIdHRwU3RhdHVzQ29kZT0iMCIgRXhwZWN0ZWRSZXNwb25zZVVybD0iaHR0cDovLzEwLjExLjM2LjExNDo4MDA3L092ZXJUaW1lL092ZXJ0aW1lUHJlT3JkZXJfTW9kaWZ5LmFzcHg/T1RDb21wSUQ9U1BIQksxJmFtcDtPVEVtcElEPTEwMjExOSZhbXA7T1RTdGFydERhdGU9MjAxNy8wNS8xMSZhbXA7T1RFbmREYXRlPTIwMTcvMDUvMTEmYW1wO09UU3RhcnRUaW1lPTAwMDAmYW1wO09URW5kVGltZT0wMTAwJmFtcDtPVFR4bklEPVNQSEJLMTEwMjExOTIwMTcwNTExNTUmYW1wO09URm9ybU5PPTIwMTcwNTExNjAxMDIxMTkiIFJlcG9ydGluZ05hbWU9IiIgSWdub3JlSHR0cFN0YXR1c0NvZGU9IkZhbHNlIj4NCiAgICAgIDxFeHRyYWN0aW9uUnVsZXM+DQogICAgICAgIDxFeHRyYWN0aW9uUnVsZSBDbGFzc25hbWU9Ik1pY3Jvc29mdC5WaXN1YWxTdHVkaW8uVGVzdFRvb2xzLldlYlRlc3RpbmcuUnVsZXMuRXh0cmFjdEhpZGRlbkZpZWxkcywgTWljcm9zb2Z0LlZpc3VhbFN0dWRpby5RdWFsaXR5VG9vbHMuV2ViVGVzdEZyYW1ld29yaywgVmVyc2lvbj0xMC4wLjAuMCwgQ3VsdHVyZT1uZXV0cmFsLCBQdWJsaWNLZXlUb2tlbj1iMDNmNWY3ZjExZDUwYTNhIiBWYXJpYWJsZU5hbWU9IjEiIERpc3BsYXlOYW1lPSLmk7flj5bpmrHol4/mrITkvY0iIERlc2NyaXB0aW9uPSLmk7flj5blm57mh4nkuK3nmoTmiYDmnInpmrHol4/mrITkvY3vvIzkuKblsIflroPlgJHmlL7lnKjmuKzoqablhaflrrnkuK3jgIIiPg0KICAgICAgICAgIDxSdWxlUGFyYW1ldGVycz4NCiAgICAgICAgICAgIDxSdWxlUGFyYW1ldGVyIE5hbWU9IlJlcXVpcmVkIiBWYWx1ZT0iVHJ1ZSIgLz4NCiAgICAgICAgICAgIDxSdWxlUGFyYW1ldGVyIE5hbWU9Ikh0bWxEZWNvZGUiIFZhbHVlPSJUcnVlIiAvPg0KICAgICAgICAgIDwvUnVsZVBhcmFtZXRlcnM+DQogICAgICAgIDwvRXh0cmFjdGlvblJ1bGU+DQogICAgICA8L0V4dHJhY3Rpb25SdWxlcz4NCiAgICAgIDxDb3JyZWxhdGlvbkV4dHJhY3Rpb25SdWxlcz4NCiAgICAgICAgPEV4dHJhY3Rpb25SdWxlIENsYXNzbmFtZT0iTWljcm9zb2Z0LlZpc3VhbFN0dWRpby5UZXN0VG9vbHMuV2ViVGVzdGluZy5SdWxlcy5FeHRyYWN0VGV4dCwgTWljcm9zb2Z0LlZpc3VhbFN0dWRpby5RdWFsaXR5VG9vbHMuV2ViVGVzdEZyYW1ld29yaywgVmVyc2lvbj0xMC4wLjAuMCwgQ3VsdHVyZT1uZXV0cmFsLCBQdWJsaWNLZXlUb2tlbj1iMDNmNWY3ZjExZDUwYTNhIiBWYXJpYWJsZU5hbWU9IlF1ZXJ5U3RyaW5nUGFyYW0xNy5PVENvbXBJRCIgRGlzcGxheU5hbWU9IiIgRGVzY3JpcHRpb249IiI+DQogICAgICAgICAgPFJ1bGVQYXJhbWV0ZXJzPg0KICAgICAgICAgICAgPFJ1bGVQYXJhbWV0ZXIgTmFtZT0iU3RhcnRzV2l0aCIgVmFsdWU9Ij9PVENvbXBJRD0iIC8+DQogICAgICAgICAgICA8UnVsZVBhcmFtZXRlciBOYW1lPSJFbmRzV2l0aCIgVmFsdWU9IiZhbXA7IiAvPg0KICAgICAgICAgICAgPFJ1bGVQYXJhbWV0ZXIgTmFtZT0iSW5kZXgiIFZhbHVlPSIwIiAvPg0KICAgICAgICAgICAgPFJ1bGVQYXJhbWV0ZXIgTmFtZT0iSWdub3JlQ2FzZSIgVmFsdWU9IkZhbHNlIiAvPg0KICAgICAgICAgICAgPFJ1bGVQYXJhbWV0ZXIgTmFtZT0iVXNlUmVndWxhckV4cHJlc3Npb24iIFZhbHVlPSJGYWxzZSIgLz4NCiAgICAgICAgICAgIDxSdWxlUGFyYW1ldGVyIE5hbWU9Ikh0bWxEZWNvZGUiIFZhbHVlPSJUcnVlIiAvPg0KICAgICAgICAgICAgPFJ1bGVQYXJhbWV0ZXIgTmFtZT0iUmVxdWlyZWQiIFZhbHVlPSJGYWxzZSIgLz4NCiAgICAgICAgICA8L1J1bGVQYXJhbWV0ZXJzPg0KICAgICAgICA8L0V4dHJhY3Rpb25SdWxlPg0KICAgICAgICA8RXh0cmFjdGlvblJ1bGUgQ2xhc3NuYW1lPSJNaWNyb3NvZnQuVmlzdWFsU3R1ZGlvLlRlc3RUb29scy5XZWJUZXN0aW5nLlJ1bGVzLkV4dHJhY3RUZXh0LCBNaWNyb3NvZnQuVmlzdWFsU3R1ZGlvLlF1YWxpdHlUb29scy5XZWJUZXN0RnJhbWV3b3JrLCBWZXJzaW9uPTEwLjAuMC4wLCBDdWx0dXJlPW5ldXRyYWwsIFB1YmxpY0tleVRva2VuPWIwM2Y1ZjdmMTFkNTBhM2EiIFZhcmlhYmxlTmFtZT0iUXVlcnlTdHJpbmdQYXJhbTE4Lk9URW1wSUQiIERpc3BsYXlOYW1lPSIiIERlc2NyaXB0aW9uPSIiPg0KICAgICAgICAgIDxSdWxlUGFyYW1ldGVycz4NCiAgICAgICAgICAgIDxSdWxlUGFyYW1ldGVyIE5hbWU9IlN0YXJ0c1dpdGgiIFZhbHVlPSImYW1wO2FtcDtPVEVtcElEPSIgLz4NCiAgICAgICAgICAgIDxSdWxlUGFyYW1ldGVyIE5hbWU9IkVuZHNXaXRoIiBWYWx1ZT0iJmFtcDsiIC8+DQogICAgICAgICAgICA8UnVsZVBhcmFtZXRlciBOYW1lPSJJbmRleCIgVmFsdWU9IjAiIC8+DQogICAgICAgICAgICA8UnVsZVBhcmFtZXRlciBOYW1lPSJJZ25vcmVDYXNlIiBWYWx1ZT0iRmFsc2UiIC8+DQogICAgICAgICAgICA8UnVsZVBhcmFtZXRlciBOYW1lPSJVc2VSZWd1bGFyRXhwcmVzc2lvbiIgVmFsdWU9IkZhbHNlIiAvPg0KICAgICAgICAgICAgPFJ1bGVQYXJhbWV0ZXIgTmFtZT0iSHRtbERlY29kZSIgVmFsdWU9IlRydWUiIC8+DQogICAgICAgICAgICA8UnVsZVBhcmFtZXRlciBOYW1lPSJSZXF1aXJlZCIgVmFsdWU9IkZhbHNlIiAvPg0KICAgICAgICAgIDwvUnVsZVBhcmFtZXRlcnM+DQogICAgICAgIDwvRXh0cmFjdGlvblJ1bGU+DQogICAgICAgIDxFeHRyYWN0aW9uUnVsZSBDbGFzc25hbWU9Ik1pY3Jvc29mdC5WaXN1YWxTdHVkaW8uVGVzdFRvb2xzLldlYlRlc3RpbmcuUnVsZXMuRXh0cmFjdFRleHQsIE1pY3Jvc29mdC5WaXN1YWxTdHVkaW8uUXVhbGl0eVRvb2xzLldlYlRlc3RGcmFtZXdvcmssIFZlcnNpb249MTAuMC4wLjAsIEN1bHR1cmU9bmV1dHJhbCwgUHVibGljS2V5VG9rZW49YjAzZjVmN2YxMWQ1MGEzYSIgVmFyaWFibGVOYW1lPSJRdWVyeVN0cmluZ1BhcmFtMTkuT1RTdGFydERhdGUiIERpc3BsYXlOYW1lPSIiIERlc2NyaXB0aW9uPSIiPg0KICAgICAgICAgIDxSdWxlUGFyYW1ldGVycz4NCiAgICAgICAgICAgIDxSdWxlUGFyYW1ldGVyIE5hbWU9IlN0YXJ0c1dpdGgiIFZhbHVlPSImYW1wO2FtcDtPVFN0YXJ0RGF0ZT0iIC8+DQogICAgICAgICAgICA8UnVsZVBhcmFtZXRlciBOYW1lPSJFbmRzV2l0aCIgVmFsdWU9IiZhbXA7IiAvPg0KICAgICAgICAgICAgPFJ1bGVQYXJhbWV0ZXIgTmFtZT0iSW5kZXgiIFZhbHVlPSIwIiAvPg0KICAgICAgICAgICAgPFJ1bGVQYXJhbWV0ZXIgTmFtZT0iSWdub3JlQ2FzZSIgVmFsdWU9IkZhbHNlIiAvPg0KICAgICAgICAgICAgPFJ1bGVQYXJhbWV0ZXIgTmFtZT0iVXNlUmVndWxhckV4cHJlc3Npb24iIFZhbHVlPSJGYWxzZSIgLz4NCiAgICAgICAgICAgIDxSdWxlUGFyYW1ldGVyIE5hbWU9Ikh0bWxEZWNvZGUiIFZhbHVlPSJUcnVlIiAvPg0KICAgICAgICAgICAgPFJ1bGVQYXJhbWV0ZXIgTmFtZT0iUmVxdWlyZWQiIFZhbHVlPSJGYWxzZSIgLz4NCiAgICAgICAgICA8L1J1bGVQYXJhbWV0ZXJzPg0KICAgICAgICA8L0V4dHJhY3Rpb25SdWxlPg0KICAgICAgICA8RXh0cmFjdGlvblJ1bGUgQ2xhc3NuYW1lPSJNaWNyb3NvZnQuVmlzdWFsU3R1ZGlvLlRlc3RUb29scy5XZWJUZXN0aW5nLlJ1bGVzLkV4dHJhY3RUZXh0LCBNaWNyb3NvZnQuVmlzdWFsU3R1ZGlvLlF1YWxpdHlUb29scy5XZWJUZXN0RnJhbWV3b3JrLCBWZXJzaW9uPTEwLjAuMC4wLCBDdWx0dXJlPW5ldXRyYWwsIFB1YmxpY0tleVRva2VuPWIwM2Y1ZjdmMTFkNTBhM2EiIFZhcmlhYmxlTmFtZT0iUXVlcnlTdHJpbmdQYXJhbTIwLk9URW5kRGF0ZSIgRGlzcGxheU5hbWU9IiIgRGVzY3JpcHRpb249IiI+DQogICAgICAgICAgPFJ1bGVQYXJhbWV0ZXJzPg0KICAgICAgICAgICAgPFJ1bGVQYXJhbWV0ZXIgTmFtZT0iU3RhcnRzV2l0aCIgVmFsdWU9IiZhbXA7YW1wO09URW5kRGF0ZT0iIC8+DQogICAgICAgICAgICA8UnVsZVBhcmFtZXRlciBOYW1lPSJFbmRzV2l0aCIgVmFsdWU9IiZhbXA7IiAvPg0KICAgICAgICAgICAgPFJ1bGVQYXJhbWV0ZXIgTmFtZT0iSW5kZXgiIFZhbHVlPSIwIiAvPg0KICAgICAgICAgICAgPFJ1bGVQYXJhbWV0ZXIgTmFtZT0iSWdub3JlQ2FzZSIgVmFsdWU9IkZhbHNlIiAvPg0KICAgICAgICAgICAgPFJ1bGVQYXJhbWV0ZXIgTmFtZT0iVXNlUmVndWxhckV4cHJlc3Npb24iIFZhbHVlPSJGYWxzZSIgLz4NCiAgICAgICAgICAgIDxSdWxlUGFyYW1ldGVyIE5hbWU9Ikh0bWxEZWNvZGUiIFZhbHVlPSJUcnVlIiAvPg0KICAgICAgICAgICAgPFJ1bGVQYXJhbWV0ZXIgTmFtZT0iUmVxdWlyZWQiIFZhbHVlPSJGYWxzZSIgLz4NCiAgICAgICAgICA8L1J1bGVQYXJhbWV0ZXJzPg0KICAgICAgICA8L0V4dHJhY3Rpb25SdWxlPg0KICAgICAgICA8RXh0cmFjdGlvblJ1bGUgQ2xhc3NuYW1lPSJNaWNyb3NvZnQuVmlzdWFsU3R1ZGlvLlRlc3RUb29scy5XZWJUZXN0aW5nLlJ1bGVzLkV4dHJhY3RUZXh0LCBNaWNyb3NvZnQuVmlzdWFsU3R1ZGlvLlF1YWxpdHlUb29scy5XZWJUZXN0RnJhbWV3b3JrLCBWZXJzaW9uPTEwLjAuMC4wLCBDdWx0dXJlPW5ldXRyYWwsIFB1YmxpY0tleVRva2VuPWIwM2Y1ZjdmMTFkNTBhM2EiIFZhcmlhYmxlTmFtZT0iUXVlcnlTdHJpbmdQYXJhbTIxLk9UU3RhcnRUaW1lIiBEaXNwbGF5TmFtZT0iIiBEZXNjcmlwdGlvbj0iIj4NCiAgICAgICAgICA8UnVsZVBhcmFtZXRlcnM+DQogICAgICAgICAgICA8UnVsZVBhcmFtZXRlciBOYW1lPSJTdGFydHNXaXRoIiBWYWx1ZT0iJmFtcDthbXA7T1RTdGFydFRpbWU9IiAvPg0KICAgICAgICAgICAgPFJ1bGVQYXJhbWV0ZXIgTmFtZT0iRW5kc1dpdGgiIFZhbHVlPSImYW1wOyIgLz4NCiAgICAgICAgICAgIDxSdWxlUGFyYW1ldGVyIE5hbWU9IkluZGV4IiBWYWx1ZT0iMCIgLz4NCiAgICAgICAgICAgIDxSdWxlUGFyYW1ldGVyIE5hbWU9Iklnbm9yZUNhc2UiIFZhbHVlPSJGYWxzZSIgLz4NCiAgICAgICAgICAgIDxSdWxlUGFyYW1ldGVyIE5hbWU9IlVzZVJlZ3VsYXJFeHByZXNzaW9uIiBWYWx1ZT0iRmFsc2UiIC8+DQogICAgICAgICAgICA8UnVsZVBhcmFtZXRlciBOYW1lPSJIdG1sRGVjb2RlIiBWYWx1ZT0iVHJ1ZSIgLz4NCiAgICAgICAgICAgIDxSdWxlUGFyYW1ldGVyIE5hbWU9IlJlcXVpcmVkIiBWYWx1ZT0iRmFsc2UiIC8+DQogICAgICAgICAgPC9SdWxlUGFyYW1ldGVycz4NCiAgICAgICAgPC9FeHRyYWN0aW9uUnVsZT4NCiAgICAgICAgPEV4dHJhY3Rpb25SdWxlIENsYXNzbmFtZT0iTWljcm9zb2Z0LlZpc3VhbFN0dWRpby5UZXN0VG9vbHMuV2ViVGVzdGluZy5SdWxlcy5FeHRyYWN0VGV4dCwgTWljcm9zb2Z0LlZpc3VhbFN0dWRpby5RdWFsaXR5VG9vbHMuV2ViVGVzdEZyYW1ld29yaywgVmVyc2lvbj0xMC4wLjAuMCwgQ3VsdHVyZT1uZXV0cmFsLCBQdWJsaWNLZXlUb2tlbj1iMDNmNWY3ZjExZDUwYTNhIiBWYXJpYWJsZU5hbWU9IlF1ZXJ5U3RyaW5nUGFyYW0yMi5PVEVuZFRpbWUiIERpc3BsYXlOYW1lPSIiIERlc2NyaXB0aW9uPSIiPg0KICAgICAgICAgIDxSdWxlUGFyYW1ldGVycz4NCiAgICAgICAgICAgIDxSdWxlUGFyYW1ldGVyIE5hbWU9IlN0YXJ0c1dpdGgiIFZhbHVlPSImYW1wO2FtcDtPVEVuZFRpbWU9IiAvPg0KICAgICAgICAgICAgPFJ1bGVQYXJhbWV0ZXIgTmFtZT0iRW5kc1dpdGgiIFZhbHVlPSImYW1wOyIgLz4NCiAgICAgICAgICAgIDxSdWxlUGFyYW1ldGVyIE5hbWU9IkluZGV4IiBWYWx1ZT0iMCIgLz4NCiAgICAgICAgICAgIDxSdWxlUGFyYW1ldGVyIE5hbWU9Iklnbm9yZUNhc2UiIFZhbHVlPSJGYWxzZSIgLz4NCiAgICAgICAgICAgIDxSdWxlUGFyYW1ldGVyIE5hbWU9IlVzZVJlZ3VsYXJFeHByZXNzaW9uIiBWYWx1ZT0iRmFsc2UiIC8+DQogICAgICAgICAgICA8UnVsZVBhcmFtZXRlciBOYW1lPSJIdG1sRGVjb2RlIiBWYWx1ZT0iVHJ1ZSIgLz4NCiAgICAgICAgICAgIDxSdWxlUGFyYW1ldGVyIE5hbWU9IlJlcXVpcmVkIiBWYWx1ZT0iRmFsc2UiIC8+DQogICAgICAgICAgPC9SdWxlUGFyYW1ldGVycz4NCiAgICAgICAgPC9FeHRyYWN0aW9uUnVsZT4NCiAgICAgICAgPEV4dHJhY3Rpb25SdWxlIENsYXNzbmFtZT0iTWljcm9zb2Z0LlZpc3VhbFN0dWRpby5UZXN0VG9vbHMuV2ViVGVzdGluZy5SdWxlcy5FeHRyYWN0VGV4dCwgTWljcm9zb2Z0LlZpc3VhbFN0dWRpby5RdWFsaXR5VG9vbHMuV2ViVGVzdEZyYW1ld29yaywgVmVyc2lvbj0xMC4wLjAuMCwgQ3VsdHVyZT1uZXV0cmFsLCBQdWJsaWNLZXlUb2tlbj1iMDNmNWY3ZjExZDUwYTNhIiBWYXJpYWJsZU5hbWU9IlF1ZXJ5U3RyaW5nUGFyYW0yMy5PVFR4bklEIiBEaXNwbGF5TmFtZT0iIiBEZXNjcmlwdGlvbj0iIj4NCiAgICAgICAgICA8UnVsZVBhcmFtZXRlcnM+DQogICAgICAgICAgICA8UnVsZVBhcmFtZXRlciBOYW1lPSJTdGFydHNXaXRoIiBWYWx1ZT0iJmFtcDthbXA7T1RUeG5JRD0iIC8+DQogICAgICAgICAgICA8UnVsZVBhcmFtZXRlciBOYW1lPSJFbmRzV2l0aCIgVmFsdWU9IiZhbXA7IiAvPg0KICAgICAgICAgICAgPFJ1bGVQYXJhbWV0ZXIgTmFtZT0iSW5kZXgiIFZhbHVlPSIwIiAvPg0KICAgICAgICAgICAgPFJ1bGVQYXJhbWV0ZXIgTmFtZT0iSWdub3JlQ2FzZSIgVmFsdWU9IkZhbHNlIiAvPg0KICAgICAgICAgICAgPFJ1bGVQYXJhbWV0ZXIgTmFtZT0iVXNlUmVndWxhckV4cHJlc3Npb24iIFZhbHVlPSJGYWxzZSIgLz4NCiAgICAgICAgICAgIDxSdWxlUGFyYW1ldGVyIE5hbWU9Ikh0bWxEZWNvZGUiIFZhbHVlPSJUcnVlIiAvPg0KICAgICAgICAgICAgPFJ1bGVQYXJhbWV0ZXIgTmFtZT0iUmVxdWlyZWQiIFZhbHVlPSJGYWxzZSIgLz4NCiAgICAgICAgICA8L1J1bGVQYXJhbWV0ZXJzPg0KICAgICAgICA8L0V4dHJhY3Rpb25SdWxlPg0KICAgICAgICA8RXh0cmFjdGlvblJ1bGUgQ2xhc3NuYW1lPSJNaWNyb3NvZnQuVmlzdWFsU3R1ZGlvLlRlc3RUb29scy5XZWJUZXN0aW5nLlJ1bGVzLkV4dHJhY3RUZXh0LCBNaWNyb3NvZnQuVmlzdWFsU3R1ZGlvLlF1YWxpdHlUb29scy5XZWJUZXN0RnJhbWV3b3JrLCBWZXJzaW9uPTEwLjAuMC4wLCBDdWx0dXJlPW5ldXRyYWwsIFB1YmxpY0tleVRva2VuPWIwM2Y1ZjdmMTFkNTBhM2EiIFZhcmlhYmxlTmFtZT0iUXVlcnlTdHJpbmdQYXJhbTI0Lk9URm9ybU5PIiBEaXNwbGF5TmFtZT0iIiBEZXNjcmlwdGlvbj0iIj4NCiAgICAgICAgICA8UnVsZVBhcmFtZXRlcnM+DQogICAgICAgICAgICA8UnVsZVBhcmFtZXRlciBOYW1lPSJTdGFydHNXaXRoIiBWYWx1ZT0iJmFtcDthbXA7T1RGb3JtTk89IiAvPg0KICAgICAgICAgICAgPFJ1bGVQYXJhbWV0ZXIgTmFtZT0iRW5kc1dpdGgiIFZhbHVlPSImcXVvdDsiIC8+DQogICAgICAgICAgICA8UnVsZVBhcmFtZXRlciBOYW1lPSJJbmRleCIgVmFsdWU9IjAiIC8+DQogICAgICAgICAgICA8UnVsZVBhcmFtZXRlciBOYW1lPSJJZ25vcmVDYXNlIiBWYWx1ZT0iRmFsc2UiIC8+DQogICAgICAgICAgICA8UnVsZVBhcmFtZXRlciBOYW1lPSJVc2VSZWd1bGFyRXhwcmVzc2lvbiIgVmFsdWU9IkZhbHNlIiAvPg0KICAgICAgICAgICAgPFJ1bGVQYXJhbWV0ZXIgTmFtZT0iSHRtbERlY29kZSIgVmFsdWU9IlRydWUiIC8+DQogICAgICAgICAgICA8UnVsZVBhcmFtZXRlciBOYW1lPSJSZXF1aXJlZCIgVmFsdWU9IkZhbHNlIiAvPg0KICAgICAgICAgIDwvUnVsZVBhcmFtZXRlcnM+DQogICAgICAgIDwvRXh0cmFjdGlvblJ1bGU+DQogICAgICAgIDxFeHRyYWN0aW9uUnVsZSBDbGFzc25hbWU9Ik1pY3Jvc29mdC5WaXN1YWxTdHVkaW8uVGVzdFRvb2xzLldlYlRlc3RpbmcuUnVsZXMuRXh0cmFjdEZvcm1GaWVsZCwgTWljcm9zb2Z0LlZpc3VhbFN0dWRpby5RdWFsaXR5VG9vbHMuV2ViVGVzdEZyYW1ld29yaywgVmVyc2lvbj0xMC4wLjAuMCwgQ3VsdHVyZT1uZXV0cmFsLCBQdWJsaWNLZXlUb2tlbj1iMDNmNWY3ZjExZDUwYTNhIiBWYXJpYWJsZU5hbWU9IkZvcm1Qb3N0UGFyYW0yMS5idG5UZW1wU2F2ZSIgRGlzcGxheU5hbWU9IiIgRGVzY3JpcHRpb249IiI+DQogICAgICAgICAgPFJ1bGVQYXJhbWV0ZXJzPg0KICAgICAgICAgICAgPFJ1bGVQYXJhbWV0ZXIgTmFtZT0iTmFtZSIgVmFsdWU9ImJ0blRlbXBTYXZlIiAvPg0KICAgICAgICAgICAgPFJ1bGVQYXJhbWV0ZXIgTmFtZT0iSHRtbERlY29kZSIgVmFsdWU9IlRydWUiIC8+DQogICAgICAgICAgICA8UnVsZVBhcmFtZXRlciBOYW1lPSJSZXF1aXJlZCIgVmFsdWU9IkZhbHNlIiAvPg0KICAgICAgICAgICAgPFJ1bGVQYXJhbWV0ZXIgTmFtZT0iSW5kZXgiIFZhbHVlPSIwIiAvPg0KICAgICAgICAgIDwvUnVsZVBhcmFtZXRlcnM+DQogICAgICAgIDwvRXh0cmFjdGlvblJ1bGU+DQogICAgICAgIDxFeHRyYWN0aW9uUnVsZSBDbGFzc25hbWU9Ik1pY3Jvc29mdC5WaXN1YWxTdHVkaW8uVGVzdFRvb2xzLldlYlRlc3RpbmcuUnVsZXMuRXh0cmFjdEZvcm1GaWVsZCwgTWljcm9zb2Z0LlZpc3VhbFN0dWRpby5RdWFsaXR5VG9vbHMuV2ViVGVzdEZyYW1ld29yaywgVmVyc2lvbj0xMC4wLjAuMCwgQ3VsdHVyZT1uZXV0cmFsLCBQdWJsaWNLZXlUb2tlbj1iMDNmNWY3ZjExZDUwYTNhIiBWYXJpYWJsZU5hbWU9IkZvcm1Qb3N0UGFyYW0yMi51Y0RhdGVTdGFydCR0eHREYXRlIiBEaXNwbGF5TmFtZT0iIiBEZXNjcmlwdGlvbj0iIj4NCiAgICAgICAgICA8UnVsZVBhcmFtZXRlcnM+DQogICAgICAgICAgICA8UnVsZVBhcmFtZXRlciBOYW1lPSJOYW1lIiBWYWx1ZT0idWNEYXRlU3RhcnRfdHh0RGF0ZSIgLz4NCiAgICAgICAgICAgIDxSdWxlUGFyYW1ldGVyIE5hbWU9Ikh0bWxEZWNvZGUiIFZhbHVlPSJUcnVlIiAvPg0KICAgICAgICAgICAgPFJ1bGVQYXJhbWV0ZXIgTmFtZT0iUmVxdWlyZWQiIFZhbHVlPSJGYWxzZSIgLz4NCiAgICAgICAgICAgIDxSdWxlUGFyYW1ldGVyIE5hbWU9IkluZGV4IiBWYWx1ZT0iMCIgLz4NCiAgICAgICAgICA8L1J1bGVQYXJhbWV0ZXJzPg0KICAgICAgICA8L0V4dHJhY3Rpb25SdWxlPg0KICAgICAgICA8RXh0cmFjdGlvblJ1bGUgQ2xhc3NuYW1lPSJNaWNyb3NvZnQuVmlzdWFsU3R1ZGlvLlRlc3RUb29scy5XZWJUZXN0aW5nLlJ1bGVzLkV4dHJhY3RGb3JtRmllbGQsIE1pY3Jvc29mdC5WaXN1YWxTdHVkaW8uUXVhbGl0eVRvb2xzLldlYlRlc3RGcmFtZXdvcmssIFZlcnNpb249MTAuMC4wLjAsIEN1bHR1cmU9bmV1dHJhbCwgUHVibGljS2V5VG9rZW49YjAzZjVmN2YxMWQ1MGEzYSIgVmFyaWFibGVOYW1lPSJGb3JtUG9zdFBhcmFtMjMudWNEYXRlRW5kJHR4dERhdGUiIERpc3BsYXlOYW1lPSIiIERlc2NyaXB0aW9uPSIiPg0KICAgICAgICAgIDxSdWxlUGFyYW1ldGVycz4NCiAgICAgICAgICAgIDxSdWxlUGFyYW1ldGVyIE5hbWU9Ik5hbWUiIFZhbHVlPSJ1Y0RhdGVFbmRfdHh0RGF0ZSIgLz4NCiAgICAgICAgICAgIDxSdWxlUGFyYW1ldGVyIE5hbWU9Ikh0bWxEZWNvZGUiIFZhbHVlPSJUcnVlIiAvPg0KICAgICAgICAgICAgPFJ1bGVQYXJhbWV0ZXIgTmFtZT0iUmVxdWlyZWQiIFZhbHVlPSJGYWxzZSIgLz4NCiAgICAgICAgICAgIDxSdWxlUGFyYW1ldGVyIE5hbWU9IkluZGV4IiBWYWx1ZT0iMCIgLz4NCiAgICAgICAgICA8L1J1bGVQYXJhbWV0ZXJzPg0KICAgICAgICA8L0V4dHJhY3Rpb25SdWxlPg0KICAgICAgICA8RXh0cmFjdGlvblJ1bGUgQ2xhc3NuYW1lPSJNaWNyb3NvZnQuVmlzdWFsU3R1ZGlvLlRlc3RUb29scy5XZWJUZXN0aW5nLlJ1bGVzLkV4dHJhY3RUZXh0LCBNaWNyb3NvZnQuVmlzdWFsU3R1ZGlvLlF1YWxpdHlUb29scy5XZWJUZXN0RnJhbWV3b3JrLCBWZXJzaW9uPTEwLjAuMC4wLCBDdWx0dXJlPW5ldXRyYWwsIFB1YmxpY0tleVRva2VuPWIwM2Y1ZjdmMTFkNTBhM2EiIFZhcmlhYmxlTmFtZT0iRm9ybVBvc3RQYXJhbTI0Lk9UVGltZVN0YXJ0JGRkbEhIIiBEaXNwbGF5TmFtZT0iIiBEZXNjcmlwdGlvbj0iIj4NCiAgICAgICAgICA8UnVsZVBhcmFtZXRlcnM+DQogICAgICAgICAgICA8UnVsZVBhcmFtZXRlciBOYW1lPSJTdGFydHNXaXRoIiBWYWx1ZT0ibHVlPSZxdW90OyIgLz4NCiAgICAgICAgICAgIDxSdWxlUGFyYW1ldGVyIE5hbWU9IkVuZHNXaXRoIiBWYWx1ZT0iJnF1b3Q7Jmd0OzAwJmx0OyIgLz4NCiAgICAgICAgICAgIDxSdWxlUGFyYW1ldGVyIE5hbWU9IkluZGV4IiBWYWx1ZT0iMjMiIC8+DQogICAgICAgICAgICA8UnVsZVBhcmFtZXRlciBOYW1lPSJJZ25vcmVDYXNlIiBWYWx1ZT0iRmFsc2UiIC8+DQogICAgICAgICAgICA8UnVsZVBhcmFtZXRlciBOYW1lPSJVc2VSZWd1bGFyRXhwcmVzc2lvbiIgVmFsdWU9IkZhbHNlIiAvPg0KICAgICAgICAgICAgPFJ1bGVQYXJhbWV0ZXIgTmFtZT0iSHRtbERlY29kZSIgVmFsdWU9IlRydWUiIC8+DQogICAgICAgICAgICA8UnVsZVBhcmFtZXRlciBOYW1lPSJSZXF1aXJlZCIgVmFsdWU9IkZhbHNlIiAvPg0KICAgICAgICAgIDwvUnVsZVBhcmFtZXRlcnM+DQogICAgICAgIDwvRXh0cmFjdGlvblJ1bGU+DQogICAgICAgIDxFeHRyYWN0aW9uUnVsZSBDbGFzc25hbWU9Ik1pY3Jvc29mdC5WaXN1YWxTdHVkaW8uVGVzdFRvb2xzLldlYlRlc3RpbmcuUnVsZXMuRXh0cmFjdFRleHQsIE1pY3Jvc29mdC5WaXN1YWxTdHVkaW8uUXVhbGl0eVRvb2xzLldlYlRlc3RGcmFtZXdvcmssIFZlcnNpb249MTAuMC4wLjAsIEN1bHR1cmU9bmV1dHJhbCwgUHVibGljS2V5VG9rZW49YjAzZjVmN2YxMWQ1MGEzYSIgVmFyaWFibGVOYW1lPSJGb3JtUG9zdFBhcmFtMjUuT1RUaW1lU3RhcnQkZGRsTU0iIERpc3BsYXlOYW1lPSIiIERlc2NyaXB0aW9uPSIiPg0KICAgICAgICAgIDxSdWxlUGFyYW1ldGVycz4NCiAgICAgICAgICAgIDxSdWxlUGFyYW1ldGVyIE5hbWU9IlN0YXJ0c1dpdGgiIFZhbHVlPSJsdWU9JnF1b3Q7IiAvPg0KICAgICAgICAgICAgPFJ1bGVQYXJhbWV0ZXIgTmFtZT0iRW5kc1dpdGgiIFZhbHVlPSImcXVvdDsmZ3Q7MDAmbHQ7IiAvPg0KICAgICAgICAgICAgPFJ1bGVQYXJhbWV0ZXIgTmFtZT0iSW5kZXgiIFZhbHVlPSIyMyIgLz4NCiAgICAgICAgICAgIDxSdWxlUGFyYW1ldGVyIE5hbWU9Iklnbm9yZUNhc2UiIFZhbHVlPSJGYWxzZSIgLz4NCiAgICAgICAgICAgIDxSdWxlUGFyYW1ldGVyIE5hbWU9IlVzZVJlZ3VsYXJFeHByZXNzaW9uIiBWYWx1ZT0iRmFsc2UiIC8+DQogICAgICAgICAgICA8UnVsZVBhcmFtZXRlciBOYW1lPSJIdG1sRGVjb2RlIiBWYWx1ZT0iVHJ1ZSIgLz4NCiAgICAgICAgICAgIDxSdWxlUGFyYW1ldGVyIE5hbWU9IlJlcXVpcmVkIiBWYWx1ZT0iRmFsc2UiIC8+DQogICAgICAgICAgPC9SdWxlUGFyYW1ldGVycz4NCiAgICAgICAgPC9FeHRyYWN0aW9uUnVsZT4NCiAgICAgICAgPEV4dHJhY3Rpb25SdWxlIENsYXNzbmFtZT0iTWljcm9zb2Z0LlZpc3VhbFN0dWRpby5UZXN0VG9vbHMuV2ViVGVzdGluZy5SdWxlcy5FeHRyYWN0VGV4dCwgTWljcm9zb2Z0LlZpc3VhbFN0dWRpby5RdWFsaXR5VG9vbHMuV2ViVGVzdEZyYW1ld29yaywgVmVyc2lvbj0xMC4wLjAuMCwgQ3VsdHVyZT1uZXV0cmFsLCBQdWJsaWNLZXlUb2tlbj1iMDNmNWY3ZjExZDUwYTNhIiBWYXJpYWJsZU5hbWU9IkZvcm1Qb3N0UGFyYW0yNi5PVFRpbWVFbmQkZGRsSEgiIERpc3BsYXlOYW1lPSIiIERlc2NyaXB0aW9uPSIiPg0KICAgICAgICAgIDxSdWxlUGFyYW1ldGVycz4NCiAgICAgICAgICAgIDxSdWxlUGFyYW1ldGVyIE5hbWU9IlN0YXJ0c1dpdGgiIFZhbHVlPSJsdWU9JnF1b3Q7IiAvPg0KICAgICAgICAgICAgPFJ1bGVQYXJhbWV0ZXIgTmFtZT0iRW5kc1dpdGgiIFZhbHVlPSImcXVvdDsmZ3Q7MDEmbHQ7IiAvPg0KICAgICAgICAgICAgPFJ1bGVQYXJhbWV0ZXIgTmFtZT0iSW5kZXgiIFZhbHVlPSIyNCIgLz4NCiAgICAgICAgICAgIDxSdWxlUGFyYW1ldGVyIE5hbWU9Iklnbm9yZUNhc2UiIFZhbHVlPSJGYWxzZSIgLz4NCiAgICAgICAgICAgIDxSdWxlUGFyYW1ldGVyIE5hbWU9IlVzZVJlZ3VsYXJFeHByZXNzaW9uIiBWYWx1ZT0iRmFsc2UiIC8+DQogICAgICAgICAgICA8UnVsZVBhcmFtZXRlciBOYW1lPSJIdG1sRGVjb2RlIiBWYWx1ZT0iVHJ1ZSIgLz4NCiAgICAgICAgICAgIDxSdWxlUGFyYW1ldGVyIE5hbWU9IlJlcXVpcmVkIiBWYWx1ZT0iRmFsc2UiIC8+DQogICAgICAgICAgPC9SdWxlUGFyYW1ldGVycz4NCiAgICAgICAgPC9FeHRyYWN0aW9uUnVsZT4NCiAgICAgICAgPEV4dHJhY3Rpb25SdWxlIENsYXNzbmFtZT0iTWljcm9zb2Z0LlZpc3VhbFN0dWRpby5UZXN0VG9vbHMuV2ViVGVzdGluZy5SdWxlcy5FeHRyYWN0VGV4dCwgTWljcm9zb2Z0LlZpc3VhbFN0dWRpby5RdWFsaXR5VG9vbHMuV2ViVGVzdEZyYW1ld29yaywgVmVyc2lvbj0xMC4wLjAuMCwgQ3VsdHVyZT1uZXV0cmFsLCBQdWJsaWNLZXlUb2tlbj1iMDNmNWY3ZjExZDUwYTNhIiBWYXJpYWJsZU5hbWU9IkZvcm1Qb3N0UGFyYW0yNy5PVFRpbWVFbmQkZGRsTU0iIERpc3BsYXlOYW1lPSIiIERlc2NyaXB0aW9uPSIiPg0KICAgICAgICAgIDxSdWxlUGFyYW1ldGVycz4NCiAgICAgICAgICAgIDxSdWxlUGFyYW1ldGVyIE5hbWU9IlN0YXJ0c1dpdGgiIFZhbHVlPSJsdWU9JnF1b3Q7IiAvPg0KICAgICAgICAgICAgPFJ1bGVQYXJhbWV0ZXIgTmFtZT0iRW5kc1dpdGgiIFZhbHVlPSImcXVvdDsmZ3Q7MDAmbHQ7IiAvPg0KICAgICAgICAgICAgPFJ1bGVQYXJhbWV0ZXIgTmFtZT0iSW5kZXgiIFZhbHVlPSIyMyIgLz4NCiAgICAgICAgICAgIDxSdWxlUGFyYW1ldGVyIE5hbWU9Iklnbm9yZUNhc2UiIFZhbHVlPSJGYWxzZSIgLz4NCiAgICAgICAgICAgIDxSdWxlUGFyYW1ldGVyIE5hbWU9IlVzZVJlZ3VsYXJFeHByZXNzaW9uIiBWYWx1ZT0iRmFsc2UiIC8+DQogICAgICAgICAgICA8UnVsZVBhcmFtZXRlciBOYW1lPSJIdG1sRGVjb2RlIiBWYWx1ZT0iVHJ1ZSIgLz4NCiAgICAgICAgICAgIDxSdWxlUGFyYW1ldGVyIE5hbWU9IlJlcXVpcmVkIiBWYWx1ZT0iRmFsc2UiIC8+DQogICAgICAgICAgPC9SdWxlUGFyYW1ldGVycz4NCiAgICAgICAgPC9FeHRyYWN0aW9uUnVsZT4NCiAgICAgICAgPEV4dHJhY3Rpb25SdWxlIENsYXNzbmFtZT0iTWljcm9zb2Z0LlZpc3VhbFN0dWRpby5UZXN0VG9vbHMuV2ViVGVzdGluZy5SdWxlcy5FeHRyYWN0VGV4dCwgTWljcm9zb2Z0LlZpc3VhbFN0dWRpby5RdWFsaXR5VG9vbHMuV2ViVGVzdEZyYW1ld29yaywgVmVyc2lvbj0xMC4wLjAuMCwgQ3VsdHVyZT1uZXV0cmFsLCBQdWJsaWNLZXlUb2tlbj1iMDNmNWY3ZjExZDUwYTNhIiBWYXJpYWJsZU5hbWU9IkZvcm1Qb3N0UGFyYW0yOC5kZGxPVFR5cGVJRCIgRGlzcGxheU5hbWU9IiIgRGVzY3JpcHRpb249IiI+DQogICAgICAgICAgPFJ1bGVQYXJhbWV0ZXJzPg0KICAgICAgICAgICAgPFJ1bGVQYXJhbWV0ZXIgTmFtZT0iU3RhcnRzV2l0aCIgVmFsdWU9IiZxdW90OzgmcXVvdDssJnF1b3Q7IiAvPg0KICAgICAgICAgICAgPFJ1bGVQYXJhbWV0ZXIgTmFtZT0iRW5kc1dpdGgiIFZhbHVlPSImcXVvdDtdLCZxdW90O0QiIC8+DQogICAgICAgICAgICA8UnVsZVBhcmFtZXRlciBOYW1lPSJJbmRleCIgVmFsdWU9IjAiIC8+DQogICAgICAgICAgICA8UnVsZVBhcmFtZXRlciBOYW1lPSJJZ25vcmVDYXNlIiBWYWx1ZT0iRmFsc2UiIC8+DQogICAgICAgICAgICA8UnVsZVBhcmFtZXRlciBOYW1lPSJVc2VSZWd1bGFyRXhwcmVzc2lvbiIgVmFsdWU9IkZhbHNlIiAvPg0KICAgICAgICAgICAgPFJ1bGVQYXJhbWV0ZXIgTmFtZT0iSHRtbERlY29kZSIgVmFsdWU9IlRydWUiIC8+DQogICAgICAgICAgICA8UnVsZVBhcmFtZXRlciBOYW1lPSJSZXF1aXJlZCIgVmFsdWU9IkZhbHNlIiAvPg0KICAgICAgICAgIDwvUnVsZVBhcmFtZXRlcnM+DQogICAgICAgIDwvRXh0cmFjdGlvblJ1bGU+DQogICAgICA8L0NvcnJlbGF0aW9uRXh0cmFjdGlvblJ1bGVzPg0KICAgICAgPEZvcm1Qb3N0SHR0cEJvZHk+DQogICAgICAgIDxGb3JtUG9zdFBhcmFtZXRlciBOYW1lPSJUb29sa2l0U2NyaXB0TWFuYWdlcjFfSGlkZGVuRmllbGQiIFZhbHVlPSI7O0FqYXhDb250cm9sVG9vbGtpdCwgVmVyc2lvbj00LjEuNy42MDcsIEN1bHR1cmU9bmV1dHJhbCwgUHVibGljS2V5VG9rZW49MjhmMDFiMGU4NGI2ZDUzZTp6aC1IYW50OjdiOTVlZDFhLTZhM2YtNDFkZC1iYzViLTYzZjM5ZWRiYzRiNDpkZTFmZWFiMjpmY2YwZTk5MzpmMmM4ZTcwODo3MjBhNTJiZjpmOWNlYzliYzo1ODllYWEzMDo2OTgxMjljZjpmYjliNGM1NzpjY2I5NmNmOTphNjdjMjcwMDo4NjEzYWVhNzozMjAyYTVhMjphYjA5ZTNmZTo4NzEwNGI3YzpiZTZmYjI5OCIgUmVjb3JkZWRWYWx1ZT0iOztBamF4Q29udHJvbFRvb2xraXQsIFZlcnNpb249NC4xLjcuNjA3LCBDdWx0dXJlPW5ldXRyYWwsIFB1YmxpY0tleVRva2VuPTI4ZjAxYjBlODRiNmQ1M2U6emgtSGFudDo3Yjk1ZWQxYS02YTNmLTQxZGQtYmM1Yi02M2YzOWVkYmM0YjQ6ZGUxZmVhYjI6ZmNmMGU5OTM6ZjJjOGU3MDg6NzIwYTUyYmY6ZjljZWM5YmM6NTg5ZWFhMzA6Njk4MTI5Y2Y6ZmI5YjRjNTc6Y2NiOTZjZjk6YTY3YzI3MDA6ODYxM2FlYTc6MzIwMmE1YTI6YWIwOWUzZmU6ODcxMDRiN2M6YmU2ZmIyOTgiIENvcnJlbGF0aW9uQmluZGluZz0iIiBVcmxFbmNvZGU9IlRydWUiIC8+DQogICAgICAgIDxGb3JtUG9zdFBhcmFtZXRlciBOYW1lPSJfX0VWRU5UVEFSR0VUIiBWYWx1ZT0ie3skSElEREVOMS5fX0VWRU5UVEFSR0VUfX0iIFJlY29yZGVkVmFsdWU9IiIgQ29ycmVsYXRpb25CaW5kaW5nPSIiIFVybEVuY29kZT0iVHJ1ZSIgLz4NCiAgICAgICAgPEZvcm1Qb3N0UGFyYW1ldGVyIE5hbWU9Il9fRVZFTlRBUkdVTUVOVCIgVmFsdWU9Int7JEhJRERFTjEuX19FVkVOVEFSR1VNRU5UfX0iIFJlY29yZGVkVmFsdWU9IiIgQ29ycmVsYXRpb25CaW5kaW5nPSIiIFVybEVuY29kZT0iVHJ1ZSIgLz4NCiAgICAgICAgPEZvcm1Qb3N0UGFyYW1ldGVyIE5hbWU9Il9fTEFTVEZPQ1VTIiBWYWx1ZT0ie3skSElEREVOMS5fX0xBU1RGT0NVU319IiBSZWNvcmRlZFZhbHVlPSIiIENvcnJlbGF0aW9uQmluZGluZz0iIiBVcmxFbmNvZGU9IlRydWUiIC8+DQogICAgICAgIDxGb3JtUG9zdFBhcmFtZXRlciBOYW1lPSJfX1ZTVEFURSIgVmFsdWU9Int7JEhJRERFTjEuX19WU1RBVEV9fSIgUmVjb3JkZWRWYWx1ZT0iQVIrTENBQUFBQUFBQkFEZFdOMXZFOWtWangyUFk1d1FoeTEyNmJZZER4THRKTXJYM1BGSHZwb0hZa09KRmpCTnZEdzBpNnl4NTJKUE01NUpQZU9BKzRDbzFDd3BaVVZXRzNhYnBhcTAwcGI5b0t5b1VLV1VwYXYrQ1gzb1E1L1Iyb21mK2llMDk4NkhQWTdIVGtnZ2xYQVUrODY1NTk3ZitaMXo3am4yL2EvRGQ4SkprS2xVVEpiVWdpd3FjL0NYUmFFQUw4bUtPc05sRnQrQ3BWUXEwRTM0czhzWE9FRTZsVkZGQnB5SzVXQm04YlFvRWdHTG1EMlZ5UzNHY3JLc3dBWjVxSVU4M0VJZWFTR1B0cENQdFpDUHQ1QlAyTXNCMDBJT0xISzNMdmY5WkxDanA5UHQ5M29TeVppY1g1cU5keVdTWi9Dbk81R01jeXBFSDBraEQzc1N5WG1WVTR2S1JTNFB1NUZNVmprUlR5RDE1SFZwTnU0eEZkRGdyRnpJWDB4NHo0cnl0UmluUUxUbjhjRU9MLzRuM1BPWHpzMjhCUWczWUZnQUpnZy95NEN4VVNZeUNzQ04rcERvWnBoSmhybkJBUFJPdUNzZlB5dy8rbjMvd01KOFNWRmhmaVFPTTBLZUU0ZW92SktSQzZLUUhxSXV3NElpeU5KMGVJVEJmME5VckNpcXhRS2NsbUJSTFdEZFM4VzBLR1JRRmlUbFJTaE5wOGZHdUVnbUVnVVRvVEJreGljNndRaERCSFRyZE51d09Vd0VnRWlFY0FDaXozeU1Ndm8wYk1jblBNcWFmUEJRNXhPOWdkNFJPWlBQb0t1VEdRRTJvR0VXTUtBQkZJd2ZDbWlvQVpRRjlxQWdPaEVaUHdpb3RrRU5sSzJEYXNUM3hCUkViOVNIQ0JSbzZjSmEwd1dCMnNjMERLS3NKYVpoRUQ0azBHZ2pVL1pRUU1jYVkzbzRvT01Ob0tHOUhabURnazQwZ3JiTVhuVGFEd0txYldDQ1dzK3BOWHM5VGdmdkk3eW91cURIYUNRYzlnVUNwRHNPbDlUWk9QRW16VERNVHdGREQya0R4aklnMzBnVXNyaHduaGNVRlEwNVZGb0pKMDJUdmFsTFhCYk9LcmkybnBlek9kSnZDSDVXaElYU3ZGb1FwS3dtZCt0bDNHUk1ualQwVGhkVitmVFNrbGc2azA5REhzdGlpaElUT1VYSmtyU2hnenVDaXY3bk02aUJpcWh6Q2lvcXFnbko3S0ZaMHF0VHdCWkNzdHRpSy9GbHJ3SkZtRkdwK094OGN2WmlMRWxsVU8ybnFHczVLRkdKTURQeTlwTEJoeElVU3BKVlNpcUtJcVUyVDBNUnJhTnBDa284eFNsNHNqWTNKQ2g0VlQ5ZVlJcG9lc0JRTXlWVzRGQjc0RkE3NEpBTmNLZ1pPR1FMekxZSFp0c0JzemJBYkRNd2F3c00yZ09ESnVCK2JiVyt1TzNhZmlQQ2RaV3JCVGxQd1hOekYrYmpNNm5aNUZ4OFpJRlB5MWRHRmpRRjRWY2N6aCtjSWxmdy9nVklHUXVuclVBRG1oazYvWUdhRDRERkJ4WjYyTVRXNUpxNG1kNERqZDZyZzdTQWFPZkJkcEZyRHB6RllETndTTlJHeWNaa214eXd5VWY3czRGZkdEUXVYNU4yb21xa0xRN1Y2TmVaYWlPZDRmUDE5ZWZyTjJscXNLNDlTQS9UdFVmOHRSQTd3Y1o2WFE5WUZHMzQ2RXFzblZKb2gxTElUaW04UXlsc1ZiTHpnbWJ3QzZSdmdoTGhWWlg2aFN4SWUxMFJaaWdaWnhPeVpVNFdZVXptNFRRZFptaUtROGxpc1ppYVR0U0dMd3dTTWtCQ1ZwQ1FDUko2T1NDc0FjSmFRVmdUaEgwNUlNQUFBVllRWUlLQWx3TmlZRmdoR0ZvRHNOM2ZLRnIxaW9PS0lEN0VpUUlQQzFTNlpPMDZsajVncWN5V0VsTTc5UlRaaFVaYTEvU1lYd1ZJbjltRG9jb2x1YXlTRFRpZG5UNCtjQnk5K3dKTzFPL1BDOW1jT2lOZm55bEFidkdNeEtWRnlPZjRnUE1xMG5JNUhacFcxMlZCRWRCRWp1ZWRoQ1p4SmVGMWxUaXh2WEZ2YSszZGJ6Y2YvZWZabmUySHY5djYvTDN5Tnl2UGJ6NUFlai9DZXNHalJFL2w4ZWIyWDlhcXQyOXVmM0lIeVFjTXVlL2JwMC9MdCs5dlA3bFZlYnFHOWtGVHc4YVVIMDFoK2IzTnlnY2ZWMjc5ZG12OTg2M1Aza2NLb3o3RE1FeWlqK2NEanF1OEU1aENOeGI2QWg2eUYvM0U1QzV6WWhHZUZhRElFeTRjRXZJb2xtS3pkYUVIQy9GNUpidFRKL0hVakZ5VStDelpWZk5Cbjk5NWJCaTlFTEhxcjVFcHQvQkRRUDlLTmJ6RGVyK3p3NjNQSEIvc2RHYXptbVdFWms2d1Z6Y2c2S3RqQnZ1eXdXTXZBYUZyL3dpQUdkNys4TXZxeXArM0h0d3RyMzZCSEd3aUFDdEN5UFN1eC9BdUF2UFc4eE5CSG0yb2ZqVmNSek91MzlHQmRuYnNjSTYzbnVMNzM2MnJ2aHQ3OE4yT21MdDFXL3JiL3JjYjB6TFdxUjBvZk95OEtPWHdMUWorMXMycFJFOEp2ZDRadlhEaG5WR2VKNzJwZVpVcnFOb3RTY2MvaER2My8vVlBEK2xKblpGNFF6VGpDajc2dHdkdE1hdk1RWTVQU0dJcGh4U1NzaXdtaFNWaWVLSDY5UjhySDl5K1FwWGZmMWErKzdEeTBaOHE5OTlGNTNPaGVuOURrMWMyVjZvYm41WlhQaXQvOVRmOWpHUHpISWd6ajgrNkxHVkVJYk5JL1B4dFZSQlRzZHdpS2c1Sk9ac1ZvVllGQkZGUVMvMjBlbDNWcjNKbVlGYVFVcG5jWW4yV0hxSjJ6dlBDTWo1anAxR1JvUWVtZUhTV25iaU1FSXBhRWlFUlhJWUZWY2h3NGpBbkNsbHBVcFdYcHBacjIwMU8xUXZSL2xpaWxWNVo0dE9penF4WHpRbkt5REl1RU5NMFBjV2pvQVRjcE5zMkhFZWFvbkVPbDRpR1lKekQrWWZDR255amNYSHdPN1VJQm8vWEloZjA1NEtCZzRZcCtGM2k4dDdpZzJ4dEV4MDhheCtiNElrOWh5WDR2UmVPUi9CTit5Z0V2Ny9EaFQrb3VUMzRRNHUvSi9BVjQ3SE9EbC9BaFk0aEx1R3pLc3pIVUFsWG5WN2UwUmZvd0g4OTZGZDZoMTYrQXBxcEx2SUkvc1VaazBXNTRQM1VRYnBTSitkbm5CN2NENTJHZS9VVzVBQThyN2RJOU5CMFM2ZDV4MzlOTHZERGFkdzJKN1YzNUNVUjBYQVpxNHdmK21iTHhCSjlOWks0RFVsWCtlc1BFMXZmZk1IckdhVDF5K3JLZStXMTFmTGoxY29ucTBqdU1adWk3WjBtajR1VnJtQzkzVVJpcnlIR3R3em9zZHUwNGNkU1dsbWEwb0tNblJkRWJnaFN0aTVnN1Z4ZzNobStTaGNFeWs4ZW93UWFyZnhodGZ6MEhocHQvWFd0dlBtazJSazdyZ2wzT3NPNE1MUTZneGtCdHM3bzNNMFpJVHRubUhlWnI1a3pYTHM1STl6a0RNc3QxYjZkb1YzZ1dwMVJmZkJWb3JyeDkvK3ZNNGpkbkJGcGRrYjk3dmRWWm9hN2ZQUFoxdDFIZHVRYjdoOGJ5TmR2SXZkU0k5eTdrWS9hWmdMN1dwRHYybzM4bUcxTmVEM0llM1lqUDI1SFBuUUlEZklReUIvWmpmeUVMZm5YNDh4N2R5SHZCTXdyS3YvTWVBUDc2c2FUeE5iNmJ3Nlh2Uzdwd1RjZFV4cHRaREt2Y1RyS0M4cVN5SlVtSlZtQ1Uvei9BSWM5VndnYUlBQUEiIENvcnJlbGF0aW9uQmluZGluZz0iIiBVcmxFbmNvZGU9IlRydWUiIC8+DQogICAgICAgIDxGb3JtUG9zdFBhcmFtZXRlciBOYW1lPSJfX1ZJRVdTVEFURSIgVmFsdWU9Int7JEhJRERFTjEuX19WSUVXU1RBVEV9fSIgUmVjb3JkZWRWYWx1ZT0iIiBDb3JyZWxhdGlvbkJpbmRpbmc9IiIgVXJsRW5jb2RlPSJUcnVlIiAvPg0KICAgICAgICA8Rm9ybVBvc3RQYXJhbWV0ZXIgTmFtZT0iX19TQ1JPTExQT1NJVElPTlgiIFZhbHVlPSJ7eyRISURERU4xLl9fU0NST0xMUE9TSVRJT05YfX0iIFJlY29yZGVkVmFsdWU9IjAiIENvcnJlbGF0aW9uQmluZGluZz0iIiBVcmxFbmNvZGU9IlRydWUiIC8+DQogICAgICAgIDxGb3JtUG9zdFBhcmFtZXRlciBOYW1lPSJfX1NDUk9MTFBPU0lUSU9OWSIgVmFsdWU9Int7JEhJRERFTjEuX19TQ1JPTExQT1NJVElPTll9fSIgUmVjb3JkZWRWYWx1ZT0iMCIgQ29ycmVsYXRpb25CaW5kaW5nPSIiIFVybEVuY29kZT0iVHJ1ZSIgLz4NCiAgICAgICAgPEZvcm1Qb3N0UGFyYW1ldGVyIE5hbWU9Il9fVklFV1NUQVRFRU5DUllQVEVEIiBWYWx1ZT0ie3skSElEREVOMS5fX1ZJRVdTVEFURUVOQ1JZUFRFRH19IiBSZWNvcmRlZFZhbHVlPSIiIENvcnJlbGF0aW9uQmluZGluZz0iIiBVcmxFbmNvZGU9IlRydWUiIC8+DQogICAgICAgIDxGb3JtUG9zdFBhcmFtZXRlciBOYW1lPSJfX0VWRU5UVkFMSURBVElPTiIgVmFsdWU9Int7JEhJRERFTjEuX19FVkVOVFZBTElEQVRJT059fSIgUmVjb3JkZWRWYWx1ZT0iSGhFRlZoN2w5SjNmQ0tXRzRjNFBaajgyc2RFWXdSeStNdFhQYjVqSHk2bVJnZXFlcHhNSGdHcjRQTU80WW94MVZqd1hKOWxYYXFiWEdtWk4xblkyY1I1b21KZStqOHdUb3JoSElGTVdJUWNVanZvVVk0T1FJN2FldTVJK1lOcnhMVFpRdVRkTkxkY3J2RVdYekJoekFmWUhFdmZha01nVEFlU2wwTUN6bjJTYjVPS0Q4blhaMlFqWkpIb1B4SDdvYnZGYWlITmlVN2k5S3EzV3FmTGs1bTVWeDhCWDF5ZkRxZEZKWWFaRWx0V2ozRWdjYm9URmNEbklZZ1pqdWlqblhSN1J6VFR5aENPVWRyQURkSGt2Z1pQdzZ0SWRwdzBRMzdGSHBmTUlvemJJeFhDVE1EOW1DNWxuZHo4NTM5M3NTSzVEMVJjOXFJV1FQN3haanJlQWtDNlhFcDlMY0E5N2MrbFdQblR3d1pocXA3VTBWTitBNFZGKzdCSGFNajRweEpRZms2SVVNV20vUDB4cktqcGpDZ0tCQW1pVkxic3JFeUtKOGVmb055ajR2ZkM0NUJIQ0ZrTldsV0tsUWpPV3BPU3BlZGtoK2FKNGREZzFhcEtsamY0bUpTcS9zOFlWWlgvQmthc0pYZlVieUdtZFRtTEh4UFpRMnpSU0VmOW1RZkxxcTlGb0Uwc1dWQ2JpUXdaTW9kSk9ZVjFaVjJXbGNiRktZVzZaWTN3N05qVHhRbWp5QUprL0NxQjI2S1d3QnR2L2VJWTlnSCtGYWJ6R3craTMyOWI4d2M3NFI1cmg5M1V3WkNQREF6SDYzUW9FS1EwSlFiNFBaSS9VcktYSGh4YXNBUW8wRWNxVGRaZ3R6bzJ0MVg2dXRtSWtuT2FsZG8zRWYyazF1RGVZTEtidG9RQ20xZ1l1eHBWVU9iK0xocVU1Y3kvV3c3ZmkyRmNoVlNoVDJZTjdCMDNzUXc1K09FRWJFeVF2QmtYclJIVWF1YnErbTNtbzhhZWs2bmNIMjJPbHQyYk55a1JQUEEwMjRUd1BWdCs3NHQ2SmF5QzJtcnMyNkVudWNMQ2luSkVRdmJWQnE2bHBkMVZqWVNEYXRNTXdWdXlOYUxSVEw2UG9qblZ6YWt1LzdVTFlFd2hwaHpUL3BhTUZFMzJocEpVTU5URzZrQkJYeUhNTUpiMCs4K3pjeDc2T0cyYmR4eWRqU3c2ZnVFT0NjVzlOdWNabDJFdXlLanc4QzkwN2Q5dnhUYU5xREpDWEVJTENLb3VZVnNEVGwvN3VIT1gzeE5jdUxaTEpwSDYwVkJRQ0xGcGRLZ1ZyZ3ZJSmNMS0RzTW5QcjhQaGxzanNMbHkybVhLbWVFMVJaWW9adnNuRXlyUFpYYmFyYStneHhBRE1Vb3NFM1k4QlZuVXFLNVowb1dnUUpYUkJPNTB1aFJ2ZXUzOUlHQVpTSklEcW9VNTFKWGZrL3RaSEg2OXJ0b3dwUk9iM1BnUlBNeExtL1YxK1NSK0t4NnlDa1NPUjZmWWpGaVNtUnJHOXVyVHoxZGY2aWVFa1N0eW9zV2srZjFDL0NVc0tja2tySzA0WU8xSHRlNXY2Qk9nTHpvU3dweXhDMWljY3VPczBUeTFXY0RzQmxKdUJjM3FXQi9jY2U2SlFoSkp0d0RrZVlqSWRNUnpjZmhkOUx6QkpaV2twNjBYcGRqa2tWeERYbVY1K3pFdnBQN25lRlhyRmQrYURITlJPS2UxczB2aXJZaTExb3dpUG9ta09VQUlOZUVGSzJMQkVCUzR4djljYVQ0VVZsOWRMUUNnaE16TVlWMjVZRU5XUFFlNCsyNWluTmpXMUJzeFJJdjFPcVRxOGh6TjdFTWo4ci9TdndWQWdaT1dPaGhrNkJ0WDJ4OG9PRU5wc1FCdWtwamlzbjNlTTFmb1Vhd3JsamtubFdPUU1wVGZyd3NmRjFWTW9GN2g1R1NxZVFqOHVuQjFUMTJXTjFsL0cyWVlJenhOS2wvN0hzaGNXTjdrdS9HVFordHN3RkNGSHlHV3pNT3ZHMTZnditkS2hpaTc3b0RkTlpFMWJqSndkczE0dTFRWkd3STk2d2lLMVFKYnB0NkJNb0pleGhMR1NHRjdqL2F6TEdhRTlnVTFTYXFNbGxPMnhxQ1luZ1NKTER2cz0iIENvcnJlbGF0aW9uQmluZGluZz0iIiBVcmxFbmNvZGU9IlRydWUiIC8+DQogICAgICAgIDxGb3JtUG9zdFBhcmFtZXRlciBOYW1lPSJTY3JlZW5XaWR0aCIgVmFsdWU9Int7JEhJRERFTjEuU2NyZWVuV2lkdGh9fSIgUmVjb3JkZWRWYWx1ZT0iIiBDb3JyZWxhdGlvbkJpbmRpbmc9IiIgVXJsRW5jb2RlPSJUcnVlIiAvPg0KICAgICAgICA8Rm9ybVBvc3RQYXJhbWV0ZXIgTmFtZT0iU2NyZWVuSGVpZ2h0IiBWYWx1ZT0ie3skSElEREVOMS5TY3JlZW5IZWlnaHR9fSIgUmVjb3JkZWRWYWx1ZT0iIiBDb3JyZWxhdGlvbkJpbmRpbmc9IiIgVXJsRW5jb2RlPSJUcnVlIiAvPg0KICAgICAgICA8Rm9ybVBvc3RQYXJhbWV0ZXIgTmFtZT0iYnRuVXBkYXRlIiBWYWx1ZT0i5L+u5pS5IiBSZWNvcmRlZFZhbHVlPSLkv67mlLkiIENvcnJlbGF0aW9uQmluZGluZz0ie3tGb3JtUG9zdFBhcmFtMjkuYnRuVXBkYXRlfX0iIFVybEVuY29kZT0iVHJ1ZSIgLz4NCiAgICAgICAgPEZvcm1Qb3N0UGFyYW1ldGVyIE5hbWU9ImRkbE9yZ0FuZEZsb3ciIFZhbHVlPSIiIFJlY29yZGVkVmFsdWU9IiIgQ29ycmVsYXRpb25CaW5kaW5nPSIiIFVybEVuY29kZT0iVHJ1ZSIgLz4NCiAgICAgICAgPEZvcm1Qb3N0UGFyYW1ldGVyIE5hbWU9ImRkbFF1ZXJ5Q29uZGl0aW9ucyIgVmFsdWU9IjAiIFJlY29yZGVkVmFsdWU9IjAiIENvcnJlbGF0aW9uQmluZGluZz0ie3tGb3JtUG9zdFBhcmFtMzEuZGRsUXVlcnlDb25kaXRpb25zfX0iIFVybEVuY29kZT0iVHJ1ZSIgLz4NCiAgICAgICAgPEZvcm1Qb3N0UGFyYW1ldGVyIE5hbWU9InR4dE9URW1wSUQiIFZhbHVlPSIxMDIxMTkiIFJlY29yZGVkVmFsdWU9IjEwMjExOSIgQ29ycmVsYXRpb25CaW5kaW5nPSJ7e0Zvcm1Qb3N0UGFyYW0zMC50eHRPVEVtcElEfX0iIFVybEVuY29kZT0iVHJ1ZSIgLz4NCiAgICAgICAgPEZvcm1Qb3N0UGFyYW1ldGVyIE5hbWU9InR4dE9URW1wTmFtZSIgVmFsdWU9IiIgUmVjb3JkZWRWYWx1ZT0iIiBDb3JyZWxhdGlvbkJpbmRpbmc9IiIgVXJsRW5jb2RlPSJUcnVlIiAvPg0KICAgICAgICA8Rm9ybVBvc3RQYXJhbWV0ZXIgTmFtZT0idHh0T1RGb3JtTk8iIFZhbHVlPSIiIFJlY29yZGVkVmFsdWU9IiIgQ29ycmVsYXRpb25CaW5kaW5nPSIiIFVybEVuY29kZT0iVHJ1ZSIgLz4NCiAgICAgICAgPEZvcm1Qb3N0UGFyYW1ldGVyIE5hbWU9ImRkbE9UU3RhdHVzIiBWYWx1ZT0iMSIgUmVjb3JkZWRWYWx1ZT0iMSIgQ29ycmVsYXRpb25CaW5kaW5nPSJ7e0Zvcm1Qb3N0UGFyYW0zMi5kZGxPVFN0YXR1c319IiBVcmxFbmNvZGU9IlRydWUiIC8+DQogICAgICAgIDxGb3JtUG9zdFBhcmFtZXRlciBOYW1lPSJ0eHRPVERhdGVCZWdpbiR0eHREYXRlIiBWYWx1ZT0iIiBSZWNvcmRlZFZhbHVlPSIiIENvcnJlbGF0aW9uQmluZGluZz0iIiBVcmxFbmNvZGU9IlRydWUiIC8+DQogICAgICAgIDxGb3JtUG9zdFBhcmFtZXRlciBOYW1lPSJ0eHRPVERhdGVFbmQkdHh0RGF0ZSIgVmFsdWU9IiIgUmVjb3JkZWRWYWx1ZT0iIiBDb3JyZWxhdGlvbkJpbmRpbmc9IiIgVXJsRW5jb2RlPSJUcnVlIiAvPg0KICAgICAgICA8Rm9ybVBvc3RQYXJhbWV0ZXIgTmFtZT0iZ3ZNYWluJGN0bDAyJGNoa0Nob29zZSIgVmFsdWU9Im9uIiBSZWNvcmRlZFZhbHVlPSJvbiIgQ29ycmVsYXRpb25CaW5kaW5nPSIiIFVybEVuY29kZT0iVHJ1ZSIgLz4NCiAgICAgICAgPEZvcm1Qb3N0UGFyYW1ldGVyIE5hbWU9InVjTW9kYWxQb3B1cDEkQ2xpZW50V2lkdGgiIFZhbHVlPSJ7eyRISURERU4xLnVjTW9kYWxQb3B1cDEkQ2xpZW50V2lkdGh9fSIgUmVjb3JkZWRWYWx1ZT0iMCIgQ29ycmVsYXRpb25CaW5kaW5nPSIiIFVybEVuY29kZT0iVHJ1ZSIgLz4NCiAgICAgICAgPEZvcm1Qb3N0UGFyYW1ldGVyIE5hbWU9InVjTW9kYWxQb3B1cDEkQ2xpZW50SGVpZ2h0IiBWYWx1ZT0ie3skSElEREVOMS51Y01vZGFsUG9wdXAxJENsaWVudEhlaWdodH19IiBSZWNvcmRlZFZhbHVlPSIwIiBDb3JyZWxhdGlvbkJpbmRpbmc9IiIgVXJsRW5jb2RlPSJUcnVlIiAvPg0KICAgICAgPC9Gb3JtUG9zdEh0dHBCb2R5Pg0KICAgIDwvUmVxdWVzdD4NCiAgICA8UmVxdWVzdCBNZXRob2Q9IlBPU1QiIEd1aWQ9IjVhMTNkZDAwLWY4YTUtNDZjMC1hNmY4LTgyZjZkNzlmMzU0YyIgVmVyc2lvbj0iMS4xIiBVcmw9Imh0dHA6Ly8xMC4xMS4zNi4xMTQ6ODAwNy9PdmVyVGltZS9PdmVydGltZVByZU9yZGVyX01vZGlmeS5hc3B4IiBUaGlua1RpbWU9IjMiIFRpbWVvdXQ9IjMwMCIgUGFyc2VEZXBlbmRlbnRSZXF1ZXN0cz0iVHJ1ZSIgRm9sbG93UmVkaXJlY3RzPSJUcnVlIiBSZWNvcmRSZXN1bHQ9IlRydWUiIENhY2hlPSJGYWxzZSIgUmVzcG9uc2VUaW1lR29hbD0iMCIgRW5jb2Rpbmc9InV0Zi04IiBFeHBlY3RlZEh0dHBTdGF0dXNDb2RlPSIwIiBFeHBlY3RlZFJlc3BvbnNlVXJsPSIiIFJlcG9ydGluZ05hbWU9IiIgSWdub3JlSHR0cFN0YXR1c0NvZGU9IkZhbHNlIj4NCiAgICAgIDxFeHRyYWN0aW9uUnVsZXM+DQogICAgICAgIDxFeHRyYWN0aW9uUnVsZSBDbGFzc25hbWU9Ik1pY3Jvc29mdC5WaXN1YWxTdHVkaW8uVGVzdFRvb2xzLldlYlRlc3RpbmcuUnVsZXMuRXh0cmFjdEhpZGRlbkZpZWxkcywgTWljcm9zb2Z0LlZpc3VhbFN0dWRpby5RdWFsaXR5VG9vbHMuV2ViVGVzdEZyYW1ld29yaywgVmVyc2lvbj0xMC4wLjAuMCwgQ3VsdHVyZT1uZXV0cmFsLCBQdWJsaWNLZXlUb2tlbj1iMDNmNWY3ZjExZDUwYTNhIiBWYXJpYWJsZU5hbWU9IjEiIERpc3BsYXlOYW1lPSLmk7flj5bpmrHol4/mrITkvY0iIERlc2NyaXB0aW9uPSLmk7flj5blm57mh4nkuK3nmoTmiYDmnInpmrHol4/mrITkvY3vvIzkuKblsIflroPlgJHmlL7lnKjmuKzoqablhaflrrnkuK3jgIIiPg0KICAgICAgICAgIDxSdWxlUGFyYW1ldGVycz4NCiAgICAgICAgICAgIDxSdWxlUGFyYW1ldGVyIE5hbWU9IlJlcXVpcmVkIiBWYWx1ZT0iVHJ1ZSIgLz4NCiAgICAgICAgICAgIDxSdWxlUGFyYW1ldGVyIE5hbWU9Ikh0bWxEZWNvZGUiIFZhbHVlPSJUcnVlIiAvPg0KICAgICAgICAgIDwvUnVsZVBhcmFtZXRlcnM+DQogICAgICAgIDwvRXh0cmFjdGlvblJ1bGU+DQogICAgICA8L0V4dHJhY3Rpb25SdWxlcz4NCiAgICAgIDxDb3JyZWxhdGlvbkV4dHJhY3Rpb25SdWxlcz4NCiAgICAgICAgPEV4dHJhY3Rpb25SdWxlIENsYXNzbmFtZT0iTWljcm9zb2Z0LlZpc3VhbFN0dWRpby5UZXN0VG9vbHMuV2ViVGVzdGluZy5SdWxlcy5FeHRyYWN0VGV4dCwgTWljcm9zb2Z0LlZpc3VhbFN0dWRpby5RdWFsaXR5VG9vbHMuV2ViVGVzdEZyYW1ld29yaywgVmVyc2lvbj0xMC4wLjAuMCwgQ3VsdHVyZT1uZXV0cmFsLCBQdWJsaWNLZXlUb2tlbj1iMDNmNWY3ZjExZDUwYTNhIiBWYXJpYWJsZU5hbWU9IlF1ZXJ5U3RyaW5nUGFyYW05Lk9UQ29tcElEIiBEaXNwbGF5TmFtZT0iIiBEZXNjcmlwdGlvbj0iIj4NCiAgICAgICAgICA8UnVsZVBhcmFtZXRlcnM+DQogICAgICAgICAgICA8UnVsZVBhcmFtZXRlciBOYW1lPSJTdGFydHNXaXRoIiBWYWx1ZT0iP09UQ29tcElEPSIgLz4NCiAgICAgICAgICAgIDxSdWxlUGFyYW1ldGVyIE5hbWU9IkVuZHNXaXRoIiBWYWx1ZT0iJmFtcDsiIC8+DQogICAgICAgICAgICA8UnVsZVBhcmFtZXRlciBOYW1lPSJJbmRleCIgVmFsdWU9IjAiIC8+DQogICAgICAgICAgICA8UnVsZVBhcmFtZXRlciBOYW1lPSJJZ25vcmVDYXNlIiBWYWx1ZT0iRmFsc2UiIC8+DQogICAgICAgICAgICA8UnVsZVBhcmFtZXRlciBOYW1lPSJVc2VSZWd1bGFyRXhwcmVzc2lvbiIgVmFsdWU9IkZhbHNlIiAvPg0KICAgICAgICAgICAgPFJ1bGVQYXJhbWV0ZXIgTmFtZT0iSHRtbERlY29kZSIgVmFsdWU9IlRydWUiIC8+DQogICAgICAgICAgICA8UnVsZVBhcmFtZXRlciBOYW1lPSJSZXF1aXJlZCIgVmFsdWU9IkZhbHNlIiAvPg0KICAgICAgICAgIDwvUnVsZVBhcmFtZXRlcnM+DQogICAgICAgIDwvRXh0cmFjdGlvblJ1bGU+DQogICAgICAgIDxFeHRyYWN0aW9uUnVsZSBDbGFzc25hbWU9Ik1pY3Jvc29mdC5WaXN1YWxTdHVkaW8uVGVzdFRvb2xzLldlYlRlc3RpbmcuUnVsZXMuRXh0cmFjdFRleHQsIE1pY3Jvc29mdC5WaXN1YWxTdHVkaW8uUXVhbGl0eVRvb2xzLldlYlRlc3RGcmFtZXdvcmssIFZlcnNpb249MTAuMC4wLjAsIEN1bHR1cmU9bmV1dHJhbCwgUHVibGljS2V5VG9rZW49YjAzZjVmN2YxMWQ1MGEzYSIgVmFyaWFibGVOYW1lPSJRdWVyeVN0cmluZ1BhcmFtMTAuT1RFbXBJRCIgRGlzcGxheU5hbWU9IiIgRGVzY3JpcHRpb249IiI+DQogICAgICAgICAgPFJ1bGVQYXJhbWV0ZXJzPg0KICAgICAgICAgICAgPFJ1bGVQYXJhbWV0ZXIgTmFtZT0iU3RhcnRzV2l0aCIgVmFsdWU9IiZhbXA7YW1wO09URW1wSUQ9IiAvPg0KICAgICAgICAgICAgPFJ1bGVQYXJhbWV0ZXIgTmFtZT0iRW5kc1dpdGgiIFZhbHVlPSImYW1wOyIgLz4NCiAgICAgICAgICAgIDxSdWxlUGFyYW1ldGVyIE5hbWU9IkluZGV4IiBWYWx1ZT0iMCIgLz4NCiAgICAgICAgICAgIDxSdWxlUGFyYW1ldGVyIE5hbWU9Iklnbm9yZUNhc2UiIFZhbHVlPSJGYWxzZSIgLz4NCiAgICAgICAgICAgIDxSdWxlUGFyYW1ldGVyIE5hbWU9IlVzZVJlZ3VsYXJFeHByZXNzaW9uIiBWYWx1ZT0iRmFsc2UiIC8+DQogICAgICAgICAgICA8UnVsZVBhcmFtZXRlciBOYW1lPSJIdG1sRGVjb2RlIiBWYWx1ZT0iVHJ1ZSIgLz4NCiAgICAgICAgICAgIDxSdWxlUGFyYW1ldGVyIE5hbWU9IlJlcXVpcmVkIiBWYWx1ZT0iRmFsc2UiIC8+DQogICAgICAgICAgPC9SdWxlUGFyYW1ldGVycz4NCiAgICAgICAgPC9FeHRyYWN0aW9uUnVsZT4NCiAgICAgICAgPEV4dHJhY3Rpb25SdWxlIENsYXNzbmFtZT0iTWljcm9zb2Z0LlZpc3VhbFN0dWRpby5UZXN0VG9vbHMuV2ViVGVzdGluZy5SdWxlcy5FeHRyYWN0VGV4dCwgTWljcm9zb2Z0LlZpc3VhbFN0dWRpby5RdWFsaXR5VG9vbHMuV2ViVGVzdEZyYW1ld29yaywgVmVyc2lvbj0xMC4wLjAuMCwgQ3VsdHVyZT1uZXV0cmFsLCBQdWJsaWNLZXlUb2tlbj1iMDNmNWY3ZjExZDUwYTNhIiBWYXJpYWJsZU5hbWU9IlF1ZXJ5U3RyaW5nUGFyYW0xMS5PVFN0YXJ0RGF0ZSIgRGlzcGxheU5hbWU9IiIgRGVzY3JpcHRpb249IiI+DQogICAgICAgICAgPFJ1bGVQYXJhbWV0ZXJzPg0KICAgICAgICAgICAgPFJ1bGVQYXJhbWV0ZXIgTmFtZT0iU3RhcnRzV2l0aCIgVmFsdWU9IiZhbXA7YW1wO09UU3RhcnREYXRlPSIgLz4NCiAgICAgICAgICAgIDxSdWxlUGFyYW1ldGVyIE5hbWU9IkVuZHNXaXRoIiBWYWx1ZT0iJmFtcDsiIC8+DQogICAgICAgICAgICA8UnVsZVBhcmFtZXRlciBOYW1lPSJJbmRleCIgVmFsdWU9IjAiIC8+DQogICAgICAgICAgICA8UnVsZVBhcmFtZXRlciBOYW1lPSJJZ25vcmVDYXNlIiBWYWx1ZT0iRmFsc2UiIC8+DQogICAgICAgICAgICA8UnVsZVBhcmFtZXRlciBOYW1lPSJVc2VSZWd1bGFyRXhwcmVzc2lvbiIgVmFsdWU9IkZhbHNlIiAvPg0KICAgICAgICAgICAgPFJ1bGVQYXJhbWV0ZXIgTmFtZT0iSHRtbERlY29kZSIgVmFsdWU9IlRydWUiIC8+DQogICAgICAgICAgICA8UnVsZVBhcmFtZXRlciBOYW1lPSJSZXF1aXJlZCIgVmFsdWU9IkZhbHNlIiAvPg0KICAgICAgICAgIDwvUnVsZVBhcmFtZXRlcnM+DQogICAgICAgIDwvRXh0cmFjdGlvblJ1bGU+DQogICAgICAgIDxFeHRyYWN0aW9uUnVsZSBDbGFzc25hbWU9Ik1pY3Jvc29mdC5WaXN1YWxTdHVkaW8uVGVzdFRvb2xzLldlYlRlc3RpbmcuUnVsZXMuRXh0cmFjdFRleHQsIE1pY3Jvc29mdC5WaXN1YWxTdHVkaW8uUXVhbGl0eVRvb2xzLldlYlRlc3RGcmFtZXdvcmssIFZlcnNpb249MTAuMC4wLjAsIEN1bHR1cmU9bmV1dHJhbCwgUHVibGljS2V5VG9rZW49YjAzZjVmN2YxMWQ1MGEzYSIgVmFyaWFibGVOYW1lPSJRdWVyeVN0cmluZ1BhcmFtMTIuT1RFbmREYXRlIiBEaXNwbGF5TmFtZT0iIiBEZXNjcmlwdGlvbj0iIj4NCiAgICAgICAgICA8UnVsZVBhcmFtZXRlcnM+DQogICAgICAgICAgICA8UnVsZVBhcmFtZXRlciBOYW1lPSJTdGFydHNXaXRoIiBWYWx1ZT0iJmFtcDthbXA7T1RFbmREYXRlPSIgLz4NCiAgICAgICAgICAgIDxSdWxlUGFyYW1ldGVyIE5hbWU9IkVuZHNXaXRoIiBWYWx1ZT0iJmFtcDsiIC8+DQogICAgICAgICAgICA8UnVsZVBhcmFtZXRlciBOYW1lPSJJbmRleCIgVmFsdWU9IjAiIC8+DQogICAgICAgICAgICA8UnVsZVBhcmFtZXRlciBOYW1lPSJJZ25vcmVDYXNlIiBWYWx1ZT0iRmFsc2UiIC8+DQogICAgICAgICAgICA8UnVsZVBhcmFtZXRlciBOYW1lPSJVc2VSZWd1bGFyRXhwcmVzc2lvbiIgVmFsdWU9IkZhbHNlIiAvPg0KICAgICAgICAgICAgPFJ1bGVQYXJhbWV0ZXIgTmFtZT0iSHRtbERlY29kZSIgVmFsdWU9IlRydWUiIC8+DQogICAgICAgICAgICA8UnVsZVBhcmFtZXRlciBOYW1lPSJSZXF1aXJlZCIgVmFsdWU9IkZhbHNlIiAvPg0KICAgICAgICAgIDwvUnVsZVBhcmFtZXRlcnM+DQogICAgICAgIDwvRXh0cmFjdGlvblJ1bGU+DQogICAgICAgIDxFeHRyYWN0aW9uUnVsZSBDbGFzc25hbWU9Ik1pY3Jvc29mdC5WaXN1YWxTdHVkaW8uVGVzdFRvb2xzLldlYlRlc3RpbmcuUnVsZXMuRXh0cmFjdFRleHQsIE1pY3Jvc29mdC5WaXN1YWxTdHVkaW8uUXVhbGl0eVRvb2xzLldlYlRlc3RGcmFtZXdvcmssIFZlcnNpb249MTAuMC4wLjAsIEN1bHR1cmU9bmV1dHJhbCwgUHVibGljS2V5VG9rZW49YjAzZjVmN2YxMWQ1MGEzYSIgVmFyaWFibGVOYW1lPSJRdWVyeVN0cmluZ1BhcmFtMTMuT1RTdGFydFRpbWUiIERpc3BsYXlOYW1lPSIiIERlc2NyaXB0aW9uPSIiPg0KICAgICAgICAgIDxSdWxlUGFyYW1ldGVycz4NCiAgICAgICAgICAgIDxSdWxlUGFyYW1ldGVyIE5hbWU9IlN0YXJ0c1dpdGgiIFZhbHVlPSImYW1wO2FtcDtPVFN0YXJ0VGltZT0iIC8+DQogICAgICAgICAgICA8UnVsZVBhcmFtZXRlciBOYW1lPSJFbmRzV2l0aCIgVmFsdWU9IiZhbXA7IiAvPg0KICAgICAgICAgICAgPFJ1bGVQYXJhbWV0ZXIgTmFtZT0iSW5kZXgiIFZhbHVlPSIwIiAvPg0KICAgICAgICAgICAgPFJ1bGVQYXJhbWV0ZXIgTmFtZT0iSWdub3JlQ2FzZSIgVmFsdWU9IkZhbHNlIiAvPg0KICAgICAgICAgICAgPFJ1bGVQYXJhbWV0ZXIgTmFtZT0iVXNlUmVndWxhckV4cHJlc3Npb24iIFZhbHVlPSJGYWxzZSIgLz4NCiAgICAgICAgICAgIDxSdWxlUGFyYW1ldGVyIE5hbWU9Ikh0bWxEZWNvZGUiIFZhbHVlPSJUcnVlIiAvPg0KICAgICAgICAgICAgPFJ1bGVQYXJhbWV0ZXIgTmFtZT0iUmVxdWlyZWQiIFZhbHVlPSJGYWxzZSIgLz4NCiAgICAgICAgICA8L1J1bGVQYXJhbWV0ZXJzPg0KICAgICAgICA8L0V4dHJhY3Rpb25SdWxlPg0KICAgICAgICA8RXh0cmFjdGlvblJ1bGUgQ2xhc3NuYW1lPSJNaWNyb3NvZnQuVmlzdWFsU3R1ZGlvLlRlc3RUb29scy5XZWJUZXN0aW5nLlJ1bGVzLkV4dHJhY3RUZXh0LCBNaWNyb3NvZnQuVmlzdWFsU3R1ZGlvLlF1YWxpdHlUb29scy5XZWJUZXN0RnJhbWV3b3JrLCBWZXJzaW9uPTEwLjAuMC4wLCBDdWx0dXJlPW5ldXRyYWwsIFB1YmxpY0tleVRva2VuPWIwM2Y1ZjdmMTFkNTBhM2EiIFZhcmlhYmxlTmFtZT0iUXVlcnlTdHJpbmdQYXJhbTE0Lk9URW5kVGltZSIgRGlzcGxheU5hbWU9IiIgRGVzY3JpcHRpb249IiI+DQogICAgICAgICAgPFJ1bGVQYXJhbWV0ZXJzPg0KICAgICAgICAgICAgPFJ1bGVQYXJhbWV0ZXIgTmFtZT0iU3RhcnRzV2l0aCIgVmFsdWU9IiZhbXA7YW1wO09URW5kVGltZT0iIC8+DQogICAgICAgICAgICA8UnVsZVBhcmFtZXRlciBOYW1lPSJFbmRzV2l0aCIgVmFsdWU9IiZhbXA7IiAvPg0KICAgICAgICAgICAgPFJ1bGVQYXJhbWV0ZXIgTmFtZT0iSW5kZXgiIFZhbHVlPSIwIiAvPg0KICAgICAgICAgICAgPFJ1bGVQYXJhbWV0ZXIgTmFtZT0iSWdub3JlQ2FzZSIgVmFsdWU9IkZhbHNlIiAvPg0KICAgICAgICAgICAgPFJ1bGVQYXJhbWV0ZXIgTmFtZT0iVXNlUmVndWxhckV4cHJlc3Npb24iIFZhbHVlPSJGYWxzZSIgLz4NCiAgICAgICAgICAgIDxSdWxlUGFyYW1ldGVyIE5hbWU9Ikh0bWxEZWNvZGUiIFZhbHVlPSJUcnVlIiAvPg0KICAgICAgICAgICAgPFJ1bGVQYXJhbWV0ZXIgTmFtZT0iUmVxdWlyZWQiIFZhbHVlPSJGYWxzZSIgLz4NCiAgICAgICAgICA8L1J1bGVQYXJhbWV0ZXJzPg0KICAgICAgICA8L0V4dHJhY3Rpb25SdWxlPg0KICAgICAgICA8RXh0cmFjdGlvblJ1bGUgQ2xhc3NuYW1lPSJNaWNyb3NvZnQuVmlzdWFsU3R1ZGlvLlRlc3RUb29scy5XZWJUZXN0aW5nLlJ1bGVzLkV4dHJhY3RUZXh0LCBNaWNyb3NvZnQuVmlzdWFsU3R1ZGlvLlF1YWxpdHlUb29scy5XZWJUZXN0RnJhbWV3b3JrLCBWZXJzaW9uPTEwLjAuMC4wLCBDdWx0dXJlPW5ldXRyYWwsIFB1YmxpY0tleVRva2VuPWIwM2Y1ZjdmMTFkNTBhM2EiIFZhcmlhYmxlTmFtZT0iUXVlcnlTdHJpbmdQYXJhbTE1Lk9UVHhuSUQiIERpc3BsYXlOYW1lPSIiIERlc2NyaXB0aW9uPSIiPg0KICAgICAgICAgIDxSdWxlUGFyYW1ldGVycz4NCiAgICAgICAgICAgIDxSdWxlUGFyYW1ldGVyIE5hbWU9IlN0YXJ0c1dpdGgiIFZhbHVlPSImYW1wO2FtcDtPVFR4bklEPSIgLz4NCiAgICAgICAgICAgIDxSdWxlUGFyYW1ldGVyIE5hbWU9IkVuZHNXaXRoIiBWYWx1ZT0iJmFtcDsiIC8+DQogICAgICAgICAgICA8UnVsZVBhcmFtZXRlciBOYW1lPSJJbmRleCIgVmFsdWU9IjAiIC8+DQogICAgICAgICAgICA8UnVsZVBhcmFtZXRlciBOYW1lPSJJZ25vcmVDYXNlIiBWYWx1ZT0iRmFsc2UiIC8+DQogICAgICAgICAgICA8UnVsZVBhcmFtZXRlciBOYW1lPSJVc2VSZWd1bGFyRXhwcmVzc2lvbiIgVmFsdWU9IkZhbHNlIiAvPg0KICAgICAgICAgICAgPFJ1bGVQYXJhbWV0ZXIgTmFtZT0iSHRtbERlY29kZSIgVmFsdWU9IlRydWUiIC8+DQogICAgICAgICAgICA8UnVsZVBhcmFtZXRlciBOYW1lPSJSZXF1aXJlZCIgVmFsdWU9IkZhbHNlIiAvPg0KICAgICAgICAgIDwvUnVsZVBhcmFtZXRlcnM+DQogICAgICAgIDwvRXh0cmFjdGlvblJ1bGU+DQogICAgICAgIDxFeHRyYWN0aW9uUnVsZSBDbGFzc25hbWU9Ik1pY3Jvc29mdC5WaXN1YWxTdHVkaW8uVGVzdFRvb2xzLldlYlRlc3RpbmcuUnVsZXMuRXh0cmFjdFRleHQsIE1pY3Jvc29mdC5WaXN1YWxTdHVkaW8uUXVhbGl0eVRvb2xzLldlYlRlc3RGcmFtZXdvcmssIFZlcnNpb249MTAuMC4wLjAsIEN1bHR1cmU9bmV1dHJhbCwgUHVibGljS2V5VG9rZW49YjAzZjVmN2YxMWQ1MGEzYSIgVmFyaWFibGVOYW1lPSJRdWVyeVN0cmluZ1BhcmFtMTYuT1RGb3JtTk8iIERpc3BsYXlOYW1lPSIiIERlc2NyaXB0aW9uPSIiPg0KICAgICAgICAgIDxSdWxlUGFyYW1ldGVycz4NCiAgICAgICAgICAgIDxSdWxlUGFyYW1ldGVyIE5hbWU9IlN0YXJ0c1dpdGgiIFZhbHVlPSImYW1wO2FtcDtPVEZvcm1OTz0iIC8+DQogICAgICAgICAgICA8UnVsZVBhcmFtZXRlciBOYW1lPSJFbmRzV2l0aCIgVmFsdWU9IiZxdW90OyIgLz4NCiAgICAgICAgICAgIDxSdWxlUGFyYW1ldGVyIE5hbWU9IkluZGV4IiBWYWx1ZT0iMCIgLz4NCiAgICAgICAgICAgIDxSdWxlUGFyYW1ldGVyIE5hbWU9Iklnbm9yZUNhc2UiIFZhbHVlPSJGYWxzZSIgLz4NCiAgICAgICAgICAgIDxSdWxlUGFyYW1ldGVyIE5hbWU9IlVzZVJlZ3VsYXJFeHByZXNzaW9uIiBWYWx1ZT0iRmFsc2UiIC8+DQogICAgICAgICAgICA8UnVsZVBhcmFtZXRlciBOYW1lPSJIdG1sRGVjb2RlIiBWYWx1ZT0iVHJ1ZSIgLz4NCiAgICAgICAgICAgIDxSdWxlUGFyYW1ldGVyIE5hbWU9IlJlcXVpcmVkIiBWYWx1ZT0iRmFsc2UiIC8+DQogICAgICAgICAgPC9SdWxlUGFyYW1ldGVycz4NCiAgICAgICAgPC9FeHRyYWN0aW9uUnVsZT4NCiAgICAgICAgPEV4dHJhY3Rpb25SdWxlIENsYXNzbmFtZT0iTWljcm9zb2Z0LlZpc3VhbFN0dWRpby5UZXN0VG9vbHMuV2ViVGVzdGluZy5SdWxlcy5FeHRyYWN0Rm9ybUZpZWxkLCBNaWNyb3NvZnQuVmlzdWFsU3R1ZGlvLlF1YWxpdHlUb29scy5XZWJUZXN0RnJhbWV3b3JrLCBWZXJzaW9uPTEwLjAuMC4wLCBDdWx0dXJlPW5ldXRyYWwsIFB1YmxpY0tleVRva2VuPWIwM2Y1ZjdmMTFkNTBhM2EiIFZhcmlhYmxlTmFtZT0iRm9ybVBvc3RQYXJhbTEzLmJ0blRlbXBTYXZlSW52aXNpYmxlIiBEaXNwbGF5TmFtZT0iIiBEZXNjcmlwdGlvbj0iIj4NCiAgICAgICAgICA8UnVsZVBhcmFtZXRlcnM+DQogICAgICAgICAgICA8UnVsZVBhcmFtZXRlciBOYW1lPSJOYW1lIiBWYWx1ZT0iYnRuVGVtcFNhdmVJbnZpc2libGUiIC8+DQogICAgICAgICAgICA8UnVsZVBhcmFtZXRlciBOYW1lPSJIdG1sRGVjb2RlIiBWYWx1ZT0iVHJ1ZSIgLz4NCiAgICAgICAgICAgIDxSdWxlUGFyYW1ldGVyIE5hbWU9IlJlcXVpcmVkIiBWYWx1ZT0iRmFsc2UiIC8+DQogICAgICAgICAgICA8UnVsZVBhcmFtZXRlciBOYW1lPSJJbmRleCIgVmFsdWU9IjAiIC8+DQogICAgICAgICAgPC9SdWxlUGFyYW1ldGVycz4NCiAgICAgICAgPC9FeHRyYWN0aW9uUnVsZT4NCiAgICAgICAgPEV4dHJhY3Rpb25SdWxlIENsYXNzbmFtZT0iTWljcm9zb2Z0LlZpc3VhbFN0dWRpby5UZXN0VG9vbHMuV2ViVGVzdGluZy5SdWxlcy5FeHRyYWN0Rm9ybUZpZWxkLCBNaWNyb3NvZnQuVmlzdWFsU3R1ZGlvLlF1YWxpdHlUb29scy5XZWJUZXN0RnJhbWV3b3JrLCBWZXJzaW9uPTEwLjAuMC4wLCBDdWx0dXJlPW5ldXRyYWwsIFB1YmxpY0tleVRva2VuPWIwM2Y1ZjdmMTFkNTBhM2EiIFZhcmlhYmxlTmFtZT0iRm9ybVBvc3RQYXJhbTE0LnVjRGF0ZVN0YXJ0JHR4dERhdGUiIERpc3BsYXlOYW1lPSIiIERlc2NyaXB0aW9uPSIiPg0KICAgICAgICAgIDxSdWxlUGFyYW1ldGVycz4NCiAgICAgICAgICAgIDxSdWxlUGFyYW1ldGVyIE5hbWU9Ik5hbWUiIFZhbHVlPSJ1Y0RhdGVTdGFydF90eHREYXRlIiAvPg0KICAgICAgICAgICAgPFJ1bGVQYXJhbWV0ZXIgTmFtZT0iSHRtbERlY29kZSIgVmFsdWU9IlRydWUiIC8+DQogICAgICAgICAgICA8UnVsZVBhcmFtZXRlciBOYW1lPSJSZXF1aXJlZCIgVmFsdWU9IkZhbHNlIiAvPg0KICAgICAgICAgICAgPFJ1bGVQYXJhbWV0ZXIgTmFtZT0iSW5kZXgiIFZhbHVlPSIwIiAvPg0KICAgICAgICAgIDwvUnVsZVBhcmFtZXRlcnM+DQogICAgICAgIDwvRXh0cmFjdGlvblJ1bGU+DQogICAgICAgIDxFeHRyYWN0aW9uUnVsZSBDbGFzc25hbWU9Ik1pY3Jvc29mdC5WaXN1YWxTdHVkaW8uVGVzdFRvb2xzLldlYlRlc3RpbmcuUnVsZXMuRXh0cmFjdEZvcm1GaWVsZCwgTWljcm9zb2Z0LlZpc3VhbFN0dWRpby5RdWFsaXR5VG9vbHMuV2ViVGVzdEZyYW1ld29yaywgVmVyc2lvbj0xMC4wLjAuMCwgQ3VsdHVyZT1uZXV0cmFsLCBQdWJsaWNLZXlUb2tlbj1iMDNmNWY3ZjExZDUwYTNhIiBWYXJpYWJsZU5hbWU9IkZvcm1Qb3N0UGFyYW0xNS51Y0RhdGVFbmQkdHh0RGF0ZSIgRGlzcGxheU5hbWU9IiIgRGVzY3JpcHRpb249IiI+DQogICAgICAgICAgPFJ1bGVQYXJhbWV0ZXJzPg0KICAgICAgICAgICAgPFJ1bGVQYXJhbWV0ZXIgTmFtZT0iTmFtZSIgVmFsdWU9InVjRGF0ZUVuZF90eHREYXRlIiAvPg0KICAgICAgICAgICAgPFJ1bGVQYXJhbWV0ZXIgTmFtZT0iSHRtbERlY29kZSIgVmFsdWU9IlRydWUiIC8+DQogICAgICAgICAgICA8UnVsZVBhcmFtZXRlciBOYW1lPSJSZXF1aXJlZCIgVmFsdWU9IkZhbHNlIiAvPg0KICAgICAgICAgICAgPFJ1bGVQYXJhbWV0ZXIgTmFtZT0iSW5kZXgiIFZhbHVlPSIwIiAvPg0KICAgICAgICAgIDwvUnVsZVBhcmFtZXRlcnM+DQogICAgICAgIDwvRXh0cmFjdGlvblJ1bGU+DQogICAgICAgIDxFeHRyYWN0aW9uUnVsZSBDbGFzc25hbWU9Ik1pY3Jvc29mdC5WaXN1YWxTdHVkaW8uVGVzdFRvb2xzLldlYlRlc3RpbmcuUnVsZXMuRXh0cmFjdFRleHQsIE1pY3Jvc29mdC5WaXN1YWxTdHVkaW8uUXVhbGl0eVRvb2xzLldlYlRlc3RGcmFtZXdvcmssIFZlcnNpb249MTAuMC4wLjAsIEN1bHR1cmU9bmV1dHJhbCwgUHVibGljS2V5VG9rZW49YjAzZjVmN2YxMWQ1MGEzYSIgVmFyaWFibGVOYW1lPSJGb3JtUG9zdFBhcmFtMTYuT1RUaW1lU3RhcnQkZGRsSEgiIERpc3BsYXlOYW1lPSIiIERlc2NyaXB0aW9uPSIiPg0KICAgICAgICAgIDxSdWxlUGFyYW1ldGVycz4NCiAgICAgICAgICAgIDxSdWxlUGFyYW1ldGVyIE5hbWU9IlN0YXJ0c1dpdGgiIFZhbHVlPSJsdWU9JnF1b3Q7IiAvPg0KICAgICAgICAgICAgPFJ1bGVQYXJhbWV0ZXIgTmFtZT0iRW5kc1dpdGgiIFZhbHVlPSImcXVvdDsmZ3Q7MDAmbHQ7IiAvPg0KICAgICAgICAgICAgPFJ1bGVQYXJhbWV0ZXIgTmFtZT0iSW5kZXgiIFZhbHVlPSIyMyIgLz4NCiAgICAgICAgICAgIDxSdWxlUGFyYW1ldGVyIE5hbWU9Iklnbm9yZUNhc2UiIFZhbHVlPSJGYWxzZSIgLz4NCiAgICAgICAgICAgIDxSdWxlUGFyYW1ldGVyIE5hbWU9IlVzZVJlZ3VsYXJFeHByZXNzaW9uIiBWYWx1ZT0iRmFsc2UiIC8+DQogICAgICAgICAgICA8UnVsZVBhcmFtZXRlciBOYW1lPSJIdG1sRGVjb2RlIiBWYWx1ZT0iVHJ1ZSIgLz4NCiAgICAgICAgICAgIDxSdWxlUGFyYW1ldGVyIE5hbWU9IlJlcXVpcmVkIiBWYWx1ZT0iRmFsc2UiIC8+DQogICAgICAgICAgPC9SdWxlUGFyYW1ldGVycz4NCiAgICAgICAgPC9FeHRyYWN0aW9uUnVsZT4NCiAgICAgICAgPEV4dHJhY3Rpb25SdWxlIENsYXNzbmFtZT0iTWljcm9zb2Z0LlZpc3VhbFN0dWRpby5UZXN0VG9vbHMuV2ViVGVzdGluZy5SdWxlcy5FeHRyYWN0VGV4dCwgTWljcm9zb2Z0LlZpc3VhbFN0dWRpby5RdWFsaXR5VG9vbHMuV2ViVGVzdEZyYW1ld29yaywgVmVyc2lvbj0xMC4wLjAuMCwgQ3VsdHVyZT1uZXV0cmFsLCBQdWJsaWNLZXlUb2tlbj1iMDNmNWY3ZjExZDUwYTNhIiBWYXJpYWJsZU5hbWU9IkZvcm1Qb3N0UGFyYW0xNy5PVFRpbWVTdGFydCRkZGxNTSIgRGlzcGxheU5hbWU9IiIgRGVzY3JpcHRpb249IiI+DQogICAgICAgICAgPFJ1bGVQYXJhbWV0ZXJzPg0KICAgICAgICAgICAgPFJ1bGVQYXJhbWV0ZXIgTmFtZT0iU3RhcnRzV2l0aCIgVmFsdWU9Imx1ZT0mcXVvdDsiIC8+DQogICAgICAgICAgICA8UnVsZVBhcmFtZXRlciBOYW1lPSJFbmRzV2l0aCIgVmFsdWU9IiZxdW90OyZndDswMCZsdDsiIC8+DQogICAgICAgICAgICA8UnVsZVBhcmFtZXRlciBOYW1lPSJJbmRleCIgVmFsdWU9IjIzIiAvPg0KICAgICAgICAgICAgPFJ1bGVQYXJhbWV0ZXIgTmFtZT0iSWdub3JlQ2FzZSIgVmFsdWU9IkZhbHNlIiAvPg0KICAgICAgICAgICAgPFJ1bGVQYXJhbWV0ZXIgTmFtZT0iVXNlUmVndWxhckV4cHJlc3Npb24iIFZhbHVlPSJGYWxzZSIgLz4NCiAgICAgICAgICAgIDxSdWxlUGFyYW1ldGVyIE5hbWU9Ikh0bWxEZWNvZGUiIFZhbHVlPSJUcnVlIiAvPg0KICAgICAgICAgICAgPFJ1bGVQYXJhbWV0ZXIgTmFtZT0iUmVxdWlyZWQiIFZhbHVlPSJGYWxzZSIgLz4NCiAgICAgICAgICA8L1J1bGVQYXJhbWV0ZXJzPg0KICAgICAgICA8L0V4dHJhY3Rpb25SdWxlPg0KICAgICAgICA8RXh0cmFjdGlvblJ1bGUgQ2xhc3NuYW1lPSJNaWNyb3NvZnQuVmlzdWFsU3R1ZGlvLlRlc3RUb29scy5XZWJUZXN0aW5nLlJ1bGVzLkV4dHJhY3RUZXh0LCBNaWNyb3NvZnQuVmlzdWFsU3R1ZGlvLlF1YWxpdHlUb29scy5XZWJUZXN0RnJhbWV3b3JrLCBWZXJzaW9uPTEwLjAuMC4wLCBDdWx0dXJlPW5ldXRyYWwsIFB1YmxpY0tleVRva2VuPWIwM2Y1ZjdmMTFkNTBhM2EiIFZhcmlhYmxlTmFtZT0iRm9ybVBvc3RQYXJhbTE4Lk9UVGltZUVuZCRkZGxISCIgRGlzcGxheU5hbWU9IiIgRGVzY3JpcHRpb249IiI+DQogICAgICAgICAgPFJ1bGVQYXJhbWV0ZXJzPg0KICAgICAgICAgICAgPFJ1bGVQYXJhbWV0ZXIgTmFtZT0iU3RhcnRzV2l0aCIgVmFsdWU9Imx1ZT0mcXVvdDsiIC8+DQogICAgICAgICAgICA8UnVsZVBhcmFtZXRlciBOYW1lPSJFbmRzV2l0aCIgVmFsdWU9IiZxdW90OyZndDswMSZsdDsiIC8+DQogICAgICAgICAgICA8UnVsZVBhcmFtZXRlciBOYW1lPSJJbmRleCIgVmFsdWU9IjI0IiAvPg0KICAgICAgICAgICAgPFJ1bGVQYXJhbWV0ZXIgTmFtZT0iSWdub3JlQ2FzZSIgVmFsdWU9IkZhbHNlIiAvPg0KICAgICAgICAgICAgPFJ1bGVQYXJhbWV0ZXIgTmFtZT0iVXNlUmVndWxhckV4cHJlc3Npb24iIFZhbHVlPSJGYWxzZSIgLz4NCiAgICAgICAgICAgIDxSdWxlUGFyYW1ldGVyIE5hbWU9Ikh0bWxEZWNvZGUiIFZhbHVlPSJUcnVlIiAvPg0KICAgICAgICAgICAgPFJ1bGVQYXJhbWV0ZXIgTmFtZT0iUmVxdWlyZWQiIFZhbHVlPSJGYWxzZSIgLz4NCiAgICAgICAgICA8L1J1bGVQYXJhbWV0ZXJzPg0KICAgICAgICA8L0V4dHJhY3Rpb25SdWxlPg0KICAgICAgICA8RXh0cmFjdGlvblJ1bGUgQ2xhc3NuYW1lPSJNaWNyb3NvZnQuVmlzdWFsU3R1ZGlvLlRlc3RUb29scy5XZWJUZXN0aW5nLlJ1bGVzLkV4dHJhY3RUZXh0LCBNaWNyb3NvZnQuVmlzdWFsU3R1ZGlvLlF1YWxpdHlUb29scy5XZWJUZXN0RnJhbWV3b3JrLCBWZXJzaW9uPTEwLjAuMC4wLCBDdWx0dXJlPW5ldXRyYWwsIFB1YmxpY0tleVRva2VuPWIwM2Y1ZjdmMTFkNTBhM2EiIFZhcmlhYmxlTmFtZT0iRm9ybVBvc3RQYXJhbTE5Lk9UVGltZUVuZCRkZGxNTSIgRGlzcGxheU5hbWU9IiIgRGVzY3JpcHRpb249IiI+DQogICAgICAgICAgPFJ1bGVQYXJhbWV0ZXJzPg0KICAgICAgICAgICAgPFJ1bGVQYXJhbWV0ZXIgTmFtZT0iU3RhcnRzV2l0aCIgVmFsdWU9Imx1ZT0mcXVvdDsiIC8+DQogICAgICAgICAgICA8UnVsZVBhcmFtZXRlciBOYW1lPSJFbmRzV2l0aCIgVmFsdWU9IiZxdW90OyZndDswMCZsdDsiIC8+DQogICAgICAgICAgICA8UnVsZVBhcmFtZXRlciBOYW1lPSJJbmRleCIgVmFsdWU9IjIzIiAvPg0KICAgICAgICAgICAgPFJ1bGVQYXJhbWV0ZXIgTmFtZT0iSWdub3JlQ2FzZSIgVmFsdWU9IkZhbHNlIiAvPg0KICAgICAgICAgICAgPFJ1bGVQYXJhbWV0ZXIgTmFtZT0iVXNlUmVndWxhckV4cHJlc3Npb24iIFZhbHVlPSJGYWxzZSIgLz4NCiAgICAgICAgICAgIDxSdWxlUGFyYW1ldGVyIE5hbWU9Ikh0bWxEZWNvZGUiIFZhbHVlPSJUcnVlIiAvPg0KICAgICAgICAgICAgPFJ1bGVQYXJhbWV0ZXIgTmFtZT0iUmVxdWlyZWQiIFZhbHVlPSJGYWxzZSIgLz4NCiAgICAgICAgICA8L1J1bGVQYXJhbWV0ZXJzPg0KICAgICAgICA8L0V4dHJhY3Rpb25SdWxlPg0KICAgICAgICA8RXh0cmFjdGlvblJ1bGUgQ2xhc3NuYW1lPSJNaWNyb3NvZnQuVmlzdWFsU3R1ZGlvLlRlc3RUb29scy5XZWJUZXN0aW5nLlJ1bGVzLkV4dHJhY3RUZXh0LCBNaWNyb3NvZnQuVmlzdWFsU3R1ZGlvLlF1YWxpdHlUb29scy5XZWJUZXN0RnJhbWV3b3JrLCBWZXJzaW9uPTEwLjAuMC4wLCBDdWx0dXJlPW5ldXRyYWwsIFB1YmxpY0tleVRva2VuPWIwM2Y1ZjdmMTFkNTBhM2EiIFZhcmlhYmxlTmFtZT0iRm9ybVBvc3RQYXJhbTIwLmRkbE9UVHlwZUlEIiBEaXNwbGF5TmFtZT0iIiBEZXNjcmlwdGlvbj0iIj4NCiAgICAgICAgICA8UnVsZVBhcmFtZXRlcnM+DQogICAgICAgICAgICA8UnVsZVBhcmFtZXRlciBOYW1lPSJTdGFydHNXaXRoIiBWYWx1ZT0iJnF1b3Q7OCZxdW90OywmcXVvdDsiIC8+DQogICAgICAgICAgICA8UnVsZVBhcmFtZXRlciBOYW1lPSJFbmRzV2l0aCIgVmFsdWU9IiZxdW90O10sJnF1b3Q7RCIgLz4NCiAgICAgICAgICAgIDxSdWxlUGFyYW1ldGVyIE5hbWU9IkluZGV4IiBWYWx1ZT0iMCIgLz4NCiAgICAgICAgICAgIDxSdWxlUGFyYW1ldGVyIE5hbWU9Iklnbm9yZUNhc2UiIFZhbHVlPSJGYWxzZSIgLz4NCiAgICAgICAgICAgIDxSdWxlUGFyYW1ldGVyIE5hbWU9IlVzZVJlZ3VsYXJFeHByZXNzaW9uIiBWYWx1ZT0iRmFsc2UiIC8+DQogICAgICAgICAgICA8UnVsZVBhcmFtZXRlciBOYW1lPSJIdG1sRGVjb2RlIiBWYWx1ZT0iVHJ1ZSIgLz4NCiAgICAgICAgICAgIDxSdWxlUGFyYW1ldGVyIE5hbWU9IlJlcXVpcmVkIiBWYWx1ZT0iRmFsc2UiIC8+DQogICAgICAgICAgPC9SdWxlUGFyYW1ldGVycz4NCiAgICAgICAgPC9FeHRyYWN0aW9uUnVsZT4NCiAgICAgIDwvQ29ycmVsYXRpb25FeHRyYWN0aW9uUnVsZXM+DQogICAgICA8UXVlcnlTdHJpbmdQYXJhbWV0ZXJzPg0KICAgICAgICA8UXVlcnlTdHJpbmdQYXJhbWV0ZXIgTmFtZT0iT1RDb21wSUQiIFZhbHVlPSJTUEhCSzEiIFJlY29yZGVkVmFsdWU9IlNQSEJLMSIgQ29ycmVsYXRpb25CaW5kaW5nPSJ7e1F1ZXJ5U3RyaW5nUGFyYW0xNy5PVENvbXBJRH19IiBVcmxFbmNvZGU9IkZhbHNlIiBVc2VUb0dyb3VwUmVzdWx0cz0iRmFsc2UiIC8+DQogICAgICAgIDxRdWVyeVN0cmluZ1BhcmFtZXRlciBOYW1lPSJPVEVtcElEIiBWYWx1ZT0iMTAyMTE5IiBSZWNvcmRlZFZhbHVlPSIxMDIxMTkiIENvcnJlbGF0aW9uQmluZGluZz0ie3tRdWVyeVN0cmluZ1BhcmFtMTguT1RFbXBJRH19IiBVcmxFbmNvZGU9IkZhbHNlIiBVc2VUb0dyb3VwUmVzdWx0cz0iRmFsc2UiIC8+DQogICAgICAgIDxRdWVyeVN0cmluZ1BhcmFtZXRlciBOYW1lPSJPVFN0YXJ0RGF0ZSIgVmFsdWU9IjIwMTclMmYwNSUyZjExIiBSZWNvcmRlZFZhbHVlPSIyMDE3JTJmMDUlMmYxMSIgQ29ycmVsYXRpb25CaW5kaW5nPSJ7e1F1ZXJ5U3RyaW5nUGFyYW0xOS5PVFN0YXJ0RGF0ZX19IiBVcmxFbmNvZGU9IkZhbHNlIiBVc2VUb0dyb3VwUmVzdWx0cz0iRmFsc2UiIC8+DQogICAgICAgIDxRdWVyeVN0cmluZ1BhcmFtZXRlciBOYW1lPSJPVEVuZERhdGUiIFZhbHVlPSIyMDE3JTJmMDUlMmYxMSIgUmVjb3JkZWRWYWx1ZT0iMjAxNyUyZjA1JTJmMTEiIENvcnJlbGF0aW9uQmluZGluZz0ie3tRdWVyeVN0cmluZ1BhcmFtMjAuT1RFbmREYXRlfX0iIFVybEVuY29kZT0iRmFsc2UiIFVzZVRvR3JvdXBSZXN1bHRzPSJGYWxzZSIgLz4NCiAgICAgICAgPFF1ZXJ5U3RyaW5nUGFyYW1ldGVyIE5hbWU9Ik9UU3RhcnRUaW1lIiBWYWx1ZT0iMDAwMCIgUmVjb3JkZWRWYWx1ZT0iMDAwMCIgQ29ycmVsYXRpb25CaW5kaW5nPSJ7e1F1ZXJ5U3RyaW5nUGFyYW0yMS5PVFN0YXJ0VGltZX19IiBVcmxFbmNvZGU9IkZhbHNlIiBVc2VUb0dyb3VwUmVzdWx0cz0iRmFsc2UiIC8+DQogICAgICAgIDxRdWVyeVN0cmluZ1BhcmFtZXRlciBOYW1lPSJPVEVuZFRpbWUiIFZhbHVlPSIwMTAwIiBSZWNvcmRlZFZhbHVlPSIwMTAwIiBDb3JyZWxhdGlvbkJpbmRpbmc9Int7UXVlcnlTdHJpbmdQYXJhbTIyLk9URW5kVGltZX19IiBVcmxFbmNvZGU9IkZhbHNlIiBVc2VUb0dyb3VwUmVzdWx0cz0iRmFsc2UiIC8+DQogICAgICAgIDxRdWVyeVN0cmluZ1BhcmFtZXRlciBOYW1lPSJPVFR4bklEIiBWYWx1ZT0iU1BIQksxMTAyMTE5MjAxNzA1MTE1NSIgUmVjb3JkZWRWYWx1ZT0iU1BIQksxMTAyMTE5MjAxNzA1MTE1NSIgQ29ycmVsYXRpb25CaW5kaW5nPSJ7e1F1ZXJ5U3RyaW5nUGFyYW0yMy5PVFR4bklEfX0iIFVybEVuY29kZT0iRmFsc2UiIFVzZVRvR3JvdXBSZXN1bHRzPSJGYWxzZSIgLz4NCiAgICAgICAgPFF1ZXJ5U3RyaW5nUGFyYW1ldGVyIE5hbWU9Ik9URm9ybU5PIiBWYWx1ZT0iMjAxNzA1MTE2MDEwMjExOSIgUmVjb3JkZWRWYWx1ZT0iMjAxNzA1MTE2MDEwMjExOSIgQ29ycmVsYXRpb25CaW5kaW5nPSJ7e1F1ZXJ5U3RyaW5nUGFyYW0yNC5PVEZvcm1OT319IiBVcmxFbmNvZGU9IkZhbHNlIiBVc2VUb0dyb3VwUmVzdWx0cz0iRmFsc2UiIC8+DQogICAgICA8L1F1ZXJ5U3RyaW5nUGFyYW1ldGVycz4NCiAgICAgIDxGb3JtUG9zdEh0dHBCb2R5Pg0KICAgICAgICA8Rm9ybVBvc3RQYXJhbWV0ZXIgTmFtZT0iVG9vbGtpdFNjcmlwdE1hbmFnZXIxX0hpZGRlbkZpZWxkIiBWYWx1ZT0iOztBamF4Q29udHJvbFRvb2xraXQsIFZlcnNpb249NC4xLjcuNjA3LCBDdWx0dXJlPW5ldXRyYWwsIFB1YmxpY0tleVRva2VuPTI4ZjAxYjBlODRiNmQ1M2U6emgtSGFudDo3Yjk1ZWQxYS02YTNmLTQxZGQtYmM1Yi02M2YzOWVkYmM0YjQ6ZGUxZmVhYjI6ZmNmMGU5OTM6ZjJjOGU3MDg6NzIwYTUyYmY6ZjljZWM5YmM6NTg5ZWFhMzA6Njk4MTI5Y2Y6ZmI5YjRjNTc6Y2NiOTZjZjk6OGFkMTgxMDE6YTY3YzI3MDA6ODYxM2FlYTc6MzIwMmE1YTI6YWIwOWUzZmU6ODcxMDRiN2M6YmU2ZmIyOTgiIFJlY29yZGVkVmFsdWU9Ijs7QWpheENvbnRyb2xUb29sa2l0LCBWZXJzaW9uPTQuMS43LjYwNywgQ3VsdHVyZT1uZXV0cmFsLCBQdWJsaWNLZXlUb2tlbj0yOGYwMWIwZTg0YjZkNTNlOnpoLUhhbnQ6N2I5NWVkMWEtNmEzZi00MWRkLWJjNWItNjNmMzllZGJjNGI0OmRlMWZlYWIyOmZjZjBlOTkzOmYyYzhlNzA4OjcyMGE1MmJmOmY5Y2VjOWJjOjU4OWVhYTMwOjY5ODEyOWNmOmZiOWI0YzU3OmNjYjk2Y2Y5OjhhZDE4MTAxOmE2N2MyNzAwOjg2MTNhZWE3OjMyMDJhNWEyOmFiMDllM2ZlOjg3MTA0YjdjOmJlNmZiMjk4IiBDb3JyZWxhdGlvbkJpbmRpbmc9IiIgVXJsRW5jb2RlPSJUcnVlIiAvPg0KICAgICAgICA8Rm9ybVBvc3RQYXJhbWV0ZXIgTmFtZT0iX19FVkVOVFRBUkdFVCIgVmFsdWU9Int7JEhJRERFTjEuX19FVkVOVFRBUkdFVH19IiBSZWNvcmRlZFZhbHVlPSIiIENvcnJlbGF0aW9uQmluZGluZz0iIiBVcmxFbmNvZGU9IlRydWUiIC8+DQogICAgICAgIDxGb3JtUG9zdFBhcmFtZXRlciBOYW1lPSJfX0VWRU5UQVJHVU1FTlQiIFZhbHVlPSJ7eyRISURERU4xLl9fRVZFTlRBUkdVTUVOVH19IiBSZWNvcmRlZFZhbHVlPSIiIENvcnJlbGF0aW9uQmluZGluZz0iIiBVcmxFbmNvZGU9IlRydWUiIC8+DQogICAgICAgIDxGb3JtUG9zdFBhcmFtZXRlciBOYW1lPSJfX0xBU1RGT0NVUyIgVmFsdWU9Int7JEhJRERFTjEuX19MQVNURk9DVVN9fSIgUmVjb3JkZWRWYWx1ZT0iIiBDb3JyZWxhdGlvbkJpbmRpbmc9IiIgVXJsRW5jb2RlPSJUcnVlIiAvPg0KICAgICAgICA8Rm9ybVBvc3RQYXJhbWV0ZXIgTmFtZT0iX19WU1RBVEUiIFZhbHVlPSJ7eyRISURERU4xLl9fVlNUQVRFfX0iIFJlY29yZGVkVmFsdWU9IkFSK0xDQUFBQUFBQUJBRHRHV3R6RzlVMXVySDhpb2s5bWNZaFRTcHRuSUxqRWttN3E1Y2wyYUorcFhZVHh5WVNDVE9CMGF5MFY2dkZxMTJ4ZTJWYnd6QU43YVJKRTFMQ1FHaERhQ2xUVWloTWFGcW1ZSktVOWlkME92M1F6NjFsTzUvNkUraTV1NnVYSHhCb3hMU2Ryc2VydmVlZVBlZmM4N3JuM1AzVTBmMmd3K2xLcGNZMGxlaWFZcHpBenhSbEhjOXFCaGtWTW5OSGNTbVY2blU0ZDJSeWM5TllVSTRvZ3RUdDdPUUd3MndvR0Jqa1F0MjkzM0oxcEVZSUVUSzVxWEdubDJDRGNDelBjWkVRSDhBWmtZdDQwZ0V4NGdsd1lkNFR5WXAranhET0JzVXNsMmF6SWRIVm41b1ZKRHhsVEF1eVN1QS9rUUVoRk9BdUUxbFRaOVNLSEpLck16V1RuRkRGY1lGZ1p5ZlBjbUVmRy9SeG5LczFOWkV2QU9kV2k2dXJDL0FTUk5CSlVzNWpad3NMbDZzdHBRdnFIQ0FoTnV6YWJiTjhySWoxVW9Mb3Npb2QwNlNjcXgxZVRDNnFnTldibUowY1BjcFpCQ2tyTnNoeHdhRExLUkNTeVgzaE5lNjBHUjdSOUx6SmFVZnFsS2JQSldTQ2dkbjJJQWpZVGhkaExtMHZGNG53dmtFZnh6TExTeGZLbDg0ekhCOWwyYWk1Q3BITUNyckFMKzNmNXRpMmJkdW5jTkZmZW5VaHVCMVBsQXlDODE0Z0pCeG1UbUxkQUIwT0I3d3MvVHZNakJVVlV0VHhzSXFMUkJlVXc4eHNNYTNJR1RCeFVwdkQ2bkE2SEJhQ21XQ0lpL2dEbUIyTU9DbngzWFUwelZ0U1NDdDRPOHpzclk2OEozQmVJNkJIbTJYSEUza2xrY25odkxBRG5zYmxiUFk3dXBEZjduRHN0SW5aZUZUbURrcXF0UVZ1SCs4YWVuUXhyekR6dHR4OW5KZnRZN0NhMFVRZ1BkeFhKRmtQRitwN05QNUE1OUNpRVRWTUJneThvUnJEZlgzV1EzUVJubk9FRktJKzM4TENnbmZCNzlWMHljZXpMT2Q3WXZxWUpWUUZOMitJc0FJZ3JLczJOY09UbDhFQkRTMUxQQmt0SHdVOGo0WFZCMXdaaHZMRkNzNWpsVENxa01mRGZlYjZPV3ZXbW9mM0NncGVUSllLMklaYWNBTUNDeFpUQTI1R2JrU2NGeko0RkV1eTJzY1FJREhjUjE4MW5iU1BzVVNKZ25OTG1CeUhGNHdDWU5QRjUyVjFKcE1wNnJCNjBKbnZjM21BSEJCTFRXTXhqak1LT0NvTjRlYXVaVndvSFpQek1wblVpdnJ4cjRUTFpOTzUwQlRiTkNiVGtPWnoxY1Y4Qld5YXVwcVo1SFRSSUdNNW5KbHJJZzl6SFdDZFpyTm9ydUZoODZZN1l2T2lwTUtoZVJFQ2UrUUpjeDl2R29lVGdpS0xUZVl4SWo0TlR0dGtKZ2tCRW5CcFJoK2h2SnE4bENsMW5xcU5saS8zaGRPUWIrTjJhY0xXYjYwbTBKWm9pLzJabUdXVmtNQ2tLc21VWVVOZ1ZpL2lLcHlXb05XU3BycXpWMllmTi9CWVVkZUI4akV0STFBRTgrVjcyUGd6T1UzTzRIV3J6UXVMbFZGUlRXdEZWY1JpVFFmM3NscExTMmJaRW05MVF2MzBsN1loRVVvdFNZOWFQMEwreTlRNTlqc1dpYzk3cDhMSU0yK1hRRU0xZlZlV1l1bVJzVVdUeFlwbWE2clZ0WVVaWGNTNnFSZ2JMeWNZWXpsQmxUQW9TRllOckJQUVQwMnRkWFZTUEJJWjh0V1BHNUNzUWlmT3N4YU9QYXlpckM5VVRHSWJnRFgwK25JakhnRFVCc0NtZUpOeGptOUVuTnlJU0ZOL25LMmhtZU1xVnVPbUhRK0VobnpyUUp1Z1ZraXVnMVF4Ni9aT2lsWS9yTU9wN0gzeE1FV3BqdFpqbUtTNUtzbzY4U3RiVDl4UDVhbU9OaUJNeGtOMUNIVnFxaWIrT0FmMnFZMnFDSFY1Tzg2QmV1ckhkZjVRUzd3bW9RWkFGYTBoZGRKRk5RTFdrYXRMZm5HeksrVjRuNSt0MEs2ZnJZUzI1ZjUyU0RmRXk1QnZYUURIVzJoM3RLNXJvcjFTYTJwYWVGclQ0VWRXNmM5b1VWYkVqdFFKUEM5VEZOb1J0c09GN083d1UvdmFBYTM2VEpMMm9jZG5uRDJWempiRXJtK2ROelRaZHZOdHQ5UWNOS09VMEpobWRkNVd1d3lkT0x5T244R3VBM2JETzFJazJraWhvSlFtOG1rc1V0aVlZWXdwZ21GSXJ1NUs0NDlweHBVQTBwSks0RVduZyt0RmFIdTMyTXZEdmJzWFFidCtUSlp5WkZSYkhOV3hNRGVoVXZXSk9iRVhaUUdyQlRsTXJMYVRzSENZeUlraWNwcVFsaVJlSk00SDE2NWVXYjM4dytXbEcvKzg4OExhZXhkWDM3bFUvdVRzMzgvOEN2RDJVRHozSG1mWHlzMmx0ZDlldm52aHpOcWJMd0I4bnczdlhyNTFxM3poMnRvSDUxWnVYUVk2TU9XMnAzYkRGSVZmV1ZwNStiV1ZjejlhZmVXZDFiZGZBb1NETm9KOUdnR1FoMnhJVy9uMnF6T3JuL3dhUUFNMnFNZEMrc2VaTTdVNVQzZVB1WjdxT3J0N0hjalI2K2dSUllrK2lTZ01iM2U2ZHFTb2thZ3BCZUxzS3NIMXBHOTYra21mS0lLeHFrWnMzZlluK1lWcmYvMXpPejFoc0E1UEFEVGE0cjd4dDNZZ01XV2N3SUk0b3lvbGV2eVIxRFFJdklMVGMvcnU3Wit2dkh6aEthYjgwcDN5aSsrdC9PVDZ5clVmZ3Y1TzM3MTIxWVN2TEoyOWUvV3Q4dG0zeSs5L2JOa0F6QUgzSHZycmF0UFVqQ0puNXB6Sng0bXNwTVp5YzJDOHBDWkpDamF0SkNzeUtSM3FMMmFvT0thb3FVeHVyamJWZjVocG1CVGxlUm9qSTJEKy9vR1lDRXBDVkVWT2c1UVU3SFRQdytZZ3c1YnNnVWlUMUNqUkNySDVLcTFvekhhUmR0QjN2VWQzVWVlc25TNzFqQWxGQXh0bTNqQXp2K1JxKzNMNkFNazZOVlZNSzVZT2RwS2NiSGdoQ3hUeGNIOS9UQVN2N20xMXRXNXF1STROZHB1a2p0Qmd0a2tSeGFnRHVQYzJ2dXorZXRYVzduMVZHN3YzNTl6ZitIY042blk1WisvQmtpRG9WbmFrVTV0YjBlMytrZ1owTTVMN2dPVHUrOExXY1IvYzNDYnViNjVUNkVOVkk3Z2ZydFArb3lCTEM2VEtLU09ScUFRcHFIa3pyWDIyLzg4a2FUcmR3di9ySnpkcWJ2czlhcTdWRkFiV1JwVkZ6eDBQVUVLanROeVV4SjdkZXpzZ0k5NTlIbkxZT2NTeWlPVVF5eVBXajlnQVlvT0lEU0Uyak5oQnhFWVF4eUtPUXh5UE9EL2lBb2dMSWk2RXVERGlCaEVYUVR5TGVBN3hQT0w5emFENXRVZTI3NVcydXF5YzZLeGJwdnNRWGR2dy9aY0Q4UUhFQnhFZlFud1k4WU9JanlBL2kvd2M4dlBJNzBmK0FQSUhrVCtFL0dIa0gwVCtDQXF3S01DaEFJOENmaFFJb0VBUUJVSW9FRWFCUVJTSW9DQ0xnaHdLOGlqb1I4RUFDZ1pSTUlTQ1lSUWNSTUhJZjd2OFlMUGhMVzEyTDVkbDE0NXUyUGQ2dDRsb2drYWR1MytyU1B2cy9HUUYwNmI1cVRaMXY2TE1jci8va2RCQy93K3Qvemo1NzNkb0hiV3IwZTJjbHdXdm43R0dHQjRmczJ0UnN5dWt0U2lOaWxObUpPNXhPbGozZzdUYVBtM2k5MHJ3K0pUMUJKR0o3S2QyV3FORG9XNXhxTnUrQWR0UlAyVXpSL1V3aDhjTXd2VVF3WFJJMTA0YXJTZnBIbjVFeG9yb2JCblRST3g2d0R6QmdjcmZBblpRNEJnOWRiSmN0MnNYRk5zZXhsTjFBSGp1dW52MlV2bnkrZkxOOHl0dm5tOHRuLzF3K2ZhcnJTdXYvMkR0eHMzVzhwazdxeS9lNkMxL2NCUEtDdC9LNitmTHQ2N0EwK3J2TDVlWFB1aUMvL0xGcTFhSHNXdnQzTHZRUHF5OGNYM2xGMHZMZjNoOTVmcU5YZVUzUGdMUThpY1g2Y1QxRzRDN3kwSmVmZmY1MWF0M2xtOWRYTDc5WVJkTXJwMi90UGJMbnkzLzhYMm4rV2x4ZDVlRGRZRGZzUTdlNFhjRUhFRkh5QkYyRERvaXJaQ3VXSllERCtpcU55Z29CWU9HOXJ2MlFWdTRlQXlyRXNrZHB6clFNa1hvdDJTc2txbHhEQlgrRkl5d29PZk1SM00yNTlxZkdwZU53b1JLc0k3RlU1b3VHalBwcDJzdmRhWk9RUUduVHd2NkhJYW1qM1lNMHNSaUlRY1RVNVdQeFRtenpNUm1VVFNTSWZJOG5wcWVrQUM3MHU1aDE4NFVOVW9pSjJmSlVWa1Zkd3g4THdHZDY2eVE4WjdDYWFDblk4UHdRaitaMTFRdnplV1BOS0FmWnJiRXJuM25ESHY5WGovbjVUNy9RNmRhVkpSdHJsMHBxME5OYW84WENsZ2ZFd3ljTTN1aVdaQjRBUlN4NlU3ejVHZnVOR1NSekNTaHB6STBkUnJudFkzN3pYcUVMWGVkVUZiUkJCSlZjSmJFUkRDUUlwU2lzcXJJS3Zha0ZTMHpGeXNJSXYwdUdtVWJONk4ycTFoMnRkYzZPK2NwV1NTNWZkWlJRT25iOUt1dXE3MW1tcGJVZ2NRbytqNnlPcmM1WENvV25EOUZab2xNWktLWUpiS2NaUTdWaW1hdllyb1lFeDltZUpabEhuNllxYzB4QjRhWi92NkJaNWxPcGg0NlhEZndHc1cwZFRwOGlEMU1LUXpFbU03bllwM3pnczVveVVVQ3lDTDRKajNuOUVxWVRGaEhucU9sS1hHamdoVWhUZlgzR0doM3dKVFNKQUF5VUJzUFBFdEhYbGxWc1U3OUNRaGIzL3U5V2JQOU92VGRSR3Jha013QW1GSUxSUUxSWTBiQVlXYkRZbTFCbnhQTlk0a1dkNlJCbis0WU9vUE1vd2ZMVzZ4MHRlZDArYTIzeTc5NTcrNlBYeTIvLzlwVDVZOStWNzd5eHVvcjc1Z0dmc1ZSc1NEREZ4WVpqb1ZiNVNIR1pEUkYwNk1IV1phTk1XbmFvZXEwYUk4eUI0OGNtUmdjQ2NXWXJLWVN6d0ttUnlOUkpxMHBJdUJwOUJRMXluQkF4ZENna1dWRWlGcEpGMG94WmlFbkUrd3hqOTZqaktvdDZFS2g4b0pIRjBTNWFFUVpQekFXVVZzdG4ydVZ0QnVFZ1ZISjFLeVpxUmNhaDg4MkRzOWFZZFBTYlVhTjIvbEF4WVZWVGNVeDhWOVZPZWRJZGlJQUFBPT0iIENvcnJlbGF0aW9uQmluZGluZz0iIiBVcmxFbmNvZGU9IlRydWUiIC8+DQogICAgICAgIDxGb3JtUG9zdFBhcmFtZXRlciBOYW1lPSJfX1ZJRVdTVEFURSIgVmFsdWU9Int7JEhJRERFTjEuX19WSUVXU1RBVEV9fSIgUmVjb3JkZWRWYWx1ZT0iIiBDb3JyZWxhdGlvbkJpbmRpbmc9IiIgVXJsRW5jb2RlPSJUcnVlIiAvPg0KICAgICAgICA8Rm9ybVBvc3RQYXJhbWV0ZXIgTmFtZT0iX19TQ1JPTExQT1NJVElPTlgiIFZhbHVlPSJ7eyRISURERU4xLl9fU0NST0xMUE9TSVRJT05YfX0iIFJlY29yZGVkVmFsdWU9IjAiIENvcnJlbGF0aW9uQmluZGluZz0iIiBVcmxFbmNvZGU9IlRydWUiIC8+DQogICAgICAgIDxGb3JtUG9zdFBhcmFtZXRlciBOYW1lPSJfX1NDUk9MTFBPU0lUSU9OWSIgVmFsdWU9Int7JEhJRERFTjEuX19TQ1JPTExQT1NJVElPTll9fSIgUmVjb3JkZWRWYWx1ZT0iMCIgQ29ycmVsYXRpb25CaW5kaW5nPSIiIFVybEVuY29kZT0iVHJ1ZSIgLz4NCiAgICAgICAgPEZvcm1Qb3N0UGFyYW1ldGVyIE5hbWU9Il9fRVZFTlRWQUxJREFUSU9OIiBWYWx1ZT0ie3skSElEREVOMS5fX0VWRU5UVkFMSURBVElPTn19IiBSZWNvcmRlZFZhbHVlPSIvd0VkQU5vQnIxVnc5YUdCQzNyM2pLOUx4d3BtRDZWNzgzMXFGbzlSRzBZcThXYmZBK2VoNCtlbVo0K3ArSFlmbTc3TDlKN29EL2hwdnVYbk43TmxvTjJ0RDA1YUNqem1sdGFVTTdhRUFOK2c5Y1AvbTEweno3NVBPRWN2Q2s5RnBjclNxRy9FK1dLZWlYUlZqRFFScTM2WU40VnpUWFhjZG8wS1lvOWZDMUlnd20rV25Dcko0WTRzK1gzaTdicFdaSktxbGVqMWxNWHlXR2lNZi9kc3RzZCt6ZHl0SWhxTXZaMUV5WE1BbHoyd0NteXN3N2ZmWGhOaVhEc0F4UWNMR3NWZzBEZjRadmd5NzYyNmpwS0g1MWNrYXVLU1g2UVBCYVVlMzZVRXVXand5cHJZN1lRbmhYb3VHQkt1QWhtdlhoM2VEc3FTekQvY3V3V2MzMU0yYlNvSVVmMUVxMUpETzdjSkFHdXJ0amtzT1NpZEJmdFZJVVZxNUpWZDdnY3I2Z0VvQU5IUGZaSm0vSGo4VWQ2VFhwMVVHSm1aN3R2cHh3VmtLVUY2dlB4alNJWEZuL3Zpazh3cTd0K05oVDhEUHlBVEpndkZEM0s1VSt2eG9DeExpVXFjN25oVlVXdGprdjdCZkFlYkpnaWxFRU5wRW5McTVncjg5Mm5lUmFNaHU2VXA0OE9kWVBEcUxSU1hYamdKcTZlUkxTRndaSGpDMVBqQSswUldxdDhkbFhIY2xYV0RRWU1yUzdPL2FOZHV4TFVlN3hwaFQveXhBZUQyVStWanJMa3AybUZTSWFhQ2VCdzlIRnRDeFBQMVB5NENEUXRLT21hME5aZldRZHdWS3FDL2t4VEtBbFFLU3duNjBXdzd6ZEFZbk9PVkRkR0hOL1RyNWJnS1A2WndaLzhNUWNGZURzZENKR2Rld3lrNUdzSE9xMDJMdDRURXJHQzI5SEJ5S1ZQMVMxcHAwMElDNmYvNi95T3pUWkFFeEljMDB0ck5oRlJYMW44T0hTS1JHSDNLaDZLMUtzMnhIOE9jLzRRd2JsaFpiTll4amJSWVI2TGlEZkp0WXZJbldYVG5BR1pwSlk0elRKaTFnNlMxMU00QXlWUGlvZnR4TWYxTkk4Y1BDbEtKSXYzNmhsYVBoVXVrN3luTHFKSTFOVHFuVkpGYllJWlJRMVdFQWdjbGhmallhM25EL2lVbXBScVZEbWtzejdlTDlZL3pnQkg0Z0hMZThZMlp5Q3A2Wm11d0VyU0w2Yk94blZKMng3S3ZhWGNVMnZYM1NzSkxkUC9mZnhXVElGdGNydERhNjdzdHJmazc0YktMUFNoZ2p3czlLZjIvVFFNc0NENWpZU0RFYTkybjBhamcxV2JFRFpEelZHLzB3L1Vuc3BJb1ZtZTZNRjVMN0UrQVBCVFFIQ0pxekh1QitXRzJ6SkpmQVZxZ3BVak0xZUZ0eEhQMGVRWGFPZjZ6MDNqVmdIT1ZjbGJjWUowZFpRL2ZBYjJMaE5aSmprZnlvQ3JqaW52UlgrYzl2N1NiQUlRRC9uZDVoNnNPUTgzVW1maGY2Yk1wdDU0YWluTGxMYzZTTSszZDVqSFlybndLVG1OeFBQYVdzdkxtZmh4MExod25DWEdsQm9Mc0twZ3VEcEx6UWhmK2wvbUwxK3lmalVTenFGdXg3a0hqS3dYQnpFaHh4ZjBrZFozblhyUnBWVllKSkc1THVzNEY4V2JWdEl1a3Nxd2xFL3duT3kyWXlod3lNTmVzUTY0SzNTNFVtY1RSb2dkcE8xQXJPaTNTelVFWmg3dXpWdXFZanIxZDN6a2d0SGpwVHpoQW9ZWmlWTzVXWXQ5M1puaHVWWExZZ1RtUEJObTc5SXM3dzFYNVRxNjBManNiVnZiOENQTk1QQ0JsTnlHZzV0bHZpVFBscEdlUk5zbEJLVys0TEJYRTZBRTZFb1cxTER3bHVJVjlxejVKS1BaZUpHd1lORGE1VFZYdXB1ekV2clZEYmxEYnU3MUJnZEd2UXdxK3AxMVNjWU1NTGdrb1YwNU9YbHZvbGt0akxTRUdySVM2Vzh5VkhHalNzaDRHT3VqYTd4VGhTWEFWdkFyN0NJMGNDY1lKSit5NDV1R0twMnhNSEVDc01xZFVCVFZLUXNBbmlDOXNaQ0J5RXlBaEEra3lzVTk2SEM4SUlUTWRqdFFuaHBnUkJHemtSK0RzMVV5V2VuZnBxLzQ1aWhIUW5ValIyUGErRm9xSlBsdUhKWFlBY0w1ZGlmNHI2cVFaREd5VzdCSzlPM0x2Y2Jmemp3TUJmMnF4OTlUWWtKYW54aGxkbjVSSHFzZEpCVGxGVENlSXFKaWxsTlA5WCthSjc3dHo1bjV1Lzh3MDZOTHhjaThRNDd2VXpjYlkvL29qL1Bmb0xCaDc4RWgvZnJDaXFWTk5tM2FHU3d3cG1FQ3Z3RW9URURZZ0x2Q1M5R3ZsbEQzVm95UVVjUEorSXZOYk4xMzFnVkJGQWZhWWFXcXhWK0FrS3hKN3BSWmZqWXRvbXp5bEs5RUNzakFkUzRPNW5qNHhaaWJmR21Pb1JMamxMZThaS3Z5UmRpaUh2WVVqdHVLT3dQS1FPS2NZbEVGajlmNmhRRVZ3ZDhwNG84WWZyQXRRYzJJeitQS1hHdUNtV0VZdHV6b2dnSVBPdjJHaU8zcE1qR29KTGFOQVRVT2d1eTRucGhGN0g3U1N3S1NqRSsyT0QyRW41SFBpbFpVckQ5Z2tYdkdpZ2VYaUU1YVlHeGNqZFIrbUxkQ1A4dksrU1NOUkU0c0NtWXVxWU90NGlRcGpBUDYwa3dhOGF2RGRkVjBpbFJicDZzMjVESHpzY2ZhQUpKQmw0ZEpzRzJpbHovVGZRY3hyK0xXYWpmdWt4TVNkOU9tS1B3RUtqMVBiMkRiNHRIdlVtak9TemRDUTN2RWtlOWFua1I2L3JyTGhmMjF4U1diOGl5a0l1Skd4K3ZVOUlxTlRiNUNuUVZTdzJNbU1QT29uN0JoWkhPUlBFRERrc0R4ZCtpV0c2dlUrQ3RJNVVaQ3JUVlRxc0NWU2pVYWhOUVIrcEpoMXpIOVJjeDV1OWJ6S3U3c3V4clZZUU5ROTdhbS9QTzVyZG5VYWxuMTZIczNHcGV3eERrTW5Fb3ErSGM3em9lZzJpODd0Z3BEeS92L011UTZvRXFid0ErOVZNRDJVUnB2S0lROGxJemk4UXVQM2pXZkNDOGtTYXFhL2pjK0VFTHBOb21ua3hQa1kyRXpIUjVGczc5MW9ybG9WR2h1MFRYaEMzeWlRQytYL2FuZmFXREJsd25LNEwxYUJkN3JLMEJra3VPOGdjNUFVbWh1WFFRTWtTVmhIa2lIUzZtYTBzanoxS28vbzVMQTE3UmFjZlhhN24yMWdtVXdDS0taL3V5Y25WYk45UTc2SHViRDFBcXZxWWRRNys4ZkYwcGVoQ1A0WUNuRThBQzNEMlkzOVVIZjg0MW1FVS96ZTJwUm5LUHBaRlRwTnA1YVhQYlZaNWYrNEcwR0thMjBRcUlsZFZWR3BQRGhXcHpMRWFyQTVkdmlvT2VCaFlBN1lRd2FBaG04dWxKT00yaFJjcUxDOSsyVm40Q2J6cGs4VG1mSTNqYzh4N3hDbzBOWGE3ZEcrR1Q5ZmVSVXlMdVl6ejRHYURYeWVTU2NUSGc3a0sxczd4eXRLTVVibnZyRW00V2dnZkdvbk50TkxneXFVdnVvZ2hWTnUrMm1hb1RmNWVabDBxZVNOaklmSHZjN2hFcllSR3ExTGpWY09semlLWGhxZTV3SEJUNHVjaWdScUM2akJsdzlpOEZZbzdRejIwQmFkc0Rrc2o4K0pxZmd2S3QxNkl6SndzcCs3YVJMNktUSmdEQW5qN3pXN0pENEh3aXI1Vzg3NGZjdGpOait6dFdlTm1HTk50OUo0MDVXL3hoeUd5Q1h0WnRUcU1kNFgyb3BveXBWVncrVGovQlRXamVwMkhLY0phRUR4cjIzQWNyL0M0TGhzM3VwOUVTMk5KTGFQNytaam5ZQXZLeHBkc09wL1M2U3F6R1M3Zmovc1k4ODFsUlJpMEtzUzlwVzNHQWJQQ1Q5TFlSNGdCSHoxdUNqcWtYakp2N0g5Tml2ZzFuQzY5cXRTalNjNzlQVXVuNFBweTlKSkErbFp4RFIvMTA2QURHcVFLdTVhQSt1S1dsQnJVRjE5eFRzSGZkZ1lxcktOWHNmcW13bk5ibmE4bHJRUzhBcDlJalJMRVVpbFlOUWdDSVNlVWZnQ1g4MGdVam1ReFhyYWlHdDYwcE8wNzRMc1FMK2l4T1J5L3B4RllhanJmTXZUMFUxV0M4Y0pjUkVMb3J4MC9nSlNqKzFTNEViemRzdHM0TnJ0azVrR09YbEtrdHlldytrTnFTZGp2MFVGZWJlVGhCNVdpNkpWdXRQSTJxYkx1UDBDTURoQ3dydlZXZklzbHpSWk1peXBPbDJzN2dNZDkwSzRJRVQ5dmlxT1BkRmhwQ29MdG5HNGkydWtmKzJTSjZOVUVGdXBKNnFvNUluejdJY2xRNmZrZjVqQ3BhNWY5NjE5ZzhCcTFiNW1GN2VpYTVzbGQxMGhrZ01xNXUvVU1NOWR1WHZmVVFicFdwSWd3M2ZteWhGcnlQTVdXdHcrb2RDcU0vTG5ZQUpHSFlWL2V1aVZwYkdoakxFVEdzQmFFN0lsSkJXOGxzM0t1QU81dE44YituU0tnNDVRZ29aNmxxRFVZVWp2SXdsdGJIQmFuZzcyUE14MVVzb3U1MWo4dGwreWpEZXY3cythaFkyUUdtRU1rN0o3UmloQ3d3Y3JTU0VnbWZ0bEFTb0ZjZUhURUpteXZSa3lhSXFlcnhUUTlPakdZR2JNSFRlT3BsODYzbEJRT0tBZVZnTlFMM1N2Mmc5RUwrQjE3dFczRUE1YmVzQVBxU2dFSmJuUThVMjJkcGUvemdxczBKR3U1NnNXcGtnUjJMWEh6QkVaeG02R25qSml6TWdPNDhVcnBwNE5mYVJnc1FJU0w2cHFGNmIwZWlFUlR0VFJXVHdIMWlreW53MWF2QklMck9DWTVod01ySUdNUHd6Q2Y5OHB1eXVpWmVURk1ua2FIa2lsdXhpUHJ0ZVN5ZWk2azlqZDdiZTE5bnNtM00zby9wZUVURkdXWDhSKzZ0Q0k3bTRveDV3UGhsNmh0V1ZOamdRc0RWYnhmRlFrUFRkZCt5ejVNc0pPMGE5bElqWHVhSVQvSHJ4b2VQTEMyMEpNSHFnWEhsSDBvZStzV25ydjFIVWE4a09sRnlNOXY0MFBSVzhnZzI1ampNRVplT0lsZlV6dGhJRlViUHFZY29CM1I5Vm4zOCtBVm45V3grdXRXK0Q2TlplaGRIYlJUYmVYWlgwMEZJK0RNd0J5MFNONDljQTZ0OVBPVncydnhxRUxGdCtaZHhodTFOUndtY2ZMekoreXAwaEk3Vm5kWHJIWkUzd2hLT1VoaVphTHdQV1NHeHF3NlRHczNWRlBvcjZwT0hYRFdQbDM3eVVvV2IwN0hBc1RrT21BWWozSm9hajRFV2ZYRzlIVWN4TWxNUXhic2wxT01xbkZERkNjUHFtdXNlWEhJWExuQlhtVGk1bnNBWkpMakVRdVd4aHY4dWZMcWJXdlljMnd5Uk81MWFjbjFzazYzQm5laFVQUU9zd29RTVNVMGdXWkUxUmpxUkN6QlBaOGtGUlZEV1dVTlhzTnp1RUFKaExuZHRBUGEyc1VHZ3FpUGdza3pNZjVjZHNpMGNHRGNndXo0T3RMSThaK3dFejBaQjJMTEY3ZWp6ck1lcTM5ZXpPWGlDeTk4TTF6QUVKUzkvVGJtRzdvemlxUWtObmozR2lyQ0tIRkNtQm4wcE40cW5VYjF1bWg3TWRXU095MkkxZzZGbkpBTWhmUjBuQ3lEbXorZUsvUHlRbUpUQU1kMURuNWR2bmVjb3BBUzgwd29Bd2ZpTkNiTzZZa2VzWExjVmhuWDlVMTRsQm53SGRkWFJkemw2aXdNWWk0cktUVGs4Um5vVi9tSCt2NWZkdXdEOG1hVnR1ZG5FRVBCY0NDUEV1c2hnamNEN05zWVZ4U0VCY3AyN3NYcDhOWkNsb3oybzZQYkZoWHYvSENVR3h0WG8yWXd1bU1EbFdrbjVmNUVRa3c2K0hLaFJvYlFCVUNjeEgxamVkZnpVa3pHNFJ4bGxyVFVsa2VEZGI5dWxVOVpaWWFOZE8vb3c9PSIgQ29ycmVsYXRpb25CaW5kaW5nPSIiIFVybEVuY29kZT0iVHJ1ZSIgLz4NCiAgICAgICAgPEZvcm1Qb3N0UGFyYW1ldGVyIE5hbWU9ImJ0blRlbXBTYXZlIiBWYWx1ZT0i5pqr5a2YIiBSZWNvcmRlZFZhbHVlPSLmmqvlrZgiIENvcnJlbGF0aW9uQmluZGluZz0ie3tGb3JtUG9zdFBhcmFtMjEuYnRuVGVtcFNhdmV9fSIgVXJsRW5jb2RlPSJUcnVlIiAvPg0KICAgICAgICA8Rm9ybVBvc3RQYXJhbWV0ZXIgTmFtZT0iaGlkR3JpZFZpZXdTdGFydFRpbWUiIFZhbHVlPSJ7eyRISURERU4xLmhpZEdyaWRWaWV3U3RhcnRUaW1lfX0iIFJlY29yZGVkVmFsdWU9IiIgQ29ycmVsYXRpb25CaW5kaW5nPSIiIFVybEVuY29kZT0iVHJ1ZSIgLz4NCiAgICAgICAgPEZvcm1Qb3N0UGFyYW1ldGVyIE5hbWU9InVjRGF0ZVN0YXJ0JHR4dERhdGUiIFZhbHVlPSIyMDE3LzA1LzExIiBSZWNvcmRlZFZhbHVlPSIyMDE3LzA1LzExIiBDb3JyZWxhdGlvbkJpbmRpbmc9Int7Rm9ybVBvc3RQYXJhbTIyLnVjRGF0ZVN0YXJ0JHR4dERhdGV9fSIgVXJsRW5jb2RlPSJUcnVlIiAvPg0KICAgICAgICA8Rm9ybVBvc3RQYXJhbWV0ZXIgTmFtZT0idWNEYXRlRW5kJHR4dERhdGUiIFZhbHVlPSIyMDE3LzA1LzExIiBSZWNvcmRlZFZhbHVlPSIyMDE3LzA1LzExIiBDb3JyZWxhdGlvbkJpbmRpbmc9Int7Rm9ybVBvc3RQYXJhbTIzLnVjRGF0ZUVuZCR0eHREYXRlfX0iIFVybEVuY29kZT0iVHJ1ZSIgLz4NCiAgICAgICAgPEZvcm1Qb3N0UGFyYW1ldGVyIE5hbWU9Ik9UVGltZVN0YXJ0JGRkbEhIIiBWYWx1ZT0iMDAiIFJlY29yZGVkVmFsdWU9IjAwIiBDb3JyZWxhdGlvbkJpbmRpbmc9Int7Rm9ybVBvc3RQYXJhbTI0Lk9UVGltZVN0YXJ0JGRkbEhIfX0iIFVybEVuY29kZT0iVHJ1ZSIgLz4NCiAgICAgICAgPEZvcm1Qb3N0UGFyYW1ldGVyIE5hbWU9Ik9UVGltZVN0YXJ0JGRkbE1NIiBWYWx1ZT0iMDAiIFJlY29yZGVkVmFsdWU9IjAwIiBDb3JyZWxhdGlvbkJpbmRpbmc9Int7Rm9ybVBvc3RQYXJhbTI1Lk9UVGltZVN0YXJ0JGRkbE1NfX0iIFVybEVuY29kZT0iVHJ1ZSIgLz4NCiAgICAgICAgPEZvcm1Qb3N0UGFyYW1ldGVyIE5hbWU9Ik9UVGltZUVuZCRkZGxISCIgVmFsdWU9IjAxIiBSZWNvcmRlZFZhbHVlPSIwMSIgQ29ycmVsYXRpb25CaW5kaW5nPSJ7e0Zvcm1Qb3N0UGFyYW0yNi5PVFRpbWVFbmQkZGRsSEh9fSIgVXJsRW5jb2RlPSJUcnVlIiAvPg0KICAgICAgICA8Rm9ybVBvc3RQYXJhbWV0ZXIgTmFtZT0iT1RUaW1lRW5kJGRkbE1NIiBWYWx1ZT0iMDAiIFJlY29yZGVkVmFsdWU9IjAwIiBDb3JyZWxhdGlvbkJpbmRpbmc9Int7Rm9ybVBvc3RQYXJhbTI3Lk9UVGltZUVuZCRkZGxNTX19IiBVcmxFbmNvZGU9IlRydWUiIC8+DQogICAgICAgIDxGb3JtUG9zdFBhcmFtZXRlciBOYW1lPSJkZGxPVFR5cGVJRCIgVmFsdWU9IjkiIFJlY29yZGVkVmFsdWU9IjkiIENvcnJlbGF0aW9uQmluZGluZz0ie3tGb3JtUG9zdFBhcmFtMjguZGRsT1RUeXBlSUR9fSIgVXJsRW5jb2RlPSJUcnVlIiAvPg0KICAgICAgICA8Rm9ybVBvc3RQYXJhbWV0ZXIgTmFtZT0idHh0T1RSZWFzb25NZW1vJHR4dERhdGEiIFZhbHVlPSJ0ZXN0IiBSZWNvcmRlZFZhbHVlPSJ0ZXN0IiBDb3JyZWxhdGlvbkJpbmRpbmc9IiIgVXJsRW5jb2RlPSJUcnVlIiAvPg0KICAgICAgICA8Rm9ybVBvc3RQYXJhbWV0ZXIgTmFtZT0iaGlkR3JpZFZpZXdTZWFyY2hTdGFydFRpbWUiIFZhbHVlPSJ7eyRISURERU4xLmhpZEdyaWRWaWV3U2VhcmNoU3RhcnRUaW1lfX0iIFJlY29yZGVkVmFsdWU9IiIgQ29ycmVsYXRpb25CaW5kaW5nPSIiIFVybEVuY29kZT0iVHJ1ZSIgLz4NCiAgICAgICAgPEZvcm1Qb3N0UGFyYW1ldGVyIE5hbWU9ImhpZEdyaWRWaWV3U2VhcmNoRW5kVGltZSIgVmFsdWU9Int7JEhJRERFTjEuaGlkR3JpZFZpZXdTZWFyY2hFbmRUaW1lfX0iIFJlY29yZGVkVmFsdWU9IiIgQ29ycmVsYXRpb25CaW5kaW5nPSIiIFVybEVuY29kZT0iVHJ1ZSIgLz4NCiAgICAgICAgPEZvcm1Qb3N0UGFyYW1ldGVyIE5hbWU9ImZyYW1lQXR0YWNoIiBWYWx1ZT0iL1V0aWwvQXR0YWNoQWRtaW4uYXNweD9BdHRhY2hEQj1BYXR0ZW5kYW50REJfSVRSRCZhbXA7QXR0YWNoSUQ9dGVzdDEwMjExOTYyNGVjZDE5LWI0ZDktNDE3Mi05ZmQzLWE3ZjVkZjFiMGY2ZCZhbXA7QXR0YWNoRmlsZU1heFF0eT0xJmFtcDtBdHRhY2hGaWxlTWF4S0I9MzA3MiZhbXA7QXR0YWNoRmlsZVRvdEtCPTMwNzImYW1wO0F0dGFjaEZpbGVFeHRMaXN0PSIgUmVjb3JkZWRWYWx1ZT0iL1V0aWwvQXR0YWNoQWRtaW4uYXNweD9BdHRhY2hEQj1BYXR0ZW5kYW50REJfSVRSRCZhbXA7QXR0YWNoSUQ9dGVzdDEwMjExOTYyNGVjZDE5LWI0ZDktNDE3Mi05ZmQzLWE3ZjVkZjFiMGY2ZCZhbXA7QXR0YWNoRmlsZU1heFF0eT0xJmFtcDtBdHRhY2hGaWxlTWF4S0I9MzA3MiZhbXA7QXR0YWNoRmlsZVRvdEtCPTMwNzImYW1wO0F0dGFjaEZpbGVFeHRMaXN0PSIgQ29ycmVsYXRpb25CaW5kaW5nPSIiIFVybEVuY29kZT0iVHJ1ZSIgLz4NCiAgICAgICAgPEZvcm1Qb3N0UGFyYW1ldGVyIE5hbWU9InVjTW9kYWxQb3B1cDEkQ2xpZW50V2lkdGgiIFZhbHVlPSJ7eyRISURERU4xLnVjTW9kYWxQb3B1cDEkQ2xpZW50V2lkdGh9fSIgUmVjb3JkZWRWYWx1ZT0iMCIgQ29ycmVsYXRpb25CaW5kaW5nPSIiIFVybEVuY29kZT0iVHJ1ZSIgLz4NCiAgICAgICAgPEZvcm1Qb3N0UGFyYW1ldGVyIE5hbWU9InVjTW9kYWxQb3B1cDEkQ2xpZW50SGVpZ2h0IiBWYWx1ZT0ie3skSElEREVOMS51Y01vZGFsUG9wdXAxJENsaWVudEhlaWdodH19IiBSZWNvcmRlZFZhbHVlPSIwIiBDb3JyZWxhdGlvbkJpbmRpbmc9IiIgVXJsRW5jb2RlPSJUcnVlIiAvPg0KICAgICAgPC9Gb3JtUG9zdEh0dHBCb2R5Pg0KICAgIDwvUmVxdWVzdD4NCiAgICA8UmVxdWVzdCBNZXRob2Q9IlBPU1QiIEd1aWQ9IjM2ZTk1ODkxLWUyMTMtNDk2Ni05NzczLWE3YzMzZWM1MTQwNSIgVmVyc2lvbj0iMS4xIiBVcmw9Imh0dHA6Ly8xMC4xMS4zNi4xMTQ6ODAwNy9PdmVyVGltZS9PdmVydGltZVByZU9yZGVyX01vZGlmeS5hc3B4IiBUaGlua1RpbWU9IjQiIFRpbWVvdXQ9IjMwMCIgUGFyc2VEZXBlbmRlbnRSZXF1ZXN0cz0iVHJ1ZSIgRm9sbG93UmVkaXJlY3RzPSJUcnVlIiBSZWNvcmRSZXN1bHQ9IlRydWUiIENhY2hlPSJGYWxzZSIgUmVzcG9uc2VUaW1lR29hbD0iMCIgRW5jb2Rpbmc9InV0Zi04IiBFeHBlY3RlZEh0dHBTdGF0dXNDb2RlPSIwIiBFeHBlY3RlZFJlc3BvbnNlVXJsPSIiIFJlcG9ydGluZ05hbWU9IiIgSWdub3JlSHR0cFN0YXR1c0NvZGU9IkZhbHNlIj4NCiAgICAgIDxFeHRyYWN0aW9uUnVsZXM+DQogICAgICAgIDxFeHRyYWN0aW9uUnVsZSBDbGFzc25hbWU9Ik1pY3Jvc29mdC5WaXN1YWxTdHVkaW8uVGVzdFRvb2xzLldlYlRlc3RpbmcuUnVsZXMuRXh0cmFjdEhpZGRlbkZpZWxkcywgTWljcm9zb2Z0LlZpc3VhbFN0dWRpby5RdWFsaXR5VG9vbHMuV2ViVGVzdEZyYW1ld29yaywgVmVyc2lvbj0xMC4wLjAuMCwgQ3VsdHVyZT1uZXV0cmFsLCBQdWJsaWNLZXlUb2tlbj1iMDNmNWY3ZjExZDUwYTNhIiBWYXJpYWJsZU5hbWU9IjEiIERpc3BsYXlOYW1lPSLmk7flj5bpmrHol4/mrITkvY0iIERlc2NyaXB0aW9uPSLmk7flj5blm57mh4nkuK3nmoTmiYDmnInpmrHol4/mrITkvY3vvIzkuKblsIflroPlgJHmlL7lnKjmuKzoqablhaflrrnkuK3jgIIiPg0KICAgICAgICAgIDxSdWxlUGFyYW1ldGVycz4NCiAgICAgICAgICAgIDxSdWxlUGFyYW1ldGVyIE5hbWU9IlJlcXVpcmVkIiBWYWx1ZT0iVHJ1ZSIgLz4NCiAgICAgICAgICAgIDxSdWxlUGFyYW1ldGVyIE5hbWU9Ikh0bWxEZWNvZGUiIFZhbHVlPSJUcnVlIiAvPg0KICAgICAgICAgIDwvUnVsZVBhcmFtZXRlcnM+DQogICAgICAgIDwvRXh0cmFjdGlvblJ1bGU+DQogICAgICA8L0V4dHJhY3Rpb25SdWxlcz4NCiAgICAgIDxDb3JyZWxhdGlvbkV4dHJhY3Rpb25SdWxlcz4NCiAgICAgICAgPEV4dHJhY3Rpb25SdWxlIENsYXNzbmFtZT0iTWljcm9zb2Z0LlZpc3VhbFN0dWRpby5UZXN0VG9vbHMuV2ViVGVzdGluZy5SdWxlcy5FeHRyYWN0VGV4dCwgTWljcm9zb2Z0LlZpc3VhbFN0dWRpby5RdWFsaXR5VG9vbHMuV2ViVGVzdEZyYW1ld29yaywgVmVyc2lvbj0xMC4wLjAuMCwgQ3VsdHVyZT1uZXV0cmFsLCBQdWJsaWNLZXlUb2tlbj1iMDNmNWY3ZjExZDUwYTNhIiBWYXJpYWJsZU5hbWU9IlF1ZXJ5U3RyaW5nUGFyYW0xLk9UQ29tcElEIiBEaXNwbGF5TmFtZT0iIiBEZXNjcmlwdGlvbj0iIj4NCiAgICAgICAgICA8UnVsZVBhcmFtZXRlcnM+DQogICAgICAgICAgICA8UnVsZVBhcmFtZXRlciBOYW1lPSJTdGFydHNXaXRoIiBWYWx1ZT0iP09UQ29tcElEPSIgLz4NCiAgICAgICAgICAgIDxSdWxlUGFyYW1ldGVyIE5hbWU9IkVuZHNXaXRoIiBWYWx1ZT0iJmFtcDsiIC8+DQogICAgICAgICAgICA8UnVsZVBhcmFtZXRlciBOYW1lPSJJbmRleCIgVmFsdWU9IjAiIC8+DQogICAgICAgICAgICA8UnVsZVBhcmFtZXRlciBOYW1lPSJJZ25vcmVDYXNlIiBWYWx1ZT0iRmFsc2UiIC8+DQogICAgICAgICAgICA8UnVsZVBhcmFtZXRlciBOYW1lPSJVc2VSZWd1bGFyRXhwcmVzc2lvbiIgVmFsdWU9IkZhbHNlIiAvPg0KICAgICAgICAgICAgPFJ1bGVQYXJhbWV0ZXIgTmFtZT0iSHRtbERlY29kZSIgVmFsdWU9IlRydWUiIC8+DQogICAgICAgICAgICA8UnVsZVBhcmFtZXRlciBOYW1lPSJSZXF1aXJlZCIgVmFsdWU9IkZhbHNlIiAvPg0KICAgICAgICAgIDwvUnVsZVBhcmFtZXRlcnM+DQogICAgICAgIDwvRXh0cmFjdGlvblJ1bGU+DQogICAgICAgIDxFeHRyYWN0aW9uUnVsZSBDbGFzc25hbWU9Ik1pY3Jvc29mdC5WaXN1YWxTdHVkaW8uVGVzdFRvb2xzLldlYlRlc3RpbmcuUnVsZXMuRXh0cmFjdFRleHQsIE1pY3Jvc29mdC5WaXN1YWxTdHVkaW8uUXVhbGl0eVRvb2xzLldlYlRlc3RGcmFtZXdvcmssIFZlcnNpb249MTAuMC4wLjAsIEN1bHR1cmU9bmV1dHJhbCwgUHVibGljS2V5VG9rZW49YjAzZjVmN2YxMWQ1MGEzYSIgVmFyaWFibGVOYW1lPSJRdWVyeVN0cmluZ1BhcmFtMi5PVEVtcElEIiBEaXNwbGF5TmFtZT0iIiBEZXNjcmlwdGlvbj0iIj4NCiAgICAgICAgICA8UnVsZVBhcmFtZXRlcnM+DQogICAgICAgICAgICA8UnVsZVBhcmFtZXRlciBOYW1lPSJTdGFydHNXaXRoIiBWYWx1ZT0iJmFtcDthbXA7T1RFbXBJRD0iIC8+DQogICAgICAgICAgICA8UnVsZVBhcmFtZXRlciBOYW1lPSJFbmRzV2l0aCIgVmFsdWU9IiZhbXA7IiAvPg0KICAgICAgICAgICAgPFJ1bGVQYXJhbWV0ZXIgTmFtZT0iSW5kZXgiIFZhbHVlPSIwIiAvPg0KICAgICAgICAgICAgPFJ1bGVQYXJhbWV0ZXIgTmFtZT0iSWdub3JlQ2FzZSIgVmFsdWU9IkZhbHNlIiAvPg0KICAgICAgICAgICAgPFJ1bGVQYXJhbWV0ZXIgTmFtZT0iVXNlUmVndWxhckV4cHJlc3Npb24iIFZhbHVlPSJGYWxzZSIgLz4NCiAgICAgICAgICAgIDxSdWxlUGFyYW1ldGVyIE5hbWU9Ikh0bWxEZWNvZGUiIFZhbHVlPSJUcnVlIiAvPg0KICAgICAgICAgICAgPFJ1bGVQYXJhbWV0ZXIgTmFtZT0iUmVxdWlyZWQiIFZhbHVlPSJGYWxzZSIgLz4NCiAgICAgICAgICA8L1J1bGVQYXJhbWV0ZXJzPg0KICAgICAgICA8L0V4dHJhY3Rpb25SdWxlPg0KICAgICAgICA8RXh0cmFjdGlvblJ1bGUgQ2xhc3NuYW1lPSJNaWNyb3NvZnQuVmlzdWFsU3R1ZGlvLlRlc3RUb29scy5XZWJUZXN0aW5nLlJ1bGVzLkV4dHJhY3RUZXh0LCBNaWNyb3NvZnQuVmlzdWFsU3R1ZGlvLlF1YWxpdHlUb29scy5XZWJUZXN0RnJhbWV3b3JrLCBWZXJzaW9uPTEwLjAuMC4wLCBDdWx0dXJlPW5ldXRyYWwsIFB1YmxpY0tleVRva2VuPWIwM2Y1ZjdmMTFkNTBhM2EiIFZhcmlhYmxlTmFtZT0iUXVlcnlTdHJpbmdQYXJhbTMuT1RTdGFydERhdGUiIERpc3BsYXlOYW1lPSIiIERlc2NyaXB0aW9uPSIiPg0KICAgICAgICAgIDxSdWxlUGFyYW1ldGVycz4NCiAgICAgICAgICAgIDxSdWxlUGFyYW1ldGVyIE5hbWU9IlN0YXJ0c1dpdGgiIFZhbHVlPSImYW1wO2FtcDtPVFN0YXJ0RGF0ZT0iIC8+DQogICAgICAgICAgICA8UnVsZVBhcmFtZXRlciBOYW1lPSJFbmRzV2l0aCIgVmFsdWU9IiZhbXA7IiAvPg0KICAgICAgICAgICAgPFJ1bGVQYXJhbWV0ZXIgTmFtZT0iSW5kZXgiIFZhbHVlPSIwIiAvPg0KICAgICAgICAgICAgPFJ1bGVQYXJhbWV0ZXIgTmFtZT0iSWdub3JlQ2FzZSIgVmFsdWU9IkZhbHNlIiAvPg0KICAgICAgICAgICAgPFJ1bGVQYXJhbWV0ZXIgTmFtZT0iVXNlUmVndWxhckV4cHJlc3Npb24iIFZhbHVlPSJGYWxzZSIgLz4NCiAgICAgICAgICAgIDxSdWxlUGFyYW1ldGVyIE5hbWU9Ikh0bWxEZWNvZGUiIFZhbHVlPSJUcnVlIiAvPg0KICAgICAgICAgICAgPFJ1bGVQYXJhbWV0ZXIgTmFtZT0iUmVxdWlyZWQiIFZhbHVlPSJGYWxzZSIgLz4NCiAgICAgICAgICA8L1J1bGVQYXJhbWV0ZXJzPg0KICAgICAgICA8L0V4dHJhY3Rpb25SdWxlPg0KICAgICAgICA8RXh0cmFjdGlvblJ1bGUgQ2xhc3NuYW1lPSJNaWNyb3NvZnQuVmlzdWFsU3R1ZGlvLlRlc3RUb29scy5XZWJUZXN0aW5nLlJ1bGVzLkV4dHJhY3RUZXh0LCBNaWNyb3NvZnQuVmlzdWFsU3R1ZGlvLlF1YWxpdHlUb29scy5XZWJUZXN0RnJhbWV3b3JrLCBWZXJzaW9uPTEwLjAuMC4wLCBDdWx0dXJlPW5ldXRyYWwsIFB1YmxpY0tleVRva2VuPWIwM2Y1ZjdmMTFkNTBhM2EiIFZhcmlhYmxlTmFtZT0iUXVlcnlTdHJpbmdQYXJhbTQuT1RFbmREYXRlIiBEaXNwbGF5TmFtZT0iIiBEZXNjcmlwdGlvbj0iIj4NCiAgICAgICAgICA8UnVsZVBhcmFtZXRlcnM+DQogICAgICAgICAgICA8UnVsZVBhcmFtZXRlciBOYW1lPSJTdGFydHNXaXRoIiBWYWx1ZT0iJmFtcDthbXA7T1RFbmREYXRlPSIgLz4NCiAgICAgICAgICAgIDxSdWxlUGFyYW1ldGVyIE5hbWU9IkVuZHNXaXRoIiBWYWx1ZT0iJmFtcDsiIC8+DQogICAgICAgICAgICA8UnVsZVBhcmFtZXRlciBOYW1lPSJJbmRleCIgVmFsdWU9IjAiIC8+DQogICAgICAgICAgICA8UnVsZVBhcmFtZXRlciBOYW1lPSJJZ25vcmVDYXNlIiBWYWx1ZT0iRmFsc2UiIC8+DQogICAgICAgICAgICA8UnVsZVBhcmFtZXRlciBOYW1lPSJVc2VSZWd1bGFyRXhwcmVzc2lvbiIgVmFsdWU9IkZhbHNlIiAvPg0KICAgICAgICAgICAgPFJ1bGVQYXJhbWV0ZXIgTmFtZT0iSHRtbERlY29kZSIgVmFsdWU9IlRydWUiIC8+DQogICAgICAgICAgICA8UnVsZVBhcmFtZXRlciBOYW1lPSJSZXF1aXJlZCIgVmFsdWU9IkZhbHNlIiAvPg0KICAgICAgICAgIDwvUnVsZVBhcmFtZXRlcnM+DQogICAgICAgIDwvRXh0cmFjdGlvblJ1bGU+DQogICAgICAgIDxFeHRyYWN0aW9uUnVsZSBDbGFzc25hbWU9Ik1pY3Jvc29mdC5WaXN1YWxTdHVkaW8uVGVzdFRvb2xzLldlYlRlc3RpbmcuUnVsZXMuRXh0cmFjdFRleHQsIE1pY3Jvc29mdC5WaXN1YWxTdHVkaW8uUXVhbGl0eVRvb2xzLldlYlRlc3RGcmFtZXdvcmssIFZlcnNpb249MTAuMC4wLjAsIEN1bHR1cmU9bmV1dHJhbCwgUHVibGljS2V5VG9rZW49YjAzZjVmN2YxMWQ1MGEzYSIgVmFyaWFibGVOYW1lPSJRdWVyeVN0cmluZ1BhcmFtNS5PVFN0YXJ0VGltZSIgRGlzcGxheU5hbWU9IiIgRGVzY3JpcHRpb249IiI+DQogICAgICAgICAgPFJ1bGVQYXJhbWV0ZXJzPg0KICAgICAgICAgICAgPFJ1bGVQYXJhbWV0ZXIgTmFtZT0iU3RhcnRzV2l0aCIgVmFsdWU9IiZhbXA7YW1wO09UU3RhcnRUaW1lPSIgLz4NCiAgICAgICAgICAgIDxSdWxlUGFyYW1ldGVyIE5hbWU9IkVuZHNXaXRoIiBWYWx1ZT0iJmFtcDsiIC8+DQogICAgICAgICAgICA8UnVsZVBhcmFtZXRlciBOYW1lPSJJbmRleCIgVmFsdWU9IjAiIC8+DQogICAgICAgICAgICA8UnVsZVBhcmFtZXRlciBOYW1lPSJJZ25vcmVDYXNlIiBWYWx1ZT0iRmFsc2UiIC8+DQogICAgICAgICAgICA8UnVsZVBhcmFtZXRlciBOYW1lPSJVc2VSZWd1bGFyRXhwcmVzc2lvbiIgVmFsdWU9IkZhbHNlIiAvPg0KICAgICAgICAgICAgPFJ1bGVQYXJhbWV0ZXIgTmFtZT0iSHRtbERlY29kZSIgVmFsdWU9IlRydWUiIC8+DQogICAgICAgICAgICA8UnVsZVBhcmFtZXRlciBOYW1lPSJSZXF1aXJlZCIgVmFsdWU9IkZhbHNlIiAvPg0KICAgICAgICAgIDwvUnVsZVBhcmFtZXRlcnM+DQogICAgICAgIDwvRXh0cmFjdGlvblJ1bGU+DQogICAgICAgIDxFeHRyYWN0aW9uUnVsZSBDbGFzc25hbWU9Ik1pY3Jvc29mdC5WaXN1YWxTdHVkaW8uVGVzdFRvb2xzLldlYlRlc3RpbmcuUnVsZXMuRXh0cmFjdFRleHQsIE1pY3Jvc29mdC5WaXN1YWxTdHVkaW8uUXVhbGl0eVRvb2xzLldlYlRlc3RGcmFtZXdvcmssIFZlcnNpb249MTAuMC4wLjAsIEN1bHR1cmU9bmV1dHJhbCwgUHVibGljS2V5VG9rZW49YjAzZjVmN2YxMWQ1MGEzYSIgVmFyaWFibGVOYW1lPSJRdWVyeVN0cmluZ1BhcmFtNi5PVEVuZFRpbWUiIERpc3BsYXlOYW1lPSIiIERlc2NyaXB0aW9uPSIiPg0KICAgICAgICAgIDxSdWxlUGFyYW1ldGVycz4NCiAgICAgICAgICAgIDxSdWxlUGFyYW1ldGVyIE5hbWU9IlN0YXJ0c1dpdGgiIFZhbHVlPSImYW1wO2FtcDtPVEVuZFRpbWU9IiAvPg0KICAgICAgICAgICAgPFJ1bGVQYXJhbWV0ZXIgTmFtZT0iRW5kc1dpdGgiIFZhbHVlPSImYW1wOyIgLz4NCiAgICAgICAgICAgIDxSdWxlUGFyYW1ldGVyIE5hbWU9IkluZGV4IiBWYWx1ZT0iMCIgLz4NCiAgICAgICAgICAgIDxSdWxlUGFyYW1ldGVyIE5hbWU9Iklnbm9yZUNhc2UiIFZhbHVlPSJGYWxzZSIgLz4NCiAgICAgICAgICAgIDxSdWxlUGFyYW1ldGVyIE5hbWU9IlVzZVJlZ3VsYXJFeHByZXNzaW9uIiBWYWx1ZT0iRmFsc2UiIC8+DQogICAgICAgICAgICA8UnVsZVBhcmFtZXRlciBOYW1lPSJIdG1sRGVjb2RlIiBWYWx1ZT0iVHJ1ZSIgLz4NCiAgICAgICAgICAgIDxSdWxlUGFyYW1ldGVyIE5hbWU9IlJlcXVpcmVkIiBWYWx1ZT0iRmFsc2UiIC8+DQogICAgICAgICAgPC9SdWxlUGFyYW1ldGVycz4NCiAgICAgICAgPC9FeHRyYWN0aW9uUnVsZT4NCiAgICAgICAgPEV4dHJhY3Rpb25SdWxlIENsYXNzbmFtZT0iTWljcm9zb2Z0LlZpc3VhbFN0dWRpby5UZXN0VG9vbHMuV2ViVGVzdGluZy5SdWxlcy5FeHRyYWN0VGV4dCwgTWljcm9zb2Z0LlZpc3VhbFN0dWRpby5RdWFsaXR5VG9vbHMuV2ViVGVzdEZyYW1ld29yaywgVmVyc2lvbj0xMC4wLjAuMCwgQ3VsdHVyZT1uZXV0cmFsLCBQdWJsaWNLZXlUb2tlbj1iMDNmNWY3ZjExZDUwYTNhIiBWYXJpYWJsZU5hbWU9IlF1ZXJ5U3RyaW5nUGFyYW03Lk9UVHhuSUQiIERpc3BsYXlOYW1lPSIiIERlc2NyaXB0aW9uPSIiPg0KICAgICAgICAgIDxSdWxlUGFyYW1ldGVycz4NCiAgICAgICAgICAgIDxSdWxlUGFyYW1ldGVyIE5hbWU9IlN0YXJ0c1dpdGgiIFZhbHVlPSImYW1wO2FtcDtPVFR4bklEPSIgLz4NCiAgICAgICAgICAgIDxSdWxlUGFyYW1ldGVyIE5hbWU9IkVuZHNXaXRoIiBWYWx1ZT0iJmFtcDsiIC8+DQogICAgICAgICAgICA8UnVsZVBhcmFtZXRlciBOYW1lPSJJbmRleCIgVmFsdWU9IjAiIC8+DQogICAgICAgICAgICA8UnVsZVBhcmFtZXRlciBOYW1lPSJJZ25vcmVDYXNlIiBWYWx1ZT0iRmFsc2UiIC8+DQogICAgICAgICAgICA8UnVsZVBhcmFtZXRlciBOYW1lPSJVc2VSZWd1bGFyRXhwcmVzc2lvbiIgVmFsdWU9IkZhbHNlIiAvPg0KICAgICAgICAgICAgPFJ1bGVQYXJhbWV0ZXIgTmFtZT0iSHRtbERlY29kZSIgVmFsdWU9IlRydWUiIC8+DQogICAgICAgICAgICA8UnVsZVBhcmFtZXRlciBOYW1lPSJSZXF1aXJlZCIgVmFsdWU9IkZhbHNlIiAvPg0KICAgICAgICAgIDwvUnVsZVBhcmFtZXRlcnM+DQogICAgICAgIDwvRXh0cmFjdGlvblJ1bGU+DQogICAgICAgIDxFeHRyYWN0aW9uUnVsZSBDbGFzc25hbWU9Ik1pY3Jvc29mdC5WaXN1YWxTdHVkaW8uVGVzdFRvb2xzLldlYlRlc3RpbmcuUnVsZXMuRXh0cmFjdFRleHQsIE1pY3Jvc29mdC5WaXN1YWxTdHVkaW8uUXVhbGl0eVRvb2xzLldlYlRlc3RGcmFtZXdvcmssIFZlcnNpb249MTAuMC4wLjAsIEN1bHR1cmU9bmV1dHJhbCwgUHVibGljS2V5VG9rZW49YjAzZjVmN2YxMWQ1MGEzYSIgVmFyaWFibGVOYW1lPSJRdWVyeVN0cmluZ1BhcmFtOC5PVEZvcm1OTyIgRGlzcGxheU5hbWU9IiIgRGVzY3JpcHRpb249IiI+DQogICAgICAgICAgPFJ1bGVQYXJhbWV0ZXJzPg0KICAgICAgICAgICAgPFJ1bGVQYXJhbWV0ZXIgTmFtZT0iU3RhcnRzV2l0aCIgVmFsdWU9IiZhbXA7YW1wO09URm9ybU5PPSIgLz4NCiAgICAgICAgICAgIDxSdWxlUGFyYW1ldGVyIE5hbWU9IkVuZHNXaXRoIiBWYWx1ZT0iJnF1b3Q7IiAvPg0KICAgICAgICAgICAgPFJ1bGVQYXJhbWV0ZXIgTmFtZT0iSW5kZXgiIFZhbHVlPSIwIiAvPg0KICAgICAgICAgICAgPFJ1bGVQYXJhbWV0ZXIgTmFtZT0iSWdub3JlQ2FzZSIgVmFsdWU9IkZhbHNlIiAvPg0KICAgICAgICAgICAgPFJ1bGVQYXJhbWV0ZXIgTmFtZT0iVXNlUmVndWxhckV4cHJlc3Npb24iIFZhbHVlPSJGYWxzZSIgLz4NCiAgICAgICAgICAgIDxSdWxlUGFyYW1ldGVyIE5hbWU9Ikh0bWxEZWNvZGUiIFZhbHVlPSJUcnVlIiAvPg0KICAgICAgICAgICAgPFJ1bGVQYXJhbWV0ZXIgTmFtZT0iUmVxdWlyZWQiIFZhbHVlPSJGYWxzZSIgLz4NCiAgICAgICAgICA8L1J1bGVQYXJhbWV0ZXJzPg0KICAgICAgICA8L0V4dHJhY3Rpb25SdWxlPg0KICAgICAgICA8RXh0cmFjdGlvblJ1bGUgQ2xhc3NuYW1lPSJNaWNyb3NvZnQuVmlzdWFsU3R1ZGlvLlRlc3RUb29scy5XZWJUZXN0aW5nLlJ1bGVzLkV4dHJhY3RGb3JtRmllbGQsIE1pY3Jvc29mdC5WaXN1YWxTdHVkaW8uUXVhbGl0eVRvb2xzLldlYlRlc3RGcmFtZXdvcmssIFZlcnNpb249MTAuMC4wLjAsIEN1bHR1cmU9bmV1dHJhbCwgUHVibGljS2V5VG9rZW49YjAzZjVmN2YxMWQ1MGEzYSIgVmFyaWFibGVOYW1lPSJGb3JtUG9zdFBhcmFtNS5idG5FeGl0IiBEaXNwbGF5TmFtZT0iIiBEZXNjcmlwdGlvbj0iIj4NCiAgICAgICAgICA8UnVsZVBhcmFtZXRlcnM+DQogICAgICAgICAgICA8UnVsZVBhcmFtZXRlciBOYW1lPSJOYW1lIiBWYWx1ZT0iYnRuRXhpdCIgLz4NCiAgICAgICAgICAgIDxSdWxlUGFyYW1ldGVyIE5hbWU9Ikh0bWxEZWNvZGUiIFZhbHVlPSJUcnVlIiAvPg0KICAgICAgICAgICAgPFJ1bGVQYXJhbWV0ZXIgTmFtZT0iUmVxdWlyZWQiIFZhbHVlPSJGYWxzZSIgLz4NCiAgICAgICAgICAgIDxSdWxlUGFyYW1ldGVyIE5hbWU9IkluZGV4IiBWYWx1ZT0iMCIgLz4NCiAgICAgICAgICA8L1J1bGVQYXJhbWV0ZXJzPg0KICAgICAgICA8L0V4dHJhY3Rpb25SdWxlPg0KICAgICAgICA8RXh0cmFjdGlvblJ1bGUgQ2xhc3NuYW1lPSJNaWNyb3NvZnQuVmlzdWFsU3R1ZGlvLlRlc3RUb29scy5XZWJUZXN0aW5nLlJ1bGVzLkV4dHJhY3RGb3JtRmllbGQsIE1pY3Jvc29mdC5WaXN1YWxTdHVkaW8uUXVhbGl0eVRvb2xzLldlYlRlc3RGcmFtZXdvcmssIFZlcnNpb249MTAuMC4wLjAsIEN1bHR1cmU9bmV1dHJhbCwgUHVibGljS2V5VG9rZW49YjAzZjVmN2YxMWQ1MGEzYSIgVmFyaWFibGVOYW1lPSJGb3JtUG9zdFBhcmFtNi51Y0RhdGVTdGFydCR0eHREYXRlIiBEaXNwbGF5TmFtZT0iIiBEZXNjcmlwdGlvbj0iIj4NCiAgICAgICAgICA8UnVsZVBhcmFtZXRlcnM+DQogICAgICAgICAgICA8UnVsZVBhcmFtZXRlciBOYW1lPSJOYW1lIiBWYWx1ZT0idWNEYXRlU3RhcnRfdHh0RGF0ZSIgLz4NCiAgICAgICAgICAgIDxSdWxlUGFyYW1ldGVyIE5hbWU9Ikh0bWxEZWNvZGUiIFZhbHVlPSJUcnVlIiAvPg0KICAgICAgICAgICAgPFJ1bGVQYXJhbWV0ZXIgTmFtZT0iUmVxdWlyZWQiIFZhbHVlPSJGYWxzZSIgLz4NCiAgICAgICAgICAgIDxSdWxlUGFyYW1ldGVyIE5hbWU9IkluZGV4IiBWYWx1ZT0iMCIgLz4NCiAgICAgICAgICA8L1J1bGVQYXJhbWV0ZXJzPg0KICAgICAgICA8L0V4dHJhY3Rpb25SdWxlPg0KICAgICAgICA8RXh0cmFjdGlvblJ1bGUgQ2xhc3NuYW1lPSJNaWNyb3NvZnQuVmlzdWFsU3R1ZGlvLlRlc3RUb29scy5XZWJUZXN0aW5nLlJ1bGVzLkV4dHJhY3RGb3JtRmllbGQsIE1pY3Jvc29mdC5WaXN1YWxTdHVkaW8uUXVhbGl0eVRvb2xzLldlYlRlc3RGcmFtZXdvcmssIFZlcnNpb249MTAuMC4wLjAsIEN1bHR1cmU9bmV1dHJhbCwgUHVibGljS2V5VG9rZW49YjAzZjVmN2YxMWQ1MGEzYSIgVmFyaWFibGVOYW1lPSJGb3JtUG9zdFBhcmFtNy51Y0RhdGVFbmQkdHh0RGF0ZSIgRGlzcGxheU5hbWU9IiIgRGVzY3JpcHRpb249IiI+DQogICAgICAgICAgPFJ1bGVQYXJhbWV0ZXJzPg0KICAgICAgICAgICAgPFJ1bGVQYXJhbWV0ZXIgTmFtZT0iTmFtZSIgVmFsdWU9InVjRGF0ZUVuZF90eHREYXRlIiAvPg0KICAgICAgICAgICAgPFJ1bGVQYXJhbWV0ZXIgTmFtZT0iSHRtbERlY29kZSIgVmFsdWU9IlRydWUiIC8+DQogICAgICAgICAgICA8UnVsZVBhcmFtZXRlciBOYW1lPSJSZXF1aXJlZCIgVmFsdWU9IkZhbHNlIiAvPg0KICAgICAgICAgICAgPFJ1bGVQYXJhbWV0ZXIgTmFtZT0iSW5kZXgiIFZhbHVlPSIwIiAvPg0KICAgICAgICAgIDwvUnVsZVBhcmFtZXRlcnM+DQogICAgICAgIDwvRXh0cmFjdGlvblJ1bGU+DQogICAgICAgIDxFeHRyYWN0aW9uUnVsZSBDbGFzc25hbWU9Ik1pY3Jvc29mdC5WaXN1YWxTdHVkaW8uVGVzdFRvb2xzLldlYlRlc3RpbmcuUnVsZXMuRXh0cmFjdFRleHQsIE1pY3Jvc29mdC5WaXN1YWxTdHVkaW8uUXVhbGl0eVRvb2xzLldlYlRlc3RGcmFtZXdvcmssIFZlcnNpb249MTAuMC4wLjAsIEN1bHR1cmU9bmV1dHJhbCwgUHVibGljS2V5VG9rZW49YjAzZjVmN2YxMWQ1MGEzYSIgVmFyaWFibGVOYW1lPSJGb3JtUG9zdFBhcmFtOC5PVFRpbWVTdGFydCRkZGxISCIgRGlzcGxheU5hbWU9IiIgRGVzY3JpcHRpb249IiI+DQogICAgICAgICAgPFJ1bGVQYXJhbWV0ZXJzPg0KICAgICAgICAgICAgPFJ1bGVQYXJhbWV0ZXIgTmFtZT0iU3RhcnRzV2l0aCIgVmFsdWU9Imx1ZT0mcXVvdDsiIC8+DQogICAgICAgICAgICA8UnVsZVBhcmFtZXRlciBOYW1lPSJFbmRzV2l0aCIgVmFsdWU9IiZxdW90OyZndDswMCZsdDsiIC8+DQogICAgICAgICAgICA8UnVsZVBhcmFtZXRlciBOYW1lPSJJbmRleCIgVmFsdWU9IjIzIiAvPg0KICAgICAgICAgICAgPFJ1bGVQYXJhbWV0ZXIgTmFtZT0iSWdub3JlQ2FzZSIgVmFsdWU9IkZhbHNlIiAvPg0KICAgICAgICAgICAgPFJ1bGVQYXJhbWV0ZXIgTmFtZT0iVXNlUmVndWxhckV4cHJlc3Npb24iIFZhbHVlPSJGYWxzZSIgLz4NCiAgICAgICAgICAgIDxSdWxlUGFyYW1ldGVyIE5hbWU9Ikh0bWxEZWNvZGUiIFZhbHVlPSJUcnVlIiAvPg0KICAgICAgICAgICAgPFJ1bGVQYXJhbWV0ZXIgTmFtZT0iUmVxdWlyZWQiIFZhbHVlPSJGYWxzZSIgLz4NCiAgICAgICAgICA8L1J1bGVQYXJhbWV0ZXJzPg0KICAgICAgICA8L0V4dHJhY3Rpb25SdWxlPg0KICAgICAgICA8RXh0cmFjdGlvblJ1bGUgQ2xhc3NuYW1lPSJNaWNyb3NvZnQuVmlzdWFsU3R1ZGlvLlRlc3RUb29scy5XZWJUZXN0aW5nLlJ1bGVzLkV4dHJhY3RUZXh0LCBNaWNyb3NvZnQuVmlzdWFsU3R1ZGlvLlF1YWxpdHlUb29scy5XZWJUZXN0RnJhbWV3b3JrLCBWZXJzaW9uPTEwLjAuMC4wLCBDdWx0dXJlPW5ldXRyYWwsIFB1YmxpY0tleVRva2VuPWIwM2Y1ZjdmMTFkNTBhM2EiIFZhcmlhYmxlTmFtZT0iRm9ybVBvc3RQYXJhbTkuT1RUaW1lU3RhcnQkZGRsTU0iIERpc3BsYXlOYW1lPSIiIERlc2NyaXB0aW9uPSIiPg0KICAgICAgICAgIDxSdWxlUGFyYW1ldGVycz4NCiAgICAgICAgICAgIDxSdWxlUGFyYW1ldGVyIE5hbWU9IlN0YXJ0c1dpdGgiIFZhbHVlPSJsdWU9JnF1b3Q7IiAvPg0KICAgICAgICAgICAgPFJ1bGVQYXJhbWV0ZXIgTmFtZT0iRW5kc1dpdGgiIFZhbHVlPSImcXVvdDsmZ3Q7MDAmbHQ7IiAvPg0KICAgICAgICAgICAgPFJ1bGVQYXJhbWV0ZXIgTmFtZT0iSW5kZXgiIFZhbHVlPSIyMyIgLz4NCiAgICAgICAgICAgIDxSdWxlUGFyYW1ldGVyIE5hbWU9Iklnbm9yZUNhc2UiIFZhbHVlPSJGYWxzZSIgLz4NCiAgICAgICAgICAgIDxSdWxlUGFyYW1ldGVyIE5hbWU9IlVzZVJlZ3VsYXJFeHByZXNzaW9uIiBWYWx1ZT0iRmFsc2UiIC8+DQogICAgICAgICAgICA8UnVsZVBhcmFtZXRlciBOYW1lPSJIdG1sRGVjb2RlIiBWYWx1ZT0iVHJ1ZSIgLz4NCiAgICAgICAgICAgIDxSdWxlUGFyYW1ldGVyIE5hbWU9IlJlcXVpcmVkIiBWYWx1ZT0iRmFsc2UiIC8+DQogICAgICAgICAgPC9SdWxlUGFyYW1ldGVycz4NCiAgICAgICAgPC9FeHRyYWN0aW9uUnVsZT4NCiAgICAgICAgPEV4dHJhY3Rpb25SdWxlIENsYXNzbmFtZT0iTWljcm9zb2Z0LlZpc3VhbFN0dWRpby5UZXN0VG9vbHMuV2ViVGVzdGluZy5SdWxlcy5FeHRyYWN0VGV4dCwgTWljcm9zb2Z0LlZpc3VhbFN0dWRpby5RdWFsaXR5VG9vbHMuV2ViVGVzdEZyYW1ld29yaywgVmVyc2lvbj0xMC4wLjAuMCwgQ3VsdHVyZT1uZXV0cmFsLCBQdWJsaWNLZXlUb2tlbj1iMDNmNWY3ZjExZDUwYTNhIiBWYXJpYWJsZU5hbWU9IkZvcm1Qb3N0UGFyYW0xMC5PVFRpbWVFbmQkZGRsSEgiIERpc3BsYXlOYW1lPSIiIERlc2NyaXB0aW9uPSIiPg0KICAgICAgICAgIDxSdWxlUGFyYW1ldGVycz4NCiAgICAgICAgICAgIDxSdWxlUGFyYW1ldGVyIE5hbWU9IlN0YXJ0c1dpdGgiIFZhbHVlPSJsdWU9JnF1b3Q7IiAvPg0KICAgICAgICAgICAgPFJ1bGVQYXJhbWV0ZXIgTmFtZT0iRW5kc1dpdGgiIFZhbHVlPSImcXVvdDsmZ3Q7MDEmbHQ7IiAvPg0KICAgICAgICAgICAgPFJ1bGVQYXJhbWV0ZXIgTmFtZT0iSW5kZXgiIFZhbHVlPSIyNCIgLz4NCiAgICAgICAgICAgIDxSdWxlUGFyYW1ldGVyIE5hbWU9Iklnbm9yZUNhc2UiIFZhbHVlPSJGYWxzZSIgLz4NCiAgICAgICAgICAgIDxSdWxlUGFyYW1ldGVyIE5hbWU9IlVzZVJlZ3VsYXJFeHByZXNzaW9uIiBWYWx1ZT0iRmFsc2UiIC8+DQogICAgICAgICAgICA8UnVsZVBhcmFtZXRlciBOYW1lPSJIdG1sRGVjb2RlIiBWYWx1ZT0iVHJ1ZSIgLz4NCiAgICAgICAgICAgIDxSdWxlUGFyYW1ldGVyIE5hbWU9IlJlcXVpcmVkIiBWYWx1ZT0iRmFsc2UiIC8+DQogICAgICAgICAgPC9SdWxlUGFyYW1ldGVycz4NCiAgICAgICAgPC9FeHRyYWN0aW9uUnVsZT4NCiAgICAgICAgPEV4dHJhY3Rpb25SdWxlIENsYXNzbmFtZT0iTWljcm9zb2Z0LlZpc3VhbFN0dWRpby5UZXN0VG9vbHMuV2ViVGVzdGluZy5SdWxlcy5FeHRyYWN0VGV4dCwgTWljcm9zb2Z0LlZpc3VhbFN0dWRpby5RdWFsaXR5VG9vbHMuV2ViVGVzdEZyYW1ld29yaywgVmVyc2lvbj0xMC4wLjAuMCwgQ3VsdHVyZT1uZXV0cmFsLCBQdWJsaWNLZXlUb2tlbj1iMDNmNWY3ZjExZDUwYTNhIiBWYXJpYWJsZU5hbWU9IkZvcm1Qb3N0UGFyYW0xMS5PVFRpbWVFbmQkZGRsTU0iIERpc3BsYXlOYW1lPSIiIERlc2NyaXB0aW9uPSIiPg0KICAgICAgICAgIDxSdWxlUGFyYW1ldGVycz4NCiAgICAgICAgICAgIDxSdWxlUGFyYW1ldGVyIE5hbWU9IlN0YXJ0c1dpdGgiIFZhbHVlPSJsdWU9JnF1b3Q7IiAvPg0KICAgICAgICAgICAgPFJ1bGVQYXJhbWV0ZXIgTmFtZT0iRW5kc1dpdGgiIFZhbHVlPSImcXVvdDsmZ3Q7MDAmbHQ7IiAvPg0KICAgICAgICAgICAgPFJ1bGVQYXJhbWV0ZXIgTmFtZT0iSW5kZXgiIFZhbHVlPSIyMyIgLz4NCiAgICAgICAgICAgIDxSdWxlUGFyYW1ldGVyIE5hbWU9Iklnbm9yZUNhc2UiIFZhbHVlPSJGYWxzZSIgLz4NCiAgICAgICAgICAgIDxSdWxlUGFyYW1ldGVyIE5hbWU9IlVzZVJlZ3VsYXJFeHByZXNzaW9uIiBWYWx1ZT0iRmFsc2UiIC8+DQogICAgICAgICAgICA8UnVsZVBhcmFtZXRlciBOYW1lPSJIdG1sRGVjb2RlIiBWYWx1ZT0iVHJ1ZSIgLz4NCiAgICAgICAgICAgIDxSdWxlUGFyYW1ldGVyIE5hbWU9IlJlcXVpcmVkIiBWYWx1ZT0iRmFsc2UiIC8+DQogICAgICAgICAgPC9SdWxlUGFyYW1ldGVycz4NCiAgICAgICAgPC9FeHRyYWN0aW9uUnVsZT4NCiAgICAgICAgPEV4dHJhY3Rpb25SdWxlIENsYXNzbmFtZT0iTWljcm9zb2Z0LlZpc3VhbFN0dWRpby5UZXN0VG9vbHMuV2ViVGVzdGluZy5SdWxlcy5FeHRyYWN0VGV4dCwgTWljcm9zb2Z0LlZpc3VhbFN0dWRpby5RdWFsaXR5VG9vbHMuV2ViVGVzdEZyYW1ld29yaywgVmVyc2lvbj0xMC4wLjAuMCwgQ3VsdHVyZT1uZXV0cmFsLCBQdWJsaWNLZXlUb2tlbj1iMDNmNWY3ZjExZDUwYTNhIiBWYXJpYWJsZU5hbWU9IkZvcm1Qb3N0UGFyYW0xMi5kZGxPVFR5cGVJRCIgRGlzcGxheU5hbWU9IiIgRGVzY3JpcHRpb249IiI+DQogICAgICAgICAgPFJ1bGVQYXJhbWV0ZXJzPg0KICAgICAgICAgICAgPFJ1bGVQYXJhbWV0ZXIgTmFtZT0iU3RhcnRzV2l0aCIgVmFsdWU9IiZxdW90OzgmcXVvdDssJnF1b3Q7IiAvPg0KICAgICAgICAgICAgPFJ1bGVQYXJhbWV0ZXIgTmFtZT0iRW5kc1dpdGgiIFZhbHVlPSImcXVvdDtdLCZxdW90O0QiIC8+DQogICAgICAgICAgICA8UnVsZVBhcmFtZXRlciBOYW1lPSJJbmRleCIgVmFsdWU9IjAiIC8+DQogICAgICAgICAgICA8UnVsZVBhcmFtZXRlciBOYW1lPSJJZ25vcmVDYXNlIiBWYWx1ZT0iRmFsc2UiIC8+DQogICAgICAgICAgICA8UnVsZVBhcmFtZXRlciBOYW1lPSJVc2VSZWd1bGFyRXhwcmVzc2lvbiIgVmFsdWU9IkZhbHNlIiAvPg0KICAgICAgICAgICAgPFJ1bGVQYXJhbWV0ZXIgTmFtZT0iSHRtbERlY29kZSIgVmFsdWU9IlRydWUiIC8+DQogICAgICAgICAgICA8UnVsZVBhcmFtZXRlciBOYW1lPSJSZXF1aXJlZCIgVmFsdWU9IkZhbHNlIiAvPg0KICAgICAgICAgIDwvUnVsZVBhcmFtZXRlcnM+DQogICAgICAgIDwvRXh0cmFjdGlvblJ1bGU+DQogICAgICA8L0NvcnJlbGF0aW9uRXh0cmFjdGlvblJ1bGVzPg0KICAgICAgPFF1ZXJ5U3RyaW5nUGFyYW1ldGVycz4NCiAgICAgICAgPFF1ZXJ5U3RyaW5nUGFyYW1ldGVyIE5hbWU9Ik9UQ29tcElEIiBWYWx1ZT0iU1BIQksxIiBSZWNvcmRlZFZhbHVlPSJTUEhCSzEiIENvcnJlbGF0aW9uQmluZGluZz0ie3tRdWVyeVN0cmluZ1BhcmFtOS5PVENvbXBJRH19IiBVcmxFbmNvZGU9IkZhbHNlIiBVc2VUb0dyb3VwUmVzdWx0cz0iRmFsc2UiIC8+DQogICAgICAgIDxRdWVyeVN0cmluZ1BhcmFtZXRlciBOYW1lPSJPVEVtcElEIiBWYWx1ZT0iMTAyMTE5IiBSZWNvcmRlZFZhbHVlPSIxMDIxMTkiIENvcnJlbGF0aW9uQmluZGluZz0ie3tRdWVyeVN0cmluZ1BhcmFtMTAuT1RFbXBJRH19IiBVcmxFbmNvZGU9IkZhbHNlIiBVc2VUb0dyb3VwUmVzdWx0cz0iRmFsc2UiIC8+DQogICAgICAgIDxRdWVyeVN0cmluZ1BhcmFtZXRlciBOYW1lPSJPVFN0YXJ0RGF0ZSIgVmFsdWU9IjIwMTclMmYwNSUyZjExIiBSZWNvcmRlZFZhbHVlPSIyMDE3JTJmMDUlMmYxMSIgQ29ycmVsYXRpb25CaW5kaW5nPSJ7e1F1ZXJ5U3RyaW5nUGFyYW0xMS5PVFN0YXJ0RGF0ZX19IiBVcmxFbmNvZGU9IkZhbHNlIiBVc2VUb0dyb3VwUmVzdWx0cz0iRmFsc2UiIC8+DQogICAgICAgIDxRdWVyeVN0cmluZ1BhcmFtZXRlciBOYW1lPSJPVEVuZERhdGUiIFZhbHVlPSIyMDE3JTJmMDUlMmYxMSIgUmVjb3JkZWRWYWx1ZT0iMjAxNyUyZjA1JTJmMTEiIENvcnJlbGF0aW9uQmluZGluZz0ie3tRdWVyeVN0cmluZ1BhcmFtMTIuT1RFbmREYXRlfX0iIFVybEVuY29kZT0iRmFsc2UiIFVzZVRvR3JvdXBSZXN1bHRzPSJGYWxzZSIgLz4NCiAgICAgICAgPFF1ZXJ5U3RyaW5nUGFyYW1ldGVyIE5hbWU9Ik9UU3RhcnRUaW1lIiBWYWx1ZT0iMDAwMCIgUmVjb3JkZWRWYWx1ZT0iMDAwMCIgQ29ycmVsYXRpb25CaW5kaW5nPSJ7e1F1ZXJ5U3RyaW5nUGFyYW0xMy5PVFN0YXJ0VGltZX19IiBVcmxFbmNvZGU9IkZhbHNlIiBVc2VUb0dyb3VwUmVzdWx0cz0iRmFsc2UiIC8+DQogICAgICAgIDxRdWVyeVN0cmluZ1BhcmFtZXRlciBOYW1lPSJPVEVuZFRpbWUiIFZhbHVlPSIwMTAwIiBSZWNvcmRlZFZhbHVlPSIwMTAwIiBDb3JyZWxhdGlvbkJpbmRpbmc9Int7UXVlcnlTdHJpbmdQYXJhbTE0Lk9URW5kVGltZX19IiBVcmxFbmNvZGU9IkZhbHNlIiBVc2VUb0dyb3VwUmVzdWx0cz0iRmFsc2UiIC8+DQogICAgICAgIDxRdWVyeVN0cmluZ1BhcmFtZXRlciBOYW1lPSJPVFR4bklEIiBWYWx1ZT0iU1BIQksxMTAyMTE5MjAxNzA1MTE1NSIgUmVjb3JkZWRWYWx1ZT0iU1BIQksxMTAyMTE5MjAxNzA1MTE1NSIgQ29ycmVsYXRpb25CaW5kaW5nPSJ7e1F1ZXJ5U3RyaW5nUGFyYW0xNS5PVFR4bklEfX0iIFVybEVuY29kZT0iRmFsc2UiIFVzZVRvR3JvdXBSZXN1bHRzPSJGYWxzZSIgLz4NCiAgICAgICAgPFF1ZXJ5U3RyaW5nUGFyYW1ldGVyIE5hbWU9Ik9URm9ybU5PIiBWYWx1ZT0iMjAxNzA1MTE2MDEwMjExOSIgUmVjb3JkZWRWYWx1ZT0iMjAxNzA1MTE2MDEwMjExOSIgQ29ycmVsYXRpb25CaW5kaW5nPSJ7e1F1ZXJ5U3RyaW5nUGFyYW0xNi5PVEZvcm1OT319IiBVcmxFbmNvZGU9IkZhbHNlIiBVc2VUb0dyb3VwUmVzdWx0cz0iRmFsc2UiIC8+DQogICAgICA8L1F1ZXJ5U3RyaW5nUGFyYW1ldGVycz4NCiAgICAgIDxGb3JtUG9zdEh0dHBCb2R5Pg0KICAgICAgICA8Rm9ybVBvc3RQYXJhbWV0ZXIgTmFtZT0iVG9vbGtpdFNjcmlwdE1hbmFnZXIxX0hpZGRlbkZpZWxkIiBWYWx1ZT0ie3skSElEREVOMS5Ub29sa2l0U2NyaXB0TWFuYWdlcjFfSGlkZGVuRmllbGR9fSIgUmVjb3JkZWRWYWx1ZT0iIiBDb3JyZWxhdGlvbkJpbmRpbmc9IiIgVXJsRW5jb2RlPSJUcnVlIiAvPg0KICAgICAgICA8Rm9ybVBvc3RQYXJhbWV0ZXIgTmFtZT0iX19FVkVOVFRBUkdFVCIgVmFsdWU9Int7JEhJRERFTjEuX19FVkVOVFRBUkdFVH19IiBSZWNvcmRlZFZhbHVlPSIiIENvcnJlbGF0aW9uQmluZGluZz0iIiBVcmxFbmNvZGU9IlRydWUiIC8+DQogICAgICAgIDxGb3JtUG9zdFBhcmFtZXRlciBOYW1lPSJfX0VWRU5UQVJHVU1FTlQiIFZhbHVlPSJ7eyRISURERU4xLl9fRVZFTlRBUkdVTUVOVH19IiBSZWNvcmRlZFZhbHVlPSIiIENvcnJlbGF0aW9uQmluZGluZz0iIiBVcmxFbmNvZGU9IlRydWUiIC8+DQogICAgICAgIDxGb3JtUG9zdFBhcmFtZXRlciBOYW1lPSJfX0xBU1RGT0NVUyIgVmFsdWU9Int7JEhJRERFTjEuX19MQVNURk9DVVN9fSIgUmVjb3JkZWRWYWx1ZT0iIiBDb3JyZWxhdGlvbkJpbmRpbmc9IiIgVXJsRW5jb2RlPSJUcnVlIiAvPg0KICAgICAgICA8Rm9ybVBvc3RQYXJhbWV0ZXIgTmFtZT0iX19WU1RBVEUiIFZhbHVlPSJ7eyRISURERU4xLl9fVlNUQVRFfX0iIFJlY29yZGVkVmFsdWU9IkFSK0xDQUFBQUFBQUJBRHRHbXR6RzlVMXVyYjhpaE5uTW8waFRTcHRuSUxqWWttN3E1Y2wyNkorcFhZVFJ5WVNDVE9CMGF5MFY5TGkxYTdZWGRuV01FeERPMm5TaEpRd0VHZ0lMV1ZLQmdvVG1wWXBtQ1RRL29ST3B4LzZ2Wllmbi9vVDZMbDNWMC9iRUdqRXRKMXV4dExlYzg4OTU5enp1dWRjNVhOYno0TTJ1eU9SbUZBVlExTmwvU1IrcGlCcGVFN1ZqWEVoTlg4TUZ4T0pYcHQ5WnlvN1A0c0YrYWdzWkhyc1hkeFFrQTM0ZlVOY29LZDMwTkdldzdvdVpEQjJ0Q1ppZU1sdTR4ejlpVGtBek9pemdxUVk4QmRMQVhFWnFFcUdwQ3BScFV3LzQraEtST05UaWpncEdOamV4Yk5jME1QNlBSem5hRXRNNWZJemsvWTJqdVU1THVUb0JyeVlJV2hHWE1waGV5c0xqNk05b1FuS1BDQWhOdWpZWjdGOHJJQzFZc3pRSkNWelhNMWtIUjJ3TUw2a0FGWnZiRzU2L0JobkVpU3NXRC9IK2YwT3UyQVlxYXpkYldEZE1DY0R2QStuUkM3a1N2ckVrTXZIQlhsWEtDMTZYVUl3N1JmVFhKSk5CMFRIYm92aFVWWExVVTQ3RTZkVmJUNG1HUmlZdGZoQndBNnlDYnExL1Z3b3hIdUdQQnpMckN4ZkxGMit3SEI4bUdYRGRCZWlNU2RvQXI5OGNJZHR4NDRkbjhORHZzblRqZURqUkt5b0d6am5Ca0xDSUhNS2F6cm9jTlRuWnNtL1FXYWlJQnNGRFk4cXVHQm9nanpJekJXU3NwUUMwOFhWZWF5TUpvTkJ3Wi95QjdpUTE0ZlpvWkNkRU45WFE1Tit4SVdrakZ0Z1puOWw1RDZKYzZvQmVyUllkajZSazJPcExNNEpPK0Z0VWtxbmY2QUp1UmFiYmJkRnpNSWpNbmNTVW0ydDhQSEozcEZIbDNJeXMyREozY2U1MlQ0R0t5bFZCTktqZlFVajdlSUNmWTlHZG5XTkxPbGhuVEpnWUlXaWovYjFtUy9oSlhqUEdrWSs3UEVzTGk2NkY3MXVWY3Q0ZUpibFBFL01IamVGS3VQbWRCRjJBSVExeGFLbXUzSVNPS0N1cGcxWFNzMkZBYzlsWXZVQlY0WWhmTEdNYzFneEdFWEk0ZEUrdW4vT25EWG5ZVjFleGt2eFloNWJVQk91UThEQVpxckFyY2lOaVF0Q0NvL2pqS1QwTVFhUUdPMGpTNm1UOWpHbUtHRnc3Z3cyVHNBQ1BRL1laUE01U1ltbVVnVU5kZzg2ODN3cEQ1QURZcWxwTENaeFNnWkhKU0hjM0wxTUNzWGpVazR5cHRXQ2R1SWI0VExkZEM0a2RUYU55U3lrNzJ4bE05OEFtNmJ1SmhxZkxlakdSQmFuNXB2SWcrNERyTk5zRnMwMVBCeks1RVJzWHBTVU9UUXZRdUNNUEVuUDhhWnhPQ1hJa3Roa0htUGkwK0MwVFdZU0V5QUJGNlBhR09IVjVLM01LQXRFYmFSOHVTK2NSanliajBzS2F6eGFLZENTYUp2ejJhQmxsUkREUmtXU0dkMkN3S3hXd0JVNEtVRXJKVTNsWkMvUFBxN2ppWUttQWVYamFrb2dDSFR4UFJ6OHFhd3FwWEREYm5QQ1VubFVVSkpxUVJHeFdOWEJ2ZXpXMUJJdFd5SnRkcWlmL3RvK0lrS3BsZEhDNXBlUSt6cDFqclhHSlBGbGE4cU1YQXRXQ1RSUzFYZDVLNlllR1VzMFNTeHJ0cXBhVFYyTWFpTFdxR0lzdkt5Z1QyUUZKWU5CUVpLaVk4MEEvVlRWV2xNblJVS2hFVS90dUE3SkxIUWlQR3ZpV01NS1NtT2hRb2x0QWxiUmE4dU5pQTlRNndCYjRrMUhPTDRlY1hveklrbjlFYmFLUnNjVnJQcERPK0lMakhnYVFGdWdsa2syUUNxWU5XY25RYXNkMXVDVXo3NUlrS0JVUm8wWWxEUlhRV2tRdjN6MFJMeEVuc3BvRThKMEpGQ0RVS09tU3VLUGNHQ2Y2cWlDVUpPM0l4eW9wM1pjNHcvVnhFc0oxUUVxYUhXcGsyeXFIdEJBcmliNVJXaFh5dkVlTDF1bVhUdGJEbTNUL2EyUXJvdVhFVTlEQUVkYVNYZlUwRFdSWHFrdE1TczhyV3J3SlNua2E3d2d5V0puNGlSZWtBZ0s2UWc3NEVGV2QvaTU5ZXgwZEVLVFMvclFFMUg3bm5KbkcyQWJXK2ROVGJiVmZGc3ROUWZOS0NFMG9acWR0OWt1UXljT3kvRXoySEhJYW5qSENvWTZscy9MeGFsY0Vvc0VOcUhyRTdLZzZ4bEhUN254eHlUalpnRFNtUmd6RENHVkJZcGZzY1B1UmFpbFIrejF3V2RQTDRJRy83aVV5UnJqNnRLNGhvWDVLWVVvWE13Q1docXdXcEdOWXJXZkFsWEJSRllVa1oxQ1d1TjR5YkR2MnpqNy9OcXRUMWVXYi83ejdndnI3MTlhZS9keTZiTVhBR2tYUmRvVlZTWmtDVkl3ZktibTdhL1pSRFZWSUNuWkRjZmJsSm1keDRzejRwSCtRcW9zUmtLVUZzcnZjMnArWEJXTC9RTnUzU2hDNnl4S2VsNFdpcVA5L2NOZm5WSVVlbVZZdkNVeEVUMUFCSFkrYU85ZXZiVzgvdnNyR3hmUHJyOUZObkxBZ3ZlczNMNWR1bmg5L2NQenE3ZXZyRis3Q2xOT2Eyb2ZUQkg0MWVYVmwxOWZQZit6dFZmZVhYdm5KVUE0YkNGWXR5MEFlY2lDdEpmdXZCcGQrK3kzQUJxd1FIdE1wSCtjUFZ1ZGMvWHNvZHF2V0tXbjE0WnN2Ylk5b3BnaGJ5SUt3dW91eDg0RWNVTGlxb0poN3k3Qzg2Um5kdlpKanlpQ00xYWN0RzNIbjZVWHJ2L3RMeDNrQnNXOEhBTFFlS3Z6NXQ4N2dNU01maElMWWxTUmkrUjZKNjZxa0ZqeWR0ZVpqVHUvV24zNTRsTk02YVc3cFJmZlgzM3R4dXIxbjRLMXoyeGN2MGJocTh2bk5xNjlYVHIzVHVtRFQweVBJVDVtQTlGRklydXFwS2p4NDQ4YmtweVl5TTZETmVKcUppTmo2bE9TTEJsRllqVWlEaFUxa2NyT1Y2ZjZCNW02U2JBcHlRRmo0S3o5QTJBNEVTR2lJanUxcWQwSk5qWWtLRGxja0VreVN0aFE4OE1MRlZyaFljdWhPMERmdFJIYlRZS3ZlbnUyWjBJbzZGaW5lWkdlYkJsSCs5ZlRCMGpXcFNwaVVqWjFzTnZJU3JvYnNsd0JVN2VER094dGM3UnRhYmpPVFhhYkpvNVFaN1pwRVEwVEIzQWVxRi9zUEZpeHRmTTdGUnM3SFZtbjg5ODFxSk94ejkyREpVSFE3ZXhJcHJhMm92UFExelNnc3kvalBKeHhmdmNyVzhmNTBOWTJjVDdjb05EK2loR2NSMnEwL3lqSTBncEh3WXdlaTVXREZOUzhsZGErMlAramNYSmNiT1AvdFpPYk5kZHlqNXBybzhMQTNvaXl5TDNxSVVKb25KVFRHWEhQdnYyZGtMODNub2NjZGg2eExHSTV4UEtJOVNMV2gxZy9ZZ09JRFNKMkNMRWh4TEdJNHhESEk4NkxPQi9pL0lnTElDNkl1Q0hFaFJEUElwNURQSTk0YnpOb2Z1dVJsdjJaN1I0eko5cHJ0dW44SHRuYjZQMlhBL0UreFBzUkgwQjhFUEZEaUE4aEw0dThIUEx5eU90RlhoL3krcEUzZ0x4QjVCMUMzaER5c2NqSElSK1BmRjdrOHlHZkgva0N5QmRFdmlIa0N5RS9pL3djOHZQSTcwVitIL0w3a1QrQS9FSGtIMEwrMEgrNy9HQ3owVzF0ZGkrUGFkZk9IamozZW5lSWFJcEVuWE5ndTBqNzR2eGtCdE9XK2FrNmRiK2l6SFMvLzVIUVF2OFByZjg0K2U5M2FCMnpxdEVXenMyQzEwZk5JWWJYeDZ4YWxIYTlwQllsVVhHYVJ1S0RkaHZyL0RicERjNVEvQWN5OFBxVStRYVJpYXkzRHRKUlFGdGhjcWc1dmdIYlZqdGxNVWUxTUp1TEJtRWpSS0FPNmRoTm92VVVPY09QU2xnVzdhMFRxb2dkdStnTkZmUXBKckNUQUNmSXJacnB1dDE3b2RoMk1hNktBOEI3OThhNXk2VXJGMHEzTHF5K2RhR3RkTzZqbFR1dnRxMis4WlAxbTdmYVNtZnZycjE0czdmMDRTMG9LenlyYjF3bzNiNEtiMnQvdkZKYS9yQWIva3FYcmtGbnNIYmxwM3ZYejc4SDdjUHFtemRXZjcyODh1a2JxemR1N2kyOStUR0FWajY3UkNadTNBVGN2U2J5Mm52UHIxMjd1M0w3MHNxZGo3cGhjdjNDNWZYZi9ITGxUeC9ZYVdPM3I5dkcyc0R2V0J0djg5cDhOcjh0WUF2YWhteWhOa2hYTE11QkIzVFhHaFNVZ2tGREJ4MEhvTzFkT282VmpKRTlRWFFBRFpOdWRtTXpreGdxL0JrWVlVSEwwbGM2bTNYc1RoQjF4YkpTMmpnbUtlTE9nUi9Gb0dlZUUxTHUwemc1dFpUWHNLNjdvWlBOcVlxYlpObEg2dEFIbVcyeHE3K3dCdDFldDVkemMxLytFNnRTa09VZGpvT0pTV2pVcGhRRGExZzhyV3FpSGswK1hkMUhWK0kwMUpUYXJLRE5ZK2lLU1JPVEFkWlpXdXhpV3BxTnBReHBBYy9NVHBHMnVkeFVrNVV6NVIvbXM0NjlDYk1EajZ1UDUvTllteEIwbktVOTBSemdMZ0xYTFUrYUo3L3dwREdXakdnY2VpcGRWV1p4VHQxODNqUWliSHZxQk5LeUtoaGhHYWVOWWF0dERVdUtMQ25ZbFpUVjFQeHdYaERKNzc1aHR2NHc2akNMWlVkSHRiT3puNVpFSTN2QXZPb29mcC84YXUzb3FDcWxOWEVvTm81K2pNek9iUjRYQzNuN0x4QXRrUTNKa0dtSkxLV1pJOVdpMlMxVEYyTWlvd3pQc3N6RER6UFZPZWJRS05QZlAvQXMwOFhVUWtkckJtNjlrRFJ2djQrd2c0VEN3RERUOWR4dzE0S2dNV3A4eVFEa2JWdjlSdjNKUXBMbzd6SFE3Z0NWa2hJQUdZZ25EVHhMUm01SlViQkd2QllJbS8rZndaMm03ZGVSSDhZU3MzcUdldHVNa2k4WUVEM1UzUWFaVFp1MUJIMU9wSmNvcmM3aE9uMDZSOUZaUkM5S1RHOHgwOVVEWjBwdnYxUDYzZnNiUDMrMTlNSHJUNVUrL2tQcDZwdHJyN3hMRGZ5S3JXeEJoczh2TVJ3TEgrV1hZU2FseXFvV1BzeXk3RENUSkIycVJvcjJNSFA0Nk5HcG9iSEFNSk5XRmNPMWlNbGRSNWhKcXJJSWVDcTVKUTR6SEZEUlZXaGtHUkZDSktNSnhXRm1NU3NaMkVWL1dnZ3ppcnFvQ2ZueUFwY21pRkpCRHpOZVlDeWk5bW8rVjh0cDF3OER2WnlwV1pxcEYrdUh6OVlQejVsaDA5cERvK2FRZlZmWmhSVlZ3Y1BpdndEdFo5bEhMaU1BQUE9PSIgQ29ycmVsYXRpb25CaW5kaW5nPSIiIFVybEVuY29kZT0iVHJ1ZSIgLz4NCiAgICAgICAgPEZvcm1Qb3N0UGFyYW1ldGVyIE5hbWU9Il9fVklFV1NUQVRFIiBWYWx1ZT0ie3skSElEREVOMS5fX1ZJRVdTVEFURX19IiBSZWNvcmRlZFZhbHVlPSIiIENvcnJlbGF0aW9uQmluZGluZz0iIiBVcmxFbmNvZGU9IlRydWUiIC8+DQogICAgICAgIDxGb3JtUG9zdFBhcmFtZXRlciBOYW1lPSJfX1NDUk9MTFBPU0lUSU9OWCIgVmFsdWU9Int7JEhJRERFTjEuX19TQ1JPTExQT1NJVElPTlh9fSIgUmVjb3JkZWRWYWx1ZT0iMCIgQ29ycmVsYXRpb25CaW5kaW5nPSIiIFVybEVuY29kZT0iVHJ1ZSIgLz4NCiAgICAgICAgPEZvcm1Qb3N0UGFyYW1ldGVyIE5hbWU9Il9fU0NST0xMUE9TSVRJT05ZIiBWYWx1ZT0ie3skSElEREVOMS5fX1NDUk9MTFBPU0lUSU9OWX19IiBSZWNvcmRlZFZhbHVlPSIwIiBDb3JyZWxhdGlvbkJpbmRpbmc9IiIgVXJsRW5jb2RlPSJUcnVlIiAvPg0KICAgICAgICA8Rm9ybVBvc3RQYXJhbWV0ZXIgTmFtZT0iX19FVkVOVFZBTElEQVRJT04iIFZhbHVlPSJ7eyRISURERU4xLl9fRVZFTlRWQUxJREFUSU9OfX0iIFJlY29yZGVkVmFsdWU9Ii93RWRBTm9CcjFWdzlhR0JDM3Izaks5THh3cG1ENlY3ODMxcUZvOVJHMFlxOFdiZkErZWg0K2VtWjQrcCtIWWZtNzdMOUo3b0QvaHB2dVhuTjdObG9OMnREMDVhQ2p6bWx0YVVNN2FFQU4rZzljUC9tMTB6ejc1UE9FY3ZDazlGcGNyU3FHL0UrV0tlaVhSVmpEUVJxMzZZTjRWelRYWGNkbzBLWW85ZkMxSWd3bStXbkNySjRZNHMrWDNpN2JwV1pKS3FsZWoxbE1YeVdHaU1mL2RzdHNkK3pkeXRJaHFNdloxRXlYTUFsejJ3Q215c3c3ZmZYaE5pWERzQXhRY0xHc1ZnMERmNFp2Z3k3NjI2anBLSDUxY2thdUtTWDZRUEJhVWUzNlVFdVdqd3lwclk3WVFuaFhvdUdCS3VBaG12WGgzZURzcVN6RC9jdXdXYzMxTTJiU29JVWYxRXExSkRPN2NKQUd1cnRqa3NPU2lkQmZ0VklVVnE1SlZkN2djcjZnRW9BTkhQZlpKbS9IajhVZDZUWHAxVUdKbVo3dHZweHdWa0tVRjZ2UHhqU0lYRm4vdmlrOHdxN3QrTmhUOERQeUFUSmd2RkQzSzVVK3Z4b0N4TGlVcWM3bmhWVVd0amt2N0JmQWViSmdpbEVFTnBFbkxxNWdyODkybmVSYU1odTZVcDQ4T2RZUERxTFJTWFhqZ0pxNmVSTFNGd1pIakMxUGpBKzBSV3F0OGRsWEhjbFhXRFFZTXJTN08vYU5kdXhMVWU3eHBoVC95eEFlRDJVK1ZqckxrcDJtRlNJYWFDZUJ3OUhGdEN4UFAxUHk0Q0RRdEtPbWEwTlpmV1Fkd1ZLcUMva3hUS0FsUUtTd242MFd3N3pkQVluT09WRGRHSE4vVHI1YmdLUDZad1ovOE1RY0ZlRHNkQ0pHZGV3eWs1R3NIT3EwMkx0NFRFckdDMjlIQnlLVlAxUzFwcDAwSUM2Zi82L3lPelRaQUV4SWMwMHRyTmhGUlgxbjhPSFNLUkdIM0toNksxS3MyeEg4T2MvNFF3YmxoWmJOWXhqYlJZUjZMaURmSnRZdkluV1hUbkFHWnBKWTR6VEppMWc2UzExTTRBeVZQaW9mdHhNZjFOSThjUENsS0pJdjM2aGxhUGhVdWs3eW5McUpJMU5UcW5WSkZiWUlaUlExV0VBZ2NsaGZqWWEzbkQvaVVtcFJxVkRta3N6N2VMOVkvemdCSDRnSExlOFkyWnlDcDZabXV3RXJTTDZiT3huVkoyeDdLdmFYY1UydlgzU3NKTGRQL2ZmeFdUSUZ0Y3J0RGE2N3N0cmZrNzRiS0xQU2hnandzOUtmMi9UUU1zQ0Q1allTREVhOTJuMGFqZzFXYkVEWkR6VkcvMHcvVW5zcElvVm1lNk1GNUw3RStBUEJUUUhDSnF6SHVCK1dHMnpKSmZBVnFncFVqTTFlRnR4SFAwZVFYYU9mNnowM2pWZ0hPVmNsYmNZSjBkWlEvZkFiMkxoTlpKamtmeW9DcmppbnZSWCtjOXY3U2JBSVFEL25kNWg2c09RODNVbWZoZjZiTXB0NTRhaW5MbExjNlNNKzNkNWpIWXJud0tUbU54UFBhV3N2TG1maHgwTGh3bkNYR2xCb0xzS3BndURwTHpRaGYrbC9tTDEreWZqVVN6cUZ1eDdrSGpLd1hCekVoeHhmMGtkWjNuWHJScFZWWUpKRzVMdXM0RjhXYlZ0SXVrc3F3bEUvd25PeTJZeWh3eU1OZXNRNjRLM1M0VW1jVFJvZ2RwTzFBck9pM1N6VUVaaDd1elZ1cVlqcjFkM3prZ3RIanBUemhBb1laaVZPNVdZdDkzWm5odVZYTFlnVG1QQk5tNzlJczd3MVg1VHE2MExqc2JWdmI4Q1BOTVBDQmxOeUdnNXRsdmlUUGxwR2VSTnNsQktXKzRMQlhFNkFFNkVvVzFMRHdsdUlWOXF6NUpLUFplSkd3WU5EYTVUVlh1cHV6RXZyVkRibERidTcxQmdkR3ZRd3ErcDExU2NZTU1MZ2tvVjA1T1hsdm9sa3RqTFNFR3JJUzZXOHlWSEdqU3NoNEdPdWphN3hUaFNYQVZ2QXI3Q0kwY0NjWUpKK3k0NXVHS3AyeE1IRUNzTXFkVUJUVktRc0FuaUM5c1pDQnlFeUFoQStreXNVOTZIQzhJSVRNZGp0UW5ocGdSQkd6a1IrRHMxVXlXZW5mcHEvNDVpaEhRblVqUjJQYStGb3FKUGx1SEpYWUFjTDVkaWY0cjZxUVpER3lXN0JLOU8zTHZjYmZ6andNQmYycXg5OVRZa0phbnhobGRuNVJIcXNkSkJUbEZUQ2VJcUppbGxOUDlYK2FKNzd0ejVuNXUvOHcwNk5MeGNpOFE0N3ZVemNiWS8vb2ovUGZvTEJoNzhFaC9mckNpcVZOTm0zYUdTd3dwbUVDdndFb1RFRFlnTHZDUzlHdmxsRDNWb3lRVWNQSitJdk5iTjEzMWdWQkZBZmFZYVdxeFYrQWtLeEo3cFJaZmpZdG9tenlsSzlFQ3NqQWRTNE81bmo0eFppYmZHbU9vUkxqbExlOFpLdnlSZGlpSHZZVWp0dUtPd1BLUU9LY1lsRUZqOWY2aFFFVndkOHA0bzhZZnJBdFFjMkl6K1BLWEd1Q21XRVl0dXpvZ2dJUE92MkdpTzNwTWpHb0pMYU5BVFVPZ3V5NG5waEY3SDdTU3dLU2pFKzJPRDJFbjVIUGlsWlVyRDlna1h2R2lnZVhpRTVhWUd4Y2pkUittTGRDUDh2SytTU05SRTRzQ21ZdXFZT3Q0aVFwakFQNjBrd2E4YXZEZGRWMGlsUmJwNnMyNURIenNjZmFBSkpCbDRkSnNHMmlsei9UZlFjeHIrTFdhamZ1a3hNU2Q5T21LUHdFS2oxUGIyRGI0dEh2VW1qT1N6ZENRM3ZFa2U5YW5rUjYvcnJMaGYyMXhTV2I4aXlrSXVKR3grdlU5SXFOVGI1Q25RVlN3Mk1tTVBPb243QmhaSE9SUEVERGtzRHhkK2lXRzZ2VStDdEk1VVpDclRWVHFzQ1ZTalVhaE5RUitwSmgxekg5UmN4NXU5YnpLdTdzdXhyVllRTlE5N2FtL1BPNXJkblVhbG4xNkhzM0dwZXd4RGtNbkVvcStIYzd6b2VnMmk4N3RncER5L3YvTXVRNm9FcWJ3QSs5Vk1EMlVScHZLSVE4bEl6aThRdVAzaldmQ0M4a1NhcWEvamMrRUVMcE5vbW5reFBrWTJFekhSNUZzNzkxb3Jsb1ZHaHUwVFhoQzN5aVFDK1gvYW5mYVdEQmx3bks0TDFhQmQ3ckswQmtrdU84Z2M1QVVtaHVYUVFNa1NWaEhraUhTNm1hMHNqejFLby9vNUxBMTdSYWNmWGE3bjIxZ21Vd0NLS1ovdXljblZiTjlRNzZIdWJEMUFxdnFZZFE3KzhmRjBwZWhDUDRZQ25FOEFDM0QyWTM5VUhmODQxbUVVL3plMnBSbktQcFpGVHBOcDVhWFBiVlo1Zis0RzBHS2EyMFFxSWxkVlZHcFBEaFdwekxFYXJBNWR2aW9PZUJoWUE3WVF3YUFobTh1bEpPTTJoUmNxTEM5KzJWbjRDYnpwazhUbWZJM2pjOHg3eENvME5YYTdkRytHVDlmZVJVeUx1WXp6NEdhRFh5ZVNTY1RIZzdrSzFzN3h5dEtNVWJudnJFbTRXZ2dmR29uTnROTGd5cVV2dW9naFZOdSsybWFvVGY1ZVpsMHFlU05qSWZIdmM3aEVyWVJHcTFMalZjT2x6aUtYaHFlNXdIQlQ0dWNpZ1JxQzZqQmx3OWk4RllvN1F6MjBCYWRzRGtzajgrSnFmZ3ZLdDE2SXpKd3NwKzdhUkw2S1RKZ0RBbmo3elc3SkQ0SHdpcjVXODc0ZmN0ak5qK3p0V2VObUdOTnQ5SjQwNVcveGh5R3lDWHRadFRxTWQ0WDJvcG95cFZWdytUai9CVFdqZXAySEtjSmFFRHhyMjNBY3IvQzRMaHMzdXA5RVMyTkpMYVA3K1pqbllBdkt4cGRzT3AvUzZTcXpHUzdmai9zWTg4MWxSUmkwS3NTOXBXM0dBYlBDVDlMWVI0Z0JIejF1Q2pxa1hqSnY3SDlOaXZnMW5DNjlxdFNqU2M3OVBVdW40UHB5OUpKQStsWnhEUi8xMDZBREdxUUt1NWFBK3VLV2xCclVGMTl4VHNIZmRnWXFyS05Yc2ZxbXduTmJuYThsclFTOEFwOUlqUkxFVWlsWU5RZ0NJU2VVZmdDWDgwZ1VqbVF4WHJhaUd0NjBwTzA3NExzUUwraXhPUnkvcHhGWWFqcmZNdlQwVTFXQzhjSmNSRUxvcngwL2dKU2orMVM0RWJ6ZHN0czROcnRrNWtHT1hsS2t0eWV3K2tOcVNkanYwVUZlYmVUaEI1V2k2SlZ1dFBJMnFiTHVQMENNRGhDd3J2VldmSXNselJaTWl5cE9sMnM3Z01kOTBLNElFVDl2aXFPUGRGaHBDb0x0bkc0aTJ1a2YrMlNKNk5VRUZ1cEo2cW81SW56N0ljbFE2ZmtmNWpDcGE1Zjk2MTlnOEJxMWI1bUY3ZWlhNXNsZDEwaGtnTXE1dS9VTU05ZHVYdmZVUWJwV3BJZ3czZm15aEZyeVBNV1d0dytvZENxTS9MbllBSkdIWVYvZXVpVnBiR2hqTEVUR3NCYUU3SWxKQlc4bHMzS3VBTzV0TjhiK25TS2c0NVFnb1o2bHFEVVlVanZJd2x0YkhCYW5nNzJQTXgxVXNvdTUxajh0bCt5akRldjdzK2FoWTJRR21FTWs3SjdSaWhDd3djclNTRWdtZnRsQVNvRmNlSFRFSm15dlJreWFJcWVyeFRROU9qR1lHYk1IVGVPcGw4NjNsQlFPS0FlVmdOUUwzU3YyZzlFTCtCMTd0VzNFQTViZXNBUHFTZ0VKYm5ROFUyMmRwZS96Z3FzMEpHdTU2c1dwa2dSMkxYSHpCRVp4bTZHbmpKaXpNZ080OFVycHA0TmZhUmdzUUlTTDZwcUY2YjBlaUVSVHRUUldUd0gxaWt5bncxYXZCSUxyT0NZNWh3TXJJR01Qd3pDZjk4cHV5dWlaZVRGTW5rYUhraWx1eGlQcnRlU3llaTZrOWpkN2JlMTluc20zTTNvL3BlRVRGR1dYOFIrNnRDSTdtNG94NXdQaGw2aHRXVk5qZ1FzRFZieGZGUWtQVGRkK3l6NU1zSk8wYTlsSWpYdWFJVC9IcnhvZVBMQzIwSk1IcWdYSGxIMG9lK3NXbnJ2MUhVYThrT2xGeU05djQwUFJXOGdnMjVqak1FWmVPSWxmVXp0aElGVWJQcVljb0IzUjlWbjM4K0FWbjlXeCt1dFcrRDZOWmVoZEhiUlRiZVhaWDAwRkkrRE13QnkwU040OWNBNnQ5UE9WdzJ2eHFFTEZ0K1pkeGh1MU5Sd21jZkx6Sit5cDBoSTdWbmRYckhaRTN3aEtPVWhpWmFMd1BXU0d4cXc2VEdzM1ZGUG9yNnBPSFhEV1BsMzd5VW9XYjA3SEFzVGtPbUFZajNKb2FqNEVXZlhHOUhVY3hNbE1ReGJzbDFPTXFuRkRGQ2NQcW11c2VYSElYTG5CWG1UaTVuc0FaSkxqRVF1V3hodjh1ZkxxYld2WWMyd3lSTzUxYWNuMXNrNjNCbmVoVVBRT3N3b1FNU1UwZ1daRTFSanFSQ3pCUFo4a0ZSVkRXV1VOWHNOenVFQUpoTG5kdEFQYTJzVUdncWlQZ3Nrek1mNWNkc2kwY0dEY2d1ejRPdExJOFord0V6MFpCMkxMRjdlanpyTWVxMzllek9YaUN5OThNMXpBRUpTOS9UYm1HN296aXFRa05uajNHaXJDS0hGQ21CbjBwTjRxblViMXVtaDdNZFdTT3kySTFnNkZuSkFNaGZSMG5DeURteitlSy9QeVFtSlRBTWQxRG41ZHZuZWNvcEFTODB3b0F3ZmlOQ2JPNllrZXNYTGNWaG5YOVUxNGxCbndIZGRYUmR6bDZpd01ZaTRyS1RUazhSbm9WL21IK3Y1ZmR1d0Q4bWFWdHVkbkVFUEJjQ0NQRXVzaGdqY0Q3TnNZVnhTRUJjcDI3c1hwOE5aQ2xvejJvNlBiRmhYdi9IQ1VHeHRYbzJZd3VtTURsV2tuNWY1RVFrdzYrSEtoUm9iUUJVQ2N4SDFqZWRmelVrekc0UnhsbHJUVWxrZURkYjl1bFU5WlpZYU5kTy9vdz09IiBDb3JyZWxhdGlvbkJpbmRpbmc9IiIgVXJsRW5jb2RlPSJUcnVlIiAvPg0KICAgICAgICA8Rm9ybVBvc3RQYXJhbWV0ZXIgTmFtZT0iYnRuVGVtcFNhdmVJbnZpc2libGUiIFZhbHVlPSLmmqvlrZgiIFJlY29yZGVkVmFsdWU9Iuaaq+WtmCIgQ29ycmVsYXRpb25CaW5kaW5nPSJ7e0Zvcm1Qb3N0UGFyYW0xMy5idG5UZW1wU2F2ZUludmlzaWJsZX19IiBVcmxFbmNvZGU9IlRydWUiIC8+DQogICAgICAgIDxGb3JtUG9zdFBhcmFtZXRlciBOYW1lPSJoaWRHcmlkVmlld1N0YXJ0VGltZSIgVmFsdWU9Int7JEhJRERFTjEuaGlkR3JpZFZpZXdTdGFydFRpbWV9fSIgUmVjb3JkZWRWYWx1ZT0iIiBDb3JyZWxhdGlvbkJpbmRpbmc9IiIgVXJsRW5jb2RlPSJUcnVlIiAvPg0KICAgICAgICA8Rm9ybVBvc3RQYXJhbWV0ZXIgTmFtZT0idWNEYXRlU3RhcnQkdHh0RGF0ZSIgVmFsdWU9IjIwMTcvMDUvMTEiIFJlY29yZGVkVmFsdWU9IjIwMTcvMDUvMTEiIENvcnJlbGF0aW9uQmluZGluZz0ie3tGb3JtUG9zdFBhcmFtMTQudWNEYXRlU3RhcnQkdHh0RGF0ZX19IiBVcmxFbmNvZGU9IlRydWUiIC8+DQogICAgICAgIDxGb3JtUG9zdFBhcmFtZXRlciBOYW1lPSJ1Y0RhdGVFbmQkdHh0RGF0ZSIgVmFsdWU9IjIwMTcvMDUvMTEiIFJlY29yZGVkVmFsdWU9IjIwMTcvMDUvMTEiIENvcnJlbGF0aW9uQmluZGluZz0ie3tGb3JtUG9zdFBhcmFtMTUudWNEYXRlRW5kJHR4dERhdGV9fSIgVXJsRW5jb2RlPSJUcnVlIiAvPg0KICAgICAgICA8Rm9ybVBvc3RQYXJhbWV0ZXIgTmFtZT0iT1RUaW1lU3RhcnQkZGRsSEgiIFZhbHVlPSIwMCIgUmVjb3JkZWRWYWx1ZT0iMDAiIENvcnJlbGF0aW9uQmluZGluZz0ie3tGb3JtUG9zdFBhcmFtMTYuT1RUaW1lU3RhcnQkZGRsSEh9fSIgVXJsRW5jb2RlPSJUcnVlIiAvPg0KICAgICAgICA8Rm9ybVBvc3RQYXJhbWV0ZXIgTmFtZT0iT1RUaW1lU3RhcnQkZGRsTU0iIFZhbHVlPSIwMCIgUmVjb3JkZWRWYWx1ZT0iMDAiIENvcnJlbGF0aW9uQmluZGluZz0ie3tGb3JtUG9zdFBhcmFtMTcuT1RUaW1lU3RhcnQkZGRsTU19fSIgVXJsRW5jb2RlPSJUcnVlIiAvPg0KICAgICAgICA8Rm9ybVBvc3RQYXJhbWV0ZXIgTmFtZT0iT1RUaW1lRW5kJGRkbEhIIiBWYWx1ZT0iMDEiIFJlY29yZGVkVmFsdWU9IjAxIiBDb3JyZWxhdGlvbkJpbmRpbmc9Int7Rm9ybVBvc3RQYXJhbTE4Lk9UVGltZUVuZCRkZGxISH19IiBVcmxFbmNvZGU9IlRydWUiIC8+DQogICAgICAgIDxGb3JtUG9zdFBhcmFtZXRlciBOYW1lPSJPVFRpbWVFbmQkZGRsTU0iIFZhbHVlPSIwMCIgUmVjb3JkZWRWYWx1ZT0iMDAiIENvcnJlbGF0aW9uQmluZGluZz0ie3tGb3JtUG9zdFBhcmFtMTkuT1RUaW1lRW5kJGRkbE1NfX0iIFVybEVuY29kZT0iVHJ1ZSIgLz4NCiAgICAgICAgPEZvcm1Qb3N0UGFyYW1ldGVyIE5hbWU9ImRkbE9UVHlwZUlEIiBWYWx1ZT0iOSIgUmVjb3JkZWRWYWx1ZT0iOSIgQ29ycmVsYXRpb25CaW5kaW5nPSJ7e0Zvcm1Qb3N0UGFyYW0yMC5kZGxPVFR5cGVJRH19IiBVcmxFbmNvZGU9IlRydWUiIC8+DQogICAgICAgIDxGb3JtUG9zdFBhcmFtZXRlciBOYW1lPSJ0eHRPVFJlYXNvbk1lbW8kdHh0RGF0YSIgVmFsdWU9InRlc3QiIFJlY29yZGVkVmFsdWU9InRlc3QiIENvcnJlbGF0aW9uQmluZGluZz0iIiBVcmxFbmNvZGU9IlRydWUiIC8+DQogICAgICAgIDxGb3JtUG9zdFBhcmFtZXRlciBOYW1lPSJoaWRHcmlkVmlld1NlYXJjaFN0YXJ0VGltZSIgVmFsdWU9Int7JEhJRERFTjEuaGlkR3JpZFZpZXdTZWFyY2hTdGFydFRpbWV9fSIgUmVjb3JkZWRWYWx1ZT0iIiBDb3JyZWxhdGlvbkJpbmRpbmc9IiIgVXJsRW5jb2RlPSJUcnVlIiAvPg0KICAgICAgICA8Rm9ybVBvc3RQYXJhbWV0ZXIgTmFtZT0iaGlkR3JpZFZpZXdTZWFyY2hFbmRUaW1lIiBWYWx1ZT0ie3skSElEREVOMS5oaWRHcmlkVmlld1NlYXJjaEVuZFRpbWV9fSIgUmVjb3JkZWRWYWx1ZT0iIiBDb3JyZWxhdGlvbkJpbmRpbmc9IiIgVXJsRW5jb2RlPSJUcnVlIiAvPg0KICAgICAgICA8Rm9ybVBvc3RQYXJhbWV0ZXIgTmFtZT0iZnJhbWVBdHRhY2giIFZhbHVlPSIvVXRpbC9BdHRhY2hBZG1pbi5hc3B4P0F0dGFjaERCPUFhdHRlbmRhbnREQl9JVFJEJmFtcDtBdHRhY2hJRD10ZXN0MTAyMTE5NjI0ZWNkMTktYjRkOS00MTcyLTlmZDMtYTdmNWRmMWIwZjZkJmFtcDtBdHRhY2hGaWxlTWF4UXR5PTEmYW1wO0F0dGFjaEZpbGVNYXhLQj0zMDcyJmFtcDtBdHRhY2hGaWxlVG90S0I9MzA3MiZhbXA7QXR0YWNoRmlsZUV4dExpc3Q9IiBSZWNvcmRlZFZhbHVlPSIvVXRpbC9BdHRhY2hBZG1pbi5hc3B4P0F0dGFjaERCPUFhdHRlbmRhbnREQl9JVFJEJmFtcDtBdHRhY2hJRD10ZXN0MTAyMTE5NjI0ZWNkMTktYjRkOS00MTcyLTlmZDMtYTdmNWRmMWIwZjZkJmFtcDtBdHRhY2hGaWxlTWF4UXR5PTEmYW1wO0F0dGFjaEZpbGVNYXhLQj0zMDcyJmFtcDtBdHRhY2hGaWxlVG90S0I9MzA3MiZhbXA7QXR0YWNoRmlsZUV4dExpc3Q9IiBDb3JyZWxhdGlvbkJpbmRpbmc9IiIgVXJsRW5jb2RlPSJUcnVlIiAvPg0KICAgICAgICA8Rm9ybVBvc3RQYXJhbWV0ZXIgTmFtZT0idWNNb2RhbFBvcHVwMSRDbGllbnRXaWR0aCIgVmFsdWU9Int7JEhJRERFTjEudWNNb2RhbFBvcHVwMSRDbGllbnRXaWR0aH19IiBSZWNvcmRlZFZhbHVlPSIwIiBDb3JyZWxhdGlvbkJpbmRpbmc9IiIgVXJsRW5jb2RlPSJUcnVlIiAvPg0KICAgICAgICA8Rm9ybVBvc3RQYXJhbWV0ZXIgTmFtZT0idWNNb2RhbFBvcHVwMSRDbGllbnRIZWlnaHQiIFZhbHVlPSJ7eyRISURERU4xLnVjTW9kYWxQb3B1cDEkQ2xpZW50SGVpZ2h0fX0iIFJlY29yZGVkVmFsdWU9IjAiIENvcnJlbGF0aW9uQmluZGluZz0iIiBVcmxFbmNvZGU9IlRydWUiIC8+DQogICAgICA8L0Zvcm1Qb3N0SHR0cEJvZHk+DQogICAgPC9SZXF1ZXN0Pg0KICAgIDxSZXF1ZXN0IE1ldGhvZD0iUE9TVCIgR3VpZD0iNjhhMDU4ODEtZmNjYi00YWQ0LWFlNWItZjMyMzFmOTU0N2I4IiBWZXJzaW9uPSIxLjEiIFVybD0iaHR0cDovLzEwLjExLjM2LjExNDo4MDA3L092ZXJUaW1lL092ZXJ0aW1lUHJlT3JkZXJfTW9kaWZ5LmFzcHgiIFRoaW5rVGltZT0iNSIgVGltZW91dD0iMzAwIiBQYXJzZURlcGVuZGVudFJlcXVlc3RzPSJUcnVlIiBGb2xsb3dSZWRpcmVjdHM9IlRydWUiIFJlY29yZFJlc3VsdD0iVHJ1ZSIgQ2FjaGU9IkZhbHNlIiBSZXNwb25zZVRpbWVHb2FsPSIwIiBFbmNvZGluZz0idXRmLTgiIEV4cGVjdGVkSHR0cFN0YXR1c0NvZGU9IjAiIEV4cGVjdGVkUmVzcG9uc2VVcmw9Imh0dHA6Ly8xMC4xMS4zNi4xMTQ6ODAwNy9PdmVyVGltZS9PdmVydGltZVByZU9yZGVyLmFzcHgiIFJlcG9ydGluZ05hbWU9IiIgSWdub3JlSHR0cFN0YXR1c0NvZGU9IkZhbHNlIj4NCiAgICAgIDxFeHRyYWN0aW9uUnVsZXM+DQogICAgICAgIDxFeHRyYWN0aW9uUnVsZSBDbGFzc25hbWU9Ik1pY3Jvc29mdC5WaXN1YWxTdHVkaW8uVGVzdFRvb2xzLldlYlRlc3RpbmcuUnVsZXMuRXh0cmFjdEhpZGRlbkZpZWxkcywgTWljcm9zb2Z0LlZpc3VhbFN0dWRpby5RdWFsaXR5VG9vbHMuV2ViVGVzdEZyYW1ld29yaywgVmVyc2lvbj0xMC4wLjAuMCwgQ3VsdHVyZT1uZXV0cmFsLCBQdWJsaWNLZXlUb2tlbj1iMDNmNWY3ZjExZDUwYTNhIiBWYXJpYWJsZU5hbWU9IjEiIERpc3BsYXlOYW1lPSLmk7flj5bpmrHol4/mrITkvY0iIERlc2NyaXB0aW9uPSLmk7flj5blm57mh4nkuK3nmoTmiYDmnInpmrHol4/mrITkvY3vvIzkuKblsIflroPlgJHmlL7lnKjmuKzoqablhaflrrnkuK3jgIIiPg0KICAgICAgICAgIDxSdWxlUGFyYW1ldGVycz4NCiAgICAgICAgICAgIDxSdWxlUGFyYW1ldGVyIE5hbWU9IlJlcXVpcmVkIiBWYWx1ZT0iVHJ1ZSIgLz4NCiAgICAgICAgICAgIDxSdWxlUGFyYW1ldGVyIE5hbWU9Ikh0bWxEZWNvZGUiIFZhbHVlPSJUcnVlIiAvPg0KICAgICAgICAgIDwvUnVsZVBhcmFtZXRlcnM+DQogICAgICAgIDwvRXh0cmFjdGlvblJ1bGU+DQogICAgICA8L0V4dHJhY3Rpb25SdWxlcz4NCiAgICAgIDxDb3JyZWxhdGlvbkV4dHJhY3Rpb25SdWxlcz4NCiAgICAgICAgPEV4dHJhY3Rpb25SdWxlIENsYXNzbmFtZT0iTWljcm9zb2Z0LlZpc3VhbFN0dWRpby5UZXN0VG9vbHMuV2ViVGVzdGluZy5SdWxlcy5FeHRyYWN0Rm9ybUZpZWxkLCBNaWNyb3NvZnQuVmlzdWFsU3R1ZGlvLlF1YWxpdHlUb29scy5XZWJUZXN0RnJhbWV3b3JrLCBWZXJzaW9uPTEwLjAuMC4wLCBDdWx0dXJlPW5ldXRyYWwsIFB1YmxpY0tleVRva2VuPWIwM2Y1ZjdmMTFkNTBhM2EiIFZhcmlhYmxlTmFtZT0iRm9ybVBvc3RQYXJhbTEuYnRuUXVlcnkiIERpc3BsYXlOYW1lPSIiIERlc2NyaXB0aW9uPSIiPg0KICAgICAgICAgIDxSdWxlUGFyYW1ldGVycz4NCiAgICAgICAgICAgIDxSdWxlUGFyYW1ldGVyIE5hbWU9Ik5hbWUiIFZhbHVlPSJidG5RdWVyeSIgLz4NCiAgICAgICAgICAgIDxSdWxlUGFyYW1ldGVyIE5hbWU9Ikh0bWxEZWNvZGUiIFZhbHVlPSJUcnVlIiAvPg0KICAgICAgICAgICAgPFJ1bGVQYXJhbWV0ZXIgTmFtZT0iUmVxdWlyZWQiIFZhbHVlPSJGYWxzZSIgLz4NCiAgICAgICAgICAgIDxSdWxlUGFyYW1ldGVyIE5hbWU9IkluZGV4IiBWYWx1ZT0iMCIgLz4NCiAgICAgICAgICA8L1J1bGVQYXJhbWV0ZXJzPg0KICAgICAgICA8L0V4dHJhY3Rpb25SdWxlPg0KICAgICAgICA8RXh0cmFjdGlvblJ1bGUgQ2xhc3NuYW1lPSJNaWNyb3NvZnQuVmlzdWFsU3R1ZGlvLlRlc3RUb29scy5XZWJUZXN0aW5nLlJ1bGVzLkV4dHJhY3RGb3JtRmllbGQsIE1pY3Jvc29mdC5WaXN1YWxTdHVkaW8uUXVhbGl0eVRvb2xzLldlYlRlc3RGcmFtZXdvcmssIFZlcnNpb249MTAuMC4wLjAsIEN1bHR1cmU9bmV1dHJhbCwgUHVibGljS2V5VG9rZW49YjAzZjVmN2YxMWQ1MGEzYSIgVmFyaWFibGVOYW1lPSJGb3JtUG9zdFBhcmFtMi50eHRPVEVtcElEIiBEaXNwbGF5TmFtZT0iIiBEZXNjcmlwdGlvbj0iIj4NCiAgICAgICAgICA8UnVsZVBhcmFtZXRlcnM+DQogICAgICAgICAgICA8UnVsZVBhcmFtZXRlciBOYW1lPSJOYW1lIiBWYWx1ZT0idHh0T1RFbXBJRCIgLz4NCiAgICAgICAgICAgIDxSdWxlUGFyYW1ldGVyIE5hbWU9Ikh0bWxEZWNvZGUiIFZhbHVlPSJUcnVlIiAvPg0KICAgICAgICAgICAgPFJ1bGVQYXJhbWV0ZXIgTmFtZT0iUmVxdWlyZWQiIFZhbHVlPSJGYWxzZSIgLz4NCiAgICAgICAgICAgIDxSdWxlUGFyYW1ldGVyIE5hbWU9IkluZGV4IiBWYWx1ZT0iMCIgLz4NCiAgICAgICAgICA8L1J1bGVQYXJhbWV0ZXJzPg0KICAgICAgICA8L0V4dHJhY3Rpb25SdWxlPg0KICAgICAgICA8RXh0cmFjdGlvblJ1bGUgQ2xhc3NuYW1lPSJNaWNyb3NvZnQuVmlzdWFsU3R1ZGlvLlRlc3RUb29scy5XZWJUZXN0aW5nLlJ1bGVzLkV4dHJhY3RUZXh0LCBNaWNyb3NvZnQuVmlzdWFsU3R1ZGlvLlF1YWxpdHlUb29scy5XZWJUZXN0RnJhbWV3b3JrLCBWZXJzaW9uPTEwLjAuMC4wLCBDdWx0dXJlPW5ldXRyYWwsIFB1YmxpY0tleVRva2VuPWIwM2Y1ZjdmMTFkNTBhM2EiIFZhcmlhYmxlTmFtZT0iRm9ybVBvc3RQYXJhbTMuZGRsUXVlcnlDb25kaXRpb25zIiBEaXNwbGF5TmFtZT0iIiBEZXNjcmlwdGlvbj0iIj4NCiAgICAgICAgICA8UnVsZVBhcmFtZXRlcnM+DQogICAgICAgICAgICA8UnVsZVBhcmFtZXRlciBOYW1lPSJTdGFydHNXaXRoIiBWYWx1ZT0icyZxdW90OzpbJnF1b3Q7IiAvPg0KICAgICAgICAgICAgPFJ1bGVQYXJhbWV0ZXIgTmFtZT0iRW5kc1dpdGgiIFZhbHVlPSImcXVvdDssJnF1b3Q7MSZxdW90OyIgLz4NCiAgICAgICAgICAgIDxSdWxlUGFyYW1ldGVyIE5hbWU9IkluZGV4IiBWYWx1ZT0iMCIgLz4NCiAgICAgICAgICAgIDxSdWxlUGFyYW1ldGVyIE5hbWU9Iklnbm9yZUNhc2UiIFZhbHVlPSJGYWxzZSIgLz4NCiAgICAgICAgICAgIDxSdWxlUGFyYW1ldGVyIE5hbWU9IlVzZVJlZ3VsYXJFeHByZXNzaW9uIiBWYWx1ZT0iRmFsc2UiIC8+DQogICAgICAgICAgICA8UnVsZVBhcmFtZXRlciBOYW1lPSJIdG1sRGVjb2RlIiBWYWx1ZT0iVHJ1ZSIgLz4NCiAgICAgICAgICAgIDxSdWxlUGFyYW1ldGVyIE5hbWU9IlJlcXVpcmVkIiBWYWx1ZT0iRmFsc2UiIC8+DQogICAgICAgICAgPC9SdWxlUGFyYW1ldGVycz4NCiAgICAgICAgPC9FeHRyYWN0aW9uUnVsZT4NCiAgICAgICAgPEV4dHJhY3Rpb25SdWxlIENsYXNzbmFtZT0iTWljcm9zb2Z0LlZpc3VhbFN0dWRpby5UZXN0VG9vbHMuV2ViVGVzdGluZy5SdWxlcy5FeHRyYWN0VGV4dCwgTWljcm9zb2Z0LlZpc3VhbFN0dWRpby5RdWFsaXR5VG9vbHMuV2ViVGVzdEZyYW1ld29yaywgVmVyc2lvbj0xMC4wLjAuMCwgQ3VsdHVyZT1uZXV0cmFsLCBQdWJsaWNLZXlUb2tlbj1iMDNmNWY3ZjExZDUwYTNhIiBWYXJpYWJsZU5hbWU9IkZvcm1Qb3N0UGFyYW00LmRkbE9UU3RhdHVzIiBEaXNwbGF5TmFtZT0iIiBEZXNjcmlwdGlvbj0iIj4NCiAgICAgICAgICA8UnVsZVBhcmFtZXRlcnM+DQogICAgICAgICAgICA8UnVsZVBhcmFtZXRlciBOYW1lPSJTdGFydHNXaXRoIiBWYWx1ZT0iJnF1b3Q7MCZxdW90OywmcXVvdDsiIC8+DQogICAgICAgICAgICA8UnVsZVBhcmFtZXRlciBOYW1lPSJFbmRzV2l0aCIgVmFsdWU9IiZxdW90OywmcXVvdDsyJnF1b3Q7IiAvPg0KICAgICAgICAgICAgPFJ1bGVQYXJhbWV0ZXIgTmFtZT0iSW5kZXgiIFZhbHVlPSIwIiAvPg0KICAgICAgICAgICAgPFJ1bGVQYXJhbWV0ZXIgTmFtZT0iSWdub3JlQ2FzZSIgVmFsdWU9IkZhbHNlIiAvPg0KICAgICAgICAgICAgPFJ1bGVQYXJhbWV0ZXIgTmFtZT0iVXNlUmVndWxhckV4cHJlc3Npb24iIFZhbHVlPSJGYWxzZSIgLz4NCiAgICAgICAgICAgIDxSdWxlUGFyYW1ldGVyIE5hbWU9Ikh0bWxEZWNvZGUiIFZhbHVlPSJUcnVlIiAvPg0KICAgICAgICAgICAgPFJ1bGVQYXJhbWV0ZXIgTmFtZT0iUmVxdWlyZWQiIFZhbHVlPSJGYWxzZSIgLz4NCiAgICAgICAgICA8L1J1bGVQYXJhbWV0ZXJzPg0KICAgICAgICA8L0V4dHJhY3Rpb25SdWxlPg0KICAgICAgPC9Db3JyZWxhdGlvbkV4dHJhY3Rpb25SdWxlcz4NCiAgICAgIDxRdWVyeVN0cmluZ1BhcmFtZXRlcnM+DQogICAgICAgIDxRdWVyeVN0cmluZ1BhcmFtZXRlciBOYW1lPSJPVENvbXBJRCIgVmFsdWU9IlNQSEJLMSIgUmVjb3JkZWRWYWx1ZT0iU1BIQksxIiBDb3JyZWxhdGlvbkJpbmRpbmc9Int7UXVlcnlTdHJpbmdQYXJhbTEuT1RDb21wSUR9fSIgVXJsRW5jb2RlPSJGYWxzZSIgVXNlVG9Hcm91cFJlc3VsdHM9IkZhbHNlIiAvPg0KICAgICAgICA8UXVlcnlTdHJpbmdQYXJhbWV0ZXIgTmFtZT0iT1RFbXBJRCIgVmFsdWU9IjEwMjExOSIgUmVjb3JkZWRWYWx1ZT0iMTAyMTE5IiBDb3JyZWxhdGlvbkJpbmRpbmc9Int7UXVlcnlTdHJpbmdQYXJhbTIuT1RFbXBJRH19IiBVcmxFbmNvZGU9IkZhbHNlIiBVc2VUb0dyb3VwUmVzdWx0cz0iRmFsc2UiIC8+DQogICAgICAgIDxRdWVyeVN0cmluZ1BhcmFtZXRlciBOYW1lPSJPVFN0YXJ0RGF0ZSIgVmFsdWU9IjIwMTclMmYwNSUyZjExIiBSZWNvcmRlZFZhbHVlPSIyMDE3JTJmMDUlMmYxMSIgQ29ycmVsYXRpb25CaW5kaW5nPSJ7e1F1ZXJ5U3RyaW5nUGFyYW0zLk9UU3RhcnREYXRlfX0iIFVybEVuY29kZT0iRmFsc2UiIFVzZVRvR3JvdXBSZXN1bHRzPSJGYWxzZSIgLz4NCiAgICAgICAgPFF1ZXJ5U3RyaW5nUGFyYW1ldGVyIE5hbWU9Ik9URW5kRGF0ZSIgVmFsdWU9IjIwMTclMmYwNSUyZjExIiBSZWNvcmRlZFZhbHVlPSIyMDE3JTJmMDUlMmYxMSIgQ29ycmVsYXRpb25CaW5kaW5nPSJ7e1F1ZXJ5U3RyaW5nUGFyYW00Lk9URW5kRGF0ZX19IiBVcmxFbmNvZGU9IkZhbHNlIiBVc2VUb0dyb3VwUmVzdWx0cz0iRmFsc2UiIC8+DQogICAgICAgIDxRdWVyeVN0cmluZ1BhcmFtZXRlciBOYW1lPSJPVFN0YXJ0VGltZSIgVmFsdWU9IjAwMDAiIFJlY29yZGVkVmFsdWU9IjAwMDAiIENvcnJlbGF0aW9uQmluZGluZz0ie3tRdWVyeVN0cmluZ1BhcmFtNS5PVFN0YXJ0VGltZX19IiBVcmxFbmNvZGU9IkZhbHNlIiBVc2VUb0dyb3VwUmVzdWx0cz0iRmFsc2UiIC8+DQogICAgICAgIDxRdWVyeVN0cmluZ1BhcmFtZXRlciBOYW1lPSJPVEVuZFRpbWUiIFZhbHVlPSIwMTAwIiBSZWNvcmRlZFZhbHVlPSIwMTAwIiBDb3JyZWxhdGlvbkJpbmRpbmc9Int7UXVlcnlTdHJpbmdQYXJhbTYuT1RFbmRUaW1lfX0iIFVybEVuY29kZT0iRmFsc2UiIFVzZVRvR3JvdXBSZXN1bHRzPSJGYWxzZSIgLz4NCiAgICAgICAgPFF1ZXJ5U3RyaW5nUGFyYW1ldGVyIE5hbWU9Ik9UVHhuSUQiIFZhbHVlPSJTUEhCSzExMDIxMTkyMDE3MDUxMTU1IiBSZWNvcmRlZFZhbHVlPSJTUEhCSzExMDIxMTkyMDE3MDUxMTU1IiBDb3JyZWxhdGlvbkJpbmRpbmc9Int7UXVlcnlTdHJpbmdQYXJhbTcuT1RUeG5JRH19IiBVcmxFbmNvZGU9IkZhbHNlIiBVc2VUb0dyb3VwUmVzdWx0cz0iRmFsc2UiIC8+DQogICAgICAgIDxRdWVyeVN0cmluZ1BhcmFtZXRlciBOYW1lPSJPVEZvcm1OTyIgVmFsdWU9IjIwMTcwNTExNjAxMDIxMTkiIFJlY29yZGVkVmFsdWU9IjIwMTcwNTExNjAxMDIxMTkiIENvcnJlbGF0aW9uQmluZGluZz0ie3tRdWVyeVN0cmluZ1BhcmFtOC5PVEZvcm1OT319IiBVcmxFbmNvZGU9IkZhbHNlIiBVc2VUb0dyb3VwUmVzdWx0cz0iRmFsc2UiIC8+DQogICAgICA8L1F1ZXJ5U3RyaW5nUGFyYW1ldGVycz4NCiAgICAgIDxGb3JtUG9zdEh0dHBCb2R5Pg0KICAgICAgICA8Rm9ybVBvc3RQYXJhbWV0ZXIgTmFtZT0iVG9vbGtpdFNjcmlwdE1hbmFnZXIxX0hpZGRlbkZpZWxkIiBWYWx1ZT0iOztBamF4Q29udHJvbFRvb2xraXQsIFZlcnNpb249NC4xLjcuNjA3LCBDdWx0dXJlPW5ldXRyYWwsIFB1YmxpY0tleVRva2VuPTI4ZjAxYjBlODRiNmQ1M2U6emgtSGFudDo3Yjk1ZWQxYS02YTNmLTQxZGQtYmM1Yi02M2YzOWVkYmM0YjQ6ZGUxZmVhYjI6ZmNmMGU5OTM6ZjJjOGU3MDg6NzIwYTUyYmY6ZjljZWM5YmM6NTg5ZWFhMzA6Njk4MTI5Y2Y6ZmI5YjRjNTc6Y2NiOTZjZjk6OGFkMTgxMDE6YTY3YzI3MDA6ODYxM2FlYTc6MzIwMmE1YTI6YWIwOWUzZmU6ODcxMDRiN2M6YmU2ZmIyOTgiIFJlY29yZGVkVmFsdWU9Ijs7QWpheENvbnRyb2xUb29sa2l0LCBWZXJzaW9uPTQuMS43LjYwNywgQ3VsdHVyZT1uZXV0cmFsLCBQdWJsaWNLZXlUb2tlbj0yOGYwMWIwZTg0YjZkNTNlOnpoLUhhbnQ6N2I5NWVkMWEtNmEzZi00MWRkLWJjNWItNjNmMzllZGJjNGI0OmRlMWZlYWIyOmZjZjBlOTkzOmYyYzhlNzA4OjcyMGE1MmJmOmY5Y2VjOWJjOjU4OWVhYTMwOjY5ODEyOWNmOmZiOWI0YzU3OmNjYjk2Y2Y5OjhhZDE4MTAxOmE2N2MyNzAwOjg2MTNhZWE3OjMyMDJhNWEyOmFiMDllM2ZlOjg3MTA0YjdjOmJlNmZiMjk4IiBDb3JyZWxhdGlvbkJpbmRpbmc9IiIgVXJsRW5jb2RlPSJUcnVlIiAvPg0KICAgICAgICA8Rm9ybVBvc3RQYXJhbWV0ZXIgTmFtZT0iX19FVkVOVFRBUkdFVCIgVmFsdWU9Int7JEhJRERFTjEuX19FVkVOVFRBUkdFVH19IiBSZWNvcmRlZFZhbHVlPSIiIENvcnJlbGF0aW9uQmluZGluZz0iIiBVcmxFbmNvZGU9IlRydWUiIC8+DQogICAgICAgIDxGb3JtUG9zdFBhcmFtZXRlciBOYW1lPSJfX0VWRU5UQVJHVU1FTlQiIFZhbHVlPSJ7eyRISURERU4xLl9fRVZFTlRBUkdVTUVOVH19IiBSZWNvcmRlZFZhbHVlPSIiIENvcnJlbGF0aW9uQmluZGluZz0iIiBVcmxFbmNvZGU9IlRydWUiIC8+DQogICAgICAgIDxGb3JtUG9zdFBhcmFtZXRlciBOYW1lPSJfX0xBU1RGT0NVUyIgVmFsdWU9Int7JEhJRERFTjEuX19MQVNURk9DVVN9fSIgUmVjb3JkZWRWYWx1ZT0iIiBDb3JyZWxhdGlvbkJpbmRpbmc9IiIgVXJsRW5jb2RlPSJUcnVlIiAvPg0KICAgICAgICA8Rm9ybVBvc3RQYXJhbWV0ZXIgTmFtZT0iX19WU1RBVEUiIFZhbHVlPSJ7eyRISURERU4xLl9fVlNUQVRFfX0iIFJlY29yZGVkVmFsdWU9IkFSK0xDQUFBQUFBQUJBRHRHdjF6RzhVMTJ2ajhGU2RPTTQwaFRTcGRuSUxqWWtsM3B5OWJ0Z1cyNDlSdTRzaEVJbUVtTUpxVGJpMGRQdDJKdTVOdERjTTB0SVNFaEpRd0VHZ0lMV1ZLQmdxVE5DMVRNRW1nL1JNNm5mN1EzMnY1NDZmK0NmVHQzdW5UTmdRYU1XMm5sL0hkN3R1MzcrMityMzF2bFM4Y25mYzdHR2NpTWFhcHBxNHB4bkg4ZEY3VzhiUm1tS05pYXZZSUxpUVNYUTVtV3lvek80VkY1YkFpcGp1WmRyNC94QVVEL240KzJOblY1MnpKWXNNUTB4ZzdleExUOEowMHBrUlpOZUV2bGdLYUNoQ1RUVmxUbzJxSmJOclpub2pHeDFYcGtHaGlwbDNnK0pDWEMzaDUzdG1jR00vbUpnOHh6VHduOFB5QXN3UHdZcWFvbTNFNWk1a21EaDVuUzBJWDFWbEFRbHpJdWR0bStXZ2U2NFdZcWN0cStxaVd6amhiWVdKOFFRV3NydGoweE9nUjNpSklXSEVCYVBpY2pHaWFxUXpqTWJGaFdvTjhBQStFdUZESzdmY2xrMjUvTU5YdkZtZVNBVGNuK1lSUVNBZ2wrL21RYzRmTjhMQ21aeW1uYlltVG1qNGJrMDBNekxZR1lJR3RaQk4wYTN2NGdRSEIyKy9sT1hacDhYeng0am1XRjhJY0Y2YTdrTXhwVVJlRnhYMWJIRnUyYlBrQ0h2SWxUd2VDMTdGWXdUQngxZ09FeEQ3MkJOWU5rT0d3MzhPUmYzM3NXRjR4OHpvZVZuSGUxRVdsajUzT0p4VTVCUnFMYTdOWUhVNkdRbUlnRlFqQ1Z2Mlk2eDlnQ1BIZFZUVHBLeTRtRmJ3VlJ2YVVlNTdqT0t1WklFZWJaZHZqV1NXV3l1Q3N1QTFhaCtTWm1SL3BZbmFydzdIREptYmprVFczRVZMTlRmRDZkTmZRd3d0WmhaMnoxOTNOZTdodUZxc3BUUUxTdzkxNWM4Yk5CN3Nmam14dkgxb3d3Z1psd01JTTFSanU3cllhNFFWb1owd3pGL1o2NStmblBmTStqNmFudlFMSDhkN0hwNDVhaXlyaFpnMEpkZ0NFZGRXbVpyaXpNaGlnb2MyWTdwU1dEUU9lMjhMcUJxNHNTL2hpQldleGFyS3FtTVhEM1hUL3ZEVnFqY084bklJWDRvVWN0cUVXM0FBL2djMVVnQnVSRzVIbXhCUWV4V2xaN1daTklESGNUYVpTSSsxbXJhV0V3YmpUMkR3R0U0d2NZSlBOWjJVMW1rcmxkZGc5eU16N2xUeGdIZUJMRFdOeENLY1VNRlRpd28zZHl5R3hjRlRPeXVhRWx0ZVBmU3RjSmhyT2hVVE1oakdaZ3FpZEtXL21XMkRUME4xRTQxTjV3eHpMNE5Sc0EzblFmWUIyR3MyaXNZcUhzNWljaUkzemtoS0h4bmtJbkpISDZUbmVNQTRuUkVXV0dzeGpSSG9LakxiQlRHSWlCT0JDVkI4aHZCcThsVWwxam9pTnBDLzNoTk9RZC8xeFNXSDFSeXNGMml2YTVIdzJhVm9seHJCWlhzbWtZVU5nVk0vak1weWtvT1dVcG55eWwwWWZNL0JZWHRlQjhsRXRKUklFT3ZrdUR2NVVScE5UdUc2M1dYR2gxTXVyU1MydlNsaXF5T0J1ZG10SmlhWXRrV1lHOHFlL3RneEprR3FsOWJEMUViUGZKTSt4NTFna3ZtcE9pWkY3ems2QmhpcnlMbTNGa2lOckwwMldTcEt0aUZiWDVxTzZoSFVxR0Jzdkl4cGpHVkZOWXhDUXJCcFlOMEUrRmJGVzVVbVJnWUVoYjNXL0JzbEtkQ0lDWitIWTNUSktmYUpDaWEwRFZ0Q3IwNDJJSDFCckFCdmlUVVI0b1JaeFlqMGlDZjBScm9KRysyV3Mya003NGc4T2VldEFHNkNXU05aQnlwaFZaeWRCcSs1VzRaVE92a2lJb0pSNzlSaVVORjlHcVZ0KzZlaUorTWg2eXIxMUNCT1JZQlZDbFpqS2dUL0NnMzRxdlRKQ1ZkeU84Q0NlNm42VlBWUUNMeVZVQXlpajFZUk9zcWxhUUIyNXF1QVhvVlVwTDNoOVhJbDI5V2pKdFMzenQxMjZ4bCtHdkhVT0hHa2kxVkZkMVVScXBlYkVsUGlVcHNOSFZzbG5OQzhyVWx2aU9KNlRDUXFwQ0Z2aFFYWjErSVg5YkhPMlFaRkw2dEJqVVdabnFiSU5jdldsODdvaTJ5Nis3WkthaDJLVUVCclRyTXJiS3BjQk5HS2FZaW9Eb0s5YklqY1R6dmhwQmtHVnZkOHVsMGZ5cGphU3l5bUY4V3dTU3dRMlpoaGppbWdZYVdkbjZkb0FrM2lkQmtoVElvWVhHQWZmaGREV1Rxa3JDTy9PTGdURi9sRTVuVEZIdFlWUkhZdXo0eW9SdnBTUnV0QU1ZRFVoQjhWcU9RRmlnNEdNSkNHR1FwcmllTUZrZHErZGZtN2w1bWRMaTlmL2VlZWwxUTh2ckx4L3NmajVTNEMwblNKdGo2cGppZ3poR042cFdlWU5oNlNsOGlROGUrQ29HN2NpOVdoaFVqcllrMCtWbHBHUTVMbFNlMXJMaldwU29hZlhZNWdGS0tNbDJjZ3BZbUc0cDJmdzYxT0tRdDBNa3pja0pxSDd5SUpkOXpNZHl6Y1hWMzkvYWUzODZkVjN5RWIyMnZET3BWdTNpdWV2cm41MGR2bldwZFVybDJISVpRL3RoaUVDdjd5NC9PcWJ5MmRmWEhudC9aWDNYZ0dFQXphQ2ZmTUNrQWRzU0V2eDl1dlJsYzkvQzZCZUc3VFRRdnJINmRPVk1YZm5UaXI5c2xZNnV4ekkwZVhZS1VscDBwSlFDR2EzTzdjbGlFRVNzeFZOcHFNQXp4UGVxYWtudkpJRWhsazIyT1l0ZjVaZnV2cTN2N1NTMnhUcm9naEFvMDJ1NjM5dkJSS1R4bkVzU2xGVktaQ3JucmltUVpESk1lNVRhN2QvdGZ6cStTZlo0aXQzaWk5L3VQekd0ZVdyTDRDMlQ2MWR2VUxoeTR0bjFxNjhXenp6WHZIR3A1YkZnUEhBZXlmNU9sczBOVVdWSDMvTWxKWEVXR1lXdEJIWDBta0ZVNXVTRmRrc0VLMlI1ZENsSmxLWjJjcFFUeDliTXdnNkpmRmdCSXkxcHhjVUp5RkVSTVJRblRJdTBMRXBRL3JoaHFpU1ZzT21saHVjSzlNS0Q5b0czUXJ5cnZiZUR1SktsWnUwbldOaTNzQUdqWkgwbEVzN1c3NlpQR0JsN1pvcUpSVkxCanZNakd4NElPTGxNVFU3OE1HdVptZnpob3ByVzZlM0NXSUlOV3Fia05BZ01RRFgzdHJKcm4xbFhidStYOWF4eTVseHVmNWRoYnBZWnZvdU5Ba0wzVXlQWkdoakxicjJmME1GdXJyVHJnTnAxdysrdG5aY0QyeXNFOWVEZFFMdEtTdkJkYkJLK2cvRFdwcmdXSmcwWXJHU2s0S1lONUxhbDl0L05FNk9qazNzdjNwd3ZlUzIzcVhrbXVsaVlHOUVXT1NPZFQ4aE5FcFM2N1MwYy9lZU5vamZhODlCRER1TE9BNXhQT0lFeFBrUTUwZGNBSEZCeElVUTE0KzRBY1J6aU9jUkx5RGVoM2cvNGdPSUR5SStoUGgreEE4Z2dVTUNqd1FCQ2I1RzBQenVRMXYzcERkN3JKaklWRzNUOVVPeXQrRjd2dzRrK0pFUVFFSVFDU0VrOUNOaEFQazQ1T09SVDBBK0gvTDVrUytBZkVIa0N5RmZQL0lOSUQrSC9EenlDOGp2UTM0LzhnZVFQNGo4SWVUdlIvNEJGT0JRZ0VjQkFRVjhLT0JIZ1FBS0JGRWdoQUw5S0REdzM3NSswTm53cGpxN204ZlNhMXNubkh0ZFd5UTBUcnpPMWJ1WnAzMTVmTEtjYWNQNFZCbTZWMTVtbWQvL2lHdWgvN3ZXZjl6Njc3VnJIYkd6MGEyOGh3T3JqMXBkRE0xSDdWeVVWc0FrRnlWZWNaSjY0djJNZzNOOWo5UUdweWorZldsb1BtbTF3RE9SM1dvbEZRV1VGUmFIcXVNYnNCM1ZRelp6VkExenVLa1Qxa05FYXBET0hjUmJUNUF6L0xDTUZZbHBHdE1rN054T2I2dWdUckdBYlFRNFJtN1lMTlB0MkFYSnRwdDFsdzBBMmgxclp5NFdMNTByM2p5My9NNjU1dUtaajVkdXY5NjgvTmJQVnEvZmJDNmV2clB5OHZXdTRrYzNJYTN3THI5MXJuanJNclJXL25pcHVQaFJCL3dWTDF5QnltRGwwZ3U3VnM5K0FPWEQ4dHZYbG4rOXVQVFpXOHZYcnU4cXZ2MEpnSlkrdjBBR3JsMEgzRjBXOHNvSHo2MWN1Yk4wNjhMUzdZODdZSEQxM01YVjMveHk2VTgzR0Zvajd1NXdjQTZ3Tzg0aE9Id092eVBnQ0RwQ2puN0hRRE9FSzQ3andRSTZxaFVLUXNFZ29YM092VkFDTHh6RmF0ck1IQ015Z0lMSnNLcXh5VU1ZTXZ4SjZHRlJ6OUFtSGMwNGR5U0l1R0laZWNZOElxdlN0dDZmeEtCK25oWlRucE00T2I2UTA3RmhlS0NxeldxcWgwVFpoMnJRKzloTnNTdS90b1k4UG8rUDkvQmYvWE9ybWxlVUxjNTlpVU5RcUkyckp0YXhkRkxUSlNPYWZLcXlqL2JFU2NncDlTbFJuOFZRWUpNaUpnMnNNelRaeFRRMUcwbVo4aHllbkJwUEEwS3BSQ1l6SjB1L3pXZWN1eEpXUFIzWEhzdmxzRDRtR2poRGE2SnB3SjBIcmh1ZU5FOTg2VWxqTHBqUk9OUlVocVpPNGF5Mi9yeXBSOWowMUFuT0tKcG9oaFU4WXc3YVpXdFlWaFZaeGU2a29xVm1CM09pUkg0RERuTzFoMUdybFN3N1d5dVZIWE5TbHN6TVh1dmFvL0FJK1FYYjJWb1JTbE5pZjJ3VS9SUlpsZHNzTHVSenpDOFFUWkZOMlZSb2lpelBzQWNyU2JOSG9TYkdSb1paZ2VQWUJ4OWtLMlBzL21HMnA2ZjNHYmFkcllZT1YzVThSajVwM1lRZjVQb0loZDVCdHYzWndmWTVVV2UxK0lJSnlKdVcrdlh5VThRa2tkK2pJTjFldWtwS0FOWkFMS24zR2RMenlLcUtkV0sxUU5qNnZ3MmVHVnArSGZ4eExERmxwS20xVGFxNXZBbmVRODJ0ajEyM1dYdWh6MHIwRXFYSk5WZ2pUOWN3T28zb1JZbGxMVmE0dXU5VThkMzNpci83Y08zbnJ4ZHZ2UGxrOFpNL0ZDKy92ZkxhKzFUQnJ6bEtHbVNGM0FMTGMvQXFOUWJabEtab2V2Z0F4M0dEYkpKVXFEcEoyc1BzZ2NPSHgvdEhnb1BzakthYTdubE03anJDYkZKVEpNRFR5STF4bU9XQmlxRkJJY3RLNENKcFhTd01zdk1aMmNSdStqTkRtRlcxZVYzTWxTYTRkVkdTODBhWTlRRmpDYlZVNHZtc3ZZL3ZIRnk1ZXFQNDRzV1Y1OTladS9JOHhLeGVHTlJLTVRrQUhhTVV4amtheHVkcnU4L1VkczlZUHRYVVNWMXFQN085Wk4rcXB1SkI2Vi9ZYjFYOFRpTUFBQT09IiBDb3JyZWxhdGlvbkJpbmRpbmc9IiIgVXJsRW5jb2RlPSJUcnVlIiAvPg0KICAgICAgICA8Rm9ybVBvc3RQYXJhbWV0ZXIgTmFtZT0iX19WSUVXU1RBVEUiIFZhbHVlPSJ7eyRISURERU4xLl9fVklFV1NUQVRFfX0iIFJlY29yZGVkVmFsdWU9IiIgQ29ycmVsYXRpb25CaW5kaW5nPSIiIFVybEVuY29kZT0iVHJ1ZSIgLz4NCiAgICAgICAgPEZvcm1Qb3N0UGFyYW1ldGVyIE5hbWU9Il9fU0NST0xMUE9TSVRJT05YIiBWYWx1ZT0ie3skSElEREVOMS5fX1NDUk9MTFBPU0lUSU9OWH19IiBSZWNvcmRlZFZhbHVlPSIwIiBDb3JyZWxhdGlvbkJpbmRpbmc9IiIgVXJsRW5jb2RlPSJUcnVlIiAvPg0KICAgICAgICA8Rm9ybVBvc3RQYXJhbWV0ZXIgTmFtZT0iX19TQ1JPTExQT1NJVElPTlkiIFZhbHVlPSJ7eyRISURERU4xLl9fU0NST0xMUE9TSVRJT05ZfX0iIFJlY29yZGVkVmFsdWU9IjAiIENvcnJlbGF0aW9uQmluZGluZz0iIiBVcmxFbmNvZGU9IlRydWUiIC8+DQogICAgICAgIDxGb3JtUG9zdFBhcmFtZXRlciBOYW1lPSJfX0VWRU5UVkFMSURBVElPTiIgVmFsdWU9Int7JEhJRERFTjEuX19FVkVOVFZBTElEQVRJT059fSIgUmVjb3JkZWRWYWx1ZT0iL3dFZEFOb0JyMVZ3OWFHQkMzcjNqSzlMeHdwbUQ2Vjc4MzFxRm85UkcwWXE4V2JmQStlaDQrZW1aNCtwK0hZZm03N0w5SjdvRC9ocHZ1WG5ON05sb04ydEQwNWFDanptbHRhVU03YUVBTitnOWNQL20xMHp6NzVQT0VjdkNrOUZwY3JTcUcvRStXS2VpWFJWakRRUnEzNllONFZ6VFhYY2RvMEtZbzlmQzFJZ3dtK1duQ3JKNFk0cytYM2k3YnBXWkpLcWxlajFsTVh5V0dpTWYvZHN0c2QremR5dElocU12WjFFeVhNQWx6MndDbXlzdzdmZlhoTmlYRHNBeFFjTEdzVmcwRGY0WnZneTc2MjZqcEtINTFja2F1S1NYNlFQQmFVZTM2VUV1V2p3eXByWTdZUW5oWG91R0JLdUFobXZYaDNlRHNxU3pEL2N1d1djMzFNMmJTb0lVZjFFcTFKRE83Y0pBR3VydGprc09TaWRCZnRWSVVWcTVKVmQ3Z2NyNmdFb0FOSFBmWkptL0hqOFVkNlRYcDFVR0ptWjd0dnB4d1ZrS1VGNnZQeGpTSVhGbi92aWs4d3E3dCtOaFQ4RFB5QVRKZ3ZGRDNLNVUrdnhvQ3hMaVVxYzduaFZVV3Rqa3Y3QmZBZWJKZ2lsRUVOcEVuTHE1Z3I4OTJuZVJhTWh1NlVwNDhPZFlQRHFMUlNYWGpnSnE2ZVJMU0Z3WkhqQzFQakErMFJXcXQ4ZGxYSGNsWFdEUVlNclM3Ty9hTmR1eExVZTd4cGhUL3l4QWVEMlUrVmpyTGtwMm1GU0lhYUNlQnc5SEZ0Q3hQUDFQeTRDRFF0S09tYTBOWmZXUWR3VktxQy9reFRLQWxRS1N3bjYwV3c3emRBWW5PT1ZEZEdITi9UcjViZ0tQNlp3Wi84TVFjRmVEc2RDSkdkZXd5azVHc0hPcTAyTHQ0VEVyR0MyOUhCeUtWUDFTMXBwMDBJQzZmLzYveU96VFpBRXhJYzAwdHJOaEZSWDFuOE9IU0tSR0gzS2g2SzFLczJ4SDhPYy80UXdibGhaYk5ZeGpiUllSNkxpRGZKdFl2SW5XWFRuQUdacEpZNHpUSmkxZzZTMTFNNEF5VlBpb2Z0eE1mMU5JOGNQQ2xLSkl2MzZobGFQaFV1azd5bkxxSkkxTlRxblZKRmJZSVpSUTFXRUFnY2xoZmpZYTNuRC9pVW1wUnFWRG1rc3o3ZUw5WS96Z0JINGdITGU4WTJaeUNwNlptdXdFclNMNmJPeG5WSjJ4N0t2YVhjVTJ2WDNTc0pMZFAvZmZ4V1RJRnRjcnREYTY3c3RyZms3NGJLTFBTaGdqd3M5S2YyL1RRTXNDRDVqWVNERWE5Mm4wYWpnMVdiRURaRHpWRy8wdy9VbnNwSW9WbWU2TUY1TDdFK0FQQlRRSENKcXpIdUIrV0cyekpKZkFWcWdwVWpNMWVGdHhIUDBlUVhhT2Y2ejAzalZnSE9WY2xiY1lKMGRaUS9mQWIyTGhOWkpqa2Z5b0NyamludlJYK2M5djdTYkFJUUQvbmQ1aDZzT1E4M1VtZmhmNmJNcHQ1NGFpbkxsTGM2U00rM2Q1akhZcm53S1RtTnhQUGFXc3ZMbWZoeDBMaHduQ1hHbEJvTHNLcGd1RHBMelFoZitsL21MMSt5ZmpVU3pxRnV4N2tIakt3WEJ6RWh4eGYwa2RaM25YclJwVlZZSkpHNUx1czRGOFdiVnRJdWtzcXdsRS93bk95Mll5aHd5TU5lc1E2NEszUzRVbWNUUm9nZHBPMUFyT2kzU3pVRVpoN3V6VnVxWWpyMWQzemtndEhqcFR6aEFvWVppVk81V1l0OTNabmh1VlhMWWdUbVBCTm03OUlzN3cxWDVUcTYwTGpzYlZ2YjhDUE5NUENCbE55R2c1dGx2aVRQbHBHZVJOc2xCS1crNExCWEU2QUU2RW9XMUxEd2x1SVY5cXo1SktQWmVKR3dZTkRhNVRWWHVwdXpFdnJWRGJsRGJ1NzFCZ2RHdlF3cStwMTFTY1lNTUxna29WMDVPWGx2b2xrdGpMU0VHcklTNlc4eVZIR2pTc2g0R091amE3eFRoU1hBVnZBcjdDSTBjQ2NZSkoreTQ1dUdLcDJ4TUhFQ3NNcWRVQlRWS1FzQW5pQzlzWkNCeUV5QWhBK2t5c1U5NkhDOElJVE1kanRRbmhwZ1JCR3prUitEczFVeVdlbmZwcS80NWloSFFuVWpSMlBhK0ZvcUpQbHVISlhZQWNMNWRpZjRyNnFRWkRHeVc3Qks5TzNMdmNiZnpqd01CZjJxeDk5VFlrSmFueGhsZG41Ukhxc2RKQlRsRlRDZUlxSmlsbE5QOVgrYUo3N3R6NW41dS84dzA2Tkx4Y2k4UTQ3dlV6Y2JZLy9vai9QZm9MQmg3OEVoL2ZyQ2lxVk5ObTNhR1N3d3BtRUN2d0VvVEVEWWdMdkNTOUd2bGxEM1ZveVFVY1BKK0l2TmJOMTMxZ1ZCRkFmYVlhV3F4VitBa0t4SjdwUlpmall0b216eWxLOUVDc2pBZFM0TzVuajR4WmliZkdtT29STGpsTGU4Wkt2eVJkaWlIdllVanR1S093UEtRT0tjWWxFRmo5ZjZoUUVWd2Q4cDRvOFlmckF0UWMySXorUEtYR3VDbVdFWXR1em9nZ0lQT3YyR2lPM3BNakdvSkxhTkFUVU9ndXk0bnBoRjdIN1NTd0tTakUrMk9EMkVuNUhQaWxaVXJEOWdrWHZHaWdlWGlFNWFZR3hjamRSK21MZENQOHZLK1NTTlJFNHNDbVl1cVlPdDRpUXBqQVA2MGt3YThhdkRkZFYwaWxSYnA2czI1REh6c2NmYUFKSkJsNGRKc0cyaWx6L1RmUWN4citMV2FqZnVreE1TZDlPbUtQd0VLajFQYjJEYjR0SHZVbWpPU3pkQ1EzdkVrZTlhbmtSNi9yckxoZjIxeFNXYjhpeWtJdUpHeCt2VTlJcU5UYjVDblFWU3cyTW1NUE9vbjdCaFpIT1JQRUREa3NEeGQraVdHNnZVK0N0STVVWkNyVFZUcXNDVlNqVWFoTlFSK3BKaDF6SDlSY3g1dTliekt1N3N1eHJWWVFOUTk3YW0vUE81cmRuVWFsbjE2SHMzR3Bld3hEa01uRW9xK0hjN3pvZWcyaTg3dGdwRHkvdi9NdVE2b0VxYndBKzlWTUQyVVJwdktJUThsSXppOFF1UDNqV2ZDQzhrU2FxYS9qYytFRUxwTm9tbmt4UGtZMkV6SFI1RnM3OTFvcmxvVkdodTBUWGhDM3lpUUMrWC9hbmZhV0RCbHduSzRMMWFCZDdySzBCa2t1TzhnYzVBVW1odVhRUU1rU1ZoSGtpSFM2bWEwc2p6MUtvL281TEExN1JhY2ZYYTduMjFnbVV3Q0tLWi91eWNuVmJOOVE3Nkh1YkQxQXF2cVlkUTcrOGZGMHBlaENQNFlDbkU4QUMzRDJZMzlVSGY4NDFtRVUvemUycFJuS1BwWkZUcE5wNWFYUGJWWjVmKzRHMEdLYTIwUXFJbGRWVkdwUERoV3B6TEVhckE1ZHZpb09lQmhZQTdZUXdhQWhtOHVsSk9NMmhSY3FMQzkrMlZuNENienBrOFRtZkkzamM4eDd4Q28wTlhhN2RHK0dUOWZlUlV5THVZeno0R2FEWHllU1NjVEhnN2tLMXM3eHl0S01VYm52ckVtNFdnZ2ZHb25OdE5MZ3lxVXZ1b2doVk51KzJtYW9UZjVlWmwwcWVTTmpJZkh2YzdoRXJZUkdxMUxqVmNPbHppS1hocWU1d0hCVDR1Y2lnUnFDNmpCbHc5aThGWW83UXoyMEJhZHNEa3NqOCtKcWZndkt0MTZJekp3c3ArN2FSTDZLVEpnREFuajd6VzdKRDRId2lyNVc4NzRmY3RqTmorenRXZU5tR05OdDlKNDA1Vy94aHlHeUNYdFp0VHFNZDRYMm9wb3lwVlZ3K1RqL0JUV2plcDJIS2NKYUVEeHIyM0Fjci9DNExoczN1cDlFUzJOSkxhUDcrWmpuWUF2S3hwZHNPcC9TNlNxekdTN2ZqL3NZODgxbFJSaTBLc1M5cFczR0FiUENUOUxZUjRnQkh6MXVDanFrWGpKdjdIOU5pdmcxbkM2OXF0U2pTYzc5UFV1bjRQcHk5SkpBK2xaeERSLzEwNkFER3FRS3U1YUErdUtXbEJyVUYxOXhUc0hmZGdZcXJLTlhzZnFtd25OYm5hOGxyUVM4QXA5SWpSTEVVaWxZTlFnQ0lTZVVmZ0NYODBnVWptUXhYcmFpR3Q2MHBPMDc0THNRTCtpeE9SeS9weEZZYWpyZk12VDBVMVdDOGNKY1JFTG9yeDAvZ0pTaisxUzRFYnpkc3RzNE5ydGs1a0dPWGxLa3R5ZXcra05xU2RqdjBVRmViZVRoQjVXaTZKVnV0UEkycWJMdVAwQ01EaEN3cnZWV2ZJc2x6UlpNaXlwT2wyczdnTWQ5MEs0SUVUOXZpcU9QZEZocENvTHRuRzRpMnVrZisyU0o2TlVFRnVwSjZxbzVJbno3SWNsUTZma2Y1akNwYTVmOTYxOWc4QnExYjVtRjdlaWE1c2xkMTBoa2dNcTV1L1VNTTlkdVh2ZlVRYnBXcElndzNmbXloRnJ5UE1XV3R3K29kQ3FNL0xuWUFKR0hZVi9ldWlWcGJHaGpMRVRHc0JhRTdJbEpCVzhsczNLdUFPNXROOGIrblNLZzQ1UWdvWjZscURVWVVqdkl3bHRiSEJhbmc3MlBNeDFVc291NTFqOHRsK3lqRGV2N3MrYWhZMlFHbUVNazdKN1JpaEN3d2NyU1NFZ21mdGxBU29GY2VIVEVKbXl2Umt5YUlxZXJ4VFE5T2pHWUdiTUhUZU9wbDg2M2xCUU9LQWVWZ05RTDNTdjJnOUVMK0IxN3RXM0VBNWJlc0FQcVNnRUpiblE4VTIyZHBlL3pncXMwSkd1NTZzV3BrZ1IyTFhIekJFWnhtNkduakppek1nTzQ4VXJwcDROZmFSZ3NRSVNMNnBxRjZiMGVpRVJUdFRSV1R3SDFpa3ludzFhdkJJTHJPQ1k1aHdNcklHTVB3ekNmOThwdXl1aVplVEZNbmthSGtpbHV4aVBydGVTeWVpNms5amQ3YmUxOW5zbTNNM28vcGVFVEZHV1g4Uis2dENJN200b3g1d1BobDZodFdWTmpnUXNEVmJ4ZkZRa1BUZGQreXo1TXNKTzBhOWxJalh1YUlUL0hyeG9lUExDMjBKTUhxZ1hIbEgwb2Urc1ducnYxSFVhOGtPbEZ5TTl2NDBQUlc4Z2cyNWpqTUVaZU9JbGZVenRoSUZVYlBxWWNvQjNSOVZuMzgrQVZuOVd4K3V0VytENk5aZWhkSGJSVGJlWFpYMDBGSStETXdCeTBTTjQ5Y0E2dDlQT1Z3MnZ4cUVMRnQrWmR4aHUxTlJ3bWNmTHpKK3lwMGhJN1ZuZFhySFpFM3doS09VaGlaYUx3UFdTR3hxdzZUR3MzVkZQb3I2cE9IWERXUGwzN3lVb1diMDdIQXNUa09tQVlqM0pvYWo0RVdmWEc5SFVjeE1sTVF4YnNsMU9NcW5GREZDY1BxbXVzZVhISVhMbkJYbVRpNW5zQVpKTGpFUXVXeGh2OHVmTHFiV3ZZYzJ3eVJPNTFhY24xc2s2M0JuZWhVUFFPc3dvUU1TVTBnV1pFMVJqcVJDekJQWjhrRlJWRFdXVU5Yc056dUVBSmhMbmR0QVBhMnNVR2dxaVBnc2t6TWY1Y2RzaTBjR0RjZ3V6NE90TEk4Wit3RXowWkIyTExGN2VqenJNZXEzOWV6T1hpQ3k5OE0xekFFSlM5L1RibUc3b3ppcVFrTm5qM0dpckNLSEZDbUJuMHBONHFuVWIxdW1oN01kV1NPeTJJMWc2Rm5KQU1oZlIwbkN5RG16K2VLL1B5UW1KVEFNZDFEbjVkdm5lY29wQVM4MHdvQXdmaU5DYk82WWtlc1hMY1Zoblg5VTE0bEJud0hkZFhSZHpsNml3TVlpNHJLVFRrOFJub1YvbUgrdjVmZHV3RDhtYVZ0dWRuRUVQQmNDQ1BFdXNoZ2pjRDdOc1lWeFNFQmNwMjdzWHA4TlpDbG96Mm82UGJGaFh2L0hDVUd4dFhvMll3dW1NRGxXa241ZjVFUWt3NitIS2hSb2JRQlVDY3hIMWplZGZ6VWt6RzRSeGxsclRVbGtlRGRiOXVsVTlaWllhTmRPL293PT0iIENvcnJlbGF0aW9uQmluZGluZz0iIiBVcmxFbmNvZGU9IlRydWUiIC8+DQogICAgICAgIDxGb3JtUG9zdFBhcmFtZXRlciBOYW1lPSJidG5FeGl0IiBWYWx1ZT0i6L+U5ZueIiBSZWNvcmRlZFZhbHVlPSLov5Tlm54iIENvcnJlbGF0aW9uQmluZGluZz0ie3tGb3JtUG9zdFBhcmFtNS5idG5FeGl0fX0iIFVybEVuY29kZT0iVHJ1ZSIgLz4NCiAgICAgICAgPEZvcm1Qb3N0UGFyYW1ldGVyIE5hbWU9ImhpZEdyaWRWaWV3U3RhcnRUaW1lIiBWYWx1ZT0ie3skSElEREVOMS5oaWRHcmlkVmlld1N0YXJ0VGltZX19IiBSZWNvcmRlZFZhbHVlPSIiIENvcnJlbGF0aW9uQmluZGluZz0iIiBVcmxFbmNvZGU9IlRydWUiIC8+DQogICAgICAgIDxGb3JtUG9zdFBhcmFtZXRlciBOYW1lPSJ1Y0RhdGVTdGFydCR0eHREYXRlIiBWYWx1ZT0iMjAxNy8wNS8xMSIgUmVjb3JkZWRWYWx1ZT0iMjAxNy8wNS8xMSIgQ29ycmVsYXRpb25CaW5kaW5nPSJ7e0Zvcm1Qb3N0UGFyYW02LnVjRGF0ZVN0YXJ0JHR4dERhdGV9fSIgVXJsRW5jb2RlPSJUcnVlIiAvPg0KICAgICAgICA8Rm9ybVBvc3RQYXJhbWV0ZXIgTmFtZT0idWNEYXRlRW5kJHR4dERhdGUiIFZhbHVlPSIyMDE3LzA1LzExIiBSZWNvcmRlZFZhbHVlPSIyMDE3LzA1LzExIiBDb3JyZWxhdGlvbkJpbmRpbmc9Int7Rm9ybVBvc3RQYXJhbTcudWNEYXRlRW5kJHR4dERhdGV9fSIgVXJsRW5jb2RlPSJUcnVlIiAvPg0KICAgICAgICA8Rm9ybVBvc3RQYXJhbWV0ZXIgTmFtZT0iT1RUaW1lU3RhcnQkZGRsSEgiIFZhbHVlPSIwMCIgUmVjb3JkZWRWYWx1ZT0iMDAiIENvcnJlbGF0aW9uQmluZGluZz0ie3tGb3JtUG9zdFBhcmFtOC5PVFRpbWVTdGFydCRkZGxISH19IiBVcmxFbmNvZGU9IlRydWUiIC8+DQogICAgICAgIDxGb3JtUG9zdFBhcmFtZXRlciBOYW1lPSJPVFRpbWVTdGFydCRkZGxNTSIgVmFsdWU9IjAwIiBSZWNvcmRlZFZhbHVlPSIwMCIgQ29ycmVsYXRpb25CaW5kaW5nPSJ7e0Zvcm1Qb3N0UGFyYW05Lk9UVGltZVN0YXJ0JGRkbE1NfX0iIFVybEVuY29kZT0iVHJ1ZSIgLz4NCiAgICAgICAgPEZvcm1Qb3N0UGFyYW1ldGVyIE5hbWU9Ik9UVGltZUVuZCRkZGxISCIgVmFsdWU9IjAxIiBSZWNvcmRlZFZhbHVlPSIwMSIgQ29ycmVsYXRpb25CaW5kaW5nPSJ7e0Zvcm1Qb3N0UGFyYW0xMC5PVFRpbWVFbmQkZGRsSEh9fSIgVXJsRW5jb2RlPSJUcnVlIiAvPg0KICAgICAgICA8Rm9ybVBvc3RQYXJhbWV0ZXIgTmFtZT0iT1RUaW1lRW5kJGRkbE1NIiBWYWx1ZT0iMDAiIFJlY29yZGVkVmFsdWU9IjAwIiBDb3JyZWxhdGlvbkJpbmRpbmc9Int7Rm9ybVBvc3RQYXJhbTExLk9UVGltZUVuZCRkZGxNTX19IiBVcmxFbmNvZGU9IlRydWUiIC8+DQogICAgICAgIDxGb3JtUG9zdFBhcmFtZXRlciBOYW1lPSJkZGxPVFR5cGVJRCIgVmFsdWU9IjkiIFJlY29yZGVkVmFsdWU9IjkiIENvcnJlbGF0aW9uQmluZGluZz0ie3tGb3JtUG9zdFBhcmFtMTIuZGRsT1RUeXBlSUR9fSIgVXJsRW5jb2RlPSJUcnVlIiAvPg0KICAgICAgICA8Rm9ybVBvc3RQYXJhbWV0ZXIgTmFtZT0idHh0T1RSZWFzb25NZW1vJHR4dERhdGEiIFZhbHVlPSJ0ZXN0IiBSZWNvcmRlZFZhbHVlPSJ0ZXN0IiBDb3JyZWxhdGlvbkJpbmRpbmc9IiIgVXJsRW5jb2RlPSJUcnVlIiAvPg0KICAgICAgICA8Rm9ybVBvc3RQYXJhbWV0ZXIgTmFtZT0iaGlkR3JpZFZpZXdTZWFyY2hTdGFydFRpbWUiIFZhbHVlPSJ7eyRISURERU4xLmhpZEdyaWRWaWV3U2VhcmNoU3RhcnRUaW1lfX0iIFJlY29yZGVkVmFsdWU9IiIgQ29ycmVsYXRpb25CaW5kaW5nPSIiIFVybEVuY29kZT0iVHJ1ZSIgLz4NCiAgICAgICAgPEZvcm1Qb3N0UGFyYW1ldGVyIE5hbWU9ImhpZEdyaWRWaWV3U2VhcmNoRW5kVGltZSIgVmFsdWU9Int7JEhJRERFTjEuaGlkR3JpZFZpZXdTZWFyY2hFbmRUaW1lfX0iIFJlY29yZGVkVmFsdWU9IiIgQ29ycmVsYXRpb25CaW5kaW5nPSIiIFVybEVuY29kZT0iVHJ1ZSIgLz4NCiAgICAgICAgPEZvcm1Qb3N0UGFyYW1ldGVyIE5hbWU9ImZyYW1lQXR0YWNoIiBWYWx1ZT0iL1V0aWwvQXR0YWNoQWRtaW4uYXNweD9BdHRhY2hEQj1BYXR0ZW5kYW50REJfSVRSRCZhbXA7QXR0YWNoSUQ9dGVzdDEwMjExOTE1ZTk3MDdjLTQzYmItNDZjOC1hZmI1LTBkMzI3NzI3YjgxNyZhbXA7QXR0YWNoRmlsZU1heFF0eT0xJmFtcDtBdHRhY2hGaWxlTWF4S0I9MzA3MiZhbXA7QXR0YWNoRmlsZVRvdEtCPTMwNzImYW1wO0F0dGFjaEZpbGVFeHRMaXN0PSIgUmVjb3JkZWRWYWx1ZT0iL1V0aWwvQXR0YWNoQWRtaW4uYXNweD9BdHRhY2hEQj1BYXR0ZW5kYW50REJfSVRSRCZhbXA7QXR0YWNoSUQ9dGVzdDEwMjExOTE1ZTk3MDdjLTQzYmItNDZjOC1hZmI1LTBkMzI3NzI3YjgxNyZhbXA7QXR0YWNoRmlsZU1heFF0eT0xJmFtcDtBdHRhY2hGaWxlTWF4S0I9MzA3MiZhbXA7QXR0YWNoRmlsZVRvdEtCPTMwNzImYW1wO0F0dGFjaEZpbGVFeHRMaXN0PSIgQ29ycmVsYXRpb25CaW5kaW5nPSIiIFVybEVuY29kZT0iVHJ1ZSIgLz4NCiAgICAgICAgPEZvcm1Qb3N0UGFyYW1ldGVyIE5hbWU9InVjTW9kYWxQb3B1cDEkQ2xpZW50V2lkdGgiIFZhbHVlPSJ7eyRISURERU4xLnVjTW9kYWxQb3B1cDEkQ2xpZW50V2lkdGh9fSIgUmVjb3JkZWRWYWx1ZT0iMCIgQ29ycmVsYXRpb25CaW5kaW5nPSIiIFVybEVuY29kZT0iVHJ1ZSIgLz4NCiAgICAgICAgPEZvcm1Qb3N0UGFyYW1ldGVyIE5hbWU9InVjTW9kYWxQb3B1cDEkQ2xpZW50SGVpZ2h0IiBWYWx1ZT0ie3skSElEREVOMS51Y01vZGFsUG9wdXAxJENsaWVudEhlaWdodH19IiBSZWNvcmRlZFZhbHVlPSIwIiBDb3JyZWxhdGlvbkJpbmRpbmc9IiIgVXJsRW5jb2RlPSJUcnVlIiAvPg0KICAgICAgPC9Gb3JtUG9zdEh0dHBCb2R5Pg0KICAgIDwvUmVxdWVzdD4NCiAgICA8UmVxdWVzdCBNZXRob2Q9IlBPU1QiIEd1aWQ9IjI1YjM2Y2YwLWMwOTQtNDFjOC04MzZjLWQ0NTQxNzE4YmRhNiIgVmVyc2lvbj0iMS4xIiBVcmw9Imh0dHA6Ly8xMC4xMS4zNi4xMTQ6ODAwNy9PdmVyVGltZS9PdmVydGltZVByZU9yZGVyLmFzcHgiIFRoaW5rVGltZT0iMCIgVGltZW91dD0iMzAwIiBQYXJzZURlcGVuZGVudFJlcXVlc3RzPSJUcnVlIiBGb2xsb3dSZWRpcmVjdHM9IlRydWUiIFJlY29yZFJlc3VsdD0iVHJ1ZSIgQ2FjaGU9IkZhbHNlIiBSZXNwb25zZVRpbWVHb2FsPSIwIiBFbmNvZGluZz0idXRmLTgiIEV4cGVjdGVkSHR0cFN0YXR1c0NvZGU9IjAiIEV4cGVjdGVkUmVzcG9uc2VVcmw9IiIgUmVwb3J0aW5nTmFtZT0iIiBJZ25vcmVIdHRwU3RhdHVzQ29kZT0iRmFsc2UiPg0KICAgICAgPEZvcm1Qb3N0SHR0cEJvZHk+DQogICAgICAgIDxGb3JtUG9zdFBhcmFtZXRlciBOYW1lPSJUb29sa2l0U2NyaXB0TWFuYWdlcjFfSGlkZGVuRmllbGQiIFZhbHVlPSI7O0FqYXhDb250cm9sVG9vbGtpdCwgVmVyc2lvbj00LjEuNy42MDcsIEN1bHR1cmU9bmV1dHJhbCwgUHVibGljS2V5VG9rZW49MjhmMDFiMGU4NGI2ZDUzZTp6aC1IYW50OjdiOTVlZDFhLTZhM2YtNDFkZC1iYzViLTYzZjM5ZWRiYzRiNDpkZTFmZWFiMjpmY2YwZTk5MzpmMmM4ZTcwODo3MjBhNTJiZjpmOWNlYzliYzo1ODllYWEzMDo2OTgxMjljZjpmYjliNGM1NzpjY2I5NmNmOTphNjdjMjcwMDo4NjEzYWVhNzozMjAyYTVhMjphYjA5ZTNmZTo4NzEwNGI3YzpiZTZmYjI5OCIgUmVjb3JkZWRWYWx1ZT0iOztBamF4Q29udHJvbFRvb2xraXQsIFZlcnNpb249NC4xLjcuNjA3LCBDdWx0dXJlPW5ldXRyYWwsIFB1YmxpY0tleVRva2VuPTI4ZjAxYjBlODRiNmQ1M2U6emgtSGFudDo3Yjk1ZWQxYS02YTNmLTQxZGQtYmM1Yi02M2YzOWVkYmM0YjQ6ZGUxZmVhYjI6ZmNmMGU5OTM6ZjJjOGU3MDg6NzIwYTUyYmY6ZjljZWM5YmM6NTg5ZWFhMzA6Njk4MTI5Y2Y6ZmI5YjRjNTc6Y2NiOTZjZjk6YTY3YzI3MDA6ODYxM2FlYTc6MzIwMmE1YTI6YWIwOWUzZmU6ODcxMDRiN2M6YmU2ZmIyOTgiIENvcnJlbGF0aW9uQmluZGluZz0iIiBVcmxFbmNvZGU9IlRydWUiIC8+DQogICAgICAgIDxGb3JtUG9zdFBhcmFtZXRlciBOYW1lPSJfX0VWRU5UVEFSR0VUIiBWYWx1ZT0ie3skSElEREVOMS5fX0VWRU5UVEFSR0VUfX0iIFJlY29yZGVkVmFsdWU9IiIgQ29ycmVsYXRpb25CaW5kaW5nPSIiIFVybEVuY29kZT0iVHJ1ZSIgLz4NCiAgICAgICAgPEZvcm1Qb3N0UGFyYW1ldGVyIE5hbWU9Il9fRVZFTlRBUkdVTUVOVCIgVmFsdWU9Int7JEhJRERFTjEuX19FVkVOVEFSR1VNRU5UfX0iIFJlY29yZGVkVmFsdWU9IiIgQ29ycmVsYXRpb25CaW5kaW5nPSIiIFVybEVuY29kZT0iVHJ1ZSIgLz4NCiAgICAgICAgPEZvcm1Qb3N0UGFyYW1ldGVyIE5hbWU9Il9fTEFTVEZPQ1VTIiBWYWx1ZT0ie3skSElEREVOMS5fX0xBU1RGT0NVU319IiBSZWNvcmRlZFZhbHVlPSIiIENvcnJlbGF0aW9uQmluZGluZz0iIiBVcmxFbmNvZGU9IlRydWUiIC8+DQogICAgICAgIDxGb3JtUG9zdFBhcmFtZXRlciBOYW1lPSJfX1ZTVEFURSIgVmFsdWU9Int7JEhJRERFTjEuX19WU1RBVEV9fSIgUmVjb3JkZWRWYWx1ZT0iQVIrTENBQUFBQUFBQkFDdFY5MXpFMVVVVDVadUd0S1BGR3hpUmQxZEhweHRwNlJrazZnRHRROGtLVFlqSmRnR0hpeE1acHQ3dTFtNzNjMWtiMHZqRXo0VUZIR0FvZWhnWjV4eFJnRkJIQjFmS2pLT2Y0SVBQdmpNa0xSOThrL0FlL2NqMlNaTEJrcTMwK1RtbkhQUDczemZ2VSs5d1FFdjdaT1dKa1ZaRGI0MzdPbW1mS0dBUDV0TGFRdWxUTG96bXhzbjM3NXNMaTBpaUw5eThnTHN6dWFta1lnVzlaUGlBdXpDTkEySkNtRmc4ZHl5bWtuN2JRRzhPSzZWRjA1bUE4Y1Y3WHhLMUNGbVVrL3hFd1JCT2lBY2ljY0U0WjIzRTRsZ09NejQwckNFTW1uNkFCK05SdDhYb3Z3aFl4RjFMSmo5MmJKRVZKMlFkWVNYSWdhaktaNW5ldk9uUkFsbWRJSjJRcE9LVE1naWZMZ0l5NVZwVkpaVnlhRDdUTWRvMy9TcGllUUhBblBRa2p1MmlMUmpwWkpTR1YrWWhZRFFVcnFlVWtSZGx4amVraUV4UXZoL3VsRFdGT1dVcHN0STF0U3NpbGNvS1JibUpTWmd1a0FzaEV5WHcxYjZYcThPRlZoQVhEb3puY3VjVE9XNEFvNEd4NTB2UXBYTEpxSWpwMHVXUDV5c2M2cUdPSFZSVVRqVXlvWUszc2Z6SEZRQkorcUVXZWNka25XeWE1QnNzRWs4UDJTSjJSUW5jTHc5Y0x3ZGNOd0ZPTjRLSEhjRmpyVUhqclVEanJrQXgxcUJZNjdBUW50Z29RVjQwTmh0Ym02N2Q5REtjRU5rcnF3dGNIQmlhbkk2bmN4bmNsUHBrUmt3cTUwYm1URUU1RTlFVWora1JNNFIvV1hJV1J2SG5FQkRoaG1tKzBQMUdBaU9HRGpjSXlZKzI3a1czK3pvQ2R1ajF3QjVCa1M3Q0xiTFhHdmlIQWJiaWNPa05rSXVKcnZVZ0VzOXV2Y0dlUWhvV2p1dk5xTWFUanNDYXJqZjhOUlltUjQrWGwxOXZIcUI1NFliMHNOOGhLLy9KSU9TQk1IRmVsTk9jQWk2K0dNS3hkeUU0azFDY1RlaFJKTlF3aW5rRmdYRDRCY28zeXlud0RuRWZheko2dlB1U0VRNWpWUVR0bVZLVTJCS0EzQ01UMFI1VHNURjRyQ1lHOHZXbHk4TUVyZEE0azZRdUEwUzN4MlFtQVVTYzRMRWJKRFk3b0FJRm9qZ0JCRnNFR0YzUUN3TUowU1VOd0JjOVZ0RHF6Rng4QkFrVFp3dEExam1aaXZPVThkeERqZ21zMlBFMUx1ZVl6cnh5amcxL2ZhckFCTzB6MkNJeEp3bzZWS1lvdllFUWJnZmZ3YkRGRDd2VDhoU0VTVzE1V1FaaXZQanFqaXJRRkFFWVdvT1MzVlFYa09xODR5c3k1aFJCSUNpRFVwSERpNGplbUR6MXMyTmF4ZWZyRC80NzlHVnpmdGZiTno5c3Zybnl1TUx0N0hjVzBTTzdhRzdhNytzYi81NmJldnloYzN2cm1ENmtFVVBQbm40c0hwNWJmTzNTN1dIMTdBZXpJcFlyQkJtRWZyTjlkcU5iMnFYUHQ5WXZidHg1em9XT0J5MERDTk85QUVROXM0QlNyQ0pQa0lNaHYxTUwzN3BFcytJeWlJOExrTUYwQjBrSlV3UG9SS3pUYUtmRUVtL01sMzVnNFNWMUJaVklER2Q5UmowaGFoOUVmeGd4N1kreGFaY0lqL0M1aXRWcE1uNkVPWHhtWnorNFQyVUpCbVcwWVk1Yks5cEFCdHNZTEo5RXJ0dkZ4QTZkNDRnUkNPYlg5M2JXdmxwNC9iVjZtYy80Z0RiQ0lJVElXNUgxMjlGRjRNRkd2V0pJWHUyVGI4NnJyY1ZOK1QxWU0zZXB1QUVHaVcrYzIyZERXMnhsOWUyMTliVzVUamZkcTd1WGFOaUthT2hTTnNGY01tUmV3RjU2eFlSM1YzQno5bkRrNU5uRHdQQUJQTDREbEJHeHIzQjg1ZDhaZTJmdi8yTVB6K3VBb3VVN0dBZi9PdkhLakw2RkJSQlZsVXFSU3lRMHpSOG1TalJrWm10UDc2dDNiaDhqcXRlZjFTOWVyLzI5USsxdFl1NFAyZTIxbTRaOU5yNnl0YXQ3NnNyZDZvLy8yNzJPREhQaTMwR3BOYzF0YURJaFhuNm85TklWdktwNGp3ZURqbE5raFJvVEFGWmtWRmxrRWZMeUx6Y0pLRWtxL2xDY2I3QjVROXh6WHdnTDVFZU80YUhERDgwQ25BdlUyU00wRHFxS0pCbWwyQVp5UVZSaVlpS0xLbEhrVllhWGFxck96cmFHRVE3OHhMdkRHZ3FtRlZNejNwUlVkWkhsc2lBR09QNVVZQ1RFdll4UHRkMDdHM0p4Z1FaRWR1U01VSHFENmVWM2I5OU0vdEtQWU5zZnoxemJLaklobDgyVGV5cjlKbm55dysydFUxMkNOYzlOK3pBYzZlRmZlMkY4OEVlY004QyszcFRDTitvaDUxOTB4SHZJK1RTdlkveTlvVTk1Sys3ZjlqakFkU29FYUtPb0JHaEFib0h5SHBKRVN0SFZVMkZvK0IvTzdXbjlMVVBBQUE9IiBDb3JyZWxhdGlvbkJpbmRpbmc9IiIgVXJsRW5jb2RlPSJUcnVlIiAvPg0KICAgICAgICA8Rm9ybVBvc3RQYXJhbWV0ZXIgTmFtZT0iX19WSUVXU1RBVEUiIFZhbHVlPSJ7eyRISURERU4xLl9fVklFV1NUQVRFfX0iIFJlY29yZGVkVmFsdWU9IiIgQ29ycmVsYXRpb25CaW5kaW5nPSIiIFVybEVuY29kZT0iVHJ1ZSIgLz4NCiAgICAgICAgPEZvcm1Qb3N0UGFyYW1ldGVyIE5hbWU9Il9fU0NST0xMUE9TSVRJT05YIiBWYWx1ZT0ie3skSElEREVOMS5fX1NDUk9MTFBPU0lUSU9OWH19IiBSZWNvcmRlZFZhbHVlPSIwIiBDb3JyZWxhdGlvbkJpbmRpbmc9IiIgVXJsRW5jb2RlPSJUcnVlIiAvPg0KICAgICAgICA8Rm9ybVBvc3RQYXJhbWV0ZXIgTmFtZT0iX19TQ1JPTExQT1NJVElPTlkiIFZhbHVlPSJ7eyRISURERU4xLl9fU0NST0xMUE9TSVRJT05ZfX0iIFJlY29yZGVkVmFsdWU9IjAiIENvcnJlbGF0aW9uQmluZGluZz0iIiBVcmxFbmNvZGU9IlRydWUiIC8+DQogICAgICAgIDxGb3JtUG9zdFBhcmFtZXRlciBOYW1lPSJfX1ZJRVdTVEFURUVOQ1JZUFRFRCIgVmFsdWU9Int7JEhJRERFTjEuX19WSUVXU1RBVEVFTkNSWVBURUR9fSIgUmVjb3JkZWRWYWx1ZT0iIiBDb3JyZWxhdGlvbkJpbmRpbmc9IiIgVXJsRW5jb2RlPSJUcnVlIiAvPg0KICAgICAgICA8Rm9ybVBvc3RQYXJhbWV0ZXIgTmFtZT0iX19FVkVOVFZBTElEQVRJT04iIFZhbHVlPSJ7eyRISURERU4xLl9fRVZFTlRWQUxJREFUSU9OfX0iIFJlY29yZGVkVmFsdWU9IkRHMHl5dzZyZlRxUUpLYXhjUFpFdS8xZndwQkFjbEtTRU9nZ0EwMEFTRmlJcG9ja3pHNUxDRzRBRzhyRndSVFk2MCtrTlNhN3E3clllY2ptRmVUazhYTGRVK1BWTndCWlY2Q054Znl5SW44VklOTWpCSWF0MzlxR1czajAyb043Rzl0MW5tNWdZTFRFSzRjcW9sdEdMSzBnVjQzRURJYnhtSjR5WWIyY2lIa0dUeWd3OS9GT002S3N2bkxLZEsrUFZldVpocG1WRVBERGxJREZZTDk0bG45WnE4VDlPNnJEM0JXWTYvQ2svNnBzWUwvZHdaamUzN2gxN2w3RDZXTkFEVWdiQkwwQSsyTFF5L3dvVDkyRnJkcTQwcjF4UjdtS2J1ejFDNXVVcS9IV2VweXFsOHhnV0lKbENSbWxEeDJXZXdGVWpPRnNKR29aaUF3bmJPcTZyc2dIU2pZUFVNR1c2TXFhNFJlR2ZXeVVPZVB3S3FvREo5VFNyRVdPdEZzT3d5MUZEc0VUV1dtekVFYnIzdVFUMlhLQnBsN0srOW1ZRFIzQ3ZOOTJvWU44b3ZnbkF4aEpxc2FLNnpObkJ6N0FnNlhlY3JVQjNtcHRnS0UyZERMR25kd2NmbEE3eXZySnczTnd0cHZTRG55bXRDMlhrekl1Y0RLbkp5bGNrZ0QraFZpWTBRQ0h1RDBrZkRlYnJMbFJTSi9HQktpTGV0ZzdieGl1NFJQT0hxK3dqdDFLWXRxMGdJeUtQMnNQUUJzVTJwRE1JRG4wT2M2Y3YrZmNiajR3NXdHMWE3NGdCN05WMnNPNXRDVlozZmk5M3pJa1NDVExNRWZ6T0MwVzZzaUlZUUpjeGNMQjJzcjhXUGtVOGRXZXpoenpnb0NkL2czNUlZL3k4TDdSZndRTGw4ZHk2M01oUmxLYkQ0YnYvNkF4NDF0dS9uZkFKMFdnbXVwVjhnKzZrVkR3WkVwemY1c21GaWRmWVllNkVFTmxUa05zUnd5cTNUWTAzYnhrcVhjd0VnK25Ba3I0SWIyS25sVmYzdHN2VjNHZHdvOVN3c2g1V2hYMjZ5bGlpR3FZb21NZUJORktxM1pCMDhNMXVBMjhqb1R2Q0VRd2pySUt6UDNhczNXV3l5UmxVTmFtNjVjWUpQMjBqcEE4MDAyeXR6N0hKQkJkUkMyY0dtRy9VZVRxQXRyQWNkR29lUHM5WFhwVURGUkFxaUdKNjlabE54dlRMWFU2MUJ6SVc5aWNhRnZJTG5IT3NsRWx4ajFxOVVHSm4zUUJVa1hXKzNncUJPOG5rWUpuclpONnZaejVVWDFkVjhuMFp0NmdCMnNwSkRHaHJtRVhIT0FKWTQ2N3ZaUXBvazZTSkYwckFVNTcrVHRhSUY3WkpwckJGMWI5ZGpjQWZ3b1pVRW9XUWx4ajNVa2xOL21JZ2lxZ2JuWWQwWjZlK3paTldtaDBQRkgyQlM4V0NvNTR1UlY2VWRYN2Z1RmlZT2VmYmNTcnJpNW81dHRXcm1UTkpXeTdSK0dPOGh1bFRFK1hHTHBoamFicnJHNzRqYk5VNXZBcHI4dz0iIENvcnJlbGF0aW9uQmluZGluZz0iIiBVcmxFbmNvZGU9IlRydWUiIC8+DQogICAgICAgIDxGb3JtUG9zdFBhcmFtZXRlciBOYW1lPSJTY3JlZW5XaWR0aCIgVmFsdWU9Int7JEhJRERFTjEuU2NyZWVuV2lkdGh9fSIgUmVjb3JkZWRWYWx1ZT0iIiBDb3JyZWxhdGlvbkJpbmRpbmc9IiIgVXJsRW5jb2RlPSJUcnVlIiAvPg0KICAgICAgICA8Rm9ybVBvc3RQYXJhbWV0ZXIgTmFtZT0iU2NyZWVuSGVpZ2h0IiBWYWx1ZT0ie3skSElEREVOMS5TY3JlZW5IZWlnaHR9fSIgUmVjb3JkZWRWYWx1ZT0iIiBDb3JyZWxhdGlvbkJpbmRpbmc9IiIgVXJsRW5jb2RlPSJUcnVlIiAvPg0KICAgICAgICA8Rm9ybVBvc3RQYXJhbWV0ZXIgTmFtZT0iYnRuUXVlcnkiIFZhbHVlPSLmn6XoqaIiIFJlY29yZGVkVmFsdWU9IuafpeipoiIgQ29ycmVsYXRpb25CaW5kaW5nPSJ7e0Zvcm1Qb3N0UGFyYW0xLmJ0blF1ZXJ5fX0iIFVybEVuY29kZT0iVHJ1ZSIgLz4NCiAgICAgICAgPEZvcm1Qb3N0UGFyYW1ldGVyIE5hbWU9ImRkbE9yZ0FuZEZsb3ciIFZhbHVlPSIiIFJlY29yZGVkVmFsdWU9IiIgQ29ycmVsYXRpb25CaW5kaW5nPSIiIFVybEVuY29kZT0iVHJ1ZSIgLz4NCiAgICAgICAgPEZvcm1Qb3N0UGFyYW1ldGVyIE5hbWU9ImRkbFF1ZXJ5Q29uZGl0aW9ucyIgVmFsdWU9IjAiIFJlY29yZGVkVmFsdWU9IjAiIENvcnJlbGF0aW9uQmluZGluZz0ie3tGb3JtUG9zdFBhcmFtMy5kZGxRdWVyeUNvbmRpdGlvbnN9fSIgVXJsRW5jb2RlPSJUcnVlIiAvPg0KICAgICAgICA8Rm9ybVBvc3RQYXJhbWV0ZXIgTmFtZT0idHh0T1RFbXBJRCIgVmFsdWU9IjEwMjExOSIgUmVjb3JkZWRWYWx1ZT0iMTAyMTE5IiBDb3JyZWxhdGlvbkJpbmRpbmc9Int7Rm9ybVBvc3RQYXJhbTIudHh0T1RFbXBJRH19IiBVcmxFbmNvZGU9IlRydWUiIC8+DQogICAgICAgIDxGb3JtUG9zdFBhcmFtZXRlciBOYW1lPSJ0eHRPVEVtcE5hbWUiIFZhbHVlPSIiIFJlY29yZGVkVmFsdWU9IiIgQ29ycmVsYXRpb25CaW5kaW5nPSIiIFVybEVuY29kZT0iVHJ1ZSIgLz4NCiAgICAgICAgPEZvcm1Qb3N0UGFyYW1ldGVyIE5hbWU9InR4dE9URm9ybU5PIiBWYWx1ZT0iIiBSZWNvcmRlZFZhbHVlPSIiIENvcnJlbGF0aW9uQmluZGluZz0iIiBVcmxFbmNvZGU9IlRydWUiIC8+DQogICAgICAgIDxGb3JtUG9zdFBhcmFtZXRlciBOYW1lPSJkZGxPVFN0YXR1cyIgVmFsdWU9IjEiIFJlY29yZGVkVmFsdWU9IjEiIENvcnJlbGF0aW9uQmluZGluZz0ie3tGb3JtUG9zdFBhcmFtNC5kZGxPVFN0YXR1c319IiBVcmxFbmNvZGU9IlRydWUiIC8+DQogICAgICAgIDxGb3JtUG9zdFBhcmFtZXRlciBOYW1lPSJ0eHRPVERhdGVCZWdpbiR0eHREYXRlIiBWYWx1ZT0iIiBSZWNvcmRlZFZhbHVlPSIiIENvcnJlbGF0aW9uQmluZGluZz0iIiBVcmxFbmNvZGU9IlRydWUiIC8+DQogICAgICAgIDxGb3JtUG9zdFBhcmFtZXRlciBOYW1lPSJ0eHRPVERhdGVFbmQkdHh0RGF0ZSIgVmFsdWU9IiIgUmVjb3JkZWRWYWx1ZT0iIiBDb3JyZWxhdGlvbkJpbmRpbmc9IiIgVXJsRW5jb2RlPSJUcnVlIiAvPg0KICAgICAgICA8Rm9ybVBvc3RQYXJhbWV0ZXIgTmFtZT0idWNNb2RhbFBvcHVwMSRDbGllbnRXaWR0aCIgVmFsdWU9Int7JEhJRERFTjEudWNNb2RhbFBvcHVwMSRDbGllbnRXaWR0aH19IiBSZWNvcmRlZFZhbHVlPSIwIiBDb3JyZWxhdGlvbkJpbmRpbmc9IiIgVXJsRW5jb2RlPSJUcnVlIiAvPg0KICAgICAgICA8Rm9ybVBvc3RQYXJhbWV0ZXIgTmFtZT0idWNNb2RhbFBvcHVwMSRDbGllbnRIZWlnaHQiIFZhbHVlPSJ7eyRISURERU4xLnVjTW9kYWxQb3B1cDEkQ2xpZW50SGVpZ2h0fX0iIFJlY29yZGVkVmFsdWU9IjAiIENvcnJlbGF0aW9uQmluZGluZz0iIiBVcmxFbmNvZGU9IlRydWUiIC8+DQogICAgICA8L0Zvcm1Qb3N0SHR0cEJvZHk+DQogICAgPC9SZXF1ZXN0Pg0KICA8L0l0ZW1zPg0KICA8VmFsaWRhdGlvblJ1bGVzPg0KICAgIDxWYWxpZGF0aW9uUnVsZSBDbGFzc25hbWU9Ik1pY3Jvc29mdC5WaXN1YWxTdHVkaW8uVGVzdFRvb2xzLldlYlRlc3RpbmcuUnVsZXMuVmFsaWRhdGVSZXNwb25zZVVybCwgTWljcm9zb2Z0LlZpc3VhbFN0dWRpby5RdWFsaXR5VG9vbHMuV2ViVGVzdEZyYW1ld29yaywgVmVyc2lvbj0xMC4wLjAuMCwgQ3VsdHVyZT1uZXV0cmFsLCBQdWJsaWNLZXlUb2tlbj1iMDNmNWY3ZjExZDUwYTNhIiBEaXNwbGF5TmFtZT0i5Zue5oeJIFVSTCIgRGVzY3JpcHRpb249Iumpl+itieWbnuaHiSBVUkwg5Zyo5aWX55So6YeN5paw5bCO5ZCR5LmL5b6M5piv5ZCm5ZKM6KiY6YyE55qE5Zue5oeJIFVSTCDnm7jlkIzjgILlt7Llv73nlaUgUXVlcnlTdHJpbmcg5Y+D5pW444CCIiBMZXZlbD0iTG93IiBFeGVjdHVpb25PcmRlcj0iQmVmb3JlRGVwZW5kZW50cyIgLz4NCiAgICA8VmFsaWRhdGlvblJ1bGUgQ2xhc3NuYW1lPSJNaWNyb3NvZnQuVmlzdWFsU3R1ZGlvLlRlc3RUb29scy5XZWJUZXN0aW5nLlJ1bGVzLlZhbGlkYXRpb25SdWxlUmVzcG9uc2VUaW1lR29hbCwgTWljcm9zb2Z0LlZpc3VhbFN0dWRpby5RdWFsaXR5VG9vbHMuV2ViVGVzdEZyYW1ld29yaywgVmVyc2lvbj0xMC4wLjAuMCwgQ3VsdHVyZT1uZXV0cmFsLCBQdWJsaWNLZXlUb2tlbj1iMDNmNWY3ZjExZDUwYTNhIiBEaXNwbGF5TmFtZT0i5Zue5oeJ5pmC6ZaT55uu5qiZIiBEZXNjcmlwdGlvbj0i6amX6K2J5q2k6KaB5rGC55qE5Zue5oeJ5pmC6ZaT5piv5ZCm5bCP5pa85oiW562J5pa85q2k6KaB5rGC5omA5oyH5a6a55qE5Zue5oeJ5pmC6ZaT55uu5qiZ44CC5Zue5oeJ5pmC6ZaT55uu5qiZ54K66Zu25bCH6KKr5b+955Wl44CCIiBMZXZlbD0iTG93IiBFeGVjdHVpb25PcmRlcj0iQWZ0ZXJEZXBlbmRlbnRzIj4NCiAgICAgIDxSdWxlUGFyYW1ldGVycz4NCiAgICAgICAgPFJ1bGVQYXJhbWV0ZXIgTmFtZT0iVG9sZXJhbmNlIiBWYWx1ZT0iMCIgLz4NCiAgICAgIDwvUnVsZVBhcmFtZXRlcnM+DQogICAgPC9WYWxpZGF0aW9uUnVsZT4NCiAgPC9WYWxpZGF0aW9uUnVsZXM+DQo8L1dlYlRlc3Q+">
      <Execution id="88f565dc-0c65-4159-a3c7-1df7808441b5" />
    </WebTest>
  </TestDefinitions>
  <TestLists>
    <TestList name="不在清單中的結果" id="8c84fa94-04c1-424b-9868-57a2d4851a1d" />
    <TestList name="所有載入的結果" id="19431567-8539-422a-85d7-44ee4e166bda" />
  </TestLists>
  <TestEntries>
    <TestEntry isTransparent="false" testId="d1f0dc6a-f347-4b33-8582-0a71909fcaf1" executionId="88f565dc-0c65-4159-a3c7-1df7808441b5" testListId="8c84fa94-04c1-424b-9868-57a2d4851a1d" />
  </TestEntries>
  <Results>
    <WebTestResult executionId="88f565dc-0c65-4159-a3c7-1df7808441b5" testId="d1f0dc6a-f347-4b33-8582-0a71909fcaf1" testName="WebTest1" computerName="ANSONHUANG" duration="00:00:00.5839496" startTime="2017-05-16T11:05:23.2657471+08:00" endTime="2017-05-16T11:05:34.4377471+08:00" testType="4e7599fa-5ecb-43e9-a887-cd63cf72d207" outcome="Passed" testListId="8c84fa94-04c1-424b-9868-57a2d4851a1d" relativeResultsDirectory="88f565dc-0c65-4159-a3c7-1df7808441b5">
      <ResultFiles>
        <ResultFile path="WebTest1.webtestResult" />
      </ResultFiles>
      <TestSettings name="本機" id="f0316326-3a07-479d-8058-64131c18b509">
        <Description>這些是本機測試回合的預設測試設定。</Description>
        <Execution>
          <TestTypeSpecific>
            <WebTestRunConfiguration testTypeId="4e7599fa-5ecb-43e9-a887-cd63cf72d207">
              <Browser name="Internet Explorer 7.0">
                <Headers>
                  <Header name="User-Agent" value="Mozilla/4.0 (compatible; MSIE 7.0; Windows NT 5.1)" />
                  <Header name="Accept" value="*/*" />
                  <Header name="Accept-Language" value="{{$IEAcceptLanguage}}" />
                  <Header name="Accept-Encoding" value="GZIP" />
                </Headers>
              </Browser>
            </WebTestRunConfiguration>
          </TestTypeSpecific>
          <AgentRule name="Execution Agents">
          </AgentRule>
        </Execution>
        <Deployment runDeploymentRoot="YSHuang_ANSONHUANG 2017-05-16 11_05_22" />
      </TestSettings>
      <WebTestResultFilePath>YSHuang_ANSONHUANG 2017-05-16 11_05_22\In\88f565dc-0c65-4159-a3c7-1df7808441b5\WebTest1.webtestResult</WebTestResultFilePath>
    </WebTestResult>
  </Results>
</TestRun>