<?xml version="1.0" encoding="UTF-8"?>
<TestRun id="534dfb55-2928-4aa5-8976-f974e9c897c2" name="YSHuang@ANSONHUANG 2017-05-16 11:28:00" runUser="AnsonHuang\YSHuang" xmlns="http://microsoft.com/schemas/VisualStudio/TeamTest/2010">
  <TestSettings name="本機" id="f0316326-3a07-479d-8058-64131c18b509">
    <Description>這些是本機測試回合的預設測試設定。</Description>
    <Execution>
      <TestTypeSpecific />
      <AgentRule name="Execution Agents">
      </AgentRule>
    </Execution>
    <Deployment runDeploymentRoot="YSHuang_ANSONHUANG 2017-05-16 11_28_00" />
  </TestSettings>
  <Times creation="2017-05-16T11:28:00.3003923+08:00" queuing="2017-05-16T11:28:00.4939310+08:00" start="2017-05-16T11:28:00.6134549+08:00" finish="2017-05-16T11:28:11.9497217+08:00" />
  <ResultSummary outcome="Completed">
    <Counters total="1" executed="1" passed="1" error="0" failed="0" timeout="0" aborted="0" inconclusive="0" passedButRunAborted="0" notRunnable="0" notExecuted="0" disconnected="0" warning="0" completed="0" inProgress="0" pending="0" />
  </ResultSummary>
  <TestDefinitions>
    <WebTest name="WebTest1" storage="d:\git\attendant\loadtesting\loadtesting\webtest1.webtest" id="1265e208-ff74-47d4-bee0-67170f6c4143" persistedWebTest="77u/PD94bWwgdmVyc2lvbj0iMS4wIiBlbmNvZGluZz0iVVRGLTgiIHN0YW5kYWxvbmU9InllcyI/Pg0KPFdlYlRlc3QgTmFtZT0iV2ViVGVzdDEiIElkPSIxMjY1ZTIwOC1mZjc0LTQ3ZDQtYmVlMC02NzE3MGY2YzQxNDMiIE93bmVyPSIiIFByaW9yaXR5PSIyMTQ3NDgzNjQ3IiBFbmFibGVkPSJUcnVlIiBDc3NQcm9qZWN0U3RydWN0dXJlPSIiIENzc0l0ZXJhdGlvbj0iIiBUaW1lb3V0PSIwIiBXb3JrSXRlbUlkcz0iIiB4bWxucz0iaHR0cDovL21pY3Jvc29mdC5jb20vc2NoZW1hcy9WaXN1YWxTdHVkaW8vVGVhbVRlc3QvMjAxMCIgRGVzY3JpcHRpb249IiIgQ3JlZGVudGlhbFVzZXJOYW1lPSIiIENyZWRlbnRpYWxQYXNzd29yZD0iIiBQcmVBdXRoZW50aWNhdGU9IlRydWUiIFByb3h5PSJkZWZhdWx0IiBTdG9wT25FcnJvcj0iRmFsc2UiIFJlY29yZGVkUmVzdWx0RmlsZT0iV2ViVGVzdDEuMTgxYjNhMDMtZWNkMi00MjZmLTkxMmMtNTRjNmQyYzJhM2VlLnJlYy53ZWJ0ZXN0cmVzdWx0IiBSZXN1bHRzTG9jYWxlPSIiPg0KICA8SXRlbXM+DQogICAgPFJlcXVlc3QgTWV0aG9kPSJHRVQiIEd1aWQ9ImRlNDE4ODJjLTU2MDUtNGRkMC1hY2Y5LTE4YjJiYWE5OWIwZiIgVmVyc2lvbj0iMS4xIiBVcmw9Imh0dHA6Ly8xMC4xMS4zNi4xMTQ6ODAwNy9ocmxvZ2luL2hybG9naW4uYXNweCIgVGhpbmtUaW1lPSIwIiBUaW1lb3V0PSIzMDAiIFBhcnNlRGVwZW5kZW50UmVxdWVzdHM9IlRydWUiIEZvbGxvd1JlZGlyZWN0cz0iVHJ1ZSIgUmVjb3JkUmVzdWx0PSJUcnVlIiBDYWNoZT0iRmFsc2UiIFJlc3BvbnNlVGltZUdvYWw9IjAiIEVuY29kaW5nPSJ1dGYtOCIgRXhwZWN0ZWRIdHRwU3RhdHVzQ29kZT0iMCIgRXhwZWN0ZWRSZXNwb25zZVVybD0iIiBSZXBvcnRpbmdOYW1lPSIiIElnbm9yZUh0dHBTdGF0dXNDb2RlPSJGYWxzZSI+DQogICAgICA8RXh0cmFjdGlvblJ1bGVzPg0KICAgICAgICA8RXh0cmFjdGlvblJ1bGUgQ2xhc3NuYW1lPSJNaWNyb3NvZnQuVmlzdWFsU3R1ZGlvLlRlc3RUb29scy5XZWJUZXN0aW5nLlJ1bGVzLkV4dHJhY3RIaWRkZW5GaWVsZHMsIE1pY3Jvc29mdC5WaXN1YWxTdHVkaW8uUXVhbGl0eVRvb2xzLldlYlRlc3RGcmFtZXdvcmssIFZlcnNpb249MTAuMC4wLjAsIEN1bHR1cmU9bmV1dHJhbCwgUHVibGljS2V5VG9rZW49YjAzZjVmN2YxMWQ1MGEzYSIgVmFyaWFibGVOYW1lPSIxIiBEaXNwbGF5TmFtZT0i5pO35Y+W6Zqx6JeP5qyE5L2NIiBEZXNjcmlwdGlvbj0i5pO35Y+W5Zue5oeJ5Lit55qE5omA5pyJ6Zqx6JeP5qyE5L2N77yM5Lim5bCH5a6D5YCR5pS+5Zyo5ris6Kmm5YWn5a655Lit44CCIj4NCiAgICAgICAgICA8UnVsZVBhcmFtZXRlcnM+DQogICAgICAgICAgICA8UnVsZVBhcmFtZXRlciBOYW1lPSJSZXF1aXJlZCIgVmFsdWU9IlRydWUiIC8+DQogICAgICAgICAgICA8UnVsZVBhcmFtZXRlciBOYW1lPSJIdG1sRGVjb2RlIiBWYWx1ZT0iVHJ1ZSIgLz4NCiAgICAgICAgICA8L1J1bGVQYXJhbWV0ZXJzPg0KICAgICAgICA8L0V4dHJhY3Rpb25SdWxlPg0KICAgICAgPC9FeHRyYWN0aW9uUnVsZXM+DQogICAgICA8Q29ycmVsYXRpb25FeHRyYWN0aW9uUnVsZXM+DQogICAgICAgIDxFeHRyYWN0aW9uUnVsZSBDbGFzc25hbWU9Ik1pY3Jvc29mdC5WaXN1YWxTdHVkaW8uVGVzdFRvb2xzLldlYlRlc3RpbmcuUnVsZXMuRXh0cmFjdEZvcm1GaWVsZCwgTWljcm9zb2Z0LlZpc3VhbFN0dWRpby5RdWFsaXR5VG9vbHMuV2ViVGVzdEZyYW1ld29yaywgVmVyc2lvbj0xMC4wLjAuMCwgQ3VsdHVyZT1uZXV0cmFsLCBQdWJsaWNLZXlUb2tlbj1iMDNmNWY3ZjExZDUwYTNhIiBWYXJpYWJsZU5hbWU9IkZvcm1Qb3N0UGFyYW00MC5idG5FeGVjdXRlIiBEaXNwbGF5TmFtZT0iIiBEZXNjcmlwdGlvbj0iIj4NCiAgICAgICAgICA8UnVsZVBhcmFtZXRlcnM+DQogICAgICAgICAgICA8UnVsZVBhcmFtZXRlciBOYW1lPSJOYW1lIiBWYWx1ZT0iYnRuRXhlY3V0ZSIgLz4NCiAgICAgICAgICAgIDxSdWxlUGFyYW1ldGVyIE5hbWU9Ikh0bWxEZWNvZGUiIFZhbHVlPSJUcnVlIiAvPg0KICAgICAgICAgICAgPFJ1bGVQYXJhbWV0ZXIgTmFtZT0iUmVxdWlyZWQiIFZhbHVlPSJGYWxzZSIgLz4NCiAgICAgICAgICAgIDxSdWxlUGFyYW1ldGVyIE5hbWU9IkluZGV4IiBWYWx1ZT0iMCIgLz4NCiAgICAgICAgICA8L1J1bGVQYXJhbWV0ZXJzPg0KICAgICAgICA8L0V4dHJhY3Rpb25SdWxlPg0KICAgICAgICA8RXh0cmFjdGlvblJ1bGUgQ2xhc3NuYW1lPSJNaWNyb3NvZnQuVmlzdWFsU3R1ZGlvLlRlc3RUb29scy5XZWJUZXN0aW5nLlJ1bGVzLkV4dHJhY3RUZXh0LCBNaWNyb3NvZnQuVmlzdWFsU3R1ZGlvLlF1YWxpdHlUb29scy5XZWJUZXN0RnJhbWV3b3JrLCBWZXJzaW9uPTEwLjAuMC4wLCBDdWx0dXJlPW5ldXRyYWwsIFB1YmxpY0tleVRva2VuPWIwM2Y1ZjdmMTFkNTBhM2EiIFZhcmlhYmxlTmFtZT0iRm9ybVBvc3RQYXJhbTQxLmRkbFVJQ3VsdHVyZSIgRGlzcGxheU5hbWU9IiIgRGVzY3JpcHRpb249IiI+DQogICAgICAgICAgPFJ1bGVQYXJhbWV0ZXJzPg0KICAgICAgICAgICAgPFJ1bGVQYXJhbWV0ZXIgTmFtZT0iU3RhcnRzV2l0aCIgVmFsdWU9Imx1ZT0mcXVvdDsiIC8+DQogICAgICAgICAgICA8UnVsZVBhcmFtZXRlciBOYW1lPSJFbmRzV2l0aCIgVmFsdWU9IiZxdW90OyZndDvmraPpq5TkuK0iIC8+DQogICAgICAgICAgICA8UnVsZVBhcmFtZXRlciBOYW1lPSJJbmRleCIgVmFsdWU9IjgiIC8+DQogICAgICAgICAgICA8UnVsZVBhcmFtZXRlciBOYW1lPSJJZ25vcmVDYXNlIiBWYWx1ZT0iRmFsc2UiIC8+DQogICAgICAgICAgICA8UnVsZVBhcmFtZXRlciBOYW1lPSJVc2VSZWd1bGFyRXhwcmVzc2lvbiIgVmFsdWU9IkZhbHNlIiAvPg0KICAgICAgICAgICAgPFJ1bGVQYXJhbWV0ZXIgTmFtZT0iSHRtbERlY29kZSIgVmFsdWU9IlRydWUiIC8+DQogICAgICAgICAgICA8UnVsZVBhcmFtZXRlciBOYW1lPSJSZXF1aXJlZCIgVmFsdWU9IkZhbHNlIiAvPg0KICAgICAgICAgIDwvUnVsZVBhcmFtZXRlcnM+DQogICAgICAgIDwvRXh0cmFjdGlvblJ1bGU+DQogICAgICA8L0NvcnJlbGF0aW9uRXh0cmFjdGlvblJ1bGVzPg0KICAgIDwvUmVxdWVzdD4NCiAgICA8UmVxdWVzdCBNZXRob2Q9IlBPU1QiIEd1aWQ9IjY5YjA3ZjFhLWQ2NmQtNDJlNy05M2MyLTljM2JkOTczZjlhZCIgVmVyc2lvbj0iMS4xIiBVcmw9Imh0dHA6Ly8xMC4xMS4zNi4xMTQ6ODAwNy9ocmxvZ2luL2hybG9naW4uYXNweCIgVGhpbmtUaW1lPSIxNyIgVGltZW91dD0iMzAwIiBQYXJzZURlcGVuZGVudFJlcXVlc3RzPSJUcnVlIiBGb2xsb3dSZWRpcmVjdHM9IlRydWUiIFJlY29yZFJlc3VsdD0iVHJ1ZSIgQ2FjaGU9IkZhbHNlIiBSZXNwb25zZVRpbWVHb2FsPSIwIiBFbmNvZGluZz0idXRmLTgiIEV4cGVjdGVkSHR0cFN0YXR1c0NvZGU9IjAiIEV4cGVjdGVkUmVzcG9uc2VVcmw9IiIgUmVwb3J0aW5nTmFtZT0iIiBJZ25vcmVIdHRwU3RhdHVzQ29kZT0iRmFsc2UiPg0KICAgICAgPEZvcm1Qb3N0SHR0cEJvZHk+DQogICAgICAgIDxGb3JtUG9zdFBhcmFtZXRlciBOYW1lPSJfX0xBU1RGT0NVUyIgVmFsdWU9Int7JEhJRERFTjEuX19MQVNURk9DVVN9fSIgUmVjb3JkZWRWYWx1ZT0iIiBDb3JyZWxhdGlvbkJpbmRpbmc9IiIgVXJsRW5jb2RlPSJUcnVlIiAvPg0KICAgICAgICA8Rm9ybVBvc3RQYXJhbWV0ZXIgTmFtZT0iX19FVkVOVFRBUkdFVCIgVmFsdWU9Int7JEhJRERFTjEuX19FVkVOVFRBUkdFVH19IiBSZWNvcmRlZFZhbHVlPSIiIENvcnJlbGF0aW9uQmluZGluZz0iIiBVcmxFbmNvZGU9IlRydWUiIC8+DQogICAgICAgIDxGb3JtUG9zdFBhcmFtZXRlciBOYW1lPSJfX0VWRU5UQVJHVU1FTlQiIFZhbHVlPSJ7eyRISURERU4xLl9fRVZFTlRBUkdVTUVOVH19IiBSZWNvcmRlZFZhbHVlPSIiIENvcnJlbGF0aW9uQmluZGluZz0iIiBVcmxFbmNvZGU9IlRydWUiIC8+DQogICAgICAgIDxGb3JtUG9zdFBhcmFtZXRlciBOYW1lPSJfX1ZJRVdTVEFURSIgVmFsdWU9Int7JEhJRERFTjEuX19WSUVXU1RBVEV9fSIgUmVjb3JkZWRWYWx1ZT0iL3dFUER3VUtMVFExTkRNMU1UQTBNZzlrRmdJQ0F3OWtGZ1FDQVE4V0FoNEhWbWx6YVdKc1pXY1dCQUlCRHc4V0hoNEtYMDFoZUV4bGJtZDBhR1llRWw5SmMwRjFkRzlVYjFWd2NHVnlRMkZ6WldnZURGOUpjMEZqZEdsMlpVbE5SV2NlQzE5SmMxQmhjM04zYjNKa2FCNE9YMVJsZUhSVGFHbG1kRXRwYm1RTEtYOVRhVzV2VUdGakxsZGxZa1Y0Y0hKbGMzTXVRMjl0Ylc5dUxsVjBhV3dyVkdWNGRGTm9hV1owUzJsdVpDd2dVMmx1YjFCaFl5NVhaV0pGZUhCeVpYTnpMa052YlcxdmJpd2dWbVZ5YzJsdmJqMDNMak11TXpFdU1Td2dRM1ZzZEhWeVpUMXVaWFYwY21Gc0xDQlFkV0pzYVdOTFpYbFViMnRsYmoxdWRXeHNBQjRLWDFkaGRHVnlUV0Z5YTJVZUNGOUpjME5zWldGeWFCNElYMVJ2YjJ4VWFYQmxIZ3RmU1hOU1pXRmtUMjVzZVdnZUNWOURjM05EYkdGemMyVWVEMTlKYzFkcFpIUm9RbmxRYVhobGJHY2VFMTlKYzBScGMzQkZiblJsY21Wa1YyOXlaSE5vSGdaZlYybGtkR2dDVUI0SVgwbHpSbTlqZFhObkhnbGZTWE5TWldkRmVIQm9aQllFQWdFUFpCWUNBZ0VQRUE5a0ZnSWVCMjl1WTJ4cFkyc0Z2d0YyWVhJZ2IxWmhiR2xrSUQwZ1pHOWpkVzFsYm5RdVoyVjBSV3hsYldWdWRFSjVTV1FvSjNSNGRGVnpaWEpKUkY5U1pYRjFhWEpsWkVacFpXeGtWbUZzYVdSaGRHOXlNU2NwTzFaaGJHbGtZWFJ2Y2tWdVlXSnNaU2h2Vm1Gc2FXUXNkR2hwY3k1amFHVmphMlZrS1R0VmRHbHNYME5vYTBKdmVGUnZaMmRzWlZacGMybGlhV3hwZEhrb0ozUjRkRlZ6WlhKSlJGOWphR3RXYVhOcFltbHNhWFI1Snl3Z0ozUjRkRlZ6WlhKSlJGOWthWFpFWVhSaFFYSmxZU2NwTzJSa1pBSUREeFlDSGdWemRIbHNaUVUyWm14dllYUTZiR1ZtZER0a2FYTndiR0Y1T21sdWJHbHVaUzFpYkc5amF6dHdZV1JrYVc1bk9qQTdkbWx6YVdKcGJHbDBlVG83RmdZQ0FROFBGZ2dlQ0ZKbFlXUlBibXg1YUI0RlYybGtkR2diQUFBQUFBQUFWRUFCQUFBQUhnaERjM05EYkdGemMyVWVCRjhoVTBJQ2dnSVdBaDRIYjI1clpYbDFjQVVPZEdocGN5NTBhWFJzWlQwbkp6dGtBZ01QRHhZRUh4TWJBQUFBQUFBQVZFQUJBQUFBSHhVQ2dBSmtaQUlGRDJRV0FnSUJEdzhXQWg0RVZHVjRkQVVYVytXa3ArV3ZxK21PbHVXdW1sM2x0N0xsbFovbmxLZ1dBaDhSQlpRQmNHRmtaR2x1WnpvZ01uQjRJREV3Y0hnZ01uQjRJREV3Y0hnN0lHTnZiRzl5T2lNd01EQTdJR0poWTJ0bmNtOTFibVE2SUNOR1JrVTRRVFk3SUdadmJuUXRkMlZwWjJoME9pQmliMnhrT3lCaWIzSmtaWEk2SURGd2VDQnpiMnhwWkNCa1lYSnJaM0poZVRzZ2QyaHBkR1V0YzNCaFkyVTZJRzV2ZDNKaGNEc2dZbTl5WkdWeUxYSmhaR2wxY3pvZ00zQjRPMlFDQXc4UUR4WUdIZzVFWVhSaFZtRnNkV1ZHYVdWc1pBVURTMlY1SGcxRVlYUmhWR1Y0ZEVacFpXeGtCUVZXWVd4MVpSNExYeUZFWVhSaFFtOTFibVJuWkJBVkJBZEZibWRzYVhOb0RPZXVnT1M5aytTNHJlYVdod3ptcmFQcHE1VGt1SzNtbG9jTTU2NkE1TDJUNXJHSjZLK3RGUVFDWlc0R2VtZ3RRMGhUQm5wb0xVTklWQWQ2YUMxSVlXNXpGQ3NEQkdkbloyZGtaQUlERHc4V0FoOFhaV1JrWkNjVlJZWFRoOWpDQ013U2N3NG5SdVYwOW0vOSIgQ29ycmVsYXRpb25CaW5kaW5nPSIiIFVybEVuY29kZT0iVHJ1ZSIgLz4NCiAgICAgICAgPEZvcm1Qb3N0UGFyYW1ldGVyIE5hbWU9Il9fVklFV1NUQVRFR0VORVJBVE9SIiBWYWx1ZT0ie3skSElEREVOMS5fX1ZJRVdTVEFURUdFTkVSQVRPUn19IiBSZWNvcmRlZFZhbHVlPSI1QkIwRjI5MCIgQ29ycmVsYXRpb25CaW5kaW5nPSIiIFVybEVuY29kZT0iVHJ1ZSIgLz4NCiAgICAgICAgPEZvcm1Qb3N0UGFyYW1ldGVyIE5hbWU9Il9fRVZFTlRWQUxJREFUSU9OIiBWYWx1ZT0ie3skSElEREVOMS5fX0VWRU5UVkFMSURBVElPTn19IiBSZWNvcmRlZFZhbHVlPSIvd0VkQUFqWnpnZWRLN1dIbnVLQTJvK3NWUkFUWmhUcW8yeWRyY0F2VlhoVlgwS0ZLWUlGZlJSWmhYc3hVeTQzcWZtVmdQK0xSYnFYQXI0cFhSQXg1TGdQUEZqZ2VDUEZjbjVhUE1ZaEI2Z2VsMG8vYmwzRlEvcW5RVzJ1Rm9aUG5od3JKMWRnekNrcHFjWEhvTFdSK2ZjOHhIM1lSclBwR3pyRCtaRzBXazRZcm4zNUZ2a2VmL3RaUmc3R2NGTjM3TmdLRzZVV05QZ2UiIENvcnJlbGF0aW9uQmluZGluZz0iIiBVcmxFbmNvZGU9IlRydWUiIC8+DQogICAgICAgIDxGb3JtUG9zdFBhcmFtZXRlciBOYW1lPSJ0eHRVc2VySUQkdHh0RGF0YSIgVmFsdWU9IjEwMjA5OSIgUmVjb3JkZWRWYWx1ZT0iMTAyMDk5IiBDb3JyZWxhdGlvbkJpbmRpbmc9IiIgVXJsRW5jb2RlPSJUcnVlIiAvPg0KICAgICAgICA8Rm9ybVBvc3RQYXJhbWV0ZXIgTmFtZT0iZGRsVUlDdWx0dXJlIiBWYWx1ZT0iemgtQ0hUIiBSZWNvcmRlZFZhbHVlPSJ6aC1DSFQiIENvcnJlbGF0aW9uQmluZGluZz0ie3tGb3JtUG9zdFBhcmFtNDEuZGRsVUlDdWx0dXJlfX0iIFVybEVuY29kZT0iVHJ1ZSIgLz4NCiAgICAgICAgPEZvcm1Qb3N0UGFyYW1ldGVyIE5hbWU9ImJ0bkV4ZWN1dGUiIFZhbHVlPSJMb2NhbCBMb2dpbiIgUmVjb3JkZWRWYWx1ZT0iTG9jYWwgTG9naW4iIENvcnJlbGF0aW9uQmluZGluZz0ie3tGb3JtUG9zdFBhcmFtNDAuYnRuRXhlY3V0ZX19IiBVcmxFbmNvZGU9IlRydWUiIC8+DQogICAgICA8L0Zvcm1Qb3N0SHR0cEJvZHk+DQogICAgPC9SZXF1ZXN0Pg0KICAgIDxSZXF1ZXN0IE1ldGhvZD0iR0VUIiBHdWlkPSIyMGY1MGZkZC1mZDgxLTQ2OTMtYjcxOC0xNDMyMWY4NTdlZDUiIFZlcnNpb249IjEuMSIgVXJsPSJodHRwOi8vMTAuMTEuMzYuMTE0OjgwMDcvT3ZlclRpbWUvT3ZlcnRpbWVQcmVPcmRlci5hc3B4IiBUaGlua1RpbWU9IjYiIFRpbWVvdXQ9IjMwMCIgUGFyc2VEZXBlbmRlbnRSZXF1ZXN0cz0iVHJ1ZSIgRm9sbG93UmVkaXJlY3RzPSJUcnVlIiBSZWNvcmRSZXN1bHQ9IlRydWUiIENhY2hlPSJGYWxzZSIgUmVzcG9uc2VUaW1lR29hbD0iMCIgRW5jb2Rpbmc9InV0Zi04IiBFeHBlY3RlZEh0dHBTdGF0dXNDb2RlPSIwIiBFeHBlY3RlZFJlc3BvbnNlVXJsPSIiIFJlcG9ydGluZ05hbWU9IiIgSWdub3JlSHR0cFN0YXR1c0NvZGU9IkZhbHNlIj4NCiAgICAgIDxFeHRyYWN0aW9uUnVsZXM+DQogICAgICAgIDxFeHRyYWN0aW9uUnVsZSBDbGFzc25hbWU9Ik1pY3Jvc29mdC5WaXN1YWxTdHVkaW8uVGVzdFRvb2xzLldlYlRlc3RpbmcuUnVsZXMuRXh0cmFjdEhpZGRlbkZpZWxkcywgTWljcm9zb2Z0LlZpc3VhbFN0dWRpby5RdWFsaXR5VG9vbHMuV2ViVGVzdEZyYW1ld29yaywgVmVyc2lvbj0xMC4wLjAuMCwgQ3VsdHVyZT1uZXV0cmFsLCBQdWJsaWNLZXlUb2tlbj1iMDNmNWY3ZjExZDUwYTNhIiBWYXJpYWJsZU5hbWU9IjEiIERpc3BsYXlOYW1lPSLmk7flj5bpmrHol4/mrITkvY0iIERlc2NyaXB0aW9uPSLmk7flj5blm57mh4nkuK3nmoTmiYDmnInpmrHol4/mrITkvY3vvIzkuKblsIflroPlgJHmlL7lnKjmuKzoqablhaflrrnkuK3jgIIiPg0KICAgICAgICAgIDxSdWxlUGFyYW1ldGVycz4NCiAgICAgICAgICAgIDxSdWxlUGFyYW1ldGVyIE5hbWU9IlJlcXVpcmVkIiBWYWx1ZT0iVHJ1ZSIgLz4NCiAgICAgICAgICAgIDxSdWxlUGFyYW1ldGVyIE5hbWU9Ikh0bWxEZWNvZGUiIFZhbHVlPSJUcnVlIiAvPg0KICAgICAgICAgIDwvUnVsZVBhcmFtZXRlcnM+DQogICAgICAgIDwvRXh0cmFjdGlvblJ1bGU+DQogICAgICA8L0V4dHJhY3Rpb25SdWxlcz4NCiAgICAgIDxDb3JyZWxhdGlvbkV4dHJhY3Rpb25SdWxlcz4NCiAgICAgICAgPEV4dHJhY3Rpb25SdWxlIENsYXNzbmFtZT0iTWljcm9zb2Z0LlZpc3VhbFN0dWRpby5UZXN0VG9vbHMuV2ViVGVzdGluZy5SdWxlcy5FeHRyYWN0Rm9ybUZpZWxkLCBNaWNyb3NvZnQuVmlzdWFsU3R1ZGlvLlF1YWxpdHlUb29scy5XZWJUZXN0RnJhbWV3b3JrLCBWZXJzaW9uPTEwLjAuMC4wLCBDdWx0dXJlPW5ldXRyYWwsIFB1YmxpY0tleVRva2VuPWIwM2Y1ZjdmMTFkNTBhM2EiIFZhcmlhYmxlTmFtZT0iRm9ybVBvc3RQYXJhbTM2LmJ0blF1ZXJ5IiBEaXNwbGF5TmFtZT0iIiBEZXNjcmlwdGlvbj0iIj4NCiAgICAgICAgICA8UnVsZVBhcmFtZXRlcnM+DQogICAgICAgICAgICA8UnVsZVBhcmFtZXRlciBOYW1lPSJOYW1lIiBWYWx1ZT0iYnRuUXVlcnkiIC8+DQogICAgICAgICAgICA8UnVsZVBhcmFtZXRlciBOYW1lPSJIdG1sRGVjb2RlIiBWYWx1ZT0iVHJ1ZSIgLz4NCiAgICAgICAgICAgIDxSdWxlUGFyYW1ldGVyIE5hbWU9IlJlcXVpcmVkIiBWYWx1ZT0iRmFsc2UiIC8+DQogICAgICAgICAgICA8UnVsZVBhcmFtZXRlciBOYW1lPSJJbmRleCIgVmFsdWU9IjAiIC8+DQogICAgICAgICAgPC9SdWxlUGFyYW1ldGVycz4NCiAgICAgICAgPC9FeHRyYWN0aW9uUnVsZT4NCiAgICAgICAgPEV4dHJhY3Rpb25SdWxlIENsYXNzbmFtZT0iTWljcm9zb2Z0LlZpc3VhbFN0dWRpby5UZXN0VG9vbHMuV2ViVGVzdGluZy5SdWxlcy5FeHRyYWN0Rm9ybUZpZWxkLCBNaWNyb3NvZnQuVmlzdWFsU3R1ZGlvLlF1YWxpdHlUb29scy5XZWJUZXN0RnJhbWV3b3JrLCBWZXJzaW9uPTEwLjAuMC4wLCBDdWx0dXJlPW5ldXRyYWwsIFB1YmxpY0tleVRva2VuPWIwM2Y1ZjdmMTFkNTBhM2EiIFZhcmlhYmxlTmFtZT0iRm9ybVBvc3RQYXJhbTM3LnR4dE9URW1wSUQiIERpc3BsYXlOYW1lPSIiIERlc2NyaXB0aW9uPSIiPg0KICAgICAgICAgIDxSdWxlUGFyYW1ldGVycz4NCiAgICAgICAgICAgIDxSdWxlUGFyYW1ldGVyIE5hbWU9Ik5hbWUiIFZhbHVlPSJ0eHRPVEVtcElEIiAvPg0KICAgICAgICAgICAgPFJ1bGVQYXJhbWV0ZXIgTmFtZT0iSHRtbERlY29kZSIgVmFsdWU9IlRydWUiIC8+DQogICAgICAgICAgICA8UnVsZVBhcmFtZXRlciBOYW1lPSJSZXF1aXJlZCIgVmFsdWU9IkZhbHNlIiAvPg0KICAgICAgICAgICAgPFJ1bGVQYXJhbWV0ZXIgTmFtZT0iSW5kZXgiIFZhbHVlPSIwIiAvPg0KICAgICAgICAgIDwvUnVsZVBhcmFtZXRlcnM+DQogICAgICAgIDwvRXh0cmFjdGlvblJ1bGU+DQogICAgICAgIDxFeHRyYWN0aW9uUnVsZSBDbGFzc25hbWU9Ik1pY3Jvc29mdC5WaXN1YWxTdHVkaW8uVGVzdFRvb2xzLldlYlRlc3RpbmcuUnVsZXMuRXh0cmFjdFRleHQsIE1pY3Jvc29mdC5WaXN1YWxTdHVkaW8uUXVhbGl0eVRvb2xzLldlYlRlc3RGcmFtZXdvcmssIFZlcnNpb249MTAuMC4wLjAsIEN1bHR1cmU9bmV1dHJhbCwgUHVibGljS2V5VG9rZW49YjAzZjVmN2YxMWQ1MGEzYSIgVmFyaWFibGVOYW1lPSJGb3JtUG9zdFBhcmFtMzguZGRsUXVlcnlDb25kaXRpb25zIiBEaXNwbGF5TmFtZT0iIiBEZXNjcmlwdGlvbj0iIj4NCiAgICAgICAgICA8UnVsZVBhcmFtZXRlcnM+DQogICAgICAgICAgICA8UnVsZVBhcmFtZXRlciBOYW1lPSJTdGFydHNXaXRoIiBWYWx1ZT0icyZxdW90OzpbJnF1b3Q7IiAvPg0KICAgICAgICAgICAgPFJ1bGVQYXJhbWV0ZXIgTmFtZT0iRW5kc1dpdGgiIFZhbHVlPSImcXVvdDssJnF1b3Q7MSZxdW90OyIgLz4NCiAgICAgICAgICAgIDxSdWxlUGFyYW1ldGVyIE5hbWU9IkluZGV4IiBWYWx1ZT0iMCIgLz4NCiAgICAgICAgICAgIDxSdWxlUGFyYW1ldGVyIE5hbWU9Iklnbm9yZUNhc2UiIFZhbHVlPSJGYWxzZSIgLz4NCiAgICAgICAgICAgIDxSdWxlUGFyYW1ldGVyIE5hbWU9IlVzZVJlZ3VsYXJFeHByZXNzaW9uIiBWYWx1ZT0iRmFsc2UiIC8+DQogICAgICAgICAgICA8UnVsZVBhcmFtZXRlciBOYW1lPSJIdG1sRGVjb2RlIiBWYWx1ZT0iVHJ1ZSIgLz4NCiAgICAgICAgICAgIDxSdWxlUGFyYW1ldGVyIE5hbWU9IlJlcXVpcmVkIiBWYWx1ZT0iRmFsc2UiIC8+DQogICAgICAgICAgPC9SdWxlUGFyYW1ldGVycz4NCiAgICAgICAgPC9FeHRyYWN0aW9uUnVsZT4NCiAgICAgICAgPEV4dHJhY3Rpb25SdWxlIENsYXNzbmFtZT0iTWljcm9zb2Z0LlZpc3VhbFN0dWRpby5UZXN0VG9vbHMuV2ViVGVzdGluZy5SdWxlcy5FeHRyYWN0VGV4dCwgTWljcm9zb2Z0LlZpc3VhbFN0dWRpby5RdWFsaXR5VG9vbHMuV2ViVGVzdEZyYW1ld29yaywgVmVyc2lvbj0xMC4wLjAuMCwgQ3VsdHVyZT1uZXV0cmFsLCBQdWJsaWNLZXlUb2tlbj1iMDNmNWY3ZjExZDUwYTNhIiBWYXJpYWJsZU5hbWU9IkZvcm1Qb3N0UGFyYW0zOS5kZGxPVFN0YXR1cyIgRGlzcGxheU5hbWU9IiIgRGVzY3JpcHRpb249IiI+DQogICAgICAgICAgPFJ1bGVQYXJhbWV0ZXJzPg0KICAgICAgICAgICAgPFJ1bGVQYXJhbWV0ZXIgTmFtZT0iU3RhcnRzV2l0aCIgVmFsdWU9IiZxdW90OzAmcXVvdDssJnF1b3Q7IiAvPg0KICAgICAgICAgICAgPFJ1bGVQYXJhbWV0ZXIgTmFtZT0iRW5kc1dpdGgiIFZhbHVlPSImcXVvdDssJnF1b3Q7MiZxdW90OyIgLz4NCiAgICAgICAgICAgIDxSdWxlUGFyYW1ldGVyIE5hbWU9IkluZGV4IiBWYWx1ZT0iMCIgLz4NCiAgICAgICAgICAgIDxSdWxlUGFyYW1ldGVyIE5hbWU9Iklnbm9yZUNhc2UiIFZhbHVlPSJGYWxzZSIgLz4NCiAgICAgICAgICAgIDxSdWxlUGFyYW1ldGVyIE5hbWU9IlVzZVJlZ3VsYXJFeHByZXNzaW9uIiBWYWx1ZT0iRmFsc2UiIC8+DQogICAgICAgICAgICA8UnVsZVBhcmFtZXRlciBOYW1lPSJIdG1sRGVjb2RlIiBWYWx1ZT0iVHJ1ZSIgLz4NCiAgICAgICAgICAgIDxSdWxlUGFyYW1ldGVyIE5hbWU9IlJlcXVpcmVkIiBWYWx1ZT0iRmFsc2UiIC8+DQogICAgICAgICAgPC9SdWxlUGFyYW1ldGVycz4NCiAgICAgICAgPC9FeHRyYWN0aW9uUnVsZT4NCiAgICAgIDwvQ29ycmVsYXRpb25FeHRyYWN0aW9uUnVsZXM+DQogICAgPC9SZXF1ZXN0Pg0KICAgIDxSZXF1ZXN0IE1ldGhvZD0iUE9TVCIgR3VpZD0iYTk3ZjgyODctNGIyYy00MTU4LTkxOTktYmE4NDQ1NzMwNDYwIiBWZXJzaW9uPSIxLjEiIFVybD0iaHR0cDovLzEwLjExLjM2LjExNDo4MDA3L092ZXJUaW1lL092ZXJ0aW1lUHJlT3JkZXIuYXNweCIgVGhpbmtUaW1lPSIxNSIgVGltZW91dD0iMzAwIiBQYXJzZURlcGVuZGVudFJlcXVlc3RzPSJUcnVlIiBGb2xsb3dSZWRpcmVjdHM9IlRydWUiIFJlY29yZFJlc3VsdD0iVHJ1ZSIgQ2FjaGU9IkZhbHNlIiBSZXNwb25zZVRpbWVHb2FsPSIwIiBFbmNvZGluZz0idXRmLTgiIEV4cGVjdGVkSHR0cFN0YXR1c0NvZGU9IjAiIEV4cGVjdGVkUmVzcG9uc2VVcmw9IiIgUmVwb3J0aW5nTmFtZT0iIiBJZ25vcmVIdHRwU3RhdHVzQ29kZT0iRmFsc2UiPg0KICAgICAgPEV4dHJhY3Rpb25SdWxlcz4NCiAgICAgICAgPEV4dHJhY3Rpb25SdWxlIENsYXNzbmFtZT0iTWljcm9zb2Z0LlZpc3VhbFN0dWRpby5UZXN0VG9vbHMuV2ViVGVzdGluZy5SdWxlcy5FeHRyYWN0SGlkZGVuRmllbGRzLCBNaWNyb3NvZnQuVmlzdWFsU3R1ZGlvLlF1YWxpdHlUb29scy5XZWJUZXN0RnJhbWV3b3JrLCBWZXJzaW9uPTEwLjAuMC4wLCBDdWx0dXJlPW5ldXRyYWwsIFB1YmxpY0tleVRva2VuPWIwM2Y1ZjdmMTFkNTBhM2EiIFZhcmlhYmxlTmFtZT0iMSIgRGlzcGxheU5hbWU9IuaTt+WPlumaseiXj+ashOS9jSIgRGVzY3JpcHRpb249IuaTt+WPluWbnuaHieS4reeahOaJgOaciemaseiXj+ashOS9je+8jOS4puWwh+Wug+WAkeaUvuWcqOa4rOippuWFp+WuueS4reOAgiI+DQogICAgICAgICAgPFJ1bGVQYXJhbWV0ZXJzPg0KICAgICAgICAgICAgPFJ1bGVQYXJhbWV0ZXIgTmFtZT0iUmVxdWlyZWQiIFZhbHVlPSJUcnVlIiAvPg0KICAgICAgICAgICAgPFJ1bGVQYXJhbWV0ZXIgTmFtZT0iSHRtbERlY29kZSIgVmFsdWU9IlRydWUiIC8+DQogICAgICAgICAgPC9SdWxlUGFyYW1ldGVycz4NCiAgICAgICAgPC9FeHRyYWN0aW9uUnVsZT4NCiAgICAgIDwvRXh0cmFjdGlvblJ1bGVzPg0KICAgICAgPENvcnJlbGF0aW9uRXh0cmFjdGlvblJ1bGVzPg0KICAgICAgICA8RXh0cmFjdGlvblJ1bGUgQ2xhc3NuYW1lPSJNaWNyb3NvZnQuVmlzdWFsU3R1ZGlvLlRlc3RUb29scy5XZWJUZXN0aW5nLlJ1bGVzLkV4dHJhY3RGb3JtRmllbGQsIE1pY3Jvc29mdC5WaXN1YWxTdHVkaW8uUXVhbGl0eVRvb2xzLldlYlRlc3RGcmFtZXdvcmssIFZlcnNpb249MTAuMC4wLjAsIEN1bHR1cmU9bmV1dHJhbCwgUHVibGljS2V5VG9rZW49YjAzZjVmN2YxMWQ1MGEzYSIgVmFyaWFibGVOYW1lPSJGb3JtUG9zdFBhcmFtMzIuYnRuVXBkYXRlIiBEaXNwbGF5TmFtZT0iIiBEZXNjcmlwdGlvbj0iIj4NCiAgICAgICAgICA8UnVsZVBhcmFtZXRlcnM+DQogICAgICAgICAgICA8UnVsZVBhcmFtZXRlciBOYW1lPSJOYW1lIiBWYWx1ZT0iYnRuVXBkYXRlIiAvPg0KICAgICAgICAgICAgPFJ1bGVQYXJhbWV0ZXIgTmFtZT0iSHRtbERlY29kZSIgVmFsdWU9IlRydWUiIC8+DQogICAgICAgICAgICA8UnVsZVBhcmFtZXRlciBOYW1lPSJSZXF1aXJlZCIgVmFsdWU9IkZhbHNlIiAvPg0KICAgICAgICAgICAgPFJ1bGVQYXJhbWV0ZXIgTmFtZT0iSW5kZXgiIFZhbHVlPSIwIiAvPg0KICAgICAgICAgIDwvUnVsZVBhcmFtZXRlcnM+DQogICAgICAgIDwvRXh0cmFjdGlvblJ1bGU+DQogICAgICAgIDxFeHRyYWN0aW9uUnVsZSBDbGFzc25hbWU9Ik1pY3Jvc29mdC5WaXN1YWxTdHVkaW8uVGVzdFRvb2xzLldlYlRlc3RpbmcuUnVsZXMuRXh0cmFjdEZvcm1GaWVsZCwgTWljcm9zb2Z0LlZpc3VhbFN0dWRpby5RdWFsaXR5VG9vbHMuV2ViVGVzdEZyYW1ld29yaywgVmVyc2lvbj0xMC4wLjAuMCwgQ3VsdHVyZT1uZXV0cmFsLCBQdWJsaWNLZXlUb2tlbj1iMDNmNWY3ZjExZDUwYTNhIiBWYXJpYWJsZU5hbWU9IkZvcm1Qb3N0UGFyYW0zMy50eHRPVEVtcElEIiBEaXNwbGF5TmFtZT0iIiBEZXNjcmlwdGlvbj0iIj4NCiAgICAgICAgICA8UnVsZVBhcmFtZXRlcnM+DQogICAgICAgICAgICA8UnVsZVBhcmFtZXRlciBOYW1lPSJOYW1lIiBWYWx1ZT0idHh0T1RFbXBJRCIgLz4NCiAgICAgICAgICAgIDxSdWxlUGFyYW1ldGVyIE5hbWU9Ikh0bWxEZWNvZGUiIFZhbHVlPSJUcnVlIiAvPg0KICAgICAgICAgICAgPFJ1bGVQYXJhbWV0ZXIgTmFtZT0iUmVxdWlyZWQiIFZhbHVlPSJGYWxzZSIgLz4NCiAgICAgICAgICAgIDxSdWxlUGFyYW1ldGVyIE5hbWU9IkluZGV4IiBWYWx1ZT0iMCIgLz4NCiAgICAgICAgICA8L1J1bGVQYXJhbWV0ZXJzPg0KICAgICAgICA8L0V4dHJhY3Rpb25SdWxlPg0KICAgICAgICA8RXh0cmFjdGlvblJ1bGUgQ2xhc3NuYW1lPSJNaWNyb3NvZnQuVmlzdWFsU3R1ZGlvLlRlc3RUb29scy5XZWJUZXN0aW5nLlJ1bGVzLkV4dHJhY3RUZXh0LCBNaWNyb3NvZnQuVmlzdWFsU3R1ZGlvLlF1YWxpdHlUb29scy5XZWJUZXN0RnJhbWV3b3JrLCBWZXJzaW9uPTEwLjAuMC4wLCBDdWx0dXJlPW5ldXRyYWwsIFB1YmxpY0tleVRva2VuPWIwM2Y1ZjdmMTFkNTBhM2EiIFZhcmlhYmxlTmFtZT0iRm9ybVBvc3RQYXJhbTM0LmRkbFF1ZXJ5Q29uZGl0aW9ucyIgRGlzcGxheU5hbWU9IiIgRGVzY3JpcHRpb249IiI+DQogICAgICAgICAgPFJ1bGVQYXJhbWV0ZXJzPg0KICAgICAgICAgICAgPFJ1bGVQYXJhbWV0ZXIgTmFtZT0iU3RhcnRzV2l0aCIgVmFsdWU9InMmcXVvdDs6WyZxdW90OyIgLz4NCiAgICAgICAgICAgIDxSdWxlUGFyYW1ldGVyIE5hbWU9IkVuZHNXaXRoIiBWYWx1ZT0iJnF1b3Q7LCZxdW90OzEmcXVvdDsiIC8+DQogICAgICAgICAgICA8UnVsZVBhcmFtZXRlciBOYW1lPSJJbmRleCIgVmFsdWU9IjAiIC8+DQogICAgICAgICAgICA8UnVsZVBhcmFtZXRlciBOYW1lPSJJZ25vcmVDYXNlIiBWYWx1ZT0iRmFsc2UiIC8+DQogICAgICAgICAgICA8UnVsZVBhcmFtZXRlciBOYW1lPSJVc2VSZWd1bGFyRXhwcmVzc2lvbiIgVmFsdWU9IkZhbHNlIiAvPg0KICAgICAgICAgICAgPFJ1bGVQYXJhbWV0ZXIgTmFtZT0iSHRtbERlY29kZSIgVmFsdWU9IlRydWUiIC8+DQogICAgICAgICAgICA8UnVsZVBhcmFtZXRlciBOYW1lPSJSZXF1aXJlZCIgVmFsdWU9IkZhbHNlIiAvPg0KICAgICAgICAgIDwvUnVsZVBhcmFtZXRlcnM+DQogICAgICAgIDwvRXh0cmFjdGlvblJ1bGU+DQogICAgICAgIDxFeHRyYWN0aW9uUnVsZSBDbGFzc25hbWU9Ik1pY3Jvc29mdC5WaXN1YWxTdHVkaW8uVGVzdFRvb2xzLldlYlRlc3RpbmcuUnVsZXMuRXh0cmFjdFRleHQsIE1pY3Jvc29mdC5WaXN1YWxTdHVkaW8uUXVhbGl0eVRvb2xzLldlYlRlc3RGcmFtZXdvcmssIFZlcnNpb249MTAuMC4wLjAsIEN1bHR1cmU9bmV1dHJhbCwgUHVibGljS2V5VG9rZW49YjAzZjVmN2YxMWQ1MGEzYSIgVmFyaWFibGVOYW1lPSJGb3JtUG9zdFBhcmFtMzUuZGRsT1RTdGF0dXMiIERpc3BsYXlOYW1lPSIiIERlc2NyaXB0aW9uPSIiPg0KICAgICAgICAgIDxSdWxlUGFyYW1ldGVycz4NCiAgICAgICAgICAgIDxSdWxlUGFyYW1ldGVyIE5hbWU9IlN0YXJ0c1dpdGgiIFZhbHVlPSImcXVvdDswJnF1b3Q7LCZxdW90OyIgLz4NCiAgICAgICAgICAgIDxSdWxlUGFyYW1ldGVyIE5hbWU9IkVuZHNXaXRoIiBWYWx1ZT0iJnF1b3Q7LCZxdW90OzImcXVvdDsiIC8+DQogICAgICAgICAgICA8UnVsZVBhcmFtZXRlciBOYW1lPSJJbmRleCIgVmFsdWU9IjAiIC8+DQogICAgICAgICAgICA8UnVsZVBhcmFtZXRlciBOYW1lPSJJZ25vcmVDYXNlIiBWYWx1ZT0iRmFsc2UiIC8+DQogICAgICAgICAgICA8UnVsZVBhcmFtZXRlciBOYW1lPSJVc2VSZWd1bGFyRXhwcmVzc2lvbiIgVmFsdWU9IkZhbHNlIiAvPg0KICAgICAgICAgICAgPFJ1bGVQYXJhbWV0ZXIgTmFtZT0iSHRtbERlY29kZSIgVmFsdWU9IlRydWUiIC8+DQogICAgICAgICAgICA8UnVsZVBhcmFtZXRlciBOYW1lPSJSZXF1aXJlZCIgVmFsdWU9IkZhbHNlIiAvPg0KICAgICAgICAgIDwvUnVsZVBhcmFtZXRlcnM+DQogICAgICAgIDwvRXh0cmFjdGlvblJ1bGU+DQogICAgICA8L0NvcnJlbGF0aW9uRXh0cmFjdGlvblJ1bGVzPg0KICAgICAgPEZvcm1Qb3N0SHR0cEJvZHk+DQogICAgICAgIDxGb3JtUG9zdFBhcmFtZXRlciBOYW1lPSJUb29sa2l0U2NyaXB0TWFuYWdlcjFfSGlkZGVuRmllbGQiIFZhbHVlPSI7O0FqYXhDb250cm9sVG9vbGtpdCwgVmVyc2lvbj00LjEuNy42MDcsIEN1bHR1cmU9bmV1dHJhbCwgUHVibGljS2V5VG9rZW49MjhmMDFiMGU4NGI2ZDUzZTp6aC1IYW50OjdiOTVlZDFhLTZhM2YtNDFkZC1iYzViLTYzZjM5ZWRiYzRiNDpkZTFmZWFiMjpmY2YwZTk5MzpmMmM4ZTcwODo3MjBhNTJiZjpmOWNlYzliYzo1ODllYWEzMDo2OTgxMjljZjpmYjliNGM1NzpjY2I5NmNmOTphNjdjMjcwMDo4NjEzYWVhNzozMjAyYTVhMjphYjA5ZTNmZTo4NzEwNGI3YzpiZTZmYjI5OCIgUmVjb3JkZWRWYWx1ZT0iOztBamF4Q29udHJvbFRvb2xraXQsIFZlcnNpb249NC4xLjcuNjA3LCBDdWx0dXJlPW5ldXRyYWwsIFB1YmxpY0tleVRva2VuPTI4ZjAxYjBlODRiNmQ1M2U6emgtSGFudDo3Yjk1ZWQxYS02YTNmLTQxZGQtYmM1Yi02M2YzOWVkYmM0YjQ6ZGUxZmVhYjI6ZmNmMGU5OTM6ZjJjOGU3MDg6NzIwYTUyYmY6ZjljZWM5YmM6NTg5ZWFhMzA6Njk4MTI5Y2Y6ZmI5YjRjNTc6Y2NiOTZjZjk6YTY3YzI3MDA6ODYxM2FlYTc6MzIwMmE1YTI6YWIwOWUzZmU6ODcxMDRiN2M6YmU2ZmIyOTgiIENvcnJlbGF0aW9uQmluZGluZz0iIiBVcmxFbmNvZGU9IlRydWUiIC8+DQogICAgICAgIDxGb3JtUG9zdFBhcmFtZXRlciBOYW1lPSJfX0VWRU5UVEFSR0VUIiBWYWx1ZT0ie3skSElEREVOMS5fX0VWRU5UVEFSR0VUfX0iIFJlY29yZGVkVmFsdWU9IiIgQ29ycmVsYXRpb25CaW5kaW5nPSIiIFVybEVuY29kZT0iVHJ1ZSIgLz4NCiAgICAgICAgPEZvcm1Qb3N0UGFyYW1ldGVyIE5hbWU9Il9fRVZFTlRBUkdVTUVOVCIgVmFsdWU9Int7JEhJRERFTjEuX19FVkVOVEFSR1VNRU5UfX0iIFJlY29yZGVkVmFsdWU9IiIgQ29ycmVsYXRpb25CaW5kaW5nPSIiIFVybEVuY29kZT0iVHJ1ZSIgLz4NCiAgICAgICAgPEZvcm1Qb3N0UGFyYW1ldGVyIE5hbWU9Il9fTEFTVEZPQ1VTIiBWYWx1ZT0ie3skSElEREVOMS5fX0xBU1RGT0NVU319IiBSZWNvcmRlZFZhbHVlPSIiIENvcnJlbGF0aW9uQmluZGluZz0iIiBVcmxFbmNvZGU9IlRydWUiIC8+DQogICAgICAgIDxGb3JtUG9zdFBhcmFtZXRlciBOYW1lPSJfX1ZTVEFURSIgVmFsdWU9Int7JEhJRERFTjEuX19WU1RBVEV9fSIgUmVjb3JkZWRWYWx1ZT0iQVIrTENBQUFBQUFBQkFEdE8xMTNFMWVTeGxoTnk1QVlackdHN0xDU0puTm1GQTVwb3U2V2JSdzJPU2UyU1lBSmxtMkprSS9KOFJGSWtiVUlpV01KQXZzRXlUaDgyWVFNQnNOQWtpRWt3WVRoS3dSd0RHUDJIK3crek1NODU3amIwdFA4Z0htWXZmZFcxKzBycWJzRG0reGJsSk9vVWxXM3FtN2RxbnZyMXBYL3VhaHQxU0tmbE4yM05aVXJ0UDM3MnFabHpWSjdxeHhQOWhaMzc5bmN0eVNlM0VpL3BYaXlMMVhPa0s5a2JuZG1XVHlaS0tmS2UwdjlxZDJacFFSWExLZnlsRURZay9zTG0vdGtaQ0RBeThYUjNmM3gxcGZ6eFhkN1U2VU1JVGIvazN6YTBtMitWclZiMTFTMXN5TVdhd3NFZ2xKZlprOTVjNS92djMyUm9ZNk96bWcwOGl3Rk9oQ0lJYUFqb0NHZ0loQzFnQmp5eEpBbmhqd3g1TkdScENOSlI1S0dTalZVcXFGQURVZHBPRXJEVVNyeXFNaWpJaWtLQVBudmJ6VUVWQVNRcEc5RElLa2pvQ0dnSW9BOENlUkpJRThDZVJMSU00U2tJU1FOSVdtd0U0RU9CR0lJb09SQkhENkl3d2R4K0FBT0g4RGhBemg4QUljUDRQQUJIRDZBdytQSUUwZWVPSkw2a2RTUHBINGMzbzg4RGNzZGJWakJxTWNTT0RpY2U1VzdMdG93NVdpRHFYWDJPS2tnUVBCbjhkRXNUWUJYYzZVeUFWTWtSWHova0NPOVBadGdRRzk4Q3dBOVE5RXRXMVFBb3VyNkdsQkZ1bVlob3pxblV4RGhXSFNMQ0hKWTJ5S0NLQzNPUmRqMHFFMW5NQ3JVVk01Q1FBR3JBNmphREtyRjBCdFA4SmtsTnZMUlhRa1I1R09pQ1JIa01PZE92SUxEZE03S1FHUlZPU3NERWU2S0pVUVFwVzNpayt6ZzB0Um9EU2pDR3RxajJXWnFncGw2UWdSRjJCcVoySXJJRHR2T0RzRk9DcU9XOVNwbm9TRGFQTWdYa2F0TERQRTUyNWFwb21XZENRRkVCZnA2anFVZ3dwMjJyem9GWDIzanZ1TENHSWk4VVZ0YVZKQ20yazVSQmFmRWJPNll3TjFoQjBDSHNLcGR0cmU2Qkc5MTJ4N3FGankwbmErWm1oQkJIbkd4aEFoeXlkMEpFVVJwcjNNVjlreTY3WmtrM3JCVE1DR0NmSm5zVUk4SnRxKzNZL3BOUHN3MkxCb1RRczkydU5vcG9JVWNzbFhIN0Fqb3NzSDEwUnBRalFTZkhCNUlaVE9iUy9SMGZyV1lIUW0yVzRqQnZablJBNG55YUs2UVpYZ0pDZ0dmbEJqWTFQTmJOZmhMaSsrbHZlWGlTM3YyNUE5czNMMGprNmE0M2xLcE41OHFsYkxCaU1WRGE0b3krVGV4YzdTWXp3OFVTN2x5cmxpSUZ3aFU3a250M0pVTnRzS1JUL2RHMzE5YjZwMHJMcXVZQk5Za0doYXJKanFFUkJjRHVTYkhhbkl2V2h1ZVRya2g1SEp0am92SlZyY2RPWVcvbUp4Q3RvZ1JJbTdTTmZ1NHNOMkptNmNZeStKeFVSc3pRaG9JTzFyTlRpY2tkVTBZaWtFdEhqZkNZY0ZEbVdjRlR4K2VsWHdqNGJzVzM5TDQ5c2czWnI3Zjg2T0RuMWY4R0lUemtwOHovQ2kxRHRmZ1V1SHM5VjM2ZVNtVHord3NoL3MySjVLYiszdVQ0WjJrSmcySDN4M0pGTUx4V0hUZHRqM1crUnpPbGNLRllqbGMySnZQaDh1TjVFeWVqSXRFd3BsQ09wd3FVU0tuUFpzcjBWSFAwQUdJaWtUV1dHeUlFUlhyM29wMUw4VzZnMks5VWJIdXFGanpWcXg1S2RZY0ZHdU5palZIeGFxM1lyVkI4VE5zTkF6MkhQdU10Y0kyeXp1anhkM2h6S2FoclltK251SE55YUcrZFcrbGR4VGZYdmNXWThqOVo0cnVTalJFM3FieVJ6TmhhK0FMb3FJMXpBeVkvaHJ1QTFYd2dUQTlhcUw3NUJybWh0NVRhNzFuSzNGUjRlVkJyNVZyWERqQllGdzRndkpnY2pEWklRWWM0dEU1TitpSEt1MHJ2bHVvMThvbUxUaVVUZCtlS1lOZ2h0OU5UbjQzZVRBU1htdHpyNDBvRWY2LzlMcEtuZUJnUGZDcEFxUERmSUJKYzJMUzY1aDBKNlpZSFZOTVpITHlBalA0TWNJM0hzNW4zaW1ILzZPWUt6enFpRmcwWEtUUlJHd1pLdVl6dmNWMDVvVklMQm9KcDBpd0NCYUhYNGh6OExHVjZKWVNYVlNpb3hMOXgxR2lXVW8wVVltR1NyUWZSNGxxS1ZGRkpTb3FVWDhjSlpZT1VVVTB3aFE0eXJjMkxYdkhJWnZnVDNmTG4rNldQOTB0ZjdwYmlwVzhRMUgvLzNHM1hFUHFwM1JtTkx6amdGanVDZ1dvVUJJS3RRMHZOOExCSlFSaTVmcmRscHBlbXQweDFXb2Field0T0x0WnlOdUh2TmZJRzNpODZjaGJsYnpKaDhQdDVpWG40UTFPM3ZMa1BWVGVMTVRoZHV1VU4xTjVlNVUzWEhFNDd6WGFiVnJlMCtXTlNTVFo3VjdlSktZODNlU3pmejlpa05udUh5UHpObVR1N280SVBVdWhVV3Azcnh0NzNySDY5cXJkQmVmTUhmVzlXTHUvenB2eHZISEx1L0tjMU5EY3Ridjd2Ti9QZWZpYkFIOGxvTzhHd1Ric1FHVEtxV1FxVzhvR21wc1h0NlVESzhsLzJ3TE53ZmJoVjNQWmtYSlBjWC9QYUNhMWEyTWh0U09mU1kra0E4M3ZFSzZXNWtXTWE4bHJ1VktPRUViUzZXWWZ3N1FrTS92THZsV1ZjNmNYVG40d1AzUHQ3dy9HSzFlUEwweFBHSE5qM3gzOGt2RDltdktGbnZBdE0yL09WRzZkckI0N1dMazRUdkJyTEh6Yi9PeXNjZXg4NWZaaGMvWWtrVU5JQ3BJcVo3NnFqdjE1NGNzUGpTTlhGaTUvUkVqUHRWa21VZk9YcDlPQlJlK2ttMVZFU2hUWkZwQ0RUL2FseXFuWFV2bTltWmR6bVh6YTEwS0xodUFURkVzTkJxUk1rYlNpREM0ZC9pVWw5UlQzRnRMWjRCSSsrK1h0TFNzVThpRlRxaDZhTVU4ZHB2K3pITkpNSVJaWHBvOFJpd09Ra29wNSsvVDgvYytyaCs0WWMxOVJOSVNTWXQ0OVV2bjZmdlh3UjVWUEpnaTZ2YVZKQWdrU2pKT0FiK1hheFMxWjhtRXo4ckZwaEo0RXcwTnR0cTJoNWRuUUNtclppa2Uwakd3RXlzTHQrd3QzYmkwYy9uVGgrc1hxKzlNQnlIMkx6N2grMUR4eG1hQlhROTRyNWhmWGpPUG5ZSXh4NUFQems1TklISXdxODdPZm0yZFBBYkV5ZmEweWZRU0pRNmpIL09TdWVmbDRoYXphc2ZjSjhTbklXb3RZUFhOODRkeUQrWm1EU0VuV1VXYkgwY0p0VWNXNFBHbDhmb1pZVGFMTFFqKzZwd09Rd2hSTmNNYnBENHhUaDZnUVNGWUxEWk1GdEc2ajV4OGNBdXNEa0pzVzJuWWhwQ1BLdm5IRi9QUUxnbTVmSVM0dWNiMEVycGJBdFJJNFVRSjNTZUFZQ2J3Z3daUnJnMEtDS1VoZ3NnUW1TbUNTQkNhUXVGbVJyZit3SUZyeS9VSDA0ZzhNb240VjBXeUpTSTRDV2xNVzduNWR1WGVqRHEwcjgzKzVRRHhlaTI2TVJFQnJOdG9ZbStiY3VoV2cxYWtMOHcvZkkranZqOXNCVlRHdW5UVW41MFFpSDZrcHh2Z05ZMnpja1VpMFRkNll2MysyanZnMG5IOEtCSnN4ODU3eHAyOGN4M2NvbGE4dkdqZkc1eDllckV4UFdjNUNZcWRTL1d5NitzZXZ5S3lwUzJxSWJya1dnRk5WSVhySVJzckhBRnBUcXVkcEFwZ1hKcWdyVUpTdVZBNS9aUnk3SWdya3hKaGl6TjBoRVd3dFNpMnhRekcrdlcxOGVOTVNXS3V0VXpIdjNLUDVXVFBHYlI4QW9xcVloNDh1VEU2TExHVGtVM0RHMHhVM3o1d3pacS9XVWh5M2p3QlVBVXIxNEI5SnFBRUZiVXVnSityUXVtTHRBNGgyMzROV1E5MUFJNGZFaDBqSG1TYTFtdUNvSStxVzYrcUlqN2UxMFd3a1ZSNUZFeHdaemhBYVE4QUtQOTdtdHhxcUdkejh3UHJKendpUjJnMFZEbTZCSkdLL251RkU5MjJUVmp4Vzhwa25wbzM3bHl4dXFvZUVhUFhZdlJvMDFRQkxWbmt3YWR3OFlhSEpsc2JXWm5hcWhydURjcCsvWDdseUMwUUIybW1uWGcxMUZScDQraHZqNUJFN0dhSFdzb2cwSlkrZmc4Z0VnVTU3L0dxb3h0Q0Yxejh6ajl5MUV3c3FOQ1JPVUlFMVJOdVJ4c3h0a2VoeWRLeUd1ZzdOUDNHRStOL2FGNWpBRHEzT0ZHTmlrdmpMSXRyYUlEQnFSc2JxeFU0K1hMaDJ4aUoyMUJIQklJdll5WW5WZzNQR2UzL21HM2Y3aTA0SFhiOEtYeHA4NmVMcEZ3ZGtYQmZQd2dFWU1BQzBBWXNXZzY4TytPb1VUODFCR0RBSUF3Wmh3Q0FNR0lRQmc1M2krVG9FQTRZMDhiUk5BREpoSVhYeENFNENMUW0wcEY1M0xrTStTcENGRGFjMHpTMEpzc2crczJsK1NKQVBFc1MvQlBFdVFYemJ4N29PbkxvbUh2SXhRTVlzcE01UGZna2lSb0xZa0NBS0pGaHZDVlpXZ2pVa05jS0xEVFhDWTMxWVFhRmpuUzFiZFRhcExWcnRLeTJwTUo2bzZkVHlNcU81c2N3SVFEK09iV3drNTJiK3N2RHhKYkladERjM1NVQWhOamZYVjhPdDlxWFpYZG5pUm1XL2dKNmZwV3pMM3QwN2lzYkVRZEQ0RkhUTkxGcGk2MFpPYVY5TWJHRURKZUFoSmkxdUtLNWE3ZHU3dTAxdGpUYXRndmFqYUpPeVJTWEtnYURWRWpRa3hHdEh4T21JQVBUNzdDa29Hem42RlJIOUNrZHZFdEdiT0hxcmlON0swWU1pZXBDamgwVDBFRWR2RTlIYk9IcTdpTjdPMGErTDZOYzUrZzBSL1FaSHZ5bWkzNlRvOXJZbUNWd0pYNW9FYnBMQUtSSTRRWUpKU3pCSkNTWWx3U1FrTUZvQ0l5VXdTZ0lqSkZCS1ZyN05LU1A4R0FWTGhZY2E5ekRZM2hnR1QyUGZWekZQZjJtTVQwRlpKNjZ4dWc2ZWNYaXoySjFUVVJmdS9QNXA3RkVycFBnZ1YvTHZrVWliMmU2Y1RHSVkrMnhPZkdRaDFHZEZlUWxuZVpSUGtCYWpoZHZWczlYenYvZVVSbHR6Ym55Q3RBNXEyOE0vR2RjK2J1QUtZL05VcVh6eDBQeDR6bE1kYmZtNThkbnFhSDlhTWMvY05HL2Y5SkxHV3RwdWZFeGFIYlBteXF4eDFTcFZmZkY5NDhJZlBGV3JUTFV6bnpBUjZoYmo3TkdGdVN1ZTBwaGJYUGdFYVYxRTJ2ek1VZlBtUncxY0xDanB3d3FkNHNMVmI3MkRrcjNBdUhQYVlVN2ZRR2l3T2FjRHNtaXVMQnF5Nks0c2VoaTd2b3BCeXNaYnQ1d2pqSGEzRlJyemx6N3pjaVZyZ3J2eDJhNmtyekRrVmpwRlhPQXByWXN0akRPZkxZMCsycEJyekl3eGU4RkxHbnZiY2VPemZVN2Z1UlR6SnVHNjU3Mks3RUhNblpOSi9IV1A5VVJHWitHUTU4Q3FDa0xaRHVqRnpPVCtDdnZ6THF4ODNXTHNCa252aVFkZEdPaFNWRzZkTkU1ODZ1VTg5dDdneHNlWGdqM1hLTlhUOTJoUHcxMGF2T3E0OGRuUzZMc1RDeWFIcUJTa3NlY3BOejVCR292eFMrVHFQZVVwRFhaNFp6NUJHdldiK2ZGRDg4cHhUMm5NYnk1OHRqU05oZkQxQzVXelhxY1B2R1M2OFRGcG9SN3I2VlFoOXp4eWFTVTNyNXJvUWJybVROZkFHdXAzODl5Tmhia1RudFl3djd2d0NYUFQ0VGlwbkRqbUtVMjNqaE1udnJyakJCNUNYWmsxcnBvZEFKK2VjRHFza1VGelliQmN3WGFxc2FPR3c5RkFrNUE5ZHlyR3hCUTVHS3FISnhwNG5yTnRaZytqSHF5MngySXNpK1ltekZ0ZU9RbXZuVzU4dGpUNitxbk16MDVXM3J2b0pZMDlrcnJ4Q2RMWWZuSDJXdlg4bUtjMDJDK2MrZXBYa3oxVnV6THoxZXhrUmRYaENlOVRBMTZhM2Zqc2lkQW5UYVZ5L0pTVHp0LzBXSy83VnVhU0k5K2MrckNCVGJPVnNwOENlSE1McXJzZ1pzeVpHMTRUNmVxeUFzYUpUNURXRGRLTWJ3NTVTdXUycERueDhVT0Z2ZW5TUTRYV0N4T05HNkFReit1ajF1bnN3bXBiU0g5elFNdE80NWJuZk5sUEU5ejRCR25NZTZjdU91M1BqS0ZidGVyWGI4OTRxZXRXc1g1MTRHUHFXQmpRQjNxRkZtcGtvbU5IemJPTlc1MFFCdXcxMzV1YlNXN2YzaVRqaGNmUGJ6NHkzbGo4L09vaTQ2WER6MjhmTXQ0Yy9Qd0tJZU10UWNZeTM4L3JmUm5MYno4djJqbWt5VmhOKzNsWkxXTko3T2Uxc1l6bHI0elZxNStYc1RMV3FRaG9DT2d5VnBZeWxvWitYaVBLV04vNWVhRW5ZNUhtNTlXYWpIV1dueGRjTWxaSmZsNHV5VmdNeVZqeHlGaXkrSG50SW1QZDRlY0ZpSXpGZzU5WEVUSldBSDVlQ3NoNGpQdjVlUzdqV2V6bmg3S001eTRDbW94SHBKK2ZsVEllWFg1KzRISEk0dTlNcUFoWUdNdnQ3UGp3ODNORXhnUEF6MDhDR1hkeFA5L09aZHhkL1h4UDVoQ0k3N1JXQlhaTkdUZEdHZmMwUDkvY1pOeVMvSHh2a25GZjhmTU5Sc2Fkd2MrM0NCbHoyOCtUWE1ZOGxqRVIvVHdqWmN3alAwK29sV3NYYi85aC9UM3Z4bDhYZTNCdlpyOEVvTDhYYUEwdUhhWi8va2ovV0NKVjlpMDdRRDYvZTI3cjF0ODlsMDRIVzRjVDVkUm9tZjE1Wk5OLzVjYlAvL1YvNUtBOHZMR1F0bEE5TGFGcmY1T0ppTTJsb1V3cUhTL2tENHdRaG1TeG1FL205dmlVdDZyM1B6RlBIWHM3Ykh6MHdQandxam4xaFhuK2c3OC9HSCtyZXY0Y3c1c3pZOVZ6bnh0amw0M3IzOEtQRTZoNWk5cVcwKy9na21KaFp6NjNjNWZ2elczbFhINjRkMlJYVDNGL3Nwak41alBzNXd1NWZLNTg0SmxJZVg4Wi9vYXpKNVBORllaM2p1eXlxWkZudy9YMGRHNGYvWW5BUzZPWlZHVE5oblE2VGR4QmxQbEs1UVA1akMrMEx6TmF6dTFNNVpWVVBwY3RQRjh1N3Rtd2o0dDdmb1A5QzRyLzJ5ekp5TlppSWIwakR6TjdzanlTSzYzYlIzL2Y4RUlrc2lGTkZpVWdCU1hINWZBM3JNWW0rZ3VIbXNYWVJQdVpaRmxEUDZzZEhQb1h2b0tobFh6bFF1MGpvY0FQWGFiUXozMnZQZHI2RUZzOVZvZFNuZGNtdE9xUmx5WDAxR092UitoZm5WY2g5SXM2RjY3bWJnLzltK0R2YnZxM3hTdWFGeTBQTk5GL2xxMWMyOVNVYnQ3QVhOVFN4ankweXZkRU9sZmFrMDhkZUw1UUxHUTJwUDhYVUlnZDJwdzhBQUE9IiBDb3JyZWxhdGlvbkJpbmRpbmc9IiIgVXJsRW5jb2RlPSJUcnVlIiAvPg0KICAgICAgICA8Rm9ybVBvc3RQYXJhbWV0ZXIgTmFtZT0iX19WSUVXU1RBVEUiIFZhbHVlPSJ7eyRISURERU4xLl9fVklFV1NUQVRFfX0iIFJlY29yZGVkVmFsdWU9IiIgQ29ycmVsYXRpb25CaW5kaW5nPSIiIFVybEVuY29kZT0iVHJ1ZSIgLz4NCiAgICAgICAgPEZvcm1Qb3N0UGFyYW1ldGVyIE5hbWU9Il9fU0NST0xMUE9TSVRJT05YIiBWYWx1ZT0ie3skSElEREVOMS5fX1NDUk9MTFBPU0lUSU9OWH19IiBSZWNvcmRlZFZhbHVlPSIwIiBDb3JyZWxhdGlvbkJpbmRpbmc9IiIgVXJsRW5jb2RlPSJUcnVlIiAvPg0KICAgICAgICA8Rm9ybVBvc3RQYXJhbWV0ZXIgTmFtZT0iX19TQ1JPTExQT1NJVElPTlkiIFZhbHVlPSJ7eyRISURERU4xLl9fU0NST0xMUE9TSVRJT05ZfX0iIFJlY29yZGVkVmFsdWU9IjAiIENvcnJlbGF0aW9uQmluZGluZz0iIiBVcmxFbmNvZGU9IlRydWUiIC8+DQogICAgICAgIDxGb3JtUG9zdFBhcmFtZXRlciBOYW1lPSJfX1ZJRVdTVEFURUVOQ1JZUFRFRCIgVmFsdWU9Int7JEhJRERFTjEuX19WSUVXU1RBVEVFTkNSWVBURUR9fSIgUmVjb3JkZWRWYWx1ZT0iIiBDb3JyZWxhdGlvbkJpbmRpbmc9IiIgVXJsRW5jb2RlPSJUcnVlIiAvPg0KICAgICAgICA8Rm9ybVBvc3RQYXJhbWV0ZXIgTmFtZT0iX19FVkVOVFZBTElEQVRJT04iIFZhbHVlPSJ7eyRISURERU4xLl9fRVZFTlRWQUxJREFUSU9OfX0iIFJlY29yZGVkVmFsdWU9Ilc4WnlrbDFBOGVvbTdKQWFKeURSN0ZGV3BlUEFPVFRUbG5ya0lnRWZuOE4veENrdjJ5Y1BzZDJFc0MxU0kyc0pWNXU2aEgyUGJnS3BYbEQ4elhzZm5UT3EyQVVnREpSUUtCK3JmK3pmYS9rYmNJSzhIcElLMnMxK0dJVmNEWjBGZEVhVjhQcmsvY0dTa1dsOCtxT3V0bzNaTlBKMU5DYWEyK3VjbjN6aGtTL2tleU5rTFB6d0xzeTFxSXArS2tCRDN3OXFvaURCVDROUkVaUFZuaVdQSW80MjVQR1dHWmQ1TkF6MjFTWU94RkZuMDA0K0w5Unl3NklqZTlhUWRJKzRjd3k2MEg3a09VbHpwMFpmbVM1bU9zamZHYVVZalArOVJrTWFkMjR0aVRVditJaFpLYWVrTlpjRE1KVlNaaEs4R0F3Qzh3eGxsNDVTWXYxVkd1S2FYMDNvc0dQZXpsRjRZMzdmTzdLSVV2TVFSQWFOZm1id3pURXo5cjFKZmp1ejJhc2JjaEN3TGZsWTJjcGJEK0Z4em1HOVk1R1JsSU05ZlVoMGdhZmlmTWZzcG1tOFJOZFp2c2p0OTk5dFVORkJyRkF6RHF2UzUwRmUvRit3MDdCSDlNWjF5VHZreUlBckM2L1ZXNk5jbnRuY0VDYWc3RWVPeThWYWhYZnRBUEpEU2ZWN3RuUWlsdUh1VVN3bU5DeTlwS3BxSnpFV0l1dnhtZ0pPVzdHenNFcmNMNStiUzZ3amVIM0JKYkY0MGdIcEFveGVMK0dzUTdmYjZ5dzc5SUZCK1VyM3l4eUhSS2psTXVFQlNJMnA2emZ0UTJkMktmdFdXNnY2WG9SVXhPMVlmRkVsTHNjVXN6WHFUWU02L2xybmwyYlVqeCtRQ2NzbE9TT2tLbXlHbFJubUJrMTZNZC9ya1NmUU1nTEpOanRQRjdlckZ3ZGM4LzFNK2hFWGhseFkxOXk5VEp1UHR5K1h5dElQVEZzNWwvVEMxQWxsV28zdHBCb2VXeWs4ZTVUVXd6T1ZBTHZFZ3VMSDFQdllHUmhPbVZiTzBacHNyZTZ4cXgydEZJSGNNSjdBbjR0WC9uRUh0Y0VuRFJCRUExanB4MUYvbkdOcTVJL3RPU2FESVAxZlJtWFhGRitXa2cralgraDJMeTFnWkpsSS9XZHh5cUJuZzdXZU5jWk12Y2w0bmZYaHJNL0lkbUF4bXExdlFJeXFqbzZVcmFaTm1ETFFDNFpVdWFYTzJtVmxLNkxXZm1tb0JQcWF6UGEzTFVqaGdWS3QrcEVTaGFSYjZlcEQwdFBSeUdicEdTeFdxQVh5dXFMNXQvNjFOM1dzNUROMEFyNFl4cENzS3QyTzAvcGdVZDdwUWhRUGJ1ejRpSGNkcW9mVzVaYmZqVUtlYytvQmgvbHVrSmNaMHpPd1VxSEg4UnQ0SU9ONmxrZkY1VVNRc3JUZU1JeS9JcGtxOTRlUGFHYTlGU3NNOHFvMUQ0R2o2eVRrbW1GWUVaYmQzS2hrRDhIem45Q2tPdTRxMGJGTUd4TXQvSU94SzZPcXRGQWlUVERRSDJnT0Fld3ZRTWJjRGFlcUdtT2VWQXhTS2F4Z2M2a2NlNk00TXU4RUYvZXB1TjlWbDljaGtDV0YrbkZCS0VYUG5EQ2Y1RjVTQkd4Q2RuUFYwSE4wZDAzVEVRY1I1YWRWM2YrZld6YitKYkdhRHlrck9weU5qNUY0Slg3aC85dkx4TG56MXIrTXZOb0k2VHg4YjVVTi9SZGQ3L1BicEJNdWw2NjgvcmdIUDUvM2Y1VkZtbEFwb0pkTVVzcjBibEJ6NmlWYTVjOUtjcyt2bmd5SE05eERGY282am1JbmVLZjF0TUlUWlZMUUhOYUxmaUdvNHlYMU5na0cvekxvTm1aRXA3ZkxZMWRzNEQrS1dMUmJCdmVTUm94ZTcxVlREaW9yTE9KK3phVVJYZmRUZG03dDhWQTQ3ck9IcHZGY1BQN0htWm1hVXJHZXduY29pV3FWU3ErVGp2UmtpZEVjcUYyUGlIdUc0SnEvYmxTaDFHNThHK1JWdklzMFBjNGhNS2paVjZnL1dRSGRNUFdzOForS2dHS0dDMGFYUkMwcHN5T3FISTdFN2phZWxKRW9yK0hrNEFwNjhRbCtHQXVBaXU5amplWUwxbGsvcjFXRnFKWWdYV2MwZUpOZTRzZk41S3RsMFpJblZYY1YwNU5PQXRHQ1RrV0c4NWZFZ2JYZ1Exa1Z0eGhSREtPWG9WOC94TkhVc1RhNkpXbHo2bkl3RDBEbDI1cUxvY3AvTlFyRkEvcEVPSjVPMXp6TWQ4a0hHeE83aForR0dVQ2JaOXd4U3FLejNmZmdkbEpMMHc2WVh4U2FtWTE0L3o3TjdQeEpoMlFrZUMwNmZ3THlQUksrVXdmTWREV1ZSVFh0WWhSYVpFc1pOTi90RWY3QnkxUExRVksxdGh6dWJxbmdKeDc0YzZFWmg4eTBaQVQ0ZjdiTFNuaWFNdURMeU83djROcmVtRkxUT1BRK09lWFNMZDRSQ0RVMHM5VzVZc1k4ZnhTNmlERjRTcDkvK2ZkWGZxeWREK21XZDM2UWpIU21hTlZEZ0phSy9MTmxDb3Q4TCtsVmFGdVU2T1hzT2s2d1B4Zy96OWRRRUM3dnlucjg0TnhUR2VnRFZScjg1WXBGQWxkMmV1aHh4Qnp2VDJQSWhyRHNCMHAwaXArTkd2RURJNW5IYW1GMkhlcUUxeXhLaTY5R05BeThVYzdxc1dMV1pTenNUSGFPbForRHBWL3hSeUFEYmFJT1QrYUF6b2pnRjVXRGJra3Q1ejI3dWVnTjBEZm4vVHJ2MDkzRGtPTjhUNEVEa0s4VWg0S3NCQ2tmd0R3aEhJOWF4NGpMZnl2R0pHMk1UekxwRUpQdm5rSjZud2plRzZydW1lTFdCSU9JblJ5Ky90d2pNd05pU1JicldzQkluZFVBZkVOekY5Umg5VkQxbFJadk5JeFNoMyszRUtOWkJ3RTZPaDRIRDRvNXRuODJ5WjVCTlRlWGFQdzBoN09ObkwxaElrVjNLVWF0K1FIRDBxejZJVUV2UEhHNXY0VWZXZ0JKOU1RcGZrek5iZDR5TFlBQVhNcXZZOUJxYlExbmg0Q3ZzU0VZeS9yM0docWRTZW9leFBQSzFFVjc2RW1zNXpqelFnRitLd2t0R2RJMUtYeEZMTHNYaExSaUgvQjJBcTNrejhoYnNhcGMxRnYyUEZuNlpJVHlQajdoaEdyMUttcmlVUHVCVzFNYW03TjArbHNHdlpibFQ2OTB3ZGFDUnNtb2xMSFVrSDFhYldBTzNlTm0xZjQyY2x0L2VNRVI3YWZmUnRxL1Z5a1VRNzVwZjFNSEpwVVMyL1VWVUtYY0xGbXVGZzJuUFROaURvVGQrdDYrekZKcHZDZHpFK2p2UzZpS0lZLzcxSU9Sa0pYd0xCY3Q4cXhRakFna095ZEdqWnVWVjhPaVpjUlpNOU10VEt4b3BXelM4elVFeGR1bHJSd1RoUGZTOWxUWm5IMk44dlNtcmRHa1hDaW9KTmRSYjd1Z0trSkRZL2lPOFloL1NMSmkwSTZSck5TeUtYc3Z2bkJYQ0F0VklLck9ZYllTdHBlNkhXYmFKdXhkYkcyS01Ob0tVNndVM2I2VTNWRHdDVGtBUUwxNG9NaXNUbWtsem9EdC9SOWZveVVnSXJ4eEMzcDZEZjBrbVloam5OWVVWM0hmM09MMlh6ZFRxeFlEd0tySVRBUUJwbWVGcFNoTUcxT0NkZEJwTGRyWjJMKzFkQjFmRDhaRlZmUlNGWWNYb2xRWndaVkRHWkZteDVmU0ZDQ3pZS1VKZ28rMnE2YXA3ZjhkRDJJd2JvN0h6R1BIZ0JaWXBud3ROWXVKV1FweE5PTGVCOWJKczBvRWpnb0hTQUJHVlNoNjNTVUFEbUpmS1J1ZDU2WlIzMXJjd0c0Vkl0Y2VpWFgyMGpqL2dKZXdJRUptMHNFRG1DMUFVM2ppR0tuMmZpamRIRGc0WGRsSG9VakNIblFtL0RXYmlUN3JYVVdHZDRuOTdaSWprUWhLd25LemRGcGhYekQwbnVKaUh5ejlYbjNlR2IvbVBmalAyRTFzM1VUaDdSRk04MThGb1JzUXVtRTNsQTR3aCtvQ3ZEQlJDODlOVXkzR0s5QW4yYTlock5WWGxHWVloSk9kNSttZVgwYU9GZEJCZERITHJLUDdObm5zNE1lTksxS1cwVWNybXhkSFM1VnNkOGlGU3Z2Y01pRVNWZWM3Y3JlQ2o0V24rTnQ4TU53NEhMWGxYb215RklyM28ybEdWclR4RTJmdVlCRElmVDc5bHRYbk84UUpweGprOFJRK1hzbnBZVGdBV3FBL0JoOWpvWThDVFVBSWVBODhtUnRwc1hqMWM1U3lsYXFBUnNYcmJLTDRjb3JCNjZkMkhodVJUaTlNK0tEd084NzgySGtrdHBvNXl5R0FQanVSTlhUWEwrZWYxOEZjK1N6ZEpzTW03TjJSbVJzSENRUHVZUUgvbWZBYmd6dVF5SGxrM1Q2TklndnRlWEppQ29XakQwWEYvdTN5Y0xQWVBVSmpGRUFiZGZBVXVoaTFLYU14OWNMWFhMdXhES0JJckpGNWNOSDY2aG9hR2RScStXbWFrSElISmVQdnRMenNTNlp2d2QzNU5vd1pUMksrZ2h5dUFpK1VEOC9aSnVLTDBIM1pLRkVveTMxTFBOK1RFNEYrTkE3Q1pSQ21TS0ZkK1pDZTRWU1F4TldGakZ5UUlnWEI5TjNYM2pZMmdxS0tMaE0vSHBjMDJBaDllSWZzSHN2K0JKS0d1aGdDL09hSW80YWV4ZEgvWWt6V2hiZGFlUVFZRFhxcUd3OEdqUWNtRDdneWVrc2dtTHM2bDhUSnloRDlBaTFIY0RNbFluYUJGZWZxYmpYUG8zZUJhdkUzcDNTTUZmVXp1MG5td2d1c0Z3UkpXVmtlMzlDajR4cDdTTWtTaHJvQUhYcjdoQ2NiMExjemhsbUFOTmNCaUxOczZ3MlVZUWZKNFZEeVFYOVZrQ3ZHK3JzUHRzdnFIMlRvOEhxdjV4UUNNeExkY1ZZcVo4OUZ0TFpOSUxnUUtJNmgwcXV3MG43RHJGRmE3WDlRR3ZBbWJ3eWRBMVRmK1AwYWxKVU4vaU1lUUtkdE1hWFFhRWpwNld0U3d2UkJYdlp0RFJvL3VOMFh4bXBsSWN0dm9PMzdKK3liaWwyUkpIeFBsMFRMdmwxYmF1ZUk0aTk4Z0tMam9DaEUxRGROT1NWekRBb3RVcWNhSUtNZFNkTTg0VzN4aVIxMEN0ZEpTQ3p6Ri9IcWhld1VkYUdpM29pT3Fjc3lnQVE4RElsZlRuQW1ZSlphcm1QdWcxeGlLU2NmK2dubzdoWGxpNEJhakpHTi83NHNBZmltemVOVWZGdUpiUDgvWng1dkFCSGdvclNCK3Vhb21ISGtKZk55OUpUMy83d1o3TDdISTdDWVFDdm02WmVzVzVmZDRCY2t2a0RkN2Fka2x0Z2Z3YkFRcG9EcnhMSHNJQ0V1eG5LTlFjd29rM1pqYkNPSlczdmdhOG1jaVNJdlB3VktGeUF6aG45TlVFR01Pa1pRYjJ1cUUxRXFBYTNaSDhHdnRMdFYyRXNWTWt2eXlRcFpWdUFWYkZETlpFdkVFRnEzNmZOek8rZUozeFczd0hCTjBsREhsaTJ4bVZpYXhzRUlWK0xnOXNrYi9lSUEzY2VYOHFUV3hXdStQandKekhocXFyRVFWMlpnS3I3VG5ETmkvSHJaUnlDc1BvZ29LMmFrRmpiMDhXSnBrbi9WbEtxaG9HWDRBOGlpSkpWSnRjeUU3by9uNG84bjI0eEt3T3Z0V293bW5velg5L21zWU1aSTBCRGlmOStOdE83NzBHbmEvTi9FQVJSN3kyb1NWOW55dGRLYVRIUXN1UStzK1NidWU3OUFtbVdoRUZ2cEJzYzIwN2RsT2VhRE54TnZNbHdLVDRQRjNtR0djMEFqWFV0UlRyKzFUTStjU0NWa1N4ZHo0WDFkSEVyNFI3WlVKTkpVekxYSDFmaVVCSk9kVU15VjZoampFRi9kM3hBaFVEMzdZV1JFZDhBRnFTTExjNkRGZ3g0eis0Rit1S21EVnJRWU53ZmlVSEZrSnB1N1lsRWtCVzlqWTBCd3o1cEdrTUtoOGY3WFhLd0YvcUxWQ1lubmpDRHRIQnVJcU5YS1VqZEdpVGp0WC8wR3RUUE56bmdhWk9LT0V4WDYvNGpMbzl5Yk9CcElCMENhZnFVYnE4bERITWFpL1VzRGxNUUQzZkE4azRiVzJyWFBIR2lhZzRaL0dnMFBVU3FWVUNkQUg2M3htUUlrWDBjZXprbzJMQXc4N0NJYjRXam1jRTZCZEZvbHFpczZKVy9RaE96UG56cXp5dlUxcXNmQnFldUlBYnNwWGwyRDh0dkN3Ui9oS0E2WTFZd3o4T0lxeTBjNW9xVDdTaU5idG1HM2l0SEwybDJUTW5ldnN2UmczRjNaZGJrRkxDdC9GSHoydGpJcTYzb3Q4VmZhUml5WXdDYXdGK2lvbU5KbUJuaU4wTHNJeHg1a3pFWjBDY0xML0grOTJISjhqVmtMdStRRUNaQjZzcncxTXh1UDFaRUQzZ2sySUgvc0VZd0VzWG44QzhTYzVOQT0iIENvcnJlbGF0aW9uQmluZGluZz0iIiBVcmxFbmNvZGU9IlRydWUiIC8+DQogICAgICAgIDxGb3JtUG9zdFBhcmFtZXRlciBOYW1lPSJTY3JlZW5XaWR0aCIgVmFsdWU9Int7JEhJRERFTjEuU2NyZWVuV2lkdGh9fSIgUmVjb3JkZWRWYWx1ZT0iIiBDb3JyZWxhdGlvbkJpbmRpbmc9IiIgVXJsRW5jb2RlPSJUcnVlIiAvPg0KICAgICAgICA8Rm9ybVBvc3RQYXJhbWV0ZXIgTmFtZT0iU2NyZWVuSGVpZ2h0IiBWYWx1ZT0ie3skSElEREVOMS5TY3JlZW5IZWlnaHR9fSIgUmVjb3JkZWRWYWx1ZT0iIiBDb3JyZWxhdGlvbkJpbmRpbmc9IiIgVXJsRW5jb2RlPSJUcnVlIiAvPg0KICAgICAgICA8Rm9ybVBvc3RQYXJhbWV0ZXIgTmFtZT0iYnRuUXVlcnkiIFZhbHVlPSLmn6XoqaIiIFJlY29yZGVkVmFsdWU9IuafpeipoiIgQ29ycmVsYXRpb25CaW5kaW5nPSJ7e0Zvcm1Qb3N0UGFyYW0zNi5idG5RdWVyeX19IiBVcmxFbmNvZGU9IlRydWUiIC8+DQogICAgICAgIDxGb3JtUG9zdFBhcmFtZXRlciBOYW1lPSJkZGxPcmdBbmRGbG93IiBWYWx1ZT0iIiBSZWNvcmRlZFZhbHVlPSIiIENvcnJlbGF0aW9uQmluZGluZz0iIiBVcmxFbmNvZGU9IlRydWUiIC8+DQogICAgICAgIDxGb3JtUG9zdFBhcmFtZXRlciBOYW1lPSJkZGxRdWVyeUNvbmRpdGlvbnMiIFZhbHVlPSIwIiBSZWNvcmRlZFZhbHVlPSIwIiBDb3JyZWxhdGlvbkJpbmRpbmc9Int7Rm9ybVBvc3RQYXJhbTM4LmRkbFF1ZXJ5Q29uZGl0aW9uc319IiBVcmxFbmNvZGU9IlRydWUiIC8+DQogICAgICAgIDxGb3JtUG9zdFBhcmFtZXRlciBOYW1lPSJ0eHRPVEVtcElEIiBWYWx1ZT0iMTAyMDk5IiBSZWNvcmRlZFZhbHVlPSIxMDIwOTkiIENvcnJlbGF0aW9uQmluZGluZz0ie3tGb3JtUG9zdFBhcmFtMzcudHh0T1RFbXBJRH19IiBVcmxFbmNvZGU9IlRydWUiIC8+DQogICAgICAgIDxGb3JtUG9zdFBhcmFtZXRlciBOYW1lPSJ0eHRPVEVtcE5hbWUiIFZhbHVlPSIiIFJlY29yZGVkVmFsdWU9IiIgQ29ycmVsYXRpb25CaW5kaW5nPSIiIFVybEVuY29kZT0iVHJ1ZSIgLz4NCiAgICAgICAgPEZvcm1Qb3N0UGFyYW1ldGVyIE5hbWU9InR4dE9URm9ybU5PIiBWYWx1ZT0iIiBSZWNvcmRlZFZhbHVlPSIiIENvcnJlbGF0aW9uQmluZGluZz0iIiBVcmxFbmNvZGU9IlRydWUiIC8+DQogICAgICAgIDxGb3JtUG9zdFBhcmFtZXRlciBOYW1lPSJkZGxPVFN0YXR1cyIgVmFsdWU9IjEiIFJlY29yZGVkVmFsdWU9IjEiIENvcnJlbGF0aW9uQmluZGluZz0ie3tGb3JtUG9zdFBhcmFtMzkuZGRsT1RTdGF0dXN9fSIgVXJsRW5jb2RlPSJUcnVlIiAvPg0KICAgICAgICA8Rm9ybVBvc3RQYXJhbWV0ZXIgTmFtZT0idHh0T1REYXRlQmVnaW4kdHh0RGF0ZSIgVmFsdWU9IiIgUmVjb3JkZWRWYWx1ZT0iIiBDb3JyZWxhdGlvbkJpbmRpbmc9IiIgVXJsRW5jb2RlPSJUcnVlIiAvPg0KICAgICAgICA8Rm9ybVBvc3RQYXJhbWV0ZXIgTmFtZT0idHh0T1REYXRlRW5kJHR4dERhdGUiIFZhbHVlPSIiIFJlY29yZGVkVmFsdWU9IiIgQ29ycmVsYXRpb25CaW5kaW5nPSIiIFVybEVuY29kZT0iVHJ1ZSIgLz4NCiAgICAgICAgPEZvcm1Qb3N0UGFyYW1ldGVyIE5hbWU9InVjTW9kYWxQb3B1cDEkQ2xpZW50V2lkdGgiIFZhbHVlPSJ7eyRISURERU4xLnVjTW9kYWxQb3B1cDEkQ2xpZW50V2lkdGh9fSIgUmVjb3JkZWRWYWx1ZT0iMCIgQ29ycmVsYXRpb25CaW5kaW5nPSIiIFVybEVuY29kZT0iVHJ1ZSIgLz4NCiAgICAgICAgPEZvcm1Qb3N0UGFyYW1ldGVyIE5hbWU9InVjTW9kYWxQb3B1cDEkQ2xpZW50SGVpZ2h0IiBWYWx1ZT0ie3skSElEREVOMS51Y01vZGFsUG9wdXAxJENsaWVudEhlaWdodH19IiBSZWNvcmRlZFZhbHVlPSIwIiBDb3JyZWxhdGlvbkJpbmRpbmc9IiIgVXJsRW5jb2RlPSJUcnVlIiAvPg0KICAgICAgPC9Gb3JtUG9zdEh0dHBCb2R5Pg0KICAgIDwvUmVxdWVzdD4NCiAgICA8UmVxdWVzdCBNZXRob2Q9IlBPU1QiIEd1aWQ9IjM4ZmQ2OWI1LTVhZTAtNDRkOC04NGY5LWFjNmQ2NDYxMGIxYyIgVmVyc2lvbj0iMS4xIiBVcmw9Imh0dHA6Ly8xMC4xMS4zNi4xMTQ6ODAwNy9PdmVyVGltZS9PdmVydGltZVByZU9yZGVyLmFzcHgiIFRoaW5rVGltZT0iMjEiIFRpbWVvdXQ9IjMwMCIgUGFyc2VEZXBlbmRlbnRSZXF1ZXN0cz0iVHJ1ZSIgRm9sbG93UmVkaXJlY3RzPSJUcnVlIiBSZWNvcmRSZXN1bHQ9IlRydWUiIENhY2hlPSJGYWxzZSIgUmVzcG9uc2VUaW1lR29hbD0iMCIgRW5jb2Rpbmc9InV0Zi04IiBFeHBlY3RlZEh0dHBTdGF0dXNDb2RlPSIwIiBFeHBlY3RlZFJlc3BvbnNlVXJsPSJodHRwOi8vMTAuMTEuMzYuMTE0OjgwMDcvT3ZlclRpbWUvT3ZlcnRpbWVQcmVPcmRlcl9Nb2RpZnkuYXNweD9PVENvbXBJRD1TUEhCSzEmYW1wO09URW1wSUQ9MTAyMDk5JmFtcDtPVFN0YXJ0RGF0ZT0yMDE3LzA0LzE2JmFtcDtPVEVuZERhdGU9MjAxNy8wNC8xNiZhbXA7T1RTdGFydFRpbWU9MjIwMCZhbXA7T1RFbmRUaW1lPTIzMDAmYW1wO09UVHhuSUQ9U1BIQksxMTAyMDk5MjAxNzA0MTYwNSZhbXA7T1RGb3JtTk89MjAxNzA0MTcwMjEwMjA5OSIgUmVwb3J0aW5nTmFtZT0iIiBJZ25vcmVIdHRwU3RhdHVzQ29kZT0iRmFsc2UiPg0KICAgICAgPEV4dHJhY3Rpb25SdWxlcz4NCiAgICAgICAgPEV4dHJhY3Rpb25SdWxlIENsYXNzbmFtZT0iTWljcm9zb2Z0LlZpc3VhbFN0dWRpby5UZXN0VG9vbHMuV2ViVGVzdGluZy5SdWxlcy5FeHRyYWN0SGlkZGVuRmllbGRzLCBNaWNyb3NvZnQuVmlzdWFsU3R1ZGlvLlF1YWxpdHlUb29scy5XZWJUZXN0RnJhbWV3b3JrLCBWZXJzaW9uPTEwLjAuMC4wLCBDdWx0dXJlPW5ldXRyYWwsIFB1YmxpY0tleVRva2VuPWIwM2Y1ZjdmMTFkNTBhM2EiIFZhcmlhYmxlTmFtZT0iMSIgRGlzcGxheU5hbWU9IuaTt+WPlumaseiXj+ashOS9jSIgRGVzY3JpcHRpb249IuaTt+WPluWbnuaHieS4reeahOaJgOaciemaseiXj+ashOS9je+8jOS4puWwh+Wug+WAkeaUvuWcqOa4rOippuWFp+WuueS4reOAgiI+DQogICAgICAgICAgPFJ1bGVQYXJhbWV0ZXJzPg0KICAgICAgICAgICAgPFJ1bGVQYXJhbWV0ZXIgTmFtZT0iUmVxdWlyZWQiIFZhbHVlPSJUcnVlIiAvPg0KICAgICAgICAgICAgPFJ1bGVQYXJhbWV0ZXIgTmFtZT0iSHRtbERlY29kZSIgVmFsdWU9IlRydWUiIC8+DQogICAgICAgICAgPC9SdWxlUGFyYW1ldGVycz4NCiAgICAgICAgPC9FeHRyYWN0aW9uUnVsZT4NCiAgICAgIDwvRXh0cmFjdGlvblJ1bGVzPg0KICAgICAgPENvcnJlbGF0aW9uRXh0cmFjdGlvblJ1bGVzPg0KICAgICAgICA8RXh0cmFjdGlvblJ1bGUgQ2xhc3NuYW1lPSJNaWNyb3NvZnQuVmlzdWFsU3R1ZGlvLlRlc3RUb29scy5XZWJUZXN0aW5nLlJ1bGVzLkV4dHJhY3RUZXh0LCBNaWNyb3NvZnQuVmlzdWFsU3R1ZGlvLlF1YWxpdHlUb29scy5XZWJUZXN0RnJhbWV3b3JrLCBWZXJzaW9uPTEwLjAuMC4wLCBDdWx0dXJlPW5ldXRyYWwsIFB1YmxpY0tleVRva2VuPWIwM2Y1ZjdmMTFkNTBhM2EiIFZhcmlhYmxlTmFtZT0iUXVlcnlTdHJpbmdQYXJhbTE3Lk9UQ29tcElEIiBEaXNwbGF5TmFtZT0iIiBEZXNjcmlwdGlvbj0iIj4NCiAgICAgICAgICA8UnVsZVBhcmFtZXRlcnM+DQogICAgICAgICAgICA8UnVsZVBhcmFtZXRlciBOYW1lPSJTdGFydHNXaXRoIiBWYWx1ZT0iP09UQ29tcElEPSIgLz4NCiAgICAgICAgICAgIDxSdWxlUGFyYW1ldGVyIE5hbWU9IkVuZHNXaXRoIiBWYWx1ZT0iJmFtcDsiIC8+DQogICAgICAgICAgICA8UnVsZVBhcmFtZXRlciBOYW1lPSJJbmRleCIgVmFsdWU9IjAiIC8+DQogICAgICAgICAgICA8UnVsZVBhcmFtZXRlciBOYW1lPSJJZ25vcmVDYXNlIiBWYWx1ZT0iRmFsc2UiIC8+DQogICAgICAgICAgICA8UnVsZVBhcmFtZXRlciBOYW1lPSJVc2VSZWd1bGFyRXhwcmVzc2lvbiIgVmFsdWU9IkZhbHNlIiAvPg0KICAgICAgICAgICAgPFJ1bGVQYXJhbWV0ZXIgTmFtZT0iSHRtbERlY29kZSIgVmFsdWU9IlRydWUiIC8+DQogICAgICAgICAgICA8UnVsZVBhcmFtZXRlciBOYW1lPSJSZXF1aXJlZCIgVmFsdWU9IkZhbHNlIiAvPg0KICAgICAgICAgIDwvUnVsZVBhcmFtZXRlcnM+DQogICAgICAgIDwvRXh0cmFjdGlvblJ1bGU+DQogICAgICAgIDxFeHRyYWN0aW9uUnVsZSBDbGFzc25hbWU9Ik1pY3Jvc29mdC5WaXN1YWxTdHVkaW8uVGVzdFRvb2xzLldlYlRlc3RpbmcuUnVsZXMuRXh0cmFjdFRleHQsIE1pY3Jvc29mdC5WaXN1YWxTdHVkaW8uUXVhbGl0eVRvb2xzLldlYlRlc3RGcmFtZXdvcmssIFZlcnNpb249MTAuMC4wLjAsIEN1bHR1cmU9bmV1dHJhbCwgUHVibGljS2V5VG9rZW49YjAzZjVmN2YxMWQ1MGEzYSIgVmFyaWFibGVOYW1lPSJRdWVyeVN0cmluZ1BhcmFtMTguT1RFbXBJRCIgRGlzcGxheU5hbWU9IiIgRGVzY3JpcHRpb249IiI+DQogICAgICAgICAgPFJ1bGVQYXJhbWV0ZXJzPg0KICAgICAgICAgICAgPFJ1bGVQYXJhbWV0ZXIgTmFtZT0iU3RhcnRzV2l0aCIgVmFsdWU9IiZhbXA7YW1wO09URW1wSUQ9IiAvPg0KICAgICAgICAgICAgPFJ1bGVQYXJhbWV0ZXIgTmFtZT0iRW5kc1dpdGgiIFZhbHVlPSImYW1wOyIgLz4NCiAgICAgICAgICAgIDxSdWxlUGFyYW1ldGVyIE5hbWU9IkluZGV4IiBWYWx1ZT0iMCIgLz4NCiAgICAgICAgICAgIDxSdWxlUGFyYW1ldGVyIE5hbWU9Iklnbm9yZUNhc2UiIFZhbHVlPSJGYWxzZSIgLz4NCiAgICAgICAgICAgIDxSdWxlUGFyYW1ldGVyIE5hbWU9IlVzZVJlZ3VsYXJFeHByZXNzaW9uIiBWYWx1ZT0iRmFsc2UiIC8+DQogICAgICAgICAgICA8UnVsZVBhcmFtZXRlciBOYW1lPSJIdG1sRGVjb2RlIiBWYWx1ZT0iVHJ1ZSIgLz4NCiAgICAgICAgICAgIDxSdWxlUGFyYW1ldGVyIE5hbWU9IlJlcXVpcmVkIiBWYWx1ZT0iRmFsc2UiIC8+DQogICAgICAgICAgPC9SdWxlUGFyYW1ldGVycz4NCiAgICAgICAgPC9FeHRyYWN0aW9uUnVsZT4NCiAgICAgICAgPEV4dHJhY3Rpb25SdWxlIENsYXNzbmFtZT0iTWljcm9zb2Z0LlZpc3VhbFN0dWRpby5UZXN0VG9vbHMuV2ViVGVzdGluZy5SdWxlcy5FeHRyYWN0VGV4dCwgTWljcm9zb2Z0LlZpc3VhbFN0dWRpby5RdWFsaXR5VG9vbHMuV2ViVGVzdEZyYW1ld29yaywgVmVyc2lvbj0xMC4wLjAuMCwgQ3VsdHVyZT1uZXV0cmFsLCBQdWJsaWNLZXlUb2tlbj1iMDNmNWY3ZjExZDUwYTNhIiBWYXJpYWJsZU5hbWU9IlF1ZXJ5U3RyaW5nUGFyYW0xOS5PVFN0YXJ0RGF0ZSIgRGlzcGxheU5hbWU9IiIgRGVzY3JpcHRpb249IiI+DQogICAgICAgICAgPFJ1bGVQYXJhbWV0ZXJzPg0KICAgICAgICAgICAgPFJ1bGVQYXJhbWV0ZXIgTmFtZT0iU3RhcnRzV2l0aCIgVmFsdWU9IiZhbXA7YW1wO09UU3RhcnREYXRlPSIgLz4NCiAgICAgICAgICAgIDxSdWxlUGFyYW1ldGVyIE5hbWU9IkVuZHNXaXRoIiBWYWx1ZT0iJmFtcDsiIC8+DQogICAgICAgICAgICA8UnVsZVBhcmFtZXRlciBOYW1lPSJJbmRleCIgVmFsdWU9IjAiIC8+DQogICAgICAgICAgICA8UnVsZVBhcmFtZXRlciBOYW1lPSJJZ25vcmVDYXNlIiBWYWx1ZT0iRmFsc2UiIC8+DQogICAgICAgICAgICA8UnVsZVBhcmFtZXRlciBOYW1lPSJVc2VSZWd1bGFyRXhwcmVzc2lvbiIgVmFsdWU9IkZhbHNlIiAvPg0KICAgICAgICAgICAgPFJ1bGVQYXJhbWV0ZXIgTmFtZT0iSHRtbERlY29kZSIgVmFsdWU9IlRydWUiIC8+DQogICAgICAgICAgICA8UnVsZVBhcmFtZXRlciBOYW1lPSJSZXF1aXJlZCIgVmFsdWU9IkZhbHNlIiAvPg0KICAgICAgICAgIDwvUnVsZVBhcmFtZXRlcnM+DQogICAgICAgIDwvRXh0cmFjdGlvblJ1bGU+DQogICAgICAgIDxFeHRyYWN0aW9uUnVsZSBDbGFzc25hbWU9Ik1pY3Jvc29mdC5WaXN1YWxTdHVkaW8uVGVzdFRvb2xzLldlYlRlc3RpbmcuUnVsZXMuRXh0cmFjdFRleHQsIE1pY3Jvc29mdC5WaXN1YWxTdHVkaW8uUXVhbGl0eVRvb2xzLldlYlRlc3RGcmFtZXdvcmssIFZlcnNpb249MTAuMC4wLjAsIEN1bHR1cmU9bmV1dHJhbCwgUHVibGljS2V5VG9rZW49YjAzZjVmN2YxMWQ1MGEzYSIgVmFyaWFibGVOYW1lPSJRdWVyeVN0cmluZ1BhcmFtMjAuT1RFbmREYXRlIiBEaXNwbGF5TmFtZT0iIiBEZXNjcmlwdGlvbj0iIj4NCiAgICAgICAgICA8UnVsZVBhcmFtZXRlcnM+DQogICAgICAgICAgICA8UnVsZVBhcmFtZXRlciBOYW1lPSJTdGFydHNXaXRoIiBWYWx1ZT0iJmFtcDthbXA7T1RFbmREYXRlPSIgLz4NCiAgICAgICAgICAgIDxSdWxlUGFyYW1ldGVyIE5hbWU9IkVuZHNXaXRoIiBWYWx1ZT0iJmFtcDsiIC8+DQogICAgICAgICAgICA8UnVsZVBhcmFtZXRlciBOYW1lPSJJbmRleCIgVmFsdWU9IjAiIC8+DQogICAgICAgICAgICA8UnVsZVBhcmFtZXRlciBOYW1lPSJJZ25vcmVDYXNlIiBWYWx1ZT0iRmFsc2UiIC8+DQogICAgICAgICAgICA8UnVsZVBhcmFtZXRlciBOYW1lPSJVc2VSZWd1bGFyRXhwcmVzc2lvbiIgVmFsdWU9IkZhbHNlIiAvPg0KICAgICAgICAgICAgPFJ1bGVQYXJhbWV0ZXIgTmFtZT0iSHRtbERlY29kZSIgVmFsdWU9IlRydWUiIC8+DQogICAgICAgICAgICA8UnVsZVBhcmFtZXRlciBOYW1lPSJSZXF1aXJlZCIgVmFsdWU9IkZhbHNlIiAvPg0KICAgICAgICAgIDwvUnVsZVBhcmFtZXRlcnM+DQogICAgICAgIDwvRXh0cmFjdGlvblJ1bGU+DQogICAgICAgIDxFeHRyYWN0aW9uUnVsZSBDbGFzc25hbWU9Ik1pY3Jvc29mdC5WaXN1YWxTdHVkaW8uVGVzdFRvb2xzLldlYlRlc3RpbmcuUnVsZXMuRXh0cmFjdFRleHQsIE1pY3Jvc29mdC5WaXN1YWxTdHVkaW8uUXVhbGl0eVRvb2xzLldlYlRlc3RGcmFtZXdvcmssIFZlcnNpb249MTAuMC4wLjAsIEN1bHR1cmU9bmV1dHJhbCwgUHVibGljS2V5VG9rZW49YjAzZjVmN2YxMWQ1MGEzYSIgVmFyaWFibGVOYW1lPSJRdWVyeVN0cmluZ1BhcmFtMjEuT1RTdGFydFRpbWUiIERpc3BsYXlOYW1lPSIiIERlc2NyaXB0aW9uPSIiPg0KICAgICAgICAgIDxSdWxlUGFyYW1ldGVycz4NCiAgICAgICAgICAgIDxSdWxlUGFyYW1ldGVyIE5hbWU9IlN0YXJ0c1dpdGgiIFZhbHVlPSImYW1wO2FtcDtPVFN0YXJ0VGltZT0iIC8+DQogICAgICAgICAgICA8UnVsZVBhcmFtZXRlciBOYW1lPSJFbmRzV2l0aCIgVmFsdWU9IiZhbXA7IiAvPg0KICAgICAgICAgICAgPFJ1bGVQYXJhbWV0ZXIgTmFtZT0iSW5kZXgiIFZhbHVlPSIwIiAvPg0KICAgICAgICAgICAgPFJ1bGVQYXJhbWV0ZXIgTmFtZT0iSWdub3JlQ2FzZSIgVmFsdWU9IkZhbHNlIiAvPg0KICAgICAgICAgICAgPFJ1bGVQYXJhbWV0ZXIgTmFtZT0iVXNlUmVndWxhckV4cHJlc3Npb24iIFZhbHVlPSJGYWxzZSIgLz4NCiAgICAgICAgICAgIDxSdWxlUGFyYW1ldGVyIE5hbWU9Ikh0bWxEZWNvZGUiIFZhbHVlPSJUcnVlIiAvPg0KICAgICAgICAgICAgPFJ1bGVQYXJhbWV0ZXIgTmFtZT0iUmVxdWlyZWQiIFZhbHVlPSJGYWxzZSIgLz4NCiAgICAgICAgICA8L1J1bGVQYXJhbWV0ZXJzPg0KICAgICAgICA8L0V4dHJhY3Rpb25SdWxlPg0KICAgICAgICA8RXh0cmFjdGlvblJ1bGUgQ2xhc3NuYW1lPSJNaWNyb3NvZnQuVmlzdWFsU3R1ZGlvLlRlc3RUb29scy5XZWJUZXN0aW5nLlJ1bGVzLkV4dHJhY3RUZXh0LCBNaWNyb3NvZnQuVmlzdWFsU3R1ZGlvLlF1YWxpdHlUb29scy5XZWJUZXN0RnJhbWV3b3JrLCBWZXJzaW9uPTEwLjAuMC4wLCBDdWx0dXJlPW5ldXRyYWwsIFB1YmxpY0tleVRva2VuPWIwM2Y1ZjdmMTFkNTBhM2EiIFZhcmlhYmxlTmFtZT0iUXVlcnlTdHJpbmdQYXJhbTIyLk9URW5kVGltZSIgRGlzcGxheU5hbWU9IiIgRGVzY3JpcHRpb249IiI+DQogICAgICAgICAgPFJ1bGVQYXJhbWV0ZXJzPg0KICAgICAgICAgICAgPFJ1bGVQYXJhbWV0ZXIgTmFtZT0iU3RhcnRzV2l0aCIgVmFsdWU9IiZhbXA7YW1wO09URW5kVGltZT0iIC8+DQogICAgICAgICAgICA8UnVsZVBhcmFtZXRlciBOYW1lPSJFbmRzV2l0aCIgVmFsdWU9IiZhbXA7IiAvPg0KICAgICAgICAgICAgPFJ1bGVQYXJhbWV0ZXIgTmFtZT0iSW5kZXgiIFZhbHVlPSIwIiAvPg0KICAgICAgICAgICAgPFJ1bGVQYXJhbWV0ZXIgTmFtZT0iSWdub3JlQ2FzZSIgVmFsdWU9IkZhbHNlIiAvPg0KICAgICAgICAgICAgPFJ1bGVQYXJhbWV0ZXIgTmFtZT0iVXNlUmVndWxhckV4cHJlc3Npb24iIFZhbHVlPSJGYWxzZSIgLz4NCiAgICAgICAgICAgIDxSdWxlUGFyYW1ldGVyIE5hbWU9Ikh0bWxEZWNvZGUiIFZhbHVlPSJUcnVlIiAvPg0KICAgICAgICAgICAgPFJ1bGVQYXJhbWV0ZXIgTmFtZT0iUmVxdWlyZWQiIFZhbHVlPSJGYWxzZSIgLz4NCiAgICAgICAgICA8L1J1bGVQYXJhbWV0ZXJzPg0KICAgICAgICA8L0V4dHJhY3Rpb25SdWxlPg0KICAgICAgICA8RXh0cmFjdGlvblJ1bGUgQ2xhc3NuYW1lPSJNaWNyb3NvZnQuVmlzdWFsU3R1ZGlvLlRlc3RUb29scy5XZWJUZXN0aW5nLlJ1bGVzLkV4dHJhY3RUZXh0LCBNaWNyb3NvZnQuVmlzdWFsU3R1ZGlvLlF1YWxpdHlUb29scy5XZWJUZXN0RnJhbWV3b3JrLCBWZXJzaW9uPTEwLjAuMC4wLCBDdWx0dXJlPW5ldXRyYWwsIFB1YmxpY0tleVRva2VuPWIwM2Y1ZjdmMTFkNTBhM2EiIFZhcmlhYmxlTmFtZT0iUXVlcnlTdHJpbmdQYXJhbTIzLk9UVHhuSUQiIERpc3BsYXlOYW1lPSIiIERlc2NyaXB0aW9uPSIiPg0KICAgICAgICAgIDxSdWxlUGFyYW1ldGVycz4NCiAgICAgICAgICAgIDxSdWxlUGFyYW1ldGVyIE5hbWU9IlN0YXJ0c1dpdGgiIFZhbHVlPSImYW1wO2FtcDtPVFR4bklEPSIgLz4NCiAgICAgICAgICAgIDxSdWxlUGFyYW1ldGVyIE5hbWU9IkVuZHNXaXRoIiBWYWx1ZT0iJmFtcDsiIC8+DQogICAgICAgICAgICA8UnVsZVBhcmFtZXRlciBOYW1lPSJJbmRleCIgVmFsdWU9IjAiIC8+DQogICAgICAgICAgICA8UnVsZVBhcmFtZXRlciBOYW1lPSJJZ25vcmVDYXNlIiBWYWx1ZT0iRmFsc2UiIC8+DQogICAgICAgICAgICA8UnVsZVBhcmFtZXRlciBOYW1lPSJVc2VSZWd1bGFyRXhwcmVzc2lvbiIgVmFsdWU9IkZhbHNlIiAvPg0KICAgICAgICAgICAgPFJ1bGVQYXJhbWV0ZXIgTmFtZT0iSHRtbERlY29kZSIgVmFsdWU9IlRydWUiIC8+DQogICAgICAgICAgICA8UnVsZVBhcmFtZXRlciBOYW1lPSJSZXF1aXJlZCIgVmFsdWU9IkZhbHNlIiAvPg0KICAgICAgICAgIDwvUnVsZVBhcmFtZXRlcnM+DQogICAgICAgIDwvRXh0cmFjdGlvblJ1bGU+DQogICAgICAgIDxFeHRyYWN0aW9uUnVsZSBDbGFzc25hbWU9Ik1pY3Jvc29mdC5WaXN1YWxTdHVkaW8uVGVzdFRvb2xzLldlYlRlc3RpbmcuUnVsZXMuRXh0cmFjdFRleHQsIE1pY3Jvc29mdC5WaXN1YWxTdHVkaW8uUXVhbGl0eVRvb2xzLldlYlRlc3RGcmFtZXdvcmssIFZlcnNpb249MTAuMC4wLjAsIEN1bHR1cmU9bmV1dHJhbCwgUHVibGljS2V5VG9rZW49YjAzZjVmN2YxMWQ1MGEzYSIgVmFyaWFibGVOYW1lPSJRdWVyeVN0cmluZ1BhcmFtMjQuT1RGb3JtTk8iIERpc3BsYXlOYW1lPSIiIERlc2NyaXB0aW9uPSIiPg0KICAgICAgICAgIDxSdWxlUGFyYW1ldGVycz4NCiAgICAgICAgICAgIDxSdWxlUGFyYW1ldGVyIE5hbWU9IlN0YXJ0c1dpdGgiIFZhbHVlPSImYW1wO2FtcDtPVEZvcm1OTz0iIC8+DQogICAgICAgICAgICA8UnVsZVBhcmFtZXRlciBOYW1lPSJFbmRzV2l0aCIgVmFsdWU9IiZxdW90OyIgLz4NCiAgICAgICAgICAgIDxSdWxlUGFyYW1ldGVyIE5hbWU9IkluZGV4IiBWYWx1ZT0iMCIgLz4NCiAgICAgICAgICAgIDxSdWxlUGFyYW1ldGVyIE5hbWU9Iklnbm9yZUNhc2UiIFZhbHVlPSJGYWxzZSIgLz4NCiAgICAgICAgICAgIDxSdWxlUGFyYW1ldGVyIE5hbWU9IlVzZVJlZ3VsYXJFeHByZXNzaW9uIiBWYWx1ZT0iRmFsc2UiIC8+DQogICAgICAgICAgICA8UnVsZVBhcmFtZXRlciBOYW1lPSJIdG1sRGVjb2RlIiBWYWx1ZT0iVHJ1ZSIgLz4NCiAgICAgICAgICAgIDxSdWxlUGFyYW1ldGVyIE5hbWU9IlJlcXVpcmVkIiBWYWx1ZT0iRmFsc2UiIC8+DQogICAgICAgICAgPC9SdWxlUGFyYW1ldGVycz4NCiAgICAgICAgPC9FeHRyYWN0aW9uUnVsZT4NCiAgICAgICAgPEV4dHJhY3Rpb25SdWxlIENsYXNzbmFtZT0iTWljcm9zb2Z0LlZpc3VhbFN0dWRpby5UZXN0VG9vbHMuV2ViVGVzdGluZy5SdWxlcy5FeHRyYWN0Rm9ybUZpZWxkLCBNaWNyb3NvZnQuVmlzdWFsU3R1ZGlvLlF1YWxpdHlUb29scy5XZWJUZXN0RnJhbWV3b3JrLCBWZXJzaW9uPTEwLjAuMC4wLCBDdWx0dXJlPW5ldXRyYWwsIFB1YmxpY0tleVRva2VuPWIwM2Y1ZjdmMTFkNTBhM2EiIFZhcmlhYmxlTmFtZT0iRm9ybVBvc3RQYXJhbTIzLmJ0blRlbXBTYXZlIiBEaXNwbGF5TmFtZT0iIiBEZXNjcmlwdGlvbj0iIj4NCiAgICAgICAgICA8UnVsZVBhcmFtZXRlcnM+DQogICAgICAgICAgICA8UnVsZVBhcmFtZXRlciBOYW1lPSJOYW1lIiBWYWx1ZT0iYnRuVGVtcFNhdmUiIC8+DQogICAgICAgICAgICA8UnVsZVBhcmFtZXRlciBOYW1lPSJIdG1sRGVjb2RlIiBWYWx1ZT0iVHJ1ZSIgLz4NCiAgICAgICAgICAgIDxSdWxlUGFyYW1ldGVyIE5hbWU9IlJlcXVpcmVkIiBWYWx1ZT0iRmFsc2UiIC8+DQogICAgICAgICAgICA8UnVsZVBhcmFtZXRlciBOYW1lPSJJbmRleCIgVmFsdWU9IjAiIC8+DQogICAgICAgICAgPC9SdWxlUGFyYW1ldGVycz4NCiAgICAgICAgPC9FeHRyYWN0aW9uUnVsZT4NCiAgICAgICAgPEV4dHJhY3Rpb25SdWxlIENsYXNzbmFtZT0iTWljcm9zb2Z0LlZpc3VhbFN0dWRpby5UZXN0VG9vbHMuV2ViVGVzdGluZy5SdWxlcy5FeHRyYWN0Rm9ybUZpZWxkLCBNaWNyb3NvZnQuVmlzdWFsU3R1ZGlvLlF1YWxpdHlUb29scy5XZWJUZXN0RnJhbWV3b3JrLCBWZXJzaW9uPTEwLjAuMC4wLCBDdWx0dXJlPW5ldXRyYWwsIFB1YmxpY0tleVRva2VuPWIwM2Y1ZjdmMTFkNTBhM2EiIFZhcmlhYmxlTmFtZT0iRm9ybVBvc3RQYXJhbTI0LnVjRGF0ZVN0YXJ0JHR4dERhdGUiIERpc3BsYXlOYW1lPSIiIERlc2NyaXB0aW9uPSIiPg0KICAgICAgICAgIDxSdWxlUGFyYW1ldGVycz4NCiAgICAgICAgICAgIDxSdWxlUGFyYW1ldGVyIE5hbWU9Ik5hbWUiIFZhbHVlPSJ1Y0RhdGVTdGFydF90eHREYXRlIiAvPg0KICAgICAgICAgICAgPFJ1bGVQYXJhbWV0ZXIgTmFtZT0iSHRtbERlY29kZSIgVmFsdWU9IlRydWUiIC8+DQogICAgICAgICAgICA8UnVsZVBhcmFtZXRlciBOYW1lPSJSZXF1aXJlZCIgVmFsdWU9IkZhbHNlIiAvPg0KICAgICAgICAgICAgPFJ1bGVQYXJhbWV0ZXIgTmFtZT0iSW5kZXgiIFZhbHVlPSIwIiAvPg0KICAgICAgICAgIDwvUnVsZVBhcmFtZXRlcnM+DQogICAgICAgIDwvRXh0cmFjdGlvblJ1bGU+DQogICAgICAgIDxFeHRyYWN0aW9uUnVsZSBDbGFzc25hbWU9Ik1pY3Jvc29mdC5WaXN1YWxTdHVkaW8uVGVzdFRvb2xzLldlYlRlc3RpbmcuUnVsZXMuRXh0cmFjdEZvcm1GaWVsZCwgTWljcm9zb2Z0LlZpc3VhbFN0dWRpby5RdWFsaXR5VG9vbHMuV2ViVGVzdEZyYW1ld29yaywgVmVyc2lvbj0xMC4wLjAuMCwgQ3VsdHVyZT1uZXV0cmFsLCBQdWJsaWNLZXlUb2tlbj1iMDNmNWY3ZjExZDUwYTNhIiBWYXJpYWJsZU5hbWU9IkZvcm1Qb3N0UGFyYW0yNS51Y0RhdGVFbmQkdHh0RGF0ZSIgRGlzcGxheU5hbWU9IiIgRGVzY3JpcHRpb249IiI+DQogICAgICAgICAgPFJ1bGVQYXJhbWV0ZXJzPg0KICAgICAgICAgICAgPFJ1bGVQYXJhbWV0ZXIgTmFtZT0iTmFtZSIgVmFsdWU9InVjRGF0ZUVuZF90eHREYXRlIiAvPg0KICAgICAgICAgICAgPFJ1bGVQYXJhbWV0ZXIgTmFtZT0iSHRtbERlY29kZSIgVmFsdWU9IlRydWUiIC8+DQogICAgICAgICAgICA8UnVsZVBhcmFtZXRlciBOYW1lPSJSZXF1aXJlZCIgVmFsdWU9IkZhbHNlIiAvPg0KICAgICAgICAgICAgPFJ1bGVQYXJhbWV0ZXIgTmFtZT0iSW5kZXgiIFZhbHVlPSIwIiAvPg0KICAgICAgICAgIDwvUnVsZVBhcmFtZXRlcnM+DQogICAgICAgIDwvRXh0cmFjdGlvblJ1bGU+DQogICAgICAgIDxFeHRyYWN0aW9uUnVsZSBDbGFzc25hbWU9Ik1pY3Jvc29mdC5WaXN1YWxTdHVkaW8uVGVzdFRvb2xzLldlYlRlc3RpbmcuUnVsZXMuRXh0cmFjdFRleHQsIE1pY3Jvc29mdC5WaXN1YWxTdHVkaW8uUXVhbGl0eVRvb2xzLldlYlRlc3RGcmFtZXdvcmssIFZlcnNpb249MTAuMC4wLjAsIEN1bHR1cmU9bmV1dHJhbCwgUHVibGljS2V5VG9rZW49YjAzZjVmN2YxMWQ1MGEzYSIgVmFyaWFibGVOYW1lPSJGb3JtUG9zdFBhcmFtMjYuZGRsU2FsYXJ5T3JBZGp1c3QiIERpc3BsYXlOYW1lPSIiIERlc2NyaXB0aW9uPSIiPg0KICAgICAgICAgIDxSdWxlUGFyYW1ldGVycz4NCiAgICAgICAgICAgIDxSdWxlUGFyYW1ldGVyIE5hbWU9IlN0YXJ0c1dpdGgiIFZhbHVlPSImcXVvdDsxJnF1b3Q7LCZxdW90OyIgLz4NCiAgICAgICAgICAgIDxSdWxlUGFyYW1ldGVyIE5hbWU9IkVuZHNXaXRoIiBWYWx1ZT0iJnF1b3Q7LCZxdW90OzMmcXVvdDsiIC8+DQogICAgICAgICAgICA8UnVsZVBhcmFtZXRlciBOYW1lPSJJbmRleCIgVmFsdWU9IjAiIC8+DQogICAgICAgICAgICA8UnVsZVBhcmFtZXRlciBOYW1lPSJJZ25vcmVDYXNlIiBWYWx1ZT0iRmFsc2UiIC8+DQogICAgICAgICAgICA8UnVsZVBhcmFtZXRlciBOYW1lPSJVc2VSZWd1bGFyRXhwcmVzc2lvbiIgVmFsdWU9IkZhbHNlIiAvPg0KICAgICAgICAgICAgPFJ1bGVQYXJhbWV0ZXIgTmFtZT0iSHRtbERlY29kZSIgVmFsdWU9IlRydWUiIC8+DQogICAgICAgICAgICA8UnVsZVBhcmFtZXRlciBOYW1lPSJSZXF1aXJlZCIgVmFsdWU9IkZhbHNlIiAvPg0KICAgICAgICAgIDwvUnVsZVBhcmFtZXRlcnM+DQogICAgICAgIDwvRXh0cmFjdGlvblJ1bGU+DQogICAgICAgIDxFeHRyYWN0aW9uUnVsZSBDbGFzc25hbWU9Ik1pY3Jvc29mdC5WaXN1YWxTdHVkaW8uVGVzdFRvb2xzLldlYlRlc3RpbmcuUnVsZXMuRXh0cmFjdFRleHQsIE1pY3Jvc29mdC5WaXN1YWxTdHVkaW8uUXVhbGl0eVRvb2xzLldlYlRlc3RGcmFtZXdvcmssIFZlcnNpb249MTAuMC4wLjAsIEN1bHR1cmU9bmV1dHJhbCwgUHVibGljS2V5VG9rZW49YjAzZjVmN2YxMWQ1MGEzYSIgVmFyaWFibGVOYW1lPSJGb3JtUG9zdFBhcmFtMjcuT1RUaW1lU3RhcnQkZGRsSEgiIERpc3BsYXlOYW1lPSIiIERlc2NyaXB0aW9uPSIiPg0KICAgICAgICAgIDxSdWxlUGFyYW1ldGVycz4NCiAgICAgICAgICAgIDxSdWxlUGFyYW1ldGVyIE5hbWU9IlN0YXJ0c1dpdGgiIFZhbHVlPSJsdWU9JnF1b3Q7IiAvPg0KICAgICAgICAgICAgPFJ1bGVQYXJhbWV0ZXIgTmFtZT0iRW5kc1dpdGgiIFZhbHVlPSImcXVvdDsmZ3Q7MjImbHQ7IiAvPg0KICAgICAgICAgICAgPFJ1bGVQYXJhbWV0ZXIgTmFtZT0iSW5kZXgiIFZhbHVlPSI0NSIgLz4NCiAgICAgICAgICAgIDxSdWxlUGFyYW1ldGVyIE5hbWU9Iklnbm9yZUNhc2UiIFZhbHVlPSJGYWxzZSIgLz4NCiAgICAgICAgICAgIDxSdWxlUGFyYW1ldGVyIE5hbWU9IlVzZVJlZ3VsYXJFeHByZXNzaW9uIiBWYWx1ZT0iRmFsc2UiIC8+DQogICAgICAgICAgICA8UnVsZVBhcmFtZXRlciBOYW1lPSJIdG1sRGVjb2RlIiBWYWx1ZT0iVHJ1ZSIgLz4NCiAgICAgICAgICAgIDxSdWxlUGFyYW1ldGVyIE5hbWU9IlJlcXVpcmVkIiBWYWx1ZT0iRmFsc2UiIC8+DQogICAgICAgICAgPC9SdWxlUGFyYW1ldGVycz4NCiAgICAgICAgPC9FeHRyYWN0aW9uUnVsZT4NCiAgICAgICAgPEV4dHJhY3Rpb25SdWxlIENsYXNzbmFtZT0iTWljcm9zb2Z0LlZpc3VhbFN0dWRpby5UZXN0VG9vbHMuV2ViVGVzdGluZy5SdWxlcy5FeHRyYWN0VGV4dCwgTWljcm9zb2Z0LlZpc3VhbFN0dWRpby5RdWFsaXR5VG9vbHMuV2ViVGVzdEZyYW1ld29yaywgVmVyc2lvbj0xMC4wLjAuMCwgQ3VsdHVyZT1uZXV0cmFsLCBQdWJsaWNLZXlUb2tlbj1iMDNmNWY3ZjExZDUwYTNhIiBWYXJpYWJsZU5hbWU9IkZvcm1Qb3N0UGFyYW0yOC5PVFRpbWVTdGFydCRkZGxNTSIgRGlzcGxheU5hbWU9IiIgRGVzY3JpcHRpb249IiI+DQogICAgICAgICAgPFJ1bGVQYXJhbWV0ZXJzPg0KICAgICAgICAgICAgPFJ1bGVQYXJhbWV0ZXIgTmFtZT0iU3RhcnRzV2l0aCIgVmFsdWU9Imx1ZT0mcXVvdDsiIC8+DQogICAgICAgICAgICA8UnVsZVBhcmFtZXRlciBOYW1lPSJFbmRzV2l0aCIgVmFsdWU9IiZxdW90OyZndDswMCZsdDsiIC8+DQogICAgICAgICAgICA8UnVsZVBhcmFtZXRlciBOYW1lPSJJbmRleCIgVmFsdWU9IjIzIiAvPg0KICAgICAgICAgICAgPFJ1bGVQYXJhbWV0ZXIgTmFtZT0iSWdub3JlQ2FzZSIgVmFsdWU9IkZhbHNlIiAvPg0KICAgICAgICAgICAgPFJ1bGVQYXJhbWV0ZXIgTmFtZT0iVXNlUmVndWxhckV4cHJlc3Npb24iIFZhbHVlPSJGYWxzZSIgLz4NCiAgICAgICAgICAgIDxSdWxlUGFyYW1ldGVyIE5hbWU9Ikh0bWxEZWNvZGUiIFZhbHVlPSJUcnVlIiAvPg0KICAgICAgICAgICAgPFJ1bGVQYXJhbWV0ZXIgTmFtZT0iUmVxdWlyZWQiIFZhbHVlPSJGYWxzZSIgLz4NCiAgICAgICAgICA8L1J1bGVQYXJhbWV0ZXJzPg0KICAgICAgICA8L0V4dHJhY3Rpb25SdWxlPg0KICAgICAgICA8RXh0cmFjdGlvblJ1bGUgQ2xhc3NuYW1lPSJNaWNyb3NvZnQuVmlzdWFsU3R1ZGlvLlRlc3RUb29scy5XZWJUZXN0aW5nLlJ1bGVzLkV4dHJhY3RUZXh0LCBNaWNyb3NvZnQuVmlzdWFsU3R1ZGlvLlF1YWxpdHlUb29scy5XZWJUZXN0RnJhbWV3b3JrLCBWZXJzaW9uPTEwLjAuMC4wLCBDdWx0dXJlPW5ldXRyYWwsIFB1YmxpY0tleVRva2VuPWIwM2Y1ZjdmMTFkNTBhM2EiIFZhcmlhYmxlTmFtZT0iRm9ybVBvc3RQYXJhbTI5Lk9UVGltZUVuZCRkZGxISCIgRGlzcGxheU5hbWU9IiIgRGVzY3JpcHRpb249IiI+DQogICAgICAgICAgPFJ1bGVQYXJhbWV0ZXJzPg0KICAgICAgICAgICAgPFJ1bGVQYXJhbWV0ZXIgTmFtZT0iU3RhcnRzV2l0aCIgVmFsdWU9Imx1ZT0mcXVvdDsiIC8+DQogICAgICAgICAgICA8UnVsZVBhcmFtZXRlciBOYW1lPSJFbmRzV2l0aCIgVmFsdWU9IiZxdW90OyZndDsyMyZsdDsiIC8+DQogICAgICAgICAgICA8UnVsZVBhcmFtZXRlciBOYW1lPSJJbmRleCIgVmFsdWU9IjQ2IiAvPg0KICAgICAgICAgICAgPFJ1bGVQYXJhbWV0ZXIgTmFtZT0iSWdub3JlQ2FzZSIgVmFsdWU9IkZhbHNlIiAvPg0KICAgICAgICAgICAgPFJ1bGVQYXJhbWV0ZXIgTmFtZT0iVXNlUmVndWxhckV4cHJlc3Npb24iIFZhbHVlPSJGYWxzZSIgLz4NCiAgICAgICAgICAgIDxSdWxlUGFyYW1ldGVyIE5hbWU9Ikh0bWxEZWNvZGUiIFZhbHVlPSJUcnVlIiAvPg0KICAgICAgICAgICAgPFJ1bGVQYXJhbWV0ZXIgTmFtZT0iUmVxdWlyZWQiIFZhbHVlPSJGYWxzZSIgLz4NCiAgICAgICAgICA8L1J1bGVQYXJhbWV0ZXJzPg0KICAgICAgICA8L0V4dHJhY3Rpb25SdWxlPg0KICAgICAgICA8RXh0cmFjdGlvblJ1bGUgQ2xhc3NuYW1lPSJNaWNyb3NvZnQuVmlzdWFsU3R1ZGlvLlRlc3RUb29scy5XZWJUZXN0aW5nLlJ1bGVzLkV4dHJhY3RUZXh0LCBNaWNyb3NvZnQuVmlzdWFsU3R1ZGlvLlF1YWxpdHlUb29scy5XZWJUZXN0RnJhbWV3b3JrLCBWZXJzaW9uPTEwLjAuMC4wLCBDdWx0dXJlPW5ldXRyYWwsIFB1YmxpY0tleVRva2VuPWIwM2Y1ZjdmMTFkNTBhM2EiIFZhcmlhYmxlTmFtZT0iRm9ybVBvc3RQYXJhbTMwLk9UVGltZUVuZCRkZGxNTSIgRGlzcGxheU5hbWU9IiIgRGVzY3JpcHRpb249IiI+DQogICAgICAgICAgPFJ1bGVQYXJhbWV0ZXJzPg0KICAgICAgICAgICAgPFJ1bGVQYXJhbWV0ZXIgTmFtZT0iU3RhcnRzV2l0aCIgVmFsdWU9Imx1ZT0mcXVvdDsiIC8+DQogICAgICAgICAgICA8UnVsZVBhcmFtZXRlciBOYW1lPSJFbmRzV2l0aCIgVmFsdWU9IiZxdW90OyZndDswMCZsdDsiIC8+DQogICAgICAgICAgICA8UnVsZVBhcmFtZXRlciBOYW1lPSJJbmRleCIgVmFsdWU9IjIzIiAvPg0KICAgICAgICAgICAgPFJ1bGVQYXJhbWV0ZXIgTmFtZT0iSWdub3JlQ2FzZSIgVmFsdWU9IkZhbHNlIiAvPg0KICAgICAgICAgICAgPFJ1bGVQYXJhbWV0ZXIgTmFtZT0iVXNlUmVndWxhckV4cHJlc3Npb24iIFZhbHVlPSJGYWxzZSIgLz4NCiAgICAgICAgICAgIDxSdWxlUGFyYW1ldGVyIE5hbWU9Ikh0bWxEZWNvZGUiIFZhbHVlPSJUcnVlIiAvPg0KICAgICAgICAgICAgPFJ1bGVQYXJhbWV0ZXIgTmFtZT0iUmVxdWlyZWQiIFZhbHVlPSJGYWxzZSIgLz4NCiAgICAgICAgICA8L1J1bGVQYXJhbWV0ZXJzPg0KICAgICAgICA8L0V4dHJhY3Rpb25SdWxlPg0KICAgICAgICA8RXh0cmFjdGlvblJ1bGUgQ2xhc3NuYW1lPSJNaWNyb3NvZnQuVmlzdWFsU3R1ZGlvLlRlc3RUb29scy5XZWJUZXN0aW5nLlJ1bGVzLkV4dHJhY3RUZXh0LCBNaWNyb3NvZnQuVmlzdWFsU3R1ZGlvLlF1YWxpdHlUb29scy5XZWJUZXN0RnJhbWV3b3JrLCBWZXJzaW9uPTEwLjAuMC4wLCBDdWx0dXJlPW5ldXRyYWwsIFB1YmxpY0tleVRva2VuPWIwM2Y1ZjdmMTFkNTBhM2EiIFZhcmlhYmxlTmFtZT0iRm9ybVBvc3RQYXJhbTMxLmRkbE9UVHlwZUlEIiBEaXNwbGF5TmFtZT0iIiBEZXNjcmlwdGlvbj0iIj4NCiAgICAgICAgICA8UnVsZVBhcmFtZXRlcnM+DQogICAgICAgICAgICA8UnVsZVBhcmFtZXRlciBOYW1lPSJTdGFydHNXaXRoIiBWYWx1ZT0iJnF1b3Q7MCZxdW90OywmcXVvdDsiIC8+DQogICAgICAgICAgICA8UnVsZVBhcmFtZXRlciBOYW1lPSJFbmRzV2l0aCIgVmFsdWU9IiZxdW90OywmcXVvdDsyJnF1b3Q7IiAvPg0KICAgICAgICAgICAgPFJ1bGVQYXJhbWV0ZXIgTmFtZT0iSW5kZXgiIFZhbHVlPSIwIiAvPg0KICAgICAgICAgICAgPFJ1bGVQYXJhbWV0ZXIgTmFtZT0iSWdub3JlQ2FzZSIgVmFsdWU9IkZhbHNlIiAvPg0KICAgICAgICAgICAgPFJ1bGVQYXJhbWV0ZXIgTmFtZT0iVXNlUmVndWxhckV4cHJlc3Npb24iIFZhbHVlPSJGYWxzZSIgLz4NCiAgICAgICAgICAgIDxSdWxlUGFyYW1ldGVyIE5hbWU9Ikh0bWxEZWNvZGUiIFZhbHVlPSJUcnVlIiAvPg0KICAgICAgICAgICAgPFJ1bGVQYXJhbWV0ZXIgTmFtZT0iUmVxdWlyZWQiIFZhbHVlPSJGYWxzZSIgLz4NCiAgICAgICAgICA8L1J1bGVQYXJhbWV0ZXJzPg0KICAgICAgICA8L0V4dHJhY3Rpb25SdWxlPg0KICAgICAgPC9Db3JyZWxhdGlvbkV4dHJhY3Rpb25SdWxlcz4NCiAgICAgIDxGb3JtUG9zdEh0dHBCb2R5Pg0KICAgICAgICA8Rm9ybVBvc3RQYXJhbWV0ZXIgTmFtZT0iVG9vbGtpdFNjcmlwdE1hbmFnZXIxX0hpZGRlbkZpZWxkIiBWYWx1ZT0iOztBamF4Q29udHJvbFRvb2xraXQsIFZlcnNpb249NC4xLjcuNjA3LCBDdWx0dXJlPW5ldXRyYWwsIFB1YmxpY0tleVRva2VuPTI4ZjAxYjBlODRiNmQ1M2U6emgtSGFudDo3Yjk1ZWQxYS02YTNmLTQxZGQtYmM1Yi02M2YzOWVkYmM0YjQ6ZGUxZmVhYjI6ZmNmMGU5OTM6ZjJjOGU3MDg6NzIwYTUyYmY6ZjljZWM5YmM6NTg5ZWFhMzA6Njk4MTI5Y2Y6ZmI5YjRjNTc6Y2NiOTZjZjk6YTY3YzI3MDA6ODYxM2FlYTc6MzIwMmE1YTI6YWIwOWUzZmU6ODcxMDRiN2M6YmU2ZmIyOTgiIFJlY29yZGVkVmFsdWU9Ijs7QWpheENvbnRyb2xUb29sa2l0LCBWZXJzaW9uPTQuMS43LjYwNywgQ3VsdHVyZT1uZXV0cmFsLCBQdWJsaWNLZXlUb2tlbj0yOGYwMWIwZTg0YjZkNTNlOnpoLUhhbnQ6N2I5NWVkMWEtNmEzZi00MWRkLWJjNWItNjNmMzllZGJjNGI0OmRlMWZlYWIyOmZjZjBlOTkzOmYyYzhlNzA4OjcyMGE1MmJmOmY5Y2VjOWJjOjU4OWVhYTMwOjY5ODEyOWNmOmZiOWI0YzU3OmNjYjk2Y2Y5OmE2N2MyNzAwOjg2MTNhZWE3OjMyMDJhNWEyOmFiMDllM2ZlOjg3MTA0YjdjOmJlNmZiMjk4IiBDb3JyZWxhdGlvbkJpbmRpbmc9IiIgVXJsRW5jb2RlPSJUcnVlIiAvPg0KICAgICAgICA8Rm9ybVBvc3RQYXJhbWV0ZXIgTmFtZT0iX19FVkVOVFRBUkdFVCIgVmFsdWU9Int7JEhJRERFTjEuX19FVkVOVFRBUkdFVH19IiBSZWNvcmRlZFZhbHVlPSIiIENvcnJlbGF0aW9uQmluZGluZz0iIiBVcmxFbmNvZGU9IlRydWUiIC8+DQogICAgICAgIDxGb3JtUG9zdFBhcmFtZXRlciBOYW1lPSJfX0VWRU5UQVJHVU1FTlQiIFZhbHVlPSJ7eyRISURERU4xLl9fRVZFTlRBUkdVTUVOVH19IiBSZWNvcmRlZFZhbHVlPSIiIENvcnJlbGF0aW9uQmluZGluZz0iIiBVcmxFbmNvZGU9IlRydWUiIC8+DQogICAgICAgIDxGb3JtUG9zdFBhcmFtZXRlciBOYW1lPSJfX0xBU1RGT0NVUyIgVmFsdWU9Int7JEhJRERFTjEuX19MQVNURk9DVVN9fSIgUmVjb3JkZWRWYWx1ZT0iIiBDb3JyZWxhdGlvbkJpbmRpbmc9IiIgVXJsRW5jb2RlPSJUcnVlIiAvPg0KICAgICAgICA8Rm9ybVBvc3RQYXJhbWV0ZXIgTmFtZT0iX19WU1RBVEUiIFZhbHVlPSJ7eyRISURERU4xLl9fVlNUQVRFfX0iIFJlY29yZGVkVmFsdWU9IkFSK0xDQUFBQUFBQUJBRHRQR3QzRTFlU3hyYWFsaUV4WkxFbTJXRWxKWnNaaFFNTi9aQmtDNWFjRTlza1FBS3lMUkdTTURrK3N0V3h0Y2dTYThrSjdJY2NTSWJ3TkNHTGVRV1NEQ0VQQ01NckJIQ0FnZjBIdXgvbXczN09jY3ZTcC9rQisySDNQcnB1MzVhNm0wY3k1L0FoNG1DVnErcFczYXBiOTk2NmRkdjlmM1BhbjI3MkJRY0hlNHFGOG5neFh4clEvMjBpTjY3M0ZVdmw3c3p3MWxmMUhZT0RnVFpmeDhpN0d6SzV3dlBENWJ5c1BOOHpxZzl2ZlNtZjl3VTR0UHI4OE9qV250RmlzYVRiOEpvTFB1cUNqN25nNHk3NFRoZDhsd3MrNFl4WFpBNHZVSHo3dnl4dG10OGlkTFNKeVhSUGNXemJ1dDY1eWZRYS9DMGswNzJac282KzBya3hmWDR5blNwbnloT2xqWmt4ZlI3Q0ZjdVpQQ1lnOXZUMndycGVFUmdROEhKeGZHeGpzdTNsZlBHOW5reEpSeklYTFczeW8vOXRQaUhWdDdiN1ZjVW5LTElxSnhLK0RsVldPbGZJMFJWSy9IMEw5TTFUMVpXeS9MNnFvWjgrb2ZMcEJlUGlpUmVXYkVudEtKWDFzZVc5K25CdUxKTmZGaDRyRFJmSDg3bWhaZUhYOWZGU3JsaFlIVjB1NDMvTHdqMFQrZkxFdUw2Nm9FK1V4ekZ2MzhSUVBqZU1SanRkM0tvWFZnOTFkbVppdzdHNGt0Q2l1dHlWYUZHV3k3NEE3UjN0Rys2T0hGWGljc3czUi9FdE1IL3RsRlZLMXIzc1VWY28wZmNaR0VQMktDczErWDA1eXR1enRMVWw3cWhVVmFLeWFsZWFlRENsaXFWVThjMlRFOFNKaWwxcHErSnNxb3AvZVNTdHNxVlY5czFUSExXMnFDNUs1VWRUS25lOWI0Rk1xWXE4ekN2Vm5KWEtYWStvMUJwVU9RcitWYnBXb2hIbWxIWXQxeHlWUHVLZ3lwcWxWRU9XZHBtV3luV1d4aHlWYW8rb1ZMV1VxZyt0RkgwOWtsSXJmSkVBVVBxQWdTUXJia3JGNWpuWmRsOGJtdWtveE9PeGFMUTlFQWdLdmZxMjhycGUzMy81SWdPeFdGeVdJOHN3RUFNZ0NvQUdnQXFBQW9Cc0FsSGdpUUpQRkhpaXdLTUJTUU9TQmlRVmxLcWdWQVdCS3JSU29aVUtyUlRnVVlCSEFaSk1BZlR6VlJVQUJRQWdhWnNBU0dzQXFBQW9BQUJQQ25oU3dKTUNuaFR3REFCcEFFZ0RRT3FQQXhBRElBb0FTTzZINXYzUXZCK2E5MEh6UG1qZUI4MzdvSGtmTk8rRDVuM1FQQWs4U2VCSkFta2prRFlDYVNNMDN3ZzhEY010TjR5ZzdERUVEZzVuWG1XdWt4dE1saHU2V3RjZkp4VUlDRDZWSEIvQlcrOXJ1VklaZ1JtME9mditWNHowZEsrbERYcVM2eW5RUFNDdlg2OVFRRmE2YktBQ2ROVkV5aHFqWXhEZ3FMeWVCeG1zcnVkQmtKWmtJaXk2Yk5FSkRBcFZoYkVna01OcUZGUXNCc1ZrNkVtbW1HV3BOYXgxWjRvSFdSczV4WU1NWnR5cFY2Q1p4bGdKQ0t3S1l5VWd3SjNSRkErQ3RMWE15QmlUcHNnMmtJZFY2STlxZFZQbHVxbWxlSkNIelphcERZQ01XZjJNY2YzRU1HanBVaGdMQnFIUC9Xd1FtYnJVQUxQWjZwbkM5eXllNGtCUW9IVXhMQVlCamx1K2luTysyc1I4eFlRUkVIaGxTNXJNU1ZNc3B5aWNVNklXZDVUampsa0JFT05HdGRQeVZpZm5yWVRsb1FUbm9jMXN6SlFVRDdLSWk2WjRrRWxPcEhnUXBMM0JWRmlXSkN4TFVtOWFVekRGZzJ5WXJGQ1BjbjN2c21MNkxkYk02cGdjNVVMUGNyZ1M1OURjSExKVVI2MEk2TFRBTHRrR0twSGdrNE45bVJGOVhRbWZDMTRyam93R08weEUvNFErdmlOVkhzOFZSZ2hlb0VjUXlCQ0N6NXA4TDAyVWl5OXQyNWJmc1dac1NNOWlYRStwMUpQUGxFb2p3WWpKZzA4elpmUS9OWXdPZVhsMHVzdVYwWUVnV1lCejNraXdqVzc1ZUczMC9iVzEzcm44c1BLVHdEU2lZYkJzMGNGTmRENlFiWFBNTnZka2UzZzZ6UTF1THR2bk9EL1o2cFlqcC9Ebkp5YzNXL2dJNFJkcDJ6ck9MWGY4NHNuSE1yOWQyR09HbXdiY2ltWmI2YmhKYlF0RFBxajU3WWJiTEZnb3MxbkJwZytibFd3aFlhc1dXOUxZOHNnV1pyYmVzNjJEN1Zkc0c2VDdKZHRuMkZacWJxN0JlZHplNnp2N201S2UxNGZMNGQ1MXFmUzZqVDNwOERBNkRZZkQ3NDNxaFhBeUtpL2Z0TTNjbjhPNVVyaFFMSWNMRS9sOHVOeEkxdk9vWFNRUzFndlpjS2FFaVl5MkxGZkNyVjdBRFFBVmlTd3gyUURESzlhOEZXdGVpalVIeFZxallzMVJzZXF0V1BWU3JEb29WaHNWcTQ2S0ZXL0ZTb1BpRjBocjJ0aXo3UXZtQ0Zzczc0d1h4OEw2Mm9FTnFkN3V3WFhwZ2Q3bFc3SkR4YmVYYnlFTXVYL1A0RlVKaDhqYldQNjRIallicnVZVkxTSGRvT1l2WVQ1UU9COXc1dUV1dWh2WFlCdDRUN0Y3ejFMaW9zTExnMTRqMXpod1hJZGg0QkRLZzhtaHl3NHg0QkNQem5NRGY3RFMzdUo3aFhxdHhHak9vY1I4eTFJQ1VRdC9tcHI2YVdwbkpMelU0bDRha1NMc1Yxd293MDV3NkQzbFV6aEdCM3NvaytyRXBOVXhhVTVNMFRxbUtNL2s1QVhTNFljSTMyUTRyNzlURHY5ck1WZDQwQlpST1Z6RTBZVDZNbERNNnozRnJMNDZFcFVqNFF3S0ZxN0g0ZFZKQmo2MEVzMVVvdkZLTkZDaS9USktWRk9KeWl0UlFZbjZ5eWhSVENVS3IwUUJKY292bzhUVXdhdVFJMFNCbzN4ejBiSldITFFJL25xMi9QVnMrZXZaOHRlekpaL0pPeVQxZjQrejVSS1VQMlgxOGZEUURqN2Q1UkpRTGlYa2NodVdib1NEY3hGRTB2VWJyYlphbWxVeFZXMkZOMXNwemlvV3N2SWhxeld5QWg0ck9ySlNKU3Z5UVhPcmVNbDRXSUdUbFR4WkRaVVZDNkc1VlRwbHhWUldYbVVGVjJqT2FvMVdtWmJWZEZsaEVraFd1WmNWaVRGUEFuMjJid2NNTUZ2MVkyRGVCTXlKUklTcldYS0ZVcXQ2M1Zqemp0YVhWNjBxT0dPTzFkZGlyZm82SzhhendpMnJ5ak5TUTNIWHF1Nnplai9qWVhjQzdKWUEzeHNFMjZFQ29aY3o2Y3hJYVNUUTNOelNuZzBzUWovYkE4M0Jqc0hYY2lPajVlN2k5dTV4UGJOMVRTRXpsTmV6bzlsQTh6dUlxN1Y1RHVHYSszcXVsRU9FMFd5MjJVY3dyV2w5ZTluM2RQWGswZG5ESDgxTVgvemJuWVBWQ3dkbXowMGFkM2YvdFBNYnhQYzd6QmQ2d2plL2NtVzZldlZ3YmYvTzZwbURDTC9FeExmUDNMcGw3RDlWdmJhbmN1c3drb05JRXBDcXg3NnI3Zjd6N0RjZkczdlB6Mzc3Q1NLdGFEZTdoTHUvSUpzTnpIa24yNndBVXNESTlvQVlmTEkzVTg2OG5zbFA2Qy9uOUh6VzE0cVRodUFUR0lzN1RKRWlSdUtNTWpodjhGbE02aTVPRkxJandibk0rZ1VkclFzbDlFRW0xWFpOVjQ3c3diOHNvTk5NUWoydW50dVBlaHlnVTFLcVhEczZjL3VyMnE3cnh0M3ZNSnFHa2xTNXNiZjYvZTNhbmsrcW4wOGlkRWRyazBBbENMU2RRUGtXTFcxcEhVRWZZcEdQbUJGNmtuWTgxRzcxTmJSZ0pMUVE5MnpoQS9ZTUxRVFM3TFhiczlldnp1NzVZdmJTbWRxSDV3SjA3cHQ4eHFWOWxVUGZJdlJpT3UrbHl0Y1hqUU1uYVJ0ajcwZVZ6dzhEc1YrV1ptNTlWVGx4aEJLcjV5NVd6KzBGNGdEb3FYeCtvL0x0Z1NvYXRmMGZJdUl6ZE5hYXhOcXhBN01uNzh4TTd3Ukt1bzV5NnlEMGNKTXNHZDlPR1Y4ZFE3MUcwV1dpSDl6VEFUcUZNUnJoaktNZkdVZDJZU0Ywc3Bwb2FpeEZheFo2NXM0dTJ2c0FuWnNtMm5JaG5ZNGcrL0w1eWhkZkkzVEhRbjV3a2VzRjZtcUJ1bGFnVGhTb3V3VHFHSUY2UWFBbTI0TkNvQ1lJdE1zQzdhSkF1eVRRTHFDNFdUaFMveUZCTlBmK1FmVGl6d3lpalFxZ3lSQ2hPVXJScWpSNzQvdnF6Y3QxYUUyYStjdHA1SEU3dWpFU0tWcTEwTWJ1YzR4Yk13TzBkdnowekwwUEVQcitjZHVuU01iRkU1V3B1enlSdFZRbDQrQmxZL2RCUnlMU05uVjU1dmFKT3VKemRQK1RhTEFaMHg4WWYvckJzWDFNcW41L3hyaDhjT2JlbWVxNTQ2YXpnQmlYYWwrZXEzMzZIYklhdThSR2RKdHJBYnFyU2tnUFdraFpHNHBXcGRvcFBBRXFweWV4SzBDVUpsWDNmR2ZzUDg4TFpNU29aTnk5amlMWUhCUTdNU1laUDE0elByNWlDclJyaTB1VjZ6ZngvTFMxY1ZzSEtGR1JLbnYyelU2ZDQxbFF5MmZvSG85SHZITHNwSEhyZ3AzaXVId0VhQllnMVhaK2lrS05VcUJ2S2ZCRUhWcVR6SFVBME81cjBHS2FOK0RJUWZIQjA4SFN0R29MampxaVpycXVqdmh3U3h1ZWpTakx3MmlFUTgwSlFpVUlPc0lQdC9ndHB0a01MSDYwOTFOZklpTHVOODF3WUFsRUVmdjlOQ082TDVzNDR6RW5YK1hRT2VQMldaTWI2MEVoV3R0LzA0YkdHdWlRVmU5TUdWY09tV2kwcEpHeHVYWGN4aDNEM0tkdVY4OWZwYUlvMm1tbFhrenpLdWpnMFIrTXczdXR5VWh6TFpPSXArU0JrelF5cVVDbk5YNHh6Y2JBaFplK3JPeTlZVTBzbXFFQmNSSUx0QkV0UnhyVDEzaWl5OWF4bU9aMTBQMURlNUgvelhXQkNJeXBkVjB4SnFlUXYweWlwWTBHaHExbHRGN3MxTDNaaThkTVlxeU9TRHRrRXVPTVdOdDUxL2pnejJ6aDdualJhYVBicU5BdmxYNXAvTzZYcE1pa3h1K0ZmYlJCSDZYMW1iUW8vWXJScnppL2EvYlRCdjIwUVQ5dDBFOGI5Tk1HL1hGK2Z4MmdEUVpVZnJkTlVXVEtSR3I4RnB5bXREU2xwYlc2ZlpuT1I0SE93b1pkR3M4dGdjNGlhOC9HODBPZzgwR2c4Uy9RZUJkb2ZGdmJ1a1k1TlpYZjVLTVVHVFdSR3R2NUJSb3hBbzBOZ1VhQlFNZGJvQ01yMERGRU9jS0xEVG5DUTMxSVFxRkJuaTJhZVRiS0xkcXNJeTNLTUo2d1ZXcFptdEhjbUdZRWFEMk9MR3hvemszL1pmYXpzMmd4NkdodUVpZ0Y5Ym01UGh0dXN3N043c3BhR3BYOWx0YjhUR1hySjhhR2lzYmtUcXJ4R1ZvMU0ybXBEV3NZcGFNRjlZVTBGQ2dQNmxKTFEzTFZacDNlM2Z2VTN0aW5wMm41a2UrVHRGNUJ5aWxCdFJOVUlDVHRMWks0UllEVyt5d1RwRFVNL1FxUGZvV2gxL0xvdFF5OWdVZHZZT2grSHQzUDBBTThlb0NoTi9Ib1RReTltVWR2WnVnM2VQUWJEUDBtajM2VG9kL2kwVzloZEVkN2swQmRTYjlVZ2JwSm9FNFJxQk1FYXJSQWpSU29VUUkxUXFDZEZtZ25CZG9wZ1haQ29FclJ5TGM3elFnL1JNRTg3cUxHUFF3Mk40YkJjMUQzbFNwSHZ6RU9IcWRwSFQvR3luSjZqY09LeGU2Y2tqSjcvWS9QUVkxYVFza0hPcExmUnlJdVpydHpFb2xocUxNNThhR0JVSmJ4OGxMTzhqQWZKeTJLRTdjTEoycW4vdWdwRFpmbTNQZzRhVEhjdDN0L01pNSsxc0FWaHVLcFZQMzZYdVd6dTU3cWNNblBqYzlTaCt2VFV1WFlsY3ExSzE3U1NFbmJqWTlJcTJOV1habFZwbHJCcXM5OGFKeitEMC9WQ2xIdHpNY1pndDFpbk5nM2UvZThwelRpRmhjK1Rsb25rall6dmE5eTVaTUdMaEtVK0dJRm16aDc0VWZ2b0NRM01PNmNWcGpqT3hBY2JNN1RBVmhVVnhZVldEUlhGaTBNVlYvSlFHbmoxYXZPRVlhcjJ4S08rYk5mZXJtU0ZNSGQrQ3hYNGxzWWRDbzlqbHpnS2EyVERJd3pueVVOWDlxZ1k4eTBjZXUwbHpSeXQrUEdaL2tjMzNOSmxTdUk2NmIzS0pJTE1YZE9JdkYzM2VZVkdiYkNZWjVUVm9VVFNsWkFMMllpOTUraFB1L0N5c1l0U2s2UStKeTQwNFVCRDBYMTZtSGowQmRlemlQM0RXNThiQ2pJZFkxVU8zb1QxelRjcGRGYkhUYytTeHErZHlMQjVCQ1ZuRFJ5UGVYR3gwa2pNWDRXSGIyUGUwcWpLN3d6SHljTis2M3kyYjNLK1FPZTBvamZYUGdzYVNvSjRVdW5xeWU4ZGg5NmsrbkdSNlNGdXMyclV3bWQ4OUNoRloyOGJORURkTldacnRMZVlMOVhUbDZldlh2SXN6ZkU3eTU4bkcwYTNVNnFoL1o3U3RQTTdjU0pyMjQ3b1JlaHJzd3FVMDAyZ0M4T09XM1d3S0M2TUppdUlDdlY3bjJHdzlhQUp5RzU3cFNNeWVOb1k2anRtV3pnV1dIMW1WeU1lckJhSG91U1dYUjNzbkxWYTA3UzIwNDNQa3NhdnYyVVptNU5WVDg0NHlXTlhKSzY4WEhTeUhweDRtTHQxRzVQYVhTOWNPYXJIMDF5VmUzS3pFWXpUcEtxUFpQZXV3YTlhWGJqc3d6QlY1cFM5Y0FSSjUyLzd6WnY5ODJaaTdiOHl2R1BHOWhVU3lsNUZNQ2JtMVBkU1dPbU1uM1p5NURPVGpOZ25QZzRhUWtxemZoaGw2ZTBoQ25OaVk5dEt1Uk9GMjhxT0YrWWJGd0F1WGp1a3MzZDJZWFY2aUYrNWdDbm5jWlZUM3ZKb3dsdWZKdzA0cjBqWjV6V1o4S1FVTXo4OWNkalh1b1NDdVN2RG54RUhRa0RmRUV2NFVRTkdicDdYK1ZFNDFMSGhRRzV6ZmZtSnBJN05qZUpjT0R4czVPUENDY1dQenU2aUhEbzhMUFRod2duQno4N1FvaHdTaEFoemZlemZGK0U5TnZQa25ZR3FTSmswMzZXVm91UUV2dFpiaXhDK2l0Qzl1cG5hYXdJZVNvQUtnQ2FDSm1sQ0ttaG4rV0lJdVIzZnBib2laQ2srVm0ySmtLZTVXY0psd2haa3ArbFN5SWtReUprUENLa0xINld1NGlRZC9oWkFpSkM4dUJuV1lRSUdZQ2ZwUUlpYk9OK3RwK0xzQmY3MmFZc3dyNExnQ3JDRnVsbmU2VUlXNWVmYlhnTU12bmpLUVVBRTJPNm5Xd2ZmcmFQaUxBQitObE9JTUlxN21mTHVRaXJxNSt0eVF5aTR1UG1xTkJWVTRTRlVZUTF6YzhXTnhHV0pEOWJtMFJZVi94c2dSRmhaZkN6SlVLRXVlMW5rMXlFZVN6Q1JQU3pHU25DUFBLekNiVm9hY3ZtbjFmZjh5NzhkWklMOTJieUpBQitYcUF0T0c4US8rRTEvbU9KVE5rM2Z3ZjYvR0hGaGcxL1dKSE5CdHNHVStYTWVKbjhZWGJUZitZT252cnJmNHRCY1hCTklXdWl1bHRERi85SFJDTFdsUWIwVERaWnlPOFlSUXpwWWpHZnptM3pTVnRxdHordkhObi9kdGo0NUk3eDhZWEs4YThycHo3NjI1MkRXMnFuVGhKOFpYcDM3ZVJYeHU1dmpVcy8wb2NUY1BmbXRDL0EzOEc1eGNKd1BqZTgxZmZXcG5JdVA5Z3p1clc3dUQxZEhCbko2K1R4aFZ3K1Y5N3hRcVM4dlV6L2VyeGJIOGtWQm9kSHQxclV5TEp3UFQyYmV4Yy9JdkRTdUo2SkxGbVZ6V2FSTzVBeVg2bThJNi83UXUvcTQrWGNjQ1l2WmZLNWtjTEtjbkhicW5lWnVKV3JyQ2NvSHMxSzFMS3RXTWdPNWFsbFQ1WkhjNlhsNytMbkcxWkhJcXV5YUZBQ1FsQndIQTUvdzJpc3hVODQyQVpqTGE1bm9tRU5QV1Z2SFBvSE5vS2hSV3prUWgyam9jRFBIYWJRYjN5dlA5ajRvTDU2akE2bU9vOU42T2tISHBiUU13ODlIcUYvZEI2RjBHL3JYTGlZdVQzMFQ1eS9FL2l0Qmd0Ym10b0RyYUVGSS9nSmxIVmxmYXluT0ZFb04vdXpjeFlFbXZDLytZdVdOalhSbXZzaTB0WFdvQi8vb1ZCUE1WOGNiL3RxVHJCMThObFVkN09JeWMybWUrbXpNM09VYkpZKzI0TithWGd4QVBGT3gzdkY4YXcwaEovM1dVbCtJaS9sa1JtdFppdno3NW5oV1IrTW9hMFJSakF4YzZzM1RpYU5uZWV6TklJdzZpbjZNTkRzZDd2SVZlcUJtZHMzRUZVMHFjNHZVOGppVWlwbDRGK3JnTkJ0SmhxLyt3RDlPZzk2OHZ2Q1VHbmJLakxVMklVaDVJeFEyTkVScXFNakVuOS9Sd2pHN2hzenQ0ODFHbC8zNWdXYjhkWTdHSGpqNHk3R3Q5elBlTzF4Tko1L0F3UnZQUGN1Q001NDhpNElSK3RiNzJkOTlIRzBubjhUQlcrOTRtZzlmcFdBby9HKyt4a2Zld3lOdDcwUnc4RjQvRzRNM25qTnhYamhmc2JISDBmaitUZHpOTVk5ZVVjSGIzelhjczNSK0xuM003N3pjVFNlZjBPSWJlU3QxM2JZUno3bWFMeDRQK083SGtmaitUZVYvQXpqL2ZjelB2RTRHcysvTWNYQitBZGQ4Q2pEZlB6czhTcGlOZXB5bHRqMFJEWlgycGJQN0ZoWktCYjBWZG4vQjNDenhIWk9Td0FBIiBDb3JyZWxhdGlvbkJpbmRpbmc9IiIgVXJsRW5jb2RlPSJUcnVlIiAvPg0KICAgICAgICA8Rm9ybVBvc3RQYXJhbWV0ZXIgTmFtZT0iX19WSUVXU1RBVEUiIFZhbHVlPSJ7eyRISURERU4xLl9fVklFV1NUQVRFfX0iIFJlY29yZGVkVmFsdWU9IiIgQ29ycmVsYXRpb25CaW5kaW5nPSIiIFVybEVuY29kZT0iVHJ1ZSIgLz4NCiAgICAgICAgPEZvcm1Qb3N0UGFyYW1ldGVyIE5hbWU9Il9fU0NST0xMUE9TSVRJT05YIiBWYWx1ZT0ie3skSElEREVOMS5fX1NDUk9MTFBPU0lUSU9OWH19IiBSZWNvcmRlZFZhbHVlPSIwIiBDb3JyZWxhdGlvbkJpbmRpbmc9IiIgVXJsRW5jb2RlPSJUcnVlIiAvPg0KICAgICAgICA8Rm9ybVBvc3RQYXJhbWV0ZXIgTmFtZT0iX19TQ1JPTExQT1NJVElPTlkiIFZhbHVlPSJ7eyRISURERU4xLl9fU0NST0xMUE9TSVRJT05ZfX0iIFJlY29yZGVkVmFsdWU9IjAiIENvcnJlbGF0aW9uQmluZGluZz0iIiBVcmxFbmNvZGU9IlRydWUiIC8+DQogICAgICAgIDxGb3JtUG9zdFBhcmFtZXRlciBOYW1lPSJfX1ZJRVdTVEFURUVOQ1JZUFRFRCIgVmFsdWU9Int7JEhJRERFTjEuX19WSUVXU1RBVEVFTkNSWVBURUR9fSIgUmVjb3JkZWRWYWx1ZT0iIiBDb3JyZWxhdGlvbkJpbmRpbmc9IiIgVXJsRW5jb2RlPSJUcnVlIiAvPg0KICAgICAgICA8Rm9ybVBvc3RQYXJhbWV0ZXIgTmFtZT0iX19FVkVOVFZBTElEQVRJT04iIFZhbHVlPSJ7eyRISURERU4xLl9fRVZFTlRWQUxJREFUSU9OfX0iIFJlY29yZGVkVmFsdWU9IkhrNTZYQ2NPWlBTUzZUMFVxaEhnR01iVlB6YUxYcUZFYkFmK25hcWhOMmZ2UXZ5WUw0bk9HeEcwTVBuRXBzTnlOQkFiMkxwdDZ0empXKzhBc3V2c1ZXem9ZdmpxdkV5S04vVzJ1a2ttZndEZ2t1Y3hwREpoM3M5QW9sL1dNMFViSUxUcTdDcy9JODhBUm8raGxsbXR1WUpWQzloeDNnaURHYk5zUU9pS0FJODBOMmw3YWkvWkZMNTZpcVFQaTJFeGxzZjNhOWhxQjdOaFhHMFlmL1dxT1VaeHh1WGZVcElGWExLd1llMEhtaTNCMEliWXRUd2lYa3d6MDliQmMzS0tTVzhiN2RkeVlJd3RQZmRNUUxNVEdFcFIvTCtUZ2lpZEFzc2ZXdDN3YTB3K2xINi9GaVZnUjZBS3FRZStUamgwZ2tzUjhxZ3dnZXBRZkhZYTZKdGZpdW9BOUVmRnZFeCtDTDk4cVVmODJCbFA3NFV2UVc2L3l2Z3hlaUhDczR5d1l1dTlzN3o2WUcxSjdXOE1XZXg5UHFPNjl3Snp4aTRUeE5RNGlUS1U2ZmxvS3hUL3VseGpxa093ODVWcnAzUUNKaU5zeEFjMmFSWU8vcU5XYTA5YUkraWJmYllrRDl0Y001VkhQWGE5V3dRbTQrSFdCYkZ6TmF2amFGZWRtM0VpclQ0aUhzYlQrU3ZPblpvb1JYc1V6SDFoLzFTR204TWhDcHVOcTVWMGNST0JCZ2s5L01LNFBBUXNKVE5hcXZNUUw3YWgyMFRIUCtXVjZXeDNFZU5YclpvdjB2OHloaXBuMDFhMU9IVnladmYyTjdxRVNzSzhoQUlkSDRIRncwSFdCcFQ0eFRsaXVZdWQwc0lIc2svUlNiQlVTVFdaWWsyN2pybThFN1ZBdFlqUlNoS1NLSjM4eEYrRzFNT0wxNEZYaXUrUVBQM3Naa0VsTjVMWmp5dG9JTXJhaUFyTTFKSzVYVVQ1R3IyUUpDN3NBNVNpUEI2L3U1bFRLMjFkNklQNTlidklvT2Z3dHRVSHVTWmUzUjZqU3cxTmJyL0J6bi9qUDlRdCtGTThMaDl2bktyNmhxUVlIMXpPQkhzejc3Q3ZiRkorMVBMU0VJOW1qbTh4VEV1OGdXb2pPb2w1RzNkODNLWXNtSkZ2ZGJMWS9OTk1yOU1nSFlkc05ISHpNN2RZU1BHWDFpYmlCczdaYWRseUlFMXAzL1hJU1JVeSt6Qm5POEU2WXlvRWFtbjNyRUpiVktCK21JZnMyT0VJdzNBVGdCRlNmMjRnOGZSK3ZJTDJuM3hONFVsODlLTzllWi9lWlhQU0RHUyt0TXZGRTBZdklOd2w4K2cwVHJSVlJNSlFvY0lVaUdnelJhQjVhWmQwQ3BVbk9lbXczb2FkSVJxci9NN3NPUWM0dkZKMDUrQTMxVWFqQ3lRN2FHUmM5c01BT2o5bTJkaC84K052eWUrbmVLcFB5RGUwc2NzQ1ZoUWZpNU4xZG10NjhjOXp5VTdZeUwwVTFmL1JHSktWZTFYTXJnbk0xNlQvMy9oRlZHa1k5cTFCanJuRW1BaWx3ZEpzRmthL0dLZlROUjllOXI2QWx5UDUrcms5Z2tGZjVBL3BWa3BySTdYK29oWmdBa0VRS2prT2s3ejA1cGk3VEJteitxWE9qVGlOVE91ZzI1NHd1bkV4Tkx3dzdjM0NSM21tdlVjbTJjTVRTMDdFUVNjaitWVWdCVGtheTZZSVVYSzYzcGduWSsvUnUvTDRyVnpsa01VVUpGcWZYQWt2ZjA1Y3FsbUVDTE5qWE5NYkFVTVZHOCtQQWRhNVdnQU8yZDBYSkZUYUVzeFduUk5hTGRQRnFQYUlNY2hCaGxlRlZjRVgzOGlDQWJWVFdHZmxNekxScXREdXBNbFFmREYzRzNwMGR5YitkUGl0bnc3ZzdiZmVXVUtySmVQd0h2N0tIekh0WVdyZjNUbWl6bTlidnZmWjN4MEwyKzNOekw3aEhKZm5FTU5qa2RFaEdxdlNiZlV3SzBTQjZCL0JFN2xDOWNIOFdFVk1UTmM3dlNlUlV6SFk4YU5GNjdrZzdISHJ2YnAvUElSY08ySndoVDh6WEJzZFNkMUNRS2ROOHlaVnhQZkNha2lzK01LRFN3YWZqWDdMSm95SGkvWlRqNFo3UzVBUSs2VTFUWDFnZ1U3ZXExb3pHU1ZyMU1yZXcxNGJMc3puR01tQ1R0UVJaY0s4UUpHNmwwMkNZRGMzMWFpL1JvdjBjOUNMVWxTanBheElmcTd0SUpCWjNEUWN6SGJTVEE0Q3I1YXQvYW1ELzFCZzlzVk9vRUY2ZklPbTd6cmdPaEFpekJIZXNvOXNNbmRoaU5nNmp3dHJOb1Q2Y3J0R0s1YVRUSDJVU0Zrc0Evc29jZjJ2Vm1sSXNEQ3l5RWVxOWhVZ2FVTitnaUU4RkJhL00rS0NFTDNuakV5UW55NmIxdEhBWHJwcndkSjlBYkxObHZJQkVybXVuQ2hPQ21BR0NBaXUwUWJIRDRCbTNvcHgzZnM5L2NwT3NlNlN2Mm1LMCtYYWNyL0F0R3ZvTUZjZkxzVy9LaXNRQVRaV0UwMHV3QUQrdUlSeFRIQVZkRlRRRjVEK1VsdVd1ck9PbVY3Y3lDeEJHWlZla2ZnMytvVE92UG0yTWl0YXEyMVMvN3N3Q0JkUDV1VHZWQ2tZUGJnM3NWV3dOZmpZYTdpb0RGZ1hMZ1JHK3dhaSsvbnd5V3NCNUVua2pLYTRwMmIrTy9hNTVmeTQ2ODNVZ3dHQUN6b2R5ektnQ0kwTDBWYXVla1Y2em42K0xZZ1F5U2pVVUY5akFXaW9pZzlZakFGay9UYXNUN0oxTmk3NEJlK2xRdVlRSEdsVWk2OTNRQ0VMTFlMMTVISDdRbnZHRzJUeDBZL3krN045ckNkd3JkYWw4bjBPbjh1eTNGMTJJR0tCYmFEVWdoS09tdUx4RGN4RE45eWIxYzVCcHlVcm9aNlkwN3BZVEZCRDVCeFlQbXpGSmNYWWpCVWRHOUtNTGt2T1BtVjFhKzBpYUlHT3g1SmNDZS9uMllzZ1VYY0YrRUx6QkE1R1hvMnN5UG1kNEI3dnFNNllCYkRyYkw3QkpLYzlHM1M4cHkwTXJzK2FLVU1qdjNkMmRKYi9raWdZWmRxd0JreTcwdWhNVDRTMWpMQ2JDRXRxaWdOOHdMOXkxRjBTY1FSbGF6czdvUjl1cE1hQWlzTUYxdkFYbkZLNm9mZGdpa1NJOXhTdVk4Vy9aOUFyZjlGUlYwZUJPUm80SFpxVGlnZVliWjNIOG15R0QzekIvam0veFEreG1JVUV3d2FUSkVWUG9vUmZHODlsSFdkUzBYOW1QclZ0NmhWZEl0UDM2bWQyWnV4OHBoVTNJOFpzV0hvcUlPMzZTTHAwaU5xMG16TkdVTjR2eENTbHRZSjRleFRhMDBTMTVtOHhaWTUzUHlEMlRleEZVV2lWNWJqN0RhTWI3NE1nRTNTVms5cWlsTSszelRSd3hrRVRmSGVSOHZVZXY4VEJFYWZlNHIyUlZUeTRYZ3lkWDJ5cHBIVmRUdjNVd0llRXdKSFV3dVo0T2Y5SmhUNGgrZ095WGo2VWhySjlrR3JoWmlmYXBVMklQcGUwQTRmZlNtbnIxR1lvZGdrUTVzaFBoUWVNNThXUlZlZVR1ZytLbWl2RnZNMUdqMTRkVklONzUvVnZlVDNlcFFENzBWVlMreXlETDlPT3ZETXlNQW9vclhjbWtyRE52TXdEcDJjTzlaaU9qK2ZDU0MwMmNmVWI5dmRwRlE0QldveUwwanhpdjhPaUhUaHpkY05ITVY3cmEzRnp0bk5GNmY1YThFUmoxRkE4bkU1R09OdTVFS1Uzc3RaOFRCemp3Z0hrSnVpdCttWC9LdkdNR1d2QXdTTGpHR3g3SVYwa2QvNG5SVXRta0E1ZmZ1YmFGdlRpYVAwY01saHZFbll5RkpPY0V0VU1DdTFENDNtYi9wWnRGZE5NYzk1SGZUS2NMdkdCWHp5ZGtEN3NjYUF0ZUNJTjZaUnNxQVhPcXBRMVMxTkxUVU5MSld6Q05pY3pXNDh0U2tGSGE1c3huSEM3M3pCdXMvTGg1eVN1MGpmUnRVa1Jac2Q1RjJKdXE5dkZIaUFicE9SUC9oYjdBT2tESHdMNW9FQkJ2a2xFWXZSclBCdXVWNGZ1OVJUaHkzbTJrTnBPU1BiVytxY21IV281OXY4SG80QmhVaWd4UkphcHhxLzBOY0lTRWJ0a2pMSG9kSzhqZ1F1QlFoTGFBa2pPTm5pWmNkRGxqVVozRHM4cGZwSno4U1daYWthSHg3RUZvZloxYVZmZHVhMGlzc2M2WFQxeitJYXJHNzhnZmZNVkRVQ1NTWjNDV3BEa09lQ25VK0NSUWc3b0pmSHRzRlhGbTNtNmY2S1dTZy9Fc1BFSVd4Mm43clBJeUt2Y0RBWFFNZHd2b0l4Z2x6L3pqcnk5SE1XRnluTkpjazEvTXlIRWs1TnRPY1dMT01yNVQxK3A1MTYvajlvYVRDYjMvNHBIaHNRb2tSM1dpSDdMVkNNR3RkQzF3Z3VabktZQ0xLb0NpOXFpVzZyWnhJMXhrOGZuNUZ4ZTVZS0phbjFxbjQ5STdpTlpCODZnT3BiVFdXT0R2NEJGZGNzTlovQUdPbWFyT0hwVTRWUHN6ZlIvMiszdjd6S2c5NTdwR0twc01EQ2ZNR1Y1N1FFamVlQm5xQUk4Slpjdy9hZXRsdkZDcFVTQXlTQTBUem9QV1RYQUhKajFlTjYrK3E5L1BkRjI1WTA5Nm5XTzkvWC9EY1U1WnM0eGF2M3JFVmZyRTJaVUtSbDVucmpoUnoyeURaait6NGFQWUFnQWcvM3o1MllRNVhEYzRwdyt4bWxoOUZTdUdKMUlJbkgvaENOalU4QTRYVGlPYTB0YWhxbGNzblBRN0IvVTBqMnlvdDZBVmhlNlc0WDNSaGQ1SHRFWFg0WlhOTGhNenVTRDRvSVdhWEczUDFDSjh2ODBhY3h4Z1JGMitNVWt2MUVJbWhHTGlnVUJaL1E5eFJCNVZ3Q0dRV1hsMGJJcVlDZTRibXI3dWJlQkJNSFJnajZMcVFPTUhPanpDbm9QVVFSZ2FpZGswNElkRnY3YXZNQzdNMitSVEs2MDV3Mk96aWtyV2trY0YvODMvU3ltQjNhd1l0a3JRN3BKZ3dmbzVxL1VZbmNUWEhJWnhpVE9kMWdiNk5CMWQyVi85bFp2VEZhaDBEUUVjejRzLzZhUWw5cmJUS29FR2orOCt1RHlKME0wQllNYUVubElya2ltVWRBeEEwN0RvRDVmSTJNdWVuM3NLQkp3Y3hkMXBMYUJNWGdTRUZZeG85bGNnQUM1K0lrbFlvY0ZkTHBlbnJTSncwcDhIZmkrMy9MWTNtY2lBTkppQ1J6Q0ppaDlyK2tBTVgzSndvaGJPYkRBWVk3UEtoZnJ5QXdTbXRiY0JwMk1abTZnRHBTREJBYXQ0ZC93ZXR0T0F3VHVFZmpTZHFQOVVIKzJwSmpVN0Fid1d1dVlZVThOcWQvRHcwZ2d6YUJGcm5sT0gwOVZJVXdmUDEwbHZLY2FIaDRtWGpBM3V5aFZQenB5S2Q2dEZYQVZjc09sOENqSzNjSHczNXhBTWZiL3ZXOFFmdW1ublRrblNzVWhXa0ZPZU9iNlRVQjV1RStNZS9YMUNTVFRnOFYxY2RPV1VFOWxCWlpXcFVheGRaZHJpZTNoeTB6U1d3VjNOSzJwTEFBT1ZzR2g0RnhzSkFvV0srQUFCNmJseTVIYk5XYVRBWlk4RlpvaVNkcnExWXRMM3lSTUxhQ0huY2dHM080djN1UW9FNU1Ud1J0L1N0KytUK2R6a3NWK3dreDRRd2R4dEVBa2wwS0VmNVJiMnhzcTQyaEZrb05GNHAwb01sNlZIY0d1OGp0OE9US2xaVnJZN1BHRWlwcHF1TjhEdm1jdDVrQ3ZHS2g2dEFZaGNrYU1sS1NXZWhQRkV3blVCSFhHOHFQY0NMM1Jva0d2M2VYNmRtMDNyV0VidXRzeHI0ZzBTdUsyTzkwVEMxd2tsM0liWm1raWk5dThYWks0Kzh1Vkp2azR6ZTF1OW81c1VHdndNa3RLYVFST1RWcHpEaTdoem9xNWVvMCtRdUFoNUFVd2ZidmZuVVFqUUgvWU9FZGJzSHRoUE5WMVhLNXl4VVJRN1RuU3BWUDlxRkVJQlBmZmpFM3lqL3UvNEJIcHZVUVVqdVVRak5wZTV4YWI5NHI0TnFBai83MytWQjNGWmFjRVNHTitNNXg3VmxxblFBU2x6eGJFS2RDL21rL3l1TW1VaGo0SW5ObTBGYm83ZmxHTnl6akt0RUNNek9sdFl2cVFNNlExaUtjSEtCWGdnR0RVMTg0MjdrZEUzZ0M0clhlMEVTaVJKRmM3Uk05V1FEU3ZBeDlZZ0lnSGpUV05WWC9YVFluYWFrdHg2MC9EUWFFWTZONXBPWm9ab1FMbzFhL0t6NTgwL1Q5cnNGb0xsWkdaVkxBdm1yVHJpT0h1RjV5dHAwQmlBa2NHcXNRTFRFaSt4R1BsMUE4clVybVQyZHV4WEdha2IrQUo1a1VpOHg4bmYzdEorWVdjaGJtV1U2OFZReWZJS1NuWmloUzB0OG1sSkUvQThpKzk1SXgrMWxOd2RvRS9QdVZYaTM4WXFNWEF2dUZIOWVEVUR1djJFVE9VVUlmb2xvYlRYVUU1RDliRHBFTjdVZ0RqYTVPbnZqdVdHVVJBaHRkdjhnUXhvRThiM3U1cE96S3VqNVlMdFhnc0Y0WWk4UWhvZTlFandyUWM0dGRKQm50OVVxL1dEMVZ6Ky8xbHI0SWpFYnRlQzlHeUE1Ukp6eHVqQjlpWWRWZGptQ0J2b3Z0Nmk5NHdwengreXA1UjVYSmN5QWUyWEhzWml6SHBPSE5KcmhBbDlMSER5c0VLSU1JRm5ZeWttRlBFWUZVZDNDYWFBc0hoTGpBMEsrdEo0UklGUkpQUG5nSWo0cS9TVm1HdzVJa2JoMHIwTlc0RlNZVTIvb3JDTlhwS3hkR01VQ3J2R3BBMkEyTDNLbDQwdEYyUXliTll1cm5iNkJiWnRMZlBsUFl2bHFxTk5qdE5NdHVGdEhDM2tzOGk2V2lmLzRpaUsrMWM1bzh6VFJ3RXcyQ0ZYMzZHVWd2aS9nVXpMMCsxbjA0VHNyQVl0ZlZPcmN1eSIgQ29ycmVsYXRpb25CaW5kaW5nPSIiIFVybEVuY29kZT0iVHJ1ZSIgLz4NCiAgICAgICAgPEZvcm1Qb3N0UGFyYW1ldGVyIE5hbWU9IlNjcmVlbldpZHRoIiBWYWx1ZT0ie3skSElEREVOMS5TY3JlZW5XaWR0aH19IiBSZWNvcmRlZFZhbHVlPSIiIENvcnJlbGF0aW9uQmluZGluZz0iIiBVcmxFbmNvZGU9IlRydWUiIC8+DQogICAgICAgIDxGb3JtUG9zdFBhcmFtZXRlciBOYW1lPSJTY3JlZW5IZWlnaHQiIFZhbHVlPSJ7eyRISURERU4xLlNjcmVlbkhlaWdodH19IiBSZWNvcmRlZFZhbHVlPSIiIENvcnJlbGF0aW9uQmluZGluZz0iIiBVcmxFbmNvZGU9IlRydWUiIC8+DQogICAgICAgIDxGb3JtUG9zdFBhcmFtZXRlciBOYW1lPSJidG5VcGRhdGUiIFZhbHVlPSLkv67mlLkiIFJlY29yZGVkVmFsdWU9IuS/ruaUuSIgQ29ycmVsYXRpb25CaW5kaW5nPSJ7e0Zvcm1Qb3N0UGFyYW0zMi5idG5VcGRhdGV9fSIgVXJsRW5jb2RlPSJUcnVlIiAvPg0KICAgICAgICA8Rm9ybVBvc3RQYXJhbWV0ZXIgTmFtZT0iZGRsT3JnQW5kRmxvdyIgVmFsdWU9IiIgUmVjb3JkZWRWYWx1ZT0iIiBDb3JyZWxhdGlvbkJpbmRpbmc9IiIgVXJsRW5jb2RlPSJUcnVlIiAvPg0KICAgICAgICA8Rm9ybVBvc3RQYXJhbWV0ZXIgTmFtZT0iZGRsUXVlcnlDb25kaXRpb25zIiBWYWx1ZT0iMCIgUmVjb3JkZWRWYWx1ZT0iMCIgQ29ycmVsYXRpb25CaW5kaW5nPSJ7e0Zvcm1Qb3N0UGFyYW0zNC5kZGxRdWVyeUNvbmRpdGlvbnN9fSIgVXJsRW5jb2RlPSJUcnVlIiAvPg0KICAgICAgICA8Rm9ybVBvc3RQYXJhbWV0ZXIgTmFtZT0idHh0T1RFbXBJRCIgVmFsdWU9IjEwMjA5OSIgUmVjb3JkZWRWYWx1ZT0iMTAyMDk5IiBDb3JyZWxhdGlvbkJpbmRpbmc9Int7Rm9ybVBvc3RQYXJhbTMzLnR4dE9URW1wSUR9fSIgVXJsRW5jb2RlPSJUcnVlIiAvPg0KICAgICAgICA8Rm9ybVBvc3RQYXJhbWV0ZXIgTmFtZT0idHh0T1RFbXBOYW1lIiBWYWx1ZT0iIiBSZWNvcmRlZFZhbHVlPSIiIENvcnJlbGF0aW9uQmluZGluZz0iIiBVcmxFbmNvZGU9IlRydWUiIC8+DQogICAgICAgIDxGb3JtUG9zdFBhcmFtZXRlciBOYW1lPSJ0eHRPVEZvcm1OTyIgVmFsdWU9IiIgUmVjb3JkZWRWYWx1ZT0iIiBDb3JyZWxhdGlvbkJpbmRpbmc9IiIgVXJsRW5jb2RlPSJUcnVlIiAvPg0KICAgICAgICA8Rm9ybVBvc3RQYXJhbWV0ZXIgTmFtZT0iZGRsT1RTdGF0dXMiIFZhbHVlPSIxIiBSZWNvcmRlZFZhbHVlPSIxIiBDb3JyZWxhdGlvbkJpbmRpbmc9Int7Rm9ybVBvc3RQYXJhbTM1LmRkbE9UU3RhdHVzfX0iIFVybEVuY29kZT0iVHJ1ZSIgLz4NCiAgICAgICAgPEZvcm1Qb3N0UGFyYW1ldGVyIE5hbWU9InR4dE9URGF0ZUJlZ2luJHR4dERhdGUiIFZhbHVlPSIiIFJlY29yZGVkVmFsdWU9IiIgQ29ycmVsYXRpb25CaW5kaW5nPSIiIFVybEVuY29kZT0iVHJ1ZSIgLz4NCiAgICAgICAgPEZvcm1Qb3N0UGFyYW1ldGVyIE5hbWU9InR4dE9URGF0ZUVuZCR0eHREYXRlIiBWYWx1ZT0iIiBSZWNvcmRlZFZhbHVlPSIiIENvcnJlbGF0aW9uQmluZGluZz0iIiBVcmxFbmNvZGU9IlRydWUiIC8+DQogICAgICAgIDxGb3JtUG9zdFBhcmFtZXRlciBOYW1lPSJndk1haW4kY3RsMDIkY2hrQ2hvb3NlIiBWYWx1ZT0ib24iIFJlY29yZGVkVmFsdWU9Im9uIiBDb3JyZWxhdGlvbkJpbmRpbmc9IiIgVXJsRW5jb2RlPSJUcnVlIiAvPg0KICAgICAgICA8Rm9ybVBvc3RQYXJhbWV0ZXIgTmFtZT0idWNNb2RhbFBvcHVwMSRDbGllbnRXaWR0aCIgVmFsdWU9Int7JEhJRERFTjEudWNNb2RhbFBvcHVwMSRDbGllbnRXaWR0aH19IiBSZWNvcmRlZFZhbHVlPSIwIiBDb3JyZWxhdGlvbkJpbmRpbmc9IiIgVXJsRW5jb2RlPSJUcnVlIiAvPg0KICAgICAgICA8Rm9ybVBvc3RQYXJhbWV0ZXIgTmFtZT0idWNNb2RhbFBvcHVwMSRDbGllbnRIZWlnaHQiIFZhbHVlPSJ7eyRISURERU4xLnVjTW9kYWxQb3B1cDEkQ2xpZW50SGVpZ2h0fX0iIFJlY29yZGVkVmFsdWU9IjAiIENvcnJlbGF0aW9uQmluZGluZz0iIiBVcmxFbmNvZGU9IlRydWUiIC8+DQogICAgICA8L0Zvcm1Qb3N0SHR0cEJvZHk+DQogICAgPC9SZXF1ZXN0Pg0KICAgIDxSZXF1ZXN0IE1ldGhvZD0iUE9TVCIgR3VpZD0iMTVlZGQ3ZTctMzFmYi00NGMyLTlhMWUtMmFmMDM2MTQ5Y2QxIiBWZXJzaW9uPSIxLjEiIFVybD0iaHR0cDovLzEwLjExLjM2LjExNDo4MDA3L092ZXJUaW1lL092ZXJ0aW1lUHJlT3JkZXJfTW9kaWZ5LmFzcHgiIFRoaW5rVGltZT0iMiIgVGltZW91dD0iMzAwIiBQYXJzZURlcGVuZGVudFJlcXVlc3RzPSJUcnVlIiBGb2xsb3dSZWRpcmVjdHM9IlRydWUiIFJlY29yZFJlc3VsdD0iVHJ1ZSIgQ2FjaGU9IkZhbHNlIiBSZXNwb25zZVRpbWVHb2FsPSIwIiBFbmNvZGluZz0idXRmLTgiIEV4cGVjdGVkSHR0cFN0YXR1c0NvZGU9IjAiIEV4cGVjdGVkUmVzcG9uc2VVcmw9IiIgUmVwb3J0aW5nTmFtZT0iIiBJZ25vcmVIdHRwU3RhdHVzQ29kZT0iRmFsc2UiPg0KICAgICAgPEV4dHJhY3Rpb25SdWxlcz4NCiAgICAgICAgPEV4dHJhY3Rpb25SdWxlIENsYXNzbmFtZT0iTWljcm9zb2Z0LlZpc3VhbFN0dWRpby5UZXN0VG9vbHMuV2ViVGVzdGluZy5SdWxlcy5FeHRyYWN0SGlkZGVuRmllbGRzLCBNaWNyb3NvZnQuVmlzdWFsU3R1ZGlvLlF1YWxpdHlUb29scy5XZWJUZXN0RnJhbWV3b3JrLCBWZXJzaW9uPTEwLjAuMC4wLCBDdWx0dXJlPW5ldXRyYWwsIFB1YmxpY0tleVRva2VuPWIwM2Y1ZjdmMTFkNTBhM2EiIFZhcmlhYmxlTmFtZT0iMSIgRGlzcGxheU5hbWU9IuaTt+WPlumaseiXj+ashOS9jSIgRGVzY3JpcHRpb249IuaTt+WPluWbnuaHieS4reeahOaJgOaciemaseiXj+ashOS9je+8jOS4puWwh+Wug+WAkeaUvuWcqOa4rOippuWFp+WuueS4reOAgiI+DQogICAgICAgICAgPFJ1bGVQYXJhbWV0ZXJzPg0KICAgICAgICAgICAgPFJ1bGVQYXJhbWV0ZXIgTmFtZT0iUmVxdWlyZWQiIFZhbHVlPSJUcnVlIiAvPg0KICAgICAgICAgICAgPFJ1bGVQYXJhbWV0ZXIgTmFtZT0iSHRtbERlY29kZSIgVmFsdWU9IlRydWUiIC8+DQogICAgICAgICAgPC9SdWxlUGFyYW1ldGVycz4NCiAgICAgICAgPC9FeHRyYWN0aW9uUnVsZT4NCiAgICAgIDwvRXh0cmFjdGlvblJ1bGVzPg0KICAgICAgPENvcnJlbGF0aW9uRXh0cmFjdGlvblJ1bGVzPg0KICAgICAgICA8RXh0cmFjdGlvblJ1bGUgQ2xhc3NuYW1lPSJNaWNyb3NvZnQuVmlzdWFsU3R1ZGlvLlRlc3RUb29scy5XZWJUZXN0aW5nLlJ1bGVzLkV4dHJhY3RUZXh0LCBNaWNyb3NvZnQuVmlzdWFsU3R1ZGlvLlF1YWxpdHlUb29scy5XZWJUZXN0RnJhbWV3b3JrLCBWZXJzaW9uPTEwLjAuMC4wLCBDdWx0dXJlPW5ldXRyYWwsIFB1YmxpY0tleVRva2VuPWIwM2Y1ZjdmMTFkNTBhM2EiIFZhcmlhYmxlTmFtZT0iUXVlcnlTdHJpbmdQYXJhbTkuT1RDb21wSUQiIERpc3BsYXlOYW1lPSIiIERlc2NyaXB0aW9uPSIiPg0KICAgICAgICAgIDxSdWxlUGFyYW1ldGVycz4NCiAgICAgICAgICAgIDxSdWxlUGFyYW1ldGVyIE5hbWU9IlN0YXJ0c1dpdGgiIFZhbHVlPSI/T1RDb21wSUQ9IiAvPg0KICAgICAgICAgICAgPFJ1bGVQYXJhbWV0ZXIgTmFtZT0iRW5kc1dpdGgiIFZhbHVlPSImYW1wOyIgLz4NCiAgICAgICAgICAgIDxSdWxlUGFyYW1ldGVyIE5hbWU9IkluZGV4IiBWYWx1ZT0iMCIgLz4NCiAgICAgICAgICAgIDxSdWxlUGFyYW1ldGVyIE5hbWU9Iklnbm9yZUNhc2UiIFZhbHVlPSJGYWxzZSIgLz4NCiAgICAgICAgICAgIDxSdWxlUGFyYW1ldGVyIE5hbWU9IlVzZVJlZ3VsYXJFeHByZXNzaW9uIiBWYWx1ZT0iRmFsc2UiIC8+DQogICAgICAgICAgICA8UnVsZVBhcmFtZXRlciBOYW1lPSJIdG1sRGVjb2RlIiBWYWx1ZT0iVHJ1ZSIgLz4NCiAgICAgICAgICAgIDxSdWxlUGFyYW1ldGVyIE5hbWU9IlJlcXVpcmVkIiBWYWx1ZT0iRmFsc2UiIC8+DQogICAgICAgICAgPC9SdWxlUGFyYW1ldGVycz4NCiAgICAgICAgPC9FeHRyYWN0aW9uUnVsZT4NCiAgICAgICAgPEV4dHJhY3Rpb25SdWxlIENsYXNzbmFtZT0iTWljcm9zb2Z0LlZpc3VhbFN0dWRpby5UZXN0VG9vbHMuV2ViVGVzdGluZy5SdWxlcy5FeHRyYWN0VGV4dCwgTWljcm9zb2Z0LlZpc3VhbFN0dWRpby5RdWFsaXR5VG9vbHMuV2ViVGVzdEZyYW1ld29yaywgVmVyc2lvbj0xMC4wLjAuMCwgQ3VsdHVyZT1uZXV0cmFsLCBQdWJsaWNLZXlUb2tlbj1iMDNmNWY3ZjExZDUwYTNhIiBWYXJpYWJsZU5hbWU9IlF1ZXJ5U3RyaW5nUGFyYW0xMC5PVEVtcElEIiBEaXNwbGF5TmFtZT0iIiBEZXNjcmlwdGlvbj0iIj4NCiAgICAgICAgICA8UnVsZVBhcmFtZXRlcnM+DQogICAgICAgICAgICA8UnVsZVBhcmFtZXRlciBOYW1lPSJTdGFydHNXaXRoIiBWYWx1ZT0iJmFtcDthbXA7T1RFbXBJRD0iIC8+DQogICAgICAgICAgICA8UnVsZVBhcmFtZXRlciBOYW1lPSJFbmRzV2l0aCIgVmFsdWU9IiZhbXA7IiAvPg0KICAgICAgICAgICAgPFJ1bGVQYXJhbWV0ZXIgTmFtZT0iSW5kZXgiIFZhbHVlPSIwIiAvPg0KICAgICAgICAgICAgPFJ1bGVQYXJhbWV0ZXIgTmFtZT0iSWdub3JlQ2FzZSIgVmFsdWU9IkZhbHNlIiAvPg0KICAgICAgICAgICAgPFJ1bGVQYXJhbWV0ZXIgTmFtZT0iVXNlUmVndWxhckV4cHJlc3Npb24iIFZhbHVlPSJGYWxzZSIgLz4NCiAgICAgICAgICAgIDxSdWxlUGFyYW1ldGVyIE5hbWU9Ikh0bWxEZWNvZGUiIFZhbHVlPSJUcnVlIiAvPg0KICAgICAgICAgICAgPFJ1bGVQYXJhbWV0ZXIgTmFtZT0iUmVxdWlyZWQiIFZhbHVlPSJGYWxzZSIgLz4NCiAgICAgICAgICA8L1J1bGVQYXJhbWV0ZXJzPg0KICAgICAgICA8L0V4dHJhY3Rpb25SdWxlPg0KICAgICAgICA8RXh0cmFjdGlvblJ1bGUgQ2xhc3NuYW1lPSJNaWNyb3NvZnQuVmlzdWFsU3R1ZGlvLlRlc3RUb29scy5XZWJUZXN0aW5nLlJ1bGVzLkV4dHJhY3RUZXh0LCBNaWNyb3NvZnQuVmlzdWFsU3R1ZGlvLlF1YWxpdHlUb29scy5XZWJUZXN0RnJhbWV3b3JrLCBWZXJzaW9uPTEwLjAuMC4wLCBDdWx0dXJlPW5ldXRyYWwsIFB1YmxpY0tleVRva2VuPWIwM2Y1ZjdmMTFkNTBhM2EiIFZhcmlhYmxlTmFtZT0iUXVlcnlTdHJpbmdQYXJhbTExLk9UU3RhcnREYXRlIiBEaXNwbGF5TmFtZT0iIiBEZXNjcmlwdGlvbj0iIj4NCiAgICAgICAgICA8UnVsZVBhcmFtZXRlcnM+DQogICAgICAgICAgICA8UnVsZVBhcmFtZXRlciBOYW1lPSJTdGFydHNXaXRoIiBWYWx1ZT0iJmFtcDthbXA7T1RTdGFydERhdGU9IiAvPg0KICAgICAgICAgICAgPFJ1bGVQYXJhbWV0ZXIgTmFtZT0iRW5kc1dpdGgiIFZhbHVlPSImYW1wOyIgLz4NCiAgICAgICAgICAgIDxSdWxlUGFyYW1ldGVyIE5hbWU9IkluZGV4IiBWYWx1ZT0iMCIgLz4NCiAgICAgICAgICAgIDxSdWxlUGFyYW1ldGVyIE5hbWU9Iklnbm9yZUNhc2UiIFZhbHVlPSJGYWxzZSIgLz4NCiAgICAgICAgICAgIDxSdWxlUGFyYW1ldGVyIE5hbWU9IlVzZVJlZ3VsYXJFeHByZXNzaW9uIiBWYWx1ZT0iRmFsc2UiIC8+DQogICAgICAgICAgICA8UnVsZVBhcmFtZXRlciBOYW1lPSJIdG1sRGVjb2RlIiBWYWx1ZT0iVHJ1ZSIgLz4NCiAgICAgICAgICAgIDxSdWxlUGFyYW1ldGVyIE5hbWU9IlJlcXVpcmVkIiBWYWx1ZT0iRmFsc2UiIC8+DQogICAgICAgICAgPC9SdWxlUGFyYW1ldGVycz4NCiAgICAgICAgPC9FeHRyYWN0aW9uUnVsZT4NCiAgICAgICAgPEV4dHJhY3Rpb25SdWxlIENsYXNzbmFtZT0iTWljcm9zb2Z0LlZpc3VhbFN0dWRpby5UZXN0VG9vbHMuV2ViVGVzdGluZy5SdWxlcy5FeHRyYWN0VGV4dCwgTWljcm9zb2Z0LlZpc3VhbFN0dWRpby5RdWFsaXR5VG9vbHMuV2ViVGVzdEZyYW1ld29yaywgVmVyc2lvbj0xMC4wLjAuMCwgQ3VsdHVyZT1uZXV0cmFsLCBQdWJsaWNLZXlUb2tlbj1iMDNmNWY3ZjExZDUwYTNhIiBWYXJpYWJsZU5hbWU9IlF1ZXJ5U3RyaW5nUGFyYW0xMi5PVEVuZERhdGUiIERpc3BsYXlOYW1lPSIiIERlc2NyaXB0aW9uPSIiPg0KICAgICAgICAgIDxSdWxlUGFyYW1ldGVycz4NCiAgICAgICAgICAgIDxSdWxlUGFyYW1ldGVyIE5hbWU9IlN0YXJ0c1dpdGgiIFZhbHVlPSImYW1wO2FtcDtPVEVuZERhdGU9IiAvPg0KICAgICAgICAgICAgPFJ1bGVQYXJhbWV0ZXIgTmFtZT0iRW5kc1dpdGgiIFZhbHVlPSImYW1wOyIgLz4NCiAgICAgICAgICAgIDxSdWxlUGFyYW1ldGVyIE5hbWU9IkluZGV4IiBWYWx1ZT0iMCIgLz4NCiAgICAgICAgICAgIDxSdWxlUGFyYW1ldGVyIE5hbWU9Iklnbm9yZUNhc2UiIFZhbHVlPSJGYWxzZSIgLz4NCiAgICAgICAgICAgIDxSdWxlUGFyYW1ldGVyIE5hbWU9IlVzZVJlZ3VsYXJFeHByZXNzaW9uIiBWYWx1ZT0iRmFsc2UiIC8+DQogICAgICAgICAgICA8UnVsZVBhcmFtZXRlciBOYW1lPSJIdG1sRGVjb2RlIiBWYWx1ZT0iVHJ1ZSIgLz4NCiAgICAgICAgICAgIDxSdWxlUGFyYW1ldGVyIE5hbWU9IlJlcXVpcmVkIiBWYWx1ZT0iRmFsc2UiIC8+DQogICAgICAgICAgPC9SdWxlUGFyYW1ldGVycz4NCiAgICAgICAgPC9FeHRyYWN0aW9uUnVsZT4NCiAgICAgICAgPEV4dHJhY3Rpb25SdWxlIENsYXNzbmFtZT0iTWljcm9zb2Z0LlZpc3VhbFN0dWRpby5UZXN0VG9vbHMuV2ViVGVzdGluZy5SdWxlcy5FeHRyYWN0VGV4dCwgTWljcm9zb2Z0LlZpc3VhbFN0dWRpby5RdWFsaXR5VG9vbHMuV2ViVGVzdEZyYW1ld29yaywgVmVyc2lvbj0xMC4wLjAuMCwgQ3VsdHVyZT1uZXV0cmFsLCBQdWJsaWNLZXlUb2tlbj1iMDNmNWY3ZjExZDUwYTNhIiBWYXJpYWJsZU5hbWU9IlF1ZXJ5U3RyaW5nUGFyYW0xMy5PVFN0YXJ0VGltZSIgRGlzcGxheU5hbWU9IiIgRGVzY3JpcHRpb249IiI+DQogICAgICAgICAgPFJ1bGVQYXJhbWV0ZXJzPg0KICAgICAgICAgICAgPFJ1bGVQYXJhbWV0ZXIgTmFtZT0iU3RhcnRzV2l0aCIgVmFsdWU9IiZhbXA7YW1wO09UU3RhcnRUaW1lPSIgLz4NCiAgICAgICAgICAgIDxSdWxlUGFyYW1ldGVyIE5hbWU9IkVuZHNXaXRoIiBWYWx1ZT0iJmFtcDsiIC8+DQogICAgICAgICAgICA8UnVsZVBhcmFtZXRlciBOYW1lPSJJbmRleCIgVmFsdWU9IjAiIC8+DQogICAgICAgICAgICA8UnVsZVBhcmFtZXRlciBOYW1lPSJJZ25vcmVDYXNlIiBWYWx1ZT0iRmFsc2UiIC8+DQogICAgICAgICAgICA8UnVsZVBhcmFtZXRlciBOYW1lPSJVc2VSZWd1bGFyRXhwcmVzc2lvbiIgVmFsdWU9IkZhbHNlIiAvPg0KICAgICAgICAgICAgPFJ1bGVQYXJhbWV0ZXIgTmFtZT0iSHRtbERlY29kZSIgVmFsdWU9IlRydWUiIC8+DQogICAgICAgICAgICA8UnVsZVBhcmFtZXRlciBOYW1lPSJSZXF1aXJlZCIgVmFsdWU9IkZhbHNlIiAvPg0KICAgICAgICAgIDwvUnVsZVBhcmFtZXRlcnM+DQogICAgICAgIDwvRXh0cmFjdGlvblJ1bGU+DQogICAgICAgIDxFeHRyYWN0aW9uUnVsZSBDbGFzc25hbWU9Ik1pY3Jvc29mdC5WaXN1YWxTdHVkaW8uVGVzdFRvb2xzLldlYlRlc3RpbmcuUnVsZXMuRXh0cmFjdFRleHQsIE1pY3Jvc29mdC5WaXN1YWxTdHVkaW8uUXVhbGl0eVRvb2xzLldlYlRlc3RGcmFtZXdvcmssIFZlcnNpb249MTAuMC4wLjAsIEN1bHR1cmU9bmV1dHJhbCwgUHVibGljS2V5VG9rZW49YjAzZjVmN2YxMWQ1MGEzYSIgVmFyaWFibGVOYW1lPSJRdWVyeVN0cmluZ1BhcmFtMTQuT1RFbmRUaW1lIiBEaXNwbGF5TmFtZT0iIiBEZXNjcmlwdGlvbj0iIj4NCiAgICAgICAgICA8UnVsZVBhcmFtZXRlcnM+DQogICAgICAgICAgICA8UnVsZVBhcmFtZXRlciBOYW1lPSJTdGFydHNXaXRoIiBWYWx1ZT0iJmFtcDthbXA7T1RFbmRUaW1lPSIgLz4NCiAgICAgICAgICAgIDxSdWxlUGFyYW1ldGVyIE5hbWU9IkVuZHNXaXRoIiBWYWx1ZT0iJmFtcDsiIC8+DQogICAgICAgICAgICA8UnVsZVBhcmFtZXRlciBOYW1lPSJJbmRleCIgVmFsdWU9IjAiIC8+DQogICAgICAgICAgICA8UnVsZVBhcmFtZXRlciBOYW1lPSJJZ25vcmVDYXNlIiBWYWx1ZT0iRmFsc2UiIC8+DQogICAgICAgICAgICA8UnVsZVBhcmFtZXRlciBOYW1lPSJVc2VSZWd1bGFyRXhwcmVzc2lvbiIgVmFsdWU9IkZhbHNlIiAvPg0KICAgICAgICAgICAgPFJ1bGVQYXJhbWV0ZXIgTmFtZT0iSHRtbERlY29kZSIgVmFsdWU9IlRydWUiIC8+DQogICAgICAgICAgICA8UnVsZVBhcmFtZXRlciBOYW1lPSJSZXF1aXJlZCIgVmFsdWU9IkZhbHNlIiAvPg0KICAgICAgICAgIDwvUnVsZVBhcmFtZXRlcnM+DQogICAgICAgIDwvRXh0cmFjdGlvblJ1bGU+DQogICAgICAgIDxFeHRyYWN0aW9uUnVsZSBDbGFzc25hbWU9Ik1pY3Jvc29mdC5WaXN1YWxTdHVkaW8uVGVzdFRvb2xzLldlYlRlc3RpbmcuUnVsZXMuRXh0cmFjdFRleHQsIE1pY3Jvc29mdC5WaXN1YWxTdHVkaW8uUXVhbGl0eVRvb2xzLldlYlRlc3RGcmFtZXdvcmssIFZlcnNpb249MTAuMC4wLjAsIEN1bHR1cmU9bmV1dHJhbCwgUHVibGljS2V5VG9rZW49YjAzZjVmN2YxMWQ1MGEzYSIgVmFyaWFibGVOYW1lPSJRdWVyeVN0cmluZ1BhcmFtMTUuT1RUeG5JRCIgRGlzcGxheU5hbWU9IiIgRGVzY3JpcHRpb249IiI+DQogICAgICAgICAgPFJ1bGVQYXJhbWV0ZXJzPg0KICAgICAgICAgICAgPFJ1bGVQYXJhbWV0ZXIgTmFtZT0iU3RhcnRzV2l0aCIgVmFsdWU9IiZhbXA7YW1wO09UVHhuSUQ9IiAvPg0KICAgICAgICAgICAgPFJ1bGVQYXJhbWV0ZXIgTmFtZT0iRW5kc1dpdGgiIFZhbHVlPSImYW1wOyIgLz4NCiAgICAgICAgICAgIDxSdWxlUGFyYW1ldGVyIE5hbWU9IkluZGV4IiBWYWx1ZT0iMCIgLz4NCiAgICAgICAgICAgIDxSdWxlUGFyYW1ldGVyIE5hbWU9Iklnbm9yZUNhc2UiIFZhbHVlPSJGYWxzZSIgLz4NCiAgICAgICAgICAgIDxSdWxlUGFyYW1ldGVyIE5hbWU9IlVzZVJlZ3VsYXJFeHByZXNzaW9uIiBWYWx1ZT0iRmFsc2UiIC8+DQogICAgICAgICAgICA8UnVsZVBhcmFtZXRlciBOYW1lPSJIdG1sRGVjb2RlIiBWYWx1ZT0iVHJ1ZSIgLz4NCiAgICAgICAgICAgIDxSdWxlUGFyYW1ldGVyIE5hbWU9IlJlcXVpcmVkIiBWYWx1ZT0iRmFsc2UiIC8+DQogICAgICAgICAgPC9SdWxlUGFyYW1ldGVycz4NCiAgICAgICAgPC9FeHRyYWN0aW9uUnVsZT4NCiAgICAgICAgPEV4dHJhY3Rpb25SdWxlIENsYXNzbmFtZT0iTWljcm9zb2Z0LlZpc3VhbFN0dWRpby5UZXN0VG9vbHMuV2ViVGVzdGluZy5SdWxlcy5FeHRyYWN0VGV4dCwgTWljcm9zb2Z0LlZpc3VhbFN0dWRpby5RdWFsaXR5VG9vbHMuV2ViVGVzdEZyYW1ld29yaywgVmVyc2lvbj0xMC4wLjAuMCwgQ3VsdHVyZT1uZXV0cmFsLCBQdWJsaWNLZXlUb2tlbj1iMDNmNWY3ZjExZDUwYTNhIiBWYXJpYWJsZU5hbWU9IlF1ZXJ5U3RyaW5nUGFyYW0xNi5PVEZvcm1OTyIgRGlzcGxheU5hbWU9IiIgRGVzY3JpcHRpb249IiI+DQogICAgICAgICAgPFJ1bGVQYXJhbWV0ZXJzPg0KICAgICAgICAgICAgPFJ1bGVQYXJhbWV0ZXIgTmFtZT0iU3RhcnRzV2l0aCIgVmFsdWU9IiZhbXA7YW1wO09URm9ybU5PPSIgLz4NCiAgICAgICAgICAgIDxSdWxlUGFyYW1ldGVyIE5hbWU9IkVuZHNXaXRoIiBWYWx1ZT0iJnF1b3Q7IiAvPg0KICAgICAgICAgICAgPFJ1bGVQYXJhbWV0ZXIgTmFtZT0iSW5kZXgiIFZhbHVlPSIwIiAvPg0KICAgICAgICAgICAgPFJ1bGVQYXJhbWV0ZXIgTmFtZT0iSWdub3JlQ2FzZSIgVmFsdWU9IkZhbHNlIiAvPg0KICAgICAgICAgICAgPFJ1bGVQYXJhbWV0ZXIgTmFtZT0iVXNlUmVndWxhckV4cHJlc3Npb24iIFZhbHVlPSJGYWxzZSIgLz4NCiAgICAgICAgICAgIDxSdWxlUGFyYW1ldGVyIE5hbWU9Ikh0bWxEZWNvZGUiIFZhbHVlPSJUcnVlIiAvPg0KICAgICAgICAgICAgPFJ1bGVQYXJhbWV0ZXIgTmFtZT0iUmVxdWlyZWQiIFZhbHVlPSJGYWxzZSIgLz4NCiAgICAgICAgICA8L1J1bGVQYXJhbWV0ZXJzPg0KICAgICAgICA8L0V4dHJhY3Rpb25SdWxlPg0KICAgICAgICA8RXh0cmFjdGlvblJ1bGUgQ2xhc3NuYW1lPSJNaWNyb3NvZnQuVmlzdWFsU3R1ZGlvLlRlc3RUb29scy5XZWJUZXN0aW5nLlJ1bGVzLkV4dHJhY3RGb3JtRmllbGQsIE1pY3Jvc29mdC5WaXN1YWxTdHVkaW8uUXVhbGl0eVRvb2xzLldlYlRlc3RGcmFtZXdvcmssIFZlcnNpb249MTAuMC4wLjAsIEN1bHR1cmU9bmV1dHJhbCwgUHVibGljS2V5VG9rZW49YjAzZjVmN2YxMWQ1MGEzYSIgVmFyaWFibGVOYW1lPSJGb3JtUG9zdFBhcmFtMTQuYnRuVGVtcFNhdmVJbnZpc2libGUiIERpc3BsYXlOYW1lPSIiIERlc2NyaXB0aW9uPSIiPg0KICAgICAgICAgIDxSdWxlUGFyYW1ldGVycz4NCiAgICAgICAgICAgIDxSdWxlUGFyYW1ldGVyIE5hbWU9Ik5hbWUiIFZhbHVlPSJidG5UZW1wU2F2ZUludmlzaWJsZSIgLz4NCiAgICAgICAgICAgIDxSdWxlUGFyYW1ldGVyIE5hbWU9Ikh0bWxEZWNvZGUiIFZhbHVlPSJUcnVlIiAvPg0KICAgICAgICAgICAgPFJ1bGVQYXJhbWV0ZXIgTmFtZT0iUmVxdWlyZWQiIFZhbHVlPSJGYWxzZSIgLz4NCiAgICAgICAgICAgIDxSdWxlUGFyYW1ldGVyIE5hbWU9IkluZGV4IiBWYWx1ZT0iMCIgLz4NCiAgICAgICAgICA8L1J1bGVQYXJhbWV0ZXJzPg0KICAgICAgICA8L0V4dHJhY3Rpb25SdWxlPg0KICAgICAgICA8RXh0cmFjdGlvblJ1bGUgQ2xhc3NuYW1lPSJNaWNyb3NvZnQuVmlzdWFsU3R1ZGlvLlRlc3RUb29scy5XZWJUZXN0aW5nLlJ1bGVzLkV4dHJhY3RGb3JtRmllbGQsIE1pY3Jvc29mdC5WaXN1YWxTdHVkaW8uUXVhbGl0eVRvb2xzLldlYlRlc3RGcmFtZXdvcmssIFZlcnNpb249MTAuMC4wLjAsIEN1bHR1cmU9bmV1dHJhbCwgUHVibGljS2V5VG9rZW49YjAzZjVmN2YxMWQ1MGEzYSIgVmFyaWFibGVOYW1lPSJGb3JtUG9zdFBhcmFtMTUudWNEYXRlU3RhcnQkdHh0RGF0ZSIgRGlzcGxheU5hbWU9IiIgRGVzY3JpcHRpb249IiI+DQogICAgICAgICAgPFJ1bGVQYXJhbWV0ZXJzPg0KICAgICAgICAgICAgPFJ1bGVQYXJhbWV0ZXIgTmFtZT0iTmFtZSIgVmFsdWU9InVjRGF0ZVN0YXJ0X3R4dERhdGUiIC8+DQogICAgICAgICAgICA8UnVsZVBhcmFtZXRlciBOYW1lPSJIdG1sRGVjb2RlIiBWYWx1ZT0iVHJ1ZSIgLz4NCiAgICAgICAgICAgIDxSdWxlUGFyYW1ldGVyIE5hbWU9IlJlcXVpcmVkIiBWYWx1ZT0iRmFsc2UiIC8+DQogICAgICAgICAgICA8UnVsZVBhcmFtZXRlciBOYW1lPSJJbmRleCIgVmFsdWU9IjAiIC8+DQogICAgICAgICAgPC9SdWxlUGFyYW1ldGVycz4NCiAgICAgICAgPC9FeHRyYWN0aW9uUnVsZT4NCiAgICAgICAgPEV4dHJhY3Rpb25SdWxlIENsYXNzbmFtZT0iTWljcm9zb2Z0LlZpc3VhbFN0dWRpby5UZXN0VG9vbHMuV2ViVGVzdGluZy5SdWxlcy5FeHRyYWN0Rm9ybUZpZWxkLCBNaWNyb3NvZnQuVmlzdWFsU3R1ZGlvLlF1YWxpdHlUb29scy5XZWJUZXN0RnJhbWV3b3JrLCBWZXJzaW9uPTEwLjAuMC4wLCBDdWx0dXJlPW5ldXRyYWwsIFB1YmxpY0tleVRva2VuPWIwM2Y1ZjdmMTFkNTBhM2EiIFZhcmlhYmxlTmFtZT0iRm9ybVBvc3RQYXJhbTE2LnVjRGF0ZUVuZCR0eHREYXRlIiBEaXNwbGF5TmFtZT0iIiBEZXNjcmlwdGlvbj0iIj4NCiAgICAgICAgICA8UnVsZVBhcmFtZXRlcnM+DQogICAgICAgICAgICA8UnVsZVBhcmFtZXRlciBOYW1lPSJOYW1lIiBWYWx1ZT0idWNEYXRlRW5kX3R4dERhdGUiIC8+DQogICAgICAgICAgICA8UnVsZVBhcmFtZXRlciBOYW1lPSJIdG1sRGVjb2RlIiBWYWx1ZT0iVHJ1ZSIgLz4NCiAgICAgICAgICAgIDxSdWxlUGFyYW1ldGVyIE5hbWU9IlJlcXVpcmVkIiBWYWx1ZT0iRmFsc2UiIC8+DQogICAgICAgICAgICA8UnVsZVBhcmFtZXRlciBOYW1lPSJJbmRleCIgVmFsdWU9IjAiIC8+DQogICAgICAgICAgPC9SdWxlUGFyYW1ldGVycz4NCiAgICAgICAgPC9FeHRyYWN0aW9uUnVsZT4NCiAgICAgICAgPEV4dHJhY3Rpb25SdWxlIENsYXNzbmFtZT0iTWljcm9zb2Z0LlZpc3VhbFN0dWRpby5UZXN0VG9vbHMuV2ViVGVzdGluZy5SdWxlcy5FeHRyYWN0VGV4dCwgTWljcm9zb2Z0LlZpc3VhbFN0dWRpby5RdWFsaXR5VG9vbHMuV2ViVGVzdEZyYW1ld29yaywgVmVyc2lvbj0xMC4wLjAuMCwgQ3VsdHVyZT1uZXV0cmFsLCBQdWJsaWNLZXlUb2tlbj1iMDNmNWY3ZjExZDUwYTNhIiBWYXJpYWJsZU5hbWU9IkZvcm1Qb3N0UGFyYW0xNy5kZGxTYWxhcnlPckFkanVzdCIgRGlzcGxheU5hbWU9IiIgRGVzY3JpcHRpb249IiI+DQogICAgICAgICAgPFJ1bGVQYXJhbWV0ZXJzPg0KICAgICAgICAgICAgPFJ1bGVQYXJhbWV0ZXIgTmFtZT0iU3RhcnRzV2l0aCIgVmFsdWU9IiZxdW90OzEmcXVvdDssJnF1b3Q7IiAvPg0KICAgICAgICAgICAgPFJ1bGVQYXJhbWV0ZXIgTmFtZT0iRW5kc1dpdGgiIFZhbHVlPSImcXVvdDssJnF1b3Q7MyZxdW90OyIgLz4NCiAgICAgICAgICAgIDxSdWxlUGFyYW1ldGVyIE5hbWU9IkluZGV4IiBWYWx1ZT0iMCIgLz4NCiAgICAgICAgICAgIDxSdWxlUGFyYW1ldGVyIE5hbWU9Iklnbm9yZUNhc2UiIFZhbHVlPSJGYWxzZSIgLz4NCiAgICAgICAgICAgIDxSdWxlUGFyYW1ldGVyIE5hbWU9IlVzZVJlZ3VsYXJFeHByZXNzaW9uIiBWYWx1ZT0iRmFsc2UiIC8+DQogICAgICAgICAgICA8UnVsZVBhcmFtZXRlciBOYW1lPSJIdG1sRGVjb2RlIiBWYWx1ZT0iVHJ1ZSIgLz4NCiAgICAgICAgICAgIDxSdWxlUGFyYW1ldGVyIE5hbWU9IlJlcXVpcmVkIiBWYWx1ZT0iRmFsc2UiIC8+DQogICAgICAgICAgPC9SdWxlUGFyYW1ldGVycz4NCiAgICAgICAgPC9FeHRyYWN0aW9uUnVsZT4NCiAgICAgICAgPEV4dHJhY3Rpb25SdWxlIENsYXNzbmFtZT0iTWljcm9zb2Z0LlZpc3VhbFN0dWRpby5UZXN0VG9vbHMuV2ViVGVzdGluZy5SdWxlcy5FeHRyYWN0VGV4dCwgTWljcm9zb2Z0LlZpc3VhbFN0dWRpby5RdWFsaXR5VG9vbHMuV2ViVGVzdEZyYW1ld29yaywgVmVyc2lvbj0xMC4wLjAuMCwgQ3VsdHVyZT1uZXV0cmFsLCBQdWJsaWNLZXlUb2tlbj1iMDNmNWY3ZjExZDUwYTNhIiBWYXJpYWJsZU5hbWU9IkZvcm1Qb3N0UGFyYW0xOC5PVFRpbWVTdGFydCRkZGxISCIgRGlzcGxheU5hbWU9IiIgRGVzY3JpcHRpb249IiI+DQogICAgICAgICAgPFJ1bGVQYXJhbWV0ZXJzPg0KICAgICAgICAgICAgPFJ1bGVQYXJhbWV0ZXIgTmFtZT0iU3RhcnRzV2l0aCIgVmFsdWU9Imx1ZT0mcXVvdDsiIC8+DQogICAgICAgICAgICA8UnVsZVBhcmFtZXRlciBOYW1lPSJFbmRzV2l0aCIgVmFsdWU9IiZxdW90OyZndDsyMiZsdDsiIC8+DQogICAgICAgICAgICA8UnVsZVBhcmFtZXRlciBOYW1lPSJJbmRleCIgVmFsdWU9IjQ1IiAvPg0KICAgICAgICAgICAgPFJ1bGVQYXJhbWV0ZXIgTmFtZT0iSWdub3JlQ2FzZSIgVmFsdWU9IkZhbHNlIiAvPg0KICAgICAgICAgICAgPFJ1bGVQYXJhbWV0ZXIgTmFtZT0iVXNlUmVndWxhckV4cHJlc3Npb24iIFZhbHVlPSJGYWxzZSIgLz4NCiAgICAgICAgICAgIDxSdWxlUGFyYW1ldGVyIE5hbWU9Ikh0bWxEZWNvZGUiIFZhbHVlPSJUcnVlIiAvPg0KICAgICAgICAgICAgPFJ1bGVQYXJhbWV0ZXIgTmFtZT0iUmVxdWlyZWQiIFZhbHVlPSJGYWxzZSIgLz4NCiAgICAgICAgICA8L1J1bGVQYXJhbWV0ZXJzPg0KICAgICAgICA8L0V4dHJhY3Rpb25SdWxlPg0KICAgICAgICA8RXh0cmFjdGlvblJ1bGUgQ2xhc3NuYW1lPSJNaWNyb3NvZnQuVmlzdWFsU3R1ZGlvLlRlc3RUb29scy5XZWJUZXN0aW5nLlJ1bGVzLkV4dHJhY3RUZXh0LCBNaWNyb3NvZnQuVmlzdWFsU3R1ZGlvLlF1YWxpdHlUb29scy5XZWJUZXN0RnJhbWV3b3JrLCBWZXJzaW9uPTEwLjAuMC4wLCBDdWx0dXJlPW5ldXRyYWwsIFB1YmxpY0tleVRva2VuPWIwM2Y1ZjdmMTFkNTBhM2EiIFZhcmlhYmxlTmFtZT0iRm9ybVBvc3RQYXJhbTE5Lk9UVGltZVN0YXJ0JGRkbE1NIiBEaXNwbGF5TmFtZT0iIiBEZXNjcmlwdGlvbj0iIj4NCiAgICAgICAgICA8UnVsZVBhcmFtZXRlcnM+DQogICAgICAgICAgICA8UnVsZVBhcmFtZXRlciBOYW1lPSJTdGFydHNXaXRoIiBWYWx1ZT0ibHVlPSZxdW90OyIgLz4NCiAgICAgICAgICAgIDxSdWxlUGFyYW1ldGVyIE5hbWU9IkVuZHNXaXRoIiBWYWx1ZT0iJnF1b3Q7Jmd0OzAwJmx0OyIgLz4NCiAgICAgICAgICAgIDxSdWxlUGFyYW1ldGVyIE5hbWU9IkluZGV4IiBWYWx1ZT0iMjMiIC8+DQogICAgICAgICAgICA8UnVsZVBhcmFtZXRlciBOYW1lPSJJZ25vcmVDYXNlIiBWYWx1ZT0iRmFsc2UiIC8+DQogICAgICAgICAgICA8UnVsZVBhcmFtZXRlciBOYW1lPSJVc2VSZWd1bGFyRXhwcmVzc2lvbiIgVmFsdWU9IkZhbHNlIiAvPg0KICAgICAgICAgICAgPFJ1bGVQYXJhbWV0ZXIgTmFtZT0iSHRtbERlY29kZSIgVmFsdWU9IlRydWUiIC8+DQogICAgICAgICAgICA8UnVsZVBhcmFtZXRlciBOYW1lPSJSZXF1aXJlZCIgVmFsdWU9IkZhbHNlIiAvPg0KICAgICAgICAgIDwvUnVsZVBhcmFtZXRlcnM+DQogICAgICAgIDwvRXh0cmFjdGlvblJ1bGU+DQogICAgICAgIDxFeHRyYWN0aW9uUnVsZSBDbGFzc25hbWU9Ik1pY3Jvc29mdC5WaXN1YWxTdHVkaW8uVGVzdFRvb2xzLldlYlRlc3RpbmcuUnVsZXMuRXh0cmFjdFRleHQsIE1pY3Jvc29mdC5WaXN1YWxTdHVkaW8uUXVhbGl0eVRvb2xzLldlYlRlc3RGcmFtZXdvcmssIFZlcnNpb249MTAuMC4wLjAsIEN1bHR1cmU9bmV1dHJhbCwgUHVibGljS2V5VG9rZW49YjAzZjVmN2YxMWQ1MGEzYSIgVmFyaWFibGVOYW1lPSJGb3JtUG9zdFBhcmFtMjAuT1RUaW1lRW5kJGRkbEhIIiBEaXNwbGF5TmFtZT0iIiBEZXNjcmlwdGlvbj0iIj4NCiAgICAgICAgICA8UnVsZVBhcmFtZXRlcnM+DQogICAgICAgICAgICA8UnVsZVBhcmFtZXRlciBOYW1lPSJTdGFydHNXaXRoIiBWYWx1ZT0ibHVlPSZxdW90OyIgLz4NCiAgICAgICAgICAgIDxSdWxlUGFyYW1ldGVyIE5hbWU9IkVuZHNXaXRoIiBWYWx1ZT0iJnF1b3Q7Jmd0OzIzJmx0OyIgLz4NCiAgICAgICAgICAgIDxSdWxlUGFyYW1ldGVyIE5hbWU9IkluZGV4IiBWYWx1ZT0iNDYiIC8+DQogICAgICAgICAgICA8UnVsZVBhcmFtZXRlciBOYW1lPSJJZ25vcmVDYXNlIiBWYWx1ZT0iRmFsc2UiIC8+DQogICAgICAgICAgICA8UnVsZVBhcmFtZXRlciBOYW1lPSJVc2VSZWd1bGFyRXhwcmVzc2lvbiIgVmFsdWU9IkZhbHNlIiAvPg0KICAgICAgICAgICAgPFJ1bGVQYXJhbWV0ZXIgTmFtZT0iSHRtbERlY29kZSIgVmFsdWU9IlRydWUiIC8+DQogICAgICAgICAgICA8UnVsZVBhcmFtZXRlciBOYW1lPSJSZXF1aXJlZCIgVmFsdWU9IkZhbHNlIiAvPg0KICAgICAgICAgIDwvUnVsZVBhcmFtZXRlcnM+DQogICAgICAgIDwvRXh0cmFjdGlvblJ1bGU+DQogICAgICAgIDxFeHRyYWN0aW9uUnVsZSBDbGFzc25hbWU9Ik1pY3Jvc29mdC5WaXN1YWxTdHVkaW8uVGVzdFRvb2xzLldlYlRlc3RpbmcuUnVsZXMuRXh0cmFjdFRleHQsIE1pY3Jvc29mdC5WaXN1YWxTdHVkaW8uUXVhbGl0eVRvb2xzLldlYlRlc3RGcmFtZXdvcmssIFZlcnNpb249MTAuMC4wLjAsIEN1bHR1cmU9bmV1dHJhbCwgUHVibGljS2V5VG9rZW49YjAzZjVmN2YxMWQ1MGEzYSIgVmFyaWFibGVOYW1lPSJGb3JtUG9zdFBhcmFtMjEuT1RUaW1lRW5kJGRkbE1NIiBEaXNwbGF5TmFtZT0iIiBEZXNjcmlwdGlvbj0iIj4NCiAgICAgICAgICA8UnVsZVBhcmFtZXRlcnM+DQogICAgICAgICAgICA8UnVsZVBhcmFtZXRlciBOYW1lPSJTdGFydHNXaXRoIiBWYWx1ZT0ibHVlPSZxdW90OyIgLz4NCiAgICAgICAgICAgIDxSdWxlUGFyYW1ldGVyIE5hbWU9IkVuZHNXaXRoIiBWYWx1ZT0iJnF1b3Q7Jmd0OzAwJmx0OyIgLz4NCiAgICAgICAgICAgIDxSdWxlUGFyYW1ldGVyIE5hbWU9IkluZGV4IiBWYWx1ZT0iMjMiIC8+DQogICAgICAgICAgICA8UnVsZVBhcmFtZXRlciBOYW1lPSJJZ25vcmVDYXNlIiBWYWx1ZT0iRmFsc2UiIC8+DQogICAgICAgICAgICA8UnVsZVBhcmFtZXRlciBOYW1lPSJVc2VSZWd1bGFyRXhwcmVzc2lvbiIgVmFsdWU9IkZhbHNlIiAvPg0KICAgICAgICAgICAgPFJ1bGVQYXJhbWV0ZXIgTmFtZT0iSHRtbERlY29kZSIgVmFsdWU9IlRydWUiIC8+DQogICAgICAgICAgICA8UnVsZVBhcmFtZXRlciBOYW1lPSJSZXF1aXJlZCIgVmFsdWU9IkZhbHNlIiAvPg0KICAgICAgICAgIDwvUnVsZVBhcmFtZXRlcnM+DQogICAgICAgIDwvRXh0cmFjdGlvblJ1bGU+DQogICAgICAgIDxFeHRyYWN0aW9uUnVsZSBDbGFzc25hbWU9Ik1pY3Jvc29mdC5WaXN1YWxTdHVkaW8uVGVzdFRvb2xzLldlYlRlc3RpbmcuUnVsZXMuRXh0cmFjdFRleHQsIE1pY3Jvc29mdC5WaXN1YWxTdHVkaW8uUXVhbGl0eVRvb2xzLldlYlRlc3RGcmFtZXdvcmssIFZlcnNpb249MTAuMC4wLjAsIEN1bHR1cmU9bmV1dHJhbCwgUHVibGljS2V5VG9rZW49YjAzZjVmN2YxMWQ1MGEzYSIgVmFyaWFibGVOYW1lPSJGb3JtUG9zdFBhcmFtMjIuZGRsT1RUeXBlSUQiIERpc3BsYXlOYW1lPSIiIERlc2NyaXB0aW9uPSIiPg0KICAgICAgICAgIDxSdWxlUGFyYW1ldGVycz4NCiAgICAgICAgICAgIDxSdWxlUGFyYW1ldGVyIE5hbWU9IlN0YXJ0c1dpdGgiIFZhbHVlPSImcXVvdDswJnF1b3Q7LCZxdW90OyIgLz4NCiAgICAgICAgICAgIDxSdWxlUGFyYW1ldGVyIE5hbWU9IkVuZHNXaXRoIiBWYWx1ZT0iJnF1b3Q7LCZxdW90OzImcXVvdDsiIC8+DQogICAgICAgICAgICA8UnVsZVBhcmFtZXRlciBOYW1lPSJJbmRleCIgVmFsdWU9IjAiIC8+DQogICAgICAgICAgICA8UnVsZVBhcmFtZXRlciBOYW1lPSJJZ25vcmVDYXNlIiBWYWx1ZT0iRmFsc2UiIC8+DQogICAgICAgICAgICA8UnVsZVBhcmFtZXRlciBOYW1lPSJVc2VSZWd1bGFyRXhwcmVzc2lvbiIgVmFsdWU9IkZhbHNlIiAvPg0KICAgICAgICAgICAgPFJ1bGVQYXJhbWV0ZXIgTmFtZT0iSHRtbERlY29kZSIgVmFsdWU9IlRydWUiIC8+DQogICAgICAgICAgICA8UnVsZVBhcmFtZXRlciBOYW1lPSJSZXF1aXJlZCIgVmFsdWU9IkZhbHNlIiAvPg0KICAgICAgICAgIDwvUnVsZVBhcmFtZXRlcnM+DQogICAgICAgIDwvRXh0cmFjdGlvblJ1bGU+DQogICAgICA8L0NvcnJlbGF0aW9uRXh0cmFjdGlvblJ1bGVzPg0KICAgICAgPFF1ZXJ5U3RyaW5nUGFyYW1ldGVycz4NCiAgICAgICAgPFF1ZXJ5U3RyaW5nUGFyYW1ldGVyIE5hbWU9Ik9UQ29tcElEIiBWYWx1ZT0iU1BIQksxIiBSZWNvcmRlZFZhbHVlPSJTUEhCSzEiIENvcnJlbGF0aW9uQmluZGluZz0ie3tRdWVyeVN0cmluZ1BhcmFtMTcuT1RDb21wSUR9fSIgVXJsRW5jb2RlPSJGYWxzZSIgVXNlVG9Hcm91cFJlc3VsdHM9IkZhbHNlIiAvPg0KICAgICAgICA8UXVlcnlTdHJpbmdQYXJhbWV0ZXIgTmFtZT0iT1RFbXBJRCIgVmFsdWU9IjEwMjA5OSIgUmVjb3JkZWRWYWx1ZT0iMTAyMDk5IiBDb3JyZWxhdGlvbkJpbmRpbmc9Int7UXVlcnlTdHJpbmdQYXJhbTE4Lk9URW1wSUR9fSIgVXJsRW5jb2RlPSJGYWxzZSIgVXNlVG9Hcm91cFJlc3VsdHM9IkZhbHNlIiAvPg0KICAgICAgICA8UXVlcnlTdHJpbmdQYXJhbWV0ZXIgTmFtZT0iT1RTdGFydERhdGUiIFZhbHVlPSIyMDE3JTJmMDQlMmYxNiIgUmVjb3JkZWRWYWx1ZT0iMjAxNyUyZjA0JTJmMTYiIENvcnJlbGF0aW9uQmluZGluZz0ie3tRdWVyeVN0cmluZ1BhcmFtMTkuT1RTdGFydERhdGV9fSIgVXJsRW5jb2RlPSJGYWxzZSIgVXNlVG9Hcm91cFJlc3VsdHM9IkZhbHNlIiAvPg0KICAgICAgICA8UXVlcnlTdHJpbmdQYXJhbWV0ZXIgTmFtZT0iT1RFbmREYXRlIiBWYWx1ZT0iMjAxNyUyZjA0JTJmMTYiIFJlY29yZGVkVmFsdWU9IjIwMTclMmYwNCUyZjE2IiBDb3JyZWxhdGlvbkJpbmRpbmc9Int7UXVlcnlTdHJpbmdQYXJhbTIwLk9URW5kRGF0ZX19IiBVcmxFbmNvZGU9IkZhbHNlIiBVc2VUb0dyb3VwUmVzdWx0cz0iRmFsc2UiIC8+DQogICAgICAgIDxRdWVyeVN0cmluZ1BhcmFtZXRlciBOYW1lPSJPVFN0YXJ0VGltZSIgVmFsdWU9IjIyMDAiIFJlY29yZGVkVmFsdWU9IjIyMDAiIENvcnJlbGF0aW9uQmluZGluZz0ie3tRdWVyeVN0cmluZ1BhcmFtMjEuT1RTdGFydFRpbWV9fSIgVXJsRW5jb2RlPSJGYWxzZSIgVXNlVG9Hcm91cFJlc3VsdHM9IkZhbHNlIiAvPg0KICAgICAgICA8UXVlcnlTdHJpbmdQYXJhbWV0ZXIgTmFtZT0iT1RFbmRUaW1lIiBWYWx1ZT0iMjMwMCIgUmVjb3JkZWRWYWx1ZT0iMjMwMCIgQ29ycmVsYXRpb25CaW5kaW5nPSJ7e1F1ZXJ5U3RyaW5nUGFyYW0yMi5PVEVuZFRpbWV9fSIgVXJsRW5jb2RlPSJGYWxzZSIgVXNlVG9Hcm91cFJlc3VsdHM9IkZhbHNlIiAvPg0KICAgICAgICA8UXVlcnlTdHJpbmdQYXJhbWV0ZXIgTmFtZT0iT1RUeG5JRCIgVmFsdWU9IlNQSEJLMTEwMjA5OTIwMTcwNDE2MDUiIFJlY29yZGVkVmFsdWU9IlNQSEJLMTEwMjA5OTIwMTcwNDE2MDUiIENvcnJlbGF0aW9uQmluZGluZz0ie3tRdWVyeVN0cmluZ1BhcmFtMjMuT1RUeG5JRH19IiBVcmxFbmNvZGU9IkZhbHNlIiBVc2VUb0dyb3VwUmVzdWx0cz0iRmFsc2UiIC8+DQogICAgICAgIDxRdWVyeVN0cmluZ1BhcmFtZXRlciBOYW1lPSJPVEZvcm1OTyIgVmFsdWU9IjIwMTcwNDE3MDIxMDIwOTkiIFJlY29yZGVkVmFsdWU9IjIwMTcwNDE3MDIxMDIwOTkiIENvcnJlbGF0aW9uQmluZGluZz0ie3tRdWVyeVN0cmluZ1BhcmFtMjQuT1RGb3JtTk99fSIgVXJsRW5jb2RlPSJGYWxzZSIgVXNlVG9Hcm91cFJlc3VsdHM9IkZhbHNlIiAvPg0KICAgICAgPC9RdWVyeVN0cmluZ1BhcmFtZXRlcnM+DQogICAgICA8Rm9ybVBvc3RIdHRwQm9keT4NCiAgICAgICAgPEZvcm1Qb3N0UGFyYW1ldGVyIE5hbWU9IlRvb2xraXRTY3JpcHRNYW5hZ2VyMV9IaWRkZW5GaWVsZCIgVmFsdWU9Ijs7QWpheENvbnRyb2xUb29sa2l0LCBWZXJzaW9uPTQuMS43LjYwNywgQ3VsdHVyZT1uZXV0cmFsLCBQdWJsaWNLZXlUb2tlbj0yOGYwMWIwZTg0YjZkNTNlOnpoLUhhbnQ6N2I5NWVkMWEtNmEzZi00MWRkLWJjNWItNjNmMzllZGJjNGI0OmRlMWZlYWIyOmZjZjBlOTkzOmYyYzhlNzA4OjcyMGE1MmJmOmY5Y2VjOWJjOjU4OWVhYTMwOjY5ODEyOWNmOmZiOWI0YzU3OmNjYjk2Y2Y5OjhhZDE4MTAxOmE2N2MyNzAwOjg2MTNhZWE3OjMyMDJhNWEyOmFiMDllM2ZlOjg3MTA0YjdjOmJlNmZiMjk4IiBSZWNvcmRlZFZhbHVlPSI7O0FqYXhDb250cm9sVG9vbGtpdCwgVmVyc2lvbj00LjEuNy42MDcsIEN1bHR1cmU9bmV1dHJhbCwgUHVibGljS2V5VG9rZW49MjhmMDFiMGU4NGI2ZDUzZTp6aC1IYW50OjdiOTVlZDFhLTZhM2YtNDFkZC1iYzViLTYzZjM5ZWRiYzRiNDpkZTFmZWFiMjpmY2YwZTk5MzpmMmM4ZTcwODo3MjBhNTJiZjpmOWNlYzliYzo1ODllYWEzMDo2OTgxMjljZjpmYjliNGM1NzpjY2I5NmNmOTo4YWQxODEwMTphNjdjMjcwMDo4NjEzYWVhNzozMjAyYTVhMjphYjA5ZTNmZTo4NzEwNGI3YzpiZTZmYjI5OCIgQ29ycmVsYXRpb25CaW5kaW5nPSIiIFVybEVuY29kZT0iVHJ1ZSIgLz4NCiAgICAgICAgPEZvcm1Qb3N0UGFyYW1ldGVyIE5hbWU9Il9fRVZFTlRUQVJHRVQiIFZhbHVlPSJ7eyRISURERU4xLl9fRVZFTlRUQVJHRVR9fSIgUmVjb3JkZWRWYWx1ZT0iIiBDb3JyZWxhdGlvbkJpbmRpbmc9IiIgVXJsRW5jb2RlPSJUcnVlIiAvPg0KICAgICAgICA8Rm9ybVBvc3RQYXJhbWV0ZXIgTmFtZT0iX19FVkVOVEFSR1VNRU5UIiBWYWx1ZT0ie3skSElEREVOMS5fX0VWRU5UQVJHVU1FTlR9fSIgUmVjb3JkZWRWYWx1ZT0iIiBDb3JyZWxhdGlvbkJpbmRpbmc9IiIgVXJsRW5jb2RlPSJUcnVlIiAvPg0KICAgICAgICA8Rm9ybVBvc3RQYXJhbWV0ZXIgTmFtZT0iX19MQVNURk9DVVMiIFZhbHVlPSJ7eyRISURERU4xLl9fTEFTVEZPQ1VTfX0iIFJlY29yZGVkVmFsdWU9IiIgQ29ycmVsYXRpb25CaW5kaW5nPSIiIFVybEVuY29kZT0iVHJ1ZSIgLz4NCiAgICAgICAgPEZvcm1Qb3N0UGFyYW1ldGVyIE5hbWU9Il9fVlNUQVRFIiBWYWx1ZT0ie3skSElEREVOMS5fX1ZTVEFURX19IiBSZWNvcmRlZFZhbHVlPSJBUitMQ0FBQUFBQUFCQUR0R210ekU5Y1ZYVnQrNFdDR0tRWUtsUmJUeE5BZ2FYZTFraXpKVnVvWHNRdkdEbElnTXlTaldXdXZWeHV2ZHBYZEs5dWFUS2FrSFJJR1FrSW1qNWFTTnMwMDVGbFMya3dUaDlDMFA2SFQ2WWQrYmkwL1B2VW5wT2Z1cmg2VzdZU2tLTk4ydW94WGU4ODllODY1NTNIUE9YZjUzTlcxMStYMnBOUER1a1lNWFRWUDRTY0tpb0duZEpNTWlablo0N2lZVG5lNzNOc3oyZGtKTEtySFZGSHVjbmR3ZlJFMkhCTDZ1SEJYOS9jODdlbEJRc1JNZG56RTdTZllKQnpMczlGb1gxaUlUSWRuT0o4d3c0Ymh4b1Y5VVk1bmZaS1VDWVlpWWtpSTltRlBiM3BLbFBHNE9TRXFHb0cvWkFhRVVJRzdRaFJkbTlUS2NzaWVqdlJrYWxTVFJrU0MzUjA4eTBVQ3JCRGd3cDZXOUdndUQ1eGJiSzZlVHNCTEV0RWdLU1dIM2MwOHo3S2UxclFoYXJPQWhOZyt6MjZINVVNRmJCU1R4RkEwK1lRdVp6MXQ4R0pxUVFPczd1VFUyTkJ4emlaSVdiRUNGMlpESHJkSVNDYjdsZGU0dzJGNFREZHlGcWZ0NlRPNk1adFVDQVptVFNFUXNJMHV3bHJhUGc1WUJzSUJqbVdXRmkrV0xsOWdPRDdHc2pGckZSS1pFZzJSWHp5d3piVnQyN2JQNGFLLzlPcEVjRHVaTEpvRTUveEFTRHpLbk1hR0NUb2NFUHdzL1hlVUdTNm9wR0RnQVEwWGlDR3FSNW1wd3JTcVpNREVLWDBXYXdQVEVaQTRFd3B6MGFDQTJiNm9teExmWFVQVHVxWEVhUlUzd2N5K3lzaC9DdWQwQW5wMFdMWS9rbE9UbVN6T2lkdmhhVVNabVhuUUVITk5MdGNPaDVpRFIyVnVwNlJhbXVIMnlhNytCeFp5S2pQbnlOM0QrZGtlQm1zWlhRTFNBejBGTXVQandqMFBKTzdwNkY4d1k2YkZnSUUzTkhPZ3A4ZCtpQzNBYzVhUWZDd1FtSitmOTg4SC9ib2hCOEFIdU1BakV5ZHNvY3E0T1ZPQ0ZRQmhRM09vbWI2Y0FnNW82alBFbDlGek1jRHoyVmc5d0pWaEtGK3M0aHpXQ0tPSk9UelFZNjJmczJmdGVYZ3ZyK0tGVkRHUEhhZ05OeUd3WURGVjRHYmtCcVU1TVlPSHNLeG9QUXdCRWdNOTlGWExTWHNZVzVRWU9MZU15VWw0d2N3RE5sMThUdEVtTTVtQ0Fhc0huUVcrbEFmSUFiSFVNQllqT0tPQ285SVFidXhhUnNUaUNTV25rREc5WUp6OFJyaU1OWndMM1dJYnhtUUN0dmxzWlRIZkFKdUdybVl5TlZFd3lYQVdaMllieU1OYUIxaW4wU3dhYTNoSTNqUWpOaTVLeWh3YUZ5R1FJMDlaZWJ4aEhFNkxxaUkxbU1lZzlEZzRiWU9aSkVYWWdJdVR4aURsMWVDbGpHdHpWRzIwZkxrcm5Qb0RHOU9sQmF0UHJSYlFrV2lML0V5c3NrcE1ZbEtSWk54MElEQnJGSEFGVGt2UVNrbFR5ZXpsMllkTlBGd3dES0I4UXMrSUZNRjYrUTRTZnlhckt4bGN0OXFjdUZBZUZiUnB2YUJKV0tycTRFNVdhMnZKS2xzU0xXNm9uLzdTMmk5QnFTVWJNZnRIekgyZE9zZDV4eWJ4WmUrVUdmbm1uQktvdjZydjhsSnNQVEtPYUlwVTFteFZ0WVkrUDJsSTJMQVU0K0JsUlhNNEsyb3lCZ1VwbW9rTkF2cXBxcldtVGtwRW8vMkIydkU2Skx2UVNmQ3NqZU1NS3lqMWhZcEZiQU93aWw1YmJpUUVRRjBIMkJSdkxNSHg2eEhITmlMU3JUL0JWdEdzY1FWcmZkSk9DT0grUUIxb0U5UXl5VHBJQmJNbWQxSzAybUVOVGpuM0pTSVVwVEtxeDdCSWN4V1VPdkhMcVNjUnBQSlVSaHNReGhMaEdvUWFOVlUyL2dRSDlxbU9LZ2cxKzNhQ0EvWFVqbXY4b2JyeFdvVFdBU3BvNjdaT3VxajFnRHB5Tlp0Znd1cEtPVDRRWk11MGEyZkxvVzI3dnhQUzYrS2xQMUFYd0lsbTJoM1ZkVTIwVjJwSlQ0aVA2d2I4S0JyOUdTb29xdFNlUG9YbkZJcENPOEkydUpEVEhYN3VYTnVoVlo5TTBUNzA1S1I3cDlQWlJsaSt2blhlMEdRN3piZlRVZ2VoR2FXRWhuVzc4N2JiWmVqRTRYWDhCUFljZEJyZXdRTFJCL041dFRpYW04WVNoUTJiNXJBcW1xYnM2U28zL3BqdXVESkFtdE5Kdk9CMjhkMElOWFZKM1RHNGQzVWphTmRQS0hLV0RPa0xRd1lXWjBjMXFqNHBLM1dqR2NCcVJpNExxL1UwTEJ3bXNwS0UzQmFrT1lVWGlIdnY2dFZYVnE0OHM3UjQ0NSszbjF0OS85TEtPNWRMbjUzLys3bTNBRzhQeGZQdWNYY3UzMXhjL2UyVnRZdm5WdDk0RHVEN0hYalgwcTFicFl2WFZqOThkdm5XRmFBRFU5N3kxT3FyNzYyZC8vWEtXeStVTHJ5Nzh2YUxNSFhJbVhMT0lRQnlyd05wWGYzbzZtVHAzTHNBT3VLQWR0cEkvemgzcmpybjY5b3B3U3h5SWRTTmRrcVNUUCs2WVNTaGdQVmF0d3hZSER3MkE0V09xclBaRXhHWTZQQnNUMVBiVVF1THhOMVpoT3ZSd01URW93RkpBaHRXYk51eTdVL0tjOWYrK3VjMmV2QmduNmtBYUtqWmUrTnZiVUJpM0R5RlJXbFNVNHYwVkNTbDZ4Q1BlYmZ2N05xbnYxaCs2ZUpqVE9uRjI2VVgzbC8reWZYbGE4K0FXcyt1WGJ0cXdaY1h6NjlkZmJOMC91M1NCNS9ZcHBIb2VycDIwbDlQcTY1bFZDVXo2MDQ5VEJRMVBaeWRCWnVtZEZsV3NXVThSVlZJOFhCdklVUEZzVVJOWjdLejFhbmVvOHk2U1VtWm82RXpDRjdSZXlRdWdRb1F0YnZiSkVVVnU3MXprRE1VeU5RK0NFQlppeEU5SDUrcjBJckZIYzlwcTZqU2R2Uk82clBWUTZlZHcyTEJ4S2ExblZnSlFmYTBmajE5Z0dRZHVpWk5xN1lPZHBDc1l2cGhjeWpnZ2Q3ZXVBVE8zdDNpYWRuVWNPMGI3RGJtYWEwejI1aUU0dFFCdkh2WHYremRWN0cxOTlzVkczdjNaNzBIL2wyRGVyL2pucm9EUzRLZ1c5bVJUbTF1UmEvbmF4clE2NVc5ak93OStKV3Q0KzNaM0NiZVEzVUsvVzdGQ041N2E3VC9BSTFMMkVISHpXU3l2RWVCbWpmVDJoZjcvMlNLN3JKYitIL3Q1RWJOTmQyaDVsb3NZV0J0VkZuME9QSWdKVFJFcTFCWjJybDdYenRzbEd0UEx5Ni85Q3hpV2NSeWlPVVJHMFNzZ05nUVlzT0lqU0MyRDdGUnhMR0k0eERISXk2SU9BRnhJY1NGRVJkQlhCL2lvb2huRWM4aG5rZDhzQkUwdjNWLzB6NTVxd3YyelQwMEUxU1g2ZTJsYXh1NCszSWdYa0I4Q1BGaHhFY1EzNGY0S0FxeUtNaWhJSStDUVJRVVVEQ0VnbUVVaktCZ0h3cEdrY0FpZ1VNQ2o0UWdFZ1FraEpBUVJrSUVDWDFJaUtJUWkwSWNDdkVvRkVRaEFZVkNLQlJHb1FnSzlhRlE5TDlkZnJEWndKWTJ1NU1MN09xU1VEdWtTcWw3bTRRR3E0bHgxRXFNOTIwVmRGKzhWZGx4dGVsV1ZaMjZXd0ZuZStML1NKVHQvWCtVL2NmSmY3ZWo3TUZxbEIxM0N0Z216cy9DY05JZVluaDhpSG9CVkhsV0Mwa0xkQm9nWjV4cTFjWFNpc1dwM0NWMHRrcndNZnNKWWhVNVQyMjByb2ZpM21aVWs5c0IyMVU3NWZKWjFVSTlwS2tXNHNncFdpN3EyVUhqOXpSTjhNY1VyRXJ1NW1GZHdwNTdyRk1mNkJac1lEc0ZEdE9US3R1Wk8zZEJtZTVqZkJXWGdPZk90Zk9YUzFjdWxHNWVXSDdqUWt2cC9FZExuNzdhc3Z6YWoxZHYzR3dwbmJ1OThzS043dEtITjZIbUNDeS9kcUYwNnhWNFd2bjlsZExpaDUzd1Y3cDAxZTVLZHEwKyt4NjBITXV2WDEvKzVlTFNIMTVidm41alYrbjFqd0cwOU5rbE9uSDlCdUR1c3BGWDNudDY1ZXJ0cFZ1WGxqNzlxQk1tVnk5Y1h2M1Z6NWYrK0lIYitoeTV1OVBGdXNBVFdSZnZDcm9FVjhnVmRrVmNmYTVvQzJ4Z0xNdUJUM1RXbWhpVWdrRkhCeno3b1pWY09JRTFtV1JQVWgzb21RTDBhQXJXeVBnSWh2Si9IRVpZTkxMV296V2I5UnhJanlobWZsUWoyTURTR2QyUXpNbnB4NnN2ZGFUUFFIVm5USWpHTElaR2tiWVQ4dWhDUGdzVDQrVVB6Rm1yQnNWV3hUU1lJY29jSHA4WWxRRzczQ0xTNzZiVUtNbXNNa09PSzVxMC9jZ1BrOUR0VG9rWi94azhEZlFNYkpwKzZFRnp1dWFudS92OTY5Q1BNbHRpVjcrTlJ2eEJmNUR6YzEvK2NWUXJxT28yejY2MDNkV205SWZ6ZVd3TWl5Yk9XZzNURkVnOEQ0cllOUGM4K29XNWh5eVF5UlEwWEthdVRlQ2N2akVEMVNOc21ZZkNNNm91a3BpS1owaGNBZ09wWWpHbWFLcWlZZCswcW1kbTQzbFJvdDlTWSt6NjlOUm1WOUtldG1yYjV6NmpTQ1M3M3o0K0tINmZmZ24ydEZWTjA1dyttQnhDUDBKMld6ZUxpNFc4KzZmSXFwK0pRbFNyZmxabW1NUFZpdHF2V2k3R0pBWVlubVdaKys1anFuUE13UUdtdC9mSWswd0hVd3NkcUJuNHpjSzBmYUo4bUQxS0tSeUpNeDFQeFR2bVJJUFJVd3NFa0NYd1RYbzI2cGN4R2JXUFNZZUs0OUpHQmF2aU5OWGZRNkRkSTVhVUZnR1FnZHI0eUpOMDVGYzBEUnZVbjRDdy9YOEUvRE5XYjNiNEI4bjBoQ2xiQVRDdTVRc0Vvc2VLZ0tQTWhzVTZnajRsV1VjWnpkN29PbjE2NCtnY3NvNHJiRyt4TjZ3OVowdHZ2bDM2emZ0cno3OWErdUJuajVVKy9sM3BsZGRYWG43SE12RExycklGR1Q2L3dIQXMzTW9QY1NhanE3b1JPOFN5Ykp5WnB1MnJRU3Y2R0hQbzJMSFJ2c0Z3bkpuUk5lS2J4L1E0SmNaTTY2b0VlRG85ZVkweEhGQXhkZWh5R1FtaVZqYkVZcHlaenlvRSs2emoraGlqNmZPR21DKy80RE5FU1NtWU1TWUlqQ1hVV3QzUDlmSldMTURBTE8vQ2dqOEN3L255a1BVSFlmaGtkVWozNlBOMjJEUjNXVkhqY2Q5VGRtRk4xM0JjK2hjQkV0NVlxaUlBQUE9PSIgQ29ycmVsYXRpb25CaW5kaW5nPSIiIFVybEVuY29kZT0iVHJ1ZSIgLz4NCiAgICAgICAgPEZvcm1Qb3N0UGFyYW1ldGVyIE5hbWU9Il9fVklFV1NUQVRFIiBWYWx1ZT0ie3skSElEREVOMS5fX1ZJRVdTVEFURX19IiBSZWNvcmRlZFZhbHVlPSIiIENvcnJlbGF0aW9uQmluZGluZz0iIiBVcmxFbmNvZGU9IlRydWUiIC8+DQogICAgICAgIDxGb3JtUG9zdFBhcmFtZXRlciBOYW1lPSJfX1NDUk9MTFBPU0lUSU9OWCIgVmFsdWU9Int7JEhJRERFTjEuX19TQ1JPTExQT1NJVElPTlh9fSIgUmVjb3JkZWRWYWx1ZT0iMCIgQ29ycmVsYXRpb25CaW5kaW5nPSIiIFVybEVuY29kZT0iVHJ1ZSIgLz4NCiAgICAgICAgPEZvcm1Qb3N0UGFyYW1ldGVyIE5hbWU9Il9fU0NST0xMUE9TSVRJT05ZIiBWYWx1ZT0ie3skSElEREVOMS5fX1NDUk9MTFBPU0lUSU9OWX19IiBSZWNvcmRlZFZhbHVlPSIwIiBDb3JyZWxhdGlvbkJpbmRpbmc9IiIgVXJsRW5jb2RlPSJUcnVlIiAvPg0KICAgICAgICA8Rm9ybVBvc3RQYXJhbWV0ZXIgTmFtZT0iX19FVkVOVFZBTElEQVRJT04iIFZhbHVlPSJ7eyRISURERU4xLl9fRVZFTlRWQUxJREFUSU9OfX0iIFJlY29yZGVkVmFsdWU9Ii93RWRBTm9CcjFWdzlhR0JDM3Izaks5THh3cG1ENlY3ODMxcUZvOVJHMFlxOFdiZkErZWg0K2VtWjQrcCtIWWZtNzdMOUo3b0QvaHB2dVhuTjdObG9OMnREMDVhQ2p6bWx0YVVNN2FFQU4rZzljUC9tMTB6ejc1UE9FY3ZDazlGcGNyU3FHL0UrV0tlaVhSVmpEUVJxMzZZTjRWelRYWGNkbzBLWW85ZkMxSWd3bStXbkNySjRZNHMrWDNpN2JwV1pKS3FsZWoxbE1YeVdHaU1mL2RzdHNkK3pkeXRJaHFNdloxRXlYTUFsejJ3Q215c3c3ZmZYaE5pWERzQXhRY0xHc1ZnMERmNFp2Z3k3NjI2anBLSDUxY2thdUtTWDZRUEJhVWUzNlVFdVdqd3lwclk3WVFuaFhvdUdCS3VBaG12WGgzZURzcVN6RC9jdXdXYzMxTTJiU29JVWYxRXExSkRPN2NKQUd1cnRqa3NPU2lkQmZ0VklVVnE1SlZkN2djcjZnRW9BTkhQZlpKbS9IajhVZDZUWHAxVUdKbVo3dHZweHdWa0tVRjZ2UHhqU0lYRm4vdmlrOHdxN3QrTmhUOERQeUFUSmd2RkQzSzVVK3Z4b0N4TGlVcWM3bmhWVVd0amt2N0JmQWViSmdpbEVFTnBFbkxxNWdyODkybmVSYU1odTZVcDQ4T2RZUERxTFJTWFhqZ0pxNmVSTFNGd1pIakMxUGpBKzBSV3F0OGRsWEhjbFhXRFFZTXJTN08vYU5kdXhMVWU3eHBoVC95eEFlRDJVK1ZqckxrcDJtRlNJYWFDZUJ3OUhGdEN4UFAxUHk0Q0RRdEtPbWEwTlpmV1Fkd1ZLcUMva3hUS0FsUUtTd242MFd3N3pkQVluT09WRGRHSE4vVHI1YmdLUDZad1ovOE1RY0ZlRHNkQ0pHZGV3eWs1R3NIT3EwMkx0NFRFckdDMjlIQnlLVlAxUzFwcDAwSUM2Zi82L3lPelRaQUV4SWMwMHRyTmhGUlgxbjhPSFNLUkdIM0toNksxS3MyeEg4T2MvNFF3YmxoWmJOWXhqYlJZUjZMaURmSnRZdkluV1hUbkFHWnBKWTR6VEppMWc2UzExTTRBeVZQaW9mdHhNZjFOSThjUENsS0pJdjM2aGxhUGhVdWs3eW5McUpJMU5UcW5WSkZiWUlaUlExV0VBZ2NsaGZqWWEzbkQvaVVtcFJxVkRta3N6N2VMOVkvemdCSDRnSExlOFkyWnlDcDZabXV3RXJTTDZiT3huVkoyeDdLdmFYY1UydlgzU3NKTGRQL2ZmeFdUSUZ0Y3J0RGE2N3N0cmZrNzRiS0xQU2hnandzOUtmMi9UUU1zQ0Q1allTREVhOTJuMGFqZzFXYkVEWkR6VkcvMHcvVW5zcElvVm1lNk1GNUw3RStBUEJUUUhDSnF6SHVCK1dHMnpKSmZBVnFncFVqTTFlRnR4SFAwZVFYYU9mNnowM2pWZ0hPVmNsYmNZSjBkWlEvZkFiMkxoTlpKamtmeW9DcmppbnZSWCtjOXY3U2JBSVFEL25kNWg2c09RODNVbWZoZjZiTXB0NTRhaW5MbExjNlNNKzNkNWpIWXJud0tUbU54UFBhV3N2TG1maHgwTGh3bkNYR2xCb0xzS3BndURwTHpRaGYrbC9tTDEreWZqVVN6cUZ1eDdrSGpLd1hCekVoeHhmMGtkWjNuWHJScFZWWUpKRzVMdXM0RjhXYlZ0SXVrc3F3bEUvd25PeTJZeWh3eU1OZXNRNjRLM1M0VW1jVFJvZ2RwTzFBck9pM1N6VUVaaDd1elZ1cVlqcjFkM3prZ3RIanBUemhBb1laaVZPNVdZdDkzWm5odVZYTFlnVG1QQk5tNzlJczd3MVg1VHE2MExqc2JWdmI4Q1BOTVBDQmxOeUdnNXRsdmlUUGxwR2VSTnNsQktXKzRMQlhFNkFFNkVvVzFMRHdsdUlWOXF6NUpLUFplSkd3WU5EYTVUVlh1cHV6RXZyVkRibERidTcxQmdkR3ZRd3ErcDExU2NZTU1MZ2tvVjA1T1hsdm9sa3RqTFNFR3JJUzZXOHlWSEdqU3NoNEdPdWphN3hUaFNYQVZ2QXI3Q0kwY0NjWUpKK3k0NXVHS3AyeE1IRUNzTXFkVUJUVktRc0FuaUM5c1pDQnlFeUFoQStreXNVOTZIQzhJSVRNZGp0UW5ocGdSQkd6a1IrRHMxVXlXZW5mcHEvNDVpaEhRblVqUjJQYStGb3FKUGx1SEpYWUFjTDVkaWY0cjZxUVpER3lXN0JLOU8zTHZjYmZ6andNQmYycXg5OVRZa0phbnhobGRuNVJIcXNkSkJUbEZUQ2VJcUppbGxOUDlYK2FKNzd0ejVuNXUvOHcwNk5MeGNpOFE0N3ZVemNiWS8vb2ovUGZvTEJoNzhFaC9mckNpcVZOTm0zYUdTd3dwbUVDdndFb1RFRFlnTHZDUzlHdmxsRDNWb3lRVWNQSitJdk5iTjEzMWdWQkZBZmFZYVdxeFYrQWtLeEo3cFJaZmpZdG9tenlsSzlFQ3NqQWRTNE81bmo0eFppYmZHbU9vUkxqbExlOFpLdnlSZGlpSHZZVWp0dUtPd1BLUU9LY1lsRUZqOWY2aFFFVndkOHA0bzhZZnJBdFFjMkl6K1BLWEd1Q21XRVl0dXpvZ2dJUE92MkdpTzNwTWpHb0pMYU5BVFVPZ3V5NG5waEY3SDdTU3dLU2pFKzJPRDJFbjVIUGlsWlVyRDlna1h2R2lnZVhpRTVhWUd4Y2pkUittTGRDUDh2SytTU05SRTRzQ21ZdXFZT3Q0aVFwakFQNjBrd2E4YXZEZGRWMGlsUmJwNnMyNURIenNjZmFBSkpCbDRkSnNHMmlsei9UZlFjeHIrTFdhamZ1a3hNU2Q5T21LUHdFS2oxUGIyRGI0dEh2VW1qT1N6ZENRM3ZFa2U5YW5rUjYvcnJMaGYyMXhTV2I4aXlrSXVKR3grdlU5SXFOVGI1Q25RVlN3Mk1tTVBPb243QmhaSE9SUEVERGtzRHhkK2lXRzZ2VStDdEk1VVpDclRWVHFzQ1ZTalVhaE5RUitwSmgxekg5UmN4NXU5YnpLdTdzdXhyVllRTlE5N2FtL1BPNXJkblVhbG4xNkhzM0dwZXd4RGtNbkVvcStIYzd6b2VnMmk4N3RncER5L3YvTXVRNm9FcWJ3QSs5Vk1EMlVScHZLSVE4bEl6aThRdVAzaldmQ0M4a1NhcWEvamMrRUVMcE5vbW5reFBrWTJFekhSNUZzNzkxb3Jsb1ZHaHUwVFhoQzN5aVFDK1gvYW5mYVdEQmx3bks0TDFhQmQ3ckswQmtrdU84Z2M1QVVtaHVYUVFNa1NWaEhraUhTNm1hMHNqejFLby9vNUxBMTdSYWNmWGE3bjIxZ21Vd0NLS1ovdXljblZiTjlRNzZIdWJEMUFxdnFZZFE3KzhmRjBwZWhDUDRZQ25FOEFDM0QyWTM5VUhmODQxbUVVL3plMnBSbktQcFpGVHBOcDVhWFBiVlo1Zis0RzBHS2EyMFFxSWxkVlZHcFBEaFdwekxFYXJBNWR2aW9PZUJoWUE3WVF3YUFobTh1bEpPTTJoUmNxTEM5KzJWbjRDYnpwazhUbWZJM2pjOHg3eENvME5YYTdkRytHVDlmZVJVeUx1WXp6NEdhRFh5ZVNTY1RIZzdrSzFzN3h5dEtNVWJudnJFbTRXZ2dmR29uTnROTGd5cVV2dW9naFZOdSsybWFvVGY1ZVpsMHFlU05qSWZIdmM3aEVyWVJHcTFMalZjT2x6aUtYaHFlNXdIQlQ0dWNpZ1JxQzZqQmx3OWk4RllvN1F6MjBCYWRzRGtzajgrSnFmZ3ZLdDE2SXpKd3NwKzdhUkw2S1RKZ0RBbmo3elc3SkQ0SHdpcjVXODc0ZmN0ak5qK3p0V2VObUdOTnQ5SjQwNVcveGh5R3lDWHRadFRxTWQ0WDJvcG95cFZWdytUai9CVFdqZXAySEtjSmFFRHhyMjNBY3IvQzRMaHMzdXA5RVMyTkpMYVA3K1pqbllBdkt4cGRzT3AvUzZTcXpHUzdmai9zWTg4MWxSUmkwS3NTOXBXM0dBYlBDVDlMWVI0Z0JIejF1Q2pxa1hqSnY3SDlOaXZnMW5DNjlxdFNqU2M3OVBVdW40UHB5OUpKQStsWnhEUi8xMDZBREdxUUt1NWFBK3VLV2xCclVGMTl4VHNIZmRnWXFyS05Yc2ZxbXduTmJuYThsclFTOEFwOUlqUkxFVWlsWU5RZ0NJU2VVZmdDWDgwZ1VqbVF4WHJhaUd0NjBwTzA3NExzUUwraXhPUnkvcHhGWWFqcmZNdlQwVTFXQzhjSmNSRUxvcngwL2dKU2orMVM0RWJ6ZHN0czROcnRrNWtHT1hsS2t0eWV3K2tOcVNkanYwVUZlYmVUaEI1V2k2SlZ1dFBJMnFiTHVQMENNRGhDd3J2VldmSXNselJaTWl5cE9sMnM3Z01kOTBLNElFVDl2aXFPUGRGaHBDb0x0bkc0aTJ1a2YrMlNKNk5VRUZ1cEo2cW81SW56N0ljbFE2ZmtmNWpDcGE1Zjk2MTlnOEJxMWI1bUY3ZWlhNXNsZDEwaGtnTXE1dS9VTU05ZHVYdmZVUWJwV3BJZ3czZm15aEZyeVBNV1d0dytvZENxTS9MbllBSkdIWVYvZXVpVnBiR2hqTEVUR3NCYUU3SWxKQlc4bHMzS3VBTzV0TjhiK25TS2c0NVFnb1o2bHFEVVlVanZJd2x0YkhCYW5nNzJQTXgxVXNvdTUxajh0bCt5akRldjdzK2FoWTJRR21FTWs3SjdSaWhDd3djclNTRWdtZnRsQVNvRmNlSFRFSm15dlJreWFJcWVyeFRROU9qR1lHYk1IVGVPcGw4NjNsQlFPS0FlVmdOUUwzU3YyZzlFTCtCMTd0VzNFQTViZXNBUHFTZ0VKYm5ROFUyMmRwZS96Z3FzMEpHdTU2c1dwa2dSMkxYSHpCRVp4bTZHbmpKaXpNZ080OFVycHA0TmZhUmdzUUlTTDZwcUY2YjBlaUVSVHRUUldUd0gxaWt5bncxYXZCSUxyT0NZNWh3TXJJR01Qd3pDZjk4cHV5dWlaZVRGTW5rYUhraWx1eGlQcnRlU3llaTZrOWpkN2JlMTluc20zTTNvL3BlRVRGR1dYOFIrNnRDSTdtNG94NXdQaGw2aHRXVk5qZ1FzRFZieGZGUWtQVGRkK3l6NU1zSk8wYTlsSWpYdWFJVC9IcnhvZVBMQzIwSk1IcWdYSGxIMG9lK3NXbnJ2MUhVYThrT2xGeU05djQwUFJXOGdnMjVqak1FWmVPSWxmVXp0aElGVWJQcVljb0IzUjlWbjM4K0FWbjlXeCt1dFcrRDZOWmVoZEhiUlRiZVhaWDAwRkkrRE13QnkwU040OWNBNnQ5UE9WdzJ2eHFFTEZ0K1pkeGh1MU5Sd21jZkx6Sit5cDBoSTdWbmRYckhaRTN3aEtPVWhpWmFMd1BXU0d4cXc2VEdzM1ZGUG9yNnBPSFhEV1BsMzd5VW9XYjA3SEFzVGtPbUFZajNKb2FqNEVXZlhHOUhVY3hNbE1ReGJzbDFPTXFuRkRGQ2NQcW11c2VYSElYTG5CWG1UaTVuc0FaSkxqRVF1V3hodjh1ZkxxYld2WWMyd3lSTzUxYWNuMXNrNjNCbmVoVVBRT3N3b1FNU1UwZ1daRTFSanFSQ3pCUFo4a0ZSVkRXV1VOWHNOenVFQUpoTG5kdEFQYTJzVUdncWlQZ3Nrek1mNWNkc2kwY0dEY2d1ejRPdExJOFord0V6MFpCMkxMRjdlanpyTWVxMzllek9YaUN5OThNMXpBRUpTOS9UYm1HN296aXFRa05uajNHaXJDS0hGQ21CbjBwTjRxblViMXVtaDdNZFdTT3kySTFnNkZuSkFNaGZSMG5DeURteitlSy9QeVFtSlRBTWQxRG41ZHZuZWNvcEFTODB3b0F3ZmlOQ2JPNllrZXNYTGNWaG5YOVUxNGxCbndIZGRYUmR6bDZpd01ZaTRyS1RUazhSbm9WL21IK3Y1ZmR1d0Q4bWFWdHVkbkVFUEJjQ0NQRXVzaGdqY0Q3TnNZVnhTRUJjcDI3c1hwOE5aQ2xvejJvNlBiRmhYdi9IQ1VHeHRYbzJZd3VtTURsV2tuNWY1RVFrdzYrSEtoUm9iUUJVQ2N4SDFqZWRmelVrekc0UnhsbHJUVWxrZURkYjl1bFU5WlpZYU5kTy9vdz09IiBDb3JyZWxhdGlvbkJpbmRpbmc9IiIgVXJsRW5jb2RlPSJUcnVlIiAvPg0KICAgICAgICA8Rm9ybVBvc3RQYXJhbWV0ZXIgTmFtZT0iYnRuVGVtcFNhdmUiIFZhbHVlPSLmmqvlrZgiIFJlY29yZGVkVmFsdWU9Iuaaq+WtmCIgQ29ycmVsYXRpb25CaW5kaW5nPSJ7e0Zvcm1Qb3N0UGFyYW0yMy5idG5UZW1wU2F2ZX19IiBVcmxFbmNvZGU9IlRydWUiIC8+DQogICAgICAgIDxGb3JtUG9zdFBhcmFtZXRlciBOYW1lPSJkZGxTYWxhcnlPckFkanVzdCIgVmFsdWU9IjIiIFJlY29yZGVkVmFsdWU9IjIiIENvcnJlbGF0aW9uQmluZGluZz0ie3tGb3JtUG9zdFBhcmFtMjYuZGRsU2FsYXJ5T3JBZGp1c3R9fSIgVXJsRW5jb2RlPSJUcnVlIiAvPg0KICAgICAgICA8Rm9ybVBvc3RQYXJhbWV0ZXIgTmFtZT0iaGlkR3JpZFZpZXdTdGFydFRpbWUiIFZhbHVlPSJ7eyRISURERU4xLmhpZEdyaWRWaWV3U3RhcnRUaW1lfX0iIFJlY29yZGVkVmFsdWU9IiIgQ29ycmVsYXRpb25CaW5kaW5nPSIiIFVybEVuY29kZT0iVHJ1ZSIgLz4NCiAgICAgICAgPEZvcm1Qb3N0UGFyYW1ldGVyIE5hbWU9InVjRGF0ZVN0YXJ0JHR4dERhdGUiIFZhbHVlPSIyMDE3LzA0LzE2IiBSZWNvcmRlZFZhbHVlPSIyMDE3LzA0LzE2IiBDb3JyZWxhdGlvbkJpbmRpbmc9Int7Rm9ybVBvc3RQYXJhbTI0LnVjRGF0ZVN0YXJ0JHR4dERhdGV9fSIgVXJsRW5jb2RlPSJUcnVlIiAvPg0KICAgICAgICA8Rm9ybVBvc3RQYXJhbWV0ZXIgTmFtZT0idWNEYXRlRW5kJHR4dERhdGUiIFZhbHVlPSIyMDE3LzA0LzE2IiBSZWNvcmRlZFZhbHVlPSIyMDE3LzA0LzE2IiBDb3JyZWxhdGlvbkJpbmRpbmc9Int7Rm9ybVBvc3RQYXJhbTI1LnVjRGF0ZUVuZCR0eHREYXRlfX0iIFVybEVuY29kZT0iVHJ1ZSIgLz4NCiAgICAgICAgPEZvcm1Qb3N0UGFyYW1ldGVyIE5hbWU9Ik9UVGltZVN0YXJ0JGRkbEhIIiBWYWx1ZT0iMjIiIFJlY29yZGVkVmFsdWU9IjIyIiBDb3JyZWxhdGlvbkJpbmRpbmc9Int7Rm9ybVBvc3RQYXJhbTI3Lk9UVGltZVN0YXJ0JGRkbEhIfX0iIFVybEVuY29kZT0iVHJ1ZSIgLz4NCiAgICAgICAgPEZvcm1Qb3N0UGFyYW1ldGVyIE5hbWU9Ik9UVGltZVN0YXJ0JGRkbE1NIiBWYWx1ZT0iMDAiIFJlY29yZGVkVmFsdWU9IjAwIiBDb3JyZWxhdGlvbkJpbmRpbmc9Int7Rm9ybVBvc3RQYXJhbTI4Lk9UVGltZVN0YXJ0JGRkbE1NfX0iIFVybEVuY29kZT0iVHJ1ZSIgLz4NCiAgICAgICAgPEZvcm1Qb3N0UGFyYW1ldGVyIE5hbWU9Ik9UVGltZUVuZCRkZGxISCIgVmFsdWU9IjIzIiBSZWNvcmRlZFZhbHVlPSIyMyIgQ29ycmVsYXRpb25CaW5kaW5nPSJ7e0Zvcm1Qb3N0UGFyYW0yOS5PVFRpbWVFbmQkZGRsSEh9fSIgVXJsRW5jb2RlPSJUcnVlIiAvPg0KICAgICAgICA8Rm9ybVBvc3RQYXJhbWV0ZXIgTmFtZT0iT1RUaW1lRW5kJGRkbE1NIiBWYWx1ZT0iMDAiIFJlY29yZGVkVmFsdWU9IjAwIiBDb3JyZWxhdGlvbkJpbmRpbmc9Int7Rm9ybVBvc3RQYXJhbTMwLk9UVGltZUVuZCRkZGxNTX19IiBVcmxFbmNvZGU9IlRydWUiIC8+DQogICAgICAgIDxGb3JtUG9zdFBhcmFtZXRlciBOYW1lPSJkZGxPVFR5cGVJRCIgVmFsdWU9IjEiIFJlY29yZGVkVmFsdWU9IjEiIENvcnJlbGF0aW9uQmluZGluZz0ie3tGb3JtUG9zdFBhcmFtMzEuZGRsT1RUeXBlSUR9fSIgVXJsRW5jb2RlPSJUcnVlIiAvPg0KICAgICAgICA8Rm9ybVBvc3RQYXJhbWV0ZXIgTmFtZT0idHh0T1RSZWFzb25NZW1vJHR4dERhdGEiIFZhbHVlPSLmuKzoqabliY3lj7DpgIHnsL0iIFJlY29yZGVkVmFsdWU9Iua4rOippuWJjeWPsOmAgeewvSIgQ29ycmVsYXRpb25CaW5kaW5nPSIiIFVybEVuY29kZT0iVHJ1ZSIgLz4NCiAgICAgICAgPEZvcm1Qb3N0UGFyYW1ldGVyIE5hbWU9ImhpZEdyaWRWaWV3U2VhcmNoU3RhcnRUaW1lIiBWYWx1ZT0ie3skSElEREVOMS5oaWRHcmlkVmlld1NlYXJjaFN0YXJ0VGltZX19IiBSZWNvcmRlZFZhbHVlPSIiIENvcnJlbGF0aW9uQmluZGluZz0iIiBVcmxFbmNvZGU9IlRydWUiIC8+DQogICAgICAgIDxGb3JtUG9zdFBhcmFtZXRlciBOYW1lPSJoaWRHcmlkVmlld1NlYXJjaEVuZFRpbWUiIFZhbHVlPSJ7eyRISURERU4xLmhpZEdyaWRWaWV3U2VhcmNoRW5kVGltZX19IiBSZWNvcmRlZFZhbHVlPSIiIENvcnJlbGF0aW9uQmluZGluZz0iIiBVcmxFbmNvZGU9IlRydWUiIC8+DQogICAgICAgIDxGb3JtUG9zdFBhcmFtZXRlciBOYW1lPSJmcmFtZUF0dGFjaCIgVmFsdWU9Ii9VdGlsL0F0dGFjaEFkbWluLmFzcHg/QXR0YWNoREI9QWF0dGVuZGFudERCX0lUUkQmYW1wO0F0dGFjaElEPXRlc3QxMDIwOTk4NjQ3YjZmMS00ZjA2LTRmMTYtOTEyMC1kZGMzNTdhNTQ5OGUmYW1wO0F0dGFjaEZpbGVNYXhRdHk9MSZhbXA7QXR0YWNoRmlsZU1heEtCPTMwNzImYW1wO0F0dGFjaEZpbGVUb3RLQj0zMDcyJmFtcDtBdHRhY2hGaWxlRXh0TGlzdD0iIFJlY29yZGVkVmFsdWU9Ii9VdGlsL0F0dGFjaEFkbWluLmFzcHg/QXR0YWNoREI9QWF0dGVuZGFudERCX0lUUkQmYW1wO0F0dGFjaElEPXRlc3QxMDIwOTk4NjQ3YjZmMS00ZjA2LTRmMTYtOTEyMC1kZGMzNTdhNTQ5OGUmYW1wO0F0dGFjaEZpbGVNYXhRdHk9MSZhbXA7QXR0YWNoRmlsZU1heEtCPTMwNzImYW1wO0F0dGFjaEZpbGVUb3RLQj0zMDcyJmFtcDtBdHRhY2hGaWxlRXh0TGlzdD0iIENvcnJlbGF0aW9uQmluZGluZz0iIiBVcmxFbmNvZGU9IlRydWUiIC8+DQogICAgICAgIDxGb3JtUG9zdFBhcmFtZXRlciBOYW1lPSJ1Y01vZGFsUG9wdXAxJENsaWVudFdpZHRoIiBWYWx1ZT0ie3skSElEREVOMS51Y01vZGFsUG9wdXAxJENsaWVudFdpZHRofX0iIFJlY29yZGVkVmFsdWU9IjAiIENvcnJlbGF0aW9uQmluZGluZz0iIiBVcmxFbmNvZGU9IlRydWUiIC8+DQogICAgICAgIDxGb3JtUG9zdFBhcmFtZXRlciBOYW1lPSJ1Y01vZGFsUG9wdXAxJENsaWVudEhlaWdodCIgVmFsdWU9Int7JEhJRERFTjEudWNNb2RhbFBvcHVwMSRDbGllbnRIZWlnaHR9fSIgUmVjb3JkZWRWYWx1ZT0iMCIgQ29ycmVsYXRpb25CaW5kaW5nPSIiIFVybEVuY29kZT0iVHJ1ZSIgLz4NCiAgICAgIDwvRm9ybVBvc3RIdHRwQm9keT4NCiAgICA8L1JlcXVlc3Q+DQogICAgPFJlcXVlc3QgTWV0aG9kPSJQT1NUIiBHdWlkPSIzMjE5NTNlMC0xZTdhLTQ2ZGQtYWI2OS03ZTgxMjlmMWU4ZTEiIFZlcnNpb249IjEuMSIgVXJsPSJodHRwOi8vMTAuMTEuMzYuMTE0OjgwMDcvT3ZlclRpbWUvT3ZlcnRpbWVQcmVPcmRlcl9Nb2RpZnkuYXNweCIgVGhpbmtUaW1lPSI0IiBUaW1lb3V0PSIzMDAiIFBhcnNlRGVwZW5kZW50UmVxdWVzdHM9IlRydWUiIEZvbGxvd1JlZGlyZWN0cz0iVHJ1ZSIgUmVjb3JkUmVzdWx0PSJUcnVlIiBDYWNoZT0iRmFsc2UiIFJlc3BvbnNlVGltZUdvYWw9IjAiIEVuY29kaW5nPSJ1dGYtOCIgRXhwZWN0ZWRIdHRwU3RhdHVzQ29kZT0iMCIgRXhwZWN0ZWRSZXNwb25zZVVybD0iIiBSZXBvcnRpbmdOYW1lPSIiIElnbm9yZUh0dHBTdGF0dXNDb2RlPSJGYWxzZSI+DQogICAgICA8RXh0cmFjdGlvblJ1bGVzPg0KICAgICAgICA8RXh0cmFjdGlvblJ1bGUgQ2xhc3NuYW1lPSJNaWNyb3NvZnQuVmlzdWFsU3R1ZGlvLlRlc3RUb29scy5XZWJUZXN0aW5nLlJ1bGVzLkV4dHJhY3RIaWRkZW5GaWVsZHMsIE1pY3Jvc29mdC5WaXN1YWxTdHVkaW8uUXVhbGl0eVRvb2xzLldlYlRlc3RGcmFtZXdvcmssIFZlcnNpb249MTAuMC4wLjAsIEN1bHR1cmU9bmV1dHJhbCwgUHVibGljS2V5VG9rZW49YjAzZjVmN2YxMWQ1MGEzYSIgVmFyaWFibGVOYW1lPSIxIiBEaXNwbGF5TmFtZT0i5pO35Y+W6Zqx6JeP5qyE5L2NIiBEZXNjcmlwdGlvbj0i5pO35Y+W5Zue5oeJ5Lit55qE5omA5pyJ6Zqx6JeP5qyE5L2N77yM5Lim5bCH5a6D5YCR5pS+5Zyo5ris6Kmm5YWn5a655Lit44CCIj4NCiAgICAgICAgICA8UnVsZVBhcmFtZXRlcnM+DQogICAgICAgICAgICA8UnVsZVBhcmFtZXRlciBOYW1lPSJSZXF1aXJlZCIgVmFsdWU9IlRydWUiIC8+DQogICAgICAgICAgICA8UnVsZVBhcmFtZXRlciBOYW1lPSJIdG1sRGVjb2RlIiBWYWx1ZT0iVHJ1ZSIgLz4NCiAgICAgICAgICA8L1J1bGVQYXJhbWV0ZXJzPg0KICAgICAgICA8L0V4dHJhY3Rpb25SdWxlPg0KICAgICAgPC9FeHRyYWN0aW9uUnVsZXM+DQogICAgICA8Q29ycmVsYXRpb25FeHRyYWN0aW9uUnVsZXM+DQogICAgICAgIDxFeHRyYWN0aW9uUnVsZSBDbGFzc25hbWU9Ik1pY3Jvc29mdC5WaXN1YWxTdHVkaW8uVGVzdFRvb2xzLldlYlRlc3RpbmcuUnVsZXMuRXh0cmFjdFRleHQsIE1pY3Jvc29mdC5WaXN1YWxTdHVkaW8uUXVhbGl0eVRvb2xzLldlYlRlc3RGcmFtZXdvcmssIFZlcnNpb249MTAuMC4wLjAsIEN1bHR1cmU9bmV1dHJhbCwgUHVibGljS2V5VG9rZW49YjAzZjVmN2YxMWQ1MGEzYSIgVmFyaWFibGVOYW1lPSJRdWVyeVN0cmluZ1BhcmFtMS5PVENvbXBJRCIgRGlzcGxheU5hbWU9IiIgRGVzY3JpcHRpb249IiI+DQogICAgICAgICAgPFJ1bGVQYXJhbWV0ZXJzPg0KICAgICAgICAgICAgPFJ1bGVQYXJhbWV0ZXIgTmFtZT0iU3RhcnRzV2l0aCIgVmFsdWU9Ij9PVENvbXBJRD0iIC8+DQogICAgICAgICAgICA8UnVsZVBhcmFtZXRlciBOYW1lPSJFbmRzV2l0aCIgVmFsdWU9IiZhbXA7IiAvPg0KICAgICAgICAgICAgPFJ1bGVQYXJhbWV0ZXIgTmFtZT0iSW5kZXgiIFZhbHVlPSIwIiAvPg0KICAgICAgICAgICAgPFJ1bGVQYXJhbWV0ZXIgTmFtZT0iSWdub3JlQ2FzZSIgVmFsdWU9IkZhbHNlIiAvPg0KICAgICAgICAgICAgPFJ1bGVQYXJhbWV0ZXIgTmFtZT0iVXNlUmVndWxhckV4cHJlc3Npb24iIFZhbHVlPSJGYWxzZSIgLz4NCiAgICAgICAgICAgIDxSdWxlUGFyYW1ldGVyIE5hbWU9Ikh0bWxEZWNvZGUiIFZhbHVlPSJUcnVlIiAvPg0KICAgICAgICAgICAgPFJ1bGVQYXJhbWV0ZXIgTmFtZT0iUmVxdWlyZWQiIFZhbHVlPSJGYWxzZSIgLz4NCiAgICAgICAgICA8L1J1bGVQYXJhbWV0ZXJzPg0KICAgICAgICA8L0V4dHJhY3Rpb25SdWxlPg0KICAgICAgICA8RXh0cmFjdGlvblJ1bGUgQ2xhc3NuYW1lPSJNaWNyb3NvZnQuVmlzdWFsU3R1ZGlvLlRlc3RUb29scy5XZWJUZXN0aW5nLlJ1bGVzLkV4dHJhY3RUZXh0LCBNaWNyb3NvZnQuVmlzdWFsU3R1ZGlvLlF1YWxpdHlUb29scy5XZWJUZXN0RnJhbWV3b3JrLCBWZXJzaW9uPTEwLjAuMC4wLCBDdWx0dXJlPW5ldXRyYWwsIFB1YmxpY0tleVRva2VuPWIwM2Y1ZjdmMTFkNTBhM2EiIFZhcmlhYmxlTmFtZT0iUXVlcnlTdHJpbmdQYXJhbTIuT1RFbXBJRCIgRGlzcGxheU5hbWU9IiIgRGVzY3JpcHRpb249IiI+DQogICAgICAgICAgPFJ1bGVQYXJhbWV0ZXJzPg0KICAgICAgICAgICAgPFJ1bGVQYXJhbWV0ZXIgTmFtZT0iU3RhcnRzV2l0aCIgVmFsdWU9IiZhbXA7YW1wO09URW1wSUQ9IiAvPg0KICAgICAgICAgICAgPFJ1bGVQYXJhbWV0ZXIgTmFtZT0iRW5kc1dpdGgiIFZhbHVlPSImYW1wOyIgLz4NCiAgICAgICAgICAgIDxSdWxlUGFyYW1ldGVyIE5hbWU9IkluZGV4IiBWYWx1ZT0iMCIgLz4NCiAgICAgICAgICAgIDxSdWxlUGFyYW1ldGVyIE5hbWU9Iklnbm9yZUNhc2UiIFZhbHVlPSJGYWxzZSIgLz4NCiAgICAgICAgICAgIDxSdWxlUGFyYW1ldGVyIE5hbWU9IlVzZVJlZ3VsYXJFeHByZXNzaW9uIiBWYWx1ZT0iRmFsc2UiIC8+DQogICAgICAgICAgICA8UnVsZVBhcmFtZXRlciBOYW1lPSJIdG1sRGVjb2RlIiBWYWx1ZT0iVHJ1ZSIgLz4NCiAgICAgICAgICAgIDxSdWxlUGFyYW1ldGVyIE5hbWU9IlJlcXVpcmVkIiBWYWx1ZT0iRmFsc2UiIC8+DQogICAgICAgICAgPC9SdWxlUGFyYW1ldGVycz4NCiAgICAgICAgPC9FeHRyYWN0aW9uUnVsZT4NCiAgICAgICAgPEV4dHJhY3Rpb25SdWxlIENsYXNzbmFtZT0iTWljcm9zb2Z0LlZpc3VhbFN0dWRpby5UZXN0VG9vbHMuV2ViVGVzdGluZy5SdWxlcy5FeHRyYWN0VGV4dCwgTWljcm9zb2Z0LlZpc3VhbFN0dWRpby5RdWFsaXR5VG9vbHMuV2ViVGVzdEZyYW1ld29yaywgVmVyc2lvbj0xMC4wLjAuMCwgQ3VsdHVyZT1uZXV0cmFsLCBQdWJsaWNLZXlUb2tlbj1iMDNmNWY3ZjExZDUwYTNhIiBWYXJpYWJsZU5hbWU9IlF1ZXJ5U3RyaW5nUGFyYW0zLk9UU3RhcnREYXRlIiBEaXNwbGF5TmFtZT0iIiBEZXNjcmlwdGlvbj0iIj4NCiAgICAgICAgICA8UnVsZVBhcmFtZXRlcnM+DQogICAgICAgICAgICA8UnVsZVBhcmFtZXRlciBOYW1lPSJTdGFydHNXaXRoIiBWYWx1ZT0iJmFtcDthbXA7T1RTdGFydERhdGU9IiAvPg0KICAgICAgICAgICAgPFJ1bGVQYXJhbWV0ZXIgTmFtZT0iRW5kc1dpdGgiIFZhbHVlPSImYW1wOyIgLz4NCiAgICAgICAgICAgIDxSdWxlUGFyYW1ldGVyIE5hbWU9IkluZGV4IiBWYWx1ZT0iMCIgLz4NCiAgICAgICAgICAgIDxSdWxlUGFyYW1ldGVyIE5hbWU9Iklnbm9yZUNhc2UiIFZhbHVlPSJGYWxzZSIgLz4NCiAgICAgICAgICAgIDxSdWxlUGFyYW1ldGVyIE5hbWU9IlVzZVJlZ3VsYXJFeHByZXNzaW9uIiBWYWx1ZT0iRmFsc2UiIC8+DQogICAgICAgICAgICA8UnVsZVBhcmFtZXRlciBOYW1lPSJIdG1sRGVjb2RlIiBWYWx1ZT0iVHJ1ZSIgLz4NCiAgICAgICAgICAgIDxSdWxlUGFyYW1ldGVyIE5hbWU9IlJlcXVpcmVkIiBWYWx1ZT0iRmFsc2UiIC8+DQogICAgICAgICAgPC9SdWxlUGFyYW1ldGVycz4NCiAgICAgICAgPC9FeHRyYWN0aW9uUnVsZT4NCiAgICAgICAgPEV4dHJhY3Rpb25SdWxlIENsYXNzbmFtZT0iTWljcm9zb2Z0LlZpc3VhbFN0dWRpby5UZXN0VG9vbHMuV2ViVGVzdGluZy5SdWxlcy5FeHRyYWN0VGV4dCwgTWljcm9zb2Z0LlZpc3VhbFN0dWRpby5RdWFsaXR5VG9vbHMuV2ViVGVzdEZyYW1ld29yaywgVmVyc2lvbj0xMC4wLjAuMCwgQ3VsdHVyZT1uZXV0cmFsLCBQdWJsaWNLZXlUb2tlbj1iMDNmNWY3ZjExZDUwYTNhIiBWYXJpYWJsZU5hbWU9IlF1ZXJ5U3RyaW5nUGFyYW00Lk9URW5kRGF0ZSIgRGlzcGxheU5hbWU9IiIgRGVzY3JpcHRpb249IiI+DQogICAgICAgICAgPFJ1bGVQYXJhbWV0ZXJzPg0KICAgICAgICAgICAgPFJ1bGVQYXJhbWV0ZXIgTmFtZT0iU3RhcnRzV2l0aCIgVmFsdWU9IiZhbXA7YW1wO09URW5kRGF0ZT0iIC8+DQogICAgICAgICAgICA8UnVsZVBhcmFtZXRlciBOYW1lPSJFbmRzV2l0aCIgVmFsdWU9IiZhbXA7IiAvPg0KICAgICAgICAgICAgPFJ1bGVQYXJhbWV0ZXIgTmFtZT0iSW5kZXgiIFZhbHVlPSIwIiAvPg0KICAgICAgICAgICAgPFJ1bGVQYXJhbWV0ZXIgTmFtZT0iSWdub3JlQ2FzZSIgVmFsdWU9IkZhbHNlIiAvPg0KICAgICAgICAgICAgPFJ1bGVQYXJhbWV0ZXIgTmFtZT0iVXNlUmVndWxhckV4cHJlc3Npb24iIFZhbHVlPSJGYWxzZSIgLz4NCiAgICAgICAgICAgIDxSdWxlUGFyYW1ldGVyIE5hbWU9Ikh0bWxEZWNvZGUiIFZhbHVlPSJUcnVlIiAvPg0KICAgICAgICAgICAgPFJ1bGVQYXJhbWV0ZXIgTmFtZT0iUmVxdWlyZWQiIFZhbHVlPSJGYWxzZSIgLz4NCiAgICAgICAgICA8L1J1bGVQYXJhbWV0ZXJzPg0KICAgICAgICA8L0V4dHJhY3Rpb25SdWxlPg0KICAgICAgICA8RXh0cmFjdGlvblJ1bGUgQ2xhc3NuYW1lPSJNaWNyb3NvZnQuVmlzdWFsU3R1ZGlvLlRlc3RUb29scy5XZWJUZXN0aW5nLlJ1bGVzLkV4dHJhY3RUZXh0LCBNaWNyb3NvZnQuVmlzdWFsU3R1ZGlvLlF1YWxpdHlUb29scy5XZWJUZXN0RnJhbWV3b3JrLCBWZXJzaW9uPTEwLjAuMC4wLCBDdWx0dXJlPW5ldXRyYWwsIFB1YmxpY0tleVRva2VuPWIwM2Y1ZjdmMTFkNTBhM2EiIFZhcmlhYmxlTmFtZT0iUXVlcnlTdHJpbmdQYXJhbTUuT1RTdGFydFRpbWUiIERpc3BsYXlOYW1lPSIiIERlc2NyaXB0aW9uPSIiPg0KICAgICAgICAgIDxSdWxlUGFyYW1ldGVycz4NCiAgICAgICAgICAgIDxSdWxlUGFyYW1ldGVyIE5hbWU9IlN0YXJ0c1dpdGgiIFZhbHVlPSImYW1wO2FtcDtPVFN0YXJ0VGltZT0iIC8+DQogICAgICAgICAgICA8UnVsZVBhcmFtZXRlciBOYW1lPSJFbmRzV2l0aCIgVmFsdWU9IiZhbXA7IiAvPg0KICAgICAgICAgICAgPFJ1bGVQYXJhbWV0ZXIgTmFtZT0iSW5kZXgiIFZhbHVlPSIwIiAvPg0KICAgICAgICAgICAgPFJ1bGVQYXJhbWV0ZXIgTmFtZT0iSWdub3JlQ2FzZSIgVmFsdWU9IkZhbHNlIiAvPg0KICAgICAgICAgICAgPFJ1bGVQYXJhbWV0ZXIgTmFtZT0iVXNlUmVndWxhckV4cHJlc3Npb24iIFZhbHVlPSJGYWxzZSIgLz4NCiAgICAgICAgICAgIDxSdWxlUGFyYW1ldGVyIE5hbWU9Ikh0bWxEZWNvZGUiIFZhbHVlPSJUcnVlIiAvPg0KICAgICAgICAgICAgPFJ1bGVQYXJhbWV0ZXIgTmFtZT0iUmVxdWlyZWQiIFZhbHVlPSJGYWxzZSIgLz4NCiAgICAgICAgICA8L1J1bGVQYXJhbWV0ZXJzPg0KICAgICAgICA8L0V4dHJhY3Rpb25SdWxlPg0KICAgICAgICA8RXh0cmFjdGlvblJ1bGUgQ2xhc3NuYW1lPSJNaWNyb3NvZnQuVmlzdWFsU3R1ZGlvLlRlc3RUb29scy5XZWJUZXN0aW5nLlJ1bGVzLkV4dHJhY3RUZXh0LCBNaWNyb3NvZnQuVmlzdWFsU3R1ZGlvLlF1YWxpdHlUb29scy5XZWJUZXN0RnJhbWV3b3JrLCBWZXJzaW9uPTEwLjAuMC4wLCBDdWx0dXJlPW5ldXRyYWwsIFB1YmxpY0tleVRva2VuPWIwM2Y1ZjdmMTFkNTBhM2EiIFZhcmlhYmxlTmFtZT0iUXVlcnlTdHJpbmdQYXJhbTYuT1RFbmRUaW1lIiBEaXNwbGF5TmFtZT0iIiBEZXNjcmlwdGlvbj0iIj4NCiAgICAgICAgICA8UnVsZVBhcmFtZXRlcnM+DQogICAgICAgICAgICA8UnVsZVBhcmFtZXRlciBOYW1lPSJTdGFydHNXaXRoIiBWYWx1ZT0iJmFtcDthbXA7T1RFbmRUaW1lPSIgLz4NCiAgICAgICAgICAgIDxSdWxlUGFyYW1ldGVyIE5hbWU9IkVuZHNXaXRoIiBWYWx1ZT0iJmFtcDsiIC8+DQogICAgICAgICAgICA8UnVsZVBhcmFtZXRlciBOYW1lPSJJbmRleCIgVmFsdWU9IjAiIC8+DQogICAgICAgICAgICA8UnVsZVBhcmFtZXRlciBOYW1lPSJJZ25vcmVDYXNlIiBWYWx1ZT0iRmFsc2UiIC8+DQogICAgICAgICAgICA8UnVsZVBhcmFtZXRlciBOYW1lPSJVc2VSZWd1bGFyRXhwcmVzc2lvbiIgVmFsdWU9IkZhbHNlIiAvPg0KICAgICAgICAgICAgPFJ1bGVQYXJhbWV0ZXIgTmFtZT0iSHRtbERlY29kZSIgVmFsdWU9IlRydWUiIC8+DQogICAgICAgICAgICA8UnVsZVBhcmFtZXRlciBOYW1lPSJSZXF1aXJlZCIgVmFsdWU9IkZhbHNlIiAvPg0KICAgICAgICAgIDwvUnVsZVBhcmFtZXRlcnM+DQogICAgICAgIDwvRXh0cmFjdGlvblJ1bGU+DQogICAgICAgIDxFeHRyYWN0aW9uUnVsZSBDbGFzc25hbWU9Ik1pY3Jvc29mdC5WaXN1YWxTdHVkaW8uVGVzdFRvb2xzLldlYlRlc3RpbmcuUnVsZXMuRXh0cmFjdFRleHQsIE1pY3Jvc29mdC5WaXN1YWxTdHVkaW8uUXVhbGl0eVRvb2xzLldlYlRlc3RGcmFtZXdvcmssIFZlcnNpb249MTAuMC4wLjAsIEN1bHR1cmU9bmV1dHJhbCwgUHVibGljS2V5VG9rZW49YjAzZjVmN2YxMWQ1MGEzYSIgVmFyaWFibGVOYW1lPSJRdWVyeVN0cmluZ1BhcmFtNy5PVFR4bklEIiBEaXNwbGF5TmFtZT0iIiBEZXNjcmlwdGlvbj0iIj4NCiAgICAgICAgICA8UnVsZVBhcmFtZXRlcnM+DQogICAgICAgICAgICA8UnVsZVBhcmFtZXRlciBOYW1lPSJTdGFydHNXaXRoIiBWYWx1ZT0iJmFtcDthbXA7T1RUeG5JRD0iIC8+DQogICAgICAgICAgICA8UnVsZVBhcmFtZXRlciBOYW1lPSJFbmRzV2l0aCIgVmFsdWU9IiZhbXA7IiAvPg0KICAgICAgICAgICAgPFJ1bGVQYXJhbWV0ZXIgTmFtZT0iSW5kZXgiIFZhbHVlPSIwIiAvPg0KICAgICAgICAgICAgPFJ1bGVQYXJhbWV0ZXIgTmFtZT0iSWdub3JlQ2FzZSIgVmFsdWU9IkZhbHNlIiAvPg0KICAgICAgICAgICAgPFJ1bGVQYXJhbWV0ZXIgTmFtZT0iVXNlUmVndWxhckV4cHJlc3Npb24iIFZhbHVlPSJGYWxzZSIgLz4NCiAgICAgICAgICAgIDxSdWxlUGFyYW1ldGVyIE5hbWU9Ikh0bWxEZWNvZGUiIFZhbHVlPSJUcnVlIiAvPg0KICAgICAgICAgICAgPFJ1bGVQYXJhbWV0ZXIgTmFtZT0iUmVxdWlyZWQiIFZhbHVlPSJGYWxzZSIgLz4NCiAgICAgICAgICA8L1J1bGVQYXJhbWV0ZXJzPg0KICAgICAgICA8L0V4dHJhY3Rpb25SdWxlPg0KICAgICAgICA8RXh0cmFjdGlvblJ1bGUgQ2xhc3NuYW1lPSJNaWNyb3NvZnQuVmlzdWFsU3R1ZGlvLlRlc3RUb29scy5XZWJUZXN0aW5nLlJ1bGVzLkV4dHJhY3RUZXh0LCBNaWNyb3NvZnQuVmlzdWFsU3R1ZGlvLlF1YWxpdHlUb29scy5XZWJUZXN0RnJhbWV3b3JrLCBWZXJzaW9uPTEwLjAuMC4wLCBDdWx0dXJlPW5ldXRyYWwsIFB1YmxpY0tleVRva2VuPWIwM2Y1ZjdmMTFkNTBhM2EiIFZhcmlhYmxlTmFtZT0iUXVlcnlTdHJpbmdQYXJhbTguT1RGb3JtTk8iIERpc3BsYXlOYW1lPSIiIERlc2NyaXB0aW9uPSIiPg0KICAgICAgICAgIDxSdWxlUGFyYW1ldGVycz4NCiAgICAgICAgICAgIDxSdWxlUGFyYW1ldGVyIE5hbWU9IlN0YXJ0c1dpdGgiIFZhbHVlPSImYW1wO2FtcDtPVEZvcm1OTz0iIC8+DQogICAgICAgICAgICA8UnVsZVBhcmFtZXRlciBOYW1lPSJFbmRzV2l0aCIgVmFsdWU9IiZxdW90OyIgLz4NCiAgICAgICAgICAgIDxSdWxlUGFyYW1ldGVyIE5hbWU9IkluZGV4IiBWYWx1ZT0iMCIgLz4NCiAgICAgICAgICAgIDxSdWxlUGFyYW1ldGVyIE5hbWU9Iklnbm9yZUNhc2UiIFZhbHVlPSJGYWxzZSIgLz4NCiAgICAgICAgICAgIDxSdWxlUGFyYW1ldGVyIE5hbWU9IlVzZVJlZ3VsYXJFeHByZXNzaW9uIiBWYWx1ZT0iRmFsc2UiIC8+DQogICAgICAgICAgICA8UnVsZVBhcmFtZXRlciBOYW1lPSJIdG1sRGVjb2RlIiBWYWx1ZT0iVHJ1ZSIgLz4NCiAgICAgICAgICAgIDxSdWxlUGFyYW1ldGVyIE5hbWU9IlJlcXVpcmVkIiBWYWx1ZT0iRmFsc2UiIC8+DQogICAgICAgICAgPC9SdWxlUGFyYW1ldGVycz4NCiAgICAgICAgPC9FeHRyYWN0aW9uUnVsZT4NCiAgICAgICAgPEV4dHJhY3Rpb25SdWxlIENsYXNzbmFtZT0iTWljcm9zb2Z0LlZpc3VhbFN0dWRpby5UZXN0VG9vbHMuV2ViVGVzdGluZy5SdWxlcy5FeHRyYWN0Rm9ybUZpZWxkLCBNaWNyb3NvZnQuVmlzdWFsU3R1ZGlvLlF1YWxpdHlUb29scy5XZWJUZXN0RnJhbWV3b3JrLCBWZXJzaW9uPTEwLjAuMC4wLCBDdWx0dXJlPW5ldXRyYWwsIFB1YmxpY0tleVRva2VuPWIwM2Y1ZjdmMTFkNTBhM2EiIFZhcmlhYmxlTmFtZT0iRm9ybVBvc3RQYXJhbTUuYnRuRXhpdCIgRGlzcGxheU5hbWU9IiIgRGVzY3JpcHRpb249IiI+DQogICAgICAgICAgPFJ1bGVQYXJhbWV0ZXJzPg0KICAgICAgICAgICAgPFJ1bGVQYXJhbWV0ZXIgTmFtZT0iTmFtZSIgVmFsdWU9ImJ0bkV4aXQiIC8+DQogICAgICAgICAgICA8UnVsZVBhcmFtZXRlciBOYW1lPSJIdG1sRGVjb2RlIiBWYWx1ZT0iVHJ1ZSIgLz4NCiAgICAgICAgICAgIDxSdWxlUGFyYW1ldGVyIE5hbWU9IlJlcXVpcmVkIiBWYWx1ZT0iRmFsc2UiIC8+DQogICAgICAgICAgICA8UnVsZVBhcmFtZXRlciBOYW1lPSJJbmRleCIgVmFsdWU9IjAiIC8+DQogICAgICAgICAgPC9SdWxlUGFyYW1ldGVycz4NCiAgICAgICAgPC9FeHRyYWN0aW9uUnVsZT4NCiAgICAgICAgPEV4dHJhY3Rpb25SdWxlIENsYXNzbmFtZT0iTWljcm9zb2Z0LlZpc3VhbFN0dWRpby5UZXN0VG9vbHMuV2ViVGVzdGluZy5SdWxlcy5FeHRyYWN0Rm9ybUZpZWxkLCBNaWNyb3NvZnQuVmlzdWFsU3R1ZGlvLlF1YWxpdHlUb29scy5XZWJUZXN0RnJhbWV3b3JrLCBWZXJzaW9uPTEwLjAuMC4wLCBDdWx0dXJlPW5ldXRyYWwsIFB1YmxpY0tleVRva2VuPWIwM2Y1ZjdmMTFkNTBhM2EiIFZhcmlhYmxlTmFtZT0iRm9ybVBvc3RQYXJhbTYudWNEYXRlU3RhcnQkdHh0RGF0ZSIgRGlzcGxheU5hbWU9IiIgRGVzY3JpcHRpb249IiI+DQogICAgICAgICAgPFJ1bGVQYXJhbWV0ZXJzPg0KICAgICAgICAgICAgPFJ1bGVQYXJhbWV0ZXIgTmFtZT0iTmFtZSIgVmFsdWU9InVjRGF0ZVN0YXJ0X3R4dERhdGUiIC8+DQogICAgICAgICAgICA8UnVsZVBhcmFtZXRlciBOYW1lPSJIdG1sRGVjb2RlIiBWYWx1ZT0iVHJ1ZSIgLz4NCiAgICAgICAgICAgIDxSdWxlUGFyYW1ldGVyIE5hbWU9IlJlcXVpcmVkIiBWYWx1ZT0iRmFsc2UiIC8+DQogICAgICAgICAgICA8UnVsZVBhcmFtZXRlciBOYW1lPSJJbmRleCIgVmFsdWU9IjAiIC8+DQogICAgICAgICAgPC9SdWxlUGFyYW1ldGVycz4NCiAgICAgICAgPC9FeHRyYWN0aW9uUnVsZT4NCiAgICAgICAgPEV4dHJhY3Rpb25SdWxlIENsYXNzbmFtZT0iTWljcm9zb2Z0LlZpc3VhbFN0dWRpby5UZXN0VG9vbHMuV2ViVGVzdGluZy5SdWxlcy5FeHRyYWN0Rm9ybUZpZWxkLCBNaWNyb3NvZnQuVmlzdWFsU3R1ZGlvLlF1YWxpdHlUb29scy5XZWJUZXN0RnJhbWV3b3JrLCBWZXJzaW9uPTEwLjAuMC4wLCBDdWx0dXJlPW5ldXRyYWwsIFB1YmxpY0tleVRva2VuPWIwM2Y1ZjdmMTFkNTBhM2EiIFZhcmlhYmxlTmFtZT0iRm9ybVBvc3RQYXJhbTcudWNEYXRlRW5kJHR4dERhdGUiIERpc3BsYXlOYW1lPSIiIERlc2NyaXB0aW9uPSIiPg0KICAgICAgICAgIDxSdWxlUGFyYW1ldGVycz4NCiAgICAgICAgICAgIDxSdWxlUGFyYW1ldGVyIE5hbWU9Ik5hbWUiIFZhbHVlPSJ1Y0RhdGVFbmRfdHh0RGF0ZSIgLz4NCiAgICAgICAgICAgIDxSdWxlUGFyYW1ldGVyIE5hbWU9Ikh0bWxEZWNvZGUiIFZhbHVlPSJUcnVlIiAvPg0KICAgICAgICAgICAgPFJ1bGVQYXJhbWV0ZXIgTmFtZT0iUmVxdWlyZWQiIFZhbHVlPSJGYWxzZSIgLz4NCiAgICAgICAgICAgIDxSdWxlUGFyYW1ldGVyIE5hbWU9IkluZGV4IiBWYWx1ZT0iMCIgLz4NCiAgICAgICAgICA8L1J1bGVQYXJhbWV0ZXJzPg0KICAgICAgICA8L0V4dHJhY3Rpb25SdWxlPg0KICAgICAgICA8RXh0cmFjdGlvblJ1bGUgQ2xhc3NuYW1lPSJNaWNyb3NvZnQuVmlzdWFsU3R1ZGlvLlRlc3RUb29scy5XZWJUZXN0aW5nLlJ1bGVzLkV4dHJhY3RUZXh0LCBNaWNyb3NvZnQuVmlzdWFsU3R1ZGlvLlF1YWxpdHlUb29scy5XZWJUZXN0RnJhbWV3b3JrLCBWZXJzaW9uPTEwLjAuMC4wLCBDdWx0dXJlPW5ldXRyYWwsIFB1YmxpY0tleVRva2VuPWIwM2Y1ZjdmMTFkNTBhM2EiIFZhcmlhYmxlTmFtZT0iRm9ybVBvc3RQYXJhbTguZGRsU2FsYXJ5T3JBZGp1c3QiIERpc3BsYXlOYW1lPSIiIERlc2NyaXB0aW9uPSIiPg0KICAgICAgICAgIDxSdWxlUGFyYW1ldGVycz4NCiAgICAgICAgICAgIDxSdWxlUGFyYW1ldGVyIE5hbWU9IlN0YXJ0c1dpdGgiIFZhbHVlPSImcXVvdDsxJnF1b3Q7LCZxdW90OyIgLz4NCiAgICAgICAgICAgIDxSdWxlUGFyYW1ldGVyIE5hbWU9IkVuZHNXaXRoIiBWYWx1ZT0iJnF1b3Q7LCZxdW90OzMmcXVvdDsiIC8+DQogICAgICAgICAgICA8UnVsZVBhcmFtZXRlciBOYW1lPSJJbmRleCIgVmFsdWU9IjAiIC8+DQogICAgICAgICAgICA8UnVsZVBhcmFtZXRlciBOYW1lPSJJZ25vcmVDYXNlIiBWYWx1ZT0iRmFsc2UiIC8+DQogICAgICAgICAgICA8UnVsZVBhcmFtZXRlciBOYW1lPSJVc2VSZWd1bGFyRXhwcmVzc2lvbiIgVmFsdWU9IkZhbHNlIiAvPg0KICAgICAgICAgICAgPFJ1bGVQYXJhbWV0ZXIgTmFtZT0iSHRtbERlY29kZSIgVmFsdWU9IlRydWUiIC8+DQogICAgICAgICAgICA8UnVsZVBhcmFtZXRlciBOYW1lPSJSZXF1aXJlZCIgVmFsdWU9IkZhbHNlIiAvPg0KICAgICAgICAgIDwvUnVsZVBhcmFtZXRlcnM+DQogICAgICAgIDwvRXh0cmFjdGlvblJ1bGU+DQogICAgICAgIDxFeHRyYWN0aW9uUnVsZSBDbGFzc25hbWU9Ik1pY3Jvc29mdC5WaXN1YWxTdHVkaW8uVGVzdFRvb2xzLldlYlRlc3RpbmcuUnVsZXMuRXh0cmFjdFRleHQsIE1pY3Jvc29mdC5WaXN1YWxTdHVkaW8uUXVhbGl0eVRvb2xzLldlYlRlc3RGcmFtZXdvcmssIFZlcnNpb249MTAuMC4wLjAsIEN1bHR1cmU9bmV1dHJhbCwgUHVibGljS2V5VG9rZW49YjAzZjVmN2YxMWQ1MGEzYSIgVmFyaWFibGVOYW1lPSJGb3JtUG9zdFBhcmFtOS5PVFRpbWVTdGFydCRkZGxISCIgRGlzcGxheU5hbWU9IiIgRGVzY3JpcHRpb249IiI+DQogICAgICAgICAgPFJ1bGVQYXJhbWV0ZXJzPg0KICAgICAgICAgICAgPFJ1bGVQYXJhbWV0ZXIgTmFtZT0iU3RhcnRzV2l0aCIgVmFsdWU9Imx1ZT0mcXVvdDsiIC8+DQogICAgICAgICAgICA8UnVsZVBhcmFtZXRlciBOYW1lPSJFbmRzV2l0aCIgVmFsdWU9IiZxdW90OyZndDsyMiZsdDsiIC8+DQogICAgICAgICAgICA8UnVsZVBhcmFtZXRlciBOYW1lPSJJbmRleCIgVmFsdWU9IjQ1IiAvPg0KICAgICAgICAgICAgPFJ1bGVQYXJhbWV0ZXIgTmFtZT0iSWdub3JlQ2FzZSIgVmFsdWU9IkZhbHNlIiAvPg0KICAgICAgICAgICAgPFJ1bGVQYXJhbWV0ZXIgTmFtZT0iVXNlUmVndWxhckV4cHJlc3Npb24iIFZhbHVlPSJGYWxzZSIgLz4NCiAgICAgICAgICAgIDxSdWxlUGFyYW1ldGVyIE5hbWU9Ikh0bWxEZWNvZGUiIFZhbHVlPSJUcnVlIiAvPg0KICAgICAgICAgICAgPFJ1bGVQYXJhbWV0ZXIgTmFtZT0iUmVxdWlyZWQiIFZhbHVlPSJGYWxzZSIgLz4NCiAgICAgICAgICA8L1J1bGVQYXJhbWV0ZXJzPg0KICAgICAgICA8L0V4dHJhY3Rpb25SdWxlPg0KICAgICAgICA8RXh0cmFjdGlvblJ1bGUgQ2xhc3NuYW1lPSJNaWNyb3NvZnQuVmlzdWFsU3R1ZGlvLlRlc3RUb29scy5XZWJUZXN0aW5nLlJ1bGVzLkV4dHJhY3RUZXh0LCBNaWNyb3NvZnQuVmlzdWFsU3R1ZGlvLlF1YWxpdHlUb29scy5XZWJUZXN0RnJhbWV3b3JrLCBWZXJzaW9uPTEwLjAuMC4wLCBDdWx0dXJlPW5ldXRyYWwsIFB1YmxpY0tleVRva2VuPWIwM2Y1ZjdmMTFkNTBhM2EiIFZhcmlhYmxlTmFtZT0iRm9ybVBvc3RQYXJhbTEwLk9UVGltZVN0YXJ0JGRkbE1NIiBEaXNwbGF5TmFtZT0iIiBEZXNjcmlwdGlvbj0iIj4NCiAgICAgICAgICA8UnVsZVBhcmFtZXRlcnM+DQogICAgICAgICAgICA8UnVsZVBhcmFtZXRlciBOYW1lPSJTdGFydHNXaXRoIiBWYWx1ZT0ibHVlPSZxdW90OyIgLz4NCiAgICAgICAgICAgIDxSdWxlUGFyYW1ldGVyIE5hbWU9IkVuZHNXaXRoIiBWYWx1ZT0iJnF1b3Q7Jmd0OzAwJmx0OyIgLz4NCiAgICAgICAgICAgIDxSdWxlUGFyYW1ldGVyIE5hbWU9IkluZGV4IiBWYWx1ZT0iMjMiIC8+DQogICAgICAgICAgICA8UnVsZVBhcmFtZXRlciBOYW1lPSJJZ25vcmVDYXNlIiBWYWx1ZT0iRmFsc2UiIC8+DQogICAgICAgICAgICA8UnVsZVBhcmFtZXRlciBOYW1lPSJVc2VSZWd1bGFyRXhwcmVzc2lvbiIgVmFsdWU9IkZhbHNlIiAvPg0KICAgICAgICAgICAgPFJ1bGVQYXJhbWV0ZXIgTmFtZT0iSHRtbERlY29kZSIgVmFsdWU9IlRydWUiIC8+DQogICAgICAgICAgICA8UnVsZVBhcmFtZXRlciBOYW1lPSJSZXF1aXJlZCIgVmFsdWU9IkZhbHNlIiAvPg0KICAgICAgICAgIDwvUnVsZVBhcmFtZXRlcnM+DQogICAgICAgIDwvRXh0cmFjdGlvblJ1bGU+DQogICAgICAgIDxFeHRyYWN0aW9uUnVsZSBDbGFzc25hbWU9Ik1pY3Jvc29mdC5WaXN1YWxTdHVkaW8uVGVzdFRvb2xzLldlYlRlc3RpbmcuUnVsZXMuRXh0cmFjdFRleHQsIE1pY3Jvc29mdC5WaXN1YWxTdHVkaW8uUXVhbGl0eVRvb2xzLldlYlRlc3RGcmFtZXdvcmssIFZlcnNpb249MTAuMC4wLjAsIEN1bHR1cmU9bmV1dHJhbCwgUHVibGljS2V5VG9rZW49YjAzZjVmN2YxMWQ1MGEzYSIgVmFyaWFibGVOYW1lPSJGb3JtUG9zdFBhcmFtMTEuT1RUaW1lRW5kJGRkbEhIIiBEaXNwbGF5TmFtZT0iIiBEZXNjcmlwdGlvbj0iIj4NCiAgICAgICAgICA8UnVsZVBhcmFtZXRlcnM+DQogICAgICAgICAgICA8UnVsZVBhcmFtZXRlciBOYW1lPSJTdGFydHNXaXRoIiBWYWx1ZT0ibHVlPSZxdW90OyIgLz4NCiAgICAgICAgICAgIDxSdWxlUGFyYW1ldGVyIE5hbWU9IkVuZHNXaXRoIiBWYWx1ZT0iJnF1b3Q7Jmd0OzIzJmx0OyIgLz4NCiAgICAgICAgICAgIDxSdWxlUGFyYW1ldGVyIE5hbWU9IkluZGV4IiBWYWx1ZT0iNDYiIC8+DQogICAgICAgICAgICA8UnVsZVBhcmFtZXRlciBOYW1lPSJJZ25vcmVDYXNlIiBWYWx1ZT0iRmFsc2UiIC8+DQogICAgICAgICAgICA8UnVsZVBhcmFtZXRlciBOYW1lPSJVc2VSZWd1bGFyRXhwcmVzc2lvbiIgVmFsdWU9IkZhbHNlIiAvPg0KICAgICAgICAgICAgPFJ1bGVQYXJhbWV0ZXIgTmFtZT0iSHRtbERlY29kZSIgVmFsdWU9IlRydWUiIC8+DQogICAgICAgICAgICA8UnVsZVBhcmFtZXRlciBOYW1lPSJSZXF1aXJlZCIgVmFsdWU9IkZhbHNlIiAvPg0KICAgICAgICAgIDwvUnVsZVBhcmFtZXRlcnM+DQogICAgICAgIDwvRXh0cmFjdGlvblJ1bGU+DQogICAgICAgIDxFeHRyYWN0aW9uUnVsZSBDbGFzc25hbWU9Ik1pY3Jvc29mdC5WaXN1YWxTdHVkaW8uVGVzdFRvb2xzLldlYlRlc3RpbmcuUnVsZXMuRXh0cmFjdFRleHQsIE1pY3Jvc29mdC5WaXN1YWxTdHVkaW8uUXVhbGl0eVRvb2xzLldlYlRlc3RGcmFtZXdvcmssIFZlcnNpb249MTAuMC4wLjAsIEN1bHR1cmU9bmV1dHJhbCwgUHVibGljS2V5VG9rZW49YjAzZjVmN2YxMWQ1MGEzYSIgVmFyaWFibGVOYW1lPSJGb3JtUG9zdFBhcmFtMTIuT1RUaW1lRW5kJGRkbE1NIiBEaXNwbGF5TmFtZT0iIiBEZXNjcmlwdGlvbj0iIj4NCiAgICAgICAgICA8UnVsZVBhcmFtZXRlcnM+DQogICAgICAgICAgICA8UnVsZVBhcmFtZXRlciBOYW1lPSJTdGFydHNXaXRoIiBWYWx1ZT0ibHVlPSZxdW90OyIgLz4NCiAgICAgICAgICAgIDxSdWxlUGFyYW1ldGVyIE5hbWU9IkVuZHNXaXRoIiBWYWx1ZT0iJnF1b3Q7Jmd0OzAwJmx0OyIgLz4NCiAgICAgICAgICAgIDxSdWxlUGFyYW1ldGVyIE5hbWU9IkluZGV4IiBWYWx1ZT0iMjMiIC8+DQogICAgICAgICAgICA8UnVsZVBhcmFtZXRlciBOYW1lPSJJZ25vcmVDYXNlIiBWYWx1ZT0iRmFsc2UiIC8+DQogICAgICAgICAgICA8UnVsZVBhcmFtZXRlciBOYW1lPSJVc2VSZWd1bGFyRXhwcmVzc2lvbiIgVmFsdWU9IkZhbHNlIiAvPg0KICAgICAgICAgICAgPFJ1bGVQYXJhbWV0ZXIgTmFtZT0iSHRtbERlY29kZSIgVmFsdWU9IlRydWUiIC8+DQogICAgICAgICAgICA8UnVsZVBhcmFtZXRlciBOYW1lPSJSZXF1aXJlZCIgVmFsdWU9IkZhbHNlIiAvPg0KICAgICAgICAgIDwvUnVsZVBhcmFtZXRlcnM+DQogICAgICAgIDwvRXh0cmFjdGlvblJ1bGU+DQogICAgICAgIDxFeHRyYWN0aW9uUnVsZSBDbGFzc25hbWU9Ik1pY3Jvc29mdC5WaXN1YWxTdHVkaW8uVGVzdFRvb2xzLldlYlRlc3RpbmcuUnVsZXMuRXh0cmFjdFRleHQsIE1pY3Jvc29mdC5WaXN1YWxTdHVkaW8uUXVhbGl0eVRvb2xzLldlYlRlc3RGcmFtZXdvcmssIFZlcnNpb249MTAuMC4wLjAsIEN1bHR1cmU9bmV1dHJhbCwgUHVibGljS2V5VG9rZW49YjAzZjVmN2YxMWQ1MGEzYSIgVmFyaWFibGVOYW1lPSJGb3JtUG9zdFBhcmFtMTMuZGRsT1RUeXBlSUQiIERpc3BsYXlOYW1lPSIiIERlc2NyaXB0aW9uPSIiPg0KICAgICAgICAgIDxSdWxlUGFyYW1ldGVycz4NCiAgICAgICAgICAgIDxSdWxlUGFyYW1ldGVyIE5hbWU9IlN0YXJ0c1dpdGgiIFZhbHVlPSImcXVvdDswJnF1b3Q7LCZxdW90OyIgLz4NCiAgICAgICAgICAgIDxSdWxlUGFyYW1ldGVyIE5hbWU9IkVuZHNXaXRoIiBWYWx1ZT0iJnF1b3Q7LCZxdW90OzImcXVvdDsiIC8+DQogICAgICAgICAgICA8UnVsZVBhcmFtZXRlciBOYW1lPSJJbmRleCIgVmFsdWU9IjAiIC8+DQogICAgICAgICAgICA8UnVsZVBhcmFtZXRlciBOYW1lPSJJZ25vcmVDYXNlIiBWYWx1ZT0iRmFsc2UiIC8+DQogICAgICAgICAgICA8UnVsZVBhcmFtZXRlciBOYW1lPSJVc2VSZWd1bGFyRXhwcmVzc2lvbiIgVmFsdWU9IkZhbHNlIiAvPg0KICAgICAgICAgICAgPFJ1bGVQYXJhbWV0ZXIgTmFtZT0iSHRtbERlY29kZSIgVmFsdWU9IlRydWUiIC8+DQogICAgICAgICAgICA8UnVsZVBhcmFtZXRlciBOYW1lPSJSZXF1aXJlZCIgVmFsdWU9IkZhbHNlIiAvPg0KICAgICAgICAgIDwvUnVsZVBhcmFtZXRlcnM+DQogICAgICAgIDwvRXh0cmFjdGlvblJ1bGU+DQogICAgICA8L0NvcnJlbGF0aW9uRXh0cmFjdGlvblJ1bGVzPg0KICAgICAgPFF1ZXJ5U3RyaW5nUGFyYW1ldGVycz4NCiAgICAgICAgPFF1ZXJ5U3RyaW5nUGFyYW1ldGVyIE5hbWU9Ik9UQ29tcElEIiBWYWx1ZT0iU1BIQksxIiBSZWNvcmRlZFZhbHVlPSJTUEhCSzEiIENvcnJlbGF0aW9uQmluZGluZz0ie3tRdWVyeVN0cmluZ1BhcmFtOS5PVENvbXBJRH19IiBVcmxFbmNvZGU9IkZhbHNlIiBVc2VUb0dyb3VwUmVzdWx0cz0iRmFsc2UiIC8+DQogICAgICAgIDxRdWVyeVN0cmluZ1BhcmFtZXRlciBOYW1lPSJPVEVtcElEIiBWYWx1ZT0iMTAyMDk5IiBSZWNvcmRlZFZhbHVlPSIxMDIwOTkiIENvcnJlbGF0aW9uQmluZGluZz0ie3tRdWVyeVN0cmluZ1BhcmFtMTAuT1RFbXBJRH19IiBVcmxFbmNvZGU9IkZhbHNlIiBVc2VUb0dyb3VwUmVzdWx0cz0iRmFsc2UiIC8+DQogICAgICAgIDxRdWVyeVN0cmluZ1BhcmFtZXRlciBOYW1lPSJPVFN0YXJ0RGF0ZSIgVmFsdWU9IjIwMTclMmYwNCUyZjE2IiBSZWNvcmRlZFZhbHVlPSIyMDE3JTJmMDQlMmYxNiIgQ29ycmVsYXRpb25CaW5kaW5nPSJ7e1F1ZXJ5U3RyaW5nUGFyYW0xMS5PVFN0YXJ0RGF0ZX19IiBVcmxFbmNvZGU9IkZhbHNlIiBVc2VUb0dyb3VwUmVzdWx0cz0iRmFsc2UiIC8+DQogICAgICAgIDxRdWVyeVN0cmluZ1BhcmFtZXRlciBOYW1lPSJPVEVuZERhdGUiIFZhbHVlPSIyMDE3JTJmMDQlMmYxNiIgUmVjb3JkZWRWYWx1ZT0iMjAxNyUyZjA0JTJmMTYiIENvcnJlbGF0aW9uQmluZGluZz0ie3tRdWVyeVN0cmluZ1BhcmFtMTIuT1RFbmREYXRlfX0iIFVybEVuY29kZT0iRmFsc2UiIFVzZVRvR3JvdXBSZXN1bHRzPSJGYWxzZSIgLz4NCiAgICAgICAgPFF1ZXJ5U3RyaW5nUGFyYW1ldGVyIE5hbWU9Ik9UU3RhcnRUaW1lIiBWYWx1ZT0iMjIwMCIgUmVjb3JkZWRWYWx1ZT0iMjIwMCIgQ29ycmVsYXRpb25CaW5kaW5nPSJ7e1F1ZXJ5U3RyaW5nUGFyYW0xMy5PVFN0YXJ0VGltZX19IiBVcmxFbmNvZGU9IkZhbHNlIiBVc2VUb0dyb3VwUmVzdWx0cz0iRmFsc2UiIC8+DQogICAgICAgIDxRdWVyeVN0cmluZ1BhcmFtZXRlciBOYW1lPSJPVEVuZFRpbWUiIFZhbHVlPSIyMzAwIiBSZWNvcmRlZFZhbHVlPSIyMzAwIiBDb3JyZWxhdGlvbkJpbmRpbmc9Int7UXVlcnlTdHJpbmdQYXJhbTE0Lk9URW5kVGltZX19IiBVcmxFbmNvZGU9IkZhbHNlIiBVc2VUb0dyb3VwUmVzdWx0cz0iRmFsc2UiIC8+DQogICAgICAgIDxRdWVyeVN0cmluZ1BhcmFtZXRlciBOYW1lPSJPVFR4bklEIiBWYWx1ZT0iU1BIQksxMTAyMDk5MjAxNzA0MTYwNSIgUmVjb3JkZWRWYWx1ZT0iU1BIQksxMTAyMDk5MjAxNzA0MTYwNSIgQ29ycmVsYXRpb25CaW5kaW5nPSJ7e1F1ZXJ5U3RyaW5nUGFyYW0xNS5PVFR4bklEfX0iIFVybEVuY29kZT0iRmFsc2UiIFVzZVRvR3JvdXBSZXN1bHRzPSJGYWxzZSIgLz4NCiAgICAgICAgPFF1ZXJ5U3RyaW5nUGFyYW1ldGVyIE5hbWU9Ik9URm9ybU5PIiBWYWx1ZT0iMjAxNzA0MTcwMjEwMjA5OSIgUmVjb3JkZWRWYWx1ZT0iMjAxNzA0MTcwMjEwMjA5OSIgQ29ycmVsYXRpb25CaW5kaW5nPSJ7e1F1ZXJ5U3RyaW5nUGFyYW0xNi5PVEZvcm1OT319IiBVcmxFbmNvZGU9IkZhbHNlIiBVc2VUb0dyb3VwUmVzdWx0cz0iRmFsc2UiIC8+DQogICAgICA8L1F1ZXJ5U3RyaW5nUGFyYW1ldGVycz4NCiAgICAgIDxGb3JtUG9zdEh0dHBCb2R5Pg0KICAgICAgICA8Rm9ybVBvc3RQYXJhbWV0ZXIgTmFtZT0iVG9vbGtpdFNjcmlwdE1hbmFnZXIxX0hpZGRlbkZpZWxkIiBWYWx1ZT0ie3skSElEREVOMS5Ub29sa2l0U2NyaXB0TWFuYWdlcjFfSGlkZGVuRmllbGR9fSIgUmVjb3JkZWRWYWx1ZT0iIiBDb3JyZWxhdGlvbkJpbmRpbmc9IiIgVXJsRW5jb2RlPSJUcnVlIiAvPg0KICAgICAgICA8Rm9ybVBvc3RQYXJhbWV0ZXIgTmFtZT0iX19FVkVOVFRBUkdFVCIgVmFsdWU9Int7JEhJRERFTjEuX19FVkVOVFRBUkdFVH19IiBSZWNvcmRlZFZhbHVlPSIiIENvcnJlbGF0aW9uQmluZGluZz0iIiBVcmxFbmNvZGU9IlRydWUiIC8+DQogICAgICAgIDxGb3JtUG9zdFBhcmFtZXRlciBOYW1lPSJfX0VWRU5UQVJHVU1FTlQiIFZhbHVlPSJ7eyRISURERU4xLl9fRVZFTlRBUkdVTUVOVH19IiBSZWNvcmRlZFZhbHVlPSIiIENvcnJlbGF0aW9uQmluZGluZz0iIiBVcmxFbmNvZGU9IlRydWUiIC8+DQogICAgICAgIDxGb3JtUG9zdFBhcmFtZXRlciBOYW1lPSJfX0xBU1RGT0NVUyIgVmFsdWU9Int7JEhJRERFTjEuX19MQVNURk9DVVN9fSIgUmVjb3JkZWRWYWx1ZT0iIiBDb3JyZWxhdGlvbkJpbmRpbmc9IiIgVXJsRW5jb2RlPSJUcnVlIiAvPg0KICAgICAgICA8Rm9ybVBvc3RQYXJhbWV0ZXIgTmFtZT0iX19WU1RBVEUiIFZhbHVlPSJ7eyRISURERU4xLl9fVlNUQVRFfX0iIFJlY29yZGVkVmFsdWU9IkFSK0xDQUFBQUFBQUJBRHRHbXR6RzlVMXVyYjhpaE5uTW8xRG1uUzFjUXFPQjB2YVhhMGtTN1pGYmNmQmJ1TElSQ0poSmpDYXRmWmFXcnphRmJzcjJ4cUdhV2dua0NHa2hPSFZOTFNVS1NtdmhxWmxDaVlFMnAvUTZmUkR2OWZ5NDFOL0FqMzM3dXBoMllaQUk2YnRWQm12OXA1NzdqbjNudmU1eWhldXJudGNiaWFWR3RNMXk5QlY4elIrb3FBWWVGbzNyVkVwUFhjQ0YxT3BicGQ3WnpvN040VWw5YmdxWmJyY0hmeEFtQXNGeFFFKzFOWGR6N1Rtc0dsS0dZeVo1bFFDTDdwZEF0T2JtZ2JBcERrbEtab0ZmNGswRUZlQnFtSXB1aGJYeXZRelRFY3FuaHpYNUdPU2hkMGRBc2VIL1p6bzUwTk1TMm84bDU4ODVtN2hPWUdMUkpoT3dFdFlrbUVsbFJ4Mk53c0N4ekd0S1VQUzVnQUpjUVBNUG9mbFF3VnNGQk9Xb1dpWmszb215N1RCd3VTaUJsamRpZW1KMFJPOFRaQ3c0a1EreEFVWnQyUlo2YXpiWjJIVHNpY0hRbUo0SmpUTGU4VlpMZ1FQUHVTTjhBTG5sZVYwSUJpV2dtSmtBRE83SFliSGRTTkhPZTFNbmRXTnVZUmlZV0RXRklRTnRwRkQwS01kNElHbFArVG5PWFo1NmJuUzVZc3NMMFE1TGtwUElWdlRraUVKUzRkMnVIYnMyUEVGZk1nMytYUWllSnhLRkUwTDUzeEFTT3BuejJEREJCa09pejZPL090bnh3cXFWVER3c0lZTGxpR3AvZXgwWVVaVjBxQzZwRDZIdGVHWk1PdzRIUXp4a1lDSXVZR0lteERmVjBPVFBwTFNqSXFiWU9aQVplUTdqWE82QlhKMFdMWS9rbE1UNlN6T1NUdmg3Wmd5Ty91Z0llV2FYSzdkRGpFSGoreTVuWkJxYVliSEozdUhIbGpNcWV5OHMrOGUzc2Yxc0ZoTDZ6S1FIdTRwV0xOZVB0VHpRR3hYeDlDaUdUVXBBeFpXYU9ad1Q0LzlFbDJFOTZ4bDVhTisvOExDZ204aDROT05qQjlzZ1BjL01uWFMzbFFaTjJmS2NBSWdiR2dPTmRPYlU4QUFUWDNXOHFiMVhCVHd2RFpXRDNCbFdjSVhxemlITll2VnBCd2U3cUhuNSsxWmV4N1c1Vlc4bUN6bXNRTzE0U1k0REJ5bUN0eUszSWc4TDZYeEtNNG9XZzlyQVluaEhyS1VHbWtQYTI4bENzYWR3ZFlwV0dEbUFac2NQcWRvOFhTNllNRHBRV2IrcitRQit3QmZhaGlMWXppdGdxRVNGMjdzV1k1SnhaTktUckVtOUlKeDZsdmhNdEZ3TGlSME5vekpGSVR2Yk9VdzN3S2JocDRtbnB3cW1OWllGcWZuR3NpRG5nTzAwMmdXalZVOEpHV1NFUnZuSldVT2pmTVF5SkduYVI1dkdJY3prcXJJRGVZeElqOE9SdHRnSmdrSkFuQXhib3dRWGcwK3lxUTJUOFJHeXBlN3dtbkl2emxkVWxoOWFxVkFaMGZiNUdlTGxsVlNBbHVWblV5YURnUm1qUUt1d0VrSldpbHBLcG05UFB1d2ljY0toZ0dVVCtwcGlTRFF4WGVRK05OWlhVbmp1dFBtcE1YeXFLRE42QVZOeG5KVkJuZHlXbHRLdEd5SnRiaWhmdnByNjVBTXBWYkdpTnBmVXU2YjFEbk9HcHZFVjYwcE0vTE9PeVhRVUZYZTVhUFljbVNkclNseVdiSlYwUnI2UXR5UXNVRUY0K0JsSlhNc0sya1pEQUpTTkJNYkZzaW5LdGFhT2lrV2lRejVhOGNia094Q0p5WndObzR6cktEVUZ5cVUyQ1pnRmIyMjNJaUpnTG9Cc0NYZVJJd1hOaUpPYkVZa29UL0dWZEhvdUlLMU1Xbkh4TkNRdnc2MEJXcVpaQjJrZ2xtVE93bGE3YkFHcDV6N1ltR0NVaG5WWTFEU2ZBV2xidnZsMUJNTGtQMVVScHNRSm1LaEdvUWFNVlVDZjR3SC9WUkhGWVNhdUIzalFUeTE0eHA3cUFaZVNtZ0RvSUsySVhTU1EyMEUxSkdyQ1g0eDJwWHlnai9BbFduWHpwWmQyeloveDZVMytNdVF2ODZCWTgya082cnJta2l2MUpLYWtoN1hEZmhTTlBJMVdsQlV1VDExR3M4ckJJVjBoRzN3UVU1MytJWHoyY20wUTVOTCt0QlRjZmNlcDdNTmMwSjk2N3lweVhhYWI2ZWxEa0F6U2dpTjZYYm5iYmZMMEluRGN2d0VaZzQ3RGU5SXdkSkg4bm0xT0o2YndUS0JqWm5tbUNxWlpvYnBLamYrbUVUY0RFRGFVeU9XSmFXelFQRnJkdGpkQ0RWMXlkMUQ4T3pxUnREZ24xUXlXV3RVWHh3MXNEUTNyaEdCeTFtNUc4MENWak55VWF6V015QXFtTWpLTW5KVFNITVNMMXJ1ZmV2bm4xNjkrZG55MG8xLzNuNSs3ZjFMcSs5Y0xuMytQQ0R0b2tpNzR0cVlxa0FJaG1kNnp2MmFTOWJUQlJLU2ZaRGV4dTNvUEZxY2xJLzJGdExsYmFSa1piNzhQcTNuUjNXNTJOdm5NNjBpdE02eVl1WlZxVGpjMnp2NDlTbkZvVmVHeFZzU2s5RitzbUhQUGU3T2xadExhNysvc3Y3YytiVTN5VUVPT3ZDdTVWdTNTczlkVy92dzJaVmJWOWF1dmdKVG52TFUycXZ2clYvNDdlcHZYaWhkZkhmMTdSZGg2b2d6NWR5ekFPUmVCOUs2OXRIVmVPbjh1d0RxYzBCN2JLUi9uRDlmbmZOMjdaRmhGcmtRNmtaN1pEbEQvcnBoSkNNL1hiWS9BMWc4dkRZRGhZNnFNOWtUWVpqb1lIYW1pRzBTQzVZc2QyY1JQby82cDZZZTljc3kyR2pGZGx0Mi9GbDUvdHJmL3RKR0xsYnNPeU1BalRaN2J2eTlEVWhNbXFleEpNYzF0VWh1ZlpLNkR2RW03L2FlVy8vMGx5c3ZQZmNZVzNyeGR1bUY5MWRldTc1eTdSa3dnblByMTY1UytNclNoZldyYjVVdXZGMzY0QlBia0dSeW5xNDk1SnRwMWJVMHRZbmt3NWFpcHNheWM2Q2twSjdKcUppYW1xSXFWcEVvazJ5SGJqV1Z6czVWcDNyNzJRMlRvR29TR2tiQWhudjdRSjh5UXNRQTNWVFZiZytvM2xLZ0V2RkNnTWxvVVV2UEQ4NVhhRVVISFR0dnE0alNkdVJPNHBQVlM3VTlZMUxCeENZTmx6VGhaWmpXYnlZUDJGbUhyc2t6cWkyRDNWWldNWDBRL0FxWVdpTzRabmNMMDdLbDR0bzM2VzJDYWExVDI0U01Cb2tCZUw2N2NiSG5ZRVhYbmtNVkhYdStsL1V3LzY1Q1BSNzM5QjFvRWphNm5SN0oxTlphOUxEZlVJR2V3eGxQVDhaejVHdHJ4L1A5clhYaXViZE9vUGRWbE9EcHJaSCtBOFF2SVVOTW1vbEVPYUtDbUxlUzJwZmJmenhKc3NnMjlsODd1Vmx5VFhjb3VSYTZHVGdiRVJhNWJqMU1DSTJTS2pzajc5bDNvQjNDK3ZyVFN5c3ZQWXM0RG5FODRnVEVCUkFuSWk2SXVCRGl3b2diUUZ3RThSemllY1FMaUE4Z1hrUjhFUEVoeEljUlA0RDRDQkk0SlBCSUVKQVFhQVRONzl6ZmRDQ3ozUWZpNW42U3Q2ckg5UFNSc3czZi9YMGdRVVJDRUFraEpJU1JNSUNFQ0Fwd0tNQ2pnSUFDQVJRUVVTQ0lBaUVVQ0tQQUFBcEVrTWdoa1VlaWdNUUFFa1VrQnBFWVFtSVlpUU5JaktBZ2g0SThDZ29vR0VCQkVRV0RLQmhDd1RBS0RxQmc1TDk5LzZDejRXMTFkaWNmMEt0TFJ1MlFLdVh1SFRJYXFTYkdjWm9ZajI3bmRGOGVxbXkvMmpKVVZhZnVsc1BabHZnLzRtWDMvTi9ML3VQMmY3ZTk3TUdxbDUxd0N0Z20zc2ZCTUc0UE1idytSS3dBcWp6YUlwTjJnampJV2FkYWRYR2tZbkg2REJtZHF4Sjh6SDREWDBYT1d4dnBRcUFWc1JuVjVIYkFkdFZPdWJ5MFdxaUhOTlZDbkgxSzFFU1ozY1IvejVBRWYxekJxdXh1SHRObHpPeWl0MXJRMjlqQWRnSWNJemR4dGpGMzdvVXkzY3Q2S3lZQjc1M3JGeTZYcmx3czNieTQ4dWJGbHRLRmo1WS9mYlZsNWZXZnJOMjQyVkk2ZjN2MWhSdmRwUTl2UXMzaFgzbjlZdW5XSy9DMitzY3JwYVVQTytHdmRPa3FkQk9yVjU3WnUvYnNlOUJ5ckx4eGZlVlhTOHVmdmI1eS9jYmUwaHNmQTJqNTgwdGs0dm9Od04xckk2Kys5L1RxMWR2THR5NHRmL3BSSjB5dVhieTg5dXRmTFAvcEF6ZHRCdmQxdWpnWFdDTG5FbHdCbCtnS3VrS3VzR3ZBRldtQkFNWnhQTmhFWjYyS1FTZ1laSFNJT1FpdDh1SkpyR1dzN0NraUEyaXlUTHVEbXp5R29meWZoQkdXakN4OXBiTlpabmVLaUN1UlZXYXRFNG9tNyt6N1VRTDY3R2twN1R1TFo4WVg4d1kyVFI5MHZ6bGQ4NUc0ZS84RzlINTJXK3pxcjdKaFg4QVg0SDM4Vi84c3F4VlVkUWR6S0hVTW1ydHh6Y0lHbHMvcWhtekdaeDZ2bnFNamRSWUtUbU5LTXVZd2ROS2t3OGtBNnl5dGhER3QyMGJTbGpLUEo2ZkdTYXRkYnNUSnlzbnlqL2xaWm0vSzd0cVQrc1A1UERiR0pCTm5hY00wRGJnTHdIWEwzUFBvbCtZZWE5R0tKNkhoTW5WdEN1ZjB6Um1vSG1IYlBCU2FWWFhKaXFwNDFocDBXdDJvb3FtS2hyMHpxcDZlRzh4TE12bXRPTXB0VEU5dGRpWE50RlhiUHZkWlJiYXlCKzNya2VJUHlDL2RURnRWS00ycHc0bFI5R05rdDNWenVGakl1MytHYVAxc0taWks2MmRsbGoxYXJhaDlLalV4TmpiTUNoekgzbmNmVzUxakR3K3p2YjE5VDdJZGJDMTB1R2JnTXdzejlvMzVVYTZmVU9nYlpEdWVHdXlZbHd4V1R5NWFnTHp0OVVDOS9GUnBoc2p2SVpCdUg5MGxKUUI3SUpiVTl5UVorUlJOd3dheFdpQnMveDhJM3l6dHpZNytNSkdhTWpQVTJpYTFmTUVDNzZIbTFzOXVPcXl6MGFka2V2SFM3Qm5jSUUvUE1EcVA2T1dLYlMxMndOcC9ydlRXMjZYZnZiLyswMWRMSC96OHNkTEhmeWk5OHNicXkrOVFCYi9zS211UUZmS0xMTS9Cby93eXlLWjFWVGVpUnppT0cyUm5TUHRxa0lvK3loNDVmbng4WUNRMHlNN3FtdVZkd09SK0pNck82S29NZURxNVdZNnlQRkF4ZGVoeVdSbGNKR05JeFVGMklhdFkyRXQvam9peW1yNWdTUG55QXE4aHlVckJqTElCWUN5ajFtbzgxOHVoV0lTQldZN0NvaThNdzRYeWtQTUZZUGhrZFVoaTlBWGJiWnE3cU5ldzdsMWxFOVowRFEvSy93SzFyL0FZWWlNQUFBPT0iIENvcnJlbGF0aW9uQmluZGluZz0iIiBVcmxFbmNvZGU9IlRydWUiIC8+DQogICAgICAgIDxGb3JtUG9zdFBhcmFtZXRlciBOYW1lPSJfX1ZJRVdTVEFURSIgVmFsdWU9Int7JEhJRERFTjEuX19WSUVXU1RBVEV9fSIgUmVjb3JkZWRWYWx1ZT0iIiBDb3JyZWxhdGlvbkJpbmRpbmc9IiIgVXJsRW5jb2RlPSJUcnVlIiAvPg0KICAgICAgICA8Rm9ybVBvc3RQYXJhbWV0ZXIgTmFtZT0iX19TQ1JPTExQT1NJVElPTlgiIFZhbHVlPSJ7eyRISURERU4xLl9fU0NST0xMUE9TSVRJT05YfX0iIFJlY29yZGVkVmFsdWU9IjAiIENvcnJlbGF0aW9uQmluZGluZz0iIiBVcmxFbmNvZGU9IlRydWUiIC8+DQogICAgICAgIDxGb3JtUG9zdFBhcmFtZXRlciBOYW1lPSJfX1NDUk9MTFBPU0lUSU9OWSIgVmFsdWU9Int7JEhJRERFTjEuX19TQ1JPTExQT1NJVElPTll9fSIgUmVjb3JkZWRWYWx1ZT0iMCIgQ29ycmVsYXRpb25CaW5kaW5nPSIiIFVybEVuY29kZT0iVHJ1ZSIgLz4NCiAgICAgICAgPEZvcm1Qb3N0UGFyYW1ldGVyIE5hbWU9Il9fRVZFTlRWQUxJREFUSU9OIiBWYWx1ZT0ie3skSElEREVOMS5fX0VWRU5UVkFMSURBVElPTn19IiBSZWNvcmRlZFZhbHVlPSIvd0VkQU5vQnIxVnc5YUdCQzNyM2pLOUx4d3BtRDZWNzgzMXFGbzlSRzBZcThXYmZBK2VoNCtlbVo0K3ArSFlmbTc3TDlKN29EL2hwdnVYbk43TmxvTjJ0RDA1YUNqem1sdGFVTTdhRUFOK2c5Y1AvbTEweno3NVBPRWN2Q2s5RnBjclNxRy9FK1dLZWlYUlZqRFFScTM2WU40VnpUWFhjZG8wS1lvOWZDMUlnd20rV25Dcko0WTRzK1gzaTdicFdaSktxbGVqMWxNWHlXR2lNZi9kc3RzZCt6ZHl0SWhxTXZaMUV5WE1BbHoyd0NteXN3N2ZmWGhOaVhEc0F4UWNMR3NWZzBEZjRadmd5NzYyNmpwS0g1MWNrYXVLU1g2UVBCYVVlMzZVRXVXand5cHJZN1lRbmhYb3VHQkt1QWhtdlhoM2VEc3FTekQvY3V3V2MzMU0yYlNvSVVmMUVxMUpETzdjSkFHdXJ0amtzT1NpZEJmdFZJVVZxNUpWZDdnY3I2Z0VvQU5IUGZaSm0vSGo4VWQ2VFhwMVVHSm1aN3R2cHh3VmtLVUY2dlB4alNJWEZuL3Zpazh3cTd0K05oVDhEUHlBVEpndkZEM0s1VSt2eG9DeExpVXFjN25oVlVXdGprdjdCZkFlYkpnaWxFRU5wRW5McTVncjg5Mm5lUmFNaHU2VXA0OE9kWVBEcUxSU1hYamdKcTZlUkxTRndaSGpDMVBqQSswUldxdDhkbFhIY2xYV0RRWU1yUzdPL2FOZHV4TFVlN3hwaFQveXhBZUQyVStWanJMa3AybUZTSWFhQ2VCdzlIRnRDeFBQMVB5NENEUXRLT21hME5aZldRZHdWS3FDL2t4VEtBbFFLU3duNjBXdzd6ZEFZbk9PVkRkR0hOL1RyNWJnS1A2WndaLzhNUWNGZURzZENKR2Rld3lrNUdzSE9xMDJMdDRURXJHQzI5SEJ5S1ZQMVMxcHAwMElDNmYvNi95T3pUWkFFeEljMDB0ck5oRlJYMW44T0hTS1JHSDNLaDZLMUtzMnhIOE9jLzRRd2JsaFpiTll4amJSWVI2TGlEZkp0WXZJbldYVG5BR1pwSlk0elRKaTFnNlMxMU00QXlWUGlvZnR4TWYxTkk4Y1BDbEtKSXYzNmhsYVBoVXVrN3luTHFKSTFOVHFuVkpGYllJWlJRMVdFQWdjbGhmallhM25EL2lVbXBScVZEbWtzejdlTDlZL3pnQkg0Z0hMZThZMlp5Q3A2Wm11d0VyU0w2Yk94blZKMng3S3ZhWGNVMnZYM1NzSkxkUC9mZnhXVElGdGNydERhNjdzdHJmazc0YktMUFNoZ2p3czlLZjIvVFFNc0NENWpZU0RFYTkybjBhamcxV2JFRFpEelZHLzB3L1Vuc3BJb1ZtZTZNRjVMN0UrQVBCVFFIQ0pxekh1QitXRzJ6SkpmQVZxZ3BVak0xZUZ0eEhQMGVRWGFPZjZ6MDNqVmdIT1ZjbGJjWUowZFpRL2ZBYjJMaE5aSmprZnlvQ3JqaW52UlgrYzl2N1NiQUlRRC9uZDVoNnNPUTgzVW1maGY2Yk1wdDU0YWluTGxMYzZTTSszZDVqSFlybndLVG1OeFBQYVdzdkxtZmh4MExod25DWEdsQm9Mc0twZ3VEcEx6UWhmK2wvbUwxK3lmalVTenFGdXg3a0hqS3dYQnpFaHh4ZjBrZFozblhyUnBWVllKSkc1THVzNEY4V2JWdEl1a3Nxd2xFL3duT3kyWXlod3lNTmVzUTY0SzNTNFVtY1RSb2dkcE8xQXJPaTNTelVFWmg3dXpWdXFZanIxZDN6a2d0SGpwVHpoQW9ZWmlWTzVXWXQ5M1puaHVWWExZZ1RtUEJObTc5SXM3dzFYNVRxNjBManNiVnZiOENQTk1QQ0JsTnlHZzV0bHZpVFBscEdlUk5zbEJLVys0TEJYRTZBRTZFb1cxTER3bHVJVjlxejVKS1BaZUpHd1lORGE1VFZYdXB1ekV2clZEYmxEYnU3MUJnZEd2UXdxK3AxMVNjWU1NTGdrb1YwNU9YbHZvbGt0akxTRUdySVM2Vzh5VkhHalNzaDRHT3VqYTd4VGhTWEFWdkFyN0NJMGNDY1lKSit5NDV1R0twMnhNSEVDc01xZFVCVFZLUXNBbmlDOXNaQ0J5RXlBaEEra3lzVTk2SEM4SUlUTWRqdFFuaHBnUkJHemtSK0RzMVV5V2VuZnBxLzQ1aWhIUW5ValIyUGErRm9xSlBsdUhKWFlBY0w1ZGlmNHI2cVFaREd5VzdCSzlPM0x2Y2Jmemp3TUJmMnF4OTlUWWtKYW54aGxkbjVSSHFzZEpCVGxGVENlSXFKaWxsTlA5WCthSjc3dHo1bjV1Lzh3MDZOTHhjaThRNDd2VXpjYlkvL29qL1Bmb0xCaDc4RWgvZnJDaXFWTk5tM2FHU3d3cG1FQ3Z3RW9URURZZ0x2Q1M5R3ZsbEQzVm95UVVjUEorSXZOYk4xMzFnVkJGQWZhWWFXcXhWK0FrS3hKN3BSWmZqWXRvbXp5bEs5RUNzakFkUzRPNW5qNHhaaWJmR21Pb1JMamxMZThaS3Z5UmRpaUh2WVVqdHVLT3dQS1FPS2NZbEVGajlmNmhRRVZ3ZDhwNG84WWZyQXRRYzJJeitQS1hHdUNtV0VZdHV6b2dnSVBPdjJHaU8zcE1qR29KTGFOQVRVT2d1eTRucGhGN0g3U1N3S1NqRSsyT0QyRW41SFBpbFpVckQ5Z2tYdkdpZ2VYaUU1YVlHeGNqZFIrbUxkQ1A4dksrU1NOUkU0c0NtWXVxWU90NGlRcGpBUDYwa3dhOGF2RGRkVjBpbFJicDZzMjVESHpzY2ZhQUpKQmw0ZEpzRzJpbHovVGZRY3hyK0xXYWpmdWt4TVNkOU9tS1B3RUtqMVBiMkRiNHRIdlVtak9TemRDUTN2RWtlOWFua1I2L3JyTGhmMjF4U1diOGl5a0l1Skd4K3ZVOUlxTlRiNUNuUVZTdzJNbU1QT29uN0JoWkhPUlBFRERrc0R4ZCtpV0c2dlUrQ3RJNVVaQ3JUVlRxc0NWU2pVYWhOUVIrcEpoMXpIOVJjeDV1OWJ6S3U3c3V4clZZUU5ROTdhbS9QTzVyZG5VYWxuMTZIczNHcGV3eERrTW5Fb3ErSGM3em9lZzJpODd0Z3BEeS92L011UTZvRXFid0ErOVZNRDJVUnB2S0lROGxJemk4UXVQM2pXZkNDOGtTYXFhL2pjK0VFTHBOb21ua3hQa1kyRXpIUjVGczc5MW9ybG9WR2h1MFRYaEMzeWlRQytYL2FuZmFXREJsd25LNEwxYUJkN3JLMEJra3VPOGdjNUFVbWh1WFFRTWtTVmhIa2lIUzZtYTBzanoxS28vbzVMQTE3UmFjZlhhN24yMWdtVXdDS0taL3V5Y25WYk45UTc2SHViRDFBcXZxWWRRNys4ZkYwcGVoQ1A0WUNuRThBQzNEMlkzOVVIZjg0MW1FVS96ZTJwUm5LUHBaRlRwTnA1YVhQYlZaNWYrNEcwR0thMjBRcUlsZFZWR3BQRGhXcHpMRWFyQTVkdmlvT2VCaFlBN1lRd2FBaG04dWxKT00yaFJjcUxDOSsyVm40Q2J6cGs4VG1mSTNqYzh4N3hDbzBOWGE3ZEcrR1Q5ZmVSVXlMdVl6ejRHYURYeWVTU2NUSGc3a0sxczd4eXRLTVVibnZyRW00V2dnZkdvbk50TkxneXFVdnVvZ2hWTnUrMm1hb1RmNWVabDBxZVNOaklmSHZjN2hFcllSR3ExTGpWY09semlLWGhxZTV3SEJUNHVjaWdScUM2akJsdzlpOEZZbzdRejIwQmFkc0Rrc2o4K0pxZmd2S3QxNkl6SndzcCs3YVJMNktUSmdEQW5qN3pXN0pENEh3aXI1Vzg3NGZjdGpOait6dFdlTm1HTk50OUo0MDVXL3hoeUd5Q1h0WnRUcU1kNFgyb3BveXBWVncrVGovQlRXamVwMkhLY0phRUR4cjIzQWNyL0M0TGhzM3VwOUVTMk5KTGFQNytaam5ZQXZLeHBkc09wL1M2U3F6R1M3Zmovc1k4ODFsUlJpMEtzUzlwVzNHQWJQQ1Q5TFlSNGdCSHoxdUNqcWtYakp2N0g5Tml2ZzFuQzY5cXRTalNjNzlQVXVuNFBweTlKSkErbFp4RFIvMTA2QURHcVFLdTVhQSt1S1dsQnJVRjE5eFRzSGZkZ1lxcktOWHNmcW13bk5ibmE4bHJRUzhBcDlJalJMRVVpbFlOUWdDSVNlVWZnQ1g4MGdVam1ReFhyYWlHdDYwcE8wNzRMc1FMK2l4T1J5L3B4RllhanJmTXZUMFUxV0M4Y0pjUkVMb3J4MC9nSlNqKzFTNEViemRzdHM0TnJ0azVrR09YbEtrdHlldytrTnFTZGp2MFVGZWJlVGhCNVdpNkpWdXRQSTJxYkx1UDBDTURoQ3dydlZXZklzbHpSWk1peXBPbDJzN2dNZDkwSzRJRVQ5dmlxT1BkRmhwQ29MdG5HNGkydWtmKzJTSjZOVUVGdXBKNnFvNUluejdJY2xRNmZrZjVqQ3BhNWY5NjE5ZzhCcTFiNW1GN2VpYTVzbGQxMGhrZ01xNXUvVU1NOWR1WHZmVVFicFdwSWd3M2ZteWhGcnlQTVdXdHcrb2RDcU0vTG5ZQUpHSFlWL2V1aVZwYkdoakxFVEdzQmFFN0lsSkJXOGxzM0t1QU81dE44YituU0tnNDVRZ29aNmxxRFVZVWp2SXdsdGJIQmFuZzcyUE14MVVzb3U1MWo4dGwreWpEZXY3cythaFkyUUdtRU1rN0o3UmloQ3d3Y3JTU0VnbWZ0bEFTb0ZjZUhURUpteXZSa3lhSXFlcnhUUTlPakdZR2JNSFRlT3BsODYzbEJRT0tBZVZnTlFMM1N2Mmc5RUwrQjE3dFczRUE1YmVzQVBxU2dFSmJuUThVMjJkcGUvemdxczBKR3U1NnNXcGtnUjJMWEh6QkVaeG02R25qSml6TWdPNDhVcnBwNE5mYVJnc1FJU0w2cHFGNmIwZWlFUlR0VFJXVHdIMWlreW53MWF2QklMck9DWTVod01ySUdNUHd6Q2Y5OHB1eXVpWmVURk1ua2FIa2lsdXhpUHJ0ZVN5ZWk2azlqZDdiZTE5bnNtM00zby9wZUVURkdXWDhSKzZ0Q0k3bTRveDV3UGhsNmh0V1ZOamdRc0RWYnhmRlFrUFRkZCt5ejVNc0pPMGE5bElqWHVhSVQvSHJ4b2VQTEMyMEpNSHFnWEhsSDBvZStzV25ydjFIVWE4a09sRnlNOXY0MFBSVzhnZzI1ampNRVplT0lsZlV6dGhJRlViUHFZY29CM1I5Vm4zOCtBVm45V3grdXRXK0Q2TlplaGRIYlJUYmVYWlgwMEZJK0RNd0J5MFNONDljQTZ0OVBPVncydnhxRUxGdCtaZHhodTFOUndtY2ZMekoreXAwaEk3Vm5kWHJIWkUzd2hLT1VoaVphTHdQV1NHeHF3NlRHczNWRlBvcjZwT0hYRFdQbDM3eVVvV2IwN0hBc1RrT21BWWozSm9hajRFV2ZYRzlIVWN4TWxNUXhic2wxT01xbkZERkNjUHFtdXNlWEhJWExuQlhtVGk1bnNBWkpMakVRdVd4aHY4dWZMcWJXdlljMnd5Uk81MWFjbjFzazYzQm5laFVQUU9zd29RTVNVMGdXWkUxUmpxUkN6QlBaOGtGUlZEV1dVTlhzTnp1RUFKaExuZHRBUGEyc1VHZ3FpUGdza3pNZjVjZHNpMGNHRGNndXo0T3RMSThaK3dFejBaQjJMTEY3ZWp6ck1lcTM5ZXpPWGlDeTk4TTF6QUVKUzkvVGJtRzdvemlxUWtObmozR2lyQ0tIRkNtQm4wcE40cW5VYjF1bWg3TWRXU095MkkxZzZGbkpBTWhmUjBuQ3lEbXorZUsvUHlRbUpUQU1kMURuNWR2bmVjb3BBUzgwd29Bd2ZpTkNiTzZZa2VzWExjVmhuWDlVMTRsQm53SGRkWFJkemw2aXdNWWk0cktUVGs4Um5vVi9tSCt2NWZkdXdEOG1hVnR1ZG5FRVBCY0NDUEV1c2hnamNEN05zWVZ4U0VCY3AyN3NYcDhOWkNsb3oybzZQYkZoWHYvSENVR3h0WG8yWXd1bU1EbFdrbjVmNUVRa3c2K0hLaFJvYlFCVUNjeEgxamVkZnpVa3pHNFJ4bGxyVFVsa2VEZGI5dWxVOVpaWWFOZE8vb3c9PSIgQ29ycmVsYXRpb25CaW5kaW5nPSIiIFVybEVuY29kZT0iVHJ1ZSIgLz4NCiAgICAgICAgPEZvcm1Qb3N0UGFyYW1ldGVyIE5hbWU9ImJ0blRlbXBTYXZlSW52aXNpYmxlIiBWYWx1ZT0i5pqr5a2YIiBSZWNvcmRlZFZhbHVlPSLmmqvlrZgiIENvcnJlbGF0aW9uQmluZGluZz0ie3tGb3JtUG9zdFBhcmFtMTQuYnRuVGVtcFNhdmVJbnZpc2libGV9fSIgVXJsRW5jb2RlPSJUcnVlIiAvPg0KICAgICAgICA8Rm9ybVBvc3RQYXJhbWV0ZXIgTmFtZT0iZGRsU2FsYXJ5T3JBZGp1c3QiIFZhbHVlPSIyIiBSZWNvcmRlZFZhbHVlPSIyIiBDb3JyZWxhdGlvbkJpbmRpbmc9Int7Rm9ybVBvc3RQYXJhbTE3LmRkbFNhbGFyeU9yQWRqdXN0fX0iIFVybEVuY29kZT0iVHJ1ZSIgLz4NCiAgICAgICAgPEZvcm1Qb3N0UGFyYW1ldGVyIE5hbWU9ImhpZEdyaWRWaWV3U3RhcnRUaW1lIiBWYWx1ZT0ie3skSElEREVOMS5oaWRHcmlkVmlld1N0YXJ0VGltZX19IiBSZWNvcmRlZFZhbHVlPSIiIENvcnJlbGF0aW9uQmluZGluZz0iIiBVcmxFbmNvZGU9IlRydWUiIC8+DQogICAgICAgIDxGb3JtUG9zdFBhcmFtZXRlciBOYW1lPSJ1Y0RhdGVTdGFydCR0eHREYXRlIiBWYWx1ZT0iMjAxNy8wNC8xNiIgUmVjb3JkZWRWYWx1ZT0iMjAxNy8wNC8xNiIgQ29ycmVsYXRpb25CaW5kaW5nPSJ7e0Zvcm1Qb3N0UGFyYW0xNS51Y0RhdGVTdGFydCR0eHREYXRlfX0iIFVybEVuY29kZT0iVHJ1ZSIgLz4NCiAgICAgICAgPEZvcm1Qb3N0UGFyYW1ldGVyIE5hbWU9InVjRGF0ZUVuZCR0eHREYXRlIiBWYWx1ZT0iMjAxNy8wNC8xNiIgUmVjb3JkZWRWYWx1ZT0iMjAxNy8wNC8xNiIgQ29ycmVsYXRpb25CaW5kaW5nPSJ7e0Zvcm1Qb3N0UGFyYW0xNi51Y0RhdGVFbmQkdHh0RGF0ZX19IiBVcmxFbmNvZGU9IlRydWUiIC8+DQogICAgICAgIDxGb3JtUG9zdFBhcmFtZXRlciBOYW1lPSJPVFRpbWVTdGFydCRkZGxISCIgVmFsdWU9IjIyIiBSZWNvcmRlZFZhbHVlPSIyMiIgQ29ycmVsYXRpb25CaW5kaW5nPSJ7e0Zvcm1Qb3N0UGFyYW0xOC5PVFRpbWVTdGFydCRkZGxISH19IiBVcmxFbmNvZGU9IlRydWUiIC8+DQogICAgICAgIDxGb3JtUG9zdFBhcmFtZXRlciBOYW1lPSJPVFRpbWVTdGFydCRkZGxNTSIgVmFsdWU9IjAwIiBSZWNvcmRlZFZhbHVlPSIwMCIgQ29ycmVsYXRpb25CaW5kaW5nPSJ7e0Zvcm1Qb3N0UGFyYW0xOS5PVFRpbWVTdGFydCRkZGxNTX19IiBVcmxFbmNvZGU9IlRydWUiIC8+DQogICAgICAgIDxGb3JtUG9zdFBhcmFtZXRlciBOYW1lPSJPVFRpbWVFbmQkZGRsSEgiIFZhbHVlPSIyMyIgUmVjb3JkZWRWYWx1ZT0iMjMiIENvcnJlbGF0aW9uQmluZGluZz0ie3tGb3JtUG9zdFBhcmFtMjAuT1RUaW1lRW5kJGRkbEhIfX0iIFVybEVuY29kZT0iVHJ1ZSIgLz4NCiAgICAgICAgPEZvcm1Qb3N0UGFyYW1ldGVyIE5hbWU9Ik9UVGltZUVuZCRkZGxNTSIgVmFsdWU9IjAwIiBSZWNvcmRlZFZhbHVlPSIwMCIgQ29ycmVsYXRpb25CaW5kaW5nPSJ7e0Zvcm1Qb3N0UGFyYW0yMS5PVFRpbWVFbmQkZGRsTU19fSIgVXJsRW5jb2RlPSJUcnVlIiAvPg0KICAgICAgICA8Rm9ybVBvc3RQYXJhbWV0ZXIgTmFtZT0iZGRsT1RUeXBlSUQiIFZhbHVlPSIxIiBSZWNvcmRlZFZhbHVlPSIxIiBDb3JyZWxhdGlvbkJpbmRpbmc9Int7Rm9ybVBvc3RQYXJhbTIyLmRkbE9UVHlwZUlEfX0iIFVybEVuY29kZT0iVHJ1ZSIgLz4NCiAgICAgICAgPEZvcm1Qb3N0UGFyYW1ldGVyIE5hbWU9InR4dE9UUmVhc29uTWVtbyR0eHREYXRhIiBWYWx1ZT0i5ris6Kmm5YmN5Y+w6YCB57C9IiBSZWNvcmRlZFZhbHVlPSLmuKzoqabliY3lj7DpgIHnsL0iIENvcnJlbGF0aW9uQmluZGluZz0iIiBVcmxFbmNvZGU9IlRydWUiIC8+DQogICAgICAgIDxGb3JtUG9zdFBhcmFtZXRlciBOYW1lPSJoaWRHcmlkVmlld1NlYXJjaFN0YXJ0VGltZSIgVmFsdWU9Int7JEhJRERFTjEuaGlkR3JpZFZpZXdTZWFyY2hTdGFydFRpbWV9fSIgUmVjb3JkZWRWYWx1ZT0iIiBDb3JyZWxhdGlvbkJpbmRpbmc9IiIgVXJsRW5jb2RlPSJUcnVlIiAvPg0KICAgICAgICA8Rm9ybVBvc3RQYXJhbWV0ZXIgTmFtZT0iaGlkR3JpZFZpZXdTZWFyY2hFbmRUaW1lIiBWYWx1ZT0ie3skSElEREVOMS5oaWRHcmlkVmlld1NlYXJjaEVuZFRpbWV9fSIgUmVjb3JkZWRWYWx1ZT0iIiBDb3JyZWxhdGlvbkJpbmRpbmc9IiIgVXJsRW5jb2RlPSJUcnVlIiAvPg0KICAgICAgICA8Rm9ybVBvc3RQYXJhbWV0ZXIgTmFtZT0iZnJhbWVBdHRhY2giIFZhbHVlPSIvVXRpbC9BdHRhY2hBZG1pbi5hc3B4P0F0dGFjaERCPUFhdHRlbmRhbnREQl9JVFJEJmFtcDtBdHRhY2hJRD10ZXN0MTAyMDk5ODY0N2I2ZjEtNGYwNi00ZjE2LTkxMjAtZGRjMzU3YTU0OThlJmFtcDtBdHRhY2hGaWxlTWF4UXR5PTEmYW1wO0F0dGFjaEZpbGVNYXhLQj0zMDcyJmFtcDtBdHRhY2hGaWxlVG90S0I9MzA3MiZhbXA7QXR0YWNoRmlsZUV4dExpc3Q9IiBSZWNvcmRlZFZhbHVlPSIvVXRpbC9BdHRhY2hBZG1pbi5hc3B4P0F0dGFjaERCPUFhdHRlbmRhbnREQl9JVFJEJmFtcDtBdHRhY2hJRD10ZXN0MTAyMDk5ODY0N2I2ZjEtNGYwNi00ZjE2LTkxMjAtZGRjMzU3YTU0OThlJmFtcDtBdHRhY2hGaWxlTWF4UXR5PTEmYW1wO0F0dGFjaEZpbGVNYXhLQj0zMDcyJmFtcDtBdHRhY2hGaWxlVG90S0I9MzA3MiZhbXA7QXR0YWNoRmlsZUV4dExpc3Q9IiBDb3JyZWxhdGlvbkJpbmRpbmc9IiIgVXJsRW5jb2RlPSJUcnVlIiAvPg0KICAgICAgICA8Rm9ybVBvc3RQYXJhbWV0ZXIgTmFtZT0idWNNb2RhbFBvcHVwMSRDbGllbnRXaWR0aCIgVmFsdWU9Int7JEhJRERFTjEudWNNb2RhbFBvcHVwMSRDbGllbnRXaWR0aH19IiBSZWNvcmRlZFZhbHVlPSIwIiBDb3JyZWxhdGlvbkJpbmRpbmc9IiIgVXJsRW5jb2RlPSJUcnVlIiAvPg0KICAgICAgICA8Rm9ybVBvc3RQYXJhbWV0ZXIgTmFtZT0idWNNb2RhbFBvcHVwMSRDbGllbnRIZWlnaHQiIFZhbHVlPSJ7eyRISURERU4xLnVjTW9kYWxQb3B1cDEkQ2xpZW50SGVpZ2h0fX0iIFJlY29yZGVkVmFsdWU9IjAiIENvcnJlbGF0aW9uQmluZGluZz0iIiBVcmxFbmNvZGU9IlRydWUiIC8+DQogICAgICA8L0Zvcm1Qb3N0SHR0cEJvZHk+DQogICAgPC9SZXF1ZXN0Pg0KICAgIDxSZXF1ZXN0IE1ldGhvZD0iUE9TVCIgR3VpZD0iYjYyZjNmZGEtYWZjMy00ZWRiLWIwMjAtYzQ5MWU4ZmIxYjY2IiBWZXJzaW9uPSIxLjEiIFVybD0iaHR0cDovLzEwLjExLjM2LjExNDo4MDA3L092ZXJUaW1lL092ZXJ0aW1lUHJlT3JkZXJfTW9kaWZ5LmFzcHgiIFRoaW5rVGltZT0iNCIgVGltZW91dD0iMzAwIiBQYXJzZURlcGVuZGVudFJlcXVlc3RzPSJUcnVlIiBGb2xsb3dSZWRpcmVjdHM9IlRydWUiIFJlY29yZFJlc3VsdD0iVHJ1ZSIgQ2FjaGU9IkZhbHNlIiBSZXNwb25zZVRpbWVHb2FsPSIwIiBFbmNvZGluZz0idXRmLTgiIEV4cGVjdGVkSHR0cFN0YXR1c0NvZGU9IjAiIEV4cGVjdGVkUmVzcG9uc2VVcmw9Imh0dHA6Ly8xMC4xMS4zNi4xMTQ6ODAwNy9PdmVyVGltZS9PdmVydGltZVByZU9yZGVyLmFzcHgiIFJlcG9ydGluZ05hbWU9IiIgSWdub3JlSHR0cFN0YXR1c0NvZGU9IkZhbHNlIj4NCiAgICAgIDxFeHRyYWN0aW9uUnVsZXM+DQogICAgICAgIDxFeHRyYWN0aW9uUnVsZSBDbGFzc25hbWU9Ik1pY3Jvc29mdC5WaXN1YWxTdHVkaW8uVGVzdFRvb2xzLldlYlRlc3RpbmcuUnVsZXMuRXh0cmFjdEhpZGRlbkZpZWxkcywgTWljcm9zb2Z0LlZpc3VhbFN0dWRpby5RdWFsaXR5VG9vbHMuV2ViVGVzdEZyYW1ld29yaywgVmVyc2lvbj0xMC4wLjAuMCwgQ3VsdHVyZT1uZXV0cmFsLCBQdWJsaWNLZXlUb2tlbj1iMDNmNWY3ZjExZDUwYTNhIiBWYXJpYWJsZU5hbWU9IjEiIERpc3BsYXlOYW1lPSLmk7flj5bpmrHol4/mrITkvY0iIERlc2NyaXB0aW9uPSLmk7flj5blm57mh4nkuK3nmoTmiYDmnInpmrHol4/mrITkvY3vvIzkuKblsIflroPlgJHmlL7lnKjmuKzoqablhaflrrnkuK3jgIIiPg0KICAgICAgICAgIDxSdWxlUGFyYW1ldGVycz4NCiAgICAgICAgICAgIDxSdWxlUGFyYW1ldGVyIE5hbWU9IlJlcXVpcmVkIiBWYWx1ZT0iVHJ1ZSIgLz4NCiAgICAgICAgICAgIDxSdWxlUGFyYW1ldGVyIE5hbWU9Ikh0bWxEZWNvZGUiIFZhbHVlPSJUcnVlIiAvPg0KICAgICAgICAgIDwvUnVsZVBhcmFtZXRlcnM+DQogICAgICAgIDwvRXh0cmFjdGlvblJ1bGU+DQogICAgICA8L0V4dHJhY3Rpb25SdWxlcz4NCiAgICAgIDxDb3JyZWxhdGlvbkV4dHJhY3Rpb25SdWxlcz4NCiAgICAgICAgPEV4dHJhY3Rpb25SdWxlIENsYXNzbmFtZT0iTWljcm9zb2Z0LlZpc3VhbFN0dWRpby5UZXN0VG9vbHMuV2ViVGVzdGluZy5SdWxlcy5FeHRyYWN0Rm9ybUZpZWxkLCBNaWNyb3NvZnQuVmlzdWFsU3R1ZGlvLlF1YWxpdHlUb29scy5XZWJUZXN0RnJhbWV3b3JrLCBWZXJzaW9uPTEwLjAuMC4wLCBDdWx0dXJlPW5ldXRyYWwsIFB1YmxpY0tleVRva2VuPWIwM2Y1ZjdmMTFkNTBhM2EiIFZhcmlhYmxlTmFtZT0iRm9ybVBvc3RQYXJhbTEuYnRuUXVlcnkiIERpc3BsYXlOYW1lPSIiIERlc2NyaXB0aW9uPSIiPg0KICAgICAgICAgIDxSdWxlUGFyYW1ldGVycz4NCiAgICAgICAgICAgIDxSdWxlUGFyYW1ldGVyIE5hbWU9Ik5hbWUiIFZhbHVlPSJidG5RdWVyeSIgLz4NCiAgICAgICAgICAgIDxSdWxlUGFyYW1ldGVyIE5hbWU9Ikh0bWxEZWNvZGUiIFZhbHVlPSJUcnVlIiAvPg0KICAgICAgICAgICAgPFJ1bGVQYXJhbWV0ZXIgTmFtZT0iUmVxdWlyZWQiIFZhbHVlPSJGYWxzZSIgLz4NCiAgICAgICAgICAgIDxSdWxlUGFyYW1ldGVyIE5hbWU9IkluZGV4IiBWYWx1ZT0iMCIgLz4NCiAgICAgICAgICA8L1J1bGVQYXJhbWV0ZXJzPg0KICAgICAgICA8L0V4dHJhY3Rpb25SdWxlPg0KICAgICAgICA8RXh0cmFjdGlvblJ1bGUgQ2xhc3NuYW1lPSJNaWNyb3NvZnQuVmlzdWFsU3R1ZGlvLlRlc3RUb29scy5XZWJUZXN0aW5nLlJ1bGVzLkV4dHJhY3RGb3JtRmllbGQsIE1pY3Jvc29mdC5WaXN1YWxTdHVkaW8uUXVhbGl0eVRvb2xzLldlYlRlc3RGcmFtZXdvcmssIFZlcnNpb249MTAuMC4wLjAsIEN1bHR1cmU9bmV1dHJhbCwgUHVibGljS2V5VG9rZW49YjAzZjVmN2YxMWQ1MGEzYSIgVmFyaWFibGVOYW1lPSJGb3JtUG9zdFBhcmFtMi50eHRPVEVtcElEIiBEaXNwbGF5TmFtZT0iIiBEZXNjcmlwdGlvbj0iIj4NCiAgICAgICAgICA8UnVsZVBhcmFtZXRlcnM+DQogICAgICAgICAgICA8UnVsZVBhcmFtZXRlciBOYW1lPSJOYW1lIiBWYWx1ZT0idHh0T1RFbXBJRCIgLz4NCiAgICAgICAgICAgIDxSdWxlUGFyYW1ldGVyIE5hbWU9Ikh0bWxEZWNvZGUiIFZhbHVlPSJUcnVlIiAvPg0KICAgICAgICAgICAgPFJ1bGVQYXJhbWV0ZXIgTmFtZT0iUmVxdWlyZWQiIFZhbHVlPSJGYWxzZSIgLz4NCiAgICAgICAgICAgIDxSdWxlUGFyYW1ldGVyIE5hbWU9IkluZGV4IiBWYWx1ZT0iMCIgLz4NCiAgICAgICAgICA8L1J1bGVQYXJhbWV0ZXJzPg0KICAgICAgICA8L0V4dHJhY3Rpb25SdWxlPg0KICAgICAgICA8RXh0cmFjdGlvblJ1bGUgQ2xhc3NuYW1lPSJNaWNyb3NvZnQuVmlzdWFsU3R1ZGlvLlRlc3RUb29scy5XZWJUZXN0aW5nLlJ1bGVzLkV4dHJhY3RUZXh0LCBNaWNyb3NvZnQuVmlzdWFsU3R1ZGlvLlF1YWxpdHlUb29scy5XZWJUZXN0RnJhbWV3b3JrLCBWZXJzaW9uPTEwLjAuMC4wLCBDdWx0dXJlPW5ldXRyYWwsIFB1YmxpY0tleVRva2VuPWIwM2Y1ZjdmMTFkNTBhM2EiIFZhcmlhYmxlTmFtZT0iRm9ybVBvc3RQYXJhbTMuZGRsUXVlcnlDb25kaXRpb25zIiBEaXNwbGF5TmFtZT0iIiBEZXNjcmlwdGlvbj0iIj4NCiAgICAgICAgICA8UnVsZVBhcmFtZXRlcnM+DQogICAgICAgICAgICA8UnVsZVBhcmFtZXRlciBOYW1lPSJTdGFydHNXaXRoIiBWYWx1ZT0icyZxdW90OzpbJnF1b3Q7IiAvPg0KICAgICAgICAgICAgPFJ1bGVQYXJhbWV0ZXIgTmFtZT0iRW5kc1dpdGgiIFZhbHVlPSImcXVvdDssJnF1b3Q7MSZxdW90OyIgLz4NCiAgICAgICAgICAgIDxSdWxlUGFyYW1ldGVyIE5hbWU9IkluZGV4IiBWYWx1ZT0iMCIgLz4NCiAgICAgICAgICAgIDxSdWxlUGFyYW1ldGVyIE5hbWU9Iklnbm9yZUNhc2UiIFZhbHVlPSJGYWxzZSIgLz4NCiAgICAgICAgICAgIDxSdWxlUGFyYW1ldGVyIE5hbWU9IlVzZVJlZ3VsYXJFeHByZXNzaW9uIiBWYWx1ZT0iRmFsc2UiIC8+DQogICAgICAgICAgICA8UnVsZVBhcmFtZXRlciBOYW1lPSJIdG1sRGVjb2RlIiBWYWx1ZT0iVHJ1ZSIgLz4NCiAgICAgICAgICAgIDxSdWxlUGFyYW1ldGVyIE5hbWU9IlJlcXVpcmVkIiBWYWx1ZT0iRmFsc2UiIC8+DQogICAgICAgICAgPC9SdWxlUGFyYW1ldGVycz4NCiAgICAgICAgPC9FeHRyYWN0aW9uUnVsZT4NCiAgICAgICAgPEV4dHJhY3Rpb25SdWxlIENsYXNzbmFtZT0iTWljcm9zb2Z0LlZpc3VhbFN0dWRpby5UZXN0VG9vbHMuV2ViVGVzdGluZy5SdWxlcy5FeHRyYWN0VGV4dCwgTWljcm9zb2Z0LlZpc3VhbFN0dWRpby5RdWFsaXR5VG9vbHMuV2ViVGVzdEZyYW1ld29yaywgVmVyc2lvbj0xMC4wLjAuMCwgQ3VsdHVyZT1uZXV0cmFsLCBQdWJsaWNLZXlUb2tlbj1iMDNmNWY3ZjExZDUwYTNhIiBWYXJpYWJsZU5hbWU9IkZvcm1Qb3N0UGFyYW00LmRkbE9UU3RhdHVzIiBEaXNwbGF5TmFtZT0iIiBEZXNjcmlwdGlvbj0iIj4NCiAgICAgICAgICA8UnVsZVBhcmFtZXRlcnM+DQogICAgICAgICAgICA8UnVsZVBhcmFtZXRlciBOYW1lPSJTdGFydHNXaXRoIiBWYWx1ZT0iJnF1b3Q7MCZxdW90OywmcXVvdDsiIC8+DQogICAgICAgICAgICA8UnVsZVBhcmFtZXRlciBOYW1lPSJFbmRzV2l0aCIgVmFsdWU9IiZxdW90OywmcXVvdDsyJnF1b3Q7IiAvPg0KICAgICAgICAgICAgPFJ1bGVQYXJhbWV0ZXIgTmFtZT0iSW5kZXgiIFZhbHVlPSIwIiAvPg0KICAgICAgICAgICAgPFJ1bGVQYXJhbWV0ZXIgTmFtZT0iSWdub3JlQ2FzZSIgVmFsdWU9IkZhbHNlIiAvPg0KICAgICAgICAgICAgPFJ1bGVQYXJhbWV0ZXIgTmFtZT0iVXNlUmVndWxhckV4cHJlc3Npb24iIFZhbHVlPSJGYWxzZSIgLz4NCiAgICAgICAgICAgIDxSdWxlUGFyYW1ldGVyIE5hbWU9Ikh0bWxEZWNvZGUiIFZhbHVlPSJUcnVlIiAvPg0KICAgICAgICAgICAgPFJ1bGVQYXJhbWV0ZXIgTmFtZT0iUmVxdWlyZWQiIFZhbHVlPSJGYWxzZSIgLz4NCiAgICAgICAgICA8L1J1bGVQYXJhbWV0ZXJzPg0KICAgICAgICA8L0V4dHJhY3Rpb25SdWxlPg0KICAgICAgPC9Db3JyZWxhdGlvbkV4dHJhY3Rpb25SdWxlcz4NCiAgICAgIDxRdWVyeVN0cmluZ1BhcmFtZXRlcnM+DQogICAgICAgIDxRdWVyeVN0cmluZ1BhcmFtZXRlciBOYW1lPSJPVENvbXBJRCIgVmFsdWU9IlNQSEJLMSIgUmVjb3JkZWRWYWx1ZT0iU1BIQksxIiBDb3JyZWxhdGlvbkJpbmRpbmc9Int7UXVlcnlTdHJpbmdQYXJhbTEuT1RDb21wSUR9fSIgVXJsRW5jb2RlPSJGYWxzZSIgVXNlVG9Hcm91cFJlc3VsdHM9IkZhbHNlIiAvPg0KICAgICAgICA8UXVlcnlTdHJpbmdQYXJhbWV0ZXIgTmFtZT0iT1RFbXBJRCIgVmFsdWU9IjEwMjA5OSIgUmVjb3JkZWRWYWx1ZT0iMTAyMDk5IiBDb3JyZWxhdGlvbkJpbmRpbmc9Int7UXVlcnlTdHJpbmdQYXJhbTIuT1RFbXBJRH19IiBVcmxFbmNvZGU9IkZhbHNlIiBVc2VUb0dyb3VwUmVzdWx0cz0iRmFsc2UiIC8+DQogICAgICAgIDxRdWVyeVN0cmluZ1BhcmFtZXRlciBOYW1lPSJPVFN0YXJ0RGF0ZSIgVmFsdWU9IjIwMTclMmYwNCUyZjE2IiBSZWNvcmRlZFZhbHVlPSIyMDE3JTJmMDQlMmYxNiIgQ29ycmVsYXRpb25CaW5kaW5nPSJ7e1F1ZXJ5U3RyaW5nUGFyYW0zLk9UU3RhcnREYXRlfX0iIFVybEVuY29kZT0iRmFsc2UiIFVzZVRvR3JvdXBSZXN1bHRzPSJGYWxzZSIgLz4NCiAgICAgICAgPFF1ZXJ5U3RyaW5nUGFyYW1ldGVyIE5hbWU9Ik9URW5kRGF0ZSIgVmFsdWU9IjIwMTclMmYwNCUyZjE2IiBSZWNvcmRlZFZhbHVlPSIyMDE3JTJmMDQlMmYxNiIgQ29ycmVsYXRpb25CaW5kaW5nPSJ7e1F1ZXJ5U3RyaW5nUGFyYW00Lk9URW5kRGF0ZX19IiBVcmxFbmNvZGU9IkZhbHNlIiBVc2VUb0dyb3VwUmVzdWx0cz0iRmFsc2UiIC8+DQogICAgICAgIDxRdWVyeVN0cmluZ1BhcmFtZXRlciBOYW1lPSJPVFN0YXJ0VGltZSIgVmFsdWU9IjIyMDAiIFJlY29yZGVkVmFsdWU9IjIyMDAiIENvcnJlbGF0aW9uQmluZGluZz0ie3tRdWVyeVN0cmluZ1BhcmFtNS5PVFN0YXJ0VGltZX19IiBVcmxFbmNvZGU9IkZhbHNlIiBVc2VUb0dyb3VwUmVzdWx0cz0iRmFsc2UiIC8+DQogICAgICAgIDxRdWVyeVN0cmluZ1BhcmFtZXRlciBOYW1lPSJPVEVuZFRpbWUiIFZhbHVlPSIyMzAwIiBSZWNvcmRlZFZhbHVlPSIyMzAwIiBDb3JyZWxhdGlvbkJpbmRpbmc9Int7UXVlcnlTdHJpbmdQYXJhbTYuT1RFbmRUaW1lfX0iIFVybEVuY29kZT0iRmFsc2UiIFVzZVRvR3JvdXBSZXN1bHRzPSJGYWxzZSIgLz4NCiAgICAgICAgPFF1ZXJ5U3RyaW5nUGFyYW1ldGVyIE5hbWU9Ik9UVHhuSUQiIFZhbHVlPSJTUEhCSzExMDIwOTkyMDE3MDQxNjA1IiBSZWNvcmRlZFZhbHVlPSJTUEhCSzExMDIwOTkyMDE3MDQxNjA1IiBDb3JyZWxhdGlvbkJpbmRpbmc9Int7UXVlcnlTdHJpbmdQYXJhbTcuT1RUeG5JRH19IiBVcmxFbmNvZGU9IkZhbHNlIiBVc2VUb0dyb3VwUmVzdWx0cz0iRmFsc2UiIC8+DQogICAgICAgIDxRdWVyeVN0cmluZ1BhcmFtZXRlciBOYW1lPSJPVEZvcm1OTyIgVmFsdWU9IjIwMTcwNDE3MDIxMDIwOTkiIFJlY29yZGVkVmFsdWU9IjIwMTcwNDE3MDIxMDIwOTkiIENvcnJlbGF0aW9uQmluZGluZz0ie3tRdWVyeVN0cmluZ1BhcmFtOC5PVEZvcm1OT319IiBVcmxFbmNvZGU9IkZhbHNlIiBVc2VUb0dyb3VwUmVzdWx0cz0iRmFsc2UiIC8+DQogICAgICA8L1F1ZXJ5U3RyaW5nUGFyYW1ldGVycz4NCiAgICAgIDxGb3JtUG9zdEh0dHBCb2R5Pg0KICAgICAgICA8Rm9ybVBvc3RQYXJhbWV0ZXIgTmFtZT0iVG9vbGtpdFNjcmlwdE1hbmFnZXIxX0hpZGRlbkZpZWxkIiBWYWx1ZT0iOztBamF4Q29udHJvbFRvb2xraXQsIFZlcnNpb249NC4xLjcuNjA3LCBDdWx0dXJlPW5ldXRyYWwsIFB1YmxpY0tleVRva2VuPTI4ZjAxYjBlODRiNmQ1M2U6emgtSGFudDo3Yjk1ZWQxYS02YTNmLTQxZGQtYmM1Yi02M2YzOWVkYmM0YjQ6ZGUxZmVhYjI6ZmNmMGU5OTM6ZjJjOGU3MDg6NzIwYTUyYmY6ZjljZWM5YmM6NTg5ZWFhMzA6Njk4MTI5Y2Y6ZmI5YjRjNTc6Y2NiOTZjZjk6OGFkMTgxMDE6YTY3YzI3MDA6ODYxM2FlYTc6MzIwMmE1YTI6YWIwOWUzZmU6ODcxMDRiN2M6YmU2ZmIyOTgiIFJlY29yZGVkVmFsdWU9Ijs7QWpheENvbnRyb2xUb29sa2l0LCBWZXJzaW9uPTQuMS43LjYwNywgQ3VsdHVyZT1uZXV0cmFsLCBQdWJsaWNLZXlUb2tlbj0yOGYwMWIwZTg0YjZkNTNlOnpoLUhhbnQ6N2I5NWVkMWEtNmEzZi00MWRkLWJjNWItNjNmMzllZGJjNGI0OmRlMWZlYWIyOmZjZjBlOTkzOmYyYzhlNzA4OjcyMGE1MmJmOmY5Y2VjOWJjOjU4OWVhYTMwOjY5ODEyOWNmOmZiOWI0YzU3OmNjYjk2Y2Y5OjhhZDE4MTAxOmE2N2MyNzAwOjg2MTNhZWE3OjMyMDJhNWEyOmFiMDllM2ZlOjg3MTA0YjdjOmJlNmZiMjk4IiBDb3JyZWxhdGlvbkJpbmRpbmc9IiIgVXJsRW5jb2RlPSJUcnVlIiAvPg0KICAgICAgICA8Rm9ybVBvc3RQYXJhbWV0ZXIgTmFtZT0iX19FVkVOVFRBUkdFVCIgVmFsdWU9Int7JEhJRERFTjEuX19FVkVOVFRBUkdFVH19IiBSZWNvcmRlZFZhbHVlPSIiIENvcnJlbGF0aW9uQmluZGluZz0iIiBVcmxFbmNvZGU9IlRydWUiIC8+DQogICAgICAgIDxGb3JtUG9zdFBhcmFtZXRlciBOYW1lPSJfX0VWRU5UQVJHVU1FTlQiIFZhbHVlPSJ7eyRISURERU4xLl9fRVZFTlRBUkdVTUVOVH19IiBSZWNvcmRlZFZhbHVlPSIiIENvcnJlbGF0aW9uQmluZGluZz0iIiBVcmxFbmNvZGU9IlRydWUiIC8+DQogICAgICAgIDxGb3JtUG9zdFBhcmFtZXRlciBOYW1lPSJfX0xBU1RGT0NVUyIgVmFsdWU9Int7JEhJRERFTjEuX19MQVNURk9DVVN9fSIgUmVjb3JkZWRWYWx1ZT0iIiBDb3JyZWxhdGlvbkJpbmRpbmc9IiIgVXJsRW5jb2RlPSJUcnVlIiAvPg0KICAgICAgICA8Rm9ybVBvc3RQYXJhbWV0ZXIgTmFtZT0iX19WU1RBVEUiIFZhbHVlPSJ7eyRISURERU4xLl9fVlNUQVRFfX0iIFJlY29yZGVkVmFsdWU9IkFSK0xDQUFBQUFBQUJBRHRHbXR6RTljVlhWdCtZVEJsaWdtRlNvdHBZanl4cEgxSnNtUmJxVzFNN0lLUmd4VElETWxvVnJ2WDBzYXJYV1YzWlZ1VHlaUzBJYUVRR2pKNWxaSTJ6VFEwcjBKcE0wMGNRdEwraEU2bkgvcTlsaCtmK2hQU2MzZFhEOHQyUWxLVWFUdGR4dExlYzg4OTU5N3pQbGQ4N3VxNngrWDJwRkpqbW1ycW1tS2N4RThVWkIxUGE0WTVLb2l6eDNBeGxlcDJ1YmVMMmRrcExDaEhGU0hUNWU1Z0JzSjBLTWdQTUtHdTduNVBhdzRiaHBEQjJOT2Jtb2J2U1dOS2tGVVQvaElpMEZTQW1HekttaHBYeTJRem5vNVVQRG11U2tjRUU3czdXSm9KQjJnK3dJUThMYW54WEg3eWlMdUZvVms2RXZGMEFsN0NGSFF6S2Vld3U1bGxhZHJUbXRJRmRSYVFFRDNnMmVPd2ZLaUE5V0xDMUdVMWMxekxaRDF0c0RDNW9BSldkMko2WXZRWVl4TWtyR2llQ2RFaGoxc3dUVEhyOXB2WU1PMUpubzF3TXdJdCtRYUNITy9qT1JIN2hIQ2E5YVY1V0JUaGFWR1FSTTlPaCtGUlRjOVpuTGFuVG12NmJFSTJNVEJyQ3NJRzI4Z2hyS1B0WTRCbElCUmdhR3BwOFVMcDBubUtZYU0wSGJWT0lablRnaTZ3aXdlMnViWnQyL1k1UE9TYlBKMElQazRraW9hSmMzNGdKUFJUcDdCdWdBeUhlVDlOL3ZWVFl3WEZMT2g0V01VRlV4ZVVmbXE2a0Zaa0VUU1cxR2F4T3B3T2g0V2dHQXd4RVk3SDlFREVUWWp2cWFGcGZTU0Z0SUtiWUdaZlplUS9pWE9hQ1hKMFdMWS9rbE1TWWhibmhPM3dka1NlbVhsUUYzSk5MdGRPaDVpRFIvYmNUa2kxTk1QSHg3dUhIbGpJS2RTY3MrOGV4ay8zVUZnVk5RbElEL2NVekJrZkUrcDVJTGFqWTJqQmlCb1dBd3BXcU1ad1Q0LzlFbDJBOTZ4cDVxT0J3UHo4dkgrZTgydDZKZ0Eyd0FRZW1UcHViNnFNbXpNa09BRVExbFdIbXVITHlXQ0FoalpqK2tRdEZ3VThuNDNWQTF3cGl2REZDczVoMWFSVUlZZUhlNnp6TS9hc1BRL3I4Z3BlU0JiejJJSGFjQVA4QkE1VEJXNUdia1NhRTBROGlqT3kya09aUUdLNGh5eTFqTFNIc3JjU0JlUE9ZUE1FTEREeWdFME9uNVBWdUNnV2REZzl5Q3p3cFR4Z0grQkxEV054QklzS0dDcHg0Y2FlNVloUVBDN25aSE5DSytnbnZoRXVFdzNuUWlKbXc1aE1RZFRPVmc3ekRiQnA2R25peWFtQ1lZNWxzVGpiUUI3V09VQTdqV2JSV01WRExpWVpzWEZlVXViUU9BK0JISG5TeXVNTjQzQktVR1Nwd1R4R3BNZkJhQnZNSkNGQUFDN0c5UkhDcThGSG1WVG5pTmhJK1hKWE9BMEZOcVpMQzFhZldpMmdzNk10OHJOcGxWVkNBcHVWblV3YURnUm05UUt1d0VrSldpbHBLcG05UFB1d2djY0t1ZzZVajJ1aVFCQ3N4WGVRK01Xc0pvdTQ3clE1WWFFOEtxaHByYUJLV0tySzRFNU9hMHZKS2x0aUxXNm9uLzdhT2lSQnFaWFJvL2FYa1BzNmRZNnp4aWJ4Wld2S2pIeHpUZ2swVkpWMytTaTJIQ2xuYTdKVWxteFZ0TG8ySDljbHJGdUNjZkN5Z2pHV0ZkUU1CZ0hKcW9GMUUrUlRGV3ROblJTTFJJWUN0ZU4xU0hhaEUyTnBHOGNaVmxEcUN4V0wyQVpnRmIyMjNJanhnTG9Pc0NuZVJJeGgxeU5PYkVRa29UOUdWOUdzY1FWcmZkS084YUdoUUIxb0U5UXl5VHBJQmJNbWR4SzAybUVOVGpuM3hjSUVwVEtxeDdCSU14V1V1dTJYVTArTUkvdXBqRFlnVE1SQ05RZzFZcW9FL2hnRCtxbU9LZ2cxY1R2R2dIaHF4elgyVUEyOEZxRjFnQXJhdXRCSkRyVWVVRWV1SnZqRnJLNlVZUU1jWGFaZE8xdDJiZHY4SFpkZTV5OURnVG9IampXVDdxaXVheUs5VWt0cVNuaGMwK0ZMVnNuWGFFRldwUGJVU1R3bkV4VFNFYmJCZzV6dThIUG4yZTVwaHlhWDlLRW40dTVkVG1jYnB0bjYxbmxEayswMDMwNUx6VUV6U2dpTmFYYm5iYmZMQUJveFRVSE1BdWlydHNndGhETit3dTBLZVE0NjNmSkl3ZFJHOG5tbE9KNUxZNG5BeGd4alRCRU1JK1BwS3Q4YVlCS3VNd0JwVGlYd2d0dkZkaVBVMUNWMXgrQ3pxeHRCcjM5Y3ptVE5VVzFoVk1mQzdMaEtaQzlscFc0MEExak55R1ZodFo0Q3FjRkVWcEtRMjRJMEovR0M2ZDZ6ZHZicGxadWZMaTFlLytmdDUxZmZ2N2p5enFYU1o4OEQwZzRMYVVkY0hWTmtpTWJ3S2M2NlgzTkptbGdnMGRrUG1XN2NEdFNqeFVucGNHOUJMRzhqSmNsejVmZHBMVCtxU2NYZVByOWhGcUdMbG1RanJ3akY0ZDdld2E5T0tRNXRNeXplbEppRTlwSU5lKzl4ZHk3ZlhGejkvZVcxQzJkWDN5UUgyZS9BdTVadTNTcGR1THI2d1hQTHR5NnZYbmtGcHJ6bHFkVlgzMXM3OTl1VjM3eFFPdi91eXRzdnd0UWhaOHE1Y2dISXZRNmtkZlhESy9IUzJYY0IxT2VBZHRsSS96aDd0anJuNjlvbHdTeHlJZFNOZGtsU2h2eDF3MGhDQVd2WjNneGdNZkRhREJRNnFuNWxUNFJob3NPelBVWE1sQml6WUxvN2kvQThHcGlhZWpRZ1NXQ3VGVE51MmZabitmbXJmL3RMRzdsanNhK1BBRFRhN0wzKzl6WWdNV21jeElJVVY1VWl1UUJLYWhxRW5yemJkMmJ0azE4dXYzVGhNYXIwNHUzU0MrOHZ2M1p0K2VxellBUm4xcTVlc2VETGkrZldycnhWT3ZkMjZjYkh0aUZKNUR4ZHU4aTNwMVZUUmNzbWtnK2JzcElheTg2Q2twSmFKcU5neTlSa1JUYUxSSmxrTzlaV1UySjJ0anJWMjArdG13UlZreWd4QWpiYzJ3ZjZsQkFpQnVpMlZPMzJndXBOR1lvU0g4U2FqQm8xdGZ6Z1hJVldkTkN4ODdhS0tHMmY3aVFlVnIxZjJ6VW1GQXhzV0pIVHluMFpUK3ZYa3dmc3JFTlRwYlJpeTJDbm1aVU5QOFRCQXJhc0VWeXp1OFhUc3FuaTJqZm9iY0xUV3FlMkNRa05FZ1B3Zm1mOVl1LytpcTY5QnlvNjluNDM2L1g4dXdyMWV0M1RkNkJKMk9oV2VpUlRtMnZSUzMxTkJYb1Bacnc5R2UraHI2d2Q3L2MyMTRuMzNqcUIzbGRSZ3JlM1J2b1BFTCtFWkRGcEpCTGxpQXBpM2t4cVgyei84U1JKS0Z2WWYrM2tSc2sxM2FIa1dxek53Tm1Jc01qTjYwRkNhSlFVM0JscDE1NTk3UkRXMTU1ZVhIN3BPVVRUaUdZUXpTS2FRelNQNkNDaVE0Z09JM29BMFJIRTBJaGhFTU1paGtNTWo1Z2dZa0tJQ1NObUFERVJ4TktJWlJETElwWnJCTTF2MzkrMEw3UFZBM0Z6TDhsYjFXTjYrOGpaaHUvK1BoRExJemFJMkJCaXc0Z2RRR3dFY1RUaUdNU3hpT01ReHlNdWlMZ1E0c0tJRzBCY0JQRTA0aG5FczRqbkVNOGpQb2o0RU9MRGlCOUFmQVFGYVJSa1VKQkZRUTRGZVJRTW9tQUlCY01vT0lDQ2tmLzIvWVBPaHJmVTJaMDhvRmVYaE5vaFZVcmQyeVEwVWsyTTQxWmlQTHlWMDMxeHFMTDlhdE5RVloyNld3NW5XK0wvaUpmZDgzOHYrNC9iLzkzMnNnZXJYbmJNS1dDYkdEOE53N2c5eFBENkVMRUNxUEtzYnBtMEU4UkJUanZWcW9zbUZZdlRaMGpvVEpYZ1kvWWIrQ3B5M3RwSUZ3S3RpTTJvSnJjRHRxdDJ5dVd6cW9WNlNGTXR4Tm1uWUptb1p5ZngzMU1rd1IrVnNTSzVtOGMwQ1h0MldCZGMwTnZZd0hZQ0hDT1hjcll4ZCs2R010MUgrU29tQWUrZGErY3VsUzZmTDkwOHYvem0rWmJTdVErWFBubTFaZm4xSDY5ZXY5bFNPbnQ3NVlYcjNhVVBia0xORVZoKy9YenAxaXZ3dHZMSHk2WEZEenJocjNUeENuUVRLNWVmM2IzNjNIdlFjaXkvY1czNVY0dExuNzYrZk8zNjd0SWJId0ZvNmJPTFpPTGFkY0RkYlNPdnZQZjB5cFhiUzdjdUxuM3lZU2RNcnA2L3RQcnJYeXo5NlliYmFpdjNkTHBvRjFnaTdXSmRuSXQzQlYwaFY5ZzE0SXEwUUFDamFRWnNvck5XeFNBVURESTY0TmtQWGZQQ2NheG16T3dKSWdOb3NneTdnNXM4Z3FIOG40UVJGdlNzOVdyTlpqMDdVMFJjaWF3OFl4NlRWV2w3M3c4VDBISlBDNkwvTkU2UEwrUjFiQmgrYUlSem11b25jZmYrZGVqOTFKYlkxUjlvdzM3T3p6Ris1c3Qvb1ZVTGlyTE5jeUIxQkpxN2NkWEVPcFpPYTdwa3hOT1BWOC9Sa1RvTkJhYytKZWl6R0hweTB1RmtnSFhXcW9TeFZiZU5pS1k4aHllbnhqT0FVRzZyeWNySjhzLzVXYy91bE4yREo3V0g4M21zandrR3psb04welRnemdQWFRYUFBvMStZZTh3Rk01NkVoc3ZRMUNtYzB6Wm1vSHFFTGZOUWFFYlJCRE9xNEJsejBHbDFvN0txeUNyMnBSVk5uQjNNQ3hMNTJUaEtyMDlQYlhZbDdXbXJ0bjN1MDdKa1p2ZmJOeVhGNzVNZnZUMXRWYUUwcHc0bVJ0R1BrTjNXemVKaUllLytHYkxxWjFNMkZhdCtsbWVvdzlXSzJxOVlKa2JGaGltV3Bxbjc3cU9xYzlUQllhcTN0KzlKcW9PcWhRN1hEUHhHSVcxZm5oK20rd21GdmtHcTQ2bkJqamxCcDdUa2dnbklXMTRQMU10UEVkSkVmZytCZFB1c1hWb0VZQS9Fa3ZxZUpDTy9yS3BZSjFZTGhPMy9EdUdmc1hxend6OUlwS2FNakdWdGsycStZSUwzV09iV1QyMDRyTFBScHlUcjRxWFpPN2hPbnQ1aGRCWlpseXUydGRnQmErK1owbHR2bDM3My90cFBYeTNkK1BsanBZLytVSHJsalpXWDM3RVUvTEtyckVHS3pTOVFEQTBmNVpkQlN0UVVUWThlb21sNmtFcVQ5bFVuRlgyVU9uVDA2UGpBU0dpUW10RlUwemVQeWYxSWxFcHJpZ1I0R3Jsa2psSU1VREUwNkhJcENWd2tvd3ZGUVdvK0s1dllaLzB5RWFWVWJWNFg4dVVGUGwyUTVJSVJwVGhnTEtIV2FqeWZkYzd4cmNNclYyK1VmbkpwNVprMzE2NDhBekdyRHlhMWNwem1ZV0NVUXpUdkQ4Tnd2anlrL1J3TW42d09TUUEvWi90VWM1ZmxVcFI3UjltK1ZVM0ZnOUsvQUlmWXFIR0JJd0FBIiBDb3JyZWxhdGlvbkJpbmRpbmc9IiIgVXJsRW5jb2RlPSJUcnVlIiAvPg0KICAgICAgICA8Rm9ybVBvc3RQYXJhbWV0ZXIgTmFtZT0iX19WSUVXU1RBVEUiIFZhbHVlPSJ7eyRISURERU4xLl9fVklFV1NUQVRFfX0iIFJlY29yZGVkVmFsdWU9IiIgQ29ycmVsYXRpb25CaW5kaW5nPSIiIFVybEVuY29kZT0iVHJ1ZSIgLz4NCiAgICAgICAgPEZvcm1Qb3N0UGFyYW1ldGVyIE5hbWU9Il9fU0NST0xMUE9TSVRJT05YIiBWYWx1ZT0ie3skSElEREVOMS5fX1NDUk9MTFBPU0lUSU9OWH19IiBSZWNvcmRlZFZhbHVlPSIwIiBDb3JyZWxhdGlvbkJpbmRpbmc9IiIgVXJsRW5jb2RlPSJUcnVlIiAvPg0KICAgICAgICA8Rm9ybVBvc3RQYXJhbWV0ZXIgTmFtZT0iX19TQ1JPTExQT1NJVElPTlkiIFZhbHVlPSJ7eyRISURERU4xLl9fU0NST0xMUE9TSVRJT05ZfX0iIFJlY29yZGVkVmFsdWU9IjAiIENvcnJlbGF0aW9uQmluZGluZz0iIiBVcmxFbmNvZGU9IlRydWUiIC8+DQogICAgICAgIDxGb3JtUG9zdFBhcmFtZXRlciBOYW1lPSJfX0VWRU5UVkFMSURBVElPTiIgVmFsdWU9Int7JEhJRERFTjEuX19FVkVOVFZBTElEQVRJT059fSIgUmVjb3JkZWRWYWx1ZT0iL3dFZEFOb0JyMVZ3OWFHQkMzcjNqSzlMeHdwbUQ2Vjc4MzFxRm85UkcwWXE4V2JmQStlaDQrZW1aNCtwK0hZZm03N0w5SjdvRC9ocHZ1WG5ON05sb04ydEQwNWFDanptbHRhVU03YUVBTitnOWNQL20xMHp6NzVQT0VjdkNrOUZwY3JTcUcvRStXS2VpWFJWakRRUnEzNllONFZ6VFhYY2RvMEtZbzlmQzFJZ3dtK1duQ3JKNFk0cytYM2k3YnBXWkpLcWxlajFsTVh5V0dpTWYvZHN0c2QremR5dElocU12WjFFeVhNQWx6MndDbXlzdzdmZlhoTmlYRHNBeFFjTEdzVmcwRGY0WnZneTc2MjZqcEtINTFja2F1S1NYNlFQQmFVZTM2VUV1V2p3eXByWTdZUW5oWG91R0JLdUFobXZYaDNlRHNxU3pEL2N1d1djMzFNMmJTb0lVZjFFcTFKRE83Y0pBR3VydGprc09TaWRCZnRWSVVWcTVKVmQ3Z2NyNmdFb0FOSFBmWkptL0hqOFVkNlRYcDFVR0ptWjd0dnB4d1ZrS1VGNnZQeGpTSVhGbi92aWs4d3E3dCtOaFQ4RFB5QVRKZ3ZGRDNLNVUrdnhvQ3hMaVVxYzduaFZVV3Rqa3Y3QmZBZWJKZ2lsRUVOcEVuTHE1Z3I4OTJuZVJhTWh1NlVwNDhPZFlQRHFMUlNYWGpnSnE2ZVJMU0Z3WkhqQzFQakErMFJXcXQ4ZGxYSGNsWFdEUVlNclM3Ty9hTmR1eExVZTd4cGhUL3l4QWVEMlUrVmpyTGtwMm1GU0lhYUNlQnc5SEZ0Q3hQUDFQeTRDRFF0S09tYTBOWmZXUWR3VktxQy9reFRLQWxRS1N3bjYwV3c3emRBWW5PT1ZEZEdITi9UcjViZ0tQNlp3Wi84TVFjRmVEc2RDSkdkZXd5azVHc0hPcTAyTHQ0VEVyR0MyOUhCeUtWUDFTMXBwMDBJQzZmLzYveU96VFpBRXhJYzAwdHJOaEZSWDFuOE9IU0tSR0gzS2g2SzFLczJ4SDhPYy80UXdibGhaYk5ZeGpiUllSNkxpRGZKdFl2SW5XWFRuQUdacEpZNHpUSmkxZzZTMTFNNEF5VlBpb2Z0eE1mMU5JOGNQQ2xLSkl2MzZobGFQaFV1azd5bkxxSkkxTlRxblZKRmJZSVpSUTFXRUFnY2xoZmpZYTNuRC9pVW1wUnFWRG1rc3o3ZUw5WS96Z0JINGdITGU4WTJaeUNwNlptdXdFclNMNmJPeG5WSjJ4N0t2YVhjVTJ2WDNTc0pMZFAvZmZ4V1RJRnRjcnREYTY3c3RyZms3NGJLTFBTaGdqd3M5S2YyL1RRTXNDRDVqWVNERWE5Mm4wYWpnMVdiRURaRHpWRy8wdy9VbnNwSW9WbWU2TUY1TDdFK0FQQlRRSENKcXpIdUIrV0cyekpKZkFWcWdwVWpNMWVGdHhIUDBlUVhhT2Y2ejAzalZnSE9WY2xiY1lKMGRaUS9mQWIyTGhOWkpqa2Z5b0NyamludlJYK2M5djdTYkFJUUQvbmQ1aDZzT1E4M1VtZmhmNmJNcHQ1NGFpbkxsTGM2U00rM2Q1akhZcm53S1RtTnhQUGFXc3ZMbWZoeDBMaHduQ1hHbEJvTHNLcGd1RHBMelFoZitsL21MMSt5ZmpVU3pxRnV4N2tIakt3WEJ6RWh4eGYwa2RaM25YclJwVlZZSkpHNUx1czRGOFdiVnRJdWtzcXdsRS93bk95Mll5aHd5TU5lc1E2NEszUzRVbWNUUm9nZHBPMUFyT2kzU3pVRVpoN3V6VnVxWWpyMWQzemtndEhqcFR6aEFvWVppVk81V1l0OTNabmh1VlhMWWdUbVBCTm03OUlzN3cxWDVUcTYwTGpzYlZ2YjhDUE5NUENCbE55R2c1dGx2aVRQbHBHZVJOc2xCS1crNExCWEU2QUU2RW9XMUxEd2x1SVY5cXo1SktQWmVKR3dZTkRhNVRWWHVwdXpFdnJWRGJsRGJ1NzFCZ2RHdlF3cStwMTFTY1lNTUxna29WMDVPWGx2b2xrdGpMU0VHcklTNlc4eVZIR2pTc2g0R091amE3eFRoU1hBVnZBcjdDSTBjQ2NZSkoreTQ1dUdLcDJ4TUhFQ3NNcWRVQlRWS1FzQW5pQzlzWkNCeUV5QWhBK2t5c1U5NkhDOElJVE1kanRRbmhwZ1JCR3prUitEczFVeVdlbmZwcS80NWloSFFuVWpSMlBhK0ZvcUpQbHVISlhZQWNMNWRpZjRyNnFRWkRHeVc3Qks5TzNMdmNiZnpqd01CZjJxeDk5VFlrSmFueGhsZG41Ukhxc2RKQlRsRlRDZUlxSmlsbE5QOVgrYUo3N3R6NW41dS84dzA2Tkx4Y2k4UTQ3dlV6Y2JZLy9vai9QZm9MQmg3OEVoL2ZyQ2lxVk5ObTNhR1N3d3BtRUN2d0VvVEVEWWdMdkNTOUd2bGxEM1ZveVFVY1BKK0l2TmJOMTMxZ1ZCRkFmYVlhV3F4VitBa0t4SjdwUlpmall0b216eWxLOUVDc2pBZFM0TzVuajR4WmliZkdtT29STGpsTGU4Wkt2eVJkaWlIdllVanR1S093UEtRT0tjWWxFRmo5ZjZoUUVWd2Q4cDRvOFlmckF0UWMySXorUEtYR3VDbVdFWXR1em9nZ0lQT3YyR2lPM3BNakdvSkxhTkFUVU9ndXk0bnBoRjdIN1NTd0tTakUrMk9EMkVuNUhQaWxaVXJEOWdrWHZHaWdlWGlFNWFZR3hjamRSK21MZENQOHZLK1NTTlJFNHNDbVl1cVlPdDRpUXBqQVA2MGt3YThhdkRkZFYwaWxSYnA2czI1REh6c2NmYUFKSkJsNGRKc0cyaWx6L1RmUWN4citMV2FqZnVreE1TZDlPbUtQd0VLajFQYjJEYjR0SHZVbWpPU3pkQ1EzdkVrZTlhbmtSNi9yckxoZjIxeFNXYjhpeWtJdUpHeCt2VTlJcU5UYjVDblFWU3cyTW1NUE9vbjdCaFpIT1JQRUREa3NEeGQraVdHNnZVK0N0STVVWkNyVFZUcXNDVlNqVWFoTlFSK3BKaDF6SDlSY3g1dTliekt1N3N1eHJWWVFOUTk3YW0vUE81cmRuVWFsbjE2SHMzR3Bld3hEa01uRW9xK0hjN3pvZWcyaTg3dGdwRHkvdi9NdVE2b0VxYndBKzlWTUQyVVJwdktJUThsSXppOFF1UDNqV2ZDQzhrU2FxYS9qYytFRUxwTm9tbmt4UGtZMkV6SFI1RnM3OTFvcmxvVkdodTBUWGhDM3lpUUMrWC9hbmZhV0RCbHduSzRMMWFCZDdySzBCa2t1TzhnYzVBVW1odVhRUU1rU1ZoSGtpSFM2bWEwc2p6MUtvL281TEExN1JhY2ZYYTduMjFnbVV3Q0tLWi91eWNuVmJOOVE3Nkh1YkQxQXF2cVlkUTcrOGZGMHBlaENQNFlDbkU4QUMzRDJZMzlVSGY4NDFtRVUvemUycFJuS1BwWkZUcE5wNWFYUGJWWjVmKzRHMEdLYTIwUXFJbGRWVkdwUERoV3B6TEVhckE1ZHZpb09lQmhZQTdZUXdhQWhtOHVsSk9NMmhSY3FMQzkrMlZuNENienBrOFRtZkkzamM4eDd4Q28wTlhhN2RHK0dUOWZlUlV5THVZeno0R2FEWHllU1NjVEhnN2tLMXM3eHl0S01VYm52ckVtNFdnZ2ZHb25OdE5MZ3lxVXZ1b2doVk51KzJtYW9UZjVlWmwwcWVTTmpJZkh2YzdoRXJZUkdxMUxqVmNPbHppS1hocWU1d0hCVDR1Y2lnUnFDNmpCbHc5aThGWW83UXoyMEJhZHNEa3NqOCtKcWZndkt0MTZJekp3c3ArN2FSTDZLVEpnREFuajd6VzdKRDRId2lyNVc4NzRmY3RqTmorenRXZU5tR05OdDlKNDA1Vy94aHlHeUNYdFp0VHFNZDRYMm9wb3lwVlZ3K1RqL0JUV2plcDJIS2NKYUVEeHIyM0Fjci9DNExoczN1cDlFUzJOSkxhUDcrWmpuWUF2S3hwZHNPcC9TNlNxekdTN2ZqL3NZODgxbFJSaTBLc1M5cFczR0FiUENUOUxZUjRnQkh6MXVDanFrWGpKdjdIOU5pdmcxbkM2OXF0U2pTYzc5UFV1bjRQcHk5SkpBK2xaeERSLzEwNkFER3FRS3U1YUErdUtXbEJyVUYxOXhUc0hmZGdZcXJLTlhzZnFtd25OYm5hOGxyUVM4QXA5SWpSTEVVaWxZTlFnQ0lTZVVmZ0NYODBnVWptUXhYcmFpR3Q2MHBPMDc0THNRTCtpeE9SeS9weEZZYWpyZk12VDBVMVdDOGNKY1JFTG9yeDAvZ0pTaisxUzRFYnpkc3RzNE5ydGs1a0dPWGxLa3R5ZXcra05xU2RqdjBVRmViZVRoQjVXaTZKVnV0UEkycWJMdVAwQ01EaEN3cnZWV2ZJc2x6UlpNaXlwT2wyczdnTWQ5MEs0SUVUOXZpcU9QZEZocENvTHRuRzRpMnVrZisyU0o2TlVFRnVwSjZxbzVJbno3SWNsUTZma2Y1akNwYTVmOTYxOWc4QnExYjVtRjdlaWE1c2xkMTBoa2dNcTV1L1VNTTlkdVh2ZlVRYnBXcElndzNmbXloRnJ5UE1XV3R3K29kQ3FNL0xuWUFKR0hZVi9ldWlWcGJHaGpMRVRHc0JhRTdJbEpCVzhsczNLdUFPNXROOGIrblNLZzQ1UWdvWjZscURVWVVqdkl3bHRiSEJhbmc3MlBNeDFVc291NTFqOHRsK3lqRGV2N3MrYWhZMlFHbUVNazdKN1JpaEN3d2NyU1NFZ21mdGxBU29GY2VIVEVKbXl2Umt5YUlxZXJ4VFE5T2pHWUdiTUhUZU9wbDg2M2xCUU9LQWVWZ05RTDNTdjJnOUVMK0IxN3RXM0VBNWJlc0FQcVNnRUpiblE4VTIyZHBlL3pncXMwSkd1NTZzV3BrZ1IyTFhIekJFWnhtNkduakppek1nTzQ4VXJwcDROZmFSZ3NRSVNMNnBxRjZiMGVpRVJUdFRSV1R3SDFpa3ludzFhdkJJTHJPQ1k1aHdNcklHTVB3ekNmOThwdXl1aVplVEZNbmthSGtpbHV4aVBydGVTeWVpNms5amQ3YmUxOW5zbTNNM28vcGVFVEZHV1g4Uis2dENJN200b3g1d1BobDZodFdWTmpnUXNEVmJ4ZkZRa1BUZGQreXo1TXNKTzBhOWxJalh1YUlUL0hyeG9lUExDMjBKTUhxZ1hIbEgwb2Urc1ducnYxSFVhOGtPbEZ5TTl2NDBQUlc4Z2cyNWpqTUVaZU9JbGZVenRoSUZVYlBxWWNvQjNSOVZuMzgrQVZuOVd4K3V0VytENk5aZWhkSGJSVGJlWFpYMDBGSStETXdCeTBTTjQ5Y0E2dDlQT1Z3MnZ4cUVMRnQrWmR4aHUxTlJ3bWNmTHpKK3lwMGhJN1ZuZFhySFpFM3doS09VaGlaYUx3UFdTR3hxdzZUR3MzVkZQb3I2cE9IWERXUGwzN3lVb1diMDdIQXNUa09tQVlqM0pvYWo0RVdmWEc5SFVjeE1sTVF4YnNsMU9NcW5GREZDY1BxbXVzZVhISVhMbkJYbVRpNW5zQVpKTGpFUXVXeGh2OHVmTHFiV3ZZYzJ3eVJPNTFhY24xc2s2M0JuZWhVUFFPc3dvUU1TVTBnV1pFMVJqcVJDekJQWjhrRlJWRFdXVU5Yc056dUVBSmhMbmR0QVBhMnNVR2dxaVBnc2t6TWY1Y2RzaTBjR0RjZ3V6NE90TEk4Wit3RXowWkIyTExGN2VqenJNZXEzOWV6T1hpQ3k5OE0xekFFSlM5L1RibUc3b3ppcVFrTm5qM0dpckNLSEZDbUJuMHBONHFuVWIxdW1oN01kV1NPeTJJMWc2Rm5KQU1oZlIwbkN5RG16K2VLL1B5UW1KVEFNZDFEbjVkdm5lY29wQVM4MHdvQXdmaU5DYk82WWtlc1hMY1Zoblg5VTE0bEJud0hkZFhSZHpsNml3TVlpNHJLVFRrOFJub1YvbUgrdjVmZHV3RDhtYVZ0dWRuRUVQQmNDQ1BFdXNoZ2pjRDdOc1lWeFNFQmNwMjdzWHA4TlpDbG96Mm82UGJGaFh2L0hDVUd4dFhvMll3dW1NRGxXa241ZjVFUWt3NitIS2hSb2JRQlVDY3hIMWplZGZ6VWt6RzRSeGxsclRVbGtlRGRiOXVsVTlaWllhTmRPL293PT0iIENvcnJlbGF0aW9uQmluZGluZz0iIiBVcmxFbmNvZGU9IlRydWUiIC8+DQogICAgICAgIDxGb3JtUG9zdFBhcmFtZXRlciBOYW1lPSJidG5FeGl0IiBWYWx1ZT0i6L+U5ZueIiBSZWNvcmRlZFZhbHVlPSLov5Tlm54iIENvcnJlbGF0aW9uQmluZGluZz0ie3tGb3JtUG9zdFBhcmFtNS5idG5FeGl0fX0iIFVybEVuY29kZT0iVHJ1ZSIgLz4NCiAgICAgICAgPEZvcm1Qb3N0UGFyYW1ldGVyIE5hbWU9ImRkbFNhbGFyeU9yQWRqdXN0IiBWYWx1ZT0iMiIgUmVjb3JkZWRWYWx1ZT0iMiIgQ29ycmVsYXRpb25CaW5kaW5nPSJ7e0Zvcm1Qb3N0UGFyYW04LmRkbFNhbGFyeU9yQWRqdXN0fX0iIFVybEVuY29kZT0iVHJ1ZSIgLz4NCiAgICAgICAgPEZvcm1Qb3N0UGFyYW1ldGVyIE5hbWU9ImhpZEdyaWRWaWV3U3RhcnRUaW1lIiBWYWx1ZT0ie3skSElEREVOMS5oaWRHcmlkVmlld1N0YXJ0VGltZX19IiBSZWNvcmRlZFZhbHVlPSIiIENvcnJlbGF0aW9uQmluZGluZz0iIiBVcmxFbmNvZGU9IlRydWUiIC8+DQogICAgICAgIDxGb3JtUG9zdFBhcmFtZXRlciBOYW1lPSJ1Y0RhdGVTdGFydCR0eHREYXRlIiBWYWx1ZT0iMjAxNy8wNC8xNiIgUmVjb3JkZWRWYWx1ZT0iMjAxNy8wNC8xNiIgQ29ycmVsYXRpb25CaW5kaW5nPSJ7e0Zvcm1Qb3N0UGFyYW02LnVjRGF0ZVN0YXJ0JHR4dERhdGV9fSIgVXJsRW5jb2RlPSJUcnVlIiAvPg0KICAgICAgICA8Rm9ybVBvc3RQYXJhbWV0ZXIgTmFtZT0idWNEYXRlRW5kJHR4dERhdGUiIFZhbHVlPSIyMDE3LzA0LzE2IiBSZWNvcmRlZFZhbHVlPSIyMDE3LzA0LzE2IiBDb3JyZWxhdGlvbkJpbmRpbmc9Int7Rm9ybVBvc3RQYXJhbTcudWNEYXRlRW5kJHR4dERhdGV9fSIgVXJsRW5jb2RlPSJUcnVlIiAvPg0KICAgICAgICA8Rm9ybVBvc3RQYXJhbWV0ZXIgTmFtZT0iT1RUaW1lU3RhcnQkZGRsSEgiIFZhbHVlPSIyMiIgUmVjb3JkZWRWYWx1ZT0iMjIiIENvcnJlbGF0aW9uQmluZGluZz0ie3tGb3JtUG9zdFBhcmFtOS5PVFRpbWVTdGFydCRkZGxISH19IiBVcmxFbmNvZGU9IlRydWUiIC8+DQogICAgICAgIDxGb3JtUG9zdFBhcmFtZXRlciBOYW1lPSJPVFRpbWVTdGFydCRkZGxNTSIgVmFsdWU9IjAwIiBSZWNvcmRlZFZhbHVlPSIwMCIgQ29ycmVsYXRpb25CaW5kaW5nPSJ7e0Zvcm1Qb3N0UGFyYW0xMC5PVFRpbWVTdGFydCRkZGxNTX19IiBVcmxFbmNvZGU9IlRydWUiIC8+DQogICAgICAgIDxGb3JtUG9zdFBhcmFtZXRlciBOYW1lPSJPVFRpbWVFbmQkZGRsSEgiIFZhbHVlPSIyMyIgUmVjb3JkZWRWYWx1ZT0iMjMiIENvcnJlbGF0aW9uQmluZGluZz0ie3tGb3JtUG9zdFBhcmFtMTEuT1RUaW1lRW5kJGRkbEhIfX0iIFVybEVuY29kZT0iVHJ1ZSIgLz4NCiAgICAgICAgPEZvcm1Qb3N0UGFyYW1ldGVyIE5hbWU9Ik9UVGltZUVuZCRkZGxNTSIgVmFsdWU9IjAwIiBSZWNvcmRlZFZhbHVlPSIwMCIgQ29ycmVsYXRpb25CaW5kaW5nPSJ7e0Zvcm1Qb3N0UGFyYW0xMi5PVFRpbWVFbmQkZGRsTU19fSIgVXJsRW5jb2RlPSJUcnVlIiAvPg0KICAgICAgICA8Rm9ybVBvc3RQYXJhbWV0ZXIgTmFtZT0iZGRsT1RUeXBlSUQiIFZhbHVlPSIxIiBSZWNvcmRlZFZhbHVlPSIxIiBDb3JyZWxhdGlvbkJpbmRpbmc9Int7Rm9ybVBvc3RQYXJhbTEzLmRkbE9UVHlwZUlEfX0iIFVybEVuY29kZT0iVHJ1ZSIgLz4NCiAgICAgICAgPEZvcm1Qb3N0UGFyYW1ldGVyIE5hbWU9InR4dE9UUmVhc29uTWVtbyR0eHREYXRhIiBWYWx1ZT0i5ris6Kmm5YmN5Y+w6YCB57C9IiBSZWNvcmRlZFZhbHVlPSLmuKzoqabliY3lj7DpgIHnsL0iIENvcnJlbGF0aW9uQmluZGluZz0iIiBVcmxFbmNvZGU9IlRydWUiIC8+DQogICAgICAgIDxGb3JtUG9zdFBhcmFtZXRlciBOYW1lPSJoaWRHcmlkVmlld1NlYXJjaFN0YXJ0VGltZSIgVmFsdWU9Int7JEhJRERFTjEuaGlkR3JpZFZpZXdTZWFyY2hTdGFydFRpbWV9fSIgUmVjb3JkZWRWYWx1ZT0iIiBDb3JyZWxhdGlvbkJpbmRpbmc9IiIgVXJsRW5jb2RlPSJUcnVlIiAvPg0KICAgICAgICA8Rm9ybVBvc3RQYXJhbWV0ZXIgTmFtZT0iaGlkR3JpZFZpZXdTZWFyY2hFbmRUaW1lIiBWYWx1ZT0ie3skSElEREVOMS5oaWRHcmlkVmlld1NlYXJjaEVuZFRpbWV9fSIgUmVjb3JkZWRWYWx1ZT0iIiBDb3JyZWxhdGlvbkJpbmRpbmc9IiIgVXJsRW5jb2RlPSJUcnVlIiAvPg0KICAgICAgICA8Rm9ybVBvc3RQYXJhbWV0ZXIgTmFtZT0iZnJhbWVBdHRhY2giIFZhbHVlPSIvVXRpbC9BdHRhY2hBZG1pbi5hc3B4P0F0dGFjaERCPUFhdHRlbmRhbnREQl9JVFJEJmFtcDtBdHRhY2hJRD10ZXN0MTAyMDk5NDI5M2ZhMGQtODUzNC00M2NlLWE3YjItYjQxNzA5NDBjYWRjJmFtcDtBdHRhY2hGaWxlTWF4UXR5PTEmYW1wO0F0dGFjaEZpbGVNYXhLQj0zMDcyJmFtcDtBdHRhY2hGaWxlVG90S0I9MzA3MiZhbXA7QXR0YWNoRmlsZUV4dExpc3Q9IiBSZWNvcmRlZFZhbHVlPSIvVXRpbC9BdHRhY2hBZG1pbi5hc3B4P0F0dGFjaERCPUFhdHRlbmRhbnREQl9JVFJEJmFtcDtBdHRhY2hJRD10ZXN0MTAyMDk5NDI5M2ZhMGQtODUzNC00M2NlLWE3YjItYjQxNzA5NDBjYWRjJmFtcDtBdHRhY2hGaWxlTWF4UXR5PTEmYW1wO0F0dGFjaEZpbGVNYXhLQj0zMDcyJmFtcDtBdHRhY2hGaWxlVG90S0I9MzA3MiZhbXA7QXR0YWNoRmlsZUV4dExpc3Q9IiBDb3JyZWxhdGlvbkJpbmRpbmc9IiIgVXJsRW5jb2RlPSJUcnVlIiAvPg0KICAgICAgICA8Rm9ybVBvc3RQYXJhbWV0ZXIgTmFtZT0idWNNb2RhbFBvcHVwMSRDbGllbnRXaWR0aCIgVmFsdWU9Int7JEhJRERFTjEudWNNb2RhbFBvcHVwMSRDbGllbnRXaWR0aH19IiBSZWNvcmRlZFZhbHVlPSIwIiBDb3JyZWxhdGlvbkJpbmRpbmc9IiIgVXJsRW5jb2RlPSJUcnVlIiAvPg0KICAgICAgICA8Rm9ybVBvc3RQYXJhbWV0ZXIgTmFtZT0idWNNb2RhbFBvcHVwMSRDbGllbnRIZWlnaHQiIFZhbHVlPSJ7eyRISURERU4xLnVjTW9kYWxQb3B1cDEkQ2xpZW50SGVpZ2h0fX0iIFJlY29yZGVkVmFsdWU9IjAiIENvcnJlbGF0aW9uQmluZGluZz0iIiBVcmxFbmNvZGU9IlRydWUiIC8+DQogICAgICA8L0Zvcm1Qb3N0SHR0cEJvZHk+DQogICAgPC9SZXF1ZXN0Pg0KICAgIDxSZXF1ZXN0IE1ldGhvZD0iUE9TVCIgR3VpZD0iMGUxMjk2OGEtMzZkMS00NGI5LTg5MjktM2NhOThlNmQ1M2NhIiBWZXJzaW9uPSIxLjEiIFVybD0iaHR0cDovLzEwLjExLjM2LjExNDo4MDA3L092ZXJUaW1lL092ZXJ0aW1lUHJlT3JkZXIuYXNweCIgVGhpbmtUaW1lPSIwIiBUaW1lb3V0PSIzMDAiIFBhcnNlRGVwZW5kZW50UmVxdWVzdHM9IlRydWUiIEZvbGxvd1JlZGlyZWN0cz0iVHJ1ZSIgUmVjb3JkUmVzdWx0PSJUcnVlIiBDYWNoZT0iRmFsc2UiIFJlc3BvbnNlVGltZUdvYWw9IjAiIEVuY29kaW5nPSJ1dGYtOCIgRXhwZWN0ZWRIdHRwU3RhdHVzQ29kZT0iMCIgRXhwZWN0ZWRSZXNwb25zZVVybD0iIiBSZXBvcnRpbmdOYW1lPSIiIElnbm9yZUh0dHBTdGF0dXNDb2RlPSJGYWxzZSI+DQogICAgICA8Rm9ybVBvc3RIdHRwQm9keT4NCiAgICAgICAgPEZvcm1Qb3N0UGFyYW1ldGVyIE5hbWU9IlRvb2xraXRTY3JpcHRNYW5hZ2VyMV9IaWRkZW5GaWVsZCIgVmFsdWU9Ijs7QWpheENvbnRyb2xUb29sa2l0LCBWZXJzaW9uPTQuMS43LjYwNywgQ3VsdHVyZT1uZXV0cmFsLCBQdWJsaWNLZXlUb2tlbj0yOGYwMWIwZTg0YjZkNTNlOnpoLUhhbnQ6N2I5NWVkMWEtNmEzZi00MWRkLWJjNWItNjNmMzllZGJjNGI0OmRlMWZlYWIyOmZjZjBlOTkzOmYyYzhlNzA4OjcyMGE1MmJmOmY5Y2VjOWJjOjU4OWVhYTMwOjY5ODEyOWNmOmZiOWI0YzU3OmNjYjk2Y2Y5OmE2N2MyNzAwOjg2MTNhZWE3OjMyMDJhNWEyOmFiMDllM2ZlOjg3MTA0YjdjOmJlNmZiMjk4IiBSZWNvcmRlZFZhbHVlPSI7O0FqYXhDb250cm9sVG9vbGtpdCwgVmVyc2lvbj00LjEuNy42MDcsIEN1bHR1cmU9bmV1dHJhbCwgUHVibGljS2V5VG9rZW49MjhmMDFiMGU4NGI2ZDUzZTp6aC1IYW50OjdiOTVlZDFhLTZhM2YtNDFkZC1iYzViLTYzZjM5ZWRiYzRiNDpkZTFmZWFiMjpmY2YwZTk5MzpmMmM4ZTcwODo3MjBhNTJiZjpmOWNlYzliYzo1ODllYWEzMDo2OTgxMjljZjpmYjliNGM1NzpjY2I5NmNmOTphNjdjMjcwMDo4NjEzYWVhNzozMjAyYTVhMjphYjA5ZTNmZTo4NzEwNGI3YzpiZTZmYjI5OCIgQ29ycmVsYXRpb25CaW5kaW5nPSIiIFVybEVuY29kZT0iVHJ1ZSIgLz4NCiAgICAgICAgPEZvcm1Qb3N0UGFyYW1ldGVyIE5hbWU9Il9fRVZFTlRUQVJHRVQiIFZhbHVlPSJ7eyRISURERU4xLl9fRVZFTlRUQVJHRVR9fSIgUmVjb3JkZWRWYWx1ZT0iIiBDb3JyZWxhdGlvbkJpbmRpbmc9IiIgVXJsRW5jb2RlPSJUcnVlIiAvPg0KICAgICAgICA8Rm9ybVBvc3RQYXJhbWV0ZXIgTmFtZT0iX19FVkVOVEFSR1VNRU5UIiBWYWx1ZT0ie3skSElEREVOMS5fX0VWRU5UQVJHVU1FTlR9fSIgUmVjb3JkZWRWYWx1ZT0iIiBDb3JyZWxhdGlvbkJpbmRpbmc9IiIgVXJsRW5jb2RlPSJUcnVlIiAvPg0KICAgICAgICA8Rm9ybVBvc3RQYXJhbWV0ZXIgTmFtZT0iX19MQVNURk9DVVMiIFZhbHVlPSJ7eyRISURERU4xLl9fTEFTVEZPQ1VTfX0iIFJlY29yZGVkVmFsdWU9IiIgQ29ycmVsYXRpb25CaW5kaW5nPSIiIFVybEVuY29kZT0iVHJ1ZSIgLz4NCiAgICAgICAgPEZvcm1Qb3N0UGFyYW1ldGVyIE5hbWU9Il9fVlNUQVRFIiBWYWx1ZT0ie3skSElEREVOMS5fX1ZTVEFURX19IiBSZWNvcmRlZFZhbHVlPSJBUitMQ0FBQUFBQUFCQUR0TzExM0UxZVN4bGhOeTVBWVpyR0c3TENTSm5ObUZBNXBvdTZXYlJ3Mk9TZTJTWUFKbG0ySmtJL0o4UkZJa2JVSWlXTUpBdnNFeVRoODJZUU1Cc05Ba2lFa3dZVGhLd1J3REdQMkgrdyt6TU04NTdqYjB0UDhnSG1ZdmZkVzErMHJxYnNEbSt4YmxKT29VbFczcW03ZHFudnIxcFgvdWFodDFTS2ZsTjIzTlpVcnRQMzcycVpselZKN3F4eFA5aFozNzluY3R5U2UzRWkvcFhpeUwxWE9rSzlrYm5kbVdUeVpLS2ZLZTB2OXFkMlpwUVJYTEtmeWxFRFlrL3NMbS90a1pDREF5OFhSM2YzeDFwZnp4WGQ3VTZVTUlUYi9rM3phMG0yK1ZyVmIxMVMxc3lNV2F3c0VnbEpmWms5NWM1L3Z2MzJSb1k2T3ptZzA4aXdGT2hDSUlhQWpvQ0dnSWhDMWdCanl4SkFuaGp3eDVOR1JwQ05KUjVLR1NqVlVxcUZBRFVkcE9FckRVU3J5cU1paklpa0tBUG52YnpVRVZBU1FwRzlESUtram9DR2dJb0E4Q2VSSklFOENlUkxJTTRTa0lTUU5JV213RTRFT0JHSUlvT1JCSEQ2SXd3ZHgrQUFPSDhEaEF6aDhBSWNQNFBBQkhENkF3K1BJRTBlZU9KTDZrZFNQcEg0YzNvODhEY3NkYlZqQnFNY1NPRGljZTVXN0x0b3c1V2lEcVhYMk9La2dRUEJuOGRFc1RZQlhjNlV5QVZNa1JYei9rQ085UFp0Z1FHOThDd0E5UTlFdFcxUUFvdXI2R2xCRnVtWWhvenFuVXhEaFdIU0xDSEpZMnlLQ0tDM09SZGowcUUxbk1DclVWTTVDUUFHckE2amFES3JGMEJ0UDhKa2xOdkxSWFFrUjVHT2lDUkhrTU9kT3ZJTERkTTdLUUdSVk9Tc0RFZTZLSlVRUXBXM2lrK3pnMHRSb0RTakNHdHFqMldacWdwbDZRZ1JGMkJxWjJJcklEdHZPRHNGT0NxT1c5U3Bub1NEYVBNZ1hrYXRMRFBFNTI1YXBvbVdkQ1FGRUJmcDZqcVVnd3AyMnJ6b0ZYMjNqdnVMQ0dJaThVVnRhVkpDbTJrNVJCYWZFYk82WXdOMWhCMENIc0twZHRyZTZCRzkxMng3cUZqeTBuYStabWhCQkhuR3hoQWh5eWQwSkVVUnByM01WOWt5Njdaa2szckJUTUNHQ2ZKbnNVSThKdHErM1kvcE5Qc3cyTEJvVFFzOTJ1Tm9wb0lVY3NsWEg3QWpvc3NIMTBScFFqUVNmSEI1SVpUT2JTL1IwZnJXWUhRbTJXNGpCdlpuUkE0bnlhSzZRWlhnSkNnR2ZsQmpZMVBOYk5maExpKytsdmVYaVMzdjI1QTlzM0wwams2YTQzbEtwTjU4cWxiTEJpTVZEYTRveStUZXhjN1NZenc4VVM3bHlybGlJRndoVTdrbnQzSlVOdHNLUlQvZEczMTliNnAwckxxdVlCTllrR2hhckpqcUVSQmNEdVNiSGFuSXZXaHVlVHJraDVISnRqb3ZKVnJjZE9ZVy9tSnhDdG9nUkltN1NOZnU0c04ySm02Y1l5K0p4VVJzelFob0lPMXJOVGlja2RVMFlpa0V0SGpmQ1ljRkRtV2NGVHgrZWxYd2o0YnNXMzlMNDlzZzNacjdmODZPRG4xZjhHSVR6a3A4ei9DaTFEdGZnVXVIczlWMzZlU21Ueit3c2gvczJKNUtiKzN1VDRaMmtKZzJIM3gzSkZNTHhXSFRkdGozVytSek9sY0tGWWpsYzJKdlBoOHVONUV5ZWpJdEV3cGxDT3B3cVVTS25QWnNyMFZIUDBBR0lpa1RXV0d5SUVSWHIzb3AxTDhXNmcySzlVYkh1cUZqelZxeDVLZFljRkd1TmlqVkh4YXEzWXJWQjhUTnNOQXoySFB1TXRjSTJ5enVqeGQzaHpLYWhyWW0rbnVITnlhRytkVytsZHhUZlh2Y1dZOGo5WjRydVNqUkUzcWJ5UnpOaGErQUxvcUkxekF5WS9ocnVBMVh3Z1RBOWFxTDc1QnJtaHQ1VGE3MW5LM0ZSNGVWQnI1VnJYRGpCWUZ3NGd2SmdjakRaSVFZYzR0RTVOK2lIS3UwcnZsdW8xOG9tTFRpVVRkK2VLWU5naHQ5TlRuNDNlVEFTWG10enI0MG9FZjYvOUxwS25lQmdQZkNwQXFQRGZJQkpjMkxTNjVoMEo2WllIVk5NWkhMeUFqUDRNY0kzSHM1bjNpbUgvNk9ZS3p6cWlGZzBYS1RSUkd3Wkt1WXp2Y1YwNW9WSUxCb0pwMGl3Q0JhSFg0aHo4TEdWNkpZU1hWU2lveEw5eDFHaVdVbzBVWW1HU3JRZlI0bHFLVkZGSlNvcVVYOGNKWllPVVVVMHdoUTR5cmMyTFh2SEladmdUM2ZMbis2V1A5MHRmN3BiaXBXOFExSC8vM0czWEVQcXAzUm1OTHpqZ0ZqdUNnV29VQklLdFEwdk44TEJKUVJpNWZyZGxwcGVtdDB4MVdvYWJ6V3RPTHRaeU51SHZOZklHM2k4NmNoYmxiekpoOFB0NWlYbjRRMU8zdkxrUFZUZUxNVGhkdXVVTjFONWU1VTNYSEU0N3pYYWJWcmUwK1dOU1NUWjdWN2VKS1k4M2VTemZ6OWlrTm51SHlQek5tVHU3bzRJUFV1aFVXcDNyeHQ3M3JINjlxcmRCZWZNSGZXOVdMdS96cHZ4dkhITHUvS2MxTkRjdGJ2N3ZOL1BlZmliQUg4bG9POEd3VGJzUUdUS3FXUXFXOG9HbXBzWHQ2VURLOGwvMndMTndmYmhWM1Baa1hKUGNYL1BhQ2ExYTJNaHRTT2ZTWStrQTgzdkVLNlc1a1dNYThscnVWS09FRWJTNldZZnc3UWtNL3ZMdmxXVmM2Y1hUbjR3UDNQdDd3L0dLMWVQTDB4UEdITmozeDM4a3ZEOW12S0ZudkF0TTIvT1ZHNmRyQjQ3V0xrNFR2QnJMSHpiL095c2NleDg1ZlpoYy9Za2tVTklDcElxWjc2cWp2MTU0Y3NQalNOWEZpNS9SRWpQdFZrbVVmT1hwOU9CUmUra20xVkVTaFRaRnBDRFQvYWx5cW5YVXZtOW1aZHptWHphMTBLTGh1QVRGRXNOQnFSTWtiU2lEQzRkL2lVbDlSVDNGdExaNEJJKysrWHRMU3NVOGlGVHFoNmFNVThkcHYrekhOSk1JUlpYcG84Uml3T1Frb3A1Ky9UOC9jK3JoKzRZYzE5Uk5JU1NZdDQ5VXZuNmZ2WHdSNVZQSmdpNnZhVkpBZ2tTakpPQWIrWGF4UzFaOG1FejhyRnBoSjRFdzBOdHRxMmg1ZG5RQ21yWmlrZTBqR3dFeXNMdCt3dDNiaTBjL25UaCtzWHErOU1CeUgyTHo3aCsxRHh4bWFCWFE5NHI1aGZYak9QbllJeHg1QVB6azVOSUhJd3E4N09mbTJkUEFiRXlmYTB5ZlFTSlE2akgvT1N1ZWZsNGhhemFzZmNKOFNuSVdvdFlQWE44NGR5RCtabURTRW5XVVdiSDBjSnRVY1c0UEdsOGZvWllUYUxMUWorNnB3T1F3aFJOY01icEQ0eFRoNmdRU0ZZTERaTUZ0RzZqNXg4Y0F1c0RrSnNXMm5ZaHBDUEt2bkhGL1BRTGdtNWZJUzR1Y2IwRXJwYkF0Ukk0VVFKM1NlQVlDYndnd1pScmcwS0NLVWhnc2dRbVNtQ1NCQ2FRdUZtUnJmK3dJRnJ5L1VIMDRnOE1vbjRWMFd5SlNJNENXbE1XN241ZHVYZWpEcTByODMrNVFEeGVpMjZNUkVCck50b1ltK2JjdWhXZzFha0w4dy9mSStqdmo5c0JWVEd1blRVbjUwUWlINmtweHZnTlkyemNrVWkwVGQ2WXYzKzJqdmcwbkg4S0JKc3g4NTd4cDI4Y3gzY29sYTh2R2pmRzV4OWVyRXhQV2M1Q1lxZFMvV3k2K3NldnlLeXBTMnFJYnJrV2dGTlZJWHJJUnNySEFGcFRxdWRwQXBnWEpxZ3JVSlN1VkE1L1pSeTdJZ3JreEpoaXpOMGhFV3d0U2kyeFF6Ryt2VzE4ZU5NU1dLdXRVekh2M0tQNVdUUEdiUjhBb3FxWWg0OHVURTZMTEdUa1UzREcweFUzejV3elpxL1dVaHkzandCVUFVcjE0QjlKcUFFRmJVdWdKK3JRdW1MdEE0aDIzNE5XUTkxQUk0ZkVoMGpIbVNhMW11Q29JK3FXNitxSWo3ZTEwV3drVlI1RkV4d1p6aEFhUThBS1A5N210eHFxR2R6OHdQckp6d2lSMmcwVkRtNkJKR0svbnVGRTkyMlRWanhXOHBrbnBvMzdseXh1cW9lRWFQWFl2Um8wMVFCTFZua3dhZHc4WWFISmxzYldabmFxaHJ1RGNwKy9YN2x5QzBRQjJtbW5YZzExRlJwNCtodmo1QkU3R2FIV3NvZzBKWStmZzhnRWdVNTcvR3FveHRDRjF6OHpqOXkxRXdzcU5DUk9VSUUxUk51UnhzeHRrZWh5ZEt5R3VnN05QM0dFK04vYUY1akFEcTNPRkdOaWt2akxJdHJhSURCcVJzYnF4VTQrWExoMnhpSjIxQkhCSUl2WXlZblZnM1BHZTMvbUczZjdpMDRIWGI4S1h4cDg2ZUxwRndka1hCZlB3Z0VZTUFDMEFZc1dnNjhPK09vVVQ4MUJHREFJQXdaaHdDQU1HSVFCZzUzaStUb0VBNFkwOGJSTkFESmhJWFh4Q0U0Q0xRbTBwRjUzTGtNK1NwQ0ZEYWMwelMwSnNzZytzMmwrU0pBUEVzUy9CUEV1UVh6Yng3b09uTG9tSHZJeFFNWXNwTTVQZmdraVJvTFlrQ0FLSkZodkNWWldnalVrTmNLTERUWENZMzFZUWFGam5TMWJkVGFwTFZydEt5MnBNSjZvNmRUeU1xTzVzY3dJUUQrT2JXd2s1MmIrc3ZEeEpiSVp0RGMzU1VBaE5qZlhWOE90OXFYWlhkbmlSbVcvZ0o2ZnBXekwzdDA3aXNiRVFkRDRGSFROTEZwaTYwWk9hVjlNYkdFREplQWhKaTF1S0s1YTdkdTd1MDF0alRhdGd2YWphSk95UlNYS2dhRFZFalFreEd0SHhPbUlBUFQ3N0Nrb0d6bjZGUkg5Q2tkdkV0R2JPSHFyaU43SzBZTWllcENqaDBUMEVFZHZFOUhiT0hxN2lON08wYStMNk5jNStnMFIvUVpIdnltaTM2VG85clltQ1Z3Slg1b0VicExBS1JJNFFZSkpTekJKQ1NZbHdTUWtNRm9DSXlVd1NnSWpKRkJLVnI3TktTUDhHQVZMaFljYTl6RFkzaGdHVDJQZlZ6RlBmMm1NVDBGWko2Nnh1ZzZlY1hpejJKMVRVUmZ1L1A1cDdGRXJwUGdnVi9MdmtVaWIyZTZjVEdJWSsyeE9mR1FoMUdkRmVRbG5lWlJQa0JhamhkdlZzOVh6di9lVVJsdHpibnlDdEE1cTI4TS9HZGMrYnVBS1kvTlVxWHp4MFB4NHpsTWRiZm01OGRucWFIOWFNYy9jTkcvZjlKTEdXdHB1ZkV4YUhiUG15cXh4MVNwVmZmRjk0OElmUEZXclRMVXpuekFSNmhiajdOR0Z1U3VlMHBoYlhQZ0VhVjFFMnZ6TVVmUG1SdzFjTENqcHd3cWQ0c0xWYjcyRGtyM0F1SFBhWVU3ZlFHaXdPYWNEc21pdUxCcXk2SzRzZWhpN3ZvcEJ5c1pidDV3ampIYTNGUnJ6bHo3emNpVnJncnZ4MmE2a3J6RGtWanBGWE9BcHJZc3RqRE9mTFkwKzJwQnJ6SXd4ZThGTEdudmJjZU96ZlU3ZnVSVHpKdUc2NTcySzdFSE1uWk5KL0hXUDlVUkdaK0dRNThDcUNrTFpEdWpGek9UK0N2dnpMcXg4M1dMc0JrbnZpUWRkR09oU1ZHNmRORTU4NnVVODl0N2d4c2VYZ2ozWEtOWFQ5MmhQdzEwYXZPcTQ4ZG5TNkxzVEN5YUhxQlNrc2VjcE56NUJHb3Z4UytUcVBlVXBEWFo0Wno1Qkd2V2IrZkZEODhweFQybk1ieTU4dGpTTmhmRDFDNVd6WHFjUHZHUzY4VEZwb1I3cjZWUWg5enh5YVNVM3I1cm9RYnJtVE5mQUd1cDM4OXlOaGJrVG50WXd2N3Z3Q1hQVDRUaXBuRGptS1UyM2poTW52cnJqQkI1Q1haazFycG9kQUorZWNEcXNrVUZ6WWJCY3dYYXFzYU9HdzlGQWs1QTlkeXJHeEJRNUdLcUhKeHA0bnJOdFpnK2pIcXkyeDJJc2krWW16RnRlT1Ftdm5XNTh0alQ2K3FuTXowNVczcnZvSlkwOWtycnhDZExZZm5IMld2WDhtS2MwMkMrYytlcFhrejFWdXpMejFleGtSZFhoQ2U5VEExNmEzZmpzaWRBblRhVnkvSlNUenQvMFdLLzdWdWFTSTkrYytyQ0JUYk9Wc3A4Q2VITUxxcnNnWnN5WkcxNFQ2ZXF5QXNhSlQ1RFdEZEtNYnc1NVN1dTJwRG54OFVPRnZlblNRNFhXQ3hPTkc2QVF6K3VqMXVuc3dtcGJTSDl6UU10TzQ1Ym5mTmxQRTl6NEJHbk1lNmN1T3UzUGpLRmJ0ZXJYYjg5NHFldFdzWDUxNEdQcVdCalFCM3FGRm1wa29tTkh6Yk9OVzUwUUJ1dzEzNXViU1c3ZjNpVGpoY2ZQYno0eTNsajgvT29pNDZYRHoyOGZNdDRjL1B3S0llTXRRY1l5MzgvcmZSbkxiejh2Mmpta3lWaE4rM2xaTFdOSjdPZTFzWXpscjR6VnE1K1hzVExXcVFob0NPZ3lWcFl5bG9aK1hpUEtXTi81ZWFFblk1SG01OVdhakhXV254ZGNNbFpKZmw0dXlWZ015Vmp4eUZpeStIbnRJbVBkNGVjRmlJekZnNTlYRVRKV0FINWVDc2g0alB2NWVTN2pXZXpuaDdLTTV5NENtb3hIcEorZmxUSWVYWDUrNEhISTR1OU1xQWhZR012dDdQanc4M05FeGdQQXowOENHWGR4UDkvT1pkeGQvWHhQNWhDSTc3UldCWFpOR1RkR0dmYzBQOS9jWk55Uy9IeHZrbkZmOGZNTlJzYWR3YyszQ0JsejI4K1RYTVk4bGpFUi9Ud2paY3dqUDArb2xXc1hiLzloL1QzdnhsOFhlM0J2WnI4RW9MOFhhQTB1SGFaLy9rai9XQ0pWOWkwN1FENi9lMjdyMXQ4OWwwNEhXNGNUNWRSb21mMTVaTk4vNWNiUC8vVi81S0E4dkxHUXRsQTlMYUZyZjVPSmlNMmxvVXdxSFMva0Q0d1FobVN4bUUvbTl2aVV0NnIzUHpGUEhYczdiSHowd1Bqd3FqbjFoWG4rZzc4L0dIK3JldjRjdzVzelk5VnpueHRqbDQzcjM4S1BFNmg1aTlxVzArL2drbUpoWno2M2M1ZnZ6VzNsWEg2NGQyUlhUM0Yvc3BqTjVqUHM1d3U1Zks1ODRKbEllWDhaL29heko1UE5GWVozanV5eXFaRm53L1gwZEc0Zi9ZbkFTNk9aVkdUTmhuUTZUZHhCbFBsSzVRUDVqQyswTHpOYXp1MU01WlZVUHBjdFBGOHU3dG13ajR0N2ZvUDlDNHIvMnl6SnlOWmlJYjBqRHpON3NqeVNLNjNiUjMvZjhFSWtzaUZORmlVZ0JTWEg1ZkEzck1ZbStndUhtc1hZUlB1WlpGbERQNnNkSFBvWHZvS2hsWHpsUXUwam9jQVBYYWJRejMydlBkcjZFRnM5Vm9kU25kY210T3FSbHlYMDFHT3ZSK2hmblZjaDlJczZGNjdtYmcvOW0rRHZidnEzeFN1YUZ5MFBOTkYvbHExYzI5U1VidDdBWE5UU3hqeTB5dmRFT2xmYWswOGRlTDVRTEdRMnBQOFhVSWdkMnB3OEFBQT0iIENvcnJlbGF0aW9uQmluZGluZz0iIiBVcmxFbmNvZGU9IlRydWUiIC8+DQogICAgICAgIDxGb3JtUG9zdFBhcmFtZXRlciBOYW1lPSJfX1ZJRVdTVEFURSIgVmFsdWU9Int7JEhJRERFTjEuX19WSUVXU1RBVEV9fSIgUmVjb3JkZWRWYWx1ZT0iIiBDb3JyZWxhdGlvbkJpbmRpbmc9IiIgVXJsRW5jb2RlPSJUcnVlIiAvPg0KICAgICAgICA8Rm9ybVBvc3RQYXJhbWV0ZXIgTmFtZT0iX19TQ1JPTExQT1NJVElPTlgiIFZhbHVlPSJ7eyRISURERU4xLl9fU0NST0xMUE9TSVRJT05YfX0iIFJlY29yZGVkVmFsdWU9IjAiIENvcnJlbGF0aW9uQmluZGluZz0iIiBVcmxFbmNvZGU9IlRydWUiIC8+DQogICAgICAgIDxGb3JtUG9zdFBhcmFtZXRlciBOYW1lPSJfX1NDUk9MTFBPU0lUSU9OWSIgVmFsdWU9Int7JEhJRERFTjEuX19TQ1JPTExQT1NJVElPTll9fSIgUmVjb3JkZWRWYWx1ZT0iMCIgQ29ycmVsYXRpb25CaW5kaW5nPSIiIFVybEVuY29kZT0iVHJ1ZSIgLz4NCiAgICAgICAgPEZvcm1Qb3N0UGFyYW1ldGVyIE5hbWU9Il9fVklFV1NUQVRFRU5DUllQVEVEIiBWYWx1ZT0ie3skSElEREVOMS5fX1ZJRVdTVEFURUVOQ1JZUFRFRH19IiBSZWNvcmRlZFZhbHVlPSIiIENvcnJlbGF0aW9uQmluZGluZz0iIiBVcmxFbmNvZGU9IlRydWUiIC8+DQogICAgICAgIDxGb3JtUG9zdFBhcmFtZXRlciBOYW1lPSJfX0VWRU5UVkFMSURBVElPTiIgVmFsdWU9Int7JEhJRERFTjEuX19FVkVOVFZBTElEQVRJT059fSIgUmVjb3JkZWRWYWx1ZT0iUXNOcEJPT2hXNzVyQkZpNnNnWlovSU9HZzg3L1Q3THhvc1Q4TVh1OVBZd0hjRTRBcXVKdC9BeTNDR1MyWFFleEZjcDFWaHRmbW9hUlFmWERsbVc0eVd6T09ucDI5b2liVjZXUzhnZncyTUJPdEhPUmJOa0JINWtPMXQ3eVo5WGcvY3B1MDhCdmdIbTFkWkFoaTRpWVc0RnAxRmJmSHNEZUU5NU02K0UzUzFZcHA3ZCtFRDlPU3dSdGtsN3VydnhiUWF1RmFQNVFybkVZNzJIOHJRa3FxanJQbEIwMFR4TENwcXNLWTFUbi9lNFNrdDFZNGdqOFhWOE01T0JoQWNCOFgyM0xXZ3RmSUl3MFVoV2xRbEt4STJVSXBLYklwNEN0SEhUVE9VWlZBNzFkWGNTb2FkYVpYbHZDaFlQSnh2ZHMxQ1dNSWlJb003WmkrdVNENG9CQVNXeHUvWTJQcFhpYXV6ZzFTQnFIRUY1S2ErcVQ5aWliYWdBVTRtb2gyTmRnMmpXMXpCUXZzTW1MYUdvK2ViNk90VE5QWXJQc2tPRm5kSDBMRm5tQU9OeEx4emZjYnYzSGwvL1B1dDAvQktzcFVXeHhNZzdXQUhiZ040TlhrUCtYNWRIOTdONGlEd0RoN2VrQjdPZ3NkV2JLU3hPam51TnB0Yk1YT0FsWndqZlhBTlpJLzU1NE5hNUxiaVF5WHIyV1dQdHl0WVhtSEdhSHp6dVNJMjJlMTFhMnVrRm55cTEyRWdxMi9DTTdMYzJLVlJvMmI4TURndXNTckJDekcvam9MdWFlQkFQdnlHcmVIdDVVYU5kM2h3QThwNGx6NjBkTEFSVk5ZdjhJOTA0ckM1UFJyblJGRlQ5RlIzbk5RbGEydUFjRWRyVHdORzNLdy9GOXFtMUhMN3JhZklQMWY2TDEwWm0yZU9MbTdPZno2U0k3aHVqaEg5aVkvdVU3NTgxM2F1NkxsOUtIN0daajNjaTdtTTl6K21JY0grRHB0Rklta1kwWWRBSytVbjZQUmx5K2hiQ2cvWkdOb29ZQUZ0UWw3YUZDeWxZSjc5U3ZxQmZpYjJuUDdHN29RVTRUYjhkdzR2VlhQRGY5YzQ2d2dycFd4ODZGc0VKaVhSZ1YxbWhrZ0NucUdOUXdTTGRWS0VYMDRmaHo4eDcwU1RPNjBRYzhNckgrNmFKdzE4RWw2ci9PcVpRRWl5eGFTZmxOYkFua0JUbTlNczlzeHNmUzlHelBPcjBIWVRlenhxMG9ZR1FHMENrb0pLVlpHUytOY3hweVdmUkRBNXpZRUQ5M0YvNk0ybkpYaXVQV3M3RzczMG5BbVViV2trc1hPa0JWMWNHWGdUV080K3kwT3VZSkJCWHBuUzNoYkRQNmpOQy91MDNaTExabk92Z1ZMZHVIVVZrenh1TGFuWVRhcjRERDdOdVh6Rm1QZzM1TjF2Y2dSbm91N3o3T0xXcElOenRZMmo3WllxMGJhZ21saWY5S2gvQ3N6bVFDTlBPOGJ6VFdjVUxwUDZvUHk2SUNHdTNkMk1VNjh3djlVRUdQSUtvM0lkN3F2cEx0bWllemlXTWljbmhQSG9CN2hQR0VtVk1UY0Z6eDBtQlMzb2MwRzRLOW9WY0xBck1WVzk2clpGUk5XNlE2U25Gbit3OTNNZUMrQXFaZ2tTWEc5YmRaL1pBZTF4bzZTYjZxeG5VQnlNTlNRVWR0ei81TlFtYkdSNXVNRndkWUMxdTRnd0psVkRZK2lscytDamFBK0ltYmtjbVhZQ2xXS2tJU3BjdmJrdDFCdmJmcVExcVVIRHRYODltTXViSm5icG82emxRS2M2WXhaLzRFc1pqT3Z4QnBGT1hqVDZ4aUZBVGh5R2tMejB5RHhIdEJuWS96RTJvWTE2Nm55cXY4OXgySk0yOXV4U0haV0tCOW9nSFB5N3BGNERIUXVzSVNqRUFrYkVPT2p6ZHp3R3BWbk9MNnFzMDZVUGxvak9qajFpUTYwZlh6K1VZN1B5Uk5Zd2VWUytLSTc5WUgwZUp5YjdkTk9Xa3dvMWw3RUtOOEZPWnhpdXg0VW5JTTdOYmVTUVdKbmRtcUQzREdnZFJUcUVNWmlZVkI0L0JYUjVrbGRaYnE2NUdVM0xndXoxMDZqQ2V1Q2ZUUUVsK2VGcDZXNHpQUWFodXNzRmFEWVgrLzZVY1ZnaHRmV3FUM2dXalBJbDFqR2w2MSs1M2ZtV3dCTlB2c3dpKzJpRWxCdmVOQUFqS0l3c2tTZ01RZWkvWCsxU0RJeTV1eDhjV3Q2UXlaTzdhSjdxM1JyalFIeCtWVURFRFFvVkFMWXpFaCtJNk1uMURRZExhR3N4UXdzbXZISlh2T0J1ckxDb2RVZkYyclkwNDZwYzVZZkhRalFyMldiV1V0T0U0ZUx4RUZhVXc1ZXBYQURNZEVXUEFSREs0eVpHb2tPS09GdTQ5U3pYTVd6QjZuaUZ5d1hVMnd5NXk2MWRvR1FUaUR3RTY3ZmZMWmF3ZmYrNytYa3ZqVkFYeHNFalZuSytRY2hkSWxSRTBQcTIzTDZYZmc0bkVNYitZc2haeXBQZVJ2TmNES2VvbjgzWkxZbnFEMnlDc1VLaUt5aDZKSDlVVTNGUExGUWt2ZWZHSnZuemszTmZtcVBhcGlkZEpYOXdUeFlTOXUzRm1LQ08rNEpsTEJQTXR3TCtwRUNlSzJraEhoU0tSYzVSVkVSbk9FcEp4TGtqUXNUVGhHZmIvMEZadGtaTVRaODF5VExGTUNOZEhzQnplN0RsdFN4Q3BzY1orYjJHQ3hDMVc5Wnl3cTF1cCttV1J3TTJzbkxTSWlLZDV3bHpUWEJTUkoyaFNxMDVoM1pBRVBFc1R0MDJlZHRSL1g1L0FFRGdaOGl6eW52MkwrUFBLTERibU90WGNISEdiUnZidHdjTUNXM2dKZFZlME9iWEhOL1orazZQTnZTRlByd0xWWVhwUXNmTWhObzBiNWlZYk12MXNoc2hINSt1S1UxTHlRM2VvMnl5VXVWWTQxMnB6ZmNMSGFkN3FFTUtETjRyRmZZK25oWmhoeDVkN0xZbmpsYTcxN1RDS1JRS0RMYURYTWRDNW1pN1A5R2VGOU95d3VXU0tFdGdtY3h5RFgxVnczN0ZFWlRtTHhNYTNUZEdGWmUrSnVwQkRwU1hYNVl5aGl5MkFLejQ2cVJGa1RIKzNGMENOUlJwb0xIK3g0U2ZYYlh5OGVXeUtmOXlCZjBSK3ZxK2R1ZE8rOWJmSmFEZTBsSkc4cFlRZXVyNmx5MDhnNzJjQlBnTHVid0crSjZtSU9JZzNQUmQxRlVKWXd4b1RUUmNPZ3prem5RUnNja3hyQjlRUFpucDF6WjE2bWZMSkQveEl0SUF0VXhrWEdBL0pXNFpBOW5rQk4ybmpTSndZYVdrbHkrNHpRSlJDMjZ4andxUXJJZmFzQWFkdXIrSlJTdXI1anJMNWFhakNVSFNhK2VEMWtQOVV4eHNyRHlnZDA4RVRiN0liRG1zVFM0REdtbTBsZmZwd0V2eUFXWVNtKzJiZUFvcFBsaUdpT0ptV1BrZm4vcUxodURNOGtyOU5GekRJUXJKRlhDRzB4OXd3dDFQc0pSeWRJcXYyeWwvQU1Jc29RdjN2dWg2UmE1WlJnVjB2aHVJZnJGSUtiMGNZNk1KVnFmN3NoTlF3cEZ2NTcxNzRLUnJsdEVLS0JDNnhmcmJPcnlUdk84ZVZmZnVKYXdveWtPcnJDS3FXaE9aQzdFWVM4WE50NGd6N1Q4WExZUVMyR29xT1VWeVZQeGFKRFhKQ1NTZ1AzRXExWHYrZTY2d1hGU1NhaXltOUF6TFV4TmprYmdSR1VsM2p2NVV0MVArRURXMjFaanlQQ2l0MHh2MjljSHlCbjNHZ0VqYU9DNTJSQ0U3d3UzYy8rS3AxdkJhS3J6b1hsUmlZV3dsTDNyUHpseEc3RlphNlkxOXdkNCtiUGh4amhYU083UHVPTlIrQjZ2eDJyL3cvZjRyZVBXSGlnOXJ0UHRsQnAwUzdDQnpTZmtTUDJFOVJueW9LM3g1NXIrNys0MS9tOWVqNk1XeFgya0lRbFdWZWFHUS90VExXVlhyV2xCVXdmVmZwcTRkRUlGRUtsb0NrbWY4SCtpRGVPeEZjZWYwK3d1YW01cEhoeTk5dVFhSElRM2Y0VGI3c1NjekhNWFNIeVN5TU5BMWJoUHhpWTVlL3RpNG5SY3UxQjRSeHkzREVwdzA2ZUtJd1JHMEhSTFdrdzlRTEdETzE2cnBXV2RjVkQyTmY0aS9ZQkJ6ZlV5REJzZmNiUWh4YXl4cjJTb3FOd1hMWTcxbGdDYVI5Tzh4VWpUcWZNRDYwM0kvTWN4RmlKUVlrRlRONHlxVWFFcm41cTVFV2drRWpkbXZtM2cxYy9FeXVPUHFQSnNSQVd2ajlBRVBtWm9tNXZaVkJ1THdXNVRHVW5EVzRHRW16dlR0amFDbGhCQjZMMU1kUkhnUU5RNmdTWVZwS0wxNTdCbTdLcFYvY0xSU3doMjVwWDlrZExBcTZrU0NMQTI1dXFzMFkwQW5zb25OZGFSZlhGV3ZxaXhGOVlIcnk5eDhneUZhaFRyY1JZZW9tUjllRUNoV000ZHRSQ3dSOXcwY2ltWURQcm9SMWxrWGFZOVE5ZGFJbk1lbFppK1Vjc01EY1QzNnVPT0NISEYrLzhibkhneFk3ZEhYUXF5OGNYZnhDNFBsYUo3UjhaWU83MVh6QzhHRThoeTlJNUoyS09VdTh4NG8zd3dSN1FFeU9SdksxUjFFeVlMVzdiRk5HWnNyOGJhcEhZdUdOR1MwNnN3alkrL1hNSGNsK1hhTTVtWFdGMjJNTGE1SW5wUlJ6eThBK3Vlcm9TVWZNamlVZzM0anFRc1NVbjJUNDVqazdQbjlTc1kwOXhEc2FScnBCelkzTVlCNlFaYjEvMGs5QWo3UGNZQi9lWlYwbHd2WFBXVW1vY2RQbjdINzlwVFErcWdoNHU2RDVNL3FWTHlpZmxJREQvQUlyOTdMTUdqa1hSdlhQM3VKbFNra2JMRURzUFJMa1FlNjhKNTBWd2lYbHYvSlA2RVVxT3RDZjUyZUtXKzNXNHByVUU5WTY1dmhjZk0vNDZWQ3ZwUlNpbnBXYThmQk5tZ1RiZTNEalZRWVRnZ3A5SzdQNnpFbmw2dGV4bjlGemZLeE1LaklaNVpPbjRzQnlvV3o5V0hKeWozbmFmYktlUkphdWMxSDRiTFI3RHBvME15TFlrNVptWjBsL2hiQXFoaXVYL3lqNStpYmwydVlzOFVYU3J3SjVUSGJIT1BQS05VZzdjR2oyWFJQNUVtRHRWbERNNDBQeGdNK3pCZCt0ZkFsYWthZ00xZmVmcTFVbTdaVmxNY2xIRi9WNHZtMERSclA2MlRkWGhHeC81YlFYRHRaY1JXUllRaVNDOU5OUGVEWWxqalF6bEh2Ny9EUjFxU1k3dEdDYmc2SDhINHBjalBlL3V1b1lpQ05FTUtwRTRqNkt1aFJscU5lMXlCd3BEb0VVN3lMVktwUXF0bDJMRFN0cGJjeHYyTEV4Ykp5dXpXRmRlVkxoLzErSFgwMFNKSnhWODJ0dmdIb0ZSdCtBeUV6VTEyQkxKQ0dqaUx6UmwrOXExeEgyMEZDcDgyTlpEcW1qTXFFZkZ4MmtpNHJNYmRSZSt0cVlCbVZldjhobndJVzVPSXdCeWVZL2NkTUtPajloNjRyQVBJSU5oU092RC84V2g3U1p6OUsyd3RUMGYwZGlPSU8vRGpCeWJBQWxEWTFiZmtGcGlEMHFucnMvb2tzMGZLQWdGb2hJUjc0WmUrL1Ftc0V5clFCbnhlemxJUG9kQko2NTFydHBsbktBNW1IWGFDNERtZ0thalQ5d1dGWkNQMVJJVXg2MW9sT2dGRWZuWE82TnJvamJTOTBtckNWa091OTJjWHB0VkJzNGgzWjlFOFFrNjUrd1F0QXJHTE1jbjcvaE85eU9GTlcxeW5iY3UrbDQrc1ZhQ0t2VWY4dXFxakw0UXJiQ3pKbTExQ0YwS1F2eXJvd0RSRHc1Ymkxc0NEakE3R1EzNzRvekpZOHVwTWRXWTFyeWFiN0wxMktjeUFZRUsxNkc4MDJuMEpmc3FlZHRhQ3BKcjBxRXRISXJKSlE5cTVMdlh4TlpuN2NIKzdvbWZaVUNUdzhEcFl5WVF1aE11cGdobG9JWEJMSnA2OVFkSjBVTXcrY2JpVy8vSnA3WSt0VW91RlVOMEJFZXJiMXBaMGdTYW53S1kwanMxc3N5aHEvS0FENjVxTDZyemk4SmdrSHFnZlRhdDlHT2dVdEtCTDd1WGFXWk85V0I1dVNZK3FTVjBzczBGdUdWNFVRU2JEck1TMTl6VHpCRUJRbERldXhVRTRSekVUaDJVSnZiR251SERXaVdBT0ZTbVVoVVZNdklnUktiTkpnTzBlaE9iRVM0WnNpMHgwQ0EzVnBnS2xzWEtMMzVHYk9kMk9nV08yaFVWVWdVNnRwOVdscEZadEdOWGdodDR4RGRraTJEWkRzNVd6cjYzeHAvNUNRbU96YkZ0RG1xWVFvWGcyWkFaaDZHalBiL05Xd0lFQzBOcGhiTzFRWnRSTldPZ21wSFVab2pER3RLeHo2SWdEVzVmdkNYNHdGUFZPOU9tOEg1T1dPNVhxMy95RCtFPSIgQ29ycmVsYXRpb25CaW5kaW5nPSIiIFVybEVuY29kZT0iVHJ1ZSIgLz4NCiAgICAgICAgPEZvcm1Qb3N0UGFyYW1ldGVyIE5hbWU9IlNjcmVlbldpZHRoIiBWYWx1ZT0ie3skSElEREVOMS5TY3JlZW5XaWR0aH19IiBSZWNvcmRlZFZhbHVlPSIiIENvcnJlbGF0aW9uQmluZGluZz0iIiBVcmxFbmNvZGU9IlRydWUiIC8+DQogICAgICAgIDxGb3JtUG9zdFBhcmFtZXRlciBOYW1lPSJTY3JlZW5IZWlnaHQiIFZhbHVlPSJ7eyRISURERU4xLlNjcmVlbkhlaWdodH19IiBSZWNvcmRlZFZhbHVlPSIiIENvcnJlbGF0aW9uQmluZGluZz0iIiBVcmxFbmNvZGU9IlRydWUiIC8+DQogICAgICAgIDxGb3JtUG9zdFBhcmFtZXRlciBOYW1lPSJidG5RdWVyeSIgVmFsdWU9IuafpeipoiIgUmVjb3JkZWRWYWx1ZT0i5p+l6KmiIiBDb3JyZWxhdGlvbkJpbmRpbmc9Int7Rm9ybVBvc3RQYXJhbTEuYnRuUXVlcnl9fSIgVXJsRW5jb2RlPSJUcnVlIiAvPg0KICAgICAgICA8Rm9ybVBvc3RQYXJhbWV0ZXIgTmFtZT0iZGRsT3JnQW5kRmxvdyIgVmFsdWU9IiIgUmVjb3JkZWRWYWx1ZT0iIiBDb3JyZWxhdGlvbkJpbmRpbmc9IiIgVXJsRW5jb2RlPSJUcnVlIiAvPg0KICAgICAgICA8Rm9ybVBvc3RQYXJhbWV0ZXIgTmFtZT0iZGRsUXVlcnlDb25kaXRpb25zIiBWYWx1ZT0iMCIgUmVjb3JkZWRWYWx1ZT0iMCIgQ29ycmVsYXRpb25CaW5kaW5nPSJ7e0Zvcm1Qb3N0UGFyYW0zLmRkbFF1ZXJ5Q29uZGl0aW9uc319IiBVcmxFbmNvZGU9IlRydWUiIC8+DQogICAgICAgIDxGb3JtUG9zdFBhcmFtZXRlciBOYW1lPSJ0eHRPVEVtcElEIiBWYWx1ZT0iMTAyMDk5IiBSZWNvcmRlZFZhbHVlPSIxMDIwOTkiIENvcnJlbGF0aW9uQmluZGluZz0ie3tGb3JtUG9zdFBhcmFtMi50eHRPVEVtcElEfX0iIFVybEVuY29kZT0iVHJ1ZSIgLz4NCiAgICAgICAgPEZvcm1Qb3N0UGFyYW1ldGVyIE5hbWU9InR4dE9URW1wTmFtZSIgVmFsdWU9IiIgUmVjb3JkZWRWYWx1ZT0iIiBDb3JyZWxhdGlvbkJpbmRpbmc9IiIgVXJsRW5jb2RlPSJUcnVlIiAvPg0KICAgICAgICA8Rm9ybVBvc3RQYXJhbWV0ZXIgTmFtZT0idHh0T1RGb3JtTk8iIFZhbHVlPSIiIFJlY29yZGVkVmFsdWU9IiIgQ29ycmVsYXRpb25CaW5kaW5nPSIiIFVybEVuY29kZT0iVHJ1ZSIgLz4NCiAgICAgICAgPEZvcm1Qb3N0UGFyYW1ldGVyIE5hbWU9ImRkbE9UU3RhdHVzIiBWYWx1ZT0iMSIgUmVjb3JkZWRWYWx1ZT0iMSIgQ29ycmVsYXRpb25CaW5kaW5nPSJ7e0Zvcm1Qb3N0UGFyYW00LmRkbE9UU3RhdHVzfX0iIFVybEVuY29kZT0iVHJ1ZSIgLz4NCiAgICAgICAgPEZvcm1Qb3N0UGFyYW1ldGVyIE5hbWU9InR4dE9URGF0ZUJlZ2luJHR4dERhdGUiIFZhbHVlPSIiIFJlY29yZGVkVmFsdWU9IiIgQ29ycmVsYXRpb25CaW5kaW5nPSIiIFVybEVuY29kZT0iVHJ1ZSIgLz4NCiAgICAgICAgPEZvcm1Qb3N0UGFyYW1ldGVyIE5hbWU9InR4dE9URGF0ZUVuZCR0eHREYXRlIiBWYWx1ZT0iIiBSZWNvcmRlZFZhbHVlPSIiIENvcnJlbGF0aW9uQmluZGluZz0iIiBVcmxFbmNvZGU9IlRydWUiIC8+DQogICAgICAgIDxGb3JtUG9zdFBhcmFtZXRlciBOYW1lPSJ1Y01vZGFsUG9wdXAxJENsaWVudFdpZHRoIiBWYWx1ZT0ie3skSElEREVOMS51Y01vZGFsUG9wdXAxJENsaWVudFdpZHRofX0iIFJlY29yZGVkVmFsdWU9IjAiIENvcnJlbGF0aW9uQmluZGluZz0iIiBVcmxFbmNvZGU9IlRydWUiIC8+DQogICAgICAgIDxGb3JtUG9zdFBhcmFtZXRlciBOYW1lPSJ1Y01vZGFsUG9wdXAxJENsaWVudEhlaWdodCIgVmFsdWU9Int7JEhJRERFTjEudWNNb2RhbFBvcHVwMSRDbGllbnRIZWlnaHR9fSIgUmVjb3JkZWRWYWx1ZT0iMCIgQ29ycmVsYXRpb25CaW5kaW5nPSIiIFVybEVuY29kZT0iVHJ1ZSIgLz4NCiAgICAgIDwvRm9ybVBvc3RIdHRwQm9keT4NCiAgICA8L1JlcXVlc3Q+DQogIDwvSXRlbXM+DQogIDxWYWxpZGF0aW9uUnVsZXM+DQogICAgPFZhbGlkYXRpb25SdWxlIENsYXNzbmFtZT0iTWljcm9zb2Z0LlZpc3VhbFN0dWRpby5UZXN0VG9vbHMuV2ViVGVzdGluZy5SdWxlcy5WYWxpZGF0ZVJlc3BvbnNlVXJsLCBNaWNyb3NvZnQuVmlzdWFsU3R1ZGlvLlF1YWxpdHlUb29scy5XZWJUZXN0RnJhbWV3b3JrLCBWZXJzaW9uPTEwLjAuMC4wLCBDdWx0dXJlPW5ldXRyYWwsIFB1YmxpY0tleVRva2VuPWIwM2Y1ZjdmMTFkNTBhM2EiIERpc3BsYXlOYW1lPSLlm57mh4kgVVJMIiBEZXNjcmlwdGlvbj0i6amX6K2J5Zue5oeJIFVSTCDlnKjlpZfnlKjph43mlrDlsI7lkJHkuYvlvozmmK/lkKblkozoqJjpjITnmoTlm57mh4kgVVJMIOebuOWQjOOAguW3suW/veeVpSBRdWVyeVN0cmluZyDlj4PmlbjjgIIiIExldmVsPSJMb3ciIEV4ZWN0dWlvbk9yZGVyPSJCZWZvcmVEZXBlbmRlbnRzIiAvPg0KICAgIDxWYWxpZGF0aW9uUnVsZSBDbGFzc25hbWU9Ik1pY3Jvc29mdC5WaXN1YWxTdHVkaW8uVGVzdFRvb2xzLldlYlRlc3RpbmcuUnVsZXMuVmFsaWRhdGlvblJ1bGVSZXNwb25zZVRpbWVHb2FsLCBNaWNyb3NvZnQuVmlzdWFsU3R1ZGlvLlF1YWxpdHlUb29scy5XZWJUZXN0RnJhbWV3b3JrLCBWZXJzaW9uPTEwLjAuMC4wLCBDdWx0dXJlPW5ldXRyYWwsIFB1YmxpY0tleVRva2VuPWIwM2Y1ZjdmMTFkNTBhM2EiIERpc3BsYXlOYW1lPSLlm57mh4nmmYLplpPnm67mqJkiIERlc2NyaXB0aW9uPSLpqZforYnmraTopoHmsYLnmoTlm57mh4nmmYLplpPmmK/lkKblsI/mlrzmiJbnrYnmlrzmraTopoHmsYLmiYDmjIflrprnmoTlm57mh4nmmYLplpPnm67mqJnjgILlm57mh4nmmYLplpPnm67mqJnngrrpm7blsIfooqvlv73nlaXjgIIiIExldmVsPSJMb3ciIEV4ZWN0dWlvbk9yZGVyPSJBZnRlckRlcGVuZGVudHMiPg0KICAgICAgPFJ1bGVQYXJhbWV0ZXJzPg0KICAgICAgICA8UnVsZVBhcmFtZXRlciBOYW1lPSJUb2xlcmFuY2UiIFZhbHVlPSIwIiAvPg0KICAgICAgPC9SdWxlUGFyYW1ldGVycz4NCiAgICA8L1ZhbGlkYXRpb25SdWxlPg0KICA8L1ZhbGlkYXRpb25SdWxlcz4NCjwvV2ViVGVzdD4=">
      <Execution id="8687d3e9-f220-42a1-bd6e-90d4ff9f34bd" />
    </WebTest>
  </TestDefinitions>
  <TestLists>
    <TestList name="不在清單中的結果" id="8c84fa94-04c1-424b-9868-57a2d4851a1d" />
    <TestList name="所有載入的結果" id="19431567-8539-422a-85d7-44ee4e166bda" />
  </TestLists>
  <TestEntries>
    <TestEntry isTransparent="false" testId="1265e208-ff74-47d4-bee0-67170f6c4143" executionId="8687d3e9-f220-42a1-bd6e-90d4ff9f34bd" testListId="8c84fa94-04c1-424b-9868-57a2d4851a1d" />
  </TestEntries>
  <Results>
    <WebTestResult executionId="8687d3e9-f220-42a1-bd6e-90d4ff9f34bd" testId="1265e208-ff74-47d4-bee0-67170f6c4143" testName="WebTest1" computerName="ANSONHUANG" duration="00:00:00.6722297" startTime="2017-05-16T11:28:00.6639650+08:00" endTime="2017-05-16T11:28:11.9302178+08:00" testType="4e7599fa-5ecb-43e9-a887-cd63cf72d207" outcome="Passed" testListId="8c84fa94-04c1-424b-9868-57a2d4851a1d" relativeResultsDirectory="8687d3e9-f220-42a1-bd6e-90d4ff9f34bd">
      <ResultFiles>
        <ResultFile path="WebTest1.webtestResult" />
      </ResultFiles>
      <TestSettings name="本機" id="f0316326-3a07-479d-8058-64131c18b509">
        <Description>這些是本機測試回合的預設測試設定。</Description>
        <Execution>
          <TestTypeSpecific>
            <WebTestRunConfiguration testTypeId="4e7599fa-5ecb-43e9-a887-cd63cf72d207">
              <Browser name="Internet Explorer 7.0">
                <Headers>
                  <Header name="User-Agent" value="Mozilla/4.0 (compatible; MSIE 7.0; Windows NT 5.1)" />
                  <Header name="Accept" value="*/*" />
                  <Header name="Accept-Language" value="{{$IEAcceptLanguage}}" />
                  <Header name="Accept-Encoding" value="GZIP" />
                </Headers>
              </Browser>
            </WebTestRunConfiguration>
          </TestTypeSpecific>
          <AgentRule name="Execution Agents">
          </AgentRule>
        </Execution>
        <Deployment runDeploymentRoot="YSHuang_ANSONHUANG 2017-05-16 11_28_00" />
      </TestSettings>
      <WebTestResultFilePath>YSHuang_ANSONHUANG 2017-05-16 11_28_00\In\8687d3e9-f220-42a1-bd6e-90d4ff9f34bd\WebTest1.webtestResult</WebTestResultFilePath>
    </WebTestResult>
  </Results>
</TestRun>