<?xml version="1.0" encoding="UTF-8"?>
<TestRun id="98944f58-d755-4505-888b-ef6eda8ec8c5" name="YSHuang@ANSONHUANG 2017-05-18 09:39:21" runUser="AnsonHuang\YSHuang" xmlns="http://microsoft.com/schemas/VisualStudio/TeamTest/2010">
  <TestSettings name="本機" id="f0316326-3a07-479d-8058-64131c18b509">
    <Description>這些是本機測試回合的預設測試設定。</Description>
    <Execution>
      <TestTypeSpecific />
      <AgentRule name="Execution Agents">
      </AgentRule>
    </Execution>
    <Deployment runDeploymentRoot="YSHuang_ANSONHUANG 2017-05-18 09_39_21" />
  </TestSettings>
  <Times creation="2017-05-18T09:39:21.8602320+08:00" queuing="2017-05-18T09:39:25.0147320+08:00" start="2017-05-18T09:39:25.1337320+08:00" finish="2017-05-18T09:39:55.0862247+08:00" />
  <ResultSummary outcome="Completed">
    <Counters total="1" executed="1" passed="1" error="0" failed="0" timeout="0" aborted="0" inconclusive="0" passedButRunAborted="0" notRunnable="0" notExecuted="0" disconnected="0" warning="0" completed="0" inProgress="0" pending="0" />
  </ResultSummary>
  <TestDefinitions>
    <WebTest name="WebTestSelectCase01" storage="d:\git\attendant\loadtesting\loadtesting\webtestselectcase01.webtest" id="a5b43290-1c44-42f1-bfa2-c60d219f5d58" persistedWebTest="77u/PD94bWwgdmVyc2lvbj0iMS4wIiBlbmNvZGluZz0iVVRGLTgiIHN0YW5kYWxvbmU9InllcyI/Pg0KPFdlYlRlc3QgTmFtZT0iV2ViVGVzdFNlbGVjdENhc2UwMSIgSWQ9ImE1YjQzMjkwLTFjNDQtNDJmMS1iZmEyLWM2MGQyMTlmNWQ1OCIgT3duZXI9IiIgUHJpb3JpdHk9IjIxNDc0ODM2NDciIEVuYWJsZWQ9IlRydWUiIENzc1Byb2plY3RTdHJ1Y3R1cmU9IiIgQ3NzSXRlcmF0aW9uPSIiIFRpbWVvdXQ9IjAiIFdvcmtJdGVtSWRzPSIiIHhtbG5zPSJodHRwOi8vbWljcm9zb2Z0LmNvbS9zY2hlbWFzL1Zpc3VhbFN0dWRpby9UZWFtVGVzdC8yMDEwIiBEZXNjcmlwdGlvbj0iIiBDcmVkZW50aWFsVXNlck5hbWU9IiIgQ3JlZGVudGlhbFBhc3N3b3JkPSIiIFByZUF1dGhlbnRpY2F0ZT0iVHJ1ZSIgUHJveHk9ImRlZmF1bHQiIFN0b3BPbkVycm9yPSJGYWxzZSIgUmVjb3JkZWRSZXN1bHRGaWxlPSJXZWJUZXN0MS41YWI5MWZiNS05NjgwLTQ1NjUtYTRjNi02OTI2YmZhMTliMjgucmVjLndlYnRlc3RyZXN1bHQiIFJlc3VsdHNMb2NhbGU9IiI+DQogIDxJdGVtcz4NCiAgICA8UmVxdWVzdCBNZXRob2Q9IkdFVCIgR3VpZD0iOWQxNDkyZTQtNmRiZC00NWRmLTlkNWUtY2I2ZTZmNGIyZmY3IiBWZXJzaW9uPSIxLjEiIFVybD0iaHR0cDovLzEwLjExLjM2LjExNDo4MDA3L2hybG9naW4vaHJsb2dpbi5hc3B4IiBUaGlua1RpbWU9IjAiIFRpbWVvdXQ9IjMwMCIgUGFyc2VEZXBlbmRlbnRSZXF1ZXN0cz0iVHJ1ZSIgRm9sbG93UmVkaXJlY3RzPSJUcnVlIiBSZWNvcmRSZXN1bHQ9IlRydWUiIENhY2hlPSJGYWxzZSIgUmVzcG9uc2VUaW1lR29hbD0iMCIgRW5jb2Rpbmc9InV0Zi04IiBFeHBlY3RlZEh0dHBTdGF0dXNDb2RlPSIwIiBFeHBlY3RlZFJlc3BvbnNlVXJsPSIiIFJlcG9ydGluZ05hbWU9IiIgSWdub3JlSHR0cFN0YXR1c0NvZGU9IkZhbHNlIj4NCiAgICAgIDxFeHRyYWN0aW9uUnVsZXM+DQogICAgICAgIDxFeHRyYWN0aW9uUnVsZSBDbGFzc25hbWU9Ik1pY3Jvc29mdC5WaXN1YWxTdHVkaW8uVGVzdFRvb2xzLldlYlRlc3RpbmcuUnVsZXMuRXh0cmFjdEhpZGRlbkZpZWxkcywgTWljcm9zb2Z0LlZpc3VhbFN0dWRpby5RdWFsaXR5VG9vbHMuV2ViVGVzdEZyYW1ld29yaywgVmVyc2lvbj0xMC4wLjAuMCwgQ3VsdHVyZT1uZXV0cmFsLCBQdWJsaWNLZXlUb2tlbj1iMDNmNWY3ZjExZDUwYTNhIiBWYXJpYWJsZU5hbWU9IjEiIERpc3BsYXlOYW1lPSLmk7flj5bpmrHol4/mrITkvY0iIERlc2NyaXB0aW9uPSLmk7flj5blm57mh4nkuK3nmoTmiYDmnInpmrHol4/mrITkvY3vvIzkuKblsIflroPlgJHmlL7lnKjmuKzoqablhaflrrnkuK3jgIIiPg0KICAgICAgICAgIDxSdWxlUGFyYW1ldGVycz4NCiAgICAgICAgICAgIDxSdWxlUGFyYW1ldGVyIE5hbWU9IlJlcXVpcmVkIiBWYWx1ZT0iVHJ1ZSIgLz4NCiAgICAgICAgICAgIDxSdWxlUGFyYW1ldGVyIE5hbWU9Ikh0bWxEZWNvZGUiIFZhbHVlPSJUcnVlIiAvPg0KICAgICAgICAgIDwvUnVsZVBhcmFtZXRlcnM+DQogICAgICAgIDwvRXh0cmFjdGlvblJ1bGU+DQogICAgICA8L0V4dHJhY3Rpb25SdWxlcz4NCiAgICAgIDxDb3JyZWxhdGlvbkV4dHJhY3Rpb25SdWxlcz4NCiAgICAgICAgPEV4dHJhY3Rpb25SdWxlIENsYXNzbmFtZT0iTWljcm9zb2Z0LlZpc3VhbFN0dWRpby5UZXN0VG9vbHMuV2ViVGVzdGluZy5SdWxlcy5FeHRyYWN0Rm9ybUZpZWxkLCBNaWNyb3NvZnQuVmlzdWFsU3R1ZGlvLlF1YWxpdHlUb29scy5XZWJUZXN0RnJhbWV3b3JrLCBWZXJzaW9uPTEwLjAuMC4wLCBDdWx0dXJlPW5ldXRyYWwsIFB1YmxpY0tleVRva2VuPWIwM2Y1ZjdmMTFkNTBhM2EiIFZhcmlhYmxlTmFtZT0iRm9ybVBvc3RQYXJhbTEzLmJ0bkV4ZWN1dGUiIERpc3BsYXlOYW1lPSIiIERlc2NyaXB0aW9uPSIiPg0KICAgICAgICAgIDxSdWxlUGFyYW1ldGVycz4NCiAgICAgICAgICAgIDxSdWxlUGFyYW1ldGVyIE5hbWU9Ik5hbWUiIFZhbHVlPSJidG5FeGVjdXRlIiAvPg0KICAgICAgICAgICAgPFJ1bGVQYXJhbWV0ZXIgTmFtZT0iSHRtbERlY29kZSIgVmFsdWU9IlRydWUiIC8+DQogICAgICAgICAgICA8UnVsZVBhcmFtZXRlciBOYW1lPSJSZXF1aXJlZCIgVmFsdWU9IkZhbHNlIiAvPg0KICAgICAgICAgICAgPFJ1bGVQYXJhbWV0ZXIgTmFtZT0iSW5kZXgiIFZhbHVlPSIwIiAvPg0KICAgICAgICAgIDwvUnVsZVBhcmFtZXRlcnM+DQogICAgICAgIDwvRXh0cmFjdGlvblJ1bGU+DQogICAgICAgIDxFeHRyYWN0aW9uUnVsZSBDbGFzc25hbWU9Ik1pY3Jvc29mdC5WaXN1YWxTdHVkaW8uVGVzdFRvb2xzLldlYlRlc3RpbmcuUnVsZXMuRXh0cmFjdFRleHQsIE1pY3Jvc29mdC5WaXN1YWxTdHVkaW8uUXVhbGl0eVRvb2xzLldlYlRlc3RGcmFtZXdvcmssIFZlcnNpb249MTAuMC4wLjAsIEN1bHR1cmU9bmV1dHJhbCwgUHVibGljS2V5VG9rZW49YjAzZjVmN2YxMWQ1MGEzYSIgVmFyaWFibGVOYW1lPSJGb3JtUG9zdFBhcmFtMTQuZGRsVUlDdWx0dXJlIiBEaXNwbGF5TmFtZT0iIiBEZXNjcmlwdGlvbj0iIj4NCiAgICAgICAgICA8UnVsZVBhcmFtZXRlcnM+DQogICAgICAgICAgICA8UnVsZVBhcmFtZXRlciBOYW1lPSJTdGFydHNXaXRoIiBWYWx1ZT0ibHVlPSZxdW90OyIgLz4NCiAgICAgICAgICAgIDxSdWxlUGFyYW1ldGVyIE5hbWU9IkVuZHNXaXRoIiBWYWx1ZT0iJnF1b3Q7Jmd0O+ato+mrlOS4rSIgLz4NCiAgICAgICAgICAgIDxSdWxlUGFyYW1ldGVyIE5hbWU9IkluZGV4IiBWYWx1ZT0iOCIgLz4NCiAgICAgICAgICAgIDxSdWxlUGFyYW1ldGVyIE5hbWU9Iklnbm9yZUNhc2UiIFZhbHVlPSJGYWxzZSIgLz4NCiAgICAgICAgICAgIDxSdWxlUGFyYW1ldGVyIE5hbWU9IlVzZVJlZ3VsYXJFeHByZXNzaW9uIiBWYWx1ZT0iRmFsc2UiIC8+DQogICAgICAgICAgICA8UnVsZVBhcmFtZXRlciBOYW1lPSJIdG1sRGVjb2RlIiBWYWx1ZT0iVHJ1ZSIgLz4NCiAgICAgICAgICAgIDxSdWxlUGFyYW1ldGVyIE5hbWU9IlJlcXVpcmVkIiBWYWx1ZT0iRmFsc2UiIC8+DQogICAgICAgICAgPC9SdWxlUGFyYW1ldGVycz4NCiAgICAgICAgPC9FeHRyYWN0aW9uUnVsZT4NCiAgICAgIDwvQ29ycmVsYXRpb25FeHRyYWN0aW9uUnVsZXM+DQogICAgPC9SZXF1ZXN0Pg0KICAgIDxSZXF1ZXN0IE1ldGhvZD0iUE9TVCIgR3VpZD0iMGQwNWNkYTEtY2VlYS00ZjY3LWExODAtNjcxNTJkNTY5OTlhIiBWZXJzaW9uPSIxLjEiIFVybD0iaHR0cDovLzEwLjExLjM2LjExNDo4MDA3L2hybG9naW4vaHJsb2dpbi5hc3B4IiBUaGlua1RpbWU9IjYyIiBUaW1lb3V0PSIzMDAiIFBhcnNlRGVwZW5kZW50UmVxdWVzdHM9IlRydWUiIEZvbGxvd1JlZGlyZWN0cz0iVHJ1ZSIgUmVjb3JkUmVzdWx0PSJUcnVlIiBDYWNoZT0iRmFsc2UiIFJlc3BvbnNlVGltZUdvYWw9IjAiIEVuY29kaW5nPSJ1dGYtOCIgRXhwZWN0ZWRIdHRwU3RhdHVzQ29kZT0iMCIgRXhwZWN0ZWRSZXNwb25zZVVybD0iIiBSZXBvcnRpbmdOYW1lPSIiIElnbm9yZUh0dHBTdGF0dXNDb2RlPSJGYWxzZSI+DQogICAgICA8Rm9ybVBvc3RIdHRwQm9keT4NCiAgICAgICAgPEZvcm1Qb3N0UGFyYW1ldGVyIE5hbWU9Il9fTEFTVEZPQ1VTIiBWYWx1ZT0ie3skSElEREVOMS5fX0xBU1RGT0NVU319IiBSZWNvcmRlZFZhbHVlPSIiIENvcnJlbGF0aW9uQmluZGluZz0iIiBVcmxFbmNvZGU9IlRydWUiIC8+DQogICAgICAgIDxGb3JtUG9zdFBhcmFtZXRlciBOYW1lPSJfX0VWRU5UVEFSR0VUIiBWYWx1ZT0ie3skSElEREVOMS5fX0VWRU5UVEFSR0VUfX0iIFJlY29yZGVkVmFsdWU9IiIgQ29ycmVsYXRpb25CaW5kaW5nPSIiIFVybEVuY29kZT0iVHJ1ZSIgLz4NCiAgICAgICAgPEZvcm1Qb3N0UGFyYW1ldGVyIE5hbWU9Il9fRVZFTlRBUkdVTUVOVCIgVmFsdWU9Int7JEhJRERFTjEuX19FVkVOVEFSR1VNRU5UfX0iIFJlY29yZGVkVmFsdWU9IiIgQ29ycmVsYXRpb25CaW5kaW5nPSIiIFVybEVuY29kZT0iVHJ1ZSIgLz4NCiAgICAgICAgPEZvcm1Qb3N0UGFyYW1ldGVyIE5hbWU9Il9fVklFV1NUQVRFIiBWYWx1ZT0ie3skSElEREVOMS5fX1ZJRVdTVEFURX19IiBSZWNvcmRlZFZhbHVlPSIvd0VQRHdVS0xUUTFORE0xTVRBME1nOWtGZ0lDQXc5a0ZnUUNBUThXQWg0SFZtbHphV0pzWldjV0JBSUJEdzhXSGg0S1gwMWhlRXhsYm1kMGFHWWVFbDlKYzBGMWRHOVViMVZ3Y0dWeVEyRnpaV2dlREY5SmMwRmpkR2wyWlVsTlJXY2VDMTlKYzFCaGMzTjNiM0prYUI0T1gxUmxlSFJUYUdsbWRFdHBibVFMS1g5VGFXNXZVR0ZqTGxkbFlrVjRjSEpsYzNNdVEyOXRiVzl1TGxWMGFXd3JWR1Y0ZEZOb2FXWjBTMmx1WkN3Z1UybHViMUJoWXk1WFpXSkZlSEJ5WlhOekxrTnZiVzF2Yml3Z1ZtVnljMmx2YmowM0xqTXVNekV1TVN3Z1EzVnNkSFZ5WlQxdVpYVjBjbUZzTENCUWRXSnNhV05MWlhsVWIydGxiajF1ZFd4c0FCNEtYMWRoZEdWeVRXRnlhMlVlQ0Y5SmMwTnNaV0Z5YUI0SVgxUnZiMnhVYVhCbEhndGZTWE5TWldGa1QyNXNlV2dlQ1Y5RGMzTkRiR0Z6YzJVZUQxOUpjMWRwWkhSb1FubFFhWGhsYkdjZUUxOUpjMFJwYzNCRmJuUmxjbVZrVjI5eVpITm9IZ1pmVjJsa2RHZ0NVQjRJWDBselJtOWpkWE5uSGdsZlNYTlNaV2RGZUhCb1pCWUVBZ0VQWkJZQ0FnRVBFQTlrRmdJZUIyOXVZMnhwWTJzRnZ3RjJZWElnYjFaaGJHbGtJRDBnWkc5amRXMWxiblF1WjJWMFJXeGxiV1Z1ZEVKNVNXUW9KM1I0ZEZWelpYSkpSRjlTWlhGMWFYSmxaRVpwWld4a1ZtRnNhV1JoZEc5eU1TY3BPMVpoYkdsa1lYUnZja1Z1WVdKc1pTaHZWbUZzYVdRc2RHaHBjeTVqYUdWamEyVmtLVHRWZEdsc1gwTm9hMEp2ZUZSdloyZHNaVlpwYzJsaWFXeHBkSGtvSjNSNGRGVnpaWEpKUkY5amFHdFdhWE5wWW1sc2FYUjVKeXdnSjNSNGRGVnpaWEpKUkY5a2FYWkVZWFJoUVhKbFlTY3BPMlJrWkFJRER4WUNIZ1Z6ZEhsc1pRVTJabXh2WVhRNmJHVm1kRHRrYVhOd2JHRjVPbWx1YkdsdVpTMWliRzlqYXp0d1lXUmthVzVuT2pBN2RtbHphV0pwYkdsMGVUbzdGZ1lDQVE4UEZnZ2VDRkpsWVdSUGJteDVhQjRGVjJsa2RHZ2JBQUFBQUFBQVZFQUJBQUFBSGdoRGMzTkRiR0Z6YzJVZUJGOGhVMElDZ2dJV0FoNEhiMjVyWlhsMWNBVU9kR2hwY3k1MGFYUnNaVDBuSnp0a0FnTVBEeFlFSHhNYkFBQUFBQUFBVkVBQkFBQUFIeFVDZ0FKa1pBSUZEMlFXQWdJQkR3OFdBaDRFVkdWNGRBVVhXK1drcCtXdnErbU9sdVd1bWwzbHQ3TGxsWi9ubEtnV0FoOFJCWlFCY0dGa1pHbHVaem9nTW5CNElERXdjSGdnTW5CNElERXdjSGc3SUdOdmJHOXlPaU13TURBN0lHSmhZMnRuY205MWJtUTZJQ05HUmtVNFFUWTdJR1p2Ym5RdGQyVnBaMmgwT2lCaWIyeGtPeUJpYjNKa1pYSTZJREZ3ZUNCemIyeHBaQ0JrWVhKclozSmhlVHNnZDJocGRHVXRjM0JoWTJVNklHNXZkM0poY0RzZ1ltOXlaR1Z5TFhKaFpHbDFjem9nTTNCNE8yUUNBdzhRRHhZR0hnNUVZWFJoVm1Gc2RXVkdhV1ZzWkFVRFMyVjVIZzFFWVhSaFZHVjRkRVpwWld4a0JRVldZV3gxWlI0TFh5RkVZWFJoUW05MWJtUm5aQkFWQkFkRmJtZHNhWE5vRE9ldWdPUzlrK1M0cmVhV2h3em1yYVBwcTVUa3VLM21sb2NNNTY2QTVMMlQ1ckdKNksrdEZRUUNaVzRHZW1ndFEwaFRCbnBvTFVOSVZBZDZhQzFJWVc1ekZDc0RCR2RuWjJka1pBSUREdzhXQWg4WFpXUmtaQ2NWUllYVGg5akNDTXdTY3c0blJ1VjA5bS85IiBDb3JyZWxhdGlvbkJpbmRpbmc9IiIgVXJsRW5jb2RlPSJUcnVlIiAvPg0KICAgICAgICA8Rm9ybVBvc3RQYXJhbWV0ZXIgTmFtZT0iX19WSUVXU1RBVEVHRU5FUkFUT1IiIFZhbHVlPSJ7eyRISURERU4xLl9fVklFV1NUQVRFR0VORVJBVE9SfX0iIFJlY29yZGVkVmFsdWU9IjVCQjBGMjkwIiBDb3JyZWxhdGlvbkJpbmRpbmc9IiIgVXJsRW5jb2RlPSJUcnVlIiAvPg0KICAgICAgICA8Rm9ybVBvc3RQYXJhbWV0ZXIgTmFtZT0iX19FVkVOVFZBTElEQVRJT04iIFZhbHVlPSJ7eyRISURERU4xLl9fRVZFTlRWQUxJREFUSU9OfX0iIFJlY29yZGVkVmFsdWU9Ii93RWRBQWpaemdlZEs3V0hudUtBMm8rc1ZSQVRaaFRxbzJ5ZHJjQXZWWGhWWDBLRktZSUZmUlJaaFhzeFV5NDNxZm1WZ1ArTFJicVhBcjRwWFJBeDVMZ1BQRmpnZUNQRmNuNWFQTVloQjZnZWwwby9ibDNGUS9xblFXMnVGb1pQbmh3ckoxZGd6Q2twcWNYSG9MV1IrZmM4eEgzWVJyUHBHenJEK1pHMFdrNFlybjM1RnZrZWYvdFpSZzdHY0ZOMzdOZ0tHNlVXTlBnZSIgQ29ycmVsYXRpb25CaW5kaW5nPSIiIFVybEVuY29kZT0iVHJ1ZSIgLz4NCiAgICAgICAgPEZvcm1Qb3N0UGFyYW1ldGVyIE5hbWU9InR4dFVzZXJJRCR0eHREYXRhIiBWYWx1ZT0iMTAyMTE5IiBSZWNvcmRlZFZhbHVlPSIxMDIxMTkiIENvcnJlbGF0aW9uQmluZGluZz0iIiBVcmxFbmNvZGU9IlRydWUiIC8+DQogICAgICAgIDxGb3JtUG9zdFBhcmFtZXRlciBOYW1lPSJkZGxVSUN1bHR1cmUiIFZhbHVlPSJ6aC1DSFQiIFJlY29yZGVkVmFsdWU9InpoLUNIVCIgQ29ycmVsYXRpb25CaW5kaW5nPSJ7e0Zvcm1Qb3N0UGFyYW0xNC5kZGxVSUN1bHR1cmV9fSIgVXJsRW5jb2RlPSJUcnVlIiAvPg0KICAgICAgICA8Rm9ybVBvc3RQYXJhbWV0ZXIgTmFtZT0iYnRuRXhlY3V0ZSIgVmFsdWU9IkxvY2FsIExvZ2luIiBSZWNvcmRlZFZhbHVlPSJMb2NhbCBMb2dpbiIgQ29ycmVsYXRpb25CaW5kaW5nPSJ7e0Zvcm1Qb3N0UGFyYW0xMy5idG5FeGVjdXRlfX0iIFVybEVuY29kZT0iVHJ1ZSIgLz4NCiAgICAgIDwvRm9ybVBvc3RIdHRwQm9keT4NCiAgICA8L1JlcXVlc3Q+DQogICAgPFJlcXVlc3QgTWV0aG9kPSJHRVQiIEd1aWQ9ImViNGEwYjJjLTcwOTItNGIwZS04ZTQzLTIxZDMyNGJmMjRiOCIgVmVyc2lvbj0iMS4xIiBVcmw9Imh0dHA6Ly8xMC4xMS4zNi4xMTQ6ODAwNy9PdmVyVGltZS9PdmVydGltZVByZU9yZGVyLmFzcHgiIFRoaW5rVGltZT0iMTQzIiBUaW1lb3V0PSIzMDAiIFBhcnNlRGVwZW5kZW50UmVxdWVzdHM9IlRydWUiIEZvbGxvd1JlZGlyZWN0cz0iVHJ1ZSIgUmVjb3JkUmVzdWx0PSJUcnVlIiBDYWNoZT0iRmFsc2UiIFJlc3BvbnNlVGltZUdvYWw9IjAiIEVuY29kaW5nPSJ1dGYtOCIgRXhwZWN0ZWRIdHRwU3RhdHVzQ29kZT0iMCIgRXhwZWN0ZWRSZXNwb25zZVVybD0iIiBSZXBvcnRpbmdOYW1lPSIiIElnbm9yZUh0dHBTdGF0dXNDb2RlPSJGYWxzZSI+DQogICAgICA8RXh0cmFjdGlvblJ1bGVzPg0KICAgICAgICA8RXh0cmFjdGlvblJ1bGUgQ2xhc3NuYW1lPSJNaWNyb3NvZnQuVmlzdWFsU3R1ZGlvLlRlc3RUb29scy5XZWJUZXN0aW5nLlJ1bGVzLkV4dHJhY3RIaWRkZW5GaWVsZHMsIE1pY3Jvc29mdC5WaXN1YWxTdHVkaW8uUXVhbGl0eVRvb2xzLldlYlRlc3RGcmFtZXdvcmssIFZlcnNpb249MTAuMC4wLjAsIEN1bHR1cmU9bmV1dHJhbCwgUHVibGljS2V5VG9rZW49YjAzZjVmN2YxMWQ1MGEzYSIgVmFyaWFibGVOYW1lPSIxIiBEaXNwbGF5TmFtZT0i5pO35Y+W6Zqx6JeP5qyE5L2NIiBEZXNjcmlwdGlvbj0i5pO35Y+W5Zue5oeJ5Lit55qE5omA5pyJ6Zqx6JeP5qyE5L2N77yM5Lim5bCH5a6D5YCR5pS+5Zyo5ris6Kmm5YWn5a655Lit44CCIj4NCiAgICAgICAgICA8UnVsZVBhcmFtZXRlcnM+DQogICAgICAgICAgICA8UnVsZVBhcmFtZXRlciBOYW1lPSJSZXF1aXJlZCIgVmFsdWU9IlRydWUiIC8+DQogICAgICAgICAgICA8UnVsZVBhcmFtZXRlciBOYW1lPSJIdG1sRGVjb2RlIiBWYWx1ZT0iVHJ1ZSIgLz4NCiAgICAgICAgICA8L1J1bGVQYXJhbWV0ZXJzPg0KICAgICAgICA8L0V4dHJhY3Rpb25SdWxlPg0KICAgICAgPC9FeHRyYWN0aW9uUnVsZXM+DQogICAgICA8Q29ycmVsYXRpb25FeHRyYWN0aW9uUnVsZXM+DQogICAgICAgIDxFeHRyYWN0aW9uUnVsZSBDbGFzc25hbWU9Ik1pY3Jvc29mdC5WaXN1YWxTdHVkaW8uVGVzdFRvb2xzLldlYlRlc3RpbmcuUnVsZXMuRXh0cmFjdEZvcm1GaWVsZCwgTWljcm9zb2Z0LlZpc3VhbFN0dWRpby5RdWFsaXR5VG9vbHMuV2ViVGVzdEZyYW1ld29yaywgVmVyc2lvbj0xMC4wLjAuMCwgQ3VsdHVyZT1uZXV0cmFsLCBQdWJsaWNLZXlUb2tlbj1iMDNmNWY3ZjExZDUwYTNhIiBWYXJpYWJsZU5hbWU9IkZvcm1Qb3N0UGFyYW05LmJ0blF1ZXJ5IiBEaXNwbGF5TmFtZT0iIiBEZXNjcmlwdGlvbj0iIj4NCiAgICAgICAgICA8UnVsZVBhcmFtZXRlcnM+DQogICAgICAgICAgICA8UnVsZVBhcmFtZXRlciBOYW1lPSJOYW1lIiBWYWx1ZT0iYnRuUXVlcnkiIC8+DQogICAgICAgICAgICA8UnVsZVBhcmFtZXRlciBOYW1lPSJIdG1sRGVjb2RlIiBWYWx1ZT0iVHJ1ZSIgLz4NCiAgICAgICAgICAgIDxSdWxlUGFyYW1ldGVyIE5hbWU9IlJlcXVpcmVkIiBWYWx1ZT0iRmFsc2UiIC8+DQogICAgICAgICAgICA8UnVsZVBhcmFtZXRlciBOYW1lPSJJbmRleCIgVmFsdWU9IjAiIC8+DQogICAgICAgICAgPC9SdWxlUGFyYW1ldGVycz4NCiAgICAgICAgPC9FeHRyYWN0aW9uUnVsZT4NCiAgICAgICAgPEV4dHJhY3Rpb25SdWxlIENsYXNzbmFtZT0iTWljcm9zb2Z0LlZpc3VhbFN0dWRpby5UZXN0VG9vbHMuV2ViVGVzdGluZy5SdWxlcy5FeHRyYWN0Rm9ybUZpZWxkLCBNaWNyb3NvZnQuVmlzdWFsU3R1ZGlvLlF1YWxpdHlUb29scy5XZWJUZXN0RnJhbWV3b3JrLCBWZXJzaW9uPTEwLjAuMC4wLCBDdWx0dXJlPW5ldXRyYWwsIFB1YmxpY0tleVRva2VuPWIwM2Y1ZjdmMTFkNTBhM2EiIFZhcmlhYmxlTmFtZT0iRm9ybVBvc3RQYXJhbTEwLnR4dE9URW1wSUQiIERpc3BsYXlOYW1lPSIiIERlc2NyaXB0aW9uPSIiPg0KICAgICAgICAgIDxSdWxlUGFyYW1ldGVycz4NCiAgICAgICAgICAgIDxSdWxlUGFyYW1ldGVyIE5hbWU9Ik5hbWUiIFZhbHVlPSJ0eHRPVEVtcElEIiAvPg0KICAgICAgICAgICAgPFJ1bGVQYXJhbWV0ZXIgTmFtZT0iSHRtbERlY29kZSIgVmFsdWU9IlRydWUiIC8+DQogICAgICAgICAgICA8UnVsZVBhcmFtZXRlciBOYW1lPSJSZXF1aXJlZCIgVmFsdWU9IkZhbHNlIiAvPg0KICAgICAgICAgICAgPFJ1bGVQYXJhbWV0ZXIgTmFtZT0iSW5kZXgiIFZhbHVlPSIwIiAvPg0KICAgICAgICAgIDwvUnVsZVBhcmFtZXRlcnM+DQogICAgICAgIDwvRXh0cmFjdGlvblJ1bGU+DQogICAgICAgIDxFeHRyYWN0aW9uUnVsZSBDbGFzc25hbWU9Ik1pY3Jvc29mdC5WaXN1YWxTdHVkaW8uVGVzdFRvb2xzLldlYlRlc3RpbmcuUnVsZXMuRXh0cmFjdFRleHQsIE1pY3Jvc29mdC5WaXN1YWxTdHVkaW8uUXVhbGl0eVRvb2xzLldlYlRlc3RGcmFtZXdvcmssIFZlcnNpb249MTAuMC4wLjAsIEN1bHR1cmU9bmV1dHJhbCwgUHVibGljS2V5VG9rZW49YjAzZjVmN2YxMWQ1MGEzYSIgVmFyaWFibGVOYW1lPSJGb3JtUG9zdFBhcmFtMTEuZGRsUXVlcnlDb25kaXRpb25zIiBEaXNwbGF5TmFtZT0iIiBEZXNjcmlwdGlvbj0iIj4NCiAgICAgICAgICA8UnVsZVBhcmFtZXRlcnM+DQogICAgICAgICAgICA8UnVsZVBhcmFtZXRlciBOYW1lPSJTdGFydHNXaXRoIiBWYWx1ZT0icyZxdW90OzpbJnF1b3Q7IiAvPg0KICAgICAgICAgICAgPFJ1bGVQYXJhbWV0ZXIgTmFtZT0iRW5kc1dpdGgiIFZhbHVlPSImcXVvdDssJnF1b3Q7MSZxdW90OyIgLz4NCiAgICAgICAgICAgIDxSdWxlUGFyYW1ldGVyIE5hbWU9IkluZGV4IiBWYWx1ZT0iMCIgLz4NCiAgICAgICAgICAgIDxSdWxlUGFyYW1ldGVyIE5hbWU9Iklnbm9yZUNhc2UiIFZhbHVlPSJGYWxzZSIgLz4NCiAgICAgICAgICAgIDxSdWxlUGFyYW1ldGVyIE5hbWU9IlVzZVJlZ3VsYXJFeHByZXNzaW9uIiBWYWx1ZT0iRmFsc2UiIC8+DQogICAgICAgICAgICA8UnVsZVBhcmFtZXRlciBOYW1lPSJIdG1sRGVjb2RlIiBWYWx1ZT0iVHJ1ZSIgLz4NCiAgICAgICAgICAgIDxSdWxlUGFyYW1ldGVyIE5hbWU9IlJlcXVpcmVkIiBWYWx1ZT0iRmFsc2UiIC8+DQogICAgICAgICAgPC9SdWxlUGFyYW1ldGVycz4NCiAgICAgICAgPC9FeHRyYWN0aW9uUnVsZT4NCiAgICAgICAgPEV4dHJhY3Rpb25SdWxlIENsYXNzbmFtZT0iTWljcm9zb2Z0LlZpc3VhbFN0dWRpby5UZXN0VG9vbHMuV2ViVGVzdGluZy5SdWxlcy5FeHRyYWN0VGV4dCwgTWljcm9zb2Z0LlZpc3VhbFN0dWRpby5RdWFsaXR5VG9vbHMuV2ViVGVzdEZyYW1ld29yaywgVmVyc2lvbj0xMC4wLjAuMCwgQ3VsdHVyZT1uZXV0cmFsLCBQdWJsaWNLZXlUb2tlbj1iMDNmNWY3ZjExZDUwYTNhIiBWYXJpYWJsZU5hbWU9IkZvcm1Qb3N0UGFyYW0xMi5kZGxPVFN0YXR1cyIgRGlzcGxheU5hbWU9IiIgRGVzY3JpcHRpb249IiI+DQogICAgICAgICAgPFJ1bGVQYXJhbWV0ZXJzPg0KICAgICAgICAgICAgPFJ1bGVQYXJhbWV0ZXIgTmFtZT0iU3RhcnRzV2l0aCIgVmFsdWU9InMmcXVvdDs6WyZxdW90OyIgLz4NCiAgICAgICAgICAgIDxSdWxlUGFyYW1ldGVyIE5hbWU9IkVuZHNXaXRoIiBWYWx1ZT0iJnF1b3Q7LCZxdW90OzEmcXVvdDsiIC8+DQogICAgICAgICAgICA8UnVsZVBhcmFtZXRlciBOYW1lPSJJbmRleCIgVmFsdWU9IjAiIC8+DQogICAgICAgICAgICA8UnVsZVBhcmFtZXRlciBOYW1lPSJJZ25vcmVDYXNlIiBWYWx1ZT0iRmFsc2UiIC8+DQogICAgICAgICAgICA8UnVsZVBhcmFtZXRlciBOYW1lPSJVc2VSZWd1bGFyRXhwcmVzc2lvbiIgVmFsdWU9IkZhbHNlIiAvPg0KICAgICAgICAgICAgPFJ1bGVQYXJhbWV0ZXIgTmFtZT0iSHRtbERlY29kZSIgVmFsdWU9IlRydWUiIC8+DQogICAgICAgICAgICA8UnVsZVBhcmFtZXRlciBOYW1lPSJSZXF1aXJlZCIgVmFsdWU9IkZhbHNlIiAvPg0KICAgICAgICAgIDwvUnVsZVBhcmFtZXRlcnM+DQogICAgICAgIDwvRXh0cmFjdGlvblJ1bGU+DQogICAgICA8L0NvcnJlbGF0aW9uRXh0cmFjdGlvblJ1bGVzPg0KICAgIDwvUmVxdWVzdD4NCiAgICA8UmVxdWVzdCBNZXRob2Q9IlBPU1QiIEd1aWQ9IjRjNzMzOTk1LTM5YTAtNDNmMS04NDJjLWU3ZjRlNGY0ZGUxNCIgVmVyc2lvbj0iMS4xIiBVcmw9Imh0dHA6Ly8xMC4xMS4zNi4xMTQ6ODAwNy9PdmVyVGltZS9PdmVydGltZVByZU9yZGVyLmFzcHgiIFRoaW5rVGltZT0iNDYiIFRpbWVvdXQ9IjMwMCIgUGFyc2VEZXBlbmRlbnRSZXF1ZXN0cz0iVHJ1ZSIgRm9sbG93UmVkaXJlY3RzPSJUcnVlIiBSZWNvcmRSZXN1bHQ9IlRydWUiIENhY2hlPSJGYWxzZSIgUmVzcG9uc2VUaW1lR29hbD0iMCIgRW5jb2Rpbmc9InV0Zi04IiBFeHBlY3RlZEh0dHBTdGF0dXNDb2RlPSIwIiBFeHBlY3RlZFJlc3BvbnNlVXJsPSIiIFJlcG9ydGluZ05hbWU9IiIgSWdub3JlSHR0cFN0YXR1c0NvZGU9IkZhbHNlIj4NCiAgICAgIDxFeHRyYWN0aW9uUnVsZXM+DQogICAgICAgIDxFeHRyYWN0aW9uUnVsZSBDbGFzc25hbWU9Ik1pY3Jvc29mdC5WaXN1YWxTdHVkaW8uVGVzdFRvb2xzLldlYlRlc3RpbmcuUnVsZXMuRXh0cmFjdEhpZGRlbkZpZWxkcywgTWljcm9zb2Z0LlZpc3VhbFN0dWRpby5RdWFsaXR5VG9vbHMuV2ViVGVzdEZyYW1ld29yaywgVmVyc2lvbj0xMC4wLjAuMCwgQ3VsdHVyZT1uZXV0cmFsLCBQdWJsaWNLZXlUb2tlbj1iMDNmNWY3ZjExZDUwYTNhIiBWYXJpYWJsZU5hbWU9IjEiIERpc3BsYXlOYW1lPSLmk7flj5bpmrHol4/mrITkvY0iIERlc2NyaXB0aW9uPSLmk7flj5blm57mh4nkuK3nmoTmiYDmnInpmrHol4/mrITkvY3vvIzkuKblsIflroPlgJHmlL7lnKjmuKzoqablhaflrrnkuK3jgIIiPg0KICAgICAgICAgIDxSdWxlUGFyYW1ldGVycz4NCiAgICAgICAgICAgIDxSdWxlUGFyYW1ldGVyIE5hbWU9IlJlcXVpcmVkIiBWYWx1ZT0iVHJ1ZSIgLz4NCiAgICAgICAgICAgIDxSdWxlUGFyYW1ldGVyIE5hbWU9Ikh0bWxEZWNvZGUiIFZhbHVlPSJUcnVlIiAvPg0KICAgICAgICAgIDwvUnVsZVBhcmFtZXRlcnM+DQogICAgICAgIDwvRXh0cmFjdGlvblJ1bGU+DQogICAgICA8L0V4dHJhY3Rpb25SdWxlcz4NCiAgICAgIDxDb3JyZWxhdGlvbkV4dHJhY3Rpb25SdWxlcz4NCiAgICAgICAgPEV4dHJhY3Rpb25SdWxlIENsYXNzbmFtZT0iTWljcm9zb2Z0LlZpc3VhbFN0dWRpby5UZXN0VG9vbHMuV2ViVGVzdGluZy5SdWxlcy5FeHRyYWN0Rm9ybUZpZWxkLCBNaWNyb3NvZnQuVmlzdWFsU3R1ZGlvLlF1YWxpdHlUb29scy5XZWJUZXN0RnJhbWV3b3JrLCBWZXJzaW9uPTEwLjAuMC4wLCBDdWx0dXJlPW5ldXRyYWwsIFB1YmxpY0tleVRva2VuPWIwM2Y1ZjdmMTFkNTBhM2EiIFZhcmlhYmxlTmFtZT0iRm9ybVBvc3RQYXJhbTUuYnRuUXVlcnkiIERpc3BsYXlOYW1lPSIiIERlc2NyaXB0aW9uPSIiPg0KICAgICAgICAgIDxSdWxlUGFyYW1ldGVycz4NCiAgICAgICAgICAgIDxSdWxlUGFyYW1ldGVyIE5hbWU9Ik5hbWUiIFZhbHVlPSJidG5RdWVyeSIgLz4NCiAgICAgICAgICAgIDxSdWxlUGFyYW1ldGVyIE5hbWU9Ikh0bWxEZWNvZGUiIFZhbHVlPSJUcnVlIiAvPg0KICAgICAgICAgICAgPFJ1bGVQYXJhbWV0ZXIgTmFtZT0iUmVxdWlyZWQiIFZhbHVlPSJGYWxzZSIgLz4NCiAgICAgICAgICAgIDxSdWxlUGFyYW1ldGVyIE5hbWU9IkluZGV4IiBWYWx1ZT0iMCIgLz4NCiAgICAgICAgICA8L1J1bGVQYXJhbWV0ZXJzPg0KICAgICAgICA8L0V4dHJhY3Rpb25SdWxlPg0KICAgICAgICA8RXh0cmFjdGlvblJ1bGUgQ2xhc3NuYW1lPSJNaWNyb3NvZnQuVmlzdWFsU3R1ZGlvLlRlc3RUb29scy5XZWJUZXN0aW5nLlJ1bGVzLkV4dHJhY3RGb3JtRmllbGQsIE1pY3Jvc29mdC5WaXN1YWxTdHVkaW8uUXVhbGl0eVRvb2xzLldlYlRlc3RGcmFtZXdvcmssIFZlcnNpb249MTAuMC4wLjAsIEN1bHR1cmU9bmV1dHJhbCwgUHVibGljS2V5VG9rZW49YjAzZjVmN2YxMWQ1MGEzYSIgVmFyaWFibGVOYW1lPSJGb3JtUG9zdFBhcmFtNi50eHRPVEVtcElEIiBEaXNwbGF5TmFtZT0iIiBEZXNjcmlwdGlvbj0iIj4NCiAgICAgICAgICA8UnVsZVBhcmFtZXRlcnM+DQogICAgICAgICAgICA8UnVsZVBhcmFtZXRlciBOYW1lPSJOYW1lIiBWYWx1ZT0idHh0T1RFbXBJRCIgLz4NCiAgICAgICAgICAgIDxSdWxlUGFyYW1ldGVyIE5hbWU9Ikh0bWxEZWNvZGUiIFZhbHVlPSJUcnVlIiAvPg0KICAgICAgICAgICAgPFJ1bGVQYXJhbWV0ZXIgTmFtZT0iUmVxdWlyZWQiIFZhbHVlPSJGYWxzZSIgLz4NCiAgICAgICAgICAgIDxSdWxlUGFyYW1ldGVyIE5hbWU9IkluZGV4IiBWYWx1ZT0iMCIgLz4NCiAgICAgICAgICA8L1J1bGVQYXJhbWV0ZXJzPg0KICAgICAgICA8L0V4dHJhY3Rpb25SdWxlPg0KICAgICAgICA8RXh0cmFjdGlvblJ1bGUgQ2xhc3NuYW1lPSJNaWNyb3NvZnQuVmlzdWFsU3R1ZGlvLlRlc3RUb29scy5XZWJUZXN0aW5nLlJ1bGVzLkV4dHJhY3RUZXh0LCBNaWNyb3NvZnQuVmlzdWFsU3R1ZGlvLlF1YWxpdHlUb29scy5XZWJUZXN0RnJhbWV3b3JrLCBWZXJzaW9uPTEwLjAuMC4wLCBDdWx0dXJlPW5ldXRyYWwsIFB1YmxpY0tleVRva2VuPWIwM2Y1ZjdmMTFkNTBhM2EiIFZhcmlhYmxlTmFtZT0iRm9ybVBvc3RQYXJhbTcuZGRsUXVlcnlDb25kaXRpb25zIiBEaXNwbGF5TmFtZT0iIiBEZXNjcmlwdGlvbj0iIj4NCiAgICAgICAgICA8UnVsZVBhcmFtZXRlcnM+DQogICAgICAgICAgICA8UnVsZVBhcmFtZXRlciBOYW1lPSJTdGFydHNXaXRoIiBWYWx1ZT0icyZxdW90OzpbJnF1b3Q7IiAvPg0KICAgICAgICAgICAgPFJ1bGVQYXJhbWV0ZXIgTmFtZT0iRW5kc1dpdGgiIFZhbHVlPSImcXVvdDssJnF1b3Q7MSZxdW90OyIgLz4NCiAgICAgICAgICAgIDxSdWxlUGFyYW1ldGVyIE5hbWU9IkluZGV4IiBWYWx1ZT0iMCIgLz4NCiAgICAgICAgICAgIDxSdWxlUGFyYW1ldGVyIE5hbWU9Iklnbm9yZUNhc2UiIFZhbHVlPSJGYWxzZSIgLz4NCiAgICAgICAgICAgIDxSdWxlUGFyYW1ldGVyIE5hbWU9IlVzZVJlZ3VsYXJFeHByZXNzaW9uIiBWYWx1ZT0iRmFsc2UiIC8+DQogICAgICAgICAgICA8UnVsZVBhcmFtZXRlciBOYW1lPSJIdG1sRGVjb2RlIiBWYWx1ZT0iVHJ1ZSIgLz4NCiAgICAgICAgICAgIDxSdWxlUGFyYW1ldGVyIE5hbWU9IlJlcXVpcmVkIiBWYWx1ZT0iRmFsc2UiIC8+DQogICAgICAgICAgPC9SdWxlUGFyYW1ldGVycz4NCiAgICAgICAgPC9FeHRyYWN0aW9uUnVsZT4NCiAgICAgICAgPEV4dHJhY3Rpb25SdWxlIENsYXNzbmFtZT0iTWljcm9zb2Z0LlZpc3VhbFN0dWRpby5UZXN0VG9vbHMuV2ViVGVzdGluZy5SdWxlcy5FeHRyYWN0VGV4dCwgTWljcm9zb2Z0LlZpc3VhbFN0dWRpby5RdWFsaXR5VG9vbHMuV2ViVGVzdEZyYW1ld29yaywgVmVyc2lvbj0xMC4wLjAuMCwgQ3VsdHVyZT1uZXV0cmFsLCBQdWJsaWNLZXlUb2tlbj1iMDNmNWY3ZjExZDUwYTNhIiBWYXJpYWJsZU5hbWU9IkZvcm1Qb3N0UGFyYW04LmRkbE9UU3RhdHVzIiBEaXNwbGF5TmFtZT0iIiBEZXNjcmlwdGlvbj0iIj4NCiAgICAgICAgICA8UnVsZVBhcmFtZXRlcnM+DQogICAgICAgICAgICA8UnVsZVBhcmFtZXRlciBOYW1lPSJTdGFydHNXaXRoIiBWYWx1ZT0iJnF1b3Q7MCZxdW90OywmcXVvdDsiIC8+DQogICAgICAgICAgICA8UnVsZVBhcmFtZXRlciBOYW1lPSJFbmRzV2l0aCIgVmFsdWU9IiZxdW90OywmcXVvdDsyJnF1b3Q7IiAvPg0KICAgICAgICAgICAgPFJ1bGVQYXJhbWV0ZXIgTmFtZT0iSW5kZXgiIFZhbHVlPSIwIiAvPg0KICAgICAgICAgICAgPFJ1bGVQYXJhbWV0ZXIgTmFtZT0iSWdub3JlQ2FzZSIgVmFsdWU9IkZhbHNlIiAvPg0KICAgICAgICAgICAgPFJ1bGVQYXJhbWV0ZXIgTmFtZT0iVXNlUmVndWxhckV4cHJlc3Npb24iIFZhbHVlPSJGYWxzZSIgLz4NCiAgICAgICAgICAgIDxSdWxlUGFyYW1ldGVyIE5hbWU9Ikh0bWxEZWNvZGUiIFZhbHVlPSJUcnVlIiAvPg0KICAgICAgICAgICAgPFJ1bGVQYXJhbWV0ZXIgTmFtZT0iUmVxdWlyZWQiIFZhbHVlPSJGYWxzZSIgLz4NCiAgICAgICAgICA8L1J1bGVQYXJhbWV0ZXJzPg0KICAgICAgICA8L0V4dHJhY3Rpb25SdWxlPg0KICAgICAgPC9Db3JyZWxhdGlvbkV4dHJhY3Rpb25SdWxlcz4NCiAgICAgIDxGb3JtUG9zdEh0dHBCb2R5Pg0KICAgICAgICA8Rm9ybVBvc3RQYXJhbWV0ZXIgTmFtZT0iVG9vbGtpdFNjcmlwdE1hbmFnZXIxX0hpZGRlbkZpZWxkIiBWYWx1ZT0iOztBamF4Q29udHJvbFRvb2xraXQsIFZlcnNpb249NC4xLjcuNjA3LCBDdWx0dXJlPW5ldXRyYWwsIFB1YmxpY0tleVRva2VuPTI4ZjAxYjBlODRiNmQ1M2U6emgtSGFudDo3Yjk1ZWQxYS02YTNmLTQxZGQtYmM1Yi02M2YzOWVkYmM0YjQ6ZGUxZmVhYjI6ZmNmMGU5OTM6ZjJjOGU3MDg6NzIwYTUyYmY6ZjljZWM5YmM6NTg5ZWFhMzA6Njk4MTI5Y2Y6ZmI5YjRjNTc6Y2NiOTZjZjk6YTY3YzI3MDA6ODYxM2FlYTc6MzIwMmE1YTI6YWIwOWUzZmU6ODcxMDRiN2M6YmU2ZmIyOTgiIFJlY29yZGVkVmFsdWU9Ijs7QWpheENvbnRyb2xUb29sa2l0LCBWZXJzaW9uPTQuMS43LjYwNywgQ3VsdHVyZT1uZXV0cmFsLCBQdWJsaWNLZXlUb2tlbj0yOGYwMWIwZTg0YjZkNTNlOnpoLUhhbnQ6N2I5NWVkMWEtNmEzZi00MWRkLWJjNWItNjNmMzllZGJjNGI0OmRlMWZlYWIyOmZjZjBlOTkzOmYyYzhlNzA4OjcyMGE1MmJmOmY5Y2VjOWJjOjU4OWVhYTMwOjY5ODEyOWNmOmZiOWI0YzU3OmNjYjk2Y2Y5OmE2N2MyNzAwOjg2MTNhZWE3OjMyMDJhNWEyOmFiMDllM2ZlOjg3MTA0YjdjOmJlNmZiMjk4IiBDb3JyZWxhdGlvbkJpbmRpbmc9IiIgVXJsRW5jb2RlPSJUcnVlIiAvPg0KICAgICAgICA8Rm9ybVBvc3RQYXJhbWV0ZXIgTmFtZT0iX19FVkVOVFRBUkdFVCIgVmFsdWU9Int7JEhJRERFTjEuX19FVkVOVFRBUkdFVH19IiBSZWNvcmRlZFZhbHVlPSIiIENvcnJlbGF0aW9uQmluZGluZz0iIiBVcmxFbmNvZGU9IlRydWUiIC8+DQogICAgICAgIDxGb3JtUG9zdFBhcmFtZXRlciBOYW1lPSJfX0VWRU5UQVJHVU1FTlQiIFZhbHVlPSJ7eyRISURERU4xLl9fRVZFTlRBUkdVTUVOVH19IiBSZWNvcmRlZFZhbHVlPSIiIENvcnJlbGF0aW9uQmluZGluZz0iIiBVcmxFbmNvZGU9IlRydWUiIC8+DQogICAgICAgIDxGb3JtUG9zdFBhcmFtZXRlciBOYW1lPSJfX0xBU1RGT0NVUyIgVmFsdWU9Int7JEhJRERFTjEuX19MQVNURk9DVVN9fSIgUmVjb3JkZWRWYWx1ZT0iIiBDb3JyZWxhdGlvbkJpbmRpbmc9IiIgVXJsRW5jb2RlPSJUcnVlIiAvPg0KICAgICAgICA8Rm9ybVBvc3RQYXJhbWV0ZXIgTmFtZT0iX19WU1RBVEUiIFZhbHVlPSJ7eyRISURERU4xLl9fVlNUQVRFfX0iIFJlY29yZGVkVmFsdWU9IkFSK0xDQUFBQUFBQUJBQ3RWOTF6RTFVVVQ1WnVHdEtQRkd4aVJkMWRIcHh0cDZSa2s2Z0R0UThrS1RZakpkZ0dIaXhNWnB0N3UxbTczYzFrYjB2akV6NFVGSEdBb2VoZ1o1eHhSZ0ZCSEIxZktqS09mNElQUHZqTWtMUjk4ay9BZS9jajJTWkxCa3EzMCtUbW5IUFA3M3pmdlUrOXdRRXY3Wk9XSmtWWkRiNDM3T21tZktHQVA1dExhUXVsVExvem14c24zNzVzTGkwaWlMOXk4Z0xzenVhbWtZZ1c5WlBpQXV6Q05BMkpDbUZnOGR5eW1rbjdiUUc4T0s2VkYwNW1BOGNWN1h4SzFDRm1Vay94RXdSQk9pQWNpY2NFNFoyM0U0bGdPTXo0MHJDRU1tbjZBQitOUnQ4WG92d2hZeEYxTEpqOTJiSkVWSjJRZFlTWElnYWpLWjVuZXZPblJBbG1kSUoyUXBPS1RNZ2lmTGdJeTVWcFZKWlZ5YUQ3VE1kbzMvU3BpZVFIQW5QUWtqdTJpTFJqcFpKU0dWK1loWURRVXJxZVVrUmRseGpla2lFeFF2aC91bERXRk9XVXBzdEkxdFNzaWxjb0tSYm1KU1pndWtBc2hFeVh3MWI2WHE4T0ZWaEFYRG96bmN1Y1RPVzRBbzRHeDUwdlFwWExKcUlqcDB1V1A1eXNjNnFHT0hWUlVUalV5b1lLM3NmekhGUUJKK3FFV2VjZGtuV3lhNUJzc0VrOFAyU0oyUlFuY0x3OWNMd2RjTndGT040S0hIY0ZqclVIanJVRGpya0F4MXFCWTY3QVFudGdvUVY0ME5odGJtNjdkOURLY0VOa3Jxd3RjSEJpYW5JNm5jeG5jbFBwa1Jrd3E1MGJtVEVFNUU5RVVqK2tSTTRSL1dYSVdSdkhuRUJEaGhtbSswUDFHQWlPR0RqY0l5WSsyN2tXMyt6b0NkdWoxd0I1QmtTN0NMYkxYR3ZpSEFiYmljT2tOa0l1SnJ2VWdFczl1dmNHZVFob1dqdXZOcU1hVGpzQ2FyamY4TlJZbVI0K1hsMTl2SHFCNTRZYjBzTjhoSy8vSklPU0JNSEZlbE5PY0FpNitHTUt4ZHlFNGsxQ2NUZWhSSk5Rd2lua0ZnWEQ0QmNvM3l5bndEbkVmYXpKNnZQdVNFUTVqVlFUdG1WS1UyQktBM0NNVDBSNVRzVEY0ckNZRzh2V2x5OE1FcmRBNGs2UXVBMFMzeDJRbUFVU2M0TEViSkRZN29BSUZvamdCQkZzRUdGM1FDd01KMFNVTndCYzlWdERxekZ4OEJBa1Rad3RBMWptWml2T1U4ZHhEamdtczJQRTFMdWVZenJ4eWpnMS9mYXJBQk8wejJDSXhKd282VktZb3ZZRVFiZ2Zmd2JERkQ3dlQ4aFNFU1cxNVdRWml2UGpxamlyUUZBRVlXb09TM1ZRWGtPcTg0eXN5NWhSQklDaURVcEhEaTRqZW1EejFzMk5heGVmckQvNDc5R1Z6ZnRmYk56OXN2cm55dU1MdDdIY1cwU083YUc3YTcrc2IvNTZiZXZ5aGMzdnJtRDZrRVVQUG5uNHNIcDViZk8zUzdXSDE3QWV6SXBZckJCbUVmck45ZHFOYjJxWFB0OVl2YnR4NXpvV09CeTBEQ05POUFFUTlzNEJTckNKUGtJTWh2MU1MMzdwRXMrSXlpSThMa01GMEIwa0pVd1BvUkt6VGFLZkVFbS9NbDM1ZzRTVjFCWlZJREdkOVJqMGhhaDlFZnhneDdZK3hhWmNJai9DNWl0VnBNbjZFT1h4bVp6KzRUMlVKQm1XMFlZNWJLOXBBQnRzWUxKOUVydHZGeEE2ZDQ0Z1JDT2JYOTNiV3ZscDQvYlY2bWMvNGdEYkNJSVRJVzVIMTI5RkY0TUZHdldKSVh1MlRiODZycmNWTitUMVlNM2VwdUFFR2lXK2MyMmREVzJ4bDllMjE5Ylc1VGpmZHE3dVhhTmlLYU9oU05zRmNNbVJld0Y1NnhZUjNWM0J6OW5EazVObkR3UEFCUEw0RGxCR3hyM0I4NWQ4WmUyZnYvMk1Qeit1QW91VTdHQWYvT3ZIS2pMNkZCUkJWbFVxUlN5UTB6UjhtU2pSa1ptdFA3NnQzYmg4anF0ZWYxUzllci8yOVErMXRZdTRQMmUyMW00WjlOcjZ5dGF0NzZzcmQ2by8vMjcyT0RIUGkzMEdwTmMxdGFESWhYbjZvOU5JVnZLcDRqd2VEamxOa2hSb1RBRlprVkZsa0VmTHlMemNKS0VrcS9sQ2NiN0I1UTl4elh3Z0w1RWVPNGFIREQ4MENuQXZVMlNNMERxcUtKQm1sMkFaeVFWUmlZaUtMS2xIa1ZZYVhhcXJPenJhR0VRNzh4THZER2dxbUZWTXozcFJVZFpIbHNpQUdPUDVVWUNURXZZeFB0ZDA3RzNKeGdRWkVkdVNNVUhxRDZlVjNiOTlNL3RLUFlOc2Z6MXpiS2pJaGw4MlRleXI5Sm5ueXcrMnRVMTJDTmM5Tit6QWM2ZUZmZTJGODhFZWNNOEMrM3BUQ04rb2g1MTkweEh2SStUU3ZZL3k5b1U5NUsrN2Y5ampBZFNvRWFLT29CR2hBYm9IeUhwSkVTdEhWVTJGbytCL083V245TFVQQUFBPSIgQ29ycmVsYXRpb25CaW5kaW5nPSIiIFVybEVuY29kZT0iVHJ1ZSIgLz4NCiAgICAgICAgPEZvcm1Qb3N0UGFyYW1ldGVyIE5hbWU9Il9fVklFV1NUQVRFIiBWYWx1ZT0ie3skSElEREVOMS5fX1ZJRVdTVEFURX19IiBSZWNvcmRlZFZhbHVlPSIiIENvcnJlbGF0aW9uQmluZGluZz0iIiBVcmxFbmNvZGU9IlRydWUiIC8+DQogICAgICAgIDxGb3JtUG9zdFBhcmFtZXRlciBOYW1lPSJfX1NDUk9MTFBPU0lUSU9OWCIgVmFsdWU9Int7JEhJRERFTjEuX19TQ1JPTExQT1NJVElPTlh9fSIgUmVjb3JkZWRWYWx1ZT0iMCIgQ29ycmVsYXRpb25CaW5kaW5nPSIiIFVybEVuY29kZT0iVHJ1ZSIgLz4NCiAgICAgICAgPEZvcm1Qb3N0UGFyYW1ldGVyIE5hbWU9Il9fU0NST0xMUE9TSVRJT05ZIiBWYWx1ZT0ie3skSElEREVOMS5fX1NDUk9MTFBPU0lUSU9OWX19IiBSZWNvcmRlZFZhbHVlPSIwIiBDb3JyZWxhdGlvbkJpbmRpbmc9IiIgVXJsRW5jb2RlPSJUcnVlIiAvPg0KICAgICAgICA8Rm9ybVBvc3RQYXJhbWV0ZXIgTmFtZT0iX19WSUVXU1RBVEVFTkNSWVBURUQiIFZhbHVlPSJ7eyRISURERU4xLl9fVklFV1NUQVRFRU5DUllQVEVEfX0iIFJlY29yZGVkVmFsdWU9IiIgQ29ycmVsYXRpb25CaW5kaW5nPSIiIFVybEVuY29kZT0iVHJ1ZSIgLz4NCiAgICAgICAgPEZvcm1Qb3N0UGFyYW1ldGVyIE5hbWU9Il9fRVZFTlRWQUxJREFUSU9OIiBWYWx1ZT0ie3skSElEREVOMS5fX0VWRU5UVkFMSURBVElPTn19IiBSZWNvcmRlZFZhbHVlPSJEa3FldEVEekhrTmZpNlRzOWtBZVA0djVhY3V1U0pONGtJeGVwZ1ZqaFYwNjNqeHUwemRRdzlWZS83NHZCMkN2SURGUExJLzhUaUN3SkNxU1hCMmZrSkY5aUJwR2s4R3I2dExOZWVNZHNlQ25lL2xwV2pxbXl0b1NSckcrVkczSUpxck1wOVZPbmF5VE1IWHp6aHhxdTZyWExTN2hRRW5sbDJpZkhCNzMyV2kyb1NqMmRtY0ZnQVRUNVM3OEc4UllIWXJNdjFZdzRqd3RqbXRpa0R3dzd2aFVsTkZDcFR4OHhLWHJQdDFPbHgzMndHbkJveWo1S1ZNMWk5VVdVNGR6NlEvUStlbmhNUmFTalhadVpIR3cvSHhMQzBtY3I0STdEc0I0c3U1SUpkQ1p5RFdOOGpFbHY2WFA3R1RRcVNnK0RBcC9qRXZSQzFJdFpjNWdXOHI4RXVySGphaWVTKzV3MkFEaDF1emNwZVZNU0tnc0lFK0ZOSmFZRjFDYTIrcE5tdXVzL2xLTzJxeE9LUm1vcG5GQ0lBSVZuWmFYRjBieEdjNmhUSXZ4cHZIL3dncnlLWTFmYnZieU1YMTdHREdDSkRvMXMwc0RFS204NHFLcktMeUFjYzY0MFBnWDN1YVNDRzBFVlAxeno3R2t5Nm5MbHUwRXFJUDRtUW0zbkdZVXIyKytoRXdqbjRJWkxwTDRIa3ZqekY0a2hpd3JIUVNRV3o4ZVJWby8vcGw5RkZIaFo3andzWHQzZm5GUjFqZjJpU3RwQmNTdzNDTDBHWlJpRFc1MllFWm5JUnBQaEpkTmk2TUZIbmxWdVBnS3JCQW45c1lCbVQ2N21yZGdrc3gzdHN0ZEgwVGlqeWNTdjJWUkc1ZGM4Z0JWNjNhcUxiamVtS1I3M1B6SW9jR1BQVDRFY28rcStCKy9iaHRoSXhteTRpeEdRSkV5UU04WnVMNktSYWpIV1dqWGtuTVdGSkZVbkFWbCsxeHh3bUhsbklaTDlIa21YRVkwcWpxb3hqOSs3L09MVWJVanhhSXgrY2drdjJZbFF6ZXB4VzRwZ2p0Ump2UUxKOWdPVmo0dFlPMjFFWE5IOVBZNG5WVTRUOFFicWZtaHIzWk9ad2lSY2U0NXlIWmF5ZVJEcU9mUGgrNk1OZ0dTbFZyOG4xZURIMk84dTJ0UnMyVENSM1AvOEVjUFFoV2VIdHB6NUJRNUZ5VDZJdngxSUoyNUhqRGx2UjZkMmVFNkJOeEpBMFMzNHMzcW9GT1FPRFFQeUFKUlcybmt4NXhyRnQ0MkR3bldjT1RCc0c3V0lCQWhJajZ3L3IwOEFWM2svVUprUGcvUVQzemN2cEJEMzdON2t1QU5SVUtPbkYzcXg4SUlrTGhvQmFCUGNWYVUwYk5HREd6bmNsS2h6SkJEYnNsdEVPaDltL3FsQTFqVkt3SkUxU01yNEpoeFlLRE5ZM0ZxQSs5ZlZnUFU4VVZWK2tYbldtWFI5MXBvdnlpVGxTSHBQazBMVFNyV0FPUzZWQ3h1K05UYkZUVGNqcWZkbFRrcGswclJBRUwzdmVYVzBwQzlRbTg9IiBDb3JyZWxhdGlvbkJpbmRpbmc9IiIgVXJsRW5jb2RlPSJUcnVlIiAvPg0KICAgICAgICA8Rm9ybVBvc3RQYXJhbWV0ZXIgTmFtZT0iU2NyZWVuV2lkdGgiIFZhbHVlPSJ7eyRISURERU4xLlNjcmVlbldpZHRofX0iIFJlY29yZGVkVmFsdWU9IiIgQ29ycmVsYXRpb25CaW5kaW5nPSIiIFVybEVuY29kZT0iVHJ1ZSIgLz4NCiAgICAgICAgPEZvcm1Qb3N0UGFyYW1ldGVyIE5hbWU9IlNjcmVlbkhlaWdodCIgVmFsdWU9Int7JEhJRERFTjEuU2NyZWVuSGVpZ2h0fX0iIFJlY29yZGVkVmFsdWU9IiIgQ29ycmVsYXRpb25CaW5kaW5nPSIiIFVybEVuY29kZT0iVHJ1ZSIgLz4NCiAgICAgICAgPEZvcm1Qb3N0UGFyYW1ldGVyIE5hbWU9ImJ0blF1ZXJ5IiBWYWx1ZT0i5p+l6KmiIiBSZWNvcmRlZFZhbHVlPSLmn6XoqaIiIENvcnJlbGF0aW9uQmluZGluZz0ie3tGb3JtUG9zdFBhcmFtOS5idG5RdWVyeX19IiBVcmxFbmNvZGU9IlRydWUiIC8+DQogICAgICAgIDxGb3JtUG9zdFBhcmFtZXRlciBOYW1lPSJkZGxPcmdBbmRGbG93IiBWYWx1ZT0iIiBSZWNvcmRlZFZhbHVlPSIiIENvcnJlbGF0aW9uQmluZGluZz0iIiBVcmxFbmNvZGU9IlRydWUiIC8+DQogICAgICAgIDxGb3JtUG9zdFBhcmFtZXRlciBOYW1lPSJkZGxRdWVyeUNvbmRpdGlvbnMiIFZhbHVlPSIwIiBSZWNvcmRlZFZhbHVlPSIwIiBDb3JyZWxhdGlvbkJpbmRpbmc9Int7Rm9ybVBvc3RQYXJhbTExLmRkbFF1ZXJ5Q29uZGl0aW9uc319IiBVcmxFbmNvZGU9IlRydWUiIC8+DQogICAgICAgIDxGb3JtUG9zdFBhcmFtZXRlciBOYW1lPSJ0eHRPVEVtcElEIiBWYWx1ZT0iMTAyMTE5IiBSZWNvcmRlZFZhbHVlPSIxMDIxMTkiIENvcnJlbGF0aW9uQmluZGluZz0ie3tGb3JtUG9zdFBhcmFtMTAudHh0T1RFbXBJRH19IiBVcmxFbmNvZGU9IlRydWUiIC8+DQogICAgICAgIDxGb3JtUG9zdFBhcmFtZXRlciBOYW1lPSJ0eHRPVEVtcE5hbWUiIFZhbHVlPSIiIFJlY29yZGVkVmFsdWU9IiIgQ29ycmVsYXRpb25CaW5kaW5nPSIiIFVybEVuY29kZT0iVHJ1ZSIgLz4NCiAgICAgICAgPEZvcm1Qb3N0UGFyYW1ldGVyIE5hbWU9InR4dE9URm9ybU5PIiBWYWx1ZT0iIiBSZWNvcmRlZFZhbHVlPSIiIENvcnJlbGF0aW9uQmluZGluZz0iIiBVcmxFbmNvZGU9IlRydWUiIC8+DQogICAgICAgIDxGb3JtUG9zdFBhcmFtZXRlciBOYW1lPSJkZGxPVFN0YXR1cyIgVmFsdWU9IjAiIFJlY29yZGVkVmFsdWU9IjAiIENvcnJlbGF0aW9uQmluZGluZz0ie3tGb3JtUG9zdFBhcmFtMTIuZGRsT1RTdGF0dXN9fSIgVXJsRW5jb2RlPSJUcnVlIiAvPg0KICAgICAgICA8Rm9ybVBvc3RQYXJhbWV0ZXIgTmFtZT0idHh0T1REYXRlQmVnaW4kdHh0RGF0ZSIgVmFsdWU9IiIgUmVjb3JkZWRWYWx1ZT0iIiBDb3JyZWxhdGlvbkJpbmRpbmc9IiIgVXJsRW5jb2RlPSJUcnVlIiAvPg0KICAgICAgICA8Rm9ybVBvc3RQYXJhbWV0ZXIgTmFtZT0idHh0T1REYXRlRW5kJHR4dERhdGUiIFZhbHVlPSIiIFJlY29yZGVkVmFsdWU9IiIgQ29ycmVsYXRpb25CaW5kaW5nPSIiIFVybEVuY29kZT0iVHJ1ZSIgLz4NCiAgICAgICAgPEZvcm1Qb3N0UGFyYW1ldGVyIE5hbWU9InVjTW9kYWxQb3B1cDEkQ2xpZW50V2lkdGgiIFZhbHVlPSJ7eyRISURERU4xLnVjTW9kYWxQb3B1cDEkQ2xpZW50V2lkdGh9fSIgUmVjb3JkZWRWYWx1ZT0iMCIgQ29ycmVsYXRpb25CaW5kaW5nPSIiIFVybEVuY29kZT0iVHJ1ZSIgLz4NCiAgICAgICAgPEZvcm1Qb3N0UGFyYW1ldGVyIE5hbWU9InVjTW9kYWxQb3B1cDEkQ2xpZW50SGVpZ2h0IiBWYWx1ZT0ie3skSElEREVOMS51Y01vZGFsUG9wdXAxJENsaWVudEhlaWdodH19IiBSZWNvcmRlZFZhbHVlPSIwIiBDb3JyZWxhdGlvbkJpbmRpbmc9IiIgVXJsRW5jb2RlPSJUcnVlIiAvPg0KICAgICAgPC9Gb3JtUG9zdEh0dHBCb2R5Pg0KICAgIDwvUmVxdWVzdD4NCiAgICA8UmVxdWVzdCBNZXRob2Q9IlBPU1QiIEd1aWQ9ImZiMjBkNWVjLWQyYzEtNGQ3Mi05N2RiLTdkOGU3MDFmNTViOSIgVmVyc2lvbj0iMS4xIiBVcmw9Imh0dHA6Ly8xMC4xMS4zNi4xMTQ6ODAwNy9PdmVyVGltZS9PdmVydGltZVByZU9yZGVyLmFzcHgiIFRoaW5rVGltZT0iMjMiIFRpbWVvdXQ9IjMwMCIgUGFyc2VEZXBlbmRlbnRSZXF1ZXN0cz0iVHJ1ZSIgRm9sbG93UmVkaXJlY3RzPSJUcnVlIiBSZWNvcmRSZXN1bHQ9IlRydWUiIENhY2hlPSJGYWxzZSIgUmVzcG9uc2VUaW1lR29hbD0iMCIgRW5jb2Rpbmc9InV0Zi04IiBFeHBlY3RlZEh0dHBTdGF0dXNDb2RlPSIwIiBFeHBlY3RlZFJlc3BvbnNlVXJsPSIiIFJlcG9ydGluZ05hbWU9IiIgSWdub3JlSHR0cFN0YXR1c0NvZGU9IkZhbHNlIj4NCiAgICAgIDxFeHRyYWN0aW9uUnVsZXM+DQogICAgICAgIDxFeHRyYWN0aW9uUnVsZSBDbGFzc25hbWU9Ik1pY3Jvc29mdC5WaXN1YWxTdHVkaW8uVGVzdFRvb2xzLldlYlRlc3RpbmcuUnVsZXMuRXh0cmFjdEhpZGRlbkZpZWxkcywgTWljcm9zb2Z0LlZpc3VhbFN0dWRpby5RdWFsaXR5VG9vbHMuV2ViVGVzdEZyYW1ld29yaywgVmVyc2lvbj0xMC4wLjAuMCwgQ3VsdHVyZT1uZXV0cmFsLCBQdWJsaWNLZXlUb2tlbj1iMDNmNWY3ZjExZDUwYTNhIiBWYXJpYWJsZU5hbWU9IjEiIERpc3BsYXlOYW1lPSLmk7flj5bpmrHol4/mrITkvY0iIERlc2NyaXB0aW9uPSLmk7flj5blm57mh4nkuK3nmoTmiYDmnInpmrHol4/mrITkvY3vvIzkuKblsIflroPlgJHmlL7lnKjmuKzoqablhaflrrnkuK3jgIIiPg0KICAgICAgICAgIDxSdWxlUGFyYW1ldGVycz4NCiAgICAgICAgICAgIDxSdWxlUGFyYW1ldGVyIE5hbWU9IlJlcXVpcmVkIiBWYWx1ZT0iVHJ1ZSIgLz4NCiAgICAgICAgICAgIDxSdWxlUGFyYW1ldGVyIE5hbWU9Ikh0bWxEZWNvZGUiIFZhbHVlPSJUcnVlIiAvPg0KICAgICAgICAgIDwvUnVsZVBhcmFtZXRlcnM+DQogICAgICAgIDwvRXh0cmFjdGlvblJ1bGU+DQogICAgICA8L0V4dHJhY3Rpb25SdWxlcz4NCiAgICAgIDxDb3JyZWxhdGlvbkV4dHJhY3Rpb25SdWxlcz4NCiAgICAgICAgPEV4dHJhY3Rpb25SdWxlIENsYXNzbmFtZT0iTWljcm9zb2Z0LlZpc3VhbFN0dWRpby5UZXN0VG9vbHMuV2ViVGVzdGluZy5SdWxlcy5FeHRyYWN0Rm9ybUZpZWxkLCBNaWNyb3NvZnQuVmlzdWFsU3R1ZGlvLlF1YWxpdHlUb29scy5XZWJUZXN0RnJhbWV3b3JrLCBWZXJzaW9uPTEwLjAuMC4wLCBDdWx0dXJlPW5ldXRyYWwsIFB1YmxpY0tleVRva2VuPWIwM2Y1ZjdmMTFkNTBhM2EiIFZhcmlhYmxlTmFtZT0iRm9ybVBvc3RQYXJhbTEuYnRuQWN0aW9uWCIgRGlzcGxheU5hbWU9IiIgRGVzY3JpcHRpb249IiI+DQogICAgICAgICAgPFJ1bGVQYXJhbWV0ZXJzPg0KICAgICAgICAgICAgPFJ1bGVQYXJhbWV0ZXIgTmFtZT0iTmFtZSIgVmFsdWU9ImJ0bkFjdGlvblgiIC8+DQogICAgICAgICAgICA8UnVsZVBhcmFtZXRlciBOYW1lPSJIdG1sRGVjb2RlIiBWYWx1ZT0iVHJ1ZSIgLz4NCiAgICAgICAgICAgIDxSdWxlUGFyYW1ldGVyIE5hbWU9IlJlcXVpcmVkIiBWYWx1ZT0iRmFsc2UiIC8+DQogICAgICAgICAgICA8UnVsZVBhcmFtZXRlciBOYW1lPSJJbmRleCIgVmFsdWU9IjAiIC8+DQogICAgICAgICAgPC9SdWxlUGFyYW1ldGVycz4NCiAgICAgICAgPC9FeHRyYWN0aW9uUnVsZT4NCiAgICAgICAgPEV4dHJhY3Rpb25SdWxlIENsYXNzbmFtZT0iTWljcm9zb2Z0LlZpc3VhbFN0dWRpby5UZXN0VG9vbHMuV2ViVGVzdGluZy5SdWxlcy5FeHRyYWN0Rm9ybUZpZWxkLCBNaWNyb3NvZnQuVmlzdWFsU3R1ZGlvLlF1YWxpdHlUb29scy5XZWJUZXN0RnJhbWV3b3JrLCBWZXJzaW9uPTEwLjAuMC4wLCBDdWx0dXJlPW5ldXRyYWwsIFB1YmxpY0tleVRva2VuPWIwM2Y1ZjdmMTFkNTBhM2EiIFZhcmlhYmxlTmFtZT0iRm9ybVBvc3RQYXJhbTIudHh0T1RFbXBJRCIgRGlzcGxheU5hbWU9IiIgRGVzY3JpcHRpb249IiI+DQogICAgICAgICAgPFJ1bGVQYXJhbWV0ZXJzPg0KICAgICAgICAgICAgPFJ1bGVQYXJhbWV0ZXIgTmFtZT0iTmFtZSIgVmFsdWU9InR4dE9URW1wSUQiIC8+DQogICAgICAgICAgICA8UnVsZVBhcmFtZXRlciBOYW1lPSJIdG1sRGVjb2RlIiBWYWx1ZT0iVHJ1ZSIgLz4NCiAgICAgICAgICAgIDxSdWxlUGFyYW1ldGVyIE5hbWU9IlJlcXVpcmVkIiBWYWx1ZT0iRmFsc2UiIC8+DQogICAgICAgICAgICA8UnVsZVBhcmFtZXRlciBOYW1lPSJJbmRleCIgVmFsdWU9IjAiIC8+DQogICAgICAgICAgPC9SdWxlUGFyYW1ldGVycz4NCiAgICAgICAgPC9FeHRyYWN0aW9uUnVsZT4NCiAgICAgICAgPEV4dHJhY3Rpb25SdWxlIENsYXNzbmFtZT0iTWljcm9zb2Z0LlZpc3VhbFN0dWRpby5UZXN0VG9vbHMuV2ViVGVzdGluZy5SdWxlcy5FeHRyYWN0VGV4dCwgTWljcm9zb2Z0LlZpc3VhbFN0dWRpby5RdWFsaXR5VG9vbHMuV2ViVGVzdEZyYW1ld29yaywgVmVyc2lvbj0xMC4wLjAuMCwgQ3VsdHVyZT1uZXV0cmFsLCBQdWJsaWNLZXlUb2tlbj1iMDNmNWY3ZjExZDUwYTNhIiBWYXJpYWJsZU5hbWU9IkZvcm1Qb3N0UGFyYW0zLmRkbFF1ZXJ5Q29uZGl0aW9ucyIgRGlzcGxheU5hbWU9IiIgRGVzY3JpcHRpb249IiI+DQogICAgICAgICAgPFJ1bGVQYXJhbWV0ZXJzPg0KICAgICAgICAgICAgPFJ1bGVQYXJhbWV0ZXIgTmFtZT0iU3RhcnRzV2l0aCIgVmFsdWU9InMmcXVvdDs6WyZxdW90OyIgLz4NCiAgICAgICAgICAgIDxSdWxlUGFyYW1ldGVyIE5hbWU9IkVuZHNXaXRoIiBWYWx1ZT0iJnF1b3Q7LCZxdW90OzEmcXVvdDsiIC8+DQogICAgICAgICAgICA8UnVsZVBhcmFtZXRlciBOYW1lPSJJbmRleCIgVmFsdWU9IjAiIC8+DQogICAgICAgICAgICA8UnVsZVBhcmFtZXRlciBOYW1lPSJJZ25vcmVDYXNlIiBWYWx1ZT0iRmFsc2UiIC8+DQogICAgICAgICAgICA8UnVsZVBhcmFtZXRlciBOYW1lPSJVc2VSZWd1bGFyRXhwcmVzc2lvbiIgVmFsdWU9IkZhbHNlIiAvPg0KICAgICAgICAgICAgPFJ1bGVQYXJhbWV0ZXIgTmFtZT0iSHRtbERlY29kZSIgVmFsdWU9IlRydWUiIC8+DQogICAgICAgICAgICA8UnVsZVBhcmFtZXRlciBOYW1lPSJSZXF1aXJlZCIgVmFsdWU9IkZhbHNlIiAvPg0KICAgICAgICAgIDwvUnVsZVBhcmFtZXRlcnM+DQogICAgICAgIDwvRXh0cmFjdGlvblJ1bGU+DQogICAgICAgIDxFeHRyYWN0aW9uUnVsZSBDbGFzc25hbWU9Ik1pY3Jvc29mdC5WaXN1YWxTdHVkaW8uVGVzdFRvb2xzLldlYlRlc3RpbmcuUnVsZXMuRXh0cmFjdFRleHQsIE1pY3Jvc29mdC5WaXN1YWxTdHVkaW8uUXVhbGl0eVRvb2xzLldlYlRlc3RGcmFtZXdvcmssIFZlcnNpb249MTAuMC4wLjAsIEN1bHR1cmU9bmV1dHJhbCwgUHVibGljS2V5VG9rZW49YjAzZjVmN2YxMWQ1MGEzYSIgVmFyaWFibGVOYW1lPSJGb3JtUG9zdFBhcmFtNC5kZGxPVFN0YXR1cyIgRGlzcGxheU5hbWU9IiIgRGVzY3JpcHRpb249IiI+DQogICAgICAgICAgPFJ1bGVQYXJhbWV0ZXJzPg0KICAgICAgICAgICAgPFJ1bGVQYXJhbWV0ZXIgTmFtZT0iU3RhcnRzV2l0aCIgVmFsdWU9IiZxdW90OzAmcXVvdDssJnF1b3Q7IiAvPg0KICAgICAgICAgICAgPFJ1bGVQYXJhbWV0ZXIgTmFtZT0iRW5kc1dpdGgiIFZhbHVlPSImcXVvdDssJnF1b3Q7MiZxdW90OyIgLz4NCiAgICAgICAgICAgIDxSdWxlUGFyYW1ldGVyIE5hbWU9IkluZGV4IiBWYWx1ZT0iMCIgLz4NCiAgICAgICAgICAgIDxSdWxlUGFyYW1ldGVyIE5hbWU9Iklnbm9yZUNhc2UiIFZhbHVlPSJGYWxzZSIgLz4NCiAgICAgICAgICAgIDxSdWxlUGFyYW1ldGVyIE5hbWU9IlVzZVJlZ3VsYXJFeHByZXNzaW9uIiBWYWx1ZT0iRmFsc2UiIC8+DQogICAgICAgICAgICA8UnVsZVBhcmFtZXRlciBOYW1lPSJIdG1sRGVjb2RlIiBWYWx1ZT0iVHJ1ZSIgLz4NCiAgICAgICAgICAgIDxSdWxlUGFyYW1ldGVyIE5hbWU9IlJlcXVpcmVkIiBWYWx1ZT0iRmFsc2UiIC8+DQogICAgICAgICAgPC9SdWxlUGFyYW1ldGVycz4NCiAgICAgICAgPC9FeHRyYWN0aW9uUnVsZT4NCiAgICAgIDwvQ29ycmVsYXRpb25FeHRyYWN0aW9uUnVsZXM+DQogICAgICA8Rm9ybVBvc3RIdHRwQm9keT4NCiAgICAgICAgPEZvcm1Qb3N0UGFyYW1ldGVyIE5hbWU9IlRvb2xraXRTY3JpcHRNYW5hZ2VyMV9IaWRkZW5GaWVsZCIgVmFsdWU9Ijs7QWpheENvbnRyb2xUb29sa2l0LCBWZXJzaW9uPTQuMS43LjYwNywgQ3VsdHVyZT1uZXV0cmFsLCBQdWJsaWNLZXlUb2tlbj0yOGYwMWIwZTg0YjZkNTNlOnpoLUhhbnQ6N2I5NWVkMWEtNmEzZi00MWRkLWJjNWItNjNmMzllZGJjNGI0OmRlMWZlYWIyOmZjZjBlOTkzOmYyYzhlNzA4OjcyMGE1MmJmOmY5Y2VjOWJjOjU4OWVhYTMwOjY5ODEyOWNmOmZiOWI0YzU3OmNjYjk2Y2Y5OmE2N2MyNzAwOjg2MTNhZWE3OjMyMDJhNWEyOmFiMDllM2ZlOjg3MTA0YjdjOmJlNmZiMjk4IiBSZWNvcmRlZFZhbHVlPSI7O0FqYXhDb250cm9sVG9vbGtpdCwgVmVyc2lvbj00LjEuNy42MDcsIEN1bHR1cmU9bmV1dHJhbCwgUHVibGljS2V5VG9rZW49MjhmMDFiMGU4NGI2ZDUzZTp6aC1IYW50OjdiOTVlZDFhLTZhM2YtNDFkZC1iYzViLTYzZjM5ZWRiYzRiNDpkZTFmZWFiMjpmY2YwZTk5MzpmMmM4ZTcwODo3MjBhNTJiZjpmOWNlYzliYzo1ODllYWEzMDo2OTgxMjljZjpmYjliNGM1NzpjY2I5NmNmOTphNjdjMjcwMDo4NjEzYWVhNzozMjAyYTVhMjphYjA5ZTNmZTo4NzEwNGI3YzpiZTZmYjI5OCIgQ29ycmVsYXRpb25CaW5kaW5nPSIiIFVybEVuY29kZT0iVHJ1ZSIgLz4NCiAgICAgICAgPEZvcm1Qb3N0UGFyYW1ldGVyIE5hbWU9Il9fRVZFTlRUQVJHRVQiIFZhbHVlPSJ7eyRISURERU4xLl9fRVZFTlRUQVJHRVR9fSIgUmVjb3JkZWRWYWx1ZT0iIiBDb3JyZWxhdGlvbkJpbmRpbmc9IiIgVXJsRW5jb2RlPSJUcnVlIiAvPg0KICAgICAgICA8Rm9ybVBvc3RQYXJhbWV0ZXIgTmFtZT0iX19FVkVOVEFSR1VNRU5UIiBWYWx1ZT0ie3skSElEREVOMS5fX0VWRU5UQVJHVU1FTlR9fSIgUmVjb3JkZWRWYWx1ZT0iIiBDb3JyZWxhdGlvbkJpbmRpbmc9IiIgVXJsRW5jb2RlPSJUcnVlIiAvPg0KICAgICAgICA8Rm9ybVBvc3RQYXJhbWV0ZXIgTmFtZT0iX19MQVNURk9DVVMiIFZhbHVlPSJ7eyRISURERU4xLl9fTEFTVEZPQ1VTfX0iIFJlY29yZGVkVmFsdWU9IiIgQ29ycmVsYXRpb25CaW5kaW5nPSIiIFVybEVuY29kZT0iVHJ1ZSIgLz4NCiAgICAgICAgPEZvcm1Qb3N0UGFyYW1ldGVyIE5hbWU9Il9fVlNUQVRFIiBWYWx1ZT0ie3skSElEREVOMS5fX1ZTVEFURX19IiBSZWNvcmRlZFZhbHVlPSJBUitMQ0FBQUFBQUFCQURkbmUxekU4Y2R4MjFoeWNZMkdCS3NrSWRLb2lVUkZHemYzdlBodUMyMkliZ0JSTEJDMnhDcW5uV0hmUFZaNTBwbndIM0IwSm1TMERTWmtBbEpTdWgwSmpONVRzbWt3N1JEU1pycEg5QVhmZEVYZloySmJQeXFmMEs3ZHlkWnQ5YjZRV3V5YWRZTTltbDM3Mzc3Kys3dVo3OCs2K0cvclQwN0k5RkVMamZpRk4yU1k1ZFBtcitZdFVybUNhZnNEdXY1cVNmTnVWd3UzaFh0TFp3N3BsdkYzWG5YNXNEdWtVa3pQM1hRdHFQeGVyRWs3YzVQVG8xTU9rN1pESmRyd2dybEs3V1hWeWhYVmloWFZ5alhRdVVQMU1zQng2MVVBVmFxNEVNVnNhQ2k1L0Y5TGQyYllyMmRIWm5zaURNOU16YmFuc2tlOG43R010bFIzVFhoajZ3MWJYWm5zdU91N3M2V2ordlRaaGNzYzF6ZDlpcGc4K3lGNHRob1I2MEJQRGpzbEthUFp6b1AyODc1RWIxc3dtdnUyTmRpd3YrZDBkajRpU1BEVDRKb0RQWUdBQzNheTNOQUdlQ2tBUUF1MWcralhSeDNnT011Y2dCK2o4WXFWejVjdlA3Mm5yMm54K2ZLcmpuZFAycm1yV25kM3ArYUx1ZWRrbTFON0UrZE1rdGx5eWtPaWYyYzkyOS9hbVRXZG1kTDVsRFJuSFZMWHRzVHN4TzJsWWNUSWV0TW1jV2hDVVhScGJ3a0EwMFFUVTdWTm9GK0xob1BlaGYwemVzT0oza1BvcTFTZE52U3cycjF4dlBaMTdaS1VBRU55bE1KS3FKQkJTcEJKVFNvU0NXb2pBYVZxQVJWMEtBeWxhQXFHbFNoRWxSRGc2bzBnZ0lPRGFwUkNRcVFvSkFPTklLaVJBSlVpQVJRSWdFcVJBSW9rUUFWSWdHVVNJQUtrUUJLSkVDRlNBQWxFcUJDSklBU0NWQWhFa0NKeEZOWnB6eEtKSjdLN09WUkl2RlVaaStQRW9tbk1udDVsRWc4bGRuTG8wVGlxY3hlSGlVU1QyVS81VkVpQ1ZTQXo2TkVFdWdzR1pSSUFwMGxneEpKb0xKa0JKUklBcFVsSTZCRUVxZ3NHUUVsa2tCbHlRZ29rUVFxRmxSQWlTUlMyZG9FbEVnaUZRc3FvRVFTcVJCSlFJa2tVaUdTZ0JKSnBFSWtBU1dTU0lWSUlrb2trUXFSUkpSSUloVWlpU2lSUkNwRUVsRWlpVlNJSktKRWtxZ1FTVVNKSkZFaGtvZ1NTYUpDSkJFbGtrU0ZTQ0pLSklrS2tVU1VTQklWSWtrb2tTUXFSSkpRSWtsVWlDU2hSSktvRUVsQ2lTUlJJWktFRWtuZU9KSG0zL3lvY3ZOM3F3ZUZSQUwzTk9oNk1rV0pKRlBCb0lRU1NhYUNRUWtsa2t3Rmd4SktKSmtLQm1XVVNESVZETW9va1dRcUdKUlJJc2xVTUNpalJKS3BZRkJlUmlRcUdKUlJqNlJRSVpLTUVrbWhRaVFaSlpKQ2hVZ3lTaVNGQ3BGa2xFZ0tGU0lwS0pFVUtrUlNVQ0lwVklpa29FUlNxQkJKUVlta1VDR1NnaEpKb1VJa0JTV1NTb1ZJQ2tva2xRcVJGSlJJS2hVaUtTaVJWQ3BFVWxBaXFWU0lwS0pFVXFrUVNVV0pwRkloa29vU1NhVkNKQlVsa2tvRkRpcEtKSTBLSEZTVVNCb1ZPS2dva1RRcWNGQlJJbWxVNEtDaVJOTG93QUVsa2tZRkRocEtKSTNLT3RWUUltbFVuSU9HRWtsYkR4ekVBYjRXMURzTWdzb1g0WGZZZzlEZEZhNGZZSUo2Zi9vQnlOMFZzSjVNVnc5YXozVGxvTXVlZVVVblV3SEpsRitCU1BBM0FVbmRTRkQvQXVGTWEwRjl0ZGVWS1pBdjFnOWhVT0JQSkg1ZGQ4eEUrTnQvNkk2WjZQMGxrMHBRR2MxMFBlemRlRkFGSFZNNlFWVWtxTENlL1hUalFUVTA2SXF6bDFNM0ZOUy9RQzFvR0E3aDJkc1JhVFY2b3Axd3IrTzl1eUdpMkJPUEoyS2o1b3c3TmhwOUtNMXgzQk9BUysvM0Q3alFRZUsrVEtuZ1BaLzlxRlYyNGFGZWhPMGo2WFJpYSs2RVhqREh5dDVUM284NmhjbEViN1hncVZtek5EZnVscXhpd1MrUEJjK3VyMldjMkZWdGQzRFdkUTdPek5oemg2WW5UTU1yR3ltWFIyeTlYQzRrMHRVMjNoUDFYZmgvUEY5eWJQdUVVN1pjeXlsbWlyVlhOeFFTblVFS1hnL05SRmVvcjlFUHQ1Wk4yOHk3cWRHeDhlelk4WkZzS3ErWHpWVHEvS1JaVEdWRXJ2L3BtV28rS2F1Y0tqcHVxamhyMnltM3NkcTA0WG5wZE1vc0dpbTk3RlV1MWUyM3l0NVplN3dUYWtYcDlONXFzMXBKT0xDd2VtQmh0Y0FDSnJEUUdGakFCdVpYRDh5dkZwakhCT1liQS9QWXdHRDF3S0FoOEI3LzdPRGtWYy9kVXgzaGVwT3pKV2M2WlI0NWVXeDhkRGczbGowNTJuL2FtSERPOUovMkcxaS8xTDM1NDAyUk05NzFTMmFxZXVKUU9OQmV2eHRCK251WE5BQWhEVUxwZVYxY09ibUczR3JxQVZTOWVwQVZRcXltNEdvajF6aHdvUTdYQmc0V3JkSUkwMlhNSE1ETVIvemE4TDY4b0tQTytlTHlxSDdTSVVIOTlPdVora2RCaGw5Y3UvYkZ0VXZwMUw1NjYzM3B2dlRTUSsvVk9wNEltTjRIN1VDb0lTYWZvQkdQYXlRc2F5VGdHb25MR29uaFJqZ1YvQTQzTVgwektkczg2NlorN2xqRjlaNGhjaW5IbTAyd0x5Y2QyeHh4REhNb0xYTHBsQTRuUzZqSHFhSE0wbUhUUVlScUVDRWNSS2dGRWU1TkVMNGFoQThINFd0QitIc1RCRlNEZ0hBUVVBc0M3azJRYW94d0NDN3RCOEJldndxdE9uRWdCTDFGbkNrWlppazFNUmZlZFVMN1FJak1JY1FzcmZwVW9oMGUrYnRtUjgwS0pIcHFlN0RwNmxtOVVDN0VJNUZOUFVaOEIvemVFNC9BL2Y2b1ZaaDBoNTBMd3lWVG56cFUxQ2RzMDVnMDRwR3pzRlZicE5WdjFYN0tLbHV3WXRJd0lsRy9wQzFyWG5Dak8rOWVmMjNoNm5OZjNyNzVuODlldlB2UmJ4ZmVmNm55K2VVdkxyMEwyejNxdFV0dWlYYlBmM0w3N3ArdUxyNXc2ZTViTDhMeXZkWHluaS92M0ttOGNPUHVyZWZuNzF5RjE0RlZmZFdxWGxqbGxiOTJlLzdWTitlZi84M0N0ZmNYM25zRk5oam9xWGJNUzJLYlljUmJ6eG9SVUN1TWVZVTk4WTdFMWxIZDFVL3A5cXg1MkRKdEk5cm1EVWxpaTFmcWRUc283UEFLdmZXYTZNcnQ4cXFHbmRtaVVVaTBMMm13clRleXZROSt3Y1FXZndXNzhyejNJQjVZcXI1bHZlK050TVNDbWgzN05rVUtCYjluVWI4N3lhMUJCNUk5OVpqSmJZWGs5bnNRb1owOEF1RDY3cjcrNGVMbFB5NjgrM0xseWdkUTRGb0VFSTRnMU5UdHFLb0xnM1hXNXljTXVRV2gzMUxjMXNhNHZhMHQ4TXF0eThUcHJFOXg4cXUxMTYvR2IveHFtMnRYNndydGIrU1hVL3daRy9FWGxMZnNPdUdVODE2YzZybHUzWTEyejhHdlp3ZU9IWHQyd0RBU25ibHhWeSs1L290WFcvNXV2WGpqWC8vc1NIVGtEaFdOYXRGd1cvTG12enZnSmNiS0owM2R5QlR0dVVuWUlPczRkdGFhaWZhZFh2ejBEL092dm5BbVZYbmxzOHJMSDgyLzhjNzhqZWZnK2p5OWVPTzZYejUvKy9MaTliY3JsOStyZlB6WFlJMTczV3VGT1J2ZVduZUtlZHZLVDBXZmVkcTE3TnpJNUJTRVE5WXBGR3pUcDRCbFcrN2NuclI3d1ExZVlUdHNGcXhpTGo4NVZhOU43MDh0cnplc2M5NGFPd2doazk0N2FNQzFIUEV3RWkyN2M3WVpUWjR6UzY2VjErMCszYllLeFFPdU16TjRidWx5QndicklDTExFcDdaNlJTTkNUdkliS3M3YVpYN3ozbUFHRXFuQncwNEtQRllJb1lkanMwTm8zSEVRd1F5R0VlOCtRZUhOWGtmZW5MeS9xVVJUTzVZR3JsazcyUXl2dEZoU2o0UVBiVys4WUY5WFdWMHZGcjgyQ1Izcm50WWtnODJQUjdKaC9DamtIeDRtWVNQTE1tZS9GWkliODE3NWZmMlRTMDk4VGE0REQyRWo3bm05QWhFdUJzeGpkWnQ4UmJ2WHpmOExiMGx3TmMvV3YyK3RpVTJlNzl5amppMlUrck1KZHB5dThhSEl4MUdQSDUyU1YzWU9iaXFBeG1Dc21CWGFnV0dFZXlhOEVIRDY2bDl3WHJQT3lXamI4TGJTUS80MzZGd05zeXNyWHBXOVI1ZGJSZjFTb0t6WVVtc1d0SmUrZlQxek1Mbkh4akJwQXBPdS95WEx6OTlIWlowMUhaSTdLMVB3eU5YMENCOEV4UVdkMWFMdlZzTzhHRlg3Y0tQRlNmS000TitxcDZTeWM1Y01yVmVPWGlzSER3VGNteHFYZzRCSzRmQWhCeHR6Y3NoWXVVUXYzbzV1aGN2djFTNWVxWHl5Wlg1dDY1OGxhSkVteGRGd29vaU1TUktySGxSWkt3b01rT2l0RGN2aW9JVlJXRklsSTdtUlZHeG9xZ01pYks1ZVZFMHJDZ2FRNkowTmkxS0JIQTRWV3B2YjhHRUtsMEVxbUFkTEtEZ1lLbXAwazJnQ3RiSUFncEdscG9xV3doVXdmcFpRTUhQVWxObEs0RXFXRnNMV0xLMVBRU3FZSDB0WU1uWGJpTlFCV3RzQVV2R2RqdUJLbGhuQzFoeXR2Y1JxSUsxdGp4TGZ1VitBbFd3M3BabmFRL2EwYndxUE5iYjhpenRRYjBFcW1DOUxjL1NIaFFuVUFYcmJYbVc5cUFIQ0ZUQmVsdWVwVDFvSjRFcVdHL0xzM1I3NVVFQ1ZiRGVWbURwdDhPSENGVEJlbHVCcFozNVlRSlZzTjVXWUdsbmZvUkFGYXkzRlZqYW1iOUZvQXJXMndvczdjeUo1bFVSc041V1lHbG5UaEtvZ3ZXMkFrczdjNHBBRmF5M0ZWajZ5OGN1QWxXdzNsWms2VTdDdHdsVXdYcGJrYVcvZkh5SFFCV3N0eFZaOHJhN0NWVEJlbHVSSlcvN0tJRXFXRzhyc3VSdEh5TlFCZXR0UlphOGJacEFGYXkzRlZueXRudWFWMFhFZWx1UkpXKzdsMEFWckxjVldmSzIzeVZRQmV0dFJaYTg3VDRDVmJEZVZtTEoyKzRuVUFYcmJTV1d2RzBmZ1NwWWJ5dXg1RzM3Q1ZUQmVsdUpKVzg3UUtBSzF0dEtMSGxiamtBVnJMZVZXUEsyZ0VBVnJMZVZXUEsyZlBPcVNGaHZLN0hrYlFVQ1ZiRGVWbUxKMjRvRXFtQzlyY1NTdDVVSVZNRjZXNWtsYnl0WFZYbTdOWkJsUjRNR1dDZmJuQWJCdXl2OTMycWdFTXdNckpPVldmTDNLb0VxV0NjcnMrVHZOUUpWc0U1V1pzbmZIeUJRQmV0a1paYjgvU0NCS2xnbks3UGs3eDl2WGhVWjYyUmxsdno5RUlFcVdDY3JzK1R2djBlZ0N0Ykp5aXo1Kys4VHFJSjNzaXo1K3g4UXFJTDF0Z3BML3Y0Z2dTcFliNnV3NUcySENWVEJlbHVGSlc4N1FxQUsxdHNxTEhuYlVRSlZzTjVXWWNuYkhpSlFCZXR0RlphODdlSG1WVkd3M2xaaHlkcytRYUFLMXRzcUxIbmJJd1NxWUwydHdwSzNIU05RQmV0dEZaYTg3UThKVk1GNlc1VWxiL3NrZ1NwWWI2dXk1RzJQRXFpQzliWXFTOTcyR0lFcVdHK3JzdVJ0anhPb2d2VzJLa3ZlTmtPZ0N0YmJxaXg1MnhQTnE2Sml2YTNLa3JkOWlrQVZyTGRWV2ZLMkp3bFV3WHBibFNVWE4wNmdDdGJiYWl5NXVDeUJLbGh2cTdIazRwNG1VQVhyYlRXV1hOd3BBbFd3M2xaanljWDlpRUFWckxmVldISnhQeVpRQmV0dE5aWmMzRThJVk1GNlc0MGx2L0pNODZwb1dHK3JzWFF2N2pTQktsaHZxN0hrNHA3dFdlTVpreHIrdld1Ym1obGt6NWlNVjI1OU12L0dPd1B6djc5U3VmTWFQRnI0ODlYSzdWdU5haXo3S05mbGFsUS8xRFdzQnRjUHNHcWNJWmdqK0hleHBUQkh2Z1o5ZnJybWJNRy93MWRUWHZZYk0xdHlhNnJSNkdGRG43VktySWIvTWNSaE5SYmYvVGl6ZVAxdlg2OGFQMXRUalVidkd2b0k0Njl5YnNRcWx6NWJlUGttTG52a1kzU1I3T3NmcUxzZWp1cHJadC9vVVVPZnBmd056MzVpemV6eDd6N0xSdmI1TmJQSHZ4TVhoVmNkVU1qZVdDUDdUWUREbWt1QmpZVnZycDErbzR1OE43c0FweUxwTDE2L2xWbTQ5bXU2NlovMVM3cWhOWW9NK25uRExodCtUbHNNcXp4ajYzTUhpazdSSERUK0I3NHZlSWlCckFBQSIgQ29ycmVsYXRpb25CaW5kaW5nPSIiIFVybEVuY29kZT0iVHJ1ZSIgLz4NCiAgICAgICAgPEZvcm1Qb3N0UGFyYW1ldGVyIE5hbWU9Il9fVklFV1NUQVRFIiBWYWx1ZT0ie3skSElEREVOMS5fX1ZJRVdTVEFURX19IiBSZWNvcmRlZFZhbHVlPSIiIENvcnJlbGF0aW9uQmluZGluZz0iIiBVcmxFbmNvZGU9IlRydWUiIC8+DQogICAgICAgIDxGb3JtUG9zdFBhcmFtZXRlciBOYW1lPSJfX1NDUk9MTFBPU0lUSU9OWCIgVmFsdWU9Int7JEhJRERFTjEuX19TQ1JPTExQT1NJVElPTlh9fSIgUmVjb3JkZWRWYWx1ZT0iMCIgQ29ycmVsYXRpb25CaW5kaW5nPSIiIFVybEVuY29kZT0iVHJ1ZSIgLz4NCiAgICAgICAgPEZvcm1Qb3N0UGFyYW1ldGVyIE5hbWU9Il9fU0NST0xMUE9TSVRJT05ZIiBWYWx1ZT0ie3skSElEREVOMS5fX1NDUk9MTFBPU0lUSU9OWX19IiBSZWNvcmRlZFZhbHVlPSIwIiBDb3JyZWxhdGlvbkJpbmRpbmc9IiIgVXJsRW5jb2RlPSJUcnVlIiAvPg0KICAgICAgICA8Rm9ybVBvc3RQYXJhbWV0ZXIgTmFtZT0iX19WSUVXU1RBVEVFTkNSWVBURUQiIFZhbHVlPSJ7eyRISURERU4xLl9fVklFV1NUQVRFRU5DUllQVEVEfX0iIFJlY29yZGVkVmFsdWU9IiIgQ29ycmVsYXRpb25CaW5kaW5nPSIiIFVybEVuY29kZT0iVHJ1ZSIgLz4NCiAgICAgICAgPEZvcm1Qb3N0UGFyYW1ldGVyIE5hbWU9Il9fRVZFTlRWQUxJREFUSU9OIiBWYWx1ZT0ie3skSElEREVOMS5fX0VWRU5UVkFMSURBVElPTn19IiBSZWNvcmRlZFZhbHVlPSJldUM2R1V0N1V0MVg1WFJvZDEybWI3SWxrSWFycUE2M2NQWDRCUVJ2OVUrajdoTHFZWjMyNEh0M3JWcWlsTVNpU0Q5SlhrNWRlTmJrclhoV1dWWnFCa1NadDA1emJDSDBDL2VlbEFOcmVFRnBXNEZ5TFBqYnp4Y0ZLVUJXdnNqOWtkM3p2WE5rSmhOVHVWMnRIT1ZKbnppY1o1WkRmYkx4Q3BGNWVVOGR2ZytaYTdxZmY2M1poRk1MaFVkNGlYemNzeVBwUENQL1M2a2FLS3BtK3dGY00ydWd5R1BaZlExdlBUZ0JhK2Z1U3JuaWVDOFJIdkFaMkhxSlNXU1YxNkFld0lneVZlUXVmeTQ0TjFlN0haQmZ4WXRwLzMzVlBaczJhRWFFSE1BYXlEYkR0WGtPTW9xTnZpS0EzOW1LSWo1eERTV0NoYjJLVXhBb3dWVG5oSm5aajZLSjNaVlNWd2pOSGJ1dG5yMTFDcEcwcms1ZWVyV04wQXFaN2pQQncrVkJ5UXhJMi9VYVE2NTNCMFZrbDhlMkpuMWI4dUVMS2xiSkR0WUlUOEd6VmVjRjF0RDcyWm43ZjIrN010cHlaTll0cFBkNTZQN0F5bTNDbHQwRlg5d2Vzb2dZeStZdVUzTDlkZGxVNkVuWDJsdU5HL2ZST1AwUDk4RWY5UUlncjVWSk0xRDNERXIrRGtwTGVOTXg2OVpxTFBYbXhvTitWazVJL2NZdW5VV1U5NjlzZTQ5NnNLK0FrbzN0dlJOWk14S0lEL0JqMnZXR0lCYUVlSTVrUkMwMkl6M2pjMU5TajdEY1hOUEsxYVJvQUlaYnFPajFpMFA5RW9qaTB1b0pKSk02OVZkUVpLSEFMNVBNK3hBMVJlUCtKOFZrZHR4b0l6SytQanIvRlUzNTR2SFRSTGRlYkc4a0h4RHMrRXpyWmx4NnZjeFVKcEd2RHVtcXdsRWwwS202Sy9kcHRLTmVXWHJ0dkFYMitoWFVlUkNoMWwrV1p1YzhLWUQ0WTRWalR0eVhPZU9qN2VkMlY1RGFabUQwM0tMdHpkcnllc1lSYlplOUFCeGFVSndRN2VxWDRTZzViMVlZYytTT3JEUkd3bkVVSXRBNjA1Wk9jdVMyWGd6K3RlVmZESUVrY040WFA5aEc1QkVhUkxiTHFHS1hrM2ZQY2xUa0N3MWVVQ2FQUmNIVXI0TG5ncVBOU3ZYSklDR2hxMTZiMmtvblBlYlhUai8wQXJyanNYS3ZDRlZTQThkSEFsQmJsaW4wTVhId1owQzJkQWxUaTNZTkRpSlZxbERjZmJXTkNkaUlLaklSakhjRGRHbDJUQzhhN3RXczhpTnR6MU92eHRsS3dTODRnaHByWWFnbEJBSmR5Q0tacU1OZWM5Ulk3KzZzQnQ5N3AzVXZ6d0ZOdi9lZ29zcXM2TkxQcmlaeXNlTW50SjUvcENJa0NIRWJLem1vbERHdEc2NUFGR1pYNkhNQllIOUs5Z3I5YVZPN21JeDRMYlU1d00xY05FMGpKcHFNd1pXeWE3SkZEcmRVTXY0ano5aUlwVC9LMk5QTUg0M0RDTTVRZmIraXJwRkZVeUdaR0poTWRUU1JmalV2bWNZVERiTTd3bUI2S3kwZk1CbUVWSUtCS2o5L0tzL21rY2Z0SzRjSGJQY2svZUN1RG53dG5SRWt1UWh5RTN6bkhiTUIwbHRLKzlQSmxFdGRKQm9kSXV4N3U1Szd6dUdJY2U0SEE5dGJDYzZUWnEyZE4vYXlvRzFnMW5kZHNpSzJiZVlvaW9RcmNLMnVvZVROcTE2KzdaV3VQM0FINGNJcWNJd2dzTWZNczBYeFN2S1lXNlFlRkJvZmVWbFYycmNMTjZWQzlPNGpmdXZwa1RscDUvenRPSUVYSW44Y3RvK0k5TXJsQ1c2cVVMdVFGTGt5QjIvNTFWUkdBRHYxeDZiMVN2ZHE1RWJ6eHRhRGl3SXBLQTNRVnJGWjI1S09XamZDM2NJMnFJdWR0T3VIcmhBbXZGQlcyVUkyTHppV3pVKzRWeTRrck1GNGRPbTNyL2xpTFVEQnZaQUhxWVl3M1VZT2RhNE8yVURscjhSbENJeWNHbnFEcklNSE83RXFKem1zd2huQ2pCVjdhNmw4Y3lSOXByTVFSbmVnVWd5VDRTUXdlSEt3VDROeUtNR2JURlFtQ3F3b2dLN1lkRU9PZ0RwK0RJa2M0V3FGODducUFzQzBzLzg0eDF5cGR4OHJHNVl4enZDV0RnYnNQQ3YrOEFaQ2NrZUpMay9vOU5LalJNazJHbXpNYTNqQUlIRVp6M0tHSnVQZVc2b25ETXFaZnlYZUJUMU9Qa1JvdGpNbW5jam9Ka2pGUjNyRmJaNXVqSzRmSDhmOWpLVnpXSHVHNHZDOWt3eTFWTC9MWXBTaVY5aU5oSDJsM1BobVh4T0Ewd0xrUUZiV0sxT3lkTmdBR2JZMjVSQWJsMDd3N2txelZTRzN0TE8vanJqS2gvZUtwL2x3QzNpZFFwdEdFWlp1b1hqemV6UXVwNVpMK2JlQWpQODJBLy9OVkVWdHlPSHlqZDd1U2JSRE1tYTkrajlHdlk0SEM5cWh4ZEtDbHA4TFdQNHBDY1VyaUprRlhqdURqNVRNZzNJVnptN2ZIdEhibndSN0pDbjhtU0Y4VXZMdW1RUmFLNjQrVk5XTXAvZVJnRnpSL0Z1Q1ZETFdMcllxYTI4ZkVyaDV2NTFIVnBoM2VtTDBLVGtJV3pRSFNkN3RxN25LdStqNitrVnlpcmhpZ2J0UGgyVVg5UnpEdlBaWVkwTVlISy9rbzJBR00yTHZLd0JLWndJQVdkenllWjZKdGlhZCtWTFVTYmdzQ3BGVEpHeWxGd1gwQkhOUkpSQVl5VzdiZ0hNYjkwUnc4L3dHU0I3SUFDMlNCR1FtMmkyaDg1ZUoxVVVFeVJhSVF6M0VwK0phcWsxY21YVWU3OTM0U2hWRytyOXpmWXZlNFBiRFExYnYzZjFsbE9saTJ0NUFKc3ZBMTY5Ly80NFBmdWt4bmtDK3BORllCN3RnWkZGWjlOWFk0NE16RnM1YnN1NUZwV3pYUlJtRVU5dWUwQ3JCWXRxRitBMHJJNHdObVlqaG9UbDdidFpBMkhWQW9XRlQ0Y3ZlaE1rZWhqYzVaYUlpYWc2MHdUVUViblZnZVQrSUZRZTlNQjM4T3ZPN2FwZHc0MjZIUEtGcTdROU5VU0JXbCtNU05xMXpFbHN1Z1lTNVdkbTJQSmhZcjI4YkFWNjA4Z1Erc2g5cENpKzFiRjFac2NyVzNUMjhVdU5xWWp2QW53WExMbTdHbTNaWkVLMUsxMXhNUzl6QVZnYW1GWk9xalZoVXRZbmE4TkR1Q3lMdFNNY05vcEkvVmpoemQ2MmVEZ3NORjI3NFEyWjQ4NGdkRzV0Z1VyN2F5QzMzd0lKSWoraDQ5c0xvTnZ1WkZSWUVQWWEwR1drY0dncWVQSzBuWDYrSUJjb05hWlJmN2ZnalYwV0ZqcklQMzFab2RtclNEK25IQnArejI2bGJwTk15UVNqSS9LM0hLRTNucmZKUVl2bmpDdnRrdVpSRU12TVNvZ1ZrM0MwV3c3dE94WWJ5S1paVkd4WUZvbDVicVlKcHdnZS9LWlA3STNRY0FvMGlNcFByb2VNZys2OGREK3dreWRLbFRZRjBaQ0JESmZCeDBCcHNodVVVWmdRdDFCYU9xQXlwM1ZiVkZ3SmM2QWdRRWpVQjFjZWFuVjBuMjJObE5LNFJvcEY1dzZURWU2ckxNYjdWajg5K0xlYW5acmRMeFM1YS83NThkblIyVFpXWnZIWVhxeFlpbGVla3dzYUpUZ00vSW0zTlc3Y3oxNUZrOVlUVE8xcnFyMjRHczhUYlUxM1k4S21hQ3A2Q2xCTy9kaW8zQUJxbmY5NXpwS25sT2hscUJVN2FXMUhyT2h1WkNFcGYzY3phcGE2UmJWMGk5YkplRjMzb0JQbkhIc1V0MC9wY2JaTThDN1dNZzNpK1NEQUlpSkF5REhOOFR0S1hCU3hacUw3eEx4RzIxQ2xDWEFFT1A4UHF4cTFLSEIrNmQ4bU5CMEh4MkM0UlVlY1VDTXcyVnkwUTJwbjVqdVFoUm01QmZTczM3aGlVRGVUMlNIZmo2czNtdUllRWQwR0VWS3lQeHRoTFYremRIMW55d3kwSlpQMnFPMHhxUXJjMWdkd21YWkFibDZyZDVwRlM1N2h3QWlWN2UrU1FMOVVFeUlDYWRmL1MxZlhETXJEa3F2QjEzUUlTa0hPRzNPZW5nYmRkZTVTWmo3ancvWjVzWTlFeHNuWm5COHV2SHNkN3BhSHdSN0RjampOUERTd2Q3MWhSMXNCS05FQUIvSEpCeDVJeVdZM2NoWjhLcDF3cEc3T3M3T29WdWtHZE12SWgvWWVuTnpXMUN1bjlzZWU5RUl3eU5UM1JnRzNuT2s1NFIxZDA2Y0dyTUsrYWp4STNzK3BQQjhhdXZhQzNhelhVWkRRNUVaOWVsMDdZdCsvb0g0NDd4bzRDMjNBRVJ0OEswZEZKaTlBNm9oc1dHOXpjNkZuSFJHS1Y2U2VkWjFXTlRLVGZUYzltZ3BvUUNBN3NzQjFPcEhLMlpKanlPdWZCYUI2SHFyKyt5NEczSm1kUHBjdWhWT01DMHNIajROT051SURKaVNIbUxzQzAzZTZMZmtGVmNSUDBIcEFIYzh1Zkg5bGU2QnBlc3U4b3NmMldnbUo5VDJxZkF4bDl0RWhQdFVGZ3pzQ3lmSUsvdkJiRzRZUzdQOXdRVitpUFRtZDYwQndmRzRtUlkyU2UrU281S0NRWGVNbGNBcmdJeVpFMXlaZnN1Y1diQWZWeXdvT0hmdmYvMWlYMmNiSkpkUmtGWDk2d1NUcy9XL09YNnVwdjJXYkMxTFl4am1saC8rdHYzd3lkTHdKTDVVczh2dWRnUW05K3RkaEsxMC9XZTBLMjNLYlR4UDU5ZzkzelUwdVA4OFZmWmhLTE5GUjhHTzZQTno1clQ2M0xGSjR0VHBuMWtFY2JOWlVXMStzcUNGWC9jZ21kMWJlaW1LZi9LT25KREZlem1OZmlQRVI0UnFGT2YvWG9sZGVNVnRaN01ySTlEVkJIeHNXZkFqTi9FUGxIdXg3ZjU1eGt5a2R0RjNlT0dIWHgxUFlSbEdCL0RyU2V3bFZZNmdlMlNUeFN5dHJ4OW04Mm41d1NTVW5tSDZPY3JZbzJ0U3J5VndFZkdjYmphRjNkVllLYkN3TFM1bTIxNk90NE5LOWlOajRjN2ZXekY5TnFyUFJJRlU2YjlGMjNmZXAzY2pXT09yTHFmM2dQKzNYWEZUNUcwVVR3Z3BZeVdLWnZNV2dvSDhOa2VSL0ljeW03dzNhK0NEbWwrVFV3aGpSWHR0YVhidW5DUnFRYWFxM1BhTEhDQXRDZ1dBMzZSSkxQN1FvRmJSWlNQSmNCWEFDazJtWXprcnB3Z3ZBL2UyNEtXVGFJb3BxVUZlRk1WS3E1c3dYNktOTytsRVFvbVN0ZythdzBDSnlMTU9vNXJQaEtFWlVzZnRSSVZnQU1QUWp0M1FkZzFlY2MzS2JtZzI3YnhYeUo0bUtwaEp1SmJ5ZzRFbUl2dDRkRWVWR2FsSGR6ZVQrZFBvamF2em5ROXVYZGRwSUtzZERsVDI2MnUxVFM5WjNLVUdPSTRoYzh5Vld0Ymd0cno3ZGhZK3pCSC9Bc0d3dkNtVXlWYTNPajBoZDAzWWVmRkEvNjdBWGZvV2NxZldSZjduZE1TdVp2VVVpN0xDeHFWOXJhOC9OVnd6VU92QkovN2pYOGRYMGlNQ3NhTm5UQjdsNVJHNWdwaHAzYUNsQkdOTVRKUTNZZmpZR0tSMFFHWTZxbmtkbUVoYmllK2crR1ltS3kvODVOR29jeUdwMjU3SzQ3ekpnZldYTFN2TG81cWJNdTRLOURwR3ozMm0wb1BnMy9URkdGeVlEZkd6TEQvQzR6dHRacjUxejhrOVF6dmtoR3h4blRHWDA3VXd5UEtzdDZ5ZmxFcXZFbXRjL1dHT0szcGx0emhUMERFOFcrdWJsMFEyNGJvajVRbXpFY2czOEI2c0hDQWlHWEQ1YU5yQzZod2o4NTFJVFZmZE4yRm1zSnVxS29aelhZeklITnFwRXo2b0ZNT25OYXpNcy9uYnJ3ZXBaQWJMcndXTitGb3VldVdFVXRYYnVvN0MyK0ZEOHBRd2RySXFBZlQzMXpOSm9GVHpLL0lXL0FCK1REdFUxNE1nbWY5RzdKQXpEZXpqdkphbk9WakdsSVRqRkVZZDZpd0JVM0dNNHlyMk9kS1RUVVNYcElKWlFZRHgwbDIzVHpkVG5Wc1RCRE1pMmRGUmZNb0ZtaUFJRHRERTlySWpWOXR6SE42UGt2N0lkS0hsNjBTQ0NWTzg5a1R5TitMdERGNVdyYW9YanZDZlBvR0duczB6TGxJdnU2dGF1NlQyUWNyOWlUVzN3TkFxS2IwWER3b2dCTUlxNFpUT0hiaXRTbjBQL01WdGY0dHZOS3ArVExKK3lFQ3lRTHhiRGg1ZFI3WlQ3dVpUd0g1UklidnpXNFRvaksxZk9keHoyaHRTektpcHpXdnpUZzd2MmxhZEJJdFMrem1QMElEbURHYzFYMUtkS0Y1OHFkWndkdEtJemR4aW1TZEJ6OXVZSjVQQVdqYnFGTUhRd2MxcEFoZGhaSk5QVWR0ck8yS2JaVUV4bU5BVVNocWhNeGJ2dmoxbjZ6bkpVYnM3M083UFd2aTFJL2FSbXQzQzE4enZGS1pnNzkrMm5naW50RFVDSUI2aUxHcmFWZUE2dUpldHhXMm50MFk2Ym9ubm9QOXJSQzZHWjNGSTJrcElkczZ6RktVS1RIbCsvd2l4YkxDYW51YVVTOWlNMzNOWVlxNHJJVU94SFE3ZWFZazlXalA5WGFVRHNUS09EenRQOXRBOWNKMXYrL0RmbjNCN1hDa1NaTFdJakRCK0tWWGo3TXRCWVRYNm9YS3dlUENFUlUxSUFVZ1Nhc1NGYi9kZjRMaldvMXc1dlE3RHFyMDhac3F2NVBmRStSSHBPMDg0SDdSNjNkYUpJclpDdHFtMlVtdnhHTkRJbjZQTitpY2xXSHFGOWJWS2NaanhTWHR4bmdSZ1hkazB2ZjlqNWVQUHEzbDRLODJzd1cwVGFTQzdwb0s2RVhJUFVjSGxteGRCb0lHMHJSYUIwUlZNRk95amZvZDluSmZBVmZpZmFYenREM2pWdWpQaktPOFNqSHptcnlCMUwwMEZOL3dXVEpGRXBYdVU3WEJHd20rb09ETFhwRjFMU2NteVRTc2trSmc0VlVVUT09IiBDb3JyZWxhdGlvbkJpbmRpbmc9IiIgVXJsRW5jb2RlPSJUcnVlIiAvPg0KICAgICAgICA8Rm9ybVBvc3RQYXJhbWV0ZXIgTmFtZT0iU2NyZWVuV2lkdGgiIFZhbHVlPSJ7eyRISURERU4xLlNjcmVlbldpZHRofX0iIFJlY29yZGVkVmFsdWU9IiIgQ29ycmVsYXRpb25CaW5kaW5nPSIiIFVybEVuY29kZT0iVHJ1ZSIgLz4NCiAgICAgICAgPEZvcm1Qb3N0UGFyYW1ldGVyIE5hbWU9IlNjcmVlbkhlaWdodCIgVmFsdWU9Int7JEhJRERFTjEuU2NyZWVuSGVpZ2h0fX0iIFJlY29yZGVkVmFsdWU9IiIgQ29ycmVsYXRpb25CaW5kaW5nPSIiIFVybEVuY29kZT0iVHJ1ZSIgLz4NCiAgICAgICAgPEZvcm1Qb3N0UGFyYW1ldGVyIE5hbWU9ImJ0blF1ZXJ5IiBWYWx1ZT0i5p+l6KmiIiBSZWNvcmRlZFZhbHVlPSLmn6XoqaIiIENvcnJlbGF0aW9uQmluZGluZz0ie3tGb3JtUG9zdFBhcmFtNS5idG5RdWVyeX19IiBVcmxFbmNvZGU9IlRydWUiIC8+DQogICAgICAgIDxGb3JtUG9zdFBhcmFtZXRlciBOYW1lPSJkZGxPcmdBbmRGbG93IiBWYWx1ZT0iIiBSZWNvcmRlZFZhbHVlPSIiIENvcnJlbGF0aW9uQmluZGluZz0iIiBVcmxFbmNvZGU9IlRydWUiIC8+DQogICAgICAgIDxGb3JtUG9zdFBhcmFtZXRlciBOYW1lPSJkZGxRdWVyeUNvbmRpdGlvbnMiIFZhbHVlPSIwIiBSZWNvcmRlZFZhbHVlPSIwIiBDb3JyZWxhdGlvbkJpbmRpbmc9Int7Rm9ybVBvc3RQYXJhbTcuZGRsUXVlcnlDb25kaXRpb25zfX0iIFVybEVuY29kZT0iVHJ1ZSIgLz4NCiAgICAgICAgPEZvcm1Qb3N0UGFyYW1ldGVyIE5hbWU9InR4dE9URW1wSUQiIFZhbHVlPSIxMDIxMTkiIFJlY29yZGVkVmFsdWU9IjEwMjExOSIgQ29ycmVsYXRpb25CaW5kaW5nPSJ7e0Zvcm1Qb3N0UGFyYW02LnR4dE9URW1wSUR9fSIgVXJsRW5jb2RlPSJUcnVlIiAvPg0KICAgICAgICA8Rm9ybVBvc3RQYXJhbWV0ZXIgTmFtZT0idHh0T1RFbXBOYW1lIiBWYWx1ZT0iIiBSZWNvcmRlZFZhbHVlPSIiIENvcnJlbGF0aW9uQmluZGluZz0iIiBVcmxFbmNvZGU9IlRydWUiIC8+DQogICAgICAgIDxGb3JtUG9zdFBhcmFtZXRlciBOYW1lPSJ0eHRPVEZvcm1OTyIgVmFsdWU9IiIgUmVjb3JkZWRWYWx1ZT0iIiBDb3JyZWxhdGlvbkJpbmRpbmc9IiIgVXJsRW5jb2RlPSJUcnVlIiAvPg0KICAgICAgICA8Rm9ybVBvc3RQYXJhbWV0ZXIgTmFtZT0iZGRsT1RTdGF0dXMiIFZhbHVlPSIxIiBSZWNvcmRlZFZhbHVlPSIxIiBDb3JyZWxhdGlvbkJpbmRpbmc9Int7Rm9ybVBvc3RQYXJhbTguZGRsT1RTdGF0dXN9fSIgVXJsRW5jb2RlPSJUcnVlIiAvPg0KICAgICAgICA8Rm9ybVBvc3RQYXJhbWV0ZXIgTmFtZT0idHh0T1REYXRlQmVnaW4kdHh0RGF0ZSIgVmFsdWU9IiIgUmVjb3JkZWRWYWx1ZT0iIiBDb3JyZWxhdGlvbkJpbmRpbmc9IiIgVXJsRW5jb2RlPSJUcnVlIiAvPg0KICAgICAgICA8Rm9ybVBvc3RQYXJhbWV0ZXIgTmFtZT0idHh0T1REYXRlRW5kJHR4dERhdGUiIFZhbHVlPSIiIFJlY29yZGVkVmFsdWU9IiIgQ29ycmVsYXRpb25CaW5kaW5nPSIiIFVybEVuY29kZT0iVHJ1ZSIgLz4NCiAgICAgICAgPEZvcm1Qb3N0UGFyYW1ldGVyIE5hbWU9InVjTW9kYWxQb3B1cDEkQ2xpZW50V2lkdGgiIFZhbHVlPSJ7eyRISURERU4xLnVjTW9kYWxQb3B1cDEkQ2xpZW50V2lkdGh9fSIgUmVjb3JkZWRWYWx1ZT0iMCIgQ29ycmVsYXRpb25CaW5kaW5nPSIiIFVybEVuY29kZT0iVHJ1ZSIgLz4NCiAgICAgICAgPEZvcm1Qb3N0UGFyYW1ldGVyIE5hbWU9InVjTW9kYWxQb3B1cDEkQ2xpZW50SGVpZ2h0IiBWYWx1ZT0ie3skSElEREVOMS51Y01vZGFsUG9wdXAxJENsaWVudEhlaWdodH19IiBSZWNvcmRlZFZhbHVlPSIwIiBDb3JyZWxhdGlvbkJpbmRpbmc9IiIgVXJsRW5jb2RlPSJUcnVlIiAvPg0KICAgICAgPC9Gb3JtUG9zdEh0dHBCb2R5Pg0KICAgIDwvUmVxdWVzdD4NCiAgICA8UmVxdWVzdCBNZXRob2Q9IlBPU1QiIEd1aWQ9ImZkOWMwMTI1LWJjNDEtNDNiZS04NjllLTE0OGIzMzMxMDE1ZiIgVmVyc2lvbj0iMS4xIiBVcmw9Imh0dHA6Ly8xMC4xMS4zNi4xMTQ6ODAwNy9PdmVyVGltZS9PdmVydGltZVByZU9yZGVyLmFzcHgiIFRoaW5rVGltZT0iMCIgVGltZW91dD0iMzAwIiBQYXJzZURlcGVuZGVudFJlcXVlc3RzPSJUcnVlIiBGb2xsb3dSZWRpcmVjdHM9IlRydWUiIFJlY29yZFJlc3VsdD0iVHJ1ZSIgQ2FjaGU9IkZhbHNlIiBSZXNwb25zZVRpbWVHb2FsPSIwIiBFbmNvZGluZz0idXRmLTgiIEV4cGVjdGVkSHR0cFN0YXR1c0NvZGU9IjAiIEV4cGVjdGVkUmVzcG9uc2VVcmw9IiIgUmVwb3J0aW5nTmFtZT0iIiBJZ25vcmVIdHRwU3RhdHVzQ29kZT0iRmFsc2UiPg0KICAgICAgPEZvcm1Qb3N0SHR0cEJvZHk+DQogICAgICAgIDxGb3JtUG9zdFBhcmFtZXRlciBOYW1lPSJUb29sa2l0U2NyaXB0TWFuYWdlcjFfSGlkZGVuRmllbGQiIFZhbHVlPSI7O0FqYXhDb250cm9sVG9vbGtpdCwgVmVyc2lvbj00LjEuNy42MDcsIEN1bHR1cmU9bmV1dHJhbCwgUHVibGljS2V5VG9rZW49MjhmMDFiMGU4NGI2ZDUzZTp6aC1IYW50OjdiOTVlZDFhLTZhM2YtNDFkZC1iYzViLTYzZjM5ZWRiYzRiNDpkZTFmZWFiMjpmY2YwZTk5MzpmMmM4ZTcwODo3MjBhNTJiZjpmOWNlYzliYzo1ODllYWEzMDo2OTgxMjljZjpmYjliNGM1NzpjY2I5NmNmOTphNjdjMjcwMDo4NjEzYWVhNzozMjAyYTVhMjphYjA5ZTNmZTo4NzEwNGI3YzpiZTZmYjI5OCIgUmVjb3JkZWRWYWx1ZT0iOztBamF4Q29udHJvbFRvb2xraXQsIFZlcnNpb249NC4xLjcuNjA3LCBDdWx0dXJlPW5ldXRyYWwsIFB1YmxpY0tleVRva2VuPTI4ZjAxYjBlODRiNmQ1M2U6emgtSGFudDo3Yjk1ZWQxYS02YTNmLTQxZGQtYmM1Yi02M2YzOWVkYmM0YjQ6ZGUxZmVhYjI6ZmNmMGU5OTM6ZjJjOGU3MDg6NzIwYTUyYmY6ZjljZWM5YmM6NTg5ZWFhMzA6Njk4MTI5Y2Y6ZmI5YjRjNTc6Y2NiOTZjZjk6YTY3YzI3MDA6ODYxM2FlYTc6MzIwMmE1YTI6YWIwOWUzZmU6ODcxMDRiN2M6YmU2ZmIyOTgiIENvcnJlbGF0aW9uQmluZGluZz0iIiBVcmxFbmNvZGU9IlRydWUiIC8+DQogICAgICAgIDxGb3JtUG9zdFBhcmFtZXRlciBOYW1lPSJfX0VWRU5UVEFSR0VUIiBWYWx1ZT0ie3skSElEREVOMS5fX0VWRU5UVEFSR0VUfX0iIFJlY29yZGVkVmFsdWU9IiIgQ29ycmVsYXRpb25CaW5kaW5nPSIiIFVybEVuY29kZT0iVHJ1ZSIgLz4NCiAgICAgICAgPEZvcm1Qb3N0UGFyYW1ldGVyIE5hbWU9Il9fRVZFTlRBUkdVTUVOVCIgVmFsdWU9Int7JEhJRERFTjEuX19FVkVOVEFSR1VNRU5UfX0iIFJlY29yZGVkVmFsdWU9IiIgQ29ycmVsYXRpb25CaW5kaW5nPSIiIFVybEVuY29kZT0iVHJ1ZSIgLz4NCiAgICAgICAgPEZvcm1Qb3N0UGFyYW1ldGVyIE5hbWU9Il9fTEFTVEZPQ1VTIiBWYWx1ZT0ie3skSElEREVOMS5fX0xBU1RGT0NVU319IiBSZWNvcmRlZFZhbHVlPSIiIENvcnJlbGF0aW9uQmluZGluZz0iIiBVcmxFbmNvZGU9IlRydWUiIC8+DQogICAgICAgIDxGb3JtUG9zdFBhcmFtZXRlciBOYW1lPSJfX1ZTVEFURSIgVmFsdWU9Int7JEhJRERFTjEuX19WU1RBVEV9fSIgUmVjb3JkZWRWYWx1ZT0iQVIrTENBQUFBQUFBQkFEZFdOMXZFOWtWangyUFk1d1FoeTEyNmJZZER4THRKTXJYM1BGSHZwb0hZa09KRmpCTnZEdzBpNnl4NTJKUE01NUpQZU9BKzRDbzFDd3BaVVZXRzNhYnBhcTAwcGI5b0t5b1VLV1VwYXYrQ1gzb1E1L1Iyb21mK2llMDk4NkhQWTdIVGtnZ2xYQVUrODY1NTk3ZitaMXo3am4yL2EvRGQ4SkprS2xVVEpiVWdpd3FjL0NYUmFFQUw4bUtPc05sRnQrQ3BWUXEwRTM0czhzWE9FRTZsVkZGQnB5SzVXQm04YlFvRWdHTG1EMlZ5UzNHY3JLc3dBWjVxSVU4M0VJZWFTR1B0cENQdFpDUHQ1QlAyTXNCMDBJT0xISzNMdmY5WkxDanA5UHQ5M29TeVppY1g1cU5keVdTWi9Dbk81R01jeXBFSDBraEQzc1N5WG1WVTR2S1JTNFB1NUZNVmprUlR5RDE1SFZwTnU0eEZkRGdyRnpJWDB4NHo0cnl0UmluUUxUbjhjRU9MLzRuM1BPWHpzMjhCUWczWUZnQUpnZy95NEN4VVNZeUNzQ04rcERvWnBoSmhybkJBUFJPdUNzZlB5dy8rbjMvd01KOFNWRmhmaVFPTTBLZUU0ZW92SktSQzZLUUhxSXV3NElpeU5KMGVJVEJmME5VckNpcXhRS2NsbUJSTFdEZFM4VzBLR1JRRmlUbFJTaE5wOGZHdUVnbUVnVVRvVEJreGljNndRaERCSFRyZE51d09Vd0VnRWlFY0FDaXozeU1Ndm8wYk1jblBNcWFmUEJRNXhPOWdkNFJPWlBQb0t1VEdRRTJvR0VXTUtBQkZJd2ZDbWlvQVpRRjlxQWdPaEVaUHdpb3RrRU5sSzJEYXNUM3hCUkViOVNIQ0JSbzZjSmEwd1dCMnNjMERLS3NKYVpoRUQ0azBHZ2pVL1pRUU1jYVkzbzRvT01Ob0tHOUhabURnazQwZ3JiTVhuVGFEd0txYldDQ1dzK3BOWHM5VGdmdkk3eW91cURIYUNRYzlnVUNwRHNPbDlUWk9QRW16VERNVHdGREQya0R4aklnMzBnVXNyaHduaGNVRlEwNVZGb0pKMDJUdmFsTFhCYk9LcmkybnBlek9kSnZDSDVXaElYU3ZGb1FwS3dtZCt0bDNHUk1ualQwVGhkVitmVFNrbGc2azA5REhzdGlpaElUT1VYSmtyU2hnenVDaXY3bk02aUJpcWh6Q2lvcXFnbko3S0ZaMHF0VHdCWkNzdHRpSy9GbHJ3SkZtRkdwK094OGN2WmlMRWxsVU8ybnFHczVLRkdKTURQeTlwTEJoeElVU3BKVlNpcUtJcVUyVDBNUnJhTnBDa284eFNsNHNqWTNKQ2g0VlQ5ZVlJcG9lc0JRTXlWVzRGQjc0RkE3NEpBTmNLZ1pPR1FMekxZSFp0c0JzemJBYkRNd2F3c00yZ09ESnVCK2JiVyt1TzNhZmlQQ2RaV3JCVGxQd1hOekYrYmpNNm5aNUZ4OFpJRlB5MWRHRmpRRjRWY2N6aCtjSWxmdy9nVklHUXVuclVBRG1oazYvWUdhRDRERkJ4WjYyTVRXNUpxNG1kNERqZDZyZzdTQWFPZkJkcEZyRHB6RllETndTTlJHeWNaa214eXd5VWY3czRGZkdEUXVYNU4yb21xa0xRN1Y2TmVaYWlPZDRmUDE5ZWZyTjJscXNLNDlTQS9UdFVmOHRSQTd3Y1o2WFE5WUZHMzQ2RXFzblZKb2gxTElUaW04UXlsc1ZiTHpnbWJ3QzZSdmdoTGhWWlg2aFN4SWUxMFJaaWdaWnhPeVpVNFdZVXptNFRRZFptaUtROGxpc1ppYVR0U0dMd3dTTWtCQ1ZwQ1FDUko2T1NDc0FjSmFRVmdUaEgwNUlNQUFBVllRWUlLQWx3TmlZRmdoR0ZvRHNOM2ZLRnIxaW9PS0lEN0VpUUlQQzFTNlpPMDZsajVncWN5V0VsTTc5UlRaaFVaYTEvU1lYd1ZJbjltRG9jb2x1YXlTRFRpZG5UNCtjQnk5K3dKTzFPL1BDOW1jT2lOZm55bEFidkdNeEtWRnlPZjRnUE1xMG5JNUhacFcxMlZCRWRCRWp1ZWRoQ1p4SmVGMWxUaXh2WEZ2YSszZGJ6Y2YvZWZabmUySHY5djYvTDN5Tnl2UGJ6NUFlai9DZXNHalJFL2w4ZWIyWDlhcXQyOXVmM0lIeVFjTXVlL2JwMC9MdCs5dlA3bFZlYnFHOWtGVHc4YVVIMDFoK2IzTnlnY2ZWMjc5ZG12OTg2M1Aza2NLb3o3RE1FeWlqK2NEanF1OEU1aENOeGI2QWg2eUYvM0U1QzV6WWhHZUZhRElFeTRjRXZJb2xtS3pkYUVIQy9GNUpidFRKL0hVakZ5VStDelpWZk5Cbjk5NWJCaTlFTEhxcjVFcHQvQkRRUDlLTmJ6RGVyK3p3NjNQSEIvc2RHYXptbVdFWms2d1Z6Y2c2S3RqQnZ1eXdXTXZBYUZyL3dpQUdkNys4TXZxeXArM0h0d3RyMzZCSEd3aUFDdEN5UFN1eC9BdUF2UFc4eE5CSG0yb2ZqVmNSek91MzlHQmRuYnNjSTYzbnVMNzM2MnJ2aHQ3OE4yT21MdDFXL3JiL3JjYjB6TFdxUjBvZk95OEtPWHdMUWorMXMycFJFOEp2ZDRadlhEaG5WR2VKNzJwZVpVcnFOb3RTY2MvaER2My8vVlBEK2xKblpGNFF6VGpDajc2dHdkdE1hdk1RWTVQU0dJcGh4U1NzaXdtaFNWaWVLSDY5UjhySDl5K1FwWGZmMWErKzdEeTBaOHE5OTlGNTNPaGVuOURrMWMyVjZvYm41WlhQaXQvOVRmOWpHUHpISWd6ajgrNkxHVkVJYk5JL1B4dFZSQlRzZHdpS2c1Sk9ac1ZvVllGQkZGUVMvMjBlbDNWcjNKbVlGYVFVcG5jWW4yV0hxSjJ6dlBDTWo1anAxR1JvUWVtZUhTV25iaU1FSXBhRWlFUlhJWUZWY2h3NGpBbkNsbHBVcFdYcHBacjIwMU8xUXZSL2xpaWxWNVo0dE9penF4WHpRbkt5REl1RU5NMFBjV2pvQVRjcE5zMkhFZWFvbkVPbDRpR1lKekQrWWZDR255amNYSHdPN1VJQm8vWEloZjA1NEtCZzRZcCtGM2k4dDdpZzJ4dEV4MDhheCtiNElrOWh5WDR2UmVPUi9CTit5Z0V2Ny9EaFQrb3VUMzRRNHUvSi9BVjQ3SE9EbC9BaFk0aEx1R3pLc3pIVUFsWG5WN2UwUmZvd0g4OTZGZDZoMTYrQXBxcEx2SUkvc1VaazBXNTRQM1VRYnBTSitkbm5CN2NENTJHZS9VVzVBQThyN2RJOU5CMFM2ZDV4MzlOTHZERGFkdzJKN1YzNUNVUjBYQVpxNHdmK21iTHhCSjlOWks0RFVsWCtlc1BFMXZmZk1IckdhVDF5K3JLZStXMTFmTGoxY29ucTBqdU1adWk3WjBtajR1VnJtQzkzVVJpcnlIR3R3em9zZHUwNGNkU1dsbWEwb0tNblJkRWJnaFN0aTVnN1Z4ZzNobStTaGNFeWs4ZW93UWFyZnhodGZ6MEhocHQvWFd0dlBtazJSazdyZ2wzT3NPNE1MUTZneGtCdHM3bzNNMFpJVHRubUhlWnI1a3pYTHM1STl6a0RNc3QxYjZkb1YzZ1dwMVJmZkJWb3JyeDkvK3ZNNGpkbkJGcGRrYjk3dmRWWm9hN2ZQUFoxdDFIZHVRYjdoOGJ5TmR2SXZkU0k5eTdrWS9hWmdMN1dwRHYybzM4bUcxTmVEM0llM1lqUDI1SFBuUUlEZklReUIvWmpmeUVMZm5YNDh4N2R5SHZCTXdyS3YvTWVBUDc2c2FUeE5iNmJ3Nlh2Uzdwd1RjZFV4cHRaREt2Y1RyS0M4cVN5SlVtSlZtQ1Uvei9BSWM5VndnYUlBQUEiIENvcnJlbGF0aW9uQmluZGluZz0iIiBVcmxFbmNvZGU9IlRydWUiIC8+DQogICAgICAgIDxGb3JtUG9zdFBhcmFtZXRlciBOYW1lPSJfX1ZJRVdTVEFURSIgVmFsdWU9Int7JEhJRERFTjEuX19WSUVXU1RBVEV9fSIgUmVjb3JkZWRWYWx1ZT0iIiBDb3JyZWxhdGlvbkJpbmRpbmc9IiIgVXJsRW5jb2RlPSJUcnVlIiAvPg0KICAgICAgICA8Rm9ybVBvc3RQYXJhbWV0ZXIgTmFtZT0iX19TQ1JPTExQT1NJVElPTlgiIFZhbHVlPSJ7eyRISURERU4xLl9fU0NST0xMUE9TSVRJT05YfX0iIFJlY29yZGVkVmFsdWU9IjAiIENvcnJlbGF0aW9uQmluZGluZz0iIiBVcmxFbmNvZGU9IlRydWUiIC8+DQogICAgICAgIDxGb3JtUG9zdFBhcmFtZXRlciBOYW1lPSJfX1NDUk9MTFBPU0lUSU9OWSIgVmFsdWU9Int7JEhJRERFTjEuX19TQ1JPTExQT1NJVElPTll9fSIgUmVjb3JkZWRWYWx1ZT0iMCIgQ29ycmVsYXRpb25CaW5kaW5nPSIiIFVybEVuY29kZT0iVHJ1ZSIgLz4NCiAgICAgICAgPEZvcm1Qb3N0UGFyYW1ldGVyIE5hbWU9Il9fVklFV1NUQVRFRU5DUllQVEVEIiBWYWx1ZT0ie3skSElEREVOMS5fX1ZJRVdTVEFURUVOQ1JZUFRFRH19IiBSZWNvcmRlZFZhbHVlPSIiIENvcnJlbGF0aW9uQmluZGluZz0iIiBVcmxFbmNvZGU9IlRydWUiIC8+DQogICAgICAgIDxGb3JtUG9zdFBhcmFtZXRlciBOYW1lPSJfX0VWRU5UVkFMSURBVElPTiIgVmFsdWU9Int7JEhJRERFTjEuX19FVkVOVFZBTElEQVRJT059fSIgUmVjb3JkZWRWYWx1ZT0iZjcrY2g2RjNRclYyd0txTGJhS2FKZUZMSnE2NzR5am1iL2FVSStVVCtuUm9pU1lYcytKSmFPR0U1R20yMFNCYjdQVkc4d3ZGU3RGVG9qTWdIRm02cUVsZlE2RXdkdnpnY1IwMGIzWUpVZlhCeDJwS3Z2bVlTcUZSQzZhSlUwdWNtVmhIWEZ6dUpmR0FlTFAyZVA4akJxTFc0M1JGQXdsVXo2MGlWTDcwZGVzVm1CVHU4Z1ZLSGxBdWV2eVI5elp0K29uRnFTY2dEMlpheFJicGRGTUJHdDhSVmhHdU8xVW95NS9LUjdSU3luNzZKQ0RBUWc1NVhOUWthajc3TndFTXg4K1RLdHc5WmtoR2NNZnViK3JUU2dSTERXRlkwOENQd1N1YUxWWGY5UitjNUN6ZG13Q3ZLQTJGaGZ1UmRhKzgwRW53dVFsSk1LZTlvK21ZZ0o4RFZlRlU4MHB6S0pkaVF3S1VQU1ZjendFZmY3UGp1TkhFdFZvUW1IY2J0ckVUL090OGlrOTJ6Q2hqV0l6R0J6YTRodzlpZy9kYWFBNno0YkRrSklWZ3JFdXhGeS9iNTlqTHVXQ01SWVVBRko0TmdTMndzdW0xdzRnakdmQUdZQ2RxWXZ1cUxrSVpUbHZwTUlNeklOMG5sbDJQamdQbGZ1cm94SVlOZGRBK3hlMDdUdU54ckl1emp6MEcwTEdZdmYrc00yUEprT0hjSENBeGlDOW1DZ2tBU3BQY3RyVkI5b1REK0h2ekdha3pWNkJYbGxvSWt0Q016aWc4OUUxU0FlZldSNjg0TkRreStyNkNzdEovUVRWWlpxQUVuUWNqZm5EZnV5WWxEUFhTWHMzUGNXZ0hkOHZ4RWFTRWt0WDlzRXdBVnBPcnp6NVhPc2ZjbEFabFkzbVZPSjlvcmFZakx6akFlMVcyVzhCVVRSV3RxUUs5eU4yZ045T2dLSW1saEpzWXdkUFI1cnZpQXlTZzdKVWJRdm1zeXU0R05Ndk1GdjJGdWpKdW1UYkFLSTBsYmFuejdXazQ0UDkvVTVjeE52UUtoYXMzTnRSUUZOdnVqclliOXQzc2UrR0xwY2JGZFg5bFl4THVCS05sMVY0SzFxKzhzamV6RWx4NG9kTGUvbldwVG90MEhab0o0eG95OTF0R29HUks3dC9oaERmVUlSK0ZuQ21lWkNPcG1odnhTQ1pweElzR1hVdlU5RjJkUFFZNktyNzZQZEZtajBlN3IwTFd5cU1oUFFYNVpZVzBVZEFMMmdJMUtvbWg1TkJwdVNiSkJjVGc3M0JuVC9mRXRoc1YvOW5iVlZPSUd0OVZRY1pzUVQrcWkzcnlOdUt2NlA1MGxDSFR6N1Yxa3ZxWGt6aDZKRm1RV3hKYktDMXBxMHZ0MUZwZ2VSYUlpc1lhdnJNMkhaSGgwWG9BNlh3V2w3QnBSVlJFUHVpd01qNXVsMXIrNWFMWmxvOUJlN0VwOVNnQUJaTHVwSW5RUUVtb0dqa2Q0eXFuU3dFNS9YSWFJdHFjSzNoQUxBUnh6cXdGQzFlQnhmUStkZDN2d3FORnFBbnpoclMxSmh0aGpMYmVaa2FJci9XMmpMTzErLzRxOWpaK3Q1ZUV3ZW9lTWZLSU1mazhkK1U4Yzl2Q2FwTTk3c2tpbStiaHRWcS92WjJQdVkvbSsrR1Z3SW1SMkFERXJVS0sxY2dKL3VUdkZneFg5NWcxYmJWQ1hIRTVGbFZJVUlQWXZ1MnFKKy9tbXc2amxSQklHRWtOTGxnVHFIeU9PZEwvbW8vV2UwamFBWHlDdXdKNFZab1V0czZ3d3RJTU5VcXNiMGNEQmlXaWJ5OGhtZDRuU2pVVVdydHh5enk3cDdoR2dUaW5nam1YYjFVbk9BaENjR2ZsVmhrVS9qSDRJQzNSZTRYVzBnVEdTMlhVME1mTUgwN2lRTGJtMllndGQzcURYa0dXOGs4SlJwempEYlVvbk03WWhYUFhqclNvMzRIRnB6RkJnc0NIUmhwOGhmMVFBWnZ5eGo4bkErWmp5c0ttaC9yVXE5dHdqTFc4NE1GdWo1cEwycVdTMHF2ZFBvR2doV2Eya3NlMkV4dmVtSzlsWWw4NFV0NTJaOVpxMGxBZm81U2lsaTFEdVp6SFVsZ0dnaU9wNEZ3N2pXaVdPRU41RTBZSUhwdz0iIENvcnJlbGF0aW9uQmluZGluZz0iIiBVcmxFbmNvZGU9IlRydWUiIC8+DQogICAgICAgIDxGb3JtUG9zdFBhcmFtZXRlciBOYW1lPSJTY3JlZW5XaWR0aCIgVmFsdWU9Int7JEhJRERFTjEuU2NyZWVuV2lkdGh9fSIgUmVjb3JkZWRWYWx1ZT0iIiBDb3JyZWxhdGlvbkJpbmRpbmc9IiIgVXJsRW5jb2RlPSJUcnVlIiAvPg0KICAgICAgICA8Rm9ybVBvc3RQYXJhbWV0ZXIgTmFtZT0iU2NyZWVuSGVpZ2h0IiBWYWx1ZT0ie3skSElEREVOMS5TY3JlZW5IZWlnaHR9fSIgUmVjb3JkZWRWYWx1ZT0iIiBDb3JyZWxhdGlvbkJpbmRpbmc9IiIgVXJsRW5jb2RlPSJUcnVlIiAvPg0KICAgICAgICA8Rm9ybVBvc3RQYXJhbWV0ZXIgTmFtZT0iYnRuQWN0aW9uWCIgVmFsdWU9Iua4hemZpCIgUmVjb3JkZWRWYWx1ZT0i5riF6ZmkIiBDb3JyZWxhdGlvbkJpbmRpbmc9Int7Rm9ybVBvc3RQYXJhbTEuYnRuQWN0aW9uWH19IiBVcmxFbmNvZGU9IlRydWUiIC8+DQogICAgICAgIDxGb3JtUG9zdFBhcmFtZXRlciBOYW1lPSJkZGxPcmdBbmRGbG93IiBWYWx1ZT0iIiBSZWNvcmRlZFZhbHVlPSIiIENvcnJlbGF0aW9uQmluZGluZz0iIiBVcmxFbmNvZGU9IlRydWUiIC8+DQogICAgICAgIDxGb3JtUG9zdFBhcmFtZXRlciBOYW1lPSJkZGxRdWVyeUNvbmRpdGlvbnMiIFZhbHVlPSIwIiBSZWNvcmRlZFZhbHVlPSIwIiBDb3JyZWxhdGlvbkJpbmRpbmc9Int7Rm9ybVBvc3RQYXJhbTMuZGRsUXVlcnlDb25kaXRpb25zfX0iIFVybEVuY29kZT0iVHJ1ZSIgLz4NCiAgICAgICAgPEZvcm1Qb3N0UGFyYW1ldGVyIE5hbWU9InR4dE9URW1wSUQiIFZhbHVlPSIxMDIxMTkiIFJlY29yZGVkVmFsdWU9IjEwMjExOSIgQ29ycmVsYXRpb25CaW5kaW5nPSJ7e0Zvcm1Qb3N0UGFyYW0yLnR4dE9URW1wSUR9fSIgVXJsRW5jb2RlPSJUcnVlIiAvPg0KICAgICAgICA8Rm9ybVBvc3RQYXJhbWV0ZXIgTmFtZT0idHh0T1RFbXBOYW1lIiBWYWx1ZT0iIiBSZWNvcmRlZFZhbHVlPSIiIENvcnJlbGF0aW9uQmluZGluZz0iIiBVcmxFbmNvZGU9IlRydWUiIC8+DQogICAgICAgIDxGb3JtUG9zdFBhcmFtZXRlciBOYW1lPSJ0eHRPVEZvcm1OTyIgVmFsdWU9IiIgUmVjb3JkZWRWYWx1ZT0iIiBDb3JyZWxhdGlvbkJpbmRpbmc9IiIgVXJsRW5jb2RlPSJUcnVlIiAvPg0KICAgICAgICA8Rm9ybVBvc3RQYXJhbWV0ZXIgTmFtZT0iZGRsT1RTdGF0dXMiIFZhbHVlPSIxIiBSZWNvcmRlZFZhbHVlPSIxIiBDb3JyZWxhdGlvbkJpbmRpbmc9Int7Rm9ybVBvc3RQYXJhbTQuZGRsT1RTdGF0dXN9fSIgVXJsRW5jb2RlPSJUcnVlIiAvPg0KICAgICAgICA8Rm9ybVBvc3RQYXJhbWV0ZXIgTmFtZT0idHh0T1REYXRlQmVnaW4kdHh0RGF0ZSIgVmFsdWU9IiIgUmVjb3JkZWRWYWx1ZT0iIiBDb3JyZWxhdGlvbkJpbmRpbmc9IiIgVXJsRW5jb2RlPSJUcnVlIiAvPg0KICAgICAgICA8Rm9ybVBvc3RQYXJhbWV0ZXIgTmFtZT0idHh0T1REYXRlRW5kJHR4dERhdGUiIFZhbHVlPSIiIFJlY29yZGVkVmFsdWU9IiIgQ29ycmVsYXRpb25CaW5kaW5nPSIiIFVybEVuY29kZT0iVHJ1ZSIgLz4NCiAgICAgICAgPEZvcm1Qb3N0UGFyYW1ldGVyIE5hbWU9InVjTW9kYWxQb3B1cDEkQ2xpZW50V2lkdGgiIFZhbHVlPSJ7eyRISURERU4xLnVjTW9kYWxQb3B1cDEkQ2xpZW50V2lkdGh9fSIgUmVjb3JkZWRWYWx1ZT0iMCIgQ29ycmVsYXRpb25CaW5kaW5nPSIiIFVybEVuY29kZT0iVHJ1ZSIgLz4NCiAgICAgICAgPEZvcm1Qb3N0UGFyYW1ldGVyIE5hbWU9InVjTW9kYWxQb3B1cDEkQ2xpZW50SGVpZ2h0IiBWYWx1ZT0ie3skSElEREVOMS51Y01vZGFsUG9wdXAxJENsaWVudEhlaWdodH19IiBSZWNvcmRlZFZhbHVlPSIwIiBDb3JyZWxhdGlvbkJpbmRpbmc9IiIgVXJsRW5jb2RlPSJUcnVlIiAvPg0KICAgICAgPC9Gb3JtUG9zdEh0dHBCb2R5Pg0KICAgIDwvUmVxdWVzdD4NCiAgPC9JdGVtcz4NCiAgPFZhbGlkYXRpb25SdWxlcz4NCiAgICA8VmFsaWRhdGlvblJ1bGUgQ2xhc3NuYW1lPSJNaWNyb3NvZnQuVmlzdWFsU3R1ZGlvLlRlc3RUb29scy5XZWJUZXN0aW5nLlJ1bGVzLlZhbGlkYXRlUmVzcG9uc2VVcmwsIE1pY3Jvc29mdC5WaXN1YWxTdHVkaW8uUXVhbGl0eVRvb2xzLldlYlRlc3RGcmFtZXdvcmssIFZlcnNpb249MTAuMC4wLjAsIEN1bHR1cmU9bmV1dHJhbCwgUHVibGljS2V5VG9rZW49YjAzZjVmN2YxMWQ1MGEzYSIgRGlzcGxheU5hbWU9IuWbnuaHiSBVUkwiIERlc2NyaXB0aW9uPSLpqZforYnlm57mh4kgVVJMIOWcqOWll+eUqOmHjeaWsOWwjuWQkeS5i+W+jOaYr+WQpuWSjOiomOmMhOeahOWbnuaHiSBVUkwg55u45ZCM44CC5bey5b+955WlIFF1ZXJ5U3RyaW5nIOWPg+aVuOOAgiIgTGV2ZWw9IkxvdyIgRXhlY3R1aW9uT3JkZXI9IkJlZm9yZURlcGVuZGVudHMiIC8+DQogICAgPFZhbGlkYXRpb25SdWxlIENsYXNzbmFtZT0iTWljcm9zb2Z0LlZpc3VhbFN0dWRpby5UZXN0VG9vbHMuV2ViVGVzdGluZy5SdWxlcy5WYWxpZGF0aW9uUnVsZVJlc3BvbnNlVGltZUdvYWwsIE1pY3Jvc29mdC5WaXN1YWxTdHVkaW8uUXVhbGl0eVRvb2xzLldlYlRlc3RGcmFtZXdvcmssIFZlcnNpb249MTAuMC4wLjAsIEN1bHR1cmU9bmV1dHJhbCwgUHVibGljS2V5VG9rZW49YjAzZjVmN2YxMWQ1MGEzYSIgRGlzcGxheU5hbWU9IuWbnuaHieaZgumWk+ebruaomSIgRGVzY3JpcHRpb249Iumpl+itieatpOimgeaxgueahOWbnuaHieaZgumWk+aYr+WQpuWwj+aWvOaIluetieaWvOatpOimgeaxguaJgOaMh+WumueahOWbnuaHieaZgumWk+ebruaomeOAguWbnuaHieaZgumWk+ebruaomeeCuumbtuWwh+iiq+W/veeVpeOAgiIgTGV2ZWw9IkxvdyIgRXhlY3R1aW9uT3JkZXI9IkFmdGVyRGVwZW5kZW50cyI+DQogICAgICA8UnVsZVBhcmFtZXRlcnM+DQogICAgICAgIDxSdWxlUGFyYW1ldGVyIE5hbWU9IlRvbGVyYW5jZSIgVmFsdWU9IjAiIC8+DQogICAgICA8L1J1bGVQYXJhbWV0ZXJzPg0KICAgIDwvVmFsaWRhdGlvblJ1bGU+DQogIDwvVmFsaWRhdGlvblJ1bGVzPg0KPC9XZWJUZXN0Pg==">
      <Execution id="44eb46f6-a930-4820-bb6f-833ce3aa55d6" />
    </WebTest>
  </TestDefinitions>
  <TestLists>
    <TestList name="不在清單中的結果" id="8c84fa94-04c1-424b-9868-57a2d4851a1d" />
    <TestList name="所有載入的結果" id="19431567-8539-422a-85d7-44ee4e166bda" />
  </TestLists>
  <TestEntries>
    <TestEntry isTransparent="false" testId="a5b43290-1c44-42f1-bfa2-c60d219f5d58" executionId="44eb46f6-a930-4820-bb6f-833ce3aa55d6" testListId="8c84fa94-04c1-424b-9868-57a2d4851a1d" />
  </TestEntries>
  <Results>
    <WebTestResult executionId="44eb46f6-a930-4820-bb6f-833ce3aa55d6" testId="a5b43290-1c44-42f1-bfa2-c60d219f5d58" testName="WebTestSelectCase01" computerName="ANSONHUANG" duration="00:00:19.1222526" startTime="2017-05-18T09:39:25.1952320+08:00" endTime="2017-05-18T09:39:55.0137102+08:00" testType="4e7599fa-5ecb-43e9-a887-cd63cf72d207" outcome="Passed" testListId="8c84fa94-04c1-424b-9868-57a2d4851a1d" relativeResultsDirectory="44eb46f6-a930-4820-bb6f-833ce3aa55d6">
      <ResultFiles>
        <ResultFile path="WebTestSelectCase01.webtestResult" />
      </ResultFiles>
      <TestSettings name="本機" id="f0316326-3a07-479d-8058-64131c18b509">
        <Description>這些是本機測試回合的預設測試設定。</Description>
        <Execution>
          <TestTypeSpecific>
            <WebTestRunConfiguration testTypeId="4e7599fa-5ecb-43e9-a887-cd63cf72d207">
              <Browser name="Internet Explorer 7.0">
                <Headers>
                  <Header name="User-Agent" value="Mozilla/4.0 (compatible; MSIE 7.0; Windows NT 5.1)" />
                  <Header name="Accept" value="*/*" />
                  <Header name="Accept-Language" value="{{$IEAcceptLanguage}}" />
                  <Header name="Accept-Encoding" value="GZIP" />
                </Headers>
              </Browser>
            </WebTestRunConfiguration>
          </TestTypeSpecific>
          <AgentRule name="Execution Agents">
          </AgentRule>
        </Execution>
        <Deployment runDeploymentRoot="YSHuang_ANSONHUANG 2017-05-18 09_39_21" />
      </TestSettings>
      <WebTestResultFilePath>YSHuang_ANSONHUANG 2017-05-18 09_39_21\In\44eb46f6-a930-4820-bb6f-833ce3aa55d6\WebTestSelectCase01.webtestResult</WebTestResultFilePath>
    </WebTestResult>
  </Results>
</TestRun>