<?xml version="1.0" encoding="UTF-8"?>
<TestRun id="79bb2d72-ecfe-4bc5-a364-f9a2f0b08b64" name="YSHuang@ANSONHUANG 2017-05-17 11:41:04" runUser="AnsonHuang\YSHuang" xmlns="http://microsoft.com/schemas/VisualStudio/TeamTest/2010">
  <TestSettings name="本機" id="f0316326-3a07-479d-8058-64131c18b509">
    <Description>這些是本機測試回合的預設測試設定。</Description>
    <Execution>
      <TestTypeSpecific />
      <AgentRule name="Execution Agents">
      </AgentRule>
    </Execution>
    <Deployment runDeploymentRoot="YSHuang_ANSONHUANG 2017-05-17 11_41_04" />
  </TestSettings>
  <Times creation="2017-05-17T11:41:04.4049110+08:00" queuing="2017-05-17T11:41:06.0494110+08:00" start="2017-05-17T11:41:06.2534110+08:00" finish="2017-05-17T11:46:15.4479057+08:00" />
  <ResultSummary outcome="Completed">
    <Counters total="1" executed="1" passed="0" error="0" failed="0" timeout="0" aborted="0" inconclusive="0" passedButRunAborted="0" notRunnable="0" notExecuted="0" disconnected="0" warning="0" completed="1" inProgress="0" pending="0" />
  </ResultSummary>
  <TestDefinitions>
    <WebTest name="WebTestSelectCase02" storage="d:\git\attendant\loadtesting\loadtesting\webtestselectcase02.webtest" id="32b3eb7f-657d-48cc-acc9-b304c0cd482c" persistedWebTest="77u/PD94bWwgdmVyc2lvbj0iMS4wIiBlbmNvZGluZz0iVVRGLTgiIHN0YW5kYWxvbmU9InllcyI/Pg0KPFdlYlRlc3QgTmFtZT0iV2ViVGVzdFNlbGVjdENhc2UwMiIgSWQ9IjMyYjNlYjdmLTY1N2QtNDhjYy1hY2M5LWIzMDRjMGNkNDgyYyIgT3duZXI9IiIgUHJpb3JpdHk9IjIxNDc0ODM2NDciIEVuYWJsZWQ9IlRydWUiIENzc1Byb2plY3RTdHJ1Y3R1cmU9IiIgQ3NzSXRlcmF0aW9uPSIiIFRpbWVvdXQ9IjAiIFdvcmtJdGVtSWRzPSIiIHhtbG5zPSJodHRwOi8vbWljcm9zb2Z0LmNvbS9zY2hlbWFzL1Zpc3VhbFN0dWRpby9UZWFtVGVzdC8yMDEwIiBEZXNjcmlwdGlvbj0iIiBDcmVkZW50aWFsVXNlck5hbWU9IiIgQ3JlZGVudGlhbFBhc3N3b3JkPSIiIFByZUF1dGhlbnRpY2F0ZT0iVHJ1ZSIgUHJveHk9ImRlZmF1bHQiIFN0b3BPbkVycm9yPSJGYWxzZSIgUmVjb3JkZWRSZXN1bHRGaWxlPSJXZWJUZXN0MS5hNTkzNDMwNS05YzZlLTRiYzQtYTdhYS1lY2NkYWFjNzdlMTYucmVjLndlYnRlc3RyZXN1bHQiIFJlc3VsdHNMb2NhbGU9IiI+DQogIDxJdGVtcz4NCiAgICA8UmVxdWVzdCBNZXRob2Q9IkdFVCIgR3VpZD0iYzBlNzczMGEtZDkyNy00MDcyLWIwNzgtMjJiMTJlMWZkOTM0IiBWZXJzaW9uPSIxLjEiIFVybD0iaHR0cDovLzEwLjExLjM2LjExNDo4MDA3L2hybG9naW4vaHJsb2dpbi5hc3B4IiBUaGlua1RpbWU9IjAiIFRpbWVvdXQ9IjMwMCIgUGFyc2VEZXBlbmRlbnRSZXF1ZXN0cz0iVHJ1ZSIgRm9sbG93UmVkaXJlY3RzPSJUcnVlIiBSZWNvcmRSZXN1bHQ9IlRydWUiIENhY2hlPSJGYWxzZSIgUmVzcG9uc2VUaW1lR29hbD0iMCIgRW5jb2Rpbmc9InV0Zi04IiBFeHBlY3RlZEh0dHBTdGF0dXNDb2RlPSIwIiBFeHBlY3RlZFJlc3BvbnNlVXJsPSIiIFJlcG9ydGluZ05hbWU9IiIgSWdub3JlSHR0cFN0YXR1c0NvZGU9IkZhbHNlIj4NCiAgICAgIDxFeHRyYWN0aW9uUnVsZXM+DQogICAgICAgIDxFeHRyYWN0aW9uUnVsZSBDbGFzc25hbWU9Ik1pY3Jvc29mdC5WaXN1YWxTdHVkaW8uVGVzdFRvb2xzLldlYlRlc3RpbmcuUnVsZXMuRXh0cmFjdEhpZGRlbkZpZWxkcywgTWljcm9zb2Z0LlZpc3VhbFN0dWRpby5RdWFsaXR5VG9vbHMuV2ViVGVzdEZyYW1ld29yaywgVmVyc2lvbj0xMC4wLjAuMCwgQ3VsdHVyZT1uZXV0cmFsLCBQdWJsaWNLZXlUb2tlbj1iMDNmNWY3ZjExZDUwYTNhIiBWYXJpYWJsZU5hbWU9IjEiIERpc3BsYXlOYW1lPSLmk7flj5bpmrHol4/mrITkvY0iIERlc2NyaXB0aW9uPSLmk7flj5blm57mh4nkuK3nmoTmiYDmnInpmrHol4/mrITkvY3vvIzkuKblsIflroPlgJHmlL7lnKjmuKzoqablhaflrrnkuK3jgIIiPg0KICAgICAgICAgIDxSdWxlUGFyYW1ldGVycz4NCiAgICAgICAgICAgIDxSdWxlUGFyYW1ldGVyIE5hbWU9IlJlcXVpcmVkIiBWYWx1ZT0iVHJ1ZSIgLz4NCiAgICAgICAgICAgIDxSdWxlUGFyYW1ldGVyIE5hbWU9Ikh0bWxEZWNvZGUiIFZhbHVlPSJUcnVlIiAvPg0KICAgICAgICAgIDwvUnVsZVBhcmFtZXRlcnM+DQogICAgICAgIDwvRXh0cmFjdGlvblJ1bGU+DQogICAgICA8L0V4dHJhY3Rpb25SdWxlcz4NCiAgICAgIDxDb3JyZWxhdGlvbkV4dHJhY3Rpb25SdWxlcz4NCiAgICAgICAgPEV4dHJhY3Rpb25SdWxlIENsYXNzbmFtZT0iTWljcm9zb2Z0LlZpc3VhbFN0dWRpby5UZXN0VG9vbHMuV2ViVGVzdGluZy5SdWxlcy5FeHRyYWN0Rm9ybUZpZWxkLCBNaWNyb3NvZnQuVmlzdWFsU3R1ZGlvLlF1YWxpdHlUb29scy5XZWJUZXN0RnJhbWV3b3JrLCBWZXJzaW9uPTEwLjAuMC4wLCBDdWx0dXJlPW5ldXRyYWwsIFB1YmxpY0tleVRva2VuPWIwM2Y1ZjdmMTFkNTBhM2EiIFZhcmlhYmxlTmFtZT0iRm9ybVBvc3RQYXJhbTEzLmJ0bkV4ZWN1dGUiIERpc3BsYXlOYW1lPSIiIERlc2NyaXB0aW9uPSIiPg0KICAgICAgICAgIDxSdWxlUGFyYW1ldGVycz4NCiAgICAgICAgICAgIDxSdWxlUGFyYW1ldGVyIE5hbWU9Ik5hbWUiIFZhbHVlPSJidG5FeGVjdXRlIiAvPg0KICAgICAgICAgICAgPFJ1bGVQYXJhbWV0ZXIgTmFtZT0iSHRtbERlY29kZSIgVmFsdWU9IlRydWUiIC8+DQogICAgICAgICAgICA8UnVsZVBhcmFtZXRlciBOYW1lPSJSZXF1aXJlZCIgVmFsdWU9IkZhbHNlIiAvPg0KICAgICAgICAgICAgPFJ1bGVQYXJhbWV0ZXIgTmFtZT0iSW5kZXgiIFZhbHVlPSIwIiAvPg0KICAgICAgICAgIDwvUnVsZVBhcmFtZXRlcnM+DQogICAgICAgIDwvRXh0cmFjdGlvblJ1bGU+DQogICAgICAgIDxFeHRyYWN0aW9uUnVsZSBDbGFzc25hbWU9Ik1pY3Jvc29mdC5WaXN1YWxTdHVkaW8uVGVzdFRvb2xzLldlYlRlc3RpbmcuUnVsZXMuRXh0cmFjdFRleHQsIE1pY3Jvc29mdC5WaXN1YWxTdHVkaW8uUXVhbGl0eVRvb2xzLldlYlRlc3RGcmFtZXdvcmssIFZlcnNpb249MTAuMC4wLjAsIEN1bHR1cmU9bmV1dHJhbCwgUHVibGljS2V5VG9rZW49YjAzZjVmN2YxMWQ1MGEzYSIgVmFyaWFibGVOYW1lPSJGb3JtUG9zdFBhcmFtMTQuZGRsVUlDdWx0dXJlIiBEaXNwbGF5TmFtZT0iIiBEZXNjcmlwdGlvbj0iIj4NCiAgICAgICAgICA8UnVsZVBhcmFtZXRlcnM+DQogICAgICAgICAgICA8UnVsZVBhcmFtZXRlciBOYW1lPSJTdGFydHNXaXRoIiBWYWx1ZT0ibHVlPSZxdW90OyIgLz4NCiAgICAgICAgICAgIDxSdWxlUGFyYW1ldGVyIE5hbWU9IkVuZHNXaXRoIiBWYWx1ZT0iJnF1b3Q7Jmd0O+ato+mrlOS4rSIgLz4NCiAgICAgICAgICAgIDxSdWxlUGFyYW1ldGVyIE5hbWU9IkluZGV4IiBWYWx1ZT0iOCIgLz4NCiAgICAgICAgICAgIDxSdWxlUGFyYW1ldGVyIE5hbWU9Iklnbm9yZUNhc2UiIFZhbHVlPSJGYWxzZSIgLz4NCiAgICAgICAgICAgIDxSdWxlUGFyYW1ldGVyIE5hbWU9IlVzZVJlZ3VsYXJFeHByZXNzaW9uIiBWYWx1ZT0iRmFsc2UiIC8+DQogICAgICAgICAgICA8UnVsZVBhcmFtZXRlciBOYW1lPSJIdG1sRGVjb2RlIiBWYWx1ZT0iVHJ1ZSIgLz4NCiAgICAgICAgICAgIDxSdWxlUGFyYW1ldGVyIE5hbWU9IlJlcXVpcmVkIiBWYWx1ZT0iRmFsc2UiIC8+DQogICAgICAgICAgPC9SdWxlUGFyYW1ldGVycz4NCiAgICAgICAgPC9FeHRyYWN0aW9uUnVsZT4NCiAgICAgIDwvQ29ycmVsYXRpb25FeHRyYWN0aW9uUnVsZXM+DQogICAgPC9SZXF1ZXN0Pg0KICAgIDxSZXF1ZXN0IE1ldGhvZD0iUE9TVCIgR3VpZD0iNGZhZThmYTUtMjIwMS00NDIwLTljMTUtN2U0YTI0NWIzMjQ1IiBWZXJzaW9uPSIxLjEiIFVybD0iaHR0cDovLzEwLjExLjM2LjExNDo4MDA3L2hybG9naW4vaHJsb2dpbi5hc3B4IiBUaGlua1RpbWU9IjI1IiBUaW1lb3V0PSIzMDAiIFBhcnNlRGVwZW5kZW50UmVxdWVzdHM9IlRydWUiIEZvbGxvd1JlZGlyZWN0cz0iVHJ1ZSIgUmVjb3JkUmVzdWx0PSJUcnVlIiBDYWNoZT0iRmFsc2UiIFJlc3BvbnNlVGltZUdvYWw9IjAiIEVuY29kaW5nPSJ1dGYtOCIgRXhwZWN0ZWRIdHRwU3RhdHVzQ29kZT0iMCIgRXhwZWN0ZWRSZXNwb25zZVVybD0iIiBSZXBvcnRpbmdOYW1lPSIiIElnbm9yZUh0dHBTdGF0dXNDb2RlPSJGYWxzZSI+DQogICAgICA8Rm9ybVBvc3RIdHRwQm9keT4NCiAgICAgICAgPEZvcm1Qb3N0UGFyYW1ldGVyIE5hbWU9Il9fTEFTVEZPQ1VTIiBWYWx1ZT0ie3skSElEREVOMS5fX0xBU1RGT0NVU319IiBSZWNvcmRlZFZhbHVlPSIiIENvcnJlbGF0aW9uQmluZGluZz0iIiBVcmxFbmNvZGU9IlRydWUiIC8+DQogICAgICAgIDxGb3JtUG9zdFBhcmFtZXRlciBOYW1lPSJfX0VWRU5UVEFSR0VUIiBWYWx1ZT0ie3skSElEREVOMS5fX0VWRU5UVEFSR0VUfX0iIFJlY29yZGVkVmFsdWU9IiIgQ29ycmVsYXRpb25CaW5kaW5nPSIiIFVybEVuY29kZT0iVHJ1ZSIgLz4NCiAgICAgICAgPEZvcm1Qb3N0UGFyYW1ldGVyIE5hbWU9Il9fRVZFTlRBUkdVTUVOVCIgVmFsdWU9Int7JEhJRERFTjEuX19FVkVOVEFSR1VNRU5UfX0iIFJlY29yZGVkVmFsdWU9IiIgQ29ycmVsYXRpb25CaW5kaW5nPSIiIFVybEVuY29kZT0iVHJ1ZSIgLz4NCiAgICAgICAgPEZvcm1Qb3N0UGFyYW1ldGVyIE5hbWU9Il9fVklFV1NUQVRFIiBWYWx1ZT0ie3skSElEREVOMS5fX1ZJRVdTVEFURX19IiBSZWNvcmRlZFZhbHVlPSIvd0VQRHdVS0xUUTFORE0xTVRBME1nOWtGZ0lDQXc5a0ZnUUNBUThXQWg0SFZtbHphV0pzWldjV0JBSUJEdzhXSGg0S1gwMWhlRXhsYm1kMGFHWWVFbDlKYzBGMWRHOVViMVZ3Y0dWeVEyRnpaV2dlREY5SmMwRmpkR2wyWlVsTlJXY2VDMTlKYzFCaGMzTjNiM0prYUI0T1gxUmxlSFJUYUdsbWRFdHBibVFMS1g5VGFXNXZVR0ZqTGxkbFlrVjRjSEpsYzNNdVEyOXRiVzl1TGxWMGFXd3JWR1Y0ZEZOb2FXWjBTMmx1WkN3Z1UybHViMUJoWXk1WFpXSkZlSEJ5WlhOekxrTnZiVzF2Yml3Z1ZtVnljMmx2YmowM0xqTXVNekV1TVN3Z1EzVnNkSFZ5WlQxdVpYVjBjbUZzTENCUWRXSnNhV05MWlhsVWIydGxiajF1ZFd4c0FCNEtYMWRoZEdWeVRXRnlhMlVlQ0Y5SmMwTnNaV0Z5YUI0SVgxUnZiMnhVYVhCbEhndGZTWE5TWldGa1QyNXNlV2dlQ1Y5RGMzTkRiR0Z6YzJVZUQxOUpjMWRwWkhSb1FubFFhWGhsYkdjZUUxOUpjMFJwYzNCRmJuUmxjbVZrVjI5eVpITm9IZ1pmVjJsa2RHZ0NVQjRJWDBselJtOWpkWE5uSGdsZlNYTlNaV2RGZUhCb1pCWUVBZ0VQWkJZQ0FnRVBFQTlrRmdJZUIyOXVZMnhwWTJzRnZ3RjJZWElnYjFaaGJHbGtJRDBnWkc5amRXMWxiblF1WjJWMFJXeGxiV1Z1ZEVKNVNXUW9KM1I0ZEZWelpYSkpSRjlTWlhGMWFYSmxaRVpwWld4a1ZtRnNhV1JoZEc5eU1TY3BPMVpoYkdsa1lYUnZja1Z1WVdKc1pTaHZWbUZzYVdRc2RHaHBjeTVqYUdWamEyVmtLVHRWZEdsc1gwTm9hMEp2ZUZSdloyZHNaVlpwYzJsaWFXeHBkSGtvSjNSNGRGVnpaWEpKUkY5amFHdFdhWE5wWW1sc2FYUjVKeXdnSjNSNGRGVnpaWEpKUkY5a2FYWkVZWFJoUVhKbFlTY3BPMlJrWkFJRER4WUNIZ1Z6ZEhsc1pRVTJabXh2WVhRNmJHVm1kRHRrYVhOd2JHRjVPbWx1YkdsdVpTMWliRzlqYXp0d1lXUmthVzVuT2pBN2RtbHphV0pwYkdsMGVUbzdGZ1lDQVE4UEZnZ2VDRkpsWVdSUGJteDVhQjRGVjJsa2RHZ2JBQUFBQUFBQVZFQUJBQUFBSGdoRGMzTkRiR0Z6YzJVZUJGOGhVMElDZ2dJV0FoNEhiMjVyWlhsMWNBVU9kR2hwY3k1MGFYUnNaVDBuSnp0a0FnTVBEeFlFSHhNYkFBQUFBQUFBVkVBQkFBQUFIeFVDZ0FKa1pBSUZEMlFXQWdJQkR3OFdBaDRFVkdWNGRBVVhXK1drcCtXdnErbU9sdVd1bWwzbHQ3TGxsWi9ubEtnV0FoOFJCWlFCY0dGa1pHbHVaem9nTW5CNElERXdjSGdnTW5CNElERXdjSGc3SUdOdmJHOXlPaU13TURBN0lHSmhZMnRuY205MWJtUTZJQ05HUmtVNFFUWTdJR1p2Ym5RdGQyVnBaMmgwT2lCaWIyeGtPeUJpYjNKa1pYSTZJREZ3ZUNCemIyeHBaQ0JrWVhKclozSmhlVHNnZDJocGRHVXRjM0JoWTJVNklHNXZkM0poY0RzZ1ltOXlaR1Z5TFhKaFpHbDFjem9nTTNCNE8yUUNBdzhRRHhZR0hnNUVZWFJoVm1Gc2RXVkdhV1ZzWkFVRFMyVjVIZzFFWVhSaFZHVjRkRVpwWld4a0JRVldZV3gxWlI0TFh5RkVZWFJoUW05MWJtUm5aQkFWQkFkRmJtZHNhWE5vRE9ldWdPUzlrK1M0cmVhV2h3em1yYVBwcTVUa3VLM21sb2NNNTY2QTVMMlQ1ckdKNksrdEZRUUNaVzRHZW1ndFEwaFRCbnBvTFVOSVZBZDZhQzFJWVc1ekZDc0RCR2RuWjJka1pBSUREdzhXQWg4WFpXUmtaQ2NWUllYVGg5akNDTXdTY3c0blJ1VjA5bS85IiBDb3JyZWxhdGlvbkJpbmRpbmc9IiIgVXJsRW5jb2RlPSJUcnVlIiAvPg0KICAgICAgICA8Rm9ybVBvc3RQYXJhbWV0ZXIgTmFtZT0iX19WSUVXU1RBVEVHRU5FUkFUT1IiIFZhbHVlPSJ7eyRISURERU4xLl9fVklFV1NUQVRFR0VORVJBVE9SfX0iIFJlY29yZGVkVmFsdWU9IjVCQjBGMjkwIiBDb3JyZWxhdGlvbkJpbmRpbmc9IiIgVXJsRW5jb2RlPSJUcnVlIiAvPg0KICAgICAgICA8Rm9ybVBvc3RQYXJhbWV0ZXIgTmFtZT0iX19FVkVOVFZBTElEQVRJT04iIFZhbHVlPSJ7eyRISURERU4xLl9fRVZFTlRWQUxJREFUSU9OfX0iIFJlY29yZGVkVmFsdWU9Ii93RWRBQWpaemdlZEs3V0hudUtBMm8rc1ZSQVRaaFRxbzJ5ZHJjQXZWWGhWWDBLRktZSUZmUlJaaFhzeFV5NDNxZm1WZ1ArTFJicVhBcjRwWFJBeDVMZ1BQRmpnZUNQRmNuNWFQTVloQjZnZWwwby9ibDNGUS9xblFXMnVGb1pQbmh3ckoxZGd6Q2twcWNYSG9MV1IrZmM4eEgzWVJyUHBHenJEK1pHMFdrNFlybjM1RnZrZWYvdFpSZzdHY0ZOMzdOZ0tHNlVXTlBnZSIgQ29ycmVsYXRpb25CaW5kaW5nPSIiIFVybEVuY29kZT0iVHJ1ZSIgLz4NCiAgICAgICAgPEZvcm1Qb3N0UGFyYW1ldGVyIE5hbWU9InR4dFVzZXJJRCR0eHREYXRhIiBWYWx1ZT0iMTAyMDk5IiBSZWNvcmRlZFZhbHVlPSIxMDIwOTkiIENvcnJlbGF0aW9uQmluZGluZz0iIiBVcmxFbmNvZGU9IlRydWUiIC8+DQogICAgICAgIDxGb3JtUG9zdFBhcmFtZXRlciBOYW1lPSJkZGxVSUN1bHR1cmUiIFZhbHVlPSJ6aC1DSFQiIFJlY29yZGVkVmFsdWU9InpoLUNIVCIgQ29ycmVsYXRpb25CaW5kaW5nPSJ7e0Zvcm1Qb3N0UGFyYW0xNC5kZGxVSUN1bHR1cmV9fSIgVXJsRW5jb2RlPSJUcnVlIiAvPg0KICAgICAgICA8Rm9ybVBvc3RQYXJhbWV0ZXIgTmFtZT0iYnRuRXhlY3V0ZSIgVmFsdWU9IkxvY2FsIExvZ2luIiBSZWNvcmRlZFZhbHVlPSJMb2NhbCBMb2dpbiIgQ29ycmVsYXRpb25CaW5kaW5nPSJ7e0Zvcm1Qb3N0UGFyYW0xMy5idG5FeGVjdXRlfX0iIFVybEVuY29kZT0iVHJ1ZSIgLz4NCiAgICAgIDwvRm9ybVBvc3RIdHRwQm9keT4NCiAgICA8L1JlcXVlc3Q+DQogICAgPFJlcXVlc3QgTWV0aG9kPSJHRVQiIEd1aWQ9IjQ3NmEzNTY3LWQxMjUtNGU3Yy1hMzYyLTNiZjU5M2QyY2Y3NCIgVmVyc2lvbj0iMS4xIiBVcmw9Imh0dHA6Ly8xMC4xMS4zNi4xMTQ6ODAwNy9PdmVyVGltZS9PdmVydGltZVByZU9yZGVyLmFzcHgiIFRoaW5rVGltZT0iNCIgVGltZW91dD0iMzAwIiBQYXJzZURlcGVuZGVudFJlcXVlc3RzPSJUcnVlIiBGb2xsb3dSZWRpcmVjdHM9IlRydWUiIFJlY29yZFJlc3VsdD0iVHJ1ZSIgQ2FjaGU9IkZhbHNlIiBSZXNwb25zZVRpbWVHb2FsPSIwIiBFbmNvZGluZz0idXRmLTgiIEV4cGVjdGVkSHR0cFN0YXR1c0NvZGU9IjAiIEV4cGVjdGVkUmVzcG9uc2VVcmw9IiIgUmVwb3J0aW5nTmFtZT0iIiBJZ25vcmVIdHRwU3RhdHVzQ29kZT0iRmFsc2UiPg0KICAgICAgPEV4dHJhY3Rpb25SdWxlcz4NCiAgICAgICAgPEV4dHJhY3Rpb25SdWxlIENsYXNzbmFtZT0iTWljcm9zb2Z0LlZpc3VhbFN0dWRpby5UZXN0VG9vbHMuV2ViVGVzdGluZy5SdWxlcy5FeHRyYWN0SGlkZGVuRmllbGRzLCBNaWNyb3NvZnQuVmlzdWFsU3R1ZGlvLlF1YWxpdHlUb29scy5XZWJUZXN0RnJhbWV3b3JrLCBWZXJzaW9uPTEwLjAuMC4wLCBDdWx0dXJlPW5ldXRyYWwsIFB1YmxpY0tleVRva2VuPWIwM2Y1ZjdmMTFkNTBhM2EiIFZhcmlhYmxlTmFtZT0iMSIgRGlzcGxheU5hbWU9IuaTt+WPlumaseiXj+ashOS9jSIgRGVzY3JpcHRpb249IuaTt+WPluWbnuaHieS4reeahOaJgOaciemaseiXj+ashOS9je+8jOS4puWwh+Wug+WAkeaUvuWcqOa4rOippuWFp+WuueS4reOAgiI+DQogICAgICAgICAgPFJ1bGVQYXJhbWV0ZXJzPg0KICAgICAgICAgICAgPFJ1bGVQYXJhbWV0ZXIgTmFtZT0iUmVxdWlyZWQiIFZhbHVlPSJUcnVlIiAvPg0KICAgICAgICAgICAgPFJ1bGVQYXJhbWV0ZXIgTmFtZT0iSHRtbERlY29kZSIgVmFsdWU9IlRydWUiIC8+DQogICAgICAgICAgPC9SdWxlUGFyYW1ldGVycz4NCiAgICAgICAgPC9FeHRyYWN0aW9uUnVsZT4NCiAgICAgIDwvRXh0cmFjdGlvblJ1bGVzPg0KICAgICAgPENvcnJlbGF0aW9uRXh0cmFjdGlvblJ1bGVzPg0KICAgICAgICA8RXh0cmFjdGlvblJ1bGUgQ2xhc3NuYW1lPSJNaWNyb3NvZnQuVmlzdWFsU3R1ZGlvLlRlc3RUb29scy5XZWJUZXN0aW5nLlJ1bGVzLkV4dHJhY3RGb3JtRmllbGQsIE1pY3Jvc29mdC5WaXN1YWxTdHVkaW8uUXVhbGl0eVRvb2xzLldlYlRlc3RGcmFtZXdvcmssIFZlcnNpb249MTAuMC4wLjAsIEN1bHR1cmU9bmV1dHJhbCwgUHVibGljS2V5VG9rZW49YjAzZjVmN2YxMWQ1MGEzYSIgVmFyaWFibGVOYW1lPSJGb3JtUG9zdFBhcmFtOS5idG5RdWVyeSIgRGlzcGxheU5hbWU9IiIgRGVzY3JpcHRpb249IiI+DQogICAgICAgICAgPFJ1bGVQYXJhbWV0ZXJzPg0KICAgICAgICAgICAgPFJ1bGVQYXJhbWV0ZXIgTmFtZT0iTmFtZSIgVmFsdWU9ImJ0blF1ZXJ5IiAvPg0KICAgICAgICAgICAgPFJ1bGVQYXJhbWV0ZXIgTmFtZT0iSHRtbERlY29kZSIgVmFsdWU9IlRydWUiIC8+DQogICAgICAgICAgICA8UnVsZVBhcmFtZXRlciBOYW1lPSJSZXF1aXJlZCIgVmFsdWU9IkZhbHNlIiAvPg0KICAgICAgICAgICAgPFJ1bGVQYXJhbWV0ZXIgTmFtZT0iSW5kZXgiIFZhbHVlPSIwIiAvPg0KICAgICAgICAgIDwvUnVsZVBhcmFtZXRlcnM+DQogICAgICAgIDwvRXh0cmFjdGlvblJ1bGU+DQogICAgICAgIDxFeHRyYWN0aW9uUnVsZSBDbGFzc25hbWU9Ik1pY3Jvc29mdC5WaXN1YWxTdHVkaW8uVGVzdFRvb2xzLldlYlRlc3RpbmcuUnVsZXMuRXh0cmFjdEZvcm1GaWVsZCwgTWljcm9zb2Z0LlZpc3VhbFN0dWRpby5RdWFsaXR5VG9vbHMuV2ViVGVzdEZyYW1ld29yaywgVmVyc2lvbj0xMC4wLjAuMCwgQ3VsdHVyZT1uZXV0cmFsLCBQdWJsaWNLZXlUb2tlbj1iMDNmNWY3ZjExZDUwYTNhIiBWYXJpYWJsZU5hbWU9IkZvcm1Qb3N0UGFyYW0xMC50eHRPVEVtcElEIiBEaXNwbGF5TmFtZT0iIiBEZXNjcmlwdGlvbj0iIj4NCiAgICAgICAgICA8UnVsZVBhcmFtZXRlcnM+DQogICAgICAgICAgICA8UnVsZVBhcmFtZXRlciBOYW1lPSJOYW1lIiBWYWx1ZT0idHh0T1RFbXBJRCIgLz4NCiAgICAgICAgICAgIDxSdWxlUGFyYW1ldGVyIE5hbWU9Ikh0bWxEZWNvZGUiIFZhbHVlPSJUcnVlIiAvPg0KICAgICAgICAgICAgPFJ1bGVQYXJhbWV0ZXIgTmFtZT0iUmVxdWlyZWQiIFZhbHVlPSJGYWxzZSIgLz4NCiAgICAgICAgICAgIDxSdWxlUGFyYW1ldGVyIE5hbWU9IkluZGV4IiBWYWx1ZT0iMCIgLz4NCiAgICAgICAgICA8L1J1bGVQYXJhbWV0ZXJzPg0KICAgICAgICA8L0V4dHJhY3Rpb25SdWxlPg0KICAgICAgICA8RXh0cmFjdGlvblJ1bGUgQ2xhc3NuYW1lPSJNaWNyb3NvZnQuVmlzdWFsU3R1ZGlvLlRlc3RUb29scy5XZWJUZXN0aW5nLlJ1bGVzLkV4dHJhY3RUZXh0LCBNaWNyb3NvZnQuVmlzdWFsU3R1ZGlvLlF1YWxpdHlUb29scy5XZWJUZXN0RnJhbWV3b3JrLCBWZXJzaW9uPTEwLjAuMC4wLCBDdWx0dXJlPW5ldXRyYWwsIFB1YmxpY0tleVRva2VuPWIwM2Y1ZjdmMTFkNTBhM2EiIFZhcmlhYmxlTmFtZT0iRm9ybVBvc3RQYXJhbTExLmRkbFF1ZXJ5Q29uZGl0aW9ucyIgRGlzcGxheU5hbWU9IiIgRGVzY3JpcHRpb249IiI+DQogICAgICAgICAgPFJ1bGVQYXJhbWV0ZXJzPg0KICAgICAgICAgICAgPFJ1bGVQYXJhbWV0ZXIgTmFtZT0iU3RhcnRzV2l0aCIgVmFsdWU9InMmcXVvdDs6WyZxdW90OyIgLz4NCiAgICAgICAgICAgIDxSdWxlUGFyYW1ldGVyIE5hbWU9IkVuZHNXaXRoIiBWYWx1ZT0iJnF1b3Q7LCZxdW90OzEmcXVvdDsiIC8+DQogICAgICAgICAgICA8UnVsZVBhcmFtZXRlciBOYW1lPSJJbmRleCIgVmFsdWU9IjAiIC8+DQogICAgICAgICAgICA8UnVsZVBhcmFtZXRlciBOYW1lPSJJZ25vcmVDYXNlIiBWYWx1ZT0iRmFsc2UiIC8+DQogICAgICAgICAgICA8UnVsZVBhcmFtZXRlciBOYW1lPSJVc2VSZWd1bGFyRXhwcmVzc2lvbiIgVmFsdWU9IkZhbHNlIiAvPg0KICAgICAgICAgICAgPFJ1bGVQYXJhbWV0ZXIgTmFtZT0iSHRtbERlY29kZSIgVmFsdWU9IlRydWUiIC8+DQogICAgICAgICAgICA8UnVsZVBhcmFtZXRlciBOYW1lPSJSZXF1aXJlZCIgVmFsdWU9IkZhbHNlIiAvPg0KICAgICAgICAgIDwvUnVsZVBhcmFtZXRlcnM+DQogICAgICAgIDwvRXh0cmFjdGlvblJ1bGU+DQogICAgICAgIDxFeHRyYWN0aW9uUnVsZSBDbGFzc25hbWU9Ik1pY3Jvc29mdC5WaXN1YWxTdHVkaW8uVGVzdFRvb2xzLldlYlRlc3RpbmcuUnVsZXMuRXh0cmFjdFRleHQsIE1pY3Jvc29mdC5WaXN1YWxTdHVkaW8uUXVhbGl0eVRvb2xzLldlYlRlc3RGcmFtZXdvcmssIFZlcnNpb249MTAuMC4wLjAsIEN1bHR1cmU9bmV1dHJhbCwgUHVibGljS2V5VG9rZW49YjAzZjVmN2YxMWQ1MGEzYSIgVmFyaWFibGVOYW1lPSJGb3JtUG9zdFBhcmFtMTIuZGRsT1RTdGF0dXMiIERpc3BsYXlOYW1lPSIiIERlc2NyaXB0aW9uPSIiPg0KICAgICAgICAgIDxSdWxlUGFyYW1ldGVycz4NCiAgICAgICAgICAgIDxSdWxlUGFyYW1ldGVyIE5hbWU9IlN0YXJ0c1dpdGgiIFZhbHVlPSJzJnF1b3Q7OlsmcXVvdDsiIC8+DQogICAgICAgICAgICA8UnVsZVBhcmFtZXRlciBOYW1lPSJFbmRzV2l0aCIgVmFsdWU9IiZxdW90OywmcXVvdDsxJnF1b3Q7IiAvPg0KICAgICAgICAgICAgPFJ1bGVQYXJhbWV0ZXIgTmFtZT0iSW5kZXgiIFZhbHVlPSIwIiAvPg0KICAgICAgICAgICAgPFJ1bGVQYXJhbWV0ZXIgTmFtZT0iSWdub3JlQ2FzZSIgVmFsdWU9IkZhbHNlIiAvPg0KICAgICAgICAgICAgPFJ1bGVQYXJhbWV0ZXIgTmFtZT0iVXNlUmVndWxhckV4cHJlc3Npb24iIFZhbHVlPSJGYWxzZSIgLz4NCiAgICAgICAgICAgIDxSdWxlUGFyYW1ldGVyIE5hbWU9Ikh0bWxEZWNvZGUiIFZhbHVlPSJUcnVlIiAvPg0KICAgICAgICAgICAgPFJ1bGVQYXJhbWV0ZXIgTmFtZT0iUmVxdWlyZWQiIFZhbHVlPSJGYWxzZSIgLz4NCiAgICAgICAgICA8L1J1bGVQYXJhbWV0ZXJzPg0KICAgICAgICA8L0V4dHJhY3Rpb25SdWxlPg0KICAgICAgPC9Db3JyZWxhdGlvbkV4dHJhY3Rpb25SdWxlcz4NCiAgICA8L1JlcXVlc3Q+DQogICAgPFJlcXVlc3QgTWV0aG9kPSJQT1NUIiBHdWlkPSJiMWY4OTUzNy02ZWE4LTQ0MjYtYWY1Ni1mYzU4MzBmMjA5OTIiIFZlcnNpb249IjEuMSIgVXJsPSJodHRwOi8vMTAuMTEuMzYuMTE0OjgwMDcvT3ZlclRpbWUvT3ZlcnRpbWVQcmVPcmRlci5hc3B4IiBUaGlua1RpbWU9IjIyIiBUaW1lb3V0PSIzMDAiIFBhcnNlRGVwZW5kZW50UmVxdWVzdHM9IlRydWUiIEZvbGxvd1JlZGlyZWN0cz0iVHJ1ZSIgUmVjb3JkUmVzdWx0PSJUcnVlIiBDYWNoZT0iRmFsc2UiIFJlc3BvbnNlVGltZUdvYWw9IjAiIEVuY29kaW5nPSJ1dGYtOCIgRXhwZWN0ZWRIdHRwU3RhdHVzQ29kZT0iMCIgRXhwZWN0ZWRSZXNwb25zZVVybD0iIiBSZXBvcnRpbmdOYW1lPSIiIElnbm9yZUh0dHBTdGF0dXNDb2RlPSJGYWxzZSI+DQogICAgICA8RXh0cmFjdGlvblJ1bGVzPg0KICAgICAgICA8RXh0cmFjdGlvblJ1bGUgQ2xhc3NuYW1lPSJNaWNyb3NvZnQuVmlzdWFsU3R1ZGlvLlRlc3RUb29scy5XZWJUZXN0aW5nLlJ1bGVzLkV4dHJhY3RIaWRkZW5GaWVsZHMsIE1pY3Jvc29mdC5WaXN1YWxTdHVkaW8uUXVhbGl0eVRvb2xzLldlYlRlc3RGcmFtZXdvcmssIFZlcnNpb249MTAuMC4wLjAsIEN1bHR1cmU9bmV1dHJhbCwgUHVibGljS2V5VG9rZW49YjAzZjVmN2YxMWQ1MGEzYSIgVmFyaWFibGVOYW1lPSIxIiBEaXNwbGF5TmFtZT0i5pO35Y+W6Zqx6JeP5qyE5L2NIiBEZXNjcmlwdGlvbj0i5pO35Y+W5Zue5oeJ5Lit55qE5omA5pyJ6Zqx6JeP5qyE5L2N77yM5Lim5bCH5a6D5YCR5pS+5Zyo5ris6Kmm5YWn5a655Lit44CCIj4NCiAgICAgICAgICA8UnVsZVBhcmFtZXRlcnM+DQogICAgICAgICAgICA8UnVsZVBhcmFtZXRlciBOYW1lPSJSZXF1aXJlZCIgVmFsdWU9IlRydWUiIC8+DQogICAgICAgICAgICA8UnVsZVBhcmFtZXRlciBOYW1lPSJIdG1sRGVjb2RlIiBWYWx1ZT0iVHJ1ZSIgLz4NCiAgICAgICAgICA8L1J1bGVQYXJhbWV0ZXJzPg0KICAgICAgICA8L0V4dHJhY3Rpb25SdWxlPg0KICAgICAgPC9FeHRyYWN0aW9uUnVsZXM+DQogICAgICA8Q29ycmVsYXRpb25FeHRyYWN0aW9uUnVsZXM+DQogICAgICAgIDxFeHRyYWN0aW9uUnVsZSBDbGFzc25hbWU9Ik1pY3Jvc29mdC5WaXN1YWxTdHVkaW8uVGVzdFRvb2xzLldlYlRlc3RpbmcuUnVsZXMuRXh0cmFjdEZvcm1GaWVsZCwgTWljcm9zb2Z0LlZpc3VhbFN0dWRpby5RdWFsaXR5VG9vbHMuV2ViVGVzdEZyYW1ld29yaywgVmVyc2lvbj0xMC4wLjAuMCwgQ3VsdHVyZT1uZXV0cmFsLCBQdWJsaWNLZXlUb2tlbj1iMDNmNWY3ZjExZDUwYTNhIiBWYXJpYWJsZU5hbWU9IkZvcm1Qb3N0UGFyYW01LmJ0blF1ZXJ5IiBEaXNwbGF5TmFtZT0iIiBEZXNjcmlwdGlvbj0iIj4NCiAgICAgICAgICA8UnVsZVBhcmFtZXRlcnM+DQogICAgICAgICAgICA8UnVsZVBhcmFtZXRlciBOYW1lPSJOYW1lIiBWYWx1ZT0iYnRuUXVlcnkiIC8+DQogICAgICAgICAgICA8UnVsZVBhcmFtZXRlciBOYW1lPSJIdG1sRGVjb2RlIiBWYWx1ZT0iVHJ1ZSIgLz4NCiAgICAgICAgICAgIDxSdWxlUGFyYW1ldGVyIE5hbWU9IlJlcXVpcmVkIiBWYWx1ZT0iRmFsc2UiIC8+DQogICAgICAgICAgICA8UnVsZVBhcmFtZXRlciBOYW1lPSJJbmRleCIgVmFsdWU9IjAiIC8+DQogICAgICAgICAgPC9SdWxlUGFyYW1ldGVycz4NCiAgICAgICAgPC9FeHRyYWN0aW9uUnVsZT4NCiAgICAgICAgPEV4dHJhY3Rpb25SdWxlIENsYXNzbmFtZT0iTWljcm9zb2Z0LlZpc3VhbFN0dWRpby5UZXN0VG9vbHMuV2ViVGVzdGluZy5SdWxlcy5FeHRyYWN0Rm9ybUZpZWxkLCBNaWNyb3NvZnQuVmlzdWFsU3R1ZGlvLlF1YWxpdHlUb29scy5XZWJUZXN0RnJhbWV3b3JrLCBWZXJzaW9uPTEwLjAuMC4wLCBDdWx0dXJlPW5ldXRyYWwsIFB1YmxpY0tleVRva2VuPWIwM2Y1ZjdmMTFkNTBhM2EiIFZhcmlhYmxlTmFtZT0iRm9ybVBvc3RQYXJhbTYudHh0T1RFbXBJRCIgRGlzcGxheU5hbWU9IiIgRGVzY3JpcHRpb249IiI+DQogICAgICAgICAgPFJ1bGVQYXJhbWV0ZXJzPg0KICAgICAgICAgICAgPFJ1bGVQYXJhbWV0ZXIgTmFtZT0iTmFtZSIgVmFsdWU9InR4dE9URW1wSUQiIC8+DQogICAgICAgICAgICA8UnVsZVBhcmFtZXRlciBOYW1lPSJIdG1sRGVjb2RlIiBWYWx1ZT0iVHJ1ZSIgLz4NCiAgICAgICAgICAgIDxSdWxlUGFyYW1ldGVyIE5hbWU9IlJlcXVpcmVkIiBWYWx1ZT0iRmFsc2UiIC8+DQogICAgICAgICAgICA8UnVsZVBhcmFtZXRlciBOYW1lPSJJbmRleCIgVmFsdWU9IjAiIC8+DQogICAgICAgICAgPC9SdWxlUGFyYW1ldGVycz4NCiAgICAgICAgPC9FeHRyYWN0aW9uUnVsZT4NCiAgICAgICAgPEV4dHJhY3Rpb25SdWxlIENsYXNzbmFtZT0iTWljcm9zb2Z0LlZpc3VhbFN0dWRpby5UZXN0VG9vbHMuV2ViVGVzdGluZy5SdWxlcy5FeHRyYWN0VGV4dCwgTWljcm9zb2Z0LlZpc3VhbFN0dWRpby5RdWFsaXR5VG9vbHMuV2ViVGVzdEZyYW1ld29yaywgVmVyc2lvbj0xMC4wLjAuMCwgQ3VsdHVyZT1uZXV0cmFsLCBQdWJsaWNLZXlUb2tlbj1iMDNmNWY3ZjExZDUwYTNhIiBWYXJpYWJsZU5hbWU9IkZvcm1Qb3N0UGFyYW03LmRkbFF1ZXJ5Q29uZGl0aW9ucyIgRGlzcGxheU5hbWU9IiIgRGVzY3JpcHRpb249IiI+DQogICAgICAgICAgPFJ1bGVQYXJhbWV0ZXJzPg0KICAgICAgICAgICAgPFJ1bGVQYXJhbWV0ZXIgTmFtZT0iU3RhcnRzV2l0aCIgVmFsdWU9InMmcXVvdDs6WyZxdW90OyIgLz4NCiAgICAgICAgICAgIDxSdWxlUGFyYW1ldGVyIE5hbWU9IkVuZHNXaXRoIiBWYWx1ZT0iJnF1b3Q7LCZxdW90OzEmcXVvdDsiIC8+DQogICAgICAgICAgICA8UnVsZVBhcmFtZXRlciBOYW1lPSJJbmRleCIgVmFsdWU9IjAiIC8+DQogICAgICAgICAgICA8UnVsZVBhcmFtZXRlciBOYW1lPSJJZ25vcmVDYXNlIiBWYWx1ZT0iRmFsc2UiIC8+DQogICAgICAgICAgICA8UnVsZVBhcmFtZXRlciBOYW1lPSJVc2VSZWd1bGFyRXhwcmVzc2lvbiIgVmFsdWU9IkZhbHNlIiAvPg0KICAgICAgICAgICAgPFJ1bGVQYXJhbWV0ZXIgTmFtZT0iSHRtbERlY29kZSIgVmFsdWU9IlRydWUiIC8+DQogICAgICAgICAgICA8UnVsZVBhcmFtZXRlciBOYW1lPSJSZXF1aXJlZCIgVmFsdWU9IkZhbHNlIiAvPg0KICAgICAgICAgIDwvUnVsZVBhcmFtZXRlcnM+DQogICAgICAgIDwvRXh0cmFjdGlvblJ1bGU+DQogICAgICAgIDxFeHRyYWN0aW9uUnVsZSBDbGFzc25hbWU9Ik1pY3Jvc29mdC5WaXN1YWxTdHVkaW8uVGVzdFRvb2xzLldlYlRlc3RpbmcuUnVsZXMuRXh0cmFjdFRleHQsIE1pY3Jvc29mdC5WaXN1YWxTdHVkaW8uUXVhbGl0eVRvb2xzLldlYlRlc3RGcmFtZXdvcmssIFZlcnNpb249MTAuMC4wLjAsIEN1bHR1cmU9bmV1dHJhbCwgUHVibGljS2V5VG9rZW49YjAzZjVmN2YxMWQ1MGEzYSIgVmFyaWFibGVOYW1lPSJGb3JtUG9zdFBhcmFtOC5kZGxPVFN0YXR1cyIgRGlzcGxheU5hbWU9IiIgRGVzY3JpcHRpb249IiI+DQogICAgICAgICAgPFJ1bGVQYXJhbWV0ZXJzPg0KICAgICAgICAgICAgPFJ1bGVQYXJhbWV0ZXIgTmFtZT0iU3RhcnRzV2l0aCIgVmFsdWU9IiZxdW90OzEmcXVvdDssJnF1b3Q7IiAvPg0KICAgICAgICAgICAgPFJ1bGVQYXJhbWV0ZXIgTmFtZT0iRW5kc1dpdGgiIFZhbHVlPSImcXVvdDssJnF1b3Q7MyZxdW90OyIgLz4NCiAgICAgICAgICAgIDxSdWxlUGFyYW1ldGVyIE5hbWU9IkluZGV4IiBWYWx1ZT0iMCIgLz4NCiAgICAgICAgICAgIDxSdWxlUGFyYW1ldGVyIE5hbWU9Iklnbm9yZUNhc2UiIFZhbHVlPSJGYWxzZSIgLz4NCiAgICAgICAgICAgIDxSdWxlUGFyYW1ldGVyIE5hbWU9IlVzZVJlZ3VsYXJFeHByZXNzaW9uIiBWYWx1ZT0iRmFsc2UiIC8+DQogICAgICAgICAgICA8UnVsZVBhcmFtZXRlciBOYW1lPSJIdG1sRGVjb2RlIiBWYWx1ZT0iVHJ1ZSIgLz4NCiAgICAgICAgICAgIDxSdWxlUGFyYW1ldGVyIE5hbWU9IlJlcXVpcmVkIiBWYWx1ZT0iRmFsc2UiIC8+DQogICAgICAgICAgPC9SdWxlUGFyYW1ldGVycz4NCiAgICAgICAgPC9FeHRyYWN0aW9uUnVsZT4NCiAgICAgIDwvQ29ycmVsYXRpb25FeHRyYWN0aW9uUnVsZXM+DQogICAgICA8Rm9ybVBvc3RIdHRwQm9keT4NCiAgICAgICAgPEZvcm1Qb3N0UGFyYW1ldGVyIE5hbWU9IlRvb2xraXRTY3JpcHRNYW5hZ2VyMV9IaWRkZW5GaWVsZCIgVmFsdWU9Ijs7QWpheENvbnRyb2xUb29sa2l0LCBWZXJzaW9uPTQuMS43LjYwNywgQ3VsdHVyZT1uZXV0cmFsLCBQdWJsaWNLZXlUb2tlbj0yOGYwMWIwZTg0YjZkNTNlOnpoLUhhbnQ6N2I5NWVkMWEtNmEzZi00MWRkLWJjNWItNjNmMzllZGJjNGI0OmRlMWZlYWIyOmZjZjBlOTkzOmYyYzhlNzA4OjcyMGE1MmJmOmY5Y2VjOWJjOjU4OWVhYTMwOjY5ODEyOWNmOmZiOWI0YzU3OmNjYjk2Y2Y5OmE2N2MyNzAwOjg2MTNhZWE3OjMyMDJhNWEyOmFiMDllM2ZlOjg3MTA0YjdjOmJlNmZiMjk4IiBSZWNvcmRlZFZhbHVlPSI7O0FqYXhDb250cm9sVG9vbGtpdCwgVmVyc2lvbj00LjEuNy42MDcsIEN1bHR1cmU9bmV1dHJhbCwgUHVibGljS2V5VG9rZW49MjhmMDFiMGU4NGI2ZDUzZTp6aC1IYW50OjdiOTVlZDFhLTZhM2YtNDFkZC1iYzViLTYzZjM5ZWRiYzRiNDpkZTFmZWFiMjpmY2YwZTk5MzpmMmM4ZTcwODo3MjBhNTJiZjpmOWNlYzliYzo1ODllYWEzMDo2OTgxMjljZjpmYjliNGM1NzpjY2I5NmNmOTphNjdjMjcwMDo4NjEzYWVhNzozMjAyYTVhMjphYjA5ZTNmZTo4NzEwNGI3YzpiZTZmYjI5OCIgQ29ycmVsYXRpb25CaW5kaW5nPSIiIFVybEVuY29kZT0iVHJ1ZSIgLz4NCiAgICAgICAgPEZvcm1Qb3N0UGFyYW1ldGVyIE5hbWU9Il9fRVZFTlRUQVJHRVQiIFZhbHVlPSJ7eyRISURERU4xLl9fRVZFTlRUQVJHRVR9fSIgUmVjb3JkZWRWYWx1ZT0iIiBDb3JyZWxhdGlvbkJpbmRpbmc9IiIgVXJsRW5jb2RlPSJUcnVlIiAvPg0KICAgICAgICA8Rm9ybVBvc3RQYXJhbWV0ZXIgTmFtZT0iX19FVkVOVEFSR1VNRU5UIiBWYWx1ZT0ie3skSElEREVOMS5fX0VWRU5UQVJHVU1FTlR9fSIgUmVjb3JkZWRWYWx1ZT0iIiBDb3JyZWxhdGlvbkJpbmRpbmc9IiIgVXJsRW5jb2RlPSJUcnVlIiAvPg0KICAgICAgICA8Rm9ybVBvc3RQYXJhbWV0ZXIgTmFtZT0iX19MQVNURk9DVVMiIFZhbHVlPSJ7eyRISURERU4xLl9fTEFTVEZPQ1VTfX0iIFJlY29yZGVkVmFsdWU9IiIgQ29ycmVsYXRpb25CaW5kaW5nPSIiIFVybEVuY29kZT0iVHJ1ZSIgLz4NCiAgICAgICAgPEZvcm1Qb3N0UGFyYW1ldGVyIE5hbWU9Il9fVlNUQVRFIiBWYWx1ZT0ie3skSElEREVOMS5fX1ZTVEFURX19IiBSZWNvcmRlZFZhbHVlPSJBUitMQ0FBQUFBQUFCQUR0TzExM0UxZVN4bGhOeTVBWVpyR0c3TENTSm5ObUZBNXBvdTZXYlJ3Mk9TZTJTWUFKbG0ySmtJL0o4UkZJa2JVSWlXTUpBdnNFeVRoODJZUU1Cc05Ba2lFa3dZVGhLd1J3REdQMkgrdyt6TU04NTdqYjB0UDhnSG1ZdmZkVzErMHJxYnNEbSt4YmxKT29VbFczcW03ZHFudnIxcFgvdWFodDFTS2ZsTjIzTlpVcnRQMzcycVpselZKN3F4eFA5aFozNzluY3R5U2UzRWkvcFhpeUwxWE9rSzlrYm5kbVdUeVpLS2ZLZTB2OXFkMlpwUVJYTEtmeWxFRFlrL3NMbS90a1pDREF5OFhSM2YzeDFwZnp4WGQ3VTZVTUlUYi9rM3phMG0yK1ZyVmIxMVMxc3lNV2F3c0VnbEpmWms5NWM1L3Z2MzJSb1k2T3ptZzA4aXdGT2hDSUlhQWpvQ0dnSWhDMWdCanl4SkFuaGp3eDVOR1JwQ05KUjVLR1NqVlVxcUZBRFVkcE9FckRVU3J5cU1paklpa0tBUG52YnpVRVZBU1FwRzlESUtram9DR2dJb0E4Q2VSSklFOENlUkxJTTRTa0lTUU5JV213RTRFT0JHSUlvT1JCSEQ2SXd3ZHgrQUFPSDhEaEF6aDhBSWNQNFBBQkhENkF3K1BJRTBlZU9KTDZrZFNQcEg0YzNvODhEY3NkYlZqQnFNY1NPRGljZTVXN0x0b3c1V2lEcVhYMk9La2dRUEJuOGRFc1RZQlhjNlV5QVZNa1JYei9rQ085UFp0Z1FHOThDd0E5UTlFdFcxUUFvdXI2R2xCRnVtWWhvenFuVXhEaFdIU0xDSEpZMnlLQ0tDM09SZGowcUUxbk1DclVWTTVDUUFHckE2amFES3JGMEJ0UDhKa2xOdkxSWFFrUjVHT2lDUkhrTU9kT3ZJTERkTTdLUUdSVk9Tc0RFZTZLSlVRUXBXM2lrK3pnMHRSb0RTakNHdHFqMldacWdwbDZRZ1JGMkJxWjJJcklEdHZPRHNGT0NxT1c5U3Bub1NEYVBNZ1hrYXRMRFBFNTI1YXBvbVdkQ1FGRUJmcDZqcVVnd3AyMnJ6b0ZYMjNqdnVMQ0dJaThVVnRhVkpDbTJrNVJCYWZFYk82WXdOMWhCMENIc0twZHRyZTZCRzkxMng3cUZqeTBuYStabWhCQkhuR3hoQWh5eWQwSkVVUnByM01WOWt5Njdaa2szckJUTUNHQ2ZKbnNVSThKdHErM1kvcE5Qc3cyTEJvVFFzOTJ1Tm9wb0lVY3NsWEg3QWpvc3NIMTBScFFqUVNmSEI1SVpUT2JTL1IwZnJXWUhRbTJXNGpCdlpuUkE0bnlhSzZRWlhnSkNnR2ZsQmpZMVBOYk5maExpKytsdmVYaVMzdjI1QTlzM0wwams2YTQzbEtwTjU4cWxiTEJpTVZEYTRveStUZXhjN1NZenc4VVM3bHlybGlJRndoVTdrbnQzSlVOdHNLUlQvZEczMTliNnAwckxxdVlCTllrR2hhckpqcUVSQmNEdVNiSGFuSXZXaHVlVHJraDVISnRqb3ZKVnJjZE9ZVy9tSnhDdG9nUkltN1NOZnU0c04ySm02Y1l5K0p4VVJzelFob0lPMXJOVGlja2RVMFlpa0V0SGpmQ1ljRkRtV2NGVHgrZWxYd2o0YnNXMzlMNDlzZzNacjdmODZPRG4xZjhHSVR6a3A4ei9DaTFEdGZnVXVIczlWMzZlU21Ueit3c2gvczJKNUtiKzN1VDRaMmtKZzJIM3gzSkZNTHhXSFRkdGozVytSek9sY0tGWWpsYzJKdlBoOHVONUV5ZWpJdEV3cGxDT3B3cVVTS25QWnNyMFZIUDBBR0lpa1RXV0d5SUVSWHIzb3AxTDhXNmcySzlVYkh1cUZqelZxeDVLZFljRkd1TmlqVkh4YXEzWXJWQjhUTnNOQXoySFB1TXRjSTJ5enVqeGQzaHpLYWhyWW0rbnVITnlhRytkVytsZHhUZlh2Y1dZOGo5WjRydVNqUkUzcWJ5UnpOaGErQUxvcUkxekF5WS9ocnVBMVh3Z1RBOWFxTDc1QnJtaHQ1VGE3MW5LM0ZSNGVWQnI1VnJYRGpCWUZ3NGd2SmdjakRaSVFZYzR0RTVOK2lIS3UwcnZsdW8xOG9tTFRpVVRkK2VLWU5naHQ5TlRuNDNlVEFTWG10enI0MG9FZjYvOUxwS25lQmdQZkNwQXFQRGZJQkpjMkxTNjVoMEo2WllIVk5NWkhMeUFqUDRNY0kzSHM1bjNpbUgvNk9ZS3p6cWlGZzBYS1RSUkd3Wkt1WXp2Y1YwNW9WSUxCb0pwMGl3Q0JhSFg0aHo4TEdWNkpZU1hWU2lveEw5eDFHaVdVbzBVWW1HU3JRZlI0bHFLVkZGSlNvcVVYOGNKWllPVVVVMHdoUTR5cmMyTFh2SEladmdUM2ZMbis2V1A5MHRmN3BiaXBXOFExSC8vM0czWEVQcXAzUm1OTHpqZ0ZqdUNnV29VQklLdFEwdk44TEJKUVJpNWZyZGxwcGVtdDB4MVdvYWJ6V3RPTHRaeU51SHZOZklHM2k4NmNoYmxiekpoOFB0NWlYbjRRMU8zdkxrUFZUZUxNVGhkdXVVTjFONWU1VTNYSEU0N3pYYWJWcmUwK1dOU1NUWjdWN2VKS1k4M2VTemZ6OWlrTm51SHlQek5tVHU3bzRJUFV1aFVXcDNyeHQ3M3JINjlxcmRCZWZNSGZXOVdMdS96cHZ4dkhITHUvS2MxTkRjdGJ2N3ZOL1BlZmliQUg4bG9POEd3VGJzUUdUS3FXUXFXOG9HbXBzWHQ2VURLOGwvMndMTndmYmhWM1Baa1hKUGNYL1BhQ2ExYTJNaHRTT2ZTWStrQTgzdkVLNlc1a1dNYThscnVWS09FRWJTNldZZnc3UWtNL3ZMdmxXVmM2Y1hUbjR3UDNQdDd3L0dLMWVQTDB4UEdITmozeDM4a3ZEOW12S0ZudkF0TTIvT1ZHNmRyQjQ3V0xrNFR2QnJMSHpiL095c2NleDg1ZlpoYy9Za2tVTklDcElxWjc2cWp2MTU0Y3NQalNOWEZpNS9SRWpQdFZrbVVmT1hwOU9CUmUra20xVkVTaFRaRnBDRFQvYWx5cW5YVXZtOW1aZHptWHphMTBLTGh1QVRGRXNOQnFSTWtiU2lEQzRkL2lVbDlSVDNGdExaNEJJKysrWHRMU3NVOGlGVHFoNmFNVThkcHYrekhOSk1JUlpYcG84Uml3T1Frb3A1Ky9UOC9jK3JoKzRZYzE5Uk5JU1NZdDQ5VXZuNmZ2WHdSNVZQSmdpNnZhVkpBZ2tTakpPQWIrWGF4UzFaOG1FejhyRnBoSjRFdzBOdHRxMmg1ZG5RQ21yWmlrZTBqR3dFeXNMdCt3dDNiaTBjL25UaCtzWHErOU1CeUgyTHo3aCsxRHh4bWFCWFE5NHI1aGZYak9QbllJeHg1QVB6azVOSUhJd3E4N09mbTJkUEFiRXlmYTB5ZlFTSlE2akgvT1N1ZWZsNGhhemFzZmNKOFNuSVdvdFlQWE44NGR5RCtabURTRW5XVVdiSDBjSnRVY1c0UEdsOGZvWllUYUxMUWorNnB3T1F3aFJOY01icEQ0eFRoNmdRU0ZZTERaTUZ0RzZqNXg4Y0F1c0RrSnNXMm5ZaHBDUEt2bkhGL1BRTGdtNWZJUzR1Y2IwRXJwYkF0Ukk0VVFKM1NlQVlDYndnd1pScmcwS0NLVWhnc2dRbVNtQ1NCQ2FRdUZtUnJmK3dJRnJ5L1VIMDRnOE1vbjRWMFd5SlNJNENXbE1XN241ZHVYZWpEcTByODMrNVFEeGVpMjZNUkVCck50b1ltK2JjdWhXZzFha0w4dy9mSStqdmo5c0JWVEd1blRVbjUwUWlINmtweHZnTlkyemNrVWkwVGQ2WXYzKzJqdmcwbkg4S0JKc3g4NTd4cDI4Y3gzY29sYTh2R2pmRzV4OWVyRXhQV2M1Q1lxZFMvV3k2K3NldnlLeXBTMnFJYnJrV2dGTlZJWHJJUnNySEFGcFRxdWRwQXBnWEpxZ3JVSlN1VkE1L1pSeTdJZ3JreEpoaXpOMGhFV3d0U2kyeFF6Ryt2VzE4ZU5NU1dLdXRVekh2M0tQNVdUUEdiUjhBb3FxWWg0OHVURTZMTEdUa1UzREcweFUzejV3elpxL1dVaHkzandCVUFVcjE0QjlKcUFFRmJVdWdKK3JRdW1MdEE0aDIzNE5XUTkxQUk0ZkVoMGpIbVNhMW11Q29JK3FXNitxSWo3ZTEwV3drVlI1RkV4d1p6aEFhUThBS1A5N210eHFxR2R6OHdQckp6d2lSMmcwVkRtNkJKR0svbnVGRTkyMlRWanhXOHBrbnBvMzdseXh1cW9lRWFQWFl2Um8wMVFCTFZua3dhZHc4WWFISmxzYldabmFxaHJ1RGNwKy9YN2x5QzBRQjJtbW5YZzExRlJwNCtodmo1QkU3R2FIV3NvZzBKWStmZzhnRWdVNTcvR3FveHRDRjF6OHpqOXkxRXdzcU5DUk9VSUUxUk51UnhzeHRrZWh5ZEt5R3VnN05QM0dFK04vYUY1akFEcTNPRkdOaWt2akxJdHJhSURCcVJzYnF4VTQrWExoMnhpSjIxQkhCSUl2WXlZblZnM1BHZTMvbUczZjdpMDRIWGI4S1h4cDg2ZUxwRndka1hCZlB3Z0VZTUFDMEFZc1dnNjhPK09vVVQ4MUJHREFJQXdaaHdDQU1HSVFCZzUzaStUb0VBNFkwOGJSTkFESmhJWFh4Q0U0Q0xRbTBwRjUzTGtNK1NwQ0ZEYWMwelMwSnNzZytzMmwrU0pBUEVzUy9CUEV1UVh6Yng3b09uTG9tSHZJeFFNWXNwTTVQZmdraVJvTFlrQ0FLSkZodkNWWldnalVrTmNLTERUWENZMzFZUWFGam5TMWJkVGFwTFZydEt5MnBNSjZvNmRUeU1xTzVzY3dJUUQrT2JXd2s1MmIrc3ZEeEpiSVp0RGMzU1VBaE5qZlhWOE90OXFYWlhkbmlSbVcvZ0o2ZnBXekwzdDA3aXNiRVFkRDRGSFROTEZwaTYwWk9hVjlNYkdFREplQWhKaTF1S0s1YTdkdTd1MDF0alRhdGd2YWphSk95UlNYS2dhRFZFalFreEd0SHhPbUlBUFQ3N0Nrb0d6bjZGUkg5Q2tkdkV0R2JPSHFyaU43SzBZTWllcENqaDBUMEVFZHZFOUhiT0hxN2lON08wYStMNk5jNStnMFIvUVpIdnltaTM2VG85clltQ1Z3Slg1b0VicExBS1JJNFFZSkpTekJKQ1NZbHdTUWtNRm9DSXlVd1NnSWpKRkJLVnI3TktTUDhHQVZMaFljYTl6RFkzaGdHVDJQZlZ6RlBmMm1NVDBGWko2Nnh1ZzZlY1hpejJKMVRVUmZ1L1A1cDdGRXJwUGdnVi9MdmtVaWIyZTZjVEdJWSsyeE9mR1FoMUdkRmVRbG5lWlJQa0JhamhkdlZzOVh6di9lVVJsdHpibnlDdEE1cTI4TS9HZGMrYnVBS1kvTlVxWHp4MFB4NHpsTWRiZm01OGRucWFIOWFNYy9jTkcvZjlKTEdXdHB1ZkV4YUhiUG15cXh4MVNwVmZmRjk0OElmUEZXclRMVXpuekFSNmhiajdOR0Z1U3VlMHBoYlhQZ0VhVjFFMnZ6TVVmUG1SdzFjTENqcHd3cWQ0c0xWYjcyRGtyM0F1SFBhWVU3ZlFHaXdPYWNEc21pdUxCcXk2SzRzZWhpN3ZvcEJ5c1pidDV3ampIYTNGUnJ6bHo3emNpVnJncnZ4MmE2a3J6RGtWanBGWE9BcHJZc3RqRE9mTFkwKzJwQnJ6SXd4ZThGTEdudmJjZU96ZlU3ZnVSVHpKdUc2NTcySzdFSE1uWk5KL0hXUDlVUkdaK0dRNThDcUNrTFpEdWpGek9UK0N2dnpMcXg4M1dMc0JrbnZpUWRkR09oU1ZHNmRORTU4NnVVODl0N2d4c2VYZ2ozWEtOWFQ5MmhQdzEwYXZPcTQ4ZG5TNkxzVEN5YUhxQlNrc2VjcE56NUJHb3Z4UytUcVBlVXBEWFo0Wno1Qkd2V2IrZkZEODhweFQybk1ieTU4dGpTTmhmRDFDNVd6WHFjUHZHUzY4VEZwb1I3cjZWUWg5enh5YVNVM3I1cm9RYnJtVE5mQUd1cDM4OXlOaGJrVG50WXd2N3Z3Q1hQVDRUaXBuRGptS1UyM2poTW52cnJqQkI1Q1haazFycG9kQUorZWNEcXNrVUZ6WWJCY3dYYXFzYU9HdzlGQWs1QTlkeXJHeEJRNUdLcUhKeHA0bnJOdFpnK2pIcXkyeDJJc2krWW16RnRlT1Ftdm5XNTh0alQ2K3FuTXowNVczcnZvSlkwOWtycnhDZExZZm5IMld2WDhtS2MwMkMrYytlcFhrejFWdXpMejFleGtSZFhoQ2U5VEExNmEzZmpzaWRBblRhVnkvSlNUenQvMFdLLzdWdWFTSTkrYytyQ0JUYk9Wc3A4Q2VITUxxcnNnWnN5WkcxNFQ2ZXF5QXNhSlQ1RFdEZEtNYnc1NVN1dTJwRG54OFVPRnZlblNRNFhXQ3hPTkc2QVF6K3VqMXVuc3dtcGJTSDl6UU10TzQ1Ym5mTmxQRTl6NEJHbk1lNmN1T3UzUGpLRmJ0ZXJYYjg5NHFldFdzWDUxNEdQcVdCalFCM3FGRm1wa29tTkh6Yk9OVzUwUUJ1dzEzNXViU1c3ZjNpVGpoY2ZQYno0eTNsajgvT29pNDZYRHoyOGZNdDRjL1B3S0llTXRRY1l5MzgvcmZSbkxiejh2Mmpta3lWaE4rM2xaTFdOSjdPZTFzWXpscjR6VnE1K1hzVExXcVFob0NPZ3lWcFl5bG9aK1hpUEtXTi81ZWFFblk1SG01OVdhakhXV254ZGNNbFpKZmw0dXlWZ015Vmp4eUZpeStIbnRJbVBkNGVjRmlJekZnNTlYRVRKV0FINWVDc2g0alB2NWVTN2pXZXpuaDdLTTV5NENtb3hIcEorZmxUSWVYWDUrNEhISTR1OU1xQWhZR012dDdQanc4M05FeGdQQXowOENHWGR4UDkvT1pkeGQvWHhQNWhDSTc3UldCWFpOR1RkR0dmYzBQOS9jWk55Uy9IeHZrbkZmOGZNTlJzYWR3YyszQ0JsejI4K1RYTVk4bGpFUi9Ud2paY3dqUDArb2xXc1hiLzloL1QzdnhsOFhlM0J2WnI4RW9MOFhhQTB1SGFaLy9rai9XQ0pWOWkwN1FENi9lMjdyMXQ4OWwwNEhXNGNUNWRSb21mMTVaTk4vNWNiUC8vVi81S0E4dkxHUXRsQTlMYUZyZjVPSmlNMmxvVXdxSFMva0Q0d1FobVN4bUUvbTl2aVV0NnIzUHpGUEhYczdiSHowd1Bqd3FqbjFoWG4rZzc4L0dIK3JldjRjdzVzelk5VnpueHRqbDQzcjM4S1BFNmg1aTlxVzArL2drbUpoWno2M2M1ZnZ6VzNsWEg2NGQyUlhUM0Yvc3BqTjVqUHM1d3U1Zks1ODRKbEllWDhaL29heko1UE5GWVozanV5eXFaRm53L1gwZEc0Zi9ZbkFTNk9aVkdUTmhuUTZUZHhCbFBsSzVRUDVqQyswTHpOYXp1MU01WlZVUHBjdFBGOHU3dG13ajR0N2ZvUDlDNHIvMnl6SnlOWmlJYjBqRHpON3NqeVNLNjNiUjMvZjhFSWtzaUZORmlVZ0JTWEg1ZkEzck1ZbStndUhtc1hZUlB1WlpGbERQNnNkSFBvWHZvS2hsWHpsUXUwam9jQVBYYWJRejMydlBkcjZFRnM5Vm9kU25kY210T3FSbHlYMDFHT3ZSK2hmblZjaDlJczZGNjdtYmcvOW0rRHZidnEzeFN1YUZ5MFBOTkYvbHExYzI5U1VidDdBWE5UU3hqeTB5dmRFT2xmYWswOGRlTDVRTEdRMnBQOFhVSWdkMnB3OEFBQT0iIENvcnJlbGF0aW9uQmluZGluZz0iIiBVcmxFbmNvZGU9IlRydWUiIC8+DQogICAgICAgIDxGb3JtUG9zdFBhcmFtZXRlciBOYW1lPSJfX1ZJRVdTVEFURSIgVmFsdWU9Int7JEhJRERFTjEuX19WSUVXU1RBVEV9fSIgUmVjb3JkZWRWYWx1ZT0iIiBDb3JyZWxhdGlvbkJpbmRpbmc9IiIgVXJsRW5jb2RlPSJUcnVlIiAvPg0KICAgICAgICA8Rm9ybVBvc3RQYXJhbWV0ZXIgTmFtZT0iX19TQ1JPTExQT1NJVElPTlgiIFZhbHVlPSJ7eyRISURERU4xLl9fU0NST0xMUE9TSVRJT05YfX0iIFJlY29yZGVkVmFsdWU9IjAiIENvcnJlbGF0aW9uQmluZGluZz0iIiBVcmxFbmNvZGU9IlRydWUiIC8+DQogICAgICAgIDxGb3JtUG9zdFBhcmFtZXRlciBOYW1lPSJfX1NDUk9MTFBPU0lUSU9OWSIgVmFsdWU9Int7JEhJRERFTjEuX19TQ1JPTExQT1NJVElPTll9fSIgUmVjb3JkZWRWYWx1ZT0iMCIgQ29ycmVsYXRpb25CaW5kaW5nPSIiIFVybEVuY29kZT0iVHJ1ZSIgLz4NCiAgICAgICAgPEZvcm1Qb3N0UGFyYW1ldGVyIE5hbWU9Il9fVklFV1NUQVRFRU5DUllQVEVEIiBWYWx1ZT0ie3skSElEREVOMS5fX1ZJRVdTVEFURUVOQ1JZUFRFRH19IiBSZWNvcmRlZFZhbHVlPSIiIENvcnJlbGF0aW9uQmluZGluZz0iIiBVcmxFbmNvZGU9IlRydWUiIC8+DQogICAgICAgIDxGb3JtUG9zdFBhcmFtZXRlciBOYW1lPSJfX0VWRU5UVkFMSURBVElPTiIgVmFsdWU9Int7JEhJRERFTjEuX19FVkVOVFZBTElEQVRJT059fSIgUmVjb3JkZWRWYWx1ZT0ic0JWQVN5RWl4V3FIUkRqcVpISFBYa0g5c2lIems1d3p6ZWVIbmlHc1hUbGEySjdHNVhmc0FqUE1BWDU4TmtNVlFmNkFMVnVNU2dKWGduYlBubVJGamZrSUtzMXRNYnBYMHNXV2Jsdy9ST29PRXczSldjbzFwOEZ2a3NHYWVKTXo0eC9RVGt2N1AyQ0xDZ28wV05DRHpWWGVnYnZDZTV6RXZYcjRBYlJPcCs1WG9LUEFVRWU4VjlZc3pNeVEvMGVSK0xKU2NhYkN3RjF6M0lObGZoZVk5bExVMzdobDJjZFMvV1g2dnZvbzNjSGZoVzVHZ0ZaSTlmNExDc1paMDBDZDZZRi9oUHR5MHk3aTB4WVhlMlluQWdBVW15MEloU1Z5dUVmYzBZN1FMSS96cFViNUxabGVRZHhmY1A0TG1hZzArekNQcyt6eWdJZll2cUM5cmJFOGFVL05PVjJrQlhzK21JYXoweEEwTXR0Z2dlRnRjZldDdlNabll5am5xenRhVUJkNGJVaWZKZ3VsU1h2NSt2dnZCZ2pkb1ZmOCtwSFhnRVppUjltU0V4YkJVaU1EekNuWVhDSkd1RnlsUllraUhUazFXcHpmMGpuSUZqT0lyMG1mRS9rNzJmSS9TeGZFc2lOYzRQaGMydXk5d3hzWFBjUWU0UHlHaXZuRS9CVzY3OTJIZ2I4Sm5CeldlNk9xamJJUWdZd29PYm95YUozeU9hb1pEM0JsQ1hlZWc0YVpoaENQV0REMHltd3plYW5IUmlHY3AxMzlUbGFsVnBiYWxXN3J1eW9oWDd0NHdpa3Q0VndqKzUyc3RRc25YNFlXYlpxRTllQk5jbWI4dVFjWFQyOEpQUi9BQzY4QTFzVEdqZ0h6Z0tiZUt1NzVZUlM5eDlVakhkWkY1OUEybDFZeGtwMCtGNEZEekZxZmUyeGtOSEdCQ0xOc1FDT2FoaXlvNkExb2pyaTZSbjNHa0Z0ZjU3WUZxN2luZERYWS9DWFJyeVV2eUN2dlNMWWY0QVU4NDRZWm9hdnRNWkhpMFBQMHkzRzZWYkVIQ2pnTTU1REpWamVnZE53V3M2TTZBTkZoMDlMNDc0VFhROHc5TzZ6ckY5c2xsSy9acVFwYndRM1VZdVhlbzZDd293L0hqaXp2RzZLTUtxMGV1RnJjODBUaHZsSk13TnlaZDlxV3RBL3NMeFpRU21qaUxrNFgrallUK0xQenpNcHRUdGkxUmNqNDZpVHRJTVVBdjd4clZweGpJNWc0MjMvUEtJZ3JoTFBOTGVnM2NTSzlGZ0J4VS9HaHRZRGY3Z3hUdDR0ZVVLdE80dkkxL0wzY0FwdS9kaTArcXp0ZkdITnJFZ01SRk1vUlVXYkJ4eVc1M2pZT2RZd2hPc2ZEY0kyNWVNRmd1QkpiL2RYSFBSWmpQR09ncUR5QUdyaVN1emV0NG5RTStQRDlkRGxlMEJxSkkxREd1em81ZXQwNGR0VlArMk53Ti9YeDBCbjgzT0RmQncrNjBDZWx5amN5Y3I5UWtnZzlWNlpvZUo0N3F6N0MrRVZIMjlrd2xhbGNRS2N4UVZ5MmlDUWNhcnJqYU5TbGwrUFZaYzRpcFBZMkpOVTVhMDZtUVVIUXNUZW4wZVJNY3ZaZ21rclNKaUhxamJ1clRXS3loNFJUd2ZOK1BDbmFxdHlQanFqMm81cHJuemwvbFlGMkFuSHVXZkRaaHdTT1BFSkFXdEVMNmJHeFR3cXYxTEIrN25hcUhHNW81UjNNNTdodXJSYkZsamNsNEM4dTM3bU5Vc1J6a1VHZ25DNDBpc0d4Uy9qV3I5QzhrQnR6eHBYczErSlhTbCt5bEJJZVAyNVlnYmp0bHZWbGlXTWJTWkVuUkowOThpUzFPWDlMRnRPRFJ4UEtJbFV1Q1UwYlFsM2M5Y1NJUzQ3YUw4VUNsNnl0dmRrWkxWZmw4cjcwWCtKS2tBMWlIZmlhNVgwZ0xjUldSVVZHUUMvSktzWTNZZjE0Q2RrTUo1MGtaUzRHSXZtTFpMcS9CTnVqUUNCd2xXUDJMWFRGcXZYeVBuVGFCWWltM2l3SC9XN2lRcEw1UE9peVNLUjdjL0IrNEJNZlRSb0dmSU9RMG1OSmE1SGRFWEZuYTR4eXRtL3NvSHMrQnJramFKZjdINjBFZjhkcVgyeU9Rb0FSZWQwNFRtTGFVTUNXZ2RWN1pIVXN6ZWdHaWk0bVJDblY0dEpuRGF0WGdNUzhsSCtXb29sRkUvYzR3TDdVTDdVd1cxaFYvREpkQUF5Q1Jwanc2dnl4THo5K2xEYWMzU3cxaVlGTnRBaEQxbGlXc0RVRHBoL2QrVGU1Wll2aEZnRW9GRENMcG9WRkYvU0twVFh2QXl0dXZwbDdTSU15anFNdXNGRmxZK05ZVkxicStYSGtqbStOdmQ4TmJOTnBSbGlqY00zUE9CeGR2dmdpayszcjEwWVBjNWZ6Z1NiZi8wOHpwS2dNclQ4L01xK0dlQ2hxYWI1dVBrbFJVWG5TcVNlT3R0OEEvRnVtblNzaHVsSlZHKzBQVXVqN3NoT2J4Q2RSc1FFQlBiOHFJY3BhbDF6R3ZyUHFtWlpFcXRDUmpjQXZGYmxzcG1NeXAvODA5N0tJNVdGTmJDNnd0bzJJOGc1MmhHd0w2MXB4UE1lUk5IcjlsSUZQWUxrcGpDUEJMRklQSk1ROGNTV0s1QjMzUVVlWERBbXdWaHpJWm11L0xpRW1tcDFCMjNEYXpEazBnSXpRdEhFRzFUd3VKUWxZa2hsR1JYUTl3QVphMjJRc04vTmRsY3gydjZ2YktvenUzVUlraUFuTlZ3VUxHc0xNeWI2aE8yMFRseVFkcTJ1V1NCY0dNdzEwZkx5UkdZbmVvWUpyWnIzYWdTNVQrNCtuWEZxalN3L25hMUdKUS8xNlc2aWlTeGpMeHBrY0JBVEJ2RVBLZzZTL3hPbjVUczE1dE1jcXB4Ky9BcmxMazEzSlNpeUcxdUZzN0hTc3JHUUxJU3J1bTRZMml1YTR6cHo3eTdZVFllcnRLUlRXSW1VWldvUE5xc1JJK0pSWlpScHB0NUJpWFZaNkFXaWRjOGZPT0JuZDBkZUsxUnI3NjRWS2V3TTNDYldzeHJvajRoNDJzaG1jUWFhcW5PbGFvelFRckU4dU5HVHdZcjNuMEZFNEpGb1phQ1d3VTMxRmN2eVc3djE2VDBzSmgzdlRidDVLU25BNTV6R0hTR1M3ZGk2Qko1SzlTdTdtcVRiSVRsVTZFNmNabXVxTTA4WGRwTHluSFRVbksxcTNkTmJ3eXBrL1hQVHV0eTJKdlR4VE1hUTAxR05nZ05NY01pNmlublNpelpLMC9jOGNNd2ZxbWRpMFlFcUdpdHdOTDZrajlGUTlGZTZSbnNKQXFRVDBpNXY1L21nWm5VbDlCOFZkOTEvZFRzR21sWnFiejVkVlJxT1JKNHFQRFdyaEJUVWNuMzNZRDF5eUZWT3NocWlhT0hFeEhmSk9ONlMxSnMwTGxqdm5NYk9JTDh2Z3hzbWpqQ1Y0T1VmUzNTbjRncXBBcERiZDhsL2hCSUZCZnVZd054WU9RRWxhWFZhMmFzZzI0bG1RK01Qd3dZalVGWlkrREZreENITXZRSVdYanUvWTJaSTJNK2lPVEEwQ0JJcUlEMjhuYkFFVmdqOUo5ZUJudWd4SVdmd2JuMklHVG5BRjFFVmMrRTgwNTBubjZPZHcyQzdGNzhtdS93dzNEWFNta0ZQekJ3MmNYWW1lUkNEZmVzVTI1NW9wL0VqTjlERE1TZjlnQkdBZlNrQUwvUWZIVjNQRjgySHpSZUxIajVzeC92dnd5aXdXSmpFZWMyUjFaYWc3Q1gxNDhXKzMweER6dXp3SVZQcmVPejMwRnRpT0Nxd21FNVBHWDl3WlJORFJrOVRGclRWSGptTzJsd0VLZURRS1QwNGZQdzA2RXRzdURKeFJDRzVzWDFDN2VManNUSGJ6SW84bmFMK1ZFZ1NRbFB3RGRVaUxBekNyd1RvN2tWQy9Ud3N6MUh2VEhJLzlNNjJJY1ZCNS82ZzlCcy9SWGpuUzRGWTYyMnVqSE5JZVVDdEY0SXhtNzJ4YzVneDFKTDlRUHNwRFRkS2pOeFgxblNBV1ppaUd0ay95a0RNNVJERjluUzlXTHp1d3ZicWtENHVHdmtmRG9BTUhjMXBQN250M1hOclJKT29kY0tya0MybUFwMWtIMldwemMyaTgzK0NoVHVMQ2VybUZPeFA1bWh1K00xZ09wRzdPVEhzQmwvVjloZTc0THVEQVc5a1R0dWdJSHZMYjNtUVZMbGw1NkhJV3FENXZuL1pUUXBia3dGVVY2dnhhNnBOUmZRRzllaGxvNDIzc3VUaTMwL3R0VGZlcEl3dU52dVZySHo4Z0l0RnRDaktWeit4bHBKaHpFWFJaZzB1QW5VcDdRTXZUWkZXUlVQRzNaZVBjdkJmMHBNV2djNzZXREk3UWxBeTl0dWlEaEdGbnkzR1RtMUpJaEZiQlJPVVhPQUFkdmwrd0NmdlNuQWw1SDB5U1picjdTUnRXekZUUXZvRXlXNTRzdG9BdHFuMEo0My9RbFNIN2lQMVA4WlkycXlLZEVyUGJBWDBVMS9JcDhxVkdONEt0NFVERlZzYnV5M01HcGV6UlVldmlyLzk1WkhiQy9VOFJ4cmRlVnRRekQwalZlcmEzQm5Nd21OOXVzUnpDYkk3R1NZNjIvckF2VTV3THhuL2xTeEhGemRSVVcyTEs1aXhCMjZSZ2ZNRkRwNzJ3ckhOUzhDN0pTSU1aNDc4NzVKL3owUEF4YkJYQ2N5ZkdzMlozQk1WMTdRQnF2R2lJanJhRTMvdU9ONldzcllFZDlqem9UNFNGaU1mZnFxK29ROWlvL3NKQTB0dXRlMmVYMHZoUTRmdlZqSnQwa3NROWhsb1JZdy9xQWl6WFFoQlNvSUhWYUJ5dFVlczluOENRS05uWElkS00ybitSbkluUUVTRTZKL1BsWnoxWVhqNVI4THhNeVFvQk1EUFVLaitHL1BQSDl1TEJKajJFd3BxWnNKNWNYalVQWDM1U1YrMXpyemlOZjN4d20vdm9YVCt1Y0tURWxGZFZkR0g4ajVDWDMyQUlhVkZqNUFtTXp1V0hReHVLb1I5RkV0ZVBnUmpjMFZxaE4vb3RvN25VRVJmV3poTUt6OXlFamx1SlZKZ1dhR21YTEFqS1BCTkpFQ3k2SysvY0o2NVc2bHluMERZL1JpY1Y1NHhoZWZpVnRsQ0ZPa1NHWmhtOStCaERxUjBGamZhWjY0UEhjMXFFQ2ROVHNOR1FwWUUzMXFFNlpTNVZhczFaNnRvN29Ud2VDQVpaaGZJV3RpSE16M3lmSFRPR2N3ejFkM1JJTzQ1eWxFN0JadDNadElwclY1R09pTWNwYVJVOUlGVTE2WWtrTHpXdStTdVg0bnJyaE1YcE1ZZzBXUVlNWUJ5UnZ1QVpJeVB0clJFenRnRG1XYmR0SGxjUGRiVFJ5WUUwOXE0UlVMQis4YWJ5K3hwWnFGVWN6cmhJU2ZqVmtyTm9Va1IwcUNFb3FEc3paZXVHMFJtQnpNOHhqcTdUY3pzeW9sSTNIZWc0VEdVS3RWV0s1bHo5cjBZWXNEUElmZE8vVzZYY3o5V3Q4c1lIa0Zqd2dMTTVPZjVRWTBmTGdnNjdpVlV6WkxiY2Q3cU50bGhXeE4rMWxkb1l1b1RLUUszeGgxb3UyTUdoOUxack56czdHM3NiRTJGdEZ3OURISkUydVRXdFlxeGNUa2Zlc0NseXpQMFFVOWNtejBBOVF0Um80N1dadTFXSVh3TnFxbHh4SnB6V3lzZVduUHA4ZitOVUlQeWNnWlRXclJwK0NwcUp4ZEE2cHdmZnBqSndIeEVPMEdVcldLY2R0V1ZjZnNoY29oMjRUNEVKcTRERWcvMWtuc2w0WlYrWXhzVW9JczRhR21wbjJhQ1VRdlE0b21HT1BEeVlDVUZSM1p1YktWR25iZitmZnpod2tOR0hsYUxrTUdYWmFIeThOZUNBQW9zelJ4OFR6empwbDNWM0VSZVVFVi9IQm9aQXhNaUV4cVJXOHNCSEVWWm1RM3NaZitZOElScGszbDQvN1RmSGQ5NHh3MllUbWNEeXk0amFXV2N4Mm1tMVJKRTZDQVNqSVpBL2RycVBpNXRDcEtWQ1VRTDRwNnFsZllTbnBSSDZwSFlIbzltL2VGZXZNNjd3aXRlV1BodjVVTnpsR1hPc09BMXViT3VoU1huQTJsODI5OXMvUDY0NFQzT3RuWjNJcWNObFB0QlBpUFdGSnoyT1BPQ3orQklzZVBLa0hTRkhYcEdydTBMalpRTGFKUjh0NkVhRCtYT0owcWZMYkhySExNLyt1TjhZME81ak5sOHE4T0EyVFZxc0svemFGc1JjMEdOWllBelEzano5enlsZXliNDdTL0xiUncrSU90WjRyTWVTNE90VVB2c0dndWFWNjJjeXZ2anpzUnBrWnJvZFlOWjhLMkwybktRUVVHSVdwemxZMjQ3M3hrbTRRUXdiVWlVY3VTRC9RVGtGZEQ1Y2VOaXR4SkpzZjNkdUxobEx6UkFDVDY3L1lIRmFnS3pBSkkxZVpub2hId1NaWWVkQ1J4bmlvSVhUQVFnWEZRMEk0UDcwajFhdnZXTXBHZldXbXhFPSIgQ29ycmVsYXRpb25CaW5kaW5nPSIiIFVybEVuY29kZT0iVHJ1ZSIgLz4NCiAgICAgICAgPEZvcm1Qb3N0UGFyYW1ldGVyIE5hbWU9IlNjcmVlbldpZHRoIiBWYWx1ZT0ie3skSElEREVOMS5TY3JlZW5XaWR0aH19IiBSZWNvcmRlZFZhbHVlPSIiIENvcnJlbGF0aW9uQmluZGluZz0iIiBVcmxFbmNvZGU9IlRydWUiIC8+DQogICAgICAgIDxGb3JtUG9zdFBhcmFtZXRlciBOYW1lPSJTY3JlZW5IZWlnaHQiIFZhbHVlPSJ7eyRISURERU4xLlNjcmVlbkhlaWdodH19IiBSZWNvcmRlZFZhbHVlPSIiIENvcnJlbGF0aW9uQmluZGluZz0iIiBVcmxFbmNvZGU9IlRydWUiIC8+DQogICAgICAgIDxGb3JtUG9zdFBhcmFtZXRlciBOYW1lPSJidG5RdWVyeSIgVmFsdWU9IuafpeipoiIgUmVjb3JkZWRWYWx1ZT0i5p+l6KmiIiBDb3JyZWxhdGlvbkJpbmRpbmc9Int7Rm9ybVBvc3RQYXJhbTkuYnRuUXVlcnl9fSIgVXJsRW5jb2RlPSJUcnVlIiAvPg0KICAgICAgICA8Rm9ybVBvc3RQYXJhbWV0ZXIgTmFtZT0iZGRsT3JnQW5kRmxvdyIgVmFsdWU9IiIgUmVjb3JkZWRWYWx1ZT0iIiBDb3JyZWxhdGlvbkJpbmRpbmc9IiIgVXJsRW5jb2RlPSJUcnVlIiAvPg0KICAgICAgICA8Rm9ybVBvc3RQYXJhbWV0ZXIgTmFtZT0iZGRsUXVlcnlDb25kaXRpb25zIiBWYWx1ZT0iMCIgUmVjb3JkZWRWYWx1ZT0iMCIgQ29ycmVsYXRpb25CaW5kaW5nPSJ7e0Zvcm1Qb3N0UGFyYW0xMS5kZGxRdWVyeUNvbmRpdGlvbnN9fSIgVXJsRW5jb2RlPSJUcnVlIiAvPg0KICAgICAgICA8Rm9ybVBvc3RQYXJhbWV0ZXIgTmFtZT0idHh0T1RFbXBJRCIgVmFsdWU9IjEwMjA5OSIgUmVjb3JkZWRWYWx1ZT0iMTAyMDk5IiBDb3JyZWxhdGlvbkJpbmRpbmc9Int7Rm9ybVBvc3RQYXJhbTEwLnR4dE9URW1wSUR9fSIgVXJsRW5jb2RlPSJUcnVlIiAvPg0KICAgICAgICA8Rm9ybVBvc3RQYXJhbWV0ZXIgTmFtZT0idHh0T1RFbXBOYW1lIiBWYWx1ZT0iIiBSZWNvcmRlZFZhbHVlPSIiIENvcnJlbGF0aW9uQmluZGluZz0iIiBVcmxFbmNvZGU9IlRydWUiIC8+DQogICAgICAgIDxGb3JtUG9zdFBhcmFtZXRlciBOYW1lPSJ0eHRPVEZvcm1OTyIgVmFsdWU9IiIgUmVjb3JkZWRWYWx1ZT0iIiBDb3JyZWxhdGlvbkJpbmRpbmc9IiIgVXJsRW5jb2RlPSJUcnVlIiAvPg0KICAgICAgICA8Rm9ybVBvc3RQYXJhbWV0ZXIgTmFtZT0iZGRsT1RTdGF0dXMiIFZhbHVlPSIwIiBSZWNvcmRlZFZhbHVlPSIwIiBDb3JyZWxhdGlvbkJpbmRpbmc9Int7Rm9ybVBvc3RQYXJhbTEyLmRkbE9UU3RhdHVzfX0iIFVybEVuY29kZT0iVHJ1ZSIgLz4NCiAgICAgICAgPEZvcm1Qb3N0UGFyYW1ldGVyIE5hbWU9InR4dE9URGF0ZUJlZ2luJHR4dERhdGUiIFZhbHVlPSIiIFJlY29yZGVkVmFsdWU9IiIgQ29ycmVsYXRpb25CaW5kaW5nPSIiIFVybEVuY29kZT0iVHJ1ZSIgLz4NCiAgICAgICAgPEZvcm1Qb3N0UGFyYW1ldGVyIE5hbWU9InR4dE9URGF0ZUVuZCR0eHREYXRlIiBWYWx1ZT0iIiBSZWNvcmRlZFZhbHVlPSIiIENvcnJlbGF0aW9uQmluZGluZz0iIiBVcmxFbmNvZGU9IlRydWUiIC8+DQogICAgICAgIDxGb3JtUG9zdFBhcmFtZXRlciBOYW1lPSJ1Y01vZGFsUG9wdXAxJENsaWVudFdpZHRoIiBWYWx1ZT0ie3skSElEREVOMS51Y01vZGFsUG9wdXAxJENsaWVudFdpZHRofX0iIFJlY29yZGVkVmFsdWU9IjAiIENvcnJlbGF0aW9uQmluZGluZz0iIiBVcmxFbmNvZGU9IlRydWUiIC8+DQogICAgICAgIDxGb3JtUG9zdFBhcmFtZXRlciBOYW1lPSJ1Y01vZGFsUG9wdXAxJENsaWVudEhlaWdodCIgVmFsdWU9Int7JEhJRERFTjEudWNNb2RhbFBvcHVwMSRDbGllbnRIZWlnaHR9fSIgUmVjb3JkZWRWYWx1ZT0iMCIgQ29ycmVsYXRpb25CaW5kaW5nPSIiIFVybEVuY29kZT0iVHJ1ZSIgLz4NCiAgICAgIDwvRm9ybVBvc3RIdHRwQm9keT4NCiAgICA8L1JlcXVlc3Q+DQogICAgPFJlcXVlc3QgTWV0aG9kPSJQT1NUIiBHdWlkPSJhYTU3ZWMyNC1jM2ZjLTQzYzktOWI1My1kMDQ3NzljMzk0ODEiIFZlcnNpb249IjEuMSIgVXJsPSJodHRwOi8vMTAuMTEuMzYuMTE0OjgwMDcvT3ZlclRpbWUvT3ZlcnRpbWVQcmVPcmRlci5hc3B4IiBUaGlua1RpbWU9IjU5IiBUaW1lb3V0PSIzMDAiIFBhcnNlRGVwZW5kZW50UmVxdWVzdHM9IlRydWUiIEZvbGxvd1JlZGlyZWN0cz0iVHJ1ZSIgUmVjb3JkUmVzdWx0PSJUcnVlIiBDYWNoZT0iRmFsc2UiIFJlc3BvbnNlVGltZUdvYWw9IjAiIEVuY29kaW5nPSJ1dGYtOCIgRXhwZWN0ZWRIdHRwU3RhdHVzQ29kZT0iMCIgRXhwZWN0ZWRSZXNwb25zZVVybD0iIiBSZXBvcnRpbmdOYW1lPSIiIElnbm9yZUh0dHBTdGF0dXNDb2RlPSJGYWxzZSI+DQogICAgICA8RXh0cmFjdGlvblJ1bGVzPg0KICAgICAgICA8RXh0cmFjdGlvblJ1bGUgQ2xhc3NuYW1lPSJNaWNyb3NvZnQuVmlzdWFsU3R1ZGlvLlRlc3RUb29scy5XZWJUZXN0aW5nLlJ1bGVzLkV4dHJhY3RIaWRkZW5GaWVsZHMsIE1pY3Jvc29mdC5WaXN1YWxTdHVkaW8uUXVhbGl0eVRvb2xzLldlYlRlc3RGcmFtZXdvcmssIFZlcnNpb249MTAuMC4wLjAsIEN1bHR1cmU9bmV1dHJhbCwgUHVibGljS2V5VG9rZW49YjAzZjVmN2YxMWQ1MGEzYSIgVmFyaWFibGVOYW1lPSIxIiBEaXNwbGF5TmFtZT0i5pO35Y+W6Zqx6JeP5qyE5L2NIiBEZXNjcmlwdGlvbj0i5pO35Y+W5Zue5oeJ5Lit55qE5omA5pyJ6Zqx6JeP5qyE5L2N77yM5Lim5bCH5a6D5YCR5pS+5Zyo5ris6Kmm5YWn5a655Lit44CCIj4NCiAgICAgICAgICA8UnVsZVBhcmFtZXRlcnM+DQogICAgICAgICAgICA8UnVsZVBhcmFtZXRlciBOYW1lPSJSZXF1aXJlZCIgVmFsdWU9IlRydWUiIC8+DQogICAgICAgICAgICA8UnVsZVBhcmFtZXRlciBOYW1lPSJIdG1sRGVjb2RlIiBWYWx1ZT0iVHJ1ZSIgLz4NCiAgICAgICAgICA8L1J1bGVQYXJhbWV0ZXJzPg0KICAgICAgICA8L0V4dHJhY3Rpb25SdWxlPg0KICAgICAgPC9FeHRyYWN0aW9uUnVsZXM+DQogICAgICA8Q29ycmVsYXRpb25FeHRyYWN0aW9uUnVsZXM+DQogICAgICAgIDxFeHRyYWN0aW9uUnVsZSBDbGFzc25hbWU9Ik1pY3Jvc29mdC5WaXN1YWxTdHVkaW8uVGVzdFRvb2xzLldlYlRlc3RpbmcuUnVsZXMuRXh0cmFjdEZvcm1GaWVsZCwgTWljcm9zb2Z0LlZpc3VhbFN0dWRpby5RdWFsaXR5VG9vbHMuV2ViVGVzdEZyYW1ld29yaywgVmVyc2lvbj0xMC4wLjAuMCwgQ3VsdHVyZT1uZXV0cmFsLCBQdWJsaWNLZXlUb2tlbj1iMDNmNWY3ZjExZDUwYTNhIiBWYXJpYWJsZU5hbWU9IkZvcm1Qb3N0UGFyYW0xLmJ0bkFjdGlvblgiIERpc3BsYXlOYW1lPSIiIERlc2NyaXB0aW9uPSIiPg0KICAgICAgICAgIDxSdWxlUGFyYW1ldGVycz4NCiAgICAgICAgICAgIDxSdWxlUGFyYW1ldGVyIE5hbWU9Ik5hbWUiIFZhbHVlPSJidG5BY3Rpb25YIiAvPg0KICAgICAgICAgICAgPFJ1bGVQYXJhbWV0ZXIgTmFtZT0iSHRtbERlY29kZSIgVmFsdWU9IlRydWUiIC8+DQogICAgICAgICAgICA8UnVsZVBhcmFtZXRlciBOYW1lPSJSZXF1aXJlZCIgVmFsdWU9IkZhbHNlIiAvPg0KICAgICAgICAgICAgPFJ1bGVQYXJhbWV0ZXIgTmFtZT0iSW5kZXgiIFZhbHVlPSIwIiAvPg0KICAgICAgICAgIDwvUnVsZVBhcmFtZXRlcnM+DQogICAgICAgIDwvRXh0cmFjdGlvblJ1bGU+DQogICAgICAgIDxFeHRyYWN0aW9uUnVsZSBDbGFzc25hbWU9Ik1pY3Jvc29mdC5WaXN1YWxTdHVkaW8uVGVzdFRvb2xzLldlYlRlc3RpbmcuUnVsZXMuRXh0cmFjdEZvcm1GaWVsZCwgTWljcm9zb2Z0LlZpc3VhbFN0dWRpby5RdWFsaXR5VG9vbHMuV2ViVGVzdEZyYW1ld29yaywgVmVyc2lvbj0xMC4wLjAuMCwgQ3VsdHVyZT1uZXV0cmFsLCBQdWJsaWNLZXlUb2tlbj1iMDNmNWY3ZjExZDUwYTNhIiBWYXJpYWJsZU5hbWU9IkZvcm1Qb3N0UGFyYW0yLnR4dE9URW1wSUQiIERpc3BsYXlOYW1lPSIiIERlc2NyaXB0aW9uPSIiPg0KICAgICAgICAgIDxSdWxlUGFyYW1ldGVycz4NCiAgICAgICAgICAgIDxSdWxlUGFyYW1ldGVyIE5hbWU9Ik5hbWUiIFZhbHVlPSJ0eHRPVEVtcElEIiAvPg0KICAgICAgICAgICAgPFJ1bGVQYXJhbWV0ZXIgTmFtZT0iSHRtbERlY29kZSIgVmFsdWU9IlRydWUiIC8+DQogICAgICAgICAgICA8UnVsZVBhcmFtZXRlciBOYW1lPSJSZXF1aXJlZCIgVmFsdWU9IkZhbHNlIiAvPg0KICAgICAgICAgICAgPFJ1bGVQYXJhbWV0ZXIgTmFtZT0iSW5kZXgiIFZhbHVlPSIwIiAvPg0KICAgICAgICAgIDwvUnVsZVBhcmFtZXRlcnM+DQogICAgICAgIDwvRXh0cmFjdGlvblJ1bGU+DQogICAgICAgIDxFeHRyYWN0aW9uUnVsZSBDbGFzc25hbWU9Ik1pY3Jvc29mdC5WaXN1YWxTdHVkaW8uVGVzdFRvb2xzLldlYlRlc3RpbmcuUnVsZXMuRXh0cmFjdFRleHQsIE1pY3Jvc29mdC5WaXN1YWxTdHVkaW8uUXVhbGl0eVRvb2xzLldlYlRlc3RGcmFtZXdvcmssIFZlcnNpb249MTAuMC4wLjAsIEN1bHR1cmU9bmV1dHJhbCwgUHVibGljS2V5VG9rZW49YjAzZjVmN2YxMWQ1MGEzYSIgVmFyaWFibGVOYW1lPSJGb3JtUG9zdFBhcmFtMy5kZGxRdWVyeUNvbmRpdGlvbnMiIERpc3BsYXlOYW1lPSIiIERlc2NyaXB0aW9uPSIiPg0KICAgICAgICAgIDxSdWxlUGFyYW1ldGVycz4NCiAgICAgICAgICAgIDxSdWxlUGFyYW1ldGVyIE5hbWU9IlN0YXJ0c1dpdGgiIFZhbHVlPSJzJnF1b3Q7OlsmcXVvdDsiIC8+DQogICAgICAgICAgICA8UnVsZVBhcmFtZXRlciBOYW1lPSJFbmRzV2l0aCIgVmFsdWU9IiZxdW90OywmcXVvdDsxJnF1b3Q7IiAvPg0KICAgICAgICAgICAgPFJ1bGVQYXJhbWV0ZXIgTmFtZT0iSW5kZXgiIFZhbHVlPSIwIiAvPg0KICAgICAgICAgICAgPFJ1bGVQYXJhbWV0ZXIgTmFtZT0iSWdub3JlQ2FzZSIgVmFsdWU9IkZhbHNlIiAvPg0KICAgICAgICAgICAgPFJ1bGVQYXJhbWV0ZXIgTmFtZT0iVXNlUmVndWxhckV4cHJlc3Npb24iIFZhbHVlPSJGYWxzZSIgLz4NCiAgICAgICAgICAgIDxSdWxlUGFyYW1ldGVyIE5hbWU9Ikh0bWxEZWNvZGUiIFZhbHVlPSJUcnVlIiAvPg0KICAgICAgICAgICAgPFJ1bGVQYXJhbWV0ZXIgTmFtZT0iUmVxdWlyZWQiIFZhbHVlPSJGYWxzZSIgLz4NCiAgICAgICAgICA8L1J1bGVQYXJhbWV0ZXJzPg0KICAgICAgICA8L0V4dHJhY3Rpb25SdWxlPg0KICAgICAgICA8RXh0cmFjdGlvblJ1bGUgQ2xhc3NuYW1lPSJNaWNyb3NvZnQuVmlzdWFsU3R1ZGlvLlRlc3RUb29scy5XZWJUZXN0aW5nLlJ1bGVzLkV4dHJhY3RUZXh0LCBNaWNyb3NvZnQuVmlzdWFsU3R1ZGlvLlF1YWxpdHlUb29scy5XZWJUZXN0RnJhbWV3b3JrLCBWZXJzaW9uPTEwLjAuMC4wLCBDdWx0dXJlPW5ldXRyYWwsIFB1YmxpY0tleVRva2VuPWIwM2Y1ZjdmMTFkNTBhM2EiIFZhcmlhYmxlTmFtZT0iRm9ybVBvc3RQYXJhbTQuZGRsT1RTdGF0dXMiIERpc3BsYXlOYW1lPSIiIERlc2NyaXB0aW9uPSIiPg0KICAgICAgICAgIDxSdWxlUGFyYW1ldGVycz4NCiAgICAgICAgICAgIDxSdWxlUGFyYW1ldGVyIE5hbWU9IlN0YXJ0c1dpdGgiIFZhbHVlPSImcXVvdDsxJnF1b3Q7LCZxdW90OyIgLz4NCiAgICAgICAgICAgIDxSdWxlUGFyYW1ldGVyIE5hbWU9IkVuZHNXaXRoIiBWYWx1ZT0iJnF1b3Q7LCZxdW90OzMmcXVvdDsiIC8+DQogICAgICAgICAgICA8UnVsZVBhcmFtZXRlciBOYW1lPSJJbmRleCIgVmFsdWU9IjAiIC8+DQogICAgICAgICAgICA8UnVsZVBhcmFtZXRlciBOYW1lPSJJZ25vcmVDYXNlIiBWYWx1ZT0iRmFsc2UiIC8+DQogICAgICAgICAgICA8UnVsZVBhcmFtZXRlciBOYW1lPSJVc2VSZWd1bGFyRXhwcmVzc2lvbiIgVmFsdWU9IkZhbHNlIiAvPg0KICAgICAgICAgICAgPFJ1bGVQYXJhbWV0ZXIgTmFtZT0iSHRtbERlY29kZSIgVmFsdWU9IlRydWUiIC8+DQogICAgICAgICAgICA8UnVsZVBhcmFtZXRlciBOYW1lPSJSZXF1aXJlZCIgVmFsdWU9IkZhbHNlIiAvPg0KICAgICAgICAgIDwvUnVsZVBhcmFtZXRlcnM+DQogICAgICAgIDwvRXh0cmFjdGlvblJ1bGU+DQogICAgICA8L0NvcnJlbGF0aW9uRXh0cmFjdGlvblJ1bGVzPg0KICAgICAgPEZvcm1Qb3N0SHR0cEJvZHk+DQogICAgICAgIDxGb3JtUG9zdFBhcmFtZXRlciBOYW1lPSJUb29sa2l0U2NyaXB0TWFuYWdlcjFfSGlkZGVuRmllbGQiIFZhbHVlPSI7O0FqYXhDb250cm9sVG9vbGtpdCwgVmVyc2lvbj00LjEuNy42MDcsIEN1bHR1cmU9bmV1dHJhbCwgUHVibGljS2V5VG9rZW49MjhmMDFiMGU4NGI2ZDUzZTp6aC1IYW50OjdiOTVlZDFhLTZhM2YtNDFkZC1iYzViLTYzZjM5ZWRiYzRiNDpkZTFmZWFiMjpmY2YwZTk5MzpmMmM4ZTcwODo3MjBhNTJiZjpmOWNlYzliYzo1ODllYWEzMDo2OTgxMjljZjpmYjliNGM1NzpjY2I5NmNmOTphNjdjMjcwMDo4NjEzYWVhNzozMjAyYTVhMjphYjA5ZTNmZTo4NzEwNGI3YzpiZTZmYjI5OCIgUmVjb3JkZWRWYWx1ZT0iOztBamF4Q29udHJvbFRvb2xraXQsIFZlcnNpb249NC4xLjcuNjA3LCBDdWx0dXJlPW5ldXRyYWwsIFB1YmxpY0tleVRva2VuPTI4ZjAxYjBlODRiNmQ1M2U6emgtSGFudDo3Yjk1ZWQxYS02YTNmLTQxZGQtYmM1Yi02M2YzOWVkYmM0YjQ6ZGUxZmVhYjI6ZmNmMGU5OTM6ZjJjOGU3MDg6NzIwYTUyYmY6ZjljZWM5YmM6NTg5ZWFhMzA6Njk4MTI5Y2Y6ZmI5YjRjNTc6Y2NiOTZjZjk6YTY3YzI3MDA6ODYxM2FlYTc6MzIwMmE1YTI6YWIwOWUzZmU6ODcxMDRiN2M6YmU2ZmIyOTgiIENvcnJlbGF0aW9uQmluZGluZz0iIiBVcmxFbmNvZGU9IlRydWUiIC8+DQogICAgICAgIDxGb3JtUG9zdFBhcmFtZXRlciBOYW1lPSJfX0VWRU5UVEFSR0VUIiBWYWx1ZT0ie3skSElEREVOMS5fX0VWRU5UVEFSR0VUfX0iIFJlY29yZGVkVmFsdWU9IiIgQ29ycmVsYXRpb25CaW5kaW5nPSIiIFVybEVuY29kZT0iVHJ1ZSIgLz4NCiAgICAgICAgPEZvcm1Qb3N0UGFyYW1ldGVyIE5hbWU9Il9fRVZFTlRBUkdVTUVOVCIgVmFsdWU9Int7JEhJRERFTjEuX19FVkVOVEFSR1VNRU5UfX0iIFJlY29yZGVkVmFsdWU9IiIgQ29ycmVsYXRpb25CaW5kaW5nPSIiIFVybEVuY29kZT0iVHJ1ZSIgLz4NCiAgICAgICAgPEZvcm1Qb3N0UGFyYW1ldGVyIE5hbWU9Il9fTEFTVEZPQ1VTIiBWYWx1ZT0ie3skSElEREVOMS5fX0xBU1RGT0NVU319IiBSZWNvcmRlZFZhbHVlPSIiIENvcnJlbGF0aW9uQmluZGluZz0iIiBVcmxFbmNvZGU9IlRydWUiIC8+DQogICAgICAgIDxGb3JtUG9zdFBhcmFtZXRlciBOYW1lPSJfX1ZTVEFURSIgVmFsdWU9Int7JEhJRERFTjEuX19WU1RBVEV9fSIgUmVjb3JkZWRWYWx1ZT0iQVIrTENBQUFBQUFBQkFEdFBGMTNFMGVXeGxoTnl4QU1HYXdrRXlJcjJjdzRISkRwcnBaa0M0WTVKellrUUFLeUxSUHlNVGsrc3RXeHRRaUp0ZVFFOW9FRHlSQStUY2hpdmdMNUlDRUpoQ0ZBU0lnREJQWWY3RDdNd3o3bnVHWHBhWDdBUHV4V2RYVjl0RlRka28wejhCQnpzTXYzM3FyN1VmZmV1bjFicnYrYjAvUjR2Y2ZmMzkrVnplUkhzdWxjci81dm82a1J2VHVieTNjbUJyZTlwTy9xNy9jOTZta2VlbnRUSXBWNWRqQ2ZWdFJudTRiMXdXM1BwOU1lSHdjT1BUczR2SzFyT0p2TjZUWjQyQUVlY1lDM084QTdIT0JSTVZ4VkhPQ3FBeHc0d0IzMFVoM2tWeDNrQkE3eUFJZDFnTk02RHZwcS9Qb1NoamY5YVhuZGdybFNjNk1jNit2S2J0K3hZZTI4V044NjlGT0s5YTFONUhYNG95KzFYVjhRNjR2bkUvblIzT2JFZG4wK2hHWHppVFJDUVBLK25aa05hMlZDQUFjdlpFZTJiNDQxdnBET3Z0T1Z5T2x3elNYTDY1NkMveHM5VXJ4N2ZlZExxa2RTRmFCRW81NW1vS2p0SzVYd1NsWGR6WWFlK1VCWnBTZ1Fza3BUUEpKeDRKdlNtUXZQTFhzanZpdVgxN2UzcmRVSFU5c1Q2UldCN2JuQjdFZzZOYkFpOElvK2trdGxNMnRDYlFyNnR5TFFOWnJPajQ3b2F6TDZhSDRFMFhhUERxUlRnOUJiKzdMYjlNeWFnZmIyUkhnd0hGR2pXa2hYT3FKemxiYXd4NGVsdzdJaGNaUXcvRVgxekFsN0ZsbS9Lb3FGMXN2MVVkczE0S2lQMm83MGdkKzFDTlZuZVFOa0dtRk0wUUpPVElFRFU5NklvWlVndEpzTklWTjFsUXAybysvdEhxbncyWVN4LzMzTVZCVm9HZ0loUmZQTTBTeW02RmVMcVdjaGdiUXA4QXRNU3dZbHVncWFBbjBQMXlZRHNNdWdDbVZRM1dWUW83dlprSE1tRlRwVGFjL2VxV3MvWXhtQVNBWTFpb3dQaUF4NEEzZ1oxSFlrZzZwVWthR0R5ZEFCWlFDbURCcjh6c3VndGlsQ0dUcVFIWGdaUWlJWmxPajBaTUIyVUd1V29jd09tbENHamlveXRETVoycUZQUmswWlFKa01RQmg5aUdtWkRLcElCaENxSWtPRXlSQXAyNHZDUjVlTks2ZmQ3QkJCTXFpY0RMVUZJd3c5Tm9TQjBJR0NFWDRIU2cyQm9BTEVsQVlDK3JWTWNWQTlHTFdWZ0JnZkRhZnBBQnFvTUg1RUdBaXV3UWhXcWlRaHdHRVl5cURDbkw1YkNaa3lHQitjTE53OGdHU0lDR1VBYWdqSkVPVms2QkRLNE9xRTdqSXdCM0NXQWRnZElGcURBd0IyQkFEekNGQ2luUEdwNGcycTJQb0Fud0hWTlhkTkFlNUNVTTNkaEppWjZncmpxdENnTDFNZEJyMllxVktUNXNBMUFidkx3UGJjV1lZWkthNTA3R1pETHR0cE5zVTFNVk9sb3piRnF3U2Ntd3hNY1djWlpxWjRoREdGS1ZidDRIZWMxanZpTkErVUNGL3ZjSXIveWt5Qm5XbU5tb1laMDNCNVdCT21qaEdsaEdlbzZ2MXluWm11TEc4cUljSVZtaGtWYzh5ZE85bzBJZFBhY2pkd1BjUGNaV0R1N0N6RHpOeFpZMHcxNmxtZ0xJRnBEcDZsMWFhNE5uTVorRGgya21GbWlnUEdGRXliS1NndmxXcGt5ZzRwUlMyTDQ2cXBXbEdkbU1yMWM1Sk5ua2I0aUFjUHNrZzRGR3J5K2Z6U1duMUhmc05hejM5NVdudkQ0WWlpdEs1QWd6QVpoTWhBSXdOQUJpb1pLTllnUkdoQ2hDWkVhRUtFUmlNb2phQTBnZ0tFS1NCTUFWa1FrRm1BekFKa2xrcG9WRUtqRXBTQ0IvRDdTNEFNVkRJZ0tHMExHZlJwWkFESVFDVURRaE1uTkhGQ0V5YzBjVUxUUzFDOUJOVkxVRDBSTWdpVFFZZ015TW85WkhvUG1kNURwbmVUNmQxa2VqZVozazJtZDVQcDNXUjZONWtlSXpReFFoTWpxTTBFdFptZ05wUHBtd2xOeFhZckZUdW91R3lCd09EVXF0UjBTb1hLU29Xb1pmS0lXTUNCLzlIWXlCRHF1YnljeXVYaE1KR0JYdjYvY210WDUzbzhvU3UyRVE4NmU1V05HMVU4Z0tXemJhZ1NQTENBaWtieGFFakdJV1VqUDZSanNKRWZrdFZpZEFtR1Z4amVIQk9HUUtVa2NNaEJOVHhVR1lGcUVYVEY0bFN6K0RvNnV6M09EK2tjSmM0UDZaaFN4MThrMHpSS2FnNEpxVXBKelNFWnQ0ZmkvSkNzdHA0cUdhYXJxWXB0eUk4QmtRY3dNUUVucGhibmgvelltaG5mUklCaEptZVlreE9OQ1pjT2xaS2dJWkc1aDI0aVpSZnZwVG96eVZSZXNraWNHeElHV2dlRm9pRVpSNWl0SXB5dHRsQmIwY1hNSWFGVjJHb0t0NXJLaktKeVJna3g2aEJISFdZT0VPWjJ0WjFacTUyelZwUlpLTXBaYUN2ZE16WE9ENm5IaGVMOGtLNGNqZk5Ec3RxcmxBWFRKTW8waWIvR1FqRE9EK2syTVZjUGNiSjNNSjkrblU1amdpa2h6dldZd2RVSUIrWmlpTEVPTVE5b1o4TU94VFpVVy8wTCs3c1RRL3FHSEdvSXY1d2RHdlkzVzRDZVVYMWtWencva3NvTW1YQUo5NTVKaGVCLzJxSjdmalNmZlg3SGp2U3VkZHNIOUNTQ2RlVnlYZWxFTGpma2I3Vm9VQnM3RC8vSEIwZXk2WFIzTnBmS3A3S1pXSWE4b0JqeU4rSWpIK1ZHejk4YnlvM0xieXNmQkpZU0ZadGw4dzR1MEhsSHRzV1lMZllVdTN1S1lvT0xaWHVNODhGV2xvNUU3czhISnhjdHZJZndTZHFXeDdsMHh5ZFAzcGY1NDhMdU0xd1ljQm5ObHVtNG9MYTVJZS9VL0hIREhSYlVsV2xVMFBDaFVVa1RDYzFhTktYUjlFZ1RNODMzOU9pZzV4VTlCdkY1U2M4WmVwUmFoNnQvUG5mMmVyNTRMS2VuOWNGOFlPMkdlTitHelYxOWdjRkVUZzhFM2huV000RllTR25ic3NNNm53T3BYQ0NUelFjeW8rbDBJRitKMXROd1htdHJRTThrQTRrY1FsTGNpbFFPelhvT1RTQ2cxdFpsRmhtQjhJdzFkOGFhRzJOTndGaXJaS3dKR1FOM3hzQ05NUkF3QnBXTWdaQ3g2czVZcldEOG5Ea2JUM2FkKzV5MXc0emtyWkhzOW9DK3ZuZFRmRzFuLzRhKzNyVnRieVFIc20rMnZXRVNwUDQ5Z2JJU2NwRTMwZm9qZXNDYXVJWm50TXdVQTZ1L2pOcEE1V3pBcVlkRWRGYXVRamRpUGRWdVBjYkVnWVdiQmQxMnJuTGpPSUhKeGtHUUM1RkFaSUVQQ1B4UkhCdm9DekZkbTMwblU4N1ZWSm96cUtrKzA5UWNZUTEvR1IvL1pYeFBhMkE1bzE3ZUdteWx2NkkzcE1nSUF1a3huY29SQ3ZUQlJFQkVwSlVSYVNLaVVCbFJpQ2NTV2NFVWVCcnVHd3VrOWJmeWdYL05waksxemdncGdTenlKaWhMYnphdGQyV1QrcHJXa05JYVNFQm40U1FPckluUjRiU1phQllUaldlaUVTYmE3REFCRmhQQU13R0VDWmdkSnFyRlJPV1pxSVNKT2p0TUxCNDhDNlhWWkNCYzMwcGFMT1BBSlBqYnMrVnZ6NWEvUFZ2KzltekpWL0tDb3Y3WGVMWmNCdXVucEQ0U0dOakZsN3RjQWNxVmhGeHRROHVOZ0g4ZUhKbmwrczBHV3krTmRVeUJyZkZtYThXeFppRnRIOUplSTIzZzBhWWpiVlhTSmgrWnpwcVhsSVkyT0duTGsvWlFhYk9RVEdldFU5cE1wZTFWMm5BbDAybXZrYlZwYVUrWE5pWUppclY3YVpNWTBVVGgxODZkQkVLSVdmK1lFRzhoeE5Gb0s5ZXo1QnFsckh0ZDJmTU9sYmRYV1JlY0VvZkxlN0dzdjA2YjhiUnhTN3Z5RkZYUjNHWGRmZHJ2cHpUMG5RQjlTNERlRy9pYlNBZEN6eWY2RWtPNUlWOTkvZHltcEc4Si9ON2txL2MzOTcrY0dock9kMlozZG83b2lXM3JNb21CdEo0Y1R2cnEzNEpVRGZWelRLcDVyNlJ5S1lnWVRpYnJQU2Frb1UvZm1mYzhYanh6WXVyWSs1TVRWLzV4NTBqeDh1R3BpMlBHM1gyLzdQa0swdjBCMGJVODRsbFF1RFpSdkg2c2RHaFA4ZndSQ0Y5bXdac21iOTB5RHAwdDN0aGZ1SFVNcmdOUlFZSXFudnltdE85dlUxOTlZQnk0TlBYMWh4QzFzc2tTQ1ltL0tKbjB6WGtyV2E4U29JU0FUVDdadjNCdElwOTRKWkVlMVY5STZlbWtwd0VWRGY1SEVCUUpqSUV5QXFLSzBqKy8vMm1FNnN5T1pwSkQvbmxVKzBYTkRZdUQ4QXVxVk5vN1VUaStILzJ5Q0lkWkVFcGN2SGdJU3V6RElSa3MzRGd4ZWZ0Q2FlOFB4dDF2RUJpN1VyQnc4MER4dTl1bC9SOFdQeG1ENE9hR09nbXZJT0Y1RXFaYnNueHV3eEQ4TWpYeW1HcTBMTVNDdHpReFdWc1dEYlVzUnBJdHJsRXltQWlDVXpkdVQvMXdmV3IvcDFQZm5pKzlkOUdIWTkraU03NDlXRGo2TlFRdnhYRWZMSHg1eFRoOEJzOHhEcnhmK09RWVFmWW93Y2xiRndxbmoyTms4ZUtWNHNVREJObEwrQlErdVZuNCtuQVI3dHFoOXlEeUNSeTFGckowOHZEVW1UdVRFM3NJcHE4TWMrc0lrWENMRWpTK0hqY3VuSVJTUSsreXdMVmIyb2RER0lFaHpEanh2bkY4TDFvRUI2c0Z4c3Bpc01iQWszZjJZdWw5T0RZdE1ETWhEa2V5OXRWTGhVKy9oT0RteGZ6bVF0TkwyTlFTTnEyRWpTaGhjMG5ZTUJLMmdvUlZ0anVGaEZXUXNNZ1NGbEhDSWtsWUJPZzNpNGZLdjB3bm1sZmRpZjU4bjA2MFdTVmdjNHRnakdJd0NFN2QvSzc0NDlVeXNCYWMvUGtjdExnZFhPbUpHQXdZMk5oM2tWSnJsb09XVHAyYnZQY3VCRmYzMjI0MWFGdzVYUmkveXlQcFRCQTBqbHcxOWgwUklpRzM4YXVUdDArWElaL0I1MThRTzVzeDhhN3gyZmZDK2VGZzhidnp4dFVqay9mT0Z5K2Vzb3hGa0pGZzZmT0xwWSsrZ1Zvams5aVFUckhtdzZkcUVQS0JpWlRPd1dBUUxKMUZBVkE0TjRaTVFaYlNnc1g5M3hpSEx2RUxVbVFvYU56OUFYcXd0U2wyWkRoby9IVEQrT0NhdGFDZFd5UlkrT0ZIRkorMk9VNTVBQ1BWWUdIL3dhbnhpendKblBrRVB1UFJqaGRPbmpGdVhiWmpoT25EaDZ1QVlHblBSOURWTUliSUZpZVdLQU5yUVNzUEVMQnpEbHFLNndia09kQS9lRHpSdEEvWW5LTU1xVm1tSzBOT0w3V2hhSVJWSGdKREdKeHVBb0FKd0RzOHZlUzNGRmN6SlBsaDZjYy9oMGdrTjY1d1NBcUVIdnZkQkVVNnAwMVU4VmpCVnpoNjBiajloVVdOK0VBWExSMzYwUVpHSFBDV0ZlK01HOWVPV21DWTBzeTl1WFhLUmgxRzFHZHZGeTlkeDB0aHNDaFRMOFYxRlJId3hQZkdzUU1zR0hHdFpTRlJTQjQrZ3owVEx5aks4VXR4TlVaTStPM25oUU0zV1dEaENvMGd4OUNDTmlRenBERnhnMGM2SEIxTGNWMUh4RDk2QU5yZnlndm1nbUZRSm9veE5nN3RaU0VaTit3WXRwbWg4bVhINzAxZE9Xa2h3MlZJTEpDRmpGQmthYzlkNDkyLzBjVGQvR2ZSUWJkWnhUOEEvcUh4cDE4TUEyTWFmeFoyNHduZEdOZHQ0VUw0UnhqL2lQQ25aZytlMElNbjlPQUpQWGhDRDU3UUUrSFAxMTQ4b1Jmd3AyMGNBK01XVU9PUDRENk02OE80UHEzc1hNYnhLT0VvckRpbFVXeEpPSXJZbVkzaVE4THhJR0gvbDdDL1M5aS8yYkd1WVVvTjhJZDhDQU5ERmxDako3K0VQVWJDdmlGaEw1RHdma3Q0WnlXOGg3QkcrSE5GalRDdEw3T2cwRWlkTFZ0MU5xd3RHdGtqTGF3d0hyRjFhbW1aVVY5Wlp2aHdQODVNYkREbUpuNmUrdmdMbUF5YTYrc2tqSUV5MTVkWHc0M3NvZG1aMmR4S1prL2lucC9GYk9QbzlvR3NNYllIYzN3Q2Q4MHNYSHpUT29wcG5ndGxNU2RLbUFhS05MZWl1R3BrVCsvT01qVlZ5dlE0YmoveU1nVTNxcEE1UmdBN0FoQkV6RDRqaG1iNGNMK1BxUkJjUjhFdjh1QVhLWGc5RDE1UHdadDQ4Q1lLN3VIQlBSVGN5NE43S1hnTEQ5NUN3VnQ1OEZZS2ZwVUh2MHJCci9IZzF5ajRkUjc4T2dJM045VkoySlQ0QjVDd21TUnNGQWtiUWNKS1MxaEpDU3NsWVNVa0xMU0VoWlN3VUJJV1FzSk00YzQzaVNMQ1M3eGdQdmVpeHRrTnRsYTZ3VE9rN3hzc25QaktPSElLbDNYOEhxdHQrRFVPYlJZN1V3YlZxUi8rK2d6cFVRZGg4UUVmeWF1c2lKclp6cFRtaWdIU1p4UFJ3WTFRVi9EcnhjWHJJVHB1dFJBcTNDNmZMcDM5cSt0cXFEWG5STWV0RmtheTNmdk11UEp4QlZXQU5FK0R4Uy92RlQ2KzY4b090ZnljNkJnNzFKOE9GazVlSzl5NDVyYWEyZEoyb2pOWEt5TUdqc1NBc2xZUjYvUHZHZWYrdzVXMWFySVcwM0dLSUxNWXB3OU8zYjNrdXBwcEZnYzZiclYydU5ya3hNSEN0UThycUV5blJDOVdrSXBUbDM5eWQwcnpEWXd6SlhOejlBNEVPWnM0SEFnSmNDUUJoRVJ6Sk5FQ3BPc2JOR0RaZVAyNjJNTlFkenVJZlA2THo5MU1hVGJCbmVpWUtkRmJHUGhVZWdxYXdIVzFkbk5qeEhSc05mVFNCajdHVEJpM3pybXRacjdiY2FKak5rZnZ1WUtGYTVEcVIvZGRORitJT1ZPYUsvNmgwM3BGaHJRUXhEa21WYmxGelF6b1JteXUreStrUCs5QVN2Y3RaRDVCb3VmRVBRNEVhQ3VLMTQ4WlJ6OTFNNTc1dnNHSmptNkYrYm9tV0RyeEkrcHBPSytHMytvNDBiSFYwSHNuMDVrRVhzbXRacjZlY3FMalZqTjkvQXY0NkgzS2RUV2M0Y1YwM0dySWJvV1A3eFV1SFhaZHpiU2JBeDFiRFpndS9PMjU0bW0zMHdlL3lYU2lNMWRyNmJSZW5RYmhjeDU4YUlWUFhqYnZJWGdneGdNc0RiSjc0Y3pWcWJ0SFhhVXg3ZTVBeCttbTRlT2tlUFNRNjJxYWRaeUk2TXFPRS93aTFKRVlVTmJtQWZEcFVkRmhUUWlBQTRGbENqTlQ3VHRvQ0k0R0ZJVG02ODZnTVhZS0hneWwvV01WTkN1WnpPYUxVUmRTWnJHUUdVVjN4d3JYM1dJU3YrMTBvbU9yb2JlZndjbGI0OFYzejd1dFpyNGtkYUxqVmpQenhla3JwYlA3WEZmRCtVSk1WNzZiNXF0cVIySzZteEd6cU5vLzVuNXE0RGZOVG5STUVmUktNMWc4ZkZ6RTg0K2QxdHQ5SzNMaGtWODQ5VUVGR1dCTXpZOEN1Rk56ck51eHp4UW1ycm9wMHQ1dU9ZeUlqbHN0aWxjenZ0L3J1bHJVV2sxRVJ3OFY4NTB1T2xSUXZUQldtUUE1Zis1UXJOUFpnWlJKaUQ1emdNcE80N3FydnVaSEU1em91TlZNNngwL0w4clBKa0ZVdGVyWG4wNjZzWXVxcEg0VjBKbnNURGRBTCtpRHFGQ0RpdTQ3V0RoZG1lbzROekRmNXJ0VG15czNiNjJUeVFPUGx6NzV5T1NKeFVzZlhXVHkwT0dsVHg4eWVYTHcwa2NJbVR3bHlLVE05OUo2WHlibHQ1Y1c3WFFFWkZKTmUybFpMWk9TMkV0clk1bVV2ektwWHIyMGpKVkpuVW9HZ0F3MG1WU1dNaWtOdmJSR2xFbDk1NldGbmt5S05DK3QxbVJTWjNscHdTV1RLc2xMeXlXWkZFTXlxWGhrVXJKNGFlMGlrN3JEU3dzUW1SUVBYbHBGeUtRQzhOSlNRQ2JIdUplZTV6STVpNzMwVUpiSnVVc0dRQ1pIcEplZWxUSTV1cnowd0tNaml6NFNWOG5BZ2xobU40OFBMejFIWkhJQWVPbEpJSk1zN3FYcFhDYloxVXR6TWgzaDVTUFdydUNzS1pQRUtKT2M1cVhKVFNZcHlVdHprMHp5aXBjbUdKbGtCaTlORVRLSmJTOE5jcG5Fc1V3QzBVc2pVaVp4NUtVQnRXVDUzSzMzMTk5emIveTFteS9jNjgxUEFxRFBDelQ2NS9lakczZlFIMHNrOHA0RnUrRFhYMVp1MnZTWGxjbWt2N0UvbmsrTTVNMGJlZXIrTTNYazdOLy9XL2JML2VzeVNRdlUyZEJ5NVg5a3VNU0dYSytlU01ZeTZWM0RrS0F2bTAzM3BYWjRnbStVYm45U09IN296WUR4NFIzamc4dUZVMThXenI3L2p6dEgzaWlkUFdQQ0N4UDdTbWN1R1B1K05yNzlDWDg0QVlrM3Aya1IrdW1mbDgwTXBsT0Qyenl2YjhtbjB2MWR3OXM2c3p2N3NrTkRhZDM4K0VJcW5jcnZlcTQxdnpPUHJ3M3ExSWRTbWY3QjRXME0yN29pVUk1UHB0NUdIeEY0ZmtSUHRDNWJuVXdtb1RrZ00wOHV2eXV0ZTFyZTFrZnlxY0ZFT3BoSXA0WXlxL0xaSGF2ZnBzdXRXczArUVRFekxlSE14bXdtT1pER21pM01ENmR5Ylcranp6ZXNhVzFkbllTYjRwUDhrbkE3dkJXN3NSNTl3c0cyR2V0UlB4TnVhOHVqOXNrdHY2TTcyTEtFN2x4TDgzQ0w3MzYzcWVVeHp5dTE3UStVMVdWM0VGYThOeTJQMTd3dExVOU1lejlhZmkvZWhaWW55MHk0bEpxOTVTbk8zbEYwbmRYaXVYVk52b2FXUlVQb0V5Z2I4dnIycnV4b0psLy9WSExPSWw4ZCtyZGd5Zks2T3R4ei81TXBhb1BmaS81UXFDdWJ6bzQwOXZzYitwK09kOWJMU1ovdkxXcGNLTnZpNFNTMkFvYmhUOVBNVVpOSi9Ha2YrQXYrQzJUdWppalRYczN2WkVlU3dRSDBDYUJWNW5kb3R6UlVyTUdhWmYzNVB2bjBENExnMlJBaVdaQjV4WnRuWXNhZVMwbnNVeVpSNGR4N3hTdlhJRVMySU9LN3A1S29vWW9KK0Z1MUlMalJBcU9ycitDdjg4bkNmOHdNNUhhc05sVkZobXhwN0c4SjFHb09JRFFIdUY5em9LdXhlSE5NSFQwY216cDY4RDdOd1YzS1pUZEhSR2lPdVpZNUxzekI5bGhTcnJ4V29UeDNpMVp0eXVPTGdhYnJDd3RLKzhiUWk5bHJCd3JuRDFTYW9PeFNMcHNKMkJWaGRoT29RaE0wVkROQlNHaUNhWVhEUDlzRTNBMWx0WmpBWTVuZ0t5Y1RoQ3ROd080UXE4MEUrR3FtV1RlQjdWbzBZVjVReS9JQ0VKcEFxbWFDaU5BRW9ZZkJCUHlOYURZVHNEdkJlQk9vYllyUUJQT3FtYUJkYUFMdG9UWUJ1eDJzRmhQSTFVelFJVFRCdEhMQnIyVUMvazQ2V3pwa3Q5UHhKZ0FPQjZTM1dqcU1DazB3dlJQQnZQOWs5azNBWDRsM0g0SFFXTVVFOVdaS0tiY0JlQ2lPQk5zTmZiWWpnZDNWVjh1Uk1MOUtKTlNybFZVaWQ1M2VBd3lGc2hzQzd5TWJMSmgyclZpdlZoYUwzRjFKTlJhTDVsMU0wNjZkalgwM0oyK2ZyTFJIMlUyQk5udXdPd041ZTBRYzdQRkkxYmdRVkl2czdxSmZNemY4RTdSZk9BTnZFSlNPRDk0YitOc1R5NHBHUVhTWTk2OEpEZEpVMVIzRVplTURkb2ZaVW4vUkRQeEJYRVErWUgvZzc1UVVGQTdsMlJJNDJHTnhWWGNRMTQ4UDJCMW1TZnRIWitBTjRtTHl3WHFEN2FKTllSbHA3N05vRHZiNFhWVnZFTmVSRDlZYlprdjdKZFAzQmlDcUthZnJEVFBydXJuWWc3K00xR2FQRG9mb0VEOVVOTS9BSHVMNmNscis4ZERhd3pjRGU4eEdaVG5yOXVCdmNMMmZ3L1N4R1Joa0Zvck5oOWNnajgvQUlBOWp0V203NmJiU0lPYWR0M3pFZExScFFuczhVZTA4QVE5anNUbGIydjkrQnQ3d01OYWF0dXQvQmZtenZFbWxPZVRQSjZ0Nnc4TllhODZXOWt1cmFpK3VMQit3OXZ3dHpQZWgvVk5WdFg4b0swditPdWlhS2dmeHVlQTNJUXZReFFxclRiV2h5RWxUcDBlU3FkeU9kR0xYcWt3Mm82OU8vajlWZk5POTVHb0FBQT09IiBDb3JyZWxhdGlvbkJpbmRpbmc9IiIgVXJsRW5jb2RlPSJUcnVlIiAvPg0KICAgICAgICA8Rm9ybVBvc3RQYXJhbWV0ZXIgTmFtZT0iX19WSUVXU1RBVEUiIFZhbHVlPSJ7eyRISURERU4xLl9fVklFV1NUQVRFfX0iIFJlY29yZGVkVmFsdWU9IiIgQ29ycmVsYXRpb25CaW5kaW5nPSIiIFVybEVuY29kZT0iVHJ1ZSIgLz4NCiAgICAgICAgPEZvcm1Qb3N0UGFyYW1ldGVyIE5hbWU9Il9fU0NST0xMUE9TSVRJT05YIiBWYWx1ZT0ie3skSElEREVOMS5fX1NDUk9MTFBPU0lUSU9OWH19IiBSZWNvcmRlZFZhbHVlPSIwIiBDb3JyZWxhdGlvbkJpbmRpbmc9IiIgVXJsRW5jb2RlPSJUcnVlIiAvPg0KICAgICAgICA8Rm9ybVBvc3RQYXJhbWV0ZXIgTmFtZT0iX19TQ1JPTExQT1NJVElPTlkiIFZhbHVlPSJ7eyRISURERU4xLl9fU0NST0xMUE9TSVRJT05ZfX0iIFJlY29yZGVkVmFsdWU9IjAiIENvcnJlbGF0aW9uQmluZGluZz0iIiBVcmxFbmNvZGU9IlRydWUiIC8+DQogICAgICAgIDxGb3JtUG9zdFBhcmFtZXRlciBOYW1lPSJfX1ZJRVdTVEFURUVOQ1JZUFRFRCIgVmFsdWU9Int7JEhJRERFTjEuX19WSUVXU1RBVEVFTkNSWVBURUR9fSIgUmVjb3JkZWRWYWx1ZT0iIiBDb3JyZWxhdGlvbkJpbmRpbmc9IiIgVXJsRW5jb2RlPSJUcnVlIiAvPg0KICAgICAgICA8Rm9ybVBvc3RQYXJhbWV0ZXIgTmFtZT0iX19FVkVOVFZBTElEQVRJT04iIFZhbHVlPSJ7eyRISURERU4xLl9fRVZFTlRWQUxJREFUSU9OfX0iIFJlY29yZGVkVmFsdWU9IllySjdCNDQ2ZVlsejJMTHpIaVgrQmNjN2ZSc0JCenlRazN4eDJhMVJ1dU1nTUZ1bmExQSt5aUJLNGRNbmwwT21OT3NTdjZlMUJVK05yU05JMjhtSkxOcVU5cXBOQzhqUG9IenBWU1NCNi9nQWs2WEFFZllnM3Z1a0Nycm92TjdwZHZZM2ZERXJvNXdaSFpaMnZvL3RwbnNRT0ZZZEdrR1l3RDRwRE5ZSDRTakN4cHVXakhxVTdYUmdzcFNENWhYV3QzTFVUN0lxb2JnUEtCWG8rZVVqdEwvUjZYWDREc0RHNkdMc3pURmdLcWNlc1UvTHYzM2hYK2lPOVc5aFVvUVlEejZlZGJXazRuOHYrdEY1cFd5ZE96ckVSUUxXbTBXSUlzbnB2M3crNGFWeUU0ckcrTmhMU2RHRlZ6WHZNdjQ4TTdmVzhZa20rbW5TMWlSbk1CS3pyeWFFdHlqUFYrdExNUWFMQTg1ZkxaWE9mOWxtcktQNlUwOVo5QmFIVkswV1lFSTdFV3ZWN3FXTzdIZEVkZTdUR2dhczZDd2lRWmhUQlZaOHZLY25nenJ6T2NybDlWbDNDVmxqamJjL1pIcCtGaDVrVm1XZGtDTjdpSHZkamdSaTJPQXBDaXFHYUFtOHc3TmJBQmlpaXZUMEF3Ym5ERzZGb1BnZ3JMVmdibjdJN3Y3ckF6ZTc3czBHTERzdmg4cTRQWDR6SFlpcjNRS2s1bmxCYlMwOW9VdkFmdkt2YVVlZzY1OURJSmZMcFdvTmtIVDErdzdDaFYrY2ZCWGZISStZK1lDSVpIeE1WMnlHc1NQUkkwTnZINENtaUZyZ21jQkJidXM2Vm1uN0xIdHlPc2MrWnREbE1Cd1F2SzJrTnBGWFVNRUgzcVEzRUdsQTBxVzBvZGpEb1p2OGZRZjFaVHJkSG1FRWM2UXpaYnAzSk5XcUZkV3BTTzVram9BM3pLd2d6SEw0TGV0N2hUWTBpZ2NYV0YyZmozQ3VPZEdHQXRIWmpiM1JRSHdRenVBZVhZc0JvdytMWDhFaXJYc3l3UnNZZ2JBY3FkZm1SNjg3M3gzNGpFWUpRQzFHNlc0VFNxaDRwbG9hdHBlWUEzWWtOZktLWDU1TkY3WGJDSnNuM0FKK1Vnd0xHVU5LaTkvWHBvYWNBMy96cXZ1ZjNHblVOY1NERWdmbHB2NGlkVVg5TnhaSzZ2UzBQQit6Y1ZkeXZuVE90a082aXpHUW1xNDg0UkdBa01vUmxuWm1XS0htNWlRdkN3Wkdrem1YQVRXZllGUDVkNTFyMlYzMFQ4VmRKWkxXVk1kMDNia2RHL25XRmhkV3NMM25SUjZXSkRvYTQwRFpLWkJnb0ZjNzB2NHFrMjhXYkxGSXJjTjY4UFFOMVNKQXN5WlZkL3BBYmxURkZvN2Y0ZnFES2dXRG01d2xYR05qY0RSdFZMOG1xMEhPSmVpNUtsOTJDYkdmOTVWMTJHTnorLzg3OUVraGk2YUZjaTF1REFiVjRFdFpVVHZjbEFIdW1KTXJ0SUk4YlllUmloU3QwSDdWZWduYUc2K055ZFBkNnNrSmU0NkpyaCtVY25lNGFzcGRYOGFBaGEwV2xadUhiYmtaL0pCS2VVMzFDdXBmakFJVVpJN1FxS3N5UWZjZEN2RDJPOVVCUmJKOWJJVWJqT1BML05EVUNDVEw3dGlBc2ZJNDIrWFZVZWJEaTRsVXVXVkVVUjVEbVRYRGNDK3ZrUUVpUmd1VG9MMWN0TjF5QUo4YnpDbkdDc01ZbDR3UThWOG00UXEwdmdNVHdlUWlNQUFMd1gyQzNPVXFybUx1bmp3TGlSYlovUEVHVldNaWJsdGNCNWVQV0QzWk5VRHptSFVjdWxBTTg4VUNZR3RUQUhteTErS0NjN0JWQU5maWU2T3kxVGtiYTNuNGJnSlIreUxtbFdLcU5FMlEvbnRpVVduemxZbjl0Ni9yNzZPRG5lNEhrQUhkdmxoMjF1K2dhTFFjd3JkNWRpRXBFVUhjczNLMjh4SXArU2tnK0k0ZyttNXdhNmdMWEg5ZW1pOXQwM29ZamJ1alN1amVsWDRoa2dndDE3alRRZ0w5ek4xTzFKQitIanlDdG1wQldRMmFWYjNYOVpCVWhVaFVITHNiYTJiODVJY0ZkdW53aFBoQ1I3em5ubG4zYVhueWNBdWlGZTlIMjFqdzIxWG9HaFpMWVRYNkRQelhDdWZGMWU0MXZpcjZGMXlxRndNN0JmM21jbU50YnNVa1FEYmpIZzdNWU4zUVdkU3Z0UUdRNEkzdkJFNnQvbVNVK0l0UGZFYzZvTXFXck9qQjI3cEVib3FwNTB1eFQ2SkZodHBkMFNveFlUL0lBVFg4WEEvWmlPM2drRktDRUtNOHNUYld1Z2ZNWU9RbUlhMERQL3JyTHU2NjFteUlzbU9KZDZOTnNmWkNIMFlkdG9qZUpRRDk2ZklFMzBaeUhxWGlzc1RWTlJIc0FuOGtoRG1zVWh1NllXc25iTURpSHBuR0FSUzJHT01qL01HWnM2Nk9zUWxwdGtOYmdzSHl5RVRoK2M1UVdyMTQ1NS9ERmxmaFFHZlptRnJNTmJLQi8xNXBrMEdOUThrNk5BNmdVMDNTalBlV0gxYnFUcmloby9lTm9IUUhjZE5LakdxeDB1WEFKVmtzQmZvMU5oVmJrUW1UMUpuWlRoaXBYQ3A5MW4ySmJyVlVxM1o0NHRrVXJFMHdqZGU0VWNQaVByaEZLbWFEVTROb3lXTVlRZmkxUDFwZmR4MkJ3RVFsQWI1KzMwR3JrQ2VSZll5MS9QQXVOTGN6UC9pY0tNenZpVy9iUVJWN2lMZUhBU2p5VXYyWjl0MUkwWVJjT3A4OVBXOE5CUGprV2pOeDd3TThXa3lxcmg3VENpak82WGpFNCtLR1pPc0hDdTEycEorYVd5STJ5cXh5S1B0LzhhMXRKNlRHZ3lwNmpiNlQ3QzFqcW1UcVlqdkE0cUNVa3lCU0ZrTWppMnRvT0tqUUlHMFBqSUh2SWFkdHdDQk1xR3lSNXlyeDVDLzVLUzlMd3gzeDlWV1hXZkZkQStYa2VtVU0rWWVpQzJrN1Nwek1zMU5MTkFsOHVvMDlERE1PejZLdEN6a3Y3MWhqNzNWNXdWdnZqWnhqbENoeVJQYWxrK1g4YnRxTHAvZGFldHBVblpHRDZDNFBjYXFuT3NkSkZOQXhqYmZWVVZON1FyanA1b2FzaVg1aE9FZ1lFbDF2WXh1Qi9NVHNzMjVoZUszSXVJWGtKTTJIdE50eEVYTm4zTGhIRUt5cjN6R0RGRnJ1eTJoZ25wZzEyamU5cTh6N21QRDlIbzlMNk5sSjZhQVpGSzRIN1lGWVJub3orZEpYZUUxRHpnd3Q4NzF1ZzdlNUlvL3dKYTQ4TjJYaTd0eUlEeWd5dXgyY09xaDhGVzlFL08zNVBNS004T2hHclg1S3hibjk0SHpyamxtanBnYStvWTdkRGRBSCt3eXpMMVFTVzZodmdHUFZXTklPT2ZGQ3V2RXpwT2N4bnZtS0JWWTc5U2xIc3RRRlA1ZU45SEo1aUtXTjJNekNuZm5XTkR1T29Qa1IyKyttOFU1K0Q1TkdXaWM3THdERkR5SC9YYmRQbWZhQ28raGlmRy9YaXFUajNvWHhlNTJhaG1wM0I2VWdLSTRoUTZ4YmtUZzhIMlRaYzVMUFRnbnVydk5uRXhHRWptSkRSb0lGRHFxNnd0ekJWcXFCelNLRkh1aTRKa2YyaWFOck8rNCsxb1VMTE80ZnVycnRWeVN3Q2RzL1QxTDYvMnlvaTJqTWtUbDN2QmZ4bFZlWVQ0RkxhbnZvMndiSnRZeWdmOHpkQWVDdlJJY2UzelNmdFhHM2VmL2pRL241MGJIV1g1c0QvaWJRY2JWZlFnZUwrUjg5azBoeSsvQ0F6eWNiR2MyRGh6K1lUMlZIK1VKam41eFluWHBHczc4dDlUb2xaOEQwbnhMRFZ5NGRiYWtTaCt0RGprTnh6aTE1YW0rU1Rsa2JPT3UwNlJGUHhmWDdJM29jR1FrNVFsMk1GWFM5YUZpcXZMd0IvOWx4SmlpUWhCdzNuNkVQZjRRbkRKVWVWYVBiTWxpUjNpTDN5b002RU5GY3ZTNHRvMVJtVFdyK2g4Sm9ZWjZVZlljKzdHTzBXYUM1eFdxNHJTdDZRSGUwQzF1MUNaNHVYMmxsV2g0d0ljS1FpVzlES3hlL2krTjgrNDVJM1kxWm45bUt0eGZyT1l1L0FZU0RtTnliRlhsZFg4YjRrUnBBaGxjYWJVLzd4V1hLWHRnZWYwalBlMjd5cExwd3Z4L2RjSzZtNzh5WHlwWHRvRzIvMGhPd3VvU0ovOHdqMEtQK0I0ZmQxeVMwQlZRamtJYkhVYWYzZVVKRHJHOUJCbGNQMXpWeHBtTWlTYnRla1lyU0RvRmpxbGs0cUUrYVRrbE96dHZuM3dEdzB4SGdCdWxwTnNiNE8vaTU0V0J1Nm41dG90bXhVOWRvYlQ5L2NWNDYrd3JrQ2ZxYUJEWWVsS2Vzc05Tb0taQi9aUGJSd3VHK2lKWUo3Zkgwd3hocGJyUzNxR3crV3Q4ck5DSXBNYi9vekV5OHI2TjRaV1ArSVJQLzVIbWFEMDBFc3VZU2Q2UmVReEVpSDIraTVLY2R0a2hiek83N2NiUFJYazUrWTBjL2tqUUJrY00yTEZwV1I0Yi9icFBSaUJWTUllUGM3cGhlUzREQTZHZmRlaGNCbisvcTB1OEdYOThZVGFLRUdVeUEyZjFPWWhIaDhJbXIwT05DNEhZVk5CVUVLUHVOUzhNcC9nbFlBTmcyV0k2cHdPeUFRaUpTWTdmdmphbytmejN5RHYxZ0dneUpSQ01RY0phNklPOWxldklJZXk4V1V1b1hSTEltcm8yR3NsekhoNllQVlNqSXJHamVMQU83cURpWVM3bGRVaDV2SUVYWk1mOGNNcU05RlJiT1hQN210bjNBVGxVL2JGOEUzQlVMNW8yeWRPTWtSUzdaWGlqZHI0RGgyQ0pVekRmYXNJRVQ4NjNKLzZ3R3BTWjZjV1dPaCt6QXlLR1FiRXlCOFNTcUZpb1FmNXE2bmMvbkVkTEtuTitRbHI2eWpudiszOEdUT0hha1F4WTVXcHp4UGhsbnpXWTlZYSs1RGduMTNrRzdVNEN5S0FKR0JXVzk2NlcxWnVudTlQR09vZnhIRWd3ZkxjVWhvRVFKMkkyYmxoNGc1SHZiL0puQmJrQ1lXUG96U2E4Q2pHT1M5eDFwQ0drSjYvci91UTRQMnBpTncxdUJBQmdmL2wyVDlsSnlMQWYzOHV3dVY4YThHSVlTM0k0Mno1aHBpMmNwbFU1aDlQY3d1T283UEVmVWdOSFVNQTQvZ3ZiaVlZZWhwZTJJL1QxMlFNM3NsM2FLVnBXU3J2VjFGZi9IWmJaMW0zR3JHTzlOY0xOTGdCK3NwcWdIWEFJYUkyOUhidmo3NGNWa1dOZE5LQ09MdFFaR1Iwc252aHJLNWh3aTlYb21seFhIL25qY2pURitFUHBjMWFZMGl0R05VVk5aQzFUbnN5TGtwV2xmR2pIenlQL09qdXdyZjBuanZCeWpEcTd2NlJXRnh6Wkd6VGZhWnRtMG1PbkhCZ3Y0eUZ0blMvYXFQcDVxN2VRYjZlU01zakRYTWxkd1k4eElQNjdQOUcveGduUTR3dDNnb282L2pVZ2NncmlyVjljbi91Q29yZCsrcjJvN2pxZmlJVEV0Rm0rekdWTXlBREIzM21mcUpqSGFxdnlPOFVLWGpiemlqcnBNaTVDMDFhNUxZVWU1a0lxWjRtTlJSdkJhRFFiSndjT29idnJ5OXgwTDllVm1pUXpWQVRTZVJTQTI1YlpEaFd2NjZZc2xRTWkya1hOTWNjbSsyUVB3L1ZOMFA5dGw5ODkrdk1rd2ZtVklSUFRzRmJneXBIUklCZmdaRXdxMU9jRGc3amovMitWYmYyQ2k0Z1FGMElCKzdIcmIrR1NPQktKVjlOSUVtYmJPbjUzMFBWVmpzZ1NXUmExOTBhVWl2aVpVSHdVcXlIMmdvdkdzZG9GMENpWEJ4Q2l5SWhkOTBuMEpmckNBU3JHNkFnZWhpOVhoMHdhR2J0Wk12aGNjeTMzZ3ZPOWZ5elU3eXJ0ZS9YSTdHVkw5YUNnRHBOakhrWk5QVlYxbDBFU0grdkFudUlaL2VTODRINnFPTmd3dW5xUFdnTHlmempLYzlOUmVpNVpXeFc3ZjJaUUk0cWhZU05ac29rdUV5L0kvZndUeS84M29rdU85RHpkb0hyWFo3Wm43UVR4UXNVK2JNbElaUDZwKytGVE83MGVFZ0hFMjlZN0J0cnlYWlRjOU5UTW5JR1cwRGwxb2ZVcTYxTHk1eUJaYWoyV0w4a2RWQjV3aTVXYVk4MGgydFdLQTJhUmdDU0d5MStqZU1WQzBTYTZTTWJLelpWMlRFRmVpQUtIQisrRElaeGlzY1ltM3I1cWZKWHhwUHNXblAzSXpockxlb3l1MFRaRWEyckxzS25RQzMybCtsMHQ4ZFVQV1R6TFlaTlFpZ3hEbXlGTnNHK29EdTNYKzNkck1ReXVoS3N5V01oT0FZeGhXaE9RT29PeEp0WThzR28rVEhSVHRNOWlVZ2FROTIxL01aeUdDNUVXRnR0SjRuQ3pHZkVHVXJQbjQ2MldkMFF6MnZKeEtibGM0eHh2V0lQSkVpQ21ubEtEbmZMYlBFKzBEektvbGs3VEx2Uk5YV2FIcGtERzJ4RDFtaUhCS2ZiZEZEbXFLT2MrNExyWllic29RdVc0RkdaWWg1bW1uTktuL25LbTkzMi8zOWhNdzZyTTh1bHNzdEk0SWJIeVFhTVYvaml5b1ZYNjZHbExGeG1OOUlWZGxkQmhaS3I5QTZWU09jZDJtbXdXb1NCTVdTWHRIZWFQNTZSaVBJYlNYcmdMYXJPSHVSRUxqb0JYZmRCZ2ZZNTJVc0NWYVhuZ01QSEdrczZhUmRjdkFsTjZnRHdKNTU4SGIzbi9xTzBJbTRnSnoxeHR1dmZZS0l5UkV2VW9uc2xKSUxsQlJjNmN0bFk0UGtDL0lJUUE0eTBnbTlPeXVzMVdUb0pQbHJPSlQ1SkZxbndoQkJ5V1ZKVTYvZi9xRGFMNERsWkZUaEtVRGJBVXRteno1T0ZlTzk4SWMxRHl3aUpkWDZwYnp5RXZQa1lxZXFKWEtPbjBtYlA1Q2p4UEJoVHZ5RFBEZEJtaFFZdTZNU2h6SzY1L281QlA1dUg4d3Y3WC9MWGw4T1REOUlmUzZ6RDlUQXozS3dqOSszSFJacER0SUhnZm5TdnJvcHVUdER6QjMrOG9JYzg4R2F2WVdDdS9FRFJUVkluTlovdWhOSnpURnZNVmhDcVR0OTkrZzZyR2FMMmdmMnlhVkcwWE54S0RqYzNxckQrWGVFNnVTSGtTcU4zcHdtamNSWENRUThuNCt5Ukp4VE91cWc5WmhpTzhtUFVXaERPN0VoNnFnNitWWFVBYW5UM2dZL0crRXZqbHpGT1RTaTlpVGhubTFtUjJFQlhGdXAwZ3hBUUFsejZNRVB1dEt2Nkp4MW9xWWVYMlhuSHZhS01rbCtRU1VvMTQ5a04xQkorbjVqU1NqcDZENmlSUk1uYjdIeXpSM1N6dnNXWlUzaUhlanZPUURSMnc5MWlvNUU3djJMYzlydXVFdkd3SnRRNHo1ZVBxSWZWeUZvUkttOXBuU0grU3ZsVHVJYk9EYnB0dkpSS3l5SE5IZW1va1JRYThqT0JGejBHRHRIVExvZklXQTZPMm8zVFJyS2N4dzNWQjgvdVlsVkVGREhFaXltTjlZaVNBYjllOFZVb3pvWFRWWUYzMVRqUHc4dHVQZ2x5Yy91V3JoaXRzQnRKVHZjT3F0ZFV2RmdMRDhSbTlKNmV0T2tCTkVId01lS3B4RGJtVVBPaGtzZjd3UjQwcnA3VitmR0s3alpmM0MyRWZXVnl1UllxMlcwK1R2NnZ4QzY1QkRXbzNDVXk5ZDk0dWd5R2MwbjkzSjFwMitGRkxHWElpd0lCQ2FqcU9UMFBsZDJqcFlyVFNZVEliU3dzQkprVE4vRkVHeGtIMmRkZXlob3hCTXNxZDAya2ZlNHlNTHluZEh3V0hvUEhtQytTZDBVQ24zcGlCSXJiMjdkR1FUS3B3QVhNYXVONi82cWFhNllPNWdhZWhGQzZjWWJCRVhlN0JQV2xNb09CWnRTWWg3T1MwWGF6UmRQUFNpNGUyN2Y4bStjQWdiNVlJbHlUSTVEQkNrMnVWa21SSXJraDBjVVJuV1IwY0FWdlpuYk9XME1PU3doZ3Y2c25MKy9yNDBmbDBxaXQvZ2FBPT0iIENvcnJlbGF0aW9uQmluZGluZz0iIiBVcmxFbmNvZGU9IlRydWUiIC8+DQogICAgICAgIDxGb3JtUG9zdFBhcmFtZXRlciBOYW1lPSJTY3JlZW5XaWR0aCIgVmFsdWU9Int7JEhJRERFTjEuU2NyZWVuV2lkdGh9fSIgUmVjb3JkZWRWYWx1ZT0iIiBDb3JyZWxhdGlvbkJpbmRpbmc9IiIgVXJsRW5jb2RlPSJUcnVlIiAvPg0KICAgICAgICA8Rm9ybVBvc3RQYXJhbWV0ZXIgTmFtZT0iU2NyZWVuSGVpZ2h0IiBWYWx1ZT0ie3skSElEREVOMS5TY3JlZW5IZWlnaHR9fSIgUmVjb3JkZWRWYWx1ZT0iIiBDb3JyZWxhdGlvbkJpbmRpbmc9IiIgVXJsRW5jb2RlPSJUcnVlIiAvPg0KICAgICAgICA8Rm9ybVBvc3RQYXJhbWV0ZXIgTmFtZT0iYnRuUXVlcnkiIFZhbHVlPSLmn6XoqaIiIFJlY29yZGVkVmFsdWU9IuafpeipoiIgQ29ycmVsYXRpb25CaW5kaW5nPSJ7e0Zvcm1Qb3N0UGFyYW01LmJ0blF1ZXJ5fX0iIFVybEVuY29kZT0iVHJ1ZSIgLz4NCiAgICAgICAgPEZvcm1Qb3N0UGFyYW1ldGVyIE5hbWU9ImRkbE9yZ0FuZEZsb3ciIFZhbHVlPSIiIFJlY29yZGVkVmFsdWU9IiIgQ29ycmVsYXRpb25CaW5kaW5nPSIiIFVybEVuY29kZT0iVHJ1ZSIgLz4NCiAgICAgICAgPEZvcm1Qb3N0UGFyYW1ldGVyIE5hbWU9ImRkbFF1ZXJ5Q29uZGl0aW9ucyIgVmFsdWU9IjAiIFJlY29yZGVkVmFsdWU9IjAiIENvcnJlbGF0aW9uQmluZGluZz0ie3tGb3JtUG9zdFBhcmFtNy5kZGxRdWVyeUNvbmRpdGlvbnN9fSIgVXJsRW5jb2RlPSJUcnVlIiAvPg0KICAgICAgICA8Rm9ybVBvc3RQYXJhbWV0ZXIgTmFtZT0idHh0T1RFbXBJRCIgVmFsdWU9IjEwMjA5OSIgUmVjb3JkZWRWYWx1ZT0iMTAyMDk5IiBDb3JyZWxhdGlvbkJpbmRpbmc9Int7Rm9ybVBvc3RQYXJhbTYudHh0T1RFbXBJRH19IiBVcmxFbmNvZGU9IlRydWUiIC8+DQogICAgICAgIDxGb3JtUG9zdFBhcmFtZXRlciBOYW1lPSJ0eHRPVEVtcE5hbWUiIFZhbHVlPSIiIFJlY29yZGVkVmFsdWU9IiIgQ29ycmVsYXRpb25CaW5kaW5nPSIiIFVybEVuY29kZT0iVHJ1ZSIgLz4NCiAgICAgICAgPEZvcm1Qb3N0UGFyYW1ldGVyIE5hbWU9InR4dE9URm9ybU5PIiBWYWx1ZT0iIiBSZWNvcmRlZFZhbHVlPSIiIENvcnJlbGF0aW9uQmluZGluZz0iIiBVcmxFbmNvZGU9IlRydWUiIC8+DQogICAgICAgIDxGb3JtUG9zdFBhcmFtZXRlciBOYW1lPSJkZGxPVFN0YXR1cyIgVmFsdWU9IjIiIFJlY29yZGVkVmFsdWU9IjIiIENvcnJlbGF0aW9uQmluZGluZz0ie3tGb3JtUG9zdFBhcmFtOC5kZGxPVFN0YXR1c319IiBVcmxFbmNvZGU9IlRydWUiIC8+DQogICAgICAgIDxGb3JtUG9zdFBhcmFtZXRlciBOYW1lPSJ0eHRPVERhdGVCZWdpbiR0eHREYXRlIiBWYWx1ZT0iIiBSZWNvcmRlZFZhbHVlPSIiIENvcnJlbGF0aW9uQmluZGluZz0iIiBVcmxFbmNvZGU9IlRydWUiIC8+DQogICAgICAgIDxGb3JtUG9zdFBhcmFtZXRlciBOYW1lPSJ0eHRPVERhdGVFbmQkdHh0RGF0ZSIgVmFsdWU9IiIgUmVjb3JkZWRWYWx1ZT0iIiBDb3JyZWxhdGlvbkJpbmRpbmc9IiIgVXJsRW5jb2RlPSJUcnVlIiAvPg0KICAgICAgICA8Rm9ybVBvc3RQYXJhbWV0ZXIgTmFtZT0idWNNb2RhbFBvcHVwMSRDbGllbnRXaWR0aCIgVmFsdWU9Int7JEhJRERFTjEudWNNb2RhbFBvcHVwMSRDbGllbnRXaWR0aH19IiBSZWNvcmRlZFZhbHVlPSIwIiBDb3JyZWxhdGlvbkJpbmRpbmc9IiIgVXJsRW5jb2RlPSJUcnVlIiAvPg0KICAgICAgICA8Rm9ybVBvc3RQYXJhbWV0ZXIgTmFtZT0idWNNb2RhbFBvcHVwMSRDbGllbnRIZWlnaHQiIFZhbHVlPSJ7eyRISURERU4xLnVjTW9kYWxQb3B1cDEkQ2xpZW50SGVpZ2h0fX0iIFJlY29yZGVkVmFsdWU9IjAiIENvcnJlbGF0aW9uQmluZGluZz0iIiBVcmxFbmNvZGU9IlRydWUiIC8+DQogICAgICA8L0Zvcm1Qb3N0SHR0cEJvZHk+DQogICAgPC9SZXF1ZXN0Pg0KICAgIDxSZXF1ZXN0IE1ldGhvZD0iUE9TVCIgR3VpZD0iZDkzMGExYTAtNDk2ZS00NDYxLWEwYmYtMGE0MDQ4ZTI0OTkzIiBWZXJzaW9uPSIxLjEiIFVybD0iaHR0cDovLzEwLjExLjM2LjExNDo4MDA3L092ZXJUaW1lL092ZXJ0aW1lUHJlT3JkZXIuYXNweCIgVGhpbmtUaW1lPSIwIiBUaW1lb3V0PSIzMDAiIFBhcnNlRGVwZW5kZW50UmVxdWVzdHM9IlRydWUiIEZvbGxvd1JlZGlyZWN0cz0iVHJ1ZSIgUmVjb3JkUmVzdWx0PSJUcnVlIiBDYWNoZT0iRmFsc2UiIFJlc3BvbnNlVGltZUdvYWw9IjAiIEVuY29kaW5nPSJ1dGYtOCIgRXhwZWN0ZWRIdHRwU3RhdHVzQ29kZT0iMCIgRXhwZWN0ZWRSZXNwb25zZVVybD0iIiBSZXBvcnRpbmdOYW1lPSIiIElnbm9yZUh0dHBTdGF0dXNDb2RlPSJGYWxzZSI+DQogICAgICA8Rm9ybVBvc3RIdHRwQm9keT4NCiAgICAgICAgPEZvcm1Qb3N0UGFyYW1ldGVyIE5hbWU9IlRvb2xraXRTY3JpcHRNYW5hZ2VyMV9IaWRkZW5GaWVsZCIgVmFsdWU9Ijs7QWpheENvbnRyb2xUb29sa2l0LCBWZXJzaW9uPTQuMS43LjYwNywgQ3VsdHVyZT1uZXV0cmFsLCBQdWJsaWNLZXlUb2tlbj0yOGYwMWIwZTg0YjZkNTNlOnpoLUhhbnQ6N2I5NWVkMWEtNmEzZi00MWRkLWJjNWItNjNmMzllZGJjNGI0OmRlMWZlYWIyOmZjZjBlOTkzOmYyYzhlNzA4OjcyMGE1MmJmOmY5Y2VjOWJjOjU4OWVhYTMwOjY5ODEyOWNmOmZiOWI0YzU3OmNjYjk2Y2Y5OmE2N2MyNzAwOjg2MTNhZWE3OjMyMDJhNWEyOmFiMDllM2ZlOjg3MTA0YjdjOmJlNmZiMjk4IiBSZWNvcmRlZFZhbHVlPSI7O0FqYXhDb250cm9sVG9vbGtpdCwgVmVyc2lvbj00LjEuNy42MDcsIEN1bHR1cmU9bmV1dHJhbCwgUHVibGljS2V5VG9rZW49MjhmMDFiMGU4NGI2ZDUzZTp6aC1IYW50OjdiOTVlZDFhLTZhM2YtNDFkZC1iYzViLTYzZjM5ZWRiYzRiNDpkZTFmZWFiMjpmY2YwZTk5MzpmMmM4ZTcwODo3MjBhNTJiZjpmOWNlYzliYzo1ODllYWEzMDo2OTgxMjljZjpmYjliNGM1NzpjY2I5NmNmOTphNjdjMjcwMDo4NjEzYWVhNzozMjAyYTVhMjphYjA5ZTNmZTo4NzEwNGI3YzpiZTZmYjI5OCIgQ29ycmVsYXRpb25CaW5kaW5nPSIiIFVybEVuY29kZT0iVHJ1ZSIgLz4NCiAgICAgICAgPEZvcm1Qb3N0UGFyYW1ldGVyIE5hbWU9Il9fRVZFTlRUQVJHRVQiIFZhbHVlPSJ7eyRISURERU4xLl9fRVZFTlRUQVJHRVR9fSIgUmVjb3JkZWRWYWx1ZT0iIiBDb3JyZWxhdGlvbkJpbmRpbmc9IiIgVXJsRW5jb2RlPSJUcnVlIiAvPg0KICAgICAgICA8Rm9ybVBvc3RQYXJhbWV0ZXIgTmFtZT0iX19FVkVOVEFSR1VNRU5UIiBWYWx1ZT0ie3skSElEREVOMS5fX0VWRU5UQVJHVU1FTlR9fSIgUmVjb3JkZWRWYWx1ZT0iIiBDb3JyZWxhdGlvbkJpbmRpbmc9IiIgVXJsRW5jb2RlPSJUcnVlIiAvPg0KICAgICAgICA8Rm9ybVBvc3RQYXJhbWV0ZXIgTmFtZT0iX19MQVNURk9DVVMiIFZhbHVlPSJ7eyRISURERU4xLl9fTEFTVEZPQ1VTfX0iIFJlY29yZGVkVmFsdWU9IiIgQ29ycmVsYXRpb25CaW5kaW5nPSIiIFVybEVuY29kZT0iVHJ1ZSIgLz4NCiAgICAgICAgPEZvcm1Qb3N0UGFyYW1ldGVyIE5hbWU9Il9fVlNUQVRFIiBWYWx1ZT0ie3skSElEREVOMS5fX1ZTVEFURX19IiBSZWNvcmRlZFZhbHVlPSJBUitMQ0FBQUFBQUFCQUR0UEYxM0UxZVN4cmFhbGlFWVpyRW0yV0VsSlpzWndZRTIvU0haRml3NUo3WkpnQVJrV3lJa1lYSjhaS3RqYTVFbDFwSUozb2M5SmhrSDgyRkNGdk0xa0dRSVNUQmgrQW9CSENDdy8yRDNZUjcyT2NjdFMwL3pBL1poOTM1MDNiNlN1aHZZWk0vbUllYUF5bFYxcStyV3JWdTN1bTZMLzE3VS9HeTl4OS9mMzVYTEZrWnptWHlmL2s5ajZWRzlKNWN2ZENZSDk3eW1qL2YzK3dSUHk5Qys3Y2wwOXNYQlFrWldYdXdhMWdmM3ZKekplSHdjV24xeGNIaFAxM0F1bDljcjhKb0RQdXlBanpqZzJ6aThRUEhOLzdDMmJtbUQwTklreGhKZHVaRzlXN3NYeHhLYjhhY1FTM1FuQ3pyNlNLUkg5S1d4Ukx5UUxJemxkeVJIOUNVSWx5c2tNNWlBMkJQN3MxdTdSV0JBd0N1NTBaRWRzYVpYTXJuM3VwSjVIY2xjdWJiT2cvNDJlWVI0ejViTzF4U1BvTWlxSEkxNldsUlphVjh2aDljcjBYK3hRTThTVmQ0Z3l3aXpRWkU5UW5uaXdNS043MWV2MlIwZnp4ZjBrZFp1ZlRBOWtzeXNDNDdrQjNPam1mVEF1dUFiK21nK25jdHVDcmZLK00rNllOZFlwakEycW0vSzZtT0ZVY3piTXphUVNRK2kxVWprOXVqWlRRUHQ3Y25JWUtSTmlXcGhYZTZJTnNpdHFzZEhyYU8yWVhQa3NCS1ZGYzhpMWJQYy9MVmRqcGltTHdOTXF5ekxpdnlZNlhWWTArdEEwMVBKOURUMEw1dmUyc1lHcFZXMnRhRkRWaXR0Q052WklFZWZ6Z2JxWXVXSmJhanlnMlpyUThkamJHaTNiR2ozTEZHaXhBYTF5Z2ExTldKclEzdTFEWXFkRFdyWXpRWnR2UW8yWVBBcC9hQ3BOVGEwMmNhREl0WXZTalY3bWxCOHFZclNGZ21IbTMwK3Y5Q3Q3eTFzN2ZiOHV5ZlVGNG0weVhKb0hRWWlBSVFCMEFCUUFWQUFrRTBnRER4aDRBa0RUeGg0TkNCcFFOS0FwSUpTRlpTcUlGQ0ZVU3FNVW1HVUFqd0s4Q2hBa2ltQS9uMU5CVUFCQUVqYVRnQVNHZ0FxQUFvQXdCTUhuamp3eElFbkRqeDlRT29EVWgrUWV0c0FpQUFRQmdBazk4THdYaGplQzhON1lIZ1BETytCNFQwd3ZBZUc5OER3SGhnZUE1NFk4TVNBdEFOSU80QzBBNGJ2QUo2YTVaWnJWbEIyV1FJYmh6T3ZNdGZKTlZPV2EweXRzc2RPQlFMOHY0cU5EdUdFLzNvNlgwQmdFaDBKbnY4U1ExMmRXK2lBcnRnMkNuVDJ5ZHUyS1JTUWxZNEtVQUc2YWlKbGpkRXhDSEJZM3NhRERGYTM4U0JJaXpFUkZsMjI2QVFHaGFyQ1dCRElZVFVLS2hhRFlqSjB4ZUpzWnZITmJIUjduQWZaR0RuT2d3eG0zUEZYWVpqR1dBa0lyQXBqSlNEQTdlRTRENEswTFd5U0VTWk5rU3RBSGxiQkh0VXlVK1hNMU9JOHlNUG15UGgyUUVZc095T2NuUmdHTFIwS1k4RWcyTnpMRnBHcGkvZXhPVnVXS2J4bGJYRU9CQVZhQjhOaUVPQTJ5MWR0bks5Mk1sOHhZUVFFWHRtU0puUFNGTXNwQ3VlVXNNVWQ1cmdqVmdCRXVGVnR0N3pWem5rcmFua295bmxvRjFzekpjNkRMT0xDY1I1a2txTnhIZ1JwYnpJVjFreWkxa3ppYjFsYk1NNkRiSm1zVUE5enRuZFlNZjAyRzJZWkpvZTUwTE1jcnJSeGFHNFBXYXJEVmdTMFcyQ0hYQUVxSWYreS9wN2trTDQxajZ2UjEzTkR3LzRXRTlFN3BvK094d3VqNmV3UXdRdTA4SVdDd2YrOHlmZnlXQ0gzOHQ2OW1mSE5Jd042Q3VPNjh2bXVUREtmSC9LSFRCNWNReGZRMy9nZ0t2MHpxT1pQRjFBWkdzdEM5VC9rYjZKSFBzNk5ucjgwVmp1WFgxWitFNWlUcUZtc2l1amdOam9meUJWN3JHTHZ5WlhoYWJjM3VMMWN1Y2Y1elZhVmp1ekNuOStjM0c3aEk0UlAwaFY1bkV0M2ZQTGtZNWsvTGlwamh0c0dYRWFyeUhUY3BxNElRejZvK2VPR095eFlLTE5kd2JZUDI1VXNrYkNzeFZJYVM0OHNNYk44ejQ0T2RsNnhZNUNlbCt5Y1lVZXBlYmo2bDNCbnIrZmlyL042Umg4c0JMdTN4aE5iZDNRbGdvUG9HU3dZZkc5WXp3WmpZYmwxNTE3emZBNm04OEZzcmhETWptVXl3VUl0V2MrZ2NhRlFVTSttZ3NrOEpqTGF1blFlajFxTkJ3QXFGRnBqc2dHR1Y2eTVLOWJjRkdzMmlyVmF4WnF0WXRWZHNlcW1XTFZSck5ZcVZtMFZLKzZLbFJyRnE4bG9PdGgxN0dwemhTMldkMGR6STBGOVM5LzJlSGRuLzlaRVgzZnI3dFJBN3AzVzNZUWgvYzlKbkpWd2lMeUQ1WS9xUVhQZ0psN1JHbUlHbmY0YTVnT0Y4d0UzUFd5aTgrUnE1Z2JlVXlxOVp5bHhVT0htUWJlVnExMDR6bUJZT0lSeVliSXgyU1lHYk9MUmZtL2dINnkwTy9kZXRsb3JtVFRuVURKOWE2WUVvalA4WVdibWg1bUpVSEN0eGIwMkpJWFlyN2c5ZzUxZ1l6M2xVemhHbS9sUUp0V09TYXRpMHV5WXdsVk1ZWjdKemd2RTRLY0kzMWd3bzc5YkNQNWpMcDE5MGhGaE9aakQwWVJzNmN0bDlLNWNTdDhVQ3N1aFlCSUZDMmR4Y0ZPTWdVK3RSRE9WYUx3U0RaUm9QNDBTMVZTaThrcFVVS0wrTkVvVVU0bkNLMUZBaWZMVEtERjE4Q3JrRUZGZ0s5OU1XbGJHUVVud2wyZkxYNTR0ZjNtMi9PWFprcS9rYllyNi80dG55eldvZmtycG84R0JjYjdjNVFwUXJpVGthaHRXYmdUOWl4RkV5dlU3alJXOU5LdGpxbFkwM2lwYWNWYXprTFVQV2ErUk5mQlkwNUcxS2xtVEQ0WmJ6VXZHd3hxY3JPWEplcWlzV1FqRHJkWXBhNmF5OWlwcnVNSncxbXUwMnJTc3A4c2FrMEN5MnIyc1NZeDVvdWhuLzM3QUFMUFZQd2JtbmNBY2pZYTRuaVhYS0xXNjE3VTk3M0IxZTlYcWdqUG1TSFV2MXVxdnMyWThhOXl5cmp3ajFUUjNyZTQrNi9jekhuWW53RzRKOEwyQnZ4azZFSG9obVVnTzVZZDg5ZlVOelNuZlN2UnZzNi9lMzlML2VucG91TkNaMjk4NXFpZjNiTTRtQnpKNmFqamxxMzhYY1RYV0x5SmNpOTlJNTlPSU1KeEsxWHNJcGpHaDd5OTRuaTJkUGJsdy9NUDV1YXQvZlhDMGRPWEl3dXkwOFhEeWg0bXZFTjl2TVYvZ0djL1M0bzI1MHMzajVjTVRwUXRIRVg2TmlXK2V2M2ZQT0h5dWRPdGc4ZDV4SkFlUkpDQ1ZUbjFkbnZ6endsY2ZHVk9YRnk1OWpFanJtMDJUc1BuTFV5bmZvbmRUOVFvZ0JZeHM5b24rWmQzSlF2S05aR1pNZnlXdFoxS2VSbHcwK0ovQldHd3dSWW9ZaVN0Sy81TCs1ekdwTXplV1RRMzVGN1BaTDI5cFhDR2hIelNsOG9HNTRvbUQrSmZsZEp0SnlPTFM3R0Zrc1k5dVNhbDQ2K1Q4L1MvS0IyNGJENy9HYUJwS1V2SE9WT21iKytXREg1YytuVWJvbHNZNmdVb1E2RGlCOHExYzI5QTRoSDdJakR4a0dvRmwxUEJBczJWcllQbFFZQVcyYk1VVFdvWVNnYlJ3Ni83Qzdac0xCejlidUhhaC9NR3NqKzU5azgrNGRxaDQ3QkpDcjZMN1hpcCtlZFU0Y3BhT01hWStMSDU2SElpOXNqUi83NHZpbVJPVVdKcTlXcHFkQW1JZjZDbCtlcWQ0NlVnSnJkcmhEeER4T2JwclRXTDUxSkdGc3cvbTV5YUFrcWlpM0RzS0Z1NlVKZVBTalBIRktXUTFpaTRUL2VTZTl0RXRqTkVJWjV6ODBEaHhBQXVobTlWRTA4bFN0R2FoNXg4Y29OYjc2TjQwMFpZTDZYWUUyZGN2RnovN0VxRmJWdkNMaTF3dlVGY0wxTFVDZGFKQTNTVlF4d2pVQ3dLZGNtVlFDSFFLQWpWWm9DWUsxQ1NCbW9EaVpzVlE5UThKb3NXUEQ2S1hmbVFRN1ZBQVRaWUk3VkdLVnFXRk85K1U3bDZ2UW12Uy9QZm5rY2NyMGJXUlNOR3FoVFltWnhtM1pnWm8rZlQ1K1VmdkkvVGo0N1pIa1l5clo0b3pEM2tpRzZsS3h0SHJ4dVJSV3lMU05uTjkvdjZaS3VJTDlQeVRhTEFaYys4YmYvcldkbnhFS24xendiaCtkUDdSaGRMc2FkTlpRR3lUeXAvUGx2LzROWm8xZGtrRjBXbXYrZWlwS2lFOUtKR3lNUlN0U3VWemVBTVV6MDlqVjRBb1RTb2QvTm80ZkprWHlJaGh5WGg0RzBXd3VTaVZ4SWhrZkhmTCtPaUdLYkJTVzV0VXZIMFg3OCtLTVU1NWdCSVZxWGp3ME1MTUxNK0NSajVIejNpODRzVlRaNDE3VnlvcHR1bkRSNnNBcVR6eFJ4UnFsQUsyeGNFVFZXaE5Ndk1Bb0oxejBDcGFOK0RJUWZIQjAyR21DYlVpT0txSW11bTZLdUxUcFRhOEcxR1ZoOUVJaDRZVGhFb1FkSVdmTHZtdG90VU1KRDlxL2N6bmlJanRwaFVPcEVBVXNkL01NYUp6MnNRVmo3bjVpc2RtamZzWFRXNnNCNFZvK2ZEZENqVFdRSmVzOUdER3VISE1SS09VUnRibTN1a0s3Z2ptUG5lL2RQa21GVVhSZHBsNkZhMnJ3TUNUM3hySHA2ek5TR3N0azRpMzVKR3pOREtwUUxzY3Y0cFdZK0RDYTU4WHArNVlHNHRXYUVDY3hnSXJpSllqamJsYlBOSGg2RmhGNnpvdy85Z1U4citaRjRqQWlGcGxpakU5Zy94bEVpMXROREFxUm9hcnhjNDhXcmg2eWlSR3FvalVJSlBZeG9qbGlZZkcrMzltaWJ2bEpidURib2RDUDFUNm9mR25YNHdpWXhwL0Z2YlFBVDJVMW1QU3d2UWpRai9hK0ZPemx3N29wUU42NllCZU9xQ1hEdWh0NDgvWFBqcWdUK1ZQMnpoRnhrMmt4aC9CQ1VwTFVGcENxenFYNlg0VTZDNnNPYVh4M2hMb0xyTE9iTHcvQkxvZkJCci9BbzEzZ2NhM2RheHJsRk5UK1VNK1RKRmhFNm14azErZ0VTUFEyQkJvRkFoMHZRVzZzZ0pkUTFRanZGUlRJenpWRHlrb05LaXpSYlBPUnJWRmsvVklpeXFNWnlvNnRhek1xSzh0TTN5MEgwY1NHOXB6Yzk4dmZISVJKWU9XK2pxQlVwRE45ZFhWY0pQMTBPeXNyS0ZXMlc5b3o4OVV0bTFzWkNCblRFOVFqYy9ScnBsSmkyL2Z6Q2d0RGNnV01sQ2dQTWlraHByaXFzbDZlbmUycWJuV3BtZHArNUczU2RxbUlPV1VvRllTVkNERUtrZkU4QWdmN2ZkWlU1QTJNL1NyUFBwVmh0N0NvN2N3OUhZZXZaMmhlM2wwTDBQMzhlZytodDdKbzNjeTlDNGV2WXVoMytUUmJ6TDBXeno2TFlaK20wZS9qZEV0elhVQ2RTWDlVQVhxSm9FNlJhQk9FT2lrQlRwSmdVNUtvSk1RcU5FQ05WS2dSZ25VQ0lFcVJTdmZiTGNqdkJBRlM3aUxHdWN3MkZVYkJpOUEzMWNxbnZ6S09IcWFsblg4R2l1dDlCcUhOWXVkT1NWbDRmWWZYb0FldFlTS0QvUkkvaGlKdUpudHpFa2tCcUhQWnNlSEZrSlp4OHVMMjh2RGZKeTBNQzdjcnB3cG4vdURxelRjbW5QaTQ2UkZzRzJQL21SYy9hU0dLd2pOVTZuMDVhUGlKdzlkMWVHV254T2ZwUTczcDZYaXFSdkZXemZjcEpHV3RoTWZrVmJGckRveXEweTFnbFZmK01BNC82K3VxaFdpMnA2UG13aDJpM0htME1MRHk2N1NpRnNjK0RocDdVamEvTnloNG8yUGE3aElVT0tMRlR6RmhTdmZ1UWNsdVlGeDVyVENITitCNEdDejN3N0FvanF5cU1DaU9iSm9RZWo2U2dZcUcyL2V0STh3M04yV2NNeGYvTnpObGFRSjdzUm51Ukxmd3FDbjB0UElCYTdTMnNuQzJQTlowdkNsRFhxTW1UUHVuWGVUUnU1Mm5QZ3NuK043THFsNEEzSGRkVjlGY2lIbXpFa2svcmJUdkNMRHM3RFo1NVJWNFlTU0RPakdUT1QrUGZUbkhWalp1b1hKRXlSK1RweHdZTUJMVWJwNTNEajJtWnZ6eUgyREV4OWJDbkpkSTVWUDNzVTlEV2RwOUZiSGljK1NodStkU0REWlJDVW5qVnhQT2ZGeDBraU1YMFNQM3FkZHBkRU1iOC9IU2NOK0szN3lxSGo1aUtzMDRqY0hQa3VhU2tMNDJ2blNHYmZUaDk1a092RVJhWUZPOCtwVVFzOTU2S0VWUFhsVlJBL1FWWHU2U3EzQmZpK2V2Yjd3OEppck5jVHZEbnpjM0RSNm5KU09IWGFWcHBuSGlSMWYxWEZDTDBJZG1WV21taHdBbngyek82eUJRWFZnTUYxQk10WGtJY1BtYU1DYmtGeDNTc2IwYVhRd2xBOU8xL0NzdDJ3bUY2TXVySmJId21RWFBad3UzblRiay9TMjA0blBrb1p2UDZYNWV6T2w5eSs0U1NPWHBFNThuRFNTTDg1Y0xaK2JkSlZHODRVOVgvVnFrcXRxUjJhMm1tMmtxRG80N1g1cTBKdG1KejVySXZoS1V5b2RPV0duODNlZDV1Mit1WFBSa1Y4OC9WRU5tMm9wSmE4Q3VITnpxdHRwekJUbnJydE5wTDNkREJnN1BrNWFsRW96dmozZ0tpMXFTclBqWTRjS3VkUEZod3F1RjZackV5QVh6eDJ5ZVRvN3NGb1c0bmNPY05scDNIU2RMM2sxd1ltUGswYThkK0tDWFg0bURGSEZyRisvTytXbUxxcEEvV3JEUjlTUk1NQVg5Qkl1MU5CRUp3OFZ6OVNtT2k0TXlHMitPemVSM0xLclRvUUhIaTk3OGhIaGljWExIbDFFZU9qd3NxY1BFWjRjdk93UlFvU25CQkhLZkMrcjkwVW92NzJzYUdlUUtrSTE3V1ZsdFFnbHNaZlZ4aUtVdnlKVXIxNVd4b3BRcHdLZ0FxQ0pVRm1LVUJwNldZMG9RbjNuWllXZUNFV2FsMVZySXRSWlhsWndpVkFsZVZtNUpFSXhKRUxGSTBMSjRtVzFpd2gxaDVjVklDSVVEMTVXUlloUUFYaFpLU0RDTWU1bDU3a0laN0dYSGNvaW5Mc0FxQ0lja1Y1MlZvcHdkSG5aZ2NjZ2s3OHRyZ0JnWWt5M2srUER5ODRSRVE0QUx6c0pSTWppWHBiT1JjaXVYcGFUR1VURnQ1bXJRck9tQ0lsUmhKem1aY2xOaEpUa1pibEpoTHppWlFsR2hNemdaU2xDaEwzdFpadGNoSDBzd2tiMHNoMHB3ajd5c2cyMWNtM0RyaC9YMzNOdi9MV1RDL2Q2OGlZQWZsK2d5YitrSDMvZEYzOVpJbG53TEIxSFA3OWZ2MzM3NzllblV2Nm0vbmdoT1ZvZ1h3ZXUrN2YwMFhOLytRL1JML1p2enFaTVZHZGo0T3AvaWtqRTFueWZua3pGc3BueFljU1F5T1V5aWZSZWo3UzdmUC9UNG9uRDd3U05qeDhZSDEwcG52NnllTzdEdno0NHVydDg3aXpCRitjbXkyZS9NQ1l2R2RlK295OG5ZUE1XTlMvSG4vN0Z1ZXhnSmoyNHgvUDJ6a0k2MDk4MXZLY3p0eitSR3hySzZPVDFoWFFtWFJoZkhTcnNMOUR2TEhmcVErbHMvK0R3SG9zYVdoZXNwcWZTKy9BckFpK1A2c25RbW8ycFZBcTVBeW56NUF2akdkMFQyS2VQRnRLRHlZeVV6S1NIc2hzS3ViMGI5ekZ4R3paYWIxRDg3MmFKUmpibHNxbUJESjNac3NKd090KzZENy9mc0NrVTJwaENpK0lUL0lMdGNuaHJWbU1MZnNPaFlqRzI0SDRtV3RiQXJ5b0hCLzZHcldCZ0pWdTVRTXR3d1Bkamx5bndhODhiVDdZK3lGYVgxY0ZVKzdVSlBQdkV5eEo0N3FuWEkvQzM5cXNRK0UyVkMxY3h0d2YranZOM0ZIK1hma1ZEWGJPdk1iQjhDTCtCc3JXZ2ozVGx4cktGZWs5cTBYSmZIZjZ6ZE9YYXVqcmFjMTlLVEczMGUvRVhoYnB5bWR4bzAxZUwvSTM5ejhjNzYwWDhJays5NlY3Njdzd2lKWldpNy9hZ1gycStqazY4MC9KZWJqUWxEZUQzZlRhUWY1R1hNbWdhamVZbzgrdk44SzRQeHREUkNDT1ltTVdsTzJkanhzVGxGSTBnOHFKUGVYSWFYNzNkbUNwZW1FSjQwY1RiZjNrL2hadW9sSUgvR2o5Q041bG8vRjE3OU9zU3NPRjMyWUg4M28xa2tiSHpBc2dOZ2FDdEMxUmJGNFIvRGk3Z3YxeGY0UUxycS82OEM1UlcyZFlGRFk5emdXYnJBdTFuN1FMckcvWlA0b0xHeDdrZ2JPc0M1ZWZnQXY2L04rQmR3UDFIQjd3TDFOYUlyUXM4ajNOQnhOWUZiZi92THFqNjN4VitSQlJRRzViaUZ4TTNrcmtqdzFOa1pzK2swdm05bWVUNGhtd3VxMjlNL1E5ck9najlnVVVBQUE9PSIgQ29ycmVsYXRpb25CaW5kaW5nPSIiIFVybEVuY29kZT0iVHJ1ZSIgLz4NCiAgICAgICAgPEZvcm1Qb3N0UGFyYW1ldGVyIE5hbWU9Il9fVklFV1NUQVRFIiBWYWx1ZT0ie3skSElEREVOMS5fX1ZJRVdTVEFURX19IiBSZWNvcmRlZFZhbHVlPSIiIENvcnJlbGF0aW9uQmluZGluZz0iIiBVcmxFbmNvZGU9IlRydWUiIC8+DQogICAgICAgIDxGb3JtUG9zdFBhcmFtZXRlciBOYW1lPSJfX1NDUk9MTFBPU0lUSU9OWCIgVmFsdWU9Int7JEhJRERFTjEuX19TQ1JPTExQT1NJVElPTlh9fSIgUmVjb3JkZWRWYWx1ZT0iMCIgQ29ycmVsYXRpb25CaW5kaW5nPSIiIFVybEVuY29kZT0iVHJ1ZSIgLz4NCiAgICAgICAgPEZvcm1Qb3N0UGFyYW1ldGVyIE5hbWU9Il9fU0NST0xMUE9TSVRJT05ZIiBWYWx1ZT0ie3skSElEREVOMS5fX1NDUk9MTFBPU0lUSU9OWX19IiBSZWNvcmRlZFZhbHVlPSIwIiBDb3JyZWxhdGlvbkJpbmRpbmc9IiIgVXJsRW5jb2RlPSJUcnVlIiAvPg0KICAgICAgICA8Rm9ybVBvc3RQYXJhbWV0ZXIgTmFtZT0iX19WSUVXU1RBVEVFTkNSWVBURUQiIFZhbHVlPSJ7eyRISURERU4xLl9fVklFV1NUQVRFRU5DUllQVEVEfX0iIFJlY29yZGVkVmFsdWU9IiIgQ29ycmVsYXRpb25CaW5kaW5nPSIiIFVybEVuY29kZT0iVHJ1ZSIgLz4NCiAgICAgICAgPEZvcm1Qb3N0UGFyYW1ldGVyIE5hbWU9Il9fRVZFTlRWQUxJREFUSU9OIiBWYWx1ZT0ie3skSElEREVOMS5fX0VWRU5UVkFMSURBVElPTn19IiBSZWNvcmRlZFZhbHVlPSIyL1NmRlFvbUdLVytLRmZROEQ1ejJsaHRlR1lsa3N2Y3kwMlNoVDZtVE1BcXprQ29jTmN4SjY0b0tvUS96RmlQL1o2UzU1RFZDU1A1NWkrYmVDZ3JXNE52THEwbndWNFhwU3lRTis5NTFNVGt2c1Z4MkdXNThjdEJiKzc0UXJGZmpGL2pQcFpPdVBNYjYzc3BtZ215WTFYd1VtVXBxVzZlOThRSll0bDhwQWRXUHlCMk0vSmxiQzYvaXN3Z1RhUllRU0x6M1dtT2tPSTZoek45aTJlOUtZY0dFZ0RqeGFyeWF3YVg2YTlLcFlmbmtxZjlWSFgvOHRmT29RVG1pWTdWRUVJODRrNGlRYjZJT2trZGc5N2NwYjByd2FHbEczUUpJTWZvNjVhOWdLdWhSTDNRTGNxcGx4WTBlZkNOMTByWjR4NWpmWHNzM1hUNXZSK2Z1b3FYblBabEUxMnpaaFRpZ2dxZnVHQmtmMVFVN2h5N084OFpGQjAwRFF0TmhjZmYzTjNHam9JNllvaEsxL2RuR0ovc29aTjBabzIrdFp5TGdDbkFjclFmZGlPWGozWHlZcytjeFI3Y2daUnMyU1F5RDJiS2JlRythTloyMEVHZ2FKVUMvNDhXZFFvNzRiQzJDQVBsUU1SckdjcXRFM0Z5WkVjNG5UM29oK3VUWS9NdHFmS1EzNnZnRFM4RWNYQXRKN1hLcDFTRGFxbGdRWTNTSk1RWUxwMXdSb3hYYmFRN1o4anF1YmpKSjN1KzBEaTI5KzBZSzVHOXZyb0lwMDNZL0dDSlFFdTJoaWpJOGtIOGZvUEl4OVh2cUNhNGREaHJGSmNSeFpzbWd6eTY0WWxlV2RSSWlmNmtnYU5IOTUzdHpyazc4a3hwRVdOWVZ0b0U0K3ZxQjlSWnNsMk9xUGdkMVIreWJxemdZZDEzOWJ2S2REQ1Vlb015VU1hMmNqWHQwckM5ZENTU3U2OC9idlhqcWQ5RHJ4WHF0TWdPeUY3N3RFM1BIOGpkY2llRzZrRnRPdjlTOXdXdGQxbnRNLzRMckw5QThldjJSSUxwejBCRHRNL1pIK09vbjlFeXRRZjhCMExMVGVYVTZzVnp1ajl0bG5NREpaNjlZS0tlYWhZOVVVRm9ucjBjUm1lTUFTTDk1bnZ1WVJ6dlh2akZESFlFaFIwckhIWEFWbG5XdlhtUkdrK3hKRDlLREdyNkxiK0ZnSUI4b3l3dnpZMFNVZ1NLZXUzK0NMNkQ4QjRiRHJldjFZRDFua0JYTXJJZUFjeGRBNDhmUjVpWDF5ZjM2VUtueUVQb2I1b0tDMEl3TUsrdWxuSlRVSUgxV1FLTjlwa2lZMW95K2Z5czV6OVpKcnlmUFNDbU5OSG5WdzNZYnRZK1BxM0Nmdmoxa1JXckd4VGFheUFyRlNZZUZvOUNlWktVamoxekk0RHMzUUROa0tjbjdQUjdPbks4LzYrVlVlaFR3b00wN202WHljSTFDc3dDRTJGNmd1OWZDa1Y3OTNzaEhMVUdsTHhyWWxsaUV1YlZac2RRZHh0T2J3OVJPM1ZoZDhpSG5mRzNhMS9ZTm1zWEhFdFhOSW1RdDNEQlhHRzRqRTl3aXRrQmtJY3JMRGZ0S01NcXZXY096Q3ovNEJnTC90NXAyc0JGeWZadjRPK293WE95R2ppYk01MkVFWXFqa2tGY1dwTWMwTUkxVEdNeHY4RW9acXNEanp1a0RUKzlaYWZWeVRMVkJUdmUxcVAzQnNRRnY4UHVzM2tIcEhwenpjUXprUXlKSHFmSkhjRU04M3QrdXJQWTNyOHJ0anZXc0tsYXl6dDQyL0ZZVHJXMEx5dWZoMk5IMjRFQlN6UFUyaXBGR1RSYnNCa1JQaXhiV1I2R2h0Wmp4R0hSaDk0K2VOYUYxdHBiald4dXNCWExCVk1uRVI3WVRoOGF5c0tRU2l6NG1GM3ZaYUZsMjVWZVN3Y3QzbWxObmJPZ3R3OW5pYXVKUWl0SjRZdUFubmhKSzdSVEYxbS9uZXB6SVBySm93aHNtNkZqUEZTWWJvT2NXWGJFWlVsZlU2Q01WM2tTaEtnU2NJOTdLdmVhZVp6VGlUZFpQQjBIV1BqZGlScTJnbEQyZUhqcXRSWHR3QW1pVk9PTnkyY1BqS21SL2d6blE4QjR0b21wRG9kd0lZLzNrZU9BNEZ2eXZ5a05kSDkxM2o2bklmZmM3N3AvcFBhQmdkSXIyN1I4RTJSN216bllVOHBhQVJ3VEd6T21RYVdoM2dkTW1tMnpJNG9ORndRYWRSOVIrTDhTZUVhZDVxdi92TThjdlh5dyt2akhLejBOQ2RNWHF5aCtJb2g5bFJjR01KdU42ZjdEdThCTzB1Q293VmhLZFpRc0l5di9wbzlHU2ZrV1pMREJwa1RRUHBPUFZuaU5mVmdiSk1OWGF6RTI5bUtwR3hka2ZUbTkyM3NneTZ2a0tDYXhmZmV3Ync3alZ4Z0ZjT3k1aWdVcmJyQklzOW1WTHR6SGExbHpublZoZndwRE9DSHM4N2xkRGZJRVdWM1cwUlNnQlFiNGk3QVV3UUNvRmduMGdxYzVua0dDRUVhTzFxMEpJajRodjZ4U2wxUnJicnp4Tkd2TDMxLy8xSGxkNWZtSlArcm9CY25waVB2STBnaWhlSGVFS2o1UnluMFBSK0ROL0hmQVZodCtseWpoaFNvWlhaNVVxZWpIcU1sN1h3blFHQnVPMkRCRHlRTklHblJCSnhMR2hRVG9Ca1FuTzlXS0kyQTVOZldsV1Jza2lyVTVFeXBLNlBHWGIwZUtYMnJvNklaV3hiU3h5MUVGVjIxc1NyME1sMmw1eTAzeHk4WTdna1JDMHNpT09XQnY3UFFEUUsvQlFVenlueDNHMDF0V1B5b0hORG0zMEFId2hZeDFsSC9BMDcrYjFIYU96dS80SEpuc3QvY21NNG5rYmROQkNpNm5Fd2kwZXY3eloydG5HRDRmaGFGVnhqVk0wRUdNV2dIL1ExOWtCbHlTQy81M0w3U2d2aHI1RWlOVStnaFlKalluN1R6LzVLNndmOCtZRFViUUhvMVFpR2RyYzkxTFcydDE0eG5odmNvZ0xqSnJwK2xYNTY3YVRpbU04UjlweHpzK2V0amJHUlQ4UTlza0RnbTRzbnYwbFo1U3NjOHc0OEIweXhHVEZYbFlrVUVqWVdBcnkxQlJDKzk5QXZoanVoMnBBTjJJMTJwZDNTNnYzU2h3b25hZUNRMDJ3VWZFMVFNaitpVFI5bXEvNWpRRE93c2RlRmNuMG90UncycVlHL0xsanVUNzE5eXFqdGRIMUVRZXVFTXc3cTB0VnhYOUF0cm1KbzhqNUQ0ZXZiZG5zYUhLVk9qMzNheWZTTEUxK1NuWjByVWNiaFlHODJJbXQxdVNqZzZ2dnFPeXNtSm1Xbll1SGR4bS9Tb1hTNzdEZ2tBMENuRmNQWkNQTlRvbU1UTXZvWnhDNEZOVC9UUlZkNWdLV3RDZVlOelY1ckVZSmVSL1NMM2s1UzR0OC9IQi9DT0VKbDU1M3lQczVKeDlZTVpWemQzZS8vcWxGYXozUnp4bVJQbzF0Q2xXaU10NjRNU3pEeDREY3Z2d0MyV3NacEJHZWNlb1oyR2wzbHgwVndHaVZXSHRQY1gzVWY4bmRtU0xPQ1d3dGlrcytiL29CbXo2VzhXZytUeXhXZ2dDNE8wNWgzNWl4Q0pteWZJMVRGSG8zS0N2K1ZLS1NXNW9iWXZ5cXNTcTlDb1Y2M0JLa0J5RHA3eGJwVHE1Q05ISTBmelI1NkxoUFVHbVd0WXRwOUFTRlc1ZTFHTGdYZ1lpanVSdlErMHVNdyszM1ZMVDZMSTduemJpRGlSTS9vMHpPbEhwQWwyaGtmMEx6M2hjaTd4TGZQQVdKZ2M0K2g4cVNmWVBTUFlxUjk0N043L2c1NmtoMUlTSXZMYmJSdEQ0S3hVUTNzMHVGbHYvd0NDTVZONDBYY1pYSHhLMnEyTlB5bTdXZDFwcEZrRGNOZzcrL0ZXRUF2Ylo2WDYrRDA1VU5WNE1uSnJJazhURmUzZlhVTjRqWk5vMFJhenJNSnd1VGVVZDNMakFucGVsWjZtaHRLTjFkRlBzT0poTjRDN1NtYTRybzZlYk9naHVGbkxONzJuOTJtWGloRUVTRnlNOUdDbExUUS9FM3F5MGRoNEJLcldPZTVHY2t6bFA3a2psZjcrR29sZ1Q0V1ZqUUsrblZ0c2RNNFJhVERsVXI2bURlbUszSjBiVWZkM2NyVkJ1YmlGUFE4UDRwM09uSmhmQk52bW92MEc5aWJ2cHgwL3h3dUJkY3lBU1huMHZzdXJQQlNkak1qbTVlV0tQSGJMY2dvdk9tdEU2Y3N0ZDVuTnViaFlsSWgwYXU3TnFPeXdEWmo5NXFmbVk5eEl2a25QeUNOSCs3Uk8rNGtiOWl4c2VoSC9qTWI5VXFNK2tEb2RzR3luNFNPUGFrYk5qYjdoM3VxSzQrNi9Vd3phYkZ0cGluN3ZxTDFFY1haUTBURnNOOXVHeW1HeDhmZTVGVkhiS3dIV21OTjBwczhVQ2t4ckl4SlB2M3llNTR6NHNPNVdLMmU1NjhkZzRCVlZYdG9zKzJNMEhIM2pTNVRiRlVUZjByQVYxdi9pTW9GemNiNUFWd1R1eFJrSkFiK0VUTDlFMWROaEo3SGZEbWxsWU0wU2lEbzFpSDdHd28zUHgvdlZiUFBPR2c0TGt5M2R2RldYSW12M0tKb24rMWRGWHhmTGk1ZG4xVVRaMjgvOUN1b3pJTTBKcnRqb0hIYU9VaEFTN21zNkJIRkRPQmhpOFg0UDJtOXBtQWNISmxRMURVYnR3QXUwZDladm9KWE9SejRSVVYydER6ZU9NRVpteW9nam9RWlV3bEZyampES2dzVGd2R2ozdGd0Nlh5V3lVNnRYa0Vybnp3S0F5TVR0NUg0QkRPNG9XV1ZmeUtwd1FVODBZOHBKb2p3K1VGOGVVS3ZJT3VHbmw4ZFNGSTJnRjA3WENDWW1GZjRzcHV0SVZrNUhlRG9TZ3cvZmdHMXkzMUpyMDN4azVKMzQyRVlaaGtGNU1vNXVDTVByWjQweHYvZ05aR1BPeS8vbk0rcDZyNHY4ZHBkWGhGMTNFSmZGcHBxcmJwSlpqSFV4SjVCblI0anhOT2JzcmR6Z2dEUExSN3huL0JUTEg3VEVKdG5Ga2VrY1JzWW9ieFlkSllKNGZvY2R2ZmlEbDFPbU9DTnRGYVRZdi9zSHk4bHpSeFBRcDJkYytMdUdVcEdiWThtOG8vY3RDQis4N1Y3UmhaQmliRnJpdGJITVZUT1NZVDJzTkZCdXRyOGhnSStIOVZYbDZ4YmhqUjBvZ0hzMG5KZEgyUmpvOE9sNzdWRFBoSGJaTGpHNERzTlozWkVkN3lCWTZsOHBRMGJYZmpld2hpc3pKUStPeW8xL2xhM2xWQW1yK3RYNjRUVGN4Y1VlMnVzU0xIZkpWOEQxV0JYZFVJYXorbDdUWEdCRXJ4dEJzbTFoY3dzc2N2MU02TXdIaDUyUFpIeXJNd2xYWTJNdVNwV1lFY3RrYXpxM2hTTHhBWFB1bThmcnppaHczYUg0V2I4NjMxVWQ2SjdyTVg0ZjNBVDFobENNcVhwWkp6eFpzajRhMkx6dmEzY0d0aGJUQWhsN1FJdDRaRERMMHpOQjhSdHNGUDdxTjViWVJERS9RYWJBMXAzTHJITEZsRnBRb3B0bGUyamFsdU5vWWpkUDFRVkcxVThhaU5nbWlHUUlFV0FKYlpRRXg3bWk5eXJJZlJRa0Y1RHUyVzRObTA0dG00TFhmajVSbG5zcDNDenJ4MGpBWHdJbGhnejU3eUNaT0J5dTRVTnBNaW1iRkhWNGdFcmppUEFJTzBvcTBjWnN2N25WdmMyME8yTjdiR25nYVU1OHRnQjI0SWVOeGV5UjI1V3FEc3BCTEh5VXJld0V1OTJtYm1scjVCSDVOYTdtNnhMQ3dwMlNVYStucUtzSHN4QlZlQ1lBbFczVjRraDNUV0NMd05uN205SU1DQml1U3pzaUgza0hYS0NwdHpYN2M2dXlYL056ZGZEOTE1amNjV3gya25YTERLR0pxYnRaZFB1b3ZEMERKMGIwYjJVSmFXQ3dTRk0zaFNpeWdVNUJHcHFOY2tFMFc1REdVOEdmM0kzSjV3Ykx6dUJPc1ZsR2hLb3R4MkNsUnU1ZEh1RWo1a2pWcXk0VlJMaHZkYjgwdUZiQUdNSkZLWm1HbkVkUFBSZkNsN0tqZTFpWFp6UEVmeExKQmFjK2NEVk1VNzBaOVplYURxQk1ndFZ3OUppK1lpYjBobkxLcU5PdkNST1k5eFRWcjB4b29zdy9ndDV6MlRSV2Q4MGlWZ21xNFRsVE5nS0tkdWVmemY1Rm1MdU5GQ3RaR1drVnFKc1o0dWZhaFpidlFtM1ppQ3F2NzkzWis2ZzdGdFdaaWpPN1Vna2xuVGpyNDdtL3NVYUpEMFdSVFYxdzZYNVVzYldwV3M0QWU4dVdTRWpnampJdkphWXE5UGQ2cGdsMnNoSUhrZnZud2d5UVpQOEIvTGJiM3E5WDhsOUFwaGFNYXEwSGJValZ3eDdEZS9NSVRuNXpkQ2E0akxjWjFTZ2lHY3NOc1JBd21nelg2c1hUeXZyaDZCbGtLR2FSVkZ2Uk0yRzVPSitkTVVTZHNnaUQ2a1B5OExIMUtzQ0Z2Wm5UV0dUQUtuaFkzUVg5SnZxZHV6UktvUHhOMTh6cWlkeW5qOTJNLy9uTHVDZ3krMXk0VUJSYUIvOWNXS1lJcXhHK0VyVnJZbjBoV2NxYlpvQVFlVDFsMVZoaVZrdWJpU1RXZ1NOZHAzZzlnRGh6N252OUV1ZkJCRSsxc3pobnl2S3VkUVJ1NTYralJyemJOM09PSnZuc2FpSWNIWXZ5YTRtY25TbHd3QkZYcDBVSllTRmhyWFYvTXJxUDlQUnpQZHJxYlA1THIxbUJFNVBRandBPT0iIENvcnJlbGF0aW9uQmluZGluZz0iIiBVcmxFbmNvZGU9IlRydWUiIC8+DQogICAgICAgIDxGb3JtUG9zdFBhcmFtZXRlciBOYW1lPSJTY3JlZW5XaWR0aCIgVmFsdWU9Int7JEhJRERFTjEuU2NyZWVuV2lkdGh9fSIgUmVjb3JkZWRWYWx1ZT0iIiBDb3JyZWxhdGlvbkJpbmRpbmc9IiIgVXJsRW5jb2RlPSJUcnVlIiAvPg0KICAgICAgICA8Rm9ybVBvc3RQYXJhbWV0ZXIgTmFtZT0iU2NyZWVuSGVpZ2h0IiBWYWx1ZT0ie3skSElEREVOMS5TY3JlZW5IZWlnaHR9fSIgUmVjb3JkZWRWYWx1ZT0iIiBDb3JyZWxhdGlvbkJpbmRpbmc9IiIgVXJsRW5jb2RlPSJUcnVlIiAvPg0KICAgICAgICA8Rm9ybVBvc3RQYXJhbWV0ZXIgTmFtZT0iYnRuQWN0aW9uWCIgVmFsdWU9Iua4hemZpCIgUmVjb3JkZWRWYWx1ZT0i5riF6ZmkIiBDb3JyZWxhdGlvbkJpbmRpbmc9Int7Rm9ybVBvc3RQYXJhbTEuYnRuQWN0aW9uWH19IiBVcmxFbmNvZGU9IlRydWUiIC8+DQogICAgICAgIDxGb3JtUG9zdFBhcmFtZXRlciBOYW1lPSJkZGxPcmdBbmRGbG93IiBWYWx1ZT0iIiBSZWNvcmRlZFZhbHVlPSIiIENvcnJlbGF0aW9uQmluZGluZz0iIiBVcmxFbmNvZGU9IlRydWUiIC8+DQogICAgICAgIDxGb3JtUG9zdFBhcmFtZXRlciBOYW1lPSJkZGxRdWVyeUNvbmRpdGlvbnMiIFZhbHVlPSIwIiBSZWNvcmRlZFZhbHVlPSIwIiBDb3JyZWxhdGlvbkJpbmRpbmc9Int7Rm9ybVBvc3RQYXJhbTMuZGRsUXVlcnlDb25kaXRpb25zfX0iIFVybEVuY29kZT0iVHJ1ZSIgLz4NCiAgICAgICAgPEZvcm1Qb3N0UGFyYW1ldGVyIE5hbWU9InR4dE9URW1wSUQiIFZhbHVlPSIxMDIwOTkiIFJlY29yZGVkVmFsdWU9IjEwMjA5OSIgQ29ycmVsYXRpb25CaW5kaW5nPSJ7e0Zvcm1Qb3N0UGFyYW0yLnR4dE9URW1wSUR9fSIgVXJsRW5jb2RlPSJUcnVlIiAvPg0KICAgICAgICA8Rm9ybVBvc3RQYXJhbWV0ZXIgTmFtZT0idHh0T1RFbXBOYW1lIiBWYWx1ZT0iIiBSZWNvcmRlZFZhbHVlPSIiIENvcnJlbGF0aW9uQmluZGluZz0iIiBVcmxFbmNvZGU9IlRydWUiIC8+DQogICAgICAgIDxGb3JtUG9zdFBhcmFtZXRlciBOYW1lPSJ0eHRPVEZvcm1OTyIgVmFsdWU9IiIgUmVjb3JkZWRWYWx1ZT0iIiBDb3JyZWxhdGlvbkJpbmRpbmc9IiIgVXJsRW5jb2RlPSJUcnVlIiAvPg0KICAgICAgICA8Rm9ybVBvc3RQYXJhbWV0ZXIgTmFtZT0iZGRsT1RTdGF0dXMiIFZhbHVlPSIyIiBSZWNvcmRlZFZhbHVlPSIyIiBDb3JyZWxhdGlvbkJpbmRpbmc9Int7Rm9ybVBvc3RQYXJhbTQuZGRsT1RTdGF0dXN9fSIgVXJsRW5jb2RlPSJUcnVlIiAvPg0KICAgICAgICA8Rm9ybVBvc3RQYXJhbWV0ZXIgTmFtZT0idHh0T1REYXRlQmVnaW4kdHh0RGF0ZSIgVmFsdWU9IiIgUmVjb3JkZWRWYWx1ZT0iIiBDb3JyZWxhdGlvbkJpbmRpbmc9IiIgVXJsRW5jb2RlPSJUcnVlIiAvPg0KICAgICAgICA8Rm9ybVBvc3RQYXJhbWV0ZXIgTmFtZT0idHh0T1REYXRlRW5kJHR4dERhdGUiIFZhbHVlPSIiIFJlY29yZGVkVmFsdWU9IiIgQ29ycmVsYXRpb25CaW5kaW5nPSIiIFVybEVuY29kZT0iVHJ1ZSIgLz4NCiAgICAgICAgPEZvcm1Qb3N0UGFyYW1ldGVyIE5hbWU9InVjTW9kYWxQb3B1cDEkQ2xpZW50V2lkdGgiIFZhbHVlPSJ7eyRISURERU4xLnVjTW9kYWxQb3B1cDEkQ2xpZW50V2lkdGh9fSIgUmVjb3JkZWRWYWx1ZT0iMCIgQ29ycmVsYXRpb25CaW5kaW5nPSIiIFVybEVuY29kZT0iVHJ1ZSIgLz4NCiAgICAgICAgPEZvcm1Qb3N0UGFyYW1ldGVyIE5hbWU9InVjTW9kYWxQb3B1cDEkQ2xpZW50SGVpZ2h0IiBWYWx1ZT0ie3skSElEREVOMS51Y01vZGFsUG9wdXAxJENsaWVudEhlaWdodH19IiBSZWNvcmRlZFZhbHVlPSIwIiBDb3JyZWxhdGlvbkJpbmRpbmc9IiIgVXJsRW5jb2RlPSJUcnVlIiAvPg0KICAgICAgPC9Gb3JtUG9zdEh0dHBCb2R5Pg0KICAgIDwvUmVxdWVzdD4NCiAgPC9JdGVtcz4NCiAgPFZhbGlkYXRpb25SdWxlcz4NCiAgICA8VmFsaWRhdGlvblJ1bGUgQ2xhc3NuYW1lPSJNaWNyb3NvZnQuVmlzdWFsU3R1ZGlvLlRlc3RUb29scy5XZWJUZXN0aW5nLlJ1bGVzLlZhbGlkYXRlUmVzcG9uc2VVcmwsIE1pY3Jvc29mdC5WaXN1YWxTdHVkaW8uUXVhbGl0eVRvb2xzLldlYlRlc3RGcmFtZXdvcmssIFZlcnNpb249MTAuMC4wLjAsIEN1bHR1cmU9bmV1dHJhbCwgUHVibGljS2V5VG9rZW49YjAzZjVmN2YxMWQ1MGEzYSIgRGlzcGxheU5hbWU9IuWbnuaHiSBVUkwiIERlc2NyaXB0aW9uPSLpqZforYnlm57mh4kgVVJMIOWcqOWll+eUqOmHjeaWsOWwjuWQkeS5i+W+jOaYr+WQpuWSjOiomOmMhOeahOWbnuaHiSBVUkwg55u45ZCM44CC5bey5b+955WlIFF1ZXJ5U3RyaW5nIOWPg+aVuOOAgiIgTGV2ZWw9IkxvdyIgRXhlY3R1aW9uT3JkZXI9IkJlZm9yZURlcGVuZGVudHMiIC8+DQogICAgPFZhbGlkYXRpb25SdWxlIENsYXNzbmFtZT0iTWljcm9zb2Z0LlZpc3VhbFN0dWRpby5UZXN0VG9vbHMuV2ViVGVzdGluZy5SdWxlcy5WYWxpZGF0aW9uUnVsZVJlc3BvbnNlVGltZUdvYWwsIE1pY3Jvc29mdC5WaXN1YWxTdHVkaW8uUXVhbGl0eVRvb2xzLldlYlRlc3RGcmFtZXdvcmssIFZlcnNpb249MTAuMC4wLjAsIEN1bHR1cmU9bmV1dHJhbCwgUHVibGljS2V5VG9rZW49YjAzZjVmN2YxMWQ1MGEzYSIgRGlzcGxheU5hbWU9IuWbnuaHieaZgumWk+ebruaomSIgRGVzY3JpcHRpb249Iumpl+itieatpOimgeaxgueahOWbnuaHieaZgumWk+aYr+WQpuWwj+aWvOaIluetieaWvOatpOimgeaxguaJgOaMh+WumueahOWbnuaHieaZgumWk+ebruaomeOAguWbnuaHieaZgumWk+ebruaomeeCuumbtuWwh+iiq+W/veeVpeOAgiIgTGV2ZWw9IkxvdyIgRXhlY3R1aW9uT3JkZXI9IkFmdGVyRGVwZW5kZW50cyI+DQogICAgICA8UnVsZVBhcmFtZXRlcnM+DQogICAgICAgIDxSdWxlUGFyYW1ldGVyIE5hbWU9IlRvbGVyYW5jZSIgVmFsdWU9IjAiIC8+DQogICAgICA8L1J1bGVQYXJhbWV0ZXJzPg0KICAgIDwvVmFsaWRhdGlvblJ1bGU+DQogIDwvVmFsaWRhdGlvblJ1bGVzPg0KPC9XZWJUZXN0Pg==">
    </WebTest>
    <LoadTest Name="LoadTest2" Description="" Owner="" storage="d:\git\attendant\loadtesting\loadtesting\loadtest2.loadtest" Priority="2147483647" Enabled="true" CssProjectStructure="" CssIteration="" DeploymentItemsEditable="" WorkItemIds="" TraceLevel="None" CurrentRunConfig="回合設定1" Id="2d70237b-00f9-4804-8689-51ac87af499e">
      <Scenarios>
        <Scenario Name="情節1" DelayBetweenIterations="0" PercentNewUsers="0" IPSwitching="true" TestMixType="PercentageOfTestsStarted" ApplyDistributionToPacingDelay="true" MaxTestIterations="0" DisableDuringWarmup="false" DelayStartTime="0" AllowedAgents="">
          <ThinkProfile Value="0.2" Pattern="NormalDistribution" />
          <LoadProfile Pattern="Step" InitialUsers="25" MaxUsers="250" StepUsers="25" StepDuration="10" StepRampTime="0" />
          <TestMix>
            <TestProfile Name="WebTestInsertDeleteCase01" Path="d:\git\attendant\loadtesting\loadtesting\webtestinsertdeletecase01.webtest" Id="5bb2bc9f-0fc4-499f-9eb4-d5c514a4ffa9" Percentage="5" Type="Microsoft.VisualStudio.TestTools.WebStress.DeclarativeWebTestElement, Microsoft.VisualStudio.QualityTools.LoadTest, Version=10.0.0.0, Culture=neutral, PublicKeyToken=b03f5f7f11d50a3a" />
            <TestProfile Name="WebTestSelectCase01" Path="d:\git\attendant\loadtesting\loadtesting\webtestselectcase01.webtest" Id="a5b43290-1c44-42f1-bfa2-c60d219f5d58" Percentage="30" Type="Microsoft.VisualStudio.TestTools.WebStress.DeclarativeWebTestElement, Microsoft.VisualStudio.QualityTools.LoadTest, Version=10.0.0.0, Culture=neutral, PublicKeyToken=b03f5f7f11d50a3a" />
            <TestProfile Name="WebTestSelectCase02" Path="d:\git\attendant\loadtesting\loadtesting\webtestselectcase02.webtest" Id="32b3eb7f-657d-48cc-acc9-b304c0cd482c" Percentage="29" Type="Microsoft.VisualStudio.TestTools.WebStress.DeclarativeWebTestElement, Microsoft.VisualStudio.QualityTools.LoadTest, Version=10.0.0.0, Culture=neutral, PublicKeyToken=b03f5f7f11d50a3a" />
            <TestProfile Name="WebTestUpdateCase01" Path="d:\git\attendant\loadtesting\loadtesting\webtestupdatecase01.webtest" Id="d1f0dc6a-f347-4b33-8582-0a71909fcaf1" Percentage="17" Type="Microsoft.VisualStudio.TestTools.WebStress.DeclarativeWebTestElement, Microsoft.VisualStudio.QualityTools.LoadTest, Version=10.0.0.0, Culture=neutral, PublicKeyToken=b03f5f7f11d50a3a" />
            <TestProfile Name="WebTestUpdateCase02" Path="d:\git\attendant\loadtesting\loadtesting\webtestupdatecase02.webtest" Id="80bb2dba-dfec-42d3-a0d1-1c43eee9c35f" Percentage="19" Type="Microsoft.VisualStudio.TestTools.WebStress.DeclarativeWebTestElement, Microsoft.VisualStudio.QualityTools.LoadTest, Version=10.0.0.0, Culture=neutral, PublicKeyToken=b03f5f7f11d50a3a" />
          </TestMix>
          <BrowserMix>
            <BrowserProfile Percentage="100">
              <Browser Name="Internet Explorer 7.0" MaxConnections="2">
                <Headers>
                  <Header Name="User-Agent" Value="Mozilla/4.0 (compatible; MSIE 7.0; Windows NT 5.1)" />
                  <Header Name="Accept" Value="*/*" />
                  <Header Name="Accept-Language" Value="{{$IEAcceptLanguage}}" />
                  <Header Name="Accept-Encoding" Value="GZIP" />
                </Headers>
              </Browser>
            </BrowserProfile>
          </BrowserMix>
          <NetworkMix>
            <NetworkProfile Percentage="100">
              <Network Name="LAN" BandwidthInKbps="1000000" NetworkProfileConfigurationXml="&lt;Emulation&gt;&lt;VirtualChannel name=&quot;defaultChannel&quot;&gt;&lt;FilterList/&gt;&lt;VirtualLink instances=&quot;1&quot; name=&quot;defaultLink&quot;&gt;&lt;LinkRule dir=&quot;upstream&quot;&gt;&lt;Bandwidth&gt;&lt;Speed unit=&quot;kbps&quot;&gt;1000000&lt;/Speed&gt;&lt;/Bandwidth&gt;&lt;/LinkRule&gt;&lt;LinkRule dir=&quot;downstream&quot;&gt;&lt;Bandwidth&gt;&lt;Speed unit=&quot;kbps&quot;&gt;1000000&lt;/Speed&gt;&lt;/Bandwidth&gt;&lt;/LinkRule&gt;&lt;/VirtualLink&gt;&lt;/VirtualChannel&gt;&lt;/Emulation&gt;" />
            </NetworkProfile>
          </NetworkMix>
        </Scenario>
      </Scenarios>
      <CounterSets>
        <CounterSet Name="ANSONHUANG" CounterSetType="LoadTest" LocId="">
          <CounterCategories>
            <CounterCategory Name="LoadTest:Scenario">
              <Counters>
                <Counter Name="User Load" HigherIsBetter="true" />
                <Counter Name="Tests Running" HigherIsBetter="true" />
              </Counters>
            </CounterCategory>
            <CounterCategory Name="LoadTest:Test">
              <Counters>
                <Counter Name="Total Tests" HigherIsBetter="true" />
                <Counter Name="Passed Tests" HigherIsBetter="true" />
                <Counter Name="Failed Tests" />
                <Counter Name="Tests/Sec" HigherIsBetter="true" />
                <Counter Name="Passed Tests/Sec" HigherIsBetter="true" />
                <Counter Name="Failed Tests/Sec" />
                <Counter Name="Avg. Requests/Test" HigherIsBetter="true" />
                <Counter Name="Avg. Test Time" />
                <Counter Name="% Time in LoadTestPlugin" />
                <Counter Name="% Time in WebTest code" />
                <Counter Name="% Time in Rules" />
              </Counters>
            </CounterCategory>
            <CounterCategory Name="LoadTest:Transaction">
              <Counters>
                <Counter Name="Total Transactions" HigherIsBetter="true" />
                <Counter Name="Avg. Transaction Time" />
                <Counter Name="Avg. Response Time" />
                <Counter Name="Transactions/Sec" HigherIsBetter="true" />
              </Counters>
            </CounterCategory>
            <CounterCategory Name="LoadTest:Errors">
              <Counters>
                <Counter Name="Http Errors" />
                <Counter Name="Validation Rule Errors" />
                <Counter Name="Extraction Rule Errors" />
                <Counter Name="Requests Timed Out" />
                <Counter Name="Exceptions" />
                <Counter Name="Total Errors" />
                <Counter Name="Errors/Sec" />
                <Counter Name="Threshold Violations/Sec" />
              </Counters>
            </CounterCategory>
            <CounterCategory Name="LoadTest:Page">
              <Counters>
                <Counter Name="Total Pages" HigherIsBetter="true" />
                <Counter Name="Avg. Page Time" />
                <Counter Name="Page Response Time Goal" HigherIsBetter="true" />
                <Counter Name="% Pages Meeting Goal" HigherIsBetter="true" />
                <Counter Name="Pages/Sec" HigherIsBetter="true" />
              </Counters>
            </CounterCategory>
            <CounterCategory Name="LoadTest:Request">
              <Counters>
                <Counter Name="Total Requests" HigherIsBetter="true" />
                <Counter Name="Passed Requests" HigherIsBetter="true" />
                <Counter Name="Failed Requests" />
                <Counter Name="Cached Requests" HigherIsBetter="true" />
                <Counter Name="Requests/Sec" HigherIsBetter="true" />
                <Counter Name="Passed Requests/Sec" HigherIsBetter="true" />
                <Counter Name="Failed Requests/Sec" />
                <Counter Name="Avg. First Byte Time" />
                <Counter Name="Avg. Response Time" />
                <Counter Name="Avg. Connection Wait Time">
                  <ThresholdRules>
                    <ThresholdRule Classname="Microsoft.VisualStudio.TestTools.WebStress.Rules.ThresholdRuleCompareCounters, Microsoft.VisualStudio.QualityTools.LoadTest, Version=10.0.0.0, Culture=neutral, PublicKeyToken=b03f5f7f11d50a3a">
                      <RuleParameters>
                        <RuleParameter Name="DependentCategory" Value="LoadTest:Page" />
                        <RuleParameter Name="DependentCounter" Value="Avg. Page Time" />
                        <RuleParameter Name="DependentInstance" Value="_Total" />
                        <RuleParameter Name="AlertIfOver" Value="True" />
                        <RuleParameter Name="WarningThreshold" Value="0.25" />
                        <RuleParameter Name="CriticalThreshold" Value="0.5" />
                      </RuleParameters>
                    </ThresholdRule>
                  </ThresholdRules>
                </Counter>
                <Counter Name="Avg. Content Length" />
              </Counters>
            </CounterCategory>
            <CounterCategory Name="LoadTest:LogEntries">
              <Counters>
                <Counter Name="計錄檔項目總數" />
                <Counter Name="記錄檔項目/秒" />
              </Counters>
            </CounterCategory>
          </CounterCategories>
        </CounterSet>
        <CounterSet Name="控制器" CounterSetType="Controller" LocId="CounterSet_Controller">
          <CounterCategories>
            <CounterCategory Name="Memory">
              <Counters>
                <Counter Name="% Committed Bytes In Use" Range="100" />
                <Counter Name="Available MBytes" RangeGroup="Memory Bytes" HigherIsBetter="true">
                  <ThresholdRules>
                    <ThresholdRule Classname="Microsoft.VisualStudio.TestTools.WebStress.Rules.ThresholdRuleCompareConstant, Microsoft.VisualStudio.QualityTools.LoadTest">
                      <RuleParameters>
                        <RuleParameter Name="AlertIfOver" Value="False" />
                        <RuleParameter Name="WarningThreshold" Value="100" />
                        <RuleParameter Name="CriticalThreshold" Value="50" />
                      </RuleParameters>
                    </ThresholdRule>
                    <ThresholdRule Classname="Microsoft.VisualStudio.TestTools.WebStress.Rules.ThresholdRuleCompareConstant, Microsoft.VisualStudio.QualityTools.LoadTest">
                      <RuleParameters>
                        <RuleParameter Name="AlertIfOver" Value="False" />
                        <RuleParameter Name="WarningThreshold" Value="100" />
                        <RuleParameter Name="CriticalThreshold" Value="50" />
                      </RuleParameters>
                    </ThresholdRule>
                  </ThresholdRules>
                </Counter>
                <Counter Name="Page Faults/sec" />
                <Counter Name="Pages/sec" />
                <Counter Name="Pool Paged Bytes" RangeGroup="Memory Bytes" />
                <Counter Name="Pool Nonpaged bytes" RangeGroup="Memory Bytes" />
              </Counters>
            </CounterCategory>
            <CounterCategory Name="Network Interface">
              <Counters>
                <Counter Name="Bytes Received/sec" RangeGroup="Network Bytes" />
                <Counter Name="Bytes Sent/sec" RangeGroup="Network Bytes" />
                <Counter Name="Output Queue Length">
                  <ThresholdRules>
                    <ThresholdRule Classname="Microsoft.VisualStudio.TestTools.WebStress.Rules.ThresholdRuleCompareConstant, Microsoft.VisualStudio.QualityTools.LoadTest">
                      <RuleParameters>
                        <RuleParameter Name="AlertIfOver" Value="True" />
                        <RuleParameter Name="WarningThreshold" Value="1.5" />
                        <RuleParameter Name="CriticalThreshold" Value="2" />
                      </RuleParameters>
                    </ThresholdRule>
                    <ThresholdRule Classname="Microsoft.VisualStudio.TestTools.WebStress.Rules.ThresholdRuleCompareConstant, Microsoft.VisualStudio.QualityTools.LoadTest">
                      <RuleParameters>
                        <RuleParameter Name="AlertIfOver" Value="True" />
                        <RuleParameter Name="WarningThreshold" Value="1.5" />
                        <RuleParameter Name="CriticalThreshold" Value="2" />
                      </RuleParameters>
                    </ThresholdRule>
                  </ThresholdRules>
                </Counter>
                <Counter Name="Packets Received/sec" RangeGroup="Network Packets" />
                <Counter Name="Packets Sent/sec" RangeGroup="Network Packets" />
                <Counter Name="Current Bandwidth" RangeGroup="Network Bytes" />
                <Counter Name="Bytes Total/sec" RangeGroup="Network Bytes">
                  <ThresholdRules>
                    <ThresholdRule Classname="Microsoft.VisualStudio.TestTools.WebStress.Rules.ThresholdRuleCompareCounters, Microsoft.VisualStudio.QualityTools.LoadTest, Version=10.0.0.0, Culture=neutral, PublicKeyToken=b03f5f7f11d50a3a">
                      <RuleParameters>
                        <RuleParameter Name="DependentCategory" Value="Network Interface" />
                        <RuleParameter Name="DependentCounter" Value="Current Bandwidth" />
                        <RuleParameter Name="DependentInstance" Value="" />
                        <RuleParameter Name="AlertIfOver" Value="True" />
                        <RuleParameter Name="WarningThreshold" Value="0.6" />
                        <RuleParameter Name="CriticalThreshold" Value="0.7" />
                      </RuleParameters>
                    </ThresholdRule>
                    <ThresholdRule Classname="Microsoft.VisualStudio.TestTools.WebStress.Rules.ThresholdRuleCompareCounters, Microsoft.VisualStudio.QualityTools.LoadTest, Version=10.0.0.0, Culture=neutral, PublicKeyToken=b03f5f7f11d50a3a">
                      <RuleParameters>
                        <RuleParameter Name="DependentCategory" Value="Network Interface" />
                        <RuleParameter Name="DependentCounter" Value="Current Bandwidth" />
                        <RuleParameter Name="DependentInstance" Value="" />
                        <RuleParameter Name="AlertIfOver" Value="True" />
                        <RuleParameter Name="WarningThreshold" Value="0.6" />
                        <RuleParameter Name="CriticalThreshold" Value="0.7" />
                      </RuleParameters>
                    </ThresholdRule>
                  </ThresholdRules>
                </Counter>
              </Counters>
              <Instances>
                <Instance Name="*" />
              </Instances>
            </CounterCategory>
            <CounterCategory Name="PhysicalDisk">
              <Counters>
                <Counter Name="% Disk Read Time" Range="100" />
                <Counter Name="% Disk Time" Range="100" />
                <Counter Name="% Disk Write Time" Range="100" />
                <Counter Name="% Idle Time" Range="100" HigherIsBetter="true">
                  <ThresholdRules>
                    <ThresholdRule Classname="Microsoft.VisualStudio.TestTools.WebStress.Rules.ThresholdRuleCompareConstant, Microsoft.VisualStudio.QualityTools.LoadTest">
                      <RuleParameters>
                        <RuleParameter Name="AlertIfOver" Value="False" />
                        <RuleParameter Name="WarningThreshold" Value="40" />
                        <RuleParameter Name="CriticalThreshold" Value="20" />
                      </RuleParameters>
                    </ThresholdRule>
                    <ThresholdRule Classname="Microsoft.VisualStudio.TestTools.WebStress.Rules.ThresholdRuleCompareConstant, Microsoft.VisualStudio.QualityTools.LoadTest">
                      <RuleParameters>
                        <RuleParameter Name="AlertIfOver" Value="False" />
                        <RuleParameter Name="WarningThreshold" Value="40" />
                        <RuleParameter Name="CriticalThreshold" Value="20" />
                      </RuleParameters>
                    </ThresholdRule>
                  </ThresholdRules>
                </Counter>
                <Counter Name="Avg. Disk Bytes/Read" RangeGroup="DiskBytesRate" />
                <Counter Name="Avg. Disk Bytes/Transfer" RangeGroup="DiskBytesRate" />
                <Counter Name="Avg. Disk Bytes/Write" RangeGroup="DiskBytesRate" />
                <Counter Name="Avg. Disk Queue Length" RangeGroup="Disk Queue Length" />
                <Counter Name="Avg. Disk Read Queue Length" RangeGroup="Disk Queue Length" />
                <Counter Name="Avg. Disk Write Queue Length" RangeGroup="Disk Queue Length" />
                <Counter Name="Current Disk Queue Length" RangeGroup="Disk Queue Length" />
                <Counter Name="Avg. Disk sec/Read" RangeGroup="Disk sec" />
                <Counter Name="Avg. Disk sec/Transfer" RangeGroup="Disk sec" />
                <Counter Name="Avg. Disk sec/Write" RangeGroup="Disk sec" />
                <Counter Name="Disk Bytes/sec" RangeGroup="Disk Bytes sec" />
                <Counter Name="Disk Read Bytes/sec" RangeGroup="Disk Bytes sec" />
                <Counter Name="Disk Reads/sec" RangeGroup="Disk Transfers sec" />
                <Counter Name="Disk Transfers/sec" RangeGroup="Disk Transfers sec" />
                <Counter Name="Disk Write Bytes/sec" RangeGroup="Disk Bytes sec" />
                <Counter Name="Disk Writes/sec" RangeGroup="Disk Transfers sec" />
                <Counter Name="Split IO/Sec" RangeGroup="Disk Transfers sec" />
              </Counters>
              <Instances>
                <Instance Name="*" />
              </Instances>
            </CounterCategory>
            <CounterCategory Name="Processor">
              <Counters>
                <Counter Name="% Processor Time" Range="100">
                  <ThresholdRules>
                    <ThresholdRule Classname="Microsoft.VisualStudio.TestTools.WebStress.Rules.ThresholdRuleCompareConstant, Microsoft.VisualStudio.QualityTools.LoadTest">
                      <RuleParameters>
                        <RuleParameter Name="AlertIfOver" Value="True" />
                        <RuleParameter Name="WarningThreshold" Value="75" />
                        <RuleParameter Name="CriticalThreshold" Value="90" />
                      </RuleParameters>
                    </ThresholdRule>
                    <ThresholdRule Classname="Microsoft.VisualStudio.TestTools.WebStress.Rules.ThresholdRuleCompareConstant, Microsoft.VisualStudio.QualityTools.LoadTest">
                      <RuleParameters>
                        <RuleParameter Name="AlertIfOver" Value="True" />
                        <RuleParameter Name="WarningThreshold" Value="75" />
                        <RuleParameter Name="CriticalThreshold" Value="90" />
                      </RuleParameters>
                    </ThresholdRule>
                  </ThresholdRules>
                </Counter>
                <Counter Name="% Privileged Time" Range="100" />
                <Counter Name="% User Time" Range="100" />
              </Counters>
              <Instances>
                <Instance Name="_Total" />
              </Instances>
            </CounterCategory>
            <CounterCategory Name="System">
              <Counters>
                <Counter Name="Context Switches/sec" />
                <Counter Name="Processes" />
                <Counter Name="Processor Queue Length" />
                <Counter Name="Threads" />
              </Counters>
            </CounterCategory>
            <CounterCategory Name="Process">
              <Counters>
                <Counter Name="% Processor Time" RangeGroup="Processor Time" />
                <Counter Name="% Privileged Time" RangeGroup="Processor Time" />
                <Counter Name="% User Time" RangeGroup="Processor Time" />
                <Counter Name="Handle Count" />
                <Counter Name="Thread Count" />
                <Counter Name="Private Bytes" RangeGroup="Memory Bytes" />
                <Counter Name="Virtual Bytes" RangeGroup="Memory Bytes" />
                <Counter Name="Working Set" RangeGroup="Memory Bytes" />
              </Counters>
              <Instances>
                <Instance Name="QTController" />
              </Instances>
            </CounterCategory>
          </CounterCategories>
          <DefaultCountersForAutomaticGraphs>
            <DefaultCounter CategoryName="Processor" CounterName="% Processor Time" InstanceName="_Total" GraphName="" />
            <DefaultCounter CategoryName="Memory" CounterName="Available MBytes" InstanceName="" GraphName="" />
          </DefaultCountersForAutomaticGraphs>
        </CounterSet>
        <CounterSet Name="代理程式" CounterSetType="Agent" LocId="CounterSet_Agent">
          <CounterCategories>
            <CounterCategory Name="Memory">
              <Counters>
                <Counter Name="% Committed Bytes In Use" Range="100" />
                <Counter Name="Available MBytes" RangeGroup="Memory Bytes" HigherIsBetter="true">
                  <ThresholdRules>
                    <ThresholdRule Classname="Microsoft.VisualStudio.TestTools.WebStress.Rules.ThresholdRuleCompareConstant, Microsoft.VisualStudio.QualityTools.LoadTest">
                      <RuleParameters>
                        <RuleParameter Name="AlertIfOver" Value="False" />
                        <RuleParameter Name="WarningThreshold" Value="100" />
                        <RuleParameter Name="CriticalThreshold" Value="50" />
                      </RuleParameters>
                    </ThresholdRule>
                  </ThresholdRules>
                </Counter>
                <Counter Name="Page Faults/sec" />
                <Counter Name="Pages/sec" />
                <Counter Name="Pool Paged Bytes" RangeGroup="Memory Bytes" />
                <Counter Name="Pool Nonpaged bytes" RangeGroup="Memory Bytes" />
              </Counters>
            </CounterCategory>
            <CounterCategory Name="Network Interface">
              <Counters>
                <Counter Name="Bytes Received/sec" RangeGroup="Network Bytes" />
                <Counter Name="Bytes Sent/sec" RangeGroup="Network Bytes" />
                <Counter Name="Output Queue Length">
                  <ThresholdRules>
                    <ThresholdRule Classname="Microsoft.VisualStudio.TestTools.WebStress.Rules.ThresholdRuleCompareConstant, Microsoft.VisualStudio.QualityTools.LoadTest">
                      <RuleParameters>
                        <RuleParameter Name="AlertIfOver" Value="True" />
                        <RuleParameter Name="WarningThreshold" Value="1.5" />
                        <RuleParameter Name="CriticalThreshold" Value="2" />
                      </RuleParameters>
                    </ThresholdRule>
                  </ThresholdRules>
                </Counter>
                <Counter Name="Packets Received/sec" RangeGroup="Network Packets" />
                <Counter Name="Packets Sent/sec" RangeGroup="Network Packets" />
                <Counter Name="Current Bandwidth" RangeGroup="Network Bytes" />
                <Counter Name="Bytes Total/sec" RangeGroup="Network Bytes">
                  <ThresholdRules>
                    <ThresholdRule Classname="Microsoft.VisualStudio.TestTools.WebStress.Rules.ThresholdRuleCompareCounters, Microsoft.VisualStudio.QualityTools.LoadTest, Version=10.0.0.0, Culture=neutral, PublicKeyToken=b03f5f7f11d50a3a">
                      <RuleParameters>
                        <RuleParameter Name="DependentCategory" Value="Network Interface" />
                        <RuleParameter Name="DependentCounter" Value="Current Bandwidth" />
                        <RuleParameter Name="DependentInstance" Value="" />
                        <RuleParameter Name="AlertIfOver" Value="True" />
                        <RuleParameter Name="WarningThreshold" Value="0.6" />
                        <RuleParameter Name="CriticalThreshold" Value="0.7" />
                      </RuleParameters>
                    </ThresholdRule>
                  </ThresholdRules>
                </Counter>
              </Counters>
              <Instances>
                <Instance Name="*" />
              </Instances>
            </CounterCategory>
            <CounterCategory Name="PhysicalDisk">
              <Counters>
                <Counter Name="% Disk Read Time" Range="100" />
                <Counter Name="% Disk Time" Range="100" />
                <Counter Name="% Disk Write Time" Range="100" />
                <Counter Name="% Idle Time" Range="100" HigherIsBetter="true">
                  <ThresholdRules>
                    <ThresholdRule Classname="Microsoft.VisualStudio.TestTools.WebStress.Rules.ThresholdRuleCompareConstant, Microsoft.VisualStudio.QualityTools.LoadTest">
                      <RuleParameters>
                        <RuleParameter Name="AlertIfOver" Value="False" />
                        <RuleParameter Name="WarningThreshold" Value="40" />
                        <RuleParameter Name="CriticalThreshold" Value="20" />
                      </RuleParameters>
                    </ThresholdRule>
                  </ThresholdRules>
                </Counter>
                <Counter Name="Avg. Disk Bytes/Read" RangeGroup="DiskBytesRate" />
                <Counter Name="Avg. Disk Bytes/Transfer" RangeGroup="DiskBytesRate" />
                <Counter Name="Avg. Disk Bytes/Write" RangeGroup="DiskBytesRate" />
                <Counter Name="Avg. Disk Queue Length" RangeGroup="Disk Queue Length" />
                <Counter Name="Avg. Disk Read Queue Length" RangeGroup="Disk Queue Length" />
                <Counter Name="Avg. Disk Write Queue Length" RangeGroup="Disk Queue Length" />
                <Counter Name="Current Disk Queue Length" RangeGroup="Disk Queue Length" />
                <Counter Name="Avg. Disk sec/Read" RangeGroup="Disk sec" />
                <Counter Name="Avg. Disk sec/Transfer" RangeGroup="Disk sec" />
                <Counter Name="Avg. Disk sec/Write" RangeGroup="Disk sec" />
                <Counter Name="Disk Bytes/sec" RangeGroup="Disk Bytes sec" />
                <Counter Name="Disk Read Bytes/sec" RangeGroup="Disk Bytes sec" />
                <Counter Name="Disk Reads/sec" RangeGroup="Disk Transfers sec" />
                <Counter Name="Disk Transfers/sec" RangeGroup="Disk Transfers sec" />
                <Counter Name="Disk Write Bytes/sec" RangeGroup="Disk Bytes sec" />
                <Counter Name="Disk Writes/sec" RangeGroup="Disk Transfers sec" />
                <Counter Name="Split IO/Sec" RangeGroup="Disk Transfers sec" />
              </Counters>
              <Instances>
                <Instance Name="*" />
              </Instances>
            </CounterCategory>
            <CounterCategory Name="Processor">
              <Counters>
                <Counter Name="% Processor Time" Range="100">
                  <ThresholdRules>
                    <ThresholdRule Classname="Microsoft.VisualStudio.TestTools.WebStress.Rules.ThresholdRuleCompareConstant, Microsoft.VisualStudio.QualityTools.LoadTest">
                      <RuleParameters>
                        <RuleParameter Name="AlertIfOver" Value="True" />
                        <RuleParameter Name="WarningThreshold" Value="75" />
                        <RuleParameter Name="CriticalThreshold" Value="90" />
                      </RuleParameters>
                    </ThresholdRule>
                  </ThresholdRules>
                </Counter>
                <Counter Name="% Privileged Time" Range="100" />
                <Counter Name="% User Time" Range="100" />
              </Counters>
              <Instances>
                <Instance Name="0" />
                <Instance Name="_Total" />
              </Instances>
            </CounterCategory>
            <CounterCategory Name="System">
              <Counters>
                <Counter Name="Context Switches/sec" />
                <Counter Name="Processes" />
                <Counter Name="Processor Queue Length" />
                <Counter Name="Threads" />
              </Counters>
            </CounterCategory>
            <CounterCategory Name="Process">
              <Counters>
                <Counter Name="% Processor Time" RangeGroup="Processor Time" />
                <Counter Name="% Privileged Time" RangeGroup="Processor Time" />
                <Counter Name="% User Time" RangeGroup="Processor Time" />
                <Counter Name="Handle Count" />
                <Counter Name="Thread Count" />
                <Counter Name="Private Bytes" RangeGroup="Memory Bytes" />
                <Counter Name="Virtual Bytes" RangeGroup="Memory Bytes" />
                <Counter Name="Working Set" RangeGroup="Memory Bytes" />
              </Counters>
              <Instances>
                <Instance Name="devenv" />
                <Instance Name="QTAgentService" />
                <Instance Name="QTAgent" />
                <Instance Name="QTAgent32" />
                <Instance Name="QTDCAgent" />
                <Instance Name="QTDCAgent32" />
              </Instances>
            </CounterCategory>
          </CounterCategories>
          <DefaultCountersForAutomaticGraphs>
            <DefaultCounter CategoryName="Processor" CounterName="% Processor Time" InstanceName="0" GraphName="" RunType="Local" />
            <DefaultCounter CategoryName="Processor" CounterName="% Processor Time" InstanceName="_Total" GraphName="" RunType="Remote" />
            <DefaultCounter CategoryName="Memory" CounterName="Available MBytes" InstanceName="" GraphName="" />
          </DefaultCountersForAutomaticGraphs>
        </CounterSet>
      </CounterSets>
      <RunConfigurations>
        <RunConfiguration Name="回合設定1" Description="" ResultsStoreType="Database" TimingDetailsStorage="AllIndividualDetails" SaveTestLogsOnError="true" SaveTestLogsFrequency="0" MaxErrorDetails="200" MaxErrorsPerType="1000" MaxThresholdViolations="1000" MaxRequestUrlsReported="1000" UseTestIterations="false" RunDuration="300" WarmupTime="0" CoolDownTime="0" TestIterations="100" WebTestConnectionModel="ConnectionPerUser" WebTestConnectionPoolSize="50" SampleRate="5" ValidationLevel="High" SqlTracingConnectString="" SqlTracingConnectStringDisplayValue="" SqlTracingDirectory="" SqlTracingEnabled="false" SqlTracingMinimumDuration="500" RunUnitTestsInAppDomain="true">
          <CounterSetMappings>
            <CounterSetMapping ComputerName="[CONTROLLER MACHINE]">
              <CounterSetReferences>
                <CounterSetReference CounterSetName="LoadTest" />
                <CounterSetReference CounterSetName="控制器" />
              </CounterSetReferences>
            </CounterSetMapping>
            <CounterSetMapping ComputerName="[AGENT MACHINES]">
              <CounterSetReferences>
                <CounterSetReference CounterSetName="代理程式" />
              </CounterSetReferences>
            </CounterSetMapping>
          </CounterSetMappings>
        </RunConfiguration>
      </RunConfigurations>
    </LoadTest>
    <WebTest name="WebTestUpdateCase02" storage="d:\git\attendant\loadtesting\loadtesting\webtestupdatecase02.webtest" id="80bb2dba-dfec-42d3-a0d1-1c43eee9c35f" persistedWebTest="77u/PD94bWwgdmVyc2lvbj0iMS4wIiBlbmNvZGluZz0iVVRGLTgiIHN0YW5kYWxvbmU9InllcyI/Pg0KPFdlYlRlc3QgTmFtZT0iV2ViVGVzdFVwZGF0ZUNhc2UwMiIgSWQ9IjgwYmIyZGJhLWRmZWMtNDJkMy1hMGQxLTFjNDNlZWU5YzM1ZiIgT3duZXI9IiIgUHJpb3JpdHk9IjIxNDc0ODM2NDciIEVuYWJsZWQ9IlRydWUiIENzc1Byb2plY3RTdHJ1Y3R1cmU9IiIgQ3NzSXRlcmF0aW9uPSIiIFRpbWVvdXQ9IjAiIFdvcmtJdGVtSWRzPSIiIHhtbG5zPSJodHRwOi8vbWljcm9zb2Z0LmNvbS9zY2hlbWFzL1Zpc3VhbFN0dWRpby9UZWFtVGVzdC8yMDEwIiBEZXNjcmlwdGlvbj0iIiBDcmVkZW50aWFsVXNlck5hbWU9IiIgQ3JlZGVudGlhbFBhc3N3b3JkPSIiIFByZUF1dGhlbnRpY2F0ZT0iVHJ1ZSIgUHJveHk9ImRlZmF1bHQiIFN0b3BPbkVycm9yPSJGYWxzZSIgUmVjb3JkZWRSZXN1bHRGaWxlPSJXZWJUZXN0MS43YWNmMjRmNy0yNDQyLTQxMGItOWUwMy1lZjUwYzViMGE3NzcucmVjLndlYnRlc3RyZXN1bHQiIFJlc3VsdHNMb2NhbGU9IiI+DQogIDxJdGVtcz4NCiAgICA8UmVxdWVzdCBNZXRob2Q9IkdFVCIgR3VpZD0iNThjNmI0MTYtNTQ5OC00OWMwLThkMmItOTZiYzgyZjM2NDk4IiBWZXJzaW9uPSIxLjEiIFVybD0iaHR0cDovLzEwLjExLjM2LjExNDo4MDA3L2hybG9naW4vaHJsb2dpbi5hc3B4IiBUaGlua1RpbWU9IjAiIFRpbWVvdXQ9IjMwMCIgUGFyc2VEZXBlbmRlbnRSZXF1ZXN0cz0iVHJ1ZSIgRm9sbG93UmVkaXJlY3RzPSJUcnVlIiBSZWNvcmRSZXN1bHQ9IlRydWUiIENhY2hlPSJGYWxzZSIgUmVzcG9uc2VUaW1lR29hbD0iMCIgRW5jb2Rpbmc9InV0Zi04IiBFeHBlY3RlZEh0dHBTdGF0dXNDb2RlPSIwIiBFeHBlY3RlZFJlc3BvbnNlVXJsPSIiIFJlcG9ydGluZ05hbWU9IiIgSWdub3JlSHR0cFN0YXR1c0NvZGU9IkZhbHNlIj4NCiAgICAgIDxFeHRyYWN0aW9uUnVsZXM+DQogICAgICAgIDxFeHRyYWN0aW9uUnVsZSBDbGFzc25hbWU9Ik1pY3Jvc29mdC5WaXN1YWxTdHVkaW8uVGVzdFRvb2xzLldlYlRlc3RpbmcuUnVsZXMuRXh0cmFjdEhpZGRlbkZpZWxkcywgTWljcm9zb2Z0LlZpc3VhbFN0dWRpby5RdWFsaXR5VG9vbHMuV2ViVGVzdEZyYW1ld29yaywgVmVyc2lvbj0xMC4wLjAuMCwgQ3VsdHVyZT1uZXV0cmFsLCBQdWJsaWNLZXlUb2tlbj1iMDNmNWY3ZjExZDUwYTNhIiBWYXJpYWJsZU5hbWU9IjEiIERpc3BsYXlOYW1lPSLmk7flj5bpmrHol4/mrITkvY0iIERlc2NyaXB0aW9uPSLmk7flj5blm57mh4nkuK3nmoTmiYDmnInpmrHol4/mrITkvY3vvIzkuKblsIflroPlgJHmlL7lnKjmuKzoqablhaflrrnkuK3jgIIiPg0KICAgICAgICAgIDxSdWxlUGFyYW1ldGVycz4NCiAgICAgICAgICAgIDxSdWxlUGFyYW1ldGVyIE5hbWU9IlJlcXVpcmVkIiBWYWx1ZT0iVHJ1ZSIgLz4NCiAgICAgICAgICAgIDxSdWxlUGFyYW1ldGVyIE5hbWU9Ikh0bWxEZWNvZGUiIFZhbHVlPSJUcnVlIiAvPg0KICAgICAgICAgIDwvUnVsZVBhcmFtZXRlcnM+DQogICAgICAgIDwvRXh0cmFjdGlvblJ1bGU+DQogICAgICA8L0V4dHJhY3Rpb25SdWxlcz4NCiAgICAgIDxDb3JyZWxhdGlvbkV4dHJhY3Rpb25SdWxlcz4NCiAgICAgICAgPEV4dHJhY3Rpb25SdWxlIENsYXNzbmFtZT0iTWljcm9zb2Z0LlZpc3VhbFN0dWRpby5UZXN0VG9vbHMuV2ViVGVzdGluZy5SdWxlcy5FeHRyYWN0Rm9ybUZpZWxkLCBNaWNyb3NvZnQuVmlzdWFsU3R1ZGlvLlF1YWxpdHlUb29scy5XZWJUZXN0RnJhbWV3b3JrLCBWZXJzaW9uPTEwLjAuMC4wLCBDdWx0dXJlPW5ldXRyYWwsIFB1YmxpY0tleVRva2VuPWIwM2Y1ZjdmMTFkNTBhM2EiIFZhcmlhYmxlTmFtZT0iRm9ybVBvc3RQYXJhbTM3LmJ0bkV4ZWN1dGUiIERpc3BsYXlOYW1lPSIiIERlc2NyaXB0aW9uPSIiPg0KICAgICAgICAgIDxSdWxlUGFyYW1ldGVycz4NCiAgICAgICAgICAgIDxSdWxlUGFyYW1ldGVyIE5hbWU9Ik5hbWUiIFZhbHVlPSJidG5FeGVjdXRlIiAvPg0KICAgICAgICAgICAgPFJ1bGVQYXJhbWV0ZXIgTmFtZT0iSHRtbERlY29kZSIgVmFsdWU9IlRydWUiIC8+DQogICAgICAgICAgICA8UnVsZVBhcmFtZXRlciBOYW1lPSJSZXF1aXJlZCIgVmFsdWU9IkZhbHNlIiAvPg0KICAgICAgICAgICAgPFJ1bGVQYXJhbWV0ZXIgTmFtZT0iSW5kZXgiIFZhbHVlPSIwIiAvPg0KICAgICAgICAgIDwvUnVsZVBhcmFtZXRlcnM+DQogICAgICAgIDwvRXh0cmFjdGlvblJ1bGU+DQogICAgICAgIDxFeHRyYWN0aW9uUnVsZSBDbGFzc25hbWU9Ik1pY3Jvc29mdC5WaXN1YWxTdHVkaW8uVGVzdFRvb2xzLldlYlRlc3RpbmcuUnVsZXMuRXh0cmFjdFRleHQsIE1pY3Jvc29mdC5WaXN1YWxTdHVkaW8uUXVhbGl0eVRvb2xzLldlYlRlc3RGcmFtZXdvcmssIFZlcnNpb249MTAuMC4wLjAsIEN1bHR1cmU9bmV1dHJhbCwgUHVibGljS2V5VG9rZW49YjAzZjVmN2YxMWQ1MGEzYSIgVmFyaWFibGVOYW1lPSJGb3JtUG9zdFBhcmFtMzguZGRsVUlDdWx0dXJlIiBEaXNwbGF5TmFtZT0iIiBEZXNjcmlwdGlvbj0iIj4NCiAgICAgICAgICA8UnVsZVBhcmFtZXRlcnM+DQogICAgICAgICAgICA8UnVsZVBhcmFtZXRlciBOYW1lPSJTdGFydHNXaXRoIiBWYWx1ZT0ibHVlPSZxdW90OyIgLz4NCiAgICAgICAgICAgIDxSdWxlUGFyYW1ldGVyIE5hbWU9IkVuZHNXaXRoIiBWYWx1ZT0iJnF1b3Q7Jmd0O+ato+mrlOS4rSIgLz4NCiAgICAgICAgICAgIDxSdWxlUGFyYW1ldGVyIE5hbWU9IkluZGV4IiBWYWx1ZT0iOCIgLz4NCiAgICAgICAgICAgIDxSdWxlUGFyYW1ldGVyIE5hbWU9Iklnbm9yZUNhc2UiIFZhbHVlPSJGYWxzZSIgLz4NCiAgICAgICAgICAgIDxSdWxlUGFyYW1ldGVyIE5hbWU9IlVzZVJlZ3VsYXJFeHByZXNzaW9uIiBWYWx1ZT0iRmFsc2UiIC8+DQogICAgICAgICAgICA8UnVsZVBhcmFtZXRlciBOYW1lPSJIdG1sRGVjb2RlIiBWYWx1ZT0iVHJ1ZSIgLz4NCiAgICAgICAgICAgIDxSdWxlUGFyYW1ldGVyIE5hbWU9IlJlcXVpcmVkIiBWYWx1ZT0iRmFsc2UiIC8+DQogICAgICAgICAgPC9SdWxlUGFyYW1ldGVycz4NCiAgICAgICAgPC9FeHRyYWN0aW9uUnVsZT4NCiAgICAgIDwvQ29ycmVsYXRpb25FeHRyYWN0aW9uUnVsZXM+DQogICAgPC9SZXF1ZXN0Pg0KICAgIDxSZXF1ZXN0IE1ldGhvZD0iUE9TVCIgR3VpZD0iNGNhM2MzMmQtMWI1ZS00MDJmLTgyZDEtYjRkMmQyMDRlYjg3IiBWZXJzaW9uPSIxLjEiIFVybD0iaHR0cDovLzEwLjExLjM2LjExNDo4MDA3L2hybG9naW4vaHJsb2dpbi5hc3B4IiBUaGlua1RpbWU9IjEwNiIgVGltZW91dD0iMzAwIiBQYXJzZURlcGVuZGVudFJlcXVlc3RzPSJUcnVlIiBGb2xsb3dSZWRpcmVjdHM9IlRydWUiIFJlY29yZFJlc3VsdD0iVHJ1ZSIgQ2FjaGU9IkZhbHNlIiBSZXNwb25zZVRpbWVHb2FsPSIwIiBFbmNvZGluZz0idXRmLTgiIEV4cGVjdGVkSHR0cFN0YXR1c0NvZGU9IjAiIEV4cGVjdGVkUmVzcG9uc2VVcmw9IiIgUmVwb3J0aW5nTmFtZT0iIiBJZ25vcmVIdHRwU3RhdHVzQ29kZT0iRmFsc2UiPg0KICAgICAgPEZvcm1Qb3N0SHR0cEJvZHk+DQogICAgICAgIDxGb3JtUG9zdFBhcmFtZXRlciBOYW1lPSJfX0xBU1RGT0NVUyIgVmFsdWU9Int7JEhJRERFTjEuX19MQVNURk9DVVN9fSIgUmVjb3JkZWRWYWx1ZT0iIiBDb3JyZWxhdGlvbkJpbmRpbmc9IiIgVXJsRW5jb2RlPSJUcnVlIiAvPg0KICAgICAgICA8Rm9ybVBvc3RQYXJhbWV0ZXIgTmFtZT0iX19FVkVOVFRBUkdFVCIgVmFsdWU9Int7JEhJRERFTjEuX19FVkVOVFRBUkdFVH19IiBSZWNvcmRlZFZhbHVlPSIiIENvcnJlbGF0aW9uQmluZGluZz0iIiBVcmxFbmNvZGU9IlRydWUiIC8+DQogICAgICAgIDxGb3JtUG9zdFBhcmFtZXRlciBOYW1lPSJfX0VWRU5UQVJHVU1FTlQiIFZhbHVlPSJ7eyRISURERU4xLl9fRVZFTlRBUkdVTUVOVH19IiBSZWNvcmRlZFZhbHVlPSIiIENvcnJlbGF0aW9uQmluZGluZz0iIiBVcmxFbmNvZGU9IlRydWUiIC8+DQogICAgICAgIDxGb3JtUG9zdFBhcmFtZXRlciBOYW1lPSJfX1ZJRVdTVEFURSIgVmFsdWU9Int7JEhJRERFTjEuX19WSUVXU1RBVEV9fSIgUmVjb3JkZWRWYWx1ZT0iL3dFUER3VUtMVFExTkRNMU1UQTBNZzlrRmdJQ0F3OWtGZ1FDQVE4V0FoNEhWbWx6YVdKc1pXY1dCQUlCRHc4V0hoNEtYMDFoZUV4bGJtZDBhR1llRWw5SmMwRjFkRzlVYjFWd2NHVnlRMkZ6WldnZURGOUpjMEZqZEdsMlpVbE5SV2NlQzE5SmMxQmhjM04zYjNKa2FCNE9YMVJsZUhSVGFHbG1kRXRwYm1RTEtYOVRhVzV2VUdGakxsZGxZa1Y0Y0hKbGMzTXVRMjl0Ylc5dUxsVjBhV3dyVkdWNGRGTm9hV1owUzJsdVpDd2dVMmx1YjFCaFl5NVhaV0pGZUhCeVpYTnpMa052YlcxdmJpd2dWbVZ5YzJsdmJqMDNMak11TXpFdU1Td2dRM1ZzZEhWeVpUMXVaWFYwY21Gc0xDQlFkV0pzYVdOTFpYbFViMnRsYmoxdWRXeHNBQjRLWDFkaGRHVnlUV0Z5YTJVZUNGOUpjME5zWldGeWFCNElYMVJ2YjJ4VWFYQmxIZ3RmU1hOU1pXRmtUMjVzZVdnZUNWOURjM05EYkdGemMyVWVEMTlKYzFkcFpIUm9RbmxRYVhobGJHY2VFMTlKYzBScGMzQkZiblJsY21Wa1YyOXlaSE5vSGdaZlYybGtkR2dDVUI0SVgwbHpSbTlqZFhObkhnbGZTWE5TWldkRmVIQm9aQllFQWdFUFpCWUNBZ0VQRUE5a0ZnSWVCMjl1WTJ4cFkyc0Z2d0YyWVhJZ2IxWmhiR2xrSUQwZ1pHOWpkVzFsYm5RdVoyVjBSV3hsYldWdWRFSjVTV1FvSjNSNGRGVnpaWEpKUkY5U1pYRjFhWEpsWkVacFpXeGtWbUZzYVdSaGRHOXlNU2NwTzFaaGJHbGtZWFJ2Y2tWdVlXSnNaU2h2Vm1Gc2FXUXNkR2hwY3k1amFHVmphMlZrS1R0VmRHbHNYME5vYTBKdmVGUnZaMmRzWlZacGMybGlhV3hwZEhrb0ozUjRkRlZ6WlhKSlJGOWphR3RXYVhOcFltbHNhWFI1Snl3Z0ozUjRkRlZ6WlhKSlJGOWthWFpFWVhSaFFYSmxZU2NwTzJSa1pBSUREeFlDSGdWemRIbHNaUVUyWm14dllYUTZiR1ZtZER0a2FYTndiR0Y1T21sdWJHbHVaUzFpYkc5amF6dHdZV1JrYVc1bk9qQTdkbWx6YVdKcGJHbDBlVG83RmdZQ0FROFBGZ2dlQ0ZKbFlXUlBibXg1YUI0RlYybGtkR2diQUFBQUFBQUFWRUFCQUFBQUhnaERjM05EYkdGemMyVWVCRjhoVTBJQ2dnSVdBaDRIYjI1clpYbDFjQVVPZEdocGN5NTBhWFJzWlQwbkp6dGtBZ01QRHhZRUh4TWJBQUFBQUFBQVZFQUJBQUFBSHhVQ2dBSmtaQUlGRDJRV0FnSUJEdzhXQWg0RVZHVjRkQVVYVytXa3ArV3ZxK21PbHVXdW1sM2x0N0xsbFovbmxLZ1dBaDhSQlpRQmNHRmtaR2x1WnpvZ01uQjRJREV3Y0hnZ01uQjRJREV3Y0hnN0lHTnZiRzl5T2lNd01EQTdJR0poWTJ0bmNtOTFibVE2SUNOR1JrVTRRVFk3SUdadmJuUXRkMlZwWjJoME9pQmliMnhrT3lCaWIzSmtaWEk2SURGd2VDQnpiMnhwWkNCa1lYSnJaM0poZVRzZ2QyaHBkR1V0YzNCaFkyVTZJRzV2ZDNKaGNEc2dZbTl5WkdWeUxYSmhaR2wxY3pvZ00zQjRPMlFDQXc4UUR4WUdIZzVFWVhSaFZtRnNkV1ZHYVdWc1pBVURTMlY1SGcxRVlYUmhWR1Y0ZEVacFpXeGtCUVZXWVd4MVpSNExYeUZFWVhSaFFtOTFibVJuWkJBVkJBZEZibWRzYVhOb0RPZXVnT1M5aytTNHJlYVdod3ptcmFQcHE1VGt1SzNtbG9jTTU2NkE1TDJUNXJHSjZLK3RGUVFDWlc0R2VtZ3RRMGhUQm5wb0xVTklWQWQ2YUMxSVlXNXpGQ3NEQkdkbloyZGtaQUlERHc4V0FoOFhaV1JrWkNjVlJZWFRoOWpDQ013U2N3NG5SdVYwOW0vOSIgQ29ycmVsYXRpb25CaW5kaW5nPSIiIFVybEVuY29kZT0iVHJ1ZSIgLz4NCiAgICAgICAgPEZvcm1Qb3N0UGFyYW1ldGVyIE5hbWU9Il9fVklFV1NUQVRFR0VORVJBVE9SIiBWYWx1ZT0ie3skSElEREVOMS5fX1ZJRVdTVEFURUdFTkVSQVRPUn19IiBSZWNvcmRlZFZhbHVlPSI1QkIwRjI5MCIgQ29ycmVsYXRpb25CaW5kaW5nPSIiIFVybEVuY29kZT0iVHJ1ZSIgLz4NCiAgICAgICAgPEZvcm1Qb3N0UGFyYW1ldGVyIE5hbWU9Il9fRVZFTlRWQUxJREFUSU9OIiBWYWx1ZT0ie3skSElEREVOMS5fX0VWRU5UVkFMSURBVElPTn19IiBSZWNvcmRlZFZhbHVlPSIvd0VkQUFqWnpnZWRLN1dIbnVLQTJvK3NWUkFUWmhUcW8yeWRyY0F2VlhoVlgwS0ZLWUlGZlJSWmhYc3hVeTQzcWZtVmdQK0xSYnFYQXI0cFhSQXg1TGdQUEZqZ2VDUEZjbjVhUE1ZaEI2Z2VsMG8vYmwzRlEvcW5RVzJ1Rm9aUG5od3JKMWRnekNrcHFjWEhvTFdSK2ZjOHhIM1lSclBwR3pyRCtaRzBXazRZcm4zNUZ2a2VmL3RaUmc3R2NGTjM3TmdLRzZVV05QZ2UiIENvcnJlbGF0aW9uQmluZGluZz0iIiBVcmxFbmNvZGU9IlRydWUiIC8+DQogICAgICAgIDxGb3JtUG9zdFBhcmFtZXRlciBOYW1lPSJ0eHRVc2VySUQkdHh0RGF0YSIgVmFsdWU9IjEwMjExOSIgUmVjb3JkZWRWYWx1ZT0iMTAyMTE5IiBDb3JyZWxhdGlvbkJpbmRpbmc9IiIgVXJsRW5jb2RlPSJUcnVlIiAvPg0KICAgICAgICA8Rm9ybVBvc3RQYXJhbWV0ZXIgTmFtZT0iZGRsVUlDdWx0dXJlIiBWYWx1ZT0iemgtQ0hUIiBSZWNvcmRlZFZhbHVlPSJ6aC1DSFQiIENvcnJlbGF0aW9uQmluZGluZz0ie3tGb3JtUG9zdFBhcmFtMzguZGRsVUlDdWx0dXJlfX0iIFVybEVuY29kZT0iVHJ1ZSIgLz4NCiAgICAgICAgPEZvcm1Qb3N0UGFyYW1ldGVyIE5hbWU9ImJ0bkV4ZWN1dGUiIFZhbHVlPSJMb2NhbCBMb2dpbiIgUmVjb3JkZWRWYWx1ZT0iTG9jYWwgTG9naW4iIENvcnJlbGF0aW9uQmluZGluZz0ie3tGb3JtUG9zdFBhcmFtMzcuYnRuRXhlY3V0ZX19IiBVcmxFbmNvZGU9IlRydWUiIC8+DQogICAgICA8L0Zvcm1Qb3N0SHR0cEJvZHk+DQogICAgPC9SZXF1ZXN0Pg0KICAgIDxSZXF1ZXN0IE1ldGhvZD0iR0VUIiBHdWlkPSIxODIzZjIxMi1lZWQ3LTRlZDItYTRmZS03ZTFiY2NlZjIyODkiIFZlcnNpb249IjEuMSIgVXJsPSJodHRwOi8vMTAuMTEuMzYuMTE0OjgwMDcvT3ZlclRpbWUvT3ZlcnRpbWVQcmVPcmRlci5hc3B4IiBUaGlua1RpbWU9IjAiIFRpbWVvdXQ9IjMwMCIgUGFyc2VEZXBlbmRlbnRSZXF1ZXN0cz0iVHJ1ZSIgRm9sbG93UmVkaXJlY3RzPSJUcnVlIiBSZWNvcmRSZXN1bHQ9IlRydWUiIENhY2hlPSJGYWxzZSIgUmVzcG9uc2VUaW1lR29hbD0iMCIgRW5jb2Rpbmc9InV0Zi04IiBFeHBlY3RlZEh0dHBTdGF0dXNDb2RlPSIwIiBFeHBlY3RlZFJlc3BvbnNlVXJsPSIiIFJlcG9ydGluZ05hbWU9IiIgSWdub3JlSHR0cFN0YXR1c0NvZGU9IkZhbHNlIj4NCiAgICAgIDxFeHRyYWN0aW9uUnVsZXM+DQogICAgICAgIDxFeHRyYWN0aW9uUnVsZSBDbGFzc25hbWU9Ik1pY3Jvc29mdC5WaXN1YWxTdHVkaW8uVGVzdFRvb2xzLldlYlRlc3RpbmcuUnVsZXMuRXh0cmFjdEhpZGRlbkZpZWxkcywgTWljcm9zb2Z0LlZpc3VhbFN0dWRpby5RdWFsaXR5VG9vbHMuV2ViVGVzdEZyYW1ld29yaywgVmVyc2lvbj0xMC4wLjAuMCwgQ3VsdHVyZT1uZXV0cmFsLCBQdWJsaWNLZXlUb2tlbj1iMDNmNWY3ZjExZDUwYTNhIiBWYXJpYWJsZU5hbWU9IjEiIERpc3BsYXlOYW1lPSLmk7flj5bpmrHol4/mrITkvY0iIERlc2NyaXB0aW9uPSLmk7flj5blm57mh4nkuK3nmoTmiYDmnInpmrHol4/mrITkvY3vvIzkuKblsIflroPlgJHmlL7lnKjmuKzoqablhaflrrnkuK3jgIIiPg0KICAgICAgICAgIDxSdWxlUGFyYW1ldGVycz4NCiAgICAgICAgICAgIDxSdWxlUGFyYW1ldGVyIE5hbWU9IlJlcXVpcmVkIiBWYWx1ZT0iVHJ1ZSIgLz4NCiAgICAgICAgICAgIDxSdWxlUGFyYW1ldGVyIE5hbWU9Ikh0bWxEZWNvZGUiIFZhbHVlPSJUcnVlIiAvPg0KICAgICAgICAgIDwvUnVsZVBhcmFtZXRlcnM+DQogICAgICAgIDwvRXh0cmFjdGlvblJ1bGU+DQogICAgICA8L0V4dHJhY3Rpb25SdWxlcz4NCiAgICAgIDxDb3JyZWxhdGlvbkV4dHJhY3Rpb25SdWxlcz4NCiAgICAgICAgPEV4dHJhY3Rpb25SdWxlIENsYXNzbmFtZT0iTWljcm9zb2Z0LlZpc3VhbFN0dWRpby5UZXN0VG9vbHMuV2ViVGVzdGluZy5SdWxlcy5FeHRyYWN0Rm9ybUZpZWxkLCBNaWNyb3NvZnQuVmlzdWFsU3R1ZGlvLlF1YWxpdHlUb29scy5XZWJUZXN0RnJhbWV3b3JrLCBWZXJzaW9uPTEwLjAuMC4wLCBDdWx0dXJlPW5ldXRyYWwsIFB1YmxpY0tleVRva2VuPWIwM2Y1ZjdmMTFkNTBhM2EiIFZhcmlhYmxlTmFtZT0iRm9ybVBvc3RQYXJhbTMzLmJ0blF1ZXJ5IiBEaXNwbGF5TmFtZT0iIiBEZXNjcmlwdGlvbj0iIj4NCiAgICAgICAgICA8UnVsZVBhcmFtZXRlcnM+DQogICAgICAgICAgICA8UnVsZVBhcmFtZXRlciBOYW1lPSJOYW1lIiBWYWx1ZT0iYnRuUXVlcnkiIC8+DQogICAgICAgICAgICA8UnVsZVBhcmFtZXRlciBOYW1lPSJIdG1sRGVjb2RlIiBWYWx1ZT0iVHJ1ZSIgLz4NCiAgICAgICAgICAgIDxSdWxlUGFyYW1ldGVyIE5hbWU9IlJlcXVpcmVkIiBWYWx1ZT0iRmFsc2UiIC8+DQogICAgICAgICAgICA8UnVsZVBhcmFtZXRlciBOYW1lPSJJbmRleCIgVmFsdWU9IjAiIC8+DQogICAgICAgICAgPC9SdWxlUGFyYW1ldGVycz4NCiAgICAgICAgPC9FeHRyYWN0aW9uUnVsZT4NCiAgICAgICAgPEV4dHJhY3Rpb25SdWxlIENsYXNzbmFtZT0iTWljcm9zb2Z0LlZpc3VhbFN0dWRpby5UZXN0VG9vbHMuV2ViVGVzdGluZy5SdWxlcy5FeHRyYWN0Rm9ybUZpZWxkLCBNaWNyb3NvZnQuVmlzdWFsU3R1ZGlvLlF1YWxpdHlUb29scy5XZWJUZXN0RnJhbWV3b3JrLCBWZXJzaW9uPTEwLjAuMC4wLCBDdWx0dXJlPW5ldXRyYWwsIFB1YmxpY0tleVRva2VuPWIwM2Y1ZjdmMTFkNTBhM2EiIFZhcmlhYmxlTmFtZT0iRm9ybVBvc3RQYXJhbTM0LnR4dE9URW1wSUQiIERpc3BsYXlOYW1lPSIiIERlc2NyaXB0aW9uPSIiPg0KICAgICAgICAgIDxSdWxlUGFyYW1ldGVycz4NCiAgICAgICAgICAgIDxSdWxlUGFyYW1ldGVyIE5hbWU9Ik5hbWUiIFZhbHVlPSJ0eHRPVEVtcElEIiAvPg0KICAgICAgICAgICAgPFJ1bGVQYXJhbWV0ZXIgTmFtZT0iSHRtbERlY29kZSIgVmFsdWU9IlRydWUiIC8+DQogICAgICAgICAgICA8UnVsZVBhcmFtZXRlciBOYW1lPSJSZXF1aXJlZCIgVmFsdWU9IkZhbHNlIiAvPg0KICAgICAgICAgICAgPFJ1bGVQYXJhbWV0ZXIgTmFtZT0iSW5kZXgiIFZhbHVlPSIwIiAvPg0KICAgICAgICAgIDwvUnVsZVBhcmFtZXRlcnM+DQogICAgICAgIDwvRXh0cmFjdGlvblJ1bGU+DQogICAgICAgIDxFeHRyYWN0aW9uUnVsZSBDbGFzc25hbWU9Ik1pY3Jvc29mdC5WaXN1YWxTdHVkaW8uVGVzdFRvb2xzLldlYlRlc3RpbmcuUnVsZXMuRXh0cmFjdFRleHQsIE1pY3Jvc29mdC5WaXN1YWxTdHVkaW8uUXVhbGl0eVRvb2xzLldlYlRlc3RGcmFtZXdvcmssIFZlcnNpb249MTAuMC4wLjAsIEN1bHR1cmU9bmV1dHJhbCwgUHVibGljS2V5VG9rZW49YjAzZjVmN2YxMWQ1MGEzYSIgVmFyaWFibGVOYW1lPSJGb3JtUG9zdFBhcmFtMzUuZGRsUXVlcnlDb25kaXRpb25zIiBEaXNwbGF5TmFtZT0iIiBEZXNjcmlwdGlvbj0iIj4NCiAgICAgICAgICA8UnVsZVBhcmFtZXRlcnM+DQogICAgICAgICAgICA8UnVsZVBhcmFtZXRlciBOYW1lPSJTdGFydHNXaXRoIiBWYWx1ZT0icyZxdW90OzpbJnF1b3Q7IiAvPg0KICAgICAgICAgICAgPFJ1bGVQYXJhbWV0ZXIgTmFtZT0iRW5kc1dpdGgiIFZhbHVlPSImcXVvdDssJnF1b3Q7MSZxdW90OyIgLz4NCiAgICAgICAgICAgIDxSdWxlUGFyYW1ldGVyIE5hbWU9IkluZGV4IiBWYWx1ZT0iMCIgLz4NCiAgICAgICAgICAgIDxSdWxlUGFyYW1ldGVyIE5hbWU9Iklnbm9yZUNhc2UiIFZhbHVlPSJGYWxzZSIgLz4NCiAgICAgICAgICAgIDxSdWxlUGFyYW1ldGVyIE5hbWU9IlVzZVJlZ3VsYXJFeHByZXNzaW9uIiBWYWx1ZT0iRmFsc2UiIC8+DQogICAgICAgICAgICA8UnVsZVBhcmFtZXRlciBOYW1lPSJIdG1sRGVjb2RlIiBWYWx1ZT0iVHJ1ZSIgLz4NCiAgICAgICAgICAgIDxSdWxlUGFyYW1ldGVyIE5hbWU9IlJlcXVpcmVkIiBWYWx1ZT0iRmFsc2UiIC8+DQogICAgICAgICAgPC9SdWxlUGFyYW1ldGVycz4NCiAgICAgICAgPC9FeHRyYWN0aW9uUnVsZT4NCiAgICAgICAgPEV4dHJhY3Rpb25SdWxlIENsYXNzbmFtZT0iTWljcm9zb2Z0LlZpc3VhbFN0dWRpby5UZXN0VG9vbHMuV2ViVGVzdGluZy5SdWxlcy5FeHRyYWN0VGV4dCwgTWljcm9zb2Z0LlZpc3VhbFN0dWRpby5RdWFsaXR5VG9vbHMuV2ViVGVzdEZyYW1ld29yaywgVmVyc2lvbj0xMC4wLjAuMCwgQ3VsdHVyZT1uZXV0cmFsLCBQdWJsaWNLZXlUb2tlbj1iMDNmNWY3ZjExZDUwYTNhIiBWYXJpYWJsZU5hbWU9IkZvcm1Qb3N0UGFyYW0zNi5kZGxPVFN0YXR1cyIgRGlzcGxheU5hbWU9IiIgRGVzY3JpcHRpb249IiI+DQogICAgICAgICAgPFJ1bGVQYXJhbWV0ZXJzPg0KICAgICAgICAgICAgPFJ1bGVQYXJhbWV0ZXIgTmFtZT0iU3RhcnRzV2l0aCIgVmFsdWU9IiZxdW90OzAmcXVvdDssJnF1b3Q7IiAvPg0KICAgICAgICAgICAgPFJ1bGVQYXJhbWV0ZXIgTmFtZT0iRW5kc1dpdGgiIFZhbHVlPSImcXVvdDssJnF1b3Q7MiZxdW90OyIgLz4NCiAgICAgICAgICAgIDxSdWxlUGFyYW1ldGVyIE5hbWU9IkluZGV4IiBWYWx1ZT0iMCIgLz4NCiAgICAgICAgICAgIDxSdWxlUGFyYW1ldGVyIE5hbWU9Iklnbm9yZUNhc2UiIFZhbHVlPSJGYWxzZSIgLz4NCiAgICAgICAgICAgIDxSdWxlUGFyYW1ldGVyIE5hbWU9IlVzZVJlZ3VsYXJFeHByZXNzaW9uIiBWYWx1ZT0iRmFsc2UiIC8+DQogICAgICAgICAgICA8UnVsZVBhcmFtZXRlciBOYW1lPSJIdG1sRGVjb2RlIiBWYWx1ZT0iVHJ1ZSIgLz4NCiAgICAgICAgICAgIDxSdWxlUGFyYW1ldGVyIE5hbWU9IlJlcXVpcmVkIiBWYWx1ZT0iRmFsc2UiIC8+DQogICAgICAgICAgPC9SdWxlUGFyYW1ldGVycz4NCiAgICAgICAgPC9FeHRyYWN0aW9uUnVsZT4NCiAgICAgIDwvQ29ycmVsYXRpb25FeHRyYWN0aW9uUnVsZXM+DQogICAgPC9SZXF1ZXN0Pg0KICAgIDxSZXF1ZXN0IE1ldGhvZD0iUE9TVCIgR3VpZD0iM2MwMDdmNWEtODc4MC00MjM1LThiNzYtNzRjNTYwZjM3NTgzIiBWZXJzaW9uPSIxLjEiIFVybD0iaHR0cDovLzEwLjExLjM2LjExNDo4MDA3L092ZXJUaW1lL092ZXJ0aW1lUHJlT3JkZXIuYXNweCIgVGhpbmtUaW1lPSIwIiBUaW1lb3V0PSIzMDAiIFBhcnNlRGVwZW5kZW50UmVxdWVzdHM9IlRydWUiIEZvbGxvd1JlZGlyZWN0cz0iVHJ1ZSIgUmVjb3JkUmVzdWx0PSJUcnVlIiBDYWNoZT0iRmFsc2UiIFJlc3BvbnNlVGltZUdvYWw9IjAiIEVuY29kaW5nPSJ1dGYtOCIgRXhwZWN0ZWRIdHRwU3RhdHVzQ29kZT0iMCIgRXhwZWN0ZWRSZXNwb25zZVVybD0iIiBSZXBvcnRpbmdOYW1lPSIiIElnbm9yZUh0dHBTdGF0dXNDb2RlPSJGYWxzZSI+DQogICAgICA8RXh0cmFjdGlvblJ1bGVzPg0KICAgICAgICA8RXh0cmFjdGlvblJ1bGUgQ2xhc3NuYW1lPSJNaWNyb3NvZnQuVmlzdWFsU3R1ZGlvLlRlc3RUb29scy5XZWJUZXN0aW5nLlJ1bGVzLkV4dHJhY3RIaWRkZW5GaWVsZHMsIE1pY3Jvc29mdC5WaXN1YWxTdHVkaW8uUXVhbGl0eVRvb2xzLldlYlRlc3RGcmFtZXdvcmssIFZlcnNpb249MTAuMC4wLjAsIEN1bHR1cmU9bmV1dHJhbCwgUHVibGljS2V5VG9rZW49YjAzZjVmN2YxMWQ1MGEzYSIgVmFyaWFibGVOYW1lPSIxIiBEaXNwbGF5TmFtZT0i5pO35Y+W6Zqx6JeP5qyE5L2NIiBEZXNjcmlwdGlvbj0i5pO35Y+W5Zue5oeJ5Lit55qE5omA5pyJ6Zqx6JeP5qyE5L2N77yM5Lim5bCH5a6D5YCR5pS+5Zyo5ris6Kmm5YWn5a655Lit44CCIj4NCiAgICAgICAgICA8UnVsZVBhcmFtZXRlcnM+DQogICAgICAgICAgICA8UnVsZVBhcmFtZXRlciBOYW1lPSJSZXF1aXJlZCIgVmFsdWU9IlRydWUiIC8+DQogICAgICAgICAgICA8UnVsZVBhcmFtZXRlciBOYW1lPSJIdG1sRGVjb2RlIiBWYWx1ZT0iVHJ1ZSIgLz4NCiAgICAgICAgICA8L1J1bGVQYXJhbWV0ZXJzPg0KICAgICAgICA8L0V4dHJhY3Rpb25SdWxlPg0KICAgICAgPC9FeHRyYWN0aW9uUnVsZXM+DQogICAgICA8Q29ycmVsYXRpb25FeHRyYWN0aW9uUnVsZXM+DQogICAgICAgIDxFeHRyYWN0aW9uUnVsZSBDbGFzc25hbWU9Ik1pY3Jvc29mdC5WaXN1YWxTdHVkaW8uVGVzdFRvb2xzLldlYlRlc3RpbmcuUnVsZXMuRXh0cmFjdEZvcm1GaWVsZCwgTWljcm9zb2Z0LlZpc3VhbFN0dWRpby5RdWFsaXR5VG9vbHMuV2ViVGVzdEZyYW1ld29yaywgVmVyc2lvbj0xMC4wLjAuMCwgQ3VsdHVyZT1uZXV0cmFsLCBQdWJsaWNLZXlUb2tlbj1iMDNmNWY3ZjExZDUwYTNhIiBWYXJpYWJsZU5hbWU9IkZvcm1Qb3N0UGFyYW0yOS5idG5VcGRhdGUiIERpc3BsYXlOYW1lPSIiIERlc2NyaXB0aW9uPSIiPg0KICAgICAgICAgIDxSdWxlUGFyYW1ldGVycz4NCiAgICAgICAgICAgIDxSdWxlUGFyYW1ldGVyIE5hbWU9Ik5hbWUiIFZhbHVlPSJidG5VcGRhdGUiIC8+DQogICAgICAgICAgICA8UnVsZVBhcmFtZXRlciBOYW1lPSJIdG1sRGVjb2RlIiBWYWx1ZT0iVHJ1ZSIgLz4NCiAgICAgICAgICAgIDxSdWxlUGFyYW1ldGVyIE5hbWU9IlJlcXVpcmVkIiBWYWx1ZT0iRmFsc2UiIC8+DQogICAgICAgICAgICA8UnVsZVBhcmFtZXRlciBOYW1lPSJJbmRleCIgVmFsdWU9IjAiIC8+DQogICAgICAgICAgPC9SdWxlUGFyYW1ldGVycz4NCiAgICAgICAgPC9FeHRyYWN0aW9uUnVsZT4NCiAgICAgICAgPEV4dHJhY3Rpb25SdWxlIENsYXNzbmFtZT0iTWljcm9zb2Z0LlZpc3VhbFN0dWRpby5UZXN0VG9vbHMuV2ViVGVzdGluZy5SdWxlcy5FeHRyYWN0Rm9ybUZpZWxkLCBNaWNyb3NvZnQuVmlzdWFsU3R1ZGlvLlF1YWxpdHlUb29scy5XZWJUZXN0RnJhbWV3b3JrLCBWZXJzaW9uPTEwLjAuMC4wLCBDdWx0dXJlPW5ldXRyYWwsIFB1YmxpY0tleVRva2VuPWIwM2Y1ZjdmMTFkNTBhM2EiIFZhcmlhYmxlTmFtZT0iRm9ybVBvc3RQYXJhbTMwLnR4dE9URW1wSUQiIERpc3BsYXlOYW1lPSIiIERlc2NyaXB0aW9uPSIiPg0KICAgICAgICAgIDxSdWxlUGFyYW1ldGVycz4NCiAgICAgICAgICAgIDxSdWxlUGFyYW1ldGVyIE5hbWU9Ik5hbWUiIFZhbHVlPSJ0eHRPVEVtcElEIiAvPg0KICAgICAgICAgICAgPFJ1bGVQYXJhbWV0ZXIgTmFtZT0iSHRtbERlY29kZSIgVmFsdWU9IlRydWUiIC8+DQogICAgICAgICAgICA8UnVsZVBhcmFtZXRlciBOYW1lPSJSZXF1aXJlZCIgVmFsdWU9IkZhbHNlIiAvPg0KICAgICAgICAgICAgPFJ1bGVQYXJhbWV0ZXIgTmFtZT0iSW5kZXgiIFZhbHVlPSIwIiAvPg0KICAgICAgICAgIDwvUnVsZVBhcmFtZXRlcnM+DQogICAgICAgIDwvRXh0cmFjdGlvblJ1bGU+DQogICAgICAgIDxFeHRyYWN0aW9uUnVsZSBDbGFzc25hbWU9Ik1pY3Jvc29mdC5WaXN1YWxTdHVkaW8uVGVzdFRvb2xzLldlYlRlc3RpbmcuUnVsZXMuRXh0cmFjdFRleHQsIE1pY3Jvc29mdC5WaXN1YWxTdHVkaW8uUXVhbGl0eVRvb2xzLldlYlRlc3RGcmFtZXdvcmssIFZlcnNpb249MTAuMC4wLjAsIEN1bHR1cmU9bmV1dHJhbCwgUHVibGljS2V5VG9rZW49YjAzZjVmN2YxMWQ1MGEzYSIgVmFyaWFibGVOYW1lPSJGb3JtUG9zdFBhcmFtMzEuZGRsUXVlcnlDb25kaXRpb25zIiBEaXNwbGF5TmFtZT0iIiBEZXNjcmlwdGlvbj0iIj4NCiAgICAgICAgICA8UnVsZVBhcmFtZXRlcnM+DQogICAgICAgICAgICA8UnVsZVBhcmFtZXRlciBOYW1lPSJTdGFydHNXaXRoIiBWYWx1ZT0icyZxdW90OzpbJnF1b3Q7IiAvPg0KICAgICAgICAgICAgPFJ1bGVQYXJhbWV0ZXIgTmFtZT0iRW5kc1dpdGgiIFZhbHVlPSImcXVvdDssJnF1b3Q7MSZxdW90OyIgLz4NCiAgICAgICAgICAgIDxSdWxlUGFyYW1ldGVyIE5hbWU9IkluZGV4IiBWYWx1ZT0iMCIgLz4NCiAgICAgICAgICAgIDxSdWxlUGFyYW1ldGVyIE5hbWU9Iklnbm9yZUNhc2UiIFZhbHVlPSJGYWxzZSIgLz4NCiAgICAgICAgICAgIDxSdWxlUGFyYW1ldGVyIE5hbWU9IlVzZVJlZ3VsYXJFeHByZXNzaW9uIiBWYWx1ZT0iRmFsc2UiIC8+DQogICAgICAgICAgICA8UnVsZVBhcmFtZXRlciBOYW1lPSJIdG1sRGVjb2RlIiBWYWx1ZT0iVHJ1ZSIgLz4NCiAgICAgICAgICAgIDxSdWxlUGFyYW1ldGVyIE5hbWU9IlJlcXVpcmVkIiBWYWx1ZT0iRmFsc2UiIC8+DQogICAgICAgICAgPC9SdWxlUGFyYW1ldGVycz4NCiAgICAgICAgPC9FeHRyYWN0aW9uUnVsZT4NCiAgICAgICAgPEV4dHJhY3Rpb25SdWxlIENsYXNzbmFtZT0iTWljcm9zb2Z0LlZpc3VhbFN0dWRpby5UZXN0VG9vbHMuV2ViVGVzdGluZy5SdWxlcy5FeHRyYWN0VGV4dCwgTWljcm9zb2Z0LlZpc3VhbFN0dWRpby5RdWFsaXR5VG9vbHMuV2ViVGVzdEZyYW1ld29yaywgVmVyc2lvbj0xMC4wLjAuMCwgQ3VsdHVyZT1uZXV0cmFsLCBQdWJsaWNLZXlUb2tlbj1iMDNmNWY3ZjExZDUwYTNhIiBWYXJpYWJsZU5hbWU9IkZvcm1Qb3N0UGFyYW0zMi5kZGxPVFN0YXR1cyIgRGlzcGxheU5hbWU9IiIgRGVzY3JpcHRpb249IiI+DQogICAgICAgICAgPFJ1bGVQYXJhbWV0ZXJzPg0KICAgICAgICAgICAgPFJ1bGVQYXJhbWV0ZXIgTmFtZT0iU3RhcnRzV2l0aCIgVmFsdWU9IiZxdW90OzAmcXVvdDssJnF1b3Q7IiAvPg0KICAgICAgICAgICAgPFJ1bGVQYXJhbWV0ZXIgTmFtZT0iRW5kc1dpdGgiIFZhbHVlPSImcXVvdDssJnF1b3Q7MiZxdW90OyIgLz4NCiAgICAgICAgICAgIDxSdWxlUGFyYW1ldGVyIE5hbWU9IkluZGV4IiBWYWx1ZT0iMCIgLz4NCiAgICAgICAgICAgIDxSdWxlUGFyYW1ldGVyIE5hbWU9Iklnbm9yZUNhc2UiIFZhbHVlPSJGYWxzZSIgLz4NCiAgICAgICAgICAgIDxSdWxlUGFyYW1ldGVyIE5hbWU9IlVzZVJlZ3VsYXJFeHByZXNzaW9uIiBWYWx1ZT0iRmFsc2UiIC8+DQogICAgICAgICAgICA8UnVsZVBhcmFtZXRlciBOYW1lPSJIdG1sRGVjb2RlIiBWYWx1ZT0iVHJ1ZSIgLz4NCiAgICAgICAgICAgIDxSdWxlUGFyYW1ldGVyIE5hbWU9IlJlcXVpcmVkIiBWYWx1ZT0iRmFsc2UiIC8+DQogICAgICAgICAgPC9SdWxlUGFyYW1ldGVycz4NCiAgICAgICAgPC9FeHRyYWN0aW9uUnVsZT4NCiAgICAgIDwvQ29ycmVsYXRpb25FeHRyYWN0aW9uUnVsZXM+DQogICAgICA8Rm9ybVBvc3RIdHRwQm9keT4NCiAgICAgICAgPEZvcm1Qb3N0UGFyYW1ldGVyIE5hbWU9IlRvb2xraXRTY3JpcHRNYW5hZ2VyMV9IaWRkZW5GaWVsZCIgVmFsdWU9Ijs7QWpheENvbnRyb2xUb29sa2l0LCBWZXJzaW9uPTQuMS43LjYwNywgQ3VsdHVyZT1uZXV0cmFsLCBQdWJsaWNLZXlUb2tlbj0yOGYwMWIwZTg0YjZkNTNlOnpoLUhhbnQ6N2I5NWVkMWEtNmEzZi00MWRkLWJjNWItNjNmMzllZGJjNGI0OmRlMWZlYWIyOmZjZjBlOTkzOmYyYzhlNzA4OjcyMGE1MmJmOmY5Y2VjOWJjOjU4OWVhYTMwOjY5ODEyOWNmOmZiOWI0YzU3OmNjYjk2Y2Y5OmE2N2MyNzAwOjg2MTNhZWE3OjMyMDJhNWEyOmFiMDllM2ZlOjg3MTA0YjdjOmJlNmZiMjk4IiBSZWNvcmRlZFZhbHVlPSI7O0FqYXhDb250cm9sVG9vbGtpdCwgVmVyc2lvbj00LjEuNy42MDcsIEN1bHR1cmU9bmV1dHJhbCwgUHVibGljS2V5VG9rZW49MjhmMDFiMGU4NGI2ZDUzZTp6aC1IYW50OjdiOTVlZDFhLTZhM2YtNDFkZC1iYzViLTYzZjM5ZWRiYzRiNDpkZTFmZWFiMjpmY2YwZTk5MzpmMmM4ZTcwODo3MjBhNTJiZjpmOWNlYzliYzo1ODllYWEzMDo2OTgxMjljZjpmYjliNGM1NzpjY2I5NmNmOTphNjdjMjcwMDo4NjEzYWVhNzozMjAyYTVhMjphYjA5ZTNmZTo4NzEwNGI3YzpiZTZmYjI5OCIgQ29ycmVsYXRpb25CaW5kaW5nPSIiIFVybEVuY29kZT0iVHJ1ZSIgLz4NCiAgICAgICAgPEZvcm1Qb3N0UGFyYW1ldGVyIE5hbWU9Il9fRVZFTlRUQVJHRVQiIFZhbHVlPSJ7eyRISURERU4xLl9fRVZFTlRUQVJHRVR9fSIgUmVjb3JkZWRWYWx1ZT0iIiBDb3JyZWxhdGlvbkJpbmRpbmc9IiIgVXJsRW5jb2RlPSJUcnVlIiAvPg0KICAgICAgICA8Rm9ybVBvc3RQYXJhbWV0ZXIgTmFtZT0iX19FVkVOVEFSR1VNRU5UIiBWYWx1ZT0ie3skSElEREVOMS5fX0VWRU5UQVJHVU1FTlR9fSIgUmVjb3JkZWRWYWx1ZT0iIiBDb3JyZWxhdGlvbkJpbmRpbmc9IiIgVXJsRW5jb2RlPSJUcnVlIiAvPg0KICAgICAgICA8Rm9ybVBvc3RQYXJhbWV0ZXIgTmFtZT0iX19MQVNURk9DVVMiIFZhbHVlPSJ7eyRISURERU4xLl9fTEFTVEZPQ1VTfX0iIFJlY29yZGVkVmFsdWU9IiIgQ29ycmVsYXRpb25CaW5kaW5nPSIiIFVybEVuY29kZT0iVHJ1ZSIgLz4NCiAgICAgICAgPEZvcm1Qb3N0UGFyYW1ldGVyIE5hbWU9Il9fVlNUQVRFIiBWYWx1ZT0ie3skSElEREVOMS5fX1ZTVEFURX19IiBSZWNvcmRlZFZhbHVlPSJBUitMQ0FBQUFBQUFCQUN0VjkxekUxVVVUNVp1R3RLUEZHeGlSZDFkSHB4dHA2UmtrNmdEdFE4a0tUWWpKZGdHSGl4TVpwdDd1MW03M2Mxa2IwdmpFejRVRkhHQW9laGdaNXh4UmdGQkhCMWZLaktPZjRJUFB2ak1rTFI5OGsvQWUvY2oyU1pMQmtxMzArVG1uSFBQNzN6ZnZVKzl3UUV2N1pPV0prVlpEYjQzN09tbWZLR0FQNXRMYVF1bFRMb3pteHNuMzc1c0xpMGlpTDl5OGdMc3p1YW1rWWdXOVpQaUF1ekNOQTJKQ21GZzhkeXlta243YlFHOE9LNlZGMDVtQThjVjdYeEsxQ0ZtVWsveEV3UkJPaUFjaWNjRTRaMjNFNGxnT016NDByQ0VNbW42QUIrTlJ0OFhvdndoWXhGMUxKajkyYkpFVkoyUWRZU1hJZ2FqS1o1bmV2T25SQWxtZElKMlFwT0tUTWdpZkxnSXk1VnBWSlpWeWFEN1RNZG8zL1NwaWVRSEFuUFFranUyaUxSanBaSlNHVitZaFlEUVVycWVVa1JkbHhqZWtpRXhRdmgvdWxEV0ZPV1Vwc3RJMXRTc2lsY29LUmJtSlNaZ3VrQXNoRXlYdzFiNlhxOE9GVmhBWERvem5jdWNUT1c0QW80R3g1MHZRcFhMSnFJanAwdVdQNXlzYzZxR09IVlJVVGpVeW9ZSzNzZnpIRlFCSitxRVdlY2Rrbld5YTVCc3NFazhQMlNKMlJRbmNMdzljTHdkY053Rk9ONEtISGNGanJVSGpyVURqcmtBeDFxQlk2N0FRbnRnb1FWNDBOaHRibTY3ZDlES2NFTmtycXd0Y0hCaWFuSTZuY3huY2xQcGtSa3dxNTBibVRFRTVFOUVVaitrUk00Ui9XWElXUnZIbkVCRGhobW0rMFAxR0FpT0dEamNJeVkrMjdrVzMrem9DZHVqMXdCNUJrUzdDTGJMWEd2aUhBYmJpY09rTmtJdUpydlVnRXM5dXZjR2VRaG9XanV2TnFNYVRqc0NhcmpmOE5SWW1SNCtYbDE5dkhxQjU0WWIwc044aEsvL0pJT1NCTUhGZWxOT2NBaTYrR01LeGR5RTRrMUNjVGVoUkpOUXdpbmtGZ1hENEJjbzN5eW53RG5FZmF6SjZ2UHVTRVE1alZRVHRtVktVMkJLQTNDTVQwUjVUc1RGNHJDWUc4dldseThNRXJkQTRrNlF1QTBTM3gyUW1BVVNjNExFYkpEWTdvQUlGb2pnQkJGc0VHRjNRQ3dNSjBTVU53QmM5VnREcXpGeDhCQWtUWnd0QTFqbVppdk9VOGR4RGpnbXMyUEUxTHVlWXpyeHlqZzEvZmFyQUJPMHoyQ0l4SndvNlZLWW92WUVRYmdmZndiREZEN3ZUOGhTRVNXMTVXUVppdlBqcWppclFGQUVZV29PUzNWUVhrT3E4NHlzeTVoUkJJQ2lEVXBIRGk0amVtRHoxczJOYXhlZnJELzQ3OUdWemZ0ZmJOejlzdnJueXVNTHQ3SGNXMFNPN2FHN2E3K3NiLzU2YmV2eWhjM3ZybUQ2a0VVUFBubjRzSHA1YmZPM1M3V0gxN0FleklwWXJCQm1FZnJOOWRxTmIycVhQdDlZdmJ0eDV6b1dPQnkwRENOTzlBRVE5czRCU3JDSlBrSU1odjFNTDM3cEVzK0l5aUk4TGtNRjBCMGtKVXdQb1JLelRhS2ZFRW0vTWwzNWc0U1YxQlpWSURHZDlSajBoYWg5RWZ4Z3g3WSt4YVpjSWovQzVpdFZwTW42RU9YeG1aeis0VDJVSkJtVzBZWTViSzlwQUJ0c1lMSjlFcnR2RnhBNmQ0NGdSQ09iWDkzYld2bHA0L2JWNm1jLzRnRGJDSUlUSVc1SDEyOUZGNE1GR3ZXSklYdTJUYjg2cnJjVk4rVDFZTTNlcHVBRUdpVytjMjJkRFcyeGw5ZTIxOWJXNVRqZmRxN3VYYU5pS2FPaFNOc0ZjTW1SZXdGNTZ4WVIzVjNCejluRGs1Tm5Ed1BBQlBMNERsQkd4cjNCODVkOFplMmZ2LzJNUHordUFvdVU3R0FmL092SEtqTDZGQlJCVmxVcVJTeVEwelI4bVNqUmtabXRQNzZ0M2JoOGpxdGVmMVM5ZXIvMjlRKzF0WXU0UDJlMjFtNFo5TnI2eXRhdDc2c3JkNm8vLzI3Mk9ESFBpMzBHcE5jMXRhREloWG42bzlOSVZ2S3A0andlRGpsTmtoUm9UQUZaa1ZGbGtFZkx5THpjSktFa3EvbENjYjdCNVE5eHpYd2dMNUVlTzRhSEREODBDbkF2VTJTTTBEcXFLSkJtbDJBWnlRVlJpWWlLTEtsSGtWWWFYYXFyT3pyYUdFUTc4eEx2REdncW1GVk16M3BSVWRaSGxzaUFHT1A1VVlDVEV2WXhQdGQwN0czSnhnUVpFZHVTTVVIcUQ2ZVYzYjk5TS90S1BZTnNmejF6YktqSWhsODJUZXlyOUpubnl3KzJ0VTEyQ05jOU4rekFjNmVGZmUyRjg4RWVjTThDKzNwVENOK29oNTE5MHhIdkkrVFN2WS95OW9VOTVLKzdmOWpqQWRTb0VhS09vQkdoQWJvSHlIcEpFU3RIVlUyRm8rQi9PN1duOUxVUEFBQT0iIENvcnJlbGF0aW9uQmluZGluZz0iIiBVcmxFbmNvZGU9IlRydWUiIC8+DQogICAgICAgIDxGb3JtUG9zdFBhcmFtZXRlciBOYW1lPSJfX1ZJRVdTVEFURSIgVmFsdWU9Int7JEhJRERFTjEuX19WSUVXU1RBVEV9fSIgUmVjb3JkZWRWYWx1ZT0iIiBDb3JyZWxhdGlvbkJpbmRpbmc9IiIgVXJsRW5jb2RlPSJUcnVlIiAvPg0KICAgICAgICA8Rm9ybVBvc3RQYXJhbWV0ZXIgTmFtZT0iX19TQ1JPTExQT1NJVElPTlgiIFZhbHVlPSJ7eyRISURERU4xLl9fU0NST0xMUE9TSVRJT05YfX0iIFJlY29yZGVkVmFsdWU9IjAiIENvcnJlbGF0aW9uQmluZGluZz0iIiBVcmxFbmNvZGU9IlRydWUiIC8+DQogICAgICAgIDxGb3JtUG9zdFBhcmFtZXRlciBOYW1lPSJfX1NDUk9MTFBPU0lUSU9OWSIgVmFsdWU9Int7JEhJRERFTjEuX19TQ1JPTExQT1NJVElPTll9fSIgUmVjb3JkZWRWYWx1ZT0iMCIgQ29ycmVsYXRpb25CaW5kaW5nPSIiIFVybEVuY29kZT0iVHJ1ZSIgLz4NCiAgICAgICAgPEZvcm1Qb3N0UGFyYW1ldGVyIE5hbWU9Il9fVklFV1NUQVRFRU5DUllQVEVEIiBWYWx1ZT0ie3skSElEREVOMS5fX1ZJRVdTVEFURUVOQ1JZUFRFRH19IiBSZWNvcmRlZFZhbHVlPSIiIENvcnJlbGF0aW9uQmluZGluZz0iIiBVcmxFbmNvZGU9IlRydWUiIC8+DQogICAgICAgIDxGb3JtUG9zdFBhcmFtZXRlciBOYW1lPSJfX0VWRU5UVkFMSURBVElPTiIgVmFsdWU9Int7JEhJRERFTjEuX19FVkVOVFZBTElEQVRJT059fSIgUmVjb3JkZWRWYWx1ZT0iVjl3Yi9ManNpdE5oSXRrWDNLSkkzSHprcSsxdWJwN1B1eFkyV1NRM0NMdEJ6b0x3aEQ3RG5SZW1ta3ZjZERyUVA1NWxDaWFkQk9qb2phcFRSUmJKL0Z1VkJ3bjBoMk1zSW5kMVdlWnBWenpyanU0S0l0M3VodXBhK2xweitRbWJxVFhwYkR3d0RtRzZ4c2ZxYkVkSnR5YWlndlJZenoySkFMNUZvbk1VbEMyeGNNQy9JYUc0YWdSaHVKUHUxSzhDUXZlcEVDV1pRQjBtM2JBR0xiemRvaFhQVVRBSDJyNkZCb3EyRzhGNnZCdEFGVzhUS2N3YzR2Y09WNVZJdzRwcnBmWFNWL0p1V1VOWExMOURYa0JYaVlLbE5uL0g5ckhSQ3BxUWlsdkU2RVpKZUZGV3ArTGNnOFBHdWpQdTVGMFBtZXVlamJYZThpN3MzWjkra1F4T1NuY2hJUlJsdTdpOGtWVjRKWkpoc29rZUI2Rm5TUzl0THhOcVgzNCtNc3FmQjljV2d2Ym1hK05WbCtGaVlySGZmUlZhZ0lLK0FkYWlMSFRJNkFScld2S1N1MjB2R2NVeDJnWDBVam5pVkFrRXF4NGNIQUlzNWY4UVFRaE1TQ0hRVXhKSkFLbERtcEJDU0NQSDFqcWNIOVUyZEhYM01HbHhtMlVtV1BiSjdKc3AwTXR0UlNwcGxnZGxSTm1TT0ZETnlxbmdEUzlySE1zL2NpRkFuWUk5U1pmSXh2dk1ObzBNWnRMY0JnN1dLdHhycDNiTzV5T3FhQUc3azJKUmhOZDFjNnM2Y2RvLzdUcUw3b3JTMXdRb0dPU3pqRmU2WldFUU1UemZBaEVDQlg0L1JRNDJreEpCSzljcFhtL01tdUNiVzlzbU40YmpsTXAvSHh1RmhlaTJJRGI2RkcwMk1VYmtJVVpHMFNsdnZzVXZXcnpGNXJsSlRkbnM5VWRMcnVKNEtNQVZncXo5TGFjSSs3R2xRZDNtam9McjNWcWZyTE9nR3ErWmRwbk53ZjhjeHJTV1kyejNpNnZBMVNIQjZMSkhoZEprcStSSTliUlB0cXRsbERrUlAxeitpdVpKR0hNNkFVbzZTYzRJYzAybUJXOG1qOVhiK3pDNVh5Tm9XdHh5dXU2ODRqZFlyVXN0MDhIbWJJVWV2NGpSMGtiV1ZmeU02bEZKOGoyU0JKN2JLZldmcVM1Rzk0alFmSzBmWDJFK2pWRDJDSHFLbDhnbkM5RHEvNkNGK0Y5VTd4c0VPcXMxYnIwY2lVUXk1ak5JY0tzWUxNdWtZTDRGdTdaV0Y3clYwVmcrVDhIaE1pUXpWZnV0ZGJ1NzI3dmxLbm56Ukg5OTgycmVmektXYlpjQWExZTZjRS96WVhScHNkRWZqYTFTVlJ6WHZSdzhRb3Iyendub3Z2TExGcjhabVZnM1JqWld4LytrbVlia08vMU5za01zc2JNZ2FmaXo1M2ZqbjlUYS9renFxVytWOVFtRTJ0Y1JHOWo3UGowYU93T3lMc0ZxOXpkK2hic2FvV3VBOUVZWkF4Umo4bXFyL01aYTB6Tktnd0RkQTlJPSIgQ29ycmVsYXRpb25CaW5kaW5nPSIiIFVybEVuY29kZT0iVHJ1ZSIgLz4NCiAgICAgICAgPEZvcm1Qb3N0UGFyYW1ldGVyIE5hbWU9IlNjcmVlbldpZHRoIiBWYWx1ZT0ie3skSElEREVOMS5TY3JlZW5XaWR0aH19IiBSZWNvcmRlZFZhbHVlPSIiIENvcnJlbGF0aW9uQmluZGluZz0iIiBVcmxFbmNvZGU9IlRydWUiIC8+DQogICAgICAgIDxGb3JtUG9zdFBhcmFtZXRlciBOYW1lPSJTY3JlZW5IZWlnaHQiIFZhbHVlPSJ7eyRISURERU4xLlNjcmVlbkhlaWdodH19IiBSZWNvcmRlZFZhbHVlPSIiIENvcnJlbGF0aW9uQmluZGluZz0iIiBVcmxFbmNvZGU9IlRydWUiIC8+DQogICAgICAgIDxGb3JtUG9zdFBhcmFtZXRlciBOYW1lPSJidG5RdWVyeSIgVmFsdWU9IuafpeipoiIgUmVjb3JkZWRWYWx1ZT0i5p+l6KmiIiBDb3JyZWxhdGlvbkJpbmRpbmc9Int7Rm9ybVBvc3RQYXJhbTMzLmJ0blF1ZXJ5fX0iIFVybEVuY29kZT0iVHJ1ZSIgLz4NCiAgICAgICAgPEZvcm1Qb3N0UGFyYW1ldGVyIE5hbWU9ImRkbE9yZ0FuZEZsb3ciIFZhbHVlPSIiIFJlY29yZGVkVmFsdWU9IiIgQ29ycmVsYXRpb25CaW5kaW5nPSIiIFVybEVuY29kZT0iVHJ1ZSIgLz4NCiAgICAgICAgPEZvcm1Qb3N0UGFyYW1ldGVyIE5hbWU9ImRkbFF1ZXJ5Q29uZGl0aW9ucyIgVmFsdWU9IjAiIFJlY29yZGVkVmFsdWU9IjAiIENvcnJlbGF0aW9uQmluZGluZz0ie3tGb3JtUG9zdFBhcmFtMzUuZGRsUXVlcnlDb25kaXRpb25zfX0iIFVybEVuY29kZT0iVHJ1ZSIgLz4NCiAgICAgICAgPEZvcm1Qb3N0UGFyYW1ldGVyIE5hbWU9InR4dE9URW1wSUQiIFZhbHVlPSIxMDIxMTkiIFJlY29yZGVkVmFsdWU9IjEwMjExOSIgQ29ycmVsYXRpb25CaW5kaW5nPSJ7e0Zvcm1Qb3N0UGFyYW0zNC50eHRPVEVtcElEfX0iIFVybEVuY29kZT0iVHJ1ZSIgLz4NCiAgICAgICAgPEZvcm1Qb3N0UGFyYW1ldGVyIE5hbWU9InR4dE9URW1wTmFtZSIgVmFsdWU9IiIgUmVjb3JkZWRWYWx1ZT0iIiBDb3JyZWxhdGlvbkJpbmRpbmc9IiIgVXJsRW5jb2RlPSJUcnVlIiAvPg0KICAgICAgICA8Rm9ybVBvc3RQYXJhbWV0ZXIgTmFtZT0idHh0T1RGb3JtTk8iIFZhbHVlPSIiIFJlY29yZGVkVmFsdWU9IiIgQ29ycmVsYXRpb25CaW5kaW5nPSIiIFVybEVuY29kZT0iVHJ1ZSIgLz4NCiAgICAgICAgPEZvcm1Qb3N0UGFyYW1ldGVyIE5hbWU9ImRkbE9UU3RhdHVzIiBWYWx1ZT0iMSIgUmVjb3JkZWRWYWx1ZT0iMSIgQ29ycmVsYXRpb25CaW5kaW5nPSJ7e0Zvcm1Qb3N0UGFyYW0zNi5kZGxPVFN0YXR1c319IiBVcmxFbmNvZGU9IlRydWUiIC8+DQogICAgICAgIDxGb3JtUG9zdFBhcmFtZXRlciBOYW1lPSJ0eHRPVERhdGVCZWdpbiR0eHREYXRlIiBWYWx1ZT0iIiBSZWNvcmRlZFZhbHVlPSIiIENvcnJlbGF0aW9uQmluZGluZz0iIiBVcmxFbmNvZGU9IlRydWUiIC8+DQogICAgICAgIDxGb3JtUG9zdFBhcmFtZXRlciBOYW1lPSJ0eHRPVERhdGVFbmQkdHh0RGF0ZSIgVmFsdWU9IiIgUmVjb3JkZWRWYWx1ZT0iIiBDb3JyZWxhdGlvbkJpbmRpbmc9IiIgVXJsRW5jb2RlPSJUcnVlIiAvPg0KICAgICAgICA8Rm9ybVBvc3RQYXJhbWV0ZXIgTmFtZT0idWNNb2RhbFBvcHVwMSRDbGllbnRXaWR0aCIgVmFsdWU9Int7JEhJRERFTjEudWNNb2RhbFBvcHVwMSRDbGllbnRXaWR0aH19IiBSZWNvcmRlZFZhbHVlPSIwIiBDb3JyZWxhdGlvbkJpbmRpbmc9IiIgVXJsRW5jb2RlPSJUcnVlIiAvPg0KICAgICAgICA8Rm9ybVBvc3RQYXJhbWV0ZXIgTmFtZT0idWNNb2RhbFBvcHVwMSRDbGllbnRIZWlnaHQiIFZhbHVlPSJ7eyRISURERU4xLnVjTW9kYWxQb3B1cDEkQ2xpZW50SGVpZ2h0fX0iIFJlY29yZGVkVmFsdWU9IjAiIENvcnJlbGF0aW9uQmluZGluZz0iIiBVcmxFbmNvZGU9IlRydWUiIC8+DQogICAgICA8L0Zvcm1Qb3N0SHR0cEJvZHk+DQogICAgPC9SZXF1ZXN0Pg0KICAgIDxSZXF1ZXN0IE1ldGhvZD0iUE9TVCIgR3VpZD0iYjZiYWNlNmQtM2JjOS00OGQyLTlmZmItMzRmNzg2OGEyMGJmIiBWZXJzaW9uPSIxLjEiIFVybD0iaHR0cDovLzEwLjExLjM2LjExNDo4MDA3L092ZXJUaW1lL092ZXJ0aW1lUHJlT3JkZXIuYXNweCIgVGhpbmtUaW1lPSIyMyIgVGltZW91dD0iMzAwIiBQYXJzZURlcGVuZGVudFJlcXVlc3RzPSJUcnVlIiBGb2xsb3dSZWRpcmVjdHM9IlRydWUiIFJlY29yZFJlc3VsdD0iVHJ1ZSIgQ2FjaGU9IkZhbHNlIiBSZXNwb25zZVRpbWVHb2FsPSIwIiBFbmNvZGluZz0idXRmLTgiIEV4cGVjdGVkSHR0cFN0YXR1c0NvZGU9IjAiIEV4cGVjdGVkUmVzcG9uc2VVcmw9Imh0dHA6Ly8xMC4xMS4zNi4xMTQ6ODAwNy9PdmVyVGltZS9PdmVydGltZVByZU9yZGVyX01vZGlmeS5hc3B4P09UQ29tcElEPVNQSEJLMSZhbXA7T1RFbXBJRD0xMDIxMTkmYW1wO09UU3RhcnREYXRlPTIwMTcvMDUvMTEmYW1wO09URW5kRGF0ZT0yMDE3LzA1LzExJmFtcDtPVFN0YXJ0VGltZT0wMDAwJmFtcDtPVEVuZFRpbWU9MDEwMCZhbXA7T1RUeG5JRD1TUEhCSzExMDIxMTkyMDE3MDUxMTk1JmFtcDtPVEZvcm1OTz0yMDE3MDUxMTYwMTAyMTE5IiBSZXBvcnRpbmdOYW1lPSIiIElnbm9yZUh0dHBTdGF0dXNDb2RlPSJGYWxzZSI+DQogICAgICA8RXh0cmFjdGlvblJ1bGVzPg0KICAgICAgICA8RXh0cmFjdGlvblJ1bGUgQ2xhc3NuYW1lPSJNaWNyb3NvZnQuVmlzdWFsU3R1ZGlvLlRlc3RUb29scy5XZWJUZXN0aW5nLlJ1bGVzLkV4dHJhY3RIaWRkZW5GaWVsZHMsIE1pY3Jvc29mdC5WaXN1YWxTdHVkaW8uUXVhbGl0eVRvb2xzLldlYlRlc3RGcmFtZXdvcmssIFZlcnNpb249MTAuMC4wLjAsIEN1bHR1cmU9bmV1dHJhbCwgUHVibGljS2V5VG9rZW49YjAzZjVmN2YxMWQ1MGEzYSIgVmFyaWFibGVOYW1lPSIxIiBEaXNwbGF5TmFtZT0i5pO35Y+W6Zqx6JeP5qyE5L2NIiBEZXNjcmlwdGlvbj0i5pO35Y+W5Zue5oeJ5Lit55qE5omA5pyJ6Zqx6JeP5qyE5L2N77yM5Lim5bCH5a6D5YCR5pS+5Zyo5ris6Kmm5YWn5a655Lit44CCIj4NCiAgICAgICAgICA8UnVsZVBhcmFtZXRlcnM+DQogICAgICAgICAgICA8UnVsZVBhcmFtZXRlciBOYW1lPSJSZXF1aXJlZCIgVmFsdWU9IlRydWUiIC8+DQogICAgICAgICAgICA8UnVsZVBhcmFtZXRlciBOYW1lPSJIdG1sRGVjb2RlIiBWYWx1ZT0iVHJ1ZSIgLz4NCiAgICAgICAgICA8L1J1bGVQYXJhbWV0ZXJzPg0KICAgICAgICA8L0V4dHJhY3Rpb25SdWxlPg0KICAgICAgICA8RXh0cmFjdGlvblJ1bGUgQ2xhc3NuYW1lPSJNaWNyb3NvZnQuVmlzdWFsU3R1ZGlvLlRlc3RUb29scy5XZWJUZXN0aW5nLlJ1bGVzLkV4dHJhY3RUZXh0LCBNaWNyb3NvZnQuVmlzdWFsU3R1ZGlvLlF1YWxpdHlUb29scy5XZWJUZXN0RnJhbWV3b3JrLCBWZXJzaW9uPTEwLjAuMC4wLCBDdWx0dXJlPW5ldXRyYWwsIFB1YmxpY0tleVRva2VuPWIwM2Y1ZjdmMTFkNTBhM2EiIFZhcmlhYmxlTmFtZT0iUXVlcnlTdHJpbmdQYXJhbTIzLk9UVHhuSUQiIERpc3BsYXlOYW1lPSLmk7flj5bmloflrZciIERlc2NyaXB0aW9uPSLlvp7lm57mh4nkuK3mk7flj5bmloflrZfvvIzkuKblsIflroPmlL7lhaXmuKzoqablhaflrrnkuK3jgIIiPg0KICAgICAgICAgIDxSdWxlUGFyYW1ldGVycz4NCiAgICAgICAgICAgIDxSdWxlUGFyYW1ldGVyIE5hbWU9IlN0YXJ0c1dpdGgiIFZhbHVlPSImYW1wO2FtcDtPVFR4bklEPSIgLz4NCiAgICAgICAgICAgIDxSdWxlUGFyYW1ldGVyIE5hbWU9IkVuZHNXaXRoIiBWYWx1ZT0iJmFtcDsiIC8+DQogICAgICAgICAgICA8UnVsZVBhcmFtZXRlciBOYW1lPSJJbmRleCIgVmFsdWU9IjAiIC8+DQogICAgICAgICAgICA8UnVsZVBhcmFtZXRlciBOYW1lPSJJZ25vcmVDYXNlIiBWYWx1ZT0iRmFsc2UiIC8+DQogICAgICAgICAgICA8UnVsZVBhcmFtZXRlciBOYW1lPSJVc2VSZWd1bGFyRXhwcmVzc2lvbiIgVmFsdWU9IkZhbHNlIiAvPg0KICAgICAgICAgICAgPFJ1bGVQYXJhbWV0ZXIgTmFtZT0iSHRtbERlY29kZSIgVmFsdWU9IlRydWUiIC8+DQogICAgICAgICAgICA8UnVsZVBhcmFtZXRlciBOYW1lPSJSZXF1aXJlZCIgVmFsdWU9IkZhbHNlIiAvPg0KICAgICAgICAgIDwvUnVsZVBhcmFtZXRlcnM+DQogICAgICAgIDwvRXh0cmFjdGlvblJ1bGU+DQogICAgICA8L0V4dHJhY3Rpb25SdWxlcz4NCiAgICAgIDxDb3JyZWxhdGlvbkV4dHJhY3Rpb25SdWxlcz4NCiAgICAgICAgPEV4dHJhY3Rpb25SdWxlIENsYXNzbmFtZT0iTWljcm9zb2Z0LlZpc3VhbFN0dWRpby5UZXN0VG9vbHMuV2ViVGVzdGluZy5SdWxlcy5FeHRyYWN0VGV4dCwgTWljcm9zb2Z0LlZpc3VhbFN0dWRpby5RdWFsaXR5VG9vbHMuV2ViVGVzdEZyYW1ld29yaywgVmVyc2lvbj0xMC4wLjAuMCwgQ3VsdHVyZT1uZXV0cmFsLCBQdWJsaWNLZXlUb2tlbj1iMDNmNWY3ZjExZDUwYTNhIiBWYXJpYWJsZU5hbWU9IlF1ZXJ5U3RyaW5nUGFyYW0xNy5PVENvbXBJRCIgRGlzcGxheU5hbWU9IiIgRGVzY3JpcHRpb249IiI+DQogICAgICAgICAgPFJ1bGVQYXJhbWV0ZXJzPg0KICAgICAgICAgICAgPFJ1bGVQYXJhbWV0ZXIgTmFtZT0iU3RhcnRzV2l0aCIgVmFsdWU9Ij9PVENvbXBJRD0iIC8+DQogICAgICAgICAgICA8UnVsZVBhcmFtZXRlciBOYW1lPSJFbmRzV2l0aCIgVmFsdWU9IiZhbXA7IiAvPg0KICAgICAgICAgICAgPFJ1bGVQYXJhbWV0ZXIgTmFtZT0iSW5kZXgiIFZhbHVlPSIwIiAvPg0KICAgICAgICAgICAgPFJ1bGVQYXJhbWV0ZXIgTmFtZT0iSWdub3JlQ2FzZSIgVmFsdWU9IkZhbHNlIiAvPg0KICAgICAgICAgICAgPFJ1bGVQYXJhbWV0ZXIgTmFtZT0iVXNlUmVndWxhckV4cHJlc3Npb24iIFZhbHVlPSJGYWxzZSIgLz4NCiAgICAgICAgICAgIDxSdWxlUGFyYW1ldGVyIE5hbWU9Ikh0bWxEZWNvZGUiIFZhbHVlPSJUcnVlIiAvPg0KICAgICAgICAgICAgPFJ1bGVQYXJhbWV0ZXIgTmFtZT0iUmVxdWlyZWQiIFZhbHVlPSJGYWxzZSIgLz4NCiAgICAgICAgICA8L1J1bGVQYXJhbWV0ZXJzPg0KICAgICAgICA8L0V4dHJhY3Rpb25SdWxlPg0KICAgICAgICA8RXh0cmFjdGlvblJ1bGUgQ2xhc3NuYW1lPSJNaWNyb3NvZnQuVmlzdWFsU3R1ZGlvLlRlc3RUb29scy5XZWJUZXN0aW5nLlJ1bGVzLkV4dHJhY3RUZXh0LCBNaWNyb3NvZnQuVmlzdWFsU3R1ZGlvLlF1YWxpdHlUb29scy5XZWJUZXN0RnJhbWV3b3JrLCBWZXJzaW9uPTEwLjAuMC4wLCBDdWx0dXJlPW5ldXRyYWwsIFB1YmxpY0tleVRva2VuPWIwM2Y1ZjdmMTFkNTBhM2EiIFZhcmlhYmxlTmFtZT0iUXVlcnlTdHJpbmdQYXJhbTE4Lk9URW1wSUQiIERpc3BsYXlOYW1lPSIiIERlc2NyaXB0aW9uPSIiPg0KICAgICAgICAgIDxSdWxlUGFyYW1ldGVycz4NCiAgICAgICAgICAgIDxSdWxlUGFyYW1ldGVyIE5hbWU9IlN0YXJ0c1dpdGgiIFZhbHVlPSImYW1wO2FtcDtPVEVtcElEPSIgLz4NCiAgICAgICAgICAgIDxSdWxlUGFyYW1ldGVyIE5hbWU9IkVuZHNXaXRoIiBWYWx1ZT0iJmFtcDsiIC8+DQogICAgICAgICAgICA8UnVsZVBhcmFtZXRlciBOYW1lPSJJbmRleCIgVmFsdWU9IjAiIC8+DQogICAgICAgICAgICA8UnVsZVBhcmFtZXRlciBOYW1lPSJJZ25vcmVDYXNlIiBWYWx1ZT0iRmFsc2UiIC8+DQogICAgICAgICAgICA8UnVsZVBhcmFtZXRlciBOYW1lPSJVc2VSZWd1bGFyRXhwcmVzc2lvbiIgVmFsdWU9IkZhbHNlIiAvPg0KICAgICAgICAgICAgPFJ1bGVQYXJhbWV0ZXIgTmFtZT0iSHRtbERlY29kZSIgVmFsdWU9IlRydWUiIC8+DQogICAgICAgICAgICA8UnVsZVBhcmFtZXRlciBOYW1lPSJSZXF1aXJlZCIgVmFsdWU9IkZhbHNlIiAvPg0KICAgICAgICAgIDwvUnVsZVBhcmFtZXRlcnM+DQogICAgICAgIDwvRXh0cmFjdGlvblJ1bGU+DQogICAgICAgIDxFeHRyYWN0aW9uUnVsZSBDbGFzc25hbWU9Ik1pY3Jvc29mdC5WaXN1YWxTdHVkaW8uVGVzdFRvb2xzLldlYlRlc3RpbmcuUnVsZXMuRXh0cmFjdFRleHQsIE1pY3Jvc29mdC5WaXN1YWxTdHVkaW8uUXVhbGl0eVRvb2xzLldlYlRlc3RGcmFtZXdvcmssIFZlcnNpb249MTAuMC4wLjAsIEN1bHR1cmU9bmV1dHJhbCwgUHVibGljS2V5VG9rZW49YjAzZjVmN2YxMWQ1MGEzYSIgVmFyaWFibGVOYW1lPSJRdWVyeVN0cmluZ1BhcmFtMTkuT1RTdGFydERhdGUiIERpc3BsYXlOYW1lPSIiIERlc2NyaXB0aW9uPSIiPg0KICAgICAgICAgIDxSdWxlUGFyYW1ldGVycz4NCiAgICAgICAgICAgIDxSdWxlUGFyYW1ldGVyIE5hbWU9IlN0YXJ0c1dpdGgiIFZhbHVlPSImYW1wO2FtcDtPVFN0YXJ0RGF0ZT0iIC8+DQogICAgICAgICAgICA8UnVsZVBhcmFtZXRlciBOYW1lPSJFbmRzV2l0aCIgVmFsdWU9IiZhbXA7IiAvPg0KICAgICAgICAgICAgPFJ1bGVQYXJhbWV0ZXIgTmFtZT0iSW5kZXgiIFZhbHVlPSIwIiAvPg0KICAgICAgICAgICAgPFJ1bGVQYXJhbWV0ZXIgTmFtZT0iSWdub3JlQ2FzZSIgVmFsdWU9IkZhbHNlIiAvPg0KICAgICAgICAgICAgPFJ1bGVQYXJhbWV0ZXIgTmFtZT0iVXNlUmVndWxhckV4cHJlc3Npb24iIFZhbHVlPSJGYWxzZSIgLz4NCiAgICAgICAgICAgIDxSdWxlUGFyYW1ldGVyIE5hbWU9Ikh0bWxEZWNvZGUiIFZhbHVlPSJUcnVlIiAvPg0KICAgICAgICAgICAgPFJ1bGVQYXJhbWV0ZXIgTmFtZT0iUmVxdWlyZWQiIFZhbHVlPSJGYWxzZSIgLz4NCiAgICAgICAgICA8L1J1bGVQYXJhbWV0ZXJzPg0KICAgICAgICA8L0V4dHJhY3Rpb25SdWxlPg0KICAgICAgICA8RXh0cmFjdGlvblJ1bGUgQ2xhc3NuYW1lPSJNaWNyb3NvZnQuVmlzdWFsU3R1ZGlvLlRlc3RUb29scy5XZWJUZXN0aW5nLlJ1bGVzLkV4dHJhY3RUZXh0LCBNaWNyb3NvZnQuVmlzdWFsU3R1ZGlvLlF1YWxpdHlUb29scy5XZWJUZXN0RnJhbWV3b3JrLCBWZXJzaW9uPTEwLjAuMC4wLCBDdWx0dXJlPW5ldXRyYWwsIFB1YmxpY0tleVRva2VuPWIwM2Y1ZjdmMTFkNTBhM2EiIFZhcmlhYmxlTmFtZT0iUXVlcnlTdHJpbmdQYXJhbTIwLk9URW5kRGF0ZSIgRGlzcGxheU5hbWU9IiIgRGVzY3JpcHRpb249IiI+DQogICAgICAgICAgPFJ1bGVQYXJhbWV0ZXJzPg0KICAgICAgICAgICAgPFJ1bGVQYXJhbWV0ZXIgTmFtZT0iU3RhcnRzV2l0aCIgVmFsdWU9IiZhbXA7YW1wO09URW5kRGF0ZT0iIC8+DQogICAgICAgICAgICA8UnVsZVBhcmFtZXRlciBOYW1lPSJFbmRzV2l0aCIgVmFsdWU9IiZhbXA7IiAvPg0KICAgICAgICAgICAgPFJ1bGVQYXJhbWV0ZXIgTmFtZT0iSW5kZXgiIFZhbHVlPSIwIiAvPg0KICAgICAgICAgICAgPFJ1bGVQYXJhbWV0ZXIgTmFtZT0iSWdub3JlQ2FzZSIgVmFsdWU9IkZhbHNlIiAvPg0KICAgICAgICAgICAgPFJ1bGVQYXJhbWV0ZXIgTmFtZT0iVXNlUmVndWxhckV4cHJlc3Npb24iIFZhbHVlPSJGYWxzZSIgLz4NCiAgICAgICAgICAgIDxSdWxlUGFyYW1ldGVyIE5hbWU9Ikh0bWxEZWNvZGUiIFZhbHVlPSJUcnVlIiAvPg0KICAgICAgICAgICAgPFJ1bGVQYXJhbWV0ZXIgTmFtZT0iUmVxdWlyZWQiIFZhbHVlPSJGYWxzZSIgLz4NCiAgICAgICAgICA8L1J1bGVQYXJhbWV0ZXJzPg0KICAgICAgICA8L0V4dHJhY3Rpb25SdWxlPg0KICAgICAgICA8RXh0cmFjdGlvblJ1bGUgQ2xhc3NuYW1lPSJNaWNyb3NvZnQuVmlzdWFsU3R1ZGlvLlRlc3RUb29scy5XZWJUZXN0aW5nLlJ1bGVzLkV4dHJhY3RUZXh0LCBNaWNyb3NvZnQuVmlzdWFsU3R1ZGlvLlF1YWxpdHlUb29scy5XZWJUZXN0RnJhbWV3b3JrLCBWZXJzaW9uPTEwLjAuMC4wLCBDdWx0dXJlPW5ldXRyYWwsIFB1YmxpY0tleVRva2VuPWIwM2Y1ZjdmMTFkNTBhM2EiIFZhcmlhYmxlTmFtZT0iUXVlcnlTdHJpbmdQYXJhbTIxLk9UU3RhcnRUaW1lIiBEaXNwbGF5TmFtZT0iIiBEZXNjcmlwdGlvbj0iIj4NCiAgICAgICAgICA8UnVsZVBhcmFtZXRlcnM+DQogICAgICAgICAgICA8UnVsZVBhcmFtZXRlciBOYW1lPSJTdGFydHNXaXRoIiBWYWx1ZT0iJmFtcDthbXA7T1RTdGFydFRpbWU9IiAvPg0KICAgICAgICAgICAgPFJ1bGVQYXJhbWV0ZXIgTmFtZT0iRW5kc1dpdGgiIFZhbHVlPSImYW1wOyIgLz4NCiAgICAgICAgICAgIDxSdWxlUGFyYW1ldGVyIE5hbWU9IkluZGV4IiBWYWx1ZT0iMCIgLz4NCiAgICAgICAgICAgIDxSdWxlUGFyYW1ldGVyIE5hbWU9Iklnbm9yZUNhc2UiIFZhbHVlPSJGYWxzZSIgLz4NCiAgICAgICAgICAgIDxSdWxlUGFyYW1ldGVyIE5hbWU9IlVzZVJlZ3VsYXJFeHByZXNzaW9uIiBWYWx1ZT0iRmFsc2UiIC8+DQogICAgICAgICAgICA8UnVsZVBhcmFtZXRlciBOYW1lPSJIdG1sRGVjb2RlIiBWYWx1ZT0iVHJ1ZSIgLz4NCiAgICAgICAgICAgIDxSdWxlUGFyYW1ldGVyIE5hbWU9IlJlcXVpcmVkIiBWYWx1ZT0iRmFsc2UiIC8+DQogICAgICAgICAgPC9SdWxlUGFyYW1ldGVycz4NCiAgICAgICAgPC9FeHRyYWN0aW9uUnVsZT4NCiAgICAgICAgPEV4dHJhY3Rpb25SdWxlIENsYXNzbmFtZT0iTWljcm9zb2Z0LlZpc3VhbFN0dWRpby5UZXN0VG9vbHMuV2ViVGVzdGluZy5SdWxlcy5FeHRyYWN0VGV4dCwgTWljcm9zb2Z0LlZpc3VhbFN0dWRpby5RdWFsaXR5VG9vbHMuV2ViVGVzdEZyYW1ld29yaywgVmVyc2lvbj0xMC4wLjAuMCwgQ3VsdHVyZT1uZXV0cmFsLCBQdWJsaWNLZXlUb2tlbj1iMDNmNWY3ZjExZDUwYTNhIiBWYXJpYWJsZU5hbWU9IlF1ZXJ5U3RyaW5nUGFyYW0yMi5PVEVuZFRpbWUiIERpc3BsYXlOYW1lPSIiIERlc2NyaXB0aW9uPSIiPg0KICAgICAgICAgIDxSdWxlUGFyYW1ldGVycz4NCiAgICAgICAgICAgIDxSdWxlUGFyYW1ldGVyIE5hbWU9IlN0YXJ0c1dpdGgiIFZhbHVlPSImYW1wO2FtcDtPVEVuZFRpbWU9IiAvPg0KICAgICAgICAgICAgPFJ1bGVQYXJhbWV0ZXIgTmFtZT0iRW5kc1dpdGgiIFZhbHVlPSImYW1wOyIgLz4NCiAgICAgICAgICAgIDxSdWxlUGFyYW1ldGVyIE5hbWU9IkluZGV4IiBWYWx1ZT0iMCIgLz4NCiAgICAgICAgICAgIDxSdWxlUGFyYW1ldGVyIE5hbWU9Iklnbm9yZUNhc2UiIFZhbHVlPSJGYWxzZSIgLz4NCiAgICAgICAgICAgIDxSdWxlUGFyYW1ldGVyIE5hbWU9IlVzZVJlZ3VsYXJFeHByZXNzaW9uIiBWYWx1ZT0iRmFsc2UiIC8+DQogICAgICAgICAgICA8UnVsZVBhcmFtZXRlciBOYW1lPSJIdG1sRGVjb2RlIiBWYWx1ZT0iVHJ1ZSIgLz4NCiAgICAgICAgICAgIDxSdWxlUGFyYW1ldGVyIE5hbWU9IlJlcXVpcmVkIiBWYWx1ZT0iRmFsc2UiIC8+DQogICAgICAgICAgPC9SdWxlUGFyYW1ldGVycz4NCiAgICAgICAgPC9FeHRyYWN0aW9uUnVsZT4NCiAgICAgICAgPEV4dHJhY3Rpb25SdWxlIENsYXNzbmFtZT0iTWljcm9zb2Z0LlZpc3VhbFN0dWRpby5UZXN0VG9vbHMuV2ViVGVzdGluZy5SdWxlcy5FeHRyYWN0VGV4dCwgTWljcm9zb2Z0LlZpc3VhbFN0dWRpby5RdWFsaXR5VG9vbHMuV2ViVGVzdEZyYW1ld29yaywgVmVyc2lvbj0xMC4wLjAuMCwgQ3VsdHVyZT1uZXV0cmFsLCBQdWJsaWNLZXlUb2tlbj1iMDNmNWY3ZjExZDUwYTNhIiBWYXJpYWJsZU5hbWU9IlF1ZXJ5U3RyaW5nUGFyYW0yNC5PVEZvcm1OTyIgRGlzcGxheU5hbWU9IiIgRGVzY3JpcHRpb249IiI+DQogICAgICAgICAgPFJ1bGVQYXJhbWV0ZXJzPg0KICAgICAgICAgICAgPFJ1bGVQYXJhbWV0ZXIgTmFtZT0iU3RhcnRzV2l0aCIgVmFsdWU9IiZhbXA7YW1wO09URm9ybU5PPSIgLz4NCiAgICAgICAgICAgIDxSdWxlUGFyYW1ldGVyIE5hbWU9IkVuZHNXaXRoIiBWYWx1ZT0iJnF1b3Q7IiAvPg0KICAgICAgICAgICAgPFJ1bGVQYXJhbWV0ZXIgTmFtZT0iSW5kZXgiIFZhbHVlPSIwIiAvPg0KICAgICAgICAgICAgPFJ1bGVQYXJhbWV0ZXIgTmFtZT0iSWdub3JlQ2FzZSIgVmFsdWU9IkZhbHNlIiAvPg0KICAgICAgICAgICAgPFJ1bGVQYXJhbWV0ZXIgTmFtZT0iVXNlUmVndWxhckV4cHJlc3Npb24iIFZhbHVlPSJGYWxzZSIgLz4NCiAgICAgICAgICAgIDxSdWxlUGFyYW1ldGVyIE5hbWU9Ikh0bWxEZWNvZGUiIFZhbHVlPSJUcnVlIiAvPg0KICAgICAgICAgICAgPFJ1bGVQYXJhbWV0ZXIgTmFtZT0iUmVxdWlyZWQiIFZhbHVlPSJGYWxzZSIgLz4NCiAgICAgICAgICA8L1J1bGVQYXJhbWV0ZXJzPg0KICAgICAgICA8L0V4dHJhY3Rpb25SdWxlPg0KICAgICAgICA8RXh0cmFjdGlvblJ1bGUgQ2xhc3NuYW1lPSJNaWNyb3NvZnQuVmlzdWFsU3R1ZGlvLlRlc3RUb29scy5XZWJUZXN0aW5nLlJ1bGVzLkV4dHJhY3RGb3JtRmllbGQsIE1pY3Jvc29mdC5WaXN1YWxTdHVkaW8uUXVhbGl0eVRvb2xzLldlYlRlc3RGcmFtZXdvcmssIFZlcnNpb249MTAuMC4wLjAsIEN1bHR1cmU9bmV1dHJhbCwgUHVibGljS2V5VG9rZW49YjAzZjVmN2YxMWQ1MGEzYSIgVmFyaWFibGVOYW1lPSJGb3JtUG9zdFBhcmFtMjEuYnRuVGVtcFNhdmUiIERpc3BsYXlOYW1lPSIiIERlc2NyaXB0aW9uPSIiPg0KICAgICAgICAgIDxSdWxlUGFyYW1ldGVycz4NCiAgICAgICAgICAgIDxSdWxlUGFyYW1ldGVyIE5hbWU9Ik5hbWUiIFZhbHVlPSJidG5UZW1wU2F2ZSIgLz4NCiAgICAgICAgICAgIDxSdWxlUGFyYW1ldGVyIE5hbWU9Ikh0bWxEZWNvZGUiIFZhbHVlPSJUcnVlIiAvPg0KICAgICAgICAgICAgPFJ1bGVQYXJhbWV0ZXIgTmFtZT0iUmVxdWlyZWQiIFZhbHVlPSJGYWxzZSIgLz4NCiAgICAgICAgICAgIDxSdWxlUGFyYW1ldGVyIE5hbWU9IkluZGV4IiBWYWx1ZT0iMCIgLz4NCiAgICAgICAgICA8L1J1bGVQYXJhbWV0ZXJzPg0KICAgICAgICA8L0V4dHJhY3Rpb25SdWxlPg0KICAgICAgICA8RXh0cmFjdGlvblJ1bGUgQ2xhc3NuYW1lPSJNaWNyb3NvZnQuVmlzdWFsU3R1ZGlvLlRlc3RUb29scy5XZWJUZXN0aW5nLlJ1bGVzLkV4dHJhY3RGb3JtRmllbGQsIE1pY3Jvc29mdC5WaXN1YWxTdHVkaW8uUXVhbGl0eVRvb2xzLldlYlRlc3RGcmFtZXdvcmssIFZlcnNpb249MTAuMC4wLjAsIEN1bHR1cmU9bmV1dHJhbCwgUHVibGljS2V5VG9rZW49YjAzZjVmN2YxMWQ1MGEzYSIgVmFyaWFibGVOYW1lPSJGb3JtUG9zdFBhcmFtMjIudWNEYXRlU3RhcnQkdHh0RGF0ZSIgRGlzcGxheU5hbWU9IiIgRGVzY3JpcHRpb249IiI+DQogICAgICAgICAgPFJ1bGVQYXJhbWV0ZXJzPg0KICAgICAgICAgICAgPFJ1bGVQYXJhbWV0ZXIgTmFtZT0iTmFtZSIgVmFsdWU9InVjRGF0ZVN0YXJ0X3R4dERhdGUiIC8+DQogICAgICAgICAgICA8UnVsZVBhcmFtZXRlciBOYW1lPSJIdG1sRGVjb2RlIiBWYWx1ZT0iVHJ1ZSIgLz4NCiAgICAgICAgICAgIDxSdWxlUGFyYW1ldGVyIE5hbWU9IlJlcXVpcmVkIiBWYWx1ZT0iRmFsc2UiIC8+DQogICAgICAgICAgICA8UnVsZVBhcmFtZXRlciBOYW1lPSJJbmRleCIgVmFsdWU9IjAiIC8+DQogICAgICAgICAgPC9SdWxlUGFyYW1ldGVycz4NCiAgICAgICAgPC9FeHRyYWN0aW9uUnVsZT4NCiAgICAgICAgPEV4dHJhY3Rpb25SdWxlIENsYXNzbmFtZT0iTWljcm9zb2Z0LlZpc3VhbFN0dWRpby5UZXN0VG9vbHMuV2ViVGVzdGluZy5SdWxlcy5FeHRyYWN0Rm9ybUZpZWxkLCBNaWNyb3NvZnQuVmlzdWFsU3R1ZGlvLlF1YWxpdHlUb29scy5XZWJUZXN0RnJhbWV3b3JrLCBWZXJzaW9uPTEwLjAuMC4wLCBDdWx0dXJlPW5ldXRyYWwsIFB1YmxpY0tleVRva2VuPWIwM2Y1ZjdmMTFkNTBhM2EiIFZhcmlhYmxlTmFtZT0iRm9ybVBvc3RQYXJhbTIzLnVjRGF0ZUVuZCR0eHREYXRlIiBEaXNwbGF5TmFtZT0iIiBEZXNjcmlwdGlvbj0iIj4NCiAgICAgICAgICA8UnVsZVBhcmFtZXRlcnM+DQogICAgICAgICAgICA8UnVsZVBhcmFtZXRlciBOYW1lPSJOYW1lIiBWYWx1ZT0idWNEYXRlRW5kX3R4dERhdGUiIC8+DQogICAgICAgICAgICA8UnVsZVBhcmFtZXRlciBOYW1lPSJIdG1sRGVjb2RlIiBWYWx1ZT0iVHJ1ZSIgLz4NCiAgICAgICAgICAgIDxSdWxlUGFyYW1ldGVyIE5hbWU9IlJlcXVpcmVkIiBWYWx1ZT0iRmFsc2UiIC8+DQogICAgICAgICAgICA8UnVsZVBhcmFtZXRlciBOYW1lPSJJbmRleCIgVmFsdWU9IjAiIC8+DQogICAgICAgICAgPC9SdWxlUGFyYW1ldGVycz4NCiAgICAgICAgPC9FeHRyYWN0aW9uUnVsZT4NCiAgICAgICAgPEV4dHJhY3Rpb25SdWxlIENsYXNzbmFtZT0iTWljcm9zb2Z0LlZpc3VhbFN0dWRpby5UZXN0VG9vbHMuV2ViVGVzdGluZy5SdWxlcy5FeHRyYWN0VGV4dCwgTWljcm9zb2Z0LlZpc3VhbFN0dWRpby5RdWFsaXR5VG9vbHMuV2ViVGVzdEZyYW1ld29yaywgVmVyc2lvbj0xMC4wLjAuMCwgQ3VsdHVyZT1uZXV0cmFsLCBQdWJsaWNLZXlUb2tlbj1iMDNmNWY3ZjExZDUwYTNhIiBWYXJpYWJsZU5hbWU9IkZvcm1Qb3N0UGFyYW0yNC5PVFRpbWVTdGFydCRkZGxISCIgRGlzcGxheU5hbWU9IiIgRGVzY3JpcHRpb249IiI+DQogICAgICAgICAgPFJ1bGVQYXJhbWV0ZXJzPg0KICAgICAgICAgICAgPFJ1bGVQYXJhbWV0ZXIgTmFtZT0iU3RhcnRzV2l0aCIgVmFsdWU9Imx1ZT0mcXVvdDsiIC8+DQogICAgICAgICAgICA8UnVsZVBhcmFtZXRlciBOYW1lPSJFbmRzV2l0aCIgVmFsdWU9IiZxdW90OyZndDswMCZsdDsiIC8+DQogICAgICAgICAgICA8UnVsZVBhcmFtZXRlciBOYW1lPSJJbmRleCIgVmFsdWU9IjIzIiAvPg0KICAgICAgICAgICAgPFJ1bGVQYXJhbWV0ZXIgTmFtZT0iSWdub3JlQ2FzZSIgVmFsdWU9IkZhbHNlIiAvPg0KICAgICAgICAgICAgPFJ1bGVQYXJhbWV0ZXIgTmFtZT0iVXNlUmVndWxhckV4cHJlc3Npb24iIFZhbHVlPSJGYWxzZSIgLz4NCiAgICAgICAgICAgIDxSdWxlUGFyYW1ldGVyIE5hbWU9Ikh0bWxEZWNvZGUiIFZhbHVlPSJUcnVlIiAvPg0KICAgICAgICAgICAgPFJ1bGVQYXJhbWV0ZXIgTmFtZT0iUmVxdWlyZWQiIFZhbHVlPSJGYWxzZSIgLz4NCiAgICAgICAgICA8L1J1bGVQYXJhbWV0ZXJzPg0KICAgICAgICA8L0V4dHJhY3Rpb25SdWxlPg0KICAgICAgICA8RXh0cmFjdGlvblJ1bGUgQ2xhc3NuYW1lPSJNaWNyb3NvZnQuVmlzdWFsU3R1ZGlvLlRlc3RUb29scy5XZWJUZXN0aW5nLlJ1bGVzLkV4dHJhY3RUZXh0LCBNaWNyb3NvZnQuVmlzdWFsU3R1ZGlvLlF1YWxpdHlUb29scy5XZWJUZXN0RnJhbWV3b3JrLCBWZXJzaW9uPTEwLjAuMC4wLCBDdWx0dXJlPW5ldXRyYWwsIFB1YmxpY0tleVRva2VuPWIwM2Y1ZjdmMTFkNTBhM2EiIFZhcmlhYmxlTmFtZT0iRm9ybVBvc3RQYXJhbTI1Lk9UVGltZVN0YXJ0JGRkbE1NIiBEaXNwbGF5TmFtZT0iIiBEZXNjcmlwdGlvbj0iIj4NCiAgICAgICAgICA8UnVsZVBhcmFtZXRlcnM+DQogICAgICAgICAgICA8UnVsZVBhcmFtZXRlciBOYW1lPSJTdGFydHNXaXRoIiBWYWx1ZT0ibHVlPSZxdW90OyIgLz4NCiAgICAgICAgICAgIDxSdWxlUGFyYW1ldGVyIE5hbWU9IkVuZHNXaXRoIiBWYWx1ZT0iJnF1b3Q7Jmd0OzAwJmx0OyIgLz4NCiAgICAgICAgICAgIDxSdWxlUGFyYW1ldGVyIE5hbWU9IkluZGV4IiBWYWx1ZT0iMjMiIC8+DQogICAgICAgICAgICA8UnVsZVBhcmFtZXRlciBOYW1lPSJJZ25vcmVDYXNlIiBWYWx1ZT0iRmFsc2UiIC8+DQogICAgICAgICAgICA8UnVsZVBhcmFtZXRlciBOYW1lPSJVc2VSZWd1bGFyRXhwcmVzc2lvbiIgVmFsdWU9IkZhbHNlIiAvPg0KICAgICAgICAgICAgPFJ1bGVQYXJhbWV0ZXIgTmFtZT0iSHRtbERlY29kZSIgVmFsdWU9IlRydWUiIC8+DQogICAgICAgICAgICA8UnVsZVBhcmFtZXRlciBOYW1lPSJSZXF1aXJlZCIgVmFsdWU9IkZhbHNlIiAvPg0KICAgICAgICAgIDwvUnVsZVBhcmFtZXRlcnM+DQogICAgICAgIDwvRXh0cmFjdGlvblJ1bGU+DQogICAgICAgIDxFeHRyYWN0aW9uUnVsZSBDbGFzc25hbWU9Ik1pY3Jvc29mdC5WaXN1YWxTdHVkaW8uVGVzdFRvb2xzLldlYlRlc3RpbmcuUnVsZXMuRXh0cmFjdFRleHQsIE1pY3Jvc29mdC5WaXN1YWxTdHVkaW8uUXVhbGl0eVRvb2xzLldlYlRlc3RGcmFtZXdvcmssIFZlcnNpb249MTAuMC4wLjAsIEN1bHR1cmU9bmV1dHJhbCwgUHVibGljS2V5VG9rZW49YjAzZjVmN2YxMWQ1MGEzYSIgVmFyaWFibGVOYW1lPSJGb3JtUG9zdFBhcmFtMjYuT1RUaW1lRW5kJGRkbEhIIiBEaXNwbGF5TmFtZT0iIiBEZXNjcmlwdGlvbj0iIj4NCiAgICAgICAgICA8UnVsZVBhcmFtZXRlcnM+DQogICAgICAgICAgICA8UnVsZVBhcmFtZXRlciBOYW1lPSJTdGFydHNXaXRoIiBWYWx1ZT0ibHVlPSZxdW90OyIgLz4NCiAgICAgICAgICAgIDxSdWxlUGFyYW1ldGVyIE5hbWU9IkVuZHNXaXRoIiBWYWx1ZT0iJnF1b3Q7Jmd0OzAxJmx0OyIgLz4NCiAgICAgICAgICAgIDxSdWxlUGFyYW1ldGVyIE5hbWU9IkluZGV4IiBWYWx1ZT0iMjQiIC8+DQogICAgICAgICAgICA8UnVsZVBhcmFtZXRlciBOYW1lPSJJZ25vcmVDYXNlIiBWYWx1ZT0iRmFsc2UiIC8+DQogICAgICAgICAgICA8UnVsZVBhcmFtZXRlciBOYW1lPSJVc2VSZWd1bGFyRXhwcmVzc2lvbiIgVmFsdWU9IkZhbHNlIiAvPg0KICAgICAgICAgICAgPFJ1bGVQYXJhbWV0ZXIgTmFtZT0iSHRtbERlY29kZSIgVmFsdWU9IlRydWUiIC8+DQogICAgICAgICAgICA8UnVsZVBhcmFtZXRlciBOYW1lPSJSZXF1aXJlZCIgVmFsdWU9IkZhbHNlIiAvPg0KICAgICAgICAgIDwvUnVsZVBhcmFtZXRlcnM+DQogICAgICAgIDwvRXh0cmFjdGlvblJ1bGU+DQogICAgICAgIDxFeHRyYWN0aW9uUnVsZSBDbGFzc25hbWU9Ik1pY3Jvc29mdC5WaXN1YWxTdHVkaW8uVGVzdFRvb2xzLldlYlRlc3RpbmcuUnVsZXMuRXh0cmFjdFRleHQsIE1pY3Jvc29mdC5WaXN1YWxTdHVkaW8uUXVhbGl0eVRvb2xzLldlYlRlc3RGcmFtZXdvcmssIFZlcnNpb249MTAuMC4wLjAsIEN1bHR1cmU9bmV1dHJhbCwgUHVibGljS2V5VG9rZW49YjAzZjVmN2YxMWQ1MGEzYSIgVmFyaWFibGVOYW1lPSJGb3JtUG9zdFBhcmFtMjcuT1RUaW1lRW5kJGRkbE1NIiBEaXNwbGF5TmFtZT0iIiBEZXNjcmlwdGlvbj0iIj4NCiAgICAgICAgICA8UnVsZVBhcmFtZXRlcnM+DQogICAgICAgICAgICA8UnVsZVBhcmFtZXRlciBOYW1lPSJTdGFydHNXaXRoIiBWYWx1ZT0ibHVlPSZxdW90OyIgLz4NCiAgICAgICAgICAgIDxSdWxlUGFyYW1ldGVyIE5hbWU9IkVuZHNXaXRoIiBWYWx1ZT0iJnF1b3Q7Jmd0OzAwJmx0OyIgLz4NCiAgICAgICAgICAgIDxSdWxlUGFyYW1ldGVyIE5hbWU9IkluZGV4IiBWYWx1ZT0iMjMiIC8+DQogICAgICAgICAgICA8UnVsZVBhcmFtZXRlciBOYW1lPSJJZ25vcmVDYXNlIiBWYWx1ZT0iRmFsc2UiIC8+DQogICAgICAgICAgICA8UnVsZVBhcmFtZXRlciBOYW1lPSJVc2VSZWd1bGFyRXhwcmVzc2lvbiIgVmFsdWU9IkZhbHNlIiAvPg0KICAgICAgICAgICAgPFJ1bGVQYXJhbWV0ZXIgTmFtZT0iSHRtbERlY29kZSIgVmFsdWU9IlRydWUiIC8+DQogICAgICAgICAgICA8UnVsZVBhcmFtZXRlciBOYW1lPSJSZXF1aXJlZCIgVmFsdWU9IkZhbHNlIiAvPg0KICAgICAgICAgIDwvUnVsZVBhcmFtZXRlcnM+DQogICAgICAgIDwvRXh0cmFjdGlvblJ1bGU+DQogICAgICAgIDxFeHRyYWN0aW9uUnVsZSBDbGFzc25hbWU9Ik1pY3Jvc29mdC5WaXN1YWxTdHVkaW8uVGVzdFRvb2xzLldlYlRlc3RpbmcuUnVsZXMuRXh0cmFjdFRleHQsIE1pY3Jvc29mdC5WaXN1YWxTdHVkaW8uUXVhbGl0eVRvb2xzLldlYlRlc3RGcmFtZXdvcmssIFZlcnNpb249MTAuMC4wLjAsIEN1bHR1cmU9bmV1dHJhbCwgUHVibGljS2V5VG9rZW49YjAzZjVmN2YxMWQ1MGEzYSIgVmFyaWFibGVOYW1lPSJGb3JtUG9zdFBhcmFtMjguZGRsT1RUeXBlSUQiIERpc3BsYXlOYW1lPSIiIERlc2NyaXB0aW9uPSIiPg0KICAgICAgICAgIDxSdWxlUGFyYW1ldGVycz4NCiAgICAgICAgICAgIDxSdWxlUGFyYW1ldGVyIE5hbWU9IlN0YXJ0c1dpdGgiIFZhbHVlPSImcXVvdDswJnF1b3Q7LCZxdW90OyIgLz4NCiAgICAgICAgICAgIDxSdWxlUGFyYW1ldGVyIE5hbWU9IkVuZHNXaXRoIiBWYWx1ZT0iJnF1b3Q7LCZxdW90OzImcXVvdDsiIC8+DQogICAgICAgICAgICA8UnVsZVBhcmFtZXRlciBOYW1lPSJJbmRleCIgVmFsdWU9IjAiIC8+DQogICAgICAgICAgICA8UnVsZVBhcmFtZXRlciBOYW1lPSJJZ25vcmVDYXNlIiBWYWx1ZT0iRmFsc2UiIC8+DQogICAgICAgICAgICA8UnVsZVBhcmFtZXRlciBOYW1lPSJVc2VSZWd1bGFyRXhwcmVzc2lvbiIgVmFsdWU9IkZhbHNlIiAvPg0KICAgICAgICAgICAgPFJ1bGVQYXJhbWV0ZXIgTmFtZT0iSHRtbERlY29kZSIgVmFsdWU9IlRydWUiIC8+DQogICAgICAgICAgICA8UnVsZVBhcmFtZXRlciBOYW1lPSJSZXF1aXJlZCIgVmFsdWU9IkZhbHNlIiAvPg0KICAgICAgICAgIDwvUnVsZVBhcmFtZXRlcnM+DQogICAgICAgIDwvRXh0cmFjdGlvblJ1bGU+DQogICAgICA8L0NvcnJlbGF0aW9uRXh0cmFjdGlvblJ1bGVzPg0KICAgICAgPEZvcm1Qb3N0SHR0cEJvZHk+DQogICAgICAgIDxGb3JtUG9zdFBhcmFtZXRlciBOYW1lPSJUb29sa2l0U2NyaXB0TWFuYWdlcjFfSGlkZGVuRmllbGQiIFZhbHVlPSI7O0FqYXhDb250cm9sVG9vbGtpdCwgVmVyc2lvbj00LjEuNy42MDcsIEN1bHR1cmU9bmV1dHJhbCwgUHVibGljS2V5VG9rZW49MjhmMDFiMGU4NGI2ZDUzZTp6aC1IYW50OjdiOTVlZDFhLTZhM2YtNDFkZC1iYzViLTYzZjM5ZWRiYzRiNDpkZTFmZWFiMjpmY2YwZTk5MzpmMmM4ZTcwODo3MjBhNTJiZjpmOWNlYzliYzo1ODllYWEzMDo2OTgxMjljZjpmYjliNGM1NzpjY2I5NmNmOTphNjdjMjcwMDo4NjEzYWVhNzozMjAyYTVhMjphYjA5ZTNmZTo4NzEwNGI3YzpiZTZmYjI5OCIgUmVjb3JkZWRWYWx1ZT0iOztBamF4Q29udHJvbFRvb2xraXQsIFZlcnNpb249NC4xLjcuNjA3LCBDdWx0dXJlPW5ldXRyYWwsIFB1YmxpY0tleVRva2VuPTI4ZjAxYjBlODRiNmQ1M2U6emgtSGFudDo3Yjk1ZWQxYS02YTNmLTQxZGQtYmM1Yi02M2YzOWVkYmM0YjQ6ZGUxZmVhYjI6ZmNmMGU5OTM6ZjJjOGU3MDg6NzIwYTUyYmY6ZjljZWM5YmM6NTg5ZWFhMzA6Njk4MTI5Y2Y6ZmI5YjRjNTc6Y2NiOTZjZjk6YTY3YzI3MDA6ODYxM2FlYTc6MzIwMmE1YTI6YWIwOWUzZmU6ODcxMDRiN2M6YmU2ZmIyOTgiIENvcnJlbGF0aW9uQmluZGluZz0iIiBVcmxFbmNvZGU9IlRydWUiIC8+DQogICAgICAgIDxGb3JtUG9zdFBhcmFtZXRlciBOYW1lPSJfX0VWRU5UVEFSR0VUIiBWYWx1ZT0ie3skSElEREVOMS5fX0VWRU5UVEFSR0VUfX0iIFJlY29yZGVkVmFsdWU9IiIgQ29ycmVsYXRpb25CaW5kaW5nPSIiIFVybEVuY29kZT0iVHJ1ZSIgLz4NCiAgICAgICAgPEZvcm1Qb3N0UGFyYW1ldGVyIE5hbWU9Il9fRVZFTlRBUkdVTUVOVCIgVmFsdWU9Int7JEhJRERFTjEuX19FVkVOVEFSR1VNRU5UfX0iIFJlY29yZGVkVmFsdWU9IiIgQ29ycmVsYXRpb25CaW5kaW5nPSIiIFVybEVuY29kZT0iVHJ1ZSIgLz4NCiAgICAgICAgPEZvcm1Qb3N0UGFyYW1ldGVyIE5hbWU9Il9fTEFTVEZPQ1VTIiBWYWx1ZT0ie3skSElEREVOMS5fX0xBU1RGT0NVU319IiBSZWNvcmRlZFZhbHVlPSIiIENvcnJlbGF0aW9uQmluZGluZz0iIiBVcmxFbmNvZGU9IlRydWUiIC8+DQogICAgICAgIDxGb3JtUG9zdFBhcmFtZXRlciBOYW1lPSJfX1ZTVEFURSIgVmFsdWU9Int7JEhJRERFTjEuX19WU1RBVEV9fSIgUmVjb3JkZWRWYWx1ZT0iQVIrTENBQUFBQUFBQkFEZFdOMXZFOWtWangyUFk1d1FoeTEyNmJhZEdTVGFTWlN2dVdQSCtXb2VpQTNGV3NBMDhmTFFMTExHbm9zOXpYZ205WXdEN2dPaVVsa29aUVdyRGJ2TjBsYXF1bVUvS0dnclZDbGw2YlovUWgvNjBHZUVuZVNwZjBKNzczelk0M2pzaEFSU0NVZXg3NXg3N3YyZDN6bm5ubVBmLzdvQ1I5d0VtVTdIRkZrcktwSTZCMzlhRW92d25LSnFzM3gyOFMxWVRxZEQzVVF3dDN5R0YrVmpXVTFpd2JGWUhtWVhqMHNTRWJLSnVXUFovR0lzcnlncWJKQ0hXOGdqTGVSakxlVFJGdkx4RnZLSkZ2SkpaemxnVzhpQlRlNDE1SUVmREhiMGRIcURmbDh5RlZNS1M0bDRWekoxQW45Nms2azRyMEgwa1JJTHNDZVptdGQ0cmFTZTVRdXdHOGtValpmd0JGSlBYWllUY1orbGdBWW5sV0xoYk5KL1VsSXV4WGdWb2owUEQzYjQ4VC9oblQ5M2F2WXRRSGdCeXdFd1NRUTVGb3lQc21PakFGeXBENGx1bHAxaTJTc3NRTytFdC9yeGc4ckRYL2NQTE15WFZRMFdSdUl3S3haNGFZZ3VxRm1sS0ltWklmbzhMS3FpSXM5RVJsajhOMFRIU3BKV0tzSVpHWmEwSXRZOVY4cElZaFpsUVVwWmhQSk1abnljSDh1T1JjRmtPQUxaaWNsT01NSVNJY002d3pac0RqdUdCbU9FQ3hCOTFtT1VOYVpoT3o2UlVjN2lnNGNHbitnVjlJN0lXWHdHUFozc0NIQUFqWENBQlEyZ1lHSmZRTU1Ob0J4d0JnWFJ5YkdKdllEcUc5UkF1VHFvVG54SFRFSDBTbjJJUUlHZUxwdzlYUkNvYzB3aklNclpZaG9Ca1gwQ2pUWXk1ZllGZEx3eHB2c0RPdEVBR3Q3Wmtka3I2R1FqYU12c1JhZDlMNkQ2Qmhhby9aemFzOWZuZGdrQndvK3FDM3FNamtVaWdWQ0k5TWJoa3BhSUUyOHlMTXYrRUxETWtENWdiUVB5aldReGh3dm5hVkhWMEpCSHBaVndNd3pabXo3SDUyQkN4YlgxdEpMTGswRlQ4S01TTEpibnRhSW81M1M1MXlqakZtUHlxS2wzdktRcHg1ZVdwUEtKUWdZS1dCWlQxWmpFcTJxT1pFd2QzQkUwOUQrZlJRMVVRcDFUMUZCUlRjcFdEODJSZm9NQ3RoQ1MzVFpiaVM5NlZTakJyRWJIRS9PcHhObFlpczZpMmsvVGwvSlFwcE1SZHVUdEpaTVBMYXEwckdpMFhKSWtXbXVlaGhKYXh6QTBsQVdhVi9Ga2JXNUlWUEdxZnJ6QUVqSE1nS2xtU2V6QTRmYkE0WGJBWVFmZ2NETncyQkdZYXcvTXRRUG1ISUM1Wm1ET0VSaTBCd1pOd1AzNmFtTngyN1g5Wm9UcktoZUxTb0dHcCtiT3pNZG4wNG5VWEh4a1FjZ29GMFlXZEFYeFp6ek9INXdpRi9EK1JVaWJDMmZzUUFPNkdRYjlnWm9QZ00wSE5ucll4TmJrbXJoWjNnT04zcXVEdElCbzU4RjJrV3NPbk0xZ0szQkkxRWJKd1dTSEhIRElSK2V6Z1Y4WU5LNWNrcmVpNnFSdER0WHAxNW5xSTRQaHM1V1ZaeXRYR1hxd3JqM0lERE8xUi95MUVEdkJ3WHBERDlnVUhmZ1lTcHlUVW5pTFV0aEpLYkpGS1dKWGN2S0NidkFMcEcrU2x1QkZqZjZKSXNvN1hSRmhhUVZuRTdKbFRwRmdUQkhnREJOaEdacEh5V0t6bUo1SjFvWXZEQkkyUWNKMmtMQUZFbjQ1SUp3Snd0bEJPQXVFZXprZ3dBUUJkaEJnZ1lDWEEySmkyQ0ZZUmdkdzNOOHNXdldLZzRvZ1BzVEpvZ0NMZEtaczd6cTJQbUNyekxZU1V6djFOTm1GUm5yWDlGbGZCY2lBMVlPaHhxZjRuSm9MdWQyZEFTRjBHTDBIUW03VTcwK0x1YncycTF5ZUxVSis4WVRNWnlRbzVJV1EreUxTOHJoZHVsYlhlVkVWMFVSZUVOeUVMdkdrNEdXTk9MS3hlbmY5enJ2UDF4Nys1K210alFlL1d2L3N2Y3JYMTU1ZHZZLzB2b2YxcUlORVQvWEx0WTAvMzltOGVYWGo5N2VRZk1DVUI1NC9lVks1ZVcvajhmWHFrenRvSHpRMWJFNEYwUlNXMzEycmZ2Qng5Zm92MTFjK1cvLzBmYVF3R2pBTnd5VDZCQ0hrdWlpNGdTWDBZbUVnNUNONzBVOU0vand2bGVCSkVVb0M0Y0VoSVE5aUtUYmJFUHF3RUo5WHNqdDlGRS9OS2lWWnlKRmROUi8wQmQySGh0RUxFZHY4T1RMbE9uNElHVitwaHJkWUgzUjNlSTJadzRPZDdseE90NHpRemFGNkRRT29RQjJUNnN0UmgxNENRdGZ1RVFBN3ZQSGhGNXZYL3JSKy8zYmx4dWZJd1JZQ3NDT0VMZS82VE84aU1IODlQeEhrd1licVY4TjFOZU1HWFIxb1o5Y1c1L2pyS2I3NzNicnF1M0Y3MysyQXRWdTNyYi90ZnJ0eFBXUGQrb0hDeDg2UFVnN2ZndUJ2M2J4RzlKVFI2NTNSTTJmZUdSVUUwcCtlMS9paXB0K1NkUHhEdkhYdlgvLzBrYjcwQ1Zrd1JiTWU2dUcvZldpTGhEb0hlU0VwUytVOFVrZ3BpcFFTbDRqaGhjMnZmbGY5NE9ZRnV2TCswOHJ0QjlXUC9saTk5eTQ2bnd1YjkxWjFlWFh0MnVicUo1VnJuMVllL2RVNDQ5ZzhGK0lzNExPdXlGbEp6QzRTUDM1YkU2VjBMTCtJaWtOS3llVWtxRmNCVVJLMWNqK2pYZGFNcTV4Wm1CUGxkRGEvV0o5bGh1aXQ4NEs0ak0vWWNWUmttSUZwQVoxbE55NGpoS3FWSlVoUXk3Q29pVmxlR3VZbE1TZFBhY3JTOUhKdHU2bnBlaUhhSFV1MDBxL0lRa1l5bVBWcWVWRWRXY1lGWW9aaHBnVVVsSkNYOURxRzQwQlRORTdoRXRFUWpGTTQvMUJZcVRjYUYxUGZxRVdRT2x5TEhCWE1VNkc5aG9uNkpuRitaL0ZCdHJhSkRwNTFqZzExWk1kaG9iNzF3dkdnM25TT0F2WHRMUzc4VHMzdDFIZHQvcDdFVjR5SE9qc0NJUTg2aHJpRUp6UllpS0VTcnJuOWdxc3YxSUgvZXRDdjlBNmpmSVYwVXoza0FmeUxNNlpJU3RIL2lZdjBwSS9PejdwOXVCKzZUZmNhTGNnRkJNRm9rZWloNlpaTzkwN3drbElVaGpPNGJVN3A3OGhMRXFMaE1WZVpQL1N0bG9rbHhtb2s4WnFTcnNwWEh5Ylh2LzVjTURKSTc1ZW9UVzdjZUcvakQ3OTkvdmRIU082em1xTGpuYWFBaTVXaFlML2RSR0svS2NhM0RPaXgyN0xoKzNKR1hacldnNHlkUnlFM1VMU2pDemduRjFoM2hxL1NCYUhLNHk5UkFvMVdmM09qOHVRdUdxMy81VTVsN1hHek03WmNFMjUxaG5saGFIY0dPd0ljbmRHNW5UUENUczZ3N2pKZk0yZDR0bk5HcE1rWnRsdXFYVHREdjhDMU8yUHovcVBrNXVyZi9yL09JTFp6eGxpek0rcDN2Njh5TTd5VnEwL1hiejkwSXQ5dy85aEF2bjRUdVpNYTRkMk9mTlF4RTdqWGduelhkdVRISFd2QzYwSGV0eDM1Q1NmeTRYMW9rUHRBL3NCMjVDY2R5YjhlWjk2L0RYazNZRjlSK1djbkd0aHZyajVPcnEvOFluL1pHNUllZk5NeHJkTkdKZ3M2cDRPQ3FDNUpmSGxLVm1RNExmd1BzZUhiK2hvZ0FBQT0iIENvcnJlbGF0aW9uQmluZGluZz0iIiBVcmxFbmNvZGU9IlRydWUiIC8+DQogICAgICAgIDxGb3JtUG9zdFBhcmFtZXRlciBOYW1lPSJfX1ZJRVdTVEFURSIgVmFsdWU9Int7JEhJRERFTjEuX19WSUVXU1RBVEV9fSIgUmVjb3JkZWRWYWx1ZT0iIiBDb3JyZWxhdGlvbkJpbmRpbmc9IiIgVXJsRW5jb2RlPSJUcnVlIiAvPg0KICAgICAgICA8Rm9ybVBvc3RQYXJhbWV0ZXIgTmFtZT0iX19TQ1JPTExQT1NJVElPTlgiIFZhbHVlPSJ7eyRISURERU4xLl9fU0NST0xMUE9TSVRJT05YfX0iIFJlY29yZGVkVmFsdWU9IjAiIENvcnJlbGF0aW9uQmluZGluZz0iIiBVcmxFbmNvZGU9IlRydWUiIC8+DQogICAgICAgIDxGb3JtUG9zdFBhcmFtZXRlciBOYW1lPSJfX1NDUk9MTFBPU0lUSU9OWSIgVmFsdWU9Int7JEhJRERFTjEuX19TQ1JPTExQT1NJVElPTll9fSIgUmVjb3JkZWRWYWx1ZT0iMCIgQ29ycmVsYXRpb25CaW5kaW5nPSIiIFVybEVuY29kZT0iVHJ1ZSIgLz4NCiAgICAgICAgPEZvcm1Qb3N0UGFyYW1ldGVyIE5hbWU9Il9fVklFV1NUQVRFRU5DUllQVEVEIiBWYWx1ZT0ie3skSElEREVOMS5fX1ZJRVdTVEFURUVOQ1JZUFRFRH19IiBSZWNvcmRlZFZhbHVlPSIiIENvcnJlbGF0aW9uQmluZGluZz0iIiBVcmxFbmNvZGU9IlRydWUiIC8+DQogICAgICAgIDxGb3JtUG9zdFBhcmFtZXRlciBOYW1lPSJfX0VWRU5UVkFMSURBVElPTiIgVmFsdWU9Int7JEhJRERFTjEuX19FVkVOVFZBTElEQVRJT059fSIgUmVjb3JkZWRWYWx1ZT0iUTR3eVlEODM1UmgyR2pTaGZ2akdSbHZiWExOU3V2cGJVV0F0cDdWZlJrUEVBUjhYMTQ4SFdTNHc2K3ZiQkwvMWh6VVZYZ1RvOFk3Q3BveWhNRDNIdWhaNStmVVI3dlFLUlFrTTFGVTdRamtjb1EzNkZSU2IrcGhsWDFSNFc0SXlDbEVvMVk1VG1tRGxGQmFLZnBFQVFzdnlwdXk1K1JpU3hjd0gvSjZCM0tBcTR0SmFGWTM2a29WRHFMdmROM3RQQUdWcUxPTW1POUpNZ01nbStBa21BUlFuU3ZSQzd6OUIvblh3Mjd1MXBhVWhzU0RhZkFkdDVaT05JNVc0b2tCem5VNkxIdUhTWVVDTXJwVy9yOG1IMEJEMHNZWi91YU1WTklYUjlORTFKYlg0SlVFSGRjOXZ0WEoxNmx4THNpWkR2N3JsRlArTFpKZFo5QVFQMkV2cVIxY0llVW1PV1c5Um1ianBzOXRyUWhEOHE5UTFVZEpCZ2N3Si9pb3gvd1dHeUVUdzhYMCttTnU5U3FiazFMWU9FVEFDUFlITEdoUG80UTYxTE9zeWZwaGNIS1VzMkFYUTY2czF6bzlYMnZjZGV3SEF4NU1rNTR5WjN5OFhKdWtPZmZqdjBZbGk5aVBKN05qSmZMVklhaEFQTWdCU0lTTjhoeGs3bnptSUtrT1pERFpFM2xqUnBkTmxsOVVITXNPMEtsdTMybGdtNnBqNHYzcU4vclV4R3JPclZESE11b1dwczMvdzJ1L2RMN2ZBSDA4c0J2eXhMK0dYeUZDaERVMG9pMWdNajMvL0thK0k3SEdQWmhyTlQxT2FOMnEzaXlLelZwblo5YmZ5V1JzUFFsQjlDalo2QmdBQXFKdnpwdi9RRGwrYUVFYytKUTY0cHBYTi9ubFVUY0Urb25CamFBamhhcFFMMXBxUlhOWUhDbzVYUU53bGxpRTJUeE9RakFDMyt0STRXb0RNUUE0R2ZadS8rWDYrU2RsYTlBNG5qcy9HS0UrTS91bTVjL0cycDM0WVZ5UjlSYkJtaXpiZ3lZM2M4c3NPZzR2clVvMHVzM0w1NTlVQ2dHMGhYdXFyWjM0MkUxN3JnQ08xVmsrcEt3VW9td2tFbTV6TkFBUmZzMGJuMnNtZThhNUJ0Nk84Q25mS1RXelg1cTZNd3NmQk01UmNTZjViaE5xVnRZNHBFekFKeTd3eTVsMzcySFNLdjh1UzRuT3p5VksrN0xNTXdRbU43QUlCSGJkTmpKWWtCQm51c1hXUUgreSs1Wi9zYkw1M0phbHJYaUxzalNzUEtBM2o4NVRGQ0Z2TWxXNjZVYjEyRVRCTzUxTXp0OVl6a2JpK3p1TW5SYXZRUVF0Y3o2eno4YS9HZ2NVamRxeUZuY2JOR3UwTndPcEt0L0dtSGV6TWVzOS9aT3p5a2lhaVN2WnVtWUpod3N2UDRDcGd1cVFtYXZtMjFMZmhGeVJ6Zm8rci9oUDhUeFdQQmloSXVwTFY1Z0ZQV2cwdHlhZVFEWE1RUmhQMHFENnFtN0c1OW5HNkx0LzRvMVZkWmxIcitXcnhVbG5BLzZTL3A1SHlzdE5Bd3RaVWU5Z0JBZXhrUUpUSHFlWmtYWkFpUFZPbmUxMXZkK2tOK255a1J0ZUNSMW1qcWxQNU0wdmxJV3Rkbks4dnVGYktKWFd4RDBPaXNUN3lvWlAzQmpTUWxoNXA3c3ZJZHBKbXBoMG5lcGwyeGJYRDdoM3A3RGtoWTI0TTQ5ME92RjY4YXRkY0pWVUpyQkNkMC8yaHoxcUJ5MS9MY0MvV3RXTWQ5d3RSOUxqWXJMY1psbnBvVncrTFVyL3dVdndUOXduR2ZNempKUnZPd2k4VEwyUFhNeW50VkM1dnRsODcxUTBteWcyYkZCMXNrRDJtbDNJUFFDNUFlUUlXMy82M0VqY1p1dlBpbmtzVkZBeHZvc3YzR0RDQWhrYjFhL3pOMGxkVG1mVlRrT0lUcHJoQStpcUQwVU5xQS8xV3U0UVdLcTlLQkorT0tZUGpqR3p3OGtlRy9nV1lIZ1NhVktRSFhTL1B2cUdKTUNuelB6eVJGRC9NNjRaU0JDYTBRNGk2WHo2S1d3QnBQYkNCNU01c3o0S3pCMnFWME5aN0krUy9FTjRlUkV2bXppMXJvTTZGdEhYbGtuZz0iIENvcnJlbGF0aW9uQmluZGluZz0iIiBVcmxFbmNvZGU9IlRydWUiIC8+DQogICAgICAgIDxGb3JtUG9zdFBhcmFtZXRlciBOYW1lPSJTY3JlZW5XaWR0aCIgVmFsdWU9Int7JEhJRERFTjEuU2NyZWVuV2lkdGh9fSIgUmVjb3JkZWRWYWx1ZT0iIiBDb3JyZWxhdGlvbkJpbmRpbmc9IiIgVXJsRW5jb2RlPSJUcnVlIiAvPg0KICAgICAgICA8Rm9ybVBvc3RQYXJhbWV0ZXIgTmFtZT0iU2NyZWVuSGVpZ2h0IiBWYWx1ZT0ie3skSElEREVOMS5TY3JlZW5IZWlnaHR9fSIgUmVjb3JkZWRWYWx1ZT0iIiBDb3JyZWxhdGlvbkJpbmRpbmc9IiIgVXJsRW5jb2RlPSJUcnVlIiAvPg0KICAgICAgICA8Rm9ybVBvc3RQYXJhbWV0ZXIgTmFtZT0iYnRuVXBkYXRlIiBWYWx1ZT0i5L+u5pS5IiBSZWNvcmRlZFZhbHVlPSLkv67mlLkiIENvcnJlbGF0aW9uQmluZGluZz0ie3tGb3JtUG9zdFBhcmFtMjkuYnRuVXBkYXRlfX0iIFVybEVuY29kZT0iVHJ1ZSIgLz4NCiAgICAgICAgPEZvcm1Qb3N0UGFyYW1ldGVyIE5hbWU9ImRkbE9yZ0FuZEZsb3ciIFZhbHVlPSIiIFJlY29yZGVkVmFsdWU9IiIgQ29ycmVsYXRpb25CaW5kaW5nPSIiIFVybEVuY29kZT0iVHJ1ZSIgLz4NCiAgICAgICAgPEZvcm1Qb3N0UGFyYW1ldGVyIE5hbWU9ImRkbFF1ZXJ5Q29uZGl0aW9ucyIgVmFsdWU9IjAiIFJlY29yZGVkVmFsdWU9IjAiIENvcnJlbGF0aW9uQmluZGluZz0ie3tGb3JtUG9zdFBhcmFtMzEuZGRsUXVlcnlDb25kaXRpb25zfX0iIFVybEVuY29kZT0iVHJ1ZSIgLz4NCiAgICAgICAgPEZvcm1Qb3N0UGFyYW1ldGVyIE5hbWU9InR4dE9URW1wSUQiIFZhbHVlPSIxMDIxMTkiIFJlY29yZGVkVmFsdWU9IjEwMjExOSIgQ29ycmVsYXRpb25CaW5kaW5nPSJ7e0Zvcm1Qb3N0UGFyYW0zMC50eHRPVEVtcElEfX0iIFVybEVuY29kZT0iVHJ1ZSIgLz4NCiAgICAgICAgPEZvcm1Qb3N0UGFyYW1ldGVyIE5hbWU9InR4dE9URW1wTmFtZSIgVmFsdWU9IiIgUmVjb3JkZWRWYWx1ZT0iIiBDb3JyZWxhdGlvbkJpbmRpbmc9IiIgVXJsRW5jb2RlPSJUcnVlIiAvPg0KICAgICAgICA8Rm9ybVBvc3RQYXJhbWV0ZXIgTmFtZT0idHh0T1RGb3JtTk8iIFZhbHVlPSIiIFJlY29yZGVkVmFsdWU9IiIgQ29ycmVsYXRpb25CaW5kaW5nPSIiIFVybEVuY29kZT0iVHJ1ZSIgLz4NCiAgICAgICAgPEZvcm1Qb3N0UGFyYW1ldGVyIE5hbWU9ImRkbE9UU3RhdHVzIiBWYWx1ZT0iMSIgUmVjb3JkZWRWYWx1ZT0iMSIgQ29ycmVsYXRpb25CaW5kaW5nPSJ7e0Zvcm1Qb3N0UGFyYW0zMi5kZGxPVFN0YXR1c319IiBVcmxFbmNvZGU9IlRydWUiIC8+DQogICAgICAgIDxGb3JtUG9zdFBhcmFtZXRlciBOYW1lPSJ0eHRPVERhdGVCZWdpbiR0eHREYXRlIiBWYWx1ZT0iIiBSZWNvcmRlZFZhbHVlPSIiIENvcnJlbGF0aW9uQmluZGluZz0iIiBVcmxFbmNvZGU9IlRydWUiIC8+DQogICAgICAgIDxGb3JtUG9zdFBhcmFtZXRlciBOYW1lPSJ0eHRPVERhdGVFbmQkdHh0RGF0ZSIgVmFsdWU9IiIgUmVjb3JkZWRWYWx1ZT0iIiBDb3JyZWxhdGlvbkJpbmRpbmc9IiIgVXJsRW5jb2RlPSJUcnVlIiAvPg0KICAgICAgICA8Rm9ybVBvc3RQYXJhbWV0ZXIgTmFtZT0iZ3ZNYWluJGN0bDAyJGNoa0Nob29zZSIgVmFsdWU9Im9uIiBSZWNvcmRlZFZhbHVlPSJvbiIgQ29ycmVsYXRpb25CaW5kaW5nPSIiIFVybEVuY29kZT0iVHJ1ZSIgLz4NCiAgICAgICAgPEZvcm1Qb3N0UGFyYW1ldGVyIE5hbWU9InVjTW9kYWxQb3B1cDEkQ2xpZW50V2lkdGgiIFZhbHVlPSJ7eyRISURERU4xLnVjTW9kYWxQb3B1cDEkQ2xpZW50V2lkdGh9fSIgUmVjb3JkZWRWYWx1ZT0iMCIgQ29ycmVsYXRpb25CaW5kaW5nPSIiIFVybEVuY29kZT0iVHJ1ZSIgLz4NCiAgICAgICAgPEZvcm1Qb3N0UGFyYW1ldGVyIE5hbWU9InVjTW9kYWxQb3B1cDEkQ2xpZW50SGVpZ2h0IiBWYWx1ZT0ie3skSElEREVOMS51Y01vZGFsUG9wdXAxJENsaWVudEhlaWdodH19IiBSZWNvcmRlZFZhbHVlPSIwIiBDb3JyZWxhdGlvbkJpbmRpbmc9IiIgVXJsRW5jb2RlPSJUcnVlIiAvPg0KICAgICAgPC9Gb3JtUG9zdEh0dHBCb2R5Pg0KICAgIDwvUmVxdWVzdD4NCiAgICA8UmVxdWVzdCBNZXRob2Q9IlBPU1QiIEd1aWQ9ImI2MDJiOTdhLTQ2YTAtNDk2OS1iN2E2LTdjNjY4ZjQyYjljZiIgVmVyc2lvbj0iMS4xIiBVcmw9Imh0dHA6Ly8xMC4xMS4zNi4xMTQ6ODAwNy9PdmVyVGltZS9PdmVydGltZVByZU9yZGVyX01vZGlmeS5hc3B4IiBUaGlua1RpbWU9IjEiIFRpbWVvdXQ9IjMwMCIgUGFyc2VEZXBlbmRlbnRSZXF1ZXN0cz0iVHJ1ZSIgRm9sbG93UmVkaXJlY3RzPSJUcnVlIiBSZWNvcmRSZXN1bHQ9IlRydWUiIENhY2hlPSJGYWxzZSIgUmVzcG9uc2VUaW1lR29hbD0iMCIgRW5jb2Rpbmc9InV0Zi04IiBFeHBlY3RlZEh0dHBTdGF0dXNDb2RlPSIwIiBFeHBlY3RlZFJlc3BvbnNlVXJsPSIiIFJlcG9ydGluZ05hbWU9IiIgSWdub3JlSHR0cFN0YXR1c0NvZGU9IkZhbHNlIj4NCiAgICAgIDxFeHRyYWN0aW9uUnVsZXM+DQogICAgICAgIDxFeHRyYWN0aW9uUnVsZSBDbGFzc25hbWU9Ik1pY3Jvc29mdC5WaXN1YWxTdHVkaW8uVGVzdFRvb2xzLldlYlRlc3RpbmcuUnVsZXMuRXh0cmFjdEhpZGRlbkZpZWxkcywgTWljcm9zb2Z0LlZpc3VhbFN0dWRpby5RdWFsaXR5VG9vbHMuV2ViVGVzdEZyYW1ld29yaywgVmVyc2lvbj0xMC4wLjAuMCwgQ3VsdHVyZT1uZXV0cmFsLCBQdWJsaWNLZXlUb2tlbj1iMDNmNWY3ZjExZDUwYTNhIiBWYXJpYWJsZU5hbWU9IjEiIERpc3BsYXlOYW1lPSLmk7flj5bpmrHol4/mrITkvY0iIERlc2NyaXB0aW9uPSLmk7flj5blm57mh4nkuK3nmoTmiYDmnInpmrHol4/mrITkvY3vvIzkuKblsIflroPlgJHmlL7lnKjmuKzoqablhaflrrnkuK3jgIIiPg0KICAgICAgICAgIDxSdWxlUGFyYW1ldGVycz4NCiAgICAgICAgICAgIDxSdWxlUGFyYW1ldGVyIE5hbWU9IlJlcXVpcmVkIiBWYWx1ZT0iVHJ1ZSIgLz4NCiAgICAgICAgICAgIDxSdWxlUGFyYW1ldGVyIE5hbWU9Ikh0bWxEZWNvZGUiIFZhbHVlPSJUcnVlIiAvPg0KICAgICAgICAgIDwvUnVsZVBhcmFtZXRlcnM+DQogICAgICAgIDwvRXh0cmFjdGlvblJ1bGU+DQogICAgICAgIDxFeHRyYWN0aW9uUnVsZSBDbGFzc25hbWU9Ik1pY3Jvc29mdC5WaXN1YWxTdHVkaW8uVGVzdFRvb2xzLldlYlRlc3RpbmcuUnVsZXMuRXh0cmFjdFRleHQsIE1pY3Jvc29mdC5WaXN1YWxTdHVkaW8uUXVhbGl0eVRvb2xzLldlYlRlc3RGcmFtZXdvcmssIFZlcnNpb249MTAuMC4wLjAsIEN1bHR1cmU9bmV1dHJhbCwgUHVibGljS2V5VG9rZW49YjAzZjVmN2YxMWQ1MGEzYSIgVmFyaWFibGVOYW1lPSJRdWVyeVN0cmluZ1BhcmFtMTUuT1RUeG5JRCIgRGlzcGxheU5hbWU9IuaTt+WPluaWh+WtlyIgRGVzY3JpcHRpb249IuW+nuWbnuaHieS4reaTt+WPluaWh+Wtl++8jOS4puWwh+Wug+aUvuWFpea4rOippuWFp+WuueS4reOAgiI+DQogICAgICAgICAgPFJ1bGVQYXJhbWV0ZXJzPg0KICAgICAgICAgICAgPFJ1bGVQYXJhbWV0ZXIgTmFtZT0iU3RhcnRzV2l0aCIgVmFsdWU9IiZhbXA7YW1wO09UVHhuSUQ9IiAvPg0KICAgICAgICAgICAgPFJ1bGVQYXJhbWV0ZXIgTmFtZT0iRW5kc1dpdGgiIFZhbHVlPSImYW1wOyIgLz4NCiAgICAgICAgICAgIDxSdWxlUGFyYW1ldGVyIE5hbWU9IkluZGV4IiBWYWx1ZT0iMCIgLz4NCiAgICAgICAgICAgIDxSdWxlUGFyYW1ldGVyIE5hbWU9Iklnbm9yZUNhc2UiIFZhbHVlPSJGYWxzZSIgLz4NCiAgICAgICAgICAgIDxSdWxlUGFyYW1ldGVyIE5hbWU9IlVzZVJlZ3VsYXJFeHByZXNzaW9uIiBWYWx1ZT0iRmFsc2UiIC8+DQogICAgICAgICAgICA8UnVsZVBhcmFtZXRlciBOYW1lPSJIdG1sRGVjb2RlIiBWYWx1ZT0iVHJ1ZSIgLz4NCiAgICAgICAgICAgIDxSdWxlUGFyYW1ldGVyIE5hbWU9IlJlcXVpcmVkIiBWYWx1ZT0iRmFsc2UiIC8+DQogICAgICAgICAgPC9SdWxlUGFyYW1ldGVycz4NCiAgICAgICAgPC9FeHRyYWN0aW9uUnVsZT4NCiAgICAgIDwvRXh0cmFjdGlvblJ1bGVzPg0KICAgICAgPENvcnJlbGF0aW9uRXh0cmFjdGlvblJ1bGVzPg0KICAgICAgICA8RXh0cmFjdGlvblJ1bGUgQ2xhc3NuYW1lPSJNaWNyb3NvZnQuVmlzdWFsU3R1ZGlvLlRlc3RUb29scy5XZWJUZXN0aW5nLlJ1bGVzLkV4dHJhY3RUZXh0LCBNaWNyb3NvZnQuVmlzdWFsU3R1ZGlvLlF1YWxpdHlUb29scy5XZWJUZXN0RnJhbWV3b3JrLCBWZXJzaW9uPTEwLjAuMC4wLCBDdWx0dXJlPW5ldXRyYWwsIFB1YmxpY0tleVRva2VuPWIwM2Y1ZjdmMTFkNTBhM2EiIFZhcmlhYmxlTmFtZT0iUXVlcnlTdHJpbmdQYXJhbTkuT1RDb21wSUQiIERpc3BsYXlOYW1lPSIiIERlc2NyaXB0aW9uPSIiPg0KICAgICAgICAgIDxSdWxlUGFyYW1ldGVycz4NCiAgICAgICAgICAgIDxSdWxlUGFyYW1ldGVyIE5hbWU9IlN0YXJ0c1dpdGgiIFZhbHVlPSI/T1RDb21wSUQ9IiAvPg0KICAgICAgICAgICAgPFJ1bGVQYXJhbWV0ZXIgTmFtZT0iRW5kc1dpdGgiIFZhbHVlPSImYW1wOyIgLz4NCiAgICAgICAgICAgIDxSdWxlUGFyYW1ldGVyIE5hbWU9IkluZGV4IiBWYWx1ZT0iMCIgLz4NCiAgICAgICAgICAgIDxSdWxlUGFyYW1ldGVyIE5hbWU9Iklnbm9yZUNhc2UiIFZhbHVlPSJGYWxzZSIgLz4NCiAgICAgICAgICAgIDxSdWxlUGFyYW1ldGVyIE5hbWU9IlVzZVJlZ3VsYXJFeHByZXNzaW9uIiBWYWx1ZT0iRmFsc2UiIC8+DQogICAgICAgICAgICA8UnVsZVBhcmFtZXRlciBOYW1lPSJIdG1sRGVjb2RlIiBWYWx1ZT0iVHJ1ZSIgLz4NCiAgICAgICAgICAgIDxSdWxlUGFyYW1ldGVyIE5hbWU9IlJlcXVpcmVkIiBWYWx1ZT0iRmFsc2UiIC8+DQogICAgICAgICAgPC9SdWxlUGFyYW1ldGVycz4NCiAgICAgICAgPC9FeHRyYWN0aW9uUnVsZT4NCiAgICAgICAgPEV4dHJhY3Rpb25SdWxlIENsYXNzbmFtZT0iTWljcm9zb2Z0LlZpc3VhbFN0dWRpby5UZXN0VG9vbHMuV2ViVGVzdGluZy5SdWxlcy5FeHRyYWN0VGV4dCwgTWljcm9zb2Z0LlZpc3VhbFN0dWRpby5RdWFsaXR5VG9vbHMuV2ViVGVzdEZyYW1ld29yaywgVmVyc2lvbj0xMC4wLjAuMCwgQ3VsdHVyZT1uZXV0cmFsLCBQdWJsaWNLZXlUb2tlbj1iMDNmNWY3ZjExZDUwYTNhIiBWYXJpYWJsZU5hbWU9IlF1ZXJ5U3RyaW5nUGFyYW0xMC5PVEVtcElEIiBEaXNwbGF5TmFtZT0iIiBEZXNjcmlwdGlvbj0iIj4NCiAgICAgICAgICA8UnVsZVBhcmFtZXRlcnM+DQogICAgICAgICAgICA8UnVsZVBhcmFtZXRlciBOYW1lPSJTdGFydHNXaXRoIiBWYWx1ZT0iJmFtcDthbXA7T1RFbXBJRD0iIC8+DQogICAgICAgICAgICA8UnVsZVBhcmFtZXRlciBOYW1lPSJFbmRzV2l0aCIgVmFsdWU9IiZhbXA7IiAvPg0KICAgICAgICAgICAgPFJ1bGVQYXJhbWV0ZXIgTmFtZT0iSW5kZXgiIFZhbHVlPSIwIiAvPg0KICAgICAgICAgICAgPFJ1bGVQYXJhbWV0ZXIgTmFtZT0iSWdub3JlQ2FzZSIgVmFsdWU9IkZhbHNlIiAvPg0KICAgICAgICAgICAgPFJ1bGVQYXJhbWV0ZXIgTmFtZT0iVXNlUmVndWxhckV4cHJlc3Npb24iIFZhbHVlPSJGYWxzZSIgLz4NCiAgICAgICAgICAgIDxSdWxlUGFyYW1ldGVyIE5hbWU9Ikh0bWxEZWNvZGUiIFZhbHVlPSJUcnVlIiAvPg0KICAgICAgICAgICAgPFJ1bGVQYXJhbWV0ZXIgTmFtZT0iUmVxdWlyZWQiIFZhbHVlPSJGYWxzZSIgLz4NCiAgICAgICAgICA8L1J1bGVQYXJhbWV0ZXJzPg0KICAgICAgICA8L0V4dHJhY3Rpb25SdWxlPg0KICAgICAgICA8RXh0cmFjdGlvblJ1bGUgQ2xhc3NuYW1lPSJNaWNyb3NvZnQuVmlzdWFsU3R1ZGlvLlRlc3RUb29scy5XZWJUZXN0aW5nLlJ1bGVzLkV4dHJhY3RUZXh0LCBNaWNyb3NvZnQuVmlzdWFsU3R1ZGlvLlF1YWxpdHlUb29scy5XZWJUZXN0RnJhbWV3b3JrLCBWZXJzaW9uPTEwLjAuMC4wLCBDdWx0dXJlPW5ldXRyYWwsIFB1YmxpY0tleVRva2VuPWIwM2Y1ZjdmMTFkNTBhM2EiIFZhcmlhYmxlTmFtZT0iUXVlcnlTdHJpbmdQYXJhbTExLk9UU3RhcnREYXRlIiBEaXNwbGF5TmFtZT0iIiBEZXNjcmlwdGlvbj0iIj4NCiAgICAgICAgICA8UnVsZVBhcmFtZXRlcnM+DQogICAgICAgICAgICA8UnVsZVBhcmFtZXRlciBOYW1lPSJTdGFydHNXaXRoIiBWYWx1ZT0iJmFtcDthbXA7T1RTdGFydERhdGU9IiAvPg0KICAgICAgICAgICAgPFJ1bGVQYXJhbWV0ZXIgTmFtZT0iRW5kc1dpdGgiIFZhbHVlPSImYW1wOyIgLz4NCiAgICAgICAgICAgIDxSdWxlUGFyYW1ldGVyIE5hbWU9IkluZGV4IiBWYWx1ZT0iMCIgLz4NCiAgICAgICAgICAgIDxSdWxlUGFyYW1ldGVyIE5hbWU9Iklnbm9yZUNhc2UiIFZhbHVlPSJGYWxzZSIgLz4NCiAgICAgICAgICAgIDxSdWxlUGFyYW1ldGVyIE5hbWU9IlVzZVJlZ3VsYXJFeHByZXNzaW9uIiBWYWx1ZT0iRmFsc2UiIC8+DQogICAgICAgICAgICA8UnVsZVBhcmFtZXRlciBOYW1lPSJIdG1sRGVjb2RlIiBWYWx1ZT0iVHJ1ZSIgLz4NCiAgICAgICAgICAgIDxSdWxlUGFyYW1ldGVyIE5hbWU9IlJlcXVpcmVkIiBWYWx1ZT0iRmFsc2UiIC8+DQogICAgICAgICAgPC9SdWxlUGFyYW1ldGVycz4NCiAgICAgICAgPC9FeHRyYWN0aW9uUnVsZT4NCiAgICAgICAgPEV4dHJhY3Rpb25SdWxlIENsYXNzbmFtZT0iTWljcm9zb2Z0LlZpc3VhbFN0dWRpby5UZXN0VG9vbHMuV2ViVGVzdGluZy5SdWxlcy5FeHRyYWN0VGV4dCwgTWljcm9zb2Z0LlZpc3VhbFN0dWRpby5RdWFsaXR5VG9vbHMuV2ViVGVzdEZyYW1ld29yaywgVmVyc2lvbj0xMC4wLjAuMCwgQ3VsdHVyZT1uZXV0cmFsLCBQdWJsaWNLZXlUb2tlbj1iMDNmNWY3ZjExZDUwYTNhIiBWYXJpYWJsZU5hbWU9IlF1ZXJ5U3RyaW5nUGFyYW0xMi5PVEVuZERhdGUiIERpc3BsYXlOYW1lPSIiIERlc2NyaXB0aW9uPSIiPg0KICAgICAgICAgIDxSdWxlUGFyYW1ldGVycz4NCiAgICAgICAgICAgIDxSdWxlUGFyYW1ldGVyIE5hbWU9IlN0YXJ0c1dpdGgiIFZhbHVlPSImYW1wO2FtcDtPVEVuZERhdGU9IiAvPg0KICAgICAgICAgICAgPFJ1bGVQYXJhbWV0ZXIgTmFtZT0iRW5kc1dpdGgiIFZhbHVlPSImYW1wOyIgLz4NCiAgICAgICAgICAgIDxSdWxlUGFyYW1ldGVyIE5hbWU9IkluZGV4IiBWYWx1ZT0iMCIgLz4NCiAgICAgICAgICAgIDxSdWxlUGFyYW1ldGVyIE5hbWU9Iklnbm9yZUNhc2UiIFZhbHVlPSJGYWxzZSIgLz4NCiAgICAgICAgICAgIDxSdWxlUGFyYW1ldGVyIE5hbWU9IlVzZVJlZ3VsYXJFeHByZXNzaW9uIiBWYWx1ZT0iRmFsc2UiIC8+DQogICAgICAgICAgICA8UnVsZVBhcmFtZXRlciBOYW1lPSJIdG1sRGVjb2RlIiBWYWx1ZT0iVHJ1ZSIgLz4NCiAgICAgICAgICAgIDxSdWxlUGFyYW1ldGVyIE5hbWU9IlJlcXVpcmVkIiBWYWx1ZT0iRmFsc2UiIC8+DQogICAgICAgICAgPC9SdWxlUGFyYW1ldGVycz4NCiAgICAgICAgPC9FeHRyYWN0aW9uUnVsZT4NCiAgICAgICAgPEV4dHJhY3Rpb25SdWxlIENsYXNzbmFtZT0iTWljcm9zb2Z0LlZpc3VhbFN0dWRpby5UZXN0VG9vbHMuV2ViVGVzdGluZy5SdWxlcy5FeHRyYWN0VGV4dCwgTWljcm9zb2Z0LlZpc3VhbFN0dWRpby5RdWFsaXR5VG9vbHMuV2ViVGVzdEZyYW1ld29yaywgVmVyc2lvbj0xMC4wLjAuMCwgQ3VsdHVyZT1uZXV0cmFsLCBQdWJsaWNLZXlUb2tlbj1iMDNmNWY3ZjExZDUwYTNhIiBWYXJpYWJsZU5hbWU9IlF1ZXJ5U3RyaW5nUGFyYW0xMy5PVFN0YXJ0VGltZSIgRGlzcGxheU5hbWU9IiIgRGVzY3JpcHRpb249IiI+DQogICAgICAgICAgPFJ1bGVQYXJhbWV0ZXJzPg0KICAgICAgICAgICAgPFJ1bGVQYXJhbWV0ZXIgTmFtZT0iU3RhcnRzV2l0aCIgVmFsdWU9IiZhbXA7YW1wO09UU3RhcnRUaW1lPSIgLz4NCiAgICAgICAgICAgIDxSdWxlUGFyYW1ldGVyIE5hbWU9IkVuZHNXaXRoIiBWYWx1ZT0iJmFtcDsiIC8+DQogICAgICAgICAgICA8UnVsZVBhcmFtZXRlciBOYW1lPSJJbmRleCIgVmFsdWU9IjAiIC8+DQogICAgICAgICAgICA8UnVsZVBhcmFtZXRlciBOYW1lPSJJZ25vcmVDYXNlIiBWYWx1ZT0iRmFsc2UiIC8+DQogICAgICAgICAgICA8UnVsZVBhcmFtZXRlciBOYW1lPSJVc2VSZWd1bGFyRXhwcmVzc2lvbiIgVmFsdWU9IkZhbHNlIiAvPg0KICAgICAgICAgICAgPFJ1bGVQYXJhbWV0ZXIgTmFtZT0iSHRtbERlY29kZSIgVmFsdWU9IlRydWUiIC8+DQogICAgICAgICAgICA8UnVsZVBhcmFtZXRlciBOYW1lPSJSZXF1aXJlZCIgVmFsdWU9IkZhbHNlIiAvPg0KICAgICAgICAgIDwvUnVsZVBhcmFtZXRlcnM+DQogICAgICAgIDwvRXh0cmFjdGlvblJ1bGU+DQogICAgICAgIDxFeHRyYWN0aW9uUnVsZSBDbGFzc25hbWU9Ik1pY3Jvc29mdC5WaXN1YWxTdHVkaW8uVGVzdFRvb2xzLldlYlRlc3RpbmcuUnVsZXMuRXh0cmFjdFRleHQsIE1pY3Jvc29mdC5WaXN1YWxTdHVkaW8uUXVhbGl0eVRvb2xzLldlYlRlc3RGcmFtZXdvcmssIFZlcnNpb249MTAuMC4wLjAsIEN1bHR1cmU9bmV1dHJhbCwgUHVibGljS2V5VG9rZW49YjAzZjVmN2YxMWQ1MGEzYSIgVmFyaWFibGVOYW1lPSJRdWVyeVN0cmluZ1BhcmFtMTQuT1RFbmRUaW1lIiBEaXNwbGF5TmFtZT0iIiBEZXNjcmlwdGlvbj0iIj4NCiAgICAgICAgICA8UnVsZVBhcmFtZXRlcnM+DQogICAgICAgICAgICA8UnVsZVBhcmFtZXRlciBOYW1lPSJTdGFydHNXaXRoIiBWYWx1ZT0iJmFtcDthbXA7T1RFbmRUaW1lPSIgLz4NCiAgICAgICAgICAgIDxSdWxlUGFyYW1ldGVyIE5hbWU9IkVuZHNXaXRoIiBWYWx1ZT0iJmFtcDsiIC8+DQogICAgICAgICAgICA8UnVsZVBhcmFtZXRlciBOYW1lPSJJbmRleCIgVmFsdWU9IjAiIC8+DQogICAgICAgICAgICA8UnVsZVBhcmFtZXRlciBOYW1lPSJJZ25vcmVDYXNlIiBWYWx1ZT0iRmFsc2UiIC8+DQogICAgICAgICAgICA8UnVsZVBhcmFtZXRlciBOYW1lPSJVc2VSZWd1bGFyRXhwcmVzc2lvbiIgVmFsdWU9IkZhbHNlIiAvPg0KICAgICAgICAgICAgPFJ1bGVQYXJhbWV0ZXIgTmFtZT0iSHRtbERlY29kZSIgVmFsdWU9IlRydWUiIC8+DQogICAgICAgICAgICA8UnVsZVBhcmFtZXRlciBOYW1lPSJSZXF1aXJlZCIgVmFsdWU9IkZhbHNlIiAvPg0KICAgICAgICAgIDwvUnVsZVBhcmFtZXRlcnM+DQogICAgICAgIDwvRXh0cmFjdGlvblJ1bGU+DQogICAgICAgIDxFeHRyYWN0aW9uUnVsZSBDbGFzc25hbWU9Ik1pY3Jvc29mdC5WaXN1YWxTdHVkaW8uVGVzdFRvb2xzLldlYlRlc3RpbmcuUnVsZXMuRXh0cmFjdFRleHQsIE1pY3Jvc29mdC5WaXN1YWxTdHVkaW8uUXVhbGl0eVRvb2xzLldlYlRlc3RGcmFtZXdvcmssIFZlcnNpb249MTAuMC4wLjAsIEN1bHR1cmU9bmV1dHJhbCwgUHVibGljS2V5VG9rZW49YjAzZjVmN2YxMWQ1MGEzYSIgVmFyaWFibGVOYW1lPSJRdWVyeVN0cmluZ1BhcmFtMTYuT1RGb3JtTk8iIERpc3BsYXlOYW1lPSIiIERlc2NyaXB0aW9uPSIiPg0KICAgICAgICAgIDxSdWxlUGFyYW1ldGVycz4NCiAgICAgICAgICAgIDxSdWxlUGFyYW1ldGVyIE5hbWU9IlN0YXJ0c1dpdGgiIFZhbHVlPSImYW1wO2FtcDtPVEZvcm1OTz0iIC8+DQogICAgICAgICAgICA8UnVsZVBhcmFtZXRlciBOYW1lPSJFbmRzV2l0aCIgVmFsdWU9IiZxdW90OyIgLz4NCiAgICAgICAgICAgIDxSdWxlUGFyYW1ldGVyIE5hbWU9IkluZGV4IiBWYWx1ZT0iMCIgLz4NCiAgICAgICAgICAgIDxSdWxlUGFyYW1ldGVyIE5hbWU9Iklnbm9yZUNhc2UiIFZhbHVlPSJGYWxzZSIgLz4NCiAgICAgICAgICAgIDxSdWxlUGFyYW1ldGVyIE5hbWU9IlVzZVJlZ3VsYXJFeHByZXNzaW9uIiBWYWx1ZT0iRmFsc2UiIC8+DQogICAgICAgICAgICA8UnVsZVBhcmFtZXRlciBOYW1lPSJIdG1sRGVjb2RlIiBWYWx1ZT0iVHJ1ZSIgLz4NCiAgICAgICAgICAgIDxSdWxlUGFyYW1ldGVyIE5hbWU9IlJlcXVpcmVkIiBWYWx1ZT0iRmFsc2UiIC8+DQogICAgICAgICAgPC9SdWxlUGFyYW1ldGVycz4NCiAgICAgICAgPC9FeHRyYWN0aW9uUnVsZT4NCiAgICAgICAgPEV4dHJhY3Rpb25SdWxlIENsYXNzbmFtZT0iTWljcm9zb2Z0LlZpc3VhbFN0dWRpby5UZXN0VG9vbHMuV2ViVGVzdGluZy5SdWxlcy5FeHRyYWN0Rm9ybUZpZWxkLCBNaWNyb3NvZnQuVmlzdWFsU3R1ZGlvLlF1YWxpdHlUb29scy5XZWJUZXN0RnJhbWV3b3JrLCBWZXJzaW9uPTEwLjAuMC4wLCBDdWx0dXJlPW5ldXRyYWwsIFB1YmxpY0tleVRva2VuPWIwM2Y1ZjdmMTFkNTBhM2EiIFZhcmlhYmxlTmFtZT0iRm9ybVBvc3RQYXJhbTEzLmJ0blRlbXBTYXZlSW52aXNpYmxlIiBEaXNwbGF5TmFtZT0iIiBEZXNjcmlwdGlvbj0iIj4NCiAgICAgICAgICA8UnVsZVBhcmFtZXRlcnM+DQogICAgICAgICAgICA8UnVsZVBhcmFtZXRlciBOYW1lPSJOYW1lIiBWYWx1ZT0iYnRuVGVtcFNhdmVJbnZpc2libGUiIC8+DQogICAgICAgICAgICA8UnVsZVBhcmFtZXRlciBOYW1lPSJIdG1sRGVjb2RlIiBWYWx1ZT0iVHJ1ZSIgLz4NCiAgICAgICAgICAgIDxSdWxlUGFyYW1ldGVyIE5hbWU9IlJlcXVpcmVkIiBWYWx1ZT0iRmFsc2UiIC8+DQogICAgICAgICAgICA8UnVsZVBhcmFtZXRlciBOYW1lPSJJbmRleCIgVmFsdWU9IjAiIC8+DQogICAgICAgICAgPC9SdWxlUGFyYW1ldGVycz4NCiAgICAgICAgPC9FeHRyYWN0aW9uUnVsZT4NCiAgICAgICAgPEV4dHJhY3Rpb25SdWxlIENsYXNzbmFtZT0iTWljcm9zb2Z0LlZpc3VhbFN0dWRpby5UZXN0VG9vbHMuV2ViVGVzdGluZy5SdWxlcy5FeHRyYWN0Rm9ybUZpZWxkLCBNaWNyb3NvZnQuVmlzdWFsU3R1ZGlvLlF1YWxpdHlUb29scy5XZWJUZXN0RnJhbWV3b3JrLCBWZXJzaW9uPTEwLjAuMC4wLCBDdWx0dXJlPW5ldXRyYWwsIFB1YmxpY0tleVRva2VuPWIwM2Y1ZjdmMTFkNTBhM2EiIFZhcmlhYmxlTmFtZT0iRm9ybVBvc3RQYXJhbTE0LnVjRGF0ZVN0YXJ0JHR4dERhdGUiIERpc3BsYXlOYW1lPSIiIERlc2NyaXB0aW9uPSIiPg0KICAgICAgICAgIDxSdWxlUGFyYW1ldGVycz4NCiAgICAgICAgICAgIDxSdWxlUGFyYW1ldGVyIE5hbWU9Ik5hbWUiIFZhbHVlPSJ1Y0RhdGVTdGFydF90eHREYXRlIiAvPg0KICAgICAgICAgICAgPFJ1bGVQYXJhbWV0ZXIgTmFtZT0iSHRtbERlY29kZSIgVmFsdWU9IlRydWUiIC8+DQogICAgICAgICAgICA8UnVsZVBhcmFtZXRlciBOYW1lPSJSZXF1aXJlZCIgVmFsdWU9IkZhbHNlIiAvPg0KICAgICAgICAgICAgPFJ1bGVQYXJhbWV0ZXIgTmFtZT0iSW5kZXgiIFZhbHVlPSIwIiAvPg0KICAgICAgICAgIDwvUnVsZVBhcmFtZXRlcnM+DQogICAgICAgIDwvRXh0cmFjdGlvblJ1bGU+DQogICAgICAgIDxFeHRyYWN0aW9uUnVsZSBDbGFzc25hbWU9Ik1pY3Jvc29mdC5WaXN1YWxTdHVkaW8uVGVzdFRvb2xzLldlYlRlc3RpbmcuUnVsZXMuRXh0cmFjdEZvcm1GaWVsZCwgTWljcm9zb2Z0LlZpc3VhbFN0dWRpby5RdWFsaXR5VG9vbHMuV2ViVGVzdEZyYW1ld29yaywgVmVyc2lvbj0xMC4wLjAuMCwgQ3VsdHVyZT1uZXV0cmFsLCBQdWJsaWNLZXlUb2tlbj1iMDNmNWY3ZjExZDUwYTNhIiBWYXJpYWJsZU5hbWU9IkZvcm1Qb3N0UGFyYW0xNS51Y0RhdGVFbmQkdHh0RGF0ZSIgRGlzcGxheU5hbWU9IiIgRGVzY3JpcHRpb249IiI+DQogICAgICAgICAgPFJ1bGVQYXJhbWV0ZXJzPg0KICAgICAgICAgICAgPFJ1bGVQYXJhbWV0ZXIgTmFtZT0iTmFtZSIgVmFsdWU9InVjRGF0ZUVuZF90eHREYXRlIiAvPg0KICAgICAgICAgICAgPFJ1bGVQYXJhbWV0ZXIgTmFtZT0iSHRtbERlY29kZSIgVmFsdWU9IlRydWUiIC8+DQogICAgICAgICAgICA8UnVsZVBhcmFtZXRlciBOYW1lPSJSZXF1aXJlZCIgVmFsdWU9IkZhbHNlIiAvPg0KICAgICAgICAgICAgPFJ1bGVQYXJhbWV0ZXIgTmFtZT0iSW5kZXgiIFZhbHVlPSIwIiAvPg0KICAgICAgICAgIDwvUnVsZVBhcmFtZXRlcnM+DQogICAgICAgIDwvRXh0cmFjdGlvblJ1bGU+DQogICAgICAgIDxFeHRyYWN0aW9uUnVsZSBDbGFzc25hbWU9Ik1pY3Jvc29mdC5WaXN1YWxTdHVkaW8uVGVzdFRvb2xzLldlYlRlc3RpbmcuUnVsZXMuRXh0cmFjdFRleHQsIE1pY3Jvc29mdC5WaXN1YWxTdHVkaW8uUXVhbGl0eVRvb2xzLldlYlRlc3RGcmFtZXdvcmssIFZlcnNpb249MTAuMC4wLjAsIEN1bHR1cmU9bmV1dHJhbCwgUHVibGljS2V5VG9rZW49YjAzZjVmN2YxMWQ1MGEzYSIgVmFyaWFibGVOYW1lPSJGb3JtUG9zdFBhcmFtMTYuT1RUaW1lU3RhcnQkZGRsSEgiIERpc3BsYXlOYW1lPSIiIERlc2NyaXB0aW9uPSIiPg0KICAgICAgICAgIDxSdWxlUGFyYW1ldGVycz4NCiAgICAgICAgICAgIDxSdWxlUGFyYW1ldGVyIE5hbWU9IlN0YXJ0c1dpdGgiIFZhbHVlPSJsdWU9JnF1b3Q7IiAvPg0KICAgICAgICAgICAgPFJ1bGVQYXJhbWV0ZXIgTmFtZT0iRW5kc1dpdGgiIFZhbHVlPSImcXVvdDsmZ3Q7MDAmbHQ7IiAvPg0KICAgICAgICAgICAgPFJ1bGVQYXJhbWV0ZXIgTmFtZT0iSW5kZXgiIFZhbHVlPSIyMyIgLz4NCiAgICAgICAgICAgIDxSdWxlUGFyYW1ldGVyIE5hbWU9Iklnbm9yZUNhc2UiIFZhbHVlPSJGYWxzZSIgLz4NCiAgICAgICAgICAgIDxSdWxlUGFyYW1ldGVyIE5hbWU9IlVzZVJlZ3VsYXJFeHByZXNzaW9uIiBWYWx1ZT0iRmFsc2UiIC8+DQogICAgICAgICAgICA8UnVsZVBhcmFtZXRlciBOYW1lPSJIdG1sRGVjb2RlIiBWYWx1ZT0iVHJ1ZSIgLz4NCiAgICAgICAgICAgIDxSdWxlUGFyYW1ldGVyIE5hbWU9IlJlcXVpcmVkIiBWYWx1ZT0iRmFsc2UiIC8+DQogICAgICAgICAgPC9SdWxlUGFyYW1ldGVycz4NCiAgICAgICAgPC9FeHRyYWN0aW9uUnVsZT4NCiAgICAgICAgPEV4dHJhY3Rpb25SdWxlIENsYXNzbmFtZT0iTWljcm9zb2Z0LlZpc3VhbFN0dWRpby5UZXN0VG9vbHMuV2ViVGVzdGluZy5SdWxlcy5FeHRyYWN0VGV4dCwgTWljcm9zb2Z0LlZpc3VhbFN0dWRpby5RdWFsaXR5VG9vbHMuV2ViVGVzdEZyYW1ld29yaywgVmVyc2lvbj0xMC4wLjAuMCwgQ3VsdHVyZT1uZXV0cmFsLCBQdWJsaWNLZXlUb2tlbj1iMDNmNWY3ZjExZDUwYTNhIiBWYXJpYWJsZU5hbWU9IkZvcm1Qb3N0UGFyYW0xNy5PVFRpbWVTdGFydCRkZGxNTSIgRGlzcGxheU5hbWU9IiIgRGVzY3JpcHRpb249IiI+DQogICAgICAgICAgPFJ1bGVQYXJhbWV0ZXJzPg0KICAgICAgICAgICAgPFJ1bGVQYXJhbWV0ZXIgTmFtZT0iU3RhcnRzV2l0aCIgVmFsdWU9Imx1ZT0mcXVvdDsiIC8+DQogICAgICAgICAgICA8UnVsZVBhcmFtZXRlciBOYW1lPSJFbmRzV2l0aCIgVmFsdWU9IiZxdW90OyZndDswMCZsdDsiIC8+DQogICAgICAgICAgICA8UnVsZVBhcmFtZXRlciBOYW1lPSJJbmRleCIgVmFsdWU9IjIzIiAvPg0KICAgICAgICAgICAgPFJ1bGVQYXJhbWV0ZXIgTmFtZT0iSWdub3JlQ2FzZSIgVmFsdWU9IkZhbHNlIiAvPg0KICAgICAgICAgICAgPFJ1bGVQYXJhbWV0ZXIgTmFtZT0iVXNlUmVndWxhckV4cHJlc3Npb24iIFZhbHVlPSJGYWxzZSIgLz4NCiAgICAgICAgICAgIDxSdWxlUGFyYW1ldGVyIE5hbWU9Ikh0bWxEZWNvZGUiIFZhbHVlPSJUcnVlIiAvPg0KICAgICAgICAgICAgPFJ1bGVQYXJhbWV0ZXIgTmFtZT0iUmVxdWlyZWQiIFZhbHVlPSJGYWxzZSIgLz4NCiAgICAgICAgICA8L1J1bGVQYXJhbWV0ZXJzPg0KICAgICAgICA8L0V4dHJhY3Rpb25SdWxlPg0KICAgICAgICA8RXh0cmFjdGlvblJ1bGUgQ2xhc3NuYW1lPSJNaWNyb3NvZnQuVmlzdWFsU3R1ZGlvLlRlc3RUb29scy5XZWJUZXN0aW5nLlJ1bGVzLkV4dHJhY3RUZXh0LCBNaWNyb3NvZnQuVmlzdWFsU3R1ZGlvLlF1YWxpdHlUb29scy5XZWJUZXN0RnJhbWV3b3JrLCBWZXJzaW9uPTEwLjAuMC4wLCBDdWx0dXJlPW5ldXRyYWwsIFB1YmxpY0tleVRva2VuPWIwM2Y1ZjdmMTFkNTBhM2EiIFZhcmlhYmxlTmFtZT0iRm9ybVBvc3RQYXJhbTE4Lk9UVGltZUVuZCRkZGxISCIgRGlzcGxheU5hbWU9IiIgRGVzY3JpcHRpb249IiI+DQogICAgICAgICAgPFJ1bGVQYXJhbWV0ZXJzPg0KICAgICAgICAgICAgPFJ1bGVQYXJhbWV0ZXIgTmFtZT0iU3RhcnRzV2l0aCIgVmFsdWU9Imx1ZT0mcXVvdDsiIC8+DQogICAgICAgICAgICA8UnVsZVBhcmFtZXRlciBOYW1lPSJFbmRzV2l0aCIgVmFsdWU9IiZxdW90OyZndDswMSZsdDsiIC8+DQogICAgICAgICAgICA8UnVsZVBhcmFtZXRlciBOYW1lPSJJbmRleCIgVmFsdWU9IjI0IiAvPg0KICAgICAgICAgICAgPFJ1bGVQYXJhbWV0ZXIgTmFtZT0iSWdub3JlQ2FzZSIgVmFsdWU9IkZhbHNlIiAvPg0KICAgICAgICAgICAgPFJ1bGVQYXJhbWV0ZXIgTmFtZT0iVXNlUmVndWxhckV4cHJlc3Npb24iIFZhbHVlPSJGYWxzZSIgLz4NCiAgICAgICAgICAgIDxSdWxlUGFyYW1ldGVyIE5hbWU9Ikh0bWxEZWNvZGUiIFZhbHVlPSJUcnVlIiAvPg0KICAgICAgICAgICAgPFJ1bGVQYXJhbWV0ZXIgTmFtZT0iUmVxdWlyZWQiIFZhbHVlPSJGYWxzZSIgLz4NCiAgICAgICAgICA8L1J1bGVQYXJhbWV0ZXJzPg0KICAgICAgICA8L0V4dHJhY3Rpb25SdWxlPg0KICAgICAgICA8RXh0cmFjdGlvblJ1bGUgQ2xhc3NuYW1lPSJNaWNyb3NvZnQuVmlzdWFsU3R1ZGlvLlRlc3RUb29scy5XZWJUZXN0aW5nLlJ1bGVzLkV4dHJhY3RUZXh0LCBNaWNyb3NvZnQuVmlzdWFsU3R1ZGlvLlF1YWxpdHlUb29scy5XZWJUZXN0RnJhbWV3b3JrLCBWZXJzaW9uPTEwLjAuMC4wLCBDdWx0dXJlPW5ldXRyYWwsIFB1YmxpY0tleVRva2VuPWIwM2Y1ZjdmMTFkNTBhM2EiIFZhcmlhYmxlTmFtZT0iRm9ybVBvc3RQYXJhbTE5Lk9UVGltZUVuZCRkZGxNTSIgRGlzcGxheU5hbWU9IiIgRGVzY3JpcHRpb249IiI+DQogICAgICAgICAgPFJ1bGVQYXJhbWV0ZXJzPg0KICAgICAgICAgICAgPFJ1bGVQYXJhbWV0ZXIgTmFtZT0iU3RhcnRzV2l0aCIgVmFsdWU9Imx1ZT0mcXVvdDsiIC8+DQogICAgICAgICAgICA8UnVsZVBhcmFtZXRlciBOYW1lPSJFbmRzV2l0aCIgVmFsdWU9IiZxdW90OyZndDswMCZsdDsiIC8+DQogICAgICAgICAgICA8UnVsZVBhcmFtZXRlciBOYW1lPSJJbmRleCIgVmFsdWU9IjIzIiAvPg0KICAgICAgICAgICAgPFJ1bGVQYXJhbWV0ZXIgTmFtZT0iSWdub3JlQ2FzZSIgVmFsdWU9IkZhbHNlIiAvPg0KICAgICAgICAgICAgPFJ1bGVQYXJhbWV0ZXIgTmFtZT0iVXNlUmVndWxhckV4cHJlc3Npb24iIFZhbHVlPSJGYWxzZSIgLz4NCiAgICAgICAgICAgIDxSdWxlUGFyYW1ldGVyIE5hbWU9Ikh0bWxEZWNvZGUiIFZhbHVlPSJUcnVlIiAvPg0KICAgICAgICAgICAgPFJ1bGVQYXJhbWV0ZXIgTmFtZT0iUmVxdWlyZWQiIFZhbHVlPSJGYWxzZSIgLz4NCiAgICAgICAgICA8L1J1bGVQYXJhbWV0ZXJzPg0KICAgICAgICA8L0V4dHJhY3Rpb25SdWxlPg0KICAgICAgICA8RXh0cmFjdGlvblJ1bGUgQ2xhc3NuYW1lPSJNaWNyb3NvZnQuVmlzdWFsU3R1ZGlvLlRlc3RUb29scy5XZWJUZXN0aW5nLlJ1bGVzLkV4dHJhY3RUZXh0LCBNaWNyb3NvZnQuVmlzdWFsU3R1ZGlvLlF1YWxpdHlUb29scy5XZWJUZXN0RnJhbWV3b3JrLCBWZXJzaW9uPTEwLjAuMC4wLCBDdWx0dXJlPW5ldXRyYWwsIFB1YmxpY0tleVRva2VuPWIwM2Y1ZjdmMTFkNTBhM2EiIFZhcmlhYmxlTmFtZT0iRm9ybVBvc3RQYXJhbTIwLmRkbE9UVHlwZUlEIiBEaXNwbGF5TmFtZT0iIiBEZXNjcmlwdGlvbj0iIj4NCiAgICAgICAgICA8UnVsZVBhcmFtZXRlcnM+DQogICAgICAgICAgICA8UnVsZVBhcmFtZXRlciBOYW1lPSJTdGFydHNXaXRoIiBWYWx1ZT0iJnF1b3Q7MCZxdW90OywmcXVvdDsiIC8+DQogICAgICAgICAgICA8UnVsZVBhcmFtZXRlciBOYW1lPSJFbmRzV2l0aCIgVmFsdWU9IiZxdW90OywmcXVvdDsyJnF1b3Q7IiAvPg0KICAgICAgICAgICAgPFJ1bGVQYXJhbWV0ZXIgTmFtZT0iSW5kZXgiIFZhbHVlPSIwIiAvPg0KICAgICAgICAgICAgPFJ1bGVQYXJhbWV0ZXIgTmFtZT0iSWdub3JlQ2FzZSIgVmFsdWU9IkZhbHNlIiAvPg0KICAgICAgICAgICAgPFJ1bGVQYXJhbWV0ZXIgTmFtZT0iVXNlUmVndWxhckV4cHJlc3Npb24iIFZhbHVlPSJGYWxzZSIgLz4NCiAgICAgICAgICAgIDxSdWxlUGFyYW1ldGVyIE5hbWU9Ikh0bWxEZWNvZGUiIFZhbHVlPSJUcnVlIiAvPg0KICAgICAgICAgICAgPFJ1bGVQYXJhbWV0ZXIgTmFtZT0iUmVxdWlyZWQiIFZhbHVlPSJGYWxzZSIgLz4NCiAgICAgICAgICA8L1J1bGVQYXJhbWV0ZXJzPg0KICAgICAgICA8L0V4dHJhY3Rpb25SdWxlPg0KICAgICAgPC9Db3JyZWxhdGlvbkV4dHJhY3Rpb25SdWxlcz4NCiAgICAgIDxRdWVyeVN0cmluZ1BhcmFtZXRlcnM+DQogICAgICAgIDxRdWVyeVN0cmluZ1BhcmFtZXRlciBOYW1lPSJPVENvbXBJRCIgVmFsdWU9IlNQSEJLMSIgUmVjb3JkZWRWYWx1ZT0iU1BIQksxIiBDb3JyZWxhdGlvbkJpbmRpbmc9Int7UXVlcnlTdHJpbmdQYXJhbTE3Lk9UQ29tcElEfX0iIFVybEVuY29kZT0iRmFsc2UiIFVzZVRvR3JvdXBSZXN1bHRzPSJGYWxzZSIgLz4NCiAgICAgICAgPFF1ZXJ5U3RyaW5nUGFyYW1ldGVyIE5hbWU9Ik9URW1wSUQiIFZhbHVlPSIxMDIxMTkiIFJlY29yZGVkVmFsdWU9IjEwMjExOSIgQ29ycmVsYXRpb25CaW5kaW5nPSJ7e1F1ZXJ5U3RyaW5nUGFyYW0xOC5PVEVtcElEfX0iIFVybEVuY29kZT0iRmFsc2UiIFVzZVRvR3JvdXBSZXN1bHRzPSJGYWxzZSIgLz4NCiAgICAgICAgPFF1ZXJ5U3RyaW5nUGFyYW1ldGVyIE5hbWU9Ik9UU3RhcnREYXRlIiBWYWx1ZT0iMjAxNyUyZjA1JTJmMTEiIFJlY29yZGVkVmFsdWU9IjIwMTclMmYwNSUyZjExIiBDb3JyZWxhdGlvbkJpbmRpbmc9Int7UXVlcnlTdHJpbmdQYXJhbTE5Lk9UU3RhcnREYXRlfX0iIFVybEVuY29kZT0iRmFsc2UiIFVzZVRvR3JvdXBSZXN1bHRzPSJGYWxzZSIgLz4NCiAgICAgICAgPFF1ZXJ5U3RyaW5nUGFyYW1ldGVyIE5hbWU9Ik9URW5kRGF0ZSIgVmFsdWU9IjIwMTclMmYwNSUyZjExIiBSZWNvcmRlZFZhbHVlPSIyMDE3JTJmMDUlMmYxMSIgQ29ycmVsYXRpb25CaW5kaW5nPSJ7e1F1ZXJ5U3RyaW5nUGFyYW0yMC5PVEVuZERhdGV9fSIgVXJsRW5jb2RlPSJGYWxzZSIgVXNlVG9Hcm91cFJlc3VsdHM9IkZhbHNlIiAvPg0KICAgICAgICA8UXVlcnlTdHJpbmdQYXJhbWV0ZXIgTmFtZT0iT1RTdGFydFRpbWUiIFZhbHVlPSIwMDAwIiBSZWNvcmRlZFZhbHVlPSIwMDAwIiBDb3JyZWxhdGlvbkJpbmRpbmc9Int7UXVlcnlTdHJpbmdQYXJhbTIxLk9UU3RhcnRUaW1lfX0iIFVybEVuY29kZT0iRmFsc2UiIFVzZVRvR3JvdXBSZXN1bHRzPSJGYWxzZSIgLz4NCiAgICAgICAgPFF1ZXJ5U3RyaW5nUGFyYW1ldGVyIE5hbWU9Ik9URW5kVGltZSIgVmFsdWU9IjAxMDAiIFJlY29yZGVkVmFsdWU9IjAxMDAiIENvcnJlbGF0aW9uQmluZGluZz0ie3tRdWVyeVN0cmluZ1BhcmFtMjIuT1RFbmRUaW1lfX0iIFVybEVuY29kZT0iRmFsc2UiIFVzZVRvR3JvdXBSZXN1bHRzPSJGYWxzZSIgLz4NCiAgICAgICAgPFF1ZXJ5U3RyaW5nUGFyYW1ldGVyIE5hbWU9Ik9UVHhuSUQiIFZhbHVlPSJ7e1F1ZXJ5U3RyaW5nUGFyYW0yMy5PVFR4bklEfX0iIFJlY29yZGVkVmFsdWU9IlNQSEJLMTEwMjExOTIwMTcwNTExOTUiIENvcnJlbGF0aW9uQmluZGluZz0ie3tRdWVyeVN0cmluZ1BhcmFtMjMuT1RUeG5JRH19IiBVcmxFbmNvZGU9IkZhbHNlIiBVc2VUb0dyb3VwUmVzdWx0cz0iRmFsc2UiIC8+DQogICAgICAgIDxRdWVyeVN0cmluZ1BhcmFtZXRlciBOYW1lPSJPVEZvcm1OTyIgVmFsdWU9IjIwMTcwNTExNjAxMDIxMTkiIFJlY29yZGVkVmFsdWU9IjIwMTcwNTExNjAxMDIxMTkiIENvcnJlbGF0aW9uQmluZGluZz0ie3tRdWVyeVN0cmluZ1BhcmFtMjQuT1RGb3JtTk99fSIgVXJsRW5jb2RlPSJGYWxzZSIgVXNlVG9Hcm91cFJlc3VsdHM9IkZhbHNlIiAvPg0KICAgICAgPC9RdWVyeVN0cmluZ1BhcmFtZXRlcnM+DQogICAgICA8Rm9ybVBvc3RIdHRwQm9keT4NCiAgICAgICAgPEZvcm1Qb3N0UGFyYW1ldGVyIE5hbWU9IlRvb2xraXRTY3JpcHRNYW5hZ2VyMV9IaWRkZW5GaWVsZCIgVmFsdWU9Ijs7QWpheENvbnRyb2xUb29sa2l0LCBWZXJzaW9uPTQuMS43LjYwNywgQ3VsdHVyZT1uZXV0cmFsLCBQdWJsaWNLZXlUb2tlbj0yOGYwMWIwZTg0YjZkNTNlOnpoLUhhbnQ6N2I5NWVkMWEtNmEzZi00MWRkLWJjNWItNjNmMzllZGJjNGI0OmRlMWZlYWIyOmZjZjBlOTkzOmYyYzhlNzA4OjcyMGE1MmJmOmY5Y2VjOWJjOjU4OWVhYTMwOjY5ODEyOWNmOmZiOWI0YzU3OmNjYjk2Y2Y5OjhhZDE4MTAxOmE2N2MyNzAwOjg2MTNhZWE3OjMyMDJhNWEyOmFiMDllM2ZlOjg3MTA0YjdjOmJlNmZiMjk4IiBSZWNvcmRlZFZhbHVlPSI7O0FqYXhDb250cm9sVG9vbGtpdCwgVmVyc2lvbj00LjEuNy42MDcsIEN1bHR1cmU9bmV1dHJhbCwgUHVibGljS2V5VG9rZW49MjhmMDFiMGU4NGI2ZDUzZTp6aC1IYW50OjdiOTVlZDFhLTZhM2YtNDFkZC1iYzViLTYzZjM5ZWRiYzRiNDpkZTFmZWFiMjpmY2YwZTk5MzpmMmM4ZTcwODo3MjBhNTJiZjpmOWNlYzliYzo1ODllYWEzMDo2OTgxMjljZjpmYjliNGM1NzpjY2I5NmNmOTo4YWQxODEwMTphNjdjMjcwMDo4NjEzYWVhNzozMjAyYTVhMjphYjA5ZTNmZTo4NzEwNGI3YzpiZTZmYjI5OCIgQ29ycmVsYXRpb25CaW5kaW5nPSIiIFVybEVuY29kZT0iVHJ1ZSIgLz4NCiAgICAgICAgPEZvcm1Qb3N0UGFyYW1ldGVyIE5hbWU9Il9fRVZFTlRUQVJHRVQiIFZhbHVlPSJ7eyRISURERU4xLl9fRVZFTlRUQVJHRVR9fSIgUmVjb3JkZWRWYWx1ZT0iIiBDb3JyZWxhdGlvbkJpbmRpbmc9IiIgVXJsRW5jb2RlPSJUcnVlIiAvPg0KICAgICAgICA8Rm9ybVBvc3RQYXJhbWV0ZXIgTmFtZT0iX19FVkVOVEFSR1VNRU5UIiBWYWx1ZT0ie3skSElEREVOMS5fX0VWRU5UQVJHVU1FTlR9fSIgUmVjb3JkZWRWYWx1ZT0iIiBDb3JyZWxhdGlvbkJpbmRpbmc9IiIgVXJsRW5jb2RlPSJUcnVlIiAvPg0KICAgICAgICA8Rm9ybVBvc3RQYXJhbWV0ZXIgTmFtZT0iX19MQVNURk9DVVMiIFZhbHVlPSJ7eyRISURERU4xLl9fTEFTVEZPQ1VTfX0iIFJlY29yZGVkVmFsdWU9IiIgQ29ycmVsYXRpb25CaW5kaW5nPSIiIFVybEVuY29kZT0iVHJ1ZSIgLz4NCiAgICAgICAgPEZvcm1Qb3N0UGFyYW1ldGVyIE5hbWU9Il9fVlNUQVRFIiBWYWx1ZT0ie3skSElEREVOMS5fX1ZTVEFURX19IiBSZWNvcmRlZFZhbHVlPSJBUitMQ0FBQUFBQUFCQUR0R2YxekU4Y1ZyUzFqR3djelRER2hVT2t3VFF5TkpkMkhQaXpKVm1vYlU3dGc3Q0FGTWtNeW1wTnVmYnI0ZEtmY3JXeHJNcG1TZGlnVVFrTW1JUzBoYlpwcGFOSmtTR2t6VFJ5Z2FmK0VUcWMvOU9mV3NzMVAvUlBTdDNlbkwzOGtKRVdadHRQeitMVDc5dTE3dSs5cjM5djcxTlg5b012dFNhZEhkWTBZdW1xZXdNOFVGUU5QNnlZWkViT3pSM0VwbmU1eHViZGxjN09UV0ZTUHFLTGM3ZTdrQmlKc09CUWM0TUxkUGQveWRLU0hDUkd6dVluRGJqL0JKdUZZbnVPaW1Sa2h3b2NrM2plUUZTUmZNQkxsZlprZ0wvakM0YUFZRWtJekxDdHducjcwdENqakNYTlNWRFFDLzhrc0xFSUY3Z3BSZEcxS3E2eEQ5blNtcDFKam1uUllKTmpkeWJOY0pNQ0dBaHpuYVV1UDVRdkF1YzNtNnVrQ3ZDUVJEWkpTOHRqZHlzTGoyWm8yUkcwV2tCQWI4ZXh5V0Q1V3hFWXBTUXhGazQvcGNzN1REaE5UQ3hwZzlTU254MGVPY2paQnlvb05RU1BrY1l1RVpITmZlSS9iSFlaSGRDTnZjZHFXUHFVYnMwbUZZR0RXRW9JRnR0Tk5XRnZidzBXamZHQWd3TEhNMHVLRjhxWHpETWZIV0RabTdVSWkwNkloOG92N3RyaTJiTm55S1R6MGx6NWRDRjdIa3lXVDRMd2ZDSW45ekVsc21DRERvYUNmcFgvOXpHaFJKVVVERDJtNFNBeFI3V2VtaXhsVnlZS0tVL29zMW9ZeWtZZ1l5b2JDWEZRSVluWWc2cWJFZDlYUnRGNHBNYVBpRmhqWlUrMzVUK0M4VGtDT0RzdU9KL0pxTXB2RGVYRWJ0QTRyTXpQZk1jUjhpOHUxM1NIbTRORTFkMUJTYmEzdytuam40S01MZVpXWmM5YmR5L25aWGdacldWMEMwa085UlRMajQ4SzlqeVllNkJ4Y01HT214WUNCR1pvNTFOdHJOMklMME00UlVvZ0ZBdlB6OC81NXdhOGJjb0JuV1M3d3hPUXhlMUVWM0x3cHdRNkFzS0U1MUV4ZlhnRUROUFVaNHN2cStSamcrV3lzWHVES01KUXZWbkVlYTRUUnhEd2U2clgyejltajlqak1LNmg0SVZVcVlBZHF3MDF3TE5oTURiZ1J1V0ZwVHN6aUVTd3JXaTlEZ01SUUw1MXFHV2t2WXk4bEJzWXRZM0ljSnBnRndLYWJ6eXZhVkRaYk5HRDNJTFBBNS9LQWRZQXZOWTNGWVp4VndWQ3BDemQzTDRmRjBqRWxyNUJ4dldnYy8wcTRqRGVkQ3cyeFRXTXlDV0UrVjkzTVY4Q21xYnVaU2swV1RUS2F3OW5aSnZLdzlnSGFhVGFMNWlvZURtOTZJamJQU3lvY211Y2hjRWFlc003eHBuRTRLYXFLMUdRZXc5TFRZTFJOWnBJVUlRQ1hwb3hoeXF2Slc1blE1cWpZYVBweVh6Z05CdFlmbHhaczdkRnFBWjBWYlhJK0V5dXRFcE9ZVkZjeVlUb1FHRFdLdUFxbktXZzFwYW1lN0pYUngwMDhXalFNb0h4TXo0b1V3WnA4RHdkL05xY3JXYnhtdDNseG9kSXJhaG05cUVsWXFzbmdYblpyUzhsS1d4SnRic2lmL3JKMVVJSlVTelppOW8rWS96SjVqalBISnZGNWN5cU1mSE5PQ2pSWWszZGxLN1ljR1dkcGlsU1JiRTIwaGo0L1pVallzQVRqNE9WRWN6UW5haklHQVNtYWlRMEM4cW1KdFM1UFNrU2pnNEg2ZmdPU25lZ2tlTmJHY2JwVmxMV0ppa1ZzSGJDR1hwOXVKSUtBMmdEWUVHODh3ZkdOaU9QckVXbm9UN0ExTkt0ZnhXbzh0QlBCOEdCZ0RXZ0QxQXJKTlpBcVp0M1pTZEhxdTNVNGxiTXZFYUVvMWQ1YURJczBWMFZacy96SzBaTVE2SHFxdlhVSTQ0bHdIVUtkbUtxQlA4R0JmbXE5S2tKZDNFNXdJSjc2ZnAwOTFBS3ZSYWdCVUVWckNKMTBVNDJBTmVUcWdsL0Nxa281UGlDd0ZkcjFveFhYdHMzZmNla0dmeGtNckhIZ1JDdXRqdFpVVGJSV2FrdFBpay9yQnZ3b0d2MFpLU3FxMUpFK2dlY1Vpa0lyd25aNGtGTWRmdW84MjZCVW4wclJPdlQ0bEh0SHBiSU5zMnRMNTNWRnRsTjhPeVUxQjhVb0pUU3EyNVczWFM1REpRN1Q4VFBZczk4cGVJZUxSQjh1Rk5UU1dENkRKUW9iTmMxUlZUUk4yZE5kS2Z3eGpiZ3lRRnJUU2J6Z2RuRTlDTFYwU3owOHZMdDdFSlRyeHhRNVIwYjBoUkVEaTdOakdoV2ZsSk42MEF4Z3RTS1hoYlgxSkd3Y0JuS1NoTndXcERXRkY0ajd3ZFdyVjFZdS8zQnA4Y1kvNzd5dyt0N0ZsWGN1bFQ4NSsvY3p2d0s4M1JUUHU5dmR0WHh6Y2ZXM2wrOWVPTFA2NWdzQTMrdkF1NWR1M1NwZnVMYjZ3Ym5sVzVlQkRneDVuYUZkTUVUaFZ4YVhYMzV0K2R5UFZsNTVaK1h0bHdEaGdJUGczRVlBNUNFSHNyVjgrOVdwbFU5K0RhQkREbWlIamZTUE0yZHFZNzd1SGRaK3F2dnM3bkVoVjQ5cmh5VEp0Q1doQ016dTlHeExVeVZSVllyRTNWV0M1OG5BNU9TVEFVa0NaVldWMkxibFQ4b0wxLzc2NTNaNncyQmZuZ0JvcE5WNzQyL3RRR0xDUElGRmFVcFRTL1Q2STZYcjRIZ0Z0Ky8wM2RzL1gzNzV3bE5NK2FVNzVSZmZXLzdKOWVWclB3VDVuYjU3N2FvRlgxNDhlL2ZxVytXemI1ZmYvOWpXQWFnRDNqdm9yMmVycm1WVkpUdnJUajFPRkRVOW1wc0Y1YVYwV1ZheHBTVkZWVWpwWUY4eFM1ZGpMVFdkemMzV2h2cjZtWVpCU1ptalBqSU02dTg3RkpkQVNJaUt5RzJTa29yZDNqazRIQlE0a24zZ2FiSVdJM29oUGxlbEZZczdKdElPOHE2MzZDNXFuTFhicFIyall0SEVwaFUzck1ndmU3WitPWG5BeWpwMVRjcW90Z3kyazV4aStpRUtGUEZRWDE5Y0FxdnVhZk8wYmFpNGpuVjZHNmVHMEtDMmNRbkZxUUY0OXpSTzluNjlxbXZ2M3FxT3ZmdHkzbS84dXdyMWV0elQ5NkJKV09obWVxUkRHMnZSNi8yU0N2UXlzbmUvN08zOXd0cnhIdGhZSjk1dnJoSG9RMVVsZUIrdWsvNmpzSlpXQ0pVVFpqSlpjVklRODBaUysyejduMHJSY0xxSi9kY1BycGRjeXoxS3JzMWFET3lOQ292ZU8rNm5oRVpvdWlsTE8zYnQ2WUNJZVBkNWlHSG5FTXNpbGtNc2oxZ0JzVUhFaGhBYlJtd0VzUU9JalNLT1JSeUhPQjV4QXVLQ2lBc2hMb3k0Q09JR0VCZEZQSXQ0RHZFODRvVm0wUHphSXkxNzVNMGVPeWE2NjdicFBVajNOblQvMTRINElPSkRpQThqUG9MNEFjUkhrY0FpZ1VNQ2p3UUJDVUVraEpBUVJrSUVDUU5JaUtJZ2k0SWNDdklvS0tCZ0VBVkRLQmhHd1FnS0RxQmdGSVZZRk9KUWlFY2hBWVdDS0JSQ29UQUtSVkJvQUlXaS8rM3JCNTBOYmFxemUzbHN2WFowdzduWHMwVkNZOVRydkgyYmVkcG54eWZibVRhTVQ3V2grK1ZsdHZuOWo3Z1crcjlyL2NldC8zNjcxbEVuRzIzaC9DeFkvWlRkeGRCOHpNbEZyYXFRNXFMVUswNVpucmpiN1dLOUQ5SnMrN1NGM3lORDh5bTdCWjZKbkZZN3pkRWhVYmM1MUIzZmdPMnFIM0tZbzNxWXkyYzU0VnFJYUJta1p6djExcFAwREQraVlGVnl0NDdxRXZZOFlOM2dRT1p2QXpzb2NKVGVPdG1tMjdVVGttMGY0NnNhQUxTNzdwNjlWTDU4dm56ei9QS2I1OXZLWno5Y3V2MXEyL0xyUDFpOWNiT3RmT2JPeW9zM2Vzb2YzSVMwSXJEOCt2bnlyU3ZRV3ZuOTVmTGlCMTN3WDc1NDFhNHdkcTZlZXhmS2grVTNyaS8vWW5IcEQ2OHZYNyt4cy96R1J3QmErdVFpSGJoK0EzQjMyc2dyN3o2L2N2WE8wcTJMUzdjLzdJTEIxZk9YVm4vNXM2VS92dSsyUGkzdTZuS3hMckE3MXNXN0JGZlFGWEtGWFJIWGdDdmFCdUdLWlRtd2dLNTZoWUpRTUVob24yY3ZsSVVMeDdBbWs5eHhLZ005VzRSNlM4RWFtVGlNSWNPZmdCNFdqWnpWdEVaem5uM3B3NHBaR05NSU5yQjBTamNrY3lyemRHMVNaL29VSkhER3BHak1ZaWo2YU1VZ2p5MFVjakF3VWZsWW5MUFNUR3dsUmNOWm9zemhpY2t4R2JBcjVSNzJiRTlUcFNSenlndzVxbWpTdGtQZlMwTGxPaTFtL2Fkd0J1Z1oyRFQ5VUUvbWRjMVBZL2tqRGVqOXpLYll0ZStjRWIvZ0Z6Zy85L2tmT3JXaXFtN3g3RXpiRldwS2Y3eFF3TWFvYU9LY1ZSTk53NHJuUVJBYm5qUlBmdVpKUXhiSVZBcHFLbFBYSm5GZVgzL2VyRVhZOU5RSno2aTZTR0lxbmlGeENSU2tpcVdZb3FtS2huMFpWYy9PeGd1aVJMK0x4dGpHdzZqZFRwWTk3YlhLem4xS2tVaHVyMzBWVVBvMi9hcnJhYStwcGpXOVB6bUN2by9zeW0wV2w0b0Y5MCtSbFNJVGhhaFdpcXpNTUFkclNiTmZ0VXlNU1F3eFBNc3lEei9NMU1hWS9VTk1YOStoWjVsT3BoNDZWTmZ4bThXTWZUdDhrTzJuRkE3Rm1jN240cDF6b3NIb3FRVUN5QkxZSnIzbjlNdVlqTmxYbmlPbENXbTlnRlV4UStYM0dFajNrTFZLaXdDc2dlcjQwTE8wNTFjMERSdlVub0N3L2IzZlAyT1ZYd2UvbTB4UG1yTGxBQk5hb1VqQWV5d1A2R2ZXYmRaWjZIT1NkUzNSNm8wMnlOTWJSMmVRZGZWZ1c0c2RybmFmTHIvMWR2azM3OTM5OGF2bDkxOTdxdnpSNzhwWDNsaDU1UjFMd2ErNEtocGsrTUlDdzdId3FqVGlURlpYZFNOMmdHWFpPSk9oRmFwQmsvWVljK0RJa2JHQjRYQ2NtZEUxNHB2SDlHb2t4bVIwVlFJOG5kNml4aGdPcUpnNkZMS01CRjRyRzJJcHpzem5GSUo5MXRWN2pOSDBlVU1zVkNiNERGRlNpbWFNRVlDeGhMYlc0cmxlQ2JzaDZKaVZTTTFha1hxK3NmdHNZL2VzN1RhdDNaYlhlTjBQVkV4WTB6VWNsLzRGMnhUcUFuWWlBQUE9IiBDb3JyZWxhdGlvbkJpbmRpbmc9IiIgVXJsRW5jb2RlPSJUcnVlIiAvPg0KICAgICAgICA8Rm9ybVBvc3RQYXJhbWV0ZXIgTmFtZT0iX19WSUVXU1RBVEUiIFZhbHVlPSJ7eyRISURERU4xLl9fVklFV1NUQVRFfX0iIFJlY29yZGVkVmFsdWU9IiIgQ29ycmVsYXRpb25CaW5kaW5nPSIiIFVybEVuY29kZT0iVHJ1ZSIgLz4NCiAgICAgICAgPEZvcm1Qb3N0UGFyYW1ldGVyIE5hbWU9Il9fU0NST0xMUE9TSVRJT05YIiBWYWx1ZT0ie3skSElEREVOMS5fX1NDUk9MTFBPU0lUSU9OWH19IiBSZWNvcmRlZFZhbHVlPSIwIiBDb3JyZWxhdGlvbkJpbmRpbmc9IiIgVXJsRW5jb2RlPSJUcnVlIiAvPg0KICAgICAgICA8Rm9ybVBvc3RQYXJhbWV0ZXIgTmFtZT0iX19TQ1JPTExQT1NJVElPTlkiIFZhbHVlPSJ7eyRISURERU4xLl9fU0NST0xMUE9TSVRJT05ZfX0iIFJlY29yZGVkVmFsdWU9IjAiIENvcnJlbGF0aW9uQmluZGluZz0iIiBVcmxFbmNvZGU9IlRydWUiIC8+DQogICAgICAgIDxGb3JtUG9zdFBhcmFtZXRlciBOYW1lPSJfX0VWRU5UVkFMSURBVElPTiIgVmFsdWU9Int7JEhJRERFTjEuX19FVkVOVFZBTElEQVRJT059fSIgUmVjb3JkZWRWYWx1ZT0iL3dFZEFOb0JyMVZ3OWFHQkMzcjNqSzlMeHdwbUQ2Vjc4MzFxRm85UkcwWXE4V2JmQStlaDQrZW1aNCtwK0hZZm03N0w5SjdvRC9ocHZ1WG5ON05sb04ydEQwNWFDanptbHRhVU03YUVBTitnOWNQL20xMHp6NzVQT0VjdkNrOUZwY3JTcUcvRStXS2VpWFJWakRRUnEzNllONFZ6VFhYY2RvMEtZbzlmQzFJZ3dtK1duQ3JKNFk0cytYM2k3YnBXWkpLcWxlajFsTVh5V0dpTWYvZHN0c2QremR5dElocU12WjFFeVhNQWx6MndDbXlzdzdmZlhoTmlYRHNBeFFjTEdzVmcwRGY0WnZneTc2MjZqcEtINTFja2F1S1NYNlFQQmFVZTM2VUV1V2p3eXByWTdZUW5oWG91R0JLdUFobXZYaDNlRHNxU3pEL2N1d1djMzFNMmJTb0lVZjFFcTFKRE83Y0pBR3VydGprc09TaWRCZnRWSVVWcTVKVmQ3Z2NyNmdFb0FOSFBmWkptL0hqOFVkNlRYcDFVR0ptWjd0dnB4d1ZrS1VGNnZQeGpTSVhGbi92aWs4d3E3dCtOaFQ4RFB5QVRKZ3ZGRDNLNVUrdnhvQ3hMaVVxYzduaFZVV3Rqa3Y3QmZBZWJKZ2lsRUVOcEVuTHE1Z3I4OTJuZVJhTWh1NlVwNDhPZFlQRHFMUlNYWGpnSnE2ZVJMU0Z3WkhqQzFQakErMFJXcXQ4ZGxYSGNsWFdEUVlNclM3Ty9hTmR1eExVZTd4cGhUL3l4QWVEMlUrVmpyTGtwMm1GU0lhYUNlQnc5SEZ0Q3hQUDFQeTRDRFF0S09tYTBOWmZXUWR3VktxQy9reFRLQWxRS1N3bjYwV3c3emRBWW5PT1ZEZEdITi9UcjViZ0tQNlp3Wi84TVFjRmVEc2RDSkdkZXd5azVHc0hPcTAyTHQ0VEVyR0MyOUhCeUtWUDFTMXBwMDBJQzZmLzYveU96VFpBRXhJYzAwdHJOaEZSWDFuOE9IU0tSR0gzS2g2SzFLczJ4SDhPYy80UXdibGhaYk5ZeGpiUllSNkxpRGZKdFl2SW5XWFRuQUdacEpZNHpUSmkxZzZTMTFNNEF5VlBpb2Z0eE1mMU5JOGNQQ2xLSkl2MzZobGFQaFV1azd5bkxxSkkxTlRxblZKRmJZSVpSUTFXRUFnY2xoZmpZYTNuRC9pVW1wUnFWRG1rc3o3ZUw5WS96Z0JINGdITGU4WTJaeUNwNlptdXdFclNMNmJPeG5WSjJ4N0t2YVhjVTJ2WDNTc0pMZFAvZmZ4V1RJRnRjcnREYTY3c3RyZms3NGJLTFBTaGdqd3M5S2YyL1RRTXNDRDVqWVNERWE5Mm4wYWpnMVdiRURaRHpWRy8wdy9VbnNwSW9WbWU2TUY1TDdFK0FQQlRRSENKcXpIdUIrV0cyekpKZkFWcWdwVWpNMWVGdHhIUDBlUVhhT2Y2ejAzalZnSE9WY2xiY1lKMGRaUS9mQWIyTGhOWkpqa2Z5b0NyamludlJYK2M5djdTYkFJUUQvbmQ1aDZzT1E4M1VtZmhmNmJNcHQ1NGFpbkxsTGM2U00rM2Q1akhZcm53S1RtTnhQUGFXc3ZMbWZoeDBMaHduQ1hHbEJvTHNLcGd1RHBMelFoZitsL21MMSt5ZmpVU3pxRnV4N2tIakt3WEJ6RWh4eGYwa2RaM25YclJwVlZZSkpHNUx1czRGOFdiVnRJdWtzcXdsRS93bk95Mll5aHd5TU5lc1E2NEszUzRVbWNUUm9nZHBPMUFyT2kzU3pVRVpoN3V6VnVxWWpyMWQzemtndEhqcFR6aEFvWVppVk81V1l0OTNabmh1VlhMWWdUbVBCTm03OUlzN3cxWDVUcTYwTGpzYlZ2YjhDUE5NUENCbE55R2c1dGx2aVRQbHBHZVJOc2xCS1crNExCWEU2QUU2RW9XMUxEd2x1SVY5cXo1SktQWmVKR3dZTkRhNVRWWHVwdXpFdnJWRGJsRGJ1NzFCZ2RHdlF3cStwMTFTY1lNTUxna29WMDVPWGx2b2xrdGpMU0VHcklTNlc4eVZIR2pTc2g0R091amE3eFRoU1hBVnZBcjdDSTBjQ2NZSkoreTQ1dUdLcDJ4TUhFQ3NNcWRVQlRWS1FzQW5pQzlzWkNCeUV5QWhBK2t5c1U5NkhDOElJVE1kanRRbmhwZ1JCR3prUitEczFVeVdlbmZwcS80NWloSFFuVWpSMlBhK0ZvcUpQbHVISlhZQWNMNWRpZjRyNnFRWkRHeVc3Qks5TzNMdmNiZnpqd01CZjJxeDk5VFlrSmFueGhsZG41Ukhxc2RKQlRsRlRDZUlxSmlsbE5QOVgrYUo3N3R6NW41dS84dzA2Tkx4Y2k4UTQ3dlV6Y2JZLy9vai9QZm9MQmg3OEVoL2ZyQ2lxVk5ObTNhR1N3d3BtRUN2d0VvVEVEWWdMdkNTOUd2bGxEM1ZveVFVY1BKK0l2TmJOMTMxZ1ZCRkFmYVlhV3F4VitBa0t4SjdwUlpmall0b216eWxLOUVDc2pBZFM0TzVuajR4WmliZkdtT29STGpsTGU4Wkt2eVJkaWlIdllVanR1S093UEtRT0tjWWxFRmo5ZjZoUUVWd2Q4cDRvOFlmckF0UWMySXorUEtYR3VDbVdFWXR1em9nZ0lQT3YyR2lPM3BNakdvSkxhTkFUVU9ndXk0bnBoRjdIN1NTd0tTakUrMk9EMkVuNUhQaWxaVXJEOWdrWHZHaWdlWGlFNWFZR3hjamRSK21MZENQOHZLK1NTTlJFNHNDbVl1cVlPdDRpUXBqQVA2MGt3YThhdkRkZFYwaWxSYnA2czI1REh6c2NmYUFKSkJsNGRKc0cyaWx6L1RmUWN4citMV2FqZnVreE1TZDlPbUtQd0VLajFQYjJEYjR0SHZVbWpPU3pkQ1EzdkVrZTlhbmtSNi9yckxoZjIxeFNXYjhpeWtJdUpHeCt2VTlJcU5UYjVDblFWU3cyTW1NUE9vbjdCaFpIT1JQRUREa3NEeGQraVdHNnZVK0N0STVVWkNyVFZUcXNDVlNqVWFoTlFSK3BKaDF6SDlSY3g1dTliekt1N3N1eHJWWVFOUTk3YW0vUE81cmRuVWFsbjE2SHMzR3Bld3hEa01uRW9xK0hjN3pvZWcyaTg3dGdwRHkvdi9NdVE2b0VxYndBKzlWTUQyVVJwdktJUThsSXppOFF1UDNqV2ZDQzhrU2FxYS9qYytFRUxwTm9tbmt4UGtZMkV6SFI1RnM3OTFvcmxvVkdodTBUWGhDM3lpUUMrWC9hbmZhV0RCbHduSzRMMWFCZDdySzBCa2t1TzhnYzVBVW1odVhRUU1rU1ZoSGtpSFM2bWEwc2p6MUtvL281TEExN1JhY2ZYYTduMjFnbVV3Q0tLWi91eWNuVmJOOVE3Nkh1YkQxQXF2cVlkUTcrOGZGMHBlaENQNFlDbkU4QUMzRDJZMzlVSGY4NDFtRVUvemUycFJuS1BwWkZUcE5wNWFYUGJWWjVmKzRHMEdLYTIwUXFJbGRWVkdwUERoV3B6TEVhckE1ZHZpb09lQmhZQTdZUXdhQWhtOHVsSk9NMmhSY3FMQzkrMlZuNENienBrOFRtZkkzamM4eDd4Q28wTlhhN2RHK0dUOWZlUlV5THVZeno0R2FEWHllU1NjVEhnN2tLMXM3eHl0S01VYm52ckVtNFdnZ2ZHb25OdE5MZ3lxVXZ1b2doVk51KzJtYW9UZjVlWmwwcWVTTmpJZkh2YzdoRXJZUkdxMUxqVmNPbHppS1hocWU1d0hCVDR1Y2lnUnFDNmpCbHc5aThGWW83UXoyMEJhZHNEa3NqOCtKcWZndkt0MTZJekp3c3ArN2FSTDZLVEpnREFuajd6VzdKRDRId2lyNVc4NzRmY3RqTmorenRXZU5tR05OdDlKNDA1Vy94aHlHeUNYdFp0VHFNZDRYMm9wb3lwVlZ3K1RqL0JUV2plcDJIS2NKYUVEeHIyM0Fjci9DNExoczN1cDlFUzJOSkxhUDcrWmpuWUF2S3hwZHNPcC9TNlNxekdTN2ZqL3NZODgxbFJSaTBLc1M5cFczR0FiUENUOUxZUjRnQkh6MXVDanFrWGpKdjdIOU5pdmcxbkM2OXF0U2pTYzc5UFV1bjRQcHk5SkpBK2xaeERSLzEwNkFER3FRS3U1YUErdUtXbEJyVUYxOXhUc0hmZGdZcXJLTlhzZnFtd25OYm5hOGxyUVM4QXA5SWpSTEVVaWxZTlFnQ0lTZVVmZ0NYODBnVWptUXhYcmFpR3Q2MHBPMDc0THNRTCtpeE9SeS9weEZZYWpyZk12VDBVMVdDOGNKY1JFTG9yeDAvZ0pTaisxUzRFYnpkc3RzNE5ydGs1a0dPWGxLa3R5ZXcra05xU2RqdjBVRmViZVRoQjVXaTZKVnV0UEkycWJMdVAwQ01EaEN3cnZWV2ZJc2x6UlpNaXlwT2wyczdnTWQ5MEs0SUVUOXZpcU9QZEZocENvTHRuRzRpMnVrZisyU0o2TlVFRnVwSjZxbzVJbno3SWNsUTZma2Y1akNwYTVmOTYxOWc4QnExYjVtRjdlaWE1c2xkMTBoa2dNcTV1L1VNTTlkdVh2ZlVRYnBXcElndzNmbXloRnJ5UE1XV3R3K29kQ3FNL0xuWUFKR0hZVi9ldWlWcGJHaGpMRVRHc0JhRTdJbEpCVzhsczNLdUFPNXROOGIrblNLZzQ1UWdvWjZscURVWVVqdkl3bHRiSEJhbmc3MlBNeDFVc291NTFqOHRsK3lqRGV2N3MrYWhZMlFHbUVNazdKN1JpaEN3d2NyU1NFZ21mdGxBU29GY2VIVEVKbXl2Umt5YUlxZXJ4VFE5T2pHWUdiTUhUZU9wbDg2M2xCUU9LQWVWZ05RTDNTdjJnOUVMK0IxN3RXM0VBNWJlc0FQcVNnRUpiblE4VTIyZHBlL3pncXMwSkd1NTZzV3BrZ1IyTFhIekJFWnhtNkduakppek1nTzQ4VXJwcDROZmFSZ3NRSVNMNnBxRjZiMGVpRVJUdFRSV1R3SDFpa3ludzFhdkJJTHJPQ1k1aHdNcklHTVB3ekNmOThwdXl1aVplVEZNbmthSGtpbHV4aVBydGVTeWVpNms5amQ3YmUxOW5zbTNNM28vcGVFVEZHV1g4Uis2dENJN200b3g1d1BobDZodFdWTmpnUXNEVmJ4ZkZRa1BUZGQreXo1TXNKTzBhOWxJalh1YUlUL0hyeG9lUExDMjBKTUhxZ1hIbEgwb2Urc1ducnYxSFVhOGtPbEZ5TTl2NDBQUlc4Z2cyNWpqTUVaZU9JbGZVenRoSUZVYlBxWWNvQjNSOVZuMzgrQVZuOVd4K3V0VytENk5aZWhkSGJSVGJlWFpYMDBGSStETXdCeTBTTjQ5Y0E2dDlQT1Z3MnZ4cUVMRnQrWmR4aHUxTlJ3bWNmTHpKK3lwMGhJN1ZuZFhySFpFM3doS09VaGlaYUx3UFdTR3hxdzZUR3MzVkZQb3I2cE9IWERXUGwzN3lVb1diMDdIQXNUa09tQVlqM0pvYWo0RVdmWEc5SFVjeE1sTVF4YnNsMU9NcW5GREZDY1BxbXVzZVhISVhMbkJYbVRpNW5zQVpKTGpFUXVXeGh2OHVmTHFiV3ZZYzJ3eVJPNTFhY24xc2s2M0JuZWhVUFFPc3dvUU1TVTBnV1pFMVJqcVJDekJQWjhrRlJWRFdXVU5Yc056dUVBSmhMbmR0QVBhMnNVR2dxaVBnc2t6TWY1Y2RzaTBjR0RjZ3V6NE90TEk4Wit3RXowWkIyTExGN2VqenJNZXEzOWV6T1hpQ3k5OE0xekFFSlM5L1RibUc3b3ppcVFrTm5qM0dpckNLSEZDbUJuMHBONHFuVWIxdW1oN01kV1NPeTJJMWc2Rm5KQU1oZlIwbkN5RG16K2VLL1B5UW1KVEFNZDFEbjVkdm5lY29wQVM4MHdvQXdmaU5DYk82WWtlc1hMY1Zoblg5VTE0bEJud0hkZFhSZHpsNml3TVlpNHJLVFRrOFJub1YvbUgrdjVmZHV3RDhtYVZ0dWRuRUVQQmNDQ1BFdXNoZ2pjRDdOc1lWeFNFQmNwMjdzWHA4TlpDbG96Mm82UGJGaFh2L0hDVUd4dFhvMll3dW1NRGxXa241ZjVFUWt3NitIS2hSb2JRQlVDY3hIMWplZGZ6VWt6RzRSeGxsclRVbGtlRGRiOXVsVTlaWllhTmRPL293PT0iIENvcnJlbGF0aW9uQmluZGluZz0iIiBVcmxFbmNvZGU9IlRydWUiIC8+DQogICAgICAgIDxGb3JtUG9zdFBhcmFtZXRlciBOYW1lPSJidG5UZW1wU2F2ZSIgVmFsdWU9Iuaaq+WtmCIgUmVjb3JkZWRWYWx1ZT0i5pqr5a2YIiBDb3JyZWxhdGlvbkJpbmRpbmc9Int7Rm9ybVBvc3RQYXJhbTIxLmJ0blRlbXBTYXZlfX0iIFVybEVuY29kZT0iVHJ1ZSIgLz4NCiAgICAgICAgPEZvcm1Qb3N0UGFyYW1ldGVyIE5hbWU9ImhpZEdyaWRWaWV3U3RhcnRUaW1lIiBWYWx1ZT0ie3skSElEREVOMS5oaWRHcmlkVmlld1N0YXJ0VGltZX19IiBSZWNvcmRlZFZhbHVlPSIiIENvcnJlbGF0aW9uQmluZGluZz0iIiBVcmxFbmNvZGU9IlRydWUiIC8+DQogICAgICAgIDxGb3JtUG9zdFBhcmFtZXRlciBOYW1lPSJ1Y0RhdGVTdGFydCR0eHREYXRlIiBWYWx1ZT0iMjAxNy8wNS8xMSIgUmVjb3JkZWRWYWx1ZT0iMjAxNy8wNS8xMSIgQ29ycmVsYXRpb25CaW5kaW5nPSJ7e0Zvcm1Qb3N0UGFyYW0yMi51Y0RhdGVTdGFydCR0eHREYXRlfX0iIFVybEVuY29kZT0iVHJ1ZSIgLz4NCiAgICAgICAgPEZvcm1Qb3N0UGFyYW1ldGVyIE5hbWU9InVjRGF0ZUVuZCR0eHREYXRlIiBWYWx1ZT0iMjAxNy8wNS8xMSIgUmVjb3JkZWRWYWx1ZT0iMjAxNy8wNS8xMSIgQ29ycmVsYXRpb25CaW5kaW5nPSJ7e0Zvcm1Qb3N0UGFyYW0yMy51Y0RhdGVFbmQkdHh0RGF0ZX19IiBVcmxFbmNvZGU9IlRydWUiIC8+DQogICAgICAgIDxGb3JtUG9zdFBhcmFtZXRlciBOYW1lPSJPVFRpbWVTdGFydCRkZGxISCIgVmFsdWU9IjAwIiBSZWNvcmRlZFZhbHVlPSIwMCIgQ29ycmVsYXRpb25CaW5kaW5nPSJ7e0Zvcm1Qb3N0UGFyYW0yNC5PVFRpbWVTdGFydCRkZGxISH19IiBVcmxFbmNvZGU9IlRydWUiIC8+DQogICAgICAgIDxGb3JtUG9zdFBhcmFtZXRlciBOYW1lPSJPVFRpbWVTdGFydCRkZGxNTSIgVmFsdWU9IjAwIiBSZWNvcmRlZFZhbHVlPSIwMCIgQ29ycmVsYXRpb25CaW5kaW5nPSJ7e0Zvcm1Qb3N0UGFyYW0yNS5PVFRpbWVTdGFydCRkZGxNTX19IiBVcmxFbmNvZGU9IlRydWUiIC8+DQogICAgICAgIDxGb3JtUG9zdFBhcmFtZXRlciBOYW1lPSJPVFRpbWVFbmQkZGRsSEgiIFZhbHVlPSIwMSIgUmVjb3JkZWRWYWx1ZT0iMDEiIENvcnJlbGF0aW9uQmluZGluZz0ie3tGb3JtUG9zdFBhcmFtMjYuT1RUaW1lRW5kJGRkbEhIfX0iIFVybEVuY29kZT0iVHJ1ZSIgLz4NCiAgICAgICAgPEZvcm1Qb3N0UGFyYW1ldGVyIE5hbWU9Ik9UVGltZUVuZCRkZGxNTSIgVmFsdWU9IjAwIiBSZWNvcmRlZFZhbHVlPSIwMCIgQ29ycmVsYXRpb25CaW5kaW5nPSJ7e0Zvcm1Qb3N0UGFyYW0yNy5PVFRpbWVFbmQkZGRsTU19fSIgVXJsRW5jb2RlPSJUcnVlIiAvPg0KICAgICAgICA8Rm9ybVBvc3RQYXJhbWV0ZXIgTmFtZT0iZGRsT1RUeXBlSUQiIFZhbHVlPSIxIiBSZWNvcmRlZFZhbHVlPSIxIiBDb3JyZWxhdGlvbkJpbmRpbmc9Int7Rm9ybVBvc3RQYXJhbTI4LmRkbE9UVHlwZUlEfX0iIFVybEVuY29kZT0iVHJ1ZSIgLz4NCiAgICAgICAgPEZvcm1Qb3N0UGFyYW1ldGVyIE5hbWU9InR4dE9UUmVhc29uTWVtbyR0eHREYXRhIiBWYWx1ZT0idGVzdCIgUmVjb3JkZWRWYWx1ZT0idGVzdCIgQ29ycmVsYXRpb25CaW5kaW5nPSIiIFVybEVuY29kZT0iVHJ1ZSIgLz4NCiAgICAgICAgPEZvcm1Qb3N0UGFyYW1ldGVyIE5hbWU9ImhpZEdyaWRWaWV3U2VhcmNoU3RhcnRUaW1lIiBWYWx1ZT0ie3skSElEREVOMS5oaWRHcmlkVmlld1NlYXJjaFN0YXJ0VGltZX19IiBSZWNvcmRlZFZhbHVlPSIiIENvcnJlbGF0aW9uQmluZGluZz0iIiBVcmxFbmNvZGU9IlRydWUiIC8+DQogICAgICAgIDxGb3JtUG9zdFBhcmFtZXRlciBOYW1lPSJoaWRHcmlkVmlld1NlYXJjaEVuZFRpbWUiIFZhbHVlPSJ7eyRISURERU4xLmhpZEdyaWRWaWV3U2VhcmNoRW5kVGltZX19IiBSZWNvcmRlZFZhbHVlPSIiIENvcnJlbGF0aW9uQmluZGluZz0iIiBVcmxFbmNvZGU9IlRydWUiIC8+DQogICAgICAgIDxGb3JtUG9zdFBhcmFtZXRlciBOYW1lPSJmcmFtZUF0dGFjaCIgVmFsdWU9Ii9VdGlsL0F0dGFjaEFkbWluLmFzcHg/QXR0YWNoREI9QWF0dGVuZGFudERCX0lUUkQmYW1wO0F0dGFjaElEPXRlc3QxMDIxMTliZjM3MjVkMi04YzNkLTQ3OTItYjQyMy02NjRhNTM1ZjAwMzEmYW1wO0F0dGFjaEZpbGVNYXhRdHk9MSZhbXA7QXR0YWNoRmlsZU1heEtCPTMwNzImYW1wO0F0dGFjaEZpbGVUb3RLQj0zMDcyJmFtcDtBdHRhY2hGaWxlRXh0TGlzdD0iIFJlY29yZGVkVmFsdWU9Ii9VdGlsL0F0dGFjaEFkbWluLmFzcHg/QXR0YWNoREI9QWF0dGVuZGFudERCX0lUUkQmYW1wO0F0dGFjaElEPXRlc3QxMDIxMTliZjM3MjVkMi04YzNkLTQ3OTItYjQyMy02NjRhNTM1ZjAwMzEmYW1wO0F0dGFjaEZpbGVNYXhRdHk9MSZhbXA7QXR0YWNoRmlsZU1heEtCPTMwNzImYW1wO0F0dGFjaEZpbGVUb3RLQj0zMDcyJmFtcDtBdHRhY2hGaWxlRXh0TGlzdD0iIENvcnJlbGF0aW9uQmluZGluZz0iIiBVcmxFbmNvZGU9IlRydWUiIC8+DQogICAgICAgIDxGb3JtUG9zdFBhcmFtZXRlciBOYW1lPSJ1Y01vZGFsUG9wdXAxJENsaWVudFdpZHRoIiBWYWx1ZT0ie3skSElEREVOMS51Y01vZGFsUG9wdXAxJENsaWVudFdpZHRofX0iIFJlY29yZGVkVmFsdWU9IjAiIENvcnJlbGF0aW9uQmluZGluZz0iIiBVcmxFbmNvZGU9IlRydWUiIC8+DQogICAgICAgIDxGb3JtUG9zdFBhcmFtZXRlciBOYW1lPSJ1Y01vZGFsUG9wdXAxJENsaWVudEhlaWdodCIgVmFsdWU9Int7JEhJRERFTjEudWNNb2RhbFBvcHVwMSRDbGllbnRIZWlnaHR9fSIgUmVjb3JkZWRWYWx1ZT0iMCIgQ29ycmVsYXRpb25CaW5kaW5nPSIiIFVybEVuY29kZT0iVHJ1ZSIgLz4NCiAgICAgIDwvRm9ybVBvc3RIdHRwQm9keT4NCiAgICA8L1JlcXVlc3Q+DQogICAgPFJlcXVlc3QgTWV0aG9kPSJQT1NUIiBHdWlkPSI4ZGYzZDI0Yi0yODA5LTQwYmItYmQ1YS0xOWRkNjQyNTQ5NGIiIFZlcnNpb249IjEuMSIgVXJsPSJodHRwOi8vMTAuMTEuMzYuMTE0OjgwMDcvT3ZlclRpbWUvT3ZlcnRpbWVQcmVPcmRlcl9Nb2RpZnkuYXNweCIgVGhpbmtUaW1lPSI1IiBUaW1lb3V0PSIzMDAiIFBhcnNlRGVwZW5kZW50UmVxdWVzdHM9IlRydWUiIEZvbGxvd1JlZGlyZWN0cz0iVHJ1ZSIgUmVjb3JkUmVzdWx0PSJUcnVlIiBDYWNoZT0iRmFsc2UiIFJlc3BvbnNlVGltZUdvYWw9IjAiIEVuY29kaW5nPSJ1dGYtOCIgRXhwZWN0ZWRIdHRwU3RhdHVzQ29kZT0iMCIgRXhwZWN0ZWRSZXNwb25zZVVybD0iIiBSZXBvcnRpbmdOYW1lPSIiIElnbm9yZUh0dHBTdGF0dXNDb2RlPSJGYWxzZSI+DQogICAgICA8RXh0cmFjdGlvblJ1bGVzPg0KICAgICAgICA8RXh0cmFjdGlvblJ1bGUgQ2xhc3NuYW1lPSJNaWNyb3NvZnQuVmlzdWFsU3R1ZGlvLlRlc3RUb29scy5XZWJUZXN0aW5nLlJ1bGVzLkV4dHJhY3RIaWRkZW5GaWVsZHMsIE1pY3Jvc29mdC5WaXN1YWxTdHVkaW8uUXVhbGl0eVRvb2xzLldlYlRlc3RGcmFtZXdvcmssIFZlcnNpb249MTAuMC4wLjAsIEN1bHR1cmU9bmV1dHJhbCwgUHVibGljS2V5VG9rZW49YjAzZjVmN2YxMWQ1MGEzYSIgVmFyaWFibGVOYW1lPSIxIiBEaXNwbGF5TmFtZT0i5pO35Y+W6Zqx6JeP5qyE5L2NIiBEZXNjcmlwdGlvbj0i5pO35Y+W5Zue5oeJ5Lit55qE5omA5pyJ6Zqx6JeP5qyE5L2N77yM5Lim5bCH5a6D5YCR5pS+5Zyo5ris6Kmm5YWn5a655Lit44CCIj4NCiAgICAgICAgICA8UnVsZVBhcmFtZXRlcnM+DQogICAgICAgICAgICA8UnVsZVBhcmFtZXRlciBOYW1lPSJSZXF1aXJlZCIgVmFsdWU9IlRydWUiIC8+DQogICAgICAgICAgICA8UnVsZVBhcmFtZXRlciBOYW1lPSJIdG1sRGVjb2RlIiBWYWx1ZT0iVHJ1ZSIgLz4NCiAgICAgICAgICA8L1J1bGVQYXJhbWV0ZXJzPg0KICAgICAgICA8L0V4dHJhY3Rpb25SdWxlPg0KICAgICAgICA8RXh0cmFjdGlvblJ1bGUgQ2xhc3NuYW1lPSJNaWNyb3NvZnQuVmlzdWFsU3R1ZGlvLlRlc3RUb29scy5XZWJUZXN0aW5nLlJ1bGVzLkV4dHJhY3RUZXh0LCBNaWNyb3NvZnQuVmlzdWFsU3R1ZGlvLlF1YWxpdHlUb29scy5XZWJUZXN0RnJhbWV3b3JrLCBWZXJzaW9uPTEwLjAuMC4wLCBDdWx0dXJlPW5ldXRyYWwsIFB1YmxpY0tleVRva2VuPWIwM2Y1ZjdmMTFkNTBhM2EiIFZhcmlhYmxlTmFtZT0iUXVlcnlTdHJpbmdQYXJhbTcuT1RUeG5JRCIgRGlzcGxheU5hbWU9IuaTt+WPluaWh+WtlyIgRGVzY3JpcHRpb249IuW+nuWbnuaHieS4reaTt+WPluaWh+Wtl++8jOS4puWwh+Wug+aUvuWFpea4rOippuWFp+WuueS4reOAgiI+DQogICAgICAgICAgPFJ1bGVQYXJhbWV0ZXJzPg0KICAgICAgICAgICAgPFJ1bGVQYXJhbWV0ZXIgTmFtZT0iU3RhcnRzV2l0aCIgVmFsdWU9IiZhbXA7YW1wO09UVHhuSUQ9IiAvPg0KICAgICAgICAgICAgPFJ1bGVQYXJhbWV0ZXIgTmFtZT0iRW5kc1dpdGgiIFZhbHVlPSImYW1wOyIgLz4NCiAgICAgICAgICAgIDxSdWxlUGFyYW1ldGVyIE5hbWU9IkluZGV4IiBWYWx1ZT0iMCIgLz4NCiAgICAgICAgICAgIDxSdWxlUGFyYW1ldGVyIE5hbWU9Iklnbm9yZUNhc2UiIFZhbHVlPSJGYWxzZSIgLz4NCiAgICAgICAgICAgIDxSdWxlUGFyYW1ldGVyIE5hbWU9IlVzZVJlZ3VsYXJFeHByZXNzaW9uIiBWYWx1ZT0iRmFsc2UiIC8+DQogICAgICAgICAgICA8UnVsZVBhcmFtZXRlciBOYW1lPSJIdG1sRGVjb2RlIiBWYWx1ZT0iVHJ1ZSIgLz4NCiAgICAgICAgICAgIDxSdWxlUGFyYW1ldGVyIE5hbWU9IlJlcXVpcmVkIiBWYWx1ZT0iRmFsc2UiIC8+DQogICAgICAgICAgPC9SdWxlUGFyYW1ldGVycz4NCiAgICAgICAgPC9FeHRyYWN0aW9uUnVsZT4NCiAgICAgIDwvRXh0cmFjdGlvblJ1bGVzPg0KICAgICAgPENvcnJlbGF0aW9uRXh0cmFjdGlvblJ1bGVzPg0KICAgICAgICA8RXh0cmFjdGlvblJ1bGUgQ2xhc3NuYW1lPSJNaWNyb3NvZnQuVmlzdWFsU3R1ZGlvLlRlc3RUb29scy5XZWJUZXN0aW5nLlJ1bGVzLkV4dHJhY3RUZXh0LCBNaWNyb3NvZnQuVmlzdWFsU3R1ZGlvLlF1YWxpdHlUb29scy5XZWJUZXN0RnJhbWV3b3JrLCBWZXJzaW9uPTEwLjAuMC4wLCBDdWx0dXJlPW5ldXRyYWwsIFB1YmxpY0tleVRva2VuPWIwM2Y1ZjdmMTFkNTBhM2EiIFZhcmlhYmxlTmFtZT0iUXVlcnlTdHJpbmdQYXJhbTEuT1RDb21wSUQiIERpc3BsYXlOYW1lPSIiIERlc2NyaXB0aW9uPSIiPg0KICAgICAgICAgIDxSdWxlUGFyYW1ldGVycz4NCiAgICAgICAgICAgIDxSdWxlUGFyYW1ldGVyIE5hbWU9IlN0YXJ0c1dpdGgiIFZhbHVlPSI/T1RDb21wSUQ9IiAvPg0KICAgICAgICAgICAgPFJ1bGVQYXJhbWV0ZXIgTmFtZT0iRW5kc1dpdGgiIFZhbHVlPSImYW1wOyIgLz4NCiAgICAgICAgICAgIDxSdWxlUGFyYW1ldGVyIE5hbWU9IkluZGV4IiBWYWx1ZT0iMCIgLz4NCiAgICAgICAgICAgIDxSdWxlUGFyYW1ldGVyIE5hbWU9Iklnbm9yZUNhc2UiIFZhbHVlPSJGYWxzZSIgLz4NCiAgICAgICAgICAgIDxSdWxlUGFyYW1ldGVyIE5hbWU9IlVzZVJlZ3VsYXJFeHByZXNzaW9uIiBWYWx1ZT0iRmFsc2UiIC8+DQogICAgICAgICAgICA8UnVsZVBhcmFtZXRlciBOYW1lPSJIdG1sRGVjb2RlIiBWYWx1ZT0iVHJ1ZSIgLz4NCiAgICAgICAgICAgIDxSdWxlUGFyYW1ldGVyIE5hbWU9IlJlcXVpcmVkIiBWYWx1ZT0iRmFsc2UiIC8+DQogICAgICAgICAgPC9SdWxlUGFyYW1ldGVycz4NCiAgICAgICAgPC9FeHRyYWN0aW9uUnVsZT4NCiAgICAgICAgPEV4dHJhY3Rpb25SdWxlIENsYXNzbmFtZT0iTWljcm9zb2Z0LlZpc3VhbFN0dWRpby5UZXN0VG9vbHMuV2ViVGVzdGluZy5SdWxlcy5FeHRyYWN0VGV4dCwgTWljcm9zb2Z0LlZpc3VhbFN0dWRpby5RdWFsaXR5VG9vbHMuV2ViVGVzdEZyYW1ld29yaywgVmVyc2lvbj0xMC4wLjAuMCwgQ3VsdHVyZT1uZXV0cmFsLCBQdWJsaWNLZXlUb2tlbj1iMDNmNWY3ZjExZDUwYTNhIiBWYXJpYWJsZU5hbWU9IlF1ZXJ5U3RyaW5nUGFyYW0yLk9URW1wSUQiIERpc3BsYXlOYW1lPSIiIERlc2NyaXB0aW9uPSIiPg0KICAgICAgICAgIDxSdWxlUGFyYW1ldGVycz4NCiAgICAgICAgICAgIDxSdWxlUGFyYW1ldGVyIE5hbWU9IlN0YXJ0c1dpdGgiIFZhbHVlPSImYW1wO2FtcDtPVEVtcElEPSIgLz4NCiAgICAgICAgICAgIDxSdWxlUGFyYW1ldGVyIE5hbWU9IkVuZHNXaXRoIiBWYWx1ZT0iJmFtcDsiIC8+DQogICAgICAgICAgICA8UnVsZVBhcmFtZXRlciBOYW1lPSJJbmRleCIgVmFsdWU9IjAiIC8+DQogICAgICAgICAgICA8UnVsZVBhcmFtZXRlciBOYW1lPSJJZ25vcmVDYXNlIiBWYWx1ZT0iRmFsc2UiIC8+DQogICAgICAgICAgICA8UnVsZVBhcmFtZXRlciBOYW1lPSJVc2VSZWd1bGFyRXhwcmVzc2lvbiIgVmFsdWU9IkZhbHNlIiAvPg0KICAgICAgICAgICAgPFJ1bGVQYXJhbWV0ZXIgTmFtZT0iSHRtbERlY29kZSIgVmFsdWU9IlRydWUiIC8+DQogICAgICAgICAgICA8UnVsZVBhcmFtZXRlciBOYW1lPSJSZXF1aXJlZCIgVmFsdWU9IkZhbHNlIiAvPg0KICAgICAgICAgIDwvUnVsZVBhcmFtZXRlcnM+DQogICAgICAgIDwvRXh0cmFjdGlvblJ1bGU+DQogICAgICAgIDxFeHRyYWN0aW9uUnVsZSBDbGFzc25hbWU9Ik1pY3Jvc29mdC5WaXN1YWxTdHVkaW8uVGVzdFRvb2xzLldlYlRlc3RpbmcuUnVsZXMuRXh0cmFjdFRleHQsIE1pY3Jvc29mdC5WaXN1YWxTdHVkaW8uUXVhbGl0eVRvb2xzLldlYlRlc3RGcmFtZXdvcmssIFZlcnNpb249MTAuMC4wLjAsIEN1bHR1cmU9bmV1dHJhbCwgUHVibGljS2V5VG9rZW49YjAzZjVmN2YxMWQ1MGEzYSIgVmFyaWFibGVOYW1lPSJRdWVyeVN0cmluZ1BhcmFtMy5PVFN0YXJ0RGF0ZSIgRGlzcGxheU5hbWU9IiIgRGVzY3JpcHRpb249IiI+DQogICAgICAgICAgPFJ1bGVQYXJhbWV0ZXJzPg0KICAgICAgICAgICAgPFJ1bGVQYXJhbWV0ZXIgTmFtZT0iU3RhcnRzV2l0aCIgVmFsdWU9IiZhbXA7YW1wO09UU3RhcnREYXRlPSIgLz4NCiAgICAgICAgICAgIDxSdWxlUGFyYW1ldGVyIE5hbWU9IkVuZHNXaXRoIiBWYWx1ZT0iJmFtcDsiIC8+DQogICAgICAgICAgICA8UnVsZVBhcmFtZXRlciBOYW1lPSJJbmRleCIgVmFsdWU9IjAiIC8+DQogICAgICAgICAgICA8UnVsZVBhcmFtZXRlciBOYW1lPSJJZ25vcmVDYXNlIiBWYWx1ZT0iRmFsc2UiIC8+DQogICAgICAgICAgICA8UnVsZVBhcmFtZXRlciBOYW1lPSJVc2VSZWd1bGFyRXhwcmVzc2lvbiIgVmFsdWU9IkZhbHNlIiAvPg0KICAgICAgICAgICAgPFJ1bGVQYXJhbWV0ZXIgTmFtZT0iSHRtbERlY29kZSIgVmFsdWU9IlRydWUiIC8+DQogICAgICAgICAgICA8UnVsZVBhcmFtZXRlciBOYW1lPSJSZXF1aXJlZCIgVmFsdWU9IkZhbHNlIiAvPg0KICAgICAgICAgIDwvUnVsZVBhcmFtZXRlcnM+DQogICAgICAgIDwvRXh0cmFjdGlvblJ1bGU+DQogICAgICAgIDxFeHRyYWN0aW9uUnVsZSBDbGFzc25hbWU9Ik1pY3Jvc29mdC5WaXN1YWxTdHVkaW8uVGVzdFRvb2xzLldlYlRlc3RpbmcuUnVsZXMuRXh0cmFjdFRleHQsIE1pY3Jvc29mdC5WaXN1YWxTdHVkaW8uUXVhbGl0eVRvb2xzLldlYlRlc3RGcmFtZXdvcmssIFZlcnNpb249MTAuMC4wLjAsIEN1bHR1cmU9bmV1dHJhbCwgUHVibGljS2V5VG9rZW49YjAzZjVmN2YxMWQ1MGEzYSIgVmFyaWFibGVOYW1lPSJRdWVyeVN0cmluZ1BhcmFtNC5PVEVuZERhdGUiIERpc3BsYXlOYW1lPSIiIERlc2NyaXB0aW9uPSIiPg0KICAgICAgICAgIDxSdWxlUGFyYW1ldGVycz4NCiAgICAgICAgICAgIDxSdWxlUGFyYW1ldGVyIE5hbWU9IlN0YXJ0c1dpdGgiIFZhbHVlPSImYW1wO2FtcDtPVEVuZERhdGU9IiAvPg0KICAgICAgICAgICAgPFJ1bGVQYXJhbWV0ZXIgTmFtZT0iRW5kc1dpdGgiIFZhbHVlPSImYW1wOyIgLz4NCiAgICAgICAgICAgIDxSdWxlUGFyYW1ldGVyIE5hbWU9IkluZGV4IiBWYWx1ZT0iMCIgLz4NCiAgICAgICAgICAgIDxSdWxlUGFyYW1ldGVyIE5hbWU9Iklnbm9yZUNhc2UiIFZhbHVlPSJGYWxzZSIgLz4NCiAgICAgICAgICAgIDxSdWxlUGFyYW1ldGVyIE5hbWU9IlVzZVJlZ3VsYXJFeHByZXNzaW9uIiBWYWx1ZT0iRmFsc2UiIC8+DQogICAgICAgICAgICA8UnVsZVBhcmFtZXRlciBOYW1lPSJIdG1sRGVjb2RlIiBWYWx1ZT0iVHJ1ZSIgLz4NCiAgICAgICAgICAgIDxSdWxlUGFyYW1ldGVyIE5hbWU9IlJlcXVpcmVkIiBWYWx1ZT0iRmFsc2UiIC8+DQogICAgICAgICAgPC9SdWxlUGFyYW1ldGVycz4NCiAgICAgICAgPC9FeHRyYWN0aW9uUnVsZT4NCiAgICAgICAgPEV4dHJhY3Rpb25SdWxlIENsYXNzbmFtZT0iTWljcm9zb2Z0LlZpc3VhbFN0dWRpby5UZXN0VG9vbHMuV2ViVGVzdGluZy5SdWxlcy5FeHRyYWN0VGV4dCwgTWljcm9zb2Z0LlZpc3VhbFN0dWRpby5RdWFsaXR5VG9vbHMuV2ViVGVzdEZyYW1ld29yaywgVmVyc2lvbj0xMC4wLjAuMCwgQ3VsdHVyZT1uZXV0cmFsLCBQdWJsaWNLZXlUb2tlbj1iMDNmNWY3ZjExZDUwYTNhIiBWYXJpYWJsZU5hbWU9IlF1ZXJ5U3RyaW5nUGFyYW01Lk9UU3RhcnRUaW1lIiBEaXNwbGF5TmFtZT0iIiBEZXNjcmlwdGlvbj0iIj4NCiAgICAgICAgICA8UnVsZVBhcmFtZXRlcnM+DQogICAgICAgICAgICA8UnVsZVBhcmFtZXRlciBOYW1lPSJTdGFydHNXaXRoIiBWYWx1ZT0iJmFtcDthbXA7T1RTdGFydFRpbWU9IiAvPg0KICAgICAgICAgICAgPFJ1bGVQYXJhbWV0ZXIgTmFtZT0iRW5kc1dpdGgiIFZhbHVlPSImYW1wOyIgLz4NCiAgICAgICAgICAgIDxSdWxlUGFyYW1ldGVyIE5hbWU9IkluZGV4IiBWYWx1ZT0iMCIgLz4NCiAgICAgICAgICAgIDxSdWxlUGFyYW1ldGVyIE5hbWU9Iklnbm9yZUNhc2UiIFZhbHVlPSJGYWxzZSIgLz4NCiAgICAgICAgICAgIDxSdWxlUGFyYW1ldGVyIE5hbWU9IlVzZVJlZ3VsYXJFeHByZXNzaW9uIiBWYWx1ZT0iRmFsc2UiIC8+DQogICAgICAgICAgICA8UnVsZVBhcmFtZXRlciBOYW1lPSJIdG1sRGVjb2RlIiBWYWx1ZT0iVHJ1ZSIgLz4NCiAgICAgICAgICAgIDxSdWxlUGFyYW1ldGVyIE5hbWU9IlJlcXVpcmVkIiBWYWx1ZT0iRmFsc2UiIC8+DQogICAgICAgICAgPC9SdWxlUGFyYW1ldGVycz4NCiAgICAgICAgPC9FeHRyYWN0aW9uUnVsZT4NCiAgICAgICAgPEV4dHJhY3Rpb25SdWxlIENsYXNzbmFtZT0iTWljcm9zb2Z0LlZpc3VhbFN0dWRpby5UZXN0VG9vbHMuV2ViVGVzdGluZy5SdWxlcy5FeHRyYWN0VGV4dCwgTWljcm9zb2Z0LlZpc3VhbFN0dWRpby5RdWFsaXR5VG9vbHMuV2ViVGVzdEZyYW1ld29yaywgVmVyc2lvbj0xMC4wLjAuMCwgQ3VsdHVyZT1uZXV0cmFsLCBQdWJsaWNLZXlUb2tlbj1iMDNmNWY3ZjExZDUwYTNhIiBWYXJpYWJsZU5hbWU9IlF1ZXJ5U3RyaW5nUGFyYW02Lk9URW5kVGltZSIgRGlzcGxheU5hbWU9IiIgRGVzY3JpcHRpb249IiI+DQogICAgICAgICAgPFJ1bGVQYXJhbWV0ZXJzPg0KICAgICAgICAgICAgPFJ1bGVQYXJhbWV0ZXIgTmFtZT0iU3RhcnRzV2l0aCIgVmFsdWU9IiZhbXA7YW1wO09URW5kVGltZT0iIC8+DQogICAgICAgICAgICA8UnVsZVBhcmFtZXRlciBOYW1lPSJFbmRzV2l0aCIgVmFsdWU9IiZhbXA7IiAvPg0KICAgICAgICAgICAgPFJ1bGVQYXJhbWV0ZXIgTmFtZT0iSW5kZXgiIFZhbHVlPSIwIiAvPg0KICAgICAgICAgICAgPFJ1bGVQYXJhbWV0ZXIgTmFtZT0iSWdub3JlQ2FzZSIgVmFsdWU9IkZhbHNlIiAvPg0KICAgICAgICAgICAgPFJ1bGVQYXJhbWV0ZXIgTmFtZT0iVXNlUmVndWxhckV4cHJlc3Npb24iIFZhbHVlPSJGYWxzZSIgLz4NCiAgICAgICAgICAgIDxSdWxlUGFyYW1ldGVyIE5hbWU9Ikh0bWxEZWNvZGUiIFZhbHVlPSJUcnVlIiAvPg0KICAgICAgICAgICAgPFJ1bGVQYXJhbWV0ZXIgTmFtZT0iUmVxdWlyZWQiIFZhbHVlPSJGYWxzZSIgLz4NCiAgICAgICAgICA8L1J1bGVQYXJhbWV0ZXJzPg0KICAgICAgICA8L0V4dHJhY3Rpb25SdWxlPg0KICAgICAgICA8RXh0cmFjdGlvblJ1bGUgQ2xhc3NuYW1lPSJNaWNyb3NvZnQuVmlzdWFsU3R1ZGlvLlRlc3RUb29scy5XZWJUZXN0aW5nLlJ1bGVzLkV4dHJhY3RUZXh0LCBNaWNyb3NvZnQuVmlzdWFsU3R1ZGlvLlF1YWxpdHlUb29scy5XZWJUZXN0RnJhbWV3b3JrLCBWZXJzaW9uPTEwLjAuMC4wLCBDdWx0dXJlPW5ldXRyYWwsIFB1YmxpY0tleVRva2VuPWIwM2Y1ZjdmMTFkNTBhM2EiIFZhcmlhYmxlTmFtZT0iUXVlcnlTdHJpbmdQYXJhbTguT1RGb3JtTk8iIERpc3BsYXlOYW1lPSIiIERlc2NyaXB0aW9uPSIiPg0KICAgICAgICAgIDxSdWxlUGFyYW1ldGVycz4NCiAgICAgICAgICAgIDxSdWxlUGFyYW1ldGVyIE5hbWU9IlN0YXJ0c1dpdGgiIFZhbHVlPSImYW1wO2FtcDtPVEZvcm1OTz0iIC8+DQogICAgICAgICAgICA8UnVsZVBhcmFtZXRlciBOYW1lPSJFbmRzV2l0aCIgVmFsdWU9IiZxdW90OyIgLz4NCiAgICAgICAgICAgIDxSdWxlUGFyYW1ldGVyIE5hbWU9IkluZGV4IiBWYWx1ZT0iMCIgLz4NCiAgICAgICAgICAgIDxSdWxlUGFyYW1ldGVyIE5hbWU9Iklnbm9yZUNhc2UiIFZhbHVlPSJGYWxzZSIgLz4NCiAgICAgICAgICAgIDxSdWxlUGFyYW1ldGVyIE5hbWU9IlVzZVJlZ3VsYXJFeHByZXNzaW9uIiBWYWx1ZT0iRmFsc2UiIC8+DQogICAgICAgICAgICA8UnVsZVBhcmFtZXRlciBOYW1lPSJIdG1sRGVjb2RlIiBWYWx1ZT0iVHJ1ZSIgLz4NCiAgICAgICAgICAgIDxSdWxlUGFyYW1ldGVyIE5hbWU9IlJlcXVpcmVkIiBWYWx1ZT0iRmFsc2UiIC8+DQogICAgICAgICAgPC9SdWxlUGFyYW1ldGVycz4NCiAgICAgICAgPC9FeHRyYWN0aW9uUnVsZT4NCiAgICAgICAgPEV4dHJhY3Rpb25SdWxlIENsYXNzbmFtZT0iTWljcm9zb2Z0LlZpc3VhbFN0dWRpby5UZXN0VG9vbHMuV2ViVGVzdGluZy5SdWxlcy5FeHRyYWN0Rm9ybUZpZWxkLCBNaWNyb3NvZnQuVmlzdWFsU3R1ZGlvLlF1YWxpdHlUb29scy5XZWJUZXN0RnJhbWV3b3JrLCBWZXJzaW9uPTEwLjAuMC4wLCBDdWx0dXJlPW5ldXRyYWwsIFB1YmxpY0tleVRva2VuPWIwM2Y1ZjdmMTFkNTBhM2EiIFZhcmlhYmxlTmFtZT0iRm9ybVBvc3RQYXJhbTUuYnRuRXhpdCIgRGlzcGxheU5hbWU9IiIgRGVzY3JpcHRpb249IiI+DQogICAgICAgICAgPFJ1bGVQYXJhbWV0ZXJzPg0KICAgICAgICAgICAgPFJ1bGVQYXJhbWV0ZXIgTmFtZT0iTmFtZSIgVmFsdWU9ImJ0bkV4aXQiIC8+DQogICAgICAgICAgICA8UnVsZVBhcmFtZXRlciBOYW1lPSJIdG1sRGVjb2RlIiBWYWx1ZT0iVHJ1ZSIgLz4NCiAgICAgICAgICAgIDxSdWxlUGFyYW1ldGVyIE5hbWU9IlJlcXVpcmVkIiBWYWx1ZT0iRmFsc2UiIC8+DQogICAgICAgICAgICA8UnVsZVBhcmFtZXRlciBOYW1lPSJJbmRleCIgVmFsdWU9IjAiIC8+DQogICAgICAgICAgPC9SdWxlUGFyYW1ldGVycz4NCiAgICAgICAgPC9FeHRyYWN0aW9uUnVsZT4NCiAgICAgICAgPEV4dHJhY3Rpb25SdWxlIENsYXNzbmFtZT0iTWljcm9zb2Z0LlZpc3VhbFN0dWRpby5UZXN0VG9vbHMuV2ViVGVzdGluZy5SdWxlcy5FeHRyYWN0Rm9ybUZpZWxkLCBNaWNyb3NvZnQuVmlzdWFsU3R1ZGlvLlF1YWxpdHlUb29scy5XZWJUZXN0RnJhbWV3b3JrLCBWZXJzaW9uPTEwLjAuMC4wLCBDdWx0dXJlPW5ldXRyYWwsIFB1YmxpY0tleVRva2VuPWIwM2Y1ZjdmMTFkNTBhM2EiIFZhcmlhYmxlTmFtZT0iRm9ybVBvc3RQYXJhbTYudWNEYXRlU3RhcnQkdHh0RGF0ZSIgRGlzcGxheU5hbWU9IiIgRGVzY3JpcHRpb249IiI+DQogICAgICAgICAgPFJ1bGVQYXJhbWV0ZXJzPg0KICAgICAgICAgICAgPFJ1bGVQYXJhbWV0ZXIgTmFtZT0iTmFtZSIgVmFsdWU9InVjRGF0ZVN0YXJ0X3R4dERhdGUiIC8+DQogICAgICAgICAgICA8UnVsZVBhcmFtZXRlciBOYW1lPSJIdG1sRGVjb2RlIiBWYWx1ZT0iVHJ1ZSIgLz4NCiAgICAgICAgICAgIDxSdWxlUGFyYW1ldGVyIE5hbWU9IlJlcXVpcmVkIiBWYWx1ZT0iRmFsc2UiIC8+DQogICAgICAgICAgICA8UnVsZVBhcmFtZXRlciBOYW1lPSJJbmRleCIgVmFsdWU9IjAiIC8+DQogICAgICAgICAgPC9SdWxlUGFyYW1ldGVycz4NCiAgICAgICAgPC9FeHRyYWN0aW9uUnVsZT4NCiAgICAgICAgPEV4dHJhY3Rpb25SdWxlIENsYXNzbmFtZT0iTWljcm9zb2Z0LlZpc3VhbFN0dWRpby5UZXN0VG9vbHMuV2ViVGVzdGluZy5SdWxlcy5FeHRyYWN0Rm9ybUZpZWxkLCBNaWNyb3NvZnQuVmlzdWFsU3R1ZGlvLlF1YWxpdHlUb29scy5XZWJUZXN0RnJhbWV3b3JrLCBWZXJzaW9uPTEwLjAuMC4wLCBDdWx0dXJlPW5ldXRyYWwsIFB1YmxpY0tleVRva2VuPWIwM2Y1ZjdmMTFkNTBhM2EiIFZhcmlhYmxlTmFtZT0iRm9ybVBvc3RQYXJhbTcudWNEYXRlRW5kJHR4dERhdGUiIERpc3BsYXlOYW1lPSIiIERlc2NyaXB0aW9uPSIiPg0KICAgICAgICAgIDxSdWxlUGFyYW1ldGVycz4NCiAgICAgICAgICAgIDxSdWxlUGFyYW1ldGVyIE5hbWU9Ik5hbWUiIFZhbHVlPSJ1Y0RhdGVFbmRfdHh0RGF0ZSIgLz4NCiAgICAgICAgICAgIDxSdWxlUGFyYW1ldGVyIE5hbWU9Ikh0bWxEZWNvZGUiIFZhbHVlPSJUcnVlIiAvPg0KICAgICAgICAgICAgPFJ1bGVQYXJhbWV0ZXIgTmFtZT0iUmVxdWlyZWQiIFZhbHVlPSJGYWxzZSIgLz4NCiAgICAgICAgICAgIDxSdWxlUGFyYW1ldGVyIE5hbWU9IkluZGV4IiBWYWx1ZT0iMCIgLz4NCiAgICAgICAgICA8L1J1bGVQYXJhbWV0ZXJzPg0KICAgICAgICA8L0V4dHJhY3Rpb25SdWxlPg0KICAgICAgICA8RXh0cmFjdGlvblJ1bGUgQ2xhc3NuYW1lPSJNaWNyb3NvZnQuVmlzdWFsU3R1ZGlvLlRlc3RUb29scy5XZWJUZXN0aW5nLlJ1bGVzLkV4dHJhY3RUZXh0LCBNaWNyb3NvZnQuVmlzdWFsU3R1ZGlvLlF1YWxpdHlUb29scy5XZWJUZXN0RnJhbWV3b3JrLCBWZXJzaW9uPTEwLjAuMC4wLCBDdWx0dXJlPW5ldXRyYWwsIFB1YmxpY0tleVRva2VuPWIwM2Y1ZjdmMTFkNTBhM2EiIFZhcmlhYmxlTmFtZT0iRm9ybVBvc3RQYXJhbTguT1RUaW1lU3RhcnQkZGRsSEgiIERpc3BsYXlOYW1lPSIiIERlc2NyaXB0aW9uPSIiPg0KICAgICAgICAgIDxSdWxlUGFyYW1ldGVycz4NCiAgICAgICAgICAgIDxSdWxlUGFyYW1ldGVyIE5hbWU9IlN0YXJ0c1dpdGgiIFZhbHVlPSJsdWU9JnF1b3Q7IiAvPg0KICAgICAgICAgICAgPFJ1bGVQYXJhbWV0ZXIgTmFtZT0iRW5kc1dpdGgiIFZhbHVlPSImcXVvdDsmZ3Q7MDAmbHQ7IiAvPg0KICAgICAgICAgICAgPFJ1bGVQYXJhbWV0ZXIgTmFtZT0iSW5kZXgiIFZhbHVlPSIyMyIgLz4NCiAgICAgICAgICAgIDxSdWxlUGFyYW1ldGVyIE5hbWU9Iklnbm9yZUNhc2UiIFZhbHVlPSJGYWxzZSIgLz4NCiAgICAgICAgICAgIDxSdWxlUGFyYW1ldGVyIE5hbWU9IlVzZVJlZ3VsYXJFeHByZXNzaW9uIiBWYWx1ZT0iRmFsc2UiIC8+DQogICAgICAgICAgICA8UnVsZVBhcmFtZXRlciBOYW1lPSJIdG1sRGVjb2RlIiBWYWx1ZT0iVHJ1ZSIgLz4NCiAgICAgICAgICAgIDxSdWxlUGFyYW1ldGVyIE5hbWU9IlJlcXVpcmVkIiBWYWx1ZT0iRmFsc2UiIC8+DQogICAgICAgICAgPC9SdWxlUGFyYW1ldGVycz4NCiAgICAgICAgPC9FeHRyYWN0aW9uUnVsZT4NCiAgICAgICAgPEV4dHJhY3Rpb25SdWxlIENsYXNzbmFtZT0iTWljcm9zb2Z0LlZpc3VhbFN0dWRpby5UZXN0VG9vbHMuV2ViVGVzdGluZy5SdWxlcy5FeHRyYWN0VGV4dCwgTWljcm9zb2Z0LlZpc3VhbFN0dWRpby5RdWFsaXR5VG9vbHMuV2ViVGVzdEZyYW1ld29yaywgVmVyc2lvbj0xMC4wLjAuMCwgQ3VsdHVyZT1uZXV0cmFsLCBQdWJsaWNLZXlUb2tlbj1iMDNmNWY3ZjExZDUwYTNhIiBWYXJpYWJsZU5hbWU9IkZvcm1Qb3N0UGFyYW05Lk9UVGltZVN0YXJ0JGRkbE1NIiBEaXNwbGF5TmFtZT0iIiBEZXNjcmlwdGlvbj0iIj4NCiAgICAgICAgICA8UnVsZVBhcmFtZXRlcnM+DQogICAgICAgICAgICA8UnVsZVBhcmFtZXRlciBOYW1lPSJTdGFydHNXaXRoIiBWYWx1ZT0ibHVlPSZxdW90OyIgLz4NCiAgICAgICAgICAgIDxSdWxlUGFyYW1ldGVyIE5hbWU9IkVuZHNXaXRoIiBWYWx1ZT0iJnF1b3Q7Jmd0OzAwJmx0OyIgLz4NCiAgICAgICAgICAgIDxSdWxlUGFyYW1ldGVyIE5hbWU9IkluZGV4IiBWYWx1ZT0iMjMiIC8+DQogICAgICAgICAgICA8UnVsZVBhcmFtZXRlciBOYW1lPSJJZ25vcmVDYXNlIiBWYWx1ZT0iRmFsc2UiIC8+DQogICAgICAgICAgICA8UnVsZVBhcmFtZXRlciBOYW1lPSJVc2VSZWd1bGFyRXhwcmVzc2lvbiIgVmFsdWU9IkZhbHNlIiAvPg0KICAgICAgICAgICAgPFJ1bGVQYXJhbWV0ZXIgTmFtZT0iSHRtbERlY29kZSIgVmFsdWU9IlRydWUiIC8+DQogICAgICAgICAgICA8UnVsZVBhcmFtZXRlciBOYW1lPSJSZXF1aXJlZCIgVmFsdWU9IkZhbHNlIiAvPg0KICAgICAgICAgIDwvUnVsZVBhcmFtZXRlcnM+DQogICAgICAgIDwvRXh0cmFjdGlvblJ1bGU+DQogICAgICAgIDxFeHRyYWN0aW9uUnVsZSBDbGFzc25hbWU9Ik1pY3Jvc29mdC5WaXN1YWxTdHVkaW8uVGVzdFRvb2xzLldlYlRlc3RpbmcuUnVsZXMuRXh0cmFjdFRleHQsIE1pY3Jvc29mdC5WaXN1YWxTdHVkaW8uUXVhbGl0eVRvb2xzLldlYlRlc3RGcmFtZXdvcmssIFZlcnNpb249MTAuMC4wLjAsIEN1bHR1cmU9bmV1dHJhbCwgUHVibGljS2V5VG9rZW49YjAzZjVmN2YxMWQ1MGEzYSIgVmFyaWFibGVOYW1lPSJGb3JtUG9zdFBhcmFtMTAuT1RUaW1lRW5kJGRkbEhIIiBEaXNwbGF5TmFtZT0iIiBEZXNjcmlwdGlvbj0iIj4NCiAgICAgICAgICA8UnVsZVBhcmFtZXRlcnM+DQogICAgICAgICAgICA8UnVsZVBhcmFtZXRlciBOYW1lPSJTdGFydHNXaXRoIiBWYWx1ZT0ibHVlPSZxdW90OyIgLz4NCiAgICAgICAgICAgIDxSdWxlUGFyYW1ldGVyIE5hbWU9IkVuZHNXaXRoIiBWYWx1ZT0iJnF1b3Q7Jmd0OzAxJmx0OyIgLz4NCiAgICAgICAgICAgIDxSdWxlUGFyYW1ldGVyIE5hbWU9IkluZGV4IiBWYWx1ZT0iMjQiIC8+DQogICAgICAgICAgICA8UnVsZVBhcmFtZXRlciBOYW1lPSJJZ25vcmVDYXNlIiBWYWx1ZT0iRmFsc2UiIC8+DQogICAgICAgICAgICA8UnVsZVBhcmFtZXRlciBOYW1lPSJVc2VSZWd1bGFyRXhwcmVzc2lvbiIgVmFsdWU9IkZhbHNlIiAvPg0KICAgICAgICAgICAgPFJ1bGVQYXJhbWV0ZXIgTmFtZT0iSHRtbERlY29kZSIgVmFsdWU9IlRydWUiIC8+DQogICAgICAgICAgICA8UnVsZVBhcmFtZXRlciBOYW1lPSJSZXF1aXJlZCIgVmFsdWU9IkZhbHNlIiAvPg0KICAgICAgICAgIDwvUnVsZVBhcmFtZXRlcnM+DQogICAgICAgIDwvRXh0cmFjdGlvblJ1bGU+DQogICAgICAgIDxFeHRyYWN0aW9uUnVsZSBDbGFzc25hbWU9Ik1pY3Jvc29mdC5WaXN1YWxTdHVkaW8uVGVzdFRvb2xzLldlYlRlc3RpbmcuUnVsZXMuRXh0cmFjdFRleHQsIE1pY3Jvc29mdC5WaXN1YWxTdHVkaW8uUXVhbGl0eVRvb2xzLldlYlRlc3RGcmFtZXdvcmssIFZlcnNpb249MTAuMC4wLjAsIEN1bHR1cmU9bmV1dHJhbCwgUHVibGljS2V5VG9rZW49YjAzZjVmN2YxMWQ1MGEzYSIgVmFyaWFibGVOYW1lPSJGb3JtUG9zdFBhcmFtMTEuT1RUaW1lRW5kJGRkbE1NIiBEaXNwbGF5TmFtZT0iIiBEZXNjcmlwdGlvbj0iIj4NCiAgICAgICAgICA8UnVsZVBhcmFtZXRlcnM+DQogICAgICAgICAgICA8UnVsZVBhcmFtZXRlciBOYW1lPSJTdGFydHNXaXRoIiBWYWx1ZT0ibHVlPSZxdW90OyIgLz4NCiAgICAgICAgICAgIDxSdWxlUGFyYW1ldGVyIE5hbWU9IkVuZHNXaXRoIiBWYWx1ZT0iJnF1b3Q7Jmd0OzAwJmx0OyIgLz4NCiAgICAgICAgICAgIDxSdWxlUGFyYW1ldGVyIE5hbWU9IkluZGV4IiBWYWx1ZT0iMjMiIC8+DQogICAgICAgICAgICA8UnVsZVBhcmFtZXRlciBOYW1lPSJJZ25vcmVDYXNlIiBWYWx1ZT0iRmFsc2UiIC8+DQogICAgICAgICAgICA8UnVsZVBhcmFtZXRlciBOYW1lPSJVc2VSZWd1bGFyRXhwcmVzc2lvbiIgVmFsdWU9IkZhbHNlIiAvPg0KICAgICAgICAgICAgPFJ1bGVQYXJhbWV0ZXIgTmFtZT0iSHRtbERlY29kZSIgVmFsdWU9IlRydWUiIC8+DQogICAgICAgICAgICA8UnVsZVBhcmFtZXRlciBOYW1lPSJSZXF1aXJlZCIgVmFsdWU9IkZhbHNlIiAvPg0KICAgICAgICAgIDwvUnVsZVBhcmFtZXRlcnM+DQogICAgICAgIDwvRXh0cmFjdGlvblJ1bGU+DQogICAgICAgIDxFeHRyYWN0aW9uUnVsZSBDbGFzc25hbWU9Ik1pY3Jvc29mdC5WaXN1YWxTdHVkaW8uVGVzdFRvb2xzLldlYlRlc3RpbmcuUnVsZXMuRXh0cmFjdFRleHQsIE1pY3Jvc29mdC5WaXN1YWxTdHVkaW8uUXVhbGl0eVRvb2xzLldlYlRlc3RGcmFtZXdvcmssIFZlcnNpb249MTAuMC4wLjAsIEN1bHR1cmU9bmV1dHJhbCwgUHVibGljS2V5VG9rZW49YjAzZjVmN2YxMWQ1MGEzYSIgVmFyaWFibGVOYW1lPSJGb3JtUG9zdFBhcmFtMTIuZGRsT1RUeXBlSUQiIERpc3BsYXlOYW1lPSIiIERlc2NyaXB0aW9uPSIiPg0KICAgICAgICAgIDxSdWxlUGFyYW1ldGVycz4NCiAgICAgICAgICAgIDxSdWxlUGFyYW1ldGVyIE5hbWU9IlN0YXJ0c1dpdGgiIFZhbHVlPSImcXVvdDswJnF1b3Q7LCZxdW90OyIgLz4NCiAgICAgICAgICAgIDxSdWxlUGFyYW1ldGVyIE5hbWU9IkVuZHNXaXRoIiBWYWx1ZT0iJnF1b3Q7LCZxdW90OzImcXVvdDsiIC8+DQogICAgICAgICAgICA8UnVsZVBhcmFtZXRlciBOYW1lPSJJbmRleCIgVmFsdWU9IjAiIC8+DQogICAgICAgICAgICA8UnVsZVBhcmFtZXRlciBOYW1lPSJJZ25vcmVDYXNlIiBWYWx1ZT0iRmFsc2UiIC8+DQogICAgICAgICAgICA8UnVsZVBhcmFtZXRlciBOYW1lPSJVc2VSZWd1bGFyRXhwcmVzc2lvbiIgVmFsdWU9IkZhbHNlIiAvPg0KICAgICAgICAgICAgPFJ1bGVQYXJhbWV0ZXIgTmFtZT0iSHRtbERlY29kZSIgVmFsdWU9IlRydWUiIC8+DQogICAgICAgICAgICA8UnVsZVBhcmFtZXRlciBOYW1lPSJSZXF1aXJlZCIgVmFsdWU9IkZhbHNlIiAvPg0KICAgICAgICAgIDwvUnVsZVBhcmFtZXRlcnM+DQogICAgICAgIDwvRXh0cmFjdGlvblJ1bGU+DQogICAgICA8L0NvcnJlbGF0aW9uRXh0cmFjdGlvblJ1bGVzPg0KICAgICAgPFF1ZXJ5U3RyaW5nUGFyYW1ldGVycz4NCiAgICAgICAgPFF1ZXJ5U3RyaW5nUGFyYW1ldGVyIE5hbWU9Ik9UQ29tcElEIiBWYWx1ZT0iU1BIQksxIiBSZWNvcmRlZFZhbHVlPSJTUEhCSzEiIENvcnJlbGF0aW9uQmluZGluZz0ie3tRdWVyeVN0cmluZ1BhcmFtOS5PVENvbXBJRH19IiBVcmxFbmNvZGU9IkZhbHNlIiBVc2VUb0dyb3VwUmVzdWx0cz0iRmFsc2UiIC8+DQogICAgICAgIDxRdWVyeVN0cmluZ1BhcmFtZXRlciBOYW1lPSJPVEVtcElEIiBWYWx1ZT0iMTAyMTE5IiBSZWNvcmRlZFZhbHVlPSIxMDIxMTkiIENvcnJlbGF0aW9uQmluZGluZz0ie3tRdWVyeVN0cmluZ1BhcmFtMTAuT1RFbXBJRH19IiBVcmxFbmNvZGU9IkZhbHNlIiBVc2VUb0dyb3VwUmVzdWx0cz0iRmFsc2UiIC8+DQogICAgICAgIDxRdWVyeVN0cmluZ1BhcmFtZXRlciBOYW1lPSJPVFN0YXJ0RGF0ZSIgVmFsdWU9IjIwMTclMmYwNSUyZjExIiBSZWNvcmRlZFZhbHVlPSIyMDE3JTJmMDUlMmYxMSIgQ29ycmVsYXRpb25CaW5kaW5nPSJ7e1F1ZXJ5U3RyaW5nUGFyYW0xMS5PVFN0YXJ0RGF0ZX19IiBVcmxFbmNvZGU9IkZhbHNlIiBVc2VUb0dyb3VwUmVzdWx0cz0iRmFsc2UiIC8+DQogICAgICAgIDxRdWVyeVN0cmluZ1BhcmFtZXRlciBOYW1lPSJPVEVuZERhdGUiIFZhbHVlPSIyMDE3JTJmMDUlMmYxMSIgUmVjb3JkZWRWYWx1ZT0iMjAxNyUyZjA1JTJmMTEiIENvcnJlbGF0aW9uQmluZGluZz0ie3tRdWVyeVN0cmluZ1BhcmFtMTIuT1RFbmREYXRlfX0iIFVybEVuY29kZT0iRmFsc2UiIFVzZVRvR3JvdXBSZXN1bHRzPSJGYWxzZSIgLz4NCiAgICAgICAgPFF1ZXJ5U3RyaW5nUGFyYW1ldGVyIE5hbWU9Ik9UU3RhcnRUaW1lIiBWYWx1ZT0iMDAwMCIgUmVjb3JkZWRWYWx1ZT0iMDAwMCIgQ29ycmVsYXRpb25CaW5kaW5nPSJ7e1F1ZXJ5U3RyaW5nUGFyYW0xMy5PVFN0YXJ0VGltZX19IiBVcmxFbmNvZGU9IkZhbHNlIiBVc2VUb0dyb3VwUmVzdWx0cz0iRmFsc2UiIC8+DQogICAgICAgIDxRdWVyeVN0cmluZ1BhcmFtZXRlciBOYW1lPSJPVEVuZFRpbWUiIFZhbHVlPSIwMTAwIiBSZWNvcmRlZFZhbHVlPSIwMTAwIiBDb3JyZWxhdGlvbkJpbmRpbmc9Int7UXVlcnlTdHJpbmdQYXJhbTE0Lk9URW5kVGltZX19IiBVcmxFbmNvZGU9IkZhbHNlIiBVc2VUb0dyb3VwUmVzdWx0cz0iRmFsc2UiIC8+DQogICAgICAgIDxRdWVyeVN0cmluZ1BhcmFtZXRlciBOYW1lPSJPVFR4bklEIiBWYWx1ZT0ie3tRdWVyeVN0cmluZ1BhcmFtMTUuT1RUeG5JRH19IiBSZWNvcmRlZFZhbHVlPSJTUEhCSzExMDIxMTkyMDE3MDUxMTk1IiBDb3JyZWxhdGlvbkJpbmRpbmc9Int7UXVlcnlTdHJpbmdQYXJhbTE1Lk9UVHhuSUR9fSIgVXJsRW5jb2RlPSJGYWxzZSIgVXNlVG9Hcm91cFJlc3VsdHM9IkZhbHNlIiAvPg0KICAgICAgICA8UXVlcnlTdHJpbmdQYXJhbWV0ZXIgTmFtZT0iT1RGb3JtTk8iIFZhbHVlPSIyMDE3MDUxMTYwMTAyMTE5IiBSZWNvcmRlZFZhbHVlPSIyMDE3MDUxMTYwMTAyMTE5IiBDb3JyZWxhdGlvbkJpbmRpbmc9Int7UXVlcnlTdHJpbmdQYXJhbTE2Lk9URm9ybU5PfX0iIFVybEVuY29kZT0iRmFsc2UiIFVzZVRvR3JvdXBSZXN1bHRzPSJGYWxzZSIgLz4NCiAgICAgIDwvUXVlcnlTdHJpbmdQYXJhbWV0ZXJzPg0KICAgICAgPEZvcm1Qb3N0SHR0cEJvZHk+DQogICAgICAgIDxGb3JtUG9zdFBhcmFtZXRlciBOYW1lPSJUb29sa2l0U2NyaXB0TWFuYWdlcjFfSGlkZGVuRmllbGQiIFZhbHVlPSJ7eyRISURERU4xLlRvb2xraXRTY3JpcHRNYW5hZ2VyMV9IaWRkZW5GaWVsZH19IiBSZWNvcmRlZFZhbHVlPSIiIENvcnJlbGF0aW9uQmluZGluZz0iIiBVcmxFbmNvZGU9IlRydWUiIC8+DQogICAgICAgIDxGb3JtUG9zdFBhcmFtZXRlciBOYW1lPSJfX0VWRU5UVEFSR0VUIiBWYWx1ZT0ie3skSElEREVOMS5fX0VWRU5UVEFSR0VUfX0iIFJlY29yZGVkVmFsdWU9IiIgQ29ycmVsYXRpb25CaW5kaW5nPSIiIFVybEVuY29kZT0iVHJ1ZSIgLz4NCiAgICAgICAgPEZvcm1Qb3N0UGFyYW1ldGVyIE5hbWU9Il9fRVZFTlRBUkdVTUVOVCIgVmFsdWU9Int7JEhJRERFTjEuX19FVkVOVEFSR1VNRU5UfX0iIFJlY29yZGVkVmFsdWU9IiIgQ29ycmVsYXRpb25CaW5kaW5nPSIiIFVybEVuY29kZT0iVHJ1ZSIgLz4NCiAgICAgICAgPEZvcm1Qb3N0UGFyYW1ldGVyIE5hbWU9Il9fTEFTVEZPQ1VTIiBWYWx1ZT0ie3skSElEREVOMS5fX0xBU1RGT0NVU319IiBSZWNvcmRlZFZhbHVlPSIiIENvcnJlbGF0aW9uQmluZGluZz0iIiBVcmxFbmNvZGU9IlRydWUiIC8+DQogICAgICAgIDxGb3JtUG9zdFBhcmFtZXRlciBOYW1lPSJfX1ZTVEFURSIgVmFsdWU9Int7JEhJRERFTjEuX19WU1RBVEV9fSIgUmVjb3JkZWRWYWx1ZT0iQVIrTENBQUFBQUFBQkFEdEd2MXpHOFUxMmxqK2loTm5NbzBoVFNwZG5JTGpZa24zb1E5THRrVnR4Nm5keEpHSlJNSk1ZRFFuM1ZvNmZMb1RkeWZiR29acGFDZE5tcEFTQmdJTm9hVk15VUJoUXRNeUJaTUUyaitoMCtrUC9iMldQMzdxbjBEZjdwMCtiVU9nRWROMmVobWZkdCsrZlcvM2ZlMTdlL25jMGYyZ3crbEtKc2MxMWRRMXhUaUpueW5JT3A3UkRITk1UTThkdzhWa3NzZmgzSkhPemsxalVUbXFpSmx1WnljM0dHS0RBZjhnRit6dUdYQzE1YkJoaUJtTVhTM0pPRjUwT2poWFgzSUdBRlBHdENpckp2ekYwMEJjQWFxeUtXdHFUQzNUejdnNms3SEVoQ29kRVUzczdPUlpMdVJqQXo2T2M3VW1KM0w1cVNQT1ZvN2xPUzdzNmdLOHVDbnFaa0xPWVdjTEM0K3JMYW1MNmh3Z0lUYmsybXV6Zkt5QTlXTGMxR1UxYzF6TFpGM3RNREd4cUFKV1QzeG1jdXdZWnhFa3JOZ0FOQUl1cDJpYTZhelRhMkxEdEFaVHMwS0lEMGk4WnpBdFNCNS9LTXg3VW41ZThBU0RmakVnQkdaWlZ1QmN1MnlHUnpVOVJ6bnRTSjdXOUxtNGJHSmd0ajBBQzJ3bm02QmIyOGVGdzd4djBNZXh6UExTeGRMbEN3ekhSMWcyUW5jaG1UT2lMdkpMQjdZNXRtM2I5ams4NUpjOFhRaGVKK0pGdzhRNUx4QVNCNWhUV0RkQWhpTitMMHYrRFREakJjVXM2SGhFeFFWVEY1VUJacWFRVXVRMHFDNmh6V0YxSkJVS2lZRjBJTWlGQlQ5bUI4Tk9Rbnh2RFUzNlNvZ3BCVytIa1gyVm52Y2t6bWtteU5GbTJmRkVUb21uc3pnbjdvRFdFWGwyOWdlNm1OdnVjT3l5aWRsNFpNMGRoRlJyQzd3KzJUUDg2R0pPWWVidGRmZHlYcmFYd1dwYWs0RDBTRy9CblBWd3dkNUhvenM3aHhlTmlFRVpNREJETlVaNmU2MUdaQkhhV2RQTVIzeStoWVVGNzRMZzFmU01qMmRaenZmRTlIRnJVV1hjbkNIQkRvQ3dydHJVREU5T0JnTTB0Rm5UazlaeUVjRHpXRmk5d0pWaENGK3M0QnhXVFVZVmMzaWtsKzZmczBhdGNaaVhWL0Jpb3BqSE50U0NHK0F3c0prcWNETnlvOUs4bU1aak9DT3J2WXdKSkVaNnlWUnFwTDJNdFpRSUdIY0dteWRnZ3BFSGJMTDVuS3pHMHVtQ0Ryc0htZm0rbEFlc0EzeXBhU3lPNExRQ2hrcGN1TGw3T1NJV2o4czUyWnpVQ3ZxSmI0VExaTk81a05EWk5DYlRFTDZ6bGMxOEEyeWF1cHRZWXJwZ21PTlpuSjVySWcrNkQ5Qk9zMWswVi9Gd0tKTVRzWGxlVXViUVBBK0JNL0lrUGNlYnh1R1VxTWhTazNtTVNrK0QwVGFaU1Z5RUFGeU02YU9FVjVPM01xWE9FN0dSOU9XK2NCcjJiVHd1S2F6eGFLVkFlMFZibk04bVRhdkVPRFlySzVreWJBaU02Z1ZjZ1pNVXRKTFNWRTcyOHVqakJoNHY2RHBRUHE2bFJZSkFKOS9Ed1ovT2FuSWFOK3cySnk2V2V3VTFwUlZVQ1V0VkdkekxiaTBwMGJRbDJ1cUUvT212YmNNU3BGb1pQV0w5aUxtdmsrZlljeXdTWHphbnpNZ3piNmRBdzFWNWw3ZGl5Wkd4bHlaTFpjbFdSYXRyQ3pGZHdqb1ZqSTJYRlkzeHJLaG1NQWhJVmcyc215Q2ZxbGhyOHFSb09EenNxKzNYSVZtSlRwUm5MUnk3VzBGcFRGUW9zUTNBS25wdHVoSDFBMm9kWUZPOHlTakgxeU5PYmtRa29UL0tWdEZvdjRKVmYyaEgvY0ZoWHdOb0U5UXl5UVpJQmJQbTdDUm90ZDBhblBMWkZ3MFJsRXF2RVlPUzVpb29EY3N2SHoxUmdheW4wdHVBTUJrTjFpRFVpS2tTK0tNYzZLZmFxeURVeE8wb0IrS3A3ZGZZUXpYd1VrSjFnQXBhWGVna202b0hOSkNyQ1g1UldwVnl2RTlneTdSclI4dXViWm0vN2RKMS9qTHNhM0RnYUF1cGpocXFKbElydFNhbnhhYzFIWDVrbGZ5TUZXUkY2a2lleFBNeVFTRVZZVHM4eUs0T1A3ZWZIYTRPS0hKSkhYb2k1dHhkcm15RGJHUHB2S0hJdG90dnU2VG1vQmdsaE1ZMXEvSzJ5bVdveEdFNmZnYTdEdG9GNzJqQjFFYnplYVU0a1V0aGljREdEV05jRVEwajQrb3VGLzZZUk53TVFEcVNvNllwcHJOQThTdFcyRDBJYmUrV2V2enc3dTVCVU9BZmx6TlpjMHhiSE5PeE9EZWhFb0ZMV2FrSHpRSldDM0pRckxaVElDb1l5RW9TY2xKSVN3SXZtczY5NjJlZlg3MzE2ZkxTelgvZWZXSHQvVXVyNzE0dWZmWUNJTzJrU0R0ajZyZ2lRd2lHZDNyTytacEQwdElGRXBLOWNMeE5XTkY1ckRnbEhlNHJwTXZMU0VyeWZMazlvK1hITktuWTErODF6Q0tVenBKczVCV3hPTkxYTi9UVktjV2dWb2JKbXhLVDBBTmt3ZTRIblYwcnQ1YldmbjlsL2VMWnRiZklSdmJiOE83bDI3ZExGNit2ZlhoKzVmYVZ0V3RYWWNodEQrMkZJUUsvdXJUeTh1c3I1MysyK3NxN3ErKzhCQWlIYkFUN3RnVWdEOW1RdHRLZFYyT3JuLzBXUVAwMmFMZUY5SSt6WjZ0am51N2RWUG9WclhUM09KQ2p4N0Zia2pLa0phRVF6TzUwN1VnU0l5U21LcHJPcmlJOFQvcW1wNS8wU1JJWVk4VklXN2Y5V1g3aCt0LyswazV1VUt6TElRQ050Ymh2L3IwZFNFd1pKN0VveFZTbFNLNTNFcG9HZ1NYdjlKeFp2L09ybFpjdlBzV1VYcnBiZXZIOWxkZHVyRnovS1dqN3pQcjFheFMrc25SdS9kcmJwWFB2bEQ3NHhMSVlNQjU0N3lhL3JqWk5UVlBsSng0M1pTVTVucDBEYlNTMFRFYkIxS1prUlRhTFJHdGtPWFNweVhSMnJqclVOOERVRFlKT1NRd1lCV1B0NndmRlNRZ1JFVG1wVHAxdTBMRXBROHJoZ1VpU1VTT21saCthcjlDS0ROa0czUTd5cnZYWUx1SjgxZHV6M2VOaXdjQUdqWXYwWk11NDJyNmVQR0JsblpvcXBSUkxCcnZNckd4NEljb1ZNRFU3OE1HZVZsZnJwb3JyMktDM1NXSUlkV3FibE5BUU1RRDMvdnJKN2dNVlhidS9VOUd4MjVWMXUvOWRoYm9aNTh3OWFCSVd1cFVleWREbVduUWYvSm9LZFBkbTNJY3k3dTkrWmUyNEg5cGNKKzZIR3dUYVYxR0MrM0NOOUIrRnRiVEFVVEJseE9ObEp3VXhieWExTDdiL1dJSWNGMXZZZiszZ1JzbHR2MGZKdGRMRndONklzTWk5NmtGQ2FJeWsweGxwOTk1OUhSQy8xNStIR0hZZXNTeGlPY1R5aUJVUTYwZHNBTEZCeElZUU80allNT0pZeEhHSTR4RW5JTTZQdUFEaWdvZ0xJVzRRY1dIRXM0am5FTThqWG1nR3pXODlzbjFmWnF2SGlvbk9tbTI2djBmMk5uTC8xNEY0UCtJRGlBOGlQb1Q0UWNTSGtjQWlnVU1DandRQkNYNGtCSkFRUkVJSUNZTklDQ00vaS93Yzh2UElMeUMvSC9rRHlCOUUvaER5RHlKL0dBVllGT0JRZ0VjQkFRWDhLQkJBZ1NBS2hGQmdFQVhDLyszckI1Mk5iS216ZTNrc3ZYWjB3N25YczAxQ0U4VHIzUDFiZWRvWHh5ZkxtVGFOVDlXaCsrVmxsdm45ajdnVytyOXIvY2V0LzM2NzFqRTdHOTNPZVZtdytwalZ4ZEI4ek01RmFkVkxjbEhpRmFlcEp6N29kTER1YjVQYTRBekZmeUFEemFlc0ZuZ21zbHZ0cEtLQXNzTGlVSE44QTdhamRzaG1qbXBoRGc5MXdrYUlTQTNTdFl0NDZ5bHloaCtWc1NJNVc4WTFDYnQyMGhzcXFGTXNZQWNCanBOYk5jdDB1L1pBc3UxaFBCVURnSGJYK3JuTHBTc1hTcmN1ckx4MW9iVjA3cVBsTzYrMnJyenhrN1didDFwTForK3V2bml6cC9UaExVZ3JmQ3R2WENqZHZncXQxVDllS1MxOTJBVi9wVXZYb0RKWXZmTFRQV3ZuMzRQeVllWE5HeXUvWGxyKzlJMlZHemYzbE43OEdFRExuMTBpQXpkdUF1NGVDM24xdmVkWHI5MWR2bjFwK2M1SFhUQzRkdUh5Mm05K3VmeW5ENXkwc052YjVXQWRZSGVzZzNjSURyOGo0QWc2UW81QlI3Z1Z3aFhMY21BQlhiVUtCYUZna05BQjEzNG9leGVQWXpWalprOFFHVURCWkZqVjJOUVJEQm4rRlBTd3FHZHBrNDVtWGJ1U1JGenhyRHhySHBOVmFVZi9qK0pRTTgrSWFlOXBuSnBZek92WU1MeFF5ZVkwMVV1aTdDTjE2QVBNbHRqVkw2d2hyK0FWT0MvMzVaOVkxWUtpYkhNZFNCNkJRbTFDTmJHT3BkT2FMaG14MU5QVmZYUW1UME5PcVUrTCtoeUdxcGdVTVJsZ25hWEpMcWFwMldqYWxPZngxUFFFS1p2TFJUV1pPVlgrTUo5MTdVbGFGWGhDZXp5ZngvcTRhT0FzcllsbUFIY0J1RzU2MGp6NWhTZU51V2pHRWxCVEdabzZqWFBheHZPbUVXSExVeWM0cTJpaUdWSHdyRGxrbDYwUldWVmtGWHRTaXBhZUc4cUxFdm51RzJIckQ2TjJLMWwydFZjck8rZHBXVEt6KzYycmp1TDN5VmRyVjN0VktDM0pnL0V4OUdOa1ZXNXp1RmpJTzMrQmFJcHN5cVpDVTJSNWxqbGNUWnE5Q2pVeEpqckM4Q3pMUFB3d1V4MWpEbzR3ZlgzOXp6S2RUQzEwcEtiak5Rb3A2L2I3TUR0QUtQUVBNWjNQRFhYT2l6cWpKUlpOUU42eTFHK1VueUttaVB3ZUErbjIwMVZTQXJBR1lrbjl6NUtlVjFaVnJCT3JCY0xXLzJmd3p0THk2L0FQNDhscEkwT3RiVXJORjB6d0htcHVBOHlHemRvTGZVNmlseWd0N3FFNmVicEgwRmxFTDBvc2E3SEMxUU5uU20rL1UvcmQrK3MvZjdYMHdldFBsVDcrUStucW02dXZ2RXNWL0lxanJFR0d6eTh5SEF1dmNtT0lTV3VLcGtjT3NTdzd4S1JJaGFxVHBEM0NIRHA2ZEdKd05EakV6R3FxNlZuQTVLNGp3cVEwUlFJOGpkd1NSeGdPcUJnYUZMS01CQzZTMGNYaUVMT1FsVTNzb1o4V0lveXFMZWhpdmp6Qm80dVNYREFpakFDTUpkUldqZWRhT2V3R29HT1VJelZMSS9WQ2ZmZlordTQ1eTIxYXVxblhISFR1TEp1d3FxbDRTUG9YYXkyU3lTNGpBQUE9IiBDb3JyZWxhdGlvbkJpbmRpbmc9IiIgVXJsRW5jb2RlPSJUcnVlIiAvPg0KICAgICAgICA8Rm9ybVBvc3RQYXJhbWV0ZXIgTmFtZT0iX19WSUVXU1RBVEUiIFZhbHVlPSJ7eyRISURERU4xLl9fVklFV1NUQVRFfX0iIFJlY29yZGVkVmFsdWU9IiIgQ29ycmVsYXRpb25CaW5kaW5nPSIiIFVybEVuY29kZT0iVHJ1ZSIgLz4NCiAgICAgICAgPEZvcm1Qb3N0UGFyYW1ldGVyIE5hbWU9Il9fU0NST0xMUE9TSVRJT05YIiBWYWx1ZT0ie3skSElEREVOMS5fX1NDUk9MTFBPU0lUSU9OWH19IiBSZWNvcmRlZFZhbHVlPSIwIiBDb3JyZWxhdGlvbkJpbmRpbmc9IiIgVXJsRW5jb2RlPSJUcnVlIiAvPg0KICAgICAgICA8Rm9ybVBvc3RQYXJhbWV0ZXIgTmFtZT0iX19TQ1JPTExQT1NJVElPTlkiIFZhbHVlPSJ7eyRISURERU4xLl9fU0NST0xMUE9TSVRJT05ZfX0iIFJlY29yZGVkVmFsdWU9IjAiIENvcnJlbGF0aW9uQmluZGluZz0iIiBVcmxFbmNvZGU9IlRydWUiIC8+DQogICAgICAgIDxGb3JtUG9zdFBhcmFtZXRlciBOYW1lPSJfX0VWRU5UVkFMSURBVElPTiIgVmFsdWU9Int7JEhJRERFTjEuX19FVkVOVFZBTElEQVRJT059fSIgUmVjb3JkZWRWYWx1ZT0iL3dFZEFOb0JyMVZ3OWFHQkMzcjNqSzlMeHdwbUQ2Vjc4MzFxRm85UkcwWXE4V2JmQStlaDQrZW1aNCtwK0hZZm03N0w5SjdvRC9ocHZ1WG5ON05sb04ydEQwNWFDanptbHRhVU03YUVBTitnOWNQL20xMHp6NzVQT0VjdkNrOUZwY3JTcUcvRStXS2VpWFJWakRRUnEzNllONFZ6VFhYY2RvMEtZbzlmQzFJZ3dtK1duQ3JKNFk0cytYM2k3YnBXWkpLcWxlajFsTVh5V0dpTWYvZHN0c2QremR5dElocU12WjFFeVhNQWx6MndDbXlzdzdmZlhoTmlYRHNBeFFjTEdzVmcwRGY0WnZneTc2MjZqcEtINTFja2F1S1NYNlFQQmFVZTM2VUV1V2p3eXByWTdZUW5oWG91R0JLdUFobXZYaDNlRHNxU3pEL2N1d1djMzFNMmJTb0lVZjFFcTFKRE83Y0pBR3VydGprc09TaWRCZnRWSVVWcTVKVmQ3Z2NyNmdFb0FOSFBmWkptL0hqOFVkNlRYcDFVR0ptWjd0dnB4d1ZrS1VGNnZQeGpTSVhGbi92aWs4d3E3dCtOaFQ4RFB5QVRKZ3ZGRDNLNVUrdnhvQ3hMaVVxYzduaFZVV3Rqa3Y3QmZBZWJKZ2lsRUVOcEVuTHE1Z3I4OTJuZVJhTWh1NlVwNDhPZFlQRHFMUlNYWGpnSnE2ZVJMU0Z3WkhqQzFQakErMFJXcXQ4ZGxYSGNsWFdEUVlNclM3Ty9hTmR1eExVZTd4cGhUL3l4QWVEMlUrVmpyTGtwMm1GU0lhYUNlQnc5SEZ0Q3hQUDFQeTRDRFF0S09tYTBOWmZXUWR3VktxQy9reFRLQWxRS1N3bjYwV3c3emRBWW5PT1ZEZEdITi9UcjViZ0tQNlp3Wi84TVFjRmVEc2RDSkdkZXd5azVHc0hPcTAyTHQ0VEVyR0MyOUhCeUtWUDFTMXBwMDBJQzZmLzYveU96VFpBRXhJYzAwdHJOaEZSWDFuOE9IU0tSR0gzS2g2SzFLczJ4SDhPYy80UXdibGhaYk5ZeGpiUllSNkxpRGZKdFl2SW5XWFRuQUdacEpZNHpUSmkxZzZTMTFNNEF5VlBpb2Z0eE1mMU5JOGNQQ2xLSkl2MzZobGFQaFV1azd5bkxxSkkxTlRxblZKRmJZSVpSUTFXRUFnY2xoZmpZYTNuRC9pVW1wUnFWRG1rc3o3ZUw5WS96Z0JINGdITGU4WTJaeUNwNlptdXdFclNMNmJPeG5WSjJ4N0t2YVhjVTJ2WDNTc0pMZFAvZmZ4V1RJRnRjcnREYTY3c3RyZms3NGJLTFBTaGdqd3M5S2YyL1RRTXNDRDVqWVNERWE5Mm4wYWpnMVdiRURaRHpWRy8wdy9VbnNwSW9WbWU2TUY1TDdFK0FQQlRRSENKcXpIdUIrV0cyekpKZkFWcWdwVWpNMWVGdHhIUDBlUVhhT2Y2ejAzalZnSE9WY2xiY1lKMGRaUS9mQWIyTGhOWkpqa2Z5b0NyamludlJYK2M5djdTYkFJUUQvbmQ1aDZzT1E4M1VtZmhmNmJNcHQ1NGFpbkxsTGM2U00rM2Q1akhZcm53S1RtTnhQUGFXc3ZMbWZoeDBMaHduQ1hHbEJvTHNLcGd1RHBMelFoZitsL21MMSt5ZmpVU3pxRnV4N2tIakt3WEJ6RWh4eGYwa2RaM25YclJwVlZZSkpHNUx1czRGOFdiVnRJdWtzcXdsRS93bk95Mll5aHd5TU5lc1E2NEszUzRVbWNUUm9nZHBPMUFyT2kzU3pVRVpoN3V6VnVxWWpyMWQzemtndEhqcFR6aEFvWVppVk81V1l0OTNabmh1VlhMWWdUbVBCTm03OUlzN3cxWDVUcTYwTGpzYlZ2YjhDUE5NUENCbE55R2c1dGx2aVRQbHBHZVJOc2xCS1crNExCWEU2QUU2RW9XMUxEd2x1SVY5cXo1SktQWmVKR3dZTkRhNVRWWHVwdXpFdnJWRGJsRGJ1NzFCZ2RHdlF3cStwMTFTY1lNTUxna29WMDVPWGx2b2xrdGpMU0VHcklTNlc4eVZIR2pTc2g0R091amE3eFRoU1hBVnZBcjdDSTBjQ2NZSkoreTQ1dUdLcDJ4TUhFQ3NNcWRVQlRWS1FzQW5pQzlzWkNCeUV5QWhBK2t5c1U5NkhDOElJVE1kanRRbmhwZ1JCR3prUitEczFVeVdlbmZwcS80NWloSFFuVWpSMlBhK0ZvcUpQbHVISlhZQWNMNWRpZjRyNnFRWkRHeVc3Qks5TzNMdmNiZnpqd01CZjJxeDk5VFlrSmFueGhsZG41Ukhxc2RKQlRsRlRDZUlxSmlsbE5QOVgrYUo3N3R6NW41dS84dzA2Tkx4Y2k4UTQ3dlV6Y2JZLy9vai9QZm9MQmg3OEVoL2ZyQ2lxVk5ObTNhR1N3d3BtRUN2d0VvVEVEWWdMdkNTOUd2bGxEM1ZveVFVY1BKK0l2TmJOMTMxZ1ZCRkFmYVlhV3F4VitBa0t4SjdwUlpmall0b216eWxLOUVDc2pBZFM0TzVuajR4WmliZkdtT29STGpsTGU4Wkt2eVJkaWlIdllVanR1S093UEtRT0tjWWxFRmo5ZjZoUUVWd2Q4cDRvOFlmckF0UWMySXorUEtYR3VDbVdFWXR1em9nZ0lQT3YyR2lPM3BNakdvSkxhTkFUVU9ndXk0bnBoRjdIN1NTd0tTakUrMk9EMkVuNUhQaWxaVXJEOWdrWHZHaWdlWGlFNWFZR3hjamRSK21MZENQOHZLK1NTTlJFNHNDbVl1cVlPdDRpUXBqQVA2MGt3YThhdkRkZFYwaWxSYnA2czI1REh6c2NmYUFKSkJsNGRKc0cyaWx6L1RmUWN4citMV2FqZnVreE1TZDlPbUtQd0VLajFQYjJEYjR0SHZVbWpPU3pkQ1EzdkVrZTlhbmtSNi9yckxoZjIxeFNXYjhpeWtJdUpHeCt2VTlJcU5UYjVDblFWU3cyTW1NUE9vbjdCaFpIT1JQRUREa3NEeGQraVdHNnZVK0N0STVVWkNyVFZUcXNDVlNqVWFoTlFSK3BKaDF6SDlSY3g1dTliekt1N3N1eHJWWVFOUTk3YW0vUE81cmRuVWFsbjE2SHMzR3Bld3hEa01uRW9xK0hjN3pvZWcyaTg3dGdwRHkvdi9NdVE2b0VxYndBKzlWTUQyVVJwdktJUThsSXppOFF1UDNqV2ZDQzhrU2FxYS9qYytFRUxwTm9tbmt4UGtZMkV6SFI1RnM3OTFvcmxvVkdodTBUWGhDM3lpUUMrWC9hbmZhV0RCbHduSzRMMWFCZDdySzBCa2t1TzhnYzVBVW1odVhRUU1rU1ZoSGtpSFM2bWEwc2p6MUtvL281TEExN1JhY2ZYYTduMjFnbVV3Q0tLWi91eWNuVmJOOVE3Nkh1YkQxQXF2cVlkUTcrOGZGMHBlaENQNFlDbkU4QUMzRDJZMzlVSGY4NDFtRVUvemUycFJuS1BwWkZUcE5wNWFYUGJWWjVmKzRHMEdLYTIwUXFJbGRWVkdwUERoV3B6TEVhckE1ZHZpb09lQmhZQTdZUXdhQWhtOHVsSk9NMmhSY3FMQzkrMlZuNENienBrOFRtZkkzamM4eDd4Q28wTlhhN2RHK0dUOWZlUlV5THVZeno0R2FEWHllU1NjVEhnN2tLMXM3eHl0S01VYm52ckVtNFdnZ2ZHb25OdE5MZ3lxVXZ1b2doVk51KzJtYW9UZjVlWmwwcWVTTmpJZkh2YzdoRXJZUkdxMUxqVmNPbHppS1hocWU1d0hCVDR1Y2lnUnFDNmpCbHc5aThGWW83UXoyMEJhZHNEa3NqOCtKcWZndkt0MTZJekp3c3ArN2FSTDZLVEpnREFuajd6VzdKRDRId2lyNVc4NzRmY3RqTmorenRXZU5tR05OdDlKNDA1Vy94aHlHeUNYdFp0VHFNZDRYMm9wb3lwVlZ3K1RqL0JUV2plcDJIS2NKYUVEeHIyM0Fjci9DNExoczN1cDlFUzJOSkxhUDcrWmpuWUF2S3hwZHNPcC9TNlNxekdTN2ZqL3NZODgxbFJSaTBLc1M5cFczR0FiUENUOUxZUjRnQkh6MXVDanFrWGpKdjdIOU5pdmcxbkM2OXF0U2pTYzc5UFV1bjRQcHk5SkpBK2xaeERSLzEwNkFER3FRS3U1YUErdUtXbEJyVUYxOXhUc0hmZGdZcXJLTlhzZnFtd25OYm5hOGxyUVM4QXA5SWpSTEVVaWxZTlFnQ0lTZVVmZ0NYODBnVWptUXhYcmFpR3Q2MHBPMDc0THNRTCtpeE9SeS9weEZZYWpyZk12VDBVMVdDOGNKY1JFTG9yeDAvZ0pTaisxUzRFYnpkc3RzNE5ydGs1a0dPWGxLa3R5ZXcra05xU2RqdjBVRmViZVRoQjVXaTZKVnV0UEkycWJMdVAwQ01EaEN3cnZWV2ZJc2x6UlpNaXlwT2wyczdnTWQ5MEs0SUVUOXZpcU9QZEZocENvTHRuRzRpMnVrZisyU0o2TlVFRnVwSjZxbzVJbno3SWNsUTZma2Y1akNwYTVmOTYxOWc4QnExYjVtRjdlaWE1c2xkMTBoa2dNcTV1L1VNTTlkdVh2ZlVRYnBXcElndzNmbXloRnJ5UE1XV3R3K29kQ3FNL0xuWUFKR0hZVi9ldWlWcGJHaGpMRVRHc0JhRTdJbEpCVzhsczNLdUFPNXROOGIrblNLZzQ1UWdvWjZscURVWVVqdkl3bHRiSEJhbmc3MlBNeDFVc291NTFqOHRsK3lqRGV2N3MrYWhZMlFHbUVNazdKN1JpaEN3d2NyU1NFZ21mdGxBU29GY2VIVEVKbXl2Umt5YUlxZXJ4VFE5T2pHWUdiTUhUZU9wbDg2M2xCUU9LQWVWZ05RTDNTdjJnOUVMK0IxN3RXM0VBNWJlc0FQcVNnRUpiblE4VTIyZHBlL3pncXMwSkd1NTZzV3BrZ1IyTFhIekJFWnhtNkduakppek1nTzQ4VXJwcDROZmFSZ3NRSVNMNnBxRjZiMGVpRVJUdFRSV1R3SDFpa3ludzFhdkJJTHJPQ1k1aHdNcklHTVB3ekNmOThwdXl1aVplVEZNbmthSGtpbHV4aVBydGVTeWVpNms5amQ3YmUxOW5zbTNNM28vcGVFVEZHV1g4Uis2dENJN200b3g1d1BobDZodFdWTmpnUXNEVmJ4ZkZRa1BUZGQreXo1TXNKTzBhOWxJalh1YUlUL0hyeG9lUExDMjBKTUhxZ1hIbEgwb2Urc1ducnYxSFVhOGtPbEZ5TTl2NDBQUlc4Z2cyNWpqTUVaZU9JbGZVenRoSUZVYlBxWWNvQjNSOVZuMzgrQVZuOVd4K3V0VytENk5aZWhkSGJSVGJlWFpYMDBGSStETXdCeTBTTjQ5Y0E2dDlQT1Z3MnZ4cUVMRnQrWmR4aHUxTlJ3bWNmTHpKK3lwMGhJN1ZuZFhySFpFM3doS09VaGlaYUx3UFdTR3hxdzZUR3MzVkZQb3I2cE9IWERXUGwzN3lVb1diMDdIQXNUa09tQVlqM0pvYWo0RVdmWEc5SFVjeE1sTVF4YnNsMU9NcW5GREZDY1BxbXVzZVhISVhMbkJYbVRpNW5zQVpKTGpFUXVXeGh2OHVmTHFiV3ZZYzJ3eVJPNTFhY24xc2s2M0JuZWhVUFFPc3dvUU1TVTBnV1pFMVJqcVJDekJQWjhrRlJWRFdXVU5Yc056dUVBSmhMbmR0QVBhMnNVR2dxaVBnc2t6TWY1Y2RzaTBjR0RjZ3V6NE90TEk4Wit3RXowWkIyTExGN2VqenJNZXEzOWV6T1hpQ3k5OE0xekFFSlM5L1RibUc3b3ppcVFrTm5qM0dpckNLSEZDbUJuMHBONHFuVWIxdW1oN01kV1NPeTJJMWc2Rm5KQU1oZlIwbkN5RG16K2VLL1B5UW1KVEFNZDFEbjVkdm5lY29wQVM4MHdvQXdmaU5DYk82WWtlc1hMY1Zoblg5VTE0bEJud0hkZFhSZHpsNml3TVlpNHJLVFRrOFJub1YvbUgrdjVmZHV3RDhtYVZ0dWRuRUVQQmNDQ1BFdXNoZ2pjRDdOc1lWeFNFQmNwMjdzWHA4TlpDbG96Mm82UGJGaFh2L0hDVUd4dFhvMll3dW1NRGxXa241ZjVFUWt3NitIS2hSb2JRQlVDY3hIMWplZGZ6VWt6RzRSeGxsclRVbGtlRGRiOXVsVTlaWllhTmRPL293PT0iIENvcnJlbGF0aW9uQmluZGluZz0iIiBVcmxFbmNvZGU9IlRydWUiIC8+DQogICAgICAgIDxGb3JtUG9zdFBhcmFtZXRlciBOYW1lPSJidG5UZW1wU2F2ZUludmlzaWJsZSIgVmFsdWU9Iuaaq+WtmCIgUmVjb3JkZWRWYWx1ZT0i5pqr5a2YIiBDb3JyZWxhdGlvbkJpbmRpbmc9Int7Rm9ybVBvc3RQYXJhbTEzLmJ0blRlbXBTYXZlSW52aXNpYmxlfX0iIFVybEVuY29kZT0iVHJ1ZSIgLz4NCiAgICAgICAgPEZvcm1Qb3N0UGFyYW1ldGVyIE5hbWU9ImhpZEdyaWRWaWV3U3RhcnRUaW1lIiBWYWx1ZT0ie3skSElEREVOMS5oaWRHcmlkVmlld1N0YXJ0VGltZX19IiBSZWNvcmRlZFZhbHVlPSIiIENvcnJlbGF0aW9uQmluZGluZz0iIiBVcmxFbmNvZGU9IlRydWUiIC8+DQogICAgICAgIDxGb3JtUG9zdFBhcmFtZXRlciBOYW1lPSJ1Y0RhdGVTdGFydCR0eHREYXRlIiBWYWx1ZT0iMjAxNy8wNS8xMSIgUmVjb3JkZWRWYWx1ZT0iMjAxNy8wNS8xMSIgQ29ycmVsYXRpb25CaW5kaW5nPSJ7e0Zvcm1Qb3N0UGFyYW0xNC51Y0RhdGVTdGFydCR0eHREYXRlfX0iIFVybEVuY29kZT0iVHJ1ZSIgLz4NCiAgICAgICAgPEZvcm1Qb3N0UGFyYW1ldGVyIE5hbWU9InVjRGF0ZUVuZCR0eHREYXRlIiBWYWx1ZT0iMjAxNy8wNS8xMSIgUmVjb3JkZWRWYWx1ZT0iMjAxNy8wNS8xMSIgQ29ycmVsYXRpb25CaW5kaW5nPSJ7e0Zvcm1Qb3N0UGFyYW0xNS51Y0RhdGVFbmQkdHh0RGF0ZX19IiBVcmxFbmNvZGU9IlRydWUiIC8+DQogICAgICAgIDxGb3JtUG9zdFBhcmFtZXRlciBOYW1lPSJPVFRpbWVTdGFydCRkZGxISCIgVmFsdWU9IjAwIiBSZWNvcmRlZFZhbHVlPSIwMCIgQ29ycmVsYXRpb25CaW5kaW5nPSJ7e0Zvcm1Qb3N0UGFyYW0xNi5PVFRpbWVTdGFydCRkZGxISH19IiBVcmxFbmNvZGU9IlRydWUiIC8+DQogICAgICAgIDxGb3JtUG9zdFBhcmFtZXRlciBOYW1lPSJPVFRpbWVTdGFydCRkZGxNTSIgVmFsdWU9IjAwIiBSZWNvcmRlZFZhbHVlPSIwMCIgQ29ycmVsYXRpb25CaW5kaW5nPSJ7e0Zvcm1Qb3N0UGFyYW0xNy5PVFRpbWVTdGFydCRkZGxNTX19IiBVcmxFbmNvZGU9IlRydWUiIC8+DQogICAgICAgIDxGb3JtUG9zdFBhcmFtZXRlciBOYW1lPSJPVFRpbWVFbmQkZGRsSEgiIFZhbHVlPSIwMSIgUmVjb3JkZWRWYWx1ZT0iMDEiIENvcnJlbGF0aW9uQmluZGluZz0ie3tGb3JtUG9zdFBhcmFtMTguT1RUaW1lRW5kJGRkbEhIfX0iIFVybEVuY29kZT0iVHJ1ZSIgLz4NCiAgICAgICAgPEZvcm1Qb3N0UGFyYW1ldGVyIE5hbWU9Ik9UVGltZUVuZCRkZGxNTSIgVmFsdWU9IjAwIiBSZWNvcmRlZFZhbHVlPSIwMCIgQ29ycmVsYXRpb25CaW5kaW5nPSJ7e0Zvcm1Qb3N0UGFyYW0xOS5PVFRpbWVFbmQkZGRsTU19fSIgVXJsRW5jb2RlPSJUcnVlIiAvPg0KICAgICAgICA8Rm9ybVBvc3RQYXJhbWV0ZXIgTmFtZT0iZGRsT1RUeXBlSUQiIFZhbHVlPSIxIiBSZWNvcmRlZFZhbHVlPSIxIiBDb3JyZWxhdGlvbkJpbmRpbmc9Int7Rm9ybVBvc3RQYXJhbTIwLmRkbE9UVHlwZUlEfX0iIFVybEVuY29kZT0iVHJ1ZSIgLz4NCiAgICAgICAgPEZvcm1Qb3N0UGFyYW1ldGVyIE5hbWU9InR4dE9UUmVhc29uTWVtbyR0eHREYXRhIiBWYWx1ZT0idGVzdCIgUmVjb3JkZWRWYWx1ZT0idGVzdCIgQ29ycmVsYXRpb25CaW5kaW5nPSIiIFVybEVuY29kZT0iVHJ1ZSIgLz4NCiAgICAgICAgPEZvcm1Qb3N0UGFyYW1ldGVyIE5hbWU9ImhpZEdyaWRWaWV3U2VhcmNoU3RhcnRUaW1lIiBWYWx1ZT0ie3skSElEREVOMS5oaWRHcmlkVmlld1NlYXJjaFN0YXJ0VGltZX19IiBSZWNvcmRlZFZhbHVlPSIiIENvcnJlbGF0aW9uQmluZGluZz0iIiBVcmxFbmNvZGU9IlRydWUiIC8+DQogICAgICAgIDxGb3JtUG9zdFBhcmFtZXRlciBOYW1lPSJoaWRHcmlkVmlld1NlYXJjaEVuZFRpbWUiIFZhbHVlPSJ7eyRISURERU4xLmhpZEdyaWRWaWV3U2VhcmNoRW5kVGltZX19IiBSZWNvcmRlZFZhbHVlPSIiIENvcnJlbGF0aW9uQmluZGluZz0iIiBVcmxFbmNvZGU9IlRydWUiIC8+DQogICAgICAgIDxGb3JtUG9zdFBhcmFtZXRlciBOYW1lPSJmcmFtZUF0dGFjaCIgVmFsdWU9Ii9VdGlsL0F0dGFjaEFkbWluLmFzcHg/QXR0YWNoREI9QWF0dGVuZGFudERCX0lUUkQmYW1wO0F0dGFjaElEPXRlc3QxMDIxMTliZjM3MjVkMi04YzNkLTQ3OTItYjQyMy02NjRhNTM1ZjAwMzEmYW1wO0F0dGFjaEZpbGVNYXhRdHk9MSZhbXA7QXR0YWNoRmlsZU1heEtCPTMwNzImYW1wO0F0dGFjaEZpbGVUb3RLQj0zMDcyJmFtcDtBdHRhY2hGaWxlRXh0TGlzdD0iIFJlY29yZGVkVmFsdWU9Ii9VdGlsL0F0dGFjaEFkbWluLmFzcHg/QXR0YWNoREI9QWF0dGVuZGFudERCX0lUUkQmYW1wO0F0dGFjaElEPXRlc3QxMDIxMTliZjM3MjVkMi04YzNkLTQ3OTItYjQyMy02NjRhNTM1ZjAwMzEmYW1wO0F0dGFjaEZpbGVNYXhRdHk9MSZhbXA7QXR0YWNoRmlsZU1heEtCPTMwNzImYW1wO0F0dGFjaEZpbGVUb3RLQj0zMDcyJmFtcDtBdHRhY2hGaWxlRXh0TGlzdD0iIENvcnJlbGF0aW9uQmluZGluZz0iIiBVcmxFbmNvZGU9IlRydWUiIC8+DQogICAgICAgIDxGb3JtUG9zdFBhcmFtZXRlciBOYW1lPSJ1Y01vZGFsUG9wdXAxJENsaWVudFdpZHRoIiBWYWx1ZT0ie3skSElEREVOMS51Y01vZGFsUG9wdXAxJENsaWVudFdpZHRofX0iIFJlY29yZGVkVmFsdWU9IjAiIENvcnJlbGF0aW9uQmluZGluZz0iIiBVcmxFbmNvZGU9IlRydWUiIC8+DQogICAgICAgIDxGb3JtUG9zdFBhcmFtZXRlciBOYW1lPSJ1Y01vZGFsUG9wdXAxJENsaWVudEhlaWdodCIgVmFsdWU9Int7JEhJRERFTjEudWNNb2RhbFBvcHVwMSRDbGllbnRIZWlnaHR9fSIgUmVjb3JkZWRWYWx1ZT0iMCIgQ29ycmVsYXRpb25CaW5kaW5nPSIiIFVybEVuY29kZT0iVHJ1ZSIgLz4NCiAgICAgIDwvRm9ybVBvc3RIdHRwQm9keT4NCiAgICA8L1JlcXVlc3Q+DQogICAgPFJlcXVlc3QgTWV0aG9kPSJQT1NUIiBHdWlkPSJkY2YxZmM5OC1lY2RkLTRjZTMtYWQwNy1hYmRmZWZiMTAyNmMiIFZlcnNpb249IjEuMSIgVXJsPSJodHRwOi8vMTAuMTEuMzYuMTE0OjgwMDcvT3ZlclRpbWUvT3ZlcnRpbWVQcmVPcmRlcl9Nb2RpZnkuYXNweCIgVGhpbmtUaW1lPSI0IiBUaW1lb3V0PSIzMDAiIFBhcnNlRGVwZW5kZW50UmVxdWVzdHM9IlRydWUiIEZvbGxvd1JlZGlyZWN0cz0iVHJ1ZSIgUmVjb3JkUmVzdWx0PSJUcnVlIiBDYWNoZT0iRmFsc2UiIFJlc3BvbnNlVGltZUdvYWw9IjAiIEVuY29kaW5nPSJ1dGYtOCIgRXhwZWN0ZWRIdHRwU3RhdHVzQ29kZT0iMCIgRXhwZWN0ZWRSZXNwb25zZVVybD0iaHR0cDovLzEwLjExLjM2LjExNDo4MDA3L092ZXJUaW1lL092ZXJ0aW1lUHJlT3JkZXIuYXNweCIgUmVwb3J0aW5nTmFtZT0iIiBJZ25vcmVIdHRwU3RhdHVzQ29kZT0iRmFsc2UiPg0KICAgICAgPEV4dHJhY3Rpb25SdWxlcz4NCiAgICAgICAgPEV4dHJhY3Rpb25SdWxlIENsYXNzbmFtZT0iTWljcm9zb2Z0LlZpc3VhbFN0dWRpby5UZXN0VG9vbHMuV2ViVGVzdGluZy5SdWxlcy5FeHRyYWN0SGlkZGVuRmllbGRzLCBNaWNyb3NvZnQuVmlzdWFsU3R1ZGlvLlF1YWxpdHlUb29scy5XZWJUZXN0RnJhbWV3b3JrLCBWZXJzaW9uPTEwLjAuMC4wLCBDdWx0dXJlPW5ldXRyYWwsIFB1YmxpY0tleVRva2VuPWIwM2Y1ZjdmMTFkNTBhM2EiIFZhcmlhYmxlTmFtZT0iMSIgRGlzcGxheU5hbWU9IuaTt+WPlumaseiXj+ashOS9jSIgRGVzY3JpcHRpb249IuaTt+WPluWbnuaHieS4reeahOaJgOaciemaseiXj+ashOS9je+8jOS4puWwh+Wug+WAkeaUvuWcqOa4rOippuWFp+WuueS4reOAgiI+DQogICAgICAgICAgPFJ1bGVQYXJhbWV0ZXJzPg0KICAgICAgICAgICAgPFJ1bGVQYXJhbWV0ZXIgTmFtZT0iUmVxdWlyZWQiIFZhbHVlPSJUcnVlIiAvPg0KICAgICAgICAgICAgPFJ1bGVQYXJhbWV0ZXIgTmFtZT0iSHRtbERlY29kZSIgVmFsdWU9IlRydWUiIC8+DQogICAgICAgICAgPC9SdWxlUGFyYW1ldGVycz4NCiAgICAgICAgPC9FeHRyYWN0aW9uUnVsZT4NCiAgICAgIDwvRXh0cmFjdGlvblJ1bGVzPg0KICAgICAgPENvcnJlbGF0aW9uRXh0cmFjdGlvblJ1bGVzPg0KICAgICAgICA8RXh0cmFjdGlvblJ1bGUgQ2xhc3NuYW1lPSJNaWNyb3NvZnQuVmlzdWFsU3R1ZGlvLlRlc3RUb29scy5XZWJUZXN0aW5nLlJ1bGVzLkV4dHJhY3RGb3JtRmllbGQsIE1pY3Jvc29mdC5WaXN1YWxTdHVkaW8uUXVhbGl0eVRvb2xzLldlYlRlc3RGcmFtZXdvcmssIFZlcnNpb249MTAuMC4wLjAsIEN1bHR1cmU9bmV1dHJhbCwgUHVibGljS2V5VG9rZW49YjAzZjVmN2YxMWQ1MGEzYSIgVmFyaWFibGVOYW1lPSJGb3JtUG9zdFBhcmFtMS5idG5RdWVyeSIgRGlzcGxheU5hbWU9IiIgRGVzY3JpcHRpb249IiI+DQogICAgICAgICAgPFJ1bGVQYXJhbWV0ZXJzPg0KICAgICAgICAgICAgPFJ1bGVQYXJhbWV0ZXIgTmFtZT0iTmFtZSIgVmFsdWU9ImJ0blF1ZXJ5IiAvPg0KICAgICAgICAgICAgPFJ1bGVQYXJhbWV0ZXIgTmFtZT0iSHRtbERlY29kZSIgVmFsdWU9IlRydWUiIC8+DQogICAgICAgICAgICA8UnVsZVBhcmFtZXRlciBOYW1lPSJSZXF1aXJlZCIgVmFsdWU9IkZhbHNlIiAvPg0KICAgICAgICAgICAgPFJ1bGVQYXJhbWV0ZXIgTmFtZT0iSW5kZXgiIFZhbHVlPSIwIiAvPg0KICAgICAgICAgIDwvUnVsZVBhcmFtZXRlcnM+DQogICAgICAgIDwvRXh0cmFjdGlvblJ1bGU+DQogICAgICAgIDxFeHRyYWN0aW9uUnVsZSBDbGFzc25hbWU9Ik1pY3Jvc29mdC5WaXN1YWxTdHVkaW8uVGVzdFRvb2xzLldlYlRlc3RpbmcuUnVsZXMuRXh0cmFjdEZvcm1GaWVsZCwgTWljcm9zb2Z0LlZpc3VhbFN0dWRpby5RdWFsaXR5VG9vbHMuV2ViVGVzdEZyYW1ld29yaywgVmVyc2lvbj0xMC4wLjAuMCwgQ3VsdHVyZT1uZXV0cmFsLCBQdWJsaWNLZXlUb2tlbj1iMDNmNWY3ZjExZDUwYTNhIiBWYXJpYWJsZU5hbWU9IkZvcm1Qb3N0UGFyYW0yLnR4dE9URW1wSUQiIERpc3BsYXlOYW1lPSIiIERlc2NyaXB0aW9uPSIiPg0KICAgICAgICAgIDxSdWxlUGFyYW1ldGVycz4NCiAgICAgICAgICAgIDxSdWxlUGFyYW1ldGVyIE5hbWU9Ik5hbWUiIFZhbHVlPSJ0eHRPVEVtcElEIiAvPg0KICAgICAgICAgICAgPFJ1bGVQYXJhbWV0ZXIgTmFtZT0iSHRtbERlY29kZSIgVmFsdWU9IlRydWUiIC8+DQogICAgICAgICAgICA8UnVsZVBhcmFtZXRlciBOYW1lPSJSZXF1aXJlZCIgVmFsdWU9IkZhbHNlIiAvPg0KICAgICAgICAgICAgPFJ1bGVQYXJhbWV0ZXIgTmFtZT0iSW5kZXgiIFZhbHVlPSIwIiAvPg0KICAgICAgICAgIDwvUnVsZVBhcmFtZXRlcnM+DQogICAgICAgIDwvRXh0cmFjdGlvblJ1bGU+DQogICAgICAgIDxFeHRyYWN0aW9uUnVsZSBDbGFzc25hbWU9Ik1pY3Jvc29mdC5WaXN1YWxTdHVkaW8uVGVzdFRvb2xzLldlYlRlc3RpbmcuUnVsZXMuRXh0cmFjdFRleHQsIE1pY3Jvc29mdC5WaXN1YWxTdHVkaW8uUXVhbGl0eVRvb2xzLldlYlRlc3RGcmFtZXdvcmssIFZlcnNpb249MTAuMC4wLjAsIEN1bHR1cmU9bmV1dHJhbCwgUHVibGljS2V5VG9rZW49YjAzZjVmN2YxMWQ1MGEzYSIgVmFyaWFibGVOYW1lPSJGb3JtUG9zdFBhcmFtMy5kZGxRdWVyeUNvbmRpdGlvbnMiIERpc3BsYXlOYW1lPSIiIERlc2NyaXB0aW9uPSIiPg0KICAgICAgICAgIDxSdWxlUGFyYW1ldGVycz4NCiAgICAgICAgICAgIDxSdWxlUGFyYW1ldGVyIE5hbWU9IlN0YXJ0c1dpdGgiIFZhbHVlPSJzJnF1b3Q7OlsmcXVvdDsiIC8+DQogICAgICAgICAgICA8UnVsZVBhcmFtZXRlciBOYW1lPSJFbmRzV2l0aCIgVmFsdWU9IiZxdW90OywmcXVvdDsxJnF1b3Q7IiAvPg0KICAgICAgICAgICAgPFJ1bGVQYXJhbWV0ZXIgTmFtZT0iSW5kZXgiIFZhbHVlPSIwIiAvPg0KICAgICAgICAgICAgPFJ1bGVQYXJhbWV0ZXIgTmFtZT0iSWdub3JlQ2FzZSIgVmFsdWU9IkZhbHNlIiAvPg0KICAgICAgICAgICAgPFJ1bGVQYXJhbWV0ZXIgTmFtZT0iVXNlUmVndWxhckV4cHJlc3Npb24iIFZhbHVlPSJGYWxzZSIgLz4NCiAgICAgICAgICAgIDxSdWxlUGFyYW1ldGVyIE5hbWU9Ikh0bWxEZWNvZGUiIFZhbHVlPSJUcnVlIiAvPg0KICAgICAgICAgICAgPFJ1bGVQYXJhbWV0ZXIgTmFtZT0iUmVxdWlyZWQiIFZhbHVlPSJGYWxzZSIgLz4NCiAgICAgICAgICA8L1J1bGVQYXJhbWV0ZXJzPg0KICAgICAgICA8L0V4dHJhY3Rpb25SdWxlPg0KICAgICAgICA8RXh0cmFjdGlvblJ1bGUgQ2xhc3NuYW1lPSJNaWNyb3NvZnQuVmlzdWFsU3R1ZGlvLlRlc3RUb29scy5XZWJUZXN0aW5nLlJ1bGVzLkV4dHJhY3RUZXh0LCBNaWNyb3NvZnQuVmlzdWFsU3R1ZGlvLlF1YWxpdHlUb29scy5XZWJUZXN0RnJhbWV3b3JrLCBWZXJzaW9uPTEwLjAuMC4wLCBDdWx0dXJlPW5ldXRyYWwsIFB1YmxpY0tleVRva2VuPWIwM2Y1ZjdmMTFkNTBhM2EiIFZhcmlhYmxlTmFtZT0iRm9ybVBvc3RQYXJhbTQuZGRsT1RTdGF0dXMiIERpc3BsYXlOYW1lPSIiIERlc2NyaXB0aW9uPSIiPg0KICAgICAgICAgIDxSdWxlUGFyYW1ldGVycz4NCiAgICAgICAgICAgIDxSdWxlUGFyYW1ldGVyIE5hbWU9IlN0YXJ0c1dpdGgiIFZhbHVlPSImcXVvdDswJnF1b3Q7LCZxdW90OyIgLz4NCiAgICAgICAgICAgIDxSdWxlUGFyYW1ldGVyIE5hbWU9IkVuZHNXaXRoIiBWYWx1ZT0iJnF1b3Q7LCZxdW90OzImcXVvdDsiIC8+DQogICAgICAgICAgICA8UnVsZVBhcmFtZXRlciBOYW1lPSJJbmRleCIgVmFsdWU9IjAiIC8+DQogICAgICAgICAgICA8UnVsZVBhcmFtZXRlciBOYW1lPSJJZ25vcmVDYXNlIiBWYWx1ZT0iRmFsc2UiIC8+DQogICAgICAgICAgICA8UnVsZVBhcmFtZXRlciBOYW1lPSJVc2VSZWd1bGFyRXhwcmVzc2lvbiIgVmFsdWU9IkZhbHNlIiAvPg0KICAgICAgICAgICAgPFJ1bGVQYXJhbWV0ZXIgTmFtZT0iSHRtbERlY29kZSIgVmFsdWU9IlRydWUiIC8+DQogICAgICAgICAgICA8UnVsZVBhcmFtZXRlciBOYW1lPSJSZXF1aXJlZCIgVmFsdWU9IkZhbHNlIiAvPg0KICAgICAgICAgIDwvUnVsZVBhcmFtZXRlcnM+DQogICAgICAgIDwvRXh0cmFjdGlvblJ1bGU+DQogICAgICA8L0NvcnJlbGF0aW9uRXh0cmFjdGlvblJ1bGVzPg0KICAgICAgPFF1ZXJ5U3RyaW5nUGFyYW1ldGVycz4NCiAgICAgICAgPFF1ZXJ5U3RyaW5nUGFyYW1ldGVyIE5hbWU9Ik9UQ29tcElEIiBWYWx1ZT0iU1BIQksxIiBSZWNvcmRlZFZhbHVlPSJTUEhCSzEiIENvcnJlbGF0aW9uQmluZGluZz0ie3tRdWVyeVN0cmluZ1BhcmFtMS5PVENvbXBJRH19IiBVcmxFbmNvZGU9IkZhbHNlIiBVc2VUb0dyb3VwUmVzdWx0cz0iRmFsc2UiIC8+DQogICAgICAgIDxRdWVyeVN0cmluZ1BhcmFtZXRlciBOYW1lPSJPVEVtcElEIiBWYWx1ZT0iMTAyMTE5IiBSZWNvcmRlZFZhbHVlPSIxMDIxMTkiIENvcnJlbGF0aW9uQmluZGluZz0ie3tRdWVyeVN0cmluZ1BhcmFtMi5PVEVtcElEfX0iIFVybEVuY29kZT0iRmFsc2UiIFVzZVRvR3JvdXBSZXN1bHRzPSJGYWxzZSIgLz4NCiAgICAgICAgPFF1ZXJ5U3RyaW5nUGFyYW1ldGVyIE5hbWU9Ik9UU3RhcnREYXRlIiBWYWx1ZT0iMjAxNyUyZjA1JTJmMTEiIFJlY29yZGVkVmFsdWU9IjIwMTclMmYwNSUyZjExIiBDb3JyZWxhdGlvbkJpbmRpbmc9Int7UXVlcnlTdHJpbmdQYXJhbTMuT1RTdGFydERhdGV9fSIgVXJsRW5jb2RlPSJGYWxzZSIgVXNlVG9Hcm91cFJlc3VsdHM9IkZhbHNlIiAvPg0KICAgICAgICA8UXVlcnlTdHJpbmdQYXJhbWV0ZXIgTmFtZT0iT1RFbmREYXRlIiBWYWx1ZT0iMjAxNyUyZjA1JTJmMTEiIFJlY29yZGVkVmFsdWU9IjIwMTclMmYwNSUyZjExIiBDb3JyZWxhdGlvbkJpbmRpbmc9Int7UXVlcnlTdHJpbmdQYXJhbTQuT1RFbmREYXRlfX0iIFVybEVuY29kZT0iRmFsc2UiIFVzZVRvR3JvdXBSZXN1bHRzPSJGYWxzZSIgLz4NCiAgICAgICAgPFF1ZXJ5U3RyaW5nUGFyYW1ldGVyIE5hbWU9Ik9UU3RhcnRUaW1lIiBWYWx1ZT0iMDAwMCIgUmVjb3JkZWRWYWx1ZT0iMDAwMCIgQ29ycmVsYXRpb25CaW5kaW5nPSJ7e1F1ZXJ5U3RyaW5nUGFyYW01Lk9UU3RhcnRUaW1lfX0iIFVybEVuY29kZT0iRmFsc2UiIFVzZVRvR3JvdXBSZXN1bHRzPSJGYWxzZSIgLz4NCiAgICAgICAgPFF1ZXJ5U3RyaW5nUGFyYW1ldGVyIE5hbWU9Ik9URW5kVGltZSIgVmFsdWU9IjAxMDAiIFJlY29yZGVkVmFsdWU9IjAxMDAiIENvcnJlbGF0aW9uQmluZGluZz0ie3tRdWVyeVN0cmluZ1BhcmFtNi5PVEVuZFRpbWV9fSIgVXJsRW5jb2RlPSJGYWxzZSIgVXNlVG9Hcm91cFJlc3VsdHM9IkZhbHNlIiAvPg0KICAgICAgICA8UXVlcnlTdHJpbmdQYXJhbWV0ZXIgTmFtZT0iT1RUeG5JRCIgVmFsdWU9Int7UXVlcnlTdHJpbmdQYXJhbTcuT1RUeG5JRH19IiBSZWNvcmRlZFZhbHVlPSJTUEhCSzExMDIxMTkyMDE3MDUxMTk1IiBDb3JyZWxhdGlvbkJpbmRpbmc9Int7UXVlcnlTdHJpbmdQYXJhbTcuT1RUeG5JRH19IiBVcmxFbmNvZGU9IkZhbHNlIiBVc2VUb0dyb3VwUmVzdWx0cz0iRmFsc2UiIC8+DQogICAgICAgIDxRdWVyeVN0cmluZ1BhcmFtZXRlciBOYW1lPSJPVEZvcm1OTyIgVmFsdWU9IjIwMTcwNTExNjAxMDIxMTkiIFJlY29yZGVkVmFsdWU9IjIwMTcwNTExNjAxMDIxMTkiIENvcnJlbGF0aW9uQmluZGluZz0ie3tRdWVyeVN0cmluZ1BhcmFtOC5PVEZvcm1OT319IiBVcmxFbmNvZGU9IkZhbHNlIiBVc2VUb0dyb3VwUmVzdWx0cz0iRmFsc2UiIC8+DQogICAgICA8L1F1ZXJ5U3RyaW5nUGFyYW1ldGVycz4NCiAgICAgIDxGb3JtUG9zdEh0dHBCb2R5Pg0KICAgICAgICA8Rm9ybVBvc3RQYXJhbWV0ZXIgTmFtZT0iVG9vbGtpdFNjcmlwdE1hbmFnZXIxX0hpZGRlbkZpZWxkIiBWYWx1ZT0iOztBamF4Q29udHJvbFRvb2xraXQsIFZlcnNpb249NC4xLjcuNjA3LCBDdWx0dXJlPW5ldXRyYWwsIFB1YmxpY0tleVRva2VuPTI4ZjAxYjBlODRiNmQ1M2U6emgtSGFudDo3Yjk1ZWQxYS02YTNmLTQxZGQtYmM1Yi02M2YzOWVkYmM0YjQ6ZGUxZmVhYjI6ZmNmMGU5OTM6ZjJjOGU3MDg6NzIwYTUyYmY6ZjljZWM5YmM6NTg5ZWFhMzA6Njk4MTI5Y2Y6ZmI5YjRjNTc6Y2NiOTZjZjk6OGFkMTgxMDE6YTY3YzI3MDA6ODYxM2FlYTc6MzIwMmE1YTI6YWIwOWUzZmU6ODcxMDRiN2M6YmU2ZmIyOTgiIFJlY29yZGVkVmFsdWU9Ijs7QWpheENvbnRyb2xUb29sa2l0LCBWZXJzaW9uPTQuMS43LjYwNywgQ3VsdHVyZT1uZXV0cmFsLCBQdWJsaWNLZXlUb2tlbj0yOGYwMWIwZTg0YjZkNTNlOnpoLUhhbnQ6N2I5NWVkMWEtNmEzZi00MWRkLWJjNWItNjNmMzllZGJjNGI0OmRlMWZlYWIyOmZjZjBlOTkzOmYyYzhlNzA4OjcyMGE1MmJmOmY5Y2VjOWJjOjU4OWVhYTMwOjY5ODEyOWNmOmZiOWI0YzU3OmNjYjk2Y2Y5OjhhZDE4MTAxOmE2N2MyNzAwOjg2MTNhZWE3OjMyMDJhNWEyOmFiMDllM2ZlOjg3MTA0YjdjOmJlNmZiMjk4IiBDb3JyZWxhdGlvbkJpbmRpbmc9IiIgVXJsRW5jb2RlPSJUcnVlIiAvPg0KICAgICAgICA8Rm9ybVBvc3RQYXJhbWV0ZXIgTmFtZT0iX19FVkVOVFRBUkdFVCIgVmFsdWU9Int7JEhJRERFTjEuX19FVkVOVFRBUkdFVH19IiBSZWNvcmRlZFZhbHVlPSIiIENvcnJlbGF0aW9uQmluZGluZz0iIiBVcmxFbmNvZGU9IlRydWUiIC8+DQogICAgICAgIDxGb3JtUG9zdFBhcmFtZXRlciBOYW1lPSJfX0VWRU5UQVJHVU1FTlQiIFZhbHVlPSJ7eyRISURERU4xLl9fRVZFTlRBUkdVTUVOVH19IiBSZWNvcmRlZFZhbHVlPSIiIENvcnJlbGF0aW9uQmluZGluZz0iIiBVcmxFbmNvZGU9IlRydWUiIC8+DQogICAgICAgIDxGb3JtUG9zdFBhcmFtZXRlciBOYW1lPSJfX0xBU1RGT0NVUyIgVmFsdWU9Int7JEhJRERFTjEuX19MQVNURk9DVVN9fSIgUmVjb3JkZWRWYWx1ZT0iIiBDb3JyZWxhdGlvbkJpbmRpbmc9IiIgVXJsRW5jb2RlPSJUcnVlIiAvPg0KICAgICAgICA8Rm9ybVBvc3RQYXJhbWV0ZXIgTmFtZT0iX19WU1RBVEUiIFZhbHVlPSJ7eyRISURERU4xLl9fVlNUQVRFfX0iIFJlY29yZGVkVmFsdWU9IkFSK0xDQUFBQUFBQUJBRHRHdjF6RzhVMTJ2ajhGU2RPTTQwaFRTcGRuSUxqWWtsM3AwL0x0c0Iybk5wTkhKbElKTXdFUm5QV3JhWERwenR4ZDdLdFlaaUdscENRa0JJR0FnMmhwVXpKUUdHU3BtVUtKZ20wZjBLbjB4LzZleTEvL05RL2diN2RPMzNhaGtBanB1MzBNcjdiZmZ2MnZkMzN0ZSt0OG9XajgzNEg0MHdtUnpYVjFEWEZPSTZmenNzNm50SU1jMFJNelI3QmhXU3l5OEZzUzJWbUo3R29IRmJFZENmVHpvZERYRERnRC9QQnpxNCtaMHNXRzRhWXh0alprNXlDNzRReEtjcXFDWC94Rk5CVWdKaHN5cG9hVTB0azA4NzJaQ3d4cGtxSFJCTXo3UUxIaDd4Y3dNdnp6dWJrV0RZM2NZaHA1am1CNS91ZEhZQVhOMFhkVE1oWnpEUng4RGhia3Jxb3pnSVM0a0xPM1RiTFIvTllMOFJOWFZiVFI3VjB4dGtLRXhNTEttQjF4YWZHUjQ3d0ZrSENpZ3RBSStoa1JOTk1aUmlQaVEzVEd2VHhRbGowVHdmY1FUOFhkdnNGTWV3T0IwS2lHd2RFM3RjZlRtRy82SFB1c0JrZTF2UXM1YlF0ZVZMVForT3lpWUhaMWdBc3NKVnNnbTV0RDkvZkwzakRYcDVqbHhiUEZ5K2VZM2tod25FUnVndkpuQkoxVVZqY3Q4V3haY3VXTCtBaFgvSjBJSGdkaXhjTUUyYzlRRWpzWTA5ZzNRQVpEdms5SFBuWHg0N21GVE92NHlFVjUwMWRWUHJZcWZ5MElxZEFZd2x0RnF0RDA2R1FHRWdGZ3JBdFArYkMvUXdodnJ1S0puMGx4R2tGYjRXUlBlV2U1empPYWliSTBXYlo5bmhXaWFjeU9DdHVnOVloZVdibVI3cVkzZXB3N0xDSjJYaGt6VzJFVkhNVHZEN2ROZmp3UWxaaDUreDFkL01lcnB2RmFrcVRnUFJRZDk2Y2NmUEI3b2VqMjlzSEY0eUlRUm13TUVNMWhycTdyVVprQWRvWjA4eEZ2Tjc1K1huUHZNK2o2V212d0hHODkvSEpvOWFpU3JoWlE0SWRBR0ZkdGFrWjdxd01CbWhvTTZZN3BXVWpnT2Uyc0xxQks4c1N2bGpCV2F5YXJDcG04VkEzM1Q5dmpWcmpNQytuNElWRUlZZHRxQVUzd0U5Z014WGdSdVNHcFRreGhVZHdXbGE3V1JOSURIV1RxZFJJdTFscktSRXc3alEyajhFRUl3ZllaUE5aV1kybFVua2RkZzh5ODM0bEQxZ0grRkxEV0J6Q0tRVU1sYmh3WS9keVNDd2NsYk95T2E3bDlXUGZDcGZ4aG5NaEViTmhUQ1loYW1mS20va1cyRFIwTjdIRVpONHdSek00TmR0QUhuUWZvSjFHczJpczR1RXNKaWRpNDd5a3hLRnhIZ0puNUhGNmpqZU13d2xSa2FVRzh4aVduZ0tqYlRDVHVBZ0J1QkRUaHdtdkJtOWxRcDBqWWlQcHl6M2hOT2hkZjF4U1dQM1JTb0gyaWpZNW4wMmFWb2x4YkpaWE1tSFlFQmpWODdnTUp5bG9PYVVwbit5bDBjY01QSnJYZGFCOFZFdUpCSUZPdm91RFA1WFI1QlN1MjIxV1hDajE4dXEwbGxjbExGVmtjRGU3dGFSRTA1Wm9Nd1A1MDE5YkJpVkl0ZEo2eFBxSTJXK1M1OWh6TEJKZk5hZkV5RDFucDBDREZYbVh0bUxKa2JXWEprc2x5VlpFcTJ2ek1WM0NPaFdNalpjUmpkR01xS1l4Q0VoV0RheWJJSitLV0t2eXBHaC8vNkMzdWwrRFpDVTZVWUd6Y094dUdhVStVYUhFMWdFcjZOWHBSdFFQcURXQURmSEdvN3hRaXppK0hwR0UvaWhYUWFQOU1sYnRvUjMxQndlOWRhQU5VRXNrNnlCbHpLcXprNkJWZDZ0d1NtZGZORVJReXIxNkRFcWFMNlBVTGI5MDlFUjlaRDNsM2pxRThXaXdDcUZLVE9YQUgrVkJQNVZlR2FFcWJrZDVFRTkxdjhvZUtvR1hFcW9CbE5GcVFpZlpWQzJnamx4VjhJdlNxcFFYdkQ2dVJMdDZ0T1RhbHZuYkxsM2pMNFBlT2dlT05wSHFxSzVxSXJWU2MzSlNmRXJUNFNPcjVET1NseFdwTFhrY3o4a0VoVlNFcmZBZ3V6cjh3bjYyT2R1Z3lDVjE2TEVZczdOVTJRYTUrdEo1WFpGdEY5OTJTYzFETVVvSWpXcFc1VzJWeXdBYU5rMHhsUUhRMXkyUm13bG4vRFNEb01yZWI1Zkx3M2xURzg3bGxNSllkaHBMQkRacUdLT0thQmhwWjJmcDJnQ1RlSjBHU0ZNeWpoY1lCOStGME5aT3FTc0k3ODR1Qk1YK1VUbWRNVWUwaFJFZGk3TmpLaEcrbEpHNjBBeGdOU0VIeFdvNUFXS0RnWXdrSVlaQ21oSjR3V1IycjUxK2J1WG1aMHVMMS85NTU2WFZEeStzdkgreCtQbExnTFNkSW0yUHFhT0tET0VZM3FsWjVnMkhwS1h5SkR4NzRLZ2JzeUwxU0dGQ090aVRUNVdXa1pUa3VWSjdTc3VOYUZLaHA5ZGptQVVvb3lYWnlDbGlZYWluWitEclU0cEIzUXlUTnlRbW9mdklnbDMzTXgzTE54ZFhmMzlwN2Z6cDFYZklSdmJhOE02bFc3ZUs1Nit1Zm5SMitkYWwxU3VYWWNobEQrMkdJUUsvdkxqODZwdkxaMTljZWUzOWxmZGVBWVFETm9KOTh3S1FCMnhJUy9IMjY3R1Z6MzhMb0Y0YnROTkMrc2ZwMDVVeGQrZE9LdjJ5VmpxN0hNalI1ZGdwU1duU2tsQUlacmM3dHlXSlFSS3pGVTJtb3dEUEU5N0p5U2U4a2dTR1dUYlk1aTEvbGwrNityZS90SkxiRk91aUNFQWpUYTdyZjI4RkVoUEdjU3hLTVZVcGtLdWVoS1pCa01reDdsTnJ0MysxL09yNUo5bmlLM2VLTDMrNC9NYTE1YXN2Z0xaUHJWMjlRdUhMaTJmV3JyeGJQUE5lOGNhbmxzV0E4Y0I3Si9rNld6UTFSWldmZU15VWxlUm9aaGEwa2REU2FRVlRtNUlWMlN3UXJaSGwwS1VtVTVuWnlsQlBIMXN6Q0RvbDhXQVlqTFduRnhRbklVUkV4RkNkTWk3UXNTbEQrdUdHcUpKV0k2YVdHNWdyMDRvTTJBYmRDdkt1OXQ0TzRrcVZtN1NkbzJMZXdBYU5rZlNVU3p0YnZwazhZR1h0bWlwTks1WU1kcGdaMmZCQXhNdGphbmJnZzEzTnp1WU5GZGUyVG0vanhCQnExRFl1b1FGaUFLNjl0Wk5kKzhxNmRuMi9yR09YTStOeS9ic0tkYkhNMUYxb0VoYTZtUjdKME1aYWRPMy9oZ3AwZGFkZEI5S3VIM3h0N2JnZTJGZ25yZ2ZyQk5wVFZvTHJZSlgwSDRhMU5NR3hNR0hFNHlVbkJURnZKTFV2dC85WWdod2RtOWgvOWVCNnlXMjlTOGsxMDhYQTNvaXd5QjNyZmtKb2hLVFdhV25uN2oxdEVML1hub01ZZGhaeEhPSjR4QW1JOHlIT2o3Z0E0b0tJQ3lFdWpMaCt4SE9JNXhFdklONkhlRC9pQTRnUElqNkUrRERpKzVIQUlZRkhnb0FFWHlOb2Z2ZWhyWHZTbXoxV1RHU3F0dW42SWRuYjBMMWZCeEw4U0FnZ0lZaUVFQkxDU09oSFBnNzVlT1FUa00rSGZIN2tDeUJmRVBsQ3lCZEd2bjdrNTVDZlIzNEIrWDNJNzBmK0FQSUhrVCtFL0dIazcwY0JEZ1Y0RkJCUXdJY0NmaFFJb0VBUUJVSW9FRWFCL3YvMjlZUE9oamJWMmQwOGxsN2JPdUhjNjlvaW9USGlkYTdlelR6dHkrT1Q1VXdieHFmSzBMM3lNc3Y4L2tkY0MvM2Z0ZjdqMW4rdlhldUluWTF1NVQwY1dIM002bUpvUG1ybm9yUUNKcmtvOFlxVDFCUHZaeHljNjN1a05qaEY4ZTlMUS9OSnF3V2VpZXhXSzZrb29LeXdPRlFkMzREdHFCNnltYU5xbU1OTm5iQWVJbEtEZE80ZzNucUNuT0dIWmF4SVROT29KbUhuZG5wYkJYV0tCV3dqd0ZGeXcyYVpic2N1U0xiZHJMdHNBTkR1V0R0enNYanBYUEhtdWVWM3pqVVh6M3k4ZFB2MTV1VzNmclo2L1daejhmU2RsWmV2ZHhVL3VnbHBoWGY1clhQRlc1ZWh0ZkxIUzhYRmp6cmdyM2poQ2xRR0s1ZGUyTFY2OWdNb0g1YmZ2cmI4NjhXbHo5NWF2blo5Vi9IdFR3QzA5UGtGTW5EdE91RHVzcEJYUG5odTVjcWRwVnNYbG01LzNBR0RxK2N1cnY3bWwwdC91c0hRR25GM2g0TnpnTjF4RHNIaGMvZ2RBVWZRRVhLRUhmM05FSzQ0amdjTDZLaFdLQWdGZzRUMk9mZENDYnh3Rkt0cE0zT015QUFLSnNPcXhpWU9ZY2p3SjZDSFJUMURtM1EwNDl5UkpPS0taK1FaODRpc1N0dDZmeEtIK25sS1RIbE80dW14aFp5T0RjTURWVzFXVXowa3lqNVVnOTdIYm9wZCtiVTE1UEY1Zkx5SC8rcWZXOVc4b214eDdrc2Vna0p0VERXeGpxV1RtaTRac2Vtbkt2dG9UNTZFbkZLZkZQVlpEQVUyS1dMU3dEcERrMTFNVTdQaGxDblA0WW5Kc1RRZ2xFcGtNbk9pOU50OHhya3JhZFhUQ2UyeFhBN3JvNktCTTdRbW1nTGNlZUM2NFVuenhKZWVOT2FDR1V0QVRXVm82aVRPYXV2UG0zcUVUVStkNEl5aWlXWkV3VFBtZ0YyMlJtUlZrVlhzbmxhMDFPeEFUcFRJYjhBUnJ2WXdhcldTWldkcnBiSmpUc3FTbWRsclhYc1VIaUcvWUR0YkswSnBTdTZQajZDZklxdHltOFdGZkk3NUJhSXBzaW1iQ2syUjVSbjJZQ1ZwOWlqVXhOam9FQ3R3SFB2Z2cyeGxqTjAveFBiMDlEN0R0clBWMEtHcWpzZklUMXMzNFFlNVBrS2hkNEJ0ZjNhZ2ZVN1VXUzJ4WUFMeXBxVit2ZndVY1pySTcxR1FiaTlkSlNVQWF5Q1cxUHNNNlhsa1ZjVTZzVm9nYlAzZkJzOE1MYjhPL2ppZW5EVFMxTm9tMUZ6ZUJPK2g1dGJIcnR1c3ZkQm5KWHFKMHVRYXFKR25hd2lkUnZTaXhMSVdLMXpkZDZyNDdudkYzMzI0OXZQWGl6ZmVmTEw0eVIrS2w5OWVlZTE5cXVEWEhDVU5za0p1Z2VVNWVKVWFBMnhLVXpROWNvRGp1QUYybWxTb09rbmFJK3lCdzRmSHdzUEJBWFpHVTAzM1BDWjNIUkYyV2xNa3dOUElqWEdFNVlHS29VRWh5MHJnSW1sZExBeXc4eG5aeEc3Nk0wT0VWYlY1WGN5VkpyaDFVWkx6Um9UMUFXTUp0VlRpK2F5OWorOGNYTGw2by9qaXhaWG4zMW03OGp6RXJGNFkxRW94T1FBZG94VEdPUnJHNTJ1N3o5UjJ6MWcrMWRSSlhXby9zNzFrMzZxbTRnSHBYOS9nY01GT0l3QUEiIENvcnJlbGF0aW9uQmluZGluZz0iIiBVcmxFbmNvZGU9IlRydWUiIC8+DQogICAgICAgIDxGb3JtUG9zdFBhcmFtZXRlciBOYW1lPSJfX1ZJRVdTVEFURSIgVmFsdWU9Int7JEhJRERFTjEuX19WSUVXU1RBVEV9fSIgUmVjb3JkZWRWYWx1ZT0iIiBDb3JyZWxhdGlvbkJpbmRpbmc9IiIgVXJsRW5jb2RlPSJUcnVlIiAvPg0KICAgICAgICA8Rm9ybVBvc3RQYXJhbWV0ZXIgTmFtZT0iX19TQ1JPTExQT1NJVElPTlgiIFZhbHVlPSJ7eyRISURERU4xLl9fU0NST0xMUE9TSVRJT05YfX0iIFJlY29yZGVkVmFsdWU9IjAiIENvcnJlbGF0aW9uQmluZGluZz0iIiBVcmxFbmNvZGU9IlRydWUiIC8+DQogICAgICAgIDxGb3JtUG9zdFBhcmFtZXRlciBOYW1lPSJfX1NDUk9MTFBPU0lUSU9OWSIgVmFsdWU9Int7JEhJRERFTjEuX19TQ1JPTExQT1NJVElPTll9fSIgUmVjb3JkZWRWYWx1ZT0iMCIgQ29ycmVsYXRpb25CaW5kaW5nPSIiIFVybEVuY29kZT0iVHJ1ZSIgLz4NCiAgICAgICAgPEZvcm1Qb3N0UGFyYW1ldGVyIE5hbWU9Il9fRVZFTlRWQUxJREFUSU9OIiBWYWx1ZT0ie3skSElEREVOMS5fX0VWRU5UVkFMSURBVElPTn19IiBSZWNvcmRlZFZhbHVlPSIvd0VkQU5vQnIxVnc5YUdCQzNyM2pLOUx4d3BtRDZWNzgzMXFGbzlSRzBZcThXYmZBK2VoNCtlbVo0K3ArSFlmbTc3TDlKN29EL2hwdnVYbk43TmxvTjJ0RDA1YUNqem1sdGFVTTdhRUFOK2c5Y1AvbTEweno3NVBPRWN2Q2s5RnBjclNxRy9FK1dLZWlYUlZqRFFScTM2WU40VnpUWFhjZG8wS1lvOWZDMUlnd20rV25Dcko0WTRzK1gzaTdicFdaSktxbGVqMWxNWHlXR2lNZi9kc3RzZCt6ZHl0SWhxTXZaMUV5WE1BbHoyd0NteXN3N2ZmWGhOaVhEc0F4UWNMR3NWZzBEZjRadmd5NzYyNmpwS0g1MWNrYXVLU1g2UVBCYVVlMzZVRXVXand5cHJZN1lRbmhYb3VHQkt1QWhtdlhoM2VEc3FTekQvY3V3V2MzMU0yYlNvSVVmMUVxMUpETzdjSkFHdXJ0amtzT1NpZEJmdFZJVVZxNUpWZDdnY3I2Z0VvQU5IUGZaSm0vSGo4VWQ2VFhwMVVHSm1aN3R2cHh3VmtLVUY2dlB4alNJWEZuL3Zpazh3cTd0K05oVDhEUHlBVEpndkZEM0s1VSt2eG9DeExpVXFjN25oVlVXdGprdjdCZkFlYkpnaWxFRU5wRW5McTVncjg5Mm5lUmFNaHU2VXA0OE9kWVBEcUxSU1hYamdKcTZlUkxTRndaSGpDMVBqQSswUldxdDhkbFhIY2xYV0RRWU1yUzdPL2FOZHV4TFVlN3hwaFQveXhBZUQyVStWanJMa3AybUZTSWFhQ2VCdzlIRnRDeFBQMVB5NENEUXRLT21hME5aZldRZHdWS3FDL2t4VEtBbFFLU3duNjBXdzd6ZEFZbk9PVkRkR0hOL1RyNWJnS1A2WndaLzhNUWNGZURzZENKR2Rld3lrNUdzSE9xMDJMdDRURXJHQzI5SEJ5S1ZQMVMxcHAwMElDNmYvNi95T3pUWkFFeEljMDB0ck5oRlJYMW44T0hTS1JHSDNLaDZLMUtzMnhIOE9jLzRRd2JsaFpiTll4amJSWVI2TGlEZkp0WXZJbldYVG5BR1pwSlk0elRKaTFnNlMxMU00QXlWUGlvZnR4TWYxTkk4Y1BDbEtKSXYzNmhsYVBoVXVrN3luTHFKSTFOVHFuVkpGYllJWlJRMVdFQWdjbGhmallhM25EL2lVbXBScVZEbWtzejdlTDlZL3pnQkg0Z0hMZThZMlp5Q3A2Wm11d0VyU0w2Yk94blZKMng3S3ZhWGNVMnZYM1NzSkxkUC9mZnhXVElGdGNydERhNjdzdHJmazc0YktMUFNoZ2p3czlLZjIvVFFNc0NENWpZU0RFYTkybjBhamcxV2JFRFpEelZHLzB3L1Vuc3BJb1ZtZTZNRjVMN0UrQVBCVFFIQ0pxekh1QitXRzJ6SkpmQVZxZ3BVak0xZUZ0eEhQMGVRWGFPZjZ6MDNqVmdIT1ZjbGJjWUowZFpRL2ZBYjJMaE5aSmprZnlvQ3JqaW52UlgrYzl2N1NiQUlRRC9uZDVoNnNPUTgzVW1maGY2Yk1wdDU0YWluTGxMYzZTTSszZDVqSFlybndLVG1OeFBQYVdzdkxtZmh4MExod25DWEdsQm9Mc0twZ3VEcEx6UWhmK2wvbUwxK3lmalVTenFGdXg3a0hqS3dYQnpFaHh4ZjBrZFozblhyUnBWVllKSkc1THVzNEY4V2JWdEl1a3Nxd2xFL3duT3kyWXlod3lNTmVzUTY0SzNTNFVtY1RSb2dkcE8xQXJPaTNTelVFWmg3dXpWdXFZanIxZDN6a2d0SGpwVHpoQW9ZWmlWTzVXWXQ5M1puaHVWWExZZ1RtUEJObTc5SXM3dzFYNVRxNjBManNiVnZiOENQTk1QQ0JsTnlHZzV0bHZpVFBscEdlUk5zbEJLVys0TEJYRTZBRTZFb1cxTER3bHVJVjlxejVKS1BaZUpHd1lORGE1VFZYdXB1ekV2clZEYmxEYnU3MUJnZEd2UXdxK3AxMVNjWU1NTGdrb1YwNU9YbHZvbGt0akxTRUdySVM2Vzh5VkhHalNzaDRHT3VqYTd4VGhTWEFWdkFyN0NJMGNDY1lKSit5NDV1R0twMnhNSEVDc01xZFVCVFZLUXNBbmlDOXNaQ0J5RXlBaEEra3lzVTk2SEM4SUlUTWRqdFFuaHBnUkJHemtSK0RzMVV5V2VuZnBxLzQ1aWhIUW5ValIyUGErRm9xSlBsdUhKWFlBY0w1ZGlmNHI2cVFaREd5VzdCSzlPM0x2Y2Jmemp3TUJmMnF4OTlUWWtKYW54aGxkbjVSSHFzZEpCVGxGVENlSXFKaWxsTlA5WCthSjc3dHo1bjV1Lzh3MDZOTHhjaThRNDd2VXpjYlkvL29qL1Bmb0xCaDc4RWgvZnJDaXFWTk5tM2FHU3d3cG1FQ3Z3RW9URURZZ0x2Q1M5R3ZsbEQzVm95UVVjUEorSXZOYk4xMzFnVkJGQWZhWWFXcXhWK0FrS3hKN3BSWmZqWXRvbXp5bEs5RUNzakFkUzRPNW5qNHhaaWJmR21Pb1JMamxMZThaS3Z5UmRpaUh2WVVqdHVLT3dQS1FPS2NZbEVGajlmNmhRRVZ3ZDhwNG84WWZyQXRRYzJJeitQS1hHdUNtV0VZdHV6b2dnSVBPdjJHaU8zcE1qR29KTGFOQVRVT2d1eTRucGhGN0g3U1N3S1NqRSsyT0QyRW41SFBpbFpVckQ5Z2tYdkdpZ2VYaUU1YVlHeGNqZFIrbUxkQ1A4dksrU1NOUkU0c0NtWXVxWU90NGlRcGpBUDYwa3dhOGF2RGRkVjBpbFJicDZzMjVESHpzY2ZhQUpKQmw0ZEpzRzJpbHovVGZRY3hyK0xXYWpmdWt4TVNkOU9tS1B3RUtqMVBiMkRiNHRIdlVtak9TemRDUTN2RWtlOWFua1I2L3JyTGhmMjF4U1diOGl5a0l1Skd4K3ZVOUlxTlRiNUNuUVZTdzJNbU1QT29uN0JoWkhPUlBFRERrc0R4ZCtpV0c2dlUrQ3RJNVVaQ3JUVlRxc0NWU2pVYWhOUVIrcEpoMXpIOVJjeDV1OWJ6S3U3c3V4clZZUU5ROTdhbS9QTzVyZG5VYWxuMTZIczNHcGV3eERrTW5Fb3ErSGM3em9lZzJpODd0Z3BEeS92L011UTZvRXFid0ErOVZNRDJVUnB2S0lROGxJemk4UXVQM2pXZkNDOGtTYXFhL2pjK0VFTHBOb21ua3hQa1kyRXpIUjVGczc5MW9ybG9WR2h1MFRYaEMzeWlRQytYL2FuZmFXREJsd25LNEwxYUJkN3JLMEJra3VPOGdjNUFVbWh1WFFRTWtTVmhIa2lIUzZtYTBzanoxS28vbzVMQTE3UmFjZlhhN24yMWdtVXdDS0taL3V5Y25WYk45UTc2SHViRDFBcXZxWWRRNys4ZkYwcGVoQ1A0WUNuRThBQzNEMlkzOVVIZjg0MW1FVS96ZTJwUm5LUHBaRlRwTnA1YVhQYlZaNWYrNEcwR0thMjBRcUlsZFZWR3BQRGhXcHpMRWFyQTVkdmlvT2VCaFlBN1lRd2FBaG04dWxKT00yaFJjcUxDOSsyVm40Q2J6cGs4VG1mSTNqYzh4N3hDbzBOWGE3ZEcrR1Q5ZmVSVXlMdVl6ejRHYURYeWVTU2NUSGc3a0sxczd4eXRLTVVibnZyRW00V2dnZkdvbk50TkxneXFVdnVvZ2hWTnUrMm1hb1RmNWVabDBxZVNOaklmSHZjN2hFcllSR3ExTGpWY09semlLWGhxZTV3SEJUNHVjaWdScUM2akJsdzlpOEZZbzdRejIwQmFkc0Rrc2o4K0pxZmd2S3QxNkl6SndzcCs3YVJMNktUSmdEQW5qN3pXN0pENEh3aXI1Vzg3NGZjdGpOait6dFdlTm1HTk50OUo0MDVXL3hoeUd5Q1h0WnRUcU1kNFgyb3BveXBWVncrVGovQlRXamVwMkhLY0phRUR4cjIzQWNyL0M0TGhzM3VwOUVTMk5KTGFQNytaam5ZQXZLeHBkc09wL1M2U3F6R1M3Zmovc1k4ODFsUlJpMEtzUzlwVzNHQWJQQ1Q5TFlSNGdCSHoxdUNqcWtYakp2N0g5Tml2ZzFuQzY5cXRTalNjNzlQVXVuNFBweTlKSkErbFp4RFIvMTA2QURHcVFLdTVhQSt1S1dsQnJVRjE5eFRzSGZkZ1lxcktOWHNmcW13bk5ibmE4bHJRUzhBcDlJalJMRVVpbFlOUWdDSVNlVWZnQ1g4MGdVam1ReFhyYWlHdDYwcE8wNzRMc1FMK2l4T1J5L3B4RllhanJmTXZUMFUxV0M4Y0pjUkVMb3J4MC9nSlNqKzFTNEViemRzdHM0TnJ0azVrR09YbEtrdHlldytrTnFTZGp2MFVGZWJlVGhCNVdpNkpWdXRQSTJxYkx1UDBDTURoQ3dydlZXZklzbHpSWk1peXBPbDJzN2dNZDkwSzRJRVQ5dmlxT1BkRmhwQ29MdG5HNGkydWtmKzJTSjZOVUVGdXBKNnFvNUluejdJY2xRNmZrZjVqQ3BhNWY5NjE5ZzhCcTFiNW1GN2VpYTVzbGQxMGhrZ01xNXUvVU1NOWR1WHZmVVFicFdwSWd3M2ZteWhGcnlQTVdXdHcrb2RDcU0vTG5ZQUpHSFlWL2V1aVZwYkdoakxFVEdzQmFFN0lsSkJXOGxzM0t1QU81dE44YituU0tnNDVRZ29aNmxxRFVZVWp2SXdsdGJIQmFuZzcyUE14MVVzb3U1MWo4dGwreWpEZXY3cythaFkyUUdtRU1rN0o3UmloQ3d3Y3JTU0VnbWZ0bEFTb0ZjZUhURUpteXZSa3lhSXFlcnhUUTlPakdZR2JNSFRlT3BsODYzbEJRT0tBZVZnTlFMM1N2Mmc5RUwrQjE3dFczRUE1YmVzQVBxU2dFSmJuUThVMjJkcGUvemdxczBKR3U1NnNXcGtnUjJMWEh6QkVaeG02R25qSml6TWdPNDhVcnBwNE5mYVJnc1FJU0w2cHFGNmIwZWlFUlR0VFJXVHdIMWlreW53MWF2QklMck9DWTVod01ySUdNUHd6Q2Y5OHB1eXVpWmVURk1ua2FIa2lsdXhpUHJ0ZVN5ZWk2azlqZDdiZTE5bnNtM00zby9wZUVURkdXWDhSKzZ0Q0k3bTRveDV3UGhsNmh0V1ZOamdRc0RWYnhmRlFrUFRkZCt5ejVNc0pPMGE5bElqWHVhSVQvSHJ4b2VQTEMyMEpNSHFnWEhsSDBvZStzV25ydjFIVWE4a09sRnlNOXY0MFBSVzhnZzI1ampNRVplT0lsZlV6dGhJRlViUHFZY29CM1I5Vm4zOCtBVm45V3grdXRXK0Q2TlplaGRIYlJUYmVYWlgwMEZJK0RNd0J5MFNONDljQTZ0OVBPVncydnhxRUxGdCtaZHhodTFOUndtY2ZMekoreXAwaEk3Vm5kWHJIWkUzd2hLT1VoaVphTHdQV1NHeHF3NlRHczNWRlBvcjZwT0hYRFdQbDM3eVVvV2IwN0hBc1RrT21BWWozSm9hajRFV2ZYRzlIVWN4TWxNUXhic2wxT01xbkZERkNjUHFtdXNlWEhJWExuQlhtVGk1bnNBWkpMakVRdVd4aHY4dWZMcWJXdlljMnd5Uk81MWFjbjFzazYzQm5laFVQUU9zd29RTVNVMGdXWkUxUmpxUkN6QlBaOGtGUlZEV1dVTlhzTnp1RUFKaExuZHRBUGEyc1VHZ3FpUGdza3pNZjVjZHNpMGNHRGNndXo0T3RMSThaK3dFejBaQjJMTEY3ZWp6ck1lcTM5ZXpPWGlDeTk4TTF6QUVKUzkvVGJtRzdvemlxUWtObmozR2lyQ0tIRkNtQm4wcE40cW5VYjF1bWg3TWRXU095MkkxZzZGbkpBTWhmUjBuQ3lEbXorZUsvUHlRbUpUQU1kMURuNWR2bmVjb3BBUzgwd29Bd2ZpTkNiTzZZa2VzWExjVmhuWDlVMTRsQm53SGRkWFJkemw2aXdNWWk0cktUVGs4Um5vVi9tSCt2NWZkdXdEOG1hVnR1ZG5FRVBCY0NDUEV1c2hnamNEN05zWVZ4U0VCY3AyN3NYcDhOWkNsb3oybzZQYkZoWHYvSENVR3h0WG8yWXd1bU1EbFdrbjVmNUVRa3c2K0hLaFJvYlFCVUNjeEgxamVkZnpVa3pHNFJ4bGxyVFVsa2VEZGI5dWxVOVpaWWFOZE8vb3c9PSIgQ29ycmVsYXRpb25CaW5kaW5nPSIiIFVybEVuY29kZT0iVHJ1ZSIgLz4NCiAgICAgICAgPEZvcm1Qb3N0UGFyYW1ldGVyIE5hbWU9ImJ0bkV4aXQiIFZhbHVlPSLov5Tlm54iIFJlY29yZGVkVmFsdWU9Iui/lOWbniIgQ29ycmVsYXRpb25CaW5kaW5nPSJ7e0Zvcm1Qb3N0UGFyYW01LmJ0bkV4aXR9fSIgVXJsRW5jb2RlPSJUcnVlIiAvPg0KICAgICAgICA8Rm9ybVBvc3RQYXJhbWV0ZXIgTmFtZT0iaGlkR3JpZFZpZXdTdGFydFRpbWUiIFZhbHVlPSJ7eyRISURERU4xLmhpZEdyaWRWaWV3U3RhcnRUaW1lfX0iIFJlY29yZGVkVmFsdWU9IiIgQ29ycmVsYXRpb25CaW5kaW5nPSIiIFVybEVuY29kZT0iVHJ1ZSIgLz4NCiAgICAgICAgPEZvcm1Qb3N0UGFyYW1ldGVyIE5hbWU9InVjRGF0ZVN0YXJ0JHR4dERhdGUiIFZhbHVlPSIyMDE3LzA1LzExIiBSZWNvcmRlZFZhbHVlPSIyMDE3LzA1LzExIiBDb3JyZWxhdGlvbkJpbmRpbmc9Int7Rm9ybVBvc3RQYXJhbTYudWNEYXRlU3RhcnQkdHh0RGF0ZX19IiBVcmxFbmNvZGU9IlRydWUiIC8+DQogICAgICAgIDxGb3JtUG9zdFBhcmFtZXRlciBOYW1lPSJ1Y0RhdGVFbmQkdHh0RGF0ZSIgVmFsdWU9IjIwMTcvMDUvMTEiIFJlY29yZGVkVmFsdWU9IjIwMTcvMDUvMTEiIENvcnJlbGF0aW9uQmluZGluZz0ie3tGb3JtUG9zdFBhcmFtNy51Y0RhdGVFbmQkdHh0RGF0ZX19IiBVcmxFbmNvZGU9IlRydWUiIC8+DQogICAgICAgIDxGb3JtUG9zdFBhcmFtZXRlciBOYW1lPSJPVFRpbWVTdGFydCRkZGxISCIgVmFsdWU9IjAwIiBSZWNvcmRlZFZhbHVlPSIwMCIgQ29ycmVsYXRpb25CaW5kaW5nPSJ7e0Zvcm1Qb3N0UGFyYW04Lk9UVGltZVN0YXJ0JGRkbEhIfX0iIFVybEVuY29kZT0iVHJ1ZSIgLz4NCiAgICAgICAgPEZvcm1Qb3N0UGFyYW1ldGVyIE5hbWU9Ik9UVGltZVN0YXJ0JGRkbE1NIiBWYWx1ZT0iMDAiIFJlY29yZGVkVmFsdWU9IjAwIiBDb3JyZWxhdGlvbkJpbmRpbmc9Int7Rm9ybVBvc3RQYXJhbTkuT1RUaW1lU3RhcnQkZGRsTU19fSIgVXJsRW5jb2RlPSJUcnVlIiAvPg0KICAgICAgICA8Rm9ybVBvc3RQYXJhbWV0ZXIgTmFtZT0iT1RUaW1lRW5kJGRkbEhIIiBWYWx1ZT0iMDEiIFJlY29yZGVkVmFsdWU9IjAxIiBDb3JyZWxhdGlvbkJpbmRpbmc9Int7Rm9ybVBvc3RQYXJhbTEwLk9UVGltZUVuZCRkZGxISH19IiBVcmxFbmNvZGU9IlRydWUiIC8+DQogICAgICAgIDxGb3JtUG9zdFBhcmFtZXRlciBOYW1lPSJPVFRpbWVFbmQkZGRsTU0iIFZhbHVlPSIwMCIgUmVjb3JkZWRWYWx1ZT0iMDAiIENvcnJlbGF0aW9uQmluZGluZz0ie3tGb3JtUG9zdFBhcmFtMTEuT1RUaW1lRW5kJGRkbE1NfX0iIFVybEVuY29kZT0iVHJ1ZSIgLz4NCiAgICAgICAgPEZvcm1Qb3N0UGFyYW1ldGVyIE5hbWU9ImRkbE9UVHlwZUlEIiBWYWx1ZT0iMSIgUmVjb3JkZWRWYWx1ZT0iMSIgQ29ycmVsYXRpb25CaW5kaW5nPSJ7e0Zvcm1Qb3N0UGFyYW0xMi5kZGxPVFR5cGVJRH19IiBVcmxFbmNvZGU9IlRydWUiIC8+DQogICAgICAgIDxGb3JtUG9zdFBhcmFtZXRlciBOYW1lPSJ0eHRPVFJlYXNvbk1lbW8kdHh0RGF0YSIgVmFsdWU9InRlc3QiIFJlY29yZGVkVmFsdWU9InRlc3QiIENvcnJlbGF0aW9uQmluZGluZz0iIiBVcmxFbmNvZGU9IlRydWUiIC8+DQogICAgICAgIDxGb3JtUG9zdFBhcmFtZXRlciBOYW1lPSJoaWRHcmlkVmlld1NlYXJjaFN0YXJ0VGltZSIgVmFsdWU9Int7JEhJRERFTjEuaGlkR3JpZFZpZXdTZWFyY2hTdGFydFRpbWV9fSIgUmVjb3JkZWRWYWx1ZT0iIiBDb3JyZWxhdGlvbkJpbmRpbmc9IiIgVXJsRW5jb2RlPSJUcnVlIiAvPg0KICAgICAgICA8Rm9ybVBvc3RQYXJhbWV0ZXIgTmFtZT0iaGlkR3JpZFZpZXdTZWFyY2hFbmRUaW1lIiBWYWx1ZT0ie3skSElEREVOMS5oaWRHcmlkVmlld1NlYXJjaEVuZFRpbWV9fSIgUmVjb3JkZWRWYWx1ZT0iIiBDb3JyZWxhdGlvbkJpbmRpbmc9IiIgVXJsRW5jb2RlPSJUcnVlIiAvPg0KICAgICAgICA8Rm9ybVBvc3RQYXJhbWV0ZXIgTmFtZT0iZnJhbWVBdHRhY2giIFZhbHVlPSIvVXRpbC9BdHRhY2hBZG1pbi5hc3B4P0F0dGFjaERCPUFhdHRlbmRhbnREQl9JVFJEJmFtcDtBdHRhY2hJRD10ZXN0MTAyMTE5MzEyOGE0YjUtNjQwOC00MmE4LTg1N2EtZTVhMTM5OGNlNGEzJmFtcDtBdHRhY2hGaWxlTWF4UXR5PTEmYW1wO0F0dGFjaEZpbGVNYXhLQj0zMDcyJmFtcDtBdHRhY2hGaWxlVG90S0I9MzA3MiZhbXA7QXR0YWNoRmlsZUV4dExpc3Q9IiBSZWNvcmRlZFZhbHVlPSIvVXRpbC9BdHRhY2hBZG1pbi5hc3B4P0F0dGFjaERCPUFhdHRlbmRhbnREQl9JVFJEJmFtcDtBdHRhY2hJRD10ZXN0MTAyMTE5MzEyOGE0YjUtNjQwOC00MmE4LTg1N2EtZTVhMTM5OGNlNGEzJmFtcDtBdHRhY2hGaWxlTWF4UXR5PTEmYW1wO0F0dGFjaEZpbGVNYXhLQj0zMDcyJmFtcDtBdHRhY2hGaWxlVG90S0I9MzA3MiZhbXA7QXR0YWNoRmlsZUV4dExpc3Q9IiBDb3JyZWxhdGlvbkJpbmRpbmc9IiIgVXJsRW5jb2RlPSJUcnVlIiAvPg0KICAgICAgICA8Rm9ybVBvc3RQYXJhbWV0ZXIgTmFtZT0idWNNb2RhbFBvcHVwMSRDbGllbnRXaWR0aCIgVmFsdWU9Int7JEhJRERFTjEudWNNb2RhbFBvcHVwMSRDbGllbnRXaWR0aH19IiBSZWNvcmRlZFZhbHVlPSIwIiBDb3JyZWxhdGlvbkJpbmRpbmc9IiIgVXJsRW5jb2RlPSJUcnVlIiAvPg0KICAgICAgICA8Rm9ybVBvc3RQYXJhbWV0ZXIgTmFtZT0idWNNb2RhbFBvcHVwMSRDbGllbnRIZWlnaHQiIFZhbHVlPSJ7eyRISURERU4xLnVjTW9kYWxQb3B1cDEkQ2xpZW50SGVpZ2h0fX0iIFJlY29yZGVkVmFsdWU9IjAiIENvcnJlbGF0aW9uQmluZGluZz0iIiBVcmxFbmNvZGU9IlRydWUiIC8+DQogICAgICA8L0Zvcm1Qb3N0SHR0cEJvZHk+DQogICAgPC9SZXF1ZXN0Pg0KICAgIDxSZXF1ZXN0IE1ldGhvZD0iUE9TVCIgR3VpZD0iODU4ZjI2YjctNTU2Mi00ZGYwLWExNDktNTkyNTc5MmNiMjg3IiBWZXJzaW9uPSIxLjEiIFVybD0iaHR0cDovLzEwLjExLjM2LjExNDo4MDA3L092ZXJUaW1lL092ZXJ0aW1lUHJlT3JkZXIuYXNweCIgVGhpbmtUaW1lPSIwIiBUaW1lb3V0PSIzMDAiIFBhcnNlRGVwZW5kZW50UmVxdWVzdHM9IlRydWUiIEZvbGxvd1JlZGlyZWN0cz0iVHJ1ZSIgUmVjb3JkUmVzdWx0PSJUcnVlIiBDYWNoZT0iRmFsc2UiIFJlc3BvbnNlVGltZUdvYWw9IjAiIEVuY29kaW5nPSJ1dGYtOCIgRXhwZWN0ZWRIdHRwU3RhdHVzQ29kZT0iMCIgRXhwZWN0ZWRSZXNwb25zZVVybD0iIiBSZXBvcnRpbmdOYW1lPSIiIElnbm9yZUh0dHBTdGF0dXNDb2RlPSJGYWxzZSI+DQogICAgICA8Rm9ybVBvc3RIdHRwQm9keT4NCiAgICAgICAgPEZvcm1Qb3N0UGFyYW1ldGVyIE5hbWU9IlRvb2xraXRTY3JpcHRNYW5hZ2VyMV9IaWRkZW5GaWVsZCIgVmFsdWU9Ijs7QWpheENvbnRyb2xUb29sa2l0LCBWZXJzaW9uPTQuMS43LjYwNywgQ3VsdHVyZT1uZXV0cmFsLCBQdWJsaWNLZXlUb2tlbj0yOGYwMWIwZTg0YjZkNTNlOnpoLUhhbnQ6N2I5NWVkMWEtNmEzZi00MWRkLWJjNWItNjNmMzllZGJjNGI0OmRlMWZlYWIyOmZjZjBlOTkzOmYyYzhlNzA4OjcyMGE1MmJmOmY5Y2VjOWJjOjU4OWVhYTMwOjY5ODEyOWNmOmZiOWI0YzU3OmNjYjk2Y2Y5OmE2N2MyNzAwOjg2MTNhZWE3OjMyMDJhNWEyOmFiMDllM2ZlOjg3MTA0YjdjOmJlNmZiMjk4IiBSZWNvcmRlZFZhbHVlPSI7O0FqYXhDb250cm9sVG9vbGtpdCwgVmVyc2lvbj00LjEuNy42MDcsIEN1bHR1cmU9bmV1dHJhbCwgUHVibGljS2V5VG9rZW49MjhmMDFiMGU4NGI2ZDUzZTp6aC1IYW50OjdiOTVlZDFhLTZhM2YtNDFkZC1iYzViLTYzZjM5ZWRiYzRiNDpkZTFmZWFiMjpmY2YwZTk5MzpmMmM4ZTcwODo3MjBhNTJiZjpmOWNlYzliYzo1ODllYWEzMDo2OTgxMjljZjpmYjliNGM1NzpjY2I5NmNmOTphNjdjMjcwMDo4NjEzYWVhNzozMjAyYTVhMjphYjA5ZTNmZTo4NzEwNGI3YzpiZTZmYjI5OCIgQ29ycmVsYXRpb25CaW5kaW5nPSIiIFVybEVuY29kZT0iVHJ1ZSIgLz4NCiAgICAgICAgPEZvcm1Qb3N0UGFyYW1ldGVyIE5hbWU9Il9fRVZFTlRUQVJHRVQiIFZhbHVlPSJ7eyRISURERU4xLl9fRVZFTlRUQVJHRVR9fSIgUmVjb3JkZWRWYWx1ZT0iIiBDb3JyZWxhdGlvbkJpbmRpbmc9IiIgVXJsRW5jb2RlPSJUcnVlIiAvPg0KICAgICAgICA8Rm9ybVBvc3RQYXJhbWV0ZXIgTmFtZT0iX19FVkVOVEFSR1VNRU5UIiBWYWx1ZT0ie3skSElEREVOMS5fX0VWRU5UQVJHVU1FTlR9fSIgUmVjb3JkZWRWYWx1ZT0iIiBDb3JyZWxhdGlvbkJpbmRpbmc9IiIgVXJsRW5jb2RlPSJUcnVlIiAvPg0KICAgICAgICA8Rm9ybVBvc3RQYXJhbWV0ZXIgTmFtZT0iX19MQVNURk9DVVMiIFZhbHVlPSJ7eyRISURERU4xLl9fTEFTVEZPQ1VTfX0iIFJlY29yZGVkVmFsdWU9IiIgQ29ycmVsYXRpb25CaW5kaW5nPSIiIFVybEVuY29kZT0iVHJ1ZSIgLz4NCiAgICAgICAgPEZvcm1Qb3N0UGFyYW1ldGVyIE5hbWU9Il9fVlNUQVRFIiBWYWx1ZT0ie3skSElEREVOMS5fX1ZTVEFURX19IiBSZWNvcmRlZFZhbHVlPSJBUitMQ0FBQUFBQUFCQUN0VjkxekUxVVVUNVp1R3RLUEZHeGlSZDFkSHB4dHA2UmtrNmdEdFE4a0tUWWpKZGdHSGl4TVpwdDd1MW03M2Mxa2IwdmpFejRVRkhHQW9laGdaNXh4UmdGQkhCMWZLaktPZjRJUFB2ak1rTFI5OGsvQWUvY2oyU1pMQmtxMzArVG1uSFBQNzN6ZnZVKzl3UUV2N1pPV0prVlpEYjQzN09tbWZLR0FQNXRMYVF1bFRMb3pteHNuMzc1c0xpMGlpTDl5OGdMc3p1YW1rWWdXOVpQaUF1ekNOQTJKQ21GZzhkeXlta243YlFHOE9LNlZGMDVtQThjVjdYeEsxQ0ZtVWsveEV3UkJPaUFjaWNjRTRaMjNFNGxnT016NDByQ0VNbW42QUIrTlJ0OFhvdndoWXhGMUxKajkyYkpFVkoyUWRZU1hJZ2FqS1o1bmV2T25SQWxtZElKMlFwT0tUTWdpZkxnSXk1VnBWSlpWeWFEN1RNZG8zL1NwaWVRSEFuUFFranUyaUxSanBaSlNHVitZaFlEUVVycWVVa1JkbHhqZWtpRXhRdmgvdWxEV0ZPV1Vwc3RJMXRTc2lsY29LUmJtSlNaZ3VrQXNoRXlYdzFiNlhxOE9GVmhBWERvem5jdWNUT1c0QW80R3g1MHZRcFhMSnFJanAwdVdQNXlzYzZxR09IVlJVVGpVeW9ZSzNzZnpIRlFCSitxRVdlY2Rrbld5YTVCc3NFazhQMlNKMlJRbmNMdzljTHdkY053Rk9ONEtISGNGanJVSGpyVURqcmtBeDFxQlk2N0FRbnRnb1FWNDBOaHRibTY3ZDlES2NFTmtycXd0Y0hCaWFuSTZuY3huY2xQcGtSa3dxNTBibVRFRTVFOUVVaitrUk00Ui9XWElXUnZIbkVCRGhobW0rMFAxR0FpT0dEamNJeVkrMjdrVzMrem9DZHVqMXdCNUJrUzdDTGJMWEd2aUhBYmJpY09rTmtJdUpydlVnRXM5dXZjR2VRaG9XanV2TnFNYVRqc0NhcmpmOE5SWW1SNCtYbDE5dkhxQjU0WWIwc044aEsvL0pJT1NCTUhGZWxOT2NBaTYrR01LeGR5RTRrMUNjVGVoUkpOUXdpbmtGZ1hENEJjbzN5eW53RG5FZmF6SjZ2UHVTRVE1alZRVHRtVktVMkJLQTNDTVQwUjVUc1RGNHJDWUc4dldseThNRXJkQTRrNlF1QTBTM3gyUW1BVVNjNExFYkpEWTdvQUlGb2pnQkJGc0VHRjNRQ3dNSjBTVU53QmM5VnREcXpGeDhCQWtUWnd0QTFqbVppdk9VOGR4RGpnbXMyUEUxTHVlWXpyeHlqZzEvZmFyQUJPMHoyQ0l4SndvNlZLWW92WUVRYmdmZndiREZEN3ZUOGhTRVNXMTVXUVppdlBqcWppclFGQUVZV29PUzNWUVhrT3E4NHlzeTVoUkJJQ2lEVXBIRGk0amVtRHoxczJOYXhlZnJELzQ3OUdWemZ0ZmJOejlzdnJueXVNTHQ3SGNXMFNPN2FHN2E3K3NiLzU2YmV2eWhjM3ZybUQ2a0VVUFBubjRzSHA1YmZPM1M3V0gxN0FleklwWXJCQm1FZnJOOWRxTmIycVhQdDlZdmJ0eDV6b1dPQnkwRENOTzlBRVE5czRCU3JDSlBrSU1odjFNTDM3cEVzK0l5aUk4TGtNRjBCMGtKVXdQb1JLelRhS2ZFRW0vTWwzNWc0U1YxQlpWSURHZDlSajBoYWg5RWZ4Z3g3WSt4YVpjSWovQzVpdFZwTW42RU9YeG1aeis0VDJVSkJtVzBZWTViSzlwQUJ0c1lMSjlFcnR2RnhBNmQ0NGdSQ09iWDkzYld2bHA0L2JWNm1jLzRnRGJDSUlUSVc1SDEyOUZGNE1GR3ZXSklYdTJUYjg2cnJjVk4rVDFZTTNlcHVBRUdpVytjMjJkRFcyeGw5ZTIxOWJXNVRqZmRxN3VYYU5pS2FPaFNOc0ZjTW1SZXdGNTZ4WVIzVjNCejluRGs1Tm5Ed1BBQlBMNERsQkd4cjNCODVkOFplMmZ2LzJNUHordUFvdVU3R0FmL092SEtqTDZGQlJCVmxVcVJTeVEwelI4bVNqUmtabXRQNzZ0M2JoOGpxdGVmMVM5ZXIvMjlRKzF0WXU0UDJlMjFtNFo5TnI2eXRhdDc2c3JkNm8vLzI3Mk9ESFBpMzBHcE5jMXRhREloWG42bzlOSVZ2S3A0andlRGpsTmtoUm9UQUZaa1ZGbGtFZkx5THpjSktFa3EvbENjYjdCNVE5eHpYd2dMNUVlTzRhSEREODBDbkF2VTJTTTBEcXFLSkJtbDJBWnlRVlJpWWlLTEtsSGtWWWFYYXFyT3pyYUdFUTc4eEx2REdncW1GVk16M3BSVWRaSGxzaUFHT1A1VVlDVEV2WXhQdGQwN0czSnhnUVpFZHVTTVVIcUQ2ZVYzYjk5TS90S1BZTnNmejF6YktqSWhsODJUZXlyOUpubnl3KzJ0VTEyQ05jOU4rekFjNmVGZmUyRjg4RWVjTThDKzNwVENOK29oNTE5MHhIdkkrVFN2WS95OW9VOTVLKzdmOWpqQWRTb0VhS09vQkdoQWJvSHlIcEpFU3RIVlUyRm8rQi9PN1duOUxVUEFBQT0iIENvcnJlbGF0aW9uQmluZGluZz0iIiBVcmxFbmNvZGU9IlRydWUiIC8+DQogICAgICAgIDxGb3JtUG9zdFBhcmFtZXRlciBOYW1lPSJfX1ZJRVdTVEFURSIgVmFsdWU9Int7JEhJRERFTjEuX19WSUVXU1RBVEV9fSIgUmVjb3JkZWRWYWx1ZT0iIiBDb3JyZWxhdGlvbkJpbmRpbmc9IiIgVXJsRW5jb2RlPSJUcnVlIiAvPg0KICAgICAgICA8Rm9ybVBvc3RQYXJhbWV0ZXIgTmFtZT0iX19TQ1JPTExQT1NJVElPTlgiIFZhbHVlPSJ7eyRISURERU4xLl9fU0NST0xMUE9TSVRJT05YfX0iIFJlY29yZGVkVmFsdWU9IjAiIENvcnJlbGF0aW9uQmluZGluZz0iIiBVcmxFbmNvZGU9IlRydWUiIC8+DQogICAgICAgIDxGb3JtUG9zdFBhcmFtZXRlciBOYW1lPSJfX1NDUk9MTFBPU0lUSU9OWSIgVmFsdWU9Int7JEhJRERFTjEuX19TQ1JPTExQT1NJVElPTll9fSIgUmVjb3JkZWRWYWx1ZT0iMCIgQ29ycmVsYXRpb25CaW5kaW5nPSIiIFVybEVuY29kZT0iVHJ1ZSIgLz4NCiAgICAgICAgPEZvcm1Qb3N0UGFyYW1ldGVyIE5hbWU9Il9fVklFV1NUQVRFRU5DUllQVEVEIiBWYWx1ZT0ie3skSElEREVOMS5fX1ZJRVdTVEFURUVOQ1JZUFRFRH19IiBSZWNvcmRlZFZhbHVlPSIiIENvcnJlbGF0aW9uQmluZGluZz0iIiBVcmxFbmNvZGU9IlRydWUiIC8+DQogICAgICAgIDxGb3JtUG9zdFBhcmFtZXRlciBOYW1lPSJfX0VWRU5UVkFMSURBVElPTiIgVmFsdWU9Int7JEhJRERFTjEuX19FVkVOVFZBTElEQVRJT059fSIgUmVjb3JkZWRWYWx1ZT0iMHBFeEhuVWV1UFYyc1lKaURjQnV1Sm9oeDZON0FvcWVEMnFWTXJpVUVKTUFCNUNLbVFORWxqTHNKWCtMcFFRaEpDamNSTkFVeDV0eEVWTFo4clhQSGpQSHBYdkt3eXFXaG1UQkpOOFRNaGZqdUdNaXVIOHJlSWpkTG9sd3JRYnU2eGx4c3FZWTZieTVCMGhJM3JvRjBOUGwxM0pLUWpNRjRQTFZNN25BNWozTDRrSHFHdFRlc2VtL25yTTVzYmUxM1JXSDVEdlFZUDZkcHhrVmpKNUkxSitlUVBwaVRJdXFSWDQwckpVUGdjNngwZ21iN1hITTFGbzNXK2UwN1Q1SGo0cmZ6SGdKbzNCNlJFd1FhWEFZRU4vRkU5WVlObUk2a1o2ZXhWRG0ydVFWSHIwVklEUHVtUFZyMHhKdCtNYXNQSG5RcVZZRjhvajVxenZTUkJKM1EvOGhMNzExTEJxSXZyNE9XVkNuRFlIY0pCQkZhbWdHWmdYM25BSGcxYUtFSElVbDhQSGRqY1JsbWtibFRGK1U2VUZBbWs3N2J6bCsvK3JBbThWOWVsMVg0ZkhZL1RpN0tMSE94L0RQZGtIWlBoa0FBOW4yd0h6NWxTY0FXc2FseHp0S2VzUktSRDdZK2NEUVRGZGlYbVBnNGd6OU0xK1hiNFo3VEdLcW00NlUwU09FcGdDYUE5Z01pUWk0Z3BObExCcGdHN0FWSnVEV0EweUFYczlFREJVOGgvL0pWemRBYTlRM0c1VlB5OGdVT0JRL2Y0ZFl0TXg3WDdYY3RkWnZnV09CVURrQWdzbEF1WnYydzJicTJOcmtvSUhxS3hNYW1QOWdqQjhuaEhtckxaZUFCUDdxNTRKdlhOK3ZxTG9rYVFrU1haZ3M4c1Vrcng1WXhWcXhzcDBLaEIyajUvTlQ3c2FYMFNJOHhnT2hDblozNlBXRjdVOUdCR3hwaHZ0dHhRcnQvVHV4dFNhUW96cWF4S1pYYVIyVzU4aEN3VStwSjhEQTE5VjZXRzQrTGdISWJVOFBubWEwRENhWmhVOGVZeTB4VGNtSk9EQUVwRFQxY1RLN1N5c1VDM1d1UmZGaitBNVIvM3hVczk0U3F3Q0VUVzRSWndTWkZyZnFpV25KNHdUOVZ5emxDN1hYQ0JKYjRUVHdVL21ZclkrMVFpc0ZMcWk3Q3N3VUJMQ1FvYnF4c0IxbFo3K3BKN2NNb1k3bytlcnB2NUF3VFdGMHBuUE8xTkhiVnl4K245d2xsN2c3WG9tckhaMjJBaDF6KzZGSXp4R1hlcGdybmlDc0JUNTVnOVZXSHZUTVc2SmNWSWZzdTg4UHA3b3pPNUo2MjNoQ2RZalRGM09pc1c1ZWlEaElDcXQzTmRpZmZGMnp5R2Qvd2RqcEUzRmg4RzB0bWI4clh3OEk3MlEvRmwxWVFyUXJHM1N3Z2pxalZsZURKbXB0dmtPM092YXUxOXh2SkR3VkFiUGovZnV2c3NiTlVuNDJEaTJML09JTENXUVpFRDJWdklrcm5aZ0JIUCs3WTYvbUdkdDlSVXpWYVZySXNsajA2RzZjMVdZPSIgQ29ycmVsYXRpb25CaW5kaW5nPSIiIFVybEVuY29kZT0iVHJ1ZSIgLz4NCiAgICAgICAgPEZvcm1Qb3N0UGFyYW1ldGVyIE5hbWU9IlNjcmVlbldpZHRoIiBWYWx1ZT0ie3skSElEREVOMS5TY3JlZW5XaWR0aH19IiBSZWNvcmRlZFZhbHVlPSIiIENvcnJlbGF0aW9uQmluZGluZz0iIiBVcmxFbmNvZGU9IlRydWUiIC8+DQogICAgICAgIDxGb3JtUG9zdFBhcmFtZXRlciBOYW1lPSJTY3JlZW5IZWlnaHQiIFZhbHVlPSJ7eyRISURERU4xLlNjcmVlbkhlaWdodH19IiBSZWNvcmRlZFZhbHVlPSIiIENvcnJlbGF0aW9uQmluZGluZz0iIiBVcmxFbmNvZGU9IlRydWUiIC8+DQogICAgICAgIDxGb3JtUG9zdFBhcmFtZXRlciBOYW1lPSJidG5RdWVyeSIgVmFsdWU9IuafpeipoiIgUmVjb3JkZWRWYWx1ZT0i5p+l6KmiIiBDb3JyZWxhdGlvbkJpbmRpbmc9Int7Rm9ybVBvc3RQYXJhbTEuYnRuUXVlcnl9fSIgVXJsRW5jb2RlPSJUcnVlIiAvPg0KICAgICAgICA8Rm9ybVBvc3RQYXJhbWV0ZXIgTmFtZT0iZGRsT3JnQW5kRmxvdyIgVmFsdWU9IiIgUmVjb3JkZWRWYWx1ZT0iIiBDb3JyZWxhdGlvbkJpbmRpbmc9IiIgVXJsRW5jb2RlPSJUcnVlIiAvPg0KICAgICAgICA8Rm9ybVBvc3RQYXJhbWV0ZXIgTmFtZT0iZGRsUXVlcnlDb25kaXRpb25zIiBWYWx1ZT0iMCIgUmVjb3JkZWRWYWx1ZT0iMCIgQ29ycmVsYXRpb25CaW5kaW5nPSJ7e0Zvcm1Qb3N0UGFyYW0zLmRkbFF1ZXJ5Q29uZGl0aW9uc319IiBVcmxFbmNvZGU9IlRydWUiIC8+DQogICAgICAgIDxGb3JtUG9zdFBhcmFtZXRlciBOYW1lPSJ0eHRPVEVtcElEIiBWYWx1ZT0iMTAyMTE5IiBSZWNvcmRlZFZhbHVlPSIxMDIxMTkiIENvcnJlbGF0aW9uQmluZGluZz0ie3tGb3JtUG9zdFBhcmFtMi50eHRPVEVtcElEfX0iIFVybEVuY29kZT0iVHJ1ZSIgLz4NCiAgICAgICAgPEZvcm1Qb3N0UGFyYW1ldGVyIE5hbWU9InR4dE9URW1wTmFtZSIgVmFsdWU9IiIgUmVjb3JkZWRWYWx1ZT0iIiBDb3JyZWxhdGlvbkJpbmRpbmc9IiIgVXJsRW5jb2RlPSJUcnVlIiAvPg0KICAgICAgICA8Rm9ybVBvc3RQYXJhbWV0ZXIgTmFtZT0idHh0T1RGb3JtTk8iIFZhbHVlPSIiIFJlY29yZGVkVmFsdWU9IiIgQ29ycmVsYXRpb25CaW5kaW5nPSIiIFVybEVuY29kZT0iVHJ1ZSIgLz4NCiAgICAgICAgPEZvcm1Qb3N0UGFyYW1ldGVyIE5hbWU9ImRkbE9UU3RhdHVzIiBWYWx1ZT0iMSIgUmVjb3JkZWRWYWx1ZT0iMSIgQ29ycmVsYXRpb25CaW5kaW5nPSJ7e0Zvcm1Qb3N0UGFyYW00LmRkbE9UU3RhdHVzfX0iIFVybEVuY29kZT0iVHJ1ZSIgLz4NCiAgICAgICAgPEZvcm1Qb3N0UGFyYW1ldGVyIE5hbWU9InR4dE9URGF0ZUJlZ2luJHR4dERhdGUiIFZhbHVlPSIiIFJlY29yZGVkVmFsdWU9IiIgQ29ycmVsYXRpb25CaW5kaW5nPSIiIFVybEVuY29kZT0iVHJ1ZSIgLz4NCiAgICAgICAgPEZvcm1Qb3N0UGFyYW1ldGVyIE5hbWU9InR4dE9URGF0ZUVuZCR0eHREYXRlIiBWYWx1ZT0iIiBSZWNvcmRlZFZhbHVlPSIiIENvcnJlbGF0aW9uQmluZGluZz0iIiBVcmxFbmNvZGU9IlRydWUiIC8+DQogICAgICAgIDxGb3JtUG9zdFBhcmFtZXRlciBOYW1lPSJ1Y01vZGFsUG9wdXAxJENsaWVudFdpZHRoIiBWYWx1ZT0ie3skSElEREVOMS51Y01vZGFsUG9wdXAxJENsaWVudFdpZHRofX0iIFJlY29yZGVkVmFsdWU9IjAiIENvcnJlbGF0aW9uQmluZGluZz0iIiBVcmxFbmNvZGU9IlRydWUiIC8+DQogICAgICAgIDxGb3JtUG9zdFBhcmFtZXRlciBOYW1lPSJ1Y01vZGFsUG9wdXAxJENsaWVudEhlaWdodCIgVmFsdWU9Int7JEhJRERFTjEudWNNb2RhbFBvcHVwMSRDbGllbnRIZWlnaHR9fSIgUmVjb3JkZWRWYWx1ZT0iMCIgQ29ycmVsYXRpb25CaW5kaW5nPSIiIFVybEVuY29kZT0iVHJ1ZSIgLz4NCiAgICAgIDwvRm9ybVBvc3RIdHRwQm9keT4NCiAgICA8L1JlcXVlc3Q+DQogIDwvSXRlbXM+DQogIDxWYWxpZGF0aW9uUnVsZXM+DQogICAgPFZhbGlkYXRpb25SdWxlIENsYXNzbmFtZT0iTWljcm9zb2Z0LlZpc3VhbFN0dWRpby5UZXN0VG9vbHMuV2ViVGVzdGluZy5SdWxlcy5WYWxpZGF0ZVJlc3BvbnNlVXJsLCBNaWNyb3NvZnQuVmlzdWFsU3R1ZGlvLlF1YWxpdHlUb29scy5XZWJUZXN0RnJhbWV3b3JrLCBWZXJzaW9uPTEwLjAuMC4wLCBDdWx0dXJlPW5ldXRyYWwsIFB1YmxpY0tleVRva2VuPWIwM2Y1ZjdmMTFkNTBhM2EiIERpc3BsYXlOYW1lPSLlm57mh4kgVVJMIiBEZXNjcmlwdGlvbj0i6amX6K2J5Zue5oeJIFVSTCDlnKjlpZfnlKjph43mlrDlsI7lkJHkuYvlvozmmK/lkKblkozoqJjpjITnmoTlm57mh4kgVVJMIOebuOWQjOOAguW3suW/veeVpSBRdWVyeVN0cmluZyDlj4PmlbjjgIIiIExldmVsPSJMb3ciIEV4ZWN0dWlvbk9yZGVyPSJCZWZvcmVEZXBlbmRlbnRzIiAvPg0KICAgIDxWYWxpZGF0aW9uUnVsZSBDbGFzc25hbWU9Ik1pY3Jvc29mdC5WaXN1YWxTdHVkaW8uVGVzdFRvb2xzLldlYlRlc3RpbmcuUnVsZXMuVmFsaWRhdGlvblJ1bGVSZXNwb25zZVRpbWVHb2FsLCBNaWNyb3NvZnQuVmlzdWFsU3R1ZGlvLlF1YWxpdHlUb29scy5XZWJUZXN0RnJhbWV3b3JrLCBWZXJzaW9uPTEwLjAuMC4wLCBDdWx0dXJlPW5ldXRyYWwsIFB1YmxpY0tleVRva2VuPWIwM2Y1ZjdmMTFkNTBhM2EiIERpc3BsYXlOYW1lPSLlm57mh4nmmYLplpPnm67mqJkiIERlc2NyaXB0aW9uPSLpqZforYnmraTopoHmsYLnmoTlm57mh4nmmYLplpPmmK/lkKblsI/mlrzmiJbnrYnmlrzmraTopoHmsYLmiYDmjIflrprnmoTlm57mh4nmmYLplpPnm67mqJnjgILlm57mh4nmmYLplpPnm67mqJnngrrpm7blsIfooqvlv73nlaXjgIIiIExldmVsPSJMb3ciIEV4ZWN0dWlvbk9yZGVyPSJBZnRlckRlcGVuZGVudHMiPg0KICAgICAgPFJ1bGVQYXJhbWV0ZXJzPg0KICAgICAgICA8UnVsZVBhcmFtZXRlciBOYW1lPSJUb2xlcmFuY2UiIFZhbHVlPSIwIiAvPg0KICAgICAgPC9SdWxlUGFyYW1ldGVycz4NCiAgICA8L1ZhbGlkYXRpb25SdWxlPg0KICA8L1ZhbGlkYXRpb25SdWxlcz4NCjwvV2ViVGVzdD4=">
    </WebTest>
    <WebTest name="WebTestSelectCase01" storage="d:\git\attendant\loadtesting\loadtesting\webtestselectcase01.webtest" id="a5b43290-1c44-42f1-bfa2-c60d219f5d58" persistedWebTest="77u/PD94bWwgdmVyc2lvbj0iMS4wIiBlbmNvZGluZz0iVVRGLTgiIHN0YW5kYWxvbmU9InllcyI/Pg0KPFdlYlRlc3QgTmFtZT0iV2ViVGVzdFNlbGVjdENhc2UwMSIgSWQ9ImE1YjQzMjkwLTFjNDQtNDJmMS1iZmEyLWM2MGQyMTlmNWQ1OCIgT3duZXI9IiIgUHJpb3JpdHk9IjIxNDc0ODM2NDciIEVuYWJsZWQ9IlRydWUiIENzc1Byb2plY3RTdHJ1Y3R1cmU9IiIgQ3NzSXRlcmF0aW9uPSIiIFRpbWVvdXQ9IjAiIFdvcmtJdGVtSWRzPSIiIHhtbG5zPSJodHRwOi8vbWljcm9zb2Z0LmNvbS9zY2hlbWFzL1Zpc3VhbFN0dWRpby9UZWFtVGVzdC8yMDEwIiBEZXNjcmlwdGlvbj0iIiBDcmVkZW50aWFsVXNlck5hbWU9IiIgQ3JlZGVudGlhbFBhc3N3b3JkPSIiIFByZUF1dGhlbnRpY2F0ZT0iVHJ1ZSIgUHJveHk9ImRlZmF1bHQiIFN0b3BPbkVycm9yPSJGYWxzZSIgUmVjb3JkZWRSZXN1bHRGaWxlPSJXZWJUZXN0MS41YWI5MWZiNS05NjgwLTQ1NjUtYTRjNi02OTI2YmZhMTliMjgucmVjLndlYnRlc3RyZXN1bHQiIFJlc3VsdHNMb2NhbGU9IiI+DQogIDxJdGVtcz4NCiAgICA8UmVxdWVzdCBNZXRob2Q9IkdFVCIgR3VpZD0iOWQxNDkyZTQtNmRiZC00NWRmLTlkNWUtY2I2ZTZmNGIyZmY3IiBWZXJzaW9uPSIxLjEiIFVybD0iaHR0cDovLzEwLjExLjM2LjExNDo4MDA3L2hybG9naW4vaHJsb2dpbi5hc3B4IiBUaGlua1RpbWU9IjAiIFRpbWVvdXQ9IjMwMCIgUGFyc2VEZXBlbmRlbnRSZXF1ZXN0cz0iVHJ1ZSIgRm9sbG93UmVkaXJlY3RzPSJUcnVlIiBSZWNvcmRSZXN1bHQ9IlRydWUiIENhY2hlPSJGYWxzZSIgUmVzcG9uc2VUaW1lR29hbD0iMCIgRW5jb2Rpbmc9InV0Zi04IiBFeHBlY3RlZEh0dHBTdGF0dXNDb2RlPSIwIiBFeHBlY3RlZFJlc3BvbnNlVXJsPSIiIFJlcG9ydGluZ05hbWU9IiIgSWdub3JlSHR0cFN0YXR1c0NvZGU9IkZhbHNlIj4NCiAgICAgIDxFeHRyYWN0aW9uUnVsZXM+DQogICAgICAgIDxFeHRyYWN0aW9uUnVsZSBDbGFzc25hbWU9Ik1pY3Jvc29mdC5WaXN1YWxTdHVkaW8uVGVzdFRvb2xzLldlYlRlc3RpbmcuUnVsZXMuRXh0cmFjdEhpZGRlbkZpZWxkcywgTWljcm9zb2Z0LlZpc3VhbFN0dWRpby5RdWFsaXR5VG9vbHMuV2ViVGVzdEZyYW1ld29yaywgVmVyc2lvbj0xMC4wLjAuMCwgQ3VsdHVyZT1uZXV0cmFsLCBQdWJsaWNLZXlUb2tlbj1iMDNmNWY3ZjExZDUwYTNhIiBWYXJpYWJsZU5hbWU9IjEiIERpc3BsYXlOYW1lPSLmk7flj5bpmrHol4/mrITkvY0iIERlc2NyaXB0aW9uPSLmk7flj5blm57mh4nkuK3nmoTmiYDmnInpmrHol4/mrITkvY3vvIzkuKblsIflroPlgJHmlL7lnKjmuKzoqablhaflrrnkuK3jgIIiPg0KICAgICAgICAgIDxSdWxlUGFyYW1ldGVycz4NCiAgICAgICAgICAgIDxSdWxlUGFyYW1ldGVyIE5hbWU9IlJlcXVpcmVkIiBWYWx1ZT0iVHJ1ZSIgLz4NCiAgICAgICAgICAgIDxSdWxlUGFyYW1ldGVyIE5hbWU9Ikh0bWxEZWNvZGUiIFZhbHVlPSJUcnVlIiAvPg0KICAgICAgICAgIDwvUnVsZVBhcmFtZXRlcnM+DQogICAgICAgIDwvRXh0cmFjdGlvblJ1bGU+DQogICAgICA8L0V4dHJhY3Rpb25SdWxlcz4NCiAgICAgIDxDb3JyZWxhdGlvbkV4dHJhY3Rpb25SdWxlcz4NCiAgICAgICAgPEV4dHJhY3Rpb25SdWxlIENsYXNzbmFtZT0iTWljcm9zb2Z0LlZpc3VhbFN0dWRpby5UZXN0VG9vbHMuV2ViVGVzdGluZy5SdWxlcy5FeHRyYWN0Rm9ybUZpZWxkLCBNaWNyb3NvZnQuVmlzdWFsU3R1ZGlvLlF1YWxpdHlUb29scy5XZWJUZXN0RnJhbWV3b3JrLCBWZXJzaW9uPTEwLjAuMC4wLCBDdWx0dXJlPW5ldXRyYWwsIFB1YmxpY0tleVRva2VuPWIwM2Y1ZjdmMTFkNTBhM2EiIFZhcmlhYmxlTmFtZT0iRm9ybVBvc3RQYXJhbTEzLmJ0bkV4ZWN1dGUiIERpc3BsYXlOYW1lPSIiIERlc2NyaXB0aW9uPSIiPg0KICAgICAgICAgIDxSdWxlUGFyYW1ldGVycz4NCiAgICAgICAgICAgIDxSdWxlUGFyYW1ldGVyIE5hbWU9Ik5hbWUiIFZhbHVlPSJidG5FeGVjdXRlIiAvPg0KICAgICAgICAgICAgPFJ1bGVQYXJhbWV0ZXIgTmFtZT0iSHRtbERlY29kZSIgVmFsdWU9IlRydWUiIC8+DQogICAgICAgICAgICA8UnVsZVBhcmFtZXRlciBOYW1lPSJSZXF1aXJlZCIgVmFsdWU9IkZhbHNlIiAvPg0KICAgICAgICAgICAgPFJ1bGVQYXJhbWV0ZXIgTmFtZT0iSW5kZXgiIFZhbHVlPSIwIiAvPg0KICAgICAgICAgIDwvUnVsZVBhcmFtZXRlcnM+DQogICAgICAgIDwvRXh0cmFjdGlvblJ1bGU+DQogICAgICAgIDxFeHRyYWN0aW9uUnVsZSBDbGFzc25hbWU9Ik1pY3Jvc29mdC5WaXN1YWxTdHVkaW8uVGVzdFRvb2xzLldlYlRlc3RpbmcuUnVsZXMuRXh0cmFjdFRleHQsIE1pY3Jvc29mdC5WaXN1YWxTdHVkaW8uUXVhbGl0eVRvb2xzLldlYlRlc3RGcmFtZXdvcmssIFZlcnNpb249MTAuMC4wLjAsIEN1bHR1cmU9bmV1dHJhbCwgUHVibGljS2V5VG9rZW49YjAzZjVmN2YxMWQ1MGEzYSIgVmFyaWFibGVOYW1lPSJGb3JtUG9zdFBhcmFtMTQuZGRsVUlDdWx0dXJlIiBEaXNwbGF5TmFtZT0iIiBEZXNjcmlwdGlvbj0iIj4NCiAgICAgICAgICA8UnVsZVBhcmFtZXRlcnM+DQogICAgICAgICAgICA8UnVsZVBhcmFtZXRlciBOYW1lPSJTdGFydHNXaXRoIiBWYWx1ZT0ibHVlPSZxdW90OyIgLz4NCiAgICAgICAgICAgIDxSdWxlUGFyYW1ldGVyIE5hbWU9IkVuZHNXaXRoIiBWYWx1ZT0iJnF1b3Q7Jmd0O+ato+mrlOS4rSIgLz4NCiAgICAgICAgICAgIDxSdWxlUGFyYW1ldGVyIE5hbWU9IkluZGV4IiBWYWx1ZT0iOCIgLz4NCiAgICAgICAgICAgIDxSdWxlUGFyYW1ldGVyIE5hbWU9Iklnbm9yZUNhc2UiIFZhbHVlPSJGYWxzZSIgLz4NCiAgICAgICAgICAgIDxSdWxlUGFyYW1ldGVyIE5hbWU9IlVzZVJlZ3VsYXJFeHByZXNzaW9uIiBWYWx1ZT0iRmFsc2UiIC8+DQogICAgICAgICAgICA8UnVsZVBhcmFtZXRlciBOYW1lPSJIdG1sRGVjb2RlIiBWYWx1ZT0iVHJ1ZSIgLz4NCiAgICAgICAgICAgIDxSdWxlUGFyYW1ldGVyIE5hbWU9IlJlcXVpcmVkIiBWYWx1ZT0iRmFsc2UiIC8+DQogICAgICAgICAgPC9SdWxlUGFyYW1ldGVycz4NCiAgICAgICAgPC9FeHRyYWN0aW9uUnVsZT4NCiAgICAgIDwvQ29ycmVsYXRpb25FeHRyYWN0aW9uUnVsZXM+DQogICAgPC9SZXF1ZXN0Pg0KICAgIDxSZXF1ZXN0IE1ldGhvZD0iUE9TVCIgR3VpZD0iMGQwNWNkYTEtY2VlYS00ZjY3LWExODAtNjcxNTJkNTY5OTlhIiBWZXJzaW9uPSIxLjEiIFVybD0iaHR0cDovLzEwLjExLjM2LjExNDo4MDA3L2hybG9naW4vaHJsb2dpbi5hc3B4IiBUaGlua1RpbWU9IjYyIiBUaW1lb3V0PSIzMDAiIFBhcnNlRGVwZW5kZW50UmVxdWVzdHM9IlRydWUiIEZvbGxvd1JlZGlyZWN0cz0iVHJ1ZSIgUmVjb3JkUmVzdWx0PSJUcnVlIiBDYWNoZT0iRmFsc2UiIFJlc3BvbnNlVGltZUdvYWw9IjAiIEVuY29kaW5nPSJ1dGYtOCIgRXhwZWN0ZWRIdHRwU3RhdHVzQ29kZT0iMCIgRXhwZWN0ZWRSZXNwb25zZVVybD0iIiBSZXBvcnRpbmdOYW1lPSIiIElnbm9yZUh0dHBTdGF0dXNDb2RlPSJGYWxzZSI+DQogICAgICA8Rm9ybVBvc3RIdHRwQm9keT4NCiAgICAgICAgPEZvcm1Qb3N0UGFyYW1ldGVyIE5hbWU9Il9fTEFTVEZPQ1VTIiBWYWx1ZT0ie3skSElEREVOMS5fX0xBU1RGT0NVU319IiBSZWNvcmRlZFZhbHVlPSIiIENvcnJlbGF0aW9uQmluZGluZz0iIiBVcmxFbmNvZGU9IlRydWUiIC8+DQogICAgICAgIDxGb3JtUG9zdFBhcmFtZXRlciBOYW1lPSJfX0VWRU5UVEFSR0VUIiBWYWx1ZT0ie3skSElEREVOMS5fX0VWRU5UVEFSR0VUfX0iIFJlY29yZGVkVmFsdWU9IiIgQ29ycmVsYXRpb25CaW5kaW5nPSIiIFVybEVuY29kZT0iVHJ1ZSIgLz4NCiAgICAgICAgPEZvcm1Qb3N0UGFyYW1ldGVyIE5hbWU9Il9fRVZFTlRBUkdVTUVOVCIgVmFsdWU9Int7JEhJRERFTjEuX19FVkVOVEFSR1VNRU5UfX0iIFJlY29yZGVkVmFsdWU9IiIgQ29ycmVsYXRpb25CaW5kaW5nPSIiIFVybEVuY29kZT0iVHJ1ZSIgLz4NCiAgICAgICAgPEZvcm1Qb3N0UGFyYW1ldGVyIE5hbWU9Il9fVklFV1NUQVRFIiBWYWx1ZT0ie3skSElEREVOMS5fX1ZJRVdTVEFURX19IiBSZWNvcmRlZFZhbHVlPSIvd0VQRHdVS0xUUTFORE0xTVRBME1nOWtGZ0lDQXc5a0ZnUUNBUThXQWg0SFZtbHphV0pzWldjV0JBSUJEdzhXSGg0S1gwMWhlRXhsYm1kMGFHWWVFbDlKYzBGMWRHOVViMVZ3Y0dWeVEyRnpaV2dlREY5SmMwRmpkR2wyWlVsTlJXY2VDMTlKYzFCaGMzTjNiM0prYUI0T1gxUmxlSFJUYUdsbWRFdHBibVFMS1g5VGFXNXZVR0ZqTGxkbFlrVjRjSEpsYzNNdVEyOXRiVzl1TGxWMGFXd3JWR1Y0ZEZOb2FXWjBTMmx1WkN3Z1UybHViMUJoWXk1WFpXSkZlSEJ5WlhOekxrTnZiVzF2Yml3Z1ZtVnljMmx2YmowM0xqTXVNekV1TVN3Z1EzVnNkSFZ5WlQxdVpYVjBjbUZzTENCUWRXSnNhV05MWlhsVWIydGxiajF1ZFd4c0FCNEtYMWRoZEdWeVRXRnlhMlVlQ0Y5SmMwTnNaV0Z5YUI0SVgxUnZiMnhVYVhCbEhndGZTWE5TWldGa1QyNXNlV2dlQ1Y5RGMzTkRiR0Z6YzJVZUQxOUpjMWRwWkhSb1FubFFhWGhsYkdjZUUxOUpjMFJwYzNCRmJuUmxjbVZrVjI5eVpITm9IZ1pmVjJsa2RHZ0NVQjRJWDBselJtOWpkWE5uSGdsZlNYTlNaV2RGZUhCb1pCWUVBZ0VQWkJZQ0FnRVBFQTlrRmdJZUIyOXVZMnhwWTJzRnZ3RjJZWElnYjFaaGJHbGtJRDBnWkc5amRXMWxiblF1WjJWMFJXeGxiV1Z1ZEVKNVNXUW9KM1I0ZEZWelpYSkpSRjlTWlhGMWFYSmxaRVpwWld4a1ZtRnNhV1JoZEc5eU1TY3BPMVpoYkdsa1lYUnZja1Z1WVdKc1pTaHZWbUZzYVdRc2RHaHBjeTVqYUdWamEyVmtLVHRWZEdsc1gwTm9hMEp2ZUZSdloyZHNaVlpwYzJsaWFXeHBkSGtvSjNSNGRGVnpaWEpKUkY5amFHdFdhWE5wWW1sc2FYUjVKeXdnSjNSNGRGVnpaWEpKUkY5a2FYWkVZWFJoUVhKbFlTY3BPMlJrWkFJRER4WUNIZ1Z6ZEhsc1pRVTJabXh2WVhRNmJHVm1kRHRrYVhOd2JHRjVPbWx1YkdsdVpTMWliRzlqYXp0d1lXUmthVzVuT2pBN2RtbHphV0pwYkdsMGVUbzdGZ1lDQVE4UEZnZ2VDRkpsWVdSUGJteDVhQjRGVjJsa2RHZ2JBQUFBQUFBQVZFQUJBQUFBSGdoRGMzTkRiR0Z6YzJVZUJGOGhVMElDZ2dJV0FoNEhiMjVyWlhsMWNBVU9kR2hwY3k1MGFYUnNaVDBuSnp0a0FnTVBEeFlFSHhNYkFBQUFBQUFBVkVBQkFBQUFIeFVDZ0FKa1pBSUZEMlFXQWdJQkR3OFdBaDRFVkdWNGRBVVhXK1drcCtXdnErbU9sdVd1bWwzbHQ3TGxsWi9ubEtnV0FoOFJCWlFCY0dGa1pHbHVaem9nTW5CNElERXdjSGdnTW5CNElERXdjSGc3SUdOdmJHOXlPaU13TURBN0lHSmhZMnRuY205MWJtUTZJQ05HUmtVNFFUWTdJR1p2Ym5RdGQyVnBaMmgwT2lCaWIyeGtPeUJpYjNKa1pYSTZJREZ3ZUNCemIyeHBaQ0JrWVhKclozSmhlVHNnZDJocGRHVXRjM0JoWTJVNklHNXZkM0poY0RzZ1ltOXlaR1Z5TFhKaFpHbDFjem9nTTNCNE8yUUNBdzhRRHhZR0hnNUVZWFJoVm1Gc2RXVkdhV1ZzWkFVRFMyVjVIZzFFWVhSaFZHVjRkRVpwWld4a0JRVldZV3gxWlI0TFh5RkVZWFJoUW05MWJtUm5aQkFWQkFkRmJtZHNhWE5vRE9ldWdPUzlrK1M0cmVhV2h3em1yYVBwcTVUa3VLM21sb2NNNTY2QTVMMlQ1ckdKNksrdEZRUUNaVzRHZW1ndFEwaFRCbnBvTFVOSVZBZDZhQzFJWVc1ekZDc0RCR2RuWjJka1pBSUREdzhXQWg4WFpXUmtaQ2NWUllYVGg5akNDTXdTY3c0blJ1VjA5bS85IiBDb3JyZWxhdGlvbkJpbmRpbmc9IiIgVXJsRW5jb2RlPSJUcnVlIiAvPg0KICAgICAgICA8Rm9ybVBvc3RQYXJhbWV0ZXIgTmFtZT0iX19WSUVXU1RBVEVHRU5FUkFUT1IiIFZhbHVlPSJ7eyRISURERU4xLl9fVklFV1NUQVRFR0VORVJBVE9SfX0iIFJlY29yZGVkVmFsdWU9IjVCQjBGMjkwIiBDb3JyZWxhdGlvbkJpbmRpbmc9IiIgVXJsRW5jb2RlPSJUcnVlIiAvPg0KICAgICAgICA8Rm9ybVBvc3RQYXJhbWV0ZXIgTmFtZT0iX19FVkVOVFZBTElEQVRJT04iIFZhbHVlPSJ7eyRISURERU4xLl9fRVZFTlRWQUxJREFUSU9OfX0iIFJlY29yZGVkVmFsdWU9Ii93RWRBQWpaemdlZEs3V0hudUtBMm8rc1ZSQVRaaFRxbzJ5ZHJjQXZWWGhWWDBLRktZSUZmUlJaaFhzeFV5NDNxZm1WZ1ArTFJicVhBcjRwWFJBeDVMZ1BQRmpnZUNQRmNuNWFQTVloQjZnZWwwby9ibDNGUS9xblFXMnVGb1pQbmh3ckoxZGd6Q2twcWNYSG9MV1IrZmM4eEgzWVJyUHBHenJEK1pHMFdrNFlybjM1RnZrZWYvdFpSZzdHY0ZOMzdOZ0tHNlVXTlBnZSIgQ29ycmVsYXRpb25CaW5kaW5nPSIiIFVybEVuY29kZT0iVHJ1ZSIgLz4NCiAgICAgICAgPEZvcm1Qb3N0UGFyYW1ldGVyIE5hbWU9InR4dFVzZXJJRCR0eHREYXRhIiBWYWx1ZT0iMTAyMTE5IiBSZWNvcmRlZFZhbHVlPSIxMDIxMTkiIENvcnJlbGF0aW9uQmluZGluZz0iIiBVcmxFbmNvZGU9IlRydWUiIC8+DQogICAgICAgIDxGb3JtUG9zdFBhcmFtZXRlciBOYW1lPSJkZGxVSUN1bHR1cmUiIFZhbHVlPSJ6aC1DSFQiIFJlY29yZGVkVmFsdWU9InpoLUNIVCIgQ29ycmVsYXRpb25CaW5kaW5nPSJ7e0Zvcm1Qb3N0UGFyYW0xNC5kZGxVSUN1bHR1cmV9fSIgVXJsRW5jb2RlPSJUcnVlIiAvPg0KICAgICAgICA8Rm9ybVBvc3RQYXJhbWV0ZXIgTmFtZT0iYnRuRXhlY3V0ZSIgVmFsdWU9IkxvY2FsIExvZ2luIiBSZWNvcmRlZFZhbHVlPSJMb2NhbCBMb2dpbiIgQ29ycmVsYXRpb25CaW5kaW5nPSJ7e0Zvcm1Qb3N0UGFyYW0xMy5idG5FeGVjdXRlfX0iIFVybEVuY29kZT0iVHJ1ZSIgLz4NCiAgICAgIDwvRm9ybVBvc3RIdHRwQm9keT4NCiAgICA8L1JlcXVlc3Q+DQogICAgPFJlcXVlc3QgTWV0aG9kPSJHRVQiIEd1aWQ9ImViNGEwYjJjLTcwOTItNGIwZS04ZTQzLTIxZDMyNGJmMjRiOCIgVmVyc2lvbj0iMS4xIiBVcmw9Imh0dHA6Ly8xMC4xMS4zNi4xMTQ6ODAwNy9PdmVyVGltZS9PdmVydGltZVByZU9yZGVyLmFzcHgiIFRoaW5rVGltZT0iMTQzIiBUaW1lb3V0PSIzMDAiIFBhcnNlRGVwZW5kZW50UmVxdWVzdHM9IlRydWUiIEZvbGxvd1JlZGlyZWN0cz0iVHJ1ZSIgUmVjb3JkUmVzdWx0PSJUcnVlIiBDYWNoZT0iRmFsc2UiIFJlc3BvbnNlVGltZUdvYWw9IjAiIEVuY29kaW5nPSJ1dGYtOCIgRXhwZWN0ZWRIdHRwU3RhdHVzQ29kZT0iMCIgRXhwZWN0ZWRSZXNwb25zZVVybD0iIiBSZXBvcnRpbmdOYW1lPSIiIElnbm9yZUh0dHBTdGF0dXNDb2RlPSJGYWxzZSI+DQogICAgICA8RXh0cmFjdGlvblJ1bGVzPg0KICAgICAgICA8RXh0cmFjdGlvblJ1bGUgQ2xhc3NuYW1lPSJNaWNyb3NvZnQuVmlzdWFsU3R1ZGlvLlRlc3RUb29scy5XZWJUZXN0aW5nLlJ1bGVzLkV4dHJhY3RIaWRkZW5GaWVsZHMsIE1pY3Jvc29mdC5WaXN1YWxTdHVkaW8uUXVhbGl0eVRvb2xzLldlYlRlc3RGcmFtZXdvcmssIFZlcnNpb249MTAuMC4wLjAsIEN1bHR1cmU9bmV1dHJhbCwgUHVibGljS2V5VG9rZW49YjAzZjVmN2YxMWQ1MGEzYSIgVmFyaWFibGVOYW1lPSIxIiBEaXNwbGF5TmFtZT0i5pO35Y+W6Zqx6JeP5qyE5L2NIiBEZXNjcmlwdGlvbj0i5pO35Y+W5Zue5oeJ5Lit55qE5omA5pyJ6Zqx6JeP5qyE5L2N77yM5Lim5bCH5a6D5YCR5pS+5Zyo5ris6Kmm5YWn5a655Lit44CCIj4NCiAgICAgICAgICA8UnVsZVBhcmFtZXRlcnM+DQogICAgICAgICAgICA8UnVsZVBhcmFtZXRlciBOYW1lPSJSZXF1aXJlZCIgVmFsdWU9IlRydWUiIC8+DQogICAgICAgICAgICA8UnVsZVBhcmFtZXRlciBOYW1lPSJIdG1sRGVjb2RlIiBWYWx1ZT0iVHJ1ZSIgLz4NCiAgICAgICAgICA8L1J1bGVQYXJhbWV0ZXJzPg0KICAgICAgICA8L0V4dHJhY3Rpb25SdWxlPg0KICAgICAgPC9FeHRyYWN0aW9uUnVsZXM+DQogICAgICA8Q29ycmVsYXRpb25FeHRyYWN0aW9uUnVsZXM+DQogICAgICAgIDxFeHRyYWN0aW9uUnVsZSBDbGFzc25hbWU9Ik1pY3Jvc29mdC5WaXN1YWxTdHVkaW8uVGVzdFRvb2xzLldlYlRlc3RpbmcuUnVsZXMuRXh0cmFjdEZvcm1GaWVsZCwgTWljcm9zb2Z0LlZpc3VhbFN0dWRpby5RdWFsaXR5VG9vbHMuV2ViVGVzdEZyYW1ld29yaywgVmVyc2lvbj0xMC4wLjAuMCwgQ3VsdHVyZT1uZXV0cmFsLCBQdWJsaWNLZXlUb2tlbj1iMDNmNWY3ZjExZDUwYTNhIiBWYXJpYWJsZU5hbWU9IkZvcm1Qb3N0UGFyYW05LmJ0blF1ZXJ5IiBEaXNwbGF5TmFtZT0iIiBEZXNjcmlwdGlvbj0iIj4NCiAgICAgICAgICA8UnVsZVBhcmFtZXRlcnM+DQogICAgICAgICAgICA8UnVsZVBhcmFtZXRlciBOYW1lPSJOYW1lIiBWYWx1ZT0iYnRuUXVlcnkiIC8+DQogICAgICAgICAgICA8UnVsZVBhcmFtZXRlciBOYW1lPSJIdG1sRGVjb2RlIiBWYWx1ZT0iVHJ1ZSIgLz4NCiAgICAgICAgICAgIDxSdWxlUGFyYW1ldGVyIE5hbWU9IlJlcXVpcmVkIiBWYWx1ZT0iRmFsc2UiIC8+DQogICAgICAgICAgICA8UnVsZVBhcmFtZXRlciBOYW1lPSJJbmRleCIgVmFsdWU9IjAiIC8+DQogICAgICAgICAgPC9SdWxlUGFyYW1ldGVycz4NCiAgICAgICAgPC9FeHRyYWN0aW9uUnVsZT4NCiAgICAgICAgPEV4dHJhY3Rpb25SdWxlIENsYXNzbmFtZT0iTWljcm9zb2Z0LlZpc3VhbFN0dWRpby5UZXN0VG9vbHMuV2ViVGVzdGluZy5SdWxlcy5FeHRyYWN0Rm9ybUZpZWxkLCBNaWNyb3NvZnQuVmlzdWFsU3R1ZGlvLlF1YWxpdHlUb29scy5XZWJUZXN0RnJhbWV3b3JrLCBWZXJzaW9uPTEwLjAuMC4wLCBDdWx0dXJlPW5ldXRyYWwsIFB1YmxpY0tleVRva2VuPWIwM2Y1ZjdmMTFkNTBhM2EiIFZhcmlhYmxlTmFtZT0iRm9ybVBvc3RQYXJhbTEwLnR4dE9URW1wSUQiIERpc3BsYXlOYW1lPSIiIERlc2NyaXB0aW9uPSIiPg0KICAgICAgICAgIDxSdWxlUGFyYW1ldGVycz4NCiAgICAgICAgICAgIDxSdWxlUGFyYW1ldGVyIE5hbWU9Ik5hbWUiIFZhbHVlPSJ0eHRPVEVtcElEIiAvPg0KICAgICAgICAgICAgPFJ1bGVQYXJhbWV0ZXIgTmFtZT0iSHRtbERlY29kZSIgVmFsdWU9IlRydWUiIC8+DQogICAgICAgICAgICA8UnVsZVBhcmFtZXRlciBOYW1lPSJSZXF1aXJlZCIgVmFsdWU9IkZhbHNlIiAvPg0KICAgICAgICAgICAgPFJ1bGVQYXJhbWV0ZXIgTmFtZT0iSW5kZXgiIFZhbHVlPSIwIiAvPg0KICAgICAgICAgIDwvUnVsZVBhcmFtZXRlcnM+DQogICAgICAgIDwvRXh0cmFjdGlvblJ1bGU+DQogICAgICAgIDxFeHRyYWN0aW9uUnVsZSBDbGFzc25hbWU9Ik1pY3Jvc29mdC5WaXN1YWxTdHVkaW8uVGVzdFRvb2xzLldlYlRlc3RpbmcuUnVsZXMuRXh0cmFjdFRleHQsIE1pY3Jvc29mdC5WaXN1YWxTdHVkaW8uUXVhbGl0eVRvb2xzLldlYlRlc3RGcmFtZXdvcmssIFZlcnNpb249MTAuMC4wLjAsIEN1bHR1cmU9bmV1dHJhbCwgUHVibGljS2V5VG9rZW49YjAzZjVmN2YxMWQ1MGEzYSIgVmFyaWFibGVOYW1lPSJGb3JtUG9zdFBhcmFtMTEuZGRsUXVlcnlDb25kaXRpb25zIiBEaXNwbGF5TmFtZT0iIiBEZXNjcmlwdGlvbj0iIj4NCiAgICAgICAgICA8UnVsZVBhcmFtZXRlcnM+DQogICAgICAgICAgICA8UnVsZVBhcmFtZXRlciBOYW1lPSJTdGFydHNXaXRoIiBWYWx1ZT0icyZxdW90OzpbJnF1b3Q7IiAvPg0KICAgICAgICAgICAgPFJ1bGVQYXJhbWV0ZXIgTmFtZT0iRW5kc1dpdGgiIFZhbHVlPSImcXVvdDssJnF1b3Q7MSZxdW90OyIgLz4NCiAgICAgICAgICAgIDxSdWxlUGFyYW1ldGVyIE5hbWU9IkluZGV4IiBWYWx1ZT0iMCIgLz4NCiAgICAgICAgICAgIDxSdWxlUGFyYW1ldGVyIE5hbWU9Iklnbm9yZUNhc2UiIFZhbHVlPSJGYWxzZSIgLz4NCiAgICAgICAgICAgIDxSdWxlUGFyYW1ldGVyIE5hbWU9IlVzZVJlZ3VsYXJFeHByZXNzaW9uIiBWYWx1ZT0iRmFsc2UiIC8+DQogICAgICAgICAgICA8UnVsZVBhcmFtZXRlciBOYW1lPSJIdG1sRGVjb2RlIiBWYWx1ZT0iVHJ1ZSIgLz4NCiAgICAgICAgICAgIDxSdWxlUGFyYW1ldGVyIE5hbWU9IlJlcXVpcmVkIiBWYWx1ZT0iRmFsc2UiIC8+DQogICAgICAgICAgPC9SdWxlUGFyYW1ldGVycz4NCiAgICAgICAgPC9FeHRyYWN0aW9uUnVsZT4NCiAgICAgICAgPEV4dHJhY3Rpb25SdWxlIENsYXNzbmFtZT0iTWljcm9zb2Z0LlZpc3VhbFN0dWRpby5UZXN0VG9vbHMuV2ViVGVzdGluZy5SdWxlcy5FeHRyYWN0VGV4dCwgTWljcm9zb2Z0LlZpc3VhbFN0dWRpby5RdWFsaXR5VG9vbHMuV2ViVGVzdEZyYW1ld29yaywgVmVyc2lvbj0xMC4wLjAuMCwgQ3VsdHVyZT1uZXV0cmFsLCBQdWJsaWNLZXlUb2tlbj1iMDNmNWY3ZjExZDUwYTNhIiBWYXJpYWJsZU5hbWU9IkZvcm1Qb3N0UGFyYW0xMi5kZGxPVFN0YXR1cyIgRGlzcGxheU5hbWU9IiIgRGVzY3JpcHRpb249IiI+DQogICAgICAgICAgPFJ1bGVQYXJhbWV0ZXJzPg0KICAgICAgICAgICAgPFJ1bGVQYXJhbWV0ZXIgTmFtZT0iU3RhcnRzV2l0aCIgVmFsdWU9InMmcXVvdDs6WyZxdW90OyIgLz4NCiAgICAgICAgICAgIDxSdWxlUGFyYW1ldGVyIE5hbWU9IkVuZHNXaXRoIiBWYWx1ZT0iJnF1b3Q7LCZxdW90OzEmcXVvdDsiIC8+DQogICAgICAgICAgICA8UnVsZVBhcmFtZXRlciBOYW1lPSJJbmRleCIgVmFsdWU9IjAiIC8+DQogICAgICAgICAgICA8UnVsZVBhcmFtZXRlciBOYW1lPSJJZ25vcmVDYXNlIiBWYWx1ZT0iRmFsc2UiIC8+DQogICAgICAgICAgICA8UnVsZVBhcmFtZXRlciBOYW1lPSJVc2VSZWd1bGFyRXhwcmVzc2lvbiIgVmFsdWU9IkZhbHNlIiAvPg0KICAgICAgICAgICAgPFJ1bGVQYXJhbWV0ZXIgTmFtZT0iSHRtbERlY29kZSIgVmFsdWU9IlRydWUiIC8+DQogICAgICAgICAgICA8UnVsZVBhcmFtZXRlciBOYW1lPSJSZXF1aXJlZCIgVmFsdWU9IkZhbHNlIiAvPg0KICAgICAgICAgIDwvUnVsZVBhcmFtZXRlcnM+DQogICAgICAgIDwvRXh0cmFjdGlvblJ1bGU+DQogICAgICA8L0NvcnJlbGF0aW9uRXh0cmFjdGlvblJ1bGVzPg0KICAgIDwvUmVxdWVzdD4NCiAgICA8UmVxdWVzdCBNZXRob2Q9IlBPU1QiIEd1aWQ9IjRjNzMzOTk1LTM5YTAtNDNmMS04NDJjLWU3ZjRlNGY0ZGUxNCIgVmVyc2lvbj0iMS4xIiBVcmw9Imh0dHA6Ly8xMC4xMS4zNi4xMTQ6ODAwNy9PdmVyVGltZS9PdmVydGltZVByZU9yZGVyLmFzcHgiIFRoaW5rVGltZT0iNDYiIFRpbWVvdXQ9IjMwMCIgUGFyc2VEZXBlbmRlbnRSZXF1ZXN0cz0iVHJ1ZSIgRm9sbG93UmVkaXJlY3RzPSJUcnVlIiBSZWNvcmRSZXN1bHQ9IlRydWUiIENhY2hlPSJGYWxzZSIgUmVzcG9uc2VUaW1lR29hbD0iMCIgRW5jb2Rpbmc9InV0Zi04IiBFeHBlY3RlZEh0dHBTdGF0dXNDb2RlPSIwIiBFeHBlY3RlZFJlc3BvbnNlVXJsPSIiIFJlcG9ydGluZ05hbWU9IiIgSWdub3JlSHR0cFN0YXR1c0NvZGU9IkZhbHNlIj4NCiAgICAgIDxFeHRyYWN0aW9uUnVsZXM+DQogICAgICAgIDxFeHRyYWN0aW9uUnVsZSBDbGFzc25hbWU9Ik1pY3Jvc29mdC5WaXN1YWxTdHVkaW8uVGVzdFRvb2xzLldlYlRlc3RpbmcuUnVsZXMuRXh0cmFjdEhpZGRlbkZpZWxkcywgTWljcm9zb2Z0LlZpc3VhbFN0dWRpby5RdWFsaXR5VG9vbHMuV2ViVGVzdEZyYW1ld29yaywgVmVyc2lvbj0xMC4wLjAuMCwgQ3VsdHVyZT1uZXV0cmFsLCBQdWJsaWNLZXlUb2tlbj1iMDNmNWY3ZjExZDUwYTNhIiBWYXJpYWJsZU5hbWU9IjEiIERpc3BsYXlOYW1lPSLmk7flj5bpmrHol4/mrITkvY0iIERlc2NyaXB0aW9uPSLmk7flj5blm57mh4nkuK3nmoTmiYDmnInpmrHol4/mrITkvY3vvIzkuKblsIflroPlgJHmlL7lnKjmuKzoqablhaflrrnkuK3jgIIiPg0KICAgICAgICAgIDxSdWxlUGFyYW1ldGVycz4NCiAgICAgICAgICAgIDxSdWxlUGFyYW1ldGVyIE5hbWU9IlJlcXVpcmVkIiBWYWx1ZT0iVHJ1ZSIgLz4NCiAgICAgICAgICAgIDxSdWxlUGFyYW1ldGVyIE5hbWU9Ikh0bWxEZWNvZGUiIFZhbHVlPSJUcnVlIiAvPg0KICAgICAgICAgIDwvUnVsZVBhcmFtZXRlcnM+DQogICAgICAgIDwvRXh0cmFjdGlvblJ1bGU+DQogICAgICA8L0V4dHJhY3Rpb25SdWxlcz4NCiAgICAgIDxDb3JyZWxhdGlvbkV4dHJhY3Rpb25SdWxlcz4NCiAgICAgICAgPEV4dHJhY3Rpb25SdWxlIENsYXNzbmFtZT0iTWljcm9zb2Z0LlZpc3VhbFN0dWRpby5UZXN0VG9vbHMuV2ViVGVzdGluZy5SdWxlcy5FeHRyYWN0Rm9ybUZpZWxkLCBNaWNyb3NvZnQuVmlzdWFsU3R1ZGlvLlF1YWxpdHlUb29scy5XZWJUZXN0RnJhbWV3b3JrLCBWZXJzaW9uPTEwLjAuMC4wLCBDdWx0dXJlPW5ldXRyYWwsIFB1YmxpY0tleVRva2VuPWIwM2Y1ZjdmMTFkNTBhM2EiIFZhcmlhYmxlTmFtZT0iRm9ybVBvc3RQYXJhbTUuYnRuUXVlcnkiIERpc3BsYXlOYW1lPSIiIERlc2NyaXB0aW9uPSIiPg0KICAgICAgICAgIDxSdWxlUGFyYW1ldGVycz4NCiAgICAgICAgICAgIDxSdWxlUGFyYW1ldGVyIE5hbWU9Ik5hbWUiIFZhbHVlPSJidG5RdWVyeSIgLz4NCiAgICAgICAgICAgIDxSdWxlUGFyYW1ldGVyIE5hbWU9Ikh0bWxEZWNvZGUiIFZhbHVlPSJUcnVlIiAvPg0KICAgICAgICAgICAgPFJ1bGVQYXJhbWV0ZXIgTmFtZT0iUmVxdWlyZWQiIFZhbHVlPSJGYWxzZSIgLz4NCiAgICAgICAgICAgIDxSdWxlUGFyYW1ldGVyIE5hbWU9IkluZGV4IiBWYWx1ZT0iMCIgLz4NCiAgICAgICAgICA8L1J1bGVQYXJhbWV0ZXJzPg0KICAgICAgICA8L0V4dHJhY3Rpb25SdWxlPg0KICAgICAgICA8RXh0cmFjdGlvblJ1bGUgQ2xhc3NuYW1lPSJNaWNyb3NvZnQuVmlzdWFsU3R1ZGlvLlRlc3RUb29scy5XZWJUZXN0aW5nLlJ1bGVzLkV4dHJhY3RGb3JtRmllbGQsIE1pY3Jvc29mdC5WaXN1YWxTdHVkaW8uUXVhbGl0eVRvb2xzLldlYlRlc3RGcmFtZXdvcmssIFZlcnNpb249MTAuMC4wLjAsIEN1bHR1cmU9bmV1dHJhbCwgUHVibGljS2V5VG9rZW49YjAzZjVmN2YxMWQ1MGEzYSIgVmFyaWFibGVOYW1lPSJGb3JtUG9zdFBhcmFtNi50eHRPVEVtcElEIiBEaXNwbGF5TmFtZT0iIiBEZXNjcmlwdGlvbj0iIj4NCiAgICAgICAgICA8UnVsZVBhcmFtZXRlcnM+DQogICAgICAgICAgICA8UnVsZVBhcmFtZXRlciBOYW1lPSJOYW1lIiBWYWx1ZT0idHh0T1RFbXBJRCIgLz4NCiAgICAgICAgICAgIDxSdWxlUGFyYW1ldGVyIE5hbWU9Ikh0bWxEZWNvZGUiIFZhbHVlPSJUcnVlIiAvPg0KICAgICAgICAgICAgPFJ1bGVQYXJhbWV0ZXIgTmFtZT0iUmVxdWlyZWQiIFZhbHVlPSJGYWxzZSIgLz4NCiAgICAgICAgICAgIDxSdWxlUGFyYW1ldGVyIE5hbWU9IkluZGV4IiBWYWx1ZT0iMCIgLz4NCiAgICAgICAgICA8L1J1bGVQYXJhbWV0ZXJzPg0KICAgICAgICA8L0V4dHJhY3Rpb25SdWxlPg0KICAgICAgICA8RXh0cmFjdGlvblJ1bGUgQ2xhc3NuYW1lPSJNaWNyb3NvZnQuVmlzdWFsU3R1ZGlvLlRlc3RUb29scy5XZWJUZXN0aW5nLlJ1bGVzLkV4dHJhY3RUZXh0LCBNaWNyb3NvZnQuVmlzdWFsU3R1ZGlvLlF1YWxpdHlUb29scy5XZWJUZXN0RnJhbWV3b3JrLCBWZXJzaW9uPTEwLjAuMC4wLCBDdWx0dXJlPW5ldXRyYWwsIFB1YmxpY0tleVRva2VuPWIwM2Y1ZjdmMTFkNTBhM2EiIFZhcmlhYmxlTmFtZT0iRm9ybVBvc3RQYXJhbTcuZGRsUXVlcnlDb25kaXRpb25zIiBEaXNwbGF5TmFtZT0iIiBEZXNjcmlwdGlvbj0iIj4NCiAgICAgICAgICA8UnVsZVBhcmFtZXRlcnM+DQogICAgICAgICAgICA8UnVsZVBhcmFtZXRlciBOYW1lPSJTdGFydHNXaXRoIiBWYWx1ZT0icyZxdW90OzpbJnF1b3Q7IiAvPg0KICAgICAgICAgICAgPFJ1bGVQYXJhbWV0ZXIgTmFtZT0iRW5kc1dpdGgiIFZhbHVlPSImcXVvdDssJnF1b3Q7MSZxdW90OyIgLz4NCiAgICAgICAgICAgIDxSdWxlUGFyYW1ldGVyIE5hbWU9IkluZGV4IiBWYWx1ZT0iMCIgLz4NCiAgICAgICAgICAgIDxSdWxlUGFyYW1ldGVyIE5hbWU9Iklnbm9yZUNhc2UiIFZhbHVlPSJGYWxzZSIgLz4NCiAgICAgICAgICAgIDxSdWxlUGFyYW1ldGVyIE5hbWU9IlVzZVJlZ3VsYXJFeHByZXNzaW9uIiBWYWx1ZT0iRmFsc2UiIC8+DQogICAgICAgICAgICA8UnVsZVBhcmFtZXRlciBOYW1lPSJIdG1sRGVjb2RlIiBWYWx1ZT0iVHJ1ZSIgLz4NCiAgICAgICAgICAgIDxSdWxlUGFyYW1ldGVyIE5hbWU9IlJlcXVpcmVkIiBWYWx1ZT0iRmFsc2UiIC8+DQogICAgICAgICAgPC9SdWxlUGFyYW1ldGVycz4NCiAgICAgICAgPC9FeHRyYWN0aW9uUnVsZT4NCiAgICAgICAgPEV4dHJhY3Rpb25SdWxlIENsYXNzbmFtZT0iTWljcm9zb2Z0LlZpc3VhbFN0dWRpby5UZXN0VG9vbHMuV2ViVGVzdGluZy5SdWxlcy5FeHRyYWN0VGV4dCwgTWljcm9zb2Z0LlZpc3VhbFN0dWRpby5RdWFsaXR5VG9vbHMuV2ViVGVzdEZyYW1ld29yaywgVmVyc2lvbj0xMC4wLjAuMCwgQ3VsdHVyZT1uZXV0cmFsLCBQdWJsaWNLZXlUb2tlbj1iMDNmNWY3ZjExZDUwYTNhIiBWYXJpYWJsZU5hbWU9IkZvcm1Qb3N0UGFyYW04LmRkbE9UU3RhdHVzIiBEaXNwbGF5TmFtZT0iIiBEZXNjcmlwdGlvbj0iIj4NCiAgICAgICAgICA8UnVsZVBhcmFtZXRlcnM+DQogICAgICAgICAgICA8UnVsZVBhcmFtZXRlciBOYW1lPSJTdGFydHNXaXRoIiBWYWx1ZT0iJnF1b3Q7MCZxdW90OywmcXVvdDsiIC8+DQogICAgICAgICAgICA8UnVsZVBhcmFtZXRlciBOYW1lPSJFbmRzV2l0aCIgVmFsdWU9IiZxdW90OywmcXVvdDsyJnF1b3Q7IiAvPg0KICAgICAgICAgICAgPFJ1bGVQYXJhbWV0ZXIgTmFtZT0iSW5kZXgiIFZhbHVlPSIwIiAvPg0KICAgICAgICAgICAgPFJ1bGVQYXJhbWV0ZXIgTmFtZT0iSWdub3JlQ2FzZSIgVmFsdWU9IkZhbHNlIiAvPg0KICAgICAgICAgICAgPFJ1bGVQYXJhbWV0ZXIgTmFtZT0iVXNlUmVndWxhckV4cHJlc3Npb24iIFZhbHVlPSJGYWxzZSIgLz4NCiAgICAgICAgICAgIDxSdWxlUGFyYW1ldGVyIE5hbWU9Ikh0bWxEZWNvZGUiIFZhbHVlPSJUcnVlIiAvPg0KICAgICAgICAgICAgPFJ1bGVQYXJhbWV0ZXIgTmFtZT0iUmVxdWlyZWQiIFZhbHVlPSJGYWxzZSIgLz4NCiAgICAgICAgICA8L1J1bGVQYXJhbWV0ZXJzPg0KICAgICAgICA8L0V4dHJhY3Rpb25SdWxlPg0KICAgICAgPC9Db3JyZWxhdGlvbkV4dHJhY3Rpb25SdWxlcz4NCiAgICAgIDxGb3JtUG9zdEh0dHBCb2R5Pg0KICAgICAgICA8Rm9ybVBvc3RQYXJhbWV0ZXIgTmFtZT0iVG9vbGtpdFNjcmlwdE1hbmFnZXIxX0hpZGRlbkZpZWxkIiBWYWx1ZT0iOztBamF4Q29udHJvbFRvb2xraXQsIFZlcnNpb249NC4xLjcuNjA3LCBDdWx0dXJlPW5ldXRyYWwsIFB1YmxpY0tleVRva2VuPTI4ZjAxYjBlODRiNmQ1M2U6emgtSGFudDo3Yjk1ZWQxYS02YTNmLTQxZGQtYmM1Yi02M2YzOWVkYmM0YjQ6ZGUxZmVhYjI6ZmNmMGU5OTM6ZjJjOGU3MDg6NzIwYTUyYmY6ZjljZWM5YmM6NTg5ZWFhMzA6Njk4MTI5Y2Y6ZmI5YjRjNTc6Y2NiOTZjZjk6YTY3YzI3MDA6ODYxM2FlYTc6MzIwMmE1YTI6YWIwOWUzZmU6ODcxMDRiN2M6YmU2ZmIyOTgiIFJlY29yZGVkVmFsdWU9Ijs7QWpheENvbnRyb2xUb29sa2l0LCBWZXJzaW9uPTQuMS43LjYwNywgQ3VsdHVyZT1uZXV0cmFsLCBQdWJsaWNLZXlUb2tlbj0yOGYwMWIwZTg0YjZkNTNlOnpoLUhhbnQ6N2I5NWVkMWEtNmEzZi00MWRkLWJjNWItNjNmMzllZGJjNGI0OmRlMWZlYWIyOmZjZjBlOTkzOmYyYzhlNzA4OjcyMGE1MmJmOmY5Y2VjOWJjOjU4OWVhYTMwOjY5ODEyOWNmOmZiOWI0YzU3OmNjYjk2Y2Y5OmE2N2MyNzAwOjg2MTNhZWE3OjMyMDJhNWEyOmFiMDllM2ZlOjg3MTA0YjdjOmJlNmZiMjk4IiBDb3JyZWxhdGlvbkJpbmRpbmc9IiIgVXJsRW5jb2RlPSJUcnVlIiAvPg0KICAgICAgICA8Rm9ybVBvc3RQYXJhbWV0ZXIgTmFtZT0iX19FVkVOVFRBUkdFVCIgVmFsdWU9Int7JEhJRERFTjEuX19FVkVOVFRBUkdFVH19IiBSZWNvcmRlZFZhbHVlPSIiIENvcnJlbGF0aW9uQmluZGluZz0iIiBVcmxFbmNvZGU9IlRydWUiIC8+DQogICAgICAgIDxGb3JtUG9zdFBhcmFtZXRlciBOYW1lPSJfX0VWRU5UQVJHVU1FTlQiIFZhbHVlPSJ7eyRISURERU4xLl9fRVZFTlRBUkdVTUVOVH19IiBSZWNvcmRlZFZhbHVlPSIiIENvcnJlbGF0aW9uQmluZGluZz0iIiBVcmxFbmNvZGU9IlRydWUiIC8+DQogICAgICAgIDxGb3JtUG9zdFBhcmFtZXRlciBOYW1lPSJfX0xBU1RGT0NVUyIgVmFsdWU9Int7JEhJRERFTjEuX19MQVNURk9DVVN9fSIgUmVjb3JkZWRWYWx1ZT0iIiBDb3JyZWxhdGlvbkJpbmRpbmc9IiIgVXJsRW5jb2RlPSJUcnVlIiAvPg0KICAgICAgICA8Rm9ybVBvc3RQYXJhbWV0ZXIgTmFtZT0iX19WU1RBVEUiIFZhbHVlPSJ7eyRISURERU4xLl9fVlNUQVRFfX0iIFJlY29yZGVkVmFsdWU9IkFSK0xDQUFBQUFBQUJBQ3RWOTF6RTFVVVQ1WnVHdEtQRkd4aVJkMWRIcHh0cDZSa2s2Z0R0UThrS1RZakpkZ0dIaXhNWnB0N3UxbTczYzFrYjB2akV6NFVGSEdBb2VoZ1o1eHhSZ0ZCSEIxZktqS09mNElQUHZqTWtMUjk4ay9BZS9jajJTWkxCa3EzMCtUbW5IUFA3M3pmdlUrOXdRRXY3Wk9XSmtWWkRiNDM3T21tZktHQVA1dExhUXVsVExvem14c24zNzVzTGkwaWlMOXk4Z0xzenVhbWtZZ1c5WlBpQXV6Q05BMkpDbUZnOGR5eW1rbjdiUUc4T0s2VkYwNW1BOGNWN1h4SzFDRm1Vay94RXdSQk9pQWNpY2NFNFoyM0U0bGdPTXo0MHJDRU1tbjZBQitOUnQ4WG92d2hZeEYxTEpqOTJiSkVWSjJRZFlTWElnYWpLWjVuZXZPblJBbG1kSUoyUXBPS1RNZ2lmTGdJeTVWcFZKWlZ5YUQ3VE1kbzMvU3BpZVFIQW5QUWtqdTJpTFJqcFpKU0dWK1loWURRVXJxZVVrUmRseGpla2lFeFF2aC91bERXRk9XVXBzdEkxdFNzaWxjb0tSYm1KU1pndWtBc2hFeVh3MWI2WHE4T0ZWaEFYRG96bmN1Y1RPVzRBbzRHeDUwdlFwWExKcUlqcDB1V1A1eXNjNnFHT0hWUlVUalV5b1lLM3NmekhGUUJKK3FFV2VjZGtuV3lhNUJzc0VrOFAyU0oyUlFuY0x3OWNMd2RjTndGT040S0hIY0ZqclVIanJVRGpya0F4MXFCWTY3QVFudGdvUVY0ME5odGJtNjdkOURLY0VOa3Jxd3RjSEJpYW5JNm5jeG5jbFBwa1Jrd3E1MGJtVEVFNUU5RVVqK2tSTTRSL1dYSVdSdkhuRUJEaGhtbSswUDFHQWlPR0RqY0l5WSsyN2tXMyt6b0NkdWoxd0I1QmtTN0NMYkxYR3ZpSEFiYmljT2tOa0l1SnJ2VWdFczl1dmNHZVFob1dqdXZOcU1hVGpzQ2FyamY4TlJZbVI0K1hsMTl2SHFCNTRZYjBzTjhoSy8vSklPU0JNSEZlbE5PY0FpNitHTUt4ZHlFNGsxQ2NUZWhSSk5Rd2lua0ZnWEQ0QmNvM3l5bndEbkVmYXpKNnZQdVNFUTVqVlFUdG1WS1UyQktBM0NNVDBSNVRzVEY0ckNZRzh2V2x5OE1FcmRBNGs2UXVBMFMzeDJRbUFVU2M0TEViSkRZN29BSUZvamdCQkZzRUdGM1FDd01KMFNVTndCYzlWdERxekZ4OEJBa1Rad3RBMWptWml2T1U4ZHhEamdtczJQRTFMdWVZenJ4eWpnMS9mYXJBQk8wejJDSXhKd282VktZb3ZZRVFiZ2Zmd2JERkQ3dlQ4aFNFU1cxNVdRWml2UGpxamlyUUZBRVlXb09TM1ZRWGtPcTg0eXN5NWhSQklDaURVcEhEaTRqZW1EejFzMk5heGVmckQvNDc5R1Z6ZnRmYk56OXN2cm55dU1MdDdIY1cwU083YUc3YTcrc2IvNTZiZXZ5aGMzdnJtRDZrRVVQUG5uNHNIcDViZk8zUzdXSDE3QWV6SXBZckJCbUVmck45ZHFOYjJxWFB0OVl2YnR4NXpvV09CeTBEQ05POUFFUTlzNEJTckNKUGtJTWh2MU1MMzdwRXMrSXlpSThMa01GMEIwa0pVd1BvUkt6VGFLZkVFbS9NbDM1ZzRTVjFCWlZJREdkOVJqMGhhaDlFZnhneDdZK3hhWmNJai9DNWl0VnBNbjZFT1h4bVp6KzRUMlVKQm1XMFlZNWJLOXBBQnRzWUxKOUVydHZGeEE2ZDQ0Z1JDT2JYOTNiV3ZscDQvYlY2bWMvNGdEYkNJSVRJVzVIMTI5RkY0TUZHdldKSVh1MlRiODZycmNWTitUMVlNM2VwdUFFR2lXK2MyMmREVzJ4bDllMjE5Ylc1VGpmZHE3dVhhTmlLYU9oU05zRmNNbVJld0Y1NnhZUjNWM0J6OW5EazVObkR3UEFCUEw0RGxCR3hyM0I4NWQ4WmUyZnYvMk1Qeit1QW91VTdHQWYvT3ZIS2pMNkZCUkJWbFVxUlN5UTB6UjhtU2pSa1ptdFA3NnQzYmg4anF0ZWYxUzllci8yOVErMXRZdTRQMmUyMW00WjlOcjZ5dGF0NzZzcmQ2by8vMjcyT0RIUGkzMEdwTmMxdGFESWhYbjZvOU5JVnZLcDRqd2VEamxOa2hSb1RBRlprVkZsa0VmTHlMemNKS0VrcS9sQ2NiN0I1UTl4elh3Z0w1RWVPNGFIREQ4MENuQXZVMlNNMERxcUtKQm1sMkFaeVFWUmlZaUtMS2xIa1ZZYVhhcXJPenJhR0VRNzh4THZER2dxbUZWTXozcFJVZFpIbHNpQUdPUDVVWUNURXZZeFB0ZDA3RzNKeGdRWkVkdVNNVUhxRDZlVjNiOTlNL3RLUFlOc2Z6MXpiS2pJaGw4MlRleXI5Sm5ueXcrMnRVMTJDTmM5Tit6QWM2ZUZmZTJGODhFZWNNOEMrM3BUQ04rb2g1MTkweEh2SStUU3ZZL3k5b1U5NUsrN2Y5ampBZFNvRWFLT29CR2hBYm9IeUhwSkVTdEhWVTJGbytCL083V245TFVQQUFBPSIgQ29ycmVsYXRpb25CaW5kaW5nPSIiIFVybEVuY29kZT0iVHJ1ZSIgLz4NCiAgICAgICAgPEZvcm1Qb3N0UGFyYW1ldGVyIE5hbWU9Il9fVklFV1NUQVRFIiBWYWx1ZT0ie3skSElEREVOMS5fX1ZJRVdTVEFURX19IiBSZWNvcmRlZFZhbHVlPSIiIENvcnJlbGF0aW9uQmluZGluZz0iIiBVcmxFbmNvZGU9IlRydWUiIC8+DQogICAgICAgIDxGb3JtUG9zdFBhcmFtZXRlciBOYW1lPSJfX1NDUk9MTFBPU0lUSU9OWCIgVmFsdWU9Int7JEhJRERFTjEuX19TQ1JPTExQT1NJVElPTlh9fSIgUmVjb3JkZWRWYWx1ZT0iMCIgQ29ycmVsYXRpb25CaW5kaW5nPSIiIFVybEVuY29kZT0iVHJ1ZSIgLz4NCiAgICAgICAgPEZvcm1Qb3N0UGFyYW1ldGVyIE5hbWU9Il9fU0NST0xMUE9TSVRJT05ZIiBWYWx1ZT0ie3skSElEREVOMS5fX1NDUk9MTFBPU0lUSU9OWX19IiBSZWNvcmRlZFZhbHVlPSIwIiBDb3JyZWxhdGlvbkJpbmRpbmc9IiIgVXJsRW5jb2RlPSJUcnVlIiAvPg0KICAgICAgICA8Rm9ybVBvc3RQYXJhbWV0ZXIgTmFtZT0iX19WSUVXU1RBVEVFTkNSWVBURUQiIFZhbHVlPSJ7eyRISURERU4xLl9fVklFV1NUQVRFRU5DUllQVEVEfX0iIFJlY29yZGVkVmFsdWU9IiIgQ29ycmVsYXRpb25CaW5kaW5nPSIiIFVybEVuY29kZT0iVHJ1ZSIgLz4NCiAgICAgICAgPEZvcm1Qb3N0UGFyYW1ldGVyIE5hbWU9Il9fRVZFTlRWQUxJREFUSU9OIiBWYWx1ZT0ie3skSElEREVOMS5fX0VWRU5UVkFMSURBVElPTn19IiBSZWNvcmRlZFZhbHVlPSJEa3FldEVEekhrTmZpNlRzOWtBZVA0djVhY3V1U0pONGtJeGVwZ1ZqaFYwNjNqeHUwemRRdzlWZS83NHZCMkN2SURGUExJLzhUaUN3SkNxU1hCMmZrSkY5aUJwR2s4R3I2dExOZWVNZHNlQ25lL2xwV2pxbXl0b1NSckcrVkczSUpxck1wOVZPbmF5VE1IWHp6aHhxdTZyWExTN2hRRW5sbDJpZkhCNzMyV2kyb1NqMmRtY0ZnQVRUNVM3OEc4UllIWXJNdjFZdzRqd3RqbXRpa0R3dzd2aFVsTkZDcFR4OHhLWHJQdDFPbHgzMndHbkJveWo1S1ZNMWk5VVdVNGR6NlEvUStlbmhNUmFTalhadVpIR3cvSHhMQzBtY3I0STdEc0I0c3U1SUpkQ1p5RFdOOGpFbHY2WFA3R1RRcVNnK0RBcC9qRXZSQzFJdFpjNWdXOHI4RXVySGphaWVTKzV3MkFEaDF1emNwZVZNU0tnc0lFK0ZOSmFZRjFDYTIrcE5tdXVzL2xLTzJxeE9LUm1vcG5GQ0lBSVZuWmFYRjBieEdjNmhUSXZ4cHZIL3dncnlLWTFmYnZieU1YMTdHREdDSkRvMXMwc0RFS204NHFLcktMeUFjYzY0MFBnWDN1YVNDRzBFVlAxeno3R2t5Nm5MbHUwRXFJUDRtUW0zbkdZVXIyKytoRXdqbjRJWkxwTDRIa3ZqekY0a2hpd3JIUVNRV3o4ZVJWby8vcGw5RkZIaFo3andzWHQzZm5GUjFqZjJpU3RwQmNTdzNDTDBHWlJpRFc1MllFWm5JUnBQaEpkTmk2TUZIbmxWdVBnS3JCQW45c1lCbVQ2N21yZGdrc3gzdHN0ZEgwVGlqeWNTdjJWUkc1ZGM4Z0JWNjNhcUxiamVtS1I3M1B6SW9jR1BQVDRFY28rcStCKy9iaHRoSXhteTRpeEdRSkV5UU04WnVMNktSYWpIV1dqWGtuTVdGSkZVbkFWbCsxeHh3bUhsbklaTDlIa21YRVkwcWpxb3hqOSs3L09MVWJVanhhSXgrY2drdjJZbFF6ZXB4VzRwZ2p0Ump2UUxKOWdPVmo0dFlPMjFFWE5IOVBZNG5WVTRUOFFicWZtaHIzWk9ad2lSY2U0NXlIWmF5ZVJEcU9mUGgrNk1OZ0dTbFZyOG4xZURIMk84dTJ0UnMyVENSM1AvOEVjUFFoV2VIdHB6NUJRNUZ5VDZJdngxSUoyNUhqRGx2UjZkMmVFNkJOeEpBMFMzNHMzcW9GT1FPRFFQeUFKUlcybmt4NXhyRnQ0MkR3bldjT1RCc0c3V0lCQWhJajZ3L3IwOEFWM2svVUprUGcvUVQzemN2cEJEMzdON2t1QU5SVUtPbkYzcXg4SUlrTGhvQmFCUGNWYVUwYk5HREd6bmNsS2h6SkJEYnNsdEVPaDltL3FsQTFqVkt3SkUxU01yNEpoeFlLRE5ZM0ZxQSs5ZlZnUFU4VVZWK2tYbldtWFI5MXBvdnlpVGxTSHBQazBMVFNyV0FPUzZWQ3h1K05UYkZUVGNqcWZkbFRrcGswclJBRUwzdmVYVzBwQzlRbTg9IiBDb3JyZWxhdGlvbkJpbmRpbmc9IiIgVXJsRW5jb2RlPSJUcnVlIiAvPg0KICAgICAgICA8Rm9ybVBvc3RQYXJhbWV0ZXIgTmFtZT0iU2NyZWVuV2lkdGgiIFZhbHVlPSJ7eyRISURERU4xLlNjcmVlbldpZHRofX0iIFJlY29yZGVkVmFsdWU9IiIgQ29ycmVsYXRpb25CaW5kaW5nPSIiIFVybEVuY29kZT0iVHJ1ZSIgLz4NCiAgICAgICAgPEZvcm1Qb3N0UGFyYW1ldGVyIE5hbWU9IlNjcmVlbkhlaWdodCIgVmFsdWU9Int7JEhJRERFTjEuU2NyZWVuSGVpZ2h0fX0iIFJlY29yZGVkVmFsdWU9IiIgQ29ycmVsYXRpb25CaW5kaW5nPSIiIFVybEVuY29kZT0iVHJ1ZSIgLz4NCiAgICAgICAgPEZvcm1Qb3N0UGFyYW1ldGVyIE5hbWU9ImJ0blF1ZXJ5IiBWYWx1ZT0i5p+l6KmiIiBSZWNvcmRlZFZhbHVlPSLmn6XoqaIiIENvcnJlbGF0aW9uQmluZGluZz0ie3tGb3JtUG9zdFBhcmFtOS5idG5RdWVyeX19IiBVcmxFbmNvZGU9IlRydWUiIC8+DQogICAgICAgIDxGb3JtUG9zdFBhcmFtZXRlciBOYW1lPSJkZGxPcmdBbmRGbG93IiBWYWx1ZT0iIiBSZWNvcmRlZFZhbHVlPSIiIENvcnJlbGF0aW9uQmluZGluZz0iIiBVcmxFbmNvZGU9IlRydWUiIC8+DQogICAgICAgIDxGb3JtUG9zdFBhcmFtZXRlciBOYW1lPSJkZGxRdWVyeUNvbmRpdGlvbnMiIFZhbHVlPSIwIiBSZWNvcmRlZFZhbHVlPSIwIiBDb3JyZWxhdGlvbkJpbmRpbmc9Int7Rm9ybVBvc3RQYXJhbTExLmRkbFF1ZXJ5Q29uZGl0aW9uc319IiBVcmxFbmNvZGU9IlRydWUiIC8+DQogICAgICAgIDxGb3JtUG9zdFBhcmFtZXRlciBOYW1lPSJ0eHRPVEVtcElEIiBWYWx1ZT0iMTAyMTE5IiBSZWNvcmRlZFZhbHVlPSIxMDIxMTkiIENvcnJlbGF0aW9uQmluZGluZz0ie3tGb3JtUG9zdFBhcmFtMTAudHh0T1RFbXBJRH19IiBVcmxFbmNvZGU9IlRydWUiIC8+DQogICAgICAgIDxGb3JtUG9zdFBhcmFtZXRlciBOYW1lPSJ0eHRPVEVtcE5hbWUiIFZhbHVlPSIiIFJlY29yZGVkVmFsdWU9IiIgQ29ycmVsYXRpb25CaW5kaW5nPSIiIFVybEVuY29kZT0iVHJ1ZSIgLz4NCiAgICAgICAgPEZvcm1Qb3N0UGFyYW1ldGVyIE5hbWU9InR4dE9URm9ybU5PIiBWYWx1ZT0iIiBSZWNvcmRlZFZhbHVlPSIiIENvcnJlbGF0aW9uQmluZGluZz0iIiBVcmxFbmNvZGU9IlRydWUiIC8+DQogICAgICAgIDxGb3JtUG9zdFBhcmFtZXRlciBOYW1lPSJkZGxPVFN0YXR1cyIgVmFsdWU9IjAiIFJlY29yZGVkVmFsdWU9IjAiIENvcnJlbGF0aW9uQmluZGluZz0ie3tGb3JtUG9zdFBhcmFtMTIuZGRsT1RTdGF0dXN9fSIgVXJsRW5jb2RlPSJUcnVlIiAvPg0KICAgICAgICA8Rm9ybVBvc3RQYXJhbWV0ZXIgTmFtZT0idHh0T1REYXRlQmVnaW4kdHh0RGF0ZSIgVmFsdWU9IiIgUmVjb3JkZWRWYWx1ZT0iIiBDb3JyZWxhdGlvbkJpbmRpbmc9IiIgVXJsRW5jb2RlPSJUcnVlIiAvPg0KICAgICAgICA8Rm9ybVBvc3RQYXJhbWV0ZXIgTmFtZT0idHh0T1REYXRlRW5kJHR4dERhdGUiIFZhbHVlPSIiIFJlY29yZGVkVmFsdWU9IiIgQ29ycmVsYXRpb25CaW5kaW5nPSIiIFVybEVuY29kZT0iVHJ1ZSIgLz4NCiAgICAgICAgPEZvcm1Qb3N0UGFyYW1ldGVyIE5hbWU9InVjTW9kYWxQb3B1cDEkQ2xpZW50V2lkdGgiIFZhbHVlPSJ7eyRISURERU4xLnVjTW9kYWxQb3B1cDEkQ2xpZW50V2lkdGh9fSIgUmVjb3JkZWRWYWx1ZT0iMCIgQ29ycmVsYXRpb25CaW5kaW5nPSIiIFVybEVuY29kZT0iVHJ1ZSIgLz4NCiAgICAgICAgPEZvcm1Qb3N0UGFyYW1ldGVyIE5hbWU9InVjTW9kYWxQb3B1cDEkQ2xpZW50SGVpZ2h0IiBWYWx1ZT0ie3skSElEREVOMS51Y01vZGFsUG9wdXAxJENsaWVudEhlaWdodH19IiBSZWNvcmRlZFZhbHVlPSIwIiBDb3JyZWxhdGlvbkJpbmRpbmc9IiIgVXJsRW5jb2RlPSJUcnVlIiAvPg0KICAgICAgPC9Gb3JtUG9zdEh0dHBCb2R5Pg0KICAgIDwvUmVxdWVzdD4NCiAgICA8UmVxdWVzdCBNZXRob2Q9IlBPU1QiIEd1aWQ9ImZiMjBkNWVjLWQyYzEtNGQ3Mi05N2RiLTdkOGU3MDFmNTViOSIgVmVyc2lvbj0iMS4xIiBVcmw9Imh0dHA6Ly8xMC4xMS4zNi4xMTQ6ODAwNy9PdmVyVGltZS9PdmVydGltZVByZU9yZGVyLmFzcHgiIFRoaW5rVGltZT0iMjMiIFRpbWVvdXQ9IjMwMCIgUGFyc2VEZXBlbmRlbnRSZXF1ZXN0cz0iVHJ1ZSIgRm9sbG93UmVkaXJlY3RzPSJUcnVlIiBSZWNvcmRSZXN1bHQ9IlRydWUiIENhY2hlPSJGYWxzZSIgUmVzcG9uc2VUaW1lR29hbD0iMCIgRW5jb2Rpbmc9InV0Zi04IiBFeHBlY3RlZEh0dHBTdGF0dXNDb2RlPSIwIiBFeHBlY3RlZFJlc3BvbnNlVXJsPSIiIFJlcG9ydGluZ05hbWU9IiIgSWdub3JlSHR0cFN0YXR1c0NvZGU9IkZhbHNlIj4NCiAgICAgIDxFeHRyYWN0aW9uUnVsZXM+DQogICAgICAgIDxFeHRyYWN0aW9uUnVsZSBDbGFzc25hbWU9Ik1pY3Jvc29mdC5WaXN1YWxTdHVkaW8uVGVzdFRvb2xzLldlYlRlc3RpbmcuUnVsZXMuRXh0cmFjdEhpZGRlbkZpZWxkcywgTWljcm9zb2Z0LlZpc3VhbFN0dWRpby5RdWFsaXR5VG9vbHMuV2ViVGVzdEZyYW1ld29yaywgVmVyc2lvbj0xMC4wLjAuMCwgQ3VsdHVyZT1uZXV0cmFsLCBQdWJsaWNLZXlUb2tlbj1iMDNmNWY3ZjExZDUwYTNhIiBWYXJpYWJsZU5hbWU9IjEiIERpc3BsYXlOYW1lPSLmk7flj5bpmrHol4/mrITkvY0iIERlc2NyaXB0aW9uPSLmk7flj5blm57mh4nkuK3nmoTmiYDmnInpmrHol4/mrITkvY3vvIzkuKblsIflroPlgJHmlL7lnKjmuKzoqablhaflrrnkuK3jgIIiPg0KICAgICAgICAgIDxSdWxlUGFyYW1ldGVycz4NCiAgICAgICAgICAgIDxSdWxlUGFyYW1ldGVyIE5hbWU9IlJlcXVpcmVkIiBWYWx1ZT0iVHJ1ZSIgLz4NCiAgICAgICAgICAgIDxSdWxlUGFyYW1ldGVyIE5hbWU9Ikh0bWxEZWNvZGUiIFZhbHVlPSJUcnVlIiAvPg0KICAgICAgICAgIDwvUnVsZVBhcmFtZXRlcnM+DQogICAgICAgIDwvRXh0cmFjdGlvblJ1bGU+DQogICAgICA8L0V4dHJhY3Rpb25SdWxlcz4NCiAgICAgIDxDb3JyZWxhdGlvbkV4dHJhY3Rpb25SdWxlcz4NCiAgICAgICAgPEV4dHJhY3Rpb25SdWxlIENsYXNzbmFtZT0iTWljcm9zb2Z0LlZpc3VhbFN0dWRpby5UZXN0VG9vbHMuV2ViVGVzdGluZy5SdWxlcy5FeHRyYWN0Rm9ybUZpZWxkLCBNaWNyb3NvZnQuVmlzdWFsU3R1ZGlvLlF1YWxpdHlUb29scy5XZWJUZXN0RnJhbWV3b3JrLCBWZXJzaW9uPTEwLjAuMC4wLCBDdWx0dXJlPW5ldXRyYWwsIFB1YmxpY0tleVRva2VuPWIwM2Y1ZjdmMTFkNTBhM2EiIFZhcmlhYmxlTmFtZT0iRm9ybVBvc3RQYXJhbTEuYnRuQWN0aW9uWCIgRGlzcGxheU5hbWU9IiIgRGVzY3JpcHRpb249IiI+DQogICAgICAgICAgPFJ1bGVQYXJhbWV0ZXJzPg0KICAgICAgICAgICAgPFJ1bGVQYXJhbWV0ZXIgTmFtZT0iTmFtZSIgVmFsdWU9ImJ0bkFjdGlvblgiIC8+DQogICAgICAgICAgICA8UnVsZVBhcmFtZXRlciBOYW1lPSJIdG1sRGVjb2RlIiBWYWx1ZT0iVHJ1ZSIgLz4NCiAgICAgICAgICAgIDxSdWxlUGFyYW1ldGVyIE5hbWU9IlJlcXVpcmVkIiBWYWx1ZT0iRmFsc2UiIC8+DQogICAgICAgICAgICA8UnVsZVBhcmFtZXRlciBOYW1lPSJJbmRleCIgVmFsdWU9IjAiIC8+DQogICAgICAgICAgPC9SdWxlUGFyYW1ldGVycz4NCiAgICAgICAgPC9FeHRyYWN0aW9uUnVsZT4NCiAgICAgICAgPEV4dHJhY3Rpb25SdWxlIENsYXNzbmFtZT0iTWljcm9zb2Z0LlZpc3VhbFN0dWRpby5UZXN0VG9vbHMuV2ViVGVzdGluZy5SdWxlcy5FeHRyYWN0Rm9ybUZpZWxkLCBNaWNyb3NvZnQuVmlzdWFsU3R1ZGlvLlF1YWxpdHlUb29scy5XZWJUZXN0RnJhbWV3b3JrLCBWZXJzaW9uPTEwLjAuMC4wLCBDdWx0dXJlPW5ldXRyYWwsIFB1YmxpY0tleVRva2VuPWIwM2Y1ZjdmMTFkNTBhM2EiIFZhcmlhYmxlTmFtZT0iRm9ybVBvc3RQYXJhbTIudHh0T1RFbXBJRCIgRGlzcGxheU5hbWU9IiIgRGVzY3JpcHRpb249IiI+DQogICAgICAgICAgPFJ1bGVQYXJhbWV0ZXJzPg0KICAgICAgICAgICAgPFJ1bGVQYXJhbWV0ZXIgTmFtZT0iTmFtZSIgVmFsdWU9InR4dE9URW1wSUQiIC8+DQogICAgICAgICAgICA8UnVsZVBhcmFtZXRlciBOYW1lPSJIdG1sRGVjb2RlIiBWYWx1ZT0iVHJ1ZSIgLz4NCiAgICAgICAgICAgIDxSdWxlUGFyYW1ldGVyIE5hbWU9IlJlcXVpcmVkIiBWYWx1ZT0iRmFsc2UiIC8+DQogICAgICAgICAgICA8UnVsZVBhcmFtZXRlciBOYW1lPSJJbmRleCIgVmFsdWU9IjAiIC8+DQogICAgICAgICAgPC9SdWxlUGFyYW1ldGVycz4NCiAgICAgICAgPC9FeHRyYWN0aW9uUnVsZT4NCiAgICAgICAgPEV4dHJhY3Rpb25SdWxlIENsYXNzbmFtZT0iTWljcm9zb2Z0LlZpc3VhbFN0dWRpby5UZXN0VG9vbHMuV2ViVGVzdGluZy5SdWxlcy5FeHRyYWN0VGV4dCwgTWljcm9zb2Z0LlZpc3VhbFN0dWRpby5RdWFsaXR5VG9vbHMuV2ViVGVzdEZyYW1ld29yaywgVmVyc2lvbj0xMC4wLjAuMCwgQ3VsdHVyZT1uZXV0cmFsLCBQdWJsaWNLZXlUb2tlbj1iMDNmNWY3ZjExZDUwYTNhIiBWYXJpYWJsZU5hbWU9IkZvcm1Qb3N0UGFyYW0zLmRkbFF1ZXJ5Q29uZGl0aW9ucyIgRGlzcGxheU5hbWU9IiIgRGVzY3JpcHRpb249IiI+DQogICAgICAgICAgPFJ1bGVQYXJhbWV0ZXJzPg0KICAgICAgICAgICAgPFJ1bGVQYXJhbWV0ZXIgTmFtZT0iU3RhcnRzV2l0aCIgVmFsdWU9InMmcXVvdDs6WyZxdW90OyIgLz4NCiAgICAgICAgICAgIDxSdWxlUGFyYW1ldGVyIE5hbWU9IkVuZHNXaXRoIiBWYWx1ZT0iJnF1b3Q7LCZxdW90OzEmcXVvdDsiIC8+DQogICAgICAgICAgICA8UnVsZVBhcmFtZXRlciBOYW1lPSJJbmRleCIgVmFsdWU9IjAiIC8+DQogICAgICAgICAgICA8UnVsZVBhcmFtZXRlciBOYW1lPSJJZ25vcmVDYXNlIiBWYWx1ZT0iRmFsc2UiIC8+DQogICAgICAgICAgICA8UnVsZVBhcmFtZXRlciBOYW1lPSJVc2VSZWd1bGFyRXhwcmVzc2lvbiIgVmFsdWU9IkZhbHNlIiAvPg0KICAgICAgICAgICAgPFJ1bGVQYXJhbWV0ZXIgTmFtZT0iSHRtbERlY29kZSIgVmFsdWU9IlRydWUiIC8+DQogICAgICAgICAgICA8UnVsZVBhcmFtZXRlciBOYW1lPSJSZXF1aXJlZCIgVmFsdWU9IkZhbHNlIiAvPg0KICAgICAgICAgIDwvUnVsZVBhcmFtZXRlcnM+DQogICAgICAgIDwvRXh0cmFjdGlvblJ1bGU+DQogICAgICAgIDxFeHRyYWN0aW9uUnVsZSBDbGFzc25hbWU9Ik1pY3Jvc29mdC5WaXN1YWxTdHVkaW8uVGVzdFRvb2xzLldlYlRlc3RpbmcuUnVsZXMuRXh0cmFjdFRleHQsIE1pY3Jvc29mdC5WaXN1YWxTdHVkaW8uUXVhbGl0eVRvb2xzLldlYlRlc3RGcmFtZXdvcmssIFZlcnNpb249MTAuMC4wLjAsIEN1bHR1cmU9bmV1dHJhbCwgUHVibGljS2V5VG9rZW49YjAzZjVmN2YxMWQ1MGEzYSIgVmFyaWFibGVOYW1lPSJGb3JtUG9zdFBhcmFtNC5kZGxPVFN0YXR1cyIgRGlzcGxheU5hbWU9IiIgRGVzY3JpcHRpb249IiI+DQogICAgICAgICAgPFJ1bGVQYXJhbWV0ZXJzPg0KICAgICAgICAgICAgPFJ1bGVQYXJhbWV0ZXIgTmFtZT0iU3RhcnRzV2l0aCIgVmFsdWU9IiZxdW90OzAmcXVvdDssJnF1b3Q7IiAvPg0KICAgICAgICAgICAgPFJ1bGVQYXJhbWV0ZXIgTmFtZT0iRW5kc1dpdGgiIFZhbHVlPSImcXVvdDssJnF1b3Q7MiZxdW90OyIgLz4NCiAgICAgICAgICAgIDxSdWxlUGFyYW1ldGVyIE5hbWU9IkluZGV4IiBWYWx1ZT0iMCIgLz4NCiAgICAgICAgICAgIDxSdWxlUGFyYW1ldGVyIE5hbWU9Iklnbm9yZUNhc2UiIFZhbHVlPSJGYWxzZSIgLz4NCiAgICAgICAgICAgIDxSdWxlUGFyYW1ldGVyIE5hbWU9IlVzZVJlZ3VsYXJFeHByZXNzaW9uIiBWYWx1ZT0iRmFsc2UiIC8+DQogICAgICAgICAgICA8UnVsZVBhcmFtZXRlciBOYW1lPSJIdG1sRGVjb2RlIiBWYWx1ZT0iVHJ1ZSIgLz4NCiAgICAgICAgICAgIDxSdWxlUGFyYW1ldGVyIE5hbWU9IlJlcXVpcmVkIiBWYWx1ZT0iRmFsc2UiIC8+DQogICAgICAgICAgPC9SdWxlUGFyYW1ldGVycz4NCiAgICAgICAgPC9FeHRyYWN0aW9uUnVsZT4NCiAgICAgIDwvQ29ycmVsYXRpb25FeHRyYWN0aW9uUnVsZXM+DQogICAgICA8Rm9ybVBvc3RIdHRwQm9keT4NCiAgICAgICAgPEZvcm1Qb3N0UGFyYW1ldGVyIE5hbWU9IlRvb2xraXRTY3JpcHRNYW5hZ2VyMV9IaWRkZW5GaWVsZCIgVmFsdWU9Ijs7QWpheENvbnRyb2xUb29sa2l0LCBWZXJzaW9uPTQuMS43LjYwNywgQ3VsdHVyZT1uZXV0cmFsLCBQdWJsaWNLZXlUb2tlbj0yOGYwMWIwZTg0YjZkNTNlOnpoLUhhbnQ6N2I5NWVkMWEtNmEzZi00MWRkLWJjNWItNjNmMzllZGJjNGI0OmRlMWZlYWIyOmZjZjBlOTkzOmYyYzhlNzA4OjcyMGE1MmJmOmY5Y2VjOWJjOjU4OWVhYTMwOjY5ODEyOWNmOmZiOWI0YzU3OmNjYjk2Y2Y5OmE2N2MyNzAwOjg2MTNhZWE3OjMyMDJhNWEyOmFiMDllM2ZlOjg3MTA0YjdjOmJlNmZiMjk4IiBSZWNvcmRlZFZhbHVlPSI7O0FqYXhDb250cm9sVG9vbGtpdCwgVmVyc2lvbj00LjEuNy42MDcsIEN1bHR1cmU9bmV1dHJhbCwgUHVibGljS2V5VG9rZW49MjhmMDFiMGU4NGI2ZDUzZTp6aC1IYW50OjdiOTVlZDFhLTZhM2YtNDFkZC1iYzViLTYzZjM5ZWRiYzRiNDpkZTFmZWFiMjpmY2YwZTk5MzpmMmM4ZTcwODo3MjBhNTJiZjpmOWNlYzliYzo1ODllYWEzMDo2OTgxMjljZjpmYjliNGM1NzpjY2I5NmNmOTphNjdjMjcwMDo4NjEzYWVhNzozMjAyYTVhMjphYjA5ZTNmZTo4NzEwNGI3YzpiZTZmYjI5OCIgQ29ycmVsYXRpb25CaW5kaW5nPSIiIFVybEVuY29kZT0iVHJ1ZSIgLz4NCiAgICAgICAgPEZvcm1Qb3N0UGFyYW1ldGVyIE5hbWU9Il9fRVZFTlRUQVJHRVQiIFZhbHVlPSJ7eyRISURERU4xLl9fRVZFTlRUQVJHRVR9fSIgUmVjb3JkZWRWYWx1ZT0iIiBDb3JyZWxhdGlvbkJpbmRpbmc9IiIgVXJsRW5jb2RlPSJUcnVlIiAvPg0KICAgICAgICA8Rm9ybVBvc3RQYXJhbWV0ZXIgTmFtZT0iX19FVkVOVEFSR1VNRU5UIiBWYWx1ZT0ie3skSElEREVOMS5fX0VWRU5UQVJHVU1FTlR9fSIgUmVjb3JkZWRWYWx1ZT0iIiBDb3JyZWxhdGlvbkJpbmRpbmc9IiIgVXJsRW5jb2RlPSJUcnVlIiAvPg0KICAgICAgICA8Rm9ybVBvc3RQYXJhbWV0ZXIgTmFtZT0iX19MQVNURk9DVVMiIFZhbHVlPSJ7eyRISURERU4xLl9fTEFTVEZPQ1VTfX0iIFJlY29yZGVkVmFsdWU9IiIgQ29ycmVsYXRpb25CaW5kaW5nPSIiIFVybEVuY29kZT0iVHJ1ZSIgLz4NCiAgICAgICAgPEZvcm1Qb3N0UGFyYW1ldGVyIE5hbWU9Il9fVlNUQVRFIiBWYWx1ZT0ie3skSElEREVOMS5fX1ZTVEFURX19IiBSZWNvcmRlZFZhbHVlPSJBUitMQ0FBQUFBQUFCQURkbmUxekU4Y2R4MjFoeWNZMkdCS3NrSWRLb2lVUkZHemYzdlBodUMyMkliZ0JSTEJDMnhDcW5uV0hmUFZaNTBwbndIM0IwSm1TMERTWmtBbEpTdWgwSmpONVRzbWt3N1JEU1pycEg5QVhmZEVYZloySmJQeXFmMEs3ZHlkWnQ5YjZRV3V5YWRZTTltbDM3Mzc3Kys3dVo3OCs2K0cvclQwN0k5RkVMamZpRk4yU1k1ZFBtcitZdFVybUNhZnNEdXY1cVNmTnVWd3UzaFh0TFp3N3BsdkYzWG5YNXNEdWtVa3pQM1hRdHFQeGVyRWs3YzVQVG8xTU9rN1pESmRyd2dybEs3V1hWeWhYVmloWFZ5alhRdVVQMU1zQng2MVVBVmFxNEVNVnNhQ2k1L0Y5TGQyYllyMmRIWm5zaURNOU16YmFuc2tlOG43R010bFIzVFhoajZ3MWJYWm5zdU91N3M2V2ordlRaaGNzYzF6ZDlpcGc4K3lGNHRob1I2MEJQRGpzbEthUFp6b1AyODc1RWIxc3dtdnUyTmRpd3YrZDBkajRpU1BEVDRKb0RQWUdBQzNheTNOQUdlQ2tBUUF1MWcralhSeDNnT011Y2dCK2o4WXFWejVjdlA3Mm5yMm54K2ZLcmpuZFAycm1yV25kM3ArYUx1ZWRrbTFON0UrZE1rdGx5eWtPaWYyYzkyOS9hbVRXZG1kTDVsRFJuSFZMWHRzVHN4TzJsWWNUSWV0TW1jV2hDVVhScGJ3a0EwMFFUVTdWTm9GK0xob1BlaGYwemVzT0oza1BvcTFTZE52U3cycjF4dlBaMTdaS1VBRU55bE1KS3FKQkJTcEJKVFNvU0NXb2pBYVZxQVJWMEtBeWxhQXFHbFNoRWxSRGc2bzBnZ0lPRGFwUkNRcVFvSkFPTklLaVJBSlVpQVJRSWdFcVJBSW9rUUFWSWdHVVNJQUtrUUJLSkVDRlNBQWxFcUJDSklBU0NWQWhFa0NKeEZOWnB6eEtKSjdLN09WUkl2RlVaaStQRW9tbk1udDVsRWc4bGRuTG8wVGlxY3hlSGlVU1QyVS81VkVpQ1ZTQXo2TkVFdWdzR1pSSUFwMGxneEpKb0xKa0JKUklBcFVsSTZCRUVxZ3NHUUVsa2tCbHlRZ29rUVFxRmxSQWlTUlMyZG9FbEVnaUZRc3FvRVFTcVJCSlFJa2tVaUdTZ0JKSnBFSWtBU1dTU0lWSUlrb2trUXFSUkpSSUloVWlpU2lSUkNwRUVsRWlpVlNJSktKRWtxZ1FTVVNKSkZFaGtvZ1NTYUpDSkJFbGtrU0ZTQ0pLSklrS2tVU1VTQklWSWtrb2tTUXFSSkpRSWtsVWlDU2hSSktvRUVsQ2lTUlJJWktFRWtuZU9KSG0zL3lvY3ZOM3F3ZUZSQUwzTk9oNk1rV0pKRlBCb0lRU1NhYUNRUWtsa2t3Rmd4SktKSmtLQm1XVVNESVZETW9va1dRcUdKUlJJc2xVTUNpalJKS3BZRkJlUmlRcUdKUlJqNlJRSVpLTUVrbWhRaVFaSlpKQ2hVZ3lTaVNGQ3BGa2xFZ0tGU0lwS0pFVUtrUlNVQ0lwVklpa29FUlNxQkJKUVlta1VDR1NnaEpKb1VJa0JTV1NTb1ZJQ2tva2xRcVJGSlJJS2hVaUtTaVJWQ3BFVWxBaXFWU0lwS0pFVXFrUVNVV0pwRkloa29vU1NhVkNKQlVsa2tvRkRpcEtKSTBLSEZTVVNCb1ZPS2dva1RRcWNGQlJJbWxVNEtDaVJOTG93QUVsa2tZRkRocEtKSTNLT3RWUUltbFVuSU9HRWtsYkR4ekVBYjRXMURzTWdzb1g0WGZZZzlEZEZhNGZZSUo2Zi9vQnlOMFZzSjVNVnc5YXozVGxvTXVlZVVVblV3SEpsRitCU1BBM0FVbmRTRkQvQXVGTWEwRjl0ZGVWS1pBdjFnOWhVT0JQSkg1ZGQ4eEUrTnQvNkk2WjZQMGxrMHBRR2MxMFBlemRlRkFGSFZNNlFWVWtxTENlL1hUalFUVTA2SXF6bDFNM0ZOUy9RQzFvR0E3aDJkc1JhVFY2b3Axd3IrTzl1eUdpMkJPUEoyS2o1b3c3TmhwOUtNMXgzQk9BUysvM0Q3alFRZUsrVEtuZ1BaLzlxRlYyNGFGZWhPMGo2WFJpYSs2RVhqREh5dDVUM284NmhjbEViN1hncVZtek5EZnVscXhpd1MrUEJjK3VyMldjMkZWdGQzRFdkUTdPek5oemg2WW5UTU1yR3ltWFIyeTlYQzRrMHRVMjNoUDFYZmgvUEY5eWJQdUVVN1pjeXlsbWlyVlhOeFFTblVFS1hnL05SRmVvcjlFUHQ1Wk4yOHk3cWRHeDhlelk4WkZzS3ErWHpWVHEvS1JaVEdWRXJ2L3BtV28rS2F1Y0tqcHVxamhyMnltM3NkcTA0WG5wZE1vc0dpbTk3RlV1MWUyM3l0NVplN3dUYWtYcDlONXFzMXBKT0xDd2VtQmh0Y0FDSnJEUUdGakFCdVpYRDh5dkZwakhCT1liQS9QWXdHRDF3S0FoOEI3LzdPRGtWYy9kVXgzaGVwT3pKV2M2WlI0NWVXeDhkRGczbGowNTJuL2FtSERPOUovMkcxaS8xTDM1NDAyUk05NzFTMmFxZXVKUU9OQmV2eHRCK251WE5BQWhEVUxwZVYxY09ibUczR3JxQVZTOWVwQVZRcXltNEdvajF6aHdvUTdYQmc0V3JkSUkwMlhNSE1ETVIvemE4TDY4b0tQTytlTHlxSDdTSVVIOTlPdVora2RCaGw5Y3UvYkZ0VXZwMUw1NjYzM3B2dlRTUSsvVk9wNEltTjRIN1VDb0lTYWZvQkdQYXlRc2F5VGdHb25MR29uaFJqZ1YvQTQzTVgwektkczg2NlorN2xqRjlaNGhjaW5IbTAyd0x5Y2QyeHh4REhNb0xYTHBsQTRuUzZqSHFhSE0wbUhUUVlScUVDRWNSS2dGRWU1TkVMNGFoQThINFd0QitIc1RCRlNEZ0hBUVVBc0M3azJRYW94d0NDN3RCOEJldndxdE9uRWdCTDFGbkNrWlppazFNUmZlZFVMN1FJak1JY1FzcmZwVW9oMGUrYnRtUjgwS0pIcHFlN0RwNmxtOVVDN0VJNUZOUFVaOEIvemVFNC9BL2Y2b1ZaaDBoNTBMd3lWVG56cFUxQ2RzMDVnMDRwR3pzRlZicE5WdjFYN0tLbHV3WXRJd0lsRy9wQzFyWG5Dak8rOWVmMjNoNm5OZjNyNzVuODlldlB2UmJ4ZmVmNm55K2VVdkxyMEwyejNxdFV0dWlYYlBmM0w3N3ArdUxyNXc2ZTViTDhMeXZkWHluaS92M0ttOGNPUHVyZWZuNzF5RjE0RlZmZFdxWGxqbGxiOTJlLzdWTitlZi84M0N0ZmNYM25zRk5oam9xWGJNUzJLYlljUmJ6eG9SVUN1TWVZVTk4WTdFMWxIZDFVL3A5cXg1MkRKdEk5cm1EVWxpaTFmcWRUc283UEFLdmZXYTZNcnQ4cXFHbmRtaVVVaTBMMm13clRleXZROSt3Y1FXZndXNzhyejNJQjVZcXI1bHZlK050TVNDbWgzN05rVUtCYjluVWI4N3lhMUJCNUk5OVpqSmJZWGs5bnNRb1owOEF1RDY3cjcrNGVMbFB5NjgrM0xseWdkUTRGb0VFSTRnMU5UdHFLb0xnM1hXNXljTXVRV2gzMUxjMXNhNHZhMHQ4TXF0eThUcHJFOXg4cXUxMTYvR2IveHFtMnRYNndydGIrU1hVL3daRy9FWGxMZnNPdUdVODE2YzZybHUzWTEyejhHdlp3ZU9IWHQyd0RBU25ibHhWeSs1L290WFcvNXV2WGpqWC8vc1NIVGtEaFdOYXRGd1cvTG12enZnSmNiS0owM2R5QlR0dVVuWUlPczRkdGFhaWZhZFh2ejBEL092dm5BbVZYbmxzOHJMSDgyLzhjNzhqZWZnK2p5OWVPTzZYejUvKy9MaTliY3JsOStyZlB6WFlJMTczV3VGT1J2ZVduZUtlZHZLVDBXZmVkcTE3TnpJNUJTRVE5WXBGR3pUcDRCbFcrN2NuclI3d1ExZVlUdHNGcXhpTGo4NVZhOU43MDh0cnplc2M5NGFPd2doazk0N2FNQzFIUEV3RWkyN2M3WVpUWjR6UzY2VjErMCszYllLeFFPdU16TjRidWx5QndicklDTExFcDdaNlJTTkNUdkliS3M3YVpYN3ozbUFHRXFuQncwNEtQRllJb1lkanMwTm8zSEVRd1F5R0VlOCtRZUhOWGtmZW5MeS9xVVJUTzVZR3JsazcyUXl2dEZoU2o0UVBiVys4WUY5WFdWMHZGcjgyQ1Izcm50WWtnODJQUjdKaC9DamtIeDRtWVNQTE1tZS9GWkliODE3NWZmMlRTMDk4VGE0REQyRWo3bm05QWhFdUJzeGpkWnQ4UmJ2WHpmOExiMGx3TmMvV3YyK3RpVTJlNzl5amppMlUrck1KZHB5dThhSEl4MUdQSDUyU1YzWU9iaXFBeG1Dc21CWGFnV0dFZXlhOEVIRDY2bDl3WHJQT3lXamI4TGJTUS80MzZGd05zeXNyWHBXOVI1ZGJSZjFTb0t6WVVtc1d0SmUrZlQxek1Mbkh4akJwQXBPdS95WEx6OTlIWlowMUhaSTdLMVB3eU5YMENCOEV4UVdkMWFMdlZzTzhHRlg3Y0tQRlNmS000TitxcDZTeWM1Y01yVmVPWGlzSER3VGNteHFYZzRCSzRmQWhCeHR6Y3NoWXVVUXYzbzV1aGN2djFTNWVxWHl5Wlg1dDY1OGxhSkVteGRGd29vaU1TUktySGxSWkt3b01rT2l0RGN2aW9JVlJXRklsSTdtUlZHeG9xZ01pYks1ZVZFMHJDZ2FRNkowTmkxS0JIQTRWV3B2YjhHRUtsMEVxbUFkTEtEZ1lLbXAwazJnQ3RiSUFncEdscG9xV3doVXdmcFpRTUhQVWxObEs0RXFXRnNMV0xLMVBRU3FZSDB0WU1uWGJpTlFCV3RzQVV2R2RqdUJLbGhuQzFoeXR2Y1JxSUsxdGp4TGZ1VitBbFd3M3BabmFRL2EwYndxUE5iYjhpenRRYjBFcW1DOUxjL1NIaFFuVUFYcmJYbVc5cUFIQ0ZUQmVsdWVwVDFvSjRFcVdHL0xzM1I3NVVFQ1ZiRGVWbURwdDhPSENGVEJlbHVCcFozNVlRSlZzTjVXWUdsbmZvUkFGYXkzRlZqYW1iOUZvQXJXMndvczdjeUo1bFVSc041V1lHbG5UaEtvZ3ZXMkFrczdjNHBBRmF5M0ZWajZ5OGN1QWxXdzNsWms2VTdDdHdsVXdYcGJrYVcvZkh5SFFCV3N0eFZaOHJhN0NWVEJlbHVSSlcvN0tJRXFXRzhyc3VSdEh5TlFCZXR0UlphOGJacEFGYXkzRlZueXRudWFWMFhFZWx1UkpXKzdsMEFWckxjVldmSzIzeVZRQmV0dFJaYTg3VDRDVmJEZVZtTEoyKzRuVUFYcmJTV1d2RzBmZ1NwWWJ5dXg1RzM3Q1ZUQmVsdUpKVzg3UUtBSzF0dEtMSGxiamtBVnJMZVZXUEsyZ0VBVnJMZVZXUEsyZlBPcVNGaHZLN0hrYlFVQ1ZiRGVWbUxKMjRvRXFtQzlyY1NTdDVVSVZNRjZXNWtsYnl0WFZYbTdOWkJsUjRNR1dDZmJuQWJCdXl2OTMycWdFTXdNckpPVldmTDNLb0VxV0NjcnMrVHZOUUpWc0U1V1pzbmZIeUJRQmV0a1paYjgvU0NCS2xnbks3UGs3eDl2WGhVWjYyUmxsdno5RUlFcVdDY3JzK1R2djBlZ0N0Ykp5aXo1Kys4VHFJSjNzaXo1K3g4UXFJTDF0Z3BML3Y0Z2dTcFliNnV3NUcySENWVEJlbHVGSlc4N1FxQUsxdHNxTEhuYlVRSlZzTjVXWWNuYkhpSlFCZXR0RlphODdlSG1WVkd3M2xaaHlkcytRYUFLMXRzcUxIbmJJd1NxWUwydHdwSzNIU05RQmV0dEZaYTg3UThKVk1GNlc1VWxiL3NrZ1NwWWI2dXk1RzJQRXFpQzliWXFTOTcyR0lFcVdHK3JzdVJ0anhPb2d2VzJLa3ZlTmtPZ0N0YmJxaXg1MnhQTnE2Sml2YTNLa3JkOWlrQVZyTGRWV2ZLMkp3bFV3WHBibFNVWE4wNmdDdGJiYWl5NXVDeUJLbGh2cTdIazRwNG1VQVhyYlRXV1hOd3BBbFd3M2xaanljWDlpRUFWckxmVldISnhQeVpRQmV0dE5aWmMzRThJVk1GNlc0MGx2L0pNODZwb1dHK3JzWFF2N2pTQktsaHZxN0hrNHA3dFdlTVpreHIrdld1Ym1obGt6NWlNVjI1OU12L0dPd1B6djc5U3VmTWFQRnI0ODlYSzdWdU5haXo3S05mbGFsUS8xRFdzQnRjUHNHcWNJWmdqK0hleHBUQkh2Z1o5ZnJybWJNRy93MWRUWHZZYk0xdHlhNnJSNkdGRG43VktySWIvTWNSaE5SYmYvVGl6ZVAxdlg2OGFQMXRUalVidkd2b0k0Njl5YnNRcWx6NWJlUGttTG52a1kzU1I3T3NmcUxzZWp1cHJadC9vVVVPZnBmd056MzVpemV6eDd6N0xSdmI1TmJQSHZ4TVhoVmNkVU1qZVdDUDdUWUREbWt1QmpZVnZycDErbzR1OE43c0FweUxwTDE2L2xWbTQ5bXU2NlovMVM3cWhOWW9NK25uRExodCtUbHNNcXp4ajYzTUhpazdSSERUK0I3NHZlSWlCckFBQSIgQ29ycmVsYXRpb25CaW5kaW5nPSIiIFVybEVuY29kZT0iVHJ1ZSIgLz4NCiAgICAgICAgPEZvcm1Qb3N0UGFyYW1ldGVyIE5hbWU9Il9fVklFV1NUQVRFIiBWYWx1ZT0ie3skSElEREVOMS5fX1ZJRVdTVEFURX19IiBSZWNvcmRlZFZhbHVlPSIiIENvcnJlbGF0aW9uQmluZGluZz0iIiBVcmxFbmNvZGU9IlRydWUiIC8+DQogICAgICAgIDxGb3JtUG9zdFBhcmFtZXRlciBOYW1lPSJfX1NDUk9MTFBPU0lUSU9OWCIgVmFsdWU9Int7JEhJRERFTjEuX19TQ1JPTExQT1NJVElPTlh9fSIgUmVjb3JkZWRWYWx1ZT0iMCIgQ29ycmVsYXRpb25CaW5kaW5nPSIiIFVybEVuY29kZT0iVHJ1ZSIgLz4NCiAgICAgICAgPEZvcm1Qb3N0UGFyYW1ldGVyIE5hbWU9Il9fU0NST0xMUE9TSVRJT05ZIiBWYWx1ZT0ie3skSElEREVOMS5fX1NDUk9MTFBPU0lUSU9OWX19IiBSZWNvcmRlZFZhbHVlPSIwIiBDb3JyZWxhdGlvbkJpbmRpbmc9IiIgVXJsRW5jb2RlPSJUcnVlIiAvPg0KICAgICAgICA8Rm9ybVBvc3RQYXJhbWV0ZXIgTmFtZT0iX19WSUVXU1RBVEVFTkNSWVBURUQiIFZhbHVlPSJ7eyRISURERU4xLl9fVklFV1NUQVRFRU5DUllQVEVEfX0iIFJlY29yZGVkVmFsdWU9IiIgQ29ycmVsYXRpb25CaW5kaW5nPSIiIFVybEVuY29kZT0iVHJ1ZSIgLz4NCiAgICAgICAgPEZvcm1Qb3N0UGFyYW1ldGVyIE5hbWU9Il9fRVZFTlRWQUxJREFUSU9OIiBWYWx1ZT0ie3skSElEREVOMS5fX0VWRU5UVkFMSURBVElPTn19IiBSZWNvcmRlZFZhbHVlPSJldUM2R1V0N1V0MVg1WFJvZDEybWI3SWxrSWFycUE2M2NQWDRCUVJ2OVUrajdoTHFZWjMyNEh0M3JWcWlsTVNpU0Q5SlhrNWRlTmJrclhoV1dWWnFCa1NadDA1emJDSDBDL2VlbEFOcmVFRnBXNEZ5TFBqYnp4Y0ZLVUJXdnNqOWtkM3p2WE5rSmhOVHVWMnRIT1ZKbnppY1o1WkRmYkx4Q3BGNWVVOGR2ZytaYTdxZmY2M1poRk1MaFVkNGlYemNzeVBwUENQL1M2a2FLS3BtK3dGY00ydWd5R1BaZlExdlBUZ0JhK2Z1U3JuaWVDOFJIdkFaMkhxSlNXU1YxNkFld0lneVZlUXVmeTQ0TjFlN0haQmZ4WXRwLzMzVlBaczJhRWFFSE1BYXlEYkR0WGtPTW9xTnZpS0EzOW1LSWo1eERTV0NoYjJLVXhBb3dWVG5oSm5aajZLSjNaVlNWd2pOSGJ1dG5yMTFDcEcwcms1ZWVyV04wQXFaN2pQQncrVkJ5UXhJMi9VYVE2NTNCMFZrbDhlMkpuMWI4dUVMS2xiSkR0WUlUOEd6VmVjRjF0RDcyWm43ZjIrN010cHlaTll0cFBkNTZQN0F5bTNDbHQwRlg5d2Vzb2dZeStZdVUzTDlkZGxVNkVuWDJsdU5HL2ZST1AwUDk4RWY5UUlncjVWSk0xRDNERXIrRGtwTGVOTXg2OVpxTFBYbXhvTitWazVJL2NZdW5VV1U5NjlzZTQ5NnNLK0FrbzN0dlJOWk14S0lEL0JqMnZXR0lCYUVlSTVrUkMwMkl6M2pjMU5TajdEY1hOUEsxYVJvQUlaYnFPajFpMFA5RW9qaTB1b0pKSk02OVZkUVpLSEFMNVBNK3hBMVJlUCtKOFZrZHR4b0l6SytQanIvRlUzNTR2SFRSTGRlYkc4a0h4RHMrRXpyWmx4NnZjeFVKcEd2RHVtcXdsRWwwS202Sy9kcHRLTmVXWHJ0dkFYMitoWFVlUkNoMWwrV1p1YzhLWUQ0WTRWalR0eVhPZU9qN2VkMlY1RGFabUQwM0tMdHpkcnllc1lSYlplOUFCeGFVSndRN2VxWDRTZzViMVlZYytTT3JEUkd3bkVVSXRBNjA1Wk9jdVMyWGd6K3RlVmZESUVrY040WFA5aEc1QkVhUkxiTHFHS1hrM2ZQY2xUa0N3MWVVQ2FQUmNIVXI0TG5ncVBOU3ZYSklDR2hxMTZiMmtvblBlYlhUai8wQXJyanNYS3ZDRlZTQThkSEFsQmJsaW4wTVhId1owQzJkQWxUaTNZTkRpSlZxbERjZmJXTkNkaUlLaklSakhjRGRHbDJUQzhhN3RXczhpTnR6MU92eHRsS3dTODRnaHByWWFnbEJBSmR5Q0tacU1OZWM5Ulk3KzZzQnQ5N3AzVXZ6d0ZOdi9lZ29zcXM2TkxQcmlaeXNlTW50SjUvcENJa0NIRWJLem1vbERHdEc2NUFGR1pYNkhNQllIOUs5Z3I5YVZPN21JeDRMYlU1d00xY05FMGpKcHFNd1pXeWE3SkZEcmRVTXY0ano5aUlwVC9LMk5QTUg0M0RDTTVRZmIraXJwRkZVeUdaR0poTWRUU1JmalV2bWNZVERiTTd3bUI2S3kwZk1CbUVWSUtCS2o5L0tzL21rY2Z0SzRjSGJQY2svZUN1RG53dG5SRWt1UWh5RTN6bkhiTUIwbHRLKzlQSmxFdGRKQm9kSXV4N3U1Szd6dUdJY2U0SEE5dGJDYzZUWnEyZE4vYXlvRzFnMW5kZHNpSzJiZVlvaW9RcmNLMnVvZVROcTE2KzdaV3VQM0FINGNJcWNJd2dzTWZNczBYeFN2S1lXNlFlRkJvZmVWbFYycmNMTjZWQzlPNGpmdXZwa1RscDUvenRPSUVYSW44Y3RvK0k5TXJsQ1c2cVVMdVFGTGt5QjIvNTFWUkdBRHYxeDZiMVN2ZHE1RWJ6eHRhRGl3SXBLQTNRVnJGWjI1S09XamZDM2NJMnFJdWR0T3VIcmhBbXZGQlcyVUkyTHppV3pVKzRWeTRrck1GNGRPbTNyL2xpTFVEQnZaQUhxWVl3M1VZT2RhNE8yVURscjhSbENJeWNHbnFEcklNSE83RXFKem1zd2huQ2pCVjdhNmw4Y3lSOXByTVFSbmVnVWd5VDRTUXdlSEt3VDROeUtNR2JURlFtQ3F3b2dLN1lkRU9PZ0RwK0RJa2M0V3FGODducUFzQzBzLzg0eDF5cGR4OHJHNVl4enZDV0RnYnNQQ3YrOEFaQ2NrZUpMay9vOU5LalJNazJHbXpNYTNqQUlIRVp6M0tHSnVQZVc2b25ETXFaZnlYZUJUMU9Qa1JvdGpNbW5jam9Ka2pGUjNyRmJaNXVqSzRmSDhmOWpLVnpXSHVHNHZDOWt3eTFWTC9MWXBTaVY5aU5oSDJsM1BobVh4T0Ewd0xrUUZiV0sxT3lkTmdBR2JZMjVSQWJsMDd3N2txelZTRzN0TE8vanJqS2gvZUtwL2x3QzNpZFFwdEdFWlp1b1hqemV6UXVwNVpMK2JlQWpQODJBLy9OVkVWdHlPSHlqZDd1U2JSRE1tYTkrajlHdlk0SEM5cWh4ZEtDbHA4TFdQNHBDY1VyaUprRlhqdURqNVRNZzNJVnptN2ZIdEhibndSN0pDbjhtU0Y4VXZMdW1RUmFLNjQrVk5XTXAvZVJnRnpSL0Z1Q1ZETFdMcllxYTI4ZkVyaDV2NTFIVnBoM2VtTDBLVGtJV3pRSFNkN3RxN25LdStqNitrVnlpcmhpZ2J0UGgyVVg5UnpEdlBaWVkwTVlISy9rbzJBR00yTHZLd0JLWndJQVdkenllWjZKdGlhZCtWTFVTYmdzQ3BGVEpHeWxGd1gwQkhOUkpSQVl5VzdiZ0hNYjkwUnc4L3dHU0I3SUFDMlNCR1FtMmkyaDg1ZUoxVVVFeVJhSVF6M0VwK0phcWsxY21YVWU3OTM0U2hWRytyOXpmWXZlNFBiRFExYnYzZjFsbE9saTJ0NUFKc3ZBMTY5Ly80NFBmdWt4bmtDK3BORllCN3RnWkZGWjlOWFk0NE16RnM1YnN1NUZwV3pYUlJtRVU5dWUwQ3JCWXRxRitBMHJJNHdObVlqaG9UbDdidFpBMkhWQW9XRlQ0Y3ZlaE1rZWhqYzVaYUlpYWc2MHdUVUViblZnZVQrSUZRZTlNQjM4T3ZPN2FwZHc0MjZIUEtGcTdROU5VU0JXbCtNU05xMXpFbHN1Z1lTNVdkbTJQSmhZcjI4YkFWNjA4Z1Erc2g5cENpKzFiRjFac2NyVzNUMjhVdU5xWWp2QW53WExMbTdHbTNaWkVLMUsxMXhNUzl6QVZnYW1GWk9xalZoVXRZbmE4TkR1Q3lMdFNNY05vcEkvVmpoemQ2MmVEZ3NORjI3NFEyWjQ4NGdkRzV0Z1VyN2F5QzMzd0lKSWoraDQ5c0xvTnZ1WkZSWUVQWWEwR1drY0dncWVQSzBuWDYrSUJjb05hWlJmN2ZnalYwV0ZqcklQMzFab2RtclNEK25IQnArejI2bGJwTk15UVNqSS9LM0hLRTNucmZKUVl2bmpDdnRrdVpSRU12TVNvZ1ZrM0MwV3c3dE94WWJ5S1paVkd4WUZvbDVicVlKcHdnZS9LWlA3STNRY0FvMGlNcFByb2VNZys2OGREK3dreWRLbFRZRjBaQ0JESmZCeDBCcHNodVVVWmdRdDFCYU9xQXlwM1ZiVkZ3SmM2QWdRRWpVQjFjZWFuVjBuMjJObE5LNFJvcEY1dzZURWU2ckxNYjdWajg5K0xlYW5acmRMeFM1YS83NThkblIyVFpXWnZIWVhxeFlpbGVla3dzYUpUZ00vSW0zTlc3Y3oxNUZrOVlUVE8xcnFyMjRHczhUYlUxM1k4S21hQ3A2Q2xCTy9kaW8zQUJxbmY5NXpwS25sT2hscUJVN2FXMUhyT2h1WkNFcGYzY3phcGE2UmJWMGk5YkplRjMzb0JQbkhIc1V0MC9wY2JaTThDN1dNZzNpK1NEQUlpSkF5REhOOFR0S1hCU3hacUw3eEx4RzIxQ2xDWEFFT1A4UHF4cTFLSEIrNmQ4bU5CMEh4MkM0UlVlY1VDTXcyVnkwUTJwbjVqdVFoUm01QmZTczM3aGlVRGVUMlNIZmo2czNtdUllRWQwR0VWS3lQeHRoTFYremRIMW55d3kwSlpQMnFPMHhxUXJjMWdkd21YWkFibDZyZDVwRlM1N2h3QWlWN2UrU1FMOVVFeUlDYWRmL1MxZlhETXJEa3F2QjEzUUlTa0hPRzNPZW5nYmRkZTVTWmo3ancvWjVzWTlFeHNuWm5COHV2SHNkN3BhSHdSN0RjampOUERTd2Q3MWhSMXNCS05FQUIvSEpCeDVJeVdZM2NoWjhLcDF3cEc3T3M3T29WdWtHZE12SWgvWWVuTnpXMUN1bjlzZWU5RUl3eU5UM1JnRzNuT2s1NFIxZDA2Y0dyTUsrYWp4STNzK3BQQjhhdXZhQzNhelhVWkRRNUVaOWVsMDdZdCsvb0g0NDd4bzRDMjNBRVJ0OEswZEZKaTlBNm9oc1dHOXpjNkZuSFJHS1Y2U2VkWjFXTlRLVGZUYzltZ3BvUUNBN3NzQjFPcEhLMlpKanlPdWZCYUI2SHFyKyt5NEczSm1kUHBjdWhWT01DMHNIajROT051SURKaVNIbUxzQzAzZTZMZmtGVmNSUDBIcEFIYzh1Zkg5bGU2QnBlc3U4b3NmMldnbUo5VDJxZkF4bDl0RWhQdFVGZ3pzQ3lmSUsvdkJiRzRZUzdQOXdRVitpUFRtZDYwQndmRzRtUlkyU2UrU281S0NRWGVNbGNBcmdJeVpFMXlaZnN1Y1diQWZWeXdvT0hmdmYvMWlYMmNiSkpkUmtGWDk2d1NUcy9XL09YNnVwdjJXYkMxTFl4am1saC8rdHYzd3lkTHdKTDVVczh2dWRnUW05K3RkaEsxMC9XZTBLMjNLYlR4UDU5ZzkzelUwdVA4OFZmWmhLTE5GUjhHTzZQTno1clQ2M0xGSjR0VHBuMWtFY2JOWlVXMStzcUNGWC9jZ21kMWJlaW1LZi9LT25KREZlem1OZmlQRVI0UnFGT2YvWG9sZGVNVnRaN01ySTlEVkJIeHNXZkFqTi9FUGxIdXg3ZjU1eGt5a2R0RjNlT0dIWHgxUFlSbEdCL0RyU2V3bFZZNmdlMlNUeFN5dHJ4OW04Mm41d1NTVW5tSDZPY3JZbzJ0U3J5VndFZkdjYmphRjNkVllLYkN3TFM1bTIxNk90NE5LOWlOajRjN2ZXekY5TnFyUFJJRlU2YjlGMjNmZXAzY2pXT09yTHFmM2dQKzNYWEZUNUcwVVR3Z3BZeVdLWnZNV2dvSDhOa2VSL0ljeW03dzNhK0NEbWwrVFV3aGpSWHR0YVhidW5DUnFRYWFxM1BhTEhDQXRDZ1dBMzZSSkxQN1FvRmJSWlNQSmNCWEFDazJtWXprcnB3Z3ZBL2UyNEtXVGFJb3BxVUZlRk1WS3E1c3dYNktOTytsRVFvbVN0ZythdzBDSnlMTU9vNXJQaEtFWlVzZnRSSVZnQU1QUWp0M1FkZzFlY2MzS2JtZzI3YnhYeUo0bUtwaEp1SmJ5ZzRFbUl2dDRkRWVWR2FsSGR6ZVQrZFBvamF2em5ROXVYZGRwSUtzZERsVDI2MnUxVFM5WjNLVUdPSTRoYzh5Vld0Ymd0cno3ZGhZK3pCSC9Bc0d3dkNtVXlWYTNPajBoZDAzWWVmRkEvNjdBWGZvV2NxZldSZjduZE1TdVp2VVVpN0xDeHFWOXJhOC9OVnd6VU92QkovN2pYOGRYMGlNQ3NhTm5UQjdsNVJHNWdwaHAzYUNsQkdOTVRKUTNZZmpZR0tSMFFHWTZxbmtkbUVoYmllK2crR1ltS3kvODVOR29jeUdwMjU3SzQ3ekpnZldYTFN2TG81cWJNdTRLOURwR3ozMm0wb1BnMy9URkdGeVlEZkd6TEQvQzR6dHRacjUxejhrOVF6dmtoR3h4blRHWDA3VXd5UEtzdDZ5ZmxFcXZFbXRjL1dHT0szcGx0emhUMERFOFcrdWJsMFEyNGJvajVRbXpFY2czOEI2c0hDQWlHWEQ1YU5yQzZod2o4NTFJVFZmZE4yRm1zSnVxS29aelhZeklITnFwRXo2b0ZNT25OYXpNcy9uYnJ3ZXBaQWJMcndXTitGb3VldVdFVXRYYnVvN0MyK0ZEOHBRd2RySXFBZlQzMXpOSm9GVHpLL0lXL0FCK1REdFUxNE1nbWY5RzdKQXpEZXpqdkphbk9WakdsSVRqRkVZZDZpd0JVM0dNNHlyMk9kS1RUVVNYcElKWlFZRHgwbDIzVHpkVG5Wc1RCRE1pMmRGUmZNb0ZtaUFJRHRERTlySWpWOXR6SE42UGt2N0lkS0hsNjBTQ0NWTzg5a1R5TitMdERGNVdyYW9YanZDZlBvR0duczB6TGxJdnU2dGF1NlQyUWNyOWlUVzN3TkFxS2IwWER3b2dCTUlxNFpUT0hiaXRTbjBQL01WdGY0dHZOS3ArVExKK3lFQ3lRTHhiRGg1ZFI3WlQ3dVpUd0g1UklidnpXNFRvaksxZk9keHoyaHRTektpcHpXdnpUZzd2MmxhZEJJdFMrem1QMElEbURHYzFYMUtkS0Y1OHFkWndkdEtJemR4aW1TZEJ6OXVZSjVQQVdqYnFGTUhRd2MxcEFoZGhaSk5QVWR0ck8yS2JaVUV4bU5BVVNocWhNeGJ2dmoxbjZ6bkpVYnM3M083UFd2aTFJL2FSbXQzQzE4enZGS1pnNzkrMm5naW50RFVDSUI2aUxHcmFWZUE2dUpldHhXMm50MFk2Ym9ubm9QOXJSQzZHWjNGSTJrcElkczZ6RktVS1RIbCsvd2l4YkxDYW51YVVTOWlNMzNOWVlxNHJJVU94SFE3ZWFZazlXalA5WGFVRHNUS09EenRQOXRBOWNKMXYrL0RmbjNCN1hDa1NaTFdJakRCK0tWWGo3TXRCWVRYNm9YS3dlUENFUlUxSUFVZ1Nhc1NGYi9kZjRMaldvMXc1dlE3RHFyMDhac3F2NVBmRStSSHBPMDg0SDdSNjNkYUpJclpDdHFtMlVtdnhHTkRJbjZQTitpY2xXSHFGOWJWS2NaanhTWHR4bmdSZ1hkazB2ZjlqNWVQUHEzbDRLODJzd1cwVGFTQzdwb0s2RVhJUFVjSGxteGRCb0lHMHJSYUIwUlZNRk95amZvZDluSmZBVmZpZmFYenREM2pWdWpQaktPOFNqSHptcnlCMUwwMEZOL3dXVEpGRXBYdVU3WEJHd20rb09ETFhwRjFMU2NteVRTc2trSmc0VlVVUT09IiBDb3JyZWxhdGlvbkJpbmRpbmc9IiIgVXJsRW5jb2RlPSJUcnVlIiAvPg0KICAgICAgICA8Rm9ybVBvc3RQYXJhbWV0ZXIgTmFtZT0iU2NyZWVuV2lkdGgiIFZhbHVlPSJ7eyRISURERU4xLlNjcmVlbldpZHRofX0iIFJlY29yZGVkVmFsdWU9IiIgQ29ycmVsYXRpb25CaW5kaW5nPSIiIFVybEVuY29kZT0iVHJ1ZSIgLz4NCiAgICAgICAgPEZvcm1Qb3N0UGFyYW1ldGVyIE5hbWU9IlNjcmVlbkhlaWdodCIgVmFsdWU9Int7JEhJRERFTjEuU2NyZWVuSGVpZ2h0fX0iIFJlY29yZGVkVmFsdWU9IiIgQ29ycmVsYXRpb25CaW5kaW5nPSIiIFVybEVuY29kZT0iVHJ1ZSIgLz4NCiAgICAgICAgPEZvcm1Qb3N0UGFyYW1ldGVyIE5hbWU9ImJ0blF1ZXJ5IiBWYWx1ZT0i5p+l6KmiIiBSZWNvcmRlZFZhbHVlPSLmn6XoqaIiIENvcnJlbGF0aW9uQmluZGluZz0ie3tGb3JtUG9zdFBhcmFtNS5idG5RdWVyeX19IiBVcmxFbmNvZGU9IlRydWUiIC8+DQogICAgICAgIDxGb3JtUG9zdFBhcmFtZXRlciBOYW1lPSJkZGxPcmdBbmRGbG93IiBWYWx1ZT0iIiBSZWNvcmRlZFZhbHVlPSIiIENvcnJlbGF0aW9uQmluZGluZz0iIiBVcmxFbmNvZGU9IlRydWUiIC8+DQogICAgICAgIDxGb3JtUG9zdFBhcmFtZXRlciBOYW1lPSJkZGxRdWVyeUNvbmRpdGlvbnMiIFZhbHVlPSIwIiBSZWNvcmRlZFZhbHVlPSIwIiBDb3JyZWxhdGlvbkJpbmRpbmc9Int7Rm9ybVBvc3RQYXJhbTcuZGRsUXVlcnlDb25kaXRpb25zfX0iIFVybEVuY29kZT0iVHJ1ZSIgLz4NCiAgICAgICAgPEZvcm1Qb3N0UGFyYW1ldGVyIE5hbWU9InR4dE9URW1wSUQiIFZhbHVlPSIxMDIxMTkiIFJlY29yZGVkVmFsdWU9IjEwMjExOSIgQ29ycmVsYXRpb25CaW5kaW5nPSJ7e0Zvcm1Qb3N0UGFyYW02LnR4dE9URW1wSUR9fSIgVXJsRW5jb2RlPSJUcnVlIiAvPg0KICAgICAgICA8Rm9ybVBvc3RQYXJhbWV0ZXIgTmFtZT0idHh0T1RFbXBOYW1lIiBWYWx1ZT0iIiBSZWNvcmRlZFZhbHVlPSIiIENvcnJlbGF0aW9uQmluZGluZz0iIiBVcmxFbmNvZGU9IlRydWUiIC8+DQogICAgICAgIDxGb3JtUG9zdFBhcmFtZXRlciBOYW1lPSJ0eHRPVEZvcm1OTyIgVmFsdWU9IiIgUmVjb3JkZWRWYWx1ZT0iIiBDb3JyZWxhdGlvbkJpbmRpbmc9IiIgVXJsRW5jb2RlPSJUcnVlIiAvPg0KICAgICAgICA8Rm9ybVBvc3RQYXJhbWV0ZXIgTmFtZT0iZGRsT1RTdGF0dXMiIFZhbHVlPSIxIiBSZWNvcmRlZFZhbHVlPSIxIiBDb3JyZWxhdGlvbkJpbmRpbmc9Int7Rm9ybVBvc3RQYXJhbTguZGRsT1RTdGF0dXN9fSIgVXJsRW5jb2RlPSJUcnVlIiAvPg0KICAgICAgICA8Rm9ybVBvc3RQYXJhbWV0ZXIgTmFtZT0idHh0T1REYXRlQmVnaW4kdHh0RGF0ZSIgVmFsdWU9IiIgUmVjb3JkZWRWYWx1ZT0iIiBDb3JyZWxhdGlvbkJpbmRpbmc9IiIgVXJsRW5jb2RlPSJUcnVlIiAvPg0KICAgICAgICA8Rm9ybVBvc3RQYXJhbWV0ZXIgTmFtZT0idHh0T1REYXRlRW5kJHR4dERhdGUiIFZhbHVlPSIiIFJlY29yZGVkVmFsdWU9IiIgQ29ycmVsYXRpb25CaW5kaW5nPSIiIFVybEVuY29kZT0iVHJ1ZSIgLz4NCiAgICAgICAgPEZvcm1Qb3N0UGFyYW1ldGVyIE5hbWU9InVjTW9kYWxQb3B1cDEkQ2xpZW50V2lkdGgiIFZhbHVlPSJ7eyRISURERU4xLnVjTW9kYWxQb3B1cDEkQ2xpZW50V2lkdGh9fSIgUmVjb3JkZWRWYWx1ZT0iMCIgQ29ycmVsYXRpb25CaW5kaW5nPSIiIFVybEVuY29kZT0iVHJ1ZSIgLz4NCiAgICAgICAgPEZvcm1Qb3N0UGFyYW1ldGVyIE5hbWU9InVjTW9kYWxQb3B1cDEkQ2xpZW50SGVpZ2h0IiBWYWx1ZT0ie3skSElEREVOMS51Y01vZGFsUG9wdXAxJENsaWVudEhlaWdodH19IiBSZWNvcmRlZFZhbHVlPSIwIiBDb3JyZWxhdGlvbkJpbmRpbmc9IiIgVXJsRW5jb2RlPSJUcnVlIiAvPg0KICAgICAgPC9Gb3JtUG9zdEh0dHBCb2R5Pg0KICAgIDwvUmVxdWVzdD4NCiAgICA8UmVxdWVzdCBNZXRob2Q9IlBPU1QiIEd1aWQ9ImZkOWMwMTI1LWJjNDEtNDNiZS04NjllLTE0OGIzMzMxMDE1ZiIgVmVyc2lvbj0iMS4xIiBVcmw9Imh0dHA6Ly8xMC4xMS4zNi4xMTQ6ODAwNy9PdmVyVGltZS9PdmVydGltZVByZU9yZGVyLmFzcHgiIFRoaW5rVGltZT0iMCIgVGltZW91dD0iMzAwIiBQYXJzZURlcGVuZGVudFJlcXVlc3RzPSJUcnVlIiBGb2xsb3dSZWRpcmVjdHM9IlRydWUiIFJlY29yZFJlc3VsdD0iVHJ1ZSIgQ2FjaGU9IkZhbHNlIiBSZXNwb25zZVRpbWVHb2FsPSIwIiBFbmNvZGluZz0idXRmLTgiIEV4cGVjdGVkSHR0cFN0YXR1c0NvZGU9IjAiIEV4cGVjdGVkUmVzcG9uc2VVcmw9IiIgUmVwb3J0aW5nTmFtZT0iIiBJZ25vcmVIdHRwU3RhdHVzQ29kZT0iRmFsc2UiPg0KICAgICAgPEZvcm1Qb3N0SHR0cEJvZHk+DQogICAgICAgIDxGb3JtUG9zdFBhcmFtZXRlciBOYW1lPSJUb29sa2l0U2NyaXB0TWFuYWdlcjFfSGlkZGVuRmllbGQiIFZhbHVlPSI7O0FqYXhDb250cm9sVG9vbGtpdCwgVmVyc2lvbj00LjEuNy42MDcsIEN1bHR1cmU9bmV1dHJhbCwgUHVibGljS2V5VG9rZW49MjhmMDFiMGU4NGI2ZDUzZTp6aC1IYW50OjdiOTVlZDFhLTZhM2YtNDFkZC1iYzViLTYzZjM5ZWRiYzRiNDpkZTFmZWFiMjpmY2YwZTk5MzpmMmM4ZTcwODo3MjBhNTJiZjpmOWNlYzliYzo1ODllYWEzMDo2OTgxMjljZjpmYjliNGM1NzpjY2I5NmNmOTphNjdjMjcwMDo4NjEzYWVhNzozMjAyYTVhMjphYjA5ZTNmZTo4NzEwNGI3YzpiZTZmYjI5OCIgUmVjb3JkZWRWYWx1ZT0iOztBamF4Q29udHJvbFRvb2xraXQsIFZlcnNpb249NC4xLjcuNjA3LCBDdWx0dXJlPW5ldXRyYWwsIFB1YmxpY0tleVRva2VuPTI4ZjAxYjBlODRiNmQ1M2U6emgtSGFudDo3Yjk1ZWQxYS02YTNmLTQxZGQtYmM1Yi02M2YzOWVkYmM0YjQ6ZGUxZmVhYjI6ZmNmMGU5OTM6ZjJjOGU3MDg6NzIwYTUyYmY6ZjljZWM5YmM6NTg5ZWFhMzA6Njk4MTI5Y2Y6ZmI5YjRjNTc6Y2NiOTZjZjk6YTY3YzI3MDA6ODYxM2FlYTc6MzIwMmE1YTI6YWIwOWUzZmU6ODcxMDRiN2M6YmU2ZmIyOTgiIENvcnJlbGF0aW9uQmluZGluZz0iIiBVcmxFbmNvZGU9IlRydWUiIC8+DQogICAgICAgIDxGb3JtUG9zdFBhcmFtZXRlciBOYW1lPSJfX0VWRU5UVEFSR0VUIiBWYWx1ZT0ie3skSElEREVOMS5fX0VWRU5UVEFSR0VUfX0iIFJlY29yZGVkVmFsdWU9IiIgQ29ycmVsYXRpb25CaW5kaW5nPSIiIFVybEVuY29kZT0iVHJ1ZSIgLz4NCiAgICAgICAgPEZvcm1Qb3N0UGFyYW1ldGVyIE5hbWU9Il9fRVZFTlRBUkdVTUVOVCIgVmFsdWU9Int7JEhJRERFTjEuX19FVkVOVEFSR1VNRU5UfX0iIFJlY29yZGVkVmFsdWU9IiIgQ29ycmVsYXRpb25CaW5kaW5nPSIiIFVybEVuY29kZT0iVHJ1ZSIgLz4NCiAgICAgICAgPEZvcm1Qb3N0UGFyYW1ldGVyIE5hbWU9Il9fTEFTVEZPQ1VTIiBWYWx1ZT0ie3skSElEREVOMS5fX0xBU1RGT0NVU319IiBSZWNvcmRlZFZhbHVlPSIiIENvcnJlbGF0aW9uQmluZGluZz0iIiBVcmxFbmNvZGU9IlRydWUiIC8+DQogICAgICAgIDxGb3JtUG9zdFBhcmFtZXRlciBOYW1lPSJfX1ZTVEFURSIgVmFsdWU9Int7JEhJRERFTjEuX19WU1RBVEV9fSIgUmVjb3JkZWRWYWx1ZT0iQVIrTENBQUFBQUFBQkFEZFdOMXZFOWtWangyUFk1d1FoeTEyNmJZZER4THRKTXJYM1BGSHZwb0hZa09KRmpCTnZEdzBpNnl4NTJKUE01NUpQZU9BKzRDbzFDd3BaVVZXRzNhYnBhcTAwcGI5b0t5b1VLV1VwYXYrQ1gzb1E1L1Iyb21mK2llMDk4NkhQWTdIVGtnZ2xYQVUrODY1NTk3ZitaMXo3am4yL2EvRGQ4SkprS2xVVEpiVWdpd3FjL0NYUmFFQUw4bUtPc05sRnQrQ3BWUXEwRTM0czhzWE9FRTZsVkZGQnB5SzVXQm04YlFvRWdHTG1EMlZ5UzNHY3JLc3dBWjVxSVU4M0VJZWFTR1B0cENQdFpDUHQ1QlAyTXNCMDBJT0xISzNMdmY5WkxDanA5UHQ5M29TeVppY1g1cU5keVdTWi9Dbk81R01jeXBFSDBraEQzc1N5WG1WVTR2S1JTNFB1NUZNVmprUlR5RDE1SFZwTnU0eEZkRGdyRnpJWDB4NHo0cnl0UmluUUxUbjhjRU9MLzRuM1BPWHpzMjhCUWczWUZnQUpnZy95NEN4VVNZeUNzQ04rcERvWnBoSmhybkJBUFJPdUNzZlB5dy8rbjMvd01KOFNWRmhmaVFPTTBLZUU0ZW92SktSQzZLUUhxSXV3NElpeU5KMGVJVEJmME5VckNpcXhRS2NsbUJSTFdEZFM4VzBLR1JRRmlUbFJTaE5wOGZHdUVnbUVnVVRvVEJreGljNndRaERCSFRyZE51d09Vd0VnRWlFY0FDaXozeU1Ndm8wYk1jblBNcWFmUEJRNXhPOWdkNFJPWlBQb0t1VEdRRTJvR0VXTUtBQkZJd2ZDbWlvQVpRRjlxQWdPaEVaUHdpb3RrRU5sSzJEYXNUM3hCUkViOVNIQ0JSbzZjSmEwd1dCMnNjMERLS3NKYVpoRUQ0azBHZ2pVL1pRUU1jYVkzbzRvT01Ob0tHOUhabURnazQwZ3JiTVhuVGFEd0txYldDQ1dzK3BOWHM5VGdmdkk3eW91cURIYUNRYzlnVUNwRHNPbDlUWk9QRW16VERNVHdGREQya0R4aklnMzBnVXNyaHduaGNVRlEwNVZGb0pKMDJUdmFsTFhCYk9LcmkybnBlek9kSnZDSDVXaElYU3ZGb1FwS3dtZCt0bDNHUk1ualQwVGhkVitmVFNrbGc2azA5REhzdGlpaElUT1VYSmtyU2hnenVDaXY3bk02aUJpcWh6Q2lvcXFnbko3S0ZaMHF0VHdCWkNzdHRpSy9GbHJ3SkZtRkdwK094OGN2WmlMRWxsVU8ybnFHczVLRkdKTURQeTlwTEJoeElVU3BKVlNpcUtJcVUyVDBNUnJhTnBDa284eFNsNHNqWTNKQ2g0VlQ5ZVlJcG9lc0JRTXlWVzRGQjc0RkE3NEpBTmNLZ1pPR1FMekxZSFp0c0JzemJBYkRNd2F3c00yZ09ESnVCK2JiVyt1TzNhZmlQQ2RaV3JCVGxQd1hOekYrYmpNNm5aNUZ4OFpJRlB5MWRHRmpRRjRWY2N6aCtjSWxmdy9nVklHUXVuclVBRG1oazYvWUdhRDRERkJ4WjYyTVRXNUpxNG1kNERqZDZyZzdTQWFPZkJkcEZyRHB6RllETndTTlJHeWNaa214eXd5VWY3czRGZkdEUXVYNU4yb21xa0xRN1Y2TmVaYWlPZDRmUDE5ZWZyTjJscXNLNDlTQS9UdFVmOHRSQTd3Y1o2WFE5WUZHMzQ2RXFzblZKb2gxTElUaW04UXlsc1ZiTHpnbWJ3QzZSdmdoTGhWWlg2aFN4SWUxMFJaaWdaWnhPeVpVNFdZVXptNFRRZFptaUtROGxpc1ppYVR0U0dMd3dTTWtCQ1ZwQ1FDUko2T1NDc0FjSmFRVmdUaEgwNUlNQUFBVllRWUlLQWx3TmlZRmdoR0ZvRHNOM2ZLRnIxaW9PS0lEN0VpUUlQQzFTNlpPMDZsajVncWN5V0VsTTc5UlRaaFVaYTEvU1lYd1ZJbjltRG9jb2x1YXlTRFRpZG5UNCtjQnk5K3dKTzFPL1BDOW1jT2lOZm55bEFidkdNeEtWRnlPZjRnUE1xMG5JNUhacFcxMlZCRWRCRWp1ZWRoQ1p4SmVGMWxUaXh2WEZ2YSszZGJ6Y2YvZWZabmUySHY5djYvTDN5Tnl2UGJ6NUFlai9DZXNHalJFL2w4ZWIyWDlhcXQyOXVmM0lIeVFjTXVlL2JwMC9MdCs5dlA3bFZlYnFHOWtGVHc4YVVIMDFoK2IzTnlnY2ZWMjc5ZG12OTg2M1Aza2NLb3o3RE1FeWlqK2NEanF1OEU1aENOeGI2QWg2eUYvM0U1QzV6WWhHZUZhRElFeTRjRXZJb2xtS3pkYUVIQy9GNUpidFRKL0hVakZ5VStDelpWZk5Cbjk5NWJCaTlFTEhxcjVFcHQvQkRRUDlLTmJ6RGVyK3p3NjNQSEIvc2RHYXptbVdFWms2d1Z6Y2c2S3RqQnZ1eXdXTXZBYUZyL3dpQUdkNys4TXZxeXArM0h0d3RyMzZCSEd3aUFDdEN5UFN1eC9BdUF2UFc4eE5CSG0yb2ZqVmNSek91MzlHQmRuYnNjSTYzbnVMNzM2MnJ2aHQ3OE4yT21MdDFXL3JiL3JjYjB6TFdxUjBvZk95OEtPWHdMUWorMXMycFJFOEp2ZDRadlhEaG5WR2VKNzJwZVpVcnFOb3RTY2MvaER2My8vVlBEK2xKblpGNFF6VGpDajc2dHdkdE1hdk1RWTVQU0dJcGh4U1NzaXdtaFNWaWVLSDY5UjhySDl5K1FwWGZmMWErKzdEeTBaOHE5OTlGNTNPaGVuOURrMWMyVjZvYm41WlhQaXQvOVRmOWpHUHpISWd6ajgrNkxHVkVJYk5JL1B4dFZSQlRzZHdpS2c1Sk9ac1ZvVllGQkZGUVMvMjBlbDNWcjNKbVlGYVFVcG5jWW4yV0hxSjJ6dlBDTWo1anAxR1JvUWVtZUhTV25iaU1FSXBhRWlFUlhJWUZWY2h3NGpBbkNsbHBVcFdYcHBacjIwMU8xUXZSL2xpaWxWNVo0dE9penF4WHpRbkt5REl1RU5NMFBjV2pvQVRjcE5zMkhFZWFvbkVPbDRpR1lKekQrWWZDR255amNYSHdPN1VJQm8vWEloZjA1NEtCZzRZcCtGM2k4dDdpZzJ4dEV4MDhheCtiNElrOWh5WDR2UmVPUi9CTit5Z0V2Ny9EaFQrb3VUMzRRNHUvSi9BVjQ3SE9EbC9BaFk0aEx1R3pLc3pIVUFsWG5WN2UwUmZvd0g4OTZGZDZoMTYrQXBxcEx2SUkvc1VaazBXNTRQM1VRYnBTSitkbm5CN2NENTJHZS9VVzVBQThyN2RJOU5CMFM2ZDV4MzlOTHZERGFkdzJKN1YzNUNVUjBYQVpxNHdmK21iTHhCSjlOWks0RFVsWCtlc1BFMXZmZk1IckdhVDF5K3JLZStXMTFmTGoxY29ucTBqdU1adWk3WjBtajR1VnJtQzkzVVJpcnlIR3R3em9zZHUwNGNkU1dsbWEwb0tNblJkRWJnaFN0aTVnN1Z4ZzNobStTaGNFeWs4ZW93UWFyZnhodGZ6MEhocHQvWFd0dlBtazJSazdyZ2wzT3NPNE1MUTZneGtCdHM3bzNNMFpJVHRubUhlWnI1a3pYTHM1STl6a0RNc3QxYjZkb1YzZ1dwMVJmZkJWb3JyeDkvK3ZNNGpkbkJGcGRrYjk3dmRWWm9hN2ZQUFoxdDFIZHVRYjdoOGJ5TmR2SXZkU0k5eTdrWS9hWmdMN1dwRHYybzM4bUcxTmVEM0llM1lqUDI1SFBuUUlEZklReUIvWmpmeUVMZm5YNDh4N2R5SHZCTXdyS3YvTWVBUDc2c2FUeE5iNmJ3Nlh2Uzdwd1RjZFV4cHRaREt2Y1RyS0M4cVN5SlVtSlZtQ1Uvei9BSWM5VndnYUlBQUEiIENvcnJlbGF0aW9uQmluZGluZz0iIiBVcmxFbmNvZGU9IlRydWUiIC8+DQogICAgICAgIDxGb3JtUG9zdFBhcmFtZXRlciBOYW1lPSJfX1ZJRVdTVEFURSIgVmFsdWU9Int7JEhJRERFTjEuX19WSUVXU1RBVEV9fSIgUmVjb3JkZWRWYWx1ZT0iIiBDb3JyZWxhdGlvbkJpbmRpbmc9IiIgVXJsRW5jb2RlPSJUcnVlIiAvPg0KICAgICAgICA8Rm9ybVBvc3RQYXJhbWV0ZXIgTmFtZT0iX19TQ1JPTExQT1NJVElPTlgiIFZhbHVlPSJ7eyRISURERU4xLl9fU0NST0xMUE9TSVRJT05YfX0iIFJlY29yZGVkVmFsdWU9IjAiIENvcnJlbGF0aW9uQmluZGluZz0iIiBVcmxFbmNvZGU9IlRydWUiIC8+DQogICAgICAgIDxGb3JtUG9zdFBhcmFtZXRlciBOYW1lPSJfX1NDUk9MTFBPU0lUSU9OWSIgVmFsdWU9Int7JEhJRERFTjEuX19TQ1JPTExQT1NJVElPTll9fSIgUmVjb3JkZWRWYWx1ZT0iMCIgQ29ycmVsYXRpb25CaW5kaW5nPSIiIFVybEVuY29kZT0iVHJ1ZSIgLz4NCiAgICAgICAgPEZvcm1Qb3N0UGFyYW1ldGVyIE5hbWU9Il9fVklFV1NUQVRFRU5DUllQVEVEIiBWYWx1ZT0ie3skSElEREVOMS5fX1ZJRVdTVEFURUVOQ1JZUFRFRH19IiBSZWNvcmRlZFZhbHVlPSIiIENvcnJlbGF0aW9uQmluZGluZz0iIiBVcmxFbmNvZGU9IlRydWUiIC8+DQogICAgICAgIDxGb3JtUG9zdFBhcmFtZXRlciBOYW1lPSJfX0VWRU5UVkFMSURBVElPTiIgVmFsdWU9Int7JEhJRERFTjEuX19FVkVOVFZBTElEQVRJT059fSIgUmVjb3JkZWRWYWx1ZT0iZjcrY2g2RjNRclYyd0txTGJhS2FKZUZMSnE2NzR5am1iL2FVSStVVCtuUm9pU1lYcytKSmFPR0U1R20yMFNCYjdQVkc4d3ZGU3RGVG9qTWdIRm02cUVsZlE2RXdkdnpnY1IwMGIzWUpVZlhCeDJwS3Z2bVlTcUZSQzZhSlUwdWNtVmhIWEZ6dUpmR0FlTFAyZVA4akJxTFc0M1JGQXdsVXo2MGlWTDcwZGVzVm1CVHU4Z1ZLSGxBdWV2eVI5elp0K29uRnFTY2dEMlpheFJicGRGTUJHdDhSVmhHdU8xVW95NS9LUjdSU3luNzZKQ0RBUWc1NVhOUWthajc3TndFTXg4K1RLdHc5WmtoR2NNZnViK3JUU2dSTERXRlkwOENQd1N1YUxWWGY5UitjNUN6ZG13Q3ZLQTJGaGZ1UmRhKzgwRW53dVFsSk1LZTlvK21ZZ0o4RFZlRlU4MHB6S0pkaVF3S1VQU1ZjendFZmY3UGp1TkhFdFZvUW1IY2J0ckVUL090OGlrOTJ6Q2hqV0l6R0J6YTRodzlpZy9kYWFBNno0YkRrSklWZ3JFdXhGeS9iNTlqTHVXQ01SWVVBRko0TmdTMndzdW0xdzRnakdmQUdZQ2RxWXZ1cUxrSVpUbHZwTUlNeklOMG5sbDJQamdQbGZ1cm94SVlOZGRBK3hlMDdUdU54ckl1emp6MEcwTEdZdmYrc00yUEprT0hjSENBeGlDOW1DZ2tBU3BQY3RyVkI5b1REK0h2ekdha3pWNkJYbGxvSWt0Q016aWc4OUUxU0FlZldSNjg0TkRreStyNkNzdEovUVRWWlpxQUVuUWNqZm5EZnV5WWxEUFhTWHMzUGNXZ0hkOHZ4RWFTRWt0WDlzRXdBVnBPcnp6NVhPc2ZjbEFabFkzbVZPSjlvcmFZakx6akFlMVcyVzhCVVRSV3RxUUs5eU4yZ045T2dLSW1saEpzWXdkUFI1cnZpQXlTZzdKVWJRdm1zeXU0R05Ndk1GdjJGdWpKdW1UYkFLSTBsYmFuejdXazQ0UDkvVTVjeE52UUtoYXMzTnRSUUZOdnVqclliOXQzc2UrR0xwY2JGZFg5bFl4THVCS05sMVY0SzFxKzhzamV6RWx4NG9kTGUvbldwVG90MEhab0o0eG95OTF0R29HUks3dC9oaERmVUlSK0ZuQ21lWkNPcG1odnhTQ1pweElzR1hVdlU5RjJkUFFZNktyNzZQZEZtajBlN3IwTFd5cU1oUFFYNVpZVzBVZEFMMmdJMUtvbWg1TkJwdVNiSkJjVGc3M0JuVC9mRXRoc1YvOW5iVlZPSUd0OVZRY1pzUVQrcWkzcnlOdUt2NlA1MGxDSFR6N1Yxa3ZxWGt6aDZKRm1RV3hKYktDMXBxMHZ0MUZwZ2VSYUlpc1lhdnJNMkhaSGgwWG9BNlh3V2w3QnBSVlJFUHVpd01qNXVsMXIrNWFMWmxvOUJlN0VwOVNnQUJaTHVwSW5RUUVtb0dqa2Q0eXFuU3dFNS9YSWFJdHFjSzNoQUxBUnh6cXdGQzFlQnhmUStkZDN2d3FORnFBbnpoclMxSmh0aGpMYmVaa2FJci9XMmpMTzErLzRxOWpaK3Q1ZUV3ZW9lTWZLSU1mazhkK1U4Yzl2Q2FwTTk3c2tpbStiaHRWcS92WjJQdVkvbSsrR1Z3SW1SMkFERXJVS0sxY2dKL3VUdkZneFg5NWcxYmJWQ1hIRTVGbFZJVUlQWXZ1MnFKKy9tbXc2amxSQklHRWtOTGxnVHFIeU9PZEwvbW8vV2UwamFBWHlDdXdKNFZab1V0czZ3d3RJTU5VcXNiMGNEQmlXaWJ5OGhtZDRuU2pVVVdydHh5enk3cDdoR2dUaW5nam1YYjFVbk9BaENjR2ZsVmhrVS9qSDRJQzNSZTRYVzBnVEdTMlhVME1mTUgwN2lRTGJtMllndGQzcURYa0dXOGs4SlJwempEYlVvbk03WWhYUFhqclNvMzRIRnB6RkJnc0NIUmhwOGhmMVFBWnZ5eGo4bkErWmp5c0ttaC9yVXE5dHdqTFc4NE1GdWo1cEwycVdTMHF2ZFBvR2doV2Eya3NlMkV4dmVtSzlsWWw4NFV0NTJaOVpxMGxBZm81U2lsaTFEdVp6SFVsZ0dnaU9wNEZ3N2pXaVdPRU41RTBZSUhwdz0iIENvcnJlbGF0aW9uQmluZGluZz0iIiBVcmxFbmNvZGU9IlRydWUiIC8+DQogICAgICAgIDxGb3JtUG9zdFBhcmFtZXRlciBOYW1lPSJTY3JlZW5XaWR0aCIgVmFsdWU9Int7JEhJRERFTjEuU2NyZWVuV2lkdGh9fSIgUmVjb3JkZWRWYWx1ZT0iIiBDb3JyZWxhdGlvbkJpbmRpbmc9IiIgVXJsRW5jb2RlPSJUcnVlIiAvPg0KICAgICAgICA8Rm9ybVBvc3RQYXJhbWV0ZXIgTmFtZT0iU2NyZWVuSGVpZ2h0IiBWYWx1ZT0ie3skSElEREVOMS5TY3JlZW5IZWlnaHR9fSIgUmVjb3JkZWRWYWx1ZT0iIiBDb3JyZWxhdGlvbkJpbmRpbmc9IiIgVXJsRW5jb2RlPSJUcnVlIiAvPg0KICAgICAgICA8Rm9ybVBvc3RQYXJhbWV0ZXIgTmFtZT0iYnRuQWN0aW9uWCIgVmFsdWU9Iua4hemZpCIgUmVjb3JkZWRWYWx1ZT0i5riF6ZmkIiBDb3JyZWxhdGlvbkJpbmRpbmc9Int7Rm9ybVBvc3RQYXJhbTEuYnRuQWN0aW9uWH19IiBVcmxFbmNvZGU9IlRydWUiIC8+DQogICAgICAgIDxGb3JtUG9zdFBhcmFtZXRlciBOYW1lPSJkZGxPcmdBbmRGbG93IiBWYWx1ZT0iIiBSZWNvcmRlZFZhbHVlPSIiIENvcnJlbGF0aW9uQmluZGluZz0iIiBVcmxFbmNvZGU9IlRydWUiIC8+DQogICAgICAgIDxGb3JtUG9zdFBhcmFtZXRlciBOYW1lPSJkZGxRdWVyeUNvbmRpdGlvbnMiIFZhbHVlPSIwIiBSZWNvcmRlZFZhbHVlPSIwIiBDb3JyZWxhdGlvbkJpbmRpbmc9Int7Rm9ybVBvc3RQYXJhbTMuZGRsUXVlcnlDb25kaXRpb25zfX0iIFVybEVuY29kZT0iVHJ1ZSIgLz4NCiAgICAgICAgPEZvcm1Qb3N0UGFyYW1ldGVyIE5hbWU9InR4dE9URW1wSUQiIFZhbHVlPSIxMDIxMTkiIFJlY29yZGVkVmFsdWU9IjEwMjExOSIgQ29ycmVsYXRpb25CaW5kaW5nPSJ7e0Zvcm1Qb3N0UGFyYW0yLnR4dE9URW1wSUR9fSIgVXJsRW5jb2RlPSJUcnVlIiAvPg0KICAgICAgICA8Rm9ybVBvc3RQYXJhbWV0ZXIgTmFtZT0idHh0T1RFbXBOYW1lIiBWYWx1ZT0iIiBSZWNvcmRlZFZhbHVlPSIiIENvcnJlbGF0aW9uQmluZGluZz0iIiBVcmxFbmNvZGU9IlRydWUiIC8+DQogICAgICAgIDxGb3JtUG9zdFBhcmFtZXRlciBOYW1lPSJ0eHRPVEZvcm1OTyIgVmFsdWU9IiIgUmVjb3JkZWRWYWx1ZT0iIiBDb3JyZWxhdGlvbkJpbmRpbmc9IiIgVXJsRW5jb2RlPSJUcnVlIiAvPg0KICAgICAgICA8Rm9ybVBvc3RQYXJhbWV0ZXIgTmFtZT0iZGRsT1RTdGF0dXMiIFZhbHVlPSIxIiBSZWNvcmRlZFZhbHVlPSIxIiBDb3JyZWxhdGlvbkJpbmRpbmc9Int7Rm9ybVBvc3RQYXJhbTQuZGRsT1RTdGF0dXN9fSIgVXJsRW5jb2RlPSJUcnVlIiAvPg0KICAgICAgICA8Rm9ybVBvc3RQYXJhbWV0ZXIgTmFtZT0idHh0T1REYXRlQmVnaW4kdHh0RGF0ZSIgVmFsdWU9IiIgUmVjb3JkZWRWYWx1ZT0iIiBDb3JyZWxhdGlvbkJpbmRpbmc9IiIgVXJsRW5jb2RlPSJUcnVlIiAvPg0KICAgICAgICA8Rm9ybVBvc3RQYXJhbWV0ZXIgTmFtZT0idHh0T1REYXRlRW5kJHR4dERhdGUiIFZhbHVlPSIiIFJlY29yZGVkVmFsdWU9IiIgQ29ycmVsYXRpb25CaW5kaW5nPSIiIFVybEVuY29kZT0iVHJ1ZSIgLz4NCiAgICAgICAgPEZvcm1Qb3N0UGFyYW1ldGVyIE5hbWU9InVjTW9kYWxQb3B1cDEkQ2xpZW50V2lkdGgiIFZhbHVlPSJ7eyRISURERU4xLnVjTW9kYWxQb3B1cDEkQ2xpZW50V2lkdGh9fSIgUmVjb3JkZWRWYWx1ZT0iMCIgQ29ycmVsYXRpb25CaW5kaW5nPSIiIFVybEVuY29kZT0iVHJ1ZSIgLz4NCiAgICAgICAgPEZvcm1Qb3N0UGFyYW1ldGVyIE5hbWU9InVjTW9kYWxQb3B1cDEkQ2xpZW50SGVpZ2h0IiBWYWx1ZT0ie3skSElEREVOMS51Y01vZGFsUG9wdXAxJENsaWVudEhlaWdodH19IiBSZWNvcmRlZFZhbHVlPSIwIiBDb3JyZWxhdGlvbkJpbmRpbmc9IiIgVXJsRW5jb2RlPSJUcnVlIiAvPg0KICAgICAgPC9Gb3JtUG9zdEh0dHBCb2R5Pg0KICAgIDwvUmVxdWVzdD4NCiAgPC9JdGVtcz4NCiAgPFZhbGlkYXRpb25SdWxlcz4NCiAgICA8VmFsaWRhdGlvblJ1bGUgQ2xhc3NuYW1lPSJNaWNyb3NvZnQuVmlzdWFsU3R1ZGlvLlRlc3RUb29scy5XZWJUZXN0aW5nLlJ1bGVzLlZhbGlkYXRlUmVzcG9uc2VVcmwsIE1pY3Jvc29mdC5WaXN1YWxTdHVkaW8uUXVhbGl0eVRvb2xzLldlYlRlc3RGcmFtZXdvcmssIFZlcnNpb249MTAuMC4wLjAsIEN1bHR1cmU9bmV1dHJhbCwgUHVibGljS2V5VG9rZW49YjAzZjVmN2YxMWQ1MGEzYSIgRGlzcGxheU5hbWU9IuWbnuaHiSBVUkwiIERlc2NyaXB0aW9uPSLpqZforYnlm57mh4kgVVJMIOWcqOWll+eUqOmHjeaWsOWwjuWQkeS5i+W+jOaYr+WQpuWSjOiomOmMhOeahOWbnuaHiSBVUkwg55u45ZCM44CC5bey5b+955WlIFF1ZXJ5U3RyaW5nIOWPg+aVuOOAgiIgTGV2ZWw9IkxvdyIgRXhlY3R1aW9uT3JkZXI9IkJlZm9yZURlcGVuZGVudHMiIC8+DQogICAgPFZhbGlkYXRpb25SdWxlIENsYXNzbmFtZT0iTWljcm9zb2Z0LlZpc3VhbFN0dWRpby5UZXN0VG9vbHMuV2ViVGVzdGluZy5SdWxlcy5WYWxpZGF0aW9uUnVsZVJlc3BvbnNlVGltZUdvYWwsIE1pY3Jvc29mdC5WaXN1YWxTdHVkaW8uUXVhbGl0eVRvb2xzLldlYlRlc3RGcmFtZXdvcmssIFZlcnNpb249MTAuMC4wLjAsIEN1bHR1cmU9bmV1dHJhbCwgUHVibGljS2V5VG9rZW49YjAzZjVmN2YxMWQ1MGEzYSIgRGlzcGxheU5hbWU9IuWbnuaHieaZgumWk+ebruaomSIgRGVzY3JpcHRpb249Iumpl+itieatpOimgeaxgueahOWbnuaHieaZgumWk+aYr+WQpuWwj+aWvOaIluetieaWvOatpOimgeaxguaJgOaMh+WumueahOWbnuaHieaZgumWk+ebruaomeOAguWbnuaHieaZgumWk+ebruaomeeCuumbtuWwh+iiq+W/veeVpeOAgiIgTGV2ZWw9IkxvdyIgRXhlY3R1aW9uT3JkZXI9IkFmdGVyRGVwZW5kZW50cyI+DQogICAgICA8UnVsZVBhcmFtZXRlcnM+DQogICAgICAgIDxSdWxlUGFyYW1ldGVyIE5hbWU9IlRvbGVyYW5jZSIgVmFsdWU9IjAiIC8+DQogICAgICA8L1J1bGVQYXJhbWV0ZXJzPg0KICAgIDwvVmFsaWRhdGlvblJ1bGU+DQogIDwvVmFsaWRhdGlvblJ1bGVzPg0KPC9XZWJUZXN0Pg==">
    </WebTest>
    <WebTest name="WebTestUpdateCase01" storage="d:\git\attendant\loadtesting\loadtesting\webtestupdatecase01.webtest" id="d1f0dc6a-f347-4b33-8582-0a71909fcaf1" persistedWebTest="77u/PD94bWwgdmVyc2lvbj0iMS4wIiBlbmNvZGluZz0iVVRGLTgiIHN0YW5kYWxvbmU9InllcyI/Pg0KPFdlYlRlc3QgTmFtZT0iV2ViVGVzdFVwZGF0ZUNhc2UwMSIgSWQ9ImQxZjBkYzZhLWYzNDctNGIzMy04NTgyLTBhNzE5MDlmY2FmMSIgT3duZXI9IiIgUHJpb3JpdHk9IjIxNDc0ODM2NDciIEVuYWJsZWQ9IlRydWUiIENzc1Byb2plY3RTdHJ1Y3R1cmU9IiIgQ3NzSXRlcmF0aW9uPSIiIFRpbWVvdXQ9IjAiIFdvcmtJdGVtSWRzPSIiIHhtbG5zPSJodHRwOi8vbWljcm9zb2Z0LmNvbS9zY2hlbWFzL1Zpc3VhbFN0dWRpby9UZWFtVGVzdC8yMDEwIiBEZXNjcmlwdGlvbj0iIiBDcmVkZW50aWFsVXNlck5hbWU9IiIgQ3JlZGVudGlhbFBhc3N3b3JkPSIiIFByZUF1dGhlbnRpY2F0ZT0iVHJ1ZSIgUHJveHk9ImRlZmF1bHQiIFN0b3BPbkVycm9yPSJGYWxzZSIgUmVjb3JkZWRSZXN1bHRGaWxlPSJXZWJUZXN0MS5kYTYxMzA3YS1hZDJjLTQxYWUtYTg5YS1hYmQzM2I2NDdlNGIucmVjLndlYnRlc3RyZXN1bHQiIFJlc3VsdHNMb2NhbGU9IiI+DQogIDxJdGVtcz4NCiAgICA8UmVxdWVzdCBNZXRob2Q9IkdFVCIgR3VpZD0iOWQ0MDg4ODItYWM5YS00ODUyLTk4NGItOWRkZjc5ZGM4ZmVmIiBWZXJzaW9uPSIxLjEiIFVybD0iaHR0cDovLzEwLjExLjM2LjExNDo4MDA3L2hybG9naW4vaHJsb2dpbi5hc3B4IiBUaGlua1RpbWU9IjAiIFRpbWVvdXQ9IjMwMCIgUGFyc2VEZXBlbmRlbnRSZXF1ZXN0cz0iVHJ1ZSIgRm9sbG93UmVkaXJlY3RzPSJUcnVlIiBSZWNvcmRSZXN1bHQ9IlRydWUiIENhY2hlPSJGYWxzZSIgUmVzcG9uc2VUaW1lR29hbD0iMCIgRW5jb2Rpbmc9InV0Zi04IiBFeHBlY3RlZEh0dHBTdGF0dXNDb2RlPSIwIiBFeHBlY3RlZFJlc3BvbnNlVXJsPSIiIFJlcG9ydGluZ05hbWU9IiIgSWdub3JlSHR0cFN0YXR1c0NvZGU9IkZhbHNlIj4NCiAgICAgIDxFeHRyYWN0aW9uUnVsZXM+DQogICAgICAgIDxFeHRyYWN0aW9uUnVsZSBDbGFzc25hbWU9Ik1pY3Jvc29mdC5WaXN1YWxTdHVkaW8uVGVzdFRvb2xzLldlYlRlc3RpbmcuUnVsZXMuRXh0cmFjdEhpZGRlbkZpZWxkcywgTWljcm9zb2Z0LlZpc3VhbFN0dWRpby5RdWFsaXR5VG9vbHMuV2ViVGVzdEZyYW1ld29yaywgVmVyc2lvbj0xMC4wLjAuMCwgQ3VsdHVyZT1uZXV0cmFsLCBQdWJsaWNLZXlUb2tlbj1iMDNmNWY3ZjExZDUwYTNhIiBWYXJpYWJsZU5hbWU9IjEiIERpc3BsYXlOYW1lPSLmk7flj5bpmrHol4/mrITkvY0iIERlc2NyaXB0aW9uPSLmk7flj5blm57mh4nkuK3nmoTmiYDmnInpmrHol4/mrITkvY3vvIzkuKblsIflroPlgJHmlL7lnKjmuKzoqablhaflrrnkuK3jgIIiPg0KICAgICAgICAgIDxSdWxlUGFyYW1ldGVycz4NCiAgICAgICAgICAgIDxSdWxlUGFyYW1ldGVyIE5hbWU9IlJlcXVpcmVkIiBWYWx1ZT0iVHJ1ZSIgLz4NCiAgICAgICAgICAgIDxSdWxlUGFyYW1ldGVyIE5hbWU9Ikh0bWxEZWNvZGUiIFZhbHVlPSJUcnVlIiAvPg0KICAgICAgICAgIDwvUnVsZVBhcmFtZXRlcnM+DQogICAgICAgIDwvRXh0cmFjdGlvblJ1bGU+DQogICAgICA8L0V4dHJhY3Rpb25SdWxlcz4NCiAgICAgIDxDb3JyZWxhdGlvbkV4dHJhY3Rpb25SdWxlcz4NCiAgICAgICAgPEV4dHJhY3Rpb25SdWxlIENsYXNzbmFtZT0iTWljcm9zb2Z0LlZpc3VhbFN0dWRpby5UZXN0VG9vbHMuV2ViVGVzdGluZy5SdWxlcy5FeHRyYWN0Rm9ybUZpZWxkLCBNaWNyb3NvZnQuVmlzdWFsU3R1ZGlvLlF1YWxpdHlUb29scy5XZWJUZXN0RnJhbWV3b3JrLCBWZXJzaW9uPTEwLjAuMC4wLCBDdWx0dXJlPW5ldXRyYWwsIFB1YmxpY0tleVRva2VuPWIwM2Y1ZjdmMTFkNTBhM2EiIFZhcmlhYmxlTmFtZT0iRm9ybVBvc3RQYXJhbTM3LmJ0bkV4ZWN1dGUiIERpc3BsYXlOYW1lPSIiIERlc2NyaXB0aW9uPSIiPg0KICAgICAgICAgIDxSdWxlUGFyYW1ldGVycz4NCiAgICAgICAgICAgIDxSdWxlUGFyYW1ldGVyIE5hbWU9Ik5hbWUiIFZhbHVlPSJidG5FeGVjdXRlIiAvPg0KICAgICAgICAgICAgPFJ1bGVQYXJhbWV0ZXIgTmFtZT0iSHRtbERlY29kZSIgVmFsdWU9IlRydWUiIC8+DQogICAgICAgICAgICA8UnVsZVBhcmFtZXRlciBOYW1lPSJSZXF1aXJlZCIgVmFsdWU9IkZhbHNlIiAvPg0KICAgICAgICAgICAgPFJ1bGVQYXJhbWV0ZXIgTmFtZT0iSW5kZXgiIFZhbHVlPSIwIiAvPg0KICAgICAgICAgIDwvUnVsZVBhcmFtZXRlcnM+DQogICAgICAgIDwvRXh0cmFjdGlvblJ1bGU+DQogICAgICAgIDxFeHRyYWN0aW9uUnVsZSBDbGFzc25hbWU9Ik1pY3Jvc29mdC5WaXN1YWxTdHVkaW8uVGVzdFRvb2xzLldlYlRlc3RpbmcuUnVsZXMuRXh0cmFjdFRleHQsIE1pY3Jvc29mdC5WaXN1YWxTdHVkaW8uUXVhbGl0eVRvb2xzLldlYlRlc3RGcmFtZXdvcmssIFZlcnNpb249MTAuMC4wLjAsIEN1bHR1cmU9bmV1dHJhbCwgUHVibGljS2V5VG9rZW49YjAzZjVmN2YxMWQ1MGEzYSIgVmFyaWFibGVOYW1lPSJGb3JtUG9zdFBhcmFtMzguZGRsVUlDdWx0dXJlIiBEaXNwbGF5TmFtZT0iIiBEZXNjcmlwdGlvbj0iIj4NCiAgICAgICAgICA8UnVsZVBhcmFtZXRlcnM+DQogICAgICAgICAgICA8UnVsZVBhcmFtZXRlciBOYW1lPSJTdGFydHNXaXRoIiBWYWx1ZT0ibHVlPSZxdW90OyIgLz4NCiAgICAgICAgICAgIDxSdWxlUGFyYW1ldGVyIE5hbWU9IkVuZHNXaXRoIiBWYWx1ZT0iJnF1b3Q7Jmd0O+ato+mrlOS4rSIgLz4NCiAgICAgICAgICAgIDxSdWxlUGFyYW1ldGVyIE5hbWU9IkluZGV4IiBWYWx1ZT0iOCIgLz4NCiAgICAgICAgICAgIDxSdWxlUGFyYW1ldGVyIE5hbWU9Iklnbm9yZUNhc2UiIFZhbHVlPSJGYWxzZSIgLz4NCiAgICAgICAgICAgIDxSdWxlUGFyYW1ldGVyIE5hbWU9IlVzZVJlZ3VsYXJFeHByZXNzaW9uIiBWYWx1ZT0iRmFsc2UiIC8+DQogICAgICAgICAgICA8UnVsZVBhcmFtZXRlciBOYW1lPSJIdG1sRGVjb2RlIiBWYWx1ZT0iVHJ1ZSIgLz4NCiAgICAgICAgICAgIDxSdWxlUGFyYW1ldGVyIE5hbWU9IlJlcXVpcmVkIiBWYWx1ZT0iRmFsc2UiIC8+DQogICAgICAgICAgPC9SdWxlUGFyYW1ldGVycz4NCiAgICAgICAgPC9FeHRyYWN0aW9uUnVsZT4NCiAgICAgIDwvQ29ycmVsYXRpb25FeHRyYWN0aW9uUnVsZXM+DQogICAgPC9SZXF1ZXN0Pg0KICAgIDxSZXF1ZXN0IE1ldGhvZD0iUE9TVCIgR3VpZD0iNGQ2MWZkNjMtZjM3Ny00M2RkLTkxZTgtY2NmZTE5MmZkNDM5IiBWZXJzaW9uPSIxLjEiIFVybD0iaHR0cDovLzEwLjExLjM2LjExNDo4MDA3L2hybG9naW4vaHJsb2dpbi5hc3B4IiBUaGlua1RpbWU9IjIyIiBUaW1lb3V0PSIzMDAiIFBhcnNlRGVwZW5kZW50UmVxdWVzdHM9IlRydWUiIEZvbGxvd1JlZGlyZWN0cz0iVHJ1ZSIgUmVjb3JkUmVzdWx0PSJUcnVlIiBDYWNoZT0iRmFsc2UiIFJlc3BvbnNlVGltZUdvYWw9IjAiIEVuY29kaW5nPSJ1dGYtOCIgRXhwZWN0ZWRIdHRwU3RhdHVzQ29kZT0iMCIgRXhwZWN0ZWRSZXNwb25zZVVybD0iIiBSZXBvcnRpbmdOYW1lPSIiIElnbm9yZUh0dHBTdGF0dXNDb2RlPSJGYWxzZSI+DQogICAgICA8Rm9ybVBvc3RIdHRwQm9keT4NCiAgICAgICAgPEZvcm1Qb3N0UGFyYW1ldGVyIE5hbWU9Il9fTEFTVEZPQ1VTIiBWYWx1ZT0ie3skSElEREVOMS5fX0xBU1RGT0NVU319IiBSZWNvcmRlZFZhbHVlPSIiIENvcnJlbGF0aW9uQmluZGluZz0iIiBVcmxFbmNvZGU9IlRydWUiIC8+DQogICAgICAgIDxGb3JtUG9zdFBhcmFtZXRlciBOYW1lPSJfX0VWRU5UVEFSR0VUIiBWYWx1ZT0ie3skSElEREVOMS5fX0VWRU5UVEFSR0VUfX0iIFJlY29yZGVkVmFsdWU9IiIgQ29ycmVsYXRpb25CaW5kaW5nPSIiIFVybEVuY29kZT0iVHJ1ZSIgLz4NCiAgICAgICAgPEZvcm1Qb3N0UGFyYW1ldGVyIE5hbWU9Il9fRVZFTlRBUkdVTUVOVCIgVmFsdWU9Int7JEhJRERFTjEuX19FVkVOVEFSR1VNRU5UfX0iIFJlY29yZGVkVmFsdWU9IiIgQ29ycmVsYXRpb25CaW5kaW5nPSIiIFVybEVuY29kZT0iVHJ1ZSIgLz4NCiAgICAgICAgPEZvcm1Qb3N0UGFyYW1ldGVyIE5hbWU9Il9fVklFV1NUQVRFIiBWYWx1ZT0ie3skSElEREVOMS5fX1ZJRVdTVEFURX19IiBSZWNvcmRlZFZhbHVlPSIvd0VQRHdVS0xUUTFORE0xTVRBME1nOWtGZ0lDQXc5a0ZnUUNBUThXQWg0SFZtbHphV0pzWldjV0JBSUJEdzhXSGg0S1gwMWhlRXhsYm1kMGFHWWVFbDlKYzBGMWRHOVViMVZ3Y0dWeVEyRnpaV2dlREY5SmMwRmpkR2wyWlVsTlJXY2VDMTlKYzFCaGMzTjNiM0prYUI0T1gxUmxlSFJUYUdsbWRFdHBibVFMS1g5VGFXNXZVR0ZqTGxkbFlrVjRjSEpsYzNNdVEyOXRiVzl1TGxWMGFXd3JWR1Y0ZEZOb2FXWjBTMmx1WkN3Z1UybHViMUJoWXk1WFpXSkZlSEJ5WlhOekxrTnZiVzF2Yml3Z1ZtVnljMmx2YmowM0xqTXVNekV1TVN3Z1EzVnNkSFZ5WlQxdVpYVjBjbUZzTENCUWRXSnNhV05MWlhsVWIydGxiajF1ZFd4c0FCNEtYMWRoZEdWeVRXRnlhMlVlQ0Y5SmMwTnNaV0Z5YUI0SVgxUnZiMnhVYVhCbEhndGZTWE5TWldGa1QyNXNlV2dlQ1Y5RGMzTkRiR0Z6YzJVZUQxOUpjMWRwWkhSb1FubFFhWGhsYkdjZUUxOUpjMFJwYzNCRmJuUmxjbVZrVjI5eVpITm9IZ1pmVjJsa2RHZ0NVQjRJWDBselJtOWpkWE5uSGdsZlNYTlNaV2RGZUhCb1pCWUVBZ0VQWkJZQ0FnRVBFQTlrRmdJZUIyOXVZMnhwWTJzRnZ3RjJZWElnYjFaaGJHbGtJRDBnWkc5amRXMWxiblF1WjJWMFJXeGxiV1Z1ZEVKNVNXUW9KM1I0ZEZWelpYSkpSRjlTWlhGMWFYSmxaRVpwWld4a1ZtRnNhV1JoZEc5eU1TY3BPMVpoYkdsa1lYUnZja1Z1WVdKc1pTaHZWbUZzYVdRc2RHaHBjeTVqYUdWamEyVmtLVHRWZEdsc1gwTm9hMEp2ZUZSdloyZHNaVlpwYzJsaWFXeHBkSGtvSjNSNGRGVnpaWEpKUkY5amFHdFdhWE5wWW1sc2FYUjVKeXdnSjNSNGRGVnpaWEpKUkY5a2FYWkVZWFJoUVhKbFlTY3BPMlJrWkFJRER4WUNIZ1Z6ZEhsc1pRVTJabXh2WVhRNmJHVm1kRHRrYVhOd2JHRjVPbWx1YkdsdVpTMWliRzlqYXp0d1lXUmthVzVuT2pBN2RtbHphV0pwYkdsMGVUbzdGZ1lDQVE4UEZnZ2VDRkpsWVdSUGJteDVhQjRGVjJsa2RHZ2JBQUFBQUFBQVZFQUJBQUFBSGdoRGMzTkRiR0Z6YzJVZUJGOGhVMElDZ2dJV0FoNEhiMjVyWlhsMWNBVU9kR2hwY3k1MGFYUnNaVDBuSnp0a0FnTVBEeFlFSHhNYkFBQUFBQUFBVkVBQkFBQUFIeFVDZ0FKa1pBSUZEMlFXQWdJQkR3OFdBaDRFVkdWNGRBVVhXK1drcCtXdnErbU9sdVd1bWwzbHQ3TGxsWi9ubEtnV0FoOFJCWlFCY0dGa1pHbHVaem9nTW5CNElERXdjSGdnTW5CNElERXdjSGc3SUdOdmJHOXlPaU13TURBN0lHSmhZMnRuY205MWJtUTZJQ05HUmtVNFFUWTdJR1p2Ym5RdGQyVnBaMmgwT2lCaWIyeGtPeUJpYjNKa1pYSTZJREZ3ZUNCemIyeHBaQ0JrWVhKclozSmhlVHNnZDJocGRHVXRjM0JoWTJVNklHNXZkM0poY0RzZ1ltOXlaR1Z5TFhKaFpHbDFjem9nTTNCNE8yUUNBdzhRRHhZR0hnNUVZWFJoVm1Gc2RXVkdhV1ZzWkFVRFMyVjVIZzFFWVhSaFZHVjRkRVpwWld4a0JRVldZV3gxWlI0TFh5RkVZWFJoUW05MWJtUm5aQkFWQkFkRmJtZHNhWE5vRE9ldWdPUzlrK1M0cmVhV2h3em1yYVBwcTVUa3VLM21sb2NNNTY2QTVMMlQ1ckdKNksrdEZRUUNaVzRHZW1ndFEwaFRCbnBvTFVOSVZBZDZhQzFJWVc1ekZDc0RCR2RuWjJka1pBSUREdzhXQWg4WFpXUmtaQ2NWUllYVGg5akNDTXdTY3c0blJ1VjA5bS85IiBDb3JyZWxhdGlvbkJpbmRpbmc9IiIgVXJsRW5jb2RlPSJUcnVlIiAvPg0KICAgICAgICA8Rm9ybVBvc3RQYXJhbWV0ZXIgTmFtZT0iX19WSUVXU1RBVEVHRU5FUkFUT1IiIFZhbHVlPSJ7eyRISURERU4xLl9fVklFV1NUQVRFR0VORVJBVE9SfX0iIFJlY29yZGVkVmFsdWU9IjVCQjBGMjkwIiBDb3JyZWxhdGlvbkJpbmRpbmc9IiIgVXJsRW5jb2RlPSJUcnVlIiAvPg0KICAgICAgICA8Rm9ybVBvc3RQYXJhbWV0ZXIgTmFtZT0iX19FVkVOVFZBTElEQVRJT04iIFZhbHVlPSJ7eyRISURERU4xLl9fRVZFTlRWQUxJREFUSU9OfX0iIFJlY29yZGVkVmFsdWU9Ii93RWRBQWpaemdlZEs3V0hudUtBMm8rc1ZSQVRaaFRxbzJ5ZHJjQXZWWGhWWDBLRktZSUZmUlJaaFhzeFV5NDNxZm1WZ1ArTFJicVhBcjRwWFJBeDVMZ1BQRmpnZUNQRmNuNWFQTVloQjZnZWwwby9ibDNGUS9xblFXMnVGb1pQbmh3ckoxZGd6Q2twcWNYSG9MV1IrZmM4eEgzWVJyUHBHenJEK1pHMFdrNFlybjM1RnZrZWYvdFpSZzdHY0ZOMzdOZ0tHNlVXTlBnZSIgQ29ycmVsYXRpb25CaW5kaW5nPSIiIFVybEVuY29kZT0iVHJ1ZSIgLz4NCiAgICAgICAgPEZvcm1Qb3N0UGFyYW1ldGVyIE5hbWU9InR4dFVzZXJJRCR0eHREYXRhIiBWYWx1ZT0iMTAyMTE5IiBSZWNvcmRlZFZhbHVlPSIxMDIxMTkiIENvcnJlbGF0aW9uQmluZGluZz0iIiBVcmxFbmNvZGU9IlRydWUiIC8+DQogICAgICAgIDxGb3JtUG9zdFBhcmFtZXRlciBOYW1lPSJkZGxVSUN1bHR1cmUiIFZhbHVlPSJ6aC1DSFQiIFJlY29yZGVkVmFsdWU9InpoLUNIVCIgQ29ycmVsYXRpb25CaW5kaW5nPSJ7e0Zvcm1Qb3N0UGFyYW0zOC5kZGxVSUN1bHR1cmV9fSIgVXJsRW5jb2RlPSJUcnVlIiAvPg0KICAgICAgICA8Rm9ybVBvc3RQYXJhbWV0ZXIgTmFtZT0iYnRuRXhlY3V0ZSIgVmFsdWU9IkxvY2FsIExvZ2luIiBSZWNvcmRlZFZhbHVlPSJMb2NhbCBMb2dpbiIgQ29ycmVsYXRpb25CaW5kaW5nPSJ7e0Zvcm1Qb3N0UGFyYW0zNy5idG5FeGVjdXRlfX0iIFVybEVuY29kZT0iVHJ1ZSIgLz4NCiAgICAgIDwvRm9ybVBvc3RIdHRwQm9keT4NCiAgICA8L1JlcXVlc3Q+DQogICAgPFJlcXVlc3QgTWV0aG9kPSJHRVQiIEd1aWQ9Ijc3YzU5YjQ5LWE5ZTEtNGFmZi04ZjczLTljZWY5YzVhZjIxYSIgVmVyc2lvbj0iMS4xIiBVcmw9Imh0dHA6Ly8xMC4xMS4zNi4xMTQ6ODAwNy9PdmVyVGltZS9PdmVydGltZVByZU9yZGVyLmFzcHgiIFRoaW5rVGltZT0iMTAiIFRpbWVvdXQ9IjMwMCIgUGFyc2VEZXBlbmRlbnRSZXF1ZXN0cz0iVHJ1ZSIgRm9sbG93UmVkaXJlY3RzPSJUcnVlIiBSZWNvcmRSZXN1bHQ9IlRydWUiIENhY2hlPSJGYWxzZSIgUmVzcG9uc2VUaW1lR29hbD0iMCIgRW5jb2Rpbmc9InV0Zi04IiBFeHBlY3RlZEh0dHBTdGF0dXNDb2RlPSIwIiBFeHBlY3RlZFJlc3BvbnNlVXJsPSIiIFJlcG9ydGluZ05hbWU9IiIgSWdub3JlSHR0cFN0YXR1c0NvZGU9IkZhbHNlIj4NCiAgICAgIDxFeHRyYWN0aW9uUnVsZXM+DQogICAgICAgIDxFeHRyYWN0aW9uUnVsZSBDbGFzc25hbWU9Ik1pY3Jvc29mdC5WaXN1YWxTdHVkaW8uVGVzdFRvb2xzLldlYlRlc3RpbmcuUnVsZXMuRXh0cmFjdEhpZGRlbkZpZWxkcywgTWljcm9zb2Z0LlZpc3VhbFN0dWRpby5RdWFsaXR5VG9vbHMuV2ViVGVzdEZyYW1ld29yaywgVmVyc2lvbj0xMC4wLjAuMCwgQ3VsdHVyZT1uZXV0cmFsLCBQdWJsaWNLZXlUb2tlbj1iMDNmNWY3ZjExZDUwYTNhIiBWYXJpYWJsZU5hbWU9IjEiIERpc3BsYXlOYW1lPSLmk7flj5bpmrHol4/mrITkvY0iIERlc2NyaXB0aW9uPSLmk7flj5blm57mh4nkuK3nmoTmiYDmnInpmrHol4/mrITkvY3vvIzkuKblsIflroPlgJHmlL7lnKjmuKzoqablhaflrrnkuK3jgIIiPg0KICAgICAgICAgIDxSdWxlUGFyYW1ldGVycz4NCiAgICAgICAgICAgIDxSdWxlUGFyYW1ldGVyIE5hbWU9IlJlcXVpcmVkIiBWYWx1ZT0iVHJ1ZSIgLz4NCiAgICAgICAgICAgIDxSdWxlUGFyYW1ldGVyIE5hbWU9Ikh0bWxEZWNvZGUiIFZhbHVlPSJUcnVlIiAvPg0KICAgICAgICAgIDwvUnVsZVBhcmFtZXRlcnM+DQogICAgICAgIDwvRXh0cmFjdGlvblJ1bGU+DQogICAgICA8L0V4dHJhY3Rpb25SdWxlcz4NCiAgICAgIDxDb3JyZWxhdGlvbkV4dHJhY3Rpb25SdWxlcz4NCiAgICAgICAgPEV4dHJhY3Rpb25SdWxlIENsYXNzbmFtZT0iTWljcm9zb2Z0LlZpc3VhbFN0dWRpby5UZXN0VG9vbHMuV2ViVGVzdGluZy5SdWxlcy5FeHRyYWN0Rm9ybUZpZWxkLCBNaWNyb3NvZnQuVmlzdWFsU3R1ZGlvLlF1YWxpdHlUb29scy5XZWJUZXN0RnJhbWV3b3JrLCBWZXJzaW9uPTEwLjAuMC4wLCBDdWx0dXJlPW5ldXRyYWwsIFB1YmxpY0tleVRva2VuPWIwM2Y1ZjdmMTFkNTBhM2EiIFZhcmlhYmxlTmFtZT0iRm9ybVBvc3RQYXJhbTMzLmJ0blF1ZXJ5IiBEaXNwbGF5TmFtZT0iIiBEZXNjcmlwdGlvbj0iIj4NCiAgICAgICAgICA8UnVsZVBhcmFtZXRlcnM+DQogICAgICAgICAgICA8UnVsZVBhcmFtZXRlciBOYW1lPSJOYW1lIiBWYWx1ZT0iYnRuUXVlcnkiIC8+DQogICAgICAgICAgICA8UnVsZVBhcmFtZXRlciBOYW1lPSJIdG1sRGVjb2RlIiBWYWx1ZT0iVHJ1ZSIgLz4NCiAgICAgICAgICAgIDxSdWxlUGFyYW1ldGVyIE5hbWU9IlJlcXVpcmVkIiBWYWx1ZT0iRmFsc2UiIC8+DQogICAgICAgICAgICA8UnVsZVBhcmFtZXRlciBOYW1lPSJJbmRleCIgVmFsdWU9IjAiIC8+DQogICAgICAgICAgPC9SdWxlUGFyYW1ldGVycz4NCiAgICAgICAgPC9FeHRyYWN0aW9uUnVsZT4NCiAgICAgICAgPEV4dHJhY3Rpb25SdWxlIENsYXNzbmFtZT0iTWljcm9zb2Z0LlZpc3VhbFN0dWRpby5UZXN0VG9vbHMuV2ViVGVzdGluZy5SdWxlcy5FeHRyYWN0Rm9ybUZpZWxkLCBNaWNyb3NvZnQuVmlzdWFsU3R1ZGlvLlF1YWxpdHlUb29scy5XZWJUZXN0RnJhbWV3b3JrLCBWZXJzaW9uPTEwLjAuMC4wLCBDdWx0dXJlPW5ldXRyYWwsIFB1YmxpY0tleVRva2VuPWIwM2Y1ZjdmMTFkNTBhM2EiIFZhcmlhYmxlTmFtZT0iRm9ybVBvc3RQYXJhbTM0LnR4dE9URW1wSUQiIERpc3BsYXlOYW1lPSIiIERlc2NyaXB0aW9uPSIiPg0KICAgICAgICAgIDxSdWxlUGFyYW1ldGVycz4NCiAgICAgICAgICAgIDxSdWxlUGFyYW1ldGVyIE5hbWU9Ik5hbWUiIFZhbHVlPSJ0eHRPVEVtcElEIiAvPg0KICAgICAgICAgICAgPFJ1bGVQYXJhbWV0ZXIgTmFtZT0iSHRtbERlY29kZSIgVmFsdWU9IlRydWUiIC8+DQogICAgICAgICAgICA8UnVsZVBhcmFtZXRlciBOYW1lPSJSZXF1aXJlZCIgVmFsdWU9IkZhbHNlIiAvPg0KICAgICAgICAgICAgPFJ1bGVQYXJhbWV0ZXIgTmFtZT0iSW5kZXgiIFZhbHVlPSIwIiAvPg0KICAgICAgICAgIDwvUnVsZVBhcmFtZXRlcnM+DQogICAgICAgIDwvRXh0cmFjdGlvblJ1bGU+DQogICAgICAgIDxFeHRyYWN0aW9uUnVsZSBDbGFzc25hbWU9Ik1pY3Jvc29mdC5WaXN1YWxTdHVkaW8uVGVzdFRvb2xzLldlYlRlc3RpbmcuUnVsZXMuRXh0cmFjdFRleHQsIE1pY3Jvc29mdC5WaXN1YWxTdHVkaW8uUXVhbGl0eVRvb2xzLldlYlRlc3RGcmFtZXdvcmssIFZlcnNpb249MTAuMC4wLjAsIEN1bHR1cmU9bmV1dHJhbCwgUHVibGljS2V5VG9rZW49YjAzZjVmN2YxMWQ1MGEzYSIgVmFyaWFibGVOYW1lPSJGb3JtUG9zdFBhcmFtMzUuZGRsUXVlcnlDb25kaXRpb25zIiBEaXNwbGF5TmFtZT0iIiBEZXNjcmlwdGlvbj0iIj4NCiAgICAgICAgICA8UnVsZVBhcmFtZXRlcnM+DQogICAgICAgICAgICA8UnVsZVBhcmFtZXRlciBOYW1lPSJTdGFydHNXaXRoIiBWYWx1ZT0icyZxdW90OzpbJnF1b3Q7IiAvPg0KICAgICAgICAgICAgPFJ1bGVQYXJhbWV0ZXIgTmFtZT0iRW5kc1dpdGgiIFZhbHVlPSImcXVvdDssJnF1b3Q7MSZxdW90OyIgLz4NCiAgICAgICAgICAgIDxSdWxlUGFyYW1ldGVyIE5hbWU9IkluZGV4IiBWYWx1ZT0iMCIgLz4NCiAgICAgICAgICAgIDxSdWxlUGFyYW1ldGVyIE5hbWU9Iklnbm9yZUNhc2UiIFZhbHVlPSJGYWxzZSIgLz4NCiAgICAgICAgICAgIDxSdWxlUGFyYW1ldGVyIE5hbWU9IlVzZVJlZ3VsYXJFeHByZXNzaW9uIiBWYWx1ZT0iRmFsc2UiIC8+DQogICAgICAgICAgICA8UnVsZVBhcmFtZXRlciBOYW1lPSJIdG1sRGVjb2RlIiBWYWx1ZT0iVHJ1ZSIgLz4NCiAgICAgICAgICAgIDxSdWxlUGFyYW1ldGVyIE5hbWU9IlJlcXVpcmVkIiBWYWx1ZT0iRmFsc2UiIC8+DQogICAgICAgICAgPC9SdWxlUGFyYW1ldGVycz4NCiAgICAgICAgPC9FeHRyYWN0aW9uUnVsZT4NCiAgICAgICAgPEV4dHJhY3Rpb25SdWxlIENsYXNzbmFtZT0iTWljcm9zb2Z0LlZpc3VhbFN0dWRpby5UZXN0VG9vbHMuV2ViVGVzdGluZy5SdWxlcy5FeHRyYWN0VGV4dCwgTWljcm9zb2Z0LlZpc3VhbFN0dWRpby5RdWFsaXR5VG9vbHMuV2ViVGVzdEZyYW1ld29yaywgVmVyc2lvbj0xMC4wLjAuMCwgQ3VsdHVyZT1uZXV0cmFsLCBQdWJsaWNLZXlUb2tlbj1iMDNmNWY3ZjExZDUwYTNhIiBWYXJpYWJsZU5hbWU9IkZvcm1Qb3N0UGFyYW0zNi5kZGxPVFN0YXR1cyIgRGlzcGxheU5hbWU9IiIgRGVzY3JpcHRpb249IiI+DQogICAgICAgICAgPFJ1bGVQYXJhbWV0ZXJzPg0KICAgICAgICAgICAgPFJ1bGVQYXJhbWV0ZXIgTmFtZT0iU3RhcnRzV2l0aCIgVmFsdWU9IiZxdW90OzAmcXVvdDssJnF1b3Q7IiAvPg0KICAgICAgICAgICAgPFJ1bGVQYXJhbWV0ZXIgTmFtZT0iRW5kc1dpdGgiIFZhbHVlPSImcXVvdDssJnF1b3Q7MiZxdW90OyIgLz4NCiAgICAgICAgICAgIDxSdWxlUGFyYW1ldGVyIE5hbWU9IkluZGV4IiBWYWx1ZT0iMCIgLz4NCiAgICAgICAgICAgIDxSdWxlUGFyYW1ldGVyIE5hbWU9Iklnbm9yZUNhc2UiIFZhbHVlPSJGYWxzZSIgLz4NCiAgICAgICAgICAgIDxSdWxlUGFyYW1ldGVyIE5hbWU9IlVzZVJlZ3VsYXJFeHByZXNzaW9uIiBWYWx1ZT0iRmFsc2UiIC8+DQogICAgICAgICAgICA8UnVsZVBhcmFtZXRlciBOYW1lPSJIdG1sRGVjb2RlIiBWYWx1ZT0iVHJ1ZSIgLz4NCiAgICAgICAgICAgIDxSdWxlUGFyYW1ldGVyIE5hbWU9IlJlcXVpcmVkIiBWYWx1ZT0iRmFsc2UiIC8+DQogICAgICAgICAgPC9SdWxlUGFyYW1ldGVycz4NCiAgICAgICAgPC9FeHRyYWN0aW9uUnVsZT4NCiAgICAgIDwvQ29ycmVsYXRpb25FeHRyYWN0aW9uUnVsZXM+DQogICAgPC9SZXF1ZXN0Pg0KICAgIDxSZXF1ZXN0IE1ldGhvZD0iUE9TVCIgR3VpZD0iNGYyNDE0NDktZWIxMy00ZmFiLWJhMjAtMGRhZTE4Y2QxNzc4IiBWZXJzaW9uPSIxLjEiIFVybD0iaHR0cDovLzEwLjExLjM2LjExNDo4MDA3L092ZXJUaW1lL092ZXJ0aW1lUHJlT3JkZXIuYXNweCIgVGhpbmtUaW1lPSI4MiIgVGltZW91dD0iMzAwIiBQYXJzZURlcGVuZGVudFJlcXVlc3RzPSJUcnVlIiBGb2xsb3dSZWRpcmVjdHM9IlRydWUiIFJlY29yZFJlc3VsdD0iVHJ1ZSIgQ2FjaGU9IkZhbHNlIiBSZXNwb25zZVRpbWVHb2FsPSIwIiBFbmNvZGluZz0idXRmLTgiIEV4cGVjdGVkSHR0cFN0YXR1c0NvZGU9IjAiIEV4cGVjdGVkUmVzcG9uc2VVcmw9IiIgUmVwb3J0aW5nTmFtZT0iIiBJZ25vcmVIdHRwU3RhdHVzQ29kZT0iRmFsc2UiPg0KICAgICAgPEV4dHJhY3Rpb25SdWxlcz4NCiAgICAgICAgPEV4dHJhY3Rpb25SdWxlIENsYXNzbmFtZT0iTWljcm9zb2Z0LlZpc3VhbFN0dWRpby5UZXN0VG9vbHMuV2ViVGVzdGluZy5SdWxlcy5FeHRyYWN0SGlkZGVuRmllbGRzLCBNaWNyb3NvZnQuVmlzdWFsU3R1ZGlvLlF1YWxpdHlUb29scy5XZWJUZXN0RnJhbWV3b3JrLCBWZXJzaW9uPTEwLjAuMC4wLCBDdWx0dXJlPW5ldXRyYWwsIFB1YmxpY0tleVRva2VuPWIwM2Y1ZjdmMTFkNTBhM2EiIFZhcmlhYmxlTmFtZT0iMSIgRGlzcGxheU5hbWU9IuaTt+WPlumaseiXj+ashOS9jSIgRGVzY3JpcHRpb249IuaTt+WPluWbnuaHieS4reeahOaJgOaciemaseiXj+ashOS9je+8jOS4puWwh+Wug+WAkeaUvuWcqOa4rOippuWFp+WuueS4reOAgiI+DQogICAgICAgICAgPFJ1bGVQYXJhbWV0ZXJzPg0KICAgICAgICAgICAgPFJ1bGVQYXJhbWV0ZXIgTmFtZT0iUmVxdWlyZWQiIFZhbHVlPSJUcnVlIiAvPg0KICAgICAgICAgICAgPFJ1bGVQYXJhbWV0ZXIgTmFtZT0iSHRtbERlY29kZSIgVmFsdWU9IlRydWUiIC8+DQogICAgICAgICAgPC9SdWxlUGFyYW1ldGVycz4NCiAgICAgICAgPC9FeHRyYWN0aW9uUnVsZT4NCiAgICAgIDwvRXh0cmFjdGlvblJ1bGVzPg0KICAgICAgPENvcnJlbGF0aW9uRXh0cmFjdGlvblJ1bGVzPg0KICAgICAgICA8RXh0cmFjdGlvblJ1bGUgQ2xhc3NuYW1lPSJNaWNyb3NvZnQuVmlzdWFsU3R1ZGlvLlRlc3RUb29scy5XZWJUZXN0aW5nLlJ1bGVzLkV4dHJhY3RGb3JtRmllbGQsIE1pY3Jvc29mdC5WaXN1YWxTdHVkaW8uUXVhbGl0eVRvb2xzLldlYlRlc3RGcmFtZXdvcmssIFZlcnNpb249MTAuMC4wLjAsIEN1bHR1cmU9bmV1dHJhbCwgUHVibGljS2V5VG9rZW49YjAzZjVmN2YxMWQ1MGEzYSIgVmFyaWFibGVOYW1lPSJGb3JtUG9zdFBhcmFtMjkuYnRuVXBkYXRlIiBEaXNwbGF5TmFtZT0iIiBEZXNjcmlwdGlvbj0iIj4NCiAgICAgICAgICA8UnVsZVBhcmFtZXRlcnM+DQogICAgICAgICAgICA8UnVsZVBhcmFtZXRlciBOYW1lPSJOYW1lIiBWYWx1ZT0iYnRuVXBkYXRlIiAvPg0KICAgICAgICAgICAgPFJ1bGVQYXJhbWV0ZXIgTmFtZT0iSHRtbERlY29kZSIgVmFsdWU9IlRydWUiIC8+DQogICAgICAgICAgICA8UnVsZVBhcmFtZXRlciBOYW1lPSJSZXF1aXJlZCIgVmFsdWU9IkZhbHNlIiAvPg0KICAgICAgICAgICAgPFJ1bGVQYXJhbWV0ZXIgTmFtZT0iSW5kZXgiIFZhbHVlPSIwIiAvPg0KICAgICAgICAgIDwvUnVsZVBhcmFtZXRlcnM+DQogICAgICAgIDwvRXh0cmFjdGlvblJ1bGU+DQogICAgICAgIDxFeHRyYWN0aW9uUnVsZSBDbGFzc25hbWU9Ik1pY3Jvc29mdC5WaXN1YWxTdHVkaW8uVGVzdFRvb2xzLldlYlRlc3RpbmcuUnVsZXMuRXh0cmFjdEZvcm1GaWVsZCwgTWljcm9zb2Z0LlZpc3VhbFN0dWRpby5RdWFsaXR5VG9vbHMuV2ViVGVzdEZyYW1ld29yaywgVmVyc2lvbj0xMC4wLjAuMCwgQ3VsdHVyZT1uZXV0cmFsLCBQdWJsaWNLZXlUb2tlbj1iMDNmNWY3ZjExZDUwYTNhIiBWYXJpYWJsZU5hbWU9IkZvcm1Qb3N0UGFyYW0zMC50eHRPVEVtcElEIiBEaXNwbGF5TmFtZT0iIiBEZXNjcmlwdGlvbj0iIj4NCiAgICAgICAgICA8UnVsZVBhcmFtZXRlcnM+DQogICAgICAgICAgICA8UnVsZVBhcmFtZXRlciBOYW1lPSJOYW1lIiBWYWx1ZT0idHh0T1RFbXBJRCIgLz4NCiAgICAgICAgICAgIDxSdWxlUGFyYW1ldGVyIE5hbWU9Ikh0bWxEZWNvZGUiIFZhbHVlPSJUcnVlIiAvPg0KICAgICAgICAgICAgPFJ1bGVQYXJhbWV0ZXIgTmFtZT0iUmVxdWlyZWQiIFZhbHVlPSJGYWxzZSIgLz4NCiAgICAgICAgICAgIDxSdWxlUGFyYW1ldGVyIE5hbWU9IkluZGV4IiBWYWx1ZT0iMCIgLz4NCiAgICAgICAgICA8L1J1bGVQYXJhbWV0ZXJzPg0KICAgICAgICA8L0V4dHJhY3Rpb25SdWxlPg0KICAgICAgICA8RXh0cmFjdGlvblJ1bGUgQ2xhc3NuYW1lPSJNaWNyb3NvZnQuVmlzdWFsU3R1ZGlvLlRlc3RUb29scy5XZWJUZXN0aW5nLlJ1bGVzLkV4dHJhY3RUZXh0LCBNaWNyb3NvZnQuVmlzdWFsU3R1ZGlvLlF1YWxpdHlUb29scy5XZWJUZXN0RnJhbWV3b3JrLCBWZXJzaW9uPTEwLjAuMC4wLCBDdWx0dXJlPW5ldXRyYWwsIFB1YmxpY0tleVRva2VuPWIwM2Y1ZjdmMTFkNTBhM2EiIFZhcmlhYmxlTmFtZT0iRm9ybVBvc3RQYXJhbTMxLmRkbFF1ZXJ5Q29uZGl0aW9ucyIgRGlzcGxheU5hbWU9IiIgRGVzY3JpcHRpb249IiI+DQogICAgICAgICAgPFJ1bGVQYXJhbWV0ZXJzPg0KICAgICAgICAgICAgPFJ1bGVQYXJhbWV0ZXIgTmFtZT0iU3RhcnRzV2l0aCIgVmFsdWU9InMmcXVvdDs6WyZxdW90OyIgLz4NCiAgICAgICAgICAgIDxSdWxlUGFyYW1ldGVyIE5hbWU9IkVuZHNXaXRoIiBWYWx1ZT0iJnF1b3Q7LCZxdW90OzEmcXVvdDsiIC8+DQogICAgICAgICAgICA8UnVsZVBhcmFtZXRlciBOYW1lPSJJbmRleCIgVmFsdWU9IjAiIC8+DQogICAgICAgICAgICA8UnVsZVBhcmFtZXRlciBOYW1lPSJJZ25vcmVDYXNlIiBWYWx1ZT0iRmFsc2UiIC8+DQogICAgICAgICAgICA8UnVsZVBhcmFtZXRlciBOYW1lPSJVc2VSZWd1bGFyRXhwcmVzc2lvbiIgVmFsdWU9IkZhbHNlIiAvPg0KICAgICAgICAgICAgPFJ1bGVQYXJhbWV0ZXIgTmFtZT0iSHRtbERlY29kZSIgVmFsdWU9IlRydWUiIC8+DQogICAgICAgICAgICA8UnVsZVBhcmFtZXRlciBOYW1lPSJSZXF1aXJlZCIgVmFsdWU9IkZhbHNlIiAvPg0KICAgICAgICAgIDwvUnVsZVBhcmFtZXRlcnM+DQogICAgICAgIDwvRXh0cmFjdGlvblJ1bGU+DQogICAgICAgIDxFeHRyYWN0aW9uUnVsZSBDbGFzc25hbWU9Ik1pY3Jvc29mdC5WaXN1YWxTdHVkaW8uVGVzdFRvb2xzLldlYlRlc3RpbmcuUnVsZXMuRXh0cmFjdFRleHQsIE1pY3Jvc29mdC5WaXN1YWxTdHVkaW8uUXVhbGl0eVRvb2xzLldlYlRlc3RGcmFtZXdvcmssIFZlcnNpb249MTAuMC4wLjAsIEN1bHR1cmU9bmV1dHJhbCwgUHVibGljS2V5VG9rZW49YjAzZjVmN2YxMWQ1MGEzYSIgVmFyaWFibGVOYW1lPSJGb3JtUG9zdFBhcmFtMzIuZGRsT1RTdGF0dXMiIERpc3BsYXlOYW1lPSIiIERlc2NyaXB0aW9uPSIiPg0KICAgICAgICAgIDxSdWxlUGFyYW1ldGVycz4NCiAgICAgICAgICAgIDxSdWxlUGFyYW1ldGVyIE5hbWU9IlN0YXJ0c1dpdGgiIFZhbHVlPSImcXVvdDswJnF1b3Q7LCZxdW90OyIgLz4NCiAgICAgICAgICAgIDxSdWxlUGFyYW1ldGVyIE5hbWU9IkVuZHNXaXRoIiBWYWx1ZT0iJnF1b3Q7LCZxdW90OzImcXVvdDsiIC8+DQogICAgICAgICAgICA8UnVsZVBhcmFtZXRlciBOYW1lPSJJbmRleCIgVmFsdWU9IjAiIC8+DQogICAgICAgICAgICA8UnVsZVBhcmFtZXRlciBOYW1lPSJJZ25vcmVDYXNlIiBWYWx1ZT0iRmFsc2UiIC8+DQogICAgICAgICAgICA8UnVsZVBhcmFtZXRlciBOYW1lPSJVc2VSZWd1bGFyRXhwcmVzc2lvbiIgVmFsdWU9IkZhbHNlIiAvPg0KICAgICAgICAgICAgPFJ1bGVQYXJhbWV0ZXIgTmFtZT0iSHRtbERlY29kZSIgVmFsdWU9IlRydWUiIC8+DQogICAgICAgICAgICA8UnVsZVBhcmFtZXRlciBOYW1lPSJSZXF1aXJlZCIgVmFsdWU9IkZhbHNlIiAvPg0KICAgICAgICAgIDwvUnVsZVBhcmFtZXRlcnM+DQogICAgICAgIDwvRXh0cmFjdGlvblJ1bGU+DQogICAgICA8L0NvcnJlbGF0aW9uRXh0cmFjdGlvblJ1bGVzPg0KICAgICAgPEZvcm1Qb3N0SHR0cEJvZHk+DQogICAgICAgIDxGb3JtUG9zdFBhcmFtZXRlciBOYW1lPSJUb29sa2l0U2NyaXB0TWFuYWdlcjFfSGlkZGVuRmllbGQiIFZhbHVlPSI7O0FqYXhDb250cm9sVG9vbGtpdCwgVmVyc2lvbj00LjEuNy42MDcsIEN1bHR1cmU9bmV1dHJhbCwgUHVibGljS2V5VG9rZW49MjhmMDFiMGU4NGI2ZDUzZTp6aC1IYW50OjdiOTVlZDFhLTZhM2YtNDFkZC1iYzViLTYzZjM5ZWRiYzRiNDpkZTFmZWFiMjpmY2YwZTk5MzpmMmM4ZTcwODo3MjBhNTJiZjpmOWNlYzliYzo1ODllYWEzMDo2OTgxMjljZjpmYjliNGM1NzpjY2I5NmNmOTphNjdjMjcwMDo4NjEzYWVhNzozMjAyYTVhMjphYjA5ZTNmZTo4NzEwNGI3YzpiZTZmYjI5OCIgUmVjb3JkZWRWYWx1ZT0iOztBamF4Q29udHJvbFRvb2xraXQsIFZlcnNpb249NC4xLjcuNjA3LCBDdWx0dXJlPW5ldXRyYWwsIFB1YmxpY0tleVRva2VuPTI4ZjAxYjBlODRiNmQ1M2U6emgtSGFudDo3Yjk1ZWQxYS02YTNmLTQxZGQtYmM1Yi02M2YzOWVkYmM0YjQ6ZGUxZmVhYjI6ZmNmMGU5OTM6ZjJjOGU3MDg6NzIwYTUyYmY6ZjljZWM5YmM6NTg5ZWFhMzA6Njk4MTI5Y2Y6ZmI5YjRjNTc6Y2NiOTZjZjk6YTY3YzI3MDA6ODYxM2FlYTc6MzIwMmE1YTI6YWIwOWUzZmU6ODcxMDRiN2M6YmU2ZmIyOTgiIENvcnJlbGF0aW9uQmluZGluZz0iIiBVcmxFbmNvZGU9IlRydWUiIC8+DQogICAgICAgIDxGb3JtUG9zdFBhcmFtZXRlciBOYW1lPSJfX0VWRU5UVEFSR0VUIiBWYWx1ZT0ie3skSElEREVOMS5fX0VWRU5UVEFSR0VUfX0iIFJlY29yZGVkVmFsdWU9IiIgQ29ycmVsYXRpb25CaW5kaW5nPSIiIFVybEVuY29kZT0iVHJ1ZSIgLz4NCiAgICAgICAgPEZvcm1Qb3N0UGFyYW1ldGVyIE5hbWU9Il9fRVZFTlRBUkdVTUVOVCIgVmFsdWU9Int7JEhJRERFTjEuX19FVkVOVEFSR1VNRU5UfX0iIFJlY29yZGVkVmFsdWU9IiIgQ29ycmVsYXRpb25CaW5kaW5nPSIiIFVybEVuY29kZT0iVHJ1ZSIgLz4NCiAgICAgICAgPEZvcm1Qb3N0UGFyYW1ldGVyIE5hbWU9Il9fTEFTVEZPQ1VTIiBWYWx1ZT0ie3skSElEREVOMS5fX0xBU1RGT0NVU319IiBSZWNvcmRlZFZhbHVlPSIiIENvcnJlbGF0aW9uQmluZGluZz0iIiBVcmxFbmNvZGU9IlRydWUiIC8+DQogICAgICAgIDxGb3JtUG9zdFBhcmFtZXRlciBOYW1lPSJfX1ZTVEFURSIgVmFsdWU9Int7JEhJRERFTjEuX19WU1RBVEV9fSIgUmVjb3JkZWRWYWx1ZT0iQVIrTENBQUFBQUFBQkFDdFY5MXpFMVVVVDVadUd0S1BGR3hpUmQxZEhweHRwNlJrazZnRHRROGtLVFlqSmRnR0hpeE1acHQ3dTFtNzNjMWtiMHZqRXo0VUZIR0FvZWhnWjV4eFJnRkJIQjFmS2pLT2Y0SVBQdmpNa0xSOThrL0FlL2NqMlNaTEJrcTMwK1RtbkhQUDczemZ2VSs5d1FFdjdaT1dKa1ZaRGI0MzdPbW1mS0dBUDV0TGFRdWxUTG96bXhzbjM3NXNMaTBpaUw5eThnTHN6dWFta1lnVzlaUGlBdXpDTkEySkNtRmc4ZHl5bWtuN2JRRzhPSzZWRjA1bUE4Y1Y3WHhLMUNGbVVrL3hFd1JCT2lBY2ljY0U0WjIzRTRsZ09NejQwckNFTW1uNkFCK05SdDhYb3Z3aFl4RjFMSmo5MmJKRVZKMlFkWVNYSWdhaktaNW5ldk9uUkFsbWRJSjJRcE9LVE1naWZMZ0l5NVZwVkpaVnlhRDdUTWRvMy9TcGllUUhBblBRa2p1MmlMUmpwWkpTR1YrWWhZRFFVcnFlVWtSZGx4amVraUV4UXZoL3VsRFdGT1dVcHN0STF0U3NpbGNvS1JibUpTWmd1a0FzaEV5WHcxYjZYcThPRlZoQVhEb3puY3VjVE9XNEFvNEd4NTB2UXBYTEpxSWpwMHVXUDV5c2M2cUdPSFZSVVRqVXlvWUszc2Z6SEZRQkorcUVXZWNka25XeWE1QnNzRWs4UDJTSjJSUW5jTHc5Y0x3ZGNOd0ZPTjRLSEhjRmpyVUhqclVEanJrQXgxcUJZNjdBUW50Z29RVjQwTmh0Ym02N2Q5REtjRU5rcnF3dGNIQmlhbkk2bmN4bmNsUHBrUmt3cTUwYm1URUU1RTlFVWora1JNNFIvV1hJV1J2SG5FQkRoaG1tKzBQMUdBaU9HRGpjSXlZKzI3a1czK3pvQ2R1ajF3QjVCa1M3Q0xiTFhHdmlIQWJiaWNPa05rSXVKcnZVZ0VzOXV2Y0dlUWhvV2p1dk5xTWFUanNDYXJqZjhOUlltUjQrWGwxOXZIcUI1NFliMHNOOGhLLy9KSU9TQk1IRmVsTk9jQWk2K0dNS3hkeUU0azFDY1RlaFJKTlF3aW5rRmdYRDRCY28zeXlud0RuRWZheko2dlB1U0VRNWpWUVR0bVZLVTJCS0EzQ01UMFI1VHNURjRyQ1lHOHZXbHk4TUVyZEE0azZRdUEwUzN4MlFtQVVTYzRMRWJKRFk3b0FJRm9qZ0JCRnNFR0YzUUN3TUowU1VOd0JjOVZ0RHF6Rng4QkFrVFp3dEExam1aaXZPVThkeERqZ21zMlBFMUx1ZVl6cnh5amcxL2ZhckFCTzB6MkNJeEp3bzZWS1lvdllFUWJnZmZ3YkRGRDd2VDhoU0VTVzE1V1FaaXZQanFqaXJRRkFFWVdvT1MzVlFYa09xODR5c3k1aFJCSUNpRFVwSERpNGplbUR6MXMyTmF4ZWZyRC80NzlHVnpmdGZiTno5c3Zybnl1TUx0N0hjVzBTTzdhRzdhNytzYi81NmJldnloYzN2cm1ENmtFVVBQbm40c0hwNWJmTzNTN1dIMTdBZXpJcFlyQkJtRWZyTjlkcU5iMnFYUHQ5WXZidHg1em9XT0J5MERDTk85QUVROXM0QlNyQ0pQa0lNaHYxTUwzN3BFcytJeWlJOExrTUYwQjBrSlV3UG9SS3pUYUtmRUVtL01sMzVnNFNWMUJaVklER2Q5UmowaGFoOUVmeGd4N1kreGFaY0lqL0M1aXRWcE1uNkVPWHhtWnorNFQyVUpCbVcwWVk1Yks5cEFCdHNZTEo5RXJ0dkZ4QTZkNDRnUkNPYlg5M2JXdmxwNC9iVjZtYy80Z0RiQ0lJVElXNUgxMjlGRjRNRkd2V0pJWHUyVGI4NnJyY1ZOK1QxWU0zZXB1QUVHaVcrYzIyZERXMnhsOWUyMTliVzVUamZkcTd1WGFOaUthT2hTTnNGY01tUmV3RjU2eFlSM1YzQno5bkRrNU5uRHdQQUJQTDREbEJHeHIzQjg1ZDhaZTJmdi8yTVB6K3VBb3VVN0dBZi9PdkhLakw2RkJSQlZsVXFSU3lRMHpSOG1TalJrWm10UDc2dDNiaDhqcXRlZjFTOWVyLzI5USsxdFl1NFAyZTIxbTRaOU5yNnl0YXQ3NnNyZDZvLy8yNzJPREhQaTMwR3BOYzF0YURJaFhuNm85TklWdktwNGp3ZURqbE5raFJvVEFGWmtWRmxrRWZMeUx6Y0pLRWtxL2xDY2I3QjVROXh6WHdnTDVFZU80YUhERDgwQ25BdlUyU00wRHFxS0pCbWwyQVp5UVZSaVlpS0xLbEhrVllhWGFxck96cmFHRVE3OHhMdkRHZ3FtRlZNejNwUlVkWkhsc2lBR09QNVVZQ1RFdll4UHRkMDdHM0p4Z1FaRWR1U01VSHFENmVWM2I5OU0vdEtQWU5zZnoxemJLaklobDgyVGV5cjlKbm55dysydFUxMkNOYzlOK3pBYzZlRmZlMkY4OEVlY004QyszcFRDTitvaDUxOTB4SHZJK1RTdlkveTlvVTk1Sys3ZjlqakFkU29FYUtPb0JHaEFib0h5SHBKRVN0SFZVMkZvK0IvTzdXbjlMVVBBQUE9IiBDb3JyZWxhdGlvbkJpbmRpbmc9IiIgVXJsRW5jb2RlPSJUcnVlIiAvPg0KICAgICAgICA8Rm9ybVBvc3RQYXJhbWV0ZXIgTmFtZT0iX19WSUVXU1RBVEUiIFZhbHVlPSJ7eyRISURERU4xLl9fVklFV1NUQVRFfX0iIFJlY29yZGVkVmFsdWU9IiIgQ29ycmVsYXRpb25CaW5kaW5nPSIiIFVybEVuY29kZT0iVHJ1ZSIgLz4NCiAgICAgICAgPEZvcm1Qb3N0UGFyYW1ldGVyIE5hbWU9Il9fU0NST0xMUE9TSVRJT05YIiBWYWx1ZT0ie3skSElEREVOMS5fX1NDUk9MTFBPU0lUSU9OWH19IiBSZWNvcmRlZFZhbHVlPSIwIiBDb3JyZWxhdGlvbkJpbmRpbmc9IiIgVXJsRW5jb2RlPSJUcnVlIiAvPg0KICAgICAgICA8Rm9ybVBvc3RQYXJhbWV0ZXIgTmFtZT0iX19TQ1JPTExQT1NJVElPTlkiIFZhbHVlPSJ7eyRISURERU4xLl9fU0NST0xMUE9TSVRJT05ZfX0iIFJlY29yZGVkVmFsdWU9IjAiIENvcnJlbGF0aW9uQmluZGluZz0iIiBVcmxFbmNvZGU9IlRydWUiIC8+DQogICAgICAgIDxGb3JtUG9zdFBhcmFtZXRlciBOYW1lPSJfX1ZJRVdTVEFURUVOQ1JZUFRFRCIgVmFsdWU9Int7JEhJRERFTjEuX19WSUVXU1RBVEVFTkNSWVBURUR9fSIgUmVjb3JkZWRWYWx1ZT0iIiBDb3JyZWxhdGlvbkJpbmRpbmc9IiIgVXJsRW5jb2RlPSJUcnVlIiAvPg0KICAgICAgICA8Rm9ybVBvc3RQYXJhbWV0ZXIgTmFtZT0iX19FVkVOVFZBTElEQVRJT04iIFZhbHVlPSJ7eyRISURERU4xLl9fRVZFTlRWQUxJREFUSU9OfX0iIFJlY29yZGVkVmFsdWU9IjdJWlNlZW5wbkFKbXZjTk1CRjBINnFHQUVsMjRYb0Z6UEpXaVN3YU9sQ2NvdE4yRHNWS2phV0g0SVRlUEJLcGNiTzFyalFaQVU1S2NNcld1Nk03eEVqYlpZS3JRNklRUjNDVS9FUW9xUHBnSEhYWkZZMGFVRlA0Mk51QytqY1g2d24rYnpwanJpY056bXM2cTRmQXVCSzZIcVVOeGNZUWtsMTIxVzNJcWNKMHFEclRsSGkvd2JwSzgxMmJYVkVGdEJuNnF5UG9kYlp2a3VPejgrSU9wZnFmcExvbW81Tmo2SGZmUlBSVFFwdjA5WHFRcU9YMThnRFQ1eWp0SytWQVFYOWJEY3FQcWFpQlJKeTRxaWRkUHNJTWFFanpjOExlaEJYV1lINWU0SXBmaVhRYlpMUG4xd1QvbTc5VUxBTERTS2JOUU0wNmRMRE1JNlRGOW96dTkyMXh4QldvditJMjkwaXRPZXhvWVNscG5kbldRdmt5TURNTTMySTBLazFSVUk1bC9OMjhiVFRJTXB3TjdlMCs0TlJ6VGNJMDhTUmNWT2l3dEVMQUQzY0Fha2tVYm1zMWNZdkpKckd2YW9PSWhPN1ZxanBwajZJeW1oQmFTM1crajJaV1IzUU1rbWdtaWdnMXZ2M0lHM0JDSVhtbDB4QVJabmc4Sm8vTXhqTjQxYmhZZFVTWk5SWFpneG5xSDlvaThuSW1hYzBEdXkrbGMrVW85VzJhM0FvTHhBR0xPU1hnK2hVT3BSOFNQMjk0K1lDMC81bU0rWHhPZnJCWEkveFB5bTIvQXpTYXgzeW1ubkNRRVl2NXN6Z1VMbGJ2bTlSZjlZTGo5VnZJeXdhMU9ZalBleWVvSkxjY1JlNkh4R3U1aWprZStuSnljYjJrVnpLN3hmWlNLUG5qQ0x2ejRIUWo5Wk5jcXZNK2ExdldDVThveVVvZmdjR1YxUFpnRFlYZmkvc05sd2NucjdqWHlHc2VWYllxbVFHNHVDdEFlZFhoRDloaktwQWdoZU1SZ3J5TWlLRU03VloycCttQWhERnVudWNyellIUmd4Yis3ejlxUHZTd2MwbkJLUEMyazdkdzY5dUtzTnI3ZnhtMzFDS3Qzc2JxM1FGVENFL1JHSEVjaVI4VHZPQzFVc2dmVTU2OTFjZWptWW9ac3BCZXRzeE96eFpiMG9wNmN0SmM0N3VvNWN6MkJMMGtvVHdZalhRMzJoMVM0L2lMbGFpMHExQ0NTSE5zUHVSVjFkcHV1TFNxZVQzQ2kyb1hNa1JteFZ2MURVY3k5UnNha3pURnV5aTJteW9CbVhIUXFUdXc0Vi9yVk9EUHFwdW5GTWpBTjdHZEJkTm5xVURpalJ3RlZOWkNnZ3V3c2RZdWQrYnlERDFwRGU3c0hvN2lSWC9CMHZmMUMyUy9abDl6VWxUWHlFaUhidUJLdzlqYXFRZ2ZXYnk4NUUxQkNESWpVdVNXTDd4cmIvN3hoT0FpRE90bGJnZXBmNzcvWlhlT2VlTlNsV01mWGJ1amdNRXppRUpEdGlON0N4S3FNMTRzQmxRT0dzMzdScTN1N3Y4MD0iIENvcnJlbGF0aW9uQmluZGluZz0iIiBVcmxFbmNvZGU9IlRydWUiIC8+DQogICAgICAgIDxGb3JtUG9zdFBhcmFtZXRlciBOYW1lPSJTY3JlZW5XaWR0aCIgVmFsdWU9Int7JEhJRERFTjEuU2NyZWVuV2lkdGh9fSIgUmVjb3JkZWRWYWx1ZT0iIiBDb3JyZWxhdGlvbkJpbmRpbmc9IiIgVXJsRW5jb2RlPSJUcnVlIiAvPg0KICAgICAgICA8Rm9ybVBvc3RQYXJhbWV0ZXIgTmFtZT0iU2NyZWVuSGVpZ2h0IiBWYWx1ZT0ie3skSElEREVOMS5TY3JlZW5IZWlnaHR9fSIgUmVjb3JkZWRWYWx1ZT0iIiBDb3JyZWxhdGlvbkJpbmRpbmc9IiIgVXJsRW5jb2RlPSJUcnVlIiAvPg0KICAgICAgICA8Rm9ybVBvc3RQYXJhbWV0ZXIgTmFtZT0iYnRuUXVlcnkiIFZhbHVlPSLmn6XoqaIiIFJlY29yZGVkVmFsdWU9IuafpeipoiIgQ29ycmVsYXRpb25CaW5kaW5nPSJ7e0Zvcm1Qb3N0UGFyYW0zMy5idG5RdWVyeX19IiBVcmxFbmNvZGU9IlRydWUiIC8+DQogICAgICAgIDxGb3JtUG9zdFBhcmFtZXRlciBOYW1lPSJkZGxPcmdBbmRGbG93IiBWYWx1ZT0iIiBSZWNvcmRlZFZhbHVlPSIiIENvcnJlbGF0aW9uQmluZGluZz0iIiBVcmxFbmNvZGU9IlRydWUiIC8+DQogICAgICAgIDxGb3JtUG9zdFBhcmFtZXRlciBOYW1lPSJkZGxRdWVyeUNvbmRpdGlvbnMiIFZhbHVlPSIwIiBSZWNvcmRlZFZhbHVlPSIwIiBDb3JyZWxhdGlvbkJpbmRpbmc9Int7Rm9ybVBvc3RQYXJhbTM1LmRkbFF1ZXJ5Q29uZGl0aW9uc319IiBVcmxFbmNvZGU9IlRydWUiIC8+DQogICAgICAgIDxGb3JtUG9zdFBhcmFtZXRlciBOYW1lPSJ0eHRPVEVtcElEIiBWYWx1ZT0iMTAyMTE5IiBSZWNvcmRlZFZhbHVlPSIxMDIxMTkiIENvcnJlbGF0aW9uQmluZGluZz0ie3tGb3JtUG9zdFBhcmFtMzQudHh0T1RFbXBJRH19IiBVcmxFbmNvZGU9IlRydWUiIC8+DQogICAgICAgIDxGb3JtUG9zdFBhcmFtZXRlciBOYW1lPSJ0eHRPVEVtcE5hbWUiIFZhbHVlPSIiIFJlY29yZGVkVmFsdWU9IiIgQ29ycmVsYXRpb25CaW5kaW5nPSIiIFVybEVuY29kZT0iVHJ1ZSIgLz4NCiAgICAgICAgPEZvcm1Qb3N0UGFyYW1ldGVyIE5hbWU9InR4dE9URm9ybU5PIiBWYWx1ZT0iIiBSZWNvcmRlZFZhbHVlPSIiIENvcnJlbGF0aW9uQmluZGluZz0iIiBVcmxFbmNvZGU9IlRydWUiIC8+DQogICAgICAgIDxGb3JtUG9zdFBhcmFtZXRlciBOYW1lPSJkZGxPVFN0YXR1cyIgVmFsdWU9IjEiIFJlY29yZGVkVmFsdWU9IjEiIENvcnJlbGF0aW9uQmluZGluZz0ie3tGb3JtUG9zdFBhcmFtMzYuZGRsT1RTdGF0dXN9fSIgVXJsRW5jb2RlPSJUcnVlIiAvPg0KICAgICAgICA8Rm9ybVBvc3RQYXJhbWV0ZXIgTmFtZT0idHh0T1REYXRlQmVnaW4kdHh0RGF0ZSIgVmFsdWU9IiIgUmVjb3JkZWRWYWx1ZT0iIiBDb3JyZWxhdGlvbkJpbmRpbmc9IiIgVXJsRW5jb2RlPSJUcnVlIiAvPg0KICAgICAgICA8Rm9ybVBvc3RQYXJhbWV0ZXIgTmFtZT0idHh0T1REYXRlRW5kJHR4dERhdGUiIFZhbHVlPSIiIFJlY29yZGVkVmFsdWU9IiIgQ29ycmVsYXRpb25CaW5kaW5nPSIiIFVybEVuY29kZT0iVHJ1ZSIgLz4NCiAgICAgICAgPEZvcm1Qb3N0UGFyYW1ldGVyIE5hbWU9InVjTW9kYWxQb3B1cDEkQ2xpZW50V2lkdGgiIFZhbHVlPSJ7eyRISURERU4xLnVjTW9kYWxQb3B1cDEkQ2xpZW50V2lkdGh9fSIgUmVjb3JkZWRWYWx1ZT0iMCIgQ29ycmVsYXRpb25CaW5kaW5nPSIiIFVybEVuY29kZT0iVHJ1ZSIgLz4NCiAgICAgICAgPEZvcm1Qb3N0UGFyYW1ldGVyIE5hbWU9InVjTW9kYWxQb3B1cDEkQ2xpZW50SGVpZ2h0IiBWYWx1ZT0ie3skSElEREVOMS51Y01vZGFsUG9wdXAxJENsaWVudEhlaWdodH19IiBSZWNvcmRlZFZhbHVlPSIwIiBDb3JyZWxhdGlvbkJpbmRpbmc9IiIgVXJsRW5jb2RlPSJUcnVlIiAvPg0KICAgICAgPC9Gb3JtUG9zdEh0dHBCb2R5Pg0KICAgIDwvUmVxdWVzdD4NCiAgICA8UmVxdWVzdCBNZXRob2Q9IlBPU1QiIEd1aWQ9IjA0MmFiZTE5LWIyMGUtNDIzMy1hZTc3LWQ4NzY4MTI2MWM1NCIgVmVyc2lvbj0iMS4xIiBVcmw9Imh0dHA6Ly8xMC4xMS4zNi4xMTQ6ODAwNy9PdmVyVGltZS9PdmVydGltZVByZU9yZGVyLmFzcHgiIFRoaW5rVGltZT0iNDEiIFRpbWVvdXQ9IjMwMCIgUGFyc2VEZXBlbmRlbnRSZXF1ZXN0cz0iVHJ1ZSIgRm9sbG93UmVkaXJlY3RzPSJUcnVlIiBSZWNvcmRSZXN1bHQ9IlRydWUiIENhY2hlPSJGYWxzZSIgUmVzcG9uc2VUaW1lR29hbD0iMCIgRW5jb2Rpbmc9InV0Zi04IiBFeHBlY3RlZEh0dHBTdGF0dXNDb2RlPSIwIiBFeHBlY3RlZFJlc3BvbnNlVXJsPSJodHRwOi8vMTAuMTEuMzYuMTE0OjgwMDcvT3ZlclRpbWUvT3ZlcnRpbWVQcmVPcmRlcl9Nb2RpZnkuYXNweD9PVENvbXBJRD1TUEhCSzEmYW1wO09URW1wSUQ9MTAyMTE5JmFtcDtPVFN0YXJ0RGF0ZT0yMDE3LzA1LzExJmFtcDtPVEVuZERhdGU9MjAxNy8wNS8xMSZhbXA7T1RTdGFydFRpbWU9MDAwMCZhbXA7T1RFbmRUaW1lPTAxMDAmYW1wO09UVHhuSUQ9U1BIQksxMTAyMTE5MjAxNzA1MTE1NSZhbXA7T1RGb3JtTk89MjAxNzA1MTE2MDEwMjExOSIgUmVwb3J0aW5nTmFtZT0iIiBJZ25vcmVIdHRwU3RhdHVzQ29kZT0iRmFsc2UiPg0KICAgICAgPEV4dHJhY3Rpb25SdWxlcz4NCiAgICAgICAgPEV4dHJhY3Rpb25SdWxlIENsYXNzbmFtZT0iTWljcm9zb2Z0LlZpc3VhbFN0dWRpby5UZXN0VG9vbHMuV2ViVGVzdGluZy5SdWxlcy5FeHRyYWN0SGlkZGVuRmllbGRzLCBNaWNyb3NvZnQuVmlzdWFsU3R1ZGlvLlF1YWxpdHlUb29scy5XZWJUZXN0RnJhbWV3b3JrLCBWZXJzaW9uPTEwLjAuMC4wLCBDdWx0dXJlPW5ldXRyYWwsIFB1YmxpY0tleVRva2VuPWIwM2Y1ZjdmMTFkNTBhM2EiIFZhcmlhYmxlTmFtZT0iMSIgRGlzcGxheU5hbWU9IuaTt+WPlumaseiXj+ashOS9jSIgRGVzY3JpcHRpb249IuaTt+WPluWbnuaHieS4reeahOaJgOaciemaseiXj+ashOS9je+8jOS4puWwh+Wug+WAkeaUvuWcqOa4rOippuWFp+WuueS4reOAgiI+DQogICAgICAgICAgPFJ1bGVQYXJhbWV0ZXJzPg0KICAgICAgICAgICAgPFJ1bGVQYXJhbWV0ZXIgTmFtZT0iUmVxdWlyZWQiIFZhbHVlPSJUcnVlIiAvPg0KICAgICAgICAgICAgPFJ1bGVQYXJhbWV0ZXIgTmFtZT0iSHRtbERlY29kZSIgVmFsdWU9IlRydWUiIC8+DQogICAgICAgICAgPC9SdWxlUGFyYW1ldGVycz4NCiAgICAgICAgPC9FeHRyYWN0aW9uUnVsZT4NCiAgICAgICAgPEV4dHJhY3Rpb25SdWxlIENsYXNzbmFtZT0iTWljcm9zb2Z0LlZpc3VhbFN0dWRpby5UZXN0VG9vbHMuV2ViVGVzdGluZy5SdWxlcy5FeHRyYWN0VGV4dCwgTWljcm9zb2Z0LlZpc3VhbFN0dWRpby5RdWFsaXR5VG9vbHMuV2ViVGVzdEZyYW1ld29yaywgVmVyc2lvbj0xMC4wLjAuMCwgQ3VsdHVyZT1uZXV0cmFsLCBQdWJsaWNLZXlUb2tlbj1iMDNmNWY3ZjExZDUwYTNhIiBWYXJpYWJsZU5hbWU9IlF1ZXJ5U3RyaW5nUGFyYW0yMy5PVFR4bklEIiBEaXNwbGF5TmFtZT0i5pO35Y+W5paH5a2XIiBEZXNjcmlwdGlvbj0i5b6e5Zue5oeJ5Lit5pO35Y+W5paH5a2X77yM5Lim5bCH5a6D5pS+5YWl5ris6Kmm5YWn5a655Lit44CCIj4NCiAgICAgICAgICA8UnVsZVBhcmFtZXRlcnM+DQogICAgICAgICAgICA8UnVsZVBhcmFtZXRlciBOYW1lPSJTdGFydHNXaXRoIiBWYWx1ZT0iJmFtcDthbXA7T1RUeG5JRD0iIC8+DQogICAgICAgICAgICA8UnVsZVBhcmFtZXRlciBOYW1lPSJFbmRzV2l0aCIgVmFsdWU9IiZhbXA7IiAvPg0KICAgICAgICAgICAgPFJ1bGVQYXJhbWV0ZXIgTmFtZT0iSW5kZXgiIFZhbHVlPSIwIiAvPg0KICAgICAgICAgICAgPFJ1bGVQYXJhbWV0ZXIgTmFtZT0iSWdub3JlQ2FzZSIgVmFsdWU9IkZhbHNlIiAvPg0KICAgICAgICAgICAgPFJ1bGVQYXJhbWV0ZXIgTmFtZT0iVXNlUmVndWxhckV4cHJlc3Npb24iIFZhbHVlPSJGYWxzZSIgLz4NCiAgICAgICAgICAgIDxSdWxlUGFyYW1ldGVyIE5hbWU9Ikh0bWxEZWNvZGUiIFZhbHVlPSJUcnVlIiAvPg0KICAgICAgICAgICAgPFJ1bGVQYXJhbWV0ZXIgTmFtZT0iUmVxdWlyZWQiIFZhbHVlPSJGYWxzZSIgLz4NCiAgICAgICAgICA8L1J1bGVQYXJhbWV0ZXJzPg0KICAgICAgICA8L0V4dHJhY3Rpb25SdWxlPg0KICAgICAgPC9FeHRyYWN0aW9uUnVsZXM+DQogICAgICA8Q29ycmVsYXRpb25FeHRyYWN0aW9uUnVsZXM+DQogICAgICAgIDxFeHRyYWN0aW9uUnVsZSBDbGFzc25hbWU9Ik1pY3Jvc29mdC5WaXN1YWxTdHVkaW8uVGVzdFRvb2xzLldlYlRlc3RpbmcuUnVsZXMuRXh0cmFjdFRleHQsIE1pY3Jvc29mdC5WaXN1YWxTdHVkaW8uUXVhbGl0eVRvb2xzLldlYlRlc3RGcmFtZXdvcmssIFZlcnNpb249MTAuMC4wLjAsIEN1bHR1cmU9bmV1dHJhbCwgUHVibGljS2V5VG9rZW49YjAzZjVmN2YxMWQ1MGEzYSIgVmFyaWFibGVOYW1lPSJRdWVyeVN0cmluZ1BhcmFtMTcuT1RDb21wSUQiIERpc3BsYXlOYW1lPSIiIERlc2NyaXB0aW9uPSIiPg0KICAgICAgICAgIDxSdWxlUGFyYW1ldGVycz4NCiAgICAgICAgICAgIDxSdWxlUGFyYW1ldGVyIE5hbWU9IlN0YXJ0c1dpdGgiIFZhbHVlPSI/T1RDb21wSUQ9IiAvPg0KICAgICAgICAgICAgPFJ1bGVQYXJhbWV0ZXIgTmFtZT0iRW5kc1dpdGgiIFZhbHVlPSImYW1wOyIgLz4NCiAgICAgICAgICAgIDxSdWxlUGFyYW1ldGVyIE5hbWU9IkluZGV4IiBWYWx1ZT0iMCIgLz4NCiAgICAgICAgICAgIDxSdWxlUGFyYW1ldGVyIE5hbWU9Iklnbm9yZUNhc2UiIFZhbHVlPSJGYWxzZSIgLz4NCiAgICAgICAgICAgIDxSdWxlUGFyYW1ldGVyIE5hbWU9IlVzZVJlZ3VsYXJFeHByZXNzaW9uIiBWYWx1ZT0iRmFsc2UiIC8+DQogICAgICAgICAgICA8UnVsZVBhcmFtZXRlciBOYW1lPSJIdG1sRGVjb2RlIiBWYWx1ZT0iVHJ1ZSIgLz4NCiAgICAgICAgICAgIDxSdWxlUGFyYW1ldGVyIE5hbWU9IlJlcXVpcmVkIiBWYWx1ZT0iRmFsc2UiIC8+DQogICAgICAgICAgPC9SdWxlUGFyYW1ldGVycz4NCiAgICAgICAgPC9FeHRyYWN0aW9uUnVsZT4NCiAgICAgICAgPEV4dHJhY3Rpb25SdWxlIENsYXNzbmFtZT0iTWljcm9zb2Z0LlZpc3VhbFN0dWRpby5UZXN0VG9vbHMuV2ViVGVzdGluZy5SdWxlcy5FeHRyYWN0VGV4dCwgTWljcm9zb2Z0LlZpc3VhbFN0dWRpby5RdWFsaXR5VG9vbHMuV2ViVGVzdEZyYW1ld29yaywgVmVyc2lvbj0xMC4wLjAuMCwgQ3VsdHVyZT1uZXV0cmFsLCBQdWJsaWNLZXlUb2tlbj1iMDNmNWY3ZjExZDUwYTNhIiBWYXJpYWJsZU5hbWU9IlF1ZXJ5U3RyaW5nUGFyYW0xOC5PVEVtcElEIiBEaXNwbGF5TmFtZT0iIiBEZXNjcmlwdGlvbj0iIj4NCiAgICAgICAgICA8UnVsZVBhcmFtZXRlcnM+DQogICAgICAgICAgICA8UnVsZVBhcmFtZXRlciBOYW1lPSJTdGFydHNXaXRoIiBWYWx1ZT0iJmFtcDthbXA7T1RFbXBJRD0iIC8+DQogICAgICAgICAgICA8UnVsZVBhcmFtZXRlciBOYW1lPSJFbmRzV2l0aCIgVmFsdWU9IiZhbXA7IiAvPg0KICAgICAgICAgICAgPFJ1bGVQYXJhbWV0ZXIgTmFtZT0iSW5kZXgiIFZhbHVlPSIwIiAvPg0KICAgICAgICAgICAgPFJ1bGVQYXJhbWV0ZXIgTmFtZT0iSWdub3JlQ2FzZSIgVmFsdWU9IkZhbHNlIiAvPg0KICAgICAgICAgICAgPFJ1bGVQYXJhbWV0ZXIgTmFtZT0iVXNlUmVndWxhckV4cHJlc3Npb24iIFZhbHVlPSJGYWxzZSIgLz4NCiAgICAgICAgICAgIDxSdWxlUGFyYW1ldGVyIE5hbWU9Ikh0bWxEZWNvZGUiIFZhbHVlPSJUcnVlIiAvPg0KICAgICAgICAgICAgPFJ1bGVQYXJhbWV0ZXIgTmFtZT0iUmVxdWlyZWQiIFZhbHVlPSJGYWxzZSIgLz4NCiAgICAgICAgICA8L1J1bGVQYXJhbWV0ZXJzPg0KICAgICAgICA8L0V4dHJhY3Rpb25SdWxlPg0KICAgICAgICA8RXh0cmFjdGlvblJ1bGUgQ2xhc3NuYW1lPSJNaWNyb3NvZnQuVmlzdWFsU3R1ZGlvLlRlc3RUb29scy5XZWJUZXN0aW5nLlJ1bGVzLkV4dHJhY3RUZXh0LCBNaWNyb3NvZnQuVmlzdWFsU3R1ZGlvLlF1YWxpdHlUb29scy5XZWJUZXN0RnJhbWV3b3JrLCBWZXJzaW9uPTEwLjAuMC4wLCBDdWx0dXJlPW5ldXRyYWwsIFB1YmxpY0tleVRva2VuPWIwM2Y1ZjdmMTFkNTBhM2EiIFZhcmlhYmxlTmFtZT0iUXVlcnlTdHJpbmdQYXJhbTE5Lk9UU3RhcnREYXRlIiBEaXNwbGF5TmFtZT0iIiBEZXNjcmlwdGlvbj0iIj4NCiAgICAgICAgICA8UnVsZVBhcmFtZXRlcnM+DQogICAgICAgICAgICA8UnVsZVBhcmFtZXRlciBOYW1lPSJTdGFydHNXaXRoIiBWYWx1ZT0iJmFtcDthbXA7T1RTdGFydERhdGU9IiAvPg0KICAgICAgICAgICAgPFJ1bGVQYXJhbWV0ZXIgTmFtZT0iRW5kc1dpdGgiIFZhbHVlPSImYW1wOyIgLz4NCiAgICAgICAgICAgIDxSdWxlUGFyYW1ldGVyIE5hbWU9IkluZGV4IiBWYWx1ZT0iMCIgLz4NCiAgICAgICAgICAgIDxSdWxlUGFyYW1ldGVyIE5hbWU9Iklnbm9yZUNhc2UiIFZhbHVlPSJGYWxzZSIgLz4NCiAgICAgICAgICAgIDxSdWxlUGFyYW1ldGVyIE5hbWU9IlVzZVJlZ3VsYXJFeHByZXNzaW9uIiBWYWx1ZT0iRmFsc2UiIC8+DQogICAgICAgICAgICA8UnVsZVBhcmFtZXRlciBOYW1lPSJIdG1sRGVjb2RlIiBWYWx1ZT0iVHJ1ZSIgLz4NCiAgICAgICAgICAgIDxSdWxlUGFyYW1ldGVyIE5hbWU9IlJlcXVpcmVkIiBWYWx1ZT0iRmFsc2UiIC8+DQogICAgICAgICAgPC9SdWxlUGFyYW1ldGVycz4NCiAgICAgICAgPC9FeHRyYWN0aW9uUnVsZT4NCiAgICAgICAgPEV4dHJhY3Rpb25SdWxlIENsYXNzbmFtZT0iTWljcm9zb2Z0LlZpc3VhbFN0dWRpby5UZXN0VG9vbHMuV2ViVGVzdGluZy5SdWxlcy5FeHRyYWN0VGV4dCwgTWljcm9zb2Z0LlZpc3VhbFN0dWRpby5RdWFsaXR5VG9vbHMuV2ViVGVzdEZyYW1ld29yaywgVmVyc2lvbj0xMC4wLjAuMCwgQ3VsdHVyZT1uZXV0cmFsLCBQdWJsaWNLZXlUb2tlbj1iMDNmNWY3ZjExZDUwYTNhIiBWYXJpYWJsZU5hbWU9IlF1ZXJ5U3RyaW5nUGFyYW0yMC5PVEVuZERhdGUiIERpc3BsYXlOYW1lPSIiIERlc2NyaXB0aW9uPSIiPg0KICAgICAgICAgIDxSdWxlUGFyYW1ldGVycz4NCiAgICAgICAgICAgIDxSdWxlUGFyYW1ldGVyIE5hbWU9IlN0YXJ0c1dpdGgiIFZhbHVlPSImYW1wO2FtcDtPVEVuZERhdGU9IiAvPg0KICAgICAgICAgICAgPFJ1bGVQYXJhbWV0ZXIgTmFtZT0iRW5kc1dpdGgiIFZhbHVlPSImYW1wOyIgLz4NCiAgICAgICAgICAgIDxSdWxlUGFyYW1ldGVyIE5hbWU9IkluZGV4IiBWYWx1ZT0iMCIgLz4NCiAgICAgICAgICAgIDxSdWxlUGFyYW1ldGVyIE5hbWU9Iklnbm9yZUNhc2UiIFZhbHVlPSJGYWxzZSIgLz4NCiAgICAgICAgICAgIDxSdWxlUGFyYW1ldGVyIE5hbWU9IlVzZVJlZ3VsYXJFeHByZXNzaW9uIiBWYWx1ZT0iRmFsc2UiIC8+DQogICAgICAgICAgICA8UnVsZVBhcmFtZXRlciBOYW1lPSJIdG1sRGVjb2RlIiBWYWx1ZT0iVHJ1ZSIgLz4NCiAgICAgICAgICAgIDxSdWxlUGFyYW1ldGVyIE5hbWU9IlJlcXVpcmVkIiBWYWx1ZT0iRmFsc2UiIC8+DQogICAgICAgICAgPC9SdWxlUGFyYW1ldGVycz4NCiAgICAgICAgPC9FeHRyYWN0aW9uUnVsZT4NCiAgICAgICAgPEV4dHJhY3Rpb25SdWxlIENsYXNzbmFtZT0iTWljcm9zb2Z0LlZpc3VhbFN0dWRpby5UZXN0VG9vbHMuV2ViVGVzdGluZy5SdWxlcy5FeHRyYWN0VGV4dCwgTWljcm9zb2Z0LlZpc3VhbFN0dWRpby5RdWFsaXR5VG9vbHMuV2ViVGVzdEZyYW1ld29yaywgVmVyc2lvbj0xMC4wLjAuMCwgQ3VsdHVyZT1uZXV0cmFsLCBQdWJsaWNLZXlUb2tlbj1iMDNmNWY3ZjExZDUwYTNhIiBWYXJpYWJsZU5hbWU9IlF1ZXJ5U3RyaW5nUGFyYW0yMS5PVFN0YXJ0VGltZSIgRGlzcGxheU5hbWU9IiIgRGVzY3JpcHRpb249IiI+DQogICAgICAgICAgPFJ1bGVQYXJhbWV0ZXJzPg0KICAgICAgICAgICAgPFJ1bGVQYXJhbWV0ZXIgTmFtZT0iU3RhcnRzV2l0aCIgVmFsdWU9IiZhbXA7YW1wO09UU3RhcnRUaW1lPSIgLz4NCiAgICAgICAgICAgIDxSdWxlUGFyYW1ldGVyIE5hbWU9IkVuZHNXaXRoIiBWYWx1ZT0iJmFtcDsiIC8+DQogICAgICAgICAgICA8UnVsZVBhcmFtZXRlciBOYW1lPSJJbmRleCIgVmFsdWU9IjAiIC8+DQogICAgICAgICAgICA8UnVsZVBhcmFtZXRlciBOYW1lPSJJZ25vcmVDYXNlIiBWYWx1ZT0iRmFsc2UiIC8+DQogICAgICAgICAgICA8UnVsZVBhcmFtZXRlciBOYW1lPSJVc2VSZWd1bGFyRXhwcmVzc2lvbiIgVmFsdWU9IkZhbHNlIiAvPg0KICAgICAgICAgICAgPFJ1bGVQYXJhbWV0ZXIgTmFtZT0iSHRtbERlY29kZSIgVmFsdWU9IlRydWUiIC8+DQogICAgICAgICAgICA8UnVsZVBhcmFtZXRlciBOYW1lPSJSZXF1aXJlZCIgVmFsdWU9IkZhbHNlIiAvPg0KICAgICAgICAgIDwvUnVsZVBhcmFtZXRlcnM+DQogICAgICAgIDwvRXh0cmFjdGlvblJ1bGU+DQogICAgICAgIDxFeHRyYWN0aW9uUnVsZSBDbGFzc25hbWU9Ik1pY3Jvc29mdC5WaXN1YWxTdHVkaW8uVGVzdFRvb2xzLldlYlRlc3RpbmcuUnVsZXMuRXh0cmFjdFRleHQsIE1pY3Jvc29mdC5WaXN1YWxTdHVkaW8uUXVhbGl0eVRvb2xzLldlYlRlc3RGcmFtZXdvcmssIFZlcnNpb249MTAuMC4wLjAsIEN1bHR1cmU9bmV1dHJhbCwgUHVibGljS2V5VG9rZW49YjAzZjVmN2YxMWQ1MGEzYSIgVmFyaWFibGVOYW1lPSJRdWVyeVN0cmluZ1BhcmFtMjIuT1RFbmRUaW1lIiBEaXNwbGF5TmFtZT0iIiBEZXNjcmlwdGlvbj0iIj4NCiAgICAgICAgICA8UnVsZVBhcmFtZXRlcnM+DQogICAgICAgICAgICA8UnVsZVBhcmFtZXRlciBOYW1lPSJTdGFydHNXaXRoIiBWYWx1ZT0iJmFtcDthbXA7T1RFbmRUaW1lPSIgLz4NCiAgICAgICAgICAgIDxSdWxlUGFyYW1ldGVyIE5hbWU9IkVuZHNXaXRoIiBWYWx1ZT0iJmFtcDsiIC8+DQogICAgICAgICAgICA8UnVsZVBhcmFtZXRlciBOYW1lPSJJbmRleCIgVmFsdWU9IjAiIC8+DQogICAgICAgICAgICA8UnVsZVBhcmFtZXRlciBOYW1lPSJJZ25vcmVDYXNlIiBWYWx1ZT0iRmFsc2UiIC8+DQogICAgICAgICAgICA8UnVsZVBhcmFtZXRlciBOYW1lPSJVc2VSZWd1bGFyRXhwcmVzc2lvbiIgVmFsdWU9IkZhbHNlIiAvPg0KICAgICAgICAgICAgPFJ1bGVQYXJhbWV0ZXIgTmFtZT0iSHRtbERlY29kZSIgVmFsdWU9IlRydWUiIC8+DQogICAgICAgICAgICA8UnVsZVBhcmFtZXRlciBOYW1lPSJSZXF1aXJlZCIgVmFsdWU9IkZhbHNlIiAvPg0KICAgICAgICAgIDwvUnVsZVBhcmFtZXRlcnM+DQogICAgICAgIDwvRXh0cmFjdGlvblJ1bGU+DQogICAgICAgIDxFeHRyYWN0aW9uUnVsZSBDbGFzc25hbWU9Ik1pY3Jvc29mdC5WaXN1YWxTdHVkaW8uVGVzdFRvb2xzLldlYlRlc3RpbmcuUnVsZXMuRXh0cmFjdFRleHQsIE1pY3Jvc29mdC5WaXN1YWxTdHVkaW8uUXVhbGl0eVRvb2xzLldlYlRlc3RGcmFtZXdvcmssIFZlcnNpb249MTAuMC4wLjAsIEN1bHR1cmU9bmV1dHJhbCwgUHVibGljS2V5VG9rZW49YjAzZjVmN2YxMWQ1MGEzYSIgVmFyaWFibGVOYW1lPSJRdWVyeVN0cmluZ1BhcmFtMjQuT1RGb3JtTk8iIERpc3BsYXlOYW1lPSIiIERlc2NyaXB0aW9uPSIiPg0KICAgICAgICAgIDxSdWxlUGFyYW1ldGVycz4NCiAgICAgICAgICAgIDxSdWxlUGFyYW1ldGVyIE5hbWU9IlN0YXJ0c1dpdGgiIFZhbHVlPSImYW1wO2FtcDtPVEZvcm1OTz0iIC8+DQogICAgICAgICAgICA8UnVsZVBhcmFtZXRlciBOYW1lPSJFbmRzV2l0aCIgVmFsdWU9IiZxdW90OyIgLz4NCiAgICAgICAgICAgIDxSdWxlUGFyYW1ldGVyIE5hbWU9IkluZGV4IiBWYWx1ZT0iMCIgLz4NCiAgICAgICAgICAgIDxSdWxlUGFyYW1ldGVyIE5hbWU9Iklnbm9yZUNhc2UiIFZhbHVlPSJGYWxzZSIgLz4NCiAgICAgICAgICAgIDxSdWxlUGFyYW1ldGVyIE5hbWU9IlVzZVJlZ3VsYXJFeHByZXNzaW9uIiBWYWx1ZT0iRmFsc2UiIC8+DQogICAgICAgICAgICA8UnVsZVBhcmFtZXRlciBOYW1lPSJIdG1sRGVjb2RlIiBWYWx1ZT0iVHJ1ZSIgLz4NCiAgICAgICAgICAgIDxSdWxlUGFyYW1ldGVyIE5hbWU9IlJlcXVpcmVkIiBWYWx1ZT0iRmFsc2UiIC8+DQogICAgICAgICAgPC9SdWxlUGFyYW1ldGVycz4NCiAgICAgICAgPC9FeHRyYWN0aW9uUnVsZT4NCiAgICAgICAgPEV4dHJhY3Rpb25SdWxlIENsYXNzbmFtZT0iTWljcm9zb2Z0LlZpc3VhbFN0dWRpby5UZXN0VG9vbHMuV2ViVGVzdGluZy5SdWxlcy5FeHRyYWN0Rm9ybUZpZWxkLCBNaWNyb3NvZnQuVmlzdWFsU3R1ZGlvLlF1YWxpdHlUb29scy5XZWJUZXN0RnJhbWV3b3JrLCBWZXJzaW9uPTEwLjAuMC4wLCBDdWx0dXJlPW5ldXRyYWwsIFB1YmxpY0tleVRva2VuPWIwM2Y1ZjdmMTFkNTBhM2EiIFZhcmlhYmxlTmFtZT0iRm9ybVBvc3RQYXJhbTIxLmJ0blRlbXBTYXZlIiBEaXNwbGF5TmFtZT0iIiBEZXNjcmlwdGlvbj0iIj4NCiAgICAgICAgICA8UnVsZVBhcmFtZXRlcnM+DQogICAgICAgICAgICA8UnVsZVBhcmFtZXRlciBOYW1lPSJOYW1lIiBWYWx1ZT0iYnRuVGVtcFNhdmUiIC8+DQogICAgICAgICAgICA8UnVsZVBhcmFtZXRlciBOYW1lPSJIdG1sRGVjb2RlIiBWYWx1ZT0iVHJ1ZSIgLz4NCiAgICAgICAgICAgIDxSdWxlUGFyYW1ldGVyIE5hbWU9IlJlcXVpcmVkIiBWYWx1ZT0iRmFsc2UiIC8+DQogICAgICAgICAgICA8UnVsZVBhcmFtZXRlciBOYW1lPSJJbmRleCIgVmFsdWU9IjAiIC8+DQogICAgICAgICAgPC9SdWxlUGFyYW1ldGVycz4NCiAgICAgICAgPC9FeHRyYWN0aW9uUnVsZT4NCiAgICAgICAgPEV4dHJhY3Rpb25SdWxlIENsYXNzbmFtZT0iTWljcm9zb2Z0LlZpc3VhbFN0dWRpby5UZXN0VG9vbHMuV2ViVGVzdGluZy5SdWxlcy5FeHRyYWN0Rm9ybUZpZWxkLCBNaWNyb3NvZnQuVmlzdWFsU3R1ZGlvLlF1YWxpdHlUb29scy5XZWJUZXN0RnJhbWV3b3JrLCBWZXJzaW9uPTEwLjAuMC4wLCBDdWx0dXJlPW5ldXRyYWwsIFB1YmxpY0tleVRva2VuPWIwM2Y1ZjdmMTFkNTBhM2EiIFZhcmlhYmxlTmFtZT0iRm9ybVBvc3RQYXJhbTIyLnVjRGF0ZVN0YXJ0JHR4dERhdGUiIERpc3BsYXlOYW1lPSIiIERlc2NyaXB0aW9uPSIiPg0KICAgICAgICAgIDxSdWxlUGFyYW1ldGVycz4NCiAgICAgICAgICAgIDxSdWxlUGFyYW1ldGVyIE5hbWU9Ik5hbWUiIFZhbHVlPSJ1Y0RhdGVTdGFydF90eHREYXRlIiAvPg0KICAgICAgICAgICAgPFJ1bGVQYXJhbWV0ZXIgTmFtZT0iSHRtbERlY29kZSIgVmFsdWU9IlRydWUiIC8+DQogICAgICAgICAgICA8UnVsZVBhcmFtZXRlciBOYW1lPSJSZXF1aXJlZCIgVmFsdWU9IkZhbHNlIiAvPg0KICAgICAgICAgICAgPFJ1bGVQYXJhbWV0ZXIgTmFtZT0iSW5kZXgiIFZhbHVlPSIwIiAvPg0KICAgICAgICAgIDwvUnVsZVBhcmFtZXRlcnM+DQogICAgICAgIDwvRXh0cmFjdGlvblJ1bGU+DQogICAgICAgIDxFeHRyYWN0aW9uUnVsZSBDbGFzc25hbWU9Ik1pY3Jvc29mdC5WaXN1YWxTdHVkaW8uVGVzdFRvb2xzLldlYlRlc3RpbmcuUnVsZXMuRXh0cmFjdEZvcm1GaWVsZCwgTWljcm9zb2Z0LlZpc3VhbFN0dWRpby5RdWFsaXR5VG9vbHMuV2ViVGVzdEZyYW1ld29yaywgVmVyc2lvbj0xMC4wLjAuMCwgQ3VsdHVyZT1uZXV0cmFsLCBQdWJsaWNLZXlUb2tlbj1iMDNmNWY3ZjExZDUwYTNhIiBWYXJpYWJsZU5hbWU9IkZvcm1Qb3N0UGFyYW0yMy51Y0RhdGVFbmQkdHh0RGF0ZSIgRGlzcGxheU5hbWU9IiIgRGVzY3JpcHRpb249IiI+DQogICAgICAgICAgPFJ1bGVQYXJhbWV0ZXJzPg0KICAgICAgICAgICAgPFJ1bGVQYXJhbWV0ZXIgTmFtZT0iTmFtZSIgVmFsdWU9InVjRGF0ZUVuZF90eHREYXRlIiAvPg0KICAgICAgICAgICAgPFJ1bGVQYXJhbWV0ZXIgTmFtZT0iSHRtbERlY29kZSIgVmFsdWU9IlRydWUiIC8+DQogICAgICAgICAgICA8UnVsZVBhcmFtZXRlciBOYW1lPSJSZXF1aXJlZCIgVmFsdWU9IkZhbHNlIiAvPg0KICAgICAgICAgICAgPFJ1bGVQYXJhbWV0ZXIgTmFtZT0iSW5kZXgiIFZhbHVlPSIwIiAvPg0KICAgICAgICAgIDwvUnVsZVBhcmFtZXRlcnM+DQogICAgICAgIDwvRXh0cmFjdGlvblJ1bGU+DQogICAgICAgIDxFeHRyYWN0aW9uUnVsZSBDbGFzc25hbWU9Ik1pY3Jvc29mdC5WaXN1YWxTdHVkaW8uVGVzdFRvb2xzLldlYlRlc3RpbmcuUnVsZXMuRXh0cmFjdFRleHQsIE1pY3Jvc29mdC5WaXN1YWxTdHVkaW8uUXVhbGl0eVRvb2xzLldlYlRlc3RGcmFtZXdvcmssIFZlcnNpb249MTAuMC4wLjAsIEN1bHR1cmU9bmV1dHJhbCwgUHVibGljS2V5VG9rZW49YjAzZjVmN2YxMWQ1MGEzYSIgVmFyaWFibGVOYW1lPSJGb3JtUG9zdFBhcmFtMjQuT1RUaW1lU3RhcnQkZGRsSEgiIERpc3BsYXlOYW1lPSIiIERlc2NyaXB0aW9uPSIiPg0KICAgICAgICAgIDxSdWxlUGFyYW1ldGVycz4NCiAgICAgICAgICAgIDxSdWxlUGFyYW1ldGVyIE5hbWU9IlN0YXJ0c1dpdGgiIFZhbHVlPSJsdWU9JnF1b3Q7IiAvPg0KICAgICAgICAgICAgPFJ1bGVQYXJhbWV0ZXIgTmFtZT0iRW5kc1dpdGgiIFZhbHVlPSImcXVvdDsmZ3Q7MDAmbHQ7IiAvPg0KICAgICAgICAgICAgPFJ1bGVQYXJhbWV0ZXIgTmFtZT0iSW5kZXgiIFZhbHVlPSIyMyIgLz4NCiAgICAgICAgICAgIDxSdWxlUGFyYW1ldGVyIE5hbWU9Iklnbm9yZUNhc2UiIFZhbHVlPSJGYWxzZSIgLz4NCiAgICAgICAgICAgIDxSdWxlUGFyYW1ldGVyIE5hbWU9IlVzZVJlZ3VsYXJFeHByZXNzaW9uIiBWYWx1ZT0iRmFsc2UiIC8+DQogICAgICAgICAgICA8UnVsZVBhcmFtZXRlciBOYW1lPSJIdG1sRGVjb2RlIiBWYWx1ZT0iVHJ1ZSIgLz4NCiAgICAgICAgICAgIDxSdWxlUGFyYW1ldGVyIE5hbWU9IlJlcXVpcmVkIiBWYWx1ZT0iRmFsc2UiIC8+DQogICAgICAgICAgPC9SdWxlUGFyYW1ldGVycz4NCiAgICAgICAgPC9FeHRyYWN0aW9uUnVsZT4NCiAgICAgICAgPEV4dHJhY3Rpb25SdWxlIENsYXNzbmFtZT0iTWljcm9zb2Z0LlZpc3VhbFN0dWRpby5UZXN0VG9vbHMuV2ViVGVzdGluZy5SdWxlcy5FeHRyYWN0VGV4dCwgTWljcm9zb2Z0LlZpc3VhbFN0dWRpby5RdWFsaXR5VG9vbHMuV2ViVGVzdEZyYW1ld29yaywgVmVyc2lvbj0xMC4wLjAuMCwgQ3VsdHVyZT1uZXV0cmFsLCBQdWJsaWNLZXlUb2tlbj1iMDNmNWY3ZjExZDUwYTNhIiBWYXJpYWJsZU5hbWU9IkZvcm1Qb3N0UGFyYW0yNS5PVFRpbWVTdGFydCRkZGxNTSIgRGlzcGxheU5hbWU9IiIgRGVzY3JpcHRpb249IiI+DQogICAgICAgICAgPFJ1bGVQYXJhbWV0ZXJzPg0KICAgICAgICAgICAgPFJ1bGVQYXJhbWV0ZXIgTmFtZT0iU3RhcnRzV2l0aCIgVmFsdWU9Imx1ZT0mcXVvdDsiIC8+DQogICAgICAgICAgICA8UnVsZVBhcmFtZXRlciBOYW1lPSJFbmRzV2l0aCIgVmFsdWU9IiZxdW90OyZndDswMCZsdDsiIC8+DQogICAgICAgICAgICA8UnVsZVBhcmFtZXRlciBOYW1lPSJJbmRleCIgVmFsdWU9IjIzIiAvPg0KICAgICAgICAgICAgPFJ1bGVQYXJhbWV0ZXIgTmFtZT0iSWdub3JlQ2FzZSIgVmFsdWU9IkZhbHNlIiAvPg0KICAgICAgICAgICAgPFJ1bGVQYXJhbWV0ZXIgTmFtZT0iVXNlUmVndWxhckV4cHJlc3Npb24iIFZhbHVlPSJGYWxzZSIgLz4NCiAgICAgICAgICAgIDxSdWxlUGFyYW1ldGVyIE5hbWU9Ikh0bWxEZWNvZGUiIFZhbHVlPSJUcnVlIiAvPg0KICAgICAgICAgICAgPFJ1bGVQYXJhbWV0ZXIgTmFtZT0iUmVxdWlyZWQiIFZhbHVlPSJGYWxzZSIgLz4NCiAgICAgICAgICA8L1J1bGVQYXJhbWV0ZXJzPg0KICAgICAgICA8L0V4dHJhY3Rpb25SdWxlPg0KICAgICAgICA8RXh0cmFjdGlvblJ1bGUgQ2xhc3NuYW1lPSJNaWNyb3NvZnQuVmlzdWFsU3R1ZGlvLlRlc3RUb29scy5XZWJUZXN0aW5nLlJ1bGVzLkV4dHJhY3RUZXh0LCBNaWNyb3NvZnQuVmlzdWFsU3R1ZGlvLlF1YWxpdHlUb29scy5XZWJUZXN0RnJhbWV3b3JrLCBWZXJzaW9uPTEwLjAuMC4wLCBDdWx0dXJlPW5ldXRyYWwsIFB1YmxpY0tleVRva2VuPWIwM2Y1ZjdmMTFkNTBhM2EiIFZhcmlhYmxlTmFtZT0iRm9ybVBvc3RQYXJhbTI2Lk9UVGltZUVuZCRkZGxISCIgRGlzcGxheU5hbWU9IiIgRGVzY3JpcHRpb249IiI+DQogICAgICAgICAgPFJ1bGVQYXJhbWV0ZXJzPg0KICAgICAgICAgICAgPFJ1bGVQYXJhbWV0ZXIgTmFtZT0iU3RhcnRzV2l0aCIgVmFsdWU9Imx1ZT0mcXVvdDsiIC8+DQogICAgICAgICAgICA8UnVsZVBhcmFtZXRlciBOYW1lPSJFbmRzV2l0aCIgVmFsdWU9IiZxdW90OyZndDswMSZsdDsiIC8+DQogICAgICAgICAgICA8UnVsZVBhcmFtZXRlciBOYW1lPSJJbmRleCIgVmFsdWU9IjI0IiAvPg0KICAgICAgICAgICAgPFJ1bGVQYXJhbWV0ZXIgTmFtZT0iSWdub3JlQ2FzZSIgVmFsdWU9IkZhbHNlIiAvPg0KICAgICAgICAgICAgPFJ1bGVQYXJhbWV0ZXIgTmFtZT0iVXNlUmVndWxhckV4cHJlc3Npb24iIFZhbHVlPSJGYWxzZSIgLz4NCiAgICAgICAgICAgIDxSdWxlUGFyYW1ldGVyIE5hbWU9Ikh0bWxEZWNvZGUiIFZhbHVlPSJUcnVlIiAvPg0KICAgICAgICAgICAgPFJ1bGVQYXJhbWV0ZXIgTmFtZT0iUmVxdWlyZWQiIFZhbHVlPSJGYWxzZSIgLz4NCiAgICAgICAgICA8L1J1bGVQYXJhbWV0ZXJzPg0KICAgICAgICA8L0V4dHJhY3Rpb25SdWxlPg0KICAgICAgICA8RXh0cmFjdGlvblJ1bGUgQ2xhc3NuYW1lPSJNaWNyb3NvZnQuVmlzdWFsU3R1ZGlvLlRlc3RUb29scy5XZWJUZXN0aW5nLlJ1bGVzLkV4dHJhY3RUZXh0LCBNaWNyb3NvZnQuVmlzdWFsU3R1ZGlvLlF1YWxpdHlUb29scy5XZWJUZXN0RnJhbWV3b3JrLCBWZXJzaW9uPTEwLjAuMC4wLCBDdWx0dXJlPW5ldXRyYWwsIFB1YmxpY0tleVRva2VuPWIwM2Y1ZjdmMTFkNTBhM2EiIFZhcmlhYmxlTmFtZT0iRm9ybVBvc3RQYXJhbTI3Lk9UVGltZUVuZCRkZGxNTSIgRGlzcGxheU5hbWU9IiIgRGVzY3JpcHRpb249IiI+DQogICAgICAgICAgPFJ1bGVQYXJhbWV0ZXJzPg0KICAgICAgICAgICAgPFJ1bGVQYXJhbWV0ZXIgTmFtZT0iU3RhcnRzV2l0aCIgVmFsdWU9Imx1ZT0mcXVvdDsiIC8+DQogICAgICAgICAgICA8UnVsZVBhcmFtZXRlciBOYW1lPSJFbmRzV2l0aCIgVmFsdWU9IiZxdW90OyZndDswMCZsdDsiIC8+DQogICAgICAgICAgICA8UnVsZVBhcmFtZXRlciBOYW1lPSJJbmRleCIgVmFsdWU9IjIzIiAvPg0KICAgICAgICAgICAgPFJ1bGVQYXJhbWV0ZXIgTmFtZT0iSWdub3JlQ2FzZSIgVmFsdWU9IkZhbHNlIiAvPg0KICAgICAgICAgICAgPFJ1bGVQYXJhbWV0ZXIgTmFtZT0iVXNlUmVndWxhckV4cHJlc3Npb24iIFZhbHVlPSJGYWxzZSIgLz4NCiAgICAgICAgICAgIDxSdWxlUGFyYW1ldGVyIE5hbWU9Ikh0bWxEZWNvZGUiIFZhbHVlPSJUcnVlIiAvPg0KICAgICAgICAgICAgPFJ1bGVQYXJhbWV0ZXIgTmFtZT0iUmVxdWlyZWQiIFZhbHVlPSJGYWxzZSIgLz4NCiAgICAgICAgICA8L1J1bGVQYXJhbWV0ZXJzPg0KICAgICAgICA8L0V4dHJhY3Rpb25SdWxlPg0KICAgICAgICA8RXh0cmFjdGlvblJ1bGUgQ2xhc3NuYW1lPSJNaWNyb3NvZnQuVmlzdWFsU3R1ZGlvLlRlc3RUb29scy5XZWJUZXN0aW5nLlJ1bGVzLkV4dHJhY3RUZXh0LCBNaWNyb3NvZnQuVmlzdWFsU3R1ZGlvLlF1YWxpdHlUb29scy5XZWJUZXN0RnJhbWV3b3JrLCBWZXJzaW9uPTEwLjAuMC4wLCBDdWx0dXJlPW5ldXRyYWwsIFB1YmxpY0tleVRva2VuPWIwM2Y1ZjdmMTFkNTBhM2EiIFZhcmlhYmxlTmFtZT0iRm9ybVBvc3RQYXJhbTI4LmRkbE9UVHlwZUlEIiBEaXNwbGF5TmFtZT0iIiBEZXNjcmlwdGlvbj0iIj4NCiAgICAgICAgICA8UnVsZVBhcmFtZXRlcnM+DQogICAgICAgICAgICA8UnVsZVBhcmFtZXRlciBOYW1lPSJTdGFydHNXaXRoIiBWYWx1ZT0iJnF1b3Q7OCZxdW90OywmcXVvdDsiIC8+DQogICAgICAgICAgICA8UnVsZVBhcmFtZXRlciBOYW1lPSJFbmRzV2l0aCIgVmFsdWU9IiZxdW90O10sJnF1b3Q7RCIgLz4NCiAgICAgICAgICAgIDxSdWxlUGFyYW1ldGVyIE5hbWU9IkluZGV4IiBWYWx1ZT0iMCIgLz4NCiAgICAgICAgICAgIDxSdWxlUGFyYW1ldGVyIE5hbWU9Iklnbm9yZUNhc2UiIFZhbHVlPSJGYWxzZSIgLz4NCiAgICAgICAgICAgIDxSdWxlUGFyYW1ldGVyIE5hbWU9IlVzZVJlZ3VsYXJFeHByZXNzaW9uIiBWYWx1ZT0iRmFsc2UiIC8+DQogICAgICAgICAgICA8UnVsZVBhcmFtZXRlciBOYW1lPSJIdG1sRGVjb2RlIiBWYWx1ZT0iVHJ1ZSIgLz4NCiAgICAgICAgICAgIDxSdWxlUGFyYW1ldGVyIE5hbWU9IlJlcXVpcmVkIiBWYWx1ZT0iRmFsc2UiIC8+DQogICAgICAgICAgPC9SdWxlUGFyYW1ldGVycz4NCiAgICAgICAgPC9FeHRyYWN0aW9uUnVsZT4NCiAgICAgIDwvQ29ycmVsYXRpb25FeHRyYWN0aW9uUnVsZXM+DQogICAgICA8Rm9ybVBvc3RIdHRwQm9keT4NCiAgICAgICAgPEZvcm1Qb3N0UGFyYW1ldGVyIE5hbWU9IlRvb2xraXRTY3JpcHRNYW5hZ2VyMV9IaWRkZW5GaWVsZCIgVmFsdWU9Ijs7QWpheENvbnRyb2xUb29sa2l0LCBWZXJzaW9uPTQuMS43LjYwNywgQ3VsdHVyZT1uZXV0cmFsLCBQdWJsaWNLZXlUb2tlbj0yOGYwMWIwZTg0YjZkNTNlOnpoLUhhbnQ6N2I5NWVkMWEtNmEzZi00MWRkLWJjNWItNjNmMzllZGJjNGI0OmRlMWZlYWIyOmZjZjBlOTkzOmYyYzhlNzA4OjcyMGE1MmJmOmY5Y2VjOWJjOjU4OWVhYTMwOjY5ODEyOWNmOmZiOWI0YzU3OmNjYjk2Y2Y5OmE2N2MyNzAwOjg2MTNhZWE3OjMyMDJhNWEyOmFiMDllM2ZlOjg3MTA0YjdjOmJlNmZiMjk4IiBSZWNvcmRlZFZhbHVlPSI7O0FqYXhDb250cm9sVG9vbGtpdCwgVmVyc2lvbj00LjEuNy42MDcsIEN1bHR1cmU9bmV1dHJhbCwgUHVibGljS2V5VG9rZW49MjhmMDFiMGU4NGI2ZDUzZTp6aC1IYW50OjdiOTVlZDFhLTZhM2YtNDFkZC1iYzViLTYzZjM5ZWRiYzRiNDpkZTFmZWFiMjpmY2YwZTk5MzpmMmM4ZTcwODo3MjBhNTJiZjpmOWNlYzliYzo1ODllYWEzMDo2OTgxMjljZjpmYjliNGM1NzpjY2I5NmNmOTphNjdjMjcwMDo4NjEzYWVhNzozMjAyYTVhMjphYjA5ZTNmZTo4NzEwNGI3YzpiZTZmYjI5OCIgQ29ycmVsYXRpb25CaW5kaW5nPSIiIFVybEVuY29kZT0iVHJ1ZSIgLz4NCiAgICAgICAgPEZvcm1Qb3N0UGFyYW1ldGVyIE5hbWU9Il9fRVZFTlRUQVJHRVQiIFZhbHVlPSJ7eyRISURERU4xLl9fRVZFTlRUQVJHRVR9fSIgUmVjb3JkZWRWYWx1ZT0iIiBDb3JyZWxhdGlvbkJpbmRpbmc9IiIgVXJsRW5jb2RlPSJUcnVlIiAvPg0KICAgICAgICA8Rm9ybVBvc3RQYXJhbWV0ZXIgTmFtZT0iX19FVkVOVEFSR1VNRU5UIiBWYWx1ZT0ie3skSElEREVOMS5fX0VWRU5UQVJHVU1FTlR9fSIgUmVjb3JkZWRWYWx1ZT0iIiBDb3JyZWxhdGlvbkJpbmRpbmc9IiIgVXJsRW5jb2RlPSJUcnVlIiAvPg0KICAgICAgICA8Rm9ybVBvc3RQYXJhbWV0ZXIgTmFtZT0iX19MQVNURk9DVVMiIFZhbHVlPSJ7eyRISURERU4xLl9fTEFTVEZPQ1VTfX0iIFJlY29yZGVkVmFsdWU9IiIgQ29ycmVsYXRpb25CaW5kaW5nPSIiIFVybEVuY29kZT0iVHJ1ZSIgLz4NCiAgICAgICAgPEZvcm1Qb3N0UGFyYW1ldGVyIE5hbWU9Il9fVlNUQVRFIiBWYWx1ZT0ie3skSElEREVOMS5fX1ZTVEFURX19IiBSZWNvcmRlZFZhbHVlPSJBUitMQ0FBQUFBQUFCQURkV04xdkU5a1ZqeDJQWTV3UWh5MTI2YllkRHhMdEpNclgzUEZIdnBvSFlrT0pGakJOdkR3MGk2eXg1MkpQTTU1SlBlT0ErNENvMUN3cFpVVldHM2FicGFxMDBwYjlvS3lvVUtXVXBhditDWDNvUTUvUjJvbWYraWUwOTg2SFBZN0hUa2dnbFhBVSs4NjU1OTdmK1oxejdqbjIvYS9EZDhKSmtLbFVUSmJVZ2l3cWMvQ1hSYUVBTDhtS09zTmxGdCtDcFZRcTBFMzRzOHNYT0VFNmxWRkZCcHlLNVdCbThiUW9FZ0dMbUQyVnlTM0djcktzd0FaNXFJVTgzRUllYVNHUHRwQ1B0WkNQdDVCUDJNc0IwMElPTEhLM0x2ZjlaTENqcDlQdDkzb1N5WmljWDVxTmR5V1NaL0NuTzVHTWN5cEVIMGtoRDNzU3lYbVZVNHZLUlM0UHU1Rk1WamtSVHlEMTVIVnBOdTR4RmREZ3JGeklYMHg0ejRyeXRSaW5RTFRuOGNFT0wvNG4zUE9YenMyOEJRZzNZRmdBSmdnL3k0Q3hVU1l5Q3NDTitwRG9acGhKaHJuQkFQUk91Q3NmUHl3LytuMy93TUo4U1ZGaGZpUU9NMEtlRTRlb3ZKS1JDNktRSHFJdXc0SWl5TkowZUlUQmYwTlVyQ2lxeFFLY2xtQlJMV0RkUzhXMEtHUlFGaVRsUlNoTnA4Zkd1RWdtRWdVVG9UQmt4aWM2d1FoREJIVHJkTnV3T1V3RWdFaUVjQUNpejN5TU12bzBiTWNuUE1xYWZQQlE1eE85Z2Q0Uk9aUFBvS3VUR1FFMm9HRVdNS0FCRkl3ZkNtaW9BWlFGOXFBZ09oRVpQd2lvdGtFTmxLMkRhc1QzeEJSRWI5U0hDQlJvNmNKYTB3V0Iyc2MwREtLc0phWmhFRDRrMEdnalUvWlFRTWNhWTNvNG9PTU5vS0c5SFptRGdrNDBncmJNWG5UYUR3S3FiV0NDV3MrcE5YczlUZ2Z2STd5b3VxREhhQ1FjOWdVQ3BEc09sOVRaT1BFbXpURE1Ud0ZERDJrRHhqSWczMGdVc3Jod25oY1VGUTA1VkZvSkowMlR2YWxMWEJiT0tyaTJucGV6T2RKdkNINVdoSVhTdkZvUXBLd21kK3RsM0dSTW5qVDBUaGRWK2ZUU2tsZzZrMDlESHN0aWloSVRPVVhKa3JTaGd6dUNpdjduTTZpQmlxaHpDaW9xcWduSjdLRlowcXRUd0JaQ3N0dGlLL0ZscndKRm1GR3ArT3g4Y3ZaaUxFbGxVTzJucUdzNUtGR0pNRFB5OXBMQmh4SVVTcEpWU2lxS0lxVTJUME1ScmFOcENrbzh4U2w0c2pZM0pDaDRWVDllWUlwb2VzQlFNeVZXNEZCNzRGQTc0SkFOY0tnWk9HUUx6TFlIWnRzQnN6YkFiRE13YXdzTTJnT0RKdUIrYmJXK3VPM2FmaVBDZFpXckJUbFB3WE56Ritiak02blo1Rng4WklGUHkxZEdGalFGNFZjY3poK2NJbGZ3L2dWSUdRdW5yVUFEbWhrNi9ZR2FENERGQnhaNjJNVFc1SnE0bWQ0RGpkNnJnN1NBYU9mQmRwRnJEcHpGWUROd1NOUkd5Y1prbXh5d3lVZjdzNEZmR0RRdVg1TjJvbXFrTFE3VjZOZVphaU9kNGZQMTllZnJOMmxxc0s0OVNBL1R0VWY4dFJBN3djWjZYUTlZRkczNDZFcXNuVkpvaDFMSVRpbThReWxzVmJMemdtYndDNlJ2Z2hMaFZaWDZoU3hJZTEwUlppZ1paeE95WlU0V1lVem00VFFkWm1pS1E4bGlzWmlhVHRTR0x3d1NNa0JDVnBDUUNSSjZPU0NzQWNKYVFWZ1RoSDA1SU1BQUFWWVFZSUtBbHdOaVlGZ2hHRm9Ec04zZktGcjFpb09LSUQ3RWlRSVBDMVM2Wk8wNmxqNWdxY3lXRWxNNzlSVFpoVVphMS9TWVh3VkluOW1Eb2NvbHVheVNEVGlkblQ0K2NCeTkrd0pPMU8vUEM5bWNPaU5mbnlsQWJ2R014S1ZGeU9mNGdQTXEwbkk1SFpwVzEyVkJFZEJFanVlZGhDWnhKZUYxbFRpeHZYRnZhKzNkYnpjZi9lZlpuZTJIdjl2Ni9MM3lOeXZQYno1QWVqL0Nlc0dqUkUvbDhlYjJYOWFxdDI5dWYzSUh5UWNNdWUvYnAwL0x0Kzl2UDdsVmVicUc5a0ZUdzhhVUgwMWgrYjNOeWdjZlYyNzlkbXY5ODYzUDNrY0tvejdETUV5aWorY0RqcXU4RTVoQ054YjZBaDZ5Ri8zRTVDNXpZaEdlRmFESUV5NGNFdklvbG1LemRhRUhDL0Y1SmJ0VEovSFVqRnlVK0N6WlZmTkJuOTk1YkJpOUVMSHFyNUVwdC9CRFFQOUtOYnpEZXIrenc2M1BIQi9zZEdhem1tV0VaazZ3VnpjZzZLdGpCdnV5d1dNdkFhRnIvd2lBR2Q3KzhNdnF5cCszSHR3dHIzNkJIR3dpQUN0Q3lQU3V4L0F1QXZQVzh4TkJIbTJvZmpWY1J6T3UzOUdCZG5ic2NJNjNudUw3MzYycnZodDc4TjJPbUx0MVcvcmIvcmNiMHpMV3FSMG9mT3k4S09Yd0xRaisxczJwUkU4SnZkNFp2WERoblZHZUo3MnBlWlVycU5vdFNjYy9oRHYzLy9WUEQrbEpuWkY0UXpUakNqNzZ0d2R0TWF2TVFZNVBTR0lwaHhTU3Npd21oU1ZpZUtINjlSOHJIOXkrUXBYZmYxYSsrN0R5MFo4cTk5OUY1M09oZW45RGsxYzJWNm9ibjVaWFBpdC85VGY5akdQekhJZ3pqOCs2TEdWRUliTkkvUHh0VlJCVHNkd2lLZzVKT1pzVm9WWUZCRkZRUy8yMGVsM1ZyM0ptWUZhUVVwbmNZbjJXSHFKMnp2UENNajVqcDFHUm9RZW1lSFNXbmJpTUVJcGFFaUVSWElZRlZjaHc0akFuQ2xscFVwV1hwcFpyMjAxTzFRdlIvbGlpbFY1WjR0T2l6cXhYelFuS3lESXVFTk0wUGNXam9BVGNwTnMySEVlYW9uRU9sNGlHWUp6RCtZZkNHbnlqY1hId083VUlCby9YSWhmMDU0S0JnNFlwK0YzaTh0N2lnMnh0RXgwOGF4K2I0SWs5aHlYNHZSZU9SL0JOK3lnRXY3L0RoVCtvdVQzNFE0dS9KL0FWNDdIT0RsL0FoWTRoTHVHektzekhVQWxYblY3ZTBSZm93SDg5NkZkNmgxNitBcHFwTHZJSS9zVVprMFc1NFAzVVFicFNKK2RubkI3Y0Q1MkdlL1VXNUFBOHI3ZEk5TkIwUzZkNXgzOU5MdkREYWR3Mko3VjM1Q1VSMFhBWnE0d2YrbWJMeEJKOU5aSzREVWxYK2VzUEUxdmZmTUhyR2FUMXkrcktlK1cxMWZMajFjb25xMGp1TVp1aTdaMG1qNHVWcm1DOTNVUmlyeUhHdHd6b3NkdTA0Y2RTV2xtYTBvS01uUmRFYmdoU3RpNWc3VnhnM2htK1NoY0V5azhlb3dRYXJmeGh0ZnowSGhwdC9YV3R2UG1rMlJrN3JnbDNPc080TUxRNmd4a0J0czdvM00wWklUdG5tSGVacjVrelhMczVJOXprRE1zdDFiNmRvVjNnV3AxUmZmQlZvcnJ4OS8rdk00amRuQkZwZGtiOTd2ZFZab2E3ZlBQWjF0MUhkdVFiN2g4YnlOZHZJdmRTSTl5N2tZL2FaZ0w3V3BEdjJvMzhtRzFOZUQzSWUzWWpQMjVIUG5RSURmSVF5Qi9aamZ5RUxmblg0OHg3ZHlIdkJNd3JLdi9NZUFQNzZzYVR4TmI2Ync2WHZTN3B3VGNkVXhwdFpES3ZjVHJLQzhxU3lKVW1KVm1DVS96L0FJYzlWd2dhSUFBQSIgQ29ycmVsYXRpb25CaW5kaW5nPSIiIFVybEVuY29kZT0iVHJ1ZSIgLz4NCiAgICAgICAgPEZvcm1Qb3N0UGFyYW1ldGVyIE5hbWU9Il9fVklFV1NUQVRFIiBWYWx1ZT0ie3skSElEREVOMS5fX1ZJRVdTVEFURX19IiBSZWNvcmRlZFZhbHVlPSIiIENvcnJlbGF0aW9uQmluZGluZz0iIiBVcmxFbmNvZGU9IlRydWUiIC8+DQogICAgICAgIDxGb3JtUG9zdFBhcmFtZXRlciBOYW1lPSJfX1NDUk9MTFBPU0lUSU9OWCIgVmFsdWU9Int7JEhJRERFTjEuX19TQ1JPTExQT1NJVElPTlh9fSIgUmVjb3JkZWRWYWx1ZT0iMCIgQ29ycmVsYXRpb25CaW5kaW5nPSIiIFVybEVuY29kZT0iVHJ1ZSIgLz4NCiAgICAgICAgPEZvcm1Qb3N0UGFyYW1ldGVyIE5hbWU9Il9fU0NST0xMUE9TSVRJT05ZIiBWYWx1ZT0ie3skSElEREVOMS5fX1NDUk9MTFBPU0lUSU9OWX19IiBSZWNvcmRlZFZhbHVlPSIwIiBDb3JyZWxhdGlvbkJpbmRpbmc9IiIgVXJsRW5jb2RlPSJUcnVlIiAvPg0KICAgICAgICA8Rm9ybVBvc3RQYXJhbWV0ZXIgTmFtZT0iX19WSUVXU1RBVEVFTkNSWVBURUQiIFZhbHVlPSJ7eyRISURERU4xLl9fVklFV1NUQVRFRU5DUllQVEVEfX0iIFJlY29yZGVkVmFsdWU9IiIgQ29ycmVsYXRpb25CaW5kaW5nPSIiIFVybEVuY29kZT0iVHJ1ZSIgLz4NCiAgICAgICAgPEZvcm1Qb3N0UGFyYW1ldGVyIE5hbWU9Il9fRVZFTlRWQUxJREFUSU9OIiBWYWx1ZT0ie3skSElEREVOMS5fX0VWRU5UVkFMSURBVElPTn19IiBSZWNvcmRlZFZhbHVlPSJIaEVGVmg3bDlKM2ZDS1dHNGM0UFpqODJzZEVZd1J5K010WFBiNWpIeTZtUmdlcWVweE1IZ0dyNFBNTzRZb3gxVmp3WEo5bFhhcWJYR21aTjFuWTJjUjVvbUplK2o4d1RvcmhISUZNV0lRY1Vqdm9VWTRPUUk3YWV1NUkrWU5yeExUWlF1VGROTGRjcnZFV1h6Qmh6QWZZSEV2ZmFrTWdUQWVTbDBNQ3puMlNiNU9LRDhuWFoyUWpaSkhvUHhIN29idkZhaUhOaVU3aTlLcTNXcWZMazVtNVZ4OEJYMXlmRHFkRkpZYVpFbHRXajNFZ2Nib1RGY0RuSVlnWmp1aWpuWFI3UnpUVHloQ09VZHJBRGRIa3ZnWlB3NnRJZHB3MFEzN0ZIcGZNSW96Ykl4WENUTUQ5bUM1bG5kejg1Mzkzc1NLNUQxUmM5cUlXUVA3eFpqcmVBa0M2WEVwOUxjQTk3YytsV1BuVHd3WmhxcDdVMFZOK0E0VkYrN0JIYU1qNHB4SlFmazZJVU1XbS9QMHhyS2pwakNnS0JBbWlWTGJzckV5S0o4ZWZvTnlqNHZmQzQ1QkhDRmtOV2xXS2xRak9XcE9TcGVka2grYUo0ZERnMWFwS2xqZjRtSlNxL3M4WVZaWC9Ca2FzSlhmVWJ5R21kVG1MSHhQWlEyelJTRWY5bVFmTHFxOUZvRTBzV1ZDYmlRd1pNb2RKT1lWMVpWMldsY2JGS1lXNlpZM3c3TmpUeFFtanlBSmsvQ3FCMjZLV3dCdHYvZUlZOWdIK0ZhYnpHdytpMzI5Yjh3Yzc0UjVyaDkzVXdaQ1BEQXpINjNRb0VLUTBKUWI0UFpJL1VyS1hIaHhhc0FRbzBFY3FUZFpndHpvMnQxWDZ1dG1Ja25PYWxkbzNFZjJrMXVEZVlMS2J0b1FDbTFnWXV4cFZVT2IrTGhxVTVjeS9XdzdmaTJGY2hWU2hUMllON0IwM3NRdzUrT0VFYkV5UXZCa1hyUkhVYXVicSttM21vOGFlazZuY0gyMk9sdDJiTnlrUlBQQTAyNFR3UFZ0Kzc0dDZKYXlDMm1yczI2RW51Y0xDaW5KRVF2YlZCcTZscGQxVmpZU0RhdE1Nd1Z1eU5hTFJUTDZQb2puVnpha3UvN1VMWUV3aHBoelQvcGFNRkUzMmhwSlVNTlRHNmtCQlh5SE1NSmIwKzgremN4NzZPRzJiZHh5ZGpTdzZmdUVPQ2NXOU51Y1psMkV1eUtqdzhDOTA3ZDl2eFRhTnFESkNYRUlMQ0tvdVlWc0RUbC83dUhPWDN4TmN1TFpMSnBINjBWQlFDTEZwZEtnVnJndklKY0xLRHNNblByOFBobHNqc0xseTJtWEttZUUxUlpZb1p2c25FeXJQWlhiYXJhK2d4eEFETVVvc0UzWThCVm5VcUs1WjBvV2dRSlhSQk81MHVoUnZldTM5SUdBWlNKSURxb1U1MUpYZmsvdFpISDY5cnRvd3BST2IzUGdSUE14TG0vVjErU1IrS3g2eUNrU09SNmZZakZpU21Sckc5dXJUejFkZjZpZUVrU3R5b3NXaytmMUMvQ1VzS2Nra3JLMDRZTzFIdGU1djZCT2dMem9Td3B5eEMxaWNjdU9zMFR5MVdjRHNCbEp1QmMzcVdCL2NjZTZKUWhKSnR3RGtlWWpJZE1SemNmaGQ5THpCSlpXa3A2MFhwZGpra1Z4RFhtVjUrekV2cFA3bmVGWHJGZCthREhOUk9LZTFzMHZpcllpMTFvd2lQb21rT1VBSU5lRUZLMkxCRUJTNHh2OWNhVDRVVmw5ZExRQ2doTXpNWVYyNVlFTldQUWU0KzI1aW5OalcxQnN4Ukl2MU9xVHE4aHpON0VNajhyL1N2d1ZBZ1pPV09oaGs2QnRYMng4b09FTnBzUUJ1a3BqaXNuM2VNMWZvVWF3cmxqa25sV09RTXBUZnJ3c2ZGMVZNb0Y3aDVHU3FlUWo4dW5CMVQxMldOMWwvRzJZWUl6eE5LbC83SHNoY1dON2t1L0dUWit0c3dGQ0ZIeUdXek1PdkcxNmd2K2RLaGlpNzdvRGROWkUxYmpKd2RzMTR1MVFaR3dJOTZ3aUsxUUpicHQ2Qk1vSmV4aExHU0dGN2ovYXpMR2FFOWdVMVNhcU1sbE8yeHFDWW5nU0pMRHZzPSIgQ29ycmVsYXRpb25CaW5kaW5nPSIiIFVybEVuY29kZT0iVHJ1ZSIgLz4NCiAgICAgICAgPEZvcm1Qb3N0UGFyYW1ldGVyIE5hbWU9IlNjcmVlbldpZHRoIiBWYWx1ZT0ie3skSElEREVOMS5TY3JlZW5XaWR0aH19IiBSZWNvcmRlZFZhbHVlPSIiIENvcnJlbGF0aW9uQmluZGluZz0iIiBVcmxFbmNvZGU9IlRydWUiIC8+DQogICAgICAgIDxGb3JtUG9zdFBhcmFtZXRlciBOYW1lPSJTY3JlZW5IZWlnaHQiIFZhbHVlPSJ7eyRISURERU4xLlNjcmVlbkhlaWdodH19IiBSZWNvcmRlZFZhbHVlPSIiIENvcnJlbGF0aW9uQmluZGluZz0iIiBVcmxFbmNvZGU9IlRydWUiIC8+DQogICAgICAgIDxGb3JtUG9zdFBhcmFtZXRlciBOYW1lPSJidG5VcGRhdGUiIFZhbHVlPSLkv67mlLkiIFJlY29yZGVkVmFsdWU9IuS/ruaUuSIgQ29ycmVsYXRpb25CaW5kaW5nPSJ7e0Zvcm1Qb3N0UGFyYW0yOS5idG5VcGRhdGV9fSIgVXJsRW5jb2RlPSJUcnVlIiAvPg0KICAgICAgICA8Rm9ybVBvc3RQYXJhbWV0ZXIgTmFtZT0iZGRsT3JnQW5kRmxvdyIgVmFsdWU9IiIgUmVjb3JkZWRWYWx1ZT0iIiBDb3JyZWxhdGlvbkJpbmRpbmc9IiIgVXJsRW5jb2RlPSJUcnVlIiAvPg0KICAgICAgICA8Rm9ybVBvc3RQYXJhbWV0ZXIgTmFtZT0iZGRsUXVlcnlDb25kaXRpb25zIiBWYWx1ZT0iMCIgUmVjb3JkZWRWYWx1ZT0iMCIgQ29ycmVsYXRpb25CaW5kaW5nPSJ7e0Zvcm1Qb3N0UGFyYW0zMS5kZGxRdWVyeUNvbmRpdGlvbnN9fSIgVXJsRW5jb2RlPSJUcnVlIiAvPg0KICAgICAgICA8Rm9ybVBvc3RQYXJhbWV0ZXIgTmFtZT0idHh0T1RFbXBJRCIgVmFsdWU9IjEwMjExOSIgUmVjb3JkZWRWYWx1ZT0iMTAyMTE5IiBDb3JyZWxhdGlvbkJpbmRpbmc9Int7Rm9ybVBvc3RQYXJhbTMwLnR4dE9URW1wSUR9fSIgVXJsRW5jb2RlPSJUcnVlIiAvPg0KICAgICAgICA8Rm9ybVBvc3RQYXJhbWV0ZXIgTmFtZT0idHh0T1RFbXBOYW1lIiBWYWx1ZT0iIiBSZWNvcmRlZFZhbHVlPSIiIENvcnJlbGF0aW9uQmluZGluZz0iIiBVcmxFbmNvZGU9IlRydWUiIC8+DQogICAgICAgIDxGb3JtUG9zdFBhcmFtZXRlciBOYW1lPSJ0eHRPVEZvcm1OTyIgVmFsdWU9IiIgUmVjb3JkZWRWYWx1ZT0iIiBDb3JyZWxhdGlvbkJpbmRpbmc9IiIgVXJsRW5jb2RlPSJUcnVlIiAvPg0KICAgICAgICA8Rm9ybVBvc3RQYXJhbWV0ZXIgTmFtZT0iZGRsT1RTdGF0dXMiIFZhbHVlPSIxIiBSZWNvcmRlZFZhbHVlPSIxIiBDb3JyZWxhdGlvbkJpbmRpbmc9Int7Rm9ybVBvc3RQYXJhbTMyLmRkbE9UU3RhdHVzfX0iIFVybEVuY29kZT0iVHJ1ZSIgLz4NCiAgICAgICAgPEZvcm1Qb3N0UGFyYW1ldGVyIE5hbWU9InR4dE9URGF0ZUJlZ2luJHR4dERhdGUiIFZhbHVlPSIiIFJlY29yZGVkVmFsdWU9IiIgQ29ycmVsYXRpb25CaW5kaW5nPSIiIFVybEVuY29kZT0iVHJ1ZSIgLz4NCiAgICAgICAgPEZvcm1Qb3N0UGFyYW1ldGVyIE5hbWU9InR4dE9URGF0ZUVuZCR0eHREYXRlIiBWYWx1ZT0iIiBSZWNvcmRlZFZhbHVlPSIiIENvcnJlbGF0aW9uQmluZGluZz0iIiBVcmxFbmNvZGU9IlRydWUiIC8+DQogICAgICAgIDxGb3JtUG9zdFBhcmFtZXRlciBOYW1lPSJndk1haW4kY3RsMDIkY2hrQ2hvb3NlIiBWYWx1ZT0ib24iIFJlY29yZGVkVmFsdWU9Im9uIiBDb3JyZWxhdGlvbkJpbmRpbmc9IiIgVXJsRW5jb2RlPSJUcnVlIiAvPg0KICAgICAgICA8Rm9ybVBvc3RQYXJhbWV0ZXIgTmFtZT0idWNNb2RhbFBvcHVwMSRDbGllbnRXaWR0aCIgVmFsdWU9Int7JEhJRERFTjEudWNNb2RhbFBvcHVwMSRDbGllbnRXaWR0aH19IiBSZWNvcmRlZFZhbHVlPSIwIiBDb3JyZWxhdGlvbkJpbmRpbmc9IiIgVXJsRW5jb2RlPSJUcnVlIiAvPg0KICAgICAgICA8Rm9ybVBvc3RQYXJhbWV0ZXIgTmFtZT0idWNNb2RhbFBvcHVwMSRDbGllbnRIZWlnaHQiIFZhbHVlPSJ7eyRISURERU4xLnVjTW9kYWxQb3B1cDEkQ2xpZW50SGVpZ2h0fX0iIFJlY29yZGVkVmFsdWU9IjAiIENvcnJlbGF0aW9uQmluZGluZz0iIiBVcmxFbmNvZGU9IlRydWUiIC8+DQogICAgICA8L0Zvcm1Qb3N0SHR0cEJvZHk+DQogICAgPC9SZXF1ZXN0Pg0KICAgIDxSZXF1ZXN0IE1ldGhvZD0iUE9TVCIgR3VpZD0iNWExM2RkMDAtZjhhNS00NmMwLWE2ZjgtODJmNmQ3OWYzNTRjIiBWZXJzaW9uPSIxLjEiIFVybD0iaHR0cDovLzEwLjExLjM2LjExNDo4MDA3L092ZXJUaW1lL092ZXJ0aW1lUHJlT3JkZXJfTW9kaWZ5LmFzcHgiIFRoaW5rVGltZT0iMyIgVGltZW91dD0iMzAwIiBQYXJzZURlcGVuZGVudFJlcXVlc3RzPSJUcnVlIiBGb2xsb3dSZWRpcmVjdHM9IlRydWUiIFJlY29yZFJlc3VsdD0iVHJ1ZSIgQ2FjaGU9IkZhbHNlIiBSZXNwb25zZVRpbWVHb2FsPSIwIiBFbmNvZGluZz0idXRmLTgiIEV4cGVjdGVkSHR0cFN0YXR1c0NvZGU9IjAiIEV4cGVjdGVkUmVzcG9uc2VVcmw9IiIgUmVwb3J0aW5nTmFtZT0iIiBJZ25vcmVIdHRwU3RhdHVzQ29kZT0iRmFsc2UiPg0KICAgICAgPEV4dHJhY3Rpb25SdWxlcz4NCiAgICAgICAgPEV4dHJhY3Rpb25SdWxlIENsYXNzbmFtZT0iTWljcm9zb2Z0LlZpc3VhbFN0dWRpby5UZXN0VG9vbHMuV2ViVGVzdGluZy5SdWxlcy5FeHRyYWN0SGlkZGVuRmllbGRzLCBNaWNyb3NvZnQuVmlzdWFsU3R1ZGlvLlF1YWxpdHlUb29scy5XZWJUZXN0RnJhbWV3b3JrLCBWZXJzaW9uPTEwLjAuMC4wLCBDdWx0dXJlPW5ldXRyYWwsIFB1YmxpY0tleVRva2VuPWIwM2Y1ZjdmMTFkNTBhM2EiIFZhcmlhYmxlTmFtZT0iMSIgRGlzcGxheU5hbWU9IuaTt+WPlumaseiXj+ashOS9jSIgRGVzY3JpcHRpb249IuaTt+WPluWbnuaHieS4reeahOaJgOaciemaseiXj+ashOS9je+8jOS4puWwh+Wug+WAkeaUvuWcqOa4rOippuWFp+WuueS4reOAgiI+DQogICAgICAgICAgPFJ1bGVQYXJhbWV0ZXJzPg0KICAgICAgICAgICAgPFJ1bGVQYXJhbWV0ZXIgTmFtZT0iUmVxdWlyZWQiIFZhbHVlPSJUcnVlIiAvPg0KICAgICAgICAgICAgPFJ1bGVQYXJhbWV0ZXIgTmFtZT0iSHRtbERlY29kZSIgVmFsdWU9IlRydWUiIC8+DQogICAgICAgICAgPC9SdWxlUGFyYW1ldGVycz4NCiAgICAgICAgPC9FeHRyYWN0aW9uUnVsZT4NCiAgICAgICAgPEV4dHJhY3Rpb25SdWxlIENsYXNzbmFtZT0iTWljcm9zb2Z0LlZpc3VhbFN0dWRpby5UZXN0VG9vbHMuV2ViVGVzdGluZy5SdWxlcy5FeHRyYWN0VGV4dCwgTWljcm9zb2Z0LlZpc3VhbFN0dWRpby5RdWFsaXR5VG9vbHMuV2ViVGVzdEZyYW1ld29yaywgVmVyc2lvbj0xMC4wLjAuMCwgQ3VsdHVyZT1uZXV0cmFsLCBQdWJsaWNLZXlUb2tlbj1iMDNmNWY3ZjExZDUwYTNhIiBWYXJpYWJsZU5hbWU9IlF1ZXJ5U3RyaW5nUGFyYW0xNS5PVFR4bklEIiBEaXNwbGF5TmFtZT0i5pO35Y+W5paH5a2XIiBEZXNjcmlwdGlvbj0i5b6e5Zue5oeJ5Lit5pO35Y+W5paH5a2X77yM5Lim5bCH5a6D5pS+5YWl5ris6Kmm5YWn5a655Lit44CCIj4NCiAgICAgICAgICA8UnVsZVBhcmFtZXRlcnM+DQogICAgICAgICAgICA8UnVsZVBhcmFtZXRlciBOYW1lPSJTdGFydHNXaXRoIiBWYWx1ZT0iJmFtcDthbXA7T1RUeG5JRD0iIC8+DQogICAgICAgICAgICA8UnVsZVBhcmFtZXRlciBOYW1lPSJFbmRzV2l0aCIgVmFsdWU9IiZhbXA7IiAvPg0KICAgICAgICAgICAgPFJ1bGVQYXJhbWV0ZXIgTmFtZT0iSW5kZXgiIFZhbHVlPSIwIiAvPg0KICAgICAgICAgICAgPFJ1bGVQYXJhbWV0ZXIgTmFtZT0iSWdub3JlQ2FzZSIgVmFsdWU9IkZhbHNlIiAvPg0KICAgICAgICAgICAgPFJ1bGVQYXJhbWV0ZXIgTmFtZT0iVXNlUmVndWxhckV4cHJlc3Npb24iIFZhbHVlPSJGYWxzZSIgLz4NCiAgICAgICAgICAgIDxSdWxlUGFyYW1ldGVyIE5hbWU9Ikh0bWxEZWNvZGUiIFZhbHVlPSJUcnVlIiAvPg0KICAgICAgICAgICAgPFJ1bGVQYXJhbWV0ZXIgTmFtZT0iUmVxdWlyZWQiIFZhbHVlPSJGYWxzZSIgLz4NCiAgICAgICAgICA8L1J1bGVQYXJhbWV0ZXJzPg0KICAgICAgICA8L0V4dHJhY3Rpb25SdWxlPg0KICAgICAgPC9FeHRyYWN0aW9uUnVsZXM+DQogICAgICA8Q29ycmVsYXRpb25FeHRyYWN0aW9uUnVsZXM+DQogICAgICAgIDxFeHRyYWN0aW9uUnVsZSBDbGFzc25hbWU9Ik1pY3Jvc29mdC5WaXN1YWxTdHVkaW8uVGVzdFRvb2xzLldlYlRlc3RpbmcuUnVsZXMuRXh0cmFjdFRleHQsIE1pY3Jvc29mdC5WaXN1YWxTdHVkaW8uUXVhbGl0eVRvb2xzLldlYlRlc3RGcmFtZXdvcmssIFZlcnNpb249MTAuMC4wLjAsIEN1bHR1cmU9bmV1dHJhbCwgUHVibGljS2V5VG9rZW49YjAzZjVmN2YxMWQ1MGEzYSIgVmFyaWFibGVOYW1lPSJRdWVyeVN0cmluZ1BhcmFtOS5PVENvbXBJRCIgRGlzcGxheU5hbWU9IiIgRGVzY3JpcHRpb249IiI+DQogICAgICAgICAgPFJ1bGVQYXJhbWV0ZXJzPg0KICAgICAgICAgICAgPFJ1bGVQYXJhbWV0ZXIgTmFtZT0iU3RhcnRzV2l0aCIgVmFsdWU9Ij9PVENvbXBJRD0iIC8+DQogICAgICAgICAgICA8UnVsZVBhcmFtZXRlciBOYW1lPSJFbmRzV2l0aCIgVmFsdWU9IiZhbXA7IiAvPg0KICAgICAgICAgICAgPFJ1bGVQYXJhbWV0ZXIgTmFtZT0iSW5kZXgiIFZhbHVlPSIwIiAvPg0KICAgICAgICAgICAgPFJ1bGVQYXJhbWV0ZXIgTmFtZT0iSWdub3JlQ2FzZSIgVmFsdWU9IkZhbHNlIiAvPg0KICAgICAgICAgICAgPFJ1bGVQYXJhbWV0ZXIgTmFtZT0iVXNlUmVndWxhckV4cHJlc3Npb24iIFZhbHVlPSJGYWxzZSIgLz4NCiAgICAgICAgICAgIDxSdWxlUGFyYW1ldGVyIE5hbWU9Ikh0bWxEZWNvZGUiIFZhbHVlPSJUcnVlIiAvPg0KICAgICAgICAgICAgPFJ1bGVQYXJhbWV0ZXIgTmFtZT0iUmVxdWlyZWQiIFZhbHVlPSJGYWxzZSIgLz4NCiAgICAgICAgICA8L1J1bGVQYXJhbWV0ZXJzPg0KICAgICAgICA8L0V4dHJhY3Rpb25SdWxlPg0KICAgICAgICA8RXh0cmFjdGlvblJ1bGUgQ2xhc3NuYW1lPSJNaWNyb3NvZnQuVmlzdWFsU3R1ZGlvLlRlc3RUb29scy5XZWJUZXN0aW5nLlJ1bGVzLkV4dHJhY3RUZXh0LCBNaWNyb3NvZnQuVmlzdWFsU3R1ZGlvLlF1YWxpdHlUb29scy5XZWJUZXN0RnJhbWV3b3JrLCBWZXJzaW9uPTEwLjAuMC4wLCBDdWx0dXJlPW5ldXRyYWwsIFB1YmxpY0tleVRva2VuPWIwM2Y1ZjdmMTFkNTBhM2EiIFZhcmlhYmxlTmFtZT0iUXVlcnlTdHJpbmdQYXJhbTEwLk9URW1wSUQiIERpc3BsYXlOYW1lPSIiIERlc2NyaXB0aW9uPSIiPg0KICAgICAgICAgIDxSdWxlUGFyYW1ldGVycz4NCiAgICAgICAgICAgIDxSdWxlUGFyYW1ldGVyIE5hbWU9IlN0YXJ0c1dpdGgiIFZhbHVlPSImYW1wO2FtcDtPVEVtcElEPSIgLz4NCiAgICAgICAgICAgIDxSdWxlUGFyYW1ldGVyIE5hbWU9IkVuZHNXaXRoIiBWYWx1ZT0iJmFtcDsiIC8+DQogICAgICAgICAgICA8UnVsZVBhcmFtZXRlciBOYW1lPSJJbmRleCIgVmFsdWU9IjAiIC8+DQogICAgICAgICAgICA8UnVsZVBhcmFtZXRlciBOYW1lPSJJZ25vcmVDYXNlIiBWYWx1ZT0iRmFsc2UiIC8+DQogICAgICAgICAgICA8UnVsZVBhcmFtZXRlciBOYW1lPSJVc2VSZWd1bGFyRXhwcmVzc2lvbiIgVmFsdWU9IkZhbHNlIiAvPg0KICAgICAgICAgICAgPFJ1bGVQYXJhbWV0ZXIgTmFtZT0iSHRtbERlY29kZSIgVmFsdWU9IlRydWUiIC8+DQogICAgICAgICAgICA8UnVsZVBhcmFtZXRlciBOYW1lPSJSZXF1aXJlZCIgVmFsdWU9IkZhbHNlIiAvPg0KICAgICAgICAgIDwvUnVsZVBhcmFtZXRlcnM+DQogICAgICAgIDwvRXh0cmFjdGlvblJ1bGU+DQogICAgICAgIDxFeHRyYWN0aW9uUnVsZSBDbGFzc25hbWU9Ik1pY3Jvc29mdC5WaXN1YWxTdHVkaW8uVGVzdFRvb2xzLldlYlRlc3RpbmcuUnVsZXMuRXh0cmFjdFRleHQsIE1pY3Jvc29mdC5WaXN1YWxTdHVkaW8uUXVhbGl0eVRvb2xzLldlYlRlc3RGcmFtZXdvcmssIFZlcnNpb249MTAuMC4wLjAsIEN1bHR1cmU9bmV1dHJhbCwgUHVibGljS2V5VG9rZW49YjAzZjVmN2YxMWQ1MGEzYSIgVmFyaWFibGVOYW1lPSJRdWVyeVN0cmluZ1BhcmFtMTEuT1RTdGFydERhdGUiIERpc3BsYXlOYW1lPSIiIERlc2NyaXB0aW9uPSIiPg0KICAgICAgICAgIDxSdWxlUGFyYW1ldGVycz4NCiAgICAgICAgICAgIDxSdWxlUGFyYW1ldGVyIE5hbWU9IlN0YXJ0c1dpdGgiIFZhbHVlPSImYW1wO2FtcDtPVFN0YXJ0RGF0ZT0iIC8+DQogICAgICAgICAgICA8UnVsZVBhcmFtZXRlciBOYW1lPSJFbmRzV2l0aCIgVmFsdWU9IiZhbXA7IiAvPg0KICAgICAgICAgICAgPFJ1bGVQYXJhbWV0ZXIgTmFtZT0iSW5kZXgiIFZhbHVlPSIwIiAvPg0KICAgICAgICAgICAgPFJ1bGVQYXJhbWV0ZXIgTmFtZT0iSWdub3JlQ2FzZSIgVmFsdWU9IkZhbHNlIiAvPg0KICAgICAgICAgICAgPFJ1bGVQYXJhbWV0ZXIgTmFtZT0iVXNlUmVndWxhckV4cHJlc3Npb24iIFZhbHVlPSJGYWxzZSIgLz4NCiAgICAgICAgICAgIDxSdWxlUGFyYW1ldGVyIE5hbWU9Ikh0bWxEZWNvZGUiIFZhbHVlPSJUcnVlIiAvPg0KICAgICAgICAgICAgPFJ1bGVQYXJhbWV0ZXIgTmFtZT0iUmVxdWlyZWQiIFZhbHVlPSJGYWxzZSIgLz4NCiAgICAgICAgICA8L1J1bGVQYXJhbWV0ZXJzPg0KICAgICAgICA8L0V4dHJhY3Rpb25SdWxlPg0KICAgICAgICA8RXh0cmFjdGlvblJ1bGUgQ2xhc3NuYW1lPSJNaWNyb3NvZnQuVmlzdWFsU3R1ZGlvLlRlc3RUb29scy5XZWJUZXN0aW5nLlJ1bGVzLkV4dHJhY3RUZXh0LCBNaWNyb3NvZnQuVmlzdWFsU3R1ZGlvLlF1YWxpdHlUb29scy5XZWJUZXN0RnJhbWV3b3JrLCBWZXJzaW9uPTEwLjAuMC4wLCBDdWx0dXJlPW5ldXRyYWwsIFB1YmxpY0tleVRva2VuPWIwM2Y1ZjdmMTFkNTBhM2EiIFZhcmlhYmxlTmFtZT0iUXVlcnlTdHJpbmdQYXJhbTEyLk9URW5kRGF0ZSIgRGlzcGxheU5hbWU9IiIgRGVzY3JpcHRpb249IiI+DQogICAgICAgICAgPFJ1bGVQYXJhbWV0ZXJzPg0KICAgICAgICAgICAgPFJ1bGVQYXJhbWV0ZXIgTmFtZT0iU3RhcnRzV2l0aCIgVmFsdWU9IiZhbXA7YW1wO09URW5kRGF0ZT0iIC8+DQogICAgICAgICAgICA8UnVsZVBhcmFtZXRlciBOYW1lPSJFbmRzV2l0aCIgVmFsdWU9IiZhbXA7IiAvPg0KICAgICAgICAgICAgPFJ1bGVQYXJhbWV0ZXIgTmFtZT0iSW5kZXgiIFZhbHVlPSIwIiAvPg0KICAgICAgICAgICAgPFJ1bGVQYXJhbWV0ZXIgTmFtZT0iSWdub3JlQ2FzZSIgVmFsdWU9IkZhbHNlIiAvPg0KICAgICAgICAgICAgPFJ1bGVQYXJhbWV0ZXIgTmFtZT0iVXNlUmVndWxhckV4cHJlc3Npb24iIFZhbHVlPSJGYWxzZSIgLz4NCiAgICAgICAgICAgIDxSdWxlUGFyYW1ldGVyIE5hbWU9Ikh0bWxEZWNvZGUiIFZhbHVlPSJUcnVlIiAvPg0KICAgICAgICAgICAgPFJ1bGVQYXJhbWV0ZXIgTmFtZT0iUmVxdWlyZWQiIFZhbHVlPSJGYWxzZSIgLz4NCiAgICAgICAgICA8L1J1bGVQYXJhbWV0ZXJzPg0KICAgICAgICA8L0V4dHJhY3Rpb25SdWxlPg0KICAgICAgICA8RXh0cmFjdGlvblJ1bGUgQ2xhc3NuYW1lPSJNaWNyb3NvZnQuVmlzdWFsU3R1ZGlvLlRlc3RUb29scy5XZWJUZXN0aW5nLlJ1bGVzLkV4dHJhY3RUZXh0LCBNaWNyb3NvZnQuVmlzdWFsU3R1ZGlvLlF1YWxpdHlUb29scy5XZWJUZXN0RnJhbWV3b3JrLCBWZXJzaW9uPTEwLjAuMC4wLCBDdWx0dXJlPW5ldXRyYWwsIFB1YmxpY0tleVRva2VuPWIwM2Y1ZjdmMTFkNTBhM2EiIFZhcmlhYmxlTmFtZT0iUXVlcnlTdHJpbmdQYXJhbTEzLk9UU3RhcnRUaW1lIiBEaXNwbGF5TmFtZT0iIiBEZXNjcmlwdGlvbj0iIj4NCiAgICAgICAgICA8UnVsZVBhcmFtZXRlcnM+DQogICAgICAgICAgICA8UnVsZVBhcmFtZXRlciBOYW1lPSJTdGFydHNXaXRoIiBWYWx1ZT0iJmFtcDthbXA7T1RTdGFydFRpbWU9IiAvPg0KICAgICAgICAgICAgPFJ1bGVQYXJhbWV0ZXIgTmFtZT0iRW5kc1dpdGgiIFZhbHVlPSImYW1wOyIgLz4NCiAgICAgICAgICAgIDxSdWxlUGFyYW1ldGVyIE5hbWU9IkluZGV4IiBWYWx1ZT0iMCIgLz4NCiAgICAgICAgICAgIDxSdWxlUGFyYW1ldGVyIE5hbWU9Iklnbm9yZUNhc2UiIFZhbHVlPSJGYWxzZSIgLz4NCiAgICAgICAgICAgIDxSdWxlUGFyYW1ldGVyIE5hbWU9IlVzZVJlZ3VsYXJFeHByZXNzaW9uIiBWYWx1ZT0iRmFsc2UiIC8+DQogICAgICAgICAgICA8UnVsZVBhcmFtZXRlciBOYW1lPSJIdG1sRGVjb2RlIiBWYWx1ZT0iVHJ1ZSIgLz4NCiAgICAgICAgICAgIDxSdWxlUGFyYW1ldGVyIE5hbWU9IlJlcXVpcmVkIiBWYWx1ZT0iRmFsc2UiIC8+DQogICAgICAgICAgPC9SdWxlUGFyYW1ldGVycz4NCiAgICAgICAgPC9FeHRyYWN0aW9uUnVsZT4NCiAgICAgICAgPEV4dHJhY3Rpb25SdWxlIENsYXNzbmFtZT0iTWljcm9zb2Z0LlZpc3VhbFN0dWRpby5UZXN0VG9vbHMuV2ViVGVzdGluZy5SdWxlcy5FeHRyYWN0VGV4dCwgTWljcm9zb2Z0LlZpc3VhbFN0dWRpby5RdWFsaXR5VG9vbHMuV2ViVGVzdEZyYW1ld29yaywgVmVyc2lvbj0xMC4wLjAuMCwgQ3VsdHVyZT1uZXV0cmFsLCBQdWJsaWNLZXlUb2tlbj1iMDNmNWY3ZjExZDUwYTNhIiBWYXJpYWJsZU5hbWU9IlF1ZXJ5U3RyaW5nUGFyYW0xNC5PVEVuZFRpbWUiIERpc3BsYXlOYW1lPSIiIERlc2NyaXB0aW9uPSIiPg0KICAgICAgICAgIDxSdWxlUGFyYW1ldGVycz4NCiAgICAgICAgICAgIDxSdWxlUGFyYW1ldGVyIE5hbWU9IlN0YXJ0c1dpdGgiIFZhbHVlPSImYW1wO2FtcDtPVEVuZFRpbWU9IiAvPg0KICAgICAgICAgICAgPFJ1bGVQYXJhbWV0ZXIgTmFtZT0iRW5kc1dpdGgiIFZhbHVlPSImYW1wOyIgLz4NCiAgICAgICAgICAgIDxSdWxlUGFyYW1ldGVyIE5hbWU9IkluZGV4IiBWYWx1ZT0iMCIgLz4NCiAgICAgICAgICAgIDxSdWxlUGFyYW1ldGVyIE5hbWU9Iklnbm9yZUNhc2UiIFZhbHVlPSJGYWxzZSIgLz4NCiAgICAgICAgICAgIDxSdWxlUGFyYW1ldGVyIE5hbWU9IlVzZVJlZ3VsYXJFeHByZXNzaW9uIiBWYWx1ZT0iRmFsc2UiIC8+DQogICAgICAgICAgICA8UnVsZVBhcmFtZXRlciBOYW1lPSJIdG1sRGVjb2RlIiBWYWx1ZT0iVHJ1ZSIgLz4NCiAgICAgICAgICAgIDxSdWxlUGFyYW1ldGVyIE5hbWU9IlJlcXVpcmVkIiBWYWx1ZT0iRmFsc2UiIC8+DQogICAgICAgICAgPC9SdWxlUGFyYW1ldGVycz4NCiAgICAgICAgPC9FeHRyYWN0aW9uUnVsZT4NCiAgICAgICAgPEV4dHJhY3Rpb25SdWxlIENsYXNzbmFtZT0iTWljcm9zb2Z0LlZpc3VhbFN0dWRpby5UZXN0VG9vbHMuV2ViVGVzdGluZy5SdWxlcy5FeHRyYWN0VGV4dCwgTWljcm9zb2Z0LlZpc3VhbFN0dWRpby5RdWFsaXR5VG9vbHMuV2ViVGVzdEZyYW1ld29yaywgVmVyc2lvbj0xMC4wLjAuMCwgQ3VsdHVyZT1uZXV0cmFsLCBQdWJsaWNLZXlUb2tlbj1iMDNmNWY3ZjExZDUwYTNhIiBWYXJpYWJsZU5hbWU9IlF1ZXJ5U3RyaW5nUGFyYW0xNi5PVEZvcm1OTyIgRGlzcGxheU5hbWU9IiIgRGVzY3JpcHRpb249IiI+DQogICAgICAgICAgPFJ1bGVQYXJhbWV0ZXJzPg0KICAgICAgICAgICAgPFJ1bGVQYXJhbWV0ZXIgTmFtZT0iU3RhcnRzV2l0aCIgVmFsdWU9IiZhbXA7YW1wO09URm9ybU5PPSIgLz4NCiAgICAgICAgICAgIDxSdWxlUGFyYW1ldGVyIE5hbWU9IkVuZHNXaXRoIiBWYWx1ZT0iJnF1b3Q7IiAvPg0KICAgICAgICAgICAgPFJ1bGVQYXJhbWV0ZXIgTmFtZT0iSW5kZXgiIFZhbHVlPSIwIiAvPg0KICAgICAgICAgICAgPFJ1bGVQYXJhbWV0ZXIgTmFtZT0iSWdub3JlQ2FzZSIgVmFsdWU9IkZhbHNlIiAvPg0KICAgICAgICAgICAgPFJ1bGVQYXJhbWV0ZXIgTmFtZT0iVXNlUmVndWxhckV4cHJlc3Npb24iIFZhbHVlPSJGYWxzZSIgLz4NCiAgICAgICAgICAgIDxSdWxlUGFyYW1ldGVyIE5hbWU9Ikh0bWxEZWNvZGUiIFZhbHVlPSJUcnVlIiAvPg0KICAgICAgICAgICAgPFJ1bGVQYXJhbWV0ZXIgTmFtZT0iUmVxdWlyZWQiIFZhbHVlPSJGYWxzZSIgLz4NCiAgICAgICAgICA8L1J1bGVQYXJhbWV0ZXJzPg0KICAgICAgICA8L0V4dHJhY3Rpb25SdWxlPg0KICAgICAgICA8RXh0cmFjdGlvblJ1bGUgQ2xhc3NuYW1lPSJNaWNyb3NvZnQuVmlzdWFsU3R1ZGlvLlRlc3RUb29scy5XZWJUZXN0aW5nLlJ1bGVzLkV4dHJhY3RGb3JtRmllbGQsIE1pY3Jvc29mdC5WaXN1YWxTdHVkaW8uUXVhbGl0eVRvb2xzLldlYlRlc3RGcmFtZXdvcmssIFZlcnNpb249MTAuMC4wLjAsIEN1bHR1cmU9bmV1dHJhbCwgUHVibGljS2V5VG9rZW49YjAzZjVmN2YxMWQ1MGEzYSIgVmFyaWFibGVOYW1lPSJGb3JtUG9zdFBhcmFtMTMuYnRuVGVtcFNhdmVJbnZpc2libGUiIERpc3BsYXlOYW1lPSIiIERlc2NyaXB0aW9uPSIiPg0KICAgICAgICAgIDxSdWxlUGFyYW1ldGVycz4NCiAgICAgICAgICAgIDxSdWxlUGFyYW1ldGVyIE5hbWU9Ik5hbWUiIFZhbHVlPSJidG5UZW1wU2F2ZUludmlzaWJsZSIgLz4NCiAgICAgICAgICAgIDxSdWxlUGFyYW1ldGVyIE5hbWU9Ikh0bWxEZWNvZGUiIFZhbHVlPSJUcnVlIiAvPg0KICAgICAgICAgICAgPFJ1bGVQYXJhbWV0ZXIgTmFtZT0iUmVxdWlyZWQiIFZhbHVlPSJGYWxzZSIgLz4NCiAgICAgICAgICAgIDxSdWxlUGFyYW1ldGVyIE5hbWU9IkluZGV4IiBWYWx1ZT0iMCIgLz4NCiAgICAgICAgICA8L1J1bGVQYXJhbWV0ZXJzPg0KICAgICAgICA8L0V4dHJhY3Rpb25SdWxlPg0KICAgICAgICA8RXh0cmFjdGlvblJ1bGUgQ2xhc3NuYW1lPSJNaWNyb3NvZnQuVmlzdWFsU3R1ZGlvLlRlc3RUb29scy5XZWJUZXN0aW5nLlJ1bGVzLkV4dHJhY3RGb3JtRmllbGQsIE1pY3Jvc29mdC5WaXN1YWxTdHVkaW8uUXVhbGl0eVRvb2xzLldlYlRlc3RGcmFtZXdvcmssIFZlcnNpb249MTAuMC4wLjAsIEN1bHR1cmU9bmV1dHJhbCwgUHVibGljS2V5VG9rZW49YjAzZjVmN2YxMWQ1MGEzYSIgVmFyaWFibGVOYW1lPSJGb3JtUG9zdFBhcmFtMTQudWNEYXRlU3RhcnQkdHh0RGF0ZSIgRGlzcGxheU5hbWU9IiIgRGVzY3JpcHRpb249IiI+DQogICAgICAgICAgPFJ1bGVQYXJhbWV0ZXJzPg0KICAgICAgICAgICAgPFJ1bGVQYXJhbWV0ZXIgTmFtZT0iTmFtZSIgVmFsdWU9InVjRGF0ZVN0YXJ0X3R4dERhdGUiIC8+DQogICAgICAgICAgICA8UnVsZVBhcmFtZXRlciBOYW1lPSJIdG1sRGVjb2RlIiBWYWx1ZT0iVHJ1ZSIgLz4NCiAgICAgICAgICAgIDxSdWxlUGFyYW1ldGVyIE5hbWU9IlJlcXVpcmVkIiBWYWx1ZT0iRmFsc2UiIC8+DQogICAgICAgICAgICA8UnVsZVBhcmFtZXRlciBOYW1lPSJJbmRleCIgVmFsdWU9IjAiIC8+DQogICAgICAgICAgPC9SdWxlUGFyYW1ldGVycz4NCiAgICAgICAgPC9FeHRyYWN0aW9uUnVsZT4NCiAgICAgICAgPEV4dHJhY3Rpb25SdWxlIENsYXNzbmFtZT0iTWljcm9zb2Z0LlZpc3VhbFN0dWRpby5UZXN0VG9vbHMuV2ViVGVzdGluZy5SdWxlcy5FeHRyYWN0Rm9ybUZpZWxkLCBNaWNyb3NvZnQuVmlzdWFsU3R1ZGlvLlF1YWxpdHlUb29scy5XZWJUZXN0RnJhbWV3b3JrLCBWZXJzaW9uPTEwLjAuMC4wLCBDdWx0dXJlPW5ldXRyYWwsIFB1YmxpY0tleVRva2VuPWIwM2Y1ZjdmMTFkNTBhM2EiIFZhcmlhYmxlTmFtZT0iRm9ybVBvc3RQYXJhbTE1LnVjRGF0ZUVuZCR0eHREYXRlIiBEaXNwbGF5TmFtZT0iIiBEZXNjcmlwdGlvbj0iIj4NCiAgICAgICAgICA8UnVsZVBhcmFtZXRlcnM+DQogICAgICAgICAgICA8UnVsZVBhcmFtZXRlciBOYW1lPSJOYW1lIiBWYWx1ZT0idWNEYXRlRW5kX3R4dERhdGUiIC8+DQogICAgICAgICAgICA8UnVsZVBhcmFtZXRlciBOYW1lPSJIdG1sRGVjb2RlIiBWYWx1ZT0iVHJ1ZSIgLz4NCiAgICAgICAgICAgIDxSdWxlUGFyYW1ldGVyIE5hbWU9IlJlcXVpcmVkIiBWYWx1ZT0iRmFsc2UiIC8+DQogICAgICAgICAgICA8UnVsZVBhcmFtZXRlciBOYW1lPSJJbmRleCIgVmFsdWU9IjAiIC8+DQogICAgICAgICAgPC9SdWxlUGFyYW1ldGVycz4NCiAgICAgICAgPC9FeHRyYWN0aW9uUnVsZT4NCiAgICAgICAgPEV4dHJhY3Rpb25SdWxlIENsYXNzbmFtZT0iTWljcm9zb2Z0LlZpc3VhbFN0dWRpby5UZXN0VG9vbHMuV2ViVGVzdGluZy5SdWxlcy5FeHRyYWN0VGV4dCwgTWljcm9zb2Z0LlZpc3VhbFN0dWRpby5RdWFsaXR5VG9vbHMuV2ViVGVzdEZyYW1ld29yaywgVmVyc2lvbj0xMC4wLjAuMCwgQ3VsdHVyZT1uZXV0cmFsLCBQdWJsaWNLZXlUb2tlbj1iMDNmNWY3ZjExZDUwYTNhIiBWYXJpYWJsZU5hbWU9IkZvcm1Qb3N0UGFyYW0xNi5PVFRpbWVTdGFydCRkZGxISCIgRGlzcGxheU5hbWU9IiIgRGVzY3JpcHRpb249IiI+DQogICAgICAgICAgPFJ1bGVQYXJhbWV0ZXJzPg0KICAgICAgICAgICAgPFJ1bGVQYXJhbWV0ZXIgTmFtZT0iU3RhcnRzV2l0aCIgVmFsdWU9Imx1ZT0mcXVvdDsiIC8+DQogICAgICAgICAgICA8UnVsZVBhcmFtZXRlciBOYW1lPSJFbmRzV2l0aCIgVmFsdWU9IiZxdW90OyZndDswMCZsdDsiIC8+DQogICAgICAgICAgICA8UnVsZVBhcmFtZXRlciBOYW1lPSJJbmRleCIgVmFsdWU9IjIzIiAvPg0KICAgICAgICAgICAgPFJ1bGVQYXJhbWV0ZXIgTmFtZT0iSWdub3JlQ2FzZSIgVmFsdWU9IkZhbHNlIiAvPg0KICAgICAgICAgICAgPFJ1bGVQYXJhbWV0ZXIgTmFtZT0iVXNlUmVndWxhckV4cHJlc3Npb24iIFZhbHVlPSJGYWxzZSIgLz4NCiAgICAgICAgICAgIDxSdWxlUGFyYW1ldGVyIE5hbWU9Ikh0bWxEZWNvZGUiIFZhbHVlPSJUcnVlIiAvPg0KICAgICAgICAgICAgPFJ1bGVQYXJhbWV0ZXIgTmFtZT0iUmVxdWlyZWQiIFZhbHVlPSJGYWxzZSIgLz4NCiAgICAgICAgICA8L1J1bGVQYXJhbWV0ZXJzPg0KICAgICAgICA8L0V4dHJhY3Rpb25SdWxlPg0KICAgICAgICA8RXh0cmFjdGlvblJ1bGUgQ2xhc3NuYW1lPSJNaWNyb3NvZnQuVmlzdWFsU3R1ZGlvLlRlc3RUb29scy5XZWJUZXN0aW5nLlJ1bGVzLkV4dHJhY3RUZXh0LCBNaWNyb3NvZnQuVmlzdWFsU3R1ZGlvLlF1YWxpdHlUb29scy5XZWJUZXN0RnJhbWV3b3JrLCBWZXJzaW9uPTEwLjAuMC4wLCBDdWx0dXJlPW5ldXRyYWwsIFB1YmxpY0tleVRva2VuPWIwM2Y1ZjdmMTFkNTBhM2EiIFZhcmlhYmxlTmFtZT0iRm9ybVBvc3RQYXJhbTE3Lk9UVGltZVN0YXJ0JGRkbE1NIiBEaXNwbGF5TmFtZT0iIiBEZXNjcmlwdGlvbj0iIj4NCiAgICAgICAgICA8UnVsZVBhcmFtZXRlcnM+DQogICAgICAgICAgICA8UnVsZVBhcmFtZXRlciBOYW1lPSJTdGFydHNXaXRoIiBWYWx1ZT0ibHVlPSZxdW90OyIgLz4NCiAgICAgICAgICAgIDxSdWxlUGFyYW1ldGVyIE5hbWU9IkVuZHNXaXRoIiBWYWx1ZT0iJnF1b3Q7Jmd0OzAwJmx0OyIgLz4NCiAgICAgICAgICAgIDxSdWxlUGFyYW1ldGVyIE5hbWU9IkluZGV4IiBWYWx1ZT0iMjMiIC8+DQogICAgICAgICAgICA8UnVsZVBhcmFtZXRlciBOYW1lPSJJZ25vcmVDYXNlIiBWYWx1ZT0iRmFsc2UiIC8+DQogICAgICAgICAgICA8UnVsZVBhcmFtZXRlciBOYW1lPSJVc2VSZWd1bGFyRXhwcmVzc2lvbiIgVmFsdWU9IkZhbHNlIiAvPg0KICAgICAgICAgICAgPFJ1bGVQYXJhbWV0ZXIgTmFtZT0iSHRtbERlY29kZSIgVmFsdWU9IlRydWUiIC8+DQogICAgICAgICAgICA8UnVsZVBhcmFtZXRlciBOYW1lPSJSZXF1aXJlZCIgVmFsdWU9IkZhbHNlIiAvPg0KICAgICAgICAgIDwvUnVsZVBhcmFtZXRlcnM+DQogICAgICAgIDwvRXh0cmFjdGlvblJ1bGU+DQogICAgICAgIDxFeHRyYWN0aW9uUnVsZSBDbGFzc25hbWU9Ik1pY3Jvc29mdC5WaXN1YWxTdHVkaW8uVGVzdFRvb2xzLldlYlRlc3RpbmcuUnVsZXMuRXh0cmFjdFRleHQsIE1pY3Jvc29mdC5WaXN1YWxTdHVkaW8uUXVhbGl0eVRvb2xzLldlYlRlc3RGcmFtZXdvcmssIFZlcnNpb249MTAuMC4wLjAsIEN1bHR1cmU9bmV1dHJhbCwgUHVibGljS2V5VG9rZW49YjAzZjVmN2YxMWQ1MGEzYSIgVmFyaWFibGVOYW1lPSJGb3JtUG9zdFBhcmFtMTguT1RUaW1lRW5kJGRkbEhIIiBEaXNwbGF5TmFtZT0iIiBEZXNjcmlwdGlvbj0iIj4NCiAgICAgICAgICA8UnVsZVBhcmFtZXRlcnM+DQogICAgICAgICAgICA8UnVsZVBhcmFtZXRlciBOYW1lPSJTdGFydHNXaXRoIiBWYWx1ZT0ibHVlPSZxdW90OyIgLz4NCiAgICAgICAgICAgIDxSdWxlUGFyYW1ldGVyIE5hbWU9IkVuZHNXaXRoIiBWYWx1ZT0iJnF1b3Q7Jmd0OzAxJmx0OyIgLz4NCiAgICAgICAgICAgIDxSdWxlUGFyYW1ldGVyIE5hbWU9IkluZGV4IiBWYWx1ZT0iMjQiIC8+DQogICAgICAgICAgICA8UnVsZVBhcmFtZXRlciBOYW1lPSJJZ25vcmVDYXNlIiBWYWx1ZT0iRmFsc2UiIC8+DQogICAgICAgICAgICA8UnVsZVBhcmFtZXRlciBOYW1lPSJVc2VSZWd1bGFyRXhwcmVzc2lvbiIgVmFsdWU9IkZhbHNlIiAvPg0KICAgICAgICAgICAgPFJ1bGVQYXJhbWV0ZXIgTmFtZT0iSHRtbERlY29kZSIgVmFsdWU9IlRydWUiIC8+DQogICAgICAgICAgICA8UnVsZVBhcmFtZXRlciBOYW1lPSJSZXF1aXJlZCIgVmFsdWU9IkZhbHNlIiAvPg0KICAgICAgICAgIDwvUnVsZVBhcmFtZXRlcnM+DQogICAgICAgIDwvRXh0cmFjdGlvblJ1bGU+DQogICAgICAgIDxFeHRyYWN0aW9uUnVsZSBDbGFzc25hbWU9Ik1pY3Jvc29mdC5WaXN1YWxTdHVkaW8uVGVzdFRvb2xzLldlYlRlc3RpbmcuUnVsZXMuRXh0cmFjdFRleHQsIE1pY3Jvc29mdC5WaXN1YWxTdHVkaW8uUXVhbGl0eVRvb2xzLldlYlRlc3RGcmFtZXdvcmssIFZlcnNpb249MTAuMC4wLjAsIEN1bHR1cmU9bmV1dHJhbCwgUHVibGljS2V5VG9rZW49YjAzZjVmN2YxMWQ1MGEzYSIgVmFyaWFibGVOYW1lPSJGb3JtUG9zdFBhcmFtMTkuT1RUaW1lRW5kJGRkbE1NIiBEaXNwbGF5TmFtZT0iIiBEZXNjcmlwdGlvbj0iIj4NCiAgICAgICAgICA8UnVsZVBhcmFtZXRlcnM+DQogICAgICAgICAgICA8UnVsZVBhcmFtZXRlciBOYW1lPSJTdGFydHNXaXRoIiBWYWx1ZT0ibHVlPSZxdW90OyIgLz4NCiAgICAgICAgICAgIDxSdWxlUGFyYW1ldGVyIE5hbWU9IkVuZHNXaXRoIiBWYWx1ZT0iJnF1b3Q7Jmd0OzAwJmx0OyIgLz4NCiAgICAgICAgICAgIDxSdWxlUGFyYW1ldGVyIE5hbWU9IkluZGV4IiBWYWx1ZT0iMjMiIC8+DQogICAgICAgICAgICA8UnVsZVBhcmFtZXRlciBOYW1lPSJJZ25vcmVDYXNlIiBWYWx1ZT0iRmFsc2UiIC8+DQogICAgICAgICAgICA8UnVsZVBhcmFtZXRlciBOYW1lPSJVc2VSZWd1bGFyRXhwcmVzc2lvbiIgVmFsdWU9IkZhbHNlIiAvPg0KICAgICAgICAgICAgPFJ1bGVQYXJhbWV0ZXIgTmFtZT0iSHRtbERlY29kZSIgVmFsdWU9IlRydWUiIC8+DQogICAgICAgICAgICA8UnVsZVBhcmFtZXRlciBOYW1lPSJSZXF1aXJlZCIgVmFsdWU9IkZhbHNlIiAvPg0KICAgICAgICAgIDwvUnVsZVBhcmFtZXRlcnM+DQogICAgICAgIDwvRXh0cmFjdGlvblJ1bGU+DQogICAgICAgIDxFeHRyYWN0aW9uUnVsZSBDbGFzc25hbWU9Ik1pY3Jvc29mdC5WaXN1YWxTdHVkaW8uVGVzdFRvb2xzLldlYlRlc3RpbmcuUnVsZXMuRXh0cmFjdFRleHQsIE1pY3Jvc29mdC5WaXN1YWxTdHVkaW8uUXVhbGl0eVRvb2xzLldlYlRlc3RGcmFtZXdvcmssIFZlcnNpb249MTAuMC4wLjAsIEN1bHR1cmU9bmV1dHJhbCwgUHVibGljS2V5VG9rZW49YjAzZjVmN2YxMWQ1MGEzYSIgVmFyaWFibGVOYW1lPSJGb3JtUG9zdFBhcmFtMjAuZGRsT1RUeXBlSUQiIERpc3BsYXlOYW1lPSIiIERlc2NyaXB0aW9uPSIiPg0KICAgICAgICAgIDxSdWxlUGFyYW1ldGVycz4NCiAgICAgICAgICAgIDxSdWxlUGFyYW1ldGVyIE5hbWU9IlN0YXJ0c1dpdGgiIFZhbHVlPSImcXVvdDs4JnF1b3Q7LCZxdW90OyIgLz4NCiAgICAgICAgICAgIDxSdWxlUGFyYW1ldGVyIE5hbWU9IkVuZHNXaXRoIiBWYWx1ZT0iJnF1b3Q7XSwmcXVvdDtEIiAvPg0KICAgICAgICAgICAgPFJ1bGVQYXJhbWV0ZXIgTmFtZT0iSW5kZXgiIFZhbHVlPSIwIiAvPg0KICAgICAgICAgICAgPFJ1bGVQYXJhbWV0ZXIgTmFtZT0iSWdub3JlQ2FzZSIgVmFsdWU9IkZhbHNlIiAvPg0KICAgICAgICAgICAgPFJ1bGVQYXJhbWV0ZXIgTmFtZT0iVXNlUmVndWxhckV4cHJlc3Npb24iIFZhbHVlPSJGYWxzZSIgLz4NCiAgICAgICAgICAgIDxSdWxlUGFyYW1ldGVyIE5hbWU9Ikh0bWxEZWNvZGUiIFZhbHVlPSJUcnVlIiAvPg0KICAgICAgICAgICAgPFJ1bGVQYXJhbWV0ZXIgTmFtZT0iUmVxdWlyZWQiIFZhbHVlPSJGYWxzZSIgLz4NCiAgICAgICAgICA8L1J1bGVQYXJhbWV0ZXJzPg0KICAgICAgICA8L0V4dHJhY3Rpb25SdWxlPg0KICAgICAgPC9Db3JyZWxhdGlvbkV4dHJhY3Rpb25SdWxlcz4NCiAgICAgIDxRdWVyeVN0cmluZ1BhcmFtZXRlcnM+DQogICAgICAgIDxRdWVyeVN0cmluZ1BhcmFtZXRlciBOYW1lPSJPVENvbXBJRCIgVmFsdWU9IlNQSEJLMSIgUmVjb3JkZWRWYWx1ZT0iU1BIQksxIiBDb3JyZWxhdGlvbkJpbmRpbmc9Int7UXVlcnlTdHJpbmdQYXJhbTE3Lk9UQ29tcElEfX0iIFVybEVuY29kZT0iRmFsc2UiIFVzZVRvR3JvdXBSZXN1bHRzPSJGYWxzZSIgLz4NCiAgICAgICAgPFF1ZXJ5U3RyaW5nUGFyYW1ldGVyIE5hbWU9Ik9URW1wSUQiIFZhbHVlPSIxMDIxMTkiIFJlY29yZGVkVmFsdWU9IjEwMjExOSIgQ29ycmVsYXRpb25CaW5kaW5nPSJ7e1F1ZXJ5U3RyaW5nUGFyYW0xOC5PVEVtcElEfX0iIFVybEVuY29kZT0iRmFsc2UiIFVzZVRvR3JvdXBSZXN1bHRzPSJGYWxzZSIgLz4NCiAgICAgICAgPFF1ZXJ5U3RyaW5nUGFyYW1ldGVyIE5hbWU9Ik9UU3RhcnREYXRlIiBWYWx1ZT0iMjAxNyUyZjA1JTJmMTEiIFJlY29yZGVkVmFsdWU9IjIwMTclMmYwNSUyZjExIiBDb3JyZWxhdGlvbkJpbmRpbmc9Int7UXVlcnlTdHJpbmdQYXJhbTE5Lk9UU3RhcnREYXRlfX0iIFVybEVuY29kZT0iRmFsc2UiIFVzZVRvR3JvdXBSZXN1bHRzPSJGYWxzZSIgLz4NCiAgICAgICAgPFF1ZXJ5U3RyaW5nUGFyYW1ldGVyIE5hbWU9Ik9URW5kRGF0ZSIgVmFsdWU9IjIwMTclMmYwNSUyZjExIiBSZWNvcmRlZFZhbHVlPSIyMDE3JTJmMDUlMmYxMSIgQ29ycmVsYXRpb25CaW5kaW5nPSJ7e1F1ZXJ5U3RyaW5nUGFyYW0yMC5PVEVuZERhdGV9fSIgVXJsRW5jb2RlPSJGYWxzZSIgVXNlVG9Hcm91cFJlc3VsdHM9IkZhbHNlIiAvPg0KICAgICAgICA8UXVlcnlTdHJpbmdQYXJhbWV0ZXIgTmFtZT0iT1RTdGFydFRpbWUiIFZhbHVlPSIwMDAwIiBSZWNvcmRlZFZhbHVlPSIwMDAwIiBDb3JyZWxhdGlvbkJpbmRpbmc9Int7UXVlcnlTdHJpbmdQYXJhbTIxLk9UU3RhcnRUaW1lfX0iIFVybEVuY29kZT0iRmFsc2UiIFVzZVRvR3JvdXBSZXN1bHRzPSJGYWxzZSIgLz4NCiAgICAgICAgPFF1ZXJ5U3RyaW5nUGFyYW1ldGVyIE5hbWU9Ik9URW5kVGltZSIgVmFsdWU9IjAxMDAiIFJlY29yZGVkVmFsdWU9IjAxMDAiIENvcnJlbGF0aW9uQmluZGluZz0ie3tRdWVyeVN0cmluZ1BhcmFtMjIuT1RFbmRUaW1lfX0iIFVybEVuY29kZT0iRmFsc2UiIFVzZVRvR3JvdXBSZXN1bHRzPSJGYWxzZSIgLz4NCiAgICAgICAgPFF1ZXJ5U3RyaW5nUGFyYW1ldGVyIE5hbWU9Ik9UVHhuSUQiIFZhbHVlPSJ7e1F1ZXJ5U3RyaW5nUGFyYW0yMy5PVFR4bklEfX0iIFJlY29yZGVkVmFsdWU9IlNQSEJLMTEwMjExOTIwMTcwNTExNTUiIENvcnJlbGF0aW9uQmluZGluZz0ie3tRdWVyeVN0cmluZ1BhcmFtMjMuT1RUeG5JRH19IiBVcmxFbmNvZGU9IkZhbHNlIiBVc2VUb0dyb3VwUmVzdWx0cz0iRmFsc2UiIC8+DQogICAgICAgIDxRdWVyeVN0cmluZ1BhcmFtZXRlciBOYW1lPSJPVEZvcm1OTyIgVmFsdWU9IjIwMTcwNTExNjAxMDIxMTkiIFJlY29yZGVkVmFsdWU9IjIwMTcwNTExNjAxMDIxMTkiIENvcnJlbGF0aW9uQmluZGluZz0ie3tRdWVyeVN0cmluZ1BhcmFtMjQuT1RGb3JtTk99fSIgVXJsRW5jb2RlPSJGYWxzZSIgVXNlVG9Hcm91cFJlc3VsdHM9IkZhbHNlIiAvPg0KICAgICAgPC9RdWVyeVN0cmluZ1BhcmFtZXRlcnM+DQogICAgICA8Rm9ybVBvc3RIdHRwQm9keT4NCiAgICAgICAgPEZvcm1Qb3N0UGFyYW1ldGVyIE5hbWU9IlRvb2xraXRTY3JpcHRNYW5hZ2VyMV9IaWRkZW5GaWVsZCIgVmFsdWU9Ijs7QWpheENvbnRyb2xUb29sa2l0LCBWZXJzaW9uPTQuMS43LjYwNywgQ3VsdHVyZT1uZXV0cmFsLCBQdWJsaWNLZXlUb2tlbj0yOGYwMWIwZTg0YjZkNTNlOnpoLUhhbnQ6N2I5NWVkMWEtNmEzZi00MWRkLWJjNWItNjNmMzllZGJjNGI0OmRlMWZlYWIyOmZjZjBlOTkzOmYyYzhlNzA4OjcyMGE1MmJmOmY5Y2VjOWJjOjU4OWVhYTMwOjY5ODEyOWNmOmZiOWI0YzU3OmNjYjk2Y2Y5OjhhZDE4MTAxOmE2N2MyNzAwOjg2MTNhZWE3OjMyMDJhNWEyOmFiMDllM2ZlOjg3MTA0YjdjOmJlNmZiMjk4IiBSZWNvcmRlZFZhbHVlPSI7O0FqYXhDb250cm9sVG9vbGtpdCwgVmVyc2lvbj00LjEuNy42MDcsIEN1bHR1cmU9bmV1dHJhbCwgUHVibGljS2V5VG9rZW49MjhmMDFiMGU4NGI2ZDUzZTp6aC1IYW50OjdiOTVlZDFhLTZhM2YtNDFkZC1iYzViLTYzZjM5ZWRiYzRiNDpkZTFmZWFiMjpmY2YwZTk5MzpmMmM4ZTcwODo3MjBhNTJiZjpmOWNlYzliYzo1ODllYWEzMDo2OTgxMjljZjpmYjliNGM1NzpjY2I5NmNmOTo4YWQxODEwMTphNjdjMjcwMDo4NjEzYWVhNzozMjAyYTVhMjphYjA5ZTNmZTo4NzEwNGI3YzpiZTZmYjI5OCIgQ29ycmVsYXRpb25CaW5kaW5nPSIiIFVybEVuY29kZT0iVHJ1ZSIgLz4NCiAgICAgICAgPEZvcm1Qb3N0UGFyYW1ldGVyIE5hbWU9Il9fRVZFTlRUQVJHRVQiIFZhbHVlPSJ7eyRISURERU4xLl9fRVZFTlRUQVJHRVR9fSIgUmVjb3JkZWRWYWx1ZT0iIiBDb3JyZWxhdGlvbkJpbmRpbmc9IiIgVXJsRW5jb2RlPSJUcnVlIiAvPg0KICAgICAgICA8Rm9ybVBvc3RQYXJhbWV0ZXIgTmFtZT0iX19FVkVOVEFSR1VNRU5UIiBWYWx1ZT0ie3skSElEREVOMS5fX0VWRU5UQVJHVU1FTlR9fSIgUmVjb3JkZWRWYWx1ZT0iIiBDb3JyZWxhdGlvbkJpbmRpbmc9IiIgVXJsRW5jb2RlPSJUcnVlIiAvPg0KICAgICAgICA8Rm9ybVBvc3RQYXJhbWV0ZXIgTmFtZT0iX19MQVNURk9DVVMiIFZhbHVlPSJ7eyRISURERU4xLl9fTEFTVEZPQ1VTfX0iIFJlY29yZGVkVmFsdWU9IiIgQ29ycmVsYXRpb25CaW5kaW5nPSIiIFVybEVuY29kZT0iVHJ1ZSIgLz4NCiAgICAgICAgPEZvcm1Qb3N0UGFyYW1ldGVyIE5hbWU9Il9fVlNUQVRFIiBWYWx1ZT0ie3skSElEREVOMS5fX1ZTVEFURX19IiBSZWNvcmRlZFZhbHVlPSJBUitMQ0FBQUFBQUFCQUR0R1d0ekc5VTF1ckg4aW9rOW1jWWhUU3B0bklMakVrbTdxNWNsMmFKK3BYWVR4eVlTQ1RPQjBheTBWNnZGcTEyeGUyVmJ3ekFON2FSSkUxTENRR2hEYUNsVFVpaE1hRnFtWUpLVTlpZDBPdjNRejYxbE81LzZFK2k1dTZ1WEh4Qm94TFNkcnNlcnZlZWVQZWZjODdybjNQM1UwZjJndytsS3BjWTBsZWlhWXB6QXp4UmxIYzlxQmhrVk1uTkhjU21WNm5VNGQyUnljOU5ZVUk0b2d0VHQ3T1FHdzJ3b0dCamtRdDI5MzNKMXBFWUlFVEs1cVhHbmwyQ0RjQ3pQY1pFUUg4QVprWXQ0MGdFeDRnbHdZZDRUeVlwK2p4RE9Cc1VzbDJheklkSFZuNW9WSkR4bFRBdXlTdUEva1FFaEZPQXVFMWxUWjlTS0hKS3JNeldUbkZERmNZRmdaeWZQY21FZkcvUnhuS3MxTlpFdkFPZFdpNnVyQy9BU1JOQkpVczVqWndzTGw2c3RwUXZxSENBaE51emFiYk44cklqMVVvTG9zaW9kMDZTY3F4MWVUQzZxZ05XYm1KMGNQY3BaQkNrck5zaHh3YURMS1JDU3lYM2hOZTYwR1I3UjlMekphVWZxbEtiUEpXU0NnZG4ySUFqWVRoZGhMbTB2RjRud3ZrRWZ4ekxMU3hmS2w4NHpIQjlsMmFpNUNwSE1DcnJBTCszZjV0aTJiZHVuY05GZmVuVWh1QjFQbEF5QzgxNGdKQnhtVG1MZEFCME9CN3dzL1R2TWpCVVZVdFR4c0lxTFJCZVV3OHhzTWEzSUdUQnhVcHZENm5BNkhCYUNtV0NJaS9nRG1CMk1PQ254M1hVMHpWdFNTQ3Q0Tzh6c3JZNjhKM0JlSTZCSG0yWEhFM2tsa2NuaHZMQURuc2JsYlBZN3VwRGY3bkRzdEluWmVGVG1Ea3FxdFFWdUgrOGFlblF4cnpEenR0eDluSmZ0WTdDYTBVUWdQZHhYSkZrUEYrcDdOUDVBNTlDaUVUVk1CZ3k4b1JyRGZYM1dRM1FSbm5PRUZLSSszOExDZ25mQjc5VjB5Y2V6TE9kN1l2cVlKVlFGTjIrSXNBSWdyS3MyTmNPVGw4RUJEUzFMUEJrdEh3VThqNFhWQjF3Wmh2TEZDczVqbFRDcWtNZkRmZWI2T1d2V21vZjNDZ3BlVEpZSzJJWmFjQU1DQ3haVEEyNUdia1NjRnpKNEZFdXkyc2NRSURIY1IxODFuYlNQc1VTSmduTkxtQnlIRjR3Q1lOUEY1MlYxSnBNcDZyQjYwSm52YzNtQUhCQkxUV014ampNS09Db040ZWF1WlZ3b0haUHpNcG5VaXZyeHI0VExaTk81MEJUYk5DYlRrT1p6MWNWOEJXeWF1cHFaNUhUUklHTTVuSmxySWc5ekhXQ2Rack5vcnVGaDg2WTdZdk9pcE1LaGVSRUNlK1FKY3g5dkdvZVRnaUtMVGVZeElqNE5UdHRrSmdrQkVuQnBSaCtodkpxOGxDbDFucXFObGkvM2hkT1FiK04yYWNMV2I2MG0wSlpvaS8yWm1HV1ZrTUNrS3NtVVlVTmdWaS9pS3B5V29OV1NwcnF6VjJZZk4vQllVZGVCOGpFdEkxQUU4K1Y3MlBnek9VM080SFdyelF1TGxWRlJUV3RGVmNSaVRRZjNzbHBMUzJiWkVtOTFRdjMwbDdZaEVVb3RTWTlhUDBMK3k5UTU5anNXaWM5N3A4TElNMitYUUVNMWZWZVdZdW1Sc1VXVHhZcG1hNnJWdFlVWlhjUzZxUmdiTHljWVl6bEJsVEFvU0ZZTnJCUFFUMDJ0ZFhWU1BCSVo4dFdQRzVDc1FpZk9zeGFPUGF5aXJDOVVUR0liZ0RYMCtuSWpIZ0RVQnNDbWVKTnhqbTlFbk55SVNGTi9uSzJobWVNcVZ1T21IUStFaG56clFKdWdWa2l1ZzFReDYvWk9pbFkvck1PcDdIM3hNRVdwanRaam1LUzVLc282OFN0YlQ5eFA1YW1PTmlCTXhrTjFDSFZxcWliK09BZjJxWTJxQ0hWNU84NkJldXJIZGY1UVM3d21vUVpBRmEwaGRkSkZOUUxXa2F0TGZuR3pLK1Y0bjUrdDBLNmZyWVMyNWY1MlNEZkV5NUJ2WFFESFcyaDN0SzVyb3IxU2EycGFlRnJUNFVkVzZjOW9VVmJFanRRSlBDOVRGTm9SdHNPRjdPN3dVL3ZhQWEzNlRKTDJvY2RubkQyVnpqYkVybStkTnpUWmR2TnR0OVFjTktPVTBKaG1kZDVXdXd5ZE9MeU9uOEd1QTNiRE8xSWsya2lob0pRbThta3NVdGlZWVl3cGdtRklydTVLNDQ5cHhwVUEwcEpLNEVXbmcrdEZhSHUzMk12RHZic1hRYnQrVEpaeVpGUmJITld4TURlaFV2V0pPYkVYWlFHckJUbE1yTGFUc0hDWXlJa2ljcHFRbGlSZUpNNEgxNjVlV2IzOHcrV2xHLys4ODhMYWV4ZFgzN2xVL3VUczM4LzhDdkQyVUR6M0htZlh5czJsdGQ5ZXZudmh6TnFiTHdCOG53M3ZYcjUxcTN6aDJ0b0g1MVp1WFFZNk1PVzJwM2JERklWZldWcDUrYldWY3o5YWZlV2QxYmRmQW9TRE5vSjlHZ0dRaDJ4SVcvbjJxek9ybi93YVFBTTJxTWRDK3NlWk03VTVUM2VQdVo3cU9ydDdIY2pSNitnUlJZaytpU2dNYjNlNmRxU29rYWdwQmVMc0tzSDFwRzk2K2ttZktJS3hxa1pzM2ZZbitZVnJmLzF6T3oxaHNBNVBBRFRhNHI3eHQzWWdNV1djd0lJNG95b2xldnlSMURRSXZJTFRjL3J1N1ordnZIemhLYWI4MHAzeWkrK3QvT1Q2eXJVZmd2NU8zNzEyMVlTdkxKMjllL1d0OHRtM3krOS9iTmtBekFIM0h2cnJhdFBVakNKbjVwekp4NG1zcE1aeWMyQzhwQ1pKQ2phdEpDc3lLUjNxTDJhb09LYW9xVXh1cmpiVmY1aHBtQlRsZVJvakkyRCsvb0dZQ0VwQ1ZFVk9nNVFVN0hUUHcrWWd3NWJzZ1VpVDFDalJDckg1S3Exb3pIYVJkdEIzdlVkM1VlZXNuUzcxakFsRkF4dG0zakF6ditScSszTDZBTWs2TlZWTUs1WU9kcEtjYkhnaEN4VHhjSDkvVEFTdjdtMTF0VzVxdUk0TmRwdWtqdEJndGtrUnhhZ0R1UGMydnV6K2V0WFc3bjFWRzd2MzU5emYrSGNONm5ZNVorL0JraURvVm5ha1U1dGIwZTMra2daME01TDdnT1R1KzhMV2NSL2MzQ2J1YjY1VDZFTlZJN2dmcnRQK295QkxDNlRLS1NPUnFBUXBxSGt6clgyMi84OGthVHJkd3Yvckp6ZHFidnM5YXE3VkZBYldScFZGengwUFVFS2p0TnlVeEo3ZGV6c2dJOTU5SG5MWU9jU3lpT1VReXlQV2o5Z0FZb09JRFNFMmpOaEJ4RVlReHlLT1F4eVBPRC9pQW9nTElpNkV1RERpQmhFWFFUeUxlQTd4UE9MOXphRDV0VWUyNzVXMnVxeWM2S3hicHZzUVhkdncvWmNEOFFIRUJ4RWZRbndZOFlPSWp5QS9pL3djOHZQSTcwZitBUElIa1QrRS9HSGtIMFQrQ0Fxd0tNQ2hBSThDZmhRSW9FQVFCVUlvRUVhQlFSU0lvQ0NMZ2h3Szhpam9SOEVBQ2daUk1JU0NZUlFjUk1ISWY3djhZTFBoTFcxMkw1ZGwxNDV1MlBkNnQ0bG9na2FkdTMrclNQdnMvR1FGMDZiNXFUWjF2NkxNY3IvL2tkQkMvdyt0L3pqNTczZG9IYldyMGUyY2x3V3ZuN0dHR0I0ZnMydFJzeXVrdFNpTmlsTm1KTzV4T2xqM2c3VGFQbTNpOTBydytKVDFCSkdKN0tkMldxTkRvVzV4cU51K0FkdFJQMlV6Ui9Vd2g4Y013dlVRd1hSSTEwNGFyU2ZwSG41RXhvcm9iQm5UUk94NndEekJnY3JmQW5aUTRCZzlkYkpjdDJzWEZOc2V4bE4xQUhqdXVudjJVdm55K2ZMTjh5dHZubTh0bi8xdytmYXJyU3V2LzJEdHhzM1c4cGs3cXkvZTZDMS9jQlBLQ3QvSzYrZkx0NjdBMCtydkw1ZVhQdWlDLy9MRnExYUhzV3Z0M0x2UVBxeThjWDNsRjB2TGYzaDk1ZnFOWGVVM1BnTFE4aWNYNmNUMUc0Qzd5MEplZmZmNTFhdDNsbTlkWEw3OVlSZE1ycDIvdFBiTG55My84WDJuK1dseGQ1ZURkWURmc1E3ZTRYY0VIRUZIeUJGMkREb2lyWkN1V0pZREQraXFOeWdvQllPRzlydjJRVnU0ZUF5ckVza2RwenJRTWtYb3QyU3NrcWx4REJYK0ZJeXdvT2ZNUjNNMjU5cWZHcGVOd29SS3NJN0ZVNW91R2pQcHAyc3ZkYVpPUVFHblR3djZISWFtajNZTTBzUmlJUWNUVTVXUHhUbXp6TVJtVVRTU0lmSThucHFla0FDNzB1NWgxODRVTlVvaUoyZkpVVmtWZHd4OEx3R2Q2NnlROFo3Q2FhQ25ZOFB3UWorWjExUXZ6ZVdQTktBZlpyYkVybjNuREh2OVhqL241VDcvUTZkYVZKUnRybDBwcTBOTmFvOFhDbGdmRXd5Y00zdWlXWkI0QVJTeDZVN3o1R2Z1TkdTUnpDU2hwekkwZFJybnRZMzd6WHFFTFhlZFVGYlJCQkpWY0piRVJEQ1FJcFNpc3FySUt2YWtGUzB6RnlzSUl2MHVHbVViTjZOMnExaDJ0ZGM2TytjcFdTUzVmZFpSUU9uYjlLdXVxNzFtbXBiVWdjUW8rajZ5T3JjNVhDb1duRDlGWm9sTVpLS1lKYktjWlE3VmltYXZZcm9ZRXg5bWVKWmxIbjZZcWMweEI0YVovdjZCWjVsT3BoNDZYRGZ3R3NXMGRUcDhpRDFNS1F6RW1NN25ZcDN6Z3M1b3lVVUN5Q0w0SmozbjlFcVlURmhIbnFPbEtYR2pnaFVoVGZYM0dHaDN3SlRTSkFBeVVCc1BQRXRIWGxsVnNVNzlDUWhiMy91OVdiUDlPdlRkUkdyYWtNd0FtRklMUlFMUlkwYkFZV2JEWW0xQm54UE5ZNGtXZDZSQm4rNFlPb1BNb3dmTFc2eDB0ZWQwK2EyM3k3OTU3KzZQWHkyLy85cFQ1WTkrVjc3eXh1b3I3NWdHZnNWUnNTRERGeFlaam9WYjVTSEdaRFJGMDZNSFdaYU5NV25hb2VxMGFJOHlCNDhjbVJnY0NjV1lyS1lTendLbVJ5TlJKcTBwSXVCcDlCUTF5bkJBeGRDZ2tXVkVpRnBKRjBveFppRW5FK3d4ajk2ampLb3Q2RUtoOG9KSEYwUzVhRVFaUHpBV1VWc3RuMnVWdEJ1RWdWSEoxS3lacVJjYWg4ODJEczlhWWRQU2JVYU4yL2xBeFlWVlRjVXg4VjlWT2VkSWRpSUFBQT09IiBDb3JyZWxhdGlvbkJpbmRpbmc9IiIgVXJsRW5jb2RlPSJUcnVlIiAvPg0KICAgICAgICA8Rm9ybVBvc3RQYXJhbWV0ZXIgTmFtZT0iX19WSUVXU1RBVEUiIFZhbHVlPSJ7eyRISURERU4xLl9fVklFV1NUQVRFfX0iIFJlY29yZGVkVmFsdWU9IiIgQ29ycmVsYXRpb25CaW5kaW5nPSIiIFVybEVuY29kZT0iVHJ1ZSIgLz4NCiAgICAgICAgPEZvcm1Qb3N0UGFyYW1ldGVyIE5hbWU9Il9fU0NST0xMUE9TSVRJT05YIiBWYWx1ZT0ie3skSElEREVOMS5fX1NDUk9MTFBPU0lUSU9OWH19IiBSZWNvcmRlZFZhbHVlPSIwIiBDb3JyZWxhdGlvbkJpbmRpbmc9IiIgVXJsRW5jb2RlPSJUcnVlIiAvPg0KICAgICAgICA8Rm9ybVBvc3RQYXJhbWV0ZXIgTmFtZT0iX19TQ1JPTExQT1NJVElPTlkiIFZhbHVlPSJ7eyRISURERU4xLl9fU0NST0xMUE9TSVRJT05ZfX0iIFJlY29yZGVkVmFsdWU9IjAiIENvcnJlbGF0aW9uQmluZGluZz0iIiBVcmxFbmNvZGU9IlRydWUiIC8+DQogICAgICAgIDxGb3JtUG9zdFBhcmFtZXRlciBOYW1lPSJfX0VWRU5UVkFMSURBVElPTiIgVmFsdWU9Int7JEhJRERFTjEuX19FVkVOVFZBTElEQVRJT059fSIgUmVjb3JkZWRWYWx1ZT0iL3dFZEFOb0JyMVZ3OWFHQkMzcjNqSzlMeHdwbUQ2Vjc4MzFxRm85UkcwWXE4V2JmQStlaDQrZW1aNCtwK0hZZm03N0w5SjdvRC9ocHZ1WG5ON05sb04ydEQwNWFDanptbHRhVU03YUVBTitnOWNQL20xMHp6NzVQT0VjdkNrOUZwY3JTcUcvRStXS2VpWFJWakRRUnEzNllONFZ6VFhYY2RvMEtZbzlmQzFJZ3dtK1duQ3JKNFk0cytYM2k3YnBXWkpLcWxlajFsTVh5V0dpTWYvZHN0c2QremR5dElocU12WjFFeVhNQWx6MndDbXlzdzdmZlhoTmlYRHNBeFFjTEdzVmcwRGY0WnZneTc2MjZqcEtINTFja2F1S1NYNlFQQmFVZTM2VUV1V2p3eXByWTdZUW5oWG91R0JLdUFobXZYaDNlRHNxU3pEL2N1d1djMzFNMmJTb0lVZjFFcTFKRE83Y0pBR3VydGprc09TaWRCZnRWSVVWcTVKVmQ3Z2NyNmdFb0FOSFBmWkptL0hqOFVkNlRYcDFVR0ptWjd0dnB4d1ZrS1VGNnZQeGpTSVhGbi92aWs4d3E3dCtOaFQ4RFB5QVRKZ3ZGRDNLNVUrdnhvQ3hMaVVxYzduaFZVV3Rqa3Y3QmZBZWJKZ2lsRUVOcEVuTHE1Z3I4OTJuZVJhTWh1NlVwNDhPZFlQRHFMUlNYWGpnSnE2ZVJMU0Z3WkhqQzFQakErMFJXcXQ4ZGxYSGNsWFdEUVlNclM3Ty9hTmR1eExVZTd4cGhUL3l4QWVEMlUrVmpyTGtwMm1GU0lhYUNlQnc5SEZ0Q3hQUDFQeTRDRFF0S09tYTBOWmZXUWR3VktxQy9reFRLQWxRS1N3bjYwV3c3emRBWW5PT1ZEZEdITi9UcjViZ0tQNlp3Wi84TVFjRmVEc2RDSkdkZXd5azVHc0hPcTAyTHQ0VEVyR0MyOUhCeUtWUDFTMXBwMDBJQzZmLzYveU96VFpBRXhJYzAwdHJOaEZSWDFuOE9IU0tSR0gzS2g2SzFLczJ4SDhPYy80UXdibGhaYk5ZeGpiUllSNkxpRGZKdFl2SW5XWFRuQUdacEpZNHpUSmkxZzZTMTFNNEF5VlBpb2Z0eE1mMU5JOGNQQ2xLSkl2MzZobGFQaFV1azd5bkxxSkkxTlRxblZKRmJZSVpSUTFXRUFnY2xoZmpZYTNuRC9pVW1wUnFWRG1rc3o3ZUw5WS96Z0JINGdITGU4WTJaeUNwNlptdXdFclNMNmJPeG5WSjJ4N0t2YVhjVTJ2WDNTc0pMZFAvZmZ4V1RJRnRjcnREYTY3c3RyZms3NGJLTFBTaGdqd3M5S2YyL1RRTXNDRDVqWVNERWE5Mm4wYWpnMVdiRURaRHpWRy8wdy9VbnNwSW9WbWU2TUY1TDdFK0FQQlRRSENKcXpIdUIrV0cyekpKZkFWcWdwVWpNMWVGdHhIUDBlUVhhT2Y2ejAzalZnSE9WY2xiY1lKMGRaUS9mQWIyTGhOWkpqa2Z5b0NyamludlJYK2M5djdTYkFJUUQvbmQ1aDZzT1E4M1VtZmhmNmJNcHQ1NGFpbkxsTGM2U00rM2Q1akhZcm53S1RtTnhQUGFXc3ZMbWZoeDBMaHduQ1hHbEJvTHNLcGd1RHBMelFoZitsL21MMSt5ZmpVU3pxRnV4N2tIakt3WEJ6RWh4eGYwa2RaM25YclJwVlZZSkpHNUx1czRGOFdiVnRJdWtzcXdsRS93bk95Mll5aHd5TU5lc1E2NEszUzRVbWNUUm9nZHBPMUFyT2kzU3pVRVpoN3V6VnVxWWpyMWQzemtndEhqcFR6aEFvWVppVk81V1l0OTNabmh1VlhMWWdUbVBCTm03OUlzN3cxWDVUcTYwTGpzYlZ2YjhDUE5NUENCbE55R2c1dGx2aVRQbHBHZVJOc2xCS1crNExCWEU2QUU2RW9XMUxEd2x1SVY5cXo1SktQWmVKR3dZTkRhNVRWWHVwdXpFdnJWRGJsRGJ1NzFCZ2RHdlF3cStwMTFTY1lNTUxna29WMDVPWGx2b2xrdGpMU0VHcklTNlc4eVZIR2pTc2g0R091amE3eFRoU1hBVnZBcjdDSTBjQ2NZSkoreTQ1dUdLcDJ4TUhFQ3NNcWRVQlRWS1FzQW5pQzlzWkNCeUV5QWhBK2t5c1U5NkhDOElJVE1kanRRbmhwZ1JCR3prUitEczFVeVdlbmZwcS80NWloSFFuVWpSMlBhK0ZvcUpQbHVISlhZQWNMNWRpZjRyNnFRWkRHeVc3Qks5TzNMdmNiZnpqd01CZjJxeDk5VFlrSmFueGhsZG41Ukhxc2RKQlRsRlRDZUlxSmlsbE5QOVgrYUo3N3R6NW41dS84dzA2Tkx4Y2k4UTQ3dlV6Y2JZLy9vai9QZm9MQmg3OEVoL2ZyQ2lxVk5ObTNhR1N3d3BtRUN2d0VvVEVEWWdMdkNTOUd2bGxEM1ZveVFVY1BKK0l2TmJOMTMxZ1ZCRkFmYVlhV3F4VitBa0t4SjdwUlpmall0b216eWxLOUVDc2pBZFM0TzVuajR4WmliZkdtT29STGpsTGU4Wkt2eVJkaWlIdllVanR1S093UEtRT0tjWWxFRmo5ZjZoUUVWd2Q4cDRvOFlmckF0UWMySXorUEtYR3VDbVdFWXR1em9nZ0lQT3YyR2lPM3BNakdvSkxhTkFUVU9ndXk0bnBoRjdIN1NTd0tTakUrMk9EMkVuNUhQaWxaVXJEOWdrWHZHaWdlWGlFNWFZR3hjamRSK21MZENQOHZLK1NTTlJFNHNDbVl1cVlPdDRpUXBqQVA2MGt3YThhdkRkZFYwaWxSYnA2czI1REh6c2NmYUFKSkJsNGRKc0cyaWx6L1RmUWN4citMV2FqZnVreE1TZDlPbUtQd0VLajFQYjJEYjR0SHZVbWpPU3pkQ1EzdkVrZTlhbmtSNi9yckxoZjIxeFNXYjhpeWtJdUpHeCt2VTlJcU5UYjVDblFWU3cyTW1NUE9vbjdCaFpIT1JQRUREa3NEeGQraVdHNnZVK0N0STVVWkNyVFZUcXNDVlNqVWFoTlFSK3BKaDF6SDlSY3g1dTliekt1N3N1eHJWWVFOUTk3YW0vUE81cmRuVWFsbjE2SHMzR3Bld3hEa01uRW9xK0hjN3pvZWcyaTg3dGdwRHkvdi9NdVE2b0VxYndBKzlWTUQyVVJwdktJUThsSXppOFF1UDNqV2ZDQzhrU2FxYS9qYytFRUxwTm9tbmt4UGtZMkV6SFI1RnM3OTFvcmxvVkdodTBUWGhDM3lpUUMrWC9hbmZhV0RCbHduSzRMMWFCZDdySzBCa2t1TzhnYzVBVW1odVhRUU1rU1ZoSGtpSFM2bWEwc2p6MUtvL281TEExN1JhY2ZYYTduMjFnbVV3Q0tLWi91eWNuVmJOOVE3Nkh1YkQxQXF2cVlkUTcrOGZGMHBlaENQNFlDbkU4QUMzRDJZMzlVSGY4NDFtRVUvemUycFJuS1BwWkZUcE5wNWFYUGJWWjVmKzRHMEdLYTIwUXFJbGRWVkdwUERoV3B6TEVhckE1ZHZpb09lQmhZQTdZUXdhQWhtOHVsSk9NMmhSY3FMQzkrMlZuNENienBrOFRtZkkzamM4eDd4Q28wTlhhN2RHK0dUOWZlUlV5THVZeno0R2FEWHllU1NjVEhnN2tLMXM3eHl0S01VYm52ckVtNFdnZ2ZHb25OdE5MZ3lxVXZ1b2doVk51KzJtYW9UZjVlWmwwcWVTTmpJZkh2YzdoRXJZUkdxMUxqVmNPbHppS1hocWU1d0hCVDR1Y2lnUnFDNmpCbHc5aThGWW83UXoyMEJhZHNEa3NqOCtKcWZndkt0MTZJekp3c3ArN2FSTDZLVEpnREFuajd6VzdKRDRId2lyNVc4NzRmY3RqTmorenRXZU5tR05OdDlKNDA1Vy94aHlHeUNYdFp0VHFNZDRYMm9wb3lwVlZ3K1RqL0JUV2plcDJIS2NKYUVEeHIyM0Fjci9DNExoczN1cDlFUzJOSkxhUDcrWmpuWUF2S3hwZHNPcC9TNlNxekdTN2ZqL3NZODgxbFJSaTBLc1M5cFczR0FiUENUOUxZUjRnQkh6MXVDanFrWGpKdjdIOU5pdmcxbkM2OXF0U2pTYzc5UFV1bjRQcHk5SkpBK2xaeERSLzEwNkFER3FRS3U1YUErdUtXbEJyVUYxOXhUc0hmZGdZcXJLTlhzZnFtd25OYm5hOGxyUVM4QXA5SWpSTEVVaWxZTlFnQ0lTZVVmZ0NYODBnVWptUXhYcmFpR3Q2MHBPMDc0THNRTCtpeE9SeS9weEZZYWpyZk12VDBVMVdDOGNKY1JFTG9yeDAvZ0pTaisxUzRFYnpkc3RzNE5ydGs1a0dPWGxLa3R5ZXcra05xU2RqdjBVRmViZVRoQjVXaTZKVnV0UEkycWJMdVAwQ01EaEN3cnZWV2ZJc2x6UlpNaXlwT2wyczdnTWQ5MEs0SUVUOXZpcU9QZEZocENvTHRuRzRpMnVrZisyU0o2TlVFRnVwSjZxbzVJbno3SWNsUTZma2Y1akNwYTVmOTYxOWc4QnExYjVtRjdlaWE1c2xkMTBoa2dNcTV1L1VNTTlkdVh2ZlVRYnBXcElndzNmbXloRnJ5UE1XV3R3K29kQ3FNL0xuWUFKR0hZVi9ldWlWcGJHaGpMRVRHc0JhRTdJbEpCVzhsczNLdUFPNXROOGIrblNLZzQ1UWdvWjZscURVWVVqdkl3bHRiSEJhbmc3MlBNeDFVc291NTFqOHRsK3lqRGV2N3MrYWhZMlFHbUVNazdKN1JpaEN3d2NyU1NFZ21mdGxBU29GY2VIVEVKbXl2Umt5YUlxZXJ4VFE5T2pHWUdiTUhUZU9wbDg2M2xCUU9LQWVWZ05RTDNTdjJnOUVMK0IxN3RXM0VBNWJlc0FQcVNnRUpiblE4VTIyZHBlL3pncXMwSkd1NTZzV3BrZ1IyTFhIekJFWnhtNkduakppek1nTzQ4VXJwcDROZmFSZ3NRSVNMNnBxRjZiMGVpRVJUdFRSV1R3SDFpa3ludzFhdkJJTHJPQ1k1aHdNcklHTVB3ekNmOThwdXl1aVplVEZNbmthSGtpbHV4aVBydGVTeWVpNms5amQ3YmUxOW5zbTNNM28vcGVFVEZHV1g4Uis2dENJN200b3g1d1BobDZodFdWTmpnUXNEVmJ4ZkZRa1BUZGQreXo1TXNKTzBhOWxJalh1YUlUL0hyeG9lUExDMjBKTUhxZ1hIbEgwb2Urc1ducnYxSFVhOGtPbEZ5TTl2NDBQUlc4Z2cyNWpqTUVaZU9JbGZVenRoSUZVYlBxWWNvQjNSOVZuMzgrQVZuOVd4K3V0VytENk5aZWhkSGJSVGJlWFpYMDBGSStETXdCeTBTTjQ5Y0E2dDlQT1Z3MnZ4cUVMRnQrWmR4aHUxTlJ3bWNmTHpKK3lwMGhJN1ZuZFhySFpFM3doS09VaGlaYUx3UFdTR3hxdzZUR3MzVkZQb3I2cE9IWERXUGwzN3lVb1diMDdIQXNUa09tQVlqM0pvYWo0RVdmWEc5SFVjeE1sTVF4YnNsMU9NcW5GREZDY1BxbXVzZVhISVhMbkJYbVRpNW5zQVpKTGpFUXVXeGh2OHVmTHFiV3ZZYzJ3eVJPNTFhY24xc2s2M0JuZWhVUFFPc3dvUU1TVTBnV1pFMVJqcVJDekJQWjhrRlJWRFdXVU5Yc056dUVBSmhMbmR0QVBhMnNVR2dxaVBnc2t6TWY1Y2RzaTBjR0RjZ3V6NE90TEk4Wit3RXowWkIyTExGN2VqenJNZXEzOWV6T1hpQ3k5OE0xekFFSlM5L1RibUc3b3ppcVFrTm5qM0dpckNLSEZDbUJuMHBONHFuVWIxdW1oN01kV1NPeTJJMWc2Rm5KQU1oZlIwbkN5RG16K2VLL1B5UW1KVEFNZDFEbjVkdm5lY29wQVM4MHdvQXdmaU5DYk82WWtlc1hMY1Zoblg5VTE0bEJud0hkZFhSZHpsNml3TVlpNHJLVFRrOFJub1YvbUgrdjVmZHV3RDhtYVZ0dWRuRUVQQmNDQ1BFdXNoZ2pjRDdOc1lWeFNFQmNwMjdzWHA4TlpDbG96Mm82UGJGaFh2L0hDVUd4dFhvMll3dW1NRGxXa241ZjVFUWt3NitIS2hSb2JRQlVDY3hIMWplZGZ6VWt6RzRSeGxsclRVbGtlRGRiOXVsVTlaWllhTmRPL293PT0iIENvcnJlbGF0aW9uQmluZGluZz0iIiBVcmxFbmNvZGU9IlRydWUiIC8+DQogICAgICAgIDxGb3JtUG9zdFBhcmFtZXRlciBOYW1lPSJidG5UZW1wU2F2ZSIgVmFsdWU9Iuaaq+WtmCIgUmVjb3JkZWRWYWx1ZT0i5pqr5a2YIiBDb3JyZWxhdGlvbkJpbmRpbmc9Int7Rm9ybVBvc3RQYXJhbTIxLmJ0blRlbXBTYXZlfX0iIFVybEVuY29kZT0iVHJ1ZSIgLz4NCiAgICAgICAgPEZvcm1Qb3N0UGFyYW1ldGVyIE5hbWU9ImhpZEdyaWRWaWV3U3RhcnRUaW1lIiBWYWx1ZT0ie3skSElEREVOMS5oaWRHcmlkVmlld1N0YXJ0VGltZX19IiBSZWNvcmRlZFZhbHVlPSIiIENvcnJlbGF0aW9uQmluZGluZz0iIiBVcmxFbmNvZGU9IlRydWUiIC8+DQogICAgICAgIDxGb3JtUG9zdFBhcmFtZXRlciBOYW1lPSJ1Y0RhdGVTdGFydCR0eHREYXRlIiBWYWx1ZT0iMjAxNy8wNS8xMSIgUmVjb3JkZWRWYWx1ZT0iMjAxNy8wNS8xMSIgQ29ycmVsYXRpb25CaW5kaW5nPSJ7e0Zvcm1Qb3N0UGFyYW0yMi51Y0RhdGVTdGFydCR0eHREYXRlfX0iIFVybEVuY29kZT0iVHJ1ZSIgLz4NCiAgICAgICAgPEZvcm1Qb3N0UGFyYW1ldGVyIE5hbWU9InVjRGF0ZUVuZCR0eHREYXRlIiBWYWx1ZT0iMjAxNy8wNS8xMSIgUmVjb3JkZWRWYWx1ZT0iMjAxNy8wNS8xMSIgQ29ycmVsYXRpb25CaW5kaW5nPSJ7e0Zvcm1Qb3N0UGFyYW0yMy51Y0RhdGVFbmQkdHh0RGF0ZX19IiBVcmxFbmNvZGU9IlRydWUiIC8+DQogICAgICAgIDxGb3JtUG9zdFBhcmFtZXRlciBOYW1lPSJPVFRpbWVTdGFydCRkZGxISCIgVmFsdWU9IjAwIiBSZWNvcmRlZFZhbHVlPSIwMCIgQ29ycmVsYXRpb25CaW5kaW5nPSJ7e0Zvcm1Qb3N0UGFyYW0yNC5PVFRpbWVTdGFydCRkZGxISH19IiBVcmxFbmNvZGU9IlRydWUiIC8+DQogICAgICAgIDxGb3JtUG9zdFBhcmFtZXRlciBOYW1lPSJPVFRpbWVTdGFydCRkZGxNTSIgVmFsdWU9IjAwIiBSZWNvcmRlZFZhbHVlPSIwMCIgQ29ycmVsYXRpb25CaW5kaW5nPSJ7e0Zvcm1Qb3N0UGFyYW0yNS5PVFRpbWVTdGFydCRkZGxNTX19IiBVcmxFbmNvZGU9IlRydWUiIC8+DQogICAgICAgIDxGb3JtUG9zdFBhcmFtZXRlciBOYW1lPSJPVFRpbWVFbmQkZGRsSEgiIFZhbHVlPSIwMSIgUmVjb3JkZWRWYWx1ZT0iMDEiIENvcnJlbGF0aW9uQmluZGluZz0ie3tGb3JtUG9zdFBhcmFtMjYuT1RUaW1lRW5kJGRkbEhIfX0iIFVybEVuY29kZT0iVHJ1ZSIgLz4NCiAgICAgICAgPEZvcm1Qb3N0UGFyYW1ldGVyIE5hbWU9Ik9UVGltZUVuZCRkZGxNTSIgVmFsdWU9IjAwIiBSZWNvcmRlZFZhbHVlPSIwMCIgQ29ycmVsYXRpb25CaW5kaW5nPSJ7e0Zvcm1Qb3N0UGFyYW0yNy5PVFRpbWVFbmQkZGRsTU19fSIgVXJsRW5jb2RlPSJUcnVlIiAvPg0KICAgICAgICA8Rm9ybVBvc3RQYXJhbWV0ZXIgTmFtZT0iZGRsT1RUeXBlSUQiIFZhbHVlPSI5IiBSZWNvcmRlZFZhbHVlPSI5IiBDb3JyZWxhdGlvbkJpbmRpbmc9Int7Rm9ybVBvc3RQYXJhbTI4LmRkbE9UVHlwZUlEfX0iIFVybEVuY29kZT0iVHJ1ZSIgLz4NCiAgICAgICAgPEZvcm1Qb3N0UGFyYW1ldGVyIE5hbWU9InR4dE9UUmVhc29uTWVtbyR0eHREYXRhIiBWYWx1ZT0idGVzdCIgUmVjb3JkZWRWYWx1ZT0idGVzdCIgQ29ycmVsYXRpb25CaW5kaW5nPSIiIFVybEVuY29kZT0iVHJ1ZSIgLz4NCiAgICAgICAgPEZvcm1Qb3N0UGFyYW1ldGVyIE5hbWU9ImhpZEdyaWRWaWV3U2VhcmNoU3RhcnRUaW1lIiBWYWx1ZT0ie3skSElEREVOMS5oaWRHcmlkVmlld1NlYXJjaFN0YXJ0VGltZX19IiBSZWNvcmRlZFZhbHVlPSIiIENvcnJlbGF0aW9uQmluZGluZz0iIiBVcmxFbmNvZGU9IlRydWUiIC8+DQogICAgICAgIDxGb3JtUG9zdFBhcmFtZXRlciBOYW1lPSJoaWRHcmlkVmlld1NlYXJjaEVuZFRpbWUiIFZhbHVlPSJ7eyRISURERU4xLmhpZEdyaWRWaWV3U2VhcmNoRW5kVGltZX19IiBSZWNvcmRlZFZhbHVlPSIiIENvcnJlbGF0aW9uQmluZGluZz0iIiBVcmxFbmNvZGU9IlRydWUiIC8+DQogICAgICAgIDxGb3JtUG9zdFBhcmFtZXRlciBOYW1lPSJmcmFtZUF0dGFjaCIgVmFsdWU9Ii9VdGlsL0F0dGFjaEFkbWluLmFzcHg/QXR0YWNoREI9QWF0dGVuZGFudERCX0lUUkQmYW1wO0F0dGFjaElEPXRlc3QxMDIxMTk2MjRlY2QxOS1iNGQ5LTQxNzItOWZkMy1hN2Y1ZGYxYjBmNmQmYW1wO0F0dGFjaEZpbGVNYXhRdHk9MSZhbXA7QXR0YWNoRmlsZU1heEtCPTMwNzImYW1wO0F0dGFjaEZpbGVUb3RLQj0zMDcyJmFtcDtBdHRhY2hGaWxlRXh0TGlzdD0iIFJlY29yZGVkVmFsdWU9Ii9VdGlsL0F0dGFjaEFkbWluLmFzcHg/QXR0YWNoREI9QWF0dGVuZGFudERCX0lUUkQmYW1wO0F0dGFjaElEPXRlc3QxMDIxMTk2MjRlY2QxOS1iNGQ5LTQxNzItOWZkMy1hN2Y1ZGYxYjBmNmQmYW1wO0F0dGFjaEZpbGVNYXhRdHk9MSZhbXA7QXR0YWNoRmlsZU1heEtCPTMwNzImYW1wO0F0dGFjaEZpbGVUb3RLQj0zMDcyJmFtcDtBdHRhY2hGaWxlRXh0TGlzdD0iIENvcnJlbGF0aW9uQmluZGluZz0iIiBVcmxFbmNvZGU9IlRydWUiIC8+DQogICAgICAgIDxGb3JtUG9zdFBhcmFtZXRlciBOYW1lPSJ1Y01vZGFsUG9wdXAxJENsaWVudFdpZHRoIiBWYWx1ZT0ie3skSElEREVOMS51Y01vZGFsUG9wdXAxJENsaWVudFdpZHRofX0iIFJlY29yZGVkVmFsdWU9IjAiIENvcnJlbGF0aW9uQmluZGluZz0iIiBVcmxFbmNvZGU9IlRydWUiIC8+DQogICAgICAgIDxGb3JtUG9zdFBhcmFtZXRlciBOYW1lPSJ1Y01vZGFsUG9wdXAxJENsaWVudEhlaWdodCIgVmFsdWU9Int7JEhJRERFTjEudWNNb2RhbFBvcHVwMSRDbGllbnRIZWlnaHR9fSIgUmVjb3JkZWRWYWx1ZT0iMCIgQ29ycmVsYXRpb25CaW5kaW5nPSIiIFVybEVuY29kZT0iVHJ1ZSIgLz4NCiAgICAgIDwvRm9ybVBvc3RIdHRwQm9keT4NCiAgICA8L1JlcXVlc3Q+DQogICAgPFJlcXVlc3QgTWV0aG9kPSJQT1NUIiBHdWlkPSIzNmU5NTg5MS1lMjEzLTQ5NjYtOTc3My1hN2MzM2VjNTE0MDUiIFZlcnNpb249IjEuMSIgVXJsPSJodHRwOi8vMTAuMTEuMzYuMTE0OjgwMDcvT3ZlclRpbWUvT3ZlcnRpbWVQcmVPcmRlcl9Nb2RpZnkuYXNweCIgVGhpbmtUaW1lPSI0IiBUaW1lb3V0PSIzMDAiIFBhcnNlRGVwZW5kZW50UmVxdWVzdHM9IlRydWUiIEZvbGxvd1JlZGlyZWN0cz0iVHJ1ZSIgUmVjb3JkUmVzdWx0PSJUcnVlIiBDYWNoZT0iRmFsc2UiIFJlc3BvbnNlVGltZUdvYWw9IjAiIEVuY29kaW5nPSJ1dGYtOCIgRXhwZWN0ZWRIdHRwU3RhdHVzQ29kZT0iMCIgRXhwZWN0ZWRSZXNwb25zZVVybD0iIiBSZXBvcnRpbmdOYW1lPSIiIElnbm9yZUh0dHBTdGF0dXNDb2RlPSJGYWxzZSI+DQogICAgICA8RXh0cmFjdGlvblJ1bGVzPg0KICAgICAgICA8RXh0cmFjdGlvblJ1bGUgQ2xhc3NuYW1lPSJNaWNyb3NvZnQuVmlzdWFsU3R1ZGlvLlRlc3RUb29scy5XZWJUZXN0aW5nLlJ1bGVzLkV4dHJhY3RIaWRkZW5GaWVsZHMsIE1pY3Jvc29mdC5WaXN1YWxTdHVkaW8uUXVhbGl0eVRvb2xzLldlYlRlc3RGcmFtZXdvcmssIFZlcnNpb249MTAuMC4wLjAsIEN1bHR1cmU9bmV1dHJhbCwgUHVibGljS2V5VG9rZW49YjAzZjVmN2YxMWQ1MGEzYSIgVmFyaWFibGVOYW1lPSIxIiBEaXNwbGF5TmFtZT0i5pO35Y+W6Zqx6JeP5qyE5L2NIiBEZXNjcmlwdGlvbj0i5pO35Y+W5Zue5oeJ5Lit55qE5omA5pyJ6Zqx6JeP5qyE5L2N77yM5Lim5bCH5a6D5YCR5pS+5Zyo5ris6Kmm5YWn5a655Lit44CCIj4NCiAgICAgICAgICA8UnVsZVBhcmFtZXRlcnM+DQogICAgICAgICAgICA8UnVsZVBhcmFtZXRlciBOYW1lPSJSZXF1aXJlZCIgVmFsdWU9IlRydWUiIC8+DQogICAgICAgICAgICA8UnVsZVBhcmFtZXRlciBOYW1lPSJIdG1sRGVjb2RlIiBWYWx1ZT0iVHJ1ZSIgLz4NCiAgICAgICAgICA8L1J1bGVQYXJhbWV0ZXJzPg0KICAgICAgICA8L0V4dHJhY3Rpb25SdWxlPg0KICAgICAgICA8RXh0cmFjdGlvblJ1bGUgQ2xhc3NuYW1lPSJNaWNyb3NvZnQuVmlzdWFsU3R1ZGlvLlRlc3RUb29scy5XZWJUZXN0aW5nLlJ1bGVzLkV4dHJhY3RUZXh0LCBNaWNyb3NvZnQuVmlzdWFsU3R1ZGlvLlF1YWxpdHlUb29scy5XZWJUZXN0RnJhbWV3b3JrLCBWZXJzaW9uPTEwLjAuMC4wLCBDdWx0dXJlPW5ldXRyYWwsIFB1YmxpY0tleVRva2VuPWIwM2Y1ZjdmMTFkNTBhM2EiIFZhcmlhYmxlTmFtZT0iUXVlcnlTdHJpbmdQYXJhbTcuT1RUeG5JRCIgRGlzcGxheU5hbWU9IuaTt+WPluaWh+WtlyIgRGVzY3JpcHRpb249IuW+nuWbnuaHieS4reaTt+WPluaWh+Wtl++8jOS4puWwh+Wug+aUvuWFpea4rOippuWFp+WuueS4reOAgiI+DQogICAgICAgICAgPFJ1bGVQYXJhbWV0ZXJzPg0KICAgICAgICAgICAgPFJ1bGVQYXJhbWV0ZXIgTmFtZT0iU3RhcnRzV2l0aCIgVmFsdWU9IiZhbXA7YW1wO09UVHhuSUQ9IiAvPg0KICAgICAgICAgICAgPFJ1bGVQYXJhbWV0ZXIgTmFtZT0iRW5kc1dpdGgiIFZhbHVlPSImYW1wOyIgLz4NCiAgICAgICAgICAgIDxSdWxlUGFyYW1ldGVyIE5hbWU9IkluZGV4IiBWYWx1ZT0iMCIgLz4NCiAgICAgICAgICAgIDxSdWxlUGFyYW1ldGVyIE5hbWU9Iklnbm9yZUNhc2UiIFZhbHVlPSJGYWxzZSIgLz4NCiAgICAgICAgICAgIDxSdWxlUGFyYW1ldGVyIE5hbWU9IlVzZVJlZ3VsYXJFeHByZXNzaW9uIiBWYWx1ZT0iRmFsc2UiIC8+DQogICAgICAgICAgICA8UnVsZVBhcmFtZXRlciBOYW1lPSJIdG1sRGVjb2RlIiBWYWx1ZT0iVHJ1ZSIgLz4NCiAgICAgICAgICAgIDxSdWxlUGFyYW1ldGVyIE5hbWU9IlJlcXVpcmVkIiBWYWx1ZT0iRmFsc2UiIC8+DQogICAgICAgICAgPC9SdWxlUGFyYW1ldGVycz4NCiAgICAgICAgPC9FeHRyYWN0aW9uUnVsZT4NCiAgICAgIDwvRXh0cmFjdGlvblJ1bGVzPg0KICAgICAgPENvcnJlbGF0aW9uRXh0cmFjdGlvblJ1bGVzPg0KICAgICAgICA8RXh0cmFjdGlvblJ1bGUgQ2xhc3NuYW1lPSJNaWNyb3NvZnQuVmlzdWFsU3R1ZGlvLlRlc3RUb29scy5XZWJUZXN0aW5nLlJ1bGVzLkV4dHJhY3RUZXh0LCBNaWNyb3NvZnQuVmlzdWFsU3R1ZGlvLlF1YWxpdHlUb29scy5XZWJUZXN0RnJhbWV3b3JrLCBWZXJzaW9uPTEwLjAuMC4wLCBDdWx0dXJlPW5ldXRyYWwsIFB1YmxpY0tleVRva2VuPWIwM2Y1ZjdmMTFkNTBhM2EiIFZhcmlhYmxlTmFtZT0iUXVlcnlTdHJpbmdQYXJhbTEuT1RDb21wSUQiIERpc3BsYXlOYW1lPSIiIERlc2NyaXB0aW9uPSIiPg0KICAgICAgICAgIDxSdWxlUGFyYW1ldGVycz4NCiAgICAgICAgICAgIDxSdWxlUGFyYW1ldGVyIE5hbWU9IlN0YXJ0c1dpdGgiIFZhbHVlPSI/T1RDb21wSUQ9IiAvPg0KICAgICAgICAgICAgPFJ1bGVQYXJhbWV0ZXIgTmFtZT0iRW5kc1dpdGgiIFZhbHVlPSImYW1wOyIgLz4NCiAgICAgICAgICAgIDxSdWxlUGFyYW1ldGVyIE5hbWU9IkluZGV4IiBWYWx1ZT0iMCIgLz4NCiAgICAgICAgICAgIDxSdWxlUGFyYW1ldGVyIE5hbWU9Iklnbm9yZUNhc2UiIFZhbHVlPSJGYWxzZSIgLz4NCiAgICAgICAgICAgIDxSdWxlUGFyYW1ldGVyIE5hbWU9IlVzZVJlZ3VsYXJFeHByZXNzaW9uIiBWYWx1ZT0iRmFsc2UiIC8+DQogICAgICAgICAgICA8UnVsZVBhcmFtZXRlciBOYW1lPSJIdG1sRGVjb2RlIiBWYWx1ZT0iVHJ1ZSIgLz4NCiAgICAgICAgICAgIDxSdWxlUGFyYW1ldGVyIE5hbWU9IlJlcXVpcmVkIiBWYWx1ZT0iRmFsc2UiIC8+DQogICAgICAgICAgPC9SdWxlUGFyYW1ldGVycz4NCiAgICAgICAgPC9FeHRyYWN0aW9uUnVsZT4NCiAgICAgICAgPEV4dHJhY3Rpb25SdWxlIENsYXNzbmFtZT0iTWljcm9zb2Z0LlZpc3VhbFN0dWRpby5UZXN0VG9vbHMuV2ViVGVzdGluZy5SdWxlcy5FeHRyYWN0VGV4dCwgTWljcm9zb2Z0LlZpc3VhbFN0dWRpby5RdWFsaXR5VG9vbHMuV2ViVGVzdEZyYW1ld29yaywgVmVyc2lvbj0xMC4wLjAuMCwgQ3VsdHVyZT1uZXV0cmFsLCBQdWJsaWNLZXlUb2tlbj1iMDNmNWY3ZjExZDUwYTNhIiBWYXJpYWJsZU5hbWU9IlF1ZXJ5U3RyaW5nUGFyYW0yLk9URW1wSUQiIERpc3BsYXlOYW1lPSIiIERlc2NyaXB0aW9uPSIiPg0KICAgICAgICAgIDxSdWxlUGFyYW1ldGVycz4NCiAgICAgICAgICAgIDxSdWxlUGFyYW1ldGVyIE5hbWU9IlN0YXJ0c1dpdGgiIFZhbHVlPSImYW1wO2FtcDtPVEVtcElEPSIgLz4NCiAgICAgICAgICAgIDxSdWxlUGFyYW1ldGVyIE5hbWU9IkVuZHNXaXRoIiBWYWx1ZT0iJmFtcDsiIC8+DQogICAgICAgICAgICA8UnVsZVBhcmFtZXRlciBOYW1lPSJJbmRleCIgVmFsdWU9IjAiIC8+DQogICAgICAgICAgICA8UnVsZVBhcmFtZXRlciBOYW1lPSJJZ25vcmVDYXNlIiBWYWx1ZT0iRmFsc2UiIC8+DQogICAgICAgICAgICA8UnVsZVBhcmFtZXRlciBOYW1lPSJVc2VSZWd1bGFyRXhwcmVzc2lvbiIgVmFsdWU9IkZhbHNlIiAvPg0KICAgICAgICAgICAgPFJ1bGVQYXJhbWV0ZXIgTmFtZT0iSHRtbERlY29kZSIgVmFsdWU9IlRydWUiIC8+DQogICAgICAgICAgICA8UnVsZVBhcmFtZXRlciBOYW1lPSJSZXF1aXJlZCIgVmFsdWU9IkZhbHNlIiAvPg0KICAgICAgICAgIDwvUnVsZVBhcmFtZXRlcnM+DQogICAgICAgIDwvRXh0cmFjdGlvblJ1bGU+DQogICAgICAgIDxFeHRyYWN0aW9uUnVsZSBDbGFzc25hbWU9Ik1pY3Jvc29mdC5WaXN1YWxTdHVkaW8uVGVzdFRvb2xzLldlYlRlc3RpbmcuUnVsZXMuRXh0cmFjdFRleHQsIE1pY3Jvc29mdC5WaXN1YWxTdHVkaW8uUXVhbGl0eVRvb2xzLldlYlRlc3RGcmFtZXdvcmssIFZlcnNpb249MTAuMC4wLjAsIEN1bHR1cmU9bmV1dHJhbCwgUHVibGljS2V5VG9rZW49YjAzZjVmN2YxMWQ1MGEzYSIgVmFyaWFibGVOYW1lPSJRdWVyeVN0cmluZ1BhcmFtMy5PVFN0YXJ0RGF0ZSIgRGlzcGxheU5hbWU9IiIgRGVzY3JpcHRpb249IiI+DQogICAgICAgICAgPFJ1bGVQYXJhbWV0ZXJzPg0KICAgICAgICAgICAgPFJ1bGVQYXJhbWV0ZXIgTmFtZT0iU3RhcnRzV2l0aCIgVmFsdWU9IiZhbXA7YW1wO09UU3RhcnREYXRlPSIgLz4NCiAgICAgICAgICAgIDxSdWxlUGFyYW1ldGVyIE5hbWU9IkVuZHNXaXRoIiBWYWx1ZT0iJmFtcDsiIC8+DQogICAgICAgICAgICA8UnVsZVBhcmFtZXRlciBOYW1lPSJJbmRleCIgVmFsdWU9IjAiIC8+DQogICAgICAgICAgICA8UnVsZVBhcmFtZXRlciBOYW1lPSJJZ25vcmVDYXNlIiBWYWx1ZT0iRmFsc2UiIC8+DQogICAgICAgICAgICA8UnVsZVBhcmFtZXRlciBOYW1lPSJVc2VSZWd1bGFyRXhwcmVzc2lvbiIgVmFsdWU9IkZhbHNlIiAvPg0KICAgICAgICAgICAgPFJ1bGVQYXJhbWV0ZXIgTmFtZT0iSHRtbERlY29kZSIgVmFsdWU9IlRydWUiIC8+DQogICAgICAgICAgICA8UnVsZVBhcmFtZXRlciBOYW1lPSJSZXF1aXJlZCIgVmFsdWU9IkZhbHNlIiAvPg0KICAgICAgICAgIDwvUnVsZVBhcmFtZXRlcnM+DQogICAgICAgIDwvRXh0cmFjdGlvblJ1bGU+DQogICAgICAgIDxFeHRyYWN0aW9uUnVsZSBDbGFzc25hbWU9Ik1pY3Jvc29mdC5WaXN1YWxTdHVkaW8uVGVzdFRvb2xzLldlYlRlc3RpbmcuUnVsZXMuRXh0cmFjdFRleHQsIE1pY3Jvc29mdC5WaXN1YWxTdHVkaW8uUXVhbGl0eVRvb2xzLldlYlRlc3RGcmFtZXdvcmssIFZlcnNpb249MTAuMC4wLjAsIEN1bHR1cmU9bmV1dHJhbCwgUHVibGljS2V5VG9rZW49YjAzZjVmN2YxMWQ1MGEzYSIgVmFyaWFibGVOYW1lPSJRdWVyeVN0cmluZ1BhcmFtNC5PVEVuZERhdGUiIERpc3BsYXlOYW1lPSIiIERlc2NyaXB0aW9uPSIiPg0KICAgICAgICAgIDxSdWxlUGFyYW1ldGVycz4NCiAgICAgICAgICAgIDxSdWxlUGFyYW1ldGVyIE5hbWU9IlN0YXJ0c1dpdGgiIFZhbHVlPSImYW1wO2FtcDtPVEVuZERhdGU9IiAvPg0KICAgICAgICAgICAgPFJ1bGVQYXJhbWV0ZXIgTmFtZT0iRW5kc1dpdGgiIFZhbHVlPSImYW1wOyIgLz4NCiAgICAgICAgICAgIDxSdWxlUGFyYW1ldGVyIE5hbWU9IkluZGV4IiBWYWx1ZT0iMCIgLz4NCiAgICAgICAgICAgIDxSdWxlUGFyYW1ldGVyIE5hbWU9Iklnbm9yZUNhc2UiIFZhbHVlPSJGYWxzZSIgLz4NCiAgICAgICAgICAgIDxSdWxlUGFyYW1ldGVyIE5hbWU9IlVzZVJlZ3VsYXJFeHByZXNzaW9uIiBWYWx1ZT0iRmFsc2UiIC8+DQogICAgICAgICAgICA8UnVsZVBhcmFtZXRlciBOYW1lPSJIdG1sRGVjb2RlIiBWYWx1ZT0iVHJ1ZSIgLz4NCiAgICAgICAgICAgIDxSdWxlUGFyYW1ldGVyIE5hbWU9IlJlcXVpcmVkIiBWYWx1ZT0iRmFsc2UiIC8+DQogICAgICAgICAgPC9SdWxlUGFyYW1ldGVycz4NCiAgICAgICAgPC9FeHRyYWN0aW9uUnVsZT4NCiAgICAgICAgPEV4dHJhY3Rpb25SdWxlIENsYXNzbmFtZT0iTWljcm9zb2Z0LlZpc3VhbFN0dWRpby5UZXN0VG9vbHMuV2ViVGVzdGluZy5SdWxlcy5FeHRyYWN0VGV4dCwgTWljcm9zb2Z0LlZpc3VhbFN0dWRpby5RdWFsaXR5VG9vbHMuV2ViVGVzdEZyYW1ld29yaywgVmVyc2lvbj0xMC4wLjAuMCwgQ3VsdHVyZT1uZXV0cmFsLCBQdWJsaWNLZXlUb2tlbj1iMDNmNWY3ZjExZDUwYTNhIiBWYXJpYWJsZU5hbWU9IlF1ZXJ5U3RyaW5nUGFyYW01Lk9UU3RhcnRUaW1lIiBEaXNwbGF5TmFtZT0iIiBEZXNjcmlwdGlvbj0iIj4NCiAgICAgICAgICA8UnVsZVBhcmFtZXRlcnM+DQogICAgICAgICAgICA8UnVsZVBhcmFtZXRlciBOYW1lPSJTdGFydHNXaXRoIiBWYWx1ZT0iJmFtcDthbXA7T1RTdGFydFRpbWU9IiAvPg0KICAgICAgICAgICAgPFJ1bGVQYXJhbWV0ZXIgTmFtZT0iRW5kc1dpdGgiIFZhbHVlPSImYW1wOyIgLz4NCiAgICAgICAgICAgIDxSdWxlUGFyYW1ldGVyIE5hbWU9IkluZGV4IiBWYWx1ZT0iMCIgLz4NCiAgICAgICAgICAgIDxSdWxlUGFyYW1ldGVyIE5hbWU9Iklnbm9yZUNhc2UiIFZhbHVlPSJGYWxzZSIgLz4NCiAgICAgICAgICAgIDxSdWxlUGFyYW1ldGVyIE5hbWU9IlVzZVJlZ3VsYXJFeHByZXNzaW9uIiBWYWx1ZT0iRmFsc2UiIC8+DQogICAgICAgICAgICA8UnVsZVBhcmFtZXRlciBOYW1lPSJIdG1sRGVjb2RlIiBWYWx1ZT0iVHJ1ZSIgLz4NCiAgICAgICAgICAgIDxSdWxlUGFyYW1ldGVyIE5hbWU9IlJlcXVpcmVkIiBWYWx1ZT0iRmFsc2UiIC8+DQogICAgICAgICAgPC9SdWxlUGFyYW1ldGVycz4NCiAgICAgICAgPC9FeHRyYWN0aW9uUnVsZT4NCiAgICAgICAgPEV4dHJhY3Rpb25SdWxlIENsYXNzbmFtZT0iTWljcm9zb2Z0LlZpc3VhbFN0dWRpby5UZXN0VG9vbHMuV2ViVGVzdGluZy5SdWxlcy5FeHRyYWN0VGV4dCwgTWljcm9zb2Z0LlZpc3VhbFN0dWRpby5RdWFsaXR5VG9vbHMuV2ViVGVzdEZyYW1ld29yaywgVmVyc2lvbj0xMC4wLjAuMCwgQ3VsdHVyZT1uZXV0cmFsLCBQdWJsaWNLZXlUb2tlbj1iMDNmNWY3ZjExZDUwYTNhIiBWYXJpYWJsZU5hbWU9IlF1ZXJ5U3RyaW5nUGFyYW02Lk9URW5kVGltZSIgRGlzcGxheU5hbWU9IiIgRGVzY3JpcHRpb249IiI+DQogICAgICAgICAgPFJ1bGVQYXJhbWV0ZXJzPg0KICAgICAgICAgICAgPFJ1bGVQYXJhbWV0ZXIgTmFtZT0iU3RhcnRzV2l0aCIgVmFsdWU9IiZhbXA7YW1wO09URW5kVGltZT0iIC8+DQogICAgICAgICAgICA8UnVsZVBhcmFtZXRlciBOYW1lPSJFbmRzV2l0aCIgVmFsdWU9IiZhbXA7IiAvPg0KICAgICAgICAgICAgPFJ1bGVQYXJhbWV0ZXIgTmFtZT0iSW5kZXgiIFZhbHVlPSIwIiAvPg0KICAgICAgICAgICAgPFJ1bGVQYXJhbWV0ZXIgTmFtZT0iSWdub3JlQ2FzZSIgVmFsdWU9IkZhbHNlIiAvPg0KICAgICAgICAgICAgPFJ1bGVQYXJhbWV0ZXIgTmFtZT0iVXNlUmVndWxhckV4cHJlc3Npb24iIFZhbHVlPSJGYWxzZSIgLz4NCiAgICAgICAgICAgIDxSdWxlUGFyYW1ldGVyIE5hbWU9Ikh0bWxEZWNvZGUiIFZhbHVlPSJUcnVlIiAvPg0KICAgICAgICAgICAgPFJ1bGVQYXJhbWV0ZXIgTmFtZT0iUmVxdWlyZWQiIFZhbHVlPSJGYWxzZSIgLz4NCiAgICAgICAgICA8L1J1bGVQYXJhbWV0ZXJzPg0KICAgICAgICA8L0V4dHJhY3Rpb25SdWxlPg0KICAgICAgICA8RXh0cmFjdGlvblJ1bGUgQ2xhc3NuYW1lPSJNaWNyb3NvZnQuVmlzdWFsU3R1ZGlvLlRlc3RUb29scy5XZWJUZXN0aW5nLlJ1bGVzLkV4dHJhY3RUZXh0LCBNaWNyb3NvZnQuVmlzdWFsU3R1ZGlvLlF1YWxpdHlUb29scy5XZWJUZXN0RnJhbWV3b3JrLCBWZXJzaW9uPTEwLjAuMC4wLCBDdWx0dXJlPW5ldXRyYWwsIFB1YmxpY0tleVRva2VuPWIwM2Y1ZjdmMTFkNTBhM2EiIFZhcmlhYmxlTmFtZT0iUXVlcnlTdHJpbmdQYXJhbTguT1RGb3JtTk8iIERpc3BsYXlOYW1lPSIiIERlc2NyaXB0aW9uPSIiPg0KICAgICAgICAgIDxSdWxlUGFyYW1ldGVycz4NCiAgICAgICAgICAgIDxSdWxlUGFyYW1ldGVyIE5hbWU9IlN0YXJ0c1dpdGgiIFZhbHVlPSImYW1wO2FtcDtPVEZvcm1OTz0iIC8+DQogICAgICAgICAgICA8UnVsZVBhcmFtZXRlciBOYW1lPSJFbmRzV2l0aCIgVmFsdWU9IiZxdW90OyIgLz4NCiAgICAgICAgICAgIDxSdWxlUGFyYW1ldGVyIE5hbWU9IkluZGV4IiBWYWx1ZT0iMCIgLz4NCiAgICAgICAgICAgIDxSdWxlUGFyYW1ldGVyIE5hbWU9Iklnbm9yZUNhc2UiIFZhbHVlPSJGYWxzZSIgLz4NCiAgICAgICAgICAgIDxSdWxlUGFyYW1ldGVyIE5hbWU9IlVzZVJlZ3VsYXJFeHByZXNzaW9uIiBWYWx1ZT0iRmFsc2UiIC8+DQogICAgICAgICAgICA8UnVsZVBhcmFtZXRlciBOYW1lPSJIdG1sRGVjb2RlIiBWYWx1ZT0iVHJ1ZSIgLz4NCiAgICAgICAgICAgIDxSdWxlUGFyYW1ldGVyIE5hbWU9IlJlcXVpcmVkIiBWYWx1ZT0iRmFsc2UiIC8+DQogICAgICAgICAgPC9SdWxlUGFyYW1ldGVycz4NCiAgICAgICAgPC9FeHRyYWN0aW9uUnVsZT4NCiAgICAgICAgPEV4dHJhY3Rpb25SdWxlIENsYXNzbmFtZT0iTWljcm9zb2Z0LlZpc3VhbFN0dWRpby5UZXN0VG9vbHMuV2ViVGVzdGluZy5SdWxlcy5FeHRyYWN0Rm9ybUZpZWxkLCBNaWNyb3NvZnQuVmlzdWFsU3R1ZGlvLlF1YWxpdHlUb29scy5XZWJUZXN0RnJhbWV3b3JrLCBWZXJzaW9uPTEwLjAuMC4wLCBDdWx0dXJlPW5ldXRyYWwsIFB1YmxpY0tleVRva2VuPWIwM2Y1ZjdmMTFkNTBhM2EiIFZhcmlhYmxlTmFtZT0iRm9ybVBvc3RQYXJhbTUuYnRuRXhpdCIgRGlzcGxheU5hbWU9IiIgRGVzY3JpcHRpb249IiI+DQogICAgICAgICAgPFJ1bGVQYXJhbWV0ZXJzPg0KICAgICAgICAgICAgPFJ1bGVQYXJhbWV0ZXIgTmFtZT0iTmFtZSIgVmFsdWU9ImJ0bkV4aXQiIC8+DQogICAgICAgICAgICA8UnVsZVBhcmFtZXRlciBOYW1lPSJIdG1sRGVjb2RlIiBWYWx1ZT0iVHJ1ZSIgLz4NCiAgICAgICAgICAgIDxSdWxlUGFyYW1ldGVyIE5hbWU9IlJlcXVpcmVkIiBWYWx1ZT0iRmFsc2UiIC8+DQogICAgICAgICAgICA8UnVsZVBhcmFtZXRlciBOYW1lPSJJbmRleCIgVmFsdWU9IjAiIC8+DQogICAgICAgICAgPC9SdWxlUGFyYW1ldGVycz4NCiAgICAgICAgPC9FeHRyYWN0aW9uUnVsZT4NCiAgICAgICAgPEV4dHJhY3Rpb25SdWxlIENsYXNzbmFtZT0iTWljcm9zb2Z0LlZpc3VhbFN0dWRpby5UZXN0VG9vbHMuV2ViVGVzdGluZy5SdWxlcy5FeHRyYWN0Rm9ybUZpZWxkLCBNaWNyb3NvZnQuVmlzdWFsU3R1ZGlvLlF1YWxpdHlUb29scy5XZWJUZXN0RnJhbWV3b3JrLCBWZXJzaW9uPTEwLjAuMC4wLCBDdWx0dXJlPW5ldXRyYWwsIFB1YmxpY0tleVRva2VuPWIwM2Y1ZjdmMTFkNTBhM2EiIFZhcmlhYmxlTmFtZT0iRm9ybVBvc3RQYXJhbTYudWNEYXRlU3RhcnQkdHh0RGF0ZSIgRGlzcGxheU5hbWU9IiIgRGVzY3JpcHRpb249IiI+DQogICAgICAgICAgPFJ1bGVQYXJhbWV0ZXJzPg0KICAgICAgICAgICAgPFJ1bGVQYXJhbWV0ZXIgTmFtZT0iTmFtZSIgVmFsdWU9InVjRGF0ZVN0YXJ0X3R4dERhdGUiIC8+DQogICAgICAgICAgICA8UnVsZVBhcmFtZXRlciBOYW1lPSJIdG1sRGVjb2RlIiBWYWx1ZT0iVHJ1ZSIgLz4NCiAgICAgICAgICAgIDxSdWxlUGFyYW1ldGVyIE5hbWU9IlJlcXVpcmVkIiBWYWx1ZT0iRmFsc2UiIC8+DQogICAgICAgICAgICA8UnVsZVBhcmFtZXRlciBOYW1lPSJJbmRleCIgVmFsdWU9IjAiIC8+DQogICAgICAgICAgPC9SdWxlUGFyYW1ldGVycz4NCiAgICAgICAgPC9FeHRyYWN0aW9uUnVsZT4NCiAgICAgICAgPEV4dHJhY3Rpb25SdWxlIENsYXNzbmFtZT0iTWljcm9zb2Z0LlZpc3VhbFN0dWRpby5UZXN0VG9vbHMuV2ViVGVzdGluZy5SdWxlcy5FeHRyYWN0Rm9ybUZpZWxkLCBNaWNyb3NvZnQuVmlzdWFsU3R1ZGlvLlF1YWxpdHlUb29scy5XZWJUZXN0RnJhbWV3b3JrLCBWZXJzaW9uPTEwLjAuMC4wLCBDdWx0dXJlPW5ldXRyYWwsIFB1YmxpY0tleVRva2VuPWIwM2Y1ZjdmMTFkNTBhM2EiIFZhcmlhYmxlTmFtZT0iRm9ybVBvc3RQYXJhbTcudWNEYXRlRW5kJHR4dERhdGUiIERpc3BsYXlOYW1lPSIiIERlc2NyaXB0aW9uPSIiPg0KICAgICAgICAgIDxSdWxlUGFyYW1ldGVycz4NCiAgICAgICAgICAgIDxSdWxlUGFyYW1ldGVyIE5hbWU9Ik5hbWUiIFZhbHVlPSJ1Y0RhdGVFbmRfdHh0RGF0ZSIgLz4NCiAgICAgICAgICAgIDxSdWxlUGFyYW1ldGVyIE5hbWU9Ikh0bWxEZWNvZGUiIFZhbHVlPSJUcnVlIiAvPg0KICAgICAgICAgICAgPFJ1bGVQYXJhbWV0ZXIgTmFtZT0iUmVxdWlyZWQiIFZhbHVlPSJGYWxzZSIgLz4NCiAgICAgICAgICAgIDxSdWxlUGFyYW1ldGVyIE5hbWU9IkluZGV4IiBWYWx1ZT0iMCIgLz4NCiAgICAgICAgICA8L1J1bGVQYXJhbWV0ZXJzPg0KICAgICAgICA8L0V4dHJhY3Rpb25SdWxlPg0KICAgICAgICA8RXh0cmFjdGlvblJ1bGUgQ2xhc3NuYW1lPSJNaWNyb3NvZnQuVmlzdWFsU3R1ZGlvLlRlc3RUb29scy5XZWJUZXN0aW5nLlJ1bGVzLkV4dHJhY3RUZXh0LCBNaWNyb3NvZnQuVmlzdWFsU3R1ZGlvLlF1YWxpdHlUb29scy5XZWJUZXN0RnJhbWV3b3JrLCBWZXJzaW9uPTEwLjAuMC4wLCBDdWx0dXJlPW5ldXRyYWwsIFB1YmxpY0tleVRva2VuPWIwM2Y1ZjdmMTFkNTBhM2EiIFZhcmlhYmxlTmFtZT0iRm9ybVBvc3RQYXJhbTguT1RUaW1lU3RhcnQkZGRsSEgiIERpc3BsYXlOYW1lPSIiIERlc2NyaXB0aW9uPSIiPg0KICAgICAgICAgIDxSdWxlUGFyYW1ldGVycz4NCiAgICAgICAgICAgIDxSdWxlUGFyYW1ldGVyIE5hbWU9IlN0YXJ0c1dpdGgiIFZhbHVlPSJsdWU9JnF1b3Q7IiAvPg0KICAgICAgICAgICAgPFJ1bGVQYXJhbWV0ZXIgTmFtZT0iRW5kc1dpdGgiIFZhbHVlPSImcXVvdDsmZ3Q7MDAmbHQ7IiAvPg0KICAgICAgICAgICAgPFJ1bGVQYXJhbWV0ZXIgTmFtZT0iSW5kZXgiIFZhbHVlPSIyMyIgLz4NCiAgICAgICAgICAgIDxSdWxlUGFyYW1ldGVyIE5hbWU9Iklnbm9yZUNhc2UiIFZhbHVlPSJGYWxzZSIgLz4NCiAgICAgICAgICAgIDxSdWxlUGFyYW1ldGVyIE5hbWU9IlVzZVJlZ3VsYXJFeHByZXNzaW9uIiBWYWx1ZT0iRmFsc2UiIC8+DQogICAgICAgICAgICA8UnVsZVBhcmFtZXRlciBOYW1lPSJIdG1sRGVjb2RlIiBWYWx1ZT0iVHJ1ZSIgLz4NCiAgICAgICAgICAgIDxSdWxlUGFyYW1ldGVyIE5hbWU9IlJlcXVpcmVkIiBWYWx1ZT0iRmFsc2UiIC8+DQogICAgICAgICAgPC9SdWxlUGFyYW1ldGVycz4NCiAgICAgICAgPC9FeHRyYWN0aW9uUnVsZT4NCiAgICAgICAgPEV4dHJhY3Rpb25SdWxlIENsYXNzbmFtZT0iTWljcm9zb2Z0LlZpc3VhbFN0dWRpby5UZXN0VG9vbHMuV2ViVGVzdGluZy5SdWxlcy5FeHRyYWN0VGV4dCwgTWljcm9zb2Z0LlZpc3VhbFN0dWRpby5RdWFsaXR5VG9vbHMuV2ViVGVzdEZyYW1ld29yaywgVmVyc2lvbj0xMC4wLjAuMCwgQ3VsdHVyZT1uZXV0cmFsLCBQdWJsaWNLZXlUb2tlbj1iMDNmNWY3ZjExZDUwYTNhIiBWYXJpYWJsZU5hbWU9IkZvcm1Qb3N0UGFyYW05Lk9UVGltZVN0YXJ0JGRkbE1NIiBEaXNwbGF5TmFtZT0iIiBEZXNjcmlwdGlvbj0iIj4NCiAgICAgICAgICA8UnVsZVBhcmFtZXRlcnM+DQogICAgICAgICAgICA8UnVsZVBhcmFtZXRlciBOYW1lPSJTdGFydHNXaXRoIiBWYWx1ZT0ibHVlPSZxdW90OyIgLz4NCiAgICAgICAgICAgIDxSdWxlUGFyYW1ldGVyIE5hbWU9IkVuZHNXaXRoIiBWYWx1ZT0iJnF1b3Q7Jmd0OzAwJmx0OyIgLz4NCiAgICAgICAgICAgIDxSdWxlUGFyYW1ldGVyIE5hbWU9IkluZGV4IiBWYWx1ZT0iMjMiIC8+DQogICAgICAgICAgICA8UnVsZVBhcmFtZXRlciBOYW1lPSJJZ25vcmVDYXNlIiBWYWx1ZT0iRmFsc2UiIC8+DQogICAgICAgICAgICA8UnVsZVBhcmFtZXRlciBOYW1lPSJVc2VSZWd1bGFyRXhwcmVzc2lvbiIgVmFsdWU9IkZhbHNlIiAvPg0KICAgICAgICAgICAgPFJ1bGVQYXJhbWV0ZXIgTmFtZT0iSHRtbERlY29kZSIgVmFsdWU9IlRydWUiIC8+DQogICAgICAgICAgICA8UnVsZVBhcmFtZXRlciBOYW1lPSJSZXF1aXJlZCIgVmFsdWU9IkZhbHNlIiAvPg0KICAgICAgICAgIDwvUnVsZVBhcmFtZXRlcnM+DQogICAgICAgIDwvRXh0cmFjdGlvblJ1bGU+DQogICAgICAgIDxFeHRyYWN0aW9uUnVsZSBDbGFzc25hbWU9Ik1pY3Jvc29mdC5WaXN1YWxTdHVkaW8uVGVzdFRvb2xzLldlYlRlc3RpbmcuUnVsZXMuRXh0cmFjdFRleHQsIE1pY3Jvc29mdC5WaXN1YWxTdHVkaW8uUXVhbGl0eVRvb2xzLldlYlRlc3RGcmFtZXdvcmssIFZlcnNpb249MTAuMC4wLjAsIEN1bHR1cmU9bmV1dHJhbCwgUHVibGljS2V5VG9rZW49YjAzZjVmN2YxMWQ1MGEzYSIgVmFyaWFibGVOYW1lPSJGb3JtUG9zdFBhcmFtMTAuT1RUaW1lRW5kJGRkbEhIIiBEaXNwbGF5TmFtZT0iIiBEZXNjcmlwdGlvbj0iIj4NCiAgICAgICAgICA8UnVsZVBhcmFtZXRlcnM+DQogICAgICAgICAgICA8UnVsZVBhcmFtZXRlciBOYW1lPSJTdGFydHNXaXRoIiBWYWx1ZT0ibHVlPSZxdW90OyIgLz4NCiAgICAgICAgICAgIDxSdWxlUGFyYW1ldGVyIE5hbWU9IkVuZHNXaXRoIiBWYWx1ZT0iJnF1b3Q7Jmd0OzAxJmx0OyIgLz4NCiAgICAgICAgICAgIDxSdWxlUGFyYW1ldGVyIE5hbWU9IkluZGV4IiBWYWx1ZT0iMjQiIC8+DQogICAgICAgICAgICA8UnVsZVBhcmFtZXRlciBOYW1lPSJJZ25vcmVDYXNlIiBWYWx1ZT0iRmFsc2UiIC8+DQogICAgICAgICAgICA8UnVsZVBhcmFtZXRlciBOYW1lPSJVc2VSZWd1bGFyRXhwcmVzc2lvbiIgVmFsdWU9IkZhbHNlIiAvPg0KICAgICAgICAgICAgPFJ1bGVQYXJhbWV0ZXIgTmFtZT0iSHRtbERlY29kZSIgVmFsdWU9IlRydWUiIC8+DQogICAgICAgICAgICA8UnVsZVBhcmFtZXRlciBOYW1lPSJSZXF1aXJlZCIgVmFsdWU9IkZhbHNlIiAvPg0KICAgICAgICAgIDwvUnVsZVBhcmFtZXRlcnM+DQogICAgICAgIDwvRXh0cmFjdGlvblJ1bGU+DQogICAgICAgIDxFeHRyYWN0aW9uUnVsZSBDbGFzc25hbWU9Ik1pY3Jvc29mdC5WaXN1YWxTdHVkaW8uVGVzdFRvb2xzLldlYlRlc3RpbmcuUnVsZXMuRXh0cmFjdFRleHQsIE1pY3Jvc29mdC5WaXN1YWxTdHVkaW8uUXVhbGl0eVRvb2xzLldlYlRlc3RGcmFtZXdvcmssIFZlcnNpb249MTAuMC4wLjAsIEN1bHR1cmU9bmV1dHJhbCwgUHVibGljS2V5VG9rZW49YjAzZjVmN2YxMWQ1MGEzYSIgVmFyaWFibGVOYW1lPSJGb3JtUG9zdFBhcmFtMTEuT1RUaW1lRW5kJGRkbE1NIiBEaXNwbGF5TmFtZT0iIiBEZXNjcmlwdGlvbj0iIj4NCiAgICAgICAgICA8UnVsZVBhcmFtZXRlcnM+DQogICAgICAgICAgICA8UnVsZVBhcmFtZXRlciBOYW1lPSJTdGFydHNXaXRoIiBWYWx1ZT0ibHVlPSZxdW90OyIgLz4NCiAgICAgICAgICAgIDxSdWxlUGFyYW1ldGVyIE5hbWU9IkVuZHNXaXRoIiBWYWx1ZT0iJnF1b3Q7Jmd0OzAwJmx0OyIgLz4NCiAgICAgICAgICAgIDxSdWxlUGFyYW1ldGVyIE5hbWU9IkluZGV4IiBWYWx1ZT0iMjMiIC8+DQogICAgICAgICAgICA8UnVsZVBhcmFtZXRlciBOYW1lPSJJZ25vcmVDYXNlIiBWYWx1ZT0iRmFsc2UiIC8+DQogICAgICAgICAgICA8UnVsZVBhcmFtZXRlciBOYW1lPSJVc2VSZWd1bGFyRXhwcmVzc2lvbiIgVmFsdWU9IkZhbHNlIiAvPg0KICAgICAgICAgICAgPFJ1bGVQYXJhbWV0ZXIgTmFtZT0iSHRtbERlY29kZSIgVmFsdWU9IlRydWUiIC8+DQogICAgICAgICAgICA8UnVsZVBhcmFtZXRlciBOYW1lPSJSZXF1aXJlZCIgVmFsdWU9IkZhbHNlIiAvPg0KICAgICAgICAgIDwvUnVsZVBhcmFtZXRlcnM+DQogICAgICAgIDwvRXh0cmFjdGlvblJ1bGU+DQogICAgICAgIDxFeHRyYWN0aW9uUnVsZSBDbGFzc25hbWU9Ik1pY3Jvc29mdC5WaXN1YWxTdHVkaW8uVGVzdFRvb2xzLldlYlRlc3RpbmcuUnVsZXMuRXh0cmFjdFRleHQsIE1pY3Jvc29mdC5WaXN1YWxTdHVkaW8uUXVhbGl0eVRvb2xzLldlYlRlc3RGcmFtZXdvcmssIFZlcnNpb249MTAuMC4wLjAsIEN1bHR1cmU9bmV1dHJhbCwgUHVibGljS2V5VG9rZW49YjAzZjVmN2YxMWQ1MGEzYSIgVmFyaWFibGVOYW1lPSJGb3JtUG9zdFBhcmFtMTIuZGRsT1RUeXBlSUQiIERpc3BsYXlOYW1lPSIiIERlc2NyaXB0aW9uPSIiPg0KICAgICAgICAgIDxSdWxlUGFyYW1ldGVycz4NCiAgICAgICAgICAgIDxSdWxlUGFyYW1ldGVyIE5hbWU9IlN0YXJ0c1dpdGgiIFZhbHVlPSImcXVvdDs4JnF1b3Q7LCZxdW90OyIgLz4NCiAgICAgICAgICAgIDxSdWxlUGFyYW1ldGVyIE5hbWU9IkVuZHNXaXRoIiBWYWx1ZT0iJnF1b3Q7XSwmcXVvdDtEIiAvPg0KICAgICAgICAgICAgPFJ1bGVQYXJhbWV0ZXIgTmFtZT0iSW5kZXgiIFZhbHVlPSIwIiAvPg0KICAgICAgICAgICAgPFJ1bGVQYXJhbWV0ZXIgTmFtZT0iSWdub3JlQ2FzZSIgVmFsdWU9IkZhbHNlIiAvPg0KICAgICAgICAgICAgPFJ1bGVQYXJhbWV0ZXIgTmFtZT0iVXNlUmVndWxhckV4cHJlc3Npb24iIFZhbHVlPSJGYWxzZSIgLz4NCiAgICAgICAgICAgIDxSdWxlUGFyYW1ldGVyIE5hbWU9Ikh0bWxEZWNvZGUiIFZhbHVlPSJUcnVlIiAvPg0KICAgICAgICAgICAgPFJ1bGVQYXJhbWV0ZXIgTmFtZT0iUmVxdWlyZWQiIFZhbHVlPSJGYWxzZSIgLz4NCiAgICAgICAgICA8L1J1bGVQYXJhbWV0ZXJzPg0KICAgICAgICA8L0V4dHJhY3Rpb25SdWxlPg0KICAgICAgPC9Db3JyZWxhdGlvbkV4dHJhY3Rpb25SdWxlcz4NCiAgICAgIDxRdWVyeVN0cmluZ1BhcmFtZXRlcnM+DQogICAgICAgIDxRdWVyeVN0cmluZ1BhcmFtZXRlciBOYW1lPSJPVENvbXBJRCIgVmFsdWU9IlNQSEJLMSIgUmVjb3JkZWRWYWx1ZT0iU1BIQksxIiBDb3JyZWxhdGlvbkJpbmRpbmc9Int7UXVlcnlTdHJpbmdQYXJhbTkuT1RDb21wSUR9fSIgVXJsRW5jb2RlPSJGYWxzZSIgVXNlVG9Hcm91cFJlc3VsdHM9IkZhbHNlIiAvPg0KICAgICAgICA8UXVlcnlTdHJpbmdQYXJhbWV0ZXIgTmFtZT0iT1RFbXBJRCIgVmFsdWU9IjEwMjExOSIgUmVjb3JkZWRWYWx1ZT0iMTAyMTE5IiBDb3JyZWxhdGlvbkJpbmRpbmc9Int7UXVlcnlTdHJpbmdQYXJhbTEwLk9URW1wSUR9fSIgVXJsRW5jb2RlPSJGYWxzZSIgVXNlVG9Hcm91cFJlc3VsdHM9IkZhbHNlIiAvPg0KICAgICAgICA8UXVlcnlTdHJpbmdQYXJhbWV0ZXIgTmFtZT0iT1RTdGFydERhdGUiIFZhbHVlPSIyMDE3JTJmMDUlMmYxMSIgUmVjb3JkZWRWYWx1ZT0iMjAxNyUyZjA1JTJmMTEiIENvcnJlbGF0aW9uQmluZGluZz0ie3tRdWVyeVN0cmluZ1BhcmFtMTEuT1RTdGFydERhdGV9fSIgVXJsRW5jb2RlPSJGYWxzZSIgVXNlVG9Hcm91cFJlc3VsdHM9IkZhbHNlIiAvPg0KICAgICAgICA8UXVlcnlTdHJpbmdQYXJhbWV0ZXIgTmFtZT0iT1RFbmREYXRlIiBWYWx1ZT0iMjAxNyUyZjA1JTJmMTEiIFJlY29yZGVkVmFsdWU9IjIwMTclMmYwNSUyZjExIiBDb3JyZWxhdGlvbkJpbmRpbmc9Int7UXVlcnlTdHJpbmdQYXJhbTEyLk9URW5kRGF0ZX19IiBVcmxFbmNvZGU9IkZhbHNlIiBVc2VUb0dyb3VwUmVzdWx0cz0iRmFsc2UiIC8+DQogICAgICAgIDxRdWVyeVN0cmluZ1BhcmFtZXRlciBOYW1lPSJPVFN0YXJ0VGltZSIgVmFsdWU9IjAwMDAiIFJlY29yZGVkVmFsdWU9IjAwMDAiIENvcnJlbGF0aW9uQmluZGluZz0ie3tRdWVyeVN0cmluZ1BhcmFtMTMuT1RTdGFydFRpbWV9fSIgVXJsRW5jb2RlPSJGYWxzZSIgVXNlVG9Hcm91cFJlc3VsdHM9IkZhbHNlIiAvPg0KICAgICAgICA8UXVlcnlTdHJpbmdQYXJhbWV0ZXIgTmFtZT0iT1RFbmRUaW1lIiBWYWx1ZT0iMDEwMCIgUmVjb3JkZWRWYWx1ZT0iMDEwMCIgQ29ycmVsYXRpb25CaW5kaW5nPSJ7e1F1ZXJ5U3RyaW5nUGFyYW0xNC5PVEVuZFRpbWV9fSIgVXJsRW5jb2RlPSJGYWxzZSIgVXNlVG9Hcm91cFJlc3VsdHM9IkZhbHNlIiAvPg0KICAgICAgICA8UXVlcnlTdHJpbmdQYXJhbWV0ZXIgTmFtZT0iT1RUeG5JRCIgVmFsdWU9Int7UXVlcnlTdHJpbmdQYXJhbTE1Lk9UVHhuSUR9fSIgUmVjb3JkZWRWYWx1ZT0iU1BIQksxMTAyMTE5MjAxNzA1MTE1NSIgQ29ycmVsYXRpb25CaW5kaW5nPSJ7e1F1ZXJ5U3RyaW5nUGFyYW0xNS5PVFR4bklEfX0iIFVybEVuY29kZT0iRmFsc2UiIFVzZVRvR3JvdXBSZXN1bHRzPSJGYWxzZSIgLz4NCiAgICAgICAgPFF1ZXJ5U3RyaW5nUGFyYW1ldGVyIE5hbWU9Ik9URm9ybU5PIiBWYWx1ZT0iMjAxNzA1MTE2MDEwMjExOSIgUmVjb3JkZWRWYWx1ZT0iMjAxNzA1MTE2MDEwMjExOSIgQ29ycmVsYXRpb25CaW5kaW5nPSJ7e1F1ZXJ5U3RyaW5nUGFyYW0xNi5PVEZvcm1OT319IiBVcmxFbmNvZGU9IkZhbHNlIiBVc2VUb0dyb3VwUmVzdWx0cz0iRmFsc2UiIC8+DQogICAgICA8L1F1ZXJ5U3RyaW5nUGFyYW1ldGVycz4NCiAgICAgIDxGb3JtUG9zdEh0dHBCb2R5Pg0KICAgICAgICA8Rm9ybVBvc3RQYXJhbWV0ZXIgTmFtZT0iVG9vbGtpdFNjcmlwdE1hbmFnZXIxX0hpZGRlbkZpZWxkIiBWYWx1ZT0ie3skSElEREVOMS5Ub29sa2l0U2NyaXB0TWFuYWdlcjFfSGlkZGVuRmllbGR9fSIgUmVjb3JkZWRWYWx1ZT0iIiBDb3JyZWxhdGlvbkJpbmRpbmc9IiIgVXJsRW5jb2RlPSJUcnVlIiAvPg0KICAgICAgICA8Rm9ybVBvc3RQYXJhbWV0ZXIgTmFtZT0iX19FVkVOVFRBUkdFVCIgVmFsdWU9Int7JEhJRERFTjEuX19FVkVOVFRBUkdFVH19IiBSZWNvcmRlZFZhbHVlPSIiIENvcnJlbGF0aW9uQmluZGluZz0iIiBVcmxFbmNvZGU9IlRydWUiIC8+DQogICAgICAgIDxGb3JtUG9zdFBhcmFtZXRlciBOYW1lPSJfX0VWRU5UQVJHVU1FTlQiIFZhbHVlPSJ7eyRISURERU4xLl9fRVZFTlRBUkdVTUVOVH19IiBSZWNvcmRlZFZhbHVlPSIiIENvcnJlbGF0aW9uQmluZGluZz0iIiBVcmxFbmNvZGU9IlRydWUiIC8+DQogICAgICAgIDxGb3JtUG9zdFBhcmFtZXRlciBOYW1lPSJfX0xBU1RGT0NVUyIgVmFsdWU9Int7JEhJRERFTjEuX19MQVNURk9DVVN9fSIgUmVjb3JkZWRWYWx1ZT0iIiBDb3JyZWxhdGlvbkJpbmRpbmc9IiIgVXJsRW5jb2RlPSJUcnVlIiAvPg0KICAgICAgICA8Rm9ybVBvc3RQYXJhbWV0ZXIgTmFtZT0iX19WU1RBVEUiIFZhbHVlPSJ7eyRISURERU4xLl9fVlNUQVRFfX0iIFJlY29yZGVkVmFsdWU9IkFSK0xDQUFBQUFBQUJBRHRHbXR6RzlVMXVyYjhpaE5uTW8waFRTcHRuSUxqWWttN3E1Y2wyNkorcFhZVFJ5WVNDVE9CMGF5MFY5TGkxYTdZWGRuV01FeERPMm5TaEpRd0VHZ0lMV1ZLQmdvVG1wWXBtQ1RRL29ST3B4LzZ2Wllmbi9vVDZMbDNWMC9iRUdqRXRKMXV4dExlYzg4OTU5enp1dWRjNVhOYno0TTJ1eU9SbUZBVlExTmwvU1IrcGlCcGVFN1ZqWEVoTlg4TUZ4T0pYcHQ5WnlvN1A0c0YrYWdzWkhyc1hkeFFrQTM0ZlVOY29LZDMwTkdldzdvdVpEQjJ0Q1ppZU1sdTR4ejlpVGtBek9pemdxUVk4QmRMQVhFWnFFcUdwQ3BScFV3LzQraEtST05UaWpncEdOamV4Yk5jME1QNlBSem5hRXRNNWZJemsvWTJqdVU1THVUb0JyeVlJV2hHWE1waGV5c0xqNk05b1FuS1BDQWhOdWpZWjdGOHJJQzFZc3pRSkNWelhNMWtIUjJ3TUw2a0FGWnZiRzU2L0JobkVpU3NXRC9IK2YwT3UyQVlxYXpkYldEZE1DY0R2QStuUkM3a1N2ckVrTXZIQlhsWEtDMTZYVUl3N1JmVFhKSk5CMFRIYm92aFVWWExVVTQ3RTZkVmJUNG1HUmlZdGZoQndBNnlDYnExL1Z3b3hIdUdQQnpMckN4ZkxGMit3SEI4bUdYRGRCZWlNU2RvQXI5OGNJZHR4NDRkbjhORHZzblRqZURqUkt5b0d6am5Ca0xDSUhNS2F6cm9jTlRuWnNtL1FXYWlJQnNGRFk4cXVHQm9nanpJekJXU3NwUUMwOFhWZWF5TUpvTkJ3Wi95QjdpUTE0ZlpvWkNkRU45WFE1Tit4SVdrakZ0Z1puOWw1RDZKYzZvQmVyUllkajZSazJPcExNNEpPK0Z0VWtxbmY2QUp1UmFiYmJkRnpNSWpNbmNTVW0ydDhQSEozcEZIbDNJeXMyREozY2U1MlQ0R0t5bFZCTktqZlFVajdlSUNmWTlHZG5XTkxPbGhuVEpnWUlXaWovYjFtUy9oSlhqUEdrWSs3UEVzTGk2NkY3MXVWY3Q0ZUpibFBFL01IamVGS3VQbWRCRjJBSVExeGFLbXUzSVNPS0N1cGcxWFNzMkZBYzlsWXZVQlY0WWhmTEdNYzFneEdFWEk0ZEUrdW4vT25EWG5ZVjFleGt2eFloNWJVQk91UThEQVpxckFyY2lOaVF0Q0NvL2pqS1QwTVFhUUdPMGpTNm1UOWpHbUtHRnc3Z3cyVHNBQ1BRL1laUE01U1ltbVVnVU5kZzg2ODN3cEQ1QURZcWxwTENaeFNnWkhKU0hjM0wxTUNzWGpVazR5cHRXQ2R1SWI0VExkZEM0a2RUYU55U3lrNzJ4bE05OEFtNmJ1SmhxZkxlakdSQmFuNXB2SWcrNERyTk5zRnMwMVBCeks1RVJzWHBTVU9UUXZRdUNNUEVuUDhhWnhPQ1hJa3Roa0htUGkwK0MwVFdZU0V5QUJGNlBhR09IVjVLM01LQXRFYmFSOHVTK2NSanliajBzS2F6eGFLZENTYUp2ejJhQmxsUkREUmtXU0dkMkN3S3hXd0JVNEtVRXJKVTNsWkMvUFBxN2ppWUttQWVYamFrb2dDSFR4UFJ6OHFhd3FwWEREYm5QQ1VubFVVSkpxUVJHeFdOWEJ2ZXpXMUJJdFd5SnRkcWlmL3RvK0lrS3BsZEhDNXBlUSt6cDFqclhHSlBGbGE4cU1YQXRXQ1RSUzFYZDVLNlllR1VzMFNTeHJ0cXBhVFYyTWFpTFdxR0lzdkt5Z1QyUUZKWU5CUVpLaVk4MEEvVlRWV2xNblJVS2hFVS90dUE3SkxIUWlQR3ZpV01NS1NtT2hRb2x0QWxiUmE4dU5pQTlRNndCYjRrMUhPTDRlY1hveklrbjlFYmFLUnNjVnJQcERPK0lMakhnYVFGdWdsa2syUUNxWU5XY25RYXNkMXVDVXo3NUlrS0JVUm8wWWxEUlhRV2tRdjN6MFJMeEVuc3BvRThKMEpGQ0RVS09tU3VLUGNHQ2Y2cWlDVUpPM0l4eW9wM1pjNHcvVnhFc0oxUUVxYUhXcGsyeXFIdEJBcmliNVJXaFh5dkVlTDF1bVhUdGJEbTNUL2EyUXJvdVhFVTlEQUVkYVNYZlUwRFdSWHFrdE1TczhyV3J3SlNua2E3d2d5V0puNGlSZWtBZ0s2UWc3NEVGV2QvaTU5ZXgwZEVLVFMvclFFMUg3bm5KbkcyQWJXK2ROVGJiVmZGc3ROUWZOS0NFMG9acWR0OWt1UXljT3kvRXoySEhJYW5qSENvWTZscy9MeGFsY0Vvc0VOcUhyRTdLZzZ4bEhUN254eHlUalpnRFNtUmd6RENHVkJZcGZzY1B1UmFpbFIrejF3V2RQTDRJRy83aVV5UnJqNnRLNGhvWDVLWVVvWE13Q1docXdXcEdOWXJXZkFsWEJSRllVa1oxQ1d1TjR5YkR2MnpqNy9OcXRUMWVXYi83ejdndnI3MTlhZS9keTZiTVhBR2tYUmRvVlZTWmtDVkl3ZktibTdhL1pSRFZWSUNuWkRjZmJsSm1keDRzejRwSCtRcW9zUmtLVUZzcnZjMnArWEJXTC9RTnUzU2hDNnl4S2VsNFdpcVA5L2NOZm5WSVVlbVZZdkNVeEVUMUFCSFkrYU85ZXZiVzgvdnNyR3hmUHJyOUZObkxBZ3ZlczNMNWR1bmg5L2NQenE3ZXZyRis3Q2xOT2Eyb2ZUQkg0MWVYVmwxOWZQZit6dFZmZVhYdm5KVUE0YkNGWXR5MEFlY2lDdEpmdXZCcGQrK3kzQUJxd1FIdE1wSCtjUFZ1ZGMvWHNvZHF2V0tXbjE0WnN2Ylk5b3BnaGJ5SUt3dW91eDg0RWNVTGlxb0poN3k3Qzg2Um5kdlpKanlpQ00xYWN0RzNIbjZVWHJ2L3RMeDNrQnNXOEhBTFFlS3Z6NXQ4N2dNU01maElMWWxTUmkrUjZKNjZxa0ZqeWR0ZVpqVHUvV24zNTRsTk02YVc3cFJmZlgzM3R4dXIxbjRLMXoyeGN2MGJocTh2bk5xNjlYVHIzVHVtRFQweVBJVDVtQTlGRklydXFwS2p4NDQ4YmtweVl5TTZETmVKcUppTmo2bE9TTEJsRllqVWlEaFUxa2NyT1Y2ZjZCNW02U2JBcHlRRmo0S3o5QTJBNEVTR2lJanUxcWQwSk5qWWtLRGxja0VreVN0aFE4OE1MRlZyaFljdWhPMERmdFJIYlRZS3ZlbnUyWjBJbzZGaW5lWkdlYkJsSCs5ZlRCMGpXcFNwaVVqWjFzTnZJU3JvYnNsd0JVN2VER094dGM3UnRhYmpPVFhhYkpvNVFaN1pwRVEwVEIzQWVxRi9zUEZpeHRmTTdGUnM3SFZtbjg5ODFxSk94ejkyREpVSFE3ZXhJcHJhMm92UFExelNnc3kvalBKeHhmdmNyVzhmNTBOWTJjVDdjb05EK2loR2NSMnEwL3lqSTBncEh3WXdlaTVXREZOUzhsZGErMlAramNYSmNiT1AvdFpPYk5kZHlqNXBybzhMQTNvaXl5TDNxSVVKb25KVFRHWEhQdnYyZGtMODNub2NjZGg2eExHSTV4UEtJOVNMV2gxZy9ZZ09JRFNKMkNMRWh4TEdJNHhESEk4NkxPQi9pL0lnTElDNkl1Q0hFaFJEUElwNURQSTk0YnpOb2Z1dVJsdjJaN1I0eko5cHJ0dW44SHRuYjZQMlhBL0UreFBzUkgwQjhFUEZEaUE4aEw0dThIUEx5eU90RlhoL3krcEUzZ0x4QjVCMUMzaER5c2NqSElSK1BmRjdrOHlHZkgva0N5QmRFdmlIa0N5RS9pL3djOHZQSTcwVitIL0w3a1QrQS9FSGtIMEwrMEgrNy9HQ3owVzF0ZGkrUGFkZk9IamozZW5lSWFJcEVuWE5ndTBqNzR2eGtCdE9XK2FrNmRiK2l6SFMvLzVIUVF2OFByZjg0K2U5M2FCMnpxdEVXenMyQzEwZk5JWWJYeDZ4YWxIYTlwQllsVVhHYVJ1S0RkaHZyL0RicERjNVEvQWN5OFBxVStRYVJpYXkzRHRKUlFGdGhjcWc1dmdIYlZqdGxNVWUxTUp1TEJtRWpSS0FPNmRoTm92VVVPY09QU2xnVzdhMFRxb2dkdStnTkZmUXBKckNUQUNmSXJacnB1dDE3b2RoMk1hNktBOEI3OThhNXk2VXJGMHEzTHF5K2RhR3RkTzZqbFR1dnRxMis4WlAxbTdmYVNtZnZycjE0czdmMDRTMG9LenlyYjF3bzNiNEtiMnQvdkZKYS9yQWIva3FYcmtGbnNIYmxwM3ZYejc4SDdjUHFtemRXZjcyODh1a2JxemR1N2kyOStUR0FWajY3UkNadTNBVGN2U2J5Mm52UHIxMjd1M0w3MHNxZGo3cGhjdjNDNWZYZi9ITGxUeC9ZYVdPM3I5dkcyc0R2V0J0djg5cDhOcjh0WUF2YWhteWhOa2hYTE11QkIzVFhHaFNVZ2tGREJ4MEhvTzFkT282VmpKRTlRWFFBRFpOdWRtTXpreGdxL0JrWVlVSEwwbGM2bTNYc1RoQjF4YkpTMmpnbUtlTE9nUi9Gb0dlZUUxTHUwemc1dFpUWHNLNjdvWlBOcVlxYlpObEg2dEFIbVcyeHE3K3dCdDFldDVkemMxLytFNnRTa09VZGpvT0pTV2pVcGhRRGExZzhyV3FpSGswK1hkMUhWK0kwMUpUYXJLRE5ZK2lLU1JPVEFkWlpXdXhpV3BxTnBReHBBYy9NVHBHMnVkeFVrNVV6NVIvbXM0NjlDYk1EajZ1UDUvTllteEIwbktVOTBSemdMZ0xYTFUrYUo3L3dwREdXakdnY2VpcGRWV1p4VHQxODNqUWliSHZxQk5LeUtoaGhHYWVOWWF0dERVdUtMQ25ZbFpUVjFQeHdYaERKNzc1aHR2NHc2akNMWlVkSHRiT3puNVpFSTN2QXZPb29mcC84YXUzb3FDcWxOWEVvTm81K2pNek9iUjRYQzNuN0x4QXRrUTNKa0dtSkxLV1pJOVdpMlMxVEYyTWlvd3pQc3N6RER6UFZPZWJRS05QZlAvQXMwOFhVUWtkckJtNjlrRFJ2djQrd2c0VEN3RERUOWR4dzE0S2dNV3A4eVFEa2JWdjlSdjNKUXBMbzd6SFE3Z0NWa2hJQUdZZ25EVHhMUm01SlViQkd2QllJbS8rZndaMm03ZGVSSDhZU3MzcUdldHVNa2k4WUVEM1UzUWFaVFp1MUJIMU9wSmNvcmM3aE9uMDZSOUZaUkM5S1RHOHgwOVVEWjBwdnYxUDYzZnNiUDMrMTlNSHJUNVUrL2tQcDZwdHJyN3hMRGZ5S3JXeEJoczh2TVJ3TEgrV1hZU2FseXFvV1BzeXk3RENUSkIycVJvcjJNSFA0Nk5HcG9iSEFNSk5XRmNPMWlNbGRSNWhKcXJJSWVDcTVKUTR6SEZEUlZXaGtHUkZDSktNSnhXRm1NU3NaMkVWL1dnZ3ppcnFvQ2ZueUFwY21pRkpCRHpOZVlDeWk5bW8rVjh0cDF3OER2WnlwV1pxcEYrdUh6OVlQejVsaDA5cERvK2FRZlZmWmhSVlZ3Y1BpdndEdFo5bEhMaU1BQUE9PSIgQ29ycmVsYXRpb25CaW5kaW5nPSIiIFVybEVuY29kZT0iVHJ1ZSIgLz4NCiAgICAgICAgPEZvcm1Qb3N0UGFyYW1ldGVyIE5hbWU9Il9fVklFV1NUQVRFIiBWYWx1ZT0ie3skSElEREVOMS5fX1ZJRVdTVEFURX19IiBSZWNvcmRlZFZhbHVlPSIiIENvcnJlbGF0aW9uQmluZGluZz0iIiBVcmxFbmNvZGU9IlRydWUiIC8+DQogICAgICAgIDxGb3JtUG9zdFBhcmFtZXRlciBOYW1lPSJfX1NDUk9MTFBPU0lUSU9OWCIgVmFsdWU9Int7JEhJRERFTjEuX19TQ1JPTExQT1NJVElPTlh9fSIgUmVjb3JkZWRWYWx1ZT0iMCIgQ29ycmVsYXRpb25CaW5kaW5nPSIiIFVybEVuY29kZT0iVHJ1ZSIgLz4NCiAgICAgICAgPEZvcm1Qb3N0UGFyYW1ldGVyIE5hbWU9Il9fU0NST0xMUE9TSVRJT05ZIiBWYWx1ZT0ie3skSElEREVOMS5fX1NDUk9MTFBPU0lUSU9OWX19IiBSZWNvcmRlZFZhbHVlPSIwIiBDb3JyZWxhdGlvbkJpbmRpbmc9IiIgVXJsRW5jb2RlPSJUcnVlIiAvPg0KICAgICAgICA8Rm9ybVBvc3RQYXJhbWV0ZXIgTmFtZT0iX19FVkVOVFZBTElEQVRJT04iIFZhbHVlPSJ7eyRISURERU4xLl9fRVZFTlRWQUxJREFUSU9OfX0iIFJlY29yZGVkVmFsdWU9Ii93RWRBTm9CcjFWdzlhR0JDM3Izaks5THh3cG1ENlY3ODMxcUZvOVJHMFlxOFdiZkErZWg0K2VtWjQrcCtIWWZtNzdMOUo3b0QvaHB2dVhuTjdObG9OMnREMDVhQ2p6bWx0YVVNN2FFQU4rZzljUC9tMTB6ejc1UE9FY3ZDazlGcGNyU3FHL0UrV0tlaVhSVmpEUVJxMzZZTjRWelRYWGNkbzBLWW85ZkMxSWd3bStXbkNySjRZNHMrWDNpN2JwV1pKS3FsZWoxbE1YeVdHaU1mL2RzdHNkK3pkeXRJaHFNdloxRXlYTUFsejJ3Q215c3c3ZmZYaE5pWERzQXhRY0xHc1ZnMERmNFp2Z3k3NjI2anBLSDUxY2thdUtTWDZRUEJhVWUzNlVFdVdqd3lwclk3WVFuaFhvdUdCS3VBaG12WGgzZURzcVN6RC9jdXdXYzMxTTJiU29JVWYxRXExSkRPN2NKQUd1cnRqa3NPU2lkQmZ0VklVVnE1SlZkN2djcjZnRW9BTkhQZlpKbS9IajhVZDZUWHAxVUdKbVo3dHZweHdWa0tVRjZ2UHhqU0lYRm4vdmlrOHdxN3QrTmhUOERQeUFUSmd2RkQzSzVVK3Z4b0N4TGlVcWM3bmhWVVd0amt2N0JmQWViSmdpbEVFTnBFbkxxNWdyODkybmVSYU1odTZVcDQ4T2RZUERxTFJTWFhqZ0pxNmVSTFNGd1pIakMxUGpBKzBSV3F0OGRsWEhjbFhXRFFZTXJTN08vYU5kdXhMVWU3eHBoVC95eEFlRDJVK1ZqckxrcDJtRlNJYWFDZUJ3OUhGdEN4UFAxUHk0Q0RRdEtPbWEwTlpmV1Fkd1ZLcUMva3hUS0FsUUtTd242MFd3N3pkQVluT09WRGRHSE4vVHI1YmdLUDZad1ovOE1RY0ZlRHNkQ0pHZGV3eWs1R3NIT3EwMkx0NFRFckdDMjlIQnlLVlAxUzFwcDAwSUM2Zi82L3lPelRaQUV4SWMwMHRyTmhGUlgxbjhPSFNLUkdIM0toNksxS3MyeEg4T2MvNFF3YmxoWmJOWXhqYlJZUjZMaURmSnRZdkluV1hUbkFHWnBKWTR6VEppMWc2UzExTTRBeVZQaW9mdHhNZjFOSThjUENsS0pJdjM2aGxhUGhVdWs3eW5McUpJMU5UcW5WSkZiWUlaUlExV0VBZ2NsaGZqWWEzbkQvaVVtcFJxVkRta3N6N2VMOVkvemdCSDRnSExlOFkyWnlDcDZabXV3RXJTTDZiT3huVkoyeDdLdmFYY1UydlgzU3NKTGRQL2ZmeFdUSUZ0Y3J0RGE2N3N0cmZrNzRiS0xQU2hnandzOUtmMi9UUU1zQ0Q1allTREVhOTJuMGFqZzFXYkVEWkR6VkcvMHcvVW5zcElvVm1lNk1GNUw3RStBUEJUUUhDSnF6SHVCK1dHMnpKSmZBVnFncFVqTTFlRnR4SFAwZVFYYU9mNnowM2pWZ0hPVmNsYmNZSjBkWlEvZkFiMkxoTlpKamtmeW9DcmppbnZSWCtjOXY3U2JBSVFEL25kNWg2c09RODNVbWZoZjZiTXB0NTRhaW5MbExjNlNNKzNkNWpIWXJud0tUbU54UFBhV3N2TG1maHgwTGh3bkNYR2xCb0xzS3BndURwTHpRaGYrbC9tTDEreWZqVVN6cUZ1eDdrSGpLd1hCekVoeHhmMGtkWjNuWHJScFZWWUpKRzVMdXM0RjhXYlZ0SXVrc3F3bEUvd25PeTJZeWh3eU1OZXNRNjRLM1M0VW1jVFJvZ2RwTzFBck9pM1N6VUVaaDd1elZ1cVlqcjFkM3prZ3RIanBUemhBb1laaVZPNVdZdDkzWm5odVZYTFlnVG1QQk5tNzlJczd3MVg1VHE2MExqc2JWdmI4Q1BOTVBDQmxOeUdnNXRsdmlUUGxwR2VSTnNsQktXKzRMQlhFNkFFNkVvVzFMRHdsdUlWOXF6NUpLUFplSkd3WU5EYTVUVlh1cHV6RXZyVkRibERidTcxQmdkR3ZRd3ErcDExU2NZTU1MZ2tvVjA1T1hsdm9sa3RqTFNFR3JJUzZXOHlWSEdqU3NoNEdPdWphN3hUaFNYQVZ2QXI3Q0kwY0NjWUpKK3k0NXVHS3AyeE1IRUNzTXFkVUJUVktRc0FuaUM5c1pDQnlFeUFoQStreXNVOTZIQzhJSVRNZGp0UW5ocGdSQkd6a1IrRHMxVXlXZW5mcHEvNDVpaEhRblVqUjJQYStGb3FKUGx1SEpYWUFjTDVkaWY0cjZxUVpER3lXN0JLOU8zTHZjYmZ6andNQmYycXg5OVRZa0phbnhobGRuNVJIcXNkSkJUbEZUQ2VJcUppbGxOUDlYK2FKNzd0ejVuNXUvOHcwNk5MeGNpOFE0N3ZVemNiWS8vb2ovUGZvTEJoNzhFaC9mckNpcVZOTm0zYUdTd3dwbUVDdndFb1RFRFlnTHZDUzlHdmxsRDNWb3lRVWNQSitJdk5iTjEzMWdWQkZBZmFZYVdxeFYrQWtLeEo3cFJaZmpZdG9tenlsSzlFQ3NqQWRTNE81bmo0eFppYmZHbU9vUkxqbExlOFpLdnlSZGlpSHZZVWp0dUtPd1BLUU9LY1lsRUZqOWY2aFFFVndkOHA0bzhZZnJBdFFjMkl6K1BLWEd1Q21XRVl0dXpvZ2dJUE92MkdpTzNwTWpHb0pMYU5BVFVPZ3V5NG5waEY3SDdTU3dLU2pFKzJPRDJFbjVIUGlsWlVyRDlna1h2R2lnZVhpRTVhWUd4Y2pkUittTGRDUDh2SytTU05SRTRzQ21ZdXFZT3Q0aVFwakFQNjBrd2E4YXZEZGRWMGlsUmJwNnMyNURIenNjZmFBSkpCbDRkSnNHMmlsei9UZlFjeHIrTFdhamZ1a3hNU2Q5T21LUHdFS2oxUGIyRGI0dEh2VW1qT1N6ZENRM3ZFa2U5YW5rUjYvcnJMaGYyMXhTV2I4aXlrSXVKR3grdlU5SXFOVGI1Q25RVlN3Mk1tTVBPb243QmhaSE9SUEVERGtzRHhkK2lXRzZ2VStDdEk1VVpDclRWVHFzQ1ZTalVhaE5RUitwSmgxekg5UmN4NXU5YnpLdTdzdXhyVllRTlE5N2FtL1BPNXJkblVhbG4xNkhzM0dwZXd4RGtNbkVvcStIYzd6b2VnMmk4N3RncER5L3YvTXVRNm9FcWJ3QSs5Vk1EMlVScHZLSVE4bEl6aThRdVAzaldmQ0M4a1NhcWEvamMrRUVMcE5vbW5reFBrWTJFekhSNUZzNzkxb3Jsb1ZHaHUwVFhoQzN5aVFDK1gvYW5mYVdEQmx3bks0TDFhQmQ3ckswQmtrdU84Z2M1QVVtaHVYUVFNa1NWaEhraUhTNm1hMHNqejFLby9vNUxBMTdSYWNmWGE3bjIxZ21Vd0NLS1ovdXljblZiTjlRNzZIdWJEMUFxdnFZZFE3KzhmRjBwZWhDUDRZQ25FOEFDM0QyWTM5VUhmODQxbUVVL3plMnBSbktQcFpGVHBOcDVhWFBiVlo1Zis0RzBHS2EyMFFxSWxkVlZHcFBEaFdwekxFYXJBNWR2aW9PZUJoWUE3WVF3YUFobTh1bEpPTTJoUmNxTEM5KzJWbjRDYnpwazhUbWZJM2pjOHg3eENvME5YYTdkRytHVDlmZVJVeUx1WXp6NEdhRFh5ZVNTY1RIZzdrSzFzN3h5dEtNVWJudnJFbTRXZ2dmR29uTnROTGd5cVV2dW9naFZOdSsybWFvVGY1ZVpsMHFlU05qSWZIdmM3aEVyWVJHcTFMalZjT2x6aUtYaHFlNXdIQlQ0dWNpZ1JxQzZqQmx3OWk4RllvN1F6MjBCYWRzRGtzajgrSnFmZ3ZLdDE2SXpKd3NwKzdhUkw2S1RKZ0RBbmo3elc3SkQ0SHdpcjVXODc0ZmN0ak5qK3p0V2VObUdOTnQ5SjQwNVcveGh5R3lDWHRadFRxTWQ0WDJvcG95cFZWdytUai9CVFdqZXAySEtjSmFFRHhyMjNBY3IvQzRMaHMzdXA5RVMyTkpMYVA3K1pqbllBdkt4cGRzT3AvUzZTcXpHUzdmai9zWTg4MWxSUmkwS3NTOXBXM0dBYlBDVDlMWVI0Z0JIejF1Q2pxa1hqSnY3SDlOaXZnMW5DNjlxdFNqU2M3OVBVdW40UHB5OUpKQStsWnhEUi8xMDZBREdxUUt1NWFBK3VLV2xCclVGMTl4VHNIZmRnWXFyS05Yc2ZxbXduTmJuYThsclFTOEFwOUlqUkxFVWlsWU5RZ0NJU2VVZmdDWDgwZ1VqbVF4WHJhaUd0NjBwTzA3NExzUUwraXhPUnkvcHhGWWFqcmZNdlQwVTFXQzhjSmNSRUxvcngwL2dKU2orMVM0RWJ6ZHN0czROcnRrNWtHT1hsS2t0eWV3K2tOcVNkanYwVUZlYmVUaEI1V2k2SlZ1dFBJMnFiTHVQMENNRGhDd3J2VldmSXNselJaTWl5cE9sMnM3Z01kOTBLNElFVDl2aXFPUGRGaHBDb0x0bkc0aTJ1a2YrMlNKNk5VRUZ1cEo2cW81SW56N0ljbFE2ZmtmNWpDcGE1Zjk2MTlnOEJxMWI1bUY3ZWlhNXNsZDEwaGtnTXE1dS9VTU05ZHVYdmZVUWJwV3BJZ3czZm15aEZyeVBNV1d0dytvZENxTS9MbllBSkdIWVYvZXVpVnBiR2hqTEVUR3NCYUU3SWxKQlc4bHMzS3VBTzV0TjhiK25TS2c0NVFnb1o2bHFEVVlVanZJd2x0YkhCYW5nNzJQTXgxVXNvdTUxajh0bCt5akRldjdzK2FoWTJRR21FTWs3SjdSaWhDd3djclNTRWdtZnRsQVNvRmNlSFRFSm15dlJreWFJcWVyeFRROU9qR1lHYk1IVGVPcGw4NjNsQlFPS0FlVmdOUUwzU3YyZzlFTCtCMTd0VzNFQTViZXNBUHFTZ0VKYm5ROFUyMmRwZS96Z3FzMEpHdTU2c1dwa2dSMkxYSHpCRVp4bTZHbmpKaXpNZ080OFVycHA0TmZhUmdzUUlTTDZwcUY2YjBlaUVSVHRUUldUd0gxaWt5bncxYXZCSUxyT0NZNWh3TXJJR01Qd3pDZjk4cHV5dWlaZVRGTW5rYUhraWx1eGlQcnRlU3llaTZrOWpkN2JlMTluc20zTTNvL3BlRVRGR1dYOFIrNnRDSTdtNG94NXdQaGw2aHRXVk5qZ1FzRFZieGZGUWtQVGRkK3l6NU1zSk8wYTlsSWpYdWFJVC9IcnhvZVBMQzIwSk1IcWdYSGxIMG9lK3NXbnJ2MUhVYThrT2xGeU05djQwUFJXOGdnMjVqak1FWmVPSWxmVXp0aElGVWJQcVljb0IzUjlWbjM4K0FWbjlXeCt1dFcrRDZOWmVoZEhiUlRiZVhaWDAwRkkrRE13QnkwU040OWNBNnQ5UE9WdzJ2eHFFTEZ0K1pkeGh1MU5Sd21jZkx6Sit5cDBoSTdWbmRYckhaRTN3aEtPVWhpWmFMd1BXU0d4cXc2VEdzM1ZGUG9yNnBPSFhEV1BsMzd5VW9XYjA3SEFzVGtPbUFZajNKb2FqNEVXZlhHOUhVY3hNbE1ReGJzbDFPTXFuRkRGQ2NQcW11c2VYSElYTG5CWG1UaTVuc0FaSkxqRVF1V3hodjh1ZkxxYld2WWMyd3lSTzUxYWNuMXNrNjNCbmVoVVBRT3N3b1FNU1UwZ1daRTFSanFSQ3pCUFo4a0ZSVkRXV1VOWHNOenVFQUpoTG5kdEFQYTJzVUdncWlQZ3Nrek1mNWNkc2kwY0dEY2d1ejRPdExJOFord0V6MFpCMkxMRjdlanpyTWVxMzllek9YaUN5OThNMXpBRUpTOS9UYm1HN296aXFRa05uajNHaXJDS0hGQ21CbjBwTjRxblViMXVtaDdNZFdTT3kySTFnNkZuSkFNaGZSMG5DeURteitlSy9QeVFtSlRBTWQxRG41ZHZuZWNvcEFTODB3b0F3ZmlOQ2JPNllrZXNYTGNWaG5YOVUxNGxCbndIZGRYUmR6bDZpd01ZaTRyS1RUazhSbm9WL21IK3Y1ZmR1d0Q4bWFWdHVkbkVFUEJjQ0NQRXVzaGdqY0Q3TnNZVnhTRUJjcDI3c1hwOE5aQ2xvejJvNlBiRmhYdi9IQ1VHeHRYbzJZd3VtTURsV2tuNWY1RVFrdzYrSEtoUm9iUUJVQ2N4SDFqZWRmelVrekc0UnhsbHJUVWxrZURkYjl1bFU5WlpZYU5kTy9vdz09IiBDb3JyZWxhdGlvbkJpbmRpbmc9IiIgVXJsRW5jb2RlPSJUcnVlIiAvPg0KICAgICAgICA8Rm9ybVBvc3RQYXJhbWV0ZXIgTmFtZT0iYnRuVGVtcFNhdmVJbnZpc2libGUiIFZhbHVlPSLmmqvlrZgiIFJlY29yZGVkVmFsdWU9Iuaaq+WtmCIgQ29ycmVsYXRpb25CaW5kaW5nPSJ7e0Zvcm1Qb3N0UGFyYW0xMy5idG5UZW1wU2F2ZUludmlzaWJsZX19IiBVcmxFbmNvZGU9IlRydWUiIC8+DQogICAgICAgIDxGb3JtUG9zdFBhcmFtZXRlciBOYW1lPSJoaWRHcmlkVmlld1N0YXJ0VGltZSIgVmFsdWU9Int7JEhJRERFTjEuaGlkR3JpZFZpZXdTdGFydFRpbWV9fSIgUmVjb3JkZWRWYWx1ZT0iIiBDb3JyZWxhdGlvbkJpbmRpbmc9IiIgVXJsRW5jb2RlPSJUcnVlIiAvPg0KICAgICAgICA8Rm9ybVBvc3RQYXJhbWV0ZXIgTmFtZT0idWNEYXRlU3RhcnQkdHh0RGF0ZSIgVmFsdWU9IjIwMTcvMDUvMTEiIFJlY29yZGVkVmFsdWU9IjIwMTcvMDUvMTEiIENvcnJlbGF0aW9uQmluZGluZz0ie3tGb3JtUG9zdFBhcmFtMTQudWNEYXRlU3RhcnQkdHh0RGF0ZX19IiBVcmxFbmNvZGU9IlRydWUiIC8+DQogICAgICAgIDxGb3JtUG9zdFBhcmFtZXRlciBOYW1lPSJ1Y0RhdGVFbmQkdHh0RGF0ZSIgVmFsdWU9IjIwMTcvMDUvMTEiIFJlY29yZGVkVmFsdWU9IjIwMTcvMDUvMTEiIENvcnJlbGF0aW9uQmluZGluZz0ie3tGb3JtUG9zdFBhcmFtMTUudWNEYXRlRW5kJHR4dERhdGV9fSIgVXJsRW5jb2RlPSJUcnVlIiAvPg0KICAgICAgICA8Rm9ybVBvc3RQYXJhbWV0ZXIgTmFtZT0iT1RUaW1lU3RhcnQkZGRsSEgiIFZhbHVlPSIwMCIgUmVjb3JkZWRWYWx1ZT0iMDAiIENvcnJlbGF0aW9uQmluZGluZz0ie3tGb3JtUG9zdFBhcmFtMTYuT1RUaW1lU3RhcnQkZGRsSEh9fSIgVXJsRW5jb2RlPSJUcnVlIiAvPg0KICAgICAgICA8Rm9ybVBvc3RQYXJhbWV0ZXIgTmFtZT0iT1RUaW1lU3RhcnQkZGRsTU0iIFZhbHVlPSIwMCIgUmVjb3JkZWRWYWx1ZT0iMDAiIENvcnJlbGF0aW9uQmluZGluZz0ie3tGb3JtUG9zdFBhcmFtMTcuT1RUaW1lU3RhcnQkZGRsTU19fSIgVXJsRW5jb2RlPSJUcnVlIiAvPg0KICAgICAgICA8Rm9ybVBvc3RQYXJhbWV0ZXIgTmFtZT0iT1RUaW1lRW5kJGRkbEhIIiBWYWx1ZT0iMDEiIFJlY29yZGVkVmFsdWU9IjAxIiBDb3JyZWxhdGlvbkJpbmRpbmc9Int7Rm9ybVBvc3RQYXJhbTE4Lk9UVGltZUVuZCRkZGxISH19IiBVcmxFbmNvZGU9IlRydWUiIC8+DQogICAgICAgIDxGb3JtUG9zdFBhcmFtZXRlciBOYW1lPSJPVFRpbWVFbmQkZGRsTU0iIFZhbHVlPSIwMCIgUmVjb3JkZWRWYWx1ZT0iMDAiIENvcnJlbGF0aW9uQmluZGluZz0ie3tGb3JtUG9zdFBhcmFtMTkuT1RUaW1lRW5kJGRkbE1NfX0iIFVybEVuY29kZT0iVHJ1ZSIgLz4NCiAgICAgICAgPEZvcm1Qb3N0UGFyYW1ldGVyIE5hbWU9ImRkbE9UVHlwZUlEIiBWYWx1ZT0iOSIgUmVjb3JkZWRWYWx1ZT0iOSIgQ29ycmVsYXRpb25CaW5kaW5nPSJ7e0Zvcm1Qb3N0UGFyYW0yMC5kZGxPVFR5cGVJRH19IiBVcmxFbmNvZGU9IlRydWUiIC8+DQogICAgICAgIDxGb3JtUG9zdFBhcmFtZXRlciBOYW1lPSJ0eHRPVFJlYXNvbk1lbW8kdHh0RGF0YSIgVmFsdWU9InRlc3QiIFJlY29yZGVkVmFsdWU9InRlc3QiIENvcnJlbGF0aW9uQmluZGluZz0iIiBVcmxFbmNvZGU9IlRydWUiIC8+DQogICAgICAgIDxGb3JtUG9zdFBhcmFtZXRlciBOYW1lPSJoaWRHcmlkVmlld1NlYXJjaFN0YXJ0VGltZSIgVmFsdWU9Int7JEhJRERFTjEuaGlkR3JpZFZpZXdTZWFyY2hTdGFydFRpbWV9fSIgUmVjb3JkZWRWYWx1ZT0iIiBDb3JyZWxhdGlvbkJpbmRpbmc9IiIgVXJsRW5jb2RlPSJUcnVlIiAvPg0KICAgICAgICA8Rm9ybVBvc3RQYXJhbWV0ZXIgTmFtZT0iaGlkR3JpZFZpZXdTZWFyY2hFbmRUaW1lIiBWYWx1ZT0ie3skSElEREVOMS5oaWRHcmlkVmlld1NlYXJjaEVuZFRpbWV9fSIgUmVjb3JkZWRWYWx1ZT0iIiBDb3JyZWxhdGlvbkJpbmRpbmc9IiIgVXJsRW5jb2RlPSJUcnVlIiAvPg0KICAgICAgICA8Rm9ybVBvc3RQYXJhbWV0ZXIgTmFtZT0iZnJhbWVBdHRhY2giIFZhbHVlPSIvVXRpbC9BdHRhY2hBZG1pbi5hc3B4P0F0dGFjaERCPUFhdHRlbmRhbnREQl9JVFJEJmFtcDtBdHRhY2hJRD10ZXN0MTAyMTE5NjI0ZWNkMTktYjRkOS00MTcyLTlmZDMtYTdmNWRmMWIwZjZkJmFtcDtBdHRhY2hGaWxlTWF4UXR5PTEmYW1wO0F0dGFjaEZpbGVNYXhLQj0zMDcyJmFtcDtBdHRhY2hGaWxlVG90S0I9MzA3MiZhbXA7QXR0YWNoRmlsZUV4dExpc3Q9IiBSZWNvcmRlZFZhbHVlPSIvVXRpbC9BdHRhY2hBZG1pbi5hc3B4P0F0dGFjaERCPUFhdHRlbmRhbnREQl9JVFJEJmFtcDtBdHRhY2hJRD10ZXN0MTAyMTE5NjI0ZWNkMTktYjRkOS00MTcyLTlmZDMtYTdmNWRmMWIwZjZkJmFtcDtBdHRhY2hGaWxlTWF4UXR5PTEmYW1wO0F0dGFjaEZpbGVNYXhLQj0zMDcyJmFtcDtBdHRhY2hGaWxlVG90S0I9MzA3MiZhbXA7QXR0YWNoRmlsZUV4dExpc3Q9IiBDb3JyZWxhdGlvbkJpbmRpbmc9IiIgVXJsRW5jb2RlPSJUcnVlIiAvPg0KICAgICAgICA8Rm9ybVBvc3RQYXJhbWV0ZXIgTmFtZT0idWNNb2RhbFBvcHVwMSRDbGllbnRXaWR0aCIgVmFsdWU9Int7JEhJRERFTjEudWNNb2RhbFBvcHVwMSRDbGllbnRXaWR0aH19IiBSZWNvcmRlZFZhbHVlPSIwIiBDb3JyZWxhdGlvbkJpbmRpbmc9IiIgVXJsRW5jb2RlPSJUcnVlIiAvPg0KICAgICAgICA8Rm9ybVBvc3RQYXJhbWV0ZXIgTmFtZT0idWNNb2RhbFBvcHVwMSRDbGllbnRIZWlnaHQiIFZhbHVlPSJ7eyRISURERU4xLnVjTW9kYWxQb3B1cDEkQ2xpZW50SGVpZ2h0fX0iIFJlY29yZGVkVmFsdWU9IjAiIENvcnJlbGF0aW9uQmluZGluZz0iIiBVcmxFbmNvZGU9IlRydWUiIC8+DQogICAgICA8L0Zvcm1Qb3N0SHR0cEJvZHk+DQogICAgPC9SZXF1ZXN0Pg0KICAgIDxSZXF1ZXN0IE1ldGhvZD0iUE9TVCIgR3VpZD0iNjhhMDU4ODEtZmNjYi00YWQ0LWFlNWItZjMyMzFmOTU0N2I4IiBWZXJzaW9uPSIxLjEiIFVybD0iaHR0cDovLzEwLjExLjM2LjExNDo4MDA3L092ZXJUaW1lL092ZXJ0aW1lUHJlT3JkZXJfTW9kaWZ5LmFzcHgiIFRoaW5rVGltZT0iNSIgVGltZW91dD0iMzAwIiBQYXJzZURlcGVuZGVudFJlcXVlc3RzPSJUcnVlIiBGb2xsb3dSZWRpcmVjdHM9IlRydWUiIFJlY29yZFJlc3VsdD0iVHJ1ZSIgQ2FjaGU9IkZhbHNlIiBSZXNwb25zZVRpbWVHb2FsPSIwIiBFbmNvZGluZz0idXRmLTgiIEV4cGVjdGVkSHR0cFN0YXR1c0NvZGU9IjAiIEV4cGVjdGVkUmVzcG9uc2VVcmw9Imh0dHA6Ly8xMC4xMS4zNi4xMTQ6ODAwNy9PdmVyVGltZS9PdmVydGltZVByZU9yZGVyLmFzcHgiIFJlcG9ydGluZ05hbWU9IiIgSWdub3JlSHR0cFN0YXR1c0NvZGU9IkZhbHNlIj4NCiAgICAgIDxFeHRyYWN0aW9uUnVsZXM+DQogICAgICAgIDxFeHRyYWN0aW9uUnVsZSBDbGFzc25hbWU9Ik1pY3Jvc29mdC5WaXN1YWxTdHVkaW8uVGVzdFRvb2xzLldlYlRlc3RpbmcuUnVsZXMuRXh0cmFjdEhpZGRlbkZpZWxkcywgTWljcm9zb2Z0LlZpc3VhbFN0dWRpby5RdWFsaXR5VG9vbHMuV2ViVGVzdEZyYW1ld29yaywgVmVyc2lvbj0xMC4wLjAuMCwgQ3VsdHVyZT1uZXV0cmFsLCBQdWJsaWNLZXlUb2tlbj1iMDNmNWY3ZjExZDUwYTNhIiBWYXJpYWJsZU5hbWU9IjEiIERpc3BsYXlOYW1lPSLmk7flj5bpmrHol4/mrITkvY0iIERlc2NyaXB0aW9uPSLmk7flj5blm57mh4nkuK3nmoTmiYDmnInpmrHol4/mrITkvY3vvIzkuKblsIflroPlgJHmlL7lnKjmuKzoqablhaflrrnkuK3jgIIiPg0KICAgICAgICAgIDxSdWxlUGFyYW1ldGVycz4NCiAgICAgICAgICAgIDxSdWxlUGFyYW1ldGVyIE5hbWU9IlJlcXVpcmVkIiBWYWx1ZT0iVHJ1ZSIgLz4NCiAgICAgICAgICAgIDxSdWxlUGFyYW1ldGVyIE5hbWU9Ikh0bWxEZWNvZGUiIFZhbHVlPSJUcnVlIiAvPg0KICAgICAgICAgIDwvUnVsZVBhcmFtZXRlcnM+DQogICAgICAgIDwvRXh0cmFjdGlvblJ1bGU+DQogICAgICA8L0V4dHJhY3Rpb25SdWxlcz4NCiAgICAgIDxDb3JyZWxhdGlvbkV4dHJhY3Rpb25SdWxlcz4NCiAgICAgICAgPEV4dHJhY3Rpb25SdWxlIENsYXNzbmFtZT0iTWljcm9zb2Z0LlZpc3VhbFN0dWRpby5UZXN0VG9vbHMuV2ViVGVzdGluZy5SdWxlcy5FeHRyYWN0Rm9ybUZpZWxkLCBNaWNyb3NvZnQuVmlzdWFsU3R1ZGlvLlF1YWxpdHlUb29scy5XZWJUZXN0RnJhbWV3b3JrLCBWZXJzaW9uPTEwLjAuMC4wLCBDdWx0dXJlPW5ldXRyYWwsIFB1YmxpY0tleVRva2VuPWIwM2Y1ZjdmMTFkNTBhM2EiIFZhcmlhYmxlTmFtZT0iRm9ybVBvc3RQYXJhbTEuYnRuUXVlcnkiIERpc3BsYXlOYW1lPSIiIERlc2NyaXB0aW9uPSIiPg0KICAgICAgICAgIDxSdWxlUGFyYW1ldGVycz4NCiAgICAgICAgICAgIDxSdWxlUGFyYW1ldGVyIE5hbWU9Ik5hbWUiIFZhbHVlPSJidG5RdWVyeSIgLz4NCiAgICAgICAgICAgIDxSdWxlUGFyYW1ldGVyIE5hbWU9Ikh0bWxEZWNvZGUiIFZhbHVlPSJUcnVlIiAvPg0KICAgICAgICAgICAgPFJ1bGVQYXJhbWV0ZXIgTmFtZT0iUmVxdWlyZWQiIFZhbHVlPSJGYWxzZSIgLz4NCiAgICAgICAgICAgIDxSdWxlUGFyYW1ldGVyIE5hbWU9IkluZGV4IiBWYWx1ZT0iMCIgLz4NCiAgICAgICAgICA8L1J1bGVQYXJhbWV0ZXJzPg0KICAgICAgICA8L0V4dHJhY3Rpb25SdWxlPg0KICAgICAgICA8RXh0cmFjdGlvblJ1bGUgQ2xhc3NuYW1lPSJNaWNyb3NvZnQuVmlzdWFsU3R1ZGlvLlRlc3RUb29scy5XZWJUZXN0aW5nLlJ1bGVzLkV4dHJhY3RGb3JtRmllbGQsIE1pY3Jvc29mdC5WaXN1YWxTdHVkaW8uUXVhbGl0eVRvb2xzLldlYlRlc3RGcmFtZXdvcmssIFZlcnNpb249MTAuMC4wLjAsIEN1bHR1cmU9bmV1dHJhbCwgUHVibGljS2V5VG9rZW49YjAzZjVmN2YxMWQ1MGEzYSIgVmFyaWFibGVOYW1lPSJGb3JtUG9zdFBhcmFtMi50eHRPVEVtcElEIiBEaXNwbGF5TmFtZT0iIiBEZXNjcmlwdGlvbj0iIj4NCiAgICAgICAgICA8UnVsZVBhcmFtZXRlcnM+DQogICAgICAgICAgICA8UnVsZVBhcmFtZXRlciBOYW1lPSJOYW1lIiBWYWx1ZT0idHh0T1RFbXBJRCIgLz4NCiAgICAgICAgICAgIDxSdWxlUGFyYW1ldGVyIE5hbWU9Ikh0bWxEZWNvZGUiIFZhbHVlPSJUcnVlIiAvPg0KICAgICAgICAgICAgPFJ1bGVQYXJhbWV0ZXIgTmFtZT0iUmVxdWlyZWQiIFZhbHVlPSJGYWxzZSIgLz4NCiAgICAgICAgICAgIDxSdWxlUGFyYW1ldGVyIE5hbWU9IkluZGV4IiBWYWx1ZT0iMCIgLz4NCiAgICAgICAgICA8L1J1bGVQYXJhbWV0ZXJzPg0KICAgICAgICA8L0V4dHJhY3Rpb25SdWxlPg0KICAgICAgICA8RXh0cmFjdGlvblJ1bGUgQ2xhc3NuYW1lPSJNaWNyb3NvZnQuVmlzdWFsU3R1ZGlvLlRlc3RUb29scy5XZWJUZXN0aW5nLlJ1bGVzLkV4dHJhY3RUZXh0LCBNaWNyb3NvZnQuVmlzdWFsU3R1ZGlvLlF1YWxpdHlUb29scy5XZWJUZXN0RnJhbWV3b3JrLCBWZXJzaW9uPTEwLjAuMC4wLCBDdWx0dXJlPW5ldXRyYWwsIFB1YmxpY0tleVRva2VuPWIwM2Y1ZjdmMTFkNTBhM2EiIFZhcmlhYmxlTmFtZT0iRm9ybVBvc3RQYXJhbTMuZGRsUXVlcnlDb25kaXRpb25zIiBEaXNwbGF5TmFtZT0iIiBEZXNjcmlwdGlvbj0iIj4NCiAgICAgICAgICA8UnVsZVBhcmFtZXRlcnM+DQogICAgICAgICAgICA8UnVsZVBhcmFtZXRlciBOYW1lPSJTdGFydHNXaXRoIiBWYWx1ZT0icyZxdW90OzpbJnF1b3Q7IiAvPg0KICAgICAgICAgICAgPFJ1bGVQYXJhbWV0ZXIgTmFtZT0iRW5kc1dpdGgiIFZhbHVlPSImcXVvdDssJnF1b3Q7MSZxdW90OyIgLz4NCiAgICAgICAgICAgIDxSdWxlUGFyYW1ldGVyIE5hbWU9IkluZGV4IiBWYWx1ZT0iMCIgLz4NCiAgICAgICAgICAgIDxSdWxlUGFyYW1ldGVyIE5hbWU9Iklnbm9yZUNhc2UiIFZhbHVlPSJGYWxzZSIgLz4NCiAgICAgICAgICAgIDxSdWxlUGFyYW1ldGVyIE5hbWU9IlVzZVJlZ3VsYXJFeHByZXNzaW9uIiBWYWx1ZT0iRmFsc2UiIC8+DQogICAgICAgICAgICA8UnVsZVBhcmFtZXRlciBOYW1lPSJIdG1sRGVjb2RlIiBWYWx1ZT0iVHJ1ZSIgLz4NCiAgICAgICAgICAgIDxSdWxlUGFyYW1ldGVyIE5hbWU9IlJlcXVpcmVkIiBWYWx1ZT0iRmFsc2UiIC8+DQogICAgICAgICAgPC9SdWxlUGFyYW1ldGVycz4NCiAgICAgICAgPC9FeHRyYWN0aW9uUnVsZT4NCiAgICAgICAgPEV4dHJhY3Rpb25SdWxlIENsYXNzbmFtZT0iTWljcm9zb2Z0LlZpc3VhbFN0dWRpby5UZXN0VG9vbHMuV2ViVGVzdGluZy5SdWxlcy5FeHRyYWN0VGV4dCwgTWljcm9zb2Z0LlZpc3VhbFN0dWRpby5RdWFsaXR5VG9vbHMuV2ViVGVzdEZyYW1ld29yaywgVmVyc2lvbj0xMC4wLjAuMCwgQ3VsdHVyZT1uZXV0cmFsLCBQdWJsaWNLZXlUb2tlbj1iMDNmNWY3ZjExZDUwYTNhIiBWYXJpYWJsZU5hbWU9IkZvcm1Qb3N0UGFyYW00LmRkbE9UU3RhdHVzIiBEaXNwbGF5TmFtZT0iIiBEZXNjcmlwdGlvbj0iIj4NCiAgICAgICAgICA8UnVsZVBhcmFtZXRlcnM+DQogICAgICAgICAgICA8UnVsZVBhcmFtZXRlciBOYW1lPSJTdGFydHNXaXRoIiBWYWx1ZT0iJnF1b3Q7MCZxdW90OywmcXVvdDsiIC8+DQogICAgICAgICAgICA8UnVsZVBhcmFtZXRlciBOYW1lPSJFbmRzV2l0aCIgVmFsdWU9IiZxdW90OywmcXVvdDsyJnF1b3Q7IiAvPg0KICAgICAgICAgICAgPFJ1bGVQYXJhbWV0ZXIgTmFtZT0iSW5kZXgiIFZhbHVlPSIwIiAvPg0KICAgICAgICAgICAgPFJ1bGVQYXJhbWV0ZXIgTmFtZT0iSWdub3JlQ2FzZSIgVmFsdWU9IkZhbHNlIiAvPg0KICAgICAgICAgICAgPFJ1bGVQYXJhbWV0ZXIgTmFtZT0iVXNlUmVndWxhckV4cHJlc3Npb24iIFZhbHVlPSJGYWxzZSIgLz4NCiAgICAgICAgICAgIDxSdWxlUGFyYW1ldGVyIE5hbWU9Ikh0bWxEZWNvZGUiIFZhbHVlPSJUcnVlIiAvPg0KICAgICAgICAgICAgPFJ1bGVQYXJhbWV0ZXIgTmFtZT0iUmVxdWlyZWQiIFZhbHVlPSJGYWxzZSIgLz4NCiAgICAgICAgICA8L1J1bGVQYXJhbWV0ZXJzPg0KICAgICAgICA8L0V4dHJhY3Rpb25SdWxlPg0KICAgICAgPC9Db3JyZWxhdGlvbkV4dHJhY3Rpb25SdWxlcz4NCiAgICAgIDxRdWVyeVN0cmluZ1BhcmFtZXRlcnM+DQogICAgICAgIDxRdWVyeVN0cmluZ1BhcmFtZXRlciBOYW1lPSJPVENvbXBJRCIgVmFsdWU9IlNQSEJLMSIgUmVjb3JkZWRWYWx1ZT0iU1BIQksxIiBDb3JyZWxhdGlvbkJpbmRpbmc9Int7UXVlcnlTdHJpbmdQYXJhbTEuT1RDb21wSUR9fSIgVXJsRW5jb2RlPSJGYWxzZSIgVXNlVG9Hcm91cFJlc3VsdHM9IkZhbHNlIiAvPg0KICAgICAgICA8UXVlcnlTdHJpbmdQYXJhbWV0ZXIgTmFtZT0iT1RFbXBJRCIgVmFsdWU9IjEwMjExOSIgUmVjb3JkZWRWYWx1ZT0iMTAyMTE5IiBDb3JyZWxhdGlvbkJpbmRpbmc9Int7UXVlcnlTdHJpbmdQYXJhbTIuT1RFbXBJRH19IiBVcmxFbmNvZGU9IkZhbHNlIiBVc2VUb0dyb3VwUmVzdWx0cz0iRmFsc2UiIC8+DQogICAgICAgIDxRdWVyeVN0cmluZ1BhcmFtZXRlciBOYW1lPSJPVFN0YXJ0RGF0ZSIgVmFsdWU9IjIwMTclMmYwNSUyZjExIiBSZWNvcmRlZFZhbHVlPSIyMDE3JTJmMDUlMmYxMSIgQ29ycmVsYXRpb25CaW5kaW5nPSJ7e1F1ZXJ5U3RyaW5nUGFyYW0zLk9UU3RhcnREYXRlfX0iIFVybEVuY29kZT0iRmFsc2UiIFVzZVRvR3JvdXBSZXN1bHRzPSJGYWxzZSIgLz4NCiAgICAgICAgPFF1ZXJ5U3RyaW5nUGFyYW1ldGVyIE5hbWU9Ik9URW5kRGF0ZSIgVmFsdWU9IjIwMTclMmYwNSUyZjExIiBSZWNvcmRlZFZhbHVlPSIyMDE3JTJmMDUlMmYxMSIgQ29ycmVsYXRpb25CaW5kaW5nPSJ7e1F1ZXJ5U3RyaW5nUGFyYW00Lk9URW5kRGF0ZX19IiBVcmxFbmNvZGU9IkZhbHNlIiBVc2VUb0dyb3VwUmVzdWx0cz0iRmFsc2UiIC8+DQogICAgICAgIDxRdWVyeVN0cmluZ1BhcmFtZXRlciBOYW1lPSJPVFN0YXJ0VGltZSIgVmFsdWU9IjAwMDAiIFJlY29yZGVkVmFsdWU9IjAwMDAiIENvcnJlbGF0aW9uQmluZGluZz0ie3tRdWVyeVN0cmluZ1BhcmFtNS5PVFN0YXJ0VGltZX19IiBVcmxFbmNvZGU9IkZhbHNlIiBVc2VUb0dyb3VwUmVzdWx0cz0iRmFsc2UiIC8+DQogICAgICAgIDxRdWVyeVN0cmluZ1BhcmFtZXRlciBOYW1lPSJPVEVuZFRpbWUiIFZhbHVlPSIwMTAwIiBSZWNvcmRlZFZhbHVlPSIwMTAwIiBDb3JyZWxhdGlvbkJpbmRpbmc9Int7UXVlcnlTdHJpbmdQYXJhbTYuT1RFbmRUaW1lfX0iIFVybEVuY29kZT0iRmFsc2UiIFVzZVRvR3JvdXBSZXN1bHRzPSJGYWxzZSIgLz4NCiAgICAgICAgPFF1ZXJ5U3RyaW5nUGFyYW1ldGVyIE5hbWU9Ik9UVHhuSUQiIFZhbHVlPSJ7e1F1ZXJ5U3RyaW5nUGFyYW03Lk9UVHhuSUR9fSIgUmVjb3JkZWRWYWx1ZT0iU1BIQksxMTAyMTE5MjAxNzA1MTE1NSIgQ29ycmVsYXRpb25CaW5kaW5nPSJ7e1F1ZXJ5U3RyaW5nUGFyYW03Lk9UVHhuSUR9fSIgVXJsRW5jb2RlPSJGYWxzZSIgVXNlVG9Hcm91cFJlc3VsdHM9IkZhbHNlIiAvPg0KICAgICAgICA8UXVlcnlTdHJpbmdQYXJhbWV0ZXIgTmFtZT0iT1RGb3JtTk8iIFZhbHVlPSIyMDE3MDUxMTYwMTAyMTE5IiBSZWNvcmRlZFZhbHVlPSIyMDE3MDUxMTYwMTAyMTE5IiBDb3JyZWxhdGlvbkJpbmRpbmc9Int7UXVlcnlTdHJpbmdQYXJhbTguT1RGb3JtTk99fSIgVXJsRW5jb2RlPSJGYWxzZSIgVXNlVG9Hcm91cFJlc3VsdHM9IkZhbHNlIiAvPg0KICAgICAgPC9RdWVyeVN0cmluZ1BhcmFtZXRlcnM+DQogICAgICA8Rm9ybVBvc3RIdHRwQm9keT4NCiAgICAgICAgPEZvcm1Qb3N0UGFyYW1ldGVyIE5hbWU9IlRvb2xraXRTY3JpcHRNYW5hZ2VyMV9IaWRkZW5GaWVsZCIgVmFsdWU9Ijs7QWpheENvbnRyb2xUb29sa2l0LCBWZXJzaW9uPTQuMS43LjYwNywgQ3VsdHVyZT1uZXV0cmFsLCBQdWJsaWNLZXlUb2tlbj0yOGYwMWIwZTg0YjZkNTNlOnpoLUhhbnQ6N2I5NWVkMWEtNmEzZi00MWRkLWJjNWItNjNmMzllZGJjNGI0OmRlMWZlYWIyOmZjZjBlOTkzOmYyYzhlNzA4OjcyMGE1MmJmOmY5Y2VjOWJjOjU4OWVhYTMwOjY5ODEyOWNmOmZiOWI0YzU3OmNjYjk2Y2Y5OjhhZDE4MTAxOmE2N2MyNzAwOjg2MTNhZWE3OjMyMDJhNWEyOmFiMDllM2ZlOjg3MTA0YjdjOmJlNmZiMjk4IiBSZWNvcmRlZFZhbHVlPSI7O0FqYXhDb250cm9sVG9vbGtpdCwgVmVyc2lvbj00LjEuNy42MDcsIEN1bHR1cmU9bmV1dHJhbCwgUHVibGljS2V5VG9rZW49MjhmMDFiMGU4NGI2ZDUzZTp6aC1IYW50OjdiOTVlZDFhLTZhM2YtNDFkZC1iYzViLTYzZjM5ZWRiYzRiNDpkZTFmZWFiMjpmY2YwZTk5MzpmMmM4ZTcwODo3MjBhNTJiZjpmOWNlYzliYzo1ODllYWEzMDo2OTgxMjljZjpmYjliNGM1NzpjY2I5NmNmOTo4YWQxODEwMTphNjdjMjcwMDo4NjEzYWVhNzozMjAyYTVhMjphYjA5ZTNmZTo4NzEwNGI3YzpiZTZmYjI5OCIgQ29ycmVsYXRpb25CaW5kaW5nPSIiIFVybEVuY29kZT0iVHJ1ZSIgLz4NCiAgICAgICAgPEZvcm1Qb3N0UGFyYW1ldGVyIE5hbWU9Il9fRVZFTlRUQVJHRVQiIFZhbHVlPSJ7eyRISURERU4xLl9fRVZFTlRUQVJHRVR9fSIgUmVjb3JkZWRWYWx1ZT0iIiBDb3JyZWxhdGlvbkJpbmRpbmc9IiIgVXJsRW5jb2RlPSJUcnVlIiAvPg0KICAgICAgICA8Rm9ybVBvc3RQYXJhbWV0ZXIgTmFtZT0iX19FVkVOVEFSR1VNRU5UIiBWYWx1ZT0ie3skSElEREVOMS5fX0VWRU5UQVJHVU1FTlR9fSIgUmVjb3JkZWRWYWx1ZT0iIiBDb3JyZWxhdGlvbkJpbmRpbmc9IiIgVXJsRW5jb2RlPSJUcnVlIiAvPg0KICAgICAgICA8Rm9ybVBvc3RQYXJhbWV0ZXIgTmFtZT0iX19MQVNURk9DVVMiIFZhbHVlPSJ7eyRISURERU4xLl9fTEFTVEZPQ1VTfX0iIFJlY29yZGVkVmFsdWU9IiIgQ29ycmVsYXRpb25CaW5kaW5nPSIiIFVybEVuY29kZT0iVHJ1ZSIgLz4NCiAgICAgICAgPEZvcm1Qb3N0UGFyYW1ldGVyIE5hbWU9Il9fVlNUQVRFIiBWYWx1ZT0ie3skSElEREVOMS5fX1ZTVEFURX19IiBSZWNvcmRlZFZhbHVlPSJBUitMQ0FBQUFBQUFCQUR0R3Yxekc4VTEydmo4RlNkT000MGhUU3BkbklMallrbDNweTlidGdXMjQ5UnU0c2hFSW1FbU1KcVRiaTBkUHQySnU1TnREY00wdElTRWhKUXdFR2dJTFdWS0JncVROQzFUTUVtZy9STTZuZjdRMzJ2NTQ2ZitDZlR0M3VuVE5nUWFNVzJubC9IZDd0dTM3KzIrcjMxdmxTOGNuZmM3R0djaU1hYXBwcTRweG5IOGRGN1c4YlJtbUtOaWF2WUlMaVFTWFE1bVd5b3pPNFZGNWJBaXBqdVpkcjQveEFVRC9uNCsyTm5WNTJ6SllzTVEweGc3ZXhMVDhKMDBwa1JaTmVFdmxnS2FDaENUVFZsVG8ycUpiTnJabm9qR3gxWHBrR2hpcGwzZytKQ1hDM2g1M3RtY0dNL21KZzh4elR3bjhQeUFzd1B3WXFhb20zRTVpNWttRGg1blMwSVgxVmxBUWx6SXVkdG0rV2dlNjRXWXFjdHErcWlXempoYllXSjhRUVdzcnRqMHhPZ1IzaUpJV0hFQmFQaWNqR2lhcVF6ak1iRmhXb044QUErRXVGREs3ZmNsazI1L01OWHZGbWVTQVRjbitZUlFTQWdsKy9tUWM0Zk44TENtWnltbmJZbVRtajRiazAwTXpMWUdZSUd0WkJOMGEzdjRnUUhCMisvbE9YWnA4WHp4NGptV0Y4SWNGNmE3a014cFVSZUZ4WDFiSEZ1MmJQa0NIdklsVHdlQzE3Rll3VEJ4MWdPRXhENzJCTllOa09HdzM4T1JmMzNzV0Y0eDh6b2VWbkhlMUVXbGo1M09KeFU1QlJxTGE3TllIVTZHUW1JZ0ZRakNWdjJZNng5Z0NQSGRWVFRwS3k0bUZid1ZSdmFVZTU3ak9LdVpJRWViWmR2aldTV1d5dUNzdUExYWgrU1ptUi9wWW5hcnc3SERKbWJqa1RXM0VWTE5UZkQ2ZE5mUXd3dFpoWjJ6MTkzTmU3aHVGcXNwVFFMU3c5MTVjOGJOQjdzZmpteHZIMW93d2dabHdNSU0xUmp1N3JZYTRRVm9aMHd6Ri9aNjUrZm5QZk0rajZhbnZRTEg4ZDdIcDQ1YWl5cmhaZzBKZGdDRWRkV21acml6TWhpZ29jMlk3cFNXRFFPZTI4THFCcTRzUy9oaUJXZXhhcktxbU1YRDNYVC92RFZxamNPOG5JSVg0b1VjdHFFVzNBQS9nYzFVZ0J1Ukc1SG14QlFleFdsWjdXWk5JREhjVGFaU0krMW1yYVdFd2JqVDJEd0dFNHdjWUpQTloyVTFta3JsZGRnOXlNejdsVHhnSGVCTERXTnhDS2NVTUZUaXdvM2R5eUd4Y0ZUT3l1YUVsdGVQZlN0Y0pock9oVVRNaGpHWmdxaWRLVy9tVzJEVDBOMUU0MU41d3h6TDROUnNBM25RZllCMkdzMmlzWXFIczVpY2lJM3praEtIeG5rSW5KSEg2VG5lTUE0blJFV1dHc3hqUkhvS2pMYkJUR0lpQk9CQ1ZCOGh2QnE4bFVsMWpvaU5wQy8zaE5PUWQvMXhTV0gxUnlzRjJpdmE1SHcyYVZvbHhyQlpYc21rWVVOZ1ZNL2pNcHlrb09XVXBueXlsMFlmTS9CWVh0ZUI4bEV0SlJJRU92a3VEdjVVUnBOVHVHNjNXWEdoMU11clNTMnZTbGlxeU9CdWRtdEppYVl0a1dZRzhxZS90Z3hKa0dxbDliRDFFYlBmSk0reDUxZ2t2bXBPaVpGN3prNkJoaXJ5TG0zRmtpTnJMMDJXU3BLdGlGYlg1cU82aEhVcUdCc3ZJeHBqR1ZGTll4Q1FyQnBZTjBFK0ZiRlc1VW1SZ1lFaGIzVy9Cc2xLZENJQ1orSFkzVEpLZmFKQ2lhMERWdENyMDQySUgxQnJBQnZpVFVSNG9SWnhZajBpQ2YwUnJvSkcrMldzMmtNNzRnOE9lZXRBRzZDV1NOWkJ5cGhWWnlkQnErNVc0WlRPdmtpSW9KUjc5UmlVTkY5R3FWdCs2ZWlKK01oNnlyMTFDQk9SWUJWQ2xaaktnVC9DZzM0cXZUSkNWZHlPOENDZTZuNlZQVlFDTHlWVUF5aWoxWVJPc3FsYVFCMjVxdUFYb1ZVcEwzaDlYSWwyOVdqSnRTM3p0MTI2eGwrR3ZIVU9IR2tpMVZGZDFVUnFwZWJFbFBpVXBzTkhWc2xuTkM4clVsdmlPSjZUQ1FxcENGdmhRWFoxK0lYOWJITzJRWkZMNnRCalVXWm5xYklOY3ZXbDg3b2kyeTYrN1pLYWgyS1VFQnJUck1yYktwY0JOR0thWWlvRG9LOWJJamNUenZocEJrR1Z2ZDh1bDBmeXBqYVN5eW1GOFd3U1N3UTJaaGhqaW1nWWFXZG42ZG9BazNpZEJraFRJb1lYR0FmZmhkRFdUcWtyQ08vT0xnVEYvbEU1blRGSHRZVlJIWXV6NHlvUnZwU1J1dEFNWURVaEI4VnFPUUZpZzRHTUpDR0dRcHJpZU1Ga2RxK2RmbTdsNW1kTGk5Zi9lZWVsMVE4dnJMeC9zZmo1UzRDMG5TSnRqNnBqaWd6aEdONnBXZVlOaDZTbDhpUThlK0NvRzdjaTlXaGhVanJZazArVmxwR1E1TGxTZTFyTGpXcFNvYWZYWTVnRktLTWwyY2dwWW1HNHAyZnc2MU9LUXQwTWt6Y2tKcUg3eUlKZDl6TWR5emNYVjM5L2FlMzg2ZFYzeUViMjJ2RE9wVnUzaXVldnJuNTBkdm5XcGRVcmwySElaUS90aGlFQ3Y3eTQvT3FieTJkZlhIbnQvWlgzWGdHRUF6YUNmZk1Da0Fkc1NFdng5dXZSbGM5L0M2QmVHN1RUUXZySDZkT1ZNWGZuVGlyOXNsWTZ1eHpJMGVYWUtVbHAwcEpRQ0dhM083Y2xpRUVTc3hWTnBxTUF6eFBlcWFrbnZKSUVobGsyMk9ZdGY1WmZ1dnEzdjdTUzJ4VHJvZ2hBbzAydTYzOXZCUktUeG5Fc1NsRlZLWkNybnJpbVFaREpNZTVUYTdkL3RmenErU2ZaNGl0M2lpOS91UHpHdGVXckw0QzJUNjFkdlVMaHk0dG4xcTY4V3p6elh2SEdwNWJGZ1BIQWV5ZjVPbHMwTlVXVkgzL01sSlhFV0dZV3RCSFgwbWtGVTV1U0Zka3NFSzJSNWRDbEpsS1oyY3BRVHg5Yk13ZzZKZkZnQkl5MXB4Y1VKeUZFUk1SUW5USXUwTEVwUS9yaGhxaVNWc09tbGh1Y0s5TUtEOW9HM1FyeXJ2YmVEdUpLbFp1MG5XTmkzc0FHalpIMGxFczdXNzZaUEdCbDdab3FKUlZMQmp2TWpHeDRJT0xsTVRVNzhNR3VabWZ6aG9wclc2ZTNDV0lJTldxYmtOQWdNUURYM3RySnJuMWxYYnUrWDlheHk1bHh1ZjVkaGJwWVp2b3VOQWtMM1V5UFpHaGpMYnIyZjBNRnVyclRyZ05wMXcrK3RuWmNEMnlzRTllRGRRTHRLU3ZCZGJCSytnL0RXcHJnV0pnMFlyR1NrNEtZTjVMYWw5dC9ORTZPamszc3YzcHd2ZVMyM3FYa211bGlZRzlFV09TT2RUOGhORXBTNjdTMGMvZWVOb2pmYTg5QkREdUxPQTV4UE9JRXhQa1E1MGRjQUhGQnhJVVExNCs0QWNSemlPY1JMeURlaDNnLzRnT0lEeUkraFBoK3hBOGdnVU1DandRQkNiNUcwUHp1UTF2M3BEZDdySmpJVkczVDlVT3l0K0Y3dnc0aytKRVFRRUlRQ1NFazlDTmhBUGs0NU9PUlQwQStIL0w1a1MrQWZFSGtDeUZmUC9JTklEK0gvRHp5QzhqdlEzNC84Z2VRUDRqOEllVHZSLzRCRk9CUWdFY0JBUVY4S09CSGdRQUtCRkVnaEFMOUtERHczNzUrME5ud3BqcTdtOGZTYTFzbm5IdGRXeVEwVHJ6TzFidVpwMzE1ZkxLY2FjUDRWQm02VjE1bW1kLy9pR3VoLzd2V2Y5ejY3N1ZySGJHejBhMjhod09yajFwZERNMUg3VnlVVnNBa0Z5VmVjWko2NHYyTWczTjlqOVFHcHlqK2ZXbG9QbW0xd0RPUjNXb2xGUVdVRlJhSHF1TWJzQjNWUXpaelZBMXp1S2tUMWtORWFwRE9IY1JiVDVBei9MQ01GWWxwR3RNazdOeE9iNnVnVHJHQWJRUTRSbTdZTE5QdDJBWEp0cHQxbHcwQTJoMXJaeTRXTDUwcjNqeTMvTTY1NXVLWmo1ZHV2OTY4L05iUFZxL2ZiQzZldnJQeTh2V3U0a2MzSWEzd0xyOTFybmpyTXJSVy9uaXB1UGhSQi93VkwxeUJ5bURsMGd1N1ZzOStBT1hEOHR2WGxuKzl1UFRaVzh2WHJ1OHF2djBKZ0pZK3YwQUdybDBIM0YwVzhzb0h6NjFjdWJOMDY4TFM3WTg3WUhEMTNNWFYzL3h5NlU4M0dGb2o3dTV3Y0E2d084NGhPSHdPdnlQZ0NEcENqbjdIUURPRUs0N2p3UUk2cWhVS1FzRWdvWDNPdlZBQ0x4ekZhdHJNSENNeWdJTEpzS3F4eVVNWU12eEo2R0ZSejlBbUhjMDRkeVNJdUdJWmVjWThJcXZTdHQ2ZnhLQituaFpUbnBNNE9iNlEwN0ZoZUtDcXpXcXFoMFRaaDJyUSs5aE5zU3UvdG9ZOFBvK1A5L0JmL1hPcm1sZVVMYzU5aVVOUXFJMnJKdGF4ZEZMVEpTT2FmS3F5ai9iRVNjZ3A5U2xSbjhWUVlKTWlKZzJzTXpUWnhUUTFHMG1aOGh5ZW5CcFBBMEtwUkNZekowdS96V2VjdXhKV1BSM1hIc3Zsc0Q0bUdqaERhNkpwd0owSHJodWVORTk4NlVsakxwalJPTlJVaHFaTzRheTIvcnlwUjlqMDFBbk9LSnBvaGhVOFl3N2FaV3RZVmhWWnhlNmtvcVZtQjNPaVJINEREbk8xaDFHcmxTdzdXeXVWSFhOU2xzek1YdXZhby9BSStRWGIyVm9SU2xOaWYyd1UvUlJabGRzc0x1Unp6QzhRVFpGTjJWUm9paXpQc0FjclNiTkhvU2JHUm9aWmdlUFlCeDlrSzJQcy9tRzJwNmYzR2JhZHJZWU9WM1U4Umo1cDNZUWY1UG9JaGQ1QnR2M1p3Zlk1VVdlMStJSUp5SnVXK3ZYeVU4UWtrZCtqSU4xZXVrcEtBTlpBTEtuM0dkTHp5S3FLZFdLMVFOajZ2dzJlR1ZwK0hmeHhMREZscEttMVRhcTV2QW5lUTgydGoxMjNXWHVoejByMEVxWEpOVmdqVDljd09vM29SWWxsTFZhNHV1OVU4ZDMzaXIvN2NPM25yeGR2dlBsazhaTS9GQysvdmZMYSsxVEJyemxLR21TRjNBTExjL0FxTlFiWmxLWm9ldmdBeDNHRGJKSlVxRHBKMnNQc2djT0h4L3RIZ29Qc2pLYWE3bmxNN2pyQ2JGSlRKTURUeUkxeG1PV0JpcUZCSWN0SzRDSnBYU3dNc3ZNWjJjUnUrak5EbUZXMWVWM01sU2E0ZFZHUzgwYVk5UUZqQ2JWVTR2bXN2WS92SEZ5NWVxUDQ0c1dWNTk5WnUvSTh4S3hlR05SS01Ua0FIYU1VeGprYXh1ZHJ1OC9VZHM5WVB0WFVTVjFxUDdPOVpOK3FwdUpCNlYvWWIxWDhUaU1BQUE9PSIgQ29ycmVsYXRpb25CaW5kaW5nPSIiIFVybEVuY29kZT0iVHJ1ZSIgLz4NCiAgICAgICAgPEZvcm1Qb3N0UGFyYW1ldGVyIE5hbWU9Il9fVklFV1NUQVRFIiBWYWx1ZT0ie3skSElEREVOMS5fX1ZJRVdTVEFURX19IiBSZWNvcmRlZFZhbHVlPSIiIENvcnJlbGF0aW9uQmluZGluZz0iIiBVcmxFbmNvZGU9IlRydWUiIC8+DQogICAgICAgIDxGb3JtUG9zdFBhcmFtZXRlciBOYW1lPSJfX1NDUk9MTFBPU0lUSU9OWCIgVmFsdWU9Int7JEhJRERFTjEuX19TQ1JPTExQT1NJVElPTlh9fSIgUmVjb3JkZWRWYWx1ZT0iMCIgQ29ycmVsYXRpb25CaW5kaW5nPSIiIFVybEVuY29kZT0iVHJ1ZSIgLz4NCiAgICAgICAgPEZvcm1Qb3N0UGFyYW1ldGVyIE5hbWU9Il9fU0NST0xMUE9TSVRJT05ZIiBWYWx1ZT0ie3skSElEREVOMS5fX1NDUk9MTFBPU0lUSU9OWX19IiBSZWNvcmRlZFZhbHVlPSIwIiBDb3JyZWxhdGlvbkJpbmRpbmc9IiIgVXJsRW5jb2RlPSJUcnVlIiAvPg0KICAgICAgICA8Rm9ybVBvc3RQYXJhbWV0ZXIgTmFtZT0iX19FVkVOVFZBTElEQVRJT04iIFZhbHVlPSJ7eyRISURERU4xLl9fRVZFTlRWQUxJREFUSU9OfX0iIFJlY29yZGVkVmFsdWU9Ii93RWRBTm9CcjFWdzlhR0JDM3Izaks5THh3cG1ENlY3ODMxcUZvOVJHMFlxOFdiZkErZWg0K2VtWjQrcCtIWWZtNzdMOUo3b0QvaHB2dVhuTjdObG9OMnREMDVhQ2p6bWx0YVVNN2FFQU4rZzljUC9tMTB6ejc1UE9FY3ZDazlGcGNyU3FHL0UrV0tlaVhSVmpEUVJxMzZZTjRWelRYWGNkbzBLWW85ZkMxSWd3bStXbkNySjRZNHMrWDNpN2JwV1pKS3FsZWoxbE1YeVdHaU1mL2RzdHNkK3pkeXRJaHFNdloxRXlYTUFsejJ3Q215c3c3ZmZYaE5pWERzQXhRY0xHc1ZnMERmNFp2Z3k3NjI2anBLSDUxY2thdUtTWDZRUEJhVWUzNlVFdVdqd3lwclk3WVFuaFhvdUdCS3VBaG12WGgzZURzcVN6RC9jdXdXYzMxTTJiU29JVWYxRXExSkRPN2NKQUd1cnRqa3NPU2lkQmZ0VklVVnE1SlZkN2djcjZnRW9BTkhQZlpKbS9IajhVZDZUWHAxVUdKbVo3dHZweHdWa0tVRjZ2UHhqU0lYRm4vdmlrOHdxN3QrTmhUOERQeUFUSmd2RkQzSzVVK3Z4b0N4TGlVcWM3bmhWVVd0amt2N0JmQWViSmdpbEVFTnBFbkxxNWdyODkybmVSYU1odTZVcDQ4T2RZUERxTFJTWFhqZ0pxNmVSTFNGd1pIakMxUGpBKzBSV3F0OGRsWEhjbFhXRFFZTXJTN08vYU5kdXhMVWU3eHBoVC95eEFlRDJVK1ZqckxrcDJtRlNJYWFDZUJ3OUhGdEN4UFAxUHk0Q0RRdEtPbWEwTlpmV1Fkd1ZLcUMva3hUS0FsUUtTd242MFd3N3pkQVluT09WRGRHSE4vVHI1YmdLUDZad1ovOE1RY0ZlRHNkQ0pHZGV3eWs1R3NIT3EwMkx0NFRFckdDMjlIQnlLVlAxUzFwcDAwSUM2Zi82L3lPelRaQUV4SWMwMHRyTmhGUlgxbjhPSFNLUkdIM0toNksxS3MyeEg4T2MvNFF3YmxoWmJOWXhqYlJZUjZMaURmSnRZdkluV1hUbkFHWnBKWTR6VEppMWc2UzExTTRBeVZQaW9mdHhNZjFOSThjUENsS0pJdjM2aGxhUGhVdWs3eW5McUpJMU5UcW5WSkZiWUlaUlExV0VBZ2NsaGZqWWEzbkQvaVVtcFJxVkRta3N6N2VMOVkvemdCSDRnSExlOFkyWnlDcDZabXV3RXJTTDZiT3huVkoyeDdLdmFYY1UydlgzU3NKTGRQL2ZmeFdUSUZ0Y3J0RGE2N3N0cmZrNzRiS0xQU2hnandzOUtmMi9UUU1zQ0Q1allTREVhOTJuMGFqZzFXYkVEWkR6VkcvMHcvVW5zcElvVm1lNk1GNUw3RStBUEJUUUhDSnF6SHVCK1dHMnpKSmZBVnFncFVqTTFlRnR4SFAwZVFYYU9mNnowM2pWZ0hPVmNsYmNZSjBkWlEvZkFiMkxoTlpKamtmeW9DcmppbnZSWCtjOXY3U2JBSVFEL25kNWg2c09RODNVbWZoZjZiTXB0NTRhaW5MbExjNlNNKzNkNWpIWXJud0tUbU54UFBhV3N2TG1maHgwTGh3bkNYR2xCb0xzS3BndURwTHpRaGYrbC9tTDEreWZqVVN6cUZ1eDdrSGpLd1hCekVoeHhmMGtkWjNuWHJScFZWWUpKRzVMdXM0RjhXYlZ0SXVrc3F3bEUvd25PeTJZeWh3eU1OZXNRNjRLM1M0VW1jVFJvZ2RwTzFBck9pM1N6VUVaaDd1elZ1cVlqcjFkM3prZ3RIanBUemhBb1laaVZPNVdZdDkzWm5odVZYTFlnVG1QQk5tNzlJczd3MVg1VHE2MExqc2JWdmI4Q1BOTVBDQmxOeUdnNXRsdmlUUGxwR2VSTnNsQktXKzRMQlhFNkFFNkVvVzFMRHdsdUlWOXF6NUpLUFplSkd3WU5EYTVUVlh1cHV6RXZyVkRibERidTcxQmdkR3ZRd3ErcDExU2NZTU1MZ2tvVjA1T1hsdm9sa3RqTFNFR3JJUzZXOHlWSEdqU3NoNEdPdWphN3hUaFNYQVZ2QXI3Q0kwY0NjWUpKK3k0NXVHS3AyeE1IRUNzTXFkVUJUVktRc0FuaUM5c1pDQnlFeUFoQStreXNVOTZIQzhJSVRNZGp0UW5ocGdSQkd6a1IrRHMxVXlXZW5mcHEvNDVpaEhRblVqUjJQYStGb3FKUGx1SEpYWUFjTDVkaWY0cjZxUVpER3lXN0JLOU8zTHZjYmZ6andNQmYycXg5OVRZa0phbnhobGRuNVJIcXNkSkJUbEZUQ2VJcUppbGxOUDlYK2FKNzd0ejVuNXUvOHcwNk5MeGNpOFE0N3ZVemNiWS8vb2ovUGZvTEJoNzhFaC9mckNpcVZOTm0zYUdTd3dwbUVDdndFb1RFRFlnTHZDUzlHdmxsRDNWb3lRVWNQSitJdk5iTjEzMWdWQkZBZmFZYVdxeFYrQWtLeEo3cFJaZmpZdG9tenlsSzlFQ3NqQWRTNE81bmo0eFppYmZHbU9vUkxqbExlOFpLdnlSZGlpSHZZVWp0dUtPd1BLUU9LY1lsRUZqOWY2aFFFVndkOHA0bzhZZnJBdFFjMkl6K1BLWEd1Q21XRVl0dXpvZ2dJUE92MkdpTzNwTWpHb0pMYU5BVFVPZ3V5NG5waEY3SDdTU3dLU2pFKzJPRDJFbjVIUGlsWlVyRDlna1h2R2lnZVhpRTVhWUd4Y2pkUittTGRDUDh2SytTU05SRTRzQ21ZdXFZT3Q0aVFwakFQNjBrd2E4YXZEZGRWMGlsUmJwNnMyNURIenNjZmFBSkpCbDRkSnNHMmlsei9UZlFjeHIrTFdhamZ1a3hNU2Q5T21LUHdFS2oxUGIyRGI0dEh2VW1qT1N6ZENRM3ZFa2U5YW5rUjYvcnJMaGYyMXhTV2I4aXlrSXVKR3grdlU5SXFOVGI1Q25RVlN3Mk1tTVBPb243QmhaSE9SUEVERGtzRHhkK2lXRzZ2VStDdEk1VVpDclRWVHFzQ1ZTalVhaE5RUitwSmgxekg5UmN4NXU5YnpLdTdzdXhyVllRTlE5N2FtL1BPNXJkblVhbG4xNkhzM0dwZXd4RGtNbkVvcStIYzd6b2VnMmk4N3RncER5L3YvTXVRNm9FcWJ3QSs5Vk1EMlVScHZLSVE4bEl6aThRdVAzaldmQ0M4a1NhcWEvamMrRUVMcE5vbW5reFBrWTJFekhSNUZzNzkxb3Jsb1ZHaHUwVFhoQzN5aVFDK1gvYW5mYVdEQmx3bks0TDFhQmQ3ckswQmtrdU84Z2M1QVVtaHVYUVFNa1NWaEhraUhTNm1hMHNqejFLby9vNUxBMTdSYWNmWGE3bjIxZ21Vd0NLS1ovdXljblZiTjlRNzZIdWJEMUFxdnFZZFE3KzhmRjBwZWhDUDRZQ25FOEFDM0QyWTM5VUhmODQxbUVVL3plMnBSbktQcFpGVHBOcDVhWFBiVlo1Zis0RzBHS2EyMFFxSWxkVlZHcFBEaFdwekxFYXJBNWR2aW9PZUJoWUE3WVF3YUFobTh1bEpPTTJoUmNxTEM5KzJWbjRDYnpwazhUbWZJM2pjOHg3eENvME5YYTdkRytHVDlmZVJVeUx1WXp6NEdhRFh5ZVNTY1RIZzdrSzFzN3h5dEtNVWJudnJFbTRXZ2dmR29uTnROTGd5cVV2dW9naFZOdSsybWFvVGY1ZVpsMHFlU05qSWZIdmM3aEVyWVJHcTFMalZjT2x6aUtYaHFlNXdIQlQ0dWNpZ1JxQzZqQmx3OWk4RllvN1F6MjBCYWRzRGtzajgrSnFmZ3ZLdDE2SXpKd3NwKzdhUkw2S1RKZ0RBbmo3elc3SkQ0SHdpcjVXODc0ZmN0ak5qK3p0V2VObUdOTnQ5SjQwNVcveGh5R3lDWHRadFRxTWQ0WDJvcG95cFZWdytUai9CVFdqZXAySEtjSmFFRHhyMjNBY3IvQzRMaHMzdXA5RVMyTkpMYVA3K1pqbllBdkt4cGRzT3AvUzZTcXpHUzdmai9zWTg4MWxSUmkwS3NTOXBXM0dBYlBDVDlMWVI0Z0JIejF1Q2pxa1hqSnY3SDlOaXZnMW5DNjlxdFNqU2M3OVBVdW40UHB5OUpKQStsWnhEUi8xMDZBREdxUUt1NWFBK3VLV2xCclVGMTl4VHNIZmRnWXFyS05Yc2ZxbXduTmJuYThsclFTOEFwOUlqUkxFVWlsWU5RZ0NJU2VVZmdDWDgwZ1VqbVF4WHJhaUd0NjBwTzA3NExzUUwraXhPUnkvcHhGWWFqcmZNdlQwVTFXQzhjSmNSRUxvcngwL2dKU2orMVM0RWJ6ZHN0czROcnRrNWtHT1hsS2t0eWV3K2tOcVNkanYwVUZlYmVUaEI1V2k2SlZ1dFBJMnFiTHVQMENNRGhDd3J2VldmSXNselJaTWl5cE9sMnM3Z01kOTBLNElFVDl2aXFPUGRGaHBDb0x0bkc0aTJ1a2YrMlNKNk5VRUZ1cEo2cW81SW56N0ljbFE2ZmtmNWpDcGE1Zjk2MTlnOEJxMWI1bUY3ZWlhNXNsZDEwaGtnTXE1dS9VTU05ZHVYdmZVUWJwV3BJZ3czZm15aEZyeVBNV1d0dytvZENxTS9MbllBSkdIWVYvZXVpVnBiR2hqTEVUR3NCYUU3SWxKQlc4bHMzS3VBTzV0TjhiK25TS2c0NVFnb1o2bHFEVVlVanZJd2x0YkhCYW5nNzJQTXgxVXNvdTUxajh0bCt5akRldjdzK2FoWTJRR21FTWs3SjdSaWhDd3djclNTRWdtZnRsQVNvRmNlSFRFSm15dlJreWFJcWVyeFRROU9qR1lHYk1IVGVPcGw4NjNsQlFPS0FlVmdOUUwzU3YyZzlFTCtCMTd0VzNFQTViZXNBUHFTZ0VKYm5ROFUyMmRwZS96Z3FzMEpHdTU2c1dwa2dSMkxYSHpCRVp4bTZHbmpKaXpNZ080OFVycHA0TmZhUmdzUUlTTDZwcUY2YjBlaUVSVHRUUldUd0gxaWt5bncxYXZCSUxyT0NZNWh3TXJJR01Qd3pDZjk4cHV5dWlaZVRGTW5rYUhraWx1eGlQcnRlU3llaTZrOWpkN2JlMTluc20zTTNvL3BlRVRGR1dYOFIrNnRDSTdtNG94NXdQaGw2aHRXVk5qZ1FzRFZieGZGUWtQVGRkK3l6NU1zSk8wYTlsSWpYdWFJVC9IcnhvZVBMQzIwSk1IcWdYSGxIMG9lK3NXbnJ2MUhVYThrT2xGeU05djQwUFJXOGdnMjVqak1FWmVPSWxmVXp0aElGVWJQcVljb0IzUjlWbjM4K0FWbjlXeCt1dFcrRDZOWmVoZEhiUlRiZVhaWDAwRkkrRE13QnkwU040OWNBNnQ5UE9WdzJ2eHFFTEZ0K1pkeGh1MU5Sd21jZkx6Sit5cDBoSTdWbmRYckhaRTN3aEtPVWhpWmFMd1BXU0d4cXc2VEdzM1ZGUG9yNnBPSFhEV1BsMzd5VW9XYjA3SEFzVGtPbUFZajNKb2FqNEVXZlhHOUhVY3hNbE1ReGJzbDFPTXFuRkRGQ2NQcW11c2VYSElYTG5CWG1UaTVuc0FaSkxqRVF1V3hodjh1ZkxxYld2WWMyd3lSTzUxYWNuMXNrNjNCbmVoVVBRT3N3b1FNU1UwZ1daRTFSanFSQ3pCUFo4a0ZSVkRXV1VOWHNOenVFQUpoTG5kdEFQYTJzVUdncWlQZ3Nrek1mNWNkc2kwY0dEY2d1ejRPdExJOFord0V6MFpCMkxMRjdlanpyTWVxMzllek9YaUN5OThNMXpBRUpTOS9UYm1HN296aXFRa05uajNHaXJDS0hGQ21CbjBwTjRxblViMXVtaDdNZFdTT3kySTFnNkZuSkFNaGZSMG5DeURteitlSy9QeVFtSlRBTWQxRG41ZHZuZWNvcEFTODB3b0F3ZmlOQ2JPNllrZXNYTGNWaG5YOVUxNGxCbndIZGRYUmR6bDZpd01ZaTRyS1RUazhSbm9WL21IK3Y1ZmR1d0Q4bWFWdHVkbkVFUEJjQ0NQRXVzaGdqY0Q3TnNZVnhTRUJjcDI3c1hwOE5aQ2xvejJvNlBiRmhYdi9IQ1VHeHRYbzJZd3VtTURsV2tuNWY1RVFrdzYrSEtoUm9iUUJVQ2N4SDFqZWRmelVrekc0UnhsbHJUVWxrZURkYjl1bFU5WlpZYU5kTy9vdz09IiBDb3JyZWxhdGlvbkJpbmRpbmc9IiIgVXJsRW5jb2RlPSJUcnVlIiAvPg0KICAgICAgICA8Rm9ybVBvc3RQYXJhbWV0ZXIgTmFtZT0iYnRuRXhpdCIgVmFsdWU9Iui/lOWbniIgUmVjb3JkZWRWYWx1ZT0i6L+U5ZueIiBDb3JyZWxhdGlvbkJpbmRpbmc9Int7Rm9ybVBvc3RQYXJhbTUuYnRuRXhpdH19IiBVcmxFbmNvZGU9IlRydWUiIC8+DQogICAgICAgIDxGb3JtUG9zdFBhcmFtZXRlciBOYW1lPSJoaWRHcmlkVmlld1N0YXJ0VGltZSIgVmFsdWU9Int7JEhJRERFTjEuaGlkR3JpZFZpZXdTdGFydFRpbWV9fSIgUmVjb3JkZWRWYWx1ZT0iIiBDb3JyZWxhdGlvbkJpbmRpbmc9IiIgVXJsRW5jb2RlPSJUcnVlIiAvPg0KICAgICAgICA8Rm9ybVBvc3RQYXJhbWV0ZXIgTmFtZT0idWNEYXRlU3RhcnQkdHh0RGF0ZSIgVmFsdWU9IjIwMTcvMDUvMTEiIFJlY29yZGVkVmFsdWU9IjIwMTcvMDUvMTEiIENvcnJlbGF0aW9uQmluZGluZz0ie3tGb3JtUG9zdFBhcmFtNi51Y0RhdGVTdGFydCR0eHREYXRlfX0iIFVybEVuY29kZT0iVHJ1ZSIgLz4NCiAgICAgICAgPEZvcm1Qb3N0UGFyYW1ldGVyIE5hbWU9InVjRGF0ZUVuZCR0eHREYXRlIiBWYWx1ZT0iMjAxNy8wNS8xMSIgUmVjb3JkZWRWYWx1ZT0iMjAxNy8wNS8xMSIgQ29ycmVsYXRpb25CaW5kaW5nPSJ7e0Zvcm1Qb3N0UGFyYW03LnVjRGF0ZUVuZCR0eHREYXRlfX0iIFVybEVuY29kZT0iVHJ1ZSIgLz4NCiAgICAgICAgPEZvcm1Qb3N0UGFyYW1ldGVyIE5hbWU9Ik9UVGltZVN0YXJ0JGRkbEhIIiBWYWx1ZT0iMDAiIFJlY29yZGVkVmFsdWU9IjAwIiBDb3JyZWxhdGlvbkJpbmRpbmc9Int7Rm9ybVBvc3RQYXJhbTguT1RUaW1lU3RhcnQkZGRsSEh9fSIgVXJsRW5jb2RlPSJUcnVlIiAvPg0KICAgICAgICA8Rm9ybVBvc3RQYXJhbWV0ZXIgTmFtZT0iT1RUaW1lU3RhcnQkZGRsTU0iIFZhbHVlPSIwMCIgUmVjb3JkZWRWYWx1ZT0iMDAiIENvcnJlbGF0aW9uQmluZGluZz0ie3tGb3JtUG9zdFBhcmFtOS5PVFRpbWVTdGFydCRkZGxNTX19IiBVcmxFbmNvZGU9IlRydWUiIC8+DQogICAgICAgIDxGb3JtUG9zdFBhcmFtZXRlciBOYW1lPSJPVFRpbWVFbmQkZGRsSEgiIFZhbHVlPSIwMSIgUmVjb3JkZWRWYWx1ZT0iMDEiIENvcnJlbGF0aW9uQmluZGluZz0ie3tGb3JtUG9zdFBhcmFtMTAuT1RUaW1lRW5kJGRkbEhIfX0iIFVybEVuY29kZT0iVHJ1ZSIgLz4NCiAgICAgICAgPEZvcm1Qb3N0UGFyYW1ldGVyIE5hbWU9Ik9UVGltZUVuZCRkZGxNTSIgVmFsdWU9IjAwIiBSZWNvcmRlZFZhbHVlPSIwMCIgQ29ycmVsYXRpb25CaW5kaW5nPSJ7e0Zvcm1Qb3N0UGFyYW0xMS5PVFRpbWVFbmQkZGRsTU19fSIgVXJsRW5jb2RlPSJUcnVlIiAvPg0KICAgICAgICA8Rm9ybVBvc3RQYXJhbWV0ZXIgTmFtZT0iZGRsT1RUeXBlSUQiIFZhbHVlPSI5IiBSZWNvcmRlZFZhbHVlPSI5IiBDb3JyZWxhdGlvbkJpbmRpbmc9Int7Rm9ybVBvc3RQYXJhbTEyLmRkbE9UVHlwZUlEfX0iIFVybEVuY29kZT0iVHJ1ZSIgLz4NCiAgICAgICAgPEZvcm1Qb3N0UGFyYW1ldGVyIE5hbWU9InR4dE9UUmVhc29uTWVtbyR0eHREYXRhIiBWYWx1ZT0idGVzdCIgUmVjb3JkZWRWYWx1ZT0idGVzdCIgQ29ycmVsYXRpb25CaW5kaW5nPSIiIFVybEVuY29kZT0iVHJ1ZSIgLz4NCiAgICAgICAgPEZvcm1Qb3N0UGFyYW1ldGVyIE5hbWU9ImhpZEdyaWRWaWV3U2VhcmNoU3RhcnRUaW1lIiBWYWx1ZT0ie3skSElEREVOMS5oaWRHcmlkVmlld1NlYXJjaFN0YXJ0VGltZX19IiBSZWNvcmRlZFZhbHVlPSIiIENvcnJlbGF0aW9uQmluZGluZz0iIiBVcmxFbmNvZGU9IlRydWUiIC8+DQogICAgICAgIDxGb3JtUG9zdFBhcmFtZXRlciBOYW1lPSJoaWRHcmlkVmlld1NlYXJjaEVuZFRpbWUiIFZhbHVlPSJ7eyRISURERU4xLmhpZEdyaWRWaWV3U2VhcmNoRW5kVGltZX19IiBSZWNvcmRlZFZhbHVlPSIiIENvcnJlbGF0aW9uQmluZGluZz0iIiBVcmxFbmNvZGU9IlRydWUiIC8+DQogICAgICAgIDxGb3JtUG9zdFBhcmFtZXRlciBOYW1lPSJmcmFtZUF0dGFjaCIgVmFsdWU9Ii9VdGlsL0F0dGFjaEFkbWluLmFzcHg/QXR0YWNoREI9QWF0dGVuZGFudERCX0lUUkQmYW1wO0F0dGFjaElEPXRlc3QxMDIxMTkxNWU5NzA3Yy00M2JiLTQ2YzgtYWZiNS0wZDMyNzcyN2I4MTcmYW1wO0F0dGFjaEZpbGVNYXhRdHk9MSZhbXA7QXR0YWNoRmlsZU1heEtCPTMwNzImYW1wO0F0dGFjaEZpbGVUb3RLQj0zMDcyJmFtcDtBdHRhY2hGaWxlRXh0TGlzdD0iIFJlY29yZGVkVmFsdWU9Ii9VdGlsL0F0dGFjaEFkbWluLmFzcHg/QXR0YWNoREI9QWF0dGVuZGFudERCX0lUUkQmYW1wO0F0dGFjaElEPXRlc3QxMDIxMTkxNWU5NzA3Yy00M2JiLTQ2YzgtYWZiNS0wZDMyNzcyN2I4MTcmYW1wO0F0dGFjaEZpbGVNYXhRdHk9MSZhbXA7QXR0YWNoRmlsZU1heEtCPTMwNzImYW1wO0F0dGFjaEZpbGVUb3RLQj0zMDcyJmFtcDtBdHRhY2hGaWxlRXh0TGlzdD0iIENvcnJlbGF0aW9uQmluZGluZz0iIiBVcmxFbmNvZGU9IlRydWUiIC8+DQogICAgICAgIDxGb3JtUG9zdFBhcmFtZXRlciBOYW1lPSJ1Y01vZGFsUG9wdXAxJENsaWVudFdpZHRoIiBWYWx1ZT0ie3skSElEREVOMS51Y01vZGFsUG9wdXAxJENsaWVudFdpZHRofX0iIFJlY29yZGVkVmFsdWU9IjAiIENvcnJlbGF0aW9uQmluZGluZz0iIiBVcmxFbmNvZGU9IlRydWUiIC8+DQogICAgICAgIDxGb3JtUG9zdFBhcmFtZXRlciBOYW1lPSJ1Y01vZGFsUG9wdXAxJENsaWVudEhlaWdodCIgVmFsdWU9Int7JEhJRERFTjEudWNNb2RhbFBvcHVwMSRDbGllbnRIZWlnaHR9fSIgUmVjb3JkZWRWYWx1ZT0iMCIgQ29ycmVsYXRpb25CaW5kaW5nPSIiIFVybEVuY29kZT0iVHJ1ZSIgLz4NCiAgICAgIDwvRm9ybVBvc3RIdHRwQm9keT4NCiAgICA8L1JlcXVlc3Q+DQogICAgPFJlcXVlc3QgTWV0aG9kPSJQT1NUIiBHdWlkPSIyNWIzNmNmMC1jMDk0LTQxYzgtODM2Yy1kNDU0MTcxOGJkYTYiIFZlcnNpb249IjEuMSIgVXJsPSJodHRwOi8vMTAuMTEuMzYuMTE0OjgwMDcvT3ZlclRpbWUvT3ZlcnRpbWVQcmVPcmRlci5hc3B4IiBUaGlua1RpbWU9IjAiIFRpbWVvdXQ9IjMwMCIgUGFyc2VEZXBlbmRlbnRSZXF1ZXN0cz0iVHJ1ZSIgRm9sbG93UmVkaXJlY3RzPSJUcnVlIiBSZWNvcmRSZXN1bHQ9IlRydWUiIENhY2hlPSJGYWxzZSIgUmVzcG9uc2VUaW1lR29hbD0iMCIgRW5jb2Rpbmc9InV0Zi04IiBFeHBlY3RlZEh0dHBTdGF0dXNDb2RlPSIwIiBFeHBlY3RlZFJlc3BvbnNlVXJsPSIiIFJlcG9ydGluZ05hbWU9IiIgSWdub3JlSHR0cFN0YXR1c0NvZGU9IkZhbHNlIj4NCiAgICAgIDxGb3JtUG9zdEh0dHBCb2R5Pg0KICAgICAgICA8Rm9ybVBvc3RQYXJhbWV0ZXIgTmFtZT0iVG9vbGtpdFNjcmlwdE1hbmFnZXIxX0hpZGRlbkZpZWxkIiBWYWx1ZT0iOztBamF4Q29udHJvbFRvb2xraXQsIFZlcnNpb249NC4xLjcuNjA3LCBDdWx0dXJlPW5ldXRyYWwsIFB1YmxpY0tleVRva2VuPTI4ZjAxYjBlODRiNmQ1M2U6emgtSGFudDo3Yjk1ZWQxYS02YTNmLTQxZGQtYmM1Yi02M2YzOWVkYmM0YjQ6ZGUxZmVhYjI6ZmNmMGU5OTM6ZjJjOGU3MDg6NzIwYTUyYmY6ZjljZWM5YmM6NTg5ZWFhMzA6Njk4MTI5Y2Y6ZmI5YjRjNTc6Y2NiOTZjZjk6YTY3YzI3MDA6ODYxM2FlYTc6MzIwMmE1YTI6YWIwOWUzZmU6ODcxMDRiN2M6YmU2ZmIyOTgiIFJlY29yZGVkVmFsdWU9Ijs7QWpheENvbnRyb2xUb29sa2l0LCBWZXJzaW9uPTQuMS43LjYwNywgQ3VsdHVyZT1uZXV0cmFsLCBQdWJsaWNLZXlUb2tlbj0yOGYwMWIwZTg0YjZkNTNlOnpoLUhhbnQ6N2I5NWVkMWEtNmEzZi00MWRkLWJjNWItNjNmMzllZGJjNGI0OmRlMWZlYWIyOmZjZjBlOTkzOmYyYzhlNzA4OjcyMGE1MmJmOmY5Y2VjOWJjOjU4OWVhYTMwOjY5ODEyOWNmOmZiOWI0YzU3OmNjYjk2Y2Y5OmE2N2MyNzAwOjg2MTNhZWE3OjMyMDJhNWEyOmFiMDllM2ZlOjg3MTA0YjdjOmJlNmZiMjk4IiBDb3JyZWxhdGlvbkJpbmRpbmc9IiIgVXJsRW5jb2RlPSJUcnVlIiAvPg0KICAgICAgICA8Rm9ybVBvc3RQYXJhbWV0ZXIgTmFtZT0iX19FVkVOVFRBUkdFVCIgVmFsdWU9Int7JEhJRERFTjEuX19FVkVOVFRBUkdFVH19IiBSZWNvcmRlZFZhbHVlPSIiIENvcnJlbGF0aW9uQmluZGluZz0iIiBVcmxFbmNvZGU9IlRydWUiIC8+DQogICAgICAgIDxGb3JtUG9zdFBhcmFtZXRlciBOYW1lPSJfX0VWRU5UQVJHVU1FTlQiIFZhbHVlPSJ7eyRISURERU4xLl9fRVZFTlRBUkdVTUVOVH19IiBSZWNvcmRlZFZhbHVlPSIiIENvcnJlbGF0aW9uQmluZGluZz0iIiBVcmxFbmNvZGU9IlRydWUiIC8+DQogICAgICAgIDxGb3JtUG9zdFBhcmFtZXRlciBOYW1lPSJfX0xBU1RGT0NVUyIgVmFsdWU9Int7JEhJRERFTjEuX19MQVNURk9DVVN9fSIgUmVjb3JkZWRWYWx1ZT0iIiBDb3JyZWxhdGlvbkJpbmRpbmc9IiIgVXJsRW5jb2RlPSJUcnVlIiAvPg0KICAgICAgICA8Rm9ybVBvc3RQYXJhbWV0ZXIgTmFtZT0iX19WU1RBVEUiIFZhbHVlPSJ7eyRISURERU4xLl9fVlNUQVRFfX0iIFJlY29yZGVkVmFsdWU9IkFSK0xDQUFBQUFBQUJBQ3RWOTF6RTFVVVQ1WnVHdEtQRkd4aVJkMWRIcHh0cDZSa2s2Z0R0UThrS1RZakpkZ0dIaXhNWnB0N3UxbTczYzFrYjB2akV6NFVGSEdBb2VoZ1o1eHhSZ0ZCSEIxZktqS09mNElQUHZqTWtMUjk4ay9BZS9jajJTWkxCa3EzMCtUbW5IUFA3M3pmdlUrOXdRRXY3Wk9XSmtWWkRiNDM3T21tZktHQVA1dExhUXVsVExvem14c24zNzVzTGkwaWlMOXk4Z0xzenVhbWtZZ1c5WlBpQXV6Q05BMkpDbUZnOGR5eW1rbjdiUUc4T0s2VkYwNW1BOGNWN1h4SzFDRm1Vay94RXdSQk9pQWNpY2NFNFoyM0U0bGdPTXo0MHJDRU1tbjZBQitOUnQ4WG92d2hZeEYxTEpqOTJiSkVWSjJRZFlTWElnYWpLWjVuZXZPblJBbG1kSUoyUXBPS1RNZ2lmTGdJeTVWcFZKWlZ5YUQ3VE1kbzMvU3BpZVFIQW5QUWtqdTJpTFJqcFpKU0dWK1loWURRVXJxZVVrUmRseGpla2lFeFF2aC91bERXRk9XVXBzdEkxdFNzaWxjb0tSYm1KU1pndWtBc2hFeVh3MWI2WHE4T0ZWaEFYRG96bmN1Y1RPVzRBbzRHeDUwdlFwWExKcUlqcDB1V1A1eXNjNnFHT0hWUlVUalV5b1lLM3NmekhGUUJKK3FFV2VjZGtuV3lhNUJzc0VrOFAyU0oyUlFuY0x3OWNMd2RjTndGT040S0hIY0ZqclVIanJVRGpya0F4MXFCWTY3QVFudGdvUVY0ME5odGJtNjdkOURLY0VOa3Jxd3RjSEJpYW5JNm5jeG5jbFBwa1Jrd3E1MGJtVEVFNUU5RVVqK2tSTTRSL1dYSVdSdkhuRUJEaGhtbSswUDFHQWlPR0RqY0l5WSsyN2tXMyt6b0NkdWoxd0I1QmtTN0NMYkxYR3ZpSEFiYmljT2tOa0l1SnJ2VWdFczl1dmNHZVFob1dqdXZOcU1hVGpzQ2FyamY4TlJZbVI0K1hsMTl2SHFCNTRZYjBzTjhoSy8vSklPU0JNSEZlbE5PY0FpNitHTUt4ZHlFNGsxQ2NUZWhSSk5Rd2lua0ZnWEQ0QmNvM3l5bndEbkVmYXpKNnZQdVNFUTVqVlFUdG1WS1UyQktBM0NNVDBSNVRzVEY0ckNZRzh2V2x5OE1FcmRBNGs2UXVBMFMzeDJRbUFVU2M0TEViSkRZN29BSUZvamdCQkZzRUdGM1FDd01KMFNVTndCYzlWdERxekZ4OEJBa1Rad3RBMWptWml2T1U4ZHhEamdtczJQRTFMdWVZenJ4eWpnMS9mYXJBQk8wejJDSXhKd282VktZb3ZZRVFiZ2Zmd2JERkQ3dlQ4aFNFU1cxNVdRWml2UGpxamlyUUZBRVlXb09TM1ZRWGtPcTg0eXN5NWhSQklDaURVcEhEaTRqZW1EejFzMk5heGVmckQvNDc5R1Z6ZnRmYk56OXN2cm55dU1MdDdIY1cwU083YUc3YTcrc2IvNTZiZXZ5aGMzdnJtRDZrRVVQUG5uNHNIcDViZk8zUzdXSDE3QWV6SXBZckJCbUVmck45ZHFOYjJxWFB0OVl2YnR4NXpvV09CeTBEQ05POUFFUTlzNEJTckNKUGtJTWh2MU1MMzdwRXMrSXlpSThMa01GMEIwa0pVd1BvUkt6VGFLZkVFbS9NbDM1ZzRTVjFCWlZJREdkOVJqMGhhaDlFZnhneDdZK3hhWmNJai9DNWl0VnBNbjZFT1h4bVp6KzRUMlVKQm1XMFlZNWJLOXBBQnRzWUxKOUVydHZGeEE2ZDQ0Z1JDT2JYOTNiV3ZscDQvYlY2bWMvNGdEYkNJSVRJVzVIMTI5RkY0TUZHdldKSVh1MlRiODZycmNWTitUMVlNM2VwdUFFR2lXK2MyMmREVzJ4bDllMjE5Ylc1VGpmZHE3dVhhTmlLYU9oU05zRmNNbVJld0Y1NnhZUjNWM0J6OW5EazVObkR3UEFCUEw0RGxCR3hyM0I4NWQ4WmUyZnYvMk1Qeit1QW91VTdHQWYvT3ZIS2pMNkZCUkJWbFVxUlN5UTB6UjhtU2pSa1ptdFA3NnQzYmg4anF0ZWYxUzllci8yOVErMXRZdTRQMmUyMW00WjlOcjZ5dGF0NzZzcmQ2by8vMjcyT0RIUGkzMEdwTmMxdGFESWhYbjZvOU5JVnZLcDRqd2VEamxOa2hSb1RBRlprVkZsa0VmTHlMemNKS0VrcS9sQ2NiN0I1UTl4elh3Z0w1RWVPNGFIREQ4MENuQXZVMlNNMERxcUtKQm1sMkFaeVFWUmlZaUtMS2xIa1ZZYVhhcXJPenJhR0VRNzh4THZER2dxbUZWTXozcFJVZFpIbHNpQUdPUDVVWUNURXZZeFB0ZDA3RzNKeGdRWkVkdVNNVUhxRDZlVjNiOTlNL3RLUFlOc2Z6MXpiS2pJaGw4MlRleXI5Sm5ueXcrMnRVMTJDTmM5Tit6QWM2ZUZmZTJGODhFZWNNOEMrM3BUQ04rb2g1MTkweEh2SStUU3ZZL3k5b1U5NUsrN2Y5ampBZFNvRWFLT29CR2hBYm9IeUhwSkVTdEhWVTJGbytCL083V245TFVQQUFBPSIgQ29ycmVsYXRpb25CaW5kaW5nPSIiIFVybEVuY29kZT0iVHJ1ZSIgLz4NCiAgICAgICAgPEZvcm1Qb3N0UGFyYW1ldGVyIE5hbWU9Il9fVklFV1NUQVRFIiBWYWx1ZT0ie3skSElEREVOMS5fX1ZJRVdTVEFURX19IiBSZWNvcmRlZFZhbHVlPSIiIENvcnJlbGF0aW9uQmluZGluZz0iIiBVcmxFbmNvZGU9IlRydWUiIC8+DQogICAgICAgIDxGb3JtUG9zdFBhcmFtZXRlciBOYW1lPSJfX1NDUk9MTFBPU0lUSU9OWCIgVmFsdWU9Int7JEhJRERFTjEuX19TQ1JPTExQT1NJVElPTlh9fSIgUmVjb3JkZWRWYWx1ZT0iMCIgQ29ycmVsYXRpb25CaW5kaW5nPSIiIFVybEVuY29kZT0iVHJ1ZSIgLz4NCiAgICAgICAgPEZvcm1Qb3N0UGFyYW1ldGVyIE5hbWU9Il9fU0NST0xMUE9TSVRJT05ZIiBWYWx1ZT0ie3skSElEREVOMS5fX1NDUk9MTFBPU0lUSU9OWX19IiBSZWNvcmRlZFZhbHVlPSIwIiBDb3JyZWxhdGlvbkJpbmRpbmc9IiIgVXJsRW5jb2RlPSJUcnVlIiAvPg0KICAgICAgICA8Rm9ybVBvc3RQYXJhbWV0ZXIgTmFtZT0iX19WSUVXU1RBVEVFTkNSWVBURUQiIFZhbHVlPSJ7eyRISURERU4xLl9fVklFV1NUQVRFRU5DUllQVEVEfX0iIFJlY29yZGVkVmFsdWU9IiIgQ29ycmVsYXRpb25CaW5kaW5nPSIiIFVybEVuY29kZT0iVHJ1ZSIgLz4NCiAgICAgICAgPEZvcm1Qb3N0UGFyYW1ldGVyIE5hbWU9Il9fRVZFTlRWQUxJREFUSU9OIiBWYWx1ZT0ie3skSElEREVOMS5fX0VWRU5UVkFMSURBVElPTn19IiBSZWNvcmRlZFZhbHVlPSJERzB5eXc2cmZUcVFKS2F4Y1BaRXUvMWZ3cEJBY2xLU0VPZ2dBMDBBU0ZpSXBvY2t6RzVMQ0c0QUc4ckZ3UlRZNjAra05TYTdxN3JZZWNqbUZlVGs4WExkVStQVk53QlpWNkNOeGZ5eUluOFZJTk1qQklhdDM5cUdXM2owMm9ON0c5dDFubTVnWUxURUs0Y3FvbHRHTEswZ1Y0M0VESWJ4bUo0eVliMmNpSGtHVHlndzkvRk9NNktzdm5MS2RLK1BWZXVaaHBtVkVQRERsSURGWUw5NGxuOVpxOFQ5TzZyRDNCV1k2L0NrLzZwc1lML2R3WmplMzdoMTdsN0Q2V05BRFVnYkJMMEErMkxReS93b1Q5MkZyZHE0MHIxeFI3bUtidXoxQzV1VXEvSFdlcHlxbDh4Z1dJSmxDUm1sRHgyV2V3RlVqT0ZzSkdvWmlBd25iT3E2cnNnSFNqWVBVTUdXNk1xYTRSZUdmV3lVT2VQd0txb0RKOVRTckVXT3RGc093eTFGRHNFVFdXbXpFRWJyM3VRVDJYS0JwbDdLKzltWURSM0N2Tjkyb1lOOG92Z25BeGhKcXNhSzZ6Tm5CejdBZzZYZWNyVUIzbXB0Z0tFMmRETEduZHdjZmxBN3l2ckp3M053dHB2U0RueW10QzJYa3pJdWNES25KeWxja2dEK2hWaVkwUUNIdUQwa2ZEZWJyTGxSU0ovR0JLaUxldGc3YnhpdTRSUE9IcSt3anQxS1l0cTBnSXlLUDJzUFFCc1UycERNSURuME9jNmN2K2ZjYmo0dzV3RzFhNzRnQjdOVjJzTzV0Q1ZaM2ZpOTN6SWtTQ1RMTUVmek9DMFc2c2lJWVFKY3hjTEIyc3I4V1BrVThkV2V6aHp6Z29DZC9nMzVJWS95OEw3UmZ3UUxsOGR5NjNNaFJsS2JENGJ2LzZBeDQxdHUvbmZBSjBXZ211cFY4Zys2a1ZEd1pFcHpmNXNtRmlkZllZZTZFRU5sVGtOc1J3eXEzVFkwM2J4a3FYY3dFZytuQWtyNEliMktubFZmM3RzdlYzR2R3bzlTd3NoNVdoWDI2eWxpaUdxWW9tTWVCTkZLcTNaQjA4TTF1QTI4am9UdkNFUXdqcklLelAzYXMzV1d5eVJsVU5hbTY1Y1lKUDIwanBBODAwMnl0ejdISkJCZFJDMmNHbUcvVWVUcUF0ckFjZEdvZVBzOVhYcFVERlJBcWlHSjY5WmxOeHZUTFhVNjFCeklXOWljYUZ2SUxuSE9zbEVseGoxcTlVR0puM1FCVWtYVyszZ3FCTzhua1lKbnJaTjZ2Wno1VVgxZFY4bjBadDZnQjJzcEpER2hybUVYSE9BSlk0Njd2WlFwb2s2U0pGMHJBVTU3K1R0YUlGN1pKcHJCRjFiOWRqY0Fmd29aVUVvV1FseGozVWtsTi9tSWdpcWdibllkMFo2ZSt6Wk5XbWgwUEZIMkJTOFdDbzU0dVJWNlVkWDdmdUZpWU9lZmJjU3JyaTVvNXR0V3JtVE5KV3k3UitHTzhodWxURStYR0xwaGphYnJyRzc0amJOVTV2QXByOHc9IiBDb3JyZWxhdGlvbkJpbmRpbmc9IiIgVXJsRW5jb2RlPSJUcnVlIiAvPg0KICAgICAgICA8Rm9ybVBvc3RQYXJhbWV0ZXIgTmFtZT0iU2NyZWVuV2lkdGgiIFZhbHVlPSJ7eyRISURERU4xLlNjcmVlbldpZHRofX0iIFJlY29yZGVkVmFsdWU9IiIgQ29ycmVsYXRpb25CaW5kaW5nPSIiIFVybEVuY29kZT0iVHJ1ZSIgLz4NCiAgICAgICAgPEZvcm1Qb3N0UGFyYW1ldGVyIE5hbWU9IlNjcmVlbkhlaWdodCIgVmFsdWU9Int7JEhJRERFTjEuU2NyZWVuSGVpZ2h0fX0iIFJlY29yZGVkVmFsdWU9IiIgQ29ycmVsYXRpb25CaW5kaW5nPSIiIFVybEVuY29kZT0iVHJ1ZSIgLz4NCiAgICAgICAgPEZvcm1Qb3N0UGFyYW1ldGVyIE5hbWU9ImJ0blF1ZXJ5IiBWYWx1ZT0i5p+l6KmiIiBSZWNvcmRlZFZhbHVlPSLmn6XoqaIiIENvcnJlbGF0aW9uQmluZGluZz0ie3tGb3JtUG9zdFBhcmFtMS5idG5RdWVyeX19IiBVcmxFbmNvZGU9IlRydWUiIC8+DQogICAgICAgIDxGb3JtUG9zdFBhcmFtZXRlciBOYW1lPSJkZGxPcmdBbmRGbG93IiBWYWx1ZT0iIiBSZWNvcmRlZFZhbHVlPSIiIENvcnJlbGF0aW9uQmluZGluZz0iIiBVcmxFbmNvZGU9IlRydWUiIC8+DQogICAgICAgIDxGb3JtUG9zdFBhcmFtZXRlciBOYW1lPSJkZGxRdWVyeUNvbmRpdGlvbnMiIFZhbHVlPSIwIiBSZWNvcmRlZFZhbHVlPSIwIiBDb3JyZWxhdGlvbkJpbmRpbmc9Int7Rm9ybVBvc3RQYXJhbTMuZGRsUXVlcnlDb25kaXRpb25zfX0iIFVybEVuY29kZT0iVHJ1ZSIgLz4NCiAgICAgICAgPEZvcm1Qb3N0UGFyYW1ldGVyIE5hbWU9InR4dE9URW1wSUQiIFZhbHVlPSIxMDIxMTkiIFJlY29yZGVkVmFsdWU9IjEwMjExOSIgQ29ycmVsYXRpb25CaW5kaW5nPSJ7e0Zvcm1Qb3N0UGFyYW0yLnR4dE9URW1wSUR9fSIgVXJsRW5jb2RlPSJUcnVlIiAvPg0KICAgICAgICA8Rm9ybVBvc3RQYXJhbWV0ZXIgTmFtZT0idHh0T1RFbXBOYW1lIiBWYWx1ZT0iIiBSZWNvcmRlZFZhbHVlPSIiIENvcnJlbGF0aW9uQmluZGluZz0iIiBVcmxFbmNvZGU9IlRydWUiIC8+DQogICAgICAgIDxGb3JtUG9zdFBhcmFtZXRlciBOYW1lPSJ0eHRPVEZvcm1OTyIgVmFsdWU9IiIgUmVjb3JkZWRWYWx1ZT0iIiBDb3JyZWxhdGlvbkJpbmRpbmc9IiIgVXJsRW5jb2RlPSJUcnVlIiAvPg0KICAgICAgICA8Rm9ybVBvc3RQYXJhbWV0ZXIgTmFtZT0iZGRsT1RTdGF0dXMiIFZhbHVlPSIxIiBSZWNvcmRlZFZhbHVlPSIxIiBDb3JyZWxhdGlvbkJpbmRpbmc9Int7Rm9ybVBvc3RQYXJhbTQuZGRsT1RTdGF0dXN9fSIgVXJsRW5jb2RlPSJUcnVlIiAvPg0KICAgICAgICA8Rm9ybVBvc3RQYXJhbWV0ZXIgTmFtZT0idHh0T1REYXRlQmVnaW4kdHh0RGF0ZSIgVmFsdWU9IiIgUmVjb3JkZWRWYWx1ZT0iIiBDb3JyZWxhdGlvbkJpbmRpbmc9IiIgVXJsRW5jb2RlPSJUcnVlIiAvPg0KICAgICAgICA8Rm9ybVBvc3RQYXJhbWV0ZXIgTmFtZT0idHh0T1REYXRlRW5kJHR4dERhdGUiIFZhbHVlPSIiIFJlY29yZGVkVmFsdWU9IiIgQ29ycmVsYXRpb25CaW5kaW5nPSIiIFVybEVuY29kZT0iVHJ1ZSIgLz4NCiAgICAgICAgPEZvcm1Qb3N0UGFyYW1ldGVyIE5hbWU9InVjTW9kYWxQb3B1cDEkQ2xpZW50V2lkdGgiIFZhbHVlPSJ7eyRISURERU4xLnVjTW9kYWxQb3B1cDEkQ2xpZW50V2lkdGh9fSIgUmVjb3JkZWRWYWx1ZT0iMCIgQ29ycmVsYXRpb25CaW5kaW5nPSIiIFVybEVuY29kZT0iVHJ1ZSIgLz4NCiAgICAgICAgPEZvcm1Qb3N0UGFyYW1ldGVyIE5hbWU9InVjTW9kYWxQb3B1cDEkQ2xpZW50SGVpZ2h0IiBWYWx1ZT0ie3skSElEREVOMS51Y01vZGFsUG9wdXAxJENsaWVudEhlaWdodH19IiBSZWNvcmRlZFZhbHVlPSIwIiBDb3JyZWxhdGlvbkJpbmRpbmc9IiIgVXJsRW5jb2RlPSJUcnVlIiAvPg0KICAgICAgPC9Gb3JtUG9zdEh0dHBCb2R5Pg0KICAgIDwvUmVxdWVzdD4NCiAgPC9JdGVtcz4NCiAgPFZhbGlkYXRpb25SdWxlcz4NCiAgICA8VmFsaWRhdGlvblJ1bGUgQ2xhc3NuYW1lPSJNaWNyb3NvZnQuVmlzdWFsU3R1ZGlvLlRlc3RUb29scy5XZWJUZXN0aW5nLlJ1bGVzLlZhbGlkYXRlUmVzcG9uc2VVcmwsIE1pY3Jvc29mdC5WaXN1YWxTdHVkaW8uUXVhbGl0eVRvb2xzLldlYlRlc3RGcmFtZXdvcmssIFZlcnNpb249MTAuMC4wLjAsIEN1bHR1cmU9bmV1dHJhbCwgUHVibGljS2V5VG9rZW49YjAzZjVmN2YxMWQ1MGEzYSIgRGlzcGxheU5hbWU9IuWbnuaHiSBVUkwiIERlc2NyaXB0aW9uPSLpqZforYnlm57mh4kgVVJMIOWcqOWll+eUqOmHjeaWsOWwjuWQkeS5i+W+jOaYr+WQpuWSjOiomOmMhOeahOWbnuaHiSBVUkwg55u45ZCM44CC5bey5b+955WlIFF1ZXJ5U3RyaW5nIOWPg+aVuOOAgiIgTGV2ZWw9IkxvdyIgRXhlY3R1aW9uT3JkZXI9IkJlZm9yZURlcGVuZGVudHMiIC8+DQogICAgPFZhbGlkYXRpb25SdWxlIENsYXNzbmFtZT0iTWljcm9zb2Z0LlZpc3VhbFN0dWRpby5UZXN0VG9vbHMuV2ViVGVzdGluZy5SdWxlcy5WYWxpZGF0aW9uUnVsZVJlc3BvbnNlVGltZUdvYWwsIE1pY3Jvc29mdC5WaXN1YWxTdHVkaW8uUXVhbGl0eVRvb2xzLldlYlRlc3RGcmFtZXdvcmssIFZlcnNpb249MTAuMC4wLjAsIEN1bHR1cmU9bmV1dHJhbCwgUHVibGljS2V5VG9rZW49YjAzZjVmN2YxMWQ1MGEzYSIgRGlzcGxheU5hbWU9IuWbnuaHieaZgumWk+ebruaomSIgRGVzY3JpcHRpb249Iumpl+itieatpOimgeaxgueahOWbnuaHieaZgumWk+aYr+WQpuWwj+aWvOaIluetieaWvOatpOimgeaxguaJgOaMh+WumueahOWbnuaHieaZgumWk+ebruaomeOAguWbnuaHieaZgumWk+ebruaomeeCuumbtuWwh+iiq+W/veeVpeOAgiIgTGV2ZWw9IkxvdyIgRXhlY3R1aW9uT3JkZXI9IkFmdGVyRGVwZW5kZW50cyI+DQogICAgICA8UnVsZVBhcmFtZXRlcnM+DQogICAgICAgIDxSdWxlUGFyYW1ldGVyIE5hbWU9IlRvbGVyYW5jZSIgVmFsdWU9IjAiIC8+DQogICAgICA8L1J1bGVQYXJhbWV0ZXJzPg0KICAgIDwvVmFsaWRhdGlvblJ1bGU+DQogIDwvVmFsaWRhdGlvblJ1bGVzPg0KPC9XZWJUZXN0Pg==">
    </WebTest>
    <WebTest name="WebTestInsertDeleteCase01" storage="d:\git\attendant\loadtesting\loadtesting\webtestinsertdeletecase01.webtest" id="5bb2bc9f-0fc4-499f-9eb4-d5c514a4ffa9" persistedWebTest="77u/PD94bWwgdmVyc2lvbj0iMS4wIiBlbmNvZGluZz0iVVRGLTgiIHN0YW5kYWxvbmU9InllcyI/Pg0KPFdlYlRlc3QgTmFtZT0iV2ViVGVzdEluc2VydERlbGV0ZUNhc2UwMSIgSWQ9IjViYjJiYzlmLTBmYzQtNDk5Zi05ZWI0LWQ1YzUxNGE0ZmZhOSIgT3duZXI9IiIgUHJpb3JpdHk9IjIxNDc0ODM2NDciIEVuYWJsZWQ9IlRydWUiIENzc1Byb2plY3RTdHJ1Y3R1cmU9IiIgQ3NzSXRlcmF0aW9uPSIiIFRpbWVvdXQ9IjAiIFdvcmtJdGVtSWRzPSIiIHhtbG5zPSJodHRwOi8vbWljcm9zb2Z0LmNvbS9zY2hlbWFzL1Zpc3VhbFN0dWRpby9UZWFtVGVzdC8yMDEwIiBEZXNjcmlwdGlvbj0iIiBDcmVkZW50aWFsVXNlck5hbWU9IiIgQ3JlZGVudGlhbFBhc3N3b3JkPSIiIFByZUF1dGhlbnRpY2F0ZT0iVHJ1ZSIgUHJveHk9ImRlZmF1bHQiIFN0b3BPbkVycm9yPSJGYWxzZSIgUmVjb3JkZWRSZXN1bHRGaWxlPSJXZWJUZXN0MS5jYTkxY2NhZi03ZTJlLTQ0MDUtOTQ4My1kNzliNzBmYzllZmUucmVjLndlYnRlc3RyZXN1bHQiIFJlc3VsdHNMb2NhbGU9IiI+DQogIDxJdGVtcz4NCiAgICA8UmVxdWVzdCBNZXRob2Q9IkdFVCIgR3VpZD0iOTAxZWIwZTItYjEwMy00MjA3LWFhOTktNGNkODUwZGFhN2U3IiBWZXJzaW9uPSIxLjEiIFVybD0iaHR0cDovLzEwLjExLjM2LjExNDo4MDA3L2hybG9naW4vaHJsb2dpbi5hc3B4IiBUaGlua1RpbWU9IjAiIFRpbWVvdXQ9IjMwMCIgUGFyc2VEZXBlbmRlbnRSZXF1ZXN0cz0iVHJ1ZSIgRm9sbG93UmVkaXJlY3RzPSJUcnVlIiBSZWNvcmRSZXN1bHQ9IlRydWUiIENhY2hlPSJGYWxzZSIgUmVzcG9uc2VUaW1lR29hbD0iMCIgRW5jb2Rpbmc9InV0Zi04IiBFeHBlY3RlZEh0dHBTdGF0dXNDb2RlPSIwIiBFeHBlY3RlZFJlc3BvbnNlVXJsPSIiIFJlcG9ydGluZ05hbWU9IiIgSWdub3JlSHR0cFN0YXR1c0NvZGU9IkZhbHNlIj4NCiAgICAgIDxFeHRyYWN0aW9uUnVsZXM+DQogICAgICAgIDxFeHRyYWN0aW9uUnVsZSBDbGFzc25hbWU9Ik1pY3Jvc29mdC5WaXN1YWxTdHVkaW8uVGVzdFRvb2xzLldlYlRlc3RpbmcuUnVsZXMuRXh0cmFjdEhpZGRlbkZpZWxkcywgTWljcm9zb2Z0LlZpc3VhbFN0dWRpby5RdWFsaXR5VG9vbHMuV2ViVGVzdEZyYW1ld29yaywgVmVyc2lvbj0xMC4wLjAuMCwgQ3VsdHVyZT1uZXV0cmFsLCBQdWJsaWNLZXlUb2tlbj1iMDNmNWY3ZjExZDUwYTNhIiBWYXJpYWJsZU5hbWU9IjEiIERpc3BsYXlOYW1lPSLmk7flj5bpmrHol4/mrITkvY0iIERlc2NyaXB0aW9uPSLmk7flj5blm57mh4nkuK3nmoTmiYDmnInpmrHol4/mrITkvY3vvIzkuKblsIflroPlgJHmlL7lnKjmuKzoqablhaflrrnkuK3jgIIiPg0KICAgICAgICAgIDxSdWxlUGFyYW1ldGVycz4NCiAgICAgICAgICAgIDxSdWxlUGFyYW1ldGVyIE5hbWU9IlJlcXVpcmVkIiBWYWx1ZT0iVHJ1ZSIgLz4NCiAgICAgICAgICAgIDxSdWxlUGFyYW1ldGVyIE5hbWU9Ikh0bWxEZWNvZGUiIFZhbHVlPSJUcnVlIiAvPg0KICAgICAgICAgIDwvUnVsZVBhcmFtZXRlcnM+DQogICAgICAgIDwvRXh0cmFjdGlvblJ1bGU+DQogICAgICA8L0V4dHJhY3Rpb25SdWxlcz4NCiAgICAgIDxDb3JyZWxhdGlvbkV4dHJhY3Rpb25SdWxlcz4NCiAgICAgICAgPEV4dHJhY3Rpb25SdWxlIENsYXNzbmFtZT0iTWljcm9zb2Z0LlZpc3VhbFN0dWRpby5UZXN0VG9vbHMuV2ViVGVzdGluZy5SdWxlcy5FeHRyYWN0Rm9ybUZpZWxkLCBNaWNyb3NvZnQuVmlzdWFsU3R1ZGlvLlF1YWxpdHlUb29scy5XZWJUZXN0RnJhbWV3b3JrLCBWZXJzaW9uPTEwLjAuMC4wLCBDdWx0dXJlPW5ldXRyYWwsIFB1YmxpY0tleVRva2VuPWIwM2Y1ZjdmMTFkNTBhM2EiIFZhcmlhYmxlTmFtZT0iRm9ybVBvc3RQYXJhbTEyNS5idG5FeGVjdXRlIiBEaXNwbGF5TmFtZT0iIiBEZXNjcmlwdGlvbj0iIj4NCiAgICAgICAgICA8UnVsZVBhcmFtZXRlcnM+DQogICAgICAgICAgICA8UnVsZVBhcmFtZXRlciBOYW1lPSJOYW1lIiBWYWx1ZT0iYnRuRXhlY3V0ZSIgLz4NCiAgICAgICAgICAgIDxSdWxlUGFyYW1ldGVyIE5hbWU9Ikh0bWxEZWNvZGUiIFZhbHVlPSJUcnVlIiAvPg0KICAgICAgICAgICAgPFJ1bGVQYXJhbWV0ZXIgTmFtZT0iUmVxdWlyZWQiIFZhbHVlPSJGYWxzZSIgLz4NCiAgICAgICAgICAgIDxSdWxlUGFyYW1ldGVyIE5hbWU9IkluZGV4IiBWYWx1ZT0iMCIgLz4NCiAgICAgICAgICA8L1J1bGVQYXJhbWV0ZXJzPg0KICAgICAgICA8L0V4dHJhY3Rpb25SdWxlPg0KICAgICAgICA8RXh0cmFjdGlvblJ1bGUgQ2xhc3NuYW1lPSJNaWNyb3NvZnQuVmlzdWFsU3R1ZGlvLlRlc3RUb29scy5XZWJUZXN0aW5nLlJ1bGVzLkV4dHJhY3RUZXh0LCBNaWNyb3NvZnQuVmlzdWFsU3R1ZGlvLlF1YWxpdHlUb29scy5XZWJUZXN0RnJhbWV3b3JrLCBWZXJzaW9uPTEwLjAuMC4wLCBDdWx0dXJlPW5ldXRyYWwsIFB1YmxpY0tleVRva2VuPWIwM2Y1ZjdmMTFkNTBhM2EiIFZhcmlhYmxlTmFtZT0iRm9ybVBvc3RQYXJhbTEyNi5kZGxVSUN1bHR1cmUiIERpc3BsYXlOYW1lPSIiIERlc2NyaXB0aW9uPSIiPg0KICAgICAgICAgIDxSdWxlUGFyYW1ldGVycz4NCiAgICAgICAgICAgIDxSdWxlUGFyYW1ldGVyIE5hbWU9IlN0YXJ0c1dpdGgiIFZhbHVlPSJsdWU9JnF1b3Q7IiAvPg0KICAgICAgICAgICAgPFJ1bGVQYXJhbWV0ZXIgTmFtZT0iRW5kc1dpdGgiIFZhbHVlPSImcXVvdDsmZ3Q75q2j6auU5LitIiAvPg0KICAgICAgICAgICAgPFJ1bGVQYXJhbWV0ZXIgTmFtZT0iSW5kZXgiIFZhbHVlPSI4IiAvPg0KICAgICAgICAgICAgPFJ1bGVQYXJhbWV0ZXIgTmFtZT0iSWdub3JlQ2FzZSIgVmFsdWU9IkZhbHNlIiAvPg0KICAgICAgICAgICAgPFJ1bGVQYXJhbWV0ZXIgTmFtZT0iVXNlUmVndWxhckV4cHJlc3Npb24iIFZhbHVlPSJGYWxzZSIgLz4NCiAgICAgICAgICAgIDxSdWxlUGFyYW1ldGVyIE5hbWU9Ikh0bWxEZWNvZGUiIFZhbHVlPSJUcnVlIiAvPg0KICAgICAgICAgICAgPFJ1bGVQYXJhbWV0ZXIgTmFtZT0iUmVxdWlyZWQiIFZhbHVlPSJGYWxzZSIgLz4NCiAgICAgICAgICA8L1J1bGVQYXJhbWV0ZXJzPg0KICAgICAgICA8L0V4dHJhY3Rpb25SdWxlPg0KICAgICAgPC9Db3JyZWxhdGlvbkV4dHJhY3Rpb25SdWxlcz4NCiAgICA8L1JlcXVlc3Q+DQogICAgPFJlcXVlc3QgTWV0aG9kPSJQT1NUIiBHdWlkPSJmMWY4OGRlMy00N2MyLTQ2NTMtOWQwZC0zNTJlMmIwZmM0YTUiIFZlcnNpb249IjEuMSIgVXJsPSJodHRwOi8vMTAuMTEuMzYuMTE0OjgwMDcvaHJsb2dpbi9ocmxvZ2luLmFzcHgiIFRoaW5rVGltZT0iMjYiIFRpbWVvdXQ9IjMwMCIgUGFyc2VEZXBlbmRlbnRSZXF1ZXN0cz0iVHJ1ZSIgRm9sbG93UmVkaXJlY3RzPSJUcnVlIiBSZWNvcmRSZXN1bHQ9IlRydWUiIENhY2hlPSJGYWxzZSIgUmVzcG9uc2VUaW1lR29hbD0iMCIgRW5jb2Rpbmc9InV0Zi04IiBFeHBlY3RlZEh0dHBTdGF0dXNDb2RlPSIwIiBFeHBlY3RlZFJlc3BvbnNlVXJsPSIiIFJlcG9ydGluZ05hbWU9IiIgSWdub3JlSHR0cFN0YXR1c0NvZGU9IkZhbHNlIj4NCiAgICAgIDxGb3JtUG9zdEh0dHBCb2R5Pg0KICAgICAgICA8Rm9ybVBvc3RQYXJhbWV0ZXIgTmFtZT0iX19MQVNURk9DVVMiIFZhbHVlPSJ7eyRISURERU4xLl9fTEFTVEZPQ1VTfX0iIFJlY29yZGVkVmFsdWU9IiIgQ29ycmVsYXRpb25CaW5kaW5nPSIiIFVybEVuY29kZT0iVHJ1ZSIgLz4NCiAgICAgICAgPEZvcm1Qb3N0UGFyYW1ldGVyIE5hbWU9Il9fRVZFTlRUQVJHRVQiIFZhbHVlPSJ7eyRISURERU4xLl9fRVZFTlRUQVJHRVR9fSIgUmVjb3JkZWRWYWx1ZT0iIiBDb3JyZWxhdGlvbkJpbmRpbmc9IiIgVXJsRW5jb2RlPSJUcnVlIiAvPg0KICAgICAgICA8Rm9ybVBvc3RQYXJhbWV0ZXIgTmFtZT0iX19FVkVOVEFSR1VNRU5UIiBWYWx1ZT0ie3skSElEREVOMS5fX0VWRU5UQVJHVU1FTlR9fSIgUmVjb3JkZWRWYWx1ZT0iIiBDb3JyZWxhdGlvbkJpbmRpbmc9IiIgVXJsRW5jb2RlPSJUcnVlIiAvPg0KICAgICAgICA8Rm9ybVBvc3RQYXJhbWV0ZXIgTmFtZT0iX19WSUVXU1RBVEUiIFZhbHVlPSJ7eyRISURERU4xLl9fVklFV1NUQVRFfX0iIFJlY29yZGVkVmFsdWU9Ii93RVBEd1VLTFRRMU5ETTFNVEEwTWc5a0ZnSUNBdzlrRmdRQ0FROFdBaDRIVm1semFXSnNaV2NXQkFJQkR3OFdIaDRLWDAxaGVFeGxibWQwYUdZZUVsOUpjMEYxZEc5VWIxVndjR1Z5UTJGelpXZ2VERjlKYzBGamRHbDJaVWxOUldjZUMxOUpjMUJoYzNOM2IzSmthQjRPWDFSbGVIUlRhR2xtZEV0cGJtUUxLWDlUYVc1dlVHRmpMbGRsWWtWNGNISmxjM011UTI5dGJXOXVMbFYwYVd3clZHVjRkRk5vYVdaMFMybHVaQ3dnVTJsdWIxQmhZeTVYWldKRmVIQnlaWE56TGtOdmJXMXZiaXdnVm1WeWMybHZiajAzTGpNdU16RXVNU3dnUTNWc2RIVnlaVDF1WlhWMGNtRnNMQ0JRZFdKc2FXTkxaWGxVYjJ0bGJqMXVkV3hzQUI0S1gxZGhkR1Z5VFdGeWEyVWVDRjlKYzBOc1pXRnlhQjRJWDFSdmIyeFVhWEJsSGd0ZlNYTlNaV0ZrVDI1c2VXZ2VDVjlEYzNORGJHRnpjMlVlRDE5SmMxZHBaSFJvUW5sUWFYaGxiR2NlRTE5SmMwUnBjM0JGYm5SbGNtVmtWMjl5WkhOb0hnWmZWMmxrZEdnQ1VCNElYMGx6Um05amRYTm5IZ2xmU1hOU1pXZEZlSEJvWkJZRUFnRVBaQllDQWdFUEVBOWtGZ0llQjI5dVkyeHBZMnNGdndGMllYSWdiMVpoYkdsa0lEMGdaRzlqZFcxbGJuUXVaMlYwUld4bGJXVnVkRUo1U1dRb0ozUjRkRlZ6WlhKSlJGOVNaWEYxYVhKbFpFWnBaV3hrVm1Gc2FXUmhkRzl5TVNjcE8xWmhiR2xrWVhSdmNrVnVZV0pzWlNodlZtRnNhV1FzZEdocGN5NWphR1ZqYTJWa0tUdFZkR2xzWDBOb2EwSnZlRlJ2WjJkc1pWWnBjMmxpYVd4cGRIa29KM1I0ZEZWelpYSkpSRjlqYUd0V2FYTnBZbWxzYVhSNUp5d2dKM1I0ZEZWelpYSkpSRjlrYVhaRVlYUmhRWEpsWVNjcE8yUmtaQUlERHhZQ0hnVnpkSGxzWlFVMlpteHZZWFE2YkdWbWREdGthWE53YkdGNU9tbHViR2x1WlMxaWJHOWphenR3WVdSa2FXNW5PakE3ZG1semFXSnBiR2wwZVRvN0ZnWUNBUThQRmdnZUNGSmxZV1JQYm14NWFCNEZWMmxrZEdnYkFBQUFBQUFBVkVBQkFBQUFIZ2hEYzNORGJHRnpjMlVlQkY4aFUwSUNnZ0lXQWg0SGIyNXJaWGwxY0FVT2RHaHBjeTUwYVhSc1pUMG5KenRrQWdNUER4WUVIeE1iQUFBQUFBQUFWRUFCQUFBQUh4VUNnQUprWkFJRkQyUVdBZ0lCRHc4V0FoNEVWR1Y0ZEFVWFcrV2twK1d2cSttT2x1V3VtbDNsdDdMbGxaL25sS2dXQWg4UkJaUUJjR0ZrWkdsdVp6b2dNbkI0SURFd2NIZ2dNbkI0SURFd2NIZzdJR052Ykc5eU9pTXdNREE3SUdKaFkydG5jbTkxYm1RNklDTkdSa1U0UVRZN0lHWnZiblF0ZDJWcFoyaDBPaUJpYjJ4a095QmliM0prWlhJNklERndlQ0J6YjJ4cFpDQmtZWEpyWjNKaGVUc2dkMmhwZEdVdGMzQmhZMlU2SUc1dmQzSmhjRHNnWW05eVpHVnlMWEpoWkdsMWN6b2dNM0I0TzJRQ0F3OFFEeFlHSGc1RVlYUmhWbUZzZFdWR2FXVnNaQVVEUzJWNUhnMUVZWFJoVkdWNGRFWnBaV3hrQlFWV1lXeDFaUjRMWHlGRVlYUmhRbTkxYm1SblpCQVZCQWRGYm1kc2FYTm9ET2V1Z09TOWsrUzRyZWFXaHd6bXJhUHBxNVRrdUszbWxvY001NjZBNUwyVDVyR0o2Syt0RlFRQ1pXNEdlbWd0UTBoVEJucG9MVU5JVkFkNmFDMUlZVzV6RkNzREJHZG5aMmRrWkFJRER3OFdBaDhYWldSa1pDY1ZSWVhUaDlqQ0NNd1NjdzRuUnVWMDltLzkiIENvcnJlbGF0aW9uQmluZGluZz0iIiBVcmxFbmNvZGU9IlRydWUiIC8+DQogICAgICAgIDxGb3JtUG9zdFBhcmFtZXRlciBOYW1lPSJfX1ZJRVdTVEFURUdFTkVSQVRPUiIgVmFsdWU9Int7JEhJRERFTjEuX19WSUVXU1RBVEVHRU5FUkFUT1J9fSIgUmVjb3JkZWRWYWx1ZT0iNUJCMEYyOTAiIENvcnJlbGF0aW9uQmluZGluZz0iIiBVcmxFbmNvZGU9IlRydWUiIC8+DQogICAgICAgIDxGb3JtUG9zdFBhcmFtZXRlciBOYW1lPSJfX0VWRU5UVkFMSURBVElPTiIgVmFsdWU9Int7JEhJRERFTjEuX19FVkVOVFZBTElEQVRJT059fSIgUmVjb3JkZWRWYWx1ZT0iL3dFZEFBalp6Z2VkSzdXSG51S0EybytzVlJBVFpoVHFvMnlkcmNBdlZYaFZYMEtGS1lJRmZSUlpoWHN4VXk0M3FmbVZnUCtMUmJxWEFyNHBYUkF4NUxnUFBGamdlQ1BGY241YVBNWWhCNmdlbDBvL2JsM0ZRL3FuUVcydUZvWlBuaHdySjFkZ3pDa3BxY1hIb0xXUitmYzh4SDNZUnJQcEd6ckQrWkcwV2s0WXJuMzVGdmtlZi90WlJnN0djRk4zN05nS0c2VVdOUGdlIiBDb3JyZWxhdGlvbkJpbmRpbmc9IiIgVXJsRW5jb2RlPSJUcnVlIiAvPg0KICAgICAgICA8Rm9ybVBvc3RQYXJhbWV0ZXIgTmFtZT0idHh0VXNlcklEJHR4dERhdGEiIFZhbHVlPSIxMDIxMTkiIFJlY29yZGVkVmFsdWU9IjEwMjExOSIgQ29ycmVsYXRpb25CaW5kaW5nPSIiIFVybEVuY29kZT0iVHJ1ZSIgLz4NCiAgICAgICAgPEZvcm1Qb3N0UGFyYW1ldGVyIE5hbWU9ImRkbFVJQ3VsdHVyZSIgVmFsdWU9InpoLUNIVCIgUmVjb3JkZWRWYWx1ZT0iemgtQ0hUIiBDb3JyZWxhdGlvbkJpbmRpbmc9Int7Rm9ybVBvc3RQYXJhbTEyNi5kZGxVSUN1bHR1cmV9fSIgVXJsRW5jb2RlPSJUcnVlIiAvPg0KICAgICAgICA8Rm9ybVBvc3RQYXJhbWV0ZXIgTmFtZT0iYnRuRXhlY3V0ZSIgVmFsdWU9IkxvY2FsIExvZ2luIiBSZWNvcmRlZFZhbHVlPSJMb2NhbCBMb2dpbiIgQ29ycmVsYXRpb25CaW5kaW5nPSJ7e0Zvcm1Qb3N0UGFyYW0xMjUuYnRuRXhlY3V0ZX19IiBVcmxFbmNvZGU9IlRydWUiIC8+DQogICAgICA8L0Zvcm1Qb3N0SHR0cEJvZHk+DQogICAgPC9SZXF1ZXN0Pg0KICAgIDxSZXF1ZXN0IE1ldGhvZD0iR0VUIiBHdWlkPSI5MGVhYzEzMy05NmMzLTQ3OTAtYTg5Yy03OTI0NzFmOWRhMjAiIFZlcnNpb249IjEuMSIgVXJsPSJodHRwOi8vMTAuMTEuMzYuMTE0OjgwMDcvT3ZlclRpbWUvT3ZlcnRpbWVQcmVPcmRlcl9BZGQuYXNweCIgVGhpbmtUaW1lPSIwIiBUaW1lb3V0PSIzMDAiIFBhcnNlRGVwZW5kZW50UmVxdWVzdHM9IlRydWUiIEZvbGxvd1JlZGlyZWN0cz0iVHJ1ZSIgUmVjb3JkUmVzdWx0PSJUcnVlIiBDYWNoZT0iRmFsc2UiIFJlc3BvbnNlVGltZUdvYWw9IjAiIEVuY29kaW5nPSJ1dGYtOCIgRXhwZWN0ZWRIdHRwU3RhdHVzQ29kZT0iMCIgRXhwZWN0ZWRSZXNwb25zZVVybD0iIiBSZXBvcnRpbmdOYW1lPSIiIElnbm9yZUh0dHBTdGF0dXNDb2RlPSJGYWxzZSI+DQogICAgICA8RXh0cmFjdGlvblJ1bGVzPg0KICAgICAgICA8RXh0cmFjdGlvblJ1bGUgQ2xhc3NuYW1lPSJNaWNyb3NvZnQuVmlzdWFsU3R1ZGlvLlRlc3RUb29scy5XZWJUZXN0aW5nLlJ1bGVzLkV4dHJhY3RIaWRkZW5GaWVsZHMsIE1pY3Jvc29mdC5WaXN1YWxTdHVkaW8uUXVhbGl0eVRvb2xzLldlYlRlc3RGcmFtZXdvcmssIFZlcnNpb249MTAuMC4wLjAsIEN1bHR1cmU9bmV1dHJhbCwgUHVibGljS2V5VG9rZW49YjAzZjVmN2YxMWQ1MGEzYSIgVmFyaWFibGVOYW1lPSIxIiBEaXNwbGF5TmFtZT0i5pO35Y+W6Zqx6JeP5qyE5L2NIiBEZXNjcmlwdGlvbj0i5pO35Y+W5Zue5oeJ5Lit55qE5omA5pyJ6Zqx6JeP5qyE5L2N77yM5Lim5bCH5a6D5YCR5pS+5Zyo5ris6Kmm5YWn5a655Lit44CCIj4NCiAgICAgICAgICA8UnVsZVBhcmFtZXRlcnM+DQogICAgICAgICAgICA8UnVsZVBhcmFtZXRlciBOYW1lPSJSZXF1aXJlZCIgVmFsdWU9IlRydWUiIC8+DQogICAgICAgICAgICA8UnVsZVBhcmFtZXRlciBOYW1lPSJIdG1sRGVjb2RlIiBWYWx1ZT0iVHJ1ZSIgLz4NCiAgICAgICAgICA8L1J1bGVQYXJhbWV0ZXJzPg0KICAgICAgICA8L0V4dHJhY3Rpb25SdWxlPg0KICAgICAgPC9FeHRyYWN0aW9uUnVsZXM+DQogICAgICA8Q29ycmVsYXRpb25FeHRyYWN0aW9uUnVsZXM+DQogICAgICAgIDxFeHRyYWN0aW9uUnVsZSBDbGFzc25hbWU9Ik1pY3Jvc29mdC5WaXN1YWxTdHVkaW8uVGVzdFRvb2xzLldlYlRlc3RpbmcuUnVsZXMuRXh0cmFjdEZvcm1GaWVsZCwgTWljcm9zb2Z0LlZpc3VhbFN0dWRpby5RdWFsaXR5VG9vbHMuV2ViVGVzdEZyYW1ld29yaywgVmVyc2lvbj0xMC4wLjAuMCwgQ3VsdHVyZT1uZXV0cmFsLCBQdWJsaWNLZXlUb2tlbj1iMDNmNWY3ZjExZDUwYTNhIiBWYXJpYWJsZU5hbWU9IkZvcm1Qb3N0UGFyYW0xMDkuT1RFbXBJRCIgRGlzcGxheU5hbWU9IiIgRGVzY3JpcHRpb249IiI+DQogICAgICAgICAgPFJ1bGVQYXJhbWV0ZXJzPg0KICAgICAgICAgICAgPFJ1bGVQYXJhbWV0ZXIgTmFtZT0iTmFtZSIgVmFsdWU9InJidFNpbmdsZUVtcElEIiAvPg0KICAgICAgICAgICAgPFJ1bGVQYXJhbWV0ZXIgTmFtZT0iSHRtbERlY29kZSIgVmFsdWU9IlRydWUiIC8+DQogICAgICAgICAgICA8UnVsZVBhcmFtZXRlciBOYW1lPSJSZXF1aXJlZCIgVmFsdWU9IkZhbHNlIiAvPg0KICAgICAgICAgICAgPFJ1bGVQYXJhbWV0ZXIgTmFtZT0iSW5kZXgiIFZhbHVlPSIwIiAvPg0KICAgICAgICAgIDwvUnVsZVBhcmFtZXRlcnM+DQogICAgICAgIDwvRXh0cmFjdGlvblJ1bGU+DQogICAgICAgIDxFeHRyYWN0aW9uUnVsZSBDbGFzc25hbWU9Ik1pY3Jvc29mdC5WaXN1YWxTdHVkaW8uVGVzdFRvb2xzLldlYlRlc3RpbmcuUnVsZXMuRXh0cmFjdEZvcm1GaWVsZCwgTWljcm9zb2Z0LlZpc3VhbFN0dWRpby5RdWFsaXR5VG9vbHMuV2ViVGVzdEZyYW1ld29yaywgVmVyc2lvbj0xMC4wLjAuMCwgQ3VsdHVyZT1uZXV0cmFsLCBQdWJsaWNLZXlUb2tlbj1iMDNmNWY3ZjExZDUwYTNhIiBWYXJpYWJsZU5hbWU9IkZvcm1Qb3N0UGFyYW0xMTAudHh0T1RFbXBJRCIgRGlzcGxheU5hbWU9IiIgRGVzY3JpcHRpb249IiI+DQogICAgICAgICAgPFJ1bGVQYXJhbWV0ZXJzPg0KICAgICAgICAgICAgPFJ1bGVQYXJhbWV0ZXIgTmFtZT0iTmFtZSIgVmFsdWU9InR4dE9URW1wSUQiIC8+DQogICAgICAgICAgICA8UnVsZVBhcmFtZXRlciBOYW1lPSJIdG1sRGVjb2RlIiBWYWx1ZT0iVHJ1ZSIgLz4NCiAgICAgICAgICAgIDxSdWxlUGFyYW1ldGVyIE5hbWU9IlJlcXVpcmVkIiBWYWx1ZT0iRmFsc2UiIC8+DQogICAgICAgICAgICA8UnVsZVBhcmFtZXRlciBOYW1lPSJJbmRleCIgVmFsdWU9IjAiIC8+DQogICAgICAgICAgPC9SdWxlUGFyYW1ldGVycz4NCiAgICAgICAgPC9FeHRyYWN0aW9uUnVsZT4NCiAgICAgICAgPEV4dHJhY3Rpb25SdWxlIENsYXNzbmFtZT0iTWljcm9zb2Z0LlZpc3VhbFN0dWRpby5UZXN0VG9vbHMuV2ViVGVzdGluZy5SdWxlcy5FeHRyYWN0Rm9ybUZpZWxkLCBNaWNyb3NvZnQuVmlzdWFsU3R1ZGlvLlF1YWxpdHlUb29scy5XZWJUZXN0RnJhbWV3b3JrLCBWZXJzaW9uPTEwLjAuMC4wLCBDdWx0dXJlPW5ldXRyYWwsIFB1YmxpY0tleVRva2VuPWIwM2Y1ZjdmMTFkNTBhM2EiIFZhcmlhYmxlTmFtZT0iRm9ybVBvc3RQYXJhbTExMS50eHRPVEVtcE5hbWUiIERpc3BsYXlOYW1lPSIiIERlc2NyaXB0aW9uPSIiPg0KICAgICAgICAgIDxSdWxlUGFyYW1ldGVycz4NCiAgICAgICAgICAgIDxSdWxlUGFyYW1ldGVyIE5hbWU9Ik5hbWUiIFZhbHVlPSJ0eHRPVEVtcE5hbWUiIC8+DQogICAgICAgICAgICA8UnVsZVBhcmFtZXRlciBOYW1lPSJIdG1sRGVjb2RlIiBWYWx1ZT0iVHJ1ZSIgLz4NCiAgICAgICAgICAgIDxSdWxlUGFyYW1ldGVyIE5hbWU9IlJlcXVpcmVkIiBWYWx1ZT0iRmFsc2UiIC8+DQogICAgICAgICAgICA8UnVsZVBhcmFtZXRlciBOYW1lPSJJbmRleCIgVmFsdWU9IjAiIC8+DQogICAgICAgICAgPC9SdWxlUGFyYW1ldGVycz4NCiAgICAgICAgPC9FeHRyYWN0aW9uUnVsZT4NCiAgICAgICAgPEV4dHJhY3Rpb25SdWxlIENsYXNzbmFtZT0iTWljcm9zb2Z0LlZpc3VhbFN0dWRpby5UZXN0VG9vbHMuV2ViVGVzdGluZy5SdWxlcy5FeHRyYWN0Rm9ybUZpZWxkLCBNaWNyb3NvZnQuVmlzdWFsU3R1ZGlvLlF1YWxpdHlUb29scy5XZWJUZXN0RnJhbWV3b3JrLCBWZXJzaW9uPTEwLjAuMC4wLCBDdWx0dXJlPW5ldXRyYWwsIFB1YmxpY0tleVRva2VuPWIwM2Y1ZjdmMTFkNTBhM2EiIFZhcmlhYmxlTmFtZT0iRm9ybVBvc3RQYXJhbTExMi51Y0RhdGVTdGFydCR0eHREYXRlIiBEaXNwbGF5TmFtZT0iIiBEZXNjcmlwdGlvbj0iIj4NCiAgICAgICAgICA8UnVsZVBhcmFtZXRlcnM+DQogICAgICAgICAgICA8UnVsZVBhcmFtZXRlciBOYW1lPSJOYW1lIiBWYWx1ZT0idWNEYXRlU3RhcnRfdHh0RGF0ZSIgLz4NCiAgICAgICAgICAgIDxSdWxlUGFyYW1ldGVyIE5hbWU9Ikh0bWxEZWNvZGUiIFZhbHVlPSJUcnVlIiAvPg0KICAgICAgICAgICAgPFJ1bGVQYXJhbWV0ZXIgTmFtZT0iUmVxdWlyZWQiIFZhbHVlPSJGYWxzZSIgLz4NCiAgICAgICAgICAgIDxSdWxlUGFyYW1ldGVyIE5hbWU9IkluZGV4IiBWYWx1ZT0iMCIgLz4NCiAgICAgICAgICA8L1J1bGVQYXJhbWV0ZXJzPg0KICAgICAgICA8L0V4dHJhY3Rpb25SdWxlPg0KICAgICAgICA8RXh0cmFjdGlvblJ1bGUgQ2xhc3NuYW1lPSJNaWNyb3NvZnQuVmlzdWFsU3R1ZGlvLlRlc3RUb29scy5XZWJUZXN0aW5nLlJ1bGVzLkV4dHJhY3RGb3JtRmllbGQsIE1pY3Jvc29mdC5WaXN1YWxTdHVkaW8uUXVhbGl0eVRvb2xzLldlYlRlc3RGcmFtZXdvcmssIFZlcnNpb249MTAuMC4wLjAsIEN1bHR1cmU9bmV1dHJhbCwgUHVibGljS2V5VG9rZW49YjAzZjVmN2YxMWQ1MGEzYSIgVmFyaWFibGVOYW1lPSJGb3JtUG9zdFBhcmFtMTEzLnVjRGF0ZUVuZCR0eHREYXRlIiBEaXNwbGF5TmFtZT0iIiBEZXNjcmlwdGlvbj0iIj4NCiAgICAgICAgICA8UnVsZVBhcmFtZXRlcnM+DQogICAgICAgICAgICA8UnVsZVBhcmFtZXRlciBOYW1lPSJOYW1lIiBWYWx1ZT0idWNEYXRlRW5kX3R4dERhdGUiIC8+DQogICAgICAgICAgICA8UnVsZVBhcmFtZXRlciBOYW1lPSJIdG1sRGVjb2RlIiBWYWx1ZT0iVHJ1ZSIgLz4NCiAgICAgICAgICAgIDxSdWxlUGFyYW1ldGVyIE5hbWU9IlJlcXVpcmVkIiBWYWx1ZT0iRmFsc2UiIC8+DQogICAgICAgICAgICA8UnVsZVBhcmFtZXRlciBOYW1lPSJJbmRleCIgVmFsdWU9IjAiIC8+DQogICAgICAgICAgPC9SdWxlUGFyYW1ldGVycz4NCiAgICAgICAgPC9FeHRyYWN0aW9uUnVsZT4NCiAgICAgICAgPEV4dHJhY3Rpb25SdWxlIENsYXNzbmFtZT0iTWljcm9zb2Z0LlZpc3VhbFN0dWRpby5UZXN0VG9vbHMuV2ViVGVzdGluZy5SdWxlcy5FeHRyYWN0Rm9ybUZpZWxkLCBNaWNyb3NvZnQuVmlzdWFsU3R1ZGlvLlF1YWxpdHlUb29scy5XZWJUZXN0RnJhbWV3b3JrLCBWZXJzaW9uPTEwLjAuMC4wLCBDdWx0dXJlPW5ldXRyYWwsIFB1YmxpY0tleVRva2VuPWIwM2Y1ZjdmMTFkNTBhM2EiIFZhcmlhYmxlTmFtZT0iRm9ybVBvc3RQYXJhbTExNC50eHRNZWFsVGltZSIgRGlzcGxheU5hbWU9IiIgRGVzY3JpcHRpb249IiI+DQogICAgICAgICAgPFJ1bGVQYXJhbWV0ZXJzPg0KICAgICAgICAgICAgPFJ1bGVQYXJhbWV0ZXIgTmFtZT0iTmFtZSIgVmFsdWU9InR4dE1lYWxUaW1lIiAvPg0KICAgICAgICAgICAgPFJ1bGVQYXJhbWV0ZXIgTmFtZT0iSHRtbERlY29kZSIgVmFsdWU9IlRydWUiIC8+DQogICAgICAgICAgICA8UnVsZVBhcmFtZXRlciBOYW1lPSJSZXF1aXJlZCIgVmFsdWU9IkZhbHNlIiAvPg0KICAgICAgICAgICAgPFJ1bGVQYXJhbWV0ZXIgTmFtZT0iSW5kZXgiIFZhbHVlPSIwIiAvPg0KICAgICAgICAgIDwvUnVsZVBhcmFtZXRlcnM+DQogICAgICAgIDwvRXh0cmFjdGlvblJ1bGU+DQogICAgICAgIDxFeHRyYWN0aW9uUnVsZSBDbGFzc25hbWU9Ik1pY3Jvc29mdC5WaXN1YWxTdHVkaW8uVGVzdFRvb2xzLldlYlRlc3RpbmcuUnVsZXMuRXh0cmFjdFRleHQsIE1pY3Jvc29mdC5WaXN1YWxTdHVkaW8uUXVhbGl0eVRvb2xzLldlYlRlc3RGcmFtZXdvcmssIFZlcnNpb249MTAuMC4wLjAsIEN1bHR1cmU9bmV1dHJhbCwgUHVibGljS2V5VG9rZW49YjAzZjVmN2YxMWQ1MGEzYSIgVmFyaWFibGVOYW1lPSJGb3JtUG9zdFBhcmFtMTE1Ll9fRVZFTlRUQVJHRVQiIERpc3BsYXlOYW1lPSIiIERlc2NyaXB0aW9uPSIiPg0KICAgICAgICAgIDxSdWxlUGFyYW1ldGVycz4NCiAgICAgICAgICAgIDxSdWxlUGFyYW1ldGVyIE5hbWU9IlN0YXJ0c1dpdGgiIFZhbHVlPSJhbWU9JnF1b3Q7IiAvPg0KICAgICAgICAgICAgPFJ1bGVQYXJhbWV0ZXIgTmFtZT0iRW5kc1dpdGgiIFZhbHVlPSImcXVvdDsgb25jIiAvPg0KICAgICAgICAgICAgPFJ1bGVQYXJhbWV0ZXIgTmFtZT0iSW5kZXgiIFZhbHVlPSIzMSIgLz4NCiAgICAgICAgICAgIDxSdWxlUGFyYW1ldGVyIE5hbWU9Iklnbm9yZUNhc2UiIFZhbHVlPSJGYWxzZSIgLz4NCiAgICAgICAgICAgIDxSdWxlUGFyYW1ldGVyIE5hbWU9IlVzZVJlZ3VsYXJFeHByZXNzaW9uIiBWYWx1ZT0iRmFsc2UiIC8+DQogICAgICAgICAgICA8UnVsZVBhcmFtZXRlciBOYW1lPSJIdG1sRGVjb2RlIiBWYWx1ZT0iVHJ1ZSIgLz4NCiAgICAgICAgICAgIDxSdWxlUGFyYW1ldGVyIE5hbWU9IlJlcXVpcmVkIiBWYWx1ZT0iRmFsc2UiIC8+DQogICAgICAgICAgPC9SdWxlUGFyYW1ldGVycz4NCiAgICAgICAgPC9FeHRyYWN0aW9uUnVsZT4NCiAgICAgICAgPEV4dHJhY3Rpb25SdWxlIENsYXNzbmFtZT0iTWljcm9zb2Z0LlZpc3VhbFN0dWRpby5UZXN0VG9vbHMuV2ViVGVzdGluZy5SdWxlcy5FeHRyYWN0VGV4dCwgTWljcm9zb2Z0LlZpc3VhbFN0dWRpby5RdWFsaXR5VG9vbHMuV2ViVGVzdEZyYW1ld29yaywgVmVyc2lvbj0xMC4wLjAuMCwgQ3VsdHVyZT1uZXV0cmFsLCBQdWJsaWNLZXlUb2tlbj1iMDNmNWY3ZjExZDUwYTNhIiBWYXJpYWJsZU5hbWU9IkZvcm1Qb3N0UGFyYW0xMTYuT1RUaW1lU3RhcnQkZGRsSEgiIERpc3BsYXlOYW1lPSIiIERlc2NyaXB0aW9uPSIiPg0KICAgICAgICAgIDxSdWxlUGFyYW1ldGVycz4NCiAgICAgICAgICAgIDxSdWxlUGFyYW1ldGVyIE5hbWU9IlN0YXJ0c1dpdGgiIFZhbHVlPSJsdWU9JnF1b3Q7IiAvPg0KICAgICAgICAgICAgPFJ1bGVQYXJhbWV0ZXIgTmFtZT0iRW5kc1dpdGgiIFZhbHVlPSImcXVvdDsmZ3Q7MDAmbHQ7IiAvPg0KICAgICAgICAgICAgPFJ1bGVQYXJhbWV0ZXIgTmFtZT0iSW5kZXgiIFZhbHVlPSIzMCIgLz4NCiAgICAgICAgICAgIDxSdWxlUGFyYW1ldGVyIE5hbWU9Iklnbm9yZUNhc2UiIFZhbHVlPSJGYWxzZSIgLz4NCiAgICAgICAgICAgIDxSdWxlUGFyYW1ldGVyIE5hbWU9IlVzZVJlZ3VsYXJFeHByZXNzaW9uIiBWYWx1ZT0iRmFsc2UiIC8+DQogICAgICAgICAgICA8UnVsZVBhcmFtZXRlciBOYW1lPSJIdG1sRGVjb2RlIiBWYWx1ZT0iVHJ1ZSIgLz4NCiAgICAgICAgICAgIDxSdWxlUGFyYW1ldGVyIE5hbWU9IlJlcXVpcmVkIiBWYWx1ZT0iRmFsc2UiIC8+DQogICAgICAgICAgPC9SdWxlUGFyYW1ldGVycz4NCiAgICAgICAgPC9FeHRyYWN0aW9uUnVsZT4NCiAgICAgICAgPEV4dHJhY3Rpb25SdWxlIENsYXNzbmFtZT0iTWljcm9zb2Z0LlZpc3VhbFN0dWRpby5UZXN0VG9vbHMuV2ViVGVzdGluZy5SdWxlcy5FeHRyYWN0VGV4dCwgTWljcm9zb2Z0LlZpc3VhbFN0dWRpby5RdWFsaXR5VG9vbHMuV2ViVGVzdEZyYW1ld29yaywgVmVyc2lvbj0xMC4wLjAuMCwgQ3VsdHVyZT1uZXV0cmFsLCBQdWJsaWNLZXlUb2tlbj1iMDNmNWY3ZjExZDUwYTNhIiBWYXJpYWJsZU5hbWU9IkZvcm1Qb3N0UGFyYW0xMTcuT1RUaW1lU3RhcnQkZGRsTU0iIERpc3BsYXlOYW1lPSIiIERlc2NyaXB0aW9uPSIiPg0KICAgICAgICAgIDxSdWxlUGFyYW1ldGVycz4NCiAgICAgICAgICAgIDxSdWxlUGFyYW1ldGVyIE5hbWU9IlN0YXJ0c1dpdGgiIFZhbHVlPSJsdWU9JnF1b3Q7IiAvPg0KICAgICAgICAgICAgPFJ1bGVQYXJhbWV0ZXIgTmFtZT0iRW5kc1dpdGgiIFZhbHVlPSImcXVvdDsmZ3Q76KuL6YG45pOHIiAvPg0KICAgICAgICAgICAgPFJ1bGVQYXJhbWV0ZXIgTmFtZT0iSW5kZXgiIFZhbHVlPSIyOSIgLz4NCiAgICAgICAgICAgIDxSdWxlUGFyYW1ldGVyIE5hbWU9Iklnbm9yZUNhc2UiIFZhbHVlPSJGYWxzZSIgLz4NCiAgICAgICAgICAgIDxSdWxlUGFyYW1ldGVyIE5hbWU9IlVzZVJlZ3VsYXJFeHByZXNzaW9uIiBWYWx1ZT0iRmFsc2UiIC8+DQogICAgICAgICAgICA8UnVsZVBhcmFtZXRlciBOYW1lPSJIdG1sRGVjb2RlIiBWYWx1ZT0iVHJ1ZSIgLz4NCiAgICAgICAgICAgIDxSdWxlUGFyYW1ldGVyIE5hbWU9IlJlcXVpcmVkIiBWYWx1ZT0iRmFsc2UiIC8+DQogICAgICAgICAgPC9SdWxlUGFyYW1ldGVycz4NCiAgICAgICAgPC9FeHRyYWN0aW9uUnVsZT4NCiAgICAgICAgPEV4dHJhY3Rpb25SdWxlIENsYXNzbmFtZT0iTWljcm9zb2Z0LlZpc3VhbFN0dWRpby5UZXN0VG9vbHMuV2ViVGVzdGluZy5SdWxlcy5FeHRyYWN0VGV4dCwgTWljcm9zb2Z0LlZpc3VhbFN0dWRpby5RdWFsaXR5VG9vbHMuV2ViVGVzdEZyYW1ld29yaywgVmVyc2lvbj0xMC4wLjAuMCwgQ3VsdHVyZT1uZXV0cmFsLCBQdWJsaWNLZXlUb2tlbj1iMDNmNWY3ZjExZDUwYTNhIiBWYXJpYWJsZU5hbWU9IkZvcm1Qb3N0UGFyYW0xMTguT1RUaW1lRW5kJGRkbEhIIiBEaXNwbGF5TmFtZT0iIiBEZXNjcmlwdGlvbj0iIj4NCiAgICAgICAgICA8UnVsZVBhcmFtZXRlcnM+DQogICAgICAgICAgICA8UnVsZVBhcmFtZXRlciBOYW1lPSJTdGFydHNXaXRoIiBWYWx1ZT0ibHVlPSZxdW90OyIgLz4NCiAgICAgICAgICAgIDxSdWxlUGFyYW1ldGVyIE5hbWU9IkVuZHNXaXRoIiBWYWx1ZT0iJnF1b3Q7Jmd0O+iri+mBuOaThyIgLz4NCiAgICAgICAgICAgIDxSdWxlUGFyYW1ldGVyIE5hbWU9IkluZGV4IiBWYWx1ZT0iMjkiIC8+DQogICAgICAgICAgICA8UnVsZVBhcmFtZXRlciBOYW1lPSJJZ25vcmVDYXNlIiBWYWx1ZT0iRmFsc2UiIC8+DQogICAgICAgICAgICA8UnVsZVBhcmFtZXRlciBOYW1lPSJVc2VSZWd1bGFyRXhwcmVzc2lvbiIgVmFsdWU9IkZhbHNlIiAvPg0KICAgICAgICAgICAgPFJ1bGVQYXJhbWV0ZXIgTmFtZT0iSHRtbERlY29kZSIgVmFsdWU9IlRydWUiIC8+DQogICAgICAgICAgICA8UnVsZVBhcmFtZXRlciBOYW1lPSJSZXF1aXJlZCIgVmFsdWU9IkZhbHNlIiAvPg0KICAgICAgICAgIDwvUnVsZVBhcmFtZXRlcnM+DQogICAgICAgIDwvRXh0cmFjdGlvblJ1bGU+DQogICAgICAgIDxFeHRyYWN0aW9uUnVsZSBDbGFzc25hbWU9Ik1pY3Jvc29mdC5WaXN1YWxTdHVkaW8uVGVzdFRvb2xzLldlYlRlc3RpbmcuUnVsZXMuRXh0cmFjdFRleHQsIE1pY3Jvc29mdC5WaXN1YWxTdHVkaW8uUXVhbGl0eVRvb2xzLldlYlRlc3RGcmFtZXdvcmssIFZlcnNpb249MTAuMC4wLjAsIEN1bHR1cmU9bmV1dHJhbCwgUHVibGljS2V5VG9rZW49YjAzZjVmN2YxMWQ1MGEzYSIgVmFyaWFibGVOYW1lPSJGb3JtUG9zdFBhcmFtMTE5Lk9UVGltZUVuZCRkZGxNTSIgRGlzcGxheU5hbWU9IiIgRGVzY3JpcHRpb249IiI+DQogICAgICAgICAgPFJ1bGVQYXJhbWV0ZXJzPg0KICAgICAgICAgICAgPFJ1bGVQYXJhbWV0ZXIgTmFtZT0iU3RhcnRzV2l0aCIgVmFsdWU9Imx1ZT0mcXVvdDsiIC8+DQogICAgICAgICAgICA8UnVsZVBhcmFtZXRlciBOYW1lPSJFbmRzV2l0aCIgVmFsdWU9IiZxdW90OyZndDvoq4vpgbjmk4ciIC8+DQogICAgICAgICAgICA8UnVsZVBhcmFtZXRlciBOYW1lPSJJbmRleCIgVmFsdWU9IjI5IiAvPg0KICAgICAgICAgICAgPFJ1bGVQYXJhbWV0ZXIgTmFtZT0iSWdub3JlQ2FzZSIgVmFsdWU9IkZhbHNlIiAvPg0KICAgICAgICAgICAgPFJ1bGVQYXJhbWV0ZXIgTmFtZT0iVXNlUmVndWxhckV4cHJlc3Npb24iIFZhbHVlPSJGYWxzZSIgLz4NCiAgICAgICAgICAgIDxSdWxlUGFyYW1ldGVyIE5hbWU9Ikh0bWxEZWNvZGUiIFZhbHVlPSJUcnVlIiAvPg0KICAgICAgICAgICAgPFJ1bGVQYXJhbWV0ZXIgTmFtZT0iUmVxdWlyZWQiIFZhbHVlPSJGYWxzZSIgLz4NCiAgICAgICAgICA8L1J1bGVQYXJhbWV0ZXJzPg0KICAgICAgICA8L0V4dHJhY3Rpb25SdWxlPg0KICAgICAgICA8RXh0cmFjdGlvblJ1bGUgQ2xhc3NuYW1lPSJNaWNyb3NvZnQuVmlzdWFsU3R1ZGlvLlRlc3RUb29scy5XZWJUZXN0aW5nLlJ1bGVzLkV4dHJhY3RUZXh0LCBNaWNyb3NvZnQuVmlzdWFsU3R1ZGlvLlF1YWxpdHlUb29scy5XZWJUZXN0RnJhbWV3b3JrLCBWZXJzaW9uPTEwLjAuMC4wLCBDdWx0dXJlPW5ldXRyYWwsIFB1YmxpY0tleVRva2VuPWIwM2Y1ZjdmMTFkNTBhM2EiIFZhcmlhYmxlTmFtZT0iRm9ybVBvc3RQYXJhbTEyMC5kZGxPVFR5cGVJRCIgRGlzcGxheU5hbWU9IiIgRGVzY3JpcHRpb249IiI+DQogICAgICAgICAgPFJ1bGVQYXJhbWV0ZXJzPg0KICAgICAgICAgICAgPFJ1bGVQYXJhbWV0ZXIgTmFtZT0iU3RhcnRzV2l0aCIgVmFsdWU9InMmcXVvdDs6WyZxdW90OyIgLz4NCiAgICAgICAgICAgIDxSdWxlUGFyYW1ldGVyIE5hbWU9IkVuZHNXaXRoIiBWYWx1ZT0iJnF1b3Q7LCZxdW90OzEmcXVvdDsiIC8+DQogICAgICAgICAgICA8UnVsZVBhcmFtZXRlciBOYW1lPSJJbmRleCIgVmFsdWU9IjAiIC8+DQogICAgICAgICAgICA8UnVsZVBhcmFtZXRlciBOYW1lPSJJZ25vcmVDYXNlIiBWYWx1ZT0iRmFsc2UiIC8+DQogICAgICAgICAgICA8UnVsZVBhcmFtZXRlciBOYW1lPSJVc2VSZWd1bGFyRXhwcmVzc2lvbiIgVmFsdWU9IkZhbHNlIiAvPg0KICAgICAgICAgICAgPFJ1bGVQYXJhbWV0ZXIgTmFtZT0iSHRtbERlY29kZSIgVmFsdWU9IlRydWUiIC8+DQogICAgICAgICAgICA8UnVsZVBhcmFtZXRlciBOYW1lPSJSZXF1aXJlZCIgVmFsdWU9IkZhbHNlIiAvPg0KICAgICAgICAgIDwvUnVsZVBhcmFtZXRlcnM+DQogICAgICAgIDwvRXh0cmFjdGlvblJ1bGU+DQogICAgICAgIDxFeHRyYWN0aW9uUnVsZSBDbGFzc25hbWU9Ik1pY3Jvc29mdC5WaXN1YWxTdHVkaW8uVGVzdFRvb2xzLldlYlRlc3RpbmcuUnVsZXMuRXh0cmFjdFRleHQsIE1pY3Jvc29mdC5WaXN1YWxTdHVkaW8uUXVhbGl0eVRvb2xzLldlYlRlc3RGcmFtZXdvcmssIFZlcnNpb249MTAuMC4wLjAsIEN1bHR1cmU9bmV1dHJhbCwgUHVibGljS2V5VG9rZW49YjAzZjVmN2YxMWQ1MGEzYSIgVmFyaWFibGVOYW1lPSJGb3JtUG9zdFBhcmFtMTIxLmRkbE9yZyIgRGlzcGxheU5hbWU9IiIgRGVzY3JpcHRpb249IiI+DQogICAgICAgICAgPFJ1bGVQYXJhbWV0ZXJzPg0KICAgICAgICAgICAgPFJ1bGVQYXJhbWV0ZXIgTmFtZT0iU3RhcnRzV2l0aCIgVmFsdWU9IiZxdW90OzAmcXVvdDssJnF1b3Q7IiAvPg0KICAgICAgICAgICAgPFJ1bGVQYXJhbWV0ZXIgTmFtZT0iRW5kc1dpdGgiIFZhbHVlPSImcXVvdDssJnF1b3Q7MiZxdW90OyIgLz4NCiAgICAgICAgICAgIDxSdWxlUGFyYW1ldGVyIE5hbWU9IkluZGV4IiBWYWx1ZT0iMCIgLz4NCiAgICAgICAgICAgIDxSdWxlUGFyYW1ldGVyIE5hbWU9Iklnbm9yZUNhc2UiIFZhbHVlPSJGYWxzZSIgLz4NCiAgICAgICAgICAgIDxSdWxlUGFyYW1ldGVyIE5hbWU9IlVzZVJlZ3VsYXJFeHByZXNzaW9uIiBWYWx1ZT0iRmFsc2UiIC8+DQogICAgICAgICAgICA8UnVsZVBhcmFtZXRlciBOYW1lPSJIdG1sRGVjb2RlIiBWYWx1ZT0iVHJ1ZSIgLz4NCiAgICAgICAgICAgIDxSdWxlUGFyYW1ldGVyIE5hbWU9IlJlcXVpcmVkIiBWYWx1ZT0iRmFsc2UiIC8+DQogICAgICAgICAgPC9SdWxlUGFyYW1ldGVycz4NCiAgICAgICAgPC9FeHRyYWN0aW9uUnVsZT4NCiAgICAgICAgPEV4dHJhY3Rpb25SdWxlIENsYXNzbmFtZT0iTWljcm9zb2Z0LlZpc3VhbFN0dWRpby5UZXN0VG9vbHMuV2ViVGVzdGluZy5SdWxlcy5FeHRyYWN0VGV4dCwgTWljcm9zb2Z0LlZpc3VhbFN0dWRpby5RdWFsaXR5VG9vbHMuV2ViVGVzdEZyYW1ld29yaywgVmVyc2lvbj0xMC4wLjAuMCwgQ3VsdHVyZT1uZXV0cmFsLCBQdWJsaWNLZXlUb2tlbj1iMDNmNWY3ZjExZDUwYTNhIiBWYXJpYWJsZU5hbWU9IkZvcm1Qb3N0UGFyYW0xMjIudWNDYXNjYWRpbmdEcm9wRG93bjEkZGRsMDIiIERpc3BsYXlOYW1lPSIiIERlc2NyaXB0aW9uPSIiPg0KICAgICAgICAgIDxSdWxlUGFyYW1ldGVycz4NCiAgICAgICAgICAgIDxSdWxlUGFyYW1ldGVyIE5hbWU9IlN0YXJ0c1dpdGgiIFZhbHVlPSJsdWU9JnF1b3Q7IiAvPg0KICAgICAgICAgICAgPFJ1bGVQYXJhbWV0ZXIgTmFtZT0iRW5kc1dpdGgiIFZhbHVlPSImcXVvdDsgLyZndDsmI3hEOyIgLz4NCiAgICAgICAgICAgIDxSdWxlUGFyYW1ldGVyIE5hbWU9IkluZGV4IiBWYWx1ZT0iMjI0IiAvPg0KICAgICAgICAgICAgPFJ1bGVQYXJhbWV0ZXIgTmFtZT0iSWdub3JlQ2FzZSIgVmFsdWU9IkZhbHNlIiAvPg0KICAgICAgICAgICAgPFJ1bGVQYXJhbWV0ZXIgTmFtZT0iVXNlUmVndWxhckV4cHJlc3Npb24iIFZhbHVlPSJGYWxzZSIgLz4NCiAgICAgICAgICAgIDxSdWxlUGFyYW1ldGVyIE5hbWU9Ikh0bWxEZWNvZGUiIFZhbHVlPSJUcnVlIiAvPg0KICAgICAgICAgICAgPFJ1bGVQYXJhbWV0ZXIgTmFtZT0iUmVxdWlyZWQiIFZhbHVlPSJGYWxzZSIgLz4NCiAgICAgICAgICA8L1J1bGVQYXJhbWV0ZXJzPg0KICAgICAgICA8L0V4dHJhY3Rpb25SdWxlPg0KICAgICAgICA8RXh0cmFjdGlvblJ1bGUgQ2xhc3NuYW1lPSJNaWNyb3NvZnQuVmlzdWFsU3R1ZGlvLlRlc3RUb29scy5XZWJUZXN0aW5nLlJ1bGVzLkV4dHJhY3RUZXh0LCBNaWNyb3NvZnQuVmlzdWFsU3R1ZGlvLlF1YWxpdHlUb29scy5XZWJUZXN0RnJhbWV3b3JrLCBWZXJzaW9uPTEwLjAuMC4wLCBDdWx0dXJlPW5ldXRyYWwsIFB1YmxpY0tleVRva2VuPWIwM2Y1ZjdmMTFkNTBhM2EiIFZhcmlhYmxlTmFtZT0iRm9ybVBvc3RQYXJhbTEyMy51Y0Nhc2NhZGluZ0Ryb3BEb3duMSRkZGwwMyIgRGlzcGxheU5hbWU9IiIgRGVzY3JpcHRpb249IiI+DQogICAgICAgICAgPFJ1bGVQYXJhbWV0ZXJzPg0KICAgICAgICAgICAgPFJ1bGVQYXJhbWV0ZXIgTmFtZT0iU3RhcnRzV2l0aCIgVmFsdWU9Imx1ZT0mcXVvdDsiIC8+DQogICAgICAgICAgICA8UnVsZVBhcmFtZXRlciBOYW1lPSJFbmRzV2l0aCIgVmFsdWU9IiZxdW90OyAvJmd0OyYjeEQ7IiAvPg0KICAgICAgICAgICAgPFJ1bGVQYXJhbWV0ZXIgTmFtZT0iSW5kZXgiIFZhbHVlPSIyMjUiIC8+DQogICAgICAgICAgICA8UnVsZVBhcmFtZXRlciBOYW1lPSJJZ25vcmVDYXNlIiBWYWx1ZT0iRmFsc2UiIC8+DQogICAgICAgICAgICA8UnVsZVBhcmFtZXRlciBOYW1lPSJVc2VSZWd1bGFyRXhwcmVzc2lvbiIgVmFsdWU9IkZhbHNlIiAvPg0KICAgICAgICAgICAgPFJ1bGVQYXJhbWV0ZXIgTmFtZT0iSHRtbERlY29kZSIgVmFsdWU9IlRydWUiIC8+DQogICAgICAgICAgICA8UnVsZVBhcmFtZXRlciBOYW1lPSJSZXF1aXJlZCIgVmFsdWU9IkZhbHNlIiAvPg0KICAgICAgICAgIDwvUnVsZVBhcmFtZXRlcnM+DQogICAgICAgIDwvRXh0cmFjdGlvblJ1bGU+DQogICAgICAgIDxFeHRyYWN0aW9uUnVsZSBDbGFzc25hbWU9Ik1pY3Jvc29mdC5WaXN1YWxTdHVkaW8uVGVzdFRvb2xzLldlYlRlc3RpbmcuUnVsZXMuRXh0cmFjdFRleHQsIE1pY3Jvc29mdC5WaXN1YWxTdHVkaW8uUXVhbGl0eVRvb2xzLldlYlRlc3RGcmFtZXdvcmssIFZlcnNpb249MTAuMC4wLjAsIEN1bHR1cmU9bmV1dHJhbCwgUHVibGljS2V5VG9rZW49YjAzZjVmN2YxMWQ1MGEzYSIgVmFyaWFibGVOYW1lPSJGb3JtUG9zdFBhcmFtMTI0LmhpZGRlbklucHV0VG9VcGRhdGVBVEJ1ZmZlcl9Db21tb25Ub29sa2l0U2NyaXB0cyIgRGlzcGxheU5hbWU9IiIgRGVzY3JpcHRpb249IiI+DQogICAgICAgICAgPFJ1bGVQYXJhbWV0ZXJzPg0KICAgICAgICAgICAgPFJ1bGVQYXJhbWV0ZXIgTmFtZT0iU3RhcnRzV2l0aCIgVmFsdWU9InMmcXVvdDs6WyZxdW90OyIgLz4NCiAgICAgICAgICAgIDxSdWxlUGFyYW1ldGVyIE5hbWU9IkVuZHNXaXRoIiBWYWx1ZT0iJnF1b3Q7LCZxdW90OzEmcXVvdDsiIC8+DQogICAgICAgICAgICA8UnVsZVBhcmFtZXRlciBOYW1lPSJJbmRleCIgVmFsdWU9IjAiIC8+DQogICAgICAgICAgICA8UnVsZVBhcmFtZXRlciBOYW1lPSJJZ25vcmVDYXNlIiBWYWx1ZT0iRmFsc2UiIC8+DQogICAgICAgICAgICA8UnVsZVBhcmFtZXRlciBOYW1lPSJVc2VSZWd1bGFyRXhwcmVzc2lvbiIgVmFsdWU9IkZhbHNlIiAvPg0KICAgICAgICAgICAgPFJ1bGVQYXJhbWV0ZXIgTmFtZT0iSHRtbERlY29kZSIgVmFsdWU9IlRydWUiIC8+DQogICAgICAgICAgICA8UnVsZVBhcmFtZXRlciBOYW1lPSJSZXF1aXJlZCIgVmFsdWU9IkZhbHNlIiAvPg0KICAgICAgICAgIDwvUnVsZVBhcmFtZXRlcnM+DQogICAgICAgIDwvRXh0cmFjdGlvblJ1bGU+DQogICAgICA8L0NvcnJlbGF0aW9uRXh0cmFjdGlvblJ1bGVzPg0KICAgIDwvUmVxdWVzdD4NCiAgICA8UmVxdWVzdCBNZXRob2Q9IlBPU1QiIEd1aWQ9IjNjNmNlNDYwLTFlYWUtNDZlMi05MTM2LTA2NTM1Zjg4YjU5YyIgVmVyc2lvbj0iMS4xIiBVcmw9Imh0dHA6Ly8xMC4xMS4zNi4xMTQ6ODAwNy9PdmVyVGltZS9PdmVydGltZVByZU9yZGVyX0FkZC5hc3B4IiBUaGlua1RpbWU9IjAiIFRpbWVvdXQ9IjMwMCIgUGFyc2VEZXBlbmRlbnRSZXF1ZXN0cz0iVHJ1ZSIgRm9sbG93UmVkaXJlY3RzPSJUcnVlIiBSZWNvcmRSZXN1bHQ9IlRydWUiIENhY2hlPSJGYWxzZSIgUmVzcG9uc2VUaW1lR29hbD0iMCIgRW5jb2Rpbmc9InV0Zi04IiBFeHBlY3RlZEh0dHBTdGF0dXNDb2RlPSIwIiBFeHBlY3RlZFJlc3BvbnNlVXJsPSIiIFJlcG9ydGluZ05hbWU9IiIgSWdub3JlSHR0cFN0YXR1c0NvZGU9IkZhbHNlIj4NCiAgICAgIDxFeHRyYWN0aW9uUnVsZXM+DQogICAgICAgIDxFeHRyYWN0aW9uUnVsZSBDbGFzc25hbWU9Ik1pY3Jvc29mdC5WaXN1YWxTdHVkaW8uVGVzdFRvb2xzLldlYlRlc3RpbmcuUnVsZXMuRXh0cmFjdEhpZGRlbkZpZWxkcywgTWljcm9zb2Z0LlZpc3VhbFN0dWRpby5RdWFsaXR5VG9vbHMuV2ViVGVzdEZyYW1ld29yaywgVmVyc2lvbj0xMC4wLjAuMCwgQ3VsdHVyZT1uZXV0cmFsLCBQdWJsaWNLZXlUb2tlbj1iMDNmNWY3ZjExZDUwYTNhIiBWYXJpYWJsZU5hbWU9IjEiIERpc3BsYXlOYW1lPSLmk7flj5bpmrHol4/mrITkvY0iIERlc2NyaXB0aW9uPSLmk7flj5blm57mh4nkuK3nmoTmiYDmnInpmrHol4/mrITkvY3vvIzkuKblsIflroPlgJHmlL7lnKjmuKzoqablhaflrrnkuK3jgIIiPg0KICAgICAgICAgIDxSdWxlUGFyYW1ldGVycz4NCiAgICAgICAgICAgIDxSdWxlUGFyYW1ldGVyIE5hbWU9IlJlcXVpcmVkIiBWYWx1ZT0iVHJ1ZSIgLz4NCiAgICAgICAgICAgIDxSdWxlUGFyYW1ldGVyIE5hbWU9Ikh0bWxEZWNvZGUiIFZhbHVlPSJUcnVlIiAvPg0KICAgICAgICAgIDwvUnVsZVBhcmFtZXRlcnM+DQogICAgICAgIDwvRXh0cmFjdGlvblJ1bGU+DQogICAgICA8L0V4dHJhY3Rpb25SdWxlcz4NCiAgICAgIDxDb3JyZWxhdGlvbkV4dHJhY3Rpb25SdWxlcz4NCiAgICAgICAgPEV4dHJhY3Rpb25SdWxlIENsYXNzbmFtZT0iTWljcm9zb2Z0LlZpc3VhbFN0dWRpby5UZXN0VG9vbHMuV2ViVGVzdGluZy5SdWxlcy5FeHRyYWN0Rm9ybUZpZWxkLCBNaWNyb3NvZnQuVmlzdWFsU3R1ZGlvLlF1YWxpdHlUb29scy5XZWJUZXN0RnJhbWV3b3JrLCBWZXJzaW9uPTEwLjAuMC4wLCBDdWx0dXJlPW5ldXRyYWwsIFB1YmxpY0tleVRva2VuPWIwM2Y1ZjdmMTFkNTBhM2EiIFZhcmlhYmxlTmFtZT0iRm9ybVBvc3RQYXJhbTk0Lk9URW1wSUQiIERpc3BsYXlOYW1lPSIiIERlc2NyaXB0aW9uPSIiPg0KICAgICAgICAgIDxSdWxlUGFyYW1ldGVycz4NCiAgICAgICAgICAgIDxSdWxlUGFyYW1ldGVyIE5hbWU9Ik5hbWUiIFZhbHVlPSJyYnRTaW5nbGVFbXBJRCIgLz4NCiAgICAgICAgICAgIDxSdWxlUGFyYW1ldGVyIE5hbWU9Ikh0bWxEZWNvZGUiIFZhbHVlPSJUcnVlIiAvPg0KICAgICAgICAgICAgPFJ1bGVQYXJhbWV0ZXIgTmFtZT0iUmVxdWlyZWQiIFZhbHVlPSJGYWxzZSIgLz4NCiAgICAgICAgICAgIDxSdWxlUGFyYW1ldGVyIE5hbWU9IkluZGV4IiBWYWx1ZT0iMCIgLz4NCiAgICAgICAgICA8L1J1bGVQYXJhbWV0ZXJzPg0KICAgICAgICA8L0V4dHJhY3Rpb25SdWxlPg0KICAgICAgICA8RXh0cmFjdGlvblJ1bGUgQ2xhc3NuYW1lPSJNaWNyb3NvZnQuVmlzdWFsU3R1ZGlvLlRlc3RUb29scy5XZWJUZXN0aW5nLlJ1bGVzLkV4dHJhY3RGb3JtRmllbGQsIE1pY3Jvc29mdC5WaXN1YWxTdHVkaW8uUXVhbGl0eVRvb2xzLldlYlRlc3RGcmFtZXdvcmssIFZlcnNpb249MTAuMC4wLjAsIEN1bHR1cmU9bmV1dHJhbCwgUHVibGljS2V5VG9rZW49YjAzZjVmN2YxMWQ1MGEzYSIgVmFyaWFibGVOYW1lPSJGb3JtUG9zdFBhcmFtOTUudHh0T1RFbXBJRCIgRGlzcGxheU5hbWU9IiIgRGVzY3JpcHRpb249IiI+DQogICAgICAgICAgPFJ1bGVQYXJhbWV0ZXJzPg0KICAgICAgICAgICAgPFJ1bGVQYXJhbWV0ZXIgTmFtZT0iTmFtZSIgVmFsdWU9InR4dE9URW1wSUQiIC8+DQogICAgICAgICAgICA8UnVsZVBhcmFtZXRlciBOYW1lPSJIdG1sRGVjb2RlIiBWYWx1ZT0iVHJ1ZSIgLz4NCiAgICAgICAgICAgIDxSdWxlUGFyYW1ldGVyIE5hbWU9IlJlcXVpcmVkIiBWYWx1ZT0iRmFsc2UiIC8+DQogICAgICAgICAgICA8UnVsZVBhcmFtZXRlciBOYW1lPSJJbmRleCIgVmFsdWU9IjAiIC8+DQogICAgICAgICAgPC9SdWxlUGFyYW1ldGVycz4NCiAgICAgICAgPC9FeHRyYWN0aW9uUnVsZT4NCiAgICAgICAgPEV4dHJhY3Rpb25SdWxlIENsYXNzbmFtZT0iTWljcm9zb2Z0LlZpc3VhbFN0dWRpby5UZXN0VG9vbHMuV2ViVGVzdGluZy5SdWxlcy5FeHRyYWN0Rm9ybUZpZWxkLCBNaWNyb3NvZnQuVmlzdWFsU3R1ZGlvLlF1YWxpdHlUb29scy5XZWJUZXN0RnJhbWV3b3JrLCBWZXJzaW9uPTEwLjAuMC4wLCBDdWx0dXJlPW5ldXRyYWwsIFB1YmxpY0tleVRva2VuPWIwM2Y1ZjdmMTFkNTBhM2EiIFZhcmlhYmxlTmFtZT0iRm9ybVBvc3RQYXJhbTk2LnR4dE9URW1wTmFtZSIgRGlzcGxheU5hbWU9IiIgRGVzY3JpcHRpb249IiI+DQogICAgICAgICAgPFJ1bGVQYXJhbWV0ZXJzPg0KICAgICAgICAgICAgPFJ1bGVQYXJhbWV0ZXIgTmFtZT0iTmFtZSIgVmFsdWU9InR4dE9URW1wTmFtZSIgLz4NCiAgICAgICAgICAgIDxSdWxlUGFyYW1ldGVyIE5hbWU9Ikh0bWxEZWNvZGUiIFZhbHVlPSJUcnVlIiAvPg0KICAgICAgICAgICAgPFJ1bGVQYXJhbWV0ZXIgTmFtZT0iUmVxdWlyZWQiIFZhbHVlPSJGYWxzZSIgLz4NCiAgICAgICAgICAgIDxSdWxlUGFyYW1ldGVyIE5hbWU9IkluZGV4IiBWYWx1ZT0iMCIgLz4NCiAgICAgICAgICA8L1J1bGVQYXJhbWV0ZXJzPg0KICAgICAgICA8L0V4dHJhY3Rpb25SdWxlPg0KICAgICAgICA8RXh0cmFjdGlvblJ1bGUgQ2xhc3NuYW1lPSJNaWNyb3NvZnQuVmlzdWFsU3R1ZGlvLlRlc3RUb29scy5XZWJUZXN0aW5nLlJ1bGVzLkV4dHJhY3RGb3JtRmllbGQsIE1pY3Jvc29mdC5WaXN1YWxTdHVkaW8uUXVhbGl0eVRvb2xzLldlYlRlc3RGcmFtZXdvcmssIFZlcnNpb249MTAuMC4wLjAsIEN1bHR1cmU9bmV1dHJhbCwgUHVibGljS2V5VG9rZW49YjAzZjVmN2YxMWQ1MGEzYSIgVmFyaWFibGVOYW1lPSJGb3JtUG9zdFBhcmFtOTcudWNEYXRlU3RhcnQkdHh0RGF0ZSIgRGlzcGxheU5hbWU9IiIgRGVzY3JpcHRpb249IiI+DQogICAgICAgICAgPFJ1bGVQYXJhbWV0ZXJzPg0KICAgICAgICAgICAgPFJ1bGVQYXJhbWV0ZXIgTmFtZT0iTmFtZSIgVmFsdWU9InVjRGF0ZVN0YXJ0X3R4dERhdGUiIC8+DQogICAgICAgICAgICA8UnVsZVBhcmFtZXRlciBOYW1lPSJIdG1sRGVjb2RlIiBWYWx1ZT0iVHJ1ZSIgLz4NCiAgICAgICAgICAgIDxSdWxlUGFyYW1ldGVyIE5hbWU9IlJlcXVpcmVkIiBWYWx1ZT0iRmFsc2UiIC8+DQogICAgICAgICAgICA8UnVsZVBhcmFtZXRlciBOYW1lPSJJbmRleCIgVmFsdWU9IjAiIC8+DQogICAgICAgICAgPC9SdWxlUGFyYW1ldGVycz4NCiAgICAgICAgPC9FeHRyYWN0aW9uUnVsZT4NCiAgICAgICAgPEV4dHJhY3Rpb25SdWxlIENsYXNzbmFtZT0iTWljcm9zb2Z0LlZpc3VhbFN0dWRpby5UZXN0VG9vbHMuV2ViVGVzdGluZy5SdWxlcy5FeHRyYWN0Rm9ybUZpZWxkLCBNaWNyb3NvZnQuVmlzdWFsU3R1ZGlvLlF1YWxpdHlUb29scy5XZWJUZXN0RnJhbWV3b3JrLCBWZXJzaW9uPTEwLjAuMC4wLCBDdWx0dXJlPW5ldXRyYWwsIFB1YmxpY0tleVRva2VuPWIwM2Y1ZjdmMTFkNTBhM2EiIFZhcmlhYmxlTmFtZT0iRm9ybVBvc3RQYXJhbTk4LnVjRGF0ZUVuZCR0eHREYXRlIiBEaXNwbGF5TmFtZT0iIiBEZXNjcmlwdGlvbj0iIj4NCiAgICAgICAgICA8UnVsZVBhcmFtZXRlcnM+DQogICAgICAgICAgICA8UnVsZVBhcmFtZXRlciBOYW1lPSJOYW1lIiBWYWx1ZT0idWNEYXRlRW5kX3R4dERhdGUiIC8+DQogICAgICAgICAgICA8UnVsZVBhcmFtZXRlciBOYW1lPSJIdG1sRGVjb2RlIiBWYWx1ZT0iVHJ1ZSIgLz4NCiAgICAgICAgICAgIDxSdWxlUGFyYW1ldGVyIE5hbWU9IlJlcXVpcmVkIiBWYWx1ZT0iRmFsc2UiIC8+DQogICAgICAgICAgICA8UnVsZVBhcmFtZXRlciBOYW1lPSJJbmRleCIgVmFsdWU9IjAiIC8+DQogICAgICAgICAgPC9SdWxlUGFyYW1ldGVycz4NCiAgICAgICAgPC9FeHRyYWN0aW9uUnVsZT4NCiAgICAgICAgPEV4dHJhY3Rpb25SdWxlIENsYXNzbmFtZT0iTWljcm9zb2Z0LlZpc3VhbFN0dWRpby5UZXN0VG9vbHMuV2ViVGVzdGluZy5SdWxlcy5FeHRyYWN0Rm9ybUZpZWxkLCBNaWNyb3NvZnQuVmlzdWFsU3R1ZGlvLlF1YWxpdHlUb29scy5XZWJUZXN0RnJhbWV3b3JrLCBWZXJzaW9uPTEwLjAuMC4wLCBDdWx0dXJlPW5ldXRyYWwsIFB1YmxpY0tleVRva2VuPWIwM2Y1ZjdmMTFkNTBhM2EiIFZhcmlhYmxlTmFtZT0iRm9ybVBvc3RQYXJhbTk5LnR4dE1lYWxUaW1lIiBEaXNwbGF5TmFtZT0iIiBEZXNjcmlwdGlvbj0iIj4NCiAgICAgICAgICA8UnVsZVBhcmFtZXRlcnM+DQogICAgICAgICAgICA8UnVsZVBhcmFtZXRlciBOYW1lPSJOYW1lIiBWYWx1ZT0idHh0TWVhbFRpbWUiIC8+DQogICAgICAgICAgICA8UnVsZVBhcmFtZXRlciBOYW1lPSJIdG1sRGVjb2RlIiBWYWx1ZT0iVHJ1ZSIgLz4NCiAgICAgICAgICAgIDxSdWxlUGFyYW1ldGVyIE5hbWU9IlJlcXVpcmVkIiBWYWx1ZT0iRmFsc2UiIC8+DQogICAgICAgICAgICA8UnVsZVBhcmFtZXRlciBOYW1lPSJJbmRleCIgVmFsdWU9IjAiIC8+DQogICAgICAgICAgPC9SdWxlUGFyYW1ldGVycz4NCiAgICAgICAgPC9FeHRyYWN0aW9uUnVsZT4NCiAgICAgICAgPEV4dHJhY3Rpb25SdWxlIENsYXNzbmFtZT0iTWljcm9zb2Z0LlZpc3VhbFN0dWRpby5UZXN0VG9vbHMuV2ViVGVzdGluZy5SdWxlcy5FeHRyYWN0VGV4dCwgTWljcm9zb2Z0LlZpc3VhbFN0dWRpby5RdWFsaXR5VG9vbHMuV2ViVGVzdEZyYW1ld29yaywgVmVyc2lvbj0xMC4wLjAuMCwgQ3VsdHVyZT1uZXV0cmFsLCBQdWJsaWNLZXlUb2tlbj1iMDNmNWY3ZjExZDUwYTNhIiBWYXJpYWJsZU5hbWU9IkZvcm1Qb3N0UGFyYW0xMDAuX19FVkVOVFRBUkdFVCIgRGlzcGxheU5hbWU9IiIgRGVzY3JpcHRpb249IiI+DQogICAgICAgICAgPFJ1bGVQYXJhbWV0ZXJzPg0KICAgICAgICAgICAgPFJ1bGVQYXJhbWV0ZXIgTmFtZT0iU3RhcnRzV2l0aCIgVmFsdWU9ImFtZT0mcXVvdDsiIC8+DQogICAgICAgICAgICA8UnVsZVBhcmFtZXRlciBOYW1lPSJFbmRzV2l0aCIgVmFsdWU9IiZxdW90OyBvbmMiIC8+DQogICAgICAgICAgICA8UnVsZVBhcmFtZXRlciBOYW1lPSJJbmRleCIgVmFsdWU9IjMyIiAvPg0KICAgICAgICAgICAgPFJ1bGVQYXJhbWV0ZXIgTmFtZT0iSWdub3JlQ2FzZSIgVmFsdWU9IkZhbHNlIiAvPg0KICAgICAgICAgICAgPFJ1bGVQYXJhbWV0ZXIgTmFtZT0iVXNlUmVndWxhckV4cHJlc3Npb24iIFZhbHVlPSJGYWxzZSIgLz4NCiAgICAgICAgICAgIDxSdWxlUGFyYW1ldGVyIE5hbWU9Ikh0bWxEZWNvZGUiIFZhbHVlPSJUcnVlIiAvPg0KICAgICAgICAgICAgPFJ1bGVQYXJhbWV0ZXIgTmFtZT0iUmVxdWlyZWQiIFZhbHVlPSJGYWxzZSIgLz4NCiAgICAgICAgICA8L1J1bGVQYXJhbWV0ZXJzPg0KICAgICAgICA8L0V4dHJhY3Rpb25SdWxlPg0KICAgICAgICA8RXh0cmFjdGlvblJ1bGUgQ2xhc3NuYW1lPSJNaWNyb3NvZnQuVmlzdWFsU3R1ZGlvLlRlc3RUb29scy5XZWJUZXN0aW5nLlJ1bGVzLkV4dHJhY3RUZXh0LCBNaWNyb3NvZnQuVmlzdWFsU3R1ZGlvLlF1YWxpdHlUb29scy5XZWJUZXN0RnJhbWV3b3JrLCBWZXJzaW9uPTEwLjAuMC4wLCBDdWx0dXJlPW5ldXRyYWwsIFB1YmxpY0tleVRva2VuPWIwM2Y1ZjdmMTFkNTBhM2EiIFZhcmlhYmxlTmFtZT0iRm9ybVBvc3RQYXJhbTEwMS5PVFRpbWVTdGFydCRkZGxISCIgRGlzcGxheU5hbWU9IiIgRGVzY3JpcHRpb249IiI+DQogICAgICAgICAgPFJ1bGVQYXJhbWV0ZXJzPg0KICAgICAgICAgICAgPFJ1bGVQYXJhbWV0ZXIgTmFtZT0iU3RhcnRzV2l0aCIgVmFsdWU9Imx1ZT0mcXVvdDsiIC8+DQogICAgICAgICAgICA8UnVsZVBhcmFtZXRlciBOYW1lPSJFbmRzV2l0aCIgVmFsdWU9IiZxdW90OyZndDswMCZsdDsiIC8+DQogICAgICAgICAgICA8UnVsZVBhcmFtZXRlciBOYW1lPSJJbmRleCIgVmFsdWU9IjMwIiAvPg0KICAgICAgICAgICAgPFJ1bGVQYXJhbWV0ZXIgTmFtZT0iSWdub3JlQ2FzZSIgVmFsdWU9IkZhbHNlIiAvPg0KICAgICAgICAgICAgPFJ1bGVQYXJhbWV0ZXIgTmFtZT0iVXNlUmVndWxhckV4cHJlc3Npb24iIFZhbHVlPSJGYWxzZSIgLz4NCiAgICAgICAgICAgIDxSdWxlUGFyYW1ldGVyIE5hbWU9Ikh0bWxEZWNvZGUiIFZhbHVlPSJUcnVlIiAvPg0KICAgICAgICAgICAgPFJ1bGVQYXJhbWV0ZXIgTmFtZT0iUmVxdWlyZWQiIFZhbHVlPSJGYWxzZSIgLz4NCiAgICAgICAgICA8L1J1bGVQYXJhbWV0ZXJzPg0KICAgICAgICA8L0V4dHJhY3Rpb25SdWxlPg0KICAgICAgICA8RXh0cmFjdGlvblJ1bGUgQ2xhc3NuYW1lPSJNaWNyb3NvZnQuVmlzdWFsU3R1ZGlvLlRlc3RUb29scy5XZWJUZXN0aW5nLlJ1bGVzLkV4dHJhY3RUZXh0LCBNaWNyb3NvZnQuVmlzdWFsU3R1ZGlvLlF1YWxpdHlUb29scy5XZWJUZXN0RnJhbWV3b3JrLCBWZXJzaW9uPTEwLjAuMC4wLCBDdWx0dXJlPW5ldXRyYWwsIFB1YmxpY0tleVRva2VuPWIwM2Y1ZjdmMTFkNTBhM2EiIFZhcmlhYmxlTmFtZT0iRm9ybVBvc3RQYXJhbTEwMi5PVFRpbWVTdGFydCRkZGxNTSIgRGlzcGxheU5hbWU9IiIgRGVzY3JpcHRpb249IiI+DQogICAgICAgICAgPFJ1bGVQYXJhbWV0ZXJzPg0KICAgICAgICAgICAgPFJ1bGVQYXJhbWV0ZXIgTmFtZT0iU3RhcnRzV2l0aCIgVmFsdWU9Imx1ZT0mcXVvdDsiIC8+DQogICAgICAgICAgICA8UnVsZVBhcmFtZXRlciBOYW1lPSJFbmRzV2l0aCIgVmFsdWU9IiZxdW90OyZndDswMCZsdDsiIC8+DQogICAgICAgICAgICA8UnVsZVBhcmFtZXRlciBOYW1lPSJJbmRleCIgVmFsdWU9IjMwIiAvPg0KICAgICAgICAgICAgPFJ1bGVQYXJhbWV0ZXIgTmFtZT0iSWdub3JlQ2FzZSIgVmFsdWU9IkZhbHNlIiAvPg0KICAgICAgICAgICAgPFJ1bGVQYXJhbWV0ZXIgTmFtZT0iVXNlUmVndWxhckV4cHJlc3Npb24iIFZhbHVlPSJGYWxzZSIgLz4NCiAgICAgICAgICAgIDxSdWxlUGFyYW1ldGVyIE5hbWU9Ikh0bWxEZWNvZGUiIFZhbHVlPSJUcnVlIiAvPg0KICAgICAgICAgICAgPFJ1bGVQYXJhbWV0ZXIgTmFtZT0iUmVxdWlyZWQiIFZhbHVlPSJGYWxzZSIgLz4NCiAgICAgICAgICA8L1J1bGVQYXJhbWV0ZXJzPg0KICAgICAgICA8L0V4dHJhY3Rpb25SdWxlPg0KICAgICAgICA8RXh0cmFjdGlvblJ1bGUgQ2xhc3NuYW1lPSJNaWNyb3NvZnQuVmlzdWFsU3R1ZGlvLlRlc3RUb29scy5XZWJUZXN0aW5nLlJ1bGVzLkV4dHJhY3RUZXh0LCBNaWNyb3NvZnQuVmlzdWFsU3R1ZGlvLlF1YWxpdHlUb29scy5XZWJUZXN0RnJhbWV3b3JrLCBWZXJzaW9uPTEwLjAuMC4wLCBDdWx0dXJlPW5ldXRyYWwsIFB1YmxpY0tleVRva2VuPWIwM2Y1ZjdmMTFkNTBhM2EiIFZhcmlhYmxlTmFtZT0iRm9ybVBvc3RQYXJhbTEwMy5PVFRpbWVFbmQkZGRsSEgiIERpc3BsYXlOYW1lPSIiIERlc2NyaXB0aW9uPSIiPg0KICAgICAgICAgIDxSdWxlUGFyYW1ldGVycz4NCiAgICAgICAgICAgIDxSdWxlUGFyYW1ldGVyIE5hbWU9IlN0YXJ0c1dpdGgiIFZhbHVlPSJsdWU9JnF1b3Q7IiAvPg0KICAgICAgICAgICAgPFJ1bGVQYXJhbWV0ZXIgTmFtZT0iRW5kc1dpdGgiIFZhbHVlPSImcXVvdDsmZ3Q76KuL6YG45pOHIiAvPg0KICAgICAgICAgICAgPFJ1bGVQYXJhbWV0ZXIgTmFtZT0iSW5kZXgiIFZhbHVlPSIyOSIgLz4NCiAgICAgICAgICAgIDxSdWxlUGFyYW1ldGVyIE5hbWU9Iklnbm9yZUNhc2UiIFZhbHVlPSJGYWxzZSIgLz4NCiAgICAgICAgICAgIDxSdWxlUGFyYW1ldGVyIE5hbWU9IlVzZVJlZ3VsYXJFeHByZXNzaW9uIiBWYWx1ZT0iRmFsc2UiIC8+DQogICAgICAgICAgICA8UnVsZVBhcmFtZXRlciBOYW1lPSJIdG1sRGVjb2RlIiBWYWx1ZT0iVHJ1ZSIgLz4NCiAgICAgICAgICAgIDxSdWxlUGFyYW1ldGVyIE5hbWU9IlJlcXVpcmVkIiBWYWx1ZT0iRmFsc2UiIC8+DQogICAgICAgICAgPC9SdWxlUGFyYW1ldGVycz4NCiAgICAgICAgPC9FeHRyYWN0aW9uUnVsZT4NCiAgICAgICAgPEV4dHJhY3Rpb25SdWxlIENsYXNzbmFtZT0iTWljcm9zb2Z0LlZpc3VhbFN0dWRpby5UZXN0VG9vbHMuV2ViVGVzdGluZy5SdWxlcy5FeHRyYWN0VGV4dCwgTWljcm9zb2Z0LlZpc3VhbFN0dWRpby5RdWFsaXR5VG9vbHMuV2ViVGVzdEZyYW1ld29yaywgVmVyc2lvbj0xMC4wLjAuMCwgQ3VsdHVyZT1uZXV0cmFsLCBQdWJsaWNLZXlUb2tlbj1iMDNmNWY3ZjExZDUwYTNhIiBWYXJpYWJsZU5hbWU9IkZvcm1Qb3N0UGFyYW0xMDQuT1RUaW1lRW5kJGRkbE1NIiBEaXNwbGF5TmFtZT0iIiBEZXNjcmlwdGlvbj0iIj4NCiAgICAgICAgICA8UnVsZVBhcmFtZXRlcnM+DQogICAgICAgICAgICA8UnVsZVBhcmFtZXRlciBOYW1lPSJTdGFydHNXaXRoIiBWYWx1ZT0ibHVlPSZxdW90OyIgLz4NCiAgICAgICAgICAgIDxSdWxlUGFyYW1ldGVyIE5hbWU9IkVuZHNXaXRoIiBWYWx1ZT0iJnF1b3Q7Jmd0O+iri+mBuOaThyIgLz4NCiAgICAgICAgICAgIDxSdWxlUGFyYW1ldGVyIE5hbWU9IkluZGV4IiBWYWx1ZT0iMjkiIC8+DQogICAgICAgICAgICA8UnVsZVBhcmFtZXRlciBOYW1lPSJJZ25vcmVDYXNlIiBWYWx1ZT0iRmFsc2UiIC8+DQogICAgICAgICAgICA8UnVsZVBhcmFtZXRlciBOYW1lPSJVc2VSZWd1bGFyRXhwcmVzc2lvbiIgVmFsdWU9IkZhbHNlIiAvPg0KICAgICAgICAgICAgPFJ1bGVQYXJhbWV0ZXIgTmFtZT0iSHRtbERlY29kZSIgVmFsdWU9IlRydWUiIC8+DQogICAgICAgICAgICA8UnVsZVBhcmFtZXRlciBOYW1lPSJSZXF1aXJlZCIgVmFsdWU9IkZhbHNlIiAvPg0KICAgICAgICAgIDwvUnVsZVBhcmFtZXRlcnM+DQogICAgICAgIDwvRXh0cmFjdGlvblJ1bGU+DQogICAgICAgIDxFeHRyYWN0aW9uUnVsZSBDbGFzc25hbWU9Ik1pY3Jvc29mdC5WaXN1YWxTdHVkaW8uVGVzdFRvb2xzLldlYlRlc3RpbmcuUnVsZXMuRXh0cmFjdFRleHQsIE1pY3Jvc29mdC5WaXN1YWxTdHVkaW8uUXVhbGl0eVRvb2xzLldlYlRlc3RGcmFtZXdvcmssIFZlcnNpb249MTAuMC4wLjAsIEN1bHR1cmU9bmV1dHJhbCwgUHVibGljS2V5VG9rZW49YjAzZjVmN2YxMWQ1MGEzYSIgVmFyaWFibGVOYW1lPSJGb3JtUG9zdFBhcmFtMTA1LmRkbE9UVHlwZUlEIiBEaXNwbGF5TmFtZT0iIiBEZXNjcmlwdGlvbj0iIj4NCiAgICAgICAgICA8UnVsZVBhcmFtZXRlcnM+DQogICAgICAgICAgICA8UnVsZVBhcmFtZXRlciBOYW1lPSJTdGFydHNXaXRoIiBWYWx1ZT0icyZxdW90OzpbJnF1b3Q7IiAvPg0KICAgICAgICAgICAgPFJ1bGVQYXJhbWV0ZXIgTmFtZT0iRW5kc1dpdGgiIFZhbHVlPSImcXVvdDssJnF1b3Q7MSZxdW90OyIgLz4NCiAgICAgICAgICAgIDxSdWxlUGFyYW1ldGVyIE5hbWU9IkluZGV4IiBWYWx1ZT0iMCIgLz4NCiAgICAgICAgICAgIDxSdWxlUGFyYW1ldGVyIE5hbWU9Iklnbm9yZUNhc2UiIFZhbHVlPSJGYWxzZSIgLz4NCiAgICAgICAgICAgIDxSdWxlUGFyYW1ldGVyIE5hbWU9IlVzZVJlZ3VsYXJFeHByZXNzaW9uIiBWYWx1ZT0iRmFsc2UiIC8+DQogICAgICAgICAgICA8UnVsZVBhcmFtZXRlciBOYW1lPSJIdG1sRGVjb2RlIiBWYWx1ZT0iVHJ1ZSIgLz4NCiAgICAgICAgICAgIDxSdWxlUGFyYW1ldGVyIE5hbWU9IlJlcXVpcmVkIiBWYWx1ZT0iRmFsc2UiIC8+DQogICAgICAgICAgPC9SdWxlUGFyYW1ldGVycz4NCiAgICAgICAgPC9FeHRyYWN0aW9uUnVsZT4NCiAgICAgICAgPEV4dHJhY3Rpb25SdWxlIENsYXNzbmFtZT0iTWljcm9zb2Z0LlZpc3VhbFN0dWRpby5UZXN0VG9vbHMuV2ViVGVzdGluZy5SdWxlcy5FeHRyYWN0VGV4dCwgTWljcm9zb2Z0LlZpc3VhbFN0dWRpby5RdWFsaXR5VG9vbHMuV2ViVGVzdEZyYW1ld29yaywgVmVyc2lvbj0xMC4wLjAuMCwgQ3VsdHVyZT1uZXV0cmFsLCBQdWJsaWNLZXlUb2tlbj1iMDNmNWY3ZjExZDUwYTNhIiBWYXJpYWJsZU5hbWU9IkZvcm1Qb3N0UGFyYW0xMDYuZGRsT3JnIiBEaXNwbGF5TmFtZT0iIiBEZXNjcmlwdGlvbj0iIj4NCiAgICAgICAgICA8UnVsZVBhcmFtZXRlcnM+DQogICAgICAgICAgICA8UnVsZVBhcmFtZXRlciBOYW1lPSJTdGFydHNXaXRoIiBWYWx1ZT0iJnF1b3Q7MCZxdW90OywmcXVvdDsiIC8+DQogICAgICAgICAgICA8UnVsZVBhcmFtZXRlciBOYW1lPSJFbmRzV2l0aCIgVmFsdWU9IiZxdW90OywmcXVvdDsyJnF1b3Q7IiAvPg0KICAgICAgICAgICAgPFJ1bGVQYXJhbWV0ZXIgTmFtZT0iSW5kZXgiIFZhbHVlPSIwIiAvPg0KICAgICAgICAgICAgPFJ1bGVQYXJhbWV0ZXIgTmFtZT0iSWdub3JlQ2FzZSIgVmFsdWU9IkZhbHNlIiAvPg0KICAgICAgICAgICAgPFJ1bGVQYXJhbWV0ZXIgTmFtZT0iVXNlUmVndWxhckV4cHJlc3Npb24iIFZhbHVlPSJGYWxzZSIgLz4NCiAgICAgICAgICAgIDxSdWxlUGFyYW1ldGVyIE5hbWU9Ikh0bWxEZWNvZGUiIFZhbHVlPSJUcnVlIiAvPg0KICAgICAgICAgICAgPFJ1bGVQYXJhbWV0ZXIgTmFtZT0iUmVxdWlyZWQiIFZhbHVlPSJGYWxzZSIgLz4NCiAgICAgICAgICA8L1J1bGVQYXJhbWV0ZXJzPg0KICAgICAgICA8L0V4dHJhY3Rpb25SdWxlPg0KICAgICAgICA8RXh0cmFjdGlvblJ1bGUgQ2xhc3NuYW1lPSJNaWNyb3NvZnQuVmlzdWFsU3R1ZGlvLlRlc3RUb29scy5XZWJUZXN0aW5nLlJ1bGVzLkV4dHJhY3RUZXh0LCBNaWNyb3NvZnQuVmlzdWFsU3R1ZGlvLlF1YWxpdHlUb29scy5XZWJUZXN0RnJhbWV3b3JrLCBWZXJzaW9uPTEwLjAuMC4wLCBDdWx0dXJlPW5ldXRyYWwsIFB1YmxpY0tleVRva2VuPWIwM2Y1ZjdmMTFkNTBhM2EiIFZhcmlhYmxlTmFtZT0iRm9ybVBvc3RQYXJhbTEwNy51Y0Nhc2NhZGluZ0Ryb3BEb3duMSRkZGwwMyIgRGlzcGxheU5hbWU9IiIgRGVzY3JpcHRpb249IiI+DQogICAgICAgICAgPFJ1bGVQYXJhbWV0ZXJzPg0KICAgICAgICAgICAgPFJ1bGVQYXJhbWV0ZXIgTmFtZT0iU3RhcnRzV2l0aCIgVmFsdWU9Imx1ZT0mcXVvdDsiIC8+DQogICAgICAgICAgICA8UnVsZVBhcmFtZXRlciBOYW1lPSJFbmRzV2l0aCIgVmFsdWU9IiZxdW90OyB0aXQiIC8+DQogICAgICAgICAgICA8UnVsZVBhcmFtZXRlciBOYW1lPSJJbmRleCIgVmFsdWU9IjIyMSIgLz4NCiAgICAgICAgICAgIDxSdWxlUGFyYW1ldGVyIE5hbWU9Iklnbm9yZUNhc2UiIFZhbHVlPSJGYWxzZSIgLz4NCiAgICAgICAgICAgIDxSdWxlUGFyYW1ldGVyIE5hbWU9IlVzZVJlZ3VsYXJFeHByZXNzaW9uIiBWYWx1ZT0iRmFsc2UiIC8+DQogICAgICAgICAgICA8UnVsZVBhcmFtZXRlciBOYW1lPSJIdG1sRGVjb2RlIiBWYWx1ZT0iVHJ1ZSIgLz4NCiAgICAgICAgICAgIDxSdWxlUGFyYW1ldGVyIE5hbWU9IlJlcXVpcmVkIiBWYWx1ZT0iRmFsc2UiIC8+DQogICAgICAgICAgPC9SdWxlUGFyYW1ldGVycz4NCiAgICAgICAgPC9FeHRyYWN0aW9uUnVsZT4NCiAgICAgICAgPEV4dHJhY3Rpb25SdWxlIENsYXNzbmFtZT0iTWljcm9zb2Z0LlZpc3VhbFN0dWRpby5UZXN0VG9vbHMuV2ViVGVzdGluZy5SdWxlcy5FeHRyYWN0VGV4dCwgTWljcm9zb2Z0LlZpc3VhbFN0dWRpby5RdWFsaXR5VG9vbHMuV2ViVGVzdEZyYW1ld29yaywgVmVyc2lvbj0xMC4wLjAuMCwgQ3VsdHVyZT1uZXV0cmFsLCBQdWJsaWNLZXlUb2tlbj1iMDNmNWY3ZjExZDUwYTNhIiBWYXJpYWJsZU5hbWU9IkZvcm1Qb3N0UGFyYW0xMDguaGlkZGVuSW5wdXRUb1VwZGF0ZUFUQnVmZmVyX0NvbW1vblRvb2xraXRTY3JpcHRzIiBEaXNwbGF5TmFtZT0iIiBEZXNjcmlwdGlvbj0iIj4NCiAgICAgICAgICA8UnVsZVBhcmFtZXRlcnM+DQogICAgICAgICAgICA8UnVsZVBhcmFtZXRlciBOYW1lPSJTdGFydHNXaXRoIiBWYWx1ZT0icyZxdW90OzpbJnF1b3Q7IiAvPg0KICAgICAgICAgICAgPFJ1bGVQYXJhbWV0ZXIgTmFtZT0iRW5kc1dpdGgiIFZhbHVlPSImcXVvdDssJnF1b3Q7MSZxdW90OyIgLz4NCiAgICAgICAgICAgIDxSdWxlUGFyYW1ldGVyIE5hbWU9IkluZGV4IiBWYWx1ZT0iMCIgLz4NCiAgICAgICAgICAgIDxSdWxlUGFyYW1ldGVyIE5hbWU9Iklnbm9yZUNhc2UiIFZhbHVlPSJGYWxzZSIgLz4NCiAgICAgICAgICAgIDxSdWxlUGFyYW1ldGVyIE5hbWU9IlVzZVJlZ3VsYXJFeHByZXNzaW9uIiBWYWx1ZT0iRmFsc2UiIC8+DQogICAgICAgICAgICA8UnVsZVBhcmFtZXRlciBOYW1lPSJIdG1sRGVjb2RlIiBWYWx1ZT0iVHJ1ZSIgLz4NCiAgICAgICAgICAgIDxSdWxlUGFyYW1ldGVyIE5hbWU9IlJlcXVpcmVkIiBWYWx1ZT0iRmFsc2UiIC8+DQogICAgICAgICAgPC9SdWxlUGFyYW1ldGVycz4NCiAgICAgICAgPC9FeHRyYWN0aW9uUnVsZT4NCiAgICAgIDwvQ29ycmVsYXRpb25FeHRyYWN0aW9uUnVsZXM+DQogICAgICA8Rm9ybVBvc3RIdHRwQm9keT4NCiAgICAgICAgPEZvcm1Qb3N0UGFyYW1ldGVyIE5hbWU9IlRvb2xraXRTY3JpcHRNYW5hZ2VyMV9IaWRkZW5GaWVsZCIgVmFsdWU9Ijs7QWpheENvbnRyb2xUb29sa2l0LCBWZXJzaW9uPTQuMS43LjYwNywgQ3VsdHVyZT1uZXV0cmFsLCBQdWJsaWNLZXlUb2tlbj0yOGYwMWIwZTg0YjZkNTNlOnpoLUhhbnQ6N2I5NWVkMWEtNmEzZi00MWRkLWJjNWItNjNmMzllZGJjNGI0OmRlMWZlYWIyOmZjZjBlOTkzOmYyYzhlNzA4OjcyMGE1MmJmOmY5Y2VjOWJjOjU4OWVhYTMwOjY5ODEyOWNmOmZiOWI0YzU3OmNjYjk2Y2Y5OjhhZDE4MTAxOmNhNTdlZjNjOmE2N2MyNzAwOjg2MTNhZWE3OjMyMDJhNWEyOmFiMDllM2ZlOjg3MTA0YjdjOmJlNmZiMjk4IiBSZWNvcmRlZFZhbHVlPSI7O0FqYXhDb250cm9sVG9vbGtpdCwgVmVyc2lvbj00LjEuNy42MDcsIEN1bHR1cmU9bmV1dHJhbCwgUHVibGljS2V5VG9rZW49MjhmMDFiMGU4NGI2ZDUzZTp6aC1IYW50OjdiOTVlZDFhLTZhM2YtNDFkZC1iYzViLTYzZjM5ZWRiYzRiNDpkZTFmZWFiMjpmY2YwZTk5MzpmMmM4ZTcwODo3MjBhNTJiZjpmOWNlYzliYzo1ODllYWEzMDo2OTgxMjljZjpmYjliNGM1NzpjY2I5NmNmOTo4YWQxODEwMTpjYTU3ZWYzYzphNjdjMjcwMDo4NjEzYWVhNzozMjAyYTVhMjphYjA5ZTNmZTo4NzEwNGI3YzpiZTZmYjI5OCIgQ29ycmVsYXRpb25CaW5kaW5nPSIiIFVybEVuY29kZT0iVHJ1ZSIgLz4NCiAgICAgICAgPEZvcm1Qb3N0UGFyYW1ldGVyIE5hbWU9Il9fRVZFTlRUQVJHRVQiIFZhbHVlPSJPVFRpbWVTdGFydCRkZGxISCIgUmVjb3JkZWRWYWx1ZT0iT1RUaW1lU3RhcnQkZGRsSEgiIENvcnJlbGF0aW9uQmluZGluZz0ie3tGb3JtUG9zdFBhcmFtMTE1Ll9fRVZFTlRUQVJHRVR9fSIgVXJsRW5jb2RlPSJUcnVlIiAvPg0KICAgICAgICA8Rm9ybVBvc3RQYXJhbWV0ZXIgTmFtZT0iX19FVkVOVEFSR1VNRU5UIiBWYWx1ZT0ie3skSElEREVOMS5fX0VWRU5UQVJHVU1FTlR9fSIgUmVjb3JkZWRWYWx1ZT0iIiBDb3JyZWxhdGlvbkJpbmRpbmc9IiIgVXJsRW5jb2RlPSJUcnVlIiAvPg0KICAgICAgICA8Rm9ybVBvc3RQYXJhbWV0ZXIgTmFtZT0iX19MQVNURk9DVVMiIFZhbHVlPSJ7eyRISURERU4xLl9fTEFTVEZPQ1VTfX0iIFJlY29yZGVkVmFsdWU9IiIgQ29ycmVsYXRpb25CaW5kaW5nPSIiIFVybEVuY29kZT0iVHJ1ZSIgLz4NCiAgICAgICAgPEZvcm1Qb3N0UGFyYW1ldGVyIE5hbWU9Il9fVlNUQVRFIiBWYWx1ZT0ie3skSElEREVOMS5fX1ZTVEFURX19IiBSZWNvcmRlZFZhbHVlPSJBUitMQ0FBQUFBQUFCQUR0V3V0ekc5VVZ0MjRzK1puWVpJZ2dKRWdiWndiSGswamFYYjBzMlJhMUZRZTdpZU1RS1FrendHaFcydXZkeGF0ZHNidXlyV0dZaGtKSVNBaUVnZENHMEZLbXBGQ1lwR21aZ2tsUzJqK2gwK21IZm00dFB6NzFUNkRuN3E0ZWZrR2dFVk5tcWlUUzNuTi85OXp6dU9mY2MrL21LMGZYZzhqcHlXU1NxbUpvcXF3Zng4OFdKUTBmVTNWamhNdE5IOGFsVE1idGNtN1Rza1pLVWdRWmorWUw0d2VkVzZFOVVaUU5hY05tbTVRWGpuQkZKU2M2TytEeDhTTFdEVWxWbkIwNWNYb0NjL0lobVJPY0xtRm1ncE9VcnNIOVRaM0l0YU9sZFRLZFZNbHdlRGlrYXZtamt5MlRhWk9mYXpKOWtETXcvS1NsUE82QUg5WGdaUElNaVBTY0FrUFFWL0RwNHJ1YzdiNUlsSTZ3VENRVTZYSlRudFlNY0NDRG5UdVpXSXdOOUFjWW1scVlQMSsrZUk1aTJEaE53MStQT3pPdUQ4dFlNMUpZMTBGT3dsa3RHcUtuR3pxT2NRSStCUXkwUEtkTmk1NXRHVUlZMTRtRVIxUkI5TFJrTkU2WkJxVVJIZlhzc0h0Qlk2MlVNalN3bUFucXlKeFN0ZW1VWkdBQWJnbkRuSHRzNUhEUlVJY0xCYmswbXM5aW50Q1N1cDZVT1YwWFBMMDJocGpKZ0grcEhIaElCdGRJeEpxVFNzVkpBdkMzQkQyaTVrQkdvczl4UEtWaFhiUTFPcVJ4ZVN4NjJqTERoc0hsUkJEQ2I0QlBHSnBsbUJnZmpiRThuK3YzTVZOMHpoZks0b2d2eTlFUkg1UGx3MncvbmN1eU1jN1RuRW5oT2FlREFYMTU0eGluY2V6ODdpWkhVMU1UTVR6NUpaOU9CRjlIVXlYZHdIay9XSjA3UUozRUdoRmdLT1NueVo4RFZCS1dTVkhEUXdvdUdob25INkNPRmJPeWxJT0ZsbGFuc1RLVWpVYTVjQzRjWVdMQkVLYjdZMDdDZkVjZFQvTXJ6V1ZsdkFWNmRsWmIvdU00cnhwZ2NYdkt0aWZ5Y2lvbjRqelhBVThIcGFtcHg4QUtXeHlPYlRZekcwZGtiaU9zWE0zdzljWDJ3VWZuOGpJMVk4dmR3L2pwSGdvck9aVUgxa005UldQS3gwUjZIazFzYlIrYzArTzZPUUVGSXhSOXFLZkhlb2pQd2JOb0dJVjRJREE3Tyt1ZkRmcFZUUWl3Tk0wRW5wZzRZZ2xWd2VaMUhqUUF4cHBpYzlOOWVRazhyYXRUaGkrbjV1T0E4MW1vSHBpVm9zaThXTVo1ckJpVUFuNGQ2akgxWjZ4ZXF4L0dGV1E4bHk0VnNFMjE2RHFFTnloVEkyN0VicGlmNFhKNEJBdVMwa01ad0dLb2h3dzFsM01QWllrU056aE53TVpSR0tBWEFFMlV6MHZLWkM1WDFFQjdzRm5nRytjQU9VWVZ2bUZUSE1RNUdSWXFpWlhHNm5LUUt4MlI4cEl4cGhhMW85L0xMR01ObjRXazZJWk5NZ0dialZoVjVudVlwcUhhVEtZbmlycVJGSEZ1dW9Gem1IcUFkeG85UldNZGo2MTl1M0ZSVXBtaGNSRUNCY1Z4YzhkdjJBd25PVm5pR3p6SE1QOE1MTm9HVDVMaUlBR1hKclZoTWxlRFZSbFhab2paU0sxM1QyWWFES3pmTGszYTJxM1ZKTm9TYmJJL0cyWU55cVd3VVpWa1hMY3AwS3NWY1pWT2FyMXFTVlBkMlN1OUozU2NMR29hY0laS2p5TUFjL0JkYlB3NVVaVnllSTIyZVc2dTBpb3FXYldvOEppdjJlQnV0TFdzWkpZdENaY1Q2cWUvdFF6eVVHb0pXdHo2NGZMZnBjNnh4MWdzdm1sTVpTTGZqRjBDRGRic1hWSEZzaU5saXlieEZjdldUS3VwczVNYWp6WFRNRFpPNVBTa3lDa0NCZ05KaWc0bkJMQlB6YXgxZFZJaUZoc00xTGRYZ2F4Q0o4SFNGc1p1VmlGckN4V1QyVHBpRFY1ZmJpUkNBRjFGMkJBM2xtRFkxY0N4OVVDUytoTjBEV2EycTZqVm0zWWlGQmtNckNGdEFLMndYRU9wSXV2MlRnS3JiOVpoS250Zklrb2cxZFphaE1tYXFVTFdpRi9aZWhKQklrKzF0UTR3bG9qVUFlck1WRTM4Q1FiOFUydFZBWFY1TzhHQWVlcmJkZXVobG5oTlJxc0lWZGlxMUVtVVdrMVl3NjR1K2NFcVk2SUJoZzBFNlFydit0NUthRnZMM3c3cFZmRXlHRmdUd0lsbWNqcGFjMm9pWnlWWFpvSjdSdFhnUjFMSXowaFJrdm0yekhFOEl4RUlPUkcyd2dmWnA4T3Y3RStIcDZ0eXNNVWswUWx3MUhWeDVzSDAyeDVMM1FodDZlTGRMSHgzdVJFY3Y0OUlnbWlNcUhNakd1YW1SeFdpSkMveWJqUUZxR2JrTUZFdEowRTg2QkI1SGpsTlNuTWF6eG5PQjVldlhGNjY5UExDL1BWLzMzbDErWk1MU3g5ZExIOTU1cCtuZndPNFhRVG4zZTUwcFk2TmpSeG1nUEt3VGVsY3ZEbS8vUHRMSytkUEw3Ly9LdEQzVkpBMFRUOUcwMERaYTFPNkZtN2RLcCsvdXZ6cDJjVmJsMkF1Nk9xdEI4Y0l1TSttN0FBd1FWNmVYM3p6bmNXenJ5eTk5ZEhTaDI4QUlGZ1pZbHVKUndNMnBkdWkvT3YwNmZMdHR5ZVh2dnd0OUQzYTFXMnFYRFZGbDl1QkhHNUhOODhMNUlsSGo4SG9kazlIaHF3T2NxbkJHYzdPRW55ZUNreE1QQlhnZVU5N0pnWGJwbUhld0RUOVJYcjE2dC8vMmtydVZSVGVKbzAwZTYvL285VzhnemlPT1g1U2tVc2lBTktxQ2hGVWNQcWVYTG45eThVM3p6OU5sZCs0VTM3OWs4V2ZYVnU4K2pLWStNbVZxMWRNK3VMOG1aVXJINVRQZkZpKzhZWGxKdkFZZkhlVFgwK0xxdVJrS1RmdFRKOHdKRG1URktmQnYybFZFR1JzT2xLU0phTzByN2VZSStLWW9tWnk0blN0cS9jQXRhcVRsMmJJWWgrR0ZkTGJOOENEa1JBeGtWTTNTakoyZXVIZ2IwaXd0L29nWkFRbGJxaUZnWmtxci9pQXZZcGF3ZDd0WnFUUjRRQVQ4WFNTZTV6YWZVeDNraXZxV0RjVGdKbkNCVS9MZDdNSFNOYXVLbnhXdG15d3pSQWwzUS9oWE1SRHZiMERQQ3g4dDh2ajJ0QnhiZXY4TmtZV3dpcTNqZkhvTUZrQTN2dFhEL2J1cVByYTY2NzYyUHVBNkgzd3YzV29kNmZ6MkYxNEVnVGR6SStrYTJNdmVoLzZqZzcwN2hLOHV3WHZ3OS9hTzE3UHhqN3hldGNZbEtvNndidW56dnFUSUV1enB4TmlKNVdxQkNtWWVTT3JmZjM2dHk1SE4xbi85WjNyTGJmbExpM25Nb1VCM1lpeHlLWG1Ic0pvaE5TTkF0KzlZMmNiSk0yVkZ5QmhuVVUwaldnRzBTeWlnNGdPSVRxTTZBaWlvNGp1UjNRTU1UUmlHTVN3aUFraUpvU1lNR0lpaUlraXBoOHhNY1RTaUdVUXl5STIyQWllOSsvZnNsUFk3T04yVEpGTm9hYWxkeTlSYmVqZWk0SFlFR0xEaUkwZ05vcllmc1RHVUpCR1FRWUZXUlFNb21BSUJjTW9HRUhCS0FyMm8yQU1oV2dVWWxDSVJhRWdDb1ZRS0l4Q0VSU0tvbEEvQ3NWUW1FWmhCb1ZaRkE2aWNBaUZ3eWdjUWVFb0N2ZWpjT3lITGorNGJHaFRsOTNOeDNScld4ZnNldTRtSHAwZ01lZnQyU3pPdmo0N1dhRzBZWGFxZGQyckdMTlczLzhENjM5MVlmN1E1Yi9IZ1NYWWxhaURWTExQbXM3MmJDT0JjSkpzam9ja0xQUE81cVRLWTg5Vzg0NERxbTZMMkVhSVNYSXZZeTJMenUxUXhmb29YOVc0OE55NWN1WmkrZEs1OHMxemkrK2ZjNVhQZkxadysyM1g0cnN2TGwrLzZTcWZ2clAwK25WMytkT2JzRjhIRnQ4OVY3NTFHWjZXL25pcFBQOXBKL3dyWDdoaVZmZmJsODkrRElYNjRudlhGbjgxdi9DbmR4ZXZYZDllZnU5eklDMThlWUYwWExzTzJPMFdlT25qRjVhdTNGbTRkV0hoOW1lZDBMbDg3dUx5cjMreDhPY2JUdk9Zc3FQVFFUdkFwN1NEZFFRZElVZllFWEZFSGYyT0dIbFRTZE1NV0xlejNsaGdsQ0pZYUxkbkZ4eWM1bzVnUlRERW84UUdhcTZvSjJVSks4YjRRUXlsOHppME1LZUo1cVBaSzNwMlp3NUtlbUZVTWJDRytWT3F4dXVUMldkcWc5b3o1a3ZLQ1U2YnhwNDJzeFFYUnVjS0luU01WMTdxaW1iOWhzMXFZemhuU0RONGZHSlVBSFRsbFNQMmJNc1FwNlJFYWNvNExDbDhSOTlQVW5DMk84YmwvS2R3RnZocFdOZjlTVFdmVnhVL1NaUDdWOEVQVUp1aWEyOENvLzZnUDhqNG1XOStGYWdVWmJuSnN6MWp2U1ZOcXljS0Jhd2xPUjJMOWd0UFhaOEZRMnlZeEovNjJpUnV6Qm1UYVRpczZLb3lnZlBxK2xTK0ZyQnBRbzlNeVNwbnhHVThaUXp3NENDWks4VWxSWllVN012S2FtNTZvTUR4NU0xaG5GNmQ1MXV0S3RUVFdqc3lPVTlKdkNIdXNnN0xwUitSOTU2ZTFwcHJtak43VWlQb3A4ZzZFazNqVXJIZy9Ea3lhMDlETW1TejlwU21xSDIxYXRRdm0wdU1TZ3hSTEUxVGp6eEMxZnFvUFVOVWIyL2ZjMVE3VlU4ZHFtdjQ5V0xXdWovZFJ4OGdIUG9HcVBibkI5cG5PSTFTMDNNR2dIbFltK1FtMEM5Z1k5UzZGQndwamZQckRTeHpXV0sveDhHNmZhYVVKZ09RZ2ZpNDd6blM4a3VLZ2pXeW5vQ3g5ZTdjUDJXZWEvYjlPSldaMEFVekFNYVZRdEdBNkRFajRBQzFUbGxiME9kNTgwcWcyUnRjWlU5dkdKMUc1ckhmV2kxV3Vucmd5ZklISDVaLzk4bkthMitYYjd6emRQbnpQNVF2dndjSGJ0UEJiemtxSHFUWXdoekYwUEJWZVJpZ2NxcXNhdkc5Y0h3Zm9MTGs2S2VSYWpoTzdUMTBhTFIvT0RKQVRhbUs0WnZGNUZvaVRtVlZtUWVjU3U0WjR4UURYSFFWVG9nVUQxRXJhRnhwZ0pvVkpRUDd6TXZwT0tXb3N4cFhxQXp3YVJ3dkZmVTRGWVNKZWRSaUNuOGZTU3JQMjNyY3QyL3A2bzN5S3hlWFhucC81Y3BMa0xQNm9QUEZpcGFPTUxUT1ZscGJhRDlKMGhmV3RGOWYwMzdUUWY1L3huM0kwZTF1SW44Njc5L2ZCSW4rY2pYY0lQR2Ixd2hYTEVwemx4bC9Eem0zVm9KQlVSVTh3UDhIeGlZVWkyZ2lBQUE9IiBDb3JyZWxhdGlvbkJpbmRpbmc9IiIgVXJsRW5jb2RlPSJUcnVlIiAvPg0KICAgICAgICA8Rm9ybVBvc3RQYXJhbWV0ZXIgTmFtZT0iX19WSUVXU1RBVEUiIFZhbHVlPSJ7eyRISURERU4xLl9fVklFV1NUQVRFfX0iIFJlY29yZGVkVmFsdWU9IiIgQ29ycmVsYXRpb25CaW5kaW5nPSIiIFVybEVuY29kZT0iVHJ1ZSIgLz4NCiAgICAgICAgPEZvcm1Qb3N0UGFyYW1ldGVyIE5hbWU9Il9fU0NST0xMUE9TSVRJT05YIiBWYWx1ZT0ie3skSElEREVOMS5fX1NDUk9MTFBPU0lUSU9OWH19IiBSZWNvcmRlZFZhbHVlPSIwIiBDb3JyZWxhdGlvbkJpbmRpbmc9IiIgVXJsRW5jb2RlPSJUcnVlIiAvPg0KICAgICAgICA8Rm9ybVBvc3RQYXJhbWV0ZXIgTmFtZT0iX19TQ1JPTExQT1NJVElPTlkiIFZhbHVlPSJ7eyRISURERU4xLl9fU0NST0xMUE9TSVRJT05ZfX0iIFJlY29yZGVkVmFsdWU9IjAiIENvcnJlbGF0aW9uQmluZGluZz0iIiBVcmxFbmNvZGU9IlRydWUiIC8+DQogICAgICAgIDxGb3JtUG9zdFBhcmFtZXRlciBOYW1lPSJfX1ZJRVdTVEFURUVOQ1JZUFRFRCIgVmFsdWU9Int7JEhJRERFTjEuX19WSUVXU1RBVEVFTkNSWVBURUR9fSIgUmVjb3JkZWRWYWx1ZT0iIiBDb3JyZWxhdGlvbkJpbmRpbmc9IiIgVXJsRW5jb2RlPSJUcnVlIiAvPg0KICAgICAgICA8Rm9ybVBvc3RQYXJhbWV0ZXIgTmFtZT0iX19FVkVOVFZBTElEQVRJT04iIFZhbHVlPSJ7eyRISURERU4xLl9fRVZFTlRWQUxJREFUSU9OfX0iIFJlY29yZGVkVmFsdWU9IlNXOHd0ZHNrMURYL3J4a2ZzT1d3aWRYbTdKMFRTU2ZMTFVXQVE2VnE0R3EwSUMxMG4yOUwzMncrRGZrL0VyZldpWEZmNVdLbExtMWhaMnRreG1DbjZXQU5jdFpwaWEvbjdNNGVIUmhUOGxnWXl0ZWxRbDYwdTQ0R3IwdEJLdVREUzk3OUdXb0U3TUZncWI4aTJOREprOGJPMHA1ZjEzUHBzaWpJMStKd0Nac2lTVHJubTFjbTJZNzkzemdzcjNEUGg1QjA2dFVSS1ZNMHdQczZiaW9pdHZLVy9GS2RQUUFYUXU2VTdTUElGRDBJcWo2bW91MUxPekxqK3kyUWN3OUdPbUEyMTJtdjAxemlSRGcxZ0pvTTJTS2tZay9IeU1VbWpVYzJjcFRQWWlnS0JVRTNyUU1mRkN0eUhreForSkxTY0hhUHFnWE16S2xZcnFpdFZvYm91Z3ZHdFV6YXM3dnl2VWlJWStFekVFb3h1WVJBbkpKQVcxWDQ5Q1RHaTcvR0hSMW5Ca2N1SlR4SysvTDNwcjdXaDdWTnVxVXBsb2EyMVJlb1dPVEJTU25HZWNVWkxaL1ZLOGZBWURkK2wxeXpvRC9RNlQ4SVVTRFRya1RIK3NMcmxmRHNZK0NCV2VIdVJnY0ltOVF1SVVwRHhTUU5uamFlaDZ6c2tPWlRTRVVldDE1VnpCVG1Nd2Rra1RsVmI2YlJmVnVmb3FHYzloQmR0R0k2Sm1wQzJFd1Z2bFM3WTMwY2lmMStRNTJKSTlNUHpINW1idFErTGlLT2lQcjFiNTlObm93VWpFaU9ReG1nTmpGRm4rMXVyaVJjMHhDRWtDQ3pyaVl3TWtuMjduSFp5U25SRTgrU3V4NzhkdHZuM0ZycE44SWUxZjFVdFhZMzVLNnhYL1NnWVRIVllmWVNVc1RIM1pHUUYvLzF5a0FJdXU2SXpWbHV3Sk9ZWUJTRHp1eG1tOU5uK1B3RnFCeDI2NGdsclBMcTJDM2FwdFNMVERhdEh4eVBUVGxOT1dIMThDem5GdkdlS2NxaDZmcDdRd01QQ0hnRFFNOG93VE03aG4wdHFNN2p3WENvYURObjhLdXk5bkNyRUNvWUFxUjRXS2FhNnhtanliU2FVbEJ0Z29TMjFyK21PTXk2OVRpUE5CSi9VM0hMWWRSTDVINUxFeFk5NzgxQ3lmdmVySENiOGFIOEc5dlJmUnZtRXNTVkYxZ3JYeHJ2RVhwVm1Yakk4dUp2VkVZb1dFUTlvczY1YVlnampIYXpvTDVEbmNEKzdERWI0MUxtZzZQaENpN0hKaVJtRTZDVjNFY0V3cUhZOTNrakhNdDV5eFNlS2ROY3hxbGkvTU5pd2RFZUV1ZVhtSENDdVNUMzJ4cWQ2RjJhYk5kSzRSUFdmdEVZLzZYeUpmSFVMMWI5djhaVmpJSWVhQVlNVzBGRTh5ZVhIQS8yeHZYVEQzOFFNRDBoaVBpK0RQVCtwdFhjaGlwN0N1b0FqcWZhUEFqekV3eDFKTytNZDcwQWJtWUZvV3BKbDJ5N3JPOGFBVm9JWkZ0N1Z5ZTRySG1PSW1za0x4dElWaTI4Y00rcll3ejJuU1YwV29NZHAxbWFTQXVUZTBaZGM3SXFCNW1rcktMU3B4OE9ZMVdpN1lBQWh6VEs2Rm43cEN5ZmFyRk1RRk5RTGlyM2lack50VjNEQVlGYWZncjdPWm5rbUZPTFIrQ3FSWWVGbE9jL3NDZFhvU3p6bHVlRWtUTEhpRVhlREFzNGlVSCswdFl2WTU5anQ5aGZsbnduamRReG9GM2JoN0E1dGg0TFRwT1kyZkhVKzlLaTJjQ2dSTE9EMlB0S3FCdTdyZ3BOZVRiVm9mV2pFNVV6Y0JYa0N6U0JnTkhNWnFNSDlRNTJMQ2NUTTBqM2tmZmlvbk1wYTVRWjFhUEpUNzF5WnVTZXdiRWhlNUtaM1c0U20ydnFWVHovVTlUcFZYd3ZhdGVnRXFLbkZjYXN4VHgwaFlqc2tzVE80V3h1cjh0dHE4eDNPYmR5VTZuN0Y4dkpTbWF6Wkp4MHprYkxFT2t4UjQ4WWc1ays2ZWJjck05ZVY1LzRQdmdxOFRGSWpZQnBBTlM1U20ycWIxSE41eis5OGtXdlE1UzFPaFQva1RyZVpueEI4UTZhd3BCKytDMmM0cEtUYXBRSzY2WlFaVkk0RElYeEVDK3k1c3FaRjlTdzREUTNXY2YyeC9Rem9ISCtNZGdNb3FoVUFUWGV0K25lWUdXeXMxcnFHRkE1OFZkMlVYdDl5bkpGUTl1d01QWkNkNHRkZUo5NTdBRllJTEVwVzY4TGN2WHZ1aUxWelhvWSt0UGlaMERvM2tGUHZUaG9ZdUFTdWFURk1zT2YvUkVtOUJkNG1mcVlTL0VJaHZITURZSE9XQzZQb1BMUjgzdGhwL2pRMVEvZEZKdysvR3NsYjdUMk0wemJJQ3JWVUdRY2F5VGdnYk9NRnRJb29nQzBCL0F6TWYxdWxjd24yQnZFdjBMTitqbmY4MnBWUXpCUEthSDBZVUZGVUdra1YrTVNkdzZUcmI4dUZkbytnSDY2VzNMdU8yTmo5dmlhTUtyUU4ySzRjRmdrQkpOem5XNUpSNnJqTmwvTnFkVThEdExEL001MjZPK1ZKaCt6bDllODJSR0pOLzNpWXVoV2FtRlJBdndrQ29IZC92anhxUENKTmJMS0JONXlMZFBRR0Z5akV0a1RYaThQSzlKOW1ETWw5ZVVrZUllSkdNWEN0MHpxVTUrRVFGWC9qTDdQSm9ibjVod0VQbVRoZy9hRkxNSi9wcThWREhTTXAwaWM3L0pMTWl5a05jZG9mekRyczlRSzlNTkp5U2pzQUZ6V0pBcGlHd2Y2dUw3cFRKcWZTRXFIRGZJWWtFcTJMUHdSd3I5RUhIeWRmbnF1ak5HeUFtZkhvNlUvb0NOVE1qeENpVjluYm9US2N5SlRtaVZLUFU2Uy9wQ2FZZ0hkaVNmNWZKTGgzNkhnaVlsa2dTS0hwWVJCTzlFRjhSb0pOMEUzdEtjcUhES2VVS3VwRUtQRmVkeXZjUFZpbnZXd0hyM2g3a0l0b2lHLzN0bEdRS3gzZytSSWNwdGZzUmJORU5jQnprRDhZdGFEM2N5dEJYcVhFdVYxakJMOTNtY1N2aXFYb1IxLytEdCtIenJodHdmV3hFNEVtV3lrUXFQYWJwMEF0TmxkbE5xd2VsSDYxcVR6QkNvajdROW5MTVM4Rm0yWkUxUjRuMFI0NWg4dTQ3MmgxVitaUVhYenJrUk1XdU9hRDVIOHoyU2hTQitvU3NmUVZ4cjJFYkdwYnRpclpsYkZHazF2cHg4WDFjQnM5RHVnNnl2VEwyY29DY1IwOU1RT01wUmplTXdPZkNoV2pTOE5kV2ZlTXYvMkd4bzV5d2RMNUF2RWE3R1JPRCtBS1Jzdi9SWkJuQmpNazF3ZHptOHAvV1hMSGpMSUJlRFk0MC9lNnpRcGZBTGJNeVEyMVdnakRRc0ZXcE84QXdaQXcxRDkxaEo5NGEzTjdENk82WjJweGMvUFVPb2Q4VUhmcnUyRmlGWGJEaE8xL2Y4YnZmWHhNcFlUZjVsbzlxazczRG1veXU5WWh3NURkbmlyZEtReWM0VjhGZktIbWxvOEswQU9ydUpGckNabHJ5ZkkwMlc5UmNsME5iUmdOYTZiTGFjMGRWaVlTUm1DWG95NU9rYjJ0VkxCRWVYTlczTit0cG5OeUhvSnlwYy8wanlFeGhSdUVseVZDZHVXT2dTNTBlSlpiT0FWTWVWUWZCa0NibitMdktiQStOZzNCZEFFcjlHenowWEs4RzR2K2NYbFRwLzRnY2pxSUdMOTVuaGk0eEZyRnpJdHBkR3pWVWMvOHVMdlBOUjdaL2t5V01IcEkxb0lPOUxyMkVydmYxQjVRaXd3SEM2L2YvZmxhNWFpZ2FxcysreGhzcjR6ZHg5bnhqSWQ4akRieVMyL0xLM0xHWjl4VU5ldWljMExpdTUvd3JjOTkrS3dQRTdpa05vWml5WXdkc1VjUHMxRUxhUW9GaWtSSnJYN2ZSckQxTkNKaWdHVlRzTTF3Nk13YmZ4MTZmS1Z4MTlBb2N6QjBHeVNKYkZFd3RZSG5CZWNOaGJZWXVIWGVKNWl4QS9PeEU4bEJtN0xQaldOZW1VMDVVLzdOcjRadVZGenhSMTJXeDFpQTlNSmJxTUl6MUl6UVRTM1BqV2hjMDRXaVRobVJ6N3RqdUp1bmh5L3RVL0Q5a1Y5a3d0YkpOWVMvYlFIWmZrL1RhUHI5c05EMHRmTzVlb2NsRkZnbmdQTVQvK2pYcW5PQzFvNitqcTFGeUFBcXptckZpTEEzY1R1WktBa3RIcW92U1lNV29GUGhIT3FCVVZCTFJaaFFRWWdSUHRweE4xUmF2eFNmN2VjUmVxUGF5VmlWK2R1RHJFTjNUQXY5WGFJOHNUeWdrVU8rcG9xb0Nvd3hJTzQwNzZHeExPbzZuUFJjQWhwMUdob29zRS9GTEhZalNna2JIQmJDRFpCZ2NORG1EVXpnSUtzVy9sdnFaS0UzN3dKRUcxU1NpQk5CMnNWc3plek9SYUcxR2ZyeVRHS3BDS3pqb2I0WUVwOEhDQ2lKMGNDTFNHUGdoakRXMWlFTlZQUnZvYW1pL1FlUWhBQ1J6TDQ1VnZuMlN2Ly9tdFNMSDZZMFdRU0FLWDJGZHRBUDhXWHIzK2k2L29ab2hUQVFmTFdYVUh1MVlDWENSdi9vSjg2WndRR3E5SHYvWDNKbGpWVWNDa3ZEdGlFeE5WZ3liZGhOSkxEYkFYWndmYU5nZUp6aWUxWGwxTDhMdndzbDB5VEREVytSdTFFRmpDdm5TYWkreWxBbWN4NmE4ZDU3cytSeDZHMEFSMlhwUzdXZkR6Uk5BaStnLyszc0xUNkxZSS8vakdYK1lkd3BZMUpkTU9LUExEN3JabkRlaVdCTmpOSDRMbkpBZndHVTFscDI3TGJJTktDUjY3QnN1WC8wSVh4a2NPamdkQ0ZRZUFxTW01SzdzZSt4M0RxN0tXQ05Ka054MDNDU3paa3doU1krNTdnMUtxQmo0WmpWbWpRSHRGS3IrRlY5U0xwaFZnRGJHbVZRd1JjUFZjZUZkTE0vWkZ6Nko0clVlSTZEakV5bHM5cTJqN1JydXlySHA0cFowQnV6cWltblQvZUYwaUVia1JYZm9MKzlmYzdkMWU0S2E0eTZIVXNUQ1lDdHB0MkdxRGZBTnlncVhzcnUyMTRKR1lpT0JIbFpZNjhoT0gxaGlUQ1F6SVkwbmRGMlRpY2pUSmI5YXozd0lXMHkwWGpmazZ0dmxQNzhEM25JQkNKY3lqTWhQZStvckZXK1FJVW9wdGIzL3lCOWZ0MzNGMEVKNmV2ZVh1ZEdPWXdnSmhxaHZhVWRTaVdpR1pVZmlQNmNSZ1ExMC9OYmVpdVJpYml3dUlOSjd3alVzSTJ4WGZ1bExMN2srY0FSU2hsMFVyeEZqTmc4SmR2QmVDc1RtUyswMGlpTXdQSUFTc3dia0JyMWNMYVlNeHhQVU9RVzhORys5cnV6WHI4SjFDRW91bC9kVXNuUkdTY1M0dytFWERLMlI5Z0ZmVzRCZ2I1bUMxNHdYdXBmRFZ3Znd3TW9wdnZBTDBtMVBjYU5CZGszUTVPWU1qNzNjZE9uUG5SYzVvMWlqLytjWjFRY2hSMXdMQjJiQWxQTWxJQ3ArbTdtQkxHdHoxaTVlZmFjY2F1c0dYUnVIeEZGVno0T2NTZk1KNkp0Z1MyVEJLSHRieU0wYkNrODFWNFdJY3ZrQ21QZzI4QTI0eU9GK0Y2bFErRGJyRzNPelFvSnVQd2diN1NBMGhTQkxuK3RWbEtZVUVQN1BQclI1bG1Uem9WSzFTUU1LUDFVc09MNE5mSlMwQllpZ1NyOHc1UXFGYnEvd1JrZmVwUXh1L3l1bjN4RFBCQ0xyeWk0N29tTitGM09sNmVPNjg3UGMrL0ZtS0lDbXNHQTNKdU5tZUN4WkVacDkvWVRFYVlIdjhDanBCSzhESEpNMFJEV21LeXF0UkRkWUQyUWF4Ulh3eCs4eE9wV2VOOFovSFAvSHlrWHZpZkFudGUvYjZkOHc0dCtPQ2ZDcWYwNWROWlg3d3p0YzVWaEZVK1hGVVBJLzBFVGpkc3cxSjZ1WCtUMGpJeWdNNEYrblNMVDc5SlA2bmoxV1NtcXIwdUl5U20zUkUrS1kzR3YvdWFBVGRubUFLQWJSTGc4S2MvQTk4UTNDNEFhc05nUzBYZ1RtVVJoV0ZETUt4UE5IKzBNWmorT0dPOUtmVEpiZklMRWxrbUxtT0hYZ3BqeU5vemVhN0paZWxUU0ZkRXlqcnlneTR3OGZWMWN0NER4YzRwSkFDVWYzaytWZ3JTOHNOOUNYWDYzdG1INjY3dnlVNElLZUkwaXkyMzRXeDQyU0xaYXU3a2QxT3YxMlR5dEg2ZURuZlpPcXljUEZxYm9UWkNtVzFoMUJuL2FzZXJ1T3JNTEp3VHVTdktsc2l5enUzUmFhZzg2ZlJkcFNoVW8rWTJ5Z3hSdXo4bWlIazVjLzdJMkIzQ1VjNDNpMEdSdlhpUHMwV2trTkE1Q0NPemhDaEgzR05aa0NxY0JvWHBhNXo5OWRLc1hYR3FyVVNuV3BxcTM4MExYL2tpM1NJcE5mMkJWd3hNbDhlUEdlRmIyZEwzanRBUDl5NjhLdGdKWmRHZ2F1WndBbVNnbmFRaGZGRHU0WFF0cTNGUExteTdaT0lwazZDT2FsaVNKbkZtU1pxc2g1TFRxM0JMMzZSU0ZjY2hiNXJhSkZaTm9rZHoxWitMdlhuTko3TmhvZHVVcWF3amxNMERJNEJBQ2tNQVJYUDRYQldLcCtOSDh6dE00Qi9KZVdxZ3lSUlROU1BySWtuUm9sb1lPNW9RWG94M254cWlZZ1haM3BkcTV1K3ZWMlpEcWhTM3UyMzk1b0JJTGRBUnc5bWUrN3pVbjl0T0JubXFPVTFSNkE5MDVxZzNNT0htcUtPcGlpcVV6YkpSdlJ1NW5FU1B2SXpDbEFjaFR0L3ZLc1gzem95Wk9iZE10a1lLZTRmQXpMSHQ1ZEpSc2lFPSIgQ29ycmVsYXRpb25CaW5kaW5nPSIiIFVybEVuY29kZT0iVHJ1ZSIgLz4NCiAgICAgICAgPEZvcm1Qb3N0UGFyYW1ldGVyIE5hbWU9Ik9URW1wSUQiIFZhbHVlPSJyYnRTaW5nbGVFbXBJRCIgUmVjb3JkZWRWYWx1ZT0icmJ0U2luZ2xlRW1wSUQiIENvcnJlbGF0aW9uQmluZGluZz0ie3tGb3JtUG9zdFBhcmFtMTA5Lk9URW1wSUR9fSIgVXJsRW5jb2RlPSJUcnVlIiAvPg0KICAgICAgICA8Rm9ybVBvc3RQYXJhbWV0ZXIgTmFtZT0idHh0T1RFbXBJRCIgVmFsdWU9IjEwMjExOSIgUmVjb3JkZWRWYWx1ZT0iMTAyMTE5IiBDb3JyZWxhdGlvbkJpbmRpbmc9Int7Rm9ybVBvc3RQYXJhbTExMC50eHRPVEVtcElEfX0iIFVybEVuY29kZT0iVHJ1ZSIgLz4NCiAgICAgICAgPEZvcm1Qb3N0UGFyYW1ldGVyIE5hbWU9InR4dE9URW1wTmFtZSIgVmFsdWU9IuW7lk/nvqkiIFJlY29yZGVkVmFsdWU9IuW7lk/nvqkiIENvcnJlbGF0aW9uQmluZGluZz0ie3tGb3JtUG9zdFBhcmFtMTExLnR4dE9URW1wTmFtZX19IiBVcmxFbmNvZGU9IlRydWUiIC8+DQogICAgICAgIDxGb3JtUG9zdFBhcmFtZXRlciBOYW1lPSJ1Y0RhdGVTdGFydCR0eHREYXRlIiBWYWx1ZT0iMjAxNy8wNS8xNiIgUmVjb3JkZWRWYWx1ZT0iMjAxNy8wNS8xNiIgQ29ycmVsYXRpb25CaW5kaW5nPSJ7e0Zvcm1Qb3N0UGFyYW0xMTIudWNEYXRlU3RhcnQkdHh0RGF0ZX19IiBVcmxFbmNvZGU9IlRydWUiIC8+DQogICAgICAgIDxGb3JtUG9zdFBhcmFtZXRlciBOYW1lPSJ1Y0RhdGVFbmQkdHh0RGF0ZSIgVmFsdWU9IjIwMTcvMDUvMTYiIFJlY29yZGVkVmFsdWU9IjIwMTcvMDUvMTYiIENvcnJlbGF0aW9uQmluZGluZz0ie3tGb3JtUG9zdFBhcmFtMTEzLnVjRGF0ZUVuZCR0eHREYXRlfX0iIFVybEVuY29kZT0iVHJ1ZSIgLz4NCiAgICAgICAgPEZvcm1Qb3N0UGFyYW1ldGVyIE5hbWU9Ik9UVGltZVN0YXJ0JGRkbEhIIiBWYWx1ZT0iMDAiIFJlY29yZGVkVmFsdWU9IjAwIiBDb3JyZWxhdGlvbkJpbmRpbmc9Int7Rm9ybVBvc3RQYXJhbTExNi5PVFRpbWVTdGFydCRkZGxISH19IiBVcmxFbmNvZGU9IlRydWUiIC8+DQogICAgICAgIDxGb3JtUG9zdFBhcmFtZXRlciBOYW1lPSJPVFRpbWVTdGFydCRkZGxNTSIgVmFsdWU9Iuiri+mBuOaThyIgUmVjb3JkZWRWYWx1ZT0i6KuL6YG45pOHIiBDb3JyZWxhdGlvbkJpbmRpbmc9Int7Rm9ybVBvc3RQYXJhbTExNy5PVFRpbWVTdGFydCRkZGxNTX19IiBVcmxFbmNvZGU9IlRydWUiIC8+DQogICAgICAgIDxGb3JtUG9zdFBhcmFtZXRlciBOYW1lPSJPVFRpbWVFbmQkZGRsSEgiIFZhbHVlPSLoq4vpgbjmk4ciIFJlY29yZGVkVmFsdWU9Iuiri+mBuOaThyIgQ29ycmVsYXRpb25CaW5kaW5nPSJ7e0Zvcm1Qb3N0UGFyYW0xMTguT1RUaW1lRW5kJGRkbEhIfX0iIFVybEVuY29kZT0iVHJ1ZSIgLz4NCiAgICAgICAgPEZvcm1Qb3N0UGFyYW1ldGVyIE5hbWU9Ik9UVGltZUVuZCRkZGxNTSIgVmFsdWU9Iuiri+mBuOaThyIgUmVjb3JkZWRWYWx1ZT0i6KuL6YG45pOHIiBDb3JyZWxhdGlvbkJpbmRpbmc9Int7Rm9ybVBvc3RQYXJhbTExOS5PVFRpbWVFbmQkZGRsTU19fSIgVXJsRW5jb2RlPSJUcnVlIiAvPg0KICAgICAgICA8Rm9ybVBvc3RQYXJhbWV0ZXIgTmFtZT0iY2hrTWVhbEZsYWciIFZhbHVlPSJvbiIgUmVjb3JkZWRWYWx1ZT0ib24iIENvcnJlbGF0aW9uQmluZGluZz0iIiBVcmxFbmNvZGU9IlRydWUiIC8+DQogICAgICAgIDxGb3JtUG9zdFBhcmFtZXRlciBOYW1lPSJ0eHRNZWFsVGltZSIgVmFsdWU9IjAiIFJlY29yZGVkVmFsdWU9IjAiIENvcnJlbGF0aW9uQmluZGluZz0ie3tGb3JtUG9zdFBhcmFtMTE0LnR4dE1lYWxUaW1lfX0iIFVybEVuY29kZT0iVHJ1ZSIgLz4NCiAgICAgICAgPEZvcm1Qb3N0UGFyYW1ldGVyIE5hbWU9ImRkbE9UVHlwZUlEIiBWYWx1ZT0iMCIgUmVjb3JkZWRWYWx1ZT0iMCIgQ29ycmVsYXRpb25CaW5kaW5nPSJ7e0Zvcm1Qb3N0UGFyYW0xMjAuZGRsT1RUeXBlSUR9fSIgVXJsRW5jb2RlPSJUcnVlIiAvPg0KICAgICAgICA8Rm9ybVBvc3RQYXJhbWV0ZXIgTmFtZT0idHh0T1RSZWFzb25NZW1vJHR4dERhdGEiIFZhbHVlPSIiIFJlY29yZGVkVmFsdWU9IiIgQ29ycmVsYXRpb25CaW5kaW5nPSIiIFVybEVuY29kZT0iVHJ1ZSIgLz4NCiAgICAgICAgPEZvcm1Qb3N0UGFyYW1ldGVyIE5hbWU9ImRkbE9yZyIgVmFsdWU9IjEiIFJlY29yZGVkVmFsdWU9IjEiIENvcnJlbGF0aW9uQmluZGluZz0ie3tGb3JtUG9zdFBhcmFtMTIxLmRkbE9yZ319IiBVcmxFbmNvZGU9IlRydWUiIC8+DQogICAgICAgIDxGb3JtUG9zdFBhcmFtZXRlciBOYW1lPSJ1Y0Nhc2NhZGluZ0Ryb3BEb3duMSRkZGwwMiIgVmFsdWU9IjAwMEcwMCIgUmVjb3JkZWRWYWx1ZT0iMDAwRzAwIiBDb3JyZWxhdGlvbkJpbmRpbmc9Int7Rm9ybVBvc3RQYXJhbTEyMi51Y0Nhc2NhZGluZ0Ryb3BEb3duMSRkZGwwMn19IiBVcmxFbmNvZGU9IlRydWUiIC8+DQogICAgICAgIDxGb3JtUG9zdFBhcmFtZXRlciBOYW1lPSJ1Y0Nhc2NhZGluZ0Ryb3BEb3duMSRkZGwwMyIgVmFsdWU9IjAwMEc5MCIgUmVjb3JkZWRWYWx1ZT0iMDAwRzkwIiBDb3JyZWxhdGlvbkJpbmRpbmc9Int7Rm9ybVBvc3RQYXJhbTEyMy51Y0Nhc2NhZGluZ0Ryb3BEb3duMSRkZGwwM319IiBVcmxFbmNvZGU9IlRydWUiIC8+DQogICAgICAgIDxGb3JtUG9zdFBhcmFtZXRlciBOYW1lPSJ1Y0Nhc2NhZGluZ0Ryb3BEb3duMSRkZGwwNCIgVmFsdWU9IiIgUmVjb3JkZWRWYWx1ZT0iIiBDb3JyZWxhdGlvbkJpbmRpbmc9IiIgVXJsRW5jb2RlPSJUcnVlIiAvPg0KICAgICAgICA8Rm9ybVBvc3RQYXJhbWV0ZXIgTmFtZT0idWNDYXNjYWRpbmdEcm9wRG93bjEkQ2FzY2FkaW5nRHJvcERvd24xX0NsaWVudFN0YXRlIiBWYWx1ZT0iU1BIQksxOjo65rC46LGQ6YqA6KGMOjo6IiBSZWNvcmRlZFZhbHVlPSJTUEhCSzE6OjrmsLjosZDpioDooYw6OjoiIENvcnJlbGF0aW9uQmluZGluZz0iIiBVcmxFbmNvZGU9IlRydWUiIC8+DQogICAgICAgIDxGb3JtUG9zdFBhcmFtZXRlciBOYW1lPSJ1Y0Nhc2NhZGluZ0Ryb3BEb3duMSRDYXNjYWRpbmdEcm9wRG93bjJfQ2xpZW50U3RhdGUiIFZhbHVlPSIwMDBHMDA6Ojrkurrlipvos4fmupDomZU6OjoiIFJlY29yZGVkVmFsdWU9IjAwMEcwMDo6OuS6uuWKm+izh+a6kOiZlTo6OiIgQ29ycmVsYXRpb25CaW5kaW5nPSIiIFVybEVuY29kZT0iVHJ1ZSIgLz4NCiAgICAgICAgPEZvcm1Qb3N0UGFyYW1ldGVyIE5hbWU9InVjQ2FzY2FkaW5nRHJvcERvd24xJENhc2NhZGluZ0Ryb3BEb3duM19DbGllbnRTdGF0ZSIgVmFsdWU9IjAwMEc5MDo6OuS6uuizh+aVuOaTmuaHieeUqOenkTo6OiIgUmVjb3JkZWRWYWx1ZT0iMDAwRzkwOjo65Lq66LOH5pW45pOa5oeJ55So56eROjo6IiBDb3JyZWxhdGlvbkJpbmRpbmc9IiIgVXJsRW5jb2RlPSJUcnVlIiAvPg0KICAgICAgICA8Rm9ybVBvc3RQYXJhbWV0ZXIgTmFtZT0idWNDYXNjYWRpbmdEcm9wRG93bjEkQ2FzY2FkaW5nRHJvcERvd240X0NsaWVudFN0YXRlIiBWYWx1ZT0iOjo6Ojo6IiBSZWNvcmRlZFZhbHVlPSI6Ojo6OjoiIENvcnJlbGF0aW9uQmluZGluZz0iIiBVcmxFbmNvZGU9IlRydWUiIC8+DQogICAgICAgIDxGb3JtUG9zdFBhcmFtZXRlciBOYW1lPSJ1Y0Nhc2NhZGluZ0Ryb3BEb3duMSRDYXNjYWRpbmdEcm9wRG93bjVfQ2xpZW50U3RhdGUiIFZhbHVlPSJ7eyRISURERU4xLnVjQ2FzY2FkaW5nRHJvcERvd24xJENhc2NhZGluZ0Ryb3BEb3duNV9DbGllbnRTdGF0ZX19IiBSZWNvcmRlZFZhbHVlPSIiIENvcnJlbGF0aW9uQmluZGluZz0iIiBVcmxFbmNvZGU9IlRydWUiIC8+DQogICAgICAgIDxGb3JtUG9zdFBhcmFtZXRlciBOYW1lPSJ1Y0Nhc2NhZGluZ0Ryb3BEb3duMiRDYXNjYWRpbmdEcm9wRG93bjFfQ2xpZW50U3RhdGUiIFZhbHVlPSI6Ojo6OjoiIFJlY29yZGVkVmFsdWU9Ijo6Ojo6OiIgQ29ycmVsYXRpb25CaW5kaW5nPSIiIFVybEVuY29kZT0iVHJ1ZSIgLz4NCiAgICAgICAgPEZvcm1Qb3N0UGFyYW1ldGVyIE5hbWU9InVjQ2FzY2FkaW5nRHJvcERvd24yJENhc2NhZGluZ0Ryb3BEb3duMl9DbGllbnRTdGF0ZSIgVmFsdWU9Ijo6Ojo6OiIgUmVjb3JkZWRWYWx1ZT0iOjo6Ojo6IiBDb3JyZWxhdGlvbkJpbmRpbmc9IiIgVXJsRW5jb2RlPSJUcnVlIiAvPg0KICAgICAgICA8Rm9ybVBvc3RQYXJhbWV0ZXIgTmFtZT0idWNDYXNjYWRpbmdEcm9wRG93bjIkQ2FzY2FkaW5nRHJvcERvd24zX0NsaWVudFN0YXRlIiBWYWx1ZT0iOjo6Ojo6IiBSZWNvcmRlZFZhbHVlPSI6Ojo6OjoiIENvcnJlbGF0aW9uQmluZGluZz0iIiBVcmxFbmNvZGU9IlRydWUiIC8+DQogICAgICAgIDxGb3JtUG9zdFBhcmFtZXRlciBOYW1lPSJ1Y0Nhc2NhZGluZ0Ryb3BEb3duMiRDYXNjYWRpbmdEcm9wRG93bjRfQ2xpZW50U3RhdGUiIFZhbHVlPSJ7eyRISURERU4xLnVjQ2FzY2FkaW5nRHJvcERvd24yJENhc2NhZGluZ0Ryb3BEb3duNF9DbGllbnRTdGF0ZX19IiBSZWNvcmRlZFZhbHVlPSIiIENvcnJlbGF0aW9uQmluZGluZz0iIiBVcmxFbmNvZGU9IlRydWUiIC8+DQogICAgICAgIDxGb3JtUG9zdFBhcmFtZXRlciBOYW1lPSJ1Y0Nhc2NhZGluZ0Ryb3BEb3duMiRDYXNjYWRpbmdEcm9wRG93bjVfQ2xpZW50U3RhdGUiIFZhbHVlPSJ7eyRISURERU4xLnVjQ2FzY2FkaW5nRHJvcERvd24yJENhc2NhZGluZ0Ryb3BEb3duNV9DbGllbnRTdGF0ZX19IiBSZWNvcmRlZFZhbHVlPSIiIENvcnJlbGF0aW9uQmluZGluZz0iIiBVcmxFbmNvZGU9IlRydWUiIC8+DQogICAgICAgIDxGb3JtUG9zdFBhcmFtZXRlciBOYW1lPSJmcmFtZUF0dGFjaCIgVmFsdWU9Ii9VdGlsL0F0dGFjaEFkbWluLmFzcHg/QXR0YWNoREI9QWF0dGVuZGFudERCX0lUUkQmYW1wO0F0dGFjaElEPXRlc3QxMDIxMTlkNzkyZGRjOC0xZjBjLTRiZTYtYmEwNi0xYmQ1MjgwY2IyOWEmYW1wO0F0dGFjaEZpbGVNYXhRdHk9MSZhbXA7QXR0YWNoRmlsZU1heEtCPTMwNzImYW1wO0F0dGFjaEZpbGVUb3RLQj0zMDcyJmFtcDtBdHRhY2hGaWxlRXh0TGlzdD0iIFJlY29yZGVkVmFsdWU9Ii9VdGlsL0F0dGFjaEFkbWluLmFzcHg/QXR0YWNoREI9QWF0dGVuZGFudERCX0lUUkQmYW1wO0F0dGFjaElEPXRlc3QxMDIxMTlkNzkyZGRjOC0xZjBjLTRiZTYtYmEwNi0xYmQ1MjgwY2IyOWEmYW1wO0F0dGFjaEZpbGVNYXhRdHk9MSZhbXA7QXR0YWNoRmlsZU1heEtCPTMwNzImYW1wO0F0dGFjaEZpbGVUb3RLQj0zMDcyJmFtcDtBdHRhY2hGaWxlRXh0TGlzdD0iIENvcnJlbGF0aW9uQmluZGluZz0iIiBVcmxFbmNvZGU9IlRydWUiIC8+DQogICAgICAgIDxGb3JtUG9zdFBhcmFtZXRlciBOYW1lPSJ1Y01vZGFsUG9wdXAxJENsaWVudFdpZHRoIiBWYWx1ZT0ie3skSElEREVOMS51Y01vZGFsUG9wdXAxJENsaWVudFdpZHRofX0iIFJlY29yZGVkVmFsdWU9IjAiIENvcnJlbGF0aW9uQmluZGluZz0iIiBVcmxFbmNvZGU9IlRydWUiIC8+DQogICAgICAgIDxGb3JtUG9zdFBhcmFtZXRlciBOYW1lPSJ1Y01vZGFsUG9wdXAxJENsaWVudEhlaWdodCIgVmFsdWU9Int7JEhJRERFTjEudWNNb2RhbFBvcHVwMSRDbGllbnRIZWlnaHR9fSIgUmVjb3JkZWRWYWx1ZT0iMCIgQ29ycmVsYXRpb25CaW5kaW5nPSIiIFVybEVuY29kZT0iVHJ1ZSIgLz4NCiAgICAgICAgPEZvcm1Qb3N0UGFyYW1ldGVyIE5hbWU9ImhpZGRlbklucHV0VG9VcGRhdGVBVEJ1ZmZlcl9Db21tb25Ub29sa2l0U2NyaXB0cyIgVmFsdWU9IjAiIFJlY29yZGVkVmFsdWU9IjAiIENvcnJlbGF0aW9uQmluZGluZz0ie3tGb3JtUG9zdFBhcmFtMTI0LmhpZGRlbklucHV0VG9VcGRhdGVBVEJ1ZmZlcl9Db21tb25Ub29sa2l0U2NyaXB0c319IiBVcmxFbmNvZGU9IlRydWUiIC8+DQogICAgICA8L0Zvcm1Qb3N0SHR0cEJvZHk+DQogICAgPC9SZXF1ZXN0Pg0KICAgIDxSZXF1ZXN0IE1ldGhvZD0iUE9TVCIgR3VpZD0iMWYzM2RlMGEtYjIyNS00ZWU3LWI1MDMtMGUyODA5NWU2NWM2IiBWZXJzaW9uPSIxLjEiIFVybD0iaHR0cDovLzEwLjExLjM2LjExNDo4MDA3L092ZXJUaW1lL092ZXJ0aW1lUHJlT3JkZXJfQWRkLmFzcHgiIFRoaW5rVGltZT0iMCIgVGltZW91dD0iMzAwIiBQYXJzZURlcGVuZGVudFJlcXVlc3RzPSJUcnVlIiBGb2xsb3dSZWRpcmVjdHM9IlRydWUiIFJlY29yZFJlc3VsdD0iVHJ1ZSIgQ2FjaGU9IkZhbHNlIiBSZXNwb25zZVRpbWVHb2FsPSIwIiBFbmNvZGluZz0idXRmLTgiIEV4cGVjdGVkSHR0cFN0YXR1c0NvZGU9IjAiIEV4cGVjdGVkUmVzcG9uc2VVcmw9IiIgUmVwb3J0aW5nTmFtZT0iIiBJZ25vcmVIdHRwU3RhdHVzQ29kZT0iRmFsc2UiPg0KICAgICAgPEV4dHJhY3Rpb25SdWxlcz4NCiAgICAgICAgPEV4dHJhY3Rpb25SdWxlIENsYXNzbmFtZT0iTWljcm9zb2Z0LlZpc3VhbFN0dWRpby5UZXN0VG9vbHMuV2ViVGVzdGluZy5SdWxlcy5FeHRyYWN0SGlkZGVuRmllbGRzLCBNaWNyb3NvZnQuVmlzdWFsU3R1ZGlvLlF1YWxpdHlUb29scy5XZWJUZXN0RnJhbWV3b3JrLCBWZXJzaW9uPTEwLjAuMC4wLCBDdWx0dXJlPW5ldXRyYWwsIFB1YmxpY0tleVRva2VuPWIwM2Y1ZjdmMTFkNTBhM2EiIFZhcmlhYmxlTmFtZT0iMSIgRGlzcGxheU5hbWU9IuaTt+WPlumaseiXj+ashOS9jSIgRGVzY3JpcHRpb249IuaTt+WPluWbnuaHieS4reeahOaJgOaciemaseiXj+ashOS9je+8jOS4puWwh+Wug+WAkeaUvuWcqOa4rOippuWFp+WuueS4reOAgiI+DQogICAgICAgICAgPFJ1bGVQYXJhbWV0ZXJzPg0KICAgICAgICAgICAgPFJ1bGVQYXJhbWV0ZXIgTmFtZT0iUmVxdWlyZWQiIFZhbHVlPSJUcnVlIiAvPg0KICAgICAgICAgICAgPFJ1bGVQYXJhbWV0ZXIgTmFtZT0iSHRtbERlY29kZSIgVmFsdWU9IlRydWUiIC8+DQogICAgICAgICAgPC9SdWxlUGFyYW1ldGVycz4NCiAgICAgICAgPC9FeHRyYWN0aW9uUnVsZT4NCiAgICAgIDwvRXh0cmFjdGlvblJ1bGVzPg0KICAgICAgPENvcnJlbGF0aW9uRXh0cmFjdGlvblJ1bGVzPg0KICAgICAgICA8RXh0cmFjdGlvblJ1bGUgQ2xhc3NuYW1lPSJNaWNyb3NvZnQuVmlzdWFsU3R1ZGlvLlRlc3RUb29scy5XZWJUZXN0aW5nLlJ1bGVzLkV4dHJhY3RGb3JtRmllbGQsIE1pY3Jvc29mdC5WaXN1YWxTdHVkaW8uUXVhbGl0eVRvb2xzLldlYlRlc3RGcmFtZXdvcmssIFZlcnNpb249MTAuMC4wLjAsIEN1bHR1cmU9bmV1dHJhbCwgUHVibGljS2V5VG9rZW49YjAzZjVmN2YxMWQ1MGEzYSIgVmFyaWFibGVOYW1lPSJGb3JtUG9zdFBhcmFtNzguT1RFbXBJRCIgRGlzcGxheU5hbWU9IiIgRGVzY3JpcHRpb249IiI+DQogICAgICAgICAgPFJ1bGVQYXJhbWV0ZXJzPg0KICAgICAgICAgICAgPFJ1bGVQYXJhbWV0ZXIgTmFtZT0iTmFtZSIgVmFsdWU9InJidFNpbmdsZUVtcElEIiAvPg0KICAgICAgICAgICAgPFJ1bGVQYXJhbWV0ZXIgTmFtZT0iSHRtbERlY29kZSIgVmFsdWU9IlRydWUiIC8+DQogICAgICAgICAgICA8UnVsZVBhcmFtZXRlciBOYW1lPSJSZXF1aXJlZCIgVmFsdWU9IkZhbHNlIiAvPg0KICAgICAgICAgICAgPFJ1bGVQYXJhbWV0ZXIgTmFtZT0iSW5kZXgiIFZhbHVlPSIwIiAvPg0KICAgICAgICAgIDwvUnVsZVBhcmFtZXRlcnM+DQogICAgICAgIDwvRXh0cmFjdGlvblJ1bGU+DQogICAgICAgIDxFeHRyYWN0aW9uUnVsZSBDbGFzc25hbWU9Ik1pY3Jvc29mdC5WaXN1YWxTdHVkaW8uVGVzdFRvb2xzLldlYlRlc3RpbmcuUnVsZXMuRXh0cmFjdEZvcm1GaWVsZCwgTWljcm9zb2Z0LlZpc3VhbFN0dWRpby5RdWFsaXR5VG9vbHMuV2ViVGVzdEZyYW1ld29yaywgVmVyc2lvbj0xMC4wLjAuMCwgQ3VsdHVyZT1uZXV0cmFsLCBQdWJsaWNLZXlUb2tlbj1iMDNmNWY3ZjExZDUwYTNhIiBWYXJpYWJsZU5hbWU9IkZvcm1Qb3N0UGFyYW03OS50eHRPVEVtcElEIiBEaXNwbGF5TmFtZT0iIiBEZXNjcmlwdGlvbj0iIj4NCiAgICAgICAgICA8UnVsZVBhcmFtZXRlcnM+DQogICAgICAgICAgICA8UnVsZVBhcmFtZXRlciBOYW1lPSJOYW1lIiBWYWx1ZT0idHh0T1RFbXBJRCIgLz4NCiAgICAgICAgICAgIDxSdWxlUGFyYW1ldGVyIE5hbWU9Ikh0bWxEZWNvZGUiIFZhbHVlPSJUcnVlIiAvPg0KICAgICAgICAgICAgPFJ1bGVQYXJhbWV0ZXIgTmFtZT0iUmVxdWlyZWQiIFZhbHVlPSJGYWxzZSIgLz4NCiAgICAgICAgICAgIDxSdWxlUGFyYW1ldGVyIE5hbWU9IkluZGV4IiBWYWx1ZT0iMCIgLz4NCiAgICAgICAgICA8L1J1bGVQYXJhbWV0ZXJzPg0KICAgICAgICA8L0V4dHJhY3Rpb25SdWxlPg0KICAgICAgICA8RXh0cmFjdGlvblJ1bGUgQ2xhc3NuYW1lPSJNaWNyb3NvZnQuVmlzdWFsU3R1ZGlvLlRlc3RUb29scy5XZWJUZXN0aW5nLlJ1bGVzLkV4dHJhY3RGb3JtRmllbGQsIE1pY3Jvc29mdC5WaXN1YWxTdHVkaW8uUXVhbGl0eVRvb2xzLldlYlRlc3RGcmFtZXdvcmssIFZlcnNpb249MTAuMC4wLjAsIEN1bHR1cmU9bmV1dHJhbCwgUHVibGljS2V5VG9rZW49YjAzZjVmN2YxMWQ1MGEzYSIgVmFyaWFibGVOYW1lPSJGb3JtUG9zdFBhcmFtODAudHh0T1RFbXBOYW1lIiBEaXNwbGF5TmFtZT0iIiBEZXNjcmlwdGlvbj0iIj4NCiAgICAgICAgICA8UnVsZVBhcmFtZXRlcnM+DQogICAgICAgICAgICA8UnVsZVBhcmFtZXRlciBOYW1lPSJOYW1lIiBWYWx1ZT0idHh0T1RFbXBOYW1lIiAvPg0KICAgICAgICAgICAgPFJ1bGVQYXJhbWV0ZXIgTmFtZT0iSHRtbERlY29kZSIgVmFsdWU9IlRydWUiIC8+DQogICAgICAgICAgICA8UnVsZVBhcmFtZXRlciBOYW1lPSJSZXF1aXJlZCIgVmFsdWU9IkZhbHNlIiAvPg0KICAgICAgICAgICAgPFJ1bGVQYXJhbWV0ZXIgTmFtZT0iSW5kZXgiIFZhbHVlPSIwIiAvPg0KICAgICAgICAgIDwvUnVsZVBhcmFtZXRlcnM+DQogICAgICAgIDwvRXh0cmFjdGlvblJ1bGU+DQogICAgICAgIDxFeHRyYWN0aW9uUnVsZSBDbGFzc25hbWU9Ik1pY3Jvc29mdC5WaXN1YWxTdHVkaW8uVGVzdFRvb2xzLldlYlRlc3RpbmcuUnVsZXMuRXh0cmFjdEZvcm1GaWVsZCwgTWljcm9zb2Z0LlZpc3VhbFN0dWRpby5RdWFsaXR5VG9vbHMuV2ViVGVzdEZyYW1ld29yaywgVmVyc2lvbj0xMC4wLjAuMCwgQ3VsdHVyZT1uZXV0cmFsLCBQdWJsaWNLZXlUb2tlbj1iMDNmNWY3ZjExZDUwYTNhIiBWYXJpYWJsZU5hbWU9IkZvcm1Qb3N0UGFyYW04MS51Y0RhdGVTdGFydCR0eHREYXRlIiBEaXNwbGF5TmFtZT0iIiBEZXNjcmlwdGlvbj0iIj4NCiAgICAgICAgICA8UnVsZVBhcmFtZXRlcnM+DQogICAgICAgICAgICA8UnVsZVBhcmFtZXRlciBOYW1lPSJOYW1lIiBWYWx1ZT0idWNEYXRlU3RhcnRfdHh0RGF0ZSIgLz4NCiAgICAgICAgICAgIDxSdWxlUGFyYW1ldGVyIE5hbWU9Ikh0bWxEZWNvZGUiIFZhbHVlPSJUcnVlIiAvPg0KICAgICAgICAgICAgPFJ1bGVQYXJhbWV0ZXIgTmFtZT0iUmVxdWlyZWQiIFZhbHVlPSJGYWxzZSIgLz4NCiAgICAgICAgICAgIDxSdWxlUGFyYW1ldGVyIE5hbWU9IkluZGV4IiBWYWx1ZT0iMCIgLz4NCiAgICAgICAgICA8L1J1bGVQYXJhbWV0ZXJzPg0KICAgICAgICA8L0V4dHJhY3Rpb25SdWxlPg0KICAgICAgICA8RXh0cmFjdGlvblJ1bGUgQ2xhc3NuYW1lPSJNaWNyb3NvZnQuVmlzdWFsU3R1ZGlvLlRlc3RUb29scy5XZWJUZXN0aW5nLlJ1bGVzLkV4dHJhY3RGb3JtRmllbGQsIE1pY3Jvc29mdC5WaXN1YWxTdHVkaW8uUXVhbGl0eVRvb2xzLldlYlRlc3RGcmFtZXdvcmssIFZlcnNpb249MTAuMC4wLjAsIEN1bHR1cmU9bmV1dHJhbCwgUHVibGljS2V5VG9rZW49YjAzZjVmN2YxMWQ1MGEzYSIgVmFyaWFibGVOYW1lPSJGb3JtUG9zdFBhcmFtODIudWNEYXRlRW5kJHR4dERhdGUiIERpc3BsYXlOYW1lPSIiIERlc2NyaXB0aW9uPSIiPg0KICAgICAgICAgIDxSdWxlUGFyYW1ldGVycz4NCiAgICAgICAgICAgIDxSdWxlUGFyYW1ldGVyIE5hbWU9Ik5hbWUiIFZhbHVlPSJ1Y0RhdGVFbmRfdHh0RGF0ZSIgLz4NCiAgICAgICAgICAgIDxSdWxlUGFyYW1ldGVyIE5hbWU9Ikh0bWxEZWNvZGUiIFZhbHVlPSJUcnVlIiAvPg0KICAgICAgICAgICAgPFJ1bGVQYXJhbWV0ZXIgTmFtZT0iUmVxdWlyZWQiIFZhbHVlPSJGYWxzZSIgLz4NCiAgICAgICAgICAgIDxSdWxlUGFyYW1ldGVyIE5hbWU9IkluZGV4IiBWYWx1ZT0iMCIgLz4NCiAgICAgICAgICA8L1J1bGVQYXJhbWV0ZXJzPg0KICAgICAgICA8L0V4dHJhY3Rpb25SdWxlPg0KICAgICAgICA8RXh0cmFjdGlvblJ1bGUgQ2xhc3NuYW1lPSJNaWNyb3NvZnQuVmlzdWFsU3R1ZGlvLlRlc3RUb29scy5XZWJUZXN0aW5nLlJ1bGVzLkV4dHJhY3RGb3JtRmllbGQsIE1pY3Jvc29mdC5WaXN1YWxTdHVkaW8uUXVhbGl0eVRvb2xzLldlYlRlc3RGcmFtZXdvcmssIFZlcnNpb249MTAuMC4wLjAsIEN1bHR1cmU9bmV1dHJhbCwgUHVibGljS2V5VG9rZW49YjAzZjVmN2YxMWQ1MGEzYSIgVmFyaWFibGVOYW1lPSJGb3JtUG9zdFBhcmFtODMudHh0TWVhbFRpbWUiIERpc3BsYXlOYW1lPSIiIERlc2NyaXB0aW9uPSIiPg0KICAgICAgICAgIDxSdWxlUGFyYW1ldGVycz4NCiAgICAgICAgICAgIDxSdWxlUGFyYW1ldGVyIE5hbWU9Ik5hbWUiIFZhbHVlPSJ0eHRNZWFsVGltZSIgLz4NCiAgICAgICAgICAgIDxSdWxlUGFyYW1ldGVyIE5hbWU9Ikh0bWxEZWNvZGUiIFZhbHVlPSJUcnVlIiAvPg0KICAgICAgICAgICAgPFJ1bGVQYXJhbWV0ZXIgTmFtZT0iUmVxdWlyZWQiIFZhbHVlPSJGYWxzZSIgLz4NCiAgICAgICAgICAgIDxSdWxlUGFyYW1ldGVyIE5hbWU9IkluZGV4IiBWYWx1ZT0iMCIgLz4NCiAgICAgICAgICA8L1J1bGVQYXJhbWV0ZXJzPg0KICAgICAgICA8L0V4dHJhY3Rpb25SdWxlPg0KICAgICAgICA8RXh0cmFjdGlvblJ1bGUgQ2xhc3NuYW1lPSJNaWNyb3NvZnQuVmlzdWFsU3R1ZGlvLlRlc3RUb29scy5XZWJUZXN0aW5nLlJ1bGVzLkV4dHJhY3RUZXh0LCBNaWNyb3NvZnQuVmlzdWFsU3R1ZGlvLlF1YWxpdHlUb29scy5XZWJUZXN0RnJhbWV3b3JrLCBWZXJzaW9uPTEwLjAuMC4wLCBDdWx0dXJlPW5ldXRyYWwsIFB1YmxpY0tleVRva2VuPWIwM2Y1ZjdmMTFkNTBhM2EiIFZhcmlhYmxlTmFtZT0iRm9ybVBvc3RQYXJhbTg0Ll9fRVZFTlRUQVJHRVQiIERpc3BsYXlOYW1lPSIiIERlc2NyaXB0aW9uPSIiPg0KICAgICAgICAgIDxSdWxlUGFyYW1ldGVycz4NCiAgICAgICAgICAgIDxSdWxlUGFyYW1ldGVyIE5hbWU9IlN0YXJ0c1dpdGgiIFZhbHVlPSJhbWU9JnF1b3Q7IiAvPg0KICAgICAgICAgICAgPFJ1bGVQYXJhbWV0ZXIgTmFtZT0iRW5kc1dpdGgiIFZhbHVlPSImcXVvdDsgb25jIiAvPg0KICAgICAgICAgICAgPFJ1bGVQYXJhbWV0ZXIgTmFtZT0iSW5kZXgiIFZhbHVlPSIzMyIgLz4NCiAgICAgICAgICAgIDxSdWxlUGFyYW1ldGVyIE5hbWU9Iklnbm9yZUNhc2UiIFZhbHVlPSJGYWxzZSIgLz4NCiAgICAgICAgICAgIDxSdWxlUGFyYW1ldGVyIE5hbWU9IlVzZVJlZ3VsYXJFeHByZXNzaW9uIiBWYWx1ZT0iRmFsc2UiIC8+DQogICAgICAgICAgICA8UnVsZVBhcmFtZXRlciBOYW1lPSJIdG1sRGVjb2RlIiBWYWx1ZT0iVHJ1ZSIgLz4NCiAgICAgICAgICAgIDxSdWxlUGFyYW1ldGVyIE5hbWU9IlJlcXVpcmVkIiBWYWx1ZT0iRmFsc2UiIC8+DQogICAgICAgICAgPC9SdWxlUGFyYW1ldGVycz4NCiAgICAgICAgPC9FeHRyYWN0aW9uUnVsZT4NCiAgICAgICAgPEV4dHJhY3Rpb25SdWxlIENsYXNzbmFtZT0iTWljcm9zb2Z0LlZpc3VhbFN0dWRpby5UZXN0VG9vbHMuV2ViVGVzdGluZy5SdWxlcy5FeHRyYWN0VGV4dCwgTWljcm9zb2Z0LlZpc3VhbFN0dWRpby5RdWFsaXR5VG9vbHMuV2ViVGVzdEZyYW1ld29yaywgVmVyc2lvbj0xMC4wLjAuMCwgQ3VsdHVyZT1uZXV0cmFsLCBQdWJsaWNLZXlUb2tlbj1iMDNmNWY3ZjExZDUwYTNhIiBWYXJpYWJsZU5hbWU9IkZvcm1Qb3N0UGFyYW04NS5PVFRpbWVTdGFydCRkZGxISCIgRGlzcGxheU5hbWU9IiIgRGVzY3JpcHRpb249IiI+DQogICAgICAgICAgPFJ1bGVQYXJhbWV0ZXJzPg0KICAgICAgICAgICAgPFJ1bGVQYXJhbWV0ZXIgTmFtZT0iU3RhcnRzV2l0aCIgVmFsdWU9Imx1ZT0mcXVvdDsiIC8+DQogICAgICAgICAgICA8UnVsZVBhcmFtZXRlciBOYW1lPSJFbmRzV2l0aCIgVmFsdWU9IiZxdW90OyZndDswMCZsdDsiIC8+DQogICAgICAgICAgICA8UnVsZVBhcmFtZXRlciBOYW1lPSJJbmRleCIgVmFsdWU9IjMwIiAvPg0KICAgICAgICAgICAgPFJ1bGVQYXJhbWV0ZXIgTmFtZT0iSWdub3JlQ2FzZSIgVmFsdWU9IkZhbHNlIiAvPg0KICAgICAgICAgICAgPFJ1bGVQYXJhbWV0ZXIgTmFtZT0iVXNlUmVndWxhckV4cHJlc3Npb24iIFZhbHVlPSJGYWxzZSIgLz4NCiAgICAgICAgICAgIDxSdWxlUGFyYW1ldGVyIE5hbWU9Ikh0bWxEZWNvZGUiIFZhbHVlPSJUcnVlIiAvPg0KICAgICAgICAgICAgPFJ1bGVQYXJhbWV0ZXIgTmFtZT0iUmVxdWlyZWQiIFZhbHVlPSJGYWxzZSIgLz4NCiAgICAgICAgICA8L1J1bGVQYXJhbWV0ZXJzPg0KICAgICAgICA8L0V4dHJhY3Rpb25SdWxlPg0KICAgICAgICA8RXh0cmFjdGlvblJ1bGUgQ2xhc3NuYW1lPSJNaWNyb3NvZnQuVmlzdWFsU3R1ZGlvLlRlc3RUb29scy5XZWJUZXN0aW5nLlJ1bGVzLkV4dHJhY3RUZXh0LCBNaWNyb3NvZnQuVmlzdWFsU3R1ZGlvLlF1YWxpdHlUb29scy5XZWJUZXN0RnJhbWV3b3JrLCBWZXJzaW9uPTEwLjAuMC4wLCBDdWx0dXJlPW5ldXRyYWwsIFB1YmxpY0tleVRva2VuPWIwM2Y1ZjdmMTFkNTBhM2EiIFZhcmlhYmxlTmFtZT0iRm9ybVBvc3RQYXJhbTg2Lk9UVGltZVN0YXJ0JGRkbE1NIiBEaXNwbGF5TmFtZT0iIiBEZXNjcmlwdGlvbj0iIj4NCiAgICAgICAgICA8UnVsZVBhcmFtZXRlcnM+DQogICAgICAgICAgICA8UnVsZVBhcmFtZXRlciBOYW1lPSJTdGFydHNXaXRoIiBWYWx1ZT0ibHVlPSZxdW90OyIgLz4NCiAgICAgICAgICAgIDxSdWxlUGFyYW1ldGVyIE5hbWU9IkVuZHNXaXRoIiBWYWx1ZT0iJnF1b3Q7Jmd0OzAwJmx0OyIgLz4NCiAgICAgICAgICAgIDxSdWxlUGFyYW1ldGVyIE5hbWU9IkluZGV4IiBWYWx1ZT0iMzAiIC8+DQogICAgICAgICAgICA8UnVsZVBhcmFtZXRlciBOYW1lPSJJZ25vcmVDYXNlIiBWYWx1ZT0iRmFsc2UiIC8+DQogICAgICAgICAgICA8UnVsZVBhcmFtZXRlciBOYW1lPSJVc2VSZWd1bGFyRXhwcmVzc2lvbiIgVmFsdWU9IkZhbHNlIiAvPg0KICAgICAgICAgICAgPFJ1bGVQYXJhbWV0ZXIgTmFtZT0iSHRtbERlY29kZSIgVmFsdWU9IlRydWUiIC8+DQogICAgICAgICAgICA8UnVsZVBhcmFtZXRlciBOYW1lPSJSZXF1aXJlZCIgVmFsdWU9IkZhbHNlIiAvPg0KICAgICAgICAgIDwvUnVsZVBhcmFtZXRlcnM+DQogICAgICAgIDwvRXh0cmFjdGlvblJ1bGU+DQogICAgICAgIDxFeHRyYWN0aW9uUnVsZSBDbGFzc25hbWU9Ik1pY3Jvc29mdC5WaXN1YWxTdHVkaW8uVGVzdFRvb2xzLldlYlRlc3RpbmcuUnVsZXMuRXh0cmFjdFRleHQsIE1pY3Jvc29mdC5WaXN1YWxTdHVkaW8uUXVhbGl0eVRvb2xzLldlYlRlc3RGcmFtZXdvcmssIFZlcnNpb249MTAuMC4wLjAsIEN1bHR1cmU9bmV1dHJhbCwgUHVibGljS2V5VG9rZW49YjAzZjVmN2YxMWQ1MGEzYSIgVmFyaWFibGVOYW1lPSJGb3JtUG9zdFBhcmFtODcuT1RUaW1lRW5kJGRkbEhIIiBEaXNwbGF5TmFtZT0iIiBEZXNjcmlwdGlvbj0iIj4NCiAgICAgICAgICA8UnVsZVBhcmFtZXRlcnM+DQogICAgICAgICAgICA8UnVsZVBhcmFtZXRlciBOYW1lPSJTdGFydHNXaXRoIiBWYWx1ZT0ibHVlPSZxdW90OyIgLz4NCiAgICAgICAgICAgIDxSdWxlUGFyYW1ldGVyIE5hbWU9IkVuZHNXaXRoIiBWYWx1ZT0iJnF1b3Q7Jmd0OzAxJmx0OyIgLz4NCiAgICAgICAgICAgIDxSdWxlUGFyYW1ldGVyIE5hbWU9IkluZGV4IiBWYWx1ZT0iMzEiIC8+DQogICAgICAgICAgICA8UnVsZVBhcmFtZXRlciBOYW1lPSJJZ25vcmVDYXNlIiBWYWx1ZT0iRmFsc2UiIC8+DQogICAgICAgICAgICA8UnVsZVBhcmFtZXRlciBOYW1lPSJVc2VSZWd1bGFyRXhwcmVzc2lvbiIgVmFsdWU9IkZhbHNlIiAvPg0KICAgICAgICAgICAgPFJ1bGVQYXJhbWV0ZXIgTmFtZT0iSHRtbERlY29kZSIgVmFsdWU9IlRydWUiIC8+DQogICAgICAgICAgICA8UnVsZVBhcmFtZXRlciBOYW1lPSJSZXF1aXJlZCIgVmFsdWU9IkZhbHNlIiAvPg0KICAgICAgICAgIDwvUnVsZVBhcmFtZXRlcnM+DQogICAgICAgIDwvRXh0cmFjdGlvblJ1bGU+DQogICAgICAgIDxFeHRyYWN0aW9uUnVsZSBDbGFzc25hbWU9Ik1pY3Jvc29mdC5WaXN1YWxTdHVkaW8uVGVzdFRvb2xzLldlYlRlc3RpbmcuUnVsZXMuRXh0cmFjdFRleHQsIE1pY3Jvc29mdC5WaXN1YWxTdHVkaW8uUXVhbGl0eVRvb2xzLldlYlRlc3RGcmFtZXdvcmssIFZlcnNpb249MTAuMC4wLjAsIEN1bHR1cmU9bmV1dHJhbCwgUHVibGljS2V5VG9rZW49YjAzZjVmN2YxMWQ1MGEzYSIgVmFyaWFibGVOYW1lPSJGb3JtUG9zdFBhcmFtODguT1RUaW1lRW5kJGRkbE1NIiBEaXNwbGF5TmFtZT0iIiBEZXNjcmlwdGlvbj0iIj4NCiAgICAgICAgICA8UnVsZVBhcmFtZXRlcnM+DQogICAgICAgICAgICA8UnVsZVBhcmFtZXRlciBOYW1lPSJTdGFydHNXaXRoIiBWYWx1ZT0ibHVlPSZxdW90OyIgLz4NCiAgICAgICAgICAgIDxSdWxlUGFyYW1ldGVyIE5hbWU9IkVuZHNXaXRoIiBWYWx1ZT0iJnF1b3Q7Jmd0O+iri+mBuOaThyIgLz4NCiAgICAgICAgICAgIDxSdWxlUGFyYW1ldGVyIE5hbWU9IkluZGV4IiBWYWx1ZT0iMjkiIC8+DQogICAgICAgICAgICA8UnVsZVBhcmFtZXRlciBOYW1lPSJJZ25vcmVDYXNlIiBWYWx1ZT0iRmFsc2UiIC8+DQogICAgICAgICAgICA8UnVsZVBhcmFtZXRlciBOYW1lPSJVc2VSZWd1bGFyRXhwcmVzc2lvbiIgVmFsdWU9IkZhbHNlIiAvPg0KICAgICAgICAgICAgPFJ1bGVQYXJhbWV0ZXIgTmFtZT0iSHRtbERlY29kZSIgVmFsdWU9IlRydWUiIC8+DQogICAgICAgICAgICA8UnVsZVBhcmFtZXRlciBOYW1lPSJSZXF1aXJlZCIgVmFsdWU9IkZhbHNlIiAvPg0KICAgICAgICAgIDwvUnVsZVBhcmFtZXRlcnM+DQogICAgICAgIDwvRXh0cmFjdGlvblJ1bGU+DQogICAgICAgIDxFeHRyYWN0aW9uUnVsZSBDbGFzc25hbWU9Ik1pY3Jvc29mdC5WaXN1YWxTdHVkaW8uVGVzdFRvb2xzLldlYlRlc3RpbmcuUnVsZXMuRXh0cmFjdFRleHQsIE1pY3Jvc29mdC5WaXN1YWxTdHVkaW8uUXVhbGl0eVRvb2xzLldlYlRlc3RGcmFtZXdvcmssIFZlcnNpb249MTAuMC4wLjAsIEN1bHR1cmU9bmV1dHJhbCwgUHVibGljS2V5VG9rZW49YjAzZjVmN2YxMWQ1MGEzYSIgVmFyaWFibGVOYW1lPSJGb3JtUG9zdFBhcmFtODkuZGRsT1RUeXBlSUQiIERpc3BsYXlOYW1lPSIiIERlc2NyaXB0aW9uPSIiPg0KICAgICAgICAgIDxSdWxlUGFyYW1ldGVycz4NCiAgICAgICAgICAgIDxSdWxlUGFyYW1ldGVyIE5hbWU9IlN0YXJ0c1dpdGgiIFZhbHVlPSJzJnF1b3Q7OlsmcXVvdDsiIC8+DQogICAgICAgICAgICA8UnVsZVBhcmFtZXRlciBOYW1lPSJFbmRzV2l0aCIgVmFsdWU9IiZxdW90OywmcXVvdDsxJnF1b3Q7IiAvPg0KICAgICAgICAgICAgPFJ1bGVQYXJhbWV0ZXIgTmFtZT0iSW5kZXgiIFZhbHVlPSIwIiAvPg0KICAgICAgICAgICAgPFJ1bGVQYXJhbWV0ZXIgTmFtZT0iSWdub3JlQ2FzZSIgVmFsdWU9IkZhbHNlIiAvPg0KICAgICAgICAgICAgPFJ1bGVQYXJhbWV0ZXIgTmFtZT0iVXNlUmVndWxhckV4cHJlc3Npb24iIFZhbHVlPSJGYWxzZSIgLz4NCiAgICAgICAgICAgIDxSdWxlUGFyYW1ldGVyIE5hbWU9Ikh0bWxEZWNvZGUiIFZhbHVlPSJUcnVlIiAvPg0KICAgICAgICAgICAgPFJ1bGVQYXJhbWV0ZXIgTmFtZT0iUmVxdWlyZWQiIFZhbHVlPSJGYWxzZSIgLz4NCiAgICAgICAgICA8L1J1bGVQYXJhbWV0ZXJzPg0KICAgICAgICA8L0V4dHJhY3Rpb25SdWxlPg0KICAgICAgICA8RXh0cmFjdGlvblJ1bGUgQ2xhc3NuYW1lPSJNaWNyb3NvZnQuVmlzdWFsU3R1ZGlvLlRlc3RUb29scy5XZWJUZXN0aW5nLlJ1bGVzLkV4dHJhY3RUZXh0LCBNaWNyb3NvZnQuVmlzdWFsU3R1ZGlvLlF1YWxpdHlUb29scy5XZWJUZXN0RnJhbWV3b3JrLCBWZXJzaW9uPTEwLjAuMC4wLCBDdWx0dXJlPW5ldXRyYWwsIFB1YmxpY0tleVRva2VuPWIwM2Y1ZjdmMTFkNTBhM2EiIFZhcmlhYmxlTmFtZT0iRm9ybVBvc3RQYXJhbTkwLmRkbE9yZyIgRGlzcGxheU5hbWU9IiIgRGVzY3JpcHRpb249IiI+DQogICAgICAgICAgPFJ1bGVQYXJhbWV0ZXJzPg0KICAgICAgICAgICAgPFJ1bGVQYXJhbWV0ZXIgTmFtZT0iU3RhcnRzV2l0aCIgVmFsdWU9IiZxdW90OzAmcXVvdDssJnF1b3Q7IiAvPg0KICAgICAgICAgICAgPFJ1bGVQYXJhbWV0ZXIgTmFtZT0iRW5kc1dpdGgiIFZhbHVlPSImcXVvdDssJnF1b3Q7MiZxdW90OyIgLz4NCiAgICAgICAgICAgIDxSdWxlUGFyYW1ldGVyIE5hbWU9IkluZGV4IiBWYWx1ZT0iMCIgLz4NCiAgICAgICAgICAgIDxSdWxlUGFyYW1ldGVyIE5hbWU9Iklnbm9yZUNhc2UiIFZhbHVlPSJGYWxzZSIgLz4NCiAgICAgICAgICAgIDxSdWxlUGFyYW1ldGVyIE5hbWU9IlVzZVJlZ3VsYXJFeHByZXNzaW9uIiBWYWx1ZT0iRmFsc2UiIC8+DQogICAgICAgICAgICA8UnVsZVBhcmFtZXRlciBOYW1lPSJIdG1sRGVjb2RlIiBWYWx1ZT0iVHJ1ZSIgLz4NCiAgICAgICAgICAgIDxSdWxlUGFyYW1ldGVyIE5hbWU9IlJlcXVpcmVkIiBWYWx1ZT0iRmFsc2UiIC8+DQogICAgICAgICAgPC9SdWxlUGFyYW1ldGVycz4NCiAgICAgICAgPC9FeHRyYWN0aW9uUnVsZT4NCiAgICAgICAgPEV4dHJhY3Rpb25SdWxlIENsYXNzbmFtZT0iTWljcm9zb2Z0LlZpc3VhbFN0dWRpby5UZXN0VG9vbHMuV2ViVGVzdGluZy5SdWxlcy5FeHRyYWN0VGV4dCwgTWljcm9zb2Z0LlZpc3VhbFN0dWRpby5RdWFsaXR5VG9vbHMuV2ViVGVzdEZyYW1ld29yaywgVmVyc2lvbj0xMC4wLjAuMCwgQ3VsdHVyZT1uZXV0cmFsLCBQdWJsaWNLZXlUb2tlbj1iMDNmNWY3ZjExZDUwYTNhIiBWYXJpYWJsZU5hbWU9IkZvcm1Qb3N0UGFyYW05MS51Y0Nhc2NhZGluZ0Ryb3BEb3duMSRkZGwwMiIgRGlzcGxheU5hbWU9IiIgRGVzY3JpcHRpb249IiI+DQogICAgICAgICAgPFJ1bGVQYXJhbWV0ZXJzPg0KICAgICAgICAgICAgPFJ1bGVQYXJhbWV0ZXIgTmFtZT0iU3RhcnRzV2l0aCIgVmFsdWU9Imx1ZT0mcXVvdDsiIC8+DQogICAgICAgICAgICA8UnVsZVBhcmFtZXRlciBOYW1lPSJFbmRzV2l0aCIgVmFsdWU9IiZxdW90OyB0aXQiIC8+DQogICAgICAgICAgICA8UnVsZVBhcmFtZXRlciBOYW1lPSJJbmRleCIgVmFsdWU9IjIyMCIgLz4NCiAgICAgICAgICAgIDxSdWxlUGFyYW1ldGVyIE5hbWU9Iklnbm9yZUNhc2UiIFZhbHVlPSJGYWxzZSIgLz4NCiAgICAgICAgICAgIDxSdWxlUGFyYW1ldGVyIE5hbWU9IlVzZVJlZ3VsYXJFeHByZXNzaW9uIiBWYWx1ZT0iRmFsc2UiIC8+DQogICAgICAgICAgICA8UnVsZVBhcmFtZXRlciBOYW1lPSJIdG1sRGVjb2RlIiBWYWx1ZT0iVHJ1ZSIgLz4NCiAgICAgICAgICAgIDxSdWxlUGFyYW1ldGVyIE5hbWU9IlJlcXVpcmVkIiBWYWx1ZT0iRmFsc2UiIC8+DQogICAgICAgICAgPC9SdWxlUGFyYW1ldGVycz4NCiAgICAgICAgPC9FeHRyYWN0aW9uUnVsZT4NCiAgICAgICAgPEV4dHJhY3Rpb25SdWxlIENsYXNzbmFtZT0iTWljcm9zb2Z0LlZpc3VhbFN0dWRpby5UZXN0VG9vbHMuV2ViVGVzdGluZy5SdWxlcy5FeHRyYWN0VGV4dCwgTWljcm9zb2Z0LlZpc3VhbFN0dWRpby5RdWFsaXR5VG9vbHMuV2ViVGVzdEZyYW1ld29yaywgVmVyc2lvbj0xMC4wLjAuMCwgQ3VsdHVyZT1uZXV0cmFsLCBQdWJsaWNLZXlUb2tlbj1iMDNmNWY3ZjExZDUwYTNhIiBWYXJpYWJsZU5hbWU9IkZvcm1Qb3N0UGFyYW05Mi51Y0Nhc2NhZGluZ0Ryb3BEb3duMSRkZGwwMyIgRGlzcGxheU5hbWU9IiIgRGVzY3JpcHRpb249IiI+DQogICAgICAgICAgPFJ1bGVQYXJhbWV0ZXJzPg0KICAgICAgICAgICAgPFJ1bGVQYXJhbWV0ZXIgTmFtZT0iU3RhcnRzV2l0aCIgVmFsdWU9Imx1ZT0mcXVvdDsiIC8+DQogICAgICAgICAgICA8UnVsZVBhcmFtZXRlciBOYW1lPSJFbmRzV2l0aCIgVmFsdWU9IiZxdW90OyB0aXQiIC8+DQogICAgICAgICAgICA8UnVsZVBhcmFtZXRlciBOYW1lPSJJbmRleCIgVmFsdWU9IjIyMSIgLz4NCiAgICAgICAgICAgIDxSdWxlUGFyYW1ldGVyIE5hbWU9Iklnbm9yZUNhc2UiIFZhbHVlPSJGYWxzZSIgLz4NCiAgICAgICAgICAgIDxSdWxlUGFyYW1ldGVyIE5hbWU9IlVzZVJlZ3VsYXJFeHByZXNzaW9uIiBWYWx1ZT0iRmFsc2UiIC8+DQogICAgICAgICAgICA8UnVsZVBhcmFtZXRlciBOYW1lPSJIdG1sRGVjb2RlIiBWYWx1ZT0iVHJ1ZSIgLz4NCiAgICAgICAgICAgIDxSdWxlUGFyYW1ldGVyIE5hbWU9IlJlcXVpcmVkIiBWYWx1ZT0iRmFsc2UiIC8+DQogICAgICAgICAgPC9SdWxlUGFyYW1ldGVycz4NCiAgICAgICAgPC9FeHRyYWN0aW9uUnVsZT4NCiAgICAgICAgPEV4dHJhY3Rpb25SdWxlIENsYXNzbmFtZT0iTWljcm9zb2Z0LlZpc3VhbFN0dWRpby5UZXN0VG9vbHMuV2ViVGVzdGluZy5SdWxlcy5FeHRyYWN0VGV4dCwgTWljcm9zb2Z0LlZpc3VhbFN0dWRpby5RdWFsaXR5VG9vbHMuV2ViVGVzdEZyYW1ld29yaywgVmVyc2lvbj0xMC4wLjAuMCwgQ3VsdHVyZT1uZXV0cmFsLCBQdWJsaWNLZXlUb2tlbj1iMDNmNWY3ZjExZDUwYTNhIiBWYXJpYWJsZU5hbWU9IkZvcm1Qb3N0UGFyYW05My5oaWRkZW5JbnB1dFRvVXBkYXRlQVRCdWZmZXJfQ29tbW9uVG9vbGtpdFNjcmlwdHMiIERpc3BsYXlOYW1lPSIiIERlc2NyaXB0aW9uPSIiPg0KICAgICAgICAgIDxSdWxlUGFyYW1ldGVycz4NCiAgICAgICAgICAgIDxSdWxlUGFyYW1ldGVyIE5hbWU9IlN0YXJ0c1dpdGgiIFZhbHVlPSJzJnF1b3Q7OlsmcXVvdDsiIC8+DQogICAgICAgICAgICA8UnVsZVBhcmFtZXRlciBOYW1lPSJFbmRzV2l0aCIgVmFsdWU9IiZxdW90OywmcXVvdDsxJnF1b3Q7IiAvPg0KICAgICAgICAgICAgPFJ1bGVQYXJhbWV0ZXIgTmFtZT0iSW5kZXgiIFZhbHVlPSIwIiAvPg0KICAgICAgICAgICAgPFJ1bGVQYXJhbWV0ZXIgTmFtZT0iSWdub3JlQ2FzZSIgVmFsdWU9IkZhbHNlIiAvPg0KICAgICAgICAgICAgPFJ1bGVQYXJhbWV0ZXIgTmFtZT0iVXNlUmVndWxhckV4cHJlc3Npb24iIFZhbHVlPSJGYWxzZSIgLz4NCiAgICAgICAgICAgIDxSdWxlUGFyYW1ldGVyIE5hbWU9Ikh0bWxEZWNvZGUiIFZhbHVlPSJUcnVlIiAvPg0KICAgICAgICAgICAgPFJ1bGVQYXJhbWV0ZXIgTmFtZT0iUmVxdWlyZWQiIFZhbHVlPSJGYWxzZSIgLz4NCiAgICAgICAgICA8L1J1bGVQYXJhbWV0ZXJzPg0KICAgICAgICA8L0V4dHJhY3Rpb25SdWxlPg0KICAgICAgPC9Db3JyZWxhdGlvbkV4dHJhY3Rpb25SdWxlcz4NCiAgICAgIDxGb3JtUG9zdEh0dHBCb2R5Pg0KICAgICAgICA8Rm9ybVBvc3RQYXJhbWV0ZXIgTmFtZT0iVG9vbGtpdFNjcmlwdE1hbmFnZXIxX0hpZGRlbkZpZWxkIiBWYWx1ZT0iOztBamF4Q29udHJvbFRvb2xraXQsIFZlcnNpb249NC4xLjcuNjA3LCBDdWx0dXJlPW5ldXRyYWwsIFB1YmxpY0tleVRva2VuPTI4ZjAxYjBlODRiNmQ1M2U6emgtSGFudDo3Yjk1ZWQxYS02YTNmLTQxZGQtYmM1Yi02M2YzOWVkYmM0YjQ6ZGUxZmVhYjI6ZmNmMGU5OTM6ZjJjOGU3MDg6NzIwYTUyYmY6ZjljZWM5YmM6NTg5ZWFhMzA6Njk4MTI5Y2Y6ZmI5YjRjNTc6Y2NiOTZjZjk6OGFkMTgxMDE6Y2E1N2VmM2M6YTY3YzI3MDA6ODYxM2FlYTc6MzIwMmE1YTI6YWIwOWUzZmU6ODcxMDRiN2M6YmU2ZmIyOTgiIFJlY29yZGVkVmFsdWU9Ijs7QWpheENvbnRyb2xUb29sa2l0LCBWZXJzaW9uPTQuMS43LjYwNywgQ3VsdHVyZT1uZXV0cmFsLCBQdWJsaWNLZXlUb2tlbj0yOGYwMWIwZTg0YjZkNTNlOnpoLUhhbnQ6N2I5NWVkMWEtNmEzZi00MWRkLWJjNWItNjNmMzllZGJjNGI0OmRlMWZlYWIyOmZjZjBlOTkzOmYyYzhlNzA4OjcyMGE1MmJmOmY5Y2VjOWJjOjU4OWVhYTMwOjY5ODEyOWNmOmZiOWI0YzU3OmNjYjk2Y2Y5OjhhZDE4MTAxOmNhNTdlZjNjOmE2N2MyNzAwOjg2MTNhZWE3OjMyMDJhNWEyOmFiMDllM2ZlOjg3MTA0YjdjOmJlNmZiMjk4IiBDb3JyZWxhdGlvbkJpbmRpbmc9IiIgVXJsRW5jb2RlPSJUcnVlIiAvPg0KICAgICAgICA8Rm9ybVBvc3RQYXJhbWV0ZXIgTmFtZT0iX19FVkVOVFRBUkdFVCIgVmFsdWU9Ik9UVGltZVN0YXJ0JGRkbE1NIiBSZWNvcmRlZFZhbHVlPSJPVFRpbWVTdGFydCRkZGxNTSIgQ29ycmVsYXRpb25CaW5kaW5nPSJ7e0Zvcm1Qb3N0UGFyYW0xMDAuX19FVkVOVFRBUkdFVH19IiBVcmxFbmNvZGU9IlRydWUiIC8+DQogICAgICAgIDxGb3JtUG9zdFBhcmFtZXRlciBOYW1lPSJfX0VWRU5UQVJHVU1FTlQiIFZhbHVlPSJ7eyRISURERU4xLl9fRVZFTlRBUkdVTUVOVH19IiBSZWNvcmRlZFZhbHVlPSIiIENvcnJlbGF0aW9uQmluZGluZz0iIiBVcmxFbmNvZGU9IlRydWUiIC8+DQogICAgICAgIDxGb3JtUG9zdFBhcmFtZXRlciBOYW1lPSJfX0xBU1RGT0NVUyIgVmFsdWU9Int7JEhJRERFTjEuX19MQVNURk9DVVN9fSIgUmVjb3JkZWRWYWx1ZT0iIiBDb3JyZWxhdGlvbkJpbmRpbmc9IiIgVXJsRW5jb2RlPSJUcnVlIiAvPg0KICAgICAgICA8Rm9ybVBvc3RQYXJhbWV0ZXIgTmFtZT0iX19WU1RBVEUiIFZhbHVlPSJ7eyRISURERU4xLl9fVlNUQVRFfX0iIFJlY29yZGVkVmFsdWU9IkFSK0xDQUFBQUFBQUJBRHRHbXR6RzlYVnVySGtaMktUSVlLUUlHMmNHUnhQSW1sMzliSmtXOVIySE93bWprT2tKTXdBbzFscHIzWVhyWGJGN3NxMmhtRWFDaUVoSVJBR1FodENTNW1TUW1HU3BtVUtKa2xwZjBLbjB3LzkzRnArZk9wUG9PZnVyaDUrUWFBeDAzYTZ0bmYzbm52dU9lZWV4NzNuM1BWWGpxNEhrZE9UVG8rcWlxR3BzbjRjUDF1U05IeE0xWTBSTHBzL2pNdnB0TnZsM0tabGpLU2tDREllS3hRbkRqcTNRbnV5SkJ2U3VzMDJxU0FjNFVwS1ZuUjJ3T3ZqSmF3YmtxbzRPN0ppZmhKejhpR1pFNXd1WVhxU2s1U3V3ZjFObmNpMW82VjFLaldxa3VId2NralZDa2VuV3FaU0pqM1hWT29nWjJCNHBLUUM3b0NIYW5BeWVRZU0xS3dDUTlCWGNIWHhYYzUyWHlSS1IxZ21Fb3AwdVNsUGF4b29rTUhPblV3c3hnYjZBd3hOemMrZHIxdzhSekZzbktiaDErTk9UK2pETXRhTUpOWjFrSk5RVmt1RzZPbEtIK01FUEtGUFlvTkxjWUl1ZUxiWkVDTGdFVlVRUFMxcGpWUHlNR2RFUnowNzdGNllzRlpPR2hvb3pFVHFTSjlTdFh4U01qQWdiZ2tEeXowMjVuREpVSWVMUmJrOFZzaGduc0JHZFgxVTVuVGcxVnZsRGxveTRDK1pCUVBKWUJtSktITktxZHBJQVBvVE9zRTlvbWJ6b3NmRkdRWUhxdmNib0hhR1poa214a2RqTE05biszMU1qczc2UWhrYzhXVTRPdUpqTW55WTdhZXpHVGJHZWRyU3crWkFrUEhiRHUyMkJUZ0ZtdFlLbkpZbml1R05ZNXpHc1hPN214eE5UVTNFUU9SSnJrNEV0NlBKc203Z2doK3N3eDJnVG1LTnFING81S2ZKendGcUZOeXBwT0VoQlpjTWpaTVBVTWRLR1ZuS2drT20xRHhXaGpMUktCZk9oaU5NTEJqQ2RIL01TWWp2YUtCcDNsSmNSc1pib0dkbnJlVS9qZ3VxQWFheFdiWTlVWkNUV1JFWHVBNTRPeWpsY285cFhHR0x3N0hOSm1iakVabmJDQ2xYTTl5KzJENzQ2R3hCcHFadHVYc1lQOTFEWVNXcjhrQjZxS2RrNUh4TXBPZlJ4TmIyd1ZrOXJwc01LQmloNkVNOVBkWkxmQmJlUmNNb3hnT0JtWmtaLzB6UXIycENnS1ZwSnZERTVCRkxxQ3B1UWVkaEJrQllVMnhxdXE4Z2dVdm9hczd3WmRWQ0hQQjhGbFlQY0tVb3doZkx1SUFWZzFLNEFoN3FNZWZQV0wxV1A0d3J5bmcyVlM1aUcyckJkVmdHWURKMTRIcmtodmxwTG90SHNDQXBQWlFCSklaNnlGRFQ3M3NvUzVTNHdXa0NObzdDQUwwSTJHVHlCVW1aeW1aTEdzd2VkQmI0Umg0Z3g1akNieHFMZ3pncmc2T1NvTnJjdVJ6a3lrZWtnbVNNcXlYdDZQZkNaWHpUdVpDbGZOT1lUTUttSk5ZbTh6MncyZFRaVEtVbVM3b3hLdUpzZmhONW1QTUE2MncyaTgwMVBMYjI5ODJMa2lxSHpZc1FTRHlPbTZuQnBuRTR5Y2tTdjhrOGh2bG53R2szbVVtU2d3VzRQS1VORTE2YlBKVUpaWnFvamVTRTk0VFRZR0R0ZG1uQ1ZtK3RKdENXYUlQOTJUQnpWUzZKalpva0U3b05nVjZ0aEd0d2toVFdVcHJhemw3dFBhSGowWkttQVdWSUNUbUNZQTYraTQwL0s2cFNGcSthYllHYnJiWktTa1l0S1R6bTZ6cTRtOWxhV2pMVGxvVExDZm5UWDFvR2VVaTFCQzF1UGJqQ2Q4bHo3REVXaVc4YVUyWGttN1pUb01HNnZxdFRzZlJJMmFKSmZGV3pkZFZxNnN5VXhtUE5WSXlOSjNMNnFNZ3BBZ1lGU1lvT2xRVG9wNjdXaGp3cEVZc05CaHJiSzVDc1JDZkIwaGFPM2F5aHJFNVVUR0pyZ0hYMHhuUWpFUUxVRllCMThjWVRETHNTY1h3dElsbjZFM1Fkeld6WHNGWnUyb2xRWkRDd0NyUU9hcFhrS2tnTnMySHZKR2lOelFhYzZ0NlhpQktVV21zMWhrbWFxYUdzRXIrNjlTU0NSSjVhYXczQ2VDTFNnTkNncHRyQ24yREFQdlZXRGFGaDNVNHdvSjdHZG9NLzFCZGVrOUFLUUExdHhkSkpKclVTc0lwY3crSUhYc1pFQXd3YkNOSlYybzI5MWRDMjNOOE82Ulh4TWhoWUZjQ0pabElkcmFxYVNLM2tTazl5ejZnYVBDU0ZQRVpLa3N5M3BZL2phWW1na0lxd0ZTNWtWNGRmMlZlSHB6bWR4TE5PQjJOVzZNZHhUc082YU5mb2g0QWhGdDBJYmVuaTNTRzRkN2tSMU45SEpFRTBSdFRaRVExeitUR0ZDTStMdkJ2bEFLc1pPVXlzbHBQQUZqcEVua2RPRTlLY3dyT0c4OEdsSzVjWEw3MDhQM2Y5bjNkZVhmcmt3dUpIRnl0Zm52bjc2VjhCM2k2QzU5M3VkQ1dQalk4Y1pnRHlzQTNwWExnNXQvVGJTOHZuVHkrOS95ckE5MVF4YVpwK2pLWUJzdGVHZE0zZnVsVTVmM1hwMDdNTHR5NEJMK2pxYlVTT0VlUStHN0lEa0FubTVibUZOOTlaT1B2SzRsc2ZMWDc0QmlBRXEwUHM4cHhIQXphazI0TDg0L1RweXUyM3B4YS8vRFgwUGRyVmJVNjVwb291dHdNNTNJNXVuaGZJRzQ4ZWc5SHRubzQwc1RvNTFlQU1aMmNacnFjQ2s1TlBCWGplMDU1T3duWm9tQ2N3VFgrU1hyMzYxeisza25NVmhiZEJJODNlNjM5ck5ROGhqbU9PbjFMa3NnZ0lLVldGeUNnNmZVOHUzLzc1d3B2bm42WXFiOXlwdlA3SndrK3VMVng5R1ZUODVQTFZLeVo4WWU3TThwVVBLbWMrck56NHdqSVRXQXp1M2VUcGFWR1ZMQlQrZVdmcWhDSEo2VkV4RC9aTnFZSWdZOU9Ra2l3WjVYMjlwU3dSeHhRMW5SWHo5YTdlQTlTS1RsNmFKazQ4REI3UzJ6ZkFnNUlRVVpGVE44b3lkbnFob0RjazJETjlFQXFDRWpmVTRzQjBqVlo4d1BhaVZ0QjN1eGxCZERqQVJEeWQ1Q0NuZmlEVFBjcVZkS3liZ1cwdXpZS241YnZwQXlSclZ4VStJMXM2MkdhSWt1NkhNQzNob2Q3ZUFSNGMzKzN5dU5ZMVhOc2F1NDBUUjFoaHRuRWVIU1lPNEwxLzVXRHZqcHF0dmU2YWpiMFBpTjRILzEyRGVuYzZqOTJGSlVIUWpleEl1dGEzb3ZlaDcyaEE3eTdCdTF2d1B2eXRyZVAxckc4VHIzZVZRcW1hRWJ4N0dyUS9CYkkwZXpvaGRwTEphcENDbXRmVDJ0Zjd2M1U0dW9IL04zYXUxZHlXdTlTY3l4UUc1a2FVUlU0MTl4QkNJeVFmRlBqdUhUdmJZTkZjZmdFV3JMT0lwaEhOSUpwRmRCRFJJVVNIRVIxQmRCVFIvWWlPSVlaR0RJTVlGakZCeElRUUUwWk1CREZSeFBRakpvWllHckVNWWxuRUJqZUQ1djM3dCt3VU5ycXNOZEhaTUUzdlhqSzNvWHN2QjJKRGlBMGpOb0xZS0dMN0VSdERRUm9GR1JSa1VUQ0lnaUVVREtOZ0JBV2pLTmlQZ2pFVW9sR0lRU0VXaFlJb0ZFS2hNQXBGVUNpS1F2MG9GRU5oR29VWkZHWlJPSWpDSVJRT28zQUVoYU1vM0kvQ3NmOTIrY0ZtUXh2YTdHNHV0eVBIbzdZdTJQYmNUVHc2UVlMTzI3TlJvSDM5OG1URjByckxVNzNyWGdXWjVYMy9HNUdWKzM5Zy9jZkpmNDhEaTdQVFRiTXl3N0FyRU04WDdQelVRZkxiWjAwUDhHd2owWEdTYkptSEpDenp6dVpSbGNlZXJlYUpCdVRpRnJDTkFFZkpLWXpsSzUzYkliZjFVYjZheHVHOWMvbk14Y3FsYzVXYjV4YmVQK2VxblBscy92YmJyb1YzWDF5NmZ0TlZPWDFuOGZYcjdzcW5OMkVYRHl5OGU2NXk2eks4TGY3K1VtWHUwMDc0cTF5NFl1WDgyNWZPZmd6cCs4SjcxeForTVRmL2gzY1hybDNmWG5udmN3RE5mM21CZEZ5N0RyamJMZVRGajE5WXZISm4vdGFGK2R1ZmRVTG4wcm1MUzcvODJmd2ZiempOcjJZN09oMjBBd3hOTzFoSDBCRnloQjBSUjlUUjc0aVI3NWMwellES094czFDRW9wZ1laMmUzWkJtVFI3QkN1Q0lSNGxPbEN6SlgxVWxyQmlUQnpFa0ZCUFFBdHptbWkrbXIyaVoxdWFxQ3NwU2puanNLVHdIWDAvU2tLTmRZekwray9oek5oc0VTb20zVCtxRmdxcTRpZXIydjRWNkFlb0RiSHJYK1NpL3FBL3lQaVpiLzRrcDVSa3VjbXpPMzFRMG90amlvRTF6SjlTTlY2ZnlqeFRuMGQ3MnZ4SU9NbHBlZXhwTTJzR0FWaUxabTZKelV4b09HdEkwM2hpY2t3QWhPcjNVREp5b3ZwNVd2UnNUMXNmVDFQcWlXSVJhNk9jamtYN082aXV6d0RYZFZmMnA3NTJaVGRtamFrVWxEQzZxa3ppZ3JwMmZWK05zT0VxSDhuSkttZkVaWnd6Qm5qUWhzeVY0NUlpU3dyMlpXUTFteDhvY2p6NVRoaW5WeTcrclZadTZtbXRGMUxPVXhKdmlMdXMwcmo4QS9LVjA5TmFWMHB6ZWs5eUJQMFlXWVZTSHBkTFJlZFBrWm1SR3BJaG14bXBsS1AyMVhOVXYyeTZHSlVZb2xpYXBoNTVoS3IzVVh1R3FON2V2dWNvS1BjYm9FTU5EYjlleWxpbnBmdm9BNFJDM3dEVi92eEErelNuVVdwcTFnQmtIbnlUblB2NUJXeU1XVWVBSStVSmZxMkNaUzVEOVBjNGFMZlBsTklrQURJUVQrcDdqclQ4a3FKZ2pYZ3RFTFkrcWZ0elpyV3o3NGZKOUtRdW1ONDJvUlJMQmtTUDZXNEhxRFdUdFFWOW5qY1BDcHE5b1JYNjlFYlFhV1FlQmxqZVlpMVhEenhaK2VERHltOCtXWDd0N2NxTmQ1NnVmUDY3eXVYM29BdzNEZnlXbzJwQmlpM09VZ3dOdCtyTEFKVlZaVldMNzRXaWZvREtrSUpRSXpseW5OcDc2TkJZLzNCa2dNcXBpdUdid2VTd0lrNWxWSmtIUEpXY0tzWXBCcWpvS3RTTkZBOGhJbWhjZVlDYUVTVUQrOHlqNkRpbHFETWFWNndPOEdrY0w1WDBPQlVFeGp4cU1ZVy9qeXdxejl2enVHL2Y0dFVibFZjdUxyNzAvdktWbDJETjZvUE9GNnV6ZElTaGRiYmEya0w3eVNKOVlWWDc5Vlh0Tngza3Z6YnVRNDV1ZHhQNTZieC9meE9zL3BkcjRRYTdnWmxJWDdFZ3pWMW0vRDNrM0ZvTkJrVlY4QUQvTDdNVndGSitJZ0FBIiBDb3JyZWxhdGlvbkJpbmRpbmc9IiIgVXJsRW5jb2RlPSJUcnVlIiAvPg0KICAgICAgICA8Rm9ybVBvc3RQYXJhbWV0ZXIgTmFtZT0iX19WSUVXU1RBVEUiIFZhbHVlPSJ7eyRISURERU4xLl9fVklFV1NUQVRFfX0iIFJlY29yZGVkVmFsdWU9IiIgQ29ycmVsYXRpb25CaW5kaW5nPSIiIFVybEVuY29kZT0iVHJ1ZSIgLz4NCiAgICAgICAgPEZvcm1Qb3N0UGFyYW1ldGVyIE5hbWU9Il9fU0NST0xMUE9TSVRJT05YIiBWYWx1ZT0ie3skSElEREVOMS5fX1NDUk9MTFBPU0lUSU9OWH19IiBSZWNvcmRlZFZhbHVlPSIwIiBDb3JyZWxhdGlvbkJpbmRpbmc9IiIgVXJsRW5jb2RlPSJUcnVlIiAvPg0KICAgICAgICA8Rm9ybVBvc3RQYXJhbWV0ZXIgTmFtZT0iX19TQ1JPTExQT1NJVElPTlkiIFZhbHVlPSJ7eyRISURERU4xLl9fU0NST0xMUE9TSVRJT05ZfX0iIFJlY29yZGVkVmFsdWU9IjAiIENvcnJlbGF0aW9uQmluZGluZz0iIiBVcmxFbmNvZGU9IlRydWUiIC8+DQogICAgICAgIDxGb3JtUG9zdFBhcmFtZXRlciBOYW1lPSJfX1ZJRVdTVEFURUVOQ1JZUFRFRCIgVmFsdWU9Int7JEhJRERFTjEuX19WSUVXU1RBVEVFTkNSWVBURUR9fSIgUmVjb3JkZWRWYWx1ZT0iIiBDb3JyZWxhdGlvbkJpbmRpbmc9IiIgVXJsRW5jb2RlPSJUcnVlIiAvPg0KICAgICAgICA8Rm9ybVBvc3RQYXJhbWV0ZXIgTmFtZT0iX19FVkVOVFZBTElEQVRJT04iIFZhbHVlPSJ7eyRISURERU4xLl9fRVZFTlRWQUxJREFUSU9OfX0iIFJlY29yZGVkVmFsdWU9IkJObWQ5eEx3ZTNyb2p4ZEFDeFBxWDZGbHRjY2xEdGJScmRwUE90NmJmSllIWFNmdnhRNzZzOFBuejE3YjdCK2wzaWtWdWszUitYZkxybGFVNFBSckVSOXhVSjBaNUt5ZExrSGJCSXhFY29rajdydnQ2S3RndnJaSm5GUkRwWTFJYS9OM0FEZXdORlFlN1lwUFpMY21qeEdsQWhnbmVDZFFzZFdBUXpXeGZaK1RNTGxWOWkxbXpVOFNSWXFzT1d4OTZJZU5Ra2drdEhYOE56U3JWUm1GQXZXUkMvWEErS2NWWXhPUjdUWHBjWlJQMEVaQ1FDUGwyZGk1RnhZZEtBcndIZXNHZnpvdXdVZy9nTXZvc1VGa0JUN01UUWkxREc1ZW9OdDh6dEhYQVIvUnhidDVSWUNpWEJxbjR2UTRqdlkwS2RwQUVKN1Z4Q1RHdFU3cjJobWZuRlU4aFY0VmtaRWxOVjVTb3JrUXRtUHNiWUtmdDB6emxRN3VRK1JuV1Q4UEphc1RvM2VIZENQTks2dkdvSWdJUUhPMjQwME9idzk2ZkJmaFgyZkxsS0UwbnpYY3NhL1kzdms2ampkaFhuOUxmRTcrYnQwUU9wZlZIL1A4cFdCQXpzSHlKY2tTazBoaHo5QlRnQUdmdlRiMUNRdnc0Rll6SWtZenFQRUxDdENvNGVMREVJN2RRTTZZV2Vra0dDV2RIU1RIbHJ0TDNVYUFtT21nZFF4QW1hRWVQRVVMOHNCTTIrd0FkQTlXNXFzci9ubHhHUnBNVFJUZlVabkI4bVlwN1J3ZFRPU2k3dTJqQ093U29lUkJEZ3VIaHpjajJqeUkzaDFXN29IK004cmRhSDhYUlVmd0hMNzZyLy9ReWRDU0NtTkt4WWh2NTlQSDdmM25PSElwU2x2d2FFNzIrS1dQWU5mQ2o4NVArWStWSHY0eTgxQWVHcFVHeXJrQVVLcGNLRkhzRTQ3ZEMrMW4wRUlCbEl0bElFd2J6RDNxS0dVRFNjT2JQU21lZ0Rpd2Y0VCszakNQdFJoZlQ5ajFPUWZlZE9hSkJqMzV1OW5QZ2x0MmY1S0MwRzhRNitnbDBCMGhuMUVsVFdjdnpNODZLOHRPS0p0YUdFWTNIYzcyN3JXRWE3VjN3ckF1ZWZIOWo5OSs3MFRkWDFMRzg2WDNsUEl6QTVWcllXU0xYbVJsbDl1dkN0VmRuUUFyaUpzcnFFaDNIZ1lsSjV6WXo5NlJpL1B4clFZTDZGeW91NkFkMWhtMGlwZjNBQXBrY2pvWUpaQUxPWUJvcnJoVFV3SGZyK0Rsak1XbVA4VWlxcklNeEVVcXdHVUc2Q05VVVRWVUFaazZheFFOaTVzYzBlTGJBL2grOVlaNXVjMkVOS0FQbDFMd1dDYmpnOEtFaElORlBFYkNVYUVaRmczUlRsR25oRERScEs3aGpTSkxCZXhCQlQyS0JWRGZ3b3g4bDZ3UjVJYktHQzBLY0dkNnZaK3VicHFqbGhMSys2bkVlQUwxaUpRRkFOSERkcE43TzQ2SWV5U3gwM054ZHh6V05aWmw3YUNQSVBURnJENVhtL2JuZzZJLzlCdG04bXVuZVdpZ2hqU2c5bFA1UEF1YlArNWJPL0dUcG9BVXlrVUtCcnoxcmlvU1V5dmRxOG9rL1pzQnFFN3J4aHJBN3pKWnI4bGl1cHlNSmsyR0JaVUZaNFl5c1kwbTUzZXVrM29Kc0VFbXVHck5tSVUzWWJpYlo2alM5Q3BTVS9vVnVzblVTWCtwQnhQYnQ2Uks5WDhpVnFkQTVPSE1rM1g5SXZGMUNNWFNCNVNpNGtJVFVJdEpoTGFVZkcvUWRDaFRaejVzeDZubngvbmRydk1MVWRBSkhOYnpzZUhLcVhQaEsvQUk2Y0NjVnlGemNVSzlnV3BhZklYZEtDVHZLYjFybGQ4VmhkSlhXam5pK0w0YWszbGd4TmpPSUFrOG5DSlRpT0VVcktCU1Q5MEYrQmgzSTlDdTREKzc1Z21DZUMwOHZ0ZlJTdmlaU2F5L2x2RkhDa3JTakpxeDlCZ3FKL3d4Y0VvbTk4M1JqZDMyREE4R1h2dHVmRTZPZ1lmaDBsWFd0eE5VclFCaFd0dURRMU1GbXFrV1lwdmY4MFZTN3NSbW8vbGs0THVab28zUWNFSUkzS0ZTNjFiM25RM2hCZHNHRWx6WnFieTFrRG5SUHVCMVVUMUU5VTZENHpZRVV1N0pLaHlCSG9GYUhDaERSQWs2b1g1b2lQMlNhNFE4QjZvN0xRU2JUdW85NkptVnV5L0g5UnlnVVZtQTdocTc1TStUYi9RazFrN3FTWUJXT1RIanBCSHZRL1Y2NmVFUEIvTXMyMmprV2NWaHhrN1ZKWjA2amNMUmxMeHhDY2xXT2RLblNSU1RUWk0xRWhhQ0FJcGR1TTFYWHhyUk5aMkFVbytCb0E2Wndpc1k3MXNvN29tOVpFZzgraUNxdUkzMGp6S1RUWFhWM29tNEtPa2VwcS9sTDAza0dvMEkwRVBLdG9xc0RkaXFnSE9hMVF2b3gyTHY2b01SelpPTCs5UzhHbFhlaklOSVlyVmg3U1RzR0UzMk5JQnZWaHp5dGpUZXRjRTVNUE5mbjhXVEEwM0FUTEhWRzZyTTFmZ1VuU3Q4azNHRXlVUk1TeURBMktIUzFOQ05PUnU1aWRvN1M0VS95ZEF6eUNjS05NbEhaZzNwRW9tNktVR0hyeDRCS0F0a3pDcWs5blVHbllCSzRnQ0tqRVdubERtK3JMNHlpUWJ3ek94YUNaZllhazRxQ054VjJZbVpPZHFxVGhEVWVSM3NST1dEOE02Mkt1OEFkRm1zb29odXprWklBZDgrdVcvcHJGcnR3NExDNzFuNmRMMmoxWDlvSkJKUWdmR0tya2FTNCsxQU9TSjZVdkNmQzFId2RReE9tUlJFVnRQZnp1TFhROWZ3VXdHcEl4TUhWczRidWh4a2FZa1E5eks5TDdZcm1tbHVuTTBMOENaVzlOYXM2L1JKMmdpTW9rd1B1ZXdGRHF0ak11ODRDenhGaTNLU2lTZlQ5ci9VT2VoS3JkNUVXdENPbjl6eG1KeDFaamttY1RGZG10bGJjVzRNeDNTUmUyV3FjWHdabWN3aWx2a0Y4VlFYOHZOOG9VNk1tY08zM3E4VHFPUGhwT2Q1Y3cvSnloazQ4MkVnTDBWZHdTeHo0SGVXVUlVREpQVXhCdFVieW1FcVRSL0drRkFaS0I1NUxvTlNVc1VleVBIL2JLNTl4OC9CbGlOZ0lxL0F6SUVqREpEb0VOSnhXZXRIdHFOYVcreituSkhSMi9SMFhnRzJ3enM0V3RGKzQwa3AzcTNSNnEvaStPTEpDSG43WHIzcHMyQlJCZHpDYWZaQkZZcFRZOTJDRUJydGQ3Sk56SDV0Wk5EMDR2Q3pYV3QzOHM5ZWZWR1lHWnhmdFFERXhERzU5WVdNV0dneVBUMG1YK0JRbUFFWXlmaDUxUHlZVFJqVGJKeGhXVm1TakU1MTM0Qm8yQ2lmait6OTgzYjM5YnI5dmlBNDBBaE5FMmF2cGxFNFpRaXpZdFp2bTNMazF6S2E4bWJvS3NvVzFsWjhGRzI0TEp0Qnd1Wk4vb1YzR2oyMllHRFNUaVZNZXBHamhvVlBhR0QvMjh3azBKL1BPTGlsOFpjZXhKc1R2N0twZlpIREJYS2h0bGN1bk9IaGxZMER5MXE4aHk3U0xVa3lVRENISkswSS9oWFBJTGVsN2l3MWxEWHVnbm9GZVJFVEF5NFMvYzNidG50bTV2U2xPNlRQVXBoam8waDNZMEJ2MXY0SGpPZUhTS1pUN25JNEFPTHk2TURYK0d3MkVNUEwzMm1xR0JqeHlnN1hzNGVWdm9keWN5VEZSQmk3MHFmcmdORE1YbWxFMkFCTkM2VWRQNU9tQmIvL2JDc05nNnVXSnlzVElibnBpWlgzSWsrZytNM1R1cHlEa0xSRjJZRTA3WHJ5UmZNcWFJWHhZalVYd2o0VUdEZHYzdnhYaUxNS1N3cWdsSEtVb0J4SHpOR3kyWXFOV21ocDNQOXlvZ1luV2FXVmRRN1N6dE1WeWY4NXVuUWJPYXI3UGt4bm5QRmtodU5RZy9jRkgyZWhFN3lzdzdUOFVYb1MyT2pzRFVjRjlJK3ZtUnJpNG1NZHBOMXV4b0I2MzBFdkJOck9KODVwbW0vMWlLL0JXUTBHMzBqSjRtZGQvR0tVUkswbHdtNUc3dC84TnU3MytBRlR6Qm50T2lpRTFOckFTVEpkVHVydVhOdXcvM0NsaHJ5RksxN2xySSsrWU9HNnQzMHcwSTVVTEJuOVNnRTF2UnFJNi9EN1VvNjJiQjd6ekZBaHNZMHZnSFY5Z0tPenFCWGlkZXJRN242VTA3dzhOTFpLS3ZRUTBoeXVQaU54QkVPVmoxTC9CbUlLdHF2dVdRR0NDMis4Q3B0Wjc5RklacEFSOEJPZzUwQjcyLy84VlpMSzc1VWVyNC94Vi9FNFhiNDVZTlFNVDFmUGtVMFd0U1F1M0k0QWJaYkN6S3ZRdDJsZnFDbENKRWNZQTY5VVVseHp6WEl6c0hPMml4NDVyQmp2eG4xSXNzOVMzYzRSdW8yaTJibWxiVUZSOFNGTHpoZlMrTmUyRE9lZzlNOXFmTHJKVEx4MDJLblRJdUxHSHFMejh6ZW5vYmFsdDdjUmhmL0I0QTFJcldnSzY1UHE2TVlteEg1K2Uya0ZRWXBua2JORHBmQ2NaMEkycW1yNEFaSnQyL1doZzE2OUJ4N3NhaEpVcEdCaDZFWDFHUWlCa0lLSS9hSlRIck5kMDdGUGRnRm5CemZDZFlGaHB6RnRvd055WDZNWUF4MXpaT2xaeWRKOWdsbTVOeUl5ZkE4SytOOFNMRGpSRTBkUmF3TTZEKzNyOUdGVlY0T2FZNkczN0w5cTFSOEZmbC9qdlliVWtoaDJkZ1p1T2g3L2JCMTJWSGVET1VtZGNGYnFmMG4rc2d3WjNiaXR3Myt2RXRGcjFpa0FBY2lTa1BJMEdPUW5Bc2NpcXYvdkJTaWR0dWROckVuRG9uOE40Uk9wWlRtTkVGVXV6UG1kVlhNN1luMzlYVDVuN3JXUUJGK3BERUV5dFhTem9McUgwUWRUMklRbFVNQmo1TjUyejJWaGR3bFZhMmUrbFduL25seUdFZDhxUmdENlJ4d25RRFZqaDRkSWJmeXNOeU5RNWlCd2twZmdKYlhSTXUyZi83ZVZZN3Y4Y0NYTkJmYVBZNjgwSmxLQlJRdDVvY0FUQXYrYlBvdXJmUGlRbkszZ3pVNWs5MFZTN3NEUHkxei9xQVpCdkl5ZHByUzZPZXdxUkk3S25kaW1tNlMvdmFkeUcvekdRaitMbXJoOEU5TXhkNklxZThzNy9xWFBoT0M0Y01BRjBCVWRyQ2FRMHhFN3BOU04wc0FyajY5ZGNYc3RsMDhFTzRJNENhRXgzdUZ3Qlk4dUhPVittcXNLR1NFQ1VqQlZRaTdiUzY0dHdtdXd0clAxeVYwdjIrWUhqaEYzbkx2aFNqelZPSFh6KzNJQkd1UUJFSXZDM0NVNzdpUlBONnV6c1BSZHp4L2xoczMvb1hsWVdSMG00RVZISkgyaVM3TDIxRXRENjZpZUJvbTdPWUpCMFBOWEVzSlJBaytFTHRaMWE2bGxXZ1ZzMXE1d242WnFFdDdiZ1czWlBPcFBBL2tVcGU0TlJaMDZVYVBBcjVXVkY0MmNkWEJLQm05Q0FQVjJEOEh6Qjl3QlYxcW02NllzUk9sTmNTUlE0OUx4S3ZhSEMvNG5jYzhnN3llZks3SVhCaHNuYzZLWWNXL0dmWjBRQWk1Y0QzSENnS0tmNnZFMi80YS9mOG5LMml6SE1QVXNlQkJiWlpJK1ZKUnNreDQ2Y1NXREthMExtcVJEVEEzdWN0ODBZREJqNkQ1cWtiZCtCSytqbS9xMFVsMHFjamRBaFV2ckZ6YTB4ZmZGYU45R0NZTmZNWWg2bzh6NXpQSGd5SVZqOWluNldHK0dHY0ROdVdGa05EZXF0MFEzZVJBWFE3MzVrYllYZWRDR1A2MWJTSmE3TFB0RDZkNDl2Njlma3JGNURzUkVabTk5Tkl2ZmEyQWhRc2J0bDNVNjY5M2FqNExBdCswUFJWdXFFMmlTVVNscW8vYTFUb09mS0ZTY053OEs0dGwrU2o3OXI1a3BFYTg1VDFnd0xJYTNzSkVlcitIV09UWDRqWW5RNWN0azY1TFIrLzN1RGdicmREMEVWd1ZFeEFLRXdpMEhnblU3QnJkWnBjaTE2Q3pmbnV3dXZZTnJZdmowZFpzd1h0dDgzOEFFTmVQZ1dEYTIrRjVhb0M4c3l3emNPRkFlZ29rS1V2NUF3RHN3cHdTeERJMm1jYVhtSkhONGYzNmtLNzhQVWlFRndtSjdrbm11Y2tGalViRzdoVGNUdDJuYldmL1NJZmZ4dm9YNm9CN0Qxa09BVkpoYXFwSk1tSWZTVHcvL21wdFAzZWhlSHZGYWRpMk1FRE1oZGNJSVJtdnBnMTVqVHZORmt4WWNoVDhjdkM1SUZwSXNYd2NaOWxVL2twWWpvNGRVRm96MHQraEJja3ZqWEh6dWxsV2MxY0NSUVloOXJIRFlJUXJtaFFadG9Zd1hLczFKRng1ZzNVSTdHMTBMSk45Y2hVcFB3ekVyY0JuRnpBTjBQa25Hc1BPZmdTdlBacVk3RUNIVHBRV2Yxb2ljdmlSMU1uVGRJVngwYVR4R1QyMGFZbWlCb0NWNG5oVDZ1UENiS0syY0FMYWNCTmFmRXV0QkVmMzRSK1c1Z1dMN3o2aURheWN4MEw4QlJkakM3dmliN2JwY0VDUGE5Q2xEbFZ3b2UrZGFxNmQwd0R3Mnd6ZTBEbGpHdDYzd2FwdU1RMTcvT05PeHE2MzNVdHVaWk9haTBObHhEM21lMGQ2WERwN1FwNGNYU0lwUGZKUHlWWDN6YmdheGNyM0diaEpkUnhVaDhkSmlJWm01L1ovTzdsVGcyUllEdUpQREt4Uk55dlpVNmRrdS9XQ1hiU3JwY0dFMmNmU0VqRVh4SUVxMFl4ZXZvdlRYek8yclQxMWRZTmdPWWZBPSIgQ29ycmVsYXRpb25CaW5kaW5nPSIiIFVybEVuY29kZT0iVHJ1ZSIgLz4NCiAgICAgICAgPEZvcm1Qb3N0UGFyYW1ldGVyIE5hbWU9Ik9URW1wSUQiIFZhbHVlPSJyYnRTaW5nbGVFbXBJRCIgUmVjb3JkZWRWYWx1ZT0icmJ0U2luZ2xlRW1wSUQiIENvcnJlbGF0aW9uQmluZGluZz0ie3tGb3JtUG9zdFBhcmFtOTQuT1RFbXBJRH19IiBVcmxFbmNvZGU9IlRydWUiIC8+DQogICAgICAgIDxGb3JtUG9zdFBhcmFtZXRlciBOYW1lPSJ0eHRPVEVtcElEIiBWYWx1ZT0iMTAyMTE5IiBSZWNvcmRlZFZhbHVlPSIxMDIxMTkiIENvcnJlbGF0aW9uQmluZGluZz0ie3tGb3JtUG9zdFBhcmFtOTUudHh0T1RFbXBJRH19IiBVcmxFbmNvZGU9IlRydWUiIC8+DQogICAgICAgIDxGb3JtUG9zdFBhcmFtZXRlciBOYW1lPSJ0eHRPVEVtcE5hbWUiIFZhbHVlPSLlu5ZP576pIiBSZWNvcmRlZFZhbHVlPSLlu5ZP576pIiBDb3JyZWxhdGlvbkJpbmRpbmc9Int7Rm9ybVBvc3RQYXJhbTk2LnR4dE9URW1wTmFtZX19IiBVcmxFbmNvZGU9IlRydWUiIC8+DQogICAgICAgIDxGb3JtUG9zdFBhcmFtZXRlciBOYW1lPSJ1Y0RhdGVTdGFydCR0eHREYXRlIiBWYWx1ZT0iMjAxNy8wNS8xNiIgUmVjb3JkZWRWYWx1ZT0iMjAxNy8wNS8xNiIgQ29ycmVsYXRpb25CaW5kaW5nPSJ7e0Zvcm1Qb3N0UGFyYW05Ny51Y0RhdGVTdGFydCR0eHREYXRlfX0iIFVybEVuY29kZT0iVHJ1ZSIgLz4NCiAgICAgICAgPEZvcm1Qb3N0UGFyYW1ldGVyIE5hbWU9InVjRGF0ZUVuZCR0eHREYXRlIiBWYWx1ZT0iMjAxNy8wNS8xNiIgUmVjb3JkZWRWYWx1ZT0iMjAxNy8wNS8xNiIgQ29ycmVsYXRpb25CaW5kaW5nPSJ7e0Zvcm1Qb3N0UGFyYW05OC51Y0RhdGVFbmQkdHh0RGF0ZX19IiBVcmxFbmNvZGU9IlRydWUiIC8+DQogICAgICAgIDxGb3JtUG9zdFBhcmFtZXRlciBOYW1lPSJPVFRpbWVTdGFydCRkZGxISCIgVmFsdWU9IjAwIiBSZWNvcmRlZFZhbHVlPSIwMCIgQ29ycmVsYXRpb25CaW5kaW5nPSJ7e0Zvcm1Qb3N0UGFyYW0xMDEuT1RUaW1lU3RhcnQkZGRsSEh9fSIgVXJsRW5jb2RlPSJUcnVlIiAvPg0KICAgICAgICA8Rm9ybVBvc3RQYXJhbWV0ZXIgTmFtZT0iT1RUaW1lU3RhcnQkZGRsTU0iIFZhbHVlPSIwMCIgUmVjb3JkZWRWYWx1ZT0iMDAiIENvcnJlbGF0aW9uQmluZGluZz0ie3tGb3JtUG9zdFBhcmFtMTAyLk9UVGltZVN0YXJ0JGRkbE1NfX0iIFVybEVuY29kZT0iVHJ1ZSIgLz4NCiAgICAgICAgPEZvcm1Qb3N0UGFyYW1ldGVyIE5hbWU9Ik9UVGltZUVuZCRkZGxISCIgVmFsdWU9Iuiri+mBuOaThyIgUmVjb3JkZWRWYWx1ZT0i6KuL6YG45pOHIiBDb3JyZWxhdGlvbkJpbmRpbmc9Int7Rm9ybVBvc3RQYXJhbTEwMy5PVFRpbWVFbmQkZGRsSEh9fSIgVXJsRW5jb2RlPSJUcnVlIiAvPg0KICAgICAgICA8Rm9ybVBvc3RQYXJhbWV0ZXIgTmFtZT0iT1RUaW1lRW5kJGRkbE1NIiBWYWx1ZT0i6KuL6YG45pOHIiBSZWNvcmRlZFZhbHVlPSLoq4vpgbjmk4ciIENvcnJlbGF0aW9uQmluZGluZz0ie3tGb3JtUG9zdFBhcmFtMTA0Lk9UVGltZUVuZCRkZGxNTX19IiBVcmxFbmNvZGU9IlRydWUiIC8+DQogICAgICAgIDxGb3JtUG9zdFBhcmFtZXRlciBOYW1lPSJjaGtNZWFsRmxhZyIgVmFsdWU9Im9uIiBSZWNvcmRlZFZhbHVlPSJvbiIgQ29ycmVsYXRpb25CaW5kaW5nPSIiIFVybEVuY29kZT0iVHJ1ZSIgLz4NCiAgICAgICAgPEZvcm1Qb3N0UGFyYW1ldGVyIE5hbWU9InR4dE1lYWxUaW1lIiBWYWx1ZT0iMCIgUmVjb3JkZWRWYWx1ZT0iMCIgQ29ycmVsYXRpb25CaW5kaW5nPSJ7e0Zvcm1Qb3N0UGFyYW05OS50eHRNZWFsVGltZX19IiBVcmxFbmNvZGU9IlRydWUiIC8+DQogICAgICAgIDxGb3JtUG9zdFBhcmFtZXRlciBOYW1lPSJkZGxPVFR5cGVJRCIgVmFsdWU9IjAiIFJlY29yZGVkVmFsdWU9IjAiIENvcnJlbGF0aW9uQmluZGluZz0ie3tGb3JtUG9zdFBhcmFtMTA1LmRkbE9UVHlwZUlEfX0iIFVybEVuY29kZT0iVHJ1ZSIgLz4NCiAgICAgICAgPEZvcm1Qb3N0UGFyYW1ldGVyIE5hbWU9InR4dE9UUmVhc29uTWVtbyR0eHREYXRhIiBWYWx1ZT0iIiBSZWNvcmRlZFZhbHVlPSIiIENvcnJlbGF0aW9uQmluZGluZz0iIiBVcmxFbmNvZGU9IlRydWUiIC8+DQogICAgICAgIDxGb3JtUG9zdFBhcmFtZXRlciBOYW1lPSJkZGxPcmciIFZhbHVlPSIxIiBSZWNvcmRlZFZhbHVlPSIxIiBDb3JyZWxhdGlvbkJpbmRpbmc9Int7Rm9ybVBvc3RQYXJhbTEwNi5kZGxPcmd9fSIgVXJsRW5jb2RlPSJUcnVlIiAvPg0KICAgICAgICA8Rm9ybVBvc3RQYXJhbWV0ZXIgTmFtZT0idWNDYXNjYWRpbmdEcm9wRG93bjEkZGRsMDMiIFZhbHVlPSIwMDBHOTAiIFJlY29yZGVkVmFsdWU9IjAwMEc5MCIgQ29ycmVsYXRpb25CaW5kaW5nPSJ7e0Zvcm1Qb3N0UGFyYW0xMDcudWNDYXNjYWRpbmdEcm9wRG93bjEkZGRsMDN9fSIgVXJsRW5jb2RlPSJUcnVlIiAvPg0KICAgICAgICA8Rm9ybVBvc3RQYXJhbWV0ZXIgTmFtZT0idWNDYXNjYWRpbmdEcm9wRG93bjEkZGRsMDQiIFZhbHVlPSIiIFJlY29yZGVkVmFsdWU9IiIgQ29ycmVsYXRpb25CaW5kaW5nPSIiIFVybEVuY29kZT0iVHJ1ZSIgLz4NCiAgICAgICAgPEZvcm1Qb3N0UGFyYW1ldGVyIE5hbWU9InVjQ2FzY2FkaW5nRHJvcERvd24xJENhc2NhZGluZ0Ryb3BEb3duMV9DbGllbnRTdGF0ZSIgVmFsdWU9IlNQSEJLMTo6OuawuOixkOmKgOihjDo6OiIgUmVjb3JkZWRWYWx1ZT0iU1BIQksxOjo65rC46LGQ6YqA6KGMOjo6IiBDb3JyZWxhdGlvbkJpbmRpbmc9IiIgVXJsRW5jb2RlPSJUcnVlIiAvPg0KICAgICAgICA8Rm9ybVBvc3RQYXJhbWV0ZXIgTmFtZT0idWNDYXNjYWRpbmdEcm9wRG93bjEkQ2FzY2FkaW5nRHJvcERvd24yX0NsaWVudFN0YXRlIiBWYWx1ZT0iMDAwRzAwOjo6dW5kZWZpbmVkOjo6IiBSZWNvcmRlZFZhbHVlPSIwMDBHMDA6Ojp1bmRlZmluZWQ6OjoiIENvcnJlbGF0aW9uQmluZGluZz0iIiBVcmxFbmNvZGU9IlRydWUiIC8+DQogICAgICAgIDxGb3JtUG9zdFBhcmFtZXRlciBOYW1lPSJ1Y0Nhc2NhZGluZ0Ryb3BEb3duMSRDYXNjYWRpbmdEcm9wRG93bjNfQ2xpZW50U3RhdGUiIFZhbHVlPSIwMDBHOTA6Ojrkurros4fmlbjmk5rmh4nnlKjnp5E6OjoiIFJlY29yZGVkVmFsdWU9IjAwMEc5MDo6OuS6uuizh+aVuOaTmuaHieeUqOenkTo6OiIgQ29ycmVsYXRpb25CaW5kaW5nPSIiIFVybEVuY29kZT0iVHJ1ZSIgLz4NCiAgICAgICAgPEZvcm1Qb3N0UGFyYW1ldGVyIE5hbWU9InVjQ2FzY2FkaW5nRHJvcERvd24xJENhc2NhZGluZ0Ryb3BEb3duNF9DbGllbnRTdGF0ZSIgVmFsdWU9Int7JEhJRERFTjEudWNDYXNjYWRpbmdEcm9wRG93bjEkQ2FzY2FkaW5nRHJvcERvd240X0NsaWVudFN0YXRlfX0iIFJlY29yZGVkVmFsdWU9Ijo6Ojo6OiIgQ29ycmVsYXRpb25CaW5kaW5nPSIiIFVybEVuY29kZT0iVHJ1ZSIgLz4NCiAgICAgICAgPEZvcm1Qb3N0UGFyYW1ldGVyIE5hbWU9InVjQ2FzY2FkaW5nRHJvcERvd24xJENhc2NhZGluZ0Ryb3BEb3duNV9DbGllbnRTdGF0ZSIgVmFsdWU9Int7JEhJRERFTjEudWNDYXNjYWRpbmdEcm9wRG93bjEkQ2FzY2FkaW5nRHJvcERvd241X0NsaWVudFN0YXRlfX0iIFJlY29yZGVkVmFsdWU9IiIgQ29ycmVsYXRpb25CaW5kaW5nPSIiIFVybEVuY29kZT0iVHJ1ZSIgLz4NCiAgICAgICAgPEZvcm1Qb3N0UGFyYW1ldGVyIE5hbWU9InVjQ2FzY2FkaW5nRHJvcERvd24yJENhc2NhZGluZ0Ryb3BEb3duMV9DbGllbnRTdGF0ZSIgVmFsdWU9Int7JEhJRERFTjEudWNDYXNjYWRpbmdEcm9wRG93bjIkQ2FzY2FkaW5nRHJvcERvd24xX0NsaWVudFN0YXRlfX0iIFJlY29yZGVkVmFsdWU9Ijo6Ojo6OiIgQ29ycmVsYXRpb25CaW5kaW5nPSIiIFVybEVuY29kZT0iVHJ1ZSIgLz4NCiAgICAgICAgPEZvcm1Qb3N0UGFyYW1ldGVyIE5hbWU9InVjQ2FzY2FkaW5nRHJvcERvd24yJENhc2NhZGluZ0Ryb3BEb3duMl9DbGllbnRTdGF0ZSIgVmFsdWU9Int7JEhJRERFTjEudWNDYXNjYWRpbmdEcm9wRG93bjIkQ2FzY2FkaW5nRHJvcERvd24yX0NsaWVudFN0YXRlfX0iIFJlY29yZGVkVmFsdWU9Ijo6Ojo6OiIgQ29ycmVsYXRpb25CaW5kaW5nPSIiIFVybEVuY29kZT0iVHJ1ZSIgLz4NCiAgICAgICAgPEZvcm1Qb3N0UGFyYW1ldGVyIE5hbWU9InVjQ2FzY2FkaW5nRHJvcERvd24yJENhc2NhZGluZ0Ryb3BEb3duM19DbGllbnRTdGF0ZSIgVmFsdWU9Int7JEhJRERFTjEudWNDYXNjYWRpbmdEcm9wRG93bjIkQ2FzY2FkaW5nRHJvcERvd24zX0NsaWVudFN0YXRlfX0iIFJlY29yZGVkVmFsdWU9Ijo6Ojo6OiIgQ29ycmVsYXRpb25CaW5kaW5nPSIiIFVybEVuY29kZT0iVHJ1ZSIgLz4NCiAgICAgICAgPEZvcm1Qb3N0UGFyYW1ldGVyIE5hbWU9InVjQ2FzY2FkaW5nRHJvcERvd24yJENhc2NhZGluZ0Ryb3BEb3duNF9DbGllbnRTdGF0ZSIgVmFsdWU9Int7JEhJRERFTjEudWNDYXNjYWRpbmdEcm9wRG93bjIkQ2FzY2FkaW5nRHJvcERvd240X0NsaWVudFN0YXRlfX0iIFJlY29yZGVkVmFsdWU9IiIgQ29ycmVsYXRpb25CaW5kaW5nPSIiIFVybEVuY29kZT0iVHJ1ZSIgLz4NCiAgICAgICAgPEZvcm1Qb3N0UGFyYW1ldGVyIE5hbWU9InVjQ2FzY2FkaW5nRHJvcERvd24yJENhc2NhZGluZ0Ryb3BEb3duNV9DbGllbnRTdGF0ZSIgVmFsdWU9Int7JEhJRERFTjEudWNDYXNjYWRpbmdEcm9wRG93bjIkQ2FzY2FkaW5nRHJvcERvd241X0NsaWVudFN0YXRlfX0iIFJlY29yZGVkVmFsdWU9IiIgQ29ycmVsYXRpb25CaW5kaW5nPSIiIFVybEVuY29kZT0iVHJ1ZSIgLz4NCiAgICAgICAgPEZvcm1Qb3N0UGFyYW1ldGVyIE5hbWU9ImZyYW1lQXR0YWNoIiBWYWx1ZT0iL1V0aWwvQXR0YWNoQWRtaW4uYXNweD9BdHRhY2hEQj1BYXR0ZW5kYW50REJfSVRSRCZhbXA7QXR0YWNoSUQ9dGVzdDEwMjExOWQ3OTJkZGM4LTFmMGMtNGJlNi1iYTA2LTFiZDUyODBjYjI5YSZhbXA7QXR0YWNoRmlsZU1heFF0eT0xJmFtcDtBdHRhY2hGaWxlTWF4S0I9MzA3MiZhbXA7QXR0YWNoRmlsZVRvdEtCPTMwNzImYW1wO0F0dGFjaEZpbGVFeHRMaXN0PSIgUmVjb3JkZWRWYWx1ZT0iL1V0aWwvQXR0YWNoQWRtaW4uYXNweD9BdHRhY2hEQj1BYXR0ZW5kYW50REJfSVRSRCZhbXA7QXR0YWNoSUQ9dGVzdDEwMjExOWQ3OTJkZGM4LTFmMGMtNGJlNi1iYTA2LTFiZDUyODBjYjI5YSZhbXA7QXR0YWNoRmlsZU1heFF0eT0xJmFtcDtBdHRhY2hGaWxlTWF4S0I9MzA3MiZhbXA7QXR0YWNoRmlsZVRvdEtCPTMwNzImYW1wO0F0dGFjaEZpbGVFeHRMaXN0PSIgQ29ycmVsYXRpb25CaW5kaW5nPSIiIFVybEVuY29kZT0iVHJ1ZSIgLz4NCiAgICAgICAgPEZvcm1Qb3N0UGFyYW1ldGVyIE5hbWU9InVjTW9kYWxQb3B1cDEkQ2xpZW50V2lkdGgiIFZhbHVlPSJ7eyRISURERU4xLnVjTW9kYWxQb3B1cDEkQ2xpZW50V2lkdGh9fSIgUmVjb3JkZWRWYWx1ZT0iMCIgQ29ycmVsYXRpb25CaW5kaW5nPSIiIFVybEVuY29kZT0iVHJ1ZSIgLz4NCiAgICAgICAgPEZvcm1Qb3N0UGFyYW1ldGVyIE5hbWU9InVjTW9kYWxQb3B1cDEkQ2xpZW50SGVpZ2h0IiBWYWx1ZT0ie3skSElEREVOMS51Y01vZGFsUG9wdXAxJENsaWVudEhlaWdodH19IiBSZWNvcmRlZFZhbHVlPSIwIiBDb3JyZWxhdGlvbkJpbmRpbmc9IiIgVXJsRW5jb2RlPSJUcnVlIiAvPg0KICAgICAgICA8Rm9ybVBvc3RQYXJhbWV0ZXIgTmFtZT0iaGlkZGVuSW5wdXRUb1VwZGF0ZUFUQnVmZmVyX0NvbW1vblRvb2xraXRTY3JpcHRzIiBWYWx1ZT0iMCIgUmVjb3JkZWRWYWx1ZT0iMCIgQ29ycmVsYXRpb25CaW5kaW5nPSJ7e0Zvcm1Qb3N0UGFyYW0xMDguaGlkZGVuSW5wdXRUb1VwZGF0ZUFUQnVmZmVyX0NvbW1vblRvb2xraXRTY3JpcHRzfX0iIFVybEVuY29kZT0iVHJ1ZSIgLz4NCiAgICAgIDwvRm9ybVBvc3RIdHRwQm9keT4NCiAgICA8L1JlcXVlc3Q+DQogICAgPFJlcXVlc3QgTWV0aG9kPSJQT1NUIiBHdWlkPSI5MDlhYWY5YS0zZjEzLTRiMmItYTg3Zi0xY2IxMzA3MmY3YTQiIFZlcnNpb249IjEuMSIgVXJsPSJodHRwOi8vMTAuMTEuMzYuMTE0OjgwMDcvT3ZlclRpbWUvT3ZlcnRpbWVQcmVPcmRlcl9BZGQuYXNweCIgVGhpbmtUaW1lPSIwIiBUaW1lb3V0PSIzMDAiIFBhcnNlRGVwZW5kZW50UmVxdWVzdHM9IlRydWUiIEZvbGxvd1JlZGlyZWN0cz0iVHJ1ZSIgUmVjb3JkUmVzdWx0PSJUcnVlIiBDYWNoZT0iRmFsc2UiIFJlc3BvbnNlVGltZUdvYWw9IjAiIEVuY29kaW5nPSJ1dGYtOCIgRXhwZWN0ZWRIdHRwU3RhdHVzQ29kZT0iMCIgRXhwZWN0ZWRSZXNwb25zZVVybD0iIiBSZXBvcnRpbmdOYW1lPSIiIElnbm9yZUh0dHBTdGF0dXNDb2RlPSJGYWxzZSI+DQogICAgICA8RXh0cmFjdGlvblJ1bGVzPg0KICAgICAgICA8RXh0cmFjdGlvblJ1bGUgQ2xhc3NuYW1lPSJNaWNyb3NvZnQuVmlzdWFsU3R1ZGlvLlRlc3RUb29scy5XZWJUZXN0aW5nLlJ1bGVzLkV4dHJhY3RIaWRkZW5GaWVsZHMsIE1pY3Jvc29mdC5WaXN1YWxTdHVkaW8uUXVhbGl0eVRvb2xzLldlYlRlc3RGcmFtZXdvcmssIFZlcnNpb249MTAuMC4wLjAsIEN1bHR1cmU9bmV1dHJhbCwgUHVibGljS2V5VG9rZW49YjAzZjVmN2YxMWQ1MGEzYSIgVmFyaWFibGVOYW1lPSIxIiBEaXNwbGF5TmFtZT0i5pO35Y+W6Zqx6JeP5qyE5L2NIiBEZXNjcmlwdGlvbj0i5pO35Y+W5Zue5oeJ5Lit55qE5omA5pyJ6Zqx6JeP5qyE5L2N77yM5Lim5bCH5a6D5YCR5pS+5Zyo5ris6Kmm5YWn5a655Lit44CCIj4NCiAgICAgICAgICA8UnVsZVBhcmFtZXRlcnM+DQogICAgICAgICAgICA8UnVsZVBhcmFtZXRlciBOYW1lPSJSZXF1aXJlZCIgVmFsdWU9IlRydWUiIC8+DQogICAgICAgICAgICA8UnVsZVBhcmFtZXRlciBOYW1lPSJIdG1sRGVjb2RlIiBWYWx1ZT0iVHJ1ZSIgLz4NCiAgICAgICAgICA8L1J1bGVQYXJhbWV0ZXJzPg0KICAgICAgICA8L0V4dHJhY3Rpb25SdWxlPg0KICAgICAgPC9FeHRyYWN0aW9uUnVsZXM+DQogICAgICA8Q29ycmVsYXRpb25FeHRyYWN0aW9uUnVsZXM+DQogICAgICAgIDxFeHRyYWN0aW9uUnVsZSBDbGFzc25hbWU9Ik1pY3Jvc29mdC5WaXN1YWxTdHVkaW8uVGVzdFRvb2xzLldlYlRlc3RpbmcuUnVsZXMuRXh0cmFjdEZvcm1GaWVsZCwgTWljcm9zb2Z0LlZpc3VhbFN0dWRpby5RdWFsaXR5VG9vbHMuV2ViVGVzdEZyYW1ld29yaywgVmVyc2lvbj0xMC4wLjAuMCwgQ3VsdHVyZT1uZXV0cmFsLCBQdWJsaWNLZXlUb2tlbj1iMDNmNWY3ZjExZDUwYTNhIiBWYXJpYWJsZU5hbWU9IkZvcm1Qb3N0UGFyYW02Mi5PVEVtcElEIiBEaXNwbGF5TmFtZT0iIiBEZXNjcmlwdGlvbj0iIj4NCiAgICAgICAgICA8UnVsZVBhcmFtZXRlcnM+DQogICAgICAgICAgICA8UnVsZVBhcmFtZXRlciBOYW1lPSJOYW1lIiBWYWx1ZT0icmJ0U2luZ2xlRW1wSUQiIC8+DQogICAgICAgICAgICA8UnVsZVBhcmFtZXRlciBOYW1lPSJIdG1sRGVjb2RlIiBWYWx1ZT0iVHJ1ZSIgLz4NCiAgICAgICAgICAgIDxSdWxlUGFyYW1ldGVyIE5hbWU9IlJlcXVpcmVkIiBWYWx1ZT0iRmFsc2UiIC8+DQogICAgICAgICAgICA8UnVsZVBhcmFtZXRlciBOYW1lPSJJbmRleCIgVmFsdWU9IjAiIC8+DQogICAgICAgICAgPC9SdWxlUGFyYW1ldGVycz4NCiAgICAgICAgPC9FeHRyYWN0aW9uUnVsZT4NCiAgICAgICAgPEV4dHJhY3Rpb25SdWxlIENsYXNzbmFtZT0iTWljcm9zb2Z0LlZpc3VhbFN0dWRpby5UZXN0VG9vbHMuV2ViVGVzdGluZy5SdWxlcy5FeHRyYWN0Rm9ybUZpZWxkLCBNaWNyb3NvZnQuVmlzdWFsU3R1ZGlvLlF1YWxpdHlUb29scy5XZWJUZXN0RnJhbWV3b3JrLCBWZXJzaW9uPTEwLjAuMC4wLCBDdWx0dXJlPW5ldXRyYWwsIFB1YmxpY0tleVRva2VuPWIwM2Y1ZjdmMTFkNTBhM2EiIFZhcmlhYmxlTmFtZT0iRm9ybVBvc3RQYXJhbTYzLnR4dE9URW1wSUQiIERpc3BsYXlOYW1lPSIiIERlc2NyaXB0aW9uPSIiPg0KICAgICAgICAgIDxSdWxlUGFyYW1ldGVycz4NCiAgICAgICAgICAgIDxSdWxlUGFyYW1ldGVyIE5hbWU9Ik5hbWUiIFZhbHVlPSJ0eHRPVEVtcElEIiAvPg0KICAgICAgICAgICAgPFJ1bGVQYXJhbWV0ZXIgTmFtZT0iSHRtbERlY29kZSIgVmFsdWU9IlRydWUiIC8+DQogICAgICAgICAgICA8UnVsZVBhcmFtZXRlciBOYW1lPSJSZXF1aXJlZCIgVmFsdWU9IkZhbHNlIiAvPg0KICAgICAgICAgICAgPFJ1bGVQYXJhbWV0ZXIgTmFtZT0iSW5kZXgiIFZhbHVlPSIwIiAvPg0KICAgICAgICAgIDwvUnVsZVBhcmFtZXRlcnM+DQogICAgICAgIDwvRXh0cmFjdGlvblJ1bGU+DQogICAgICAgIDxFeHRyYWN0aW9uUnVsZSBDbGFzc25hbWU9Ik1pY3Jvc29mdC5WaXN1YWxTdHVkaW8uVGVzdFRvb2xzLldlYlRlc3RpbmcuUnVsZXMuRXh0cmFjdEZvcm1GaWVsZCwgTWljcm9zb2Z0LlZpc3VhbFN0dWRpby5RdWFsaXR5VG9vbHMuV2ViVGVzdEZyYW1ld29yaywgVmVyc2lvbj0xMC4wLjAuMCwgQ3VsdHVyZT1uZXV0cmFsLCBQdWJsaWNLZXlUb2tlbj1iMDNmNWY3ZjExZDUwYTNhIiBWYXJpYWJsZU5hbWU9IkZvcm1Qb3N0UGFyYW02NC50eHRPVEVtcE5hbWUiIERpc3BsYXlOYW1lPSIiIERlc2NyaXB0aW9uPSIiPg0KICAgICAgICAgIDxSdWxlUGFyYW1ldGVycz4NCiAgICAgICAgICAgIDxSdWxlUGFyYW1ldGVyIE5hbWU9Ik5hbWUiIFZhbHVlPSJ0eHRPVEVtcE5hbWUiIC8+DQogICAgICAgICAgICA8UnVsZVBhcmFtZXRlciBOYW1lPSJIdG1sRGVjb2RlIiBWYWx1ZT0iVHJ1ZSIgLz4NCiAgICAgICAgICAgIDxSdWxlUGFyYW1ldGVyIE5hbWU9IlJlcXVpcmVkIiBWYWx1ZT0iRmFsc2UiIC8+DQogICAgICAgICAgICA8UnVsZVBhcmFtZXRlciBOYW1lPSJJbmRleCIgVmFsdWU9IjAiIC8+DQogICAgICAgICAgPC9SdWxlUGFyYW1ldGVycz4NCiAgICAgICAgPC9FeHRyYWN0aW9uUnVsZT4NCiAgICAgICAgPEV4dHJhY3Rpb25SdWxlIENsYXNzbmFtZT0iTWljcm9zb2Z0LlZpc3VhbFN0dWRpby5UZXN0VG9vbHMuV2ViVGVzdGluZy5SdWxlcy5FeHRyYWN0Rm9ybUZpZWxkLCBNaWNyb3NvZnQuVmlzdWFsU3R1ZGlvLlF1YWxpdHlUb29scy5XZWJUZXN0RnJhbWV3b3JrLCBWZXJzaW9uPTEwLjAuMC4wLCBDdWx0dXJlPW5ldXRyYWwsIFB1YmxpY0tleVRva2VuPWIwM2Y1ZjdmMTFkNTBhM2EiIFZhcmlhYmxlTmFtZT0iRm9ybVBvc3RQYXJhbTY1LnVjRGF0ZVN0YXJ0JHR4dERhdGUiIERpc3BsYXlOYW1lPSIiIERlc2NyaXB0aW9uPSIiPg0KICAgICAgICAgIDxSdWxlUGFyYW1ldGVycz4NCiAgICAgICAgICAgIDxSdWxlUGFyYW1ldGVyIE5hbWU9Ik5hbWUiIFZhbHVlPSJ1Y0RhdGVTdGFydF90eHREYXRlIiAvPg0KICAgICAgICAgICAgPFJ1bGVQYXJhbWV0ZXIgTmFtZT0iSHRtbERlY29kZSIgVmFsdWU9IlRydWUiIC8+DQogICAgICAgICAgICA8UnVsZVBhcmFtZXRlciBOYW1lPSJSZXF1aXJlZCIgVmFsdWU9IkZhbHNlIiAvPg0KICAgICAgICAgICAgPFJ1bGVQYXJhbWV0ZXIgTmFtZT0iSW5kZXgiIFZhbHVlPSIwIiAvPg0KICAgICAgICAgIDwvUnVsZVBhcmFtZXRlcnM+DQogICAgICAgIDwvRXh0cmFjdGlvblJ1bGU+DQogICAgICAgIDxFeHRyYWN0aW9uUnVsZSBDbGFzc25hbWU9Ik1pY3Jvc29mdC5WaXN1YWxTdHVkaW8uVGVzdFRvb2xzLldlYlRlc3RpbmcuUnVsZXMuRXh0cmFjdEZvcm1GaWVsZCwgTWljcm9zb2Z0LlZpc3VhbFN0dWRpby5RdWFsaXR5VG9vbHMuV2ViVGVzdEZyYW1ld29yaywgVmVyc2lvbj0xMC4wLjAuMCwgQ3VsdHVyZT1uZXV0cmFsLCBQdWJsaWNLZXlUb2tlbj1iMDNmNWY3ZjExZDUwYTNhIiBWYXJpYWJsZU5hbWU9IkZvcm1Qb3N0UGFyYW02Ni51Y0RhdGVFbmQkdHh0RGF0ZSIgRGlzcGxheU5hbWU9IiIgRGVzY3JpcHRpb249IiI+DQogICAgICAgICAgPFJ1bGVQYXJhbWV0ZXJzPg0KICAgICAgICAgICAgPFJ1bGVQYXJhbWV0ZXIgTmFtZT0iTmFtZSIgVmFsdWU9InVjRGF0ZUVuZF90eHREYXRlIiAvPg0KICAgICAgICAgICAgPFJ1bGVQYXJhbWV0ZXIgTmFtZT0iSHRtbERlY29kZSIgVmFsdWU9IlRydWUiIC8+DQogICAgICAgICAgICA8UnVsZVBhcmFtZXRlciBOYW1lPSJSZXF1aXJlZCIgVmFsdWU9IkZhbHNlIiAvPg0KICAgICAgICAgICAgPFJ1bGVQYXJhbWV0ZXIgTmFtZT0iSW5kZXgiIFZhbHVlPSIwIiAvPg0KICAgICAgICAgIDwvUnVsZVBhcmFtZXRlcnM+DQogICAgICAgIDwvRXh0cmFjdGlvblJ1bGU+DQogICAgICAgIDxFeHRyYWN0aW9uUnVsZSBDbGFzc25hbWU9Ik1pY3Jvc29mdC5WaXN1YWxTdHVkaW8uVGVzdFRvb2xzLldlYlRlc3RpbmcuUnVsZXMuRXh0cmFjdEZvcm1GaWVsZCwgTWljcm9zb2Z0LlZpc3VhbFN0dWRpby5RdWFsaXR5VG9vbHMuV2ViVGVzdEZyYW1ld29yaywgVmVyc2lvbj0xMC4wLjAuMCwgQ3VsdHVyZT1uZXV0cmFsLCBQdWJsaWNLZXlUb2tlbj1iMDNmNWY3ZjExZDUwYTNhIiBWYXJpYWJsZU5hbWU9IkZvcm1Qb3N0UGFyYW02Ny50eHRNZWFsVGltZSIgRGlzcGxheU5hbWU9IiIgRGVzY3JpcHRpb249IiI+DQogICAgICAgICAgPFJ1bGVQYXJhbWV0ZXJzPg0KICAgICAgICAgICAgPFJ1bGVQYXJhbWV0ZXIgTmFtZT0iTmFtZSIgVmFsdWU9InR4dE1lYWxUaW1lIiAvPg0KICAgICAgICAgICAgPFJ1bGVQYXJhbWV0ZXIgTmFtZT0iSHRtbERlY29kZSIgVmFsdWU9IlRydWUiIC8+DQogICAgICAgICAgICA8UnVsZVBhcmFtZXRlciBOYW1lPSJSZXF1aXJlZCIgVmFsdWU9IkZhbHNlIiAvPg0KICAgICAgICAgICAgPFJ1bGVQYXJhbWV0ZXIgTmFtZT0iSW5kZXgiIFZhbHVlPSIwIiAvPg0KICAgICAgICAgIDwvUnVsZVBhcmFtZXRlcnM+DQogICAgICAgIDwvRXh0cmFjdGlvblJ1bGU+DQogICAgICAgIDxFeHRyYWN0aW9uUnVsZSBDbGFzc25hbWU9Ik1pY3Jvc29mdC5WaXN1YWxTdHVkaW8uVGVzdFRvb2xzLldlYlRlc3RpbmcuUnVsZXMuRXh0cmFjdFRleHQsIE1pY3Jvc29mdC5WaXN1YWxTdHVkaW8uUXVhbGl0eVRvb2xzLldlYlRlc3RGcmFtZXdvcmssIFZlcnNpb249MTAuMC4wLjAsIEN1bHR1cmU9bmV1dHJhbCwgUHVibGljS2V5VG9rZW49YjAzZjVmN2YxMWQ1MGEzYSIgVmFyaWFibGVOYW1lPSJGb3JtUG9zdFBhcmFtNjguX19FVkVOVFRBUkdFVCIgRGlzcGxheU5hbWU9IiIgRGVzY3JpcHRpb249IiI+DQogICAgICAgICAgPFJ1bGVQYXJhbWV0ZXJzPg0KICAgICAgICAgICAgPFJ1bGVQYXJhbWV0ZXIgTmFtZT0iU3RhcnRzV2l0aCIgVmFsdWU9ImFtZT0mcXVvdDsiIC8+DQogICAgICAgICAgICA8UnVsZVBhcmFtZXRlciBOYW1lPSJFbmRzV2l0aCIgVmFsdWU9IiZxdW90OyBvbmMiIC8+DQogICAgICAgICAgICA8UnVsZVBhcmFtZXRlciBOYW1lPSJJbmRleCIgVmFsdWU9IjM0IiAvPg0KICAgICAgICAgICAgPFJ1bGVQYXJhbWV0ZXIgTmFtZT0iSWdub3JlQ2FzZSIgVmFsdWU9IkZhbHNlIiAvPg0KICAgICAgICAgICAgPFJ1bGVQYXJhbWV0ZXIgTmFtZT0iVXNlUmVndWxhckV4cHJlc3Npb24iIFZhbHVlPSJGYWxzZSIgLz4NCiAgICAgICAgICAgIDxSdWxlUGFyYW1ldGVyIE5hbWU9Ikh0bWxEZWNvZGUiIFZhbHVlPSJUcnVlIiAvPg0KICAgICAgICAgICAgPFJ1bGVQYXJhbWV0ZXIgTmFtZT0iUmVxdWlyZWQiIFZhbHVlPSJGYWxzZSIgLz4NCiAgICAgICAgICA8L1J1bGVQYXJhbWV0ZXJzPg0KICAgICAgICA8L0V4dHJhY3Rpb25SdWxlPg0KICAgICAgICA8RXh0cmFjdGlvblJ1bGUgQ2xhc3NuYW1lPSJNaWNyb3NvZnQuVmlzdWFsU3R1ZGlvLlRlc3RUb29scy5XZWJUZXN0aW5nLlJ1bGVzLkV4dHJhY3RUZXh0LCBNaWNyb3NvZnQuVmlzdWFsU3R1ZGlvLlF1YWxpdHlUb29scy5XZWJUZXN0RnJhbWV3b3JrLCBWZXJzaW9uPTEwLjAuMC4wLCBDdWx0dXJlPW5ldXRyYWwsIFB1YmxpY0tleVRva2VuPWIwM2Y1ZjdmMTFkNTBhM2EiIFZhcmlhYmxlTmFtZT0iRm9ybVBvc3RQYXJhbTY5Lk9UVGltZVN0YXJ0JGRkbEhIIiBEaXNwbGF5TmFtZT0iIiBEZXNjcmlwdGlvbj0iIj4NCiAgICAgICAgICA8UnVsZVBhcmFtZXRlcnM+DQogICAgICAgICAgICA8UnVsZVBhcmFtZXRlciBOYW1lPSJTdGFydHNXaXRoIiBWYWx1ZT0ibHVlPSZxdW90OyIgLz4NCiAgICAgICAgICAgIDxSdWxlUGFyYW1ldGVyIE5hbWU9IkVuZHNXaXRoIiBWYWx1ZT0iJnF1b3Q7Jmd0OzAwJmx0OyIgLz4NCiAgICAgICAgICAgIDxSdWxlUGFyYW1ldGVyIE5hbWU9IkluZGV4IiBWYWx1ZT0iMzAiIC8+DQogICAgICAgICAgICA8UnVsZVBhcmFtZXRlciBOYW1lPSJJZ25vcmVDYXNlIiBWYWx1ZT0iRmFsc2UiIC8+DQogICAgICAgICAgICA8UnVsZVBhcmFtZXRlciBOYW1lPSJVc2VSZWd1bGFyRXhwcmVzc2lvbiIgVmFsdWU9IkZhbHNlIiAvPg0KICAgICAgICAgICAgPFJ1bGVQYXJhbWV0ZXIgTmFtZT0iSHRtbERlY29kZSIgVmFsdWU9IlRydWUiIC8+DQogICAgICAgICAgICA8UnVsZVBhcmFtZXRlciBOYW1lPSJSZXF1aXJlZCIgVmFsdWU9IkZhbHNlIiAvPg0KICAgICAgICAgIDwvUnVsZVBhcmFtZXRlcnM+DQogICAgICAgIDwvRXh0cmFjdGlvblJ1bGU+DQogICAgICAgIDxFeHRyYWN0aW9uUnVsZSBDbGFzc25hbWU9Ik1pY3Jvc29mdC5WaXN1YWxTdHVkaW8uVGVzdFRvb2xzLldlYlRlc3RpbmcuUnVsZXMuRXh0cmFjdFRleHQsIE1pY3Jvc29mdC5WaXN1YWxTdHVkaW8uUXVhbGl0eVRvb2xzLldlYlRlc3RGcmFtZXdvcmssIFZlcnNpb249MTAuMC4wLjAsIEN1bHR1cmU9bmV1dHJhbCwgUHVibGljS2V5VG9rZW49YjAzZjVmN2YxMWQ1MGEzYSIgVmFyaWFibGVOYW1lPSJGb3JtUG9zdFBhcmFtNzAuT1RUaW1lU3RhcnQkZGRsTU0iIERpc3BsYXlOYW1lPSIiIERlc2NyaXB0aW9uPSIiPg0KICAgICAgICAgIDxSdWxlUGFyYW1ldGVycz4NCiAgICAgICAgICAgIDxSdWxlUGFyYW1ldGVyIE5hbWU9IlN0YXJ0c1dpdGgiIFZhbHVlPSJsdWU9JnF1b3Q7IiAvPg0KICAgICAgICAgICAgPFJ1bGVQYXJhbWV0ZXIgTmFtZT0iRW5kc1dpdGgiIFZhbHVlPSImcXVvdDsmZ3Q7MDAmbHQ7IiAvPg0KICAgICAgICAgICAgPFJ1bGVQYXJhbWV0ZXIgTmFtZT0iSW5kZXgiIFZhbHVlPSIzMCIgLz4NCiAgICAgICAgICAgIDxSdWxlUGFyYW1ldGVyIE5hbWU9Iklnbm9yZUNhc2UiIFZhbHVlPSJGYWxzZSIgLz4NCiAgICAgICAgICAgIDxSdWxlUGFyYW1ldGVyIE5hbWU9IlVzZVJlZ3VsYXJFeHByZXNzaW9uIiBWYWx1ZT0iRmFsc2UiIC8+DQogICAgICAgICAgICA8UnVsZVBhcmFtZXRlciBOYW1lPSJIdG1sRGVjb2RlIiBWYWx1ZT0iVHJ1ZSIgLz4NCiAgICAgICAgICAgIDxSdWxlUGFyYW1ldGVyIE5hbWU9IlJlcXVpcmVkIiBWYWx1ZT0iRmFsc2UiIC8+DQogICAgICAgICAgPC9SdWxlUGFyYW1ldGVycz4NCiAgICAgICAgPC9FeHRyYWN0aW9uUnVsZT4NCiAgICAgICAgPEV4dHJhY3Rpb25SdWxlIENsYXNzbmFtZT0iTWljcm9zb2Z0LlZpc3VhbFN0dWRpby5UZXN0VG9vbHMuV2ViVGVzdGluZy5SdWxlcy5FeHRyYWN0VGV4dCwgTWljcm9zb2Z0LlZpc3VhbFN0dWRpby5RdWFsaXR5VG9vbHMuV2ViVGVzdEZyYW1ld29yaywgVmVyc2lvbj0xMC4wLjAuMCwgQ3VsdHVyZT1uZXV0cmFsLCBQdWJsaWNLZXlUb2tlbj1iMDNmNWY3ZjExZDUwYTNhIiBWYXJpYWJsZU5hbWU9IkZvcm1Qb3N0UGFyYW03MS5PVFRpbWVFbmQkZGRsSEgiIERpc3BsYXlOYW1lPSIiIERlc2NyaXB0aW9uPSIiPg0KICAgICAgICAgIDxSdWxlUGFyYW1ldGVycz4NCiAgICAgICAgICAgIDxSdWxlUGFyYW1ldGVyIE5hbWU9IlN0YXJ0c1dpdGgiIFZhbHVlPSJsdWU9JnF1b3Q7IiAvPg0KICAgICAgICAgICAgPFJ1bGVQYXJhbWV0ZXIgTmFtZT0iRW5kc1dpdGgiIFZhbHVlPSImcXVvdDsmZ3Q7MDEmbHQ7IiAvPg0KICAgICAgICAgICAgPFJ1bGVQYXJhbWV0ZXIgTmFtZT0iSW5kZXgiIFZhbHVlPSIzMSIgLz4NCiAgICAgICAgICAgIDxSdWxlUGFyYW1ldGVyIE5hbWU9Iklnbm9yZUNhc2UiIFZhbHVlPSJGYWxzZSIgLz4NCiAgICAgICAgICAgIDxSdWxlUGFyYW1ldGVyIE5hbWU9IlVzZVJlZ3VsYXJFeHByZXNzaW9uIiBWYWx1ZT0iRmFsc2UiIC8+DQogICAgICAgICAgICA8UnVsZVBhcmFtZXRlciBOYW1lPSJIdG1sRGVjb2RlIiBWYWx1ZT0iVHJ1ZSIgLz4NCiAgICAgICAgICAgIDxSdWxlUGFyYW1ldGVyIE5hbWU9IlJlcXVpcmVkIiBWYWx1ZT0iRmFsc2UiIC8+DQogICAgICAgICAgPC9SdWxlUGFyYW1ldGVycz4NCiAgICAgICAgPC9FeHRyYWN0aW9uUnVsZT4NCiAgICAgICAgPEV4dHJhY3Rpb25SdWxlIENsYXNzbmFtZT0iTWljcm9zb2Z0LlZpc3VhbFN0dWRpby5UZXN0VG9vbHMuV2ViVGVzdGluZy5SdWxlcy5FeHRyYWN0VGV4dCwgTWljcm9zb2Z0LlZpc3VhbFN0dWRpby5RdWFsaXR5VG9vbHMuV2ViVGVzdEZyYW1ld29yaywgVmVyc2lvbj0xMC4wLjAuMCwgQ3VsdHVyZT1uZXV0cmFsLCBQdWJsaWNLZXlUb2tlbj1iMDNmNWY3ZjExZDUwYTNhIiBWYXJpYWJsZU5hbWU9IkZvcm1Qb3N0UGFyYW03Mi5PVFRpbWVFbmQkZGRsTU0iIERpc3BsYXlOYW1lPSIiIERlc2NyaXB0aW9uPSIiPg0KICAgICAgICAgIDxSdWxlUGFyYW1ldGVycz4NCiAgICAgICAgICAgIDxSdWxlUGFyYW1ldGVyIE5hbWU9IlN0YXJ0c1dpdGgiIFZhbHVlPSJsdWU9JnF1b3Q7IiAvPg0KICAgICAgICAgICAgPFJ1bGVQYXJhbWV0ZXIgTmFtZT0iRW5kc1dpdGgiIFZhbHVlPSImcXVvdDsmZ3Q7MDAmbHQ7IiAvPg0KICAgICAgICAgICAgPFJ1bGVQYXJhbWV0ZXIgTmFtZT0iSW5kZXgiIFZhbHVlPSIzMCIgLz4NCiAgICAgICAgICAgIDxSdWxlUGFyYW1ldGVyIE5hbWU9Iklnbm9yZUNhc2UiIFZhbHVlPSJGYWxzZSIgLz4NCiAgICAgICAgICAgIDxSdWxlUGFyYW1ldGVyIE5hbWU9IlVzZVJlZ3VsYXJFeHByZXNzaW9uIiBWYWx1ZT0iRmFsc2UiIC8+DQogICAgICAgICAgICA8UnVsZVBhcmFtZXRlciBOYW1lPSJIdG1sRGVjb2RlIiBWYWx1ZT0iVHJ1ZSIgLz4NCiAgICAgICAgICAgIDxSdWxlUGFyYW1ldGVyIE5hbWU9IlJlcXVpcmVkIiBWYWx1ZT0iRmFsc2UiIC8+DQogICAgICAgICAgPC9SdWxlUGFyYW1ldGVycz4NCiAgICAgICAgPC9FeHRyYWN0aW9uUnVsZT4NCiAgICAgICAgPEV4dHJhY3Rpb25SdWxlIENsYXNzbmFtZT0iTWljcm9zb2Z0LlZpc3VhbFN0dWRpby5UZXN0VG9vbHMuV2ViVGVzdGluZy5SdWxlcy5FeHRyYWN0VGV4dCwgTWljcm9zb2Z0LlZpc3VhbFN0dWRpby5RdWFsaXR5VG9vbHMuV2ViVGVzdEZyYW1ld29yaywgVmVyc2lvbj0xMC4wLjAuMCwgQ3VsdHVyZT1uZXV0cmFsLCBQdWJsaWNLZXlUb2tlbj1iMDNmNWY3ZjExZDUwYTNhIiBWYXJpYWJsZU5hbWU9IkZvcm1Qb3N0UGFyYW03My5kZGxPVFR5cGVJRCIgRGlzcGxheU5hbWU9IiIgRGVzY3JpcHRpb249IiI+DQogICAgICAgICAgPFJ1bGVQYXJhbWV0ZXJzPg0KICAgICAgICAgICAgPFJ1bGVQYXJhbWV0ZXIgTmFtZT0iU3RhcnRzV2l0aCIgVmFsdWU9InMmcXVvdDs6WyZxdW90OyIgLz4NCiAgICAgICAgICAgIDxSdWxlUGFyYW1ldGVyIE5hbWU9IkVuZHNXaXRoIiBWYWx1ZT0iJnF1b3Q7LCZxdW90OzEmcXVvdDsiIC8+DQogICAgICAgICAgICA8UnVsZVBhcmFtZXRlciBOYW1lPSJJbmRleCIgVmFsdWU9IjAiIC8+DQogICAgICAgICAgICA8UnVsZVBhcmFtZXRlciBOYW1lPSJJZ25vcmVDYXNlIiBWYWx1ZT0iRmFsc2UiIC8+DQogICAgICAgICAgICA8UnVsZVBhcmFtZXRlciBOYW1lPSJVc2VSZWd1bGFyRXhwcmVzc2lvbiIgVmFsdWU9IkZhbHNlIiAvPg0KICAgICAgICAgICAgPFJ1bGVQYXJhbWV0ZXIgTmFtZT0iSHRtbERlY29kZSIgVmFsdWU9IlRydWUiIC8+DQogICAgICAgICAgICA8UnVsZVBhcmFtZXRlciBOYW1lPSJSZXF1aXJlZCIgVmFsdWU9IkZhbHNlIiAvPg0KICAgICAgICAgIDwvUnVsZVBhcmFtZXRlcnM+DQogICAgICAgIDwvRXh0cmFjdGlvblJ1bGU+DQogICAgICAgIDxFeHRyYWN0aW9uUnVsZSBDbGFzc25hbWU9Ik1pY3Jvc29mdC5WaXN1YWxTdHVkaW8uVGVzdFRvb2xzLldlYlRlc3RpbmcuUnVsZXMuRXh0cmFjdFRleHQsIE1pY3Jvc29mdC5WaXN1YWxTdHVkaW8uUXVhbGl0eVRvb2xzLldlYlRlc3RGcmFtZXdvcmssIFZlcnNpb249MTAuMC4wLjAsIEN1bHR1cmU9bmV1dHJhbCwgUHVibGljS2V5VG9rZW49YjAzZjVmN2YxMWQ1MGEzYSIgVmFyaWFibGVOYW1lPSJGb3JtUG9zdFBhcmFtNzQuZGRsT3JnIiBEaXNwbGF5TmFtZT0iIiBEZXNjcmlwdGlvbj0iIj4NCiAgICAgICAgICA8UnVsZVBhcmFtZXRlcnM+DQogICAgICAgICAgICA8UnVsZVBhcmFtZXRlciBOYW1lPSJTdGFydHNXaXRoIiBWYWx1ZT0iJnF1b3Q7MCZxdW90OywmcXVvdDsiIC8+DQogICAgICAgICAgICA8UnVsZVBhcmFtZXRlciBOYW1lPSJFbmRzV2l0aCIgVmFsdWU9IiZxdW90OywmcXVvdDsyJnF1b3Q7IiAvPg0KICAgICAgICAgICAgPFJ1bGVQYXJhbWV0ZXIgTmFtZT0iSW5kZXgiIFZhbHVlPSIwIiAvPg0KICAgICAgICAgICAgPFJ1bGVQYXJhbWV0ZXIgTmFtZT0iSWdub3JlQ2FzZSIgVmFsdWU9IkZhbHNlIiAvPg0KICAgICAgICAgICAgPFJ1bGVQYXJhbWV0ZXIgTmFtZT0iVXNlUmVndWxhckV4cHJlc3Npb24iIFZhbHVlPSJGYWxzZSIgLz4NCiAgICAgICAgICAgIDxSdWxlUGFyYW1ldGVyIE5hbWU9Ikh0bWxEZWNvZGUiIFZhbHVlPSJUcnVlIiAvPg0KICAgICAgICAgICAgPFJ1bGVQYXJhbWV0ZXIgTmFtZT0iUmVxdWlyZWQiIFZhbHVlPSJGYWxzZSIgLz4NCiAgICAgICAgICA8L1J1bGVQYXJhbWV0ZXJzPg0KICAgICAgICA8L0V4dHJhY3Rpb25SdWxlPg0KICAgICAgICA8RXh0cmFjdGlvblJ1bGUgQ2xhc3NuYW1lPSJNaWNyb3NvZnQuVmlzdWFsU3R1ZGlvLlRlc3RUb29scy5XZWJUZXN0aW5nLlJ1bGVzLkV4dHJhY3RUZXh0LCBNaWNyb3NvZnQuVmlzdWFsU3R1ZGlvLlF1YWxpdHlUb29scy5XZWJUZXN0RnJhbWV3b3JrLCBWZXJzaW9uPTEwLjAuMC4wLCBDdWx0dXJlPW5ldXRyYWwsIFB1YmxpY0tleVRva2VuPWIwM2Y1ZjdmMTFkNTBhM2EiIFZhcmlhYmxlTmFtZT0iRm9ybVBvc3RQYXJhbTc1LnVjQ2FzY2FkaW5nRHJvcERvd24xJGRkbDAyIiBEaXNwbGF5TmFtZT0iIiBEZXNjcmlwdGlvbj0iIj4NCiAgICAgICAgICA8UnVsZVBhcmFtZXRlcnM+DQogICAgICAgICAgICA8UnVsZVBhcmFtZXRlciBOYW1lPSJTdGFydHNXaXRoIiBWYWx1ZT0ibHVlPSZxdW90OyIgLz4NCiAgICAgICAgICAgIDxSdWxlUGFyYW1ldGVyIE5hbWU9IkVuZHNXaXRoIiBWYWx1ZT0iJnF1b3Q7IHRpdCIgLz4NCiAgICAgICAgICAgIDxSdWxlUGFyYW1ldGVyIE5hbWU9IkluZGV4IiBWYWx1ZT0iMjIwIiAvPg0KICAgICAgICAgICAgPFJ1bGVQYXJhbWV0ZXIgTmFtZT0iSWdub3JlQ2FzZSIgVmFsdWU9IkZhbHNlIiAvPg0KICAgICAgICAgICAgPFJ1bGVQYXJhbWV0ZXIgTmFtZT0iVXNlUmVndWxhckV4cHJlc3Npb24iIFZhbHVlPSJGYWxzZSIgLz4NCiAgICAgICAgICAgIDxSdWxlUGFyYW1ldGVyIE5hbWU9Ikh0bWxEZWNvZGUiIFZhbHVlPSJUcnVlIiAvPg0KICAgICAgICAgICAgPFJ1bGVQYXJhbWV0ZXIgTmFtZT0iUmVxdWlyZWQiIFZhbHVlPSJGYWxzZSIgLz4NCiAgICAgICAgICA8L1J1bGVQYXJhbWV0ZXJzPg0KICAgICAgICA8L0V4dHJhY3Rpb25SdWxlPg0KICAgICAgICA8RXh0cmFjdGlvblJ1bGUgQ2xhc3NuYW1lPSJNaWNyb3NvZnQuVmlzdWFsU3R1ZGlvLlRlc3RUb29scy5XZWJUZXN0aW5nLlJ1bGVzLkV4dHJhY3RUZXh0LCBNaWNyb3NvZnQuVmlzdWFsU3R1ZGlvLlF1YWxpdHlUb29scy5XZWJUZXN0RnJhbWV3b3JrLCBWZXJzaW9uPTEwLjAuMC4wLCBDdWx0dXJlPW5ldXRyYWwsIFB1YmxpY0tleVRva2VuPWIwM2Y1ZjdmMTFkNTBhM2EiIFZhcmlhYmxlTmFtZT0iRm9ybVBvc3RQYXJhbTc2LnVjQ2FzY2FkaW5nRHJvcERvd24xJGRkbDAzIiBEaXNwbGF5TmFtZT0iIiBEZXNjcmlwdGlvbj0iIj4NCiAgICAgICAgICA8UnVsZVBhcmFtZXRlcnM+DQogICAgICAgICAgICA8UnVsZVBhcmFtZXRlciBOYW1lPSJTdGFydHNXaXRoIiBWYWx1ZT0ibHVlPSZxdW90OyIgLz4NCiAgICAgICAgICAgIDxSdWxlUGFyYW1ldGVyIE5hbWU9IkVuZHNXaXRoIiBWYWx1ZT0iJnF1b3Q7IHRpdCIgLz4NCiAgICAgICAgICAgIDxSdWxlUGFyYW1ldGVyIE5hbWU9IkluZGV4IiBWYWx1ZT0iMjIxIiAvPg0KICAgICAgICAgICAgPFJ1bGVQYXJhbWV0ZXIgTmFtZT0iSWdub3JlQ2FzZSIgVmFsdWU9IkZhbHNlIiAvPg0KICAgICAgICAgICAgPFJ1bGVQYXJhbWV0ZXIgTmFtZT0iVXNlUmVndWxhckV4cHJlc3Npb24iIFZhbHVlPSJGYWxzZSIgLz4NCiAgICAgICAgICAgIDxSdWxlUGFyYW1ldGVyIE5hbWU9Ikh0bWxEZWNvZGUiIFZhbHVlPSJUcnVlIiAvPg0KICAgICAgICAgICAgPFJ1bGVQYXJhbWV0ZXIgTmFtZT0iUmVxdWlyZWQiIFZhbHVlPSJGYWxzZSIgLz4NCiAgICAgICAgICA8L1J1bGVQYXJhbWV0ZXJzPg0KICAgICAgICA8L0V4dHJhY3Rpb25SdWxlPg0KICAgICAgICA8RXh0cmFjdGlvblJ1bGUgQ2xhc3NuYW1lPSJNaWNyb3NvZnQuVmlzdWFsU3R1ZGlvLlRlc3RUb29scy5XZWJUZXN0aW5nLlJ1bGVzLkV4dHJhY3RUZXh0LCBNaWNyb3NvZnQuVmlzdWFsU3R1ZGlvLlF1YWxpdHlUb29scy5XZWJUZXN0RnJhbWV3b3JrLCBWZXJzaW9uPTEwLjAuMC4wLCBDdWx0dXJlPW5ldXRyYWwsIFB1YmxpY0tleVRva2VuPWIwM2Y1ZjdmMTFkNTBhM2EiIFZhcmlhYmxlTmFtZT0iRm9ybVBvc3RQYXJhbTc3LmhpZGRlbklucHV0VG9VcGRhdGVBVEJ1ZmZlcl9Db21tb25Ub29sa2l0U2NyaXB0cyIgRGlzcGxheU5hbWU9IiIgRGVzY3JpcHRpb249IiI+DQogICAgICAgICAgPFJ1bGVQYXJhbWV0ZXJzPg0KICAgICAgICAgICAgPFJ1bGVQYXJhbWV0ZXIgTmFtZT0iU3RhcnRzV2l0aCIgVmFsdWU9InMmcXVvdDs6WyZxdW90OyIgLz4NCiAgICAgICAgICAgIDxSdWxlUGFyYW1ldGVyIE5hbWU9IkVuZHNXaXRoIiBWYWx1ZT0iJnF1b3Q7LCZxdW90OzEmcXVvdDsiIC8+DQogICAgICAgICAgICA8UnVsZVBhcmFtZXRlciBOYW1lPSJJbmRleCIgVmFsdWU9IjAiIC8+DQogICAgICAgICAgICA8UnVsZVBhcmFtZXRlciBOYW1lPSJJZ25vcmVDYXNlIiBWYWx1ZT0iRmFsc2UiIC8+DQogICAgICAgICAgICA8UnVsZVBhcmFtZXRlciBOYW1lPSJVc2VSZWd1bGFyRXhwcmVzc2lvbiIgVmFsdWU9IkZhbHNlIiAvPg0KICAgICAgICAgICAgPFJ1bGVQYXJhbWV0ZXIgTmFtZT0iSHRtbERlY29kZSIgVmFsdWU9IlRydWUiIC8+DQogICAgICAgICAgICA8UnVsZVBhcmFtZXRlciBOYW1lPSJSZXF1aXJlZCIgVmFsdWU9IkZhbHNlIiAvPg0KICAgICAgICAgIDwvUnVsZVBhcmFtZXRlcnM+DQogICAgICAgIDwvRXh0cmFjdGlvblJ1bGU+DQogICAgICA8L0NvcnJlbGF0aW9uRXh0cmFjdGlvblJ1bGVzPg0KICAgICAgPEZvcm1Qb3N0SHR0cEJvZHk+DQogICAgICAgIDxGb3JtUG9zdFBhcmFtZXRlciBOYW1lPSJUb29sa2l0U2NyaXB0TWFuYWdlcjFfSGlkZGVuRmllbGQiIFZhbHVlPSI7O0FqYXhDb250cm9sVG9vbGtpdCwgVmVyc2lvbj00LjEuNy42MDcsIEN1bHR1cmU9bmV1dHJhbCwgUHVibGljS2V5VG9rZW49MjhmMDFiMGU4NGI2ZDUzZTp6aC1IYW50OjdiOTVlZDFhLTZhM2YtNDFkZC1iYzViLTYzZjM5ZWRiYzRiNDpkZTFmZWFiMjpmY2YwZTk5MzpmMmM4ZTcwODo3MjBhNTJiZjpmOWNlYzliYzo1ODllYWEzMDo2OTgxMjljZjpmYjliNGM1NzpjY2I5NmNmOTo4YWQxODEwMTpjYTU3ZWYzYzphNjdjMjcwMDo4NjEzYWVhNzozMjAyYTVhMjphYjA5ZTNmZTo4NzEwNGI3YzpiZTZmYjI5OCIgUmVjb3JkZWRWYWx1ZT0iOztBamF4Q29udHJvbFRvb2xraXQsIFZlcnNpb249NC4xLjcuNjA3LCBDdWx0dXJlPW5ldXRyYWwsIFB1YmxpY0tleVRva2VuPTI4ZjAxYjBlODRiNmQ1M2U6emgtSGFudDo3Yjk1ZWQxYS02YTNmLTQxZGQtYmM1Yi02M2YzOWVkYmM0YjQ6ZGUxZmVhYjI6ZmNmMGU5OTM6ZjJjOGU3MDg6NzIwYTUyYmY6ZjljZWM5YmM6NTg5ZWFhMzA6Njk4MTI5Y2Y6ZmI5YjRjNTc6Y2NiOTZjZjk6OGFkMTgxMDE6Y2E1N2VmM2M6YTY3YzI3MDA6ODYxM2FlYTc6MzIwMmE1YTI6YWIwOWUzZmU6ODcxMDRiN2M6YmU2ZmIyOTgiIENvcnJlbGF0aW9uQmluZGluZz0iIiBVcmxFbmNvZGU9IlRydWUiIC8+DQogICAgICAgIDxGb3JtUG9zdFBhcmFtZXRlciBOYW1lPSJfX0VWRU5UVEFSR0VUIiBWYWx1ZT0iT1RUaW1lRW5kJGRkbEhIIiBSZWNvcmRlZFZhbHVlPSJPVFRpbWVFbmQkZGRsSEgiIENvcnJlbGF0aW9uQmluZGluZz0ie3tGb3JtUG9zdFBhcmFtODQuX19FVkVOVFRBUkdFVH19IiBVcmxFbmNvZGU9IlRydWUiIC8+DQogICAgICAgIDxGb3JtUG9zdFBhcmFtZXRlciBOYW1lPSJfX0VWRU5UQVJHVU1FTlQiIFZhbHVlPSJ7eyRISURERU4xLl9fRVZFTlRBUkdVTUVOVH19IiBSZWNvcmRlZFZhbHVlPSIiIENvcnJlbGF0aW9uQmluZGluZz0iIiBVcmxFbmNvZGU9IlRydWUiIC8+DQogICAgICAgIDxGb3JtUG9zdFBhcmFtZXRlciBOYW1lPSJfX0xBU1RGT0NVUyIgVmFsdWU9Int7JEhJRERFTjEuX19MQVNURk9DVVN9fSIgUmVjb3JkZWRWYWx1ZT0iIiBDb3JyZWxhdGlvbkJpbmRpbmc9IiIgVXJsRW5jb2RlPSJUcnVlIiAvPg0KICAgICAgICA8Rm9ybVBvc3RQYXJhbWV0ZXIgTmFtZT0iX19WU1RBVEUiIFZhbHVlPSJ7eyRISURERU4xLl9fVlNUQVRFfX0iIFJlY29yZGVkVmFsdWU9IkFSK0xDQUFBQUFBQUJBRHRXdXR6RzlVVnQyNHN2eE9iRERHRUJHbmp6T0I0RWttN3E1Y2wyNksyNG1BM2NSd2lKV0VHR00xS2U3VzdhTFVyZGxlMk5RelRVQWdKQ1lFd0VOb1FXc3FVRkFxVE5DMVRNRWxLK3lkME92M1F6NjNseDZmK0NmVGMzZFhETHdnMFl0cE9sVVRhZSs3dm5udWU5NTU3TjE4NXVoOUVUbGNxRlZjVlExTmwvVGgrdGlocCtKaXFHMk5jSm5jWWwxS3AzaGJuTmkxdEpDUkZrUEY0dmpCNTBMa1YybE5GMlpBMmJMWkxlZUVJVjFReW9yTVRIaDh2WXQyUVZNWFptUkZ6VTVpVEQ4bWM0R3dSWnFZNFNla2UzdC9VaFZwMnRMWk5KK01xR1E0UGgxUXRmM1M2ZFRwcDhtdVpUaDdrREF3L1NTbVBPK0ZITlRpWlBBTWlPYWZBRVBRVmZMcjVibWVISnhTbVF5d1RDb1M2ZXlsWFd3bzRrTUhPblV3a3d2b0dmUXhOTGN5ZkwxODhSekZzbEtiaHI2czNOYW1QeWxnekVsalhRVTdDV1MwYW9xczVsY0J6VGdmajJwWTZ4Z2w0VWlkeUhWRUYwZFdhMGpnbEI2b2lPdXphWWZlQ25sb3BZV2hnSnhQVW1UcWxhcm1FWkdBQWJnbkNUSHRzNUdqUlVFY0xCYmswbms5am50RGl1aDZYT1YwWFhQMDJoaGpIZ0grSkRQaEZCb2RJeEliVFNzVTFBdkNmMUFuMmlKckppYVlXeDNGV3c3cG82M0ZJNC9KWWRMV25SZzJEeTRnZ2hOY0FUekEweXpBUlBoeGhlVDR6NkdHeWRNWVRTT09RSjgzUklRK1Q1b1BzSUoxSnN4SE8xV1BQY0Fvc3FPVTVMVWMwNTQxam5NYXg4N3ViSEUxTlRjVHc1SmQ4dWhCOEhVMlVkQVBudldCMTdnQjFFbXRFbEpHQWx5Wi9EbEJ4Q0pPaWhrY1VYRFEwVGo1QUhTdW1aU2tEZ1paVWMxZ1pTWWZEWERBVERERVJmd0RUZ3hFblliNmpqcWY1bGVUU010NENQVHVyTGU5eG5GY05zTDA5WmZzVGVUbVJFWEdlNjRTbmcxSTIreGpZWTR2RHNjMW1adU9Jek8yRVZVc3pmSDJ4ZmZqUnVieE16ZGh5OXpGZXVvL0NTa2JsZ2ZWSVg5SEllcGhRMzZPeHJSM0RjM3BVTnllZ1lJU2lqL1QxV1EvUk9YZ1dEYU1ROWZsbVoyZTlzMzZ2cWdrK2xxWVozeE5UUnl5aEt0aTh6b01Hd0ZoVGJHNjZKeStCejNVMWEzZ3lhajRLT0krRjZvTlpLWXJNaTJXY3g0cEJLZURoa1Q1VGY4YnF0ZnBoWEVIR2M4bFNBZHRVaTY1RGVvTXlOZUpHN0ViNUdTNkR4N0FnS1gyVUFTeEcrc2hRTTdEN0tFdVVxTUZwQWphT3dnQzlBR2lpZkY1U3BqT1pvZ2JhZzgxODN6Z0h5REd1OEEyYjRpRE95QkNvSkdzYXE4dEJyblJFeWt2R2hGclVqbjR2czB3MGZCYXlSRGRza2luWWJNU3FNdC9ETkEzVlpqbzVWZFNOdUlnenVRYk9ZZW9CM21uMEZJMTFQTGIyN2NabFNXV0d4bVVJRkJUSHpiMi9ZVE9jNUdTSmIvQWNvL3d6RUxRTm5pVEJ3UUpjbXRaR3lWd05WbVZTbVNGbUk3WGVQWmxwMkxkK3V6UnBhN2RXazJoTHRNbitiSmcxS0pmQVJsV1NTZDJtUUs5V3hGVTZxZnFxSlUxMVo2LzBudEJ4dktocHdCbHFQbzRBek1GM3NmRm5SRlhLNERYYTVybTVTcXVvcE5XaXdtTytab083MGRheWtsbTJ4RnFjVUQvOXBYV1loMUpMMEtMV0Q1Zi9MbldPUGNaaThVMWpLaE41WnV3U2FMaG03NG9xbGgwcFd6U0pyMWkyWmxwTm5aM1dlS3laaHJGeElxZkhSVTRSTUJoSVVuUTRJWUI5YW1hdHE1TmlrY2l3cjc2OUNtUVZPakdXdGpCMnN3cFpXNmlZek5ZUmEvRDZjaU1XQU9ncXdvYTRpUmpEcmdaT3JBZVNwVDlHMTJCbXU0cGF2V25IQXFGaDN4clNCdEFLeXpXVUtySnU3eVN3K21ZZHByTDN4Y0lFVW0ydFJaaXNtU3BramZpVnJTZm1KL0pVVytzQUU3RlFIYURPVE5XRlA4YUFmMnF0S3FCdTNZNHhZSjc2ZGwwODFCWmVrOUVxUWhXMmF1a2tTcTBtckdGWHQvaEJsREZoSDhQNi9IU0ZkMzF2SmJXdDhMZFRlbFcrRFB2V0pIQ3NtWnlPMXB5YXlGbXBKVFhGUGFOcThDTXA1R2VzS01sOGUrbzRucEVJaEp3STIrQ0Q3TlBoVi9hbjA5VmRPZUppc3RBSmNPaHQ0Y3dqNnJjOW9QWWl0S1diN3czQWQzY3Znb1A0RVVrUWpURjFia3pEWEc1Y0lVcnlJdCtMc29CcVJnNFQxWG9TeElNT2tlZVIwNlEwSi9HYzRYeHcrY3JscFVzdkw4eGYvK2VkVjVjL3ViRDAwY1h5bDJmK2Z2cFhnTnRGY083dHpwYkVzWW14d3d4UUhyWXBYWXMzNTVkL2UybmwvT25sOTE4RitwNEtrcWJweDJnYUtIdHRTdmZDclZ2bDgxZVhQejI3ZU9zU3pBVmQvZlhnQ0FFUDJKUWRBQ2JJeS9PTGI3NnplUGFWcGJjK1d2cndEUUQ0SzBOc0svRm95S2IwV0pSL25ENWR2djMyOU5LWHY0YStSN3Q3VEpXcnB1anVkU0JIcjZPSDV3WHl4S1BIWUhTSHF6TkZvb05jYjNDR3M2c0VuNmQ4VTFOUCtYamUxWkZLd0xacG1EY3dUWCtTWHIzNjF6KzNrWHNWaGJkSlk4M3U2MzlyTTI4amptT09uMWJra2dpQXBLcENCaFdjbmlkWGJ2OTg4YzN6VDFQbE4rNlVYLzlrOFNmWEZxKytEQ1orY3VYcUZaTytPSDltNWNvSDVUTWZsbTk4WWJrSlBBYmZQZVRYMWFvcUdWbks1SnpKRTRZa3ArSmlEdnliVkFWQnhxWWpKVmt5U3Z2Nml4a2lqaWxxS2lQbWFsMzlCNmhWbmJ3MFE0SjlGQ0trZjJDSUJ5TWhZaUtuYnBSazdIVER3ZCtRWUcvMVFNb0lTdFJRQzBNelZWN1JJVHVLMnNEZUhXYW0wVUVmRTNKMWtSdWQyczFNVDV3cjZsZzNGd0J6Q1JkY3JkL05IaUJaaDZyd2FkbXl3VFpEbEhRdnBITVJqL1QzRC9FUStMMHRycFlOSGRlK3ptOFRKQkJXdVcyQ1I0ZEpBTGp2WHozWXZhUHFhM2R2MWNmdUIwVDNnLyt1UTkwN25jZnV3cE1nNkdaK0pGMGJlOUg5MEhkMG9IdVg0TjR0dUIvKzF0NXh1emIyaWR1OXhxQlUxUW51UFhYV253WlptbDFka0R1SlJDVkp3Y3diV2UzcjQ5KzZITjBrL3VzNzExdHV5MTFhcnNVVUJuUWp4aUxYbTNzSW96RlNOd3A4ejQ2ZDdiQm9ycndBQzlaWlJOT0laaEROSXRxUDZBQ2lnNGdPSVRxTTZFRkVSeEJESTRaQkRJc1lQMklDaUFraUpvU1lNR0lHRVJOQkxJMVlCckVzWXYyTjRIbi8vaTA3aGMwKzFwcm9yRlBUdlpmb05uTHY1VUJzQUxGQnhJWVFHMGJzSUdJanlFOGpQNFA4TFBMN2tUK0EvRUhrRHlGL0dQa0hrVCtDQWpRS01DakFvb0FmQlFJb0VFU0JFQXFFVVdBUUJTSW9TS01nZzRJc0N2cFJNSUNDUVJRTW9XQVlCUWRSTVBMZkxqLzRiR1JUbjkzTngvSnJlemZzZTcxTlBEcEJzczdkdDFtbWZmMzZaQ1hUaHV0VHJldGVaWmtWZnY4YnFaWDlmMmI5eDhsL0R6SXJXNWRZbkYxdm1rYzRETnNDaVh6QkxsQWRwTUI5MW93QTF6YVNIU2ZKbm5sSXdqTHZiSTZyUEhadE5hOCtvQmkzaU8yRUdDZlhOVmFzZEcySDR0WkRlYW9XaCtldWxUTVh5NWZPbFcrZVczei9YRXY1ekdjTHQ5OXVXWHozeGVYck4xdktwKzhzdlg2OXQvenBUZGpHZll2dm5pdmZ1Z3hQUzcrL1ZKNy90QXYrbFM5Y3NZcis3Y3RuUDRiNmZmRzlhNHUvbUYvNHc3dUwxNjV2TDcvM09aQVd2cnhBT3E1ZEIreDJDN3owOFF0TFYrNHMzTHF3Y1B1ekx1aGNQbmR4K1pjL1cvampEYWQ1ZXRuUjVhQWQ0R2phd1RyOGpvQWo2QWc1d281QlI0Uzh3S1JwQmt6ZVZXOUJNRW9STExUYnRRdk9VM05Ic0NJWTRsRmlBelZUMU9PeWhCVmo4aUNHaW5vU1dwalRSUFBSN0JWZDIxTEVYQWxSeWhxSEpZWHZIUGhSQWc1ang3aU05eFJPajg4Vk5LenIzcmlhejZ1S2w2eHErMWZCRDFDYm9tdXY3c0pldjlmUGVKbHZmbmVuRkdXNXliVTdkVkRTQytPS2dUWE1uMUkxWHA5T1AxUFRveU5sdmsyYzRyUWNkcldiaHdZQnBoYk40aEticGRCb3hwQm04T1RVdUFDQXlwdFJNbkt5OG41YWRHMVBXYTlSaytxSlFnRnJjVTdIb3YxR1ZOZG5ZZFlOVi9hbnZuWmxOK2FNNlNTY1lYUlZtY0o1ZGYzNnZoYXc2U29meXNvcVowUmxuRFdHZUxDR3pKV2lraUpMQ3Zha1pUV1RHeXB3UEhtaEdLVlhMLzV0Vm5IcWFxdWRwSnluSk40UWQxbG42TklQeU90UVYxdk5LTTJwUFlreDlHTmtuWlJ5dUZRc09IK0t6SkxVa0F6WkxFbWxMTFd2VnFSNlpUUEVxTmdJeGRJMDljZ2pWSzJQMmpOQzlmY1BQRWQxVVBYVWticUdWeSttcld2VmZmUUJ3bUZnaU9wNGZxaGpodE1vTlRsbkFKaUgyQ1FYaEY0QkcrUFdYZUZZYVpKZmIyQ1pTeFA3UFE3V0hUQ2xOQm1BRENTU0JwNGpMYStrS0ZnalVRdU1yWmZyM3F4NTNObjN3MFJxU2hmTWFKdFVDa1VEc3NjTXR3UFVPbVZ0UVovbnpadUNabmRnbFQzZElYUWFtYmNCVnJSWXk5VURUNVkvK0xEOG0wOVdYbnU3Zk9PZHA4dWYvNjU4K1QwNGg1c09mc3RSOFNERkZ1WW9ob2F2eXNNUWxWRmxWWXZ1aFZQOUVKVW1KMEtORk1sUmF1K2hRK09EbzZFaEtxc3FobWNXazl1S0tKVldaUjV3S3JsK2pGSU1jTkZWT0RoU1BLU0lvSEdsSVdwV2xBenNNZStzbzVTaXptcGNvVExBbzNHOFZOU2psQjhtNWxHcktmeDlaRkY1M3RianZuMUxWMitVWDdtNDlOTDdLMWRlZ2pWckFEcGZyR2pwQ0VMcmJLVzFoZmFTUmZyQ212YnJhOXB2T3NoLzI3Z1BPWHA2bThpZnJ2djNOOEhxZjdtYWJyQWJtQlhYRll2UzNHM20zMFBPclpWa1VGUUZEL0gvQW85SDZVbC9JZ0FBIiBDb3JyZWxhdGlvbkJpbmRpbmc9IiIgVXJsRW5jb2RlPSJUcnVlIiAvPg0KICAgICAgICA8Rm9ybVBvc3RQYXJhbWV0ZXIgTmFtZT0iX19WSUVXU1RBVEUiIFZhbHVlPSJ7eyRISURERU4xLl9fVklFV1NUQVRFfX0iIFJlY29yZGVkVmFsdWU9IiIgQ29ycmVsYXRpb25CaW5kaW5nPSIiIFVybEVuY29kZT0iVHJ1ZSIgLz4NCiAgICAgICAgPEZvcm1Qb3N0UGFyYW1ldGVyIE5hbWU9Il9fU0NST0xMUE9TSVRJT05YIiBWYWx1ZT0ie3skSElEREVOMS5fX1NDUk9MTFBPU0lUSU9OWH19IiBSZWNvcmRlZFZhbHVlPSIwIiBDb3JyZWxhdGlvbkJpbmRpbmc9IiIgVXJsRW5jb2RlPSJUcnVlIiAvPg0KICAgICAgICA8Rm9ybVBvc3RQYXJhbWV0ZXIgTmFtZT0iX19TQ1JPTExQT1NJVElPTlkiIFZhbHVlPSJ7eyRISURERU4xLl9fU0NST0xMUE9TSVRJT05ZfX0iIFJlY29yZGVkVmFsdWU9IjAiIENvcnJlbGF0aW9uQmluZGluZz0iIiBVcmxFbmNvZGU9IlRydWUiIC8+DQogICAgICAgIDxGb3JtUG9zdFBhcmFtZXRlciBOYW1lPSJfX1ZJRVdTVEFURUVOQ1JZUFRFRCIgVmFsdWU9Int7JEhJRERFTjEuX19WSUVXU1RBVEVFTkNSWVBURUR9fSIgUmVjb3JkZWRWYWx1ZT0iIiBDb3JyZWxhdGlvbkJpbmRpbmc9IiIgVXJsRW5jb2RlPSJUcnVlIiAvPg0KICAgICAgICA8Rm9ybVBvc3RQYXJhbWV0ZXIgTmFtZT0iX19FVkVOVFZBTElEQVRJT04iIFZhbHVlPSJ7eyRISURERU4xLl9fRVZFTlRWQUxJREFUSU9OfX0iIFJlY29yZGVkVmFsdWU9IjBQQU5oSm5RcXRGajUyT3owdGllYkV2SWNvbEc5OWdMak44UkhucTZaVnhiVGdSNTdiWVlPYjlYOExUWmQwMG5TdEJFOE9IaHhOd09TaEN6Y0EwNmZ6ZGlSUmpKSEZUVXl2SjJlTlovbkxabUphSFBwWWhNM2hyeC9ldHg0ZURTMy9ac25QaXRkbGFUOS8zeVZSU1JobHBJZk9Yb29wNnFNcFUrT3FLZEZPaVZNMkgvTFU3c0VENmtkdGw1c3luNVFQSU81WnlzcSsrYzVVTFJDenJ5TDFaVmF5eTRXQnB6K2lIRjA2TTdyRDRwb2F5RURqMHI0U21HYXNwRWdMZ1p6a3k4WEhhd0E3M0lZdmhXZ1pMcndkNCs4YmhMQ1k2azJLdk5ZUzhGNUU4QTcyVC9OU1phRnN1a0hybXFHTDN4Y25KQjJYdksvbHFEYktGbmJ5ZVp1MTNXWWpmRUFPN2lBTkVNaEE3ZHhNRCs2d3E3N29kWHFDZUhlUG5UQjZZRlpiQ1dlYnByL05TbUxVdzc5dDZJdnBVL0JIOU81ZXpVU09nOE0xWXRZbjUrZG9UTkRVa0srcUxPVEZOVnlZekJsbllMblRLMzFEajdkdkExVThvRE1kZWVOTGNKV2lmSU44SkZBSVB5TXZCU3VBQ3lIdjZQdG1QRDBFb2pNcXhsS3ZSa3BpbEN1S1Z1d1BGWjRxTHUwdlRYQmJOVFp2a3ZhemRWT1ptOFJOeklnTXhZQTRkb29pY2xJQ09ScXNoQ20xdmF3R1Jrb3A5M1FpUWo4REwzRHRuK2Q0TzhJMlN0REl4TEMwWkx1ZlcvR0lvV09wbHNleXV4S0tGaS9IdGl3WTQvVTRpWGkvcFVtNHppUGFXRGNFbjhmRHdqekwrWE9nblpqeEdnWWxIZ2M1YSsyUDQ1Rm9Jb2lpMWJ6T0dxU2FDcUxMbndSKzdUdEx4WjBrU21SOS9GYWRaU253eVdHSEJpd1pvQUNQdUdNcXkvV21nQzN5aFpVRm1Md0FhRW9nbGJkTHErNEFkM1hTUTZGeDJIT2tBL2cvWThHem1nUkpacVQxU05lR1k3eVRXa2I5SUwzai9DMy9wazJucyszeUNBakZQZUNTKzlXSVdMUHFjYnh3WXpSV1pVS0t3ZVNpTisyQzd3R2VSbG9wQnJDNktUSHlLK3ZwdDh1cjZZbUFlZFBNOWxHb2JKYmtSK1prRUxwZktsZnFCb0cwVlNMOFZBZm1PVE1ScHQyTTMxMkprdXBkKzJkK003Q1VvK3Z4SEUyb1hSQklyK3dxTGVaN0Q2R0dLUnpWQzZqeWwyNmF2SW4wYnY4NW91SmpyazBBUkZKQURFaEpWYUNtNEFSYmE3SlQzdnB1U3U2eWVjUHFmTTZmNXF2ZXdEd3djNzBJbm1XaE1zckliaWFXdzFKdkFsdUZVTjVMV3o4WFk2Q2tJWElpRlNpZW9RTWRRUXNYa1puKzBPS0VzUnN0WCtKMnprOE1ITU9NdXlORzdWWEJhbHl5V0ZKck5SVVhqQkRsWHFMQnVVdVU4dkZNdG1LaGUwekd5YW83ZzcyV2Z2SHU3YUVSbmF4cUg1Y1FqMEpkdnY5OE1pVUlEUmtXYkRvcTgxd3ZNNUtndGdaa25CZVdMV2oyWnhHWFdEcThVVnEvbFp6MUllZ1pKODFMSW5oQkVDZ3ZMRjVnc2N1aUhlWlNZbDZRcTVNeG1sMTc1OUVtanI3NmdaNVNrZFIxZ3dibnVBcWVrc1pJTVFvM09XSHN3SFZHb1djWll1ZUNOQy9Jb0N2eVpqNS83YnBtZGhKbVdFOTF4SEt0MUVBNnFrdzFsVWZIc1o3ejNqNXBsSWRjY2FEQWJYWFdBei9mdGxndFRMYUdEOUp1SVdWcG9uekJHMU8yd1ZWUmJhMFBqakdsQ1ZiUC8zTE15emIvaEpzZDZERTZMQ05taHZPbE45bWlGc2k1OVFSeXBtQ2ROd1c5eHFHbm95UjdPY0lpZlcySWI2RGxoQUVjVUF2S2xNczkvRWs3cGQvWW44ZzZHTXkyNWhnVlM0SzlFUC9qMDR1NUladUJuekFlTit3RzBDaTVNY2RzRUpDZzBuMTNhbjljQkw0enNDM2tjZW01MHlGRFZwMnZzTEpDcGJRSzhUazAxSXFHeHBnRFJMV29IYXUySE5USWdZQWFBdkNuNXVWL0NTZ2gzMU01cnhGcDhvaFZSUTlLeE1MbDdxWUhlRW9HaStJNlZNY2RPajZWUFdRZU82WFZXZFBtd2pFRkI1SURPQUlxUTZkNkl0cjJtVmtwYU5GQ2QrSFpUV0VzNjZZY3pUd2pJMmljb1haNkdSWjQ0dUQ2Zkt1YW00Q2t0WDQ5Z1ZjQjVLcTlPc1QyeWdHVGdnTWlFSG42K01mZXRYZlNWMHJSa25yd3JTTyt2cXdqbTN0OEJ0dGl5QmlHNlRhemVRK3dIMnQ3ZWpVUE9yTW5EenQwQW1IL2ljZWdlMjhnbS9sZEhPaG5uTFZpVk9Rdm9FeitLRVJ6dEVSazhrSW93cndKc1RSQ3hRZ0VSaW41aDRwL0pMK3VVUEk1alFEWnUrdFMydTl1K0dqdkx3TEhKRWtTY0hwYTN4Y2tzTm5RUGlZa0JCUittOCtiYTBlNjlBQkRqci9ZOEVrVVJDVDNiWGR2QitRaWNCeENuQlIxc3hHcUZSQmRJT1E2elJkenRNV25sVjM3VENrOC81ZlFzZkdGVzB5UGlEVjRKM1Z3OWptWUpFdE41RnVKQ3g3UkZHWXV3WkFrMXYvOHpDaDJTczdkUStiNkI3aVlXTHhRSUpGTWdkV1hCbmVhdnBrSUJTbEg3SmFqWTRPbFg4L1ZhTTZpYVpiVlJzOE1CRWR3a0dHUk1DYmFXSDNjRDYyVkJuUTgwS3g2ekIyU3puNm5rT0N6YWk0MnFWZnJxdng4UTI3dW9SRmhGcTRZRkpFMGlrYyt5Z2FST0NZMFoyOU53NTYrTkxobDMvSDAvaW4wWVdqTEJsMFJNOFJSRWFSdG9VUzFLZ3V0dTdwVVc5d0x4OGc3amk0bjBiNG5mbllmSHFhTm5URGZZUzQ2bXd3MFJvZmxkanFXS3Qxd3BIVXV0UUlMVE0wR3B4a210M2lzbmdhb1J5aVU0Z3hmNk1ncDhpRGkrVWhva0didk42OWhsaWdEcGNmQ1crK3pVZVdzZlVOQzVWeG9paVhpeldVYyt6RmF0NDZTY1dpa2FTbVFEZmIxN2w3WUVUZ3RzVUZUSnRTN3VTd1k3ei83K00rclliWWVuc2Y0RUlCNUhjMFBiOFBqUG83bURrS1F2eXI5K3hvVTJmR0V6R0c3WmZZSlo0Z3JkK3hiczRzNHdHWm8wNHVSVU11cTBEU2UwZjdLTC95bzI2OXZQNGZ6SjJJRm5nR0ZvL2tXc3ozVXVXUjUraDV6MGZ2a1poWTBlVGt6b1QxNDhaLzBmbkREbkNsTWNaSHd0ZSsvRWhhMnIveFRFb3VzMis4amtsSE16WUt2eUlZWkFVV0NyNVd0Y1d2Z3h6V1JaV1FNcVV4dnBmczF2a1lOc3AxT0JIZWt2djlrUThhbzB1anJzK3NLNkhWUEFoeDRGRExDbUFsMjFnVjBWVFhLZVppR2FrQlgvSi9MVHEzb0R1RjBaOGlwdVUxU1VPS0Exc2t1QlpUQW9EMDZPd3VJa2x5ZUdlZ2hiU3RzN0NVd2E0WlhlQXl5NUg1YjBWQkdVOTcwa0s3b01hZXNSVXY0cnZLN24rQ3Z6SlIrUlZXRmI1T3F1d1crTHYwUjhwRHd6OExOaVV2K2Z4ZzB2NnIyRHNublU1eDgzc2p0aTRVOXgzU1drR0h5TkJ1bjNJREJzaG1WdWJKelk0Zk9DRFVpRHdUcS9zYjByYjJWcUlpWTFvWjVBOFphQzBucHFITXBBZ2dxT1diNjgrYU5yMXpseWNFL3pBKzVDSjNoUUJCSlRiZTVETktiOTlZVUZaQmtZZDBrY1RGRWczekExaFlpZmZFQTZkdUpXSmN0TlByaTRYWlE5ZG56MmxTNzduN1REUnNNQUE1VHJseThPdEc5b3oydWdyKzd6RWplK1ZGTllVM0dDSnVwV2lxaUx0S0dhZ3o3T1M3UkU3QXlxeGhyajRkL2hMV1Z1OVJJMlFOeTJid1RCMHIrZXl0Um9vTVhyOVo0ZDJFaER3VVNSZzg4WEMwek1pdUFkSUR3cFRpb0ZmbDkvT25YR2lUVzVWNmMvbWFmb0hmM09Md25wMWlieVJHcXltZjY3Q3k2N1UxQWlsR01HZ2pTVVFsbHJ0WnI0b0JPallzaFA1M29ITWxIQ1Y1eUt5Q2RVd0pVaXJNNktCMWNHVi9jNW15TjluRWFJamxLdG12Ym1NQlI3UWZSVDRiNjFOTWE3WSt3S1l5elJoOWtKb09tcXlXOElIbVpPYmxhcVJYTWZEMVFqdkRpdXVWS0UzMDg5Z0ZNckNDaHlpOERndUpCLzhmS2NQUzdvZko0TERKNGhkNXl6TSsrZUwxN3lIcUZwNUFtZXp1d3V4UXNzRndCdXAyamVoSWd1aUpheVRIUkJTQnN4dTk4RktVdWhJTkU1dzdZOXJLQzZDcGtjbWd0SUZkLytnSEdiQnFYUXVwUEZ4b3l6dU5UOG9LZHpOSTJKYmdudk1Vbm8wQmJSWElvOEdUY0VOMWQzY09BazJiOGVZTEtoK2xuSlg0dFk1cjBHU29rOVRja3ZyK3ZZZEk0elpJVnRNYXkxZVdTZzd5V2R1cHVCcDh4VGpCTFZWNVBWM0ZEKytUMVFNY2VXQU04cE9NSWJOS3ZiQnlNby9lTGxvT1FIS1dMcUxBTmVLVjhEdEJqUkJuclNrb0JDdWpWSTRSU2hXaGdoWU9IMVR1cnhEcEVNejRHNDZwRG9PNWpPMkI1Uk5xdVBCLzh4R0REYkxBV1FMTXU4alB2Y0lCVmNsRHBZWUJSZzFGK1psMHRJVkh0eXJjUlNYcXVGTmhIVVpCTHc1SU5Jd1k1bTVyUnZ0UWcwdEtyTUtkenRhSVlMZDRmOFI2RHB3RVpOamw3VzZvdktMQndOSW9OamRORWVTMUxaSWJPVURabloyK1RQZHV1d211cXp5TXZ2dVNTTGhBYjVNajlkc28wZnpWbHh0R2VWeFE2VXJaMDhaSGJZRldMQzFZNjdMQ2dLd3B2b1NjSHVXSzBzaDZYeklCSmRONjNLcENUbjJVaTVuNk10YzcxcS9pYXBWYTVyRkw5TVo3YzAraDhXRjBOeUo1RVpPZWVENHhQSFNCVVk0SlRFS1ZLNDd2aE9xWlJRbUxpRzJGWkIyWEswZDgxdVZDQStDK25ZMkJ0WEhJSEtmaWh4cnVUV3c2dVFOaWd3M3Nka2t1c2M3RjVZUWFhN3N4S2ZtZjNyMWhlSGNSQ3R2dkdFWHhBOSt4YWduRFZhNFFvQlBuVk5zaXQ0OUM1VUpTVU5xVmljUjFLSEF0RmkwNnhPaUoweWIyeUFkb2RLVzNrZmh0MTlTalNOZEc5Y2lYQ0RhTWY2b0Ixa2lDdDFINHY2c0E4Tld6ZFRRWFQ3QWg0UFdZQWJqdngxQk9VTTRCQ0hSdTZIblpMd3NJelNHYXEya3RMd1dKeklNcjVCelJRdmxNT3NJdWs3akdVNWh5T0ZrVnB2T29lUmliZlg3NGxrZmRVc1R4VFp0NnhaVk5YTkJEb0RGZG01anpNa0ovSGxJTWh0QzI2Z2h4R0RaUlZOdTJjamJ4dUJtLzhPa3NTTmt2eTVGd01DWEE5cXVRTFJuYVljNGNNcGg2TTcxOHM0R0p5Q1RRd0hmaUphOXFIMlE4VDE2MUdTaU8rUDh4MTcrNjVHM1FqWUJvWXFmczMzYWtJYkxaMkFpSmlEUWE1eE4yZDhPbVVaUW9qYjdzSUhCR3VKajRBL1Byc3lSa0JGQk9LeE1pMDJmZ0dkM3JwampjUHp5OThKZUtVWjgrbEI0WTQ4ZHJtQnEydkl4ekFUU0t2dWFEdkhJdlRGb1Z5THJnQzMxR3RybG95NDFxTHIzZHFaQlRhcnBFR0VsQVA3RFdHbnFGRUdJbk5uODlnbjBmYzlpODVQVnFiQXV3UnZSL0dGTVo2a1k5SDlmc25PaEpRVW93Wkt6WlZsU2U5Q0h6bDhpR2RIenlQZjdJRlFlM0hBa2tQaG1KdU9ZU0VoOTdTQWt5WGpXRzJXZkR0L2ZYdGFKM3N5RVZzVG5KdXBIR092eVNYT1ZSbm1MWmhOdVhXUHdoYm9FZVNWSkJ0Mk4yQjRXemE0bVdUaTNXcUZsd3Q3TGRibWVZT2k5czVtV1NTNU1WRUVRUWMvaHBmOTJWOGlScms4cjcvbENGQmpzdGxJZVc2N1ByeGh5MlorM205K2Q3SElNdUxpRE9PYkVvdmZoV3lhVW0yb0Vqc0lvZGIyZTFNS0k2NWFlVW4vUUNWTzNRdDBJSVkyaW14dnZpdFFWTkZueE40bThkOGJPa3B4bFVaSWxpNHZqRVd1S2tLelpwS3VLN0N1UTV1MGMwMkRtTmV3RlFSNUVkVDBCQjJ5KzFLQ3JnSHRxaC80ZmZCVUk4S2tmNkVuZ1RUZXFhNWt1NGlaL0Uvd3dLOVpBTWpOR0g1eTlOamhTYUJLb2R4WStBMFlYVkcxbU9uUHJnVVhsL254N283dXpURjcvSUw4V1dNaVpjcVFhVlErZEVOazN6cGs2MXJLSVJlYi96UnM3c2ZjSTltc0QxWCtwd1FMR2VKM3lnMkp5MUhuZEJrMW96cWgyR3gzUGxGKzhFYWNOSFRvYkcrbWtqc3B2V0gvYStDVGhZOUVQYXFlKy9QUFB2L1Z4NEFvMGxieHVicXZiQkoySk5GVVUrMXM5NW40SmJTd2Z3czVJV28rcUlZK1QzeDFLME1zYlNpVVNvcDVPcWhiN2lMazJHNThMWDR2d29Yc08wb3VWcFFzeTBhWXFXL1F0aFB4eStRZ3pRWi9BVGVuOG50QzB5ZU9YZDg4VWlOYTFTQlh4RTdWQ2JSMmFNY3l3N1VvNE9JM0FEQ1A5cjRrRXpjM3RzTHhSOFQvRnFvNnV1c0xHWTRhcHFlU0ZxVnhaM0M0PSIgQ29ycmVsYXRpb25CaW5kaW5nPSIiIFVybEVuY29kZT0iVHJ1ZSIgLz4NCiAgICAgICAgPEZvcm1Qb3N0UGFyYW1ldGVyIE5hbWU9Ik9URW1wSUQiIFZhbHVlPSJyYnRTaW5nbGVFbXBJRCIgUmVjb3JkZWRWYWx1ZT0icmJ0U2luZ2xlRW1wSUQiIENvcnJlbGF0aW9uQmluZGluZz0ie3tGb3JtUG9zdFBhcmFtNzguT1RFbXBJRH19IiBVcmxFbmNvZGU9IlRydWUiIC8+DQogICAgICAgIDxGb3JtUG9zdFBhcmFtZXRlciBOYW1lPSJ0eHRPVEVtcElEIiBWYWx1ZT0iMTAyMTE5IiBSZWNvcmRlZFZhbHVlPSIxMDIxMTkiIENvcnJlbGF0aW9uQmluZGluZz0ie3tGb3JtUG9zdFBhcmFtNzkudHh0T1RFbXBJRH19IiBVcmxFbmNvZGU9IlRydWUiIC8+DQogICAgICAgIDxGb3JtUG9zdFBhcmFtZXRlciBOYW1lPSJ0eHRPVEVtcE5hbWUiIFZhbHVlPSLlu5ZP576pIiBSZWNvcmRlZFZhbHVlPSLlu5ZP576pIiBDb3JyZWxhdGlvbkJpbmRpbmc9Int7Rm9ybVBvc3RQYXJhbTgwLnR4dE9URW1wTmFtZX19IiBVcmxFbmNvZGU9IlRydWUiIC8+DQogICAgICAgIDxGb3JtUG9zdFBhcmFtZXRlciBOYW1lPSJ1Y0RhdGVTdGFydCR0eHREYXRlIiBWYWx1ZT0iMjAxNy8wNS8xNiIgUmVjb3JkZWRWYWx1ZT0iMjAxNy8wNS8xNiIgQ29ycmVsYXRpb25CaW5kaW5nPSJ7e0Zvcm1Qb3N0UGFyYW04MS51Y0RhdGVTdGFydCR0eHREYXRlfX0iIFVybEVuY29kZT0iVHJ1ZSIgLz4NCiAgICAgICAgPEZvcm1Qb3N0UGFyYW1ldGVyIE5hbWU9InVjRGF0ZUVuZCR0eHREYXRlIiBWYWx1ZT0iMjAxNy8wNS8xNiIgUmVjb3JkZWRWYWx1ZT0iMjAxNy8wNS8xNiIgQ29ycmVsYXRpb25CaW5kaW5nPSJ7e0Zvcm1Qb3N0UGFyYW04Mi51Y0RhdGVFbmQkdHh0RGF0ZX19IiBVcmxFbmNvZGU9IlRydWUiIC8+DQogICAgICAgIDxGb3JtUG9zdFBhcmFtZXRlciBOYW1lPSJPVFRpbWVTdGFydCRkZGxISCIgVmFsdWU9IjAwIiBSZWNvcmRlZFZhbHVlPSIwMCIgQ29ycmVsYXRpb25CaW5kaW5nPSJ7e0Zvcm1Qb3N0UGFyYW04NS5PVFRpbWVTdGFydCRkZGxISH19IiBVcmxFbmNvZGU9IlRydWUiIC8+DQogICAgICAgIDxGb3JtUG9zdFBhcmFtZXRlciBOYW1lPSJPVFRpbWVTdGFydCRkZGxNTSIgVmFsdWU9IjAwIiBSZWNvcmRlZFZhbHVlPSIwMCIgQ29ycmVsYXRpb25CaW5kaW5nPSJ7e0Zvcm1Qb3N0UGFyYW04Ni5PVFRpbWVTdGFydCRkZGxNTX19IiBVcmxFbmNvZGU9IlRydWUiIC8+DQogICAgICAgIDxGb3JtUG9zdFBhcmFtZXRlciBOYW1lPSJPVFRpbWVFbmQkZGRsSEgiIFZhbHVlPSIwMSIgUmVjb3JkZWRWYWx1ZT0iMDEiIENvcnJlbGF0aW9uQmluZGluZz0ie3tGb3JtUG9zdFBhcmFtODcuT1RUaW1lRW5kJGRkbEhIfX0iIFVybEVuY29kZT0iVHJ1ZSIgLz4NCiAgICAgICAgPEZvcm1Qb3N0UGFyYW1ldGVyIE5hbWU9Ik9UVGltZUVuZCRkZGxNTSIgVmFsdWU9Iuiri+mBuOaThyIgUmVjb3JkZWRWYWx1ZT0i6KuL6YG45pOHIiBDb3JyZWxhdGlvbkJpbmRpbmc9Int7Rm9ybVBvc3RQYXJhbTg4Lk9UVGltZUVuZCRkZGxNTX19IiBVcmxFbmNvZGU9IlRydWUiIC8+DQogICAgICAgIDxGb3JtUG9zdFBhcmFtZXRlciBOYW1lPSJjaGtNZWFsRmxhZyIgVmFsdWU9Im9uIiBSZWNvcmRlZFZhbHVlPSJvbiIgQ29ycmVsYXRpb25CaW5kaW5nPSIiIFVybEVuY29kZT0iVHJ1ZSIgLz4NCiAgICAgICAgPEZvcm1Qb3N0UGFyYW1ldGVyIE5hbWU9InR4dE1lYWxUaW1lIiBWYWx1ZT0iMCIgUmVjb3JkZWRWYWx1ZT0iMCIgQ29ycmVsYXRpb25CaW5kaW5nPSJ7e0Zvcm1Qb3N0UGFyYW04My50eHRNZWFsVGltZX19IiBVcmxFbmNvZGU9IlRydWUiIC8+DQogICAgICAgIDxGb3JtUG9zdFBhcmFtZXRlciBOYW1lPSJkZGxPVFR5cGVJRCIgVmFsdWU9IjAiIFJlY29yZGVkVmFsdWU9IjAiIENvcnJlbGF0aW9uQmluZGluZz0ie3tGb3JtUG9zdFBhcmFtODkuZGRsT1RUeXBlSUR9fSIgVXJsRW5jb2RlPSJUcnVlIiAvPg0KICAgICAgICA8Rm9ybVBvc3RQYXJhbWV0ZXIgTmFtZT0idHh0T1RSZWFzb25NZW1vJHR4dERhdGEiIFZhbHVlPSIiIFJlY29yZGVkVmFsdWU9IiIgQ29ycmVsYXRpb25CaW5kaW5nPSIiIFVybEVuY29kZT0iVHJ1ZSIgLz4NCiAgICAgICAgPEZvcm1Qb3N0UGFyYW1ldGVyIE5hbWU9ImRkbE9yZyIgVmFsdWU9IjEiIFJlY29yZGVkVmFsdWU9IjEiIENvcnJlbGF0aW9uQmluZGluZz0ie3tGb3JtUG9zdFBhcmFtOTAuZGRsT3JnfX0iIFVybEVuY29kZT0iVHJ1ZSIgLz4NCiAgICAgICAgPEZvcm1Qb3N0UGFyYW1ldGVyIE5hbWU9InVjQ2FzY2FkaW5nRHJvcERvd24xJGRkbDAyIiBWYWx1ZT0iMDAwRzAwIiBSZWNvcmRlZFZhbHVlPSIwMDBHMDAiIENvcnJlbGF0aW9uQmluZGluZz0ie3tGb3JtUG9zdFBhcmFtOTEudWNDYXNjYWRpbmdEcm9wRG93bjEkZGRsMDJ9fSIgVXJsRW5jb2RlPSJUcnVlIiAvPg0KICAgICAgICA8Rm9ybVBvc3RQYXJhbWV0ZXIgTmFtZT0idWNDYXNjYWRpbmdEcm9wRG93bjEkZGRsMDMiIFZhbHVlPSIwMDBHOTAiIFJlY29yZGVkVmFsdWU9IjAwMEc5MCIgQ29ycmVsYXRpb25CaW5kaW5nPSJ7e0Zvcm1Qb3N0UGFyYW05Mi51Y0Nhc2NhZGluZ0Ryb3BEb3duMSRkZGwwM319IiBVcmxFbmNvZGU9IlRydWUiIC8+DQogICAgICAgIDxGb3JtUG9zdFBhcmFtZXRlciBOYW1lPSJ1Y0Nhc2NhZGluZ0Ryb3BEb3duMSRkZGwwNCIgVmFsdWU9IiIgUmVjb3JkZWRWYWx1ZT0iIiBDb3JyZWxhdGlvbkJpbmRpbmc9IiIgVXJsRW5jb2RlPSJUcnVlIiAvPg0KICAgICAgICA8Rm9ybVBvc3RQYXJhbWV0ZXIgTmFtZT0idWNDYXNjYWRpbmdEcm9wRG93bjEkQ2FzY2FkaW5nRHJvcERvd24xX0NsaWVudFN0YXRlIiBWYWx1ZT0iU1BIQksxOjo65rC46LGQ6YqA6KGMOjo6IiBSZWNvcmRlZFZhbHVlPSJTUEhCSzE6OjrmsLjosZDpioDooYw6OjoiIENvcnJlbGF0aW9uQmluZGluZz0iIiBVcmxFbmNvZGU9IlRydWUiIC8+DQogICAgICAgIDxGb3JtUG9zdFBhcmFtZXRlciBOYW1lPSJ1Y0Nhc2NhZGluZ0Ryb3BEb3duMSRDYXNjYWRpbmdEcm9wRG93bjJfQ2xpZW50U3RhdGUiIFZhbHVlPSIwMDBHMDA6Ojrkurrlipvos4fmupDomZU6OjoiIFJlY29yZGVkVmFsdWU9IjAwMEcwMDo6OuS6uuWKm+izh+a6kOiZlTo6OiIgQ29ycmVsYXRpb25CaW5kaW5nPSIiIFVybEVuY29kZT0iVHJ1ZSIgLz4NCiAgICAgICAgPEZvcm1Qb3N0UGFyYW1ldGVyIE5hbWU9InVjQ2FzY2FkaW5nRHJvcERvd24xJENhc2NhZGluZ0Ryb3BEb3duM19DbGllbnRTdGF0ZSIgVmFsdWU9IjAwMEc5MDo6OuS6uuizh+aVuOaTmuaHieeUqOenkTo6OiIgUmVjb3JkZWRWYWx1ZT0iMDAwRzkwOjo65Lq66LOH5pW45pOa5oeJ55So56eROjo6IiBDb3JyZWxhdGlvbkJpbmRpbmc9IiIgVXJsRW5jb2RlPSJUcnVlIiAvPg0KICAgICAgICA8Rm9ybVBvc3RQYXJhbWV0ZXIgTmFtZT0idWNDYXNjYWRpbmdEcm9wRG93bjEkQ2FzY2FkaW5nRHJvcERvd240X0NsaWVudFN0YXRlIiBWYWx1ZT0ie3skSElEREVOMS51Y0Nhc2NhZGluZ0Ryb3BEb3duMSRDYXNjYWRpbmdEcm9wRG93bjRfQ2xpZW50U3RhdGV9fSIgUmVjb3JkZWRWYWx1ZT0iOjo6Ojo6IiBDb3JyZWxhdGlvbkJpbmRpbmc9IiIgVXJsRW5jb2RlPSJUcnVlIiAvPg0KICAgICAgICA8Rm9ybVBvc3RQYXJhbWV0ZXIgTmFtZT0idWNDYXNjYWRpbmdEcm9wRG93bjEkQ2FzY2FkaW5nRHJvcERvd241X0NsaWVudFN0YXRlIiBWYWx1ZT0ie3skSElEREVOMS51Y0Nhc2NhZGluZ0Ryb3BEb3duMSRDYXNjYWRpbmdEcm9wRG93bjVfQ2xpZW50U3RhdGV9fSIgUmVjb3JkZWRWYWx1ZT0iIiBDb3JyZWxhdGlvbkJpbmRpbmc9IiIgVXJsRW5jb2RlPSJUcnVlIiAvPg0KICAgICAgICA8Rm9ybVBvc3RQYXJhbWV0ZXIgTmFtZT0idWNDYXNjYWRpbmdEcm9wRG93bjIkQ2FzY2FkaW5nRHJvcERvd24xX0NsaWVudFN0YXRlIiBWYWx1ZT0ie3skSElEREVOMS51Y0Nhc2NhZGluZ0Ryb3BEb3duMiRDYXNjYWRpbmdEcm9wRG93bjFfQ2xpZW50U3RhdGV9fSIgUmVjb3JkZWRWYWx1ZT0iOjo6Ojo6IiBDb3JyZWxhdGlvbkJpbmRpbmc9IiIgVXJsRW5jb2RlPSJUcnVlIiAvPg0KICAgICAgICA8Rm9ybVBvc3RQYXJhbWV0ZXIgTmFtZT0idWNDYXNjYWRpbmdEcm9wRG93bjIkQ2FzY2FkaW5nRHJvcERvd24yX0NsaWVudFN0YXRlIiBWYWx1ZT0ie3skSElEREVOMS51Y0Nhc2NhZGluZ0Ryb3BEb3duMiRDYXNjYWRpbmdEcm9wRG93bjJfQ2xpZW50U3RhdGV9fSIgUmVjb3JkZWRWYWx1ZT0iOjo6Ojo6IiBDb3JyZWxhdGlvbkJpbmRpbmc9IiIgVXJsRW5jb2RlPSJUcnVlIiAvPg0KICAgICAgICA8Rm9ybVBvc3RQYXJhbWV0ZXIgTmFtZT0idWNDYXNjYWRpbmdEcm9wRG93bjIkQ2FzY2FkaW5nRHJvcERvd24zX0NsaWVudFN0YXRlIiBWYWx1ZT0ie3skSElEREVOMS51Y0Nhc2NhZGluZ0Ryb3BEb3duMiRDYXNjYWRpbmdEcm9wRG93bjNfQ2xpZW50U3RhdGV9fSIgUmVjb3JkZWRWYWx1ZT0iOjo6Ojo6IiBDb3JyZWxhdGlvbkJpbmRpbmc9IiIgVXJsRW5jb2RlPSJUcnVlIiAvPg0KICAgICAgICA8Rm9ybVBvc3RQYXJhbWV0ZXIgTmFtZT0idWNDYXNjYWRpbmdEcm9wRG93bjIkQ2FzY2FkaW5nRHJvcERvd240X0NsaWVudFN0YXRlIiBWYWx1ZT0ie3skSElEREVOMS51Y0Nhc2NhZGluZ0Ryb3BEb3duMiRDYXNjYWRpbmdEcm9wRG93bjRfQ2xpZW50U3RhdGV9fSIgUmVjb3JkZWRWYWx1ZT0iIiBDb3JyZWxhdGlvbkJpbmRpbmc9IiIgVXJsRW5jb2RlPSJUcnVlIiAvPg0KICAgICAgICA8Rm9ybVBvc3RQYXJhbWV0ZXIgTmFtZT0idWNDYXNjYWRpbmdEcm9wRG93bjIkQ2FzY2FkaW5nRHJvcERvd241X0NsaWVudFN0YXRlIiBWYWx1ZT0ie3skSElEREVOMS51Y0Nhc2NhZGluZ0Ryb3BEb3duMiRDYXNjYWRpbmdEcm9wRG93bjVfQ2xpZW50U3RhdGV9fSIgUmVjb3JkZWRWYWx1ZT0iIiBDb3JyZWxhdGlvbkJpbmRpbmc9IiIgVXJsRW5jb2RlPSJUcnVlIiAvPg0KICAgICAgICA8Rm9ybVBvc3RQYXJhbWV0ZXIgTmFtZT0iZnJhbWVBdHRhY2giIFZhbHVlPSIvVXRpbC9BdHRhY2hBZG1pbi5hc3B4P0F0dGFjaERCPUFhdHRlbmRhbnREQl9JVFJEJmFtcDtBdHRhY2hJRD10ZXN0MTAyMTE5ZDc5MmRkYzgtMWYwYy00YmU2LWJhMDYtMWJkNTI4MGNiMjlhJmFtcDtBdHRhY2hGaWxlTWF4UXR5PTEmYW1wO0F0dGFjaEZpbGVNYXhLQj0zMDcyJmFtcDtBdHRhY2hGaWxlVG90S0I9MzA3MiZhbXA7QXR0YWNoRmlsZUV4dExpc3Q9IiBSZWNvcmRlZFZhbHVlPSIvVXRpbC9BdHRhY2hBZG1pbi5hc3B4P0F0dGFjaERCPUFhdHRlbmRhbnREQl9JVFJEJmFtcDtBdHRhY2hJRD10ZXN0MTAyMTE5ZDc5MmRkYzgtMWYwYy00YmU2LWJhMDYtMWJkNTI4MGNiMjlhJmFtcDtBdHRhY2hGaWxlTWF4UXR5PTEmYW1wO0F0dGFjaEZpbGVNYXhLQj0zMDcyJmFtcDtBdHRhY2hGaWxlVG90S0I9MzA3MiZhbXA7QXR0YWNoRmlsZUV4dExpc3Q9IiBDb3JyZWxhdGlvbkJpbmRpbmc9IiIgVXJsRW5jb2RlPSJUcnVlIiAvPg0KICAgICAgICA8Rm9ybVBvc3RQYXJhbWV0ZXIgTmFtZT0idWNNb2RhbFBvcHVwMSRDbGllbnRXaWR0aCIgVmFsdWU9Int7JEhJRERFTjEudWNNb2RhbFBvcHVwMSRDbGllbnRXaWR0aH19IiBSZWNvcmRlZFZhbHVlPSIwIiBDb3JyZWxhdGlvbkJpbmRpbmc9IiIgVXJsRW5jb2RlPSJUcnVlIiAvPg0KICAgICAgICA8Rm9ybVBvc3RQYXJhbWV0ZXIgTmFtZT0idWNNb2RhbFBvcHVwMSRDbGllbnRIZWlnaHQiIFZhbHVlPSJ7eyRISURERU4xLnVjTW9kYWxQb3B1cDEkQ2xpZW50SGVpZ2h0fX0iIFJlY29yZGVkVmFsdWU9IjAiIENvcnJlbGF0aW9uQmluZGluZz0iIiBVcmxFbmNvZGU9IlRydWUiIC8+DQogICAgICAgIDxGb3JtUG9zdFBhcmFtZXRlciBOYW1lPSJoaWRkZW5JbnB1dFRvVXBkYXRlQVRCdWZmZXJfQ29tbW9uVG9vbGtpdFNjcmlwdHMiIFZhbHVlPSIwIiBSZWNvcmRlZFZhbHVlPSIwIiBDb3JyZWxhdGlvbkJpbmRpbmc9Int7Rm9ybVBvc3RQYXJhbTkzLmhpZGRlbklucHV0VG9VcGRhdGVBVEJ1ZmZlcl9Db21tb25Ub29sa2l0U2NyaXB0c319IiBVcmxFbmNvZGU9IlRydWUiIC8+DQogICAgICA8L0Zvcm1Qb3N0SHR0cEJvZHk+DQogICAgPC9SZXF1ZXN0Pg0KICAgIDxSZXF1ZXN0IE1ldGhvZD0iUE9TVCIgR3VpZD0iZGYxZDk5M2EtYzU0MS00YTg1LWJmYWMtYTk1YjY0N2NmNTc3IiBWZXJzaW9uPSIxLjEiIFVybD0iaHR0cDovLzEwLjExLjM2LjExNDo4MDA3L092ZXJUaW1lL092ZXJ0aW1lUHJlT3JkZXJfQWRkLmFzcHgiIFRoaW5rVGltZT0iMCIgVGltZW91dD0iMzAwIiBQYXJzZURlcGVuZGVudFJlcXVlc3RzPSJUcnVlIiBGb2xsb3dSZWRpcmVjdHM9IlRydWUiIFJlY29yZFJlc3VsdD0iVHJ1ZSIgQ2FjaGU9IkZhbHNlIiBSZXNwb25zZVRpbWVHb2FsPSIwIiBFbmNvZGluZz0idXRmLTgiIEV4cGVjdGVkSHR0cFN0YXR1c0NvZGU9IjAiIEV4cGVjdGVkUmVzcG9uc2VVcmw9IiIgUmVwb3J0aW5nTmFtZT0iIiBJZ25vcmVIdHRwU3RhdHVzQ29kZT0iRmFsc2UiPg0KICAgICAgPEV4dHJhY3Rpb25SdWxlcz4NCiAgICAgICAgPEV4dHJhY3Rpb25SdWxlIENsYXNzbmFtZT0iTWljcm9zb2Z0LlZpc3VhbFN0dWRpby5UZXN0VG9vbHMuV2ViVGVzdGluZy5SdWxlcy5FeHRyYWN0SGlkZGVuRmllbGRzLCBNaWNyb3NvZnQuVmlzdWFsU3R1ZGlvLlF1YWxpdHlUb29scy5XZWJUZXN0RnJhbWV3b3JrLCBWZXJzaW9uPTEwLjAuMC4wLCBDdWx0dXJlPW5ldXRyYWwsIFB1YmxpY0tleVRva2VuPWIwM2Y1ZjdmMTFkNTBhM2EiIFZhcmlhYmxlTmFtZT0iMSIgRGlzcGxheU5hbWU9IuaTt+WPlumaseiXj+ashOS9jSIgRGVzY3JpcHRpb249IuaTt+WPluWbnuaHieS4reeahOaJgOaciemaseiXj+ashOS9je+8jOS4puWwh+Wug+WAkeaUvuWcqOa4rOippuWFp+WuueS4reOAgiI+DQogICAgICAgICAgPFJ1bGVQYXJhbWV0ZXJzPg0KICAgICAgICAgICAgPFJ1bGVQYXJhbWV0ZXIgTmFtZT0iUmVxdWlyZWQiIFZhbHVlPSJUcnVlIiAvPg0KICAgICAgICAgICAgPFJ1bGVQYXJhbWV0ZXIgTmFtZT0iSHRtbERlY29kZSIgVmFsdWU9IlRydWUiIC8+DQogICAgICAgICAgPC9SdWxlUGFyYW1ldGVycz4NCiAgICAgICAgPC9FeHRyYWN0aW9uUnVsZT4NCiAgICAgIDwvRXh0cmFjdGlvblJ1bGVzPg0KICAgICAgPENvcnJlbGF0aW9uRXh0cmFjdGlvblJ1bGVzPg0KICAgICAgICA8RXh0cmFjdGlvblJ1bGUgQ2xhc3NuYW1lPSJNaWNyb3NvZnQuVmlzdWFsU3R1ZGlvLlRlc3RUb29scy5XZWJUZXN0aW5nLlJ1bGVzLkV4dHJhY3RGb3JtRmllbGQsIE1pY3Jvc29mdC5WaXN1YWxTdHVkaW8uUXVhbGl0eVRvb2xzLldlYlRlc3RGcmFtZXdvcmssIFZlcnNpb249MTAuMC4wLjAsIEN1bHR1cmU9bmV1dHJhbCwgUHVibGljS2V5VG9rZW49YjAzZjVmN2YxMWQ1MGEzYSIgVmFyaWFibGVOYW1lPSJGb3JtUG9zdFBhcmFtNDcuYnRuVGVtcFNhdmUiIERpc3BsYXlOYW1lPSIiIERlc2NyaXB0aW9uPSIiPg0KICAgICAgICAgIDxSdWxlUGFyYW1ldGVycz4NCiAgICAgICAgICAgIDxSdWxlUGFyYW1ldGVyIE5hbWU9Ik5hbWUiIFZhbHVlPSJidG5UZW1wU2F2ZSIgLz4NCiAgICAgICAgICAgIDxSdWxlUGFyYW1ldGVyIE5hbWU9Ikh0bWxEZWNvZGUiIFZhbHVlPSJUcnVlIiAvPg0KICAgICAgICAgICAgPFJ1bGVQYXJhbWV0ZXIgTmFtZT0iUmVxdWlyZWQiIFZhbHVlPSJGYWxzZSIgLz4NCiAgICAgICAgICAgIDxSdWxlUGFyYW1ldGVyIE5hbWU9IkluZGV4IiBWYWx1ZT0iMCIgLz4NCiAgICAgICAgICA8L1J1bGVQYXJhbWV0ZXJzPg0KICAgICAgICA8L0V4dHJhY3Rpb25SdWxlPg0KICAgICAgICA8RXh0cmFjdGlvblJ1bGUgQ2xhc3NuYW1lPSJNaWNyb3NvZnQuVmlzdWFsU3R1ZGlvLlRlc3RUb29scy5XZWJUZXN0aW5nLlJ1bGVzLkV4dHJhY3RGb3JtRmllbGQsIE1pY3Jvc29mdC5WaXN1YWxTdHVkaW8uUXVhbGl0eVRvb2xzLldlYlRlc3RGcmFtZXdvcmssIFZlcnNpb249MTAuMC4wLjAsIEN1bHR1cmU9bmV1dHJhbCwgUHVibGljS2V5VG9rZW49YjAzZjVmN2YxMWQ1MGEzYSIgVmFyaWFibGVOYW1lPSJGb3JtUG9zdFBhcmFtNDguT1RFbXBJRCIgRGlzcGxheU5hbWU9IiIgRGVzY3JpcHRpb249IiI+DQogICAgICAgICAgPFJ1bGVQYXJhbWV0ZXJzPg0KICAgICAgICAgICAgPFJ1bGVQYXJhbWV0ZXIgTmFtZT0iTmFtZSIgVmFsdWU9InJidFNpbmdsZUVtcElEIiAvPg0KICAgICAgICAgICAgPFJ1bGVQYXJhbWV0ZXIgTmFtZT0iSHRtbERlY29kZSIgVmFsdWU9IlRydWUiIC8+DQogICAgICAgICAgICA8UnVsZVBhcmFtZXRlciBOYW1lPSJSZXF1aXJlZCIgVmFsdWU9IkZhbHNlIiAvPg0KICAgICAgICAgICAgPFJ1bGVQYXJhbWV0ZXIgTmFtZT0iSW5kZXgiIFZhbHVlPSIwIiAvPg0KICAgICAgICAgIDwvUnVsZVBhcmFtZXRlcnM+DQogICAgICAgIDwvRXh0cmFjdGlvblJ1bGU+DQogICAgICAgIDxFeHRyYWN0aW9uUnVsZSBDbGFzc25hbWU9Ik1pY3Jvc29mdC5WaXN1YWxTdHVkaW8uVGVzdFRvb2xzLldlYlRlc3RpbmcuUnVsZXMuRXh0cmFjdEZvcm1GaWVsZCwgTWljcm9zb2Z0LlZpc3VhbFN0dWRpby5RdWFsaXR5VG9vbHMuV2ViVGVzdEZyYW1ld29yaywgVmVyc2lvbj0xMC4wLjAuMCwgQ3VsdHVyZT1uZXV0cmFsLCBQdWJsaWNLZXlUb2tlbj1iMDNmNWY3ZjExZDUwYTNhIiBWYXJpYWJsZU5hbWU9IkZvcm1Qb3N0UGFyYW00OS50eHRPVEVtcElEIiBEaXNwbGF5TmFtZT0iIiBEZXNjcmlwdGlvbj0iIj4NCiAgICAgICAgICA8UnVsZVBhcmFtZXRlcnM+DQogICAgICAgICAgICA8UnVsZVBhcmFtZXRlciBOYW1lPSJOYW1lIiBWYWx1ZT0idHh0T1RFbXBJRCIgLz4NCiAgICAgICAgICAgIDxSdWxlUGFyYW1ldGVyIE5hbWU9Ikh0bWxEZWNvZGUiIFZhbHVlPSJUcnVlIiAvPg0KICAgICAgICAgICAgPFJ1bGVQYXJhbWV0ZXIgTmFtZT0iUmVxdWlyZWQiIFZhbHVlPSJGYWxzZSIgLz4NCiAgICAgICAgICAgIDxSdWxlUGFyYW1ldGVyIE5hbWU9IkluZGV4IiBWYWx1ZT0iMCIgLz4NCiAgICAgICAgICA8L1J1bGVQYXJhbWV0ZXJzPg0KICAgICAgICA8L0V4dHJhY3Rpb25SdWxlPg0KICAgICAgICA8RXh0cmFjdGlvblJ1bGUgQ2xhc3NuYW1lPSJNaWNyb3NvZnQuVmlzdWFsU3R1ZGlvLlRlc3RUb29scy5XZWJUZXN0aW5nLlJ1bGVzLkV4dHJhY3RGb3JtRmllbGQsIE1pY3Jvc29mdC5WaXN1YWxTdHVkaW8uUXVhbGl0eVRvb2xzLldlYlRlc3RGcmFtZXdvcmssIFZlcnNpb249MTAuMC4wLjAsIEN1bHR1cmU9bmV1dHJhbCwgUHVibGljS2V5VG9rZW49YjAzZjVmN2YxMWQ1MGEzYSIgVmFyaWFibGVOYW1lPSJGb3JtUG9zdFBhcmFtNTAudHh0T1RFbXBOYW1lIiBEaXNwbGF5TmFtZT0iIiBEZXNjcmlwdGlvbj0iIj4NCiAgICAgICAgICA8UnVsZVBhcmFtZXRlcnM+DQogICAgICAgICAgICA8UnVsZVBhcmFtZXRlciBOYW1lPSJOYW1lIiBWYWx1ZT0idHh0T1RFbXBOYW1lIiAvPg0KICAgICAgICAgICAgPFJ1bGVQYXJhbWV0ZXIgTmFtZT0iSHRtbERlY29kZSIgVmFsdWU9IlRydWUiIC8+DQogICAgICAgICAgICA8UnVsZVBhcmFtZXRlciBOYW1lPSJSZXF1aXJlZCIgVmFsdWU9IkZhbHNlIiAvPg0KICAgICAgICAgICAgPFJ1bGVQYXJhbWV0ZXIgTmFtZT0iSW5kZXgiIFZhbHVlPSIwIiAvPg0KICAgICAgICAgIDwvUnVsZVBhcmFtZXRlcnM+DQogICAgICAgIDwvRXh0cmFjdGlvblJ1bGU+DQogICAgICAgIDxFeHRyYWN0aW9uUnVsZSBDbGFzc25hbWU9Ik1pY3Jvc29mdC5WaXN1YWxTdHVkaW8uVGVzdFRvb2xzLldlYlRlc3RpbmcuUnVsZXMuRXh0cmFjdEZvcm1GaWVsZCwgTWljcm9zb2Z0LlZpc3VhbFN0dWRpby5RdWFsaXR5VG9vbHMuV2ViVGVzdEZyYW1ld29yaywgVmVyc2lvbj0xMC4wLjAuMCwgQ3VsdHVyZT1uZXV0cmFsLCBQdWJsaWNLZXlUb2tlbj1iMDNmNWY3ZjExZDUwYTNhIiBWYXJpYWJsZU5hbWU9IkZvcm1Qb3N0UGFyYW01MS51Y0RhdGVTdGFydCR0eHREYXRlIiBEaXNwbGF5TmFtZT0iIiBEZXNjcmlwdGlvbj0iIj4NCiAgICAgICAgICA8UnVsZVBhcmFtZXRlcnM+DQogICAgICAgICAgICA8UnVsZVBhcmFtZXRlciBOYW1lPSJOYW1lIiBWYWx1ZT0idWNEYXRlU3RhcnRfdHh0RGF0ZSIgLz4NCiAgICAgICAgICAgIDxSdWxlUGFyYW1ldGVyIE5hbWU9Ikh0bWxEZWNvZGUiIFZhbHVlPSJUcnVlIiAvPg0KICAgICAgICAgICAgPFJ1bGVQYXJhbWV0ZXIgTmFtZT0iUmVxdWlyZWQiIFZhbHVlPSJGYWxzZSIgLz4NCiAgICAgICAgICAgIDxSdWxlUGFyYW1ldGVyIE5hbWU9IkluZGV4IiBWYWx1ZT0iMCIgLz4NCiAgICAgICAgICA8L1J1bGVQYXJhbWV0ZXJzPg0KICAgICAgICA8L0V4dHJhY3Rpb25SdWxlPg0KICAgICAgICA8RXh0cmFjdGlvblJ1bGUgQ2xhc3NuYW1lPSJNaWNyb3NvZnQuVmlzdWFsU3R1ZGlvLlRlc3RUb29scy5XZWJUZXN0aW5nLlJ1bGVzLkV4dHJhY3RGb3JtRmllbGQsIE1pY3Jvc29mdC5WaXN1YWxTdHVkaW8uUXVhbGl0eVRvb2xzLldlYlRlc3RGcmFtZXdvcmssIFZlcnNpb249MTAuMC4wLjAsIEN1bHR1cmU9bmV1dHJhbCwgUHVibGljS2V5VG9rZW49YjAzZjVmN2YxMWQ1MGEzYSIgVmFyaWFibGVOYW1lPSJGb3JtUG9zdFBhcmFtNTIudWNEYXRlRW5kJHR4dERhdGUiIERpc3BsYXlOYW1lPSIiIERlc2NyaXB0aW9uPSIiPg0KICAgICAgICAgIDxSdWxlUGFyYW1ldGVycz4NCiAgICAgICAgICAgIDxSdWxlUGFyYW1ldGVyIE5hbWU9Ik5hbWUiIFZhbHVlPSJ1Y0RhdGVFbmRfdHh0RGF0ZSIgLz4NCiAgICAgICAgICAgIDxSdWxlUGFyYW1ldGVyIE5hbWU9Ikh0bWxEZWNvZGUiIFZhbHVlPSJUcnVlIiAvPg0KICAgICAgICAgICAgPFJ1bGVQYXJhbWV0ZXIgTmFtZT0iUmVxdWlyZWQiIFZhbHVlPSJGYWxzZSIgLz4NCiAgICAgICAgICAgIDxSdWxlUGFyYW1ldGVyIE5hbWU9IkluZGV4IiBWYWx1ZT0iMCIgLz4NCiAgICAgICAgICA8L1J1bGVQYXJhbWV0ZXJzPg0KICAgICAgICA8L0V4dHJhY3Rpb25SdWxlPg0KICAgICAgICA8RXh0cmFjdGlvblJ1bGUgQ2xhc3NuYW1lPSJNaWNyb3NvZnQuVmlzdWFsU3R1ZGlvLlRlc3RUb29scy5XZWJUZXN0aW5nLlJ1bGVzLkV4dHJhY3RUZXh0LCBNaWNyb3NvZnQuVmlzdWFsU3R1ZGlvLlF1YWxpdHlUb29scy5XZWJUZXN0RnJhbWV3b3JrLCBWZXJzaW9uPTEwLjAuMC4wLCBDdWx0dXJlPW5ldXRyYWwsIFB1YmxpY0tleVRva2VuPWIwM2Y1ZjdmMTFkNTBhM2EiIFZhcmlhYmxlTmFtZT0iRm9ybVBvc3RQYXJhbTUzLk9UVGltZVN0YXJ0JGRkbEhIIiBEaXNwbGF5TmFtZT0iIiBEZXNjcmlwdGlvbj0iIj4NCiAgICAgICAgICA8UnVsZVBhcmFtZXRlcnM+DQogICAgICAgICAgICA8UnVsZVBhcmFtZXRlciBOYW1lPSJTdGFydHNXaXRoIiBWYWx1ZT0ibHVlPSZxdW90OyIgLz4NCiAgICAgICAgICAgIDxSdWxlUGFyYW1ldGVyIE5hbWU9IkVuZHNXaXRoIiBWYWx1ZT0iJnF1b3Q7Jmd0OzAwJmx0OyIgLz4NCiAgICAgICAgICAgIDxSdWxlUGFyYW1ldGVyIE5hbWU9IkluZGV4IiBWYWx1ZT0iMzAiIC8+DQogICAgICAgICAgICA8UnVsZVBhcmFtZXRlciBOYW1lPSJJZ25vcmVDYXNlIiBWYWx1ZT0iRmFsc2UiIC8+DQogICAgICAgICAgICA8UnVsZVBhcmFtZXRlciBOYW1lPSJVc2VSZWd1bGFyRXhwcmVzc2lvbiIgVmFsdWU9IkZhbHNlIiAvPg0KICAgICAgICAgICAgPFJ1bGVQYXJhbWV0ZXIgTmFtZT0iSHRtbERlY29kZSIgVmFsdWU9IlRydWUiIC8+DQogICAgICAgICAgICA8UnVsZVBhcmFtZXRlciBOYW1lPSJSZXF1aXJlZCIgVmFsdWU9IkZhbHNlIiAvPg0KICAgICAgICAgIDwvUnVsZVBhcmFtZXRlcnM+DQogICAgICAgIDwvRXh0cmFjdGlvblJ1bGU+DQogICAgICAgIDxFeHRyYWN0aW9uUnVsZSBDbGFzc25hbWU9Ik1pY3Jvc29mdC5WaXN1YWxTdHVkaW8uVGVzdFRvb2xzLldlYlRlc3RpbmcuUnVsZXMuRXh0cmFjdFRleHQsIE1pY3Jvc29mdC5WaXN1YWxTdHVkaW8uUXVhbGl0eVRvb2xzLldlYlRlc3RGcmFtZXdvcmssIFZlcnNpb249MTAuMC4wLjAsIEN1bHR1cmU9bmV1dHJhbCwgUHVibGljS2V5VG9rZW49YjAzZjVmN2YxMWQ1MGEzYSIgVmFyaWFibGVOYW1lPSJGb3JtUG9zdFBhcmFtNTQuT1RUaW1lU3RhcnQkZGRsTU0iIERpc3BsYXlOYW1lPSIiIERlc2NyaXB0aW9uPSIiPg0KICAgICAgICAgIDxSdWxlUGFyYW1ldGVycz4NCiAgICAgICAgICAgIDxSdWxlUGFyYW1ldGVyIE5hbWU9IlN0YXJ0c1dpdGgiIFZhbHVlPSJsdWU9JnF1b3Q7IiAvPg0KICAgICAgICAgICAgPFJ1bGVQYXJhbWV0ZXIgTmFtZT0iRW5kc1dpdGgiIFZhbHVlPSImcXVvdDsmZ3Q7MDAmbHQ7IiAvPg0KICAgICAgICAgICAgPFJ1bGVQYXJhbWV0ZXIgTmFtZT0iSW5kZXgiIFZhbHVlPSIzMCIgLz4NCiAgICAgICAgICAgIDxSdWxlUGFyYW1ldGVyIE5hbWU9Iklnbm9yZUNhc2UiIFZhbHVlPSJGYWxzZSIgLz4NCiAgICAgICAgICAgIDxSdWxlUGFyYW1ldGVyIE5hbWU9IlVzZVJlZ3VsYXJFeHByZXNzaW9uIiBWYWx1ZT0iRmFsc2UiIC8+DQogICAgICAgICAgICA8UnVsZVBhcmFtZXRlciBOYW1lPSJIdG1sRGVjb2RlIiBWYWx1ZT0iVHJ1ZSIgLz4NCiAgICAgICAgICAgIDxSdWxlUGFyYW1ldGVyIE5hbWU9IlJlcXVpcmVkIiBWYWx1ZT0iRmFsc2UiIC8+DQogICAgICAgICAgPC9SdWxlUGFyYW1ldGVycz4NCiAgICAgICAgPC9FeHRyYWN0aW9uUnVsZT4NCiAgICAgICAgPEV4dHJhY3Rpb25SdWxlIENsYXNzbmFtZT0iTWljcm9zb2Z0LlZpc3VhbFN0dWRpby5UZXN0VG9vbHMuV2ViVGVzdGluZy5SdWxlcy5FeHRyYWN0VGV4dCwgTWljcm9zb2Z0LlZpc3VhbFN0dWRpby5RdWFsaXR5VG9vbHMuV2ViVGVzdEZyYW1ld29yaywgVmVyc2lvbj0xMC4wLjAuMCwgQ3VsdHVyZT1uZXV0cmFsLCBQdWJsaWNLZXlUb2tlbj1iMDNmNWY3ZjExZDUwYTNhIiBWYXJpYWJsZU5hbWU9IkZvcm1Qb3N0UGFyYW01NS5PVFRpbWVFbmQkZGRsSEgiIERpc3BsYXlOYW1lPSIiIERlc2NyaXB0aW9uPSIiPg0KICAgICAgICAgIDxSdWxlUGFyYW1ldGVycz4NCiAgICAgICAgICAgIDxSdWxlUGFyYW1ldGVyIE5hbWU9IlN0YXJ0c1dpdGgiIFZhbHVlPSJsdWU9JnF1b3Q7IiAvPg0KICAgICAgICAgICAgPFJ1bGVQYXJhbWV0ZXIgTmFtZT0iRW5kc1dpdGgiIFZhbHVlPSImcXVvdDsmZ3Q7MDEmbHQ7IiAvPg0KICAgICAgICAgICAgPFJ1bGVQYXJhbWV0ZXIgTmFtZT0iSW5kZXgiIFZhbHVlPSIzMSIgLz4NCiAgICAgICAgICAgIDxSdWxlUGFyYW1ldGVyIE5hbWU9Iklnbm9yZUNhc2UiIFZhbHVlPSJGYWxzZSIgLz4NCiAgICAgICAgICAgIDxSdWxlUGFyYW1ldGVyIE5hbWU9IlVzZVJlZ3VsYXJFeHByZXNzaW9uIiBWYWx1ZT0iRmFsc2UiIC8+DQogICAgICAgICAgICA8UnVsZVBhcmFtZXRlciBOYW1lPSJIdG1sRGVjb2RlIiBWYWx1ZT0iVHJ1ZSIgLz4NCiAgICAgICAgICAgIDxSdWxlUGFyYW1ldGVyIE5hbWU9IlJlcXVpcmVkIiBWYWx1ZT0iRmFsc2UiIC8+DQogICAgICAgICAgPC9SdWxlUGFyYW1ldGVycz4NCiAgICAgICAgPC9FeHRyYWN0aW9uUnVsZT4NCiAgICAgICAgPEV4dHJhY3Rpb25SdWxlIENsYXNzbmFtZT0iTWljcm9zb2Z0LlZpc3VhbFN0dWRpby5UZXN0VG9vbHMuV2ViVGVzdGluZy5SdWxlcy5FeHRyYWN0VGV4dCwgTWljcm9zb2Z0LlZpc3VhbFN0dWRpby5RdWFsaXR5VG9vbHMuV2ViVGVzdEZyYW1ld29yaywgVmVyc2lvbj0xMC4wLjAuMCwgQ3VsdHVyZT1uZXV0cmFsLCBQdWJsaWNLZXlUb2tlbj1iMDNmNWY3ZjExZDUwYTNhIiBWYXJpYWJsZU5hbWU9IkZvcm1Qb3N0UGFyYW01Ni5PVFRpbWVFbmQkZGRsTU0iIERpc3BsYXlOYW1lPSIiIERlc2NyaXB0aW9uPSIiPg0KICAgICAgICAgIDxSdWxlUGFyYW1ldGVycz4NCiAgICAgICAgICAgIDxSdWxlUGFyYW1ldGVyIE5hbWU9IlN0YXJ0c1dpdGgiIFZhbHVlPSJsdWU9JnF1b3Q7IiAvPg0KICAgICAgICAgICAgPFJ1bGVQYXJhbWV0ZXIgTmFtZT0iRW5kc1dpdGgiIFZhbHVlPSImcXVvdDsmZ3Q7MDAmbHQ7IiAvPg0KICAgICAgICAgICAgPFJ1bGVQYXJhbWV0ZXIgTmFtZT0iSW5kZXgiIFZhbHVlPSIzMCIgLz4NCiAgICAgICAgICAgIDxSdWxlUGFyYW1ldGVyIE5hbWU9Iklnbm9yZUNhc2UiIFZhbHVlPSJGYWxzZSIgLz4NCiAgICAgICAgICAgIDxSdWxlUGFyYW1ldGVyIE5hbWU9IlVzZVJlZ3VsYXJFeHByZXNzaW9uIiBWYWx1ZT0iRmFsc2UiIC8+DQogICAgICAgICAgICA8UnVsZVBhcmFtZXRlciBOYW1lPSJIdG1sRGVjb2RlIiBWYWx1ZT0iVHJ1ZSIgLz4NCiAgICAgICAgICAgIDxSdWxlUGFyYW1ldGVyIE5hbWU9IlJlcXVpcmVkIiBWYWx1ZT0iRmFsc2UiIC8+DQogICAgICAgICAgPC9SdWxlUGFyYW1ldGVycz4NCiAgICAgICAgPC9FeHRyYWN0aW9uUnVsZT4NCiAgICAgICAgPEV4dHJhY3Rpb25SdWxlIENsYXNzbmFtZT0iTWljcm9zb2Z0LlZpc3VhbFN0dWRpby5UZXN0VG9vbHMuV2ViVGVzdGluZy5SdWxlcy5FeHRyYWN0VGV4dCwgTWljcm9zb2Z0LlZpc3VhbFN0dWRpby5RdWFsaXR5VG9vbHMuV2ViVGVzdEZyYW1ld29yaywgVmVyc2lvbj0xMC4wLjAuMCwgQ3VsdHVyZT1uZXV0cmFsLCBQdWJsaWNLZXlUb2tlbj1iMDNmNWY3ZjExZDUwYTNhIiBWYXJpYWJsZU5hbWU9IkZvcm1Qb3N0UGFyYW01Ny5kZGxPVFR5cGVJRCIgRGlzcGxheU5hbWU9IiIgRGVzY3JpcHRpb249IiI+DQogICAgICAgICAgPFJ1bGVQYXJhbWV0ZXJzPg0KICAgICAgICAgICAgPFJ1bGVQYXJhbWV0ZXIgTmFtZT0iU3RhcnRzV2l0aCIgVmFsdWU9Imx1ZT0mcXVvdDsiIC8+DQogICAgICAgICAgICA8UnVsZVBhcmFtZXRlciBOYW1lPSJFbmRzV2l0aCIgVmFsdWU9IiZxdW90OyZndDsxMCZsdDsiIC8+DQogICAgICAgICAgICA8UnVsZVBhcmFtZXRlciBOYW1lPSJJbmRleCIgVmFsdWU9IjQwIiAvPg0KICAgICAgICAgICAgPFJ1bGVQYXJhbWV0ZXIgTmFtZT0iSWdub3JlQ2FzZSIgVmFsdWU9IkZhbHNlIiAvPg0KICAgICAgICAgICAgPFJ1bGVQYXJhbWV0ZXIgTmFtZT0iVXNlUmVndWxhckV4cHJlc3Npb24iIFZhbHVlPSJGYWxzZSIgLz4NCiAgICAgICAgICAgIDxSdWxlUGFyYW1ldGVyIE5hbWU9Ikh0bWxEZWNvZGUiIFZhbHVlPSJUcnVlIiAvPg0KICAgICAgICAgICAgPFJ1bGVQYXJhbWV0ZXIgTmFtZT0iUmVxdWlyZWQiIFZhbHVlPSJGYWxzZSIgLz4NCiAgICAgICAgICA8L1J1bGVQYXJhbWV0ZXJzPg0KICAgICAgICA8L0V4dHJhY3Rpb25SdWxlPg0KICAgICAgICA8RXh0cmFjdGlvblJ1bGUgQ2xhc3NuYW1lPSJNaWNyb3NvZnQuVmlzdWFsU3R1ZGlvLlRlc3RUb29scy5XZWJUZXN0aW5nLlJ1bGVzLkV4dHJhY3RUZXh0LCBNaWNyb3NvZnQuVmlzdWFsU3R1ZGlvLlF1YWxpdHlUb29scy5XZWJUZXN0RnJhbWV3b3JrLCBWZXJzaW9uPTEwLjAuMC4wLCBDdWx0dXJlPW5ldXRyYWwsIFB1YmxpY0tleVRva2VuPWIwM2Y1ZjdmMTFkNTBhM2EiIFZhcmlhYmxlTmFtZT0iRm9ybVBvc3RQYXJhbTU4LmRkbE9yZyIgRGlzcGxheU5hbWU9IiIgRGVzY3JpcHRpb249IiI+DQogICAgICAgICAgPFJ1bGVQYXJhbWV0ZXJzPg0KICAgICAgICAgICAgPFJ1bGVQYXJhbWV0ZXIgTmFtZT0iU3RhcnRzV2l0aCIgVmFsdWU9IiZxdW90OzAmcXVvdDssJnF1b3Q7IiAvPg0KICAgICAgICAgICAgPFJ1bGVQYXJhbWV0ZXIgTmFtZT0iRW5kc1dpdGgiIFZhbHVlPSImcXVvdDssJnF1b3Q7MiZxdW90OyIgLz4NCiAgICAgICAgICAgIDxSdWxlUGFyYW1ldGVyIE5hbWU9IkluZGV4IiBWYWx1ZT0iMCIgLz4NCiAgICAgICAgICAgIDxSdWxlUGFyYW1ldGVyIE5hbWU9Iklnbm9yZUNhc2UiIFZhbHVlPSJGYWxzZSIgLz4NCiAgICAgICAgICAgIDxSdWxlUGFyYW1ldGVyIE5hbWU9IlVzZVJlZ3VsYXJFeHByZXNzaW9uIiBWYWx1ZT0iRmFsc2UiIC8+DQogICAgICAgICAgICA8UnVsZVBhcmFtZXRlciBOYW1lPSJIdG1sRGVjb2RlIiBWYWx1ZT0iVHJ1ZSIgLz4NCiAgICAgICAgICAgIDxSdWxlUGFyYW1ldGVyIE5hbWU9IlJlcXVpcmVkIiBWYWx1ZT0iRmFsc2UiIC8+DQogICAgICAgICAgPC9SdWxlUGFyYW1ldGVycz4NCiAgICAgICAgPC9FeHRyYWN0aW9uUnVsZT4NCiAgICAgICAgPEV4dHJhY3Rpb25SdWxlIENsYXNzbmFtZT0iTWljcm9zb2Z0LlZpc3VhbFN0dWRpby5UZXN0VG9vbHMuV2ViVGVzdGluZy5SdWxlcy5FeHRyYWN0VGV4dCwgTWljcm9zb2Z0LlZpc3VhbFN0dWRpby5RdWFsaXR5VG9vbHMuV2ViVGVzdEZyYW1ld29yaywgVmVyc2lvbj0xMC4wLjAuMCwgQ3VsdHVyZT1uZXV0cmFsLCBQdWJsaWNLZXlUb2tlbj1iMDNmNWY3ZjExZDUwYTNhIiBWYXJpYWJsZU5hbWU9IkZvcm1Qb3N0UGFyYW01OS51Y0Nhc2NhZGluZ0Ryb3BEb3duMSRkZGwwMiIgRGlzcGxheU5hbWU9IiIgRGVzY3JpcHRpb249IiI+DQogICAgICAgICAgPFJ1bGVQYXJhbWV0ZXJzPg0KICAgICAgICAgICAgPFJ1bGVQYXJhbWV0ZXIgTmFtZT0iU3RhcnRzV2l0aCIgVmFsdWU9Imx1ZT0mcXVvdDsiIC8+DQogICAgICAgICAgICA8UnVsZVBhcmFtZXRlciBOYW1lPSJFbmRzV2l0aCIgVmFsdWU9IiZxdW90OyB0aXQiIC8+DQogICAgICAgICAgICA8UnVsZVBhcmFtZXRlciBOYW1lPSJJbmRleCIgVmFsdWU9IjIyMCIgLz4NCiAgICAgICAgICAgIDxSdWxlUGFyYW1ldGVyIE5hbWU9Iklnbm9yZUNhc2UiIFZhbHVlPSJGYWxzZSIgLz4NCiAgICAgICAgICAgIDxSdWxlUGFyYW1ldGVyIE5hbWU9IlVzZVJlZ3VsYXJFeHByZXNzaW9uIiBWYWx1ZT0iRmFsc2UiIC8+DQogICAgICAgICAgICA8UnVsZVBhcmFtZXRlciBOYW1lPSJIdG1sRGVjb2RlIiBWYWx1ZT0iVHJ1ZSIgLz4NCiAgICAgICAgICAgIDxSdWxlUGFyYW1ldGVyIE5hbWU9IlJlcXVpcmVkIiBWYWx1ZT0iRmFsc2UiIC8+DQogICAgICAgICAgPC9SdWxlUGFyYW1ldGVycz4NCiAgICAgICAgPC9FeHRyYWN0aW9uUnVsZT4NCiAgICAgICAgPEV4dHJhY3Rpb25SdWxlIENsYXNzbmFtZT0iTWljcm9zb2Z0LlZpc3VhbFN0dWRpby5UZXN0VG9vbHMuV2ViVGVzdGluZy5SdWxlcy5FeHRyYWN0VGV4dCwgTWljcm9zb2Z0LlZpc3VhbFN0dWRpby5RdWFsaXR5VG9vbHMuV2ViVGVzdEZyYW1ld29yaywgVmVyc2lvbj0xMC4wLjAuMCwgQ3VsdHVyZT1uZXV0cmFsLCBQdWJsaWNLZXlUb2tlbj1iMDNmNWY3ZjExZDUwYTNhIiBWYXJpYWJsZU5hbWU9IkZvcm1Qb3N0UGFyYW02MC51Y0Nhc2NhZGluZ0Ryb3BEb3duMSRkZGwwMyIgRGlzcGxheU5hbWU9IiIgRGVzY3JpcHRpb249IiI+DQogICAgICAgICAgPFJ1bGVQYXJhbWV0ZXJzPg0KICAgICAgICAgICAgPFJ1bGVQYXJhbWV0ZXIgTmFtZT0iU3RhcnRzV2l0aCIgVmFsdWU9Imx1ZT0mcXVvdDsiIC8+DQogICAgICAgICAgICA8UnVsZVBhcmFtZXRlciBOYW1lPSJFbmRzV2l0aCIgVmFsdWU9IiZxdW90OyB0aXQiIC8+DQogICAgICAgICAgICA8UnVsZVBhcmFtZXRlciBOYW1lPSJJbmRleCIgVmFsdWU9IjIyMSIgLz4NCiAgICAgICAgICAgIDxSdWxlUGFyYW1ldGVyIE5hbWU9Iklnbm9yZUNhc2UiIFZhbHVlPSJGYWxzZSIgLz4NCiAgICAgICAgICAgIDxSdWxlUGFyYW1ldGVyIE5hbWU9IlVzZVJlZ3VsYXJFeHByZXNzaW9uIiBWYWx1ZT0iRmFsc2UiIC8+DQogICAgICAgICAgICA8UnVsZVBhcmFtZXRlciBOYW1lPSJIdG1sRGVjb2RlIiBWYWx1ZT0iVHJ1ZSIgLz4NCiAgICAgICAgICAgIDxSdWxlUGFyYW1ldGVyIE5hbWU9IlJlcXVpcmVkIiBWYWx1ZT0iRmFsc2UiIC8+DQogICAgICAgICAgPC9SdWxlUGFyYW1ldGVycz4NCiAgICAgICAgPC9FeHRyYWN0aW9uUnVsZT4NCiAgICAgICAgPEV4dHJhY3Rpb25SdWxlIENsYXNzbmFtZT0iTWljcm9zb2Z0LlZpc3VhbFN0dWRpby5UZXN0VG9vbHMuV2ViVGVzdGluZy5SdWxlcy5FeHRyYWN0VGV4dCwgTWljcm9zb2Z0LlZpc3VhbFN0dWRpby5RdWFsaXR5VG9vbHMuV2ViVGVzdEZyYW1ld29yaywgVmVyc2lvbj0xMC4wLjAuMCwgQ3VsdHVyZT1uZXV0cmFsLCBQdWJsaWNLZXlUb2tlbj1iMDNmNWY3ZjExZDUwYTNhIiBWYXJpYWJsZU5hbWU9IkZvcm1Qb3N0UGFyYW02MS5oaWRkZW5JbnB1dFRvVXBkYXRlQVRCdWZmZXJfQ29tbW9uVG9vbGtpdFNjcmlwdHMiIERpc3BsYXlOYW1lPSIiIERlc2NyaXB0aW9uPSIiPg0KICAgICAgICAgIDxSdWxlUGFyYW1ldGVycz4NCiAgICAgICAgICAgIDxSdWxlUGFyYW1ldGVyIE5hbWU9IlN0YXJ0c1dpdGgiIFZhbHVlPSJzJnF1b3Q7OlsmcXVvdDsiIC8+DQogICAgICAgICAgICA8UnVsZVBhcmFtZXRlciBOYW1lPSJFbmRzV2l0aCIgVmFsdWU9IiZxdW90OywmcXVvdDsxJnF1b3Q7IiAvPg0KICAgICAgICAgICAgPFJ1bGVQYXJhbWV0ZXIgTmFtZT0iSW5kZXgiIFZhbHVlPSIwIiAvPg0KICAgICAgICAgICAgPFJ1bGVQYXJhbWV0ZXIgTmFtZT0iSWdub3JlQ2FzZSIgVmFsdWU9IkZhbHNlIiAvPg0KICAgICAgICAgICAgPFJ1bGVQYXJhbWV0ZXIgTmFtZT0iVXNlUmVndWxhckV4cHJlc3Npb24iIFZhbHVlPSJGYWxzZSIgLz4NCiAgICAgICAgICAgIDxSdWxlUGFyYW1ldGVyIE5hbWU9Ikh0bWxEZWNvZGUiIFZhbHVlPSJUcnVlIiAvPg0KICAgICAgICAgICAgPFJ1bGVQYXJhbWV0ZXIgTmFtZT0iUmVxdWlyZWQiIFZhbHVlPSJGYWxzZSIgLz4NCiAgICAgICAgICA8L1J1bGVQYXJhbWV0ZXJzPg0KICAgICAgICA8L0V4dHJhY3Rpb25SdWxlPg0KICAgICAgPC9Db3JyZWxhdGlvbkV4dHJhY3Rpb25SdWxlcz4NCiAgICAgIDxGb3JtUG9zdEh0dHBCb2R5Pg0KICAgICAgICA8Rm9ybVBvc3RQYXJhbWV0ZXIgTmFtZT0iVG9vbGtpdFNjcmlwdE1hbmFnZXIxX0hpZGRlbkZpZWxkIiBWYWx1ZT0iOztBamF4Q29udHJvbFRvb2xraXQsIFZlcnNpb249NC4xLjcuNjA3LCBDdWx0dXJlPW5ldXRyYWwsIFB1YmxpY0tleVRva2VuPTI4ZjAxYjBlODRiNmQ1M2U6emgtSGFudDo3Yjk1ZWQxYS02YTNmLTQxZGQtYmM1Yi02M2YzOWVkYmM0YjQ6ZGUxZmVhYjI6ZmNmMGU5OTM6ZjJjOGU3MDg6NzIwYTUyYmY6ZjljZWM5YmM6NTg5ZWFhMzA6Njk4MTI5Y2Y6ZmI5YjRjNTc6Y2NiOTZjZjk6OGFkMTgxMDE6Y2E1N2VmM2M6YTY3YzI3MDA6ODYxM2FlYTc6MzIwMmE1YTI6YWIwOWUzZmU6ODcxMDRiN2M6YmU2ZmIyOTgiIFJlY29yZGVkVmFsdWU9Ijs7QWpheENvbnRyb2xUb29sa2l0LCBWZXJzaW9uPTQuMS43LjYwNywgQ3VsdHVyZT1uZXV0cmFsLCBQdWJsaWNLZXlUb2tlbj0yOGYwMWIwZTg0YjZkNTNlOnpoLUhhbnQ6N2I5NWVkMWEtNmEzZi00MWRkLWJjNWItNjNmMzllZGJjNGI0OmRlMWZlYWIyOmZjZjBlOTkzOmYyYzhlNzA4OjcyMGE1MmJmOmY5Y2VjOWJjOjU4OWVhYTMwOjY5ODEyOWNmOmZiOWI0YzU3OmNjYjk2Y2Y5OjhhZDE4MTAxOmNhNTdlZjNjOmE2N2MyNzAwOjg2MTNhZWE3OjMyMDJhNWEyOmFiMDllM2ZlOjg3MTA0YjdjOmJlNmZiMjk4IiBDb3JyZWxhdGlvbkJpbmRpbmc9IiIgVXJsRW5jb2RlPSJUcnVlIiAvPg0KICAgICAgICA8Rm9ybVBvc3RQYXJhbWV0ZXIgTmFtZT0iX19FVkVOVFRBUkdFVCIgVmFsdWU9Ik9UVGltZUVuZCRkZGxNTSIgUmVjb3JkZWRWYWx1ZT0iT1RUaW1lRW5kJGRkbE1NIiBDb3JyZWxhdGlvbkJpbmRpbmc9Int7Rm9ybVBvc3RQYXJhbTY4Ll9fRVZFTlRUQVJHRVR9fSIgVXJsRW5jb2RlPSJUcnVlIiAvPg0KICAgICAgICA8Rm9ybVBvc3RQYXJhbWV0ZXIgTmFtZT0iX19FVkVOVEFSR1VNRU5UIiBWYWx1ZT0ie3skSElEREVOMS5fX0VWRU5UQVJHVU1FTlR9fSIgUmVjb3JkZWRWYWx1ZT0iIiBDb3JyZWxhdGlvbkJpbmRpbmc9IiIgVXJsRW5jb2RlPSJUcnVlIiAvPg0KICAgICAgICA8Rm9ybVBvc3RQYXJhbWV0ZXIgTmFtZT0iX19MQVNURk9DVVMiIFZhbHVlPSJ7eyRISURERU4xLl9fTEFTVEZPQ1VTfX0iIFJlY29yZGVkVmFsdWU9IiIgQ29ycmVsYXRpb25CaW5kaW5nPSIiIFVybEVuY29kZT0iVHJ1ZSIgLz4NCiAgICAgICAgPEZvcm1Qb3N0UGFyYW1ldGVyIE5hbWU9Il9fVlNUQVRFIiBWYWx1ZT0ie3skSElEREVOMS5fX1ZTVEFURX19IiBSZWNvcmRlZFZhbHVlPSJBUitMQ0FBQUFBQUFCQUR0V3V0ekc5VVZ0MjRzK1puWVpJZ2hKRWdiWndiSGswamFYYjBzMlJhMUZRZTdzZU1RS1FrendHaFcydXZkeGF0ZHNidXlyV0dZaGtKSVNBaUVnZENhMEZLbXBGQ1lwR21aZ2tsUzJqK2gwK21IZm00dFB6NzFUNkRuN3E0ZWZrR2dFZE4ycWlUUzNuTi85OXg3WHZlZWN6ZGZPVG9lUkU1M09wMVFGVU5UWmYwRWZyWWdhZmk0cWh2RFhIYjZLQzZtMDEwdTV3NHRZeVFsUlpEeFNDNC9kdGk1SGRvVEJkbVFObTIyU0RsaG5Dc29XZEhaQm8rUEY3QnVTS3JpYk11SzB4T1lrNC9Jbk9CMENUTVRuS1IwREJ4c2FFZXVYVTNOazZtRVNvYkR3eEZWeXgyYmJKcE1tZnhjazZuRG5JSGhKeVhsY0J2OHFBWW5rMmRBcE9ZVUdJSytnazhIMytGczlZWWpkSmhsd3NGd1J4ZmxiazREQnpMWXVadUpSbGwvbjUraHFjV0ZDNlZMNXltR2pkRTAvSFYzcGNmMElSbHJSaExyT3F5VGNGWUxodWgyY1liQmdSQStBd1JnYUpaaG9ud2t5dko4dHMvTFRORlpiekNEdzk0TVI0ZTlUSVlQc1gxME5zTkdPZmVPOUhGT3dHTTZFV05jRlVSM1UxcmpsR25RREtJajdsMTJMNmhGS3lZTkRkUnFndHJTcDFWdE9pa1pHSURiUXJDd2ZUWnlxR0NvUS9tOFhCekpaVEJQYUFsZFQ4aWNyZ3Z1SGh0RGRHbkF2MlFXekNpRC9TU2k4a21sYkVrQitJL3BCRHV1WnFkRmQ2ZmRPZzNLMFhLY0JxU1c5SkFwTDB6L2JTVnVUQ2Z4bk5QQmdLUzhjWnpUT0haaGI0T2pvYUdCMklYOGtrODdncTlqeWFKdTRKd1BqTUlkb2s1aGpXaDhNT2lqeVo5RFZBSzhxS0RoUVFVWERJMlREMUhIQ3hsWnlvSWZwdFJwckF4bUloRXVsQTJGbVdnZ2lPbStxSk13MzFYRDAveEtjUmtaYjRPZTNaV1c3d1RPcVFibzJwNnk1WW1jbk15S09NZTF3ZE5oYVdycU1ZM0xiWE00ZHRqTWJCeFpjd3RoNVdxRXJ5OTJEanc2bDVPcEdYdmQzWXlQN3Fhd2tsVjVZRDNZWFRDbXZFeTQrOUg0OXRhQk9UMm1teE5RTUVMUkI3dTdyWWZZSER5TGhwR1ArZjJ6czdPKzJZQlAxUVEvUzlPTS80bUpjV3RSWld4TzUwRUNZS3dwTmpmZG01UEF4cm82WlhpemFpNEdPSytGNm9aWktZck1pMldjdzRwQktWd09EM2FiOGpOV3I5VVA0L0l5bmtzVjg5aW1XblFkb2grRXFSSTNZemZFejNCWlBJd0ZTZW1tREdBeDJFMkdtbzdjVFZsTGlSbWNKbURqR0F6UTg0QW13dWNrWlRLYkxXZ2dQZWpNLzQxendEcEdGTDV1VXh6R1dSa2NsVVJKZldVNXpCWEhwWnhraktvRjdkajNNc3RvM1djaE8zamRKcG1BczBpc0NQTTlURk5YYVNaVEV3WGRTSWc0TzEzSE9VdzV3RHIxbnFLK2hzZldzVjYvS0NuUFVMOElnWHpqaEhuVzEyMkdVNXdzOFhXZVk0aC9CcHkyenBNa09kaUFpNVBhRUptcnpxS01LVE5FYlNRVnZDY3pEZmczSHBjbWJmM1JhaEx0RlcxeFBodG1pc29sc1ZGWnlaaHVVNkJYSytBS25XUjVsWlNtY3JLWGUwL3FPRkhRTk9BTU9SNUhBT2JndXpqNHM2SXFaZkU2YVhQY1hMbFZVREpxUWVFeFg5WEIzVWhyYWNsTVcrSXVKK1JQZjJrYTRDSFZFclNZOWNQbHZrdWVZNCt4V0h6VG1QSkUzaGs3QlJxbzZyc3NpcVZIeWw2YXhKYzFXMVd0cHM1T2FqeldUTVhZT0pIVEV5S25DQmdVSkNrNkZCQ2duNnBhYS9La2VEUTY0Szl0cndGWmlVNmNwUzJNM2F4QTFpY3FKck1OeENxOE50MklCd0c2aHJBcGJqVE9zR3VCb3h1QlpPdVAwMVdZMmE2ZzFoN2E4V0I0d0wrT3RBbTB6SElkcFlLc09Uc0pyTFpaZ3ltZmZmRUlnVlJhNnhFbWE2WUNXYmY4OHRFVEQ1RDFWRm9iQUtQeGNBMmdSazJWalQvT2dIMnFyUXFnWnQrT002Q2UybmFOUDFRM1hwUFJHa0lGdG1ickpFS3RKYXhqVjdQNWdaY3hFVC9EK2dOMG1YZHRiem0wTGZlM1EzcE52QXo0MXdWd3ZKRlVSK3VxSmxJcnVkSVQzRE9xQmorU1FuNkdDNUxNdDZSUDRCbUpRRWhGMkF3ZlpGZUhYOW1mTm5kSHVhVEZaS01Ub01nbEZmb0pQS1ZoWGJScjlDTXdNeGE3RU5yV3dYY0Y0YnVqQzBGbFBTNEpvakdzemcxcm1Kc2VVWWdVdk1oM29TbEFOU0tIaVdvNkJmTkRoOGp6eUdsU0dsTjR6bkErdURKL1pmbnl5NHNMMS85NTU5V1ZUeTR1ZjNTcDlPWFp2NS81RmVEMkVKeG5wOU9WUEQ0NmZKUUJ5c00ycFgzcDVzTEtieSt2WGppejh2NnJRTjlYUnRJMC9SaE5BMlcvVGVsWXZIV3JkT0hxeXFmbmxtNWRocm1ncTZjV0hDWGdYcHV5QzhBRWVXVmg2YzEzbHM2OXN2eldSOHNmdmdHQVFIbUlYWjN6cU4rbWRGcVVmNXc1VTdyOTl1VHlsNytHdmtjN09rMlJLNnJvNkhJZ1I1ZWprK2NGOHNTangyQjBxN3N0VGN4UDdpczR3OWxlaE05VC9vbUpwL3c4NzI1TkorRmNOTXdibUlZL1NhOWUvZXVmbThtOWlzTGJwT0ZHei9XL05adlhDeWN3eDA4cWNsRUVRRXBWSVVUeVR1K1RxN2QvdnZUbWhhZXAwaHQzU3E5L3N2U1RhMHRYWHdZVlA3bDZkZDZrTHkyY1haMy9vSFQydzlLTkx5d3pnY1hndTVQOHVwdFVKU3RMMldsbjZxUWh5ZW1FT0EzMlRhbUNJR1BUa0pJc0djVURQWVVzV1k2NTFIUlduSzUyOVJ5aTFuVHkwZ3p4NWlId2tKN2VmaDZVaElpS25McFJsTEhUQTVXOUljSGg2WVdZRUpTWW9lYjdaeXE4WXYyMkZ6V0R2bHZOVUtKRGZpYnNiaWRYTk5XcmxzNEVWOUN4YmthNHVVY0w3cWJ2cGc5WVdhdXE4Qm5aMHNFT1E1UjBIOFJyQVEvMjlQVHo0UGhkTHJkclU4TzFiTERiS0hHRU5XWWI1ZEZSNGdDZSs5Y085dXlxMk5yVFZiR3g1d0hSOCtDL2ExRFBidWZ4dTdBa0xIUXJPNUt1emEzb2VlZzdHdEN6Ui9Ec0ZUd1BmMnZyZU55YjI4VGpXYWRRcW1JRXo3NGE3VS9DV2hyZDdSQTd5V1E1U0VITm0ybnQ2LzNmdWh6ZHd2OXJPemRxYnR0ZGFzNWxMZ1prSThvaTk1WDdDS05oa2hnS2ZPZXUzUzJ3YWE2K0FCdldPVVRUaUdZUXpTSTZnT2dnb2tPSURpTTZndWcrUkVjUlF5T0dRUXlMbUFCaWdvZ0pJU2FNbUFoaStoQVRSU3lOV0FheExHSUQ5ZUI1LzhGdHU0V3RQdGFlNkt3UjA3T2Z5RFo0NzllQjJDQmlRNGdOSXphQzJEN0VSbEdBUmdFR0JWZ1VDS0JBRUFWQ0tCQkdnUWdLOUtGQUZBVnBGR1JRa0VYQkFBb0dVVENFZ21FVWpLQmdId3BHVVloR0lRYUZXQlFLb0ZBUWhVSW9GRWFoQ0FyMW9WRDB2MzM5WUxQQkxXMTJOeC9McmkwZGNPNTFOZkRvSklrNlQvZFdrZmIxKzVNVlRKdnVUOVd1ZXhWbGx2djlqNFFXK245by9jZXQveDZFMWxSTlpIRjJ3bWtXYVJqT0JlTDZncDJoT2tpRys2enBBZTRkSkR4T2tVUHppSVJsM3RtWVVIbnMzbTVlYmtBMmJoRmJDREZCTG1Rc1gybmZDZG10bC9KV05BN1A3YXRuTDVVdW55L2RQTC8wL25sWDZleG5pN2ZmZGkyOSsrTEs5WnV1MHBrN3k2OWY3eXA5ZWhQT2NmL1N1K2RMdDY3QTAvTHZMNWNXUG0ySGY2V0w4MWJXdjNQbDNNZVF3Qys5ZDIzcEZ3dUxmM2gzNmRyMW5hWDNQZ2ZTNHBjWFNjZTE2NERkYVlHWFAzNWhlZjdPNHEyTGk3Yy9hNGZPbGZPWFZuNzVzOFUvM25DYXI4MTJ0VHRvQnhpYWRyQ09nQ1BvQ0RuQ2pvaWp6eEVsYnpCcG1nR1Z0OWRxRUpSU0FBM3RkZStCaW1sdUhDdUNJUjRqT2xDekJUMGhTMWd4eGc1alNLbkhvSVU1VFRRZnpWN1J2U05OMUpVVXBTbmpxS1R3YmIwL1NrSzVkWnpMK2s3anpNaGNIbW9tM1pkUWN6bFY4WkZ0N2VBYStDRnFTM1QxNVZ6RUYvQUZHQi96elcvbmxJSXNON2ozcGc5TGVuNUVNYkNHK2RPcXh1dVRtV2VxY3JTbXpYZU9FNXcyamQwdFp0VWd3TlNpbVYxaU14Y2F5aHJTREI2YkdCRUFVSDdYU1VhT2xWOVFpKzZkYWV2RmFFbzltYzlqTGNIcFdMVGZjZXI2TE15NjZkYisxTmR1N2NhY01abUNJa1pYbFFtY1V6ZHU4T3NCVzI3ejRTbFo1WXlZaktlTWZoNjBJWFBGbUtUSWtvSzlHVm5OVHZmbk9aNjhNb3pSYTNmL1ppczdkVGRYU3lubmFZazN4RDFXbFZ6OEFYbmg2VzZ1S3FVeHZTODVqSDZNckZKcEdoY0xlZWRQa1ptVEdwSWhtem1wTkVVZHFHYXBQdGwwTVNvK1NMRTBUVDN5Q0ZYdG8vWU5VajA5dmM5UlVQblhVQWRyR2o2OWtMRXVUZy9RaHdpSDNuNnE5Zm4rMWhsT285VFVuQUZnSG55VFhBSDZCR3lNV0xlQnc4VXhmcU9DWlM1RDlQYzRhTGZYWEtYSkFOWkFQS24zT2RMeVNZcUNOZUsxd05oNlhlNmJNdXVkQXo5TXBpZDB3ZlMyTVNWZk1DQjZUSGM3UkcwUTFsN284N3g1VmREb0NhN1JweWVNemlEek9zRHlGbXU3ZXVESjBnY2Zsbjd6eWVwcmI1ZHV2UE4wNmZQZmxhNjhCNFc0YWVDM0hHVUxVbXgram1KbytDby85Rk5aVlZhMTJING82L3VwRENrSk5aSWx4Nmo5UjQ2TTlBMkYrNmtwVlRHOHM1aGNWOFNvakNyemdGUEpCV09NWW9DTHJrTGxTUEVRSW9MR0ZmdXBXVkV5c05lOGxZNVJpanFyY2ZueUFLL0c4VkpCajFFQm1KaEhUZWJpN3lPYnl2TzJIUGNkV0w1Nm8vVEtwZVdYM2wrZGZ3bjJyRjdvZkxFc3BTTUVyWFBsMWpiYVJ6YnBpK3ZhcjY5cnYra2cvMi9qUHVUbzdHb2dmOXJ2UDlnQXUvK1ZTcmpCYVdDbVhQTVdwYkhEakwrSG5Odkx3YUNvQ3U3bi93V21FTit5Z0NJQUFBPT0iIENvcnJlbGF0aW9uQmluZGluZz0iIiBVcmxFbmNvZGU9IlRydWUiIC8+DQogICAgICAgIDxGb3JtUG9zdFBhcmFtZXRlciBOYW1lPSJfX1ZJRVdTVEFURSIgVmFsdWU9Int7JEhJRERFTjEuX19WSUVXU1RBVEV9fSIgUmVjb3JkZWRWYWx1ZT0iIiBDb3JyZWxhdGlvbkJpbmRpbmc9IiIgVXJsRW5jb2RlPSJUcnVlIiAvPg0KICAgICAgICA8Rm9ybVBvc3RQYXJhbWV0ZXIgTmFtZT0iX19TQ1JPTExQT1NJVElPTlgiIFZhbHVlPSJ7eyRISURERU4xLl9fU0NST0xMUE9TSVRJT05YfX0iIFJlY29yZGVkVmFsdWU9IjAiIENvcnJlbGF0aW9uQmluZGluZz0iIiBVcmxFbmNvZGU9IlRydWUiIC8+DQogICAgICAgIDxGb3JtUG9zdFBhcmFtZXRlciBOYW1lPSJfX1NDUk9MTFBPU0lUSU9OWSIgVmFsdWU9Int7JEhJRERFTjEuX19TQ1JPTExQT1NJVElPTll9fSIgUmVjb3JkZWRWYWx1ZT0iMCIgQ29ycmVsYXRpb25CaW5kaW5nPSIiIFVybEVuY29kZT0iVHJ1ZSIgLz4NCiAgICAgICAgPEZvcm1Qb3N0UGFyYW1ldGVyIE5hbWU9Il9fVklFV1NUQVRFRU5DUllQVEVEIiBWYWx1ZT0ie3skSElEREVOMS5fX1ZJRVdTVEFURUVOQ1JZUFRFRH19IiBSZWNvcmRlZFZhbHVlPSIiIENvcnJlbGF0aW9uQmluZGluZz0iIiBVcmxFbmNvZGU9IlRydWUiIC8+DQogICAgICAgIDxGb3JtUG9zdFBhcmFtZXRlciBOYW1lPSJfX0VWRU5UVkFMSURBVElPTiIgVmFsdWU9Int7JEhJRERFTjEuX19FVkVOVFZBTElEQVRJT059fSIgUmVjb3JkZWRWYWx1ZT0icGlsODlxaDFHLzU5SXNYR2hLa1d5MnV0Y2dVTUZDMzFKbzhCSkZNNDd0THVGMFpkeHVpelp4Y2E3RmEzT2tMUVJPczlWeSsxZkZZbVJQMHhqcFBiZHBjN2dWYndrblFHMmlkWjM3Zm9zdG41UkpDV0FJbEVhdEVEWnF3UEVLZGNiaWlubnhvYnpMN2dSTWlkRTVQWjlhVXJNbkk0QmRBd3dIMkRVTU5oRlNPelY4bVlKWWtLNXZQTG9aWnpzbWJkQXAxVmR4bWk5VlpreTJHVTlsNElRY2Q3ZGZZQ08rOG9rOGVndTFzTEVCbU1wN2R1bjhZdmcxZW1mMjNoeUl4a3l2RTBDcy95UFUrMVpySHR2TjBMM09BQ3RGZHpnbVdPRHJlOUlDQUJqWURvQzIxeTRmTitmZ3M2ZzBTdENZdWVGK2ZldlRMWkVRbXNQM2N1cDVvMFZka1ArK3hqY1VnUzZjcHBzbk1RdlF2bjVZckVNRG1qMEUxV3E3ZUdVeC9xWHI0WEdoUFpBNmx0YmpZVDFXNnAyWGlseWZpNjNaT28ybURZTmc1K2wvTHZQNzN3V1h0RjhkSXQwRVpKY2x2cHpjOHpQd3VtQVZGdWFGQnB4VWRKWkVjZUwzK1F3YTZFOXJCd3BmU2t2endNY2NMZ3NvbFo0VWhmTHZSWm1vajdYb25iWEZBeFRYbVNUdWxSL3d3RWJaRHV2akxscmY4L0cxbmEwSGtndkVUa091aGJVNkFMNUp4bXAvTmVUNzlKTTVCSldFVHZYK0F1QnVrN2ZVSGtRb3lJelZPWWRXRUZodFRCb09Taytaa3BURHdZanJxemUwbjhXNzdTbnV5d0VNZHQvcU9UUGpvRjdmR2JZcGxDK3gvcVJTY0ZmbWlWUmhHTjZBR29Pd01TRkpzY2VBdjZCNGZlY3lCSTIzUU5nQUlLN1dhbnB1VVJVVTcrczdQWE54cDN2dTUvVGZLeWJVNExPR3J6RHZKbDJyTlJUUklZQ1VJSnRrYkhRV2F2dmxBaU1IN1ZNTGVsQnM3RHVFbjRYRExQTFZHUUZvdG43ekp2UEFIL1EwbEVwcTlPYzlmd1Y4by9yR29WckEvNkYxek93N2MwejZrTWpia09tcTNiaE1ocVovanZlSGVyRkNiZnlpdGlJOVNuWHRXc3pYeTlQM2NKdHpQVThBSDhSSlBpNnZjNUg5UGpUOFIxZ3BkMDYwd1V0Rmp6ZkFsdURhZkJ1V1Rydm0zRUUwNWlmTE9lbVcrVzdSMG02c1RKb2x2ajRuUDU1REFtSU84UmZWeks2RE00STRwQ2hmdVlUTHFYQWNsUERWSmZSL0Q0ZC9GZm1xeXZSb1VPODE4bU1LdDZuTDdpMXZPc0ZXUFU4cWNpZ3JzcVhQNUNFRHlZTkRibkc0Y0FpWGJEQkw3aXMzcUpTcEtWUm52NVM3VUxFVHZwSUlnclJZUUZ3Vjh0TGZ4L2ttQ1h0RlZHakM0dkoxakFOeUwzcUZNMmR2OVR6dldQOGRRaE9UcnNuY3h3NXg1azltaEp6d0E2Mm5wQThqZjJHaEFiRGZDeFNaOG5pN0x5cUZnTFloVVgyQitxMGJDNnYzc1ROcWdlZVZMaDdjVzdwV3g3ajliTkVXa2ozRll4VFBMK2V6VXA3aXZLMTh2Z0VnM1U1T1Y1Vk8vOWViRkZkSHhrQTlFWGRKc0kxMTY3TFdzZGZnTjB2WDBib0RWQUdKanRkakw1dU4xdHZEazZzWUxXMzZoRFVPenpNVTlvYnl2SEN4QStVWEt5UTVhbUlxUFBoK29SczF2cGFMaUg1U2tydXozbmZVSzgydkhiNE5oSUdJQTZ3T3BXUC9GM2VXclU5VVpqQ0hWSDVZOGx3SVJsNFcxSDRGSmhMbHdzVXFld0d2am1odHJ6d1hQTXg5alhOUjNadDNEbkxlUitERmlwaDhXbnNLaEthbUNOc1I1SlhLRUpmVmc5Sk56Ync1akJFNFlRY3BJcVZWSFlRYnlyT1k3NmV2T0VTRWV3Sml2bW5pcmlZVEVxRDFBU3BPN2VCQnZPMkUwV2M3cTRlMnJaYVRuYUJ4cHpKdUp0VjJJb3EvVDBieTFYQWY2Vzd0MmtlOWx0bWk4NXU2VkhvWFdwTzlCUU5nVlJ4TlB4Y1R6c2lVVlJzaXpiSHd0Mmw5TzY4eEdIekpOanl1TnlpZ2hmRGozeG9xSFB2c0Q5V3Q5UXBWQ1NENlg2VU1WV3JzVnY5SWp2Q2FJUFlWUXQxTVQ1dzRORUw5L0lJMEsydU1WNk4xZGtLQ3ljRnNZYklMeGRXWDlXK0hnUEpvQXp1VkxhOVQwdTkwb3dvbTg3M3lRNUpYTjlHL1p4Mjg5TVNTTkNvaXZhSnhPa0FkcXo4TitwRnBYRDJaV25nUkF2ZHNKNERhelBtMDBnT3hwRWJ1Z1FlL1BsNTJTSHV0OWFwOEFicUh4ZWhzcm9rK2h6R01SenV3WGQzQTlhOHZYc2J4c0c0eEZLUFdGQ2ZGTmdDMERkd090cVg1OVZVeGZxZWhNVUxZMWJ6V2t0S3gvZ0s5YzZoNFVzV0lvUnlmSkFFUTJuUzRCbmlJMnphbHNUbXVYVi9NR3I0STZXR1FOMVpRaWk2MktSc1B6Z3NScm9MZFcyVHZmaVNJMzAzeElISXlkbU5FdjBXODRUSXBIbXpKbnhEdHVtay9makdHMEQ0TkUxSXlDWVJVd0RHeGZQbFRsMjhxKzU3a242Vkk5R2ZweWI4cTVZRHJ6NFc4aGtZVUpRdXpOVEtwQUNqQ1lRYWduYkFNaXVVdlVFUW1oWHYvUGx6NUJCRzNuMzlBdDBoSkJETHFIQmU0bUVXY2xNa045MTRheEhYZHI3SndYdCtwdjZuN1ltdHBlbkRqRnp0Njl3ZGVjb0FWaGp3NnV1MUF6UmVxUVhYZHpWMmkxelFpZVJSc0NEQVVoRFgrZXdYSnlnMHBUZW5MSXRMOWMyaUQrazZ1RnYxR09OQ1lSaGNiUE5Vd3JEcXExM0QzU0F6ekNwK1M1cElpSzVHT0JQM295cU5QM2lETlRiTXRyZXZhV3c5M042R1NqWms4UStCK21pWlVtQk9zN0ZqSitEbnQxTUMrZm9UUjFsNEVHZVNZMkVYajNQUU1PNnF6U1JibmJSZ0ZJWHZHYXJ3TzY1NkYvdDhhZU14MFIwZnNZeGI3ZHhzNkZLSHVYWjVpZmMyL0tCT015TnhPOENxNGV0N3FyWWRrSTlDN1FtaXFCdDRvMG5lQTlNdVZFSzNRUUVxNWlYWTVMMTFieHNtaEE5WmMwY1MwL2hjY3lWK2RLclRHWHFhSUZFRXp3NFlBUUJzb1dzNHdWT3A5NzBYVHlWdG5OZDJmU2xBM2k2ZFdRMGpyYkQ1ZTVDeTBLNEJXNmxueXFLR0lScUZHaGo5MGVqZlk3NkRPK1lGbFZCcGFHdTNncTFrNHRsb0FPcDRtUG1ZRzA3RjA0WHc3Y3I1SUxBT1Rya2FwZ1R2V1R2bjUyckdYQTBnNmlTUDZnZUxOMlRhdlhVWXRnVjBsSm9yUlFGcFBGYkx5SS9FbG1rcmNBUU5xRzI1bmxTMzYwUzlJZExCMk9oR2RLUTVZUy9jVXBya20yNmtTZE14cncvT2VsZE95SEdBZEExNkN2alpMMkcwbFM3aTN0WldqSlAvbFFhOVVldkpTU0Yvakh3SlRzMkkzL3NuVEVISGRaZ3lkcmEwcHZLMFdianFBTXJoa3RvdHBsQ3c4NCtOcjVNc05RMUxvZ20raWpXazV1L1ZwS2I4WkoyNWh1dVhZL3ZWbFpmUjY4LzQ1Q20rVmZrbloxRk5kY0ZRakhZYVlObDRzRkNvV2d1MCtSUzQ0MFlQdk9VNzhjenh1TnFFUzR3TGdxUTJyYTZCZHBXK3UwRWg2VVFWV3gzTExORG1kNEQzR2I1VUh5ZjU3N3hOZi9WS1ZtYmdkakEzTW1zc0hWa29uTWhyaXJ3Y3JsajN3NE95Y1R6QTV6eXU2SDkxSlhKNVVkY0JnWXlUUWdtdHR1NzdjemFNWnpCM2tPSm9aTjJOd0JleVlkclFJREJpUnZEUW9RMW9CbUhsbjNLT005UUVBVlVqRnBDM25OYVlzWTNaSnl5ZWVlL080MXQ3NWo4UFpuZ1lGbFNpekdsZklzVkRVZml1cG1zbTM2anlvdmFZM1Y4bGVaanlsMkxnY2xveVZCUjg5UFhqa0QycG16S1NtbHNkRHFWOXRkbUNIN2hZQm1BMnUza0dXVzlQOEJBemkzRE9HOUpRckwyQ3VjRDU4RTBMbXgwZm4vVHlyNm9RcVlkcmRoeTVpN3ljZG5IcXNmcXVMRGxmeU1rU3l1UHBYR0wxU1F3bDBLa0lha0NkSTNJUzhvR2Y1NmNMV1dkbUFOK1RQMTJtMHFOYU5reHlOYjJvVmVmVFVva2JxUzRUeHJyWXlTMEV5TWVlY1g1WXozVXhvNnQzZlZnb211WW81TFg5OUdycTljUXl5OHAvVGNxeDJxREp2MXRGUmp4NnAvWDZmSXh4RnlDVExrVitQdDVTQ0V3TWRrWUh3c2VKV2ZhZDRjV1YxUy9MVUtPMU5mVjROL1pmNStoVTNwTTFRUGhzcGJXYWRJY1FhaU45VHNIUW1MK0gyalBNTzFRWm1yc05QNllLTFh4WUxwK1NnR3NYTUl1QXZKbFQ1eDRwQ1RHb2dKaUZ1dmdOQUgyS0pFME44K0hENnYyMGd2T2dnNGxHNFRDQ0dSaE9vVHRUSGpPZ29JVDRBSXRRNE0xWlpZVjlMb2NuTGtZcWdndUpMTTRUTGtGcngrRzJSZUhEUG5lS3pGdG1JdGRPOVVPdjl3OVI1NFFiYk0wUHFHUlNCcnkvM1BnSG5MamlNUzlvaEFZYnl6ckpXYzkvaUtJdE1PT3dldlhRTUtnM3AvTlJITEJoV3J6QmFmZ3k2aGhSL0hOOVpnQmYwY2s5andrOVo4SXo2WVZWOHRIK3NRbVpHSlZtWlF0LzZBRjZyeVM4Wno2R0FzZ2c4cWJ1RGl0UUx4M3hSbHBGeUlHU25VcU5ORjNOZEZJckV5c0JDdENaNk1JbElhQm9YeElGbUdoQTZyRTdTdlVKSWpROEZOOWpJMHdpRE0vN2lIQmVmb0JwNWU2bWJNU1lLcCsrcExPQWFyUTRGL1V6OUlhYythSHFwRUhxSkJKWW9zSUxwUzByVlorV2xNOG1yUlg4SGk0ZGk2dElxMGhJV3IwSVVZbTh4K3VRYkJNMEhoRk1Lbm9UWVFvaEZJekoyNzdSSmwwVVJPM2xXcUIwd1VtR0V0WmVwMGE4eDhFRlh0aDMrbWNJM1ZKeXV5UHdJWW5HMEVwQWwycFBPL25ycHloUUVZMktuMmZodGFjTklOY3dPazJPajlIK0NyVU1FYjdtclhDOWtpRHMyZ21vQmFKU0JzeWg2aGdjUHpxT3J6M3VrNUVYbThTNE9vbHRSZUZoM1RicHdRY29xdkZqRFY5YWpzRm5HRjJxMWh1QnZRbm0wTDdoaUYzT2ZCY3NFbTBCWCt3cFQ3bE1YcU13QWlTK2Y3RHBzczQ2YVUxN0sxRUV0R2IxYTZMRk5MZFA5U3lGS3pIbEY4OUNMSis0QmlLWHAxd01ZWWxtZjhJU0FqZGMzQmxkRm1SN1R1YnBqaytMYTJsZURoMnFJNkVDZFdBcGhOVHg4WWp2WVl5L2xqVi9IOVNpQ0RmRlZlcTg2NitkWVFYTjNJTGNCZHpLd3ZINkxIQkQ4VFFYRnlyaTJYN0lZSGpUUTZ3eVJHRktYWTc0cjlaUmNqMWRoUmV4TjRERGZqQTJ2alVMZTNLeHNXYnRTWkZYS1dsNTJSZGlnb2srMUUzdVhhTUJWY2dXSkRYVCtCQXVsbEJIcEV0NlBwY1BGWGtBODYwbTZlR0dDalJLNWkrZEFtSlB2NDZCQjVXcVJGVFcySmRWcStZdE1GOTB4OU1Lb0V3ZGpqenZkWEJkcUw3T1NEVUVYdkVPQVpHYWx4MmhkdjBYYXo3T2VFeVJLVVFaN3dmeGhCQit1UGxUcFhSM203YWgyZ0ZQSm40TVdTMXBWTmlvZDJYdE1qMllscDB0Rk5ZeHB0K1ZTei9aMlE4WHoyMWU1U3FXR0VUeFJTenYwUDVxdjFuVjd3cHlvMjZaOGZWcWV5TjRwQ0M5WlNTT0ExT0t6bHZUVUZHalVXUmlYN0FBL2YwSWN4MTIwdnhuVDZXQ0cwTU1OZlI3R3E1WkhSVGZyc3BoTnI3TTJJaWs5b0Mxc240UDVhcDlsMjcyUUVQZUw1eE9yYUhQUDd4bVRpYlNIOUNiSU1rQy9idFI2Yk9sUW9aWDM1dGg4KzhGaGF2UFJPSXArZ29jUnczZ3hmSkh4WXJjMmVlR0hWUXNLbThERCtRVU1BSTUrQmZvOW1GQzNUS2VQTm8xRGYxTER0TmtNK0NoSWdQczVRUkkyV2RpcVpZMG9zbWVseEpzSk1EYVEvQis3eFNBTWFQT1o4TytrREhaSmpvbzlVTFI1UUsxWFFxNC8xcGxVK2Vnakh0VXdHdFcvS0FDV0NvN0ZtS1NTaUVvZVF3V3dJd2VoTDhYbHI2T3E3NFNDSS9CdlBaZFFyM2s1NWgxaGR2UFV3OFNQZVA1Tk1mS1o0aCs4dEJiZndwVlA2ajFGRlVnVnVzMVFUWll5TjdLVjVOWGxKTmtvOXh0MXNhQytZU2FhMXIyTnVFOExLajJTMURwRm5MdW1qSHdDVjhEYzJUNjN2alg2Tm9sRC85amMxWStKSStUdlpZYXRMZlFGYXBsRkQ3cFZYSEVwWWtnbUk3aG9EcWxhQjVVMmo5SWlDUmpCamdOY2pjNFlET0ZMNDhPS0pPOFVlTjZNUmZpOFV5ZEVtcWw0WTQ0ZmhOTUVnRWFPdFZqc1JmelBBWmxzZmw1SmxKOUlEeHJzZ0JSWjJZVk44QVhwV0w5eDgvTWt6V0g4ZFliL3l6UHhKVElDNk5Fa2Uxb1RFckxLUzhRVVBYRnpUYzZTTG9NZjlVMHUwZWFkVVYvb3pTTVVaRWphRDNsRVZpT3cybFYrVElRY2lrMEhYTXVpN0s1dUU9IiBDb3JyZWxhdGlvbkJpbmRpbmc9IiIgVXJsRW5jb2RlPSJUcnVlIiAvPg0KICAgICAgICA8Rm9ybVBvc3RQYXJhbWV0ZXIgTmFtZT0iT1RFbXBJRCIgVmFsdWU9InJidFNpbmdsZUVtcElEIiBSZWNvcmRlZFZhbHVlPSJyYnRTaW5nbGVFbXBJRCIgQ29ycmVsYXRpb25CaW5kaW5nPSJ7e0Zvcm1Qb3N0UGFyYW02Mi5PVEVtcElEfX0iIFVybEVuY29kZT0iVHJ1ZSIgLz4NCiAgICAgICAgPEZvcm1Qb3N0UGFyYW1ldGVyIE5hbWU9InR4dE9URW1wSUQiIFZhbHVlPSIxMDIxMTkiIFJlY29yZGVkVmFsdWU9IjEwMjExOSIgQ29ycmVsYXRpb25CaW5kaW5nPSJ7e0Zvcm1Qb3N0UGFyYW02My50eHRPVEVtcElEfX0iIFVybEVuY29kZT0iVHJ1ZSIgLz4NCiAgICAgICAgPEZvcm1Qb3N0UGFyYW1ldGVyIE5hbWU9InR4dE9URW1wTmFtZSIgVmFsdWU9IuW7lk/nvqkiIFJlY29yZGVkVmFsdWU9IuW7lk/nvqkiIENvcnJlbGF0aW9uQmluZGluZz0ie3tGb3JtUG9zdFBhcmFtNjQudHh0T1RFbXBOYW1lfX0iIFVybEVuY29kZT0iVHJ1ZSIgLz4NCiAgICAgICAgPEZvcm1Qb3N0UGFyYW1ldGVyIE5hbWU9InVjRGF0ZVN0YXJ0JHR4dERhdGUiIFZhbHVlPSIyMDE3LzA1LzE2IiBSZWNvcmRlZFZhbHVlPSIyMDE3LzA1LzE2IiBDb3JyZWxhdGlvbkJpbmRpbmc9Int7Rm9ybVBvc3RQYXJhbTY1LnVjRGF0ZVN0YXJ0JHR4dERhdGV9fSIgVXJsRW5jb2RlPSJUcnVlIiAvPg0KICAgICAgICA8Rm9ybVBvc3RQYXJhbWV0ZXIgTmFtZT0idWNEYXRlRW5kJHR4dERhdGUiIFZhbHVlPSIyMDE3LzA1LzE2IiBSZWNvcmRlZFZhbHVlPSIyMDE3LzA1LzE2IiBDb3JyZWxhdGlvbkJpbmRpbmc9Int7Rm9ybVBvc3RQYXJhbTY2LnVjRGF0ZUVuZCR0eHREYXRlfX0iIFVybEVuY29kZT0iVHJ1ZSIgLz4NCiAgICAgICAgPEZvcm1Qb3N0UGFyYW1ldGVyIE5hbWU9Ik9UVGltZVN0YXJ0JGRkbEhIIiBWYWx1ZT0iMDAiIFJlY29yZGVkVmFsdWU9IjAwIiBDb3JyZWxhdGlvbkJpbmRpbmc9Int7Rm9ybVBvc3RQYXJhbTY5Lk9UVGltZVN0YXJ0JGRkbEhIfX0iIFVybEVuY29kZT0iVHJ1ZSIgLz4NCiAgICAgICAgPEZvcm1Qb3N0UGFyYW1ldGVyIE5hbWU9Ik9UVGltZVN0YXJ0JGRkbE1NIiBWYWx1ZT0iMDAiIFJlY29yZGVkVmFsdWU9IjAwIiBDb3JyZWxhdGlvbkJpbmRpbmc9Int7Rm9ybVBvc3RQYXJhbTcwLk9UVGltZVN0YXJ0JGRkbE1NfX0iIFVybEVuY29kZT0iVHJ1ZSIgLz4NCiAgICAgICAgPEZvcm1Qb3N0UGFyYW1ldGVyIE5hbWU9Ik9UVGltZUVuZCRkZGxISCIgVmFsdWU9IjAxIiBSZWNvcmRlZFZhbHVlPSIwMSIgQ29ycmVsYXRpb25CaW5kaW5nPSJ7e0Zvcm1Qb3N0UGFyYW03MS5PVFRpbWVFbmQkZGRsSEh9fSIgVXJsRW5jb2RlPSJUcnVlIiAvPg0KICAgICAgICA8Rm9ybVBvc3RQYXJhbWV0ZXIgTmFtZT0iT1RUaW1lRW5kJGRkbE1NIiBWYWx1ZT0iMDAiIFJlY29yZGVkVmFsdWU9IjAwIiBDb3JyZWxhdGlvbkJpbmRpbmc9Int7Rm9ybVBvc3RQYXJhbTcyLk9UVGltZUVuZCRkZGxNTX19IiBVcmxFbmNvZGU9IlRydWUiIC8+DQogICAgICAgIDxGb3JtUG9zdFBhcmFtZXRlciBOYW1lPSJjaGtNZWFsRmxhZyIgVmFsdWU9Im9uIiBSZWNvcmRlZFZhbHVlPSJvbiIgQ29ycmVsYXRpb25CaW5kaW5nPSIiIFVybEVuY29kZT0iVHJ1ZSIgLz4NCiAgICAgICAgPEZvcm1Qb3N0UGFyYW1ldGVyIE5hbWU9InR4dE1lYWxUaW1lIiBWYWx1ZT0iMCIgUmVjb3JkZWRWYWx1ZT0iMCIgQ29ycmVsYXRpb25CaW5kaW5nPSJ7e0Zvcm1Qb3N0UGFyYW02Ny50eHRNZWFsVGltZX19IiBVcmxFbmNvZGU9IlRydWUiIC8+DQogICAgICAgIDxGb3JtUG9zdFBhcmFtZXRlciBOYW1lPSJkZGxPVFR5cGVJRCIgVmFsdWU9IjAiIFJlY29yZGVkVmFsdWU9IjAiIENvcnJlbGF0aW9uQmluZGluZz0ie3tGb3JtUG9zdFBhcmFtNzMuZGRsT1RUeXBlSUR9fSIgVXJsRW5jb2RlPSJUcnVlIiAvPg0KICAgICAgICA8Rm9ybVBvc3RQYXJhbWV0ZXIgTmFtZT0idHh0T1RSZWFzb25NZW1vJHR4dERhdGEiIFZhbHVlPSIiIFJlY29yZGVkVmFsdWU9IiIgQ29ycmVsYXRpb25CaW5kaW5nPSIiIFVybEVuY29kZT0iVHJ1ZSIgLz4NCiAgICAgICAgPEZvcm1Qb3N0UGFyYW1ldGVyIE5hbWU9ImRkbE9yZyIgVmFsdWU9IjEiIFJlY29yZGVkVmFsdWU9IjEiIENvcnJlbGF0aW9uQmluZGluZz0ie3tGb3JtUG9zdFBhcmFtNzQuZGRsT3JnfX0iIFVybEVuY29kZT0iVHJ1ZSIgLz4NCiAgICAgICAgPEZvcm1Qb3N0UGFyYW1ldGVyIE5hbWU9InVjQ2FzY2FkaW5nRHJvcERvd24xJGRkbDAyIiBWYWx1ZT0iMDAwRzAwIiBSZWNvcmRlZFZhbHVlPSIwMDBHMDAiIENvcnJlbGF0aW9uQmluZGluZz0ie3tGb3JtUG9zdFBhcmFtNzUudWNDYXNjYWRpbmdEcm9wRG93bjEkZGRsMDJ9fSIgVXJsRW5jb2RlPSJUcnVlIiAvPg0KICAgICAgICA8Rm9ybVBvc3RQYXJhbWV0ZXIgTmFtZT0idWNDYXNjYWRpbmdEcm9wRG93bjEkZGRsMDMiIFZhbHVlPSIwMDBHOTAiIFJlY29yZGVkVmFsdWU9IjAwMEc5MCIgQ29ycmVsYXRpb25CaW5kaW5nPSJ7e0Zvcm1Qb3N0UGFyYW03Ni51Y0Nhc2NhZGluZ0Ryb3BEb3duMSRkZGwwM319IiBVcmxFbmNvZGU9IlRydWUiIC8+DQogICAgICAgIDxGb3JtUG9zdFBhcmFtZXRlciBOYW1lPSJ1Y0Nhc2NhZGluZ0Ryb3BEb3duMSRkZGwwNCIgVmFsdWU9IiIgUmVjb3JkZWRWYWx1ZT0iIiBDb3JyZWxhdGlvbkJpbmRpbmc9IiIgVXJsRW5jb2RlPSJUcnVlIiAvPg0KICAgICAgICA8Rm9ybVBvc3RQYXJhbWV0ZXIgTmFtZT0idWNDYXNjYWRpbmdEcm9wRG93bjEkQ2FzY2FkaW5nRHJvcERvd24xX0NsaWVudFN0YXRlIiBWYWx1ZT0iU1BIQksxOjo65rC46LGQ6YqA6KGMOjo6IiBSZWNvcmRlZFZhbHVlPSJTUEhCSzE6OjrmsLjosZDpioDooYw6OjoiIENvcnJlbGF0aW9uQmluZGluZz0iIiBVcmxFbmNvZGU9IlRydWUiIC8+DQogICAgICAgIDxGb3JtUG9zdFBhcmFtZXRlciBOYW1lPSJ1Y0Nhc2NhZGluZ0Ryb3BEb3duMSRDYXNjYWRpbmdEcm9wRG93bjJfQ2xpZW50U3RhdGUiIFZhbHVlPSIwMDBHMDA6Ojrkurrlipvos4fmupDomZU6OjoiIFJlY29yZGVkVmFsdWU9IjAwMEcwMDo6OuS6uuWKm+izh+a6kOiZlTo6OiIgQ29ycmVsYXRpb25CaW5kaW5nPSIiIFVybEVuY29kZT0iVHJ1ZSIgLz4NCiAgICAgICAgPEZvcm1Qb3N0UGFyYW1ldGVyIE5hbWU9InVjQ2FzY2FkaW5nRHJvcERvd24xJENhc2NhZGluZ0Ryb3BEb3duM19DbGllbnRTdGF0ZSIgVmFsdWU9IjAwMEc5MDo6OuS6uuizh+aVuOaTmuaHieeUqOenkTo6OiIgUmVjb3JkZWRWYWx1ZT0iMDAwRzkwOjo65Lq66LOH5pW45pOa5oeJ55So56eROjo6IiBDb3JyZWxhdGlvbkJpbmRpbmc9IiIgVXJsRW5jb2RlPSJUcnVlIiAvPg0KICAgICAgICA8Rm9ybVBvc3RQYXJhbWV0ZXIgTmFtZT0idWNDYXNjYWRpbmdEcm9wRG93bjEkQ2FzY2FkaW5nRHJvcERvd240X0NsaWVudFN0YXRlIiBWYWx1ZT0ie3skSElEREVOMS51Y0Nhc2NhZGluZ0Ryb3BEb3duMSRDYXNjYWRpbmdEcm9wRG93bjRfQ2xpZW50U3RhdGV9fSIgUmVjb3JkZWRWYWx1ZT0iOjo6Ojo6IiBDb3JyZWxhdGlvbkJpbmRpbmc9IiIgVXJsRW5jb2RlPSJUcnVlIiAvPg0KICAgICAgICA8Rm9ybVBvc3RQYXJhbWV0ZXIgTmFtZT0idWNDYXNjYWRpbmdEcm9wRG93bjEkQ2FzY2FkaW5nRHJvcERvd241X0NsaWVudFN0YXRlIiBWYWx1ZT0ie3skSElEREVOMS51Y0Nhc2NhZGluZ0Ryb3BEb3duMSRDYXNjYWRpbmdEcm9wRG93bjVfQ2xpZW50U3RhdGV9fSIgUmVjb3JkZWRWYWx1ZT0iIiBDb3JyZWxhdGlvbkJpbmRpbmc9IiIgVXJsRW5jb2RlPSJUcnVlIiAvPg0KICAgICAgICA8Rm9ybVBvc3RQYXJhbWV0ZXIgTmFtZT0idWNDYXNjYWRpbmdEcm9wRG93bjIkQ2FzY2FkaW5nRHJvcERvd24xX0NsaWVudFN0YXRlIiBWYWx1ZT0ie3skSElEREVOMS51Y0Nhc2NhZGluZ0Ryb3BEb3duMiRDYXNjYWRpbmdEcm9wRG93bjFfQ2xpZW50U3RhdGV9fSIgUmVjb3JkZWRWYWx1ZT0iOjo6Ojo6IiBDb3JyZWxhdGlvbkJpbmRpbmc9IiIgVXJsRW5jb2RlPSJUcnVlIiAvPg0KICAgICAgICA8Rm9ybVBvc3RQYXJhbWV0ZXIgTmFtZT0idWNDYXNjYWRpbmdEcm9wRG93bjIkQ2FzY2FkaW5nRHJvcERvd24yX0NsaWVudFN0YXRlIiBWYWx1ZT0ie3skSElEREVOMS51Y0Nhc2NhZGluZ0Ryb3BEb3duMiRDYXNjYWRpbmdEcm9wRG93bjJfQ2xpZW50U3RhdGV9fSIgUmVjb3JkZWRWYWx1ZT0iOjo6Ojo6IiBDb3JyZWxhdGlvbkJpbmRpbmc9IiIgVXJsRW5jb2RlPSJUcnVlIiAvPg0KICAgICAgICA8Rm9ybVBvc3RQYXJhbWV0ZXIgTmFtZT0idWNDYXNjYWRpbmdEcm9wRG93bjIkQ2FzY2FkaW5nRHJvcERvd24zX0NsaWVudFN0YXRlIiBWYWx1ZT0ie3skSElEREVOMS51Y0Nhc2NhZGluZ0Ryb3BEb3duMiRDYXNjYWRpbmdEcm9wRG93bjNfQ2xpZW50U3RhdGV9fSIgUmVjb3JkZWRWYWx1ZT0iOjo6Ojo6IiBDb3JyZWxhdGlvbkJpbmRpbmc9IiIgVXJsRW5jb2RlPSJUcnVlIiAvPg0KICAgICAgICA8Rm9ybVBvc3RQYXJhbWV0ZXIgTmFtZT0idWNDYXNjYWRpbmdEcm9wRG93bjIkQ2FzY2FkaW5nRHJvcERvd240X0NsaWVudFN0YXRlIiBWYWx1ZT0ie3skSElEREVOMS51Y0Nhc2NhZGluZ0Ryb3BEb3duMiRDYXNjYWRpbmdEcm9wRG93bjRfQ2xpZW50U3RhdGV9fSIgUmVjb3JkZWRWYWx1ZT0iIiBDb3JyZWxhdGlvbkJpbmRpbmc9IiIgVXJsRW5jb2RlPSJUcnVlIiAvPg0KICAgICAgICA8Rm9ybVBvc3RQYXJhbWV0ZXIgTmFtZT0idWNDYXNjYWRpbmdEcm9wRG93bjIkQ2FzY2FkaW5nRHJvcERvd241X0NsaWVudFN0YXRlIiBWYWx1ZT0ie3skSElEREVOMS51Y0Nhc2NhZGluZ0Ryb3BEb3duMiRDYXNjYWRpbmdEcm9wRG93bjVfQ2xpZW50U3RhdGV9fSIgUmVjb3JkZWRWYWx1ZT0iIiBDb3JyZWxhdGlvbkJpbmRpbmc9IiIgVXJsRW5jb2RlPSJUcnVlIiAvPg0KICAgICAgICA8Rm9ybVBvc3RQYXJhbWV0ZXIgTmFtZT0iZnJhbWVBdHRhY2giIFZhbHVlPSIvVXRpbC9BdHRhY2hBZG1pbi5hc3B4P0F0dGFjaERCPUFhdHRlbmRhbnREQl9JVFJEJmFtcDtBdHRhY2hJRD10ZXN0MTAyMTE5ZDc5MmRkYzgtMWYwYy00YmU2LWJhMDYtMWJkNTI4MGNiMjlhJmFtcDtBdHRhY2hGaWxlTWF4UXR5PTEmYW1wO0F0dGFjaEZpbGVNYXhLQj0zMDcyJmFtcDtBdHRhY2hGaWxlVG90S0I9MzA3MiZhbXA7QXR0YWNoRmlsZUV4dExpc3Q9IiBSZWNvcmRlZFZhbHVlPSIvVXRpbC9BdHRhY2hBZG1pbi5hc3B4P0F0dGFjaERCPUFhdHRlbmRhbnREQl9JVFJEJmFtcDtBdHRhY2hJRD10ZXN0MTAyMTE5ZDc5MmRkYzgtMWYwYy00YmU2LWJhMDYtMWJkNTI4MGNiMjlhJmFtcDtBdHRhY2hGaWxlTWF4UXR5PTEmYW1wO0F0dGFjaEZpbGVNYXhLQj0zMDcyJmFtcDtBdHRhY2hGaWxlVG90S0I9MzA3MiZhbXA7QXR0YWNoRmlsZUV4dExpc3Q9IiBDb3JyZWxhdGlvbkJpbmRpbmc9IiIgVXJsRW5jb2RlPSJUcnVlIiAvPg0KICAgICAgICA8Rm9ybVBvc3RQYXJhbWV0ZXIgTmFtZT0idWNNb2RhbFBvcHVwMSRDbGllbnRXaWR0aCIgVmFsdWU9Int7JEhJRERFTjEudWNNb2RhbFBvcHVwMSRDbGllbnRXaWR0aH19IiBSZWNvcmRlZFZhbHVlPSIwIiBDb3JyZWxhdGlvbkJpbmRpbmc9IiIgVXJsRW5jb2RlPSJUcnVlIiAvPg0KICAgICAgICA8Rm9ybVBvc3RQYXJhbWV0ZXIgTmFtZT0idWNNb2RhbFBvcHVwMSRDbGllbnRIZWlnaHQiIFZhbHVlPSJ7eyRISURERU4xLnVjTW9kYWxQb3B1cDEkQ2xpZW50SGVpZ2h0fX0iIFJlY29yZGVkVmFsdWU9IjAiIENvcnJlbGF0aW9uQmluZGluZz0iIiBVcmxFbmNvZGU9IlRydWUiIC8+DQogICAgICAgIDxGb3JtUG9zdFBhcmFtZXRlciBOYW1lPSJoaWRkZW5JbnB1dFRvVXBkYXRlQVRCdWZmZXJfQ29tbW9uVG9vbGtpdFNjcmlwdHMiIFZhbHVlPSIwIiBSZWNvcmRlZFZhbHVlPSIwIiBDb3JyZWxhdGlvbkJpbmRpbmc9Int7Rm9ybVBvc3RQYXJhbTc3LmhpZGRlbklucHV0VG9VcGRhdGVBVEJ1ZmZlcl9Db21tb25Ub29sa2l0U2NyaXB0c319IiBVcmxFbmNvZGU9IlRydWUiIC8+DQogICAgICA8L0Zvcm1Qb3N0SHR0cEJvZHk+DQogICAgPC9SZXF1ZXN0Pg0KICAgIDxSZXF1ZXN0IE1ldGhvZD0iUE9TVCIgR3VpZD0iM2JjNjc3YTEtNTYyOS00MDYzLTg0NmMtYjFhNWQ1YWRiNWU0IiBWZXJzaW9uPSIxLjEiIFVybD0iaHR0cDovLzEwLjExLjM2LjExNDo4MDA3L1V0aWwvV2NmQ2FzY2FkaW5nSGVscGVyLnN2Yy9VdGlsX0dldFVzZXIiIFRoaW5rVGltZT0iMCIgVGltZW91dD0iMzAwIiBQYXJzZURlcGVuZGVudFJlcXVlc3RzPSJUcnVlIiBGb2xsb3dSZWRpcmVjdHM9IlRydWUiIFJlY29yZFJlc3VsdD0iVHJ1ZSIgQ2FjaGU9IkZhbHNlIiBSZXNwb25zZVRpbWVHb2FsPSIwIiBFbmNvZGluZz0idXRmLTgiIEV4cGVjdGVkSHR0cFN0YXR1c0NvZGU9IjAiIEV4cGVjdGVkUmVzcG9uc2VVcmw9IiIgUmVwb3J0aW5nTmFtZT0iIiBJZ25vcmVIdHRwU3RhdHVzQ29kZT0iRmFsc2UiPg0KICAgICAgPFN0cmluZ0h0dHBCb2R5IENvbnRlbnRUeXBlPSJhcHBsaWNhdGlvbi9qc29uOyBjaGFyc2V0PXV0Zi04IiBJbnNlcnRCeXRlT3JkZXJNYXJrPSJGYWxzZSI+ZXdBaUFHc0FiZ0J2QUhjQWJnQkRBR0VBZEFCbEFHY0Fid0J5QUhrQVZnQmhBR3dBZFFCbEFITUFJZ0E2QUNJQUlnQXNBQ0lBWXdCaEFIUUFaUUJuQUc4QWNnQjVBQ0lBT2dBaUFFTUFid0J0QUhBQVNRQkVBQ0lBTEFBaUFHTUFid0J1QUhRQVpRQjRBSFFBU3dCbEFIa0FJZ0E2QUNJQVNRQnpBRklBWlFCaEFHUUFUd0J1QUd3QWVRQTZBRmtBT3dCVEFHVUFiQUJsQUdNQWRBQmxBR1FBVmdCaEFHd0FkUUJsQURvQVV3QlFBRWdBUWdCTEFERUFPd0JKQUhNQVF3Qm9BR3NBVmdCaEFHd0FhUUJrQURvQVdRQTdBRllBWVFCc0FHa0FaQUJMQUdVQWVRQk1BR2tBY3dCMEFEb0FPd0FpQUgwQTwvU3RyaW5nSHR0cEJvZHk+DQogICAgPC9SZXF1ZXN0Pg0KICAgIDxSZXF1ZXN0IE1ldGhvZD0iUE9TVCIgR3VpZD0iN2M5NmY0NzEtZmMyNy00YTcwLThmMDQtYzk2YzYwNTY1ZGVkIiBWZXJzaW9uPSIxLjEiIFVybD0iaHR0cDovLzEwLjExLjM2LjExNDo4MDA3L1V0aWwvV2NmQ2FzY2FkaW5nSGVscGVyLnN2Yy9VdGlsX0dldFVzZXIiIFRoaW5rVGltZT0iMCIgVGltZW91dD0iMzAwIiBQYXJzZURlcGVuZGVudFJlcXVlc3RzPSJUcnVlIiBGb2xsb3dSZWRpcmVjdHM9IlRydWUiIFJlY29yZFJlc3VsdD0iVHJ1ZSIgQ2FjaGU9IkZhbHNlIiBSZXNwb25zZVRpbWVHb2FsPSIwIiBFbmNvZGluZz0idXRmLTgiIEV4cGVjdGVkSHR0cFN0YXR1c0NvZGU9IjAiIEV4cGVjdGVkUmVzcG9uc2VVcmw9IiIgUmVwb3J0aW5nTmFtZT0iIiBJZ25vcmVIdHRwU3RhdHVzQ29kZT0iRmFsc2UiPg0KICAgICAgPFN0cmluZ0h0dHBCb2R5IENvbnRlbnRUeXBlPSJhcHBsaWNhdGlvbi9qc29uOyBjaGFyc2V0PXV0Zi04IiBJbnNlcnRCeXRlT3JkZXJNYXJrPSJGYWxzZSI+ZXdBaUFHc0FiZ0J2QUhjQWJnQkRBR0VBZEFCbEFHY0Fid0J5QUhrQVZnQmhBR3dBZFFCbEFITUFJZ0E2QUNJQVF3QnZBRzBBY0FCSkFFUUFPZ0JUQUZBQVNBQkNBRXNBTVFBN0FDSUFMQUFpQUdNQVlRQjBBR1VBWndCdkFISUFlUUFpQURvQUlnQkVBR1VBY0FCMEFFa0FSQUFpQUN3QUlnQmpBRzhBYmdCMEFHVUFlQUIwQUVzQVpRQjVBQ0lBT2dBaUFFa0Fjd0JTQUdVQVlRQmtBRThBYmdCc0FIa0FPZ0JPQURzQVV3QmxBR3dBWlFCakFIUUFaUUJrQUZZQVlRQnNBSFVBWlFBNkFEQUFNQUF3QUVjQU1BQXdBRHNBU1FCekFFTUFhQUJyQUZZQVlRQnNBR2tBWkFBNkFGa0FPd0JXQUdFQWJBQnBBR1FBU3dCbEFIa0FUQUJwQUhNQWRBQTZBRHNBSWdCOUFBPT08L1N0cmluZ0h0dHBCb2R5Pg0KICAgIDwvUmVxdWVzdD4NCiAgICA8UmVxdWVzdCBNZXRob2Q9IlBPU1QiIEd1aWQ9IjYwNmZhYmJkLWY3ZGYtNDgxZi04ZDFjLTczMGE4MTEyOWU3NyIgVmVyc2lvbj0iMS4xIiBVcmw9Imh0dHA6Ly8xMC4xMS4zNi4xMTQ6ODAwNy9VdGlsL1djZkNhc2NhZGluZ0hlbHBlci5zdmMvVXRpbF9HZXRVc2VyIiBUaGlua1RpbWU9IjAiIFRpbWVvdXQ9IjMwMCIgUGFyc2VEZXBlbmRlbnRSZXF1ZXN0cz0iVHJ1ZSIgRm9sbG93UmVkaXJlY3RzPSJUcnVlIiBSZWNvcmRSZXN1bHQ9IlRydWUiIENhY2hlPSJGYWxzZSIgUmVzcG9uc2VUaW1lR29hbD0iMCIgRW5jb2Rpbmc9InV0Zi04IiBFeHBlY3RlZEh0dHBTdGF0dXNDb2RlPSIwIiBFeHBlY3RlZFJlc3BvbnNlVXJsPSIiIFJlcG9ydGluZ05hbWU9IiIgSWdub3JlSHR0cFN0YXR1c0NvZGU9IkZhbHNlIj4NCiAgICAgIDxTdHJpbmdIdHRwQm9keSBDb250ZW50VHlwZT0iYXBwbGljYXRpb24vanNvbjsgY2hhcnNldD11dGYtOCIgSW5zZXJ0Qnl0ZU9yZGVyTWFyaz0iRmFsc2UiPmV3QWlBR3NBYmdCdkFIY0FiZ0JEQUdFQWRBQmxBR2NBYndCeUFIa0FWZ0JoQUd3QWRRQmxBSE1BSWdBNkFDSUFRd0J2QUcwQWNBQkpBRVFBT2dCVEFGQUFTQUJDQUVzQU1RQTdBRVFBWlFCd0FIUUFTUUJFQURvQU1BQXdBREFBUndBd0FEQUFPd0FpQUN3QUlnQmpBR0VBZEFCbEFHY0Fid0J5QUhrQUlnQTZBQ0lBVHdCeUFHY0FZUUJ1QUVrQVJBQWlBQ3dBSWdCakFHOEFiZ0IwQUdVQWVBQjBBRXNBWlFCNUFDSUFPZ0FpQUVrQWN3QlNBR1VBWVFCa0FFOEFiZ0JzQUhrQU9nQk9BRHNBVXdCbEFHd0FaUUJqQUhRQVpRQmtBRllBWVFCc0FIVUFaUUE2QURBQU1BQXdBRWNBT1FBd0FEc0FTUUJ6QUVNQWFBQnJBRllBWVFCc0FHa0FaQUE2QUZrQU93QldBR0VBYkFCcEFHUUFTd0JsQUhrQVRBQnBBSE1BZEFBNkFEc0FJZ0I5QUE9PTwvU3RyaW5nSHR0cEJvZHk+DQogICAgPC9SZXF1ZXN0Pg0KICAgIDxSZXF1ZXN0IE1ldGhvZD0iUE9TVCIgR3VpZD0iY2I5N2YyOTItYmU1Ny00OTZiLThkODctOGIwZDkwOTkxODRhIiBWZXJzaW9uPSIxLjEiIFVybD0iaHR0cDovLzEwLjExLjM2LjExNDo4MDA3L1V0aWwvV2NmQ2FzY2FkaW5nSGVscGVyLnN2Yy9VdGlsX0dldFVzZXIiIFRoaW5rVGltZT0iMCIgVGltZW91dD0iMzAwIiBQYXJzZURlcGVuZGVudFJlcXVlc3RzPSJUcnVlIiBGb2xsb3dSZWRpcmVjdHM9IlRydWUiIFJlY29yZFJlc3VsdD0iVHJ1ZSIgQ2FjaGU9IkZhbHNlIiBSZXNwb25zZVRpbWVHb2FsPSIwIiBFbmNvZGluZz0idXRmLTgiIEV4cGVjdGVkSHR0cFN0YXR1c0NvZGU9IjAiIEV4cGVjdGVkUmVzcG9uc2VVcmw9IiIgUmVwb3J0aW5nTmFtZT0iIiBJZ25vcmVIdHRwU3RhdHVzQ29kZT0iRmFsc2UiPg0KICAgICAgPFN0cmluZ0h0dHBCb2R5IENvbnRlbnRUeXBlPSJhcHBsaWNhdGlvbi9qc29uOyBjaGFyc2V0PXV0Zi04IiBJbnNlcnRCeXRlT3JkZXJNYXJrPSJGYWxzZSI+ZXdBaUFHc0FiZ0J2QUhjQWJnQkRBR0VBZEFCbEFHY0Fid0J5QUhrQVZnQmhBR3dBZFFCbEFITUFJZ0E2QUNJQVF3QnZBRzBBY0FCSkFFUUFPZ0JUQUZBQVNBQkNBRXNBTVFBN0FFUUFaUUJ3QUhRQVNRQkVBRG9BTUFBd0FEQUFSd0F3QURBQU93QlBBSElBWndCaEFHNEFTUUJFQURvQU1BQXdBREFBUndBNUFEQUFPd0FpQUN3QUlnQmpBR0VBZEFCbEFHY0Fid0J5QUhrQUlnQTZBQ0lBVlFCekFHVUFjZ0JKQUVRQUlnQXNBQ0lBWXdCdkFHNEFkQUJsQUhnQWRBQkxBR1VBZVFBaUFEb0FJZ0JKQUhNQVVnQmxBR0VBWkFCUEFHNEFiQUI1QURvQVRnQTdBRk1BWlFCc0FHVUFZd0IwQUdVQVpBQldBR0VBYkFCMUFHVUFPZ0E3QUVrQWN3QkRBR2dBYXdCV0FHRUFiQUJwQUdRQU9nQlpBRHNBVmdCaEFHd0FhUUJrQUVzQVpRQjVBRXdBYVFCekFIUUFPZ0E3QUNJQWZRQT08L1N0cmluZ0h0dHBCb2R5Pg0KICAgIDwvUmVxdWVzdD4NCiAgICA8UmVxdWVzdCBNZXRob2Q9IlBPU1QiIEd1aWQ9ImY0OWQ2ZmNiLTc0N2MtNDUyZC1hYjE3LTBkZGNjMzYzNTQzNyIgVmVyc2lvbj0iMS4xIiBVcmw9Imh0dHA6Ly8xMC4xMS4zNi4xMTQ6ODAwNy9VdGlsL1djZkNhc2NhZGluZ0hlbHBlci5zdmMvVXRpbF9HZXRVc2VyIiBUaGlua1RpbWU9IjAiIFRpbWVvdXQ9IjMwMCIgUGFyc2VEZXBlbmRlbnRSZXF1ZXN0cz0iVHJ1ZSIgRm9sbG93UmVkaXJlY3RzPSJUcnVlIiBSZWNvcmRSZXN1bHQ9IlRydWUiIENhY2hlPSJGYWxzZSIgUmVzcG9uc2VUaW1lR29hbD0iMCIgRW5jb2Rpbmc9InV0Zi04IiBFeHBlY3RlZEh0dHBTdGF0dXNDb2RlPSIwIiBFeHBlY3RlZFJlc3BvbnNlVXJsPSIiIFJlcG9ydGluZ05hbWU9IiIgSWdub3JlSHR0cFN0YXR1c0NvZGU9IkZhbHNlIj4NCiAgICAgIDxTdHJpbmdIdHRwQm9keSBDb250ZW50VHlwZT0iYXBwbGljYXRpb24vanNvbjsgY2hhcnNldD11dGYtOCIgSW5zZXJ0Qnl0ZU9yZGVyTWFyaz0iRmFsc2UiPmV3QWlBR3NBYmdCdkFIY0FiZ0JEQUdFQWRBQmxBR2NBYndCeUFIa0FWZ0JoQUd3QWRRQmxBSE1BSWdBNkFDSUFJZ0FzQUNJQVl3QmhBSFFBWlFCbkFHOEFjZ0I1QUNJQU9nQWlBRU1BWVFCMEFHVUFad0J2QUhJQWVRQXdBREVBSWdBc0FDSUFZd0J2QUc0QWRBQmxBSGdBZEFCTEFHVUFlUUFpQURvQUlnQkpBSE1BVWdCbEFHRUFaQUJQQUc0QWJBQjVBRG9BVGdBN0FGTUFaUUJzQUdVQVl3QjBBR1VBWkFCV0FHRUFiQUIxQUdVQU9nQTdBRWtBY3dCREFHZ0Fhd0JXQUdFQWJBQnBBR1FBT2dCWkFEc0FWZ0JoQUd3QWFRQmtBRXNBWlFCNUFFd0FhUUJ6QUhRQU9nQTdBQ0lBZlFBPTwvU3RyaW5nSHR0cEJvZHk+DQogICAgPC9SZXF1ZXN0Pg0KICAgIDxSZXF1ZXN0IE1ldGhvZD0iUE9TVCIgR3VpZD0iM2MwODIxMzUtMjEyNy00NzY3LWJlYjAtMTZiNzU1MTBiNzJlIiBWZXJzaW9uPSIxLjEiIFVybD0iaHR0cDovLzEwLjExLjM2LjExNDo4MDA3L1V0aWwvV2NmQ2FzY2FkaW5nSGVscGVyLnN2Yy9VdGlsX0dldFVzZXIiIFRoaW5rVGltZT0iMCIgVGltZW91dD0iMzAwIiBQYXJzZURlcGVuZGVudFJlcXVlc3RzPSJUcnVlIiBGb2xsb3dSZWRpcmVjdHM9IlRydWUiIFJlY29yZFJlc3VsdD0iVHJ1ZSIgQ2FjaGU9IkZhbHNlIiBSZXNwb25zZVRpbWVHb2FsPSIwIiBFbmNvZGluZz0idXRmLTgiIEV4cGVjdGVkSHR0cFN0YXR1c0NvZGU9IjAiIEV4cGVjdGVkUmVzcG9uc2VVcmw9IiIgUmVwb3J0aW5nTmFtZT0iIiBJZ25vcmVIdHRwU3RhdHVzQ29kZT0iRmFsc2UiPg0KICAgICAgPFN0cmluZ0h0dHBCb2R5IENvbnRlbnRUeXBlPSJhcHBsaWNhdGlvbi9qc29uOyBjaGFyc2V0PXV0Zi04IiBJbnNlcnRCeXRlT3JkZXJNYXJrPSJGYWxzZSI+ZXdBaUFHc0FiZ0J2QUhjQWJnQkRBR0VBZEFCbEFHY0Fid0J5QUhrQVZnQmhBR3dBZFFCbEFITUFJZ0E2QUNJQUlnQXNBQ0lBWXdCaEFIUUFaUUJuQUc4QWNnQjVBQ0lBT2dBaUFFTUFid0J0QUhBQVNRQkVBQ0lBTEFBaUFHTUFid0J1QUhRQVpRQjRBSFFBU3dCbEFIa0FJZ0E2QUNJQVNRQnpBRklBWlFCaEFHUUFUd0J1QUd3QWVRQTZBRmtBT3dCVEFHVUFiQUJsQUdNQWRBQmxBR1FBVmdCaEFHd0FkUUJsQURvQVV3QlFBRWdBUWdCTEFERUFPd0JKQUhNQVF3Qm9BR3NBVmdCaEFHd0FhUUJrQURvQVdRQTdBRllBWVFCc0FHa0FaQUJMQUdVQWVRQk1BR2tBY3dCMEFEb0FPd0FpQUgwQTwvU3RyaW5nSHR0cEJvZHk+DQogICAgPC9SZXF1ZXN0Pg0KICAgIDxSZXF1ZXN0IE1ldGhvZD0iUE9TVCIgR3VpZD0iMzNlMjZiZWEtNzAzMi00MWJiLTk2ODctMmU0OTFhZjQyNTBlIiBWZXJzaW9uPSIxLjEiIFVybD0iaHR0cDovLzEwLjExLjM2LjExNDo4MDA3L1V0aWwvV2NmQ2FzY2FkaW5nSGVscGVyLnN2Yy9VdGlsX0dldFVzZXIiIFRoaW5rVGltZT0iMCIgVGltZW91dD0iMzAwIiBQYXJzZURlcGVuZGVudFJlcXVlc3RzPSJUcnVlIiBGb2xsb3dSZWRpcmVjdHM9IlRydWUiIFJlY29yZFJlc3VsdD0iVHJ1ZSIgQ2FjaGU9IkZhbHNlIiBSZXNwb25zZVRpbWVHb2FsPSIwIiBFbmNvZGluZz0idXRmLTgiIEV4cGVjdGVkSHR0cFN0YXR1c0NvZGU9IjAiIEV4cGVjdGVkUmVzcG9uc2VVcmw9IiIgUmVwb3J0aW5nTmFtZT0iIiBJZ25vcmVIdHRwU3RhdHVzQ29kZT0iRmFsc2UiPg0KICAgICAgPFN0cmluZ0h0dHBCb2R5IENvbnRlbnRUeXBlPSJhcHBsaWNhdGlvbi9qc29uOyBjaGFyc2V0PXV0Zi04IiBJbnNlcnRCeXRlT3JkZXJNYXJrPSJGYWxzZSI+ZXdBaUFHc0FiZ0J2QUhjQWJnQkRBR0VBZEFCbEFHY0Fid0J5QUhrQVZnQmhBR3dBZFFCbEFITUFJZ0E2QUNJQVF3QnZBRzBBY0FCSkFFUUFPZ0JUQUZBQVNBQkNBRXNBTVFBN0FDSUFMQUFpQUdNQVlRQjBBR1VBWndCdkFISUFlUUFpQURvQUlnQkVBR1VBY0FCMEFFa0FSQUFpQUN3QUlnQmpBRzhBYmdCMEFHVUFlQUIwQUVzQVpRQjVBQ0lBT2dBaUFFa0Fjd0JTQUdVQVlRQmtBRThBYmdCc0FIa0FPZ0JPQURzQVV3QmxBR3dBWlFCakFIUUFaUUJrQUZZQVlRQnNBSFVBWlFBNkFEQUFNQUF3QUVjQU1BQXdBRHNBU1FCekFFTUFhQUJyQUZZQVlRQnNBR2tBWkFBNkFGa0FPd0JXQUdFQWJBQnBBR1FBU3dCbEFIa0FUQUJwQUhNQWRBQTZBRHNBSWdCOUFBPT08L1N0cmluZ0h0dHBCb2R5Pg0KICAgIDwvUmVxdWVzdD4NCiAgICA8UmVxdWVzdCBNZXRob2Q9IlBPU1QiIEd1aWQ9IjE0NGZlZDkxLTE1Y2YtNDA2Ny1iYjcwLTIxMjdjOThiMWUxMSIgVmVyc2lvbj0iMS4xIiBVcmw9Imh0dHA6Ly8xMC4xMS4zNi4xMTQ6ODAwNy9VdGlsL1djZkNhc2NhZGluZ0hlbHBlci5zdmMvVXRpbF9HZXRVc2VyIiBUaGlua1RpbWU9IjAiIFRpbWVvdXQ9IjMwMCIgUGFyc2VEZXBlbmRlbnRSZXF1ZXN0cz0iVHJ1ZSIgRm9sbG93UmVkaXJlY3RzPSJUcnVlIiBSZWNvcmRSZXN1bHQ9IlRydWUiIENhY2hlPSJGYWxzZSIgUmVzcG9uc2VUaW1lR29hbD0iMCIgRW5jb2Rpbmc9InV0Zi04IiBFeHBlY3RlZEh0dHBTdGF0dXNDb2RlPSIwIiBFeHBlY3RlZFJlc3BvbnNlVXJsPSIiIFJlcG9ydGluZ05hbWU9IiIgSWdub3JlSHR0cFN0YXR1c0NvZGU9IkZhbHNlIj4NCiAgICAgIDxTdHJpbmdIdHRwQm9keSBDb250ZW50VHlwZT0iYXBwbGljYXRpb24vanNvbjsgY2hhcnNldD11dGYtOCIgSW5zZXJ0Qnl0ZU9yZGVyTWFyaz0iRmFsc2UiPmV3QWlBR3NBYmdCdkFIY0FiZ0JEQUdFQWRBQmxBR2NBYndCeUFIa0FWZ0JoQUd3QWRRQmxBSE1BSWdBNkFDSUFRd0J2QUcwQWNBQkpBRVFBT2dCVEFGQUFTQUJDQUVzQU1RQTdBRVFBWlFCd0FIUUFTUUJFQURvQU1BQXdBREFBUndBd0FEQUFPd0FpQUN3QUlnQmpBR0VBZEFCbEFHY0Fid0J5QUhrQUlnQTZBQ0lBVHdCeUFHY0FZUUJ1QUVrQVJBQWlBQ3dBSWdCakFHOEFiZ0IwQUdVQWVBQjBBRXNBWlFCNUFDSUFPZ0FpQUVrQWN3QlNBR1VBWVFCa0FFOEFiZ0JzQUhrQU9nQk9BRHNBVXdCbEFHd0FaUUJqQUhRQVpRQmtBRllBWVFCc0FIVUFaUUE2QURBQU1BQXdBRWNBT1FBd0FEc0FTUUJ6QUVNQWFBQnJBRllBWVFCc0FHa0FaQUE2QUZrQU93QldBR0VBYkFCcEFHUUFTd0JsQUhrQVRBQnBBSE1BZEFBNkFEc0FJZ0I5QUE9PTwvU3RyaW5nSHR0cEJvZHk+DQogICAgPC9SZXF1ZXN0Pg0KICAgIDxSZXF1ZXN0IE1ldGhvZD0iUE9TVCIgR3VpZD0iNzU1NjEyNmMtYzJjNC00MTVmLTg2ZGQtMjc0MTRmYzcwZTE5IiBWZXJzaW9uPSIxLjEiIFVybD0iaHR0cDovLzEwLjExLjM2LjExNDo4MDA3L1V0aWwvV2NmQ2FzY2FkaW5nSGVscGVyLnN2Yy9VdGlsX0dldFVzZXIiIFRoaW5rVGltZT0iMCIgVGltZW91dD0iMzAwIiBQYXJzZURlcGVuZGVudFJlcXVlc3RzPSJUcnVlIiBGb2xsb3dSZWRpcmVjdHM9IlRydWUiIFJlY29yZFJlc3VsdD0iVHJ1ZSIgQ2FjaGU9IkZhbHNlIiBSZXNwb25zZVRpbWVHb2FsPSIwIiBFbmNvZGluZz0idXRmLTgiIEV4cGVjdGVkSHR0cFN0YXR1c0NvZGU9IjAiIEV4cGVjdGVkUmVzcG9uc2VVcmw9IiIgUmVwb3J0aW5nTmFtZT0iIiBJZ25vcmVIdHRwU3RhdHVzQ29kZT0iRmFsc2UiPg0KICAgICAgPFN0cmluZ0h0dHBCb2R5IENvbnRlbnRUeXBlPSJhcHBsaWNhdGlvbi9qc29uOyBjaGFyc2V0PXV0Zi04IiBJbnNlcnRCeXRlT3JkZXJNYXJrPSJGYWxzZSI+ZXdBaUFHc0FiZ0J2QUhjQWJnQkRBR0VBZEFCbEFHY0Fid0J5QUhrQVZnQmhBR3dBZFFCbEFITUFJZ0E2QUNJQVF3QnZBRzBBY0FCSkFFUUFPZ0JUQUZBQVNBQkNBRXNBTVFBN0FFUUFaUUJ3QUhRQVNRQkVBRG9BTUFBd0FEQUFSd0F3QURBQU93QlBBSElBWndCaEFHNEFTUUJFQURvQU1BQXdBREFBUndBNUFEQUFPd0FpQUN3QUlnQmpBR0VBZEFCbEFHY0Fid0J5QUhrQUlnQTZBQ0lBVlFCekFHVUFjZ0JKQUVRQUlnQXNBQ0lBWXdCdkFHNEFkQUJsQUhnQWRBQkxBR1VBZVFBaUFEb0FJZ0JKQUhNQVVnQmxBR0VBWkFCUEFHNEFiQUI1QURvQVRnQTdBRk1BWlFCc0FHVUFZd0IwQUdVQVpBQldBR0VBYkFCMUFHVUFPZ0E2QURvQU9nQTZBRG9BT2dBN0FFa0Fjd0JEQUdnQWF3QldBR0VBYkFCcEFHUUFPZ0JaQURzQVZnQmhBR3dBYVFCa0FFc0FaUUI1QUV3QWFRQnpBSFFBT2dBN0FDSUFmUUE9PC9TdHJpbmdIdHRwQm9keT4NCiAgICA8L1JlcXVlc3Q+DQogICAgPFJlcXVlc3QgTWV0aG9kPSJQT1NUIiBHdWlkPSI1ODJmMDJiZi0zMGJiLTQxZjItYWQ2ZC1lMzMwMTgyMTM5YjYiIFZlcnNpb249IjEuMSIgVXJsPSJodHRwOi8vMTAuMTEuMzYuMTE0OjgwMDcvVXRpbC9XY2ZDYXNjYWRpbmdIZWxwZXIuc3ZjL1V0aWxfR2V0VXNlciIgVGhpbmtUaW1lPSIwIiBUaW1lb3V0PSIzMDAiIFBhcnNlRGVwZW5kZW50UmVxdWVzdHM9IlRydWUiIEZvbGxvd1JlZGlyZWN0cz0iVHJ1ZSIgUmVjb3JkUmVzdWx0PSJUcnVlIiBDYWNoZT0iRmFsc2UiIFJlc3BvbnNlVGltZUdvYWw9IjAiIEVuY29kaW5nPSJ1dGYtOCIgRXhwZWN0ZWRIdHRwU3RhdHVzQ29kZT0iMCIgRXhwZWN0ZWRSZXNwb25zZVVybD0iIiBSZXBvcnRpbmdOYW1lPSIiIElnbm9yZUh0dHBTdGF0dXNDb2RlPSJGYWxzZSI+DQogICAgICA8U3RyaW5nSHR0cEJvZHkgQ29udGVudFR5cGU9ImFwcGxpY2F0aW9uL2pzb247IGNoYXJzZXQ9dXRmLTgiIEluc2VydEJ5dGVPcmRlck1hcms9IkZhbHNlIj5ld0FpQUdzQWJnQnZBSGNBYmdCREFHRUFkQUJsQUdjQWJ3QnlBSGtBVmdCaEFHd0FkUUJsQUhNQUlnQTZBQ0lBSWdBc0FDSUFZd0JoQUhRQVpRQm5BRzhBY2dCNUFDSUFPZ0FpQUVNQVlRQjBBR1VBWndCdkFISUFlUUF3QURFQUlnQXNBQ0lBWXdCdkFHNEFkQUJsQUhnQWRBQkxBR1VBZVFBaUFEb0FJZ0JKQUhNQVVnQmxBR0VBWkFCUEFHNEFiQUI1QURvQVRnQTdBRk1BWlFCc0FHVUFZd0IwQUdVQVpBQldBR0VBYkFCMUFHVUFPZ0E2QURvQU9nQTZBRG9BT2dBN0FFa0Fjd0JEQUdnQWF3QldBR0VBYkFCcEFHUUFPZ0JaQURzQVZnQmhBR3dBYVFCa0FFc0FaUUI1QUV3QWFRQnpBSFFBT2dBN0FDSUFmUUE9PC9TdHJpbmdIdHRwQm9keT4NCiAgICA8L1JlcXVlc3Q+DQogICAgPFJlcXVlc3QgTWV0aG9kPSJQT1NUIiBHdWlkPSI4MzdiYmY4OS1iZmQ5LTRlYTUtYTNlZi0xMWIyYmVkMzEyYjgiIFZlcnNpb249IjEuMSIgVXJsPSJodHRwOi8vMTAuMTEuMzYuMTE0OjgwMDcvVXRpbC9XY2ZDYXNjYWRpbmdIZWxwZXIuc3ZjL1V0aWxfR2V0VXNlciIgVGhpbmtUaW1lPSIwIiBUaW1lb3V0PSIzMDAiIFBhcnNlRGVwZW5kZW50UmVxdWVzdHM9IlRydWUiIEZvbGxvd1JlZGlyZWN0cz0iVHJ1ZSIgUmVjb3JkUmVzdWx0PSJUcnVlIiBDYWNoZT0iRmFsc2UiIFJlc3BvbnNlVGltZUdvYWw9IjAiIEVuY29kaW5nPSJ1dGYtOCIgRXhwZWN0ZWRIdHRwU3RhdHVzQ29kZT0iMCIgRXhwZWN0ZWRSZXNwb25zZVVybD0iIiBSZXBvcnRpbmdOYW1lPSIiIElnbm9yZUh0dHBTdGF0dXNDb2RlPSJGYWxzZSI+DQogICAgICA8U3RyaW5nSHR0cEJvZHkgQ29udGVudFR5cGU9ImFwcGxpY2F0aW9uL2pzb247IGNoYXJzZXQ9dXRmLTgiIEluc2VydEJ5dGVPcmRlck1hcms9IkZhbHNlIj5ld0FpQUdzQWJnQnZBSGNBYmdCREFHRUFkQUJsQUdjQWJ3QnlBSGtBVmdCaEFHd0FkUUJsQUhNQUlnQTZBQ0lBSWdBc0FDSUFZd0JoQUhRQVpRQm5BRzhBY2dCNUFDSUFPZ0FpQUVNQWJ3QnRBSEFBU1FCRUFDSUFMQUFpQUdNQWJ3QnVBSFFBWlFCNEFIUUFTd0JsQUhrQUlnQTZBQ0lBU1FCekFGSUFaUUJoQUdRQVR3QnVBR3dBZVFBNkFGa0FPd0JUQUdVQWJBQmxBR01BZEFCbEFHUUFWZ0JoQUd3QWRRQmxBRG9BVXdCUUFFZ0FRZ0JMQURFQU93QkpBSE1BUXdCb0FHc0FWZ0JoQUd3QWFRQmtBRG9BV1FBN0FGWUFZUUJzQUdrQVpBQkxBR1VBZVFCTUFHa0Fjd0IwQURvQU93QWlBSDBBPC9TdHJpbmdIdHRwQm9keT4NCiAgICA8L1JlcXVlc3Q+DQogICAgPFJlcXVlc3QgTWV0aG9kPSJQT1NUIiBHdWlkPSI2ZTE5YmI0Ni1jMTFkLTRlMGMtOWIyMy0yMjE4MjlkMDNiZDQiIFZlcnNpb249IjEuMSIgVXJsPSJodHRwOi8vMTAuMTEuMzYuMTE0OjgwMDcvVXRpbC9XY2ZDYXNjYWRpbmdIZWxwZXIuc3ZjL1V0aWxfR2V0VXNlciIgVGhpbmtUaW1lPSIwIiBUaW1lb3V0PSIzMDAiIFBhcnNlRGVwZW5kZW50UmVxdWVzdHM9IlRydWUiIEZvbGxvd1JlZGlyZWN0cz0iVHJ1ZSIgUmVjb3JkUmVzdWx0PSJUcnVlIiBDYWNoZT0iRmFsc2UiIFJlc3BvbnNlVGltZUdvYWw9IjAiIEVuY29kaW5nPSJ1dGYtOCIgRXhwZWN0ZWRIdHRwU3RhdHVzQ29kZT0iMCIgRXhwZWN0ZWRSZXNwb25zZVVybD0iIiBSZXBvcnRpbmdOYW1lPSIiIElnbm9yZUh0dHBTdGF0dXNDb2RlPSJGYWxzZSI+DQogICAgICA8U3RyaW5nSHR0cEJvZHkgQ29udGVudFR5cGU9ImFwcGxpY2F0aW9uL2pzb247IGNoYXJzZXQ9dXRmLTgiIEluc2VydEJ5dGVPcmRlck1hcms9IkZhbHNlIj5ld0FpQUdzQWJnQnZBSGNBYmdCREFHRUFkQUJsQUdjQWJ3QnlBSGtBVmdCaEFHd0FkUUJsQUhNQUlnQTZBQ0lBUXdCdkFHMEFjQUJKQUVRQU9nQlRBRkFBU0FCQ0FFc0FNUUE3QUNJQUxBQWlBR01BWVFCMEFHVUFad0J2QUhJQWVRQWlBRG9BSWdCRUFHVUFjQUIwQUVrQVJBQWlBQ3dBSWdCakFHOEFiZ0IwQUdVQWVBQjBBRXNBWlFCNUFDSUFPZ0FpQUVrQWN3QlNBR1VBWVFCa0FFOEFiZ0JzQUhrQU9nQk9BRHNBVXdCbEFHd0FaUUJqQUhRQVpRQmtBRllBWVFCc0FIVUFaUUE2QURBQU1BQXdBRWNBTUFBd0FEc0FTUUJ6QUVNQWFBQnJBRllBWVFCc0FHa0FaQUE2QUZrQU93QldBR0VBYkFCcEFHUUFTd0JsQUhrQVRBQnBBSE1BZEFBNkFEc0FJZ0I5QUE9PTwvU3RyaW5nSHR0cEJvZHk+DQogICAgPC9SZXF1ZXN0Pg0KICAgIDxSZXF1ZXN0IE1ldGhvZD0iUE9TVCIgR3VpZD0iYTUxZWMxOGItYWNiYS00YWQ0LTk0ZmItMzllZWE2NTlhMjlhIiBWZXJzaW9uPSIxLjEiIFVybD0iaHR0cDovLzEwLjExLjM2LjExNDo4MDA3L1V0aWwvV2NmQ2FzY2FkaW5nSGVscGVyLnN2Yy9VdGlsX0dldFVzZXIiIFRoaW5rVGltZT0iMCIgVGltZW91dD0iMzAwIiBQYXJzZURlcGVuZGVudFJlcXVlc3RzPSJUcnVlIiBGb2xsb3dSZWRpcmVjdHM9IlRydWUiIFJlY29yZFJlc3VsdD0iVHJ1ZSIgQ2FjaGU9IkZhbHNlIiBSZXNwb25zZVRpbWVHb2FsPSIwIiBFbmNvZGluZz0idXRmLTgiIEV4cGVjdGVkSHR0cFN0YXR1c0NvZGU9IjAiIEV4cGVjdGVkUmVzcG9uc2VVcmw9IiIgUmVwb3J0aW5nTmFtZT0iIiBJZ25vcmVIdHRwU3RhdHVzQ29kZT0iRmFsc2UiPg0KICAgICAgPFN0cmluZ0h0dHBCb2R5IENvbnRlbnRUeXBlPSJhcHBsaWNhdGlvbi9qc29uOyBjaGFyc2V0PXV0Zi04IiBJbnNlcnRCeXRlT3JkZXJNYXJrPSJGYWxzZSI+ZXdBaUFHc0FiZ0J2QUhjQWJnQkRBR0VBZEFCbEFHY0Fid0J5QUhrQVZnQmhBR3dBZFFCbEFITUFJZ0E2QUNJQVF3QnZBRzBBY0FCSkFFUUFPZ0JUQUZBQVNBQkNBRXNBTVFBN0FFUUFaUUJ3QUhRQVNRQkVBRG9BTUFBd0FEQUFSd0F3QURBQU93QWlBQ3dBSWdCakFHRUFkQUJsQUdjQWJ3QnlBSGtBSWdBNkFDSUFUd0J5QUdjQVlRQnVBRWtBUkFBaUFDd0FJZ0JqQUc4QWJnQjBBR1VBZUFCMEFFc0FaUUI1QUNJQU9nQWlBRWtBY3dCU0FHVUFZUUJrQUU4QWJnQnNBSGtBT2dCT0FEc0FVd0JsQUd3QVpRQmpBSFFBWlFCa0FGWUFZUUJzQUhVQVpRQTZBREFBTUFBd0FFY0FPUUF3QURzQVNRQnpBRU1BYUFCckFGWUFZUUJzQUdrQVpBQTZBRmtBT3dCV0FHRUFiQUJwQUdRQVN3QmxBSGtBVEFCcEFITUFkQUE2QURzQUlnQjlBQT09PC9TdHJpbmdIdHRwQm9keT4NCiAgICA8L1JlcXVlc3Q+DQogICAgPFJlcXVlc3QgTWV0aG9kPSJQT1NUIiBHdWlkPSIwZDA0YzhiOC1hNGJiLTRlNjItODMwNy1kYjEzZTM1OWViZWEiIFZlcnNpb249IjEuMSIgVXJsPSJodHRwOi8vMTAuMTEuMzYuMTE0OjgwMDcvVXRpbC9XY2ZDYXNjYWRpbmdIZWxwZXIuc3ZjL1V0aWxfR2V0VXNlciIgVGhpbmtUaW1lPSIwIiBUaW1lb3V0PSIzMDAiIFBhcnNlRGVwZW5kZW50UmVxdWVzdHM9IlRydWUiIEZvbGxvd1JlZGlyZWN0cz0iVHJ1ZSIgUmVjb3JkUmVzdWx0PSJUcnVlIiBDYWNoZT0iRmFsc2UiIFJlc3BvbnNlVGltZUdvYWw9IjAiIEVuY29kaW5nPSJ1dGYtOCIgRXhwZWN0ZWRIdHRwU3RhdHVzQ29kZT0iMCIgRXhwZWN0ZWRSZXNwb25zZVVybD0iIiBSZXBvcnRpbmdOYW1lPSIiIElnbm9yZUh0dHBTdGF0dXNDb2RlPSJGYWxzZSI+DQogICAgICA8U3RyaW5nSHR0cEJvZHkgQ29udGVudFR5cGU9ImFwcGxpY2F0aW9uL2pzb247IGNoYXJzZXQ9dXRmLTgiIEluc2VydEJ5dGVPcmRlck1hcms9IkZhbHNlIj5ld0FpQUdzQWJnQnZBSGNBYmdCREFHRUFkQUJsQUdjQWJ3QnlBSGtBVmdCaEFHd0FkUUJsQUhNQUlnQTZBQ0lBUXdCdkFHMEFjQUJKQUVRQU9nQlRBRkFBU0FCQ0FFc0FNUUE3QUVRQVpRQndBSFFBU1FCRUFEb0FNQUF3QURBQVJ3QXdBREFBT3dCUEFISUFad0JoQUc0QVNRQkVBRG9BTUFBd0FEQUFSd0E1QURBQU93QWlBQ3dBSWdCakFHRUFkQUJsQUdjQWJ3QnlBSGtBSWdBNkFDSUFWUUJ6QUdVQWNnQkpBRVFBSWdBc0FDSUFZd0J2QUc0QWRBQmxBSGdBZEFCTEFHVUFlUUFpQURvQUlnQkpBSE1BVWdCbEFHRUFaQUJQQUc0QWJBQjVBRG9BVGdBN0FGTUFaUUJzQUdVQVl3QjBBR1VBWkFCV0FHRUFiQUIxQUdVQU9nQTZBRG9BT2dBNkFEb0FPZ0E3QUVrQWN3QkRBR2dBYXdCV0FHRUFiQUJwQUdRQU9nQlpBRHNBVmdCaEFHd0FhUUJrQUVzQVpRQjVBRXdBYVFCekFIUUFPZ0E3QUNJQWZRQT08L1N0cmluZ0h0dHBCb2R5Pg0KICAgIDwvUmVxdWVzdD4NCiAgICA8UmVxdWVzdCBNZXRob2Q9IlBPU1QiIEd1aWQ9IjhhMDY1NDE1LTE3YjMtNDA2NC1iYTBhLTEzOTAzY2MzOTNkNiIgVmVyc2lvbj0iMS4xIiBVcmw9Imh0dHA6Ly8xMC4xMS4zNi4xMTQ6ODAwNy9VdGlsL1djZkNhc2NhZGluZ0hlbHBlci5zdmMvVXRpbF9HZXRVc2VyIiBUaGlua1RpbWU9IjAiIFRpbWVvdXQ9IjMwMCIgUGFyc2VEZXBlbmRlbnRSZXF1ZXN0cz0iVHJ1ZSIgRm9sbG93UmVkaXJlY3RzPSJUcnVlIiBSZWNvcmRSZXN1bHQ9IlRydWUiIENhY2hlPSJGYWxzZSIgUmVzcG9uc2VUaW1lR29hbD0iMCIgRW5jb2Rpbmc9InV0Zi04IiBFeHBlY3RlZEh0dHBTdGF0dXNDb2RlPSIwIiBFeHBlY3RlZFJlc3BvbnNlVXJsPSIiIFJlcG9ydGluZ05hbWU9IiIgSWdub3JlSHR0cFN0YXR1c0NvZGU9IkZhbHNlIj4NCiAgICAgIDxTdHJpbmdIdHRwQm9keSBDb250ZW50VHlwZT0iYXBwbGljYXRpb24vanNvbjsgY2hhcnNldD11dGYtOCIgSW5zZXJ0Qnl0ZU9yZGVyTWFyaz0iRmFsc2UiPmV3QWlBR3NBYmdCdkFIY0FiZ0JEQUdFQWRBQmxBR2NBYndCeUFIa0FWZ0JoQUd3QWRRQmxBSE1BSWdBNkFDSUFJZ0FzQUNJQVl3QmhBSFFBWlFCbkFHOEFjZ0I1QUNJQU9nQWlBRU1BWVFCMEFHVUFad0J2QUhJQWVRQXdBREVBSWdBc0FDSUFZd0J2QUc0QWRBQmxBSGdBZEFCTEFHVUFlUUFpQURvQUlnQkpBSE1BVWdCbEFHRUFaQUJQQUc0QWJBQjVBRG9BVGdBN0FGTUFaUUJzQUdVQVl3QjBBR1VBWkFCV0FHRUFiQUIxQUdVQU9nQTZBRG9BT2dBNkFEb0FPZ0E3QUVrQWN3QkRBR2dBYXdCV0FHRUFiQUJwQUdRQU9nQlpBRHNBVmdCaEFHd0FhUUJrQUVzQVpRQjVBRXdBYVFCekFIUUFPZ0E3QUNJQWZRQT08L1N0cmluZ0h0dHBCb2R5Pg0KICAgIDwvUmVxdWVzdD4NCiAgICA8UmVxdWVzdCBNZXRob2Q9IlBPU1QiIEd1aWQ9IjA2MGU3NzQ4LTU3ZjEtNDhkNi05ZWQxLWJiN2RjOTIxYWVjOCIgVmVyc2lvbj0iMS4xIiBVcmw9Imh0dHA6Ly8xMC4xMS4zNi4xMTQ6ODAwNy9VdGlsL1djZkNhc2NhZGluZ0hlbHBlci5zdmMvVXRpbF9HZXRVc2VyIiBUaGlua1RpbWU9IjAiIFRpbWVvdXQ9IjMwMCIgUGFyc2VEZXBlbmRlbnRSZXF1ZXN0cz0iVHJ1ZSIgRm9sbG93UmVkaXJlY3RzPSJUcnVlIiBSZWNvcmRSZXN1bHQ9IlRydWUiIENhY2hlPSJGYWxzZSIgUmVzcG9uc2VUaW1lR29hbD0iMCIgRW5jb2Rpbmc9InV0Zi04IiBFeHBlY3RlZEh0dHBTdGF0dXNDb2RlPSIwIiBFeHBlY3RlZFJlc3BvbnNlVXJsPSIiIFJlcG9ydGluZ05hbWU9IiIgSWdub3JlSHR0cFN0YXR1c0NvZGU9IkZhbHNlIj4NCiAgICAgIDxTdHJpbmdIdHRwQm9keSBDb250ZW50VHlwZT0iYXBwbGljYXRpb24vanNvbjsgY2hhcnNldD11dGYtOCIgSW5zZXJ0Qnl0ZU9yZGVyTWFyaz0iRmFsc2UiPmV3QWlBR3NBYmdCdkFIY0FiZ0JEQUdFQWRBQmxBR2NBYndCeUFIa0FWZ0JoQUd3QWRRQmxBSE1BSWdBNkFDSUFJZ0FzQUNJQVl3QmhBSFFBWlFCbkFHOEFjZ0I1QUNJQU9nQWlBRU1BYndCdEFIQUFTUUJFQUNJQUxBQWlBR01BYndCdUFIUUFaUUI0QUhRQVN3QmxBSGtBSWdBNkFDSUFTUUJ6QUZJQVpRQmhBR1FBVHdCdUFHd0FlUUE2QUZrQU93QlRBR1VBYkFCbEFHTUFkQUJsQUdRQVZnQmhBR3dBZFFCbEFEb0FVd0JRQUVnQVFnQkxBREVBT3dCSkFITUFRd0JvQUdzQVZnQmhBR3dBYVFCa0FEb0FXUUE3QUZZQVlRQnNBR2tBWkFCTEFHVUFlUUJNQUdrQWN3QjBBRG9BT3dBaUFIMEE8L1N0cmluZ0h0dHBCb2R5Pg0KICAgIDwvUmVxdWVzdD4NCiAgICA8UmVxdWVzdCBNZXRob2Q9IlBPU1QiIEd1aWQ9Ijg0OWUyNjkzLTM3OTMtNDdkOS04Y2QyLTE3ZjZiNjYwNjg3ZCIgVmVyc2lvbj0iMS4xIiBVcmw9Imh0dHA6Ly8xMC4xMS4zNi4xMTQ6ODAwNy9VdGlsL1djZkNhc2NhZGluZ0hlbHBlci5zdmMvVXRpbF9HZXRVc2VyIiBUaGlua1RpbWU9IjAiIFRpbWVvdXQ9IjMwMCIgUGFyc2VEZXBlbmRlbnRSZXF1ZXN0cz0iVHJ1ZSIgRm9sbG93UmVkaXJlY3RzPSJUcnVlIiBSZWNvcmRSZXN1bHQ9IlRydWUiIENhY2hlPSJGYWxzZSIgUmVzcG9uc2VUaW1lR29hbD0iMCIgRW5jb2Rpbmc9InV0Zi04IiBFeHBlY3RlZEh0dHBTdGF0dXNDb2RlPSIwIiBFeHBlY3RlZFJlc3BvbnNlVXJsPSIiIFJlcG9ydGluZ05hbWU9IiIgSWdub3JlSHR0cFN0YXR1c0NvZGU9IkZhbHNlIj4NCiAgICAgIDxTdHJpbmdIdHRwQm9keSBDb250ZW50VHlwZT0iYXBwbGljYXRpb24vanNvbjsgY2hhcnNldD11dGYtOCIgSW5zZXJ0Qnl0ZU9yZGVyTWFyaz0iRmFsc2UiPmV3QWlBR3NBYmdCdkFIY0FiZ0JEQUdFQWRBQmxBR2NBYndCeUFIa0FWZ0JoQUd3QWRRQmxBSE1BSWdBNkFDSUFRd0J2QUcwQWNBQkpBRVFBT2dCVEFGQUFTQUJDQUVzQU1RQTdBQ0lBTEFBaUFHTUFZUUIwQUdVQVp3QnZBSElBZVFBaUFEb0FJZ0JFQUdVQWNBQjBBRWtBUkFBaUFDd0FJZ0JqQUc4QWJnQjBBR1VBZUFCMEFFc0FaUUI1QUNJQU9nQWlBRWtBY3dCU0FHVUFZUUJrQUU4QWJnQnNBSGtBT2dCT0FEc0FVd0JsQUd3QVpRQmpBSFFBWlFCa0FGWUFZUUJzQUhVQVpRQTZBREFBTUFBd0FFY0FNQUF3QURzQVNRQnpBRU1BYUFCckFGWUFZUUJzQUdrQVpBQTZBRmtBT3dCV0FHRUFiQUJwQUdRQVN3QmxBSGtBVEFCcEFITUFkQUE2QURzQUlnQjlBQT09PC9TdHJpbmdIdHRwQm9keT4NCiAgICA8L1JlcXVlc3Q+DQogICAgPFJlcXVlc3QgTWV0aG9kPSJQT1NUIiBHdWlkPSI4NzVlYzhiZC1kZGZhLTRiZGQtOWE4Mi0yYjI0NjdjN2U2YmIiIFZlcnNpb249IjEuMSIgVXJsPSJodHRwOi8vMTAuMTEuMzYuMTE0OjgwMDcvVXRpbC9XY2ZDYXNjYWRpbmdIZWxwZXIuc3ZjL1V0aWxfR2V0VXNlciIgVGhpbmtUaW1lPSIwIiBUaW1lb3V0PSIzMDAiIFBhcnNlRGVwZW5kZW50UmVxdWVzdHM9IlRydWUiIEZvbGxvd1JlZGlyZWN0cz0iVHJ1ZSIgUmVjb3JkUmVzdWx0PSJUcnVlIiBDYWNoZT0iRmFsc2UiIFJlc3BvbnNlVGltZUdvYWw9IjAiIEVuY29kaW5nPSJ1dGYtOCIgRXhwZWN0ZWRIdHRwU3RhdHVzQ29kZT0iMCIgRXhwZWN0ZWRSZXNwb25zZVVybD0iIiBSZXBvcnRpbmdOYW1lPSIiIElnbm9yZUh0dHBTdGF0dXNDb2RlPSJGYWxzZSI+DQogICAgICA8U3RyaW5nSHR0cEJvZHkgQ29udGVudFR5cGU9ImFwcGxpY2F0aW9uL2pzb247IGNoYXJzZXQ9dXRmLTgiIEluc2VydEJ5dGVPcmRlck1hcms9IkZhbHNlIj5ld0FpQUdzQWJnQnZBSGNBYmdCREFHRUFkQUJsQUdjQWJ3QnlBSGtBVmdCaEFHd0FkUUJsQUhNQUlnQTZBQ0lBUXdCdkFHMEFjQUJKQUVRQU9nQlRBRkFBU0FCQ0FFc0FNUUE3QUVRQVpRQndBSFFBU1FCRUFEb0FNQUF3QURBQVJ3QXdBREFBT3dBaUFDd0FJZ0JqQUdFQWRBQmxBR2NBYndCeUFIa0FJZ0E2QUNJQVR3QnlBR2NBWVFCdUFFa0FSQUFpQUN3QUlnQmpBRzhBYmdCMEFHVUFlQUIwQUVzQVpRQjVBQ0lBT2dBaUFFa0Fjd0JTQUdVQVlRQmtBRThBYmdCc0FIa0FPZ0JPQURzQVV3QmxBR3dBWlFCakFIUUFaUUJrQUZZQVlRQnNBSFVBWlFBNkFEQUFNQUF3QUVjQU9RQXdBRHNBU1FCekFFTUFhQUJyQUZZQVlRQnNBR2tBWkFBNkFGa0FPd0JXQUdFQWJBQnBBR1FBU3dCbEFIa0FUQUJwQUhNQWRBQTZBRHNBSWdCOUFBPT08L1N0cmluZ0h0dHBCb2R5Pg0KICAgIDwvUmVxdWVzdD4NCiAgICA8UmVxdWVzdCBNZXRob2Q9IlBPU1QiIEd1aWQ9ImQ5YjhiNTFlLWUwYjAtNDM3OS04MTk4LWRiNjExMDdhMTkxOSIgVmVyc2lvbj0iMS4xIiBVcmw9Imh0dHA6Ly8xMC4xMS4zNi4xMTQ6ODAwNy9VdGlsL1djZkNhc2NhZGluZ0hlbHBlci5zdmMvVXRpbF9HZXRVc2VyIiBUaGlua1RpbWU9IjAiIFRpbWVvdXQ9IjMwMCIgUGFyc2VEZXBlbmRlbnRSZXF1ZXN0cz0iVHJ1ZSIgRm9sbG93UmVkaXJlY3RzPSJUcnVlIiBSZWNvcmRSZXN1bHQ9IlRydWUiIENhY2hlPSJGYWxzZSIgUmVzcG9uc2VUaW1lR29hbD0iMCIgRW5jb2Rpbmc9InV0Zi04IiBFeHBlY3RlZEh0dHBTdGF0dXNDb2RlPSIwIiBFeHBlY3RlZFJlc3BvbnNlVXJsPSIiIFJlcG9ydGluZ05hbWU9IiIgSWdub3JlSHR0cFN0YXR1c0NvZGU9IkZhbHNlIj4NCiAgICAgIDxTdHJpbmdIdHRwQm9keSBDb250ZW50VHlwZT0iYXBwbGljYXRpb24vanNvbjsgY2hhcnNldD11dGYtOCIgSW5zZXJ0Qnl0ZU9yZGVyTWFyaz0iRmFsc2UiPmV3QWlBR3NBYmdCdkFIY0FiZ0JEQUdFQWRBQmxBR2NBYndCeUFIa0FWZ0JoQUd3QWRRQmxBSE1BSWdBNkFDSUFRd0J2QUcwQWNBQkpBRVFBT2dCVEFGQUFTQUJDQUVzQU1RQTdBRVFBWlFCd0FIUUFTUUJFQURvQU1BQXdBREFBUndBd0FEQUFPd0JQQUhJQVp3QmhBRzRBU1FCRUFEb0FNQUF3QURBQVJ3QTVBREFBT3dBaUFDd0FJZ0JqQUdFQWRBQmxBR2NBYndCeUFIa0FJZ0E2QUNJQVZRQnpBR1VBY2dCSkFFUUFJZ0FzQUNJQVl3QnZBRzRBZEFCbEFIZ0FkQUJMQUdVQWVRQWlBRG9BSWdCSkFITUFVZ0JsQUdFQVpBQlBBRzRBYkFCNUFEb0FUZ0E3QUZNQVpRQnNBR1VBWXdCMEFHVUFaQUJXQUdFQWJBQjFBR1VBT2dBNkFEb0FPZ0E2QURvQU9nQTdBRWtBY3dCREFHZ0Fhd0JXQUdFQWJBQnBBR1FBT2dCWkFEc0FWZ0JoQUd3QWFRQmtBRXNBWlFCNUFFd0FhUUJ6QUhRQU9nQTdBQ0lBZlFBPTwvU3RyaW5nSHR0cEJvZHk+DQogICAgPC9SZXF1ZXN0Pg0KICAgIDxSZXF1ZXN0IE1ldGhvZD0iUE9TVCIgR3VpZD0iYzFhMDBlYzMtYmZkZC00YWFkLThiN2EtYjc1NGUwZTM2ZjBkIiBWZXJzaW9uPSIxLjEiIFVybD0iaHR0cDovLzEwLjExLjM2LjExNDo4MDA3L1V0aWwvV2NmQ2FzY2FkaW5nSGVscGVyLnN2Yy9VdGlsX0dldFVzZXIiIFRoaW5rVGltZT0iMCIgVGltZW91dD0iMzAwIiBQYXJzZURlcGVuZGVudFJlcXVlc3RzPSJUcnVlIiBGb2xsb3dSZWRpcmVjdHM9IlRydWUiIFJlY29yZFJlc3VsdD0iVHJ1ZSIgQ2FjaGU9IkZhbHNlIiBSZXNwb25zZVRpbWVHb2FsPSIwIiBFbmNvZGluZz0idXRmLTgiIEV4cGVjdGVkSHR0cFN0YXR1c0NvZGU9IjAiIEV4cGVjdGVkUmVzcG9uc2VVcmw9IiIgUmVwb3J0aW5nTmFtZT0iIiBJZ25vcmVIdHRwU3RhdHVzQ29kZT0iRmFsc2UiPg0KICAgICAgPFN0cmluZ0h0dHBCb2R5IENvbnRlbnRUeXBlPSJhcHBsaWNhdGlvbi9qc29uOyBjaGFyc2V0PXV0Zi04IiBJbnNlcnRCeXRlT3JkZXJNYXJrPSJGYWxzZSI+ZXdBaUFHc0FiZ0J2QUhjQWJnQkRBR0VBZEFCbEFHY0Fid0J5QUhrQVZnQmhBR3dBZFFCbEFITUFJZ0E2QUNJQUlnQXNBQ0lBWXdCaEFIUUFaUUJuQUc4QWNnQjVBQ0lBT2dBaUFFTUFZUUIwQUdVQVp3QnZBSElBZVFBd0FERUFJZ0FzQUNJQVl3QnZBRzRBZEFCbEFIZ0FkQUJMQUdVQWVRQWlBRG9BSWdCSkFITUFVZ0JsQUdFQVpBQlBBRzRBYkFCNUFEb0FUZ0E3QUZNQVpRQnNBR1VBWXdCMEFHVUFaQUJXQUdFQWJBQjFBR1VBT2dBNkFEb0FPZ0E2QURvQU9nQTdBRWtBY3dCREFHZ0Fhd0JXQUdFQWJBQnBBR1FBT2dCWkFEc0FWZ0JoQUd3QWFRQmtBRXNBWlFCNUFFd0FhUUJ6QUhRQU9nQTdBQ0lBZlFBPTwvU3RyaW5nSHR0cEJvZHk+DQogICAgPC9SZXF1ZXN0Pg0KICAgIDxSZXF1ZXN0IE1ldGhvZD0iUE9TVCIgR3VpZD0iODBjOTEyMjItMjc0Zi00ODlkLTgzMzAtZTllNzAwMGUyYWRmIiBWZXJzaW9uPSIxLjEiIFVybD0iaHR0cDovLzEwLjExLjM2LjExNDo4MDA3L1V0aWwvV2NmQ2FzY2FkaW5nSGVscGVyLnN2Yy9VdGlsX0dldFVzZXIiIFRoaW5rVGltZT0iMCIgVGltZW91dD0iMzAwIiBQYXJzZURlcGVuZGVudFJlcXVlc3RzPSJUcnVlIiBGb2xsb3dSZWRpcmVjdHM9IlRydWUiIFJlY29yZFJlc3VsdD0iVHJ1ZSIgQ2FjaGU9IkZhbHNlIiBSZXNwb25zZVRpbWVHb2FsPSIwIiBFbmNvZGluZz0idXRmLTgiIEV4cGVjdGVkSHR0cFN0YXR1c0NvZGU9IjAiIEV4cGVjdGVkUmVzcG9uc2VVcmw9IiIgUmVwb3J0aW5nTmFtZT0iIiBJZ25vcmVIdHRwU3RhdHVzQ29kZT0iRmFsc2UiPg0KICAgICAgPFN0cmluZ0h0dHBCb2R5IENvbnRlbnRUeXBlPSJhcHBsaWNhdGlvbi9qc29uOyBjaGFyc2V0PXV0Zi04IiBJbnNlcnRCeXRlT3JkZXJNYXJrPSJGYWxzZSI+ZXdBaUFHc0FiZ0J2QUhjQWJnQkRBR0VBZEFCbEFHY0Fid0J5QUhrQVZnQmhBR3dBZFFCbEFITUFJZ0E2QUNJQUlnQXNBQ0lBWXdCaEFIUUFaUUJuQUc4QWNnQjVBQ0lBT2dBaUFFTUFid0J0QUhBQVNRQkVBQ0lBTEFBaUFHTUFid0J1QUhRQVpRQjRBSFFBU3dCbEFIa0FJZ0E2QUNJQVNRQnpBRklBWlFCaEFHUUFUd0J1QUd3QWVRQTZBRmtBT3dCVEFHVUFiQUJsQUdNQWRBQmxBR1FBVmdCaEFHd0FkUUJsQURvQVV3QlFBRWdBUWdCTEFERUFPd0JKQUhNQVF3Qm9BR3NBVmdCaEFHd0FhUUJrQURvQVdRQTdBRllBWVFCc0FHa0FaQUJMQUdVQWVRQk1BR2tBY3dCMEFEb0FPd0FpQUgwQTwvU3RyaW5nSHR0cEJvZHk+DQogICAgPC9SZXF1ZXN0Pg0KICAgIDxSZXF1ZXN0IE1ldGhvZD0iUE9TVCIgR3VpZD0iOWMzNjA4YzEtNjdkNC00M2YzLWE2NmYtODYzMDdlOWYwNzQxIiBWZXJzaW9uPSIxLjEiIFVybD0iaHR0cDovLzEwLjExLjM2LjExNDo4MDA3L1V0aWwvV2NmQ2FzY2FkaW5nSGVscGVyLnN2Yy9VdGlsX0dldFVzZXIiIFRoaW5rVGltZT0iMCIgVGltZW91dD0iMzAwIiBQYXJzZURlcGVuZGVudFJlcXVlc3RzPSJUcnVlIiBGb2xsb3dSZWRpcmVjdHM9IlRydWUiIFJlY29yZFJlc3VsdD0iVHJ1ZSIgQ2FjaGU9IkZhbHNlIiBSZXNwb25zZVRpbWVHb2FsPSIwIiBFbmNvZGluZz0idXRmLTgiIEV4cGVjdGVkSHR0cFN0YXR1c0NvZGU9IjAiIEV4cGVjdGVkUmVzcG9uc2VVcmw9IiIgUmVwb3J0aW5nTmFtZT0iIiBJZ25vcmVIdHRwU3RhdHVzQ29kZT0iRmFsc2UiPg0KICAgICAgPFN0cmluZ0h0dHBCb2R5IENvbnRlbnRUeXBlPSJhcHBsaWNhdGlvbi9qc29uOyBjaGFyc2V0PXV0Zi04IiBJbnNlcnRCeXRlT3JkZXJNYXJrPSJGYWxzZSI+ZXdBaUFHc0FiZ0J2QUhjQWJnQkRBR0VBZEFCbEFHY0Fid0J5QUhrQVZnQmhBR3dBZFFCbEFITUFJZ0E2QUNJQVF3QnZBRzBBY0FCSkFFUUFPZ0JUQUZBQVNBQkNBRXNBTVFBN0FDSUFMQUFpQUdNQVlRQjBBR1VBWndCdkFISUFlUUFpQURvQUlnQkVBR1VBY0FCMEFFa0FSQUFpQUN3QUlnQmpBRzhBYmdCMEFHVUFlQUIwQUVzQVpRQjVBQ0lBT2dBaUFFa0Fjd0JTQUdVQVlRQmtBRThBYmdCc0FIa0FPZ0JPQURzQVV3QmxBR3dBWlFCakFIUUFaUUJrQUZZQVlRQnNBSFVBWlFBNkFEQUFNQUF3QUVjQU1BQXdBRHNBU1FCekFFTUFhQUJyQUZZQVlRQnNBR2tBWkFBNkFGa0FPd0JXQUdFQWJBQnBBR1FBU3dCbEFIa0FUQUJwQUhNQWRBQTZBRHNBSWdCOUFBPT08L1N0cmluZ0h0dHBCb2R5Pg0KICAgIDwvUmVxdWVzdD4NCiAgICA8UmVxdWVzdCBNZXRob2Q9IlBPU1QiIEd1aWQ9IjFkZmI2ZDYwLWRjMTMtNGI3Yy04YWM5LTQxMGFiMzc1NDdlMSIgVmVyc2lvbj0iMS4xIiBVcmw9Imh0dHA6Ly8xMC4xMS4zNi4xMTQ6ODAwNy9VdGlsL1djZkNhc2NhZGluZ0hlbHBlci5zdmMvVXRpbF9HZXRVc2VyIiBUaGlua1RpbWU9IjAiIFRpbWVvdXQ9IjMwMCIgUGFyc2VEZXBlbmRlbnRSZXF1ZXN0cz0iVHJ1ZSIgRm9sbG93UmVkaXJlY3RzPSJUcnVlIiBSZWNvcmRSZXN1bHQ9IlRydWUiIENhY2hlPSJGYWxzZSIgUmVzcG9uc2VUaW1lR29hbD0iMCIgRW5jb2Rpbmc9InV0Zi04IiBFeHBlY3RlZEh0dHBTdGF0dXNDb2RlPSIwIiBFeHBlY3RlZFJlc3BvbnNlVXJsPSIiIFJlcG9ydGluZ05hbWU9IiIgSWdub3JlSHR0cFN0YXR1c0NvZGU9IkZhbHNlIj4NCiAgICAgIDxTdHJpbmdIdHRwQm9keSBDb250ZW50VHlwZT0iYXBwbGljYXRpb24vanNvbjsgY2hhcnNldD11dGYtOCIgSW5zZXJ0Qnl0ZU9yZGVyTWFyaz0iRmFsc2UiPmV3QWlBR3NBYmdCdkFIY0FiZ0JEQUdFQWRBQmxBR2NBYndCeUFIa0FWZ0JoQUd3QWRRQmxBSE1BSWdBNkFDSUFRd0J2QUcwQWNBQkpBRVFBT2dCVEFGQUFTQUJDQUVzQU1RQTdBRVFBWlFCd0FIUUFTUUJFQURvQU1BQXdBREFBUndBd0FEQUFPd0FpQUN3QUlnQmpBR0VBZEFCbEFHY0Fid0J5QUhrQUlnQTZBQ0lBVHdCeUFHY0FZUUJ1QUVrQVJBQWlBQ3dBSWdCakFHOEFiZ0IwQUdVQWVBQjBBRXNBWlFCNUFDSUFPZ0FpQUVrQWN3QlNBR1VBWVFCa0FFOEFiZ0JzQUhrQU9nQk9BRHNBVXdCbEFHd0FaUUJqQUhRQVpRQmtBRllBWVFCc0FIVUFaUUE2QURBQU1BQXdBRWNBT1FBd0FEc0FTUUJ6QUVNQWFBQnJBRllBWVFCc0FHa0FaQUE2QUZrQU93QldBR0VBYkFCcEFHUUFTd0JsQUhrQVRBQnBBSE1BZEFBNkFEc0FJZ0I5QUE9PTwvU3RyaW5nSHR0cEJvZHk+DQogICAgPC9SZXF1ZXN0Pg0KICAgIDxSZXF1ZXN0IE1ldGhvZD0iUE9TVCIgR3VpZD0iNzZlYzg1N2EtMzJlNi00NzhkLTk2OGUtNjc4NjBmMGYyMWIwIiBWZXJzaW9uPSIxLjEiIFVybD0iaHR0cDovLzEwLjExLjM2LjExNDo4MDA3L1V0aWwvV2NmQ2FzY2FkaW5nSGVscGVyLnN2Yy9VdGlsX0dldFVzZXIiIFRoaW5rVGltZT0iMCIgVGltZW91dD0iMzAwIiBQYXJzZURlcGVuZGVudFJlcXVlc3RzPSJUcnVlIiBGb2xsb3dSZWRpcmVjdHM9IlRydWUiIFJlY29yZFJlc3VsdD0iVHJ1ZSIgQ2FjaGU9IkZhbHNlIiBSZXNwb25zZVRpbWVHb2FsPSIwIiBFbmNvZGluZz0idXRmLTgiIEV4cGVjdGVkSHR0cFN0YXR1c0NvZGU9IjAiIEV4cGVjdGVkUmVzcG9uc2VVcmw9IiIgUmVwb3J0aW5nTmFtZT0iIiBJZ25vcmVIdHRwU3RhdHVzQ29kZT0iRmFsc2UiPg0KICAgICAgPFN0cmluZ0h0dHBCb2R5IENvbnRlbnRUeXBlPSJhcHBsaWNhdGlvbi9qc29uOyBjaGFyc2V0PXV0Zi04IiBJbnNlcnRCeXRlT3JkZXJNYXJrPSJGYWxzZSI+ZXdBaUFHc0FiZ0J2QUhjQWJnQkRBR0VBZEFCbEFHY0Fid0J5QUhrQVZnQmhBR3dBZFFCbEFITUFJZ0E2QUNJQVF3QnZBRzBBY0FCSkFFUUFPZ0JUQUZBQVNBQkNBRXNBTVFBN0FFUUFaUUJ3QUhRQVNRQkVBRG9BTUFBd0FEQUFSd0F3QURBQU93QlBBSElBWndCaEFHNEFTUUJFQURvQU1BQXdBREFBUndBNUFEQUFPd0FpQUN3QUlnQmpBR0VBZEFCbEFHY0Fid0J5QUhrQUlnQTZBQ0lBVlFCekFHVUFjZ0JKQUVRQUlnQXNBQ0lBWXdCdkFHNEFkQUJsQUhnQWRBQkxBR1VBZVFBaUFEb0FJZ0JKQUhNQVVnQmxBR0VBWkFCUEFHNEFiQUI1QURvQVRnQTdBRk1BWlFCc0FHVUFZd0IwQUdVQVpBQldBR0VBYkFCMUFHVUFPZ0E2QURvQU9nQTZBRG9BT2dBN0FFa0Fjd0JEQUdnQWF3QldBR0VBYkFCcEFHUUFPZ0JaQURzQVZnQmhBR3dBYVFCa0FFc0FaUUI1QUV3QWFRQnpBSFFBT2dBN0FDSUFmUUE9PC9TdHJpbmdIdHRwQm9keT4NCiAgICA8L1JlcXVlc3Q+DQogICAgPFJlcXVlc3QgTWV0aG9kPSJQT1NUIiBHdWlkPSIwM2ZjZmYzOS03MDc2LTQ2OTItYWYyYi02NzVmYjgxZjIzOWYiIFZlcnNpb249IjEuMSIgVXJsPSJodHRwOi8vMTAuMTEuMzYuMTE0OjgwMDcvVXRpbC9XY2ZDYXNjYWRpbmdIZWxwZXIuc3ZjL1V0aWxfR2V0VXNlciIgVGhpbmtUaW1lPSIzMCIgVGltZW91dD0iMzAwIiBQYXJzZURlcGVuZGVudFJlcXVlc3RzPSJUcnVlIiBGb2xsb3dSZWRpcmVjdHM9IlRydWUiIFJlY29yZFJlc3VsdD0iVHJ1ZSIgQ2FjaGU9IkZhbHNlIiBSZXNwb25zZVRpbWVHb2FsPSIwIiBFbmNvZGluZz0idXRmLTgiIEV4cGVjdGVkSHR0cFN0YXR1c0NvZGU9IjAiIEV4cGVjdGVkUmVzcG9uc2VVcmw9IiIgUmVwb3J0aW5nTmFtZT0iIiBJZ25vcmVIdHRwU3RhdHVzQ29kZT0iRmFsc2UiPg0KICAgICAgPFN0cmluZ0h0dHBCb2R5IENvbnRlbnRUeXBlPSJhcHBsaWNhdGlvbi9qc29uOyBjaGFyc2V0PXV0Zi04IiBJbnNlcnRCeXRlT3JkZXJNYXJrPSJGYWxzZSI+ZXdBaUFHc0FiZ0J2QUhjQWJnQkRBR0VBZEFCbEFHY0Fid0J5QUhrQVZnQmhBR3dBZFFCbEFITUFJZ0E2QUNJQUlnQXNBQ0lBWXdCaEFIUUFaUUJuQUc4QWNnQjVBQ0lBT2dBaUFFTUFZUUIwQUdVQVp3QnZBSElBZVFBd0FERUFJZ0FzQUNJQVl3QnZBRzRBZEFCbEFIZ0FkQUJMQUdVQWVRQWlBRG9BSWdCSkFITUFVZ0JsQUdFQVpBQlBBRzRBYkFCNUFEb0FUZ0E3QUZNQVpRQnNBR1VBWXdCMEFHVUFaQUJXQUdFQWJBQjFBR1VBT2dBNkFEb0FPZ0E2QURvQU9nQTdBRWtBY3dCREFHZ0Fhd0JXQUdFQWJBQnBBR1FBT2dCWkFEc0FWZ0JoQUd3QWFRQmtBRXNBWlFCNUFFd0FhUUJ6QUhRQU9nQTdBQ0lBZlFBPTwvU3RyaW5nSHR0cEJvZHk+DQogICAgPC9SZXF1ZXN0Pg0KICAgIDxSZXF1ZXN0IE1ldGhvZD0iUE9TVCIgR3VpZD0iZTRjMjJkY2QtYThkOS00ZjNhLTljNTUtOTgwMzE0YzRiMGFlIiBWZXJzaW9uPSIxLjEiIFVybD0iaHR0cDovLzEwLjExLjM2LjExNDo4MDA3L092ZXJUaW1lL092ZXJ0aW1lUHJlT3JkZXJfQWRkLmFzcHgiIFRoaW5rVGltZT0iMiIgVGltZW91dD0iMzAwIiBQYXJzZURlcGVuZGVudFJlcXVlc3RzPSJUcnVlIiBGb2xsb3dSZWRpcmVjdHM9IlRydWUiIFJlY29yZFJlc3VsdD0iVHJ1ZSIgQ2FjaGU9IkZhbHNlIiBSZXNwb25zZVRpbWVHb2FsPSIwIiBFbmNvZGluZz0idXRmLTgiIEV4cGVjdGVkSHR0cFN0YXR1c0NvZGU9IjAiIEV4cGVjdGVkUmVzcG9uc2VVcmw9IiIgUmVwb3J0aW5nTmFtZT0iIiBJZ25vcmVIdHRwU3RhdHVzQ29kZT0iRmFsc2UiPg0KICAgICAgPEV4dHJhY3Rpb25SdWxlcz4NCiAgICAgICAgPEV4dHJhY3Rpb25SdWxlIENsYXNzbmFtZT0iTWljcm9zb2Z0LlZpc3VhbFN0dWRpby5UZXN0VG9vbHMuV2ViVGVzdGluZy5SdWxlcy5FeHRyYWN0SGlkZGVuRmllbGRzLCBNaWNyb3NvZnQuVmlzdWFsU3R1ZGlvLlF1YWxpdHlUb29scy5XZWJUZXN0RnJhbWV3b3JrLCBWZXJzaW9uPTEwLjAuMC4wLCBDdWx0dXJlPW5ldXRyYWwsIFB1YmxpY0tleVRva2VuPWIwM2Y1ZjdmMTFkNTBhM2EiIFZhcmlhYmxlTmFtZT0iMSIgRGlzcGxheU5hbWU9IuaTt+WPlumaseiXj+ashOS9jSIgRGVzY3JpcHRpb249IuaTt+WPluWbnuaHieS4reeahOaJgOaciemaseiXj+ashOS9je+8jOS4puWwh+Wug+WAkeaUvuWcqOa4rOippuWFp+WuueS4reOAgiI+DQogICAgICAgICAgPFJ1bGVQYXJhbWV0ZXJzPg0KICAgICAgICAgICAgPFJ1bGVQYXJhbWV0ZXIgTmFtZT0iUmVxdWlyZWQiIFZhbHVlPSJUcnVlIiAvPg0KICAgICAgICAgICAgPFJ1bGVQYXJhbWV0ZXIgTmFtZT0iSHRtbERlY29kZSIgVmFsdWU9IlRydWUiIC8+DQogICAgICAgICAgPC9SdWxlUGFyYW1ldGVycz4NCiAgICAgICAgPC9FeHRyYWN0aW9uUnVsZT4NCiAgICAgIDwvRXh0cmFjdGlvblJ1bGVzPg0KICAgICAgPENvcnJlbGF0aW9uRXh0cmFjdGlvblJ1bGVzPg0KICAgICAgICA8RXh0cmFjdGlvblJ1bGUgQ2xhc3NuYW1lPSJNaWNyb3NvZnQuVmlzdWFsU3R1ZGlvLlRlc3RUb29scy5XZWJUZXN0aW5nLlJ1bGVzLkV4dHJhY3RGb3JtRmllbGQsIE1pY3Jvc29mdC5WaXN1YWxTdHVkaW8uUXVhbGl0eVRvb2xzLldlYlRlc3RGcmFtZXdvcmssIFZlcnNpb249MTAuMC4wLjAsIEN1bHR1cmU9bmV1dHJhbCwgUHVibGljS2V5VG9rZW49YjAzZjVmN2YxMWQ1MGEzYSIgVmFyaWFibGVOYW1lPSJGb3JtUG9zdFBhcmFtMzMuYnRuVGVtcFNhdmVJbnZpc2libGUiIERpc3BsYXlOYW1lPSIiIERlc2NyaXB0aW9uPSIiPg0KICAgICAgICAgIDxSdWxlUGFyYW1ldGVycz4NCiAgICAgICAgICAgIDxSdWxlUGFyYW1ldGVyIE5hbWU9Ik5hbWUiIFZhbHVlPSJidG5UZW1wU2F2ZUludmlzaWJsZSIgLz4NCiAgICAgICAgICAgIDxSdWxlUGFyYW1ldGVyIE5hbWU9Ikh0bWxEZWNvZGUiIFZhbHVlPSJUcnVlIiAvPg0KICAgICAgICAgICAgPFJ1bGVQYXJhbWV0ZXIgTmFtZT0iUmVxdWlyZWQiIFZhbHVlPSJGYWxzZSIgLz4NCiAgICAgICAgICAgIDxSdWxlUGFyYW1ldGVyIE5hbWU9IkluZGV4IiBWYWx1ZT0iMCIgLz4NCiAgICAgICAgICA8L1J1bGVQYXJhbWV0ZXJzPg0KICAgICAgICA8L0V4dHJhY3Rpb25SdWxlPg0KICAgICAgICA8RXh0cmFjdGlvblJ1bGUgQ2xhc3NuYW1lPSJNaWNyb3NvZnQuVmlzdWFsU3R1ZGlvLlRlc3RUb29scy5XZWJUZXN0aW5nLlJ1bGVzLkV4dHJhY3RGb3JtRmllbGQsIE1pY3Jvc29mdC5WaXN1YWxTdHVkaW8uUXVhbGl0eVRvb2xzLldlYlRlc3RGcmFtZXdvcmssIFZlcnNpb249MTAuMC4wLjAsIEN1bHR1cmU9bmV1dHJhbCwgUHVibGljS2V5VG9rZW49YjAzZjVmN2YxMWQ1MGEzYSIgVmFyaWFibGVOYW1lPSJGb3JtUG9zdFBhcmFtMzQuT1RFbXBJRCIgRGlzcGxheU5hbWU9IiIgRGVzY3JpcHRpb249IiI+DQogICAgICAgICAgPFJ1bGVQYXJhbWV0ZXJzPg0KICAgICAgICAgICAgPFJ1bGVQYXJhbWV0ZXIgTmFtZT0iTmFtZSIgVmFsdWU9InJidFNpbmdsZUVtcElEIiAvPg0KICAgICAgICAgICAgPFJ1bGVQYXJhbWV0ZXIgTmFtZT0iSHRtbERlY29kZSIgVmFsdWU9IlRydWUiIC8+DQogICAgICAgICAgICA8UnVsZVBhcmFtZXRlciBOYW1lPSJSZXF1aXJlZCIgVmFsdWU9IkZhbHNlIiAvPg0KICAgICAgICAgICAgPFJ1bGVQYXJhbWV0ZXIgTmFtZT0iSW5kZXgiIFZhbHVlPSIwIiAvPg0KICAgICAgICAgIDwvUnVsZVBhcmFtZXRlcnM+DQogICAgICAgIDwvRXh0cmFjdGlvblJ1bGU+DQogICAgICAgIDxFeHRyYWN0aW9uUnVsZSBDbGFzc25hbWU9Ik1pY3Jvc29mdC5WaXN1YWxTdHVkaW8uVGVzdFRvb2xzLldlYlRlc3RpbmcuUnVsZXMuRXh0cmFjdEZvcm1GaWVsZCwgTWljcm9zb2Z0LlZpc3VhbFN0dWRpby5RdWFsaXR5VG9vbHMuV2ViVGVzdEZyYW1ld29yaywgVmVyc2lvbj0xMC4wLjAuMCwgQ3VsdHVyZT1uZXV0cmFsLCBQdWJsaWNLZXlUb2tlbj1iMDNmNWY3ZjExZDUwYTNhIiBWYXJpYWJsZU5hbWU9IkZvcm1Qb3N0UGFyYW0zNS50eHRPVEVtcElEIiBEaXNwbGF5TmFtZT0iIiBEZXNjcmlwdGlvbj0iIj4NCiAgICAgICAgICA8UnVsZVBhcmFtZXRlcnM+DQogICAgICAgICAgICA8UnVsZVBhcmFtZXRlciBOYW1lPSJOYW1lIiBWYWx1ZT0idHh0T1RFbXBJRCIgLz4NCiAgICAgICAgICAgIDxSdWxlUGFyYW1ldGVyIE5hbWU9Ikh0bWxEZWNvZGUiIFZhbHVlPSJUcnVlIiAvPg0KICAgICAgICAgICAgPFJ1bGVQYXJhbWV0ZXIgTmFtZT0iUmVxdWlyZWQiIFZhbHVlPSJGYWxzZSIgLz4NCiAgICAgICAgICAgIDxSdWxlUGFyYW1ldGVyIE5hbWU9IkluZGV4IiBWYWx1ZT0iMCIgLz4NCiAgICAgICAgICA8L1J1bGVQYXJhbWV0ZXJzPg0KICAgICAgICA8L0V4dHJhY3Rpb25SdWxlPg0KICAgICAgICA8RXh0cmFjdGlvblJ1bGUgQ2xhc3NuYW1lPSJNaWNyb3NvZnQuVmlzdWFsU3R1ZGlvLlRlc3RUb29scy5XZWJUZXN0aW5nLlJ1bGVzLkV4dHJhY3RGb3JtRmllbGQsIE1pY3Jvc29mdC5WaXN1YWxTdHVkaW8uUXVhbGl0eVRvb2xzLldlYlRlc3RGcmFtZXdvcmssIFZlcnNpb249MTAuMC4wLjAsIEN1bHR1cmU9bmV1dHJhbCwgUHVibGljS2V5VG9rZW49YjAzZjVmN2YxMWQ1MGEzYSIgVmFyaWFibGVOYW1lPSJGb3JtUG9zdFBhcmFtMzYudHh0T1RFbXBOYW1lIiBEaXNwbGF5TmFtZT0iIiBEZXNjcmlwdGlvbj0iIj4NCiAgICAgICAgICA8UnVsZVBhcmFtZXRlcnM+DQogICAgICAgICAgICA8UnVsZVBhcmFtZXRlciBOYW1lPSJOYW1lIiBWYWx1ZT0idHh0T1RFbXBOYW1lIiAvPg0KICAgICAgICAgICAgPFJ1bGVQYXJhbWV0ZXIgTmFtZT0iSHRtbERlY29kZSIgVmFsdWU9IlRydWUiIC8+DQogICAgICAgICAgICA8UnVsZVBhcmFtZXRlciBOYW1lPSJSZXF1aXJlZCIgVmFsdWU9IkZhbHNlIiAvPg0KICAgICAgICAgICAgPFJ1bGVQYXJhbWV0ZXIgTmFtZT0iSW5kZXgiIFZhbHVlPSIwIiAvPg0KICAgICAgICAgIDwvUnVsZVBhcmFtZXRlcnM+DQogICAgICAgIDwvRXh0cmFjdGlvblJ1bGU+DQogICAgICAgIDxFeHRyYWN0aW9uUnVsZSBDbGFzc25hbWU9Ik1pY3Jvc29mdC5WaXN1YWxTdHVkaW8uVGVzdFRvb2xzLldlYlRlc3RpbmcuUnVsZXMuRXh0cmFjdEZvcm1GaWVsZCwgTWljcm9zb2Z0LlZpc3VhbFN0dWRpby5RdWFsaXR5VG9vbHMuV2ViVGVzdEZyYW1ld29yaywgVmVyc2lvbj0xMC4wLjAuMCwgQ3VsdHVyZT1uZXV0cmFsLCBQdWJsaWNLZXlUb2tlbj1iMDNmNWY3ZjExZDUwYTNhIiBWYXJpYWJsZU5hbWU9IkZvcm1Qb3N0UGFyYW0zNy51Y0RhdGVTdGFydCR0eHREYXRlIiBEaXNwbGF5TmFtZT0iIiBEZXNjcmlwdGlvbj0iIj4NCiAgICAgICAgICA8UnVsZVBhcmFtZXRlcnM+DQogICAgICAgICAgICA8UnVsZVBhcmFtZXRlciBOYW1lPSJOYW1lIiBWYWx1ZT0idWNEYXRlU3RhcnRfdHh0RGF0ZSIgLz4NCiAgICAgICAgICAgIDxSdWxlUGFyYW1ldGVyIE5hbWU9Ikh0bWxEZWNvZGUiIFZhbHVlPSJUcnVlIiAvPg0KICAgICAgICAgICAgPFJ1bGVQYXJhbWV0ZXIgTmFtZT0iUmVxdWlyZWQiIFZhbHVlPSJGYWxzZSIgLz4NCiAgICAgICAgICAgIDxSdWxlUGFyYW1ldGVyIE5hbWU9IkluZGV4IiBWYWx1ZT0iMCIgLz4NCiAgICAgICAgICA8L1J1bGVQYXJhbWV0ZXJzPg0KICAgICAgICA8L0V4dHJhY3Rpb25SdWxlPg0KICAgICAgICA8RXh0cmFjdGlvblJ1bGUgQ2xhc3NuYW1lPSJNaWNyb3NvZnQuVmlzdWFsU3R1ZGlvLlRlc3RUb29scy5XZWJUZXN0aW5nLlJ1bGVzLkV4dHJhY3RGb3JtRmllbGQsIE1pY3Jvc29mdC5WaXN1YWxTdHVkaW8uUXVhbGl0eVRvb2xzLldlYlRlc3RGcmFtZXdvcmssIFZlcnNpb249MTAuMC4wLjAsIEN1bHR1cmU9bmV1dHJhbCwgUHVibGljS2V5VG9rZW49YjAzZjVmN2YxMWQ1MGEzYSIgVmFyaWFibGVOYW1lPSJGb3JtUG9zdFBhcmFtMzgudWNEYXRlRW5kJHR4dERhdGUiIERpc3BsYXlOYW1lPSIiIERlc2NyaXB0aW9uPSIiPg0KICAgICAgICAgIDxSdWxlUGFyYW1ldGVycz4NCiAgICAgICAgICAgIDxSdWxlUGFyYW1ldGVyIE5hbWU9Ik5hbWUiIFZhbHVlPSJ1Y0RhdGVFbmRfdHh0RGF0ZSIgLz4NCiAgICAgICAgICAgIDxSdWxlUGFyYW1ldGVyIE5hbWU9Ikh0bWxEZWNvZGUiIFZhbHVlPSJUcnVlIiAvPg0KICAgICAgICAgICAgPFJ1bGVQYXJhbWV0ZXIgTmFtZT0iUmVxdWlyZWQiIFZhbHVlPSJGYWxzZSIgLz4NCiAgICAgICAgICAgIDxSdWxlUGFyYW1ldGVyIE5hbWU9IkluZGV4IiBWYWx1ZT0iMCIgLz4NCiAgICAgICAgICA8L1J1bGVQYXJhbWV0ZXJzPg0KICAgICAgICA8L0V4dHJhY3Rpb25SdWxlPg0KICAgICAgICA8RXh0cmFjdGlvblJ1bGUgQ2xhc3NuYW1lPSJNaWNyb3NvZnQuVmlzdWFsU3R1ZGlvLlRlc3RUb29scy5XZWJUZXN0aW5nLlJ1bGVzLkV4dHJhY3RUZXh0LCBNaWNyb3NvZnQuVmlzdWFsU3R1ZGlvLlF1YWxpdHlUb29scy5XZWJUZXN0RnJhbWV3b3JrLCBWZXJzaW9uPTEwLjAuMC4wLCBDdWx0dXJlPW5ldXRyYWwsIFB1YmxpY0tleVRva2VuPWIwM2Y1ZjdmMTFkNTBhM2EiIFZhcmlhYmxlTmFtZT0iRm9ybVBvc3RQYXJhbTM5Lk9UVGltZVN0YXJ0JGRkbEhIIiBEaXNwbGF5TmFtZT0iIiBEZXNjcmlwdGlvbj0iIj4NCiAgICAgICAgICA8UnVsZVBhcmFtZXRlcnM+DQogICAgICAgICAgICA8UnVsZVBhcmFtZXRlciBOYW1lPSJTdGFydHNXaXRoIiBWYWx1ZT0ibHVlPSZxdW90OyIgLz4NCiAgICAgICAgICAgIDxSdWxlUGFyYW1ldGVyIE5hbWU9IkVuZHNXaXRoIiBWYWx1ZT0iJnF1b3Q7Jmd0OzAwJmx0OyIgLz4NCiAgICAgICAgICAgIDxSdWxlUGFyYW1ldGVyIE5hbWU9IkluZGV4IiBWYWx1ZT0iMzAiIC8+DQogICAgICAgICAgICA8UnVsZVBhcmFtZXRlciBOYW1lPSJJZ25vcmVDYXNlIiBWYWx1ZT0iRmFsc2UiIC8+DQogICAgICAgICAgICA8UnVsZVBhcmFtZXRlciBOYW1lPSJVc2VSZWd1bGFyRXhwcmVzc2lvbiIgVmFsdWU9IkZhbHNlIiAvPg0KICAgICAgICAgICAgPFJ1bGVQYXJhbWV0ZXIgTmFtZT0iSHRtbERlY29kZSIgVmFsdWU9IlRydWUiIC8+DQogICAgICAgICAgICA8UnVsZVBhcmFtZXRlciBOYW1lPSJSZXF1aXJlZCIgVmFsdWU9IkZhbHNlIiAvPg0KICAgICAgICAgIDwvUnVsZVBhcmFtZXRlcnM+DQogICAgICAgIDwvRXh0cmFjdGlvblJ1bGU+DQogICAgICAgIDxFeHRyYWN0aW9uUnVsZSBDbGFzc25hbWU9Ik1pY3Jvc29mdC5WaXN1YWxTdHVkaW8uVGVzdFRvb2xzLldlYlRlc3RpbmcuUnVsZXMuRXh0cmFjdFRleHQsIE1pY3Jvc29mdC5WaXN1YWxTdHVkaW8uUXVhbGl0eVRvb2xzLldlYlRlc3RGcmFtZXdvcmssIFZlcnNpb249MTAuMC4wLjAsIEN1bHR1cmU9bmV1dHJhbCwgUHVibGljS2V5VG9rZW49YjAzZjVmN2YxMWQ1MGEzYSIgVmFyaWFibGVOYW1lPSJGb3JtUG9zdFBhcmFtNDAuT1RUaW1lU3RhcnQkZGRsTU0iIERpc3BsYXlOYW1lPSIiIERlc2NyaXB0aW9uPSIiPg0KICAgICAgICAgIDxSdWxlUGFyYW1ldGVycz4NCiAgICAgICAgICAgIDxSdWxlUGFyYW1ldGVyIE5hbWU9IlN0YXJ0c1dpdGgiIFZhbHVlPSJsdWU9JnF1b3Q7IiAvPg0KICAgICAgICAgICAgPFJ1bGVQYXJhbWV0ZXIgTmFtZT0iRW5kc1dpdGgiIFZhbHVlPSImcXVvdDsmZ3Q7MDAmbHQ7IiAvPg0KICAgICAgICAgICAgPFJ1bGVQYXJhbWV0ZXIgTmFtZT0iSW5kZXgiIFZhbHVlPSIzMCIgLz4NCiAgICAgICAgICAgIDxSdWxlUGFyYW1ldGVyIE5hbWU9Iklnbm9yZUNhc2UiIFZhbHVlPSJGYWxzZSIgLz4NCiAgICAgICAgICAgIDxSdWxlUGFyYW1ldGVyIE5hbWU9IlVzZVJlZ3VsYXJFeHByZXNzaW9uIiBWYWx1ZT0iRmFsc2UiIC8+DQogICAgICAgICAgICA8UnVsZVBhcmFtZXRlciBOYW1lPSJIdG1sRGVjb2RlIiBWYWx1ZT0iVHJ1ZSIgLz4NCiAgICAgICAgICAgIDxSdWxlUGFyYW1ldGVyIE5hbWU9IlJlcXVpcmVkIiBWYWx1ZT0iRmFsc2UiIC8+DQogICAgICAgICAgPC9SdWxlUGFyYW1ldGVycz4NCiAgICAgICAgPC9FeHRyYWN0aW9uUnVsZT4NCiAgICAgICAgPEV4dHJhY3Rpb25SdWxlIENsYXNzbmFtZT0iTWljcm9zb2Z0LlZpc3VhbFN0dWRpby5UZXN0VG9vbHMuV2ViVGVzdGluZy5SdWxlcy5FeHRyYWN0VGV4dCwgTWljcm9zb2Z0LlZpc3VhbFN0dWRpby5RdWFsaXR5VG9vbHMuV2ViVGVzdEZyYW1ld29yaywgVmVyc2lvbj0xMC4wLjAuMCwgQ3VsdHVyZT1uZXV0cmFsLCBQdWJsaWNLZXlUb2tlbj1iMDNmNWY3ZjExZDUwYTNhIiBWYXJpYWJsZU5hbWU9IkZvcm1Qb3N0UGFyYW00MS5PVFRpbWVFbmQkZGRsSEgiIERpc3BsYXlOYW1lPSIiIERlc2NyaXB0aW9uPSIiPg0KICAgICAgICAgIDxSdWxlUGFyYW1ldGVycz4NCiAgICAgICAgICAgIDxSdWxlUGFyYW1ldGVyIE5hbWU9IlN0YXJ0c1dpdGgiIFZhbHVlPSJsdWU9JnF1b3Q7IiAvPg0KICAgICAgICAgICAgPFJ1bGVQYXJhbWV0ZXIgTmFtZT0iRW5kc1dpdGgiIFZhbHVlPSImcXVvdDsmZ3Q7MDEmbHQ7IiAvPg0KICAgICAgICAgICAgPFJ1bGVQYXJhbWV0ZXIgTmFtZT0iSW5kZXgiIFZhbHVlPSIzMSIgLz4NCiAgICAgICAgICAgIDxSdWxlUGFyYW1ldGVyIE5hbWU9Iklnbm9yZUNhc2UiIFZhbHVlPSJGYWxzZSIgLz4NCiAgICAgICAgICAgIDxSdWxlUGFyYW1ldGVyIE5hbWU9IlVzZVJlZ3VsYXJFeHByZXNzaW9uIiBWYWx1ZT0iRmFsc2UiIC8+DQogICAgICAgICAgICA8UnVsZVBhcmFtZXRlciBOYW1lPSJIdG1sRGVjb2RlIiBWYWx1ZT0iVHJ1ZSIgLz4NCiAgICAgICAgICAgIDxSdWxlUGFyYW1ldGVyIE5hbWU9IlJlcXVpcmVkIiBWYWx1ZT0iRmFsc2UiIC8+DQogICAgICAgICAgPC9SdWxlUGFyYW1ldGVycz4NCiAgICAgICAgPC9FeHRyYWN0aW9uUnVsZT4NCiAgICAgICAgPEV4dHJhY3Rpb25SdWxlIENsYXNzbmFtZT0iTWljcm9zb2Z0LlZpc3VhbFN0dWRpby5UZXN0VG9vbHMuV2ViVGVzdGluZy5SdWxlcy5FeHRyYWN0VGV4dCwgTWljcm9zb2Z0LlZpc3VhbFN0dWRpby5RdWFsaXR5VG9vbHMuV2ViVGVzdEZyYW1ld29yaywgVmVyc2lvbj0xMC4wLjAuMCwgQ3VsdHVyZT1uZXV0cmFsLCBQdWJsaWNLZXlUb2tlbj1iMDNmNWY3ZjExZDUwYTNhIiBWYXJpYWJsZU5hbWU9IkZvcm1Qb3N0UGFyYW00Mi5PVFRpbWVFbmQkZGRsTU0iIERpc3BsYXlOYW1lPSIiIERlc2NyaXB0aW9uPSIiPg0KICAgICAgICAgIDxSdWxlUGFyYW1ldGVycz4NCiAgICAgICAgICAgIDxSdWxlUGFyYW1ldGVyIE5hbWU9IlN0YXJ0c1dpdGgiIFZhbHVlPSJsdWU9JnF1b3Q7IiAvPg0KICAgICAgICAgICAgPFJ1bGVQYXJhbWV0ZXIgTmFtZT0iRW5kc1dpdGgiIFZhbHVlPSImcXVvdDsmZ3Q7MDAmbHQ7IiAvPg0KICAgICAgICAgICAgPFJ1bGVQYXJhbWV0ZXIgTmFtZT0iSW5kZXgiIFZhbHVlPSIzMCIgLz4NCiAgICAgICAgICAgIDxSdWxlUGFyYW1ldGVyIE5hbWU9Iklnbm9yZUNhc2UiIFZhbHVlPSJGYWxzZSIgLz4NCiAgICAgICAgICAgIDxSdWxlUGFyYW1ldGVyIE5hbWU9IlVzZVJlZ3VsYXJFeHByZXNzaW9uIiBWYWx1ZT0iRmFsc2UiIC8+DQogICAgICAgICAgICA8UnVsZVBhcmFtZXRlciBOYW1lPSJIdG1sRGVjb2RlIiBWYWx1ZT0iVHJ1ZSIgLz4NCiAgICAgICAgICAgIDxSdWxlUGFyYW1ldGVyIE5hbWU9IlJlcXVpcmVkIiBWYWx1ZT0iRmFsc2UiIC8+DQogICAgICAgICAgPC9SdWxlUGFyYW1ldGVycz4NCiAgICAgICAgPC9FeHRyYWN0aW9uUnVsZT4NCiAgICAgICAgPEV4dHJhY3Rpb25SdWxlIENsYXNzbmFtZT0iTWljcm9zb2Z0LlZpc3VhbFN0dWRpby5UZXN0VG9vbHMuV2ViVGVzdGluZy5SdWxlcy5FeHRyYWN0VGV4dCwgTWljcm9zb2Z0LlZpc3VhbFN0dWRpby5RdWFsaXR5VG9vbHMuV2ViVGVzdEZyYW1ld29yaywgVmVyc2lvbj0xMC4wLjAuMCwgQ3VsdHVyZT1uZXV0cmFsLCBQdWJsaWNLZXlUb2tlbj1iMDNmNWY3ZjExZDUwYTNhIiBWYXJpYWJsZU5hbWU9IkZvcm1Qb3N0UGFyYW00My5kZGxPVFR5cGVJRCIgRGlzcGxheU5hbWU9IiIgRGVzY3JpcHRpb249IiI+DQogICAgICAgICAgPFJ1bGVQYXJhbWV0ZXJzPg0KICAgICAgICAgICAgPFJ1bGVQYXJhbWV0ZXIgTmFtZT0iU3RhcnRzV2l0aCIgVmFsdWU9Imx1ZT0mcXVvdDsiIC8+DQogICAgICAgICAgICA8UnVsZVBhcmFtZXRlciBOYW1lPSJFbmRzV2l0aCIgVmFsdWU9IiZxdW90OyZndDsxMCZsdDsiIC8+DQogICAgICAgICAgICA8UnVsZVBhcmFtZXRlciBOYW1lPSJJbmRleCIgVmFsdWU9IjQwIiAvPg0KICAgICAgICAgICAgPFJ1bGVQYXJhbWV0ZXIgTmFtZT0iSWdub3JlQ2FzZSIgVmFsdWU9IkZhbHNlIiAvPg0KICAgICAgICAgICAgPFJ1bGVQYXJhbWV0ZXIgTmFtZT0iVXNlUmVndWxhckV4cHJlc3Npb24iIFZhbHVlPSJGYWxzZSIgLz4NCiAgICAgICAgICAgIDxSdWxlUGFyYW1ldGVyIE5hbWU9Ikh0bWxEZWNvZGUiIFZhbHVlPSJUcnVlIiAvPg0KICAgICAgICAgICAgPFJ1bGVQYXJhbWV0ZXIgTmFtZT0iUmVxdWlyZWQiIFZhbHVlPSJGYWxzZSIgLz4NCiAgICAgICAgICA8L1J1bGVQYXJhbWV0ZXJzPg0KICAgICAgICA8L0V4dHJhY3Rpb25SdWxlPg0KICAgICAgICA8RXh0cmFjdGlvblJ1bGUgQ2xhc3NuYW1lPSJNaWNyb3NvZnQuVmlzdWFsU3R1ZGlvLlRlc3RUb29scy5XZWJUZXN0aW5nLlJ1bGVzLkV4dHJhY3RUZXh0LCBNaWNyb3NvZnQuVmlzdWFsU3R1ZGlvLlF1YWxpdHlUb29scy5XZWJUZXN0RnJhbWV3b3JrLCBWZXJzaW9uPTEwLjAuMC4wLCBDdWx0dXJlPW5ldXRyYWwsIFB1YmxpY0tleVRva2VuPWIwM2Y1ZjdmMTFkNTBhM2EiIFZhcmlhYmxlTmFtZT0iRm9ybVBvc3RQYXJhbTQ0LmRkbE9yZyIgRGlzcGxheU5hbWU9IiIgRGVzY3JpcHRpb249IiI+DQogICAgICAgICAgPFJ1bGVQYXJhbWV0ZXJzPg0KICAgICAgICAgICAgPFJ1bGVQYXJhbWV0ZXIgTmFtZT0iU3RhcnRzV2l0aCIgVmFsdWU9IiZxdW90OzAmcXVvdDssJnF1b3Q7IiAvPg0KICAgICAgICAgICAgPFJ1bGVQYXJhbWV0ZXIgTmFtZT0iRW5kc1dpdGgiIFZhbHVlPSImcXVvdDssJnF1b3Q7MiZxdW90OyIgLz4NCiAgICAgICAgICAgIDxSdWxlUGFyYW1ldGVyIE5hbWU9IkluZGV4IiBWYWx1ZT0iMCIgLz4NCiAgICAgICAgICAgIDxSdWxlUGFyYW1ldGVyIE5hbWU9Iklnbm9yZUNhc2UiIFZhbHVlPSJGYWxzZSIgLz4NCiAgICAgICAgICAgIDxSdWxlUGFyYW1ldGVyIE5hbWU9IlVzZVJlZ3VsYXJFeHByZXNzaW9uIiBWYWx1ZT0iRmFsc2UiIC8+DQogICAgICAgICAgICA8UnVsZVBhcmFtZXRlciBOYW1lPSJIdG1sRGVjb2RlIiBWYWx1ZT0iVHJ1ZSIgLz4NCiAgICAgICAgICAgIDxSdWxlUGFyYW1ldGVyIE5hbWU9IlJlcXVpcmVkIiBWYWx1ZT0iRmFsc2UiIC8+DQogICAgICAgICAgPC9SdWxlUGFyYW1ldGVycz4NCiAgICAgICAgPC9FeHRyYWN0aW9uUnVsZT4NCiAgICAgICAgPEV4dHJhY3Rpb25SdWxlIENsYXNzbmFtZT0iTWljcm9zb2Z0LlZpc3VhbFN0dWRpby5UZXN0VG9vbHMuV2ViVGVzdGluZy5SdWxlcy5FeHRyYWN0VGV4dCwgTWljcm9zb2Z0LlZpc3VhbFN0dWRpby5RdWFsaXR5VG9vbHMuV2ViVGVzdEZyYW1ld29yaywgVmVyc2lvbj0xMC4wLjAuMCwgQ3VsdHVyZT1uZXV0cmFsLCBQdWJsaWNLZXlUb2tlbj1iMDNmNWY3ZjExZDUwYTNhIiBWYXJpYWJsZU5hbWU9IkZvcm1Qb3N0UGFyYW00NS51Y0Nhc2NhZGluZ0Ryb3BEb3duMSRkZGwwMiIgRGlzcGxheU5hbWU9IiIgRGVzY3JpcHRpb249IiI+DQogICAgICAgICAgPFJ1bGVQYXJhbWV0ZXJzPg0KICAgICAgICAgICAgPFJ1bGVQYXJhbWV0ZXIgTmFtZT0iU3RhcnRzV2l0aCIgVmFsdWU9Imx1ZT0mcXVvdDsiIC8+DQogICAgICAgICAgICA8UnVsZVBhcmFtZXRlciBOYW1lPSJFbmRzV2l0aCIgVmFsdWU9IiZxdW90OyB0aXQiIC8+DQogICAgICAgICAgICA8UnVsZVBhcmFtZXRlciBOYW1lPSJJbmRleCIgVmFsdWU9IjIyMCIgLz4NCiAgICAgICAgICAgIDxSdWxlUGFyYW1ldGVyIE5hbWU9Iklnbm9yZUNhc2UiIFZhbHVlPSJGYWxzZSIgLz4NCiAgICAgICAgICAgIDxSdWxlUGFyYW1ldGVyIE5hbWU9IlVzZVJlZ3VsYXJFeHByZXNzaW9uIiBWYWx1ZT0iRmFsc2UiIC8+DQogICAgICAgICAgICA8UnVsZVBhcmFtZXRlciBOYW1lPSJIdG1sRGVjb2RlIiBWYWx1ZT0iVHJ1ZSIgLz4NCiAgICAgICAgICAgIDxSdWxlUGFyYW1ldGVyIE5hbWU9IlJlcXVpcmVkIiBWYWx1ZT0iRmFsc2UiIC8+DQogICAgICAgICAgPC9SdWxlUGFyYW1ldGVycz4NCiAgICAgICAgPC9FeHRyYWN0aW9uUnVsZT4NCiAgICAgICAgPEV4dHJhY3Rpb25SdWxlIENsYXNzbmFtZT0iTWljcm9zb2Z0LlZpc3VhbFN0dWRpby5UZXN0VG9vbHMuV2ViVGVzdGluZy5SdWxlcy5FeHRyYWN0VGV4dCwgTWljcm9zb2Z0LlZpc3VhbFN0dWRpby5RdWFsaXR5VG9vbHMuV2ViVGVzdEZyYW1ld29yaywgVmVyc2lvbj0xMC4wLjAuMCwgQ3VsdHVyZT1uZXV0cmFsLCBQdWJsaWNLZXlUb2tlbj1iMDNmNWY3ZjExZDUwYTNhIiBWYXJpYWJsZU5hbWU9IkZvcm1Qb3N0UGFyYW00Ni51Y0Nhc2NhZGluZ0Ryb3BEb3duMSRkZGwwMyIgRGlzcGxheU5hbWU9IiIgRGVzY3JpcHRpb249IiI+DQogICAgICAgICAgPFJ1bGVQYXJhbWV0ZXJzPg0KICAgICAgICAgICAgPFJ1bGVQYXJhbWV0ZXIgTmFtZT0iU3RhcnRzV2l0aCIgVmFsdWU9Imx1ZT0mcXVvdDsiIC8+DQogICAgICAgICAgICA8UnVsZVBhcmFtZXRlciBOYW1lPSJFbmRzV2l0aCIgVmFsdWU9IiZxdW90OyB0aXQiIC8+DQogICAgICAgICAgICA8UnVsZVBhcmFtZXRlciBOYW1lPSJJbmRleCIgVmFsdWU9IjIyMSIgLz4NCiAgICAgICAgICAgIDxSdWxlUGFyYW1ldGVyIE5hbWU9Iklnbm9yZUNhc2UiIFZhbHVlPSJGYWxzZSIgLz4NCiAgICAgICAgICAgIDxSdWxlUGFyYW1ldGVyIE5hbWU9IlVzZVJlZ3VsYXJFeHByZXNzaW9uIiBWYWx1ZT0iRmFsc2UiIC8+DQogICAgICAgICAgICA8UnVsZVBhcmFtZXRlciBOYW1lPSJIdG1sRGVjb2RlIiBWYWx1ZT0iVHJ1ZSIgLz4NCiAgICAgICAgICAgIDxSdWxlUGFyYW1ldGVyIE5hbWU9IlJlcXVpcmVkIiBWYWx1ZT0iRmFsc2UiIC8+DQogICAgICAgICAgPC9SdWxlUGFyYW1ldGVycz4NCiAgICAgICAgPC9FeHRyYWN0aW9uUnVsZT4NCiAgICAgIDwvQ29ycmVsYXRpb25FeHRyYWN0aW9uUnVsZXM+DQogICAgICA8Rm9ybVBvc3RIdHRwQm9keT4NCiAgICAgICAgPEZvcm1Qb3N0UGFyYW1ldGVyIE5hbWU9IlRvb2xraXRTY3JpcHRNYW5hZ2VyMV9IaWRkZW5GaWVsZCIgVmFsdWU9Ijs7QWpheENvbnRyb2xUb29sa2l0LCBWZXJzaW9uPTQuMS43LjYwNywgQ3VsdHVyZT1uZXV0cmFsLCBQdWJsaWNLZXlUb2tlbj0yOGYwMWIwZTg0YjZkNTNlOnpoLUhhbnQ6N2I5NWVkMWEtNmEzZi00MWRkLWJjNWItNjNmMzllZGJjNGI0OmRlMWZlYWIyOmZjZjBlOTkzOmYyYzhlNzA4OjcyMGE1MmJmOmY5Y2VjOWJjOjU4OWVhYTMwOjY5ODEyOWNmOmZiOWI0YzU3OmNjYjk2Y2Y5OjhhZDE4MTAxOmNhNTdlZjNjOmE2N2MyNzAwOjg2MTNhZWE3OjMyMDJhNWEyOmFiMDllM2ZlOjg3MTA0YjdjOmJlNmZiMjk4IiBSZWNvcmRlZFZhbHVlPSI7O0FqYXhDb250cm9sVG9vbGtpdCwgVmVyc2lvbj00LjEuNy42MDcsIEN1bHR1cmU9bmV1dHJhbCwgUHVibGljS2V5VG9rZW49MjhmMDFiMGU4NGI2ZDUzZTp6aC1IYW50OjdiOTVlZDFhLTZhM2YtNDFkZC1iYzViLTYzZjM5ZWRiYzRiNDpkZTFmZWFiMjpmY2YwZTk5MzpmMmM4ZTcwODo3MjBhNTJiZjpmOWNlYzliYzo1ODllYWEzMDo2OTgxMjljZjpmYjliNGM1NzpjY2I5NmNmOTo4YWQxODEwMTpjYTU3ZWYzYzphNjdjMjcwMDo4NjEzYWVhNzozMjAyYTVhMjphYjA5ZTNmZTo4NzEwNGI3YzpiZTZmYjI5OCIgQ29ycmVsYXRpb25CaW5kaW5nPSIiIFVybEVuY29kZT0iVHJ1ZSIgLz4NCiAgICAgICAgPEZvcm1Qb3N0UGFyYW1ldGVyIE5hbWU9Il9fRVZFTlRUQVJHRVQiIFZhbHVlPSJ7eyRISURERU4xLl9fRVZFTlRUQVJHRVR9fSIgUmVjb3JkZWRWYWx1ZT0iIiBDb3JyZWxhdGlvbkJpbmRpbmc9IiIgVXJsRW5jb2RlPSJUcnVlIiAvPg0KICAgICAgICA8Rm9ybVBvc3RQYXJhbWV0ZXIgTmFtZT0iX19FVkVOVEFSR1VNRU5UIiBWYWx1ZT0ie3skSElEREVOMS5fX0VWRU5UQVJHVU1FTlR9fSIgUmVjb3JkZWRWYWx1ZT0iIiBDb3JyZWxhdGlvbkJpbmRpbmc9IiIgVXJsRW5jb2RlPSJUcnVlIiAvPg0KICAgICAgICA8Rm9ybVBvc3RQYXJhbWV0ZXIgTmFtZT0iX19MQVNURk9DVVMiIFZhbHVlPSJ7eyRISURERU4xLl9fTEFTVEZPQ1VTfX0iIFJlY29yZGVkVmFsdWU9IiIgQ29ycmVsYXRpb25CaW5kaW5nPSIiIFVybEVuY29kZT0iVHJ1ZSIgLz4NCiAgICAgICAgPEZvcm1Qb3N0UGFyYW1ldGVyIE5hbWU9Il9fVlNUQVRFIiBWYWx1ZT0ie3skSElEREVOMS5fX1ZTVEFURX19IiBSZWNvcmRlZFZhbHVlPSJBUitMQ0FBQUFBQUFCQUR0R210ekc5WFZ1cmI4VG14Y1lnZ0JhZVBNNEhnU1NidXJseVUvcU8wNDJFMGNoMGhKbUFtTVpyVjd2YnRvdFN0MlY3WTFETk5RQ0FrSktXRWd0Q0cwbENrcEZDWnBXcVpna3BUMkozUTYvZERQcmVYSHAvNEVldTd1NnVFWEJCb3hiYWViUkh2dnVlZWU5N24zM0x2NTB0WHhJSEo3VXFreFRUVjFUVEdPNFdmenNvNlBhb1k1eXZHWlE3aVFTblUzdXJmcmFUTWhxNktDeDdPNXlRUHViZENmeWl1bXZHbTNSYzZLaDdtOHlrdnVObWcra2NlR0tXdXF1NDJYTWxPWVV3NHFuT2h1Rkdlbk9GbnRHTnhYMTQ0YWR6UTFUeWZITkRJZEdnYzFQWHRrdW1rNmFkRnJuRTRlNEV3TXI2U2N4VzN3MGt4T0lXM0FTTTZyTUFWOUNVK0gwT0Z1OVVXaWRJUmxJcUZJUnpmbGFVNEJCVExadlpPSnhkaEFmNENocWNXRjg4V0w1eWlHamRNMC9QVjBweWFORVFYclpnSWJCc2hKS0d0NVUvSjBwSTV5SXA0MHByREpKVG5SRUQzYkhRZ1I4TEFtU3A2bWxNNnBHZEFaMFZIUERtY1VGTllMQ1ZNSGcxbEliYW1UbXA1SnlDWUd4UG93c056dFlJN2tUVzBrbDFNSzQ5azBGZ2hzekRER0ZNNEFYcjBsN21BbEUvNGxlSENRQXA2UmlUR24xWktQUktBL2FSRGN3eHFma1N4MWp1RVpIUnVTbzlCQm5jdGl5ZE9TR2pGTmpwZEFDTDhKTG1Gb2xtRmlRalRHQ2dMZjcyTm1hTjRYU3VPSUw4M1JFUitURnNKc1A4Mm4yUmpuNlhRNG5BUlQ2bGxPenhETkJmTW9wM1Bzd3NOMXJycTZPdUlCOGlaUE80S2ZJNG1DWWVLc0g4elA3YWRPWUoySU1oVHkwK1RQZm1vTTRpV3Y0eUVWNTAyZFUvWlRSL05wUmVZaDRwSmFCcXRENldpVUMvUGhDQk1MaGpEZEgzTVQ0anVxYUZvL1NTNnQ0SG9ZMlZudStZL2hyR2FDN1IyV0xVOW1sUVF2NFN6WEJxMEQ4c3pNNDJDUGVwZHJ1MFBNd1NNeXR4QlNqUTN3ODNuWDRHUHpXWVdhZGVUdVlmeDBENFZWWGhPQTlGQlAzcHp4TVpHZXg0YTN0UTdPRzNIRFlrREJETlVZNnVteEcvRjVhRXVtbVlzSEFuTnpjLzY1b0YvVHhRQkwwMHpneWFuRHRsQWwzS3doZ0FaQVdGY2Rhb1l2SzRQUERXM0c5UEZhTmc1NFBodXJCN2hTRk9HTEZaekZxa21wNE9HaEhrdC94aDYxeDJGZVRzSHp5VUlPTzFBYmJrQ2VneklWNEdia1JvUlpqc2VqV0pUVkhzb0VFa005WktvVjJEMlVMVXJjNUhRUm0wZGdncEVEYktKOFZsYW5lVDZ2Zy9aZ3M4RFg4Z0E1eGxXaFppd09ZRjZCUUNWWlUxdGREbkNGdzNKV05pZTB2SDdrTytFeVVYTXVaSzJ1R1pNcDJIV2tzakxmQVp1YWFqT2RuTW9iNXBpRStVd05lVmg2Z0hkcXphSzJqc2YyQmw2N0xDbHhxRjJHUUdWeHpOcjdhOGJoQktmSVFvMTVqQWpQUU5EV21FbUNnd1c0TUsyUEVGNDFWbVZTblNWbUkwWGZQZUUwR05pNFhWcXc5VnVyQlhRazJtSi9OcTFpbEV0Z3N5ekpwT0ZBWUZUUDR6S2NWSDNsa3FhOHM1ZEdqeHQ0TEsvclFCbHFQbzRnV0pQdll1UG5KVTNtOFRwdHM5eDhxWmRYMDFwZUZiQlFzY0hkYUd0YnlTcGJoaHZkVUQvOXBXbFFnRkpMMU9QMmk4dCttenJIbVdPVCtMbzVKVWErV2FjRUdxell1NlNLYlVmS0VVMFdTcGF0bUZiWDVxWjFBZXVXWVJ3OGlUUEdKRTRWTVJoSVZnMDRLb0I5S21hdHFwT0dZN0hCUUhWL0RaSmQ2QXl6dEkzamRNc282d3NWaTlnR1lBVzl1dHdZRGdIcUdzQ21lQlBERExzV2NXSWpJbG42aCtrS210VXZZNjNkdElkRGtjSEFPdEFtcUNXUzZ5Qmx6S3E5azZCVmQ2dHdTbnZmY0pTZ2xIdnJNU3pTVEJsbG5maWxyV2M0U09RcDl6WWdUQXhIcWhDcXpGUmUrSWNaOEUrbFYwYW9XcmVIR1RCUGRiOHFIaW9McjBWb0RhQ010bWJwSkVxdEJhd2pWN1g0UVpReDBRRERCb0owaVhiMWFDbTE3ZkIzVW5wTnZnd0cxaVh3Y0FNNUhhMDdOWkd6VW1OcWludEcwK0VscStRMW1wY1ZvU1YxRE0vS0JJV2NDSnZoUWM3cDhFdm5hZk0wcEJKNDN1MWlQSTJjZFRMOXB1ZlNib1RxTzRUdVFmanQ2RVp3L2o0c2k1STVxczJQNnBqTGpLdEVOMEVTdXRFTVlEVWdsNFhWZEFLa2dnRkpFSkRiZ2pRazhienBmbkRseXVYbFN5OHZMbHovNTUxWFZ6NitzUHpoeGVJWFovNSsrbGVBdDR2Z2VidmNqWW1qRTZPSEdJQTg0a0RhbDI0dXJQejIwdXI1MHl2dnZRcnczU1ZNbXFZZnAybUE3SEVnSFl1M2JoWFBYMTM1NU96U3JVdkFDNFo2cTVGakJMblBnZXdBWklKNWVXSHBqYmVYenI2eS9PYUh5eCs4RGdqQjBoVEhTZ0lhY0NDZE51UWZwMDhYYjc4MXZmekZyMkhzc1k1T1MrV3lLVHE2WGNqVjdlb1VCSkcwQlBRNHpHNzF0S1ZJVUpCYkRjNTB0eGZnZVNvd05mVlVRQkE4cmFrRTdKYW1kUU5UOXlmNTFhdC8vWE16dVZkUkJRYzAydUM5L3JkbTZ4TGlHT2FFYVZVcFNJQ1ExRFJJbkp6YmQycjE5cytYM2pqL05GVjgvVTd4dFkrWGZuSnQ2ZXJMWU9KVHExZXZXUENsaFRPclY5NHZudm1nZU9OejIwM2dNZmp0Skc5UGs2Ynlpc3huM01uanBxeWt4cVFNK0RlcGlhS0NMVWZLaW13Vzl2Ym1lU0tPSldxS2x6S1ZvZDc5MUpwQlFaNGxNVDRDRWRMYk55Q0FrUkF4a2Rzd0N3cDJlK0c4Yjhxd3Bmb2dVMFExYm1xNWdka3lyZmlBRTBYTllPOVdLOEhvY0lDSmVOckpSVTdsUXFaempNc2IyTER5M2xxNVJVL1R0N01IU05hcXFVSmFzVzJ3M1pSa3d3OVpuTWREdmIwREFnUitkNk9uY1ZQSHRXencyd1FKaERWdW14RFFJUklBM3Z2WFR2YnVLUHZhMjEzMnNmY0J5ZnZndit0UTcwNzMwYnZ3SkFpNmxSL0owT1plOUQ3MExSM28zU1Y2SHhhOWozeGo3M2c5bS92RTYxMW5VS3JzQk8vdUt1dFBneXdObm5iSW5VU2lsS1JnNXMyczl0WHhiMStPYmhILzFZTWJMVmQvbDVacnRJUUIzWWl4eUszbWJrSm9sSlNMb3RDNVkyY0xMSnFyTDhDQ2RSYlJOS0laUkxPSURpSTZoT2d3b2lPSWppSzZIOUV4eE5DSVlSRERJaWFJbUJCaXdvaUpJQ2FLbUg3RXhCQkxJNVpCTEl2WVlDMW8zcit2ZnFlNDFXT3ZpZTRxTmIxN2lHNUQ5MTRPeElZUUcwWnNCTEZSeFBZak5vYUNOQW95S01paVlCQUZReWdZUnNFSUNrWlJzQjhGWXloRW94Q0RRaXdLQlZFb2hFSmhGSXFnVUJTRitsRW9oc0kwQ2pNb3pLSndFSVZES0J4RzRRZ0tSMUc0SDRWai8rM3lnOCtHdHZUWjNUeTJYMXM2WU4vcnJoUFFjWkoxM3A2dE11MnIxeWM3bVRaZG55cEQ5eXJMN1BEN0gwa3Q5UC9VK28rVC8xNm4xaW1uR3Exbi9LU2VUZGxkREUzT3FVV3RVeDJwUlVsV2lGWW1kcmxkdFBkN3BDRFBXUGozaWRETTJpM0lUT1MwbWtrWkQ3Vzh6YUZxK3dac1YvV1F3eHhWdzF3K0t3blhRNTYxQXRLem5XVHJDYktISDVTeElyZ2J4alFCZTdaWk56QndPTENCTFFRNFJtNk43TkJ0NzRKaTIwZjV5Z0VBN2ZiVk14ZUxsODRWYjU1YmV1OWNZL0hNcDR1MzMycGNldWZGbGVzM0c0dW43eXkvZHIyNytNbE5LQ3NDUysrY0s5NjZESzNsMzE4cUxuelNEditLRjY3WWg1Q3VsYk1md1hsaTZkMXJTNzlZV1B6RE8wdlhybmNWMy8wTVFJdGZYQ0FEMTY0RGJwZU52UHpSQzh0WDdpemV1ckI0KzlOMkdGdzVkM0hsbHo5Yi9PTU50M1dhMnRIdW9sMFFkN1NMZFFWZElWZllGWEZGWGYydUdQbWdTdE1NUkVCN3RVUEJLSG13ME1PZVhYQ3NteitNVmRHVWpoQWJhSHplR0ZOa3JKcVRCekJVK0pQUXc1d3VXVTFyVlBKc1R4RnpKU1I1eGp3a3EwSmIzdzhUY0NZOHl2SCtremc5UHAvVHNXSDR4N1JzVmxQOVpKWGR0d1o5UDdVbGR1VUxZdFFmOUFjWlAvUDFueERWdktMVWVSNU9IWkNOM0xocVloMExKelZkTUtiVHoxVDBhRTFaSHpXbk9EMkRQUzNXSVVZRTFwSlY3R0tyTkJ2aFRYa1dUMDZOaTRCUStrQkxaazZXdnBkTG5xNlUvVFUzcVIzUDViQSt4aGxZY2o3TUdzWWNjTjEwcDNucUszY2FjOTZjVHNLWnl0RFVLWnpWTnU0MzZ4RzIzSFVpTTRyR21YRUZ6NWdEQWxoRDRRcHhXVlZrRmZ2U2lzWm5CbktjUUw1cnh1bTFtMUd6WFN4N21pc25PL2RKV1RDbFhmWlJ2dkI5OGxYVzAxd3hTa05xZDJJVS9RalpKN2NNTHVSejdwOGlxMFEyWlZPeFNtUjVodHBiS1pyOWloVmkxUEFReGRJMDllaWpWR1dNMmoxRTlmYjJQVWUxVXRYUW9hcU8zOGluN2R2ZHZmUitRcUZ2Z0dwOWZxQjFsdE1wTFRsdkFySUFzVW51S2YwaU5zZnRLOHZSd3FTdzBjQUtseWIyZXdLczIyZEphUkVBR1VnazlUMUhlbjVaVmJGT29oWUkyOS80L1RQVzhXdnZEeEtwS1VPMG9tMVN6ZVZOeUI0cjNQWlRHNVIxQkgxZXNHNHVHcnloTmZiMFJ0QnBaTjFPMk5GaUwxY1BuQ3ErLzBIeE54K3Yvdml0NG8yM255NSs5cnZpNVhlWDMvelFjdkNicnBJSEtUWTNUekUwL0pRYUF4U3ZLWm9lMzBQVDlBQ1ZKaWRVblJUdGNXclB3WVBqL1NPUkFXcEdVMDNmSENhM0ozRXFyU2tDNEdua0ZqUk9NVURGME9BZ1N3bVFJcUxPRlFhb09VazJzYys2T285VHFqYW5jN25TQkovT0NYTGVpRk5CWUN5Z3BzcDYvcnlqeDMxN2w2L2VLTDV5Y2ZtbDkxYXZ2QVJyVmg4TXZsalMwaFdHM3RsU3I1NjJGdklMNi9xdnJldS80U0wvamVRKzVPcnNyaU4vMnUvZlZ3ZDcwZVZ5dXNIZVpHMVRWMnhJUTRlVmZ3KzV0NVdTUWRWVVBDRDhDeUFPMFRrUEl3QUEiIENvcnJlbGF0aW9uQmluZGluZz0iIiBVcmxFbmNvZGU9IlRydWUiIC8+DQogICAgICAgIDxGb3JtUG9zdFBhcmFtZXRlciBOYW1lPSJfX1ZJRVdTVEFURSIgVmFsdWU9Int7JEhJRERFTjEuX19WSUVXU1RBVEV9fSIgUmVjb3JkZWRWYWx1ZT0iIiBDb3JyZWxhdGlvbkJpbmRpbmc9IiIgVXJsRW5jb2RlPSJUcnVlIiAvPg0KICAgICAgICA8Rm9ybVBvc3RQYXJhbWV0ZXIgTmFtZT0iX19TQ1JPTExQT1NJVElPTlgiIFZhbHVlPSJ7eyRISURERU4xLl9fU0NST0xMUE9TSVRJT05YfX0iIFJlY29yZGVkVmFsdWU9IjAiIENvcnJlbGF0aW9uQmluZGluZz0iIiBVcmxFbmNvZGU9IlRydWUiIC8+DQogICAgICAgIDxGb3JtUG9zdFBhcmFtZXRlciBOYW1lPSJfX1NDUk9MTFBPU0lUSU9OWSIgVmFsdWU9Int7JEhJRERFTjEuX19TQ1JPTExQT1NJVElPTll9fSIgUmVjb3JkZWRWYWx1ZT0iMCIgQ29ycmVsYXRpb25CaW5kaW5nPSIiIFVybEVuY29kZT0iVHJ1ZSIgLz4NCiAgICAgICAgPEZvcm1Qb3N0UGFyYW1ldGVyIE5hbWU9Il9fVklFV1NUQVRFRU5DUllQVEVEIiBWYWx1ZT0ie3skSElEREVOMS5fX1ZJRVdTVEFURUVOQ1JZUFRFRH19IiBSZWNvcmRlZFZhbHVlPSIiIENvcnJlbGF0aW9uQmluZGluZz0iIiBVcmxFbmNvZGU9IlRydWUiIC8+DQogICAgICAgIDxGb3JtUG9zdFBhcmFtZXRlciBOYW1lPSJfX0VWRU5UVkFMSURBVElPTiIgVmFsdWU9Int7JEhJRERFTjEuX19FVkVOVFZBTElEQVRJT059fSIgUmVjb3JkZWRWYWx1ZT0iN00yZjBYT0o1Witic3Nka3Jrd1JZQ2QvWGFQcmkvUUEwck1JWTFIN0w1ZlpDTWZBOVVPVDFRU1AvL2hURFZUcGxjbHRzZzdOVDBKOW9pamt2bXRKbWM4NHpQdkdRcTJNcUIxUWxzQkdteGtqZzZ6WlhzbFlQOXlzcy9aZnNqTDdBMG93ak1JV01OK3RRSFFhRTRjWWhMTnhySjVGU2pqQkV4OVQrbVZ0d3pWMWRzdlJ2QzJuVFcxNzhodTdOQStFRnJvM3NML3ZvOVNGWFlaVWpCK0ZxWWJqTkNwMzFtaHFHMjRCb1F1eW5BWVJyRG5idUVmelNKZ2dnWTdVVjFndDN3ajNZWkVYeGZ4QjNJWVcrT014RWtsaHJ3ZlJ1cXRrYm9XbjQ5TUJIc0FlRS9nSmhoTW1RS0dVa1lWSWQ2UjJFcVUrWWVMTWlVaUtjWW9oL0Q4N2FKU01wY0s0MnBvZDZQZUdTRzdZOEtaYmhYTE56WG5Ta09WTHBwRnBMZ0dJM0dhcEZMd0ZxK0toanpVaEozcUQ2bmloYndTQlZnU25YbllnenRZQkZCaDlLbDJaRGxHNERLYUs1cndJSEErSk9yVGdVdXV0WHhIdGJrK1ZxYmV5NjJVY0RGSk1ReFB6VThJMEN4NGhWRnZhTDc5eUZYQjRJQlo4NDVQelJ1UHhnbnVKU2l4VkpkalVZUVg4U3poWDNCRDU0aUZFa0JiNHc0UkFaWlpYNWk1RnRoL21TNjUrTXpmQ09EbUFRQ2xxVlVjYjBwMUd3M0p1ak81RkQvbkt6M1pmc0dtRkpoajdMN0RzNDBOcTNlSVJ4WUg3M1ZXbVFNSWsyQVBuSlZNalpCRXVHYzdpaEtzSFVNSGY4VURrWFRoUEYvMlpMMTI1YWlGVS9qeGhnbnUzS0IwVnVxS2JHYkJnRWxQVXdQaWhYTi9yZTB1SVZVbUV1NGphaWFnQS80K0F4VWI0ZUorZzAwcy9sWW5zVjhINStoaHR2RFpuUjlKMTZDWmpLMUpYeDhmMHFRSzdoWisyb1VnVU9CelZTc1B5NXhYcHV6STVJTUpBU3hURCtHMkx1Z253K0NWOGlhRGtDUmJLeVM0WEdIVkgwRVdlQVNRcnRsR3JSTC9jYjFUTDdtVWJ5a2FjcTlvRnhWUmRwWWZoN3JLVHBlbktBc3ZqanY1ejFaYU14K2pJVnB5Z0J5dmNmSGFjcnhYOE5KRzdCN3VvL0JYV0hrYWM3eDBRd2gyMXpGc0N3eXY4QmlSd2dzSEc0R005Y05FQlB4Qk1odnRYd0xwVFhTZXhybkNUUERLOGxnbm1rREhnOFJsS1RsNFAwS1Y5N3BqblZrMHAvOFhXdE9QNmFwSmlPSUVtenhXam1zdnVlZzJoSE1rV2NaUjNYeHFIRi91YVI3YjNmcXRDQTRuVDM4YTRVcExHYjRYU1QvaE0xRzhId2xwT2hIdnpCUVVMaUl3NmxkaHBBZzZOTEoyMG9HZHM0c2kyUmpOWVJtTUNhRjBOcXVpTlc1WTJTYVZIeE5oTkZTeFNqbW03MTRkbUFUU1Jkd284emgyZkJubFI1T0RnZFBVWkd0eXJpZnRZUnFIU3dNdFpZaCs1ZEZ2RnhmdzNSTVdiTmtLTFA5WCtGUHpBVGx5SnZRMHkwSjRRZlJOeTF1V3FwQWNQYlhHSTZVZ2IrRDJKSHN3RDBxYlMwN2JSQnVvNnJCWXFTMkZIeVF2Z09YV0RKS1VTL2pVMVFQd2M4UytMTmF3Z3dpNlRIK2ljbEZ3WDJGSWVEVkpUeTFIY0IvU2NZaFpPUWZVbmJTaCtFd2F6WkhtK3htU2pUTnhMUlZyYUt4V0N2SGtWbHhBd0piRFdHYTVxVitpTzd2VG1WWlFuL3RlVURLR0pOYWtiVk1WRDRneHJtNFlBbTd2blVQS3Z5NkNta2ZQeUlwRUtXWXFvTXFzUkg5Q0NJc29YZlpKckFhQkV2YUVMcW9rL1FwOEN1ZnRteTFvcWszYWVLN3NrUGpPZ25ieFJ0REs2SjdXZjlWQTFWVlN6RjhYOG83MVVIUjdNVW5wb3AyQXpWNE80UWRZMi9UcHpna29vSDBPN3c5MndMcTdoendHUCt1SE5NNTQydnBtejM4S1B6UllLWm56RmIxcWY3UWY3OVpsZVJLT2pvZHFkZE5kRm54dDVtemRjbUlxSG5ZM1h2eGg3bmNZd1dFSGRGRy9JT0hpWVN0UUtWSDNWZmRtMjk2RDVGZjdmOS9yRW1qV2NlTGdhTC94TzNjc0l3V0E2dkJsNlZDZmFrTnBOMUYvS1ZsZmVKOVEwanQyZkx5djI2Nld1aEpXanBaMlpyMGJVS2ZUblFzbFk4S3pKdnJTa2pIeW9MVlZ1czAvNFQzS2FvQzJYaGxob3Bic2JZdGRrK2xCN2Z4dFRReGFuK3BXZHJTY3gzeVRreTlSZVJiSzduWkt4Q2tjcjkraXB6M0k2dThwalZ0NGlvVnBKK3pweExKQzFuc3RJSmRWZDJqQTZSaDlzMytrSStyVFR4M0R4UEtVZXVXRE01dHhxZjJoeVowYUJtK3NpSjhXeEZjTWkwUkx3aERYaVlEWjlaNlV6SDZmZWprQnhETjRXdEdCakFjb1RYb3B6SmZtM01kdXRUckFtZ2NrRHZyM2RETUh3QlEvRUl0WGNSbmU3YSs0QmpOOVdjOVBHc1dLajZWY2tpaU9GWVBTdDlLdUtuL2lOdlFLcnp4M0x3ckN0K1V0QVc4Ujh4bkd1aVA3djVvalVCRUdnZGtQVk1ydnNhcVcyV3cwbGtlNTBlMEZuRHJ5Q1hkTDRBeW1XSXhURFQydW00MnBjSUUwdDFJRk9lRWtlOXZYNVhwd3IyNy8xZzFraTBkeTRLc3VmNWlZeDVlcUV5RkRoczQ4eUp2WUFmcCtBY0ZGREdkclFQSzJMbmFhZURLVWIvUzJQMU9qMFRuWFNkSlZKY29zbFJlTzAxRUxyUStzaHQ5TG5lYXg3YjdjQ3lmd25yVHZyYlN5aHBOSmVEbkdSdDIvTFhKWHcvWHlmVmcrRmJ0ZTVmMU5SWFlrWHR3VmJ6bjhQemxRL2xOM3dUdnRVNkIxdFBkbVhlZVZTRE1ERmJGN21pTkRqSFp6WWtuSS9RVUlWNWlVTkxvMEhyN1hRemZ0MUpwY3RmcXFGbkt5eVRGYmZSdTNidGlkQlEwR1U4R0t6ZlI4NDkvMzJZTzk4UlpPNlBLZ2pvYy9CQU9oL0ROZ1BqUExVZ2tudklZS1BHYlFGNmRpV0hLTWxCVWkzOUZib3JQeE01TVc4T1lkVVRWekRhWjdzeUFMSlpsVEx2c0R5aytEUUhUZzdNNjFmU0NKMXYzTzRXeXBVK0NKYTJnd3dEcDVESGQxRVY2WXQ0WGhUNWNnY3R4Qk90YlIzeHpaK0tCVWJSOW84cjI5UG12Zk1xOUpESklWTzFtYVh3dzBRMHdrTTlJV1hEUHdMZXd2cE1zSEZTa0ROcDZWYlpKdDJmT2R1OW5oMlJteHNXNEE5cjA2ck1SRGl5a1pDOExvV3kzMEYyYU51M090bDc3by8rTmZuZ3dyOWd6QXFBekJQYkR6MGhKaXkyZGJuV2JVMHVDalhjWCt6R3I4MWY2RWZVZTU1VXBHYUh6dXRrYUNvZ3ZoUGlGRFJDOW1mYy80RVBPbXJSMWkrU0pwZFZqWFUzSTFlZm1JM3RhMDZjdVpvZVlBV3p6bzB6ZjR0Ym9GazBSWlBSV0lxM2pTZDhnM3Blc0VJa3ArMXhGQzk0MjgyclZvYysyRFdBbWM0cUJiMmhJZDB2QUNIaXVScDNWM3lnUEtCZUdwOTZMeUptc3BoRlpyM0dUek1USVRiazZQQUo2UjdZcG5sOGRIOVNVSEdJMmFVSHZpOTRsTEd6UHdEUmNxWEpnWWhIY0lpbkZGQ3dhazNmSWN4RmgrNXZpTVRkTnRnQW5yZVo2NVpIdG1NenBQZ3lZOU5aVlJiT0FRNVRqZlNTWkordHhUL2hHL2krclFHc3M4NXgzaEpLZUt2T2R2c2pQVGludkh3WDlkT0hQRlZ0YjJja2lwaFZnbXVuZzhQNVJjczN3T2FEemd5MmxRVUdnZWtsYnhXZHJaemZsejJkSkUwMS9aYzMzalZwdEtUbjZTeFFqdnovci9UUGJhcENHOSs3SXhLbUJIU3pMMEpKbUNVVUc2QUlpeFpjK0dHcjRTUTlVZVQxeUdZazZOYjlYSzBvdW51YkdtS1NTcXZmYStLeGh5REFXTUw1SmlsWm9nSGlzeDU1RWI4WjlRb2NSZmt1ZGoyeHdGMmJkOXRLa3RjZ2NlMk5sYWZWQVRuOEE3ZFhFZHZSRmVhZFpuWjdHcXhSaUFEeldCek1RL2JOMkF4RCtud0NCeVNMRXE1LzZRL2dhRVBYVXE1MVVIdU5KN0QwNG11NmJtZlpmSk5TTzU1VDdrNGNXbUhCYmxlRXJGMGtHK3JMSlk4MVBPRGdjM1hvbmFEaHZGSURZOXV6cmVXSkE3TmxoTU5wbCtIRGdJVnVCa2tDdnFKclduZGJiR2VPU1pDQkJYLzFvWFdXendHTUZ4UGNBZm1zTnZEMkVMVWxhb0J6bmNudDJ0bU9Vd1lWWE16YnJ2S1NtbmRVQWZTdktuYjRMdWRoenYycTJ4QlZnNmlwYzk3Q1VxdjN6TDd2V3VhZFVTLy8rRmtjOFNGWU4xUHVwS0tyOVVkK2REU2ZDanZ0blUzbUhVa2I3dkMwNk1VdS9oTi93Y2pZbXpVazl2SlFZV1NZZHA5ekF5UFc0L3p0aVZIblIwR0R0ZkExSUh2eS9xbUt4MHo0K21SVDM1Q0N0RnZTNlRHNWdlQ1kxZnh6c05xOCtUQTJoNzk3RUpYZ0hYQ09ZVUxGYmh1dUNtY0NxNUl0Q1YvckNBaS8vSmxwbmRGSzVNYnFmSUlsRmZXQzQ4V1J3RExadmk2dTVmMWhlTndweVQ0ekt3Z2JNRk0yNnh3bVd3Z3hOWWxJd3FWRTBHUFVzdWxHcXRQSFQyblNRZC9QV2puenZ4clloZVZ6YmcxZzl3R3d6blJTbGVhK3Zaa25aU0IreFNwODFVUE1BbnptU1hKS0pYTUwyMEtKTUZpV29ycUpLRVBOZ2hENHZqVWFUYzF5cUhOemI1amVocVlEcmJxRll1dnhQeHE1UlFjY0E3S005UUZUZU1DYVQwUWRUUE1hUGJ0MHVoOVNOU2JXQlg5RkEwaStXQTkrbmZHZWhYZitTVjZXd29jMys2N3ZqR0MraENTWjNaSjJIOS8vVFRwbDdkdUl6NXlpYUFhQ2Nmck5CU0cyd2VXNkdkeFhGcWVFZUFEVmhZUnFsR1M2a3FnWFM2NEc2akRvd1h4T0hDRWFHRkRVQVIyVk5vSHkyZ3dKMWI5VGo1QlM5WllUcG5zdVBsRnRlKzZwc25USlBKRkdUelYxZTRJV01hcWNYMUZjeXRzaTF5cmZpL2NPd1BXUlh1Z05RRmt4R3g5UVZobG42UGRpNHYwNkNWcnUrbWovN3N0SEZrSzc0bWVFaHdqa1FnUFJXUWlKdTlJSXV4dTd5c0hSeHNvNWZCdnNjSGxnNkovV3NINE0vbGFkMUlRQjgrekxvRkdDSDBKQjJYT25iUzM0NzY1VW5pQ2xFdUpXZEhRS3psTmVhbGMySmNoM3ZndVlrZFJZT3FwYUJLSE9ZT2c5a01DaWdkdWdTMWlHUHRiMmtjWlFzcjVIT0VKSCtIRjA4UmR4ZU9zOVlSdENXMklrbjNFM0ZLQVBOM0tNSjhTL0ZHQ2RPV2Z4Rk9hM2kvRWViVkN5SnoreWF1cmU2Yld1VFZFb0F0Q1hUVzNjcVhXSjYyY08wdWFTUXRMODNrOTVIKzh1NStwNCtnY1N3dnYvczNQaFlUbzA5T3hCMU5YcWtTU2V1ODQweXA3aWw4NUN2VXl5Yy8wL2FmaXZiekJwMTlid1VJYW5Sb2ZHSGhFWThuM0VGOXhOaENhWENqaDRXS1J5N0JoczVnR1hNSXBCOW8rTHVPV1lRdVJ4NWx2NHE3ZEFYSkg1UlF6b09nRU9BMjJtLzdhNTRLVGF5T09NSldaTjFKais2RFE5Z05FZlh1VDBwMHlNa01VVENralF2c1o0UElNSk5RZzAvSlNCS3NhMk00M1ZGZG9Ta2czZTc1M1kycEFRT04xd0M1TTFPaGtBOEJZcUNkU2pLL2JkMWluZ1BzWmZDNFdJWXY4NUZFOVg4V1hzQ0hyZk9VMGNaWXB1VGFmNXJvdmpRNGlCZEtET25IZU5lMVFjd1M4VmZaNXhSakw4dUpQelF5eTVLbzN0VTd1ZXdiWkJrMytmQVl0blJKY25NOXVTemliQjVyMmNTOVBuSjFzSmt6NGFXQkRCQ2hDRUZ0N2FMVWRUVFBCOVpvUWxjaHYrcWlyOEI3Zk1OYnBiNkQxRng4V3NxWGZHM2JUMk44cWxUSUhNWTdTOFlKUlRGZzYyT3NBR2gvaFh1VHVRR2RLSE9UbXNFNXFna29WZmZkS3FwWFhPUFp5Z1ZvaEJ1eU1aSDgzZW4ydmtiTFgrZ2pFdU9CUXhXRVFsMGlKNWZ5VFFJTlFQUzQ2TDRMZU85VnRJcVN3UEhvaEU4UVNvdlN2UHJndlFZY2ErYVZmVy93K1lSeW9Gbk5vY293OEIvK0pWQkp1ZnZJdWdZRGFRdTJubnBCbnVnd0FQZmhVRk1nWW1hNUY0blN4OW85cWRraW1RVFp6WHRER3BEb0hKWjRPZEF4L2tORDRPVXcyak1TdDdkSnhiVS9rc1IweDZMSDJ6d1BsUGRxSE1vVE4rQ2FBcVdBdTF3SzNmNXJxQ1FBc3R1ZVFHZE1JN20yMHhxcmlGanNmRk93bjU2U0dLTDNaRy9BTFZtM04wZnFBNTVIL2RqY0FObDZOTzFaQmFITmQ1VHA5RlphbXFOcVYrZy83ZzZVNGlOSXVUcVo5TS9iMkZwZmRMekl2RTRrVVNrQmlKRnlCa0RjaW00UW9WM1k4YmtVV2l4ekh6ems2WjE0NTNGMkc0MHZuZC9YOGx0M2lGdGtCc3A1ZFZaY0VHTUdydzB2MnI2L20yUlk9IiBDb3JyZWxhdGlvbkJpbmRpbmc9IiIgVXJsRW5jb2RlPSJUcnVlIiAvPg0KICAgICAgICA8Rm9ybVBvc3RQYXJhbWV0ZXIgTmFtZT0iYnRuVGVtcFNhdmUiIFZhbHVlPSLmmqvlrZgiIFJlY29yZGVkVmFsdWU9Iuaaq+WtmCIgQ29ycmVsYXRpb25CaW5kaW5nPSJ7e0Zvcm1Qb3N0UGFyYW00Ny5idG5UZW1wU2F2ZX19IiBVcmxFbmNvZGU9IlRydWUiIC8+DQogICAgICAgIDxGb3JtUG9zdFBhcmFtZXRlciBOYW1lPSJPVEVtcElEIiBWYWx1ZT0icmJ0U2luZ2xlRW1wSUQiIFJlY29yZGVkVmFsdWU9InJidFNpbmdsZUVtcElEIiBDb3JyZWxhdGlvbkJpbmRpbmc9Int7Rm9ybVBvc3RQYXJhbTQ4Lk9URW1wSUR9fSIgVXJsRW5jb2RlPSJUcnVlIiAvPg0KICAgICAgICA8Rm9ybVBvc3RQYXJhbWV0ZXIgTmFtZT0idHh0T1RFbXBJRCIgVmFsdWU9IjEwMjExOSIgUmVjb3JkZWRWYWx1ZT0iMTAyMTE5IiBDb3JyZWxhdGlvbkJpbmRpbmc9Int7Rm9ybVBvc3RQYXJhbTQ5LnR4dE9URW1wSUR9fSIgVXJsRW5jb2RlPSJUcnVlIiAvPg0KICAgICAgICA8Rm9ybVBvc3RQYXJhbWV0ZXIgTmFtZT0idHh0T1RFbXBOYW1lIiBWYWx1ZT0i5buWT+e+qSIgUmVjb3JkZWRWYWx1ZT0i5buWT+e+qSIgQ29ycmVsYXRpb25CaW5kaW5nPSJ7e0Zvcm1Qb3N0UGFyYW01MC50eHRPVEVtcE5hbWV9fSIgVXJsRW5jb2RlPSJUcnVlIiAvPg0KICAgICAgICA8Rm9ybVBvc3RQYXJhbWV0ZXIgTmFtZT0idWNEYXRlU3RhcnQkdHh0RGF0ZSIgVmFsdWU9IjIwMTcvMDUvMTYiIFJlY29yZGVkVmFsdWU9IjIwMTcvMDUvMTYiIENvcnJlbGF0aW9uQmluZGluZz0ie3tGb3JtUG9zdFBhcmFtNTEudWNEYXRlU3RhcnQkdHh0RGF0ZX19IiBVcmxFbmNvZGU9IlRydWUiIC8+DQogICAgICAgIDxGb3JtUG9zdFBhcmFtZXRlciBOYW1lPSJ1Y0RhdGVFbmQkdHh0RGF0ZSIgVmFsdWU9IjIwMTcvMDUvMTYiIFJlY29yZGVkVmFsdWU9IjIwMTcvMDUvMTYiIENvcnJlbGF0aW9uQmluZGluZz0ie3tGb3JtUG9zdFBhcmFtNTIudWNEYXRlRW5kJHR4dERhdGV9fSIgVXJsRW5jb2RlPSJUcnVlIiAvPg0KICAgICAgICA8Rm9ybVBvc3RQYXJhbWV0ZXIgTmFtZT0iT1RUaW1lU3RhcnQkZGRsSEgiIFZhbHVlPSIwMCIgUmVjb3JkZWRWYWx1ZT0iMDAiIENvcnJlbGF0aW9uQmluZGluZz0ie3tGb3JtUG9zdFBhcmFtNTMuT1RUaW1lU3RhcnQkZGRsSEh9fSIgVXJsRW5jb2RlPSJUcnVlIiAvPg0KICAgICAgICA8Rm9ybVBvc3RQYXJhbWV0ZXIgTmFtZT0iT1RUaW1lU3RhcnQkZGRsTU0iIFZhbHVlPSIwMCIgUmVjb3JkZWRWYWx1ZT0iMDAiIENvcnJlbGF0aW9uQmluZGluZz0ie3tGb3JtUG9zdFBhcmFtNTQuT1RUaW1lU3RhcnQkZGRsTU19fSIgVXJsRW5jb2RlPSJUcnVlIiAvPg0KICAgICAgICA8Rm9ybVBvc3RQYXJhbWV0ZXIgTmFtZT0iT1RUaW1lRW5kJGRkbEhIIiBWYWx1ZT0iMDEiIFJlY29yZGVkVmFsdWU9IjAxIiBDb3JyZWxhdGlvbkJpbmRpbmc9Int7Rm9ybVBvc3RQYXJhbTU1Lk9UVGltZUVuZCRkZGxISH19IiBVcmxFbmNvZGU9IlRydWUiIC8+DQogICAgICAgIDxGb3JtUG9zdFBhcmFtZXRlciBOYW1lPSJPVFRpbWVFbmQkZGRsTU0iIFZhbHVlPSIwMCIgUmVjb3JkZWRWYWx1ZT0iMDAiIENvcnJlbGF0aW9uQmluZGluZz0ie3tGb3JtUG9zdFBhcmFtNTYuT1RUaW1lRW5kJGRkbE1NfX0iIFVybEVuY29kZT0iVHJ1ZSIgLz4NCiAgICAgICAgPEZvcm1Qb3N0UGFyYW1ldGVyIE5hbWU9ImRkbE9UVHlwZUlEIiBWYWx1ZT0iMTAiIFJlY29yZGVkVmFsdWU9IjEwIiBDb3JyZWxhdGlvbkJpbmRpbmc9Int7Rm9ybVBvc3RQYXJhbTU3LmRkbE9UVHlwZUlEfX0iIFVybEVuY29kZT0iVHJ1ZSIgLz4NCiAgICAgICAgPEZvcm1Qb3N0UGFyYW1ldGVyIE5hbWU9InR4dE9UUmVhc29uTWVtbyR0eHREYXRhIiBWYWx1ZT0idGVzdCIgUmVjb3JkZWRWYWx1ZT0idGVzdCIgQ29ycmVsYXRpb25CaW5kaW5nPSIiIFVybEVuY29kZT0iVHJ1ZSIgLz4NCiAgICAgICAgPEZvcm1Qb3N0UGFyYW1ldGVyIE5hbWU9ImRkbE9yZyIgVmFsdWU9IjEiIFJlY29yZGVkVmFsdWU9IjEiIENvcnJlbGF0aW9uQmluZGluZz0ie3tGb3JtUG9zdFBhcmFtNTguZGRsT3JnfX0iIFVybEVuY29kZT0iVHJ1ZSIgLz4NCiAgICAgICAgPEZvcm1Qb3N0UGFyYW1ldGVyIE5hbWU9InVjQ2FzY2FkaW5nRHJvcERvd24xJGRkbDAyIiBWYWx1ZT0iMDAwRzAwIiBSZWNvcmRlZFZhbHVlPSIwMDBHMDAiIENvcnJlbGF0aW9uQmluZGluZz0ie3tGb3JtUG9zdFBhcmFtNTkudWNDYXNjYWRpbmdEcm9wRG93bjEkZGRsMDJ9fSIgVXJsRW5jb2RlPSJUcnVlIiAvPg0KICAgICAgICA8Rm9ybVBvc3RQYXJhbWV0ZXIgTmFtZT0idWNDYXNjYWRpbmdEcm9wRG93bjEkZGRsMDMiIFZhbHVlPSIwMDBHOTAiIFJlY29yZGVkVmFsdWU9IjAwMEc5MCIgQ29ycmVsYXRpb25CaW5kaW5nPSJ7e0Zvcm1Qb3N0UGFyYW02MC51Y0Nhc2NhZGluZ0Ryb3BEb3duMSRkZGwwM319IiBVcmxFbmNvZGU9IlRydWUiIC8+DQogICAgICAgIDxGb3JtUG9zdFBhcmFtZXRlciBOYW1lPSJ1Y0Nhc2NhZGluZ0Ryb3BEb3duMSRkZGwwNCIgVmFsdWU9IiIgUmVjb3JkZWRWYWx1ZT0iIiBDb3JyZWxhdGlvbkJpbmRpbmc9IiIgVXJsRW5jb2RlPSJUcnVlIiAvPg0KICAgICAgICA8Rm9ybVBvc3RQYXJhbWV0ZXIgTmFtZT0idWNDYXNjYWRpbmdEcm9wRG93bjEkQ2FzY2FkaW5nRHJvcERvd24xX0NsaWVudFN0YXRlIiBWYWx1ZT0iU1BIQksxOjo65rC46LGQ6YqA6KGMOjo6IiBSZWNvcmRlZFZhbHVlPSJTUEhCSzE6OjrmsLjosZDpioDooYw6OjoiIENvcnJlbGF0aW9uQmluZGluZz0iIiBVcmxFbmNvZGU9IlRydWUiIC8+DQogICAgICAgIDxGb3JtUG9zdFBhcmFtZXRlciBOYW1lPSJ1Y0Nhc2NhZGluZ0Ryb3BEb3duMSRDYXNjYWRpbmdEcm9wRG93bjJfQ2xpZW50U3RhdGUiIFZhbHVlPSIwMDBHMDA6Ojrkurrlipvos4fmupDomZU6OjoiIFJlY29yZGVkVmFsdWU9IjAwMEcwMDo6OuS6uuWKm+izh+a6kOiZlTo6OiIgQ29ycmVsYXRpb25CaW5kaW5nPSIiIFVybEVuY29kZT0iVHJ1ZSIgLz4NCiAgICAgICAgPEZvcm1Qb3N0UGFyYW1ldGVyIE5hbWU9InVjQ2FzY2FkaW5nRHJvcERvd24xJENhc2NhZGluZ0Ryb3BEb3duM19DbGllbnRTdGF0ZSIgVmFsdWU9IjAwMEc5MDo6OuS6uuizh+aVuOaTmuaHieeUqOenkTo6OiIgUmVjb3JkZWRWYWx1ZT0iMDAwRzkwOjo65Lq66LOH5pW45pOa5oeJ55So56eROjo6IiBDb3JyZWxhdGlvbkJpbmRpbmc9IiIgVXJsRW5jb2RlPSJUcnVlIiAvPg0KICAgICAgICA8Rm9ybVBvc3RQYXJhbWV0ZXIgTmFtZT0idWNDYXNjYWRpbmdEcm9wRG93bjEkQ2FzY2FkaW5nRHJvcERvd240X0NsaWVudFN0YXRlIiBWYWx1ZT0ie3skSElEREVOMS51Y0Nhc2NhZGluZ0Ryb3BEb3duMSRDYXNjYWRpbmdEcm9wRG93bjRfQ2xpZW50U3RhdGV9fSIgUmVjb3JkZWRWYWx1ZT0iOjo6Ojo6IiBDb3JyZWxhdGlvbkJpbmRpbmc9IiIgVXJsRW5jb2RlPSJUcnVlIiAvPg0KICAgICAgICA8Rm9ybVBvc3RQYXJhbWV0ZXIgTmFtZT0idWNDYXNjYWRpbmdEcm9wRG93bjEkQ2FzY2FkaW5nRHJvcERvd241X0NsaWVudFN0YXRlIiBWYWx1ZT0ie3skSElEREVOMS51Y0Nhc2NhZGluZ0Ryb3BEb3duMSRDYXNjYWRpbmdEcm9wRG93bjVfQ2xpZW50U3RhdGV9fSIgUmVjb3JkZWRWYWx1ZT0iIiBDb3JyZWxhdGlvbkJpbmRpbmc9IiIgVXJsRW5jb2RlPSJUcnVlIiAvPg0KICAgICAgICA8Rm9ybVBvc3RQYXJhbWV0ZXIgTmFtZT0idWNDYXNjYWRpbmdEcm9wRG93bjIkQ2FzY2FkaW5nRHJvcERvd24xX0NsaWVudFN0YXRlIiBWYWx1ZT0ie3skSElEREVOMS51Y0Nhc2NhZGluZ0Ryb3BEb3duMiRDYXNjYWRpbmdEcm9wRG93bjFfQ2xpZW50U3RhdGV9fSIgUmVjb3JkZWRWYWx1ZT0iOjo6Ojo6IiBDb3JyZWxhdGlvbkJpbmRpbmc9IiIgVXJsRW5jb2RlPSJUcnVlIiAvPg0KICAgICAgICA8Rm9ybVBvc3RQYXJhbWV0ZXIgTmFtZT0idWNDYXNjYWRpbmdEcm9wRG93bjIkQ2FzY2FkaW5nRHJvcERvd24yX0NsaWVudFN0YXRlIiBWYWx1ZT0ie3skSElEREVOMS51Y0Nhc2NhZGluZ0Ryb3BEb3duMiRDYXNjYWRpbmdEcm9wRG93bjJfQ2xpZW50U3RhdGV9fSIgUmVjb3JkZWRWYWx1ZT0iOjo6Ojo6IiBDb3JyZWxhdGlvbkJpbmRpbmc9IiIgVXJsRW5jb2RlPSJUcnVlIiAvPg0KICAgICAgICA8Rm9ybVBvc3RQYXJhbWV0ZXIgTmFtZT0idWNDYXNjYWRpbmdEcm9wRG93bjIkQ2FzY2FkaW5nRHJvcERvd24zX0NsaWVudFN0YXRlIiBWYWx1ZT0ie3skSElEREVOMS51Y0Nhc2NhZGluZ0Ryb3BEb3duMiRDYXNjYWRpbmdEcm9wRG93bjNfQ2xpZW50U3RhdGV9fSIgUmVjb3JkZWRWYWx1ZT0iOjo6Ojo6IiBDb3JyZWxhdGlvbkJpbmRpbmc9IiIgVXJsRW5jb2RlPSJUcnVlIiAvPg0KICAgICAgICA8Rm9ybVBvc3RQYXJhbWV0ZXIgTmFtZT0idWNDYXNjYWRpbmdEcm9wRG93bjIkQ2FzY2FkaW5nRHJvcERvd240X0NsaWVudFN0YXRlIiBWYWx1ZT0ie3skSElEREVOMS51Y0Nhc2NhZGluZ0Ryb3BEb3duMiRDYXNjYWRpbmdEcm9wRG93bjRfQ2xpZW50U3RhdGV9fSIgUmVjb3JkZWRWYWx1ZT0iIiBDb3JyZWxhdGlvbkJpbmRpbmc9IiIgVXJsRW5jb2RlPSJUcnVlIiAvPg0KICAgICAgICA8Rm9ybVBvc3RQYXJhbWV0ZXIgTmFtZT0idWNDYXNjYWRpbmdEcm9wRG93bjIkQ2FzY2FkaW5nRHJvcERvd241X0NsaWVudFN0YXRlIiBWYWx1ZT0ie3skSElEREVOMS51Y0Nhc2NhZGluZ0Ryb3BEb3duMiRDYXNjYWRpbmdEcm9wRG93bjVfQ2xpZW50U3RhdGV9fSIgUmVjb3JkZWRWYWx1ZT0iIiBDb3JyZWxhdGlvbkJpbmRpbmc9IiIgVXJsRW5jb2RlPSJUcnVlIiAvPg0KICAgICAgICA8Rm9ybVBvc3RQYXJhbWV0ZXIgTmFtZT0iZnJhbWVBdHRhY2giIFZhbHVlPSIvVXRpbC9BdHRhY2hBZG1pbi5hc3B4P0F0dGFjaERCPUFhdHRlbmRhbnREQl9JVFJEJmFtcDtBdHRhY2hJRD10ZXN0MTAyMTE5ZDc5MmRkYzgtMWYwYy00YmU2LWJhMDYtMWJkNTI4MGNiMjlhJmFtcDtBdHRhY2hGaWxlTWF4UXR5PTEmYW1wO0F0dGFjaEZpbGVNYXhLQj0zMDcyJmFtcDtBdHRhY2hGaWxlVG90S0I9MzA3MiZhbXA7QXR0YWNoRmlsZUV4dExpc3Q9IiBSZWNvcmRlZFZhbHVlPSIvVXRpbC9BdHRhY2hBZG1pbi5hc3B4P0F0dGFjaERCPUFhdHRlbmRhbnREQl9JVFJEJmFtcDtBdHRhY2hJRD10ZXN0MTAyMTE5ZDc5MmRkYzgtMWYwYy00YmU2LWJhMDYtMWJkNTI4MGNiMjlhJmFtcDtBdHRhY2hGaWxlTWF4UXR5PTEmYW1wO0F0dGFjaEZpbGVNYXhLQj0zMDcyJmFtcDtBdHRhY2hGaWxlVG90S0I9MzA3MiZhbXA7QXR0YWNoRmlsZUV4dExpc3Q9IiBDb3JyZWxhdGlvbkJpbmRpbmc9IiIgVXJsRW5jb2RlPSJUcnVlIiAvPg0KICAgICAgICA8Rm9ybVBvc3RQYXJhbWV0ZXIgTmFtZT0idWNNb2RhbFBvcHVwMSRDbGllbnRXaWR0aCIgVmFsdWU9Int7JEhJRERFTjEudWNNb2RhbFBvcHVwMSRDbGllbnRXaWR0aH19IiBSZWNvcmRlZFZhbHVlPSIwIiBDb3JyZWxhdGlvbkJpbmRpbmc9IiIgVXJsRW5jb2RlPSJUcnVlIiAvPg0KICAgICAgICA8Rm9ybVBvc3RQYXJhbWV0ZXIgTmFtZT0idWNNb2RhbFBvcHVwMSRDbGllbnRIZWlnaHQiIFZhbHVlPSJ7eyRISURERU4xLnVjTW9kYWxQb3B1cDEkQ2xpZW50SGVpZ2h0fX0iIFJlY29yZGVkVmFsdWU9IjAiIENvcnJlbGF0aW9uQmluZGluZz0iIiBVcmxFbmNvZGU9IlRydWUiIC8+DQogICAgICAgIDxGb3JtUG9zdFBhcmFtZXRlciBOYW1lPSJoaWRkZW5JbnB1dFRvVXBkYXRlQVRCdWZmZXJfQ29tbW9uVG9vbGtpdFNjcmlwdHMiIFZhbHVlPSIwIiBSZWNvcmRlZFZhbHVlPSIwIiBDb3JyZWxhdGlvbkJpbmRpbmc9Int7Rm9ybVBvc3RQYXJhbTYxLmhpZGRlbklucHV0VG9VcGRhdGVBVEJ1ZmZlcl9Db21tb25Ub29sa2l0U2NyaXB0c319IiBVcmxFbmNvZGU9IlRydWUiIC8+DQogICAgICA8L0Zvcm1Qb3N0SHR0cEJvZHk+DQogICAgPC9SZXF1ZXN0Pg0KICAgIDxSZXF1ZXN0IE1ldGhvZD0iUE9TVCIgR3VpZD0iOWI4YmYzNTItODEwYS00OGYxLTgwNDEtN2ZiYzljODc3OTlkIiBWZXJzaW9uPSIxLjEiIFVybD0iaHR0cDovLzEwLjExLjM2LjExNDo4MDA3L092ZXJUaW1lL092ZXJ0aW1lUHJlT3JkZXJfQWRkLmFzcHgiIFRoaW5rVGltZT0iMCIgVGltZW91dD0iMzAwIiBQYXJzZURlcGVuZGVudFJlcXVlc3RzPSJUcnVlIiBGb2xsb3dSZWRpcmVjdHM9IlRydWUiIFJlY29yZFJlc3VsdD0iVHJ1ZSIgQ2FjaGU9IkZhbHNlIiBSZXNwb25zZVRpbWVHb2FsPSIwIiBFbmNvZGluZz0idXRmLTgiIEV4cGVjdGVkSHR0cFN0YXR1c0NvZGU9IjAiIEV4cGVjdGVkUmVzcG9uc2VVcmw9IiIgUmVwb3J0aW5nTmFtZT0iIiBJZ25vcmVIdHRwU3RhdHVzQ29kZT0iRmFsc2UiPg0KICAgICAgPERlcGVuZGVudFJlcXVlc3RzPg0KICAgICAgICA8UmVxdWVzdCBNZXRob2Q9IlBPU1QiIEd1aWQ9Ijg2MTkzMDJmLTE3ZTAtNDgzOC1iMDhlLTZjNWY3MzliYTYzMyIgVmVyc2lvbj0iMS4xIiBVcmw9Imh0dHA6Ly8xMC4xMS4zNi4xMTQ6ODAwNy9VdGlsL1djZkNhc2NhZGluZ0hlbHBlci5zdmMvVXRpbF9HZXRVc2VyIiBUaGlua1RpbWU9IjAiIFRpbWVvdXQ9IjMwMCIgUGFyc2VEZXBlbmRlbnRSZXF1ZXN0cz0iVHJ1ZSIgRm9sbG93UmVkaXJlY3RzPSJUcnVlIiBSZWNvcmRSZXN1bHQ9IlRydWUiIENhY2hlPSJGYWxzZSIgUmVzcG9uc2VUaW1lR29hbD0iMCIgRW5jb2Rpbmc9InV0Zi04IiBFeHBlY3RlZEh0dHBTdGF0dXNDb2RlPSIwIiBFeHBlY3RlZFJlc3BvbnNlVXJsPSIiIFJlcG9ydGluZ05hbWU9IiIgSWdub3JlSHR0cFN0YXR1c0NvZGU9IkZhbHNlIj4NCiAgICAgICAgICA8U3RyaW5nSHR0cEJvZHkgQ29udGVudFR5cGU9ImFwcGxpY2F0aW9uL2pzb247IGNoYXJzZXQ9dXRmLTgiIEluc2VydEJ5dGVPcmRlck1hcms9IkZhbHNlIj5ld0FpQUdzQWJnQnZBSGNBYmdCREFHRUFkQUJsQUdjQWJ3QnlBSGtBVmdCaEFHd0FkUUJsQUhNQUlnQTZBQ0lBSWdBc0FDSUFZd0JoQUhRQVpRQm5BRzhBY2dCNUFDSUFPZ0FpQUVNQWJ3QnRBSEFBU1FCRUFDSUFMQUFpQUdNQWJ3QnVBSFFBWlFCNEFIUUFTd0JsQUhrQUlnQTZBQ0lBU1FCekFGSUFaUUJoQUdRQVR3QnVBR3dBZVFBNkFGa0FPd0JUQUdVQWJBQmxBR01BZEFCbEFHUUFWZ0JoQUd3QWRRQmxBRG9BVXdCUUFFZ0FRZ0JMQURFQU93QkpBSE1BUXdCb0FHc0FWZ0JoQUd3QWFRQmtBRG9BV1FBN0FGWUFZUUJzQUdrQVpBQkxBR1VBZVFCTUFHa0Fjd0IwQURvQU93QWlBSDBBPC9TdHJpbmdIdHRwQm9keT4NCiAgICAgICAgPC9SZXF1ZXN0Pg0KICAgICAgICA8UmVxdWVzdCBNZXRob2Q9IlBPU1QiIEd1aWQ9IjAzYjk0ZGUxLTFkZjYtNDAxZS1iMmI2LTc1MjM5MjZhNjhiMCIgVmVyc2lvbj0iMS4xIiBVcmw9Imh0dHA6Ly8xMC4xMS4zNi4xMTQ6ODAwNy9VdGlsL1djZkNhc2NhZGluZ0hlbHBlci5zdmMvVXRpbF9HZXRVc2VyIiBUaGlua1RpbWU9IjAiIFRpbWVvdXQ9IjMwMCIgUGFyc2VEZXBlbmRlbnRSZXF1ZXN0cz0iVHJ1ZSIgRm9sbG93UmVkaXJlY3RzPSJUcnVlIiBSZWNvcmRSZXN1bHQ9IlRydWUiIENhY2hlPSJGYWxzZSIgUmVzcG9uc2VUaW1lR29hbD0iMCIgRW5jb2Rpbmc9InV0Zi04IiBFeHBlY3RlZEh0dHBTdGF0dXNDb2RlPSIwIiBFeHBlY3RlZFJlc3BvbnNlVXJsPSIiIFJlcG9ydGluZ05hbWU9IiIgSWdub3JlSHR0cFN0YXR1c0NvZGU9IkZhbHNlIj4NCiAgICAgICAgICA8U3RyaW5nSHR0cEJvZHkgQ29udGVudFR5cGU9ImFwcGxpY2F0aW9uL2pzb247IGNoYXJzZXQ9dXRmLTgiIEluc2VydEJ5dGVPcmRlck1hcms9IkZhbHNlIj5ld0FpQUdzQWJnQnZBSGNBYmdCREFHRUFkQUJsQUdjQWJ3QnlBSGtBVmdCaEFHd0FkUUJsQUhNQUlnQTZBQ0lBUXdCdkFHMEFjQUJKQUVRQU9nQlRBRkFBU0FCQ0FFc0FNUUE3QUNJQUxBQWlBR01BWVFCMEFHVUFad0J2QUhJQWVRQWlBRG9BSWdCRUFHVUFjQUIwQUVrQVJBQWlBQ3dBSWdCakFHOEFiZ0IwQUdVQWVBQjBBRXNBWlFCNUFDSUFPZ0FpQUVrQWN3QlNBR1VBWVFCa0FFOEFiZ0JzQUhrQU9nQk9BRHNBVXdCbEFHd0FaUUJqQUhRQVpRQmtBRllBWVFCc0FIVUFaUUE2QURBQU1BQXdBRWNBTUFBd0FEc0FTUUJ6QUVNQWFBQnJBRllBWVFCc0FHa0FaQUE2QUZrQU93QldBR0VBYkFCcEFHUUFTd0JsQUhrQVRBQnBBSE1BZEFBNkFEc0FJZ0I5QUE9PTwvU3RyaW5nSHR0cEJvZHk+DQogICAgICAgIDwvUmVxdWVzdD4NCiAgICAgICAgPFJlcXVlc3QgTWV0aG9kPSJQT1NUIiBHdWlkPSI3ZmY1ZTY3Ny0wYWE2LTQ4MTktYTM3OS00ZGE3MzM5NGRkZDYiIFZlcnNpb249IjEuMSIgVXJsPSJodHRwOi8vMTAuMTEuMzYuMTE0OjgwMDcvVXRpbC9XY2ZDYXNjYWRpbmdIZWxwZXIuc3ZjL1V0aWxfR2V0VXNlciIgVGhpbmtUaW1lPSIwIiBUaW1lb3V0PSIzMDAiIFBhcnNlRGVwZW5kZW50UmVxdWVzdHM9IlRydWUiIEZvbGxvd1JlZGlyZWN0cz0iVHJ1ZSIgUmVjb3JkUmVzdWx0PSJUcnVlIiBDYWNoZT0iRmFsc2UiIFJlc3BvbnNlVGltZUdvYWw9IjAiIEVuY29kaW5nPSJ1dGYtOCIgRXhwZWN0ZWRIdHRwU3RhdHVzQ29kZT0iMCIgRXhwZWN0ZWRSZXNwb25zZVVybD0iIiBSZXBvcnRpbmdOYW1lPSIiIElnbm9yZUh0dHBTdGF0dXNDb2RlPSJGYWxzZSI+DQogICAgICAgICAgPFN0cmluZ0h0dHBCb2R5IENvbnRlbnRUeXBlPSJhcHBsaWNhdGlvbi9qc29uOyBjaGFyc2V0PXV0Zi04IiBJbnNlcnRCeXRlT3JkZXJNYXJrPSJGYWxzZSI+ZXdBaUFHc0FiZ0J2QUhjQWJnQkRBR0VBZEFCbEFHY0Fid0J5QUhrQVZnQmhBR3dBZFFCbEFITUFJZ0E2QUNJQVF3QnZBRzBBY0FCSkFFUUFPZ0JUQUZBQVNBQkNBRXNBTVFBN0FFUUFaUUJ3QUhRQVNRQkVBRG9BTUFBd0FEQUFSd0F3QURBQU93QWlBQ3dBSWdCakFHRUFkQUJsQUdjQWJ3QnlBSGtBSWdBNkFDSUFUd0J5QUdjQVlRQnVBRWtBUkFBaUFDd0FJZ0JqQUc4QWJnQjBBR1VBZUFCMEFFc0FaUUI1QUNJQU9nQWlBRWtBY3dCU0FHVUFZUUJrQUU4QWJnQnNBSGtBT2dCT0FEc0FVd0JsQUd3QVpRQmpBSFFBWlFCa0FGWUFZUUJzQUhVQVpRQTZBREFBTUFBd0FFY0FPUUF3QURzQVNRQnpBRU1BYUFCckFGWUFZUUJzQUdrQVpBQTZBRmtBT3dCV0FHRUFiQUJwQUdRQVN3QmxBSGtBVEFCcEFITUFkQUE2QURzQUlnQjlBQT09PC9TdHJpbmdIdHRwQm9keT4NCiAgICAgICAgPC9SZXF1ZXN0Pg0KICAgICAgICA8UmVxdWVzdCBNZXRob2Q9IlBPU1QiIEd1aWQ9ImU5ODNlMDU2LTI5Y2YtNGNmYS05M2QyLWMyMzk0YzI4YzEyOSIgVmVyc2lvbj0iMS4xIiBVcmw9Imh0dHA6Ly8xMC4xMS4zNi4xMTQ6ODAwNy9VdGlsL1djZkNhc2NhZGluZ0hlbHBlci5zdmMvVXRpbF9HZXRVc2VyIiBUaGlua1RpbWU9IjAiIFRpbWVvdXQ9IjMwMCIgUGFyc2VEZXBlbmRlbnRSZXF1ZXN0cz0iVHJ1ZSIgRm9sbG93UmVkaXJlY3RzPSJUcnVlIiBSZWNvcmRSZXN1bHQ9IlRydWUiIENhY2hlPSJGYWxzZSIgUmVzcG9uc2VUaW1lR29hbD0iMCIgRW5jb2Rpbmc9InV0Zi04IiBFeHBlY3RlZEh0dHBTdGF0dXNDb2RlPSIwIiBFeHBlY3RlZFJlc3BvbnNlVXJsPSIiIFJlcG9ydGluZ05hbWU9IiIgSWdub3JlSHR0cFN0YXR1c0NvZGU9IkZhbHNlIj4NCiAgICAgICAgICA8U3RyaW5nSHR0cEJvZHkgQ29udGVudFR5cGU9ImFwcGxpY2F0aW9uL2pzb247IGNoYXJzZXQ9dXRmLTgiIEluc2VydEJ5dGVPcmRlck1hcms9IkZhbHNlIj5ld0FpQUdzQWJnQnZBSGNBYmdCREFHRUFkQUJsQUdjQWJ3QnlBSGtBVmdCaEFHd0FkUUJsQUhNQUlnQTZBQ0lBUXdCdkFHMEFjQUJKQUVRQU9nQlRBRkFBU0FCQ0FFc0FNUUE3QUVRQVpRQndBSFFBU1FCRUFEb0FNQUF3QURBQVJ3QXdBREFBT3dCUEFISUFad0JoQUc0QVNRQkVBRG9BTUFBd0FEQUFSd0E1QURBQU93QWlBQ3dBSWdCakFHRUFkQUJsQUdjQWJ3QnlBSGtBSWdBNkFDSUFWUUJ6QUdVQWNnQkpBRVFBSWdBc0FDSUFZd0J2QUc0QWRBQmxBSGdBZEFCTEFHVUFlUUFpQURvQUlnQkpBSE1BVWdCbEFHRUFaQUJQQUc0QWJBQjVBRG9BVGdBN0FGTUFaUUJzQUdVQVl3QjBBR1VBWkFCV0FHRUFiQUIxQUdVQU9nQTZBRG9BT2dBNkFEb0FPZ0E3QUVrQWN3QkRBR2dBYXdCV0FHRUFiQUJwQUdRQU9nQlpBRHNBVmdCaEFHd0FhUUJrQUVzQVpRQjVBRXdBYVFCekFIUUFPZ0E3QUNJQWZRQT08L1N0cmluZ0h0dHBCb2R5Pg0KICAgICAgICA8L1JlcXVlc3Q+DQogICAgICAgIDxSZXF1ZXN0IE1ldGhvZD0iUE9TVCIgR3VpZD0iOWJkOWYwMTMtMTgwMy00MDNkLTk5ZWItMzE3OTYyMGJmZDNhIiBWZXJzaW9uPSIxLjEiIFVybD0iaHR0cDovLzEwLjExLjM2LjExNDo4MDA3L1V0aWwvV2NmQ2FzY2FkaW5nSGVscGVyLnN2Yy9VdGlsX0dldFVzZXIiIFRoaW5rVGltZT0iMTciIFRpbWVvdXQ9IjMwMCIgUGFyc2VEZXBlbmRlbnRSZXF1ZXN0cz0iVHJ1ZSIgRm9sbG93UmVkaXJlY3RzPSJUcnVlIiBSZWNvcmRSZXN1bHQ9IlRydWUiIENhY2hlPSJGYWxzZSIgUmVzcG9uc2VUaW1lR29hbD0iMCIgRW5jb2Rpbmc9InV0Zi04IiBFeHBlY3RlZEh0dHBTdGF0dXNDb2RlPSIwIiBFeHBlY3RlZFJlc3BvbnNlVXJsPSIiIFJlcG9ydGluZ05hbWU9IiIgSWdub3JlSHR0cFN0YXR1c0NvZGU9IkZhbHNlIj4NCiAgICAgICAgICA8U3RyaW5nSHR0cEJvZHkgQ29udGVudFR5cGU9ImFwcGxpY2F0aW9uL2pzb247IGNoYXJzZXQ9dXRmLTgiIEluc2VydEJ5dGVPcmRlck1hcms9IkZhbHNlIj5ld0FpQUdzQWJnQnZBSGNBYmdCREFHRUFkQUJsQUdjQWJ3QnlBSGtBVmdCaEFHd0FkUUJsQUhNQUlnQTZBQ0lBSWdBc0FDSUFZd0JoQUhRQVpRQm5BRzhBY2dCNUFDSUFPZ0FpQUVNQVlRQjBBR1VBWndCdkFISUFlUUF3QURFQUlnQXNBQ0lBWXdCdkFHNEFkQUJsQUhnQWRBQkxBR1VBZVFBaUFEb0FJZ0JKQUhNQVVnQmxBR0VBWkFCUEFHNEFiQUI1QURvQVRnQTdBRk1BWlFCc0FHVUFZd0IwQUdVQVpBQldBR0VBYkFCMUFHVUFPZ0E2QURvQU9nQTZBRG9BT2dBN0FFa0Fjd0JEQUdnQWF3QldBR0VBYkFCcEFHUUFPZ0JaQURzQVZnQmhBR3dBYVFCa0FFc0FaUUI1QUV3QWFRQnpBSFFBT2dBN0FDSUFmUUE9PC9TdHJpbmdIdHRwQm9keT4NCiAgICAgICAgPC9SZXF1ZXN0Pg0KICAgICAgPC9EZXBlbmRlbnRSZXF1ZXN0cz4NCiAgICAgIDxFeHRyYWN0aW9uUnVsZXM+DQogICAgICAgIDxFeHRyYWN0aW9uUnVsZSBDbGFzc25hbWU9Ik1pY3Jvc29mdC5WaXN1YWxTdHVkaW8uVGVzdFRvb2xzLldlYlRlc3RpbmcuUnVsZXMuRXh0cmFjdEhpZGRlbkZpZWxkcywgTWljcm9zb2Z0LlZpc3VhbFN0dWRpby5RdWFsaXR5VG9vbHMuV2ViVGVzdEZyYW1ld29yaywgVmVyc2lvbj0xMC4wLjAuMCwgQ3VsdHVyZT1uZXV0cmFsLCBQdWJsaWNLZXlUb2tlbj1iMDNmNWY3ZjExZDUwYTNhIiBWYXJpYWJsZU5hbWU9IjEiIERpc3BsYXlOYW1lPSLmk7flj5bpmrHol4/mrITkvY0iIERlc2NyaXB0aW9uPSLmk7flj5blm57mh4nkuK3nmoTmiYDmnInpmrHol4/mrITkvY3vvIzkuKblsIflroPlgJHmlL7lnKjmuKzoqablhaflrrnkuK3jgIIiPg0KICAgICAgICAgIDxSdWxlUGFyYW1ldGVycz4NCiAgICAgICAgICAgIDxSdWxlUGFyYW1ldGVyIE5hbWU9IlJlcXVpcmVkIiBWYWx1ZT0iVHJ1ZSIgLz4NCiAgICAgICAgICAgIDxSdWxlUGFyYW1ldGVyIE5hbWU9Ikh0bWxEZWNvZGUiIFZhbHVlPSJUcnVlIiAvPg0KICAgICAgICAgIDwvUnVsZVBhcmFtZXRlcnM+DQogICAgICAgIDwvRXh0cmFjdGlvblJ1bGU+DQogICAgICA8L0V4dHJhY3Rpb25SdWxlcz4NCiAgICAgIDxDb3JyZWxhdGlvbkV4dHJhY3Rpb25SdWxlcz4NCiAgICAgICAgPEV4dHJhY3Rpb25SdWxlIENsYXNzbmFtZT0iTWljcm9zb2Z0LlZpc3VhbFN0dWRpby5UZXN0VG9vbHMuV2ViVGVzdGluZy5SdWxlcy5FeHRyYWN0Rm9ybUZpZWxkLCBNaWNyb3NvZnQuVmlzdWFsU3R1ZGlvLlF1YWxpdHlUb29scy5XZWJUZXN0RnJhbWV3b3JrLCBWZXJzaW9uPTEwLjAuMC4wLCBDdWx0dXJlPW5ldXRyYWwsIFB1YmxpY0tleVRva2VuPWIwM2Y1ZjdmMTFkNTBhM2EiIFZhcmlhYmxlTmFtZT0iRm9ybVBvc3RQYXJhbTE3LmJ0bkV4aXQiIERpc3BsYXlOYW1lPSIiIERlc2NyaXB0aW9uPSIiPg0KICAgICAgICAgIDxSdWxlUGFyYW1ldGVycz4NCiAgICAgICAgICAgIDxSdWxlUGFyYW1ldGVyIE5hbWU9Ik5hbWUiIFZhbHVlPSJidG5FeGl0IiAvPg0KICAgICAgICAgICAgPFJ1bGVQYXJhbWV0ZXIgTmFtZT0iSHRtbERlY29kZSIgVmFsdWU9IlRydWUiIC8+DQogICAgICAgICAgICA8UnVsZVBhcmFtZXRlciBOYW1lPSJSZXF1aXJlZCIgVmFsdWU9IkZhbHNlIiAvPg0KICAgICAgICAgICAgPFJ1bGVQYXJhbWV0ZXIgTmFtZT0iSW5kZXgiIFZhbHVlPSIwIiAvPg0KICAgICAgICAgIDwvUnVsZVBhcmFtZXRlcnM+DQogICAgICAgIDwvRXh0cmFjdGlvblJ1bGU+DQogICAgICAgIDxFeHRyYWN0aW9uUnVsZSBDbGFzc25hbWU9Ik1pY3Jvc29mdC5WaXN1YWxTdHVkaW8uVGVzdFRvb2xzLldlYlRlc3RpbmcuUnVsZXMuRXh0cmFjdEZvcm1GaWVsZCwgTWljcm9zb2Z0LlZpc3VhbFN0dWRpby5RdWFsaXR5VG9vbHMuV2ViVGVzdEZyYW1ld29yaywgVmVyc2lvbj0xMC4wLjAuMCwgQ3VsdHVyZT1uZXV0cmFsLCBQdWJsaWNLZXlUb2tlbj1iMDNmNWY3ZjExZDUwYTNhIiBWYXJpYWJsZU5hbWU9IkZvcm1Qb3N0UGFyYW0xOC5PVEVtcElEIiBEaXNwbGF5TmFtZT0iIiBEZXNjcmlwdGlvbj0iIj4NCiAgICAgICAgICA8UnVsZVBhcmFtZXRlcnM+DQogICAgICAgICAgICA8UnVsZVBhcmFtZXRlciBOYW1lPSJOYW1lIiBWYWx1ZT0icmJ0U2luZ2xlRW1wSUQiIC8+DQogICAgICAgICAgICA8UnVsZVBhcmFtZXRlciBOYW1lPSJIdG1sRGVjb2RlIiBWYWx1ZT0iVHJ1ZSIgLz4NCiAgICAgICAgICAgIDxSdWxlUGFyYW1ldGVyIE5hbWU9IlJlcXVpcmVkIiBWYWx1ZT0iRmFsc2UiIC8+DQogICAgICAgICAgICA8UnVsZVBhcmFtZXRlciBOYW1lPSJJbmRleCIgVmFsdWU9IjAiIC8+DQogICAgICAgICAgPC9SdWxlUGFyYW1ldGVycz4NCiAgICAgICAgPC9FeHRyYWN0aW9uUnVsZT4NCiAgICAgICAgPEV4dHJhY3Rpb25SdWxlIENsYXNzbmFtZT0iTWljcm9zb2Z0LlZpc3VhbFN0dWRpby5UZXN0VG9vbHMuV2ViVGVzdGluZy5SdWxlcy5FeHRyYWN0Rm9ybUZpZWxkLCBNaWNyb3NvZnQuVmlzdWFsU3R1ZGlvLlF1YWxpdHlUb29scy5XZWJUZXN0RnJhbWV3b3JrLCBWZXJzaW9uPTEwLjAuMC4wLCBDdWx0dXJlPW5ldXRyYWwsIFB1YmxpY0tleVRva2VuPWIwM2Y1ZjdmMTFkNTBhM2EiIFZhcmlhYmxlTmFtZT0iRm9ybVBvc3RQYXJhbTE5LnR4dE9URW1wSUQiIERpc3BsYXlOYW1lPSIiIERlc2NyaXB0aW9uPSIiPg0KICAgICAgICAgIDxSdWxlUGFyYW1ldGVycz4NCiAgICAgICAgICAgIDxSdWxlUGFyYW1ldGVyIE5hbWU9Ik5hbWUiIFZhbHVlPSJ0eHRPVEVtcElEIiAvPg0KICAgICAgICAgICAgPFJ1bGVQYXJhbWV0ZXIgTmFtZT0iSHRtbERlY29kZSIgVmFsdWU9IlRydWUiIC8+DQogICAgICAgICAgICA8UnVsZVBhcmFtZXRlciBOYW1lPSJSZXF1aXJlZCIgVmFsdWU9IkZhbHNlIiAvPg0KICAgICAgICAgICAgPFJ1bGVQYXJhbWV0ZXIgTmFtZT0iSW5kZXgiIFZhbHVlPSIwIiAvPg0KICAgICAgICAgIDwvUnVsZVBhcmFtZXRlcnM+DQogICAgICAgIDwvRXh0cmFjdGlvblJ1bGU+DQogICAgICAgIDxFeHRyYWN0aW9uUnVsZSBDbGFzc25hbWU9Ik1pY3Jvc29mdC5WaXN1YWxTdHVkaW8uVGVzdFRvb2xzLldlYlRlc3RpbmcuUnVsZXMuRXh0cmFjdEZvcm1GaWVsZCwgTWljcm9zb2Z0LlZpc3VhbFN0dWRpby5RdWFsaXR5VG9vbHMuV2ViVGVzdEZyYW1ld29yaywgVmVyc2lvbj0xMC4wLjAuMCwgQ3VsdHVyZT1uZXV0cmFsLCBQdWJsaWNLZXlUb2tlbj1iMDNmNWY3ZjExZDUwYTNhIiBWYXJpYWJsZU5hbWU9IkZvcm1Qb3N0UGFyYW0yMC50eHRPVEVtcE5hbWUiIERpc3BsYXlOYW1lPSIiIERlc2NyaXB0aW9uPSIiPg0KICAgICAgICAgIDxSdWxlUGFyYW1ldGVycz4NCiAgICAgICAgICAgIDxSdWxlUGFyYW1ldGVyIE5hbWU9Ik5hbWUiIFZhbHVlPSJ0eHRPVEVtcE5hbWUiIC8+DQogICAgICAgICAgICA8UnVsZVBhcmFtZXRlciBOYW1lPSJIdG1sRGVjb2RlIiBWYWx1ZT0iVHJ1ZSIgLz4NCiAgICAgICAgICAgIDxSdWxlUGFyYW1ldGVyIE5hbWU9IlJlcXVpcmVkIiBWYWx1ZT0iRmFsc2UiIC8+DQogICAgICAgICAgICA8UnVsZVBhcmFtZXRlciBOYW1lPSJJbmRleCIgVmFsdWU9IjAiIC8+DQogICAgICAgICAgPC9SdWxlUGFyYW1ldGVycz4NCiAgICAgICAgPC9FeHRyYWN0aW9uUnVsZT4NCiAgICAgICAgPEV4dHJhY3Rpb25SdWxlIENsYXNzbmFtZT0iTWljcm9zb2Z0LlZpc3VhbFN0dWRpby5UZXN0VG9vbHMuV2ViVGVzdGluZy5SdWxlcy5FeHRyYWN0Rm9ybUZpZWxkLCBNaWNyb3NvZnQuVmlzdWFsU3R1ZGlvLlF1YWxpdHlUb29scy5XZWJUZXN0RnJhbWV3b3JrLCBWZXJzaW9uPTEwLjAuMC4wLCBDdWx0dXJlPW5ldXRyYWwsIFB1YmxpY0tleVRva2VuPWIwM2Y1ZjdmMTFkNTBhM2EiIFZhcmlhYmxlTmFtZT0iRm9ybVBvc3RQYXJhbTIxLnVjRGF0ZVN0YXJ0JHR4dERhdGUiIERpc3BsYXlOYW1lPSIiIERlc2NyaXB0aW9uPSIiPg0KICAgICAgICAgIDxSdWxlUGFyYW1ldGVycz4NCiAgICAgICAgICAgIDxSdWxlUGFyYW1ldGVyIE5hbWU9Ik5hbWUiIFZhbHVlPSJ1Y0RhdGVTdGFydF90eHREYXRlIiAvPg0KICAgICAgICAgICAgPFJ1bGVQYXJhbWV0ZXIgTmFtZT0iSHRtbERlY29kZSIgVmFsdWU9IlRydWUiIC8+DQogICAgICAgICAgICA8UnVsZVBhcmFtZXRlciBOYW1lPSJSZXF1aXJlZCIgVmFsdWU9IkZhbHNlIiAvPg0KICAgICAgICAgICAgPFJ1bGVQYXJhbWV0ZXIgTmFtZT0iSW5kZXgiIFZhbHVlPSIwIiAvPg0KICAgICAgICAgIDwvUnVsZVBhcmFtZXRlcnM+DQogICAgICAgIDwvRXh0cmFjdGlvblJ1bGU+DQogICAgICAgIDxFeHRyYWN0aW9uUnVsZSBDbGFzc25hbWU9Ik1pY3Jvc29mdC5WaXN1YWxTdHVkaW8uVGVzdFRvb2xzLldlYlRlc3RpbmcuUnVsZXMuRXh0cmFjdEZvcm1GaWVsZCwgTWljcm9zb2Z0LlZpc3VhbFN0dWRpby5RdWFsaXR5VG9vbHMuV2ViVGVzdEZyYW1ld29yaywgVmVyc2lvbj0xMC4wLjAuMCwgQ3VsdHVyZT1uZXV0cmFsLCBQdWJsaWNLZXlUb2tlbj1iMDNmNWY3ZjExZDUwYTNhIiBWYXJpYWJsZU5hbWU9IkZvcm1Qb3N0UGFyYW0yMi51Y0RhdGVFbmQkdHh0RGF0ZSIgRGlzcGxheU5hbWU9IiIgRGVzY3JpcHRpb249IiI+DQogICAgICAgICAgPFJ1bGVQYXJhbWV0ZXJzPg0KICAgICAgICAgICAgPFJ1bGVQYXJhbWV0ZXIgTmFtZT0iTmFtZSIgVmFsdWU9InVjRGF0ZUVuZF90eHREYXRlIiAvPg0KICAgICAgICAgICAgPFJ1bGVQYXJhbWV0ZXIgTmFtZT0iSHRtbERlY29kZSIgVmFsdWU9IlRydWUiIC8+DQogICAgICAgICAgICA8UnVsZVBhcmFtZXRlciBOYW1lPSJSZXF1aXJlZCIgVmFsdWU9IkZhbHNlIiAvPg0KICAgICAgICAgICAgPFJ1bGVQYXJhbWV0ZXIgTmFtZT0iSW5kZXgiIFZhbHVlPSIwIiAvPg0KICAgICAgICAgIDwvUnVsZVBhcmFtZXRlcnM+DQogICAgICAgIDwvRXh0cmFjdGlvblJ1bGU+DQogICAgICAgIDxFeHRyYWN0aW9uUnVsZSBDbGFzc25hbWU9Ik1pY3Jvc29mdC5WaXN1YWxTdHVkaW8uVGVzdFRvb2xzLldlYlRlc3RpbmcuUnVsZXMuRXh0cmFjdEZvcm1GaWVsZCwgTWljcm9zb2Z0LlZpc3VhbFN0dWRpby5RdWFsaXR5VG9vbHMuV2ViVGVzdEZyYW1ld29yaywgVmVyc2lvbj0xMC4wLjAuMCwgQ3VsdHVyZT1uZXV0cmFsLCBQdWJsaWNLZXlUb2tlbj1iMDNmNWY3ZjExZDUwYTNhIiBWYXJpYWJsZU5hbWU9IkZvcm1Qb3N0UGFyYW0yMy50eHRNZWFsVGltZSIgRGlzcGxheU5hbWU9IiIgRGVzY3JpcHRpb249IiI+DQogICAgICAgICAgPFJ1bGVQYXJhbWV0ZXJzPg0KICAgICAgICAgICAgPFJ1bGVQYXJhbWV0ZXIgTmFtZT0iTmFtZSIgVmFsdWU9InR4dE1lYWxUaW1lIiAvPg0KICAgICAgICAgICAgPFJ1bGVQYXJhbWV0ZXIgTmFtZT0iSHRtbERlY29kZSIgVmFsdWU9IlRydWUiIC8+DQogICAgICAgICAgICA8UnVsZVBhcmFtZXRlciBOYW1lPSJSZXF1aXJlZCIgVmFsdWU9IkZhbHNlIiAvPg0KICAgICAgICAgICAgPFJ1bGVQYXJhbWV0ZXIgTmFtZT0iSW5kZXgiIFZhbHVlPSIwIiAvPg0KICAgICAgICAgIDwvUnVsZVBhcmFtZXRlcnM+DQogICAgICAgIDwvRXh0cmFjdGlvblJ1bGU+DQogICAgICAgIDxFeHRyYWN0aW9uUnVsZSBDbGFzc25hbWU9Ik1pY3Jvc29mdC5WaXN1YWxTdHVkaW8uVGVzdFRvb2xzLldlYlRlc3RpbmcuUnVsZXMuRXh0cmFjdFRleHQsIE1pY3Jvc29mdC5WaXN1YWxTdHVkaW8uUXVhbGl0eVRvb2xzLldlYlRlc3RGcmFtZXdvcmssIFZlcnNpb249MTAuMC4wLjAsIEN1bHR1cmU9bmV1dHJhbCwgUHVibGljS2V5VG9rZW49YjAzZjVmN2YxMWQ1MGEzYSIgVmFyaWFibGVOYW1lPSJGb3JtUG9zdFBhcmFtMjQuT1RUaW1lU3RhcnQkZGRsSEgiIERpc3BsYXlOYW1lPSIiIERlc2NyaXB0aW9uPSIiPg0KICAgICAgICAgIDxSdWxlUGFyYW1ldGVycz4NCiAgICAgICAgICAgIDxSdWxlUGFyYW1ldGVyIE5hbWU9IlN0YXJ0c1dpdGgiIFZhbHVlPSJsdWU9JnF1b3Q7IiAvPg0KICAgICAgICAgICAgPFJ1bGVQYXJhbWV0ZXIgTmFtZT0iRW5kc1dpdGgiIFZhbHVlPSImcXVvdDsmZ3Q76KuL6YG45pOHIiAvPg0KICAgICAgICAgICAgPFJ1bGVQYXJhbWV0ZXIgTmFtZT0iSW5kZXgiIFZhbHVlPSIyOSIgLz4NCiAgICAgICAgICAgIDxSdWxlUGFyYW1ldGVyIE5hbWU9Iklnbm9yZUNhc2UiIFZhbHVlPSJGYWxzZSIgLz4NCiAgICAgICAgICAgIDxSdWxlUGFyYW1ldGVyIE5hbWU9IlVzZVJlZ3VsYXJFeHByZXNzaW9uIiBWYWx1ZT0iRmFsc2UiIC8+DQogICAgICAgICAgICA8UnVsZVBhcmFtZXRlciBOYW1lPSJIdG1sRGVjb2RlIiBWYWx1ZT0iVHJ1ZSIgLz4NCiAgICAgICAgICAgIDxSdWxlUGFyYW1ldGVyIE5hbWU9IlJlcXVpcmVkIiBWYWx1ZT0iRmFsc2UiIC8+DQogICAgICAgICAgPC9SdWxlUGFyYW1ldGVycz4NCiAgICAgICAgPC9FeHRyYWN0aW9uUnVsZT4NCiAgICAgICAgPEV4dHJhY3Rpb25SdWxlIENsYXNzbmFtZT0iTWljcm9zb2Z0LlZpc3VhbFN0dWRpby5UZXN0VG9vbHMuV2ViVGVzdGluZy5SdWxlcy5FeHRyYWN0VGV4dCwgTWljcm9zb2Z0LlZpc3VhbFN0dWRpby5RdWFsaXR5VG9vbHMuV2ViVGVzdEZyYW1ld29yaywgVmVyc2lvbj0xMC4wLjAuMCwgQ3VsdHVyZT1uZXV0cmFsLCBQdWJsaWNLZXlUb2tlbj1iMDNmNWY3ZjExZDUwYTNhIiBWYXJpYWJsZU5hbWU9IkZvcm1Qb3N0UGFyYW0yNS5PVFRpbWVTdGFydCRkZGxNTSIgRGlzcGxheU5hbWU9IiIgRGVzY3JpcHRpb249IiI+DQogICAgICAgICAgPFJ1bGVQYXJhbWV0ZXJzPg0KICAgICAgICAgICAgPFJ1bGVQYXJhbWV0ZXIgTmFtZT0iU3RhcnRzV2l0aCIgVmFsdWU9Imx1ZT0mcXVvdDsiIC8+DQogICAgICAgICAgICA8UnVsZVBhcmFtZXRlciBOYW1lPSJFbmRzV2l0aCIgVmFsdWU9IiZxdW90OyZndDvoq4vpgbjmk4ciIC8+DQogICAgICAgICAgICA8UnVsZVBhcmFtZXRlciBOYW1lPSJJbmRleCIgVmFsdWU9IjI5IiAvPg0KICAgICAgICAgICAgPFJ1bGVQYXJhbWV0ZXIgTmFtZT0iSWdub3JlQ2FzZSIgVmFsdWU9IkZhbHNlIiAvPg0KICAgICAgICAgICAgPFJ1bGVQYXJhbWV0ZXIgTmFtZT0iVXNlUmVndWxhckV4cHJlc3Npb24iIFZhbHVlPSJGYWxzZSIgLz4NCiAgICAgICAgICAgIDxSdWxlUGFyYW1ldGVyIE5hbWU9Ikh0bWxEZWNvZGUiIFZhbHVlPSJUcnVlIiAvPg0KICAgICAgICAgICAgPFJ1bGVQYXJhbWV0ZXIgTmFtZT0iUmVxdWlyZWQiIFZhbHVlPSJGYWxzZSIgLz4NCiAgICAgICAgICA8L1J1bGVQYXJhbWV0ZXJzPg0KICAgICAgICA8L0V4dHJhY3Rpb25SdWxlPg0KICAgICAgICA8RXh0cmFjdGlvblJ1bGUgQ2xhc3NuYW1lPSJNaWNyb3NvZnQuVmlzdWFsU3R1ZGlvLlRlc3RUb29scy5XZWJUZXN0aW5nLlJ1bGVzLkV4dHJhY3RUZXh0LCBNaWNyb3NvZnQuVmlzdWFsU3R1ZGlvLlF1YWxpdHlUb29scy5XZWJUZXN0RnJhbWV3b3JrLCBWZXJzaW9uPTEwLjAuMC4wLCBDdWx0dXJlPW5ldXRyYWwsIFB1YmxpY0tleVRva2VuPWIwM2Y1ZjdmMTFkNTBhM2EiIFZhcmlhYmxlTmFtZT0iRm9ybVBvc3RQYXJhbTI2Lk9UVGltZUVuZCRkZGxISCIgRGlzcGxheU5hbWU9IiIgRGVzY3JpcHRpb249IiI+DQogICAgICAgICAgPFJ1bGVQYXJhbWV0ZXJzPg0KICAgICAgICAgICAgPFJ1bGVQYXJhbWV0ZXIgTmFtZT0iU3RhcnRzV2l0aCIgVmFsdWU9Imx1ZT0mcXVvdDsiIC8+DQogICAgICAgICAgICA8UnVsZVBhcmFtZXRlciBOYW1lPSJFbmRzV2l0aCIgVmFsdWU9IiZxdW90OyZndDvoq4vpgbjmk4ciIC8+DQogICAgICAgICAgICA8UnVsZVBhcmFtZXRlciBOYW1lPSJJbmRleCIgVmFsdWU9IjI5IiAvPg0KICAgICAgICAgICAgPFJ1bGVQYXJhbWV0ZXIgTmFtZT0iSWdub3JlQ2FzZSIgVmFsdWU9IkZhbHNlIiAvPg0KICAgICAgICAgICAgPFJ1bGVQYXJhbWV0ZXIgTmFtZT0iVXNlUmVndWxhckV4cHJlc3Npb24iIFZhbHVlPSJGYWxzZSIgLz4NCiAgICAgICAgICAgIDxSdWxlUGFyYW1ldGVyIE5hbWU9Ikh0bWxEZWNvZGUiIFZhbHVlPSJUcnVlIiAvPg0KICAgICAgICAgICAgPFJ1bGVQYXJhbWV0ZXIgTmFtZT0iUmVxdWlyZWQiIFZhbHVlPSJGYWxzZSIgLz4NCiAgICAgICAgICA8L1J1bGVQYXJhbWV0ZXJzPg0KICAgICAgICA8L0V4dHJhY3Rpb25SdWxlPg0KICAgICAgICA8RXh0cmFjdGlvblJ1bGUgQ2xhc3NuYW1lPSJNaWNyb3NvZnQuVmlzdWFsU3R1ZGlvLlRlc3RUb29scy5XZWJUZXN0aW5nLlJ1bGVzLkV4dHJhY3RUZXh0LCBNaWNyb3NvZnQuVmlzdWFsU3R1ZGlvLlF1YWxpdHlUb29scy5XZWJUZXN0RnJhbWV3b3JrLCBWZXJzaW9uPTEwLjAuMC4wLCBDdWx0dXJlPW5ldXRyYWwsIFB1YmxpY0tleVRva2VuPWIwM2Y1ZjdmMTFkNTBhM2EiIFZhcmlhYmxlTmFtZT0iRm9ybVBvc3RQYXJhbTI3Lk9UVGltZUVuZCRkZGxNTSIgRGlzcGxheU5hbWU9IiIgRGVzY3JpcHRpb249IiI+DQogICAgICAgICAgPFJ1bGVQYXJhbWV0ZXJzPg0KICAgICAgICAgICAgPFJ1bGVQYXJhbWV0ZXIgTmFtZT0iU3RhcnRzV2l0aCIgVmFsdWU9Imx1ZT0mcXVvdDsiIC8+DQogICAgICAgICAgICA8UnVsZVBhcmFtZXRlciBOYW1lPSJFbmRzV2l0aCIgVmFsdWU9IiZxdW90OyZndDvoq4vpgbjmk4ciIC8+DQogICAgICAgICAgICA8UnVsZVBhcmFtZXRlciBOYW1lPSJJbmRleCIgVmFsdWU9IjI5IiAvPg0KICAgICAgICAgICAgPFJ1bGVQYXJhbWV0ZXIgTmFtZT0iSWdub3JlQ2FzZSIgVmFsdWU9IkZhbHNlIiAvPg0KICAgICAgICAgICAgPFJ1bGVQYXJhbWV0ZXIgTmFtZT0iVXNlUmVndWxhckV4cHJlc3Npb24iIFZhbHVlPSJGYWxzZSIgLz4NCiAgICAgICAgICAgIDxSdWxlUGFyYW1ldGVyIE5hbWU9Ikh0bWxEZWNvZGUiIFZhbHVlPSJUcnVlIiAvPg0KICAgICAgICAgICAgPFJ1bGVQYXJhbWV0ZXIgTmFtZT0iUmVxdWlyZWQiIFZhbHVlPSJGYWxzZSIgLz4NCiAgICAgICAgICA8L1J1bGVQYXJhbWV0ZXJzPg0KICAgICAgICA8L0V4dHJhY3Rpb25SdWxlPg0KICAgICAgICA8RXh0cmFjdGlvblJ1bGUgQ2xhc3NuYW1lPSJNaWNyb3NvZnQuVmlzdWFsU3R1ZGlvLlRlc3RUb29scy5XZWJUZXN0aW5nLlJ1bGVzLkV4dHJhY3RUZXh0LCBNaWNyb3NvZnQuVmlzdWFsU3R1ZGlvLlF1YWxpdHlUb29scy5XZWJUZXN0RnJhbWV3b3JrLCBWZXJzaW9uPTEwLjAuMC4wLCBDdWx0dXJlPW5ldXRyYWwsIFB1YmxpY0tleVRva2VuPWIwM2Y1ZjdmMTFkNTBhM2EiIFZhcmlhYmxlTmFtZT0iRm9ybVBvc3RQYXJhbTI4LmRkbE9UVHlwZUlEIiBEaXNwbGF5TmFtZT0iIiBEZXNjcmlwdGlvbj0iIj4NCiAgICAgICAgICA8UnVsZVBhcmFtZXRlcnM+DQogICAgICAgICAgICA8UnVsZVBhcmFtZXRlciBOYW1lPSJTdGFydHNXaXRoIiBWYWx1ZT0icyZxdW90OzpbJnF1b3Q7IiAvPg0KICAgICAgICAgICAgPFJ1bGVQYXJhbWV0ZXIgTmFtZT0iRW5kc1dpdGgiIFZhbHVlPSImcXVvdDssJnF1b3Q7MSZxdW90OyIgLz4NCiAgICAgICAgICAgIDxSdWxlUGFyYW1ldGVyIE5hbWU9IkluZGV4IiBWYWx1ZT0iMCIgLz4NCiAgICAgICAgICAgIDxSdWxlUGFyYW1ldGVyIE5hbWU9Iklnbm9yZUNhc2UiIFZhbHVlPSJGYWxzZSIgLz4NCiAgICAgICAgICAgIDxSdWxlUGFyYW1ldGVyIE5hbWU9IlVzZVJlZ3VsYXJFeHByZXNzaW9uIiBWYWx1ZT0iRmFsc2UiIC8+DQogICAgICAgICAgICA8UnVsZVBhcmFtZXRlciBOYW1lPSJIdG1sRGVjb2RlIiBWYWx1ZT0iVHJ1ZSIgLz4NCiAgICAgICAgICAgIDxSdWxlUGFyYW1ldGVyIE5hbWU9IlJlcXVpcmVkIiBWYWx1ZT0iRmFsc2UiIC8+DQogICAgICAgICAgPC9SdWxlUGFyYW1ldGVycz4NCiAgICAgICAgPC9FeHRyYWN0aW9uUnVsZT4NCiAgICAgICAgPEV4dHJhY3Rpb25SdWxlIENsYXNzbmFtZT0iTWljcm9zb2Z0LlZpc3VhbFN0dWRpby5UZXN0VG9vbHMuV2ViVGVzdGluZy5SdWxlcy5FeHRyYWN0VGV4dCwgTWljcm9zb2Z0LlZpc3VhbFN0dWRpby5RdWFsaXR5VG9vbHMuV2ViVGVzdEZyYW1ld29yaywgVmVyc2lvbj0xMC4wLjAuMCwgQ3VsdHVyZT1uZXV0cmFsLCBQdWJsaWNLZXlUb2tlbj1iMDNmNWY3ZjExZDUwYTNhIiBWYXJpYWJsZU5hbWU9IkZvcm1Qb3N0UGFyYW0yOS5kZGxPcmciIERpc3BsYXlOYW1lPSIiIERlc2NyaXB0aW9uPSIiPg0KICAgICAgICAgIDxSdWxlUGFyYW1ldGVycz4NCiAgICAgICAgICAgIDxSdWxlUGFyYW1ldGVyIE5hbWU9IlN0YXJ0c1dpdGgiIFZhbHVlPSImcXVvdDswJnF1b3Q7LCZxdW90OyIgLz4NCiAgICAgICAgICAgIDxSdWxlUGFyYW1ldGVyIE5hbWU9IkVuZHNXaXRoIiBWYWx1ZT0iJnF1b3Q7LCZxdW90OzImcXVvdDsiIC8+DQogICAgICAgICAgICA8UnVsZVBhcmFtZXRlciBOYW1lPSJJbmRleCIgVmFsdWU9IjAiIC8+DQogICAgICAgICAgICA8UnVsZVBhcmFtZXRlciBOYW1lPSJJZ25vcmVDYXNlIiBWYWx1ZT0iRmFsc2UiIC8+DQogICAgICAgICAgICA8UnVsZVBhcmFtZXRlciBOYW1lPSJVc2VSZWd1bGFyRXhwcmVzc2lvbiIgVmFsdWU9IkZhbHNlIiAvPg0KICAgICAgICAgICAgPFJ1bGVQYXJhbWV0ZXIgTmFtZT0iSHRtbERlY29kZSIgVmFsdWU9IlRydWUiIC8+DQogICAgICAgICAgICA8UnVsZVBhcmFtZXRlciBOYW1lPSJSZXF1aXJlZCIgVmFsdWU9IkZhbHNlIiAvPg0KICAgICAgICAgIDwvUnVsZVBhcmFtZXRlcnM+DQogICAgICAgIDwvRXh0cmFjdGlvblJ1bGU+DQogICAgICAgIDxFeHRyYWN0aW9uUnVsZSBDbGFzc25hbWU9Ik1pY3Jvc29mdC5WaXN1YWxTdHVkaW8uVGVzdFRvb2xzLldlYlRlc3RpbmcuUnVsZXMuRXh0cmFjdFRleHQsIE1pY3Jvc29mdC5WaXN1YWxTdHVkaW8uUXVhbGl0eVRvb2xzLldlYlRlc3RGcmFtZXdvcmssIFZlcnNpb249MTAuMC4wLjAsIEN1bHR1cmU9bmV1dHJhbCwgUHVibGljS2V5VG9rZW49YjAzZjVmN2YxMWQ1MGEzYSIgVmFyaWFibGVOYW1lPSJGb3JtUG9zdFBhcmFtMzAudWNDYXNjYWRpbmdEcm9wRG93bjEkZGRsMDIiIERpc3BsYXlOYW1lPSIiIERlc2NyaXB0aW9uPSIiPg0KICAgICAgICAgIDxSdWxlUGFyYW1ldGVycz4NCiAgICAgICAgICAgIDxSdWxlUGFyYW1ldGVyIE5hbWU9IlN0YXJ0c1dpdGgiIFZhbHVlPSJsdWU9JnF1b3Q7IiAvPg0KICAgICAgICAgICAgPFJ1bGVQYXJhbWV0ZXIgTmFtZT0iRW5kc1dpdGgiIFZhbHVlPSImcXVvdDsmZ3Q7MDAwIiAvPg0KICAgICAgICAgICAgPFJ1bGVQYXJhbWV0ZXIgTmFtZT0iSW5kZXgiIFZhbHVlPSIyMjAiIC8+DQogICAgICAgICAgICA8UnVsZVBhcmFtZXRlciBOYW1lPSJJZ25vcmVDYXNlIiBWYWx1ZT0iRmFsc2UiIC8+DQogICAgICAgICAgICA8UnVsZVBhcmFtZXRlciBOYW1lPSJVc2VSZWd1bGFyRXhwcmVzc2lvbiIgVmFsdWU9IkZhbHNlIiAvPg0KICAgICAgICAgICAgPFJ1bGVQYXJhbWV0ZXIgTmFtZT0iSHRtbERlY29kZSIgVmFsdWU9IlRydWUiIC8+DQogICAgICAgICAgICA8UnVsZVBhcmFtZXRlciBOYW1lPSJSZXF1aXJlZCIgVmFsdWU9IkZhbHNlIiAvPg0KICAgICAgICAgIDwvUnVsZVBhcmFtZXRlcnM+DQogICAgICAgIDwvRXh0cmFjdGlvblJ1bGU+DQogICAgICAgIDxFeHRyYWN0aW9uUnVsZSBDbGFzc25hbWU9Ik1pY3Jvc29mdC5WaXN1YWxTdHVkaW8uVGVzdFRvb2xzLldlYlRlc3RpbmcuUnVsZXMuRXh0cmFjdFRleHQsIE1pY3Jvc29mdC5WaXN1YWxTdHVkaW8uUXVhbGl0eVRvb2xzLldlYlRlc3RGcmFtZXdvcmssIFZlcnNpb249MTAuMC4wLjAsIEN1bHR1cmU9bmV1dHJhbCwgUHVibGljS2V5VG9rZW49YjAzZjVmN2YxMWQ1MGEzYSIgVmFyaWFibGVOYW1lPSJGb3JtUG9zdFBhcmFtMzEudWNDYXNjYWRpbmdEcm9wRG93bjEkZGRsMDMiIERpc3BsYXlOYW1lPSIiIERlc2NyaXB0aW9uPSIiPg0KICAgICAgICAgIDxSdWxlUGFyYW1ldGVycz4NCiAgICAgICAgICAgIDxSdWxlUGFyYW1ldGVyIE5hbWU9IlN0YXJ0c1dpdGgiIFZhbHVlPSJsdWU9JnF1b3Q7IiAvPg0KICAgICAgICAgICAgPFJ1bGVQYXJhbWV0ZXIgTmFtZT0iRW5kc1dpdGgiIFZhbHVlPSImcXVvdDsmZ3Q7MDAwIiAvPg0KICAgICAgICAgICAgPFJ1bGVQYXJhbWV0ZXIgTmFtZT0iSW5kZXgiIFZhbHVlPSIyMjEiIC8+DQogICAgICAgICAgICA8UnVsZVBhcmFtZXRlciBOYW1lPSJJZ25vcmVDYXNlIiBWYWx1ZT0iRmFsc2UiIC8+DQogICAgICAgICAgICA8UnVsZVBhcmFtZXRlciBOYW1lPSJVc2VSZWd1bGFyRXhwcmVzc2lvbiIgVmFsdWU9IkZhbHNlIiAvPg0KICAgICAgICAgICAgPFJ1bGVQYXJhbWV0ZXIgTmFtZT0iSHRtbERlY29kZSIgVmFsdWU9IlRydWUiIC8+DQogICAgICAgICAgICA8UnVsZVBhcmFtZXRlciBOYW1lPSJSZXF1aXJlZCIgVmFsdWU9IkZhbHNlIiAvPg0KICAgICAgICAgIDwvUnVsZVBhcmFtZXRlcnM+DQogICAgICAgIDwvRXh0cmFjdGlvblJ1bGU+DQogICAgICAgIDxFeHRyYWN0aW9uUnVsZSBDbGFzc25hbWU9Ik1pY3Jvc29mdC5WaXN1YWxTdHVkaW8uVGVzdFRvb2xzLldlYlRlc3RpbmcuUnVsZXMuRXh0cmFjdFRleHQsIE1pY3Jvc29mdC5WaXN1YWxTdHVkaW8uUXVhbGl0eVRvb2xzLldlYlRlc3RGcmFtZXdvcmssIFZlcnNpb249MTAuMC4wLjAsIEN1bHR1cmU9bmV1dHJhbCwgUHVibGljS2V5VG9rZW49YjAzZjVmN2YxMWQ1MGEzYSIgVmFyaWFibGVOYW1lPSJGb3JtUG9zdFBhcmFtMzIuaGlkZGVuSW5wdXRUb1VwZGF0ZUFUQnVmZmVyX0NvbW1vblRvb2xraXRTY3JpcHRzIiBEaXNwbGF5TmFtZT0iIiBEZXNjcmlwdGlvbj0iIj4NCiAgICAgICAgICA8UnVsZVBhcmFtZXRlcnM+DQogICAgICAgICAgICA8UnVsZVBhcmFtZXRlciBOYW1lPSJTdGFydHNXaXRoIiBWYWx1ZT0icyZxdW90OzpbJnF1b3Q7IiAvPg0KICAgICAgICAgICAgPFJ1bGVQYXJhbWV0ZXIgTmFtZT0iRW5kc1dpdGgiIFZhbHVlPSImcXVvdDssJnF1b3Q7MSZxdW90OyIgLz4NCiAgICAgICAgICAgIDxSdWxlUGFyYW1ldGVyIE5hbWU9IkluZGV4IiBWYWx1ZT0iMCIgLz4NCiAgICAgICAgICAgIDxSdWxlUGFyYW1ldGVyIE5hbWU9Iklnbm9yZUNhc2UiIFZhbHVlPSJGYWxzZSIgLz4NCiAgICAgICAgICAgIDxSdWxlUGFyYW1ldGVyIE5hbWU9IlVzZVJlZ3VsYXJFeHByZXNzaW9uIiBWYWx1ZT0iRmFsc2UiIC8+DQogICAgICAgICAgICA8UnVsZVBhcmFtZXRlciBOYW1lPSJIdG1sRGVjb2RlIiBWYWx1ZT0iVHJ1ZSIgLz4NCiAgICAgICAgICAgIDxSdWxlUGFyYW1ldGVyIE5hbWU9IlJlcXVpcmVkIiBWYWx1ZT0iRmFsc2UiIC8+DQogICAgICAgICAgPC9SdWxlUGFyYW1ldGVycz4NCiAgICAgICAgPC9FeHRyYWN0aW9uUnVsZT4NCiAgICAgIDwvQ29ycmVsYXRpb25FeHRyYWN0aW9uUnVsZXM+DQogICAgICA8Rm9ybVBvc3RIdHRwQm9keT4NCiAgICAgICAgPEZvcm1Qb3N0UGFyYW1ldGVyIE5hbWU9IlRvb2xraXRTY3JpcHRNYW5hZ2VyMV9IaWRkZW5GaWVsZCIgVmFsdWU9Int7JEhJRERFTjEuVG9vbGtpdFNjcmlwdE1hbmFnZXIxX0hpZGRlbkZpZWxkfX0iIFJlY29yZGVkVmFsdWU9IiIgQ29ycmVsYXRpb25CaW5kaW5nPSIiIFVybEVuY29kZT0iVHJ1ZSIgLz4NCiAgICAgICAgPEZvcm1Qb3N0UGFyYW1ldGVyIE5hbWU9Il9fRVZFTlRUQVJHRVQiIFZhbHVlPSJ7eyRISURERU4xLl9fRVZFTlRUQVJHRVR9fSIgUmVjb3JkZWRWYWx1ZT0iIiBDb3JyZWxhdGlvbkJpbmRpbmc9IiIgVXJsRW5jb2RlPSJUcnVlIiAvPg0KICAgICAgICA8Rm9ybVBvc3RQYXJhbWV0ZXIgTmFtZT0iX19FVkVOVEFSR1VNRU5UIiBWYWx1ZT0ie3skSElEREVOMS5fX0VWRU5UQVJHVU1FTlR9fSIgUmVjb3JkZWRWYWx1ZT0iIiBDb3JyZWxhdGlvbkJpbmRpbmc9IiIgVXJsRW5jb2RlPSJUcnVlIiAvPg0KICAgICAgICA8Rm9ybVBvc3RQYXJhbWV0ZXIgTmFtZT0iX19MQVNURk9DVVMiIFZhbHVlPSJ7eyRISURERU4xLl9fTEFTVEZPQ1VTfX0iIFJlY29yZGVkVmFsdWU9IiIgQ29ycmVsYXRpb25CaW5kaW5nPSIiIFVybEVuY29kZT0iVHJ1ZSIgLz4NCiAgICAgICAgPEZvcm1Qb3N0UGFyYW1ldGVyIE5hbWU9Il9fVlNUQVRFIiBWYWx1ZT0ie3skSElEREVOMS5fX1ZTVEFURX19IiBSZWNvcmRlZFZhbHVlPSJBUitMQ0FBQUFBQUFCQUR0R210ekc5WFZ1cmJrWjJJVGlDRU5yRFpPQjhlVFNOcGR2U3paRnZVcjJFMGNoMGhKbUFtTVpxVzlYaTFlN1lyZGxXME53elFVMG9TRWxEQVEyaEJheXBRVUNwTTBMVk13U1VyN0V6cWRmdWpuMXZMalUzOENQWGQzOWJCc1E2QVIwM2E2U2JUM25udnV1ZmU4N2pubmJyNXdkRDZFbkZReU9hb3FocWJLK2pIOGJGN1M4RkZWTjBiNDlPd2hYRWdtdTEzTzdWcktpRXVLS09QeGJHNXl6TGtOK2xONTJaQTI3YlpLV2ZFd24xZlNHV2M3TkovSVk5MlFWTVhabnM3TVRtRmVQaWp6b3RNbHprM3hrdEk1dUwraEE3bDJOcmRNSjBaVk1oMGFCMVV0ZTJTNmVUcGgwbk5OSjhaNEE4TXJJV1Z4Tzd4VWc1ZEpHekFTQ3dwTVFWL0EweWwwT3RzOG9UQVQ0dGhRSU5UWjNVTTFaN0d1OHlMR1ZGTXlqaGVjRHBicVRSNEZ3S1JPRmpmZ1h6d05mTXZBc0VUMk9LMlVXQmVwN3VRa3lHTkd3M29tRG1SZzlLREdaM0hHSEJpV3NXYllZTElWTlc5a0tCZHZHRHh3N1RXQVk1YmhXRFlpaENPY0lLVDdQZXdNay9ZRVVqamtTZkZNeU1PbWhDRFh6NlJUWElTbmR0cDdBa2xwaGJpaGdhUVBxMktHYW9lRnlNaGhOVDJib2JiYldFUTY5dkJKVlp1TlN3WUdvVGNHR1lacVNZTEVpTENjdTloSWhQUDErMWlHWGxvOFg3eDRqbWE1S01QQVg2bzVLUmhIZVkzbkZoOXVjRFEwTkJEWmtUZDVPaEQ4SElrWGRBTm52VUNJUDBDZndCcGhjaWpnWmNpZkEvUW9hRHF2NFNFRjV3Mk5sdy9RUi9NcFdVcURyU1RVV2F3TXBjSmhQcGdPaHRpSVA0Q1ovb2lURU45WlJkUDhTZkFwR1RmQ3lLNXl6M3NNWjFVRG1MZVhiSDB5SzhmVEdaemwyNkUxSnMzTVBBNEthSFE0dHR2RWJEeXk1MVpDeXRVRVA1L3RHSHhzSVN2VGMvYStlMWd2MDBOakphMEtRSHFvSjIvTWVOaFF6Mk94YlcyREMzcFVOeGVnWVlhaUQvWDBXSTNvQXJRemhwR0wrbnp6OC9QZWViOVgxVVFmeHpDczc4bXB3OWFtU3JoWlhRQU9nTENtMk5SMFQxWUNzOUxWR2NPVFZyTlJ3UE5ZV0Qyd0trMlRkYkdNczFneGFBVk1hcWpINUorMVJxMXhtSmVUOFVLaWtNTTIxSUxyNEtIQVRBVzRHYmxoWVk1UDR4RXNTa29QYlFDSm9SNHkxYlNzSHRyYVN0VGdOUkViUjJDQ25nTnN3bnhXVXFiVDZid0czSVBNZkYrNUJ1eGpYQkhxdHNRWVRzdGdxTVF4Njh2TEdGODRMR1VsWTBMTmEwZStsVlVtNnI0S09XWHJ0c2dVeEl0TW1abHZZWm02Y2pPZG1NcnJ4bWdHcDJmcnVJYkpCMmluM2t2VVYvSFlDcjMxODVMU0N2WHpFSWlSeDNobGRuS3NiaXVjNEdWSnFQTWF3OEl6WUxSMVhpVE93d0ZjbU5hR3lWcDFabVZTbVNOaUkrbkxQVmxwMExjeFhKcXcydEJxQXUwZGJSR2ZEVE90NHVQWUtPOWtVcmNoTUtybGNSbE9Fc3R5U2xPTzdLWFI0em9leldzYVVJYWtqaWNJNXVTN0NQenBqQ3FsY1EyM1dYNmgxTXNyS1RXdkNGaW95T0J1dUxXa1pLWXRNWmNUOHFlL05BOEtrR3FKV3RSNjhkbHZrdWZZY3l3U1h6V250SkJuems2QkJpdnlMckZpeVpHMnR5WUpKY2xXUkt1cDg5T2FnRFZUTURaZWh0ZEhNN3dpWWhDUXBPaVFzNE44S21LdHlwTmlrY2lncjdxL0RzbEtkR0ljWStIWTNUSktiYUppRXRzQXJLQlhweHV4QUtDdUEyeUtOeEZqdWZXSUV4c1J5ZEVmWXlwb1pyK010VDVveHdLaFFWOE5hQlBVRXNrYVNCbXpLbllTdE9wdUZVNHA5c1hDQktYY3E4VXdTYk5sbEpydGwwSlB6RS8yVSs1dFFKaUloYW9RcXNSVVB2aGpMT2luMGlzalZKM2JNUmJFVTkydnNvZkt3V3NTV2djb282MDdPZ2xUNndFMTVLb09QN0F5TnV4ak9aK2ZLZEd1SGkyNXRtWCt0a3V2ODVkQlg0MER4NXBJZFZSVE5aRmF5WldjNHA5Uk5YaEpDbm1ONUNWWmFFMGV3M01TUVNFVllRczh5SzRPdjdDZmRtcVBYWXNPNXcxMU9KZVRDK1BaRkJZSWJGVFhSMlZlMTBXcXk2NWVUOEt1dFN5dlFRbmJuTlJNS1RrUkU2WTZTNVU0Sm9lbENETmFrOE5tQVEwSVg3T0U3a2Fvc1ZQb0hvVGZ6bTRFQmZWaFNjd1lJK3JDaUliNTJYR0Z5RXJJQ04xb0JyQ2FrTVBFYWo0QlhNSkFSaENRMDRRMEpmQ0M0WHhvOWNybGxVcy9XbHE4L3M4N3I2eCtkR0hsZzR2Rno4LzgvZlN2QUc4M3dYUGY3M1RGajA2TUhHSUI4b2dONlZpK3ViajYyMHRyNTArdnZ2c0t3UGVVTUJtR2VaeGhBTExYaG5RdTNicFZQSDkxOWVPenk3Y3V3Vm93MUZ1TkhDSElmVFprSnlBVHpNdUx5NisvdFh6MjVaVTNQbGg1L3pWQThKZW0yRklTMElBTjZiSWcvemg5dW5qN3plbVZ6MzhOWTQ5MWRwa3NsMFhSMmUxQWptNUhseUNJcENXZ3gyRjJHOVdlSkVaR3JoaDR3OWxSZ09jcDM5VFVVejVCb05xU2NZaStobmtYMC9BbjZaV3JmLzF6QzdseFVBUWJOTkxrdnY2M0Z2UFc0aGptaFdsRkxtUUFJYUdxNElnNXArZlUydTJmTDc5Ky9tbTYrTnFkNHFzZkxmL2sydkxWSDRHSVQ2MWR2V0xDbHhmUHJGMTVyM2ptL2VLTnp5dzFnY2JndDR1OHFXWlZTY3RTZXRhWk9HNUljbkkwTXd2NlRhaWlLR05Ua1pJc0dZVjl2ZmswMlk2NTFXUTZNMXNaNmoxQXJ4c1VwRG5pTThOZ0liMTlBd0lJQ1JFUk9YV2pJR09uZXc2Q2hRUWgyZ09lSnlwUlE4ME56SlZwUlFkc0syb0JlYmVaRHNzRWZXeUk2aUFlVWJsRDZocmw4enJXelhQRWpBUWkxZnpONUFFN2ExTVZJU1ZiTXRodVpDVGRDNmRDSGcvMTlnNElZUGpkTHNxMXFlSmFOK2h0Z2hqQ09yVk5DT2dRTVFEM3p2V1QzZDFsWGJzZkxPdlkvVkRHdmV2ZlZhajdPODZqZDZGSjJPaFdlaVJEbTJ2UnZmc2JLdEQ5c09oK1JIUlRYMXM3YnZmbU9uSFROUUxkVTFhQ3U2ZEsrdE93bHlhcUEzd25IaTg1S1loNU02bDl1ZjFiMTZSYjJILzE0RWJKTmQ2bDVGem1ab0EzSWl4eUQ3bUhFQm9oNmFjb2RPM2MxUXFINXRvTGNHQ2RSUXlER0JZeEhHTDhpQWtnSm9pWUVCeitpT2xIVEFTeERHSlp4SEtJOVNNMmdOZ2dZa09JRFNPMkg3RVJ4REdJWXhISEljNWZENW9QN0cvY0pXNzFXR2VpczRwTjkzY0piMFAzZmgrSUN5QXVpTGdRNHNLSTYwZGNCUGtaNUdlUm4wTitQL0lIa0QrSS9DSGtEeU4vUC9KSFVJQkJBUllGT0JUd28wQUFCWUlvRUVLQk1BcjBvMEFFQlJrVVpGR1FRMEUvQ2daUU1JaUNJUlFNbzJBL0NrYisyL2NQT2h2YVVtZDM4MWg2YmUyRXVOZmRJS0RqeE92Y2U3Znl0Qzgvbnl4bjJ2UjhxZ3pkS3krenpPOS94TFhRLzEzclAyNy85OXExVHRuWmFDUHJKZmxzMHVwaWFQSjJMbXBXaVNRWEpWNGhtcDU0djlQQnVCOGdDZm1zaWI5RGhHYldhb0ZuSXJ2VlF0SjR5T1d0RmFyQ04yQTdxb2ZzeFZFMXpPRXhuYkFXOHF4cGtOUjI0cTBuU0F3L0tHRlpjRGFOcWdLbXRwazNPbEFjV01CV0Fod2x0MUNXNlhic2dHVGJRM3ZLQmdEdGpyVXpGNHVYemhWdm5sdCs5NXlyZU9hVHBkdHZ1cGJmZm5IMStrMVg4ZlNkbFZldmR4Yy92Z2xwaFcvNTdYUEZXNWVodGZMN1M4WEZqenZnWC9IQ0Zhc0kyYkY2OWtPb0o1YmZ1YmI4aThXbFA3eTlmTzM2anVJN253Sm82Zk1MWk9EYWRjRGRZU0d2ZlBqQ3lwVTdTN2N1TE4zK3BBTUdWODlkWFAzbHo1YitlTU5wVmxNN094eU1BK3lPY1hBT3Z5UGdDRHBDanJDajN4RWhuMVlaaGdVTDZLaFdLQWdsRHhKNm1Ob05aZUxDWWF5SVJ1WUlrWUdhemtPUkoySEZtQnpEa09GUFFnL3pXc1pzbXFQa2F5VVJWendqelJpSEpFVm83L3RCSEdyTW8zemFleEtueGhkeUd0WjE3NmlhemFxS2w1eXkrOWVoSDZDM3hLNThrUXg3L1Y0LzYyVy8rcE9ra3BmbEJ1cmg1SmlrNThZVktFZXhjRkxWQkgwNjlVeUZqN2FrV2FsT1FhV0tvUlFsUll3SVMyZk1aQmVicWRsdzJwRG04T1RVT0tsVlM1VXVtVGxaK25LZW9YWWtyYkk0b1I3UDViQTJ5dXU0OUNWWDErZGgxVTBqelZOZkdtbU1CV002QVRXVnJpcFRPS3R1akRlMUNGdEduZENNclBKR1ZNWXp4b0FBMHBENVFsUlNaRW5CbnBTc3BtY0hjcnhBdnBOR21mWEJxTVZLbHFtV1NtWG5QQ2tKUm1hM2RUVlErQjc1eWt1MVZJVFNsTndUSDBFL1JGYmxOb3NMK1p6enA4aE1rUTNKa00wVVdacWg5MVdTWnE5c21oZ2RHNkk1aHFFZmZaU3VqTkY3aHVqZTNyN242RGE2R2pwVTFmSHErWlIxVzd5UE9VQW85QTNRYmM4UHRNM3hHcTBtRmd4QUZzQTJ5YjJuVjhUR3VIVUZPbEtZRkRZS1dPWlRSSDVQZ0hUN3pGMmFCR0FQeEpMNm5pTTlyNlFvV0NOV0M0U3RqL2JlR2JQODJ2ZjllSEpLRjAxcm0xUnllUU84eHpTM0EvUUdadTJOUGkrWU54ZE43dUE2ZWJyRDZEUXlieWNzYTdHT3F3ZFBGZDk3di9pYmo5WisvR2J4eGx0UEZ6LzlYZkh5T3l0dmZHQXErQTFIU1lNMGwxdWdXUVorU28wQk9xM0txaGJkeXpETUFKMGlGYXBHa3ZZb3ZmZmd3ZkgrNGRBQVBhTXFobWNlazl1VEtKMVNaUUh3VkhLckdxVlpvS0tyVU1qU0FyaUlxUEdGQVhvK0l4bllZMTdGUjJsRm5kZjRYR21DUitNRkthOUhhVDhzTEtEbXlubit2TTNIZmZ0V3J0NG92bnh4NWFWMzE2NjhCR2RXSHd5K1dPTFNFWVRlMlZLdmtURVA4Z3MxL1ZkcitxODd5SDhvdVE4NXVyb2J5SitPQi9ZM1FDeTZYSFkzaUUxbW1McGlRWm82VGYvYjdkeFdjZ1pGVmZDQThDKzhvRTNDR1NNQUFBPT0iIENvcnJlbGF0aW9uQmluZGluZz0iIiBVcmxFbmNvZGU9IlRydWUiIC8+DQogICAgICAgIDxGb3JtUG9zdFBhcmFtZXRlciBOYW1lPSJfX1ZJRVdTVEFURSIgVmFsdWU9Int7JEhJRERFTjEuX19WSUVXU1RBVEV9fSIgUmVjb3JkZWRWYWx1ZT0iIiBDb3JyZWxhdGlvbkJpbmRpbmc9IiIgVXJsRW5jb2RlPSJUcnVlIiAvPg0KICAgICAgICA8Rm9ybVBvc3RQYXJhbWV0ZXIgTmFtZT0iX19TQ1JPTExQT1NJVElPTlgiIFZhbHVlPSJ7eyRISURERU4xLl9fU0NST0xMUE9TSVRJT05YfX0iIFJlY29yZGVkVmFsdWU9IjAiIENvcnJlbGF0aW9uQmluZGluZz0iIiBVcmxFbmNvZGU9IlRydWUiIC8+DQogICAgICAgIDxGb3JtUG9zdFBhcmFtZXRlciBOYW1lPSJfX1NDUk9MTFBPU0lUSU9OWSIgVmFsdWU9Int7JEhJRERFTjEuX19TQ1JPTExQT1NJVElPTll9fSIgUmVjb3JkZWRWYWx1ZT0iMCIgQ29ycmVsYXRpb25CaW5kaW5nPSIiIFVybEVuY29kZT0iVHJ1ZSIgLz4NCiAgICAgICAgPEZvcm1Qb3N0UGFyYW1ldGVyIE5hbWU9Il9fVklFV1NUQVRFRU5DUllQVEVEIiBWYWx1ZT0ie3skSElEREVOMS5fX1ZJRVdTVEFURUVOQ1JZUFRFRH19IiBSZWNvcmRlZFZhbHVlPSIiIENvcnJlbGF0aW9uQmluZGluZz0iIiBVcmxFbmNvZGU9IlRydWUiIC8+DQogICAgICAgIDxGb3JtUG9zdFBhcmFtZXRlciBOYW1lPSJfX0VWRU5UVkFMSURBVElPTiIgVmFsdWU9Int7JEhJRERFTjEuX19FVkVOVFZBTElEQVRJT059fSIgUmVjb3JkZWRWYWx1ZT0iMkowbUxqZjlneERaUGdYQU92ejlSeHcvS09lTVdob3N0MzhsV0prT3ZOOGpoWjBUazFDR1dSd2NEVXk1a0owTytWZVp6OWNIYzh5OEJ5VnRJcFR1clk0WkpiUEZzMmcrYW14dGNqNllHN1owcU4xK1YzUVpRRExNWXJXNEVUWVVqZVZ2MDVzb3QyY29hU21GTVhsM1hlNThxRUJiZTYwVWFHNG5iWHZjV0Z4SzFpdlFrV0FJRXBHZGp6WXpjU3FHWnBTZVNRMklPNEhxUCtVYmxXaHFwK2E5Z0ZkUFZkY0RLdmpOV1Q2ZXBBcGU0d2Rpc29QaUNuZUNBdk0vLzFPbjJMRDNWMW1PeDF5eHEycDJ6WXd4eTFRR3JPNXpDMHhoOFM0N2QxdGRpSGhaaGNjU0xKa004aG1yNzB1S2dhUmMzdy9CYXVmU2Z3YWk4blRMN3UwNWM2VDRQRWpKYS9IS3NqUEhCV2lNYk1uL2tpRjNjeVUvUGhuWGhIQ1oxb3N4UGV0UTgrRHFxSjh0SndPRDlsZ1QxYnRDQllJdHR1TEhmWHRhUXA1RUFqVUZwVVdURktXcWVhczg4VlVYaUxHS0ZzSDFOckdTYVBhb3EwREhQZ0M5U2ZXMHJpOWphWHB1YVJzM3lNNG9Jc2ZmWUZFUU16OUtTQmhxTnUwNlozR3o2dmpCTWFRUGI0U2V1UU4vblQ1UmVlZHZ2RExBNUc1TEEvcG0rYUlmTnkwTVV4WjdLMHdUYklBOS9vWExZZHozVU5QUFFxYnRLNmVISy94Ung4NmZMTTZxSXNkR2dXeGt2a3loa1ZIZGNZOW9rWnJlSERIc0tHeXhzTEtoZzQ3TXJIdmIxNXpMZ1pHQUN4Zm9zclY1RlZmZ2pXamVSdFRydHpNS1lraXZCU0d4SG44d1lqZytjMWVjeXY3cGlQSWFoclNmWk1lMGRpbTdKUzRCYjVxYXFtUy95Q0svMlFjZ0dNdWNPd2VJclRWMnM4SjdRRXQ3bHcwR3NHTnZGb1ZPbHBQU3ZxQ1VPenlsbHJ0bnB0VEoxRW1VMEhZb2p1RDM0b3Q2bHJITkhCSUFmS1dqNGxFVUpOeVhjZUdidTlQckJnR09CRkViVHBTelNsL3dwTDJEc3ExY3Y0d2ZlaU9LRkc1bE5YVFJFd0VvK1lTNEhZcDVZdXNZWkxnM3Y2dWQ3RnhvWHdRWnVpK2hQeU85STNDRzRqUm4zODBGb0MvZjBmanc5T2MrUE9HN2x2R044ZHBWSEVkaVhaQXZDWjZiN1pLb1I0MUptalFKRENBQXlRR1ZSM0hlQlkyMGI2UGlZSlM2azEyVktxY081Z3VCWlhmak9Ka3dRTHhVSTNxSUk0cWIxSVprQjdRdVFhbHhOeFJpSE1qQnZiVEdIWk0zaEJMV0tQNmdzWENiMVFSYVNYM1o2bTVweW95Z1hpQmtxa3RNb3BhSEcvY3d3RURWZ25ZdEpReEtOZ21DQW1lN3UzbVFBaXlNTEVLMmUyNm5pY3kxM2E4c3ZaV29qTE1LbEN4U2JTcnZrWWNGSER3MzNtZXhEYkdYVEhRRUFjeHBDU3orSVZrWEtOMTNSeURWT1BLMTlMcjUrNkVQditGOGdmRTRCbkI0RC96UFJBeHowdFlhK0pOUjltaS9pa1AySUcwQlhGZ2s5L1FkK3F5b0hHcGNVclMxZnBPZS9ud2wxZzdXQmVvZnAzcXk3WEx1eWF0NXQ1V0ZFclo4OUFzZkZTSnQ1ZjM0aDBLVmhabUl2Y1o4SXoxWE9odzdCMys3ZFQvRklNNEtocmFwVnpVZ1dBL3ZrNm1xeTFQL0x6bDZsUTdNQ3dZZUFzYTRGbXFoZkhPNTlYdElDdGlVcTgrNm9HdTI4RS9lUTkxaUQ5eTBlODRxUzFTRDMwQ3NsbDNzUjZLQ3pRVS9QWVBFdVIySWZyaTJvNmh1V1pvMm82KzFBdi9EZHBmODh2WTMybXdOVGgzSU9tc0w2YXBUeWp2M0gvU3AvZGd1V2xuaGttTElMdHJNQjROU1hRWjR1YVZHZjhTWUNYZ0dXN2ZueTFHTlFlR0U5RnVnUjhzUE9BcGV1aXlyOFRpWnh5Wnp5REtTRUJDczZTcGVGelFOb29FeXBBY01wczVMNE45NjVsTW9QYzZXRTB2bkd2NXZEYjFVNEVXL0ZvSnB5Zml6dmtGa1VScmdZdFNPcGJtb3Vta3BBS3AxL2drcXpnWGVja21HTWlHT2oxb2tudWhpMnBxNkxoK1R3MWpIMnBIMzc3TFVBdmJubHF6ajM2Nm5nWW0vbGxybUYyLy9KUHVxR1d6L2Nad05Jb0cyTVFZd2xTd3pzSWdCYUVITHhmRlpuUkRicGdKN1pWYlowQXFGU0xSUEhDMEF5TThsaW9MMncrV1RGVVMyb3phQkxMZGtOTGowdDZTd2duYjRFQmsyMW84TUY2elEyejR1YkpQVmpwTzJ3N1d4YnB0KytQNXFoMVdEZXRFRUhzL0JJamEvSEVldm9qMzVOM0RmdVFPL0I4RjlMUFRIMExpald5MnhKWXRtbGJRTE9yaC92QTdMNzkza3Jld3NkUVVrNVJtdUJJVi92d1JjQ2RteGF1a3NjNDhDVnc1bDAzRmh3QjE3UGJIM2ZiYWF1Q3dMb3ZrQTRRd2k5NlpCd2liV2pxRTMxR2JQcm92Qlg1YUVmMEY2ZHUraDdvbG5KUHpiV0RIbE9aUU83VFVsbjI0RC9ibmNqbFJPTVFtM25EYWpUUDBMcWtrS3pNb3hEcjBTdW9vVTNIcG9MWDVkaEdOVFBad2t2L1Q2WXNQaVpZdnNkcm9pY1psczJ3cVZuMkl3OGE5QkNBY01YNEMraHJrc3E5Y3orUHloODkrVTlSV3RpMXF3VDJPSGxyeWFrR1VlR3Y2VDcxOGRYUVlRemJUKy9PR3BRMnpSRk5JcExsY2FzSXpvVVg0eFM1U0NwMWlXcEtRc1c0bXpTalZxOEsrdEYxY0pnZGp1VTFCUTZ3NHlBYUl1MnpCZTZrWjVhOUYrSkxIY1ZXcTJzMm5TSk1vWS9NR1hxMVp1ME5VQzBsSzFlZzJaakR1L25UMHRqcVZOaWZkZGZ1Y05OK01pNEhkWVhOVDFEVVpMUVFlRnhTSDVKc0tGTFhMdWJvSnVQbXg3MlNSNTBSbE14TzBEZlB4TzRUd05ML0VJQWIxUnZtTGg1d2hoYm9lZG5td3Nqb2I0TW9pSnF5VGpBUzV4SW1iaDMyU3FxaHdNelE4ell5TUpaMkJuS3kxM2Z0NmxYc004N29ITERuNkNkYkgySHNzZ2p4cWJHTVFOZGNCTWFJZm1WU1JQWkJocnhiOWZPVCswV2FGK04wcG9HQjlWY0ovVTdhTWFURzlBdm5rcmdvdHBWK3RCNTBHaVJqTVR3c2xLQlZtYVAzYzlSUVY2OTZrQ0RJOEd6MDIzelJQKzFZZk9JRXZIakRaZjlXd0RvaXFwZ01MSGEycG1lWDc0V21QdEdDTGhtRGVtT25uUTJTWDlJV1JuNC9sTHBNdGhlOEEyRkhnWXJaSmJwU3dvamY3bExweGdRcXlGTGJMTmx4aXlDRFh3SElqRnVrN0J0QmJjZkJIYW5YYUZrdU4yOURYTGN2aFRuZjhSNEJKR05XUHlzZFhvaTVTZVQ3dERsVTU1WWs4WnlPU2ptakxyWXJMazlNNFhZb3RXTmtpOXlJVWFQdVJRb1dhMFNaYzIvR255emFKejFuZG14aFZpT2lUR2NkSTU1UmdMc3ZCOUQrWFB5eEU0ZjRyMEsrdHMyTmJ6dDhkeXE4S09QazFxVjI0RFhVSHBkenJ3dkREdlRvckl3ZW0yWW4yUUZvK1lFS3NTZEY1Q09RNXNKYmkydXUwejlNNlR5NWlobm83T3ZXcWcxbVZob1dZOUZkcExLVHZQcVEzU2JFYUl6NG5yQnphQVB6ZkUyUnJVdER0RWNPTDN0VU1iam1mTEcyOTVCZGxaN0Z2TWJxQ2RvZWcwMTgyZUorUmNIUnlEQkorbmR4blppN3dMa24zWHFCL0VkbUFPUFhRN2p5YnhpVDRheEY2eVJoY0d4cko0MHRYT0ErUGx3REVNakdZSUY1dURmTkIwdEo5RVh0YmV3c2hua3JoOEY5VWVyOTVCNnYxNkJRTE5RVzRwQzFFUFlFYjczdXJHb21yMWw0NEVRc0lkUnRBdEZOVkN3amNkNDNwMEVCNGM5VlhkOHBoMUJscHRXcEVpL3VtRi9VU2RVWHlkdEdCWjhCcXZpN3FpQ2VGREtGdkFKS3QvWFRNR0JEOHBvcytuNktDUlU3b3JtVUl6VU1iZFRKbGV0WStjMzRpcml6Q013WUt1K3pIL1J2TWE2U0hGWERGZzJ6bzh2RWY2a0RZd1Z2dGl4bTdKZDBRVmJvY2xTSElQZ3NjM2JlbFlrYWwzMTdYZFJTNjVPRUx3cFFpd0hQbHlhMVlXNzErV0NUSVJZYkx3TmV6d3VwRFBvNlNjZjlLWWN3eVIxU0duNFYwVTJ0WVVRVWh5Q01LMlNPN0hnbHllNC9NMlRDcXRpdnFCNFFrUnlzOTNsVHcwT285MU1qRUprY2RlNlBDQlR4VzJjc1d4dnRnVDNiSlV4clNCT3U0Smk1MGFXY3JqbmFKd0svNnk3N2VUa3NDMEJVUkJ2K0U0ZS9mcXVCM2c5TFhwcHh5WEQ2dnNDV0phNGkxbHBjM2piYlE2eFh6Nm5FOXoyZ2FxNVUrTGVVMGRrK1gxOWpOalp4VEVPUzVTR0c1RDBPaVZKV3pMVlBGM3puK2NtY21HTlVBZjQ5UStobXBPd1Q4Y2twSkIzZzZQdVJOS1JTR2ZHVVhrM0YrZUxLVzgrSFpwNG9oaEZGZkZvbXMyWnlvLzkzME1NeldLRzAvSG5NZ1BlZnJRK0FaT0JFMStLdDNabjZ6ZDBIdGRPRTFvcnNJWDlNWEp2dlhqODFzTytxSFNUVzQ4bmF0dnZlUVVRalE2eXRYRHhIaHpoNU02R3JlWXFxUVZIMXNMazJYTnk4ekVNdFpRVnlJOE5keVd0a29QcTkwZ2dRR0U3SndNQmF6TDFQZ1ZVcjEvRVBYNHRIRllmVW0waU5tNDBjWkVaK3N4RmZEWFp3YWV6WHVQSWNsNjArekU4akdTTmc3d3pYZmRxWGFENUFBT2QvU1o1OWszU2wyeFF5bkdUTnlBR01EdWhsRVhENkNWM3NNMFlQMnkrYmsvc0M0UVk3TzYyTjY4blZFaTlPbzNSZmxWdUZQN0JTN01tdmZ0WU8wWWg1U2YyWVFNMW9jM0FoZTdMSkpmVldBdFFLdUlBYmtyd3FrMVd0T0ZnRkkrOUlWN1pSa0MyNm93cW9nalJGTjRUTTM4TTNxTFZaUHBOVlovWGsrcnBmc3pZTkpweUk0ZGtYOVpyZS94WWx5TFhxZFBEbzQ0OUVSaXlwYkVqYnY5eW5FbERUbXdxZDBWbWdIL1VVR1lzUlhUMUxabEFMMS9tK2FnOHlySG5rc2NpQmo5UndUSGw4T1dLWnV2VnF4dFBIeURybWkrRFhXU3VnaXgyTDk0ZDJ5cGViaGJPTjhQQnhDR3JRR2RFR1pybzdybmJRN3RHclNybExTL2hMSG5hRFh4bnV3VXYzTjBXYk8va2VLK0hFYmh6SUpzMTVVUjYvaWZRT0ptOEJLSUNYUlpEK0pSK1F1Vk05MW1PRCtkQ05MdVJ3Y21hWEYxZnBZRUQrVmg1M2NYN0VwUG1rNmt6bG0wRU1ZSW9NMHZUdlJoKy9SNFBWVm5aWmY1KzYxTW5vV1hrTGtOSzdqY0pKMFpJT3FWYTRwNWJYL2tab3VmcnJHNUpPWG9zeHZOWm8xYWhNSy8vcjQzOElLMVJnWTNISHlzdkhWY2xrT0xzV0haazhsdWV5Vkx5cUJDbVV0aGZBZG01V21jbkRBQzZEb1pjNDBXWWtwU1FscXdZQjBISzVxcmsxUFZUcTMzalBtbGZ4eWdYTVgyNDFrc0lkcmdDZmVGM01OSkdDZ0d3dnNjK0M4ZFVpV0FkS1ZlZGNlblFnbHBDamh0NmpsUmNzS3dqZ21IOW5jcWY3NEJNWUV3SXdseW9qOXJpK1VjR1JjRTZYVHNmUW9rK3VzODN3cEsyVndzRGtIM2xUQUY5T21WYUt5VjNFbTZIT2c0bTVWMHdVVHpoOXZFa29BNTI2bjZHcjh1QThCNVUyMmJ1ZFUrS1RBTHV2Mm43TTZTT00vQW9uSWs3S1dXam1yWmo5Z1B1MXdrRnlFZlJKM1ZMSkZWbTg3UFpRRDVoZllRaEhSdUlIQ0hwQlJjUFlXOEJGOHovZW4wR3dwZDVJemZKWHlVeUcvZlFJb29xb2VuVHRhUkdiRlVDSUtGQkpIcEM3eTl1VTVqRFFHakNPNVVsdkN1WDRtMG5sN3FyOWk1c3ZNa2RtbFlHL0lsZ0h0S1h2T0RxakJ0QlduMzBWUlEvSHY0U3lzYjJmNmZWUTQ4MnE3RzY0R0JTNzhhYk0rWnlVQ3oraUNERmx6RVVmOCtKRXQ0a1phNTNidTd4N0pkZ3puSDJhWVdzdWcvMlBpVmt4akRqT0wvSjRyaTlGR1pGUkNFUysxK2ZtdnY4T3ZYOVJLSFd5SDZKRlR4c1NOLzFQRTRTZldjYTlQS3puL2creFdMR3gxK0Q0Lzg1MTdmVjUxVEJOOVkxYnRqdzR0RlMreCtUNXdmSzR1QkxyVHlWUUNRRDhZK3dmVTV1VSsycWZ1ajBoTklGaERnRTYyMC9LMzI5WURnejB5M2NCUWRPTTh1S3FxV0pPVmh2emh4cDBGTjF1TU9ReUpnY0E5c2puTkt5MjBJTzI0U1RtNEdzNmNKOVhySDJZY0NoVUpER2MxeXEzTnVVVHhHVzFOQnFZWU5uNlhWajZJcEZFNVJFU3hMaU9haFh1TkNzK3RGYUhuZmtTUFVHVzdDSWNRZWVDUVlNQ2JpNi96U0xkejA1SDRac3FOVytLenVUL1ZuS2xJbzFubGUwenpzZUFkMFRINEE2cllLTFBhaGZ0eEljTllzWC9ubkNwU3RLNW4wS29ybzhnNGp5dG9rOHNYTDdIc201aHc9IiBDb3JyZWxhdGlvbkJpbmRpbmc9IiIgVXJsRW5jb2RlPSJUcnVlIiAvPg0KICAgICAgICA8Rm9ybVBvc3RQYXJhbWV0ZXIgTmFtZT0iYnRuVGVtcFNhdmVJbnZpc2libGUiIFZhbHVlPSLmmqvlrZgiIFJlY29yZGVkVmFsdWU9Iuaaq+WtmCIgQ29ycmVsYXRpb25CaW5kaW5nPSJ7e0Zvcm1Qb3N0UGFyYW0zMy5idG5UZW1wU2F2ZUludmlzaWJsZX19IiBVcmxFbmNvZGU9IlRydWUiIC8+DQogICAgICAgIDxGb3JtUG9zdFBhcmFtZXRlciBOYW1lPSJPVEVtcElEIiBWYWx1ZT0icmJ0U2luZ2xlRW1wSUQiIFJlY29yZGVkVmFsdWU9InJidFNpbmdsZUVtcElEIiBDb3JyZWxhdGlvbkJpbmRpbmc9Int7Rm9ybVBvc3RQYXJhbTM0Lk9URW1wSUR9fSIgVXJsRW5jb2RlPSJUcnVlIiAvPg0KICAgICAgICA8Rm9ybVBvc3RQYXJhbWV0ZXIgTmFtZT0idHh0T1RFbXBJRCIgVmFsdWU9IjEwMjExOSIgUmVjb3JkZWRWYWx1ZT0iMTAyMTE5IiBDb3JyZWxhdGlvbkJpbmRpbmc9Int7Rm9ybVBvc3RQYXJhbTM1LnR4dE9URW1wSUR9fSIgVXJsRW5jb2RlPSJUcnVlIiAvPg0KICAgICAgICA8Rm9ybVBvc3RQYXJhbWV0ZXIgTmFtZT0idHh0T1RFbXBOYW1lIiBWYWx1ZT0i5buWT+e+qSIgUmVjb3JkZWRWYWx1ZT0i5buWT+e+qSIgQ29ycmVsYXRpb25CaW5kaW5nPSJ7e0Zvcm1Qb3N0UGFyYW0zNi50eHRPVEVtcE5hbWV9fSIgVXJsRW5jb2RlPSJUcnVlIiAvPg0KICAgICAgICA8Rm9ybVBvc3RQYXJhbWV0ZXIgTmFtZT0idWNEYXRlU3RhcnQkdHh0RGF0ZSIgVmFsdWU9IjIwMTcvMDUvMTYiIFJlY29yZGVkVmFsdWU9IjIwMTcvMDUvMTYiIENvcnJlbGF0aW9uQmluZGluZz0ie3tGb3JtUG9zdFBhcmFtMzcudWNEYXRlU3RhcnQkdHh0RGF0ZX19IiBVcmxFbmNvZGU9IlRydWUiIC8+DQogICAgICAgIDxGb3JtUG9zdFBhcmFtZXRlciBOYW1lPSJ1Y0RhdGVFbmQkdHh0RGF0ZSIgVmFsdWU9IjIwMTcvMDUvMTYiIFJlY29yZGVkVmFsdWU9IjIwMTcvMDUvMTYiIENvcnJlbGF0aW9uQmluZGluZz0ie3tGb3JtUG9zdFBhcmFtMzgudWNEYXRlRW5kJHR4dERhdGV9fSIgVXJsRW5jb2RlPSJUcnVlIiAvPg0KICAgICAgICA8Rm9ybVBvc3RQYXJhbWV0ZXIgTmFtZT0iT1RUaW1lU3RhcnQkZGRsSEgiIFZhbHVlPSIwMCIgUmVjb3JkZWRWYWx1ZT0iMDAiIENvcnJlbGF0aW9uQmluZGluZz0ie3tGb3JtUG9zdFBhcmFtMzkuT1RUaW1lU3RhcnQkZGRsSEh9fSIgVXJsRW5jb2RlPSJUcnVlIiAvPg0KICAgICAgICA8Rm9ybVBvc3RQYXJhbWV0ZXIgTmFtZT0iT1RUaW1lU3RhcnQkZGRsTU0iIFZhbHVlPSIwMCIgUmVjb3JkZWRWYWx1ZT0iMDAiIENvcnJlbGF0aW9uQmluZGluZz0ie3tGb3JtUG9zdFBhcmFtNDAuT1RUaW1lU3RhcnQkZGRsTU19fSIgVXJsRW5jb2RlPSJUcnVlIiAvPg0KICAgICAgICA8Rm9ybVBvc3RQYXJhbWV0ZXIgTmFtZT0iT1RUaW1lRW5kJGRkbEhIIiBWYWx1ZT0iMDEiIFJlY29yZGVkVmFsdWU9IjAxIiBDb3JyZWxhdGlvbkJpbmRpbmc9Int7Rm9ybVBvc3RQYXJhbTQxLk9UVGltZUVuZCRkZGxISH19IiBVcmxFbmNvZGU9IlRydWUiIC8+DQogICAgICAgIDxGb3JtUG9zdFBhcmFtZXRlciBOYW1lPSJPVFRpbWVFbmQkZGRsTU0iIFZhbHVlPSIwMCIgUmVjb3JkZWRWYWx1ZT0iMDAiIENvcnJlbGF0aW9uQmluZGluZz0ie3tGb3JtUG9zdFBhcmFtNDIuT1RUaW1lRW5kJGRkbE1NfX0iIFVybEVuY29kZT0iVHJ1ZSIgLz4NCiAgICAgICAgPEZvcm1Qb3N0UGFyYW1ldGVyIE5hbWU9ImRkbE9UVHlwZUlEIiBWYWx1ZT0iMTAiIFJlY29yZGVkVmFsdWU9IjEwIiBDb3JyZWxhdGlvbkJpbmRpbmc9Int7Rm9ybVBvc3RQYXJhbTQzLmRkbE9UVHlwZUlEfX0iIFVybEVuY29kZT0iVHJ1ZSIgLz4NCiAgICAgICAgPEZvcm1Qb3N0UGFyYW1ldGVyIE5hbWU9InR4dE9UUmVhc29uTWVtbyR0eHREYXRhIiBWYWx1ZT0idGVzdCIgUmVjb3JkZWRWYWx1ZT0idGVzdCIgQ29ycmVsYXRpb25CaW5kaW5nPSIiIFVybEVuY29kZT0iVHJ1ZSIgLz4NCiAgICAgICAgPEZvcm1Qb3N0UGFyYW1ldGVyIE5hbWU9ImRkbE9yZyIgVmFsdWU9IjEiIFJlY29yZGVkVmFsdWU9IjEiIENvcnJlbGF0aW9uQmluZGluZz0ie3tGb3JtUG9zdFBhcmFtNDQuZGRsT3JnfX0iIFVybEVuY29kZT0iVHJ1ZSIgLz4NCiAgICAgICAgPEZvcm1Qb3N0UGFyYW1ldGVyIE5hbWU9InVjQ2FzY2FkaW5nRHJvcERvd24xJGRkbDAyIiBWYWx1ZT0iMDAwRzAwIiBSZWNvcmRlZFZhbHVlPSIwMDBHMDAiIENvcnJlbGF0aW9uQmluZGluZz0ie3tGb3JtUG9zdFBhcmFtNDUudWNDYXNjYWRpbmdEcm9wRG93bjEkZGRsMDJ9fSIgVXJsRW5jb2RlPSJUcnVlIiAvPg0KICAgICAgICA8Rm9ybVBvc3RQYXJhbWV0ZXIgTmFtZT0idWNDYXNjYWRpbmdEcm9wRG93bjEkZGRsMDMiIFZhbHVlPSIwMDBHOTAiIFJlY29yZGVkVmFsdWU9IjAwMEc5MCIgQ29ycmVsYXRpb25CaW5kaW5nPSJ7e0Zvcm1Qb3N0UGFyYW00Ni51Y0Nhc2NhZGluZ0Ryb3BEb3duMSRkZGwwM319IiBVcmxFbmNvZGU9IlRydWUiIC8+DQogICAgICAgIDxGb3JtUG9zdFBhcmFtZXRlciBOYW1lPSJ1Y0Nhc2NhZGluZ0Ryb3BEb3duMSRkZGwwNCIgVmFsdWU9IiIgUmVjb3JkZWRWYWx1ZT0iIiBDb3JyZWxhdGlvbkJpbmRpbmc9IiIgVXJsRW5jb2RlPSJUcnVlIiAvPg0KICAgICAgICA8Rm9ybVBvc3RQYXJhbWV0ZXIgTmFtZT0idWNDYXNjYWRpbmdEcm9wRG93bjEkQ2FzY2FkaW5nRHJvcERvd24xX0NsaWVudFN0YXRlIiBWYWx1ZT0ie3skSElEREVOMS51Y0Nhc2NhZGluZ0Ryb3BEb3duMSRDYXNjYWRpbmdEcm9wRG93bjFfQ2xpZW50U3RhdGV9fSIgUmVjb3JkZWRWYWx1ZT0iU1BIQksxIiBDb3JyZWxhdGlvbkJpbmRpbmc9IiIgVXJsRW5jb2RlPSJUcnVlIiAvPg0KICAgICAgICA8Rm9ybVBvc3RQYXJhbWV0ZXIgTmFtZT0idWNDYXNjYWRpbmdEcm9wRG93bjEkQ2FzY2FkaW5nRHJvcERvd24yX0NsaWVudFN0YXRlIiBWYWx1ZT0ie3skSElEREVOMS51Y0Nhc2NhZGluZ0Ryb3BEb3duMSRDYXNjYWRpbmdEcm9wRG93bjJfQ2xpZW50U3RhdGV9fSIgUmVjb3JkZWRWYWx1ZT0iMDAwRzAwIiBDb3JyZWxhdGlvbkJpbmRpbmc9IiIgVXJsRW5jb2RlPSJUcnVlIiAvPg0KICAgICAgICA8Rm9ybVBvc3RQYXJhbWV0ZXIgTmFtZT0idWNDYXNjYWRpbmdEcm9wRG93bjEkQ2FzY2FkaW5nRHJvcERvd24zX0NsaWVudFN0YXRlIiBWYWx1ZT0ie3skSElEREVOMS51Y0Nhc2NhZGluZ0Ryb3BEb3duMSRDYXNjYWRpbmdEcm9wRG93bjNfQ2xpZW50U3RhdGV9fSIgUmVjb3JkZWRWYWx1ZT0iMDAwRzkwIiBDb3JyZWxhdGlvbkJpbmRpbmc9IiIgVXJsRW5jb2RlPSJUcnVlIiAvPg0KICAgICAgICA8Rm9ybVBvc3RQYXJhbWV0ZXIgTmFtZT0idWNDYXNjYWRpbmdEcm9wRG93bjEkQ2FzY2FkaW5nRHJvcERvd240X0NsaWVudFN0YXRlIiBWYWx1ZT0ie3skSElEREVOMS51Y0Nhc2NhZGluZ0Ryb3BEb3duMSRDYXNjYWRpbmdEcm9wRG93bjRfQ2xpZW50U3RhdGV9fSIgUmVjb3JkZWRWYWx1ZT0iOjo6Ojo6IiBDb3JyZWxhdGlvbkJpbmRpbmc9IiIgVXJsRW5jb2RlPSJUcnVlIiAvPg0KICAgICAgICA8Rm9ybVBvc3RQYXJhbWV0ZXIgTmFtZT0idWNDYXNjYWRpbmdEcm9wRG93bjEkQ2FzY2FkaW5nRHJvcERvd241X0NsaWVudFN0YXRlIiBWYWx1ZT0ie3skSElEREVOMS51Y0Nhc2NhZGluZ0Ryb3BEb3duMSRDYXNjYWRpbmdEcm9wRG93bjVfQ2xpZW50U3RhdGV9fSIgUmVjb3JkZWRWYWx1ZT0iIiBDb3JyZWxhdGlvbkJpbmRpbmc9IiIgVXJsRW5jb2RlPSJUcnVlIiAvPg0KICAgICAgICA8Rm9ybVBvc3RQYXJhbWV0ZXIgTmFtZT0idWNDYXNjYWRpbmdEcm9wRG93bjIkZGRsMDEiIFZhbHVlPSIiIFJlY29yZGVkVmFsdWU9IiIgQ29ycmVsYXRpb25CaW5kaW5nPSIiIFVybEVuY29kZT0iVHJ1ZSIgLz4NCiAgICAgICAgPEZvcm1Qb3N0UGFyYW1ldGVyIE5hbWU9InVjQ2FzY2FkaW5nRHJvcERvd24yJGRkbDAyIiBWYWx1ZT0iIiBSZWNvcmRlZFZhbHVlPSIiIENvcnJlbGF0aW9uQmluZGluZz0iIiBVcmxFbmNvZGU9IlRydWUiIC8+DQogICAgICAgIDxGb3JtUG9zdFBhcmFtZXRlciBOYW1lPSJ1Y0Nhc2NhZGluZ0Ryb3BEb3duMiRkZGwwMyIgVmFsdWU9IiIgUmVjb3JkZWRWYWx1ZT0iIiBDb3JyZWxhdGlvbkJpbmRpbmc9IiIgVXJsRW5jb2RlPSJUcnVlIiAvPg0KICAgICAgICA8Rm9ybVBvc3RQYXJhbWV0ZXIgTmFtZT0idWNDYXNjYWRpbmdEcm9wRG93bjIkQ2FzY2FkaW5nRHJvcERvd24xX0NsaWVudFN0YXRlIiBWYWx1ZT0ie3skSElEREVOMS51Y0Nhc2NhZGluZ0Ryb3BEb3duMiRDYXNjYWRpbmdEcm9wRG93bjFfQ2xpZW50U3RhdGV9fSIgUmVjb3JkZWRWYWx1ZT0iOjo6Ojo6IiBDb3JyZWxhdGlvbkJpbmRpbmc9IiIgVXJsRW5jb2RlPSJUcnVlIiAvPg0KICAgICAgICA8Rm9ybVBvc3RQYXJhbWV0ZXIgTmFtZT0idWNDYXNjYWRpbmdEcm9wRG93bjIkQ2FzY2FkaW5nRHJvcERvd24yX0NsaWVudFN0YXRlIiBWYWx1ZT0ie3skSElEREVOMS51Y0Nhc2NhZGluZ0Ryb3BEb3duMiRDYXNjYWRpbmdEcm9wRG93bjJfQ2xpZW50U3RhdGV9fSIgUmVjb3JkZWRWYWx1ZT0iOjo6Ojo6IiBDb3JyZWxhdGlvbkJpbmRpbmc9IiIgVXJsRW5jb2RlPSJUcnVlIiAvPg0KICAgICAgICA8Rm9ybVBvc3RQYXJhbWV0ZXIgTmFtZT0idWNDYXNjYWRpbmdEcm9wRG93bjIkQ2FzY2FkaW5nRHJvcERvd24zX0NsaWVudFN0YXRlIiBWYWx1ZT0ie3skSElEREVOMS51Y0Nhc2NhZGluZ0Ryb3BEb3duMiRDYXNjYWRpbmdEcm9wRG93bjNfQ2xpZW50U3RhdGV9fSIgUmVjb3JkZWRWYWx1ZT0iOjo6Ojo6IiBDb3JyZWxhdGlvbkJpbmRpbmc9IiIgVXJsRW5jb2RlPSJUcnVlIiAvPg0KICAgICAgICA8Rm9ybVBvc3RQYXJhbWV0ZXIgTmFtZT0idWNDYXNjYWRpbmdEcm9wRG93bjIkQ2FzY2FkaW5nRHJvcERvd240X0NsaWVudFN0YXRlIiBWYWx1ZT0ie3skSElEREVOMS51Y0Nhc2NhZGluZ0Ryb3BEb3duMiRDYXNjYWRpbmdEcm9wRG93bjRfQ2xpZW50U3RhdGV9fSIgUmVjb3JkZWRWYWx1ZT0iIiBDb3JyZWxhdGlvbkJpbmRpbmc9IiIgVXJsRW5jb2RlPSJUcnVlIiAvPg0KICAgICAgICA8Rm9ybVBvc3RQYXJhbWV0ZXIgTmFtZT0idWNDYXNjYWRpbmdEcm9wRG93bjIkQ2FzY2FkaW5nRHJvcERvd241X0NsaWVudFN0YXRlIiBWYWx1ZT0ie3skSElEREVOMS51Y0Nhc2NhZGluZ0Ryb3BEb3duMiRDYXNjYWRpbmdEcm9wRG93bjVfQ2xpZW50U3RhdGV9fSIgUmVjb3JkZWRWYWx1ZT0iIiBDb3JyZWxhdGlvbkJpbmRpbmc9IiIgVXJsRW5jb2RlPSJUcnVlIiAvPg0KICAgICAgICA8Rm9ybVBvc3RQYXJhbWV0ZXIgTmFtZT0iZnJhbWVBdHRhY2giIFZhbHVlPSIvVXRpbC9BdHRhY2hBZG1pbi5hc3B4P0F0dGFjaERCPUFhdHRlbmRhbnREQl9JVFJEJmFtcDtBdHRhY2hJRD10ZXN0MTAyMTE5ZDc5MmRkYzgtMWYwYy00YmU2LWJhMDYtMWJkNTI4MGNiMjlhJmFtcDtBdHRhY2hGaWxlTWF4UXR5PTEmYW1wO0F0dGFjaEZpbGVNYXhLQj0zMDcyJmFtcDtBdHRhY2hGaWxlVG90S0I9MzA3MiZhbXA7QXR0YWNoRmlsZUV4dExpc3Q9IiBSZWNvcmRlZFZhbHVlPSIvVXRpbC9BdHRhY2hBZG1pbi5hc3B4P0F0dGFjaERCPUFhdHRlbmRhbnREQl9JVFJEJmFtcDtBdHRhY2hJRD10ZXN0MTAyMTE5ZDc5MmRkYzgtMWYwYy00YmU2LWJhMDYtMWJkNTI4MGNiMjlhJmFtcDtBdHRhY2hGaWxlTWF4UXR5PTEmYW1wO0F0dGFjaEZpbGVNYXhLQj0zMDcyJmFtcDtBdHRhY2hGaWxlVG90S0I9MzA3MiZhbXA7QXR0YWNoRmlsZUV4dExpc3Q9IiBDb3JyZWxhdGlvbkJpbmRpbmc9IiIgVXJsRW5jb2RlPSJUcnVlIiAvPg0KICAgICAgICA8Rm9ybVBvc3RQYXJhbWV0ZXIgTmFtZT0idWNNb2RhbFBvcHVwMSRDbGllbnRXaWR0aCIgVmFsdWU9Int7JEhJRERFTjEudWNNb2RhbFBvcHVwMSRDbGllbnRXaWR0aH19IiBSZWNvcmRlZFZhbHVlPSIwIiBDb3JyZWxhdGlvbkJpbmRpbmc9IiIgVXJsRW5jb2RlPSJUcnVlIiAvPg0KICAgICAgICA8Rm9ybVBvc3RQYXJhbWV0ZXIgTmFtZT0idWNNb2RhbFBvcHVwMSRDbGllbnRIZWlnaHQiIFZhbHVlPSJ7eyRISURERU4xLnVjTW9kYWxQb3B1cDEkQ2xpZW50SGVpZ2h0fX0iIFJlY29yZGVkVmFsdWU9IjAiIENvcnJlbGF0aW9uQmluZGluZz0iIiBVcmxFbmNvZGU9IlRydWUiIC8+DQogICAgICA8L0Zvcm1Qb3N0SHR0cEJvZHk+DQogICAgPC9SZXF1ZXN0Pg0KICAgIDxSZXF1ZXN0IE1ldGhvZD0iUE9TVCIgR3VpZD0iZDU2NTc0OGYtYjBmMi00OWMxLWJiY2ItZGNkMWIxNTI3Y2VlIiBWZXJzaW9uPSIxLjEiIFVybD0iaHR0cDovLzEwLjExLjM2LjExNDo4MDA3L092ZXJUaW1lL092ZXJ0aW1lUHJlT3JkZXJfQWRkLmFzcHgiIFRoaW5rVGltZT0iMTYiIFRpbWVvdXQ9IjMwMCIgUGFyc2VEZXBlbmRlbnRSZXF1ZXN0cz0iVHJ1ZSIgRm9sbG93UmVkaXJlY3RzPSJUcnVlIiBSZWNvcmRSZXN1bHQ9IlRydWUiIENhY2hlPSJGYWxzZSIgUmVzcG9uc2VUaW1lR29hbD0iMCIgRW5jb2Rpbmc9InV0Zi04IiBFeHBlY3RlZEh0dHBTdGF0dXNDb2RlPSIwIiBFeHBlY3RlZFJlc3BvbnNlVXJsPSJodHRwOi8vMTAuMTEuMzYuMTE0OjgwMDcvT3ZlclRpbWUvT3ZlcnRpbWVQcmVPcmRlci5hc3B4IiBSZXBvcnRpbmdOYW1lPSIiIElnbm9yZUh0dHBTdGF0dXNDb2RlPSJGYWxzZSI+DQogICAgICA8RXh0cmFjdGlvblJ1bGVzPg0KICAgICAgICA8RXh0cmFjdGlvblJ1bGUgQ2xhc3NuYW1lPSJNaWNyb3NvZnQuVmlzdWFsU3R1ZGlvLlRlc3RUb29scy5XZWJUZXN0aW5nLlJ1bGVzLkV4dHJhY3RIaWRkZW5GaWVsZHMsIE1pY3Jvc29mdC5WaXN1YWxTdHVkaW8uUXVhbGl0eVRvb2xzLldlYlRlc3RGcmFtZXdvcmssIFZlcnNpb249MTAuMC4wLjAsIEN1bHR1cmU9bmV1dHJhbCwgUHVibGljS2V5VG9rZW49YjAzZjVmN2YxMWQ1MGEzYSIgVmFyaWFibGVOYW1lPSIxIiBEaXNwbGF5TmFtZT0i5pO35Y+W6Zqx6JeP5qyE5L2NIiBEZXNjcmlwdGlvbj0i5pO35Y+W5Zue5oeJ5Lit55qE5omA5pyJ6Zqx6JeP5qyE5L2N77yM5Lim5bCH5a6D5YCR5pS+5Zyo5ris6Kmm5YWn5a655Lit44CCIj4NCiAgICAgICAgICA8UnVsZVBhcmFtZXRlcnM+DQogICAgICAgICAgICA8UnVsZVBhcmFtZXRlciBOYW1lPSJSZXF1aXJlZCIgVmFsdWU9IlRydWUiIC8+DQogICAgICAgICAgICA8UnVsZVBhcmFtZXRlciBOYW1lPSJIdG1sRGVjb2RlIiBWYWx1ZT0iVHJ1ZSIgLz4NCiAgICAgICAgICA8L1J1bGVQYXJhbWV0ZXJzPg0KICAgICAgICA8L0V4dHJhY3Rpb25SdWxlPg0KICAgICAgPC9FeHRyYWN0aW9uUnVsZXM+DQogICAgICA8Q29ycmVsYXRpb25FeHRyYWN0aW9uUnVsZXM+DQogICAgICAgIDxFeHRyYWN0aW9uUnVsZSBDbGFzc25hbWU9Ik1pY3Jvc29mdC5WaXN1YWxTdHVkaW8uVGVzdFRvb2xzLldlYlRlc3RpbmcuUnVsZXMuRXh0cmFjdEZvcm1GaWVsZCwgTWljcm9zb2Z0LlZpc3VhbFN0dWRpby5RdWFsaXR5VG9vbHMuV2ViVGVzdEZyYW1ld29yaywgVmVyc2lvbj0xMC4wLjAuMCwgQ3VsdHVyZT1uZXV0cmFsLCBQdWJsaWNLZXlUb2tlbj1iMDNmNWY3ZjExZDUwYTNhIiBWYXJpYWJsZU5hbWU9IkZvcm1Qb3N0UGFyYW0xMy5idG5RdWVyeSIgRGlzcGxheU5hbWU9IiIgRGVzY3JpcHRpb249IiI+DQogICAgICAgICAgPFJ1bGVQYXJhbWV0ZXJzPg0KICAgICAgICAgICAgPFJ1bGVQYXJhbWV0ZXIgTmFtZT0iTmFtZSIgVmFsdWU9ImJ0blF1ZXJ5IiAvPg0KICAgICAgICAgICAgPFJ1bGVQYXJhbWV0ZXIgTmFtZT0iSHRtbERlY29kZSIgVmFsdWU9IlRydWUiIC8+DQogICAgICAgICAgICA8UnVsZVBhcmFtZXRlciBOYW1lPSJSZXF1aXJlZCIgVmFsdWU9IkZhbHNlIiAvPg0KICAgICAgICAgICAgPFJ1bGVQYXJhbWV0ZXIgTmFtZT0iSW5kZXgiIFZhbHVlPSIwIiAvPg0KICAgICAgICAgIDwvUnVsZVBhcmFtZXRlcnM+DQogICAgICAgIDwvRXh0cmFjdGlvblJ1bGU+DQogICAgICAgIDxFeHRyYWN0aW9uUnVsZSBDbGFzc25hbWU9Ik1pY3Jvc29mdC5WaXN1YWxTdHVkaW8uVGVzdFRvb2xzLldlYlRlc3RpbmcuUnVsZXMuRXh0cmFjdEZvcm1GaWVsZCwgTWljcm9zb2Z0LlZpc3VhbFN0dWRpby5RdWFsaXR5VG9vbHMuV2ViVGVzdEZyYW1ld29yaywgVmVyc2lvbj0xMC4wLjAuMCwgQ3VsdHVyZT1uZXV0cmFsLCBQdWJsaWNLZXlUb2tlbj1iMDNmNWY3ZjExZDUwYTNhIiBWYXJpYWJsZU5hbWU9IkZvcm1Qb3N0UGFyYW0xNC50eHRPVEVtcElEIiBEaXNwbGF5TmFtZT0iIiBEZXNjcmlwdGlvbj0iIj4NCiAgICAgICAgICA8UnVsZVBhcmFtZXRlcnM+DQogICAgICAgICAgICA8UnVsZVBhcmFtZXRlciBOYW1lPSJOYW1lIiBWYWx1ZT0idHh0T1RFbXBJRCIgLz4NCiAgICAgICAgICAgIDxSdWxlUGFyYW1ldGVyIE5hbWU9Ikh0bWxEZWNvZGUiIFZhbHVlPSJUcnVlIiAvPg0KICAgICAgICAgICAgPFJ1bGVQYXJhbWV0ZXIgTmFtZT0iUmVxdWlyZWQiIFZhbHVlPSJGYWxzZSIgLz4NCiAgICAgICAgICAgIDxSdWxlUGFyYW1ldGVyIE5hbWU9IkluZGV4IiBWYWx1ZT0iMCIgLz4NCiAgICAgICAgICA8L1J1bGVQYXJhbWV0ZXJzPg0KICAgICAgICA8L0V4dHJhY3Rpb25SdWxlPg0KICAgICAgICA8RXh0cmFjdGlvblJ1bGUgQ2xhc3NuYW1lPSJNaWNyb3NvZnQuVmlzdWFsU3R1ZGlvLlRlc3RUb29scy5XZWJUZXN0aW5nLlJ1bGVzLkV4dHJhY3RUZXh0LCBNaWNyb3NvZnQuVmlzdWFsU3R1ZGlvLlF1YWxpdHlUb29scy5XZWJUZXN0RnJhbWV3b3JrLCBWZXJzaW9uPTEwLjAuMC4wLCBDdWx0dXJlPW5ldXRyYWwsIFB1YmxpY0tleVRva2VuPWIwM2Y1ZjdmMTFkNTBhM2EiIFZhcmlhYmxlTmFtZT0iRm9ybVBvc3RQYXJhbTE1LmRkbFF1ZXJ5Q29uZGl0aW9ucyIgRGlzcGxheU5hbWU9IiIgRGVzY3JpcHRpb249IiI+DQogICAgICAgICAgPFJ1bGVQYXJhbWV0ZXJzPg0KICAgICAgICAgICAgPFJ1bGVQYXJhbWV0ZXIgTmFtZT0iU3RhcnRzV2l0aCIgVmFsdWU9InMmcXVvdDs6WyZxdW90OyIgLz4NCiAgICAgICAgICAgIDxSdWxlUGFyYW1ldGVyIE5hbWU9IkVuZHNXaXRoIiBWYWx1ZT0iJnF1b3Q7LCZxdW90OzEmcXVvdDsiIC8+DQogICAgICAgICAgICA8UnVsZVBhcmFtZXRlciBOYW1lPSJJbmRleCIgVmFsdWU9IjAiIC8+DQogICAgICAgICAgICA8UnVsZVBhcmFtZXRlciBOYW1lPSJJZ25vcmVDYXNlIiBWYWx1ZT0iRmFsc2UiIC8+DQogICAgICAgICAgICA8UnVsZVBhcmFtZXRlciBOYW1lPSJVc2VSZWd1bGFyRXhwcmVzc2lvbiIgVmFsdWU9IkZhbHNlIiAvPg0KICAgICAgICAgICAgPFJ1bGVQYXJhbWV0ZXIgTmFtZT0iSHRtbERlY29kZSIgVmFsdWU9IlRydWUiIC8+DQogICAgICAgICAgICA8UnVsZVBhcmFtZXRlciBOYW1lPSJSZXF1aXJlZCIgVmFsdWU9IkZhbHNlIiAvPg0KICAgICAgICAgIDwvUnVsZVBhcmFtZXRlcnM+DQogICAgICAgIDwvRXh0cmFjdGlvblJ1bGU+DQogICAgICAgIDxFeHRyYWN0aW9uUnVsZSBDbGFzc25hbWU9Ik1pY3Jvc29mdC5WaXN1YWxTdHVkaW8uVGVzdFRvb2xzLldlYlRlc3RpbmcuUnVsZXMuRXh0cmFjdFRleHQsIE1pY3Jvc29mdC5WaXN1YWxTdHVkaW8uUXVhbGl0eVRvb2xzLldlYlRlc3RGcmFtZXdvcmssIFZlcnNpb249MTAuMC4wLjAsIEN1bHR1cmU9bmV1dHJhbCwgUHVibGljS2V5VG9rZW49YjAzZjVmN2YxMWQ1MGEzYSIgVmFyaWFibGVOYW1lPSJGb3JtUG9zdFBhcmFtMTYuZGRsT1RTdGF0dXMiIERpc3BsYXlOYW1lPSIiIERlc2NyaXB0aW9uPSIiPg0KICAgICAgICAgIDxSdWxlUGFyYW1ldGVycz4NCiAgICAgICAgICAgIDxSdWxlUGFyYW1ldGVyIE5hbWU9IlN0YXJ0c1dpdGgiIFZhbHVlPSImcXVvdDswJnF1b3Q7LCZxdW90OyIgLz4NCiAgICAgICAgICAgIDxSdWxlUGFyYW1ldGVyIE5hbWU9IkVuZHNXaXRoIiBWYWx1ZT0iJnF1b3Q7LCZxdW90OzImcXVvdDsiIC8+DQogICAgICAgICAgICA8UnVsZVBhcmFtZXRlciBOYW1lPSJJbmRleCIgVmFsdWU9IjAiIC8+DQogICAgICAgICAgICA8UnVsZVBhcmFtZXRlciBOYW1lPSJJZ25vcmVDYXNlIiBWYWx1ZT0iRmFsc2UiIC8+DQogICAgICAgICAgICA8UnVsZVBhcmFtZXRlciBOYW1lPSJVc2VSZWd1bGFyRXhwcmVzc2lvbiIgVmFsdWU9IkZhbHNlIiAvPg0KICAgICAgICAgICAgPFJ1bGVQYXJhbWV0ZXIgTmFtZT0iSHRtbERlY29kZSIgVmFsdWU9IlRydWUiIC8+DQogICAgICAgICAgICA8UnVsZVBhcmFtZXRlciBOYW1lPSJSZXF1aXJlZCIgVmFsdWU9IkZhbHNlIiAvPg0KICAgICAgICAgIDwvUnVsZVBhcmFtZXRlcnM+DQogICAgICAgIDwvRXh0cmFjdGlvblJ1bGU+DQogICAgICA8L0NvcnJlbGF0aW9uRXh0cmFjdGlvblJ1bGVzPg0KICAgICAgPEZvcm1Qb3N0SHR0cEJvZHk+DQogICAgICAgIDxGb3JtUG9zdFBhcmFtZXRlciBOYW1lPSJUb29sa2l0U2NyaXB0TWFuYWdlcjFfSGlkZGVuRmllbGQiIFZhbHVlPSI7O0FqYXhDb250cm9sVG9vbGtpdCwgVmVyc2lvbj00LjEuNy42MDcsIEN1bHR1cmU9bmV1dHJhbCwgUHVibGljS2V5VG9rZW49MjhmMDFiMGU4NGI2ZDUzZTp6aC1IYW50OjdiOTVlZDFhLTZhM2YtNDFkZC1iYzViLTYzZjM5ZWRiYzRiNDpkZTFmZWFiMjpmY2YwZTk5MzpmMmM4ZTcwODo3MjBhNTJiZjpmOWNlYzliYzo1ODllYWEzMDo2OTgxMjljZjpmYjliNGM1NzpjY2I5NmNmOTo4YWQxODEwMTpjYTU3ZWYzYzphNjdjMjcwMDo4NjEzYWVhNzozMjAyYTVhMjphYjA5ZTNmZTo4NzEwNGI3YzpiZTZmYjI5OCIgUmVjb3JkZWRWYWx1ZT0iOztBamF4Q29udHJvbFRvb2xraXQsIFZlcnNpb249NC4xLjcuNjA3LCBDdWx0dXJlPW5ldXRyYWwsIFB1YmxpY0tleVRva2VuPTI4ZjAxYjBlODRiNmQ1M2U6emgtSGFudDo3Yjk1ZWQxYS02YTNmLTQxZGQtYmM1Yi02M2YzOWVkYmM0YjQ6ZGUxZmVhYjI6ZmNmMGU5OTM6ZjJjOGU3MDg6NzIwYTUyYmY6ZjljZWM5YmM6NTg5ZWFhMzA6Njk4MTI5Y2Y6ZmI5YjRjNTc6Y2NiOTZjZjk6OGFkMTgxMDE6Y2E1N2VmM2M6YTY3YzI3MDA6ODYxM2FlYTc6MzIwMmE1YTI6YWIwOWUzZmU6ODcxMDRiN2M6YmU2ZmIyOTgiIENvcnJlbGF0aW9uQmluZGluZz0iIiBVcmxFbmNvZGU9IlRydWUiIC8+DQogICAgICAgIDxGb3JtUG9zdFBhcmFtZXRlciBOYW1lPSJfX0VWRU5UVEFSR0VUIiBWYWx1ZT0ie3skSElEREVOMS5fX0VWRU5UVEFSR0VUfX0iIFJlY29yZGVkVmFsdWU9IiIgQ29ycmVsYXRpb25CaW5kaW5nPSIiIFVybEVuY29kZT0iVHJ1ZSIgLz4NCiAgICAgICAgPEZvcm1Qb3N0UGFyYW1ldGVyIE5hbWU9Il9fRVZFTlRBUkdVTUVOVCIgVmFsdWU9Int7JEhJRERFTjEuX19FVkVOVEFSR1VNRU5UfX0iIFJlY29yZGVkVmFsdWU9IiIgQ29ycmVsYXRpb25CaW5kaW5nPSIiIFVybEVuY29kZT0iVHJ1ZSIgLz4NCiAgICAgICAgPEZvcm1Qb3N0UGFyYW1ldGVyIE5hbWU9Il9fTEFTVEZPQ1VTIiBWYWx1ZT0ie3skSElEREVOMS5fX0xBU1RGT0NVU319IiBSZWNvcmRlZFZhbHVlPSIiIENvcnJlbGF0aW9uQmluZGluZz0iIiBVcmxFbmNvZGU9IlRydWUiIC8+DQogICAgICAgIDxGb3JtUG9zdFBhcmFtZXRlciBOYW1lPSJfX1ZTVEFURSIgVmFsdWU9Int7JEhJRERFTjEuX19WU1RBVEV9fSIgUmVjb3JkZWRWYWx1ZT0iQVIrTENBQUFBQUFBQkFEdEdtdHpITVZSTjlMcWJVdTRyQVBIY0xlV0hjc3ErKzUyOXg3U25SNmdsN0dDWlJtZndGUVo2bXJ2ZHJTM2FHLzMyTjNUb3lpSWVSZ2JqSU1wTUlreENhRUNnVUNaT0tFQ3hqZ2tQeUdWeW9kOFRuU1MvQ2svZ2ZUTTd0NUxNampFb2tKVlZxWGRuWjZlN3A3dW51bnUyZnZLMDNFWFlueXAxSml1V1lhdW1zZndFd1hGd0VkMTB4b1ZNM01QNEtWVXl0dk1iRFhTVmxMUlpCVlA1UEtUNDh3V2FFOFZWRXZac05taTVPVERZa0hMWkprMmVIMndnRTFMMFRXbUxaT2RtOEtpZWxBVlphWkxucDhTRlcxUHhsSTVmczlZRm1mbVJsU1Y4VmFBaFQwd1lDeXI2eVptR20xNHgrRCt1dmI2eHE2bTV1bVpNWjF3ZzVlRHVwRTdNdDAwUFVQWk4wN1BqSXNXaHNlTWtzTnQ4TkF0VVNYdmdER3pxRTJPTjIzZlgrZUIveWFtTVhuMDBPZ0RQTk1wY0h3ZkYrVmpITTl6QXMvSG1VYm4yVVY2UWx3MHhNZWVMcjh5YlJ5WDRMaW5PUjd1KzNwUEpKZE1DK2VDNHppajVFVDFBSnN6TTdxaEt1a0Q3TVBZTUdIdVE1RWdSLzRPc0dPZ3A0S0JoelJjc0F5Q2U3U1FWcFVNYUhwR244UGFVTHF2VDR4bW9qRStIbzVncmo5ZXp3YzV4bXZMYWN0VWxyVVplYVFPcGpVUTYrTmlBaCtMeERxOGUzMU5PV3lhb295eHJ5ZDFGSjZUSmxHY0JmL0pESmhZQmRzcXhCelRtbXRsMmVkTlRZTHBadzFzWnBNd0dub1BHbUlPWjMxTkthcGNIVk9VRVJVYmxvTkFGS29Yckt5dlViUXNNWlBGdmk2SEhkamJXRXBhQnZqTFlWM08rbHBTSXhRRFBDTm9nU3ZZczVENjRvSWtaZm9EL0N5WENVVFNPQlpJaTF3c3dLZWxxTkRQWmRKQ1hQUzFBVk5DOUxDZW1jdjZ0am9NaUVpVWNsdnF1RzdNSlJVTEErMzZLTWY1bWxQZ0E4VDh6QTQrSGhkQy9TR2VZNWV2dmxROGQ0YmxoUVMxR2t4S3NvNktoaWhjdmJ2T1UxZFg5eFZjNUVtdWRnUzNJNjQ5UlV1OERTWmtDUEd1Q3ByME5pT21WVndQUFR0S3JlQXhuTk10MEp2RHN1V1JuSm9FMWViRU5uZ2JWMlpuN3dlejFIczhXeDFpRGg2UnVZV1FhbXlBMitmYkJ1OWR6S25zdkNOM04zaFFONHUxakM0QjZhSHVnalViNEdQZDl3NXZhUjFjTkJNbVpjRENDTTBjNnU2Mlh4S0w4SjYxckh3aUZGcFlXQWd1aElPNklZY0VqdU5EajB3ZHRvVnljWE9tQkRNQXdvYm1VRE1ET1FXY3pkUm5yVUJHenlVQUwyQmpkUU5YbGlWOHNZcHpXTE5ZRFJ4dHFKdk9uN2Q3N1g0WWwxZng0c3hTSGp0UUcyN0NGZ1dUS1FNM0lqY2l6WXNaUElwbFJldG1MU0F4MUUyR1VxZnNabTFSRXBab3lOZzZBZ1BNUEdDVHllY1ViVHFUS1Jnd2U5Qlo2QnQ1Z0J3VG1yUnBMR0JEVWNGUnlYTGQzTG1NaTB1SGxaeGlIZElMeHBIdmhNdWhUZWRDd3N5bU1abUNnSmt0VGVZN1lMT3BzNW1lbVNxWUZnM0NtOGlEemdPc3M5a3NOdGZ3MkU0bU5tK1Z1QncyYjRWQWpEd21hbk9UNDV2RzRXRlJWYVJONWpFaVBRNU91OGxNa2lKc3dFdlR4Z2podGNsVG1kVG1pZHBJK25KYk9BMkcxb2RMQ3FzTnJSVG9TSFNUK0d6UnRFcE1ZcXNreWFUcFFLRFhLT0FTbktTYnBaU21GTm5kM29kTVBGWXdES0FNU1oxSUVPamdXd2o4bWF5dVpIRE5iSFBpb3RzcWFHbTlvRWxZS3V2Z1ZtWnJhNG1tTGNPTkRPUlBmMjBhbENEVmtvMkUvUkJ6M3liUGNjYllKTDVwak1zb01PK2tRSU5sZmJ0VHNmWElPcUlwa3F2WnNtb05mV0hha0xCQkZlUGdaVVZ6TEN0cU1nWUZLWm9KK1R2b3A2eldpanhwT0I0ZkRGVzJxNURzUkdkWTRHd2NwMWxDcVUxVUtMRjF3REo2WmJveEhBSFVLc0NHZUllR2VhRWE4ZEI2UkxMMUQzTmxOTm91WVZVSDdlRkliREJVQTlvQTFTVlpBeWxoVnNST2dsYlpyTUJ4WTk5d0gwRXB0V294S0dtK2hGSWp2aHQ2aHNORW5sSnJIY0toNFZnRlFvV2FTaHYvTUEvMktiZEtDQlg3OWpBUDZxbHNWL2hEZWVPbGhLb0FKYlNxclpOTXFocFFRNjVpOHh1bWhUWXZoTUtjUzd1eTExM2F0dnM3UzdwcXZReUdhaGJ3Y0FPcGptcXFKbElyTmFhbXhNZDFBeDZLUmg2akJVV1ZXbExIOEx4Q1VFaEYyQXdYY3FyRHI1eXJ6YmZGS1l5UFlhajBKZWFPMmdPRUFkOHVwMW9kS1ZqNlNENnZMazNrMGxnaXNESFRIRk5GMDVSOW5VNTlleHptWmVSRVk0NVUzQWJWSTRPNFBsK0hXOEZqc3AzS01LSWhsY1NMaklmM0lsVGZJWG52ZzN1SEYwSHRmVmlSczlhb3ZqaHFZSEZ1UWlPNmtiS1NGODBDVmdQeVVLeW1oMkZXMEpHVkpNUlFTTU1NWHJTWXU5WXVYbGc5LzhMeTFjdi91djd5MmtkblZ6ODRWL3p5MUQ5Ty9ocndkaEk4ZjVkN1ZBS1FleHhJKzhxVnEydS9PMy9qcFpOcjc3d004RjB1SnNkeDkzTWNRSFk3a0k3bGE5ZUtMMTFhKytUMHlyWHp3QXU2ZWlxUjR3UzUxNEYwQVRMQnZIQjE1YlUzVjA2L3VQcjZCNnZ2dndvSVlYZUljNEFnb1FFSDBtbEQvbm55WlBHTE42Wlh2L3dOOU4zYjBVbW5YRkpGaDllRFBGNVBweVRKNUUxQzk4UG9WbDliaWpnVk1hWm9NZTFMY0QwYW1wcDZOQ1JKdnRaVUVxS3RSVStUNnY2c3ZIenBiMzlwSmljTW11U0FSaHY4bC8vZVRFOHBqbUZSbXRiVXBTd2d6T2c2TEx3OEV6aHg0NHRmckx6MjBtTnM4ZFhyeFZjK1d2bnBleXVYWGdBVm43aHg2U0tGcjF3OWRlUGl1OFZUN3hjLy90dzJFMWdNN3AzazZXdlN0WXlxWk9hWW1ZY3NSVTJOWmVmQXZqTzZMS3VZR2xKUkZXdHBYMDhoUThTaG9xWXkyYmx5Vjg4QnRxcFRVdWJKR2hrQkQrbnBIWkJBU1lpb2lER3RKUlV6L25rSURncUU1QUNzTkZsTFdIcCtZTDVFS3pIZ2VGRXo2THUxZkJMbWF5ZitYVDVKNmh3VEN5WTI2YjVCZDM3WjEvVHQ5QUdTdGVxYWxGWnRIV3kxc29vWmhGMmdnSWQ2ZWdZa2NIeHZvNjl4UThPMXJMUGJJZUlJVldZN0pLRUhpQVA0NzZ3ZTdMK3JaR3YvanBLTi9UL0krbmYrdHdiMTM4MGN2UVZMZ3FBM3N5UHAydGlLL251K3BRSDlQdG52bC8zc2Yyd2QvNjZOYmVMdnJsSG83cElSL0hzcXREOE5zalQ0Mm1IdEpKUHVJZ1UxYjZTMXIvZC8rNkQzSnY1ZjJibGVjL1czcUxsR0tnek1qU2lMbkR2dUlvUkdTYm9wUzUxZE8xcGcwN3p4REd4WXB4SEhJWTVIbklDNE1PSWlpSXNpTGdaYk9lTDZFUmRIUElkNEh2RUM0c09JanlBK2l2Z1k0dnNRMzQvNE9CSTRKUEJJRUpBUTNneWEyL2ZYNzVCdmRuazlzeVFvbEdmcDMwdW1OblQ3eFVCQ0JBbFJKTVNRMEllRWZpVEVVWmhEWVI2RkJSUU9vM0FFaGFNb0hFUGhQaFR1UitFNGluQW93cU9JZ0NKaEZJbWdTQlJGWWlqU2h5TDlLQkpIVVE1RmVSUVZVRFNNb2hFVWphSm9ERVg3VUxRZlJlUGZkL25CWkVNM05kbXRYTlNzTFIwUTlieDFFbnFJckRuL0QyKzJ6cjUrZDdLWDBvYTdVN25yZHEweDIvdit2N0QrVngzeit5Ny9iVjVZSit4TUZJTy9QK2FtcWNVcnI2eGNmQllnS2JycXVyQi9PMG04UlNjeHBTVWlodmhCRm9sc296QWV6dThGQ0pxalJDaCt6bjZEaFVyai9IYloyMHh5ZWtqc2JUNFZzUnl3UFpWZDVOc2h6UThxWUo0QVhaTzFrQ2VvZy9xMmtzWDdNQW5vQnhXc1NrekRtQzVoM3haNm5BT1ZnZzFzSWNBeGNnUmx1M0w3TnNpOEEyeWc1QkR3M243ajFMbmkrVFBGSzJkVzNqblRXRHoxNmZJWGJ6U3V2UFhjMnVVcmpjV1QxMWRmdWV3dGZuSUZjb3pReWx0bml0Y3V3TnZxSDg0WHIzN1NEdi9Gc3hmdGltVGIydWtQb2JoWWVmdTlsVjllWGY3ald5dnZYZDVXZlBzekFDMS9lWlowdkhjWmNMZlp5S3NmUHJONjhmcnl0YlBMWDN6YURwMXJaODZ0L2VybnkzLzZtS0ZmSGJ2YVBad0gvSkR6Q0o2d0orS0plbUtlUGsrL0owNitGSE1jRHg3UlhtbGdVRW9CTkhTM2J5ZlVpSXVIc1NaYjJTTkVCM3FtQVBXYmdqVnJjaHhEdWo4SkxTd2FXZnBLZThtblNxS3VaRmFadFI1UU5LbXQ5OGRKS0RDUGlwbmdjWnllV013YjJEU0RZM291cDJ0QnN1bnVyMEkvd040VXUvdzVzaThZRG9iNUlQL04zeU8xZ3FyVytlNU9qU3RtZmtLRFNoTkx4NkZvTmFmVGo1Zm4wWnFpUmVnVUZLSFkxMElyR2hsWVoybm1pMm1lTnBLeGxIazhPVFVoQTRKYnhKS1JrKzd2QnJLK2JTbTc0cDNSSDhybnNURW1tampyZk1ZMXpRWGd1bUhnZWZSckE0KzFhRTNQUUlGbDZ0b1V6dW5ydzA4dHdrMkRVR3hXMVVVcm9lSlphMEFDYmFqaVVrTFJWRVhEZ2JTcVorWUc4cUpFUHBJbXVPclkxR3huenI3bWNwbkhIRmNrSzd2VFBoZFl1bzk4NHZVMWw1WFNrTnFWSEVYUElydU1tOE5MaFR6ek0wVHpaVXV4Vkpvdks3UHN2bklHSFZTcGk3SERRNnpBY2V6ZXZXeTVqOTAxeFBiMDlEN0p0cktWMEtHS1J0QXNwTzJqNG4zY0FVS2hkNEJ0ZldxZ2RWNDBXSDFtMFFKa0NYeVRISG9HWld4TjJPZWZvMHVUMG5vRnEyS2E2TzlCMEc0dmxaSVNBQm1JSi9VK1NWcEJSZE93UWJ3V0NOc2YrNE96dEJiYjk2Tmthc3FVcWJkTmF2bUNCYXVIdXRzQmR0MWtIVUdma3VneFJvTy9yMHFmL2pnNmllaFJoZTB0OW5aMTU0bml1KzhYZi92UmpaKzhVZno0emNlS24vMitlT0h0MWRjL29BWiszZU5ha0JYeWl5elB3YzE5R1dBenVxb2JpZDBjeHcyd2FWS3VHaVNEVDdDN0R4NmM2QitKRGJDenVtWUZGakE1U2ttd2FWMlZBRThuUjZvSmxnY3FwZzVWTFN2QkVwRU5jV21BWGNncUZnN1FjL2dFcStrTGhwaDNCd1FNVVZJS1pvSU5BMk1KTmRuN09kbFVubkxtY2NlKzFVc2ZGMTg4dC9yOE96Y3VQZzk3Vmk5MFBrTnpJSHZuaCtaejdxUTlVV2lkZGx2MUhOM1h6OWEwWDZscHYrWWhQNWU1bzc2T3BCNTdaVksyVEZvNE53YVR0cENIU09QcDlOYVJ2L2J0Kyt2cXltZEZrbmViRzBpNlBCNmVSQkRub0tYMm1FdXlMVmQ5TE5QZ1FKcktwekZNS1NqU1NBQ1FSdmU0WjhNZjJFaXV5cnFxZm1vRDRPYnEyTmJpRXQ2cnBjMzhnT1RLU2tQbmhkSStBMUdhbnZsY3RDRWdvVVQ5Wll1N0MyaTZoZ2VrZndQREoyWDZFQ1VBQUE9PSIgQ29ycmVsYXRpb25CaW5kaW5nPSIiIFVybEVuY29kZT0iVHJ1ZSIgLz4NCiAgICAgICAgPEZvcm1Qb3N0UGFyYW1ldGVyIE5hbWU9Il9fVklFV1NUQVRFIiBWYWx1ZT0ie3skSElEREVOMS5fX1ZJRVdTVEFURX19IiBSZWNvcmRlZFZhbHVlPSIiIENvcnJlbGF0aW9uQmluZGluZz0iIiBVcmxFbmNvZGU9IlRydWUiIC8+DQogICAgICAgIDxGb3JtUG9zdFBhcmFtZXRlciBOYW1lPSJfX1NDUk9MTFBPU0lUSU9OWCIgVmFsdWU9Int7JEhJRERFTjEuX19TQ1JPTExQT1NJVElPTlh9fSIgUmVjb3JkZWRWYWx1ZT0iMCIgQ29ycmVsYXRpb25CaW5kaW5nPSIiIFVybEVuY29kZT0iVHJ1ZSIgLz4NCiAgICAgICAgPEZvcm1Qb3N0UGFyYW1ldGVyIE5hbWU9Il9fU0NST0xMUE9TSVRJT05ZIiBWYWx1ZT0ie3skSElEREVOMS5fX1NDUk9MTFBPU0lUSU9OWX19IiBSZWNvcmRlZFZhbHVlPSIwIiBDb3JyZWxhdGlvbkJpbmRpbmc9IiIgVXJsRW5jb2RlPSJUcnVlIiAvPg0KICAgICAgICA8Rm9ybVBvc3RQYXJhbWV0ZXIgTmFtZT0iX19WSUVXU1RBVEVFTkNSWVBURUQiIFZhbHVlPSJ7eyRISURERU4xLl9fVklFV1NUQVRFRU5DUllQVEVEfX0iIFJlY29yZGVkVmFsdWU9IiIgQ29ycmVsYXRpb25CaW5kaW5nPSIiIFVybEVuY29kZT0iVHJ1ZSIgLz4NCiAgICAgICAgPEZvcm1Qb3N0UGFyYW1ldGVyIE5hbWU9Il9fRVZFTlRWQUxJREFUSU9OIiBWYWx1ZT0ie3skSElEREVOMS5fX0VWRU5UVkFMSURBVElPTn19IiBSZWNvcmRlZFZhbHVlPSJZZnJNU3o4UjRQWW0zZ1U4MkY4N2dqVWYrOVRiTlZuQmhTbGlEaVhUNmdZaTZPWmhZK21kT1libDNhcERLV0ZRK0c2SHA2ZFpDTStRY3MrRVhFTFZFaGN0bHhOS2Y1aDRtdTVnRDBhK1pQb3R5QWJHaGZ3Tk1VSWRIRFNHMkpVMDJZUjY5SWQ4eFRwWjhtbUlUc2gzNzQycm00dk1NZEFxeXgzS1lSUDVrcWttYjluZUw3MkowR1JxUkZCZHdzMVpHQ0h1QVdMNnpMU2lTZnJDdnhhMlQ1U3BSMUIwUm5tSUxpTEVoQlMxUzcwTHVKbVRtWDlGQ2FvUXRDSzEzS0xNVEZKeW1ldGxUdmdaOTFab1o2cjQ1OUNyV0NtbUpPZHNqa1p2eGN2SjVPV295UGY0azlZMmJ5ek1MOXZkbjQ3SHkrRzZBNzVDNDY4VWJub1FLaE8wZ21UbjhPcjZodWw2Mlc0ZUM4SmRXSXo4OGVHRGhCVTdQL2tlWEtZeUZqTzFveXJBRWJ4V3Y5OHBGSlRLTHdRTmcxZVVUUEV6UjdCOCtidHRZSTFLaWVWaXhuQmdWVkRobU91V2hrUEpiNkc0MFVhMk96Vmc1c3NjUit5KzN4M012OU8xcTJVb1I0SnF0c2kvaVBjc1cwVGd6Q29McGJmUURtNCtMZHgxQ2luenlJRjJ3V254WmZnamZJVmRwdGlHWTQrWWFCbHJZT1AxWTFVa2lJS3l6WG44NDBZUlNWWEVEQ001b1E3dUJ4VzhYSkxlb2JCMmJ2cVZseHNwMkMxekdLZ3Q2Q3o3RjUzYjdtWnFoaDgwV3lWZmpKTE5kSEdVak9ZTUVjOE1PTGx3NHZhVGdpQnV4aE5qb0dNZ2VmYzRXQ3RpdVNYYlFCWFh0bEw1OUt0N1VPdXZmbTlDU3QzcWY2N1EyeFhVdUxsZzJKMmFGcDZuMis4bTRHNlZoWUlJTmY3OENOOFhkRkE4NHkzdVMzclRaRG9kbCt6d3AzNXFDaGUvQ3RqdUpIalhVNEZOV2daY2Zoa01kMnRKYXkxYVZ4ZzZIRjIxYnVUUktrcjV1WWppM0J6bmY2bStPRXNwdU5aZ0hTNHlMbFpkY29ibXBteTlRRE0vWWJxWURneVQ4YS9zNVJ1UjQ4NFUyZUxxU3ZQUGtpaFpGb0puNmtRWnQwSGVCVXRwTkxMdGhVaVZ3M0d4aG9NK0JXckl5VnpNVzNqbFd0QUdEL3N4QUdzTmZnam9JNm1Pc2drQ1dnMkdjT01EK3Q3cUxZUkhUeENINmZQc1VIaUZ5MjJkYnlWVmtDL09IVjdlMnhXL01CMWRPaHJiN0trRjJxdnNTZkNIeFVtMmNLbDFieVVtMDB6c3czQytDUms1WENERDhlRzl3MkN1cWF4N2ZlTUN1dEJPSzByTDhOM0JCSkhDNjVVcVJkWmNkZGkxK3pEMjVIWWljMmlhbWhHMHBqKzUxSk95YUp6RmMyR1EwS2p0bHdwWDB0akloYmV4ampOSmJEbjA0Wngzc2tZZ0gvbktlbnZraDZrUEZUMGdGbnp4N2g4WksxYy91NjZDb0tEak9ITEI0Rmlhak1DRmhGUnZ6ejlPSXRuMS9FU1ByY2t1UGxHRmZCZ0E5VlJRcVFEYWZ4OUxnL1B4REw1bzIrS1k5VzRnTGpTeW40OGVpMWYrZnlsSDRFeTV5L0dDKzg5UjdhSWxnN0pOWngzS0RDNHYyUyt2QWhSa05tdEkxVmRRalRKbXlMM2hQQnBuTXlOS1hROTRxSWxTK3J1VmthNDFMVExKT2Radk1jaUFZTTFXSGVPeStJMWE2RlliZHZpTzdENmV6ejVFWk9oODhydzd4VlRlbmNkMUNVVk14LzlOMnE0cDlSQTY5cytKWFFNNmpzZVJ0NERwV1ZWNXd2a3JVSjZoQUtsZEhxa0t2VElVT2VVWktvdHU0R3ZUek5oSWU1ejkwL1B3WVhtTXRiWlorVjZsMmdyS2UwUUt2VUFFUG0zVlpZeDZVNWdCOU5uakZNZUVsTFQ2OXZ3bmI1UDJ3YUYyb1NCRGxJRXBYdkhpRUxGNllBR2Iwc3l6OWpWWno0dkxNVGRHaXgzbDAzbFp6Wkxub2txMkFuN1ZkeTBnYWEyUm1FazFqS0RnSCtsenRSa1lHNjdXb3ZnSlUvNDNqN3hQK05RTXg3ZjBqMDBrVmJ3cXYrR1hGU1ErUS95RStjY1paMFArN0MwZEJCMmhxK0NncEkxUHRzMHlabWFoRVVZNnNqUUdBcXBQOUl4dTZKNk9MNUx5R084TklrSFNCOE9VenNqeUxVK0g0Q2ZxNWQ1aXI3UmQzL3dBV3NnWU9FRFJiRlFlcjJsVlFVVkp2TmVtM0ozM2FwUE51N2dTS2FUdktSVFBIVm5kaUJnNU9LRHVCZElZaUJSQW10OS9YSUdLV1R1YzJnVGpUam9jR0xLWTd3NFpDNlg4NHRrQkwvVTRDbkpxckxpVXBzdmF6bVlaNWFNWm01bjJEK0c0NmZ6SHhnckg1K2pRWWZLbk4rZ3ZMbWRpMkNncFRCM1gwU1VQNzVKcmZ4MzF3UDJ2WDdaZTU5UHlLelROdm8ycFV1SkhjUExCaTdoZ1UreTlnY0dnemloam9jVnlEaStBRVJJVktXdnN1dDVxS1ZrcDltQThyU0FSbnk0bXhmYklHRitVcGwyUHJSZlp6TjhPYW9Ycnh0NUNqNHlaUVhjaEpwN2lRUXBOaFU5aUlEd3kwc0lqV0xyNS9IQjl5MXlEVUVzZE9ueHREV296UXlXZlZWcy9QYXFaMXMyaEhKMXdMRXBMSUEzVWU3ZHVLam5jQzlSY2U4UlJiUEpTTjF3eDIxYlhSVFJFcHVSMmZQNlY0VVZJU2w0TXhiKzVxcmcrbFFCbW1HOEh0Y1pHMmU3YWZCVDFCd1RJWkJ6ZFlDeWxNNmZGZ21lNTF6ZW1sdmVHQ2pFdDkxVjlRdVpmMUZDR2pKcWcwWDkyMDkxLzhOMVh6SUVXZFRqUlYvZFpVNStFd0N1NG5IemFNdEJ4R3F5cHlvWDdxS3VnWnQ0cDZSYjZXc1cxNnZ6RldUemtDS3o3UmlMdi9KWmVWQ1hJTDRLQUFuWVBMUzMxNnduVmhrVDFVcW5OSmpjN2piT0lZSDJkcjNBOXdaeWpxaWw2aXR0RHM4YllIYmo4OGh5Unk3ekEvZ1BhSGt4Q1ZIK3JFSTl2a215ME1zcUswcXRJYllLODd5b2tYSG5INWFLcHN0ZFhYRG9LY0gzYk0vWGZkVUhTTjdNa00xa3dab0VYQUN2WWhEOTByZkhNcDdmMmxqbTdoY0RacnhRMlFGTzVOUU91dUpFYkFINlU2SXloMVA3TUZ0RnN3TjFEYmdCa3Vpc3IvRURxbmFCNzlvejZoM3hwNkpBQ0dKdlc4ZGczRzNROHBXS1ltZ3dlMFNOMFVGSkNqd0VIMG4zK3I1WEJXSVh0OHpuOVVwejRka2krYUc2ZEw3YnZ0eFhFTlJydE5pWkU1K0k2bHhoaTA5dSs5YUpTcGp0RXBpVzJOck82a29hcFRub254WXJPdkI3YTlTYnQ2eTU1RWdFc3I4ZjUyZCs2NWx3ZmN6a3lKWUNLVFBNdjN0ekp5Mk0rRzgxMDVFaGRzd2RZK0tNeDlFQ2c5Z3lkTFJyMnB2eEN0a1oxclBVZVNwWFhXemYwUllMZnJKcys3TkZQMHNGWFZieTZDK2w0TVZCSHQ4a0xZdUtuZGdqNmlhTDY3ZGZVSXljeWNRd3RzOEdnZXZoVmZFOFJOU2VuakVZcWM1NnRTd3prcndvZmxyMDdqckE3RzVBM0F0czhaLzB2NzdLZm5vQlpoRTlJZzVKbmdIdU1DbFZvbWNyQklWN0JUS3N4OWlEVWl0NHZPeENQMG83M2oxSDBZb2RzSUJOWTY1WDhEaHJPN0tGcXp0TFRvUGF6NlE1K1lYd25zOEhBd0NpeFE3UE42dXc2eDl6R0hTN1h4dml0ZURRbjlleUxqZmlaMG5tY3FEd1lTeTc3ZUdIekNScVFpeDhQc0ZsUld1eXQzK1A5MnYrMnluNUlKOUJGN1Bmc1pUdWVGdmZheXdjN01zNWpnWW5vUlZpZ0hGUWdSNE1zOS8xR2hjZ2VIRUQ0aDBuamZoZ1Yzc0xGU1RXYThtYVFIbEFhOHlCRCtSMko1VTdrWDNaM3F3eFpPT1g5ekNyZ0Z1ZmNlM1FWM0RvZE1NV3RqTGpsemIwak5iaFQvY1RSMjYzVDljQUFHbUdpdE5CYlREQUcvcEJSWG5uRmFsWmVTTms0NXZRUzc3QUR1TzFJYVVkRDI3ZVA5MnBYTjJJVGJNY0tPTU95TE1VSm0vbTVRdThqaExZVWhwU1pyam5uQ2puVTZHdmNRRTBudzZOMVJENlZsZWVYTGR6eVlhWUJtRmlJbE85Rjh0WVlLeExEYjFEUUhTMkI5em9GZkxWOTNENmNmbU16NDNTZTdDNHc1NFZTQkYwMlJEbGRvTlphdXpmZG9WcWNVL3JGWXdjZVdIbHdQRERXQ3lZd0VlRStOUXVSamtTRWlabFdLamtteEluenVodW4xblpnNHNBb1A2OUV4ZEJXRXBQTjJ5Vko4dVdINndCNkVnTzNieWtpMlkyS2lDbGxKTExxRjJxTkVaLy83Q01WV1pnbnlidnFVQUJ6SjIrbjJEOWZnTFF4MDB6alVxeVpzZEpvczd4dFNGZlpobGJJMDRwbVRyMi9QRGN4UU4vOGRLclRlQmdIM3MrMzN0Nzh6SlhvS3pzSms3d2VkZU9PU1h5aDdjL1VtU0E2c1pOOVNvQlJNWEl6bXFUdU0vVlZlMG5hT3ptYnFrcjE3RStOWU9FRGxpSjZVWFJ2ZzFTazVnK1FnWm9hRzJMdWwyRktITFl5cFBveUI2VGc3dkl1ZlRmbjJlNlhjbXRWQ09QZ0xwK283NWJDL3pqOW1oOHJnUXYvQ1R4UHMzS09oVU10akQ0clZyWjNmaklHK2t4VHd2Ykt0K282bTNvejB0SndVTmEySW9aMlU0VTJiNjIxb1lJank4N09LVVJlZFk1R0J6dUR0OEtqZ2xzclJLb0xoY0NqSTYzd0hxOHdQdDBRUFVVbHJpYlBwNXhENy9UTjAxNGxlZmtYQUI3VFJldFA3YXFrTlRlUW1NTHQ3ZXJ0ZmpzNk4zd0ZwMU9jaGNNVk5HVlZMaTM2QUNkcVFxb3B3UWdBbTVGUndzR1VpSi9Ld3BXR3JKQklxcnI1R3VleWxnZVlnaXZPVDNuVnAyVkJWbHUxWmdCZ0U4UzlwUks5aUtBZzh6L3h3ZU0xM1pqeEdCYlFpbVBUVm5TT2Z5Qi9GQkpEVjRqZW9sL1F0alliZEw3SmR1bDN6aWZkbDZ1SXVsQlhEZzBFUEl2YVpTMVd6LzZjQ1VPTExiSFJsb3lYK0g2eWFNd0JNeFQ4S1NOb1hKWWJjQm5GcTNyOTNsclhaWnJudWxvZnNvb0QrNmV1WExJWURNSEh3Q2VUMVl4RWxROS9EVDE2MVBZZTNwMEhNVjRLQjdvNEc5RFJBSjhXeFZ5cExEVG9sc3FML0tuMC9tc29IdE94RFprcVdMNkJyZXJ1bTBlYmwyR3ZrSllWeVNoOFRMcTFoSXJiakNCaytQY1ArQU9wa2JMajk1eGh2RHVpRndXU0xTSnJNMU9KVWYvcitzT2RtUU5PSkJLTUV3dmxvRnA0YWNEZ1BhTDk5Zk9vdGEyVlB3d2loTjVDZnU4R2dlakt4YTBjQVI5NC9xTkw4SzJYSFAyeEc0NDNYeGFjR2xLbmhKL1VqcVBNN1dpZWVIcGdLSVlGTFVIZlBaOUdLR25BU1d1cDlIeXUrTHlITm1rZXhxbXBxTHc0cXA2Z3BNaVFOelBkYU5TaDVlYjFyTEV5YkFRMTJOUkNLM2ZBdGdBelNhcnErOU9CWHBXRXU5ditCK1VmUGJkSTc3amdFNkxKVWtQZ2x2c1dVNWo4aHdxZmU2elI5T2RLWHQwYm9yWFVVN1UzWGRmM05TT3FpdmlmNjFveXlLWlcxT0hPSVgxaUlSTlhEcFNXRytPTzBYSlYwem5ONG1ZZnNPVmhvdUFyYjhtMmdIYjBkS29DNTRxL0cwSHhodjNrNWhldlY3ZFprZ0dXU3JrSEp6VFV1VVRhelNiWnJ3TElkWGRoUUJLT1hiMWRiL245WHlPRTFYUlg3MDlkRk1oNzAzUFg1Y2YwQ20vTWUvZWxFN2pGWDI1MkZFeC8wcG8zdTJxMFB5VUJ6Y0dPWVVFN3I0YTQxRmNGWXl5dkZKKzkvQXZSdmNGbFlLS1diM3JVb2F1OW9DU25hdEVPSXF6OTNOL1U4cTd4NUVUNGFWbkQzZTdoNXVMcUh0R0xDcE5RUWtCTlBkMDF0NzRqbTZFT0grUkRoUSsveHErYzBRemlQa3RRS3dsSXhybWZjRDEzVnEzTHZ0NSsvMFIvL1FiVTg2RnpSZW5pQWhRYWNROC9SQ2lCZzlNbGo0R1MzTTRDM0xpcno5N2dWOEJ5QU1jWkgwZ1FUcmRyeWxJLzVxbi9MNVljNGZmS0JGaHZxQjZ0b1cvSm1jSnFOL25sV3JobjVDY0Y0bjVabm9wZlUyUW52T2pKRkdua3NhVFIzVTBkc1dYQlRjbktpTWhWSGYxajJuQkpSc3pabVIwMitQUzVqeXNqSGd2MTZ1SzVYZk84dmkxQTlXY3daTmE0aFBJSXZXQ1ZHVWpoRHBGRGRFNEkwZkxnSlAxS0JMQXFuSlkxazU3TWVJUGRYSUVuS2tNSFVQYVdCd0FtUkRicWNSQ2czbUhLUTdyVWFuMjNqeWw1M2dQWS9KZ2dhOTJzUnlpOXliZ044R3poTTNvMXBtanM0dXlhc2UvNW9zR2FQcEVuZUJxaWNIMmR4RG1PTHY2UHFyQkljdUphc0hacFV1RFlDeGE3S0EyTGVuTmhnRVdZSVNFRmtoM3dUYXArbnNERkVUMWtRZGJjQmZFc0hYd3ZjYlhnV0tmWGRCTStuazB0a0ZSU20yandrRnBGTkFmT2pYbSs5UkpGcFp0UFl4SklLbTJhYkpmNXhOYmpYTlEzNVhWUmcrb0tmSHZqWUU2b3F3MTdPalQzd3JNQmx4TUVjVU9jKzZTTWl0V2s5WWlNRmFHdExDa2xZNTJ2ZU8vSS9ETzA3ZUk9IiBDb3JyZWxhdGlvbkJpbmRpbmc9IiIgVXJsRW5jb2RlPSJUcnVlIiAvPg0KICAgICAgICA8Rm9ybVBvc3RQYXJhbWV0ZXIgTmFtZT0iYnRuRXhpdCIgVmFsdWU9Iui/lOWbniIgUmVjb3JkZWRWYWx1ZT0i6L+U5ZueIiBDb3JyZWxhdGlvbkJpbmRpbmc9Int7Rm9ybVBvc3RQYXJhbTE3LmJ0bkV4aXR9fSIgVXJsRW5jb2RlPSJUcnVlIiAvPg0KICAgICAgICA8Rm9ybVBvc3RQYXJhbWV0ZXIgTmFtZT0iT1RFbXBJRCIgVmFsdWU9InJidFNpbmdsZUVtcElEIiBSZWNvcmRlZFZhbHVlPSJyYnRTaW5nbGVFbXBJRCIgQ29ycmVsYXRpb25CaW5kaW5nPSJ7e0Zvcm1Qb3N0UGFyYW0xOC5PVEVtcElEfX0iIFVybEVuY29kZT0iVHJ1ZSIgLz4NCiAgICAgICAgPEZvcm1Qb3N0UGFyYW1ldGVyIE5hbWU9InR4dE9URW1wSUQiIFZhbHVlPSIxMDIxMTkiIFJlY29yZGVkVmFsdWU9IjEwMjExOSIgQ29ycmVsYXRpb25CaW5kaW5nPSJ7e0Zvcm1Qb3N0UGFyYW0xOS50eHRPVEVtcElEfX0iIFVybEVuY29kZT0iVHJ1ZSIgLz4NCiAgICAgICAgPEZvcm1Qb3N0UGFyYW1ldGVyIE5hbWU9InR4dE9URW1wTmFtZSIgVmFsdWU9IuW7lk/nvqkiIFJlY29yZGVkVmFsdWU9IuW7lk/nvqkiIENvcnJlbGF0aW9uQmluZGluZz0ie3tGb3JtUG9zdFBhcmFtMjAudHh0T1RFbXBOYW1lfX0iIFVybEVuY29kZT0iVHJ1ZSIgLz4NCiAgICAgICAgPEZvcm1Qb3N0UGFyYW1ldGVyIE5hbWU9InVjRGF0ZVN0YXJ0JHR4dERhdGUiIFZhbHVlPSIyMDE3LzA1LzE2IiBSZWNvcmRlZFZhbHVlPSIyMDE3LzA1LzE2IiBDb3JyZWxhdGlvbkJpbmRpbmc9Int7Rm9ybVBvc3RQYXJhbTIxLnVjRGF0ZVN0YXJ0JHR4dERhdGV9fSIgVXJsRW5jb2RlPSJUcnVlIiAvPg0KICAgICAgICA8Rm9ybVBvc3RQYXJhbWV0ZXIgTmFtZT0idWNEYXRlRW5kJHR4dERhdGUiIFZhbHVlPSIyMDE3LzA1LzE2IiBSZWNvcmRlZFZhbHVlPSIyMDE3LzA1LzE2IiBDb3JyZWxhdGlvbkJpbmRpbmc9Int7Rm9ybVBvc3RQYXJhbTIyLnVjRGF0ZUVuZCR0eHREYXRlfX0iIFVybEVuY29kZT0iVHJ1ZSIgLz4NCiAgICAgICAgPEZvcm1Qb3N0UGFyYW1ldGVyIE5hbWU9Ik9UVGltZVN0YXJ0JGRkbEhIIiBWYWx1ZT0i6KuL6YG45pOHIiBSZWNvcmRlZFZhbHVlPSLoq4vpgbjmk4ciIENvcnJlbGF0aW9uQmluZGluZz0ie3tGb3JtUG9zdFBhcmFtMjQuT1RUaW1lU3RhcnQkZGRsSEh9fSIgVXJsRW5jb2RlPSJUcnVlIiAvPg0KICAgICAgICA8Rm9ybVBvc3RQYXJhbWV0ZXIgTmFtZT0iT1RUaW1lU3RhcnQkZGRsTU0iIFZhbHVlPSLoq4vpgbjmk4ciIFJlY29yZGVkVmFsdWU9Iuiri+mBuOaThyIgQ29ycmVsYXRpb25CaW5kaW5nPSJ7e0Zvcm1Qb3N0UGFyYW0yNS5PVFRpbWVTdGFydCRkZGxNTX19IiBVcmxFbmNvZGU9IlRydWUiIC8+DQogICAgICAgIDxGb3JtUG9zdFBhcmFtZXRlciBOYW1lPSJPVFRpbWVFbmQkZGRsSEgiIFZhbHVlPSLoq4vpgbjmk4ciIFJlY29yZGVkVmFsdWU9Iuiri+mBuOaThyIgQ29ycmVsYXRpb25CaW5kaW5nPSJ7e0Zvcm1Qb3N0UGFyYW0yNi5PVFRpbWVFbmQkZGRsSEh9fSIgVXJsRW5jb2RlPSJUcnVlIiAvPg0KICAgICAgICA8Rm9ybVBvc3RQYXJhbWV0ZXIgTmFtZT0iT1RUaW1lRW5kJGRkbE1NIiBWYWx1ZT0i6KuL6YG45pOHIiBSZWNvcmRlZFZhbHVlPSLoq4vpgbjmk4ciIENvcnJlbGF0aW9uQmluZGluZz0ie3tGb3JtUG9zdFBhcmFtMjcuT1RUaW1lRW5kJGRkbE1NfX0iIFVybEVuY29kZT0iVHJ1ZSIgLz4NCiAgICAgICAgPEZvcm1Qb3N0UGFyYW1ldGVyIE5hbWU9ImNoa01lYWxGbGFnIiBWYWx1ZT0ib24iIFJlY29yZGVkVmFsdWU9Im9uIiBDb3JyZWxhdGlvbkJpbmRpbmc9IiIgVXJsRW5jb2RlPSJUcnVlIiAvPg0KICAgICAgICA8Rm9ybVBvc3RQYXJhbWV0ZXIgTmFtZT0idHh0TWVhbFRpbWUiIFZhbHVlPSIwIiBSZWNvcmRlZFZhbHVlPSIwIiBDb3JyZWxhdGlvbkJpbmRpbmc9Int7Rm9ybVBvc3RQYXJhbTIzLnR4dE1lYWxUaW1lfX0iIFVybEVuY29kZT0iVHJ1ZSIgLz4NCiAgICAgICAgPEZvcm1Qb3N0UGFyYW1ldGVyIE5hbWU9ImRkbE9UVHlwZUlEIiBWYWx1ZT0iMCIgUmVjb3JkZWRWYWx1ZT0iMCIgQ29ycmVsYXRpb25CaW5kaW5nPSJ7e0Zvcm1Qb3N0UGFyYW0yOC5kZGxPVFR5cGVJRH19IiBVcmxFbmNvZGU9IlRydWUiIC8+DQogICAgICAgIDxGb3JtUG9zdFBhcmFtZXRlciBOYW1lPSJ0eHRPVFJlYXNvbk1lbW8kdHh0RGF0YSIgVmFsdWU9IiIgUmVjb3JkZWRWYWx1ZT0iIiBDb3JyZWxhdGlvbkJpbmRpbmc9IiIgVXJsRW5jb2RlPSJUcnVlIiAvPg0KICAgICAgICA8Rm9ybVBvc3RQYXJhbWV0ZXIgTmFtZT0iZGRsT3JnIiBWYWx1ZT0iMSIgUmVjb3JkZWRWYWx1ZT0iMSIgQ29ycmVsYXRpb25CaW5kaW5nPSJ7e0Zvcm1Qb3N0UGFyYW0yOS5kZGxPcmd9fSIgVXJsRW5jb2RlPSJUcnVlIiAvPg0KICAgICAgICA8Rm9ybVBvc3RQYXJhbWV0ZXIgTmFtZT0idWNDYXNjYWRpbmdEcm9wRG93bjEkZGRsMDIiIFZhbHVlPSIwMDBHMDAiIFJlY29yZGVkVmFsdWU9IjAwMEcwMCIgQ29ycmVsYXRpb25CaW5kaW5nPSJ7e0Zvcm1Qb3N0UGFyYW0zMC51Y0Nhc2NhZGluZ0Ryb3BEb3duMSRkZGwwMn19IiBVcmxFbmNvZGU9IlRydWUiIC8+DQogICAgICAgIDxGb3JtUG9zdFBhcmFtZXRlciBOYW1lPSJ1Y0Nhc2NhZGluZ0Ryb3BEb3duMSRkZGwwMyIgVmFsdWU9IjAwMEc5MCIgUmVjb3JkZWRWYWx1ZT0iMDAwRzkwIiBDb3JyZWxhdGlvbkJpbmRpbmc9Int7Rm9ybVBvc3RQYXJhbTMxLnVjQ2FzY2FkaW5nRHJvcERvd24xJGRkbDAzfX0iIFVybEVuY29kZT0iVHJ1ZSIgLz4NCiAgICAgICAgPEZvcm1Qb3N0UGFyYW1ldGVyIE5hbWU9InVjQ2FzY2FkaW5nRHJvcERvd24xJGRkbDA0IiBWYWx1ZT0iIiBSZWNvcmRlZFZhbHVlPSIiIENvcnJlbGF0aW9uQmluZGluZz0iIiBVcmxFbmNvZGU9IlRydWUiIC8+DQogICAgICAgIDxGb3JtUG9zdFBhcmFtZXRlciBOYW1lPSJ1Y0Nhc2NhZGluZ0Ryb3BEb3duMSRDYXNjYWRpbmdEcm9wRG93bjFfQ2xpZW50U3RhdGUiIFZhbHVlPSJTUEhCSzE6OjrmsLjosZDpioDooYw6OjoiIFJlY29yZGVkVmFsdWU9IlNQSEJLMTo6OuawuOixkOmKgOihjDo6OiIgQ29ycmVsYXRpb25CaW5kaW5nPSIiIFVybEVuY29kZT0iVHJ1ZSIgLz4NCiAgICAgICAgPEZvcm1Qb3N0UGFyYW1ldGVyIE5hbWU9InVjQ2FzY2FkaW5nRHJvcERvd24xJENhc2NhZGluZ0Ryb3BEb3duMl9DbGllbnRTdGF0ZSIgVmFsdWU9IjAwMEcwMDo6OuS6uuWKm+izh+a6kOiZlTo6OiIgUmVjb3JkZWRWYWx1ZT0iMDAwRzAwOjo65Lq65Yqb6LOH5rqQ6JmVOjo6IiBDb3JyZWxhdGlvbkJpbmRpbmc9IiIgVXJsRW5jb2RlPSJUcnVlIiAvPg0KICAgICAgICA8Rm9ybVBvc3RQYXJhbWV0ZXIgTmFtZT0idWNDYXNjYWRpbmdEcm9wRG93bjEkQ2FzY2FkaW5nRHJvcERvd24zX0NsaWVudFN0YXRlIiBWYWx1ZT0iMDAwRzkwOjo65Lq66LOH5pW45pOa5oeJ55So56eROjo6IiBSZWNvcmRlZFZhbHVlPSIwMDBHOTA6Ojrkurros4fmlbjmk5rmh4nnlKjnp5E6OjoiIENvcnJlbGF0aW9uQmluZGluZz0iIiBVcmxFbmNvZGU9IlRydWUiIC8+DQogICAgICAgIDxGb3JtUG9zdFBhcmFtZXRlciBOYW1lPSJ1Y0Nhc2NhZGluZ0Ryb3BEb3duMSRDYXNjYWRpbmdEcm9wRG93bjRfQ2xpZW50U3RhdGUiIFZhbHVlPSJ7eyRISURERU4xLnVjQ2FzY2FkaW5nRHJvcERvd24xJENhc2NhZGluZ0Ryb3BEb3duNF9DbGllbnRTdGF0ZX19IiBSZWNvcmRlZFZhbHVlPSI6Ojo6OjoiIENvcnJlbGF0aW9uQmluZGluZz0iIiBVcmxFbmNvZGU9IlRydWUiIC8+DQogICAgICAgIDxGb3JtUG9zdFBhcmFtZXRlciBOYW1lPSJ1Y0Nhc2NhZGluZ0Ryb3BEb3duMSRDYXNjYWRpbmdEcm9wRG93bjVfQ2xpZW50U3RhdGUiIFZhbHVlPSJ7eyRISURERU4xLnVjQ2FzY2FkaW5nRHJvcERvd24xJENhc2NhZGluZ0Ryb3BEb3duNV9DbGllbnRTdGF0ZX19IiBSZWNvcmRlZFZhbHVlPSIiIENvcnJlbGF0aW9uQmluZGluZz0iIiBVcmxFbmNvZGU9IlRydWUiIC8+DQogICAgICAgIDxGb3JtUG9zdFBhcmFtZXRlciBOYW1lPSJ1Y0Nhc2NhZGluZ0Ryb3BEb3duMiRDYXNjYWRpbmdEcm9wRG93bjFfQ2xpZW50U3RhdGUiIFZhbHVlPSJ7eyRISURERU4xLnVjQ2FzY2FkaW5nRHJvcERvd24yJENhc2NhZGluZ0Ryb3BEb3duMV9DbGllbnRTdGF0ZX19IiBSZWNvcmRlZFZhbHVlPSI6Ojo6OjoiIENvcnJlbGF0aW9uQmluZGluZz0iIiBVcmxFbmNvZGU9IlRydWUiIC8+DQogICAgICAgIDxGb3JtUG9zdFBhcmFtZXRlciBOYW1lPSJ1Y0Nhc2NhZGluZ0Ryb3BEb3duMiRDYXNjYWRpbmdEcm9wRG93bjJfQ2xpZW50U3RhdGUiIFZhbHVlPSJ7eyRISURERU4xLnVjQ2FzY2FkaW5nRHJvcERvd24yJENhc2NhZGluZ0Ryb3BEb3duMl9DbGllbnRTdGF0ZX19IiBSZWNvcmRlZFZhbHVlPSI6Ojo6OjoiIENvcnJlbGF0aW9uQmluZGluZz0iIiBVcmxFbmNvZGU9IlRydWUiIC8+DQogICAgICAgIDxGb3JtUG9zdFBhcmFtZXRlciBOYW1lPSJ1Y0Nhc2NhZGluZ0Ryb3BEb3duMiRDYXNjYWRpbmdEcm9wRG93bjNfQ2xpZW50U3RhdGUiIFZhbHVlPSJ7eyRISURERU4xLnVjQ2FzY2FkaW5nRHJvcERvd24yJENhc2NhZGluZ0Ryb3BEb3duM19DbGllbnRTdGF0ZX19IiBSZWNvcmRlZFZhbHVlPSI6Ojo6OjoiIENvcnJlbGF0aW9uQmluZGluZz0iIiBVcmxFbmNvZGU9IlRydWUiIC8+DQogICAgICAgIDxGb3JtUG9zdFBhcmFtZXRlciBOYW1lPSJ1Y0Nhc2NhZGluZ0Ryb3BEb3duMiRDYXNjYWRpbmdEcm9wRG93bjRfQ2xpZW50U3RhdGUiIFZhbHVlPSJ7eyRISURERU4xLnVjQ2FzY2FkaW5nRHJvcERvd24yJENhc2NhZGluZ0Ryb3BEb3duNF9DbGllbnRTdGF0ZX19IiBSZWNvcmRlZFZhbHVlPSIiIENvcnJlbGF0aW9uQmluZGluZz0iIiBVcmxFbmNvZGU9IlRydWUiIC8+DQogICAgICAgIDxGb3JtUG9zdFBhcmFtZXRlciBOYW1lPSJ1Y0Nhc2NhZGluZ0Ryb3BEb3duMiRDYXNjYWRpbmdEcm9wRG93bjVfQ2xpZW50U3RhdGUiIFZhbHVlPSJ7eyRISURERU4xLnVjQ2FzY2FkaW5nRHJvcERvd24yJENhc2NhZGluZ0Ryb3BEb3duNV9DbGllbnRTdGF0ZX19IiBSZWNvcmRlZFZhbHVlPSIiIENvcnJlbGF0aW9uQmluZGluZz0iIiBVcmxFbmNvZGU9IlRydWUiIC8+DQogICAgICAgIDxGb3JtUG9zdFBhcmFtZXRlciBOYW1lPSJmcmFtZUF0dGFjaCIgVmFsdWU9Ii9VdGlsL0F0dGFjaEFkbWluLmFzcHg/QXR0YWNoREI9QWF0dGVuZGFudERCX0lUUkQmYW1wO0F0dGFjaElEPXRlc3QxMDIxMTlkNzkyZGRjOC0xZjBjLTRiZTYtYmEwNi0xYmQ1MjgwY2IyOWEmYW1wO0F0dGFjaEZpbGVNYXhRdHk9MSZhbXA7QXR0YWNoRmlsZU1heEtCPTMwNzImYW1wO0F0dGFjaEZpbGVUb3RLQj0zMDcyJmFtcDtBdHRhY2hGaWxlRXh0TGlzdD0iIFJlY29yZGVkVmFsdWU9Ii9VdGlsL0F0dGFjaEFkbWluLmFzcHg/QXR0YWNoREI9QWF0dGVuZGFudERCX0lUUkQmYW1wO0F0dGFjaElEPXRlc3QxMDIxMTlkNzkyZGRjOC0xZjBjLTRiZTYtYmEwNi0xYmQ1MjgwY2IyOWEmYW1wO0F0dGFjaEZpbGVNYXhRdHk9MSZhbXA7QXR0YWNoRmlsZU1heEtCPTMwNzImYW1wO0F0dGFjaEZpbGVUb3RLQj0zMDcyJmFtcDtBdHRhY2hGaWxlRXh0TGlzdD0iIENvcnJlbGF0aW9uQmluZGluZz0iIiBVcmxFbmNvZGU9IlRydWUiIC8+DQogICAgICAgIDxGb3JtUG9zdFBhcmFtZXRlciBOYW1lPSJ1Y01vZGFsUG9wdXAxJENsaWVudFdpZHRoIiBWYWx1ZT0ie3skSElEREVOMS51Y01vZGFsUG9wdXAxJENsaWVudFdpZHRofX0iIFJlY29yZGVkVmFsdWU9IjAiIENvcnJlbGF0aW9uQmluZGluZz0iIiBVcmxFbmNvZGU9IlRydWUiIC8+DQogICAgICAgIDxGb3JtUG9zdFBhcmFtZXRlciBOYW1lPSJ1Y01vZGFsUG9wdXAxJENsaWVudEhlaWdodCIgVmFsdWU9Int7JEhJRERFTjEudWNNb2RhbFBvcHVwMSRDbGllbnRIZWlnaHR9fSIgUmVjb3JkZWRWYWx1ZT0iMCIgQ29ycmVsYXRpb25CaW5kaW5nPSIiIFVybEVuY29kZT0iVHJ1ZSIgLz4NCiAgICAgICAgPEZvcm1Qb3N0UGFyYW1ldGVyIE5hbWU9ImhpZGRlbklucHV0VG9VcGRhdGVBVEJ1ZmZlcl9Db21tb25Ub29sa2l0U2NyaXB0cyIgVmFsdWU9IjAiIFJlY29yZGVkVmFsdWU9IjAiIENvcnJlbGF0aW9uQmluZGluZz0ie3tGb3JtUG9zdFBhcmFtMzIuaGlkZGVuSW5wdXRUb1VwZGF0ZUFUQnVmZmVyX0NvbW1vblRvb2xraXRTY3JpcHRzfX0iIFVybEVuY29kZT0iVHJ1ZSIgLz4NCiAgICAgIDwvRm9ybVBvc3RIdHRwQm9keT4NCiAgICA8L1JlcXVlc3Q+DQogICAgPFJlcXVlc3QgTWV0aG9kPSJQT1NUIiBHdWlkPSI0NGY4ZmRmNC1iYzk0LTQyYTItODhjOC00YWNiZGNmZGViZDAiIFZlcnNpb249IjEuMSIgVXJsPSJodHRwOi8vMTAuMTEuMzYuMTE0OjgwMDcvT3ZlclRpbWUvT3ZlcnRpbWVQcmVPcmRlci5hc3B4IiBUaGlua1RpbWU9IjM1IiBUaW1lb3V0PSIzMDAiIFBhcnNlRGVwZW5kZW50UmVxdWVzdHM9IlRydWUiIEZvbGxvd1JlZGlyZWN0cz0iVHJ1ZSIgUmVjb3JkUmVzdWx0PSJUcnVlIiBDYWNoZT0iRmFsc2UiIFJlc3BvbnNlVGltZUdvYWw9IjAiIEVuY29kaW5nPSJ1dGYtOCIgRXhwZWN0ZWRIdHRwU3RhdHVzQ29kZT0iMCIgRXhwZWN0ZWRSZXNwb25zZVVybD0iIiBSZXBvcnRpbmdOYW1lPSIiIElnbm9yZUh0dHBTdGF0dXNDb2RlPSJGYWxzZSI+DQogICAgICA8RXh0cmFjdGlvblJ1bGVzPg0KICAgICAgICA8RXh0cmFjdGlvblJ1bGUgQ2xhc3NuYW1lPSJNaWNyb3NvZnQuVmlzdWFsU3R1ZGlvLlRlc3RUb29scy5XZWJUZXN0aW5nLlJ1bGVzLkV4dHJhY3RIaWRkZW5GaWVsZHMsIE1pY3Jvc29mdC5WaXN1YWxTdHVkaW8uUXVhbGl0eVRvb2xzLldlYlRlc3RGcmFtZXdvcmssIFZlcnNpb249MTAuMC4wLjAsIEN1bHR1cmU9bmV1dHJhbCwgUHVibGljS2V5VG9rZW49YjAzZjVmN2YxMWQ1MGEzYSIgVmFyaWFibGVOYW1lPSIxIiBEaXNwbGF5TmFtZT0i5pO35Y+W6Zqx6JeP5qyE5L2NIiBEZXNjcmlwdGlvbj0i5pO35Y+W5Zue5oeJ5Lit55qE5omA5pyJ6Zqx6JeP5qyE5L2N77yM5Lim5bCH5a6D5YCR5pS+5Zyo5ris6Kmm5YWn5a655Lit44CCIj4NCiAgICAgICAgICA8UnVsZVBhcmFtZXRlcnM+DQogICAgICAgICAgICA8UnVsZVBhcmFtZXRlciBOYW1lPSJSZXF1aXJlZCIgVmFsdWU9IlRydWUiIC8+DQogICAgICAgICAgICA8UnVsZVBhcmFtZXRlciBOYW1lPSJIdG1sRGVjb2RlIiBWYWx1ZT0iVHJ1ZSIgLz4NCiAgICAgICAgICA8L1J1bGVQYXJhbWV0ZXJzPg0KICAgICAgICA8L0V4dHJhY3Rpb25SdWxlPg0KICAgICAgPC9FeHRyYWN0aW9uUnVsZXM+DQogICAgICA8Q29ycmVsYXRpb25FeHRyYWN0aW9uUnVsZXM+DQogICAgICAgIDxFeHRyYWN0aW9uUnVsZSBDbGFzc25hbWU9Ik1pY3Jvc29mdC5WaXN1YWxTdHVkaW8uVGVzdFRvb2xzLldlYlRlc3RpbmcuUnVsZXMuRXh0cmFjdEZvcm1GaWVsZCwgTWljcm9zb2Z0LlZpc3VhbFN0dWRpby5RdWFsaXR5VG9vbHMuV2ViVGVzdEZyYW1ld29yaywgVmVyc2lvbj0xMC4wLjAuMCwgQ3VsdHVyZT1uZXV0cmFsLCBQdWJsaWNLZXlUb2tlbj1iMDNmNWY3ZjExZDUwYTNhIiBWYXJpYWJsZU5hbWU9IkZvcm1Qb3N0UGFyYW05LmJ0bkRlbGV0ZSIgRGlzcGxheU5hbWU9IiIgRGVzY3JpcHRpb249IiI+DQogICAgICAgICAgPFJ1bGVQYXJhbWV0ZXJzPg0KICAgICAgICAgICAgPFJ1bGVQYXJhbWV0ZXIgTmFtZT0iTmFtZSIgVmFsdWU9ImJ0bkRlbGV0ZSIgLz4NCiAgICAgICAgICAgIDxSdWxlUGFyYW1ldGVyIE5hbWU9Ikh0bWxEZWNvZGUiIFZhbHVlPSJUcnVlIiAvPg0KICAgICAgICAgICAgPFJ1bGVQYXJhbWV0ZXIgTmFtZT0iUmVxdWlyZWQiIFZhbHVlPSJGYWxzZSIgLz4NCiAgICAgICAgICAgIDxSdWxlUGFyYW1ldGVyIE5hbWU9IkluZGV4IiBWYWx1ZT0iMCIgLz4NCiAgICAgICAgICA8L1J1bGVQYXJhbWV0ZXJzPg0KICAgICAgICA8L0V4dHJhY3Rpb25SdWxlPg0KICAgICAgICA8RXh0cmFjdGlvblJ1bGUgQ2xhc3NuYW1lPSJNaWNyb3NvZnQuVmlzdWFsU3R1ZGlvLlRlc3RUb29scy5XZWJUZXN0aW5nLlJ1bGVzLkV4dHJhY3RGb3JtRmllbGQsIE1pY3Jvc29mdC5WaXN1YWxTdHVkaW8uUXVhbGl0eVRvb2xzLldlYlRlc3RGcmFtZXdvcmssIFZlcnNpb249MTAuMC4wLjAsIEN1bHR1cmU9bmV1dHJhbCwgUHVibGljS2V5VG9rZW49YjAzZjVmN2YxMWQ1MGEzYSIgVmFyaWFibGVOYW1lPSJGb3JtUG9zdFBhcmFtMTAudHh0T1RFbXBJRCIgRGlzcGxheU5hbWU9IiIgRGVzY3JpcHRpb249IiI+DQogICAgICAgICAgPFJ1bGVQYXJhbWV0ZXJzPg0KICAgICAgICAgICAgPFJ1bGVQYXJhbWV0ZXIgTmFtZT0iTmFtZSIgVmFsdWU9InR4dE9URW1wSUQiIC8+DQogICAgICAgICAgICA8UnVsZVBhcmFtZXRlciBOYW1lPSJIdG1sRGVjb2RlIiBWYWx1ZT0iVHJ1ZSIgLz4NCiAgICAgICAgICAgIDxSdWxlUGFyYW1ldGVyIE5hbWU9IlJlcXVpcmVkIiBWYWx1ZT0iRmFsc2UiIC8+DQogICAgICAgICAgICA8UnVsZVBhcmFtZXRlciBOYW1lPSJJbmRleCIgVmFsdWU9IjAiIC8+DQogICAgICAgICAgPC9SdWxlUGFyYW1ldGVycz4NCiAgICAgICAgPC9FeHRyYWN0aW9uUnVsZT4NCiAgICAgICAgPEV4dHJhY3Rpb25SdWxlIENsYXNzbmFtZT0iTWljcm9zb2Z0LlZpc3VhbFN0dWRpby5UZXN0VG9vbHMuV2ViVGVzdGluZy5SdWxlcy5FeHRyYWN0VGV4dCwgTWljcm9zb2Z0LlZpc3VhbFN0dWRpby5RdWFsaXR5VG9vbHMuV2ViVGVzdEZyYW1ld29yaywgVmVyc2lvbj0xMC4wLjAuMCwgQ3VsdHVyZT1uZXV0cmFsLCBQdWJsaWNLZXlUb2tlbj1iMDNmNWY3ZjExZDUwYTNhIiBWYXJpYWJsZU5hbWU9IkZvcm1Qb3N0UGFyYW0xMS5kZGxRdWVyeUNvbmRpdGlvbnMiIERpc3BsYXlOYW1lPSIiIERlc2NyaXB0aW9uPSIiPg0KICAgICAgICAgIDxSdWxlUGFyYW1ldGVycz4NCiAgICAgICAgICAgIDxSdWxlUGFyYW1ldGVyIE5hbWU9IlN0YXJ0c1dpdGgiIFZhbHVlPSJzJnF1b3Q7OlsmcXVvdDsiIC8+DQogICAgICAgICAgICA8UnVsZVBhcmFtZXRlciBOYW1lPSJFbmRzV2l0aCIgVmFsdWU9IiZxdW90OywmcXVvdDsxJnF1b3Q7IiAvPg0KICAgICAgICAgICAgPFJ1bGVQYXJhbWV0ZXIgTmFtZT0iSW5kZXgiIFZhbHVlPSIwIiAvPg0KICAgICAgICAgICAgPFJ1bGVQYXJhbWV0ZXIgTmFtZT0iSWdub3JlQ2FzZSIgVmFsdWU9IkZhbHNlIiAvPg0KICAgICAgICAgICAgPFJ1bGVQYXJhbWV0ZXIgTmFtZT0iVXNlUmVndWxhckV4cHJlc3Npb24iIFZhbHVlPSJGYWxzZSIgLz4NCiAgICAgICAgICAgIDxSdWxlUGFyYW1ldGVyIE5hbWU9Ikh0bWxEZWNvZGUiIFZhbHVlPSJUcnVlIiAvPg0KICAgICAgICAgICAgPFJ1bGVQYXJhbWV0ZXIgTmFtZT0iUmVxdWlyZWQiIFZhbHVlPSJGYWxzZSIgLz4NCiAgICAgICAgICA8L1J1bGVQYXJhbWV0ZXJzPg0KICAgICAgICA8L0V4dHJhY3Rpb25SdWxlPg0KICAgICAgICA8RXh0cmFjdGlvblJ1bGUgQ2xhc3NuYW1lPSJNaWNyb3NvZnQuVmlzdWFsU3R1ZGlvLlRlc3RUb29scy5XZWJUZXN0aW5nLlJ1bGVzLkV4dHJhY3RUZXh0LCBNaWNyb3NvZnQuVmlzdWFsU3R1ZGlvLlF1YWxpdHlUb29scy5XZWJUZXN0RnJhbWV3b3JrLCBWZXJzaW9uPTEwLjAuMC4wLCBDdWx0dXJlPW5ldXRyYWwsIFB1YmxpY0tleVRva2VuPWIwM2Y1ZjdmMTFkNTBhM2EiIFZhcmlhYmxlTmFtZT0iRm9ybVBvc3RQYXJhbTEyLmRkbE9UU3RhdHVzIiBEaXNwbGF5TmFtZT0iIiBEZXNjcmlwdGlvbj0iIj4NCiAgICAgICAgICA8UnVsZVBhcmFtZXRlcnM+DQogICAgICAgICAgICA8UnVsZVBhcmFtZXRlciBOYW1lPSJTdGFydHNXaXRoIiBWYWx1ZT0iJnF1b3Q7MCZxdW90OywmcXVvdDsiIC8+DQogICAgICAgICAgICA8UnVsZVBhcmFtZXRlciBOYW1lPSJFbmRzV2l0aCIgVmFsdWU9IiZxdW90OywmcXVvdDsyJnF1b3Q7IiAvPg0KICAgICAgICAgICAgPFJ1bGVQYXJhbWV0ZXIgTmFtZT0iSW5kZXgiIFZhbHVlPSIwIiAvPg0KICAgICAgICAgICAgPFJ1bGVQYXJhbWV0ZXIgTmFtZT0iSWdub3JlQ2FzZSIgVmFsdWU9IkZhbHNlIiAvPg0KICAgICAgICAgICAgPFJ1bGVQYXJhbWV0ZXIgTmFtZT0iVXNlUmVndWxhckV4cHJlc3Npb24iIFZhbHVlPSJGYWxzZSIgLz4NCiAgICAgICAgICAgIDxSdWxlUGFyYW1ldGVyIE5hbWU9Ikh0bWxEZWNvZGUiIFZhbHVlPSJUcnVlIiAvPg0KICAgICAgICAgICAgPFJ1bGVQYXJhbWV0ZXIgTmFtZT0iUmVxdWlyZWQiIFZhbHVlPSJGYWxzZSIgLz4NCiAgICAgICAgICA8L1J1bGVQYXJhbWV0ZXJzPg0KICAgICAgICA8L0V4dHJhY3Rpb25SdWxlPg0KICAgICAgPC9Db3JyZWxhdGlvbkV4dHJhY3Rpb25SdWxlcz4NCiAgICAgIDxGb3JtUG9zdEh0dHBCb2R5Pg0KICAgICAgICA8Rm9ybVBvc3RQYXJhbWV0ZXIgTmFtZT0iVG9vbGtpdFNjcmlwdE1hbmFnZXIxX0hpZGRlbkZpZWxkIiBWYWx1ZT0iOztBamF4Q29udHJvbFRvb2xraXQsIFZlcnNpb249NC4xLjcuNjA3LCBDdWx0dXJlPW5ldXRyYWwsIFB1YmxpY0tleVRva2VuPTI4ZjAxYjBlODRiNmQ1M2U6emgtSGFudDo3Yjk1ZWQxYS02YTNmLTQxZGQtYmM1Yi02M2YzOWVkYmM0YjQ6ZGUxZmVhYjI6ZmNmMGU5OTM6ZjJjOGU3MDg6NzIwYTUyYmY6ZjljZWM5YmM6NTg5ZWFhMzA6Njk4MTI5Y2Y6ZmI5YjRjNTc6Y2NiOTZjZjk6YTY3YzI3MDA6ODYxM2FlYTc6MzIwMmE1YTI6YWIwOWUzZmU6ODcxMDRiN2M6YmU2ZmIyOTgiIFJlY29yZGVkVmFsdWU9Ijs7QWpheENvbnRyb2xUb29sa2l0LCBWZXJzaW9uPTQuMS43LjYwNywgQ3VsdHVyZT1uZXV0cmFsLCBQdWJsaWNLZXlUb2tlbj0yOGYwMWIwZTg0YjZkNTNlOnpoLUhhbnQ6N2I5NWVkMWEtNmEzZi00MWRkLWJjNWItNjNmMzllZGJjNGI0OmRlMWZlYWIyOmZjZjBlOTkzOmYyYzhlNzA4OjcyMGE1MmJmOmY5Y2VjOWJjOjU4OWVhYTMwOjY5ODEyOWNmOmZiOWI0YzU3OmNjYjk2Y2Y5OmE2N2MyNzAwOjg2MTNhZWE3OjMyMDJhNWEyOmFiMDllM2ZlOjg3MTA0YjdjOmJlNmZiMjk4IiBDb3JyZWxhdGlvbkJpbmRpbmc9IiIgVXJsRW5jb2RlPSJUcnVlIiAvPg0KICAgICAgICA8Rm9ybVBvc3RQYXJhbWV0ZXIgTmFtZT0iX19FVkVOVFRBUkdFVCIgVmFsdWU9Int7JEhJRERFTjEuX19FVkVOVFRBUkdFVH19IiBSZWNvcmRlZFZhbHVlPSIiIENvcnJlbGF0aW9uQmluZGluZz0iIiBVcmxFbmNvZGU9IlRydWUiIC8+DQogICAgICAgIDxGb3JtUG9zdFBhcmFtZXRlciBOYW1lPSJfX0VWRU5UQVJHVU1FTlQiIFZhbHVlPSJ7eyRISURERU4xLl9fRVZFTlRBUkdVTUVOVH19IiBSZWNvcmRlZFZhbHVlPSIiIENvcnJlbGF0aW9uQmluZGluZz0iIiBVcmxFbmNvZGU9IlRydWUiIC8+DQogICAgICAgIDxGb3JtUG9zdFBhcmFtZXRlciBOYW1lPSJfX0xBU1RGT0NVUyIgVmFsdWU9Int7JEhJRERFTjEuX19MQVNURk9DVVN9fSIgUmVjb3JkZWRWYWx1ZT0iIiBDb3JyZWxhdGlvbkJpbmRpbmc9IiIgVXJsRW5jb2RlPSJUcnVlIiAvPg0KICAgICAgICA8Rm9ybVBvc3RQYXJhbWV0ZXIgTmFtZT0iX19WU1RBVEUiIFZhbHVlPSJ7eyRISURERU4xLl9fVlNUQVRFfX0iIFJlY29yZGVkVmFsdWU9IkFSK0xDQUFBQUFBQUJBQ3RWOTF6RTFVVVQ1WnVHdEtQRkd4aVJkMWRIcHh0cDZSa2s2Z0R0UThrS1RZakpkZ0dIaXhNWnB0N3UxbTczYzFrYjB2akV6NFVGSEdBb2VoZ1o1eHhSZ0ZCSEIxZktqS09mNElQUHZqTWtMUjk4ay9BZS9jajJTWkxCa3EzMCtUbW5IUFA3M3pmdlUrOXdRRXY3Wk9XSmtWWkRiNDM3T21tZktHQVA1dExhUXVsVExvem14c24zNzVzTGkwaWlMOXk4Z0xzenVhbWtZZ1c5WlBpQXV6Q05BMkpDbUZnOGR5eW1rbjdiUUc4T0s2VkYwNW1BOGNWN1h4SzFDRm1Vay94RXdSQk9pQWNpY2NFNFoyM0U0bGdPTXo0MHJDRU1tbjZBQitOUnQ4WG92d2hZeEYxTEpqOTJiSkVWSjJRZFlTWElnYWpLWjVuZXZPblJBbG1kSUoyUXBPS1RNZ2lmTGdJeTVWcFZKWlZ5YUQ3VE1kbzMvU3BpZVFIQW5QUWtqdTJpTFJqcFpKU0dWK1loWURRVXJxZVVrUmRseGpla2lFeFF2aC91bERXRk9XVXBzdEkxdFNzaWxjb0tSYm1KU1pndWtBc2hFeVh3MWI2WHE4T0ZWaEFYRG96bmN1Y1RPVzRBbzRHeDUwdlFwWExKcUlqcDB1V1A1eXNjNnFHT0hWUlVUalV5b1lLM3NmekhGUUJKK3FFV2VjZGtuV3lhNUJzc0VrOFAyU0oyUlFuY0x3OWNMd2RjTndGT040S0hIY0ZqclVIanJVRGpya0F4MXFCWTY3QVFudGdvUVY0ME5odGJtNjdkOURLY0VOa3Jxd3RjSEJpYW5JNm5jeG5jbFBwa1Jrd3E1MGJtVEVFNUU5RVVqK2tSTTRSL1dYSVdSdkhuRUJEaGhtbSswUDFHQWlPR0RqY0l5WSsyN2tXMyt6b0NkdWoxd0I1QmtTN0NMYkxYR3ZpSEFiYmljT2tOa0l1SnJ2VWdFczl1dmNHZVFob1dqdXZOcU1hVGpzQ2FyamY4TlJZbVI0K1hsMTl2SHFCNTRZYjBzTjhoSy8vSklPU0JNSEZlbE5PY0FpNitHTUt4ZHlFNGsxQ2NUZWhSSk5Rd2lua0ZnWEQ0QmNvM3l5bndEbkVmYXpKNnZQdVNFUTVqVlFUdG1WS1UyQktBM0NNVDBSNVRzVEY0ckNZRzh2V2x5OE1FcmRBNGs2UXVBMFMzeDJRbUFVU2M0TEViSkRZN29BSUZvamdCQkZzRUdGM1FDd01KMFNVTndCYzlWdERxekZ4OEJBa1Rad3RBMWptWml2T1U4ZHhEamdtczJQRTFMdWVZenJ4eWpnMS9mYXJBQk8wejJDSXhKd282VktZb3ZZRVFiZ2Zmd2JERkQ3dlQ4aFNFU1cxNVdRWml2UGpxamlyUUZBRVlXb09TM1ZRWGtPcTg0eXN5NWhSQklDaURVcEhEaTRqZW1EejFzMk5heGVmckQvNDc5R1Z6ZnRmYk56OXN2cm55dU1MdDdIY1cwU083YUc3YTcrc2IvNTZiZXZ5aGMzdnJtRDZrRVVQUG5uNHNIcDViZk8zUzdXSDE3QWV6SXBZckJCbUVmck45ZHFOYjJxWFB0OVl2YnR4NXpvV09CeTBEQ05POUFFUTlzNEJTckNKUGtJTWh2MU1MMzdwRXMrSXlpSThMa01GMEIwa0pVd1BvUkt6VGFLZkVFbS9NbDM1ZzRTVjFCWlZJREdkOVJqMGhhaDlFZnhneDdZK3hhWmNJai9DNWl0VnBNbjZFT1h4bVp6KzRUMlVKQm1XMFlZNWJLOXBBQnRzWUxKOUVydHZGeEE2ZDQ0Z1JDT2JYOTNiV3ZscDQvYlY2bWMvNGdEYkNJSVRJVzVIMTI5RkY0TUZHdldKSVh1MlRiODZycmNWTitUMVlNM2VwdUFFR2lXK2MyMmREVzJ4bDllMjE5Ylc1VGpmZHE3dVhhTmlLYU9oU05zRmNNbVJld0Y1NnhZUjNWM0J6OW5EazVObkR3UEFCUEw0RGxCR3hyM0I4NWQ4WmUyZnYvMk1Qeit1QW91VTdHQWYvT3ZIS2pMNkZCUkJWbFVxUlN5UTB6UjhtU2pSa1ptdFA3NnQzYmg4anF0ZWYxUzllci8yOVErMXRZdTRQMmUyMW00WjlOcjZ5dGF0NzZzcmQ2by8vMjcyT0RIUGkzMEdwTmMxdGFESWhYbjZvOU5JVnZLcDRqd2VEamxOa2hSb1RBRlprVkZsa0VmTHlMemNKS0VrcS9sQ2NiN0I1UTl4elh3Z0w1RWVPNGFIREQ4MENuQXZVMlNNMERxcUtKQm1sMkFaeVFWUmlZaUtMS2xIa1ZZYVhhcXJPenJhR0VRNzh4THZER2dxbUZWTXozcFJVZFpIbHNpQUdPUDVVWUNURXZZeFB0ZDA3RzNKeGdRWkVkdVNNVUhxRDZlVjNiOTlNL3RLUFlOc2Z6MXpiS2pJaGw4MlRleXI5Sm5ueXcrMnRVMTJDTmM5Tit6QWM2ZUZmZTJGODhFZWNNOEMrM3BUQ04rb2g1MTkweEh2SStUU3ZZL3k5b1U5NUsrN2Y5ampBZFNvRWFLT29CR2hBYm9IeUhwSkVTdEhWVTJGbytCL083V245TFVQQUFBPSIgQ29ycmVsYXRpb25CaW5kaW5nPSIiIFVybEVuY29kZT0iVHJ1ZSIgLz4NCiAgICAgICAgPEZvcm1Qb3N0UGFyYW1ldGVyIE5hbWU9Il9fVklFV1NUQVRFIiBWYWx1ZT0ie3skSElEREVOMS5fX1ZJRVdTVEFURX19IiBSZWNvcmRlZFZhbHVlPSIiIENvcnJlbGF0aW9uQmluZGluZz0iIiBVcmxFbmNvZGU9IlRydWUiIC8+DQogICAgICAgIDxGb3JtUG9zdFBhcmFtZXRlciBOYW1lPSJfX1NDUk9MTFBPU0lUSU9OWCIgVmFsdWU9Int7JEhJRERFTjEuX19TQ1JPTExQT1NJVElPTlh9fSIgUmVjb3JkZWRWYWx1ZT0iMCIgQ29ycmVsYXRpb25CaW5kaW5nPSIiIFVybEVuY29kZT0iVHJ1ZSIgLz4NCiAgICAgICAgPEZvcm1Qb3N0UGFyYW1ldGVyIE5hbWU9Il9fU0NST0xMUE9TSVRJT05ZIiBWYWx1ZT0ie3skSElEREVOMS5fX1NDUk9MTFBPU0lUSU9OWX19IiBSZWNvcmRlZFZhbHVlPSIwIiBDb3JyZWxhdGlvbkJpbmRpbmc9IiIgVXJsRW5jb2RlPSJUcnVlIiAvPg0KICAgICAgICA8Rm9ybVBvc3RQYXJhbWV0ZXIgTmFtZT0iX19WSUVXU1RBVEVFTkNSWVBURUQiIFZhbHVlPSJ7eyRISURERU4xLl9fVklFV1NUQVRFRU5DUllQVEVEfX0iIFJlY29yZGVkVmFsdWU9IiIgQ29ycmVsYXRpb25CaW5kaW5nPSIiIFVybEVuY29kZT0iVHJ1ZSIgLz4NCiAgICAgICAgPEZvcm1Qb3N0UGFyYW1ldGVyIE5hbWU9Il9fRVZFTlRWQUxJREFUSU9OIiBWYWx1ZT0ie3skSElEREVOMS5fX0VWRU5UVkFMSURBVElPTn19IiBSZWNvcmRlZFZhbHVlPSIwL3RldWFocmFwTVRzRjArZjhrU3crR043OUZpSUtaNGdJQVB4R0xxRVZ0TllJSThrV2Mvd2ZnNWRMTCtCbGFMc25KOGRzWW9YNjV6WGVZTDRnb0RVNW0xZElLVnljSk1JcDY3RDkxdkNMTlA5MWt0KzYrUkxqclFBV1dkcG04RW5BNXpVbXFlbHpZS0plVXREUkRLVWZDS1M3TUg4Sk9GbVpzZW9MOTVoRCtnRldUWFhHaFFFSjh4T0w4VUN6VFFkelg4TWZWOERKVHo0WE5WQ2J0VmZVT0FKTWRMQWZxWjlnenNDWWZJcDZZSWtnb2dFL0NDZlY0VFZDL2VLMHd4Y0dieDAzNDZlVTY5NDNJajlGUDU3RWM3WnBLdzdCVW84MmhSTTJNRzRUQnZ6cFVwampnejRBdGdkKzZLQ2ErRGxMNGVraE5kTzJFS2NPNjRabGNWM2pXY3BhV0xMeWVQNzRDZU8wbDIxa2Q0MWN2cE1IQVQxcHpuQ3pnZmFrRjE1OU1TUTFzSHRBcTFwSXJtNVRpcnp1eGhqZ24xN3ZYZTRjOWUvcGU3eU0vU1BzYjJ1blRDWHVCV21pYzcvR01wRjdZWCtZWC9wMStQd0lHUXNHNDN0UVoxQXRQeFlBY1RFc21EalJUYXFqZys1cWN4dVdUaVVRTU9NY2hPZi9BdXBxZ0hTT0MwN2NGVThKdGNiYTl0alR3eTFLWjJqckxWVGR1eElmN3VBc2dLNlhYbWdOVkxuemYzV254NkF1WUtxaStKMTdQZHluSnhqbXlGTzRwM2VhNVQyQ2o4Z3dnKzhvSExsZVBjcEg3SXk5cTgxODMyMU5aY0J1STAwZlU4a1Vsa01iTjg0eXk1eGVhZ3BSTFVhaXUrdWt6WWwxYllmQ3dXa0dRSXVhSXNJL2NvZWxzN1JrblJpS0VjaVYzNXhZWndxd2ROS2xmd3NFdGRoa295NXFKOUZiOUYwbS9qR3B1ODdZdmRPY1h1SjR0cnNiRWRMUFMrVlRSSjFQbDh6VXluQXRCbmo3Um1PRVZsbkh4WEQ1U0dNcU5XVDlOOE94U2U4V0N3bVh0a3pjUE9GN09xN1hBZ1ZwUzY3NVRjUXJWOElBOWRBSzhnYjJaUFZRRUs2WU5NTDZJWXlZVDhNemFXM09jbW5CZ0Mwc1BXcWdhaGg2VGZ0WmR4aVN0UDRCaHRPUFY1clJvaHZTSTBNaHFXaGlRU3lmQzdiK1R2MG4wWDRWUkFWTHJEOGFDaW5Ic3pmUzBiNWtVREVmd3B4NEN1V2hsSVhMTUsxNlcrcGFJUXU2bFg4SDdQb3ZZRHZPYkNISUYyWmlBeTVNN1ROQitLS3RLRnArdExsb1ZYRDNtU2lCN3FVYXlBNDg2bzRIbjNQdE9YVW9samJHbThCQTZ1YmtjVVlzNzA0L0REK3k1UXpSa0V1TlQ3d296TXBwaVUwS2NhdW55RGxkWVhNVTNNSnFJeVNZc1pBU0dsb0pEWWJZNXdtSnJwQW9uaWRQUHp5cTJtNFVYT3dSbXpoUnRzZE42Z1B4eWVJWmo3aWtVaUtYTkZRc1U9IiBDb3JyZWxhdGlvbkJpbmRpbmc9IiIgVXJsRW5jb2RlPSJUcnVlIiAvPg0KICAgICAgICA8Rm9ybVBvc3RQYXJhbWV0ZXIgTmFtZT0iU2NyZWVuV2lkdGgiIFZhbHVlPSJ7eyRISURERU4xLlNjcmVlbldpZHRofX0iIFJlY29yZGVkVmFsdWU9IiIgQ29ycmVsYXRpb25CaW5kaW5nPSIiIFVybEVuY29kZT0iVHJ1ZSIgLz4NCiAgICAgICAgPEZvcm1Qb3N0UGFyYW1ldGVyIE5hbWU9IlNjcmVlbkhlaWdodCIgVmFsdWU9Int7JEhJRERFTjEuU2NyZWVuSGVpZ2h0fX0iIFJlY29yZGVkVmFsdWU9IiIgQ29ycmVsYXRpb25CaW5kaW5nPSIiIFVybEVuY29kZT0iVHJ1ZSIgLz4NCiAgICAgICAgPEZvcm1Qb3N0UGFyYW1ldGVyIE5hbWU9ImJ0blF1ZXJ5IiBWYWx1ZT0i5p+l6KmiIiBSZWNvcmRlZFZhbHVlPSLmn6XoqaIiIENvcnJlbGF0aW9uQmluZGluZz0ie3tGb3JtUG9zdFBhcmFtMTMuYnRuUXVlcnl9fSIgVXJsRW5jb2RlPSJUcnVlIiAvPg0KICAgICAgICA8Rm9ybVBvc3RQYXJhbWV0ZXIgTmFtZT0iZGRsT3JnQW5kRmxvdyIgVmFsdWU9IiIgUmVjb3JkZWRWYWx1ZT0iIiBDb3JyZWxhdGlvbkJpbmRpbmc9IiIgVXJsRW5jb2RlPSJUcnVlIiAvPg0KICAgICAgICA8Rm9ybVBvc3RQYXJhbWV0ZXIgTmFtZT0iZGRsUXVlcnlDb25kaXRpb25zIiBWYWx1ZT0iMCIgUmVjb3JkZWRWYWx1ZT0iMCIgQ29ycmVsYXRpb25CaW5kaW5nPSJ7e0Zvcm1Qb3N0UGFyYW0xNS5kZGxRdWVyeUNvbmRpdGlvbnN9fSIgVXJsRW5jb2RlPSJUcnVlIiAvPg0KICAgICAgICA8Rm9ybVBvc3RQYXJhbWV0ZXIgTmFtZT0idHh0T1RFbXBJRCIgVmFsdWU9IjEwMjExOSIgUmVjb3JkZWRWYWx1ZT0iMTAyMTE5IiBDb3JyZWxhdGlvbkJpbmRpbmc9Int7Rm9ybVBvc3RQYXJhbTE0LnR4dE9URW1wSUR9fSIgVXJsRW5jb2RlPSJUcnVlIiAvPg0KICAgICAgICA8Rm9ybVBvc3RQYXJhbWV0ZXIgTmFtZT0idHh0T1RFbXBOYW1lIiBWYWx1ZT0iIiBSZWNvcmRlZFZhbHVlPSIiIENvcnJlbGF0aW9uQmluZGluZz0iIiBVcmxFbmNvZGU9IlRydWUiIC8+DQogICAgICAgIDxGb3JtUG9zdFBhcmFtZXRlciBOYW1lPSJ0eHRPVEZvcm1OTyIgVmFsdWU9IiIgUmVjb3JkZWRWYWx1ZT0iIiBDb3JyZWxhdGlvbkJpbmRpbmc9IiIgVXJsRW5jb2RlPSJUcnVlIiAvPg0KICAgICAgICA8Rm9ybVBvc3RQYXJhbWV0ZXIgTmFtZT0iZGRsT1RTdGF0dXMiIFZhbHVlPSIxIiBSZWNvcmRlZFZhbHVlPSIxIiBDb3JyZWxhdGlvbkJpbmRpbmc9Int7Rm9ybVBvc3RQYXJhbTE2LmRkbE9UU3RhdHVzfX0iIFVybEVuY29kZT0iVHJ1ZSIgLz4NCiAgICAgICAgPEZvcm1Qb3N0UGFyYW1ldGVyIE5hbWU9InR4dE9URGF0ZUJlZ2luJHR4dERhdGUiIFZhbHVlPSIiIFJlY29yZGVkVmFsdWU9IiIgQ29ycmVsYXRpb25CaW5kaW5nPSIiIFVybEVuY29kZT0iVHJ1ZSIgLz4NCiAgICAgICAgPEZvcm1Qb3N0UGFyYW1ldGVyIE5hbWU9InR4dE9URGF0ZUVuZCR0eHREYXRlIiBWYWx1ZT0iIiBSZWNvcmRlZFZhbHVlPSIiIENvcnJlbGF0aW9uQmluZGluZz0iIiBVcmxFbmNvZGU9IlRydWUiIC8+DQogICAgICAgIDxGb3JtUG9zdFBhcmFtZXRlciBOYW1lPSJ1Y01vZGFsUG9wdXAxJENsaWVudFdpZHRoIiBWYWx1ZT0ie3skSElEREVOMS51Y01vZGFsUG9wdXAxJENsaWVudFdpZHRofX0iIFJlY29yZGVkVmFsdWU9IjAiIENvcnJlbGF0aW9uQmluZGluZz0iIiBVcmxFbmNvZGU9IlRydWUiIC8+DQogICAgICAgIDxGb3JtUG9zdFBhcmFtZXRlciBOYW1lPSJ1Y01vZGFsUG9wdXAxJENsaWVudEhlaWdodCIgVmFsdWU9Int7JEhJRERFTjEudWNNb2RhbFBvcHVwMSRDbGllbnRIZWlnaHR9fSIgUmVjb3JkZWRWYWx1ZT0iMCIgQ29ycmVsYXRpb25CaW5kaW5nPSIiIFVybEVuY29kZT0iVHJ1ZSIgLz4NCiAgICAgIDwvRm9ybVBvc3RIdHRwQm9keT4NCiAgICA8L1JlcXVlc3Q+DQogICAgPFJlcXVlc3QgTWV0aG9kPSJQT1NUIiBHdWlkPSIyZDA0OGUyNy1mY2I0LTRmZjUtODkzNS03MDIxODFiMzIxMTciIFZlcnNpb249IjEuMSIgVXJsPSJodHRwOi8vMTAuMTEuMzYuMTE0OjgwMDcvT3ZlclRpbWUvT3ZlcnRpbWVQcmVPcmRlci5hc3B4IiBUaGlua1RpbWU9IjE0IiBUaW1lb3V0PSIzMDAiIFBhcnNlRGVwZW5kZW50UmVxdWVzdHM9IlRydWUiIEZvbGxvd1JlZGlyZWN0cz0iVHJ1ZSIgUmVjb3JkUmVzdWx0PSJUcnVlIiBDYWNoZT0iRmFsc2UiIFJlc3BvbnNlVGltZUdvYWw9IjAiIEVuY29kaW5nPSJ1dGYtOCIgRXhwZWN0ZWRIdHRwU3RhdHVzQ29kZT0iMCIgRXhwZWN0ZWRSZXNwb25zZVVybD0iIiBSZXBvcnRpbmdOYW1lPSIiIElnbm9yZUh0dHBTdGF0dXNDb2RlPSJGYWxzZSI+DQogICAgICA8RXh0cmFjdGlvblJ1bGVzPg0KICAgICAgICA8RXh0cmFjdGlvblJ1bGUgQ2xhc3NuYW1lPSJNaWNyb3NvZnQuVmlzdWFsU3R1ZGlvLlRlc3RUb29scy5XZWJUZXN0aW5nLlJ1bGVzLkV4dHJhY3RIaWRkZW5GaWVsZHMsIE1pY3Jvc29mdC5WaXN1YWxTdHVkaW8uUXVhbGl0eVRvb2xzLldlYlRlc3RGcmFtZXdvcmssIFZlcnNpb249MTAuMC4wLjAsIEN1bHR1cmU9bmV1dHJhbCwgUHVibGljS2V5VG9rZW49YjAzZjVmN2YxMWQ1MGEzYSIgVmFyaWFibGVOYW1lPSIxIiBEaXNwbGF5TmFtZT0i5pO35Y+W6Zqx6JeP5qyE5L2NIiBEZXNjcmlwdGlvbj0i5pO35Y+W5Zue5oeJ5Lit55qE5omA5pyJ6Zqx6JeP5qyE5L2N77yM5Lim5bCH5a6D5YCR5pS+5Zyo5ris6Kmm5YWn5a655Lit44CCIj4NCiAgICAgICAgICA8UnVsZVBhcmFtZXRlcnM+DQogICAgICAgICAgICA8UnVsZVBhcmFtZXRlciBOYW1lPSJSZXF1aXJlZCIgVmFsdWU9IlRydWUiIC8+DQogICAgICAgICAgICA8UnVsZVBhcmFtZXRlciBOYW1lPSJIdG1sRGVjb2RlIiBWYWx1ZT0iVHJ1ZSIgLz4NCiAgICAgICAgICA8L1J1bGVQYXJhbWV0ZXJzPg0KICAgICAgICA8L0V4dHJhY3Rpb25SdWxlPg0KICAgICAgPC9FeHRyYWN0aW9uUnVsZXM+DQogICAgICA8Q29ycmVsYXRpb25FeHRyYWN0aW9uUnVsZXM+DQogICAgICAgIDxFeHRyYWN0aW9uUnVsZSBDbGFzc25hbWU9Ik1pY3Jvc29mdC5WaXN1YWxTdHVkaW8uVGVzdFRvb2xzLldlYlRlc3RpbmcuUnVsZXMuRXh0cmFjdEZvcm1GaWVsZCwgTWljcm9zb2Z0LlZpc3VhbFN0dWRpby5RdWFsaXR5VG9vbHMuV2ViVGVzdEZyYW1ld29yaywgVmVyc2lvbj0xMC4wLjAuMCwgQ3VsdHVyZT1uZXV0cmFsLCBQdWJsaWNLZXlUb2tlbj1iMDNmNWY3ZjExZDUwYTNhIiBWYXJpYWJsZU5hbWU9IkZvcm1Qb3N0UGFyYW01LmJ0bkRlbGV0ZUludmlzaWJsZSIgRGlzcGxheU5hbWU9IiIgRGVzY3JpcHRpb249IiI+DQogICAgICAgICAgPFJ1bGVQYXJhbWV0ZXJzPg0KICAgICAgICAgICAgPFJ1bGVQYXJhbWV0ZXIgTmFtZT0iTmFtZSIgVmFsdWU9ImJ0bkRlbGV0ZUludmlzaWJsZSIgLz4NCiAgICAgICAgICAgIDxSdWxlUGFyYW1ldGVyIE5hbWU9Ikh0bWxEZWNvZGUiIFZhbHVlPSJUcnVlIiAvPg0KICAgICAgICAgICAgPFJ1bGVQYXJhbWV0ZXIgTmFtZT0iUmVxdWlyZWQiIFZhbHVlPSJGYWxzZSIgLz4NCiAgICAgICAgICAgIDxSdWxlUGFyYW1ldGVyIE5hbWU9IkluZGV4IiBWYWx1ZT0iMCIgLz4NCiAgICAgICAgICA8L1J1bGVQYXJhbWV0ZXJzPg0KICAgICAgICA8L0V4dHJhY3Rpb25SdWxlPg0KICAgICAgICA8RXh0cmFjdGlvblJ1bGUgQ2xhc3NuYW1lPSJNaWNyb3NvZnQuVmlzdWFsU3R1ZGlvLlRlc3RUb29scy5XZWJUZXN0aW5nLlJ1bGVzLkV4dHJhY3RGb3JtRmllbGQsIE1pY3Jvc29mdC5WaXN1YWxTdHVkaW8uUXVhbGl0eVRvb2xzLldlYlRlc3RGcmFtZXdvcmssIFZlcnNpb249MTAuMC4wLjAsIEN1bHR1cmU9bmV1dHJhbCwgUHVibGljS2V5VG9rZW49YjAzZjVmN2YxMWQ1MGEzYSIgVmFyaWFibGVOYW1lPSJGb3JtUG9zdFBhcmFtNi50eHRPVEVtcElEIiBEaXNwbGF5TmFtZT0iIiBEZXNjcmlwdGlvbj0iIj4NCiAgICAgICAgICA8UnVsZVBhcmFtZXRlcnM+DQogICAgICAgICAgICA8UnVsZVBhcmFtZXRlciBOYW1lPSJOYW1lIiBWYWx1ZT0idHh0T1RFbXBJRCIgLz4NCiAgICAgICAgICAgIDxSdWxlUGFyYW1ldGVyIE5hbWU9Ikh0bWxEZWNvZGUiIFZhbHVlPSJUcnVlIiAvPg0KICAgICAgICAgICAgPFJ1bGVQYXJhbWV0ZXIgTmFtZT0iUmVxdWlyZWQiIFZhbHVlPSJGYWxzZSIgLz4NCiAgICAgICAgICAgIDxSdWxlUGFyYW1ldGVyIE5hbWU9IkluZGV4IiBWYWx1ZT0iMCIgLz4NCiAgICAgICAgICA8L1J1bGVQYXJhbWV0ZXJzPg0KICAgICAgICA8L0V4dHJhY3Rpb25SdWxlPg0KICAgICAgICA8RXh0cmFjdGlvblJ1bGUgQ2xhc3NuYW1lPSJNaWNyb3NvZnQuVmlzdWFsU3R1ZGlvLlRlc3RUb29scy5XZWJUZXN0aW5nLlJ1bGVzLkV4dHJhY3RUZXh0LCBNaWNyb3NvZnQuVmlzdWFsU3R1ZGlvLlF1YWxpdHlUb29scy5XZWJUZXN0RnJhbWV3b3JrLCBWZXJzaW9uPTEwLjAuMC4wLCBDdWx0dXJlPW5ldXRyYWwsIFB1YmxpY0tleVRva2VuPWIwM2Y1ZjdmMTFkNTBhM2EiIFZhcmlhYmxlTmFtZT0iRm9ybVBvc3RQYXJhbTcuZGRsUXVlcnlDb25kaXRpb25zIiBEaXNwbGF5TmFtZT0iIiBEZXNjcmlwdGlvbj0iIj4NCiAgICAgICAgICA8UnVsZVBhcmFtZXRlcnM+DQogICAgICAgICAgICA8UnVsZVBhcmFtZXRlciBOYW1lPSJTdGFydHNXaXRoIiBWYWx1ZT0icyZxdW90OzpbJnF1b3Q7IiAvPg0KICAgICAgICAgICAgPFJ1bGVQYXJhbWV0ZXIgTmFtZT0iRW5kc1dpdGgiIFZhbHVlPSImcXVvdDssJnF1b3Q7MSZxdW90OyIgLz4NCiAgICAgICAgICAgIDxSdWxlUGFyYW1ldGVyIE5hbWU9IkluZGV4IiBWYWx1ZT0iMCIgLz4NCiAgICAgICAgICAgIDxSdWxlUGFyYW1ldGVyIE5hbWU9Iklnbm9yZUNhc2UiIFZhbHVlPSJGYWxzZSIgLz4NCiAgICAgICAgICAgIDxSdWxlUGFyYW1ldGVyIE5hbWU9IlVzZVJlZ3VsYXJFeHByZXNzaW9uIiBWYWx1ZT0iRmFsc2UiIC8+DQogICAgICAgICAgICA8UnVsZVBhcmFtZXRlciBOYW1lPSJIdG1sRGVjb2RlIiBWYWx1ZT0iVHJ1ZSIgLz4NCiAgICAgICAgICAgIDxSdWxlUGFyYW1ldGVyIE5hbWU9IlJlcXVpcmVkIiBWYWx1ZT0iRmFsc2UiIC8+DQogICAgICAgICAgPC9SdWxlUGFyYW1ldGVycz4NCiAgICAgICAgPC9FeHRyYWN0aW9uUnVsZT4NCiAgICAgICAgPEV4dHJhY3Rpb25SdWxlIENsYXNzbmFtZT0iTWljcm9zb2Z0LlZpc3VhbFN0dWRpby5UZXN0VG9vbHMuV2ViVGVzdGluZy5SdWxlcy5FeHRyYWN0VGV4dCwgTWljcm9zb2Z0LlZpc3VhbFN0dWRpby5RdWFsaXR5VG9vbHMuV2ViVGVzdEZyYW1ld29yaywgVmVyc2lvbj0xMC4wLjAuMCwgQ3VsdHVyZT1uZXV0cmFsLCBQdWJsaWNLZXlUb2tlbj1iMDNmNWY3ZjExZDUwYTNhIiBWYXJpYWJsZU5hbWU9IkZvcm1Qb3N0UGFyYW04LmRkbE9UU3RhdHVzIiBEaXNwbGF5TmFtZT0iIiBEZXNjcmlwdGlvbj0iIj4NCiAgICAgICAgICA8UnVsZVBhcmFtZXRlcnM+DQogICAgICAgICAgICA8UnVsZVBhcmFtZXRlciBOYW1lPSJTdGFydHNXaXRoIiBWYWx1ZT0iJnF1b3Q7MCZxdW90OywmcXVvdDsiIC8+DQogICAgICAgICAgICA8UnVsZVBhcmFtZXRlciBOYW1lPSJFbmRzV2l0aCIgVmFsdWU9IiZxdW90OywmcXVvdDsyJnF1b3Q7IiAvPg0KICAgICAgICAgICAgPFJ1bGVQYXJhbWV0ZXIgTmFtZT0iSW5kZXgiIFZhbHVlPSIwIiAvPg0KICAgICAgICAgICAgPFJ1bGVQYXJhbWV0ZXIgTmFtZT0iSWdub3JlQ2FzZSIgVmFsdWU9IkZhbHNlIiAvPg0KICAgICAgICAgICAgPFJ1bGVQYXJhbWV0ZXIgTmFtZT0iVXNlUmVndWxhckV4cHJlc3Npb24iIFZhbHVlPSJGYWxzZSIgLz4NCiAgICAgICAgICAgIDxSdWxlUGFyYW1ldGVyIE5hbWU9Ikh0bWxEZWNvZGUiIFZhbHVlPSJUcnVlIiAvPg0KICAgICAgICAgICAgPFJ1bGVQYXJhbWV0ZXIgTmFtZT0iUmVxdWlyZWQiIFZhbHVlPSJGYWxzZSIgLz4NCiAgICAgICAgICA8L1J1bGVQYXJhbWV0ZXJzPg0KICAgICAgICA8L0V4dHJhY3Rpb25SdWxlPg0KICAgICAgPC9Db3JyZWxhdGlvbkV4dHJhY3Rpb25SdWxlcz4NCiAgICAgIDxGb3JtUG9zdEh0dHBCb2R5Pg0KICAgICAgICA8Rm9ybVBvc3RQYXJhbWV0ZXIgTmFtZT0iVG9vbGtpdFNjcmlwdE1hbmFnZXIxX0hpZGRlbkZpZWxkIiBWYWx1ZT0iOztBamF4Q29udHJvbFRvb2xraXQsIFZlcnNpb249NC4xLjcuNjA3LCBDdWx0dXJlPW5ldXRyYWwsIFB1YmxpY0tleVRva2VuPTI4ZjAxYjBlODRiNmQ1M2U6emgtSGFudDo3Yjk1ZWQxYS02YTNmLTQxZGQtYmM1Yi02M2YzOWVkYmM0YjQ6ZGUxZmVhYjI6ZmNmMGU5OTM6ZjJjOGU3MDg6NzIwYTUyYmY6ZjljZWM5YmM6NTg5ZWFhMzA6Njk4MTI5Y2Y6ZmI5YjRjNTc6Y2NiOTZjZjk6YTY3YzI3MDA6ODYxM2FlYTc6MzIwMmE1YTI6YWIwOWUzZmU6ODcxMDRiN2M6YmU2ZmIyOTgiIFJlY29yZGVkVmFsdWU9Ijs7QWpheENvbnRyb2xUb29sa2l0LCBWZXJzaW9uPTQuMS43LjYwNywgQ3VsdHVyZT1uZXV0cmFsLCBQdWJsaWNLZXlUb2tlbj0yOGYwMWIwZTg0YjZkNTNlOnpoLUhhbnQ6N2I5NWVkMWEtNmEzZi00MWRkLWJjNWItNjNmMzllZGJjNGI0OmRlMWZlYWIyOmZjZjBlOTkzOmYyYzhlNzA4OjcyMGE1MmJmOmY5Y2VjOWJjOjU4OWVhYTMwOjY5ODEyOWNmOmZiOWI0YzU3OmNjYjk2Y2Y5OmE2N2MyNzAwOjg2MTNhZWE3OjMyMDJhNWEyOmFiMDllM2ZlOjg3MTA0YjdjOmJlNmZiMjk4IiBDb3JyZWxhdGlvbkJpbmRpbmc9IiIgVXJsRW5jb2RlPSJUcnVlIiAvPg0KICAgICAgICA8Rm9ybVBvc3RQYXJhbWV0ZXIgTmFtZT0iX19FVkVOVFRBUkdFVCIgVmFsdWU9Int7JEhJRERFTjEuX19FVkVOVFRBUkdFVH19IiBSZWNvcmRlZFZhbHVlPSIiIENvcnJlbGF0aW9uQmluZGluZz0iIiBVcmxFbmNvZGU9IlRydWUiIC8+DQogICAgICAgIDxGb3JtUG9zdFBhcmFtZXRlciBOYW1lPSJfX0VWRU5UQVJHVU1FTlQiIFZhbHVlPSJ7eyRISURERU4xLl9fRVZFTlRBUkdVTUVOVH19IiBSZWNvcmRlZFZhbHVlPSIiIENvcnJlbGF0aW9uQmluZGluZz0iIiBVcmxFbmNvZGU9IlRydWUiIC8+DQogICAgICAgIDxGb3JtUG9zdFBhcmFtZXRlciBOYW1lPSJfX0xBU1RGT0NVUyIgVmFsdWU9Int7JEhJRERFTjEuX19MQVNURk9DVVN9fSIgUmVjb3JkZWRWYWx1ZT0iIiBDb3JyZWxhdGlvbkJpbmRpbmc9IiIgVXJsRW5jb2RlPSJUcnVlIiAvPg0KICAgICAgICA8Rm9ybVBvc3RQYXJhbWV0ZXIgTmFtZT0iX19WU1RBVEUiIFZhbHVlPSJ7eyRISURERU4xLl9fVlNUQVRFfX0iIFJlY29yZGVkVmFsdWU9IkFSK0xDQUFBQUFBQUJBRGRXRjF2RTlrWmpoMlBZNXdRaHkxMjZiYjFEQkx0Sk1yWG5MSGpmRFVYeElFU0xXQ2FlTGxvRmxsano4R2VaanlUZXNZQjl3SlJxVmxTeWdwV0c5aG1xU3F0dEdVL0tDc3ExQ29GdXVwUDZFVXZlbzJ3RTEvMUo3VG56SWM5anNkMlNFSld3bEhzTSs5NXozbmU1M25QZVk5OS91ZndIWE1Td1VRaUtrdHFUaGFWT2ZqTHZKQ0RGMlJGbmVaU2krL0FRaUlSNkNMODZlVnpuQ0NkU0traUEwNUVNekMxZUZJVWlZREZ6SjVJWlJhakdWbFdZSTA5MU1BZWJtQWZhV0NQTkxDUE5yQ1BOYkNQMjlzQjA4QU9HdGl0Zk4yNjNmZVQvcmF1ZHJmZjY0bkZvM0oyYVhhbUl4WS9oVC9kc2ZnTXAwTDBFUmV5c0NzV24xYzVOYStjNTdLd0U5bGtsUk54QjNLUFg1Vm1aenltQTJxY2xuUFo4ekh2YVZHK0V1VVVpT1k4MnQvV2lmNjloSHYrd3BucGR3RGhCZ3dMd0RqaFp4a3dPc3lNRElQSXRXcVQ2R1NZQ1lhNXhnRDBUcmhMbnp3c1B2cDliOS9DZkVGUllYWm9CcWFFTENjT1VGa2xKZWRFSVRsQVhZUTVSWkNscWZBUWcvOEdxR2hlVlBNNU9DWEJ2SnJEdmhmeVNWRklvZFVSbHhlaE5KVWNIZVZHVWlNUk1CNEtRMlpzdkIwTU1VUkFqMDZQRFlmRGpJQUlBd2dISUhxcWozbzNiTUVIVlBrQWV6Nzlyb2FnWUh6Y0NvcFJXNE9HaDFrVEZEZDEwTWcxOUk0aXNJQXlROEFHTk15Q1dxWUFqQjBJYUtnR2xHMGdMNGlNajR6dEJWU2JvQUxLVmtFMTRqdGlXbG1qWVgyTkFpMm43STV5R2dZUmRzUUNDc0lIQkJxcFpjb2VDT2hvYlU0UEJuU3NCalMwc3kyelY5RGFmUnBxdUhwUmlka0xxRGFCQ1dyZHA5YlY2M0U2ZUIvaFJTVU5QVVpHd21GZklCQjB6OEFsZFhhR2VKdG1HT2FuZ0tFSHRBWmphUVRmaXVYU3VGcWZGUlFWTlRsVXp3a25UUWU3RXhlNE5KeFZjRUUvSzZjelFiOWgrRmtlNWdyemFrNlEwcHJkclo4ZEp1UGdjY1B2WkY2VlR5NHRpWVZUMlNUa3NTMnFLRkdSVTVSMGtEWjg4REdrb3YvNUZEck5SWFNNQ3lxcTVESEpQTkRUUWE5T0FVY0lnNTJXV0ltdnVoVW93cFJLemN6T3gyZlBSK05VQ2gwNEZIVWxBeVVxRm1hRzNsMHkrRkNDUWtteVNrbDVVYVRVK200b29uRTBUVUdKcHpnRmQxYjZCZ1FGaityRkEwd1RUZmNaYnFiRkNoeHFEaHhxQmh5eUFRN1ZBNGRzZ2RubXdHd3pZTllHbUswSFptMkJRWE5nVUFmY3E0M1dCemNkMjJ0a3VPcHlPU2RuS1hobTd0ejh6SFJpTmo0M003VEFKK1ZMUXd1YWcvQXJEcThmdkVRdTRmbHprRElHVGxtQityUXdkUHA5RlEyQVJRTUxQUnhpWTNKMTNFejFRSzE2VlpBR0VNMFViSmE1K3NSWkFqWVRoMHhObkd4Q3Rsa0ROdXZSZm0vZ0Z3YWRrYTlJMjFFMTBoWkJOZnBWcGxwTFovaGliZTNGMm5XYTZxOTY5OU9EZE9VUmZ4ZkZJdGhFci9zQmk2TU5IOTJKdFhNS2JYTUsyVG1GdHptRnJVNTJLbWdCdjhMeWpWRWl2S3hTdjVBRmFhY2p3Z3dsNDlXRVlwbVRSUmlWZVRoRmh4bWE0dEJpc1VSTVRjVXF6VmNHQ1JrZ0lTdEl5QVFKN1E4SWE0Q3dWaERXQkdIM0J3UVlJTUFLQWt3UXNEOGdCb1lWZ3FFMUFOdjVqYUpWclRpb0NPSk5ITXZ4TUVjbEM5WlR4M0lPV0NxenBjUlVkajBWN0VBdDdkVDBtRjhGZ2o3ekRJWXFGK2ZTU2pyZ2RMYjcrTUJSOU80TE9ORjVmMVpJWjlScCtlcDBEbktMcHlRdUtVSSt3d2VjbDVHWHkrblF2RG91Q29xQU9qSTg3eVEwaXlzT3I2ckVzYTMxdTV0MzNuKzU4ZWkvejI5dFBmemQ1aGNmRkw5WmVYSDlBZkw3RWZZakR4TmRwY2NiVzMrNVU3NTVmZXZUVzhqZVo5aDlMNTgrTGQ2OHYvWGtSdW5wSFRRUDZobzB1dnlvQzl2dmJwUSsrcVIwNDdlYmExOXNmdjRoY2hqMkdZRmhFajA4SDNCYzVwM0FOTHF4MFJmd0JMdlI3MXJ1SWlmbTRXa0Jpanpod2lrSkhzWldITFp1OUdBajNxL0J6c1J4M0RVdDV5VStIZXlvYU5EamR4NFpSQzlFclB4ckZNb04vQkRRdjFJTmJvdmU3Mnh6NnoxSCs5dWQ2YlFXR2FHRlEzYnJBWkMrS2liWmt5YVA3QU5DeCs0UkFETzRkZStyOHNxZk54L2NMcTUraVFRMkVZQVZJV1NxNnpIVVJXRGU2dnBFa0lkcnFsOEYxMUdQNjNlMG9aa2QyOFR4VnBmNDdtZnJxTTdHN24yMlErWnNuWmJ6YmZmVGpXb3IxcWx0S0x6dHZHako0YXNYL0syYlU0bXVBbnE5TjN6dTNIdkRQQi8wSnVaVkxxZHFWek50L3hSdTNmLzN2enhCVCtLVXhCdW1hUmY1NkQ4ZU5NV3NNZ2M1UGlhSmhReHlpTXV5R0JlV2lNR0Y4ck0vbGo2NmVZa3Fmdmk4ZVB0aDZlTS9sZTYvai9iblF2bit1bVl2YmF5VTF6OHJybnhlL1ByditoN0g0VGtRWng3dmRWbEtpVUpxa2ZqNXU2b2dKcUtaUlZRYzRuSTZMVUt0Q2dpaW9CWjZhZldxcXQ4ZlRjTzBJQ1ZTbWNWcUx6MUFiZS9uaFdXOHgwNmlJa1AzVGZKb0x6dHhHU0VVdFNCQ2dseUdPVlZJY2VJZ0p3cHBhVUtWbHlhWEs5Tk5URllMMGU1WW9wRmVXZUtUb3M2c1c4MEl5dEF5TGhCVE5EM0pvNlFFM0VHM2JUb08xV1hqREM0Uk5jazRnOWNmU2l2NVZ1MWc4anVWREpKSEs1a2ovUmt5c05jMGtkOGxMdTRzUHlqV0p0bkJ2ZmE1SVkvdE9DM2s5MTQ1SCtUYjlsa2d2NzlOd2g5VVpDZC9hTkY3SE45ckhtbHY4d1ZjYUJ2aUVqNnJ3bXdVbFhEVjJjazdlZ0p0K0s4TC9VcHYwOHZYTVMxVVYvQVEvc1VabFVVNTUvM01FWFFsanM5UE96MzRQSFFhOHVwSGtBUHd2SDVFb29lNnEwRk5IZjhWT2NjUEp2R3hPYUc5STVWRVJNTmxqREorNkp0SEpyYm9vNUhGYlZnNmlzL3V4VGEvK1pMWFY1RG1WRno1Mjh0bjk1REZZeDZIdGxlb1BDNVR1b1AxOGhHWnZZWVozeStneDA1ejRoOUxTV1ZwVWtzdmxvMUVBcENVTFhuV2huemxpdkoxa3U4cXIzeFF2TE5hZkx4YStuVFZWZ0xycmVzZUpHaHZKVUhJVGdMend2UjFTaEFvUG5tTWRzOXc2UStyeGFkM1VXdnpyM2VLRzAvcXhkaDJSN3BkRE9PMjFDb0dNd1JzeFhDMUVpTnNKd1o3QUp2aFd4Q0RhQ1hHU0owWWxpdTZYWXVoM1Y1YnhTZy8rRHBXWHYvSHR5dUd1NVVZa1hveHFoZmZyN2RNWG4rK2VmdVJIZm1heTljYTh0VnIySjNVaUk1VzVFZHRWd0w3UnBEM3RDSS9abHNUM2d6eWgxcVJIN2NqSHpxQUEvSUF5SHRia0hjQ3hwYjltN0hwTzF1eXIvOW11RC8xbnhtcllWOWVmeExiWFB2TndiTHYwaXhkK0o1blVxT05RdVkxVG9kNVFWa1N1Y0tFSkV0d2t2OC9nYjBzZGFVaEFBQT0iIENvcnJlbGF0aW9uQmluZGluZz0iIiBVcmxFbmNvZGU9IlRydWUiIC8+DQogICAgICAgIDxGb3JtUG9zdFBhcmFtZXRlciBOYW1lPSJfX1ZJRVdTVEFURSIgVmFsdWU9Int7JEhJRERFTjEuX19WSUVXU1RBVEV9fSIgUmVjb3JkZWRWYWx1ZT0iIiBDb3JyZWxhdGlvbkJpbmRpbmc9IiIgVXJsRW5jb2RlPSJUcnVlIiAvPg0KICAgICAgICA8Rm9ybVBvc3RQYXJhbWV0ZXIgTmFtZT0iX19TQ1JPTExQT1NJVElPTlgiIFZhbHVlPSJ7eyRISURERU4xLl9fU0NST0xMUE9TSVRJT05YfX0iIFJlY29yZGVkVmFsdWU9IjAiIENvcnJlbGF0aW9uQmluZGluZz0iIiBVcmxFbmNvZGU9IlRydWUiIC8+DQogICAgICAgIDxGb3JtUG9zdFBhcmFtZXRlciBOYW1lPSJfX1NDUk9MTFBPU0lUSU9OWSIgVmFsdWU9Int7JEhJRERFTjEuX19TQ1JPTExQT1NJVElPTll9fSIgUmVjb3JkZWRWYWx1ZT0iMCIgQ29ycmVsYXRpb25CaW5kaW5nPSIiIFVybEVuY29kZT0iVHJ1ZSIgLz4NCiAgICAgICAgPEZvcm1Qb3N0UGFyYW1ldGVyIE5hbWU9Il9fVklFV1NUQVRFRU5DUllQVEVEIiBWYWx1ZT0ie3skSElEREVOMS5fX1ZJRVdTVEFURUVOQ1JZUFRFRH19IiBSZWNvcmRlZFZhbHVlPSIiIENvcnJlbGF0aW9uQmluZGluZz0iIiBVcmxFbmNvZGU9IlRydWUiIC8+DQogICAgICAgIDxGb3JtUG9zdFBhcmFtZXRlciBOYW1lPSJfX0VWRU5UVkFMSURBVElPTiIgVmFsdWU9Int7JEhJRERFTjEuX19FVkVOVFZBTElEQVRJT059fSIgUmVjb3JkZWRWYWx1ZT0ialM2NXRFMkxmRFl3cXNpcjlPK2FiZkxJVFIvVEcxMVhOVXhncWFjQWNnTGJpN2dVUEZQeTFHV0VjTyswVWRSbXVMZnVkREJmY0hUTzFlNlQ4MzB3Rng4bTFERmhoUFlRQzBLeEorVkErY3FjclcyaVlqSXYzZVNlcXg5dXRCaU1PMGRQaVhPOWRRVkFzSVZ6alFhYzhlLzB2d3pPbW5ucmJnTXBIRFo3eUErNFpRZGN0aWFMUnl5WkZqS2hIblZTcnpWKzRxWVJkdmllUWhuTm9waDJzeGhldG9TR2tBb3hhbUZtdzBzT1lIQmFheUVjWmY1Q21tRy9XQ2szUXdzQkhtRUZIUkVVeW12TjlNOXdMbjZvSEZ0UFNmeXR4cHBJdW1Pb0tRbDl4cHRQK1ZxYjNNdXNZOUJNdkplOStvWnJDMGtZRUpjK0ZPYkFuS3o1dkxGU0lLeW1YMHA0dm1CODVaOXhpQjgzZGxWdDBWcEFWQlg3ZlpXRUdBaVNMYjF0ekdQL1RsczdtUythSFdMbnM4cFJNZnlKUXdxV1k1dDhPc2xKVVkxbEYwbW42b1dNdnMyVC9iTlRZUkRVc2wvamN3SklCMTB3UXZrWUtndk1MeW5lcmVDamNmdnNDdjYrSVl6MDNmZ244dUhwclJrcnRUL1ZUSTNPUEtuWEdhNU91b0Uzbng2Q3k3T08zeHFKb2x6NkZFbnRRMDFtMVduRFlNa281d3Q5bFl3Y3lvUzd2WXlOUXk2Q2NCZmRGWngraDlVQnNJUVpxd2hRdGZWVDdkTU5WT0FBY1dTK2RDOFRua1d0NUZsSGJ6S1RUeGxmVTVLR0N0V1BQUjU5N3dycVpFSDg2cHVEWjArK2VHdit6WDIweHlqMTdoYjJrcUlKMm96N0hQVmxaUnJLSUsvMXVXT3l6THZKdWdhQTNqdGJtcStDSVdFSnByMmJsWkxzYkNqdkpqNGxJckk2VUc1VTU0NDVzamkwcFFnelYzYTQ1MWpyamF5M21iTGhmOWhLU2lKbHNlbHdDaDd3VWZZUG9rMkZxNEs4bjNuakdBdWNaZHVaL1Urdno0M3lIQ3BaNXlaakdCV2R1SGNydHlBd0xCeHpObi85S0QzVUdTd1lObGFBcGFMenVZdThwcmV3czBDby9jaTlqQVZhL09mZkVTVFdFK1lZY3Myb0o2RjJxbEJYNGVqV1ROODhmZzdyK28wNWpvRDF1ZnUxTWNVdC94dEJYM1hCQWg5ckNZU3I2NnExTXNZR3JRRzFwcy82VXBJTHRGRUxNZ2YrWnNWTmVMSG1YYVRFU283bm1Kbjk1cy9vK3h0Myt6SkRVakR2WStxYkhPZG53WkNYR0lnbXVtQUtuYU9EblIyYk9xeGpjYWxYRnBVRmZKS29kOTg0T1NRdGVPZVE1MWUwd1pGZzZMSGZXSG1pY0hJbDNRbjNwQkZLRUpPUG1nekFxOGQ3NmZyRUdlZk9DUFptRlRrU20xRUkrS1prcCs3bUpGZUlmVnJDZGdJTjVaMFAwOGVLWWgwTk45WTAzTHBHUVEwMmRpYU9aeWJWQy9Wck9wd0VCamdSWm1yYzh1eHVERDdITG8yaFl0STl1S3MxL3BtWDRzTnJSNlM5aWIya1lDZGRLWXV4MzhBdHZiNnJHdWZsMVp2MzBZK2ZENHp0YmpDSVpQWFVTNUdHdzRrVmVodGhrQzJoYXhhaUh4TTR0WTB5N1BuZitzdDBjRktiOUFaTjVVVTZiM2M2aENtalYyR24ySDNFRUU3amhsNjdBOUJlZ1IvanlmRjVFZklZS0VWV3pxaURXb1NsTDFjeldveE1Xbk8vSExWZkd3N3FuYTNYUWI1c2lvVTZNVnlheHYwL3F6VG5RNkdWeTZkZWVXZjBEZWljd3F2eSs3SE9NWkVBRERvUC9qUCtmdlpQNGd5QTRiWFNFMlM3NUxZeTFCV2Rrc0VJYlQyMFZMSXh4UHBKZXYzUVBqVncyRVNPMmZqREt1V3p0Y1Y3WFROY3Y0RlRMSmFOVVNscDRzZlB5VU5zMUZqbXVPdDBycXZ4ZnlQV3lySGxRTGFObTBvUXJJTFZHMGRQUW1EblNiRm9RSnFYa2xEZit5VFQyUmdjZCtrU0xqMXNxNDBJMXkvVWY4eTB6bW91Qi9rN0VMMmtWTUdFNTZtcVVMTExneldESk9EZGNpUUxvYU9zTmtxSXRvQkhIbEkwYkE9PSIgQ29ycmVsYXRpb25CaW5kaW5nPSIiIFVybEVuY29kZT0iVHJ1ZSIgLz4NCiAgICAgICAgPEZvcm1Qb3N0UGFyYW1ldGVyIE5hbWU9IlNjcmVlbldpZHRoIiBWYWx1ZT0ie3skSElEREVOMS5TY3JlZW5XaWR0aH19IiBSZWNvcmRlZFZhbHVlPSIiIENvcnJlbGF0aW9uQmluZGluZz0iIiBVcmxFbmNvZGU9IlRydWUiIC8+DQogICAgICAgIDxGb3JtUG9zdFBhcmFtZXRlciBOYW1lPSJTY3JlZW5IZWlnaHQiIFZhbHVlPSJ7eyRISURERU4xLlNjcmVlbkhlaWdodH19IiBSZWNvcmRlZFZhbHVlPSIiIENvcnJlbGF0aW9uQmluZGluZz0iIiBVcmxFbmNvZGU9IlRydWUiIC8+DQogICAgICAgIDxGb3JtUG9zdFBhcmFtZXRlciBOYW1lPSJidG5EZWxldGUiIFZhbHVlPSLliKrpmaQiIFJlY29yZGVkVmFsdWU9IuWIqumZpCIgQ29ycmVsYXRpb25CaW5kaW5nPSJ7e0Zvcm1Qb3N0UGFyYW05LmJ0bkRlbGV0ZX19IiBVcmxFbmNvZGU9IlRydWUiIC8+DQogICAgICAgIDxGb3JtUG9zdFBhcmFtZXRlciBOYW1lPSJkZGxPcmdBbmRGbG93IiBWYWx1ZT0iIiBSZWNvcmRlZFZhbHVlPSIiIENvcnJlbGF0aW9uQmluZGluZz0iIiBVcmxFbmNvZGU9IlRydWUiIC8+DQogICAgICAgIDxGb3JtUG9zdFBhcmFtZXRlciBOYW1lPSJkZGxRdWVyeUNvbmRpdGlvbnMiIFZhbHVlPSIwIiBSZWNvcmRlZFZhbHVlPSIwIiBDb3JyZWxhdGlvbkJpbmRpbmc9Int7Rm9ybVBvc3RQYXJhbTExLmRkbFF1ZXJ5Q29uZGl0aW9uc319IiBVcmxFbmNvZGU9IlRydWUiIC8+DQogICAgICAgIDxGb3JtUG9zdFBhcmFtZXRlciBOYW1lPSJ0eHRPVEVtcElEIiBWYWx1ZT0iMTAyMTE5IiBSZWNvcmRlZFZhbHVlPSIxMDIxMTkiIENvcnJlbGF0aW9uQmluZGluZz0ie3tGb3JtUG9zdFBhcmFtMTAudHh0T1RFbXBJRH19IiBVcmxFbmNvZGU9IlRydWUiIC8+DQogICAgICAgIDxGb3JtUG9zdFBhcmFtZXRlciBOYW1lPSJ0eHRPVEVtcE5hbWUiIFZhbHVlPSIiIFJlY29yZGVkVmFsdWU9IiIgQ29ycmVsYXRpb25CaW5kaW5nPSIiIFVybEVuY29kZT0iVHJ1ZSIgLz4NCiAgICAgICAgPEZvcm1Qb3N0UGFyYW1ldGVyIE5hbWU9InR4dE9URm9ybU5PIiBWYWx1ZT0iIiBSZWNvcmRlZFZhbHVlPSIiIENvcnJlbGF0aW9uQmluZGluZz0iIiBVcmxFbmNvZGU9IlRydWUiIC8+DQogICAgICAgIDxGb3JtUG9zdFBhcmFtZXRlciBOYW1lPSJkZGxPVFN0YXR1cyIgVmFsdWU9IjEiIFJlY29yZGVkVmFsdWU9IjEiIENvcnJlbGF0aW9uQmluZGluZz0ie3tGb3JtUG9zdFBhcmFtMTIuZGRsT1RTdGF0dXN9fSIgVXJsRW5jb2RlPSJUcnVlIiAvPg0KICAgICAgICA8Rm9ybVBvc3RQYXJhbWV0ZXIgTmFtZT0idHh0T1REYXRlQmVnaW4kdHh0RGF0ZSIgVmFsdWU9IiIgUmVjb3JkZWRWYWx1ZT0iIiBDb3JyZWxhdGlvbkJpbmRpbmc9IiIgVXJsRW5jb2RlPSJUcnVlIiAvPg0KICAgICAgICA8Rm9ybVBvc3RQYXJhbWV0ZXIgTmFtZT0idHh0T1REYXRlRW5kJHR4dERhdGUiIFZhbHVlPSIiIFJlY29yZGVkVmFsdWU9IiIgQ29ycmVsYXRpb25CaW5kaW5nPSIiIFVybEVuY29kZT0iVHJ1ZSIgLz4NCiAgICAgICAgPEZvcm1Qb3N0UGFyYW1ldGVyIE5hbWU9Imd2TWFpbiRjdGwwMiRjaGtDaG9vc2UiIFZhbHVlPSJvbiIgUmVjb3JkZWRWYWx1ZT0ib24iIENvcnJlbGF0aW9uQmluZGluZz0iIiBVcmxFbmNvZGU9IlRydWUiIC8+DQogICAgICAgIDxGb3JtUG9zdFBhcmFtZXRlciBOYW1lPSJ1Y01vZGFsUG9wdXAxJENsaWVudFdpZHRoIiBWYWx1ZT0ie3skSElEREVOMS51Y01vZGFsUG9wdXAxJENsaWVudFdpZHRofX0iIFJlY29yZGVkVmFsdWU9IjAiIENvcnJlbGF0aW9uQmluZGluZz0iIiBVcmxFbmNvZGU9IlRydWUiIC8+DQogICAgICAgIDxGb3JtUG9zdFBhcmFtZXRlciBOYW1lPSJ1Y01vZGFsUG9wdXAxJENsaWVudEhlaWdodCIgVmFsdWU9Int7JEhJRERFTjEudWNNb2RhbFBvcHVwMSRDbGllbnRIZWlnaHR9fSIgUmVjb3JkZWRWYWx1ZT0iMCIgQ29ycmVsYXRpb25CaW5kaW5nPSIiIFVybEVuY29kZT0iVHJ1ZSIgLz4NCiAgICAgIDwvRm9ybVBvc3RIdHRwQm9keT4NCiAgICA8L1JlcXVlc3Q+DQogICAgPFJlcXVlc3QgTWV0aG9kPSJQT1NUIiBHdWlkPSJlODUyZmY2Ny1jNjdkLTQ0MmEtYjJjZC0yZTNjOGYyOWE4NGUiIFZlcnNpb249IjEuMSIgVXJsPSJodHRwOi8vMTAuMTEuMzYuMTE0OjgwMDcvT3ZlclRpbWUvT3ZlcnRpbWVQcmVPcmRlci5hc3B4IiBUaGlua1RpbWU9IjYiIFRpbWVvdXQ9IjMwMCIgUGFyc2VEZXBlbmRlbnRSZXF1ZXN0cz0iVHJ1ZSIgRm9sbG93UmVkaXJlY3RzPSJUcnVlIiBSZWNvcmRSZXN1bHQ9IlRydWUiIENhY2hlPSJGYWxzZSIgUmVzcG9uc2VUaW1lR29hbD0iMCIgRW5jb2Rpbmc9InV0Zi04IiBFeHBlY3RlZEh0dHBTdGF0dXNDb2RlPSIwIiBFeHBlY3RlZFJlc3BvbnNlVXJsPSIiIFJlcG9ydGluZ05hbWU9IiIgSWdub3JlSHR0cFN0YXR1c0NvZGU9IkZhbHNlIj4NCiAgICAgIDxFeHRyYWN0aW9uUnVsZXM+DQogICAgICAgIDxFeHRyYWN0aW9uUnVsZSBDbGFzc25hbWU9Ik1pY3Jvc29mdC5WaXN1YWxTdHVkaW8uVGVzdFRvb2xzLldlYlRlc3RpbmcuUnVsZXMuRXh0cmFjdEhpZGRlbkZpZWxkcywgTWljcm9zb2Z0LlZpc3VhbFN0dWRpby5RdWFsaXR5VG9vbHMuV2ViVGVzdEZyYW1ld29yaywgVmVyc2lvbj0xMC4wLjAuMCwgQ3VsdHVyZT1uZXV0cmFsLCBQdWJsaWNLZXlUb2tlbj1iMDNmNWY3ZjExZDUwYTNhIiBWYXJpYWJsZU5hbWU9IjEiIERpc3BsYXlOYW1lPSLmk7flj5bpmrHol4/mrITkvY0iIERlc2NyaXB0aW9uPSLmk7flj5blm57mh4nkuK3nmoTmiYDmnInpmrHol4/mrITkvY3vvIzkuKblsIflroPlgJHmlL7lnKjmuKzoqablhaflrrnkuK3jgIIiPg0KICAgICAgICAgIDxSdWxlUGFyYW1ldGVycz4NCiAgICAgICAgICAgIDxSdWxlUGFyYW1ldGVyIE5hbWU9IlJlcXVpcmVkIiBWYWx1ZT0iVHJ1ZSIgLz4NCiAgICAgICAgICAgIDxSdWxlUGFyYW1ldGVyIE5hbWU9Ikh0bWxEZWNvZGUiIFZhbHVlPSJUcnVlIiAvPg0KICAgICAgICAgIDwvUnVsZVBhcmFtZXRlcnM+DQogICAgICAgIDwvRXh0cmFjdGlvblJ1bGU+DQogICAgICA8L0V4dHJhY3Rpb25SdWxlcz4NCiAgICAgIDxDb3JyZWxhdGlvbkV4dHJhY3Rpb25SdWxlcz4NCiAgICAgICAgPEV4dHJhY3Rpb25SdWxlIENsYXNzbmFtZT0iTWljcm9zb2Z0LlZpc3VhbFN0dWRpby5UZXN0VG9vbHMuV2ViVGVzdGluZy5SdWxlcy5FeHRyYWN0Rm9ybUZpZWxkLCBNaWNyb3NvZnQuVmlzdWFsU3R1ZGlvLlF1YWxpdHlUb29scy5XZWJUZXN0RnJhbWV3b3JrLCBWZXJzaW9uPTEwLjAuMC4wLCBDdWx0dXJlPW5ldXRyYWwsIFB1YmxpY0tleVRva2VuPWIwM2Y1ZjdmMTFkNTBhM2EiIFZhcmlhYmxlTmFtZT0iRm9ybVBvc3RQYXJhbTEuYnRuUXVlcnkiIERpc3BsYXlOYW1lPSIiIERlc2NyaXB0aW9uPSIiPg0KICAgICAgICAgIDxSdWxlUGFyYW1ldGVycz4NCiAgICAgICAgICAgIDxSdWxlUGFyYW1ldGVyIE5hbWU9Ik5hbWUiIFZhbHVlPSJidG5RdWVyeSIgLz4NCiAgICAgICAgICAgIDxSdWxlUGFyYW1ldGVyIE5hbWU9Ikh0bWxEZWNvZGUiIFZhbHVlPSJUcnVlIiAvPg0KICAgICAgICAgICAgPFJ1bGVQYXJhbWV0ZXIgTmFtZT0iUmVxdWlyZWQiIFZhbHVlPSJGYWxzZSIgLz4NCiAgICAgICAgICAgIDxSdWxlUGFyYW1ldGVyIE5hbWU9IkluZGV4IiBWYWx1ZT0iMCIgLz4NCiAgICAgICAgICA8L1J1bGVQYXJhbWV0ZXJzPg0KICAgICAgICA8L0V4dHJhY3Rpb25SdWxlPg0KICAgICAgICA8RXh0cmFjdGlvblJ1bGUgQ2xhc3NuYW1lPSJNaWNyb3NvZnQuVmlzdWFsU3R1ZGlvLlRlc3RUb29scy5XZWJUZXN0aW5nLlJ1bGVzLkV4dHJhY3RGb3JtRmllbGQsIE1pY3Jvc29mdC5WaXN1YWxTdHVkaW8uUXVhbGl0eVRvb2xzLldlYlRlc3RGcmFtZXdvcmssIFZlcnNpb249MTAuMC4wLjAsIEN1bHR1cmU9bmV1dHJhbCwgUHVibGljS2V5VG9rZW49YjAzZjVmN2YxMWQ1MGEzYSIgVmFyaWFibGVOYW1lPSJGb3JtUG9zdFBhcmFtMi50eHRPVEVtcElEIiBEaXNwbGF5TmFtZT0iIiBEZXNjcmlwdGlvbj0iIj4NCiAgICAgICAgICA8UnVsZVBhcmFtZXRlcnM+DQogICAgICAgICAgICA8UnVsZVBhcmFtZXRlciBOYW1lPSJOYW1lIiBWYWx1ZT0idHh0T1RFbXBJRCIgLz4NCiAgICAgICAgICAgIDxSdWxlUGFyYW1ldGVyIE5hbWU9Ikh0bWxEZWNvZGUiIFZhbHVlPSJUcnVlIiAvPg0KICAgICAgICAgICAgPFJ1bGVQYXJhbWV0ZXIgTmFtZT0iUmVxdWlyZWQiIFZhbHVlPSJGYWxzZSIgLz4NCiAgICAgICAgICAgIDxSdWxlUGFyYW1ldGVyIE5hbWU9IkluZGV4IiBWYWx1ZT0iMCIgLz4NCiAgICAgICAgICA8L1J1bGVQYXJhbWV0ZXJzPg0KICAgICAgICA8L0V4dHJhY3Rpb25SdWxlPg0KICAgICAgICA8RXh0cmFjdGlvblJ1bGUgQ2xhc3NuYW1lPSJNaWNyb3NvZnQuVmlzdWFsU3R1ZGlvLlRlc3RUb29scy5XZWJUZXN0aW5nLlJ1bGVzLkV4dHJhY3RUZXh0LCBNaWNyb3NvZnQuVmlzdWFsU3R1ZGlvLlF1YWxpdHlUb29scy5XZWJUZXN0RnJhbWV3b3JrLCBWZXJzaW9uPTEwLjAuMC4wLCBDdWx0dXJlPW5ldXRyYWwsIFB1YmxpY0tleVRva2VuPWIwM2Y1ZjdmMTFkNTBhM2EiIFZhcmlhYmxlTmFtZT0iRm9ybVBvc3RQYXJhbTMuZGRsUXVlcnlDb25kaXRpb25zIiBEaXNwbGF5TmFtZT0iIiBEZXNjcmlwdGlvbj0iIj4NCiAgICAgICAgICA8UnVsZVBhcmFtZXRlcnM+DQogICAgICAgICAgICA8UnVsZVBhcmFtZXRlciBOYW1lPSJTdGFydHNXaXRoIiBWYWx1ZT0icyZxdW90OzpbJnF1b3Q7IiAvPg0KICAgICAgICAgICAgPFJ1bGVQYXJhbWV0ZXIgTmFtZT0iRW5kc1dpdGgiIFZhbHVlPSImcXVvdDssJnF1b3Q7MSZxdW90OyIgLz4NCiAgICAgICAgICAgIDxSdWxlUGFyYW1ldGVyIE5hbWU9IkluZGV4IiBWYWx1ZT0iMCIgLz4NCiAgICAgICAgICAgIDxSdWxlUGFyYW1ldGVyIE5hbWU9Iklnbm9yZUNhc2UiIFZhbHVlPSJGYWxzZSIgLz4NCiAgICAgICAgICAgIDxSdWxlUGFyYW1ldGVyIE5hbWU9IlVzZVJlZ3VsYXJFeHByZXNzaW9uIiBWYWx1ZT0iRmFsc2UiIC8+DQogICAgICAgICAgICA8UnVsZVBhcmFtZXRlciBOYW1lPSJIdG1sRGVjb2RlIiBWYWx1ZT0iVHJ1ZSIgLz4NCiAgICAgICAgICAgIDxSdWxlUGFyYW1ldGVyIE5hbWU9IlJlcXVpcmVkIiBWYWx1ZT0iRmFsc2UiIC8+DQogICAgICAgICAgPC9SdWxlUGFyYW1ldGVycz4NCiAgICAgICAgPC9FeHRyYWN0aW9uUnVsZT4NCiAgICAgICAgPEV4dHJhY3Rpb25SdWxlIENsYXNzbmFtZT0iTWljcm9zb2Z0LlZpc3VhbFN0dWRpby5UZXN0VG9vbHMuV2ViVGVzdGluZy5SdWxlcy5FeHRyYWN0VGV4dCwgTWljcm9zb2Z0LlZpc3VhbFN0dWRpby5RdWFsaXR5VG9vbHMuV2ViVGVzdEZyYW1ld29yaywgVmVyc2lvbj0xMC4wLjAuMCwgQ3VsdHVyZT1uZXV0cmFsLCBQdWJsaWNLZXlUb2tlbj1iMDNmNWY3ZjExZDUwYTNhIiBWYXJpYWJsZU5hbWU9IkZvcm1Qb3N0UGFyYW00LmRkbE9UU3RhdHVzIiBEaXNwbGF5TmFtZT0iIiBEZXNjcmlwdGlvbj0iIj4NCiAgICAgICAgICA8UnVsZVBhcmFtZXRlcnM+DQogICAgICAgICAgICA8UnVsZVBhcmFtZXRlciBOYW1lPSJTdGFydHNXaXRoIiBWYWx1ZT0iJnF1b3Q7NCZxdW90OywmcXVvdDsiIC8+DQogICAgICAgICAgICA8UnVsZVBhcmFtZXRlciBOYW1lPSJFbmRzV2l0aCIgVmFsdWU9IiZxdW90OywmcXVvdDs2JnF1b3Q7IiAvPg0KICAgICAgICAgICAgPFJ1bGVQYXJhbWV0ZXIgTmFtZT0iSW5kZXgiIFZhbHVlPSIwIiAvPg0KICAgICAgICAgICAgPFJ1bGVQYXJhbWV0ZXIgTmFtZT0iSWdub3JlQ2FzZSIgVmFsdWU9IkZhbHNlIiAvPg0KICAgICAgICAgICAgPFJ1bGVQYXJhbWV0ZXIgTmFtZT0iVXNlUmVndWxhckV4cHJlc3Npb24iIFZhbHVlPSJGYWxzZSIgLz4NCiAgICAgICAgICAgIDxSdWxlUGFyYW1ldGVyIE5hbWU9Ikh0bWxEZWNvZGUiIFZhbHVlPSJUcnVlIiAvPg0KICAgICAgICAgICAgPFJ1bGVQYXJhbWV0ZXIgTmFtZT0iUmVxdWlyZWQiIFZhbHVlPSJGYWxzZSIgLz4NCiAgICAgICAgICA8L1J1bGVQYXJhbWV0ZXJzPg0KICAgICAgICA8L0V4dHJhY3Rpb25SdWxlPg0KICAgICAgPC9Db3JyZWxhdGlvbkV4dHJhY3Rpb25SdWxlcz4NCiAgICAgIDxGb3JtUG9zdEh0dHBCb2R5Pg0KICAgICAgICA8Rm9ybVBvc3RQYXJhbWV0ZXIgTmFtZT0iVG9vbGtpdFNjcmlwdE1hbmFnZXIxX0hpZGRlbkZpZWxkIiBWYWx1ZT0ie3skSElEREVOMS5Ub29sa2l0U2NyaXB0TWFuYWdlcjFfSGlkZGVuRmllbGR9fSIgUmVjb3JkZWRWYWx1ZT0iIiBDb3JyZWxhdGlvbkJpbmRpbmc9IiIgVXJsRW5jb2RlPSJUcnVlIiAvPg0KICAgICAgICA8Rm9ybVBvc3RQYXJhbWV0ZXIgTmFtZT0iX19FVkVOVFRBUkdFVCIgVmFsdWU9Int7JEhJRERFTjEuX19FVkVOVFRBUkdFVH19IiBSZWNvcmRlZFZhbHVlPSIiIENvcnJlbGF0aW9uQmluZGluZz0iIiBVcmxFbmNvZGU9IlRydWUiIC8+DQogICAgICAgIDxGb3JtUG9zdFBhcmFtZXRlciBOYW1lPSJfX0VWRU5UQVJHVU1FTlQiIFZhbHVlPSJ7eyRISURERU4xLl9fRVZFTlRBUkdVTUVOVH19IiBSZWNvcmRlZFZhbHVlPSIiIENvcnJlbGF0aW9uQmluZGluZz0iIiBVcmxFbmNvZGU9IlRydWUiIC8+DQogICAgICAgIDxGb3JtUG9zdFBhcmFtZXRlciBOYW1lPSJfX0xBU1RGT0NVUyIgVmFsdWU9Int7JEhJRERFTjEuX19MQVNURk9DVVN9fSIgUmVjb3JkZWRWYWx1ZT0iIiBDb3JyZWxhdGlvbkJpbmRpbmc9IiIgVXJsRW5jb2RlPSJUcnVlIiAvPg0KICAgICAgICA8Rm9ybVBvc3RQYXJhbWV0ZXIgTmFtZT0iX19WU1RBVEUiIFZhbHVlPSJ7eyRISURERU4xLl9fVlNUQVRFfX0iIFJlY29yZGVkVmFsdWU9IkFSK0xDQUFBQUFBQUJBRGRXdDF2RTlrVnQ1Mk00emlCd0M1eDJXMXJEeEd0UWNIeHpOajUvbGdSQjVab0FkUEVvRlZaWkUwOE4vWnN4alB1ekRnZmZWaFJxU3lVN2dwV0M3UXNWYXVWdHV4WFdXMkZXbEdncS9ZLzZFTWYrb3h3UXA3NjFHZDY3cDBaZTJ5UGt3QkpWbHBIR2MrY2UrNzVuZk83OTU1N0pqZFAzUjE3UFZRd25VNG9zcTRxa2phRmZsWVVWWFJLMGZSeFBqUDNCbHBLcHdQdFZHZDIvZ1F2eXZzenVzU3creE01bEprN0xFbFV3Q2JtOW1keWM0bWNvbWlvU2g1cklJODNrUGMya1BjMWtQYzNrQTgwa0E4NnkxbW1nWnh0SUxmSDZ6WGtIU1BkcnZZbWI2ZmZsMHdsbEh4aGNxSWxtVHFDdjczSjFBU3ZJL2hLaVhuVW5reE42N3hlMUU3eWVkUUdNa1huSmR3QTZxbEZlWExDWnluQXpWRkZ6WjlNK285S3lrS0MxeERZM05QdGFvTmZQK1dkUG5Wcy9BMlc4cklNeDdLRFZDZkhzUDFScGpmSzlyMVR1YVhhR0dhSVlkNWhXTGhTM3VXUHZpemQrZTJCZzJlbmx6UWQ1WHNtVUViTTg5SWhPcTlsRkZVU1p3N1JaNUNxaVlvOEd1OWg4TThoT2xHVTlLS0tSbVZVMUZXc2U2bzRJNGtabUIwcFpRN0pvelA5L1h4dnByZVBIWXpGRVRNdzJNVDJNRlRBOE03d0RidkQ5TEo5REV1NVdXcFg1ZEZvUnV2RXcxYmlZWjNqNlc1dUNNb09EdHBCTWVyNm9QRW9aNEhpV3dPMDd4MjRnZ2MyVUthSGRRQ05jMngxcEN3N3NDMmdzU3BRcmdHOWJOOWc3OENMZ0JJRFpWQ3VBa29DMzFDazVUa2FOK1lvUzhhVTI5Q1l4dGsrcnRjR3lzYTNDYlN2T2xKdVcwRDdxOGQwZTBBSHFrQmpHMXN5THdwYXZVNWpEV2N2cEpnWEFTVUdMRkQ3T3JYUFhwL0hMWFJRZmtocDhOalhHNDkzQlBZR3ZST29vRTlPVUsrR0dZWjVuV1hDaDhnTlk3c0p2cFJVc3poYkh4YzFIVzU1eU9lVUp4d083a3lmNHJOb1VzTUovYmlTelFVOWdzNzk4MldYMitWeVBZVVAvc2FmZGc5Y1RsclptZGY1VFVqSUZEYmVhYk5KTGlsK1JrSk4wUEpLK2FsbkN1VVZYWlN6Sm1Ucm0zbHBPcE5EZWI0TjdpYkUyZG5YVlQ3ZjVIYnZOSTJaZXRqblZteksyd3lYLzdXTnZMYVlsK2g1MCs4dVlMK0xSbkpHRWNEMGFGZFJuNDJ3ZlYydmplM3dqeXhxUXhvQm9LR0hySTEyZFJrM1E0dHduOVAxd2xBMHVyQ3cwTE1RNjFIVWJKUmpHRGI2NW9uamhsT1dibDRUSUFJd3JNcW1OUzJTRnpPcW9pbXplaVNqNUlkQUwySm9kUUVxVFdOY0pLRThrblZhaG0xNHRJdkV6eHF0Ump2MEswaG9NYlZVUUtiVWtHdFFKRUV3RmFHVE9iTHZkOUU2ZEI3dHdwMTBGV0x2b2cwbmhuUmV6U0lkRndCYWdjOGdISFplbEpPWlRGR0Z1SUd0NkpyV1NZR2c2cmlvMkVLTUk3S3d4UWdrQ2x6NmJHMFVXNHhnRkh0YkNHQVVnVnM3RG1ZOXVvVWc1VHAzS3pGdy9id3A5a2VpOVV1ZHlHclRBaEdhZmpUSUxYcStnRlBzTk5MTG5reHFwZ1JhMVNJcXkvR0xSRGtkbDdPUzFYcGFRNG1pcW9MbDQwcUd4d3FrOHdhU1ZpYW5pQmxVRTIyZVg3U2VpdktNVXBRRkpGUTQyRWkwQmtzazVZNTVLY2o5ZjZCR0JOZ21zdXFROGNYbm55ZEhtMzBNRSt2MXNZQWk4MmI2SHFud2JZVmk4RWlicm9tQ3hXeUZXbFZaU0tvQ1Vna3hwbDZPMXhJNVhzNGlJRWlVTmFUcXdFK0ZWcExqeDR5Q1lTUnFQSlViYlNsNnJQSTJOaEsxeTIzS1pxNnRVYldrdFZieEtocURpb01wMnlPU2FudUdFbXNvV2M4MkZTTnRqUmxWRWRZeEJUWVZJL0dNMWI2dllXV3pxZG96TTRtTXNhWmYxck5OcTV3RnhxQXF3R29WZ1YwTHIrTXg1MWRJMG9tMFcvUFVHRXR6ZmxZTi9raTBaamFPTmVNeXBhWjh3VVdMTjMyQ2YxdFI0VXVVOGRkNFVaU0UxdlFVbWhleENpN05mUER4bUdYYVUvUFRGdXcwQzd1ZkZKRzZORTN5RGFudnZBYWRWdVVhM0dmcUhTN3F5dUZDUVZvNmtwOUJBcFlsTkMwaDhacVdEWVpOSFp3RmRQaWRocmt1U2FjVVRkVEJoNlJzL1dFbUcvUWJwU2l1TkZHd3pWWnpVbC9zMUdCOVpuUjZZbkk2TlhreWthSXp2SVpvZWlHSFpEb1paM3BPRjh5NmxCWTFXbFlnU1JVbGlkYnJtNUVFL2NKaHFOd0VtdGR3WTdudGtLamhYZ2R3QjBzVURoODAxU3lKSFRpMk5uQnNMZUNZQTNDc0hqam1DTXl0RGN5dEJjdzVBSFAxd0p3ak1MczJNRnNIZklEME5qcXYyZmVBT2NJVmxWbFZ5ZFBvMk5TSjZZbng5R1JxYXFMbnJEQ2puT3M1U3hURW4vTjQvdUFwY2c3YlZ4RnRkaHkxQXgwa2JoamhIeXh6d05vNHNJV0hYV3djWEYxc0ZudHNOWHNWa0FZUWF6RzQxc2pWRDV6TllXdmdRTFNHa29QTERuUEFZVDQ2cnczOHdhQVR5b0pjaTBxQ3RoRkt3cTlFU3U2TUNCOWR1L2JvMnZrdzNWM1I3ZzVId3VWSG5HNHhDUTdlRzNxc1RkRWhIa09KYzFLSzFTakZuSlRpTlVweHU1SVRDOFRoWjVpK1NWcENzenI5dGlMS0crMFJaMmdGenlid1pVcVJVRUlSMEdnNHpvUnBIaWFMeldONk5GbStmV2FRbUFrU3M0UEVMSkRZNW9Cd0pnaG5CK0VzRUc1elFGZ1RoTFdEc0JZSXV6a2dKb1lkZ2drVEFFZjdadEtxWkJ4SWduZ1JrNUtObmxteTd6cTJmY0NXbVcwcHByenE2V0FMM0pGZDAyZjlTU2ZZWWUzQkNGZmhXUzBiOEhpYU9vVEFIcmgyQkR5dzN4OFhzemw5WEZrY1Z4RS9kMFRHeFllUUV3S2VXZEJxOXJpSlZzc1pLQnVnSVNjSUhvcEltbE5vVWFmMlBybDVmZVhxdTQvdjNmbnZ3L2VlZlBucmxjL2VMMzF6NGRINTI2RDNJNndYMmttMUwzOTk3OG1mcjY1ZVB2L2s0L2RBZnRDVWR6eStmNzkwK2RhVHV4ZVg3MThGTzlBVU1aczZvUW5Mcjk5Yi92Q2o1WXUvV3JuMjJjcW5INEJDdE1OMERBZXhTeEFDN2xuQncxcENMeFoyQkh6Qm5iaGtPc05MUlhSVVJKSkFOZU1oQ2U0Z2J5TGd0aUgwWVNGZXI4RzI5RDdjTkk1ZkdiTEJsaklIdXpvOXV5UHdnY0JXZndHdVhNUVBBZU5QWTVFYTd6czlMcS9Sc3FlN3laUE5FczhvNGs2b3czQWd0S3VDR2RxZERiMjBDUWd0ejQvQU1wRW5ONzVZdmZDbmxkdFhTcGMrQjRJdEJOYU9FTFBZOVpuc0FwaS9NajhCY2tkVjlpdmp1dXR4TzkwdXNPeXVJY2RmbWVMUGI2MmxZbzE3Y1d1dGxyVTIyLzcyL09iNnlZejFrQVdGbDUwZnBoeCtFOEp2SGJ4T3RTL0I1NjNvaVJOdlJRVWg2RStYWDZtOHJuK0k3OTM2OTc5OFFWL2FmSGtDMFhoejZNNS9mR0JpVXB0Q3ZKQ1VwYVVjS0tRVUJWNDhDbFRrN09xRDN5OS9lUGtjWGZyZ1llbktsOHUvK2VQeXJYZGhmWjVkdlhXVHlKZnZYVmk5K1VucHdxZWxyLzVtckhIc25odGlGdkJhVitTTUpHYm1xSitlMWtVcG5jak5RWEpJS2Rtc2hFZ1dFQ1ZSWHpvUTFoZDE0eHh3SEdWRk9aM0p6VlZhdzRmbzJuWkJuTWRyN0RBa21mREJZUUhXc2dlbkVVclRseVJFaGViaGJWVE04RktFbDhTc1BLUXJoZUg1c3JtaDRVb2llcjRvb2FkZmtZVVp5WWhzcDU0VHRaNTVuQ0JHdytGaEFRWWw0QTE2SFllanRXNDBqdUVVVVRVWXgvRDhnMkVOdlZ6ZE9iU25QSUtoenZMSWhRSzUwUGRlZEpoQ2U2a3pHeHNmOEhXTjBjR3R6bU1UZW1YRHd4SjY5Wm5ISS9SOTUxRUkvYUNHd2grV2FROEZiWHdQNHZQcDNVMnVqa0F6TEVPY3dpZmhGVGdCS1Z6M3RBbnVYUUVYL21uZjArMXlHZWxyTDNHMU9kaUszemdUaXFTby9rL2N3ZWIwdnVseGp3L3ZoeDZUWG1NTGNyT0NZR3lSOEZCM3hFdlk2VnhRVkNFeWc3Zk5JWElGbGlRSW85bnNaUjdZV0ZzbWxoaTlRZUkxSlMybEJ6ZVNLOTk4TGhnemlDaVZMdnoxOFlNYklQRloyNkhqVWJpQTA1U2hZRDlFQnJIZkZPTnpJbmhzc3d6L1dKN1JDc05rZURGdE5CQVEydWNZUE9jUWZQbW9lU3VEYjErOThIN3A2cVhTMTVlV1A3N2tTSUg5OVB3RktHaGFqNEtZRXdYV3dmZFdVaEFvM2YwYVZrOTArWGVYU3Zldnc5M0tYNjZXN3QydEo2UG1yTHVXRFBQVTIwNEcwOE02a3RHOEhobHhKeks0YlZnTTN3SVoxSHBrOU5hUllUdHFmVzR5eUg4aDJNbFl2ZjFWY3ZYbTM3OWRNcnpya2RGWFQwYmxIeGkyTmsyZWY3aHk1WTVUOEZXSDZGWEJWNDdUTjVJald0WUx2dDl4Sm5EZmllQjk2d1UvNEpnVHZodkJ0NjRYL0tCVDhMRnQyQ0MzSVhqL09zRjdXTVl4K3UvR29tOWJOL3I2eW5CejhqOHpVQlg5NnMyN3laVnJ2OXplNk51SlpBZitPODh3Q1J0Y0ZraE1Pd1JSSzBqODBwQ3N5R2hZK0QvV0xiZFpiU3NBQUE9PSIgQ29ycmVsYXRpb25CaW5kaW5nPSIiIFVybEVuY29kZT0iVHJ1ZSIgLz4NCiAgICAgICAgPEZvcm1Qb3N0UGFyYW1ldGVyIE5hbWU9Il9fVklFV1NUQVRFIiBWYWx1ZT0ie3skSElEREVOMS5fX1ZJRVdTVEFURX19IiBSZWNvcmRlZFZhbHVlPSIiIENvcnJlbGF0aW9uQmluZGluZz0iIiBVcmxFbmNvZGU9IlRydWUiIC8+DQogICAgICAgIDxGb3JtUG9zdFBhcmFtZXRlciBOYW1lPSJfX1NDUk9MTFBPU0lUSU9OWCIgVmFsdWU9Int7JEhJRERFTjEuX19TQ1JPTExQT1NJVElPTlh9fSIgUmVjb3JkZWRWYWx1ZT0iMCIgQ29ycmVsYXRpb25CaW5kaW5nPSIiIFVybEVuY29kZT0iVHJ1ZSIgLz4NCiAgICAgICAgPEZvcm1Qb3N0UGFyYW1ldGVyIE5hbWU9Il9fU0NST0xMUE9TSVRJT05ZIiBWYWx1ZT0ie3skSElEREVOMS5fX1NDUk9MTFBPU0lUSU9OWX19IiBSZWNvcmRlZFZhbHVlPSIwIiBDb3JyZWxhdGlvbkJpbmRpbmc9IiIgVXJsRW5jb2RlPSJUcnVlIiAvPg0KICAgICAgICA8Rm9ybVBvc3RQYXJhbWV0ZXIgTmFtZT0iX19WSUVXU1RBVEVFTkNSWVBURUQiIFZhbHVlPSJ7eyRISURERU4xLl9fVklFV1NUQVRFRU5DUllQVEVEfX0iIFJlY29yZGVkVmFsdWU9IiIgQ29ycmVsYXRpb25CaW5kaW5nPSIiIFVybEVuY29kZT0iVHJ1ZSIgLz4NCiAgICAgICAgPEZvcm1Qb3N0UGFyYW1ldGVyIE5hbWU9Il9fRVZFTlRWQUxJREFUSU9OIiBWYWx1ZT0ie3skSElEREVOMS5fX0VWRU5UVkFMSURBVElPTn19IiBSZWNvcmRlZFZhbHVlPSJTRUtQWkdRZEZhL1ArT1NZTWYrTlFMcjhJZTJ0TnhrVFZySEJWSHFXMW9CbW03MUs3MTZzemtLSXRRYjBXRDZTQ1FMY1JtZWdUQUhOOGJMWUtyTUN4UUtkWDlxQXU3Wk8zaUlBOHFFREp0a0VTZ1lXcVhuajdteG14d1RQS1lQcHF3aXRsa2JQYnJEY1F0MDlPOUJkbFdRYkdXNVZjRHMvRnFWWnNyVC8wbWhCWkVzRDZkSFY4azV2VE5wNXNGOVNhRjl0SnZqbVNNcmhpNUVza1hveTBmSEEwVkxXTmE4K3l5enNCRUp6cDE5Q3RQOWpHYk9uaVNPVk9mbkkyQUEra2RQeXdGSGJSbkIrY2J4Qmx3K0Q0WVV5NjhQYk1LRThoS2I5STcwSWIxc1JqMXhxWWZaNWZqaXJ4bGx3amZzZStSSytIbGowT3hOVjJsQWp1UCs0WmZqcUFDUWVWNmk2NGRtWUVwR1ZveWlUQk1FbkhMcVB4OXZXNkdTamFpRGZmQkllL0ZCVmc3UmJYTDZoQ0hYNGhodjZvOVFhTXVyWFVPNE1Pc1hiTVhjTjNxcUduOVdxeXdNYXZCeHpOaDJsdE5VOVpLTFJGTFdxbUV1TGlhVU1qd2ZnbjdrUVV0T0hsVmFROTh0b3ZySnFka1piTncvc3dDeEp2Sk4vOHJnWkViUGw2eVFBNGFUQUdKaTZRYWVIbjZJTDh5YzNBRG9UYzR0V2V4Y1poaGhtdVFRM3dETTJRVHNpQW9UTHVHL3hQRWFGeHFWcURuMzdTM0VPektmVDZ3TlVBRzJSeEZtMWw2bDVocHFFdCticmp0TkMxYzJ5dlRSOGZMVDhiL0I3UU8yT3lUc2I1cGhVSzhiaUxyb3ZYdkEyWGVnOEF2eXA1bVhQQXJxbHM4SlRWcGh5OVU5b3J5T1Y2ZHlpTUJvci92bm1VMHc5eldmNFBzMjh5ZTZMMm41TDJiKzBSSmZ0b1gvQnNjbGFSdUNYNmZwU280Q09mS0dydWh1N1AyRnc4K3F5N3NCQmVwSytsUW5LY01VWDdaSDY0d2Z2VWdtY2lZRmJndUV6czJya0F3YXlweG04YjZhYkJYVWdIVUYvY3NKY1pyZ1QvVzdGV3J5NFZPVmhJcTFrS1YxRHdubjRqYm1mRGJyY29zSmxZM1laUUJ4dmVCeHVEczVhbHpRb0dlZ0JjblVhOGoxM0pUNmtYNlRPZUtKOUVSVnFiUXRET1BoajFCSkNoSURFVUkzRlRFaitRaW93TjViSmh2WlhJMmZ0eUhCZEFvK0U4V3JNVU1nTDAyNGwyRnRldW1UbDV6YW1aaHpUbFpYcTdBREJGTm1yNjJnNzZOY1ZuWi9TYlV1aEg5cmlRQzZHcnNVQzR0dzc2bDhBanJ6Y3pNTUxMSTRvTXRwMUdpVDJibDBsQXg3emtoK2VTaElVdk8yS0ZZMytBUXlFeEYySng0RjVGcW1FSXQza0xWUWFTOHpEc1hHTG43QnZvdFBHYUJpcC82ejhaakMzRnNuNVBJeFFTR0c0a21EWnorMXNneEI1K3l1eG02UUtRb3hGOXY1Nk1sSHpteVdoYzNlMUdyajNSRGtXRTgyVWUxUjJ4c3kzZ2JKUlR2Nm1wYWg3eGZzNmI0cEs0RE9FUUF4Zkhqc0ttTFlBc1kwUjFSQ2wrdHJCWFRhSU5QaU1OT25BMmk0UVB1TnJKRk5BejMrVGRUTlZETnNLdUFhamcybnMxbTN1MnVSamlobG81SitMSmVtZHJTYW1IMlllc1B6T2R4MFBhM3VnZThBNFZhb1dxbEpPWHI3bXIrbGhhdHRKUTJSczBhbEg5K3F2Z2Zyc0NQNXd3NHUraFA1bUM5a2RiN0h4TzBYdXg5dXdkS2JmbGFuVE5PT1l0aDZJVmJBc28xSEtOWE9MZUxDS0cyZGRMUDRHOXd0NE1JeUlXV3hTWnI4VjFSQUp5Qm01bWxqZ0UxYjRLbktZMFQ2TjBaMjJwZ3RzaGlPd1c4NWF5NE1HcS9QbzN2SzRFTjEzUnNQVkJLSnpwTEJLY2hmZjdmbE5jODVCWjZ3Qk5VWWdJUHdIdVY1LzU1RG04dlpHVFo5SlIyRkh2MDB6U3FXclhkTDZEbURRL2NsY1VteFphaVBoQWhuOWllUGQvRlp6LzE5TWZPaHc2dGk1MjA4aElwWElDS2hnZDhpNXZDQldzNFhMSnhIOEJ0cUtOdz09IiBDb3JyZWxhdGlvbkJpbmRpbmc9IiIgVXJsRW5jb2RlPSJUcnVlIiAvPg0KICAgICAgICA8Rm9ybVBvc3RQYXJhbWV0ZXIgTmFtZT0iU2NyZWVuV2lkdGgiIFZhbHVlPSJ7eyRISURERU4xLlNjcmVlbldpZHRofX0iIFJlY29yZGVkVmFsdWU9IiIgQ29ycmVsYXRpb25CaW5kaW5nPSIiIFVybEVuY29kZT0iVHJ1ZSIgLz4NCiAgICAgICAgPEZvcm1Qb3N0UGFyYW1ldGVyIE5hbWU9IlNjcmVlbkhlaWdodCIgVmFsdWU9Int7JEhJRERFTjEuU2NyZWVuSGVpZ2h0fX0iIFJlY29yZGVkVmFsdWU9IiIgQ29ycmVsYXRpb25CaW5kaW5nPSIiIFVybEVuY29kZT0iVHJ1ZSIgLz4NCiAgICAgICAgPEZvcm1Qb3N0UGFyYW1ldGVyIE5hbWU9ImJ0bkRlbGV0ZUludmlzaWJsZSIgVmFsdWU9IuWIqumZpCIgUmVjb3JkZWRWYWx1ZT0i5Yiq6ZmkIiBDb3JyZWxhdGlvbkJpbmRpbmc9Int7Rm9ybVBvc3RQYXJhbTUuYnRuRGVsZXRlSW52aXNpYmxlfX0iIFVybEVuY29kZT0iVHJ1ZSIgLz4NCiAgICAgICAgPEZvcm1Qb3N0UGFyYW1ldGVyIE5hbWU9ImRkbE9yZ0FuZEZsb3ciIFZhbHVlPSIiIFJlY29yZGVkVmFsdWU9IiIgQ29ycmVsYXRpb25CaW5kaW5nPSIiIFVybEVuY29kZT0iVHJ1ZSIgLz4NCiAgICAgICAgPEZvcm1Qb3N0UGFyYW1ldGVyIE5hbWU9ImRkbFF1ZXJ5Q29uZGl0aW9ucyIgVmFsdWU9IjAiIFJlY29yZGVkVmFsdWU9IjAiIENvcnJlbGF0aW9uQmluZGluZz0ie3tGb3JtUG9zdFBhcmFtNy5kZGxRdWVyeUNvbmRpdGlvbnN9fSIgVXJsRW5jb2RlPSJUcnVlIiAvPg0KICAgICAgICA8Rm9ybVBvc3RQYXJhbWV0ZXIgTmFtZT0idHh0T1RFbXBJRCIgVmFsdWU9IjEwMjExOSIgUmVjb3JkZWRWYWx1ZT0iMTAyMTE5IiBDb3JyZWxhdGlvbkJpbmRpbmc9Int7Rm9ybVBvc3RQYXJhbTYudHh0T1RFbXBJRH19IiBVcmxFbmNvZGU9IlRydWUiIC8+DQogICAgICAgIDxGb3JtUG9zdFBhcmFtZXRlciBOYW1lPSJ0eHRPVEVtcE5hbWUiIFZhbHVlPSIiIFJlY29yZGVkVmFsdWU9IiIgQ29ycmVsYXRpb25CaW5kaW5nPSIiIFVybEVuY29kZT0iVHJ1ZSIgLz4NCiAgICAgICAgPEZvcm1Qb3N0UGFyYW1ldGVyIE5hbWU9InR4dE9URm9ybU5PIiBWYWx1ZT0iIiBSZWNvcmRlZFZhbHVlPSIiIENvcnJlbGF0aW9uQmluZGluZz0iIiBVcmxFbmNvZGU9IlRydWUiIC8+DQogICAgICAgIDxGb3JtUG9zdFBhcmFtZXRlciBOYW1lPSJkZGxPVFN0YXR1cyIgVmFsdWU9IjEiIFJlY29yZGVkVmFsdWU9IjEiIENvcnJlbGF0aW9uQmluZGluZz0ie3tGb3JtUG9zdFBhcmFtOC5kZGxPVFN0YXR1c319IiBVcmxFbmNvZGU9IlRydWUiIC8+DQogICAgICAgIDxGb3JtUG9zdFBhcmFtZXRlciBOYW1lPSJ0eHRPVERhdGVCZWdpbiR0eHREYXRlIiBWYWx1ZT0iIiBSZWNvcmRlZFZhbHVlPSIiIENvcnJlbGF0aW9uQmluZGluZz0iIiBVcmxFbmNvZGU9IlRydWUiIC8+DQogICAgICAgIDxGb3JtUG9zdFBhcmFtZXRlciBOYW1lPSJ0eHRPVERhdGVFbmQkdHh0RGF0ZSIgVmFsdWU9IiIgUmVjb3JkZWRWYWx1ZT0iIiBDb3JyZWxhdGlvbkJpbmRpbmc9IiIgVXJsRW5jb2RlPSJUcnVlIiAvPg0KICAgICAgICA8Rm9ybVBvc3RQYXJhbWV0ZXIgTmFtZT0iZ3ZNYWluJGN0bDAyJGNoa0Nob29zZSIgVmFsdWU9Im9uIiBSZWNvcmRlZFZhbHVlPSJvbiIgQ29ycmVsYXRpb25CaW5kaW5nPSIiIFVybEVuY29kZT0iVHJ1ZSIgLz4NCiAgICAgICAgPEZvcm1Qb3N0UGFyYW1ldGVyIE5hbWU9InVjTW9kYWxQb3B1cDEkQ2xpZW50V2lkdGgiIFZhbHVlPSJ7eyRISURERU4xLnVjTW9kYWxQb3B1cDEkQ2xpZW50V2lkdGh9fSIgUmVjb3JkZWRWYWx1ZT0iMCIgQ29ycmVsYXRpb25CaW5kaW5nPSIiIFVybEVuY29kZT0iVHJ1ZSIgLz4NCiAgICAgICAgPEZvcm1Qb3N0UGFyYW1ldGVyIE5hbWU9InVjTW9kYWxQb3B1cDEkQ2xpZW50SGVpZ2h0IiBWYWx1ZT0ie3skSElEREVOMS51Y01vZGFsUG9wdXAxJENsaWVudEhlaWdodH19IiBSZWNvcmRlZFZhbHVlPSIwIiBDb3JyZWxhdGlvbkJpbmRpbmc9IiIgVXJsRW5jb2RlPSJUcnVlIiAvPg0KICAgICAgPC9Gb3JtUG9zdEh0dHBCb2R5Pg0KICAgIDwvUmVxdWVzdD4NCiAgICA8UmVxdWVzdCBNZXRob2Q9IlBPU1QiIEd1aWQ9IjFjNTEzMzdkLWE1MWEtNDM5Ni05NWJmLWI2MTU4NjNmNDYwZCIgVmVyc2lvbj0iMS4xIiBVcmw9Imh0dHA6Ly8xMC4xMS4zNi4xMTQ6ODAwNy9PdmVyVGltZS9PdmVydGltZVByZU9yZGVyLmFzcHgiIFRoaW5rVGltZT0iMCIgVGltZW91dD0iMzAwIiBQYXJzZURlcGVuZGVudFJlcXVlc3RzPSJUcnVlIiBGb2xsb3dSZWRpcmVjdHM9IlRydWUiIFJlY29yZFJlc3VsdD0iVHJ1ZSIgQ2FjaGU9IkZhbHNlIiBSZXNwb25zZVRpbWVHb2FsPSIwIiBFbmNvZGluZz0idXRmLTgiIEV4cGVjdGVkSHR0cFN0YXR1c0NvZGU9IjAiIEV4cGVjdGVkUmVzcG9uc2VVcmw9IiIgUmVwb3J0aW5nTmFtZT0iIiBJZ25vcmVIdHRwU3RhdHVzQ29kZT0iRmFsc2UiPg0KICAgICAgPEZvcm1Qb3N0SHR0cEJvZHk+DQogICAgICAgIDxGb3JtUG9zdFBhcmFtZXRlciBOYW1lPSJUb29sa2l0U2NyaXB0TWFuYWdlcjFfSGlkZGVuRmllbGQiIFZhbHVlPSI7O0FqYXhDb250cm9sVG9vbGtpdCwgVmVyc2lvbj00LjEuNy42MDcsIEN1bHR1cmU9bmV1dHJhbCwgUHVibGljS2V5VG9rZW49MjhmMDFiMGU4NGI2ZDUzZTp6aC1IYW50OjdiOTVlZDFhLTZhM2YtNDFkZC1iYzViLTYzZjM5ZWRiYzRiNDpkZTFmZWFiMjpmY2YwZTk5MzpmMmM4ZTcwODo3MjBhNTJiZjpmOWNlYzliYzo1ODllYWEzMDo2OTgxMjljZjpmYjliNGM1NzpjY2I5NmNmOTphNjdjMjcwMDo4NjEzYWVhNzozMjAyYTVhMjphYjA5ZTNmZTo4NzEwNGI3YzpiZTZmYjI5OCIgUmVjb3JkZWRWYWx1ZT0iOztBamF4Q29udHJvbFRvb2xraXQsIFZlcnNpb249NC4xLjcuNjA3LCBDdWx0dXJlPW5ldXRyYWwsIFB1YmxpY0tleVRva2VuPTI4ZjAxYjBlODRiNmQ1M2U6emgtSGFudDo3Yjk1ZWQxYS02YTNmLTQxZGQtYmM1Yi02M2YzOWVkYmM0YjQ6ZGUxZmVhYjI6ZmNmMGU5OTM6ZjJjOGU3MDg6NzIwYTUyYmY6ZjljZWM5YmM6NTg5ZWFhMzA6Njk4MTI5Y2Y6ZmI5YjRjNTc6Y2NiOTZjZjk6YTY3YzI3MDA6ODYxM2FlYTc6MzIwMmE1YTI6YWIwOWUzZmU6ODcxMDRiN2M6YmU2ZmIyOTgiIENvcnJlbGF0aW9uQmluZGluZz0iIiBVcmxFbmNvZGU9IlRydWUiIC8+DQogICAgICAgIDxGb3JtUG9zdFBhcmFtZXRlciBOYW1lPSJfX0VWRU5UVEFSR0VUIiBWYWx1ZT0ie3skSElEREVOMS5fX0VWRU5UVEFSR0VUfX0iIFJlY29yZGVkVmFsdWU9IiIgQ29ycmVsYXRpb25CaW5kaW5nPSIiIFVybEVuY29kZT0iVHJ1ZSIgLz4NCiAgICAgICAgPEZvcm1Qb3N0UGFyYW1ldGVyIE5hbWU9Il9fRVZFTlRBUkdVTUVOVCIgVmFsdWU9Int7JEhJRERFTjEuX19FVkVOVEFSR1VNRU5UfX0iIFJlY29yZGVkVmFsdWU9IiIgQ29ycmVsYXRpb25CaW5kaW5nPSIiIFVybEVuY29kZT0iVHJ1ZSIgLz4NCiAgICAgICAgPEZvcm1Qb3N0UGFyYW1ldGVyIE5hbWU9Il9fTEFTVEZPQ1VTIiBWYWx1ZT0ie3skSElEREVOMS5fX0xBU1RGT0NVU319IiBSZWNvcmRlZFZhbHVlPSIiIENvcnJlbGF0aW9uQmluZGluZz0iIiBVcmxFbmNvZGU9IlRydWUiIC8+DQogICAgICAgIDxGb3JtUG9zdFBhcmFtZXRlciBOYW1lPSJfX1ZTVEFURSIgVmFsdWU9Int7JEhJRERFTjEuX19WU1RBVEV9fSIgUmVjb3JkZWRWYWx1ZT0iQVIrTENBQUFBQUFBQkFEZFdkdHYyOVlabDJSVGx1VWtUdHBZUzd0TllveHNTbURMSWlsWnZydUk1YVF4bWtTWnJRVEYwa0NneFdPSk5VVnFKT1hMSG9JTVdKb3NhNUVVVGJxbEdUWVU2TkpMbGlKRE1DQkxzMkw3RC9hd2h6MEhsUzlQZTlwejlwMURVcUlrK3BLTFBTQTBUQjUrNXp2Zjc3dWM4NTJQT2svYzdmczhWRENUU1NxeXJpcVNOb2wrVmhKVmRFclI5REUrTy9zV1dzeGtBbTFVUjI3dUJDL0tCN0s2eExBSGtubVVuVDBzU1ZUQVJ1WU9aUE96eWJ5aWFLaUdIbHVESGwrRDNyc0dQYkVHdlc4TmV2OGE5QUZuT3N1c1FXZHRkSzlCYngvdWN1MW84bmI0ZmFsMFVpa1VKOFpiVXVraitPbE5wY2Q1SGNFakxSYlFqbFI2U3VmMWtuYVNMNkEyb0NrNkwrRU9ZRTh2eUJQalBvc0JHa2NWdFhBeTVUOHFLZk5KWGtNZ2MyK1h5NC8vS2UvVXFXTmpiN0dVbDJVNGxoMmdPamlHN1lzeXZWR1dQVjl0VW0wTU04Z3c1eGtXN3BSMzZaTTc1YnUvUFhqbzdOU2lwcU5DenpqS2lnVmU2cVlMV2xaUkpYRzZtejZEVkUxVTVKRjRENFAvdXVsa1NkSkxLaHFSVVVsWE1lK3AwclFrWm1FV3BKVlpKSTlNOS9YeHZkbmVCRHNRaXlPbWY2Q0o3V0dvZ0tHZG9SdFdoK21GeGdEbFpxbmQxbXVDTWJyUmV2YkVvNXhsRDI0YTlpVE93eDJNcyt6cGFtNWllbGdIMERqSE1td05LTnUvTGFDeEdsQ09kUVpsRXdPOS9jOERTZ1JVUUxrcUtERjhVNWF5aWZQVkpvQ3laTHB3OXVrQ29NNHhqYk1KcnRjR3lzYTNDVFJSYXltM0xhQjl0VEhkSHREK0d0RFk1cGJNODRMV3J0UFltck1YVnZ2emdCSUJGcWg5bmRwbnI4L2pGdG9wUDJRWGVFMzB4dVB0Z1gxQjd6Z3E2aFBqMU90aGhtSGVaSmx3TjJrd3RrYndsWlNhdzRuenVLanAwT1FodFZLZWNEaTRLM09LejZFSkRlZlc0MG91SC9RSU92ZVBWMTF1bDh2MUJDNzh4TmNPRDl4T1dvbVMxL2tYa0JzcExMekRKcFBjMHZ5MGhKcWc1N1hLVzg4a0tpaTZLT2RNeU5hM0M5SlVObzhLZkJ1MHhzV1ptVGRWdnREa2R1OHloWmw4V09kV0xNcmJETGYvdGcyL3NWQ1E2RGxUNzA3d2ZpZU41S3dpZ09pUnpwSStFMkVUblcrTTd2UVBMMmlER2dHZ1lZU3NqWFIyR28zQkJXam5kYjA0R0kzT3o4LzN6TWQ2RkRVWDVSaUdqYjU5NHJpaGxNVmIwQVN3QUFTcnNpbE5peFRFcktwb3lvd2V5U3FGUWVDTEdGeWRnRXJUR0JkSnFJQmtuWlpoUnh6cEpQYXpScS9SRCtPS0VscElMeGFSU1RYb0d0UWxZRXlWNkNTT2JNR2R0QTZEUnpyeElGMEYyenRwUTRsQm5WZHpTTWQ3c1Zia3N3aWJYUkRsVkRaYlVzRnU4RlowWGVsa3IxWjF2TDl2SWNZUldkaGlCR0lGcmtLMjFvb3RSakRxcmkwRU1PcXhyWTJEV1JwdUlVaWw1TnhLREZ6S3ZoRDV3OUhHcFU1bzlXbUJFRTA5MXNndGVxR0lVK3dVMGl1YVRHZ21CWHJWRXFyUWNVMWZTY2VWckdUMW50WlFzcVNxSVBtNGt1VXhBeG04aWFTVnpTdGlGdFZaVytBWHJMZVNQSzJVWkFFSlZSOXN4bHJEU3lUbGpub3B5UDEvb0lZRjJDWnk2cUR4NEF2UGtxUE5NWWFJamNaWVFKRTVNMzBQVi8xdG1XTDRrVFpWRXdYTHMxWFhxc3A4U2hXUVNoeGo4dVY1TFpubjVSd0NCNG15aGxRZC9GTjFLOG54bzBiQk1CdzEzaXFkdGhROVd2a3dTZ3hIN1hRYnM1bHI2MWd0YXIxVXZJcEdvZUpnS3ZJSXBWYWV3Y1FhVE5hN2pjVklXNk5HVllSNVRJS054VWc4bzJaSmxyQ3FJOHhzZHRWcVppYVJVZGJVeTNxM2NWV3l3Q2hVQlppdFNyQno0WFU4NnZBMUJ6cVFRYVRmbXFkR0xNMzVXUlA4NFdqZGJCeHR4bVZLWGZtQ2l4WnY1Z1QvcnFMQ1E1VHhZNndrU2tKclpoTE5pWmdGbDJZK3VEeG1tZmJFdk5xQ0hXWmg5NU1TVWhlblNMNGg5WjNYY0tkVnVRYjNtM3lIUzdweXVGaVVGbzhVcHBHQWFVbE5TMHE4cHVXQ1laTUhad0VkL3FkZ3JrdlNLVVVUZGRBaEpWdS9oZVNDZnFNVXhaVW1DcmJaYWs3cXExMGFyTStzVG85UFRLVW5UaWJUZEJhKzRXbDZQbzlrT2hWbmVrNFh6YnFVRmpWYVZpQkpsU1NKMWh1N2tRVGp3bUdvM0FTYTEzQm5wYTliMVBDb2czaUFSUXFIRDVsc0ZzVU9IRnNmT0xZZWNNd0JPTllJSEhNRTV0WUg1dFlENWh5QXVVWmd6aEdZWFIrWWJRQStTRVliZzljZGU5Q01jSlZsUmxVS05EbzJlV0pxZkN3emtaNGM3emtyVEN2bmVzNFNCdkhuUEo0L2VJcWN3L0pWUkpzRFIreEFoNGdhaHZtSEtqNWdiVDZ3bVlkVlhOdTRCdHNzNzdHMTNxdUNyQUd4bmdmWGkxeGo0R3dLVzRFRDBqcE1EaW83ekFHSCtlaThOdkNGUWNlVmVia2VsUmh0Y3lneHYyb3BhUmtXUHI1Ky9mSDFDMkc2cThyZEZZNkVLNjg0M1dJbk9HaHY4TEUyUmdkN0RDYk9pU2xXeHhSellvclhNY1h0VEU1ZUlBby94ZlJOMFJLYTBlbDNGVkhlN0lnNFF5dDROb0V1azRxRWtvcUFSc0p4Smt6ek1GbHNHdE1qcVVyenFVRmlKa2pNRGhLelFHSXZCb1F6UVRnN0NHZUJjQzhHaERWQldEc0lhNEd3THdiRXhMQkRNR0VDNENqZlRGclZqQU5KRUM5aVVyTFIwNHYyWGNlMkQ5Z3lzeTNGVkZZOUhXeUJGdGsxZmRaUE9zRjJhdzlHdUFyUGFibUF4OVBVTGdUMndyMDk0SUg5L3JpWXkrdGp5c0tZaXZqWkl6SXVQb1M4RVBETUFGZXp4MDI0V3M1QTJRQWRlVUh3VUlUU25FWUxPclZ2NWVhTjVXdnZmZmZnN244ZXZiOXk1OWZMWDN4US92Ymk0d3UzZ2U5SG1DKzBpOXF4ZE8vQnlwK3ZyVjY1c1BMcCswQS9aTkxidjN2NHNIemwxc3I5UzBzUHI0RWM2SXFZWFIzUWhlazNIaXg5OU1uU3BWOHRYLzlpK2ZNUGdTSGFiaXFHamRndENBSDNqT0JoTGFJWEU5c0R2dUF1WERLZDRhVVNPaW9pU2FDYWNVaUNPOG1YQ0todEVIMllpTmRyc0MyekgzZU40VStHWExDbDRvUGRIWjQ5RWJqQXNOVmZnQ3FYOEV2QStHa3NVcWQ5aDhmbE5YcjJkalY1Y2ptaUdVWFVDYlViQ29SMlZ6RkRlM0toVjE0QVFzdXpJN0JNWk9YanIxWXYvbW41OXRYeTVTL0J3UllDYTBlSVdkNzFtZDRGTUg5MWZnTGt6cHJzVjhGMU4rSjJ1RjBnMlYzbkhIOTFpais3dEphcU5PNzVwYlZhMHRwcys5dXppK3NqTTlaREZoUmVkbjZZY3ZoTENIOTE4RHExWXhHdWQ2SW5UcndURllTZ1AxUDVwUEs2L2k2K2YrdGYvL1FGZlJuejR3bElZODJodS8vMmdZZ0piUkx4UWtxV0Z2UEFrRllVK1BBb1VwR3pxOS84ZnVtaksrZm84b2VQeWxmdkxQM21qMHUzM29QMWVYYjExazFDWDNwd2NmWG1aK1dMbjVlLy9xdXh4ckY2YnJCWndHdGRrYk9TbUoybGZucGFGNlZNTWo4THlTR3Q1SElTSWxsQWxFUjk4V0JZWDlDTkk3a3hsQlBsVERZL1crME5kOVAxL1lJNGg5ZllZVWd5NFVOREFxeGxEMDRqbEtZdlNvZ0t6Y0hYcUpqbHBRZ3ZpVGw1VUZlS1EzTVZjWU5EMVVUMGJGYkNTTDhpQzlPU1lka3VQUzlxUFhNNFFZeUV3ME1DQkNYZ0RYb2R3OUhhRUkxak9FWFVCT01Zbm44UTF0Q3J0WU5EZXlzUkRIVlVJaGNLNUVQZmU5NHdoZlpSWnpZWEg5QjFuZWpnWHVmWWhGN2JkRmhDcno5MVBFTGZkNDVDNkFkMUx2eGh4ZTJob00zZkEvaW9lRStUcXozUURNc1FwL0FKK0FST1FnclhQWDdCdlR2Z3duODc5bmE1WEViNkNoQlZtNE90K0lzenFVaUs2di9NSFd6TzdKOGE4L2p3ZnVneDNXdHNRVzVXRUl3dEVsNGFUbHVKZHpybUZWV0lUT050YzVEY3dVc1NtTkZzampJUGJLd3RFMU9NMFVEeG1wU1c4amNmcDVhLy9WSXdaaERaTDFjdmZsQytkcmw4Ny9MU3A1ZUI3ck0yUmNlemFRRW5LNFBCZmtvTlpMOUp4cWRGOE5wbTZmQmplVm9yRHBFZ1krZlI0SWJRZmtjWGNFNHVzTTUrdDlJRmdmTDllekNCb2t1L3UxeCtlQU5heTMrNVZuNXd2OUVaZGNlOTljNHdEMzd0em1CNldFZG5ORzNrakppVE02d3o2WmZNR2MwYk9TUGU0QXpiYWVNek80TWN4TnVkc1hyNzY5VHF6Yi85ZjUxQmJlU00za1puVk0vd3QzSm1lTXNYSGkxZnZldGtmTTA1Y28zeDFSUGx6ZVFJNzBiR0p4eG5BdmRTR04reWtmRjlqam5oNVREZXQ1SHgvVTdHeDdaaGc5d0c0MXMzTW43QTBmaVhZODM3TnpEZXd6SmJsUDZaL2hyclYyL2VUeTFmLytYMldtOVFkdUpmT29hSTJhQ3lRR3phS1loYVVlSVhCMlZGUmtQQy93QTUyNGlyNGlrQUFBPT0iIENvcnJlbGF0aW9uQmluZGluZz0iIiBVcmxFbmNvZGU9IlRydWUiIC8+DQogICAgICAgIDxGb3JtUG9zdFBhcmFtZXRlciBOYW1lPSJfX1ZJRVdTVEFURSIgVmFsdWU9Int7JEhJRERFTjEuX19WSUVXU1RBVEV9fSIgUmVjb3JkZWRWYWx1ZT0iIiBDb3JyZWxhdGlvbkJpbmRpbmc9IiIgVXJsRW5jb2RlPSJUcnVlIiAvPg0KICAgICAgICA8Rm9ybVBvc3RQYXJhbWV0ZXIgTmFtZT0iX19TQ1JPTExQT1NJVElPTlgiIFZhbHVlPSJ7eyRISURERU4xLl9fU0NST0xMUE9TSVRJT05YfX0iIFJlY29yZGVkVmFsdWU9IjAiIENvcnJlbGF0aW9uQmluZGluZz0iIiBVcmxFbmNvZGU9IlRydWUiIC8+DQogICAgICAgIDxGb3JtUG9zdFBhcmFtZXRlciBOYW1lPSJfX1NDUk9MTFBPU0lUSU9OWSIgVmFsdWU9Int7JEhJRERFTjEuX19TQ1JPTExQT1NJVElPTll9fSIgUmVjb3JkZWRWYWx1ZT0iMCIgQ29ycmVsYXRpb25CaW5kaW5nPSIiIFVybEVuY29kZT0iVHJ1ZSIgLz4NCiAgICAgICAgPEZvcm1Qb3N0UGFyYW1ldGVyIE5hbWU9Il9fVklFV1NUQVRFRU5DUllQVEVEIiBWYWx1ZT0ie3skSElEREVOMS5fX1ZJRVdTVEFURUVOQ1JZUFRFRH19IiBSZWNvcmRlZFZhbHVlPSIiIENvcnJlbGF0aW9uQmluZGluZz0iIiBVcmxFbmNvZGU9IlRydWUiIC8+DQogICAgICAgIDxGb3JtUG9zdFBhcmFtZXRlciBOYW1lPSJfX0VWRU5UVkFMSURBVElPTiIgVmFsdWU9Int7JEhJRERFTjEuX19FVkVOVFZBTElEQVRJT059fSIgUmVjb3JkZWRWYWx1ZT0iZGt1WFkrcUp1SVU2OSt5WENEM3lNQk8xeHAxUFRCQWRSb1hPU1JJbmFVSVgwaXp5cm1JaWRQaTN5TWhURGUvNkVjQVJBaWllaDRJQTJsbnZzSFpITEFXa2k1dHVEU1N0NTlRS25BSUhCblJNRWdvYmVXbDdWbml6Wk5LM1JxaDNpQ3J1d25HbCs2a1BYZytGWFloZk94MWFHN0ZIcjVYWDZSUlZINFJWckpsTjUwVG9jc1ZadVhDTlJYZ0MyUmNuRk5rQkhSZWJxUklsWFZKYjJoOWd5UHRRTDQwK3dQY04rSTV0aWY4VTFHN3lOMzU3QjkzekxKQXQ2a3JORkh1dVkvWWVHejhybzhuaGluWWdrQmc2Z1ZtZ1B2L0NkK0ZIWEZNRjFBd1VGTHRPalRveFZRdUcrazZ0NGh0b1RUZlBtM0VzTklVUEk1dElJM1N0YURZZk56VTBUS3htKzRRVTFNazBSdExpM1lWbXZFY3pGb1BuUERMeU5Ndk5kbndjaFdzeVVjOTNOYnlHY1lDV2cxWUdXT2gvRElxNzFhY0xpYjFBMjBTak1jZ2FkMVJiODBKdlcwTFF5V2dORXkyeFJremQ5NUVOS0tYd3ZSQ3pka29DVlpTMHpEQll1dHprcDRDOUFORjhFVzlKTlk1cFRSTms0ZjNHYlkyRXhTRWxQcWhCNmNtNzVTbzYrYmpxelNJMkovd0RkUGs3Mlc5Z0VIc3BENUUwMjd3bGdOb05QTmk0RmgvcHZHV1AzWjZ3WTRiQTVFcTZPOEZ1M1JpV0VHOTVzUmpmRVBPWU1IVnhrVXkzVVd1WEEyaXJuZ0VsTEdwY2lhMTNQOHhpZmR6Z3BwU2kwRlVPTGtkbndCMWhpdnFpeis0RUo4UEhjSi9RNnZGZXQ1dXpJUTdWYkRoREtYME5WdUFrYjhJeHdRRk90bkpxOU1KdVNIMmtROTVBTDZtVVhBeWRLMUdscndHNUtJeDhLQWpwNnBuZmxnY2U0cGhCRjAvWDFLc2dKY0dLVm9tNmgvUytkU2VOcG92YnFmYWc4Qkx4dEJHU2JKSVQ1ek8rZ2F2VlhKeUJEZ2M2L0Y3aGU2N1Z1T3dtSG8yTmlWUUM0eG5UZk9Cd0g2dW5WMXJ1NmZKaWwvejFWR3dFT3FNb2s0QXBkc253Zzk0SnZxUzZiQ0JrdUVLdXF0RjRiT3hxdm1kNStTMExTaXEvcHRGc1ZzY1NNakwzUEtnMDZUdWs1RkRuQlN1TjdpL1NuM3B5NXhDMXAvcnhuTHRSdkdBRE45cHNtYVpXeWhnb1V4YVB3T3N1U0QyRyt0SS9lR2JtVmIwdFJWZWpEWHd2bVFtSHhnUCtROWg5TFdwYlFwVVVKQ2wyaU1MbTQvNkJVUnlRZjVjd0JtWU5zcEtGMEJzZlJNWld1MWJsbC9jMVIxOEs5S092aTZzQytoQkZOME81enAzakUvb3pYTExsR3N3bUN5bHRvY2JJV3VDMmNpbGU5dHJzVTVsa2RSaHZkcXBVVk9zUHdRVkhGK1pzalRudXYrczZsVCtzckFnU0lnam96OFVnWWxaV09INEFFUDA1a2hvNG9xWkhFTHJSWlhjUzM1UWd2VGxSL2ZiaXZWd3NFV1ZvSFFMK3VkNDdaUDBzVmZLdFp3T09uVXRXL1h0NEJuRDdWWEpsb1BPUGtsbE4rVXRpNmNDMzVNK1JueXAzaTVRZHFFdklSdklLQzltY0QrOHlBR09IVzl4SGprOVBJa21zQ2s3V1JmS2dscWthT1YyeEphVzNzRW5vaFFQVlRWNGpUUkhLVTdvem9SOUxLQ3Z5aVk2TDc2YXliR3VNTVNvazN1RzZTdWZRSFdVTGJ2ZmZveS9TSDdTNVJJTUVQbVFud3VsN0lQejIzREFaWnRObjdEV0xmZElYOWg2TEtTR0NUSjJwajVwc0ZGS1BGR0dyVWtJQmpwZWU4dEtyZW1Mcm5vRnF2aGZKTVEwa3FrdEVpengwQ0FIbVZJUHA2UTNPeTI4N0ZybXNibWM1THo2T3lsZmFMMnhaeTVNUWt1RTg4NzM5bStWdSt4eU9yZmprZTdjd0FCWDBPTFBjREVNUjVVdDlOR1NzWkZXbXIvTWF0ajRIUkU3d1VmTHN5b3QyVGFGbGlmUHRaaWFGbnVkdGJMcz0iIENvcnJlbGF0aW9uQmluZGluZz0iIiBVcmxFbmNvZGU9IlRydWUiIC8+DQogICAgICAgIDxGb3JtUG9zdFBhcmFtZXRlciBOYW1lPSJTY3JlZW5XaWR0aCIgVmFsdWU9Int7JEhJRERFTjEuU2NyZWVuV2lkdGh9fSIgUmVjb3JkZWRWYWx1ZT0iIiBDb3JyZWxhdGlvbkJpbmRpbmc9IiIgVXJsRW5jb2RlPSJUcnVlIiAvPg0KICAgICAgICA8Rm9ybVBvc3RQYXJhbWV0ZXIgTmFtZT0iU2NyZWVuSGVpZ2h0IiBWYWx1ZT0ie3skSElEREVOMS5TY3JlZW5IZWlnaHR9fSIgUmVjb3JkZWRWYWx1ZT0iIiBDb3JyZWxhdGlvbkJpbmRpbmc9IiIgVXJsRW5jb2RlPSJUcnVlIiAvPg0KICAgICAgICA8Rm9ybVBvc3RQYXJhbWV0ZXIgTmFtZT0iYnRuUXVlcnkiIFZhbHVlPSLmn6XoqaIiIFJlY29yZGVkVmFsdWU9IuafpeipoiIgQ29ycmVsYXRpb25CaW5kaW5nPSJ7e0Zvcm1Qb3N0UGFyYW0xLmJ0blF1ZXJ5fX0iIFVybEVuY29kZT0iVHJ1ZSIgLz4NCiAgICAgICAgPEZvcm1Qb3N0UGFyYW1ldGVyIE5hbWU9ImRkbE9yZ0FuZEZsb3ciIFZhbHVlPSIiIFJlY29yZGVkVmFsdWU9IiIgQ29ycmVsYXRpb25CaW5kaW5nPSIiIFVybEVuY29kZT0iVHJ1ZSIgLz4NCiAgICAgICAgPEZvcm1Qb3N0UGFyYW1ldGVyIE5hbWU9ImRkbFF1ZXJ5Q29uZGl0aW9ucyIgVmFsdWU9IjAiIFJlY29yZGVkVmFsdWU9IjAiIENvcnJlbGF0aW9uQmluZGluZz0ie3tGb3JtUG9zdFBhcmFtMy5kZGxRdWVyeUNvbmRpdGlvbnN9fSIgVXJsRW5jb2RlPSJUcnVlIiAvPg0KICAgICAgICA8Rm9ybVBvc3RQYXJhbWV0ZXIgTmFtZT0idHh0T1RFbXBJRCIgVmFsdWU9IjEwMjExOSIgUmVjb3JkZWRWYWx1ZT0iMTAyMTE5IiBDb3JyZWxhdGlvbkJpbmRpbmc9Int7Rm9ybVBvc3RQYXJhbTIudHh0T1RFbXBJRH19IiBVcmxFbmNvZGU9IlRydWUiIC8+DQogICAgICAgIDxGb3JtUG9zdFBhcmFtZXRlciBOYW1lPSJ0eHRPVEVtcE5hbWUiIFZhbHVlPSIiIFJlY29yZGVkVmFsdWU9IiIgQ29ycmVsYXRpb25CaW5kaW5nPSIiIFVybEVuY29kZT0iVHJ1ZSIgLz4NCiAgICAgICAgPEZvcm1Qb3N0UGFyYW1ldGVyIE5hbWU9InR4dE9URm9ybU5PIiBWYWx1ZT0iIiBSZWNvcmRlZFZhbHVlPSIiIENvcnJlbGF0aW9uQmluZGluZz0iIiBVcmxFbmNvZGU9IlRydWUiIC8+DQogICAgICAgIDxGb3JtUG9zdFBhcmFtZXRlciBOYW1lPSJkZGxPVFN0YXR1cyIgVmFsdWU9IjUiIFJlY29yZGVkVmFsdWU9IjUiIENvcnJlbGF0aW9uQmluZGluZz0ie3tGb3JtUG9zdFBhcmFtNC5kZGxPVFN0YXR1c319IiBVcmxFbmNvZGU9IlRydWUiIC8+DQogICAgICAgIDxGb3JtUG9zdFBhcmFtZXRlciBOYW1lPSJ0eHRPVERhdGVCZWdpbiR0eHREYXRlIiBWYWx1ZT0iIiBSZWNvcmRlZFZhbHVlPSIiIENvcnJlbGF0aW9uQmluZGluZz0iIiBVcmxFbmNvZGU9IlRydWUiIC8+DQogICAgICAgIDxGb3JtUG9zdFBhcmFtZXRlciBOYW1lPSJ0eHRPVERhdGVFbmQkdHh0RGF0ZSIgVmFsdWU9IiIgUmVjb3JkZWRWYWx1ZT0iIiBDb3JyZWxhdGlvbkJpbmRpbmc9IiIgVXJsRW5jb2RlPSJUcnVlIiAvPg0KICAgICAgICA8Rm9ybVBvc3RQYXJhbWV0ZXIgTmFtZT0idWNNb2RhbFBvcHVwMSRDbGllbnRXaWR0aCIgVmFsdWU9Int7JEhJRERFTjEudWNNb2RhbFBvcHVwMSRDbGllbnRXaWR0aH19IiBSZWNvcmRlZFZhbHVlPSIwIiBDb3JyZWxhdGlvbkJpbmRpbmc9IiIgVXJsRW5jb2RlPSJUcnVlIiAvPg0KICAgICAgICA8Rm9ybVBvc3RQYXJhbWV0ZXIgTmFtZT0idWNNb2RhbFBvcHVwMSRDbGllbnRIZWlnaHQiIFZhbHVlPSJ7eyRISURERU4xLnVjTW9kYWxQb3B1cDEkQ2xpZW50SGVpZ2h0fX0iIFJlY29yZGVkVmFsdWU9IjAiIENvcnJlbGF0aW9uQmluZGluZz0iIiBVcmxFbmNvZGU9IlRydWUiIC8+DQogICAgICA8L0Zvcm1Qb3N0SHR0cEJvZHk+DQogICAgPC9SZXF1ZXN0Pg0KICA8L0l0ZW1zPg0KICA8VmFsaWRhdGlvblJ1bGVzPg0KICAgIDxWYWxpZGF0aW9uUnVsZSBDbGFzc25hbWU9Ik1pY3Jvc29mdC5WaXN1YWxTdHVkaW8uVGVzdFRvb2xzLldlYlRlc3RpbmcuUnVsZXMuVmFsaWRhdGVSZXNwb25zZVVybCwgTWljcm9zb2Z0LlZpc3VhbFN0dWRpby5RdWFsaXR5VG9vbHMuV2ViVGVzdEZyYW1ld29yaywgVmVyc2lvbj0xMC4wLjAuMCwgQ3VsdHVyZT1uZXV0cmFsLCBQdWJsaWNLZXlUb2tlbj1iMDNmNWY3ZjExZDUwYTNhIiBEaXNwbGF5TmFtZT0i5Zue5oeJIFVSTCIgRGVzY3JpcHRpb249Iumpl+itieWbnuaHiSBVUkwg5Zyo5aWX55So6YeN5paw5bCO5ZCR5LmL5b6M5piv5ZCm5ZKM6KiY6YyE55qE5Zue5oeJIFVSTCDnm7jlkIzjgILlt7Llv73nlaUgUXVlcnlTdHJpbmcg5Y+D5pW444CCIiBMZXZlbD0iTG93IiBFeGVjdHVpb25PcmRlcj0iQmVmb3JlRGVwZW5kZW50cyIgLz4NCiAgICA8VmFsaWRhdGlvblJ1bGUgQ2xhc3NuYW1lPSJNaWNyb3NvZnQuVmlzdWFsU3R1ZGlvLlRlc3RUb29scy5XZWJUZXN0aW5nLlJ1bGVzLlZhbGlkYXRpb25SdWxlUmVzcG9uc2VUaW1lR29hbCwgTWljcm9zb2Z0LlZpc3VhbFN0dWRpby5RdWFsaXR5VG9vbHMuV2ViVGVzdEZyYW1ld29yaywgVmVyc2lvbj0xMC4wLjAuMCwgQ3VsdHVyZT1uZXV0cmFsLCBQdWJsaWNLZXlUb2tlbj1iMDNmNWY3ZjExZDUwYTNhIiBEaXNwbGF5TmFtZT0i5Zue5oeJ5pmC6ZaT55uu5qiZIiBEZXNjcmlwdGlvbj0i6amX6K2J5q2k6KaB5rGC55qE5Zue5oeJ5pmC6ZaT5piv5ZCm5bCP5pa85oiW562J5pa85q2k6KaB5rGC5omA5oyH5a6a55qE5Zue5oeJ5pmC6ZaT55uu5qiZ44CC5Zue5oeJ5pmC6ZaT55uu5qiZ54K66Zu25bCH6KKr5b+955Wl44CCIiBMZXZlbD0iTG93IiBFeGVjdHVpb25PcmRlcj0iQWZ0ZXJEZXBlbmRlbnRzIj4NCiAgICAgIDxSdWxlUGFyYW1ldGVycz4NCiAgICAgICAgPFJ1bGVQYXJhbWV0ZXIgTmFtZT0iVG9sZXJhbmNlIiBWYWx1ZT0iMCIgLz4NCiAgICAgIDwvUnVsZVBhcmFtZXRlcnM+DQogICAgPC9WYWxpZGF0aW9uUnVsZT4NCiAgPC9WYWxpZGF0aW9uUnVsZXM+DQo8L1dlYlRlc3Q+">
      <Execution id="12bfbff0-a067-441f-9dda-850268fcde95" />
    </WebTest>
  </TestDefinitions>
  <TestLists>
    <TestList name="不在清單中的結果" id="8c84fa94-04c1-424b-9868-57a2d4851a1d" />
    <TestList name="所有載入的結果" id="19431567-8539-422a-85d7-44ee4e166bda" />
  </TestLists>
  <TestEntries>
    <TestEntry isTransparent="false" testId="2d70237b-00f9-4804-8689-51ac87af499e" executionId="58a01d44-e888-4690-beb6-57cae8821d65" testListId="8c84fa94-04c1-424b-9868-57a2d4851a1d">
      <TestEntries>
        <TestEntry isTransparent="false" testId="5bb2bc9f-0fc4-499f-9eb4-d5c514a4ffa9" executionId="2c5cbebe-3d9e-4e4d-9d67-8b46e53c980a" parentExecutionId="58a01d44-e888-4690-beb6-57cae8821d65" testListId="8c84fa94-04c1-424b-9868-57a2d4851a1d" />
        <TestEntry isTransparent="false" testId="a5b43290-1c44-42f1-bfa2-c60d219f5d58" executionId="79f674da-4458-42a4-af72-60e5f45c1fa5" parentExecutionId="58a01d44-e888-4690-beb6-57cae8821d65" testListId="8c84fa94-04c1-424b-9868-57a2d4851a1d" />
        <TestEntry isTransparent="false" testId="32b3eb7f-657d-48cc-acc9-b304c0cd482c" executionId="b0447c72-fa9b-4f4b-85b1-c74d3e0c322e" parentExecutionId="58a01d44-e888-4690-beb6-57cae8821d65" testListId="8c84fa94-04c1-424b-9868-57a2d4851a1d" />
        <TestEntry isTransparent="false" testId="d1f0dc6a-f347-4b33-8582-0a71909fcaf1" executionId="259e9fda-b71e-475c-b605-9560abf91bf6" parentExecutionId="58a01d44-e888-4690-beb6-57cae8821d65" testListId="8c84fa94-04c1-424b-9868-57a2d4851a1d" />
        <TestEntry isTransparent="false" testId="80bb2dba-dfec-42d3-a0d1-1c43eee9c35f" executionId="8c895d46-8ba8-4a90-8783-f3e21385b50c" parentExecutionId="58a01d44-e888-4690-beb6-57cae8821d65" testListId="8c84fa94-04c1-424b-9868-57a2d4851a1d" />
      </TestEntries>
    </TestEntry>
  </TestEntries>
  <Results>
    <LoadTestResult executionId="58a01d44-e888-4690-beb6-57cae8821d65" testId="2d70237b-00f9-4804-8689-51ac87af499e" testName="LoadTest2" computerName="ANSONHUANG" duration="00:05:00" startTime="2017-05-17T11:41:13.0249110+08:00" endTime="2017-05-17T11:46:13.0249110+08:00" testType="fa4c85ff-1236-4463-b954-3ba2f0eabd95" outcome="Completed" testListId="8c84fa94-04c1-424b-9868-57a2d4851a1d" relativeResultsDirectory="58a01d44-e888-4690-beb6-57cae8821d65" runId="11" controllerStartTime="2017-05-17T11:41:13.0249110+08:00" runStatus="Stopped" resultsStoreType="Database" resultsRepositoryConnectString="LAs4ogoKlDcN2wGNXrhY1rUZFJYkv4+6TMJl1UhPeJqdeO7oF3XveoWcDZeIkBy8JoJ/gVxNrlVgJUAb6xv/LJaNIQG6DwwTAwp/f6u/lMyYNxGipciOxw==" loadTestDuration="300" loadTestWarmupTime="0" previouslyViewed="true">
      <AnalyzerViewState>
        <LoadTestRunDescriptor isLegendPanelVisible="true" isOverviewPanelVisible="true" isCounterPanelVisible="true" scrollingGraph="false" minMaxGraph="false" showHorizontalGridOnGraph="true" showThresholdsOnGraph="true" showComparison="false" showZoom="true" lockZoom="true" activeConsoleView="Summary" selectedGraphPanel1="關鍵指標" selectedGraphPanel2="頁面回應時間" selectedGraphPanel3="待測系統" selectedGraphPanel4="控制器和代理程式" graphPanelLayout="FourGrid" tablePanelLayout="TwoHorizontal" selectedTablePanel1="Tests" selectedTablePanel2="Errors" selectedTablePanel3="Thresholds" selectedTablePanel4="Transactions" controllerName="ANSONHUANG" isLocalRun="true" testRunId="79bb2d72-ecfe-4bc5-a364-f9a2f0b08b64" repositoryRunId="0">
          <GraphDescriptors>
            <GraphDescriptor graphName="關鍵指標">
              <HorizontalZoomRange lower="-1" upper="-1" />
              <VerticalZoomRange lower="0" upper="100" />
              <PlotDescriptors>
                <PlotDescriptor colorArgb="-65536" lineStyle="0" fixedRange="0" rangeGroup="User Load" showOnGraph="true" isSelected="false">
                  <CounterDescriptor machineName="ANSONHUANG" categoryName="LoadTest:Scenario" counterName="User Load" instanceName="_Total" baseInstanceName="_Total" loadTestItemId="-1" />
                </PlotDescriptor>
                <PlotDescriptor colorArgb="-16744448" lineStyle="0" fixedRange="0" rangeGroup="Pages/Sec" showOnGraph="true" isSelected="false">
                  <CounterDescriptor machineName="ANSONHUANG" categoryName="LoadTest:Page" counterName="Pages/Sec" instanceName="_Total" baseInstanceName="_Total" loadTestItemId="-1" />
                </PlotDescriptor>
                <PlotDescriptor colorArgb="-16776961" lineStyle="0" fixedRange="0" rangeGroup="Avg. Page Time" showOnGraph="true" isSelected="false">
                  <CounterDescriptor machineName="ANSONHUANG" categoryName="LoadTest:Page" counterName="Avg. Page Time" instanceName="_Total" baseInstanceName="_Total" loadTestItemId="-1" />
                </PlotDescriptor>
                <PlotDescriptor colorArgb="-8388480" lineStyle="0" fixedRange="0" rangeGroup="Errors/Sec" showOnGraph="true" isSelected="false">
                  <CounterDescriptor machineName="ANSONHUANG" categoryName="LoadTest:Errors" counterName="Errors/Sec" instanceName="_Total" baseInstanceName="_Total" loadTestItemId="-1" />
                </PlotDescriptor>
                <PlotDescriptor colorArgb="-23296" lineStyle="0" fixedRange="0" rangeGroup="Threshold Violations/Sec" showOnGraph="true" isSelected="false">
                  <CounterDescriptor machineName="ANSONHUANG" categoryName="LoadTest:Errors" counterName="Threshold Violations/Sec" instanceName="_Total" baseInstanceName="_Total" loadTestItemId="-1" />
                </PlotDescriptor>
              </PlotDescriptors>
            </GraphDescriptor>
            <GraphDescriptor graphName="待測系統">
              <HorizontalZoomRange lower="-1" upper="-1" />
              <VerticalZoomRange lower="0" upper="100" />
            </GraphDescriptor>
            <GraphDescriptor graphName="控制器和代理程式">
              <HorizontalZoomRange lower="-1" upper="-1" />
              <VerticalZoomRange lower="0" upper="100" />
              <PlotDescriptors>
                <PlotDescriptor colorArgb="-65536" lineStyle="0" fixedRange="100" rangeGroup="% Processor Time" showOnGraph="true" isSelected="false">
                  <CounterDescriptor machineName="ANSONHUANG" categoryName="Processor" counterName="% Processor Time" instanceName="0" baseInstanceName="0" loadTestItemId="-1" />
                </PlotDescriptor>
                <PlotDescriptor colorArgb="-16744448" lineStyle="0" fixedRange="0" rangeGroup="Memory Bytes" showOnGraph="true" isSelected="false">
                  <CounterDescriptor machineName="ANSONHUANG" categoryName="Memory" counterName="Available MBytes" instanceName="systemdiagnosticsperfcounterlibsingleinstance" baseInstanceName="systemdiagnosticsperfcounterlibsingleinstance" loadTestItemId="-1" />
                </PlotDescriptor>
              </PlotDescriptors>
            </GraphDescriptor>
            <GraphDescriptor graphName="測試回應時間">
              <HorizontalZoomRange lower="-1" upper="-1" />
              <VerticalZoomRange lower="0" upper="274" />
              <PlotDescriptors>
                <PlotDescriptor colorArgb="-65536" lineStyle="0" fixedRange="274" rangeGroup="Avg. Test Time" showOnGraph="true" isSelected="false" counterMetadata="WebTestUpdateCase02;情節1">
                  <CounterDescriptor machineName="ANSONHUANG" categoryName="LoadTest:Test" counterName="Avg. Test Time" instanceName="WebTestUpdateCase02(004)" baseInstanceName="WebTestUpdateCase02" loadTestItemId="4" />
                </PlotDescriptor>
                <PlotDescriptor colorArgb="-16744448" lineStyle="0" fixedRange="274" rangeGroup="Avg. Test Time" showOnGraph="true" isSelected="false" counterMetadata="WebTestSelectCase01;情節1">
                  <CounterDescriptor machineName="ANSONHUANG" categoryName="LoadTest:Test" counterName="Avg. Test Time" instanceName="WebTestSelectCase01(001)" baseInstanceName="WebTestSelectCase01" loadTestItemId="1" />
                </PlotDescriptor>
                <PlotDescriptor colorArgb="-16776961" lineStyle="0" fixedRange="274" rangeGroup="Avg. Test Time" showOnGraph="true" isSelected="false" counterMetadata="WebTestSelectCase02;情節1">
                  <CounterDescriptor machineName="ANSONHUANG" categoryName="LoadTest:Test" counterName="Avg. Test Time" instanceName="WebTestSelectCase02(002)" baseInstanceName="WebTestSelectCase02" loadTestItemId="2" />
                </PlotDescriptor>
                <PlotDescriptor colorArgb="-8388480" lineStyle="0" fixedRange="274" rangeGroup="Avg. Test Time" showOnGraph="true" isSelected="false" counterMetadata="WebTestInsertDeleteCase01;情節1">
                  <CounterDescriptor machineName="ANSONHUANG" categoryName="LoadTest:Test" counterName="Avg. Test Time" instanceName="WebTestInsertDeleteCase01(000)" baseInstanceName="WebTestInsertDeleteCase01" loadTestItemId="0" />
                </PlotDescriptor>
                <PlotDescriptor colorArgb="-23296" lineStyle="0" fixedRange="274" rangeGroup="Avg. Test Time" showOnGraph="true" isSelected="false" counterMetadata="WebTestUpdateCase01;情節1">
                  <CounterDescriptor machineName="ANSONHUANG" categoryName="LoadTest:Test" counterName="Avg. Test Time" instanceName="WebTestUpdateCase01(003)" baseInstanceName="WebTestUpdateCase01" loadTestItemId="3" />
                </PlotDescriptor>
              </PlotDescriptors>
            </GraphDescriptor>
            <GraphDescriptor graphName="異動回應時間">
              <HorizontalZoomRange lower="-1" upper="-1" />
              <VerticalZoomRange lower="0" upper="100" />
            </GraphDescriptor>
            <GraphDescriptor graphName="頁面回應時間">
              <HorizontalZoomRange lower="-1" upper="-1" />
              <VerticalZoomRange lower="0" upper="2" />
              <PlotDescriptors>
                <PlotDescriptor colorArgb="-65536" lineStyle="0" fixedRange="2" rangeGroup="Avg. Page Time" showOnGraph="true" isSelected="false" counterMetadata="WebTestUpdateCase02;情節1;http://10.11.36.114:8007/hrlogin/hrlogin.aspx----{GET}">
                  <CounterDescriptor machineName="ANSONHUANG" categoryName="LoadTest:Page" counterName="Avg. Page Time" instanceName="hrlogin-aspx{GET}(008)" baseInstanceName="hrlogin-aspx{GET}" loadTestItemId="8" />
                </PlotDescriptor>
                <PlotDescriptor colorArgb="-16744448" lineStyle="0" fixedRange="2" rangeGroup="Avg. Page Time" showOnGraph="true" isSelected="false" counterMetadata="WebTestUpdateCase02;情節1;http://10.11.36.114:8007/hrlogin/hrlogin.aspx----{POST}">
                  <CounterDescriptor machineName="ANSONHUANG" categoryName="LoadTest:Page" counterName="Avg. Page Time" instanceName="hrlogin-aspx{POST}(003)" baseInstanceName="hrlogin-aspx{POST}" loadTestItemId="3" />
                </PlotDescriptor>
                <PlotDescriptor colorArgb="-16776961" lineStyle="0" fixedRange="2" rangeGroup="Avg. Page Time" showOnGraph="true" isSelected="false" counterMetadata="WebTestSelectCase01;情節1;http://10.11.36.114:8007/hrlogin/hrlogin.aspx----{GET}">
                  <CounterDescriptor machineName="ANSONHUANG" categoryName="LoadTest:Page" counterName="Avg. Page Time" instanceName="hrlogin-aspx{GET}(017)" baseInstanceName="hrlogin-aspx{GET}" loadTestItemId="17" />
                </PlotDescriptor>
                <PlotDescriptor colorArgb="-8388480" lineStyle="0" fixedRange="2" rangeGroup="Avg. Page Time" showOnGraph="true" isSelected="false" counterMetadata="WebTestSelectCase01;情節1;http://10.11.36.114:8007/hrlogin/hrlogin.aspx----{POST}">
                  <CounterDescriptor machineName="ANSONHUANG" categoryName="LoadTest:Page" counterName="Avg. Page Time" instanceName="hrlogin-aspx{POST}(012)" baseInstanceName="hrlogin-aspx{POST}" loadTestItemId="12" />
                </PlotDescriptor>
                <PlotDescriptor colorArgb="-23296" lineStyle="0" fixedRange="2" rangeGroup="Avg. Page Time" showOnGraph="true" isSelected="false" counterMetadata="WebTestSelectCase02;情節1;http://10.11.36.114:8007/hrlogin/hrlogin.aspx----{GET}">
                  <CounterDescriptor machineName="ANSONHUANG" categoryName="LoadTest:Page" counterName="Avg. Page Time" instanceName="hrlogin-aspx{GET}(026)" baseInstanceName="hrlogin-aspx{GET}" loadTestItemId="26" />
                </PlotDescriptor>
                <PlotDescriptor colorArgb="-16744320" lineStyle="0" fixedRange="2" rangeGroup="Avg. Page Time" showOnGraph="true" isSelected="false" counterMetadata="WebTestSelectCase02;情節1;http://10.11.36.114:8007/hrlogin/hrlogin.aspx----{POST}">
                  <CounterDescriptor machineName="ANSONHUANG" categoryName="LoadTest:Page" counterName="Avg. Page Time" instanceName="hrlogin-aspx{POST}(021)" baseInstanceName="hrlogin-aspx{POST}" loadTestItemId="21" />
                </PlotDescriptor>
                <PlotDescriptor colorArgb="-7667712" lineStyle="0" fixedRange="2" rangeGroup="Avg. Page Time" showOnGraph="true" isSelected="false" counterMetadata="WebTestInsertDeleteCase01;情節1;http://10.11.36.114:8007/hrlogin/hrlogin.aspx----{GET}">
                  <CounterDescriptor machineName="ANSONHUANG" categoryName="LoadTest:Page" counterName="Avg. Page Time" instanceName="hrlogin-aspx{GET}(035)" baseInstanceName="hrlogin-aspx{GET}" loadTestItemId="35" />
                </PlotDescriptor>
                <PlotDescriptor colorArgb="-16751616" lineStyle="0" fixedRange="2" rangeGroup="Avg. Page Time" showOnGraph="true" isSelected="false" counterMetadata="WebTestInsertDeleteCase01;情節1;http://10.11.36.114:8007/hrlogin/hrlogin.aspx----{POST}">
                  <CounterDescriptor machineName="ANSONHUANG" categoryName="LoadTest:Page" counterName="Avg. Page Time" instanceName="hrlogin-aspx{POST}(030)" baseInstanceName="hrlogin-aspx{POST}" loadTestItemId="30" />
                </PlotDescriptor>
                <PlotDescriptor colorArgb="-16777077" lineStyle="0" fixedRange="2" rangeGroup="Avg. Page Time" showOnGraph="true" isSelected="false" counterMetadata="WebTestUpdateCase01;情節1;http://10.11.36.114:8007/hrlogin/hrlogin.aspx----{GET}">
                  <CounterDescriptor machineName="ANSONHUANG" categoryName="LoadTest:Page" counterName="Avg. Page Time" instanceName="hrlogin-aspx{GET}(044)" baseInstanceName="hrlogin-aspx{GET}" loadTestItemId="44" />
                </PlotDescriptor>
                <PlotDescriptor colorArgb="-16741493" lineStyle="0" fixedRange="2" rangeGroup="Avg. Page Time" showOnGraph="true" isSelected="false" counterMetadata="WebTestUpdateCase01;情節1;http://10.11.36.114:8007/hrlogin/hrlogin.aspx----{POST}">
                  <CounterDescriptor machineName="ANSONHUANG" categoryName="LoadTest:Page" counterName="Avg. Page Time" instanceName="hrlogin-aspx{POST}(039)" baseInstanceName="hrlogin-aspx{POST}" loadTestItemId="39" />
                </PlotDescriptor>
                <PlotDescriptor colorArgb="-5383962" lineStyle="0" fixedRange="2" rangeGroup="Avg. Page Time" showOnGraph="true" isSelected="false" counterMetadata="WebTestInsertDeleteCase01;情節1;http://10.11.36.114:8007/OverTime/OvertimePreOrder_Add.aspx----{GET}">
                  <CounterDescriptor machineName="ANSONHUANG" categoryName="LoadTest:Page" counterName="Avg. Page Time" instanceName="OvertimePreOrder_Add-aspx{GET}(051)" baseInstanceName="OvertimePreOrder_Add-aspx{GET}" loadTestItemId="51" />
                </PlotDescriptor>
                <PlotDescriptor colorArgb="-7278960" lineStyle="0" fixedRange="2" rangeGroup="Avg. Page Time" showOnGraph="true" isSelected="false" counterMetadata="WebTestInsertDeleteCase01;情節1;http://10.11.36.114:8007/OverTime/OvertimePreOrder_Add.aspx----{POST}">
                  <CounterDescriptor machineName="ANSONHUANG" categoryName="LoadTest:Page" counterName="Avg. Page Time" instanceName="OvertimePreOrder_Add-aspx{POST}(054)" baseInstanceName="OvertimePreOrder_Add-aspx{POST}" loadTestItemId="54" />
                </PlotDescriptor>
                <PlotDescriptor colorArgb="-38476" lineStyle="0" fixedRange="2" rangeGroup="Avg. Page Time" showOnGraph="true" isSelected="false" counterMetadata="WebTestInsertDeleteCase01;情節1;http://10.11.36.114:8007/Util/WcfCascadingHelper.svc/Util_GetUser----{POST}">
                  <CounterDescriptor machineName="ANSONHUANG" categoryName="LoadTest:Page" counterName="Avg. Page Time" instanceName="Util_GetUser{POST}(047)" baseInstanceName="Util_GetUser{POST}" loadTestItemId="47" />
                </PlotDescriptor>
                <PlotDescriptor colorArgb="-10496" lineStyle="0" fixedRange="2" rangeGroup="Avg. Page Time" showOnGraph="true" isSelected="false" counterMetadata="WebTestUpdateCase01;情節1;http://10.11.36.114:8007/OverTime/OvertimePreOrder.aspx----{GET}">
                  <CounterDescriptor machineName="ANSONHUANG" categoryName="LoadTest:Page" counterName="Avg. Page Time" instanceName="OvertimePreOrder-aspx{GET}(062)" baseInstanceName="OvertimePreOrder-aspx{GET}" loadTestItemId="62" />
                </PlotDescriptor>
                <PlotDescriptor colorArgb="-16777216" lineStyle="0" fixedRange="2" rangeGroup="Avg. Page Time" showOnGraph="true" isSelected="false" counterMetadata="WebTestSelectCase02;情節1;http://10.11.36.114:8007/OverTime/OvertimePreOrder.aspx----{GET}">
                  <CounterDescriptor machineName="ANSONHUANG" categoryName="LoadTest:Page" counterName="Avg. Page Time" instanceName="OvertimePreOrder-aspx{GET}(069)" baseInstanceName="OvertimePreOrder-aspx{GET}" loadTestItemId="69" />
                </PlotDescriptor>
                <PlotDescriptor colorArgb="-65536" lineStyle="0" fixedRange="2" rangeGroup="Avg. Page Time" showOnGraph="true" isSelected="false" counterMetadata="WebTestSelectCase02;情節1;http://10.11.36.114:8007/OverTime/OvertimePreOrder.aspx----{POST}">
                  <CounterDescriptor machineName="ANSONHUANG" categoryName="LoadTest:Page" counterName="Avg. Page Time" instanceName="OvertimePreOrder-aspx{POST}(070)" baseInstanceName="OvertimePreOrder-aspx{POST}" loadTestItemId="70" />
                </PlotDescriptor>
                <PlotDescriptor colorArgb="-16744448" lineStyle="0" fixedRange="2" rangeGroup="Avg. Page Time" showOnGraph="true" isSelected="false" counterMetadata="WebTestUpdateCase01;情節1;http://10.11.36.114:8007/OverTime/OvertimePreOrder.aspx----{POST}">
                  <CounterDescriptor machineName="ANSONHUANG" categoryName="LoadTest:Page" counterName="Avg. Page Time" instanceName="OvertimePreOrder-aspx{POST}(071)" baseInstanceName="OvertimePreOrder-aspx{POST}" loadTestItemId="71" />
                </PlotDescriptor>
                <PlotDescriptor colorArgb="-16776961" lineStyle="0" fixedRange="2" rangeGroup="Avg. Page Time" showOnGraph="true" isSelected="false" counterMetadata="WebTestSelectCase01;情節1;http://10.11.36.114:8007/OverTime/OvertimePreOrder.aspx----{GET}">
                  <CounterDescriptor machineName="ANSONHUANG" categoryName="LoadTest:Page" counterName="Avg. Page Time" instanceName="OvertimePreOrder-aspx{GET}(078)" baseInstanceName="OvertimePreOrder-aspx{GET}" loadTestItemId="78" />
                </PlotDescriptor>
                <PlotDescriptor colorArgb="-8388480" lineStyle="0" fixedRange="2" rangeGroup="Avg. Page Time" showOnGraph="true" isSelected="false" counterMetadata="WebTestInsertDeleteCase01;情節1;http://10.11.36.114:8007/OverTime/OvertimePreOrder.aspx----{POST}">
                  <CounterDescriptor machineName="ANSONHUANG" categoryName="LoadTest:Page" counterName="Avg. Page Time" instanceName="OvertimePreOrder-aspx{POST}(080)" baseInstanceName="OvertimePreOrder-aspx{POST}" loadTestItemId="80" />
                </PlotDescriptor>
                <PlotDescriptor colorArgb="-23296" lineStyle="0" fixedRange="2" rangeGroup="Avg. Page Time" showOnGraph="true" isSelected="false" counterMetadata="WebTestUpdateCase02;情節1;http://10.11.36.114:8007/OverTime/OvertimePreOrder.aspx----{GET}">
                  <CounterDescriptor machineName="ANSONHUANG" categoryName="LoadTest:Page" counterName="Avg. Page Time" instanceName="OvertimePreOrder-aspx{GET}(088)" baseInstanceName="OvertimePreOrder-aspx{GET}" loadTestItemId="88" />
                </PlotDescriptor>
                <PlotDescriptor colorArgb="-16744320" lineStyle="0" fixedRange="2" rangeGroup="Avg. Page Time" showOnGraph="true" isSelected="false" counterMetadata="WebTestUpdateCase02;情節1;http://10.11.36.114:8007/OverTime/OvertimePreOrder.aspx----{POST}">
                  <CounterDescriptor machineName="ANSONHUANG" categoryName="LoadTest:Page" counterName="Avg. Page Time" instanceName="OvertimePreOrder-aspx{POST}(082)" baseInstanceName="OvertimePreOrder-aspx{POST}" loadTestItemId="82" />
                </PlotDescriptor>
                <PlotDescriptor colorArgb="-7667712" lineStyle="0" fixedRange="2" rangeGroup="Avg. Page Time" showOnGraph="true" isSelected="false" counterMetadata="WebTestUpdateCase02;情節1;http://10.11.36.114:8007/OverTime/OvertimePreOrder_Modify.aspx----{POST}">
                  <CounterDescriptor machineName="ANSONHUANG" categoryName="LoadTest:Page" counterName="Avg. Page Time" instanceName="OvertimePreOrder_Modify-aspx{POST}(091)" baseInstanceName="OvertimePreOrder_Modify-aspx{POST}" loadTestItemId="91" />
                </PlotDescriptor>
                <PlotDescriptor colorArgb="-16751616" lineStyle="0" fixedRange="2" rangeGroup="Avg. Page Time" showOnGraph="true" isSelected="false" counterMetadata="WebTestUpdateCase01;情節1;http://10.11.36.114:8007/OverTime/OvertimePreOrder_Modify.aspx----{POST}">
                  <CounterDescriptor machineName="ANSONHUANG" categoryName="LoadTest:Page" counterName="Avg. Page Time" instanceName="OvertimePreOrder_Modify-aspx{POST}(092)" baseInstanceName="OvertimePreOrder_Modify-aspx{POST}" loadTestItemId="92" />
                </PlotDescriptor>
                <PlotDescriptor colorArgb="-16777077" lineStyle="0" fixedRange="2" rangeGroup="Avg. Page Time" showOnGraph="true" isSelected="true" counterMetadata="WebTestSelectCase01;情節1;http://10.11.36.114:8007/OverTime/OvertimePreOrder.aspx----{POST}">
                  <CounterDescriptor machineName="ANSONHUANG" categoryName="LoadTest:Page" counterName="Avg. Page Time" instanceName="OvertimePreOrder-aspx{POST}(093)" baseInstanceName="OvertimePreOrder-aspx{POST}" loadTestItemId="93" />
                </PlotDescriptor>
              </PlotDescriptors>
            </GraphDescriptor>
          </GraphDescriptors>
        </LoadTestRunDescriptor>
      </AnalyzerViewState>
      <Summary>
        <PerformanceCounterResults>
          <PerformanceCounterResult isOverallResultCounter="true" higherIsBetter="true" machineName="ANSONHUANG" categoryName="LoadTest:Scenario" counterName="User Load" instanceName="_Total" value="250" />
          <PerformanceCounterResult isOverallResultCounter="true" higherIsBetter="true" machineName="ANSONHUANG" categoryName="LoadTest:Test" counterName="Total Tests" instanceName="_Total" value="248" />
          <PerformanceCounterResult isOverallResultCounter="true" higherIsBetter="false" machineName="ANSONHUANG" categoryName="LoadTest:Test" counterName="Failed Tests" instanceName="_Total" value="99" />
          <PerformanceCounterResult isOverallResultCounter="true" higherIsBetter="true" machineName="ANSONHUANG" categoryName="LoadTest:Test" counterName="Tests/Sec" instanceName="_Total" value="0.826666653" />
          <PerformanceCounterResult isOverallResultCounter="true" higherIsBetter="false" machineName="ANSONHUANG" categoryName="LoadTest:Test" counterName="Avg. Test Time" instanceName="_Total" value="144.469925" />
          <PerformanceCounterResult isOverallResultCounter="true" higherIsBetter="true" machineName="ANSONHUANG" categoryName="LoadTest:Request" counterName="Total Requests" instanceName="_Total" value="28109" />
          <PerformanceCounterResult isOverallResultCounter="true" higherIsBetter="false" machineName="ANSONHUANG" categoryName="LoadTest:Request" counterName="Failed Requests" instanceName="_Total" value="351" />
          <PerformanceCounterResult isOverallResultCounter="true" higherIsBetter="true" machineName="ANSONHUANG" categoryName="LoadTest:Request" counterName="Cached Requests" instanceName="_Total" value="30107" />
          <PerformanceCounterResult isOverallResultCounter="true" higherIsBetter="true" machineName="ANSONHUANG" categoryName="LoadTest:Request" counterName="Requests/Sec" instanceName="_Total" value="93.69666" />
          <PerformanceCounterResult isOverallResultCounter="true" higherIsBetter="false" machineName="ANSONHUANG" categoryName="LoadTest:Request" counterName="Avg. Response Time" instanceName="_Total" value="0.01299647" />
          <PerformanceCounterResult isOverallResultCounter="false" higherIsBetter="false" machineName="ANSONHUANG" categoryName="Processor" counterName="% Processor Time" instanceName="_Total" value="13.3498344" />
          <PerformanceCounterResult isOverallResultCounter="false" higherIsBetter="true" machineName="ANSONHUANG" categoryName="Memory" counterName="Available MBytes" instanceName="-" value="2280" />
          <PerformanceCounterResult isOverallResultCounter="false" higherIsBetter="false" machineName="ANSONHUANG" categoryName="Network Interface" counterName="Bytes Received/sec" instanceName="isatap.{ae7a01d2-99d3-45b8-8e09-eb10a5dae02c}" value="0" />
          <PerformanceCounterResult isOverallResultCounter="false" higherIsBetter="false" machineName="ANSONHUANG" categoryName="Network Interface" counterName="Bytes Received/sec" instanceName="teredo tunneling pseudo-interface" value="0" />
          <PerformanceCounterResult isOverallResultCounter="false" higherIsBetter="false" machineName="ANSONHUANG" categoryName="Network Interface" counterName="Bytes Received/sec" instanceName="isatap.{e3b6476c-2810-43f9-88ed-cf2b6367dad5}" value="0" />
          <PerformanceCounterResult isOverallResultCounter="false" higherIsBetter="false" machineName="ANSONHUANG" categoryName="Network Interface" counterName="Bytes Received/sec" instanceName="isatap.{534cff5c-f4f2-4ea7-bdc9-d530942170c9}" value="0" />
          <PerformanceCounterResult isOverallResultCounter="false" higherIsBetter="false" machineName="ANSONHUANG" categoryName="Network Interface" counterName="Bytes Received/sec" instanceName="intel[r] pro_1000 mt network connection" value="1013756.19" />
          <PerformanceCounterResult isOverallResultCounter="false" higherIsBetter="false" machineName="ANSONHUANG" categoryName="Network Interface" counterName="Bytes Sent/sec" instanceName="isatap.{ae7a01d2-99d3-45b8-8e09-eb10a5dae02c}" value="0" />
          <PerformanceCounterResult isOverallResultCounter="false" higherIsBetter="false" machineName="ANSONHUANG" categoryName="Network Interface" counterName="Bytes Sent/sec" instanceName="teredo tunneling pseudo-interface" value="0" />
          <PerformanceCounterResult isOverallResultCounter="false" higherIsBetter="false" machineName="ANSONHUANG" categoryName="Network Interface" counterName="Bytes Sent/sec" instanceName="isatap.{e3b6476c-2810-43f9-88ed-cf2b6367dad5}" value="0" />
          <PerformanceCounterResult isOverallResultCounter="false" higherIsBetter="false" machineName="ANSONHUANG" categoryName="Network Interface" counterName="Bytes Sent/sec" instanceName="isatap.{534cff5c-f4f2-4ea7-bdc9-d530942170c9}" value="0" />
          <PerformanceCounterResult isOverallResultCounter="false" higherIsBetter="false" machineName="ANSONHUANG" categoryName="Network Interface" counterName="Bytes Sent/sec" instanceName="intel[r] pro_1000 mt network connection" value="122709.469" />
        </PerformanceCounterResults>
        <PageSummaries>
          <PageSummary scenarioName="情節1" testName="WebTestUpdateCase02" url="hrlogin.aspx{GET}" pageCount="94" responseTime="193" />
          <PageSummary scenarioName="情節1" testName="WebTestUpdateCase02" url="hrlogin.aspx{POST}" pageCount="94" responseTime="71" />
          <PageSummary scenarioName="情節1" testName="WebTestSelectCase01" url="hrlogin.aspx{GET}" pageCount="149" responseTime="223" />
          <PageSummary scenarioName="情節1" testName="WebTestSelectCase01" url="hrlogin.aspx{POST}" pageCount="149" responseTime="64" />
          <PageSummary scenarioName="情節1" testName="WebTestSelectCase02" url="hrlogin.aspx{GET}" pageCount="136" responseTime="223" />
          <PageSummary scenarioName="情節1" testName="WebTestSelectCase02" url="hrlogin.aspx{POST}" pageCount="136" responseTime="71" />
          <PageSummary scenarioName="情節1" testName="WebTestInsertDeleteCase01" url="hrlogin.aspx{GET}" pageCount="25" responseTime="322" />
          <PageSummary scenarioName="情節1" testName="WebTestInsertDeleteCase01" url="hrlogin.aspx{POST}" pageCount="25" responseTime="92" />
          <PageSummary scenarioName="情節1" testName="WebTestUpdateCase01" url="hrlogin.aspx{GET}" pageCount="94" responseTime="206" />
          <PageSummary scenarioName="情節1" testName="WebTestUpdateCase01" url="hrlogin.aspx{POST}" pageCount="94" responseTime="61" />
          <PageSummary scenarioName="情節1" testName="WebTestInsertDeleteCase01" url="OvertimePreOrder_Add.aspx{GET}" pageCount="24" responseTime="174" />
          <PageSummary scenarioName="情節1" testName="WebTestInsertDeleteCase01" url="OvertimePreOrder_Add.aspx{POST}" pageCount="165" responseTime="151" />
          <PageSummary scenarioName="情節1" testName="WebTestInsertDeleteCase01" url="Util_GetUser{POST}" pageCount="600" responseTime="11" />
          <PageSummary scenarioName="情節1" testName="WebTestUpdateCase01" url="OvertimePreOrder.aspx{GET}" pageCount="92" responseTime="112" />
          <PageSummary scenarioName="情節1" testName="WebTestSelectCase02" url="OvertimePreOrder.aspx{GET}" pageCount="129" responseTime="96" />
          <PageSummary scenarioName="情節1" testName="WebTestSelectCase02" url="OvertimePreOrder.aspx{POST}" pageCount="351" responseTime="0" />
          <PageSummary scenarioName="情節1" testName="WebTestUpdateCase01" url="OvertimePreOrder.aspx{POST}" pageCount="222" responseTime="82" />
          <PageSummary scenarioName="情節1" testName="WebTestSelectCase01" url="OvertimePreOrder.aspx{GET}" pageCount="123" responseTime="108" />
          <PageSummary scenarioName="情節1" testName="WebTestInsertDeleteCase01" url="OvertimePreOrder.aspx{POST}" pageCount="76" responseTime="59" />
          <PageSummary scenarioName="情節1" testName="WebTestUpdateCase02" url="OvertimePreOrder.aspx{GET}" pageCount="57" responseTime="115" />
          <PageSummary scenarioName="情節1" testName="WebTestUpdateCase02" url="OvertimePreOrder.aspx{POST}" pageCount="160" responseTime="62" />
          <PageSummary scenarioName="情節1" testName="WebTestUpdateCase02" url="OvertimePreOrder_Modify.aspx{POST}" pageCount="144" responseTime="89" />
          <PageSummary scenarioName="情節1" testName="WebTestUpdateCase01" url="OvertimePreOrder_Modify.aspx{POST}" pageCount="185" responseTime="73" />
          <PageSummary scenarioName="情節1" testName="WebTestSelectCase01" url="OvertimePreOrder.aspx{POST}" pageCount="138" responseTime="71" />
        </PageSummaries>
        <TestSummaries>
          <TestSummary scenarioName="情節1" testName="WebTestUpdateCase02" totalTests="46" testsFailed="0" averageDuration="135453" />
          <TestSummary scenarioName="情節1" testName="WebTestSelectCase01" totalTests="25" testsFailed="0" averageDuration="247814" />
          <TestSummary scenarioName="情節1" testName="WebTestSelectCase02" totalTests="99" testsFailed="99" averageDuration="109796" />
          <TestSummary scenarioName="情節1" testName="WebTestInsertDeleteCase01" totalTests="18" testsFailed="0" averageDuration="134123" />
          <TestSummary scenarioName="情節1" testName="WebTestUpdateCase01" totalTests="60" testsFailed="0" averageDuration="168637" />
        </TestSummaries>
      </Summary>
    </LoadTestResult>
  </Results>
</TestRun>