<?xml version="1.0" encoding="UTF-8"?>
<TestRun id="d7dbfbf4-052d-46ce-b07d-3f7b8fadc771" name="YSHuang@ANSONHUANG 2017-05-17 11:29:08" runUser="AnsonHuang\YSHuang" xmlns="http://microsoft.com/schemas/VisualStudio/TeamTest/2010">
  <TestSettings name="本機" id="f0316326-3a07-479d-8058-64131c18b509">
    <Description>這些是本機測試回合的預設測試設定。</Description>
    <Execution>
      <TestTypeSpecific />
      <AgentRule name="Execution Agents">
      </AgentRule>
    </Execution>
    <Deployment runDeploymentRoot="YSHuang_ANSONHUANG 2017-05-17 11_29_08" />
  </TestSettings>
  <Times creation="2017-05-17T11:29:08.4674258+08:00" queuing="2017-05-17T11:29:12.2004258+08:00" start="2017-05-17T11:29:12.3049258+08:00" finish="2017-05-17T11:29:28.0409258+08:00" />
  <ResultSummary outcome="Completed">
    <Counters total="1" executed="1" passed="1" error="0" failed="0" timeout="0" aborted="0" inconclusive="0" passedButRunAborted="0" notRunnable="0" notExecuted="0" disconnected="0" warning="0" completed="0" inProgress="0" pending="0" />
  </ResultSummary>
  <TestDefinitions>
    <WebTest name="WebTestInsertDeleteCase01" storage="d:\git\attendant\loadtesting\loadtesting\webtestinsertdeletecase01.webtest" id="5bb2bc9f-0fc4-499f-9eb4-d5c514a4ffa9" persistedWebTest="77u/PD94bWwgdmVyc2lvbj0iMS4wIiBlbmNvZGluZz0iVVRGLTgiIHN0YW5kYWxvbmU9InllcyI/Pg0KPFdlYlRlc3QgTmFtZT0iV2ViVGVzdEluc2VydERlbGV0ZUNhc2UwMSIgSWQ9IjViYjJiYzlmLTBmYzQtNDk5Zi05ZWI0LWQ1YzUxNGE0ZmZhOSIgT3duZXI9IiIgUHJpb3JpdHk9IjIxNDc0ODM2NDciIEVuYWJsZWQ9IlRydWUiIENzc1Byb2plY3RTdHJ1Y3R1cmU9IiIgQ3NzSXRlcmF0aW9uPSIiIFRpbWVvdXQ9IjAiIFdvcmtJdGVtSWRzPSIiIHhtbG5zPSJodHRwOi8vbWljcm9zb2Z0LmNvbS9zY2hlbWFzL1Zpc3VhbFN0dWRpby9UZWFtVGVzdC8yMDEwIiBEZXNjcmlwdGlvbj0iIiBDcmVkZW50aWFsVXNlck5hbWU9IiIgQ3JlZGVudGlhbFBhc3N3b3JkPSIiIFByZUF1dGhlbnRpY2F0ZT0iVHJ1ZSIgUHJveHk9ImRlZmF1bHQiIFN0b3BPbkVycm9yPSJGYWxzZSIgUmVjb3JkZWRSZXN1bHRGaWxlPSJXZWJUZXN0MS5jYTkxY2NhZi03ZTJlLTQ0MDUtOTQ4My1kNzliNzBmYzllZmUucmVjLndlYnRlc3RyZXN1bHQiIFJlc3VsdHNMb2NhbGU9IiI+DQogIDxJdGVtcz4NCiAgICA8UmVxdWVzdCBNZXRob2Q9IkdFVCIgR3VpZD0iOTAxZWIwZTItYjEwMy00MjA3LWFhOTktNGNkODUwZGFhN2U3IiBWZXJzaW9uPSIxLjEiIFVybD0iaHR0cDovLzEwLjExLjM2LjExNDo4MDA3L2hybG9naW4vaHJsb2dpbi5hc3B4IiBUaGlua1RpbWU9IjAiIFRpbWVvdXQ9IjMwMCIgUGFyc2VEZXBlbmRlbnRSZXF1ZXN0cz0iVHJ1ZSIgRm9sbG93UmVkaXJlY3RzPSJUcnVlIiBSZWNvcmRSZXN1bHQ9IlRydWUiIENhY2hlPSJGYWxzZSIgUmVzcG9uc2VUaW1lR29hbD0iMCIgRW5jb2Rpbmc9InV0Zi04IiBFeHBlY3RlZEh0dHBTdGF0dXNDb2RlPSIwIiBFeHBlY3RlZFJlc3BvbnNlVXJsPSIiIFJlcG9ydGluZ05hbWU9IiIgSWdub3JlSHR0cFN0YXR1c0NvZGU9IkZhbHNlIj4NCiAgICAgIDxFeHRyYWN0aW9uUnVsZXM+DQogICAgICAgIDxFeHRyYWN0aW9uUnVsZSBDbGFzc25hbWU9Ik1pY3Jvc29mdC5WaXN1YWxTdHVkaW8uVGVzdFRvb2xzLldlYlRlc3RpbmcuUnVsZXMuRXh0cmFjdEhpZGRlbkZpZWxkcywgTWljcm9zb2Z0LlZpc3VhbFN0dWRpby5RdWFsaXR5VG9vbHMuV2ViVGVzdEZyYW1ld29yaywgVmVyc2lvbj0xMC4wLjAuMCwgQ3VsdHVyZT1uZXV0cmFsLCBQdWJsaWNLZXlUb2tlbj1iMDNmNWY3ZjExZDUwYTNhIiBWYXJpYWJsZU5hbWU9IjEiIERpc3BsYXlOYW1lPSLmk7flj5bpmrHol4/mrITkvY0iIERlc2NyaXB0aW9uPSLmk7flj5blm57mh4nkuK3nmoTmiYDmnInpmrHol4/mrITkvY3vvIzkuKblsIflroPlgJHmlL7lnKjmuKzoqablhaflrrnkuK3jgIIiPg0KICAgICAgICAgIDxSdWxlUGFyYW1ldGVycz4NCiAgICAgICAgICAgIDxSdWxlUGFyYW1ldGVyIE5hbWU9IlJlcXVpcmVkIiBWYWx1ZT0iVHJ1ZSIgLz4NCiAgICAgICAgICAgIDxSdWxlUGFyYW1ldGVyIE5hbWU9Ikh0bWxEZWNvZGUiIFZhbHVlPSJUcnVlIiAvPg0KICAgICAgICAgIDwvUnVsZVBhcmFtZXRlcnM+DQogICAgICAgIDwvRXh0cmFjdGlvblJ1bGU+DQogICAgICA8L0V4dHJhY3Rpb25SdWxlcz4NCiAgICAgIDxDb3JyZWxhdGlvbkV4dHJhY3Rpb25SdWxlcz4NCiAgICAgICAgPEV4dHJhY3Rpb25SdWxlIENsYXNzbmFtZT0iTWljcm9zb2Z0LlZpc3VhbFN0dWRpby5UZXN0VG9vbHMuV2ViVGVzdGluZy5SdWxlcy5FeHRyYWN0Rm9ybUZpZWxkLCBNaWNyb3NvZnQuVmlzdWFsU3R1ZGlvLlF1YWxpdHlUb29scy5XZWJUZXN0RnJhbWV3b3JrLCBWZXJzaW9uPTEwLjAuMC4wLCBDdWx0dXJlPW5ldXRyYWwsIFB1YmxpY0tleVRva2VuPWIwM2Y1ZjdmMTFkNTBhM2EiIFZhcmlhYmxlTmFtZT0iRm9ybVBvc3RQYXJhbTEyNS5idG5FeGVjdXRlIiBEaXNwbGF5TmFtZT0iIiBEZXNjcmlwdGlvbj0iIj4NCiAgICAgICAgICA8UnVsZVBhcmFtZXRlcnM+DQogICAgICAgICAgICA8UnVsZVBhcmFtZXRlciBOYW1lPSJOYW1lIiBWYWx1ZT0iYnRuRXhlY3V0ZSIgLz4NCiAgICAgICAgICAgIDxSdWxlUGFyYW1ldGVyIE5hbWU9Ikh0bWxEZWNvZGUiIFZhbHVlPSJUcnVlIiAvPg0KICAgICAgICAgICAgPFJ1bGVQYXJhbWV0ZXIgTmFtZT0iUmVxdWlyZWQiIFZhbHVlPSJGYWxzZSIgLz4NCiAgICAgICAgICAgIDxSdWxlUGFyYW1ldGVyIE5hbWU9IkluZGV4IiBWYWx1ZT0iMCIgLz4NCiAgICAgICAgICA8L1J1bGVQYXJhbWV0ZXJzPg0KICAgICAgICA8L0V4dHJhY3Rpb25SdWxlPg0KICAgICAgICA8RXh0cmFjdGlvblJ1bGUgQ2xhc3NuYW1lPSJNaWNyb3NvZnQuVmlzdWFsU3R1ZGlvLlRlc3RUb29scy5XZWJUZXN0aW5nLlJ1bGVzLkV4dHJhY3RUZXh0LCBNaWNyb3NvZnQuVmlzdWFsU3R1ZGlvLlF1YWxpdHlUb29scy5XZWJUZXN0RnJhbWV3b3JrLCBWZXJzaW9uPTEwLjAuMC4wLCBDdWx0dXJlPW5ldXRyYWwsIFB1YmxpY0tleVRva2VuPWIwM2Y1ZjdmMTFkNTBhM2EiIFZhcmlhYmxlTmFtZT0iRm9ybVBvc3RQYXJhbTEyNi5kZGxVSUN1bHR1cmUiIERpc3BsYXlOYW1lPSIiIERlc2NyaXB0aW9uPSIiPg0KICAgICAgICAgIDxSdWxlUGFyYW1ldGVycz4NCiAgICAgICAgICAgIDxSdWxlUGFyYW1ldGVyIE5hbWU9IlN0YXJ0c1dpdGgiIFZhbHVlPSJsdWU9JnF1b3Q7IiAvPg0KICAgICAgICAgICAgPFJ1bGVQYXJhbWV0ZXIgTmFtZT0iRW5kc1dpdGgiIFZhbHVlPSImcXVvdDsmZ3Q75q2j6auU5LitIiAvPg0KICAgICAgICAgICAgPFJ1bGVQYXJhbWV0ZXIgTmFtZT0iSW5kZXgiIFZhbHVlPSI4IiAvPg0KICAgICAgICAgICAgPFJ1bGVQYXJhbWV0ZXIgTmFtZT0iSWdub3JlQ2FzZSIgVmFsdWU9IkZhbHNlIiAvPg0KICAgICAgICAgICAgPFJ1bGVQYXJhbWV0ZXIgTmFtZT0iVXNlUmVndWxhckV4cHJlc3Npb24iIFZhbHVlPSJGYWxzZSIgLz4NCiAgICAgICAgICAgIDxSdWxlUGFyYW1ldGVyIE5hbWU9Ikh0bWxEZWNvZGUiIFZhbHVlPSJUcnVlIiAvPg0KICAgICAgICAgICAgPFJ1bGVQYXJhbWV0ZXIgTmFtZT0iUmVxdWlyZWQiIFZhbHVlPSJGYWxzZSIgLz4NCiAgICAgICAgICA8L1J1bGVQYXJhbWV0ZXJzPg0KICAgICAgICA8L0V4dHJhY3Rpb25SdWxlPg0KICAgICAgPC9Db3JyZWxhdGlvbkV4dHJhY3Rpb25SdWxlcz4NCiAgICA8L1JlcXVlc3Q+DQogICAgPFJlcXVlc3QgTWV0aG9kPSJQT1NUIiBHdWlkPSJmMWY4OGRlMy00N2MyLTQ2NTMtOWQwZC0zNTJlMmIwZmM0YTUiIFZlcnNpb249IjEuMSIgVXJsPSJodHRwOi8vMTAuMTEuMzYuMTE0OjgwMDcvaHJsb2dpbi9ocmxvZ2luLmFzcHgiIFRoaW5rVGltZT0iMjYiIFRpbWVvdXQ9IjMwMCIgUGFyc2VEZXBlbmRlbnRSZXF1ZXN0cz0iVHJ1ZSIgRm9sbG93UmVkaXJlY3RzPSJUcnVlIiBSZWNvcmRSZXN1bHQ9IlRydWUiIENhY2hlPSJGYWxzZSIgUmVzcG9uc2VUaW1lR29hbD0iMCIgRW5jb2Rpbmc9InV0Zi04IiBFeHBlY3RlZEh0dHBTdGF0dXNDb2RlPSIwIiBFeHBlY3RlZFJlc3BvbnNlVXJsPSIiIFJlcG9ydGluZ05hbWU9IiIgSWdub3JlSHR0cFN0YXR1c0NvZGU9IkZhbHNlIj4NCiAgICAgIDxGb3JtUG9zdEh0dHBCb2R5Pg0KICAgICAgICA8Rm9ybVBvc3RQYXJhbWV0ZXIgTmFtZT0iX19MQVNURk9DVVMiIFZhbHVlPSJ7eyRISURERU4xLl9fTEFTVEZPQ1VTfX0iIFJlY29yZGVkVmFsdWU9IiIgQ29ycmVsYXRpb25CaW5kaW5nPSIiIFVybEVuY29kZT0iVHJ1ZSIgLz4NCiAgICAgICAgPEZvcm1Qb3N0UGFyYW1ldGVyIE5hbWU9Il9fRVZFTlRUQVJHRVQiIFZhbHVlPSJ7eyRISURERU4xLl9fRVZFTlRUQVJHRVR9fSIgUmVjb3JkZWRWYWx1ZT0iIiBDb3JyZWxhdGlvbkJpbmRpbmc9IiIgVXJsRW5jb2RlPSJUcnVlIiAvPg0KICAgICAgICA8Rm9ybVBvc3RQYXJhbWV0ZXIgTmFtZT0iX19FVkVOVEFSR1VNRU5UIiBWYWx1ZT0ie3skSElEREVOMS5fX0VWRU5UQVJHVU1FTlR9fSIgUmVjb3JkZWRWYWx1ZT0iIiBDb3JyZWxhdGlvbkJpbmRpbmc9IiIgVXJsRW5jb2RlPSJUcnVlIiAvPg0KICAgICAgICA8Rm9ybVBvc3RQYXJhbWV0ZXIgTmFtZT0iX19WSUVXU1RBVEUiIFZhbHVlPSJ7eyRISURERU4xLl9fVklFV1NUQVRFfX0iIFJlY29yZGVkVmFsdWU9Ii93RVBEd1VLTFRRMU5ETTFNVEEwTWc5a0ZnSUNBdzlrRmdRQ0FROFdBaDRIVm1semFXSnNaV2NXQkFJQkR3OFdIaDRLWDAxaGVFeGxibWQwYUdZZUVsOUpjMEYxZEc5VWIxVndjR1Z5UTJGelpXZ2VERjlKYzBGamRHbDJaVWxOUldjZUMxOUpjMUJoYzNOM2IzSmthQjRPWDFSbGVIUlRhR2xtZEV0cGJtUUxLWDlUYVc1dlVHRmpMbGRsWWtWNGNISmxjM011UTI5dGJXOXVMbFYwYVd3clZHVjRkRk5vYVdaMFMybHVaQ3dnVTJsdWIxQmhZeTVYWldKRmVIQnlaWE56TGtOdmJXMXZiaXdnVm1WeWMybHZiajAzTGpNdU16RXVNU3dnUTNWc2RIVnlaVDF1WlhWMGNtRnNMQ0JRZFdKc2FXTkxaWGxVYjJ0bGJqMXVkV3hzQUI0S1gxZGhkR1Z5VFdGeWEyVWVDRjlKYzBOc1pXRnlhQjRJWDFSdmIyeFVhWEJsSGd0ZlNYTlNaV0ZrVDI1c2VXZ2VDVjlEYzNORGJHRnpjMlVlRDE5SmMxZHBaSFJvUW5sUWFYaGxiR2NlRTE5SmMwUnBjM0JGYm5SbGNtVmtWMjl5WkhOb0hnWmZWMmxrZEdnQ1VCNElYMGx6Um05amRYTm5IZ2xmU1hOU1pXZEZlSEJvWkJZRUFnRVBaQllDQWdFUEVBOWtGZ0llQjI5dVkyeHBZMnNGdndGMllYSWdiMVpoYkdsa0lEMGdaRzlqZFcxbGJuUXVaMlYwUld4bGJXVnVkRUo1U1dRb0ozUjRkRlZ6WlhKSlJGOVNaWEYxYVhKbFpFWnBaV3hrVm1Gc2FXUmhkRzl5TVNjcE8xWmhiR2xrWVhSdmNrVnVZV0pzWlNodlZtRnNhV1FzZEdocGN5NWphR1ZqYTJWa0tUdFZkR2xzWDBOb2EwSnZlRlJ2WjJkc1pWWnBjMmxpYVd4cGRIa29KM1I0ZEZWelpYSkpSRjlqYUd0V2FYTnBZbWxzYVhSNUp5d2dKM1I0ZEZWelpYSkpSRjlrYVhaRVlYUmhRWEpsWVNjcE8yUmtaQUlERHhZQ0hnVnpkSGxzWlFVMlpteHZZWFE2YkdWbWREdGthWE53YkdGNU9tbHViR2x1WlMxaWJHOWphenR3WVdSa2FXNW5PakE3ZG1semFXSnBiR2wwZVRvN0ZnWUNBUThQRmdnZUNGSmxZV1JQYm14NWFCNEZWMmxrZEdnYkFBQUFBQUFBVkVBQkFBQUFIZ2hEYzNORGJHRnpjMlVlQkY4aFUwSUNnZ0lXQWg0SGIyNXJaWGwxY0FVT2RHaHBjeTUwYVhSc1pUMG5KenRrQWdNUER4WUVIeE1iQUFBQUFBQUFWRUFCQUFBQUh4VUNnQUprWkFJRkQyUVdBZ0lCRHc4V0FoNEVWR1Y0ZEFVWFcrV2twK1d2cSttT2x1V3VtbDNsdDdMbGxaL25sS2dXQWg4UkJaUUJjR0ZrWkdsdVp6b2dNbkI0SURFd2NIZ2dNbkI0SURFd2NIZzdJR052Ykc5eU9pTXdNREE3SUdKaFkydG5jbTkxYm1RNklDTkdSa1U0UVRZN0lHWnZiblF0ZDJWcFoyaDBPaUJpYjJ4a095QmliM0prWlhJNklERndlQ0J6YjJ4cFpDQmtZWEpyWjNKaGVUc2dkMmhwZEdVdGMzQmhZMlU2SUc1dmQzSmhjRHNnWW05eVpHVnlMWEpoWkdsMWN6b2dNM0I0TzJRQ0F3OFFEeFlHSGc1RVlYUmhWbUZzZFdWR2FXVnNaQVVEUzJWNUhnMUVZWFJoVkdWNGRFWnBaV3hrQlFWV1lXeDFaUjRMWHlGRVlYUmhRbTkxYm1SblpCQVZCQWRGYm1kc2FYTm9ET2V1Z09TOWsrUzRyZWFXaHd6bXJhUHBxNVRrdUszbWxvY001NjZBNUwyVDVyR0o2Syt0RlFRQ1pXNEdlbWd0UTBoVEJucG9MVU5JVkFkNmFDMUlZVzV6RkNzREJHZG5aMmRrWkFJRER3OFdBaDhYWldSa1pDY1ZSWVhUaDlqQ0NNd1NjdzRuUnVWMDltLzkiIENvcnJlbGF0aW9uQmluZGluZz0iIiBVcmxFbmNvZGU9IlRydWUiIC8+DQogICAgICAgIDxGb3JtUG9zdFBhcmFtZXRlciBOYW1lPSJfX1ZJRVdTVEFURUdFTkVSQVRPUiIgVmFsdWU9Int7JEhJRERFTjEuX19WSUVXU1RBVEVHRU5FUkFUT1J9fSIgUmVjb3JkZWRWYWx1ZT0iNUJCMEYyOTAiIENvcnJlbGF0aW9uQmluZGluZz0iIiBVcmxFbmNvZGU9IlRydWUiIC8+DQogICAgICAgIDxGb3JtUG9zdFBhcmFtZXRlciBOYW1lPSJfX0VWRU5UVkFMSURBVElPTiIgVmFsdWU9Int7JEhJRERFTjEuX19FVkVOVFZBTElEQVRJT059fSIgUmVjb3JkZWRWYWx1ZT0iL3dFZEFBalp6Z2VkSzdXSG51S0EybytzVlJBVFpoVHFvMnlkcmNBdlZYaFZYMEtGS1lJRmZSUlpoWHN4VXk0M3FmbVZnUCtMUmJxWEFyNHBYUkF4NUxnUFBGamdlQ1BGY241YVBNWWhCNmdlbDBvL2JsM0ZRL3FuUVcydUZvWlBuaHdySjFkZ3pDa3BxY1hIb0xXUitmYzh4SDNZUnJQcEd6ckQrWkcwV2s0WXJuMzVGdmtlZi90WlJnN0djRk4zN05nS0c2VVdOUGdlIiBDb3JyZWxhdGlvbkJpbmRpbmc9IiIgVXJsRW5jb2RlPSJUcnVlIiAvPg0KICAgICAgICA8Rm9ybVBvc3RQYXJhbWV0ZXIgTmFtZT0idHh0VXNlcklEJHR4dERhdGEiIFZhbHVlPSIxMDIxMTkiIFJlY29yZGVkVmFsdWU9IjEwMjExOSIgQ29ycmVsYXRpb25CaW5kaW5nPSIiIFVybEVuY29kZT0iVHJ1ZSIgLz4NCiAgICAgICAgPEZvcm1Qb3N0UGFyYW1ldGVyIE5hbWU9ImRkbFVJQ3VsdHVyZSIgVmFsdWU9InpoLUNIVCIgUmVjb3JkZWRWYWx1ZT0iemgtQ0hUIiBDb3JyZWxhdGlvbkJpbmRpbmc9Int7Rm9ybVBvc3RQYXJhbTEyNi5kZGxVSUN1bHR1cmV9fSIgVXJsRW5jb2RlPSJUcnVlIiAvPg0KICAgICAgICA8Rm9ybVBvc3RQYXJhbWV0ZXIgTmFtZT0iYnRuRXhlY3V0ZSIgVmFsdWU9IkxvY2FsIExvZ2luIiBSZWNvcmRlZFZhbHVlPSJMb2NhbCBMb2dpbiIgQ29ycmVsYXRpb25CaW5kaW5nPSJ7e0Zvcm1Qb3N0UGFyYW0xMjUuYnRuRXhlY3V0ZX19IiBVcmxFbmNvZGU9IlRydWUiIC8+DQogICAgICA8L0Zvcm1Qb3N0SHR0cEJvZHk+DQogICAgPC9SZXF1ZXN0Pg0KICAgIDxSZXF1ZXN0IE1ldGhvZD0iR0VUIiBHdWlkPSI5MGVhYzEzMy05NmMzLTQ3OTAtYTg5Yy03OTI0NzFmOWRhMjAiIFZlcnNpb249IjEuMSIgVXJsPSJodHRwOi8vMTAuMTEuMzYuMTE0OjgwMDcvT3ZlclRpbWUvT3ZlcnRpbWVQcmVPcmRlcl9BZGQuYXNweCIgVGhpbmtUaW1lPSIwIiBUaW1lb3V0PSIzMDAiIFBhcnNlRGVwZW5kZW50UmVxdWVzdHM9IlRydWUiIEZvbGxvd1JlZGlyZWN0cz0iVHJ1ZSIgUmVjb3JkUmVzdWx0PSJUcnVlIiBDYWNoZT0iRmFsc2UiIFJlc3BvbnNlVGltZUdvYWw9IjAiIEVuY29kaW5nPSJ1dGYtOCIgRXhwZWN0ZWRIdHRwU3RhdHVzQ29kZT0iMCIgRXhwZWN0ZWRSZXNwb25zZVVybD0iIiBSZXBvcnRpbmdOYW1lPSIiIElnbm9yZUh0dHBTdGF0dXNDb2RlPSJGYWxzZSI+DQogICAgICA8RXh0cmFjdGlvblJ1bGVzPg0KICAgICAgICA8RXh0cmFjdGlvblJ1bGUgQ2xhc3NuYW1lPSJNaWNyb3NvZnQuVmlzdWFsU3R1ZGlvLlRlc3RUb29scy5XZWJUZXN0aW5nLlJ1bGVzLkV4dHJhY3RIaWRkZW5GaWVsZHMsIE1pY3Jvc29mdC5WaXN1YWxTdHVkaW8uUXVhbGl0eVRvb2xzLldlYlRlc3RGcmFtZXdvcmssIFZlcnNpb249MTAuMC4wLjAsIEN1bHR1cmU9bmV1dHJhbCwgUHVibGljS2V5VG9rZW49YjAzZjVmN2YxMWQ1MGEzYSIgVmFyaWFibGVOYW1lPSIxIiBEaXNwbGF5TmFtZT0i5pO35Y+W6Zqx6JeP5qyE5L2NIiBEZXNjcmlwdGlvbj0i5pO35Y+W5Zue5oeJ5Lit55qE5omA5pyJ6Zqx6JeP5qyE5L2N77yM5Lim5bCH5a6D5YCR5pS+5Zyo5ris6Kmm5YWn5a655Lit44CCIj4NCiAgICAgICAgICA8UnVsZVBhcmFtZXRlcnM+DQogICAgICAgICAgICA8UnVsZVBhcmFtZXRlciBOYW1lPSJSZXF1aXJlZCIgVmFsdWU9IlRydWUiIC8+DQogICAgICAgICAgICA8UnVsZVBhcmFtZXRlciBOYW1lPSJIdG1sRGVjb2RlIiBWYWx1ZT0iVHJ1ZSIgLz4NCiAgICAgICAgICA8L1J1bGVQYXJhbWV0ZXJzPg0KICAgICAgICA8L0V4dHJhY3Rpb25SdWxlPg0KICAgICAgPC9FeHRyYWN0aW9uUnVsZXM+DQogICAgICA8Q29ycmVsYXRpb25FeHRyYWN0aW9uUnVsZXM+DQogICAgICAgIDxFeHRyYWN0aW9uUnVsZSBDbGFzc25hbWU9Ik1pY3Jvc29mdC5WaXN1YWxTdHVkaW8uVGVzdFRvb2xzLldlYlRlc3RpbmcuUnVsZXMuRXh0cmFjdEZvcm1GaWVsZCwgTWljcm9zb2Z0LlZpc3VhbFN0dWRpby5RdWFsaXR5VG9vbHMuV2ViVGVzdEZyYW1ld29yaywgVmVyc2lvbj0xMC4wLjAuMCwgQ3VsdHVyZT1uZXV0cmFsLCBQdWJsaWNLZXlUb2tlbj1iMDNmNWY3ZjExZDUwYTNhIiBWYXJpYWJsZU5hbWU9IkZvcm1Qb3N0UGFyYW0xMDkuT1RFbXBJRCIgRGlzcGxheU5hbWU9IiIgRGVzY3JpcHRpb249IiI+DQogICAgICAgICAgPFJ1bGVQYXJhbWV0ZXJzPg0KICAgICAgICAgICAgPFJ1bGVQYXJhbWV0ZXIgTmFtZT0iTmFtZSIgVmFsdWU9InJidFNpbmdsZUVtcElEIiAvPg0KICAgICAgICAgICAgPFJ1bGVQYXJhbWV0ZXIgTmFtZT0iSHRtbERlY29kZSIgVmFsdWU9IlRydWUiIC8+DQogICAgICAgICAgICA8UnVsZVBhcmFtZXRlciBOYW1lPSJSZXF1aXJlZCIgVmFsdWU9IkZhbHNlIiAvPg0KICAgICAgICAgICAgPFJ1bGVQYXJhbWV0ZXIgTmFtZT0iSW5kZXgiIFZhbHVlPSIwIiAvPg0KICAgICAgICAgIDwvUnVsZVBhcmFtZXRlcnM+DQogICAgICAgIDwvRXh0cmFjdGlvblJ1bGU+DQogICAgICAgIDxFeHRyYWN0aW9uUnVsZSBDbGFzc25hbWU9Ik1pY3Jvc29mdC5WaXN1YWxTdHVkaW8uVGVzdFRvb2xzLldlYlRlc3RpbmcuUnVsZXMuRXh0cmFjdEZvcm1GaWVsZCwgTWljcm9zb2Z0LlZpc3VhbFN0dWRpby5RdWFsaXR5VG9vbHMuV2ViVGVzdEZyYW1ld29yaywgVmVyc2lvbj0xMC4wLjAuMCwgQ3VsdHVyZT1uZXV0cmFsLCBQdWJsaWNLZXlUb2tlbj1iMDNmNWY3ZjExZDUwYTNhIiBWYXJpYWJsZU5hbWU9IkZvcm1Qb3N0UGFyYW0xMTAudHh0T1RFbXBJRCIgRGlzcGxheU5hbWU9IiIgRGVzY3JpcHRpb249IiI+DQogICAgICAgICAgPFJ1bGVQYXJhbWV0ZXJzPg0KICAgICAgICAgICAgPFJ1bGVQYXJhbWV0ZXIgTmFtZT0iTmFtZSIgVmFsdWU9InR4dE9URW1wSUQiIC8+DQogICAgICAgICAgICA8UnVsZVBhcmFtZXRlciBOYW1lPSJIdG1sRGVjb2RlIiBWYWx1ZT0iVHJ1ZSIgLz4NCiAgICAgICAgICAgIDxSdWxlUGFyYW1ldGVyIE5hbWU9IlJlcXVpcmVkIiBWYWx1ZT0iRmFsc2UiIC8+DQogICAgICAgICAgICA8UnVsZVBhcmFtZXRlciBOYW1lPSJJbmRleCIgVmFsdWU9IjAiIC8+DQogICAgICAgICAgPC9SdWxlUGFyYW1ldGVycz4NCiAgICAgICAgPC9FeHRyYWN0aW9uUnVsZT4NCiAgICAgICAgPEV4dHJhY3Rpb25SdWxlIENsYXNzbmFtZT0iTWljcm9zb2Z0LlZpc3VhbFN0dWRpby5UZXN0VG9vbHMuV2ViVGVzdGluZy5SdWxlcy5FeHRyYWN0Rm9ybUZpZWxkLCBNaWNyb3NvZnQuVmlzdWFsU3R1ZGlvLlF1YWxpdHlUb29scy5XZWJUZXN0RnJhbWV3b3JrLCBWZXJzaW9uPTEwLjAuMC4wLCBDdWx0dXJlPW5ldXRyYWwsIFB1YmxpY0tleVRva2VuPWIwM2Y1ZjdmMTFkNTBhM2EiIFZhcmlhYmxlTmFtZT0iRm9ybVBvc3RQYXJhbTExMS50eHRPVEVtcE5hbWUiIERpc3BsYXlOYW1lPSIiIERlc2NyaXB0aW9uPSIiPg0KICAgICAgICAgIDxSdWxlUGFyYW1ldGVycz4NCiAgICAgICAgICAgIDxSdWxlUGFyYW1ldGVyIE5hbWU9Ik5hbWUiIFZhbHVlPSJ0eHRPVEVtcE5hbWUiIC8+DQogICAgICAgICAgICA8UnVsZVBhcmFtZXRlciBOYW1lPSJIdG1sRGVjb2RlIiBWYWx1ZT0iVHJ1ZSIgLz4NCiAgICAgICAgICAgIDxSdWxlUGFyYW1ldGVyIE5hbWU9IlJlcXVpcmVkIiBWYWx1ZT0iRmFsc2UiIC8+DQogICAgICAgICAgICA8UnVsZVBhcmFtZXRlciBOYW1lPSJJbmRleCIgVmFsdWU9IjAiIC8+DQogICAgICAgICAgPC9SdWxlUGFyYW1ldGVycz4NCiAgICAgICAgPC9FeHRyYWN0aW9uUnVsZT4NCiAgICAgICAgPEV4dHJhY3Rpb25SdWxlIENsYXNzbmFtZT0iTWljcm9zb2Z0LlZpc3VhbFN0dWRpby5UZXN0VG9vbHMuV2ViVGVzdGluZy5SdWxlcy5FeHRyYWN0Rm9ybUZpZWxkLCBNaWNyb3NvZnQuVmlzdWFsU3R1ZGlvLlF1YWxpdHlUb29scy5XZWJUZXN0RnJhbWV3b3JrLCBWZXJzaW9uPTEwLjAuMC4wLCBDdWx0dXJlPW5ldXRyYWwsIFB1YmxpY0tleVRva2VuPWIwM2Y1ZjdmMTFkNTBhM2EiIFZhcmlhYmxlTmFtZT0iRm9ybVBvc3RQYXJhbTExMi51Y0RhdGVTdGFydCR0eHREYXRlIiBEaXNwbGF5TmFtZT0iIiBEZXNjcmlwdGlvbj0iIj4NCiAgICAgICAgICA8UnVsZVBhcmFtZXRlcnM+DQogICAgICAgICAgICA8UnVsZVBhcmFtZXRlciBOYW1lPSJOYW1lIiBWYWx1ZT0idWNEYXRlU3RhcnRfdHh0RGF0ZSIgLz4NCiAgICAgICAgICAgIDxSdWxlUGFyYW1ldGVyIE5hbWU9Ikh0bWxEZWNvZGUiIFZhbHVlPSJUcnVlIiAvPg0KICAgICAgICAgICAgPFJ1bGVQYXJhbWV0ZXIgTmFtZT0iUmVxdWlyZWQiIFZhbHVlPSJGYWxzZSIgLz4NCiAgICAgICAgICAgIDxSdWxlUGFyYW1ldGVyIE5hbWU9IkluZGV4IiBWYWx1ZT0iMCIgLz4NCiAgICAgICAgICA8L1J1bGVQYXJhbWV0ZXJzPg0KICAgICAgICA8L0V4dHJhY3Rpb25SdWxlPg0KICAgICAgICA8RXh0cmFjdGlvblJ1bGUgQ2xhc3NuYW1lPSJNaWNyb3NvZnQuVmlzdWFsU3R1ZGlvLlRlc3RUb29scy5XZWJUZXN0aW5nLlJ1bGVzLkV4dHJhY3RGb3JtRmllbGQsIE1pY3Jvc29mdC5WaXN1YWxTdHVkaW8uUXVhbGl0eVRvb2xzLldlYlRlc3RGcmFtZXdvcmssIFZlcnNpb249MTAuMC4wLjAsIEN1bHR1cmU9bmV1dHJhbCwgUHVibGljS2V5VG9rZW49YjAzZjVmN2YxMWQ1MGEzYSIgVmFyaWFibGVOYW1lPSJGb3JtUG9zdFBhcmFtMTEzLnVjRGF0ZUVuZCR0eHREYXRlIiBEaXNwbGF5TmFtZT0iIiBEZXNjcmlwdGlvbj0iIj4NCiAgICAgICAgICA8UnVsZVBhcmFtZXRlcnM+DQogICAgICAgICAgICA8UnVsZVBhcmFtZXRlciBOYW1lPSJOYW1lIiBWYWx1ZT0idWNEYXRlRW5kX3R4dERhdGUiIC8+DQogICAgICAgICAgICA8UnVsZVBhcmFtZXRlciBOYW1lPSJIdG1sRGVjb2RlIiBWYWx1ZT0iVHJ1ZSIgLz4NCiAgICAgICAgICAgIDxSdWxlUGFyYW1ldGVyIE5hbWU9IlJlcXVpcmVkIiBWYWx1ZT0iRmFsc2UiIC8+DQogICAgICAgICAgICA8UnVsZVBhcmFtZXRlciBOYW1lPSJJbmRleCIgVmFsdWU9IjAiIC8+DQogICAgICAgICAgPC9SdWxlUGFyYW1ldGVycz4NCiAgICAgICAgPC9FeHRyYWN0aW9uUnVsZT4NCiAgICAgICAgPEV4dHJhY3Rpb25SdWxlIENsYXNzbmFtZT0iTWljcm9zb2Z0LlZpc3VhbFN0dWRpby5UZXN0VG9vbHMuV2ViVGVzdGluZy5SdWxlcy5FeHRyYWN0Rm9ybUZpZWxkLCBNaWNyb3NvZnQuVmlzdWFsU3R1ZGlvLlF1YWxpdHlUb29scy5XZWJUZXN0RnJhbWV3b3JrLCBWZXJzaW9uPTEwLjAuMC4wLCBDdWx0dXJlPW5ldXRyYWwsIFB1YmxpY0tleVRva2VuPWIwM2Y1ZjdmMTFkNTBhM2EiIFZhcmlhYmxlTmFtZT0iRm9ybVBvc3RQYXJhbTExNC50eHRNZWFsVGltZSIgRGlzcGxheU5hbWU9IiIgRGVzY3JpcHRpb249IiI+DQogICAgICAgICAgPFJ1bGVQYXJhbWV0ZXJzPg0KICAgICAgICAgICAgPFJ1bGVQYXJhbWV0ZXIgTmFtZT0iTmFtZSIgVmFsdWU9InR4dE1lYWxUaW1lIiAvPg0KICAgICAgICAgICAgPFJ1bGVQYXJhbWV0ZXIgTmFtZT0iSHRtbERlY29kZSIgVmFsdWU9IlRydWUiIC8+DQogICAgICAgICAgICA8UnVsZVBhcmFtZXRlciBOYW1lPSJSZXF1aXJlZCIgVmFsdWU9IkZhbHNlIiAvPg0KICAgICAgICAgICAgPFJ1bGVQYXJhbWV0ZXIgTmFtZT0iSW5kZXgiIFZhbHVlPSIwIiAvPg0KICAgICAgICAgIDwvUnVsZVBhcmFtZXRlcnM+DQogICAgICAgIDwvRXh0cmFjdGlvblJ1bGU+DQogICAgICAgIDxFeHRyYWN0aW9uUnVsZSBDbGFzc25hbWU9Ik1pY3Jvc29mdC5WaXN1YWxTdHVkaW8uVGVzdFRvb2xzLldlYlRlc3RpbmcuUnVsZXMuRXh0cmFjdFRleHQsIE1pY3Jvc29mdC5WaXN1YWxTdHVkaW8uUXVhbGl0eVRvb2xzLldlYlRlc3RGcmFtZXdvcmssIFZlcnNpb249MTAuMC4wLjAsIEN1bHR1cmU9bmV1dHJhbCwgUHVibGljS2V5VG9rZW49YjAzZjVmN2YxMWQ1MGEzYSIgVmFyaWFibGVOYW1lPSJGb3JtUG9zdFBhcmFtMTE1Ll9fRVZFTlRUQVJHRVQiIERpc3BsYXlOYW1lPSIiIERlc2NyaXB0aW9uPSIiPg0KICAgICAgICAgIDxSdWxlUGFyYW1ldGVycz4NCiAgICAgICAgICAgIDxSdWxlUGFyYW1ldGVyIE5hbWU9IlN0YXJ0c1dpdGgiIFZhbHVlPSJhbWU9JnF1b3Q7IiAvPg0KICAgICAgICAgICAgPFJ1bGVQYXJhbWV0ZXIgTmFtZT0iRW5kc1dpdGgiIFZhbHVlPSImcXVvdDsgb25jIiAvPg0KICAgICAgICAgICAgPFJ1bGVQYXJhbWV0ZXIgTmFtZT0iSW5kZXgiIFZhbHVlPSIzMSIgLz4NCiAgICAgICAgICAgIDxSdWxlUGFyYW1ldGVyIE5hbWU9Iklnbm9yZUNhc2UiIFZhbHVlPSJGYWxzZSIgLz4NCiAgICAgICAgICAgIDxSdWxlUGFyYW1ldGVyIE5hbWU9IlVzZVJlZ3VsYXJFeHByZXNzaW9uIiBWYWx1ZT0iRmFsc2UiIC8+DQogICAgICAgICAgICA8UnVsZVBhcmFtZXRlciBOYW1lPSJIdG1sRGVjb2RlIiBWYWx1ZT0iVHJ1ZSIgLz4NCiAgICAgICAgICAgIDxSdWxlUGFyYW1ldGVyIE5hbWU9IlJlcXVpcmVkIiBWYWx1ZT0iRmFsc2UiIC8+DQogICAgICAgICAgPC9SdWxlUGFyYW1ldGVycz4NCiAgICAgICAgPC9FeHRyYWN0aW9uUnVsZT4NCiAgICAgICAgPEV4dHJhY3Rpb25SdWxlIENsYXNzbmFtZT0iTWljcm9zb2Z0LlZpc3VhbFN0dWRpby5UZXN0VG9vbHMuV2ViVGVzdGluZy5SdWxlcy5FeHRyYWN0VGV4dCwgTWljcm9zb2Z0LlZpc3VhbFN0dWRpby5RdWFsaXR5VG9vbHMuV2ViVGVzdEZyYW1ld29yaywgVmVyc2lvbj0xMC4wLjAuMCwgQ3VsdHVyZT1uZXV0cmFsLCBQdWJsaWNLZXlUb2tlbj1iMDNmNWY3ZjExZDUwYTNhIiBWYXJpYWJsZU5hbWU9IkZvcm1Qb3N0UGFyYW0xMTYuT1RUaW1lU3RhcnQkZGRsSEgiIERpc3BsYXlOYW1lPSIiIERlc2NyaXB0aW9uPSIiPg0KICAgICAgICAgIDxSdWxlUGFyYW1ldGVycz4NCiAgICAgICAgICAgIDxSdWxlUGFyYW1ldGVyIE5hbWU9IlN0YXJ0c1dpdGgiIFZhbHVlPSJsdWU9JnF1b3Q7IiAvPg0KICAgICAgICAgICAgPFJ1bGVQYXJhbWV0ZXIgTmFtZT0iRW5kc1dpdGgiIFZhbHVlPSImcXVvdDsmZ3Q7MDAmbHQ7IiAvPg0KICAgICAgICAgICAgPFJ1bGVQYXJhbWV0ZXIgTmFtZT0iSW5kZXgiIFZhbHVlPSIzMCIgLz4NCiAgICAgICAgICAgIDxSdWxlUGFyYW1ldGVyIE5hbWU9Iklnbm9yZUNhc2UiIFZhbHVlPSJGYWxzZSIgLz4NCiAgICAgICAgICAgIDxSdWxlUGFyYW1ldGVyIE5hbWU9IlVzZVJlZ3VsYXJFeHByZXNzaW9uIiBWYWx1ZT0iRmFsc2UiIC8+DQogICAgICAgICAgICA8UnVsZVBhcmFtZXRlciBOYW1lPSJIdG1sRGVjb2RlIiBWYWx1ZT0iVHJ1ZSIgLz4NCiAgICAgICAgICAgIDxSdWxlUGFyYW1ldGVyIE5hbWU9IlJlcXVpcmVkIiBWYWx1ZT0iRmFsc2UiIC8+DQogICAgICAgICAgPC9SdWxlUGFyYW1ldGVycz4NCiAgICAgICAgPC9FeHRyYWN0aW9uUnVsZT4NCiAgICAgICAgPEV4dHJhY3Rpb25SdWxlIENsYXNzbmFtZT0iTWljcm9zb2Z0LlZpc3VhbFN0dWRpby5UZXN0VG9vbHMuV2ViVGVzdGluZy5SdWxlcy5FeHRyYWN0VGV4dCwgTWljcm9zb2Z0LlZpc3VhbFN0dWRpby5RdWFsaXR5VG9vbHMuV2ViVGVzdEZyYW1ld29yaywgVmVyc2lvbj0xMC4wLjAuMCwgQ3VsdHVyZT1uZXV0cmFsLCBQdWJsaWNLZXlUb2tlbj1iMDNmNWY3ZjExZDUwYTNhIiBWYXJpYWJsZU5hbWU9IkZvcm1Qb3N0UGFyYW0xMTcuT1RUaW1lU3RhcnQkZGRsTU0iIERpc3BsYXlOYW1lPSIiIERlc2NyaXB0aW9uPSIiPg0KICAgICAgICAgIDxSdWxlUGFyYW1ldGVycz4NCiAgICAgICAgICAgIDxSdWxlUGFyYW1ldGVyIE5hbWU9IlN0YXJ0c1dpdGgiIFZhbHVlPSJsdWU9JnF1b3Q7IiAvPg0KICAgICAgICAgICAgPFJ1bGVQYXJhbWV0ZXIgTmFtZT0iRW5kc1dpdGgiIFZhbHVlPSImcXVvdDsmZ3Q76KuL6YG45pOHIiAvPg0KICAgICAgICAgICAgPFJ1bGVQYXJhbWV0ZXIgTmFtZT0iSW5kZXgiIFZhbHVlPSIyOSIgLz4NCiAgICAgICAgICAgIDxSdWxlUGFyYW1ldGVyIE5hbWU9Iklnbm9yZUNhc2UiIFZhbHVlPSJGYWxzZSIgLz4NCiAgICAgICAgICAgIDxSdWxlUGFyYW1ldGVyIE5hbWU9IlVzZVJlZ3VsYXJFeHByZXNzaW9uIiBWYWx1ZT0iRmFsc2UiIC8+DQogICAgICAgICAgICA8UnVsZVBhcmFtZXRlciBOYW1lPSJIdG1sRGVjb2RlIiBWYWx1ZT0iVHJ1ZSIgLz4NCiAgICAgICAgICAgIDxSdWxlUGFyYW1ldGVyIE5hbWU9IlJlcXVpcmVkIiBWYWx1ZT0iRmFsc2UiIC8+DQogICAgICAgICAgPC9SdWxlUGFyYW1ldGVycz4NCiAgICAgICAgPC9FeHRyYWN0aW9uUnVsZT4NCiAgICAgICAgPEV4dHJhY3Rpb25SdWxlIENsYXNzbmFtZT0iTWljcm9zb2Z0LlZpc3VhbFN0dWRpby5UZXN0VG9vbHMuV2ViVGVzdGluZy5SdWxlcy5FeHRyYWN0VGV4dCwgTWljcm9zb2Z0LlZpc3VhbFN0dWRpby5RdWFsaXR5VG9vbHMuV2ViVGVzdEZyYW1ld29yaywgVmVyc2lvbj0xMC4wLjAuMCwgQ3VsdHVyZT1uZXV0cmFsLCBQdWJsaWNLZXlUb2tlbj1iMDNmNWY3ZjExZDUwYTNhIiBWYXJpYWJsZU5hbWU9IkZvcm1Qb3N0UGFyYW0xMTguT1RUaW1lRW5kJGRkbEhIIiBEaXNwbGF5TmFtZT0iIiBEZXNjcmlwdGlvbj0iIj4NCiAgICAgICAgICA8UnVsZVBhcmFtZXRlcnM+DQogICAgICAgICAgICA8UnVsZVBhcmFtZXRlciBOYW1lPSJTdGFydHNXaXRoIiBWYWx1ZT0ibHVlPSZxdW90OyIgLz4NCiAgICAgICAgICAgIDxSdWxlUGFyYW1ldGVyIE5hbWU9IkVuZHNXaXRoIiBWYWx1ZT0iJnF1b3Q7Jmd0O+iri+mBuOaThyIgLz4NCiAgICAgICAgICAgIDxSdWxlUGFyYW1ldGVyIE5hbWU9IkluZGV4IiBWYWx1ZT0iMjkiIC8+DQogICAgICAgICAgICA8UnVsZVBhcmFtZXRlciBOYW1lPSJJZ25vcmVDYXNlIiBWYWx1ZT0iRmFsc2UiIC8+DQogICAgICAgICAgICA8UnVsZVBhcmFtZXRlciBOYW1lPSJVc2VSZWd1bGFyRXhwcmVzc2lvbiIgVmFsdWU9IkZhbHNlIiAvPg0KICAgICAgICAgICAgPFJ1bGVQYXJhbWV0ZXIgTmFtZT0iSHRtbERlY29kZSIgVmFsdWU9IlRydWUiIC8+DQogICAgICAgICAgICA8UnVsZVBhcmFtZXRlciBOYW1lPSJSZXF1aXJlZCIgVmFsdWU9IkZhbHNlIiAvPg0KICAgICAgICAgIDwvUnVsZVBhcmFtZXRlcnM+DQogICAgICAgIDwvRXh0cmFjdGlvblJ1bGU+DQogICAgICAgIDxFeHRyYWN0aW9uUnVsZSBDbGFzc25hbWU9Ik1pY3Jvc29mdC5WaXN1YWxTdHVkaW8uVGVzdFRvb2xzLldlYlRlc3RpbmcuUnVsZXMuRXh0cmFjdFRleHQsIE1pY3Jvc29mdC5WaXN1YWxTdHVkaW8uUXVhbGl0eVRvb2xzLldlYlRlc3RGcmFtZXdvcmssIFZlcnNpb249MTAuMC4wLjAsIEN1bHR1cmU9bmV1dHJhbCwgUHVibGljS2V5VG9rZW49YjAzZjVmN2YxMWQ1MGEzYSIgVmFyaWFibGVOYW1lPSJGb3JtUG9zdFBhcmFtMTE5Lk9UVGltZUVuZCRkZGxNTSIgRGlzcGxheU5hbWU9IiIgRGVzY3JpcHRpb249IiI+DQogICAgICAgICAgPFJ1bGVQYXJhbWV0ZXJzPg0KICAgICAgICAgICAgPFJ1bGVQYXJhbWV0ZXIgTmFtZT0iU3RhcnRzV2l0aCIgVmFsdWU9Imx1ZT0mcXVvdDsiIC8+DQogICAgICAgICAgICA8UnVsZVBhcmFtZXRlciBOYW1lPSJFbmRzV2l0aCIgVmFsdWU9IiZxdW90OyZndDvoq4vpgbjmk4ciIC8+DQogICAgICAgICAgICA8UnVsZVBhcmFtZXRlciBOYW1lPSJJbmRleCIgVmFsdWU9IjI5IiAvPg0KICAgICAgICAgICAgPFJ1bGVQYXJhbWV0ZXIgTmFtZT0iSWdub3JlQ2FzZSIgVmFsdWU9IkZhbHNlIiAvPg0KICAgICAgICAgICAgPFJ1bGVQYXJhbWV0ZXIgTmFtZT0iVXNlUmVndWxhckV4cHJlc3Npb24iIFZhbHVlPSJGYWxzZSIgLz4NCiAgICAgICAgICAgIDxSdWxlUGFyYW1ldGVyIE5hbWU9Ikh0bWxEZWNvZGUiIFZhbHVlPSJUcnVlIiAvPg0KICAgICAgICAgICAgPFJ1bGVQYXJhbWV0ZXIgTmFtZT0iUmVxdWlyZWQiIFZhbHVlPSJGYWxzZSIgLz4NCiAgICAgICAgICA8L1J1bGVQYXJhbWV0ZXJzPg0KICAgICAgICA8L0V4dHJhY3Rpb25SdWxlPg0KICAgICAgICA8RXh0cmFjdGlvblJ1bGUgQ2xhc3NuYW1lPSJNaWNyb3NvZnQuVmlzdWFsU3R1ZGlvLlRlc3RUb29scy5XZWJUZXN0aW5nLlJ1bGVzLkV4dHJhY3RUZXh0LCBNaWNyb3NvZnQuVmlzdWFsU3R1ZGlvLlF1YWxpdHlUb29scy5XZWJUZXN0RnJhbWV3b3JrLCBWZXJzaW9uPTEwLjAuMC4wLCBDdWx0dXJlPW5ldXRyYWwsIFB1YmxpY0tleVRva2VuPWIwM2Y1ZjdmMTFkNTBhM2EiIFZhcmlhYmxlTmFtZT0iRm9ybVBvc3RQYXJhbTEyMC5kZGxPVFR5cGVJRCIgRGlzcGxheU5hbWU9IiIgRGVzY3JpcHRpb249IiI+DQogICAgICAgICAgPFJ1bGVQYXJhbWV0ZXJzPg0KICAgICAgICAgICAgPFJ1bGVQYXJhbWV0ZXIgTmFtZT0iU3RhcnRzV2l0aCIgVmFsdWU9InMmcXVvdDs6WyZxdW90OyIgLz4NCiAgICAgICAgICAgIDxSdWxlUGFyYW1ldGVyIE5hbWU9IkVuZHNXaXRoIiBWYWx1ZT0iJnF1b3Q7LCZxdW90OzEmcXVvdDsiIC8+DQogICAgICAgICAgICA8UnVsZVBhcmFtZXRlciBOYW1lPSJJbmRleCIgVmFsdWU9IjAiIC8+DQogICAgICAgICAgICA8UnVsZVBhcmFtZXRlciBOYW1lPSJJZ25vcmVDYXNlIiBWYWx1ZT0iRmFsc2UiIC8+DQogICAgICAgICAgICA8UnVsZVBhcmFtZXRlciBOYW1lPSJVc2VSZWd1bGFyRXhwcmVzc2lvbiIgVmFsdWU9IkZhbHNlIiAvPg0KICAgICAgICAgICAgPFJ1bGVQYXJhbWV0ZXIgTmFtZT0iSHRtbERlY29kZSIgVmFsdWU9IlRydWUiIC8+DQogICAgICAgICAgICA8UnVsZVBhcmFtZXRlciBOYW1lPSJSZXF1aXJlZCIgVmFsdWU9IkZhbHNlIiAvPg0KICAgICAgICAgIDwvUnVsZVBhcmFtZXRlcnM+DQogICAgICAgIDwvRXh0cmFjdGlvblJ1bGU+DQogICAgICAgIDxFeHRyYWN0aW9uUnVsZSBDbGFzc25hbWU9Ik1pY3Jvc29mdC5WaXN1YWxTdHVkaW8uVGVzdFRvb2xzLldlYlRlc3RpbmcuUnVsZXMuRXh0cmFjdFRleHQsIE1pY3Jvc29mdC5WaXN1YWxTdHVkaW8uUXVhbGl0eVRvb2xzLldlYlRlc3RGcmFtZXdvcmssIFZlcnNpb249MTAuMC4wLjAsIEN1bHR1cmU9bmV1dHJhbCwgUHVibGljS2V5VG9rZW49YjAzZjVmN2YxMWQ1MGEzYSIgVmFyaWFibGVOYW1lPSJGb3JtUG9zdFBhcmFtMTIxLmRkbE9yZyIgRGlzcGxheU5hbWU9IiIgRGVzY3JpcHRpb249IiI+DQogICAgICAgICAgPFJ1bGVQYXJhbWV0ZXJzPg0KICAgICAgICAgICAgPFJ1bGVQYXJhbWV0ZXIgTmFtZT0iU3RhcnRzV2l0aCIgVmFsdWU9IiZxdW90OzAmcXVvdDssJnF1b3Q7IiAvPg0KICAgICAgICAgICAgPFJ1bGVQYXJhbWV0ZXIgTmFtZT0iRW5kc1dpdGgiIFZhbHVlPSImcXVvdDssJnF1b3Q7MiZxdW90OyIgLz4NCiAgICAgICAgICAgIDxSdWxlUGFyYW1ldGVyIE5hbWU9IkluZGV4IiBWYWx1ZT0iMCIgLz4NCiAgICAgICAgICAgIDxSdWxlUGFyYW1ldGVyIE5hbWU9Iklnbm9yZUNhc2UiIFZhbHVlPSJGYWxzZSIgLz4NCiAgICAgICAgICAgIDxSdWxlUGFyYW1ldGVyIE5hbWU9IlVzZVJlZ3VsYXJFeHByZXNzaW9uIiBWYWx1ZT0iRmFsc2UiIC8+DQogICAgICAgICAgICA8UnVsZVBhcmFtZXRlciBOYW1lPSJIdG1sRGVjb2RlIiBWYWx1ZT0iVHJ1ZSIgLz4NCiAgICAgICAgICAgIDxSdWxlUGFyYW1ldGVyIE5hbWU9IlJlcXVpcmVkIiBWYWx1ZT0iRmFsc2UiIC8+DQogICAgICAgICAgPC9SdWxlUGFyYW1ldGVycz4NCiAgICAgICAgPC9FeHRyYWN0aW9uUnVsZT4NCiAgICAgICAgPEV4dHJhY3Rpb25SdWxlIENsYXNzbmFtZT0iTWljcm9zb2Z0LlZpc3VhbFN0dWRpby5UZXN0VG9vbHMuV2ViVGVzdGluZy5SdWxlcy5FeHRyYWN0VGV4dCwgTWljcm9zb2Z0LlZpc3VhbFN0dWRpby5RdWFsaXR5VG9vbHMuV2ViVGVzdEZyYW1ld29yaywgVmVyc2lvbj0xMC4wLjAuMCwgQ3VsdHVyZT1uZXV0cmFsLCBQdWJsaWNLZXlUb2tlbj1iMDNmNWY3ZjExZDUwYTNhIiBWYXJpYWJsZU5hbWU9IkZvcm1Qb3N0UGFyYW0xMjIudWNDYXNjYWRpbmdEcm9wRG93bjEkZGRsMDIiIERpc3BsYXlOYW1lPSIiIERlc2NyaXB0aW9uPSIiPg0KICAgICAgICAgIDxSdWxlUGFyYW1ldGVycz4NCiAgICAgICAgICAgIDxSdWxlUGFyYW1ldGVyIE5hbWU9IlN0YXJ0c1dpdGgiIFZhbHVlPSJsdWU9JnF1b3Q7IiAvPg0KICAgICAgICAgICAgPFJ1bGVQYXJhbWV0ZXIgTmFtZT0iRW5kc1dpdGgiIFZhbHVlPSImcXVvdDsgLyZndDsmI3hEOyIgLz4NCiAgICAgICAgICAgIDxSdWxlUGFyYW1ldGVyIE5hbWU9IkluZGV4IiBWYWx1ZT0iMjI0IiAvPg0KICAgICAgICAgICAgPFJ1bGVQYXJhbWV0ZXIgTmFtZT0iSWdub3JlQ2FzZSIgVmFsdWU9IkZhbHNlIiAvPg0KICAgICAgICAgICAgPFJ1bGVQYXJhbWV0ZXIgTmFtZT0iVXNlUmVndWxhckV4cHJlc3Npb24iIFZhbHVlPSJGYWxzZSIgLz4NCiAgICAgICAgICAgIDxSdWxlUGFyYW1ldGVyIE5hbWU9Ikh0bWxEZWNvZGUiIFZhbHVlPSJUcnVlIiAvPg0KICAgICAgICAgICAgPFJ1bGVQYXJhbWV0ZXIgTmFtZT0iUmVxdWlyZWQiIFZhbHVlPSJGYWxzZSIgLz4NCiAgICAgICAgICA8L1J1bGVQYXJhbWV0ZXJzPg0KICAgICAgICA8L0V4dHJhY3Rpb25SdWxlPg0KICAgICAgICA8RXh0cmFjdGlvblJ1bGUgQ2xhc3NuYW1lPSJNaWNyb3NvZnQuVmlzdWFsU3R1ZGlvLlRlc3RUb29scy5XZWJUZXN0aW5nLlJ1bGVzLkV4dHJhY3RUZXh0LCBNaWNyb3NvZnQuVmlzdWFsU3R1ZGlvLlF1YWxpdHlUb29scy5XZWJUZXN0RnJhbWV3b3JrLCBWZXJzaW9uPTEwLjAuMC4wLCBDdWx0dXJlPW5ldXRyYWwsIFB1YmxpY0tleVRva2VuPWIwM2Y1ZjdmMTFkNTBhM2EiIFZhcmlhYmxlTmFtZT0iRm9ybVBvc3RQYXJhbTEyMy51Y0Nhc2NhZGluZ0Ryb3BEb3duMSRkZGwwMyIgRGlzcGxheU5hbWU9IiIgRGVzY3JpcHRpb249IiI+DQogICAgICAgICAgPFJ1bGVQYXJhbWV0ZXJzPg0KICAgICAgICAgICAgPFJ1bGVQYXJhbWV0ZXIgTmFtZT0iU3RhcnRzV2l0aCIgVmFsdWU9Imx1ZT0mcXVvdDsiIC8+DQogICAgICAgICAgICA8UnVsZVBhcmFtZXRlciBOYW1lPSJFbmRzV2l0aCIgVmFsdWU9IiZxdW90OyAvJmd0OyYjeEQ7IiAvPg0KICAgICAgICAgICAgPFJ1bGVQYXJhbWV0ZXIgTmFtZT0iSW5kZXgiIFZhbHVlPSIyMjUiIC8+DQogICAgICAgICAgICA8UnVsZVBhcmFtZXRlciBOYW1lPSJJZ25vcmVDYXNlIiBWYWx1ZT0iRmFsc2UiIC8+DQogICAgICAgICAgICA8UnVsZVBhcmFtZXRlciBOYW1lPSJVc2VSZWd1bGFyRXhwcmVzc2lvbiIgVmFsdWU9IkZhbHNlIiAvPg0KICAgICAgICAgICAgPFJ1bGVQYXJhbWV0ZXIgTmFtZT0iSHRtbERlY29kZSIgVmFsdWU9IlRydWUiIC8+DQogICAgICAgICAgICA8UnVsZVBhcmFtZXRlciBOYW1lPSJSZXF1aXJlZCIgVmFsdWU9IkZhbHNlIiAvPg0KICAgICAgICAgIDwvUnVsZVBhcmFtZXRlcnM+DQogICAgICAgIDwvRXh0cmFjdGlvblJ1bGU+DQogICAgICAgIDxFeHRyYWN0aW9uUnVsZSBDbGFzc25hbWU9Ik1pY3Jvc29mdC5WaXN1YWxTdHVkaW8uVGVzdFRvb2xzLldlYlRlc3RpbmcuUnVsZXMuRXh0cmFjdFRleHQsIE1pY3Jvc29mdC5WaXN1YWxTdHVkaW8uUXVhbGl0eVRvb2xzLldlYlRlc3RGcmFtZXdvcmssIFZlcnNpb249MTAuMC4wLjAsIEN1bHR1cmU9bmV1dHJhbCwgUHVibGljS2V5VG9rZW49YjAzZjVmN2YxMWQ1MGEzYSIgVmFyaWFibGVOYW1lPSJGb3JtUG9zdFBhcmFtMTI0LmhpZGRlbklucHV0VG9VcGRhdGVBVEJ1ZmZlcl9Db21tb25Ub29sa2l0U2NyaXB0cyIgRGlzcGxheU5hbWU9IiIgRGVzY3JpcHRpb249IiI+DQogICAgICAgICAgPFJ1bGVQYXJhbWV0ZXJzPg0KICAgICAgICAgICAgPFJ1bGVQYXJhbWV0ZXIgTmFtZT0iU3RhcnRzV2l0aCIgVmFsdWU9InMmcXVvdDs6WyZxdW90OyIgLz4NCiAgICAgICAgICAgIDxSdWxlUGFyYW1ldGVyIE5hbWU9IkVuZHNXaXRoIiBWYWx1ZT0iJnF1b3Q7LCZxdW90OzEmcXVvdDsiIC8+DQogICAgICAgICAgICA8UnVsZVBhcmFtZXRlciBOYW1lPSJJbmRleCIgVmFsdWU9IjAiIC8+DQogICAgICAgICAgICA8UnVsZVBhcmFtZXRlciBOYW1lPSJJZ25vcmVDYXNlIiBWYWx1ZT0iRmFsc2UiIC8+DQogICAgICAgICAgICA8UnVsZVBhcmFtZXRlciBOYW1lPSJVc2VSZWd1bGFyRXhwcmVzc2lvbiIgVmFsdWU9IkZhbHNlIiAvPg0KICAgICAgICAgICAgPFJ1bGVQYXJhbWV0ZXIgTmFtZT0iSHRtbERlY29kZSIgVmFsdWU9IlRydWUiIC8+DQogICAgICAgICAgICA8UnVsZVBhcmFtZXRlciBOYW1lPSJSZXF1aXJlZCIgVmFsdWU9IkZhbHNlIiAvPg0KICAgICAgICAgIDwvUnVsZVBhcmFtZXRlcnM+DQogICAgICAgIDwvRXh0cmFjdGlvblJ1bGU+DQogICAgICA8L0NvcnJlbGF0aW9uRXh0cmFjdGlvblJ1bGVzPg0KICAgIDwvUmVxdWVzdD4NCiAgICA8UmVxdWVzdCBNZXRob2Q9IlBPU1QiIEd1aWQ9IjNjNmNlNDYwLTFlYWUtNDZlMi05MTM2LTA2NTM1Zjg4YjU5YyIgVmVyc2lvbj0iMS4xIiBVcmw9Imh0dHA6Ly8xMC4xMS4zNi4xMTQ6ODAwNy9PdmVyVGltZS9PdmVydGltZVByZU9yZGVyX0FkZC5hc3B4IiBUaGlua1RpbWU9IjAiIFRpbWVvdXQ9IjMwMCIgUGFyc2VEZXBlbmRlbnRSZXF1ZXN0cz0iVHJ1ZSIgRm9sbG93UmVkaXJlY3RzPSJUcnVlIiBSZWNvcmRSZXN1bHQ9IlRydWUiIENhY2hlPSJGYWxzZSIgUmVzcG9uc2VUaW1lR29hbD0iMCIgRW5jb2Rpbmc9InV0Zi04IiBFeHBlY3RlZEh0dHBTdGF0dXNDb2RlPSIwIiBFeHBlY3RlZFJlc3BvbnNlVXJsPSIiIFJlcG9ydGluZ05hbWU9IiIgSWdub3JlSHR0cFN0YXR1c0NvZGU9IkZhbHNlIj4NCiAgICAgIDxFeHRyYWN0aW9uUnVsZXM+DQogICAgICAgIDxFeHRyYWN0aW9uUnVsZSBDbGFzc25hbWU9Ik1pY3Jvc29mdC5WaXN1YWxTdHVkaW8uVGVzdFRvb2xzLldlYlRlc3RpbmcuUnVsZXMuRXh0cmFjdEhpZGRlbkZpZWxkcywgTWljcm9zb2Z0LlZpc3VhbFN0dWRpby5RdWFsaXR5VG9vbHMuV2ViVGVzdEZyYW1ld29yaywgVmVyc2lvbj0xMC4wLjAuMCwgQ3VsdHVyZT1uZXV0cmFsLCBQdWJsaWNLZXlUb2tlbj1iMDNmNWY3ZjExZDUwYTNhIiBWYXJpYWJsZU5hbWU9IjEiIERpc3BsYXlOYW1lPSLmk7flj5bpmrHol4/mrITkvY0iIERlc2NyaXB0aW9uPSLmk7flj5blm57mh4nkuK3nmoTmiYDmnInpmrHol4/mrITkvY3vvIzkuKblsIflroPlgJHmlL7lnKjmuKzoqablhaflrrnkuK3jgIIiPg0KICAgICAgICAgIDxSdWxlUGFyYW1ldGVycz4NCiAgICAgICAgICAgIDxSdWxlUGFyYW1ldGVyIE5hbWU9IlJlcXVpcmVkIiBWYWx1ZT0iVHJ1ZSIgLz4NCiAgICAgICAgICAgIDxSdWxlUGFyYW1ldGVyIE5hbWU9Ikh0bWxEZWNvZGUiIFZhbHVlPSJUcnVlIiAvPg0KICAgICAgICAgIDwvUnVsZVBhcmFtZXRlcnM+DQogICAgICAgIDwvRXh0cmFjdGlvblJ1bGU+DQogICAgICA8L0V4dHJhY3Rpb25SdWxlcz4NCiAgICAgIDxDb3JyZWxhdGlvbkV4dHJhY3Rpb25SdWxlcz4NCiAgICAgICAgPEV4dHJhY3Rpb25SdWxlIENsYXNzbmFtZT0iTWljcm9zb2Z0LlZpc3VhbFN0dWRpby5UZXN0VG9vbHMuV2ViVGVzdGluZy5SdWxlcy5FeHRyYWN0Rm9ybUZpZWxkLCBNaWNyb3NvZnQuVmlzdWFsU3R1ZGlvLlF1YWxpdHlUb29scy5XZWJUZXN0RnJhbWV3b3JrLCBWZXJzaW9uPTEwLjAuMC4wLCBDdWx0dXJlPW5ldXRyYWwsIFB1YmxpY0tleVRva2VuPWIwM2Y1ZjdmMTFkNTBhM2EiIFZhcmlhYmxlTmFtZT0iRm9ybVBvc3RQYXJhbTk0Lk9URW1wSUQiIERpc3BsYXlOYW1lPSIiIERlc2NyaXB0aW9uPSIiPg0KICAgICAgICAgIDxSdWxlUGFyYW1ldGVycz4NCiAgICAgICAgICAgIDxSdWxlUGFyYW1ldGVyIE5hbWU9Ik5hbWUiIFZhbHVlPSJyYnRTaW5nbGVFbXBJRCIgLz4NCiAgICAgICAgICAgIDxSdWxlUGFyYW1ldGVyIE5hbWU9Ikh0bWxEZWNvZGUiIFZhbHVlPSJUcnVlIiAvPg0KICAgICAgICAgICAgPFJ1bGVQYXJhbWV0ZXIgTmFtZT0iUmVxdWlyZWQiIFZhbHVlPSJGYWxzZSIgLz4NCiAgICAgICAgICAgIDxSdWxlUGFyYW1ldGVyIE5hbWU9IkluZGV4IiBWYWx1ZT0iMCIgLz4NCiAgICAgICAgICA8L1J1bGVQYXJhbWV0ZXJzPg0KICAgICAgICA8L0V4dHJhY3Rpb25SdWxlPg0KICAgICAgICA8RXh0cmFjdGlvblJ1bGUgQ2xhc3NuYW1lPSJNaWNyb3NvZnQuVmlzdWFsU3R1ZGlvLlRlc3RUb29scy5XZWJUZXN0aW5nLlJ1bGVzLkV4dHJhY3RGb3JtRmllbGQsIE1pY3Jvc29mdC5WaXN1YWxTdHVkaW8uUXVhbGl0eVRvb2xzLldlYlRlc3RGcmFtZXdvcmssIFZlcnNpb249MTAuMC4wLjAsIEN1bHR1cmU9bmV1dHJhbCwgUHVibGljS2V5VG9rZW49YjAzZjVmN2YxMWQ1MGEzYSIgVmFyaWFibGVOYW1lPSJGb3JtUG9zdFBhcmFtOTUudHh0T1RFbXBJRCIgRGlzcGxheU5hbWU9IiIgRGVzY3JpcHRpb249IiI+DQogICAgICAgICAgPFJ1bGVQYXJhbWV0ZXJzPg0KICAgICAgICAgICAgPFJ1bGVQYXJhbWV0ZXIgTmFtZT0iTmFtZSIgVmFsdWU9InR4dE9URW1wSUQiIC8+DQogICAgICAgICAgICA8UnVsZVBhcmFtZXRlciBOYW1lPSJIdG1sRGVjb2RlIiBWYWx1ZT0iVHJ1ZSIgLz4NCiAgICAgICAgICAgIDxSdWxlUGFyYW1ldGVyIE5hbWU9IlJlcXVpcmVkIiBWYWx1ZT0iRmFsc2UiIC8+DQogICAgICAgICAgICA8UnVsZVBhcmFtZXRlciBOYW1lPSJJbmRleCIgVmFsdWU9IjAiIC8+DQogICAgICAgICAgPC9SdWxlUGFyYW1ldGVycz4NCiAgICAgICAgPC9FeHRyYWN0aW9uUnVsZT4NCiAgICAgICAgPEV4dHJhY3Rpb25SdWxlIENsYXNzbmFtZT0iTWljcm9zb2Z0LlZpc3VhbFN0dWRpby5UZXN0VG9vbHMuV2ViVGVzdGluZy5SdWxlcy5FeHRyYWN0Rm9ybUZpZWxkLCBNaWNyb3NvZnQuVmlzdWFsU3R1ZGlvLlF1YWxpdHlUb29scy5XZWJUZXN0RnJhbWV3b3JrLCBWZXJzaW9uPTEwLjAuMC4wLCBDdWx0dXJlPW5ldXRyYWwsIFB1YmxpY0tleVRva2VuPWIwM2Y1ZjdmMTFkNTBhM2EiIFZhcmlhYmxlTmFtZT0iRm9ybVBvc3RQYXJhbTk2LnR4dE9URW1wTmFtZSIgRGlzcGxheU5hbWU9IiIgRGVzY3JpcHRpb249IiI+DQogICAgICAgICAgPFJ1bGVQYXJhbWV0ZXJzPg0KICAgICAgICAgICAgPFJ1bGVQYXJhbWV0ZXIgTmFtZT0iTmFtZSIgVmFsdWU9InR4dE9URW1wTmFtZSIgLz4NCiAgICAgICAgICAgIDxSdWxlUGFyYW1ldGVyIE5hbWU9Ikh0bWxEZWNvZGUiIFZhbHVlPSJUcnVlIiAvPg0KICAgICAgICAgICAgPFJ1bGVQYXJhbWV0ZXIgTmFtZT0iUmVxdWlyZWQiIFZhbHVlPSJGYWxzZSIgLz4NCiAgICAgICAgICAgIDxSdWxlUGFyYW1ldGVyIE5hbWU9IkluZGV4IiBWYWx1ZT0iMCIgLz4NCiAgICAgICAgICA8L1J1bGVQYXJhbWV0ZXJzPg0KICAgICAgICA8L0V4dHJhY3Rpb25SdWxlPg0KICAgICAgICA8RXh0cmFjdGlvblJ1bGUgQ2xhc3NuYW1lPSJNaWNyb3NvZnQuVmlzdWFsU3R1ZGlvLlRlc3RUb29scy5XZWJUZXN0aW5nLlJ1bGVzLkV4dHJhY3RGb3JtRmllbGQsIE1pY3Jvc29mdC5WaXN1YWxTdHVkaW8uUXVhbGl0eVRvb2xzLldlYlRlc3RGcmFtZXdvcmssIFZlcnNpb249MTAuMC4wLjAsIEN1bHR1cmU9bmV1dHJhbCwgUHVibGljS2V5VG9rZW49YjAzZjVmN2YxMWQ1MGEzYSIgVmFyaWFibGVOYW1lPSJGb3JtUG9zdFBhcmFtOTcudWNEYXRlU3RhcnQkdHh0RGF0ZSIgRGlzcGxheU5hbWU9IiIgRGVzY3JpcHRpb249IiI+DQogICAgICAgICAgPFJ1bGVQYXJhbWV0ZXJzPg0KICAgICAgICAgICAgPFJ1bGVQYXJhbWV0ZXIgTmFtZT0iTmFtZSIgVmFsdWU9InVjRGF0ZVN0YXJ0X3R4dERhdGUiIC8+DQogICAgICAgICAgICA8UnVsZVBhcmFtZXRlciBOYW1lPSJIdG1sRGVjb2RlIiBWYWx1ZT0iVHJ1ZSIgLz4NCiAgICAgICAgICAgIDxSdWxlUGFyYW1ldGVyIE5hbWU9IlJlcXVpcmVkIiBWYWx1ZT0iRmFsc2UiIC8+DQogICAgICAgICAgICA8UnVsZVBhcmFtZXRlciBOYW1lPSJJbmRleCIgVmFsdWU9IjAiIC8+DQogICAgICAgICAgPC9SdWxlUGFyYW1ldGVycz4NCiAgICAgICAgPC9FeHRyYWN0aW9uUnVsZT4NCiAgICAgICAgPEV4dHJhY3Rpb25SdWxlIENsYXNzbmFtZT0iTWljcm9zb2Z0LlZpc3VhbFN0dWRpby5UZXN0VG9vbHMuV2ViVGVzdGluZy5SdWxlcy5FeHRyYWN0Rm9ybUZpZWxkLCBNaWNyb3NvZnQuVmlzdWFsU3R1ZGlvLlF1YWxpdHlUb29scy5XZWJUZXN0RnJhbWV3b3JrLCBWZXJzaW9uPTEwLjAuMC4wLCBDdWx0dXJlPW5ldXRyYWwsIFB1YmxpY0tleVRva2VuPWIwM2Y1ZjdmMTFkNTBhM2EiIFZhcmlhYmxlTmFtZT0iRm9ybVBvc3RQYXJhbTk4LnVjRGF0ZUVuZCR0eHREYXRlIiBEaXNwbGF5TmFtZT0iIiBEZXNjcmlwdGlvbj0iIj4NCiAgICAgICAgICA8UnVsZVBhcmFtZXRlcnM+DQogICAgICAgICAgICA8UnVsZVBhcmFtZXRlciBOYW1lPSJOYW1lIiBWYWx1ZT0idWNEYXRlRW5kX3R4dERhdGUiIC8+DQogICAgICAgICAgICA8UnVsZVBhcmFtZXRlciBOYW1lPSJIdG1sRGVjb2RlIiBWYWx1ZT0iVHJ1ZSIgLz4NCiAgICAgICAgICAgIDxSdWxlUGFyYW1ldGVyIE5hbWU9IlJlcXVpcmVkIiBWYWx1ZT0iRmFsc2UiIC8+DQogICAgICAgICAgICA8UnVsZVBhcmFtZXRlciBOYW1lPSJJbmRleCIgVmFsdWU9IjAiIC8+DQogICAgICAgICAgPC9SdWxlUGFyYW1ldGVycz4NCiAgICAgICAgPC9FeHRyYWN0aW9uUnVsZT4NCiAgICAgICAgPEV4dHJhY3Rpb25SdWxlIENsYXNzbmFtZT0iTWljcm9zb2Z0LlZpc3VhbFN0dWRpby5UZXN0VG9vbHMuV2ViVGVzdGluZy5SdWxlcy5FeHRyYWN0Rm9ybUZpZWxkLCBNaWNyb3NvZnQuVmlzdWFsU3R1ZGlvLlF1YWxpdHlUb29scy5XZWJUZXN0RnJhbWV3b3JrLCBWZXJzaW9uPTEwLjAuMC4wLCBDdWx0dXJlPW5ldXRyYWwsIFB1YmxpY0tleVRva2VuPWIwM2Y1ZjdmMTFkNTBhM2EiIFZhcmlhYmxlTmFtZT0iRm9ybVBvc3RQYXJhbTk5LnR4dE1lYWxUaW1lIiBEaXNwbGF5TmFtZT0iIiBEZXNjcmlwdGlvbj0iIj4NCiAgICAgICAgICA8UnVsZVBhcmFtZXRlcnM+DQogICAgICAgICAgICA8UnVsZVBhcmFtZXRlciBOYW1lPSJOYW1lIiBWYWx1ZT0idHh0TWVhbFRpbWUiIC8+DQogICAgICAgICAgICA8UnVsZVBhcmFtZXRlciBOYW1lPSJIdG1sRGVjb2RlIiBWYWx1ZT0iVHJ1ZSIgLz4NCiAgICAgICAgICAgIDxSdWxlUGFyYW1ldGVyIE5hbWU9IlJlcXVpcmVkIiBWYWx1ZT0iRmFsc2UiIC8+DQogICAgICAgICAgICA8UnVsZVBhcmFtZXRlciBOYW1lPSJJbmRleCIgVmFsdWU9IjAiIC8+DQogICAgICAgICAgPC9SdWxlUGFyYW1ldGVycz4NCiAgICAgICAgPC9FeHRyYWN0aW9uUnVsZT4NCiAgICAgICAgPEV4dHJhY3Rpb25SdWxlIENsYXNzbmFtZT0iTWljcm9zb2Z0LlZpc3VhbFN0dWRpby5UZXN0VG9vbHMuV2ViVGVzdGluZy5SdWxlcy5FeHRyYWN0VGV4dCwgTWljcm9zb2Z0LlZpc3VhbFN0dWRpby5RdWFsaXR5VG9vbHMuV2ViVGVzdEZyYW1ld29yaywgVmVyc2lvbj0xMC4wLjAuMCwgQ3VsdHVyZT1uZXV0cmFsLCBQdWJsaWNLZXlUb2tlbj1iMDNmNWY3ZjExZDUwYTNhIiBWYXJpYWJsZU5hbWU9IkZvcm1Qb3N0UGFyYW0xMDAuX19FVkVOVFRBUkdFVCIgRGlzcGxheU5hbWU9IiIgRGVzY3JpcHRpb249IiI+DQogICAgICAgICAgPFJ1bGVQYXJhbWV0ZXJzPg0KICAgICAgICAgICAgPFJ1bGVQYXJhbWV0ZXIgTmFtZT0iU3RhcnRzV2l0aCIgVmFsdWU9ImFtZT0mcXVvdDsiIC8+DQogICAgICAgICAgICA8UnVsZVBhcmFtZXRlciBOYW1lPSJFbmRzV2l0aCIgVmFsdWU9IiZxdW90OyBvbmMiIC8+DQogICAgICAgICAgICA8UnVsZVBhcmFtZXRlciBOYW1lPSJJbmRleCIgVmFsdWU9IjMyIiAvPg0KICAgICAgICAgICAgPFJ1bGVQYXJhbWV0ZXIgTmFtZT0iSWdub3JlQ2FzZSIgVmFsdWU9IkZhbHNlIiAvPg0KICAgICAgICAgICAgPFJ1bGVQYXJhbWV0ZXIgTmFtZT0iVXNlUmVndWxhckV4cHJlc3Npb24iIFZhbHVlPSJGYWxzZSIgLz4NCiAgICAgICAgICAgIDxSdWxlUGFyYW1ldGVyIE5hbWU9Ikh0bWxEZWNvZGUiIFZhbHVlPSJUcnVlIiAvPg0KICAgICAgICAgICAgPFJ1bGVQYXJhbWV0ZXIgTmFtZT0iUmVxdWlyZWQiIFZhbHVlPSJGYWxzZSIgLz4NCiAgICAgICAgICA8L1J1bGVQYXJhbWV0ZXJzPg0KICAgICAgICA8L0V4dHJhY3Rpb25SdWxlPg0KICAgICAgICA8RXh0cmFjdGlvblJ1bGUgQ2xhc3NuYW1lPSJNaWNyb3NvZnQuVmlzdWFsU3R1ZGlvLlRlc3RUb29scy5XZWJUZXN0aW5nLlJ1bGVzLkV4dHJhY3RUZXh0LCBNaWNyb3NvZnQuVmlzdWFsU3R1ZGlvLlF1YWxpdHlUb29scy5XZWJUZXN0RnJhbWV3b3JrLCBWZXJzaW9uPTEwLjAuMC4wLCBDdWx0dXJlPW5ldXRyYWwsIFB1YmxpY0tleVRva2VuPWIwM2Y1ZjdmMTFkNTBhM2EiIFZhcmlhYmxlTmFtZT0iRm9ybVBvc3RQYXJhbTEwMS5PVFRpbWVTdGFydCRkZGxISCIgRGlzcGxheU5hbWU9IiIgRGVzY3JpcHRpb249IiI+DQogICAgICAgICAgPFJ1bGVQYXJhbWV0ZXJzPg0KICAgICAgICAgICAgPFJ1bGVQYXJhbWV0ZXIgTmFtZT0iU3RhcnRzV2l0aCIgVmFsdWU9Imx1ZT0mcXVvdDsiIC8+DQogICAgICAgICAgICA8UnVsZVBhcmFtZXRlciBOYW1lPSJFbmRzV2l0aCIgVmFsdWU9IiZxdW90OyZndDswMCZsdDsiIC8+DQogICAgICAgICAgICA8UnVsZVBhcmFtZXRlciBOYW1lPSJJbmRleCIgVmFsdWU9IjMwIiAvPg0KICAgICAgICAgICAgPFJ1bGVQYXJhbWV0ZXIgTmFtZT0iSWdub3JlQ2FzZSIgVmFsdWU9IkZhbHNlIiAvPg0KICAgICAgICAgICAgPFJ1bGVQYXJhbWV0ZXIgTmFtZT0iVXNlUmVndWxhckV4cHJlc3Npb24iIFZhbHVlPSJGYWxzZSIgLz4NCiAgICAgICAgICAgIDxSdWxlUGFyYW1ldGVyIE5hbWU9Ikh0bWxEZWNvZGUiIFZhbHVlPSJUcnVlIiAvPg0KICAgICAgICAgICAgPFJ1bGVQYXJhbWV0ZXIgTmFtZT0iUmVxdWlyZWQiIFZhbHVlPSJGYWxzZSIgLz4NCiAgICAgICAgICA8L1J1bGVQYXJhbWV0ZXJzPg0KICAgICAgICA8L0V4dHJhY3Rpb25SdWxlPg0KICAgICAgICA8RXh0cmFjdGlvblJ1bGUgQ2xhc3NuYW1lPSJNaWNyb3NvZnQuVmlzdWFsU3R1ZGlvLlRlc3RUb29scy5XZWJUZXN0aW5nLlJ1bGVzLkV4dHJhY3RUZXh0LCBNaWNyb3NvZnQuVmlzdWFsU3R1ZGlvLlF1YWxpdHlUb29scy5XZWJUZXN0RnJhbWV3b3JrLCBWZXJzaW9uPTEwLjAuMC4wLCBDdWx0dXJlPW5ldXRyYWwsIFB1YmxpY0tleVRva2VuPWIwM2Y1ZjdmMTFkNTBhM2EiIFZhcmlhYmxlTmFtZT0iRm9ybVBvc3RQYXJhbTEwMi5PVFRpbWVTdGFydCRkZGxNTSIgRGlzcGxheU5hbWU9IiIgRGVzY3JpcHRpb249IiI+DQogICAgICAgICAgPFJ1bGVQYXJhbWV0ZXJzPg0KICAgICAgICAgICAgPFJ1bGVQYXJhbWV0ZXIgTmFtZT0iU3RhcnRzV2l0aCIgVmFsdWU9Imx1ZT0mcXVvdDsiIC8+DQogICAgICAgICAgICA8UnVsZVBhcmFtZXRlciBOYW1lPSJFbmRzV2l0aCIgVmFsdWU9IiZxdW90OyZndDswMCZsdDsiIC8+DQogICAgICAgICAgICA8UnVsZVBhcmFtZXRlciBOYW1lPSJJbmRleCIgVmFsdWU9IjMwIiAvPg0KICAgICAgICAgICAgPFJ1bGVQYXJhbWV0ZXIgTmFtZT0iSWdub3JlQ2FzZSIgVmFsdWU9IkZhbHNlIiAvPg0KICAgICAgICAgICAgPFJ1bGVQYXJhbWV0ZXIgTmFtZT0iVXNlUmVndWxhckV4cHJlc3Npb24iIFZhbHVlPSJGYWxzZSIgLz4NCiAgICAgICAgICAgIDxSdWxlUGFyYW1ldGVyIE5hbWU9Ikh0bWxEZWNvZGUiIFZhbHVlPSJUcnVlIiAvPg0KICAgICAgICAgICAgPFJ1bGVQYXJhbWV0ZXIgTmFtZT0iUmVxdWlyZWQiIFZhbHVlPSJGYWxzZSIgLz4NCiAgICAgICAgICA8L1J1bGVQYXJhbWV0ZXJzPg0KICAgICAgICA8L0V4dHJhY3Rpb25SdWxlPg0KICAgICAgICA8RXh0cmFjdGlvblJ1bGUgQ2xhc3NuYW1lPSJNaWNyb3NvZnQuVmlzdWFsU3R1ZGlvLlRlc3RUb29scy5XZWJUZXN0aW5nLlJ1bGVzLkV4dHJhY3RUZXh0LCBNaWNyb3NvZnQuVmlzdWFsU3R1ZGlvLlF1YWxpdHlUb29scy5XZWJUZXN0RnJhbWV3b3JrLCBWZXJzaW9uPTEwLjAuMC4wLCBDdWx0dXJlPW5ldXRyYWwsIFB1YmxpY0tleVRva2VuPWIwM2Y1ZjdmMTFkNTBhM2EiIFZhcmlhYmxlTmFtZT0iRm9ybVBvc3RQYXJhbTEwMy5PVFRpbWVFbmQkZGRsSEgiIERpc3BsYXlOYW1lPSIiIERlc2NyaXB0aW9uPSIiPg0KICAgICAgICAgIDxSdWxlUGFyYW1ldGVycz4NCiAgICAgICAgICAgIDxSdWxlUGFyYW1ldGVyIE5hbWU9IlN0YXJ0c1dpdGgiIFZhbHVlPSJsdWU9JnF1b3Q7IiAvPg0KICAgICAgICAgICAgPFJ1bGVQYXJhbWV0ZXIgTmFtZT0iRW5kc1dpdGgiIFZhbHVlPSImcXVvdDsmZ3Q76KuL6YG45pOHIiAvPg0KICAgICAgICAgICAgPFJ1bGVQYXJhbWV0ZXIgTmFtZT0iSW5kZXgiIFZhbHVlPSIyOSIgLz4NCiAgICAgICAgICAgIDxSdWxlUGFyYW1ldGVyIE5hbWU9Iklnbm9yZUNhc2UiIFZhbHVlPSJGYWxzZSIgLz4NCiAgICAgICAgICAgIDxSdWxlUGFyYW1ldGVyIE5hbWU9IlVzZVJlZ3VsYXJFeHByZXNzaW9uIiBWYWx1ZT0iRmFsc2UiIC8+DQogICAgICAgICAgICA8UnVsZVBhcmFtZXRlciBOYW1lPSJIdG1sRGVjb2RlIiBWYWx1ZT0iVHJ1ZSIgLz4NCiAgICAgICAgICAgIDxSdWxlUGFyYW1ldGVyIE5hbWU9IlJlcXVpcmVkIiBWYWx1ZT0iRmFsc2UiIC8+DQogICAgICAgICAgPC9SdWxlUGFyYW1ldGVycz4NCiAgICAgICAgPC9FeHRyYWN0aW9uUnVsZT4NCiAgICAgICAgPEV4dHJhY3Rpb25SdWxlIENsYXNzbmFtZT0iTWljcm9zb2Z0LlZpc3VhbFN0dWRpby5UZXN0VG9vbHMuV2ViVGVzdGluZy5SdWxlcy5FeHRyYWN0VGV4dCwgTWljcm9zb2Z0LlZpc3VhbFN0dWRpby5RdWFsaXR5VG9vbHMuV2ViVGVzdEZyYW1ld29yaywgVmVyc2lvbj0xMC4wLjAuMCwgQ3VsdHVyZT1uZXV0cmFsLCBQdWJsaWNLZXlUb2tlbj1iMDNmNWY3ZjExZDUwYTNhIiBWYXJpYWJsZU5hbWU9IkZvcm1Qb3N0UGFyYW0xMDQuT1RUaW1lRW5kJGRkbE1NIiBEaXNwbGF5TmFtZT0iIiBEZXNjcmlwdGlvbj0iIj4NCiAgICAgICAgICA8UnVsZVBhcmFtZXRlcnM+DQogICAgICAgICAgICA8UnVsZVBhcmFtZXRlciBOYW1lPSJTdGFydHNXaXRoIiBWYWx1ZT0ibHVlPSZxdW90OyIgLz4NCiAgICAgICAgICAgIDxSdWxlUGFyYW1ldGVyIE5hbWU9IkVuZHNXaXRoIiBWYWx1ZT0iJnF1b3Q7Jmd0O+iri+mBuOaThyIgLz4NCiAgICAgICAgICAgIDxSdWxlUGFyYW1ldGVyIE5hbWU9IkluZGV4IiBWYWx1ZT0iMjkiIC8+DQogICAgICAgICAgICA8UnVsZVBhcmFtZXRlciBOYW1lPSJJZ25vcmVDYXNlIiBWYWx1ZT0iRmFsc2UiIC8+DQogICAgICAgICAgICA8UnVsZVBhcmFtZXRlciBOYW1lPSJVc2VSZWd1bGFyRXhwcmVzc2lvbiIgVmFsdWU9IkZhbHNlIiAvPg0KICAgICAgICAgICAgPFJ1bGVQYXJhbWV0ZXIgTmFtZT0iSHRtbERlY29kZSIgVmFsdWU9IlRydWUiIC8+DQogICAgICAgICAgICA8UnVsZVBhcmFtZXRlciBOYW1lPSJSZXF1aXJlZCIgVmFsdWU9IkZhbHNlIiAvPg0KICAgICAgICAgIDwvUnVsZVBhcmFtZXRlcnM+DQogICAgICAgIDwvRXh0cmFjdGlvblJ1bGU+DQogICAgICAgIDxFeHRyYWN0aW9uUnVsZSBDbGFzc25hbWU9Ik1pY3Jvc29mdC5WaXN1YWxTdHVkaW8uVGVzdFRvb2xzLldlYlRlc3RpbmcuUnVsZXMuRXh0cmFjdFRleHQsIE1pY3Jvc29mdC5WaXN1YWxTdHVkaW8uUXVhbGl0eVRvb2xzLldlYlRlc3RGcmFtZXdvcmssIFZlcnNpb249MTAuMC4wLjAsIEN1bHR1cmU9bmV1dHJhbCwgUHVibGljS2V5VG9rZW49YjAzZjVmN2YxMWQ1MGEzYSIgVmFyaWFibGVOYW1lPSJGb3JtUG9zdFBhcmFtMTA1LmRkbE9UVHlwZUlEIiBEaXNwbGF5TmFtZT0iIiBEZXNjcmlwdGlvbj0iIj4NCiAgICAgICAgICA8UnVsZVBhcmFtZXRlcnM+DQogICAgICAgICAgICA8UnVsZVBhcmFtZXRlciBOYW1lPSJTdGFydHNXaXRoIiBWYWx1ZT0icyZxdW90OzpbJnF1b3Q7IiAvPg0KICAgICAgICAgICAgPFJ1bGVQYXJhbWV0ZXIgTmFtZT0iRW5kc1dpdGgiIFZhbHVlPSImcXVvdDssJnF1b3Q7MSZxdW90OyIgLz4NCiAgICAgICAgICAgIDxSdWxlUGFyYW1ldGVyIE5hbWU9IkluZGV4IiBWYWx1ZT0iMCIgLz4NCiAgICAgICAgICAgIDxSdWxlUGFyYW1ldGVyIE5hbWU9Iklnbm9yZUNhc2UiIFZhbHVlPSJGYWxzZSIgLz4NCiAgICAgICAgICAgIDxSdWxlUGFyYW1ldGVyIE5hbWU9IlVzZVJlZ3VsYXJFeHByZXNzaW9uIiBWYWx1ZT0iRmFsc2UiIC8+DQogICAgICAgICAgICA8UnVsZVBhcmFtZXRlciBOYW1lPSJIdG1sRGVjb2RlIiBWYWx1ZT0iVHJ1ZSIgLz4NCiAgICAgICAgICAgIDxSdWxlUGFyYW1ldGVyIE5hbWU9IlJlcXVpcmVkIiBWYWx1ZT0iRmFsc2UiIC8+DQogICAgICAgICAgPC9SdWxlUGFyYW1ldGVycz4NCiAgICAgICAgPC9FeHRyYWN0aW9uUnVsZT4NCiAgICAgICAgPEV4dHJhY3Rpb25SdWxlIENsYXNzbmFtZT0iTWljcm9zb2Z0LlZpc3VhbFN0dWRpby5UZXN0VG9vbHMuV2ViVGVzdGluZy5SdWxlcy5FeHRyYWN0VGV4dCwgTWljcm9zb2Z0LlZpc3VhbFN0dWRpby5RdWFsaXR5VG9vbHMuV2ViVGVzdEZyYW1ld29yaywgVmVyc2lvbj0xMC4wLjAuMCwgQ3VsdHVyZT1uZXV0cmFsLCBQdWJsaWNLZXlUb2tlbj1iMDNmNWY3ZjExZDUwYTNhIiBWYXJpYWJsZU5hbWU9IkZvcm1Qb3N0UGFyYW0xMDYuZGRsT3JnIiBEaXNwbGF5TmFtZT0iIiBEZXNjcmlwdGlvbj0iIj4NCiAgICAgICAgICA8UnVsZVBhcmFtZXRlcnM+DQogICAgICAgICAgICA8UnVsZVBhcmFtZXRlciBOYW1lPSJTdGFydHNXaXRoIiBWYWx1ZT0iJnF1b3Q7MCZxdW90OywmcXVvdDsiIC8+DQogICAgICAgICAgICA8UnVsZVBhcmFtZXRlciBOYW1lPSJFbmRzV2l0aCIgVmFsdWU9IiZxdW90OywmcXVvdDsyJnF1b3Q7IiAvPg0KICAgICAgICAgICAgPFJ1bGVQYXJhbWV0ZXIgTmFtZT0iSW5kZXgiIFZhbHVlPSIwIiAvPg0KICAgICAgICAgICAgPFJ1bGVQYXJhbWV0ZXIgTmFtZT0iSWdub3JlQ2FzZSIgVmFsdWU9IkZhbHNlIiAvPg0KICAgICAgICAgICAgPFJ1bGVQYXJhbWV0ZXIgTmFtZT0iVXNlUmVndWxhckV4cHJlc3Npb24iIFZhbHVlPSJGYWxzZSIgLz4NCiAgICAgICAgICAgIDxSdWxlUGFyYW1ldGVyIE5hbWU9Ikh0bWxEZWNvZGUiIFZhbHVlPSJUcnVlIiAvPg0KICAgICAgICAgICAgPFJ1bGVQYXJhbWV0ZXIgTmFtZT0iUmVxdWlyZWQiIFZhbHVlPSJGYWxzZSIgLz4NCiAgICAgICAgICA8L1J1bGVQYXJhbWV0ZXJzPg0KICAgICAgICA8L0V4dHJhY3Rpb25SdWxlPg0KICAgICAgICA8RXh0cmFjdGlvblJ1bGUgQ2xhc3NuYW1lPSJNaWNyb3NvZnQuVmlzdWFsU3R1ZGlvLlRlc3RUb29scy5XZWJUZXN0aW5nLlJ1bGVzLkV4dHJhY3RUZXh0LCBNaWNyb3NvZnQuVmlzdWFsU3R1ZGlvLlF1YWxpdHlUb29scy5XZWJUZXN0RnJhbWV3b3JrLCBWZXJzaW9uPTEwLjAuMC4wLCBDdWx0dXJlPW5ldXRyYWwsIFB1YmxpY0tleVRva2VuPWIwM2Y1ZjdmMTFkNTBhM2EiIFZhcmlhYmxlTmFtZT0iRm9ybVBvc3RQYXJhbTEwNy51Y0Nhc2NhZGluZ0Ryb3BEb3duMSRkZGwwMyIgRGlzcGxheU5hbWU9IiIgRGVzY3JpcHRpb249IiI+DQogICAgICAgICAgPFJ1bGVQYXJhbWV0ZXJzPg0KICAgICAgICAgICAgPFJ1bGVQYXJhbWV0ZXIgTmFtZT0iU3RhcnRzV2l0aCIgVmFsdWU9Imx1ZT0mcXVvdDsiIC8+DQogICAgICAgICAgICA8UnVsZVBhcmFtZXRlciBOYW1lPSJFbmRzV2l0aCIgVmFsdWU9IiZxdW90OyB0aXQiIC8+DQogICAgICAgICAgICA8UnVsZVBhcmFtZXRlciBOYW1lPSJJbmRleCIgVmFsdWU9IjIyMSIgLz4NCiAgICAgICAgICAgIDxSdWxlUGFyYW1ldGVyIE5hbWU9Iklnbm9yZUNhc2UiIFZhbHVlPSJGYWxzZSIgLz4NCiAgICAgICAgICAgIDxSdWxlUGFyYW1ldGVyIE5hbWU9IlVzZVJlZ3VsYXJFeHByZXNzaW9uIiBWYWx1ZT0iRmFsc2UiIC8+DQogICAgICAgICAgICA8UnVsZVBhcmFtZXRlciBOYW1lPSJIdG1sRGVjb2RlIiBWYWx1ZT0iVHJ1ZSIgLz4NCiAgICAgICAgICAgIDxSdWxlUGFyYW1ldGVyIE5hbWU9IlJlcXVpcmVkIiBWYWx1ZT0iRmFsc2UiIC8+DQogICAgICAgICAgPC9SdWxlUGFyYW1ldGVycz4NCiAgICAgICAgPC9FeHRyYWN0aW9uUnVsZT4NCiAgICAgICAgPEV4dHJhY3Rpb25SdWxlIENsYXNzbmFtZT0iTWljcm9zb2Z0LlZpc3VhbFN0dWRpby5UZXN0VG9vbHMuV2ViVGVzdGluZy5SdWxlcy5FeHRyYWN0VGV4dCwgTWljcm9zb2Z0LlZpc3VhbFN0dWRpby5RdWFsaXR5VG9vbHMuV2ViVGVzdEZyYW1ld29yaywgVmVyc2lvbj0xMC4wLjAuMCwgQ3VsdHVyZT1uZXV0cmFsLCBQdWJsaWNLZXlUb2tlbj1iMDNmNWY3ZjExZDUwYTNhIiBWYXJpYWJsZU5hbWU9IkZvcm1Qb3N0UGFyYW0xMDguaGlkZGVuSW5wdXRUb1VwZGF0ZUFUQnVmZmVyX0NvbW1vblRvb2xraXRTY3JpcHRzIiBEaXNwbGF5TmFtZT0iIiBEZXNjcmlwdGlvbj0iIj4NCiAgICAgICAgICA8UnVsZVBhcmFtZXRlcnM+DQogICAgICAgICAgICA8UnVsZVBhcmFtZXRlciBOYW1lPSJTdGFydHNXaXRoIiBWYWx1ZT0icyZxdW90OzpbJnF1b3Q7IiAvPg0KICAgICAgICAgICAgPFJ1bGVQYXJhbWV0ZXIgTmFtZT0iRW5kc1dpdGgiIFZhbHVlPSImcXVvdDssJnF1b3Q7MSZxdW90OyIgLz4NCiAgICAgICAgICAgIDxSdWxlUGFyYW1ldGVyIE5hbWU9IkluZGV4IiBWYWx1ZT0iMCIgLz4NCiAgICAgICAgICAgIDxSdWxlUGFyYW1ldGVyIE5hbWU9Iklnbm9yZUNhc2UiIFZhbHVlPSJGYWxzZSIgLz4NCiAgICAgICAgICAgIDxSdWxlUGFyYW1ldGVyIE5hbWU9IlVzZVJlZ3VsYXJFeHByZXNzaW9uIiBWYWx1ZT0iRmFsc2UiIC8+DQogICAgICAgICAgICA8UnVsZVBhcmFtZXRlciBOYW1lPSJIdG1sRGVjb2RlIiBWYWx1ZT0iVHJ1ZSIgLz4NCiAgICAgICAgICAgIDxSdWxlUGFyYW1ldGVyIE5hbWU9IlJlcXVpcmVkIiBWYWx1ZT0iRmFsc2UiIC8+DQogICAgICAgICAgPC9SdWxlUGFyYW1ldGVycz4NCiAgICAgICAgPC9FeHRyYWN0aW9uUnVsZT4NCiAgICAgIDwvQ29ycmVsYXRpb25FeHRyYWN0aW9uUnVsZXM+DQogICAgICA8Rm9ybVBvc3RIdHRwQm9keT4NCiAgICAgICAgPEZvcm1Qb3N0UGFyYW1ldGVyIE5hbWU9IlRvb2xraXRTY3JpcHRNYW5hZ2VyMV9IaWRkZW5GaWVsZCIgVmFsdWU9Ijs7QWpheENvbnRyb2xUb29sa2l0LCBWZXJzaW9uPTQuMS43LjYwNywgQ3VsdHVyZT1uZXV0cmFsLCBQdWJsaWNLZXlUb2tlbj0yOGYwMWIwZTg0YjZkNTNlOnpoLUhhbnQ6N2I5NWVkMWEtNmEzZi00MWRkLWJjNWItNjNmMzllZGJjNGI0OmRlMWZlYWIyOmZjZjBlOTkzOmYyYzhlNzA4OjcyMGE1MmJmOmY5Y2VjOWJjOjU4OWVhYTMwOjY5ODEyOWNmOmZiOWI0YzU3OmNjYjk2Y2Y5OjhhZDE4MTAxOmNhNTdlZjNjOmE2N2MyNzAwOjg2MTNhZWE3OjMyMDJhNWEyOmFiMDllM2ZlOjg3MTA0YjdjOmJlNmZiMjk4IiBSZWNvcmRlZFZhbHVlPSI7O0FqYXhDb250cm9sVG9vbGtpdCwgVmVyc2lvbj00LjEuNy42MDcsIEN1bHR1cmU9bmV1dHJhbCwgUHVibGljS2V5VG9rZW49MjhmMDFiMGU4NGI2ZDUzZTp6aC1IYW50OjdiOTVlZDFhLTZhM2YtNDFkZC1iYzViLTYzZjM5ZWRiYzRiNDpkZTFmZWFiMjpmY2YwZTk5MzpmMmM4ZTcwODo3MjBhNTJiZjpmOWNlYzliYzo1ODllYWEzMDo2OTgxMjljZjpmYjliNGM1NzpjY2I5NmNmOTo4YWQxODEwMTpjYTU3ZWYzYzphNjdjMjcwMDo4NjEzYWVhNzozMjAyYTVhMjphYjA5ZTNmZTo4NzEwNGI3YzpiZTZmYjI5OCIgQ29ycmVsYXRpb25CaW5kaW5nPSIiIFVybEVuY29kZT0iVHJ1ZSIgLz4NCiAgICAgICAgPEZvcm1Qb3N0UGFyYW1ldGVyIE5hbWU9Il9fRVZFTlRUQVJHRVQiIFZhbHVlPSJPVFRpbWVTdGFydCRkZGxISCIgUmVjb3JkZWRWYWx1ZT0iT1RUaW1lU3RhcnQkZGRsSEgiIENvcnJlbGF0aW9uQmluZGluZz0ie3tGb3JtUG9zdFBhcmFtMTE1Ll9fRVZFTlRUQVJHRVR9fSIgVXJsRW5jb2RlPSJUcnVlIiAvPg0KICAgICAgICA8Rm9ybVBvc3RQYXJhbWV0ZXIgTmFtZT0iX19FVkVOVEFSR1VNRU5UIiBWYWx1ZT0ie3skSElEREVOMS5fX0VWRU5UQVJHVU1FTlR9fSIgUmVjb3JkZWRWYWx1ZT0iIiBDb3JyZWxhdGlvbkJpbmRpbmc9IiIgVXJsRW5jb2RlPSJUcnVlIiAvPg0KICAgICAgICA8Rm9ybVBvc3RQYXJhbWV0ZXIgTmFtZT0iX19MQVNURk9DVVMiIFZhbHVlPSJ7eyRISURERU4xLl9fTEFTVEZPQ1VTfX0iIFJlY29yZGVkVmFsdWU9IiIgQ29ycmVsYXRpb25CaW5kaW5nPSIiIFVybEVuY29kZT0iVHJ1ZSIgLz4NCiAgICAgICAgPEZvcm1Qb3N0UGFyYW1ldGVyIE5hbWU9Il9fVlNUQVRFIiBWYWx1ZT0ie3skSElEREVOMS5fX1ZTVEFURX19IiBSZWNvcmRlZFZhbHVlPSJBUitMQ0FBQUFBQUFCQUR0V3V0ekc5VVZ0MjRzK1puWVpJZ2dKRWdiWndiSGswamFYYjBzMlJhMUZRZTdpZU1RS1FrendHaFcydXZkeGF0ZHNidXlyV0dZaGtKSVNBaUVnZENHMEZLbXBGQ1lwR21aZ2tsUzJqK2gwK21IZm00dFB6NzFUNkRuN3E0ZWZrR2dFVk5tcWlUUzNuTi85OXp6dU9mY2MrL21LMGZYZzhqcHlXU1NxbUpvcXF3Zng4OFdKUTBmVTNWamhNdE5IOGFsVE1idGNtN1Rza1pLVWdRWmorWUw0d2VkVzZFOVVaUU5hY05tbTVRWGpuQkZKU2M2TytEeDhTTFdEVWxWbkIwNWNYb0NjL0lobVJPY0xtRm1ncE9VcnNIOVRaM0l0YU9sZFRLZFZNbHdlRGlrYXZtamt5MlRhWk9mYXpKOWtETXcvS1NsUE82QUg5WGdaUElNaVBTY0FrUFFWL0RwNHJ1YzdiNUlsSTZ3VENRVTZYSlRudFlNY0NDRG5UdVpXSXdOOUFjWW1scVlQMSsrZUk1aTJEaE53MStQT3pPdUQ4dFlNMUpZMTBGT3dsa3RHcUtuR3pxT2NRSStCUXkwUEtkTmk1NXRHVUlZMTRtRVIxUkI5TFJrTkU2WkJxVVJIZlhzc0h0Qlk2MlVNalN3bUFucXlKeFN0ZW1VWkdBQWJnbkRuSHRzNUhEUlVJY0xCYmswbXM5aW50Q1N1cDZVT1YwWFBMMDJocGpKZ0grcEhIaElCdGRJeEpxVFNzVkpBdkMzQkQyaTVrQkdvczl4UEtWaFhiUTFPcVJ4ZVN4NjJqTERoc0hsUkJEQ2I0QlBHSnBsbUJnZmpiRThuK3YzTVZOMHpoZks0b2d2eTlFUkg1UGx3MncvbmN1eU1jN1RuRW5oT2FlREFYMTU0eGluY2V6ODdpWkhVMU1UTVR6NUpaOU9CRjlIVXlYZHdIay9XSjA3UUozRUdoRmdLT1NueVo4RFZCS1dTVkhEUXdvdUdob25INkNPRmJPeWxJT0ZsbGFuc1RLVWpVYTVjQzRjWVdMQkVLYjdZMDdDZkVjZFQvTXJ6V1ZsdkFWNmRsWmIvdU00cnhwZ2NYdkt0aWZ5Y2lvbjRqelhBVThIcGFtcHg4QUtXeHlPYlRZekcwZGtiaU9zWE0zdzljWDJ3VWZuOGpJMVk4dmR3L2pwSGdvck9aVUgxa005UldQS3gwUjZIazFzYlIrYzArTzZPUUVGSXhSOXFLZkhlb2pQd2JOb0dJVjRJREE3Tyt1ZkRmcFZUUWl3Tk0wRW5wZzRZZ2xWd2VaMUhqUUF4cHBpYzlOOWVRazhyYXRUaGkrbjV1T0E4MW1vSHBpVm9zaThXTVo1ckJpVUFuNGQ2akgxWjZ4ZXF4L0dGV1E4bHk0VnNFMjE2RHFFTnloVEkyN0VicGlmNFhKNEJBdVMwa01ad0dLb2h3dzFsM01QWllrU056aE53TVpSR0tBWEFFMlV6MHZLWkM1WDFFQjdzRm5nRytjQU9VWVZ2bUZUSE1RNUdSWXFpWlhHNm5LUUt4MlI4cEl4cGhhMW85L0xMR01ObjRXazZJWk5NZ0dialZoVjVudVlwcUhhVEtZbmlycVJGSEZ1dW9Gem1IcUFkeG85UldNZGo2MTl1M0ZSVXBtaGNSRUNCY1Z4YzhkdjJBd25PVm5pR3p6SE1QOE1MTm9HVDVMaUlBR1hKclZoTWxlRFZSbFhab2paU0sxM1QyWWFES3pmTGszYTJxM1ZKTm9TYmJJL0cyWU55cVd3VVpWa1hMY3AwS3NWY1pWT2FyMXFTVlBkMlN1OUozU2NMR29hY0laS2p5TUFjL0JkYlB3NVVaVnllSTIyZVc2dTBpb3FXYldvOEppdjJlQnV0TFdzWkpZdENaY1Q2cWUvdFF6eVVHb0pXdHo2NGZMZnBjNnh4MWdzdm1sTVpTTGZqRjBDRGRic1hWSEZzaU5saXlieEZjdldUS3VwczVNYWp6WFRNRFpPNVBTa3lDa0NCZ05KaWc0bkJMQlB6YXgxZFZJaUZoc00xTGRYZ2F4Q0o4SFNGc1p1VmlGckN4V1QyVHBpRFY1ZmJpUkNBRjFGMkJBM2xtRFkxY0N4OVVDUytoTjBEV2EycTZqVm0zWWlGQmtNckNGdEFLMndYRU9wSXV2MlRnS3JiOVpoS250Zklrb2cxZFphaE1tYXFVTFdpRi9aZWhKQklrKzF0UTR3bG9qVUFlck1WRTM4Q1FiOFUydFZBWFY1TzhHQWVlcmJkZXVobG5oTlJxc0lWZGlxMUVtVVdrMVl3NjR1K2NFcVk2SUJoZzBFNlFydit0NUthRnZMM3c3cFZmRXlHRmdUd0lsbWNqcGFjMm9pWnlWWFpvSjdSdFhnUjFMSXowaFJrdm0yekhFOEl4RUlPUkcyd2dmWnA4T3Y3RStIcDZ0eXNNVWswUWx3MUhWeDVzSDAyeDVMM1FodDZlTGRMSHgzdVJFY3Y0OUlnbWlNcUhNakd1YW1SeFdpSkMveWJqUUZxR2JrTUZFdEowRTg2QkI1SGpsTlNuTWF6eG5PQjVldlhGNjY5UExDL1BWLzMzbDErWk1MU3g5ZExIOTU1cCtuZndPNFhRVG4zZTUwcFk2TmpSeG1nUEt3VGVsY3ZEbS8vUHRMSytkUEw3Ly9LdEQzVkpBMFRUOUcwMERaYTFPNkZtN2RLcCsvdXZ6cDJjVmJsMkF1Nk9xdEI4Y0l1TSttN0FBd1FWNmVYM3p6bmNXenJ5eTk5ZEhTaDI4QUlGZ1pZbHVKUndNMnBkdWkvT3YwNmZMdHR5ZVh2dnd0OUQzYTFXMnFYRFZGbDl1QkhHNUhOODhMNUlsSGo4SG9kazlIaHF3T2NxbkJHYzdPRW55ZUNreE1QQlhnZVU5N0pnWGJwbUhld0RUOVJYcjE2dC8vMmtydVZSVGVKbzAwZTYvL285VzhnemlPT1g1U2tVc2lBTktxQ2hGVWNQcWVYTG45eThVM3p6OU5sZCs0VTM3OWs4V2ZYVnU4K2pLWStNbVZxMWRNK3VMOG1aVXJINVRQZkZpKzhZWGxKdkFZZkhlVFgwK0xxdVJrS1RmdFRKOHdKRG1URktmQnYybFZFR1JzT2xLU0phTzByN2VZSStLWW9tWnk0blN0cS9jQXRhcVRsMmJJWWgrR0ZkTGJOOENEa1JBeGtWTTNTakoyZXVIZ2IwaXd0L29nWkFRbGJxaUZnWmtxci9pQXZZcGF3ZDd0WnFUUjRRQVQ4WFNTZTV6YWZVeDNraXZxV0RjVGdKbkNCVS9MZDdNSFNOYXVLbnhXdG15d3pSQWwzUS9oWE1SRHZiMERQQ3g4dDh2ajJ0QnhiZXY4TmtZV3dpcTNqZkhvTUZrQTN2dFhEL2J1cVByYTY2NzYyUHVBNkgzd3YzV29kNmZ6MkYxNEVnVGR6SStrYTJNdmVoLzZqZzcwN2hLOHV3WHZ3OS9hTzE3UHhqN3hldGNZbEtvNndidW56dnFUSUV1enB4TmlKNVdxQkNtWWVTT3JmZjM2dHk1SE4xbi85WjNyTGJmbExpM25Nb1VCM1lpeHlLWG1Ic0pvaE5TTkF0KzlZMmNiSk0yVkZ5QmhuVVUwaldnRzBTeWlnNGdPSVRxTTZBaWlvNGp1UjNRTU1UUmlHTVN3aUFraUpvU1lNR0lpaUlraXBoOHhNY1RTaUdVUXl5STIyQWllOSsvZnNsUFk3T04yVEpGTm9hYWxkeTlSYmVqZWk0SFlFR0xEaUkwZ05vcllmc1RHVUpCR1FRWUZXUlFNb21BSUJjTW9HRUhCS0FyMm8yQU1oV2dVWWxDSVJhRWdDb1ZRS0l4Q0VSU0tvbEEvQ3NWUW1FWmhCb1ZaRkE2aWNBaUZ3eWdjUWVFb0N2ZWpjT3lITGorNGJHaFRsOTNOeDNScld4ZnNldTRtSHAwZ01lZnQyU3pPdmo0N1dhRzBZWGFxZGQyckdMTlczLzhENjM5MVlmN1E1Yi9IZ1NYWWxhaURWTExQbXM3MmJDT0JjSkpzam9ja0xQUE81cVRLWTg5Vzg0NERxbTZMMkVhSVNYSXZZeTJMenUxUXhmb29YOVc0OE55NWN1WmkrZEs1OHMxemkrK2ZjNVhQZkxadysyM1g0cnN2TGwrLzZTcWZ2clAwK25WMytkT2JzRjhIRnQ4OVY3NTFHWjZXL25pcFBQOXBKL3dyWDdoaVZmZmJsODkrRElYNjRudlhGbjgxdi9DbmR4ZXZYZDllZnU5eklDMThlWUYwWExzTzJPMFdlT25qRjVhdTNGbTRkV0hoOW1lZDBMbDg3dUx5cjMreDhPY2JUdk9Zc3FQVFFUdkFwN1NEZFFRZElVZllFWEZFSGYyT0dIbFRTZE1NV0xlejNsaGdsQ0pZYUxkbkZ4eWM1bzVnUlRERW84UUdhcTZvSjJVSks4YjRRUXlsOHppME1LZUo1cVBaSzNwMlp3NUtlbUZVTWJDRytWT3F4dXVUMldkcWc5b3o1a3ZLQ1U2YnhwNDJzeFFYUnVjS0luU01WMTdxaW1iOWhzMXFZemhuU0RONGZHSlVBSFRsbFNQMmJNc1FwNlJFYWNvNExDbDhSOTlQVW5DMk84YmwvS2R3RnZocFdOZjlTVFdmVnhVL1NaUDdWOEVQVUp1aWEyOENvLzZnUDhqNG1XOStGYWdVWmJuSnN6MWp2U1ZOcXljS0Jhd2xPUjJMOWd0UFhaOEZRMnlZeEovNjJpUnV6Qm1UYVRpczZLb3lnZlBxK2xTK0ZyQnBRbzlNeVNwbnhHVThaUXp3NENDWks4VWxSWllVN012S2FtNTZvTUR4NU0xaG5GNmQ1MXV0S3RUVFdqc3lPVTlKdkNIdXNnN0xwUitSOTU2ZTFwcHJtak43VWlQb3A4ZzZFazNqVXJIZy9Ea3lhMDlETW1TejlwU21xSDIxYXRRdm0wdU1TZ3hSTEUxVGp6eEMxZnFvUFVOVWIyL2ZjMVE3VlU4ZHFtdjQ5V0xXdWovZFJ4OGdIUG9HcVBibkI5cG5PSTFTMDNNR2dIbFltK1FtMEM5Z1k5UzZGQndwamZQckRTeHpXV0sveDhHNmZhYVVKZ09RZ2ZpNDd6blM4a3VLZ2pXeW5vQ3g5ZTdjUDJXZWEvYjlPSldaMEFVekFNYVZRdEdBNkRFajRBQzFUbGxiME9kNTgwcWcyUnRjWlU5dkdKMUc1ckhmV2kxV3Vucmd5ZklISDVaLzk4bkthMitYYjd6emRQbnpQNVF2dndjSGJ0UEJiemtxSHFUWXdoekYwUEJWZVJpZ2NxcXNhdkc5Y0h3Zm9MTGs2S2VSYWpoTzdUMTBhTFIvT0RKQVRhbUs0WnZGNUZvaVRtVlZtUWVjU3U0WjR4UURYSFFWVG9nVUQxRXJhRnhwZ0pvVkpRUDd6TXZwT0tXb3N4cFhxQXp3YVJ3dkZmVTRGWVNKZWRSaUNuOGZTU3JQMjNyY3QyL3A2bzN5S3hlWFhucC81Y3BMa0xQNm9QUEZpcGFPTUxUT1ZscGJhRDlKMGhmV3RGOWYwMzdUUWY1L3huM0kwZTF1SW44Njc5L2ZCSW4rY2pYY0lQR2Ixd2hYTEVwemx4bC9Eem0zVm9KQlVSVTh3UDhIeGlZVWkyZ2lBQUE9IiBDb3JyZWxhdGlvbkJpbmRpbmc9IiIgVXJsRW5jb2RlPSJUcnVlIiAvPg0KICAgICAgICA8Rm9ybVBvc3RQYXJhbWV0ZXIgTmFtZT0iX19WSUVXU1RBVEUiIFZhbHVlPSJ7eyRISURERU4xLl9fVklFV1NUQVRFfX0iIFJlY29yZGVkVmFsdWU9IiIgQ29ycmVsYXRpb25CaW5kaW5nPSIiIFVybEVuY29kZT0iVHJ1ZSIgLz4NCiAgICAgICAgPEZvcm1Qb3N0UGFyYW1ldGVyIE5hbWU9Il9fU0NST0xMUE9TSVRJT05YIiBWYWx1ZT0ie3skSElEREVOMS5fX1NDUk9MTFBPU0lUSU9OWH19IiBSZWNvcmRlZFZhbHVlPSIwIiBDb3JyZWxhdGlvbkJpbmRpbmc9IiIgVXJsRW5jb2RlPSJUcnVlIiAvPg0KICAgICAgICA8Rm9ybVBvc3RQYXJhbWV0ZXIgTmFtZT0iX19TQ1JPTExQT1NJVElPTlkiIFZhbHVlPSJ7eyRISURERU4xLl9fU0NST0xMUE9TSVRJT05ZfX0iIFJlY29yZGVkVmFsdWU9IjAiIENvcnJlbGF0aW9uQmluZGluZz0iIiBVcmxFbmNvZGU9IlRydWUiIC8+DQogICAgICAgIDxGb3JtUG9zdFBhcmFtZXRlciBOYW1lPSJfX1ZJRVdTVEFURUVOQ1JZUFRFRCIgVmFsdWU9Int7JEhJRERFTjEuX19WSUVXU1RBVEVFTkNSWVBURUR9fSIgUmVjb3JkZWRWYWx1ZT0iIiBDb3JyZWxhdGlvbkJpbmRpbmc9IiIgVXJsRW5jb2RlPSJUcnVlIiAvPg0KICAgICAgICA8Rm9ybVBvc3RQYXJhbWV0ZXIgTmFtZT0iX19FVkVOVFZBTElEQVRJT04iIFZhbHVlPSJ7eyRISURERU4xLl9fRVZFTlRWQUxJREFUSU9OfX0iIFJlY29yZGVkVmFsdWU9IlNXOHd0ZHNrMURYL3J4a2ZzT1d3aWRYbTdKMFRTU2ZMTFVXQVE2VnE0R3EwSUMxMG4yOUwzMncrRGZrL0VyZldpWEZmNVdLbExtMWhaMnRreG1DbjZXQU5jdFpwaWEvbjdNNGVIUmhUOGxnWXl0ZWxRbDYwdTQ0R3IwdEJLdVREUzk3OUdXb0U3TUZncWI4aTJOREprOGJPMHA1ZjEzUHBzaWpJMStKd0Nac2lTVHJubTFjbTJZNzkzemdzcjNEUGg1QjA2dFVSS1ZNMHdQczZiaW9pdHZLVy9GS2RQUUFYUXU2VTdTUElGRDBJcWo2bW91MUxPekxqK3kyUWN3OUdPbUEyMTJtdjAxemlSRGcxZ0pvTTJTS2tZay9IeU1VbWpVYzJjcFRQWWlnS0JVRTNyUU1mRkN0eUhreForSkxTY0hhUHFnWE16S2xZcnFpdFZvYm91Z3ZHdFV6YXM3dnl2VWlJWStFekVFb3h1WVJBbkpKQVcxWDQ5Q1RHaTcvR0hSMW5Ca2N1SlR4SysvTDNwcjdXaDdWTnVxVXBsb2EyMVJlb1dPVEJTU25HZWNVWkxaL1ZLOGZBWURkK2wxeXpvRC9RNlQ4SVVTRFRya1RIK3NMcmxmRHNZK0NCV2VIdVJnY0ltOVF1SVVwRHhTUU5uamFlaDZ6c2tPWlRTRVVldDE1VnpCVG1Nd2Rra1RsVmI2YlJmVnVmb3FHYzloQmR0R0k2Sm1wQzJFd1Z2bFM3WTMwY2lmMStRNTJKSTlNUHpINW1idFErTGlLT2lQcjFiNTlObm93VWpFaU9ReG1nTmpGRm4rMXVyaVJjMHhDRWtDQ3pyaVl3TWtuMjduSFp5U25SRTgrU3V4NzhkdHZuM0ZycE44SWUxZjFVdFhZMzVLNnhYL1NnWVRIVllmWVNVc1RIM1pHUUYvLzF5a0FJdXU2SXpWbHV3Sk9ZWUJTRHp1eG1tOU5uK1B3RnFCeDI2NGdsclBMcTJDM2FwdFNMVERhdEh4eVBUVGxOT1dIMThDem5GdkdlS2NxaDZmcDdRd01QQ0hnRFFNOG93VE03aG4wdHFNN2p3WENvYURObjhLdXk5bkNyRUNvWUFxUjRXS2FhNnhtanliU2FVbEJ0Z29TMjFyK21PTXk2OVRpUE5CSi9VM0hMWWRSTDVINUxFeFk5NzgxQ3lmdmVySENiOGFIOEc5dlJmUnZtRXNTVkYxZ3JYeHJ2RVhwVm1Yakk4dUp2VkVZb1dFUTlvczY1YVlnampIYXpvTDVEbmNEKzdERWI0MUxtZzZQaENpN0hKaVJtRTZDVjNFY0V3cUhZOTNrakhNdDV5eFNlS2ROY3hxbGkvTU5pd2RFZUV1ZVhtSENDdVNUMzJ4cWQ2RjJhYk5kSzRSUFdmdEVZLzZYeUpmSFVMMWI5djhaVmpJSWVhQVlNVzBGRTh5ZVhIQS8yeHZYVEQzOFFNRDBoaVBpK0RQVCtwdFhjaGlwN0N1b0FqcWZhUEFqekV3eDFKTytNZDcwQWJtWUZvV3BKbDJ5N3JPOGFBVm9JWkZ0N1Z5ZTRySG1PSW1za0x4dElWaTI4Y00rcll3ejJuU1YwV29NZHAxbWFTQXVUZTBaZGM3SXFCNW1rcktMU3B4OE9ZMVdpN1lBQWh6VEs2Rm43cEN5ZmFyRk1RRk5RTGlyM2lack50VjNEQVlGYWZncjdPWm5rbUZPTFIrQ3FSWWVGbE9jL3NDZFhvU3p6bHVlRWtUTEhpRVhlREFzNGlVSCswdFl2WTU5anQ5aGZsbnduamRReG9GM2JoN0E1dGg0TFRwT1kyZkhVKzlLaTJjQ2dSTE9EMlB0S3FCdTdyZ3BOZVRiVm9mV2pFNVV6Y0JYa0N6U0JnTkhNWnFNSDlRNTJMQ2NUTTBqM2tmZmlvbk1wYTVRWjFhUEpUNzF5WnVTZXdiRWhlNUtaM1c0U20ydnFWVHovVTlUcFZYd3ZhdGVnRXFLbkZjYXN4VHgwaFlqc2tzVE80V3h1cjh0dHE4eDNPYmR5VTZuN0Y4dkpTbWF6Wkp4MHprYkxFT2t4UjQ4WWc1ays2ZWJjck05ZVY1LzRQdmdxOFRGSWpZQnBBTlM1U20ycWIxSE41eis5OGtXdlE1UzFPaFQva1RyZVpueEI4UTZhd3BCKytDMmM0cEtUYXBRSzY2WlFaVkk0RElYeEVDK3k1c3FaRjlTdzREUTNXY2YyeC9Rem9ISCtNZGdNb3FoVUFUWGV0K25lWUdXeXMxcnFHRkE1OFZkMlVYdDl5bkpGUTl1d01QWkNkNHRkZUo5NTdBRllJTEVwVzY4TGN2WHZ1aUxWelhvWSt0UGlaMERvM2tGUHZUaG9ZdUFTdWFURk1zT2YvUkVtOUJkNG1mcVlTL0VJaHZITURZSE9XQzZQb1BMUjgzdGhwL2pRMVEvZEZKdysvR3NsYjdUMk0wemJJQ3JWVUdRY2F5VGdnYk9NRnRJb29nQzBCL0F6TWYxdWxjd24yQnZFdjBMTitqbmY4MnBWUXpCUEthSDBZVUZGVUdra1YrTVNkdzZUcmI4dUZkbytnSDY2VzNMdU8yTmo5dmlhTUtyUU4ySzRjRmdrQkpOem5XNUpSNnJqTmwvTnFkVThEdExEL001MjZPK1ZKaCt6bDllODJSR0pOLzNpWXVoV2FtRlJBdndrQ29IZC92anhxUENKTmJMS0JONXlMZFBRR0Z5akV0a1RYaThQSzlKOW1ETWw5ZVVrZUllSkdNWEN0MHpxVTUrRVFGWC9qTDdQSm9ibjVod0VQbVRoZy9hRkxNSi9wcThWREhTTXAwaWM3L0pMTWl5a05jZG9mekRyczlRSzlNTkp5U2pzQUZ6V0pBcGlHd2Y2dUw3cFRKcWZTRXFIRGZJWWtFcTJMUHdSd3I5RUhIeWRmbnF1ak5HeUFtZkhvNlUvb0NOVE1qeENpVjluYm9US2N5SlRtaVZLUFU2Uy9wQ2FZZ0hkaVNmNWZKTGgzNkhnaVlsa2dTS0hwWVJCTzlFRjhSb0pOMEUzdEtjcUhES2VVS3VwRUtQRmVkeXZjUFZpbnZXd0hyM2g3a0l0b2lHLzN0bEdRS3gzZytSSWNwdGZzUmJORU5jQnprRDhZdGFEM2N5dEJYcVhFdVYxakJMOTNtY1N2aXFYb1IxLytEdCtIenJodHdmV3hFNEVtV3lrUXFQYWJwMEF0TmxkbE5xd2VsSDYxcVR6QkNvajdROW5MTVM4Rm0yWkUxUjRuMFI0NWg4dTQ3MmgxVitaUVhYenJrUk1XdU9hRDVIOHoyU2hTQitvU3NmUVZ4cjJFYkdwYnRpclpsYkZHazF2cHg4WDFjQnM5RHVnNnl2VEwyY29DY1IwOU1RT01wUmplTXdPZkNoV2pTOE5kV2ZlTXYvMkd4bzV5d2RMNUF2RWE3R1JPRCtBS1Jzdi9SWkJuQmpNazF3ZHptOHAvV1hMSGpMSUJlRFk0MC9lNnpRcGZBTGJNeVEyMVdnakRRc0ZXcE84QXdaQXcxRDkxaEo5NGEzTjdENk82WjJweGMvUFVPb2Q4VUhmcnUyRmlGWGJEaE8xL2Y4YnZmWHhNcFlUZjVsbzlxazczRG1veXU5WWh3NURkbmlyZEtReWM0VjhGZktIbWxvOEswQU9ydUpGckNabHJ5ZkkwMlc5UmNsME5iUmdOYTZiTGFjMGRWaVlTUm1DWG95NU9rYjJ0VkxCRWVYTlczTit0cG5OeUhvSnlwYy8wanlFeGhSdUVseVZDZHVXT2dTNTBlSlpiT0FWTWVWUWZCa0NibitMdktiQStOZzNCZEFFcjlHenowWEs4RzR2K2NYbFRwLzRnY2pxSUdMOTVuaGk0eEZyRnpJdHBkR3pWVWMvOHVMdlBOUjdaL2t5V01IcEkxb0lPOUxyMkVydmYxQjVRaXd3SEM2L2YvZmxhNWFpZ2FxcysreGhzcjR6ZHg5bnhqSWQ4akRieVMyL0xLM0xHWjl4VU5ldWljMExpdTUvd3JjOTkrS3dQRTdpa05vWml5WXdkc1VjUHMxRUxhUW9GaWtSSnJYN2ZSckQxTkNKaWdHVlRzTTF3Nk13YmZ4MTZmS1Z4MTlBb2N6QjBHeVNKYkZFd3RZSG5CZWNOaGJZWXVIWGVKNWl4QS9PeEU4bEJtN0xQaldOZW1VMDVVLzdOcjRadVZGenhSMTJXeDFpQTlNSmJxTUl6MUl6UVRTM1BqV2hjMDRXaVRobVJ6N3RqdUp1bmh5L3RVL0Q5a1Y5a3d0YkpOWVMvYlFIWmZrL1RhUHI5c05EMHRmTzVlb2NsRkZnbmdQTVQvK2pYcW5PQzFvNitqcTFGeUFBcXptckZpTEEzY1R1WktBa3RIcW92U1lNV29GUGhIT3FCVVZCTFJaaFFRWWdSUHRweE4xUmF2eFNmN2VjUmVxUGF5VmlWK2R1RHJFTjNUQXY5WGFJOHNUeWdrVU8rcG9xb0Nvd3hJTzQwNzZHeExPbzZuUFJjQWhwMUdob29zRS9GTEhZalNna2JIQmJDRFpCZ2NORG1EVXpnSUtzVy9sdnFaS0UzN3dKRUcxU1NpQk5CMnNWc3plek9SYUcxR2ZyeVRHS3BDS3pqb2I0WUVwOEhDQ2lKMGNDTFNHUGdoakRXMWlFTlZQUnZvYW1pL1FlUWhBQ1J6TDQ1VnZuMlN2Ly9tdFNMSDZZMFdRU0FLWDJGZHRBUDhXWHIzK2k2L29ab2hUQVFmTFdYVUh1MVlDWENSdi9vSjg2WndRR3E5SHYvWDNKbGpWVWNDa3ZEdGlFeE5WZ3liZGhOSkxEYkFYWndmYU5nZUp6aWUxWGwxTDhMdndzbDB5VEREVytSdTFFRmpDdm5TYWkreWxBbWN4NmE4ZDU3cytSeDZHMEFSMlhwUzdXZkR6Uk5BaStnLyszc0xUNkxZSS8vakdYK1lkd3BZMUpkTU9LUExEN3JabkRlaVdCTmpOSDRMbkpBZndHVTFscDI3TGJJTktDUjY3QnN1WC8wSVh4a2NPamdkQ0ZRZUFxTW01SzdzZSt4M0RxN0tXQ05Ka054MDNDU3paa3doU1krNTdnMUtxQmo0WmpWbWpRSHRGS3IrRlY5U0xwaFZnRGJHbVZRd1JjUFZjZUZkTE0vWkZ6Nko0clVlSTZEakV5bHM5cTJqN1JydXlySHA0cFowQnV6cWltblQvZUYwaUVia1JYZm9MKzlmYzdkMWU0S2E0eTZIVXNUQ1lDdHB0MkdxRGZBTnlncVhzcnUyMTRKR1lpT0JIbFpZNjhoT0gxaGlUQ1F6SVkwbmRGMlRpY2pUSmI5YXozd0lXMHkwWGpmazZ0dmxQNzhEM25JQkNKY3lqTWhQZStvckZXK1FJVW9wdGIzL3lCOWZ0MzNGMEVKNmV2ZVh1ZEdPWXdnSmhxaHZhVWRTaVdpR1pVZmlQNmNSZ1ExMC9OYmVpdVJpYml3dUlOSjd3alVzSTJ4WGZ1bExMN2srY0FSU2hsMFVyeEZqTmc4SmR2QmVDc1RtUyswMGlpTXdQSUFTc3dia0JyMWNMYVlNeHhQVU9RVzhORys5cnV6WHI4SjFDRW91bC9kVXNuUkdTY1M0dytFWERLMlI5Z0ZmVzRCZ2I1bUMxNHdYdXBmRFZ3Znd3TW9wdnZBTDBtMVBjYU5CZGszUTVPWU1qNzNjZE9uUG5SYzVvMWlqLytjWjFRY2hSMXdMQjJiQWxQTWxJQ3ArbTdtQkxHdHoxaTVlZmFjY2F1c0dYUnVIeEZGVno0T2NTZk1KNkp0Z1MyVEJLSHRieU0wYkNrODFWNFdJY3ZrQ21QZzI4QTI0eU9GK0Y2bFErRGJyRzNPelFvSnVQd2diN1NBMGhTQkxuK3RWbEtZVUVQN1BQclI1bG1Uem9WSzFTUU1LUDFVc09MNE5mSlMwQllpZ1NyOHc1UXFGYnEvd1JrZmVwUXh1L3l1bjN4RFBCQ0xyeWk0N29tTitGM09sNmVPNjg3UGMrL0ZtS0lDbXNHQTNKdU5tZUN4WkVacDkvWVRFYVlIdjhDanBCSzhESEpNMFJEV21LeXF0UkRkWUQyUWF4Ulh3eCs4eE9wV2VOOFovSFAvSHlrWHZpZkFudGUvYjZkOHc0dCtPQ2ZDcWYwNWROWlg3d3p0YzVWaEZVK1hGVVBJLzBFVGpkc3cxSjZ1WCtUMGpJeWdNNEYrblNMVDc5SlA2bmoxV1NtcXIwdUl5U20zUkUrS1kzR3YvdWFBVGRubUFLQWJSTGc4S2MvQTk4UTNDNEFhc05nUzBYZ1RtVVJoV0ZETUt4UE5IKzBNWmorT0dPOUtmVEpiZklMRWxrbUxtT0hYZ3BqeU5vemVhN0paZWxUU0ZkRXlqcnlneTR3OGZWMWN0NER4YzRwSkFDVWYzaytWZ3JTOHNOOUNYWDYzdG1INjY3dnlVNElLZUkwaXkyMzRXeDQyU0xaYXU3a2QxT3YxMlR5dEg2ZURuZlpPcXljUEZxYm9UWkNtVzFoMUJuL2FzZXJ1T3JNTEp3VHVTdktsc2l5enUzUmFhZzg2ZlJkcFNoVW8rWTJ5Z3hSdXo4bWlIazVjLzdJMkIzQ1VjNDNpMEdSdlhpUHMwV2trTkE1Q0NPemhDaEgzR05aa0NxY0JvWHBhNXo5OWRLc1hYR3FyVVNuV3BxcTM4MExYL2tpM1NJcE5mMkJWd3hNbDhlUEdlRmIyZEwzanRBUDl5NjhLdGdKWmRHZ2F1WndBbVNnbmFRaGZGRHU0WFF0cTNGUExteTdaT0lwazZDT2FsaVNKbkZtU1pxc2g1TFRxM0JMMzZSU0ZjY2hiNXJhSkZaTm9rZHoxWitMdlhuTko3TmhvZHVVcWF3amxNMERJNEJBQ2tNQVJYUDRYQldLcCtOSDh6dE00Qi9KZVdxZ3lSUlROU1BySWtuUm9sb1lPNW9RWG94M254cWlZZ1haM3BkcTV1K3ZWMlpEcWhTM3UyMzk1b0JJTGRBUnc5bWUrN3pVbjl0T0JubXFPVTFSNkE5MDVxZzNNT0htcUtPcGlpcVV6YkpSdlJ1NW5FU1B2SXpDbEFjaFR0L3ZLc1gzem95Wk9iZE10a1lLZTRmQXpMSHQ1ZEpSc2lFPSIgQ29ycmVsYXRpb25CaW5kaW5nPSIiIFVybEVuY29kZT0iVHJ1ZSIgLz4NCiAgICAgICAgPEZvcm1Qb3N0UGFyYW1ldGVyIE5hbWU9Ik9URW1wSUQiIFZhbHVlPSJyYnRTaW5nbGVFbXBJRCIgUmVjb3JkZWRWYWx1ZT0icmJ0U2luZ2xlRW1wSUQiIENvcnJlbGF0aW9uQmluZGluZz0ie3tGb3JtUG9zdFBhcmFtMTA5Lk9URW1wSUR9fSIgVXJsRW5jb2RlPSJUcnVlIiAvPg0KICAgICAgICA8Rm9ybVBvc3RQYXJhbWV0ZXIgTmFtZT0idHh0T1RFbXBJRCIgVmFsdWU9IjEwMjExOSIgUmVjb3JkZWRWYWx1ZT0iMTAyMTE5IiBDb3JyZWxhdGlvbkJpbmRpbmc9Int7Rm9ybVBvc3RQYXJhbTExMC50eHRPVEVtcElEfX0iIFVybEVuY29kZT0iVHJ1ZSIgLz4NCiAgICAgICAgPEZvcm1Qb3N0UGFyYW1ldGVyIE5hbWU9InR4dE9URW1wTmFtZSIgVmFsdWU9IuW7lk/nvqkiIFJlY29yZGVkVmFsdWU9IuW7lk/nvqkiIENvcnJlbGF0aW9uQmluZGluZz0ie3tGb3JtUG9zdFBhcmFtMTExLnR4dE9URW1wTmFtZX19IiBVcmxFbmNvZGU9IlRydWUiIC8+DQogICAgICAgIDxGb3JtUG9zdFBhcmFtZXRlciBOYW1lPSJ1Y0RhdGVTdGFydCR0eHREYXRlIiBWYWx1ZT0iMjAxNy8wNS8xNiIgUmVjb3JkZWRWYWx1ZT0iMjAxNy8wNS8xNiIgQ29ycmVsYXRpb25CaW5kaW5nPSJ7e0Zvcm1Qb3N0UGFyYW0xMTIudWNEYXRlU3RhcnQkdHh0RGF0ZX19IiBVcmxFbmNvZGU9IlRydWUiIC8+DQogICAgICAgIDxGb3JtUG9zdFBhcmFtZXRlciBOYW1lPSJ1Y0RhdGVFbmQkdHh0RGF0ZSIgVmFsdWU9IjIwMTcvMDUvMTYiIFJlY29yZGVkVmFsdWU9IjIwMTcvMDUvMTYiIENvcnJlbGF0aW9uQmluZGluZz0ie3tGb3JtUG9zdFBhcmFtMTEzLnVjRGF0ZUVuZCR0eHREYXRlfX0iIFVybEVuY29kZT0iVHJ1ZSIgLz4NCiAgICAgICAgPEZvcm1Qb3N0UGFyYW1ldGVyIE5hbWU9Ik9UVGltZVN0YXJ0JGRkbEhIIiBWYWx1ZT0iMDAiIFJlY29yZGVkVmFsdWU9IjAwIiBDb3JyZWxhdGlvbkJpbmRpbmc9Int7Rm9ybVBvc3RQYXJhbTExNi5PVFRpbWVTdGFydCRkZGxISH19IiBVcmxFbmNvZGU9IlRydWUiIC8+DQogICAgICAgIDxGb3JtUG9zdFBhcmFtZXRlciBOYW1lPSJPVFRpbWVTdGFydCRkZGxNTSIgVmFsdWU9Iuiri+mBuOaThyIgUmVjb3JkZWRWYWx1ZT0i6KuL6YG45pOHIiBDb3JyZWxhdGlvbkJpbmRpbmc9Int7Rm9ybVBvc3RQYXJhbTExNy5PVFRpbWVTdGFydCRkZGxNTX19IiBVcmxFbmNvZGU9IlRydWUiIC8+DQogICAgICAgIDxGb3JtUG9zdFBhcmFtZXRlciBOYW1lPSJPVFRpbWVFbmQkZGRsSEgiIFZhbHVlPSLoq4vpgbjmk4ciIFJlY29yZGVkVmFsdWU9Iuiri+mBuOaThyIgQ29ycmVsYXRpb25CaW5kaW5nPSJ7e0Zvcm1Qb3N0UGFyYW0xMTguT1RUaW1lRW5kJGRkbEhIfX0iIFVybEVuY29kZT0iVHJ1ZSIgLz4NCiAgICAgICAgPEZvcm1Qb3N0UGFyYW1ldGVyIE5hbWU9Ik9UVGltZUVuZCRkZGxNTSIgVmFsdWU9Iuiri+mBuOaThyIgUmVjb3JkZWRWYWx1ZT0i6KuL6YG45pOHIiBDb3JyZWxhdGlvbkJpbmRpbmc9Int7Rm9ybVBvc3RQYXJhbTExOS5PVFRpbWVFbmQkZGRsTU19fSIgVXJsRW5jb2RlPSJUcnVlIiAvPg0KICAgICAgICA8Rm9ybVBvc3RQYXJhbWV0ZXIgTmFtZT0iY2hrTWVhbEZsYWciIFZhbHVlPSJvbiIgUmVjb3JkZWRWYWx1ZT0ib24iIENvcnJlbGF0aW9uQmluZGluZz0iIiBVcmxFbmNvZGU9IlRydWUiIC8+DQogICAgICAgIDxGb3JtUG9zdFBhcmFtZXRlciBOYW1lPSJ0eHRNZWFsVGltZSIgVmFsdWU9IjAiIFJlY29yZGVkVmFsdWU9IjAiIENvcnJlbGF0aW9uQmluZGluZz0ie3tGb3JtUG9zdFBhcmFtMTE0LnR4dE1lYWxUaW1lfX0iIFVybEVuY29kZT0iVHJ1ZSIgLz4NCiAgICAgICAgPEZvcm1Qb3N0UGFyYW1ldGVyIE5hbWU9ImRkbE9UVHlwZUlEIiBWYWx1ZT0iMCIgUmVjb3JkZWRWYWx1ZT0iMCIgQ29ycmVsYXRpb25CaW5kaW5nPSJ7e0Zvcm1Qb3N0UGFyYW0xMjAuZGRsT1RUeXBlSUR9fSIgVXJsRW5jb2RlPSJUcnVlIiAvPg0KICAgICAgICA8Rm9ybVBvc3RQYXJhbWV0ZXIgTmFtZT0idHh0T1RSZWFzb25NZW1vJHR4dERhdGEiIFZhbHVlPSIiIFJlY29yZGVkVmFsdWU9IiIgQ29ycmVsYXRpb25CaW5kaW5nPSIiIFVybEVuY29kZT0iVHJ1ZSIgLz4NCiAgICAgICAgPEZvcm1Qb3N0UGFyYW1ldGVyIE5hbWU9ImRkbE9yZyIgVmFsdWU9IjEiIFJlY29yZGVkVmFsdWU9IjEiIENvcnJlbGF0aW9uQmluZGluZz0ie3tGb3JtUG9zdFBhcmFtMTIxLmRkbE9yZ319IiBVcmxFbmNvZGU9IlRydWUiIC8+DQogICAgICAgIDxGb3JtUG9zdFBhcmFtZXRlciBOYW1lPSJ1Y0Nhc2NhZGluZ0Ryb3BEb3duMSRkZGwwMiIgVmFsdWU9IjAwMEcwMCIgUmVjb3JkZWRWYWx1ZT0iMDAwRzAwIiBDb3JyZWxhdGlvbkJpbmRpbmc9Int7Rm9ybVBvc3RQYXJhbTEyMi51Y0Nhc2NhZGluZ0Ryb3BEb3duMSRkZGwwMn19IiBVcmxFbmNvZGU9IlRydWUiIC8+DQogICAgICAgIDxGb3JtUG9zdFBhcmFtZXRlciBOYW1lPSJ1Y0Nhc2NhZGluZ0Ryb3BEb3duMSRkZGwwMyIgVmFsdWU9IjAwMEc5MCIgUmVjb3JkZWRWYWx1ZT0iMDAwRzkwIiBDb3JyZWxhdGlvbkJpbmRpbmc9Int7Rm9ybVBvc3RQYXJhbTEyMy51Y0Nhc2NhZGluZ0Ryb3BEb3duMSRkZGwwM319IiBVcmxFbmNvZGU9IlRydWUiIC8+DQogICAgICAgIDxGb3JtUG9zdFBhcmFtZXRlciBOYW1lPSJ1Y0Nhc2NhZGluZ0Ryb3BEb3duMSRkZGwwNCIgVmFsdWU9IiIgUmVjb3JkZWRWYWx1ZT0iIiBDb3JyZWxhdGlvbkJpbmRpbmc9IiIgVXJsRW5jb2RlPSJUcnVlIiAvPg0KICAgICAgICA8Rm9ybVBvc3RQYXJhbWV0ZXIgTmFtZT0idWNDYXNjYWRpbmdEcm9wRG93bjEkQ2FzY2FkaW5nRHJvcERvd24xX0NsaWVudFN0YXRlIiBWYWx1ZT0iU1BIQksxOjo65rC46LGQ6YqA6KGMOjo6IiBSZWNvcmRlZFZhbHVlPSJTUEhCSzE6OjrmsLjosZDpioDooYw6OjoiIENvcnJlbGF0aW9uQmluZGluZz0iIiBVcmxFbmNvZGU9IlRydWUiIC8+DQogICAgICAgIDxGb3JtUG9zdFBhcmFtZXRlciBOYW1lPSJ1Y0Nhc2NhZGluZ0Ryb3BEb3duMSRDYXNjYWRpbmdEcm9wRG93bjJfQ2xpZW50U3RhdGUiIFZhbHVlPSIwMDBHMDA6Ojrkurrlipvos4fmupDomZU6OjoiIFJlY29yZGVkVmFsdWU9IjAwMEcwMDo6OuS6uuWKm+izh+a6kOiZlTo6OiIgQ29ycmVsYXRpb25CaW5kaW5nPSIiIFVybEVuY29kZT0iVHJ1ZSIgLz4NCiAgICAgICAgPEZvcm1Qb3N0UGFyYW1ldGVyIE5hbWU9InVjQ2FzY2FkaW5nRHJvcERvd24xJENhc2NhZGluZ0Ryb3BEb3duM19DbGllbnRTdGF0ZSIgVmFsdWU9IjAwMEc5MDo6OuS6uuizh+aVuOaTmuaHieeUqOenkTo6OiIgUmVjb3JkZWRWYWx1ZT0iMDAwRzkwOjo65Lq66LOH5pW45pOa5oeJ55So56eROjo6IiBDb3JyZWxhdGlvbkJpbmRpbmc9IiIgVXJsRW5jb2RlPSJUcnVlIiAvPg0KICAgICAgICA8Rm9ybVBvc3RQYXJhbWV0ZXIgTmFtZT0idWNDYXNjYWRpbmdEcm9wRG93bjEkQ2FzY2FkaW5nRHJvcERvd240X0NsaWVudFN0YXRlIiBWYWx1ZT0iOjo6Ojo6IiBSZWNvcmRlZFZhbHVlPSI6Ojo6OjoiIENvcnJlbGF0aW9uQmluZGluZz0iIiBVcmxFbmNvZGU9IlRydWUiIC8+DQogICAgICAgIDxGb3JtUG9zdFBhcmFtZXRlciBOYW1lPSJ1Y0Nhc2NhZGluZ0Ryb3BEb3duMSRDYXNjYWRpbmdEcm9wRG93bjVfQ2xpZW50U3RhdGUiIFZhbHVlPSJ7eyRISURERU4xLnVjQ2FzY2FkaW5nRHJvcERvd24xJENhc2NhZGluZ0Ryb3BEb3duNV9DbGllbnRTdGF0ZX19IiBSZWNvcmRlZFZhbHVlPSIiIENvcnJlbGF0aW9uQmluZGluZz0iIiBVcmxFbmNvZGU9IlRydWUiIC8+DQogICAgICAgIDxGb3JtUG9zdFBhcmFtZXRlciBOYW1lPSJ1Y0Nhc2NhZGluZ0Ryb3BEb3duMiRDYXNjYWRpbmdEcm9wRG93bjFfQ2xpZW50U3RhdGUiIFZhbHVlPSI6Ojo6OjoiIFJlY29yZGVkVmFsdWU9Ijo6Ojo6OiIgQ29ycmVsYXRpb25CaW5kaW5nPSIiIFVybEVuY29kZT0iVHJ1ZSIgLz4NCiAgICAgICAgPEZvcm1Qb3N0UGFyYW1ldGVyIE5hbWU9InVjQ2FzY2FkaW5nRHJvcERvd24yJENhc2NhZGluZ0Ryb3BEb3duMl9DbGllbnRTdGF0ZSIgVmFsdWU9Ijo6Ojo6OiIgUmVjb3JkZWRWYWx1ZT0iOjo6Ojo6IiBDb3JyZWxhdGlvbkJpbmRpbmc9IiIgVXJsRW5jb2RlPSJUcnVlIiAvPg0KICAgICAgICA8Rm9ybVBvc3RQYXJhbWV0ZXIgTmFtZT0idWNDYXNjYWRpbmdEcm9wRG93bjIkQ2FzY2FkaW5nRHJvcERvd24zX0NsaWVudFN0YXRlIiBWYWx1ZT0iOjo6Ojo6IiBSZWNvcmRlZFZhbHVlPSI6Ojo6OjoiIENvcnJlbGF0aW9uQmluZGluZz0iIiBVcmxFbmNvZGU9IlRydWUiIC8+DQogICAgICAgIDxGb3JtUG9zdFBhcmFtZXRlciBOYW1lPSJ1Y0Nhc2NhZGluZ0Ryb3BEb3duMiRDYXNjYWRpbmdEcm9wRG93bjRfQ2xpZW50U3RhdGUiIFZhbHVlPSJ7eyRISURERU4xLnVjQ2FzY2FkaW5nRHJvcERvd24yJENhc2NhZGluZ0Ryb3BEb3duNF9DbGllbnRTdGF0ZX19IiBSZWNvcmRlZFZhbHVlPSIiIENvcnJlbGF0aW9uQmluZGluZz0iIiBVcmxFbmNvZGU9IlRydWUiIC8+DQogICAgICAgIDxGb3JtUG9zdFBhcmFtZXRlciBOYW1lPSJ1Y0Nhc2NhZGluZ0Ryb3BEb3duMiRDYXNjYWRpbmdEcm9wRG93bjVfQ2xpZW50U3RhdGUiIFZhbHVlPSJ7eyRISURERU4xLnVjQ2FzY2FkaW5nRHJvcERvd24yJENhc2NhZGluZ0Ryb3BEb3duNV9DbGllbnRTdGF0ZX19IiBSZWNvcmRlZFZhbHVlPSIiIENvcnJlbGF0aW9uQmluZGluZz0iIiBVcmxFbmNvZGU9IlRydWUiIC8+DQogICAgICAgIDxGb3JtUG9zdFBhcmFtZXRlciBOYW1lPSJmcmFtZUF0dGFjaCIgVmFsdWU9Ii9VdGlsL0F0dGFjaEFkbWluLmFzcHg/QXR0YWNoREI9QWF0dGVuZGFudERCX0lUUkQmYW1wO0F0dGFjaElEPXRlc3QxMDIxMTlkNzkyZGRjOC0xZjBjLTRiZTYtYmEwNi0xYmQ1MjgwY2IyOWEmYW1wO0F0dGFjaEZpbGVNYXhRdHk9MSZhbXA7QXR0YWNoRmlsZU1heEtCPTMwNzImYW1wO0F0dGFjaEZpbGVUb3RLQj0zMDcyJmFtcDtBdHRhY2hGaWxlRXh0TGlzdD0iIFJlY29yZGVkVmFsdWU9Ii9VdGlsL0F0dGFjaEFkbWluLmFzcHg/QXR0YWNoREI9QWF0dGVuZGFudERCX0lUUkQmYW1wO0F0dGFjaElEPXRlc3QxMDIxMTlkNzkyZGRjOC0xZjBjLTRiZTYtYmEwNi0xYmQ1MjgwY2IyOWEmYW1wO0F0dGFjaEZpbGVNYXhRdHk9MSZhbXA7QXR0YWNoRmlsZU1heEtCPTMwNzImYW1wO0F0dGFjaEZpbGVUb3RLQj0zMDcyJmFtcDtBdHRhY2hGaWxlRXh0TGlzdD0iIENvcnJlbGF0aW9uQmluZGluZz0iIiBVcmxFbmNvZGU9IlRydWUiIC8+DQogICAgICAgIDxGb3JtUG9zdFBhcmFtZXRlciBOYW1lPSJ1Y01vZGFsUG9wdXAxJENsaWVudFdpZHRoIiBWYWx1ZT0ie3skSElEREVOMS51Y01vZGFsUG9wdXAxJENsaWVudFdpZHRofX0iIFJlY29yZGVkVmFsdWU9IjAiIENvcnJlbGF0aW9uQmluZGluZz0iIiBVcmxFbmNvZGU9IlRydWUiIC8+DQogICAgICAgIDxGb3JtUG9zdFBhcmFtZXRlciBOYW1lPSJ1Y01vZGFsUG9wdXAxJENsaWVudEhlaWdodCIgVmFsdWU9Int7JEhJRERFTjEudWNNb2RhbFBvcHVwMSRDbGllbnRIZWlnaHR9fSIgUmVjb3JkZWRWYWx1ZT0iMCIgQ29ycmVsYXRpb25CaW5kaW5nPSIiIFVybEVuY29kZT0iVHJ1ZSIgLz4NCiAgICAgICAgPEZvcm1Qb3N0UGFyYW1ldGVyIE5hbWU9ImhpZGRlbklucHV0VG9VcGRhdGVBVEJ1ZmZlcl9Db21tb25Ub29sa2l0U2NyaXB0cyIgVmFsdWU9IjAiIFJlY29yZGVkVmFsdWU9IjAiIENvcnJlbGF0aW9uQmluZGluZz0ie3tGb3JtUG9zdFBhcmFtMTI0LmhpZGRlbklucHV0VG9VcGRhdGVBVEJ1ZmZlcl9Db21tb25Ub29sa2l0U2NyaXB0c319IiBVcmxFbmNvZGU9IlRydWUiIC8+DQogICAgICA8L0Zvcm1Qb3N0SHR0cEJvZHk+DQogICAgPC9SZXF1ZXN0Pg0KICAgIDxSZXF1ZXN0IE1ldGhvZD0iUE9TVCIgR3VpZD0iMWYzM2RlMGEtYjIyNS00ZWU3LWI1MDMtMGUyODA5NWU2NWM2IiBWZXJzaW9uPSIxLjEiIFVybD0iaHR0cDovLzEwLjExLjM2LjExNDo4MDA3L092ZXJUaW1lL092ZXJ0aW1lUHJlT3JkZXJfQWRkLmFzcHgiIFRoaW5rVGltZT0iMCIgVGltZW91dD0iMzAwIiBQYXJzZURlcGVuZGVudFJlcXVlc3RzPSJUcnVlIiBGb2xsb3dSZWRpcmVjdHM9IlRydWUiIFJlY29yZFJlc3VsdD0iVHJ1ZSIgQ2FjaGU9IkZhbHNlIiBSZXNwb25zZVRpbWVHb2FsPSIwIiBFbmNvZGluZz0idXRmLTgiIEV4cGVjdGVkSHR0cFN0YXR1c0NvZGU9IjAiIEV4cGVjdGVkUmVzcG9uc2VVcmw9IiIgUmVwb3J0aW5nTmFtZT0iIiBJZ25vcmVIdHRwU3RhdHVzQ29kZT0iRmFsc2UiPg0KICAgICAgPEV4dHJhY3Rpb25SdWxlcz4NCiAgICAgICAgPEV4dHJhY3Rpb25SdWxlIENsYXNzbmFtZT0iTWljcm9zb2Z0LlZpc3VhbFN0dWRpby5UZXN0VG9vbHMuV2ViVGVzdGluZy5SdWxlcy5FeHRyYWN0SGlkZGVuRmllbGRzLCBNaWNyb3NvZnQuVmlzdWFsU3R1ZGlvLlF1YWxpdHlUb29scy5XZWJUZXN0RnJhbWV3b3JrLCBWZXJzaW9uPTEwLjAuMC4wLCBDdWx0dXJlPW5ldXRyYWwsIFB1YmxpY0tleVRva2VuPWIwM2Y1ZjdmMTFkNTBhM2EiIFZhcmlhYmxlTmFtZT0iMSIgRGlzcGxheU5hbWU9IuaTt+WPlumaseiXj+ashOS9jSIgRGVzY3JpcHRpb249IuaTt+WPluWbnuaHieS4reeahOaJgOaciemaseiXj+ashOS9je+8jOS4puWwh+Wug+WAkeaUvuWcqOa4rOippuWFp+WuueS4reOAgiI+DQogICAgICAgICAgPFJ1bGVQYXJhbWV0ZXJzPg0KICAgICAgICAgICAgPFJ1bGVQYXJhbWV0ZXIgTmFtZT0iUmVxdWlyZWQiIFZhbHVlPSJUcnVlIiAvPg0KICAgICAgICAgICAgPFJ1bGVQYXJhbWV0ZXIgTmFtZT0iSHRtbERlY29kZSIgVmFsdWU9IlRydWUiIC8+DQogICAgICAgICAgPC9SdWxlUGFyYW1ldGVycz4NCiAgICAgICAgPC9FeHRyYWN0aW9uUnVsZT4NCiAgICAgIDwvRXh0cmFjdGlvblJ1bGVzPg0KICAgICAgPENvcnJlbGF0aW9uRXh0cmFjdGlvblJ1bGVzPg0KICAgICAgICA8RXh0cmFjdGlvblJ1bGUgQ2xhc3NuYW1lPSJNaWNyb3NvZnQuVmlzdWFsU3R1ZGlvLlRlc3RUb29scy5XZWJUZXN0aW5nLlJ1bGVzLkV4dHJhY3RGb3JtRmllbGQsIE1pY3Jvc29mdC5WaXN1YWxTdHVkaW8uUXVhbGl0eVRvb2xzLldlYlRlc3RGcmFtZXdvcmssIFZlcnNpb249MTAuMC4wLjAsIEN1bHR1cmU9bmV1dHJhbCwgUHVibGljS2V5VG9rZW49YjAzZjVmN2YxMWQ1MGEzYSIgVmFyaWFibGVOYW1lPSJGb3JtUG9zdFBhcmFtNzguT1RFbXBJRCIgRGlzcGxheU5hbWU9IiIgRGVzY3JpcHRpb249IiI+DQogICAgICAgICAgPFJ1bGVQYXJhbWV0ZXJzPg0KICAgICAgICAgICAgPFJ1bGVQYXJhbWV0ZXIgTmFtZT0iTmFtZSIgVmFsdWU9InJidFNpbmdsZUVtcElEIiAvPg0KICAgICAgICAgICAgPFJ1bGVQYXJhbWV0ZXIgTmFtZT0iSHRtbERlY29kZSIgVmFsdWU9IlRydWUiIC8+DQogICAgICAgICAgICA8UnVsZVBhcmFtZXRlciBOYW1lPSJSZXF1aXJlZCIgVmFsdWU9IkZhbHNlIiAvPg0KICAgICAgICAgICAgPFJ1bGVQYXJhbWV0ZXIgTmFtZT0iSW5kZXgiIFZhbHVlPSIwIiAvPg0KICAgICAgICAgIDwvUnVsZVBhcmFtZXRlcnM+DQogICAgICAgIDwvRXh0cmFjdGlvblJ1bGU+DQogICAgICAgIDxFeHRyYWN0aW9uUnVsZSBDbGFzc25hbWU9Ik1pY3Jvc29mdC5WaXN1YWxTdHVkaW8uVGVzdFRvb2xzLldlYlRlc3RpbmcuUnVsZXMuRXh0cmFjdEZvcm1GaWVsZCwgTWljcm9zb2Z0LlZpc3VhbFN0dWRpby5RdWFsaXR5VG9vbHMuV2ViVGVzdEZyYW1ld29yaywgVmVyc2lvbj0xMC4wLjAuMCwgQ3VsdHVyZT1uZXV0cmFsLCBQdWJsaWNLZXlUb2tlbj1iMDNmNWY3ZjExZDUwYTNhIiBWYXJpYWJsZU5hbWU9IkZvcm1Qb3N0UGFyYW03OS50eHRPVEVtcElEIiBEaXNwbGF5TmFtZT0iIiBEZXNjcmlwdGlvbj0iIj4NCiAgICAgICAgICA8UnVsZVBhcmFtZXRlcnM+DQogICAgICAgICAgICA8UnVsZVBhcmFtZXRlciBOYW1lPSJOYW1lIiBWYWx1ZT0idHh0T1RFbXBJRCIgLz4NCiAgICAgICAgICAgIDxSdWxlUGFyYW1ldGVyIE5hbWU9Ikh0bWxEZWNvZGUiIFZhbHVlPSJUcnVlIiAvPg0KICAgICAgICAgICAgPFJ1bGVQYXJhbWV0ZXIgTmFtZT0iUmVxdWlyZWQiIFZhbHVlPSJGYWxzZSIgLz4NCiAgICAgICAgICAgIDxSdWxlUGFyYW1ldGVyIE5hbWU9IkluZGV4IiBWYWx1ZT0iMCIgLz4NCiAgICAgICAgICA8L1J1bGVQYXJhbWV0ZXJzPg0KICAgICAgICA8L0V4dHJhY3Rpb25SdWxlPg0KICAgICAgICA8RXh0cmFjdGlvblJ1bGUgQ2xhc3NuYW1lPSJNaWNyb3NvZnQuVmlzdWFsU3R1ZGlvLlRlc3RUb29scy5XZWJUZXN0aW5nLlJ1bGVzLkV4dHJhY3RGb3JtRmllbGQsIE1pY3Jvc29mdC5WaXN1YWxTdHVkaW8uUXVhbGl0eVRvb2xzLldlYlRlc3RGcmFtZXdvcmssIFZlcnNpb249MTAuMC4wLjAsIEN1bHR1cmU9bmV1dHJhbCwgUHVibGljS2V5VG9rZW49YjAzZjVmN2YxMWQ1MGEzYSIgVmFyaWFibGVOYW1lPSJGb3JtUG9zdFBhcmFtODAudHh0T1RFbXBOYW1lIiBEaXNwbGF5TmFtZT0iIiBEZXNjcmlwdGlvbj0iIj4NCiAgICAgICAgICA8UnVsZVBhcmFtZXRlcnM+DQogICAgICAgICAgICA8UnVsZVBhcmFtZXRlciBOYW1lPSJOYW1lIiBWYWx1ZT0idHh0T1RFbXBOYW1lIiAvPg0KICAgICAgICAgICAgPFJ1bGVQYXJhbWV0ZXIgTmFtZT0iSHRtbERlY29kZSIgVmFsdWU9IlRydWUiIC8+DQogICAgICAgICAgICA8UnVsZVBhcmFtZXRlciBOYW1lPSJSZXF1aXJlZCIgVmFsdWU9IkZhbHNlIiAvPg0KICAgICAgICAgICAgPFJ1bGVQYXJhbWV0ZXIgTmFtZT0iSW5kZXgiIFZhbHVlPSIwIiAvPg0KICAgICAgICAgIDwvUnVsZVBhcmFtZXRlcnM+DQogICAgICAgIDwvRXh0cmFjdGlvblJ1bGU+DQogICAgICAgIDxFeHRyYWN0aW9uUnVsZSBDbGFzc25hbWU9Ik1pY3Jvc29mdC5WaXN1YWxTdHVkaW8uVGVzdFRvb2xzLldlYlRlc3RpbmcuUnVsZXMuRXh0cmFjdEZvcm1GaWVsZCwgTWljcm9zb2Z0LlZpc3VhbFN0dWRpby5RdWFsaXR5VG9vbHMuV2ViVGVzdEZyYW1ld29yaywgVmVyc2lvbj0xMC4wLjAuMCwgQ3VsdHVyZT1uZXV0cmFsLCBQdWJsaWNLZXlUb2tlbj1iMDNmNWY3ZjExZDUwYTNhIiBWYXJpYWJsZU5hbWU9IkZvcm1Qb3N0UGFyYW04MS51Y0RhdGVTdGFydCR0eHREYXRlIiBEaXNwbGF5TmFtZT0iIiBEZXNjcmlwdGlvbj0iIj4NCiAgICAgICAgICA8UnVsZVBhcmFtZXRlcnM+DQogICAgICAgICAgICA8UnVsZVBhcmFtZXRlciBOYW1lPSJOYW1lIiBWYWx1ZT0idWNEYXRlU3RhcnRfdHh0RGF0ZSIgLz4NCiAgICAgICAgICAgIDxSdWxlUGFyYW1ldGVyIE5hbWU9Ikh0bWxEZWNvZGUiIFZhbHVlPSJUcnVlIiAvPg0KICAgICAgICAgICAgPFJ1bGVQYXJhbWV0ZXIgTmFtZT0iUmVxdWlyZWQiIFZhbHVlPSJGYWxzZSIgLz4NCiAgICAgICAgICAgIDxSdWxlUGFyYW1ldGVyIE5hbWU9IkluZGV4IiBWYWx1ZT0iMCIgLz4NCiAgICAgICAgICA8L1J1bGVQYXJhbWV0ZXJzPg0KICAgICAgICA8L0V4dHJhY3Rpb25SdWxlPg0KICAgICAgICA8RXh0cmFjdGlvblJ1bGUgQ2xhc3NuYW1lPSJNaWNyb3NvZnQuVmlzdWFsU3R1ZGlvLlRlc3RUb29scy5XZWJUZXN0aW5nLlJ1bGVzLkV4dHJhY3RGb3JtRmllbGQsIE1pY3Jvc29mdC5WaXN1YWxTdHVkaW8uUXVhbGl0eVRvb2xzLldlYlRlc3RGcmFtZXdvcmssIFZlcnNpb249MTAuMC4wLjAsIEN1bHR1cmU9bmV1dHJhbCwgUHVibGljS2V5VG9rZW49YjAzZjVmN2YxMWQ1MGEzYSIgVmFyaWFibGVOYW1lPSJGb3JtUG9zdFBhcmFtODIudWNEYXRlRW5kJHR4dERhdGUiIERpc3BsYXlOYW1lPSIiIERlc2NyaXB0aW9uPSIiPg0KICAgICAgICAgIDxSdWxlUGFyYW1ldGVycz4NCiAgICAgICAgICAgIDxSdWxlUGFyYW1ldGVyIE5hbWU9Ik5hbWUiIFZhbHVlPSJ1Y0RhdGVFbmRfdHh0RGF0ZSIgLz4NCiAgICAgICAgICAgIDxSdWxlUGFyYW1ldGVyIE5hbWU9Ikh0bWxEZWNvZGUiIFZhbHVlPSJUcnVlIiAvPg0KICAgICAgICAgICAgPFJ1bGVQYXJhbWV0ZXIgTmFtZT0iUmVxdWlyZWQiIFZhbHVlPSJGYWxzZSIgLz4NCiAgICAgICAgICAgIDxSdWxlUGFyYW1ldGVyIE5hbWU9IkluZGV4IiBWYWx1ZT0iMCIgLz4NCiAgICAgICAgICA8L1J1bGVQYXJhbWV0ZXJzPg0KICAgICAgICA8L0V4dHJhY3Rpb25SdWxlPg0KICAgICAgICA8RXh0cmFjdGlvblJ1bGUgQ2xhc3NuYW1lPSJNaWNyb3NvZnQuVmlzdWFsU3R1ZGlvLlRlc3RUb29scy5XZWJUZXN0aW5nLlJ1bGVzLkV4dHJhY3RGb3JtRmllbGQsIE1pY3Jvc29mdC5WaXN1YWxTdHVkaW8uUXVhbGl0eVRvb2xzLldlYlRlc3RGcmFtZXdvcmssIFZlcnNpb249MTAuMC4wLjAsIEN1bHR1cmU9bmV1dHJhbCwgUHVibGljS2V5VG9rZW49YjAzZjVmN2YxMWQ1MGEzYSIgVmFyaWFibGVOYW1lPSJGb3JtUG9zdFBhcmFtODMudHh0TWVhbFRpbWUiIERpc3BsYXlOYW1lPSIiIERlc2NyaXB0aW9uPSIiPg0KICAgICAgICAgIDxSdWxlUGFyYW1ldGVycz4NCiAgICAgICAgICAgIDxSdWxlUGFyYW1ldGVyIE5hbWU9Ik5hbWUiIFZhbHVlPSJ0eHRNZWFsVGltZSIgLz4NCiAgICAgICAgICAgIDxSdWxlUGFyYW1ldGVyIE5hbWU9Ikh0bWxEZWNvZGUiIFZhbHVlPSJUcnVlIiAvPg0KICAgICAgICAgICAgPFJ1bGVQYXJhbWV0ZXIgTmFtZT0iUmVxdWlyZWQiIFZhbHVlPSJGYWxzZSIgLz4NCiAgICAgICAgICAgIDxSdWxlUGFyYW1ldGVyIE5hbWU9IkluZGV4IiBWYWx1ZT0iMCIgLz4NCiAgICAgICAgICA8L1J1bGVQYXJhbWV0ZXJzPg0KICAgICAgICA8L0V4dHJhY3Rpb25SdWxlPg0KICAgICAgICA8RXh0cmFjdGlvblJ1bGUgQ2xhc3NuYW1lPSJNaWNyb3NvZnQuVmlzdWFsU3R1ZGlvLlRlc3RUb29scy5XZWJUZXN0aW5nLlJ1bGVzLkV4dHJhY3RUZXh0LCBNaWNyb3NvZnQuVmlzdWFsU3R1ZGlvLlF1YWxpdHlUb29scy5XZWJUZXN0RnJhbWV3b3JrLCBWZXJzaW9uPTEwLjAuMC4wLCBDdWx0dXJlPW5ldXRyYWwsIFB1YmxpY0tleVRva2VuPWIwM2Y1ZjdmMTFkNTBhM2EiIFZhcmlhYmxlTmFtZT0iRm9ybVBvc3RQYXJhbTg0Ll9fRVZFTlRUQVJHRVQiIERpc3BsYXlOYW1lPSIiIERlc2NyaXB0aW9uPSIiPg0KICAgICAgICAgIDxSdWxlUGFyYW1ldGVycz4NCiAgICAgICAgICAgIDxSdWxlUGFyYW1ldGVyIE5hbWU9IlN0YXJ0c1dpdGgiIFZhbHVlPSJhbWU9JnF1b3Q7IiAvPg0KICAgICAgICAgICAgPFJ1bGVQYXJhbWV0ZXIgTmFtZT0iRW5kc1dpdGgiIFZhbHVlPSImcXVvdDsgb25jIiAvPg0KICAgICAgICAgICAgPFJ1bGVQYXJhbWV0ZXIgTmFtZT0iSW5kZXgiIFZhbHVlPSIzMyIgLz4NCiAgICAgICAgICAgIDxSdWxlUGFyYW1ldGVyIE5hbWU9Iklnbm9yZUNhc2UiIFZhbHVlPSJGYWxzZSIgLz4NCiAgICAgICAgICAgIDxSdWxlUGFyYW1ldGVyIE5hbWU9IlVzZVJlZ3VsYXJFeHByZXNzaW9uIiBWYWx1ZT0iRmFsc2UiIC8+DQogICAgICAgICAgICA8UnVsZVBhcmFtZXRlciBOYW1lPSJIdG1sRGVjb2RlIiBWYWx1ZT0iVHJ1ZSIgLz4NCiAgICAgICAgICAgIDxSdWxlUGFyYW1ldGVyIE5hbWU9IlJlcXVpcmVkIiBWYWx1ZT0iRmFsc2UiIC8+DQogICAgICAgICAgPC9SdWxlUGFyYW1ldGVycz4NCiAgICAgICAgPC9FeHRyYWN0aW9uUnVsZT4NCiAgICAgICAgPEV4dHJhY3Rpb25SdWxlIENsYXNzbmFtZT0iTWljcm9zb2Z0LlZpc3VhbFN0dWRpby5UZXN0VG9vbHMuV2ViVGVzdGluZy5SdWxlcy5FeHRyYWN0VGV4dCwgTWljcm9zb2Z0LlZpc3VhbFN0dWRpby5RdWFsaXR5VG9vbHMuV2ViVGVzdEZyYW1ld29yaywgVmVyc2lvbj0xMC4wLjAuMCwgQ3VsdHVyZT1uZXV0cmFsLCBQdWJsaWNLZXlUb2tlbj1iMDNmNWY3ZjExZDUwYTNhIiBWYXJpYWJsZU5hbWU9IkZvcm1Qb3N0UGFyYW04NS5PVFRpbWVTdGFydCRkZGxISCIgRGlzcGxheU5hbWU9IiIgRGVzY3JpcHRpb249IiI+DQogICAgICAgICAgPFJ1bGVQYXJhbWV0ZXJzPg0KICAgICAgICAgICAgPFJ1bGVQYXJhbWV0ZXIgTmFtZT0iU3RhcnRzV2l0aCIgVmFsdWU9Imx1ZT0mcXVvdDsiIC8+DQogICAgICAgICAgICA8UnVsZVBhcmFtZXRlciBOYW1lPSJFbmRzV2l0aCIgVmFsdWU9IiZxdW90OyZndDswMCZsdDsiIC8+DQogICAgICAgICAgICA8UnVsZVBhcmFtZXRlciBOYW1lPSJJbmRleCIgVmFsdWU9IjMwIiAvPg0KICAgICAgICAgICAgPFJ1bGVQYXJhbWV0ZXIgTmFtZT0iSWdub3JlQ2FzZSIgVmFsdWU9IkZhbHNlIiAvPg0KICAgICAgICAgICAgPFJ1bGVQYXJhbWV0ZXIgTmFtZT0iVXNlUmVndWxhckV4cHJlc3Npb24iIFZhbHVlPSJGYWxzZSIgLz4NCiAgICAgICAgICAgIDxSdWxlUGFyYW1ldGVyIE5hbWU9Ikh0bWxEZWNvZGUiIFZhbHVlPSJUcnVlIiAvPg0KICAgICAgICAgICAgPFJ1bGVQYXJhbWV0ZXIgTmFtZT0iUmVxdWlyZWQiIFZhbHVlPSJGYWxzZSIgLz4NCiAgICAgICAgICA8L1J1bGVQYXJhbWV0ZXJzPg0KICAgICAgICA8L0V4dHJhY3Rpb25SdWxlPg0KICAgICAgICA8RXh0cmFjdGlvblJ1bGUgQ2xhc3NuYW1lPSJNaWNyb3NvZnQuVmlzdWFsU3R1ZGlvLlRlc3RUb29scy5XZWJUZXN0aW5nLlJ1bGVzLkV4dHJhY3RUZXh0LCBNaWNyb3NvZnQuVmlzdWFsU3R1ZGlvLlF1YWxpdHlUb29scy5XZWJUZXN0RnJhbWV3b3JrLCBWZXJzaW9uPTEwLjAuMC4wLCBDdWx0dXJlPW5ldXRyYWwsIFB1YmxpY0tleVRva2VuPWIwM2Y1ZjdmMTFkNTBhM2EiIFZhcmlhYmxlTmFtZT0iRm9ybVBvc3RQYXJhbTg2Lk9UVGltZVN0YXJ0JGRkbE1NIiBEaXNwbGF5TmFtZT0iIiBEZXNjcmlwdGlvbj0iIj4NCiAgICAgICAgICA8UnVsZVBhcmFtZXRlcnM+DQogICAgICAgICAgICA8UnVsZVBhcmFtZXRlciBOYW1lPSJTdGFydHNXaXRoIiBWYWx1ZT0ibHVlPSZxdW90OyIgLz4NCiAgICAgICAgICAgIDxSdWxlUGFyYW1ldGVyIE5hbWU9IkVuZHNXaXRoIiBWYWx1ZT0iJnF1b3Q7Jmd0OzAwJmx0OyIgLz4NCiAgICAgICAgICAgIDxSdWxlUGFyYW1ldGVyIE5hbWU9IkluZGV4IiBWYWx1ZT0iMzAiIC8+DQogICAgICAgICAgICA8UnVsZVBhcmFtZXRlciBOYW1lPSJJZ25vcmVDYXNlIiBWYWx1ZT0iRmFsc2UiIC8+DQogICAgICAgICAgICA8UnVsZVBhcmFtZXRlciBOYW1lPSJVc2VSZWd1bGFyRXhwcmVzc2lvbiIgVmFsdWU9IkZhbHNlIiAvPg0KICAgICAgICAgICAgPFJ1bGVQYXJhbWV0ZXIgTmFtZT0iSHRtbERlY29kZSIgVmFsdWU9IlRydWUiIC8+DQogICAgICAgICAgICA8UnVsZVBhcmFtZXRlciBOYW1lPSJSZXF1aXJlZCIgVmFsdWU9IkZhbHNlIiAvPg0KICAgICAgICAgIDwvUnVsZVBhcmFtZXRlcnM+DQogICAgICAgIDwvRXh0cmFjdGlvblJ1bGU+DQogICAgICAgIDxFeHRyYWN0aW9uUnVsZSBDbGFzc25hbWU9Ik1pY3Jvc29mdC5WaXN1YWxTdHVkaW8uVGVzdFRvb2xzLldlYlRlc3RpbmcuUnVsZXMuRXh0cmFjdFRleHQsIE1pY3Jvc29mdC5WaXN1YWxTdHVkaW8uUXVhbGl0eVRvb2xzLldlYlRlc3RGcmFtZXdvcmssIFZlcnNpb249MTAuMC4wLjAsIEN1bHR1cmU9bmV1dHJhbCwgUHVibGljS2V5VG9rZW49YjAzZjVmN2YxMWQ1MGEzYSIgVmFyaWFibGVOYW1lPSJGb3JtUG9zdFBhcmFtODcuT1RUaW1lRW5kJGRkbEhIIiBEaXNwbGF5TmFtZT0iIiBEZXNjcmlwdGlvbj0iIj4NCiAgICAgICAgICA8UnVsZVBhcmFtZXRlcnM+DQogICAgICAgICAgICA8UnVsZVBhcmFtZXRlciBOYW1lPSJTdGFydHNXaXRoIiBWYWx1ZT0ibHVlPSZxdW90OyIgLz4NCiAgICAgICAgICAgIDxSdWxlUGFyYW1ldGVyIE5hbWU9IkVuZHNXaXRoIiBWYWx1ZT0iJnF1b3Q7Jmd0OzAxJmx0OyIgLz4NCiAgICAgICAgICAgIDxSdWxlUGFyYW1ldGVyIE5hbWU9IkluZGV4IiBWYWx1ZT0iMzEiIC8+DQogICAgICAgICAgICA8UnVsZVBhcmFtZXRlciBOYW1lPSJJZ25vcmVDYXNlIiBWYWx1ZT0iRmFsc2UiIC8+DQogICAgICAgICAgICA8UnVsZVBhcmFtZXRlciBOYW1lPSJVc2VSZWd1bGFyRXhwcmVzc2lvbiIgVmFsdWU9IkZhbHNlIiAvPg0KICAgICAgICAgICAgPFJ1bGVQYXJhbWV0ZXIgTmFtZT0iSHRtbERlY29kZSIgVmFsdWU9IlRydWUiIC8+DQogICAgICAgICAgICA8UnVsZVBhcmFtZXRlciBOYW1lPSJSZXF1aXJlZCIgVmFsdWU9IkZhbHNlIiAvPg0KICAgICAgICAgIDwvUnVsZVBhcmFtZXRlcnM+DQogICAgICAgIDwvRXh0cmFjdGlvblJ1bGU+DQogICAgICAgIDxFeHRyYWN0aW9uUnVsZSBDbGFzc25hbWU9Ik1pY3Jvc29mdC5WaXN1YWxTdHVkaW8uVGVzdFRvb2xzLldlYlRlc3RpbmcuUnVsZXMuRXh0cmFjdFRleHQsIE1pY3Jvc29mdC5WaXN1YWxTdHVkaW8uUXVhbGl0eVRvb2xzLldlYlRlc3RGcmFtZXdvcmssIFZlcnNpb249MTAuMC4wLjAsIEN1bHR1cmU9bmV1dHJhbCwgUHVibGljS2V5VG9rZW49YjAzZjVmN2YxMWQ1MGEzYSIgVmFyaWFibGVOYW1lPSJGb3JtUG9zdFBhcmFtODguT1RUaW1lRW5kJGRkbE1NIiBEaXNwbGF5TmFtZT0iIiBEZXNjcmlwdGlvbj0iIj4NCiAgICAgICAgICA8UnVsZVBhcmFtZXRlcnM+DQogICAgICAgICAgICA8UnVsZVBhcmFtZXRlciBOYW1lPSJTdGFydHNXaXRoIiBWYWx1ZT0ibHVlPSZxdW90OyIgLz4NCiAgICAgICAgICAgIDxSdWxlUGFyYW1ldGVyIE5hbWU9IkVuZHNXaXRoIiBWYWx1ZT0iJnF1b3Q7Jmd0O+iri+mBuOaThyIgLz4NCiAgICAgICAgICAgIDxSdWxlUGFyYW1ldGVyIE5hbWU9IkluZGV4IiBWYWx1ZT0iMjkiIC8+DQogICAgICAgICAgICA8UnVsZVBhcmFtZXRlciBOYW1lPSJJZ25vcmVDYXNlIiBWYWx1ZT0iRmFsc2UiIC8+DQogICAgICAgICAgICA8UnVsZVBhcmFtZXRlciBOYW1lPSJVc2VSZWd1bGFyRXhwcmVzc2lvbiIgVmFsdWU9IkZhbHNlIiAvPg0KICAgICAgICAgICAgPFJ1bGVQYXJhbWV0ZXIgTmFtZT0iSHRtbERlY29kZSIgVmFsdWU9IlRydWUiIC8+DQogICAgICAgICAgICA8UnVsZVBhcmFtZXRlciBOYW1lPSJSZXF1aXJlZCIgVmFsdWU9IkZhbHNlIiAvPg0KICAgICAgICAgIDwvUnVsZVBhcmFtZXRlcnM+DQogICAgICAgIDwvRXh0cmFjdGlvblJ1bGU+DQogICAgICAgIDxFeHRyYWN0aW9uUnVsZSBDbGFzc25hbWU9Ik1pY3Jvc29mdC5WaXN1YWxTdHVkaW8uVGVzdFRvb2xzLldlYlRlc3RpbmcuUnVsZXMuRXh0cmFjdFRleHQsIE1pY3Jvc29mdC5WaXN1YWxTdHVkaW8uUXVhbGl0eVRvb2xzLldlYlRlc3RGcmFtZXdvcmssIFZlcnNpb249MTAuMC4wLjAsIEN1bHR1cmU9bmV1dHJhbCwgUHVibGljS2V5VG9rZW49YjAzZjVmN2YxMWQ1MGEzYSIgVmFyaWFibGVOYW1lPSJGb3JtUG9zdFBhcmFtODkuZGRsT1RUeXBlSUQiIERpc3BsYXlOYW1lPSIiIERlc2NyaXB0aW9uPSIiPg0KICAgICAgICAgIDxSdWxlUGFyYW1ldGVycz4NCiAgICAgICAgICAgIDxSdWxlUGFyYW1ldGVyIE5hbWU9IlN0YXJ0c1dpdGgiIFZhbHVlPSJzJnF1b3Q7OlsmcXVvdDsiIC8+DQogICAgICAgICAgICA8UnVsZVBhcmFtZXRlciBOYW1lPSJFbmRzV2l0aCIgVmFsdWU9IiZxdW90OywmcXVvdDsxJnF1b3Q7IiAvPg0KICAgICAgICAgICAgPFJ1bGVQYXJhbWV0ZXIgTmFtZT0iSW5kZXgiIFZhbHVlPSIwIiAvPg0KICAgICAgICAgICAgPFJ1bGVQYXJhbWV0ZXIgTmFtZT0iSWdub3JlQ2FzZSIgVmFsdWU9IkZhbHNlIiAvPg0KICAgICAgICAgICAgPFJ1bGVQYXJhbWV0ZXIgTmFtZT0iVXNlUmVndWxhckV4cHJlc3Npb24iIFZhbHVlPSJGYWxzZSIgLz4NCiAgICAgICAgICAgIDxSdWxlUGFyYW1ldGVyIE5hbWU9Ikh0bWxEZWNvZGUiIFZhbHVlPSJUcnVlIiAvPg0KICAgICAgICAgICAgPFJ1bGVQYXJhbWV0ZXIgTmFtZT0iUmVxdWlyZWQiIFZhbHVlPSJGYWxzZSIgLz4NCiAgICAgICAgICA8L1J1bGVQYXJhbWV0ZXJzPg0KICAgICAgICA8L0V4dHJhY3Rpb25SdWxlPg0KICAgICAgICA8RXh0cmFjdGlvblJ1bGUgQ2xhc3NuYW1lPSJNaWNyb3NvZnQuVmlzdWFsU3R1ZGlvLlRlc3RUb29scy5XZWJUZXN0aW5nLlJ1bGVzLkV4dHJhY3RUZXh0LCBNaWNyb3NvZnQuVmlzdWFsU3R1ZGlvLlF1YWxpdHlUb29scy5XZWJUZXN0RnJhbWV3b3JrLCBWZXJzaW9uPTEwLjAuMC4wLCBDdWx0dXJlPW5ldXRyYWwsIFB1YmxpY0tleVRva2VuPWIwM2Y1ZjdmMTFkNTBhM2EiIFZhcmlhYmxlTmFtZT0iRm9ybVBvc3RQYXJhbTkwLmRkbE9yZyIgRGlzcGxheU5hbWU9IiIgRGVzY3JpcHRpb249IiI+DQogICAgICAgICAgPFJ1bGVQYXJhbWV0ZXJzPg0KICAgICAgICAgICAgPFJ1bGVQYXJhbWV0ZXIgTmFtZT0iU3RhcnRzV2l0aCIgVmFsdWU9IiZxdW90OzAmcXVvdDssJnF1b3Q7IiAvPg0KICAgICAgICAgICAgPFJ1bGVQYXJhbWV0ZXIgTmFtZT0iRW5kc1dpdGgiIFZhbHVlPSImcXVvdDssJnF1b3Q7MiZxdW90OyIgLz4NCiAgICAgICAgICAgIDxSdWxlUGFyYW1ldGVyIE5hbWU9IkluZGV4IiBWYWx1ZT0iMCIgLz4NCiAgICAgICAgICAgIDxSdWxlUGFyYW1ldGVyIE5hbWU9Iklnbm9yZUNhc2UiIFZhbHVlPSJGYWxzZSIgLz4NCiAgICAgICAgICAgIDxSdWxlUGFyYW1ldGVyIE5hbWU9IlVzZVJlZ3VsYXJFeHByZXNzaW9uIiBWYWx1ZT0iRmFsc2UiIC8+DQogICAgICAgICAgICA8UnVsZVBhcmFtZXRlciBOYW1lPSJIdG1sRGVjb2RlIiBWYWx1ZT0iVHJ1ZSIgLz4NCiAgICAgICAgICAgIDxSdWxlUGFyYW1ldGVyIE5hbWU9IlJlcXVpcmVkIiBWYWx1ZT0iRmFsc2UiIC8+DQogICAgICAgICAgPC9SdWxlUGFyYW1ldGVycz4NCiAgICAgICAgPC9FeHRyYWN0aW9uUnVsZT4NCiAgICAgICAgPEV4dHJhY3Rpb25SdWxlIENsYXNzbmFtZT0iTWljcm9zb2Z0LlZpc3VhbFN0dWRpby5UZXN0VG9vbHMuV2ViVGVzdGluZy5SdWxlcy5FeHRyYWN0VGV4dCwgTWljcm9zb2Z0LlZpc3VhbFN0dWRpby5RdWFsaXR5VG9vbHMuV2ViVGVzdEZyYW1ld29yaywgVmVyc2lvbj0xMC4wLjAuMCwgQ3VsdHVyZT1uZXV0cmFsLCBQdWJsaWNLZXlUb2tlbj1iMDNmNWY3ZjExZDUwYTNhIiBWYXJpYWJsZU5hbWU9IkZvcm1Qb3N0UGFyYW05MS51Y0Nhc2NhZGluZ0Ryb3BEb3duMSRkZGwwMiIgRGlzcGxheU5hbWU9IiIgRGVzY3JpcHRpb249IiI+DQogICAgICAgICAgPFJ1bGVQYXJhbWV0ZXJzPg0KICAgICAgICAgICAgPFJ1bGVQYXJhbWV0ZXIgTmFtZT0iU3RhcnRzV2l0aCIgVmFsdWU9Imx1ZT0mcXVvdDsiIC8+DQogICAgICAgICAgICA8UnVsZVBhcmFtZXRlciBOYW1lPSJFbmRzV2l0aCIgVmFsdWU9IiZxdW90OyB0aXQiIC8+DQogICAgICAgICAgICA8UnVsZVBhcmFtZXRlciBOYW1lPSJJbmRleCIgVmFsdWU9IjIyMCIgLz4NCiAgICAgICAgICAgIDxSdWxlUGFyYW1ldGVyIE5hbWU9Iklnbm9yZUNhc2UiIFZhbHVlPSJGYWxzZSIgLz4NCiAgICAgICAgICAgIDxSdWxlUGFyYW1ldGVyIE5hbWU9IlVzZVJlZ3VsYXJFeHByZXNzaW9uIiBWYWx1ZT0iRmFsc2UiIC8+DQogICAgICAgICAgICA8UnVsZVBhcmFtZXRlciBOYW1lPSJIdG1sRGVjb2RlIiBWYWx1ZT0iVHJ1ZSIgLz4NCiAgICAgICAgICAgIDxSdWxlUGFyYW1ldGVyIE5hbWU9IlJlcXVpcmVkIiBWYWx1ZT0iRmFsc2UiIC8+DQogICAgICAgICAgPC9SdWxlUGFyYW1ldGVycz4NCiAgICAgICAgPC9FeHRyYWN0aW9uUnVsZT4NCiAgICAgICAgPEV4dHJhY3Rpb25SdWxlIENsYXNzbmFtZT0iTWljcm9zb2Z0LlZpc3VhbFN0dWRpby5UZXN0VG9vbHMuV2ViVGVzdGluZy5SdWxlcy5FeHRyYWN0VGV4dCwgTWljcm9zb2Z0LlZpc3VhbFN0dWRpby5RdWFsaXR5VG9vbHMuV2ViVGVzdEZyYW1ld29yaywgVmVyc2lvbj0xMC4wLjAuMCwgQ3VsdHVyZT1uZXV0cmFsLCBQdWJsaWNLZXlUb2tlbj1iMDNmNWY3ZjExZDUwYTNhIiBWYXJpYWJsZU5hbWU9IkZvcm1Qb3N0UGFyYW05Mi51Y0Nhc2NhZGluZ0Ryb3BEb3duMSRkZGwwMyIgRGlzcGxheU5hbWU9IiIgRGVzY3JpcHRpb249IiI+DQogICAgICAgICAgPFJ1bGVQYXJhbWV0ZXJzPg0KICAgICAgICAgICAgPFJ1bGVQYXJhbWV0ZXIgTmFtZT0iU3RhcnRzV2l0aCIgVmFsdWU9Imx1ZT0mcXVvdDsiIC8+DQogICAgICAgICAgICA8UnVsZVBhcmFtZXRlciBOYW1lPSJFbmRzV2l0aCIgVmFsdWU9IiZxdW90OyB0aXQiIC8+DQogICAgICAgICAgICA8UnVsZVBhcmFtZXRlciBOYW1lPSJJbmRleCIgVmFsdWU9IjIyMSIgLz4NCiAgICAgICAgICAgIDxSdWxlUGFyYW1ldGVyIE5hbWU9Iklnbm9yZUNhc2UiIFZhbHVlPSJGYWxzZSIgLz4NCiAgICAgICAgICAgIDxSdWxlUGFyYW1ldGVyIE5hbWU9IlVzZVJlZ3VsYXJFeHByZXNzaW9uIiBWYWx1ZT0iRmFsc2UiIC8+DQogICAgICAgICAgICA8UnVsZVBhcmFtZXRlciBOYW1lPSJIdG1sRGVjb2RlIiBWYWx1ZT0iVHJ1ZSIgLz4NCiAgICAgICAgICAgIDxSdWxlUGFyYW1ldGVyIE5hbWU9IlJlcXVpcmVkIiBWYWx1ZT0iRmFsc2UiIC8+DQogICAgICAgICAgPC9SdWxlUGFyYW1ldGVycz4NCiAgICAgICAgPC9FeHRyYWN0aW9uUnVsZT4NCiAgICAgICAgPEV4dHJhY3Rpb25SdWxlIENsYXNzbmFtZT0iTWljcm9zb2Z0LlZpc3VhbFN0dWRpby5UZXN0VG9vbHMuV2ViVGVzdGluZy5SdWxlcy5FeHRyYWN0VGV4dCwgTWljcm9zb2Z0LlZpc3VhbFN0dWRpby5RdWFsaXR5VG9vbHMuV2ViVGVzdEZyYW1ld29yaywgVmVyc2lvbj0xMC4wLjAuMCwgQ3VsdHVyZT1uZXV0cmFsLCBQdWJsaWNLZXlUb2tlbj1iMDNmNWY3ZjExZDUwYTNhIiBWYXJpYWJsZU5hbWU9IkZvcm1Qb3N0UGFyYW05My5oaWRkZW5JbnB1dFRvVXBkYXRlQVRCdWZmZXJfQ29tbW9uVG9vbGtpdFNjcmlwdHMiIERpc3BsYXlOYW1lPSIiIERlc2NyaXB0aW9uPSIiPg0KICAgICAgICAgIDxSdWxlUGFyYW1ldGVycz4NCiAgICAgICAgICAgIDxSdWxlUGFyYW1ldGVyIE5hbWU9IlN0YXJ0c1dpdGgiIFZhbHVlPSJzJnF1b3Q7OlsmcXVvdDsiIC8+DQogICAgICAgICAgICA8UnVsZVBhcmFtZXRlciBOYW1lPSJFbmRzV2l0aCIgVmFsdWU9IiZxdW90OywmcXVvdDsxJnF1b3Q7IiAvPg0KICAgICAgICAgICAgPFJ1bGVQYXJhbWV0ZXIgTmFtZT0iSW5kZXgiIFZhbHVlPSIwIiAvPg0KICAgICAgICAgICAgPFJ1bGVQYXJhbWV0ZXIgTmFtZT0iSWdub3JlQ2FzZSIgVmFsdWU9IkZhbHNlIiAvPg0KICAgICAgICAgICAgPFJ1bGVQYXJhbWV0ZXIgTmFtZT0iVXNlUmVndWxhckV4cHJlc3Npb24iIFZhbHVlPSJGYWxzZSIgLz4NCiAgICAgICAgICAgIDxSdWxlUGFyYW1ldGVyIE5hbWU9Ikh0bWxEZWNvZGUiIFZhbHVlPSJUcnVlIiAvPg0KICAgICAgICAgICAgPFJ1bGVQYXJhbWV0ZXIgTmFtZT0iUmVxdWlyZWQiIFZhbHVlPSJGYWxzZSIgLz4NCiAgICAgICAgICA8L1J1bGVQYXJhbWV0ZXJzPg0KICAgICAgICA8L0V4dHJhY3Rpb25SdWxlPg0KICAgICAgPC9Db3JyZWxhdGlvbkV4dHJhY3Rpb25SdWxlcz4NCiAgICAgIDxGb3JtUG9zdEh0dHBCb2R5Pg0KICAgICAgICA8Rm9ybVBvc3RQYXJhbWV0ZXIgTmFtZT0iVG9vbGtpdFNjcmlwdE1hbmFnZXIxX0hpZGRlbkZpZWxkIiBWYWx1ZT0iOztBamF4Q29udHJvbFRvb2xraXQsIFZlcnNpb249NC4xLjcuNjA3LCBDdWx0dXJlPW5ldXRyYWwsIFB1YmxpY0tleVRva2VuPTI4ZjAxYjBlODRiNmQ1M2U6emgtSGFudDo3Yjk1ZWQxYS02YTNmLTQxZGQtYmM1Yi02M2YzOWVkYmM0YjQ6ZGUxZmVhYjI6ZmNmMGU5OTM6ZjJjOGU3MDg6NzIwYTUyYmY6ZjljZWM5YmM6NTg5ZWFhMzA6Njk4MTI5Y2Y6ZmI5YjRjNTc6Y2NiOTZjZjk6OGFkMTgxMDE6Y2E1N2VmM2M6YTY3YzI3MDA6ODYxM2FlYTc6MzIwMmE1YTI6YWIwOWUzZmU6ODcxMDRiN2M6YmU2ZmIyOTgiIFJlY29yZGVkVmFsdWU9Ijs7QWpheENvbnRyb2xUb29sa2l0LCBWZXJzaW9uPTQuMS43LjYwNywgQ3VsdHVyZT1uZXV0cmFsLCBQdWJsaWNLZXlUb2tlbj0yOGYwMWIwZTg0YjZkNTNlOnpoLUhhbnQ6N2I5NWVkMWEtNmEzZi00MWRkLWJjNWItNjNmMzllZGJjNGI0OmRlMWZlYWIyOmZjZjBlOTkzOmYyYzhlNzA4OjcyMGE1MmJmOmY5Y2VjOWJjOjU4OWVhYTMwOjY5ODEyOWNmOmZiOWI0YzU3OmNjYjk2Y2Y5OjhhZDE4MTAxOmNhNTdlZjNjOmE2N2MyNzAwOjg2MTNhZWE3OjMyMDJhNWEyOmFiMDllM2ZlOjg3MTA0YjdjOmJlNmZiMjk4IiBDb3JyZWxhdGlvbkJpbmRpbmc9IiIgVXJsRW5jb2RlPSJUcnVlIiAvPg0KICAgICAgICA8Rm9ybVBvc3RQYXJhbWV0ZXIgTmFtZT0iX19FVkVOVFRBUkdFVCIgVmFsdWU9Ik9UVGltZVN0YXJ0JGRkbE1NIiBSZWNvcmRlZFZhbHVlPSJPVFRpbWVTdGFydCRkZGxNTSIgQ29ycmVsYXRpb25CaW5kaW5nPSJ7e0Zvcm1Qb3N0UGFyYW0xMDAuX19FVkVOVFRBUkdFVH19IiBVcmxFbmNvZGU9IlRydWUiIC8+DQogICAgICAgIDxGb3JtUG9zdFBhcmFtZXRlciBOYW1lPSJfX0VWRU5UQVJHVU1FTlQiIFZhbHVlPSJ7eyRISURERU4xLl9fRVZFTlRBUkdVTUVOVH19IiBSZWNvcmRlZFZhbHVlPSIiIENvcnJlbGF0aW9uQmluZGluZz0iIiBVcmxFbmNvZGU9IlRydWUiIC8+DQogICAgICAgIDxGb3JtUG9zdFBhcmFtZXRlciBOYW1lPSJfX0xBU1RGT0NVUyIgVmFsdWU9Int7JEhJRERFTjEuX19MQVNURk9DVVN9fSIgUmVjb3JkZWRWYWx1ZT0iIiBDb3JyZWxhdGlvbkJpbmRpbmc9IiIgVXJsRW5jb2RlPSJUcnVlIiAvPg0KICAgICAgICA8Rm9ybVBvc3RQYXJhbWV0ZXIgTmFtZT0iX19WU1RBVEUiIFZhbHVlPSJ7eyRISURERU4xLl9fVlNUQVRFfX0iIFJlY29yZGVkVmFsdWU9IkFSK0xDQUFBQUFBQUJBRHRHbXR6RzlYVnVySGtaMktUSVlLUUlHMmNHUnhQSW1sMzliSmtXOVIySE93bWprT2tKTXdBbzFscHIzWVhyWGJGN3NxMmhtRWFDaUVoSVJBR1FodENTNW1TUW1HU3BtVUtKa2xwZjBLbjB3LzkzRnArZk9wUG9PZnVyaDUrUWFBeDAzYTZ0bmYzbm52dU9lZWV4NzNuM1BWWGpxNEhrZE9UVG8rcWlxR3BzbjRjUDF1U05IeE0xWTBSTHBzL2pNdnB0TnZsM0tabGpLU2tDREllS3hRbkRqcTNRbnV5SkJ2U3VzMDJxU0FjNFVwS1ZuUjJ3T3ZqSmF3YmtxbzRPN0ppZmhKejhpR1pFNXd1WVhxU2s1U3V3ZjFObmNpMW82VjFLaldxa3VId2NralZDa2VuV3FaU0pqM1hWT29nWjJCNHBLUUM3b0NIYW5BeWVRZU0xS3dDUTlCWGNIWHhYYzUyWHlSS1IxZ21Fb3AwdVNsUGF4b29rTUhPblV3c3hnYjZBd3hOemMrZHIxdzhSekZzbktiaDErTk9UK2pETXRhTUpOWjFrSk5RVmt1RzZPbEtIK01FUEtGUFlvTkxjWUl1ZUxiWkVDTGdFVlVRUFMxcGpWUHlNR2RFUnowNzdGNllzRlpPR2hvb3pFVHFTSjlTdFh4U01qQWdiZ2tEeXowMjVuREpVSWVMUmJrOFZzaGduc0JHZFgxVTVuVGcxVnZsRGxveTRDK1pCUVBKWUJtSktITktxZHBJQVBvVE9zRTlvbWJ6b3NmRkdRWUhxdmNib0hhR1poa214a2RqTE05biszMU1qczc2UWhrYzhXVTRPdUpqTW55WTdhZXpHVGJHZWRyU3crWkFrUEhiRHUyMkJUZ0ZtdFlLbkpZbml1R05ZNXpHc1hPN214eE5UVTNFUU9SSnJrNEV0NlBKc203Z2doK3N3eDJnVG1LTnFING81S2ZKendGcUZOeXBwT0VoQlpjTWpaTVBVTWRLR1ZuS2drT20xRHhXaGpMUktCZk9oaU5NTEJqQ2RIL01TWWp2YUtCcDNsSmNSc1pib0dkbnJlVS9qZ3VxQWFheFdiWTlVWkNUV1JFWHVBNTRPeWpsY285cFhHR0x3N0hOSm1iakVabmJDQ2xYTTl5KzJENzQ2R3hCcHFadHVYc1lQOTFEWVNXcjhrQjZxS2RrNUh4TXBPZlJ4TmIyd1ZrOXJwc01LQmloNkVNOVBkWkxmQmJlUmNNb3hnT0JtWmtaLzB6UXIycENnS1ZwSnZERTVCRkxxQ3B1UWVkaEJrQllVMnhxdXE4Z2dVdm9hczd3WmRWQ0hQQjhGbFlQY0tVb3doZkx1SUFWZzFLNEFoN3FNZWZQV0wxV1A0d3J5bmcyVlM1aUcyckJkVmdHWURKMTRIcmtodmxwTG90SHNDQXBQWlFCSklaNnlGRFQ3M3NvUzVTNHdXa0NObzdDQUwwSTJHVHlCVW1aeW1aTEdzd2VkQmI0Umg0Z3g1akNieHFMZ3pncmc2T1NvTnJjdVJ6a3lrZWtnbVNNcXlYdDZQZkNaWHpUdVpDbGZOT1lUTUttSk5ZbTh6MncyZFRaVEtVbVM3b3hLdUpzZmhONW1QTUE2MncyaTgwMVBMYjI5ODJMa2lxSHpZc1FTRHlPbTZuQnBuRTR5Y2tTdjhrOGh2bG53R2szbVVtU2d3VzRQS1VORTE2YlBKVUpaWnFvamVTRTk0VFRZR0R0ZG1uQ1ZtK3RKdENXYUlQOTJUQnpWUzZKalpva0U3b05nVjZ0aEd0d2toVFdVcHJhemw3dFBhSGowWkttQVdWSUNUbUNZQTYraTQwL0s2cFNGcSthYllHYnJiWktTa1l0S1R6bTZ6cTRtOWxhV2pMVGxvVExDZm5UWDFvR2VVaTFCQzF1UGJqQ2Q4bHo3REVXaVc4YVUyWGttN1pUb01HNnZxdFRzZlJJMmFKSmZGV3pkZFZxNnN5VXhtUE5WSXlOSjNMNnFNZ3BBZ1lGU1lvT2xRVG9wNjdXaGp3cEVZc05CaHJiSzVDc1JDZkIwaGFPM2F5aHJFNVVUR0pyZ0hYMHhuUWpFUUxVRllCMThjWVRETHNTY1h3dElsbjZFM1Fkeld6WHNGWnUyb2xRWkRDd0NyUU9hcFhrS2tnTnMySHZKR2lOelFhYzZ0NlhpQktVV21zMWhrbWFxYUdzRXIrNjlTU0NSSjVhYXczQ2VDTFNnTkNncHRyQ24yREFQdlZXRGFGaDNVNHdvSjdHZG9NLzFCZGVrOUFLUUExdHhkSkpKclVTc0lwY3crSUhYc1pFQXd3YkNOSlYybzI5MWRDMjNOOE82Ulh4TWhoWUZjQ0pabElkcmFxYVNLM2tTazl5ejZnYVBDU0ZQRVpLa3N5M3BZL2phWW1na0lxd0ZTNWtWNGRmMlZlSHB6bWR4TE5PQjJOVzZNZHhUc082YU5mb2g0QWhGdDBJYmVuaTNTRzRkN2tSMU45SEpFRTBSdFRaRVExeitUR0ZDTStMdkJ2bEFLc1pPVXlzbHBQQUZqcEVua2RPRTlLY3dyT0c4OEdsSzVjWEw3MDhQM2Y5bjNkZVhmcmt3dUpIRnl0Zm52bjc2VjhCM2k2QzU5M3VkQ1dQalk4Y1pnRHlzQTNwWExnNXQvVGJTOHZuVHkrOS95ckE5MVF4YVpwK2pLWUJzdGVHZE0zZnVsVTVmM1hwMDdNTHR5NEJMK2pxYlVTT0VlUStHN0lEa0FubTVibUZOOTlaT1B2SzRsc2ZMWDc0QmlBRXEwUHM4cHhIQXphazI0TDg0L1RweXUyM3B4YS8vRFgwUGRyVmJVNjVwb291dHdNNTNJNXVuaGZJRzQ4ZWc5SHRubzQwc1RvNTFlQU1aMmNacnFjQ2s1TlBCWGplMDU1T3duWm9tQ2N3VFgrU1hyMzYxeisza25NVmhiZEJJODNlNjM5ck5ROGhqbU9PbjFMa3NnZ0lLVldGeUNnNmZVOHUzLzc1d3B2bm42WXFiOXlwdlA3SndrK3VMVng5R1ZUODVQTFZLeVo4WWU3TThwVVBLbWMrck56NHdqSVRXQXp1M2VUcGFWR1ZMQlQrZVdmcWhDSEo2VkV4RC9aTnFZSWdZOU9Ra2l3WjVYMjlwU3dSeHhRMW5SWHo5YTdlQTlTS1RsNmFKazQ4REI3UzJ6ZkFnNUlRVVpGVE44b3lkbnFob0RjazJETjlFQXFDRWpmVTRzQjBqVlo4d1BhaVZ0QjN1eGxCZERqQVJEeWQ1Q0NuZmlEVFBjcVZkS3liZ1cwdXpZS241YnZwQXlSclZ4VStJMXM2MkdhSWt1NkhNQzNob2Q3ZUFSNGMzKzN5dU5ZMVhOc2F1NDBUUjFoaHRuRWVIU1lPNEwxLzVXRHZqcHF0dmU2YWpiMFBpTjRILzEyRGVuYzZqOTJGSlVIUWpleEl1dGEzb3ZlaDcyaEE3eTdCdTF2d1B2eXRyZVAxckc4VHIzZVZRcW1hRWJ4N0dyUS9CYkkwZXpvaGRwTEphcENDbXRmVDJ0Zjd2M1U0dW9IL04zYXUxZHlXdTlTY3l4UUc1a2FVUlU0MTl4QkNJeVFmRlBqdUhUdmJZTkZjZmdFV3JMT0lwaEhOSUpwRmRCRFJJVVNIRVIxQmRCVFIvWWlPSVlaR0RJTVlGakZCeElRUUUwWk1CREZSeFBRakpvWllHckVNWWxuRUJqZUQ1djM3dCt3VU5ycXNOZEhaTUUzdlhqSzNvWHN2QjJKRGlBMGpOb0xZS0dMN0VSdERRUm9GR1JSa1VUQ0lnaUVVREtOZ0JBV2pLTmlQZ2pFVW9sR0lRU0VXaFlJb0ZFS2hNQXBGVUNpS1F2MG9GRU5oR29VWkZHWlJPSWpDSVJRT28zQUVoYU1vM0kvQ3NmOTIrY0ZtUXh2YTdHNHV0eVBIbzdZdTJQYmNUVHc2UVlMTzI3TlJvSDM5OG1URjByckxVNzNyWGdXWjVYMy9HNUdWKzM5Zy9jZkpmNDhEaTdQVFRiTXl3N0FyRU04WDdQelVRZkxiWjAwUDhHd2owWEdTYkptSEpDenp6dVpSbGNlZXJlYUpCdVRpRnJDTkFFZkpLWXpsSzUzYkliZjFVYjZheHVHOWMvbk14Y3FsYzVXYjV4YmVQK2VxblBscy92YmJyb1YzWDF5NmZ0TlZPWDFuOGZYcjdzcW5OMkVYRHl5OGU2NXk2eks4TGY3K1VtWHUwMDc0cTF5NFl1WDgyNWZPZmd6cCs4SjcxeForTVRmL2gzY1hybDNmWG5udmN3RE5mM21CZEZ5N0RyamJMZVRGajE5WXZISm4vdGFGK2R1ZmRVTG4wcm1MUzcvODJmd2ZiempOcjJZN09oMjBBd3hOTzFoSDBCRnloQjBSUjlUUjc0aVI3NWMwellES094czFDRW9wZ1laMmUzWkJtVFI3QkN1Q0lSNGxPbEN6SlgxVWxyQmlUQnpFa0ZCUFFBdHptbWkrbXIyaVoxdWFxQ3NwU2puanNLVHdIWDAvU2tLTmRZekwray9oek5oc0VTb20zVCtxRmdxcTRpZXIydjRWNkFlb0RiSHJYK1NpL3FBL3lQaVpiLzRrcDVSa3VjbXpPMzFRMG90amlvRTF6SjlTTlY2ZnlqeFRuMGQ3MnZ4SU9NbHBlZXhwTTJzR0FWaUxabTZKelV4b09HdEkwM2hpY2t3QWhPcjNVREp5b3ZwNVd2UnNUMXNmVDFQcWlXSVJhNk9jamtYN082aXV6d0RYZFZmMnA3NTJaVGRtamFrVWxEQzZxa3ppZ3JwMmZWK05zT0VxSDhuSkttZkVaWnd6Qm5qUWhzeVY0NUlpU3dyMlpXUTFteDhvY2p6NVRoaW5WeTcrclZadTZtbXRGMUxPVXhKdmlMdXMwcmo4QS9LVjA5TmFWMHB6ZWs5eUJQMFlXWVZTSHBkTFJlZFBrWm1SR3BJaG14bXBsS1AyMVhOVXYyeTZHSlVZb2xpYXBoNTVoS3IzVVh1R3FON2V2dWNvS1BjYm9FTU5EYjlleWxpbnBmdm9BNFJDM3dEVi92eEErelNuVVdwcTFnQmtIbnlUblB2NUJXeU1XVWVBSStVSmZxMkNaUzVEOVBjNGFMZlBsTklrQURJUVQrcDdqclQ4a3FKZ2pYZ3RFTFkrcWZ0elpyV3o3NGZKOUtRdW1ONDJvUlJMQmtTUDZXNEhxRFdUdFFWOW5qY1BDcHE5b1JYNjlFYlFhV1FlQmxqZVlpMVhEenhaK2VERHltOCtXWDd0N2NxTmQ1NnVmUDY3eXVYM29BdzNEZnlXbzJwQmlpM09VZ3dOdCtyTEFKVlZaVldMNzRXaWZvREtrSUpRSXpseW5OcDc2TkJZLzNCa2dNcXBpdUdid2VTd0lrNWxWSmtIUEpXY0tzWXBCcWpvS3RTTkZBOGhJbWhjZVlDYUVTVUQrOHlqNkRpbHFETWFWNndPOEdrY0w1WDBPQlVFeGp4cU1ZVy9qeXdxejl2enVHL2Y0dFVibFZjdUxyNzAvdktWbDJETjZvUE9GNnV6ZElTaGRiYmEya0w3eVNKOVlWWDc5Vlh0Tngza3Z6YnVRNDV1ZHhQNTZieC9meE9zL3BkcjRRYTdnWmxJWDdFZ3pWMW0vRDNrM0ZvTkJrVlY4QUQvTDdNVndGSitJZ0FBIiBDb3JyZWxhdGlvbkJpbmRpbmc9IiIgVXJsRW5jb2RlPSJUcnVlIiAvPg0KICAgICAgICA8Rm9ybVBvc3RQYXJhbWV0ZXIgTmFtZT0iX19WSUVXU1RBVEUiIFZhbHVlPSJ7eyRISURERU4xLl9fVklFV1NUQVRFfX0iIFJlY29yZGVkVmFsdWU9IiIgQ29ycmVsYXRpb25CaW5kaW5nPSIiIFVybEVuY29kZT0iVHJ1ZSIgLz4NCiAgICAgICAgPEZvcm1Qb3N0UGFyYW1ldGVyIE5hbWU9Il9fU0NST0xMUE9TSVRJT05YIiBWYWx1ZT0ie3skSElEREVOMS5fX1NDUk9MTFBPU0lUSU9OWH19IiBSZWNvcmRlZFZhbHVlPSIwIiBDb3JyZWxhdGlvbkJpbmRpbmc9IiIgVXJsRW5jb2RlPSJUcnVlIiAvPg0KICAgICAgICA8Rm9ybVBvc3RQYXJhbWV0ZXIgTmFtZT0iX19TQ1JPTExQT1NJVElPTlkiIFZhbHVlPSJ7eyRISURERU4xLl9fU0NST0xMUE9TSVRJT05ZfX0iIFJlY29yZGVkVmFsdWU9IjAiIENvcnJlbGF0aW9uQmluZGluZz0iIiBVcmxFbmNvZGU9IlRydWUiIC8+DQogICAgICAgIDxGb3JtUG9zdFBhcmFtZXRlciBOYW1lPSJfX1ZJRVdTVEFURUVOQ1JZUFRFRCIgVmFsdWU9Int7JEhJRERFTjEuX19WSUVXU1RBVEVFTkNSWVBURUR9fSIgUmVjb3JkZWRWYWx1ZT0iIiBDb3JyZWxhdGlvbkJpbmRpbmc9IiIgVXJsRW5jb2RlPSJUcnVlIiAvPg0KICAgICAgICA8Rm9ybVBvc3RQYXJhbWV0ZXIgTmFtZT0iX19FVkVOVFZBTElEQVRJT04iIFZhbHVlPSJ7eyRISURERU4xLl9fRVZFTlRWQUxJREFUSU9OfX0iIFJlY29yZGVkVmFsdWU9IkJObWQ5eEx3ZTNyb2p4ZEFDeFBxWDZGbHRjY2xEdGJScmRwUE90NmJmSllIWFNmdnhRNzZzOFBuejE3YjdCK2wzaWtWdWszUitYZkxybGFVNFBSckVSOXhVSjBaNUt5ZExrSGJCSXhFY29rajdydnQ2S3RndnJaSm5GUkRwWTFJYS9OM0FEZXdORlFlN1lwUFpMY21qeEdsQWhnbmVDZFFzZFdBUXpXeGZaK1RNTGxWOWkxbXpVOFNSWXFzT1d4OTZJZU5Ra2drdEhYOE56U3JWUm1GQXZXUkMvWEErS2NWWXhPUjdUWHBjWlJQMEVaQ1FDUGwyZGk1RnhZZEtBcndIZXNHZnpvdXdVZy9nTXZvc1VGa0JUN01UUWkxREc1ZW9OdDh6dEhYQVIvUnhidDVSWUNpWEJxbjR2UTRqdlkwS2RwQUVKN1Z4Q1RHdFU3cjJobWZuRlU4aFY0VmtaRWxOVjVTb3JrUXRtUHNiWUtmdDB6emxRN3VRK1JuV1Q4UEphc1RvM2VIZENQTks2dkdvSWdJUUhPMjQwME9idzk2ZkJmaFgyZkxsS0UwbnpYY3NhL1kzdms2ampkaFhuOUxmRTcrYnQwUU9wZlZIL1A4cFdCQXpzSHlKY2tTazBoaHo5QlRnQUdmdlRiMUNRdnc0Rll6SWtZenFQRUxDdENvNGVMREVJN2RRTTZZV2Vra0dDV2RIU1RIbHJ0TDNVYUFtT21nZFF4QW1hRWVQRVVMOHNCTTIrd0FkQTlXNXFzci9ubHhHUnBNVFJUZlVabkI4bVlwN1J3ZFRPU2k3dTJqQ093U29lUkJEZ3VIaHpjajJqeUkzaDFXN29IK004cmRhSDhYUlVmd0hMNzZyLy9ReWRDU0NtTkt4WWh2NTlQSDdmM25PSElwU2x2d2FFNzIrS1dQWU5mQ2o4NVArWStWSHY0eTgxQWVHcFVHeXJrQVVLcGNLRkhzRTQ3ZEMrMW4wRUlCbEl0bElFd2J6RDNxS0dVRFNjT2JQU21lZ0Rpd2Y0VCszakNQdFJoZlQ5ajFPUWZlZE9hSkJqMzV1OW5QZ2x0MmY1S0MwRzhRNitnbDBCMGhuMUVsVFdjdnpNODZLOHRPS0p0YUdFWTNIYzcyN3JXRWE3VjN3ckF1ZWZIOWo5OSs3MFRkWDFMRzg2WDNsUEl6QTVWcllXU0xYbVJsbDl1dkN0VmRuUUFyaUpzcnFFaDNIZ1lsSjV6WXo5NlJpL1B4clFZTDZGeW91NkFkMWhtMGlwZjNBQXBrY2pvWUpaQUxPWUJvcnJoVFV3SGZyK0Rsak1XbVA4VWlxcklNeEVVcXdHVUc2Q05VVVRWVUFaazZheFFOaTVzYzBlTGJBL2grOVlaNXVjMkVOS0FQbDFMd1dDYmpnOEtFaElORlBFYkNVYUVaRmczUlRsR25oRERScEs3aGpTSkxCZXhCQlQyS0JWRGZ3b3g4bDZ3UjVJYktHQzBLY0dkNnZaK3VicHFqbGhMSys2bkVlQUwxaUpRRkFOSERkcE43TzQ2SWV5U3gwM054ZHh6V05aWmw3YUNQSVBURnJENVhtL2JuZzZJLzlCdG04bXVuZVdpZ2hqU2c5bFA1UEF1YlArNWJPL0dUcG9BVXlrVUtCcnoxcmlvU1V5dmRxOG9rL1pzQnFFN3J4aHJBN3pKWnI4bGl1cHlNSmsyR0JaVUZaNFl5c1kwbTUzZXVrM29Kc0VFbXVHck5tSVUzWWJpYlo2alM5Q3BTVS9vVnVzblVTWCtwQnhQYnQ2Uks5WDhpVnFkQTVPSE1rM1g5SXZGMUNNWFNCNVNpNGtJVFVJdEpoTGFVZkcvUWRDaFRaejVzeDZubngvbmRydk1MVWRBSkhOYnpzZUhLcVhQaEsvQUk2Y0NjVnlGemNVSzlnV3BhZklYZEtDVHZLYjFybGQ4VmhkSlhXam5pK0w0YWszbGd4TmpPSUFrOG5DSlRpT0VVcktCU1Q5MEYrQmgzSTlDdTREKzc1Z21DZUMwOHZ0ZlJTdmlaU2F5L2x2RkhDa3JTakpxeDlCZ3FKL3d4Y0VvbTk4M1JqZDMyREE4R1h2dHVmRTZPZ1lmaDBsWFd0eE5VclFCaFd0dURRMU1GbXFrV1lwdmY4MFZTN3NSbW8vbGs0THVab28zUWNFSUkzS0ZTNjFiM25RM2hCZHNHRWx6WnFieTFrRG5SUHVCMVVUMUU5VTZENHpZRVV1N0pLaHlCSG9GYUhDaERSQWs2b1g1b2lQMlNhNFE4QjZvN0xRU2JUdW85NkptVnV5L0g5UnlnVVZtQTdocTc1TStUYi9RazFrN3FTWUJXT1RIanBCSHZRL1Y2NmVFUEIvTXMyMmprV2NWaHhrN1ZKWjA2amNMUmxMeHhDY2xXT2RLblNSU1RUWk0xRWhhQ0FJcGR1TTFYWHhyUk5aMkFVbytCb0E2Wndpc1k3MXNvN29tOVpFZzgraUNxdUkzMGp6S1RUWFhWM29tNEtPa2VwcS9sTDAza0dvMEkwRVBLdG9xc0RkaXFnSE9hMVF2b3gyTHY2b01SelpPTCs5UzhHbFhlaklOSVlyVmg3U1RzR0UzMk5JQnZWaHp5dGpUZXRjRTVNUE5mbjhXVEEwM0FUTEhWRzZyTTFmZ1VuU3Q4azNHRXlVUk1TeURBMktIUzFOQ05PUnU1aWRvN1M0VS95ZEF6eUNjS05NbEhaZzNwRW9tNktVR0hyeDRCS0F0a3pDcWs5blVHbllCSzRnQ0tqRVdubERtK3JMNHlpUWJ3ek94YUNaZllhazRxQ054VjJZbVpPZHFxVGhEVWVSM3NST1dEOE02Mkt1OEFkRm1zb29odXprWklBZDgrdVcvcHJGcnR3NExDNzFuNmRMMmoxWDlvSkJKUWdmR0tya2FTNCsxQU9TSjZVdkNmQzFId2RReE9tUlJFVnRQZnp1TFhROWZ3VXdHcEl4TUhWczRidWh4a2FZa1E5eks5TDdZcm1tbHVuTTBMOENaVzlOYXM2L1JKMmdpTW9rd1B1ZXdGRHF0ak11ODRDenhGaTNLU2lTZlQ5ci9VT2VoS3JkNUVXdENPbjl6eG1KeDFaamttY1RGZG10bGJjVzRNeDNTUmUyV3FjWHdabWN3aWx2a0Y4VlFYOHZOOG9VNk1tY08zM3E4VHFPUGhwT2Q1Y3cvSnloazQ4MkVnTDBWZHdTeHo0SGVXVUlVREpQVXhCdFVieW1FcVRSL0drRkFaS0I1NUxvTlNVc1VleVBIL2JLNTl4OC9CbGlOZ0lxL0F6SUVqREpEb0VOSnhXZXRIdHFOYVcreituSkhSMi9SMFhnRzJ3enM0V3RGKzQwa3AzcTNSNnEvaStPTEpDSG43WHIzcHMyQlJCZHpDYWZaQkZZcFRZOTJDRUJydGQ3Sk56SDV0Wk5EMDR2Q3pYV3QzOHM5ZWZWR1lHWnhmdFFERXhERzU5WVdNV0dneVBUMG1YK0JRbUFFWXlmaDUxUHlZVFJqVGJKeGhXVm1TakU1MTM0Qm8yQ2lmait6OTgzYjM5YnI5dmlBNDBBaE5FMmF2cGxFNFpRaXpZdFp2bTNMazF6S2E4bWJvS3NvVzFsWjhGRzI0TEp0Qnd1Wk4vb1YzR2oyMllHRFNUaVZNZXBHamhvVlBhR0QvMjh3azBKL1BPTGlsOFpjZXhKc1R2N0twZlpIREJYS2h0bGN1bk9IaGxZMER5MXE4aHk3U0xVa3lVRENISkswSS9oWFBJTGVsN2l3MWxEWHVnbm9GZVJFVEF5NFMvYzNidG50bTV2U2xPNlRQVXBoam8waDNZMEJ2MXY0SGpPZUhTS1pUN25JNEFPTHk2TURYK0d3MkVNUEwzMm1xR0JqeHlnN1hzNGVWdm9keWN5VEZSQmk3MHFmcmdORE1YbWxFMkFCTkM2VWRQNU9tQmIvL2JDc05nNnVXSnlzVElibnBpWlgzSWsrZytNM1R1cHlEa0xSRjJZRTA3WHJ5UmZNcWFJWHhZalVYd2o0VUdEZHYzdnhYaUxNS1N3cWdsSEtVb0J4SHpOR3kyWXFOV21ocDNQOXlvZ1luV2FXVmRRN1N6dE1WeWY4NXVuUWJPYXI3UGt4bm5QRmtodU5RZy9jRkgyZWhFN3lzdzdUOFVYb1MyT2pzRFVjRjlJK3ZtUnJpNG1NZHBOMXV4b0I2MzBFdkJOck9KODVwbW0vMWlLL0JXUTBHMzBqSjRtZGQvR0tVUkswbHdtNUc3dC84TnU3MytBRlR6Qm50T2lpRTFOckFTVEpkVHVydVhOdXcvM0NsaHJ5RksxN2xySSsrWU9HNnQzMHcwSTVVTEJuOVNnRTF2UnFJNi9EN1VvNjJiQjd6ekZBaHNZMHZnSFY5Z0tPenFCWGlkZXJRN242VTA3dzhOTFpLS3ZRUTBoeXVQaU54QkVPVmoxTC9CbUlLdHF2dVdRR0NDMis4Q3B0Wjc5RklacEFSOEJPZzUwQjcyLy84VlpMSzc1VWVyNC94Vi9FNFhiNDVZTlFNVDFmUGtVMFd0U1F1M0k0QWJaYkN6S3ZRdDJsZnFDbENKRWNZQTY5VVVseHp6WEl6c0hPMml4NDVyQmp2eG4xSXNzOVMzYzRSdW8yaTJibWxiVUZSOFNGTHpoZlMrTmUyRE9lZzlNOXFmTHJKVEx4MDJLblRJdUxHSHFMejh6ZW5vYmFsdDdjUmhmL0I0QTFJcldnSzY1UHE2TVlteEg1K2Uya0ZRWXBua2JORHBmQ2NaMEkycW1yNEFaSnQyL1doZzE2OUJ4N3NhaEpVcEdCaDZFWDFHUWlCa0lLSS9hSlRIck5kMDdGUGRnRm5CemZDZFlGaHB6RnRvd055WDZNWUF4MXpaT2xaeWRKOWdsbTVOeUl5ZkE4SytOOFNMRGpSRTBkUmF3TTZEKzNyOUdGVlY0T2FZNkczN0w5cTFSOEZmbC9qdlliVWtoaDJkZ1p1T2g3L2JCMTJWSGVET1VtZGNGYnFmMG4rc2d3WjNiaXR3Myt2RXRGcjFpa0FBY2lTa1BJMEdPUW5Bc2NpcXYvdkJTaWR0dWROckVuRG9uOE40Uk9wWlRtTkVGVXV6UG1kVlhNN1luMzlYVDVuN3JXUUJGK3BERUV5dFhTem9McUgwUWRUMklRbFVNQmo1TjUyejJWaGR3bFZhMmUrbFduL25seUdFZDhxUmdENlJ4d25RRFZqaDRkSWJmeXNOeU5RNWlCd2twZmdKYlhSTXUyZi83ZVZZN3Y4Y0NYTkJmYVBZNjgwSmxLQlJRdDVvY0FUQXYrYlBvdXJmUGlRbkszZ3pVNWs5MFZTN3NEUHkxei9xQVpCdkl5ZHByUzZPZXdxUkk3S25kaW1tNlMvdmFkeUcvekdRaitMbXJoOEU5TXhkNklxZThzNy9xWFBoT0M0Y01BRjBCVWRyQ2FRMHhFN3BOU04wc0FyajY5ZGNYc3RsMDhFTzRJNENhRXgzdUZ3Qlk4dUhPVittcXNLR1NFQ1VqQlZRaTdiUzY0dHdtdXd0clAxeVYwdjIrWUhqaEYzbkx2aFNqelZPSFh6KzNJQkd1UUJFSXZDM0NVNzdpUlBONnV6c1BSZHp4L2xoczMvb1hsWVdSMG00RVZISkgyaVM3TDIxRXRENjZpZUJvbTdPWUpCMFBOWEVzSlJBaytFTHRaMWE2bGxXZ1ZzMXE1d242WnFFdDdiZ1czWlBPcFBBL2tVcGU0TlJaMDZVYVBBcjVXVkY0MmNkWEJLQm05Q0FQVjJEOEh6Qjl3QlYxcW02NllzUk9sTmNTUlE0OUx4S3ZhSEMvNG5jYzhnN3llZks3SVhCaHNuYzZLWWNXL0dmWjBRQWk1Y0QzSENnS0tmNnZFMi80YS9mOG5LMml6SE1QVXNlQkJiWlpJK1ZKUnNreDQ2Y1NXREthMExtcVJEVEEzdWN0ODBZREJqNkQ1cWtiZCtCSytqbS9xMFVsMHFjamRBaFV2ckZ6YTB4ZmZGYU45R0NZTmZNWWg2bzh6NXpQSGd5SVZqOWluNldHK0dHY0ROdVdGa05EZXF0MFEzZVJBWFE3MzVrYllYZWRDR1A2MWJTSmE3TFB0RDZkNDl2Njlma3JGNURzUkVabTk5Tkl2ZmEyQWhRc2J0bDNVNjY5M2FqNExBdCswUFJWdXFFMmlTVVNscW8vYTFUb09mS0ZTY053OEs0dGwrU2o3OXI1a3BFYTg1VDFnd0xJYTNzSkVlcitIV09UWDRqWW5RNWN0azY1TFIrLzN1RGdicmREMEVWd1ZFeEFLRXdpMEhnblU3QnJkWnBjaTE2Q3pmbnV3dXZZTnJZdmowZFpzd1h0dDgzOEFFTmVQZ1dEYTIrRjVhb0M4c3l3emNPRkFlZ29rS1V2NUF3RHN3cHdTeERJMm1jYVhtSkhONGYzNmtLNzhQVWlFRndtSjdrbm11Y2tGalViRzdoVGNUdDJuYldmL1NJZmZ4dm9YNm9CN0Qxa09BVkpoYXFwSk1tSWZTVHcvL21wdFAzZWhlSHZGYWRpMk1FRE1oZGNJSVJtdnBnMTVqVHZORmt4WWNoVDhjdkM1SUZwSXNYd2NaOWxVL2twWWpvNGRVRm96MHQraEJja3ZqWEh6dWxsV2MxY0NSUVloOXJIRFlJUXJtaFFadG9Zd1hLczFKRng1ZzNVSTdHMTBMSk45Y2hVcFB3ekVyY0JuRnpBTjBQa25Hc1BPZmdTdlBacVk3RUNIVHBRV2Yxb2ljdmlSMU1uVGRJVngwYVR4R1QyMGFZbWlCb0NWNG5oVDZ1UENiS0syY0FMYWNCTmFmRXV0QkVmMzRSK1c1Z1dMN3o2aURheWN4MEw4QlJkakM3dmliN2JwY0VDUGE5Q2xEbFZ3b2UrZGFxNmQwd0R3Mnd6ZTBEbGpHdDYzd2FwdU1RMTcvT05PeHE2MzNVdHVaWk9haTBObHhEM21lMGQ2WERwN1FwNGNYU0lwUGZKUHlWWDN6YmdheGNyM0diaEpkUnhVaDhkSmlJWm01L1ovTzdsVGcyUllEdUpQREt4Uk55dlpVNmRrdS9XQ1hiU3JwY0dFMmNmU0VqRVh4SUVxMFl4ZXZvdlRYek8yclQxMWRZTmdPWWZBPSIgQ29ycmVsYXRpb25CaW5kaW5nPSIiIFVybEVuY29kZT0iVHJ1ZSIgLz4NCiAgICAgICAgPEZvcm1Qb3N0UGFyYW1ldGVyIE5hbWU9Ik9URW1wSUQiIFZhbHVlPSJyYnRTaW5nbGVFbXBJRCIgUmVjb3JkZWRWYWx1ZT0icmJ0U2luZ2xlRW1wSUQiIENvcnJlbGF0aW9uQmluZGluZz0ie3tGb3JtUG9zdFBhcmFtOTQuT1RFbXBJRH19IiBVcmxFbmNvZGU9IlRydWUiIC8+DQogICAgICAgIDxGb3JtUG9zdFBhcmFtZXRlciBOYW1lPSJ0eHRPVEVtcElEIiBWYWx1ZT0iMTAyMTE5IiBSZWNvcmRlZFZhbHVlPSIxMDIxMTkiIENvcnJlbGF0aW9uQmluZGluZz0ie3tGb3JtUG9zdFBhcmFtOTUudHh0T1RFbXBJRH19IiBVcmxFbmNvZGU9IlRydWUiIC8+DQogICAgICAgIDxGb3JtUG9zdFBhcmFtZXRlciBOYW1lPSJ0eHRPVEVtcE5hbWUiIFZhbHVlPSLlu5ZP576pIiBSZWNvcmRlZFZhbHVlPSLlu5ZP576pIiBDb3JyZWxhdGlvbkJpbmRpbmc9Int7Rm9ybVBvc3RQYXJhbTk2LnR4dE9URW1wTmFtZX19IiBVcmxFbmNvZGU9IlRydWUiIC8+DQogICAgICAgIDxGb3JtUG9zdFBhcmFtZXRlciBOYW1lPSJ1Y0RhdGVTdGFydCR0eHREYXRlIiBWYWx1ZT0iMjAxNy8wNS8xNiIgUmVjb3JkZWRWYWx1ZT0iMjAxNy8wNS8xNiIgQ29ycmVsYXRpb25CaW5kaW5nPSJ7e0Zvcm1Qb3N0UGFyYW05Ny51Y0RhdGVTdGFydCR0eHREYXRlfX0iIFVybEVuY29kZT0iVHJ1ZSIgLz4NCiAgICAgICAgPEZvcm1Qb3N0UGFyYW1ldGVyIE5hbWU9InVjRGF0ZUVuZCR0eHREYXRlIiBWYWx1ZT0iMjAxNy8wNS8xNiIgUmVjb3JkZWRWYWx1ZT0iMjAxNy8wNS8xNiIgQ29ycmVsYXRpb25CaW5kaW5nPSJ7e0Zvcm1Qb3N0UGFyYW05OC51Y0RhdGVFbmQkdHh0RGF0ZX19IiBVcmxFbmNvZGU9IlRydWUiIC8+DQogICAgICAgIDxGb3JtUG9zdFBhcmFtZXRlciBOYW1lPSJPVFRpbWVTdGFydCRkZGxISCIgVmFsdWU9IjAwIiBSZWNvcmRlZFZhbHVlPSIwMCIgQ29ycmVsYXRpb25CaW5kaW5nPSJ7e0Zvcm1Qb3N0UGFyYW0xMDEuT1RUaW1lU3RhcnQkZGRsSEh9fSIgVXJsRW5jb2RlPSJUcnVlIiAvPg0KICAgICAgICA8Rm9ybVBvc3RQYXJhbWV0ZXIgTmFtZT0iT1RUaW1lU3RhcnQkZGRsTU0iIFZhbHVlPSIwMCIgUmVjb3JkZWRWYWx1ZT0iMDAiIENvcnJlbGF0aW9uQmluZGluZz0ie3tGb3JtUG9zdFBhcmFtMTAyLk9UVGltZVN0YXJ0JGRkbE1NfX0iIFVybEVuY29kZT0iVHJ1ZSIgLz4NCiAgICAgICAgPEZvcm1Qb3N0UGFyYW1ldGVyIE5hbWU9Ik9UVGltZUVuZCRkZGxISCIgVmFsdWU9Iuiri+mBuOaThyIgUmVjb3JkZWRWYWx1ZT0i6KuL6YG45pOHIiBDb3JyZWxhdGlvbkJpbmRpbmc9Int7Rm9ybVBvc3RQYXJhbTEwMy5PVFRpbWVFbmQkZGRsSEh9fSIgVXJsRW5jb2RlPSJUcnVlIiAvPg0KICAgICAgICA8Rm9ybVBvc3RQYXJhbWV0ZXIgTmFtZT0iT1RUaW1lRW5kJGRkbE1NIiBWYWx1ZT0i6KuL6YG45pOHIiBSZWNvcmRlZFZhbHVlPSLoq4vpgbjmk4ciIENvcnJlbGF0aW9uQmluZGluZz0ie3tGb3JtUG9zdFBhcmFtMTA0Lk9UVGltZUVuZCRkZGxNTX19IiBVcmxFbmNvZGU9IlRydWUiIC8+DQogICAgICAgIDxGb3JtUG9zdFBhcmFtZXRlciBOYW1lPSJjaGtNZWFsRmxhZyIgVmFsdWU9Im9uIiBSZWNvcmRlZFZhbHVlPSJvbiIgQ29ycmVsYXRpb25CaW5kaW5nPSIiIFVybEVuY29kZT0iVHJ1ZSIgLz4NCiAgICAgICAgPEZvcm1Qb3N0UGFyYW1ldGVyIE5hbWU9InR4dE1lYWxUaW1lIiBWYWx1ZT0iMCIgUmVjb3JkZWRWYWx1ZT0iMCIgQ29ycmVsYXRpb25CaW5kaW5nPSJ7e0Zvcm1Qb3N0UGFyYW05OS50eHRNZWFsVGltZX19IiBVcmxFbmNvZGU9IlRydWUiIC8+DQogICAgICAgIDxGb3JtUG9zdFBhcmFtZXRlciBOYW1lPSJkZGxPVFR5cGVJRCIgVmFsdWU9IjAiIFJlY29yZGVkVmFsdWU9IjAiIENvcnJlbGF0aW9uQmluZGluZz0ie3tGb3JtUG9zdFBhcmFtMTA1LmRkbE9UVHlwZUlEfX0iIFVybEVuY29kZT0iVHJ1ZSIgLz4NCiAgICAgICAgPEZvcm1Qb3N0UGFyYW1ldGVyIE5hbWU9InR4dE9UUmVhc29uTWVtbyR0eHREYXRhIiBWYWx1ZT0iIiBSZWNvcmRlZFZhbHVlPSIiIENvcnJlbGF0aW9uQmluZGluZz0iIiBVcmxFbmNvZGU9IlRydWUiIC8+DQogICAgICAgIDxGb3JtUG9zdFBhcmFtZXRlciBOYW1lPSJkZGxPcmciIFZhbHVlPSIxIiBSZWNvcmRlZFZhbHVlPSIxIiBDb3JyZWxhdGlvbkJpbmRpbmc9Int7Rm9ybVBvc3RQYXJhbTEwNi5kZGxPcmd9fSIgVXJsRW5jb2RlPSJUcnVlIiAvPg0KICAgICAgICA8Rm9ybVBvc3RQYXJhbWV0ZXIgTmFtZT0idWNDYXNjYWRpbmdEcm9wRG93bjEkZGRsMDMiIFZhbHVlPSIwMDBHOTAiIFJlY29yZGVkVmFsdWU9IjAwMEc5MCIgQ29ycmVsYXRpb25CaW5kaW5nPSJ7e0Zvcm1Qb3N0UGFyYW0xMDcudWNDYXNjYWRpbmdEcm9wRG93bjEkZGRsMDN9fSIgVXJsRW5jb2RlPSJUcnVlIiAvPg0KICAgICAgICA8Rm9ybVBvc3RQYXJhbWV0ZXIgTmFtZT0idWNDYXNjYWRpbmdEcm9wRG93bjEkZGRsMDQiIFZhbHVlPSIiIFJlY29yZGVkVmFsdWU9IiIgQ29ycmVsYXRpb25CaW5kaW5nPSIiIFVybEVuY29kZT0iVHJ1ZSIgLz4NCiAgICAgICAgPEZvcm1Qb3N0UGFyYW1ldGVyIE5hbWU9InVjQ2FzY2FkaW5nRHJvcERvd24xJENhc2NhZGluZ0Ryb3BEb3duMV9DbGllbnRTdGF0ZSIgVmFsdWU9IlNQSEJLMTo6OuawuOixkOmKgOihjDo6OiIgUmVjb3JkZWRWYWx1ZT0iU1BIQksxOjo65rC46LGQ6YqA6KGMOjo6IiBDb3JyZWxhdGlvbkJpbmRpbmc9IiIgVXJsRW5jb2RlPSJUcnVlIiAvPg0KICAgICAgICA8Rm9ybVBvc3RQYXJhbWV0ZXIgTmFtZT0idWNDYXNjYWRpbmdEcm9wRG93bjEkQ2FzY2FkaW5nRHJvcERvd24yX0NsaWVudFN0YXRlIiBWYWx1ZT0iMDAwRzAwOjo6dW5kZWZpbmVkOjo6IiBSZWNvcmRlZFZhbHVlPSIwMDBHMDA6Ojp1bmRlZmluZWQ6OjoiIENvcnJlbGF0aW9uQmluZGluZz0iIiBVcmxFbmNvZGU9IlRydWUiIC8+DQogICAgICAgIDxGb3JtUG9zdFBhcmFtZXRlciBOYW1lPSJ1Y0Nhc2NhZGluZ0Ryb3BEb3duMSRDYXNjYWRpbmdEcm9wRG93bjNfQ2xpZW50U3RhdGUiIFZhbHVlPSIwMDBHOTA6Ojrkurros4fmlbjmk5rmh4nnlKjnp5E6OjoiIFJlY29yZGVkVmFsdWU9IjAwMEc5MDo6OuS6uuizh+aVuOaTmuaHieeUqOenkTo6OiIgQ29ycmVsYXRpb25CaW5kaW5nPSIiIFVybEVuY29kZT0iVHJ1ZSIgLz4NCiAgICAgICAgPEZvcm1Qb3N0UGFyYW1ldGVyIE5hbWU9InVjQ2FzY2FkaW5nRHJvcERvd24xJENhc2NhZGluZ0Ryb3BEb3duNF9DbGllbnRTdGF0ZSIgVmFsdWU9Int7JEhJRERFTjEudWNDYXNjYWRpbmdEcm9wRG93bjEkQ2FzY2FkaW5nRHJvcERvd240X0NsaWVudFN0YXRlfX0iIFJlY29yZGVkVmFsdWU9Ijo6Ojo6OiIgQ29ycmVsYXRpb25CaW5kaW5nPSIiIFVybEVuY29kZT0iVHJ1ZSIgLz4NCiAgICAgICAgPEZvcm1Qb3N0UGFyYW1ldGVyIE5hbWU9InVjQ2FzY2FkaW5nRHJvcERvd24xJENhc2NhZGluZ0Ryb3BEb3duNV9DbGllbnRTdGF0ZSIgVmFsdWU9Int7JEhJRERFTjEudWNDYXNjYWRpbmdEcm9wRG93bjEkQ2FzY2FkaW5nRHJvcERvd241X0NsaWVudFN0YXRlfX0iIFJlY29yZGVkVmFsdWU9IiIgQ29ycmVsYXRpb25CaW5kaW5nPSIiIFVybEVuY29kZT0iVHJ1ZSIgLz4NCiAgICAgICAgPEZvcm1Qb3N0UGFyYW1ldGVyIE5hbWU9InVjQ2FzY2FkaW5nRHJvcERvd24yJENhc2NhZGluZ0Ryb3BEb3duMV9DbGllbnRTdGF0ZSIgVmFsdWU9Int7JEhJRERFTjEudWNDYXNjYWRpbmdEcm9wRG93bjIkQ2FzY2FkaW5nRHJvcERvd24xX0NsaWVudFN0YXRlfX0iIFJlY29yZGVkVmFsdWU9Ijo6Ojo6OiIgQ29ycmVsYXRpb25CaW5kaW5nPSIiIFVybEVuY29kZT0iVHJ1ZSIgLz4NCiAgICAgICAgPEZvcm1Qb3N0UGFyYW1ldGVyIE5hbWU9InVjQ2FzY2FkaW5nRHJvcERvd24yJENhc2NhZGluZ0Ryb3BEb3duMl9DbGllbnRTdGF0ZSIgVmFsdWU9Int7JEhJRERFTjEudWNDYXNjYWRpbmdEcm9wRG93bjIkQ2FzY2FkaW5nRHJvcERvd24yX0NsaWVudFN0YXRlfX0iIFJlY29yZGVkVmFsdWU9Ijo6Ojo6OiIgQ29ycmVsYXRpb25CaW5kaW5nPSIiIFVybEVuY29kZT0iVHJ1ZSIgLz4NCiAgICAgICAgPEZvcm1Qb3N0UGFyYW1ldGVyIE5hbWU9InVjQ2FzY2FkaW5nRHJvcERvd24yJENhc2NhZGluZ0Ryb3BEb3duM19DbGllbnRTdGF0ZSIgVmFsdWU9Int7JEhJRERFTjEudWNDYXNjYWRpbmdEcm9wRG93bjIkQ2FzY2FkaW5nRHJvcERvd24zX0NsaWVudFN0YXRlfX0iIFJlY29yZGVkVmFsdWU9Ijo6Ojo6OiIgQ29ycmVsYXRpb25CaW5kaW5nPSIiIFVybEVuY29kZT0iVHJ1ZSIgLz4NCiAgICAgICAgPEZvcm1Qb3N0UGFyYW1ldGVyIE5hbWU9InVjQ2FzY2FkaW5nRHJvcERvd24yJENhc2NhZGluZ0Ryb3BEb3duNF9DbGllbnRTdGF0ZSIgVmFsdWU9Int7JEhJRERFTjEudWNDYXNjYWRpbmdEcm9wRG93bjIkQ2FzY2FkaW5nRHJvcERvd240X0NsaWVudFN0YXRlfX0iIFJlY29yZGVkVmFsdWU9IiIgQ29ycmVsYXRpb25CaW5kaW5nPSIiIFVybEVuY29kZT0iVHJ1ZSIgLz4NCiAgICAgICAgPEZvcm1Qb3N0UGFyYW1ldGVyIE5hbWU9InVjQ2FzY2FkaW5nRHJvcERvd24yJENhc2NhZGluZ0Ryb3BEb3duNV9DbGllbnRTdGF0ZSIgVmFsdWU9Int7JEhJRERFTjEudWNDYXNjYWRpbmdEcm9wRG93bjIkQ2FzY2FkaW5nRHJvcERvd241X0NsaWVudFN0YXRlfX0iIFJlY29yZGVkVmFsdWU9IiIgQ29ycmVsYXRpb25CaW5kaW5nPSIiIFVybEVuY29kZT0iVHJ1ZSIgLz4NCiAgICAgICAgPEZvcm1Qb3N0UGFyYW1ldGVyIE5hbWU9ImZyYW1lQXR0YWNoIiBWYWx1ZT0iL1V0aWwvQXR0YWNoQWRtaW4uYXNweD9BdHRhY2hEQj1BYXR0ZW5kYW50REJfSVRSRCZhbXA7QXR0YWNoSUQ9dGVzdDEwMjExOWQ3OTJkZGM4LTFmMGMtNGJlNi1iYTA2LTFiZDUyODBjYjI5YSZhbXA7QXR0YWNoRmlsZU1heFF0eT0xJmFtcDtBdHRhY2hGaWxlTWF4S0I9MzA3MiZhbXA7QXR0YWNoRmlsZVRvdEtCPTMwNzImYW1wO0F0dGFjaEZpbGVFeHRMaXN0PSIgUmVjb3JkZWRWYWx1ZT0iL1V0aWwvQXR0YWNoQWRtaW4uYXNweD9BdHRhY2hEQj1BYXR0ZW5kYW50REJfSVRSRCZhbXA7QXR0YWNoSUQ9dGVzdDEwMjExOWQ3OTJkZGM4LTFmMGMtNGJlNi1iYTA2LTFiZDUyODBjYjI5YSZhbXA7QXR0YWNoRmlsZU1heFF0eT0xJmFtcDtBdHRhY2hGaWxlTWF4S0I9MzA3MiZhbXA7QXR0YWNoRmlsZVRvdEtCPTMwNzImYW1wO0F0dGFjaEZpbGVFeHRMaXN0PSIgQ29ycmVsYXRpb25CaW5kaW5nPSIiIFVybEVuY29kZT0iVHJ1ZSIgLz4NCiAgICAgICAgPEZvcm1Qb3N0UGFyYW1ldGVyIE5hbWU9InVjTW9kYWxQb3B1cDEkQ2xpZW50V2lkdGgiIFZhbHVlPSJ7eyRISURERU4xLnVjTW9kYWxQb3B1cDEkQ2xpZW50V2lkdGh9fSIgUmVjb3JkZWRWYWx1ZT0iMCIgQ29ycmVsYXRpb25CaW5kaW5nPSIiIFVybEVuY29kZT0iVHJ1ZSIgLz4NCiAgICAgICAgPEZvcm1Qb3N0UGFyYW1ldGVyIE5hbWU9InVjTW9kYWxQb3B1cDEkQ2xpZW50SGVpZ2h0IiBWYWx1ZT0ie3skSElEREVOMS51Y01vZGFsUG9wdXAxJENsaWVudEhlaWdodH19IiBSZWNvcmRlZFZhbHVlPSIwIiBDb3JyZWxhdGlvbkJpbmRpbmc9IiIgVXJsRW5jb2RlPSJUcnVlIiAvPg0KICAgICAgICA8Rm9ybVBvc3RQYXJhbWV0ZXIgTmFtZT0iaGlkZGVuSW5wdXRUb1VwZGF0ZUFUQnVmZmVyX0NvbW1vblRvb2xraXRTY3JpcHRzIiBWYWx1ZT0iMCIgUmVjb3JkZWRWYWx1ZT0iMCIgQ29ycmVsYXRpb25CaW5kaW5nPSJ7e0Zvcm1Qb3N0UGFyYW0xMDguaGlkZGVuSW5wdXRUb1VwZGF0ZUFUQnVmZmVyX0NvbW1vblRvb2xraXRTY3JpcHRzfX0iIFVybEVuY29kZT0iVHJ1ZSIgLz4NCiAgICAgIDwvRm9ybVBvc3RIdHRwQm9keT4NCiAgICA8L1JlcXVlc3Q+DQogICAgPFJlcXVlc3QgTWV0aG9kPSJQT1NUIiBHdWlkPSI5MDlhYWY5YS0zZjEzLTRiMmItYTg3Zi0xY2IxMzA3MmY3YTQiIFZlcnNpb249IjEuMSIgVXJsPSJodHRwOi8vMTAuMTEuMzYuMTE0OjgwMDcvT3ZlclRpbWUvT3ZlcnRpbWVQcmVPcmRlcl9BZGQuYXNweCIgVGhpbmtUaW1lPSIwIiBUaW1lb3V0PSIzMDAiIFBhcnNlRGVwZW5kZW50UmVxdWVzdHM9IlRydWUiIEZvbGxvd1JlZGlyZWN0cz0iVHJ1ZSIgUmVjb3JkUmVzdWx0PSJUcnVlIiBDYWNoZT0iRmFsc2UiIFJlc3BvbnNlVGltZUdvYWw9IjAiIEVuY29kaW5nPSJ1dGYtOCIgRXhwZWN0ZWRIdHRwU3RhdHVzQ29kZT0iMCIgRXhwZWN0ZWRSZXNwb25zZVVybD0iIiBSZXBvcnRpbmdOYW1lPSIiIElnbm9yZUh0dHBTdGF0dXNDb2RlPSJGYWxzZSI+DQogICAgICA8RXh0cmFjdGlvblJ1bGVzPg0KICAgICAgICA8RXh0cmFjdGlvblJ1bGUgQ2xhc3NuYW1lPSJNaWNyb3NvZnQuVmlzdWFsU3R1ZGlvLlRlc3RUb29scy5XZWJUZXN0aW5nLlJ1bGVzLkV4dHJhY3RIaWRkZW5GaWVsZHMsIE1pY3Jvc29mdC5WaXN1YWxTdHVkaW8uUXVhbGl0eVRvb2xzLldlYlRlc3RGcmFtZXdvcmssIFZlcnNpb249MTAuMC4wLjAsIEN1bHR1cmU9bmV1dHJhbCwgUHVibGljS2V5VG9rZW49YjAzZjVmN2YxMWQ1MGEzYSIgVmFyaWFibGVOYW1lPSIxIiBEaXNwbGF5TmFtZT0i5pO35Y+W6Zqx6JeP5qyE5L2NIiBEZXNjcmlwdGlvbj0i5pO35Y+W5Zue5oeJ5Lit55qE5omA5pyJ6Zqx6JeP5qyE5L2N77yM5Lim5bCH5a6D5YCR5pS+5Zyo5ris6Kmm5YWn5a655Lit44CCIj4NCiAgICAgICAgICA8UnVsZVBhcmFtZXRlcnM+DQogICAgICAgICAgICA8UnVsZVBhcmFtZXRlciBOYW1lPSJSZXF1aXJlZCIgVmFsdWU9IlRydWUiIC8+DQogICAgICAgICAgICA8UnVsZVBhcmFtZXRlciBOYW1lPSJIdG1sRGVjb2RlIiBWYWx1ZT0iVHJ1ZSIgLz4NCiAgICAgICAgICA8L1J1bGVQYXJhbWV0ZXJzPg0KICAgICAgICA8L0V4dHJhY3Rpb25SdWxlPg0KICAgICAgPC9FeHRyYWN0aW9uUnVsZXM+DQogICAgICA8Q29ycmVsYXRpb25FeHRyYWN0aW9uUnVsZXM+DQogICAgICAgIDxFeHRyYWN0aW9uUnVsZSBDbGFzc25hbWU9Ik1pY3Jvc29mdC5WaXN1YWxTdHVkaW8uVGVzdFRvb2xzLldlYlRlc3RpbmcuUnVsZXMuRXh0cmFjdEZvcm1GaWVsZCwgTWljcm9zb2Z0LlZpc3VhbFN0dWRpby5RdWFsaXR5VG9vbHMuV2ViVGVzdEZyYW1ld29yaywgVmVyc2lvbj0xMC4wLjAuMCwgQ3VsdHVyZT1uZXV0cmFsLCBQdWJsaWNLZXlUb2tlbj1iMDNmNWY3ZjExZDUwYTNhIiBWYXJpYWJsZU5hbWU9IkZvcm1Qb3N0UGFyYW02Mi5PVEVtcElEIiBEaXNwbGF5TmFtZT0iIiBEZXNjcmlwdGlvbj0iIj4NCiAgICAgICAgICA8UnVsZVBhcmFtZXRlcnM+DQogICAgICAgICAgICA8UnVsZVBhcmFtZXRlciBOYW1lPSJOYW1lIiBWYWx1ZT0icmJ0U2luZ2xlRW1wSUQiIC8+DQogICAgICAgICAgICA8UnVsZVBhcmFtZXRlciBOYW1lPSJIdG1sRGVjb2RlIiBWYWx1ZT0iVHJ1ZSIgLz4NCiAgICAgICAgICAgIDxSdWxlUGFyYW1ldGVyIE5hbWU9IlJlcXVpcmVkIiBWYWx1ZT0iRmFsc2UiIC8+DQogICAgICAgICAgICA8UnVsZVBhcmFtZXRlciBOYW1lPSJJbmRleCIgVmFsdWU9IjAiIC8+DQogICAgICAgICAgPC9SdWxlUGFyYW1ldGVycz4NCiAgICAgICAgPC9FeHRyYWN0aW9uUnVsZT4NCiAgICAgICAgPEV4dHJhY3Rpb25SdWxlIENsYXNzbmFtZT0iTWljcm9zb2Z0LlZpc3VhbFN0dWRpby5UZXN0VG9vbHMuV2ViVGVzdGluZy5SdWxlcy5FeHRyYWN0Rm9ybUZpZWxkLCBNaWNyb3NvZnQuVmlzdWFsU3R1ZGlvLlF1YWxpdHlUb29scy5XZWJUZXN0RnJhbWV3b3JrLCBWZXJzaW9uPTEwLjAuMC4wLCBDdWx0dXJlPW5ldXRyYWwsIFB1YmxpY0tleVRva2VuPWIwM2Y1ZjdmMTFkNTBhM2EiIFZhcmlhYmxlTmFtZT0iRm9ybVBvc3RQYXJhbTYzLnR4dE9URW1wSUQiIERpc3BsYXlOYW1lPSIiIERlc2NyaXB0aW9uPSIiPg0KICAgICAgICAgIDxSdWxlUGFyYW1ldGVycz4NCiAgICAgICAgICAgIDxSdWxlUGFyYW1ldGVyIE5hbWU9Ik5hbWUiIFZhbHVlPSJ0eHRPVEVtcElEIiAvPg0KICAgICAgICAgICAgPFJ1bGVQYXJhbWV0ZXIgTmFtZT0iSHRtbERlY29kZSIgVmFsdWU9IlRydWUiIC8+DQogICAgICAgICAgICA8UnVsZVBhcmFtZXRlciBOYW1lPSJSZXF1aXJlZCIgVmFsdWU9IkZhbHNlIiAvPg0KICAgICAgICAgICAgPFJ1bGVQYXJhbWV0ZXIgTmFtZT0iSW5kZXgiIFZhbHVlPSIwIiAvPg0KICAgICAgICAgIDwvUnVsZVBhcmFtZXRlcnM+DQogICAgICAgIDwvRXh0cmFjdGlvblJ1bGU+DQogICAgICAgIDxFeHRyYWN0aW9uUnVsZSBDbGFzc25hbWU9Ik1pY3Jvc29mdC5WaXN1YWxTdHVkaW8uVGVzdFRvb2xzLldlYlRlc3RpbmcuUnVsZXMuRXh0cmFjdEZvcm1GaWVsZCwgTWljcm9zb2Z0LlZpc3VhbFN0dWRpby5RdWFsaXR5VG9vbHMuV2ViVGVzdEZyYW1ld29yaywgVmVyc2lvbj0xMC4wLjAuMCwgQ3VsdHVyZT1uZXV0cmFsLCBQdWJsaWNLZXlUb2tlbj1iMDNmNWY3ZjExZDUwYTNhIiBWYXJpYWJsZU5hbWU9IkZvcm1Qb3N0UGFyYW02NC50eHRPVEVtcE5hbWUiIERpc3BsYXlOYW1lPSIiIERlc2NyaXB0aW9uPSIiPg0KICAgICAgICAgIDxSdWxlUGFyYW1ldGVycz4NCiAgICAgICAgICAgIDxSdWxlUGFyYW1ldGVyIE5hbWU9Ik5hbWUiIFZhbHVlPSJ0eHRPVEVtcE5hbWUiIC8+DQogICAgICAgICAgICA8UnVsZVBhcmFtZXRlciBOYW1lPSJIdG1sRGVjb2RlIiBWYWx1ZT0iVHJ1ZSIgLz4NCiAgICAgICAgICAgIDxSdWxlUGFyYW1ldGVyIE5hbWU9IlJlcXVpcmVkIiBWYWx1ZT0iRmFsc2UiIC8+DQogICAgICAgICAgICA8UnVsZVBhcmFtZXRlciBOYW1lPSJJbmRleCIgVmFsdWU9IjAiIC8+DQogICAgICAgICAgPC9SdWxlUGFyYW1ldGVycz4NCiAgICAgICAgPC9FeHRyYWN0aW9uUnVsZT4NCiAgICAgICAgPEV4dHJhY3Rpb25SdWxlIENsYXNzbmFtZT0iTWljcm9zb2Z0LlZpc3VhbFN0dWRpby5UZXN0VG9vbHMuV2ViVGVzdGluZy5SdWxlcy5FeHRyYWN0Rm9ybUZpZWxkLCBNaWNyb3NvZnQuVmlzdWFsU3R1ZGlvLlF1YWxpdHlUb29scy5XZWJUZXN0RnJhbWV3b3JrLCBWZXJzaW9uPTEwLjAuMC4wLCBDdWx0dXJlPW5ldXRyYWwsIFB1YmxpY0tleVRva2VuPWIwM2Y1ZjdmMTFkNTBhM2EiIFZhcmlhYmxlTmFtZT0iRm9ybVBvc3RQYXJhbTY1LnVjRGF0ZVN0YXJ0JHR4dERhdGUiIERpc3BsYXlOYW1lPSIiIERlc2NyaXB0aW9uPSIiPg0KICAgICAgICAgIDxSdWxlUGFyYW1ldGVycz4NCiAgICAgICAgICAgIDxSdWxlUGFyYW1ldGVyIE5hbWU9Ik5hbWUiIFZhbHVlPSJ1Y0RhdGVTdGFydF90eHREYXRlIiAvPg0KICAgICAgICAgICAgPFJ1bGVQYXJhbWV0ZXIgTmFtZT0iSHRtbERlY29kZSIgVmFsdWU9IlRydWUiIC8+DQogICAgICAgICAgICA8UnVsZVBhcmFtZXRlciBOYW1lPSJSZXF1aXJlZCIgVmFsdWU9IkZhbHNlIiAvPg0KICAgICAgICAgICAgPFJ1bGVQYXJhbWV0ZXIgTmFtZT0iSW5kZXgiIFZhbHVlPSIwIiAvPg0KICAgICAgICAgIDwvUnVsZVBhcmFtZXRlcnM+DQogICAgICAgIDwvRXh0cmFjdGlvblJ1bGU+DQogICAgICAgIDxFeHRyYWN0aW9uUnVsZSBDbGFzc25hbWU9Ik1pY3Jvc29mdC5WaXN1YWxTdHVkaW8uVGVzdFRvb2xzLldlYlRlc3RpbmcuUnVsZXMuRXh0cmFjdEZvcm1GaWVsZCwgTWljcm9zb2Z0LlZpc3VhbFN0dWRpby5RdWFsaXR5VG9vbHMuV2ViVGVzdEZyYW1ld29yaywgVmVyc2lvbj0xMC4wLjAuMCwgQ3VsdHVyZT1uZXV0cmFsLCBQdWJsaWNLZXlUb2tlbj1iMDNmNWY3ZjExZDUwYTNhIiBWYXJpYWJsZU5hbWU9IkZvcm1Qb3N0UGFyYW02Ni51Y0RhdGVFbmQkdHh0RGF0ZSIgRGlzcGxheU5hbWU9IiIgRGVzY3JpcHRpb249IiI+DQogICAgICAgICAgPFJ1bGVQYXJhbWV0ZXJzPg0KICAgICAgICAgICAgPFJ1bGVQYXJhbWV0ZXIgTmFtZT0iTmFtZSIgVmFsdWU9InVjRGF0ZUVuZF90eHREYXRlIiAvPg0KICAgICAgICAgICAgPFJ1bGVQYXJhbWV0ZXIgTmFtZT0iSHRtbERlY29kZSIgVmFsdWU9IlRydWUiIC8+DQogICAgICAgICAgICA8UnVsZVBhcmFtZXRlciBOYW1lPSJSZXF1aXJlZCIgVmFsdWU9IkZhbHNlIiAvPg0KICAgICAgICAgICAgPFJ1bGVQYXJhbWV0ZXIgTmFtZT0iSW5kZXgiIFZhbHVlPSIwIiAvPg0KICAgICAgICAgIDwvUnVsZVBhcmFtZXRlcnM+DQogICAgICAgIDwvRXh0cmFjdGlvblJ1bGU+DQogICAgICAgIDxFeHRyYWN0aW9uUnVsZSBDbGFzc25hbWU9Ik1pY3Jvc29mdC5WaXN1YWxTdHVkaW8uVGVzdFRvb2xzLldlYlRlc3RpbmcuUnVsZXMuRXh0cmFjdEZvcm1GaWVsZCwgTWljcm9zb2Z0LlZpc3VhbFN0dWRpby5RdWFsaXR5VG9vbHMuV2ViVGVzdEZyYW1ld29yaywgVmVyc2lvbj0xMC4wLjAuMCwgQ3VsdHVyZT1uZXV0cmFsLCBQdWJsaWNLZXlUb2tlbj1iMDNmNWY3ZjExZDUwYTNhIiBWYXJpYWJsZU5hbWU9IkZvcm1Qb3N0UGFyYW02Ny50eHRNZWFsVGltZSIgRGlzcGxheU5hbWU9IiIgRGVzY3JpcHRpb249IiI+DQogICAgICAgICAgPFJ1bGVQYXJhbWV0ZXJzPg0KICAgICAgICAgICAgPFJ1bGVQYXJhbWV0ZXIgTmFtZT0iTmFtZSIgVmFsdWU9InR4dE1lYWxUaW1lIiAvPg0KICAgICAgICAgICAgPFJ1bGVQYXJhbWV0ZXIgTmFtZT0iSHRtbERlY29kZSIgVmFsdWU9IlRydWUiIC8+DQogICAgICAgICAgICA8UnVsZVBhcmFtZXRlciBOYW1lPSJSZXF1aXJlZCIgVmFsdWU9IkZhbHNlIiAvPg0KICAgICAgICAgICAgPFJ1bGVQYXJhbWV0ZXIgTmFtZT0iSW5kZXgiIFZhbHVlPSIwIiAvPg0KICAgICAgICAgIDwvUnVsZVBhcmFtZXRlcnM+DQogICAgICAgIDwvRXh0cmFjdGlvblJ1bGU+DQogICAgICAgIDxFeHRyYWN0aW9uUnVsZSBDbGFzc25hbWU9Ik1pY3Jvc29mdC5WaXN1YWxTdHVkaW8uVGVzdFRvb2xzLldlYlRlc3RpbmcuUnVsZXMuRXh0cmFjdFRleHQsIE1pY3Jvc29mdC5WaXN1YWxTdHVkaW8uUXVhbGl0eVRvb2xzLldlYlRlc3RGcmFtZXdvcmssIFZlcnNpb249MTAuMC4wLjAsIEN1bHR1cmU9bmV1dHJhbCwgUHVibGljS2V5VG9rZW49YjAzZjVmN2YxMWQ1MGEzYSIgVmFyaWFibGVOYW1lPSJGb3JtUG9zdFBhcmFtNjguX19FVkVOVFRBUkdFVCIgRGlzcGxheU5hbWU9IiIgRGVzY3JpcHRpb249IiI+DQogICAgICAgICAgPFJ1bGVQYXJhbWV0ZXJzPg0KICAgICAgICAgICAgPFJ1bGVQYXJhbWV0ZXIgTmFtZT0iU3RhcnRzV2l0aCIgVmFsdWU9ImFtZT0mcXVvdDsiIC8+DQogICAgICAgICAgICA8UnVsZVBhcmFtZXRlciBOYW1lPSJFbmRzV2l0aCIgVmFsdWU9IiZxdW90OyBvbmMiIC8+DQogICAgICAgICAgICA8UnVsZVBhcmFtZXRlciBOYW1lPSJJbmRleCIgVmFsdWU9IjM0IiAvPg0KICAgICAgICAgICAgPFJ1bGVQYXJhbWV0ZXIgTmFtZT0iSWdub3JlQ2FzZSIgVmFsdWU9IkZhbHNlIiAvPg0KICAgICAgICAgICAgPFJ1bGVQYXJhbWV0ZXIgTmFtZT0iVXNlUmVndWxhckV4cHJlc3Npb24iIFZhbHVlPSJGYWxzZSIgLz4NCiAgICAgICAgICAgIDxSdWxlUGFyYW1ldGVyIE5hbWU9Ikh0bWxEZWNvZGUiIFZhbHVlPSJUcnVlIiAvPg0KICAgICAgICAgICAgPFJ1bGVQYXJhbWV0ZXIgTmFtZT0iUmVxdWlyZWQiIFZhbHVlPSJGYWxzZSIgLz4NCiAgICAgICAgICA8L1J1bGVQYXJhbWV0ZXJzPg0KICAgICAgICA8L0V4dHJhY3Rpb25SdWxlPg0KICAgICAgICA8RXh0cmFjdGlvblJ1bGUgQ2xhc3NuYW1lPSJNaWNyb3NvZnQuVmlzdWFsU3R1ZGlvLlRlc3RUb29scy5XZWJUZXN0aW5nLlJ1bGVzLkV4dHJhY3RUZXh0LCBNaWNyb3NvZnQuVmlzdWFsU3R1ZGlvLlF1YWxpdHlUb29scy5XZWJUZXN0RnJhbWV3b3JrLCBWZXJzaW9uPTEwLjAuMC4wLCBDdWx0dXJlPW5ldXRyYWwsIFB1YmxpY0tleVRva2VuPWIwM2Y1ZjdmMTFkNTBhM2EiIFZhcmlhYmxlTmFtZT0iRm9ybVBvc3RQYXJhbTY5Lk9UVGltZVN0YXJ0JGRkbEhIIiBEaXNwbGF5TmFtZT0iIiBEZXNjcmlwdGlvbj0iIj4NCiAgICAgICAgICA8UnVsZVBhcmFtZXRlcnM+DQogICAgICAgICAgICA8UnVsZVBhcmFtZXRlciBOYW1lPSJTdGFydHNXaXRoIiBWYWx1ZT0ibHVlPSZxdW90OyIgLz4NCiAgICAgICAgICAgIDxSdWxlUGFyYW1ldGVyIE5hbWU9IkVuZHNXaXRoIiBWYWx1ZT0iJnF1b3Q7Jmd0OzAwJmx0OyIgLz4NCiAgICAgICAgICAgIDxSdWxlUGFyYW1ldGVyIE5hbWU9IkluZGV4IiBWYWx1ZT0iMzAiIC8+DQogICAgICAgICAgICA8UnVsZVBhcmFtZXRlciBOYW1lPSJJZ25vcmVDYXNlIiBWYWx1ZT0iRmFsc2UiIC8+DQogICAgICAgICAgICA8UnVsZVBhcmFtZXRlciBOYW1lPSJVc2VSZWd1bGFyRXhwcmVzc2lvbiIgVmFsdWU9IkZhbHNlIiAvPg0KICAgICAgICAgICAgPFJ1bGVQYXJhbWV0ZXIgTmFtZT0iSHRtbERlY29kZSIgVmFsdWU9IlRydWUiIC8+DQogICAgICAgICAgICA8UnVsZVBhcmFtZXRlciBOYW1lPSJSZXF1aXJlZCIgVmFsdWU9IkZhbHNlIiAvPg0KICAgICAgICAgIDwvUnVsZVBhcmFtZXRlcnM+DQogICAgICAgIDwvRXh0cmFjdGlvblJ1bGU+DQogICAgICAgIDxFeHRyYWN0aW9uUnVsZSBDbGFzc25hbWU9Ik1pY3Jvc29mdC5WaXN1YWxTdHVkaW8uVGVzdFRvb2xzLldlYlRlc3RpbmcuUnVsZXMuRXh0cmFjdFRleHQsIE1pY3Jvc29mdC5WaXN1YWxTdHVkaW8uUXVhbGl0eVRvb2xzLldlYlRlc3RGcmFtZXdvcmssIFZlcnNpb249MTAuMC4wLjAsIEN1bHR1cmU9bmV1dHJhbCwgUHVibGljS2V5VG9rZW49YjAzZjVmN2YxMWQ1MGEzYSIgVmFyaWFibGVOYW1lPSJGb3JtUG9zdFBhcmFtNzAuT1RUaW1lU3RhcnQkZGRsTU0iIERpc3BsYXlOYW1lPSIiIERlc2NyaXB0aW9uPSIiPg0KICAgICAgICAgIDxSdWxlUGFyYW1ldGVycz4NCiAgICAgICAgICAgIDxSdWxlUGFyYW1ldGVyIE5hbWU9IlN0YXJ0c1dpdGgiIFZhbHVlPSJsdWU9JnF1b3Q7IiAvPg0KICAgICAgICAgICAgPFJ1bGVQYXJhbWV0ZXIgTmFtZT0iRW5kc1dpdGgiIFZhbHVlPSImcXVvdDsmZ3Q7MDAmbHQ7IiAvPg0KICAgICAgICAgICAgPFJ1bGVQYXJhbWV0ZXIgTmFtZT0iSW5kZXgiIFZhbHVlPSIzMCIgLz4NCiAgICAgICAgICAgIDxSdWxlUGFyYW1ldGVyIE5hbWU9Iklnbm9yZUNhc2UiIFZhbHVlPSJGYWxzZSIgLz4NCiAgICAgICAgICAgIDxSdWxlUGFyYW1ldGVyIE5hbWU9IlVzZVJlZ3VsYXJFeHByZXNzaW9uIiBWYWx1ZT0iRmFsc2UiIC8+DQogICAgICAgICAgICA8UnVsZVBhcmFtZXRlciBOYW1lPSJIdG1sRGVjb2RlIiBWYWx1ZT0iVHJ1ZSIgLz4NCiAgICAgICAgICAgIDxSdWxlUGFyYW1ldGVyIE5hbWU9IlJlcXVpcmVkIiBWYWx1ZT0iRmFsc2UiIC8+DQogICAgICAgICAgPC9SdWxlUGFyYW1ldGVycz4NCiAgICAgICAgPC9FeHRyYWN0aW9uUnVsZT4NCiAgICAgICAgPEV4dHJhY3Rpb25SdWxlIENsYXNzbmFtZT0iTWljcm9zb2Z0LlZpc3VhbFN0dWRpby5UZXN0VG9vbHMuV2ViVGVzdGluZy5SdWxlcy5FeHRyYWN0VGV4dCwgTWljcm9zb2Z0LlZpc3VhbFN0dWRpby5RdWFsaXR5VG9vbHMuV2ViVGVzdEZyYW1ld29yaywgVmVyc2lvbj0xMC4wLjAuMCwgQ3VsdHVyZT1uZXV0cmFsLCBQdWJsaWNLZXlUb2tlbj1iMDNmNWY3ZjExZDUwYTNhIiBWYXJpYWJsZU5hbWU9IkZvcm1Qb3N0UGFyYW03MS5PVFRpbWVFbmQkZGRsSEgiIERpc3BsYXlOYW1lPSIiIERlc2NyaXB0aW9uPSIiPg0KICAgICAgICAgIDxSdWxlUGFyYW1ldGVycz4NCiAgICAgICAgICAgIDxSdWxlUGFyYW1ldGVyIE5hbWU9IlN0YXJ0c1dpdGgiIFZhbHVlPSJsdWU9JnF1b3Q7IiAvPg0KICAgICAgICAgICAgPFJ1bGVQYXJhbWV0ZXIgTmFtZT0iRW5kc1dpdGgiIFZhbHVlPSImcXVvdDsmZ3Q7MDEmbHQ7IiAvPg0KICAgICAgICAgICAgPFJ1bGVQYXJhbWV0ZXIgTmFtZT0iSW5kZXgiIFZhbHVlPSIzMSIgLz4NCiAgICAgICAgICAgIDxSdWxlUGFyYW1ldGVyIE5hbWU9Iklnbm9yZUNhc2UiIFZhbHVlPSJGYWxzZSIgLz4NCiAgICAgICAgICAgIDxSdWxlUGFyYW1ldGVyIE5hbWU9IlVzZVJlZ3VsYXJFeHByZXNzaW9uIiBWYWx1ZT0iRmFsc2UiIC8+DQogICAgICAgICAgICA8UnVsZVBhcmFtZXRlciBOYW1lPSJIdG1sRGVjb2RlIiBWYWx1ZT0iVHJ1ZSIgLz4NCiAgICAgICAgICAgIDxSdWxlUGFyYW1ldGVyIE5hbWU9IlJlcXVpcmVkIiBWYWx1ZT0iRmFsc2UiIC8+DQogICAgICAgICAgPC9SdWxlUGFyYW1ldGVycz4NCiAgICAgICAgPC9FeHRyYWN0aW9uUnVsZT4NCiAgICAgICAgPEV4dHJhY3Rpb25SdWxlIENsYXNzbmFtZT0iTWljcm9zb2Z0LlZpc3VhbFN0dWRpby5UZXN0VG9vbHMuV2ViVGVzdGluZy5SdWxlcy5FeHRyYWN0VGV4dCwgTWljcm9zb2Z0LlZpc3VhbFN0dWRpby5RdWFsaXR5VG9vbHMuV2ViVGVzdEZyYW1ld29yaywgVmVyc2lvbj0xMC4wLjAuMCwgQ3VsdHVyZT1uZXV0cmFsLCBQdWJsaWNLZXlUb2tlbj1iMDNmNWY3ZjExZDUwYTNhIiBWYXJpYWJsZU5hbWU9IkZvcm1Qb3N0UGFyYW03Mi5PVFRpbWVFbmQkZGRsTU0iIERpc3BsYXlOYW1lPSIiIERlc2NyaXB0aW9uPSIiPg0KICAgICAgICAgIDxSdWxlUGFyYW1ldGVycz4NCiAgICAgICAgICAgIDxSdWxlUGFyYW1ldGVyIE5hbWU9IlN0YXJ0c1dpdGgiIFZhbHVlPSJsdWU9JnF1b3Q7IiAvPg0KICAgICAgICAgICAgPFJ1bGVQYXJhbWV0ZXIgTmFtZT0iRW5kc1dpdGgiIFZhbHVlPSImcXVvdDsmZ3Q7MDAmbHQ7IiAvPg0KICAgICAgICAgICAgPFJ1bGVQYXJhbWV0ZXIgTmFtZT0iSW5kZXgiIFZhbHVlPSIzMCIgLz4NCiAgICAgICAgICAgIDxSdWxlUGFyYW1ldGVyIE5hbWU9Iklnbm9yZUNhc2UiIFZhbHVlPSJGYWxzZSIgLz4NCiAgICAgICAgICAgIDxSdWxlUGFyYW1ldGVyIE5hbWU9IlVzZVJlZ3VsYXJFeHByZXNzaW9uIiBWYWx1ZT0iRmFsc2UiIC8+DQogICAgICAgICAgICA8UnVsZVBhcmFtZXRlciBOYW1lPSJIdG1sRGVjb2RlIiBWYWx1ZT0iVHJ1ZSIgLz4NCiAgICAgICAgICAgIDxSdWxlUGFyYW1ldGVyIE5hbWU9IlJlcXVpcmVkIiBWYWx1ZT0iRmFsc2UiIC8+DQogICAgICAgICAgPC9SdWxlUGFyYW1ldGVycz4NCiAgICAgICAgPC9FeHRyYWN0aW9uUnVsZT4NCiAgICAgICAgPEV4dHJhY3Rpb25SdWxlIENsYXNzbmFtZT0iTWljcm9zb2Z0LlZpc3VhbFN0dWRpby5UZXN0VG9vbHMuV2ViVGVzdGluZy5SdWxlcy5FeHRyYWN0VGV4dCwgTWljcm9zb2Z0LlZpc3VhbFN0dWRpby5RdWFsaXR5VG9vbHMuV2ViVGVzdEZyYW1ld29yaywgVmVyc2lvbj0xMC4wLjAuMCwgQ3VsdHVyZT1uZXV0cmFsLCBQdWJsaWNLZXlUb2tlbj1iMDNmNWY3ZjExZDUwYTNhIiBWYXJpYWJsZU5hbWU9IkZvcm1Qb3N0UGFyYW03My5kZGxPVFR5cGVJRCIgRGlzcGxheU5hbWU9IiIgRGVzY3JpcHRpb249IiI+DQogICAgICAgICAgPFJ1bGVQYXJhbWV0ZXJzPg0KICAgICAgICAgICAgPFJ1bGVQYXJhbWV0ZXIgTmFtZT0iU3RhcnRzV2l0aCIgVmFsdWU9InMmcXVvdDs6WyZxdW90OyIgLz4NCiAgICAgICAgICAgIDxSdWxlUGFyYW1ldGVyIE5hbWU9IkVuZHNXaXRoIiBWYWx1ZT0iJnF1b3Q7LCZxdW90OzEmcXVvdDsiIC8+DQogICAgICAgICAgICA8UnVsZVBhcmFtZXRlciBOYW1lPSJJbmRleCIgVmFsdWU9IjAiIC8+DQogICAgICAgICAgICA8UnVsZVBhcmFtZXRlciBOYW1lPSJJZ25vcmVDYXNlIiBWYWx1ZT0iRmFsc2UiIC8+DQogICAgICAgICAgICA8UnVsZVBhcmFtZXRlciBOYW1lPSJVc2VSZWd1bGFyRXhwcmVzc2lvbiIgVmFsdWU9IkZhbHNlIiAvPg0KICAgICAgICAgICAgPFJ1bGVQYXJhbWV0ZXIgTmFtZT0iSHRtbERlY29kZSIgVmFsdWU9IlRydWUiIC8+DQogICAgICAgICAgICA8UnVsZVBhcmFtZXRlciBOYW1lPSJSZXF1aXJlZCIgVmFsdWU9IkZhbHNlIiAvPg0KICAgICAgICAgIDwvUnVsZVBhcmFtZXRlcnM+DQogICAgICAgIDwvRXh0cmFjdGlvblJ1bGU+DQogICAgICAgIDxFeHRyYWN0aW9uUnVsZSBDbGFzc25hbWU9Ik1pY3Jvc29mdC5WaXN1YWxTdHVkaW8uVGVzdFRvb2xzLldlYlRlc3RpbmcuUnVsZXMuRXh0cmFjdFRleHQsIE1pY3Jvc29mdC5WaXN1YWxTdHVkaW8uUXVhbGl0eVRvb2xzLldlYlRlc3RGcmFtZXdvcmssIFZlcnNpb249MTAuMC4wLjAsIEN1bHR1cmU9bmV1dHJhbCwgUHVibGljS2V5VG9rZW49YjAzZjVmN2YxMWQ1MGEzYSIgVmFyaWFibGVOYW1lPSJGb3JtUG9zdFBhcmFtNzQuZGRsT3JnIiBEaXNwbGF5TmFtZT0iIiBEZXNjcmlwdGlvbj0iIj4NCiAgICAgICAgICA8UnVsZVBhcmFtZXRlcnM+DQogICAgICAgICAgICA8UnVsZVBhcmFtZXRlciBOYW1lPSJTdGFydHNXaXRoIiBWYWx1ZT0iJnF1b3Q7MCZxdW90OywmcXVvdDsiIC8+DQogICAgICAgICAgICA8UnVsZVBhcmFtZXRlciBOYW1lPSJFbmRzV2l0aCIgVmFsdWU9IiZxdW90OywmcXVvdDsyJnF1b3Q7IiAvPg0KICAgICAgICAgICAgPFJ1bGVQYXJhbWV0ZXIgTmFtZT0iSW5kZXgiIFZhbHVlPSIwIiAvPg0KICAgICAgICAgICAgPFJ1bGVQYXJhbWV0ZXIgTmFtZT0iSWdub3JlQ2FzZSIgVmFsdWU9IkZhbHNlIiAvPg0KICAgICAgICAgICAgPFJ1bGVQYXJhbWV0ZXIgTmFtZT0iVXNlUmVndWxhckV4cHJlc3Npb24iIFZhbHVlPSJGYWxzZSIgLz4NCiAgICAgICAgICAgIDxSdWxlUGFyYW1ldGVyIE5hbWU9Ikh0bWxEZWNvZGUiIFZhbHVlPSJUcnVlIiAvPg0KICAgICAgICAgICAgPFJ1bGVQYXJhbWV0ZXIgTmFtZT0iUmVxdWlyZWQiIFZhbHVlPSJGYWxzZSIgLz4NCiAgICAgICAgICA8L1J1bGVQYXJhbWV0ZXJzPg0KICAgICAgICA8L0V4dHJhY3Rpb25SdWxlPg0KICAgICAgICA8RXh0cmFjdGlvblJ1bGUgQ2xhc3NuYW1lPSJNaWNyb3NvZnQuVmlzdWFsU3R1ZGlvLlRlc3RUb29scy5XZWJUZXN0aW5nLlJ1bGVzLkV4dHJhY3RUZXh0LCBNaWNyb3NvZnQuVmlzdWFsU3R1ZGlvLlF1YWxpdHlUb29scy5XZWJUZXN0RnJhbWV3b3JrLCBWZXJzaW9uPTEwLjAuMC4wLCBDdWx0dXJlPW5ldXRyYWwsIFB1YmxpY0tleVRva2VuPWIwM2Y1ZjdmMTFkNTBhM2EiIFZhcmlhYmxlTmFtZT0iRm9ybVBvc3RQYXJhbTc1LnVjQ2FzY2FkaW5nRHJvcERvd24xJGRkbDAyIiBEaXNwbGF5TmFtZT0iIiBEZXNjcmlwdGlvbj0iIj4NCiAgICAgICAgICA8UnVsZVBhcmFtZXRlcnM+DQogICAgICAgICAgICA8UnVsZVBhcmFtZXRlciBOYW1lPSJTdGFydHNXaXRoIiBWYWx1ZT0ibHVlPSZxdW90OyIgLz4NCiAgICAgICAgICAgIDxSdWxlUGFyYW1ldGVyIE5hbWU9IkVuZHNXaXRoIiBWYWx1ZT0iJnF1b3Q7IHRpdCIgLz4NCiAgICAgICAgICAgIDxSdWxlUGFyYW1ldGVyIE5hbWU9IkluZGV4IiBWYWx1ZT0iMjIwIiAvPg0KICAgICAgICAgICAgPFJ1bGVQYXJhbWV0ZXIgTmFtZT0iSWdub3JlQ2FzZSIgVmFsdWU9IkZhbHNlIiAvPg0KICAgICAgICAgICAgPFJ1bGVQYXJhbWV0ZXIgTmFtZT0iVXNlUmVndWxhckV4cHJlc3Npb24iIFZhbHVlPSJGYWxzZSIgLz4NCiAgICAgICAgICAgIDxSdWxlUGFyYW1ldGVyIE5hbWU9Ikh0bWxEZWNvZGUiIFZhbHVlPSJUcnVlIiAvPg0KICAgICAgICAgICAgPFJ1bGVQYXJhbWV0ZXIgTmFtZT0iUmVxdWlyZWQiIFZhbHVlPSJGYWxzZSIgLz4NCiAgICAgICAgICA8L1J1bGVQYXJhbWV0ZXJzPg0KICAgICAgICA8L0V4dHJhY3Rpb25SdWxlPg0KICAgICAgICA8RXh0cmFjdGlvblJ1bGUgQ2xhc3NuYW1lPSJNaWNyb3NvZnQuVmlzdWFsU3R1ZGlvLlRlc3RUb29scy5XZWJUZXN0aW5nLlJ1bGVzLkV4dHJhY3RUZXh0LCBNaWNyb3NvZnQuVmlzdWFsU3R1ZGlvLlF1YWxpdHlUb29scy5XZWJUZXN0RnJhbWV3b3JrLCBWZXJzaW9uPTEwLjAuMC4wLCBDdWx0dXJlPW5ldXRyYWwsIFB1YmxpY0tleVRva2VuPWIwM2Y1ZjdmMTFkNTBhM2EiIFZhcmlhYmxlTmFtZT0iRm9ybVBvc3RQYXJhbTc2LnVjQ2FzY2FkaW5nRHJvcERvd24xJGRkbDAzIiBEaXNwbGF5TmFtZT0iIiBEZXNjcmlwdGlvbj0iIj4NCiAgICAgICAgICA8UnVsZVBhcmFtZXRlcnM+DQogICAgICAgICAgICA8UnVsZVBhcmFtZXRlciBOYW1lPSJTdGFydHNXaXRoIiBWYWx1ZT0ibHVlPSZxdW90OyIgLz4NCiAgICAgICAgICAgIDxSdWxlUGFyYW1ldGVyIE5hbWU9IkVuZHNXaXRoIiBWYWx1ZT0iJnF1b3Q7IHRpdCIgLz4NCiAgICAgICAgICAgIDxSdWxlUGFyYW1ldGVyIE5hbWU9IkluZGV4IiBWYWx1ZT0iMjIxIiAvPg0KICAgICAgICAgICAgPFJ1bGVQYXJhbWV0ZXIgTmFtZT0iSWdub3JlQ2FzZSIgVmFsdWU9IkZhbHNlIiAvPg0KICAgICAgICAgICAgPFJ1bGVQYXJhbWV0ZXIgTmFtZT0iVXNlUmVndWxhckV4cHJlc3Npb24iIFZhbHVlPSJGYWxzZSIgLz4NCiAgICAgICAgICAgIDxSdWxlUGFyYW1ldGVyIE5hbWU9Ikh0bWxEZWNvZGUiIFZhbHVlPSJUcnVlIiAvPg0KICAgICAgICAgICAgPFJ1bGVQYXJhbWV0ZXIgTmFtZT0iUmVxdWlyZWQiIFZhbHVlPSJGYWxzZSIgLz4NCiAgICAgICAgICA8L1J1bGVQYXJhbWV0ZXJzPg0KICAgICAgICA8L0V4dHJhY3Rpb25SdWxlPg0KICAgICAgICA8RXh0cmFjdGlvblJ1bGUgQ2xhc3NuYW1lPSJNaWNyb3NvZnQuVmlzdWFsU3R1ZGlvLlRlc3RUb29scy5XZWJUZXN0aW5nLlJ1bGVzLkV4dHJhY3RUZXh0LCBNaWNyb3NvZnQuVmlzdWFsU3R1ZGlvLlF1YWxpdHlUb29scy5XZWJUZXN0RnJhbWV3b3JrLCBWZXJzaW9uPTEwLjAuMC4wLCBDdWx0dXJlPW5ldXRyYWwsIFB1YmxpY0tleVRva2VuPWIwM2Y1ZjdmMTFkNTBhM2EiIFZhcmlhYmxlTmFtZT0iRm9ybVBvc3RQYXJhbTc3LmhpZGRlbklucHV0VG9VcGRhdGVBVEJ1ZmZlcl9Db21tb25Ub29sa2l0U2NyaXB0cyIgRGlzcGxheU5hbWU9IiIgRGVzY3JpcHRpb249IiI+DQogICAgICAgICAgPFJ1bGVQYXJhbWV0ZXJzPg0KICAgICAgICAgICAgPFJ1bGVQYXJhbWV0ZXIgTmFtZT0iU3RhcnRzV2l0aCIgVmFsdWU9InMmcXVvdDs6WyZxdW90OyIgLz4NCiAgICAgICAgICAgIDxSdWxlUGFyYW1ldGVyIE5hbWU9IkVuZHNXaXRoIiBWYWx1ZT0iJnF1b3Q7LCZxdW90OzEmcXVvdDsiIC8+DQogICAgICAgICAgICA8UnVsZVBhcmFtZXRlciBOYW1lPSJJbmRleCIgVmFsdWU9IjAiIC8+DQogICAgICAgICAgICA8UnVsZVBhcmFtZXRlciBOYW1lPSJJZ25vcmVDYXNlIiBWYWx1ZT0iRmFsc2UiIC8+DQogICAgICAgICAgICA8UnVsZVBhcmFtZXRlciBOYW1lPSJVc2VSZWd1bGFyRXhwcmVzc2lvbiIgVmFsdWU9IkZhbHNlIiAvPg0KICAgICAgICAgICAgPFJ1bGVQYXJhbWV0ZXIgTmFtZT0iSHRtbERlY29kZSIgVmFsdWU9IlRydWUiIC8+DQogICAgICAgICAgICA8UnVsZVBhcmFtZXRlciBOYW1lPSJSZXF1aXJlZCIgVmFsdWU9IkZhbHNlIiAvPg0KICAgICAgICAgIDwvUnVsZVBhcmFtZXRlcnM+DQogICAgICAgIDwvRXh0cmFjdGlvblJ1bGU+DQogICAgICA8L0NvcnJlbGF0aW9uRXh0cmFjdGlvblJ1bGVzPg0KICAgICAgPEZvcm1Qb3N0SHR0cEJvZHk+DQogICAgICAgIDxGb3JtUG9zdFBhcmFtZXRlciBOYW1lPSJUb29sa2l0U2NyaXB0TWFuYWdlcjFfSGlkZGVuRmllbGQiIFZhbHVlPSI7O0FqYXhDb250cm9sVG9vbGtpdCwgVmVyc2lvbj00LjEuNy42MDcsIEN1bHR1cmU9bmV1dHJhbCwgUHVibGljS2V5VG9rZW49MjhmMDFiMGU4NGI2ZDUzZTp6aC1IYW50OjdiOTVlZDFhLTZhM2YtNDFkZC1iYzViLTYzZjM5ZWRiYzRiNDpkZTFmZWFiMjpmY2YwZTk5MzpmMmM4ZTcwODo3MjBhNTJiZjpmOWNlYzliYzo1ODllYWEzMDo2OTgxMjljZjpmYjliNGM1NzpjY2I5NmNmOTo4YWQxODEwMTpjYTU3ZWYzYzphNjdjMjcwMDo4NjEzYWVhNzozMjAyYTVhMjphYjA5ZTNmZTo4NzEwNGI3YzpiZTZmYjI5OCIgUmVjb3JkZWRWYWx1ZT0iOztBamF4Q29udHJvbFRvb2xraXQsIFZlcnNpb249NC4xLjcuNjA3LCBDdWx0dXJlPW5ldXRyYWwsIFB1YmxpY0tleVRva2VuPTI4ZjAxYjBlODRiNmQ1M2U6emgtSGFudDo3Yjk1ZWQxYS02YTNmLTQxZGQtYmM1Yi02M2YzOWVkYmM0YjQ6ZGUxZmVhYjI6ZmNmMGU5OTM6ZjJjOGU3MDg6NzIwYTUyYmY6ZjljZWM5YmM6NTg5ZWFhMzA6Njk4MTI5Y2Y6ZmI5YjRjNTc6Y2NiOTZjZjk6OGFkMTgxMDE6Y2E1N2VmM2M6YTY3YzI3MDA6ODYxM2FlYTc6MzIwMmE1YTI6YWIwOWUzZmU6ODcxMDRiN2M6YmU2ZmIyOTgiIENvcnJlbGF0aW9uQmluZGluZz0iIiBVcmxFbmNvZGU9IlRydWUiIC8+DQogICAgICAgIDxGb3JtUG9zdFBhcmFtZXRlciBOYW1lPSJfX0VWRU5UVEFSR0VUIiBWYWx1ZT0iT1RUaW1lRW5kJGRkbEhIIiBSZWNvcmRlZFZhbHVlPSJPVFRpbWVFbmQkZGRsSEgiIENvcnJlbGF0aW9uQmluZGluZz0ie3tGb3JtUG9zdFBhcmFtODQuX19FVkVOVFRBUkdFVH19IiBVcmxFbmNvZGU9IlRydWUiIC8+DQogICAgICAgIDxGb3JtUG9zdFBhcmFtZXRlciBOYW1lPSJfX0VWRU5UQVJHVU1FTlQiIFZhbHVlPSJ7eyRISURERU4xLl9fRVZFTlRBUkdVTUVOVH19IiBSZWNvcmRlZFZhbHVlPSIiIENvcnJlbGF0aW9uQmluZGluZz0iIiBVcmxFbmNvZGU9IlRydWUiIC8+DQogICAgICAgIDxGb3JtUG9zdFBhcmFtZXRlciBOYW1lPSJfX0xBU1RGT0NVUyIgVmFsdWU9Int7JEhJRERFTjEuX19MQVNURk9DVVN9fSIgUmVjb3JkZWRWYWx1ZT0iIiBDb3JyZWxhdGlvbkJpbmRpbmc9IiIgVXJsRW5jb2RlPSJUcnVlIiAvPg0KICAgICAgICA8Rm9ybVBvc3RQYXJhbWV0ZXIgTmFtZT0iX19WU1RBVEUiIFZhbHVlPSJ7eyRISURERU4xLl9fVlNUQVRFfX0iIFJlY29yZGVkVmFsdWU9IkFSK0xDQUFBQUFBQUJBRHRXdXR6RzlVVnQyNHN2eE9iRERHRUJHbmp6T0I0RWttN3E1Y2wyNksyNG1BM2NSd2lKV0VHR00xS2U3VzdhTFVyZGxlMk5RelRVQWdKQ1lFd0VOb1FXc3FVRkFxVE5DMVRNRWxLK3lkME92M1F6NjNseDZmK0NmVGMzZFhETHdnMFl0cE9sVVRhZSs3dm5udWU5NTU3TjE4NXVoOUVUbGNxRlZjVlExTmwvVGgrdGlocCtKaXFHMk5jSm5jWWwxS3AzaGJuTmkxdEpDUkZrUEY0dmpCNTBMa1YybE5GMlpBMmJMWkxlZUVJVjFReW9yTVRIaDh2WXQyUVZNWFptUkZ6VTVpVEQ4bWM0R3dSWnFZNFNla2UzdC9VaFZwMnRMWk5KK01xR1E0UGgxUXRmM1M2ZFRwcDhtdVpUaDdrREF3L1NTbVBPK0ZITlRpWlBBTWlPYWZBRVBRVmZMcjVibWVISnhTbVF5d1RDb1M2ZXlsWFd3bzRrTUhPblV3a3d2b0dmUXhOTGN5ZkwxODhSekZzbEtiaHI2czNOYW1QeWxnekVsalhRVTdDV1MwYW9xczVsY0J6VGdmajJwWTZ4Z2w0VWlkeUhWRUYwZFdhMGpnbEI2b2lPdXphWWZlQ25sb3BZV2hnSnhQVW1UcWxhcm1FWkdBQWJnbkNUSHRzNUdqUlVFY0xCYmswbms5am50RGl1aDZYT1YwWFhQMDJoaGpIZ0grSkRQaEZCb2RJeEliVFNzVTFBdkNmMUFuMmlKckppYVlXeDNGV3c3cG82M0ZJNC9KWWRMV25SZzJEeTRnZ2hOY0FUekEweXpBUlBoeGhlVDR6NkdHeWRNWVRTT09RSjgzUklRK1Q1b1BzSUoxSnN4SE8xV1BQY0Fvc3FPVTVMVWMwNTQxam5NYXg4N3ViSEUxTlRjVHc1SmQ4dWhCOEhVMlVkQVBudldCMTdnQjFFbXRFbEpHQWx5Wi9EbEJ4Q0pPaWhrY1VYRFEwVGo1QUhTdW1aU2tEZ1paVWMxZ1pTWWZEWERBVERERVJmd0RUZ3hFblliNmpqcWY1bGVUU010NENQVHVyTGU5eG5GY05zTDA5WmZzVGVUbVJFWEdlNjRTbmcxSTIreGpZWTR2RHNjMW1adU9Jek8yRVZVc3pmSDJ4ZmZqUnVieE16ZGh5OXpGZXVvL0NTa2JsZ2ZWSVg5SEllcGhRMzZPeHJSM0RjM3BVTnllZ1lJU2lqL1QxV1EvUk9YZ1dEYU1ROWZsbVoyZTlzMzZ2cWdrK2xxWVozeE5UUnl5aEt0aTh6b01Hd0ZoVGJHNjZKeStCejNVMWEzZ3lhajRLT0krRjZvTlpLWXJNaTJXY3g0cEJLZURoa1Q1VGY4YnF0ZnBoWEVIR2M4bFNBZHRVaTY1RGVvTXlOZUpHN0ViNUdTNkR4N0FnS1gyVUFTeEcrc2hRTTdEN0tFdVVxTUZwQWphT3dnQzlBR2lpZkY1U3BqT1pvZ2JhZzgxODN6Z0h5REd1OEEyYjRpRE95QkNvSkdzYXE4dEJyblJFeWt2R2hGclVqbjR2czB3MGZCYXlSRGRza2luWWJNU3FNdC9ETkEzVlpqbzVWZFNOdUlnenVRYk9ZZW9CM21uMEZJMTFQTGIyN2NabFNXV0d4bVVJRkJUSHpiMi9ZVE9jNUdTSmIvQWNvL3d6RUxRTm5pVEJ3UUpjbXRaR3lWd05WbVZTbVNGbUk3WGVQWmxwMkxkK3V6UnBhN2RXazJoTHRNbitiSmcxS0pmQVJsV1NTZDJtUUs5V3hGVTZxZnFxSlUxMVo2LzBudEJ4dktocHdCbHFQbzRBek1GM3NmRm5SRlhLNERYYTVybTVTcXVvcE5XaXdtTytab083MGRheWtsbTJ4RnFjVUQvOXBYV1loMUpMMEtMV0Q1Zi9MbldPUGNaaThVMWpLaE41WnV3U2FMaG03NG9xbGgwcFd6U0pyMWkyWmxwTm5aM1dlS3laaHJGeElxZkhSVTRSTUJoSVVuUTRJWUI5YW1hdHE1TmlrY2l3cjc2OUNtUVZPakdXdGpCMnN3cFpXNmlZek5ZUmEvRDZjaU1XQU9ncXdvYTRpUmpEcmdaT3JBZVNwVDlHMTJCbXU0cGF2V25IQXFGaDN4clNCdEFLeXpXVUtySnU3eVN3K21ZZHByTDN4Y0lFVW0ydFJaaXNtU3BramZpVnJTZm1KL0pVVytzQUU3RlFIYURPVE5XRlA4YUFmMnF0S3FCdTNZNHhZSjc2ZGwwODFCWmVrOUVxUWhXMmF1a2tTcTBtckdGWHQvaEJsREZoSDhQNi9IU0ZkMzF2SmJXdDhMZFRlbFcrRFB2V0pIQ3NtWnlPMXB5YXlGbXBKVFhGUGFOcThDTXA1R2VzS01sOGUrbzRucEVJaEp3STIrQ0Q3TlBoVi9hbjA5VmRPZUppc3RBSmNPaHQ0Y3dqNnJjOW9QWWl0S1diN3czQWQzY3Znb1A0RVVrUWpURjFia3pEWEc1Y0lVcnlJdCtMc29CcVJnNFQxWG9TeElNT2tlZVIwNlEwSi9HYzRYeHcrY3JscFVzdkw4eGYvK2VkVjVjL3ViRDAwY1h5bDJmK2Z2cFhnTnRGY083dHpwYkVzWW14d3d4UUhyWXBYWXMzNTVkL2UybmwvT25sOTE4RitwNEtrcWJweDJnYUtIdHRTdmZDclZ2bDgxZVhQejI3ZU9zU3pBVmQvZlhnQ0FFUDJKUWRBQ2JJeS9PTGI3NnplUGFWcGJjK1d2cndEUUQ0SzBOc0svRm95S2IwV0pSL25ENWR2djMyOU5LWHY0YStSN3Q3VEpXcnB1anVkU0JIcjZPSDV3WHl4S1BIWUhTSHF6TkZvb05jYjNDR3M2c0VuNmQ4VTFOUCtYamUxWkZLd0xacG1EY3dUWCtTWHIzNjF6KzNrWHNWaGJkSlk4M3U2MzlyTTI4amptT09uMWJra2dpQXBLcENCaFdjbmlkWGJ2OTg4YzN6VDFQbE4rNlVYLzlrOFNmWEZxKytEQ1orY3VYcUZaTytPSDltNWNvSDVUTWZsbTk4WWJrSlBBYmZQZVRYMWFvcUdWbks1SnpKRTRZa3ArSmlEdnliVkFWQnhxWWpKVmt5U3Z2Nml4a2lqaWxxS2lQbWFsMzlCNmhWbmJ3MFE0SjlGQ0trZjJDSUJ5TWhZaUtuYnBSazdIVER3ZCtRWUcvMVFNb0lTdFJRQzBNelZWN1JJVHVLMnNEZUhXYW0wVUVmRTNKMWtSdWQyczFNVDV3cjZsZzNGd0J6Q1JkY3JkL05IaUJaaDZyd2FkbXl3VFpEbEhRdnBITVJqL1QzRC9FUStMMHRycFlOSGRlK3ptOFRKQkJXdVcyQ1I0ZEpBTGp2WHozWXZhUHFhM2R2MWNmdUIwVDNnLyt1UTkwN25jZnV3cE1nNkdaK0pGMGJlOUg5MEhkMG9IdVg0TjR0dUIvKzF0NXh1emIyaWR1OXhxQlUxUW51UFhYV253WlptbDFka0R1SlJDVkp3Y3diV2UzcjQ5KzZITjBrL3VzNzExdHV5MTFhcnNVVUJuUWp4aUxYbTNzSW96RlNOd3A4ejQ2ZDdiQm9ycndBQzlaWlJOT0laaEROSXRxUDZBQ2lnNGdPSVRxTTZFRkVSeEJESTRaQkRJc1lQMklDaUFraUpvU1lNR0lHRVJOQkxJMVlCckVzWXYyTjRIbi8vaTA3aGMwKzFwcm9yRlBUdlpmb05uTHY1VUJzQUxGQnhJWVFHMGJzSUdJanlFOGpQNFA4TFBMN2tUK0EvRUhrRHlGL0dQa0hrVCtDQWpRS01DakFvb0FmQlFJb0VFU0JFQXFFVVdBUUJTSW9TS01nZzRJc0N2cFJNSUNDUVJRTW9XQVlCUWRSTVBMZkxqLzRiR1JUbjkzTngvSnJlemZzZTcxTlBEcEJzczdkdDFtbWZmMzZaQ1hUaHV0VHJldGVaWmtWZnY4YnFaWDlmMmI5eDhsL0R6SXJXNWRZbkYxdm1rYzRETnNDaVh6QkxsQWRwTUI5MW93QTF6YVNIU2ZKbm5sSXdqTHZiSTZyUEhadE5hOCtvQmkzaU8yRUdDZlhOVmFzZEcySDR0WkRlYW9XaCtldWxUTVh5NWZPbFcrZVczei9YRXY1ekdjTHQ5OXVXWHozeGVYck4xdktwKzhzdlg2OXQvenBUZGpHZll2dm5pdmZ1Z3hQUzcrL1ZKNy90QXYrbFM5Y3NZcis3Y3RuUDRiNmZmRzlhNHUvbUYvNHc3dUwxNjV2TDcvM09aQVd2cnhBT3E1ZEIreDJDN3owOFF0TFYrNHMzTHF3Y1B1ekx1aGNQbmR4K1pjL1cvampEYWQ1ZXRuUjVhQWQ0R2phd1RyOGpvQWo2QWc1d281QlI0Uzh3S1JwQmt6ZVZXOUJNRW9STExUYnRRdk9VM05Ic0NJWTRsRmlBelZUMU9PeWhCVmo4aUNHaW5vU1dwalRSUFBSN0JWZDIxTEVYQWxSeWhxSEpZWHZIUGhSQWc1ang3aU05eFJPajg4Vk5LenIzcmlhejZ1S2w2eHErMWZCRDFDYm9tdXY3c0pldjlmUGVKbHZmbmVuRkdXNXliVTdkVkRTQytPS2dUWE1uMUkxWHA5T1AxUFRveU5sdmsyYzRyUWNkcldiaHdZQnBoYk40aEticGRCb3hwQm04T1RVdUFDQXlwdFJNbkt5OG41YWRHMVBXYTlSaytxSlFnRnJjVTdIb3YxR1ZOZG5ZZFlOVi9hbnZuWmxOK2FNNlNTY1lYUlZtY0o1ZGYzNnZoYXc2U29meXNvcVowUmxuRFdHZUxDR3pKV2lraUpMQ3Zha1pUV1RHeXB3UEhtaEdLVlhMLzV0Vm5IcWFxdWRwSnluSk40UWQxbG42TklQeU90UVYxdk5LTTJwUFlreDlHTmtuWlJ5dUZRc09IK0t6SkxVa0F6WkxFbWxMTFd2VnFSNlpUUEVxTmdJeGRJMDljZ2pWSzJQMmpOQzlmY1BQRWQxVVBYVWticUdWeSttcld2VmZmUUJ3bUZnaU9wNGZxaGpodE1vTlRsbkFKaUgyQ1FYaEY0QkcrUFdYZUZZYVpKZmIyQ1pTeFA3UFE3V0hUQ2xOQm1BRENTU0JwNGpMYStrS0ZnalVRdU1yWmZyM3F4NTNObjN3MFJxU2hmTWFKdFVDa1VEc3NjTXR3UFVPbVZ0UVovbnpadUNabmRnbFQzZElYUWFtYmNCVnJSWXk5VURUNVkvK0xEOG0wOVdYbnU3Zk9PZHA4dWYvNjU4K1QwNGg1c09mc3RSOFNERkZ1WW9ob2F2eXNNUWxWRmxWWXZ1aFZQOUVKVW1KMEtORk1sUmF1K2hRK09EbzZFaEtxc3FobWNXazl1S0tKVldaUjV3S3JsK2pGSU1jTkZWT0RoU1BLU0lvSEdsSVdwV2xBenNNZStzbzVTaXptcGNvVExBbzNHOFZOU2psQjhtNWxHcktmeDlaRkY1M3RianZuMUxWMitVWDdtNDlOTDdLMWRlZ2pWckFEcGZyR2pwQ0VMcmJLVzFoZmFTUmZyQ212YnJhOXB2T3NoLzI3Z1BPWHA2bThpZnJ2djNOOEhxZjdtYWJyQWJtQlhYRll2UzNHM20zMFBPclpWa1VGUUZEL0gvQW85SDZVbC9JZ0FBIiBDb3JyZWxhdGlvbkJpbmRpbmc9IiIgVXJsRW5jb2RlPSJUcnVlIiAvPg0KICAgICAgICA8Rm9ybVBvc3RQYXJhbWV0ZXIgTmFtZT0iX19WSUVXU1RBVEUiIFZhbHVlPSJ7eyRISURERU4xLl9fVklFV1NUQVRFfX0iIFJlY29yZGVkVmFsdWU9IiIgQ29ycmVsYXRpb25CaW5kaW5nPSIiIFVybEVuY29kZT0iVHJ1ZSIgLz4NCiAgICAgICAgPEZvcm1Qb3N0UGFyYW1ldGVyIE5hbWU9Il9fU0NST0xMUE9TSVRJT05YIiBWYWx1ZT0ie3skSElEREVOMS5fX1NDUk9MTFBPU0lUSU9OWH19IiBSZWNvcmRlZFZhbHVlPSIwIiBDb3JyZWxhdGlvbkJpbmRpbmc9IiIgVXJsRW5jb2RlPSJUcnVlIiAvPg0KICAgICAgICA8Rm9ybVBvc3RQYXJhbWV0ZXIgTmFtZT0iX19TQ1JPTExQT1NJVElPTlkiIFZhbHVlPSJ7eyRISURERU4xLl9fU0NST0xMUE9TSVRJT05ZfX0iIFJlY29yZGVkVmFsdWU9IjAiIENvcnJlbGF0aW9uQmluZGluZz0iIiBVcmxFbmNvZGU9IlRydWUiIC8+DQogICAgICAgIDxGb3JtUG9zdFBhcmFtZXRlciBOYW1lPSJfX1ZJRVdTVEFURUVOQ1JZUFRFRCIgVmFsdWU9Int7JEhJRERFTjEuX19WSUVXU1RBVEVFTkNSWVBURUR9fSIgUmVjb3JkZWRWYWx1ZT0iIiBDb3JyZWxhdGlvbkJpbmRpbmc9IiIgVXJsRW5jb2RlPSJUcnVlIiAvPg0KICAgICAgICA8Rm9ybVBvc3RQYXJhbWV0ZXIgTmFtZT0iX19FVkVOVFZBTElEQVRJT04iIFZhbHVlPSJ7eyRISURERU4xLl9fRVZFTlRWQUxJREFUSU9OfX0iIFJlY29yZGVkVmFsdWU9IjBQQU5oSm5RcXRGajUyT3owdGllYkV2SWNvbEc5OWdMak44UkhucTZaVnhiVGdSNTdiWVlPYjlYOExUWmQwMG5TdEJFOE9IaHhOd09TaEN6Y0EwNmZ6ZGlSUmpKSEZUVXl2SjJlTlovbkxabUphSFBwWWhNM2hyeC9ldHg0ZURTMy9ac25QaXRkbGFUOS8zeVZSU1JobHBJZk9Yb29wNnFNcFUrT3FLZEZPaVZNMkgvTFU3c0VENmtkdGw1c3luNVFQSU81WnlzcSsrYzVVTFJDenJ5TDFaVmF5eTRXQnB6K2lIRjA2TTdyRDRwb2F5RURqMHI0U21HYXNwRWdMZ1p6a3k4WEhhd0E3M0lZdmhXZ1pMcndkNCs4YmhMQ1k2azJLdk5ZUzhGNUU4QTcyVC9OU1phRnN1a0hybXFHTDN4Y25KQjJYdksvbHFEYktGbmJ5ZVp1MTNXWWpmRUFPN2lBTkVNaEE3ZHhNRCs2d3E3N29kWHFDZUhlUG5UQjZZRlpiQ1dlYnByL05TbUxVdzc5dDZJdnBVL0JIOU81ZXpVU09nOE0xWXRZbjUrZG9UTkRVa0srcUxPVEZOVnlZekJsbllMblRLMzFEajdkdkExVThvRE1kZWVOTGNKV2lmSU44SkZBSVB5TXZCU3VBQ3lIdjZQdG1QRDBFb2pNcXhsS3ZSa3BpbEN1S1Z1d1BGWjRxTHUwdlRYQmJOVFp2a3ZhemRWT1ptOFJOeklnTXhZQTRkb29pY2xJQ09ScXNoQ20xdmF3R1Jrb3A5M1FpUWo4REwzRHRuK2Q0TzhJMlN0REl4TEMwWkx1ZlcvR0lvV09wbHNleXV4S0tGaS9IdGl3WTQvVTRpWGkvcFVtNHppUGFXRGNFbjhmRHdqekwrWE9nblpqeEdnWWxIZ2M1YSsyUDQ1Rm9Jb2lpMWJ6T0dxU2FDcUxMbndSKzdUdEx4WjBrU21SOS9GYWRaU253eVdHSEJpd1pvQUNQdUdNcXkvV21nQzN5aFpVRm1Md0FhRW9nbGJkTHErNEFkM1hTUTZGeDJIT2tBL2cvWThHem1nUkpacVQxU05lR1k3eVRXa2I5SUwzai9DMy9wazJucyszeUNBakZQZUNTKzlXSVdMUHFjYnh3WXpSV1pVS0t3ZVNpTisyQzd3R2VSbG9wQnJDNktUSHlLK3ZwdDh1cjZZbUFlZFBNOWxHb2JKYmtSK1prRUxwZktsZnFCb0cwVlNMOFZBZm1PVE1ScHQyTTMxMkprdXBkKzJkK003Q1VvK3Z4SEUyb1hSQklyK3dxTGVaN0Q2R0dLUnpWQzZqeWwyNmF2SW4wYnY4NW91SmpyazBBUkZKQURFaEpWYUNtNEFSYmE3SlQzdnB1U3U2eWVjUHFmTTZmNXF2ZXdEd3djNzBJbm1XaE1zckliaWFXdzFKdkFsdUZVTjVMV3o4WFk2Q2tJWElpRlNpZW9RTWRRUXNYa1puKzBPS0VzUnN0WCtKMnprOE1ITU9NdXlORzdWWEJhbHl5V0ZKck5SVVhqQkRsWHFMQnVVdVU4dkZNdG1LaGUwekd5YW83ZzcyV2Z2SHU3YUVSbmF4cUg1Y1FqMEpkdnY5OE1pVUlEUmtXYkRvcTgxd3ZNNUtndGdaa25CZVdMV2oyWnhHWFdEcThVVnEvbFp6MUllZ1pKODFMSW5oQkVDZ3ZMRjVnc2N1aUhlWlNZbDZRcTVNeG1sMTc1OUVtanI3NmdaNVNrZFIxZ3dibnVBcWVrc1pJTVFvM09XSHN3SFZHb1djWll1ZUNOQy9Jb0N2eVpqNS83YnBtZGhKbVdFOTF4SEt0MUVBNnFrdzFsVWZIc1o3ejNqNXBsSWRjY2FEQWJYWFdBei9mdGxndFRMYUdEOUp1SVdWcG9uekJHMU8yd1ZWUmJhMFBqakdsQ1ZiUC8zTE15emIvaEpzZDZERTZMQ05taHZPbE45bWlGc2k1OVFSeXBtQ2ROd1c5eHFHbm95UjdPY0lpZlcySWI2RGxoQUVjVUF2S2xNczkvRWs3cGQvWW44ZzZHTXkyNWhnVlM0SzlFUC9qMDR1NUladUJuekFlTit3RzBDaTVNY2RzRUpDZzBuMTNhbjljQkw0enNDM2tjZW01MHlGRFZwMnZzTEpDcGJRSzhUazAxSXFHeHBnRFJMV29IYXUySE5USWdZQWFBdkNuNXVWL0NTZ2gzMU01cnhGcDhvaFZSUTlLeE1MbDdxWUhlRW9HaStJNlZNY2RPajZWUFdRZU82WFZXZFBtd2pFRkI1SURPQUlxUTZkNkl0cjJtVmtwYU5GQ2QrSFpUV0VzNjZZY3pUd2pJMmljb1haNkdSWjQ0dUQ2Zkt1YW00Q2t0WDQ5Z1ZjQjVLcTlPc1QyeWdHVGdnTWlFSG42K01mZXRYZlNWMHJSa25yd3JTTyt2cXdqbTN0OEJ0dGl5QmlHNlRhemVRK3dIMnQ3ZWpVUE9yTW5EenQwQW1IL2ljZWdlMjhnbS9sZEhPaG5uTFZpVk9Rdm9FeitLRVJ6dEVSazhrSW93cndKc1RSQ3hRZ0VSaW41aDRwL0pMK3VVUEk1alFEWnUrdFMydTl1K0dqdkx3TEhKRWtTY0hwYTN4Y2tzTm5RUGlZa0JCUittOCtiYTBlNjlBQkRqci9ZOEVrVVJDVDNiWGR2QitRaWNCeENuQlIxc3hHcUZSQmRJT1E2elJkenRNV25sVjM3VENrOC81ZlFzZkdGVzB5UGlEVjRKM1Z3OWptWUpFdE41RnVKQ3g3UkZHWXV3WkFrMXYvOHpDaDJTczdkUStiNkI3aVlXTHhRSUpGTWdkV1hCbmVhdnBrSUJTbEg3SmFqWTRPbFg4L1ZhTTZpYVpiVlJzOE1CRWR3a0dHUk1DYmFXSDNjRDYyVkJuUTgwS3g2ekIyU3puNm5rT0N6YWk0MnFWZnJxdng4UTI3dW9SRmhGcTRZRkpFMGlrYyt5Z2FST0NZMFoyOU53NTYrTkxobDMvSDAvaW4wWVdqTEJsMFJNOFJSRWFSdG9VUzFLZ3V0dTdwVVc5d0x4OGc3amk0bjBiNG5mbllmSHFhTm5URGZZUzQ2bXd3MFJvZmxkanFXS3Qxd3BIVXV0UUlMVE0wR3B4a210M2lzbmdhb1J5aVU0Z3hmNk1ncDhpRGkrVWhva0didk42OWhsaWdEcGNmQ1crK3pVZVdzZlVOQzVWeG9paVhpeldVYyt6RmF0NDZTY1dpa2FTbVFEZmIxN2w3WUVUZ3RzVUZUSnRTN3VTd1k3ei83K00rclliWWVuc2Y0RUlCNUhjMFBiOFBqUG83bURrS1F2eXI5K3hvVTJmR0V6R0c3WmZZSlo0Z3JkK3hiczRzNHdHWm8wNHVSVU11cTBEU2UwZjdLTC95bzI2OXZQNGZ6SjJJRm5nR0ZvL2tXc3ozVXVXUjUraDV6MGZ2a1poWTBlVGt6b1QxNDhaLzBmbkREbkNsTWNaSHd0ZSsvRWhhMnIveFRFb3VzMis4amtsSE16WUt2eUlZWkFVV0NyNVd0Y1d2Z3h6V1JaV1FNcVV4dnBmczF2a1lOc3AxT0JIZWt2djlrUThhbzB1anJzK3NLNkhWUEFoeDRGRExDbUFsMjFnVjBWVFhLZVppR2FrQlgvSi9MVHEzb0R1RjBaOGlwdVUxU1VPS0Exc2t1QlpUQW9EMDZPd3VJa2x5ZUdlZ2hiU3RzN0NVd2E0WlhlQXl5NUg1YjBWQkdVOTcwa0s3b01hZXNSVXY0cnZLN24rQ3Z6SlIrUlZXRmI1T3F1d1crTHYwUjhwRHd6OExOaVV2K2Z4ZzB2NnIyRHNublU1eDgzc2p0aTRVOXgzU1drR0h5TkJ1bjNJREJzaG1WdWJKelk0Zk9DRFVpRHdUcS9zYjByYjJWcUlpWTFvWjVBOFphQzBucHFITXBBZ2dxT1diNjgrYU5yMXpseWNFL3pBKzVDSjNoUUJCSlRiZTVETktiOTlZVUZaQmtZZDBrY1RGRWczekExaFlpZmZFQTZkdUpXSmN0TlByaTRYWlE5ZG56MmxTNzduN1REUnNNQUE1VHJseThPdEc5b3oydWdyKzd6RWplK1ZGTllVM0dDSnVwV2lxaUx0S0dhZ3o3T1M3UkU3QXlxeGhyajRkL2hMV1Z1OVJJMlFOeTJid1RCMHIrZXl0Um9vTVhyOVo0ZDJFaER3VVNSZzg4WEMwek1pdUFkSUR3cFRpb0ZmbDkvT25YR2lUVzVWNmMvbWFmb0hmM09Md25wMWlieVJHcXltZjY3Q3k2N1UxQWlsR01HZ2pTVVFsbHJ0WnI0b0JPallzaFA1M29ITWxIQ1Y1eUt5Q2RVd0pVaXJNNktCMWNHVi9jNW15TjluRWFJamxLdG12Ym1NQlI3UWZSVDRiNjFOTWE3WSt3S1l5elJoOWtKb09tcXlXOElIbVpPYmxhcVJYTWZEMVFqdkRpdXVWS0UzMDg5Z0ZNckNDaHlpOERndUpCLzhmS2NQUzdvZko0TERKNGhkNXl6TSsrZUwxN3lIcUZwNUFtZXp1d3V4UXNzRndCdXAyamVoSWd1aUpheVRIUkJTQnN4dTk4RktVdWhJTkU1dzdZOXJLQzZDcGtjbWd0SUZkLytnSEdiQnFYUXVwUEZ4b3l6dU5UOG9LZHpOSTJKYmdudk1Vbm8wQmJSWElvOEdUY0VOMWQzY09BazJiOGVZTEtoK2xuSlg0dFk1cjBHU29rOVRja3ZyK3ZZZEk0elpJVnRNYXkxZVdTZzd5V2R1cHVCcDh4VGpCTFZWNVBWM0ZEKytUMVFNY2VXQU04cE9NSWJOS3ZiQnlNby9lTGxvT1FIS1dMcUxBTmVLVjhEdEJqUkJuclNrb0JDdWpWSTRSU2hXaGdoWU9IMVR1cnhEcEVNejRHNDZwRG9PNWpPMkI1Uk5xdVBCLzh4R0REYkxBV1FMTXU4alB2Y0lCVmNsRHBZWUJSZzFGK1psMHRJVkh0eXJjUlNYcXVGTmhIVVpCTHc1SU5Jd1k1bTVyUnZ0UWcwdEtyTUtkenRhSVlMZDRmOFI2RHB3RVpOamw3VzZvdktMQndOSW9OamRORWVTMUxaSWJPVURabloyK1RQZHV1d211cXp5TXZ2dVNTTGhBYjVNajlkc28wZnpWbHh0R2VWeFE2VXJaMDhaSGJZRldMQzFZNjdMQ2dLd3B2b1NjSHVXSzBzaDZYeklCSmRONjNLcENUbjJVaTVuNk10YzcxcS9pYXBWYTVyRkw5TVo3YzAraDhXRjBOeUo1RVpPZWVENHhQSFNCVVk0SlRFS1ZLNDd2aE9xWlJRbUxpRzJGWkIyWEswZDgxdVZDQStDK25ZMkJ0WEhJSEtmaWh4cnVUV3c2dVFOaWd3M3Nka2t1c2M3RjVZUWFhN3N4S2ZtZjNyMWhlSGNSQ3R2dkdFWHhBOSt4YWduRFZhNFFvQlBuVk5zaXQ0OUM1VUpTVU5xVmljUjFLSEF0RmkwNnhPaUoweWIyeUFkb2RLVzNrZmh0MTlTalNOZEc5Y2lYQ0RhTWY2b0Ixa2lDdDFINHY2c0E4Tld6ZFRRWFQ3QWg0UFdZQWJqdngxQk9VTTRCQ0hSdTZIblpMd3NJelNHYXEya3RMd1dKeklNcjVCelJRdmxNT3NJdWs3akdVNWh5T0ZrVnB2T29lUmliZlg3NGxrZmRVc1R4VFp0NnhaVk5YTkJEb0RGZG01anpNa0ovSGxJTWh0QzI2Z2h4R0RaUlZOdTJjamJ4dUJtLzhPa3NTTmt2eTVGd01DWEE5cXVRTFJuYVljNGNNcGg2TTcxOHM0R0p5Q1RRd0hmaUphOXFIMlE4VDE2MUdTaU8rUDh4MTcrNjVHM1FqWUJvWXFmczMzYWtJYkxaMkFpSmlEUWE1eE4yZDhPbVVaUW9qYjdzSUhCR3VKajRBL1Byc3lSa0JGQk9LeE1pMDJmZ0dkM3JwampjUHp5OThKZUtVWjgrbEI0WTQ4ZHJtQnEydkl4ekFUU0t2dWFEdkhJdlRGb1Z5THJnQzMxR3RybG95NDFxTHIzZHFaQlRhcnBFR0VsQVA3RFdHbnFGRUdJbk5uODlnbjBmYzlpODVQVnFiQXV3UnZSL0dGTVo2a1k5SDlmc25PaEpRVW93Wkt6WlZsU2U5Q0h6bDhpR2RIenlQZjdJRlFlM0hBa2tQaG1KdU9ZU0VoOTdTQWt5WGpXRzJXZkR0L2ZYdGFKM3N5RVZzVG5KdXBIR092eVNYT1ZSbm1MWmhOdVhXUHdoYm9FZVNWSkJ0Mk4yQjRXemE0bVdUaTNXcUZsd3Q3TGRibWVZT2k5czVtV1NTNU1WRUVRUWMvaHBmOTJWOGlScms4cjcvbENGQmpzdGxJZVc2N1ByeGh5MlorM205K2Q3SElNdUxpRE9PYkVvdmZoV3lhVW0yb0Vqc0lvZGIyZTFNS0k2NWFlVW4vUUNWTzNRdDBJSVkyaW14dnZpdFFWTkZueE40bThkOGJPa3B4bFVaSWxpNHZqRVd1S2tLelpwS3VLN0N1UTV1MGMwMkRtTmV3RlFSNUVkVDBCQjJ5KzFLQ3JnSHRxaC80ZmZCVUk4S2tmNkVuZ1RUZXFhNWt1NGlaL0Uvd3dLOVpBTWpOR0g1eTlOamhTYUJLb2R4WStBMFlYVkcxbU9uUHJnVVhsL254N283dXpURjcvSUw4V1dNaVpjcVFhVlErZEVOazN6cGs2MXJLSVJlYi96UnM3c2ZjSTltc0QxWCtwd1FMR2VKM3lnMkp5MUhuZEJrMW96cWgyR3gzUGxGKzhFYWNOSFRvYkcrbWtqc3B2V0gvYStDVGhZOUVQYXFlKy9QUFB2L1Z4NEFvMGxieHVicXZiQkoySk5GVVUrMXM5NW40SmJTd2Z3czVJV28rcUlZK1QzeDFLME1zYlNpVVNvcDVPcWhiN2lMazJHNThMWDR2d29Yc08wb3VWcFFzeTBhWXFXL1F0aFB4eStRZ3pRWi9BVGVuOG50QzB5ZU9YZDg4VWlOYTFTQlh4RTdWQ2JSMmFNY3l3N1VvNE9JM0FEQ1A5cjRrRXpjM3RzTHhSOFQvRnFvNnV1c0xHWTRhcHFlU0ZxVnhaM0M0PSIgQ29ycmVsYXRpb25CaW5kaW5nPSIiIFVybEVuY29kZT0iVHJ1ZSIgLz4NCiAgICAgICAgPEZvcm1Qb3N0UGFyYW1ldGVyIE5hbWU9Ik9URW1wSUQiIFZhbHVlPSJyYnRTaW5nbGVFbXBJRCIgUmVjb3JkZWRWYWx1ZT0icmJ0U2luZ2xlRW1wSUQiIENvcnJlbGF0aW9uQmluZGluZz0ie3tGb3JtUG9zdFBhcmFtNzguT1RFbXBJRH19IiBVcmxFbmNvZGU9IlRydWUiIC8+DQogICAgICAgIDxGb3JtUG9zdFBhcmFtZXRlciBOYW1lPSJ0eHRPVEVtcElEIiBWYWx1ZT0iMTAyMTE5IiBSZWNvcmRlZFZhbHVlPSIxMDIxMTkiIENvcnJlbGF0aW9uQmluZGluZz0ie3tGb3JtUG9zdFBhcmFtNzkudHh0T1RFbXBJRH19IiBVcmxFbmNvZGU9IlRydWUiIC8+DQogICAgICAgIDxGb3JtUG9zdFBhcmFtZXRlciBOYW1lPSJ0eHRPVEVtcE5hbWUiIFZhbHVlPSLlu5ZP576pIiBSZWNvcmRlZFZhbHVlPSLlu5ZP576pIiBDb3JyZWxhdGlvbkJpbmRpbmc9Int7Rm9ybVBvc3RQYXJhbTgwLnR4dE9URW1wTmFtZX19IiBVcmxFbmNvZGU9IlRydWUiIC8+DQogICAgICAgIDxGb3JtUG9zdFBhcmFtZXRlciBOYW1lPSJ1Y0RhdGVTdGFydCR0eHREYXRlIiBWYWx1ZT0iMjAxNy8wNS8xNiIgUmVjb3JkZWRWYWx1ZT0iMjAxNy8wNS8xNiIgQ29ycmVsYXRpb25CaW5kaW5nPSJ7e0Zvcm1Qb3N0UGFyYW04MS51Y0RhdGVTdGFydCR0eHREYXRlfX0iIFVybEVuY29kZT0iVHJ1ZSIgLz4NCiAgICAgICAgPEZvcm1Qb3N0UGFyYW1ldGVyIE5hbWU9InVjRGF0ZUVuZCR0eHREYXRlIiBWYWx1ZT0iMjAxNy8wNS8xNiIgUmVjb3JkZWRWYWx1ZT0iMjAxNy8wNS8xNiIgQ29ycmVsYXRpb25CaW5kaW5nPSJ7e0Zvcm1Qb3N0UGFyYW04Mi51Y0RhdGVFbmQkdHh0RGF0ZX19IiBVcmxFbmNvZGU9IlRydWUiIC8+DQogICAgICAgIDxGb3JtUG9zdFBhcmFtZXRlciBOYW1lPSJPVFRpbWVTdGFydCRkZGxISCIgVmFsdWU9IjAwIiBSZWNvcmRlZFZhbHVlPSIwMCIgQ29ycmVsYXRpb25CaW5kaW5nPSJ7e0Zvcm1Qb3N0UGFyYW04NS5PVFRpbWVTdGFydCRkZGxISH19IiBVcmxFbmNvZGU9IlRydWUiIC8+DQogICAgICAgIDxGb3JtUG9zdFBhcmFtZXRlciBOYW1lPSJPVFRpbWVTdGFydCRkZGxNTSIgVmFsdWU9IjAwIiBSZWNvcmRlZFZhbHVlPSIwMCIgQ29ycmVsYXRpb25CaW5kaW5nPSJ7e0Zvcm1Qb3N0UGFyYW04Ni5PVFRpbWVTdGFydCRkZGxNTX19IiBVcmxFbmNvZGU9IlRydWUiIC8+DQogICAgICAgIDxGb3JtUG9zdFBhcmFtZXRlciBOYW1lPSJPVFRpbWVFbmQkZGRsSEgiIFZhbHVlPSIwMSIgUmVjb3JkZWRWYWx1ZT0iMDEiIENvcnJlbGF0aW9uQmluZGluZz0ie3tGb3JtUG9zdFBhcmFtODcuT1RUaW1lRW5kJGRkbEhIfX0iIFVybEVuY29kZT0iVHJ1ZSIgLz4NCiAgICAgICAgPEZvcm1Qb3N0UGFyYW1ldGVyIE5hbWU9Ik9UVGltZUVuZCRkZGxNTSIgVmFsdWU9Iuiri+mBuOaThyIgUmVjb3JkZWRWYWx1ZT0i6KuL6YG45pOHIiBDb3JyZWxhdGlvbkJpbmRpbmc9Int7Rm9ybVBvc3RQYXJhbTg4Lk9UVGltZUVuZCRkZGxNTX19IiBVcmxFbmNvZGU9IlRydWUiIC8+DQogICAgICAgIDxGb3JtUG9zdFBhcmFtZXRlciBOYW1lPSJjaGtNZWFsRmxhZyIgVmFsdWU9Im9uIiBSZWNvcmRlZFZhbHVlPSJvbiIgQ29ycmVsYXRpb25CaW5kaW5nPSIiIFVybEVuY29kZT0iVHJ1ZSIgLz4NCiAgICAgICAgPEZvcm1Qb3N0UGFyYW1ldGVyIE5hbWU9InR4dE1lYWxUaW1lIiBWYWx1ZT0iMCIgUmVjb3JkZWRWYWx1ZT0iMCIgQ29ycmVsYXRpb25CaW5kaW5nPSJ7e0Zvcm1Qb3N0UGFyYW04My50eHRNZWFsVGltZX19IiBVcmxFbmNvZGU9IlRydWUiIC8+DQogICAgICAgIDxGb3JtUG9zdFBhcmFtZXRlciBOYW1lPSJkZGxPVFR5cGVJRCIgVmFsdWU9IjAiIFJlY29yZGVkVmFsdWU9IjAiIENvcnJlbGF0aW9uQmluZGluZz0ie3tGb3JtUG9zdFBhcmFtODkuZGRsT1RUeXBlSUR9fSIgVXJsRW5jb2RlPSJUcnVlIiAvPg0KICAgICAgICA8Rm9ybVBvc3RQYXJhbWV0ZXIgTmFtZT0idHh0T1RSZWFzb25NZW1vJHR4dERhdGEiIFZhbHVlPSIiIFJlY29yZGVkVmFsdWU9IiIgQ29ycmVsYXRpb25CaW5kaW5nPSIiIFVybEVuY29kZT0iVHJ1ZSIgLz4NCiAgICAgICAgPEZvcm1Qb3N0UGFyYW1ldGVyIE5hbWU9ImRkbE9yZyIgVmFsdWU9IjEiIFJlY29yZGVkVmFsdWU9IjEiIENvcnJlbGF0aW9uQmluZGluZz0ie3tGb3JtUG9zdFBhcmFtOTAuZGRsT3JnfX0iIFVybEVuY29kZT0iVHJ1ZSIgLz4NCiAgICAgICAgPEZvcm1Qb3N0UGFyYW1ldGVyIE5hbWU9InVjQ2FzY2FkaW5nRHJvcERvd24xJGRkbDAyIiBWYWx1ZT0iMDAwRzAwIiBSZWNvcmRlZFZhbHVlPSIwMDBHMDAiIENvcnJlbGF0aW9uQmluZGluZz0ie3tGb3JtUG9zdFBhcmFtOTEudWNDYXNjYWRpbmdEcm9wRG93bjEkZGRsMDJ9fSIgVXJsRW5jb2RlPSJUcnVlIiAvPg0KICAgICAgICA8Rm9ybVBvc3RQYXJhbWV0ZXIgTmFtZT0idWNDYXNjYWRpbmdEcm9wRG93bjEkZGRsMDMiIFZhbHVlPSIwMDBHOTAiIFJlY29yZGVkVmFsdWU9IjAwMEc5MCIgQ29ycmVsYXRpb25CaW5kaW5nPSJ7e0Zvcm1Qb3N0UGFyYW05Mi51Y0Nhc2NhZGluZ0Ryb3BEb3duMSRkZGwwM319IiBVcmxFbmNvZGU9IlRydWUiIC8+DQogICAgICAgIDxGb3JtUG9zdFBhcmFtZXRlciBOYW1lPSJ1Y0Nhc2NhZGluZ0Ryb3BEb3duMSRkZGwwNCIgVmFsdWU9IiIgUmVjb3JkZWRWYWx1ZT0iIiBDb3JyZWxhdGlvbkJpbmRpbmc9IiIgVXJsRW5jb2RlPSJUcnVlIiAvPg0KICAgICAgICA8Rm9ybVBvc3RQYXJhbWV0ZXIgTmFtZT0idWNDYXNjYWRpbmdEcm9wRG93bjEkQ2FzY2FkaW5nRHJvcERvd24xX0NsaWVudFN0YXRlIiBWYWx1ZT0iU1BIQksxOjo65rC46LGQ6YqA6KGMOjo6IiBSZWNvcmRlZFZhbHVlPSJTUEhCSzE6OjrmsLjosZDpioDooYw6OjoiIENvcnJlbGF0aW9uQmluZGluZz0iIiBVcmxFbmNvZGU9IlRydWUiIC8+DQogICAgICAgIDxGb3JtUG9zdFBhcmFtZXRlciBOYW1lPSJ1Y0Nhc2NhZGluZ0Ryb3BEb3duMSRDYXNjYWRpbmdEcm9wRG93bjJfQ2xpZW50U3RhdGUiIFZhbHVlPSIwMDBHMDA6Ojrkurrlipvos4fmupDomZU6OjoiIFJlY29yZGVkVmFsdWU9IjAwMEcwMDo6OuS6uuWKm+izh+a6kOiZlTo6OiIgQ29ycmVsYXRpb25CaW5kaW5nPSIiIFVybEVuY29kZT0iVHJ1ZSIgLz4NCiAgICAgICAgPEZvcm1Qb3N0UGFyYW1ldGVyIE5hbWU9InVjQ2FzY2FkaW5nRHJvcERvd24xJENhc2NhZGluZ0Ryb3BEb3duM19DbGllbnRTdGF0ZSIgVmFsdWU9IjAwMEc5MDo6OuS6uuizh+aVuOaTmuaHieeUqOenkTo6OiIgUmVjb3JkZWRWYWx1ZT0iMDAwRzkwOjo65Lq66LOH5pW45pOa5oeJ55So56eROjo6IiBDb3JyZWxhdGlvbkJpbmRpbmc9IiIgVXJsRW5jb2RlPSJUcnVlIiAvPg0KICAgICAgICA8Rm9ybVBvc3RQYXJhbWV0ZXIgTmFtZT0idWNDYXNjYWRpbmdEcm9wRG93bjEkQ2FzY2FkaW5nRHJvcERvd240X0NsaWVudFN0YXRlIiBWYWx1ZT0ie3skSElEREVOMS51Y0Nhc2NhZGluZ0Ryb3BEb3duMSRDYXNjYWRpbmdEcm9wRG93bjRfQ2xpZW50U3RhdGV9fSIgUmVjb3JkZWRWYWx1ZT0iOjo6Ojo6IiBDb3JyZWxhdGlvbkJpbmRpbmc9IiIgVXJsRW5jb2RlPSJUcnVlIiAvPg0KICAgICAgICA8Rm9ybVBvc3RQYXJhbWV0ZXIgTmFtZT0idWNDYXNjYWRpbmdEcm9wRG93bjEkQ2FzY2FkaW5nRHJvcERvd241X0NsaWVudFN0YXRlIiBWYWx1ZT0ie3skSElEREVOMS51Y0Nhc2NhZGluZ0Ryb3BEb3duMSRDYXNjYWRpbmdEcm9wRG93bjVfQ2xpZW50U3RhdGV9fSIgUmVjb3JkZWRWYWx1ZT0iIiBDb3JyZWxhdGlvbkJpbmRpbmc9IiIgVXJsRW5jb2RlPSJUcnVlIiAvPg0KICAgICAgICA8Rm9ybVBvc3RQYXJhbWV0ZXIgTmFtZT0idWNDYXNjYWRpbmdEcm9wRG93bjIkQ2FzY2FkaW5nRHJvcERvd24xX0NsaWVudFN0YXRlIiBWYWx1ZT0ie3skSElEREVOMS51Y0Nhc2NhZGluZ0Ryb3BEb3duMiRDYXNjYWRpbmdEcm9wRG93bjFfQ2xpZW50U3RhdGV9fSIgUmVjb3JkZWRWYWx1ZT0iOjo6Ojo6IiBDb3JyZWxhdGlvbkJpbmRpbmc9IiIgVXJsRW5jb2RlPSJUcnVlIiAvPg0KICAgICAgICA8Rm9ybVBvc3RQYXJhbWV0ZXIgTmFtZT0idWNDYXNjYWRpbmdEcm9wRG93bjIkQ2FzY2FkaW5nRHJvcERvd24yX0NsaWVudFN0YXRlIiBWYWx1ZT0ie3skSElEREVOMS51Y0Nhc2NhZGluZ0Ryb3BEb3duMiRDYXNjYWRpbmdEcm9wRG93bjJfQ2xpZW50U3RhdGV9fSIgUmVjb3JkZWRWYWx1ZT0iOjo6Ojo6IiBDb3JyZWxhdGlvbkJpbmRpbmc9IiIgVXJsRW5jb2RlPSJUcnVlIiAvPg0KICAgICAgICA8Rm9ybVBvc3RQYXJhbWV0ZXIgTmFtZT0idWNDYXNjYWRpbmdEcm9wRG93bjIkQ2FzY2FkaW5nRHJvcERvd24zX0NsaWVudFN0YXRlIiBWYWx1ZT0ie3skSElEREVOMS51Y0Nhc2NhZGluZ0Ryb3BEb3duMiRDYXNjYWRpbmdEcm9wRG93bjNfQ2xpZW50U3RhdGV9fSIgUmVjb3JkZWRWYWx1ZT0iOjo6Ojo6IiBDb3JyZWxhdGlvbkJpbmRpbmc9IiIgVXJsRW5jb2RlPSJUcnVlIiAvPg0KICAgICAgICA8Rm9ybVBvc3RQYXJhbWV0ZXIgTmFtZT0idWNDYXNjYWRpbmdEcm9wRG93bjIkQ2FzY2FkaW5nRHJvcERvd240X0NsaWVudFN0YXRlIiBWYWx1ZT0ie3skSElEREVOMS51Y0Nhc2NhZGluZ0Ryb3BEb3duMiRDYXNjYWRpbmdEcm9wRG93bjRfQ2xpZW50U3RhdGV9fSIgUmVjb3JkZWRWYWx1ZT0iIiBDb3JyZWxhdGlvbkJpbmRpbmc9IiIgVXJsRW5jb2RlPSJUcnVlIiAvPg0KICAgICAgICA8Rm9ybVBvc3RQYXJhbWV0ZXIgTmFtZT0idWNDYXNjYWRpbmdEcm9wRG93bjIkQ2FzY2FkaW5nRHJvcERvd241X0NsaWVudFN0YXRlIiBWYWx1ZT0ie3skSElEREVOMS51Y0Nhc2NhZGluZ0Ryb3BEb3duMiRDYXNjYWRpbmdEcm9wRG93bjVfQ2xpZW50U3RhdGV9fSIgUmVjb3JkZWRWYWx1ZT0iIiBDb3JyZWxhdGlvbkJpbmRpbmc9IiIgVXJsRW5jb2RlPSJUcnVlIiAvPg0KICAgICAgICA8Rm9ybVBvc3RQYXJhbWV0ZXIgTmFtZT0iZnJhbWVBdHRhY2giIFZhbHVlPSIvVXRpbC9BdHRhY2hBZG1pbi5hc3B4P0F0dGFjaERCPUFhdHRlbmRhbnREQl9JVFJEJmFtcDtBdHRhY2hJRD10ZXN0MTAyMTE5ZDc5MmRkYzgtMWYwYy00YmU2LWJhMDYtMWJkNTI4MGNiMjlhJmFtcDtBdHRhY2hGaWxlTWF4UXR5PTEmYW1wO0F0dGFjaEZpbGVNYXhLQj0zMDcyJmFtcDtBdHRhY2hGaWxlVG90S0I9MzA3MiZhbXA7QXR0YWNoRmlsZUV4dExpc3Q9IiBSZWNvcmRlZFZhbHVlPSIvVXRpbC9BdHRhY2hBZG1pbi5hc3B4P0F0dGFjaERCPUFhdHRlbmRhbnREQl9JVFJEJmFtcDtBdHRhY2hJRD10ZXN0MTAyMTE5ZDc5MmRkYzgtMWYwYy00YmU2LWJhMDYtMWJkNTI4MGNiMjlhJmFtcDtBdHRhY2hGaWxlTWF4UXR5PTEmYW1wO0F0dGFjaEZpbGVNYXhLQj0zMDcyJmFtcDtBdHRhY2hGaWxlVG90S0I9MzA3MiZhbXA7QXR0YWNoRmlsZUV4dExpc3Q9IiBDb3JyZWxhdGlvbkJpbmRpbmc9IiIgVXJsRW5jb2RlPSJUcnVlIiAvPg0KICAgICAgICA8Rm9ybVBvc3RQYXJhbWV0ZXIgTmFtZT0idWNNb2RhbFBvcHVwMSRDbGllbnRXaWR0aCIgVmFsdWU9Int7JEhJRERFTjEudWNNb2RhbFBvcHVwMSRDbGllbnRXaWR0aH19IiBSZWNvcmRlZFZhbHVlPSIwIiBDb3JyZWxhdGlvbkJpbmRpbmc9IiIgVXJsRW5jb2RlPSJUcnVlIiAvPg0KICAgICAgICA8Rm9ybVBvc3RQYXJhbWV0ZXIgTmFtZT0idWNNb2RhbFBvcHVwMSRDbGllbnRIZWlnaHQiIFZhbHVlPSJ7eyRISURERU4xLnVjTW9kYWxQb3B1cDEkQ2xpZW50SGVpZ2h0fX0iIFJlY29yZGVkVmFsdWU9IjAiIENvcnJlbGF0aW9uQmluZGluZz0iIiBVcmxFbmNvZGU9IlRydWUiIC8+DQogICAgICAgIDxGb3JtUG9zdFBhcmFtZXRlciBOYW1lPSJoaWRkZW5JbnB1dFRvVXBkYXRlQVRCdWZmZXJfQ29tbW9uVG9vbGtpdFNjcmlwdHMiIFZhbHVlPSIwIiBSZWNvcmRlZFZhbHVlPSIwIiBDb3JyZWxhdGlvbkJpbmRpbmc9Int7Rm9ybVBvc3RQYXJhbTkzLmhpZGRlbklucHV0VG9VcGRhdGVBVEJ1ZmZlcl9Db21tb25Ub29sa2l0U2NyaXB0c319IiBVcmxFbmNvZGU9IlRydWUiIC8+DQogICAgICA8L0Zvcm1Qb3N0SHR0cEJvZHk+DQogICAgPC9SZXF1ZXN0Pg0KICAgIDxSZXF1ZXN0IE1ldGhvZD0iUE9TVCIgR3VpZD0iZGYxZDk5M2EtYzU0MS00YTg1LWJmYWMtYTk1YjY0N2NmNTc3IiBWZXJzaW9uPSIxLjEiIFVybD0iaHR0cDovLzEwLjExLjM2LjExNDo4MDA3L092ZXJUaW1lL092ZXJ0aW1lUHJlT3JkZXJfQWRkLmFzcHgiIFRoaW5rVGltZT0iMCIgVGltZW91dD0iMzAwIiBQYXJzZURlcGVuZGVudFJlcXVlc3RzPSJUcnVlIiBGb2xsb3dSZWRpcmVjdHM9IlRydWUiIFJlY29yZFJlc3VsdD0iVHJ1ZSIgQ2FjaGU9IkZhbHNlIiBSZXNwb25zZVRpbWVHb2FsPSIwIiBFbmNvZGluZz0idXRmLTgiIEV4cGVjdGVkSHR0cFN0YXR1c0NvZGU9IjAiIEV4cGVjdGVkUmVzcG9uc2VVcmw9IiIgUmVwb3J0aW5nTmFtZT0iIiBJZ25vcmVIdHRwU3RhdHVzQ29kZT0iRmFsc2UiPg0KICAgICAgPEV4dHJhY3Rpb25SdWxlcz4NCiAgICAgICAgPEV4dHJhY3Rpb25SdWxlIENsYXNzbmFtZT0iTWljcm9zb2Z0LlZpc3VhbFN0dWRpby5UZXN0VG9vbHMuV2ViVGVzdGluZy5SdWxlcy5FeHRyYWN0SGlkZGVuRmllbGRzLCBNaWNyb3NvZnQuVmlzdWFsU3R1ZGlvLlF1YWxpdHlUb29scy5XZWJUZXN0RnJhbWV3b3JrLCBWZXJzaW9uPTEwLjAuMC4wLCBDdWx0dXJlPW5ldXRyYWwsIFB1YmxpY0tleVRva2VuPWIwM2Y1ZjdmMTFkNTBhM2EiIFZhcmlhYmxlTmFtZT0iMSIgRGlzcGxheU5hbWU9IuaTt+WPlumaseiXj+ashOS9jSIgRGVzY3JpcHRpb249IuaTt+WPluWbnuaHieS4reeahOaJgOaciemaseiXj+ashOS9je+8jOS4puWwh+Wug+WAkeaUvuWcqOa4rOippuWFp+WuueS4reOAgiI+DQogICAgICAgICAgPFJ1bGVQYXJhbWV0ZXJzPg0KICAgICAgICAgICAgPFJ1bGVQYXJhbWV0ZXIgTmFtZT0iUmVxdWlyZWQiIFZhbHVlPSJUcnVlIiAvPg0KICAgICAgICAgICAgPFJ1bGVQYXJhbWV0ZXIgTmFtZT0iSHRtbERlY29kZSIgVmFsdWU9IlRydWUiIC8+DQogICAgICAgICAgPC9SdWxlUGFyYW1ldGVycz4NCiAgICAgICAgPC9FeHRyYWN0aW9uUnVsZT4NCiAgICAgIDwvRXh0cmFjdGlvblJ1bGVzPg0KICAgICAgPENvcnJlbGF0aW9uRXh0cmFjdGlvblJ1bGVzPg0KICAgICAgICA8RXh0cmFjdGlvblJ1bGUgQ2xhc3NuYW1lPSJNaWNyb3NvZnQuVmlzdWFsU3R1ZGlvLlRlc3RUb29scy5XZWJUZXN0aW5nLlJ1bGVzLkV4dHJhY3RGb3JtRmllbGQsIE1pY3Jvc29mdC5WaXN1YWxTdHVkaW8uUXVhbGl0eVRvb2xzLldlYlRlc3RGcmFtZXdvcmssIFZlcnNpb249MTAuMC4wLjAsIEN1bHR1cmU9bmV1dHJhbCwgUHVibGljS2V5VG9rZW49YjAzZjVmN2YxMWQ1MGEzYSIgVmFyaWFibGVOYW1lPSJGb3JtUG9zdFBhcmFtNDcuYnRuVGVtcFNhdmUiIERpc3BsYXlOYW1lPSIiIERlc2NyaXB0aW9uPSIiPg0KICAgICAgICAgIDxSdWxlUGFyYW1ldGVycz4NCiAgICAgICAgICAgIDxSdWxlUGFyYW1ldGVyIE5hbWU9Ik5hbWUiIFZhbHVlPSJidG5UZW1wU2F2ZSIgLz4NCiAgICAgICAgICAgIDxSdWxlUGFyYW1ldGVyIE5hbWU9Ikh0bWxEZWNvZGUiIFZhbHVlPSJUcnVlIiAvPg0KICAgICAgICAgICAgPFJ1bGVQYXJhbWV0ZXIgTmFtZT0iUmVxdWlyZWQiIFZhbHVlPSJGYWxzZSIgLz4NCiAgICAgICAgICAgIDxSdWxlUGFyYW1ldGVyIE5hbWU9IkluZGV4IiBWYWx1ZT0iMCIgLz4NCiAgICAgICAgICA8L1J1bGVQYXJhbWV0ZXJzPg0KICAgICAgICA8L0V4dHJhY3Rpb25SdWxlPg0KICAgICAgICA8RXh0cmFjdGlvblJ1bGUgQ2xhc3NuYW1lPSJNaWNyb3NvZnQuVmlzdWFsU3R1ZGlvLlRlc3RUb29scy5XZWJUZXN0aW5nLlJ1bGVzLkV4dHJhY3RGb3JtRmllbGQsIE1pY3Jvc29mdC5WaXN1YWxTdHVkaW8uUXVhbGl0eVRvb2xzLldlYlRlc3RGcmFtZXdvcmssIFZlcnNpb249MTAuMC4wLjAsIEN1bHR1cmU9bmV1dHJhbCwgUHVibGljS2V5VG9rZW49YjAzZjVmN2YxMWQ1MGEzYSIgVmFyaWFibGVOYW1lPSJGb3JtUG9zdFBhcmFtNDguT1RFbXBJRCIgRGlzcGxheU5hbWU9IiIgRGVzY3JpcHRpb249IiI+DQogICAgICAgICAgPFJ1bGVQYXJhbWV0ZXJzPg0KICAgICAgICAgICAgPFJ1bGVQYXJhbWV0ZXIgTmFtZT0iTmFtZSIgVmFsdWU9InJidFNpbmdsZUVtcElEIiAvPg0KICAgICAgICAgICAgPFJ1bGVQYXJhbWV0ZXIgTmFtZT0iSHRtbERlY29kZSIgVmFsdWU9IlRydWUiIC8+DQogICAgICAgICAgICA8UnVsZVBhcmFtZXRlciBOYW1lPSJSZXF1aXJlZCIgVmFsdWU9IkZhbHNlIiAvPg0KICAgICAgICAgICAgPFJ1bGVQYXJhbWV0ZXIgTmFtZT0iSW5kZXgiIFZhbHVlPSIwIiAvPg0KICAgICAgICAgIDwvUnVsZVBhcmFtZXRlcnM+DQogICAgICAgIDwvRXh0cmFjdGlvblJ1bGU+DQogICAgICAgIDxFeHRyYWN0aW9uUnVsZSBDbGFzc25hbWU9Ik1pY3Jvc29mdC5WaXN1YWxTdHVkaW8uVGVzdFRvb2xzLldlYlRlc3RpbmcuUnVsZXMuRXh0cmFjdEZvcm1GaWVsZCwgTWljcm9zb2Z0LlZpc3VhbFN0dWRpby5RdWFsaXR5VG9vbHMuV2ViVGVzdEZyYW1ld29yaywgVmVyc2lvbj0xMC4wLjAuMCwgQ3VsdHVyZT1uZXV0cmFsLCBQdWJsaWNLZXlUb2tlbj1iMDNmNWY3ZjExZDUwYTNhIiBWYXJpYWJsZU5hbWU9IkZvcm1Qb3N0UGFyYW00OS50eHRPVEVtcElEIiBEaXNwbGF5TmFtZT0iIiBEZXNjcmlwdGlvbj0iIj4NCiAgICAgICAgICA8UnVsZVBhcmFtZXRlcnM+DQogICAgICAgICAgICA8UnVsZVBhcmFtZXRlciBOYW1lPSJOYW1lIiBWYWx1ZT0idHh0T1RFbXBJRCIgLz4NCiAgICAgICAgICAgIDxSdWxlUGFyYW1ldGVyIE5hbWU9Ikh0bWxEZWNvZGUiIFZhbHVlPSJUcnVlIiAvPg0KICAgICAgICAgICAgPFJ1bGVQYXJhbWV0ZXIgTmFtZT0iUmVxdWlyZWQiIFZhbHVlPSJGYWxzZSIgLz4NCiAgICAgICAgICAgIDxSdWxlUGFyYW1ldGVyIE5hbWU9IkluZGV4IiBWYWx1ZT0iMCIgLz4NCiAgICAgICAgICA8L1J1bGVQYXJhbWV0ZXJzPg0KICAgICAgICA8L0V4dHJhY3Rpb25SdWxlPg0KICAgICAgICA8RXh0cmFjdGlvblJ1bGUgQ2xhc3NuYW1lPSJNaWNyb3NvZnQuVmlzdWFsU3R1ZGlvLlRlc3RUb29scy5XZWJUZXN0aW5nLlJ1bGVzLkV4dHJhY3RGb3JtRmllbGQsIE1pY3Jvc29mdC5WaXN1YWxTdHVkaW8uUXVhbGl0eVRvb2xzLldlYlRlc3RGcmFtZXdvcmssIFZlcnNpb249MTAuMC4wLjAsIEN1bHR1cmU9bmV1dHJhbCwgUHVibGljS2V5VG9rZW49YjAzZjVmN2YxMWQ1MGEzYSIgVmFyaWFibGVOYW1lPSJGb3JtUG9zdFBhcmFtNTAudHh0T1RFbXBOYW1lIiBEaXNwbGF5TmFtZT0iIiBEZXNjcmlwdGlvbj0iIj4NCiAgICAgICAgICA8UnVsZVBhcmFtZXRlcnM+DQogICAgICAgICAgICA8UnVsZVBhcmFtZXRlciBOYW1lPSJOYW1lIiBWYWx1ZT0idHh0T1RFbXBOYW1lIiAvPg0KICAgICAgICAgICAgPFJ1bGVQYXJhbWV0ZXIgTmFtZT0iSHRtbERlY29kZSIgVmFsdWU9IlRydWUiIC8+DQogICAgICAgICAgICA8UnVsZVBhcmFtZXRlciBOYW1lPSJSZXF1aXJlZCIgVmFsdWU9IkZhbHNlIiAvPg0KICAgICAgICAgICAgPFJ1bGVQYXJhbWV0ZXIgTmFtZT0iSW5kZXgiIFZhbHVlPSIwIiAvPg0KICAgICAgICAgIDwvUnVsZVBhcmFtZXRlcnM+DQogICAgICAgIDwvRXh0cmFjdGlvblJ1bGU+DQogICAgICAgIDxFeHRyYWN0aW9uUnVsZSBDbGFzc25hbWU9Ik1pY3Jvc29mdC5WaXN1YWxTdHVkaW8uVGVzdFRvb2xzLldlYlRlc3RpbmcuUnVsZXMuRXh0cmFjdEZvcm1GaWVsZCwgTWljcm9zb2Z0LlZpc3VhbFN0dWRpby5RdWFsaXR5VG9vbHMuV2ViVGVzdEZyYW1ld29yaywgVmVyc2lvbj0xMC4wLjAuMCwgQ3VsdHVyZT1uZXV0cmFsLCBQdWJsaWNLZXlUb2tlbj1iMDNmNWY3ZjExZDUwYTNhIiBWYXJpYWJsZU5hbWU9IkZvcm1Qb3N0UGFyYW01MS51Y0RhdGVTdGFydCR0eHREYXRlIiBEaXNwbGF5TmFtZT0iIiBEZXNjcmlwdGlvbj0iIj4NCiAgICAgICAgICA8UnVsZVBhcmFtZXRlcnM+DQogICAgICAgICAgICA8UnVsZVBhcmFtZXRlciBOYW1lPSJOYW1lIiBWYWx1ZT0idWNEYXRlU3RhcnRfdHh0RGF0ZSIgLz4NCiAgICAgICAgICAgIDxSdWxlUGFyYW1ldGVyIE5hbWU9Ikh0bWxEZWNvZGUiIFZhbHVlPSJUcnVlIiAvPg0KICAgICAgICAgICAgPFJ1bGVQYXJhbWV0ZXIgTmFtZT0iUmVxdWlyZWQiIFZhbHVlPSJGYWxzZSIgLz4NCiAgICAgICAgICAgIDxSdWxlUGFyYW1ldGVyIE5hbWU9IkluZGV4IiBWYWx1ZT0iMCIgLz4NCiAgICAgICAgICA8L1J1bGVQYXJhbWV0ZXJzPg0KICAgICAgICA8L0V4dHJhY3Rpb25SdWxlPg0KICAgICAgICA8RXh0cmFjdGlvblJ1bGUgQ2xhc3NuYW1lPSJNaWNyb3NvZnQuVmlzdWFsU3R1ZGlvLlRlc3RUb29scy5XZWJUZXN0aW5nLlJ1bGVzLkV4dHJhY3RGb3JtRmllbGQsIE1pY3Jvc29mdC5WaXN1YWxTdHVkaW8uUXVhbGl0eVRvb2xzLldlYlRlc3RGcmFtZXdvcmssIFZlcnNpb249MTAuMC4wLjAsIEN1bHR1cmU9bmV1dHJhbCwgUHVibGljS2V5VG9rZW49YjAzZjVmN2YxMWQ1MGEzYSIgVmFyaWFibGVOYW1lPSJGb3JtUG9zdFBhcmFtNTIudWNEYXRlRW5kJHR4dERhdGUiIERpc3BsYXlOYW1lPSIiIERlc2NyaXB0aW9uPSIiPg0KICAgICAgICAgIDxSdWxlUGFyYW1ldGVycz4NCiAgICAgICAgICAgIDxSdWxlUGFyYW1ldGVyIE5hbWU9Ik5hbWUiIFZhbHVlPSJ1Y0RhdGVFbmRfdHh0RGF0ZSIgLz4NCiAgICAgICAgICAgIDxSdWxlUGFyYW1ldGVyIE5hbWU9Ikh0bWxEZWNvZGUiIFZhbHVlPSJUcnVlIiAvPg0KICAgICAgICAgICAgPFJ1bGVQYXJhbWV0ZXIgTmFtZT0iUmVxdWlyZWQiIFZhbHVlPSJGYWxzZSIgLz4NCiAgICAgICAgICAgIDxSdWxlUGFyYW1ldGVyIE5hbWU9IkluZGV4IiBWYWx1ZT0iMCIgLz4NCiAgICAgICAgICA8L1J1bGVQYXJhbWV0ZXJzPg0KICAgICAgICA8L0V4dHJhY3Rpb25SdWxlPg0KICAgICAgICA8RXh0cmFjdGlvblJ1bGUgQ2xhc3NuYW1lPSJNaWNyb3NvZnQuVmlzdWFsU3R1ZGlvLlRlc3RUb29scy5XZWJUZXN0aW5nLlJ1bGVzLkV4dHJhY3RUZXh0LCBNaWNyb3NvZnQuVmlzdWFsU3R1ZGlvLlF1YWxpdHlUb29scy5XZWJUZXN0RnJhbWV3b3JrLCBWZXJzaW9uPTEwLjAuMC4wLCBDdWx0dXJlPW5ldXRyYWwsIFB1YmxpY0tleVRva2VuPWIwM2Y1ZjdmMTFkNTBhM2EiIFZhcmlhYmxlTmFtZT0iRm9ybVBvc3RQYXJhbTUzLk9UVGltZVN0YXJ0JGRkbEhIIiBEaXNwbGF5TmFtZT0iIiBEZXNjcmlwdGlvbj0iIj4NCiAgICAgICAgICA8UnVsZVBhcmFtZXRlcnM+DQogICAgICAgICAgICA8UnVsZVBhcmFtZXRlciBOYW1lPSJTdGFydHNXaXRoIiBWYWx1ZT0ibHVlPSZxdW90OyIgLz4NCiAgICAgICAgICAgIDxSdWxlUGFyYW1ldGVyIE5hbWU9IkVuZHNXaXRoIiBWYWx1ZT0iJnF1b3Q7Jmd0OzAwJmx0OyIgLz4NCiAgICAgICAgICAgIDxSdWxlUGFyYW1ldGVyIE5hbWU9IkluZGV4IiBWYWx1ZT0iMzAiIC8+DQogICAgICAgICAgICA8UnVsZVBhcmFtZXRlciBOYW1lPSJJZ25vcmVDYXNlIiBWYWx1ZT0iRmFsc2UiIC8+DQogICAgICAgICAgICA8UnVsZVBhcmFtZXRlciBOYW1lPSJVc2VSZWd1bGFyRXhwcmVzc2lvbiIgVmFsdWU9IkZhbHNlIiAvPg0KICAgICAgICAgICAgPFJ1bGVQYXJhbWV0ZXIgTmFtZT0iSHRtbERlY29kZSIgVmFsdWU9IlRydWUiIC8+DQogICAgICAgICAgICA8UnVsZVBhcmFtZXRlciBOYW1lPSJSZXF1aXJlZCIgVmFsdWU9IkZhbHNlIiAvPg0KICAgICAgICAgIDwvUnVsZVBhcmFtZXRlcnM+DQogICAgICAgIDwvRXh0cmFjdGlvblJ1bGU+DQogICAgICAgIDxFeHRyYWN0aW9uUnVsZSBDbGFzc25hbWU9Ik1pY3Jvc29mdC5WaXN1YWxTdHVkaW8uVGVzdFRvb2xzLldlYlRlc3RpbmcuUnVsZXMuRXh0cmFjdFRleHQsIE1pY3Jvc29mdC5WaXN1YWxTdHVkaW8uUXVhbGl0eVRvb2xzLldlYlRlc3RGcmFtZXdvcmssIFZlcnNpb249MTAuMC4wLjAsIEN1bHR1cmU9bmV1dHJhbCwgUHVibGljS2V5VG9rZW49YjAzZjVmN2YxMWQ1MGEzYSIgVmFyaWFibGVOYW1lPSJGb3JtUG9zdFBhcmFtNTQuT1RUaW1lU3RhcnQkZGRsTU0iIERpc3BsYXlOYW1lPSIiIERlc2NyaXB0aW9uPSIiPg0KICAgICAgICAgIDxSdWxlUGFyYW1ldGVycz4NCiAgICAgICAgICAgIDxSdWxlUGFyYW1ldGVyIE5hbWU9IlN0YXJ0c1dpdGgiIFZhbHVlPSJsdWU9JnF1b3Q7IiAvPg0KICAgICAgICAgICAgPFJ1bGVQYXJhbWV0ZXIgTmFtZT0iRW5kc1dpdGgiIFZhbHVlPSImcXVvdDsmZ3Q7MDAmbHQ7IiAvPg0KICAgICAgICAgICAgPFJ1bGVQYXJhbWV0ZXIgTmFtZT0iSW5kZXgiIFZhbHVlPSIzMCIgLz4NCiAgICAgICAgICAgIDxSdWxlUGFyYW1ldGVyIE5hbWU9Iklnbm9yZUNhc2UiIFZhbHVlPSJGYWxzZSIgLz4NCiAgICAgICAgICAgIDxSdWxlUGFyYW1ldGVyIE5hbWU9IlVzZVJlZ3VsYXJFeHByZXNzaW9uIiBWYWx1ZT0iRmFsc2UiIC8+DQogICAgICAgICAgICA8UnVsZVBhcmFtZXRlciBOYW1lPSJIdG1sRGVjb2RlIiBWYWx1ZT0iVHJ1ZSIgLz4NCiAgICAgICAgICAgIDxSdWxlUGFyYW1ldGVyIE5hbWU9IlJlcXVpcmVkIiBWYWx1ZT0iRmFsc2UiIC8+DQogICAgICAgICAgPC9SdWxlUGFyYW1ldGVycz4NCiAgICAgICAgPC9FeHRyYWN0aW9uUnVsZT4NCiAgICAgICAgPEV4dHJhY3Rpb25SdWxlIENsYXNzbmFtZT0iTWljcm9zb2Z0LlZpc3VhbFN0dWRpby5UZXN0VG9vbHMuV2ViVGVzdGluZy5SdWxlcy5FeHRyYWN0VGV4dCwgTWljcm9zb2Z0LlZpc3VhbFN0dWRpby5RdWFsaXR5VG9vbHMuV2ViVGVzdEZyYW1ld29yaywgVmVyc2lvbj0xMC4wLjAuMCwgQ3VsdHVyZT1uZXV0cmFsLCBQdWJsaWNLZXlUb2tlbj1iMDNmNWY3ZjExZDUwYTNhIiBWYXJpYWJsZU5hbWU9IkZvcm1Qb3N0UGFyYW01NS5PVFRpbWVFbmQkZGRsSEgiIERpc3BsYXlOYW1lPSIiIERlc2NyaXB0aW9uPSIiPg0KICAgICAgICAgIDxSdWxlUGFyYW1ldGVycz4NCiAgICAgICAgICAgIDxSdWxlUGFyYW1ldGVyIE5hbWU9IlN0YXJ0c1dpdGgiIFZhbHVlPSJsdWU9JnF1b3Q7IiAvPg0KICAgICAgICAgICAgPFJ1bGVQYXJhbWV0ZXIgTmFtZT0iRW5kc1dpdGgiIFZhbHVlPSImcXVvdDsmZ3Q7MDEmbHQ7IiAvPg0KICAgICAgICAgICAgPFJ1bGVQYXJhbWV0ZXIgTmFtZT0iSW5kZXgiIFZhbHVlPSIzMSIgLz4NCiAgICAgICAgICAgIDxSdWxlUGFyYW1ldGVyIE5hbWU9Iklnbm9yZUNhc2UiIFZhbHVlPSJGYWxzZSIgLz4NCiAgICAgICAgICAgIDxSdWxlUGFyYW1ldGVyIE5hbWU9IlVzZVJlZ3VsYXJFeHByZXNzaW9uIiBWYWx1ZT0iRmFsc2UiIC8+DQogICAgICAgICAgICA8UnVsZVBhcmFtZXRlciBOYW1lPSJIdG1sRGVjb2RlIiBWYWx1ZT0iVHJ1ZSIgLz4NCiAgICAgICAgICAgIDxSdWxlUGFyYW1ldGVyIE5hbWU9IlJlcXVpcmVkIiBWYWx1ZT0iRmFsc2UiIC8+DQogICAgICAgICAgPC9SdWxlUGFyYW1ldGVycz4NCiAgICAgICAgPC9FeHRyYWN0aW9uUnVsZT4NCiAgICAgICAgPEV4dHJhY3Rpb25SdWxlIENsYXNzbmFtZT0iTWljcm9zb2Z0LlZpc3VhbFN0dWRpby5UZXN0VG9vbHMuV2ViVGVzdGluZy5SdWxlcy5FeHRyYWN0VGV4dCwgTWljcm9zb2Z0LlZpc3VhbFN0dWRpby5RdWFsaXR5VG9vbHMuV2ViVGVzdEZyYW1ld29yaywgVmVyc2lvbj0xMC4wLjAuMCwgQ3VsdHVyZT1uZXV0cmFsLCBQdWJsaWNLZXlUb2tlbj1iMDNmNWY3ZjExZDUwYTNhIiBWYXJpYWJsZU5hbWU9IkZvcm1Qb3N0UGFyYW01Ni5PVFRpbWVFbmQkZGRsTU0iIERpc3BsYXlOYW1lPSIiIERlc2NyaXB0aW9uPSIiPg0KICAgICAgICAgIDxSdWxlUGFyYW1ldGVycz4NCiAgICAgICAgICAgIDxSdWxlUGFyYW1ldGVyIE5hbWU9IlN0YXJ0c1dpdGgiIFZhbHVlPSJsdWU9JnF1b3Q7IiAvPg0KICAgICAgICAgICAgPFJ1bGVQYXJhbWV0ZXIgTmFtZT0iRW5kc1dpdGgiIFZhbHVlPSImcXVvdDsmZ3Q7MDAmbHQ7IiAvPg0KICAgICAgICAgICAgPFJ1bGVQYXJhbWV0ZXIgTmFtZT0iSW5kZXgiIFZhbHVlPSIzMCIgLz4NCiAgICAgICAgICAgIDxSdWxlUGFyYW1ldGVyIE5hbWU9Iklnbm9yZUNhc2UiIFZhbHVlPSJGYWxzZSIgLz4NCiAgICAgICAgICAgIDxSdWxlUGFyYW1ldGVyIE5hbWU9IlVzZVJlZ3VsYXJFeHByZXNzaW9uIiBWYWx1ZT0iRmFsc2UiIC8+DQogICAgICAgICAgICA8UnVsZVBhcmFtZXRlciBOYW1lPSJIdG1sRGVjb2RlIiBWYWx1ZT0iVHJ1ZSIgLz4NCiAgICAgICAgICAgIDxSdWxlUGFyYW1ldGVyIE5hbWU9IlJlcXVpcmVkIiBWYWx1ZT0iRmFsc2UiIC8+DQogICAgICAgICAgPC9SdWxlUGFyYW1ldGVycz4NCiAgICAgICAgPC9FeHRyYWN0aW9uUnVsZT4NCiAgICAgICAgPEV4dHJhY3Rpb25SdWxlIENsYXNzbmFtZT0iTWljcm9zb2Z0LlZpc3VhbFN0dWRpby5UZXN0VG9vbHMuV2ViVGVzdGluZy5SdWxlcy5FeHRyYWN0VGV4dCwgTWljcm9zb2Z0LlZpc3VhbFN0dWRpby5RdWFsaXR5VG9vbHMuV2ViVGVzdEZyYW1ld29yaywgVmVyc2lvbj0xMC4wLjAuMCwgQ3VsdHVyZT1uZXV0cmFsLCBQdWJsaWNLZXlUb2tlbj1iMDNmNWY3ZjExZDUwYTNhIiBWYXJpYWJsZU5hbWU9IkZvcm1Qb3N0UGFyYW01Ny5kZGxPVFR5cGVJRCIgRGlzcGxheU5hbWU9IiIgRGVzY3JpcHRpb249IiI+DQogICAgICAgICAgPFJ1bGVQYXJhbWV0ZXJzPg0KICAgICAgICAgICAgPFJ1bGVQYXJhbWV0ZXIgTmFtZT0iU3RhcnRzV2l0aCIgVmFsdWU9Imx1ZT0mcXVvdDsiIC8+DQogICAgICAgICAgICA8UnVsZVBhcmFtZXRlciBOYW1lPSJFbmRzV2l0aCIgVmFsdWU9IiZxdW90OyZndDsxMCZsdDsiIC8+DQogICAgICAgICAgICA8UnVsZVBhcmFtZXRlciBOYW1lPSJJbmRleCIgVmFsdWU9IjQwIiAvPg0KICAgICAgICAgICAgPFJ1bGVQYXJhbWV0ZXIgTmFtZT0iSWdub3JlQ2FzZSIgVmFsdWU9IkZhbHNlIiAvPg0KICAgICAgICAgICAgPFJ1bGVQYXJhbWV0ZXIgTmFtZT0iVXNlUmVndWxhckV4cHJlc3Npb24iIFZhbHVlPSJGYWxzZSIgLz4NCiAgICAgICAgICAgIDxSdWxlUGFyYW1ldGVyIE5hbWU9Ikh0bWxEZWNvZGUiIFZhbHVlPSJUcnVlIiAvPg0KICAgICAgICAgICAgPFJ1bGVQYXJhbWV0ZXIgTmFtZT0iUmVxdWlyZWQiIFZhbHVlPSJGYWxzZSIgLz4NCiAgICAgICAgICA8L1J1bGVQYXJhbWV0ZXJzPg0KICAgICAgICA8L0V4dHJhY3Rpb25SdWxlPg0KICAgICAgICA8RXh0cmFjdGlvblJ1bGUgQ2xhc3NuYW1lPSJNaWNyb3NvZnQuVmlzdWFsU3R1ZGlvLlRlc3RUb29scy5XZWJUZXN0aW5nLlJ1bGVzLkV4dHJhY3RUZXh0LCBNaWNyb3NvZnQuVmlzdWFsU3R1ZGlvLlF1YWxpdHlUb29scy5XZWJUZXN0RnJhbWV3b3JrLCBWZXJzaW9uPTEwLjAuMC4wLCBDdWx0dXJlPW5ldXRyYWwsIFB1YmxpY0tleVRva2VuPWIwM2Y1ZjdmMTFkNTBhM2EiIFZhcmlhYmxlTmFtZT0iRm9ybVBvc3RQYXJhbTU4LmRkbE9yZyIgRGlzcGxheU5hbWU9IiIgRGVzY3JpcHRpb249IiI+DQogICAgICAgICAgPFJ1bGVQYXJhbWV0ZXJzPg0KICAgICAgICAgICAgPFJ1bGVQYXJhbWV0ZXIgTmFtZT0iU3RhcnRzV2l0aCIgVmFsdWU9IiZxdW90OzAmcXVvdDssJnF1b3Q7IiAvPg0KICAgICAgICAgICAgPFJ1bGVQYXJhbWV0ZXIgTmFtZT0iRW5kc1dpdGgiIFZhbHVlPSImcXVvdDssJnF1b3Q7MiZxdW90OyIgLz4NCiAgICAgICAgICAgIDxSdWxlUGFyYW1ldGVyIE5hbWU9IkluZGV4IiBWYWx1ZT0iMCIgLz4NCiAgICAgICAgICAgIDxSdWxlUGFyYW1ldGVyIE5hbWU9Iklnbm9yZUNhc2UiIFZhbHVlPSJGYWxzZSIgLz4NCiAgICAgICAgICAgIDxSdWxlUGFyYW1ldGVyIE5hbWU9IlVzZVJlZ3VsYXJFeHByZXNzaW9uIiBWYWx1ZT0iRmFsc2UiIC8+DQogICAgICAgICAgICA8UnVsZVBhcmFtZXRlciBOYW1lPSJIdG1sRGVjb2RlIiBWYWx1ZT0iVHJ1ZSIgLz4NCiAgICAgICAgICAgIDxSdWxlUGFyYW1ldGVyIE5hbWU9IlJlcXVpcmVkIiBWYWx1ZT0iRmFsc2UiIC8+DQogICAgICAgICAgPC9SdWxlUGFyYW1ldGVycz4NCiAgICAgICAgPC9FeHRyYWN0aW9uUnVsZT4NCiAgICAgICAgPEV4dHJhY3Rpb25SdWxlIENsYXNzbmFtZT0iTWljcm9zb2Z0LlZpc3VhbFN0dWRpby5UZXN0VG9vbHMuV2ViVGVzdGluZy5SdWxlcy5FeHRyYWN0VGV4dCwgTWljcm9zb2Z0LlZpc3VhbFN0dWRpby5RdWFsaXR5VG9vbHMuV2ViVGVzdEZyYW1ld29yaywgVmVyc2lvbj0xMC4wLjAuMCwgQ3VsdHVyZT1uZXV0cmFsLCBQdWJsaWNLZXlUb2tlbj1iMDNmNWY3ZjExZDUwYTNhIiBWYXJpYWJsZU5hbWU9IkZvcm1Qb3N0UGFyYW01OS51Y0Nhc2NhZGluZ0Ryb3BEb3duMSRkZGwwMiIgRGlzcGxheU5hbWU9IiIgRGVzY3JpcHRpb249IiI+DQogICAgICAgICAgPFJ1bGVQYXJhbWV0ZXJzPg0KICAgICAgICAgICAgPFJ1bGVQYXJhbWV0ZXIgTmFtZT0iU3RhcnRzV2l0aCIgVmFsdWU9Imx1ZT0mcXVvdDsiIC8+DQogICAgICAgICAgICA8UnVsZVBhcmFtZXRlciBOYW1lPSJFbmRzV2l0aCIgVmFsdWU9IiZxdW90OyB0aXQiIC8+DQogICAgICAgICAgICA8UnVsZVBhcmFtZXRlciBOYW1lPSJJbmRleCIgVmFsdWU9IjIyMCIgLz4NCiAgICAgICAgICAgIDxSdWxlUGFyYW1ldGVyIE5hbWU9Iklnbm9yZUNhc2UiIFZhbHVlPSJGYWxzZSIgLz4NCiAgICAgICAgICAgIDxSdWxlUGFyYW1ldGVyIE5hbWU9IlVzZVJlZ3VsYXJFeHByZXNzaW9uIiBWYWx1ZT0iRmFsc2UiIC8+DQogICAgICAgICAgICA8UnVsZVBhcmFtZXRlciBOYW1lPSJIdG1sRGVjb2RlIiBWYWx1ZT0iVHJ1ZSIgLz4NCiAgICAgICAgICAgIDxSdWxlUGFyYW1ldGVyIE5hbWU9IlJlcXVpcmVkIiBWYWx1ZT0iRmFsc2UiIC8+DQogICAgICAgICAgPC9SdWxlUGFyYW1ldGVycz4NCiAgICAgICAgPC9FeHRyYWN0aW9uUnVsZT4NCiAgICAgICAgPEV4dHJhY3Rpb25SdWxlIENsYXNzbmFtZT0iTWljcm9zb2Z0LlZpc3VhbFN0dWRpby5UZXN0VG9vbHMuV2ViVGVzdGluZy5SdWxlcy5FeHRyYWN0VGV4dCwgTWljcm9zb2Z0LlZpc3VhbFN0dWRpby5RdWFsaXR5VG9vbHMuV2ViVGVzdEZyYW1ld29yaywgVmVyc2lvbj0xMC4wLjAuMCwgQ3VsdHVyZT1uZXV0cmFsLCBQdWJsaWNLZXlUb2tlbj1iMDNmNWY3ZjExZDUwYTNhIiBWYXJpYWJsZU5hbWU9IkZvcm1Qb3N0UGFyYW02MC51Y0Nhc2NhZGluZ0Ryb3BEb3duMSRkZGwwMyIgRGlzcGxheU5hbWU9IiIgRGVzY3JpcHRpb249IiI+DQogICAgICAgICAgPFJ1bGVQYXJhbWV0ZXJzPg0KICAgICAgICAgICAgPFJ1bGVQYXJhbWV0ZXIgTmFtZT0iU3RhcnRzV2l0aCIgVmFsdWU9Imx1ZT0mcXVvdDsiIC8+DQogICAgICAgICAgICA8UnVsZVBhcmFtZXRlciBOYW1lPSJFbmRzV2l0aCIgVmFsdWU9IiZxdW90OyB0aXQiIC8+DQogICAgICAgICAgICA8UnVsZVBhcmFtZXRlciBOYW1lPSJJbmRleCIgVmFsdWU9IjIyMSIgLz4NCiAgICAgICAgICAgIDxSdWxlUGFyYW1ldGVyIE5hbWU9Iklnbm9yZUNhc2UiIFZhbHVlPSJGYWxzZSIgLz4NCiAgICAgICAgICAgIDxSdWxlUGFyYW1ldGVyIE5hbWU9IlVzZVJlZ3VsYXJFeHByZXNzaW9uIiBWYWx1ZT0iRmFsc2UiIC8+DQogICAgICAgICAgICA8UnVsZVBhcmFtZXRlciBOYW1lPSJIdG1sRGVjb2RlIiBWYWx1ZT0iVHJ1ZSIgLz4NCiAgICAgICAgICAgIDxSdWxlUGFyYW1ldGVyIE5hbWU9IlJlcXVpcmVkIiBWYWx1ZT0iRmFsc2UiIC8+DQogICAgICAgICAgPC9SdWxlUGFyYW1ldGVycz4NCiAgICAgICAgPC9FeHRyYWN0aW9uUnVsZT4NCiAgICAgICAgPEV4dHJhY3Rpb25SdWxlIENsYXNzbmFtZT0iTWljcm9zb2Z0LlZpc3VhbFN0dWRpby5UZXN0VG9vbHMuV2ViVGVzdGluZy5SdWxlcy5FeHRyYWN0VGV4dCwgTWljcm9zb2Z0LlZpc3VhbFN0dWRpby5RdWFsaXR5VG9vbHMuV2ViVGVzdEZyYW1ld29yaywgVmVyc2lvbj0xMC4wLjAuMCwgQ3VsdHVyZT1uZXV0cmFsLCBQdWJsaWNLZXlUb2tlbj1iMDNmNWY3ZjExZDUwYTNhIiBWYXJpYWJsZU5hbWU9IkZvcm1Qb3N0UGFyYW02MS5oaWRkZW5JbnB1dFRvVXBkYXRlQVRCdWZmZXJfQ29tbW9uVG9vbGtpdFNjcmlwdHMiIERpc3BsYXlOYW1lPSIiIERlc2NyaXB0aW9uPSIiPg0KICAgICAgICAgIDxSdWxlUGFyYW1ldGVycz4NCiAgICAgICAgICAgIDxSdWxlUGFyYW1ldGVyIE5hbWU9IlN0YXJ0c1dpdGgiIFZhbHVlPSJzJnF1b3Q7OlsmcXVvdDsiIC8+DQogICAgICAgICAgICA8UnVsZVBhcmFtZXRlciBOYW1lPSJFbmRzV2l0aCIgVmFsdWU9IiZxdW90OywmcXVvdDsxJnF1b3Q7IiAvPg0KICAgICAgICAgICAgPFJ1bGVQYXJhbWV0ZXIgTmFtZT0iSW5kZXgiIFZhbHVlPSIwIiAvPg0KICAgICAgICAgICAgPFJ1bGVQYXJhbWV0ZXIgTmFtZT0iSWdub3JlQ2FzZSIgVmFsdWU9IkZhbHNlIiAvPg0KICAgICAgICAgICAgPFJ1bGVQYXJhbWV0ZXIgTmFtZT0iVXNlUmVndWxhckV4cHJlc3Npb24iIFZhbHVlPSJGYWxzZSIgLz4NCiAgICAgICAgICAgIDxSdWxlUGFyYW1ldGVyIE5hbWU9Ikh0bWxEZWNvZGUiIFZhbHVlPSJUcnVlIiAvPg0KICAgICAgICAgICAgPFJ1bGVQYXJhbWV0ZXIgTmFtZT0iUmVxdWlyZWQiIFZhbHVlPSJGYWxzZSIgLz4NCiAgICAgICAgICA8L1J1bGVQYXJhbWV0ZXJzPg0KICAgICAgICA8L0V4dHJhY3Rpb25SdWxlPg0KICAgICAgPC9Db3JyZWxhdGlvbkV4dHJhY3Rpb25SdWxlcz4NCiAgICAgIDxGb3JtUG9zdEh0dHBCb2R5Pg0KICAgICAgICA8Rm9ybVBvc3RQYXJhbWV0ZXIgTmFtZT0iVG9vbGtpdFNjcmlwdE1hbmFnZXIxX0hpZGRlbkZpZWxkIiBWYWx1ZT0iOztBamF4Q29udHJvbFRvb2xraXQsIFZlcnNpb249NC4xLjcuNjA3LCBDdWx0dXJlPW5ldXRyYWwsIFB1YmxpY0tleVRva2VuPTI4ZjAxYjBlODRiNmQ1M2U6emgtSGFudDo3Yjk1ZWQxYS02YTNmLTQxZGQtYmM1Yi02M2YzOWVkYmM0YjQ6ZGUxZmVhYjI6ZmNmMGU5OTM6ZjJjOGU3MDg6NzIwYTUyYmY6ZjljZWM5YmM6NTg5ZWFhMzA6Njk4MTI5Y2Y6ZmI5YjRjNTc6Y2NiOTZjZjk6OGFkMTgxMDE6Y2E1N2VmM2M6YTY3YzI3MDA6ODYxM2FlYTc6MzIwMmE1YTI6YWIwOWUzZmU6ODcxMDRiN2M6YmU2ZmIyOTgiIFJlY29yZGVkVmFsdWU9Ijs7QWpheENvbnRyb2xUb29sa2l0LCBWZXJzaW9uPTQuMS43LjYwNywgQ3VsdHVyZT1uZXV0cmFsLCBQdWJsaWNLZXlUb2tlbj0yOGYwMWIwZTg0YjZkNTNlOnpoLUhhbnQ6N2I5NWVkMWEtNmEzZi00MWRkLWJjNWItNjNmMzllZGJjNGI0OmRlMWZlYWIyOmZjZjBlOTkzOmYyYzhlNzA4OjcyMGE1MmJmOmY5Y2VjOWJjOjU4OWVhYTMwOjY5ODEyOWNmOmZiOWI0YzU3OmNjYjk2Y2Y5OjhhZDE4MTAxOmNhNTdlZjNjOmE2N2MyNzAwOjg2MTNhZWE3OjMyMDJhNWEyOmFiMDllM2ZlOjg3MTA0YjdjOmJlNmZiMjk4IiBDb3JyZWxhdGlvbkJpbmRpbmc9IiIgVXJsRW5jb2RlPSJUcnVlIiAvPg0KICAgICAgICA8Rm9ybVBvc3RQYXJhbWV0ZXIgTmFtZT0iX19FVkVOVFRBUkdFVCIgVmFsdWU9Ik9UVGltZUVuZCRkZGxNTSIgUmVjb3JkZWRWYWx1ZT0iT1RUaW1lRW5kJGRkbE1NIiBDb3JyZWxhdGlvbkJpbmRpbmc9Int7Rm9ybVBvc3RQYXJhbTY4Ll9fRVZFTlRUQVJHRVR9fSIgVXJsRW5jb2RlPSJUcnVlIiAvPg0KICAgICAgICA8Rm9ybVBvc3RQYXJhbWV0ZXIgTmFtZT0iX19FVkVOVEFSR1VNRU5UIiBWYWx1ZT0ie3skSElEREVOMS5fX0VWRU5UQVJHVU1FTlR9fSIgUmVjb3JkZWRWYWx1ZT0iIiBDb3JyZWxhdGlvbkJpbmRpbmc9IiIgVXJsRW5jb2RlPSJUcnVlIiAvPg0KICAgICAgICA8Rm9ybVBvc3RQYXJhbWV0ZXIgTmFtZT0iX19MQVNURk9DVVMiIFZhbHVlPSJ7eyRISURERU4xLl9fTEFTVEZPQ1VTfX0iIFJlY29yZGVkVmFsdWU9IiIgQ29ycmVsYXRpb25CaW5kaW5nPSIiIFVybEVuY29kZT0iVHJ1ZSIgLz4NCiAgICAgICAgPEZvcm1Qb3N0UGFyYW1ldGVyIE5hbWU9Il9fVlNUQVRFIiBWYWx1ZT0ie3skSElEREVOMS5fX1ZTVEFURX19IiBSZWNvcmRlZFZhbHVlPSJBUitMQ0FBQUFBQUFCQUR0V3V0ekc5VVZ0MjRzK1puWVpJZ2hKRWdiWndiSGswamFYYjBzMlJhMUZRZTdzZU1RS1FrendHaFcydXZkeGF0ZHNidXlyV0dZaGtKSVNBaUVnZENhMEZLbXBGQ1lwR21aZ2tsUzJqK2gwK21IZm00dFB6NzFUNkRuN3E0ZWZrR2dFZE4ycWlUUzNuTi85OXg3WHZlZWN6ZGZPVG9lUkU1M09wMVFGVU5UWmYwRWZyWWdhZmk0cWh2RFhIYjZLQzZtMDEwdTV3NHRZeVFsUlpEeFNDNC9kdGk1SGRvVEJkbVFObTIyU0RsaG5Dc29XZEhaQm8rUEY3QnVTS3JpYk11SzB4T1lrNC9Jbk9CMENUTVRuS1IwREJ4c2FFZXVYVTNOazZtRVNvYkR3eEZWeXgyYmJKcE1tZnhjazZuRG5JSGhKeVhsY0J2OHFBWW5rMmRBcE9ZVUdJSytnazhIMytGczlZWWpkSmhsd3NGd1J4ZmxiazREQnpMWXVadUpSbGwvbjUraHFjV0ZDNlZMNXltR2pkRTAvSFYzcGNmMElSbHJSaExyT3F5VGNGWUxodWgyY1liQmdSQStBd1JnYUpaaG9ud2t5dko4dHMvTFRORlpiekNEdzk0TVI0ZTlUSVlQc1gxME5zTkdPZmVPOUhGT3dHTTZFV05jRlVSM1UxcmpsR25RREtJajdsMTJMNmhGS3lZTkRkUnFndHJTcDFWdE9pa1pHSURiUXJDd2ZUWnlxR0NvUS9tOFhCekpaVEJQYUFsZFQ4aWNyZ3Z1SGh0RGRHbkF2MlFXekNpRC9TU2k4a21sYkVrQitJL3BCRHV1WnFkRmQ2ZmRPZzNLMFhLY0JxU1c5SkFwTDB6L2JTVnVUQ2Z4bk5QQmdLUzhjWnpUT0haaGI0T2pvYUdCMklYOGtrODdncTlqeWFKdTRKd1BqTUlkb2s1aGpXaDhNT2lqeVo5RFZBSzhxS0RoUVFVWERJMlREMUhIQ3hsWnlvSWZwdFJwckF4bUloRXVsQTJGbVdnZ2lPbStxSk13MzFYRDAveEtjUmtaYjRPZTNaV1c3d1RPcVFibzJwNnk1WW1jbk15S09NZTF3ZE5oYVdycU1ZM0xiWE00ZHRqTWJCeFpjd3RoNVdxRXJ5OTJEanc2bDVPcEdYdmQzWXlQN3Fhd2tsVjVZRDNZWFRDbXZFeTQrOUg0OXRhQk9UMm1teE5RTUVMUkI3dTdyWWZZSER5TGhwR1ArZjJ6czdPKzJZQlAxUVEvUzlPTS80bUpjV3RSWld4TzUwRUNZS3dwTmpmZG01UEF4cm82WlhpemFpNEdPSytGNm9aWktZck1pMldjdzRwQktWd09EM2FiOGpOV3I5VVA0L0l5bmtzVjg5aW1XblFkb2grRXFSSTNZemZFejNCWlBJd0ZTZW1tREdBeDJFMkdtbzdjVFZsTGlSbWNKbURqR0F6UTg0QW13dWNrWlRLYkxXZ2dQZWpNLzQxendEcEdGTDV1VXh6R1dSa2NsVVJKZldVNXpCWEhwWnhraktvRjdkajNNc3RvM1djaE8zamRKcG1BczBpc0NQTTlURk5YYVNaVEV3WGRTSWc0TzEzSE9VdzV3RHIxbnFLK2hzZldzVjYvS0NuUFVMOElnWHpqaEhuVzEyMkdVNXdzOFhXZVk0aC9CcHkyenBNa09kaUFpNVBhRUptcnpxS01LVE5FYlNRVnZDY3pEZmczSHBjbWJmM1JhaEx0RlcxeFBodG1pc29sc1ZGWnlaaHVVNkJYSytBS25XUjVsWlNtY3JLWGUwL3FPRkhRTk9BTU9SNUhBT2JndXpqNHM2SXFaZkU2YVhQY1hMbFZVREpxUWVFeFg5WEIzVWhyYWNsTVcrSXVKK1JQZjJrYTRDSFZFclNZOWNQbHZrdWVZNCt4V0h6VG1QSkUzaGs3QlJxbzZyc3NpcVZIeWw2YXhKYzFXMVd0cHM1T2FqeldUTVhZT0pIVEV5S25DQmdVSkNrNkZCQ2duNnBhYS9La2VEUTY0Szl0cndGWmlVNmNwUzJNM2F4QTFpY3FKck1OeENxOE50MklCd0c2aHJBcGJqVE9zR3VCb3h1QlpPdVAwMVdZMmE2ZzFoN2E4V0I0d0wrT3RBbTB6SElkcFlLc09Uc0pyTFpaZ3ltZmZmRUlnVlJhNnhFbWE2WUNXYmY4OHRFVEQ1RDFWRm9iQUtQeGNBMmdSazJWalQvT2dIMnFyUXFnWnQrT002Q2UybmFOUDFRM1hwUFJHa0lGdG1ickpFS3RKYXhqVjdQNWdaY3hFVC9EK2dOMG1YZHRiem0wTGZlM1EzcE52QXo0MXdWd3ZKRlVSK3VxSmxJcnVkSVQzRE9xQmorU1FuNkdDNUxNdDZSUDRCbUpRRWhGMkF3ZlpGZUhYOW1mTm5kSHVhVEZaS01Ub01nbEZmb0pQS1ZoWGJScjlDTXdNeGE3RU5yV3dYY0Y0YnVqQzBGbFBTNEpvakdzemcxcm1Kc2VVWWdVdk1oM29TbEFOU0tIaVdvNkJmTkRoOGp6eUdsU0dsTjR6bkErdURKL1pmbnl5NHNMMS85NTU5V1ZUeTR1ZjNTcDlPWFp2NS81RmVEMkVKeG5wOU9WUEQ0NmZKUUJ5c00ycFgzcDVzTEtieSt2WGppejh2NnJRTjlYUnRJMC9SaE5BMlcvVGVsWXZIV3JkT0hxeXFmbmxtNWRocm1ncTZjV0hDWGdYcHV5QzhBRWVXVmg2YzEzbHM2OXN2eldSOHNmdmdHQVFIbUlYWjN6cU4rbWRGcVVmNXc1VTdyOTl1VHlsNytHdmtjN09rMlJLNnJvNkhJZ1I1ZWprK2NGOHNTangyQjBxN3N0VGN4UDdpczR3OWxlaE05VC9vbUpwL3c4NzI1TkorRmNOTXdibUlZL1NhOWUvZXVmbThtOWlzTGJwT0ZHei9XL05adlhDeWN3eDA4cWNsRUVRRXBWSVVUeVR1K1RxN2QvdnZUbWhhZXAwaHQzU3E5L3N2U1RhMHRYWHdZVlA3bDZkZDZrTHkyY1haMy9vSFQydzlLTkx5d3pnY1hndTVQOHVwdFVKU3RMMldsbjZxUWh5ZW1FT0EzMlRhbUNJR1BUa0pJc0djVURQWVVzV1k2NTFIUlduSzUyOVJ5aTFuVHkwZ3p4NWlId2tKN2VmaDZVaElpS25McFJsTEhUQTVXOUljSGg2WVdZRUpTWW9lYjdaeXE4WXYyMkZ6V0R2bHZOVUtKRGZpYnNiaWRYTk5XcmxzNEVWOUN4YmthNHVVY0w3cWJ2cGc5WVdhdXE4Qm5aMHNFT1E1UjBIOFJyQVEvMjlQVHo0UGhkTHJkclU4TzFiTERiS0hHRU5XWWI1ZEZSNGdDZSs5Y085dXlxMk5yVFZiR3g1d0hSOCtDL2ExRFBidWZ4dTdBa0xIUXJPNUt1emEzb2VlZzdHdEN6Ui9Ec0ZUd1BmMnZyZU55YjI4VGpXYWRRcW1JRXo3NGE3VS9DV2hyZDdSQTd5V1E1U0VITm0ybnQ2LzNmdWh6ZHd2OXJPemRxYnR0ZGFzNWxMZ1prSThvaTk1WDdDS05oa2hnS2ZPZXUzUzJ3YWE2K0FCdldPVVRUaUdZUXpTSTZnT2dnb2tPSURpTTZndWcrUkVjUlF5T0dRUXlMbUFCaWdvZ0pJU2FNbUFoaStoQVRSU3lOV0FheExHSUQ5ZUI1LzhGdHU0V3RQdGFlNkt3UjA3T2Z5RFo0NzllQjJDQmlRNGdOSXphQzJEN0VSbEdBUmdFR0JWZ1VDS0JBRUFWQ0tCQkdnUWdLOUtGQUZBVnBGR1JRa0VYQkFBb0dVVENFZ21FVWpLQmdId3BHVVloR0lRYUZXQlFLb0ZBUWhVSW9GRWFoQ0FyMW9WRDB2MzM5WUxQQkxXMTJOeC9McmkwZGNPNTFOZkRvSklrNlQvZFdrZmIxKzVNVlRKdnVUOVd1ZXhWbGx2djlqNFFXK245by9jZXQveDZFMWxSTlpIRjJ3bWtXYVJqT0JlTDZncDJoT2tpRys2enBBZTRkSkR4T2tVUHppSVJsM3RtWVVIbnMzbTVlYmtBMmJoRmJDREZCTG1Rc1gybmZDZG10bC9KV05BN1A3YXRuTDVVdW55L2RQTC8wL25sWDZleG5pN2ZmZGkyOSsrTEs5WnV1MHBrN3k2OWY3eXA5ZWhQT2NmL1N1K2RMdDY3QTAvTHZMNWNXUG0ySGY2V0w4MWJXdjNQbDNNZVF3Qys5ZDIzcEZ3dUxmM2gzNmRyMW5hWDNQZ2ZTNHBjWFNjZTE2NERkYVlHWFAzNWhlZjdPNHEyTGk3Yy9hNGZPbGZPWFZuNzVzOFUvM25DYXI4MTJ0VHRvQnhpYWRyQ09nQ1BvQ0RuQ2pvaWp6eEVsYnpCcG1nR1Z0OWRxRUpSU0FBM3RkZStCaW1sdUhDdUNJUjRqT2xDekJUMGhTMWd4eGc1alNLbkhvSVU1VFRRZnpWN1J2U05OMUpVVXBTbmpxS1R3YmIwL1NrSzVkWnpMK2s3anpNaGNIbW9tM1pkUWN6bFY4WkZ0N2VBYStDRnFTM1QxNVZ6RUYvQUZHQi96elcvbmxJSXNON2ozcGc5TGVuNUVNYkNHK2RPcXh1dVRtV2VxY3JTbXpYZU9FNXcyamQwdFp0VWd3TlNpbVYxaU14Y2F5aHJTREI2YkdCRUFVSDdYU1VhT2xWOVFpKzZkYWV2RmFFbzltYzlqTGNIcFdMVGZjZXI2TE15NjZkYisxTmR1N2NhY01abUNJa1pYbFFtY1V6ZHU4T3NCVzI3ejRTbFo1WXlZaktlTWZoNjBJWFBGbUtUSWtvSzlHVm5OVHZmbk9aNjhNb3pSYTNmL1ppczdkVGRYU3lubmFZazN4RDFXbFZ6OEFYbmg2VzZ1S3FVeHZTODVqSDZNckZKcEdoY0xlZWRQa1ptVEdwSWhtem1wTkVVZHFHYXBQdGwwTVNvK1NMRTBUVDN5Q0ZYdG8vWU5VajA5dmM5UlVQblhVQWRyR2o2OWtMRXVUZy9RaHdpSDNuNnE5Zm4rMWhsT285VFVuQUZnSG55VFhBSDZCR3lNV0xlQnc4VXhmcU9DWlM1RDlQYzRhTGZYWEtYSkFOWkFQS24zT2RMeVNZcUNOZUsxd05oNlhlNmJNdXVkQXo5TXBpZDB3ZlMyTVNWZk1DQjZUSGM3UkcwUTFsN284N3g1VmREb0NhN1JweWVNemlEek9zRHlGbXU3ZXVESjBnY2Zsbjd6eWVwcmI1ZHV2UE4wNmZQZmxhNjhCNFc0YWVDM0hHVUxVbXgram1KbytDby85Rk5aVlZhMTJING82L3VwRENrSk5aSWx4Nmo5UjQ2TTlBMkYrNmtwVlRHOHM1aGNWOFNvakNyemdGUEpCV09NWW9DTHJrTGxTUEVRSW9MR0ZmdXBXVkV5c05lOGxZNVJpanFyY2ZueUFLL0c4VkpCajFFQm1KaEhUZWJpN3lPYnl2TzJIUGNkV0w1Nm8vVEtwZVdYM2wrZGZ3bjJyRjdvZkxFc3BTTUVyWFBsMWpiYVJ6YnBpK3ZhcjY5cnYra2cvMi9qUHVUbzdHb2dmOXJ2UDlnQXUvK1ZTcmpCYVdDbVhQTVdwYkhEakwrSG5Odkx3YUNvQ3U3bi93V21FTit5Z0NJQUFBPT0iIENvcnJlbGF0aW9uQmluZGluZz0iIiBVcmxFbmNvZGU9IlRydWUiIC8+DQogICAgICAgIDxGb3JtUG9zdFBhcmFtZXRlciBOYW1lPSJfX1ZJRVdTVEFURSIgVmFsdWU9Int7JEhJRERFTjEuX19WSUVXU1RBVEV9fSIgUmVjb3JkZWRWYWx1ZT0iIiBDb3JyZWxhdGlvbkJpbmRpbmc9IiIgVXJsRW5jb2RlPSJUcnVlIiAvPg0KICAgICAgICA8Rm9ybVBvc3RQYXJhbWV0ZXIgTmFtZT0iX19TQ1JPTExQT1NJVElPTlgiIFZhbHVlPSJ7eyRISURERU4xLl9fU0NST0xMUE9TSVRJT05YfX0iIFJlY29yZGVkVmFsdWU9IjAiIENvcnJlbGF0aW9uQmluZGluZz0iIiBVcmxFbmNvZGU9IlRydWUiIC8+DQogICAgICAgIDxGb3JtUG9zdFBhcmFtZXRlciBOYW1lPSJfX1NDUk9MTFBPU0lUSU9OWSIgVmFsdWU9Int7JEhJRERFTjEuX19TQ1JPTExQT1NJVElPTll9fSIgUmVjb3JkZWRWYWx1ZT0iMCIgQ29ycmVsYXRpb25CaW5kaW5nPSIiIFVybEVuY29kZT0iVHJ1ZSIgLz4NCiAgICAgICAgPEZvcm1Qb3N0UGFyYW1ldGVyIE5hbWU9Il9fVklFV1NUQVRFRU5DUllQVEVEIiBWYWx1ZT0ie3skSElEREVOMS5fX1ZJRVdTVEFURUVOQ1JZUFRFRH19IiBSZWNvcmRlZFZhbHVlPSIiIENvcnJlbGF0aW9uQmluZGluZz0iIiBVcmxFbmNvZGU9IlRydWUiIC8+DQogICAgICAgIDxGb3JtUG9zdFBhcmFtZXRlciBOYW1lPSJfX0VWRU5UVkFMSURBVElPTiIgVmFsdWU9Int7JEhJRERFTjEuX19FVkVOVFZBTElEQVRJT059fSIgUmVjb3JkZWRWYWx1ZT0icGlsODlxaDFHLzU5SXNYR2hLa1d5MnV0Y2dVTUZDMzFKbzhCSkZNNDd0THVGMFpkeHVpelp4Y2E3RmEzT2tMUVJPczlWeSsxZkZZbVJQMHhqcFBiZHBjN2dWYndrblFHMmlkWjM3Zm9zdG41UkpDV0FJbEVhdEVEWnF3UEVLZGNiaWlubnhvYnpMN2dSTWlkRTVQWjlhVXJNbkk0QmRBd3dIMkRVTU5oRlNPelY4bVlKWWtLNXZQTG9aWnpzbWJkQXAxVmR4bWk5VlpreTJHVTlsNElRY2Q3ZGZZQ08rOG9rOGVndTFzTEVCbU1wN2R1bjhZdmcxZW1mMjNoeUl4a3l2RTBDcy95UFUrMVpySHR2TjBMM09BQ3RGZHpnbVdPRHJlOUlDQUJqWURvQzIxeTRmTitmZ3M2ZzBTdENZdWVGK2ZldlRMWkVRbXNQM2N1cDVvMFZka1ArK3hqY1VnUzZjcHBzbk1RdlF2bjVZckVNRG1qMEUxV3E3ZUdVeC9xWHI0WEdoUFpBNmx0YmpZVDFXNnAyWGlseWZpNjNaT28ybURZTmc1K2wvTHZQNzN3V1h0RjhkSXQwRVpKY2x2cHpjOHpQd3VtQVZGdWFGQnB4VWRKWkVjZUwzK1F3YTZFOXJCd3BmU2t2endNY2NMZ3NvbFo0VWhmTHZSWm1vajdYb25iWEZBeFRYbVNUdWxSL3d3RWJaRHV2akxscmY4L0cxbmEwSGtndkVUa091aGJVNkFMNUp4bXAvTmVUNzlKTTVCSldFVHZYK0F1QnVrN2ZVSGtRb3lJelZPWWRXRUZodFRCb09Taytaa3BURHdZanJxemUwbjhXNzdTbnV5d0VNZHQvcU9UUGpvRjdmR2JZcGxDK3gvcVJTY0ZmbWlWUmhHTjZBR29Pd01TRkpzY2VBdjZCNGZlY3lCSTIzUU5nQUlLN1dhbnB1VVJVVTcrczdQWE54cDN2dTUvVGZLeWJVNExPR3J6RHZKbDJyTlJUUklZQ1VJSnRrYkhRV2F2dmxBaU1IN1ZNTGVsQnM3RHVFbjRYRExQTFZHUUZvdG43ekp2UEFIL1EwbEVwcTlPYzlmd1Y4by9yR29WckEvNkYxek93N2MwejZrTWpia09tcTNiaE1ocVovanZlSGVyRkNiZnlpdGlJOVNuWHRXc3pYeTlQM2NKdHpQVThBSDhSSlBpNnZjNUg5UGpUOFIxZ3BkMDYwd1V0Rmp6ZkFsdURhZkJ1V1Rydm0zRUUwNWlmTE9lbVcrVzdSMG02c1RKb2x2ajRuUDU1REFtSU84UmZWeks2RE00STRwQ2hmdVlUTHFYQWNsUERWSmZSL0Q0ZC9GZm1xeXZSb1VPODE4bU1LdDZuTDdpMXZPc0ZXUFU4cWNpZ3JzcVhQNUNFRHlZTkRibkc0Y0FpWGJEQkw3aXMzcUpTcEtWUm52NVM3VUxFVHZwSUlnclJZUUZ3Vjh0TGZ4L2ttQ1h0RlZHakM0dkoxakFOeUwzcUZNMmR2OVR6dldQOGRRaE9UcnNuY3h3NXg1azltaEp6d0E2Mm5wQThqZjJHaEFiRGZDeFNaOG5pN0x5cUZnTFloVVgyQitxMGJDNnYzc1ROcWdlZVZMaDdjVzdwV3g3ajliTkVXa2ozRll4VFBMK2V6VXA3aXZLMTh2Z0VnM1U1T1Y1Vk8vOWViRkZkSHhrQTlFWGRKc0kxMTY3TFdzZGZnTjB2WDBib0RWQUdKanRkakw1dU4xdHZEazZzWUxXMzZoRFVPenpNVTlvYnl2SEN4QStVWEt5UTVhbUlxUFBoK29SczF2cGFMaUg1U2tydXozbmZVSzgydkhiNE5oSUdJQTZ3T3BXUC9GM2VXclU5VVpqQ0hWSDVZOGx3SVJsNFcxSDRGSmhMbHdzVXFld0d2am1odHJ6d1hQTXg5alhOUjNadDNEbkxlUitERmlwaDhXbnNLaEthbUNOc1I1SlhLRUpmVmc5Sk56Ync1akJFNFlRY3BJcVZWSFlRYnlyT1k3NmV2T0VTRWV3Sml2bW5pcmlZVEVxRDFBU3BPN2VCQnZPMkUwV2M3cTRlMnJaYVRuYUJ4cHpKdUp0VjJJb3EvVDBieTFYQWY2Vzd0MmtlOWx0bWk4NXU2VkhvWFdwTzlCUU5nVlJ4TlB4Y1R6c2lVVlJzaXpiSHd0Mmw5TzY4eEdIekpOanl1TnlpZ2hmRGozeG9xSFB2c0Q5V3Q5UXBWQ1NENlg2VU1WV3JzVnY5SWp2Q2FJUFlWUXQxTVQ1dzRORUw5L0lJMEsydU1WNk4xZGtLQ3ljRnNZYklMeGRXWDlXK0hnUEpvQXp1VkxhOVQwdTkwb3dvbTg3M3lRNUpYTjlHL1p4Mjg5TVNTTkNvaXZhSnhPa0FkcXo4TitwRnBYRDJaV25nUkF2ZHNKNERhelBtMDBnT3hwRWJ1Z1FlL1BsNTJTSHV0OWFwOEFicUh4ZWhzcm9rK2h6R01SenV3WGQzQTlhOHZYc2J4c0c0eEZLUFdGQ2ZGTmdDMERkd090cVg1OVZVeGZxZWhNVUxZMWJ6V2t0S3gvZ0s5YzZoNFVzV0lvUnlmSkFFUTJuUzRCbmlJMnphbHNUbXVYVi9NR3I0STZXR1FOMVpRaWk2MktSc1B6Z3NScm9MZFcyVHZmaVNJMzAzeElISXlkbU5FdjBXODRUSXBIbXpKbnhEdHVtay9makdHMEQ0TkUxSXlDWVJVd0RHeGZQbFRsMjhxKzU3a242Vkk5R2ZweWI4cTVZRHJ6NFc4aGtZVUpRdXpOVEtwQUNqQ1lRYWduYkFNaXVVdlVFUW1oWHYvUGx6NUJCRzNuMzlBdDBoSkJETHFIQmU0bUVXY2xNa045MTRheEhYZHI3SndYdCtwdjZuN1ltdHBlbkRqRnp0Njl3ZGVjb0FWaGp3NnV1MUF6UmVxUVhYZHpWMmkxelFpZVJSc0NEQVVoRFgrZXdYSnlnMHBUZW5MSXRMOWMyaUQrazZ1RnYxR09OQ1lSaGNiUE5Vd3JEcXExM0QzU0F6ekNwK1M1cElpSzVHT0JQM295cU5QM2lETlRiTXRyZXZhV3c5M042R1NqWms4UStCK21pWlVtQk9zN0ZqSitEbnQxTUMrZm9UUjFsNEVHZVNZMkVYajNQUU1PNnF6U1JibmJSZ0ZJWHZHYXJ3TzY1NkYvdDhhZU14MFIwZnNZeGI3ZHhzNkZLSHVYWjVpZmMyL0tCT015TnhPOENxNGV0N3FyWWRrSTlDN1FtaXFCdDRvMG5lQTlNdVZFSzNRUUVxNWlYWTVMMTFieHNtaEE5WmMwY1MwL2hjY3lWK2RLclRHWHFhSUZFRXp3NFlBUUJzb1dzNHdWT3A5NzBYVHlWdG5OZDJmU2xBM2k2ZFdRMGpyYkQ1ZTVDeTBLNEJXNmxueXFLR0lScUZHaGo5MGVqZlk3NkRPK1lGbFZCcGFHdTNncTFrNHRsb0FPcDRtUG1ZRzA3RjA0WHc3Y3I1SUxBT1Rya2FwZ1R2V1R2bjUyckdYQTBnNmlTUDZnZUxOMlRhdlhVWXRnVjBsSm9yUlFGcFBGYkx5SS9FbG1rcmNBUU5xRzI1bmxTMzYwUzlJZExCMk9oR2RLUTVZUy9jVXBya20yNmtTZE14cncvT2VsZE95SEdBZEExNkN2alpMMkcwbFM3aTN0WldqSlAvbFFhOVVldkpTU0Yvakh3SlRzMkkzL3NuVEVISGRaZ3lkcmEwcHZLMFdianFBTXJoa3RvdHBsQ3c4NCtOcjVNc05RMUxvZ20raWpXazV1L1ZwS2I4WkoyNWh1dVhZL3ZWbFpmUjY4LzQ1Q20rVmZrbloxRk5kY0ZRakhZYVlObDRzRkNvV2d1MCtSUzQ0MFlQdk9VNzhjenh1TnFFUzR3TGdxUTJyYTZCZHBXK3UwRWg2VVFWV3gzTExORG1kNEQzR2I1VUh5ZjU3N3hOZi9WS1ZtYmdkakEzTW1zc0hWa29uTWhyaXJ3Y3JsajN3NE95Y1R6QTV6eXU2SDkxSlhKNVVkY0JnWXlUUWdtdHR1NzdjemFNWnpCM2tPSm9aTjJOd0JleVlkclFJREJpUnZEUW9RMW9CbUhsbjNLT005UUVBVlVqRnBDM25OYVlzWTNaSnl5ZWVlL080MXQ3NWo4UFpuZ1lGbFNpekdsZklzVkRVZml1cG1zbTM2anlvdmFZM1Y4bGVaanlsMkxnY2xveVZCUjg5UFhqa0QycG16S1NtbHNkRHFWOXRkbUNIN2hZQm1BMnUza0dXVzlQOEJBemkzRE9HOUpRckwyQ3VjRDU4RTBMbXgwZm4vVHlyNm9RcVlkcmRoeTVpN3ljZG5IcXNmcXVMRGxmeU1rU3l1UHBYR0wxU1F3bDBLa0lha0NkSTNJUzhvR2Y1NmNMV1dkbUFOK1RQMTJtMHFOYU5reHlOYjJvVmVmVFVva2JxUzRUeHJyWXlTMEV5TWVlY1g1WXozVXhvNnQzZlZnb211WW81TFg5OUdycTljUXl5OHAvVGNxeDJxREp2MXRGUmp4NnAvWDZmSXh4RnlDVExrVitQdDVTQ0V3TWRrWUh3c2VKV2ZhZDRjV1YxUy9MVUtPMU5mVjROL1pmNStoVTNwTTFRUGhzcGJXYWRJY1FhaU45VHNIUW1MK0gyalBNTzFRWm1yc05QNllLTFh4WUxwK1NnR3NYTUl1QXZKbFQ1eDRwQ1RHb2dKaUZ1dmdOQUgyS0pFME44K0hENnYyMGd2T2dnNGxHNFRDQ0dSaE9vVHRUSGpPZ29JVDRBSXRRNE0xWlpZVjlMb2NuTGtZcWdndUpMTTRUTGtGcngrRzJSZUhEUG5lS3pGdG1JdGRPOVVPdjl3OVI1NFFiYk0wUHFHUlNCcnkvM1BnSG5MamlNUzlvaEFZYnl6ckpXYzkvaUtJdE1PT3dldlhRTUtnM3AvTlJITEJoV3J6QmFmZ3k2aGhSL0hOOVpnQmYwY2s5andrOVo4SXo2WVZWOHRIK3NRbVpHSlZtWlF0LzZBRjZyeVM4Wno2R0FzZ2c4cWJ1RGl0UUx4M3hSbHBGeUlHU25VcU5ORjNOZEZJckV5c0JDdENaNk1JbElhQm9YeElGbUdoQTZyRTdTdlVKSWpROEZOOWpJMHdpRE0vN2lIQmVmb0JwNWU2bWJNU1lLcCsrcExPQWFyUTRGL1V6OUlhYythSHFwRUhxSkJKWW9zSUxwUzByVlorV2xNOG1yUlg4SGk0ZGk2dElxMGhJV3IwSVVZbTh4K3VRYkJNMEhoRk1Lbm9UWVFvaEZJekoyNzdSSmwwVVJPM2xXcUIwd1VtR0V0WmVwMGE4eDhFRlh0aDMrbWNJM1ZKeXV5UHdJWW5HMEVwQWwycFBPL25ycHloUUVZMktuMmZodGFjTklOY3dPazJPajlIK0NyVU1FYjdtclhDOWtpRHMyZ21vQmFKU0JzeWg2aGdjUHpxT3J6M3VrNUVYbThTNE9vbHRSZUZoM1RicHdRY29xdkZqRFY5YWpzRm5HRjJxMWh1QnZRbm0wTDdoaUYzT2ZCY3NFbTBCWCt3cFQ3bE1YcU13QWlTK2Y3RHBzczQ2YVUxN0sxRUV0R2IxYTZMRk5MZFA5U3lGS3pIbEY4OUNMSis0QmlLWHAxd01ZWWxtZjhJU0FqZGMzQmxkRm1SN1R1YnBqaytMYTJsZURoMnFJNkVDZFdBcGhOVHg4WWp2WVl5L2xqVi9IOVNpQ0RmRlZlcTg2NitkWVFYTjNJTGNCZHpLd3ZINkxIQkQ4VFFYRnlyaTJYN0lZSGpUUTZ3eVJHRktYWTc0cjlaUmNqMWRoUmV4TjRERGZqQTJ2alVMZTNLeHNXYnRTWkZYS1dsNTJSZGlnb2srMUUzdVhhTUJWY2dXSkRYVCtCQXVsbEJIcEV0NlBwY1BGWGtBODYwbTZlR0dDalJLNWkrZEFtSlB2NDZCQjVXcVJGVFcySmRWcStZdE1GOTB4OU1Lb0V3ZGpqenZkWEJkcUw3T1NEVUVYdkVPQVpHYWx4MmhkdjBYYXo3T2VFeVJLVVFaN3dmeGhCQit1UGxUcFhSM203YWgyZ0ZQSm40TVdTMXBWTmlvZDJYdE1qMllscDB0Rk5ZeHB0K1ZTei9aMlE4WHoyMWU1U3FXR0VUeFJTenYwUDVxdjFuVjd3cHlvMjZaOGZWcWV5TjRwQ0M5WlNTT0ExT0t6bHZUVUZHalVXUmlYN0FBL2YwSWN4MTIwdnhuVDZXQ0cwTU1OZlI3R3E1WkhSVGZyc3BoTnI3TTJJaWs5b0Mxc240UDVhcDlsMjcyUUVQZUw1eE9yYUhQUDd4bVRpYlNIOUNiSU1rQy9idFI2Yk9sUW9aWDM1dGg4KzhGaGF2UFJPSXArZ29jUnczZ3hmSkh4WXJjMmVlR0hWUXNLbThERCtRVU1BSTUrQmZvOW1GQzNUS2VQTm8xRGYxTER0TmtNK0NoSWdQczVRUkkyV2RpcVpZMG9zbWVseEpzSk1EYVEvQis3eFNBTWFQT1o4TytrREhaSmpvbzlVTFI1UUsxWFFxNC8xcGxVK2Vnakh0VXdHdFcvS0FDV0NvN0ZtS1NTaUVvZVF3V3dJd2VoTDhYbHI2T3E3NFNDSS9CdlBaZFFyM2s1NWgxaGR2UFV3OFNQZVA1Tk1mS1o0aCs4dEJiZndwVlA2ajFGRlVnVnVzMVFUWll5TjdLVjVOWGxKTmtvOXh0MXNhQytZU2FhMXIyTnVFOExLajJTMURwRm5MdW1qSHdDVjhEYzJUNjN2alg2Tm9sRC85amMxWStKSStUdlpZYXRMZlFGYXBsRkQ3cFZYSEVwWWtnbUk3aG9EcWxhQjVVMmo5SWlDUmpCamdOY2pjNFlET0ZMNDhPS0pPOFVlTjZNUmZpOFV5ZEVtcWw0WTQ0ZmhOTUVnRWFPdFZqc1JmelBBWmxzZmw1SmxKOUlEeHJzZ0JSWjJZVk44QVhwV0w5eDgvTWt6V0g4ZFliL3l6UHhKVElDNk5Fa2Uxb1RFckxLUzhRVVBYRnpUYzZTTG9NZjlVMHUwZWFkVVYvb3pTTVVaRWphRDNsRVZpT3cybFYrVElRY2lrMEhYTXVpN0s1dUU9IiBDb3JyZWxhdGlvbkJpbmRpbmc9IiIgVXJsRW5jb2RlPSJUcnVlIiAvPg0KICAgICAgICA8Rm9ybVBvc3RQYXJhbWV0ZXIgTmFtZT0iT1RFbXBJRCIgVmFsdWU9InJidFNpbmdsZUVtcElEIiBSZWNvcmRlZFZhbHVlPSJyYnRTaW5nbGVFbXBJRCIgQ29ycmVsYXRpb25CaW5kaW5nPSJ7e0Zvcm1Qb3N0UGFyYW02Mi5PVEVtcElEfX0iIFVybEVuY29kZT0iVHJ1ZSIgLz4NCiAgICAgICAgPEZvcm1Qb3N0UGFyYW1ldGVyIE5hbWU9InR4dE9URW1wSUQiIFZhbHVlPSIxMDIxMTkiIFJlY29yZGVkVmFsdWU9IjEwMjExOSIgQ29ycmVsYXRpb25CaW5kaW5nPSJ7e0Zvcm1Qb3N0UGFyYW02My50eHRPVEVtcElEfX0iIFVybEVuY29kZT0iVHJ1ZSIgLz4NCiAgICAgICAgPEZvcm1Qb3N0UGFyYW1ldGVyIE5hbWU9InR4dE9URW1wTmFtZSIgVmFsdWU9IuW7lk/nvqkiIFJlY29yZGVkVmFsdWU9IuW7lk/nvqkiIENvcnJlbGF0aW9uQmluZGluZz0ie3tGb3JtUG9zdFBhcmFtNjQudHh0T1RFbXBOYW1lfX0iIFVybEVuY29kZT0iVHJ1ZSIgLz4NCiAgICAgICAgPEZvcm1Qb3N0UGFyYW1ldGVyIE5hbWU9InVjRGF0ZVN0YXJ0JHR4dERhdGUiIFZhbHVlPSIyMDE3LzA1LzE2IiBSZWNvcmRlZFZhbHVlPSIyMDE3LzA1LzE2IiBDb3JyZWxhdGlvbkJpbmRpbmc9Int7Rm9ybVBvc3RQYXJhbTY1LnVjRGF0ZVN0YXJ0JHR4dERhdGV9fSIgVXJsRW5jb2RlPSJUcnVlIiAvPg0KICAgICAgICA8Rm9ybVBvc3RQYXJhbWV0ZXIgTmFtZT0idWNEYXRlRW5kJHR4dERhdGUiIFZhbHVlPSIyMDE3LzA1LzE2IiBSZWNvcmRlZFZhbHVlPSIyMDE3LzA1LzE2IiBDb3JyZWxhdGlvbkJpbmRpbmc9Int7Rm9ybVBvc3RQYXJhbTY2LnVjRGF0ZUVuZCR0eHREYXRlfX0iIFVybEVuY29kZT0iVHJ1ZSIgLz4NCiAgICAgICAgPEZvcm1Qb3N0UGFyYW1ldGVyIE5hbWU9Ik9UVGltZVN0YXJ0JGRkbEhIIiBWYWx1ZT0iMDAiIFJlY29yZGVkVmFsdWU9IjAwIiBDb3JyZWxhdGlvbkJpbmRpbmc9Int7Rm9ybVBvc3RQYXJhbTY5Lk9UVGltZVN0YXJ0JGRkbEhIfX0iIFVybEVuY29kZT0iVHJ1ZSIgLz4NCiAgICAgICAgPEZvcm1Qb3N0UGFyYW1ldGVyIE5hbWU9Ik9UVGltZVN0YXJ0JGRkbE1NIiBWYWx1ZT0iMDAiIFJlY29yZGVkVmFsdWU9IjAwIiBDb3JyZWxhdGlvbkJpbmRpbmc9Int7Rm9ybVBvc3RQYXJhbTcwLk9UVGltZVN0YXJ0JGRkbE1NfX0iIFVybEVuY29kZT0iVHJ1ZSIgLz4NCiAgICAgICAgPEZvcm1Qb3N0UGFyYW1ldGVyIE5hbWU9Ik9UVGltZUVuZCRkZGxISCIgVmFsdWU9IjAxIiBSZWNvcmRlZFZhbHVlPSIwMSIgQ29ycmVsYXRpb25CaW5kaW5nPSJ7e0Zvcm1Qb3N0UGFyYW03MS5PVFRpbWVFbmQkZGRsSEh9fSIgVXJsRW5jb2RlPSJUcnVlIiAvPg0KICAgICAgICA8Rm9ybVBvc3RQYXJhbWV0ZXIgTmFtZT0iT1RUaW1lRW5kJGRkbE1NIiBWYWx1ZT0iMDAiIFJlY29yZGVkVmFsdWU9IjAwIiBDb3JyZWxhdGlvbkJpbmRpbmc9Int7Rm9ybVBvc3RQYXJhbTcyLk9UVGltZUVuZCRkZGxNTX19IiBVcmxFbmNvZGU9IlRydWUiIC8+DQogICAgICAgIDxGb3JtUG9zdFBhcmFtZXRlciBOYW1lPSJjaGtNZWFsRmxhZyIgVmFsdWU9Im9uIiBSZWNvcmRlZFZhbHVlPSJvbiIgQ29ycmVsYXRpb25CaW5kaW5nPSIiIFVybEVuY29kZT0iVHJ1ZSIgLz4NCiAgICAgICAgPEZvcm1Qb3N0UGFyYW1ldGVyIE5hbWU9InR4dE1lYWxUaW1lIiBWYWx1ZT0iMCIgUmVjb3JkZWRWYWx1ZT0iMCIgQ29ycmVsYXRpb25CaW5kaW5nPSJ7e0Zvcm1Qb3N0UGFyYW02Ny50eHRNZWFsVGltZX19IiBVcmxFbmNvZGU9IlRydWUiIC8+DQogICAgICAgIDxGb3JtUG9zdFBhcmFtZXRlciBOYW1lPSJkZGxPVFR5cGVJRCIgVmFsdWU9IjAiIFJlY29yZGVkVmFsdWU9IjAiIENvcnJlbGF0aW9uQmluZGluZz0ie3tGb3JtUG9zdFBhcmFtNzMuZGRsT1RUeXBlSUR9fSIgVXJsRW5jb2RlPSJUcnVlIiAvPg0KICAgICAgICA8Rm9ybVBvc3RQYXJhbWV0ZXIgTmFtZT0idHh0T1RSZWFzb25NZW1vJHR4dERhdGEiIFZhbHVlPSIiIFJlY29yZGVkVmFsdWU9IiIgQ29ycmVsYXRpb25CaW5kaW5nPSIiIFVybEVuY29kZT0iVHJ1ZSIgLz4NCiAgICAgICAgPEZvcm1Qb3N0UGFyYW1ldGVyIE5hbWU9ImRkbE9yZyIgVmFsdWU9IjEiIFJlY29yZGVkVmFsdWU9IjEiIENvcnJlbGF0aW9uQmluZGluZz0ie3tGb3JtUG9zdFBhcmFtNzQuZGRsT3JnfX0iIFVybEVuY29kZT0iVHJ1ZSIgLz4NCiAgICAgICAgPEZvcm1Qb3N0UGFyYW1ldGVyIE5hbWU9InVjQ2FzY2FkaW5nRHJvcERvd24xJGRkbDAyIiBWYWx1ZT0iMDAwRzAwIiBSZWNvcmRlZFZhbHVlPSIwMDBHMDAiIENvcnJlbGF0aW9uQmluZGluZz0ie3tGb3JtUG9zdFBhcmFtNzUudWNDYXNjYWRpbmdEcm9wRG93bjEkZGRsMDJ9fSIgVXJsRW5jb2RlPSJUcnVlIiAvPg0KICAgICAgICA8Rm9ybVBvc3RQYXJhbWV0ZXIgTmFtZT0idWNDYXNjYWRpbmdEcm9wRG93bjEkZGRsMDMiIFZhbHVlPSIwMDBHOTAiIFJlY29yZGVkVmFsdWU9IjAwMEc5MCIgQ29ycmVsYXRpb25CaW5kaW5nPSJ7e0Zvcm1Qb3N0UGFyYW03Ni51Y0Nhc2NhZGluZ0Ryb3BEb3duMSRkZGwwM319IiBVcmxFbmNvZGU9IlRydWUiIC8+DQogICAgICAgIDxGb3JtUG9zdFBhcmFtZXRlciBOYW1lPSJ1Y0Nhc2NhZGluZ0Ryb3BEb3duMSRkZGwwNCIgVmFsdWU9IiIgUmVjb3JkZWRWYWx1ZT0iIiBDb3JyZWxhdGlvbkJpbmRpbmc9IiIgVXJsRW5jb2RlPSJUcnVlIiAvPg0KICAgICAgICA8Rm9ybVBvc3RQYXJhbWV0ZXIgTmFtZT0idWNDYXNjYWRpbmdEcm9wRG93bjEkQ2FzY2FkaW5nRHJvcERvd24xX0NsaWVudFN0YXRlIiBWYWx1ZT0iU1BIQksxOjo65rC46LGQ6YqA6KGMOjo6IiBSZWNvcmRlZFZhbHVlPSJTUEhCSzE6OjrmsLjosZDpioDooYw6OjoiIENvcnJlbGF0aW9uQmluZGluZz0iIiBVcmxFbmNvZGU9IlRydWUiIC8+DQogICAgICAgIDxGb3JtUG9zdFBhcmFtZXRlciBOYW1lPSJ1Y0Nhc2NhZGluZ0Ryb3BEb3duMSRDYXNjYWRpbmdEcm9wRG93bjJfQ2xpZW50U3RhdGUiIFZhbHVlPSIwMDBHMDA6Ojrkurrlipvos4fmupDomZU6OjoiIFJlY29yZGVkVmFsdWU9IjAwMEcwMDo6OuS6uuWKm+izh+a6kOiZlTo6OiIgQ29ycmVsYXRpb25CaW5kaW5nPSIiIFVybEVuY29kZT0iVHJ1ZSIgLz4NCiAgICAgICAgPEZvcm1Qb3N0UGFyYW1ldGVyIE5hbWU9InVjQ2FzY2FkaW5nRHJvcERvd24xJENhc2NhZGluZ0Ryb3BEb3duM19DbGllbnRTdGF0ZSIgVmFsdWU9IjAwMEc5MDo6OuS6uuizh+aVuOaTmuaHieeUqOenkTo6OiIgUmVjb3JkZWRWYWx1ZT0iMDAwRzkwOjo65Lq66LOH5pW45pOa5oeJ55So56eROjo6IiBDb3JyZWxhdGlvbkJpbmRpbmc9IiIgVXJsRW5jb2RlPSJUcnVlIiAvPg0KICAgICAgICA8Rm9ybVBvc3RQYXJhbWV0ZXIgTmFtZT0idWNDYXNjYWRpbmdEcm9wRG93bjEkQ2FzY2FkaW5nRHJvcERvd240X0NsaWVudFN0YXRlIiBWYWx1ZT0ie3skSElEREVOMS51Y0Nhc2NhZGluZ0Ryb3BEb3duMSRDYXNjYWRpbmdEcm9wRG93bjRfQ2xpZW50U3RhdGV9fSIgUmVjb3JkZWRWYWx1ZT0iOjo6Ojo6IiBDb3JyZWxhdGlvbkJpbmRpbmc9IiIgVXJsRW5jb2RlPSJUcnVlIiAvPg0KICAgICAgICA8Rm9ybVBvc3RQYXJhbWV0ZXIgTmFtZT0idWNDYXNjYWRpbmdEcm9wRG93bjEkQ2FzY2FkaW5nRHJvcERvd241X0NsaWVudFN0YXRlIiBWYWx1ZT0ie3skSElEREVOMS51Y0Nhc2NhZGluZ0Ryb3BEb3duMSRDYXNjYWRpbmdEcm9wRG93bjVfQ2xpZW50U3RhdGV9fSIgUmVjb3JkZWRWYWx1ZT0iIiBDb3JyZWxhdGlvbkJpbmRpbmc9IiIgVXJsRW5jb2RlPSJUcnVlIiAvPg0KICAgICAgICA8Rm9ybVBvc3RQYXJhbWV0ZXIgTmFtZT0idWNDYXNjYWRpbmdEcm9wRG93bjIkQ2FzY2FkaW5nRHJvcERvd24xX0NsaWVudFN0YXRlIiBWYWx1ZT0ie3skSElEREVOMS51Y0Nhc2NhZGluZ0Ryb3BEb3duMiRDYXNjYWRpbmdEcm9wRG93bjFfQ2xpZW50U3RhdGV9fSIgUmVjb3JkZWRWYWx1ZT0iOjo6Ojo6IiBDb3JyZWxhdGlvbkJpbmRpbmc9IiIgVXJsRW5jb2RlPSJUcnVlIiAvPg0KICAgICAgICA8Rm9ybVBvc3RQYXJhbWV0ZXIgTmFtZT0idWNDYXNjYWRpbmdEcm9wRG93bjIkQ2FzY2FkaW5nRHJvcERvd24yX0NsaWVudFN0YXRlIiBWYWx1ZT0ie3skSElEREVOMS51Y0Nhc2NhZGluZ0Ryb3BEb3duMiRDYXNjYWRpbmdEcm9wRG93bjJfQ2xpZW50U3RhdGV9fSIgUmVjb3JkZWRWYWx1ZT0iOjo6Ojo6IiBDb3JyZWxhdGlvbkJpbmRpbmc9IiIgVXJsRW5jb2RlPSJUcnVlIiAvPg0KICAgICAgICA8Rm9ybVBvc3RQYXJhbWV0ZXIgTmFtZT0idWNDYXNjYWRpbmdEcm9wRG93bjIkQ2FzY2FkaW5nRHJvcERvd24zX0NsaWVudFN0YXRlIiBWYWx1ZT0ie3skSElEREVOMS51Y0Nhc2NhZGluZ0Ryb3BEb3duMiRDYXNjYWRpbmdEcm9wRG93bjNfQ2xpZW50U3RhdGV9fSIgUmVjb3JkZWRWYWx1ZT0iOjo6Ojo6IiBDb3JyZWxhdGlvbkJpbmRpbmc9IiIgVXJsRW5jb2RlPSJUcnVlIiAvPg0KICAgICAgICA8Rm9ybVBvc3RQYXJhbWV0ZXIgTmFtZT0idWNDYXNjYWRpbmdEcm9wRG93bjIkQ2FzY2FkaW5nRHJvcERvd240X0NsaWVudFN0YXRlIiBWYWx1ZT0ie3skSElEREVOMS51Y0Nhc2NhZGluZ0Ryb3BEb3duMiRDYXNjYWRpbmdEcm9wRG93bjRfQ2xpZW50U3RhdGV9fSIgUmVjb3JkZWRWYWx1ZT0iIiBDb3JyZWxhdGlvbkJpbmRpbmc9IiIgVXJsRW5jb2RlPSJUcnVlIiAvPg0KICAgICAgICA8Rm9ybVBvc3RQYXJhbWV0ZXIgTmFtZT0idWNDYXNjYWRpbmdEcm9wRG93bjIkQ2FzY2FkaW5nRHJvcERvd241X0NsaWVudFN0YXRlIiBWYWx1ZT0ie3skSElEREVOMS51Y0Nhc2NhZGluZ0Ryb3BEb3duMiRDYXNjYWRpbmdEcm9wRG93bjVfQ2xpZW50U3RhdGV9fSIgUmVjb3JkZWRWYWx1ZT0iIiBDb3JyZWxhdGlvbkJpbmRpbmc9IiIgVXJsRW5jb2RlPSJUcnVlIiAvPg0KICAgICAgICA8Rm9ybVBvc3RQYXJhbWV0ZXIgTmFtZT0iZnJhbWVBdHRhY2giIFZhbHVlPSIvVXRpbC9BdHRhY2hBZG1pbi5hc3B4P0F0dGFjaERCPUFhdHRlbmRhbnREQl9JVFJEJmFtcDtBdHRhY2hJRD10ZXN0MTAyMTE5ZDc5MmRkYzgtMWYwYy00YmU2LWJhMDYtMWJkNTI4MGNiMjlhJmFtcDtBdHRhY2hGaWxlTWF4UXR5PTEmYW1wO0F0dGFjaEZpbGVNYXhLQj0zMDcyJmFtcDtBdHRhY2hGaWxlVG90S0I9MzA3MiZhbXA7QXR0YWNoRmlsZUV4dExpc3Q9IiBSZWNvcmRlZFZhbHVlPSIvVXRpbC9BdHRhY2hBZG1pbi5hc3B4P0F0dGFjaERCPUFhdHRlbmRhbnREQl9JVFJEJmFtcDtBdHRhY2hJRD10ZXN0MTAyMTE5ZDc5MmRkYzgtMWYwYy00YmU2LWJhMDYtMWJkNTI4MGNiMjlhJmFtcDtBdHRhY2hGaWxlTWF4UXR5PTEmYW1wO0F0dGFjaEZpbGVNYXhLQj0zMDcyJmFtcDtBdHRhY2hGaWxlVG90S0I9MzA3MiZhbXA7QXR0YWNoRmlsZUV4dExpc3Q9IiBDb3JyZWxhdGlvbkJpbmRpbmc9IiIgVXJsRW5jb2RlPSJUcnVlIiAvPg0KICAgICAgICA8Rm9ybVBvc3RQYXJhbWV0ZXIgTmFtZT0idWNNb2RhbFBvcHVwMSRDbGllbnRXaWR0aCIgVmFsdWU9Int7JEhJRERFTjEudWNNb2RhbFBvcHVwMSRDbGllbnRXaWR0aH19IiBSZWNvcmRlZFZhbHVlPSIwIiBDb3JyZWxhdGlvbkJpbmRpbmc9IiIgVXJsRW5jb2RlPSJUcnVlIiAvPg0KICAgICAgICA8Rm9ybVBvc3RQYXJhbWV0ZXIgTmFtZT0idWNNb2RhbFBvcHVwMSRDbGllbnRIZWlnaHQiIFZhbHVlPSJ7eyRISURERU4xLnVjTW9kYWxQb3B1cDEkQ2xpZW50SGVpZ2h0fX0iIFJlY29yZGVkVmFsdWU9IjAiIENvcnJlbGF0aW9uQmluZGluZz0iIiBVcmxFbmNvZGU9IlRydWUiIC8+DQogICAgICAgIDxGb3JtUG9zdFBhcmFtZXRlciBOYW1lPSJoaWRkZW5JbnB1dFRvVXBkYXRlQVRCdWZmZXJfQ29tbW9uVG9vbGtpdFNjcmlwdHMiIFZhbHVlPSIwIiBSZWNvcmRlZFZhbHVlPSIwIiBDb3JyZWxhdGlvbkJpbmRpbmc9Int7Rm9ybVBvc3RQYXJhbTc3LmhpZGRlbklucHV0VG9VcGRhdGVBVEJ1ZmZlcl9Db21tb25Ub29sa2l0U2NyaXB0c319IiBVcmxFbmNvZGU9IlRydWUiIC8+DQogICAgICA8L0Zvcm1Qb3N0SHR0cEJvZHk+DQogICAgPC9SZXF1ZXN0Pg0KICAgIDxSZXF1ZXN0IE1ldGhvZD0iUE9TVCIgR3VpZD0iM2JjNjc3YTEtNTYyOS00MDYzLTg0NmMtYjFhNWQ1YWRiNWU0IiBWZXJzaW9uPSIxLjEiIFVybD0iaHR0cDovLzEwLjExLjM2LjExNDo4MDA3L1V0aWwvV2NmQ2FzY2FkaW5nSGVscGVyLnN2Yy9VdGlsX0dldFVzZXIiIFRoaW5rVGltZT0iMCIgVGltZW91dD0iMzAwIiBQYXJzZURlcGVuZGVudFJlcXVlc3RzPSJUcnVlIiBGb2xsb3dSZWRpcmVjdHM9IlRydWUiIFJlY29yZFJlc3VsdD0iVHJ1ZSIgQ2FjaGU9IkZhbHNlIiBSZXNwb25zZVRpbWVHb2FsPSIwIiBFbmNvZGluZz0idXRmLTgiIEV4cGVjdGVkSHR0cFN0YXR1c0NvZGU9IjAiIEV4cGVjdGVkUmVzcG9uc2VVcmw9IiIgUmVwb3J0aW5nTmFtZT0iIiBJZ25vcmVIdHRwU3RhdHVzQ29kZT0iRmFsc2UiPg0KICAgICAgPFN0cmluZ0h0dHBCb2R5IENvbnRlbnRUeXBlPSJhcHBsaWNhdGlvbi9qc29uOyBjaGFyc2V0PXV0Zi04IiBJbnNlcnRCeXRlT3JkZXJNYXJrPSJGYWxzZSI+ZXdBaUFHc0FiZ0J2QUhjQWJnQkRBR0VBZEFCbEFHY0Fid0J5QUhrQVZnQmhBR3dBZFFCbEFITUFJZ0E2QUNJQUlnQXNBQ0lBWXdCaEFIUUFaUUJuQUc4QWNnQjVBQ0lBT2dBaUFFTUFid0J0QUhBQVNRQkVBQ0lBTEFBaUFHTUFid0J1QUhRQVpRQjRBSFFBU3dCbEFIa0FJZ0E2QUNJQVNRQnpBRklBWlFCaEFHUUFUd0J1QUd3QWVRQTZBRmtBT3dCVEFHVUFiQUJsQUdNQWRBQmxBR1FBVmdCaEFHd0FkUUJsQURvQVV3QlFBRWdBUWdCTEFERUFPd0JKQUhNQVF3Qm9BR3NBVmdCaEFHd0FhUUJrQURvQVdRQTdBRllBWVFCc0FHa0FaQUJMQUdVQWVRQk1BR2tBY3dCMEFEb0FPd0FpQUgwQTwvU3RyaW5nSHR0cEJvZHk+DQogICAgPC9SZXF1ZXN0Pg0KICAgIDxSZXF1ZXN0IE1ldGhvZD0iUE9TVCIgR3VpZD0iN2M5NmY0NzEtZmMyNy00YTcwLThmMDQtYzk2YzYwNTY1ZGVkIiBWZXJzaW9uPSIxLjEiIFVybD0iaHR0cDovLzEwLjExLjM2LjExNDo4MDA3L1V0aWwvV2NmQ2FzY2FkaW5nSGVscGVyLnN2Yy9VdGlsX0dldFVzZXIiIFRoaW5rVGltZT0iMCIgVGltZW91dD0iMzAwIiBQYXJzZURlcGVuZGVudFJlcXVlc3RzPSJUcnVlIiBGb2xsb3dSZWRpcmVjdHM9IlRydWUiIFJlY29yZFJlc3VsdD0iVHJ1ZSIgQ2FjaGU9IkZhbHNlIiBSZXNwb25zZVRpbWVHb2FsPSIwIiBFbmNvZGluZz0idXRmLTgiIEV4cGVjdGVkSHR0cFN0YXR1c0NvZGU9IjAiIEV4cGVjdGVkUmVzcG9uc2VVcmw9IiIgUmVwb3J0aW5nTmFtZT0iIiBJZ25vcmVIdHRwU3RhdHVzQ29kZT0iRmFsc2UiPg0KICAgICAgPFN0cmluZ0h0dHBCb2R5IENvbnRlbnRUeXBlPSJhcHBsaWNhdGlvbi9qc29uOyBjaGFyc2V0PXV0Zi04IiBJbnNlcnRCeXRlT3JkZXJNYXJrPSJGYWxzZSI+ZXdBaUFHc0FiZ0J2QUhjQWJnQkRBR0VBZEFCbEFHY0Fid0J5QUhrQVZnQmhBR3dBZFFCbEFITUFJZ0E2QUNJQVF3QnZBRzBBY0FCSkFFUUFPZ0JUQUZBQVNBQkNBRXNBTVFBN0FDSUFMQUFpQUdNQVlRQjBBR1VBWndCdkFISUFlUUFpQURvQUlnQkVBR1VBY0FCMEFFa0FSQUFpQUN3QUlnQmpBRzhBYmdCMEFHVUFlQUIwQUVzQVpRQjVBQ0lBT2dBaUFFa0Fjd0JTQUdVQVlRQmtBRThBYmdCc0FIa0FPZ0JPQURzQVV3QmxBR3dBWlFCakFIUUFaUUJrQUZZQVlRQnNBSFVBWlFBNkFEQUFNQUF3QUVjQU1BQXdBRHNBU1FCekFFTUFhQUJyQUZZQVlRQnNBR2tBWkFBNkFGa0FPd0JXQUdFQWJBQnBBR1FBU3dCbEFIa0FUQUJwQUhNQWRBQTZBRHNBSWdCOUFBPT08L1N0cmluZ0h0dHBCb2R5Pg0KICAgIDwvUmVxdWVzdD4NCiAgICA8UmVxdWVzdCBNZXRob2Q9IlBPU1QiIEd1aWQ9IjYwNmZhYmJkLWY3ZGYtNDgxZi04ZDFjLTczMGE4MTEyOWU3NyIgVmVyc2lvbj0iMS4xIiBVcmw9Imh0dHA6Ly8xMC4xMS4zNi4xMTQ6ODAwNy9VdGlsL1djZkNhc2NhZGluZ0hlbHBlci5zdmMvVXRpbF9HZXRVc2VyIiBUaGlua1RpbWU9IjAiIFRpbWVvdXQ9IjMwMCIgUGFyc2VEZXBlbmRlbnRSZXF1ZXN0cz0iVHJ1ZSIgRm9sbG93UmVkaXJlY3RzPSJUcnVlIiBSZWNvcmRSZXN1bHQ9IlRydWUiIENhY2hlPSJGYWxzZSIgUmVzcG9uc2VUaW1lR29hbD0iMCIgRW5jb2Rpbmc9InV0Zi04IiBFeHBlY3RlZEh0dHBTdGF0dXNDb2RlPSIwIiBFeHBlY3RlZFJlc3BvbnNlVXJsPSIiIFJlcG9ydGluZ05hbWU9IiIgSWdub3JlSHR0cFN0YXR1c0NvZGU9IkZhbHNlIj4NCiAgICAgIDxTdHJpbmdIdHRwQm9keSBDb250ZW50VHlwZT0iYXBwbGljYXRpb24vanNvbjsgY2hhcnNldD11dGYtOCIgSW5zZXJ0Qnl0ZU9yZGVyTWFyaz0iRmFsc2UiPmV3QWlBR3NBYmdCdkFIY0FiZ0JEQUdFQWRBQmxBR2NBYndCeUFIa0FWZ0JoQUd3QWRRQmxBSE1BSWdBNkFDSUFRd0J2QUcwQWNBQkpBRVFBT2dCVEFGQUFTQUJDQUVzQU1RQTdBRVFBWlFCd0FIUUFTUUJFQURvQU1BQXdBREFBUndBd0FEQUFPd0FpQUN3QUlnQmpBR0VBZEFCbEFHY0Fid0J5QUhrQUlnQTZBQ0lBVHdCeUFHY0FZUUJ1QUVrQVJBQWlBQ3dBSWdCakFHOEFiZ0IwQUdVQWVBQjBBRXNBWlFCNUFDSUFPZ0FpQUVrQWN3QlNBR1VBWVFCa0FFOEFiZ0JzQUhrQU9nQk9BRHNBVXdCbEFHd0FaUUJqQUhRQVpRQmtBRllBWVFCc0FIVUFaUUE2QURBQU1BQXdBRWNBT1FBd0FEc0FTUUJ6QUVNQWFBQnJBRllBWVFCc0FHa0FaQUE2QUZrQU93QldBR0VBYkFCcEFHUUFTd0JsQUhrQVRBQnBBSE1BZEFBNkFEc0FJZ0I5QUE9PTwvU3RyaW5nSHR0cEJvZHk+DQogICAgPC9SZXF1ZXN0Pg0KICAgIDxSZXF1ZXN0IE1ldGhvZD0iUE9TVCIgR3VpZD0iY2I5N2YyOTItYmU1Ny00OTZiLThkODctOGIwZDkwOTkxODRhIiBWZXJzaW9uPSIxLjEiIFVybD0iaHR0cDovLzEwLjExLjM2LjExNDo4MDA3L1V0aWwvV2NmQ2FzY2FkaW5nSGVscGVyLnN2Yy9VdGlsX0dldFVzZXIiIFRoaW5rVGltZT0iMCIgVGltZW91dD0iMzAwIiBQYXJzZURlcGVuZGVudFJlcXVlc3RzPSJUcnVlIiBGb2xsb3dSZWRpcmVjdHM9IlRydWUiIFJlY29yZFJlc3VsdD0iVHJ1ZSIgQ2FjaGU9IkZhbHNlIiBSZXNwb25zZVRpbWVHb2FsPSIwIiBFbmNvZGluZz0idXRmLTgiIEV4cGVjdGVkSHR0cFN0YXR1c0NvZGU9IjAiIEV4cGVjdGVkUmVzcG9uc2VVcmw9IiIgUmVwb3J0aW5nTmFtZT0iIiBJZ25vcmVIdHRwU3RhdHVzQ29kZT0iRmFsc2UiPg0KICAgICAgPFN0cmluZ0h0dHBCb2R5IENvbnRlbnRUeXBlPSJhcHBsaWNhdGlvbi9qc29uOyBjaGFyc2V0PXV0Zi04IiBJbnNlcnRCeXRlT3JkZXJNYXJrPSJGYWxzZSI+ZXdBaUFHc0FiZ0J2QUhjQWJnQkRBR0VBZEFCbEFHY0Fid0J5QUhrQVZnQmhBR3dBZFFCbEFITUFJZ0E2QUNJQVF3QnZBRzBBY0FCSkFFUUFPZ0JUQUZBQVNBQkNBRXNBTVFBN0FFUUFaUUJ3QUhRQVNRQkVBRG9BTUFBd0FEQUFSd0F3QURBQU93QlBBSElBWndCaEFHNEFTUUJFQURvQU1BQXdBREFBUndBNUFEQUFPd0FpQUN3QUlnQmpBR0VBZEFCbEFHY0Fid0J5QUhrQUlnQTZBQ0lBVlFCekFHVUFjZ0JKQUVRQUlnQXNBQ0lBWXdCdkFHNEFkQUJsQUhnQWRBQkxBR1VBZVFBaUFEb0FJZ0JKQUhNQVVnQmxBR0VBWkFCUEFHNEFiQUI1QURvQVRnQTdBRk1BWlFCc0FHVUFZd0IwQUdVQVpBQldBR0VBYkFCMUFHVUFPZ0E3QUVrQWN3QkRBR2dBYXdCV0FHRUFiQUJwQUdRQU9nQlpBRHNBVmdCaEFHd0FhUUJrQUVzQVpRQjVBRXdBYVFCekFIUUFPZ0E3QUNJQWZRQT08L1N0cmluZ0h0dHBCb2R5Pg0KICAgIDwvUmVxdWVzdD4NCiAgICA8UmVxdWVzdCBNZXRob2Q9IlBPU1QiIEd1aWQ9ImY0OWQ2ZmNiLTc0N2MtNDUyZC1hYjE3LTBkZGNjMzYzNTQzNyIgVmVyc2lvbj0iMS4xIiBVcmw9Imh0dHA6Ly8xMC4xMS4zNi4xMTQ6ODAwNy9VdGlsL1djZkNhc2NhZGluZ0hlbHBlci5zdmMvVXRpbF9HZXRVc2VyIiBUaGlua1RpbWU9IjAiIFRpbWVvdXQ9IjMwMCIgUGFyc2VEZXBlbmRlbnRSZXF1ZXN0cz0iVHJ1ZSIgRm9sbG93UmVkaXJlY3RzPSJUcnVlIiBSZWNvcmRSZXN1bHQ9IlRydWUiIENhY2hlPSJGYWxzZSIgUmVzcG9uc2VUaW1lR29hbD0iMCIgRW5jb2Rpbmc9InV0Zi04IiBFeHBlY3RlZEh0dHBTdGF0dXNDb2RlPSIwIiBFeHBlY3RlZFJlc3BvbnNlVXJsPSIiIFJlcG9ydGluZ05hbWU9IiIgSWdub3JlSHR0cFN0YXR1c0NvZGU9IkZhbHNlIj4NCiAgICAgIDxTdHJpbmdIdHRwQm9keSBDb250ZW50VHlwZT0iYXBwbGljYXRpb24vanNvbjsgY2hhcnNldD11dGYtOCIgSW5zZXJ0Qnl0ZU9yZGVyTWFyaz0iRmFsc2UiPmV3QWlBR3NBYmdCdkFIY0FiZ0JEQUdFQWRBQmxBR2NBYndCeUFIa0FWZ0JoQUd3QWRRQmxBSE1BSWdBNkFDSUFJZ0FzQUNJQVl3QmhBSFFBWlFCbkFHOEFjZ0I1QUNJQU9nQWlBRU1BWVFCMEFHVUFad0J2QUhJQWVRQXdBREVBSWdBc0FDSUFZd0J2QUc0QWRBQmxBSGdBZEFCTEFHVUFlUUFpQURvQUlnQkpBSE1BVWdCbEFHRUFaQUJQQUc0QWJBQjVBRG9BVGdBN0FGTUFaUUJzQUdVQVl3QjBBR1VBWkFCV0FHRUFiQUIxQUdVQU9nQTdBRWtBY3dCREFHZ0Fhd0JXQUdFQWJBQnBBR1FBT2dCWkFEc0FWZ0JoQUd3QWFRQmtBRXNBWlFCNUFFd0FhUUJ6QUhRQU9nQTdBQ0lBZlFBPTwvU3RyaW5nSHR0cEJvZHk+DQogICAgPC9SZXF1ZXN0Pg0KICAgIDxSZXF1ZXN0IE1ldGhvZD0iUE9TVCIgR3VpZD0iM2MwODIxMzUtMjEyNy00NzY3LWJlYjAtMTZiNzU1MTBiNzJlIiBWZXJzaW9uPSIxLjEiIFVybD0iaHR0cDovLzEwLjExLjM2LjExNDo4MDA3L1V0aWwvV2NmQ2FzY2FkaW5nSGVscGVyLnN2Yy9VdGlsX0dldFVzZXIiIFRoaW5rVGltZT0iMCIgVGltZW91dD0iMzAwIiBQYXJzZURlcGVuZGVudFJlcXVlc3RzPSJUcnVlIiBGb2xsb3dSZWRpcmVjdHM9IlRydWUiIFJlY29yZFJlc3VsdD0iVHJ1ZSIgQ2FjaGU9IkZhbHNlIiBSZXNwb25zZVRpbWVHb2FsPSIwIiBFbmNvZGluZz0idXRmLTgiIEV4cGVjdGVkSHR0cFN0YXR1c0NvZGU9IjAiIEV4cGVjdGVkUmVzcG9uc2VVcmw9IiIgUmVwb3J0aW5nTmFtZT0iIiBJZ25vcmVIdHRwU3RhdHVzQ29kZT0iRmFsc2UiPg0KICAgICAgPFN0cmluZ0h0dHBCb2R5IENvbnRlbnRUeXBlPSJhcHBsaWNhdGlvbi9qc29uOyBjaGFyc2V0PXV0Zi04IiBJbnNlcnRCeXRlT3JkZXJNYXJrPSJGYWxzZSI+ZXdBaUFHc0FiZ0J2QUhjQWJnQkRBR0VBZEFCbEFHY0Fid0J5QUhrQVZnQmhBR3dBZFFCbEFITUFJZ0E2QUNJQUlnQXNBQ0lBWXdCaEFIUUFaUUJuQUc4QWNnQjVBQ0lBT2dBaUFFTUFid0J0QUhBQVNRQkVBQ0lBTEFBaUFHTUFid0J1QUhRQVpRQjRBSFFBU3dCbEFIa0FJZ0E2QUNJQVNRQnpBRklBWlFCaEFHUUFUd0J1QUd3QWVRQTZBRmtBT3dCVEFHVUFiQUJsQUdNQWRBQmxBR1FBVmdCaEFHd0FkUUJsQURvQVV3QlFBRWdBUWdCTEFERUFPd0JKQUhNQVF3Qm9BR3NBVmdCaEFHd0FhUUJrQURvQVdRQTdBRllBWVFCc0FHa0FaQUJMQUdVQWVRQk1BR2tBY3dCMEFEb0FPd0FpQUgwQTwvU3RyaW5nSHR0cEJvZHk+DQogICAgPC9SZXF1ZXN0Pg0KICAgIDxSZXF1ZXN0IE1ldGhvZD0iUE9TVCIgR3VpZD0iMzNlMjZiZWEtNzAzMi00MWJiLTk2ODctMmU0OTFhZjQyNTBlIiBWZXJzaW9uPSIxLjEiIFVybD0iaHR0cDovLzEwLjExLjM2LjExNDo4MDA3L1V0aWwvV2NmQ2FzY2FkaW5nSGVscGVyLnN2Yy9VdGlsX0dldFVzZXIiIFRoaW5rVGltZT0iMCIgVGltZW91dD0iMzAwIiBQYXJzZURlcGVuZGVudFJlcXVlc3RzPSJUcnVlIiBGb2xsb3dSZWRpcmVjdHM9IlRydWUiIFJlY29yZFJlc3VsdD0iVHJ1ZSIgQ2FjaGU9IkZhbHNlIiBSZXNwb25zZVRpbWVHb2FsPSIwIiBFbmNvZGluZz0idXRmLTgiIEV4cGVjdGVkSHR0cFN0YXR1c0NvZGU9IjAiIEV4cGVjdGVkUmVzcG9uc2VVcmw9IiIgUmVwb3J0aW5nTmFtZT0iIiBJZ25vcmVIdHRwU3RhdHVzQ29kZT0iRmFsc2UiPg0KICAgICAgPFN0cmluZ0h0dHBCb2R5IENvbnRlbnRUeXBlPSJhcHBsaWNhdGlvbi9qc29uOyBjaGFyc2V0PXV0Zi04IiBJbnNlcnRCeXRlT3JkZXJNYXJrPSJGYWxzZSI+ZXdBaUFHc0FiZ0J2QUhjQWJnQkRBR0VBZEFCbEFHY0Fid0J5QUhrQVZnQmhBR3dBZFFCbEFITUFJZ0E2QUNJQVF3QnZBRzBBY0FCSkFFUUFPZ0JUQUZBQVNBQkNBRXNBTVFBN0FDSUFMQUFpQUdNQVlRQjBBR1VBWndCdkFISUFlUUFpQURvQUlnQkVBR1VBY0FCMEFFa0FSQUFpQUN3QUlnQmpBRzhBYmdCMEFHVUFlQUIwQUVzQVpRQjVBQ0lBT2dBaUFFa0Fjd0JTQUdVQVlRQmtBRThBYmdCc0FIa0FPZ0JPQURzQVV3QmxBR3dBWlFCakFIUUFaUUJrQUZZQVlRQnNBSFVBWlFBNkFEQUFNQUF3QUVjQU1BQXdBRHNBU1FCekFFTUFhQUJyQUZZQVlRQnNBR2tBWkFBNkFGa0FPd0JXQUdFQWJBQnBBR1FBU3dCbEFIa0FUQUJwQUhNQWRBQTZBRHNBSWdCOUFBPT08L1N0cmluZ0h0dHBCb2R5Pg0KICAgIDwvUmVxdWVzdD4NCiAgICA8UmVxdWVzdCBNZXRob2Q9IlBPU1QiIEd1aWQ9IjE0NGZlZDkxLTE1Y2YtNDA2Ny1iYjcwLTIxMjdjOThiMWUxMSIgVmVyc2lvbj0iMS4xIiBVcmw9Imh0dHA6Ly8xMC4xMS4zNi4xMTQ6ODAwNy9VdGlsL1djZkNhc2NhZGluZ0hlbHBlci5zdmMvVXRpbF9HZXRVc2VyIiBUaGlua1RpbWU9IjAiIFRpbWVvdXQ9IjMwMCIgUGFyc2VEZXBlbmRlbnRSZXF1ZXN0cz0iVHJ1ZSIgRm9sbG93UmVkaXJlY3RzPSJUcnVlIiBSZWNvcmRSZXN1bHQ9IlRydWUiIENhY2hlPSJGYWxzZSIgUmVzcG9uc2VUaW1lR29hbD0iMCIgRW5jb2Rpbmc9InV0Zi04IiBFeHBlY3RlZEh0dHBTdGF0dXNDb2RlPSIwIiBFeHBlY3RlZFJlc3BvbnNlVXJsPSIiIFJlcG9ydGluZ05hbWU9IiIgSWdub3JlSHR0cFN0YXR1c0NvZGU9IkZhbHNlIj4NCiAgICAgIDxTdHJpbmdIdHRwQm9keSBDb250ZW50VHlwZT0iYXBwbGljYXRpb24vanNvbjsgY2hhcnNldD11dGYtOCIgSW5zZXJ0Qnl0ZU9yZGVyTWFyaz0iRmFsc2UiPmV3QWlBR3NBYmdCdkFIY0FiZ0JEQUdFQWRBQmxBR2NBYndCeUFIa0FWZ0JoQUd3QWRRQmxBSE1BSWdBNkFDSUFRd0J2QUcwQWNBQkpBRVFBT2dCVEFGQUFTQUJDQUVzQU1RQTdBRVFBWlFCd0FIUUFTUUJFQURvQU1BQXdBREFBUndBd0FEQUFPd0FpQUN3QUlnQmpBR0VBZEFCbEFHY0Fid0J5QUhrQUlnQTZBQ0lBVHdCeUFHY0FZUUJ1QUVrQVJBQWlBQ3dBSWdCakFHOEFiZ0IwQUdVQWVBQjBBRXNBWlFCNUFDSUFPZ0FpQUVrQWN3QlNBR1VBWVFCa0FFOEFiZ0JzQUhrQU9nQk9BRHNBVXdCbEFHd0FaUUJqQUhRQVpRQmtBRllBWVFCc0FIVUFaUUE2QURBQU1BQXdBRWNBT1FBd0FEc0FTUUJ6QUVNQWFBQnJBRllBWVFCc0FHa0FaQUE2QUZrQU93QldBR0VBYkFCcEFHUUFTd0JsQUhrQVRBQnBBSE1BZEFBNkFEc0FJZ0I5QUE9PTwvU3RyaW5nSHR0cEJvZHk+DQogICAgPC9SZXF1ZXN0Pg0KICAgIDxSZXF1ZXN0IE1ldGhvZD0iUE9TVCIgR3VpZD0iNzU1NjEyNmMtYzJjNC00MTVmLTg2ZGQtMjc0MTRmYzcwZTE5IiBWZXJzaW9uPSIxLjEiIFVybD0iaHR0cDovLzEwLjExLjM2LjExNDo4MDA3L1V0aWwvV2NmQ2FzY2FkaW5nSGVscGVyLnN2Yy9VdGlsX0dldFVzZXIiIFRoaW5rVGltZT0iMCIgVGltZW91dD0iMzAwIiBQYXJzZURlcGVuZGVudFJlcXVlc3RzPSJUcnVlIiBGb2xsb3dSZWRpcmVjdHM9IlRydWUiIFJlY29yZFJlc3VsdD0iVHJ1ZSIgQ2FjaGU9IkZhbHNlIiBSZXNwb25zZVRpbWVHb2FsPSIwIiBFbmNvZGluZz0idXRmLTgiIEV4cGVjdGVkSHR0cFN0YXR1c0NvZGU9IjAiIEV4cGVjdGVkUmVzcG9uc2VVcmw9IiIgUmVwb3J0aW5nTmFtZT0iIiBJZ25vcmVIdHRwU3RhdHVzQ29kZT0iRmFsc2UiPg0KICAgICAgPFN0cmluZ0h0dHBCb2R5IENvbnRlbnRUeXBlPSJhcHBsaWNhdGlvbi9qc29uOyBjaGFyc2V0PXV0Zi04IiBJbnNlcnRCeXRlT3JkZXJNYXJrPSJGYWxzZSI+ZXdBaUFHc0FiZ0J2QUhjQWJnQkRBR0VBZEFCbEFHY0Fid0J5QUhrQVZnQmhBR3dBZFFCbEFITUFJZ0E2QUNJQVF3QnZBRzBBY0FCSkFFUUFPZ0JUQUZBQVNBQkNBRXNBTVFBN0FFUUFaUUJ3QUhRQVNRQkVBRG9BTUFBd0FEQUFSd0F3QURBQU93QlBBSElBWndCaEFHNEFTUUJFQURvQU1BQXdBREFBUndBNUFEQUFPd0FpQUN3QUlnQmpBR0VBZEFCbEFHY0Fid0J5QUhrQUlnQTZBQ0lBVlFCekFHVUFjZ0JKQUVRQUlnQXNBQ0lBWXdCdkFHNEFkQUJsQUhnQWRBQkxBR1VBZVFBaUFEb0FJZ0JKQUhNQVVnQmxBR0VBWkFCUEFHNEFiQUI1QURvQVRnQTdBRk1BWlFCc0FHVUFZd0IwQUdVQVpBQldBR0VBYkFCMUFHVUFPZ0E2QURvQU9nQTZBRG9BT2dBN0FFa0Fjd0JEQUdnQWF3QldBR0VBYkFCcEFHUUFPZ0JaQURzQVZnQmhBR3dBYVFCa0FFc0FaUUI1QUV3QWFRQnpBSFFBT2dBN0FDSUFmUUE9PC9TdHJpbmdIdHRwQm9keT4NCiAgICA8L1JlcXVlc3Q+DQogICAgPFJlcXVlc3QgTWV0aG9kPSJQT1NUIiBHdWlkPSI1ODJmMDJiZi0zMGJiLTQxZjItYWQ2ZC1lMzMwMTgyMTM5YjYiIFZlcnNpb249IjEuMSIgVXJsPSJodHRwOi8vMTAuMTEuMzYuMTE0OjgwMDcvVXRpbC9XY2ZDYXNjYWRpbmdIZWxwZXIuc3ZjL1V0aWxfR2V0VXNlciIgVGhpbmtUaW1lPSIwIiBUaW1lb3V0PSIzMDAiIFBhcnNlRGVwZW5kZW50UmVxdWVzdHM9IlRydWUiIEZvbGxvd1JlZGlyZWN0cz0iVHJ1ZSIgUmVjb3JkUmVzdWx0PSJUcnVlIiBDYWNoZT0iRmFsc2UiIFJlc3BvbnNlVGltZUdvYWw9IjAiIEVuY29kaW5nPSJ1dGYtOCIgRXhwZWN0ZWRIdHRwU3RhdHVzQ29kZT0iMCIgRXhwZWN0ZWRSZXNwb25zZVVybD0iIiBSZXBvcnRpbmdOYW1lPSIiIElnbm9yZUh0dHBTdGF0dXNDb2RlPSJGYWxzZSI+DQogICAgICA8U3RyaW5nSHR0cEJvZHkgQ29udGVudFR5cGU9ImFwcGxpY2F0aW9uL2pzb247IGNoYXJzZXQ9dXRmLTgiIEluc2VydEJ5dGVPcmRlck1hcms9IkZhbHNlIj5ld0FpQUdzQWJnQnZBSGNBYmdCREFHRUFkQUJsQUdjQWJ3QnlBSGtBVmdCaEFHd0FkUUJsQUhNQUlnQTZBQ0lBSWdBc0FDSUFZd0JoQUhRQVpRQm5BRzhBY2dCNUFDSUFPZ0FpQUVNQVlRQjBBR1VBWndCdkFISUFlUUF3QURFQUlnQXNBQ0lBWXdCdkFHNEFkQUJsQUhnQWRBQkxBR1VBZVFBaUFEb0FJZ0JKQUhNQVVnQmxBR0VBWkFCUEFHNEFiQUI1QURvQVRnQTdBRk1BWlFCc0FHVUFZd0IwQUdVQVpBQldBR0VBYkFCMUFHVUFPZ0E2QURvQU9nQTZBRG9BT2dBN0FFa0Fjd0JEQUdnQWF3QldBR0VBYkFCcEFHUUFPZ0JaQURzQVZnQmhBR3dBYVFCa0FFc0FaUUI1QUV3QWFRQnpBSFFBT2dBN0FDSUFmUUE9PC9TdHJpbmdIdHRwQm9keT4NCiAgICA8L1JlcXVlc3Q+DQogICAgPFJlcXVlc3QgTWV0aG9kPSJQT1NUIiBHdWlkPSI4MzdiYmY4OS1iZmQ5LTRlYTUtYTNlZi0xMWIyYmVkMzEyYjgiIFZlcnNpb249IjEuMSIgVXJsPSJodHRwOi8vMTAuMTEuMzYuMTE0OjgwMDcvVXRpbC9XY2ZDYXNjYWRpbmdIZWxwZXIuc3ZjL1V0aWxfR2V0VXNlciIgVGhpbmtUaW1lPSIwIiBUaW1lb3V0PSIzMDAiIFBhcnNlRGVwZW5kZW50UmVxdWVzdHM9IlRydWUiIEZvbGxvd1JlZGlyZWN0cz0iVHJ1ZSIgUmVjb3JkUmVzdWx0PSJUcnVlIiBDYWNoZT0iRmFsc2UiIFJlc3BvbnNlVGltZUdvYWw9IjAiIEVuY29kaW5nPSJ1dGYtOCIgRXhwZWN0ZWRIdHRwU3RhdHVzQ29kZT0iMCIgRXhwZWN0ZWRSZXNwb25zZVVybD0iIiBSZXBvcnRpbmdOYW1lPSIiIElnbm9yZUh0dHBTdGF0dXNDb2RlPSJGYWxzZSI+DQogICAgICA8U3RyaW5nSHR0cEJvZHkgQ29udGVudFR5cGU9ImFwcGxpY2F0aW9uL2pzb247IGNoYXJzZXQ9dXRmLTgiIEluc2VydEJ5dGVPcmRlck1hcms9IkZhbHNlIj5ld0FpQUdzQWJnQnZBSGNBYmdCREFHRUFkQUJsQUdjQWJ3QnlBSGtBVmdCaEFHd0FkUUJsQUhNQUlnQTZBQ0lBSWdBc0FDSUFZd0JoQUhRQVpRQm5BRzhBY2dCNUFDSUFPZ0FpQUVNQWJ3QnRBSEFBU1FCRUFDSUFMQUFpQUdNQWJ3QnVBSFFBWlFCNEFIUUFTd0JsQUhrQUlnQTZBQ0lBU1FCekFGSUFaUUJoQUdRQVR3QnVBR3dBZVFBNkFGa0FPd0JUQUdVQWJBQmxBR01BZEFCbEFHUUFWZ0JoQUd3QWRRQmxBRG9BVXdCUUFFZ0FRZ0JMQURFQU93QkpBSE1BUXdCb0FHc0FWZ0JoQUd3QWFRQmtBRG9BV1FBN0FGWUFZUUJzQUdrQVpBQkxBR1VBZVFCTUFHa0Fjd0IwQURvQU93QWlBSDBBPC9TdHJpbmdIdHRwQm9keT4NCiAgICA8L1JlcXVlc3Q+DQogICAgPFJlcXVlc3QgTWV0aG9kPSJQT1NUIiBHdWlkPSI2ZTE5YmI0Ni1jMTFkLTRlMGMtOWIyMy0yMjE4MjlkMDNiZDQiIFZlcnNpb249IjEuMSIgVXJsPSJodHRwOi8vMTAuMTEuMzYuMTE0OjgwMDcvVXRpbC9XY2ZDYXNjYWRpbmdIZWxwZXIuc3ZjL1V0aWxfR2V0VXNlciIgVGhpbmtUaW1lPSIwIiBUaW1lb3V0PSIzMDAiIFBhcnNlRGVwZW5kZW50UmVxdWVzdHM9IlRydWUiIEZvbGxvd1JlZGlyZWN0cz0iVHJ1ZSIgUmVjb3JkUmVzdWx0PSJUcnVlIiBDYWNoZT0iRmFsc2UiIFJlc3BvbnNlVGltZUdvYWw9IjAiIEVuY29kaW5nPSJ1dGYtOCIgRXhwZWN0ZWRIdHRwU3RhdHVzQ29kZT0iMCIgRXhwZWN0ZWRSZXNwb25zZVVybD0iIiBSZXBvcnRpbmdOYW1lPSIiIElnbm9yZUh0dHBTdGF0dXNDb2RlPSJGYWxzZSI+DQogICAgICA8U3RyaW5nSHR0cEJvZHkgQ29udGVudFR5cGU9ImFwcGxpY2F0aW9uL2pzb247IGNoYXJzZXQ9dXRmLTgiIEluc2VydEJ5dGVPcmRlck1hcms9IkZhbHNlIj5ld0FpQUdzQWJnQnZBSGNBYmdCREFHRUFkQUJsQUdjQWJ3QnlBSGtBVmdCaEFHd0FkUUJsQUhNQUlnQTZBQ0lBUXdCdkFHMEFjQUJKQUVRQU9nQlRBRkFBU0FCQ0FFc0FNUUE3QUNJQUxBQWlBR01BWVFCMEFHVUFad0J2QUhJQWVRQWlBRG9BSWdCRUFHVUFjQUIwQUVrQVJBQWlBQ3dBSWdCakFHOEFiZ0IwQUdVQWVBQjBBRXNBWlFCNUFDSUFPZ0FpQUVrQWN3QlNBR1VBWVFCa0FFOEFiZ0JzQUhrQU9nQk9BRHNBVXdCbEFHd0FaUUJqQUhRQVpRQmtBRllBWVFCc0FIVUFaUUE2QURBQU1BQXdBRWNBTUFBd0FEc0FTUUJ6QUVNQWFBQnJBRllBWVFCc0FHa0FaQUE2QUZrQU93QldBR0VBYkFCcEFHUUFTd0JsQUhrQVRBQnBBSE1BZEFBNkFEc0FJZ0I5QUE9PTwvU3RyaW5nSHR0cEJvZHk+DQogICAgPC9SZXF1ZXN0Pg0KICAgIDxSZXF1ZXN0IE1ldGhvZD0iUE9TVCIgR3VpZD0iYTUxZWMxOGItYWNiYS00YWQ0LTk0ZmItMzllZWE2NTlhMjlhIiBWZXJzaW9uPSIxLjEiIFVybD0iaHR0cDovLzEwLjExLjM2LjExNDo4MDA3L1V0aWwvV2NmQ2FzY2FkaW5nSGVscGVyLnN2Yy9VdGlsX0dldFVzZXIiIFRoaW5rVGltZT0iMCIgVGltZW91dD0iMzAwIiBQYXJzZURlcGVuZGVudFJlcXVlc3RzPSJUcnVlIiBGb2xsb3dSZWRpcmVjdHM9IlRydWUiIFJlY29yZFJlc3VsdD0iVHJ1ZSIgQ2FjaGU9IkZhbHNlIiBSZXNwb25zZVRpbWVHb2FsPSIwIiBFbmNvZGluZz0idXRmLTgiIEV4cGVjdGVkSHR0cFN0YXR1c0NvZGU9IjAiIEV4cGVjdGVkUmVzcG9uc2VVcmw9IiIgUmVwb3J0aW5nTmFtZT0iIiBJZ25vcmVIdHRwU3RhdHVzQ29kZT0iRmFsc2UiPg0KICAgICAgPFN0cmluZ0h0dHBCb2R5IENvbnRlbnRUeXBlPSJhcHBsaWNhdGlvbi9qc29uOyBjaGFyc2V0PXV0Zi04IiBJbnNlcnRCeXRlT3JkZXJNYXJrPSJGYWxzZSI+ZXdBaUFHc0FiZ0J2QUhjQWJnQkRBR0VBZEFCbEFHY0Fid0J5QUhrQVZnQmhBR3dBZFFCbEFITUFJZ0E2QUNJQVF3QnZBRzBBY0FCSkFFUUFPZ0JUQUZBQVNBQkNBRXNBTVFBN0FFUUFaUUJ3QUhRQVNRQkVBRG9BTUFBd0FEQUFSd0F3QURBQU93QWlBQ3dBSWdCakFHRUFkQUJsQUdjQWJ3QnlBSGtBSWdBNkFDSUFUd0J5QUdjQVlRQnVBRWtBUkFBaUFDd0FJZ0JqQUc4QWJnQjBBR1VBZUFCMEFFc0FaUUI1QUNJQU9nQWlBRWtBY3dCU0FHVUFZUUJrQUU4QWJnQnNBSGtBT2dCT0FEc0FVd0JsQUd3QVpRQmpBSFFBWlFCa0FGWUFZUUJzQUhVQVpRQTZBREFBTUFBd0FFY0FPUUF3QURzQVNRQnpBRU1BYUFCckFGWUFZUUJzQUdrQVpBQTZBRmtBT3dCV0FHRUFiQUJwQUdRQVN3QmxBSGtBVEFCcEFITUFkQUE2QURzQUlnQjlBQT09PC9TdHJpbmdIdHRwQm9keT4NCiAgICA8L1JlcXVlc3Q+DQogICAgPFJlcXVlc3QgTWV0aG9kPSJQT1NUIiBHdWlkPSIwZDA0YzhiOC1hNGJiLTRlNjItODMwNy1kYjEzZTM1OWViZWEiIFZlcnNpb249IjEuMSIgVXJsPSJodHRwOi8vMTAuMTEuMzYuMTE0OjgwMDcvVXRpbC9XY2ZDYXNjYWRpbmdIZWxwZXIuc3ZjL1V0aWxfR2V0VXNlciIgVGhpbmtUaW1lPSIwIiBUaW1lb3V0PSIzMDAiIFBhcnNlRGVwZW5kZW50UmVxdWVzdHM9IlRydWUiIEZvbGxvd1JlZGlyZWN0cz0iVHJ1ZSIgUmVjb3JkUmVzdWx0PSJUcnVlIiBDYWNoZT0iRmFsc2UiIFJlc3BvbnNlVGltZUdvYWw9IjAiIEVuY29kaW5nPSJ1dGYtOCIgRXhwZWN0ZWRIdHRwU3RhdHVzQ29kZT0iMCIgRXhwZWN0ZWRSZXNwb25zZVVybD0iIiBSZXBvcnRpbmdOYW1lPSIiIElnbm9yZUh0dHBTdGF0dXNDb2RlPSJGYWxzZSI+DQogICAgICA8U3RyaW5nSHR0cEJvZHkgQ29udGVudFR5cGU9ImFwcGxpY2F0aW9uL2pzb247IGNoYXJzZXQ9dXRmLTgiIEluc2VydEJ5dGVPcmRlck1hcms9IkZhbHNlIj5ld0FpQUdzQWJnQnZBSGNBYmdCREFHRUFkQUJsQUdjQWJ3QnlBSGtBVmdCaEFHd0FkUUJsQUhNQUlnQTZBQ0lBUXdCdkFHMEFjQUJKQUVRQU9nQlRBRkFBU0FCQ0FFc0FNUUE3QUVRQVpRQndBSFFBU1FCRUFEb0FNQUF3QURBQVJ3QXdBREFBT3dCUEFISUFad0JoQUc0QVNRQkVBRG9BTUFBd0FEQUFSd0E1QURBQU93QWlBQ3dBSWdCakFHRUFkQUJsQUdjQWJ3QnlBSGtBSWdBNkFDSUFWUUJ6QUdVQWNnQkpBRVFBSWdBc0FDSUFZd0J2QUc0QWRBQmxBSGdBZEFCTEFHVUFlUUFpQURvQUlnQkpBSE1BVWdCbEFHRUFaQUJQQUc0QWJBQjVBRG9BVGdBN0FGTUFaUUJzQUdVQVl3QjBBR1VBWkFCV0FHRUFiQUIxQUdVQU9nQTZBRG9BT2dBNkFEb0FPZ0E3QUVrQWN3QkRBR2dBYXdCV0FHRUFiQUJwQUdRQU9nQlpBRHNBVmdCaEFHd0FhUUJrQUVzQVpRQjVBRXdBYVFCekFIUUFPZ0E3QUNJQWZRQT08L1N0cmluZ0h0dHBCb2R5Pg0KICAgIDwvUmVxdWVzdD4NCiAgICA8UmVxdWVzdCBNZXRob2Q9IlBPU1QiIEd1aWQ9IjhhMDY1NDE1LTE3YjMtNDA2NC1iYTBhLTEzOTAzY2MzOTNkNiIgVmVyc2lvbj0iMS4xIiBVcmw9Imh0dHA6Ly8xMC4xMS4zNi4xMTQ6ODAwNy9VdGlsL1djZkNhc2NhZGluZ0hlbHBlci5zdmMvVXRpbF9HZXRVc2VyIiBUaGlua1RpbWU9IjAiIFRpbWVvdXQ9IjMwMCIgUGFyc2VEZXBlbmRlbnRSZXF1ZXN0cz0iVHJ1ZSIgRm9sbG93UmVkaXJlY3RzPSJUcnVlIiBSZWNvcmRSZXN1bHQ9IlRydWUiIENhY2hlPSJGYWxzZSIgUmVzcG9uc2VUaW1lR29hbD0iMCIgRW5jb2Rpbmc9InV0Zi04IiBFeHBlY3RlZEh0dHBTdGF0dXNDb2RlPSIwIiBFeHBlY3RlZFJlc3BvbnNlVXJsPSIiIFJlcG9ydGluZ05hbWU9IiIgSWdub3JlSHR0cFN0YXR1c0NvZGU9IkZhbHNlIj4NCiAgICAgIDxTdHJpbmdIdHRwQm9keSBDb250ZW50VHlwZT0iYXBwbGljYXRpb24vanNvbjsgY2hhcnNldD11dGYtOCIgSW5zZXJ0Qnl0ZU9yZGVyTWFyaz0iRmFsc2UiPmV3QWlBR3NBYmdCdkFIY0FiZ0JEQUdFQWRBQmxBR2NBYndCeUFIa0FWZ0JoQUd3QWRRQmxBSE1BSWdBNkFDSUFJZ0FzQUNJQVl3QmhBSFFBWlFCbkFHOEFjZ0I1QUNJQU9nQWlBRU1BWVFCMEFHVUFad0J2QUhJQWVRQXdBREVBSWdBc0FDSUFZd0J2QUc0QWRBQmxBSGdBZEFCTEFHVUFlUUFpQURvQUlnQkpBSE1BVWdCbEFHRUFaQUJQQUc0QWJBQjVBRG9BVGdBN0FGTUFaUUJzQUdVQVl3QjBBR1VBWkFCV0FHRUFiQUIxQUdVQU9nQTZBRG9BT2dBNkFEb0FPZ0E3QUVrQWN3QkRBR2dBYXdCV0FHRUFiQUJwQUdRQU9nQlpBRHNBVmdCaEFHd0FhUUJrQUVzQVpRQjVBRXdBYVFCekFIUUFPZ0E3QUNJQWZRQT08L1N0cmluZ0h0dHBCb2R5Pg0KICAgIDwvUmVxdWVzdD4NCiAgICA8UmVxdWVzdCBNZXRob2Q9IlBPU1QiIEd1aWQ9IjA2MGU3NzQ4LTU3ZjEtNDhkNi05ZWQxLWJiN2RjOTIxYWVjOCIgVmVyc2lvbj0iMS4xIiBVcmw9Imh0dHA6Ly8xMC4xMS4zNi4xMTQ6ODAwNy9VdGlsL1djZkNhc2NhZGluZ0hlbHBlci5zdmMvVXRpbF9HZXRVc2VyIiBUaGlua1RpbWU9IjAiIFRpbWVvdXQ9IjMwMCIgUGFyc2VEZXBlbmRlbnRSZXF1ZXN0cz0iVHJ1ZSIgRm9sbG93UmVkaXJlY3RzPSJUcnVlIiBSZWNvcmRSZXN1bHQ9IlRydWUiIENhY2hlPSJGYWxzZSIgUmVzcG9uc2VUaW1lR29hbD0iMCIgRW5jb2Rpbmc9InV0Zi04IiBFeHBlY3RlZEh0dHBTdGF0dXNDb2RlPSIwIiBFeHBlY3RlZFJlc3BvbnNlVXJsPSIiIFJlcG9ydGluZ05hbWU9IiIgSWdub3JlSHR0cFN0YXR1c0NvZGU9IkZhbHNlIj4NCiAgICAgIDxTdHJpbmdIdHRwQm9keSBDb250ZW50VHlwZT0iYXBwbGljYXRpb24vanNvbjsgY2hhcnNldD11dGYtOCIgSW5zZXJ0Qnl0ZU9yZGVyTWFyaz0iRmFsc2UiPmV3QWlBR3NBYmdCdkFIY0FiZ0JEQUdFQWRBQmxBR2NBYndCeUFIa0FWZ0JoQUd3QWRRQmxBSE1BSWdBNkFDSUFJZ0FzQUNJQVl3QmhBSFFBWlFCbkFHOEFjZ0I1QUNJQU9nQWlBRU1BYndCdEFIQUFTUUJFQUNJQUxBQWlBR01BYndCdUFIUUFaUUI0QUhRQVN3QmxBSGtBSWdBNkFDSUFTUUJ6QUZJQVpRQmhBR1FBVHdCdUFHd0FlUUE2QUZrQU93QlRBR1VBYkFCbEFHTUFkQUJsQUdRQVZnQmhBR3dBZFFCbEFEb0FVd0JRQUVnQVFnQkxBREVBT3dCSkFITUFRd0JvQUdzQVZnQmhBR3dBYVFCa0FEb0FXUUE3QUZZQVlRQnNBR2tBWkFCTEFHVUFlUUJNQUdrQWN3QjBBRG9BT3dBaUFIMEE8L1N0cmluZ0h0dHBCb2R5Pg0KICAgIDwvUmVxdWVzdD4NCiAgICA8UmVxdWVzdCBNZXRob2Q9IlBPU1QiIEd1aWQ9Ijg0OWUyNjkzLTM3OTMtNDdkOS04Y2QyLTE3ZjZiNjYwNjg3ZCIgVmVyc2lvbj0iMS4xIiBVcmw9Imh0dHA6Ly8xMC4xMS4zNi4xMTQ6ODAwNy9VdGlsL1djZkNhc2NhZGluZ0hlbHBlci5zdmMvVXRpbF9HZXRVc2VyIiBUaGlua1RpbWU9IjAiIFRpbWVvdXQ9IjMwMCIgUGFyc2VEZXBlbmRlbnRSZXF1ZXN0cz0iVHJ1ZSIgRm9sbG93UmVkaXJlY3RzPSJUcnVlIiBSZWNvcmRSZXN1bHQ9IlRydWUiIENhY2hlPSJGYWxzZSIgUmVzcG9uc2VUaW1lR29hbD0iMCIgRW5jb2Rpbmc9InV0Zi04IiBFeHBlY3RlZEh0dHBTdGF0dXNDb2RlPSIwIiBFeHBlY3RlZFJlc3BvbnNlVXJsPSIiIFJlcG9ydGluZ05hbWU9IiIgSWdub3JlSHR0cFN0YXR1c0NvZGU9IkZhbHNlIj4NCiAgICAgIDxTdHJpbmdIdHRwQm9keSBDb250ZW50VHlwZT0iYXBwbGljYXRpb24vanNvbjsgY2hhcnNldD11dGYtOCIgSW5zZXJ0Qnl0ZU9yZGVyTWFyaz0iRmFsc2UiPmV3QWlBR3NBYmdCdkFIY0FiZ0JEQUdFQWRBQmxBR2NBYndCeUFIa0FWZ0JoQUd3QWRRQmxBSE1BSWdBNkFDSUFRd0J2QUcwQWNBQkpBRVFBT2dCVEFGQUFTQUJDQUVzQU1RQTdBQ0lBTEFBaUFHTUFZUUIwQUdVQVp3QnZBSElBZVFBaUFEb0FJZ0JFQUdVQWNBQjBBRWtBUkFBaUFDd0FJZ0JqQUc4QWJnQjBBR1VBZUFCMEFFc0FaUUI1QUNJQU9nQWlBRWtBY3dCU0FHVUFZUUJrQUU4QWJnQnNBSGtBT2dCT0FEc0FVd0JsQUd3QVpRQmpBSFFBWlFCa0FGWUFZUUJzQUhVQVpRQTZBREFBTUFBd0FFY0FNQUF3QURzQVNRQnpBRU1BYUFCckFGWUFZUUJzQUdrQVpBQTZBRmtBT3dCV0FHRUFiQUJwQUdRQVN3QmxBSGtBVEFCcEFITUFkQUE2QURzQUlnQjlBQT09PC9TdHJpbmdIdHRwQm9keT4NCiAgICA8L1JlcXVlc3Q+DQogICAgPFJlcXVlc3QgTWV0aG9kPSJQT1NUIiBHdWlkPSI4NzVlYzhiZC1kZGZhLTRiZGQtOWE4Mi0yYjI0NjdjN2U2YmIiIFZlcnNpb249IjEuMSIgVXJsPSJodHRwOi8vMTAuMTEuMzYuMTE0OjgwMDcvVXRpbC9XY2ZDYXNjYWRpbmdIZWxwZXIuc3ZjL1V0aWxfR2V0VXNlciIgVGhpbmtUaW1lPSIwIiBUaW1lb3V0PSIzMDAiIFBhcnNlRGVwZW5kZW50UmVxdWVzdHM9IlRydWUiIEZvbGxvd1JlZGlyZWN0cz0iVHJ1ZSIgUmVjb3JkUmVzdWx0PSJUcnVlIiBDYWNoZT0iRmFsc2UiIFJlc3BvbnNlVGltZUdvYWw9IjAiIEVuY29kaW5nPSJ1dGYtOCIgRXhwZWN0ZWRIdHRwU3RhdHVzQ29kZT0iMCIgRXhwZWN0ZWRSZXNwb25zZVVybD0iIiBSZXBvcnRpbmdOYW1lPSIiIElnbm9yZUh0dHBTdGF0dXNDb2RlPSJGYWxzZSI+DQogICAgICA8U3RyaW5nSHR0cEJvZHkgQ29udGVudFR5cGU9ImFwcGxpY2F0aW9uL2pzb247IGNoYXJzZXQ9dXRmLTgiIEluc2VydEJ5dGVPcmRlck1hcms9IkZhbHNlIj5ld0FpQUdzQWJnQnZBSGNBYmdCREFHRUFkQUJsQUdjQWJ3QnlBSGtBVmdCaEFHd0FkUUJsQUhNQUlnQTZBQ0lBUXdCdkFHMEFjQUJKQUVRQU9nQlRBRkFBU0FCQ0FFc0FNUUE3QUVRQVpRQndBSFFBU1FCRUFEb0FNQUF3QURBQVJ3QXdBREFBT3dBaUFDd0FJZ0JqQUdFQWRBQmxBR2NBYndCeUFIa0FJZ0E2QUNJQVR3QnlBR2NBWVFCdUFFa0FSQUFpQUN3QUlnQmpBRzhBYmdCMEFHVUFlQUIwQUVzQVpRQjVBQ0lBT2dBaUFFa0Fjd0JTQUdVQVlRQmtBRThBYmdCc0FIa0FPZ0JPQURzQVV3QmxBR3dBWlFCakFIUUFaUUJrQUZZQVlRQnNBSFVBWlFBNkFEQUFNQUF3QUVjQU9RQXdBRHNBU1FCekFFTUFhQUJyQUZZQVlRQnNBR2tBWkFBNkFGa0FPd0JXQUdFQWJBQnBBR1FBU3dCbEFIa0FUQUJwQUhNQWRBQTZBRHNBSWdCOUFBPT08L1N0cmluZ0h0dHBCb2R5Pg0KICAgIDwvUmVxdWVzdD4NCiAgICA8UmVxdWVzdCBNZXRob2Q9IlBPU1QiIEd1aWQ9ImQ5YjhiNTFlLWUwYjAtNDM3OS04MTk4LWRiNjExMDdhMTkxOSIgVmVyc2lvbj0iMS4xIiBVcmw9Imh0dHA6Ly8xMC4xMS4zNi4xMTQ6ODAwNy9VdGlsL1djZkNhc2NhZGluZ0hlbHBlci5zdmMvVXRpbF9HZXRVc2VyIiBUaGlua1RpbWU9IjAiIFRpbWVvdXQ9IjMwMCIgUGFyc2VEZXBlbmRlbnRSZXF1ZXN0cz0iVHJ1ZSIgRm9sbG93UmVkaXJlY3RzPSJUcnVlIiBSZWNvcmRSZXN1bHQ9IlRydWUiIENhY2hlPSJGYWxzZSIgUmVzcG9uc2VUaW1lR29hbD0iMCIgRW5jb2Rpbmc9InV0Zi04IiBFeHBlY3RlZEh0dHBTdGF0dXNDb2RlPSIwIiBFeHBlY3RlZFJlc3BvbnNlVXJsPSIiIFJlcG9ydGluZ05hbWU9IiIgSWdub3JlSHR0cFN0YXR1c0NvZGU9IkZhbHNlIj4NCiAgICAgIDxTdHJpbmdIdHRwQm9keSBDb250ZW50VHlwZT0iYXBwbGljYXRpb24vanNvbjsgY2hhcnNldD11dGYtOCIgSW5zZXJ0Qnl0ZU9yZGVyTWFyaz0iRmFsc2UiPmV3QWlBR3NBYmdCdkFIY0FiZ0JEQUdFQWRBQmxBR2NBYndCeUFIa0FWZ0JoQUd3QWRRQmxBSE1BSWdBNkFDSUFRd0J2QUcwQWNBQkpBRVFBT2dCVEFGQUFTQUJDQUVzQU1RQTdBRVFBWlFCd0FIUUFTUUJFQURvQU1BQXdBREFBUndBd0FEQUFPd0JQQUhJQVp3QmhBRzRBU1FCRUFEb0FNQUF3QURBQVJ3QTVBREFBT3dBaUFDd0FJZ0JqQUdFQWRBQmxBR2NBYndCeUFIa0FJZ0E2QUNJQVZRQnpBR1VBY2dCSkFFUUFJZ0FzQUNJQVl3QnZBRzRBZEFCbEFIZ0FkQUJMQUdVQWVRQWlBRG9BSWdCSkFITUFVZ0JsQUdFQVpBQlBBRzRBYkFCNUFEb0FUZ0E3QUZNQVpRQnNBR1VBWXdCMEFHVUFaQUJXQUdFQWJBQjFBR1VBT2dBNkFEb0FPZ0E2QURvQU9nQTdBRWtBY3dCREFHZ0Fhd0JXQUdFQWJBQnBBR1FBT2dCWkFEc0FWZ0JoQUd3QWFRQmtBRXNBWlFCNUFFd0FhUUJ6QUhRQU9nQTdBQ0lBZlFBPTwvU3RyaW5nSHR0cEJvZHk+DQogICAgPC9SZXF1ZXN0Pg0KICAgIDxSZXF1ZXN0IE1ldGhvZD0iUE9TVCIgR3VpZD0iYzFhMDBlYzMtYmZkZC00YWFkLThiN2EtYjc1NGUwZTM2ZjBkIiBWZXJzaW9uPSIxLjEiIFVybD0iaHR0cDovLzEwLjExLjM2LjExNDo4MDA3L1V0aWwvV2NmQ2FzY2FkaW5nSGVscGVyLnN2Yy9VdGlsX0dldFVzZXIiIFRoaW5rVGltZT0iMCIgVGltZW91dD0iMzAwIiBQYXJzZURlcGVuZGVudFJlcXVlc3RzPSJUcnVlIiBGb2xsb3dSZWRpcmVjdHM9IlRydWUiIFJlY29yZFJlc3VsdD0iVHJ1ZSIgQ2FjaGU9IkZhbHNlIiBSZXNwb25zZVRpbWVHb2FsPSIwIiBFbmNvZGluZz0idXRmLTgiIEV4cGVjdGVkSHR0cFN0YXR1c0NvZGU9IjAiIEV4cGVjdGVkUmVzcG9uc2VVcmw9IiIgUmVwb3J0aW5nTmFtZT0iIiBJZ25vcmVIdHRwU3RhdHVzQ29kZT0iRmFsc2UiPg0KICAgICAgPFN0cmluZ0h0dHBCb2R5IENvbnRlbnRUeXBlPSJhcHBsaWNhdGlvbi9qc29uOyBjaGFyc2V0PXV0Zi04IiBJbnNlcnRCeXRlT3JkZXJNYXJrPSJGYWxzZSI+ZXdBaUFHc0FiZ0J2QUhjQWJnQkRBR0VBZEFCbEFHY0Fid0J5QUhrQVZnQmhBR3dBZFFCbEFITUFJZ0E2QUNJQUlnQXNBQ0lBWXdCaEFIUUFaUUJuQUc4QWNnQjVBQ0lBT2dBaUFFTUFZUUIwQUdVQVp3QnZBSElBZVFBd0FERUFJZ0FzQUNJQVl3QnZBRzRBZEFCbEFIZ0FkQUJMQUdVQWVRQWlBRG9BSWdCSkFITUFVZ0JsQUdFQVpBQlBBRzRBYkFCNUFEb0FUZ0E3QUZNQVpRQnNBR1VBWXdCMEFHVUFaQUJXQUdFQWJBQjFBR1VBT2dBNkFEb0FPZ0E2QURvQU9nQTdBRWtBY3dCREFHZ0Fhd0JXQUdFQWJBQnBBR1FBT2dCWkFEc0FWZ0JoQUd3QWFRQmtBRXNBWlFCNUFFd0FhUUJ6QUhRQU9nQTdBQ0lBZlFBPTwvU3RyaW5nSHR0cEJvZHk+DQogICAgPC9SZXF1ZXN0Pg0KICAgIDxSZXF1ZXN0IE1ldGhvZD0iUE9TVCIgR3VpZD0iODBjOTEyMjItMjc0Zi00ODlkLTgzMzAtZTllNzAwMGUyYWRmIiBWZXJzaW9uPSIxLjEiIFVybD0iaHR0cDovLzEwLjExLjM2LjExNDo4MDA3L1V0aWwvV2NmQ2FzY2FkaW5nSGVscGVyLnN2Yy9VdGlsX0dldFVzZXIiIFRoaW5rVGltZT0iMCIgVGltZW91dD0iMzAwIiBQYXJzZURlcGVuZGVudFJlcXVlc3RzPSJUcnVlIiBGb2xsb3dSZWRpcmVjdHM9IlRydWUiIFJlY29yZFJlc3VsdD0iVHJ1ZSIgQ2FjaGU9IkZhbHNlIiBSZXNwb25zZVRpbWVHb2FsPSIwIiBFbmNvZGluZz0idXRmLTgiIEV4cGVjdGVkSHR0cFN0YXR1c0NvZGU9IjAiIEV4cGVjdGVkUmVzcG9uc2VVcmw9IiIgUmVwb3J0aW5nTmFtZT0iIiBJZ25vcmVIdHRwU3RhdHVzQ29kZT0iRmFsc2UiPg0KICAgICAgPFN0cmluZ0h0dHBCb2R5IENvbnRlbnRUeXBlPSJhcHBsaWNhdGlvbi9qc29uOyBjaGFyc2V0PXV0Zi04IiBJbnNlcnRCeXRlT3JkZXJNYXJrPSJGYWxzZSI+ZXdBaUFHc0FiZ0J2QUhjQWJnQkRBR0VBZEFCbEFHY0Fid0J5QUhrQVZnQmhBR3dBZFFCbEFITUFJZ0E2QUNJQUlnQXNBQ0lBWXdCaEFIUUFaUUJuQUc4QWNnQjVBQ0lBT2dBaUFFTUFid0J0QUhBQVNRQkVBQ0lBTEFBaUFHTUFid0J1QUhRQVpRQjRBSFFBU3dCbEFIa0FJZ0E2QUNJQVNRQnpBRklBWlFCaEFHUUFUd0J1QUd3QWVRQTZBRmtBT3dCVEFHVUFiQUJsQUdNQWRBQmxBR1FBVmdCaEFHd0FkUUJsQURvQVV3QlFBRWdBUWdCTEFERUFPd0JKQUhNQVF3Qm9BR3NBVmdCaEFHd0FhUUJrQURvQVdRQTdBRllBWVFCc0FHa0FaQUJMQUdVQWVRQk1BR2tBY3dCMEFEb0FPd0FpQUgwQTwvU3RyaW5nSHR0cEJvZHk+DQogICAgPC9SZXF1ZXN0Pg0KICAgIDxSZXF1ZXN0IE1ldGhvZD0iUE9TVCIgR3VpZD0iOWMzNjA4YzEtNjdkNC00M2YzLWE2NmYtODYzMDdlOWYwNzQxIiBWZXJzaW9uPSIxLjEiIFVybD0iaHR0cDovLzEwLjExLjM2LjExNDo4MDA3L1V0aWwvV2NmQ2FzY2FkaW5nSGVscGVyLnN2Yy9VdGlsX0dldFVzZXIiIFRoaW5rVGltZT0iMCIgVGltZW91dD0iMzAwIiBQYXJzZURlcGVuZGVudFJlcXVlc3RzPSJUcnVlIiBGb2xsb3dSZWRpcmVjdHM9IlRydWUiIFJlY29yZFJlc3VsdD0iVHJ1ZSIgQ2FjaGU9IkZhbHNlIiBSZXNwb25zZVRpbWVHb2FsPSIwIiBFbmNvZGluZz0idXRmLTgiIEV4cGVjdGVkSHR0cFN0YXR1c0NvZGU9IjAiIEV4cGVjdGVkUmVzcG9uc2VVcmw9IiIgUmVwb3J0aW5nTmFtZT0iIiBJZ25vcmVIdHRwU3RhdHVzQ29kZT0iRmFsc2UiPg0KICAgICAgPFN0cmluZ0h0dHBCb2R5IENvbnRlbnRUeXBlPSJhcHBsaWNhdGlvbi9qc29uOyBjaGFyc2V0PXV0Zi04IiBJbnNlcnRCeXRlT3JkZXJNYXJrPSJGYWxzZSI+ZXdBaUFHc0FiZ0J2QUhjQWJnQkRBR0VBZEFCbEFHY0Fid0J5QUhrQVZnQmhBR3dBZFFCbEFITUFJZ0E2QUNJQVF3QnZBRzBBY0FCSkFFUUFPZ0JUQUZBQVNBQkNBRXNBTVFBN0FDSUFMQUFpQUdNQVlRQjBBR1VBWndCdkFISUFlUUFpQURvQUlnQkVBR1VBY0FCMEFFa0FSQUFpQUN3QUlnQmpBRzhBYmdCMEFHVUFlQUIwQUVzQVpRQjVBQ0lBT2dBaUFFa0Fjd0JTQUdVQVlRQmtBRThBYmdCc0FIa0FPZ0JPQURzQVV3QmxBR3dBWlFCakFIUUFaUUJrQUZZQVlRQnNBSFVBWlFBNkFEQUFNQUF3QUVjQU1BQXdBRHNBU1FCekFFTUFhQUJyQUZZQVlRQnNBR2tBWkFBNkFGa0FPd0JXQUdFQWJBQnBBR1FBU3dCbEFIa0FUQUJwQUhNQWRBQTZBRHNBSWdCOUFBPT08L1N0cmluZ0h0dHBCb2R5Pg0KICAgIDwvUmVxdWVzdD4NCiAgICA8UmVxdWVzdCBNZXRob2Q9IlBPU1QiIEd1aWQ9IjFkZmI2ZDYwLWRjMTMtNGI3Yy04YWM5LTQxMGFiMzc1NDdlMSIgVmVyc2lvbj0iMS4xIiBVcmw9Imh0dHA6Ly8xMC4xMS4zNi4xMTQ6ODAwNy9VdGlsL1djZkNhc2NhZGluZ0hlbHBlci5zdmMvVXRpbF9HZXRVc2VyIiBUaGlua1RpbWU9IjAiIFRpbWVvdXQ9IjMwMCIgUGFyc2VEZXBlbmRlbnRSZXF1ZXN0cz0iVHJ1ZSIgRm9sbG93UmVkaXJlY3RzPSJUcnVlIiBSZWNvcmRSZXN1bHQ9IlRydWUiIENhY2hlPSJGYWxzZSIgUmVzcG9uc2VUaW1lR29hbD0iMCIgRW5jb2Rpbmc9InV0Zi04IiBFeHBlY3RlZEh0dHBTdGF0dXNDb2RlPSIwIiBFeHBlY3RlZFJlc3BvbnNlVXJsPSIiIFJlcG9ydGluZ05hbWU9IiIgSWdub3JlSHR0cFN0YXR1c0NvZGU9IkZhbHNlIj4NCiAgICAgIDxTdHJpbmdIdHRwQm9keSBDb250ZW50VHlwZT0iYXBwbGljYXRpb24vanNvbjsgY2hhcnNldD11dGYtOCIgSW5zZXJ0Qnl0ZU9yZGVyTWFyaz0iRmFsc2UiPmV3QWlBR3NBYmdCdkFIY0FiZ0JEQUdFQWRBQmxBR2NBYndCeUFIa0FWZ0JoQUd3QWRRQmxBSE1BSWdBNkFDSUFRd0J2QUcwQWNBQkpBRVFBT2dCVEFGQUFTQUJDQUVzQU1RQTdBRVFBWlFCd0FIUUFTUUJFQURvQU1BQXdBREFBUndBd0FEQUFPd0FpQUN3QUlnQmpBR0VBZEFCbEFHY0Fid0J5QUhrQUlnQTZBQ0lBVHdCeUFHY0FZUUJ1QUVrQVJBQWlBQ3dBSWdCakFHOEFiZ0IwQUdVQWVBQjBBRXNBWlFCNUFDSUFPZ0FpQUVrQWN3QlNBR1VBWVFCa0FFOEFiZ0JzQUhrQU9nQk9BRHNBVXdCbEFHd0FaUUJqQUhRQVpRQmtBRllBWVFCc0FIVUFaUUE2QURBQU1BQXdBRWNBT1FBd0FEc0FTUUJ6QUVNQWFBQnJBRllBWVFCc0FHa0FaQUE2QUZrQU93QldBR0VBYkFCcEFHUUFTd0JsQUhrQVRBQnBBSE1BZEFBNkFEc0FJZ0I5QUE9PTwvU3RyaW5nSHR0cEJvZHk+DQogICAgPC9SZXF1ZXN0Pg0KICAgIDxSZXF1ZXN0IE1ldGhvZD0iUE9TVCIgR3VpZD0iNzZlYzg1N2EtMzJlNi00NzhkLTk2OGUtNjc4NjBmMGYyMWIwIiBWZXJzaW9uPSIxLjEiIFVybD0iaHR0cDovLzEwLjExLjM2LjExNDo4MDA3L1V0aWwvV2NmQ2FzY2FkaW5nSGVscGVyLnN2Yy9VdGlsX0dldFVzZXIiIFRoaW5rVGltZT0iMCIgVGltZW91dD0iMzAwIiBQYXJzZURlcGVuZGVudFJlcXVlc3RzPSJUcnVlIiBGb2xsb3dSZWRpcmVjdHM9IlRydWUiIFJlY29yZFJlc3VsdD0iVHJ1ZSIgQ2FjaGU9IkZhbHNlIiBSZXNwb25zZVRpbWVHb2FsPSIwIiBFbmNvZGluZz0idXRmLTgiIEV4cGVjdGVkSHR0cFN0YXR1c0NvZGU9IjAiIEV4cGVjdGVkUmVzcG9uc2VVcmw9IiIgUmVwb3J0aW5nTmFtZT0iIiBJZ25vcmVIdHRwU3RhdHVzQ29kZT0iRmFsc2UiPg0KICAgICAgPFN0cmluZ0h0dHBCb2R5IENvbnRlbnRUeXBlPSJhcHBsaWNhdGlvbi9qc29uOyBjaGFyc2V0PXV0Zi04IiBJbnNlcnRCeXRlT3JkZXJNYXJrPSJGYWxzZSI+ZXdBaUFHc0FiZ0J2QUhjQWJnQkRBR0VBZEFCbEFHY0Fid0J5QUhrQVZnQmhBR3dBZFFCbEFITUFJZ0E2QUNJQVF3QnZBRzBBY0FCSkFFUUFPZ0JUQUZBQVNBQkNBRXNBTVFBN0FFUUFaUUJ3QUhRQVNRQkVBRG9BTUFBd0FEQUFSd0F3QURBQU93QlBBSElBWndCaEFHNEFTUUJFQURvQU1BQXdBREFBUndBNUFEQUFPd0FpQUN3QUlnQmpBR0VBZEFCbEFHY0Fid0J5QUhrQUlnQTZBQ0lBVlFCekFHVUFjZ0JKQUVRQUlnQXNBQ0lBWXdCdkFHNEFkQUJsQUhnQWRBQkxBR1VBZVFBaUFEb0FJZ0JKQUhNQVVnQmxBR0VBWkFCUEFHNEFiQUI1QURvQVRnQTdBRk1BWlFCc0FHVUFZd0IwQUdVQVpBQldBR0VBYkFCMUFHVUFPZ0E2QURvQU9nQTZBRG9BT2dBN0FFa0Fjd0JEQUdnQWF3QldBR0VBYkFCcEFHUUFPZ0JaQURzQVZnQmhBR3dBYVFCa0FFc0FaUUI1QUV3QWFRQnpBSFFBT2dBN0FDSUFmUUE9PC9TdHJpbmdIdHRwQm9keT4NCiAgICA8L1JlcXVlc3Q+DQogICAgPFJlcXVlc3QgTWV0aG9kPSJQT1NUIiBHdWlkPSIwM2ZjZmYzOS03MDc2LTQ2OTItYWYyYi02NzVmYjgxZjIzOWYiIFZlcnNpb249IjEuMSIgVXJsPSJodHRwOi8vMTAuMTEuMzYuMTE0OjgwMDcvVXRpbC9XY2ZDYXNjYWRpbmdIZWxwZXIuc3ZjL1V0aWxfR2V0VXNlciIgVGhpbmtUaW1lPSIzMCIgVGltZW91dD0iMzAwIiBQYXJzZURlcGVuZGVudFJlcXVlc3RzPSJUcnVlIiBGb2xsb3dSZWRpcmVjdHM9IlRydWUiIFJlY29yZFJlc3VsdD0iVHJ1ZSIgQ2FjaGU9IkZhbHNlIiBSZXNwb25zZVRpbWVHb2FsPSIwIiBFbmNvZGluZz0idXRmLTgiIEV4cGVjdGVkSHR0cFN0YXR1c0NvZGU9IjAiIEV4cGVjdGVkUmVzcG9uc2VVcmw9IiIgUmVwb3J0aW5nTmFtZT0iIiBJZ25vcmVIdHRwU3RhdHVzQ29kZT0iRmFsc2UiPg0KICAgICAgPFN0cmluZ0h0dHBCb2R5IENvbnRlbnRUeXBlPSJhcHBsaWNhdGlvbi9qc29uOyBjaGFyc2V0PXV0Zi04IiBJbnNlcnRCeXRlT3JkZXJNYXJrPSJGYWxzZSI+ZXdBaUFHc0FiZ0J2QUhjQWJnQkRBR0VBZEFCbEFHY0Fid0J5QUhrQVZnQmhBR3dBZFFCbEFITUFJZ0E2QUNJQUlnQXNBQ0lBWXdCaEFIUUFaUUJuQUc4QWNnQjVBQ0lBT2dBaUFFTUFZUUIwQUdVQVp3QnZBSElBZVFBd0FERUFJZ0FzQUNJQVl3QnZBRzRBZEFCbEFIZ0FkQUJMQUdVQWVRQWlBRG9BSWdCSkFITUFVZ0JsQUdFQVpBQlBBRzRBYkFCNUFEb0FUZ0E3QUZNQVpRQnNBR1VBWXdCMEFHVUFaQUJXQUdFQWJBQjFBR1VBT2dBNkFEb0FPZ0E2QURvQU9nQTdBRWtBY3dCREFHZ0Fhd0JXQUdFQWJBQnBBR1FBT2dCWkFEc0FWZ0JoQUd3QWFRQmtBRXNBWlFCNUFFd0FhUUJ6QUhRQU9nQTdBQ0lBZlFBPTwvU3RyaW5nSHR0cEJvZHk+DQogICAgPC9SZXF1ZXN0Pg0KICAgIDxSZXF1ZXN0IE1ldGhvZD0iUE9TVCIgR3VpZD0iZTRjMjJkY2QtYThkOS00ZjNhLTljNTUtOTgwMzE0YzRiMGFlIiBWZXJzaW9uPSIxLjEiIFVybD0iaHR0cDovLzEwLjExLjM2LjExNDo4MDA3L092ZXJUaW1lL092ZXJ0aW1lUHJlT3JkZXJfQWRkLmFzcHgiIFRoaW5rVGltZT0iMiIgVGltZW91dD0iMzAwIiBQYXJzZURlcGVuZGVudFJlcXVlc3RzPSJUcnVlIiBGb2xsb3dSZWRpcmVjdHM9IlRydWUiIFJlY29yZFJlc3VsdD0iVHJ1ZSIgQ2FjaGU9IkZhbHNlIiBSZXNwb25zZVRpbWVHb2FsPSIwIiBFbmNvZGluZz0idXRmLTgiIEV4cGVjdGVkSHR0cFN0YXR1c0NvZGU9IjAiIEV4cGVjdGVkUmVzcG9uc2VVcmw9IiIgUmVwb3J0aW5nTmFtZT0iIiBJZ25vcmVIdHRwU3RhdHVzQ29kZT0iRmFsc2UiPg0KICAgICAgPEV4dHJhY3Rpb25SdWxlcz4NCiAgICAgICAgPEV4dHJhY3Rpb25SdWxlIENsYXNzbmFtZT0iTWljcm9zb2Z0LlZpc3VhbFN0dWRpby5UZXN0VG9vbHMuV2ViVGVzdGluZy5SdWxlcy5FeHRyYWN0SGlkZGVuRmllbGRzLCBNaWNyb3NvZnQuVmlzdWFsU3R1ZGlvLlF1YWxpdHlUb29scy5XZWJUZXN0RnJhbWV3b3JrLCBWZXJzaW9uPTEwLjAuMC4wLCBDdWx0dXJlPW5ldXRyYWwsIFB1YmxpY0tleVRva2VuPWIwM2Y1ZjdmMTFkNTBhM2EiIFZhcmlhYmxlTmFtZT0iMSIgRGlzcGxheU5hbWU9IuaTt+WPlumaseiXj+ashOS9jSIgRGVzY3JpcHRpb249IuaTt+WPluWbnuaHieS4reeahOaJgOaciemaseiXj+ashOS9je+8jOS4puWwh+Wug+WAkeaUvuWcqOa4rOippuWFp+WuueS4reOAgiI+DQogICAgICAgICAgPFJ1bGVQYXJhbWV0ZXJzPg0KICAgICAgICAgICAgPFJ1bGVQYXJhbWV0ZXIgTmFtZT0iUmVxdWlyZWQiIFZhbHVlPSJUcnVlIiAvPg0KICAgICAgICAgICAgPFJ1bGVQYXJhbWV0ZXIgTmFtZT0iSHRtbERlY29kZSIgVmFsdWU9IlRydWUiIC8+DQogICAgICAgICAgPC9SdWxlUGFyYW1ldGVycz4NCiAgICAgICAgPC9FeHRyYWN0aW9uUnVsZT4NCiAgICAgIDwvRXh0cmFjdGlvblJ1bGVzPg0KICAgICAgPENvcnJlbGF0aW9uRXh0cmFjdGlvblJ1bGVzPg0KICAgICAgICA8RXh0cmFjdGlvblJ1bGUgQ2xhc3NuYW1lPSJNaWNyb3NvZnQuVmlzdWFsU3R1ZGlvLlRlc3RUb29scy5XZWJUZXN0aW5nLlJ1bGVzLkV4dHJhY3RGb3JtRmllbGQsIE1pY3Jvc29mdC5WaXN1YWxTdHVkaW8uUXVhbGl0eVRvb2xzLldlYlRlc3RGcmFtZXdvcmssIFZlcnNpb249MTAuMC4wLjAsIEN1bHR1cmU9bmV1dHJhbCwgUHVibGljS2V5VG9rZW49YjAzZjVmN2YxMWQ1MGEzYSIgVmFyaWFibGVOYW1lPSJGb3JtUG9zdFBhcmFtMzMuYnRuVGVtcFNhdmVJbnZpc2libGUiIERpc3BsYXlOYW1lPSIiIERlc2NyaXB0aW9uPSIiPg0KICAgICAgICAgIDxSdWxlUGFyYW1ldGVycz4NCiAgICAgICAgICAgIDxSdWxlUGFyYW1ldGVyIE5hbWU9Ik5hbWUiIFZhbHVlPSJidG5UZW1wU2F2ZUludmlzaWJsZSIgLz4NCiAgICAgICAgICAgIDxSdWxlUGFyYW1ldGVyIE5hbWU9Ikh0bWxEZWNvZGUiIFZhbHVlPSJUcnVlIiAvPg0KICAgICAgICAgICAgPFJ1bGVQYXJhbWV0ZXIgTmFtZT0iUmVxdWlyZWQiIFZhbHVlPSJGYWxzZSIgLz4NCiAgICAgICAgICAgIDxSdWxlUGFyYW1ldGVyIE5hbWU9IkluZGV4IiBWYWx1ZT0iMCIgLz4NCiAgICAgICAgICA8L1J1bGVQYXJhbWV0ZXJzPg0KICAgICAgICA8L0V4dHJhY3Rpb25SdWxlPg0KICAgICAgICA8RXh0cmFjdGlvblJ1bGUgQ2xhc3NuYW1lPSJNaWNyb3NvZnQuVmlzdWFsU3R1ZGlvLlRlc3RUb29scy5XZWJUZXN0aW5nLlJ1bGVzLkV4dHJhY3RGb3JtRmllbGQsIE1pY3Jvc29mdC5WaXN1YWxTdHVkaW8uUXVhbGl0eVRvb2xzLldlYlRlc3RGcmFtZXdvcmssIFZlcnNpb249MTAuMC4wLjAsIEN1bHR1cmU9bmV1dHJhbCwgUHVibGljS2V5VG9rZW49YjAzZjVmN2YxMWQ1MGEzYSIgVmFyaWFibGVOYW1lPSJGb3JtUG9zdFBhcmFtMzQuT1RFbXBJRCIgRGlzcGxheU5hbWU9IiIgRGVzY3JpcHRpb249IiI+DQogICAgICAgICAgPFJ1bGVQYXJhbWV0ZXJzPg0KICAgICAgICAgICAgPFJ1bGVQYXJhbWV0ZXIgTmFtZT0iTmFtZSIgVmFsdWU9InJidFNpbmdsZUVtcElEIiAvPg0KICAgICAgICAgICAgPFJ1bGVQYXJhbWV0ZXIgTmFtZT0iSHRtbERlY29kZSIgVmFsdWU9IlRydWUiIC8+DQogICAgICAgICAgICA8UnVsZVBhcmFtZXRlciBOYW1lPSJSZXF1aXJlZCIgVmFsdWU9IkZhbHNlIiAvPg0KICAgICAgICAgICAgPFJ1bGVQYXJhbWV0ZXIgTmFtZT0iSW5kZXgiIFZhbHVlPSIwIiAvPg0KICAgICAgICAgIDwvUnVsZVBhcmFtZXRlcnM+DQogICAgICAgIDwvRXh0cmFjdGlvblJ1bGU+DQogICAgICAgIDxFeHRyYWN0aW9uUnVsZSBDbGFzc25hbWU9Ik1pY3Jvc29mdC5WaXN1YWxTdHVkaW8uVGVzdFRvb2xzLldlYlRlc3RpbmcuUnVsZXMuRXh0cmFjdEZvcm1GaWVsZCwgTWljcm9zb2Z0LlZpc3VhbFN0dWRpby5RdWFsaXR5VG9vbHMuV2ViVGVzdEZyYW1ld29yaywgVmVyc2lvbj0xMC4wLjAuMCwgQ3VsdHVyZT1uZXV0cmFsLCBQdWJsaWNLZXlUb2tlbj1iMDNmNWY3ZjExZDUwYTNhIiBWYXJpYWJsZU5hbWU9IkZvcm1Qb3N0UGFyYW0zNS50eHRPVEVtcElEIiBEaXNwbGF5TmFtZT0iIiBEZXNjcmlwdGlvbj0iIj4NCiAgICAgICAgICA8UnVsZVBhcmFtZXRlcnM+DQogICAgICAgICAgICA8UnVsZVBhcmFtZXRlciBOYW1lPSJOYW1lIiBWYWx1ZT0idHh0T1RFbXBJRCIgLz4NCiAgICAgICAgICAgIDxSdWxlUGFyYW1ldGVyIE5hbWU9Ikh0bWxEZWNvZGUiIFZhbHVlPSJUcnVlIiAvPg0KICAgICAgICAgICAgPFJ1bGVQYXJhbWV0ZXIgTmFtZT0iUmVxdWlyZWQiIFZhbHVlPSJGYWxzZSIgLz4NCiAgICAgICAgICAgIDxSdWxlUGFyYW1ldGVyIE5hbWU9IkluZGV4IiBWYWx1ZT0iMCIgLz4NCiAgICAgICAgICA8L1J1bGVQYXJhbWV0ZXJzPg0KICAgICAgICA8L0V4dHJhY3Rpb25SdWxlPg0KICAgICAgICA8RXh0cmFjdGlvblJ1bGUgQ2xhc3NuYW1lPSJNaWNyb3NvZnQuVmlzdWFsU3R1ZGlvLlRlc3RUb29scy5XZWJUZXN0aW5nLlJ1bGVzLkV4dHJhY3RGb3JtRmllbGQsIE1pY3Jvc29mdC5WaXN1YWxTdHVkaW8uUXVhbGl0eVRvb2xzLldlYlRlc3RGcmFtZXdvcmssIFZlcnNpb249MTAuMC4wLjAsIEN1bHR1cmU9bmV1dHJhbCwgUHVibGljS2V5VG9rZW49YjAzZjVmN2YxMWQ1MGEzYSIgVmFyaWFibGVOYW1lPSJGb3JtUG9zdFBhcmFtMzYudHh0T1RFbXBOYW1lIiBEaXNwbGF5TmFtZT0iIiBEZXNjcmlwdGlvbj0iIj4NCiAgICAgICAgICA8UnVsZVBhcmFtZXRlcnM+DQogICAgICAgICAgICA8UnVsZVBhcmFtZXRlciBOYW1lPSJOYW1lIiBWYWx1ZT0idHh0T1RFbXBOYW1lIiAvPg0KICAgICAgICAgICAgPFJ1bGVQYXJhbWV0ZXIgTmFtZT0iSHRtbERlY29kZSIgVmFsdWU9IlRydWUiIC8+DQogICAgICAgICAgICA8UnVsZVBhcmFtZXRlciBOYW1lPSJSZXF1aXJlZCIgVmFsdWU9IkZhbHNlIiAvPg0KICAgICAgICAgICAgPFJ1bGVQYXJhbWV0ZXIgTmFtZT0iSW5kZXgiIFZhbHVlPSIwIiAvPg0KICAgICAgICAgIDwvUnVsZVBhcmFtZXRlcnM+DQogICAgICAgIDwvRXh0cmFjdGlvblJ1bGU+DQogICAgICAgIDxFeHRyYWN0aW9uUnVsZSBDbGFzc25hbWU9Ik1pY3Jvc29mdC5WaXN1YWxTdHVkaW8uVGVzdFRvb2xzLldlYlRlc3RpbmcuUnVsZXMuRXh0cmFjdEZvcm1GaWVsZCwgTWljcm9zb2Z0LlZpc3VhbFN0dWRpby5RdWFsaXR5VG9vbHMuV2ViVGVzdEZyYW1ld29yaywgVmVyc2lvbj0xMC4wLjAuMCwgQ3VsdHVyZT1uZXV0cmFsLCBQdWJsaWNLZXlUb2tlbj1iMDNmNWY3ZjExZDUwYTNhIiBWYXJpYWJsZU5hbWU9IkZvcm1Qb3N0UGFyYW0zNy51Y0RhdGVTdGFydCR0eHREYXRlIiBEaXNwbGF5TmFtZT0iIiBEZXNjcmlwdGlvbj0iIj4NCiAgICAgICAgICA8UnVsZVBhcmFtZXRlcnM+DQogICAgICAgICAgICA8UnVsZVBhcmFtZXRlciBOYW1lPSJOYW1lIiBWYWx1ZT0idWNEYXRlU3RhcnRfdHh0RGF0ZSIgLz4NCiAgICAgICAgICAgIDxSdWxlUGFyYW1ldGVyIE5hbWU9Ikh0bWxEZWNvZGUiIFZhbHVlPSJUcnVlIiAvPg0KICAgICAgICAgICAgPFJ1bGVQYXJhbWV0ZXIgTmFtZT0iUmVxdWlyZWQiIFZhbHVlPSJGYWxzZSIgLz4NCiAgICAgICAgICAgIDxSdWxlUGFyYW1ldGVyIE5hbWU9IkluZGV4IiBWYWx1ZT0iMCIgLz4NCiAgICAgICAgICA8L1J1bGVQYXJhbWV0ZXJzPg0KICAgICAgICA8L0V4dHJhY3Rpb25SdWxlPg0KICAgICAgICA8RXh0cmFjdGlvblJ1bGUgQ2xhc3NuYW1lPSJNaWNyb3NvZnQuVmlzdWFsU3R1ZGlvLlRlc3RUb29scy5XZWJUZXN0aW5nLlJ1bGVzLkV4dHJhY3RGb3JtRmllbGQsIE1pY3Jvc29mdC5WaXN1YWxTdHVkaW8uUXVhbGl0eVRvb2xzLldlYlRlc3RGcmFtZXdvcmssIFZlcnNpb249MTAuMC4wLjAsIEN1bHR1cmU9bmV1dHJhbCwgUHVibGljS2V5VG9rZW49YjAzZjVmN2YxMWQ1MGEzYSIgVmFyaWFibGVOYW1lPSJGb3JtUG9zdFBhcmFtMzgudWNEYXRlRW5kJHR4dERhdGUiIERpc3BsYXlOYW1lPSIiIERlc2NyaXB0aW9uPSIiPg0KICAgICAgICAgIDxSdWxlUGFyYW1ldGVycz4NCiAgICAgICAgICAgIDxSdWxlUGFyYW1ldGVyIE5hbWU9Ik5hbWUiIFZhbHVlPSJ1Y0RhdGVFbmRfdHh0RGF0ZSIgLz4NCiAgICAgICAgICAgIDxSdWxlUGFyYW1ldGVyIE5hbWU9Ikh0bWxEZWNvZGUiIFZhbHVlPSJUcnVlIiAvPg0KICAgICAgICAgICAgPFJ1bGVQYXJhbWV0ZXIgTmFtZT0iUmVxdWlyZWQiIFZhbHVlPSJGYWxzZSIgLz4NCiAgICAgICAgICAgIDxSdWxlUGFyYW1ldGVyIE5hbWU9IkluZGV4IiBWYWx1ZT0iMCIgLz4NCiAgICAgICAgICA8L1J1bGVQYXJhbWV0ZXJzPg0KICAgICAgICA8L0V4dHJhY3Rpb25SdWxlPg0KICAgICAgICA8RXh0cmFjdGlvblJ1bGUgQ2xhc3NuYW1lPSJNaWNyb3NvZnQuVmlzdWFsU3R1ZGlvLlRlc3RUb29scy5XZWJUZXN0aW5nLlJ1bGVzLkV4dHJhY3RUZXh0LCBNaWNyb3NvZnQuVmlzdWFsU3R1ZGlvLlF1YWxpdHlUb29scy5XZWJUZXN0RnJhbWV3b3JrLCBWZXJzaW9uPTEwLjAuMC4wLCBDdWx0dXJlPW5ldXRyYWwsIFB1YmxpY0tleVRva2VuPWIwM2Y1ZjdmMTFkNTBhM2EiIFZhcmlhYmxlTmFtZT0iRm9ybVBvc3RQYXJhbTM5Lk9UVGltZVN0YXJ0JGRkbEhIIiBEaXNwbGF5TmFtZT0iIiBEZXNjcmlwdGlvbj0iIj4NCiAgICAgICAgICA8UnVsZVBhcmFtZXRlcnM+DQogICAgICAgICAgICA8UnVsZVBhcmFtZXRlciBOYW1lPSJTdGFydHNXaXRoIiBWYWx1ZT0ibHVlPSZxdW90OyIgLz4NCiAgICAgICAgICAgIDxSdWxlUGFyYW1ldGVyIE5hbWU9IkVuZHNXaXRoIiBWYWx1ZT0iJnF1b3Q7Jmd0OzAwJmx0OyIgLz4NCiAgICAgICAgICAgIDxSdWxlUGFyYW1ldGVyIE5hbWU9IkluZGV4IiBWYWx1ZT0iMzAiIC8+DQogICAgICAgICAgICA8UnVsZVBhcmFtZXRlciBOYW1lPSJJZ25vcmVDYXNlIiBWYWx1ZT0iRmFsc2UiIC8+DQogICAgICAgICAgICA8UnVsZVBhcmFtZXRlciBOYW1lPSJVc2VSZWd1bGFyRXhwcmVzc2lvbiIgVmFsdWU9IkZhbHNlIiAvPg0KICAgICAgICAgICAgPFJ1bGVQYXJhbWV0ZXIgTmFtZT0iSHRtbERlY29kZSIgVmFsdWU9IlRydWUiIC8+DQogICAgICAgICAgICA8UnVsZVBhcmFtZXRlciBOYW1lPSJSZXF1aXJlZCIgVmFsdWU9IkZhbHNlIiAvPg0KICAgICAgICAgIDwvUnVsZVBhcmFtZXRlcnM+DQogICAgICAgIDwvRXh0cmFjdGlvblJ1bGU+DQogICAgICAgIDxFeHRyYWN0aW9uUnVsZSBDbGFzc25hbWU9Ik1pY3Jvc29mdC5WaXN1YWxTdHVkaW8uVGVzdFRvb2xzLldlYlRlc3RpbmcuUnVsZXMuRXh0cmFjdFRleHQsIE1pY3Jvc29mdC5WaXN1YWxTdHVkaW8uUXVhbGl0eVRvb2xzLldlYlRlc3RGcmFtZXdvcmssIFZlcnNpb249MTAuMC4wLjAsIEN1bHR1cmU9bmV1dHJhbCwgUHVibGljS2V5VG9rZW49YjAzZjVmN2YxMWQ1MGEzYSIgVmFyaWFibGVOYW1lPSJGb3JtUG9zdFBhcmFtNDAuT1RUaW1lU3RhcnQkZGRsTU0iIERpc3BsYXlOYW1lPSIiIERlc2NyaXB0aW9uPSIiPg0KICAgICAgICAgIDxSdWxlUGFyYW1ldGVycz4NCiAgICAgICAgICAgIDxSdWxlUGFyYW1ldGVyIE5hbWU9IlN0YXJ0c1dpdGgiIFZhbHVlPSJsdWU9JnF1b3Q7IiAvPg0KICAgICAgICAgICAgPFJ1bGVQYXJhbWV0ZXIgTmFtZT0iRW5kc1dpdGgiIFZhbHVlPSImcXVvdDsmZ3Q7MDAmbHQ7IiAvPg0KICAgICAgICAgICAgPFJ1bGVQYXJhbWV0ZXIgTmFtZT0iSW5kZXgiIFZhbHVlPSIzMCIgLz4NCiAgICAgICAgICAgIDxSdWxlUGFyYW1ldGVyIE5hbWU9Iklnbm9yZUNhc2UiIFZhbHVlPSJGYWxzZSIgLz4NCiAgICAgICAgICAgIDxSdWxlUGFyYW1ldGVyIE5hbWU9IlVzZVJlZ3VsYXJFeHByZXNzaW9uIiBWYWx1ZT0iRmFsc2UiIC8+DQogICAgICAgICAgICA8UnVsZVBhcmFtZXRlciBOYW1lPSJIdG1sRGVjb2RlIiBWYWx1ZT0iVHJ1ZSIgLz4NCiAgICAgICAgICAgIDxSdWxlUGFyYW1ldGVyIE5hbWU9IlJlcXVpcmVkIiBWYWx1ZT0iRmFsc2UiIC8+DQogICAgICAgICAgPC9SdWxlUGFyYW1ldGVycz4NCiAgICAgICAgPC9FeHRyYWN0aW9uUnVsZT4NCiAgICAgICAgPEV4dHJhY3Rpb25SdWxlIENsYXNzbmFtZT0iTWljcm9zb2Z0LlZpc3VhbFN0dWRpby5UZXN0VG9vbHMuV2ViVGVzdGluZy5SdWxlcy5FeHRyYWN0VGV4dCwgTWljcm9zb2Z0LlZpc3VhbFN0dWRpby5RdWFsaXR5VG9vbHMuV2ViVGVzdEZyYW1ld29yaywgVmVyc2lvbj0xMC4wLjAuMCwgQ3VsdHVyZT1uZXV0cmFsLCBQdWJsaWNLZXlUb2tlbj1iMDNmNWY3ZjExZDUwYTNhIiBWYXJpYWJsZU5hbWU9IkZvcm1Qb3N0UGFyYW00MS5PVFRpbWVFbmQkZGRsSEgiIERpc3BsYXlOYW1lPSIiIERlc2NyaXB0aW9uPSIiPg0KICAgICAgICAgIDxSdWxlUGFyYW1ldGVycz4NCiAgICAgICAgICAgIDxSdWxlUGFyYW1ldGVyIE5hbWU9IlN0YXJ0c1dpdGgiIFZhbHVlPSJsdWU9JnF1b3Q7IiAvPg0KICAgICAgICAgICAgPFJ1bGVQYXJhbWV0ZXIgTmFtZT0iRW5kc1dpdGgiIFZhbHVlPSImcXVvdDsmZ3Q7MDEmbHQ7IiAvPg0KICAgICAgICAgICAgPFJ1bGVQYXJhbWV0ZXIgTmFtZT0iSW5kZXgiIFZhbHVlPSIzMSIgLz4NCiAgICAgICAgICAgIDxSdWxlUGFyYW1ldGVyIE5hbWU9Iklnbm9yZUNhc2UiIFZhbHVlPSJGYWxzZSIgLz4NCiAgICAgICAgICAgIDxSdWxlUGFyYW1ldGVyIE5hbWU9IlVzZVJlZ3VsYXJFeHByZXNzaW9uIiBWYWx1ZT0iRmFsc2UiIC8+DQogICAgICAgICAgICA8UnVsZVBhcmFtZXRlciBOYW1lPSJIdG1sRGVjb2RlIiBWYWx1ZT0iVHJ1ZSIgLz4NCiAgICAgICAgICAgIDxSdWxlUGFyYW1ldGVyIE5hbWU9IlJlcXVpcmVkIiBWYWx1ZT0iRmFsc2UiIC8+DQogICAgICAgICAgPC9SdWxlUGFyYW1ldGVycz4NCiAgICAgICAgPC9FeHRyYWN0aW9uUnVsZT4NCiAgICAgICAgPEV4dHJhY3Rpb25SdWxlIENsYXNzbmFtZT0iTWljcm9zb2Z0LlZpc3VhbFN0dWRpby5UZXN0VG9vbHMuV2ViVGVzdGluZy5SdWxlcy5FeHRyYWN0VGV4dCwgTWljcm9zb2Z0LlZpc3VhbFN0dWRpby5RdWFsaXR5VG9vbHMuV2ViVGVzdEZyYW1ld29yaywgVmVyc2lvbj0xMC4wLjAuMCwgQ3VsdHVyZT1uZXV0cmFsLCBQdWJsaWNLZXlUb2tlbj1iMDNmNWY3ZjExZDUwYTNhIiBWYXJpYWJsZU5hbWU9IkZvcm1Qb3N0UGFyYW00Mi5PVFRpbWVFbmQkZGRsTU0iIERpc3BsYXlOYW1lPSIiIERlc2NyaXB0aW9uPSIiPg0KICAgICAgICAgIDxSdWxlUGFyYW1ldGVycz4NCiAgICAgICAgICAgIDxSdWxlUGFyYW1ldGVyIE5hbWU9IlN0YXJ0c1dpdGgiIFZhbHVlPSJsdWU9JnF1b3Q7IiAvPg0KICAgICAgICAgICAgPFJ1bGVQYXJhbWV0ZXIgTmFtZT0iRW5kc1dpdGgiIFZhbHVlPSImcXVvdDsmZ3Q7MDAmbHQ7IiAvPg0KICAgICAgICAgICAgPFJ1bGVQYXJhbWV0ZXIgTmFtZT0iSW5kZXgiIFZhbHVlPSIzMCIgLz4NCiAgICAgICAgICAgIDxSdWxlUGFyYW1ldGVyIE5hbWU9Iklnbm9yZUNhc2UiIFZhbHVlPSJGYWxzZSIgLz4NCiAgICAgICAgICAgIDxSdWxlUGFyYW1ldGVyIE5hbWU9IlVzZVJlZ3VsYXJFeHByZXNzaW9uIiBWYWx1ZT0iRmFsc2UiIC8+DQogICAgICAgICAgICA8UnVsZVBhcmFtZXRlciBOYW1lPSJIdG1sRGVjb2RlIiBWYWx1ZT0iVHJ1ZSIgLz4NCiAgICAgICAgICAgIDxSdWxlUGFyYW1ldGVyIE5hbWU9IlJlcXVpcmVkIiBWYWx1ZT0iRmFsc2UiIC8+DQogICAgICAgICAgPC9SdWxlUGFyYW1ldGVycz4NCiAgICAgICAgPC9FeHRyYWN0aW9uUnVsZT4NCiAgICAgICAgPEV4dHJhY3Rpb25SdWxlIENsYXNzbmFtZT0iTWljcm9zb2Z0LlZpc3VhbFN0dWRpby5UZXN0VG9vbHMuV2ViVGVzdGluZy5SdWxlcy5FeHRyYWN0VGV4dCwgTWljcm9zb2Z0LlZpc3VhbFN0dWRpby5RdWFsaXR5VG9vbHMuV2ViVGVzdEZyYW1ld29yaywgVmVyc2lvbj0xMC4wLjAuMCwgQ3VsdHVyZT1uZXV0cmFsLCBQdWJsaWNLZXlUb2tlbj1iMDNmNWY3ZjExZDUwYTNhIiBWYXJpYWJsZU5hbWU9IkZvcm1Qb3N0UGFyYW00My5kZGxPVFR5cGVJRCIgRGlzcGxheU5hbWU9IiIgRGVzY3JpcHRpb249IiI+DQogICAgICAgICAgPFJ1bGVQYXJhbWV0ZXJzPg0KICAgICAgICAgICAgPFJ1bGVQYXJhbWV0ZXIgTmFtZT0iU3RhcnRzV2l0aCIgVmFsdWU9Imx1ZT0mcXVvdDsiIC8+DQogICAgICAgICAgICA8UnVsZVBhcmFtZXRlciBOYW1lPSJFbmRzV2l0aCIgVmFsdWU9IiZxdW90OyZndDsxMCZsdDsiIC8+DQogICAgICAgICAgICA8UnVsZVBhcmFtZXRlciBOYW1lPSJJbmRleCIgVmFsdWU9IjQwIiAvPg0KICAgICAgICAgICAgPFJ1bGVQYXJhbWV0ZXIgTmFtZT0iSWdub3JlQ2FzZSIgVmFsdWU9IkZhbHNlIiAvPg0KICAgICAgICAgICAgPFJ1bGVQYXJhbWV0ZXIgTmFtZT0iVXNlUmVndWxhckV4cHJlc3Npb24iIFZhbHVlPSJGYWxzZSIgLz4NCiAgICAgICAgICAgIDxSdWxlUGFyYW1ldGVyIE5hbWU9Ikh0bWxEZWNvZGUiIFZhbHVlPSJUcnVlIiAvPg0KICAgICAgICAgICAgPFJ1bGVQYXJhbWV0ZXIgTmFtZT0iUmVxdWlyZWQiIFZhbHVlPSJGYWxzZSIgLz4NCiAgICAgICAgICA8L1J1bGVQYXJhbWV0ZXJzPg0KICAgICAgICA8L0V4dHJhY3Rpb25SdWxlPg0KICAgICAgICA8RXh0cmFjdGlvblJ1bGUgQ2xhc3NuYW1lPSJNaWNyb3NvZnQuVmlzdWFsU3R1ZGlvLlRlc3RUb29scy5XZWJUZXN0aW5nLlJ1bGVzLkV4dHJhY3RUZXh0LCBNaWNyb3NvZnQuVmlzdWFsU3R1ZGlvLlF1YWxpdHlUb29scy5XZWJUZXN0RnJhbWV3b3JrLCBWZXJzaW9uPTEwLjAuMC4wLCBDdWx0dXJlPW5ldXRyYWwsIFB1YmxpY0tleVRva2VuPWIwM2Y1ZjdmMTFkNTBhM2EiIFZhcmlhYmxlTmFtZT0iRm9ybVBvc3RQYXJhbTQ0LmRkbE9yZyIgRGlzcGxheU5hbWU9IiIgRGVzY3JpcHRpb249IiI+DQogICAgICAgICAgPFJ1bGVQYXJhbWV0ZXJzPg0KICAgICAgICAgICAgPFJ1bGVQYXJhbWV0ZXIgTmFtZT0iU3RhcnRzV2l0aCIgVmFsdWU9IiZxdW90OzAmcXVvdDssJnF1b3Q7IiAvPg0KICAgICAgICAgICAgPFJ1bGVQYXJhbWV0ZXIgTmFtZT0iRW5kc1dpdGgiIFZhbHVlPSImcXVvdDssJnF1b3Q7MiZxdW90OyIgLz4NCiAgICAgICAgICAgIDxSdWxlUGFyYW1ldGVyIE5hbWU9IkluZGV4IiBWYWx1ZT0iMCIgLz4NCiAgICAgICAgICAgIDxSdWxlUGFyYW1ldGVyIE5hbWU9Iklnbm9yZUNhc2UiIFZhbHVlPSJGYWxzZSIgLz4NCiAgICAgICAgICAgIDxSdWxlUGFyYW1ldGVyIE5hbWU9IlVzZVJlZ3VsYXJFeHByZXNzaW9uIiBWYWx1ZT0iRmFsc2UiIC8+DQogICAgICAgICAgICA8UnVsZVBhcmFtZXRlciBOYW1lPSJIdG1sRGVjb2RlIiBWYWx1ZT0iVHJ1ZSIgLz4NCiAgICAgICAgICAgIDxSdWxlUGFyYW1ldGVyIE5hbWU9IlJlcXVpcmVkIiBWYWx1ZT0iRmFsc2UiIC8+DQogICAgICAgICAgPC9SdWxlUGFyYW1ldGVycz4NCiAgICAgICAgPC9FeHRyYWN0aW9uUnVsZT4NCiAgICAgICAgPEV4dHJhY3Rpb25SdWxlIENsYXNzbmFtZT0iTWljcm9zb2Z0LlZpc3VhbFN0dWRpby5UZXN0VG9vbHMuV2ViVGVzdGluZy5SdWxlcy5FeHRyYWN0VGV4dCwgTWljcm9zb2Z0LlZpc3VhbFN0dWRpby5RdWFsaXR5VG9vbHMuV2ViVGVzdEZyYW1ld29yaywgVmVyc2lvbj0xMC4wLjAuMCwgQ3VsdHVyZT1uZXV0cmFsLCBQdWJsaWNLZXlUb2tlbj1iMDNmNWY3ZjExZDUwYTNhIiBWYXJpYWJsZU5hbWU9IkZvcm1Qb3N0UGFyYW00NS51Y0Nhc2NhZGluZ0Ryb3BEb3duMSRkZGwwMiIgRGlzcGxheU5hbWU9IiIgRGVzY3JpcHRpb249IiI+DQogICAgICAgICAgPFJ1bGVQYXJhbWV0ZXJzPg0KICAgICAgICAgICAgPFJ1bGVQYXJhbWV0ZXIgTmFtZT0iU3RhcnRzV2l0aCIgVmFsdWU9Imx1ZT0mcXVvdDsiIC8+DQogICAgICAgICAgICA8UnVsZVBhcmFtZXRlciBOYW1lPSJFbmRzV2l0aCIgVmFsdWU9IiZxdW90OyB0aXQiIC8+DQogICAgICAgICAgICA8UnVsZVBhcmFtZXRlciBOYW1lPSJJbmRleCIgVmFsdWU9IjIyMCIgLz4NCiAgICAgICAgICAgIDxSdWxlUGFyYW1ldGVyIE5hbWU9Iklnbm9yZUNhc2UiIFZhbHVlPSJGYWxzZSIgLz4NCiAgICAgICAgICAgIDxSdWxlUGFyYW1ldGVyIE5hbWU9IlVzZVJlZ3VsYXJFeHByZXNzaW9uIiBWYWx1ZT0iRmFsc2UiIC8+DQogICAgICAgICAgICA8UnVsZVBhcmFtZXRlciBOYW1lPSJIdG1sRGVjb2RlIiBWYWx1ZT0iVHJ1ZSIgLz4NCiAgICAgICAgICAgIDxSdWxlUGFyYW1ldGVyIE5hbWU9IlJlcXVpcmVkIiBWYWx1ZT0iRmFsc2UiIC8+DQogICAgICAgICAgPC9SdWxlUGFyYW1ldGVycz4NCiAgICAgICAgPC9FeHRyYWN0aW9uUnVsZT4NCiAgICAgICAgPEV4dHJhY3Rpb25SdWxlIENsYXNzbmFtZT0iTWljcm9zb2Z0LlZpc3VhbFN0dWRpby5UZXN0VG9vbHMuV2ViVGVzdGluZy5SdWxlcy5FeHRyYWN0VGV4dCwgTWljcm9zb2Z0LlZpc3VhbFN0dWRpby5RdWFsaXR5VG9vbHMuV2ViVGVzdEZyYW1ld29yaywgVmVyc2lvbj0xMC4wLjAuMCwgQ3VsdHVyZT1uZXV0cmFsLCBQdWJsaWNLZXlUb2tlbj1iMDNmNWY3ZjExZDUwYTNhIiBWYXJpYWJsZU5hbWU9IkZvcm1Qb3N0UGFyYW00Ni51Y0Nhc2NhZGluZ0Ryb3BEb3duMSRkZGwwMyIgRGlzcGxheU5hbWU9IiIgRGVzY3JpcHRpb249IiI+DQogICAgICAgICAgPFJ1bGVQYXJhbWV0ZXJzPg0KICAgICAgICAgICAgPFJ1bGVQYXJhbWV0ZXIgTmFtZT0iU3RhcnRzV2l0aCIgVmFsdWU9Imx1ZT0mcXVvdDsiIC8+DQogICAgICAgICAgICA8UnVsZVBhcmFtZXRlciBOYW1lPSJFbmRzV2l0aCIgVmFsdWU9IiZxdW90OyB0aXQiIC8+DQogICAgICAgICAgICA8UnVsZVBhcmFtZXRlciBOYW1lPSJJbmRleCIgVmFsdWU9IjIyMSIgLz4NCiAgICAgICAgICAgIDxSdWxlUGFyYW1ldGVyIE5hbWU9Iklnbm9yZUNhc2UiIFZhbHVlPSJGYWxzZSIgLz4NCiAgICAgICAgICAgIDxSdWxlUGFyYW1ldGVyIE5hbWU9IlVzZVJlZ3VsYXJFeHByZXNzaW9uIiBWYWx1ZT0iRmFsc2UiIC8+DQogICAgICAgICAgICA8UnVsZVBhcmFtZXRlciBOYW1lPSJIdG1sRGVjb2RlIiBWYWx1ZT0iVHJ1ZSIgLz4NCiAgICAgICAgICAgIDxSdWxlUGFyYW1ldGVyIE5hbWU9IlJlcXVpcmVkIiBWYWx1ZT0iRmFsc2UiIC8+DQogICAgICAgICAgPC9SdWxlUGFyYW1ldGVycz4NCiAgICAgICAgPC9FeHRyYWN0aW9uUnVsZT4NCiAgICAgIDwvQ29ycmVsYXRpb25FeHRyYWN0aW9uUnVsZXM+DQogICAgICA8Rm9ybVBvc3RIdHRwQm9keT4NCiAgICAgICAgPEZvcm1Qb3N0UGFyYW1ldGVyIE5hbWU9IlRvb2xraXRTY3JpcHRNYW5hZ2VyMV9IaWRkZW5GaWVsZCIgVmFsdWU9Ijs7QWpheENvbnRyb2xUb29sa2l0LCBWZXJzaW9uPTQuMS43LjYwNywgQ3VsdHVyZT1uZXV0cmFsLCBQdWJsaWNLZXlUb2tlbj0yOGYwMWIwZTg0YjZkNTNlOnpoLUhhbnQ6N2I5NWVkMWEtNmEzZi00MWRkLWJjNWItNjNmMzllZGJjNGI0OmRlMWZlYWIyOmZjZjBlOTkzOmYyYzhlNzA4OjcyMGE1MmJmOmY5Y2VjOWJjOjU4OWVhYTMwOjY5ODEyOWNmOmZiOWI0YzU3OmNjYjk2Y2Y5OjhhZDE4MTAxOmNhNTdlZjNjOmE2N2MyNzAwOjg2MTNhZWE3OjMyMDJhNWEyOmFiMDllM2ZlOjg3MTA0YjdjOmJlNmZiMjk4IiBSZWNvcmRlZFZhbHVlPSI7O0FqYXhDb250cm9sVG9vbGtpdCwgVmVyc2lvbj00LjEuNy42MDcsIEN1bHR1cmU9bmV1dHJhbCwgUHVibGljS2V5VG9rZW49MjhmMDFiMGU4NGI2ZDUzZTp6aC1IYW50OjdiOTVlZDFhLTZhM2YtNDFkZC1iYzViLTYzZjM5ZWRiYzRiNDpkZTFmZWFiMjpmY2YwZTk5MzpmMmM4ZTcwODo3MjBhNTJiZjpmOWNlYzliYzo1ODllYWEzMDo2OTgxMjljZjpmYjliNGM1NzpjY2I5NmNmOTo4YWQxODEwMTpjYTU3ZWYzYzphNjdjMjcwMDo4NjEzYWVhNzozMjAyYTVhMjphYjA5ZTNmZTo4NzEwNGI3YzpiZTZmYjI5OCIgQ29ycmVsYXRpb25CaW5kaW5nPSIiIFVybEVuY29kZT0iVHJ1ZSIgLz4NCiAgICAgICAgPEZvcm1Qb3N0UGFyYW1ldGVyIE5hbWU9Il9fRVZFTlRUQVJHRVQiIFZhbHVlPSJ7eyRISURERU4xLl9fRVZFTlRUQVJHRVR9fSIgUmVjb3JkZWRWYWx1ZT0iIiBDb3JyZWxhdGlvbkJpbmRpbmc9IiIgVXJsRW5jb2RlPSJUcnVlIiAvPg0KICAgICAgICA8Rm9ybVBvc3RQYXJhbWV0ZXIgTmFtZT0iX19FVkVOVEFSR1VNRU5UIiBWYWx1ZT0ie3skSElEREVOMS5fX0VWRU5UQVJHVU1FTlR9fSIgUmVjb3JkZWRWYWx1ZT0iIiBDb3JyZWxhdGlvbkJpbmRpbmc9IiIgVXJsRW5jb2RlPSJUcnVlIiAvPg0KICAgICAgICA8Rm9ybVBvc3RQYXJhbWV0ZXIgTmFtZT0iX19MQVNURk9DVVMiIFZhbHVlPSJ7eyRISURERU4xLl9fTEFTVEZPQ1VTfX0iIFJlY29yZGVkVmFsdWU9IiIgQ29ycmVsYXRpb25CaW5kaW5nPSIiIFVybEVuY29kZT0iVHJ1ZSIgLz4NCiAgICAgICAgPEZvcm1Qb3N0UGFyYW1ldGVyIE5hbWU9Il9fVlNUQVRFIiBWYWx1ZT0ie3skSElEREVOMS5fX1ZTVEFURX19IiBSZWNvcmRlZFZhbHVlPSJBUitMQ0FBQUFBQUFCQUR0R210ekc5WFZ1cmI4VG14Y1lnZ0JhZVBNNEhnU1NidXJseVUvcU8wNDJFMGNoMGhKbUFtTVpyVjd2YnRvdFN0MlY3WTFETk5RQ0FrSktXRWd0Q0cwbENrcEZDWnBXcVpna3BUMkozUTYvZERQcmVYSHAvNEVldTd1NnVFWEJCb3hiYWViUkh2dnVlZWU5N24zM0x2NTB0WHhJSEo3VXFreFRUVjFUVEdPNFdmenNvNlBhb1k1eXZHWlE3aVFTblUzdXJmcmFUTWhxNktDeDdPNXlRUHViZENmeWl1bXZHbTNSYzZLaDdtOHlrdnVObWcra2NlR0tXdXF1NDJYTWxPWVV3NHFuT2h1Rkdlbk9GbnRHTnhYMTQ0YWR6UTFUeWZITkRJZEdnYzFQWHRrdW1rNmFkRnJuRTRlNEV3TXI2U2N4VzN3MGt4T0lXM0FTTTZyTUFWOUNVK0gwT0Z1OVVXaWRJUmxJcUZJUnpmbGFVNEJCVExadlpPSnhkaEFmNENocWNXRjg4V0w1eWlHamRNMC9QVjBweWFORVFYclpnSWJCc2hKS0d0NVUvSjBwSTV5SXA0MHByREpKVG5SRUQzYkhRZ1I4TEFtU3A2bWxNNnBHZEFaMFZIUERtY1VGTllMQ1ZNSGcxbEliYW1UbXA1SnlDWUd4UG93c056dFlJN2tUVzBrbDFNSzQ5azBGZ2hzekRER0ZNNEFYcjBsN21BbEUvNGxlSENRQXA2UmlUR24xWktQUktBL2FSRGN3eHFma1N4MWp1RVpIUnVTbzlCQm5jdGl5ZE9TR2pGTmpwZEFDTDhKTG1Gb2xtRmlRalRHQ2dMZjcyTm1hTjRYU3VPSUw4M1JFUitURnNKc1A4Mm4yUmpuNlhRNG5BUlQ2bGxPenhETkJmTW9wM1Bzd3NOMXJycTZPdUlCOGlaUE80S2ZJNG1DWWVLc0g4elA3YWRPWUoySU1oVHkwK1RQZm1vTTRpV3Y0eUVWNTAyZFUvWlRSL05wUmVZaDRwSmFCcXRENldpVUMvUGhDQk1MaGpEZEgzTVQ0anVxYUZvL1NTNnQ0SG9ZMlZudStZL2hyR2FDN1IyV0xVOW1sUVF2NFN6WEJxMEQ4c3pNNDJDUGVwZHJ1MFBNd1NNeXR4QlNqUTN3ODNuWDRHUHpXWVdhZGVUdVlmeDBENFZWWGhPQTlGQlAzcHp4TVpHZXg0YTN0UTdPRzNIRFlrREJETlVZNnVteEcvRjVhRXVtbVlzSEFuTnpjLzY1b0YvVHhRQkwwMHpneWFuRHRsQWwzS3doZ0FaQVdGY2Rhb1l2SzRQUERXM0c5UEZhTmc1NFBodXJCN2hTRk9HTEZaekZxa21wNE9HaEhrdC94aDYxeDJGZVRzSHp5VUlPTzFBYmJrQ2VneklWNEdia1JvUlpqc2VqV0pUVkhzb0VFa005WktvVjJEMlVMVXJjNUhRUm0wZGdncEVEYktKOFZsYW5lVDZ2Zy9aZ3M4RFg4Z0E1eGxXaFppd09ZRjZCUUNWWlUxdGREbkNGdzNKV05pZTB2SDdrTytFeVVYTXVaSzJ1R1pNcDJIV2tzakxmQVp1YWFqT2RuTW9iNXBpRStVd05lVmg2Z0hkcXphSzJqc2YyQmw2N0xDbHhxRjJHUUdWeHpOcjdhOGJoQktmSVFvMTVqQWpQUU5EV21FbUNnd1c0TUsyUEVGNDFWbVZTblNWbUkwWGZQZUUwR05pNFhWcXc5VnVyQlhRazJtSi9OcTFpbEV0Z3N5ekpwT0ZBWUZUUDR6S2NWSDNsa3FhOHM1ZEdqeHQ0TEsvclFCbHFQbzRnV0pQdll1UG5KVTNtOFRwdHM5eDhxWmRYMDFwZUZiQlFzY0hkYUd0YnlTcGJoaHZkVUQvOXBXbFFnRkpMMU9QMmk4dCttenJIbVdPVCtMbzVKVWErV2FjRUdxell1NlNLYlVmS0VVMFdTcGF0bUZiWDVxWjFBZXVXWVJ3OGlUUEdKRTRWTVJoSVZnMDRLb0I5S21hdHFwT0dZN0hCUUhWL0RaSmQ2QXl6dEkzamRNc282d3NWaTlnR1lBVzl1dHdZRGdIcUdzQ21lQlBERExzV2NXSWpJbG42aCtrS210VXZZNjNkdElkRGtjSEFPdEFtcUNXUzZ5Qmx6S3E5azZCVmQ2dHdTbnZmY0pTZ2xIdnJNU3pTVEJsbG5maWxyV2M0U09RcDl6WWdUQXhIcWhDcXpGUmUrSWNaOEUrbFYwYW9XcmVIR1RCUGRiOHFIaW9McjBWb0RhQ010bWJwSkVxdEJhd2pWN1g0UVpReDBRRERCb0owaVhiMWFDbTE3ZkIzVW5wTnZnd0cxaVh3Y0FNNUhhMDdOWkd6VW1OcWludEcwK0VscStRMW1wY1ZvU1YxRE0vS0JJV2NDSnZoUWM3cDhFdm5hZk0wcEJKNDN1MWlQSTJjZFRMOXB1ZlNib1RxTzRUdVFmanQ2RVp3L2o0c2k1STVxczJQNnBqTGpLdEVOMEVTdXRFTVlEVWdsNFhWZEFLa2dnRkpFSkRiZ2pRazhienBmbkRseXVYbFN5OHZMbHovNTUxWFZ6NitzUHpoeGVJWFovNSsrbGVBdDR2Z2VidmNqWW1qRTZPSEdJQTg0a0RhbDI0dXJQejIwdXI1MHl2dnZRcnczU1ZNbXFZZnAybUE3SEVnSFl1M2JoWFBYMTM1NU96U3JVdkFDNFo2cTVGakJMblBnZXdBWklKNWVXSHBqYmVYenI2eS9PYUh5eCs4RGdqQjBoVEhTZ0lhY0NDZE51UWZwMDhYYjc4MXZmekZyMkhzc1k1T1MrV3lLVHE2WGNqVjdlb1VCSkcwQlBRNHpHNzF0S1ZJVUpCYkRjNTB0eGZnZVNvd05mVlVRQkE4cmFrRTdKYW1kUU5UOXlmNTFhdC8vWE16dVZkUkJRYzAydUM5L3JkbTZ4TGlHT2FFYVZVcFNJQ1ExRFJJbkp6YmQycjE5cytYM2pqL05GVjgvVTd4dFkrWGZuSnQ2ZXJMWU9KVHExZXZXUENsaFRPclY5NHZudm1nZU9OejIwM2dNZmp0Skc5UGs2Ynlpc3huM01uanBxeWt4cVFNK0RlcGlhS0NMVWZLaW13Vzl2Ym1lU0tPSldxS2x6S1ZvZDc5MUpwQlFaNGxNVDRDRWRMYk55Q0FrUkF4a2Rzd0N3cDJlK0c4Yjhxd3Bmb2dVMFExYm1xNWdka3lyZmlBRTBYTllPOVdLOEhvY0lDSmVOckpSVTdsUXFaempNc2IyTER5M2xxNVJVL1R0N01IU05hcXFVSmFzVzJ3M1pSa3d3OVpuTWREdmIwREFnUitkNk9uY1ZQSHRXencyd1FKaERWdW14RFFJUklBM3Z2WFR2YnVLUHZhMjEzMnNmY0J5ZnZndit0UTcwNzMwYnZ3SkFpNmxSL0owT1plOUQ3MExSM28zU1Y2SHhhOWozeGo3M2c5bS92RTYxMW5VS3JzQk8vdUt1dFBneXdObm5iSW5VU2lsS1JnNXMyczl0WHhiMStPYmhILzFZTWJMVmQvbDVacnRJUUIzWWl4eUszbWJrSm9sSlNMb3RDNVkyY0xMSnFyTDhDQ2RSYlJOS0laUkxPSURpSTZoT2d3b2lPSWppSzZIOUV4eE5DSVlSRERJaWFJbUJCaXdvaUpJQ2FLbUg3RXhCQkxJNVpCTEl2WVlDMW8zcit2ZnFlNDFXT3ZpZTRxTmIxN2lHNUQ5MTRPeElZUUcwWnNCTEZSeFBZak5vYUNOQW95S01paVlCQUZReWdZUnNFSUNrWlJzQjhGWXloRW94Q0RRaXdLQlZFb2hFSmhGSXFnVUJTRitsRW9oc0kwQ2pNb3pLSndFSVZES0J4RzRRZ0tSMUc0SDRWai8rM3lnOCtHdHZUWjNUeTJYMXM2WU4vcnJoUFFjWkoxM3A2dE11MnIxeWM3bVRaZG55cEQ5eXJMN1BEN0gwa3Q5UC9VK28rVC8xNm4xaW1uR3Exbi9LU2VUZGxkREUzT3FVV3RVeDJwUlVsV2lGWW1kcmxkdFBkN3BDRFBXUGozaWRETTJpM0lUT1MwbWtrWkQ3Vzh6YUZxK3dac1YvV1F3eHhWdzF3K0t3blhRNTYxQXRLem5XVHJDYktISDVTeElyZ2J4alFCZTdaWk56QndPTENCTFFRNFJtNk43TkJ0NzRKaTIwZjV5Z0VBN2ZiVk14ZUxsODRWYjU1YmV1OWNZL0hNcDR1MzMycGNldWZGbGVzM0c0dW43eXkvZHIyNytNbE5LQ3NDUysrY0s5NjZESzNsMzE4cUxuelNEditLRjY3WWg1Q3VsYk1md1hsaTZkMXJTNzlZV1B6RE8wdlhybmNWMy8wTVFJdGZYQ0FEMTY0RGJwZU52UHpSQzh0WDdpemV1ckI0KzlOMkdGdzVkM0hsbHo5Yi9PTU50M1dhMnRIdW9sMFFkN1NMZFFWZElWZllGWEZGWGYydUdQbWdTdE1NUkVCN3RVUEJLSG13ME1PZVhYQ3NteitNVmRHVWpoQWJhSHplR0ZOa3JKcVRCekJVK0pQUXc1d3VXVTFyVlBKc1R4RnpKU1I1eGp3a3EwSmIzdzhUY0NZOHl2SCtremc5UHAvVHNXSDR4N1JzVmxQOVpKWGR0d1o5UDdVbGR1VUxZdFFmOUFjWlAvUDFueERWdktMVWVSNU9IWkNOM0xocVloMExKelZkTUtiVHoxVDBhRTFaSHpXbk9EMkRQUzNXSVVZRTFwSlY3R0tyTkJ2aFRYa1dUMDZOaTRCUStrQkxaazZXdnBkTG5xNlUvVFUzcVIzUDViQSt4aGxZY2o3TUdzWWNjTjEwcDNucUszY2FjOTZjVHNLWnl0RFVLWnpWTnU0MzZ4RzIzSFVpTTRyR21YRUZ6NWdEQWxoRDRRcHhXVlZrRmZ2U2lzWm5CbktjUUw1cnh1bTFtMUd6WFN4N21pc25PL2RKV1RDbFhmWlJ2dkI5OGxYVzAxd3hTa05xZDJJVS9RalpKN2NNTHVSejdwOGlxMFEyWlZPeFNtUjVodHBiS1pyOWloVmkxUEFReGRJMDllaWpWR1dNMmoxRTlmYjJQVWUxVXRYUW9hcU8zOGluN2R2ZHZmUitRcUZ2Z0dwOWZxQjFsdE1wTFRsdkFySUFzVW51S2YwaU5zZnRLOHZSd3FTdzBjQUtseWIyZXdLczIyZEphUkVBR1VnazlUMUhlbjVaVmJGT29oWUkyOS80L1RQVzhXdnZEeEtwS1VPMG9tMVN6ZVZOeUI0cjNQWlRHNVIxQkgxZXNHNHVHcnloTmZiMFJ0QnBaTjFPMk5GaUwxY1BuQ3ErLzBIeE54K3Yvdml0NG8yM255NSs5cnZpNVhlWDMvelFjdkNicnBJSEtUWTNUekUwL0pRYUF4U3ZLWm9lMzBQVDlBQ1ZKaWRVblJUdGNXclB3WVBqL1NPUkFXcEdVMDNmSENhM0ozRXFyU2tDNEdua0ZqUk9NVURGME9BZ1N3bVFJcUxPRlFhb09VazJzYys2T285VHFqYW5jN25TQkovT0NYTGVpRk5CWUN5Z3BzcDYvcnlqeDMxN2w2L2VLTDV5Y2ZtbDkxYXZ2QVJyVmg4TXZsalMwaFdHM3RsU3I1NjJGdklMNi9xdnJldS80U0wvamVRKzVPcnNyaU4vMnUvZlZ3ZDcwZVZ5dXNIZVpHMVRWMnhJUTRlVmZ3KzV0NVdTUWRWVVBDRDhDeUFPMFRrUEl3QUEiIENvcnJlbGF0aW9uQmluZGluZz0iIiBVcmxFbmNvZGU9IlRydWUiIC8+DQogICAgICAgIDxGb3JtUG9zdFBhcmFtZXRlciBOYW1lPSJfX1ZJRVdTVEFURSIgVmFsdWU9Int7JEhJRERFTjEuX19WSUVXU1RBVEV9fSIgUmVjb3JkZWRWYWx1ZT0iIiBDb3JyZWxhdGlvbkJpbmRpbmc9IiIgVXJsRW5jb2RlPSJUcnVlIiAvPg0KICAgICAgICA8Rm9ybVBvc3RQYXJhbWV0ZXIgTmFtZT0iX19TQ1JPTExQT1NJVElPTlgiIFZhbHVlPSJ7eyRISURERU4xLl9fU0NST0xMUE9TSVRJT05YfX0iIFJlY29yZGVkVmFsdWU9IjAiIENvcnJlbGF0aW9uQmluZGluZz0iIiBVcmxFbmNvZGU9IlRydWUiIC8+DQogICAgICAgIDxGb3JtUG9zdFBhcmFtZXRlciBOYW1lPSJfX1NDUk9MTFBPU0lUSU9OWSIgVmFsdWU9Int7JEhJRERFTjEuX19TQ1JPTExQT1NJVElPTll9fSIgUmVjb3JkZWRWYWx1ZT0iMCIgQ29ycmVsYXRpb25CaW5kaW5nPSIiIFVybEVuY29kZT0iVHJ1ZSIgLz4NCiAgICAgICAgPEZvcm1Qb3N0UGFyYW1ldGVyIE5hbWU9Il9fVklFV1NUQVRFRU5DUllQVEVEIiBWYWx1ZT0ie3skSElEREVOMS5fX1ZJRVdTVEFURUVOQ1JZUFRFRH19IiBSZWNvcmRlZFZhbHVlPSIiIENvcnJlbGF0aW9uQmluZGluZz0iIiBVcmxFbmNvZGU9IlRydWUiIC8+DQogICAgICAgIDxGb3JtUG9zdFBhcmFtZXRlciBOYW1lPSJfX0VWRU5UVkFMSURBVElPTiIgVmFsdWU9Int7JEhJRERFTjEuX19FVkVOVFZBTElEQVRJT059fSIgUmVjb3JkZWRWYWx1ZT0iN00yZjBYT0o1Witic3Nka3Jrd1JZQ2QvWGFQcmkvUUEwck1JWTFIN0w1ZlpDTWZBOVVPVDFRU1AvL2hURFZUcGxjbHRzZzdOVDBKOW9pamt2bXRKbWM4NHpQdkdRcTJNcUIxUWxzQkdteGtqZzZ6WlhzbFlQOXlzcy9aZnNqTDdBMG93ak1JV01OK3RRSFFhRTRjWWhMTnhySjVGU2pqQkV4OVQrbVZ0d3pWMWRzdlJ2QzJuVFcxNzhodTdOQStFRnJvM3NML3ZvOVNGWFlaVWpCK0ZxWWJqTkNwMzFtaHFHMjRCb1F1eW5BWVJyRG5idUVmelNKZ2dnWTdVVjFndDN3ajNZWkVYeGZ4QjNJWVcrT014RWtsaHJ3ZlJ1cXRrYm9XbjQ5TUJIc0FlRS9nSmhoTW1RS0dVa1lWSWQ2UjJFcVUrWWVMTWlVaUtjWW9oL0Q4N2FKU01wY0s0MnBvZDZQZUdTRzdZOEtaYmhYTE56WG5Ta09WTHBwRnBMZ0dJM0dhcEZMd0ZxK0toanpVaEozcUQ2bmloYndTQlZnU25YbllnenRZQkZCaDlLbDJaRGxHNERLYUs1cndJSEErSk9yVGdVdXV0WHhIdGJrK1ZxYmV5NjJVY0RGSk1ReFB6VThJMEN4NGhWRnZhTDc5eUZYQjRJQlo4NDVQelJ1UHhnbnVKU2l4VkpkalVZUVg4U3poWDNCRDU0aUZFa0JiNHc0UkFaWlpYNWk1RnRoL21TNjUrTXpmQ09EbUFRQ2xxVlVjYjBwMUd3M0p1ak81RkQvbkt6M1pmc0dtRkpoajdMN0RzNDBOcTNlSVJ4WUg3M1ZXbVFNSWsyQVBuSlZNalpCRXVHYzdpaEtzSFVNSGY4VURrWFRoUEYvMlpMMTI1YWlGVS9qeGhnbnUzS0IwVnVxS2JHYkJnRWxQVXdQaWhYTi9yZTB1SVZVbUV1NGphaWFnQS80K0F4VWI0ZUorZzAwcy9sWW5zVjhINStoaHR2RFpuUjlKMTZDWmpLMUpYeDhmMHFRSzdoWisyb1VnVU9CelZTc1B5NXhYcHV6STVJTUpBU3hURCtHMkx1Z253K0NWOGlhRGtDUmJLeVM0WEdIVkgwRVdlQVNRcnRsR3JSTC9jYjFUTDdtVWJ5a2FjcTlvRnhWUmRwWWZoN3JLVHBlbktBc3ZqanY1ejFaYU14K2pJVnB5Z0J5dmNmSGFjcnhYOE5KRzdCN3VvL0JYV0hrYWM3eDBRd2gyMXpGc0N3eXY4QmlSd2dzSEc0R005Y05FQlB4Qk1odnRYd0xwVFhTZXhybkNUUERLOGxnbm1rREhnOFJsS1RsNFAwS1Y5N3BqblZrMHAvOFhXdE9QNmFwSmlPSUVtenhXam1zdnVlZzJoSE1rV2NaUjNYeHFIRi91YVI3YjNmcXRDQTRuVDM4YTRVcExHYjRYU1QvaE0xRzhId2xwT2hIdnpCUVVMaUl3NmxkaHBBZzZOTEoyMG9HZHM0c2kyUmpOWVJtTUNhRjBOcXVpTlc1WTJTYVZIeE5oTkZTeFNqbW03MTRkbUFUU1Jkd284emgyZkJubFI1T0RnZFBVWkd0eXJpZnRZUnFIU3dNdFpZaCs1ZEZ2RnhmdzNSTVdiTmtLTFA5WCtGUHpBVGx5SnZRMHkwSjRRZlJOeTF1V3FwQWNQYlhHSTZVZ2IrRDJKSHN3RDBxYlMwN2JSQnVvNnJCWXFTMkZIeVF2Z09YV0RKS1VTL2pVMVFQd2M4UytMTmF3Z3dpNlRIK2ljbEZ3WDJGSWVEVkpUeTFIY0IvU2NZaFpPUWZVbmJTaCtFd2F6WkhtK3htU2pUTnhMUlZyYUt4V0N2SGtWbHhBd0piRFdHYTVxVitpTzd2VG1WWlFuL3RlVURLR0pOYWtiVk1WRDRneHJtNFlBbTd2blVQS3Z5NkNta2ZQeUlwRUtXWXFvTXFzUkg5Q0NJc29YZlpKckFhQkV2YUVMcW9rL1FwOEN1ZnRteTFvcWszYWVLN3NrUGpPZ25ieFJ0REs2SjdXZjlWQTFWVlN6RjhYOG83MVVIUjdNVW5wb3AyQXpWNE80UWRZMi9UcHpna29vSDBPN3c5MndMcTdoendHUCt1SE5NNTQydnBtejM4S1B6UllLWm56RmIxcWY3UWY3OVpsZVJLT2pvZHFkZE5kRm54dDVtemRjbUlxSG5ZM1h2eGg3bmNZd1dFSGRGRy9JT0hpWVN0UUtWSDNWZmRtMjk2RDVGZjdmOS9yRW1qV2NlTGdhTC94TzNjc0l3V0E2dkJsNlZDZmFrTnBOMUYvS1ZsZmVKOVEwanQyZkx5djI2Nld1aEpXanBaMlpyMGJVS2ZUblFzbFk4S3pKdnJTa2pIeW9MVlZ1czAvNFQzS2FvQzJYaGxob3Bic2JZdGRrK2xCN2Z4dFRReGFuK3BXZHJTY3gzeVRreTlSZVJiSzduWkt4Q2tjcjkraXB6M0k2dThwalZ0NGlvVnBKK3pweExKQzFuc3RJSmRWZDJqQTZSaDlzMytrSStyVFR4M0R4UEtVZXVXRE01dHhxZjJoeVowYUJtK3NpSjhXeEZjTWkwUkx3aERYaVlEWjlaNlV6SDZmZWprQnhETjRXdEdCakFjb1RYb3B6SmZtM01kdXRUckFtZ2NrRHZyM2RETUh3QlEvRUl0WGNSbmU3YSs0QmpOOVdjOVBHc1dLajZWY2tpaU9GWVBTdDlLdUtuL2lOdlFLcnp4M0x3ckN0K1V0QVc4Ujh4bkd1aVA3djVvalVCRUdnZGtQVk1ydnNhcVcyV3cwbGtlNTBlMEZuRHJ5Q1hkTDRBeW1XSXhURFQydW00MnBjSUUwdDFJRk9lRWtlOXZYNVhwd3IyNy8xZzFraTBkeTRLc3VmNWlZeDVlcUV5RkRoczQ4eUp2WUFmcCtBY0ZGREdkclFQSzJMbmFhZURLVWIvUzJQMU9qMFRuWFNkSlZKY29zbFJlTzAxRUxyUStzaHQ5TG5lYXg3YjdjQ3lmd25yVHZyYlN5aHBOSmVEbkdSdDIvTFhKWHcvWHlmVmcrRmJ0ZTVmMU5SWFlrWHR3VmJ6bjhQemxRL2xOM3dUdnRVNkIxdFBkbVhlZVZTRE1ERmJGN21pTkRqSFp6WWtuSS9RVUlWNWlVTkxvMEhyN1hRemZ0MUpwY3RmcXFGbkt5eVRGYmZSdTNidGlkQlEwR1U4R0t6ZlI4NDkvMzJZTzk4UlpPNlBLZ2pvYy9CQU9oL0ROZ1BqUExVZ2tudklZS1BHYlFGNmRpV0hLTWxCVWkzOUZib3JQeE01TVc4T1lkVVRWekRhWjdzeUFMSlpsVEx2c0R5aytEUUhUZzdNNjFmU0NKMXYzTzRXeXBVK0NKYTJnd3dEcDVESGQxRVY2WXQ0WGhUNWNnY3R4Qk90YlIzeHpaK0tCVWJSOW84cjI5UG12Zk1xOUpESklWTzFtYVh3dzBRMHdrTTlJV1hEUHdMZXd2cE1zSEZTa0ROcDZWYlpKdDJmT2R1OW5oMlJteHNXNEE5cjA2ck1SRGl5a1pDOExvV3kzMEYyYU51M090bDc3by8rTmZuZ3dyOWd6QXFBekJQYkR6MGhKaXkyZGJuV2JVMHVDalhjWCt6R3I4MWY2RWZVZTU1VXBHYUh6dXRrYUNvZ3ZoUGlGRFJDOW1mYy80RVBPbXJSMWkrU0pwZFZqWFUzSTFlZm1JM3RhMDZjdVpvZVlBV3p6bzB6ZjR0Ym9GazBSWlBSV0lxM2pTZDhnM3Blc0VJa3ArMXhGQzk0MjgyclZvYysyRFdBbWM0cUJiMmhJZDB2QUNIaXVScDNWM3lnUEtCZUdwOTZMeUptc3BoRlpyM0dUek1USVRiazZQQUo2UjdZcG5sOGRIOVNVSEdJMmFVSHZpOTRsTEd6UHdEUmNxWEpnWWhIY0lpbkZGQ3dhazNmSWN4RmgrNXZpTVRkTnRnQW5yZVo2NVpIdG1NenBQZ3lZOU5aVlJiT0FRNVRqZlNTWkordHhUL2hHL2krclFHc3M4NXgzaEpLZUt2T2R2c2pQVGludkh3WDlkT0hQRlZ0YjJja2lwaFZnbXVuZzhQNVJjczN3T2FEemd5MmxRVUdnZWtsYnhXZHJaemZsejJkSkUwMS9aYzMzalZwdEtUbjZTeFFqdnovci9UUGJhcENHOSs3SXhLbUJIU3pMMEpKbUNVVUc2QUlpeFpjK0dHcjRTUTlVZVQxeUdZazZOYjlYSzBvdW51YkdtS1NTcXZmYStLeGh5REFXTUw1SmlsWm9nSGlzeDU1RWI4WjlRb2NSZmt1ZGoyeHdGMmJkOXRLa3RjZ2NlMk5sYWZWQVRuOEE3ZFhFZHZSRmVhZFpuWjdHcXhSaUFEeldCek1RL2JOMkF4RCtud0NCeVNMRXE1LzZRL2dhRVBYVXE1MVVIdU5KN0QwNG11NmJtZlpmSk5TTzU1VDdrNGNXbUhCYmxlRXJGMGtHK3JMSlk4MVBPRGdjM1hvbmFEaHZGSURZOXV6cmVXSkE3TmxoTU5wbCtIRGdJVnVCa2tDdnFKclduZGJiR2VPU1pDQkJYLzFvWFdXendHTUZ4UGNBZm1zTnZEMkVMVWxhb0J6bmNudDJ0bU9Vd1lWWE16YnJ2S1NtbmRVQWZTdktuYjRMdWRoenYycTJ4QlZnNmlwYzk3Q1VxdjN6TDd2V3VhZFVTLy8rRmtjOFNGWU4xUHVwS0tyOVVkK2REU2ZDanZ0blUzbUhVa2I3dkMwNk1VdS9oTi93Y2pZbXpVazl2SlFZV1NZZHA5ekF5UFc0L3p0aVZIblIwR0R0ZkExSUh2eS9xbUt4MHo0K21SVDM1Q0N0RnZTNlRHNWdlQ1kxZnh6c05xOCtUQTJoNzk3RUpYZ0hYQ09ZVUxGYmh1dUNtY0NxNUl0Q1YvckNBaS8vSmxwbmRGSzVNYnFmSUlsRmZXQzQ4V1J3RExadmk2dTVmMWhlTndweVQ0ekt3Z2JNRk0yNnh3bVd3Z3hOWWxJd3FWRTBHUFVzdWxHcXRQSFQyblNRZC9QV2puenZ4clloZVZ6YmcxZzl3R3d6blJTbGVhK3Zaa25aU0IreFNwODFVUE1BbnptU1hKS0pYTUwyMEtKTUZpV29ycUpLRVBOZ2hENHZqVWFUYzF5cUhOemI1amVocVlEcmJxRll1dnhQeHE1UlFjY0E3S005UUZUZU1DYVQwUWRUUE1hUGJ0MHVoOVNOU2JXQlg5RkEwaStXQTkrbmZHZWhYZitTVjZXd29jMys2N3ZqR0MraENTWjNaSjJIOS8vVFRwbDdkdUl6NXlpYUFhQ2Nmck5CU0cyd2VXNkdkeFhGcWVFZUFEVmhZUnFsR1M2a3FnWFM2NEc2akRvd1h4T0hDRWFHRkRVQVIyVk5vSHkyZ3dKMWI5VGo1QlM5WllUcG5zdVBsRnRlKzZwc25USlBKRkdUelYxZTRJV01hcWNYMUZjeXRzaTF5cmZpL2NPd1BXUlh1Z05RRmt4R3g5UVZobG42UGRpNHYwNkNWcnUrbWovN3N0SEZrSzc0bWVFaHdqa1FnUFJXUWlKdTlJSXV4dTd5c0hSeHNvNWZCdnNjSGxnNkovV3NINE0vbGFkMUlRQjgrekxvRkdDSDBKQjJYT25iUzM0NzY1VW5pQ2xFdUpXZEhRS3psTmVhbGMySmNoM3ZndVlrZFJZT3FwYUJLSE9ZT2c5a01DaWdkdWdTMWlHUHRiMmtjWlFzcjVIT0VKSCtIRjA4UmR4ZU9zOVlSdENXMklrbjNFM0ZLQVBOM0tNSjhTL0ZHQ2RPV2Z4Rk9hM2kvRWViVkN5SnoreWF1cmU2Yld1VFZFb0F0Q1hUVzNjcVhXSjYyY08wdWFTUXRMODNrOTVIKzh1NStwNCtnY1N3dnYvczNQaFlUbzA5T3hCMU5YcWtTU2V1ODQweXA3aWw4NUN2VXl5Yy8wL2FmaXZiekJwMTlid1VJYW5Sb2ZHSGhFWThuM0VGOXhOaENhWENqaDRXS1J5N0JoczVnR1hNSXBCOW8rTHVPV1lRdVJ4NWx2NHE3ZEFYSkg1UlF6b09nRU9BMjJtLzdhNTRLVGF5T09NSldaTjFKais2RFE5Z05FZlh1VDBwMHlNa01VVENralF2c1o0UElNSk5RZzAvSlNCS3NhMk00M1ZGZG9Ta2czZTc1M1kycEFRT04xd0M1TTFPaGtBOEJZcUNkU2pLL2JkMWluZ1BzWmZDNFdJWXY4NUZFOVg4V1hzQ0hyZk9VMGNaWXB1VGFmNXJvdmpRNGlCZEtET25IZU5lMVFjd1M4VmZaNXhSakw4dUpQelF5eTVLbzN0VTd1ZXdiWkJrMytmQVl0blJKY25NOXVTemliQjVyMmNTOVBuSjFzSmt6NGFXQkRCQ2hDRUZ0N2FMVWRUVFBCOVpvUWxjaHYrcWlyOEI3Zk1OYnBiNkQxRng4V3NxWGZHM2JUMk44cWxUSUhNWTdTOFlKUlRGZzYyT3NBR2gvaFh1VHVRR2RLSE9UbXNFNXFna29WZmZkS3FwWFhPUFp5Z1ZvaEJ1eU1aSDgzZW4ydmtiTFgrZ2pFdU9CUXhXRVFsMGlKNWZ5VFFJTlFQUzQ2TDRMZU85VnRJcVN3UEhvaEU4UVNvdlN2UHJndlFZY2ErYVZmVy93K1lSeW9Gbk5vY293OEIvK0pWQkp1ZnZJdWdZRGFRdTJubnBCbnVnd0FQZmhVRk1nWW1hNUY0blN4OW85cWRraW1RVFp6WHRER3BEb0hKWjRPZEF4L2tORDRPVXcyak1TdDdkSnhiVS9rc1IweDZMSDJ6d1BsUGRxSE1vVE4rQ2FBcVdBdTF3SzNmNXJxQ1FBc3R1ZVFHZE1JN20yMHhxcmlGanNmRk93bjU2U0dLTDNaRy9BTFZtM04wZnFBNTVIL2RqY0FObDZOTzFaQmFITmQ1VHA5RlphbXFOcVYrZy83ZzZVNGlOSXVUcVo5TS9iMkZwZmRMekl2RTRrVVNrQmlKRnlCa0RjaW00UW9WM1k4YmtVV2l4ekh6ems2WjE0NTNGMkc0MHZuZC9YOGx0M2lGdGtCc3A1ZFZaY0VHTUdydzB2MnI2L20yUlk9IiBDb3JyZWxhdGlvbkJpbmRpbmc9IiIgVXJsRW5jb2RlPSJUcnVlIiAvPg0KICAgICAgICA8Rm9ybVBvc3RQYXJhbWV0ZXIgTmFtZT0iYnRuVGVtcFNhdmUiIFZhbHVlPSLmmqvlrZgiIFJlY29yZGVkVmFsdWU9Iuaaq+WtmCIgQ29ycmVsYXRpb25CaW5kaW5nPSJ7e0Zvcm1Qb3N0UGFyYW00Ny5idG5UZW1wU2F2ZX19IiBVcmxFbmNvZGU9IlRydWUiIC8+DQogICAgICAgIDxGb3JtUG9zdFBhcmFtZXRlciBOYW1lPSJPVEVtcElEIiBWYWx1ZT0icmJ0U2luZ2xlRW1wSUQiIFJlY29yZGVkVmFsdWU9InJidFNpbmdsZUVtcElEIiBDb3JyZWxhdGlvbkJpbmRpbmc9Int7Rm9ybVBvc3RQYXJhbTQ4Lk9URW1wSUR9fSIgVXJsRW5jb2RlPSJUcnVlIiAvPg0KICAgICAgICA8Rm9ybVBvc3RQYXJhbWV0ZXIgTmFtZT0idHh0T1RFbXBJRCIgVmFsdWU9IjEwMjExOSIgUmVjb3JkZWRWYWx1ZT0iMTAyMTE5IiBDb3JyZWxhdGlvbkJpbmRpbmc9Int7Rm9ybVBvc3RQYXJhbTQ5LnR4dE9URW1wSUR9fSIgVXJsRW5jb2RlPSJUcnVlIiAvPg0KICAgICAgICA8Rm9ybVBvc3RQYXJhbWV0ZXIgTmFtZT0idHh0T1RFbXBOYW1lIiBWYWx1ZT0i5buWT+e+qSIgUmVjb3JkZWRWYWx1ZT0i5buWT+e+qSIgQ29ycmVsYXRpb25CaW5kaW5nPSJ7e0Zvcm1Qb3N0UGFyYW01MC50eHRPVEVtcE5hbWV9fSIgVXJsRW5jb2RlPSJUcnVlIiAvPg0KICAgICAgICA8Rm9ybVBvc3RQYXJhbWV0ZXIgTmFtZT0idWNEYXRlU3RhcnQkdHh0RGF0ZSIgVmFsdWU9IjIwMTcvMDUvMTYiIFJlY29yZGVkVmFsdWU9IjIwMTcvMDUvMTYiIENvcnJlbGF0aW9uQmluZGluZz0ie3tGb3JtUG9zdFBhcmFtNTEudWNEYXRlU3RhcnQkdHh0RGF0ZX19IiBVcmxFbmNvZGU9IlRydWUiIC8+DQogICAgICAgIDxGb3JtUG9zdFBhcmFtZXRlciBOYW1lPSJ1Y0RhdGVFbmQkdHh0RGF0ZSIgVmFsdWU9IjIwMTcvMDUvMTYiIFJlY29yZGVkVmFsdWU9IjIwMTcvMDUvMTYiIENvcnJlbGF0aW9uQmluZGluZz0ie3tGb3JtUG9zdFBhcmFtNTIudWNEYXRlRW5kJHR4dERhdGV9fSIgVXJsRW5jb2RlPSJUcnVlIiAvPg0KICAgICAgICA8Rm9ybVBvc3RQYXJhbWV0ZXIgTmFtZT0iT1RUaW1lU3RhcnQkZGRsSEgiIFZhbHVlPSIwMCIgUmVjb3JkZWRWYWx1ZT0iMDAiIENvcnJlbGF0aW9uQmluZGluZz0ie3tGb3JtUG9zdFBhcmFtNTMuT1RUaW1lU3RhcnQkZGRsSEh9fSIgVXJsRW5jb2RlPSJUcnVlIiAvPg0KICAgICAgICA8Rm9ybVBvc3RQYXJhbWV0ZXIgTmFtZT0iT1RUaW1lU3RhcnQkZGRsTU0iIFZhbHVlPSIwMCIgUmVjb3JkZWRWYWx1ZT0iMDAiIENvcnJlbGF0aW9uQmluZGluZz0ie3tGb3JtUG9zdFBhcmFtNTQuT1RUaW1lU3RhcnQkZGRsTU19fSIgVXJsRW5jb2RlPSJUcnVlIiAvPg0KICAgICAgICA8Rm9ybVBvc3RQYXJhbWV0ZXIgTmFtZT0iT1RUaW1lRW5kJGRkbEhIIiBWYWx1ZT0iMDEiIFJlY29yZGVkVmFsdWU9IjAxIiBDb3JyZWxhdGlvbkJpbmRpbmc9Int7Rm9ybVBvc3RQYXJhbTU1Lk9UVGltZUVuZCRkZGxISH19IiBVcmxFbmNvZGU9IlRydWUiIC8+DQogICAgICAgIDxGb3JtUG9zdFBhcmFtZXRlciBOYW1lPSJPVFRpbWVFbmQkZGRsTU0iIFZhbHVlPSIwMCIgUmVjb3JkZWRWYWx1ZT0iMDAiIENvcnJlbGF0aW9uQmluZGluZz0ie3tGb3JtUG9zdFBhcmFtNTYuT1RUaW1lRW5kJGRkbE1NfX0iIFVybEVuY29kZT0iVHJ1ZSIgLz4NCiAgICAgICAgPEZvcm1Qb3N0UGFyYW1ldGVyIE5hbWU9ImRkbE9UVHlwZUlEIiBWYWx1ZT0iMTAiIFJlY29yZGVkVmFsdWU9IjEwIiBDb3JyZWxhdGlvbkJpbmRpbmc9Int7Rm9ybVBvc3RQYXJhbTU3LmRkbE9UVHlwZUlEfX0iIFVybEVuY29kZT0iVHJ1ZSIgLz4NCiAgICAgICAgPEZvcm1Qb3N0UGFyYW1ldGVyIE5hbWU9InR4dE9UUmVhc29uTWVtbyR0eHREYXRhIiBWYWx1ZT0idGVzdCIgUmVjb3JkZWRWYWx1ZT0idGVzdCIgQ29ycmVsYXRpb25CaW5kaW5nPSIiIFVybEVuY29kZT0iVHJ1ZSIgLz4NCiAgICAgICAgPEZvcm1Qb3N0UGFyYW1ldGVyIE5hbWU9ImRkbE9yZyIgVmFsdWU9IjEiIFJlY29yZGVkVmFsdWU9IjEiIENvcnJlbGF0aW9uQmluZGluZz0ie3tGb3JtUG9zdFBhcmFtNTguZGRsT3JnfX0iIFVybEVuY29kZT0iVHJ1ZSIgLz4NCiAgICAgICAgPEZvcm1Qb3N0UGFyYW1ldGVyIE5hbWU9InVjQ2FzY2FkaW5nRHJvcERvd24xJGRkbDAyIiBWYWx1ZT0iMDAwRzAwIiBSZWNvcmRlZFZhbHVlPSIwMDBHMDAiIENvcnJlbGF0aW9uQmluZGluZz0ie3tGb3JtUG9zdFBhcmFtNTkudWNDYXNjYWRpbmdEcm9wRG93bjEkZGRsMDJ9fSIgVXJsRW5jb2RlPSJUcnVlIiAvPg0KICAgICAgICA8Rm9ybVBvc3RQYXJhbWV0ZXIgTmFtZT0idWNDYXNjYWRpbmdEcm9wRG93bjEkZGRsMDMiIFZhbHVlPSIwMDBHOTAiIFJlY29yZGVkVmFsdWU9IjAwMEc5MCIgQ29ycmVsYXRpb25CaW5kaW5nPSJ7e0Zvcm1Qb3N0UGFyYW02MC51Y0Nhc2NhZGluZ0Ryb3BEb3duMSRkZGwwM319IiBVcmxFbmNvZGU9IlRydWUiIC8+DQogICAgICAgIDxGb3JtUG9zdFBhcmFtZXRlciBOYW1lPSJ1Y0Nhc2NhZGluZ0Ryb3BEb3duMSRkZGwwNCIgVmFsdWU9IiIgUmVjb3JkZWRWYWx1ZT0iIiBDb3JyZWxhdGlvbkJpbmRpbmc9IiIgVXJsRW5jb2RlPSJUcnVlIiAvPg0KICAgICAgICA8Rm9ybVBvc3RQYXJhbWV0ZXIgTmFtZT0idWNDYXNjYWRpbmdEcm9wRG93bjEkQ2FzY2FkaW5nRHJvcERvd24xX0NsaWVudFN0YXRlIiBWYWx1ZT0iU1BIQksxOjo65rC46LGQ6YqA6KGMOjo6IiBSZWNvcmRlZFZhbHVlPSJTUEhCSzE6OjrmsLjosZDpioDooYw6OjoiIENvcnJlbGF0aW9uQmluZGluZz0iIiBVcmxFbmNvZGU9IlRydWUiIC8+DQogICAgICAgIDxGb3JtUG9zdFBhcmFtZXRlciBOYW1lPSJ1Y0Nhc2NhZGluZ0Ryb3BEb3duMSRDYXNjYWRpbmdEcm9wRG93bjJfQ2xpZW50U3RhdGUiIFZhbHVlPSIwMDBHMDA6Ojrkurrlipvos4fmupDomZU6OjoiIFJlY29yZGVkVmFsdWU9IjAwMEcwMDo6OuS6uuWKm+izh+a6kOiZlTo6OiIgQ29ycmVsYXRpb25CaW5kaW5nPSIiIFVybEVuY29kZT0iVHJ1ZSIgLz4NCiAgICAgICAgPEZvcm1Qb3N0UGFyYW1ldGVyIE5hbWU9InVjQ2FzY2FkaW5nRHJvcERvd24xJENhc2NhZGluZ0Ryb3BEb3duM19DbGllbnRTdGF0ZSIgVmFsdWU9IjAwMEc5MDo6OuS6uuizh+aVuOaTmuaHieeUqOenkTo6OiIgUmVjb3JkZWRWYWx1ZT0iMDAwRzkwOjo65Lq66LOH5pW45pOa5oeJ55So56eROjo6IiBDb3JyZWxhdGlvbkJpbmRpbmc9IiIgVXJsRW5jb2RlPSJUcnVlIiAvPg0KICAgICAgICA8Rm9ybVBvc3RQYXJhbWV0ZXIgTmFtZT0idWNDYXNjYWRpbmdEcm9wRG93bjEkQ2FzY2FkaW5nRHJvcERvd240X0NsaWVudFN0YXRlIiBWYWx1ZT0ie3skSElEREVOMS51Y0Nhc2NhZGluZ0Ryb3BEb3duMSRDYXNjYWRpbmdEcm9wRG93bjRfQ2xpZW50U3RhdGV9fSIgUmVjb3JkZWRWYWx1ZT0iOjo6Ojo6IiBDb3JyZWxhdGlvbkJpbmRpbmc9IiIgVXJsRW5jb2RlPSJUcnVlIiAvPg0KICAgICAgICA8Rm9ybVBvc3RQYXJhbWV0ZXIgTmFtZT0idWNDYXNjYWRpbmdEcm9wRG93bjEkQ2FzY2FkaW5nRHJvcERvd241X0NsaWVudFN0YXRlIiBWYWx1ZT0ie3skSElEREVOMS51Y0Nhc2NhZGluZ0Ryb3BEb3duMSRDYXNjYWRpbmdEcm9wRG93bjVfQ2xpZW50U3RhdGV9fSIgUmVjb3JkZWRWYWx1ZT0iIiBDb3JyZWxhdGlvbkJpbmRpbmc9IiIgVXJsRW5jb2RlPSJUcnVlIiAvPg0KICAgICAgICA8Rm9ybVBvc3RQYXJhbWV0ZXIgTmFtZT0idWNDYXNjYWRpbmdEcm9wRG93bjIkQ2FzY2FkaW5nRHJvcERvd24xX0NsaWVudFN0YXRlIiBWYWx1ZT0ie3skSElEREVOMS51Y0Nhc2NhZGluZ0Ryb3BEb3duMiRDYXNjYWRpbmdEcm9wRG93bjFfQ2xpZW50U3RhdGV9fSIgUmVjb3JkZWRWYWx1ZT0iOjo6Ojo6IiBDb3JyZWxhdGlvbkJpbmRpbmc9IiIgVXJsRW5jb2RlPSJUcnVlIiAvPg0KICAgICAgICA8Rm9ybVBvc3RQYXJhbWV0ZXIgTmFtZT0idWNDYXNjYWRpbmdEcm9wRG93bjIkQ2FzY2FkaW5nRHJvcERvd24yX0NsaWVudFN0YXRlIiBWYWx1ZT0ie3skSElEREVOMS51Y0Nhc2NhZGluZ0Ryb3BEb3duMiRDYXNjYWRpbmdEcm9wRG93bjJfQ2xpZW50U3RhdGV9fSIgUmVjb3JkZWRWYWx1ZT0iOjo6Ojo6IiBDb3JyZWxhdGlvbkJpbmRpbmc9IiIgVXJsRW5jb2RlPSJUcnVlIiAvPg0KICAgICAgICA8Rm9ybVBvc3RQYXJhbWV0ZXIgTmFtZT0idWNDYXNjYWRpbmdEcm9wRG93bjIkQ2FzY2FkaW5nRHJvcERvd24zX0NsaWVudFN0YXRlIiBWYWx1ZT0ie3skSElEREVOMS51Y0Nhc2NhZGluZ0Ryb3BEb3duMiRDYXNjYWRpbmdEcm9wRG93bjNfQ2xpZW50U3RhdGV9fSIgUmVjb3JkZWRWYWx1ZT0iOjo6Ojo6IiBDb3JyZWxhdGlvbkJpbmRpbmc9IiIgVXJsRW5jb2RlPSJUcnVlIiAvPg0KICAgICAgICA8Rm9ybVBvc3RQYXJhbWV0ZXIgTmFtZT0idWNDYXNjYWRpbmdEcm9wRG93bjIkQ2FzY2FkaW5nRHJvcERvd240X0NsaWVudFN0YXRlIiBWYWx1ZT0ie3skSElEREVOMS51Y0Nhc2NhZGluZ0Ryb3BEb3duMiRDYXNjYWRpbmdEcm9wRG93bjRfQ2xpZW50U3RhdGV9fSIgUmVjb3JkZWRWYWx1ZT0iIiBDb3JyZWxhdGlvbkJpbmRpbmc9IiIgVXJsRW5jb2RlPSJUcnVlIiAvPg0KICAgICAgICA8Rm9ybVBvc3RQYXJhbWV0ZXIgTmFtZT0idWNDYXNjYWRpbmdEcm9wRG93bjIkQ2FzY2FkaW5nRHJvcERvd241X0NsaWVudFN0YXRlIiBWYWx1ZT0ie3skSElEREVOMS51Y0Nhc2NhZGluZ0Ryb3BEb3duMiRDYXNjYWRpbmdEcm9wRG93bjVfQ2xpZW50U3RhdGV9fSIgUmVjb3JkZWRWYWx1ZT0iIiBDb3JyZWxhdGlvbkJpbmRpbmc9IiIgVXJsRW5jb2RlPSJUcnVlIiAvPg0KICAgICAgICA8Rm9ybVBvc3RQYXJhbWV0ZXIgTmFtZT0iZnJhbWVBdHRhY2giIFZhbHVlPSIvVXRpbC9BdHRhY2hBZG1pbi5hc3B4P0F0dGFjaERCPUFhdHRlbmRhbnREQl9JVFJEJmFtcDtBdHRhY2hJRD10ZXN0MTAyMTE5ZDc5MmRkYzgtMWYwYy00YmU2LWJhMDYtMWJkNTI4MGNiMjlhJmFtcDtBdHRhY2hGaWxlTWF4UXR5PTEmYW1wO0F0dGFjaEZpbGVNYXhLQj0zMDcyJmFtcDtBdHRhY2hGaWxlVG90S0I9MzA3MiZhbXA7QXR0YWNoRmlsZUV4dExpc3Q9IiBSZWNvcmRlZFZhbHVlPSIvVXRpbC9BdHRhY2hBZG1pbi5hc3B4P0F0dGFjaERCPUFhdHRlbmRhbnREQl9JVFJEJmFtcDtBdHRhY2hJRD10ZXN0MTAyMTE5ZDc5MmRkYzgtMWYwYy00YmU2LWJhMDYtMWJkNTI4MGNiMjlhJmFtcDtBdHRhY2hGaWxlTWF4UXR5PTEmYW1wO0F0dGFjaEZpbGVNYXhLQj0zMDcyJmFtcDtBdHRhY2hGaWxlVG90S0I9MzA3MiZhbXA7QXR0YWNoRmlsZUV4dExpc3Q9IiBDb3JyZWxhdGlvbkJpbmRpbmc9IiIgVXJsRW5jb2RlPSJUcnVlIiAvPg0KICAgICAgICA8Rm9ybVBvc3RQYXJhbWV0ZXIgTmFtZT0idWNNb2RhbFBvcHVwMSRDbGllbnRXaWR0aCIgVmFsdWU9Int7JEhJRERFTjEudWNNb2RhbFBvcHVwMSRDbGllbnRXaWR0aH19IiBSZWNvcmRlZFZhbHVlPSIwIiBDb3JyZWxhdGlvbkJpbmRpbmc9IiIgVXJsRW5jb2RlPSJUcnVlIiAvPg0KICAgICAgICA8Rm9ybVBvc3RQYXJhbWV0ZXIgTmFtZT0idWNNb2RhbFBvcHVwMSRDbGllbnRIZWlnaHQiIFZhbHVlPSJ7eyRISURERU4xLnVjTW9kYWxQb3B1cDEkQ2xpZW50SGVpZ2h0fX0iIFJlY29yZGVkVmFsdWU9IjAiIENvcnJlbGF0aW9uQmluZGluZz0iIiBVcmxFbmNvZGU9IlRydWUiIC8+DQogICAgICAgIDxGb3JtUG9zdFBhcmFtZXRlciBOYW1lPSJoaWRkZW5JbnB1dFRvVXBkYXRlQVRCdWZmZXJfQ29tbW9uVG9vbGtpdFNjcmlwdHMiIFZhbHVlPSIwIiBSZWNvcmRlZFZhbHVlPSIwIiBDb3JyZWxhdGlvbkJpbmRpbmc9Int7Rm9ybVBvc3RQYXJhbTYxLmhpZGRlbklucHV0VG9VcGRhdGVBVEJ1ZmZlcl9Db21tb25Ub29sa2l0U2NyaXB0c319IiBVcmxFbmNvZGU9IlRydWUiIC8+DQogICAgICA8L0Zvcm1Qb3N0SHR0cEJvZHk+DQogICAgPC9SZXF1ZXN0Pg0KICAgIDxSZXF1ZXN0IE1ldGhvZD0iUE9TVCIgR3VpZD0iOWI4YmYzNTItODEwYS00OGYxLTgwNDEtN2ZiYzljODc3OTlkIiBWZXJzaW9uPSIxLjEiIFVybD0iaHR0cDovLzEwLjExLjM2LjExNDo4MDA3L092ZXJUaW1lL092ZXJ0aW1lUHJlT3JkZXJfQWRkLmFzcHgiIFRoaW5rVGltZT0iMCIgVGltZW91dD0iMzAwIiBQYXJzZURlcGVuZGVudFJlcXVlc3RzPSJUcnVlIiBGb2xsb3dSZWRpcmVjdHM9IlRydWUiIFJlY29yZFJlc3VsdD0iVHJ1ZSIgQ2FjaGU9IkZhbHNlIiBSZXNwb25zZVRpbWVHb2FsPSIwIiBFbmNvZGluZz0idXRmLTgiIEV4cGVjdGVkSHR0cFN0YXR1c0NvZGU9IjAiIEV4cGVjdGVkUmVzcG9uc2VVcmw9IiIgUmVwb3J0aW5nTmFtZT0iIiBJZ25vcmVIdHRwU3RhdHVzQ29kZT0iRmFsc2UiPg0KICAgICAgPERlcGVuZGVudFJlcXVlc3RzPg0KICAgICAgICA8UmVxdWVzdCBNZXRob2Q9IlBPU1QiIEd1aWQ9Ijg2MTkzMDJmLTE3ZTAtNDgzOC1iMDhlLTZjNWY3MzliYTYzMyIgVmVyc2lvbj0iMS4xIiBVcmw9Imh0dHA6Ly8xMC4xMS4zNi4xMTQ6ODAwNy9VdGlsL1djZkNhc2NhZGluZ0hlbHBlci5zdmMvVXRpbF9HZXRVc2VyIiBUaGlua1RpbWU9IjAiIFRpbWVvdXQ9IjMwMCIgUGFyc2VEZXBlbmRlbnRSZXF1ZXN0cz0iVHJ1ZSIgRm9sbG93UmVkaXJlY3RzPSJUcnVlIiBSZWNvcmRSZXN1bHQ9IlRydWUiIENhY2hlPSJGYWxzZSIgUmVzcG9uc2VUaW1lR29hbD0iMCIgRW5jb2Rpbmc9InV0Zi04IiBFeHBlY3RlZEh0dHBTdGF0dXNDb2RlPSIwIiBFeHBlY3RlZFJlc3BvbnNlVXJsPSIiIFJlcG9ydGluZ05hbWU9IiIgSWdub3JlSHR0cFN0YXR1c0NvZGU9IkZhbHNlIj4NCiAgICAgICAgICA8U3RyaW5nSHR0cEJvZHkgQ29udGVudFR5cGU9ImFwcGxpY2F0aW9uL2pzb247IGNoYXJzZXQ9dXRmLTgiIEluc2VydEJ5dGVPcmRlck1hcms9IkZhbHNlIj5ld0FpQUdzQWJnQnZBSGNBYmdCREFHRUFkQUJsQUdjQWJ3QnlBSGtBVmdCaEFHd0FkUUJsQUhNQUlnQTZBQ0lBSWdBc0FDSUFZd0JoQUhRQVpRQm5BRzhBY2dCNUFDSUFPZ0FpQUVNQWJ3QnRBSEFBU1FCRUFDSUFMQUFpQUdNQWJ3QnVBSFFBWlFCNEFIUUFTd0JsQUhrQUlnQTZBQ0lBU1FCekFGSUFaUUJoQUdRQVR3QnVBR3dBZVFBNkFGa0FPd0JUQUdVQWJBQmxBR01BZEFCbEFHUUFWZ0JoQUd3QWRRQmxBRG9BVXdCUUFFZ0FRZ0JMQURFQU93QkpBSE1BUXdCb0FHc0FWZ0JoQUd3QWFRQmtBRG9BV1FBN0FGWUFZUUJzQUdrQVpBQkxBR1VBZVFCTUFHa0Fjd0IwQURvQU93QWlBSDBBPC9TdHJpbmdIdHRwQm9keT4NCiAgICAgICAgPC9SZXF1ZXN0Pg0KICAgICAgICA8UmVxdWVzdCBNZXRob2Q9IlBPU1QiIEd1aWQ9IjAzYjk0ZGUxLTFkZjYtNDAxZS1iMmI2LTc1MjM5MjZhNjhiMCIgVmVyc2lvbj0iMS4xIiBVcmw9Imh0dHA6Ly8xMC4xMS4zNi4xMTQ6ODAwNy9VdGlsL1djZkNhc2NhZGluZ0hlbHBlci5zdmMvVXRpbF9HZXRVc2VyIiBUaGlua1RpbWU9IjAiIFRpbWVvdXQ9IjMwMCIgUGFyc2VEZXBlbmRlbnRSZXF1ZXN0cz0iVHJ1ZSIgRm9sbG93UmVkaXJlY3RzPSJUcnVlIiBSZWNvcmRSZXN1bHQ9IlRydWUiIENhY2hlPSJGYWxzZSIgUmVzcG9uc2VUaW1lR29hbD0iMCIgRW5jb2Rpbmc9InV0Zi04IiBFeHBlY3RlZEh0dHBTdGF0dXNDb2RlPSIwIiBFeHBlY3RlZFJlc3BvbnNlVXJsPSIiIFJlcG9ydGluZ05hbWU9IiIgSWdub3JlSHR0cFN0YXR1c0NvZGU9IkZhbHNlIj4NCiAgICAgICAgICA8U3RyaW5nSHR0cEJvZHkgQ29udGVudFR5cGU9ImFwcGxpY2F0aW9uL2pzb247IGNoYXJzZXQ9dXRmLTgiIEluc2VydEJ5dGVPcmRlck1hcms9IkZhbHNlIj5ld0FpQUdzQWJnQnZBSGNBYmdCREFHRUFkQUJsQUdjQWJ3QnlBSGtBVmdCaEFHd0FkUUJsQUhNQUlnQTZBQ0lBUXdCdkFHMEFjQUJKQUVRQU9nQlRBRkFBU0FCQ0FFc0FNUUE3QUNJQUxBQWlBR01BWVFCMEFHVUFad0J2QUhJQWVRQWlBRG9BSWdCRUFHVUFjQUIwQUVrQVJBQWlBQ3dBSWdCakFHOEFiZ0IwQUdVQWVBQjBBRXNBWlFCNUFDSUFPZ0FpQUVrQWN3QlNBR1VBWVFCa0FFOEFiZ0JzQUhrQU9nQk9BRHNBVXdCbEFHd0FaUUJqQUhRQVpRQmtBRllBWVFCc0FIVUFaUUE2QURBQU1BQXdBRWNBTUFBd0FEc0FTUUJ6QUVNQWFBQnJBRllBWVFCc0FHa0FaQUE2QUZrQU93QldBR0VBYkFCcEFHUUFTd0JsQUhrQVRBQnBBSE1BZEFBNkFEc0FJZ0I5QUE9PTwvU3RyaW5nSHR0cEJvZHk+DQogICAgICAgIDwvUmVxdWVzdD4NCiAgICAgICAgPFJlcXVlc3QgTWV0aG9kPSJQT1NUIiBHdWlkPSI3ZmY1ZTY3Ny0wYWE2LTQ4MTktYTM3OS00ZGE3MzM5NGRkZDYiIFZlcnNpb249IjEuMSIgVXJsPSJodHRwOi8vMTAuMTEuMzYuMTE0OjgwMDcvVXRpbC9XY2ZDYXNjYWRpbmdIZWxwZXIuc3ZjL1V0aWxfR2V0VXNlciIgVGhpbmtUaW1lPSIwIiBUaW1lb3V0PSIzMDAiIFBhcnNlRGVwZW5kZW50UmVxdWVzdHM9IlRydWUiIEZvbGxvd1JlZGlyZWN0cz0iVHJ1ZSIgUmVjb3JkUmVzdWx0PSJUcnVlIiBDYWNoZT0iRmFsc2UiIFJlc3BvbnNlVGltZUdvYWw9IjAiIEVuY29kaW5nPSJ1dGYtOCIgRXhwZWN0ZWRIdHRwU3RhdHVzQ29kZT0iMCIgRXhwZWN0ZWRSZXNwb25zZVVybD0iIiBSZXBvcnRpbmdOYW1lPSIiIElnbm9yZUh0dHBTdGF0dXNDb2RlPSJGYWxzZSI+DQogICAgICAgICAgPFN0cmluZ0h0dHBCb2R5IENvbnRlbnRUeXBlPSJhcHBsaWNhdGlvbi9qc29uOyBjaGFyc2V0PXV0Zi04IiBJbnNlcnRCeXRlT3JkZXJNYXJrPSJGYWxzZSI+ZXdBaUFHc0FiZ0J2QUhjQWJnQkRBR0VBZEFCbEFHY0Fid0J5QUhrQVZnQmhBR3dBZFFCbEFITUFJZ0E2QUNJQVF3QnZBRzBBY0FCSkFFUUFPZ0JUQUZBQVNBQkNBRXNBTVFBN0FFUUFaUUJ3QUhRQVNRQkVBRG9BTUFBd0FEQUFSd0F3QURBQU93QWlBQ3dBSWdCakFHRUFkQUJsQUdjQWJ3QnlBSGtBSWdBNkFDSUFUd0J5QUdjQVlRQnVBRWtBUkFBaUFDd0FJZ0JqQUc4QWJnQjBBR1VBZUFCMEFFc0FaUUI1QUNJQU9nQWlBRWtBY3dCU0FHVUFZUUJrQUU4QWJnQnNBSGtBT2dCT0FEc0FVd0JsQUd3QVpRQmpBSFFBWlFCa0FGWUFZUUJzQUhVQVpRQTZBREFBTUFBd0FFY0FPUUF3QURzQVNRQnpBRU1BYUFCckFGWUFZUUJzQUdrQVpBQTZBRmtBT3dCV0FHRUFiQUJwQUdRQVN3QmxBSGtBVEFCcEFITUFkQUE2QURzQUlnQjlBQT09PC9TdHJpbmdIdHRwQm9keT4NCiAgICAgICAgPC9SZXF1ZXN0Pg0KICAgICAgICA8UmVxdWVzdCBNZXRob2Q9IlBPU1QiIEd1aWQ9ImU5ODNlMDU2LTI5Y2YtNGNmYS05M2QyLWMyMzk0YzI4YzEyOSIgVmVyc2lvbj0iMS4xIiBVcmw9Imh0dHA6Ly8xMC4xMS4zNi4xMTQ6ODAwNy9VdGlsL1djZkNhc2NhZGluZ0hlbHBlci5zdmMvVXRpbF9HZXRVc2VyIiBUaGlua1RpbWU9IjAiIFRpbWVvdXQ9IjMwMCIgUGFyc2VEZXBlbmRlbnRSZXF1ZXN0cz0iVHJ1ZSIgRm9sbG93UmVkaXJlY3RzPSJUcnVlIiBSZWNvcmRSZXN1bHQ9IlRydWUiIENhY2hlPSJGYWxzZSIgUmVzcG9uc2VUaW1lR29hbD0iMCIgRW5jb2Rpbmc9InV0Zi04IiBFeHBlY3RlZEh0dHBTdGF0dXNDb2RlPSIwIiBFeHBlY3RlZFJlc3BvbnNlVXJsPSIiIFJlcG9ydGluZ05hbWU9IiIgSWdub3JlSHR0cFN0YXR1c0NvZGU9IkZhbHNlIj4NCiAgICAgICAgICA8U3RyaW5nSHR0cEJvZHkgQ29udGVudFR5cGU9ImFwcGxpY2F0aW9uL2pzb247IGNoYXJzZXQ9dXRmLTgiIEluc2VydEJ5dGVPcmRlck1hcms9IkZhbHNlIj5ld0FpQUdzQWJnQnZBSGNBYmdCREFHRUFkQUJsQUdjQWJ3QnlBSGtBVmdCaEFHd0FkUUJsQUhNQUlnQTZBQ0lBUXdCdkFHMEFjQUJKQUVRQU9nQlRBRkFBU0FCQ0FFc0FNUUE3QUVRQVpRQndBSFFBU1FCRUFEb0FNQUF3QURBQVJ3QXdBREFBT3dCUEFISUFad0JoQUc0QVNRQkVBRG9BTUFBd0FEQUFSd0E1QURBQU93QWlBQ3dBSWdCakFHRUFkQUJsQUdjQWJ3QnlBSGtBSWdBNkFDSUFWUUJ6QUdVQWNnQkpBRVFBSWdBc0FDSUFZd0J2QUc0QWRBQmxBSGdBZEFCTEFHVUFlUUFpQURvQUlnQkpBSE1BVWdCbEFHRUFaQUJQQUc0QWJBQjVBRG9BVGdBN0FGTUFaUUJzQUdVQVl3QjBBR1VBWkFCV0FHRUFiQUIxQUdVQU9nQTZBRG9BT2dBNkFEb0FPZ0E3QUVrQWN3QkRBR2dBYXdCV0FHRUFiQUJwQUdRQU9nQlpBRHNBVmdCaEFHd0FhUUJrQUVzQVpRQjVBRXdBYVFCekFIUUFPZ0E3QUNJQWZRQT08L1N0cmluZ0h0dHBCb2R5Pg0KICAgICAgICA8L1JlcXVlc3Q+DQogICAgICAgIDxSZXF1ZXN0IE1ldGhvZD0iUE9TVCIgR3VpZD0iOWJkOWYwMTMtMTgwMy00MDNkLTk5ZWItMzE3OTYyMGJmZDNhIiBWZXJzaW9uPSIxLjEiIFVybD0iaHR0cDovLzEwLjExLjM2LjExNDo4MDA3L1V0aWwvV2NmQ2FzY2FkaW5nSGVscGVyLnN2Yy9VdGlsX0dldFVzZXIiIFRoaW5rVGltZT0iMTciIFRpbWVvdXQ9IjMwMCIgUGFyc2VEZXBlbmRlbnRSZXF1ZXN0cz0iVHJ1ZSIgRm9sbG93UmVkaXJlY3RzPSJUcnVlIiBSZWNvcmRSZXN1bHQ9IlRydWUiIENhY2hlPSJGYWxzZSIgUmVzcG9uc2VUaW1lR29hbD0iMCIgRW5jb2Rpbmc9InV0Zi04IiBFeHBlY3RlZEh0dHBTdGF0dXNDb2RlPSIwIiBFeHBlY3RlZFJlc3BvbnNlVXJsPSIiIFJlcG9ydGluZ05hbWU9IiIgSWdub3JlSHR0cFN0YXR1c0NvZGU9IkZhbHNlIj4NCiAgICAgICAgICA8U3RyaW5nSHR0cEJvZHkgQ29udGVudFR5cGU9ImFwcGxpY2F0aW9uL2pzb247IGNoYXJzZXQ9dXRmLTgiIEluc2VydEJ5dGVPcmRlck1hcms9IkZhbHNlIj5ld0FpQUdzQWJnQnZBSGNBYmdCREFHRUFkQUJsQUdjQWJ3QnlBSGtBVmdCaEFHd0FkUUJsQUhNQUlnQTZBQ0lBSWdBc0FDSUFZd0JoQUhRQVpRQm5BRzhBY2dCNUFDSUFPZ0FpQUVNQVlRQjBBR1VBWndCdkFISUFlUUF3QURFQUlnQXNBQ0lBWXdCdkFHNEFkQUJsQUhnQWRBQkxBR1VBZVFBaUFEb0FJZ0JKQUhNQVVnQmxBR0VBWkFCUEFHNEFiQUI1QURvQVRnQTdBRk1BWlFCc0FHVUFZd0IwQUdVQVpBQldBR0VBYkFCMUFHVUFPZ0E2QURvQU9nQTZBRG9BT2dBN0FFa0Fjd0JEQUdnQWF3QldBR0VBYkFCcEFHUUFPZ0JaQURzQVZnQmhBR3dBYVFCa0FFc0FaUUI1QUV3QWFRQnpBSFFBT2dBN0FDSUFmUUE9PC9TdHJpbmdIdHRwQm9keT4NCiAgICAgICAgPC9SZXF1ZXN0Pg0KICAgICAgPC9EZXBlbmRlbnRSZXF1ZXN0cz4NCiAgICAgIDxFeHRyYWN0aW9uUnVsZXM+DQogICAgICAgIDxFeHRyYWN0aW9uUnVsZSBDbGFzc25hbWU9Ik1pY3Jvc29mdC5WaXN1YWxTdHVkaW8uVGVzdFRvb2xzLldlYlRlc3RpbmcuUnVsZXMuRXh0cmFjdEhpZGRlbkZpZWxkcywgTWljcm9zb2Z0LlZpc3VhbFN0dWRpby5RdWFsaXR5VG9vbHMuV2ViVGVzdEZyYW1ld29yaywgVmVyc2lvbj0xMC4wLjAuMCwgQ3VsdHVyZT1uZXV0cmFsLCBQdWJsaWNLZXlUb2tlbj1iMDNmNWY3ZjExZDUwYTNhIiBWYXJpYWJsZU5hbWU9IjEiIERpc3BsYXlOYW1lPSLmk7flj5bpmrHol4/mrITkvY0iIERlc2NyaXB0aW9uPSLmk7flj5blm57mh4nkuK3nmoTmiYDmnInpmrHol4/mrITkvY3vvIzkuKblsIflroPlgJHmlL7lnKjmuKzoqablhaflrrnkuK3jgIIiPg0KICAgICAgICAgIDxSdWxlUGFyYW1ldGVycz4NCiAgICAgICAgICAgIDxSdWxlUGFyYW1ldGVyIE5hbWU9IlJlcXVpcmVkIiBWYWx1ZT0iVHJ1ZSIgLz4NCiAgICAgICAgICAgIDxSdWxlUGFyYW1ldGVyIE5hbWU9Ikh0bWxEZWNvZGUiIFZhbHVlPSJUcnVlIiAvPg0KICAgICAgICAgIDwvUnVsZVBhcmFtZXRlcnM+DQogICAgICAgIDwvRXh0cmFjdGlvblJ1bGU+DQogICAgICA8L0V4dHJhY3Rpb25SdWxlcz4NCiAgICAgIDxDb3JyZWxhdGlvbkV4dHJhY3Rpb25SdWxlcz4NCiAgICAgICAgPEV4dHJhY3Rpb25SdWxlIENsYXNzbmFtZT0iTWljcm9zb2Z0LlZpc3VhbFN0dWRpby5UZXN0VG9vbHMuV2ViVGVzdGluZy5SdWxlcy5FeHRyYWN0Rm9ybUZpZWxkLCBNaWNyb3NvZnQuVmlzdWFsU3R1ZGlvLlF1YWxpdHlUb29scy5XZWJUZXN0RnJhbWV3b3JrLCBWZXJzaW9uPTEwLjAuMC4wLCBDdWx0dXJlPW5ldXRyYWwsIFB1YmxpY0tleVRva2VuPWIwM2Y1ZjdmMTFkNTBhM2EiIFZhcmlhYmxlTmFtZT0iRm9ybVBvc3RQYXJhbTE3LmJ0bkV4aXQiIERpc3BsYXlOYW1lPSIiIERlc2NyaXB0aW9uPSIiPg0KICAgICAgICAgIDxSdWxlUGFyYW1ldGVycz4NCiAgICAgICAgICAgIDxSdWxlUGFyYW1ldGVyIE5hbWU9Ik5hbWUiIFZhbHVlPSJidG5FeGl0IiAvPg0KICAgICAgICAgICAgPFJ1bGVQYXJhbWV0ZXIgTmFtZT0iSHRtbERlY29kZSIgVmFsdWU9IlRydWUiIC8+DQogICAgICAgICAgICA8UnVsZVBhcmFtZXRlciBOYW1lPSJSZXF1aXJlZCIgVmFsdWU9IkZhbHNlIiAvPg0KICAgICAgICAgICAgPFJ1bGVQYXJhbWV0ZXIgTmFtZT0iSW5kZXgiIFZhbHVlPSIwIiAvPg0KICAgICAgICAgIDwvUnVsZVBhcmFtZXRlcnM+DQogICAgICAgIDwvRXh0cmFjdGlvblJ1bGU+DQogICAgICAgIDxFeHRyYWN0aW9uUnVsZSBDbGFzc25hbWU9Ik1pY3Jvc29mdC5WaXN1YWxTdHVkaW8uVGVzdFRvb2xzLldlYlRlc3RpbmcuUnVsZXMuRXh0cmFjdEZvcm1GaWVsZCwgTWljcm9zb2Z0LlZpc3VhbFN0dWRpby5RdWFsaXR5VG9vbHMuV2ViVGVzdEZyYW1ld29yaywgVmVyc2lvbj0xMC4wLjAuMCwgQ3VsdHVyZT1uZXV0cmFsLCBQdWJsaWNLZXlUb2tlbj1iMDNmNWY3ZjExZDUwYTNhIiBWYXJpYWJsZU5hbWU9IkZvcm1Qb3N0UGFyYW0xOC5PVEVtcElEIiBEaXNwbGF5TmFtZT0iIiBEZXNjcmlwdGlvbj0iIj4NCiAgICAgICAgICA8UnVsZVBhcmFtZXRlcnM+DQogICAgICAgICAgICA8UnVsZVBhcmFtZXRlciBOYW1lPSJOYW1lIiBWYWx1ZT0icmJ0U2luZ2xlRW1wSUQiIC8+DQogICAgICAgICAgICA8UnVsZVBhcmFtZXRlciBOYW1lPSJIdG1sRGVjb2RlIiBWYWx1ZT0iVHJ1ZSIgLz4NCiAgICAgICAgICAgIDxSdWxlUGFyYW1ldGVyIE5hbWU9IlJlcXVpcmVkIiBWYWx1ZT0iRmFsc2UiIC8+DQogICAgICAgICAgICA8UnVsZVBhcmFtZXRlciBOYW1lPSJJbmRleCIgVmFsdWU9IjAiIC8+DQogICAgICAgICAgPC9SdWxlUGFyYW1ldGVycz4NCiAgICAgICAgPC9FeHRyYWN0aW9uUnVsZT4NCiAgICAgICAgPEV4dHJhY3Rpb25SdWxlIENsYXNzbmFtZT0iTWljcm9zb2Z0LlZpc3VhbFN0dWRpby5UZXN0VG9vbHMuV2ViVGVzdGluZy5SdWxlcy5FeHRyYWN0Rm9ybUZpZWxkLCBNaWNyb3NvZnQuVmlzdWFsU3R1ZGlvLlF1YWxpdHlUb29scy5XZWJUZXN0RnJhbWV3b3JrLCBWZXJzaW9uPTEwLjAuMC4wLCBDdWx0dXJlPW5ldXRyYWwsIFB1YmxpY0tleVRva2VuPWIwM2Y1ZjdmMTFkNTBhM2EiIFZhcmlhYmxlTmFtZT0iRm9ybVBvc3RQYXJhbTE5LnR4dE9URW1wSUQiIERpc3BsYXlOYW1lPSIiIERlc2NyaXB0aW9uPSIiPg0KICAgICAgICAgIDxSdWxlUGFyYW1ldGVycz4NCiAgICAgICAgICAgIDxSdWxlUGFyYW1ldGVyIE5hbWU9Ik5hbWUiIFZhbHVlPSJ0eHRPVEVtcElEIiAvPg0KICAgICAgICAgICAgPFJ1bGVQYXJhbWV0ZXIgTmFtZT0iSHRtbERlY29kZSIgVmFsdWU9IlRydWUiIC8+DQogICAgICAgICAgICA8UnVsZVBhcmFtZXRlciBOYW1lPSJSZXF1aXJlZCIgVmFsdWU9IkZhbHNlIiAvPg0KICAgICAgICAgICAgPFJ1bGVQYXJhbWV0ZXIgTmFtZT0iSW5kZXgiIFZhbHVlPSIwIiAvPg0KICAgICAgICAgIDwvUnVsZVBhcmFtZXRlcnM+DQogICAgICAgIDwvRXh0cmFjdGlvblJ1bGU+DQogICAgICAgIDxFeHRyYWN0aW9uUnVsZSBDbGFzc25hbWU9Ik1pY3Jvc29mdC5WaXN1YWxTdHVkaW8uVGVzdFRvb2xzLldlYlRlc3RpbmcuUnVsZXMuRXh0cmFjdEZvcm1GaWVsZCwgTWljcm9zb2Z0LlZpc3VhbFN0dWRpby5RdWFsaXR5VG9vbHMuV2ViVGVzdEZyYW1ld29yaywgVmVyc2lvbj0xMC4wLjAuMCwgQ3VsdHVyZT1uZXV0cmFsLCBQdWJsaWNLZXlUb2tlbj1iMDNmNWY3ZjExZDUwYTNhIiBWYXJpYWJsZU5hbWU9IkZvcm1Qb3N0UGFyYW0yMC50eHRPVEVtcE5hbWUiIERpc3BsYXlOYW1lPSIiIERlc2NyaXB0aW9uPSIiPg0KICAgICAgICAgIDxSdWxlUGFyYW1ldGVycz4NCiAgICAgICAgICAgIDxSdWxlUGFyYW1ldGVyIE5hbWU9Ik5hbWUiIFZhbHVlPSJ0eHRPVEVtcE5hbWUiIC8+DQogICAgICAgICAgICA8UnVsZVBhcmFtZXRlciBOYW1lPSJIdG1sRGVjb2RlIiBWYWx1ZT0iVHJ1ZSIgLz4NCiAgICAgICAgICAgIDxSdWxlUGFyYW1ldGVyIE5hbWU9IlJlcXVpcmVkIiBWYWx1ZT0iRmFsc2UiIC8+DQogICAgICAgICAgICA8UnVsZVBhcmFtZXRlciBOYW1lPSJJbmRleCIgVmFsdWU9IjAiIC8+DQogICAgICAgICAgPC9SdWxlUGFyYW1ldGVycz4NCiAgICAgICAgPC9FeHRyYWN0aW9uUnVsZT4NCiAgICAgICAgPEV4dHJhY3Rpb25SdWxlIENsYXNzbmFtZT0iTWljcm9zb2Z0LlZpc3VhbFN0dWRpby5UZXN0VG9vbHMuV2ViVGVzdGluZy5SdWxlcy5FeHRyYWN0Rm9ybUZpZWxkLCBNaWNyb3NvZnQuVmlzdWFsU3R1ZGlvLlF1YWxpdHlUb29scy5XZWJUZXN0RnJhbWV3b3JrLCBWZXJzaW9uPTEwLjAuMC4wLCBDdWx0dXJlPW5ldXRyYWwsIFB1YmxpY0tleVRva2VuPWIwM2Y1ZjdmMTFkNTBhM2EiIFZhcmlhYmxlTmFtZT0iRm9ybVBvc3RQYXJhbTIxLnVjRGF0ZVN0YXJ0JHR4dERhdGUiIERpc3BsYXlOYW1lPSIiIERlc2NyaXB0aW9uPSIiPg0KICAgICAgICAgIDxSdWxlUGFyYW1ldGVycz4NCiAgICAgICAgICAgIDxSdWxlUGFyYW1ldGVyIE5hbWU9Ik5hbWUiIFZhbHVlPSJ1Y0RhdGVTdGFydF90eHREYXRlIiAvPg0KICAgICAgICAgICAgPFJ1bGVQYXJhbWV0ZXIgTmFtZT0iSHRtbERlY29kZSIgVmFsdWU9IlRydWUiIC8+DQogICAgICAgICAgICA8UnVsZVBhcmFtZXRlciBOYW1lPSJSZXF1aXJlZCIgVmFsdWU9IkZhbHNlIiAvPg0KICAgICAgICAgICAgPFJ1bGVQYXJhbWV0ZXIgTmFtZT0iSW5kZXgiIFZhbHVlPSIwIiAvPg0KICAgICAgICAgIDwvUnVsZVBhcmFtZXRlcnM+DQogICAgICAgIDwvRXh0cmFjdGlvblJ1bGU+DQogICAgICAgIDxFeHRyYWN0aW9uUnVsZSBDbGFzc25hbWU9Ik1pY3Jvc29mdC5WaXN1YWxTdHVkaW8uVGVzdFRvb2xzLldlYlRlc3RpbmcuUnVsZXMuRXh0cmFjdEZvcm1GaWVsZCwgTWljcm9zb2Z0LlZpc3VhbFN0dWRpby5RdWFsaXR5VG9vbHMuV2ViVGVzdEZyYW1ld29yaywgVmVyc2lvbj0xMC4wLjAuMCwgQ3VsdHVyZT1uZXV0cmFsLCBQdWJsaWNLZXlUb2tlbj1iMDNmNWY3ZjExZDUwYTNhIiBWYXJpYWJsZU5hbWU9IkZvcm1Qb3N0UGFyYW0yMi51Y0RhdGVFbmQkdHh0RGF0ZSIgRGlzcGxheU5hbWU9IiIgRGVzY3JpcHRpb249IiI+DQogICAgICAgICAgPFJ1bGVQYXJhbWV0ZXJzPg0KICAgICAgICAgICAgPFJ1bGVQYXJhbWV0ZXIgTmFtZT0iTmFtZSIgVmFsdWU9InVjRGF0ZUVuZF90eHREYXRlIiAvPg0KICAgICAgICAgICAgPFJ1bGVQYXJhbWV0ZXIgTmFtZT0iSHRtbERlY29kZSIgVmFsdWU9IlRydWUiIC8+DQogICAgICAgICAgICA8UnVsZVBhcmFtZXRlciBOYW1lPSJSZXF1aXJlZCIgVmFsdWU9IkZhbHNlIiAvPg0KICAgICAgICAgICAgPFJ1bGVQYXJhbWV0ZXIgTmFtZT0iSW5kZXgiIFZhbHVlPSIwIiAvPg0KICAgICAgICAgIDwvUnVsZVBhcmFtZXRlcnM+DQogICAgICAgIDwvRXh0cmFjdGlvblJ1bGU+DQogICAgICAgIDxFeHRyYWN0aW9uUnVsZSBDbGFzc25hbWU9Ik1pY3Jvc29mdC5WaXN1YWxTdHVkaW8uVGVzdFRvb2xzLldlYlRlc3RpbmcuUnVsZXMuRXh0cmFjdEZvcm1GaWVsZCwgTWljcm9zb2Z0LlZpc3VhbFN0dWRpby5RdWFsaXR5VG9vbHMuV2ViVGVzdEZyYW1ld29yaywgVmVyc2lvbj0xMC4wLjAuMCwgQ3VsdHVyZT1uZXV0cmFsLCBQdWJsaWNLZXlUb2tlbj1iMDNmNWY3ZjExZDUwYTNhIiBWYXJpYWJsZU5hbWU9IkZvcm1Qb3N0UGFyYW0yMy50eHRNZWFsVGltZSIgRGlzcGxheU5hbWU9IiIgRGVzY3JpcHRpb249IiI+DQogICAgICAgICAgPFJ1bGVQYXJhbWV0ZXJzPg0KICAgICAgICAgICAgPFJ1bGVQYXJhbWV0ZXIgTmFtZT0iTmFtZSIgVmFsdWU9InR4dE1lYWxUaW1lIiAvPg0KICAgICAgICAgICAgPFJ1bGVQYXJhbWV0ZXIgTmFtZT0iSHRtbERlY29kZSIgVmFsdWU9IlRydWUiIC8+DQogICAgICAgICAgICA8UnVsZVBhcmFtZXRlciBOYW1lPSJSZXF1aXJlZCIgVmFsdWU9IkZhbHNlIiAvPg0KICAgICAgICAgICAgPFJ1bGVQYXJhbWV0ZXIgTmFtZT0iSW5kZXgiIFZhbHVlPSIwIiAvPg0KICAgICAgICAgIDwvUnVsZVBhcmFtZXRlcnM+DQogICAgICAgIDwvRXh0cmFjdGlvblJ1bGU+DQogICAgICAgIDxFeHRyYWN0aW9uUnVsZSBDbGFzc25hbWU9Ik1pY3Jvc29mdC5WaXN1YWxTdHVkaW8uVGVzdFRvb2xzLldlYlRlc3RpbmcuUnVsZXMuRXh0cmFjdFRleHQsIE1pY3Jvc29mdC5WaXN1YWxTdHVkaW8uUXVhbGl0eVRvb2xzLldlYlRlc3RGcmFtZXdvcmssIFZlcnNpb249MTAuMC4wLjAsIEN1bHR1cmU9bmV1dHJhbCwgUHVibGljS2V5VG9rZW49YjAzZjVmN2YxMWQ1MGEzYSIgVmFyaWFibGVOYW1lPSJGb3JtUG9zdFBhcmFtMjQuT1RUaW1lU3RhcnQkZGRsSEgiIERpc3BsYXlOYW1lPSIiIERlc2NyaXB0aW9uPSIiPg0KICAgICAgICAgIDxSdWxlUGFyYW1ldGVycz4NCiAgICAgICAgICAgIDxSdWxlUGFyYW1ldGVyIE5hbWU9IlN0YXJ0c1dpdGgiIFZhbHVlPSJsdWU9JnF1b3Q7IiAvPg0KICAgICAgICAgICAgPFJ1bGVQYXJhbWV0ZXIgTmFtZT0iRW5kc1dpdGgiIFZhbHVlPSImcXVvdDsmZ3Q76KuL6YG45pOHIiAvPg0KICAgICAgICAgICAgPFJ1bGVQYXJhbWV0ZXIgTmFtZT0iSW5kZXgiIFZhbHVlPSIyOSIgLz4NCiAgICAgICAgICAgIDxSdWxlUGFyYW1ldGVyIE5hbWU9Iklnbm9yZUNhc2UiIFZhbHVlPSJGYWxzZSIgLz4NCiAgICAgICAgICAgIDxSdWxlUGFyYW1ldGVyIE5hbWU9IlVzZVJlZ3VsYXJFeHByZXNzaW9uIiBWYWx1ZT0iRmFsc2UiIC8+DQogICAgICAgICAgICA8UnVsZVBhcmFtZXRlciBOYW1lPSJIdG1sRGVjb2RlIiBWYWx1ZT0iVHJ1ZSIgLz4NCiAgICAgICAgICAgIDxSdWxlUGFyYW1ldGVyIE5hbWU9IlJlcXVpcmVkIiBWYWx1ZT0iRmFsc2UiIC8+DQogICAgICAgICAgPC9SdWxlUGFyYW1ldGVycz4NCiAgICAgICAgPC9FeHRyYWN0aW9uUnVsZT4NCiAgICAgICAgPEV4dHJhY3Rpb25SdWxlIENsYXNzbmFtZT0iTWljcm9zb2Z0LlZpc3VhbFN0dWRpby5UZXN0VG9vbHMuV2ViVGVzdGluZy5SdWxlcy5FeHRyYWN0VGV4dCwgTWljcm9zb2Z0LlZpc3VhbFN0dWRpby5RdWFsaXR5VG9vbHMuV2ViVGVzdEZyYW1ld29yaywgVmVyc2lvbj0xMC4wLjAuMCwgQ3VsdHVyZT1uZXV0cmFsLCBQdWJsaWNLZXlUb2tlbj1iMDNmNWY3ZjExZDUwYTNhIiBWYXJpYWJsZU5hbWU9IkZvcm1Qb3N0UGFyYW0yNS5PVFRpbWVTdGFydCRkZGxNTSIgRGlzcGxheU5hbWU9IiIgRGVzY3JpcHRpb249IiI+DQogICAgICAgICAgPFJ1bGVQYXJhbWV0ZXJzPg0KICAgICAgICAgICAgPFJ1bGVQYXJhbWV0ZXIgTmFtZT0iU3RhcnRzV2l0aCIgVmFsdWU9Imx1ZT0mcXVvdDsiIC8+DQogICAgICAgICAgICA8UnVsZVBhcmFtZXRlciBOYW1lPSJFbmRzV2l0aCIgVmFsdWU9IiZxdW90OyZndDvoq4vpgbjmk4ciIC8+DQogICAgICAgICAgICA8UnVsZVBhcmFtZXRlciBOYW1lPSJJbmRleCIgVmFsdWU9IjI5IiAvPg0KICAgICAgICAgICAgPFJ1bGVQYXJhbWV0ZXIgTmFtZT0iSWdub3JlQ2FzZSIgVmFsdWU9IkZhbHNlIiAvPg0KICAgICAgICAgICAgPFJ1bGVQYXJhbWV0ZXIgTmFtZT0iVXNlUmVndWxhckV4cHJlc3Npb24iIFZhbHVlPSJGYWxzZSIgLz4NCiAgICAgICAgICAgIDxSdWxlUGFyYW1ldGVyIE5hbWU9Ikh0bWxEZWNvZGUiIFZhbHVlPSJUcnVlIiAvPg0KICAgICAgICAgICAgPFJ1bGVQYXJhbWV0ZXIgTmFtZT0iUmVxdWlyZWQiIFZhbHVlPSJGYWxzZSIgLz4NCiAgICAgICAgICA8L1J1bGVQYXJhbWV0ZXJzPg0KICAgICAgICA8L0V4dHJhY3Rpb25SdWxlPg0KICAgICAgICA8RXh0cmFjdGlvblJ1bGUgQ2xhc3NuYW1lPSJNaWNyb3NvZnQuVmlzdWFsU3R1ZGlvLlRlc3RUb29scy5XZWJUZXN0aW5nLlJ1bGVzLkV4dHJhY3RUZXh0LCBNaWNyb3NvZnQuVmlzdWFsU3R1ZGlvLlF1YWxpdHlUb29scy5XZWJUZXN0RnJhbWV3b3JrLCBWZXJzaW9uPTEwLjAuMC4wLCBDdWx0dXJlPW5ldXRyYWwsIFB1YmxpY0tleVRva2VuPWIwM2Y1ZjdmMTFkNTBhM2EiIFZhcmlhYmxlTmFtZT0iRm9ybVBvc3RQYXJhbTI2Lk9UVGltZUVuZCRkZGxISCIgRGlzcGxheU5hbWU9IiIgRGVzY3JpcHRpb249IiI+DQogICAgICAgICAgPFJ1bGVQYXJhbWV0ZXJzPg0KICAgICAgICAgICAgPFJ1bGVQYXJhbWV0ZXIgTmFtZT0iU3RhcnRzV2l0aCIgVmFsdWU9Imx1ZT0mcXVvdDsiIC8+DQogICAgICAgICAgICA8UnVsZVBhcmFtZXRlciBOYW1lPSJFbmRzV2l0aCIgVmFsdWU9IiZxdW90OyZndDvoq4vpgbjmk4ciIC8+DQogICAgICAgICAgICA8UnVsZVBhcmFtZXRlciBOYW1lPSJJbmRleCIgVmFsdWU9IjI5IiAvPg0KICAgICAgICAgICAgPFJ1bGVQYXJhbWV0ZXIgTmFtZT0iSWdub3JlQ2FzZSIgVmFsdWU9IkZhbHNlIiAvPg0KICAgICAgICAgICAgPFJ1bGVQYXJhbWV0ZXIgTmFtZT0iVXNlUmVndWxhckV4cHJlc3Npb24iIFZhbHVlPSJGYWxzZSIgLz4NCiAgICAgICAgICAgIDxSdWxlUGFyYW1ldGVyIE5hbWU9Ikh0bWxEZWNvZGUiIFZhbHVlPSJUcnVlIiAvPg0KICAgICAgICAgICAgPFJ1bGVQYXJhbWV0ZXIgTmFtZT0iUmVxdWlyZWQiIFZhbHVlPSJGYWxzZSIgLz4NCiAgICAgICAgICA8L1J1bGVQYXJhbWV0ZXJzPg0KICAgICAgICA8L0V4dHJhY3Rpb25SdWxlPg0KICAgICAgICA8RXh0cmFjdGlvblJ1bGUgQ2xhc3NuYW1lPSJNaWNyb3NvZnQuVmlzdWFsU3R1ZGlvLlRlc3RUb29scy5XZWJUZXN0aW5nLlJ1bGVzLkV4dHJhY3RUZXh0LCBNaWNyb3NvZnQuVmlzdWFsU3R1ZGlvLlF1YWxpdHlUb29scy5XZWJUZXN0RnJhbWV3b3JrLCBWZXJzaW9uPTEwLjAuMC4wLCBDdWx0dXJlPW5ldXRyYWwsIFB1YmxpY0tleVRva2VuPWIwM2Y1ZjdmMTFkNTBhM2EiIFZhcmlhYmxlTmFtZT0iRm9ybVBvc3RQYXJhbTI3Lk9UVGltZUVuZCRkZGxNTSIgRGlzcGxheU5hbWU9IiIgRGVzY3JpcHRpb249IiI+DQogICAgICAgICAgPFJ1bGVQYXJhbWV0ZXJzPg0KICAgICAgICAgICAgPFJ1bGVQYXJhbWV0ZXIgTmFtZT0iU3RhcnRzV2l0aCIgVmFsdWU9Imx1ZT0mcXVvdDsiIC8+DQogICAgICAgICAgICA8UnVsZVBhcmFtZXRlciBOYW1lPSJFbmRzV2l0aCIgVmFsdWU9IiZxdW90OyZndDvoq4vpgbjmk4ciIC8+DQogICAgICAgICAgICA8UnVsZVBhcmFtZXRlciBOYW1lPSJJbmRleCIgVmFsdWU9IjI5IiAvPg0KICAgICAgICAgICAgPFJ1bGVQYXJhbWV0ZXIgTmFtZT0iSWdub3JlQ2FzZSIgVmFsdWU9IkZhbHNlIiAvPg0KICAgICAgICAgICAgPFJ1bGVQYXJhbWV0ZXIgTmFtZT0iVXNlUmVndWxhckV4cHJlc3Npb24iIFZhbHVlPSJGYWxzZSIgLz4NCiAgICAgICAgICAgIDxSdWxlUGFyYW1ldGVyIE5hbWU9Ikh0bWxEZWNvZGUiIFZhbHVlPSJUcnVlIiAvPg0KICAgICAgICAgICAgPFJ1bGVQYXJhbWV0ZXIgTmFtZT0iUmVxdWlyZWQiIFZhbHVlPSJGYWxzZSIgLz4NCiAgICAgICAgICA8L1J1bGVQYXJhbWV0ZXJzPg0KICAgICAgICA8L0V4dHJhY3Rpb25SdWxlPg0KICAgICAgICA8RXh0cmFjdGlvblJ1bGUgQ2xhc3NuYW1lPSJNaWNyb3NvZnQuVmlzdWFsU3R1ZGlvLlRlc3RUb29scy5XZWJUZXN0aW5nLlJ1bGVzLkV4dHJhY3RUZXh0LCBNaWNyb3NvZnQuVmlzdWFsU3R1ZGlvLlF1YWxpdHlUb29scy5XZWJUZXN0RnJhbWV3b3JrLCBWZXJzaW9uPTEwLjAuMC4wLCBDdWx0dXJlPW5ldXRyYWwsIFB1YmxpY0tleVRva2VuPWIwM2Y1ZjdmMTFkNTBhM2EiIFZhcmlhYmxlTmFtZT0iRm9ybVBvc3RQYXJhbTI4LmRkbE9UVHlwZUlEIiBEaXNwbGF5TmFtZT0iIiBEZXNjcmlwdGlvbj0iIj4NCiAgICAgICAgICA8UnVsZVBhcmFtZXRlcnM+DQogICAgICAgICAgICA8UnVsZVBhcmFtZXRlciBOYW1lPSJTdGFydHNXaXRoIiBWYWx1ZT0icyZxdW90OzpbJnF1b3Q7IiAvPg0KICAgICAgICAgICAgPFJ1bGVQYXJhbWV0ZXIgTmFtZT0iRW5kc1dpdGgiIFZhbHVlPSImcXVvdDssJnF1b3Q7MSZxdW90OyIgLz4NCiAgICAgICAgICAgIDxSdWxlUGFyYW1ldGVyIE5hbWU9IkluZGV4IiBWYWx1ZT0iMCIgLz4NCiAgICAgICAgICAgIDxSdWxlUGFyYW1ldGVyIE5hbWU9Iklnbm9yZUNhc2UiIFZhbHVlPSJGYWxzZSIgLz4NCiAgICAgICAgICAgIDxSdWxlUGFyYW1ldGVyIE5hbWU9IlVzZVJlZ3VsYXJFeHByZXNzaW9uIiBWYWx1ZT0iRmFsc2UiIC8+DQogICAgICAgICAgICA8UnVsZVBhcmFtZXRlciBOYW1lPSJIdG1sRGVjb2RlIiBWYWx1ZT0iVHJ1ZSIgLz4NCiAgICAgICAgICAgIDxSdWxlUGFyYW1ldGVyIE5hbWU9IlJlcXVpcmVkIiBWYWx1ZT0iRmFsc2UiIC8+DQogICAgICAgICAgPC9SdWxlUGFyYW1ldGVycz4NCiAgICAgICAgPC9FeHRyYWN0aW9uUnVsZT4NCiAgICAgICAgPEV4dHJhY3Rpb25SdWxlIENsYXNzbmFtZT0iTWljcm9zb2Z0LlZpc3VhbFN0dWRpby5UZXN0VG9vbHMuV2ViVGVzdGluZy5SdWxlcy5FeHRyYWN0VGV4dCwgTWljcm9zb2Z0LlZpc3VhbFN0dWRpby5RdWFsaXR5VG9vbHMuV2ViVGVzdEZyYW1ld29yaywgVmVyc2lvbj0xMC4wLjAuMCwgQ3VsdHVyZT1uZXV0cmFsLCBQdWJsaWNLZXlUb2tlbj1iMDNmNWY3ZjExZDUwYTNhIiBWYXJpYWJsZU5hbWU9IkZvcm1Qb3N0UGFyYW0yOS5kZGxPcmciIERpc3BsYXlOYW1lPSIiIERlc2NyaXB0aW9uPSIiPg0KICAgICAgICAgIDxSdWxlUGFyYW1ldGVycz4NCiAgICAgICAgICAgIDxSdWxlUGFyYW1ldGVyIE5hbWU9IlN0YXJ0c1dpdGgiIFZhbHVlPSImcXVvdDswJnF1b3Q7LCZxdW90OyIgLz4NCiAgICAgICAgICAgIDxSdWxlUGFyYW1ldGVyIE5hbWU9IkVuZHNXaXRoIiBWYWx1ZT0iJnF1b3Q7LCZxdW90OzImcXVvdDsiIC8+DQogICAgICAgICAgICA8UnVsZVBhcmFtZXRlciBOYW1lPSJJbmRleCIgVmFsdWU9IjAiIC8+DQogICAgICAgICAgICA8UnVsZVBhcmFtZXRlciBOYW1lPSJJZ25vcmVDYXNlIiBWYWx1ZT0iRmFsc2UiIC8+DQogICAgICAgICAgICA8UnVsZVBhcmFtZXRlciBOYW1lPSJVc2VSZWd1bGFyRXhwcmVzc2lvbiIgVmFsdWU9IkZhbHNlIiAvPg0KICAgICAgICAgICAgPFJ1bGVQYXJhbWV0ZXIgTmFtZT0iSHRtbERlY29kZSIgVmFsdWU9IlRydWUiIC8+DQogICAgICAgICAgICA8UnVsZVBhcmFtZXRlciBOYW1lPSJSZXF1aXJlZCIgVmFsdWU9IkZhbHNlIiAvPg0KICAgICAgICAgIDwvUnVsZVBhcmFtZXRlcnM+DQogICAgICAgIDwvRXh0cmFjdGlvblJ1bGU+DQogICAgICAgIDxFeHRyYWN0aW9uUnVsZSBDbGFzc25hbWU9Ik1pY3Jvc29mdC5WaXN1YWxTdHVkaW8uVGVzdFRvb2xzLldlYlRlc3RpbmcuUnVsZXMuRXh0cmFjdFRleHQsIE1pY3Jvc29mdC5WaXN1YWxTdHVkaW8uUXVhbGl0eVRvb2xzLldlYlRlc3RGcmFtZXdvcmssIFZlcnNpb249MTAuMC4wLjAsIEN1bHR1cmU9bmV1dHJhbCwgUHVibGljS2V5VG9rZW49YjAzZjVmN2YxMWQ1MGEzYSIgVmFyaWFibGVOYW1lPSJGb3JtUG9zdFBhcmFtMzAudWNDYXNjYWRpbmdEcm9wRG93bjEkZGRsMDIiIERpc3BsYXlOYW1lPSIiIERlc2NyaXB0aW9uPSIiPg0KICAgICAgICAgIDxSdWxlUGFyYW1ldGVycz4NCiAgICAgICAgICAgIDxSdWxlUGFyYW1ldGVyIE5hbWU9IlN0YXJ0c1dpdGgiIFZhbHVlPSJsdWU9JnF1b3Q7IiAvPg0KICAgICAgICAgICAgPFJ1bGVQYXJhbWV0ZXIgTmFtZT0iRW5kc1dpdGgiIFZhbHVlPSImcXVvdDsmZ3Q7MDAwIiAvPg0KICAgICAgICAgICAgPFJ1bGVQYXJhbWV0ZXIgTmFtZT0iSW5kZXgiIFZhbHVlPSIyMjAiIC8+DQogICAgICAgICAgICA8UnVsZVBhcmFtZXRlciBOYW1lPSJJZ25vcmVDYXNlIiBWYWx1ZT0iRmFsc2UiIC8+DQogICAgICAgICAgICA8UnVsZVBhcmFtZXRlciBOYW1lPSJVc2VSZWd1bGFyRXhwcmVzc2lvbiIgVmFsdWU9IkZhbHNlIiAvPg0KICAgICAgICAgICAgPFJ1bGVQYXJhbWV0ZXIgTmFtZT0iSHRtbERlY29kZSIgVmFsdWU9IlRydWUiIC8+DQogICAgICAgICAgICA8UnVsZVBhcmFtZXRlciBOYW1lPSJSZXF1aXJlZCIgVmFsdWU9IkZhbHNlIiAvPg0KICAgICAgICAgIDwvUnVsZVBhcmFtZXRlcnM+DQogICAgICAgIDwvRXh0cmFjdGlvblJ1bGU+DQogICAgICAgIDxFeHRyYWN0aW9uUnVsZSBDbGFzc25hbWU9Ik1pY3Jvc29mdC5WaXN1YWxTdHVkaW8uVGVzdFRvb2xzLldlYlRlc3RpbmcuUnVsZXMuRXh0cmFjdFRleHQsIE1pY3Jvc29mdC5WaXN1YWxTdHVkaW8uUXVhbGl0eVRvb2xzLldlYlRlc3RGcmFtZXdvcmssIFZlcnNpb249MTAuMC4wLjAsIEN1bHR1cmU9bmV1dHJhbCwgUHVibGljS2V5VG9rZW49YjAzZjVmN2YxMWQ1MGEzYSIgVmFyaWFibGVOYW1lPSJGb3JtUG9zdFBhcmFtMzEudWNDYXNjYWRpbmdEcm9wRG93bjEkZGRsMDMiIERpc3BsYXlOYW1lPSIiIERlc2NyaXB0aW9uPSIiPg0KICAgICAgICAgIDxSdWxlUGFyYW1ldGVycz4NCiAgICAgICAgICAgIDxSdWxlUGFyYW1ldGVyIE5hbWU9IlN0YXJ0c1dpdGgiIFZhbHVlPSJsdWU9JnF1b3Q7IiAvPg0KICAgICAgICAgICAgPFJ1bGVQYXJhbWV0ZXIgTmFtZT0iRW5kc1dpdGgiIFZhbHVlPSImcXVvdDsmZ3Q7MDAwIiAvPg0KICAgICAgICAgICAgPFJ1bGVQYXJhbWV0ZXIgTmFtZT0iSW5kZXgiIFZhbHVlPSIyMjEiIC8+DQogICAgICAgICAgICA8UnVsZVBhcmFtZXRlciBOYW1lPSJJZ25vcmVDYXNlIiBWYWx1ZT0iRmFsc2UiIC8+DQogICAgICAgICAgICA8UnVsZVBhcmFtZXRlciBOYW1lPSJVc2VSZWd1bGFyRXhwcmVzc2lvbiIgVmFsdWU9IkZhbHNlIiAvPg0KICAgICAgICAgICAgPFJ1bGVQYXJhbWV0ZXIgTmFtZT0iSHRtbERlY29kZSIgVmFsdWU9IlRydWUiIC8+DQogICAgICAgICAgICA8UnVsZVBhcmFtZXRlciBOYW1lPSJSZXF1aXJlZCIgVmFsdWU9IkZhbHNlIiAvPg0KICAgICAgICAgIDwvUnVsZVBhcmFtZXRlcnM+DQogICAgICAgIDwvRXh0cmFjdGlvblJ1bGU+DQogICAgICAgIDxFeHRyYWN0aW9uUnVsZSBDbGFzc25hbWU9Ik1pY3Jvc29mdC5WaXN1YWxTdHVkaW8uVGVzdFRvb2xzLldlYlRlc3RpbmcuUnVsZXMuRXh0cmFjdFRleHQsIE1pY3Jvc29mdC5WaXN1YWxTdHVkaW8uUXVhbGl0eVRvb2xzLldlYlRlc3RGcmFtZXdvcmssIFZlcnNpb249MTAuMC4wLjAsIEN1bHR1cmU9bmV1dHJhbCwgUHVibGljS2V5VG9rZW49YjAzZjVmN2YxMWQ1MGEzYSIgVmFyaWFibGVOYW1lPSJGb3JtUG9zdFBhcmFtMzIuaGlkZGVuSW5wdXRUb1VwZGF0ZUFUQnVmZmVyX0NvbW1vblRvb2xraXRTY3JpcHRzIiBEaXNwbGF5TmFtZT0iIiBEZXNjcmlwdGlvbj0iIj4NCiAgICAgICAgICA8UnVsZVBhcmFtZXRlcnM+DQogICAgICAgICAgICA8UnVsZVBhcmFtZXRlciBOYW1lPSJTdGFydHNXaXRoIiBWYWx1ZT0icyZxdW90OzpbJnF1b3Q7IiAvPg0KICAgICAgICAgICAgPFJ1bGVQYXJhbWV0ZXIgTmFtZT0iRW5kc1dpdGgiIFZhbHVlPSImcXVvdDssJnF1b3Q7MSZxdW90OyIgLz4NCiAgICAgICAgICAgIDxSdWxlUGFyYW1ldGVyIE5hbWU9IkluZGV4IiBWYWx1ZT0iMCIgLz4NCiAgICAgICAgICAgIDxSdWxlUGFyYW1ldGVyIE5hbWU9Iklnbm9yZUNhc2UiIFZhbHVlPSJGYWxzZSIgLz4NCiAgICAgICAgICAgIDxSdWxlUGFyYW1ldGVyIE5hbWU9IlVzZVJlZ3VsYXJFeHByZXNzaW9uIiBWYWx1ZT0iRmFsc2UiIC8+DQogICAgICAgICAgICA8UnVsZVBhcmFtZXRlciBOYW1lPSJIdG1sRGVjb2RlIiBWYWx1ZT0iVHJ1ZSIgLz4NCiAgICAgICAgICAgIDxSdWxlUGFyYW1ldGVyIE5hbWU9IlJlcXVpcmVkIiBWYWx1ZT0iRmFsc2UiIC8+DQogICAgICAgICAgPC9SdWxlUGFyYW1ldGVycz4NCiAgICAgICAgPC9FeHRyYWN0aW9uUnVsZT4NCiAgICAgIDwvQ29ycmVsYXRpb25FeHRyYWN0aW9uUnVsZXM+DQogICAgICA8Rm9ybVBvc3RIdHRwQm9keT4NCiAgICAgICAgPEZvcm1Qb3N0UGFyYW1ldGVyIE5hbWU9IlRvb2xraXRTY3JpcHRNYW5hZ2VyMV9IaWRkZW5GaWVsZCIgVmFsdWU9Int7JEhJRERFTjEuVG9vbGtpdFNjcmlwdE1hbmFnZXIxX0hpZGRlbkZpZWxkfX0iIFJlY29yZGVkVmFsdWU9IiIgQ29ycmVsYXRpb25CaW5kaW5nPSIiIFVybEVuY29kZT0iVHJ1ZSIgLz4NCiAgICAgICAgPEZvcm1Qb3N0UGFyYW1ldGVyIE5hbWU9Il9fRVZFTlRUQVJHRVQiIFZhbHVlPSJ7eyRISURERU4xLl9fRVZFTlRUQVJHRVR9fSIgUmVjb3JkZWRWYWx1ZT0iIiBDb3JyZWxhdGlvbkJpbmRpbmc9IiIgVXJsRW5jb2RlPSJUcnVlIiAvPg0KICAgICAgICA8Rm9ybVBvc3RQYXJhbWV0ZXIgTmFtZT0iX19FVkVOVEFSR1VNRU5UIiBWYWx1ZT0ie3skSElEREVOMS5fX0VWRU5UQVJHVU1FTlR9fSIgUmVjb3JkZWRWYWx1ZT0iIiBDb3JyZWxhdGlvbkJpbmRpbmc9IiIgVXJsRW5jb2RlPSJUcnVlIiAvPg0KICAgICAgICA8Rm9ybVBvc3RQYXJhbWV0ZXIgTmFtZT0iX19MQVNURk9DVVMiIFZhbHVlPSJ7eyRISURERU4xLl9fTEFTVEZPQ1VTfX0iIFJlY29yZGVkVmFsdWU9IiIgQ29ycmVsYXRpb25CaW5kaW5nPSIiIFVybEVuY29kZT0iVHJ1ZSIgLz4NCiAgICAgICAgPEZvcm1Qb3N0UGFyYW1ldGVyIE5hbWU9Il9fVlNUQVRFIiBWYWx1ZT0ie3skSElEREVOMS5fX1ZTVEFURX19IiBSZWNvcmRlZFZhbHVlPSJBUitMQ0FBQUFBQUFCQUR0R210ekc5WFZ1cmJrWjJJVGlDRU5yRFpPQjhlVFNOcGR2U3paRnZVcjJFMGNoMGhKbUFtTVpxVzlYaTFlN1lyZGxXME53elFVMG9TRWxEQVEyaEJheXBRVUNwTTBMVk13U1VyN0V6cWRmdWpuMXZMalUzOENQWGQzOWJCc1E2QVIwM2E2U2JUM25udnV1ZmU4N2pubmJyNXdkRDZFbkZReU9hb3FocWJLK2pIOGJGN1M4RkZWTjBiNDlPd2hYRWdtdTEzTzdWcktpRXVLS09QeGJHNXl6TGtOK2xONTJaQTI3YlpLV2ZFd24xZlNHV2M3TkovSVk5MlFWTVhabnM3TVRtRmVQaWp6b3RNbHprM3hrdEk1dUwraEE3bDJOcmRNSjBaVk1oMGFCMVV0ZTJTNmVUcGgwbk5OSjhaNEE4TXJJV1Z4Tzd4VWc1ZEpHekFTQ3dwTVFWL0EweWwwT3RzOG9UQVQ0dGhRSU5UWjNVTTFaN0d1OHlMR1ZGTXlqaGVjRHBicVRSNEZ3S1JPRmpmZ1h6d05mTXZBc0VUMk9LMlVXQmVwN3VRa3lHTkd3M29tRG1SZzlLREdaM0hHSEJpV3NXYllZTElWTlc5a0tCZHZHRHh3N1RXQVk1YmhXRFlpaENPY0lLVDdQZXdNay9ZRVVqamtTZkZNeU1PbWhDRFh6NlJUWElTbmR0cDdBa2xwaGJpaGdhUVBxMktHYW9lRnlNaGhOVDJib2JiYldFUTY5dkJKVlp1TlN3WUdvVGNHR1lacVNZTEVpTENjdTloSWhQUDErMWlHWGxvOFg3eDRqbWE1S01QQVg2bzVLUmhIZVkzbkZoOXVjRFEwTkJEWmtUZDVPaEQ4SElrWGRBTm52VUNJUDBDZndCcGhjaWpnWmNpZkEvUW9hRHF2NFNFRjV3Mk5sdy9RUi9NcFdVcURyU1RVV2F3TXBjSmhQcGdPaHRpSVA0Q1ovb2lURU45WlJkUDhTZkFwR1RmQ3lLNXl6M3NNWjFVRG1MZVhiSDB5SzhmVEdaemwyNkUxSnMzTVBBNEthSFE0dHR2RWJEeXk1MVpDeXRVRVA1L3RHSHhzSVN2VGMvYStlMWd2MDBOakphMEtRSHFvSjIvTWVOaFF6Mk94YlcyREMzcFVOeGVnWVlhaUQvWDBXSTNvQXJRemhwR0wrbnp6OC9QZWViOVgxVVFmeHpDczc4bXB3OWFtU3JoWlhRQU9nTENtMk5SMFQxWUNzOUxWR2NPVFZyTlJ3UE5ZV0Qyd0trMlRkYkdNczFneGFBVk1hcWpINUorMVJxMXhtSmVUOFVLaWtNTTIxSUxyNEtIQVRBVzRHYmxoWVk1UDR4RXNTa29QYlFDSm9SNHkxYlNzSHRyYVN0VGdOUkViUjJDQ25nTnN3bnhXVXFiVDZid0czSVBNZkYrNUJ1eGpYQkhxdHNRWVRzdGdxTVF4Njh2TEdGODRMR1VsWTBMTmEwZStsVlVtNnI0S09XWHJ0c2dVeEl0TW1abHZZWm02Y2pPZG1NcnJ4bWdHcDJmcnVJYkpCMmluM2t2VVYvSFlDcjMxODVMU0N2WHpFSWlSeDNobGRuS3NiaXVjNEdWSnFQTWF3OEl6WUxSMVhpVE93d0ZjbU5hR3lWcDFabVZTbVNOaUkrbkxQVmxwMExjeFhKcXcydEJxQXUwZGJSR2ZEVE90NHVQWUtPOWtVcmNoTUtybGNSbE9Fc3R5U2xPTzdLWFI0em9leldzYVVJYWtqaWNJNXVTN0NQenBqQ3FsY1EyM1dYNmgxTXNyS1RXdkNGaW95T0J1dUxXa1pLWXRNWmNUOHFlL05BOEtrR3FKV3RSNjhkbHZrdWZZY3l3U1h6V250SkJuems2QkJpdnlMckZpeVpHMnR5WUpKY2xXUkt1cDg5T2FnRFZUTURaZWh0ZEhNN3dpWWhDUXBPaVFzNE44S21LdHlwTmlrY2lncjdxL0RzbEtkR0ljWStIWTNUSktiYUppRXRzQXJLQlhweHV4QUtDdUEyeUtOeEZqdWZXSUV4c1J5ZEVmWXlwb1pyK010VDVveHdLaFFWOE5hQlBVRXNrYVNCbXpLbllTdE9wdUZVNHA5c1hDQktYY3E4VXdTYk5sbEpydGwwSlB6RS8yVSs1dFFKaUloYW9RcXNSVVB2aGpMT2luMGlzalZKM2JNUmJFVTkydnNvZkt3V3NTV2djb282MDdPZ2xUNndFMTVLb09QN0F5TnV4ak9aK2ZLZEd1SGkyNXRtWCt0a3V2ODVkQlg0MER4NXBJZFZSVE5aRmF5WldjNHA5Uk5YaEpDbm1ONUNWWmFFMGV3M01TUVNFVllRczh5SzRPdjdDZmRtcVBYWXNPNXcxMU9KZVRDK1BaRkJZSWJGVFhSMlZlMTBXcXk2NWVUOEt1dFN5dlFRbmJuTlJNS1RrUkU2WTZTNVU0Sm9lbENETmFrOE5tQVEwSVg3T0U3a2Fvc1ZQb0hvVGZ6bTRFQmZWaFNjd1lJK3JDaUliNTJYR0Z5RXJJQ04xb0JyQ2FrTVBFYWo0QlhNSkFSaENRMDRRMEpmQ0M0WHhvOWNybGxVcy9XbHE4L3M4N3I2eCtkR0hsZzR2Rno4LzgvZlN2QUc4M3dYUGY3M1RGajA2TUhHSUI4b2dONlZpK3ViajYyMHRyNTArdnZ2c0t3UGVVTUJtR2VaeGhBTExYaG5RdTNicFZQSDkxOWVPenk3Y3V3Vm93MUZ1TkhDSElmVFprSnlBVHpNdUx5NisvdFh6MjVaVTNQbGg1L3pWQThKZW0yRklTMElBTjZiSWcvemg5dW5qN3plbVZ6MzhOWTQ5MWRwa3NsMFhSMmUxQWptNUhseUNJcENXZ3gyRjJHOVdlSkVaR3JoaDR3OWxSZ09jcDM5VFVVejVCb05xU2NZaStobmtYMC9BbjZaV3JmLzF6QzdseFVBUWJOTkxrdnY2M0Z2UFc0aGptaFdsRkxtUUFJYUdxNElnNXArZlUydTJmTDc5Ky9tbTYrTnFkNHFzZkxmL2sydkxWSDRHSVQ2MWR2V0xDbHhmUHJGMTVyM2ptL2VLTnp5dzFnY2JndDR1OHFXWlZTY3RTZXRhWk9HNUljbkkwTXd2NlRhaWlLR05Ua1pJc0dZVjl2ZmswMlk2NTFXUTZNMXNaNmoxQXJ4c1VwRG5pTThOZ0liMTlBd0lJQ1JFUk9YV2pJR09uZXc2Q2hRUWgyZ09lSnlwUlE4ME56SlZwUlFkc0syb0JlYmVaRHNzRWZXeUk2aUFlVWJsRDZocmw4enJXelhQRWpBUWkxZnpONUFFN2ExTVZJU1ZiTXRodVpDVGRDNmRDSGcvMTlnNElZUGpkTHNxMXFlSmFOK2h0Z2hqQ09yVk5DT2dRTVFEM3p2V1QzZDFsWGJzZkxPdlkvVkRHdmV2ZlZhajdPODZqZDZGSjJPaFdlaVJEbTJ2UnZmc2JLdEQ5c09oK1JIUlRYMXM3YnZmbU9uSFROUUxkVTFhQ3U2ZEsrdE93bHlhcUEzd25IaTg1S1loNU02bDl1ZjFiMTZSYjJILzE0RWJKTmQ2bDVGem1ab0EzSWl4eUQ3bUhFQm9oNmFjb2RPM2MxUXFINXRvTGNHQ2RSUXlER0JZeEhHTDhpQWtnSm9pWUVCeitpT2xIVEFTeERHSlp4SEtJOVNNMmdOZ2dZa09JRFNPMkg3RVJ4REdJWXhISEljNWZENW9QN0cvY0pXNzFXR2VpczRwTjkzY0piMFAzZmgrSUN5QXVpTGdRNHNLSTYwZGNCUGtaNUdlUm4wTitQL0lIa0QrSS9DSGtEeU4vUC9KSFVJQkJBUllGT0JUd28wQUFCWUlvRUVLQk1BcjBvMEFFQlJrVVpGR1FRMEUvQ2daUU1JaUNJUlFNbzJBL0NrYisyL2NQT2h2YVVtZDM4MWg2YmUyRXVOZmRJS0RqeE92Y2U3Znl0Qzgvbnl4bjJ2UjhxZ3pkS3krenpPOS94TFhRLzEzclAyNy85OXExVHRuWmFDUHJKZmxzMHVwaWFQSjJMbXBXaVNRWEpWNGhtcDU0djlQQnVCOGdDZm1zaWI5RGhHYldhb0ZuSXJ2VlF0SjR5T1d0RmFyQ04yQTdxb2ZzeFZFMXpPRXhuYkFXOHF4cGtOUjI0cTBuU0F3L0tHRlpjRGFOcWdLbXRwazNPbEFjV01CV0Fod2x0MUNXNlhic2dHVGJRM3ZLQmdEdGpyVXpGNHVYemhWdm5sdCs5NXlyZU9hVHBkdHZ1cGJmZm5IMStrMVg4ZlNkbFZldmR4Yy92Z2xwaFcvNTdYUEZXNWVodGZMN1M4WEZqenZnWC9IQ0Zhc0kyYkY2OWtPb0o1YmZ1YmI4aThXbFA3eTlmTzM2anVJN253Sm82Zk1MWk9EYWRjRGRZU0d2ZlBqQ3lwVTdTN2N1TE4zK3BBTUdWODlkWFAzbHo1YitlTU5wVmxNN094eU1BK3lPY1hBT3Z5UGdDRHBDanJDajN4RWhuMVlaaGdVTDZLaFdLQWdsRHhKNm1Ob05aZUxDWWF5SVJ1WUlrWUdhemtPUkoySEZtQnpEa09GUFFnL3pXc1pzbXFQa2F5VVJWendqelJpSEpFVm83L3RCSEdyTW8zemFleEtueGhkeUd0WjE3NmlhemFxS2w1eXkrOWVoSDZDM3hLNThrUXg3L1Y0LzYyVy8rcE9ra3BmbEJ1cmg1SmlrNThZVktFZXhjRkxWQkgwNjlVeUZqN2FrV2FsT1FhV0tvUlFsUll3SVMyZk1aQmVicWRsdzJwRG04T1RVT0tsVlM1VXVtVGxaK25LZW9YWWtyYkk0b1I3UDViQTJ5dXU0OUNWWDErZGgxVTBqelZOZkdtbU1CV002QVRXVnJpcFRPS3R1akRlMUNGdEduZENNclBKR1ZNWXp4b0FBMHBENVFsUlNaRW5CbnBTc3BtY0hjcnhBdnBOR21mWEJxTVZLbHFtV1NtWG5QQ2tKUm1hM2RUVlErQjc1eWt1MVZJVFNsTndUSDBFL1JGYmxOb3NMK1p6enA4aE1rUTNKa00wVVdacWg5MVdTWnE5c21oZ2RHNkk1aHFFZmZaU3VqTkY3aHVqZTNyN242RGE2R2pwVTFmSHErWlIxVzd5UE9VQW85QTNRYmM4UHRNM3hHcTBtRmd4QUZzQTJ5YjJuVjhUR3VIVUZPbEtZRkRZS1dPWlRSSDVQZ0hUN3pGMmFCR0FQeEpMNm5pTTlyNlFvV0NOV0M0U3RqL2JlR2JQODJ2ZjllSEpLRjAxcm0xUnllUU84eHpTM0EvUUdadTJOUGkrWU54ZE43dUE2ZWJyRDZEUXlieWNzYTdHT3F3ZFBGZDk3di9pYmo5WisvR2J4eGx0UEZ6LzlYZkh5T3l0dmZHQXErQTFIU1lNMGwxdWdXUVorU28wQk9xM0txaGJkeXpETUFKMGlGYXBHa3ZZb3ZmZmd3ZkgrNGRBQVBhTXFobWNlazl1VEtKMVNaUUh3VkhLckdxVlpvS0tyVU1qU0FyaUlxUEdGQVhvK0l4bllZMTdGUjJsRm5kZjRYR21DUitNRkthOUhhVDhzTEtEbXlubit2TTNIZmZ0V3J0NG92bnh4NWFWMzE2NjhCR2RXSHd5K1dPTFNFWVRlMlZLdmtURVA4Z3MxL1ZkcitxODd5SDhvdVE4NXVyb2J5SitPQi9ZM1FDeTZYSFkzaUUxbW1McGlRWm82VGYvYjdkeFdjZ1pGVmZDQThDKzhvRTNDR1NNQUFBPT0iIENvcnJlbGF0aW9uQmluZGluZz0iIiBVcmxFbmNvZGU9IlRydWUiIC8+DQogICAgICAgIDxGb3JtUG9zdFBhcmFtZXRlciBOYW1lPSJfX1ZJRVdTVEFURSIgVmFsdWU9Int7JEhJRERFTjEuX19WSUVXU1RBVEV9fSIgUmVjb3JkZWRWYWx1ZT0iIiBDb3JyZWxhdGlvbkJpbmRpbmc9IiIgVXJsRW5jb2RlPSJUcnVlIiAvPg0KICAgICAgICA8Rm9ybVBvc3RQYXJhbWV0ZXIgTmFtZT0iX19TQ1JPTExQT1NJVElPTlgiIFZhbHVlPSJ7eyRISURERU4xLl9fU0NST0xMUE9TSVRJT05YfX0iIFJlY29yZGVkVmFsdWU9IjAiIENvcnJlbGF0aW9uQmluZGluZz0iIiBVcmxFbmNvZGU9IlRydWUiIC8+DQogICAgICAgIDxGb3JtUG9zdFBhcmFtZXRlciBOYW1lPSJfX1NDUk9MTFBPU0lUSU9OWSIgVmFsdWU9Int7JEhJRERFTjEuX19TQ1JPTExQT1NJVElPTll9fSIgUmVjb3JkZWRWYWx1ZT0iMCIgQ29ycmVsYXRpb25CaW5kaW5nPSIiIFVybEVuY29kZT0iVHJ1ZSIgLz4NCiAgICAgICAgPEZvcm1Qb3N0UGFyYW1ldGVyIE5hbWU9Il9fVklFV1NUQVRFRU5DUllQVEVEIiBWYWx1ZT0ie3skSElEREVOMS5fX1ZJRVdTVEFURUVOQ1JZUFRFRH19IiBSZWNvcmRlZFZhbHVlPSIiIENvcnJlbGF0aW9uQmluZGluZz0iIiBVcmxFbmNvZGU9IlRydWUiIC8+DQogICAgICAgIDxGb3JtUG9zdFBhcmFtZXRlciBOYW1lPSJfX0VWRU5UVkFMSURBVElPTiIgVmFsdWU9Int7JEhJRERFTjEuX19FVkVOVFZBTElEQVRJT059fSIgUmVjb3JkZWRWYWx1ZT0iMkowbUxqZjlneERaUGdYQU92ejlSeHcvS09lTVdob3N0MzhsV0prT3ZOOGpoWjBUazFDR1dSd2NEVXk1a0owTytWZVp6OWNIYzh5OEJ5VnRJcFR1clk0WkpiUEZzMmcrYW14dGNqNllHN1owcU4xK1YzUVpRRExNWXJXNEVUWVVqZVZ2MDVzb3QyY29hU21GTVhsM1hlNThxRUJiZTYwVWFHNG5iWHZjV0Z4SzFpdlFrV0FJRXBHZGp6WXpjU3FHWnBTZVNRMklPNEhxUCtVYmxXaHFwK2E5Z0ZkUFZkY0RLdmpOV1Q2ZXBBcGU0d2Rpc29QaUNuZUNBdk0vLzFPbjJMRDNWMW1PeDF5eHEycDJ6WXd4eTFRR3JPNXpDMHhoOFM0N2QxdGRpSGhaaGNjU0xKa004aG1yNzB1S2dhUmMzdy9CYXVmU2Z3YWk4blRMN3UwNWM2VDRQRWpKYS9IS3NqUEhCV2lNYk1uL2tpRjNjeVUvUGhuWGhIQ1oxb3N4UGV0UTgrRHFxSjh0SndPRDlsZ1QxYnRDQllJdHR1TEhmWHRhUXA1RUFqVUZwVVdURktXcWVhczg4VlVYaUxHS0ZzSDFOckdTYVBhb3EwREhQZ0M5U2ZXMHJpOWphWHB1YVJzM3lNNG9Jc2ZmWUZFUU16OUtTQmhxTnUwNlozR3o2dmpCTWFRUGI0U2V1UU4vblQ1UmVlZHZ2RExBNUc1TEEvcG0rYUlmTnkwTVV4WjdLMHdUYklBOS9vWExZZHozVU5QUFFxYnRLNmVISy94Ung4NmZMTTZxSXNkR2dXeGt2a3loa1ZIZGNZOW9rWnJlSERIc0tHeXhzTEtoZzQ3TXJIdmIxNXpMZ1pHQUN4Zm9zclY1RlZmZ2pXamVSdFRydHpNS1lraXZCU0d4SG44d1lqZytjMWVjeXY3cGlQSWFoclNmWk1lMGRpbTdKUzRCYjVxYXFtUy95Q0svMlFjZ0dNdWNPd2VJclRWMnM4SjdRRXQ3bHcwR3NHTnZGb1ZPbHBQU3ZxQ1VPenlsbHJ0bnB0VEoxRW1VMEhZb2p1RDM0b3Q2bHJITkhCSUFmS1dqNGxFVUpOeVhjZUdidTlQckJnR09CRkViVHBTelNsL3dwTDJEc3ExY3Y0d2ZlaU9LRkc1bE5YVFJFd0VvK1lTNEhZcDVZdXNZWkxnM3Y2dWQ3RnhvWHdRWnVpK2hQeU85STNDRzRqUm4zODBGb0MvZjBmanc5T2MrUE9HN2x2R044ZHBWSEVkaVhaQXZDWjZiN1pLb1I0MUptalFKRENBQXlRR1ZSM0hlQlkyMGI2UGlZSlM2azEyVktxY081Z3VCWlhmak9Ka3dRTHhVSTNxSUk0cWIxSVprQjdRdVFhbHhOeFJpSE1qQnZiVEdIWk0zaEJMV0tQNmdzWENiMVFSYVNYM1o2bTVweW95Z1hpQmtxa3RNb3BhSEcvY3d3RURWZ25ZdEpReEtOZ21DQW1lN3UzbVFBaXlNTEVLMmUyNm5pY3kxM2E4c3ZaV29qTE1LbEN4U2JTcnZrWWNGSER3MzNtZXhEYkdYVEhRRUFjeHBDU3orSVZrWEtOMTNSeURWT1BLMTlMcjUrNkVQditGOGdmRTRCbkI0RC96UFJBeHowdFlhK0pOUjltaS9pa1AySUcwQlhGZ2s5L1FkK3F5b0hHcGNVclMxZnBPZS9ud2wxZzdXQmVvZnAzcXk3WEx1eWF0NXQ1V0ZFclo4OUFzZkZTSnQ1ZjM0aDBLVmhabUl2Y1o4SXoxWE9odzdCMys3ZFQvRklNNEtocmFwVnpVZ1dBL3ZrNm1xeTFQL0x6bDZsUTdNQ3dZZUFzYTRGbXFoZkhPNTlYdElDdGlVcTgrNm9HdTI4RS9lUTkxaUQ5eTBlODRxUzFTRDMwQ3NsbDNzUjZLQ3pRVS9QWVBFdVIySWZyaTJvNmh1V1pvMm82KzFBdi9EZHBmODh2WTMybXdOVGgzSU9tc0w2YXBUeWp2M0gvU3AvZGd1V2xuaGttTElMdHJNQjROU1hRWjR1YVZHZjhTWUNYZ0dXN2ZueTFHTlFlR0U5RnVnUjhzUE9BcGV1aXlyOFRpWnh5Wnp5REtTRUJDczZTcGVGelFOb29FeXBBY01wczVMNE45NjVsTW9QYzZXRTB2bkd2NXZEYjFVNEVXL0ZvSnB5Zml6dmtGa1VScmdZdFNPcGJtb3Vta3BBS3AxL2drcXpnWGVja21HTWlHT2oxb2tudWhpMnBxNkxoK1R3MWpIMnBIMzc3TFVBdmJubHF6ajM2Nm5nWW0vbGxybUYyLy9KUHVxR1d6L2Nad05Jb0cyTVFZd2xTd3pzSWdCYUVITHhmRlpuUkRicGdKN1pWYlowQXFGU0xSUEhDMEF5TThsaW9MMncrV1RGVVMyb3phQkxMZGtOTGowdDZTd2duYjRFQmsyMW84TUY2elEyejR1YkpQVmpwTzJ3N1d4YnB0KytQNXFoMVdEZXRFRUhzL0JJamEvSEVldm9qMzVOM0RmdVFPL0I4RjlMUFRIMExpald5MnhKWXRtbGJRTE9yaC92QTdMNzkza3Jld3NkUVVrNVJtdUJJVi92d1JjQ2RteGF1a3NjNDhDVnc1bDAzRmh3QjE3UGJIM2ZiYWF1Q3dMb3ZrQTRRd2k5NlpCd2liV2pxRTMxR2JQcm92Qlg1YUVmMEY2ZHUraDdvbG5KUHpiV0RIbE9aUU83VFVsbjI0RC9ibmNqbFJPTVFtM25EYWpUUDBMcWtrS3pNb3hEcjBTdW9vVTNIcG9MWDVkaEdOVFBad2t2L1Q2WXNQaVpZdnNkcm9pY1psczJ3cVZuMkl3OGE5QkNBY01YNEMraHJrc3E5Y3orUHloODkrVTlSV3RpMXF3VDJPSGxyeWFrR1VlR3Y2VDcxOGRYUVlRemJUKy9PR3BRMnpSRk5JcExsY2FzSXpvVVg0eFM1U0NwMWlXcEtRc1c0bXpTalZxOEsrdEYxY0pnZGp1VTFCUTZ3NHlBYUl1MnpCZTZrWjVhOUYrSkxIY1ZXcTJzMm5TSk1vWS9NR1hxMVp1ME5VQzBsSzFlZzJaakR1L25UMHRqcVZOaWZkZGZ1Y05OK01pNEhkWVhOVDFEVVpMUVFlRnhTSDVKc0tGTFhMdWJvSnVQbXg3MlNSNTBSbE14TzBEZlB4TzRUd05ML0VJQWIxUnZtTGg1d2hoYm9lZG5td3Nqb2I0TW9pSnF5VGpBUzV4SW1iaDMyU3FxaHdNelE4ell5TUpaMkJuS3kxM2Z0NmxYc004N29ITERuNkNkYkgySHNzZ2p4cWJHTVFOZGNCTWFJZm1WU1JQWkJocnhiOWZPVCswV2FGK04wcG9HQjlWY0ovVTdhTWFURzlBdm5rcmdvdHBWK3RCNTBHaVJqTVR3c2xLQlZtYVAzYzlSUVY2OTZrQ0RJOEd6MDIzelJQKzFZZk9JRXZIakRaZjlXd0RvaXFwZ01MSGEycG1lWDc0V21QdEdDTGhtRGVtT25uUTJTWDlJV1JuNC9sTHBNdGhlOEEyRkhnWXJaSmJwU3dvamY3bExweGdRcXlGTGJMTmx4aXlDRFh3SElqRnVrN0J0QmJjZkJIYW5YYUZrdU4yOURYTGN2aFRuZjhSNEJKR05XUHlzZFhvaTVTZVQ3dERsVTU1WWs4WnlPU2ptakxyWXJMazlNNFhZb3RXTmtpOXlJVWFQdVJRb1dhMFNaYzIvR255emFKejFuZG14aFZpT2lUR2NkSTU1UmdMc3ZCOUQrWFB5eEU0ZjRyMEsrdHMyTmJ6dDhkeXE4S09QazFxVjI0RFhVSHBkenJ3dkREdlRvckl3ZW0yWW4yUUZvK1lFS3NTZEY1Q09RNXNKYmkydXUwejlNNlR5NWlobm83T3ZXcWcxbVZob1dZOUZkcExLVHZQcVEzU2JFYUl6NG5yQnphQVB6ZkUyUnJVdER0RWNPTDN0VU1iam1mTEcyOTVCZGxaN0Z2TWJxQ2RvZWcwMTgyZUorUmNIUnlEQkorbmR4blppN3dMa24zWHFCL0VkbUFPUFhRN2p5YnhpVDRheEY2eVJoY0d4cko0MHRYT0ErUGx3REVNakdZSUY1dURmTkIwdEo5RVh0YmV3c2hua3JoOEY5VWVyOTVCNnYxNkJRTE5RVzRwQzFFUFlFYjczdXJHb21yMWw0NEVRc0lkUnRBdEZOVkN3amNkNDNwMEVCNGM5VlhkOHBoMUJscHRXcEVpL3VtRi9VU2RVWHlkdEdCWjhCcXZpN3FpQ2VGREtGdkFKS3QvWFRNR0JEOHBvcytuNktDUlU3b3JtVUl6VU1iZFRKbGV0WStjMzRpcml6Q013WUt1K3pIL1J2TWE2U0hGWERGZzJ6bzh2RWY2a0RZd1Z2dGl4bTdKZDBRVmJvY2xTSElQZ3NjM2JlbFlrYWwzMTdYZFJTNjVPRUx3cFFpd0hQbHlhMVlXNzErV0NUSVJZYkx3TmV6d3VwRFBvNlNjZjlLWWN3eVIxU0duNFYwVTJ0WVVRVWh5Q01LMlNPN0hnbHllNC9NMlRDcXRpdnFCNFFrUnlzOTNsVHcwT285MU1qRUprY2RlNlBDQlR4VzJjc1d4dnRnVDNiSlV4clNCT3U0Smk1MGFXY3JqbmFKd0svNnk3N2VUa3NDMEJVUkJ2K0U0ZS9mcXVCM2c5TFhwcHh5WEQ2dnNDV0phNGkxbHBjM2piYlE2eFh6Nm5FOXoyZ2FxNVUrTGVVMGRrK1gxOWpOalp4VEVPUzVTR0c1RDBPaVZKV3pMVlBGM3puK2NtY21HTlVBZjQ5UStobXBPd1Q4Y2twSkIzZzZQdVJOS1JTR2ZHVVhrM0YrZUxLVzgrSFpwNG9oaEZGZkZvbXMyWnlvLzkzME1NeldLRzAvSG5NZ1BlZnJRK0FaT0JFMStLdDNabjZ6ZDBIdGRPRTFvcnNJWDlNWEp2dlhqODFzTytxSFNUVzQ4bmF0dnZlUVVRalE2eXRYRHhIaHpoNU02R3JlWXFxUVZIMXNMazJYTnk4ekVNdFpRVnlJOE5keVd0a29QcTkwZ2dRR0U3SndNQmF6TDFQZ1ZVcjEvRVBYNHRIRllmVW0waU5tNDBjWkVaK3N4RmZEWFp3YWV6WHVQSWNsNjArekU4akdTTmc3d3pYZmRxWGFENUFBT2QvU1o1OWszU2wyeFF5bkdUTnlBR01EdWhsRVhENkNWM3NNMFlQMnkrYmsvc0M0UVk3TzYyTjY4blZFaTlPbzNSZmxWdUZQN0JTN01tdmZ0WU8wWWg1U2YyWVFNMW9jM0FoZTdMSkpmVldBdFFLdUlBYmtyd3FrMVd0T0ZnRkkrOUlWN1pSa0MyNm93cW9nalJGTjRUTTM4TTNxTFZaUHBOVlovWGsrcnBmc3pZTkpweUk0ZGtYOVpyZS94WWx5TFhxZFBEbzQ0OUVSaXlwYkVqYnY5eW5FbERUbXdxZDBWbWdIL1VVR1lzUlhUMUxabEFMMS9tK2FnOHlySG5rc2NpQmo5UndUSGw4T1dLWnV2VnF4dFBIeURybWkrRFhXU3VnaXgyTDk0ZDJ5cGViaGJPTjhQQnhDR3JRR2RFR1pybzdybmJRN3RHclNybExTL2hMSG5hRFh4bnV3VXYzTjBXYk8va2VLK0hFYmh6SUpzMTVVUjYvaWZRT0ptOEJLSUNYUlpEK0pSK1F1Vk05MW1PRCtkQ05MdVJ3Y21hWEYxZnBZRUQrVmg1M2NYN0VwUG1rNmt6bG0wRU1ZSW9NMHZUdlJoKy9SNFBWVm5aWmY1KzYxTW5vV1hrTGtOSzdqY0pKMFpJT3FWYTRwNWJYL2tab3VmcnJHNUpPWG9zeHZOWm8xYWhNSy8vcjQzOElLMVJnWTNISHlzdkhWY2xrT0xzV0haazhsdWV5Vkx5cUJDbVV0aGZBZG01V21jbkRBQzZEb1pjNDBXWWtwU1FscXdZQjBISzVxcmsxUFZUcTMzalBtbGZ4eWdYTVgyNDFrc0lkcmdDZmVGM01OSkdDZ0d3dnNjK0M4ZFVpV0FkS1ZlZGNlblFnbHBDamh0NmpsUmNzS3dqZ21IOW5jcWY3NEJNWUV3SXdseW9qOXJpK1VjR1JjRTZYVHNmUW9rK3VzODN3cEsyVndzRGtIM2xUQUY5T21WYUt5VjNFbTZIT2c0bTVWMHdVVHpoOXZFa29BNTI2bjZHcjh1QThCNVUyMmJ1ZFUrS1RBTHV2Mm43TTZTT00vQW9uSWs3S1dXam1yWmo5Z1B1MXdrRnlFZlJKM1ZMSkZWbTg3UFpRRDVoZllRaEhSdUlIQ0hwQlJjUFlXOEJGOHovZW4wR3dwZDVJemZKWHlVeUcvZlFJb29xb2VuVHRhUkdiRlVDSUtGQkpIcEM3eTl1VTVqRFFHakNPNVVsdkN1WDRtMG5sN3FyOWk1c3ZNa2RtbFlHL0lsZ0h0S1h2T0RxakJ0QlduMzBWUlEvSHY0U3lzYjJmNmZWUTQ4MnE3RzY0R0JTNzhhYk0rWnlVQ3oraUNERmx6RVVmOCtKRXQ0a1phNTNidTd4N0pkZ3puSDJhWVdzdWcvMlBpVmt4akRqT0wvSjRyaTlGR1pGUkNFUysxK2ZtdnY4T3ZYOVJLSFd5SDZKRlR4c1NOLzFQRTRTZldjYTlQS3puL2creFdMR3gxK0Q0Lzg1MTdmVjUxVEJOOVkxYnRqdzR0RlMreCtUNXdmSzR1QkxyVHlWUUNRRDhZK3dmVTV1VSsycWZ1ajBoTklGaERnRTYyMC9LMzI5WURnejB5M2NCUWRPTTh1S3FxV0pPVmh2emh4cDBGTjF1TU9ReUpnY0E5c2puTkt5MjBJTzI0U1RtNEdzNmNKOVhySDJZY0NoVUpER2MxeXEzTnVVVHhHVzFOQnFZWU5uNlhWajZJcEZFNVJFU3hMaU9haFh1TkNzK3RGYUhuZmtTUFVHVzdDSWNRZWVDUVlNQ2JpNi96U0xkejA1SDRac3FOVytLenVUL1ZuS2xJbzFubGUwenpzZUFkMFRINEE2cllLTFBhaGZ0eEljTllzWC9ubkNwU3RLNW4wS29ybzhnNGp5dG9rOHNYTDdIc201aHc9IiBDb3JyZWxhdGlvbkJpbmRpbmc9IiIgVXJsRW5jb2RlPSJUcnVlIiAvPg0KICAgICAgICA8Rm9ybVBvc3RQYXJhbWV0ZXIgTmFtZT0iYnRuVGVtcFNhdmVJbnZpc2libGUiIFZhbHVlPSLmmqvlrZgiIFJlY29yZGVkVmFsdWU9Iuaaq+WtmCIgQ29ycmVsYXRpb25CaW5kaW5nPSJ7e0Zvcm1Qb3N0UGFyYW0zMy5idG5UZW1wU2F2ZUludmlzaWJsZX19IiBVcmxFbmNvZGU9IlRydWUiIC8+DQogICAgICAgIDxGb3JtUG9zdFBhcmFtZXRlciBOYW1lPSJPVEVtcElEIiBWYWx1ZT0icmJ0U2luZ2xlRW1wSUQiIFJlY29yZGVkVmFsdWU9InJidFNpbmdsZUVtcElEIiBDb3JyZWxhdGlvbkJpbmRpbmc9Int7Rm9ybVBvc3RQYXJhbTM0Lk9URW1wSUR9fSIgVXJsRW5jb2RlPSJUcnVlIiAvPg0KICAgICAgICA8Rm9ybVBvc3RQYXJhbWV0ZXIgTmFtZT0idHh0T1RFbXBJRCIgVmFsdWU9IjEwMjExOSIgUmVjb3JkZWRWYWx1ZT0iMTAyMTE5IiBDb3JyZWxhdGlvbkJpbmRpbmc9Int7Rm9ybVBvc3RQYXJhbTM1LnR4dE9URW1wSUR9fSIgVXJsRW5jb2RlPSJUcnVlIiAvPg0KICAgICAgICA8Rm9ybVBvc3RQYXJhbWV0ZXIgTmFtZT0idHh0T1RFbXBOYW1lIiBWYWx1ZT0i5buWT+e+qSIgUmVjb3JkZWRWYWx1ZT0i5buWT+e+qSIgQ29ycmVsYXRpb25CaW5kaW5nPSJ7e0Zvcm1Qb3N0UGFyYW0zNi50eHRPVEVtcE5hbWV9fSIgVXJsRW5jb2RlPSJUcnVlIiAvPg0KICAgICAgICA8Rm9ybVBvc3RQYXJhbWV0ZXIgTmFtZT0idWNEYXRlU3RhcnQkdHh0RGF0ZSIgVmFsdWU9IjIwMTcvMDUvMTYiIFJlY29yZGVkVmFsdWU9IjIwMTcvMDUvMTYiIENvcnJlbGF0aW9uQmluZGluZz0ie3tGb3JtUG9zdFBhcmFtMzcudWNEYXRlU3RhcnQkdHh0RGF0ZX19IiBVcmxFbmNvZGU9IlRydWUiIC8+DQogICAgICAgIDxGb3JtUG9zdFBhcmFtZXRlciBOYW1lPSJ1Y0RhdGVFbmQkdHh0RGF0ZSIgVmFsdWU9IjIwMTcvMDUvMTYiIFJlY29yZGVkVmFsdWU9IjIwMTcvMDUvMTYiIENvcnJlbGF0aW9uQmluZGluZz0ie3tGb3JtUG9zdFBhcmFtMzgudWNEYXRlRW5kJHR4dERhdGV9fSIgVXJsRW5jb2RlPSJUcnVlIiAvPg0KICAgICAgICA8Rm9ybVBvc3RQYXJhbWV0ZXIgTmFtZT0iT1RUaW1lU3RhcnQkZGRsSEgiIFZhbHVlPSIwMCIgUmVjb3JkZWRWYWx1ZT0iMDAiIENvcnJlbGF0aW9uQmluZGluZz0ie3tGb3JtUG9zdFBhcmFtMzkuT1RUaW1lU3RhcnQkZGRsSEh9fSIgVXJsRW5jb2RlPSJUcnVlIiAvPg0KICAgICAgICA8Rm9ybVBvc3RQYXJhbWV0ZXIgTmFtZT0iT1RUaW1lU3RhcnQkZGRsTU0iIFZhbHVlPSIwMCIgUmVjb3JkZWRWYWx1ZT0iMDAiIENvcnJlbGF0aW9uQmluZGluZz0ie3tGb3JtUG9zdFBhcmFtNDAuT1RUaW1lU3RhcnQkZGRsTU19fSIgVXJsRW5jb2RlPSJUcnVlIiAvPg0KICAgICAgICA8Rm9ybVBvc3RQYXJhbWV0ZXIgTmFtZT0iT1RUaW1lRW5kJGRkbEhIIiBWYWx1ZT0iMDEiIFJlY29yZGVkVmFsdWU9IjAxIiBDb3JyZWxhdGlvbkJpbmRpbmc9Int7Rm9ybVBvc3RQYXJhbTQxLk9UVGltZUVuZCRkZGxISH19IiBVcmxFbmNvZGU9IlRydWUiIC8+DQogICAgICAgIDxGb3JtUG9zdFBhcmFtZXRlciBOYW1lPSJPVFRpbWVFbmQkZGRsTU0iIFZhbHVlPSIwMCIgUmVjb3JkZWRWYWx1ZT0iMDAiIENvcnJlbGF0aW9uQmluZGluZz0ie3tGb3JtUG9zdFBhcmFtNDIuT1RUaW1lRW5kJGRkbE1NfX0iIFVybEVuY29kZT0iVHJ1ZSIgLz4NCiAgICAgICAgPEZvcm1Qb3N0UGFyYW1ldGVyIE5hbWU9ImRkbE9UVHlwZUlEIiBWYWx1ZT0iMTAiIFJlY29yZGVkVmFsdWU9IjEwIiBDb3JyZWxhdGlvbkJpbmRpbmc9Int7Rm9ybVBvc3RQYXJhbTQzLmRkbE9UVHlwZUlEfX0iIFVybEVuY29kZT0iVHJ1ZSIgLz4NCiAgICAgICAgPEZvcm1Qb3N0UGFyYW1ldGVyIE5hbWU9InR4dE9UUmVhc29uTWVtbyR0eHREYXRhIiBWYWx1ZT0idGVzdCIgUmVjb3JkZWRWYWx1ZT0idGVzdCIgQ29ycmVsYXRpb25CaW5kaW5nPSIiIFVybEVuY29kZT0iVHJ1ZSIgLz4NCiAgICAgICAgPEZvcm1Qb3N0UGFyYW1ldGVyIE5hbWU9ImRkbE9yZyIgVmFsdWU9IjEiIFJlY29yZGVkVmFsdWU9IjEiIENvcnJlbGF0aW9uQmluZGluZz0ie3tGb3JtUG9zdFBhcmFtNDQuZGRsT3JnfX0iIFVybEVuY29kZT0iVHJ1ZSIgLz4NCiAgICAgICAgPEZvcm1Qb3N0UGFyYW1ldGVyIE5hbWU9InVjQ2FzY2FkaW5nRHJvcERvd24xJGRkbDAyIiBWYWx1ZT0iMDAwRzAwIiBSZWNvcmRlZFZhbHVlPSIwMDBHMDAiIENvcnJlbGF0aW9uQmluZGluZz0ie3tGb3JtUG9zdFBhcmFtNDUudWNDYXNjYWRpbmdEcm9wRG93bjEkZGRsMDJ9fSIgVXJsRW5jb2RlPSJUcnVlIiAvPg0KICAgICAgICA8Rm9ybVBvc3RQYXJhbWV0ZXIgTmFtZT0idWNDYXNjYWRpbmdEcm9wRG93bjEkZGRsMDMiIFZhbHVlPSIwMDBHOTAiIFJlY29yZGVkVmFsdWU9IjAwMEc5MCIgQ29ycmVsYXRpb25CaW5kaW5nPSJ7e0Zvcm1Qb3N0UGFyYW00Ni51Y0Nhc2NhZGluZ0Ryb3BEb3duMSRkZGwwM319IiBVcmxFbmNvZGU9IlRydWUiIC8+DQogICAgICAgIDxGb3JtUG9zdFBhcmFtZXRlciBOYW1lPSJ1Y0Nhc2NhZGluZ0Ryb3BEb3duMSRkZGwwNCIgVmFsdWU9IiIgUmVjb3JkZWRWYWx1ZT0iIiBDb3JyZWxhdGlvbkJpbmRpbmc9IiIgVXJsRW5jb2RlPSJUcnVlIiAvPg0KICAgICAgICA8Rm9ybVBvc3RQYXJhbWV0ZXIgTmFtZT0idWNDYXNjYWRpbmdEcm9wRG93bjEkQ2FzY2FkaW5nRHJvcERvd24xX0NsaWVudFN0YXRlIiBWYWx1ZT0ie3skSElEREVOMS51Y0Nhc2NhZGluZ0Ryb3BEb3duMSRDYXNjYWRpbmdEcm9wRG93bjFfQ2xpZW50U3RhdGV9fSIgUmVjb3JkZWRWYWx1ZT0iU1BIQksxIiBDb3JyZWxhdGlvbkJpbmRpbmc9IiIgVXJsRW5jb2RlPSJUcnVlIiAvPg0KICAgICAgICA8Rm9ybVBvc3RQYXJhbWV0ZXIgTmFtZT0idWNDYXNjYWRpbmdEcm9wRG93bjEkQ2FzY2FkaW5nRHJvcERvd24yX0NsaWVudFN0YXRlIiBWYWx1ZT0ie3skSElEREVOMS51Y0Nhc2NhZGluZ0Ryb3BEb3duMSRDYXNjYWRpbmdEcm9wRG93bjJfQ2xpZW50U3RhdGV9fSIgUmVjb3JkZWRWYWx1ZT0iMDAwRzAwIiBDb3JyZWxhdGlvbkJpbmRpbmc9IiIgVXJsRW5jb2RlPSJUcnVlIiAvPg0KICAgICAgICA8Rm9ybVBvc3RQYXJhbWV0ZXIgTmFtZT0idWNDYXNjYWRpbmdEcm9wRG93bjEkQ2FzY2FkaW5nRHJvcERvd24zX0NsaWVudFN0YXRlIiBWYWx1ZT0ie3skSElEREVOMS51Y0Nhc2NhZGluZ0Ryb3BEb3duMSRDYXNjYWRpbmdEcm9wRG93bjNfQ2xpZW50U3RhdGV9fSIgUmVjb3JkZWRWYWx1ZT0iMDAwRzkwIiBDb3JyZWxhdGlvbkJpbmRpbmc9IiIgVXJsRW5jb2RlPSJUcnVlIiAvPg0KICAgICAgICA8Rm9ybVBvc3RQYXJhbWV0ZXIgTmFtZT0idWNDYXNjYWRpbmdEcm9wRG93bjEkQ2FzY2FkaW5nRHJvcERvd240X0NsaWVudFN0YXRlIiBWYWx1ZT0ie3skSElEREVOMS51Y0Nhc2NhZGluZ0Ryb3BEb3duMSRDYXNjYWRpbmdEcm9wRG93bjRfQ2xpZW50U3RhdGV9fSIgUmVjb3JkZWRWYWx1ZT0iOjo6Ojo6IiBDb3JyZWxhdGlvbkJpbmRpbmc9IiIgVXJsRW5jb2RlPSJUcnVlIiAvPg0KICAgICAgICA8Rm9ybVBvc3RQYXJhbWV0ZXIgTmFtZT0idWNDYXNjYWRpbmdEcm9wRG93bjEkQ2FzY2FkaW5nRHJvcERvd241X0NsaWVudFN0YXRlIiBWYWx1ZT0ie3skSElEREVOMS51Y0Nhc2NhZGluZ0Ryb3BEb3duMSRDYXNjYWRpbmdEcm9wRG93bjVfQ2xpZW50U3RhdGV9fSIgUmVjb3JkZWRWYWx1ZT0iIiBDb3JyZWxhdGlvbkJpbmRpbmc9IiIgVXJsRW5jb2RlPSJUcnVlIiAvPg0KICAgICAgICA8Rm9ybVBvc3RQYXJhbWV0ZXIgTmFtZT0idWNDYXNjYWRpbmdEcm9wRG93bjIkZGRsMDEiIFZhbHVlPSIiIFJlY29yZGVkVmFsdWU9IiIgQ29ycmVsYXRpb25CaW5kaW5nPSIiIFVybEVuY29kZT0iVHJ1ZSIgLz4NCiAgICAgICAgPEZvcm1Qb3N0UGFyYW1ldGVyIE5hbWU9InVjQ2FzY2FkaW5nRHJvcERvd24yJGRkbDAyIiBWYWx1ZT0iIiBSZWNvcmRlZFZhbHVlPSIiIENvcnJlbGF0aW9uQmluZGluZz0iIiBVcmxFbmNvZGU9IlRydWUiIC8+DQogICAgICAgIDxGb3JtUG9zdFBhcmFtZXRlciBOYW1lPSJ1Y0Nhc2NhZGluZ0Ryb3BEb3duMiRkZGwwMyIgVmFsdWU9IiIgUmVjb3JkZWRWYWx1ZT0iIiBDb3JyZWxhdGlvbkJpbmRpbmc9IiIgVXJsRW5jb2RlPSJUcnVlIiAvPg0KICAgICAgICA8Rm9ybVBvc3RQYXJhbWV0ZXIgTmFtZT0idWNDYXNjYWRpbmdEcm9wRG93bjIkQ2FzY2FkaW5nRHJvcERvd24xX0NsaWVudFN0YXRlIiBWYWx1ZT0ie3skSElEREVOMS51Y0Nhc2NhZGluZ0Ryb3BEb3duMiRDYXNjYWRpbmdEcm9wRG93bjFfQ2xpZW50U3RhdGV9fSIgUmVjb3JkZWRWYWx1ZT0iOjo6Ojo6IiBDb3JyZWxhdGlvbkJpbmRpbmc9IiIgVXJsRW5jb2RlPSJUcnVlIiAvPg0KICAgICAgICA8Rm9ybVBvc3RQYXJhbWV0ZXIgTmFtZT0idWNDYXNjYWRpbmdEcm9wRG93bjIkQ2FzY2FkaW5nRHJvcERvd24yX0NsaWVudFN0YXRlIiBWYWx1ZT0ie3skSElEREVOMS51Y0Nhc2NhZGluZ0Ryb3BEb3duMiRDYXNjYWRpbmdEcm9wRG93bjJfQ2xpZW50U3RhdGV9fSIgUmVjb3JkZWRWYWx1ZT0iOjo6Ojo6IiBDb3JyZWxhdGlvbkJpbmRpbmc9IiIgVXJsRW5jb2RlPSJUcnVlIiAvPg0KICAgICAgICA8Rm9ybVBvc3RQYXJhbWV0ZXIgTmFtZT0idWNDYXNjYWRpbmdEcm9wRG93bjIkQ2FzY2FkaW5nRHJvcERvd24zX0NsaWVudFN0YXRlIiBWYWx1ZT0ie3skSElEREVOMS51Y0Nhc2NhZGluZ0Ryb3BEb3duMiRDYXNjYWRpbmdEcm9wRG93bjNfQ2xpZW50U3RhdGV9fSIgUmVjb3JkZWRWYWx1ZT0iOjo6Ojo6IiBDb3JyZWxhdGlvbkJpbmRpbmc9IiIgVXJsRW5jb2RlPSJUcnVlIiAvPg0KICAgICAgICA8Rm9ybVBvc3RQYXJhbWV0ZXIgTmFtZT0idWNDYXNjYWRpbmdEcm9wRG93bjIkQ2FzY2FkaW5nRHJvcERvd240X0NsaWVudFN0YXRlIiBWYWx1ZT0ie3skSElEREVOMS51Y0Nhc2NhZGluZ0Ryb3BEb3duMiRDYXNjYWRpbmdEcm9wRG93bjRfQ2xpZW50U3RhdGV9fSIgUmVjb3JkZWRWYWx1ZT0iIiBDb3JyZWxhdGlvbkJpbmRpbmc9IiIgVXJsRW5jb2RlPSJUcnVlIiAvPg0KICAgICAgICA8Rm9ybVBvc3RQYXJhbWV0ZXIgTmFtZT0idWNDYXNjYWRpbmdEcm9wRG93bjIkQ2FzY2FkaW5nRHJvcERvd241X0NsaWVudFN0YXRlIiBWYWx1ZT0ie3skSElEREVOMS51Y0Nhc2NhZGluZ0Ryb3BEb3duMiRDYXNjYWRpbmdEcm9wRG93bjVfQ2xpZW50U3RhdGV9fSIgUmVjb3JkZWRWYWx1ZT0iIiBDb3JyZWxhdGlvbkJpbmRpbmc9IiIgVXJsRW5jb2RlPSJUcnVlIiAvPg0KICAgICAgICA8Rm9ybVBvc3RQYXJhbWV0ZXIgTmFtZT0iZnJhbWVBdHRhY2giIFZhbHVlPSIvVXRpbC9BdHRhY2hBZG1pbi5hc3B4P0F0dGFjaERCPUFhdHRlbmRhbnREQl9JVFJEJmFtcDtBdHRhY2hJRD10ZXN0MTAyMTE5ZDc5MmRkYzgtMWYwYy00YmU2LWJhMDYtMWJkNTI4MGNiMjlhJmFtcDtBdHRhY2hGaWxlTWF4UXR5PTEmYW1wO0F0dGFjaEZpbGVNYXhLQj0zMDcyJmFtcDtBdHRhY2hGaWxlVG90S0I9MzA3MiZhbXA7QXR0YWNoRmlsZUV4dExpc3Q9IiBSZWNvcmRlZFZhbHVlPSIvVXRpbC9BdHRhY2hBZG1pbi5hc3B4P0F0dGFjaERCPUFhdHRlbmRhbnREQl9JVFJEJmFtcDtBdHRhY2hJRD10ZXN0MTAyMTE5ZDc5MmRkYzgtMWYwYy00YmU2LWJhMDYtMWJkNTI4MGNiMjlhJmFtcDtBdHRhY2hGaWxlTWF4UXR5PTEmYW1wO0F0dGFjaEZpbGVNYXhLQj0zMDcyJmFtcDtBdHRhY2hGaWxlVG90S0I9MzA3MiZhbXA7QXR0YWNoRmlsZUV4dExpc3Q9IiBDb3JyZWxhdGlvbkJpbmRpbmc9IiIgVXJsRW5jb2RlPSJUcnVlIiAvPg0KICAgICAgICA8Rm9ybVBvc3RQYXJhbWV0ZXIgTmFtZT0idWNNb2RhbFBvcHVwMSRDbGllbnRXaWR0aCIgVmFsdWU9Int7JEhJRERFTjEudWNNb2RhbFBvcHVwMSRDbGllbnRXaWR0aH19IiBSZWNvcmRlZFZhbHVlPSIwIiBDb3JyZWxhdGlvbkJpbmRpbmc9IiIgVXJsRW5jb2RlPSJUcnVlIiAvPg0KICAgICAgICA8Rm9ybVBvc3RQYXJhbWV0ZXIgTmFtZT0idWNNb2RhbFBvcHVwMSRDbGllbnRIZWlnaHQiIFZhbHVlPSJ7eyRISURERU4xLnVjTW9kYWxQb3B1cDEkQ2xpZW50SGVpZ2h0fX0iIFJlY29yZGVkVmFsdWU9IjAiIENvcnJlbGF0aW9uQmluZGluZz0iIiBVcmxFbmNvZGU9IlRydWUiIC8+DQogICAgICA8L0Zvcm1Qb3N0SHR0cEJvZHk+DQogICAgPC9SZXF1ZXN0Pg0KICAgIDxSZXF1ZXN0IE1ldGhvZD0iUE9TVCIgR3VpZD0iZDU2NTc0OGYtYjBmMi00OWMxLWJiY2ItZGNkMWIxNTI3Y2VlIiBWZXJzaW9uPSIxLjEiIFVybD0iaHR0cDovLzEwLjExLjM2LjExNDo4MDA3L092ZXJUaW1lL092ZXJ0aW1lUHJlT3JkZXJfQWRkLmFzcHgiIFRoaW5rVGltZT0iMTYiIFRpbWVvdXQ9IjMwMCIgUGFyc2VEZXBlbmRlbnRSZXF1ZXN0cz0iVHJ1ZSIgRm9sbG93UmVkaXJlY3RzPSJUcnVlIiBSZWNvcmRSZXN1bHQ9IlRydWUiIENhY2hlPSJGYWxzZSIgUmVzcG9uc2VUaW1lR29hbD0iMCIgRW5jb2Rpbmc9InV0Zi04IiBFeHBlY3RlZEh0dHBTdGF0dXNDb2RlPSIwIiBFeHBlY3RlZFJlc3BvbnNlVXJsPSJodHRwOi8vMTAuMTEuMzYuMTE0OjgwMDcvT3ZlclRpbWUvT3ZlcnRpbWVQcmVPcmRlci5hc3B4IiBSZXBvcnRpbmdOYW1lPSIiIElnbm9yZUh0dHBTdGF0dXNDb2RlPSJGYWxzZSI+DQogICAgICA8RXh0cmFjdGlvblJ1bGVzPg0KICAgICAgICA8RXh0cmFjdGlvblJ1bGUgQ2xhc3NuYW1lPSJNaWNyb3NvZnQuVmlzdWFsU3R1ZGlvLlRlc3RUb29scy5XZWJUZXN0aW5nLlJ1bGVzLkV4dHJhY3RIaWRkZW5GaWVsZHMsIE1pY3Jvc29mdC5WaXN1YWxTdHVkaW8uUXVhbGl0eVRvb2xzLldlYlRlc3RGcmFtZXdvcmssIFZlcnNpb249MTAuMC4wLjAsIEN1bHR1cmU9bmV1dHJhbCwgUHVibGljS2V5VG9rZW49YjAzZjVmN2YxMWQ1MGEzYSIgVmFyaWFibGVOYW1lPSIxIiBEaXNwbGF5TmFtZT0i5pO35Y+W6Zqx6JeP5qyE5L2NIiBEZXNjcmlwdGlvbj0i5pO35Y+W5Zue5oeJ5Lit55qE5omA5pyJ6Zqx6JeP5qyE5L2N77yM5Lim5bCH5a6D5YCR5pS+5Zyo5ris6Kmm5YWn5a655Lit44CCIj4NCiAgICAgICAgICA8UnVsZVBhcmFtZXRlcnM+DQogICAgICAgICAgICA8UnVsZVBhcmFtZXRlciBOYW1lPSJSZXF1aXJlZCIgVmFsdWU9IlRydWUiIC8+DQogICAgICAgICAgICA8UnVsZVBhcmFtZXRlciBOYW1lPSJIdG1sRGVjb2RlIiBWYWx1ZT0iVHJ1ZSIgLz4NCiAgICAgICAgICA8L1J1bGVQYXJhbWV0ZXJzPg0KICAgICAgICA8L0V4dHJhY3Rpb25SdWxlPg0KICAgICAgPC9FeHRyYWN0aW9uUnVsZXM+DQogICAgICA8Q29ycmVsYXRpb25FeHRyYWN0aW9uUnVsZXM+DQogICAgICAgIDxFeHRyYWN0aW9uUnVsZSBDbGFzc25hbWU9Ik1pY3Jvc29mdC5WaXN1YWxTdHVkaW8uVGVzdFRvb2xzLldlYlRlc3RpbmcuUnVsZXMuRXh0cmFjdEZvcm1GaWVsZCwgTWljcm9zb2Z0LlZpc3VhbFN0dWRpby5RdWFsaXR5VG9vbHMuV2ViVGVzdEZyYW1ld29yaywgVmVyc2lvbj0xMC4wLjAuMCwgQ3VsdHVyZT1uZXV0cmFsLCBQdWJsaWNLZXlUb2tlbj1iMDNmNWY3ZjExZDUwYTNhIiBWYXJpYWJsZU5hbWU9IkZvcm1Qb3N0UGFyYW0xMy5idG5RdWVyeSIgRGlzcGxheU5hbWU9IiIgRGVzY3JpcHRpb249IiI+DQogICAgICAgICAgPFJ1bGVQYXJhbWV0ZXJzPg0KICAgICAgICAgICAgPFJ1bGVQYXJhbWV0ZXIgTmFtZT0iTmFtZSIgVmFsdWU9ImJ0blF1ZXJ5IiAvPg0KICAgICAgICAgICAgPFJ1bGVQYXJhbWV0ZXIgTmFtZT0iSHRtbERlY29kZSIgVmFsdWU9IlRydWUiIC8+DQogICAgICAgICAgICA8UnVsZVBhcmFtZXRlciBOYW1lPSJSZXF1aXJlZCIgVmFsdWU9IkZhbHNlIiAvPg0KICAgICAgICAgICAgPFJ1bGVQYXJhbWV0ZXIgTmFtZT0iSW5kZXgiIFZhbHVlPSIwIiAvPg0KICAgICAgICAgIDwvUnVsZVBhcmFtZXRlcnM+DQogICAgICAgIDwvRXh0cmFjdGlvblJ1bGU+DQogICAgICAgIDxFeHRyYWN0aW9uUnVsZSBDbGFzc25hbWU9Ik1pY3Jvc29mdC5WaXN1YWxTdHVkaW8uVGVzdFRvb2xzLldlYlRlc3RpbmcuUnVsZXMuRXh0cmFjdEZvcm1GaWVsZCwgTWljcm9zb2Z0LlZpc3VhbFN0dWRpby5RdWFsaXR5VG9vbHMuV2ViVGVzdEZyYW1ld29yaywgVmVyc2lvbj0xMC4wLjAuMCwgQ3VsdHVyZT1uZXV0cmFsLCBQdWJsaWNLZXlUb2tlbj1iMDNmNWY3ZjExZDUwYTNhIiBWYXJpYWJsZU5hbWU9IkZvcm1Qb3N0UGFyYW0xNC50eHRPVEVtcElEIiBEaXNwbGF5TmFtZT0iIiBEZXNjcmlwdGlvbj0iIj4NCiAgICAgICAgICA8UnVsZVBhcmFtZXRlcnM+DQogICAgICAgICAgICA8UnVsZVBhcmFtZXRlciBOYW1lPSJOYW1lIiBWYWx1ZT0idHh0T1RFbXBJRCIgLz4NCiAgICAgICAgICAgIDxSdWxlUGFyYW1ldGVyIE5hbWU9Ikh0bWxEZWNvZGUiIFZhbHVlPSJUcnVlIiAvPg0KICAgICAgICAgICAgPFJ1bGVQYXJhbWV0ZXIgTmFtZT0iUmVxdWlyZWQiIFZhbHVlPSJGYWxzZSIgLz4NCiAgICAgICAgICAgIDxSdWxlUGFyYW1ldGVyIE5hbWU9IkluZGV4IiBWYWx1ZT0iMCIgLz4NCiAgICAgICAgICA8L1J1bGVQYXJhbWV0ZXJzPg0KICAgICAgICA8L0V4dHJhY3Rpb25SdWxlPg0KICAgICAgICA8RXh0cmFjdGlvblJ1bGUgQ2xhc3NuYW1lPSJNaWNyb3NvZnQuVmlzdWFsU3R1ZGlvLlRlc3RUb29scy5XZWJUZXN0aW5nLlJ1bGVzLkV4dHJhY3RUZXh0LCBNaWNyb3NvZnQuVmlzdWFsU3R1ZGlvLlF1YWxpdHlUb29scy5XZWJUZXN0RnJhbWV3b3JrLCBWZXJzaW9uPTEwLjAuMC4wLCBDdWx0dXJlPW5ldXRyYWwsIFB1YmxpY0tleVRva2VuPWIwM2Y1ZjdmMTFkNTBhM2EiIFZhcmlhYmxlTmFtZT0iRm9ybVBvc3RQYXJhbTE1LmRkbFF1ZXJ5Q29uZGl0aW9ucyIgRGlzcGxheU5hbWU9IiIgRGVzY3JpcHRpb249IiI+DQogICAgICAgICAgPFJ1bGVQYXJhbWV0ZXJzPg0KICAgICAgICAgICAgPFJ1bGVQYXJhbWV0ZXIgTmFtZT0iU3RhcnRzV2l0aCIgVmFsdWU9InMmcXVvdDs6WyZxdW90OyIgLz4NCiAgICAgICAgICAgIDxSdWxlUGFyYW1ldGVyIE5hbWU9IkVuZHNXaXRoIiBWYWx1ZT0iJnF1b3Q7LCZxdW90OzEmcXVvdDsiIC8+DQogICAgICAgICAgICA8UnVsZVBhcmFtZXRlciBOYW1lPSJJbmRleCIgVmFsdWU9IjAiIC8+DQogICAgICAgICAgICA8UnVsZVBhcmFtZXRlciBOYW1lPSJJZ25vcmVDYXNlIiBWYWx1ZT0iRmFsc2UiIC8+DQogICAgICAgICAgICA8UnVsZVBhcmFtZXRlciBOYW1lPSJVc2VSZWd1bGFyRXhwcmVzc2lvbiIgVmFsdWU9IkZhbHNlIiAvPg0KICAgICAgICAgICAgPFJ1bGVQYXJhbWV0ZXIgTmFtZT0iSHRtbERlY29kZSIgVmFsdWU9IlRydWUiIC8+DQogICAgICAgICAgICA8UnVsZVBhcmFtZXRlciBOYW1lPSJSZXF1aXJlZCIgVmFsdWU9IkZhbHNlIiAvPg0KICAgICAgICAgIDwvUnVsZVBhcmFtZXRlcnM+DQogICAgICAgIDwvRXh0cmFjdGlvblJ1bGU+DQogICAgICAgIDxFeHRyYWN0aW9uUnVsZSBDbGFzc25hbWU9Ik1pY3Jvc29mdC5WaXN1YWxTdHVkaW8uVGVzdFRvb2xzLldlYlRlc3RpbmcuUnVsZXMuRXh0cmFjdFRleHQsIE1pY3Jvc29mdC5WaXN1YWxTdHVkaW8uUXVhbGl0eVRvb2xzLldlYlRlc3RGcmFtZXdvcmssIFZlcnNpb249MTAuMC4wLjAsIEN1bHR1cmU9bmV1dHJhbCwgUHVibGljS2V5VG9rZW49YjAzZjVmN2YxMWQ1MGEzYSIgVmFyaWFibGVOYW1lPSJGb3JtUG9zdFBhcmFtMTYuZGRsT1RTdGF0dXMiIERpc3BsYXlOYW1lPSIiIERlc2NyaXB0aW9uPSIiPg0KICAgICAgICAgIDxSdWxlUGFyYW1ldGVycz4NCiAgICAgICAgICAgIDxSdWxlUGFyYW1ldGVyIE5hbWU9IlN0YXJ0c1dpdGgiIFZhbHVlPSImcXVvdDswJnF1b3Q7LCZxdW90OyIgLz4NCiAgICAgICAgICAgIDxSdWxlUGFyYW1ldGVyIE5hbWU9IkVuZHNXaXRoIiBWYWx1ZT0iJnF1b3Q7LCZxdW90OzImcXVvdDsiIC8+DQogICAgICAgICAgICA8UnVsZVBhcmFtZXRlciBOYW1lPSJJbmRleCIgVmFsdWU9IjAiIC8+DQogICAgICAgICAgICA8UnVsZVBhcmFtZXRlciBOYW1lPSJJZ25vcmVDYXNlIiBWYWx1ZT0iRmFsc2UiIC8+DQogICAgICAgICAgICA8UnVsZVBhcmFtZXRlciBOYW1lPSJVc2VSZWd1bGFyRXhwcmVzc2lvbiIgVmFsdWU9IkZhbHNlIiAvPg0KICAgICAgICAgICAgPFJ1bGVQYXJhbWV0ZXIgTmFtZT0iSHRtbERlY29kZSIgVmFsdWU9IlRydWUiIC8+DQogICAgICAgICAgICA8UnVsZVBhcmFtZXRlciBOYW1lPSJSZXF1aXJlZCIgVmFsdWU9IkZhbHNlIiAvPg0KICAgICAgICAgIDwvUnVsZVBhcmFtZXRlcnM+DQogICAgICAgIDwvRXh0cmFjdGlvblJ1bGU+DQogICAgICA8L0NvcnJlbGF0aW9uRXh0cmFjdGlvblJ1bGVzPg0KICAgICAgPEZvcm1Qb3N0SHR0cEJvZHk+DQogICAgICAgIDxGb3JtUG9zdFBhcmFtZXRlciBOYW1lPSJUb29sa2l0U2NyaXB0TWFuYWdlcjFfSGlkZGVuRmllbGQiIFZhbHVlPSI7O0FqYXhDb250cm9sVG9vbGtpdCwgVmVyc2lvbj00LjEuNy42MDcsIEN1bHR1cmU9bmV1dHJhbCwgUHVibGljS2V5VG9rZW49MjhmMDFiMGU4NGI2ZDUzZTp6aC1IYW50OjdiOTVlZDFhLTZhM2YtNDFkZC1iYzViLTYzZjM5ZWRiYzRiNDpkZTFmZWFiMjpmY2YwZTk5MzpmMmM4ZTcwODo3MjBhNTJiZjpmOWNlYzliYzo1ODllYWEzMDo2OTgxMjljZjpmYjliNGM1NzpjY2I5NmNmOTo4YWQxODEwMTpjYTU3ZWYzYzphNjdjMjcwMDo4NjEzYWVhNzozMjAyYTVhMjphYjA5ZTNmZTo4NzEwNGI3YzpiZTZmYjI5OCIgUmVjb3JkZWRWYWx1ZT0iOztBamF4Q29udHJvbFRvb2xraXQsIFZlcnNpb249NC4xLjcuNjA3LCBDdWx0dXJlPW5ldXRyYWwsIFB1YmxpY0tleVRva2VuPTI4ZjAxYjBlODRiNmQ1M2U6emgtSGFudDo3Yjk1ZWQxYS02YTNmLTQxZGQtYmM1Yi02M2YzOWVkYmM0YjQ6ZGUxZmVhYjI6ZmNmMGU5OTM6ZjJjOGU3MDg6NzIwYTUyYmY6ZjljZWM5YmM6NTg5ZWFhMzA6Njk4MTI5Y2Y6ZmI5YjRjNTc6Y2NiOTZjZjk6OGFkMTgxMDE6Y2E1N2VmM2M6YTY3YzI3MDA6ODYxM2FlYTc6MzIwMmE1YTI6YWIwOWUzZmU6ODcxMDRiN2M6YmU2ZmIyOTgiIENvcnJlbGF0aW9uQmluZGluZz0iIiBVcmxFbmNvZGU9IlRydWUiIC8+DQogICAgICAgIDxGb3JtUG9zdFBhcmFtZXRlciBOYW1lPSJfX0VWRU5UVEFSR0VUIiBWYWx1ZT0ie3skSElEREVOMS5fX0VWRU5UVEFSR0VUfX0iIFJlY29yZGVkVmFsdWU9IiIgQ29ycmVsYXRpb25CaW5kaW5nPSIiIFVybEVuY29kZT0iVHJ1ZSIgLz4NCiAgICAgICAgPEZvcm1Qb3N0UGFyYW1ldGVyIE5hbWU9Il9fRVZFTlRBUkdVTUVOVCIgVmFsdWU9Int7JEhJRERFTjEuX19FVkVOVEFSR1VNRU5UfX0iIFJlY29yZGVkVmFsdWU9IiIgQ29ycmVsYXRpb25CaW5kaW5nPSIiIFVybEVuY29kZT0iVHJ1ZSIgLz4NCiAgICAgICAgPEZvcm1Qb3N0UGFyYW1ldGVyIE5hbWU9Il9fTEFTVEZPQ1VTIiBWYWx1ZT0ie3skSElEREVOMS5fX0xBU1RGT0NVU319IiBSZWNvcmRlZFZhbHVlPSIiIENvcnJlbGF0aW9uQmluZGluZz0iIiBVcmxFbmNvZGU9IlRydWUiIC8+DQogICAgICAgIDxGb3JtUG9zdFBhcmFtZXRlciBOYW1lPSJfX1ZTVEFURSIgVmFsdWU9Int7JEhJRERFTjEuX19WU1RBVEV9fSIgUmVjb3JkZWRWYWx1ZT0iQVIrTENBQUFBQUFBQkFEdEdtdHpITVZSTjlMcWJVdTRyQVBIY0xlV0hjc3ErKzUyOXg3U25SNmdsN0dDWlJtZndGUVo2bXJ2ZHJTM2FHLzMyTjNUb3lpSWVSZ2JqSU1wTUlreENhRUNnVUNaT0tFQ3hqZ2tQeUdWeW9kOFRuU1MvQ2svZ2ZUTTd0NUxNampFb2tKVlZxWGRuWjZlN3A3dW51bnUyZnZLMDNFWFlueXAxSml1V1lhdW1zZndFd1hGd0VkMTB4b1ZNM01QNEtWVXl0dk1iRFhTVmxMUlpCVlA1UEtUNDh3V2FFOFZWRXZac05taTVPVERZa0hMWkprMmVIMndnRTFMMFRXbUxaT2RtOEtpZWxBVlphWkxucDhTRlcxUHhsSTVmczlZRm1mbVJsU1Y4VmFBaFQwd1lDeXI2eVptR20xNHgrRCt1dmI2eHE2bTV1bVpNWjF3ZzVlRHVwRTdNdDAwUFVQWk4wN1BqSXNXaHNlTWtzTnQ4TkF0VVNYdmdER3pxRTJPTjIzZlgrZUIveWFtTVhuMDBPZ0RQTk1wY0h3ZkYrVmpITTl6QXMvSG1VYm4yVVY2UWx3MHhNZWVMcjh5YlJ5WDRMaW5PUjd1KzNwUEpKZE1DK2VDNHppajVFVDFBSnN6TTdxaEt1a0Q3TVBZTUdIdVE1RWdSLzRPc0dPZ3A0S0JoelJjc0F5Q2U3U1FWcFVNYUhwR244UGFVTHF2VDR4bW9qRStIbzVncmo5ZXp3YzV4bXZMYWN0VWxyVVplYVFPcGpVUTYrTmlBaCtMeERxOGUzMU5PV3lhb295eHJ5ZDFGSjZUSmxHY0JmL0pESmhZQmRzcXhCelRtbXRsMmVkTlRZTHBadzFzWnBNd0dub1BHbUlPWjMxTkthcGNIVk9VRVJVYmxvTkFGS29Yckt5dlViUXNNWlBGdmk2SEhkamJXRXBhQnZqTFlWM08rbHBTSXhRRFBDTm9nU3ZZczVENjRvSWtaZm9EL0N5WENVVFNPQlpJaTF3c3dLZWxxTkRQWmRKQ1hQUzFBVk5DOUxDZW1jdjZ0am9NaUVpVWNsdnF1RzdNSlJVTEErMzZLTWY1bWxQZ0E4VDh6QTQrSGhkQy9TR2VZNWV2dmxROGQ0YmxoUVMxR2t4S3NvNktoaWhjdmJ2T1UxZFg5eFZjNUVtdWRnUzNJNjQ5UlV1OERTWmtDUEd1Q3ByME5pT21WVndQUFR0S3JlQXhuTk10MEp2RHN1V1JuSm9FMWViRU5uZ2JWMlpuN3dlejFIczhXeDFpRGg2UnVZV1FhbXlBMitmYkJ1OWR6S25zdkNOM04zaFFONHUxakM0QjZhSHVnalViNEdQZDl3NXZhUjFjTkJNbVpjRENDTTBjNnU2Mlh4S0w4SjYxckh3aUZGcFlXQWd1aElPNklZY0VqdU5EajB3ZHRvVnljWE9tQkRNQXdvYm1VRE1ET1FXY3pkUm5yVUJHenlVQUwyQmpkUU5YbGlWOHNZcHpXTE5ZRFJ4dHFKdk9uN2Q3N1g0WWwxZng0c3hTSGp0UUcyN0NGZ1dUS1FNM0lqY2l6WXNaUElwbFJldG1MU0F4MUUyR1VxZnNabTFSRXBab3lOZzZBZ1BNUEdDVHllY1ViVHFUS1Jnd2U5Qlo2QnQ1Z0J3VG1yUnBMR0JEVWNGUnlYTGQzTG1NaTB1SGxaeGlIZElMeHBIdmhNdWhUZWRDd3N5bU1abUNnSmt0VGVZN1lMT3BzNW1lbVNxWUZnM0NtOGlEemdPc3M5a3NOdGZ3MkU0bU5tK1Z1QncyYjRWQWpEd21hbk9UNDV2RzRXRlJWYVJONWpFaVBRNU91OGxNa2lKc3dFdlR4Z2podGNsVG1kVG1pZHBJK25KYk9BMkcxb2RMQ3FzTnJSVG9TSFNUK0d6UnRFcE1ZcXNreWFUcFFLRFhLT0FTbktTYnBaU21GTm5kM29kTVBGWXdES0FNU1oxSUVPamdXd2o4bWF5dVpIRE5iSFBpb3RzcWFHbTlvRWxZS3V2Z1ZtWnJhNG1tTGNPTkRPUlBmMjBhbENEVmtvMkUvUkJ6M3liUGNjYllKTDVwak1zb01PK2tRSU5sZmJ0VHNmWElPcUlwa3F2WnNtb05mV0hha0xCQkZlUGdaVVZ6TEN0cU1nWUZLWm9KK1R2b3A2eldpanhwT0I0ZkRGVzJxNURzUkdkWTRHd2NwMWxDcVUxVUtMRjF3REo2WmJveEhBSFVLc0NHZUllR2VhRWE4ZEI2UkxMMUQzTmxOTm91WVZVSDdlRkliREJVQTlvQTFTVlpBeWxoVnNST2dsYlpyTUJ4WTk5d0gwRXB0V294S0dtK2hGSWp2aHQ2aHNORW5sSnJIY0toNFZnRlFvV2FTaHYvTUEvMktiZEtDQlg3OWpBUDZxbHNWL2hEZWVPbGhLb0FKYlNxclpOTXFocFFRNjVpOHh1bWhUWXZoTUtjUzd1eTExM2F0dnM3UzdwcXZReUdhaGJ3Y0FPcGptcXFKbElyTmFhbXhNZDFBeDZLUmg2akJVV1ZXbExIOEx4Q1VFaEYyQXdYY3FyRHI1eXJ6YmZGS1l5UFlhajBKZWFPMmdPRUFkOHVwMW9kS1ZqNlNENnZMazNrMGxnaXNESFRIRk5GMDVSOW5VNTlleHptWmVSRVk0NVUzQWJWSTRPNFBsK0hXOEZqc3AzS01LSWhsY1NMaklmM0lsVGZJWG52ZzN1SEYwSHRmVmlSczlhb3ZqaHFZSEZ1UWlPNmtiS1NGODBDVmdQeVVLeW1oMkZXMEpHVkpNUlFTTU1NWHJTWXU5WXVYbGc5LzhMeTFjdi91djd5MmtkblZ6ODRWL3p5MUQ5Ty9ocndkaEk4ZjVkN1ZBS1FleHhJKzhxVnEydS9PMy9qcFpOcjc3d004RjB1SnNkeDkzTWNRSFk3a0k3bGE5ZUtMMTFhKytUMHlyWHp3QXU2ZWlxUjR3UzUxNEYwQVRMQnZIQjE1YlUzVjA2L3VQcjZCNnZ2dndvSVlYZUljNEFnb1FFSDBtbEQvbm55WlBHTE42Wlh2L3dOOU4zYjBVbW5YRkpGaDllRFBGNVBweVRKNUUxQzk4UG9WbDliaWpnVk1hWm9NZTFMY0QwYW1wcDZOQ1JKdnRaVUVxS3RSVStUNnY2c3ZIenBiMzlwSmljTW11U0FSaHY4bC8vZVRFOHBqbUZSbXRiVXBTd2d6T2c2TEx3OEV6aHg0NHRmckx6MjBtTnM4ZFhyeFZjK1d2bnBleXVYWGdBVm43aHg2U0tGcjF3OWRlUGl1OFZUN3hjLy90dzJFMWdNN3AzazZXdlN0WXlxWk9hWW1ZY3NSVTJOWmVmQXZqTzZMS3VZR2xKUkZXdHBYMDhoUThTaG9xWXkyYmx5Vjg4QnRxcFRVdWJKR2hrQkQrbnBIWkJBU1lpb2lER3RKUlV6L25rSURncUU1QUNzTkZsTFdIcCtZTDVFS3pIZ2VGRXo2THUxZkJMbWF5ZitYVDVKNmh3VEN5WTI2YjVCZDM3WjEvVHQ5QUdTdGVxYWxGWnRIV3kxc29vWmhGMmdnSWQ2ZWdZa2NIeHZvNjl4UThPMXJMUGJJZUlJVldZN0pLRUhpQVA0NzZ3ZTdMK3JaR3YvanBLTi9UL0krbmYrdHdiMTM4MGN2UVZMZ3FBM3N5UHAydGlLL251K3BRSDlQdG52bC8zc2Yyd2QvNjZOYmVMdnJsSG83cElSL0hzcXREOE5zalQ0Mm1IdEpKUHVJZ1UxYjZTMXIvZC8rNkQzSnY1ZjJibGVjL1czcUxsR0tnek1qU2lMbkR2dUlvUkdTYm9wUzUxZE8xcGcwN3p4REd4WXB4SEhJWTVIbklDNE1PSWlpSXNpTGdaYk9lTDZFUmRIUElkNEh2RUM0c09JanlBK2l2Z1k0dnNRMzQvNE9CSTRKUEJJRUpBUTNneWEyL2ZYNzVCdmRuazlzeVFvbEdmcDMwdW1OblQ3eFVCQ0JBbFJKTVNRMEllRWZpVEVVWmhEWVI2RkJSUU9vM0FFaGFNb0hFUGhQaFR1UitFNGluQW93cU9JZ0NKaEZJbWdTQlJGWWlqU2h5TDlLQkpIVVE1RmVSUVZVRFNNb2hFVWphSm9ERVg3VUxRZlJlUGZkL25CWkVNM05kbXRYTlNzTFIwUTlieDFFbnFJckRuL0QyKzJ6cjUrZDdLWDBvYTdVN25yZHEweDIvdit2N0QrVngzeit5Ny9iVjVZSit4TUZJTy9QK2FtcWNVcnI2eGNmQllnS2JycXVyQi9PMG04UlNjeHBTVWlodmhCRm9sc296QWV6dThGQ0pxalJDaCt6bjZEaFVyai9IYloyMHh5ZWtqc2JUNFZzUnl3UFpWZDVOc2h6UThxWUo0QVhaTzFrQ2VvZy9xMmtzWDdNQW5vQnhXc1NrekRtQzVoM3haNm5BT1ZnZzFzSWNBeGNnUmx1M0w3TnNpOEEyeWc1QkR3M243ajFMbmkrVFBGSzJkVzNqblRXRHoxNmZJWGJ6U3V2UFhjMnVVcmpjV1QxMWRmdWV3dGZuSUZjb3pReWx0bml0Y3V3TnZxSDg0WHIzN1NEdi9Gc3hmdGltVGIydWtQb2JoWWVmdTlsVjllWGY3ald5dnZYZDVXZlBzekFDMS9lWlowdkhjWmNMZlp5S3NmUHJONjhmcnl0YlBMWDN6YURwMXJaODZ0L2VybnkzLzZtS0ZmSGJ2YVBad0gvSkR6Q0o2d0orS0plbUtlUGsrL0owNitGSE1jRHg3UlhtbGdVRW9CTkhTM2J5ZlVpSXVIc1NaYjJTTkVCM3FtQVBXYmdqVnJjaHhEdWo4SkxTd2FXZnBLZThtblNxS3VaRmFadFI1UU5LbXQ5OGRKS0RDUGlwbmdjWnllV013YjJEU0RZM291cDJ0QnN1bnVyMEkvd040VXUvdzVzaThZRG9iNUlQL04zeU8xZ3FyVytlNU9qU3RtZmtLRFNoTkx4NkZvTmFmVGo1Zm4wWnFpUmVnVUZLSFkxMElyR2hsWVoybm1pMm1lTnBLeGxIazhPVFVoQTRKYnhKS1JrKzd2QnJLK2JTbTc0cDNSSDhybnNURW1tampyZk1ZMXpRWGd1bUhnZWZSckE0KzFhRTNQUUlGbDZ0b1V6dW5ydzA4dHdrMkRVR3hXMVVVcm9lSlphMEFDYmFqaVVrTFJWRVhEZ2JTcVorWUc4cUpFUHBJbXVPclkxR3huenI3bWNwbkhIRmNrSzd2VFBoZFl1bzk4NHZVMWw1WFNrTnFWSEVYUElydU1tOE5MaFR6ek0wVHpaVXV4Vkpvdks3UHN2bklHSFZTcGk3SERRNnpBY2V6ZXZXeTVqOTAxeFBiMDlEN0p0cktWMEtHS1J0QXNwTzJqNG4zY0FVS2hkNEJ0ZldxZ2RWNDBXSDFtMFFKa0NYeVRISG9HWld4TjJPZWZvMHVUMG5vRnEyS2E2TzlCMEc0dmxaSVNBQm1JSi9VK1NWcEJSZE93UWJ3V0NOc2YrNE96dEJiYjk2Tmthc3FVcWJkTmF2bUNCYXVIdXRzQmR0MWtIVUdma3VneFJvTy9yMHFmL2pnNmllaFJoZTB0OW5aMTU0bml1KzhYZi92UmpaKzhVZno0emNlS24vMitlT0h0MWRjL29BWiszZU5ha0JYeWl5elB3YzE5R1dBenVxb2JpZDBjeHcyd2FWS3VHaVNEVDdDN0R4NmM2QitKRGJDenVtWUZGakE1U2ttd2FWMlZBRThuUjZvSmxnY3FwZzVWTFN2QkVwRU5jV21BWGNncUZnN1FjL2dFcStrTGhwaDNCd1FNVVZJS1pvSU5BMk1KTmRuN09kbFVubkxtY2NlKzFVc2ZGMTg4dC9yOE96Y3VQZzk3Vmk5MFBrTnpJSHZuaCtaejdxUTlVV2lkZGx2MUhOM1h6OWEwWDZscHYrWWhQNWU1bzc2T3BCNTdaVksyVEZvNE53YVR0cENIU09QcDlOYVJ2L2J0Kyt2cXltZEZrbmViRzBpNlBCNmVSQkRub0tYMm1FdXlMVmQ5TE5QZ1FKcktwekZNS1NqU1NBQ1FSdmU0WjhNZjJFaXV5cnFxZm1vRDRPYnEyTmJpRXQ2cnBjMzhnT1RLU2tQbmhkSStBMUdhbnZsY3RDRWdvVVQ5Wll1N0MyaTZoZ2VrZndQREoyWDZFQ1VBQUE9PSIgQ29ycmVsYXRpb25CaW5kaW5nPSIiIFVybEVuY29kZT0iVHJ1ZSIgLz4NCiAgICAgICAgPEZvcm1Qb3N0UGFyYW1ldGVyIE5hbWU9Il9fVklFV1NUQVRFIiBWYWx1ZT0ie3skSElEREVOMS5fX1ZJRVdTVEFURX19IiBSZWNvcmRlZFZhbHVlPSIiIENvcnJlbGF0aW9uQmluZGluZz0iIiBVcmxFbmNvZGU9IlRydWUiIC8+DQogICAgICAgIDxGb3JtUG9zdFBhcmFtZXRlciBOYW1lPSJfX1NDUk9MTFBPU0lUSU9OWCIgVmFsdWU9Int7JEhJRERFTjEuX19TQ1JPTExQT1NJVElPTlh9fSIgUmVjb3JkZWRWYWx1ZT0iMCIgQ29ycmVsYXRpb25CaW5kaW5nPSIiIFVybEVuY29kZT0iVHJ1ZSIgLz4NCiAgICAgICAgPEZvcm1Qb3N0UGFyYW1ldGVyIE5hbWU9Il9fU0NST0xMUE9TSVRJT05ZIiBWYWx1ZT0ie3skSElEREVOMS5fX1NDUk9MTFBPU0lUSU9OWX19IiBSZWNvcmRlZFZhbHVlPSIwIiBDb3JyZWxhdGlvbkJpbmRpbmc9IiIgVXJsRW5jb2RlPSJUcnVlIiAvPg0KICAgICAgICA8Rm9ybVBvc3RQYXJhbWV0ZXIgTmFtZT0iX19WSUVXU1RBVEVFTkNSWVBURUQiIFZhbHVlPSJ7eyRISURERU4xLl9fVklFV1NUQVRFRU5DUllQVEVEfX0iIFJlY29yZGVkVmFsdWU9IiIgQ29ycmVsYXRpb25CaW5kaW5nPSIiIFVybEVuY29kZT0iVHJ1ZSIgLz4NCiAgICAgICAgPEZvcm1Qb3N0UGFyYW1ldGVyIE5hbWU9Il9fRVZFTlRWQUxJREFUSU9OIiBWYWx1ZT0ie3skSElEREVOMS5fX0VWRU5UVkFMSURBVElPTn19IiBSZWNvcmRlZFZhbHVlPSJZZnJNU3o4UjRQWW0zZ1U4MkY4N2dqVWYrOVRiTlZuQmhTbGlEaVhUNmdZaTZPWmhZK21kT1libDNhcERLV0ZRK0c2SHA2ZFpDTStRY3MrRVhFTFZFaGN0bHhOS2Y1aDRtdTVnRDBhK1pQb3R5QWJHaGZ3Tk1VSWRIRFNHMkpVMDJZUjY5SWQ4eFRwWjhtbUlUc2gzNzQycm00dk1NZEFxeXgzS1lSUDVrcWttYjluZUw3MkowR1JxUkZCZHdzMVpHQ0h1QVdMNnpMU2lTZnJDdnhhMlQ1U3BSMUIwUm5tSUxpTEVoQlMxUzcwTHVKbVRtWDlGQ2FvUXRDSzEzS0xNVEZKeW1ldGxUdmdaOTFab1o2cjQ1OUNyV0NtbUpPZHNqa1p2eGN2SjVPV295UGY0azlZMmJ5ek1MOXZkbjQ3SHkrRzZBNzVDNDY4VWJub1FLaE8wZ21UbjhPcjZodWw2Mlc0ZUM4SmRXSXo4OGVHRGhCVTdQL2tlWEtZeUZqTzFveXJBRWJ4V3Y5OHBGSlRLTHdRTmcxZVVUUEV6UjdCOCtidHRZSTFLaWVWaXhuQmdWVkRobU91V2hrUEpiNkc0MFVhMk96Vmc1c3NjUit5KzN4M012OU8xcTJVb1I0SnF0c2kvaVBjc1cwVGd6Q29McGJmUURtNCtMZHgxQ2luenlJRjJ3V254WmZnamZJVmRwdGlHWTQrWWFCbHJZT1AxWTFVa2lJS3l6WG44NDBZUlNWWEVEQ001b1E3dUJ4VzhYSkxlb2JCMmJ2cVZseHNwMkMxekdLZ3Q2Q3o3RjUzYjdtWnFoaDgwV3lWZmpKTE5kSEdVak9ZTUVjOE1PTGx3NHZhVGdpQnV4aE5qb0dNZ2VmYzRXQ3RpdVNYYlFCWFh0bEw1OUt0N1VPdXZmbTlDU3QzcWY2N1EyeFhVdUxsZzJKMmFGcDZuMis4bTRHNlZoWUlJTmY3OENOOFhkRkE4NHkzdVMzclRaRG9kbCt6d3AzNXFDaGUvQ3RqdUpIalhVNEZOV2daY2Zoa01kMnRKYXkxYVZ4ZzZIRjIxYnVUUktrcjV1WWppM0J6bmY2bStPRXNwdU5aZ0hTNHlMbFpkY29ibXBteTlRRE0vWWJxWURneVQ4YS9zNVJ1UjQ4NFUyZUxxU3ZQUGtpaFpGb0puNmtRWnQwSGVCVXRwTkxMdGhVaVZ3M0d4aG9NK0JXckl5VnpNVzNqbFd0QUdEL3N4QUdzTmZnam9JNm1Pc2drQ1dnMkdjT01EK3Q3cUxZUkhUeENINmZQc1VIaUZ5MjJkYnlWVmtDL09IVjdlMnhXL01CMWRPaHJiN0trRjJxdnNTZkNIeFVtMmNLbDFieVVtMDB6c3czQytDUms1WENERDhlRzl3MkN1cWF4N2ZlTUN1dEJPSzByTDhOM0JCSkhDNjVVcVJkWmNkZGkxK3pEMjVIWWljMmlhbWhHMHBqKzUxSk95YUp6RmMyR1EwS2p0bHdwWDB0akloYmV4ampOSmJEbjA0Wngzc2tZZ0gvbktlbnZraDZrUEZUMGdGbnp4N2g4WksxYy91NjZDb0tEak9ITEI0Rmlhak1DRmhGUnZ6ejlPSXRuMS9FU1ByY2t1UGxHRmZCZ0E5VlJRcVFEYWZ4OUxnL1B4REw1bzIrS1k5VzRnTGpTeW40OGVpMWYrZnlsSDRFeTV5L0dDKzg5UjdhSWxnN0pOWngzS0RDNHYyUyt2QWhSa05tdEkxVmRRalRKbXlMM2hQQnBuTXlOS1hROTRxSWxTK3J1VmthNDFMVExKT2Radk1jaUFZTTFXSGVPeStJMWE2RlliZHZpTzdENmV6ejVFWk9oODhydzd4VlRlbmNkMUNVVk14LzlOMnE0cDlSQTY5cytKWFFNNmpzZVJ0NERwV1ZWNXd2a3JVSjZoQUtsZEhxa0t2VElVT2VVWktvdHU0R3ZUek5oSWU1ejkwL1B3WVhtTXRiWlorVjZsMmdyS2UwUUt2VUFFUG0zVlpZeDZVNWdCOU5uakZNZUVsTFQ2OXZ3bmI1UDJ3YUYyb1NCRGxJRXBYdkhpRUxGNllBR2Iwc3l6OWpWWno0dkxNVGRHaXgzbDAzbFp6Wkxub2txMkFuN1ZkeTBnYWEyUm1FazFqS0RnSCtsenRSa1lHNjdXb3ZnSlUvNDNqN3hQK05RTXg3ZjBqMDBrVmJ3cXYrR1hGU1ErUS95RStjY1paMFArN0MwZEJCMmhxK0NncEkxUHRzMHlabWFoRVVZNnNqUUdBcXBQOUl4dTZKNk9MNUx5R084TklrSFNCOE9VenNqeUxVK0g0Q2ZxNWQ1aXI3UmQzL3dBV3NnWU9FRFJiRlFlcjJsVlFVVkp2TmVtM0ozM2FwUE51N2dTS2FUdktSVFBIVm5kaUJnNU9LRHVCZElZaUJSQW10OS9YSUdLV1R1YzJnVGpUam9jR0xLWTd3NFpDNlg4NHRrQkwvVTRDbkpxckxpVXBzdmF6bVlaNWFNWm01bjJEK0c0NmZ6SHhnckg1K2pRWWZLbk4rZ3ZMbWRpMkNncFRCM1gwU1VQNzVKcmZ4MzF3UDJ2WDdaZTU5UHlLelROdm8ycFV1SkhjUExCaTdoZ1UreTlnY0dnemloam9jVnlEaStBRVJJVktXdnN1dDVxS1ZrcDltQThyU0FSbnk0bXhmYklHRitVcGwyUHJSZlp6TjhPYW9Ycnh0NUNqNHlaUVhjaEpwN2lRUXBOaFU5aUlEd3kwc0lqV0xyNS9IQjl5MXlEVUVzZE9ueHREV296UXlXZlZWcy9QYXFaMXMyaEhKMXdMRXBMSUEzVWU3ZHVLam5jQzlSY2U4UlJiUEpTTjF3eDIxYlhSVFJFcHVSMmZQNlY0VVZJU2w0TXhiKzVxcmcrbFFCbW1HOEh0Y1pHMmU3YWZCVDFCd1RJWkJ6ZFlDeWxNNmZGZ21lNTF6ZW1sdmVHQ2pFdDkxVjlRdVpmMUZDR2pKcWcwWDkyMDkxLzhOMVh6SUVXZFRqUlYvZFpVNStFd0N1NG5IemFNdEJ4R3F5cHlvWDdxS3VnWnQ0cDZSYjZXc1cxNnZ6RldUemtDS3o3UmlMdi9KWmVWQ1hJTDRLQUFuWVBMUzMxNnduVmhrVDFVcW5OSmpjN2piT0lZSDJkcjNBOXdaeWpxaWw2aXR0RHM4YllIYmo4OGh5Unk3ekEvZ1BhSGt4Q1ZIK3JFSTl2a215ME1zcUswcXRJYllLODd5b2tYSG5INWFLcHN0ZFhYRG9LY0gzYk0vWGZkVUhTTjdNa00xa3dab0VYQUN2WWhEOTByZkhNcDdmMmxqbTdoY0RacnhRMlFGTzVOUU91dUpFYkFINlU2SXloMVA3TUZ0RnN3TjFEYmdCa3Vpc3IvRURxbmFCNzlvejZoM3hwNkpBQ0dKdlc4ZGczRzNROHBXS1ltZ3dlMFNOMFVGSkNqd0VIMG4zK3I1WEJXSVh0OHpuOVVwejRka2krYUc2ZEw3YnZ0eFhFTlJydE5pWkU1K0k2bHhoaTA5dSs5YUpTcGp0RXBpVzJOck82a29hcFRub254WXJPdkI3YTlTYnQ2eTU1RWdFc3I4ZjUyZCs2NWx3ZmN6a3lKWUNLVFBNdjN0ekp5Mk0rRzgxMDVFaGRzd2RZK0tNeDlFQ2c5Z3lkTFJyMnB2eEN0a1oxclBVZVNwWFhXemYwUllMZnJKcys3TkZQMHNGWFZieTZDK2w0TVZCSHQ4a0xZdUtuZGdqNmlhTDY3ZGZVSXljeWNRd3RzOEdnZXZoVmZFOFJOU2VuakVZcWM1NnRTd3prcndvZmxyMDdqckE3RzVBM0F0czhaLzB2NzdLZm5vQlpoRTlJZzVKbmdIdU1DbFZvbWNyQklWN0JUS3N4OWlEVWl0NHZPeENQMG83M2oxSDBZb2RzSUJOWTY1WDhEaHJPN0tGcXp0TFRvUGF6NlE1K1lYd25zOEhBd0NpeFE3UE42dXc2eDl6R0hTN1h4dml0ZURRbjlleUxqZmlaMG5tY3FEd1lTeTc3ZUdIekNScVFpeDhQc0ZsUld1eXQzK1A5MnYrMnluNUlKOUJGN1Bmc1pUdWVGdmZheXdjN01zNWpnWW5vUlZpZ0hGUWdSNE1zOS8xR2hjZ2VIRUQ0aDBuamZoZ1Yzc0xGU1RXYThtYVFIbEFhOHlCRCtSMko1VTdrWDNaM3F3eFpPT1g5ekNyZ0Z1ZmNlM1FWM0RvZE1NV3RqTGpsemIwak5iaFQvY1RSMjYzVDljQUFHbUdpdE5CYlREQUcvcEJSWG5uRmFsWmVTTms0NXZRUzc3QUR1TzFJYVVkRDI3ZVA5MnBYTjJJVGJNY0tPTU95TE1VSm0vbTVRdThqaExZVWhwU1pyam5uQ2puVTZHdmNRRTBudzZOMVJENlZsZWVYTGR6eVlhWUJtRmlJbE85Rjh0WVlLeExEYjFEUUhTMkI5em9GZkxWOTNENmNmbU16NDNTZTdDNHc1NFZTQkYwMlJEbGRvTlphdXpmZG9WcWNVL3JGWXdjZVdIbHdQRERXQ3lZd0VlRStOUXVSamtTRWlabFdLamtteEluenVodW4xblpnNHNBb1A2OUV4ZEJXRXBQTjJ5Vko4dVdINndCNkVnTzNieWtpMlkyS2lDbGxKTExxRjJxTkVaLy83Q01WV1pnbnlidnFVQUJ6SjIrbjJEOWZnTFF4MDB6alVxeVpzZEpvczd4dFNGZlpobGJJMDRwbVRyMi9QRGN4UU4vOGRLclRlQmdIM3MrMzN0Nzh6SlhvS3pzSms3d2VkZU9PU1h5aDdjL1VtU0E2c1pOOVNvQlJNWEl6bXFUdU0vVlZlMG5hT3ptYnFrcjE3RStOWU9FRGxpSjZVWFJ2ZzFTazVnK1FnWm9hRzJMdWwyRktITFl5cFBveUI2VGc3dkl1ZlRmbjJlNlhjbXRWQ09QZ0xwK283NWJDL3pqOW1oOHJnUXYvQ1R4UHMzS09oVU10akQ0clZyWjNmaklHK2t4VHd2Ykt0K282bTNvejB0SndVTmEySW9aMlU0VTJiNjIxb1lJank4N09LVVJlZFk1R0J6dUR0OEtqZ2xzclJLb0xoY0NqSTYzd0hxOHdQdDBRUFVVbHJpYlBwNXhENy9UTjAxNGxlZmtYQUI3VFJldFA3YXFrTlRlUW1NTHQ3ZXJ0ZmpzNk4zd0ZwMU9jaGNNVk5HVlZMaTM2QUNkcVFxb3B3UWdBbTVGUndzR1VpSi9Ld3BXR3JKQklxcnI1R3VleWxnZVlnaXZPVDNuVnAyVkJWbHUxWmdCZ0U4UzlwUks5aUtBZzh6L3h3ZU0xM1pqeEdCYlFpbVBUVm5TT2Z5Qi9GQkpEVjRqZW9sL1F0alliZEw3SmR1bDN6aWZkbDZ1SXVsQlhEZzBFUEl2YVpTMVd6LzZjQ1VPTExiSFJsb3lYK0g2eWFNd0JNeFQ4S1NOb1hKWWJjQm5GcTNyOTNsclhaWnJudWxvZnNvb0QrNmV1WExJWURNSEh3Q2VUMVl4RWxROS9EVDE2MVBZZTNwMEhNVjRLQjdvNEc5RFJBSjhXeFZ5cExEVG9sc3FML0tuMC9tc29IdE94RFprcVdMNkJyZXJ1bTBlYmwyR3ZrSllWeVNoOFRMcTFoSXJiakNCaytQY1ArQU9wa2JMajk1eGh2RHVpRndXU0xTSnJNMU9KVWYvcitzT2RtUU5PSkJLTUV3dmxvRnA0YWNEZ1BhTDk5Zk9vdGEyVlB3d2loTjVDZnU4R2dlakt4YTBjQVI5NC9xTkw4SzJYSFAyeEc0NDNYeGFjR2xLbmhKL1VqcVBNN1dpZWVIcGdLSVlGTFVIZlBaOUdLR25BU1d1cDlIeXUrTHlITm1rZXhxbXBxTHc0cXA2Z3BNaVFOelBkYU5TaDVlYjFyTEV5YkFRMTJOUkNLM2ZBdGdBelNhcnErOU9CWHBXRXU5ditCK1VmUGJkSTc3amdFNkxKVWtQZ2x2c1dVNWo4aHdxZmU2elI5T2RLWHQwYm9yWFVVN1UzWGRmM05TT3FpdmlmNjFveXlLWlcxT0hPSVgxaUlSTlhEcFNXRytPTzBYSlYwem5ONG1ZZnNPVmhvdUFyYjhtMmdIYjBkS29DNTRxL0cwSHhodjNrNWhldlY3ZFprZ0dXU3JrSEp6VFV1VVRhelNiWnJ3TElkWGRoUUJLT1hiMWRiL245WHlPRTFYUlg3MDlkRk1oNzAzUFg1Y2YwQ20vTWUvZWxFN2pGWDI1MkZFeC8wcG8zdTJxMFB5VUJ6Y0dPWVVFN3I0YTQxRmNGWXl5dkZKKzkvQXZSdmNGbFlLS1diM3JVb2F1OW9DU25hdEVPSXF6OTNOL1U4cTd4NUVUNGFWbkQzZTdoNXVMcUh0R0xDcE5RUWtCTlBkMDF0NzRqbTZFT0grUkRoUSsveHErYzBRemlQa3RRS3dsSXhybWZjRDEzVnEzTHZ0NSsvMFIvL1FiVTg2RnpSZW5pQWhRYWNROC9SQ2lCZzlNbGo0R1MzTTRDM0xpcno5N2dWOEJ5QU1jWkgwZ1FUcmRyeWxJLzVxbi9MNVljNGZmS0JGaHZxQjZ0b1cvSm1jSnFOL25sV3JobjVDY0Y0bjVabm9wZlUyUW52T2pKRkdua3NhVFIzVTBkc1dYQlRjbktpTWhWSGYxajJuQkpSc3pabVIwMitQUzVqeXNqSGd2MTZ1SzVYZk84dmkxQTlXY3daTmE0aFBJSXZXQ1ZHVWpoRHBGRGRFNEkwZkxnSlAxS0JMQXFuSlkxazU3TWVJUGRYSUVuS2tNSFVQYVdCd0FtUkRicWNSQ2czbUhLUTdyVWFuMjNqeWw1M2dQWS9KZ2dhOTJzUnlpOXliZ044R3poTTNvMXBtanM0dXlhc2UvNW9zR2FQcEVuZUJxaWNIMmR4RG1PTHY2UHFyQkljdUphc0hacFV1RFlDeGE3S0EyTGVuTmhnRVdZSVNFRmtoM3dUYXArbnNERkVUMWtRZGJjQmZFc0hYd3ZjYlhnV0tmWGRCTStuazB0a0ZSU20yandrRnBGTkFmT2pYbSs5UkpGcFp0UFl4SklLbTJhYkpmNXhOYmpYTlEzNVhWUmcrb0tmSHZqWUU2b3F3MTdPalQzd3JNQmx4TUVjVU9jKzZTTWl0V2s5WWlNRmFHdExDa2xZNTJ2ZU8vSS9ETzA3ZUk9IiBDb3JyZWxhdGlvbkJpbmRpbmc9IiIgVXJsRW5jb2RlPSJUcnVlIiAvPg0KICAgICAgICA8Rm9ybVBvc3RQYXJhbWV0ZXIgTmFtZT0iYnRuRXhpdCIgVmFsdWU9Iui/lOWbniIgUmVjb3JkZWRWYWx1ZT0i6L+U5ZueIiBDb3JyZWxhdGlvbkJpbmRpbmc9Int7Rm9ybVBvc3RQYXJhbTE3LmJ0bkV4aXR9fSIgVXJsRW5jb2RlPSJUcnVlIiAvPg0KICAgICAgICA8Rm9ybVBvc3RQYXJhbWV0ZXIgTmFtZT0iT1RFbXBJRCIgVmFsdWU9InJidFNpbmdsZUVtcElEIiBSZWNvcmRlZFZhbHVlPSJyYnRTaW5nbGVFbXBJRCIgQ29ycmVsYXRpb25CaW5kaW5nPSJ7e0Zvcm1Qb3N0UGFyYW0xOC5PVEVtcElEfX0iIFVybEVuY29kZT0iVHJ1ZSIgLz4NCiAgICAgICAgPEZvcm1Qb3N0UGFyYW1ldGVyIE5hbWU9InR4dE9URW1wSUQiIFZhbHVlPSIxMDIxMTkiIFJlY29yZGVkVmFsdWU9IjEwMjExOSIgQ29ycmVsYXRpb25CaW5kaW5nPSJ7e0Zvcm1Qb3N0UGFyYW0xOS50eHRPVEVtcElEfX0iIFVybEVuY29kZT0iVHJ1ZSIgLz4NCiAgICAgICAgPEZvcm1Qb3N0UGFyYW1ldGVyIE5hbWU9InR4dE9URW1wTmFtZSIgVmFsdWU9IuW7lk/nvqkiIFJlY29yZGVkVmFsdWU9IuW7lk/nvqkiIENvcnJlbGF0aW9uQmluZGluZz0ie3tGb3JtUG9zdFBhcmFtMjAudHh0T1RFbXBOYW1lfX0iIFVybEVuY29kZT0iVHJ1ZSIgLz4NCiAgICAgICAgPEZvcm1Qb3N0UGFyYW1ldGVyIE5hbWU9InVjRGF0ZVN0YXJ0JHR4dERhdGUiIFZhbHVlPSIyMDE3LzA1LzE2IiBSZWNvcmRlZFZhbHVlPSIyMDE3LzA1LzE2IiBDb3JyZWxhdGlvbkJpbmRpbmc9Int7Rm9ybVBvc3RQYXJhbTIxLnVjRGF0ZVN0YXJ0JHR4dERhdGV9fSIgVXJsRW5jb2RlPSJUcnVlIiAvPg0KICAgICAgICA8Rm9ybVBvc3RQYXJhbWV0ZXIgTmFtZT0idWNEYXRlRW5kJHR4dERhdGUiIFZhbHVlPSIyMDE3LzA1LzE2IiBSZWNvcmRlZFZhbHVlPSIyMDE3LzA1LzE2IiBDb3JyZWxhdGlvbkJpbmRpbmc9Int7Rm9ybVBvc3RQYXJhbTIyLnVjRGF0ZUVuZCR0eHREYXRlfX0iIFVybEVuY29kZT0iVHJ1ZSIgLz4NCiAgICAgICAgPEZvcm1Qb3N0UGFyYW1ldGVyIE5hbWU9Ik9UVGltZVN0YXJ0JGRkbEhIIiBWYWx1ZT0i6KuL6YG45pOHIiBSZWNvcmRlZFZhbHVlPSLoq4vpgbjmk4ciIENvcnJlbGF0aW9uQmluZGluZz0ie3tGb3JtUG9zdFBhcmFtMjQuT1RUaW1lU3RhcnQkZGRsSEh9fSIgVXJsRW5jb2RlPSJUcnVlIiAvPg0KICAgICAgICA8Rm9ybVBvc3RQYXJhbWV0ZXIgTmFtZT0iT1RUaW1lU3RhcnQkZGRsTU0iIFZhbHVlPSLoq4vpgbjmk4ciIFJlY29yZGVkVmFsdWU9Iuiri+mBuOaThyIgQ29ycmVsYXRpb25CaW5kaW5nPSJ7e0Zvcm1Qb3N0UGFyYW0yNS5PVFRpbWVTdGFydCRkZGxNTX19IiBVcmxFbmNvZGU9IlRydWUiIC8+DQogICAgICAgIDxGb3JtUG9zdFBhcmFtZXRlciBOYW1lPSJPVFRpbWVFbmQkZGRsSEgiIFZhbHVlPSLoq4vpgbjmk4ciIFJlY29yZGVkVmFsdWU9Iuiri+mBuOaThyIgQ29ycmVsYXRpb25CaW5kaW5nPSJ7e0Zvcm1Qb3N0UGFyYW0yNi5PVFRpbWVFbmQkZGRsSEh9fSIgVXJsRW5jb2RlPSJUcnVlIiAvPg0KICAgICAgICA8Rm9ybVBvc3RQYXJhbWV0ZXIgTmFtZT0iT1RUaW1lRW5kJGRkbE1NIiBWYWx1ZT0i6KuL6YG45pOHIiBSZWNvcmRlZFZhbHVlPSLoq4vpgbjmk4ciIENvcnJlbGF0aW9uQmluZGluZz0ie3tGb3JtUG9zdFBhcmFtMjcuT1RUaW1lRW5kJGRkbE1NfX0iIFVybEVuY29kZT0iVHJ1ZSIgLz4NCiAgICAgICAgPEZvcm1Qb3N0UGFyYW1ldGVyIE5hbWU9ImNoa01lYWxGbGFnIiBWYWx1ZT0ib24iIFJlY29yZGVkVmFsdWU9Im9uIiBDb3JyZWxhdGlvbkJpbmRpbmc9IiIgVXJsRW5jb2RlPSJUcnVlIiAvPg0KICAgICAgICA8Rm9ybVBvc3RQYXJhbWV0ZXIgTmFtZT0idHh0TWVhbFRpbWUiIFZhbHVlPSIwIiBSZWNvcmRlZFZhbHVlPSIwIiBDb3JyZWxhdGlvbkJpbmRpbmc9Int7Rm9ybVBvc3RQYXJhbTIzLnR4dE1lYWxUaW1lfX0iIFVybEVuY29kZT0iVHJ1ZSIgLz4NCiAgICAgICAgPEZvcm1Qb3N0UGFyYW1ldGVyIE5hbWU9ImRkbE9UVHlwZUlEIiBWYWx1ZT0iMCIgUmVjb3JkZWRWYWx1ZT0iMCIgQ29ycmVsYXRpb25CaW5kaW5nPSJ7e0Zvcm1Qb3N0UGFyYW0yOC5kZGxPVFR5cGVJRH19IiBVcmxFbmNvZGU9IlRydWUiIC8+DQogICAgICAgIDxGb3JtUG9zdFBhcmFtZXRlciBOYW1lPSJ0eHRPVFJlYXNvbk1lbW8kdHh0RGF0YSIgVmFsdWU9IiIgUmVjb3JkZWRWYWx1ZT0iIiBDb3JyZWxhdGlvbkJpbmRpbmc9IiIgVXJsRW5jb2RlPSJUcnVlIiAvPg0KICAgICAgICA8Rm9ybVBvc3RQYXJhbWV0ZXIgTmFtZT0iZGRsT3JnIiBWYWx1ZT0iMSIgUmVjb3JkZWRWYWx1ZT0iMSIgQ29ycmVsYXRpb25CaW5kaW5nPSJ7e0Zvcm1Qb3N0UGFyYW0yOS5kZGxPcmd9fSIgVXJsRW5jb2RlPSJUcnVlIiAvPg0KICAgICAgICA8Rm9ybVBvc3RQYXJhbWV0ZXIgTmFtZT0idWNDYXNjYWRpbmdEcm9wRG93bjEkZGRsMDIiIFZhbHVlPSIwMDBHMDAiIFJlY29yZGVkVmFsdWU9IjAwMEcwMCIgQ29ycmVsYXRpb25CaW5kaW5nPSJ7e0Zvcm1Qb3N0UGFyYW0zMC51Y0Nhc2NhZGluZ0Ryb3BEb3duMSRkZGwwMn19IiBVcmxFbmNvZGU9IlRydWUiIC8+DQogICAgICAgIDxGb3JtUG9zdFBhcmFtZXRlciBOYW1lPSJ1Y0Nhc2NhZGluZ0Ryb3BEb3duMSRkZGwwMyIgVmFsdWU9IjAwMEc5MCIgUmVjb3JkZWRWYWx1ZT0iMDAwRzkwIiBDb3JyZWxhdGlvbkJpbmRpbmc9Int7Rm9ybVBvc3RQYXJhbTMxLnVjQ2FzY2FkaW5nRHJvcERvd24xJGRkbDAzfX0iIFVybEVuY29kZT0iVHJ1ZSIgLz4NCiAgICAgICAgPEZvcm1Qb3N0UGFyYW1ldGVyIE5hbWU9InVjQ2FzY2FkaW5nRHJvcERvd24xJGRkbDA0IiBWYWx1ZT0iIiBSZWNvcmRlZFZhbHVlPSIiIENvcnJlbGF0aW9uQmluZGluZz0iIiBVcmxFbmNvZGU9IlRydWUiIC8+DQogICAgICAgIDxGb3JtUG9zdFBhcmFtZXRlciBOYW1lPSJ1Y0Nhc2NhZGluZ0Ryb3BEb3duMSRDYXNjYWRpbmdEcm9wRG93bjFfQ2xpZW50U3RhdGUiIFZhbHVlPSJTUEhCSzE6OjrmsLjosZDpioDooYw6OjoiIFJlY29yZGVkVmFsdWU9IlNQSEJLMTo6OuawuOixkOmKgOihjDo6OiIgQ29ycmVsYXRpb25CaW5kaW5nPSIiIFVybEVuY29kZT0iVHJ1ZSIgLz4NCiAgICAgICAgPEZvcm1Qb3N0UGFyYW1ldGVyIE5hbWU9InVjQ2FzY2FkaW5nRHJvcERvd24xJENhc2NhZGluZ0Ryb3BEb3duMl9DbGllbnRTdGF0ZSIgVmFsdWU9IjAwMEcwMDo6OuS6uuWKm+izh+a6kOiZlTo6OiIgUmVjb3JkZWRWYWx1ZT0iMDAwRzAwOjo65Lq65Yqb6LOH5rqQ6JmVOjo6IiBDb3JyZWxhdGlvbkJpbmRpbmc9IiIgVXJsRW5jb2RlPSJUcnVlIiAvPg0KICAgICAgICA8Rm9ybVBvc3RQYXJhbWV0ZXIgTmFtZT0idWNDYXNjYWRpbmdEcm9wRG93bjEkQ2FzY2FkaW5nRHJvcERvd24zX0NsaWVudFN0YXRlIiBWYWx1ZT0iMDAwRzkwOjo65Lq66LOH5pW45pOa5oeJ55So56eROjo6IiBSZWNvcmRlZFZhbHVlPSIwMDBHOTA6Ojrkurros4fmlbjmk5rmh4nnlKjnp5E6OjoiIENvcnJlbGF0aW9uQmluZGluZz0iIiBVcmxFbmNvZGU9IlRydWUiIC8+DQogICAgICAgIDxGb3JtUG9zdFBhcmFtZXRlciBOYW1lPSJ1Y0Nhc2NhZGluZ0Ryb3BEb3duMSRDYXNjYWRpbmdEcm9wRG93bjRfQ2xpZW50U3RhdGUiIFZhbHVlPSJ7eyRISURERU4xLnVjQ2FzY2FkaW5nRHJvcERvd24xJENhc2NhZGluZ0Ryb3BEb3duNF9DbGllbnRTdGF0ZX19IiBSZWNvcmRlZFZhbHVlPSI6Ojo6OjoiIENvcnJlbGF0aW9uQmluZGluZz0iIiBVcmxFbmNvZGU9IlRydWUiIC8+DQogICAgICAgIDxGb3JtUG9zdFBhcmFtZXRlciBOYW1lPSJ1Y0Nhc2NhZGluZ0Ryb3BEb3duMSRDYXNjYWRpbmdEcm9wRG93bjVfQ2xpZW50U3RhdGUiIFZhbHVlPSJ7eyRISURERU4xLnVjQ2FzY2FkaW5nRHJvcERvd24xJENhc2NhZGluZ0Ryb3BEb3duNV9DbGllbnRTdGF0ZX19IiBSZWNvcmRlZFZhbHVlPSIiIENvcnJlbGF0aW9uQmluZGluZz0iIiBVcmxFbmNvZGU9IlRydWUiIC8+DQogICAgICAgIDxGb3JtUG9zdFBhcmFtZXRlciBOYW1lPSJ1Y0Nhc2NhZGluZ0Ryb3BEb3duMiRDYXNjYWRpbmdEcm9wRG93bjFfQ2xpZW50U3RhdGUiIFZhbHVlPSJ7eyRISURERU4xLnVjQ2FzY2FkaW5nRHJvcERvd24yJENhc2NhZGluZ0Ryb3BEb3duMV9DbGllbnRTdGF0ZX19IiBSZWNvcmRlZFZhbHVlPSI6Ojo6OjoiIENvcnJlbGF0aW9uQmluZGluZz0iIiBVcmxFbmNvZGU9IlRydWUiIC8+DQogICAgICAgIDxGb3JtUG9zdFBhcmFtZXRlciBOYW1lPSJ1Y0Nhc2NhZGluZ0Ryb3BEb3duMiRDYXNjYWRpbmdEcm9wRG93bjJfQ2xpZW50U3RhdGUiIFZhbHVlPSJ7eyRISURERU4xLnVjQ2FzY2FkaW5nRHJvcERvd24yJENhc2NhZGluZ0Ryb3BEb3duMl9DbGllbnRTdGF0ZX19IiBSZWNvcmRlZFZhbHVlPSI6Ojo6OjoiIENvcnJlbGF0aW9uQmluZGluZz0iIiBVcmxFbmNvZGU9IlRydWUiIC8+DQogICAgICAgIDxGb3JtUG9zdFBhcmFtZXRlciBOYW1lPSJ1Y0Nhc2NhZGluZ0Ryb3BEb3duMiRDYXNjYWRpbmdEcm9wRG93bjNfQ2xpZW50U3RhdGUiIFZhbHVlPSJ7eyRISURERU4xLnVjQ2FzY2FkaW5nRHJvcERvd24yJENhc2NhZGluZ0Ryb3BEb3duM19DbGllbnRTdGF0ZX19IiBSZWNvcmRlZFZhbHVlPSI6Ojo6OjoiIENvcnJlbGF0aW9uQmluZGluZz0iIiBVcmxFbmNvZGU9IlRydWUiIC8+DQogICAgICAgIDxGb3JtUG9zdFBhcmFtZXRlciBOYW1lPSJ1Y0Nhc2NhZGluZ0Ryb3BEb3duMiRDYXNjYWRpbmdEcm9wRG93bjRfQ2xpZW50U3RhdGUiIFZhbHVlPSJ7eyRISURERU4xLnVjQ2FzY2FkaW5nRHJvcERvd24yJENhc2NhZGluZ0Ryb3BEb3duNF9DbGllbnRTdGF0ZX19IiBSZWNvcmRlZFZhbHVlPSIiIENvcnJlbGF0aW9uQmluZGluZz0iIiBVcmxFbmNvZGU9IlRydWUiIC8+DQogICAgICAgIDxGb3JtUG9zdFBhcmFtZXRlciBOYW1lPSJ1Y0Nhc2NhZGluZ0Ryb3BEb3duMiRDYXNjYWRpbmdEcm9wRG93bjVfQ2xpZW50U3RhdGUiIFZhbHVlPSJ7eyRISURERU4xLnVjQ2FzY2FkaW5nRHJvcERvd24yJENhc2NhZGluZ0Ryb3BEb3duNV9DbGllbnRTdGF0ZX19IiBSZWNvcmRlZFZhbHVlPSIiIENvcnJlbGF0aW9uQmluZGluZz0iIiBVcmxFbmNvZGU9IlRydWUiIC8+DQogICAgICAgIDxGb3JtUG9zdFBhcmFtZXRlciBOYW1lPSJmcmFtZUF0dGFjaCIgVmFsdWU9Ii9VdGlsL0F0dGFjaEFkbWluLmFzcHg/QXR0YWNoREI9QWF0dGVuZGFudERCX0lUUkQmYW1wO0F0dGFjaElEPXRlc3QxMDIxMTlkNzkyZGRjOC0xZjBjLTRiZTYtYmEwNi0xYmQ1MjgwY2IyOWEmYW1wO0F0dGFjaEZpbGVNYXhRdHk9MSZhbXA7QXR0YWNoRmlsZU1heEtCPTMwNzImYW1wO0F0dGFjaEZpbGVUb3RLQj0zMDcyJmFtcDtBdHRhY2hGaWxlRXh0TGlzdD0iIFJlY29yZGVkVmFsdWU9Ii9VdGlsL0F0dGFjaEFkbWluLmFzcHg/QXR0YWNoREI9QWF0dGVuZGFudERCX0lUUkQmYW1wO0F0dGFjaElEPXRlc3QxMDIxMTlkNzkyZGRjOC0xZjBjLTRiZTYtYmEwNi0xYmQ1MjgwY2IyOWEmYW1wO0F0dGFjaEZpbGVNYXhRdHk9MSZhbXA7QXR0YWNoRmlsZU1heEtCPTMwNzImYW1wO0F0dGFjaEZpbGVUb3RLQj0zMDcyJmFtcDtBdHRhY2hGaWxlRXh0TGlzdD0iIENvcnJlbGF0aW9uQmluZGluZz0iIiBVcmxFbmNvZGU9IlRydWUiIC8+DQogICAgICAgIDxGb3JtUG9zdFBhcmFtZXRlciBOYW1lPSJ1Y01vZGFsUG9wdXAxJENsaWVudFdpZHRoIiBWYWx1ZT0ie3skSElEREVOMS51Y01vZGFsUG9wdXAxJENsaWVudFdpZHRofX0iIFJlY29yZGVkVmFsdWU9IjAiIENvcnJlbGF0aW9uQmluZGluZz0iIiBVcmxFbmNvZGU9IlRydWUiIC8+DQogICAgICAgIDxGb3JtUG9zdFBhcmFtZXRlciBOYW1lPSJ1Y01vZGFsUG9wdXAxJENsaWVudEhlaWdodCIgVmFsdWU9Int7JEhJRERFTjEudWNNb2RhbFBvcHVwMSRDbGllbnRIZWlnaHR9fSIgUmVjb3JkZWRWYWx1ZT0iMCIgQ29ycmVsYXRpb25CaW5kaW5nPSIiIFVybEVuY29kZT0iVHJ1ZSIgLz4NCiAgICAgICAgPEZvcm1Qb3N0UGFyYW1ldGVyIE5hbWU9ImhpZGRlbklucHV0VG9VcGRhdGVBVEJ1ZmZlcl9Db21tb25Ub29sa2l0U2NyaXB0cyIgVmFsdWU9IjAiIFJlY29yZGVkVmFsdWU9IjAiIENvcnJlbGF0aW9uQmluZGluZz0ie3tGb3JtUG9zdFBhcmFtMzIuaGlkZGVuSW5wdXRUb1VwZGF0ZUFUQnVmZmVyX0NvbW1vblRvb2xraXRTY3JpcHRzfX0iIFVybEVuY29kZT0iVHJ1ZSIgLz4NCiAgICAgIDwvRm9ybVBvc3RIdHRwQm9keT4NCiAgICA8L1JlcXVlc3Q+DQogICAgPFJlcXVlc3QgTWV0aG9kPSJQT1NUIiBHdWlkPSI0NGY4ZmRmNC1iYzk0LTQyYTItODhjOC00YWNiZGNmZGViZDAiIFZlcnNpb249IjEuMSIgVXJsPSJodHRwOi8vMTAuMTEuMzYuMTE0OjgwMDcvT3ZlclRpbWUvT3ZlcnRpbWVQcmVPcmRlci5hc3B4IiBUaGlua1RpbWU9IjM1IiBUaW1lb3V0PSIzMDAiIFBhcnNlRGVwZW5kZW50UmVxdWVzdHM9IlRydWUiIEZvbGxvd1JlZGlyZWN0cz0iVHJ1ZSIgUmVjb3JkUmVzdWx0PSJUcnVlIiBDYWNoZT0iRmFsc2UiIFJlc3BvbnNlVGltZUdvYWw9IjAiIEVuY29kaW5nPSJ1dGYtOCIgRXhwZWN0ZWRIdHRwU3RhdHVzQ29kZT0iMCIgRXhwZWN0ZWRSZXNwb25zZVVybD0iIiBSZXBvcnRpbmdOYW1lPSIiIElnbm9yZUh0dHBTdGF0dXNDb2RlPSJGYWxzZSI+DQogICAgICA8RXh0cmFjdGlvblJ1bGVzPg0KICAgICAgICA8RXh0cmFjdGlvblJ1bGUgQ2xhc3NuYW1lPSJNaWNyb3NvZnQuVmlzdWFsU3R1ZGlvLlRlc3RUb29scy5XZWJUZXN0aW5nLlJ1bGVzLkV4dHJhY3RIaWRkZW5GaWVsZHMsIE1pY3Jvc29mdC5WaXN1YWxTdHVkaW8uUXVhbGl0eVRvb2xzLldlYlRlc3RGcmFtZXdvcmssIFZlcnNpb249MTAuMC4wLjAsIEN1bHR1cmU9bmV1dHJhbCwgUHVibGljS2V5VG9rZW49YjAzZjVmN2YxMWQ1MGEzYSIgVmFyaWFibGVOYW1lPSIxIiBEaXNwbGF5TmFtZT0i5pO35Y+W6Zqx6JeP5qyE5L2NIiBEZXNjcmlwdGlvbj0i5pO35Y+W5Zue5oeJ5Lit55qE5omA5pyJ6Zqx6JeP5qyE5L2N77yM5Lim5bCH5a6D5YCR5pS+5Zyo5ris6Kmm5YWn5a655Lit44CCIj4NCiAgICAgICAgICA8UnVsZVBhcmFtZXRlcnM+DQogICAgICAgICAgICA8UnVsZVBhcmFtZXRlciBOYW1lPSJSZXF1aXJlZCIgVmFsdWU9IlRydWUiIC8+DQogICAgICAgICAgICA8UnVsZVBhcmFtZXRlciBOYW1lPSJIdG1sRGVjb2RlIiBWYWx1ZT0iVHJ1ZSIgLz4NCiAgICAgICAgICA8L1J1bGVQYXJhbWV0ZXJzPg0KICAgICAgICA8L0V4dHJhY3Rpb25SdWxlPg0KICAgICAgPC9FeHRyYWN0aW9uUnVsZXM+DQogICAgICA8Q29ycmVsYXRpb25FeHRyYWN0aW9uUnVsZXM+DQogICAgICAgIDxFeHRyYWN0aW9uUnVsZSBDbGFzc25hbWU9Ik1pY3Jvc29mdC5WaXN1YWxTdHVkaW8uVGVzdFRvb2xzLldlYlRlc3RpbmcuUnVsZXMuRXh0cmFjdEZvcm1GaWVsZCwgTWljcm9zb2Z0LlZpc3VhbFN0dWRpby5RdWFsaXR5VG9vbHMuV2ViVGVzdEZyYW1ld29yaywgVmVyc2lvbj0xMC4wLjAuMCwgQ3VsdHVyZT1uZXV0cmFsLCBQdWJsaWNLZXlUb2tlbj1iMDNmNWY3ZjExZDUwYTNhIiBWYXJpYWJsZU5hbWU9IkZvcm1Qb3N0UGFyYW05LmJ0bkRlbGV0ZSIgRGlzcGxheU5hbWU9IiIgRGVzY3JpcHRpb249IiI+DQogICAgICAgICAgPFJ1bGVQYXJhbWV0ZXJzPg0KICAgICAgICAgICAgPFJ1bGVQYXJhbWV0ZXIgTmFtZT0iTmFtZSIgVmFsdWU9ImJ0bkRlbGV0ZSIgLz4NCiAgICAgICAgICAgIDxSdWxlUGFyYW1ldGVyIE5hbWU9Ikh0bWxEZWNvZGUiIFZhbHVlPSJUcnVlIiAvPg0KICAgICAgICAgICAgPFJ1bGVQYXJhbWV0ZXIgTmFtZT0iUmVxdWlyZWQiIFZhbHVlPSJGYWxzZSIgLz4NCiAgICAgICAgICAgIDxSdWxlUGFyYW1ldGVyIE5hbWU9IkluZGV4IiBWYWx1ZT0iMCIgLz4NCiAgICAgICAgICA8L1J1bGVQYXJhbWV0ZXJzPg0KICAgICAgICA8L0V4dHJhY3Rpb25SdWxlPg0KICAgICAgICA8RXh0cmFjdGlvblJ1bGUgQ2xhc3NuYW1lPSJNaWNyb3NvZnQuVmlzdWFsU3R1ZGlvLlRlc3RUb29scy5XZWJUZXN0aW5nLlJ1bGVzLkV4dHJhY3RGb3JtRmllbGQsIE1pY3Jvc29mdC5WaXN1YWxTdHVkaW8uUXVhbGl0eVRvb2xzLldlYlRlc3RGcmFtZXdvcmssIFZlcnNpb249MTAuMC4wLjAsIEN1bHR1cmU9bmV1dHJhbCwgUHVibGljS2V5VG9rZW49YjAzZjVmN2YxMWQ1MGEzYSIgVmFyaWFibGVOYW1lPSJGb3JtUG9zdFBhcmFtMTAudHh0T1RFbXBJRCIgRGlzcGxheU5hbWU9IiIgRGVzY3JpcHRpb249IiI+DQogICAgICAgICAgPFJ1bGVQYXJhbWV0ZXJzPg0KICAgICAgICAgICAgPFJ1bGVQYXJhbWV0ZXIgTmFtZT0iTmFtZSIgVmFsdWU9InR4dE9URW1wSUQiIC8+DQogICAgICAgICAgICA8UnVsZVBhcmFtZXRlciBOYW1lPSJIdG1sRGVjb2RlIiBWYWx1ZT0iVHJ1ZSIgLz4NCiAgICAgICAgICAgIDxSdWxlUGFyYW1ldGVyIE5hbWU9IlJlcXVpcmVkIiBWYWx1ZT0iRmFsc2UiIC8+DQogICAgICAgICAgICA8UnVsZVBhcmFtZXRlciBOYW1lPSJJbmRleCIgVmFsdWU9IjAiIC8+DQogICAgICAgICAgPC9SdWxlUGFyYW1ldGVycz4NCiAgICAgICAgPC9FeHRyYWN0aW9uUnVsZT4NCiAgICAgICAgPEV4dHJhY3Rpb25SdWxlIENsYXNzbmFtZT0iTWljcm9zb2Z0LlZpc3VhbFN0dWRpby5UZXN0VG9vbHMuV2ViVGVzdGluZy5SdWxlcy5FeHRyYWN0VGV4dCwgTWljcm9zb2Z0LlZpc3VhbFN0dWRpby5RdWFsaXR5VG9vbHMuV2ViVGVzdEZyYW1ld29yaywgVmVyc2lvbj0xMC4wLjAuMCwgQ3VsdHVyZT1uZXV0cmFsLCBQdWJsaWNLZXlUb2tlbj1iMDNmNWY3ZjExZDUwYTNhIiBWYXJpYWJsZU5hbWU9IkZvcm1Qb3N0UGFyYW0xMS5kZGxRdWVyeUNvbmRpdGlvbnMiIERpc3BsYXlOYW1lPSIiIERlc2NyaXB0aW9uPSIiPg0KICAgICAgICAgIDxSdWxlUGFyYW1ldGVycz4NCiAgICAgICAgICAgIDxSdWxlUGFyYW1ldGVyIE5hbWU9IlN0YXJ0c1dpdGgiIFZhbHVlPSJzJnF1b3Q7OlsmcXVvdDsiIC8+DQogICAgICAgICAgICA8UnVsZVBhcmFtZXRlciBOYW1lPSJFbmRzV2l0aCIgVmFsdWU9IiZxdW90OywmcXVvdDsxJnF1b3Q7IiAvPg0KICAgICAgICAgICAgPFJ1bGVQYXJhbWV0ZXIgTmFtZT0iSW5kZXgiIFZhbHVlPSIwIiAvPg0KICAgICAgICAgICAgPFJ1bGVQYXJhbWV0ZXIgTmFtZT0iSWdub3JlQ2FzZSIgVmFsdWU9IkZhbHNlIiAvPg0KICAgICAgICAgICAgPFJ1bGVQYXJhbWV0ZXIgTmFtZT0iVXNlUmVndWxhckV4cHJlc3Npb24iIFZhbHVlPSJGYWxzZSIgLz4NCiAgICAgICAgICAgIDxSdWxlUGFyYW1ldGVyIE5hbWU9Ikh0bWxEZWNvZGUiIFZhbHVlPSJUcnVlIiAvPg0KICAgICAgICAgICAgPFJ1bGVQYXJhbWV0ZXIgTmFtZT0iUmVxdWlyZWQiIFZhbHVlPSJGYWxzZSIgLz4NCiAgICAgICAgICA8L1J1bGVQYXJhbWV0ZXJzPg0KICAgICAgICA8L0V4dHJhY3Rpb25SdWxlPg0KICAgICAgICA8RXh0cmFjdGlvblJ1bGUgQ2xhc3NuYW1lPSJNaWNyb3NvZnQuVmlzdWFsU3R1ZGlvLlRlc3RUb29scy5XZWJUZXN0aW5nLlJ1bGVzLkV4dHJhY3RUZXh0LCBNaWNyb3NvZnQuVmlzdWFsU3R1ZGlvLlF1YWxpdHlUb29scy5XZWJUZXN0RnJhbWV3b3JrLCBWZXJzaW9uPTEwLjAuMC4wLCBDdWx0dXJlPW5ldXRyYWwsIFB1YmxpY0tleVRva2VuPWIwM2Y1ZjdmMTFkNTBhM2EiIFZhcmlhYmxlTmFtZT0iRm9ybVBvc3RQYXJhbTEyLmRkbE9UU3RhdHVzIiBEaXNwbGF5TmFtZT0iIiBEZXNjcmlwdGlvbj0iIj4NCiAgICAgICAgICA8UnVsZVBhcmFtZXRlcnM+DQogICAgICAgICAgICA8UnVsZVBhcmFtZXRlciBOYW1lPSJTdGFydHNXaXRoIiBWYWx1ZT0iJnF1b3Q7MCZxdW90OywmcXVvdDsiIC8+DQogICAgICAgICAgICA8UnVsZVBhcmFtZXRlciBOYW1lPSJFbmRzV2l0aCIgVmFsdWU9IiZxdW90OywmcXVvdDsyJnF1b3Q7IiAvPg0KICAgICAgICAgICAgPFJ1bGVQYXJhbWV0ZXIgTmFtZT0iSW5kZXgiIFZhbHVlPSIwIiAvPg0KICAgICAgICAgICAgPFJ1bGVQYXJhbWV0ZXIgTmFtZT0iSWdub3JlQ2FzZSIgVmFsdWU9IkZhbHNlIiAvPg0KICAgICAgICAgICAgPFJ1bGVQYXJhbWV0ZXIgTmFtZT0iVXNlUmVndWxhckV4cHJlc3Npb24iIFZhbHVlPSJGYWxzZSIgLz4NCiAgICAgICAgICAgIDxSdWxlUGFyYW1ldGVyIE5hbWU9Ikh0bWxEZWNvZGUiIFZhbHVlPSJUcnVlIiAvPg0KICAgICAgICAgICAgPFJ1bGVQYXJhbWV0ZXIgTmFtZT0iUmVxdWlyZWQiIFZhbHVlPSJGYWxzZSIgLz4NCiAgICAgICAgICA8L1J1bGVQYXJhbWV0ZXJzPg0KICAgICAgICA8L0V4dHJhY3Rpb25SdWxlPg0KICAgICAgPC9Db3JyZWxhdGlvbkV4dHJhY3Rpb25SdWxlcz4NCiAgICAgIDxGb3JtUG9zdEh0dHBCb2R5Pg0KICAgICAgICA8Rm9ybVBvc3RQYXJhbWV0ZXIgTmFtZT0iVG9vbGtpdFNjcmlwdE1hbmFnZXIxX0hpZGRlbkZpZWxkIiBWYWx1ZT0iOztBamF4Q29udHJvbFRvb2xraXQsIFZlcnNpb249NC4xLjcuNjA3LCBDdWx0dXJlPW5ldXRyYWwsIFB1YmxpY0tleVRva2VuPTI4ZjAxYjBlODRiNmQ1M2U6emgtSGFudDo3Yjk1ZWQxYS02YTNmLTQxZGQtYmM1Yi02M2YzOWVkYmM0YjQ6ZGUxZmVhYjI6ZmNmMGU5OTM6ZjJjOGU3MDg6NzIwYTUyYmY6ZjljZWM5YmM6NTg5ZWFhMzA6Njk4MTI5Y2Y6ZmI5YjRjNTc6Y2NiOTZjZjk6YTY3YzI3MDA6ODYxM2FlYTc6MzIwMmE1YTI6YWIwOWUzZmU6ODcxMDRiN2M6YmU2ZmIyOTgiIFJlY29yZGVkVmFsdWU9Ijs7QWpheENvbnRyb2xUb29sa2l0LCBWZXJzaW9uPTQuMS43LjYwNywgQ3VsdHVyZT1uZXV0cmFsLCBQdWJsaWNLZXlUb2tlbj0yOGYwMWIwZTg0YjZkNTNlOnpoLUhhbnQ6N2I5NWVkMWEtNmEzZi00MWRkLWJjNWItNjNmMzllZGJjNGI0OmRlMWZlYWIyOmZjZjBlOTkzOmYyYzhlNzA4OjcyMGE1MmJmOmY5Y2VjOWJjOjU4OWVhYTMwOjY5ODEyOWNmOmZiOWI0YzU3OmNjYjk2Y2Y5OmE2N2MyNzAwOjg2MTNhZWE3OjMyMDJhNWEyOmFiMDllM2ZlOjg3MTA0YjdjOmJlNmZiMjk4IiBDb3JyZWxhdGlvbkJpbmRpbmc9IiIgVXJsRW5jb2RlPSJUcnVlIiAvPg0KICAgICAgICA8Rm9ybVBvc3RQYXJhbWV0ZXIgTmFtZT0iX19FVkVOVFRBUkdFVCIgVmFsdWU9Int7JEhJRERFTjEuX19FVkVOVFRBUkdFVH19IiBSZWNvcmRlZFZhbHVlPSIiIENvcnJlbGF0aW9uQmluZGluZz0iIiBVcmxFbmNvZGU9IlRydWUiIC8+DQogICAgICAgIDxGb3JtUG9zdFBhcmFtZXRlciBOYW1lPSJfX0VWRU5UQVJHVU1FTlQiIFZhbHVlPSJ7eyRISURERU4xLl9fRVZFTlRBUkdVTUVOVH19IiBSZWNvcmRlZFZhbHVlPSIiIENvcnJlbGF0aW9uQmluZGluZz0iIiBVcmxFbmNvZGU9IlRydWUiIC8+DQogICAgICAgIDxGb3JtUG9zdFBhcmFtZXRlciBOYW1lPSJfX0xBU1RGT0NVUyIgVmFsdWU9Int7JEhJRERFTjEuX19MQVNURk9DVVN9fSIgUmVjb3JkZWRWYWx1ZT0iIiBDb3JyZWxhdGlvbkJpbmRpbmc9IiIgVXJsRW5jb2RlPSJUcnVlIiAvPg0KICAgICAgICA8Rm9ybVBvc3RQYXJhbWV0ZXIgTmFtZT0iX19WU1RBVEUiIFZhbHVlPSJ7eyRISURERU4xLl9fVlNUQVRFfX0iIFJlY29yZGVkVmFsdWU9IkFSK0xDQUFBQUFBQUJBQ3RWOTF6RTFVVVQ1WnVHdEtQRkd4aVJkMWRIcHh0cDZSa2s2Z0R0UThrS1RZakpkZ0dIaXhNWnB0N3UxbTczYzFrYjB2akV6NFVGSEdBb2VoZ1o1eHhSZ0ZCSEIxZktqS09mNElQUHZqTWtMUjk4ay9BZS9jajJTWkxCa3EzMCtUbW5IUFA3M3pmdlUrOXdRRXY3Wk9XSmtWWkRiNDM3T21tZktHQVA1dExhUXVsVExvem14c24zNzVzTGkwaWlMOXk4Z0xzenVhbWtZZ1c5WlBpQXV6Q05BMkpDbUZnOGR5eW1rbjdiUUc4T0s2VkYwNW1BOGNWN1h4SzFDRm1Vay94RXdSQk9pQWNpY2NFNFoyM0U0bGdPTXo0MHJDRU1tbjZBQitOUnQ4WG92d2hZeEYxTEpqOTJiSkVWSjJRZFlTWElnYWpLWjVuZXZPblJBbG1kSUoyUXBPS1RNZ2lmTGdJeTVWcFZKWlZ5YUQ3VE1kbzMvU3BpZVFIQW5QUWtqdTJpTFJqcFpKU0dWK1loWURRVXJxZVVrUmRseGpla2lFeFF2aC91bERXRk9XVXBzdEkxdFNzaWxjb0tSYm1KU1pndWtBc2hFeVh3MWI2WHE4T0ZWaEFYRG96bmN1Y1RPVzRBbzRHeDUwdlFwWExKcUlqcDB1V1A1eXNjNnFHT0hWUlVUalV5b1lLM3NmekhGUUJKK3FFV2VjZGtuV3lhNUJzc0VrOFAyU0oyUlFuY0x3OWNMd2RjTndGT040S0hIY0ZqclVIanJVRGpya0F4MXFCWTY3QVFudGdvUVY0ME5odGJtNjdkOURLY0VOa3Jxd3RjSEJpYW5JNm5jeG5jbFBwa1Jrd3E1MGJtVEVFNUU5RVVqK2tSTTRSL1dYSVdSdkhuRUJEaGhtbSswUDFHQWlPR0RqY0l5WSsyN2tXMyt6b0NkdWoxd0I1QmtTN0NMYkxYR3ZpSEFiYmljT2tOa0l1SnJ2VWdFczl1dmNHZVFob1dqdXZOcU1hVGpzQ2FyamY4TlJZbVI0K1hsMTl2SHFCNTRZYjBzTjhoSy8vSklPU0JNSEZlbE5PY0FpNitHTUt4ZHlFNGsxQ2NUZWhSSk5Rd2lua0ZnWEQ0QmNvM3l5bndEbkVmYXpKNnZQdVNFUTVqVlFUdG1WS1UyQktBM0NNVDBSNVRzVEY0ckNZRzh2V2x5OE1FcmRBNGs2UXVBMFMzeDJRbUFVU2M0TEViSkRZN29BSUZvamdCQkZzRUdGM1FDd01KMFNVTndCYzlWdERxekZ4OEJBa1Rad3RBMWptWml2T1U4ZHhEamdtczJQRTFMdWVZenJ4eWpnMS9mYXJBQk8wejJDSXhKd282VktZb3ZZRVFiZ2Zmd2JERkQ3dlQ4aFNFU1cxNVdRWml2UGpxamlyUUZBRVlXb09TM1ZRWGtPcTg0eXN5NWhSQklDaURVcEhEaTRqZW1EejFzMk5heGVmckQvNDc5R1Z6ZnRmYk56OXN2cm55dU1MdDdIY1cwU083YUc3YTcrc2IvNTZiZXZ5aGMzdnJtRDZrRVVQUG5uNHNIcDViZk8zUzdXSDE3QWV6SXBZckJCbUVmck45ZHFOYjJxWFB0OVl2YnR4NXpvV09CeTBEQ05POUFFUTlzNEJTckNKUGtJTWh2MU1MMzdwRXMrSXlpSThMa01GMEIwa0pVd1BvUkt6VGFLZkVFbS9NbDM1ZzRTVjFCWlZJREdkOVJqMGhhaDlFZnhneDdZK3hhWmNJai9DNWl0VnBNbjZFT1h4bVp6KzRUMlVKQm1XMFlZNWJLOXBBQnRzWUxKOUVydHZGeEE2ZDQ0Z1JDT2JYOTNiV3ZscDQvYlY2bWMvNGdEYkNJSVRJVzVIMTI5RkY0TUZHdldKSVh1MlRiODZycmNWTitUMVlNM2VwdUFFR2lXK2MyMmREVzJ4bDllMjE5Ylc1VGpmZHE3dVhhTmlLYU9oU05zRmNNbVJld0Y1NnhZUjNWM0J6OW5EazVObkR3UEFCUEw0RGxCR3hyM0I4NWQ4WmUyZnYvMk1Qeit1QW91VTdHQWYvT3ZIS2pMNkZCUkJWbFVxUlN5UTB6UjhtU2pSa1ptdFA3NnQzYmg4anF0ZWYxUzllci8yOVErMXRZdTRQMmUyMW00WjlOcjZ5dGF0NzZzcmQ2by8vMjcyT0RIUGkzMEdwTmMxdGFESWhYbjZvOU5JVnZLcDRqd2VEamxOa2hSb1RBRlprVkZsa0VmTHlMemNKS0VrcS9sQ2NiN0I1UTl4elh3Z0w1RWVPNGFIREQ4MENuQXZVMlNNMERxcUtKQm1sMkFaeVFWUmlZaUtMS2xIa1ZZYVhhcXJPenJhR0VRNzh4THZER2dxbUZWTXozcFJVZFpIbHNpQUdPUDVVWUNURXZZeFB0ZDA3RzNKeGdRWkVkdVNNVUhxRDZlVjNiOTlNL3RLUFlOc2Z6MXpiS2pJaGw4MlRleXI5Sm5ueXcrMnRVMTJDTmM5Tit6QWM2ZUZmZTJGODhFZWNNOEMrM3BUQ04rb2g1MTkweEh2SStUU3ZZL3k5b1U5NUsrN2Y5ampBZFNvRWFLT29CR2hBYm9IeUhwSkVTdEhWVTJGbytCL083V245TFVQQUFBPSIgQ29ycmVsYXRpb25CaW5kaW5nPSIiIFVybEVuY29kZT0iVHJ1ZSIgLz4NCiAgICAgICAgPEZvcm1Qb3N0UGFyYW1ldGVyIE5hbWU9Il9fVklFV1NUQVRFIiBWYWx1ZT0ie3skSElEREVOMS5fX1ZJRVdTVEFURX19IiBSZWNvcmRlZFZhbHVlPSIiIENvcnJlbGF0aW9uQmluZGluZz0iIiBVcmxFbmNvZGU9IlRydWUiIC8+DQogICAgICAgIDxGb3JtUG9zdFBhcmFtZXRlciBOYW1lPSJfX1NDUk9MTFBPU0lUSU9OWCIgVmFsdWU9Int7JEhJRERFTjEuX19TQ1JPTExQT1NJVElPTlh9fSIgUmVjb3JkZWRWYWx1ZT0iMCIgQ29ycmVsYXRpb25CaW5kaW5nPSIiIFVybEVuY29kZT0iVHJ1ZSIgLz4NCiAgICAgICAgPEZvcm1Qb3N0UGFyYW1ldGVyIE5hbWU9Il9fU0NST0xMUE9TSVRJT05ZIiBWYWx1ZT0ie3skSElEREVOMS5fX1NDUk9MTFBPU0lUSU9OWX19IiBSZWNvcmRlZFZhbHVlPSIwIiBDb3JyZWxhdGlvbkJpbmRpbmc9IiIgVXJsRW5jb2RlPSJUcnVlIiAvPg0KICAgICAgICA8Rm9ybVBvc3RQYXJhbWV0ZXIgTmFtZT0iX19WSUVXU1RBVEVFTkNSWVBURUQiIFZhbHVlPSJ7eyRISURERU4xLl9fVklFV1NUQVRFRU5DUllQVEVEfX0iIFJlY29yZGVkVmFsdWU9IiIgQ29ycmVsYXRpb25CaW5kaW5nPSIiIFVybEVuY29kZT0iVHJ1ZSIgLz4NCiAgICAgICAgPEZvcm1Qb3N0UGFyYW1ldGVyIE5hbWU9Il9fRVZFTlRWQUxJREFUSU9OIiBWYWx1ZT0ie3skSElEREVOMS5fX0VWRU5UVkFMSURBVElPTn19IiBSZWNvcmRlZFZhbHVlPSIwL3RldWFocmFwTVRzRjArZjhrU3crR043OUZpSUtaNGdJQVB4R0xxRVZ0TllJSThrV2Mvd2ZnNWRMTCtCbGFMc25KOGRzWW9YNjV6WGVZTDRnb0RVNW0xZElLVnljSk1JcDY3RDkxdkNMTlA5MWt0KzYrUkxqclFBV1dkcG04RW5BNXpVbXFlbHpZS0plVXREUkRLVWZDS1M3TUg4Sk9GbVpzZW9MOTVoRCtnRldUWFhHaFFFSjh4T0w4VUN6VFFkelg4TWZWOERKVHo0WE5WQ2J0VmZVT0FKTWRMQWZxWjlnenNDWWZJcDZZSWtnb2dFL0NDZlY0VFZDL2VLMHd4Y0dieDAzNDZlVTY5NDNJajlGUDU3RWM3WnBLdzdCVW84MmhSTTJNRzRUQnZ6cFVwampnejRBdGdkKzZLQ2ErRGxMNGVraE5kTzJFS2NPNjRabGNWM2pXY3BhV0xMeWVQNzRDZU8wbDIxa2Q0MWN2cE1IQVQxcHpuQ3pnZmFrRjE1OU1TUTFzSHRBcTFwSXJtNVRpcnp1eGhqZ24xN3ZYZTRjOWUvcGU3eU0vU1BzYjJ1blRDWHVCV21pYzcvR01wRjdZWCtZWC9wMStQd0lHUXNHNDN0UVoxQXRQeFlBY1RFc21EalJUYXFqZys1cWN4dVdUaVVRTU9NY2hPZi9BdXBxZ0hTT0MwN2NGVThKdGNiYTl0alR3eTFLWjJqckxWVGR1eElmN3VBc2dLNlhYbWdOVkxuemYzV254NkF1WUtxaStKMTdQZHluSnhqbXlGTzRwM2VhNVQyQ2o4Z3dnKzhvSExsZVBjcEg3SXk5cTgxODMyMU5aY0J1STAwZlU4a1Vsa01iTjg0eXk1eGVhZ3BSTFVhaXUrdWt6WWwxYllmQ3dXa0dRSXVhSXNJL2NvZWxzN1JrblJpS0VjaVYzNXhZWndxd2ROS2xmd3NFdGRoa295NXFKOUZiOUYwbS9qR3B1ODdZdmRPY1h1SjR0cnNiRWRMUFMrVlRSSjFQbDh6VXluQXRCbmo3Um1PRVZsbkh4WEQ1U0dNcU5XVDlOOE94U2U4V0N3bVh0a3pjUE9GN09xN1hBZ1ZwUzY3NVRjUXJWOElBOWRBSzhnYjJaUFZRRUs2WU5NTDZJWXlZVDhNemFXM09jbW5CZ0Mwc1BXcWdhaGg2VGZ0WmR4aVN0UDRCaHRPUFY1clJvaHZTSTBNaHFXaGlRU3lmQzdiK1R2MG4wWDRWUkFWTHJEOGFDaW5Ic3pmUzBiNWtVREVmd3B4NEN1V2hsSVhMTUsxNlcrcGFJUXU2bFg4SDdQb3ZZRHZPYkNISUYyWmlBeTVNN1ROQitLS3RLRnArdExsb1ZYRDNtU2lCN3FVYXlBNDg2bzRIbjNQdE9YVW9samJHbThCQTZ1YmtjVVlzNzA0L0REK3k1UXpSa0V1TlQ3d296TXBwaVUwS2NhdW55RGxkWVhNVTNNSnFJeVNZc1pBU0dsb0pEWWJZNXdtSnJwQW9uaWRQUHp5cTJtNFVYT3dSbXpoUnRzZE42Z1B4eWVJWmo3aWtVaUtYTkZRc1U9IiBDb3JyZWxhdGlvbkJpbmRpbmc9IiIgVXJsRW5jb2RlPSJUcnVlIiAvPg0KICAgICAgICA8Rm9ybVBvc3RQYXJhbWV0ZXIgTmFtZT0iU2NyZWVuV2lkdGgiIFZhbHVlPSJ7eyRISURERU4xLlNjcmVlbldpZHRofX0iIFJlY29yZGVkVmFsdWU9IiIgQ29ycmVsYXRpb25CaW5kaW5nPSIiIFVybEVuY29kZT0iVHJ1ZSIgLz4NCiAgICAgICAgPEZvcm1Qb3N0UGFyYW1ldGVyIE5hbWU9IlNjcmVlbkhlaWdodCIgVmFsdWU9Int7JEhJRERFTjEuU2NyZWVuSGVpZ2h0fX0iIFJlY29yZGVkVmFsdWU9IiIgQ29ycmVsYXRpb25CaW5kaW5nPSIiIFVybEVuY29kZT0iVHJ1ZSIgLz4NCiAgICAgICAgPEZvcm1Qb3N0UGFyYW1ldGVyIE5hbWU9ImJ0blF1ZXJ5IiBWYWx1ZT0i5p+l6KmiIiBSZWNvcmRlZFZhbHVlPSLmn6XoqaIiIENvcnJlbGF0aW9uQmluZGluZz0ie3tGb3JtUG9zdFBhcmFtMTMuYnRuUXVlcnl9fSIgVXJsRW5jb2RlPSJUcnVlIiAvPg0KICAgICAgICA8Rm9ybVBvc3RQYXJhbWV0ZXIgTmFtZT0iZGRsT3JnQW5kRmxvdyIgVmFsdWU9IiIgUmVjb3JkZWRWYWx1ZT0iIiBDb3JyZWxhdGlvbkJpbmRpbmc9IiIgVXJsRW5jb2RlPSJUcnVlIiAvPg0KICAgICAgICA8Rm9ybVBvc3RQYXJhbWV0ZXIgTmFtZT0iZGRsUXVlcnlDb25kaXRpb25zIiBWYWx1ZT0iMCIgUmVjb3JkZWRWYWx1ZT0iMCIgQ29ycmVsYXRpb25CaW5kaW5nPSJ7e0Zvcm1Qb3N0UGFyYW0xNS5kZGxRdWVyeUNvbmRpdGlvbnN9fSIgVXJsRW5jb2RlPSJUcnVlIiAvPg0KICAgICAgICA8Rm9ybVBvc3RQYXJhbWV0ZXIgTmFtZT0idHh0T1RFbXBJRCIgVmFsdWU9IjEwMjExOSIgUmVjb3JkZWRWYWx1ZT0iMTAyMTE5IiBDb3JyZWxhdGlvbkJpbmRpbmc9Int7Rm9ybVBvc3RQYXJhbTE0LnR4dE9URW1wSUR9fSIgVXJsRW5jb2RlPSJUcnVlIiAvPg0KICAgICAgICA8Rm9ybVBvc3RQYXJhbWV0ZXIgTmFtZT0idHh0T1RFbXBOYW1lIiBWYWx1ZT0iIiBSZWNvcmRlZFZhbHVlPSIiIENvcnJlbGF0aW9uQmluZGluZz0iIiBVcmxFbmNvZGU9IlRydWUiIC8+DQogICAgICAgIDxGb3JtUG9zdFBhcmFtZXRlciBOYW1lPSJ0eHRPVEZvcm1OTyIgVmFsdWU9IiIgUmVjb3JkZWRWYWx1ZT0iIiBDb3JyZWxhdGlvbkJpbmRpbmc9IiIgVXJsRW5jb2RlPSJUcnVlIiAvPg0KICAgICAgICA8Rm9ybVBvc3RQYXJhbWV0ZXIgTmFtZT0iZGRsT1RTdGF0dXMiIFZhbHVlPSIxIiBSZWNvcmRlZFZhbHVlPSIxIiBDb3JyZWxhdGlvbkJpbmRpbmc9Int7Rm9ybVBvc3RQYXJhbTE2LmRkbE9UU3RhdHVzfX0iIFVybEVuY29kZT0iVHJ1ZSIgLz4NCiAgICAgICAgPEZvcm1Qb3N0UGFyYW1ldGVyIE5hbWU9InR4dE9URGF0ZUJlZ2luJHR4dERhdGUiIFZhbHVlPSIiIFJlY29yZGVkVmFsdWU9IiIgQ29ycmVsYXRpb25CaW5kaW5nPSIiIFVybEVuY29kZT0iVHJ1ZSIgLz4NCiAgICAgICAgPEZvcm1Qb3N0UGFyYW1ldGVyIE5hbWU9InR4dE9URGF0ZUVuZCR0eHREYXRlIiBWYWx1ZT0iIiBSZWNvcmRlZFZhbHVlPSIiIENvcnJlbGF0aW9uQmluZGluZz0iIiBVcmxFbmNvZGU9IlRydWUiIC8+DQogICAgICAgIDxGb3JtUG9zdFBhcmFtZXRlciBOYW1lPSJ1Y01vZGFsUG9wdXAxJENsaWVudFdpZHRoIiBWYWx1ZT0ie3skSElEREVOMS51Y01vZGFsUG9wdXAxJENsaWVudFdpZHRofX0iIFJlY29yZGVkVmFsdWU9IjAiIENvcnJlbGF0aW9uQmluZGluZz0iIiBVcmxFbmNvZGU9IlRydWUiIC8+DQogICAgICAgIDxGb3JtUG9zdFBhcmFtZXRlciBOYW1lPSJ1Y01vZGFsUG9wdXAxJENsaWVudEhlaWdodCIgVmFsdWU9Int7JEhJRERFTjEudWNNb2RhbFBvcHVwMSRDbGllbnRIZWlnaHR9fSIgUmVjb3JkZWRWYWx1ZT0iMCIgQ29ycmVsYXRpb25CaW5kaW5nPSIiIFVybEVuY29kZT0iVHJ1ZSIgLz4NCiAgICAgIDwvRm9ybVBvc3RIdHRwQm9keT4NCiAgICA8L1JlcXVlc3Q+DQogICAgPFJlcXVlc3QgTWV0aG9kPSJQT1NUIiBHdWlkPSIyZDA0OGUyNy1mY2I0LTRmZjUtODkzNS03MDIxODFiMzIxMTciIFZlcnNpb249IjEuMSIgVXJsPSJodHRwOi8vMTAuMTEuMzYuMTE0OjgwMDcvT3ZlclRpbWUvT3ZlcnRpbWVQcmVPcmRlci5hc3B4IiBUaGlua1RpbWU9IjE0IiBUaW1lb3V0PSIzMDAiIFBhcnNlRGVwZW5kZW50UmVxdWVzdHM9IlRydWUiIEZvbGxvd1JlZGlyZWN0cz0iVHJ1ZSIgUmVjb3JkUmVzdWx0PSJUcnVlIiBDYWNoZT0iRmFsc2UiIFJlc3BvbnNlVGltZUdvYWw9IjAiIEVuY29kaW5nPSJ1dGYtOCIgRXhwZWN0ZWRIdHRwU3RhdHVzQ29kZT0iMCIgRXhwZWN0ZWRSZXNwb25zZVVybD0iIiBSZXBvcnRpbmdOYW1lPSIiIElnbm9yZUh0dHBTdGF0dXNDb2RlPSJGYWxzZSI+DQogICAgICA8RXh0cmFjdGlvblJ1bGVzPg0KICAgICAgICA8RXh0cmFjdGlvblJ1bGUgQ2xhc3NuYW1lPSJNaWNyb3NvZnQuVmlzdWFsU3R1ZGlvLlRlc3RUb29scy5XZWJUZXN0aW5nLlJ1bGVzLkV4dHJhY3RIaWRkZW5GaWVsZHMsIE1pY3Jvc29mdC5WaXN1YWxTdHVkaW8uUXVhbGl0eVRvb2xzLldlYlRlc3RGcmFtZXdvcmssIFZlcnNpb249MTAuMC4wLjAsIEN1bHR1cmU9bmV1dHJhbCwgUHVibGljS2V5VG9rZW49YjAzZjVmN2YxMWQ1MGEzYSIgVmFyaWFibGVOYW1lPSIxIiBEaXNwbGF5TmFtZT0i5pO35Y+W6Zqx6JeP5qyE5L2NIiBEZXNjcmlwdGlvbj0i5pO35Y+W5Zue5oeJ5Lit55qE5omA5pyJ6Zqx6JeP5qyE5L2N77yM5Lim5bCH5a6D5YCR5pS+5Zyo5ris6Kmm5YWn5a655Lit44CCIj4NCiAgICAgICAgICA8UnVsZVBhcmFtZXRlcnM+DQogICAgICAgICAgICA8UnVsZVBhcmFtZXRlciBOYW1lPSJSZXF1aXJlZCIgVmFsdWU9IlRydWUiIC8+DQogICAgICAgICAgICA8UnVsZVBhcmFtZXRlciBOYW1lPSJIdG1sRGVjb2RlIiBWYWx1ZT0iVHJ1ZSIgLz4NCiAgICAgICAgICA8L1J1bGVQYXJhbWV0ZXJzPg0KICAgICAgICA8L0V4dHJhY3Rpb25SdWxlPg0KICAgICAgPC9FeHRyYWN0aW9uUnVsZXM+DQogICAgICA8Q29ycmVsYXRpb25FeHRyYWN0aW9uUnVsZXM+DQogICAgICAgIDxFeHRyYWN0aW9uUnVsZSBDbGFzc25hbWU9Ik1pY3Jvc29mdC5WaXN1YWxTdHVkaW8uVGVzdFRvb2xzLldlYlRlc3RpbmcuUnVsZXMuRXh0cmFjdEZvcm1GaWVsZCwgTWljcm9zb2Z0LlZpc3VhbFN0dWRpby5RdWFsaXR5VG9vbHMuV2ViVGVzdEZyYW1ld29yaywgVmVyc2lvbj0xMC4wLjAuMCwgQ3VsdHVyZT1uZXV0cmFsLCBQdWJsaWNLZXlUb2tlbj1iMDNmNWY3ZjExZDUwYTNhIiBWYXJpYWJsZU5hbWU9IkZvcm1Qb3N0UGFyYW01LmJ0bkRlbGV0ZUludmlzaWJsZSIgRGlzcGxheU5hbWU9IiIgRGVzY3JpcHRpb249IiI+DQogICAgICAgICAgPFJ1bGVQYXJhbWV0ZXJzPg0KICAgICAgICAgICAgPFJ1bGVQYXJhbWV0ZXIgTmFtZT0iTmFtZSIgVmFsdWU9ImJ0bkRlbGV0ZUludmlzaWJsZSIgLz4NCiAgICAgICAgICAgIDxSdWxlUGFyYW1ldGVyIE5hbWU9Ikh0bWxEZWNvZGUiIFZhbHVlPSJUcnVlIiAvPg0KICAgICAgICAgICAgPFJ1bGVQYXJhbWV0ZXIgTmFtZT0iUmVxdWlyZWQiIFZhbHVlPSJGYWxzZSIgLz4NCiAgICAgICAgICAgIDxSdWxlUGFyYW1ldGVyIE5hbWU9IkluZGV4IiBWYWx1ZT0iMCIgLz4NCiAgICAgICAgICA8L1J1bGVQYXJhbWV0ZXJzPg0KICAgICAgICA8L0V4dHJhY3Rpb25SdWxlPg0KICAgICAgICA8RXh0cmFjdGlvblJ1bGUgQ2xhc3NuYW1lPSJNaWNyb3NvZnQuVmlzdWFsU3R1ZGlvLlRlc3RUb29scy5XZWJUZXN0aW5nLlJ1bGVzLkV4dHJhY3RGb3JtRmllbGQsIE1pY3Jvc29mdC5WaXN1YWxTdHVkaW8uUXVhbGl0eVRvb2xzLldlYlRlc3RGcmFtZXdvcmssIFZlcnNpb249MTAuMC4wLjAsIEN1bHR1cmU9bmV1dHJhbCwgUHVibGljS2V5VG9rZW49YjAzZjVmN2YxMWQ1MGEzYSIgVmFyaWFibGVOYW1lPSJGb3JtUG9zdFBhcmFtNi50eHRPVEVtcElEIiBEaXNwbGF5TmFtZT0iIiBEZXNjcmlwdGlvbj0iIj4NCiAgICAgICAgICA8UnVsZVBhcmFtZXRlcnM+DQogICAgICAgICAgICA8UnVsZVBhcmFtZXRlciBOYW1lPSJOYW1lIiBWYWx1ZT0idHh0T1RFbXBJRCIgLz4NCiAgICAgICAgICAgIDxSdWxlUGFyYW1ldGVyIE5hbWU9Ikh0bWxEZWNvZGUiIFZhbHVlPSJUcnVlIiAvPg0KICAgICAgICAgICAgPFJ1bGVQYXJhbWV0ZXIgTmFtZT0iUmVxdWlyZWQiIFZhbHVlPSJGYWxzZSIgLz4NCiAgICAgICAgICAgIDxSdWxlUGFyYW1ldGVyIE5hbWU9IkluZGV4IiBWYWx1ZT0iMCIgLz4NCiAgICAgICAgICA8L1J1bGVQYXJhbWV0ZXJzPg0KICAgICAgICA8L0V4dHJhY3Rpb25SdWxlPg0KICAgICAgICA8RXh0cmFjdGlvblJ1bGUgQ2xhc3NuYW1lPSJNaWNyb3NvZnQuVmlzdWFsU3R1ZGlvLlRlc3RUb29scy5XZWJUZXN0aW5nLlJ1bGVzLkV4dHJhY3RUZXh0LCBNaWNyb3NvZnQuVmlzdWFsU3R1ZGlvLlF1YWxpdHlUb29scy5XZWJUZXN0RnJhbWV3b3JrLCBWZXJzaW9uPTEwLjAuMC4wLCBDdWx0dXJlPW5ldXRyYWwsIFB1YmxpY0tleVRva2VuPWIwM2Y1ZjdmMTFkNTBhM2EiIFZhcmlhYmxlTmFtZT0iRm9ybVBvc3RQYXJhbTcuZGRsUXVlcnlDb25kaXRpb25zIiBEaXNwbGF5TmFtZT0iIiBEZXNjcmlwdGlvbj0iIj4NCiAgICAgICAgICA8UnVsZVBhcmFtZXRlcnM+DQogICAgICAgICAgICA8UnVsZVBhcmFtZXRlciBOYW1lPSJTdGFydHNXaXRoIiBWYWx1ZT0icyZxdW90OzpbJnF1b3Q7IiAvPg0KICAgICAgICAgICAgPFJ1bGVQYXJhbWV0ZXIgTmFtZT0iRW5kc1dpdGgiIFZhbHVlPSImcXVvdDssJnF1b3Q7MSZxdW90OyIgLz4NCiAgICAgICAgICAgIDxSdWxlUGFyYW1ldGVyIE5hbWU9IkluZGV4IiBWYWx1ZT0iMCIgLz4NCiAgICAgICAgICAgIDxSdWxlUGFyYW1ldGVyIE5hbWU9Iklnbm9yZUNhc2UiIFZhbHVlPSJGYWxzZSIgLz4NCiAgICAgICAgICAgIDxSdWxlUGFyYW1ldGVyIE5hbWU9IlVzZVJlZ3VsYXJFeHByZXNzaW9uIiBWYWx1ZT0iRmFsc2UiIC8+DQogICAgICAgICAgICA8UnVsZVBhcmFtZXRlciBOYW1lPSJIdG1sRGVjb2RlIiBWYWx1ZT0iVHJ1ZSIgLz4NCiAgICAgICAgICAgIDxSdWxlUGFyYW1ldGVyIE5hbWU9IlJlcXVpcmVkIiBWYWx1ZT0iRmFsc2UiIC8+DQogICAgICAgICAgPC9SdWxlUGFyYW1ldGVycz4NCiAgICAgICAgPC9FeHRyYWN0aW9uUnVsZT4NCiAgICAgICAgPEV4dHJhY3Rpb25SdWxlIENsYXNzbmFtZT0iTWljcm9zb2Z0LlZpc3VhbFN0dWRpby5UZXN0VG9vbHMuV2ViVGVzdGluZy5SdWxlcy5FeHRyYWN0VGV4dCwgTWljcm9zb2Z0LlZpc3VhbFN0dWRpby5RdWFsaXR5VG9vbHMuV2ViVGVzdEZyYW1ld29yaywgVmVyc2lvbj0xMC4wLjAuMCwgQ3VsdHVyZT1uZXV0cmFsLCBQdWJsaWNLZXlUb2tlbj1iMDNmNWY3ZjExZDUwYTNhIiBWYXJpYWJsZU5hbWU9IkZvcm1Qb3N0UGFyYW04LmRkbE9UU3RhdHVzIiBEaXNwbGF5TmFtZT0iIiBEZXNjcmlwdGlvbj0iIj4NCiAgICAgICAgICA8UnVsZVBhcmFtZXRlcnM+DQogICAgICAgICAgICA8UnVsZVBhcmFtZXRlciBOYW1lPSJTdGFydHNXaXRoIiBWYWx1ZT0iJnF1b3Q7MCZxdW90OywmcXVvdDsiIC8+DQogICAgICAgICAgICA8UnVsZVBhcmFtZXRlciBOYW1lPSJFbmRzV2l0aCIgVmFsdWU9IiZxdW90OywmcXVvdDsyJnF1b3Q7IiAvPg0KICAgICAgICAgICAgPFJ1bGVQYXJhbWV0ZXIgTmFtZT0iSW5kZXgiIFZhbHVlPSIwIiAvPg0KICAgICAgICAgICAgPFJ1bGVQYXJhbWV0ZXIgTmFtZT0iSWdub3JlQ2FzZSIgVmFsdWU9IkZhbHNlIiAvPg0KICAgICAgICAgICAgPFJ1bGVQYXJhbWV0ZXIgTmFtZT0iVXNlUmVndWxhckV4cHJlc3Npb24iIFZhbHVlPSJGYWxzZSIgLz4NCiAgICAgICAgICAgIDxSdWxlUGFyYW1ldGVyIE5hbWU9Ikh0bWxEZWNvZGUiIFZhbHVlPSJUcnVlIiAvPg0KICAgICAgICAgICAgPFJ1bGVQYXJhbWV0ZXIgTmFtZT0iUmVxdWlyZWQiIFZhbHVlPSJGYWxzZSIgLz4NCiAgICAgICAgICA8L1J1bGVQYXJhbWV0ZXJzPg0KICAgICAgICA8L0V4dHJhY3Rpb25SdWxlPg0KICAgICAgPC9Db3JyZWxhdGlvbkV4dHJhY3Rpb25SdWxlcz4NCiAgICAgIDxGb3JtUG9zdEh0dHBCb2R5Pg0KICAgICAgICA8Rm9ybVBvc3RQYXJhbWV0ZXIgTmFtZT0iVG9vbGtpdFNjcmlwdE1hbmFnZXIxX0hpZGRlbkZpZWxkIiBWYWx1ZT0iOztBamF4Q29udHJvbFRvb2xraXQsIFZlcnNpb249NC4xLjcuNjA3LCBDdWx0dXJlPW5ldXRyYWwsIFB1YmxpY0tleVRva2VuPTI4ZjAxYjBlODRiNmQ1M2U6emgtSGFudDo3Yjk1ZWQxYS02YTNmLTQxZGQtYmM1Yi02M2YzOWVkYmM0YjQ6ZGUxZmVhYjI6ZmNmMGU5OTM6ZjJjOGU3MDg6NzIwYTUyYmY6ZjljZWM5YmM6NTg5ZWFhMzA6Njk4MTI5Y2Y6ZmI5YjRjNTc6Y2NiOTZjZjk6YTY3YzI3MDA6ODYxM2FlYTc6MzIwMmE1YTI6YWIwOWUzZmU6ODcxMDRiN2M6YmU2ZmIyOTgiIFJlY29yZGVkVmFsdWU9Ijs7QWpheENvbnRyb2xUb29sa2l0LCBWZXJzaW9uPTQuMS43LjYwNywgQ3VsdHVyZT1uZXV0cmFsLCBQdWJsaWNLZXlUb2tlbj0yOGYwMWIwZTg0YjZkNTNlOnpoLUhhbnQ6N2I5NWVkMWEtNmEzZi00MWRkLWJjNWItNjNmMzllZGJjNGI0OmRlMWZlYWIyOmZjZjBlOTkzOmYyYzhlNzA4OjcyMGE1MmJmOmY5Y2VjOWJjOjU4OWVhYTMwOjY5ODEyOWNmOmZiOWI0YzU3OmNjYjk2Y2Y5OmE2N2MyNzAwOjg2MTNhZWE3OjMyMDJhNWEyOmFiMDllM2ZlOjg3MTA0YjdjOmJlNmZiMjk4IiBDb3JyZWxhdGlvbkJpbmRpbmc9IiIgVXJsRW5jb2RlPSJUcnVlIiAvPg0KICAgICAgICA8Rm9ybVBvc3RQYXJhbWV0ZXIgTmFtZT0iX19FVkVOVFRBUkdFVCIgVmFsdWU9Int7JEhJRERFTjEuX19FVkVOVFRBUkdFVH19IiBSZWNvcmRlZFZhbHVlPSIiIENvcnJlbGF0aW9uQmluZGluZz0iIiBVcmxFbmNvZGU9IlRydWUiIC8+DQogICAgICAgIDxGb3JtUG9zdFBhcmFtZXRlciBOYW1lPSJfX0VWRU5UQVJHVU1FTlQiIFZhbHVlPSJ7eyRISURERU4xLl9fRVZFTlRBUkdVTUVOVH19IiBSZWNvcmRlZFZhbHVlPSIiIENvcnJlbGF0aW9uQmluZGluZz0iIiBVcmxFbmNvZGU9IlRydWUiIC8+DQogICAgICAgIDxGb3JtUG9zdFBhcmFtZXRlciBOYW1lPSJfX0xBU1RGT0NVUyIgVmFsdWU9Int7JEhJRERFTjEuX19MQVNURk9DVVN9fSIgUmVjb3JkZWRWYWx1ZT0iIiBDb3JyZWxhdGlvbkJpbmRpbmc9IiIgVXJsRW5jb2RlPSJUcnVlIiAvPg0KICAgICAgICA8Rm9ybVBvc3RQYXJhbWV0ZXIgTmFtZT0iX19WU1RBVEUiIFZhbHVlPSJ7eyRISURERU4xLl9fVlNUQVRFfX0iIFJlY29yZGVkVmFsdWU9IkFSK0xDQUFBQUFBQUJBRGRXRjF2RTlrWmpoMlBZNXdRaHkxMjZiYjFEQkx0Sk1yWG5MSGpmRFVYeElFU0xXQ2FlTGxvRmxsano4R2VaanlUZXNZQjl3SlJxVmxTeWdwV0c5aG1xU3F0dEdVL0tDc3ExQ29GdXVwUDZFVXZlbzJ3RTEvMUo3VG56SWM5anNkMlNFSld3bEhzTSs5NXozbmU1M25QZVk5OS91ZndIWE1Td1VRaUtrdHFUaGFWT2ZqTHZKQ0RGMlJGbmVaU2krL0FRaUlSNkNMODZlVnpuQ0NkU0traUEwNUVNekMxZUZJVWlZREZ6SjVJWlJhakdWbFdZSTA5MU1BZWJtQWZhV0NQTkxDUE5yQ1BOYkNQMjlzQjA4QU9HdGl0Zk4yNjNmZVQvcmF1ZHJmZjY0bkZvM0oyYVhhbUl4WS9oVC9kc2ZnTXAwTDBFUmV5c0NzV24xYzVOYStjNTdLd0U5bGtsUk54QjNLUFg1Vm1aenltQTJxY2xuUFo4ekh2YVZHK0V1VVVpT1k4MnQvV2lmNjloSHYrd3BucGR3RGhCZ3dMd0RqaFp4a3dPc3lNRElQSXRXcVQ2R1NZQ1lhNXhnRDBUcmhMbnp3c1B2cDliOS9DZkVGUllYWm9CcWFFTENjT1VGa2xKZWRFSVRsQVhZUTVSWkNscWZBUWcvOEdxR2hlVlBNNU9DWEJ2SnJEdmhmeVNWRklvZFVSbHhlaE5KVWNIZVZHVWlNUk1CNEtRMlpzdkIwTU1VUkFqMDZQRFlmRGpJQUlBd2dISUhxcWozbzNiTUVIVlBrQWV6Nzlyb2FnWUh6Y0NvcFJXNE9HaDFrVEZEZDEwTWcxOUk0aXNJQXlROEFHTk15Q1dxWUFqQjBJYUtnR2xHMGdMNGlNajR6dEJWU2JvQUxLVmtFMTRqdGlXbG1qWVgyTkFpMm43STV5R2dZUmRzUUNDc0lIQkJxcFpjb2VDT2hvYlU0UEJuU3NCalMwc3kyelY5RGFmUnBxdUhwUmlka0xxRGFCQ1dyZHA5YlY2M0U2ZUIvaFJTVU5QVVpHd21GZklCQjB6OEFsZFhhR2VKdG1HT2FuZ0tFSHRBWmphUVRmaXVYU3VGcWZGUlFWTlRsVXp3a25UUWU3RXhlNE5KeFZjRUUvSzZjelFiOWgrRmtlNWdyemFrNlEwcHJkclo4ZEp1UGdjY1B2WkY2VlR5NHRpWVZUMlNUa3NTMnFLRkdSVTVSMGtEWjg4REdrb3YvNUZEck5SWFNNQ3lxcTVESEpQTkRUUWE5T0FVY0lnNTJXV0ltdnVoVW93cFJLemN6T3gyZlBSK05VQ2gwNEZIVWxBeVVxRm1hRzNsMHkrRkNDUWtteVNrbDVVYVRVK200b29uRTBUVUdKcHpnRmQxYjZCZ1FGaityRkEwd1RUZmNaYnFiRkNoeHFEaHhxQmh5eUFRN1ZBNGRzZ2RubXdHd3pZTllHbUswSFptMkJRWE5nVUFmY3E0M1dCemNkMjJ0a3VPcHlPU2RuS1hobTd0ejh6SFJpTmo0M003VEFKK1ZMUXd1YWcvQXJEcThmdkVRdTRmbHprRElHVGxtQityUXdkUHA5RlEyQVJRTUxQUnhpWTNKMTNFejFRSzE2VlpBR0VNMFViSmE1K3NSWkFqWVRoMHhObkd4Q3Rsa0ROdXZSZm0vZ0Z3YWRrYTlJMjFFMTBoWkJOZnBWcGxwTFovaGliZTNGMm5XYTZxOTY5OU9EZE9VUmZ4ZkZJdGhFci9zQmk2TU5IOTJKdFhNS2JYTUsyVG1GdHptRnJVNTJLbWdCdjhMeWpWRWl2S3hTdjVBRmFhY2p3Z3dsNDlXRVlwbVRSUmlWZVRoRmh4bWE0dEJpc1VSTVRjVXF6VmNHQ1JrZ0lTdEl5QVFKN1E4SWE0Q3dWaERXQkdIM0J3UVlJTUFLQWt3UXNEOGdCb1lWZ3FFMUFOdjVqYUpWclRpb0NPSk5ITXZ4TUVjbEM5WlR4M0lPV0NxenBjUlVkajBWN0VBdDdkVDBtRjhGZ2o3ekRJWXFGK2ZTU2pyZ2RMYjcrTUJSOU80TE9ORjVmMVpJWjlScCtlcDBEbktMcHlRdUtVSSt3d2VjbDVHWHkrblF2RG91Q29xQU9qSTg3eVEwaXlzT3I2ckVzYTMxdTV0MzNuKzU4ZWkvejI5dFBmemQ1aGNmRkw5WmVYSDlBZkw3RWZZakR4TmRwY2NiVzMrNVU3NTVmZXZUVzhqZVo5aDlMNTgrTGQ2OHYvWGtSdW5wSFRRUDZobzB1dnlvQzl2dmJwUSsrcVIwNDdlYmExOXNmdjRoY2hqMkdZRmhFajA4SDNCYzVwM0FOTHF4MFJmd0JMdlI3MXJ1SWlmbTRXa0Jpanpod2lrSkhzWldITFp1OUdBajNxL0J6c1J4M0RVdDV5VStIZXlvYU5EamR4NFpSQzlFclB4ckZNb04vQkRRdjFJTmJvdmU3Mnh6NnoxSCs5dWQ2YlFXR2FHRlEzYnJBWkMrS2liWmt5YVA3QU5DeCs0UkFETzRkZStyOHNxZk54L2NMcTUraVFRMkVZQVZJV1NxNnpIVVJXRGU2dnBFa0lkcnFsOEYxMUdQNjNlMG9aa2QyOFR4VnBmNDdtZnJxTTdHN24yMlErWnNuWmJ6YmZmVGpXb3IxcWx0S0x6dHZHako0YXNYL0syYlU0bXVBbnE5TjN6dTNIdkRQQi8wSnVaVkxxZHFWek50L3hSdTNmLzN2enhCVCtLVXhCdW1hUmY1NkQ4ZU5NV3NNZ2M1UGlhSmhReHlpTXV5R0JlV2lNR0Y4ck0vbGo2NmVZa3Fmdmk4ZVB0aDZlTS9sZTYvai9iblF2bit1bVl2YmF5VTF6OHJybnhlL1ByditoN0g0VGtRWng3dmRWbEtpVUpxa2ZqNXU2b2dKcUtaUlZRYzRuSTZMVUt0Q2dpaW9CWjZhZldxcXQ4ZlRjTzBJQ1ZTbWNWcUx6MUFiZS9uaFdXOHgwNmlJa1AzVGZKb0x6dHhHU0VVdFNCQ2dseUdPVlZJY2VJZ0p3cHBhVUtWbHlhWEs5Tk5URllMMGU1WW9wRmVXZUtUb3M2c1c4MEl5dEF5TGhCVE5EM0pvNlFFM0VHM2JUb08xV1hqREM0Uk5jazRnOWNmU2l2NVZ1MWc4anVWREpKSEs1a2ovUmt5c05jMGtkOGxMdTRzUHlqV0p0bkJ2ZmE1SVkvdE9DM2s5MTQ1SCtUYjlsa2d2NzlOd2g5VVpDZC9hTkY3SE45ckhtbHY4d1ZjYUJ2aUVqNnJ3bXdVbFhEVjJjazdlZ0p0K0s4TC9VcHYwOHZYTVMxVVYvQVEvc1VabFVVNTUvM01FWFFsanM5UE96MzRQSFFhOHVwSGtBUHd2SDVFb29lNnEwRk5IZjhWT2NjUEp2R3hPYUc5STVWRVJNTmxqREorNkp0SEpyYm9vNUhGYlZnNmlzL3V4VGEvK1pMWFY1RG1WRno1Mjh0bjk1REZZeDZIdGxlb1BDNVR1b1AxOGhHWnZZWVozeStneDA1ejRoOUxTV1ZwVWtzdmxvMUVBcENVTFhuV2huemxpdkoxa3U4cXIzeFF2TE5hZkx4YStuVFZWZ0xycmVzZUpHaHZKVUhJVGdMend2UjFTaEFvUG5tTWRzOXc2UStyeGFkM1VXdnpyM2VLRzAvcXhkaDJSN3BkRE9PMjFDb0dNd1JzeFhDMUVpTnNKd1o3QUp2aFd4Q0RhQ1hHU0owWWxpdTZYWXVoM1Y1YnhTZy8rRHBXWHYvSHR5dUd1NVVZa1hveHFoZmZyN2RNWG4rK2VmdVJIZm1heTljYTh0VnIySjNVaUk1VzVFZHRWd0w3UnBEM3RDSS9abHNUM2d6eWgxcVJIN2NqSHpxQUEvSUF5SHRia0hjQ3hwYjltN0hwTzF1eXIvOW11RC8xbnhtcllWOWVmeExiWFB2TndiTHYwaXhkK0o1blVxT05RdVkxVG9kNVFWa1N1Y0tFSkV0d2t2OC9nYjBzZGFVaEFBQT0iIENvcnJlbGF0aW9uQmluZGluZz0iIiBVcmxFbmNvZGU9IlRydWUiIC8+DQogICAgICAgIDxGb3JtUG9zdFBhcmFtZXRlciBOYW1lPSJfX1ZJRVdTVEFURSIgVmFsdWU9Int7JEhJRERFTjEuX19WSUVXU1RBVEV9fSIgUmVjb3JkZWRWYWx1ZT0iIiBDb3JyZWxhdGlvbkJpbmRpbmc9IiIgVXJsRW5jb2RlPSJUcnVlIiAvPg0KICAgICAgICA8Rm9ybVBvc3RQYXJhbWV0ZXIgTmFtZT0iX19TQ1JPTExQT1NJVElPTlgiIFZhbHVlPSJ7eyRISURERU4xLl9fU0NST0xMUE9TSVRJT05YfX0iIFJlY29yZGVkVmFsdWU9IjAiIENvcnJlbGF0aW9uQmluZGluZz0iIiBVcmxFbmNvZGU9IlRydWUiIC8+DQogICAgICAgIDxGb3JtUG9zdFBhcmFtZXRlciBOYW1lPSJfX1NDUk9MTFBPU0lUSU9OWSIgVmFsdWU9Int7JEhJRERFTjEuX19TQ1JPTExQT1NJVElPTll9fSIgUmVjb3JkZWRWYWx1ZT0iMCIgQ29ycmVsYXRpb25CaW5kaW5nPSIiIFVybEVuY29kZT0iVHJ1ZSIgLz4NCiAgICAgICAgPEZvcm1Qb3N0UGFyYW1ldGVyIE5hbWU9Il9fVklFV1NUQVRFRU5DUllQVEVEIiBWYWx1ZT0ie3skSElEREVOMS5fX1ZJRVdTVEFURUVOQ1JZUFRFRH19IiBSZWNvcmRlZFZhbHVlPSIiIENvcnJlbGF0aW9uQmluZGluZz0iIiBVcmxFbmNvZGU9IlRydWUiIC8+DQogICAgICAgIDxGb3JtUG9zdFBhcmFtZXRlciBOYW1lPSJfX0VWRU5UVkFMSURBVElPTiIgVmFsdWU9Int7JEhJRERFTjEuX19FVkVOVFZBTElEQVRJT059fSIgUmVjb3JkZWRWYWx1ZT0ialM2NXRFMkxmRFl3cXNpcjlPK2FiZkxJVFIvVEcxMVhOVXhncWFjQWNnTGJpN2dVUEZQeTFHV0VjTyswVWRSbXVMZnVkREJmY0hUTzFlNlQ4MzB3Rng4bTFERmhoUFlRQzBLeEorVkErY3FjclcyaVlqSXYzZVNlcXg5dXRCaU1PMGRQaVhPOWRRVkFzSVZ6alFhYzhlLzB2d3pPbW5ucmJnTXBIRFo3eUErNFpRZGN0aWFMUnl5WkZqS2hIblZTcnpWKzRxWVJkdmllUWhuTm9waDJzeGhldG9TR2tBb3hhbUZtdzBzT1lIQmFheUVjWmY1Q21tRy9XQ2szUXdzQkhtRUZIUkVVeW12TjlNOXdMbjZvSEZ0UFNmeXR4cHBJdW1Pb0tRbDl4cHRQK1ZxYjNNdXNZOUJNdkplOStvWnJDMGtZRUpjK0ZPYkFuS3o1dkxGU0lLeW1YMHA0dm1CODVaOXhpQjgzZGxWdDBWcEFWQlg3ZlpXRUdBaVNMYjF0ekdQL1RsczdtUythSFdMbnM4cFJNZnlKUXdxV1k1dDhPc2xKVVkxbEYwbW42b1dNdnMyVC9iTlRZUkRVc2wvamN3SklCMTB3UXZrWUtndk1MeW5lcmVDamNmdnNDdjYrSVl6MDNmZ244dUhwclJrcnRUL1ZUSTNPUEtuWEdhNU91b0Uzbng2Q3k3T08zeHFKb2x6NkZFbnRRMDFtMVduRFlNa281d3Q5bFl3Y3lvUzd2WXlOUXk2Q2NCZmRGWngraDlVQnNJUVpxd2hRdGZWVDdkTU5WT0FBY1dTK2RDOFRua1d0NUZsSGJ6S1RUeGxmVTVLR0N0V1BQUjU5N3dycVpFSDg2cHVEWjArK2VHdit6WDIweHlqMTdoYjJrcUlKMm96N0hQVmxaUnJLSUsvMXVXT3l6THZKdWdhQTNqdGJtcStDSVdFSnByMmJsWkxzYkNqdkpqNGxJckk2VUc1VTU0NDVzamkwcFFnelYzYTQ1MWpyamF5M21iTGhmOWhLU2lKbHNlbHdDaDd3VWZZUG9rMkZxNEs4bjNuakdBdWNaZHVaL1Urdno0M3lIQ3BaNXlaakdCV2R1SGNydHlBd0xCeHpObi85S0QzVUdTd1lObGFBcGFMenVZdThwcmV3czBDby9jaTlqQVZhL09mZkVTVFdFK1lZY3Myb0o2RjJxbEJYNGVqV1ROODhmZzdyK28wNWpvRDF1ZnUxTWNVdC94dEJYM1hCQWg5ckNZU3I2NnExTXNZR3JRRzFwcy82VXBJTHRGRUxNZ2YrWnNWTmVMSG1YYVRFU283bm1Kbjk1cy9vK3h0Myt6SkRVakR2WStxYkhPZG53WkNYR0lnbXVtQUtuYU9EblIyYk9xeGpjYWxYRnBVRmZKS29kOTg0T1NRdGVPZVE1MWUwd1pGZzZMSGZXSG1pY0hJbDNRbjNwQkZLRUpPUG1nekFxOGQ3NmZyRUdlZk9DUFptRlRrU20xRUkrS1prcCs3bUpGZUlmVnJDZGdJTjVaMFAwOGVLWWgwTk45WTAzTHBHUVEwMmRpYU9aeWJWQy9Wck9wd0VCamdSWm1yYzh1eHVERDdITG8yaFl0STl1S3MxL3BtWDRzTnJSNlM5aWIya1lDZGRLWXV4MzhBdHZiNnJHdWZsMVp2MzBZK2ZENHp0YmpDSVpQWFVTNUdHdzRrVmVodGhrQzJoYXhhaUh4TTR0WTB5N1BuZitzdDBjRktiOUFaTjVVVTZiM2M2aENtalYyR24ySDNFRUU3amhsNjdBOUJlZ1IvanlmRjVFZklZS0VWV3pxaURXb1NsTDFjeldveE1Xbk8vSExWZkd3N3FuYTNYUWI1c2lvVTZNVnlheHYwL3F6VG5RNkdWeTZkZWVXZjBEZWljd3F2eSs3SE9NWkVBRERvUC9qUCtmdlpQNGd5QTRiWFNFMlM3NUxZeTFCV2Rrc0VJYlQyMFZMSXh4UHBKZXYzUVBqVncyRVNPMmZqREt1V3p0Y1Y3WFROY3Y0RlRMSmFOVVNscDRzZlB5VU5zMUZqbXVPdDBycXZ4ZnlQV3lySGxRTGFObTBvUXJJTFZHMGRQUW1EblNiRm9RSnFYa2xEZit5VFQyUmdjZCtrU0xqMXNxNDBJMXkvVWY4eTB6bW91Qi9rN0VMMmtWTUdFNTZtcVVMTExneldESk9EZGNpUUxvYU9zTmtxSXRvQkhIbEkwYkE9PSIgQ29ycmVsYXRpb25CaW5kaW5nPSIiIFVybEVuY29kZT0iVHJ1ZSIgLz4NCiAgICAgICAgPEZvcm1Qb3N0UGFyYW1ldGVyIE5hbWU9IlNjcmVlbldpZHRoIiBWYWx1ZT0ie3skSElEREVOMS5TY3JlZW5XaWR0aH19IiBSZWNvcmRlZFZhbHVlPSIiIENvcnJlbGF0aW9uQmluZGluZz0iIiBVcmxFbmNvZGU9IlRydWUiIC8+DQogICAgICAgIDxGb3JtUG9zdFBhcmFtZXRlciBOYW1lPSJTY3JlZW5IZWlnaHQiIFZhbHVlPSJ7eyRISURERU4xLlNjcmVlbkhlaWdodH19IiBSZWNvcmRlZFZhbHVlPSIiIENvcnJlbGF0aW9uQmluZGluZz0iIiBVcmxFbmNvZGU9IlRydWUiIC8+DQogICAgICAgIDxGb3JtUG9zdFBhcmFtZXRlciBOYW1lPSJidG5EZWxldGUiIFZhbHVlPSLliKrpmaQiIFJlY29yZGVkVmFsdWU9IuWIqumZpCIgQ29ycmVsYXRpb25CaW5kaW5nPSJ7e0Zvcm1Qb3N0UGFyYW05LmJ0bkRlbGV0ZX19IiBVcmxFbmNvZGU9IlRydWUiIC8+DQogICAgICAgIDxGb3JtUG9zdFBhcmFtZXRlciBOYW1lPSJkZGxPcmdBbmRGbG93IiBWYWx1ZT0iIiBSZWNvcmRlZFZhbHVlPSIiIENvcnJlbGF0aW9uQmluZGluZz0iIiBVcmxFbmNvZGU9IlRydWUiIC8+DQogICAgICAgIDxGb3JtUG9zdFBhcmFtZXRlciBOYW1lPSJkZGxRdWVyeUNvbmRpdGlvbnMiIFZhbHVlPSIwIiBSZWNvcmRlZFZhbHVlPSIwIiBDb3JyZWxhdGlvbkJpbmRpbmc9Int7Rm9ybVBvc3RQYXJhbTExLmRkbFF1ZXJ5Q29uZGl0aW9uc319IiBVcmxFbmNvZGU9IlRydWUiIC8+DQogICAgICAgIDxGb3JtUG9zdFBhcmFtZXRlciBOYW1lPSJ0eHRPVEVtcElEIiBWYWx1ZT0iMTAyMTE5IiBSZWNvcmRlZFZhbHVlPSIxMDIxMTkiIENvcnJlbGF0aW9uQmluZGluZz0ie3tGb3JtUG9zdFBhcmFtMTAudHh0T1RFbXBJRH19IiBVcmxFbmNvZGU9IlRydWUiIC8+DQogICAgICAgIDxGb3JtUG9zdFBhcmFtZXRlciBOYW1lPSJ0eHRPVEVtcE5hbWUiIFZhbHVlPSIiIFJlY29yZGVkVmFsdWU9IiIgQ29ycmVsYXRpb25CaW5kaW5nPSIiIFVybEVuY29kZT0iVHJ1ZSIgLz4NCiAgICAgICAgPEZvcm1Qb3N0UGFyYW1ldGVyIE5hbWU9InR4dE9URm9ybU5PIiBWYWx1ZT0iIiBSZWNvcmRlZFZhbHVlPSIiIENvcnJlbGF0aW9uQmluZGluZz0iIiBVcmxFbmNvZGU9IlRydWUiIC8+DQogICAgICAgIDxGb3JtUG9zdFBhcmFtZXRlciBOYW1lPSJkZGxPVFN0YXR1cyIgVmFsdWU9IjEiIFJlY29yZGVkVmFsdWU9IjEiIENvcnJlbGF0aW9uQmluZGluZz0ie3tGb3JtUG9zdFBhcmFtMTIuZGRsT1RTdGF0dXN9fSIgVXJsRW5jb2RlPSJUcnVlIiAvPg0KICAgICAgICA8Rm9ybVBvc3RQYXJhbWV0ZXIgTmFtZT0idHh0T1REYXRlQmVnaW4kdHh0RGF0ZSIgVmFsdWU9IiIgUmVjb3JkZWRWYWx1ZT0iIiBDb3JyZWxhdGlvbkJpbmRpbmc9IiIgVXJsRW5jb2RlPSJUcnVlIiAvPg0KICAgICAgICA8Rm9ybVBvc3RQYXJhbWV0ZXIgTmFtZT0idHh0T1REYXRlRW5kJHR4dERhdGUiIFZhbHVlPSIiIFJlY29yZGVkVmFsdWU9IiIgQ29ycmVsYXRpb25CaW5kaW5nPSIiIFVybEVuY29kZT0iVHJ1ZSIgLz4NCiAgICAgICAgPEZvcm1Qb3N0UGFyYW1ldGVyIE5hbWU9Imd2TWFpbiRjdGwwMiRjaGtDaG9vc2UiIFZhbHVlPSJvbiIgUmVjb3JkZWRWYWx1ZT0ib24iIENvcnJlbGF0aW9uQmluZGluZz0iIiBVcmxFbmNvZGU9IlRydWUiIC8+DQogICAgICAgIDxGb3JtUG9zdFBhcmFtZXRlciBOYW1lPSJ1Y01vZGFsUG9wdXAxJENsaWVudFdpZHRoIiBWYWx1ZT0ie3skSElEREVOMS51Y01vZGFsUG9wdXAxJENsaWVudFdpZHRofX0iIFJlY29yZGVkVmFsdWU9IjAiIENvcnJlbGF0aW9uQmluZGluZz0iIiBVcmxFbmNvZGU9IlRydWUiIC8+DQogICAgICAgIDxGb3JtUG9zdFBhcmFtZXRlciBOYW1lPSJ1Y01vZGFsUG9wdXAxJENsaWVudEhlaWdodCIgVmFsdWU9Int7JEhJRERFTjEudWNNb2RhbFBvcHVwMSRDbGllbnRIZWlnaHR9fSIgUmVjb3JkZWRWYWx1ZT0iMCIgQ29ycmVsYXRpb25CaW5kaW5nPSIiIFVybEVuY29kZT0iVHJ1ZSIgLz4NCiAgICAgIDwvRm9ybVBvc3RIdHRwQm9keT4NCiAgICA8L1JlcXVlc3Q+DQogICAgPFJlcXVlc3QgTWV0aG9kPSJQT1NUIiBHdWlkPSJlODUyZmY2Ny1jNjdkLTQ0MmEtYjJjZC0yZTNjOGYyOWE4NGUiIFZlcnNpb249IjEuMSIgVXJsPSJodHRwOi8vMTAuMTEuMzYuMTE0OjgwMDcvT3ZlclRpbWUvT3ZlcnRpbWVQcmVPcmRlci5hc3B4IiBUaGlua1RpbWU9IjYiIFRpbWVvdXQ9IjMwMCIgUGFyc2VEZXBlbmRlbnRSZXF1ZXN0cz0iVHJ1ZSIgRm9sbG93UmVkaXJlY3RzPSJUcnVlIiBSZWNvcmRSZXN1bHQ9IlRydWUiIENhY2hlPSJGYWxzZSIgUmVzcG9uc2VUaW1lR29hbD0iMCIgRW5jb2Rpbmc9InV0Zi04IiBFeHBlY3RlZEh0dHBTdGF0dXNDb2RlPSIwIiBFeHBlY3RlZFJlc3BvbnNlVXJsPSIiIFJlcG9ydGluZ05hbWU9IiIgSWdub3JlSHR0cFN0YXR1c0NvZGU9IkZhbHNlIj4NCiAgICAgIDxFeHRyYWN0aW9uUnVsZXM+DQogICAgICAgIDxFeHRyYWN0aW9uUnVsZSBDbGFzc25hbWU9Ik1pY3Jvc29mdC5WaXN1YWxTdHVkaW8uVGVzdFRvb2xzLldlYlRlc3RpbmcuUnVsZXMuRXh0cmFjdEhpZGRlbkZpZWxkcywgTWljcm9zb2Z0LlZpc3VhbFN0dWRpby5RdWFsaXR5VG9vbHMuV2ViVGVzdEZyYW1ld29yaywgVmVyc2lvbj0xMC4wLjAuMCwgQ3VsdHVyZT1uZXV0cmFsLCBQdWJsaWNLZXlUb2tlbj1iMDNmNWY3ZjExZDUwYTNhIiBWYXJpYWJsZU5hbWU9IjEiIERpc3BsYXlOYW1lPSLmk7flj5bpmrHol4/mrITkvY0iIERlc2NyaXB0aW9uPSLmk7flj5blm57mh4nkuK3nmoTmiYDmnInpmrHol4/mrITkvY3vvIzkuKblsIflroPlgJHmlL7lnKjmuKzoqablhaflrrnkuK3jgIIiPg0KICAgICAgICAgIDxSdWxlUGFyYW1ldGVycz4NCiAgICAgICAgICAgIDxSdWxlUGFyYW1ldGVyIE5hbWU9IlJlcXVpcmVkIiBWYWx1ZT0iVHJ1ZSIgLz4NCiAgICAgICAgICAgIDxSdWxlUGFyYW1ldGVyIE5hbWU9Ikh0bWxEZWNvZGUiIFZhbHVlPSJUcnVlIiAvPg0KICAgICAgICAgIDwvUnVsZVBhcmFtZXRlcnM+DQogICAgICAgIDwvRXh0cmFjdGlvblJ1bGU+DQogICAgICA8L0V4dHJhY3Rpb25SdWxlcz4NCiAgICAgIDxDb3JyZWxhdGlvbkV4dHJhY3Rpb25SdWxlcz4NCiAgICAgICAgPEV4dHJhY3Rpb25SdWxlIENsYXNzbmFtZT0iTWljcm9zb2Z0LlZpc3VhbFN0dWRpby5UZXN0VG9vbHMuV2ViVGVzdGluZy5SdWxlcy5FeHRyYWN0Rm9ybUZpZWxkLCBNaWNyb3NvZnQuVmlzdWFsU3R1ZGlvLlF1YWxpdHlUb29scy5XZWJUZXN0RnJhbWV3b3JrLCBWZXJzaW9uPTEwLjAuMC4wLCBDdWx0dXJlPW5ldXRyYWwsIFB1YmxpY0tleVRva2VuPWIwM2Y1ZjdmMTFkNTBhM2EiIFZhcmlhYmxlTmFtZT0iRm9ybVBvc3RQYXJhbTEuYnRuUXVlcnkiIERpc3BsYXlOYW1lPSIiIERlc2NyaXB0aW9uPSIiPg0KICAgICAgICAgIDxSdWxlUGFyYW1ldGVycz4NCiAgICAgICAgICAgIDxSdWxlUGFyYW1ldGVyIE5hbWU9Ik5hbWUiIFZhbHVlPSJidG5RdWVyeSIgLz4NCiAgICAgICAgICAgIDxSdWxlUGFyYW1ldGVyIE5hbWU9Ikh0bWxEZWNvZGUiIFZhbHVlPSJUcnVlIiAvPg0KICAgICAgICAgICAgPFJ1bGVQYXJhbWV0ZXIgTmFtZT0iUmVxdWlyZWQiIFZhbHVlPSJGYWxzZSIgLz4NCiAgICAgICAgICAgIDxSdWxlUGFyYW1ldGVyIE5hbWU9IkluZGV4IiBWYWx1ZT0iMCIgLz4NCiAgICAgICAgICA8L1J1bGVQYXJhbWV0ZXJzPg0KICAgICAgICA8L0V4dHJhY3Rpb25SdWxlPg0KICAgICAgICA8RXh0cmFjdGlvblJ1bGUgQ2xhc3NuYW1lPSJNaWNyb3NvZnQuVmlzdWFsU3R1ZGlvLlRlc3RUb29scy5XZWJUZXN0aW5nLlJ1bGVzLkV4dHJhY3RGb3JtRmllbGQsIE1pY3Jvc29mdC5WaXN1YWxTdHVkaW8uUXVhbGl0eVRvb2xzLldlYlRlc3RGcmFtZXdvcmssIFZlcnNpb249MTAuMC4wLjAsIEN1bHR1cmU9bmV1dHJhbCwgUHVibGljS2V5VG9rZW49YjAzZjVmN2YxMWQ1MGEzYSIgVmFyaWFibGVOYW1lPSJGb3JtUG9zdFBhcmFtMi50eHRPVEVtcElEIiBEaXNwbGF5TmFtZT0iIiBEZXNjcmlwdGlvbj0iIj4NCiAgICAgICAgICA8UnVsZVBhcmFtZXRlcnM+DQogICAgICAgICAgICA8UnVsZVBhcmFtZXRlciBOYW1lPSJOYW1lIiBWYWx1ZT0idHh0T1RFbXBJRCIgLz4NCiAgICAgICAgICAgIDxSdWxlUGFyYW1ldGVyIE5hbWU9Ikh0bWxEZWNvZGUiIFZhbHVlPSJUcnVlIiAvPg0KICAgICAgICAgICAgPFJ1bGVQYXJhbWV0ZXIgTmFtZT0iUmVxdWlyZWQiIFZhbHVlPSJGYWxzZSIgLz4NCiAgICAgICAgICAgIDxSdWxlUGFyYW1ldGVyIE5hbWU9IkluZGV4IiBWYWx1ZT0iMCIgLz4NCiAgICAgICAgICA8L1J1bGVQYXJhbWV0ZXJzPg0KICAgICAgICA8L0V4dHJhY3Rpb25SdWxlPg0KICAgICAgICA8RXh0cmFjdGlvblJ1bGUgQ2xhc3NuYW1lPSJNaWNyb3NvZnQuVmlzdWFsU3R1ZGlvLlRlc3RUb29scy5XZWJUZXN0aW5nLlJ1bGVzLkV4dHJhY3RUZXh0LCBNaWNyb3NvZnQuVmlzdWFsU3R1ZGlvLlF1YWxpdHlUb29scy5XZWJUZXN0RnJhbWV3b3JrLCBWZXJzaW9uPTEwLjAuMC4wLCBDdWx0dXJlPW5ldXRyYWwsIFB1YmxpY0tleVRva2VuPWIwM2Y1ZjdmMTFkNTBhM2EiIFZhcmlhYmxlTmFtZT0iRm9ybVBvc3RQYXJhbTMuZGRsUXVlcnlDb25kaXRpb25zIiBEaXNwbGF5TmFtZT0iIiBEZXNjcmlwdGlvbj0iIj4NCiAgICAgICAgICA8UnVsZVBhcmFtZXRlcnM+DQogICAgICAgICAgICA8UnVsZVBhcmFtZXRlciBOYW1lPSJTdGFydHNXaXRoIiBWYWx1ZT0icyZxdW90OzpbJnF1b3Q7IiAvPg0KICAgICAgICAgICAgPFJ1bGVQYXJhbWV0ZXIgTmFtZT0iRW5kc1dpdGgiIFZhbHVlPSImcXVvdDssJnF1b3Q7MSZxdW90OyIgLz4NCiAgICAgICAgICAgIDxSdWxlUGFyYW1ldGVyIE5hbWU9IkluZGV4IiBWYWx1ZT0iMCIgLz4NCiAgICAgICAgICAgIDxSdWxlUGFyYW1ldGVyIE5hbWU9Iklnbm9yZUNhc2UiIFZhbHVlPSJGYWxzZSIgLz4NCiAgICAgICAgICAgIDxSdWxlUGFyYW1ldGVyIE5hbWU9IlVzZVJlZ3VsYXJFeHByZXNzaW9uIiBWYWx1ZT0iRmFsc2UiIC8+DQogICAgICAgICAgICA8UnVsZVBhcmFtZXRlciBOYW1lPSJIdG1sRGVjb2RlIiBWYWx1ZT0iVHJ1ZSIgLz4NCiAgICAgICAgICAgIDxSdWxlUGFyYW1ldGVyIE5hbWU9IlJlcXVpcmVkIiBWYWx1ZT0iRmFsc2UiIC8+DQogICAgICAgICAgPC9SdWxlUGFyYW1ldGVycz4NCiAgICAgICAgPC9FeHRyYWN0aW9uUnVsZT4NCiAgICAgICAgPEV4dHJhY3Rpb25SdWxlIENsYXNzbmFtZT0iTWljcm9zb2Z0LlZpc3VhbFN0dWRpby5UZXN0VG9vbHMuV2ViVGVzdGluZy5SdWxlcy5FeHRyYWN0VGV4dCwgTWljcm9zb2Z0LlZpc3VhbFN0dWRpby5RdWFsaXR5VG9vbHMuV2ViVGVzdEZyYW1ld29yaywgVmVyc2lvbj0xMC4wLjAuMCwgQ3VsdHVyZT1uZXV0cmFsLCBQdWJsaWNLZXlUb2tlbj1iMDNmNWY3ZjExZDUwYTNhIiBWYXJpYWJsZU5hbWU9IkZvcm1Qb3N0UGFyYW00LmRkbE9UU3RhdHVzIiBEaXNwbGF5TmFtZT0iIiBEZXNjcmlwdGlvbj0iIj4NCiAgICAgICAgICA8UnVsZVBhcmFtZXRlcnM+DQogICAgICAgICAgICA8UnVsZVBhcmFtZXRlciBOYW1lPSJTdGFydHNXaXRoIiBWYWx1ZT0iJnF1b3Q7NCZxdW90OywmcXVvdDsiIC8+DQogICAgICAgICAgICA8UnVsZVBhcmFtZXRlciBOYW1lPSJFbmRzV2l0aCIgVmFsdWU9IiZxdW90OywmcXVvdDs2JnF1b3Q7IiAvPg0KICAgICAgICAgICAgPFJ1bGVQYXJhbWV0ZXIgTmFtZT0iSW5kZXgiIFZhbHVlPSIwIiAvPg0KICAgICAgICAgICAgPFJ1bGVQYXJhbWV0ZXIgTmFtZT0iSWdub3JlQ2FzZSIgVmFsdWU9IkZhbHNlIiAvPg0KICAgICAgICAgICAgPFJ1bGVQYXJhbWV0ZXIgTmFtZT0iVXNlUmVndWxhckV4cHJlc3Npb24iIFZhbHVlPSJGYWxzZSIgLz4NCiAgICAgICAgICAgIDxSdWxlUGFyYW1ldGVyIE5hbWU9Ikh0bWxEZWNvZGUiIFZhbHVlPSJUcnVlIiAvPg0KICAgICAgICAgICAgPFJ1bGVQYXJhbWV0ZXIgTmFtZT0iUmVxdWlyZWQiIFZhbHVlPSJGYWxzZSIgLz4NCiAgICAgICAgICA8L1J1bGVQYXJhbWV0ZXJzPg0KICAgICAgICA8L0V4dHJhY3Rpb25SdWxlPg0KICAgICAgPC9Db3JyZWxhdGlvbkV4dHJhY3Rpb25SdWxlcz4NCiAgICAgIDxGb3JtUG9zdEh0dHBCb2R5Pg0KICAgICAgICA8Rm9ybVBvc3RQYXJhbWV0ZXIgTmFtZT0iVG9vbGtpdFNjcmlwdE1hbmFnZXIxX0hpZGRlbkZpZWxkIiBWYWx1ZT0ie3skSElEREVOMS5Ub29sa2l0U2NyaXB0TWFuYWdlcjFfSGlkZGVuRmllbGR9fSIgUmVjb3JkZWRWYWx1ZT0iIiBDb3JyZWxhdGlvbkJpbmRpbmc9IiIgVXJsRW5jb2RlPSJUcnVlIiAvPg0KICAgICAgICA8Rm9ybVBvc3RQYXJhbWV0ZXIgTmFtZT0iX19FVkVOVFRBUkdFVCIgVmFsdWU9Int7JEhJRERFTjEuX19FVkVOVFRBUkdFVH19IiBSZWNvcmRlZFZhbHVlPSIiIENvcnJlbGF0aW9uQmluZGluZz0iIiBVcmxFbmNvZGU9IlRydWUiIC8+DQogICAgICAgIDxGb3JtUG9zdFBhcmFtZXRlciBOYW1lPSJfX0VWRU5UQVJHVU1FTlQiIFZhbHVlPSJ7eyRISURERU4xLl9fRVZFTlRBUkdVTUVOVH19IiBSZWNvcmRlZFZhbHVlPSIiIENvcnJlbGF0aW9uQmluZGluZz0iIiBVcmxFbmNvZGU9IlRydWUiIC8+DQogICAgICAgIDxGb3JtUG9zdFBhcmFtZXRlciBOYW1lPSJfX0xBU1RGT0NVUyIgVmFsdWU9Int7JEhJRERFTjEuX19MQVNURk9DVVN9fSIgUmVjb3JkZWRWYWx1ZT0iIiBDb3JyZWxhdGlvbkJpbmRpbmc9IiIgVXJsRW5jb2RlPSJUcnVlIiAvPg0KICAgICAgICA8Rm9ybVBvc3RQYXJhbWV0ZXIgTmFtZT0iX19WU1RBVEUiIFZhbHVlPSJ7eyRISURERU4xLl9fVlNUQVRFfX0iIFJlY29yZGVkVmFsdWU9IkFSK0xDQUFBQUFBQUJBRGRXdDF2RTlrVnQ1Mk00emlCd0M1eDJXMXJEeEd0UWNIeHpOajUvbGdSQjVab0FkUEVvRlZaWkUwOE4vWnN4alB1ekRnZmZWaFJxU3lVN2dwV0M3UXNWYXVWdHV4WFdXMkZXbEdncS9ZLzZFTWYrb3h3UXA3NjFHZDY3cDBaZTJ5UGt3QkpWbHBIR2MrY2UrNzVuZk83OTU1N0pqZFAzUjE3UFZRd25VNG9zcTRxa2phRmZsWVVWWFJLMGZSeFBqUDNCbHBLcHdQdFZHZDIvZ1F2eXZzenVzU3creE01bEprN0xFbFV3Q2JtOW1keWM0bWNvbWlvU2g1cklJODNrUGMya1BjMWtQYzNrQTgwa0E4NnkxbW1nWnh0SUxmSDZ6WGtIU1BkcnZZbWI2ZmZsMHdsbEh4aGNxSWxtVHFDdjczSjFBU3ZJL2hLaVhuVW5reE42N3hlMUU3eWVkUUdNa1huSmR3QTZxbEZlWExDWnluQXpWRkZ6WjlNK285S3lrS0MxeERZM05QdGFvTmZQK1dkUG5Wcy9BMlc4cklNeDdLRFZDZkhzUDFScGpmSzlyMVR1YVhhR0dhSVlkNWhXTGhTM3VXUHZpemQrZTJCZzJlbmx6UWQ1WHNtVUViTTg5SWhPcTlsRkZVU1p3N1JaNUNxaVlvOEd1OWg4TThoT2xHVTlLS0tSbVZVMUZXc2U2bzRJNGtabUIwcFpRN0pvelA5L1h4dnByZVBIWXpGRVRNdzJNVDJNRlRBOE03d0RidkQ5TEo5REV1NVdXcFg1ZEZvUnV2RXcxYmlZWjNqNlc1dUNNb09EdHBCTWVyNm9QRW9aNEhpV3dPMDd4MjRnZ2MyVUthSGRRQ05jMngxcEN3N3NDMmdzU3BRcmdHOWJOOWc3OENMZ0JJRFpWQ3VBa29DMzFDazVUa2FOK1lvUzhhVTI5Q1l4dGsrcnRjR3lzYTNDYlN2T2xKdVcwRDdxOGQwZTBBSHFrQmpHMXN5THdwYXZVNWpEV2N2cEpnWEFTVUdMRkQ3T3JYUFhwL0hMWFJRZmtocDhOalhHNDkzQlBZR3ZST29vRTlPVUsrR0dZWjVuV1hDaDhnTlk3c0p2cFJVc3poYkh4YzFIVzU1eU9lVUp4d083a3lmNHJOb1VzTUovYmlTelFVOWdzNzk4MldYMitWeVBZVVAvc2FmZGc5Y1RsclptZGY1VFVqSUZEYmVhYk5KTGlsK1JrSk4wUEpLK2FsbkN1VVZYWlN6Sm1Ucm0zbHBPcE5EZWI0TjdpYkUyZG5YVlQ3ZjVIYnZOSTJaZXRqblZteksyd3lYLzdXTnZMYVlsK2g1MCs4dVlMK0xSbkpHRWNEMGFGZFJuNDJ3ZlYydmplM3dqeXhxUXhvQm9LR0hySTEyZFJrM1E0dHduOVAxd2xBMHVyQ3cwTE1RNjFIVWJKUmpHRGI2NW9uamhsT1dibDRUSUFJd3JNcW1OUzJTRnpPcW9pbXplaVNqNUlkQUwySm9kUUVxVFdOY0pLRThrblZhaG0xNHRJdkV6eHF0Ump2MEswaG9NYlZVUUtiVWtHdFFKRUV3RmFHVE9iTHZkOUU2ZEI3dHdwMTBGV0x2b2cwbmhuUmV6U0lkRndCYWdjOGdISFplbEpPWlRGR0Z1SUd0NkpyV1NZR2c2cmlvMkVLTUk3S3d4UWdrQ2x6NmJHMFVXNHhnRkh0YkNHQVVnVnM3RG1ZOXVvVWc1VHAzS3pGdy9id3A5a2VpOVV1ZHlHclRBaEdhZmpUSUxYcStnRlBzTk5MTG5reHFwZ1JhMVNJcXkvR0xSRGtkbDdPUzFYcGFRNG1pcW9MbDQwcUd4d3FrOHdhU1ZpYW5pQmxVRTIyZVg3U2VpdktNVXBRRkpGUTQyRWkwQmtzazVZNTVLY2o5ZjZCR0JOZ21zdXFROGNYbm55ZEhtMzBNRSt2MXNZQWk4MmI2SHFud2JZVmk4RWlicm9tQ3hXeUZXbFZaU0tvQ1Vna3hwbDZPMXhJNVhzNGlJRWlVTmFUcXdFK0ZWcExqeDR5Q1lTUnFQSlViYlNsNnJQSTJOaEsxeTIzS1pxNnRVYldrdFZieEtocURpb01wMnlPU2FudUdFbXNvV2M4MkZTTnRqUmxWRWRZeEJUWVZJL0dNMWI2dllXV3pxZG96TTRtTXNhWmYxck5OcTV3RnhxQXF3R29WZ1YwTHIrTXg1MWRJMG9tMFcvUFVHRXR6ZmxZTi9raTBaamFPTmVNeXBhWjh3VVdMTjMyQ2YxdFI0VXVVOGRkNFVaU0UxdlFVbWhleENpN05mUER4bUdYYVUvUFRGdXcwQzd1ZkZKRzZORTN5RGFudnZBYWRWdVVhM0dmcUhTN3F5dUZDUVZvNmtwOUJBcFlsTkMwaDhacVdEWVpOSFp3RmRQaWRocmt1U2FjVVRkVEJoNlJzL1dFbUcvUWJwU2l1TkZHd3pWWnpVbC9zMUdCOVpuUjZZbkk2TlhreWthSXp2SVpvZWlHSFpEb1paM3BPRjh5NmxCWTFXbFlnU1JVbGlkYnJtNUVFL2NKaHFOd0VtdGR3WTdudGtLamhYZ2R3QjBzVURoODAxU3lKSFRpMk5uQnNMZUNZQTNDc0hqam1DTXl0RGN5dEJjdzVBSFAxd0p3ak1MczJNRnNIZklEME5qcXYyZmVBT2NJVmxWbFZ5ZFBvMk5TSjZZbng5R1JxYXFMbnJEQ2puT3M1U3hURW4vTjQvdUFwY2c3YlZ4RnRkaHkxQXgwa2JoamhIeXh6d05vNHNJV0hYV3djWEYxc0ZudHNOWHNWa0FZUWF6RzQxc2pWRDV6TllXdmdRTFNHa29QTERuUEFZVDQ2cnczOHdhQVR5b0pjaTBxQ3RoRkt3cTlFU3U2TUNCOWR1L2JvMnZrdzNWM1I3ZzVId3VWSG5HNHhDUTdlRzNxc1RkRWhIa09KYzFLSzFTakZuSlRpTlVweHU1SVRDOFRoWjVpK1NWcENzenI5dGlMS0crMFJaMmdGenlid1pVcVJVRUlSMEdnNHpvUnBIaWFMeldONk5GbStmV2FRbUFrU3M0UEVMSkRZNW9Cd0pnaG5CK0VzRUc1elFGZ1RoTFdEc0JZSXV6a2dKb1lkZ2drVEFFZjdadEtxWkJ4SWduZ1JrNUtObmxteTd6cTJmY0NXbVcwcHByenE2V0FMM0pGZDAyZjlTU2ZZWWUzQkNGZmhXUzBiOEhpYU9vVEFIcmgyQkR5dzN4OFhzemw5WEZrY1Z4RS9kMFRHeFllUUV3S2VXZEJxOXJpSlZzc1pLQnVnSVNjSUhvcEltbE5vVWFmMlBybDVmZVhxdTQvdjNmbnZ3L2VlZlBucmxjL2VMMzF6NGRINTI2RDNJNndYMmttMUwzOTk3OG1mcjY1ZVB2L2s0L2RBZnRDVWR6eStmNzkwK2RhVHV4ZVg3MThGTzlBVU1aczZvUW5Mcjk5Yi92Q2o1WXUvV3JuMjJjcW5INEJDdE1OMERBZXhTeEFDN2xuQncxcENMeFoyQkh6Qm5iaGtPc05MUlhSVVJKSkFOZU1oQ2U0Z2J5TGd0aUgwWVNGZXI4RzI5RDdjTkk1ZkdiTEJsaklIdXpvOXV5UHdnY0JXZndHdVhNUVBBZU5QWTVFYTd6czlMcS9Sc3FlN3laUE5FczhvNGs2b3czQWd0S3VDR2RxZERiMjBDUWd0ejQvQU1wRW5ONzVZdmZDbmxkdFhTcGMrQjRJdEJOYU9FTFBZOVpuc0FwaS9NajhCY2tkVjlpdmp1dXR4TzkwdXNPeXVJY2RmbWVMUGI2MmxZbzE3Y1d1dGxyVTIyLzcyL09iNnlZejFrQVdGbDUwZnBoeCtFOEp2SGJ4T3RTL0I1NjNvaVJOdlJRVWg2RStYWDZtOHJuK0k3OTM2OTc5OFFWL2FmSGtDMFhoejZNNS9mR0JpVXB0Q3ZKQ1VwYVVjS0tRVUJWNDhDbFRrN09xRDN5OS9lUGtjWGZyZ1llbktsOHUvK2VQeXJYZGhmWjVkdlhXVHlKZnZYVmk5K1VucHdxZWxyLzVtckhIc25odGlGdkJhVitTTUpHYm1xSitlMWtVcG5jak5RWEpJS2Rtc2hFZ1dFQ1ZSWHpvUTFoZDE0eHh3SEdWRk9aM0p6VlZhdzRmbzJuWkJuTWRyN0RBa21mREJZUUhXc2dlbkVVclRseVJFaGViaGJWVE04RktFbDhTc1BLUXJoZUg1c3JtaDRVb2llcjRvb2FkZmtZVVp5WWhzcDU0VHRaNTVuQ0JHdytGaEFRWWw0QTE2SFllanRXNDBqdUVVVVRVWXgvRDhnMkVOdlZ6ZE9iU25QSUtoenZMSWhRSzUwUGRlZEpoQ2U2a3pHeHNmOEhXTjBjR3R6bU1UZW1YRHd4SjY5Wm5ISS9SOTUxRUkvYUNHd2grV2FROEZiWHdQNHZQcDNVMnVqa0F6TEVPY3dpZmhGVGdCS1Z6M3RBbnVYUUVYL21uZjArMXlHZWxyTDNHMU9kaUszemdUaXFTby9rL2N3ZWIwdnVseGp3L3ZoeDZUWG1NTGNyT0NZR3lSOEZCM3hFdlk2VnhRVkNFeWc3Zk5JWElGbGlRSW85bnNaUjdZV0ZzbWxoaTlRZUkxSlMybEJ6ZVNLOTk4TGhnemlDaVZMdnoxOFlNYklQRloyNkhqVWJpQTA1U2hZRDlFQnJIZkZPTnpJbmhzc3d6L1dKN1JDc05rZURGdE5CQVEydWNZUE9jUWZQbW9lU3VEYjErOThIN3A2cVhTMTVlV1A3N2tTSUg5OVB3RktHaGFqNEtZRXdYV3dmZFdVaEFvM2YwYVZrOTArWGVYU3Zldnc5M0tYNjZXN3QydEo2UG1yTHVXRFBQVTIwNEcwOE02a3RHOEhobHhKeks0YlZnTTN3SVoxSHBrOU5hUllUdHFmVzR5eUg4aDJNbFl2ZjFWY3ZYbTM3OWRNcnpya2RGWFQwYmxIeGkyTmsyZWY3aHk1WTVUOEZXSDZGWEJWNDdUTjVJald0WUx2dDl4Sm5EZmllQjk2d1UvNEpnVHZodkJ0NjRYL0tCVDhMRnQyQ0MzSVhqL09zRjdXTVl4K3UvR29tOWJOL3I2eW5CejhqOHpVQlg5NnMyN3laVnJ2OXplNk51SlpBZitPODh3Q1J0Y0ZraE1Pd1JSSzBqODBwQ3N5R2hZK0QvV0xiZFpiU3NBQUE9PSIgQ29ycmVsYXRpb25CaW5kaW5nPSIiIFVybEVuY29kZT0iVHJ1ZSIgLz4NCiAgICAgICAgPEZvcm1Qb3N0UGFyYW1ldGVyIE5hbWU9Il9fVklFV1NUQVRFIiBWYWx1ZT0ie3skSElEREVOMS5fX1ZJRVdTVEFURX19IiBSZWNvcmRlZFZhbHVlPSIiIENvcnJlbGF0aW9uQmluZGluZz0iIiBVcmxFbmNvZGU9IlRydWUiIC8+DQogICAgICAgIDxGb3JtUG9zdFBhcmFtZXRlciBOYW1lPSJfX1NDUk9MTFBPU0lUSU9OWCIgVmFsdWU9Int7JEhJRERFTjEuX19TQ1JPTExQT1NJVElPTlh9fSIgUmVjb3JkZWRWYWx1ZT0iMCIgQ29ycmVsYXRpb25CaW5kaW5nPSIiIFVybEVuY29kZT0iVHJ1ZSIgLz4NCiAgICAgICAgPEZvcm1Qb3N0UGFyYW1ldGVyIE5hbWU9Il9fU0NST0xMUE9TSVRJT05ZIiBWYWx1ZT0ie3skSElEREVOMS5fX1NDUk9MTFBPU0lUSU9OWX19IiBSZWNvcmRlZFZhbHVlPSIwIiBDb3JyZWxhdGlvbkJpbmRpbmc9IiIgVXJsRW5jb2RlPSJUcnVlIiAvPg0KICAgICAgICA8Rm9ybVBvc3RQYXJhbWV0ZXIgTmFtZT0iX19WSUVXU1RBVEVFTkNSWVBURUQiIFZhbHVlPSJ7eyRISURERU4xLl9fVklFV1NUQVRFRU5DUllQVEVEfX0iIFJlY29yZGVkVmFsdWU9IiIgQ29ycmVsYXRpb25CaW5kaW5nPSIiIFVybEVuY29kZT0iVHJ1ZSIgLz4NCiAgICAgICAgPEZvcm1Qb3N0UGFyYW1ldGVyIE5hbWU9Il9fRVZFTlRWQUxJREFUSU9OIiBWYWx1ZT0ie3skSElEREVOMS5fX0VWRU5UVkFMSURBVElPTn19IiBSZWNvcmRlZFZhbHVlPSJTRUtQWkdRZEZhL1ArT1NZTWYrTlFMcjhJZTJ0TnhrVFZySEJWSHFXMW9CbW03MUs3MTZzemtLSXRRYjBXRDZTQ1FMY1JtZWdUQUhOOGJMWUtyTUN4UUtkWDlxQXU3Wk8zaUlBOHFFREp0a0VTZ1lXcVhuajdteG14d1RQS1lQcHF3aXRsa2JQYnJEY1F0MDlPOUJkbFdRYkdXNVZjRHMvRnFWWnNyVC8wbWhCWkVzRDZkSFY4azV2VE5wNXNGOVNhRjl0SnZqbVNNcmhpNUVza1hveTBmSEEwVkxXTmE4K3l5enNCRUp6cDE5Q3RQOWpHYk9uaVNPVk9mbkkyQUEra2RQeXdGSGJSbkIrY2J4Qmx3K0Q0WVV5NjhQYk1LRThoS2I5STcwSWIxc1JqMXhxWWZaNWZqaXJ4bGx3amZzZStSSytIbGowT3hOVjJsQWp1UCs0WmZqcUFDUWVWNmk2NGRtWUVwR1ZveWlUQk1FbkhMcVB4OXZXNkdTamFpRGZmQkllL0ZCVmc3UmJYTDZoQ0hYNGhodjZvOVFhTXVyWFVPNE1Pc1hiTVhjTjNxcUduOVdxeXdNYXZCeHpOaDJsdE5VOVpLTFJGTFdxbUV1TGlhVU1qd2ZnbjdrUVV0T0hsVmFROTh0b3ZySnFka1piTncvc3dDeEp2Sk4vOHJnWkViUGw2eVFBNGFUQUdKaTZRYWVIbjZJTDh5YzNBRG9UYzR0V2V4Y1poaGhtdVFRM3dETTJRVHNpQW9UTHVHL3hQRWFGeHFWcURuMzdTM0VPektmVDZ3TlVBRzJSeEZtMWw2bDVocHFFdCticmp0TkMxYzJ5dlRSOGZMVDhiL0I3UU8yT3lUc2I1cGhVSzhiaUxyb3ZYdkEyWGVnOEF2eXA1bVhQQXJxbHM4SlRWcGh5OVU5b3J5T1Y2ZHlpTUJvci92bm1VMHc5eldmNFBzMjh5ZTZMMm41TDJiKzBSSmZ0b1gvQnNjbGFSdUNYNmZwU280Q09mS0dydWh1N1AyRnc4K3F5N3NCQmVwSytsUW5LY01VWDdaSDY0d2Z2VWdtY2lZRmJndUV6czJya0F3YXlweG04YjZhYkJYVWdIVUYvY3NKY1pyZ1QvVzdGV3J5NFZPVmhJcTFrS1YxRHdubjRqYm1mRGJyY29zSmxZM1laUUJ4dmVCeHVEczVhbHpRb0dlZ0JjblVhOGoxM0pUNmtYNlRPZUtKOUVSVnFiUXRET1BoajFCSkNoSURFVUkzRlRFaitRaW93TjViSmh2WlhJMmZ0eUhCZEFvK0U4V3JNVU1nTDAyNGwyRnRldW1UbDV6YW1aaHpUbFpYcTdBREJGTm1yNjJnNzZOY1ZuWi9TYlV1aEg5cmlRQzZHcnNVQzR0dzc2bDhBanJ6Y3pNTUxMSTRvTXRwMUdpVDJibDBsQXg3emtoK2VTaElVdk8yS0ZZMytBUXlFeEYySng0RjVGcW1FSXQza0xWUWFTOHpEc1hHTG43QnZvdFBHYUJpcC82ejhaakMzRnNuNVBJeFFTR0c0a21EWnorMXNneEI1K3l1eG02UUtRb3hGOXY1Nk1sSHpteVdoYzNlMUdyajNSRGtXRTgyVWUxUjJ4c3kzZ2JKUlR2Nm1wYWg3eGZzNmI0cEs0RE9FUUF4Zkhqc0ttTFlBc1kwUjFSQ2wrdHJCWFRhSU5QaU1OT25BMmk0UVB1TnJKRk5BejMrVGRUTlZETnNLdUFhamcybnMxbTN1MnVSamlobG81SitMSmVtZHJTYW1IMlllc1B6T2R4MFBhM3VnZThBNFZhb1dxbEpPWHI3bXIrbGhhdHRKUTJSczBhbEg5K3F2Z2Zyc0NQNXd3NHUraFA1bUM5a2RiN0h4TzBYdXg5dXdkS2JmbGFuVE5PT1l0aDZJVmJBc28xSEtOWE9MZUxDS0cyZGRMUDRHOXd0NE1JeUlXV3hTWnI4VjFSQUp5Qm01bWxqZ0UxYjRLbktZMFQ2TjBaMjJwZ3RzaGlPd1c4NWF5NE1HcS9QbzN2SzRFTjEzUnNQVkJLSnpwTEJLY2hmZjdmbE5jODVCWjZ3Qk5VWWdJUHdIdVY1LzU1RG04dlpHVFo5SlIyRkh2MDB6U3FXclhkTDZEbURRL2NsY1VteFphaVBoQWhuOWllUGQvRlp6LzE5TWZPaHc2dGk1MjA4aElwWElDS2hnZDhpNXZDQldzNFhMSnhIOEJ0cUtOdz09IiBDb3JyZWxhdGlvbkJpbmRpbmc9IiIgVXJsRW5jb2RlPSJUcnVlIiAvPg0KICAgICAgICA8Rm9ybVBvc3RQYXJhbWV0ZXIgTmFtZT0iU2NyZWVuV2lkdGgiIFZhbHVlPSJ7eyRISURERU4xLlNjcmVlbldpZHRofX0iIFJlY29yZGVkVmFsdWU9IiIgQ29ycmVsYXRpb25CaW5kaW5nPSIiIFVybEVuY29kZT0iVHJ1ZSIgLz4NCiAgICAgICAgPEZvcm1Qb3N0UGFyYW1ldGVyIE5hbWU9IlNjcmVlbkhlaWdodCIgVmFsdWU9Int7JEhJRERFTjEuU2NyZWVuSGVpZ2h0fX0iIFJlY29yZGVkVmFsdWU9IiIgQ29ycmVsYXRpb25CaW5kaW5nPSIiIFVybEVuY29kZT0iVHJ1ZSIgLz4NCiAgICAgICAgPEZvcm1Qb3N0UGFyYW1ldGVyIE5hbWU9ImJ0bkRlbGV0ZUludmlzaWJsZSIgVmFsdWU9IuWIqumZpCIgUmVjb3JkZWRWYWx1ZT0i5Yiq6ZmkIiBDb3JyZWxhdGlvbkJpbmRpbmc9Int7Rm9ybVBvc3RQYXJhbTUuYnRuRGVsZXRlSW52aXNpYmxlfX0iIFVybEVuY29kZT0iVHJ1ZSIgLz4NCiAgICAgICAgPEZvcm1Qb3N0UGFyYW1ldGVyIE5hbWU9ImRkbE9yZ0FuZEZsb3ciIFZhbHVlPSIiIFJlY29yZGVkVmFsdWU9IiIgQ29ycmVsYXRpb25CaW5kaW5nPSIiIFVybEVuY29kZT0iVHJ1ZSIgLz4NCiAgICAgICAgPEZvcm1Qb3N0UGFyYW1ldGVyIE5hbWU9ImRkbFF1ZXJ5Q29uZGl0aW9ucyIgVmFsdWU9IjAiIFJlY29yZGVkVmFsdWU9IjAiIENvcnJlbGF0aW9uQmluZGluZz0ie3tGb3JtUG9zdFBhcmFtNy5kZGxRdWVyeUNvbmRpdGlvbnN9fSIgVXJsRW5jb2RlPSJUcnVlIiAvPg0KICAgICAgICA8Rm9ybVBvc3RQYXJhbWV0ZXIgTmFtZT0idHh0T1RFbXBJRCIgVmFsdWU9IjEwMjExOSIgUmVjb3JkZWRWYWx1ZT0iMTAyMTE5IiBDb3JyZWxhdGlvbkJpbmRpbmc9Int7Rm9ybVBvc3RQYXJhbTYudHh0T1RFbXBJRH19IiBVcmxFbmNvZGU9IlRydWUiIC8+DQogICAgICAgIDxGb3JtUG9zdFBhcmFtZXRlciBOYW1lPSJ0eHRPVEVtcE5hbWUiIFZhbHVlPSIiIFJlY29yZGVkVmFsdWU9IiIgQ29ycmVsYXRpb25CaW5kaW5nPSIiIFVybEVuY29kZT0iVHJ1ZSIgLz4NCiAgICAgICAgPEZvcm1Qb3N0UGFyYW1ldGVyIE5hbWU9InR4dE9URm9ybU5PIiBWYWx1ZT0iIiBSZWNvcmRlZFZhbHVlPSIiIENvcnJlbGF0aW9uQmluZGluZz0iIiBVcmxFbmNvZGU9IlRydWUiIC8+DQogICAgICAgIDxGb3JtUG9zdFBhcmFtZXRlciBOYW1lPSJkZGxPVFN0YXR1cyIgVmFsdWU9IjEiIFJlY29yZGVkVmFsdWU9IjEiIENvcnJlbGF0aW9uQmluZGluZz0ie3tGb3JtUG9zdFBhcmFtOC5kZGxPVFN0YXR1c319IiBVcmxFbmNvZGU9IlRydWUiIC8+DQogICAgICAgIDxGb3JtUG9zdFBhcmFtZXRlciBOYW1lPSJ0eHRPVERhdGVCZWdpbiR0eHREYXRlIiBWYWx1ZT0iIiBSZWNvcmRlZFZhbHVlPSIiIENvcnJlbGF0aW9uQmluZGluZz0iIiBVcmxFbmNvZGU9IlRydWUiIC8+DQogICAgICAgIDxGb3JtUG9zdFBhcmFtZXRlciBOYW1lPSJ0eHRPVERhdGVFbmQkdHh0RGF0ZSIgVmFsdWU9IiIgUmVjb3JkZWRWYWx1ZT0iIiBDb3JyZWxhdGlvbkJpbmRpbmc9IiIgVXJsRW5jb2RlPSJUcnVlIiAvPg0KICAgICAgICA8Rm9ybVBvc3RQYXJhbWV0ZXIgTmFtZT0iZ3ZNYWluJGN0bDAyJGNoa0Nob29zZSIgVmFsdWU9Im9uIiBSZWNvcmRlZFZhbHVlPSJvbiIgQ29ycmVsYXRpb25CaW5kaW5nPSIiIFVybEVuY29kZT0iVHJ1ZSIgLz4NCiAgICAgICAgPEZvcm1Qb3N0UGFyYW1ldGVyIE5hbWU9InVjTW9kYWxQb3B1cDEkQ2xpZW50V2lkdGgiIFZhbHVlPSJ7eyRISURERU4xLnVjTW9kYWxQb3B1cDEkQ2xpZW50V2lkdGh9fSIgUmVjb3JkZWRWYWx1ZT0iMCIgQ29ycmVsYXRpb25CaW5kaW5nPSIiIFVybEVuY29kZT0iVHJ1ZSIgLz4NCiAgICAgICAgPEZvcm1Qb3N0UGFyYW1ldGVyIE5hbWU9InVjTW9kYWxQb3B1cDEkQ2xpZW50SGVpZ2h0IiBWYWx1ZT0ie3skSElEREVOMS51Y01vZGFsUG9wdXAxJENsaWVudEhlaWdodH19IiBSZWNvcmRlZFZhbHVlPSIwIiBDb3JyZWxhdGlvbkJpbmRpbmc9IiIgVXJsRW5jb2RlPSJUcnVlIiAvPg0KICAgICAgPC9Gb3JtUG9zdEh0dHBCb2R5Pg0KICAgIDwvUmVxdWVzdD4NCiAgICA8UmVxdWVzdCBNZXRob2Q9IlBPU1QiIEd1aWQ9IjFjNTEzMzdkLWE1MWEtNDM5Ni05NWJmLWI2MTU4NjNmNDYwZCIgVmVyc2lvbj0iMS4xIiBVcmw9Imh0dHA6Ly8xMC4xMS4zNi4xMTQ6ODAwNy9PdmVyVGltZS9PdmVydGltZVByZU9yZGVyLmFzcHgiIFRoaW5rVGltZT0iMCIgVGltZW91dD0iMzAwIiBQYXJzZURlcGVuZGVudFJlcXVlc3RzPSJUcnVlIiBGb2xsb3dSZWRpcmVjdHM9IlRydWUiIFJlY29yZFJlc3VsdD0iVHJ1ZSIgQ2FjaGU9IkZhbHNlIiBSZXNwb25zZVRpbWVHb2FsPSIwIiBFbmNvZGluZz0idXRmLTgiIEV4cGVjdGVkSHR0cFN0YXR1c0NvZGU9IjAiIEV4cGVjdGVkUmVzcG9uc2VVcmw9IiIgUmVwb3J0aW5nTmFtZT0iIiBJZ25vcmVIdHRwU3RhdHVzQ29kZT0iRmFsc2UiPg0KICAgICAgPEZvcm1Qb3N0SHR0cEJvZHk+DQogICAgICAgIDxGb3JtUG9zdFBhcmFtZXRlciBOYW1lPSJUb29sa2l0U2NyaXB0TWFuYWdlcjFfSGlkZGVuRmllbGQiIFZhbHVlPSI7O0FqYXhDb250cm9sVG9vbGtpdCwgVmVyc2lvbj00LjEuNy42MDcsIEN1bHR1cmU9bmV1dHJhbCwgUHVibGljS2V5VG9rZW49MjhmMDFiMGU4NGI2ZDUzZTp6aC1IYW50OjdiOTVlZDFhLTZhM2YtNDFkZC1iYzViLTYzZjM5ZWRiYzRiNDpkZTFmZWFiMjpmY2YwZTk5MzpmMmM4ZTcwODo3MjBhNTJiZjpmOWNlYzliYzo1ODllYWEzMDo2OTgxMjljZjpmYjliNGM1NzpjY2I5NmNmOTphNjdjMjcwMDo4NjEzYWVhNzozMjAyYTVhMjphYjA5ZTNmZTo4NzEwNGI3YzpiZTZmYjI5OCIgUmVjb3JkZWRWYWx1ZT0iOztBamF4Q29udHJvbFRvb2xraXQsIFZlcnNpb249NC4xLjcuNjA3LCBDdWx0dXJlPW5ldXRyYWwsIFB1YmxpY0tleVRva2VuPTI4ZjAxYjBlODRiNmQ1M2U6emgtSGFudDo3Yjk1ZWQxYS02YTNmLTQxZGQtYmM1Yi02M2YzOWVkYmM0YjQ6ZGUxZmVhYjI6ZmNmMGU5OTM6ZjJjOGU3MDg6NzIwYTUyYmY6ZjljZWM5YmM6NTg5ZWFhMzA6Njk4MTI5Y2Y6ZmI5YjRjNTc6Y2NiOTZjZjk6YTY3YzI3MDA6ODYxM2FlYTc6MzIwMmE1YTI6YWIwOWUzZmU6ODcxMDRiN2M6YmU2ZmIyOTgiIENvcnJlbGF0aW9uQmluZGluZz0iIiBVcmxFbmNvZGU9IlRydWUiIC8+DQogICAgICAgIDxGb3JtUG9zdFBhcmFtZXRlciBOYW1lPSJfX0VWRU5UVEFSR0VUIiBWYWx1ZT0ie3skSElEREVOMS5fX0VWRU5UVEFSR0VUfX0iIFJlY29yZGVkVmFsdWU9IiIgQ29ycmVsYXRpb25CaW5kaW5nPSIiIFVybEVuY29kZT0iVHJ1ZSIgLz4NCiAgICAgICAgPEZvcm1Qb3N0UGFyYW1ldGVyIE5hbWU9Il9fRVZFTlRBUkdVTUVOVCIgVmFsdWU9Int7JEhJRERFTjEuX19FVkVOVEFSR1VNRU5UfX0iIFJlY29yZGVkVmFsdWU9IiIgQ29ycmVsYXRpb25CaW5kaW5nPSIiIFVybEVuY29kZT0iVHJ1ZSIgLz4NCiAgICAgICAgPEZvcm1Qb3N0UGFyYW1ldGVyIE5hbWU9Il9fTEFTVEZPQ1VTIiBWYWx1ZT0ie3skSElEREVOMS5fX0xBU1RGT0NVU319IiBSZWNvcmRlZFZhbHVlPSIiIENvcnJlbGF0aW9uQmluZGluZz0iIiBVcmxFbmNvZGU9IlRydWUiIC8+DQogICAgICAgIDxGb3JtUG9zdFBhcmFtZXRlciBOYW1lPSJfX1ZTVEFURSIgVmFsdWU9Int7JEhJRERFTjEuX19WU1RBVEV9fSIgUmVjb3JkZWRWYWx1ZT0iQVIrTENBQUFBQUFBQkFEZFdkdHYyOVlabDJSVGx1VWtUdHBZUzd0TllveHNTbURMSWlsWnZydUk1YVF4bWtTWnJRVEYwa0NneFdPSk5VVnFKT1hMSG9JTVdKb3NhNUVVVGJxbEdUWVU2TkpMbGlKRE1DQkxzMkw3RC9hd2h6MEhsUzlQZTlwejlwMURVcUlrK3BLTFBTQTBUQjUrNXp2Zjc3dWM4NTJQT2svYzdmczhWRENUU1NxeXJpcVNOb2wrVmhKVmRFclI5REUrTy9zV1dzeGtBbTFVUjI3dUJDL0tCN0s2eExBSGtubVVuVDBzU1ZUQVJ1WU9aUE96eWJ5aWFLaUdIbHVESGwrRDNyc0dQYkVHdlc4TmV2OGE5QUZuT3N1c1FXZHRkSzlCYngvdWN1MW84bmI0ZmFsMFVpa1VKOFpiVXVraitPbE5wY2Q1SGNFakxSYlFqbFI2U3VmMWtuYVNMNkEyb0NrNkwrRU9ZRTh2eUJQalBvc0JHa2NWdFhBeTVUOHFLZk5KWGtNZ2MyK1h5NC8vS2UvVXFXTmpiN0dVbDJVNGxoMmdPamlHN1lzeXZWR1dQVjl0VW0wTU04Z3c1eGtXN3BSMzZaTTc1YnUvUFhqbzdOU2lwcU5DenpqS2lnVmU2cVlMV2xaUkpYRzZtejZEVkUxVTVKRjRENFAvdXVsa1NkSkxLaHFSVVVsWE1lK3AwclFrWm1FV3BKVlpKSTlNOS9YeHZkbmVCRHNRaXlPbWY2Q0o3V0dvZ0tHZG9SdFdoK21GeGdEbFpxbmQxbXVDTWJyUmV2YkVvNXhsRDI0YTlpVE93eDJNcyt6cGFtNWllbGdIMERqSE1td05LTnUvTGFDeEdsQ09kUVpsRXdPOS9jOERTZ1JVUUxrcUtERjhVNWF5aWZQVkpvQ3laTHB3OXVrQ29NNHhqYk1KcnRjR3lzYTNDVFJSYXltM0xhQjl0VEhkSHREK0d0RFk1cGJNODRMV3J0UFltck1YVnZ2emdCSUJGcWg5bmRwbnI4L2pGdG9wUDJRWGVFMzB4dVB0Z1gxQjd6Z3E2aFBqMU90aGhtSGVaSmx3TjJrd3RrYndsWlNhdzRuenVLanAwT1FodFZLZWNEaTRLM09LejZFSkRlZlc0MG91SC9RSU92ZVBWMTF1bDh2MUJDNzh4TmNPRDl4T1dvbVMxL2tYa0JzcExMekRKcFBjMHZ5MGhKcWc1N1hLVzg4a0tpaTZLT2RNeU5hM0M5SlVObzhLZkJ1MHhzV1ptVGRWdnREa2R1OHloWmw4V09kV0xNcmJETGYvdGcyL3NWQ1E2RGxUNzA3d2ZpZU41S3dpZ09pUnpwSStFMkVUblcrTTd2UVBMMmlER2dHZ1lZU3NqWFIyR28zQkJXam5kYjA0R0kzT3o4LzN6TWQ2RkRVWDVSaUdqYjU5NHJpaGxNVmIwQVN3QUFTcnNpbE5peFRFcktwb3lvd2V5U3FGUWVDTEdGeWRnRXJUR0JkSnFJQmtuWlpoUnh6cEpQYXpScS9SRCtPS0VscElMeGFSU1RYb0d0UWxZRXlWNkNTT2JNR2R0QTZEUnpyeElGMEYyenRwUTRsQm5WZHpTTWQ3c1Zia3N3aWJYUkRsVkRaYlVzRnU4RlowWGVsa3IxWjF2TDl2SWNZUldkaGlCR0lGcmtLMjFvb3RSakRxcmkwRU1PcXhyWTJEV1JwdUlVaWw1TnhLREZ6S3ZoRDV3OUhHcFU1bzlXbUJFRTA5MXNndGVxR0lVK3dVMGl1YVRHZ21CWHJWRXFyUWNVMWZTY2VWckdUMW50WlFzcVNxSVBtNGt1VXhBeG04aWFTVnpTdGlGdFZaVytBWHJMZVNQSzJVWkFFSlZSOXN4bHJEU3lUbGpub3B5UDEvb0lZRjJDWnk2cUR4NEF2UGtxUE5NWWFJamNaWVFKRTVNMzBQVi8xdG1XTDRrVFpWRXdYTHMxWFhxc3A4U2hXUVNoeGo4dVY1TFpubjVSd0NCNG15aGxRZC9GTjFLOG54bzBiQk1CdzEzaXFkdGhROVd2a3dTZ3hIN1hRYnM1bHI2MWd0YXIxVXZJcEdvZUpnS3ZJSXBWYWV3Y1FhVE5hN2pjVklXNk5HVllSNVRJS054VWc4bzJaSmxyQ3FJOHhzZHRWcVppYVJVZGJVeTNxM2NWV3l3Q2hVQlppdFNyQno0WFU4NnZBMUJ6cVFRYVRmbXFkR0xNMzVXUlA4NFdqZGJCeHR4bVZLWGZtQ2l4WnY1Z1QvcnFMQ1E1VHhZNndrU2tKclpoTE5pWmdGbDJZK3VEeG1tZmJFdk5xQ0hXWmg5NU1TVWhlblNMNGg5WjNYY0tkVnVRYjNtM3lIUzdweXVGaVVGbzhVcHBHQWFVbE5TMHE4cHVXQ1laTUhad0VkL3FkZ3JrdlNLVVVUZGRBaEpWdS9oZVNDZnFNVXhaVW1DcmJaYWs3cXExMGFyTStzVG85UFRLVW5UaWJUZEJhKzRXbDZQbzlrT2hWbmVrNFh6YnFVRmpWYVZpQkpsU1NKMWh1N2tRVGp3bUdvM0FTYTEzQm5wYTliMVBDb2czaUFSUXFIRDVsc0ZzVU9IRnNmT0xZZWNNd0JPTllJSEhNRTV0WUg1dFlENWh5QXVVWmd6aEdZWFIrWWJRQStTRVliZzljZGU5Q01jSlZsUmxVS05EbzJlV0pxZkN3emtaNGM3emtyVEN2bmVzNFNCdkhuUEo0L2VJcWN3L0pWUkpzRFIreEFoNGdhaHZtSEtqNWdiVDZ3bVlkVlhOdTRCdHNzNzdHMTNxdUNyQUd4bmdmWGkxeGo0R3dLVzRFRDBqcE1EaW83ekFHSCtlaThOdkNGUWNlVmVia2VsUmh0Y3lneHYyb3BhUmtXUHI1Ky9mSDFDMkc2cThyZEZZNkVLNjg0M1dJbk9HaHY4TEUyUmdkN0RDYk9pU2xXeHhSellvclhNY1h0VEU1ZUlBby94ZlJOMFJLYTBlbDNGVkhlN0lnNFF5dDROb0V1azRxRWtvcUFSc0p4Smt6ek1GbHNHdE1qcVVyenFVRmlKa2pNRGhLelFHSXZCb1F6UVRnN0NHZUJjQzhHaERWQldEc0lhNEd3THdiRXhMQkRNR0VDNENqZlRGclZqQU5KRUM5aVVyTFIwNHYyWGNlMkQ5Z3lzeTNGVkZZOUhXeUJGdGsxZmRaUE9zRjJhdzlHdUFyUGFibUF4OVBVTGdUMndyMDk0SUg5L3JpWXkrdGp5c0tZaXZqWkl6SXVQb1M4RVBETUFGZXp4MDI0V3M1QTJRQWRlVUh3VUlUU25FWUxPclZ2NWVhTjVXdnZmZmZnN244ZXZiOXk1OWZMWDN4US92Ymk0d3UzZ2U5SG1DKzBpOXF4ZE8vQnlwK3ZyVjY1c1BMcCswQS9aTkxidjN2NHNIemwxc3I5UzBzUHI0RWM2SXFZWFIzUWhlazNIaXg5OU1uU3BWOHRYLzlpK2ZNUGdTSGFiaXFHamRndENBSDNqT0JoTGFJWEU5c0R2dUF1WERLZDRhVVNPaW9pU2FDYWNVaUNPOG1YQ0todEVIMllpTmRyc0MyekgzZU40VStHWExDbDRvUGRIWjQ5RWJqQXNOVmZnQ3FYOEV2QStHa3NVcWQ5aDhmbE5YcjJkalY1Y2ptaUdVWFVDYlViQ29SMlZ6RkRlM0toVjE0QVFzdXpJN0JNWk9YanIxWXYvbW41OXRYeTVTL0J3UllDYTBlSVdkNzFtZDRGTUg5MWZnTGt6cHJzVjhGMU4rSjJ1RjBnMlYzbkhIOTFpais3dEphcU5PNzVwYlZhMHRwcys5dXppK3NqTTlaREZoUmVkbjZZY3ZoTENIOTE4RHExWXhHdWQ2SW5UcndURllTZ1AxUDVwUEs2L2k2K2YrdGYvL1FGZlJuejR3bElZODJodS8vMmdZZ0piUkx4UWtxV0Z2UEFrRllVK1BBb1VwR3pxOS84ZnVtaksrZm84b2VQeWxmdkxQM21qMHUzM29QMWVYYjExazFDWDNwd2NmWG1aK1dMbjVlLy9xdXh4ckY2YnJCWndHdGRrYk9TbUoybGZucGFGNlZNTWo4THlTR3Q1SElTSWxsQWxFUjk4V0JZWDlDTkk3a3hsQlBsVERZL1crME5kOVAxL1lJNGg5ZllZVWd5NFVOREFxeGxEMDRqbEtZdlNvZ0t6Y0hYcUpqbHBRZ3ZpVGw1VUZlS1EzTVZjWU5EMVVUMGJGYkNTTDhpQzlPU1lka3VQUzlxUFhNNFFZeUV3ME1DQkNYZ0RYb2R3OUhhRUkxak9FWFVCT01Zbm44UTF0Q3J0WU5EZXlzUkRIVlVJaGNLNUVQZmU5NHdoZlpSWnpZWEg5QjFuZWpnWHVmWWhGN2JkRmhDcno5MVBFTGZkNDVDNkFkMUx2eGh4ZTJob00zZkEvaW9lRStUcXozUURNc1FwL0FKK0FST1FnclhQWDdCdlR2Z3duODc5bmE1WEViNkNoQlZtNE90K0lzenFVaUs2di9NSFd6TzdKOGE4L2p3ZnVneDNXdHNRVzVXRUl3dEVsNGFUbHVKZHpybUZWV0lUT050YzVEY3dVc1NtTkZzampJUGJLd3RFMU9NMFVEeG1wU1c4amNmcDVhLy9WSXdaaERaTDFjdmZsQytkcmw4Ny9MU3A1ZUI3ck0yUmNlemFRRW5LNFBCZmtvTlpMOUp4cWRGOE5wbTZmQmplVm9yRHBFZ1krZlI0SWJRZmtjWGNFNHVzTTUrdDlJRmdmTDllekNCb2t1L3UxeCtlQU5heTMrNVZuNXd2OUVaZGNlOTljNHdEMzd0em1CNldFZG5ORzNrakppVE02d3o2WmZNR2MwYk9TUGU0QXpiYWVNek80TWN4TnVkc1hyNzY5VHF6Yi85ZjUxQmJlU00za1puVk0vd3QzSm1lTXNYSGkxZnZldGtmTTA1Y28zeDFSUGx6ZVFJNzBiR0p4eG5BdmRTR04reWtmRjlqam5oNVREZXQ1SHgvVTdHeDdaaGc5d0c0MXMzTW43QTBmaVhZODM3TnpEZXd6SmJsUDZaL2hyclYyL2VUeTFmLytYMldtOVFkdUpmT29hSTJhQ3lRR3phS1loYVVlSVhCMlZGUmtQQy93QTUyNGlyNGlrQUFBPT0iIENvcnJlbGF0aW9uQmluZGluZz0iIiBVcmxFbmNvZGU9IlRydWUiIC8+DQogICAgICAgIDxGb3JtUG9zdFBhcmFtZXRlciBOYW1lPSJfX1ZJRVdTVEFURSIgVmFsdWU9Int7JEhJRERFTjEuX19WSUVXU1RBVEV9fSIgUmVjb3JkZWRWYWx1ZT0iIiBDb3JyZWxhdGlvbkJpbmRpbmc9IiIgVXJsRW5jb2RlPSJUcnVlIiAvPg0KICAgICAgICA8Rm9ybVBvc3RQYXJhbWV0ZXIgTmFtZT0iX19TQ1JPTExQT1NJVElPTlgiIFZhbHVlPSJ7eyRISURERU4xLl9fU0NST0xMUE9TSVRJT05YfX0iIFJlY29yZGVkVmFsdWU9IjAiIENvcnJlbGF0aW9uQmluZGluZz0iIiBVcmxFbmNvZGU9IlRydWUiIC8+DQogICAgICAgIDxGb3JtUG9zdFBhcmFtZXRlciBOYW1lPSJfX1NDUk9MTFBPU0lUSU9OWSIgVmFsdWU9Int7JEhJRERFTjEuX19TQ1JPTExQT1NJVElPTll9fSIgUmVjb3JkZWRWYWx1ZT0iMCIgQ29ycmVsYXRpb25CaW5kaW5nPSIiIFVybEVuY29kZT0iVHJ1ZSIgLz4NCiAgICAgICAgPEZvcm1Qb3N0UGFyYW1ldGVyIE5hbWU9Il9fVklFV1NUQVRFRU5DUllQVEVEIiBWYWx1ZT0ie3skSElEREVOMS5fX1ZJRVdTVEFURUVOQ1JZUFRFRH19IiBSZWNvcmRlZFZhbHVlPSIiIENvcnJlbGF0aW9uQmluZGluZz0iIiBVcmxFbmNvZGU9IlRydWUiIC8+DQogICAgICAgIDxGb3JtUG9zdFBhcmFtZXRlciBOYW1lPSJfX0VWRU5UVkFMSURBVElPTiIgVmFsdWU9Int7JEhJRERFTjEuX19FVkVOVFZBTElEQVRJT059fSIgUmVjb3JkZWRWYWx1ZT0iZGt1WFkrcUp1SVU2OSt5WENEM3lNQk8xeHAxUFRCQWRSb1hPU1JJbmFVSVgwaXp5cm1JaWRQaTN5TWhURGUvNkVjQVJBaWllaDRJQTJsbnZzSFpITEFXa2k1dHVEU1N0NTlRS25BSUhCblJNRWdvYmVXbDdWbml6Wk5LM1JxaDNpQ3J1d25HbCs2a1BYZytGWFloZk94MWFHN0ZIcjVYWDZSUlZINFJWckpsTjUwVG9jc1ZadVhDTlJYZ0MyUmNuRk5rQkhSZWJxUklsWFZKYjJoOWd5UHRRTDQwK3dQY04rSTV0aWY4VTFHN3lOMzU3QjkzekxKQXQ2a3JORkh1dVkvWWVHejhybzhuaGluWWdrQmc2Z1ZtZ1B2L0NkK0ZIWEZNRjFBd1VGTHRPalRveFZRdUcrazZ0NGh0b1RUZlBtM0VzTklVUEk1dElJM1N0YURZZk56VTBUS3htKzRRVTFNazBSdExpM1lWbXZFY3pGb1BuUERMeU5Ndk5kbndjaFdzeVVjOTNOYnlHY1lDV2cxWUdXT2gvRElxNzFhY0xpYjFBMjBTak1jZ2FkMVJiODBKdlcwTFF5V2dORXkyeFJremQ5NUVOS0tYd3ZSQ3pka29DVlpTMHpEQll1dHprcDRDOUFORjhFVzlKTlk1cFRSTms0ZjNHYlkyRXhTRWxQcWhCNmNtNzVTbzYrYmpxelNJMkovd0RkUGs3Mlc5Z0VIc3BENUUwMjd3bGdOb05QTmk0RmgvcHZHV1AzWjZ3WTRiQTVFcTZPOEZ1M1JpV0VHOTVzUmpmRVBPWU1IVnhrVXkzVVd1WEEyaXJuZ0VsTEdwY2lhMTNQOHhpZmR6Z3BwU2kwRlVPTGtkbndCMWhpdnFpeis0RUo4UEhjSi9RNnZGZXQ1dXpJUTdWYkRoREtYME5WdUFrYjhJeHdRRk90bkpxOU1KdVNIMmtROTVBTDZtVVhBeWRLMUdscndHNUtJeDhLQWpwNnBuZmxnY2U0cGhCRjAvWDFLc2dKY0dLVm9tNmgvUytkU2VOcG92YnFmYWc4Qkx4dEJHU2JKSVQ1ek8rZ2F2VlhKeUJEZ2M2L0Y3aGU2N1Z1T3dtSG8yTmlWUUM0eG5UZk9Cd0g2dW5WMXJ1NmZKaWwvejFWR3dFT3FNb2s0QXBkc253Zzk0SnZxUzZiQ0JrdUVLdXF0RjRiT3hxdm1kNStTMExTaXEvcHRGc1ZzY1NNakwzUEtnMDZUdWs1RkRuQlN1TjdpL1NuM3B5NXhDMXAvcnhuTHRSdkdBRE45cHNtYVpXeWhnb1V4YVB3T3N1U0QyRyt0SS9lR2JtVmIwdFJWZWpEWHd2bVFtSHhnUCtROWg5TFdwYlFwVVVKQ2wyaU1MbTQvNkJVUnlRZjVjd0JtWU5zcEtGMEJzZlJNWld1MWJsbC9jMVIxOEs5S092aTZzQytoQkZOME81enAzakUvb3pYTExsR3N3bUN5bHRvY2JJV3VDMmNpbGU5dHJzVTVsa2RSaHZkcXBVVk9zUHdRVkhGK1pzalRudXYrczZsVCtzckFnU0lnam96OFVnWWxaV09INEFFUDA1a2hvNG9xWkhFTHJSWlhjUzM1UWd2VGxSL2ZiaXZWd3NFV1ZvSFFMK3VkNDdaUDBzVmZLdFp3T09uVXRXL1h0NEJuRDdWWEpsb1BPUGtsbE4rVXRpNmNDMzVNK1JueXAzaTVRZHFFdklSdklLQzltY0QrOHlBR09IVzl4SGprOVBJa21zQ2s3V1JmS2dscWthT1YyeEphVzNzRW5vaFFQVlRWNGpUUkhLVTdvem9SOUxLQ3Z5aVk2TDc2YXliR3VNTVNvazN1RzZTdWZRSFdVTGJ2ZmZveS9TSDdTNVJJTUVQbVFud3VsN0lQejIzREFaWnRObjdEV0xmZElYOWg2TEtTR0NUSjJwajVwc0ZGS1BGR0dyVWtJQmpwZWU4dEtyZW1Mcm5vRnF2aGZKTVEwa3FrdEVpengwQ0FIbVZJUHA2UTNPeTI4N0ZybXNibWM1THo2T3lsZmFMMnhaeTVNUWt1RTg4NzM5bStWdSt4eU9yZmprZTdjd0FCWDBPTFBjREVNUjVVdDlOR1NzWkZXbXIvTWF0ajRIUkU3d1VmTHN5b3QyVGFGbGlmUHRaaWFGbnVkdGJMcz0iIENvcnJlbGF0aW9uQmluZGluZz0iIiBVcmxFbmNvZGU9IlRydWUiIC8+DQogICAgICAgIDxGb3JtUG9zdFBhcmFtZXRlciBOYW1lPSJTY3JlZW5XaWR0aCIgVmFsdWU9Int7JEhJRERFTjEuU2NyZWVuV2lkdGh9fSIgUmVjb3JkZWRWYWx1ZT0iIiBDb3JyZWxhdGlvbkJpbmRpbmc9IiIgVXJsRW5jb2RlPSJUcnVlIiAvPg0KICAgICAgICA8Rm9ybVBvc3RQYXJhbWV0ZXIgTmFtZT0iU2NyZWVuSGVpZ2h0IiBWYWx1ZT0ie3skSElEREVOMS5TY3JlZW5IZWlnaHR9fSIgUmVjb3JkZWRWYWx1ZT0iIiBDb3JyZWxhdGlvbkJpbmRpbmc9IiIgVXJsRW5jb2RlPSJUcnVlIiAvPg0KICAgICAgICA8Rm9ybVBvc3RQYXJhbWV0ZXIgTmFtZT0iYnRuUXVlcnkiIFZhbHVlPSLmn6XoqaIiIFJlY29yZGVkVmFsdWU9IuafpeipoiIgQ29ycmVsYXRpb25CaW5kaW5nPSJ7e0Zvcm1Qb3N0UGFyYW0xLmJ0blF1ZXJ5fX0iIFVybEVuY29kZT0iVHJ1ZSIgLz4NCiAgICAgICAgPEZvcm1Qb3N0UGFyYW1ldGVyIE5hbWU9ImRkbE9yZ0FuZEZsb3ciIFZhbHVlPSIiIFJlY29yZGVkVmFsdWU9IiIgQ29ycmVsYXRpb25CaW5kaW5nPSIiIFVybEVuY29kZT0iVHJ1ZSIgLz4NCiAgICAgICAgPEZvcm1Qb3N0UGFyYW1ldGVyIE5hbWU9ImRkbFF1ZXJ5Q29uZGl0aW9ucyIgVmFsdWU9IjAiIFJlY29yZGVkVmFsdWU9IjAiIENvcnJlbGF0aW9uQmluZGluZz0ie3tGb3JtUG9zdFBhcmFtMy5kZGxRdWVyeUNvbmRpdGlvbnN9fSIgVXJsRW5jb2RlPSJUcnVlIiAvPg0KICAgICAgICA8Rm9ybVBvc3RQYXJhbWV0ZXIgTmFtZT0idHh0T1RFbXBJRCIgVmFsdWU9IjEwMjExOSIgUmVjb3JkZWRWYWx1ZT0iMTAyMTE5IiBDb3JyZWxhdGlvbkJpbmRpbmc9Int7Rm9ybVBvc3RQYXJhbTIudHh0T1RFbXBJRH19IiBVcmxFbmNvZGU9IlRydWUiIC8+DQogICAgICAgIDxGb3JtUG9zdFBhcmFtZXRlciBOYW1lPSJ0eHRPVEVtcE5hbWUiIFZhbHVlPSIiIFJlY29yZGVkVmFsdWU9IiIgQ29ycmVsYXRpb25CaW5kaW5nPSIiIFVybEVuY29kZT0iVHJ1ZSIgLz4NCiAgICAgICAgPEZvcm1Qb3N0UGFyYW1ldGVyIE5hbWU9InR4dE9URm9ybU5PIiBWYWx1ZT0iIiBSZWNvcmRlZFZhbHVlPSIiIENvcnJlbGF0aW9uQmluZGluZz0iIiBVcmxFbmNvZGU9IlRydWUiIC8+DQogICAgICAgIDxGb3JtUG9zdFBhcmFtZXRlciBOYW1lPSJkZGxPVFN0YXR1cyIgVmFsdWU9IjUiIFJlY29yZGVkVmFsdWU9IjUiIENvcnJlbGF0aW9uQmluZGluZz0ie3tGb3JtUG9zdFBhcmFtNC5kZGxPVFN0YXR1c319IiBVcmxFbmNvZGU9IlRydWUiIC8+DQogICAgICAgIDxGb3JtUG9zdFBhcmFtZXRlciBOYW1lPSJ0eHRPVERhdGVCZWdpbiR0eHREYXRlIiBWYWx1ZT0iIiBSZWNvcmRlZFZhbHVlPSIiIENvcnJlbGF0aW9uQmluZGluZz0iIiBVcmxFbmNvZGU9IlRydWUiIC8+DQogICAgICAgIDxGb3JtUG9zdFBhcmFtZXRlciBOYW1lPSJ0eHRPVERhdGVFbmQkdHh0RGF0ZSIgVmFsdWU9IiIgUmVjb3JkZWRWYWx1ZT0iIiBDb3JyZWxhdGlvbkJpbmRpbmc9IiIgVXJsRW5jb2RlPSJUcnVlIiAvPg0KICAgICAgICA8Rm9ybVBvc3RQYXJhbWV0ZXIgTmFtZT0idWNNb2RhbFBvcHVwMSRDbGllbnRXaWR0aCIgVmFsdWU9Int7JEhJRERFTjEudWNNb2RhbFBvcHVwMSRDbGllbnRXaWR0aH19IiBSZWNvcmRlZFZhbHVlPSIwIiBDb3JyZWxhdGlvbkJpbmRpbmc9IiIgVXJsRW5jb2RlPSJUcnVlIiAvPg0KICAgICAgICA8Rm9ybVBvc3RQYXJhbWV0ZXIgTmFtZT0idWNNb2RhbFBvcHVwMSRDbGllbnRIZWlnaHQiIFZhbHVlPSJ7eyRISURERU4xLnVjTW9kYWxQb3B1cDEkQ2xpZW50SGVpZ2h0fX0iIFJlY29yZGVkVmFsdWU9IjAiIENvcnJlbGF0aW9uQmluZGluZz0iIiBVcmxFbmNvZGU9IlRydWUiIC8+DQogICAgICA8L0Zvcm1Qb3N0SHR0cEJvZHk+DQogICAgPC9SZXF1ZXN0Pg0KICA8L0l0ZW1zPg0KICA8VmFsaWRhdGlvblJ1bGVzPg0KICAgIDxWYWxpZGF0aW9uUnVsZSBDbGFzc25hbWU9Ik1pY3Jvc29mdC5WaXN1YWxTdHVkaW8uVGVzdFRvb2xzLldlYlRlc3RpbmcuUnVsZXMuVmFsaWRhdGVSZXNwb25zZVVybCwgTWljcm9zb2Z0LlZpc3VhbFN0dWRpby5RdWFsaXR5VG9vbHMuV2ViVGVzdEZyYW1ld29yaywgVmVyc2lvbj0xMC4wLjAuMCwgQ3VsdHVyZT1uZXV0cmFsLCBQdWJsaWNLZXlUb2tlbj1iMDNmNWY3ZjExZDUwYTNhIiBEaXNwbGF5TmFtZT0i5Zue5oeJIFVSTCIgRGVzY3JpcHRpb249Iumpl+itieWbnuaHiSBVUkwg5Zyo5aWX55So6YeN5paw5bCO5ZCR5LmL5b6M5piv5ZCm5ZKM6KiY6YyE55qE5Zue5oeJIFVSTCDnm7jlkIzjgILlt7Llv73nlaUgUXVlcnlTdHJpbmcg5Y+D5pW444CCIiBMZXZlbD0iTG93IiBFeGVjdHVpb25PcmRlcj0iQmVmb3JlRGVwZW5kZW50cyIgLz4NCiAgICA8VmFsaWRhdGlvblJ1bGUgQ2xhc3NuYW1lPSJNaWNyb3NvZnQuVmlzdWFsU3R1ZGlvLlRlc3RUb29scy5XZWJUZXN0aW5nLlJ1bGVzLlZhbGlkYXRpb25SdWxlUmVzcG9uc2VUaW1lR29hbCwgTWljcm9zb2Z0LlZpc3VhbFN0dWRpby5RdWFsaXR5VG9vbHMuV2ViVGVzdEZyYW1ld29yaywgVmVyc2lvbj0xMC4wLjAuMCwgQ3VsdHVyZT1uZXV0cmFsLCBQdWJsaWNLZXlUb2tlbj1iMDNmNWY3ZjExZDUwYTNhIiBEaXNwbGF5TmFtZT0i5Zue5oeJ5pmC6ZaT55uu5qiZIiBEZXNjcmlwdGlvbj0i6amX6K2J5q2k6KaB5rGC55qE5Zue5oeJ5pmC6ZaT5piv5ZCm5bCP5pa85oiW562J5pa85q2k6KaB5rGC5omA5oyH5a6a55qE5Zue5oeJ5pmC6ZaT55uu5qiZ44CC5Zue5oeJ5pmC6ZaT55uu5qiZ54K66Zu25bCH6KKr5b+955Wl44CCIiBMZXZlbD0iTG93IiBFeGVjdHVpb25PcmRlcj0iQWZ0ZXJEZXBlbmRlbnRzIj4NCiAgICAgIDxSdWxlUGFyYW1ldGVycz4NCiAgICAgICAgPFJ1bGVQYXJhbWV0ZXIgTmFtZT0iVG9sZXJhbmNlIiBWYWx1ZT0iMCIgLz4NCiAgICAgIDwvUnVsZVBhcmFtZXRlcnM+DQogICAgPC9WYWxpZGF0aW9uUnVsZT4NCiAgPC9WYWxpZGF0aW9uUnVsZXM+DQo8L1dlYlRlc3Q+">
      <Execution id="12bfbff0-a067-441f-9dda-850268fcde95" />
    </WebTest>
  </TestDefinitions>
  <TestLists>
    <TestList name="不在清單中的結果" id="8c84fa94-04c1-424b-9868-57a2d4851a1d" />
    <TestList name="所有載入的結果" id="19431567-8539-422a-85d7-44ee4e166bda" />
  </TestLists>
  <TestEntries>
    <TestEntry isTransparent="false" testId="5bb2bc9f-0fc4-499f-9eb4-d5c514a4ffa9" executionId="12bfbff0-a067-441f-9dda-850268fcde95" testListId="8c84fa94-04c1-424b-9868-57a2d4851a1d" />
  </TestEntries>
  <Results>
    <WebTestResult executionId="12bfbff0-a067-441f-9dda-850268fcde95" testId="5bb2bc9f-0fc4-499f-9eb4-d5c514a4ffa9" testName="WebTestInsertDeleteCase01" computerName="ANSONHUANG" duration="00:00:04.9777219" startTime="2017-05-17T11:29:12.3704258+08:00" endTime="2017-05-17T11:29:27.9349258+08:00" testType="4e7599fa-5ecb-43e9-a887-cd63cf72d207" outcome="Passed" testListId="8c84fa94-04c1-424b-9868-57a2d4851a1d" relativeResultsDirectory="12bfbff0-a067-441f-9dda-850268fcde95">
      <ResultFiles>
        <ResultFile path="WebTestInsertDeleteCase01.webtestResult" />
      </ResultFiles>
      <TestSettings name="本機" id="f0316326-3a07-479d-8058-64131c18b509">
        <Description>這些是本機測試回合的預設測試設定。</Description>
        <Execution>
          <TestTypeSpecific>
            <WebTestRunConfiguration testTypeId="4e7599fa-5ecb-43e9-a887-cd63cf72d207">
              <Browser name="Internet Explorer 7.0">
                <Headers>
                  <Header name="User-Agent" value="Mozilla/4.0 (compatible; MSIE 7.0; Windows NT 5.1)" />
                  <Header name="Accept" value="*/*" />
                  <Header name="Accept-Language" value="{{$IEAcceptLanguage}}" />
                  <Header name="Accept-Encoding" value="GZIP" />
                </Headers>
              </Browser>
            </WebTestRunConfiguration>
          </TestTypeSpecific>
          <AgentRule name="Execution Agents">
          </AgentRule>
        </Execution>
        <Deployment runDeploymentRoot="YSHuang_ANSONHUANG 2017-05-17 11_29_08" />
      </TestSettings>
      <WebTestResultFilePath>YSHuang_ANSONHUANG 2017-05-17 11_29_08\In\12bfbff0-a067-441f-9dda-850268fcde95\WebTestInsertDeleteCase01.webtestResult</WebTestResultFilePath>
    </WebTestResult>
  </Results>
</TestRun>