<?xml version="1.0" encoding="UTF-8"?>
<TestRun id="b18effe2-3d16-47d8-bfa5-0ed4ee2b9a7c" name="YSHuang@ANSONHUANG 2017-05-16 11:28:28" runUser="AnsonHuang\YSHuang" xmlns="http://microsoft.com/schemas/VisualStudio/TeamTest/2010">
  <TestSettings name="本機" id="f0316326-3a07-479d-8058-64131c18b509">
    <Description>這些是本機測試回合的預設測試設定。</Description>
    <Execution>
      <TestTypeSpecific />
      <AgentRule name="Execution Agents">
      </AgentRule>
    </Execution>
    <Deployment runDeploymentRoot="YSHuang_ANSONHUANG 2017-05-16 11_28_28" />
  </TestSettings>
  <Times creation="2017-05-16T11:28:28.7330777+08:00" queuing="2017-05-16T11:28:28.8666044+08:00" start="2017-05-16T11:28:28.9576226+08:00" finish="2017-05-16T11:28:41.7431792+08:00" />
  <ResultSummary outcome="Completed">
    <Counters total="1" executed="1" passed="1" error="0" failed="0" timeout="0" aborted="0" inconclusive="0" passedButRunAborted="0" notRunnable="0" notExecuted="0" disconnected="0" warning="0" completed="0" inProgress="0" pending="0" />
  </ResultSummary>
  <TestDefinitions>
    <WebTest name="WebTest1" storage="d:\git\attendant\loadtesting\loadtesting\webtest1.webtest" id="1265e208-ff74-47d4-bee0-67170f6c4143" persistedWebTest="77u/PD94bWwgdmVyc2lvbj0iMS4wIiBlbmNvZGluZz0iVVRGLTgiIHN0YW5kYWxvbmU9InllcyI/Pg0KPFdlYlRlc3QgTmFtZT0iV2ViVGVzdDEiIElkPSIxMjY1ZTIwOC1mZjc0LTQ3ZDQtYmVlMC02NzE3MGY2YzQxNDMiIE93bmVyPSIiIFByaW9yaXR5PSIyMTQ3NDgzNjQ3IiBFbmFibGVkPSJUcnVlIiBDc3NQcm9qZWN0U3RydWN0dXJlPSIiIENzc0l0ZXJhdGlvbj0iIiBUaW1lb3V0PSIwIiBXb3JrSXRlbUlkcz0iIiB4bWxucz0iaHR0cDovL21pY3Jvc29mdC5jb20vc2NoZW1hcy9WaXN1YWxTdHVkaW8vVGVhbVRlc3QvMjAxMCIgRGVzY3JpcHRpb249IiIgQ3JlZGVudGlhbFVzZXJOYW1lPSIiIENyZWRlbnRpYWxQYXNzd29yZD0iIiBQcmVBdXRoZW50aWNhdGU9IlRydWUiIFByb3h5PSJkZWZhdWx0IiBTdG9wT25FcnJvcj0iRmFsc2UiIFJlY29yZGVkUmVzdWx0RmlsZT0iV2ViVGVzdDEuMTgxYjNhMDMtZWNkMi00MjZmLTkxMmMtNTRjNmQyYzJhM2VlLnJlYy53ZWJ0ZXN0cmVzdWx0IiBSZXN1bHRzTG9jYWxlPSIiPg0KICA8SXRlbXM+DQogICAgPFJlcXVlc3QgTWV0aG9kPSJHRVQiIEd1aWQ9ImRlNDE4ODJjLTU2MDUtNGRkMC1hY2Y5LTE4YjJiYWE5OWIwZiIgVmVyc2lvbj0iMS4xIiBVcmw9Imh0dHA6Ly8xMC4xMS4zNi4xMTQ6ODAwNy9ocmxvZ2luL2hybG9naW4uYXNweCIgVGhpbmtUaW1lPSIwIiBUaW1lb3V0PSIzMDAiIFBhcnNlRGVwZW5kZW50UmVxdWVzdHM9IlRydWUiIEZvbGxvd1JlZGlyZWN0cz0iVHJ1ZSIgUmVjb3JkUmVzdWx0PSJUcnVlIiBDYWNoZT0iRmFsc2UiIFJlc3BvbnNlVGltZUdvYWw9IjAiIEVuY29kaW5nPSJ1dGYtOCIgRXhwZWN0ZWRIdHRwU3RhdHVzQ29kZT0iMCIgRXhwZWN0ZWRSZXNwb25zZVVybD0iIiBSZXBvcnRpbmdOYW1lPSIiIElnbm9yZUh0dHBTdGF0dXNDb2RlPSJGYWxzZSI+DQogICAgICA8RXh0cmFjdGlvblJ1bGVzPg0KICAgICAgICA8RXh0cmFjdGlvblJ1bGUgQ2xhc3NuYW1lPSJNaWNyb3NvZnQuVmlzdWFsU3R1ZGlvLlRlc3RUb29scy5XZWJUZXN0aW5nLlJ1bGVzLkV4dHJhY3RIaWRkZW5GaWVsZHMsIE1pY3Jvc29mdC5WaXN1YWxTdHVkaW8uUXVhbGl0eVRvb2xzLldlYlRlc3RGcmFtZXdvcmssIFZlcnNpb249MTAuMC4wLjAsIEN1bHR1cmU9bmV1dHJhbCwgUHVibGljS2V5VG9rZW49YjAzZjVmN2YxMWQ1MGEzYSIgVmFyaWFibGVOYW1lPSIxIiBEaXNwbGF5TmFtZT0i5pO35Y+W6Zqx6JeP5qyE5L2NIiBEZXNjcmlwdGlvbj0i5pO35Y+W5Zue5oeJ5Lit55qE5omA5pyJ6Zqx6JeP5qyE5L2N77yM5Lim5bCH5a6D5YCR5pS+5Zyo5ris6Kmm5YWn5a655Lit44CCIj4NCiAgICAgICAgICA8UnVsZVBhcmFtZXRlcnM+DQogICAgICAgICAgICA8UnVsZVBhcmFtZXRlciBOYW1lPSJSZXF1aXJlZCIgVmFsdWU9IlRydWUiIC8+DQogICAgICAgICAgICA8UnVsZVBhcmFtZXRlciBOYW1lPSJIdG1sRGVjb2RlIiBWYWx1ZT0iVHJ1ZSIgLz4NCiAgICAgICAgICA8L1J1bGVQYXJhbWV0ZXJzPg0KICAgICAgICA8L0V4dHJhY3Rpb25SdWxlPg0KICAgICAgPC9FeHRyYWN0aW9uUnVsZXM+DQogICAgICA8Q29ycmVsYXRpb25FeHRyYWN0aW9uUnVsZXM+DQogICAgICAgIDxFeHRyYWN0aW9uUnVsZSBDbGFzc25hbWU9Ik1pY3Jvc29mdC5WaXN1YWxTdHVkaW8uVGVzdFRvb2xzLldlYlRlc3RpbmcuUnVsZXMuRXh0cmFjdEZvcm1GaWVsZCwgTWljcm9zb2Z0LlZpc3VhbFN0dWRpby5RdWFsaXR5VG9vbHMuV2ViVGVzdEZyYW1ld29yaywgVmVyc2lvbj0xMC4wLjAuMCwgQ3VsdHVyZT1uZXV0cmFsLCBQdWJsaWNLZXlUb2tlbj1iMDNmNWY3ZjExZDUwYTNhIiBWYXJpYWJsZU5hbWU9IkZvcm1Qb3N0UGFyYW00MC5idG5FeGVjdXRlIiBEaXNwbGF5TmFtZT0iIiBEZXNjcmlwdGlvbj0iIj4NCiAgICAgICAgICA8UnVsZVBhcmFtZXRlcnM+DQogICAgICAgICAgICA8UnVsZVBhcmFtZXRlciBOYW1lPSJOYW1lIiBWYWx1ZT0iYnRuRXhlY3V0ZSIgLz4NCiAgICAgICAgICAgIDxSdWxlUGFyYW1ldGVyIE5hbWU9Ikh0bWxEZWNvZGUiIFZhbHVlPSJUcnVlIiAvPg0KICAgICAgICAgICAgPFJ1bGVQYXJhbWV0ZXIgTmFtZT0iUmVxdWlyZWQiIFZhbHVlPSJGYWxzZSIgLz4NCiAgICAgICAgICAgIDxSdWxlUGFyYW1ldGVyIE5hbWU9IkluZGV4IiBWYWx1ZT0iMCIgLz4NCiAgICAgICAgICA8L1J1bGVQYXJhbWV0ZXJzPg0KICAgICAgICA8L0V4dHJhY3Rpb25SdWxlPg0KICAgICAgICA8RXh0cmFjdGlvblJ1bGUgQ2xhc3NuYW1lPSJNaWNyb3NvZnQuVmlzdWFsU3R1ZGlvLlRlc3RUb29scy5XZWJUZXN0aW5nLlJ1bGVzLkV4dHJhY3RUZXh0LCBNaWNyb3NvZnQuVmlzdWFsU3R1ZGlvLlF1YWxpdHlUb29scy5XZWJUZXN0RnJhbWV3b3JrLCBWZXJzaW9uPTEwLjAuMC4wLCBDdWx0dXJlPW5ldXRyYWwsIFB1YmxpY0tleVRva2VuPWIwM2Y1ZjdmMTFkNTBhM2EiIFZhcmlhYmxlTmFtZT0iRm9ybVBvc3RQYXJhbTQxLmRkbFVJQ3VsdHVyZSIgRGlzcGxheU5hbWU9IiIgRGVzY3JpcHRpb249IiI+DQogICAgICAgICAgPFJ1bGVQYXJhbWV0ZXJzPg0KICAgICAgICAgICAgPFJ1bGVQYXJhbWV0ZXIgTmFtZT0iU3RhcnRzV2l0aCIgVmFsdWU9Imx1ZT0mcXVvdDsiIC8+DQogICAgICAgICAgICA8UnVsZVBhcmFtZXRlciBOYW1lPSJFbmRzV2l0aCIgVmFsdWU9IiZxdW90OyZndDvmraPpq5TkuK0iIC8+DQogICAgICAgICAgICA8UnVsZVBhcmFtZXRlciBOYW1lPSJJbmRleCIgVmFsdWU9IjgiIC8+DQogICAgICAgICAgICA8UnVsZVBhcmFtZXRlciBOYW1lPSJJZ25vcmVDYXNlIiBWYWx1ZT0iRmFsc2UiIC8+DQogICAgICAgICAgICA8UnVsZVBhcmFtZXRlciBOYW1lPSJVc2VSZWd1bGFyRXhwcmVzc2lvbiIgVmFsdWU9IkZhbHNlIiAvPg0KICAgICAgICAgICAgPFJ1bGVQYXJhbWV0ZXIgTmFtZT0iSHRtbERlY29kZSIgVmFsdWU9IlRydWUiIC8+DQogICAgICAgICAgICA8UnVsZVBhcmFtZXRlciBOYW1lPSJSZXF1aXJlZCIgVmFsdWU9IkZhbHNlIiAvPg0KICAgICAgICAgIDwvUnVsZVBhcmFtZXRlcnM+DQogICAgICAgIDwvRXh0cmFjdGlvblJ1bGU+DQogICAgICA8L0NvcnJlbGF0aW9uRXh0cmFjdGlvblJ1bGVzPg0KICAgIDwvUmVxdWVzdD4NCiAgICA8UmVxdWVzdCBNZXRob2Q9IlBPU1QiIEd1aWQ9IjY5YjA3ZjFhLWQ2NmQtNDJlNy05M2MyLTljM2JkOTczZjlhZCIgVmVyc2lvbj0iMS4xIiBVcmw9Imh0dHA6Ly8xMC4xMS4zNi4xMTQ6ODAwNy9ocmxvZ2luL2hybG9naW4uYXNweCIgVGhpbmtUaW1lPSIxNyIgVGltZW91dD0iMzAwIiBQYXJzZURlcGVuZGVudFJlcXVlc3RzPSJUcnVlIiBGb2xsb3dSZWRpcmVjdHM9IlRydWUiIFJlY29yZFJlc3VsdD0iVHJ1ZSIgQ2FjaGU9IkZhbHNlIiBSZXNwb25zZVRpbWVHb2FsPSIwIiBFbmNvZGluZz0idXRmLTgiIEV4cGVjdGVkSHR0cFN0YXR1c0NvZGU9IjAiIEV4cGVjdGVkUmVzcG9uc2VVcmw9IiIgUmVwb3J0aW5nTmFtZT0iIiBJZ25vcmVIdHRwU3RhdHVzQ29kZT0iRmFsc2UiPg0KICAgICAgPEZvcm1Qb3N0SHR0cEJvZHk+DQogICAgICAgIDxGb3JtUG9zdFBhcmFtZXRlciBOYW1lPSJfX0xBU1RGT0NVUyIgVmFsdWU9Int7JEhJRERFTjEuX19MQVNURk9DVVN9fSIgUmVjb3JkZWRWYWx1ZT0iIiBDb3JyZWxhdGlvbkJpbmRpbmc9IiIgVXJsRW5jb2RlPSJUcnVlIiAvPg0KICAgICAgICA8Rm9ybVBvc3RQYXJhbWV0ZXIgTmFtZT0iX19FVkVOVFRBUkdFVCIgVmFsdWU9Int7JEhJRERFTjEuX19FVkVOVFRBUkdFVH19IiBSZWNvcmRlZFZhbHVlPSIiIENvcnJlbGF0aW9uQmluZGluZz0iIiBVcmxFbmNvZGU9IlRydWUiIC8+DQogICAgICAgIDxGb3JtUG9zdFBhcmFtZXRlciBOYW1lPSJfX0VWRU5UQVJHVU1FTlQiIFZhbHVlPSJ7eyRISURERU4xLl9fRVZFTlRBUkdVTUVOVH19IiBSZWNvcmRlZFZhbHVlPSIiIENvcnJlbGF0aW9uQmluZGluZz0iIiBVcmxFbmNvZGU9IlRydWUiIC8+DQogICAgICAgIDxGb3JtUG9zdFBhcmFtZXRlciBOYW1lPSJfX1ZJRVdTVEFURSIgVmFsdWU9Int7JEhJRERFTjEuX19WSUVXU1RBVEV9fSIgUmVjb3JkZWRWYWx1ZT0iL3dFUER3VUtMVFExTkRNMU1UQTBNZzlrRmdJQ0F3OWtGZ1FDQVE4V0FoNEhWbWx6YVdKc1pXY1dCQUlCRHc4V0hoNEtYMDFoZUV4bGJtZDBhR1llRWw5SmMwRjFkRzlVYjFWd2NHVnlRMkZ6WldnZURGOUpjMEZqZEdsMlpVbE5SV2NlQzE5SmMxQmhjM04zYjNKa2FCNE9YMVJsZUhSVGFHbG1kRXRwYm1RTEtYOVRhVzV2VUdGakxsZGxZa1Y0Y0hKbGMzTXVRMjl0Ylc5dUxsVjBhV3dyVkdWNGRGTm9hV1owUzJsdVpDd2dVMmx1YjFCaFl5NVhaV0pGZUhCeVpYTnpMa052YlcxdmJpd2dWbVZ5YzJsdmJqMDNMak11TXpFdU1Td2dRM1ZzZEhWeVpUMXVaWFYwY21Gc0xDQlFkV0pzYVdOTFpYbFViMnRsYmoxdWRXeHNBQjRLWDFkaGRHVnlUV0Z5YTJVZUNGOUpjME5zWldGeWFCNElYMVJ2YjJ4VWFYQmxIZ3RmU1hOU1pXRmtUMjVzZVdnZUNWOURjM05EYkdGemMyVWVEMTlKYzFkcFpIUm9RbmxRYVhobGJHY2VFMTlKYzBScGMzQkZiblJsY21Wa1YyOXlaSE5vSGdaZlYybGtkR2dDVUI0SVgwbHpSbTlqZFhObkhnbGZTWE5TWldkRmVIQm9aQllFQWdFUFpCWUNBZ0VQRUE5a0ZnSWVCMjl1WTJ4cFkyc0Z2d0YyWVhJZ2IxWmhiR2xrSUQwZ1pHOWpkVzFsYm5RdVoyVjBSV3hsYldWdWRFSjVTV1FvSjNSNGRGVnpaWEpKUkY5U1pYRjFhWEpsWkVacFpXeGtWbUZzYVdSaGRHOXlNU2NwTzFaaGJHbGtZWFJ2Y2tWdVlXSnNaU2h2Vm1Gc2FXUXNkR2hwY3k1amFHVmphMlZrS1R0VmRHbHNYME5vYTBKdmVGUnZaMmRzWlZacGMybGlhV3hwZEhrb0ozUjRkRlZ6WlhKSlJGOWphR3RXYVhOcFltbHNhWFI1Snl3Z0ozUjRkRlZ6WlhKSlJGOWthWFpFWVhSaFFYSmxZU2NwTzJSa1pBSUREeFlDSGdWemRIbHNaUVUyWm14dllYUTZiR1ZtZER0a2FYTndiR0Y1T21sdWJHbHVaUzFpYkc5amF6dHdZV1JrYVc1bk9qQTdkbWx6YVdKcGJHbDBlVG83RmdZQ0FROFBGZ2dlQ0ZKbFlXUlBibXg1YUI0RlYybGtkR2diQUFBQUFBQUFWRUFCQUFBQUhnaERjM05EYkdGemMyVWVCRjhoVTBJQ2dnSVdBaDRIYjI1clpYbDFjQVVPZEdocGN5NTBhWFJzWlQwbkp6dGtBZ01QRHhZRUh4TWJBQUFBQUFBQVZFQUJBQUFBSHhVQ2dBSmtaQUlGRDJRV0FnSUJEdzhXQWg0RVZHVjRkQVVYVytXa3ArV3ZxK21PbHVXdW1sM2x0N0xsbFovbmxLZ1dBaDhSQlpRQmNHRmtaR2x1WnpvZ01uQjRJREV3Y0hnZ01uQjRJREV3Y0hnN0lHTnZiRzl5T2lNd01EQTdJR0poWTJ0bmNtOTFibVE2SUNOR1JrVTRRVFk3SUdadmJuUXRkMlZwWjJoME9pQmliMnhrT3lCaWIzSmtaWEk2SURGd2VDQnpiMnhwWkNCa1lYSnJaM0poZVRzZ2QyaHBkR1V0YzNCaFkyVTZJRzV2ZDNKaGNEc2dZbTl5WkdWeUxYSmhaR2wxY3pvZ00zQjRPMlFDQXc4UUR4WUdIZzVFWVhSaFZtRnNkV1ZHYVdWc1pBVURTMlY1SGcxRVlYUmhWR1Y0ZEVacFpXeGtCUVZXWVd4MVpSNExYeUZFWVhSaFFtOTFibVJuWkJBVkJBZEZibWRzYVhOb0RPZXVnT1M5aytTNHJlYVdod3ptcmFQcHE1VGt1SzNtbG9jTTU2NkE1TDJUNXJHSjZLK3RGUVFDWlc0R2VtZ3RRMGhUQm5wb0xVTklWQWQ2YUMxSVlXNXpGQ3NEQkdkbloyZGtaQUlERHc4V0FoOFhaV1JrWkNjVlJZWFRoOWpDQ013U2N3NG5SdVYwOW0vOSIgQ29ycmVsYXRpb25CaW5kaW5nPSIiIFVybEVuY29kZT0iVHJ1ZSIgLz4NCiAgICAgICAgPEZvcm1Qb3N0UGFyYW1ldGVyIE5hbWU9Il9fVklFV1NUQVRFR0VORVJBVE9SIiBWYWx1ZT0ie3skSElEREVOMS5fX1ZJRVdTVEFURUdFTkVSQVRPUn19IiBSZWNvcmRlZFZhbHVlPSI1QkIwRjI5MCIgQ29ycmVsYXRpb25CaW5kaW5nPSIiIFVybEVuY29kZT0iVHJ1ZSIgLz4NCiAgICAgICAgPEZvcm1Qb3N0UGFyYW1ldGVyIE5hbWU9Il9fRVZFTlRWQUxJREFUSU9OIiBWYWx1ZT0ie3skSElEREVOMS5fX0VWRU5UVkFMSURBVElPTn19IiBSZWNvcmRlZFZhbHVlPSIvd0VkQUFqWnpnZWRLN1dIbnVLQTJvK3NWUkFUWmhUcW8yeWRyY0F2VlhoVlgwS0ZLWUlGZlJSWmhYc3hVeTQzcWZtVmdQK0xSYnFYQXI0cFhSQXg1TGdQUEZqZ2VDUEZjbjVhUE1ZaEI2Z2VsMG8vYmwzRlEvcW5RVzJ1Rm9aUG5od3JKMWRnekNrcHFjWEhvTFdSK2ZjOHhIM1lSclBwR3pyRCtaRzBXazRZcm4zNUZ2a2VmL3RaUmc3R2NGTjM3TmdLRzZVV05QZ2UiIENvcnJlbGF0aW9uQmluZGluZz0iIiBVcmxFbmNvZGU9IlRydWUiIC8+DQogICAgICAgIDxGb3JtUG9zdFBhcmFtZXRlciBOYW1lPSJ0eHRVc2VySUQkdHh0RGF0YSIgVmFsdWU9IjEwMjA5OSIgUmVjb3JkZWRWYWx1ZT0iMTAyMDk5IiBDb3JyZWxhdGlvbkJpbmRpbmc9IiIgVXJsRW5jb2RlPSJUcnVlIiAvPg0KICAgICAgICA8Rm9ybVBvc3RQYXJhbWV0ZXIgTmFtZT0iZGRsVUlDdWx0dXJlIiBWYWx1ZT0iemgtQ0hUIiBSZWNvcmRlZFZhbHVlPSJ6aC1DSFQiIENvcnJlbGF0aW9uQmluZGluZz0ie3tGb3JtUG9zdFBhcmFtNDEuZGRsVUlDdWx0dXJlfX0iIFVybEVuY29kZT0iVHJ1ZSIgLz4NCiAgICAgICAgPEZvcm1Qb3N0UGFyYW1ldGVyIE5hbWU9ImJ0bkV4ZWN1dGUiIFZhbHVlPSJMb2NhbCBMb2dpbiIgUmVjb3JkZWRWYWx1ZT0iTG9jYWwgTG9naW4iIENvcnJlbGF0aW9uQmluZGluZz0ie3tGb3JtUG9zdFBhcmFtNDAuYnRuRXhlY3V0ZX19IiBVcmxFbmNvZGU9IlRydWUiIC8+DQogICAgICA8L0Zvcm1Qb3N0SHR0cEJvZHk+DQogICAgPC9SZXF1ZXN0Pg0KICAgIDxSZXF1ZXN0IE1ldGhvZD0iR0VUIiBHdWlkPSIyMGY1MGZkZC1mZDgxLTQ2OTMtYjcxOC0xNDMyMWY4NTdlZDUiIFZlcnNpb249IjEuMSIgVXJsPSJodHRwOi8vMTAuMTEuMzYuMTE0OjgwMDcvT3ZlclRpbWUvT3ZlcnRpbWVQcmVPcmRlci5hc3B4IiBUaGlua1RpbWU9IjYiIFRpbWVvdXQ9IjMwMCIgUGFyc2VEZXBlbmRlbnRSZXF1ZXN0cz0iVHJ1ZSIgRm9sbG93UmVkaXJlY3RzPSJUcnVlIiBSZWNvcmRSZXN1bHQ9IlRydWUiIENhY2hlPSJGYWxzZSIgUmVzcG9uc2VUaW1lR29hbD0iMCIgRW5jb2Rpbmc9InV0Zi04IiBFeHBlY3RlZEh0dHBTdGF0dXNDb2RlPSIwIiBFeHBlY3RlZFJlc3BvbnNlVXJsPSIiIFJlcG9ydGluZ05hbWU9IiIgSWdub3JlSHR0cFN0YXR1c0NvZGU9IkZhbHNlIj4NCiAgICAgIDxFeHRyYWN0aW9uUnVsZXM+DQogICAgICAgIDxFeHRyYWN0aW9uUnVsZSBDbGFzc25hbWU9Ik1pY3Jvc29mdC5WaXN1YWxTdHVkaW8uVGVzdFRvb2xzLldlYlRlc3RpbmcuUnVsZXMuRXh0cmFjdEhpZGRlbkZpZWxkcywgTWljcm9zb2Z0LlZpc3VhbFN0dWRpby5RdWFsaXR5VG9vbHMuV2ViVGVzdEZyYW1ld29yaywgVmVyc2lvbj0xMC4wLjAuMCwgQ3VsdHVyZT1uZXV0cmFsLCBQdWJsaWNLZXlUb2tlbj1iMDNmNWY3ZjExZDUwYTNhIiBWYXJpYWJsZU5hbWU9IjEiIERpc3BsYXlOYW1lPSLmk7flj5bpmrHol4/mrITkvY0iIERlc2NyaXB0aW9uPSLmk7flj5blm57mh4nkuK3nmoTmiYDmnInpmrHol4/mrITkvY3vvIzkuKblsIflroPlgJHmlL7lnKjmuKzoqablhaflrrnkuK3jgIIiPg0KICAgICAgICAgIDxSdWxlUGFyYW1ldGVycz4NCiAgICAgICAgICAgIDxSdWxlUGFyYW1ldGVyIE5hbWU9IlJlcXVpcmVkIiBWYWx1ZT0iVHJ1ZSIgLz4NCiAgICAgICAgICAgIDxSdWxlUGFyYW1ldGVyIE5hbWU9Ikh0bWxEZWNvZGUiIFZhbHVlPSJUcnVlIiAvPg0KICAgICAgICAgIDwvUnVsZVBhcmFtZXRlcnM+DQogICAgICAgIDwvRXh0cmFjdGlvblJ1bGU+DQogICAgICA8L0V4dHJhY3Rpb25SdWxlcz4NCiAgICAgIDxDb3JyZWxhdGlvbkV4dHJhY3Rpb25SdWxlcz4NCiAgICAgICAgPEV4dHJhY3Rpb25SdWxlIENsYXNzbmFtZT0iTWljcm9zb2Z0LlZpc3VhbFN0dWRpby5UZXN0VG9vbHMuV2ViVGVzdGluZy5SdWxlcy5FeHRyYWN0Rm9ybUZpZWxkLCBNaWNyb3NvZnQuVmlzdWFsU3R1ZGlvLlF1YWxpdHlUb29scy5XZWJUZXN0RnJhbWV3b3JrLCBWZXJzaW9uPTEwLjAuMC4wLCBDdWx0dXJlPW5ldXRyYWwsIFB1YmxpY0tleVRva2VuPWIwM2Y1ZjdmMTFkNTBhM2EiIFZhcmlhYmxlTmFtZT0iRm9ybVBvc3RQYXJhbTM2LmJ0blF1ZXJ5IiBEaXNwbGF5TmFtZT0iIiBEZXNjcmlwdGlvbj0iIj4NCiAgICAgICAgICA8UnVsZVBhcmFtZXRlcnM+DQogICAgICAgICAgICA8UnVsZVBhcmFtZXRlciBOYW1lPSJOYW1lIiBWYWx1ZT0iYnRuUXVlcnkiIC8+DQogICAgICAgICAgICA8UnVsZVBhcmFtZXRlciBOYW1lPSJIdG1sRGVjb2RlIiBWYWx1ZT0iVHJ1ZSIgLz4NCiAgICAgICAgICAgIDxSdWxlUGFyYW1ldGVyIE5hbWU9IlJlcXVpcmVkIiBWYWx1ZT0iRmFsc2UiIC8+DQogICAgICAgICAgICA8UnVsZVBhcmFtZXRlciBOYW1lPSJJbmRleCIgVmFsdWU9IjAiIC8+DQogICAgICAgICAgPC9SdWxlUGFyYW1ldGVycz4NCiAgICAgICAgPC9FeHRyYWN0aW9uUnVsZT4NCiAgICAgICAgPEV4dHJhY3Rpb25SdWxlIENsYXNzbmFtZT0iTWljcm9zb2Z0LlZpc3VhbFN0dWRpby5UZXN0VG9vbHMuV2ViVGVzdGluZy5SdWxlcy5FeHRyYWN0Rm9ybUZpZWxkLCBNaWNyb3NvZnQuVmlzdWFsU3R1ZGlvLlF1YWxpdHlUb29scy5XZWJUZXN0RnJhbWV3b3JrLCBWZXJzaW9uPTEwLjAuMC4wLCBDdWx0dXJlPW5ldXRyYWwsIFB1YmxpY0tleVRva2VuPWIwM2Y1ZjdmMTFkNTBhM2EiIFZhcmlhYmxlTmFtZT0iRm9ybVBvc3RQYXJhbTM3LnR4dE9URW1wSUQiIERpc3BsYXlOYW1lPSIiIERlc2NyaXB0aW9uPSIiPg0KICAgICAgICAgIDxSdWxlUGFyYW1ldGVycz4NCiAgICAgICAgICAgIDxSdWxlUGFyYW1ldGVyIE5hbWU9Ik5hbWUiIFZhbHVlPSJ0eHRPVEVtcElEIiAvPg0KICAgICAgICAgICAgPFJ1bGVQYXJhbWV0ZXIgTmFtZT0iSHRtbERlY29kZSIgVmFsdWU9IlRydWUiIC8+DQogICAgICAgICAgICA8UnVsZVBhcmFtZXRlciBOYW1lPSJSZXF1aXJlZCIgVmFsdWU9IkZhbHNlIiAvPg0KICAgICAgICAgICAgPFJ1bGVQYXJhbWV0ZXIgTmFtZT0iSW5kZXgiIFZhbHVlPSIwIiAvPg0KICAgICAgICAgIDwvUnVsZVBhcmFtZXRlcnM+DQogICAgICAgIDwvRXh0cmFjdGlvblJ1bGU+DQogICAgICAgIDxFeHRyYWN0aW9uUnVsZSBDbGFzc25hbWU9Ik1pY3Jvc29mdC5WaXN1YWxTdHVkaW8uVGVzdFRvb2xzLldlYlRlc3RpbmcuUnVsZXMuRXh0cmFjdFRleHQsIE1pY3Jvc29mdC5WaXN1YWxTdHVkaW8uUXVhbGl0eVRvb2xzLldlYlRlc3RGcmFtZXdvcmssIFZlcnNpb249MTAuMC4wLjAsIEN1bHR1cmU9bmV1dHJhbCwgUHVibGljS2V5VG9rZW49YjAzZjVmN2YxMWQ1MGEzYSIgVmFyaWFibGVOYW1lPSJGb3JtUG9zdFBhcmFtMzguZGRsUXVlcnlDb25kaXRpb25zIiBEaXNwbGF5TmFtZT0iIiBEZXNjcmlwdGlvbj0iIj4NCiAgICAgICAgICA8UnVsZVBhcmFtZXRlcnM+DQogICAgICAgICAgICA8UnVsZVBhcmFtZXRlciBOYW1lPSJTdGFydHNXaXRoIiBWYWx1ZT0icyZxdW90OzpbJnF1b3Q7IiAvPg0KICAgICAgICAgICAgPFJ1bGVQYXJhbWV0ZXIgTmFtZT0iRW5kc1dpdGgiIFZhbHVlPSImcXVvdDssJnF1b3Q7MSZxdW90OyIgLz4NCiAgICAgICAgICAgIDxSdWxlUGFyYW1ldGVyIE5hbWU9IkluZGV4IiBWYWx1ZT0iMCIgLz4NCiAgICAgICAgICAgIDxSdWxlUGFyYW1ldGVyIE5hbWU9Iklnbm9yZUNhc2UiIFZhbHVlPSJGYWxzZSIgLz4NCiAgICAgICAgICAgIDxSdWxlUGFyYW1ldGVyIE5hbWU9IlVzZVJlZ3VsYXJFeHByZXNzaW9uIiBWYWx1ZT0iRmFsc2UiIC8+DQogICAgICAgICAgICA8UnVsZVBhcmFtZXRlciBOYW1lPSJIdG1sRGVjb2RlIiBWYWx1ZT0iVHJ1ZSIgLz4NCiAgICAgICAgICAgIDxSdWxlUGFyYW1ldGVyIE5hbWU9IlJlcXVpcmVkIiBWYWx1ZT0iRmFsc2UiIC8+DQogICAgICAgICAgPC9SdWxlUGFyYW1ldGVycz4NCiAgICAgICAgPC9FeHRyYWN0aW9uUnVsZT4NCiAgICAgICAgPEV4dHJhY3Rpb25SdWxlIENsYXNzbmFtZT0iTWljcm9zb2Z0LlZpc3VhbFN0dWRpby5UZXN0VG9vbHMuV2ViVGVzdGluZy5SdWxlcy5FeHRyYWN0VGV4dCwgTWljcm9zb2Z0LlZpc3VhbFN0dWRpby5RdWFsaXR5VG9vbHMuV2ViVGVzdEZyYW1ld29yaywgVmVyc2lvbj0xMC4wLjAuMCwgQ3VsdHVyZT1uZXV0cmFsLCBQdWJsaWNLZXlUb2tlbj1iMDNmNWY3ZjExZDUwYTNhIiBWYXJpYWJsZU5hbWU9IkZvcm1Qb3N0UGFyYW0zOS5kZGxPVFN0YXR1cyIgRGlzcGxheU5hbWU9IiIgRGVzY3JpcHRpb249IiI+DQogICAgICAgICAgPFJ1bGVQYXJhbWV0ZXJzPg0KICAgICAgICAgICAgPFJ1bGVQYXJhbWV0ZXIgTmFtZT0iU3RhcnRzV2l0aCIgVmFsdWU9IiZxdW90OzAmcXVvdDssJnF1b3Q7IiAvPg0KICAgICAgICAgICAgPFJ1bGVQYXJhbWV0ZXIgTmFtZT0iRW5kc1dpdGgiIFZhbHVlPSImcXVvdDssJnF1b3Q7MiZxdW90OyIgLz4NCiAgICAgICAgICAgIDxSdWxlUGFyYW1ldGVyIE5hbWU9IkluZGV4IiBWYWx1ZT0iMCIgLz4NCiAgICAgICAgICAgIDxSdWxlUGFyYW1ldGVyIE5hbWU9Iklnbm9yZUNhc2UiIFZhbHVlPSJGYWxzZSIgLz4NCiAgICAgICAgICAgIDxSdWxlUGFyYW1ldGVyIE5hbWU9IlVzZVJlZ3VsYXJFeHByZXNzaW9uIiBWYWx1ZT0iRmFsc2UiIC8+DQogICAgICAgICAgICA8UnVsZVBhcmFtZXRlciBOYW1lPSJIdG1sRGVjb2RlIiBWYWx1ZT0iVHJ1ZSIgLz4NCiAgICAgICAgICAgIDxSdWxlUGFyYW1ldGVyIE5hbWU9IlJlcXVpcmVkIiBWYWx1ZT0iRmFsc2UiIC8+DQogICAgICAgICAgPC9SdWxlUGFyYW1ldGVycz4NCiAgICAgICAgPC9FeHRyYWN0aW9uUnVsZT4NCiAgICAgIDwvQ29ycmVsYXRpb25FeHRyYWN0aW9uUnVsZXM+DQogICAgPC9SZXF1ZXN0Pg0KICAgIDxSZXF1ZXN0IE1ldGhvZD0iUE9TVCIgR3VpZD0iYTk3ZjgyODctNGIyYy00MTU4LTkxOTktYmE4NDQ1NzMwNDYwIiBWZXJzaW9uPSIxLjEiIFVybD0iaHR0cDovLzEwLjExLjM2LjExNDo4MDA3L092ZXJUaW1lL092ZXJ0aW1lUHJlT3JkZXIuYXNweCIgVGhpbmtUaW1lPSIxNSIgVGltZW91dD0iMzAwIiBQYXJzZURlcGVuZGVudFJlcXVlc3RzPSJUcnVlIiBGb2xsb3dSZWRpcmVjdHM9IlRydWUiIFJlY29yZFJlc3VsdD0iVHJ1ZSIgQ2FjaGU9IkZhbHNlIiBSZXNwb25zZVRpbWVHb2FsPSIwIiBFbmNvZGluZz0idXRmLTgiIEV4cGVjdGVkSHR0cFN0YXR1c0NvZGU9IjAiIEV4cGVjdGVkUmVzcG9uc2VVcmw9IiIgUmVwb3J0aW5nTmFtZT0iIiBJZ25vcmVIdHRwU3RhdHVzQ29kZT0iRmFsc2UiPg0KICAgICAgPEV4dHJhY3Rpb25SdWxlcz4NCiAgICAgICAgPEV4dHJhY3Rpb25SdWxlIENsYXNzbmFtZT0iTWljcm9zb2Z0LlZpc3VhbFN0dWRpby5UZXN0VG9vbHMuV2ViVGVzdGluZy5SdWxlcy5FeHRyYWN0SGlkZGVuRmllbGRzLCBNaWNyb3NvZnQuVmlzdWFsU3R1ZGlvLlF1YWxpdHlUb29scy5XZWJUZXN0RnJhbWV3b3JrLCBWZXJzaW9uPTEwLjAuMC4wLCBDdWx0dXJlPW5ldXRyYWwsIFB1YmxpY0tleVRva2VuPWIwM2Y1ZjdmMTFkNTBhM2EiIFZhcmlhYmxlTmFtZT0iMSIgRGlzcGxheU5hbWU9IuaTt+WPlumaseiXj+ashOS9jSIgRGVzY3JpcHRpb249IuaTt+WPluWbnuaHieS4reeahOaJgOaciemaseiXj+ashOS9je+8jOS4puWwh+Wug+WAkeaUvuWcqOa4rOippuWFp+WuueS4reOAgiI+DQogICAgICAgICAgPFJ1bGVQYXJhbWV0ZXJzPg0KICAgICAgICAgICAgPFJ1bGVQYXJhbWV0ZXIgTmFtZT0iUmVxdWlyZWQiIFZhbHVlPSJUcnVlIiAvPg0KICAgICAgICAgICAgPFJ1bGVQYXJhbWV0ZXIgTmFtZT0iSHRtbERlY29kZSIgVmFsdWU9IlRydWUiIC8+DQogICAgICAgICAgPC9SdWxlUGFyYW1ldGVycz4NCiAgICAgICAgPC9FeHRyYWN0aW9uUnVsZT4NCiAgICAgIDwvRXh0cmFjdGlvblJ1bGVzPg0KICAgICAgPENvcnJlbGF0aW9uRXh0cmFjdGlvblJ1bGVzPg0KICAgICAgICA8RXh0cmFjdGlvblJ1bGUgQ2xhc3NuYW1lPSJNaWNyb3NvZnQuVmlzdWFsU3R1ZGlvLlRlc3RUb29scy5XZWJUZXN0aW5nLlJ1bGVzLkV4dHJhY3RGb3JtRmllbGQsIE1pY3Jvc29mdC5WaXN1YWxTdHVkaW8uUXVhbGl0eVRvb2xzLldlYlRlc3RGcmFtZXdvcmssIFZlcnNpb249MTAuMC4wLjAsIEN1bHR1cmU9bmV1dHJhbCwgUHVibGljS2V5VG9rZW49YjAzZjVmN2YxMWQ1MGEzYSIgVmFyaWFibGVOYW1lPSJGb3JtUG9zdFBhcmFtMzIuYnRuVXBkYXRlIiBEaXNwbGF5TmFtZT0iIiBEZXNjcmlwdGlvbj0iIj4NCiAgICAgICAgICA8UnVsZVBhcmFtZXRlcnM+DQogICAgICAgICAgICA8UnVsZVBhcmFtZXRlciBOYW1lPSJOYW1lIiBWYWx1ZT0iYnRuVXBkYXRlIiAvPg0KICAgICAgICAgICAgPFJ1bGVQYXJhbWV0ZXIgTmFtZT0iSHRtbERlY29kZSIgVmFsdWU9IlRydWUiIC8+DQogICAgICAgICAgICA8UnVsZVBhcmFtZXRlciBOYW1lPSJSZXF1aXJlZCIgVmFsdWU9IkZhbHNlIiAvPg0KICAgICAgICAgICAgPFJ1bGVQYXJhbWV0ZXIgTmFtZT0iSW5kZXgiIFZhbHVlPSIwIiAvPg0KICAgICAgICAgIDwvUnVsZVBhcmFtZXRlcnM+DQogICAgICAgIDwvRXh0cmFjdGlvblJ1bGU+DQogICAgICAgIDxFeHRyYWN0aW9uUnVsZSBDbGFzc25hbWU9Ik1pY3Jvc29mdC5WaXN1YWxTdHVkaW8uVGVzdFRvb2xzLldlYlRlc3RpbmcuUnVsZXMuRXh0cmFjdEZvcm1GaWVsZCwgTWljcm9zb2Z0LlZpc3VhbFN0dWRpby5RdWFsaXR5VG9vbHMuV2ViVGVzdEZyYW1ld29yaywgVmVyc2lvbj0xMC4wLjAuMCwgQ3VsdHVyZT1uZXV0cmFsLCBQdWJsaWNLZXlUb2tlbj1iMDNmNWY3ZjExZDUwYTNhIiBWYXJpYWJsZU5hbWU9IkZvcm1Qb3N0UGFyYW0zMy50eHRPVEVtcElEIiBEaXNwbGF5TmFtZT0iIiBEZXNjcmlwdGlvbj0iIj4NCiAgICAgICAgICA8UnVsZVBhcmFtZXRlcnM+DQogICAgICAgICAgICA8UnVsZVBhcmFtZXRlciBOYW1lPSJOYW1lIiBWYWx1ZT0idHh0T1RFbXBJRCIgLz4NCiAgICAgICAgICAgIDxSdWxlUGFyYW1ldGVyIE5hbWU9Ikh0bWxEZWNvZGUiIFZhbHVlPSJUcnVlIiAvPg0KICAgICAgICAgICAgPFJ1bGVQYXJhbWV0ZXIgTmFtZT0iUmVxdWlyZWQiIFZhbHVlPSJGYWxzZSIgLz4NCiAgICAgICAgICAgIDxSdWxlUGFyYW1ldGVyIE5hbWU9IkluZGV4IiBWYWx1ZT0iMCIgLz4NCiAgICAgICAgICA8L1J1bGVQYXJhbWV0ZXJzPg0KICAgICAgICA8L0V4dHJhY3Rpb25SdWxlPg0KICAgICAgICA8RXh0cmFjdGlvblJ1bGUgQ2xhc3NuYW1lPSJNaWNyb3NvZnQuVmlzdWFsU3R1ZGlvLlRlc3RUb29scy5XZWJUZXN0aW5nLlJ1bGVzLkV4dHJhY3RUZXh0LCBNaWNyb3NvZnQuVmlzdWFsU3R1ZGlvLlF1YWxpdHlUb29scy5XZWJUZXN0RnJhbWV3b3JrLCBWZXJzaW9uPTEwLjAuMC4wLCBDdWx0dXJlPW5ldXRyYWwsIFB1YmxpY0tleVRva2VuPWIwM2Y1ZjdmMTFkNTBhM2EiIFZhcmlhYmxlTmFtZT0iRm9ybVBvc3RQYXJhbTM0LmRkbFF1ZXJ5Q29uZGl0aW9ucyIgRGlzcGxheU5hbWU9IiIgRGVzY3JpcHRpb249IiI+DQogICAgICAgICAgPFJ1bGVQYXJhbWV0ZXJzPg0KICAgICAgICAgICAgPFJ1bGVQYXJhbWV0ZXIgTmFtZT0iU3RhcnRzV2l0aCIgVmFsdWU9InMmcXVvdDs6WyZxdW90OyIgLz4NCiAgICAgICAgICAgIDxSdWxlUGFyYW1ldGVyIE5hbWU9IkVuZHNXaXRoIiBWYWx1ZT0iJnF1b3Q7LCZxdW90OzEmcXVvdDsiIC8+DQogICAgICAgICAgICA8UnVsZVBhcmFtZXRlciBOYW1lPSJJbmRleCIgVmFsdWU9IjAiIC8+DQogICAgICAgICAgICA8UnVsZVBhcmFtZXRlciBOYW1lPSJJZ25vcmVDYXNlIiBWYWx1ZT0iRmFsc2UiIC8+DQogICAgICAgICAgICA8UnVsZVBhcmFtZXRlciBOYW1lPSJVc2VSZWd1bGFyRXhwcmVzc2lvbiIgVmFsdWU9IkZhbHNlIiAvPg0KICAgICAgICAgICAgPFJ1bGVQYXJhbWV0ZXIgTmFtZT0iSHRtbERlY29kZSIgVmFsdWU9IlRydWUiIC8+DQogICAgICAgICAgICA8UnVsZVBhcmFtZXRlciBOYW1lPSJSZXF1aXJlZCIgVmFsdWU9IkZhbHNlIiAvPg0KICAgICAgICAgIDwvUnVsZVBhcmFtZXRlcnM+DQogICAgICAgIDwvRXh0cmFjdGlvblJ1bGU+DQogICAgICAgIDxFeHRyYWN0aW9uUnVsZSBDbGFzc25hbWU9Ik1pY3Jvc29mdC5WaXN1YWxTdHVkaW8uVGVzdFRvb2xzLldlYlRlc3RpbmcuUnVsZXMuRXh0cmFjdFRleHQsIE1pY3Jvc29mdC5WaXN1YWxTdHVkaW8uUXVhbGl0eVRvb2xzLldlYlRlc3RGcmFtZXdvcmssIFZlcnNpb249MTAuMC4wLjAsIEN1bHR1cmU9bmV1dHJhbCwgUHVibGljS2V5VG9rZW49YjAzZjVmN2YxMWQ1MGEzYSIgVmFyaWFibGVOYW1lPSJGb3JtUG9zdFBhcmFtMzUuZGRsT1RTdGF0dXMiIERpc3BsYXlOYW1lPSIiIERlc2NyaXB0aW9uPSIiPg0KICAgICAgICAgIDxSdWxlUGFyYW1ldGVycz4NCiAgICAgICAgICAgIDxSdWxlUGFyYW1ldGVyIE5hbWU9IlN0YXJ0c1dpdGgiIFZhbHVlPSImcXVvdDswJnF1b3Q7LCZxdW90OyIgLz4NCiAgICAgICAgICAgIDxSdWxlUGFyYW1ldGVyIE5hbWU9IkVuZHNXaXRoIiBWYWx1ZT0iJnF1b3Q7LCZxdW90OzImcXVvdDsiIC8+DQogICAgICAgICAgICA8UnVsZVBhcmFtZXRlciBOYW1lPSJJbmRleCIgVmFsdWU9IjAiIC8+DQogICAgICAgICAgICA8UnVsZVBhcmFtZXRlciBOYW1lPSJJZ25vcmVDYXNlIiBWYWx1ZT0iRmFsc2UiIC8+DQogICAgICAgICAgICA8UnVsZVBhcmFtZXRlciBOYW1lPSJVc2VSZWd1bGFyRXhwcmVzc2lvbiIgVmFsdWU9IkZhbHNlIiAvPg0KICAgICAgICAgICAgPFJ1bGVQYXJhbWV0ZXIgTmFtZT0iSHRtbERlY29kZSIgVmFsdWU9IlRydWUiIC8+DQogICAgICAgICAgICA8UnVsZVBhcmFtZXRlciBOYW1lPSJSZXF1aXJlZCIgVmFsdWU9IkZhbHNlIiAvPg0KICAgICAgICAgIDwvUnVsZVBhcmFtZXRlcnM+DQogICAgICAgIDwvRXh0cmFjdGlvblJ1bGU+DQogICAgICA8L0NvcnJlbGF0aW9uRXh0cmFjdGlvblJ1bGVzPg0KICAgICAgPEZvcm1Qb3N0SHR0cEJvZHk+DQogICAgICAgIDxGb3JtUG9zdFBhcmFtZXRlciBOYW1lPSJUb29sa2l0U2NyaXB0TWFuYWdlcjFfSGlkZGVuRmllbGQiIFZhbHVlPSI7O0FqYXhDb250cm9sVG9vbGtpdCwgVmVyc2lvbj00LjEuNy42MDcsIEN1bHR1cmU9bmV1dHJhbCwgUHVibGljS2V5VG9rZW49MjhmMDFiMGU4NGI2ZDUzZTp6aC1IYW50OjdiOTVlZDFhLTZhM2YtNDFkZC1iYzViLTYzZjM5ZWRiYzRiNDpkZTFmZWFiMjpmY2YwZTk5MzpmMmM4ZTcwODo3MjBhNTJiZjpmOWNlYzliYzo1ODllYWEzMDo2OTgxMjljZjpmYjliNGM1NzpjY2I5NmNmOTphNjdjMjcwMDo4NjEzYWVhNzozMjAyYTVhMjphYjA5ZTNmZTo4NzEwNGI3YzpiZTZmYjI5OCIgUmVjb3JkZWRWYWx1ZT0iOztBamF4Q29udHJvbFRvb2xraXQsIFZlcnNpb249NC4xLjcuNjA3LCBDdWx0dXJlPW5ldXRyYWwsIFB1YmxpY0tleVRva2VuPTI4ZjAxYjBlODRiNmQ1M2U6emgtSGFudDo3Yjk1ZWQxYS02YTNmLTQxZGQtYmM1Yi02M2YzOWVkYmM0YjQ6ZGUxZmVhYjI6ZmNmMGU5OTM6ZjJjOGU3MDg6NzIwYTUyYmY6ZjljZWM5YmM6NTg5ZWFhMzA6Njk4MTI5Y2Y6ZmI5YjRjNTc6Y2NiOTZjZjk6YTY3YzI3MDA6ODYxM2FlYTc6MzIwMmE1YTI6YWIwOWUzZmU6ODcxMDRiN2M6YmU2ZmIyOTgiIENvcnJlbGF0aW9uQmluZGluZz0iIiBVcmxFbmNvZGU9IlRydWUiIC8+DQogICAgICAgIDxGb3JtUG9zdFBhcmFtZXRlciBOYW1lPSJfX0VWRU5UVEFSR0VUIiBWYWx1ZT0ie3skSElEREVOMS5fX0VWRU5UVEFSR0VUfX0iIFJlY29yZGVkVmFsdWU9IiIgQ29ycmVsYXRpb25CaW5kaW5nPSIiIFVybEVuY29kZT0iVHJ1ZSIgLz4NCiAgICAgICAgPEZvcm1Qb3N0UGFyYW1ldGVyIE5hbWU9Il9fRVZFTlRBUkdVTUVOVCIgVmFsdWU9Int7JEhJRERFTjEuX19FVkVOVEFSR1VNRU5UfX0iIFJlY29yZGVkVmFsdWU9IiIgQ29ycmVsYXRpb25CaW5kaW5nPSIiIFVybEVuY29kZT0iVHJ1ZSIgLz4NCiAgICAgICAgPEZvcm1Qb3N0UGFyYW1ldGVyIE5hbWU9Il9fTEFTVEZPQ1VTIiBWYWx1ZT0ie3skSElEREVOMS5fX0xBU1RGT0NVU319IiBSZWNvcmRlZFZhbHVlPSIiIENvcnJlbGF0aW9uQmluZGluZz0iIiBVcmxFbmNvZGU9IlRydWUiIC8+DQogICAgICAgIDxGb3JtUG9zdFBhcmFtZXRlciBOYW1lPSJfX1ZTVEFURSIgVmFsdWU9Int7JEhJRERFTjEuX19WU1RBVEV9fSIgUmVjb3JkZWRWYWx1ZT0iQVIrTENBQUFBQUFBQkFEdE8xMTNFMWVTeGxoTnk1QVlackdHN0xDU0puTm1GQTVwb3U2V2JSdzJPU2UyU1lBSmxtMkprSS9KOFJGSWtiVUlpV01KQXZzRXlUaDgyWVFNQnNOQWtpRWt3WVRoS3dSd0RHUDJIK3crek1NODU3amIwdFA4Z0htWXZmZFcxKzBycWJzRG0reGJsSk9vVWxXM3FtN2RxbnZyMXBYL3VhaHQxU0tmbE4yM05aVXJ0UDM3MnFabHpWSjdxeHhQOWhaMzc5bmN0eVNlM0VpL3BYaXlMMVhPa0s5a2JuZG1XVHlaS0tmS2UwdjlxZDJacFFSWExLZnlsRURZay9zTG0vdGtaQ0RBeThYUjNmM3gxcGZ6eFhkN1U2VU1JVGIvazN6YTBtMitWclZiMTFTMXN5TVdhd3NFZ2xKZlprOTVjNS92djMyUm9ZNk96bWcwOGl3Rk9oQ0lJYUFqb0NHZ0loQzFnQmp5eEpBbmhqd3g1TkdScENOSlI1S0dTalZVcXFGQURVZHBPRXJEVVNyeXFNaWpJaWtLQVBudmJ6VUVWQVNRcEc5RElLa2pvQ0dnSW9BOENlUkpJRThDZVJMSU00U2tJU1FOSVdtd0U0RU9CR0lJb09SQkhENkl3d2R4K0FBT0g4RGhBemg4QUljUDRQQUJIRDZBdytQSUUwZWVPSkw2a2RTUHBINGMzbzg4RGNzZGJWakJxTWNTT0RpY2U1VzdMdG93NVdpRHFYWDJPS2tnUVBCbjhkRXNUWUJYYzZVeUFWTWtSWHova0NPOVBadGdRRzk4Q3dBOVE5RXRXMVFBb3VyNkdsQkZ1bVlob3pxblV4RGhXSFNMQ0hKWTJ5S0NLQzNPUmRqMHFFMW5NQ3JVVk01Q1FBR3JBNmphREtyRjBCdFA4SmtsTnZMUlhRa1I1R09pQ1JIa01PZE92SUxEZE03S1FHUlZPU3NERWU2S0pVUVFwVzNpayt6ZzB0Um9EU2pDR3RxajJXWnFncGw2UWdSRjJCcVoySXJJRHR2T0RzRk9DcU9XOVNwbm9TRGFQTWdYa2F0TERQRTUyNWFwb21XZENRRkVCZnA2anFVZ3dwMjJyem9GWDIzanZ1TENHSWk4VVZ0YVZKQ20yazVSQmFmRWJPNll3TjFoQjBDSHNLcGR0cmU2Qkc5MTJ4N3FGankwbmErWm1oQkJIbkd4aEFoeXlkMEpFVVJwcjNNVjlreTY3WmtrM3JCVE1DR0NmSm5zVUk4SnRxKzNZL3BOUHN3MkxCb1RRczkydU5vcG9JVWNzbFhIN0Fqb3NzSDEwUnBRalFTZkhCNUlaVE9iUy9SMGZyV1lIUW0yVzRqQnZablJBNG55YUs2UVpYZ0pDZ0dmbEJqWTFQTmJOZmhMaSsrbHZlWGlTM3YyNUE5czNMMGprNmE0M2xLcE41OHFsYkxCaU1WRGE0b3krVGV4YzdTWXp3OFVTN2x5cmxpSUZ3aFU3a250M0pVTnRzS1JUL2RHMzE5YjZwMHJMcXVZQk5Za0doYXJKanFFUkJjRHVTYkhhbkl2V2h1ZVRya2g1SEp0am92SlZyY2RPWVcvbUp4Q3RvZ1JJbTdTTmZ1NHNOMkptNmNZeStKeFVSc3pRaG9JTzFyTlRpY2tkVTBZaWtFdEhqZkNZY0ZEbVdjRlR4K2VsWHdqNGJzVzM5TDQ5c2czWnI3Zjg2T0RuMWY4R0lUemtwOHovQ2kxRHRmZ1V1SHM5VjM2ZVNtVHord3NoL3MySjVLYiszdVQ0WjJrSmcySDN4M0pGTUx4V0hUZHRqM1crUnpPbGNLRllqbGMySnZQaDh1TjVFeWVqSXRFd3BsQ09wd3FVU0tuUFpzcjBWSFAwQUdJaWtUV1dHeUlFUlhyM29wMUw4VzZnMks5VWJIdXFGanpWcXg1S2RZY0ZHdU5palZIeGFxM1lyVkI4VE5zTkF6MkhQdU10Y0kyeXp1anhkM2h6S2FoclltK251SE55YUcrZFcrbGR4VGZYdmNXWThqOVo0cnVTalJFM3FieVJ6TmhhK0FMb3FJMXpBeVkvaHJ1QTFYd2dUQTlhcUw3NUJybWh0NVRhNzFuSzNGUjRlVkJyNVZyWERqQllGdzRndkpnY2pEWklRWWM0dEU1TitpSEt1MHJ2bHVvMThvbUxUaVVUZCtlS1lOZ2h0OU5UbjQzZVRBU1htdHpyNDBvRWY2LzlMcEtuZUJnUGZDcEFxUERmSUJKYzJMUzY1aDBKNlpZSFZOTVpITHlBalA0TWNJM0hzNW4zaW1ILzZPWUt6enFpRmcwWEtUUlJHd1pLdVl6dmNWMDVvVklMQm9KcDBpd0NCYUhYNGh6OExHVjZKWVNYVlNpb3hMOXgxR2lXVW8wVVltR1NyUWZSNGxxS1ZGRkpTb3FVWDhjSlpZT1VVVTB3aFE0eXJjMkxYdkhJWnZnVDNmTG4rNldQOTB0ZjdwYmlwVzhRMUgvLzNHM1hFUHFwM1JtTkx6amdGanVDZ1dvVUJJS3RRMHZOOExCSlFSaTVmcmRscHBlbXQweDFXb2Field0T0x0WnlOdUh2TmZJRzNpODZjaGJsYnpKaDhQdDVpWG40UTFPM3ZMa1BWVGVMTVRoZHV1VU4xTjVlNVUzWEhFNDd6WGFiVnJlMCtXTlNTVFo3VjdlSktZODNlU3pmejlpa05udUh5UHpObVR1N280SVBVdWhVV3Azcnh0NzNySDY5cXJkQmVmTUhmVzlXTHUvenB2eHZISEx1L0tjMU5EY3Ridjd2Ti9QZWZpYkFIOGxvTzhHd1Ric1FHVEtxV1FxVzhvR21wc1h0NlVESzhsLzJ3TE53ZmJoVjNQWmtYSlBjWC9QYUNhMWEyTWh0U09mU1kra0E4M3ZFSzZXNWtXTWE4bHJ1VktPRUViUzZXWWZ3N1FrTS92THZsV1ZjNmNYVG40d1AzUHQ3dy9HSzFlUEwweFBHSE5qM3gzOGt2RDltdktGbnZBdE0yL09WRzZkckI0N1dMazRUdkJyTEh6Yi9PeXNjZXg4NWZaaGMvWWtrVU5JQ3BJcVo3NnFqdjE1NGNzUGpTTlhGaTUvUkVqUHRWa21VZk9YcDlPQlJlK2ttMVZFU2hUWkZwQ0RUL2FseXFuWFV2bTltWmR6bVh6YTEwS0xodUFURkVzTkJxUk1rYlNpREM0ZC9pVWw5UlQzRnRMWjRCSSsrK1h0TFNzVThpRlRxaDZhTVU4ZHB2K3pITkpNSVJaWHBvOFJpd09Ra29wNSsvVDgvYytyaCs0WWMxOVJOSVNTWXQ0OVV2bjZmdlh3UjVWUEpnaTZ2YVZKQWdrU2pKT0FiK1hheFMxWjhtRXo4ckZwaEo0RXcwTnR0cTJoNWRuUUNtclppa2Uwakd3RXlzTHQrd3QzYmkwYy9uVGgrc1hxKzlNQnlIMkx6N2grMUR4eG1hQlhROTRyNWhmWGpPUG5ZSXh4NUFQems1TklISXdxODdPZm0yZFBBYkV5ZmEweWZRU0pRNmpIL09TdWVmbDRoYXphc2ZjSjhTbklXb3RZUFhOODRkeUQrWm1EU0VuV1VXYkgwY0p0VWNXNFBHbDhmb1pZVGFMTFFqKzZwd09Rd2hSTmNNYnBENHhUaDZnUVNGWUxEWk1GdEc2ajV4OGNBdXNEa0pzVzJuWWhwQ1BLdm5IRi9QUUxnbTVmSVM0dWNiMEVycGJBdFJJNFVRSjNTZUFZQ2J3Z3daUnJnMEtDS1VoZ3NnUW1TbUNTQkNhUXVGbVJyZit3SUZyeS9VSDA0ZzhNb240VjBXeUpTSTRDV2xNVzduNWR1WGVqRHEwcjgzKzVRRHhlaTI2TVJFQnJOdG9ZbStiY3VoV2cxYWtMOHcvZkkranZqOXNCVlRHdW5UVW41MFFpSDZrcHh2Z05ZMnpja1VpMFRkNll2MysyanZnMG5IOEtCSnN4ODU3eHAyOGN4M2NvbGE4dkdqZkc1eDllckV4UFdjNUNZcWRTL1d5NitzZXZ5S3lwUzJxSWJya1dnRk5WSVhySVJzckhBRnBUcXVkcEFwZ1hKcWdyVUpTdVZBNS9aUnk3SWdya3hKaGl6TjBoRVd3dFNpMnhRekcrdlcxOGVOTVNXS3V0VXpIdjNLUDVXVFBHYlI4QW9xcVloNDh1VEU2TExHVGtVM0RHMHhVM3o1d3pacS9XVWh5M2p3QlVBVXIxNEI5SnFBRUZiVXVnSityUXVtTHRBNGgyMzROV1E5MUFJNGZFaDBqSG1TYTFtdUNvSStxVzYrcUlqN2UxMFd3a1ZSNUZFeHdaemhBYVE4QUtQOTdtdHhxcUdkejh3UHJKendpUjJnMFZEbTZCSkdLL251RkU5MjJUVmp4Vzhwa25wbzM3bHl4dXFvZUVhUFhZdlJvMDFRQkxWbmt3YWR3OFlhSEpsc2JXWm5hcWhydURjcCsvWDdseUMwUUIybW1uWGcxMUZScDQraHZqNUJFN0dhSFdzb2cwSlkrZmc4Z0VnVTU3L0dxb3h0Q0Yxejh6ajl5MUV3c3FOQ1JPVUlFMVJOdVJ4c3h0a2VoeWRLeUd1ZzdOUDNHRStOL2FGNWpBRHEzT0ZHTmlrdmpMSXRyYUlEQnFSc2JxeFU0K1hMaDJ4aUoyMUJIQklJdll5WW5WZzNQR2UzL21HM2Y3aTA0SFhiOEtYeHA4NmVMcEZ3ZGtYQmZQd2dFWU1BQzBBWXNXZzY4TytPb1VUODFCR0RBSUF3Wmh3Q0FNR0lRQmc1M2krVG9FQTRZMDhiUk5BREpoSVhYeENFNENMUW0wcEY1M0xrTStTcENGRGFjMHpTMEpzc2crczJsK1NKQVBFc1MvQlBFdVFYemJ4N29PbkxvbUh2SXhRTVlzcE01UGZna2lSb0xZa0NBS0pGaHZDVlpXZ2pVa05jS0xEVFhDWTMxWVFhRmpuUzFiZFRhcExWcnRLeTJwTUo2bzZkVHlNcU81c2N3SVFEK09iV3drNTJiK3N2RHhKYkladERjM1NVQWhOamZYVjhPdDlxWFpYZG5pUm1XL2dKNmZwV3pMM3QwN2lzYkVRZEQ0RkhUTkxGcGk2MFpPYVY5TWJHRURKZUFoSmkxdUtLNWE3ZHU3dTAxdGpUYXRndmFqYUpPeVJTWEtnYURWRWpRa3hHdEh4T21JQVBUNzdDa29Hem42RlJIOUNrZHZFdEdiT0hxcmlON0swWU1pZXBDamgwVDBFRWR2RTlIYk9IcTdpTjdPMGErTDZOYzUrZzBSL1FaSHZ5bWkzNlRvOXJZbUNWd0pYNW9FYnBMQUtSSTRRWUpKU3pCSkNTWWx3U1FrTUZvQ0l5VXdTZ0lqSkZCS1ZyN05LU1A4R0FWTGhZY2E5ekRZM2hnR1QyUGZWekZQZjJtTVQwRlpKNjZ4dWc2ZWNYaXoySjFUVVJmdS9QNXA3RkVycFBnZ1YvTHZrVWliMmU2Y1RHSVkrMnhPZkdRaDFHZEZlUWxuZVpSUGtCYWpoZHZWczlYenYvZVVSbHR6Ym55Q3RBNXEyOE0vR2RjK2J1QUtZL05VcVh6eDBQeDR6bE1kYmZtNThkbnFhSDlhTWMvY05HL2Y5SkxHV3RwdWZFeGFIYlBteXF4eDFTcFZmZkY5NDhJZlBGV3JUTFV6bnpBUjZoYmo3TkdGdVN1ZTBwaGJYUGdFYVYxRTJ2ek1VZlBtUncxY0xDanB3d3FkNHNMVmI3MkRrcjNBdUhQYVlVN2ZRR2l3T2FjRHNtaXVMQnF5Nks0c2VoaTd2b3BCeXNaYnQ1d2pqSGEzRlJyemx6N3pjaVZyZ3J2eDJhNmtyekRrVmpwRlhPQXByWXN0akRPZkxZMCsycEJyekl3eGU4RkxHbnZiY2VPemZVN2Z1UlR6SnVHNjU3Mks3RUhNblpOSi9IV1A5VVJHWitHUTU4Q3FDa0xaRHVqRnpPVCtDdnZ6THF4ODNXTHNCa252aVFkZEdPaFNWRzZkTkU1ODZ1VTg5dDdneHNlWGdqM1hLTlhUOTJoUHcxMGF2T3E0OGRuUzZMc1RDeWFIcUJTa3NlY3BOejVCR292eFMrVHFQZVVwRFhaNFp6NUJHdldiK2ZGRDg4cHhUMm5NYnk1OHRqU05oZkQxQzVXelhxY1B2R1M2OFRGcG9SN3I2VlFoOXp4eWFTVTNyNXJvUWJybVROZkFHdXAzODl5Tmhia1RudFl3djd2d0NYUFQ0VGlwbkRqbUtVMjNqaE1udnJyakJCNUNYWmsxcnBvZEFKK2VjRHFza1VGelliQmN3WGFxc2FPR3c5RkFrNUE5ZHlyR3hCUTVHS3FISnhwNG5yTnRaZytqSHF5MngySXNpK1ltekZ0ZU9RbXZuVzU4dGpUNitxbk16MDVXM3J2b0pZMDlrcnJ4Q2RMWWZuSDJXdlg4bUtjMDJDK2MrZXBYa3oxVnV6THoxZXhrUmRYaENlOVRBMTZhM2Zqc2lkQW5UYVZ5L0pTVHp0LzBXSy83VnVhU0k5K2MrckNCVGJPVnNwOENlSE1McXJzZ1pzeVpHMTRUNmVxeUFzYUpUNURXRGRLTWJ3NTVTdXUycERueDhVT0Z2ZW5TUTRYV0N4T05HNkFReit1ajF1bnN3bXBiU0g5elFNdE80NWJuZk5sUEU5ejRCR25NZTZjdU91M1BqS0ZidGVyWGI4OTRxZXRXc1g1MTRHUHFXQmpRQjNxRkZtcGtvbU5IemJPTlc1MFFCdXcxMzV1YlNXN2YzaVRqaGNmUGJ6NHkzbGo4L09vaTQ2WER6MjhmTXQ0Yy9Qd0tJZU10UWNZeTM4L3JmUm5MYno4djJqbWt5VmhOKzNsWkxXTko3T2Uxc1l6bHI0elZxNStYc1RMV3FRaG9DT2d5VnBZeWxvWitYaVBLV04vNWVhRW5ZNUhtNTlXYWpIV1dueGRjTWxaSmZsNHV5VmdNeVZqeHlGaXkrSG50SW1QZDRlY0ZpSXpGZzU5WEVUSldBSDVlQ3NoNGpQdjVlUzdqV2V6bmg3S001eTRDbW94SHBKK2ZsVEllWFg1KzRISEk0dTlNcUFoWUdNdnQ3UGp3ODNORXhnUEF6MDhDR1hkeFA5L09aZHhkL1h4UDVoQ0k3N1JXQlhaTkdUZEdHZmMwUDkvY1pOeVMvSHh2a25GZjhmTU5Sc2Fkd2MrM0NCbHoyOCtUWE1ZOGxqRVIvVHdqWmN3alAwK29sV3NYYi85aC9UM3Z4bDhYZTNCdlpyOEVvTDhYYUEwdUhhWi8va2ovV0NKVjlpMDdRRDYvZTI3cjF0ODlsMDRIVzRjVDVkUm9tZjE1Wk5OLzVjYlAvL1YvNUtBOHZMR1F0bEE5TGFGcmY1T0ppTTJsb1V3cUhTL2tENHdRaG1TeG1FL205dmlVdDZyM1B6RlBIWHM3Ykh6MHdQandxam4xaFhuK2c3OC9HSCtyZXY0Y3c1c3pZOVZ6bnh0amw0M3IzOEtQRTZoNWk5cVcwKy9na21KaFp6NjNjNWZ2elczbFhINjRkMlJYVDNGL3Nwak41alBzNXd1NWZLNTg0SmxJZVg4Wi9vYXpKNVBORllaM2p1eXlxWkZudy9YMGRHNGYvWW5BUzZPWlZHVE5oblE2VGR4QmxQbEs1UVA1akMrMEx6TmF6dTFNNVpWVVBwY3RQRjh1N3Rtd2o0dDdmb1A5QzRyLzJ5ekp5TlppSWIwakR6TjdzanlTSzYzYlIzL2Y4RUlrc2lGTkZpVWdCU1hINWZBM3JNWW0rZ3VIbXNYWVJQdVpaRmxEUDZzZEhQb1h2b0tobFh6bFF1MGpvY0FQWGFiUXozMnZQZHI2RUZzOVZvZFNuZGNtdE9xUmx5WDAxR092UitoZm5WY2g5SXM2RjY3bWJnLzltK0R2YnZxM3hTdWFGeTBQTk5GL2xxMWMyOVNVYnQ3QVhOVFN4ankweXZkRU9sZmFrMDhkZUw1UUxHUTJwUDhYVUlnZDJwdzhBQUE9IiBDb3JyZWxhdGlvbkJpbmRpbmc9IiIgVXJsRW5jb2RlPSJUcnVlIiAvPg0KICAgICAgICA8Rm9ybVBvc3RQYXJhbWV0ZXIgTmFtZT0iX19WSUVXU1RBVEUiIFZhbHVlPSJ7eyRISURERU4xLl9fVklFV1NUQVRFfX0iIFJlY29yZGVkVmFsdWU9IiIgQ29ycmVsYXRpb25CaW5kaW5nPSIiIFVybEVuY29kZT0iVHJ1ZSIgLz4NCiAgICAgICAgPEZvcm1Qb3N0UGFyYW1ldGVyIE5hbWU9Il9fU0NST0xMUE9TSVRJT05YIiBWYWx1ZT0ie3skSElEREVOMS5fX1NDUk9MTFBPU0lUSU9OWH19IiBSZWNvcmRlZFZhbHVlPSIwIiBDb3JyZWxhdGlvbkJpbmRpbmc9IiIgVXJsRW5jb2RlPSJUcnVlIiAvPg0KICAgICAgICA8Rm9ybVBvc3RQYXJhbWV0ZXIgTmFtZT0iX19TQ1JPTExQT1NJVElPTlkiIFZhbHVlPSJ7eyRISURERU4xLl9fU0NST0xMUE9TSVRJT05ZfX0iIFJlY29yZGVkVmFsdWU9IjAiIENvcnJlbGF0aW9uQmluZGluZz0iIiBVcmxFbmNvZGU9IlRydWUiIC8+DQogICAgICAgIDxGb3JtUG9zdFBhcmFtZXRlciBOYW1lPSJfX1ZJRVdTVEFURUVOQ1JZUFRFRCIgVmFsdWU9Int7JEhJRERFTjEuX19WSUVXU1RBVEVFTkNSWVBURUR9fSIgUmVjb3JkZWRWYWx1ZT0iIiBDb3JyZWxhdGlvbkJpbmRpbmc9IiIgVXJsRW5jb2RlPSJUcnVlIiAvPg0KICAgICAgICA8Rm9ybVBvc3RQYXJhbWV0ZXIgTmFtZT0iX19FVkVOVFZBTElEQVRJT04iIFZhbHVlPSJ7eyRISURERU4xLl9fRVZFTlRWQUxJREFUSU9OfX0iIFJlY29yZGVkVmFsdWU9Ilc4WnlrbDFBOGVvbTdKQWFKeURSN0ZGV3BlUEFPVFRUbG5ya0lnRWZuOE4veENrdjJ5Y1BzZDJFc0MxU0kyc0pWNXU2aEgyUGJnS3BYbEQ4elhzZm5UT3EyQVVnREpSUUtCK3JmK3pmYS9rYmNJSzhIcElLMnMxK0dJVmNEWjBGZEVhVjhQcmsvY0dTa1dsOCtxT3V0bzNaTlBKMU5DYWEyK3VjbjN6aGtTL2tleU5rTFB6d0xzeTFxSXArS2tCRDN3OXFvaURCVDROUkVaUFZuaVdQSW80MjVQR1dHWmQ1TkF6MjFTWU94RkZuMDA0K0w5Unl3NklqZTlhUWRJKzRjd3k2MEg3a09VbHpwMFpmbVM1bU9zamZHYVVZalArOVJrTWFkMjR0aVRVditJaFpLYWVrTlpjRE1KVlNaaEs4R0F3Qzh3eGxsNDVTWXYxVkd1S2FYMDNvc0dQZXpsRjRZMzdmTzdLSVV2TVFSQWFOZm1id3pURXo5cjFKZmp1ejJhc2JjaEN3TGZsWTJjcGJEK0Z4em1HOVk1R1JsSU05ZlVoMGdhZmlmTWZzcG1tOFJOZFp2c2p0OTk5dFVORkJyRkF6RHF2UzUwRmUvRit3MDdCSDlNWjF5VHZreUlBckM2L1ZXNk5jbnRuY0VDYWc3RWVPeThWYWhYZnRBUEpEU2ZWN3RuUWlsdUh1VVN3bU5DeTlwS3BxSnpFV0l1dnhtZ0pPVzdHenNFcmNMNStiUzZ3amVIM0JKYkY0MGdIcEFveGVMK0dzUTdmYjZ5dzc5SUZCK1VyM3l4eUhSS2psTXVFQlNJMnA2emZ0UTJkMktmdFdXNnY2WG9SVXhPMVlmRkVsTHNjVXN6WHFUWU02L2xybmwyYlVqeCtRQ2NzbE9TT2tLbXlHbFJubUJrMTZNZC9ya1NmUU1nTEpOanRQRjdlckZ3ZGM4LzFNK2hFWGhseFkxOXk5VEp1UHR5K1h5dElQVEZzNWwvVEMxQWxsV28zdHBCb2VXeWs4ZTVUVXd6T1ZBTHZFZ3VMSDFQdllHUmhPbVZiTzBacHNyZTZ4cXgydEZJSGNNSjdBbjR0WC9uRUh0Y0VuRFJCRUExanB4MUYvbkdOcTVJL3RPU2FESVAxZlJtWFhGRitXa2cralgraDJMeTFnWkpsSS9XZHh5cUJuZzdXZU5jWk12Y2w0bmZYaHJNL0lkbUF4bXExdlFJeXFqbzZVcmFaTm1ETFFDNFpVdWFYTzJtVmxLNkxXZm1tb0JQcWF6UGEzTFVqaGdWS3QrcEVTaGFSYjZlcEQwdFBSeUdicEdTeFdxQVh5dXFMNXQvNjFOM1dzNUROMEFyNFl4cENzS3QyTzAvcGdVZDdwUWhRUGJ1ejRpSGNkcW9mVzVaYmZqVUtlYytvQmgvbHVrSmNaMHpPd1VxSEg4UnQ0SU9ONmxrZkY1VVNRc3JUZU1JeS9JcGtxOTRlUGFHYTlGU3NNOHFvMUQ0R2o2eVRrbW1GWUVaYmQzS2hrRDhIem45Q2tPdTRxMGJGTUd4TXQvSU94SzZPcXRGQWlUVERRSDJnT0Fld3ZRTWJjRGFlcUdtT2VWQXhTS2F4Z2M2a2NlNk00TXU4RUYvZXB1TjlWbDljaGtDV0YrbkZCS0VYUG5EQ2Y1RjVTQkd4Q2RuUFYwSE4wZDAzVEVRY1I1YWRWM2YrZld6YitKYkdhRHlrck9weU5qNUY0Slg3aC85dkx4TG56MXIrTXZOb0k2VHg4YjVVTi9SZGQ3L1BicEJNdWw2NjgvcmdIUDUvM2Y1VkZtbEFwb0pkTVVzcjBibEJ6NmlWYTVjOUtjcyt2bmd5SE05eERGY282am1JbmVLZjF0TUlUWlZMUUhOYUxmaUdvNHlYMU5na0cvekxvTm1aRXA3ZkxZMWRzNEQrS1dMUmJCdmVTUm94ZTcxVlREaW9yTE9KK3phVVJYZmRUZG03dDhWQTQ3ck9IcHZGY1BQN0htWm1hVXJHZXduY29pV3FWU3ErVGp2UmtpZEVjcUYyUGlIdUc0SnEvYmxTaDFHNThHK1JWdklzMFBjNGhNS2paVjZnL1dRSGRNUFdzOForS2dHS0dDMGFYUkMwcHN5T3FISTdFN2phZWxKRW9yK0hrNEFwNjhRbCtHQXVBaXU5amplWUwxbGsvcjFXRnFKWWdYV2MwZUpOZTRzZk41S3RsMFpJblZYY1YwNU5PQXRHQ1RrV0c4NWZFZ2JYZ1Exa1Z0eGhSREtPWG9WOC94TkhVc1RhNkpXbHo2bkl3RDBEbDI1cUxvY3AvTlFyRkEvcEVPSjVPMXp6TWQ4a0hHeE83aForR0dVQ2JaOXd4U3FLejNmZmdkbEpMMHc2WVh4U2FtWTE0L3o3TjdQeEpoMlFrZUMwNmZ3THlQUksrVXdmTWREV1ZSVFh0WWhSYVpFc1pOTi90RWY3QnkxUExRVksxdGh6dWJxbmdKeDc0YzZFWmg4eTBaQVQ0ZjdiTFNuaWFNdURMeU83djROcmVtRkxUT1BRK09lWFNMZDRSQ0RVMHM5VzVZc1k4ZnhTNmlERjRTcDkvK2ZkWGZxeWREK21XZDM2UWpIU21hTlZEZ0phSy9MTmxDb3Q4TCtsVmFGdVU2T1hzT2s2d1B4Zy96OWRRRUM3dnlucjg0TnhUR2VnRFZScjg1WXBGQWxkMmV1aHh4Qnp2VDJQSWhyRHNCMHAwaXArTkd2RURJNW5IYW1GMkhlcUUxeXhLaTY5R05BeThVYzdxc1dMV1pTenNUSGFPbForRHBWL3hSeUFEYmFJT1QrYUF6b2pnRjVXRGJra3Q1ejI3dWVnTjBEZm4vVHJ2MDkzRGtPTjhUNEVEa0s4VWg0S3NCQ2tmd0R3aEhJOWF4NGpMZnl2R0pHMk1UekxwRUpQdm5rSjZud2plRzZydW1lTFdCSU9JblJ5Ky90d2pNd05pU1JicldzQkluZFVBZkVOekY5Umg5VkQxbFJadk5JeFNoMyszRUtOWkJ3RTZPaDRIRDRvNXRuODJ5WjVCTlRlWGFQdzBoN09ObkwxaElrVjNLVWF0K1FIRDBxejZJVUV2UEhHNXY0VWZXZ0JKOU1RcGZrek5iZDR5TFlBQVhNcXZZOUJxYlExbmg0Q3ZzU0VZeS9yM0docWRTZW9leFBQSzFFVjc2RW1zNXpqelFnRitLd2t0R2RJMUtYeEZMTHNYaExSaUgvQjJBcTNrejhoYnNhcGMxRnYyUEZuNlpJVHlQajdoaEdyMUttcmlVUHVCVzFNYW03TjArbHNHdlpibFQ2OTB3ZGFDUnNtb2xMSFVrSDFhYldBTzNlTm0xZjQyY2x0L2VNRVI3YWZmUnRxL1Z5a1VRNzVwZjFNSEpwVVMyL1VWVUtYY0xGbXVGZzJuUFROaURvVGQrdDYrekZKcHZDZHpFK2p2UzZpS0lZLzcxSU9Sa0pYd0xCY3Q4cXhRakFna095ZEdqWnVWVjhPaVpjUlpNOU10VEt4b3BXelM4elVFeGR1bHJSd1RoUGZTOWxUWm5IMk44dlNtcmRHa1hDaW9KTmRSYjd1Z0trSkRZL2lPOFloL1NMSmkwSTZSck5TeUtYc3Z2bkJYQ0F0VklLck9ZYllTdHBlNkhXYmFKdXhkYkcyS01Ob0tVNndVM2I2VTNWRHdDVGtBUUwxNG9NaXNUbWtsem9EdC9SOWZveVVnSXJ4eEMzcDZEZjBrbVloam5OWVVWM0hmM09MMlh6ZFRxeFlEd0tySVRBUUJwbWVGcFNoTUcxT0NkZEJwTGRyWjJMKzFkQjFmRDhaRlZmUlNGWWNYb2xRWndaVkRHWkZteDVmU0ZDQ3pZS1VKZ28rMnE2YXA3ZjhkRDJJd2JvN0h6R1BIZ0JaWXBud3ROWXVKV1FweE5PTGVCOWJKczBvRWpnb0hTQUJHVlNoNjNTVUFEbUpmS1J1ZDU2WlIzMXJjd0c0Vkl0Y2VpWFgyMGpqL2dKZXdJRUptMHNFRG1DMUFVM2ppR0tuMmZpamRIRGc0WGRsSG9VakNIblFtL0RXYmlUN3JYVVdHZDRuOTdaSWprUWhLd25LemRGcGhYekQwbnVKaUh5ejlYbjNlR2IvbVBmalAyRTFzM1VUaDdSRk04MThGb1JzUXVtRTNsQTR3aCtvQ3ZEQlJDODlOVXkzR0s5QW4yYTlock5WWGxHWVloSk9kNSttZVgwYU9GZEJCZERITHJLUDdObm5zNE1lTksxS1cwVWNybXhkSFM1VnNkOGlGU3Z2Y01pRVNWZWM3Y3JlQ2o0V24rTnQ4TU53NEhMWGxYb215RklyM28ybEdWclR4RTJmdVlCRElmVDc5bHRYbk84UUpweGprOFJRK1hzbnBZVGdBV3FBL0JoOWpvWThDVFVBSWVBODhtUnRwc1hqMWM1U3lsYXFBUnNYcmJLTDRjb3JCNjZkMkhodVJUaTlNK0tEd084NzgySGtrdHBvNXl5R0FQanVSTlhUWEwrZWYxOEZjK1N6ZEpzTW03TjJSbVJzSENRUHVZUUgvbWZBYmd6dVF5SGxrM1Q2TklndnRlWEppQ29XakQwWEYvdTN5Y0xQWVBVSmpGRUFiZGZBVXVoaTFLYU14OWNMWFhMdXhES0JJckpGNWNOSDY2aG9hR2RScStXbWFrSElISmVQdnRMenNTNlp2d2QzNU5vd1pUMksrZ2h5dUFpK1VEOC9aSnVLTDBIM1pLRkVveTMxTFBOK1RFNEYrTkE3Q1pSQ21TS0ZkK1pDZTRWU1F4TldGakZ5UUlnWEI5TjNYM2pZMmdxS0tMaE0vSHBjMDJBaDllSWZzSHN2K0JKS0d1aGdDL09hSW80YWV4ZEgvWWt6V2hiZGFlUVFZRFhxcUd3OEdqUWNtRDdneWVrc2dtTHM2bDhUSnloRDlBaTFIY0RNbFluYUJGZWZxYmpYUG8zZUJhdkUzcDNTTUZmVXp1MG5td2d1c0Z3UkpXVmtlMzlDajR4cDdTTWtTaHJvQUhYcjdoQ2NiMExjemhsbUFOTmNCaUxOczZ3MlVZUWZKNFZEeVFYOVZrQ3ZHK3JzUHRzdnFIMlRvOEhxdjV4UUNNeExkY1ZZcVo4OUZ0TFpOSUxnUUtJNmgwcXV3MG43RHJGRmE3WDlRR3ZBbWJ3eWRBMVRmK1AwYWxKVU4vaU1lUUtkdE1hWFFhRWpwNld0U3d2UkJYdlp0RFJvL3VOMFh4bXBsSWN0dm9PMzdKK3liaWwyUkpIeFBsMFRMdmwxYmF1ZUk0aTk4Z0tMam9DaEUxRGROT1NWekRBb3RVcWNhSUtNZFNkTTg0VzN4aVIxMEN0ZEpTQ3p6Ri9IcWhld1VkYUdpM29pT3Fjc3lnQVE4RElsZlRuQW1ZSlphcm1QdWcxeGlLU2NmK2dubzdoWGxpNEJhakpHTi83NHNBZmltemVOVWZGdUpiUDgvWng1dkFCSGdvclNCK3Vhb21ISGtKZk55OUpUMy83d1o3TDdISTdDWVFDdm02WmVzVzVmZDRCY2t2a0RkN2Fka2x0Z2Z3YkFRcG9EcnhMSHNJQ0V1eG5LTlFjd29rM1pqYkNPSlczdmdhOG1jaVNJdlB3VktGeUF6aG45TlVFR01Pa1pRYjJ1cUUxRXFBYTNaSDhHdnRMdFYyRXNWTWt2eXlRcFpWdUFWYkZETlpFdkVFRnEzNmZOek8rZUozeFczd0hCTjBsREhsaTJ4bVZpYXhzRUlWK0xnOXNrYi9lSUEzY2VYOHFUV3hXdStQandKekhocXFyRVFWMlpnS3I3VG5ETmkvSHJaUnlDc1BvZ29LMmFrRmpiMDhXSnBrbi9WbEtxaG9HWDRBOGlpSkpWSnRjeUU3by9uNG84bjI0eEt3T3Z0V293bW5velg5L21zWU1aSTBCRGlmOStOdE83NzBHbmEvTi9FQVJSN3kyb1NWOW55dGRLYVRIUXN1UStzK1NidWU3OUFtbVdoRUZ2cEJzYzIwN2RsT2VhRE54TnZNbHdLVDRQRjNtR0djMEFqWFV0UlRyKzFUTStjU0NWa1N4ZHo0WDFkSEVyNFI3WlVKTkpVekxYSDFmaVVCSk9kVU15VjZoampFRi9kM3hBaFVEMzdZV1JFZDhBRnFTTExjNkRGZ3g0eis0Rit1S21EVnJRWU53ZmlVSEZrSnB1N1lsRWtCVzlqWTBCd3o1cEdrTUtoOGY3WFhLd0YvcUxWQ1lubmpDRHRIQnVJcU5YS1VqZEdpVGp0WC8wR3RUUE56bmdhWk9LT0V4WDYvNGpMbzl5Yk9CcElCMENhZnFVYnE4bERITWFpL1VzRGxNUUQzZkE4azRiVzJyWFBIR2lhZzRaL0dnMFBVU3FWVUNkQUg2M3htUUlrWDBjZXprbzJMQXc4N0NJYjRXam1jRTZCZEZvbHFpczZKVy9RaE96UG56cXp5dlUxcXNmQnFldUlBYnNwWGwyRDh0dkN3Ui9oS0E2WTFZd3o4T0lxeTBjNW9xVDdTaU5idG1HM2l0SEwybDJUTW5ldnN2UmczRjNaZGJrRkxDdC9GSHoydGpJcTYzb3Q4VmZhUml5WXdDYXdGK2lvbU5KbUJuaU4wTHNJeHg1a3pFWjBDY0xML0grOTJISjhqVmtMdStRRUNaQjZzcncxTXh1UDFaRUQzZ2sySUgvc0VZd0VzWG44QzhTYzVOQT0iIENvcnJlbGF0aW9uQmluZGluZz0iIiBVcmxFbmNvZGU9IlRydWUiIC8+DQogICAgICAgIDxGb3JtUG9zdFBhcmFtZXRlciBOYW1lPSJTY3JlZW5XaWR0aCIgVmFsdWU9Int7JEhJRERFTjEuU2NyZWVuV2lkdGh9fSIgUmVjb3JkZWRWYWx1ZT0iIiBDb3JyZWxhdGlvbkJpbmRpbmc9IiIgVXJsRW5jb2RlPSJUcnVlIiAvPg0KICAgICAgICA8Rm9ybVBvc3RQYXJhbWV0ZXIgTmFtZT0iU2NyZWVuSGVpZ2h0IiBWYWx1ZT0ie3skSElEREVOMS5TY3JlZW5IZWlnaHR9fSIgUmVjb3JkZWRWYWx1ZT0iIiBDb3JyZWxhdGlvbkJpbmRpbmc9IiIgVXJsRW5jb2RlPSJUcnVlIiAvPg0KICAgICAgICA8Rm9ybVBvc3RQYXJhbWV0ZXIgTmFtZT0iYnRuUXVlcnkiIFZhbHVlPSLmn6XoqaIiIFJlY29yZGVkVmFsdWU9IuafpeipoiIgQ29ycmVsYXRpb25CaW5kaW5nPSJ7e0Zvcm1Qb3N0UGFyYW0zNi5idG5RdWVyeX19IiBVcmxFbmNvZGU9IlRydWUiIC8+DQogICAgICAgIDxGb3JtUG9zdFBhcmFtZXRlciBOYW1lPSJkZGxPcmdBbmRGbG93IiBWYWx1ZT0iIiBSZWNvcmRlZFZhbHVlPSIiIENvcnJlbGF0aW9uQmluZGluZz0iIiBVcmxFbmNvZGU9IlRydWUiIC8+DQogICAgICAgIDxGb3JtUG9zdFBhcmFtZXRlciBOYW1lPSJkZGxRdWVyeUNvbmRpdGlvbnMiIFZhbHVlPSIwIiBSZWNvcmRlZFZhbHVlPSIwIiBDb3JyZWxhdGlvbkJpbmRpbmc9Int7Rm9ybVBvc3RQYXJhbTM4LmRkbFF1ZXJ5Q29uZGl0aW9uc319IiBVcmxFbmNvZGU9IlRydWUiIC8+DQogICAgICAgIDxGb3JtUG9zdFBhcmFtZXRlciBOYW1lPSJ0eHRPVEVtcElEIiBWYWx1ZT0iMTAyMDk5IiBSZWNvcmRlZFZhbHVlPSIxMDIwOTkiIENvcnJlbGF0aW9uQmluZGluZz0ie3tGb3JtUG9zdFBhcmFtMzcudHh0T1RFbXBJRH19IiBVcmxFbmNvZGU9IlRydWUiIC8+DQogICAgICAgIDxGb3JtUG9zdFBhcmFtZXRlciBOYW1lPSJ0eHRPVEVtcE5hbWUiIFZhbHVlPSIiIFJlY29yZGVkVmFsdWU9IiIgQ29ycmVsYXRpb25CaW5kaW5nPSIiIFVybEVuY29kZT0iVHJ1ZSIgLz4NCiAgICAgICAgPEZvcm1Qb3N0UGFyYW1ldGVyIE5hbWU9InR4dE9URm9ybU5PIiBWYWx1ZT0iIiBSZWNvcmRlZFZhbHVlPSIiIENvcnJlbGF0aW9uQmluZGluZz0iIiBVcmxFbmNvZGU9IlRydWUiIC8+DQogICAgICAgIDxGb3JtUG9zdFBhcmFtZXRlciBOYW1lPSJkZGxPVFN0YXR1cyIgVmFsdWU9IjEiIFJlY29yZGVkVmFsdWU9IjEiIENvcnJlbGF0aW9uQmluZGluZz0ie3tGb3JtUG9zdFBhcmFtMzkuZGRsT1RTdGF0dXN9fSIgVXJsRW5jb2RlPSJUcnVlIiAvPg0KICAgICAgICA8Rm9ybVBvc3RQYXJhbWV0ZXIgTmFtZT0idHh0T1REYXRlQmVnaW4kdHh0RGF0ZSIgVmFsdWU9IiIgUmVjb3JkZWRWYWx1ZT0iIiBDb3JyZWxhdGlvbkJpbmRpbmc9IiIgVXJsRW5jb2RlPSJUcnVlIiAvPg0KICAgICAgICA8Rm9ybVBvc3RQYXJhbWV0ZXIgTmFtZT0idHh0T1REYXRlRW5kJHR4dERhdGUiIFZhbHVlPSIiIFJlY29yZGVkVmFsdWU9IiIgQ29ycmVsYXRpb25CaW5kaW5nPSIiIFVybEVuY29kZT0iVHJ1ZSIgLz4NCiAgICAgICAgPEZvcm1Qb3N0UGFyYW1ldGVyIE5hbWU9InVjTW9kYWxQb3B1cDEkQ2xpZW50V2lkdGgiIFZhbHVlPSJ7eyRISURERU4xLnVjTW9kYWxQb3B1cDEkQ2xpZW50V2lkdGh9fSIgUmVjb3JkZWRWYWx1ZT0iMCIgQ29ycmVsYXRpb25CaW5kaW5nPSIiIFVybEVuY29kZT0iVHJ1ZSIgLz4NCiAgICAgICAgPEZvcm1Qb3N0UGFyYW1ldGVyIE5hbWU9InVjTW9kYWxQb3B1cDEkQ2xpZW50SGVpZ2h0IiBWYWx1ZT0ie3skSElEREVOMS51Y01vZGFsUG9wdXAxJENsaWVudEhlaWdodH19IiBSZWNvcmRlZFZhbHVlPSIwIiBDb3JyZWxhdGlvbkJpbmRpbmc9IiIgVXJsRW5jb2RlPSJUcnVlIiAvPg0KICAgICAgPC9Gb3JtUG9zdEh0dHBCb2R5Pg0KICAgIDwvUmVxdWVzdD4NCiAgICA8UmVxdWVzdCBNZXRob2Q9IlBPU1QiIEd1aWQ9IjM4ZmQ2OWI1LTVhZTAtNDRkOC04NGY5LWFjNmQ2NDYxMGIxYyIgVmVyc2lvbj0iMS4xIiBVcmw9Imh0dHA6Ly8xMC4xMS4zNi4xMTQ6ODAwNy9PdmVyVGltZS9PdmVydGltZVByZU9yZGVyLmFzcHgiIFRoaW5rVGltZT0iMjEiIFRpbWVvdXQ9IjMwMCIgUGFyc2VEZXBlbmRlbnRSZXF1ZXN0cz0iVHJ1ZSIgRm9sbG93UmVkaXJlY3RzPSJUcnVlIiBSZWNvcmRSZXN1bHQ9IlRydWUiIENhY2hlPSJGYWxzZSIgUmVzcG9uc2VUaW1lR29hbD0iMCIgRW5jb2Rpbmc9InV0Zi04IiBFeHBlY3RlZEh0dHBTdGF0dXNDb2RlPSIwIiBFeHBlY3RlZFJlc3BvbnNlVXJsPSJodHRwOi8vMTAuMTEuMzYuMTE0OjgwMDcvT3ZlclRpbWUvT3ZlcnRpbWVQcmVPcmRlcl9Nb2RpZnkuYXNweD9PVENvbXBJRD1TUEhCSzEmYW1wO09URW1wSUQ9MTAyMDk5JmFtcDtPVFN0YXJ0RGF0ZT0yMDE3LzA0LzE2JmFtcDtPVEVuZERhdGU9MjAxNy8wNC8xNiZhbXA7T1RTdGFydFRpbWU9MjIwMCZhbXA7T1RFbmRUaW1lPTIzMDAmYW1wO09UVHhuSUQ9U1BIQksxMTAyMDk5MjAxNzA0MTYwNSZhbXA7T1RGb3JtTk89MjAxNzA0MTcwMjEwMjA5OSIgUmVwb3J0aW5nTmFtZT0iIiBJZ25vcmVIdHRwU3RhdHVzQ29kZT0iRmFsc2UiPg0KICAgICAgPEV4dHJhY3Rpb25SdWxlcz4NCiAgICAgICAgPEV4dHJhY3Rpb25SdWxlIENsYXNzbmFtZT0iTWljcm9zb2Z0LlZpc3VhbFN0dWRpby5UZXN0VG9vbHMuV2ViVGVzdGluZy5SdWxlcy5FeHRyYWN0SGlkZGVuRmllbGRzLCBNaWNyb3NvZnQuVmlzdWFsU3R1ZGlvLlF1YWxpdHlUb29scy5XZWJUZXN0RnJhbWV3b3JrLCBWZXJzaW9uPTEwLjAuMC4wLCBDdWx0dXJlPW5ldXRyYWwsIFB1YmxpY0tleVRva2VuPWIwM2Y1ZjdmMTFkNTBhM2EiIFZhcmlhYmxlTmFtZT0iMSIgRGlzcGxheU5hbWU9IuaTt+WPlumaseiXj+ashOS9jSIgRGVzY3JpcHRpb249IuaTt+WPluWbnuaHieS4reeahOaJgOaciemaseiXj+ashOS9je+8jOS4puWwh+Wug+WAkeaUvuWcqOa4rOippuWFp+WuueS4reOAgiI+DQogICAgICAgICAgPFJ1bGVQYXJhbWV0ZXJzPg0KICAgICAgICAgICAgPFJ1bGVQYXJhbWV0ZXIgTmFtZT0iUmVxdWlyZWQiIFZhbHVlPSJUcnVlIiAvPg0KICAgICAgICAgICAgPFJ1bGVQYXJhbWV0ZXIgTmFtZT0iSHRtbERlY29kZSIgVmFsdWU9IlRydWUiIC8+DQogICAgICAgICAgPC9SdWxlUGFyYW1ldGVycz4NCiAgICAgICAgPC9FeHRyYWN0aW9uUnVsZT4NCiAgICAgICAgPEV4dHJhY3Rpb25SdWxlIENsYXNzbmFtZT0iTWljcm9zb2Z0LlZpc3VhbFN0dWRpby5UZXN0VG9vbHMuV2ViVGVzdGluZy5SdWxlcy5FeHRyYWN0VGV4dCwgTWljcm9zb2Z0LlZpc3VhbFN0dWRpby5RdWFsaXR5VG9vbHMuV2ViVGVzdEZyYW1ld29yaywgVmVyc2lvbj0xMC4wLjAuMCwgQ3VsdHVyZT1uZXV0cmFsLCBQdWJsaWNLZXlUb2tlbj1iMDNmNWY3ZjExZDUwYTNhIiBWYXJpYWJsZU5hbWU9IlF1ZXJ5U3RyaW5nUGFyYW0yMy5PVFR4bklEIiBEaXNwbGF5TmFtZT0i5pO35Y+W5paH5a2XIiBEZXNjcmlwdGlvbj0i5b6e5Zue5oeJ5Lit5pO35Y+W5paH5a2X77yM5Lim5bCH5a6D5pS+5YWl5ris6Kmm5YWn5a655Lit44CCIj4NCiAgICAgICAgICA8UnVsZVBhcmFtZXRlcnM+DQogICAgICAgICAgICA8UnVsZVBhcmFtZXRlciBOYW1lPSJTdGFydHNXaXRoIiBWYWx1ZT0iJmFtcDthbXA7T1RUeG5JRD0iIC8+DQogICAgICAgICAgICA8UnVsZVBhcmFtZXRlciBOYW1lPSJFbmRzV2l0aCIgVmFsdWU9IiZhbXA7IiAvPg0KICAgICAgICAgICAgPFJ1bGVQYXJhbWV0ZXIgTmFtZT0iSW5kZXgiIFZhbHVlPSIwIiAvPg0KICAgICAgICAgICAgPFJ1bGVQYXJhbWV0ZXIgTmFtZT0iSWdub3JlQ2FzZSIgVmFsdWU9IkZhbHNlIiAvPg0KICAgICAgICAgICAgPFJ1bGVQYXJhbWV0ZXIgTmFtZT0iVXNlUmVndWxhckV4cHJlc3Npb24iIFZhbHVlPSJGYWxzZSIgLz4NCiAgICAgICAgICAgIDxSdWxlUGFyYW1ldGVyIE5hbWU9Ikh0bWxEZWNvZGUiIFZhbHVlPSJUcnVlIiAvPg0KICAgICAgICAgICAgPFJ1bGVQYXJhbWV0ZXIgTmFtZT0iUmVxdWlyZWQiIFZhbHVlPSJGYWxzZSIgLz4NCiAgICAgICAgICA8L1J1bGVQYXJhbWV0ZXJzPg0KICAgICAgICA8L0V4dHJhY3Rpb25SdWxlPg0KICAgICAgPC9FeHRyYWN0aW9uUnVsZXM+DQogICAgICA8Q29ycmVsYXRpb25FeHRyYWN0aW9uUnVsZXM+DQogICAgICAgIDxFeHRyYWN0aW9uUnVsZSBDbGFzc25hbWU9Ik1pY3Jvc29mdC5WaXN1YWxTdHVkaW8uVGVzdFRvb2xzLldlYlRlc3RpbmcuUnVsZXMuRXh0cmFjdFRleHQsIE1pY3Jvc29mdC5WaXN1YWxTdHVkaW8uUXVhbGl0eVRvb2xzLldlYlRlc3RGcmFtZXdvcmssIFZlcnNpb249MTAuMC4wLjAsIEN1bHR1cmU9bmV1dHJhbCwgUHVibGljS2V5VG9rZW49YjAzZjVmN2YxMWQ1MGEzYSIgVmFyaWFibGVOYW1lPSJRdWVyeVN0cmluZ1BhcmFtMTcuT1RDb21wSUQiIERpc3BsYXlOYW1lPSIiIERlc2NyaXB0aW9uPSIiPg0KICAgICAgICAgIDxSdWxlUGFyYW1ldGVycz4NCiAgICAgICAgICAgIDxSdWxlUGFyYW1ldGVyIE5hbWU9IlN0YXJ0c1dpdGgiIFZhbHVlPSI/T1RDb21wSUQ9IiAvPg0KICAgICAgICAgICAgPFJ1bGVQYXJhbWV0ZXIgTmFtZT0iRW5kc1dpdGgiIFZhbHVlPSImYW1wOyIgLz4NCiAgICAgICAgICAgIDxSdWxlUGFyYW1ldGVyIE5hbWU9IkluZGV4IiBWYWx1ZT0iMCIgLz4NCiAgICAgICAgICAgIDxSdWxlUGFyYW1ldGVyIE5hbWU9Iklnbm9yZUNhc2UiIFZhbHVlPSJGYWxzZSIgLz4NCiAgICAgICAgICAgIDxSdWxlUGFyYW1ldGVyIE5hbWU9IlVzZVJlZ3VsYXJFeHByZXNzaW9uIiBWYWx1ZT0iRmFsc2UiIC8+DQogICAgICAgICAgICA8UnVsZVBhcmFtZXRlciBOYW1lPSJIdG1sRGVjb2RlIiBWYWx1ZT0iVHJ1ZSIgLz4NCiAgICAgICAgICAgIDxSdWxlUGFyYW1ldGVyIE5hbWU9IlJlcXVpcmVkIiBWYWx1ZT0iRmFsc2UiIC8+DQogICAgICAgICAgPC9SdWxlUGFyYW1ldGVycz4NCiAgICAgICAgPC9FeHRyYWN0aW9uUnVsZT4NCiAgICAgICAgPEV4dHJhY3Rpb25SdWxlIENsYXNzbmFtZT0iTWljcm9zb2Z0LlZpc3VhbFN0dWRpby5UZXN0VG9vbHMuV2ViVGVzdGluZy5SdWxlcy5FeHRyYWN0VGV4dCwgTWljcm9zb2Z0LlZpc3VhbFN0dWRpby5RdWFsaXR5VG9vbHMuV2ViVGVzdEZyYW1ld29yaywgVmVyc2lvbj0xMC4wLjAuMCwgQ3VsdHVyZT1uZXV0cmFsLCBQdWJsaWNLZXlUb2tlbj1iMDNmNWY3ZjExZDUwYTNhIiBWYXJpYWJsZU5hbWU9IlF1ZXJ5U3RyaW5nUGFyYW0xOC5PVEVtcElEIiBEaXNwbGF5TmFtZT0iIiBEZXNjcmlwdGlvbj0iIj4NCiAgICAgICAgICA8UnVsZVBhcmFtZXRlcnM+DQogICAgICAgICAgICA8UnVsZVBhcmFtZXRlciBOYW1lPSJTdGFydHNXaXRoIiBWYWx1ZT0iJmFtcDthbXA7T1RFbXBJRD0iIC8+DQogICAgICAgICAgICA8UnVsZVBhcmFtZXRlciBOYW1lPSJFbmRzV2l0aCIgVmFsdWU9IiZhbXA7IiAvPg0KICAgICAgICAgICAgPFJ1bGVQYXJhbWV0ZXIgTmFtZT0iSW5kZXgiIFZhbHVlPSIwIiAvPg0KICAgICAgICAgICAgPFJ1bGVQYXJhbWV0ZXIgTmFtZT0iSWdub3JlQ2FzZSIgVmFsdWU9IkZhbHNlIiAvPg0KICAgICAgICAgICAgPFJ1bGVQYXJhbWV0ZXIgTmFtZT0iVXNlUmVndWxhckV4cHJlc3Npb24iIFZhbHVlPSJGYWxzZSIgLz4NCiAgICAgICAgICAgIDxSdWxlUGFyYW1ldGVyIE5hbWU9Ikh0bWxEZWNvZGUiIFZhbHVlPSJUcnVlIiAvPg0KICAgICAgICAgICAgPFJ1bGVQYXJhbWV0ZXIgTmFtZT0iUmVxdWlyZWQiIFZhbHVlPSJGYWxzZSIgLz4NCiAgICAgICAgICA8L1J1bGVQYXJhbWV0ZXJzPg0KICAgICAgICA8L0V4dHJhY3Rpb25SdWxlPg0KICAgICAgICA8RXh0cmFjdGlvblJ1bGUgQ2xhc3NuYW1lPSJNaWNyb3NvZnQuVmlzdWFsU3R1ZGlvLlRlc3RUb29scy5XZWJUZXN0aW5nLlJ1bGVzLkV4dHJhY3RUZXh0LCBNaWNyb3NvZnQuVmlzdWFsU3R1ZGlvLlF1YWxpdHlUb29scy5XZWJUZXN0RnJhbWV3b3JrLCBWZXJzaW9uPTEwLjAuMC4wLCBDdWx0dXJlPW5ldXRyYWwsIFB1YmxpY0tleVRva2VuPWIwM2Y1ZjdmMTFkNTBhM2EiIFZhcmlhYmxlTmFtZT0iUXVlcnlTdHJpbmdQYXJhbTE5Lk9UU3RhcnREYXRlIiBEaXNwbGF5TmFtZT0iIiBEZXNjcmlwdGlvbj0iIj4NCiAgICAgICAgICA8UnVsZVBhcmFtZXRlcnM+DQogICAgICAgICAgICA8UnVsZVBhcmFtZXRlciBOYW1lPSJTdGFydHNXaXRoIiBWYWx1ZT0iJmFtcDthbXA7T1RTdGFydERhdGU9IiAvPg0KICAgICAgICAgICAgPFJ1bGVQYXJhbWV0ZXIgTmFtZT0iRW5kc1dpdGgiIFZhbHVlPSImYW1wOyIgLz4NCiAgICAgICAgICAgIDxSdWxlUGFyYW1ldGVyIE5hbWU9IkluZGV4IiBWYWx1ZT0iMCIgLz4NCiAgICAgICAgICAgIDxSdWxlUGFyYW1ldGVyIE5hbWU9Iklnbm9yZUNhc2UiIFZhbHVlPSJGYWxzZSIgLz4NCiAgICAgICAgICAgIDxSdWxlUGFyYW1ldGVyIE5hbWU9IlVzZVJlZ3VsYXJFeHByZXNzaW9uIiBWYWx1ZT0iRmFsc2UiIC8+DQogICAgICAgICAgICA8UnVsZVBhcmFtZXRlciBOYW1lPSJIdG1sRGVjb2RlIiBWYWx1ZT0iVHJ1ZSIgLz4NCiAgICAgICAgICAgIDxSdWxlUGFyYW1ldGVyIE5hbWU9IlJlcXVpcmVkIiBWYWx1ZT0iRmFsc2UiIC8+DQogICAgICAgICAgPC9SdWxlUGFyYW1ldGVycz4NCiAgICAgICAgPC9FeHRyYWN0aW9uUnVsZT4NCiAgICAgICAgPEV4dHJhY3Rpb25SdWxlIENsYXNzbmFtZT0iTWljcm9zb2Z0LlZpc3VhbFN0dWRpby5UZXN0VG9vbHMuV2ViVGVzdGluZy5SdWxlcy5FeHRyYWN0VGV4dCwgTWljcm9zb2Z0LlZpc3VhbFN0dWRpby5RdWFsaXR5VG9vbHMuV2ViVGVzdEZyYW1ld29yaywgVmVyc2lvbj0xMC4wLjAuMCwgQ3VsdHVyZT1uZXV0cmFsLCBQdWJsaWNLZXlUb2tlbj1iMDNmNWY3ZjExZDUwYTNhIiBWYXJpYWJsZU5hbWU9IlF1ZXJ5U3RyaW5nUGFyYW0yMC5PVEVuZERhdGUiIERpc3BsYXlOYW1lPSIiIERlc2NyaXB0aW9uPSIiPg0KICAgICAgICAgIDxSdWxlUGFyYW1ldGVycz4NCiAgICAgICAgICAgIDxSdWxlUGFyYW1ldGVyIE5hbWU9IlN0YXJ0c1dpdGgiIFZhbHVlPSImYW1wO2FtcDtPVEVuZERhdGU9IiAvPg0KICAgICAgICAgICAgPFJ1bGVQYXJhbWV0ZXIgTmFtZT0iRW5kc1dpdGgiIFZhbHVlPSImYW1wOyIgLz4NCiAgICAgICAgICAgIDxSdWxlUGFyYW1ldGVyIE5hbWU9IkluZGV4IiBWYWx1ZT0iMCIgLz4NCiAgICAgICAgICAgIDxSdWxlUGFyYW1ldGVyIE5hbWU9Iklnbm9yZUNhc2UiIFZhbHVlPSJGYWxzZSIgLz4NCiAgICAgICAgICAgIDxSdWxlUGFyYW1ldGVyIE5hbWU9IlVzZVJlZ3VsYXJFeHByZXNzaW9uIiBWYWx1ZT0iRmFsc2UiIC8+DQogICAgICAgICAgICA8UnVsZVBhcmFtZXRlciBOYW1lPSJIdG1sRGVjb2RlIiBWYWx1ZT0iVHJ1ZSIgLz4NCiAgICAgICAgICAgIDxSdWxlUGFyYW1ldGVyIE5hbWU9IlJlcXVpcmVkIiBWYWx1ZT0iRmFsc2UiIC8+DQogICAgICAgICAgPC9SdWxlUGFyYW1ldGVycz4NCiAgICAgICAgPC9FeHRyYWN0aW9uUnVsZT4NCiAgICAgICAgPEV4dHJhY3Rpb25SdWxlIENsYXNzbmFtZT0iTWljcm9zb2Z0LlZpc3VhbFN0dWRpby5UZXN0VG9vbHMuV2ViVGVzdGluZy5SdWxlcy5FeHRyYWN0VGV4dCwgTWljcm9zb2Z0LlZpc3VhbFN0dWRpby5RdWFsaXR5VG9vbHMuV2ViVGVzdEZyYW1ld29yaywgVmVyc2lvbj0xMC4wLjAuMCwgQ3VsdHVyZT1uZXV0cmFsLCBQdWJsaWNLZXlUb2tlbj1iMDNmNWY3ZjExZDUwYTNhIiBWYXJpYWJsZU5hbWU9IlF1ZXJ5U3RyaW5nUGFyYW0yMS5PVFN0YXJ0VGltZSIgRGlzcGxheU5hbWU9IiIgRGVzY3JpcHRpb249IiI+DQogICAgICAgICAgPFJ1bGVQYXJhbWV0ZXJzPg0KICAgICAgICAgICAgPFJ1bGVQYXJhbWV0ZXIgTmFtZT0iU3RhcnRzV2l0aCIgVmFsdWU9IiZhbXA7YW1wO09UU3RhcnRUaW1lPSIgLz4NCiAgICAgICAgICAgIDxSdWxlUGFyYW1ldGVyIE5hbWU9IkVuZHNXaXRoIiBWYWx1ZT0iJmFtcDsiIC8+DQogICAgICAgICAgICA8UnVsZVBhcmFtZXRlciBOYW1lPSJJbmRleCIgVmFsdWU9IjAiIC8+DQogICAgICAgICAgICA8UnVsZVBhcmFtZXRlciBOYW1lPSJJZ25vcmVDYXNlIiBWYWx1ZT0iRmFsc2UiIC8+DQogICAgICAgICAgICA8UnVsZVBhcmFtZXRlciBOYW1lPSJVc2VSZWd1bGFyRXhwcmVzc2lvbiIgVmFsdWU9IkZhbHNlIiAvPg0KICAgICAgICAgICAgPFJ1bGVQYXJhbWV0ZXIgTmFtZT0iSHRtbERlY29kZSIgVmFsdWU9IlRydWUiIC8+DQogICAgICAgICAgICA8UnVsZVBhcmFtZXRlciBOYW1lPSJSZXF1aXJlZCIgVmFsdWU9IkZhbHNlIiAvPg0KICAgICAgICAgIDwvUnVsZVBhcmFtZXRlcnM+DQogICAgICAgIDwvRXh0cmFjdGlvblJ1bGU+DQogICAgICAgIDxFeHRyYWN0aW9uUnVsZSBDbGFzc25hbWU9Ik1pY3Jvc29mdC5WaXN1YWxTdHVkaW8uVGVzdFRvb2xzLldlYlRlc3RpbmcuUnVsZXMuRXh0cmFjdFRleHQsIE1pY3Jvc29mdC5WaXN1YWxTdHVkaW8uUXVhbGl0eVRvb2xzLldlYlRlc3RGcmFtZXdvcmssIFZlcnNpb249MTAuMC4wLjAsIEN1bHR1cmU9bmV1dHJhbCwgUHVibGljS2V5VG9rZW49YjAzZjVmN2YxMWQ1MGEzYSIgVmFyaWFibGVOYW1lPSJRdWVyeVN0cmluZ1BhcmFtMjIuT1RFbmRUaW1lIiBEaXNwbGF5TmFtZT0iIiBEZXNjcmlwdGlvbj0iIj4NCiAgICAgICAgICA8UnVsZVBhcmFtZXRlcnM+DQogICAgICAgICAgICA8UnVsZVBhcmFtZXRlciBOYW1lPSJTdGFydHNXaXRoIiBWYWx1ZT0iJmFtcDthbXA7T1RFbmRUaW1lPSIgLz4NCiAgICAgICAgICAgIDxSdWxlUGFyYW1ldGVyIE5hbWU9IkVuZHNXaXRoIiBWYWx1ZT0iJmFtcDsiIC8+DQogICAgICAgICAgICA8UnVsZVBhcmFtZXRlciBOYW1lPSJJbmRleCIgVmFsdWU9IjAiIC8+DQogICAgICAgICAgICA8UnVsZVBhcmFtZXRlciBOYW1lPSJJZ25vcmVDYXNlIiBWYWx1ZT0iRmFsc2UiIC8+DQogICAgICAgICAgICA8UnVsZVBhcmFtZXRlciBOYW1lPSJVc2VSZWd1bGFyRXhwcmVzc2lvbiIgVmFsdWU9IkZhbHNlIiAvPg0KICAgICAgICAgICAgPFJ1bGVQYXJhbWV0ZXIgTmFtZT0iSHRtbERlY29kZSIgVmFsdWU9IlRydWUiIC8+DQogICAgICAgICAgICA8UnVsZVBhcmFtZXRlciBOYW1lPSJSZXF1aXJlZCIgVmFsdWU9IkZhbHNlIiAvPg0KICAgICAgICAgIDwvUnVsZVBhcmFtZXRlcnM+DQogICAgICAgIDwvRXh0cmFjdGlvblJ1bGU+DQogICAgICAgIDxFeHRyYWN0aW9uUnVsZSBDbGFzc25hbWU9Ik1pY3Jvc29mdC5WaXN1YWxTdHVkaW8uVGVzdFRvb2xzLldlYlRlc3RpbmcuUnVsZXMuRXh0cmFjdFRleHQsIE1pY3Jvc29mdC5WaXN1YWxTdHVkaW8uUXVhbGl0eVRvb2xzLldlYlRlc3RGcmFtZXdvcmssIFZlcnNpb249MTAuMC4wLjAsIEN1bHR1cmU9bmV1dHJhbCwgUHVibGljS2V5VG9rZW49YjAzZjVmN2YxMWQ1MGEzYSIgVmFyaWFibGVOYW1lPSJRdWVyeVN0cmluZ1BhcmFtMjQuT1RGb3JtTk8iIERpc3BsYXlOYW1lPSIiIERlc2NyaXB0aW9uPSIiPg0KICAgICAgICAgIDxSdWxlUGFyYW1ldGVycz4NCiAgICAgICAgICAgIDxSdWxlUGFyYW1ldGVyIE5hbWU9IlN0YXJ0c1dpdGgiIFZhbHVlPSImYW1wO2FtcDtPVEZvcm1OTz0iIC8+DQogICAgICAgICAgICA8UnVsZVBhcmFtZXRlciBOYW1lPSJFbmRzV2l0aCIgVmFsdWU9IiZxdW90OyIgLz4NCiAgICAgICAgICAgIDxSdWxlUGFyYW1ldGVyIE5hbWU9IkluZGV4IiBWYWx1ZT0iMCIgLz4NCiAgICAgICAgICAgIDxSdWxlUGFyYW1ldGVyIE5hbWU9Iklnbm9yZUNhc2UiIFZhbHVlPSJGYWxzZSIgLz4NCiAgICAgICAgICAgIDxSdWxlUGFyYW1ldGVyIE5hbWU9IlVzZVJlZ3VsYXJFeHByZXNzaW9uIiBWYWx1ZT0iRmFsc2UiIC8+DQogICAgICAgICAgICA8UnVsZVBhcmFtZXRlciBOYW1lPSJIdG1sRGVjb2RlIiBWYWx1ZT0iVHJ1ZSIgLz4NCiAgICAgICAgICAgIDxSdWxlUGFyYW1ldGVyIE5hbWU9IlJlcXVpcmVkIiBWYWx1ZT0iRmFsc2UiIC8+DQogICAgICAgICAgPC9SdWxlUGFyYW1ldGVycz4NCiAgICAgICAgPC9FeHRyYWN0aW9uUnVsZT4NCiAgICAgICAgPEV4dHJhY3Rpb25SdWxlIENsYXNzbmFtZT0iTWljcm9zb2Z0LlZpc3VhbFN0dWRpby5UZXN0VG9vbHMuV2ViVGVzdGluZy5SdWxlcy5FeHRyYWN0Rm9ybUZpZWxkLCBNaWNyb3NvZnQuVmlzdWFsU3R1ZGlvLlF1YWxpdHlUb29scy5XZWJUZXN0RnJhbWV3b3JrLCBWZXJzaW9uPTEwLjAuMC4wLCBDdWx0dXJlPW5ldXRyYWwsIFB1YmxpY0tleVRva2VuPWIwM2Y1ZjdmMTFkNTBhM2EiIFZhcmlhYmxlTmFtZT0iRm9ybVBvc3RQYXJhbTIzLmJ0blRlbXBTYXZlIiBEaXNwbGF5TmFtZT0iIiBEZXNjcmlwdGlvbj0iIj4NCiAgICAgICAgICA8UnVsZVBhcmFtZXRlcnM+DQogICAgICAgICAgICA8UnVsZVBhcmFtZXRlciBOYW1lPSJOYW1lIiBWYWx1ZT0iYnRuVGVtcFNhdmUiIC8+DQogICAgICAgICAgICA8UnVsZVBhcmFtZXRlciBOYW1lPSJIdG1sRGVjb2RlIiBWYWx1ZT0iVHJ1ZSIgLz4NCiAgICAgICAgICAgIDxSdWxlUGFyYW1ldGVyIE5hbWU9IlJlcXVpcmVkIiBWYWx1ZT0iRmFsc2UiIC8+DQogICAgICAgICAgICA8UnVsZVBhcmFtZXRlciBOYW1lPSJJbmRleCIgVmFsdWU9IjAiIC8+DQogICAgICAgICAgPC9SdWxlUGFyYW1ldGVycz4NCiAgICAgICAgPC9FeHRyYWN0aW9uUnVsZT4NCiAgICAgICAgPEV4dHJhY3Rpb25SdWxlIENsYXNzbmFtZT0iTWljcm9zb2Z0LlZpc3VhbFN0dWRpby5UZXN0VG9vbHMuV2ViVGVzdGluZy5SdWxlcy5FeHRyYWN0Rm9ybUZpZWxkLCBNaWNyb3NvZnQuVmlzdWFsU3R1ZGlvLlF1YWxpdHlUb29scy5XZWJUZXN0RnJhbWV3b3JrLCBWZXJzaW9uPTEwLjAuMC4wLCBDdWx0dXJlPW5ldXRyYWwsIFB1YmxpY0tleVRva2VuPWIwM2Y1ZjdmMTFkNTBhM2EiIFZhcmlhYmxlTmFtZT0iRm9ybVBvc3RQYXJhbTI0LnVjRGF0ZVN0YXJ0JHR4dERhdGUiIERpc3BsYXlOYW1lPSIiIERlc2NyaXB0aW9uPSIiPg0KICAgICAgICAgIDxSdWxlUGFyYW1ldGVycz4NCiAgICAgICAgICAgIDxSdWxlUGFyYW1ldGVyIE5hbWU9Ik5hbWUiIFZhbHVlPSJ1Y0RhdGVTdGFydF90eHREYXRlIiAvPg0KICAgICAgICAgICAgPFJ1bGVQYXJhbWV0ZXIgTmFtZT0iSHRtbERlY29kZSIgVmFsdWU9IlRydWUiIC8+DQogICAgICAgICAgICA8UnVsZVBhcmFtZXRlciBOYW1lPSJSZXF1aXJlZCIgVmFsdWU9IkZhbHNlIiAvPg0KICAgICAgICAgICAgPFJ1bGVQYXJhbWV0ZXIgTmFtZT0iSW5kZXgiIFZhbHVlPSIwIiAvPg0KICAgICAgICAgIDwvUnVsZVBhcmFtZXRlcnM+DQogICAgICAgIDwvRXh0cmFjdGlvblJ1bGU+DQogICAgICAgIDxFeHRyYWN0aW9uUnVsZSBDbGFzc25hbWU9Ik1pY3Jvc29mdC5WaXN1YWxTdHVkaW8uVGVzdFRvb2xzLldlYlRlc3RpbmcuUnVsZXMuRXh0cmFjdEZvcm1GaWVsZCwgTWljcm9zb2Z0LlZpc3VhbFN0dWRpby5RdWFsaXR5VG9vbHMuV2ViVGVzdEZyYW1ld29yaywgVmVyc2lvbj0xMC4wLjAuMCwgQ3VsdHVyZT1uZXV0cmFsLCBQdWJsaWNLZXlUb2tlbj1iMDNmNWY3ZjExZDUwYTNhIiBWYXJpYWJsZU5hbWU9IkZvcm1Qb3N0UGFyYW0yNS51Y0RhdGVFbmQkdHh0RGF0ZSIgRGlzcGxheU5hbWU9IiIgRGVzY3JpcHRpb249IiI+DQogICAgICAgICAgPFJ1bGVQYXJhbWV0ZXJzPg0KICAgICAgICAgICAgPFJ1bGVQYXJhbWV0ZXIgTmFtZT0iTmFtZSIgVmFsdWU9InVjRGF0ZUVuZF90eHREYXRlIiAvPg0KICAgICAgICAgICAgPFJ1bGVQYXJhbWV0ZXIgTmFtZT0iSHRtbERlY29kZSIgVmFsdWU9IlRydWUiIC8+DQogICAgICAgICAgICA8UnVsZVBhcmFtZXRlciBOYW1lPSJSZXF1aXJlZCIgVmFsdWU9IkZhbHNlIiAvPg0KICAgICAgICAgICAgPFJ1bGVQYXJhbWV0ZXIgTmFtZT0iSW5kZXgiIFZhbHVlPSIwIiAvPg0KICAgICAgICAgIDwvUnVsZVBhcmFtZXRlcnM+DQogICAgICAgIDwvRXh0cmFjdGlvblJ1bGU+DQogICAgICAgIDxFeHRyYWN0aW9uUnVsZSBDbGFzc25hbWU9Ik1pY3Jvc29mdC5WaXN1YWxTdHVkaW8uVGVzdFRvb2xzLldlYlRlc3RpbmcuUnVsZXMuRXh0cmFjdFRleHQsIE1pY3Jvc29mdC5WaXN1YWxTdHVkaW8uUXVhbGl0eVRvb2xzLldlYlRlc3RGcmFtZXdvcmssIFZlcnNpb249MTAuMC4wLjAsIEN1bHR1cmU9bmV1dHJhbCwgUHVibGljS2V5VG9rZW49YjAzZjVmN2YxMWQ1MGEzYSIgVmFyaWFibGVOYW1lPSJGb3JtUG9zdFBhcmFtMjYuZGRsU2FsYXJ5T3JBZGp1c3QiIERpc3BsYXlOYW1lPSIiIERlc2NyaXB0aW9uPSIiPg0KICAgICAgICAgIDxSdWxlUGFyYW1ldGVycz4NCiAgICAgICAgICAgIDxSdWxlUGFyYW1ldGVyIE5hbWU9IlN0YXJ0c1dpdGgiIFZhbHVlPSImcXVvdDsxJnF1b3Q7LCZxdW90OyIgLz4NCiAgICAgICAgICAgIDxSdWxlUGFyYW1ldGVyIE5hbWU9IkVuZHNXaXRoIiBWYWx1ZT0iJnF1b3Q7LCZxdW90OzMmcXVvdDsiIC8+DQogICAgICAgICAgICA8UnVsZVBhcmFtZXRlciBOYW1lPSJJbmRleCIgVmFsdWU9IjAiIC8+DQogICAgICAgICAgICA8UnVsZVBhcmFtZXRlciBOYW1lPSJJZ25vcmVDYXNlIiBWYWx1ZT0iRmFsc2UiIC8+DQogICAgICAgICAgICA8UnVsZVBhcmFtZXRlciBOYW1lPSJVc2VSZWd1bGFyRXhwcmVzc2lvbiIgVmFsdWU9IkZhbHNlIiAvPg0KICAgICAgICAgICAgPFJ1bGVQYXJhbWV0ZXIgTmFtZT0iSHRtbERlY29kZSIgVmFsdWU9IlRydWUiIC8+DQogICAgICAgICAgICA8UnVsZVBhcmFtZXRlciBOYW1lPSJSZXF1aXJlZCIgVmFsdWU9IkZhbHNlIiAvPg0KICAgICAgICAgIDwvUnVsZVBhcmFtZXRlcnM+DQogICAgICAgIDwvRXh0cmFjdGlvblJ1bGU+DQogICAgICAgIDxFeHRyYWN0aW9uUnVsZSBDbGFzc25hbWU9Ik1pY3Jvc29mdC5WaXN1YWxTdHVkaW8uVGVzdFRvb2xzLldlYlRlc3RpbmcuUnVsZXMuRXh0cmFjdFRleHQsIE1pY3Jvc29mdC5WaXN1YWxTdHVkaW8uUXVhbGl0eVRvb2xzLldlYlRlc3RGcmFtZXdvcmssIFZlcnNpb249MTAuMC4wLjAsIEN1bHR1cmU9bmV1dHJhbCwgUHVibGljS2V5VG9rZW49YjAzZjVmN2YxMWQ1MGEzYSIgVmFyaWFibGVOYW1lPSJGb3JtUG9zdFBhcmFtMjcuT1RUaW1lU3RhcnQkZGRsSEgiIERpc3BsYXlOYW1lPSIiIERlc2NyaXB0aW9uPSIiPg0KICAgICAgICAgIDxSdWxlUGFyYW1ldGVycz4NCiAgICAgICAgICAgIDxSdWxlUGFyYW1ldGVyIE5hbWU9IlN0YXJ0c1dpdGgiIFZhbHVlPSJsdWU9JnF1b3Q7IiAvPg0KICAgICAgICAgICAgPFJ1bGVQYXJhbWV0ZXIgTmFtZT0iRW5kc1dpdGgiIFZhbHVlPSImcXVvdDsmZ3Q7MjImbHQ7IiAvPg0KICAgICAgICAgICAgPFJ1bGVQYXJhbWV0ZXIgTmFtZT0iSW5kZXgiIFZhbHVlPSI0NSIgLz4NCiAgICAgICAgICAgIDxSdWxlUGFyYW1ldGVyIE5hbWU9Iklnbm9yZUNhc2UiIFZhbHVlPSJGYWxzZSIgLz4NCiAgICAgICAgICAgIDxSdWxlUGFyYW1ldGVyIE5hbWU9IlVzZVJlZ3VsYXJFeHByZXNzaW9uIiBWYWx1ZT0iRmFsc2UiIC8+DQogICAgICAgICAgICA8UnVsZVBhcmFtZXRlciBOYW1lPSJIdG1sRGVjb2RlIiBWYWx1ZT0iVHJ1ZSIgLz4NCiAgICAgICAgICAgIDxSdWxlUGFyYW1ldGVyIE5hbWU9IlJlcXVpcmVkIiBWYWx1ZT0iRmFsc2UiIC8+DQogICAgICAgICAgPC9SdWxlUGFyYW1ldGVycz4NCiAgICAgICAgPC9FeHRyYWN0aW9uUnVsZT4NCiAgICAgICAgPEV4dHJhY3Rpb25SdWxlIENsYXNzbmFtZT0iTWljcm9zb2Z0LlZpc3VhbFN0dWRpby5UZXN0VG9vbHMuV2ViVGVzdGluZy5SdWxlcy5FeHRyYWN0VGV4dCwgTWljcm9zb2Z0LlZpc3VhbFN0dWRpby5RdWFsaXR5VG9vbHMuV2ViVGVzdEZyYW1ld29yaywgVmVyc2lvbj0xMC4wLjAuMCwgQ3VsdHVyZT1uZXV0cmFsLCBQdWJsaWNLZXlUb2tlbj1iMDNmNWY3ZjExZDUwYTNhIiBWYXJpYWJsZU5hbWU9IkZvcm1Qb3N0UGFyYW0yOC5PVFRpbWVTdGFydCRkZGxNTSIgRGlzcGxheU5hbWU9IiIgRGVzY3JpcHRpb249IiI+DQogICAgICAgICAgPFJ1bGVQYXJhbWV0ZXJzPg0KICAgICAgICAgICAgPFJ1bGVQYXJhbWV0ZXIgTmFtZT0iU3RhcnRzV2l0aCIgVmFsdWU9Imx1ZT0mcXVvdDsiIC8+DQogICAgICAgICAgICA8UnVsZVBhcmFtZXRlciBOYW1lPSJFbmRzV2l0aCIgVmFsdWU9IiZxdW90OyZndDswMCZsdDsiIC8+DQogICAgICAgICAgICA8UnVsZVBhcmFtZXRlciBOYW1lPSJJbmRleCIgVmFsdWU9IjIzIiAvPg0KICAgICAgICAgICAgPFJ1bGVQYXJhbWV0ZXIgTmFtZT0iSWdub3JlQ2FzZSIgVmFsdWU9IkZhbHNlIiAvPg0KICAgICAgICAgICAgPFJ1bGVQYXJhbWV0ZXIgTmFtZT0iVXNlUmVndWxhckV4cHJlc3Npb24iIFZhbHVlPSJGYWxzZSIgLz4NCiAgICAgICAgICAgIDxSdWxlUGFyYW1ldGVyIE5hbWU9Ikh0bWxEZWNvZGUiIFZhbHVlPSJUcnVlIiAvPg0KICAgICAgICAgICAgPFJ1bGVQYXJhbWV0ZXIgTmFtZT0iUmVxdWlyZWQiIFZhbHVlPSJGYWxzZSIgLz4NCiAgICAgICAgICA8L1J1bGVQYXJhbWV0ZXJzPg0KICAgICAgICA8L0V4dHJhY3Rpb25SdWxlPg0KICAgICAgICA8RXh0cmFjdGlvblJ1bGUgQ2xhc3NuYW1lPSJNaWNyb3NvZnQuVmlzdWFsU3R1ZGlvLlRlc3RUb29scy5XZWJUZXN0aW5nLlJ1bGVzLkV4dHJhY3RUZXh0LCBNaWNyb3NvZnQuVmlzdWFsU3R1ZGlvLlF1YWxpdHlUb29scy5XZWJUZXN0RnJhbWV3b3JrLCBWZXJzaW9uPTEwLjAuMC4wLCBDdWx0dXJlPW5ldXRyYWwsIFB1YmxpY0tleVRva2VuPWIwM2Y1ZjdmMTFkNTBhM2EiIFZhcmlhYmxlTmFtZT0iRm9ybVBvc3RQYXJhbTI5Lk9UVGltZUVuZCRkZGxISCIgRGlzcGxheU5hbWU9IiIgRGVzY3JpcHRpb249IiI+DQogICAgICAgICAgPFJ1bGVQYXJhbWV0ZXJzPg0KICAgICAgICAgICAgPFJ1bGVQYXJhbWV0ZXIgTmFtZT0iU3RhcnRzV2l0aCIgVmFsdWU9Imx1ZT0mcXVvdDsiIC8+DQogICAgICAgICAgICA8UnVsZVBhcmFtZXRlciBOYW1lPSJFbmRzV2l0aCIgVmFsdWU9IiZxdW90OyZndDsyMyZsdDsiIC8+DQogICAgICAgICAgICA8UnVsZVBhcmFtZXRlciBOYW1lPSJJbmRleCIgVmFsdWU9IjQ2IiAvPg0KICAgICAgICAgICAgPFJ1bGVQYXJhbWV0ZXIgTmFtZT0iSWdub3JlQ2FzZSIgVmFsdWU9IkZhbHNlIiAvPg0KICAgICAgICAgICAgPFJ1bGVQYXJhbWV0ZXIgTmFtZT0iVXNlUmVndWxhckV4cHJlc3Npb24iIFZhbHVlPSJGYWxzZSIgLz4NCiAgICAgICAgICAgIDxSdWxlUGFyYW1ldGVyIE5hbWU9Ikh0bWxEZWNvZGUiIFZhbHVlPSJUcnVlIiAvPg0KICAgICAgICAgICAgPFJ1bGVQYXJhbWV0ZXIgTmFtZT0iUmVxdWlyZWQiIFZhbHVlPSJGYWxzZSIgLz4NCiAgICAgICAgICA8L1J1bGVQYXJhbWV0ZXJzPg0KICAgICAgICA8L0V4dHJhY3Rpb25SdWxlPg0KICAgICAgICA8RXh0cmFjdGlvblJ1bGUgQ2xhc3NuYW1lPSJNaWNyb3NvZnQuVmlzdWFsU3R1ZGlvLlRlc3RUb29scy5XZWJUZXN0aW5nLlJ1bGVzLkV4dHJhY3RUZXh0LCBNaWNyb3NvZnQuVmlzdWFsU3R1ZGlvLlF1YWxpdHlUb29scy5XZWJUZXN0RnJhbWV3b3JrLCBWZXJzaW9uPTEwLjAuMC4wLCBDdWx0dXJlPW5ldXRyYWwsIFB1YmxpY0tleVRva2VuPWIwM2Y1ZjdmMTFkNTBhM2EiIFZhcmlhYmxlTmFtZT0iRm9ybVBvc3RQYXJhbTMwLk9UVGltZUVuZCRkZGxNTSIgRGlzcGxheU5hbWU9IiIgRGVzY3JpcHRpb249IiI+DQogICAgICAgICAgPFJ1bGVQYXJhbWV0ZXJzPg0KICAgICAgICAgICAgPFJ1bGVQYXJhbWV0ZXIgTmFtZT0iU3RhcnRzV2l0aCIgVmFsdWU9Imx1ZT0mcXVvdDsiIC8+DQogICAgICAgICAgICA8UnVsZVBhcmFtZXRlciBOYW1lPSJFbmRzV2l0aCIgVmFsdWU9IiZxdW90OyZndDswMCZsdDsiIC8+DQogICAgICAgICAgICA8UnVsZVBhcmFtZXRlciBOYW1lPSJJbmRleCIgVmFsdWU9IjIzIiAvPg0KICAgICAgICAgICAgPFJ1bGVQYXJhbWV0ZXIgTmFtZT0iSWdub3JlQ2FzZSIgVmFsdWU9IkZhbHNlIiAvPg0KICAgICAgICAgICAgPFJ1bGVQYXJhbWV0ZXIgTmFtZT0iVXNlUmVndWxhckV4cHJlc3Npb24iIFZhbHVlPSJGYWxzZSIgLz4NCiAgICAgICAgICAgIDxSdWxlUGFyYW1ldGVyIE5hbWU9Ikh0bWxEZWNvZGUiIFZhbHVlPSJUcnVlIiAvPg0KICAgICAgICAgICAgPFJ1bGVQYXJhbWV0ZXIgTmFtZT0iUmVxdWlyZWQiIFZhbHVlPSJGYWxzZSIgLz4NCiAgICAgICAgICA8L1J1bGVQYXJhbWV0ZXJzPg0KICAgICAgICA8L0V4dHJhY3Rpb25SdWxlPg0KICAgICAgICA8RXh0cmFjdGlvblJ1bGUgQ2xhc3NuYW1lPSJNaWNyb3NvZnQuVmlzdWFsU3R1ZGlvLlRlc3RUb29scy5XZWJUZXN0aW5nLlJ1bGVzLkV4dHJhY3RUZXh0LCBNaWNyb3NvZnQuVmlzdWFsU3R1ZGlvLlF1YWxpdHlUb29scy5XZWJUZXN0RnJhbWV3b3JrLCBWZXJzaW9uPTEwLjAuMC4wLCBDdWx0dXJlPW5ldXRyYWwsIFB1YmxpY0tleVRva2VuPWIwM2Y1ZjdmMTFkNTBhM2EiIFZhcmlhYmxlTmFtZT0iRm9ybVBvc3RQYXJhbTMxLmRkbE9UVHlwZUlEIiBEaXNwbGF5TmFtZT0iIiBEZXNjcmlwdGlvbj0iIj4NCiAgICAgICAgICA8UnVsZVBhcmFtZXRlcnM+DQogICAgICAgICAgICA8UnVsZVBhcmFtZXRlciBOYW1lPSJTdGFydHNXaXRoIiBWYWx1ZT0iJnF1b3Q7MCZxdW90OywmcXVvdDsiIC8+DQogICAgICAgICAgICA8UnVsZVBhcmFtZXRlciBOYW1lPSJFbmRzV2l0aCIgVmFsdWU9IiZxdW90OywmcXVvdDsyJnF1b3Q7IiAvPg0KICAgICAgICAgICAgPFJ1bGVQYXJhbWV0ZXIgTmFtZT0iSW5kZXgiIFZhbHVlPSIwIiAvPg0KICAgICAgICAgICAgPFJ1bGVQYXJhbWV0ZXIgTmFtZT0iSWdub3JlQ2FzZSIgVmFsdWU9IkZhbHNlIiAvPg0KICAgICAgICAgICAgPFJ1bGVQYXJhbWV0ZXIgTmFtZT0iVXNlUmVndWxhckV4cHJlc3Npb24iIFZhbHVlPSJGYWxzZSIgLz4NCiAgICAgICAgICAgIDxSdWxlUGFyYW1ldGVyIE5hbWU9Ikh0bWxEZWNvZGUiIFZhbHVlPSJUcnVlIiAvPg0KICAgICAgICAgICAgPFJ1bGVQYXJhbWV0ZXIgTmFtZT0iUmVxdWlyZWQiIFZhbHVlPSJGYWxzZSIgLz4NCiAgICAgICAgICA8L1J1bGVQYXJhbWV0ZXJzPg0KICAgICAgICA8L0V4dHJhY3Rpb25SdWxlPg0KICAgICAgPC9Db3JyZWxhdGlvbkV4dHJhY3Rpb25SdWxlcz4NCiAgICAgIDxGb3JtUG9zdEh0dHBCb2R5Pg0KICAgICAgICA8Rm9ybVBvc3RQYXJhbWV0ZXIgTmFtZT0iVG9vbGtpdFNjcmlwdE1hbmFnZXIxX0hpZGRlbkZpZWxkIiBWYWx1ZT0iOztBamF4Q29udHJvbFRvb2xraXQsIFZlcnNpb249NC4xLjcuNjA3LCBDdWx0dXJlPW5ldXRyYWwsIFB1YmxpY0tleVRva2VuPTI4ZjAxYjBlODRiNmQ1M2U6emgtSGFudDo3Yjk1ZWQxYS02YTNmLTQxZGQtYmM1Yi02M2YzOWVkYmM0YjQ6ZGUxZmVhYjI6ZmNmMGU5OTM6ZjJjOGU3MDg6NzIwYTUyYmY6ZjljZWM5YmM6NTg5ZWFhMzA6Njk4MTI5Y2Y6ZmI5YjRjNTc6Y2NiOTZjZjk6YTY3YzI3MDA6ODYxM2FlYTc6MzIwMmE1YTI6YWIwOWUzZmU6ODcxMDRiN2M6YmU2ZmIyOTgiIFJlY29yZGVkVmFsdWU9Ijs7QWpheENvbnRyb2xUb29sa2l0LCBWZXJzaW9uPTQuMS43LjYwNywgQ3VsdHVyZT1uZXV0cmFsLCBQdWJsaWNLZXlUb2tlbj0yOGYwMWIwZTg0YjZkNTNlOnpoLUhhbnQ6N2I5NWVkMWEtNmEzZi00MWRkLWJjNWItNjNmMzllZGJjNGI0OmRlMWZlYWIyOmZjZjBlOTkzOmYyYzhlNzA4OjcyMGE1MmJmOmY5Y2VjOWJjOjU4OWVhYTMwOjY5ODEyOWNmOmZiOWI0YzU3OmNjYjk2Y2Y5OmE2N2MyNzAwOjg2MTNhZWE3OjMyMDJhNWEyOmFiMDllM2ZlOjg3MTA0YjdjOmJlNmZiMjk4IiBDb3JyZWxhdGlvbkJpbmRpbmc9IiIgVXJsRW5jb2RlPSJUcnVlIiAvPg0KICAgICAgICA8Rm9ybVBvc3RQYXJhbWV0ZXIgTmFtZT0iX19FVkVOVFRBUkdFVCIgVmFsdWU9Int7JEhJRERFTjEuX19FVkVOVFRBUkdFVH19IiBSZWNvcmRlZFZhbHVlPSIiIENvcnJlbGF0aW9uQmluZGluZz0iIiBVcmxFbmNvZGU9IlRydWUiIC8+DQogICAgICAgIDxGb3JtUG9zdFBhcmFtZXRlciBOYW1lPSJfX0VWRU5UQVJHVU1FTlQiIFZhbHVlPSJ7eyRISURERU4xLl9fRVZFTlRBUkdVTUVOVH19IiBSZWNvcmRlZFZhbHVlPSIiIENvcnJlbGF0aW9uQmluZGluZz0iIiBVcmxFbmNvZGU9IlRydWUiIC8+DQogICAgICAgIDxGb3JtUG9zdFBhcmFtZXRlciBOYW1lPSJfX0xBU1RGT0NVUyIgVmFsdWU9Int7JEhJRERFTjEuX19MQVNURk9DVVN9fSIgUmVjb3JkZWRWYWx1ZT0iIiBDb3JyZWxhdGlvbkJpbmRpbmc9IiIgVXJsRW5jb2RlPSJUcnVlIiAvPg0KICAgICAgICA8Rm9ybVBvc3RQYXJhbWV0ZXIgTmFtZT0iX19WU1RBVEUiIFZhbHVlPSJ7eyRISURERU4xLl9fVlNUQVRFfX0iIFJlY29yZGVkVmFsdWU9IkFSK0xDQUFBQUFBQUJBRHRQR3QzRTFlU3hyYWFsaUV4WkxFbTJXRWxKWnNaaFFNTi9aQmtDNWFjRTlza1FBS3lMUkdTTURrK3N0V3h0Y2dTYThrSjdJY2NTSWJ3TkNHTGVRV1NEQ0VQQ01NckJIQ0FnZjBIdXgvbXczN09jY3ZTcC9rQisySDNQcnB1MzVhNm0wY3k1L0FoNG1DVnErcFczYXBiOTk2NmRkdjlmM1BhbjI3MkJRY0hlNHFGOG5neFh4clEvMjBpTjY3M0ZVdmw3c3p3MWxmMUhZT0RnVFpmeDhpN0d6SzV3dlBENWJ5c1BOOHpxZzl2ZlNtZjl3VTR0UHI4OE9qV250RmlzYVRiOEpvTFB1cUNqN25nNHk3NFRoZDhsd3MrNFl4WFpBNHZVSHo3dnl4dG10OGlkTFNKeVhSUGNXemJ1dDY1eWZRYS9DMGswNzJac282KzBya3hmWDR5blNwbnloT2xqWmt4ZlI3Q0ZjdVpQQ1lnOXZUMndycGVFUmdROEhKeGZHeGpzdTNsZlBHOW5reEpSeklYTFczeW8vOXRQaUhWdDdiN1ZjVW5LTElxSnhLK0RsVldPbGZJMFJWSy9IMEw5TTFUMVpXeS9MNnFvWjgrb2ZMcEJlUGlpUmVXYkVudEtKWDFzZVc5K25CdUxKTmZGaDRyRFJmSDg3bWhaZUhYOWZGU3JsaFlIVjB1NDMvTHdqMFQrZkxFdUw2Nm9FK1V4ekZ2MzhSUVBqZU1SanRkM0tvWFZnOTFkbVppdzdHNGt0Q2l1dHlWYUZHV3k3NEE3UjN0Rys2T0hGWGljc3czUi9FdE1IL3RsRlZLMXIzc1VWY28wZmNaR0VQMktDczErWDA1eXR1enRMVWw3cWhVVmFLeWFsZWFlRENsaXFWVThjMlRFOFNKaWwxcHErSnNxb3AvZVNTdHNxVlY5czFUSExXMnFDNUs1VWRUS25lOWI0Rk1xWXE4ekN2Vm5KWEtYWStvMUJwVU9RcitWYnBXb2hIbWxIWXQxeHlWUHVLZ3lwcWxWRU9XZHBtV3luV1d4aHlWYW8rb1ZMV1VxZyt0RkgwOWtsSXJmSkVBVVBxQWdTUXJia3JGNWpuWmRsOGJtdWtveE9PeGFMUTlFQWdLdmZxMjhycGUzMy81SWdPeFdGeVdJOHN3RUFNZ0NvQUdnQXFBQW9Cc0FsSGdpUUpQRkhpaXdLTUJTUU9TQmlRVmxLcWdWQVdCS3JSU29aVUtyUlRnVVlCSEFaSk1BZlR6VlJVQUJRQWdhWnNBU0dzQXFBQW9BQUJQQ25oU3dKTUNuaFR3REFCcEFFZ0RRT3FQQXhBRElBb0FTTzZINXYzUXZCK2E5MEh6UG1qZUI4MzdvSGtmTk8rRDVuM1FQQWs4U2VCSkFta2prRFlDYVNNMDN3ZzhEY010TjR5ZzdERUVEZzVuWG1XdWt4dE1saHU2V3RjZkp4VUlDRDZWSEIvQlcrOXJ1VklaZ1JtME9mditWNHowZEsrbERYcVM2eW5RUFNDdlg2OVFRRmE2YktBQ2ROVkV5aHFqWXhEZ3FMeWVCeG1zcnVkQmtKWmtJaXk2Yk5FSkRBcFZoYkVna01OcUZGUXNCc1ZrNkVtbW1HV3BOYXgxWjRvSFdSczV4WU1NWnR5cFY2Q1p4bGdKQ0t3S1l5VWd3SjNSRkErQ3RMWE15QmlUcHNnMmtJZFY2STlxZFZQbHVxbWxlSkNIelphcERZQ01XZjJNY2YzRU1HanBVaGdMQnFIUC9Xd1FtYnJVQUxQWjZwbkM5eXllNGtCUW9IVXhMQVlCamx1K2luTysyc1I4eFlRUkVIaGxTNXJNU1ZNc3B5aWNVNklXZDVUampsa0JFT05HdGRQeVZpZm5yWVRsb1FUbm9jMXN6SlFVRDdLSWk2WjRrRWxPcEhnUXBMM0JWRmlXSkN4TFVtOWFVekRGZzJ5WXJGQ1BjbjN2c21MNkxkYk02cGdjNVVMUGNyZ1M1OURjSExKVVI2MEk2TFRBTHRrR0twSGdrNE45bVJGOVhRbWZDMTRyam93R08weEUvNFErdmlOVkhzOFZSZ2hlb0VjUXlCQ0N6NXA4TDAyVWl5OXQyNWJmc1dac1NNOWlYRStwMUpQUGxFb2p3WWpKZzA4elpmUS9OWXdPZVhsMHVzdVYwWUVnV1lCejNraXdqVzc1ZUczMC9iVzEzcm44c1BLVHdEU2lZYkJzMGNGTmRENlFiWFBNTnZka2UzZzZ6UTF1THR2bk9EL1o2cFlqcC9Ebkp5YzNXL2dJNFJkcDJ6ck9MWGY4NHNuSE1yOWQyR09HbXdiY2ltWmI2YmhKYlF0RFBxajU3WWJiTEZnb3MxbkJwZytibFd3aFlhc1dXOUxZOHNnV1pyYmVzNjJEN1Zkc0c2VDdKZHRuMkZacWJxN0JlZHplNnp2N201S2UxNGZMNGQ1MXFmUzZqVDNwOERBNkRZZkQ3NDNxaFhBeUtpL2Z0TTNjbjhPNVVyaFFMSWNMRS9sOHVOeEkxdk9vWFNRUzFndlpjS2FFaVl5MkxGZkNyVjdBRFFBVmlTd3gyUURESzlhOEZXdGVpalVIeFZxallzMVJzZXF0V1BWU3JEb29WaHNWcTQ2S0ZXL0ZTb1BpRjBocjJ0aXo3UXZtQ0Zzczc0d1h4OEw2Mm9FTnFkN3V3WFhwZ2Q3bFc3SkR4YmVYYnlFTXVYL1A0RlVKaDhqYldQNjRIallicnVZVkxTSGRvT1l2WVQ1UU9COXc1dUV1dWh2WFlCdDRUN0Y3ejFMaW9zTExnMTRqMXpod1hJZGg0QkRLZzhtaHl3NHg0QkNQem5NRGY3RFMzdUo3aFhxdHhHak9vY1I4eTFJQ1VRdC9tcHI2YVdwbkpMelU0bDRha1NMc1Yxd293MDV3NkQzbFV6aEdCM3NvaytyRXBOVXhhVTVNMFRxbUtNL2s1QVhTNFljSTMyUTRyNzlURHY5ck1WZDQwQlpST1Z6RTBZVDZNbERNNnozRnJMNDZFcFVqNFF3S0ZxN0g0ZFZKQmo2MEVzMVVvdkZLTkZDaS9USktWRk9KeWl0UlFZbjZ5eWhSVENVS3IwUUJKY292bzhUVXdhdVFJMFNCbzN4ejBiSldITFFJL25xMi9QVnMrZXZaOHRlekpaL0pPeVQxZjQrejVSS1VQMlgxOGZEUURqN2Q1UkpRTGlYa2NodVdib1NEY3hGRTB2VWJyYlphbWxVeFZXMkZOMXNwemlvV3N2SWhxeld5QWg0ck9ySlNKU3Z5UVhPcmVNbDRXSUdUbFR4WkRaVVZDNkc1VlRwbHhWUldYbVVGVjJqT2FvMVdtWmJWZEZsaEVraFd1WmNWaVRGUEFuMjJid2NNTUZ2MVkyRGVCTXlKUklTcldYS0ZVcXQ2M1Zqemp0YVhWNjBxT0dPTzFkZGlyZm82SzhhendpMnJ5ak5TUTNIWHF1Nnplai9qWVhjQzdKWUEzeHNFMjZFQ29aY3o2Y3hJYVNUUTNOelNuZzBzUWovYkE4M0Jqc0hYY2lPajVlN2k5dTV4UGJOMVRTRXpsTmV6bzlsQTh6dUlxN1Y1RHVHYSszcXVsRU9FMFd5MjJVY3dyV2w5ZTluM2RQWGswZG5ESDgxTVgvemJuWVBWQ3dkbXowMGFkM2YvdFBNYnhQYzd6QmQ2d2plL2NtVzZldlZ3YmYvTzZwbURDTC9FeExmUDNMcGw3RDlWdmJhbmN1c3drb05JRXBDcXg3NnI3Zjd6N0RjZkczdlB6Mzc3Q1NLdGFEZTdoTHUvSUpzTnpIa24yNndBVXNESTlvQVlmTEkzVTg2OG5zbFA2Qy9uOUh6VzE0cVRodUFUR0lzN1RKRWlSdUtNTWpodjhGbE02aTVPRkxJandibk0rZ1VkclFzbDlFRW0xWFpOVjQ3c3diOHNvTk5NUWoydW50dVBlaHlnVTFLcVhEczZjL3VyMnE3cnh0M3ZNSnFHa2xTNXNiZjYvZTNhbmsrcW4wOGlkRWRyazBBbENMU2RRUGtXTFcxcEhVRWZZcEdQbUJGNmtuWTgxRzcxTmJSZ0pMUVE5MnpoQS9ZTUxRVFM3TFhiczlldnp1NzVZdmJTbWRxSDV3SjA3cHQ4eHFWOWxVUGZJdlJpT3UrbHl0Y1hqUU1uYVJ0ajcwZVZ6dzhEc1YrV1ptNTlWVGx4aEJLcjV5NVd6KzBGNGdEb3FYeCtvL0x0Z1NvYXRmMGZJdUl6ZE5hYXhOcXhBN01uNzh4TTd3Ukt1bzV5NnlEMGNKTXNHZDlPR1Y4ZFE3MUcwV1dpSDl6VEFUcUZNUnJoaktNZkdVZDJZU0Ywc3Bwb2FpeEZheFo2NXM0dTJ2c0FuWnNtMm5JaG5ZNGcrL0w1eWhkZkkzVEhRbjV3a2VzRjZtcUJ1bGFnVGhTb3V3VHFHSUY2UWFBbTI0TkNvQ1lJdE1zQzdhSkF1eVRRTHFDNFdUaFMveUZCTlBmK1FmVGl6d3lpalFxZ3lSQ2hPVXJScWpSNzQvdnF6Y3QxYUUyYStjdHA1SEU3dWpFU0tWcTEwTWJ1YzR4Yk13TzBkdnowekwwUEVQcitjZHVuU01iRkU1V3B1enlSdFZRbDQrQmxZL2RCUnlMU05uVjU1dmFKT3VKemRQK1RhTEFaMHg4WWYvckJzWDFNcW41L3hyaDhjT2JlbWVxNTQ2YXpnQmlYYWwrZXEzMzZIYklhdThSR2RKdHJBYnFyU2tnUFdraFpHNHBXcGRvcFBBRXFweWV4SzBDVUpsWDNmR2ZzUDg4TFpNU29aTnk5amlMWUhCUTdNU1laUDE0elByNWlDclJyaTB1VjZ6ZngvTFMxY1ZzSEtGR1JLbnYyelU2ZDQxbFF5MmZvSG85SHZITHNwSEhyZ3AzaXVId0VhQllnMVhaK2lrS05VcUJ2S2ZCRUhWcVR6SFVBME81cjBHS2FOK0RJUWZIQjA4SFN0R29MampxaVpycXVqdmh3U3h1ZWpTakx3MmlFUTgwSlFpVUlPc0lQdC9ndHB0a01MSDYwOTFOZklpTHVOODF3WUFsRUVmdjlOQ082TDVzNDR6RW5YK1hRT2VQMldaTWI2MEVoV3R0LzA0YkdHdWlRVmU5TUdWY09tV2kwcEpHeHVYWGN4aDNEM0tkdVY4OWZwYUlvMm1tbFhrenpLdWpnMFIrTXczdXR5VWh6TFpPSXArU0JrelF5cVVDbk5YNHh6Y2JBaFplK3JPeTlZVTBzbXFFQmNSSUx0QkV0UnhyVDEzaWl5OWF4bU9aMTBQMURlNUgvelhXQkNJeXBkVjB4SnFlUXYweWlwWTBHaHExbHRGN3MxTDNaaThkTVlxeU9TRHRrRXVPTVdOdDUxL2pnejJ6aDdualJhYVBicU5BdmxYNXAvTzZYcE1pa3h1K0ZmYlJCSDZYMW1iUW8vWXJScnppL2EvYlRCdjIwUVQ5dDBFOGI5Tk1HL1hGK2Z4MmdEUVpVZnJkTlVXVEtSR3I4RnB5bXREU2xwYlc2ZlpuT1I0SE93b1pkR3M4dGdjNGlhOC9HODBPZzgwR2c4Uy9RZUJkb2ZGdmJ1a1k1TlpYZjVLTVVHVFdSR3R2NUJSb3hBbzBOZ1VhQlFNZGJvQ01yMERGRU9jS0xEVG5DUTMxSVFxRkJuaTJhZVRiS0xkcXNJeTNLTUo2d1ZXcFptdEhjbUdZRWFEMk9MR3hvemszL1pmYXpzMmd4NkdodUVpZ0Y5Ym01UGh0dXN3N043c3BhR3BYOWx0YjhUR1hySjhhR2lzYmtUcXJ4R1ZvMU0ybXBEV3NZcGFNRjlZVTBGQ2dQNmxKTFEzTFZacDNlM2Z2VTN0aW5wMm41a2UrVHRGNUJ5aWxCdFJOVUlDVHRMWks0UllEVyt5d1RwRFVNL1FxUGZvV2gxL0xvdFF5OWdVZHZZT2grSHQzUDBBTThlb0NoTi9Ib1RReTltVWR2WnVnM2VQUWJEUDBtajM2VG9kL2kwVzloZEVkN2swQmRTYjlVZ2JwSm9FNFJxQk1FYXJSQWpSU29VUUkxUXFDZEZtZ25CZG9wZ1haQ29FclJ5TGM3elFnL1JNRTg3cUxHUFF3Mk40YkJjMUQzbFNwSHZ6RU9IcWRwSFQvR3luSjZqY09LeGU2Y2tqSjcvWS9QUVkxYVFza0hPcExmUnlJdVpydHpFb2xocUxNNThhR0JVSmJ4OGxMTzhqQWZKeTJLRTdjTEoycW4vdWdwRFpmbTNQZzRhVEhjdDN0L01pNSsxc0FWaHVLcFZQMzZYdVd6dTU3cWNNblBqYzlTaCt2VFV1WFlsY3ExSzE3U1NFbmJqWTlJcTJOV1habFZwbHJCcXM5OGFKeitEMC9WQ2xIdHpNY1pndDFpbk5nM2UvZThwelRpRmhjK1Rsb25rall6dmE5eTVaTUdMaEtVK0dJRm16aDc0VWZ2b0NRM01PNmNWcGpqT3hBY2JNN1RBVmhVVnhZVldEUlhGaTBNVlYvSlFHbmoxYXZPRVlhcjJ4S08rYk5mZXJtU0ZNSGQrQ3hYNGxzWWRDbzlqbHpnS2EyVERJd3pueVVOWDlxZ1k4eTBjZXUwbHpSeXQrUEdaL2tjMzNOSmxTdUk2NmIzS0pJTE1YZE9JdkYzM2VZVkdiYkNZWjVUVm9VVFNsWkFMMllpOTUraFB1L0N5c1l0U2s2UStKeTQwNFVCRDBYMTZtSGowQmRlemlQM0RXNThiQ2pJZFkxVU8zb1QxelRjcGRGYkhUYytTeHErZHlMQjVCQ1ZuRFJ5UGVYR3gwa2pNWDRXSGIyUGUwcWpLN3d6SHljTis2M3kyYjNLK1FPZTBvamZYUGdzYVNvSjRVdW5xeWU4ZGg5NmsrbkdSNlNGdXMyclV3bWQ4OUNoRloyOGJORURkTldacnRMZVlMOVhUbDZldlh2SXN6ZkU3eTU4bkcwYTNVNnFoL1o3U3RQTTdjU0pyMjQ3b1JlaHJzd3FVMDAyZ0M4T09XM1d3S0M2TUppdUlDdlY3bjJHdzlhQUp5RzU3cFNNeWVOb1k2anRtV3pnV1dIMW1WeU1lckJhSG91U1dYUjNzbkxWYTA3UzIwNDNQa3NhdnYyVVptNU5WVDg0NHlXTlhKSzY4WEhTeUhweDRtTHQxRzVQYVhTOWNPYXJIMDF5VmUzS3pFWXpUcEtxUFpQZXV3YTlhWGJqc3d6QlY1cFM5Y0FSSjUyLzd6WnY5ODJaaTdiOHl2R1BHOWhVU3lsNUZNQ2JtMVBkU1dPbU1uM1p5NURPVGpOZ25QZzRhUWtxemZoaGw2ZTBoQ25OaVk5dEt1Uk9GMjhxT0YrWWJGd0F1WGp1a3MzZDJZWFY2aUYrNWdDbm5jWlZUM3ZKb3dsdWZKdzA0cjBqWjV6V1o4S1FVTXo4OWNkalh1b1NDdVN2RG54RUhRa0RmRUV2NFVRTkdicDdYK1ZFNDFMSGhRRzV6ZmZtSnBJN05qZUpjT0R4czVPUENDY1dQenU2aUhEbzhMUFRod2duQno4N1FvaHdTaEFoemZlemZGK0U5TnZQa25ZR3FTSmswMzZXVm91UUV2dFpiaXhDK2l0Qzl1cG5hYXdJZVNvQUtnQ2FDSm1sQ0ttaG4rV0lJdVIzZnBib2laQ2srVm0ySmtLZTVXY0psd2haa3ArbFN5SWtReUprUENLa0xINld1NGlRZC9oWkFpSkM4dUJuV1lRSUdZQ2ZwUUlpYk9OK3RwK0xzQmY3MmFZc3dyNExnQ3JDRnVsbmU2VUlXNWVmYlhnTU12bmpLUVVBRTJPNm5Xd2ZmcmFQaUxBQitObE9JTUlxN21mTHVRaXJxNSt0eVF5aTR1UG1xTkJWVTRTRlVZUTF6YzhXTnhHV0pEOWJtMFJZVi94c2dSRmhaZkN6SlVLRXVlMW5rMXlFZVN6Q1JQU3pHU25DUFBLekNiVm9hY3ZtbjFmZjh5NzhkWklMOTJieUpBQitYcUF0T0c4US8rRTEvbU9KVE5rM2Z3ZjYvR0hGaGcxL1dKSE5CdHNHVStYTWVKbjhZWGJUZitZT252cnJmNHRCY1hCTklXdWl1bHRERi85SFJDTFdsUWIwVERaWnlPOFlSUXpwWWpHZnptM3pTVnRxdHordkhObi9kdGo0NUk3eDhZWEs4YThycHo3NjI1MkRXMnFuVGhKOFpYcDM3ZVJYeHU1dmpVcy8wb2NUY1BmbXRDL0EzOEc1eGNKd1BqZTgxZmZXcG5JdVA5Z3p1clc3dUQxZEhCbko2K1R4aFZ3K1Y5N3hRcVM4dlV6L2VyeGJIOGtWQm9kSHQxclV5TEp3UFQyYmV4Yy9JdkRTdUo2SkxGbVZ6V2FSTzVBeVg2bThJNi83UXUvcTQrWGNjQ1l2WmZLNWtjTEtjbkhicW5lWnVKV3JyQ2NvSHMxSzFMS3RXTWdPNWFsbFQ1WkhjNlhsNytMbkcxWkhJcXV5YUZBQ1FsQndIQTUvdzJpc3hVODQyQVpqTGE1bm9tRU5QV1Z2SFBvSE5vS2hSV3prUWgyam9jRFBIYWJRYjN5dlA5ajRvTDU2akE2bU9vOU42T2tISHBiUU13ODlIcUYvZEI2RjBHL3JYTGlZdVQzMFQ1eS9FL2l0Qmd0Ym10b0RyYUVGSS9nSmxIVmxmYXluT0ZFb04vdXpjeFlFbXZDLytZdVdOalhSbXZzaTB0WFdvQi8vb1ZCUE1WOGNiL3RxVHJCMThObFVkN09JeWMybWUrbXpNM09VYkpZKzI0TithWGd4QVBGT3gzdkY4YXcwaEovM1dVbCtJaS9sa1JtdFppdno3NW5oV1IrTW9hMFJSakF4YzZzM1RpYU5uZWV6TklJdzZpbjZNTkRzZDd2SVZlcUJtZHMzRUZVMHFjNHZVOGppVWlwbDRGK3JnTkJ0SmhxLyt3RDlPZzk2OHZ2Q1VHbmJLakxVMklVaDVJeFEyTkVScXFNakVuOS9Sd2pHN2hzenQ0ODFHbC8zNWdXYjhkWTdHSGpqNHk3R3Q5elBlTzF4Tko1L0F3UnZQUGN1Q001NDhpNElSK3RiNzJkOTlIRzBubjhUQlcrOTRtZzlmcFdBby9HKyt4a2Zld3lOdDcwUnc4RjQvRzRNM25qTnhYamhmc2JISDBmaitUZHpOTVk5ZVVjSGIzelhjczNSK0xuM003N3pjVFNlZjBPSWJlU3QxM2JZUno3bWFMeDRQK083SGtmaitUZVYvQXpqL2ZjelB2RTRHcysvTWNYQitBZGQ4Q2pEZlB6czhTcGlOZXB5bHRqMFJEWlgycGJQN0ZoWktCYjBWZG4vQjNDenhIWk9Td0FBIiBDb3JyZWxhdGlvbkJpbmRpbmc9IiIgVXJsRW5jb2RlPSJUcnVlIiAvPg0KICAgICAgICA8Rm9ybVBvc3RQYXJhbWV0ZXIgTmFtZT0iX19WSUVXU1RBVEUiIFZhbHVlPSJ7eyRISURERU4xLl9fVklFV1NUQVRFfX0iIFJlY29yZGVkVmFsdWU9IiIgQ29ycmVsYXRpb25CaW5kaW5nPSIiIFVybEVuY29kZT0iVHJ1ZSIgLz4NCiAgICAgICAgPEZvcm1Qb3N0UGFyYW1ldGVyIE5hbWU9Il9fU0NST0xMUE9TSVRJT05YIiBWYWx1ZT0ie3skSElEREVOMS5fX1NDUk9MTFBPU0lUSU9OWH19IiBSZWNvcmRlZFZhbHVlPSIwIiBDb3JyZWxhdGlvbkJpbmRpbmc9IiIgVXJsRW5jb2RlPSJUcnVlIiAvPg0KICAgICAgICA8Rm9ybVBvc3RQYXJhbWV0ZXIgTmFtZT0iX19TQ1JPTExQT1NJVElPTlkiIFZhbHVlPSJ7eyRISURERU4xLl9fU0NST0xMUE9TSVRJT05ZfX0iIFJlY29yZGVkVmFsdWU9IjAiIENvcnJlbGF0aW9uQmluZGluZz0iIiBVcmxFbmNvZGU9IlRydWUiIC8+DQogICAgICAgIDxGb3JtUG9zdFBhcmFtZXRlciBOYW1lPSJfX1ZJRVdTVEFURUVOQ1JZUFRFRCIgVmFsdWU9Int7JEhJRERFTjEuX19WSUVXU1RBVEVFTkNSWVBURUR9fSIgUmVjb3JkZWRWYWx1ZT0iIiBDb3JyZWxhdGlvbkJpbmRpbmc9IiIgVXJsRW5jb2RlPSJUcnVlIiAvPg0KICAgICAgICA8Rm9ybVBvc3RQYXJhbWV0ZXIgTmFtZT0iX19FVkVOVFZBTElEQVRJT04iIFZhbHVlPSJ7eyRISURERU4xLl9fRVZFTlRWQUxJREFUSU9OfX0iIFJlY29yZGVkVmFsdWU9IkhrNTZYQ2NPWlBTUzZUMFVxaEhnR01iVlB6YUxYcUZFYkFmK25hcWhOMmZ2UXZ5WUw0bk9HeEcwTVBuRXBzTnlOQkFiMkxwdDZ0empXKzhBc3V2c1ZXem9ZdmpxdkV5S04vVzJ1a2ttZndEZ2t1Y3hwREpoM3M5QW9sL1dNMFViSUxUcTdDcy9JODhBUm8raGxsbXR1WUpWQzloeDNnaURHYk5zUU9pS0FJODBOMmw3YWkvWkZMNTZpcVFQaTJFeGxzZjNhOWhxQjdOaFhHMFlmL1dxT1VaeHh1WGZVcElGWExLd1llMEhtaTNCMEliWXRUd2lYa3d6MDliQmMzS0tTVzhiN2RkeVlJd3RQZmRNUUxNVEdFcFIvTCtUZ2lpZEFzc2ZXdDN3YTB3K2xINi9GaVZnUjZBS3FRZStUamgwZ2tzUjhxZ3dnZXBRZkhZYTZKdGZpdW9BOUVmRnZFeCtDTDk4cVVmODJCbFA3NFV2UVc2L3l2Z3hlaUhDczR5d1l1dTlzN3o2WUcxSjdXOE1XZXg5UHFPNjl3Snp4aTRUeE5RNGlUS1U2ZmxvS3hUL3VseGpxa093ODVWcnAzUUNKaU5zeEFjMmFSWU8vcU5XYTA5YUkraWJmYllrRDl0Y001VkhQWGE5V3dRbTQrSFdCYkZ6TmF2amFGZWRtM0VpclQ0aUhzYlQrU3ZPblpvb1JYc1V6SDFoLzFTR204TWhDcHVOcTVWMGNST0JCZ2s5L01LNFBBUXNKVE5hcXZNUUw3YWgyMFRIUCtXVjZXeDNFZU5YclpvdjB2OHloaXBuMDFhMU9IVnladmYyTjdxRVNzSzhoQUlkSDRIRncwSFdCcFQ0eFRsaXVZdWQwc0lIc2svUlNiQlVTVFdaWWsyN2pybThFN1ZBdFlqUlNoS1NLSjM4eEYrRzFNT0wxNEZYaXUrUVBQM3Naa0VsTjVMWmp5dG9JTXJhaUFyTTFKSzVYVVQ1R3IyUUpDN3NBNVNpUEI2L3U1bFRLMjFkNklQNTlidklvT2Z3dHRVSHVTWmUzUjZqU3cxTmJyL0J6bi9qUDlRdCtGTThMaDl2bktyNmhxUVlIMXpPQkhzejc3Q3ZiRkorMVBMU0VJOW1qbTh4VEV1OGdXb2pPb2w1RzNkODNLWXNtSkZ2ZGJMWS9OTk1yOU1nSFlkc05ISHpNN2RZU1BHWDFpYmlCczdaYWRseUlFMXAzL1hJU1JVeSt6Qm5POEU2WXlvRWFtbjNyRUpiVktCK21JZnMyT0VJdzNBVGdCRlNmMjRnOGZSK3ZJTDJuM3hONFVsODlLTzllWi9lWlhQU0RHUyt0TXZGRTBZdklOd2w4K2cwVHJSVlJNSlFvY0lVaUdnelJhQjVhWmQwQ3BVbk9lbXczb2FkSVJxci9NN3NPUWM0dkZKMDUrQTMxVWFqQ3lRN2FHUmM5c01BT2o5bTJkaC84K052eWUrbmVLcFB5RGUwc2NzQ1ZoUWZpNU4xZG10NjhjOXp5VTdZeUwwVTFmL1JHSktWZTFYTXJnbk0xNlQvMy9oRlZHa1k5cTFCanJuRW1BaWx3ZEpzRmthL0dLZlROUjllOXI2QWx5UDUrcms5Z2tGZjVBL3BWa3BySTdYK29oWmdBa0VRS2prT2s3ejA1cGk3VEJteitxWE9qVGlOVE91ZzI1NHd1bkV4Tkx3dzdjM0NSM21tdlVjbTJjTVRTMDdFUVNjaitWVWdCVGtheTZZSVVYSzYzcGduWSsvUnUvTDRyVnpsa01VVUpGcWZYQWt2ZjA1Y3FsbUVDTE5qWE5NYkFVTVZHOCtQQWRhNVdnQU8yZDBYSkZUYUVzeFduUk5hTGRQRnFQYUlNY2hCaGxlRlZjRVgzOGlDQWJWVFdHZmxNekxScXREdXBNbFFmREYzRzNwMGR5YitkUGl0bnc3ZzdiZmVXVUtySmVQd0h2N0tIekh0WVdyZjNUbWl6bTlidnZmWjN4MEwyKzNOekw3aEhKZm5FTU5qa2RFaEdxdlNiZlV3SzBTQjZCL0JFN2xDOWNIOFdFVk1UTmM3dlNlUlV6SFk4YU5GNjdrZzdISHJ2YnAvUElSY08ySndoVDh6WEJzZFNkMUNRS2ROOHlaVnhQZkNha2lzK01LRFN3YWZqWDdMSm95SGkvWlRqNFo3UzVBUSs2VTFUWDFnZ1U3ZXExb3pHU1ZyMU1yZXcxNGJMc3puR01tQ1R0UVJaY0s4UUpHNmwwMkNZRGMzMWFpL1JvdjBjOUNMVWxTanBheElmcTd0SUpCWjNEUWN6SGJTVEE0Q3I1YXQvYW1ELzFCZzlzVk9vRUY2ZklPbTd6cmdPaEFpekJIZXNvOXNNbmRoaU5nNmp3dHJOb1Q2Y3J0R0s1YVRUSDJVU0Zrc0Evc29jZjJ2Vm1sSXNEQ3l5RWVxOWhVZ2FVTitnaUU4RkJhL00rS0NFTDNuakV5UW55NmIxdEhBWHJwcndkSjlBYkxObHZJQkVybXVuQ2hPQ21BR0NBaXUwUWJIRDRCbTNvcHgzZnM5L2NwT3NlNlN2Mm1LMCtYYWNyL0F0R3ZvTUZjZkxzVy9LaXNRQVRaV0UwMHV3QUQrdUlSeFRIQVZkRlRRRjVEK1VsdVd1ck9PbVY3Y3lDeEJHWlZla2ZnMytvVE92UG0yTWl0YXEyMVMvN3N3Q0JkUDV1VHZWQ2tZUGJnM3NWV3dOZmpZYTdpb0RGZ1hMZ1JHK3dhaSsvbnd5V3NCNUVua2pLYTRwMmIrTy9hNTVmeTQ2ODNVZ3dHQUN6b2R5ektnQ0kwTDBWYXVla1Y2em42K0xZZ1F5U2pVVUY5akFXaW9pZzlZakFGay9UYXNUN0oxTmk3NEJlK2xRdVlRSEdsVWk2OTNRQ0VMTFlMMTVISDdRbnZHRzJUeDBZL3krN045ckNkd3JkYWw4bjBPbjh1eTNGMTJJR0tCYmFEVWdoS09tdUx4RGN4RE45eWIxYzVCcHlVcm9aNlkwN3BZVEZCRDVCeFlQbXpGSmNYWWpCVWRHOUtNTGt2T1BtVjFhKzBpYUlHT3g1SmNDZS9uMllzZ1VYY0YrRUx6QkE1R1hvMnN5UG1kNEI3dnFNNllCYkRyYkw3QkpLYzlHM1M4cHkwTXJzK2FLVU1qdjNkMmRKYi9raWdZWmRxd0JreTcwdWhNVDRTMWpMQ2JDRXRxaWdOOHdMOXkxRjBTY1FSbGF6czdvUjl1cE1hQWlzTUYxdkFYbkZLNm9mZGdpa1NJOXhTdVk4Vy9aOUFyZjlGUlYwZUJPUm80SFpxVGlnZVliWjNIOG15R0QzekIvam0veFEreG1JVUV3d2FUSkVWUG9vUmZHODlsSFdkUzBYOW1QclZ0NmhWZEl0UDM2bWQyWnV4OHBoVTNJOFpzV0hvcUlPMzZTTHAwaU5xMG16TkdVTjR2eENTbHRZSjRleFRhMDBTMTVtOHhaWTUzUHlEMlRleEZVV2lWNWJqN0RhTWI3NE1nRTNTVms5cWlsTSszelRSd3hrRVRmSGVSOHZVZXY4VEJFYWZlNHIyUlZUeTRYZ3lkWDJ5cHBIVmRUdjNVd0llRXdKSFV3dVo0T2Y5SmhUNGgrZ095WGo2VWhySjlrR3JoWmlmYXBVMklQcGUwQTRmZlNtbnIxR1lvZGdrUTVzaFBoUWVNNThXUlZlZVR1ZytLbWl2RnZNMUdqMTRkVklONzUvVnZlVDNlcFFENzBWVlMreXlETDlPT3ZETXlNQW9vclhjbWtyRE52TXdEcDJjTzlaaU9qK2ZDU0MwMmNmVWI5dmRwRlE0QldveUwwanhpdjhPaUhUaHpkY05ITVY3cmEzRnp0bk5GNmY1YThFUmoxRkE4bkU1R09OdTVFS1Uzc3RaOFRCemp3Z0hrSnVpdCttWC9LdkdNR1d2QXdTTGpHR3g3SVYwa2QvNG5SVXRta0E1ZmZ1YmFGdlRpYVAwY01saHZFbll5RkpPY0V0VU1DdTFENDNtYi9wWnRGZE5NYzk1SGZUS2NMdkdCWHp5ZGtEN3NjYUF0ZUNJTjZaUnNxQVhPcXBRMVMxTkxUVU5MSld6Q05pY3pXNDh0U2tGSGE1c3huSEM3M3pCdXMvTGg1eVN1MGpmUnRVa1Jac2Q1RjJKdXE5dkZIaUFicE9SUC9oYjdBT2tESHdMNW9FQkJ2a2xFWXZSclBCdXVWNGZ1OVJUaHkzbTJrTnBPU1BiVytxY21IV281OXY4SG80QmhVaWd4UkphcHhxLzBOY0lTRWJ0a2pMSG9kSzhqZ1F1QlFoTGFBa2pPTm5pWmNkRGxqVVozRHM4cGZwSno4U1daYWthSHg3RUZvZloxYVZmZHVhMGlzc2M2WFQxeitJYXJHNzhnZmZNVkRVQ1NTWjNDV3BEa09lQ25VK0NSUWc3b0pmSHRzRlhGbTNtNmY2S1dTZy9Fc1BFSVd4Mm43clBJeUt2Y0RBWFFNZHd2b0l4Z2x6L3pqcnk5SE1XRnluTkpjazEvTXlIRWs1TnRPY1dMT01yNVQxK3A1MTYvajlvYVRDYjMvNHBIaHNRb2tSM1dpSDdMVkNNR3RkQzF3Z3VabktZQ0xLb0NpOXFpVzZyWnhJMXhrOGZuNUZ4ZTVZS0phbjFxbjQ5STdpTlpCODZnT3BiVFdXT0R2NEJGZGNzTlovQUdPbWFyT0hwVTRWUHN6ZlIvMiszdjd6S2c5NTdwR0twc01EQ2ZNR1Y1N1FFamVlQm5xQUk4Slpjdy9hZXRsdkZDcFVTQXlTQTBUem9QV1RYQUhKajFlTjYrK3E5L1BkRjI1WTA5Nm5XTzkvWC9EY1U1WnM0eGF2M3JFVmZyRTJaVUtSbDVucmpoUnoyeURaait6NGFQWUFnQWcvM3o1MllRNVhEYzRwdyt4bWxoOUZTdUdKMUlJbkgvaENOalU4QTRYVGlPYTB0YWhxbGNzblBRN0IvVTBqMnlvdDZBVmhlNlc0WDNSaGQ1SHRFWFg0WlhOTGhNenVTRDRvSVdhWEczUDFDSjh2ODBhY3h4Z1JGMitNVWt2MUVJbWhHTGlnVUJaL1E5eFJCNVZ3Q0dRV1hsMGJJcVlDZTRibXI3dWJlQkJNSFJnajZMcVFPTUhPanpDbm9QVVFSZ2FpZGswNElkRnY3YXZNQzdNMitSVEs2MDV3Mk96aWtyV2trY0YvODMvU3ltQjNhd1l0a3JRN3BKZ3dmbzVxL1VZbmNUWEhJWnhpVE9kMWdiNk5CMWQyVi85bFp2VEZhaDBEUUVjejRzLzZhUWw5cmJUS29FR2orOCt1RHlKME0wQllNYUVubElya2ltVWRBeEEwN0RvRDVmSTJNdWVuM3NLQkp3Y3hkMXBMYUJNWGdTRUZZeG85bGNnQUM1K0lrbFlvY0ZkTHBlbnJTSncwcDhIZmkrMy9MWTNtY2lBTkppQ1J6Q0ppaDlyK2tBTVgzSndvaGJPYkRBWVk3UEtoZnJ5QXdTbXRiY0JwMk1abTZnRHBTREJBYXQ0ZC93ZXR0T0F3VHVFZmpTZHFQOVVIKzJwSmpVN0Fid1d1dVlZVThOcWQvRHcwZ2d6YUJGcm5sT0gwOVZJVXdmUDEwbHZLY2FIaDRtWGpBM3V5aFZQenB5S2Q2dEZYQVZjc09sOENqSzNjSHczNXhBTWZiL3ZXOFFmdW1ublRrblNzVWhXa0ZPZU9iNlRVQjV1RStNZS9YMUNTVFRnOFYxY2RPV1VFOWxCWlpXcFVheGRaZHJpZTNoeTB6U1d3VjNOSzJwTEFBT1ZzR2g0RnhzSkFvV0srQUFCNmJseTVIYk5XYVRBWlk4RlpvaVNkcnExWXRMM3lSTUxhQ0huY2dHM080djN1UW9FNU1Ud1J0L1N0KytUK2R6a3NWK3dreDRRd2R4dEVBa2wwS0VmNVJiMnhzcTQyaEZrb05GNHAwb01sNlZIY0d1OGp0OE9US2xaVnJZN1BHRWlwcHF1TjhEdm1jdDVrQ3ZHS2g2dEFZaGNrYU1sS1NXZWhQRkV3blVCSFhHOHFQY0NMM1Jva0d2M2VYNmRtMDNyV0VidXRzeHI0ZzBTdUsyTzkwVEMxd2tsM0liWm1raWk5dThYWks0Kzh1Vkp2azR6ZTF1OW81c1VHdndNa3RLYVFST1RWcHpEaTdoem9xNWVvMCtRdUFoNUFVd2ZidmZuVVFqUUgvWU9FZGJzSHRoUE5WMVhLNXl4VVJRN1RuU3BWUDlxRkVJQlBmZmpFM3lqL3UvNEJIcHZVUVVqdVVRak5wZTV4YWI5NHI0TnFBai83MytWQjNGWmFjRVNHTitNNXg3VmxxblFBU2x6eGJFS2RDL21rL3l1TW1VaGo0SW5ObTBGYm83ZmxHTnl6akt0RUNNek9sdFl2cVFNNlExaUtjSEtCWGdnR0RVMTg0MjdrZEUzZ0M0clhlMEVTaVJKRmM3Uk05V1FEU3ZBeDlZZ0lnSGpUV05WWC9YVFluYWFrdHg2MC9EUWFFWTZONXBPWm9ab1FMbzFhL0t6NTgwL1Q5cnNGb0xsWkdaVkxBdm1yVHJpT0h1RjV5dHAwQmlBa2NHcXNRTFRFaSt4R1BsMUE4clVybVQyZHV4WEdha2IrQUo1a1VpOHg4bmYzdEorWVdjaGJtV1U2OFZReWZJS1NuWmloUzB0OG1sSkUvQThpKzk1SXgrMWxOd2RvRS9QdVZYaTM4WXFNWEF2dUZIOWVEVUR1djJFVE9VVUlmb2xvYlRYVUU1RDliRHBFTjdVZ0RqYTVPbnZqdVdHVVJBaHRkdjhnUXhvRThiM3U1cE96S3VqNVlMdFhnc0Y0WWk4UWhvZTlFandyUWM0dGRKQm50OVVxL1dEMVZ6Ky8xbHI0SWpFYnRlQzlHeUE1Ukp6eHVqQjlpWWRWZGptQ0J2b3Z0Nmk5NHdwengreXA1UjVYSmN5QWUyWEhzWml6SHBPSE5KcmhBbDlMSER5c0VLSU1JRm5ZeWttRlBFWUZVZDNDYWFBc0hoTGpBMEsrdEo0UklGUkpQUG5nSWo0cS9TVm1HdzVJa2JoMHIwTlc0RlNZVTIvb3JDTlhwS3hkR01VQ3J2R3BBMkEyTDNLbDQwdEYyUXliTll1cm5iNkJiWnRMZlBsUFl2bHFxTk5qdE5NdHVGdEhDM2tzOGk2V2lmLzRpaUsrMWM1bzh6VFJ3RXcyQ0ZYMzZHVWd2aS9nVXpMMCsxbjA0VHNyQVl0ZlZPcmN1eSIgQ29ycmVsYXRpb25CaW5kaW5nPSIiIFVybEVuY29kZT0iVHJ1ZSIgLz4NCiAgICAgICAgPEZvcm1Qb3N0UGFyYW1ldGVyIE5hbWU9IlNjcmVlbldpZHRoIiBWYWx1ZT0ie3skSElEREVOMS5TY3JlZW5XaWR0aH19IiBSZWNvcmRlZFZhbHVlPSIiIENvcnJlbGF0aW9uQmluZGluZz0iIiBVcmxFbmNvZGU9IlRydWUiIC8+DQogICAgICAgIDxGb3JtUG9zdFBhcmFtZXRlciBOYW1lPSJTY3JlZW5IZWlnaHQiIFZhbHVlPSJ7eyRISURERU4xLlNjcmVlbkhlaWdodH19IiBSZWNvcmRlZFZhbHVlPSIiIENvcnJlbGF0aW9uQmluZGluZz0iIiBVcmxFbmNvZGU9IlRydWUiIC8+DQogICAgICAgIDxGb3JtUG9zdFBhcmFtZXRlciBOYW1lPSJidG5VcGRhdGUiIFZhbHVlPSLkv67mlLkiIFJlY29yZGVkVmFsdWU9IuS/ruaUuSIgQ29ycmVsYXRpb25CaW5kaW5nPSJ7e0Zvcm1Qb3N0UGFyYW0zMi5idG5VcGRhdGV9fSIgVXJsRW5jb2RlPSJUcnVlIiAvPg0KICAgICAgICA8Rm9ybVBvc3RQYXJhbWV0ZXIgTmFtZT0iZGRsT3JnQW5kRmxvdyIgVmFsdWU9IiIgUmVjb3JkZWRWYWx1ZT0iIiBDb3JyZWxhdGlvbkJpbmRpbmc9IiIgVXJsRW5jb2RlPSJUcnVlIiAvPg0KICAgICAgICA8Rm9ybVBvc3RQYXJhbWV0ZXIgTmFtZT0iZGRsUXVlcnlDb25kaXRpb25zIiBWYWx1ZT0iMCIgUmVjb3JkZWRWYWx1ZT0iMCIgQ29ycmVsYXRpb25CaW5kaW5nPSJ7e0Zvcm1Qb3N0UGFyYW0zNC5kZGxRdWVyeUNvbmRpdGlvbnN9fSIgVXJsRW5jb2RlPSJUcnVlIiAvPg0KICAgICAgICA8Rm9ybVBvc3RQYXJhbWV0ZXIgTmFtZT0idHh0T1RFbXBJRCIgVmFsdWU9IjEwMjA5OSIgUmVjb3JkZWRWYWx1ZT0iMTAyMDk5IiBDb3JyZWxhdGlvbkJpbmRpbmc9Int7Rm9ybVBvc3RQYXJhbTMzLnR4dE9URW1wSUR9fSIgVXJsRW5jb2RlPSJUcnVlIiAvPg0KICAgICAgICA8Rm9ybVBvc3RQYXJhbWV0ZXIgTmFtZT0idHh0T1RFbXBOYW1lIiBWYWx1ZT0iIiBSZWNvcmRlZFZhbHVlPSIiIENvcnJlbGF0aW9uQmluZGluZz0iIiBVcmxFbmNvZGU9IlRydWUiIC8+DQogICAgICAgIDxGb3JtUG9zdFBhcmFtZXRlciBOYW1lPSJ0eHRPVEZvcm1OTyIgVmFsdWU9IiIgUmVjb3JkZWRWYWx1ZT0iIiBDb3JyZWxhdGlvbkJpbmRpbmc9IiIgVXJsRW5jb2RlPSJUcnVlIiAvPg0KICAgICAgICA8Rm9ybVBvc3RQYXJhbWV0ZXIgTmFtZT0iZGRsT1RTdGF0dXMiIFZhbHVlPSIxIiBSZWNvcmRlZFZhbHVlPSIxIiBDb3JyZWxhdGlvbkJpbmRpbmc9Int7Rm9ybVBvc3RQYXJhbTM1LmRkbE9UU3RhdHVzfX0iIFVybEVuY29kZT0iVHJ1ZSIgLz4NCiAgICAgICAgPEZvcm1Qb3N0UGFyYW1ldGVyIE5hbWU9InR4dE9URGF0ZUJlZ2luJHR4dERhdGUiIFZhbHVlPSIiIFJlY29yZGVkVmFsdWU9IiIgQ29ycmVsYXRpb25CaW5kaW5nPSIiIFVybEVuY29kZT0iVHJ1ZSIgLz4NCiAgICAgICAgPEZvcm1Qb3N0UGFyYW1ldGVyIE5hbWU9InR4dE9URGF0ZUVuZCR0eHREYXRlIiBWYWx1ZT0iIiBSZWNvcmRlZFZhbHVlPSIiIENvcnJlbGF0aW9uQmluZGluZz0iIiBVcmxFbmNvZGU9IlRydWUiIC8+DQogICAgICAgIDxGb3JtUG9zdFBhcmFtZXRlciBOYW1lPSJndk1haW4kY3RsMDIkY2hrQ2hvb3NlIiBWYWx1ZT0ib24iIFJlY29yZGVkVmFsdWU9Im9uIiBDb3JyZWxhdGlvbkJpbmRpbmc9IiIgVXJsRW5jb2RlPSJUcnVlIiAvPg0KICAgICAgICA8Rm9ybVBvc3RQYXJhbWV0ZXIgTmFtZT0idWNNb2RhbFBvcHVwMSRDbGllbnRXaWR0aCIgVmFsdWU9Int7JEhJRERFTjEudWNNb2RhbFBvcHVwMSRDbGllbnRXaWR0aH19IiBSZWNvcmRlZFZhbHVlPSIwIiBDb3JyZWxhdGlvbkJpbmRpbmc9IiIgVXJsRW5jb2RlPSJUcnVlIiAvPg0KICAgICAgICA8Rm9ybVBvc3RQYXJhbWV0ZXIgTmFtZT0idWNNb2RhbFBvcHVwMSRDbGllbnRIZWlnaHQiIFZhbHVlPSJ7eyRISURERU4xLnVjTW9kYWxQb3B1cDEkQ2xpZW50SGVpZ2h0fX0iIFJlY29yZGVkVmFsdWU9IjAiIENvcnJlbGF0aW9uQmluZGluZz0iIiBVcmxFbmNvZGU9IlRydWUiIC8+DQogICAgICA8L0Zvcm1Qb3N0SHR0cEJvZHk+DQogICAgPC9SZXF1ZXN0Pg0KICAgIDxSZXF1ZXN0IE1ldGhvZD0iUE9TVCIgR3VpZD0iMTVlZGQ3ZTctMzFmYi00NGMyLTlhMWUtMmFmMDM2MTQ5Y2QxIiBWZXJzaW9uPSIxLjEiIFVybD0iaHR0cDovLzEwLjExLjM2LjExNDo4MDA3L092ZXJUaW1lL092ZXJ0aW1lUHJlT3JkZXJfTW9kaWZ5LmFzcHgiIFRoaW5rVGltZT0iMiIgVGltZW91dD0iMzAwIiBQYXJzZURlcGVuZGVudFJlcXVlc3RzPSJUcnVlIiBGb2xsb3dSZWRpcmVjdHM9IlRydWUiIFJlY29yZFJlc3VsdD0iVHJ1ZSIgQ2FjaGU9IkZhbHNlIiBSZXNwb25zZVRpbWVHb2FsPSIwIiBFbmNvZGluZz0idXRmLTgiIEV4cGVjdGVkSHR0cFN0YXR1c0NvZGU9IjAiIEV4cGVjdGVkUmVzcG9uc2VVcmw9IiIgUmVwb3J0aW5nTmFtZT0iIiBJZ25vcmVIdHRwU3RhdHVzQ29kZT0iRmFsc2UiPg0KICAgICAgPEV4dHJhY3Rpb25SdWxlcz4NCiAgICAgICAgPEV4dHJhY3Rpb25SdWxlIENsYXNzbmFtZT0iTWljcm9zb2Z0LlZpc3VhbFN0dWRpby5UZXN0VG9vbHMuV2ViVGVzdGluZy5SdWxlcy5FeHRyYWN0SGlkZGVuRmllbGRzLCBNaWNyb3NvZnQuVmlzdWFsU3R1ZGlvLlF1YWxpdHlUb29scy5XZWJUZXN0RnJhbWV3b3JrLCBWZXJzaW9uPTEwLjAuMC4wLCBDdWx0dXJlPW5ldXRyYWwsIFB1YmxpY0tleVRva2VuPWIwM2Y1ZjdmMTFkNTBhM2EiIFZhcmlhYmxlTmFtZT0iMSIgRGlzcGxheU5hbWU9IuaTt+WPlumaseiXj+ashOS9jSIgRGVzY3JpcHRpb249IuaTt+WPluWbnuaHieS4reeahOaJgOaciemaseiXj+ashOS9je+8jOS4puWwh+Wug+WAkeaUvuWcqOa4rOippuWFp+WuueS4reOAgiI+DQogICAgICAgICAgPFJ1bGVQYXJhbWV0ZXJzPg0KICAgICAgICAgICAgPFJ1bGVQYXJhbWV0ZXIgTmFtZT0iUmVxdWlyZWQiIFZhbHVlPSJUcnVlIiAvPg0KICAgICAgICAgICAgPFJ1bGVQYXJhbWV0ZXIgTmFtZT0iSHRtbERlY29kZSIgVmFsdWU9IlRydWUiIC8+DQogICAgICAgICAgPC9SdWxlUGFyYW1ldGVycz4NCiAgICAgICAgPC9FeHRyYWN0aW9uUnVsZT4NCiAgICAgICAgPEV4dHJhY3Rpb25SdWxlIENsYXNzbmFtZT0iTWljcm9zb2Z0LlZpc3VhbFN0dWRpby5UZXN0VG9vbHMuV2ViVGVzdGluZy5SdWxlcy5FeHRyYWN0VGV4dCwgTWljcm9zb2Z0LlZpc3VhbFN0dWRpby5RdWFsaXR5VG9vbHMuV2ViVGVzdEZyYW1ld29yaywgVmVyc2lvbj0xMC4wLjAuMCwgQ3VsdHVyZT1uZXV0cmFsLCBQdWJsaWNLZXlUb2tlbj1iMDNmNWY3ZjExZDUwYTNhIiBWYXJpYWJsZU5hbWU9IlF1ZXJ5U3RyaW5nUGFyYW0xNS5PVFR4bklEIiBEaXNwbGF5TmFtZT0i5pO35Y+W5paH5a2XIiBEZXNjcmlwdGlvbj0i5b6e5Zue5oeJ5Lit5pO35Y+W5paH5a2X77yM5Lim5bCH5a6D5pS+5YWl5ris6Kmm5YWn5a655Lit44CCIj4NCiAgICAgICAgICA8UnVsZVBhcmFtZXRlcnM+DQogICAgICAgICAgICA8UnVsZVBhcmFtZXRlciBOYW1lPSJTdGFydHNXaXRoIiBWYWx1ZT0iJmFtcDthbXA7T1RUeG5JRD0iIC8+DQogICAgICAgICAgICA8UnVsZVBhcmFtZXRlciBOYW1lPSJFbmRzV2l0aCIgVmFsdWU9IiZhbXA7IiAvPg0KICAgICAgICAgICAgPFJ1bGVQYXJhbWV0ZXIgTmFtZT0iSW5kZXgiIFZhbHVlPSIwIiAvPg0KICAgICAgICAgICAgPFJ1bGVQYXJhbWV0ZXIgTmFtZT0iSWdub3JlQ2FzZSIgVmFsdWU9IkZhbHNlIiAvPg0KICAgICAgICAgICAgPFJ1bGVQYXJhbWV0ZXIgTmFtZT0iVXNlUmVndWxhckV4cHJlc3Npb24iIFZhbHVlPSJGYWxzZSIgLz4NCiAgICAgICAgICAgIDxSdWxlUGFyYW1ldGVyIE5hbWU9Ikh0bWxEZWNvZGUiIFZhbHVlPSJUcnVlIiAvPg0KICAgICAgICAgICAgPFJ1bGVQYXJhbWV0ZXIgTmFtZT0iUmVxdWlyZWQiIFZhbHVlPSJGYWxzZSIgLz4NCiAgICAgICAgICA8L1J1bGVQYXJhbWV0ZXJzPg0KICAgICAgICA8L0V4dHJhY3Rpb25SdWxlPg0KICAgICAgPC9FeHRyYWN0aW9uUnVsZXM+DQogICAgICA8Q29ycmVsYXRpb25FeHRyYWN0aW9uUnVsZXM+DQogICAgICAgIDxFeHRyYWN0aW9uUnVsZSBDbGFzc25hbWU9Ik1pY3Jvc29mdC5WaXN1YWxTdHVkaW8uVGVzdFRvb2xzLldlYlRlc3RpbmcuUnVsZXMuRXh0cmFjdFRleHQsIE1pY3Jvc29mdC5WaXN1YWxTdHVkaW8uUXVhbGl0eVRvb2xzLldlYlRlc3RGcmFtZXdvcmssIFZlcnNpb249MTAuMC4wLjAsIEN1bHR1cmU9bmV1dHJhbCwgUHVibGljS2V5VG9rZW49YjAzZjVmN2YxMWQ1MGEzYSIgVmFyaWFibGVOYW1lPSJRdWVyeVN0cmluZ1BhcmFtOS5PVENvbXBJRCIgRGlzcGxheU5hbWU9IiIgRGVzY3JpcHRpb249IiI+DQogICAgICAgICAgPFJ1bGVQYXJhbWV0ZXJzPg0KICAgICAgICAgICAgPFJ1bGVQYXJhbWV0ZXIgTmFtZT0iU3RhcnRzV2l0aCIgVmFsdWU9Ij9PVENvbXBJRD0iIC8+DQogICAgICAgICAgICA8UnVsZVBhcmFtZXRlciBOYW1lPSJFbmRzV2l0aCIgVmFsdWU9IiZhbXA7IiAvPg0KICAgICAgICAgICAgPFJ1bGVQYXJhbWV0ZXIgTmFtZT0iSW5kZXgiIFZhbHVlPSIwIiAvPg0KICAgICAgICAgICAgPFJ1bGVQYXJhbWV0ZXIgTmFtZT0iSWdub3JlQ2FzZSIgVmFsdWU9IkZhbHNlIiAvPg0KICAgICAgICAgICAgPFJ1bGVQYXJhbWV0ZXIgTmFtZT0iVXNlUmVndWxhckV4cHJlc3Npb24iIFZhbHVlPSJGYWxzZSIgLz4NCiAgICAgICAgICAgIDxSdWxlUGFyYW1ldGVyIE5hbWU9Ikh0bWxEZWNvZGUiIFZhbHVlPSJUcnVlIiAvPg0KICAgICAgICAgICAgPFJ1bGVQYXJhbWV0ZXIgTmFtZT0iUmVxdWlyZWQiIFZhbHVlPSJGYWxzZSIgLz4NCiAgICAgICAgICA8L1J1bGVQYXJhbWV0ZXJzPg0KICAgICAgICA8L0V4dHJhY3Rpb25SdWxlPg0KICAgICAgICA8RXh0cmFjdGlvblJ1bGUgQ2xhc3NuYW1lPSJNaWNyb3NvZnQuVmlzdWFsU3R1ZGlvLlRlc3RUb29scy5XZWJUZXN0aW5nLlJ1bGVzLkV4dHJhY3RUZXh0LCBNaWNyb3NvZnQuVmlzdWFsU3R1ZGlvLlF1YWxpdHlUb29scy5XZWJUZXN0RnJhbWV3b3JrLCBWZXJzaW9uPTEwLjAuMC4wLCBDdWx0dXJlPW5ldXRyYWwsIFB1YmxpY0tleVRva2VuPWIwM2Y1ZjdmMTFkNTBhM2EiIFZhcmlhYmxlTmFtZT0iUXVlcnlTdHJpbmdQYXJhbTEwLk9URW1wSUQiIERpc3BsYXlOYW1lPSIiIERlc2NyaXB0aW9uPSIiPg0KICAgICAgICAgIDxSdWxlUGFyYW1ldGVycz4NCiAgICAgICAgICAgIDxSdWxlUGFyYW1ldGVyIE5hbWU9IlN0YXJ0c1dpdGgiIFZhbHVlPSImYW1wO2FtcDtPVEVtcElEPSIgLz4NCiAgICAgICAgICAgIDxSdWxlUGFyYW1ldGVyIE5hbWU9IkVuZHNXaXRoIiBWYWx1ZT0iJmFtcDsiIC8+DQogICAgICAgICAgICA8UnVsZVBhcmFtZXRlciBOYW1lPSJJbmRleCIgVmFsdWU9IjAiIC8+DQogICAgICAgICAgICA8UnVsZVBhcmFtZXRlciBOYW1lPSJJZ25vcmVDYXNlIiBWYWx1ZT0iRmFsc2UiIC8+DQogICAgICAgICAgICA8UnVsZVBhcmFtZXRlciBOYW1lPSJVc2VSZWd1bGFyRXhwcmVzc2lvbiIgVmFsdWU9IkZhbHNlIiAvPg0KICAgICAgICAgICAgPFJ1bGVQYXJhbWV0ZXIgTmFtZT0iSHRtbERlY29kZSIgVmFsdWU9IlRydWUiIC8+DQogICAgICAgICAgICA8UnVsZVBhcmFtZXRlciBOYW1lPSJSZXF1aXJlZCIgVmFsdWU9IkZhbHNlIiAvPg0KICAgICAgICAgIDwvUnVsZVBhcmFtZXRlcnM+DQogICAgICAgIDwvRXh0cmFjdGlvblJ1bGU+DQogICAgICAgIDxFeHRyYWN0aW9uUnVsZSBDbGFzc25hbWU9Ik1pY3Jvc29mdC5WaXN1YWxTdHVkaW8uVGVzdFRvb2xzLldlYlRlc3RpbmcuUnVsZXMuRXh0cmFjdFRleHQsIE1pY3Jvc29mdC5WaXN1YWxTdHVkaW8uUXVhbGl0eVRvb2xzLldlYlRlc3RGcmFtZXdvcmssIFZlcnNpb249MTAuMC4wLjAsIEN1bHR1cmU9bmV1dHJhbCwgUHVibGljS2V5VG9rZW49YjAzZjVmN2YxMWQ1MGEzYSIgVmFyaWFibGVOYW1lPSJRdWVyeVN0cmluZ1BhcmFtMTEuT1RTdGFydERhdGUiIERpc3BsYXlOYW1lPSIiIERlc2NyaXB0aW9uPSIiPg0KICAgICAgICAgIDxSdWxlUGFyYW1ldGVycz4NCiAgICAgICAgICAgIDxSdWxlUGFyYW1ldGVyIE5hbWU9IlN0YXJ0c1dpdGgiIFZhbHVlPSImYW1wO2FtcDtPVFN0YXJ0RGF0ZT0iIC8+DQogICAgICAgICAgICA8UnVsZVBhcmFtZXRlciBOYW1lPSJFbmRzV2l0aCIgVmFsdWU9IiZhbXA7IiAvPg0KICAgICAgICAgICAgPFJ1bGVQYXJhbWV0ZXIgTmFtZT0iSW5kZXgiIFZhbHVlPSIwIiAvPg0KICAgICAgICAgICAgPFJ1bGVQYXJhbWV0ZXIgTmFtZT0iSWdub3JlQ2FzZSIgVmFsdWU9IkZhbHNlIiAvPg0KICAgICAgICAgICAgPFJ1bGVQYXJhbWV0ZXIgTmFtZT0iVXNlUmVndWxhckV4cHJlc3Npb24iIFZhbHVlPSJGYWxzZSIgLz4NCiAgICAgICAgICAgIDxSdWxlUGFyYW1ldGVyIE5hbWU9Ikh0bWxEZWNvZGUiIFZhbHVlPSJUcnVlIiAvPg0KICAgICAgICAgICAgPFJ1bGVQYXJhbWV0ZXIgTmFtZT0iUmVxdWlyZWQiIFZhbHVlPSJGYWxzZSIgLz4NCiAgICAgICAgICA8L1J1bGVQYXJhbWV0ZXJzPg0KICAgICAgICA8L0V4dHJhY3Rpb25SdWxlPg0KICAgICAgICA8RXh0cmFjdGlvblJ1bGUgQ2xhc3NuYW1lPSJNaWNyb3NvZnQuVmlzdWFsU3R1ZGlvLlRlc3RUb29scy5XZWJUZXN0aW5nLlJ1bGVzLkV4dHJhY3RUZXh0LCBNaWNyb3NvZnQuVmlzdWFsU3R1ZGlvLlF1YWxpdHlUb29scy5XZWJUZXN0RnJhbWV3b3JrLCBWZXJzaW9uPTEwLjAuMC4wLCBDdWx0dXJlPW5ldXRyYWwsIFB1YmxpY0tleVRva2VuPWIwM2Y1ZjdmMTFkNTBhM2EiIFZhcmlhYmxlTmFtZT0iUXVlcnlTdHJpbmdQYXJhbTEyLk9URW5kRGF0ZSIgRGlzcGxheU5hbWU9IiIgRGVzY3JpcHRpb249IiI+DQogICAgICAgICAgPFJ1bGVQYXJhbWV0ZXJzPg0KICAgICAgICAgICAgPFJ1bGVQYXJhbWV0ZXIgTmFtZT0iU3RhcnRzV2l0aCIgVmFsdWU9IiZhbXA7YW1wO09URW5kRGF0ZT0iIC8+DQogICAgICAgICAgICA8UnVsZVBhcmFtZXRlciBOYW1lPSJFbmRzV2l0aCIgVmFsdWU9IiZhbXA7IiAvPg0KICAgICAgICAgICAgPFJ1bGVQYXJhbWV0ZXIgTmFtZT0iSW5kZXgiIFZhbHVlPSIwIiAvPg0KICAgICAgICAgICAgPFJ1bGVQYXJhbWV0ZXIgTmFtZT0iSWdub3JlQ2FzZSIgVmFsdWU9IkZhbHNlIiAvPg0KICAgICAgICAgICAgPFJ1bGVQYXJhbWV0ZXIgTmFtZT0iVXNlUmVndWxhckV4cHJlc3Npb24iIFZhbHVlPSJGYWxzZSIgLz4NCiAgICAgICAgICAgIDxSdWxlUGFyYW1ldGVyIE5hbWU9Ikh0bWxEZWNvZGUiIFZhbHVlPSJUcnVlIiAvPg0KICAgICAgICAgICAgPFJ1bGVQYXJhbWV0ZXIgTmFtZT0iUmVxdWlyZWQiIFZhbHVlPSJGYWxzZSIgLz4NCiAgICAgICAgICA8L1J1bGVQYXJhbWV0ZXJzPg0KICAgICAgICA8L0V4dHJhY3Rpb25SdWxlPg0KICAgICAgICA8RXh0cmFjdGlvblJ1bGUgQ2xhc3NuYW1lPSJNaWNyb3NvZnQuVmlzdWFsU3R1ZGlvLlRlc3RUb29scy5XZWJUZXN0aW5nLlJ1bGVzLkV4dHJhY3RUZXh0LCBNaWNyb3NvZnQuVmlzdWFsU3R1ZGlvLlF1YWxpdHlUb29scy5XZWJUZXN0RnJhbWV3b3JrLCBWZXJzaW9uPTEwLjAuMC4wLCBDdWx0dXJlPW5ldXRyYWwsIFB1YmxpY0tleVRva2VuPWIwM2Y1ZjdmMTFkNTBhM2EiIFZhcmlhYmxlTmFtZT0iUXVlcnlTdHJpbmdQYXJhbTEzLk9UU3RhcnRUaW1lIiBEaXNwbGF5TmFtZT0iIiBEZXNjcmlwdGlvbj0iIj4NCiAgICAgICAgICA8UnVsZVBhcmFtZXRlcnM+DQogICAgICAgICAgICA8UnVsZVBhcmFtZXRlciBOYW1lPSJTdGFydHNXaXRoIiBWYWx1ZT0iJmFtcDthbXA7T1RTdGFydFRpbWU9IiAvPg0KICAgICAgICAgICAgPFJ1bGVQYXJhbWV0ZXIgTmFtZT0iRW5kc1dpdGgiIFZhbHVlPSImYW1wOyIgLz4NCiAgICAgICAgICAgIDxSdWxlUGFyYW1ldGVyIE5hbWU9IkluZGV4IiBWYWx1ZT0iMCIgLz4NCiAgICAgICAgICAgIDxSdWxlUGFyYW1ldGVyIE5hbWU9Iklnbm9yZUNhc2UiIFZhbHVlPSJGYWxzZSIgLz4NCiAgICAgICAgICAgIDxSdWxlUGFyYW1ldGVyIE5hbWU9IlVzZVJlZ3VsYXJFeHByZXNzaW9uIiBWYWx1ZT0iRmFsc2UiIC8+DQogICAgICAgICAgICA8UnVsZVBhcmFtZXRlciBOYW1lPSJIdG1sRGVjb2RlIiBWYWx1ZT0iVHJ1ZSIgLz4NCiAgICAgICAgICAgIDxSdWxlUGFyYW1ldGVyIE5hbWU9IlJlcXVpcmVkIiBWYWx1ZT0iRmFsc2UiIC8+DQogICAgICAgICAgPC9SdWxlUGFyYW1ldGVycz4NCiAgICAgICAgPC9FeHRyYWN0aW9uUnVsZT4NCiAgICAgICAgPEV4dHJhY3Rpb25SdWxlIENsYXNzbmFtZT0iTWljcm9zb2Z0LlZpc3VhbFN0dWRpby5UZXN0VG9vbHMuV2ViVGVzdGluZy5SdWxlcy5FeHRyYWN0VGV4dCwgTWljcm9zb2Z0LlZpc3VhbFN0dWRpby5RdWFsaXR5VG9vbHMuV2ViVGVzdEZyYW1ld29yaywgVmVyc2lvbj0xMC4wLjAuMCwgQ3VsdHVyZT1uZXV0cmFsLCBQdWJsaWNLZXlUb2tlbj1iMDNmNWY3ZjExZDUwYTNhIiBWYXJpYWJsZU5hbWU9IlF1ZXJ5U3RyaW5nUGFyYW0xNC5PVEVuZFRpbWUiIERpc3BsYXlOYW1lPSIiIERlc2NyaXB0aW9uPSIiPg0KICAgICAgICAgIDxSdWxlUGFyYW1ldGVycz4NCiAgICAgICAgICAgIDxSdWxlUGFyYW1ldGVyIE5hbWU9IlN0YXJ0c1dpdGgiIFZhbHVlPSImYW1wO2FtcDtPVEVuZFRpbWU9IiAvPg0KICAgICAgICAgICAgPFJ1bGVQYXJhbWV0ZXIgTmFtZT0iRW5kc1dpdGgiIFZhbHVlPSImYW1wOyIgLz4NCiAgICAgICAgICAgIDxSdWxlUGFyYW1ldGVyIE5hbWU9IkluZGV4IiBWYWx1ZT0iMCIgLz4NCiAgICAgICAgICAgIDxSdWxlUGFyYW1ldGVyIE5hbWU9Iklnbm9yZUNhc2UiIFZhbHVlPSJGYWxzZSIgLz4NCiAgICAgICAgICAgIDxSdWxlUGFyYW1ldGVyIE5hbWU9IlVzZVJlZ3VsYXJFeHByZXNzaW9uIiBWYWx1ZT0iRmFsc2UiIC8+DQogICAgICAgICAgICA8UnVsZVBhcmFtZXRlciBOYW1lPSJIdG1sRGVjb2RlIiBWYWx1ZT0iVHJ1ZSIgLz4NCiAgICAgICAgICAgIDxSdWxlUGFyYW1ldGVyIE5hbWU9IlJlcXVpcmVkIiBWYWx1ZT0iRmFsc2UiIC8+DQogICAgICAgICAgPC9SdWxlUGFyYW1ldGVycz4NCiAgICAgICAgPC9FeHRyYWN0aW9uUnVsZT4NCiAgICAgICAgPEV4dHJhY3Rpb25SdWxlIENsYXNzbmFtZT0iTWljcm9zb2Z0LlZpc3VhbFN0dWRpby5UZXN0VG9vbHMuV2ViVGVzdGluZy5SdWxlcy5FeHRyYWN0VGV4dCwgTWljcm9zb2Z0LlZpc3VhbFN0dWRpby5RdWFsaXR5VG9vbHMuV2ViVGVzdEZyYW1ld29yaywgVmVyc2lvbj0xMC4wLjAuMCwgQ3VsdHVyZT1uZXV0cmFsLCBQdWJsaWNLZXlUb2tlbj1iMDNmNWY3ZjExZDUwYTNhIiBWYXJpYWJsZU5hbWU9IlF1ZXJ5U3RyaW5nUGFyYW0xNi5PVEZvcm1OTyIgRGlzcGxheU5hbWU9IiIgRGVzY3JpcHRpb249IiI+DQogICAgICAgICAgPFJ1bGVQYXJhbWV0ZXJzPg0KICAgICAgICAgICAgPFJ1bGVQYXJhbWV0ZXIgTmFtZT0iU3RhcnRzV2l0aCIgVmFsdWU9IiZhbXA7YW1wO09URm9ybU5PPSIgLz4NCiAgICAgICAgICAgIDxSdWxlUGFyYW1ldGVyIE5hbWU9IkVuZHNXaXRoIiBWYWx1ZT0iJnF1b3Q7IiAvPg0KICAgICAgICAgICAgPFJ1bGVQYXJhbWV0ZXIgTmFtZT0iSW5kZXgiIFZhbHVlPSIwIiAvPg0KICAgICAgICAgICAgPFJ1bGVQYXJhbWV0ZXIgTmFtZT0iSWdub3JlQ2FzZSIgVmFsdWU9IkZhbHNlIiAvPg0KICAgICAgICAgICAgPFJ1bGVQYXJhbWV0ZXIgTmFtZT0iVXNlUmVndWxhckV4cHJlc3Npb24iIFZhbHVlPSJGYWxzZSIgLz4NCiAgICAgICAgICAgIDxSdWxlUGFyYW1ldGVyIE5hbWU9Ikh0bWxEZWNvZGUiIFZhbHVlPSJUcnVlIiAvPg0KICAgICAgICAgICAgPFJ1bGVQYXJhbWV0ZXIgTmFtZT0iUmVxdWlyZWQiIFZhbHVlPSJGYWxzZSIgLz4NCiAgICAgICAgICA8L1J1bGVQYXJhbWV0ZXJzPg0KICAgICAgICA8L0V4dHJhY3Rpb25SdWxlPg0KICAgICAgICA8RXh0cmFjdGlvblJ1bGUgQ2xhc3NuYW1lPSJNaWNyb3NvZnQuVmlzdWFsU3R1ZGlvLlRlc3RUb29scy5XZWJUZXN0aW5nLlJ1bGVzLkV4dHJhY3RGb3JtRmllbGQsIE1pY3Jvc29mdC5WaXN1YWxTdHVkaW8uUXVhbGl0eVRvb2xzLldlYlRlc3RGcmFtZXdvcmssIFZlcnNpb249MTAuMC4wLjAsIEN1bHR1cmU9bmV1dHJhbCwgUHVibGljS2V5VG9rZW49YjAzZjVmN2YxMWQ1MGEzYSIgVmFyaWFibGVOYW1lPSJGb3JtUG9zdFBhcmFtMTQuYnRuVGVtcFNhdmVJbnZpc2libGUiIERpc3BsYXlOYW1lPSIiIERlc2NyaXB0aW9uPSIiPg0KICAgICAgICAgIDxSdWxlUGFyYW1ldGVycz4NCiAgICAgICAgICAgIDxSdWxlUGFyYW1ldGVyIE5hbWU9Ik5hbWUiIFZhbHVlPSJidG5UZW1wU2F2ZUludmlzaWJsZSIgLz4NCiAgICAgICAgICAgIDxSdWxlUGFyYW1ldGVyIE5hbWU9Ikh0bWxEZWNvZGUiIFZhbHVlPSJUcnVlIiAvPg0KICAgICAgICAgICAgPFJ1bGVQYXJhbWV0ZXIgTmFtZT0iUmVxdWlyZWQiIFZhbHVlPSJGYWxzZSIgLz4NCiAgICAgICAgICAgIDxSdWxlUGFyYW1ldGVyIE5hbWU9IkluZGV4IiBWYWx1ZT0iMCIgLz4NCiAgICAgICAgICA8L1J1bGVQYXJhbWV0ZXJzPg0KICAgICAgICA8L0V4dHJhY3Rpb25SdWxlPg0KICAgICAgICA8RXh0cmFjdGlvblJ1bGUgQ2xhc3NuYW1lPSJNaWNyb3NvZnQuVmlzdWFsU3R1ZGlvLlRlc3RUb29scy5XZWJUZXN0aW5nLlJ1bGVzLkV4dHJhY3RGb3JtRmllbGQsIE1pY3Jvc29mdC5WaXN1YWxTdHVkaW8uUXVhbGl0eVRvb2xzLldlYlRlc3RGcmFtZXdvcmssIFZlcnNpb249MTAuMC4wLjAsIEN1bHR1cmU9bmV1dHJhbCwgUHVibGljS2V5VG9rZW49YjAzZjVmN2YxMWQ1MGEzYSIgVmFyaWFibGVOYW1lPSJGb3JtUG9zdFBhcmFtMTUudWNEYXRlU3RhcnQkdHh0RGF0ZSIgRGlzcGxheU5hbWU9IiIgRGVzY3JpcHRpb249IiI+DQogICAgICAgICAgPFJ1bGVQYXJhbWV0ZXJzPg0KICAgICAgICAgICAgPFJ1bGVQYXJhbWV0ZXIgTmFtZT0iTmFtZSIgVmFsdWU9InVjRGF0ZVN0YXJ0X3R4dERhdGUiIC8+DQogICAgICAgICAgICA8UnVsZVBhcmFtZXRlciBOYW1lPSJIdG1sRGVjb2RlIiBWYWx1ZT0iVHJ1ZSIgLz4NCiAgICAgICAgICAgIDxSdWxlUGFyYW1ldGVyIE5hbWU9IlJlcXVpcmVkIiBWYWx1ZT0iRmFsc2UiIC8+DQogICAgICAgICAgICA8UnVsZVBhcmFtZXRlciBOYW1lPSJJbmRleCIgVmFsdWU9IjAiIC8+DQogICAgICAgICAgPC9SdWxlUGFyYW1ldGVycz4NCiAgICAgICAgPC9FeHRyYWN0aW9uUnVsZT4NCiAgICAgICAgPEV4dHJhY3Rpb25SdWxlIENsYXNzbmFtZT0iTWljcm9zb2Z0LlZpc3VhbFN0dWRpby5UZXN0VG9vbHMuV2ViVGVzdGluZy5SdWxlcy5FeHRyYWN0Rm9ybUZpZWxkLCBNaWNyb3NvZnQuVmlzdWFsU3R1ZGlvLlF1YWxpdHlUb29scy5XZWJUZXN0RnJhbWV3b3JrLCBWZXJzaW9uPTEwLjAuMC4wLCBDdWx0dXJlPW5ldXRyYWwsIFB1YmxpY0tleVRva2VuPWIwM2Y1ZjdmMTFkNTBhM2EiIFZhcmlhYmxlTmFtZT0iRm9ybVBvc3RQYXJhbTE2LnVjRGF0ZUVuZCR0eHREYXRlIiBEaXNwbGF5TmFtZT0iIiBEZXNjcmlwdGlvbj0iIj4NCiAgICAgICAgICA8UnVsZVBhcmFtZXRlcnM+DQogICAgICAgICAgICA8UnVsZVBhcmFtZXRlciBOYW1lPSJOYW1lIiBWYWx1ZT0idWNEYXRlRW5kX3R4dERhdGUiIC8+DQogICAgICAgICAgICA8UnVsZVBhcmFtZXRlciBOYW1lPSJIdG1sRGVjb2RlIiBWYWx1ZT0iVHJ1ZSIgLz4NCiAgICAgICAgICAgIDxSdWxlUGFyYW1ldGVyIE5hbWU9IlJlcXVpcmVkIiBWYWx1ZT0iRmFsc2UiIC8+DQogICAgICAgICAgICA8UnVsZVBhcmFtZXRlciBOYW1lPSJJbmRleCIgVmFsdWU9IjAiIC8+DQogICAgICAgICAgPC9SdWxlUGFyYW1ldGVycz4NCiAgICAgICAgPC9FeHRyYWN0aW9uUnVsZT4NCiAgICAgICAgPEV4dHJhY3Rpb25SdWxlIENsYXNzbmFtZT0iTWljcm9zb2Z0LlZpc3VhbFN0dWRpby5UZXN0VG9vbHMuV2ViVGVzdGluZy5SdWxlcy5FeHRyYWN0VGV4dCwgTWljcm9zb2Z0LlZpc3VhbFN0dWRpby5RdWFsaXR5VG9vbHMuV2ViVGVzdEZyYW1ld29yaywgVmVyc2lvbj0xMC4wLjAuMCwgQ3VsdHVyZT1uZXV0cmFsLCBQdWJsaWNLZXlUb2tlbj1iMDNmNWY3ZjExZDUwYTNhIiBWYXJpYWJsZU5hbWU9IkZvcm1Qb3N0UGFyYW0xNy5kZGxTYWxhcnlPckFkanVzdCIgRGlzcGxheU5hbWU9IiIgRGVzY3JpcHRpb249IiI+DQogICAgICAgICAgPFJ1bGVQYXJhbWV0ZXJzPg0KICAgICAgICAgICAgPFJ1bGVQYXJhbWV0ZXIgTmFtZT0iU3RhcnRzV2l0aCIgVmFsdWU9IiZxdW90OzEmcXVvdDssJnF1b3Q7IiAvPg0KICAgICAgICAgICAgPFJ1bGVQYXJhbWV0ZXIgTmFtZT0iRW5kc1dpdGgiIFZhbHVlPSImcXVvdDssJnF1b3Q7MyZxdW90OyIgLz4NCiAgICAgICAgICAgIDxSdWxlUGFyYW1ldGVyIE5hbWU9IkluZGV4IiBWYWx1ZT0iMCIgLz4NCiAgICAgICAgICAgIDxSdWxlUGFyYW1ldGVyIE5hbWU9Iklnbm9yZUNhc2UiIFZhbHVlPSJGYWxzZSIgLz4NCiAgICAgICAgICAgIDxSdWxlUGFyYW1ldGVyIE5hbWU9IlVzZVJlZ3VsYXJFeHByZXNzaW9uIiBWYWx1ZT0iRmFsc2UiIC8+DQogICAgICAgICAgICA8UnVsZVBhcmFtZXRlciBOYW1lPSJIdG1sRGVjb2RlIiBWYWx1ZT0iVHJ1ZSIgLz4NCiAgICAgICAgICAgIDxSdWxlUGFyYW1ldGVyIE5hbWU9IlJlcXVpcmVkIiBWYWx1ZT0iRmFsc2UiIC8+DQogICAgICAgICAgPC9SdWxlUGFyYW1ldGVycz4NCiAgICAgICAgPC9FeHRyYWN0aW9uUnVsZT4NCiAgICAgICAgPEV4dHJhY3Rpb25SdWxlIENsYXNzbmFtZT0iTWljcm9zb2Z0LlZpc3VhbFN0dWRpby5UZXN0VG9vbHMuV2ViVGVzdGluZy5SdWxlcy5FeHRyYWN0VGV4dCwgTWljcm9zb2Z0LlZpc3VhbFN0dWRpby5RdWFsaXR5VG9vbHMuV2ViVGVzdEZyYW1ld29yaywgVmVyc2lvbj0xMC4wLjAuMCwgQ3VsdHVyZT1uZXV0cmFsLCBQdWJsaWNLZXlUb2tlbj1iMDNmNWY3ZjExZDUwYTNhIiBWYXJpYWJsZU5hbWU9IkZvcm1Qb3N0UGFyYW0xOC5PVFRpbWVTdGFydCRkZGxISCIgRGlzcGxheU5hbWU9IiIgRGVzY3JpcHRpb249IiI+DQogICAgICAgICAgPFJ1bGVQYXJhbWV0ZXJzPg0KICAgICAgICAgICAgPFJ1bGVQYXJhbWV0ZXIgTmFtZT0iU3RhcnRzV2l0aCIgVmFsdWU9Imx1ZT0mcXVvdDsiIC8+DQogICAgICAgICAgICA8UnVsZVBhcmFtZXRlciBOYW1lPSJFbmRzV2l0aCIgVmFsdWU9IiZxdW90OyZndDsyMiZsdDsiIC8+DQogICAgICAgICAgICA8UnVsZVBhcmFtZXRlciBOYW1lPSJJbmRleCIgVmFsdWU9IjQ1IiAvPg0KICAgICAgICAgICAgPFJ1bGVQYXJhbWV0ZXIgTmFtZT0iSWdub3JlQ2FzZSIgVmFsdWU9IkZhbHNlIiAvPg0KICAgICAgICAgICAgPFJ1bGVQYXJhbWV0ZXIgTmFtZT0iVXNlUmVndWxhckV4cHJlc3Npb24iIFZhbHVlPSJGYWxzZSIgLz4NCiAgICAgICAgICAgIDxSdWxlUGFyYW1ldGVyIE5hbWU9Ikh0bWxEZWNvZGUiIFZhbHVlPSJUcnVlIiAvPg0KICAgICAgICAgICAgPFJ1bGVQYXJhbWV0ZXIgTmFtZT0iUmVxdWlyZWQiIFZhbHVlPSJGYWxzZSIgLz4NCiAgICAgICAgICA8L1J1bGVQYXJhbWV0ZXJzPg0KICAgICAgICA8L0V4dHJhY3Rpb25SdWxlPg0KICAgICAgICA8RXh0cmFjdGlvblJ1bGUgQ2xhc3NuYW1lPSJNaWNyb3NvZnQuVmlzdWFsU3R1ZGlvLlRlc3RUb29scy5XZWJUZXN0aW5nLlJ1bGVzLkV4dHJhY3RUZXh0LCBNaWNyb3NvZnQuVmlzdWFsU3R1ZGlvLlF1YWxpdHlUb29scy5XZWJUZXN0RnJhbWV3b3JrLCBWZXJzaW9uPTEwLjAuMC4wLCBDdWx0dXJlPW5ldXRyYWwsIFB1YmxpY0tleVRva2VuPWIwM2Y1ZjdmMTFkNTBhM2EiIFZhcmlhYmxlTmFtZT0iRm9ybVBvc3RQYXJhbTE5Lk9UVGltZVN0YXJ0JGRkbE1NIiBEaXNwbGF5TmFtZT0iIiBEZXNjcmlwdGlvbj0iIj4NCiAgICAgICAgICA8UnVsZVBhcmFtZXRlcnM+DQogICAgICAgICAgICA8UnVsZVBhcmFtZXRlciBOYW1lPSJTdGFydHNXaXRoIiBWYWx1ZT0ibHVlPSZxdW90OyIgLz4NCiAgICAgICAgICAgIDxSdWxlUGFyYW1ldGVyIE5hbWU9IkVuZHNXaXRoIiBWYWx1ZT0iJnF1b3Q7Jmd0OzAwJmx0OyIgLz4NCiAgICAgICAgICAgIDxSdWxlUGFyYW1ldGVyIE5hbWU9IkluZGV4IiBWYWx1ZT0iMjMiIC8+DQogICAgICAgICAgICA8UnVsZVBhcmFtZXRlciBOYW1lPSJJZ25vcmVDYXNlIiBWYWx1ZT0iRmFsc2UiIC8+DQogICAgICAgICAgICA8UnVsZVBhcmFtZXRlciBOYW1lPSJVc2VSZWd1bGFyRXhwcmVzc2lvbiIgVmFsdWU9IkZhbHNlIiAvPg0KICAgICAgICAgICAgPFJ1bGVQYXJhbWV0ZXIgTmFtZT0iSHRtbERlY29kZSIgVmFsdWU9IlRydWUiIC8+DQogICAgICAgICAgICA8UnVsZVBhcmFtZXRlciBOYW1lPSJSZXF1aXJlZCIgVmFsdWU9IkZhbHNlIiAvPg0KICAgICAgICAgIDwvUnVsZVBhcmFtZXRlcnM+DQogICAgICAgIDwvRXh0cmFjdGlvblJ1bGU+DQogICAgICAgIDxFeHRyYWN0aW9uUnVsZSBDbGFzc25hbWU9Ik1pY3Jvc29mdC5WaXN1YWxTdHVkaW8uVGVzdFRvb2xzLldlYlRlc3RpbmcuUnVsZXMuRXh0cmFjdFRleHQsIE1pY3Jvc29mdC5WaXN1YWxTdHVkaW8uUXVhbGl0eVRvb2xzLldlYlRlc3RGcmFtZXdvcmssIFZlcnNpb249MTAuMC4wLjAsIEN1bHR1cmU9bmV1dHJhbCwgUHVibGljS2V5VG9rZW49YjAzZjVmN2YxMWQ1MGEzYSIgVmFyaWFibGVOYW1lPSJGb3JtUG9zdFBhcmFtMjAuT1RUaW1lRW5kJGRkbEhIIiBEaXNwbGF5TmFtZT0iIiBEZXNjcmlwdGlvbj0iIj4NCiAgICAgICAgICA8UnVsZVBhcmFtZXRlcnM+DQogICAgICAgICAgICA8UnVsZVBhcmFtZXRlciBOYW1lPSJTdGFydHNXaXRoIiBWYWx1ZT0ibHVlPSZxdW90OyIgLz4NCiAgICAgICAgICAgIDxSdWxlUGFyYW1ldGVyIE5hbWU9IkVuZHNXaXRoIiBWYWx1ZT0iJnF1b3Q7Jmd0OzIzJmx0OyIgLz4NCiAgICAgICAgICAgIDxSdWxlUGFyYW1ldGVyIE5hbWU9IkluZGV4IiBWYWx1ZT0iNDYiIC8+DQogICAgICAgICAgICA8UnVsZVBhcmFtZXRlciBOYW1lPSJJZ25vcmVDYXNlIiBWYWx1ZT0iRmFsc2UiIC8+DQogICAgICAgICAgICA8UnVsZVBhcmFtZXRlciBOYW1lPSJVc2VSZWd1bGFyRXhwcmVzc2lvbiIgVmFsdWU9IkZhbHNlIiAvPg0KICAgICAgICAgICAgPFJ1bGVQYXJhbWV0ZXIgTmFtZT0iSHRtbERlY29kZSIgVmFsdWU9IlRydWUiIC8+DQogICAgICAgICAgICA8UnVsZVBhcmFtZXRlciBOYW1lPSJSZXF1aXJlZCIgVmFsdWU9IkZhbHNlIiAvPg0KICAgICAgICAgIDwvUnVsZVBhcmFtZXRlcnM+DQogICAgICAgIDwvRXh0cmFjdGlvblJ1bGU+DQogICAgICAgIDxFeHRyYWN0aW9uUnVsZSBDbGFzc25hbWU9Ik1pY3Jvc29mdC5WaXN1YWxTdHVkaW8uVGVzdFRvb2xzLldlYlRlc3RpbmcuUnVsZXMuRXh0cmFjdFRleHQsIE1pY3Jvc29mdC5WaXN1YWxTdHVkaW8uUXVhbGl0eVRvb2xzLldlYlRlc3RGcmFtZXdvcmssIFZlcnNpb249MTAuMC4wLjAsIEN1bHR1cmU9bmV1dHJhbCwgUHVibGljS2V5VG9rZW49YjAzZjVmN2YxMWQ1MGEzYSIgVmFyaWFibGVOYW1lPSJGb3JtUG9zdFBhcmFtMjEuT1RUaW1lRW5kJGRkbE1NIiBEaXNwbGF5TmFtZT0iIiBEZXNjcmlwdGlvbj0iIj4NCiAgICAgICAgICA8UnVsZVBhcmFtZXRlcnM+DQogICAgICAgICAgICA8UnVsZVBhcmFtZXRlciBOYW1lPSJTdGFydHNXaXRoIiBWYWx1ZT0ibHVlPSZxdW90OyIgLz4NCiAgICAgICAgICAgIDxSdWxlUGFyYW1ldGVyIE5hbWU9IkVuZHNXaXRoIiBWYWx1ZT0iJnF1b3Q7Jmd0OzAwJmx0OyIgLz4NCiAgICAgICAgICAgIDxSdWxlUGFyYW1ldGVyIE5hbWU9IkluZGV4IiBWYWx1ZT0iMjMiIC8+DQogICAgICAgICAgICA8UnVsZVBhcmFtZXRlciBOYW1lPSJJZ25vcmVDYXNlIiBWYWx1ZT0iRmFsc2UiIC8+DQogICAgICAgICAgICA8UnVsZVBhcmFtZXRlciBOYW1lPSJVc2VSZWd1bGFyRXhwcmVzc2lvbiIgVmFsdWU9IkZhbHNlIiAvPg0KICAgICAgICAgICAgPFJ1bGVQYXJhbWV0ZXIgTmFtZT0iSHRtbERlY29kZSIgVmFsdWU9IlRydWUiIC8+DQogICAgICAgICAgICA8UnVsZVBhcmFtZXRlciBOYW1lPSJSZXF1aXJlZCIgVmFsdWU9IkZhbHNlIiAvPg0KICAgICAgICAgIDwvUnVsZVBhcmFtZXRlcnM+DQogICAgICAgIDwvRXh0cmFjdGlvblJ1bGU+DQogICAgICAgIDxFeHRyYWN0aW9uUnVsZSBDbGFzc25hbWU9Ik1pY3Jvc29mdC5WaXN1YWxTdHVkaW8uVGVzdFRvb2xzLldlYlRlc3RpbmcuUnVsZXMuRXh0cmFjdFRleHQsIE1pY3Jvc29mdC5WaXN1YWxTdHVkaW8uUXVhbGl0eVRvb2xzLldlYlRlc3RGcmFtZXdvcmssIFZlcnNpb249MTAuMC4wLjAsIEN1bHR1cmU9bmV1dHJhbCwgUHVibGljS2V5VG9rZW49YjAzZjVmN2YxMWQ1MGEzYSIgVmFyaWFibGVOYW1lPSJGb3JtUG9zdFBhcmFtMjIuZGRsT1RUeXBlSUQiIERpc3BsYXlOYW1lPSIiIERlc2NyaXB0aW9uPSIiPg0KICAgICAgICAgIDxSdWxlUGFyYW1ldGVycz4NCiAgICAgICAgICAgIDxSdWxlUGFyYW1ldGVyIE5hbWU9IlN0YXJ0c1dpdGgiIFZhbHVlPSImcXVvdDswJnF1b3Q7LCZxdW90OyIgLz4NCiAgICAgICAgICAgIDxSdWxlUGFyYW1ldGVyIE5hbWU9IkVuZHNXaXRoIiBWYWx1ZT0iJnF1b3Q7LCZxdW90OzImcXVvdDsiIC8+DQogICAgICAgICAgICA8UnVsZVBhcmFtZXRlciBOYW1lPSJJbmRleCIgVmFsdWU9IjAiIC8+DQogICAgICAgICAgICA8UnVsZVBhcmFtZXRlciBOYW1lPSJJZ25vcmVDYXNlIiBWYWx1ZT0iRmFsc2UiIC8+DQogICAgICAgICAgICA8UnVsZVBhcmFtZXRlciBOYW1lPSJVc2VSZWd1bGFyRXhwcmVzc2lvbiIgVmFsdWU9IkZhbHNlIiAvPg0KICAgICAgICAgICAgPFJ1bGVQYXJhbWV0ZXIgTmFtZT0iSHRtbERlY29kZSIgVmFsdWU9IlRydWUiIC8+DQogICAgICAgICAgICA8UnVsZVBhcmFtZXRlciBOYW1lPSJSZXF1aXJlZCIgVmFsdWU9IkZhbHNlIiAvPg0KICAgICAgICAgIDwvUnVsZVBhcmFtZXRlcnM+DQogICAgICAgIDwvRXh0cmFjdGlvblJ1bGU+DQogICAgICA8L0NvcnJlbGF0aW9uRXh0cmFjdGlvblJ1bGVzPg0KICAgICAgPFF1ZXJ5U3RyaW5nUGFyYW1ldGVycz4NCiAgICAgICAgPFF1ZXJ5U3RyaW5nUGFyYW1ldGVyIE5hbWU9Ik9UQ29tcElEIiBWYWx1ZT0iU1BIQksxIiBSZWNvcmRlZFZhbHVlPSJTUEhCSzEiIENvcnJlbGF0aW9uQmluZGluZz0ie3tRdWVyeVN0cmluZ1BhcmFtMTcuT1RDb21wSUR9fSIgVXJsRW5jb2RlPSJGYWxzZSIgVXNlVG9Hcm91cFJlc3VsdHM9IkZhbHNlIiAvPg0KICAgICAgICA8UXVlcnlTdHJpbmdQYXJhbWV0ZXIgTmFtZT0iT1RFbXBJRCIgVmFsdWU9IjEwMjA5OSIgUmVjb3JkZWRWYWx1ZT0iMTAyMDk5IiBDb3JyZWxhdGlvbkJpbmRpbmc9Int7UXVlcnlTdHJpbmdQYXJhbTE4Lk9URW1wSUR9fSIgVXJsRW5jb2RlPSJGYWxzZSIgVXNlVG9Hcm91cFJlc3VsdHM9IkZhbHNlIiAvPg0KICAgICAgICA8UXVlcnlTdHJpbmdQYXJhbWV0ZXIgTmFtZT0iT1RTdGFydERhdGUiIFZhbHVlPSIyMDE3JTJmMDQlMmYxNiIgUmVjb3JkZWRWYWx1ZT0iMjAxNyUyZjA0JTJmMTYiIENvcnJlbGF0aW9uQmluZGluZz0ie3tRdWVyeVN0cmluZ1BhcmFtMTkuT1RTdGFydERhdGV9fSIgVXJsRW5jb2RlPSJGYWxzZSIgVXNlVG9Hcm91cFJlc3VsdHM9IkZhbHNlIiAvPg0KICAgICAgICA8UXVlcnlTdHJpbmdQYXJhbWV0ZXIgTmFtZT0iT1RFbmREYXRlIiBWYWx1ZT0iMjAxNyUyZjA0JTJmMTYiIFJlY29yZGVkVmFsdWU9IjIwMTclMmYwNCUyZjE2IiBDb3JyZWxhdGlvbkJpbmRpbmc9Int7UXVlcnlTdHJpbmdQYXJhbTIwLk9URW5kRGF0ZX19IiBVcmxFbmNvZGU9IkZhbHNlIiBVc2VUb0dyb3VwUmVzdWx0cz0iRmFsc2UiIC8+DQogICAgICAgIDxRdWVyeVN0cmluZ1BhcmFtZXRlciBOYW1lPSJPVFN0YXJ0VGltZSIgVmFsdWU9IjIyMDAiIFJlY29yZGVkVmFsdWU9IjIyMDAiIENvcnJlbGF0aW9uQmluZGluZz0ie3tRdWVyeVN0cmluZ1BhcmFtMjEuT1RTdGFydFRpbWV9fSIgVXJsRW5jb2RlPSJGYWxzZSIgVXNlVG9Hcm91cFJlc3VsdHM9IkZhbHNlIiAvPg0KICAgICAgICA8UXVlcnlTdHJpbmdQYXJhbWV0ZXIgTmFtZT0iT1RFbmRUaW1lIiBWYWx1ZT0iMjMwMCIgUmVjb3JkZWRWYWx1ZT0iMjMwMCIgQ29ycmVsYXRpb25CaW5kaW5nPSJ7e1F1ZXJ5U3RyaW5nUGFyYW0yMi5PVEVuZFRpbWV9fSIgVXJsRW5jb2RlPSJGYWxzZSIgVXNlVG9Hcm91cFJlc3VsdHM9IkZhbHNlIiAvPg0KICAgICAgICA8UXVlcnlTdHJpbmdQYXJhbWV0ZXIgTmFtZT0iT1RUeG5JRCIgVmFsdWU9Int7UXVlcnlTdHJpbmdQYXJhbTIzLk9UVHhuSUR9fSIgUmVjb3JkZWRWYWx1ZT0iU1BIQksxMTAyMDk5MjAxNzA0MTYwNSIgQ29ycmVsYXRpb25CaW5kaW5nPSJ7e1F1ZXJ5U3RyaW5nUGFyYW0yMy5PVFR4bklEfX0iIFVybEVuY29kZT0iRmFsc2UiIFVzZVRvR3JvdXBSZXN1bHRzPSJGYWxzZSIgLz4NCiAgICAgICAgPFF1ZXJ5U3RyaW5nUGFyYW1ldGVyIE5hbWU9Ik9URm9ybU5PIiBWYWx1ZT0iMjAxNzA0MTcwMjEwMjA5OSIgUmVjb3JkZWRWYWx1ZT0iMjAxNzA0MTcwMjEwMjA5OSIgQ29ycmVsYXRpb25CaW5kaW5nPSJ7e1F1ZXJ5U3RyaW5nUGFyYW0yNC5PVEZvcm1OT319IiBVcmxFbmNvZGU9IkZhbHNlIiBVc2VUb0dyb3VwUmVzdWx0cz0iRmFsc2UiIC8+DQogICAgICA8L1F1ZXJ5U3RyaW5nUGFyYW1ldGVycz4NCiAgICAgIDxGb3JtUG9zdEh0dHBCb2R5Pg0KICAgICAgICA8Rm9ybVBvc3RQYXJhbWV0ZXIgTmFtZT0iVG9vbGtpdFNjcmlwdE1hbmFnZXIxX0hpZGRlbkZpZWxkIiBWYWx1ZT0iOztBamF4Q29udHJvbFRvb2xraXQsIFZlcnNpb249NC4xLjcuNjA3LCBDdWx0dXJlPW5ldXRyYWwsIFB1YmxpY0tleVRva2VuPTI4ZjAxYjBlODRiNmQ1M2U6emgtSGFudDo3Yjk1ZWQxYS02YTNmLTQxZGQtYmM1Yi02M2YzOWVkYmM0YjQ6ZGUxZmVhYjI6ZmNmMGU5OTM6ZjJjOGU3MDg6NzIwYTUyYmY6ZjljZWM5YmM6NTg5ZWFhMzA6Njk4MTI5Y2Y6ZmI5YjRjNTc6Y2NiOTZjZjk6OGFkMTgxMDE6YTY3YzI3MDA6ODYxM2FlYTc6MzIwMmE1YTI6YWIwOWUzZmU6ODcxMDRiN2M6YmU2ZmIyOTgiIFJlY29yZGVkVmFsdWU9Ijs7QWpheENvbnRyb2xUb29sa2l0LCBWZXJzaW9uPTQuMS43LjYwNywgQ3VsdHVyZT1uZXV0cmFsLCBQdWJsaWNLZXlUb2tlbj0yOGYwMWIwZTg0YjZkNTNlOnpoLUhhbnQ6N2I5NWVkMWEtNmEzZi00MWRkLWJjNWItNjNmMzllZGJjNGI0OmRlMWZlYWIyOmZjZjBlOTkzOmYyYzhlNzA4OjcyMGE1MmJmOmY5Y2VjOWJjOjU4OWVhYTMwOjY5ODEyOWNmOmZiOWI0YzU3OmNjYjk2Y2Y5OjhhZDE4MTAxOmE2N2MyNzAwOjg2MTNhZWE3OjMyMDJhNWEyOmFiMDllM2ZlOjg3MTA0YjdjOmJlNmZiMjk4IiBDb3JyZWxhdGlvbkJpbmRpbmc9IiIgVXJsRW5jb2RlPSJUcnVlIiAvPg0KICAgICAgICA8Rm9ybVBvc3RQYXJhbWV0ZXIgTmFtZT0iX19FVkVOVFRBUkdFVCIgVmFsdWU9Int7JEhJRERFTjEuX19FVkVOVFRBUkdFVH19IiBSZWNvcmRlZFZhbHVlPSIiIENvcnJlbGF0aW9uQmluZGluZz0iIiBVcmxFbmNvZGU9IlRydWUiIC8+DQogICAgICAgIDxGb3JtUG9zdFBhcmFtZXRlciBOYW1lPSJfX0VWRU5UQVJHVU1FTlQiIFZhbHVlPSJ7eyRISURERU4xLl9fRVZFTlRBUkdVTUVOVH19IiBSZWNvcmRlZFZhbHVlPSIiIENvcnJlbGF0aW9uQmluZGluZz0iIiBVcmxFbmNvZGU9IlRydWUiIC8+DQogICAgICAgIDxGb3JtUG9zdFBhcmFtZXRlciBOYW1lPSJfX0xBU1RGT0NVUyIgVmFsdWU9Int7JEhJRERFTjEuX19MQVNURk9DVVN9fSIgUmVjb3JkZWRWYWx1ZT0iIiBDb3JyZWxhdGlvbkJpbmRpbmc9IiIgVXJsRW5jb2RlPSJUcnVlIiAvPg0KICAgICAgICA8Rm9ybVBvc3RQYXJhbWV0ZXIgTmFtZT0iX19WU1RBVEUiIFZhbHVlPSJ7eyRISURERU4xLl9fVlNUQVRFfX0iIFJlY29yZGVkVmFsdWU9IkFSK0xDQUFBQUFBQUJBRHRHbXR6RTljVlhWdCs0V0NHS1FZS2xSYlR4TkFnYVhlMWtpekpWdW9Yc1F2R0RsSWdNeVNqV1d1dlZ4dXZkcFhkSzl1YVRLYWtIUklHUWtJbWo1YVNOczAwNUZsUzJrd1RoOUMwUDZIVDZZZCtiaTAvUHZVbnBPZnVyaDZXN1lTa0tOTjJ1b3hYZTg4OWU4NjU1M0hQT1hmNTNOVzExK1gycE5QRHVrWU1YVFZQNFNjS2lvR25kSk1NaVpuWjQ3aVlUbmU3M05zejJka0pMS3JIVkZIdWNuZHdmUkUySEJMNnVIQlg5L2M4N2VsQlFzUk1kbnpFN1NmWUpCekxzOUZvWDFpSVRJZG5PSjh3dzRiaHhvVjlVWTVuZlpLVUNZWWlZa2lJOW1GUGIzcEtsUEc0T1NFcUdvRy9aQWFFVUlHN1FoUmRtOVRLY3NpZWp2UmthbFNUUmtTQzNSMDh5MFVDckJEZ3dwNlc5R2d1RDV4YmJLNmVUc0JMRXRFZ0tTV0gzYzA4ejdLZTFyUWhhck9BaE5nK3oyNkg1VU1GYkJTVHhGQTArWVF1WnoxdDhHSnFRUU9zN3VUVTJOQnh6aVpJV2JFQ0YyWkRIcmRJU0NiN2xkZTR3MkY0VERkeUZxZnQ2VE82TVp0VUNBWm1UU0VRc0kwdXdscmFQZzVZQnNJQmptV1dGaStXTGw5Z09EN0dzakZyRlJLWkVnMlJYenl3emJWdDI3YlA0YUsvOU9wRWNEdVpMSm9FNS94QVNEektuTWFHQ1RvY0VQd3MvWGVVR1M2b3BHRGdBUTBYaUNHcVI1bXB3clNxWk1ERUtYMFdhd1BURVpBNEV3cHowYUNBMmI2b214TGZYVVBUdXFYRWFSVTN3Y3kreXNoL0N1ZDBBbnAwV0xZL2tsT1RtU3pPaWR2aGFVU1ptWG5RRUhOTkx0Y09oNWlEUjJWdXA2UmFtdUgyeWE3K0J4WnlLalBueU4zRCtka2VCbXNaWFFMU0F6MEZNdVBqd2owUEpPN3A2Rjh3WTZiRmdJRTNOSE9ncDhkK2lDM0FjNWFRZkN3UW1KK2Y5ODhIL2JvaEI4QUh1TUFqRXlkc29jcTRPVk9DRlFCaFEzT29tYjZjQWc1bzZqUEVsOUZ6TWNEejJWZzl3SlZoS0YrczRoeldDS09KT1R6UVk2MmZzMmZ0ZVhndnIrS0ZWREdQSGFnTk55R3dZREZWNEdia0JxVTVNWU9Ic0t4b1BRd0JFZ005OUZYTFNYc1lXNVFZT0xlTXlVbDR3Y3dETmwxOFR0RW1NNW1DQWFzSG5RVytsQWZJQWJIVU1CWWpPS09DbzlJUWJ1eGFSc1RpQ1NXbmtERzlZSno4UnJpTU5ad0wzV0lieG1RQ3R2bHNaVEhmQUp1R3JtWXlOVkV3eVhBV1oyWWJ5TU5hQjFpbjBTd2FhM2hJM2pRak5pNUt5aHdhRnlHUUkwOVplYnhoSEU2THFpSTFtTWVnOURnNGJZT1pKRVhZZ0l1VHhpRGwxZUNsakd0elZHMjBmTGtyblBvREc5T2xCYXRQclJiUWtXaUwvRXlzc2twTVlsS1JaTngwSURCckZIQUZUa3ZRU2tsVHllemwyWWROUEZ3d0RLQjhRcytJRk1GNitRNFNmeWFyS3hsY3Q5cWN1RkFlRmJScHZhQkpXS3JxNEU1V2EydkpLbHNTTFc2b24vN1MyaTlCcVNVYk1mdEh6SDJkT3NkNXh5YnhaZStVR2ZubW5CS292NnJ2OGxKc1BUS09hSXBVMW14VnRZWStQMmxJMkxBVTQrQmxSWE00SzJveUJnVXBtb2tOQXZxcHFyV21Ua3BFby8yQjJ2RTZKTHZRU2ZDc2plTU1LeWoxaFlwRmJBT3dpbDViYmlRRVFGMEgyQlJ2TE1IeDZ4SEhOaUxTclQvQlZ0R3NjUVZyZmRKT0NPSCtRQjFvRTlReXlUcElCYk1tZDFLMDJtRU5Uam4zSlNJVXBUS3F4N0JJY3hXVU92SExxU2NScFBKVVJoc1F4aExoR29RYU5WVTIvZ1FIOXFtT0tnZzErM2FDQS9YVWptdjhvYnJ4V29UV0FTcG82N1pPdXFqMWdEcHlOWnRmd3VwS09UNFFaTXUwYTJmTG9XMjd2eFBTNitLbFAxQVh3SWxtMmgzVmRVMjBWMnBKVDRpUDZ3YjhLQnI5R1Nvb3F0U2VQb1huRklwQ084STJ1SkRUSFg3dVhOdWhWWjlNMFQ3MDVLUjdwOVBaUmxpK3ZuWGUwR1E3emJmVFVnZWhHYVdFaG5XNzg3YmJaZWpFNFhYOEJQWWNkQnJld1FMUkIvTjV0VGlhbThZU2hRMmI1ckFxbXFiczZTbzMvcGp1dURKQW10Tkp2T0IyOGQwSU5YVkozVEc0ZDNVamFOZFBLSEtXRE9rTFF3WVdaMGMxcWo0cEszV2pHY0JxUmk0THEvVTBMQndtc3BLRTNCYWtPWVVYaUh2djZ0VlhWcTQ4czdSNDQ1KzNuMXQ5LzlMS081ZExuNTMvKzdtM0FHOFB4ZlB1Y1hjdTMxeGMvZTJWdFl2blZ0OTREdUQ3SFhqWDBxMWJwWXZYVmo5OGR2bldGYUFEVTk3eTFPcXI3NjJkLy9YS1d5K1VMcnk3OHZhTE1IWEltWExPSVFCeXJ3TnBYZjNvNm1UcDNMc0FPdUtBZHRwSS96aDNyanJuNjlvcHdTeHlJZFNOZGtxU1RQKzZZU1NoZ1BWYXR3eFlIRHcyQTRXT3FyUFpFeEdZNlBCc1QxUGJVUXVMeE4xWmhPdlJ3TVRFb3dGSkFodFdiTnV5N1UvS2M5ZisrdWMyZXZCZ242a0FhS2paZStOdmJVQmkzRHlGUldsU1U0djBWQ1NsNnhDUGViZnY3TnFudjFoKzZlSmpUT25GMjZVWDNsLyt5ZlhsYTgrQVdzK3VYYnRxd1pjWHo2OWRmYk4wL3UzU0I1L1lwcEhvZXJwMjBsOVBxNjVsVkNVejYwNDlUQlExUFp5ZEJadW1kRmxXc1dVOFJWVkk4WEJ2SVVQRnNVUk5aN0t6MWFuZW84eTZTVW1abzZFekNGN1JleVF1Z1FvUXRidmJKRVVWdTcxemtETVV5TlErQ0VCWml4RTlINStyMElyRkhjOXBxNmpTZHZSTzZyUFZRNmVkdzJMQnhLYTFuVmdKUWZhMGZqMTlnR1FkdWlaTnE3WU9kcENzWXZwaGN5amdnZDdldUFUTzN0M2lhZG5VY08wYjdEYm1hYTB6MjVpRTR0UUJ2SHZYdit6ZFY3RzE5OXNWRzN2M1o3MEgvbDJEZXIvam5yb0RTNEtnVzltUlRtMXVSYS9uYXhyUTY1VzlqT3c5K0pXdDQrM1ozQ2JlUTNVSy9XN0ZDTjU3YTdUL0FJMUwyRUhIeldTeXZFZUJtamZUMmhmNy8yU0s3ckpiK0gvdDVFYk5OZDJoNWxvc1lXQnRWRm4wT1BJZ0pUUkVxMUJaMnJsN1h6dHNsR3RQTHk2LzlDeGlXY1J5aU9VUkcwU3NnTmdRWXNPSWpTQzJEN0ZSeExHSTR4REhJeTZJT0FGeEljU0ZFUmRCWEIvaW9vaG5FYzhobmtkOHNCRTB2M1YvMHo1NXF3djJ6VDAwRTFTWDZlMmxheHU0KzNJZ1hrQjhDUEZoeEVjUTM0ZjRLQXF5S01paElJK0NRUlFVVURDRWdtRVVqS0JnSHdwR2tjQWlnVU1DajRRZ0VnUWtoSkFRUmtJRUNYMUlpS0lRaTBJY0N2RW9GRVFoQVlWQ0tCUkdvUWdLOWFGUTlMOWRmckRad0pZMnU1TUw3T3FTVUR1a1NxbDdtNFFHcTRseDFFcU05MjBWZEYrOFZkbHh0ZWxXVloyNld3Rm5lK0wvU0pUdC9YK1UvY2ZKZjdlajdNRnFsQjEzQ3RnbXpzL0NjTkllWW5oOGlIb0JWSGxXQzBrTGRCb2daNXhxMWNYU2lzV3AzQ1YwdGtyd01mc0pZaFU1VDIyMHJvZmkzbVpVazlzQjIxVTc1ZkpaMVVJOXBLa1c0c2dwV2k3cTJVSGo5elJOOE1jVXJFcnU1bUZkd3A1N3JGTWY2QlpzWURzRkR0T1RLdHVaTzNkQm1lNWpmQldYZ09mT3RmT1hTMWN1bEc1ZVdIN2pRa3ZwL0VkTG43N2FzdnphajFkdjNHd3BuYnU5OHNLTjd0S0hONkhtQ0N5L2RxRjA2eFY0V3ZuOWxkTGloNTN3VjdwMDFlNUtkcTArK3g2MEhNdXZYMS8rNWVMU0gxNWJ2bjVqVituMWp3RzA5TmtsT25IOUJ1RHVzcEZYM250NjVlcnRwVnVYbGo3OXFCTW1WeTljWHYzVno1ZisrSUhiK2h5NXU5UEZ1c0FUV1JmdkNyb0VWOGdWZGtWY2ZhNW9DMnhnTE11QlQzVFdtaGlVZ2tGSEJ6ejdvWlZjT0lFMW1XUlBVaDNvbVFMMGFBcld5UGdJaHZKL0hFWllOTExXb3pXYjlSeElqeWhtZmxRajJNRFNHZDJRek1ucHg2c3ZkYVRQUUhWblRJakdMSVpHa2JZVDh1aENQZ3NUNCtVUHpGbXJCc1ZXeFRTWUljb2NIcDhZbFFHNzNDTFM3NmJVS01tc01rT09LNXEwL2NnUGs5RHRUb2taL3hrOERmUU1iSnArNkVGenV1YW51L3Y5NjlDUE1sdGlWNytOUnZ4QmY1RHpjMS8rY1ZRcnFPbzJ6NjYwM2RXbTlJZnplV3dNaXliT1dnM1RGRWc4RDRyWU5QYzgrb1c1aHl5UXlSUTBYS2F1VGVDY3ZqRUQxU05zbVlmQ002b3VrcGlLWjBoY0FnT3BZakdtYUtxaVlkKzBxbWRtNDNsUm90OVNZK3o2OU5SbVY5S2V0bXJiNXo2alNDUzczejQrS0g2ZmZnbjJ0RlZOMDV3K21CeENQMEoyV3plTGk0VzgrNmZJcXArSlFsU3JmbFptbU1QVml0cXZXaTdHSkFZWW5tV1orKzVqcW5QTXdRR210L2ZJazB3SFV3c2RxQm40emNLMGZhSjhtRDFLS1J5Sk14MVB4VHZtUklQUlV3c0VrQ1h3VFhvMjZwY3hHYldQU1llSzQ5SkdCYXZpTk5YZlE2RGRJNWFVRmdHUWdkcjR5Sk4wNUZjMERSdlVuNEN3L1g4RS9ETldiM2I0QjhuMGhDbGJBVEN1NVFzRW9zZUtnS1BNaHNVNmdqNGxXVWNaemQ3b09uMTY0K2djc280cmJHK3hONnc5WjB0dnZsMzZ6ZnRyejc5YSt1Qm5qNVUrL2wzcGxkZFhYbjdITXZETHJySUZHVDYvd0hBczNNb1BjU2FqcTdvUk84U3liSnlacHUyclFTdjZHSFBvMkxIUnZzRnduSm5STmVLYngvUTRKY1pNNjZvRWVEbzllWTB4SEZBeGRlaHlHUW1pVmpiRVlweVp6eW9FKzZ6aitoaWo2Zk9HbUMrLzRETkVTU21ZTVNZSWpDWFVXdDNQOWZKV0xNREFMTy9DZ2o4Q3cvbnlrUFVIWWZoa2RVajM2UE4yMkRSM1dWSGpjZDlUZG1GTjEzQmMraGNCRXQ1WXFpSUFBQT09IiBDb3JyZWxhdGlvbkJpbmRpbmc9IiIgVXJsRW5jb2RlPSJUcnVlIiAvPg0KICAgICAgICA8Rm9ybVBvc3RQYXJhbWV0ZXIgTmFtZT0iX19WSUVXU1RBVEUiIFZhbHVlPSJ7eyRISURERU4xLl9fVklFV1NUQVRFfX0iIFJlY29yZGVkVmFsdWU9IiIgQ29ycmVsYXRpb25CaW5kaW5nPSIiIFVybEVuY29kZT0iVHJ1ZSIgLz4NCiAgICAgICAgPEZvcm1Qb3N0UGFyYW1ldGVyIE5hbWU9Il9fU0NST0xMUE9TSVRJT05YIiBWYWx1ZT0ie3skSElEREVOMS5fX1NDUk9MTFBPU0lUSU9OWH19IiBSZWNvcmRlZFZhbHVlPSIwIiBDb3JyZWxhdGlvbkJpbmRpbmc9IiIgVXJsRW5jb2RlPSJUcnVlIiAvPg0KICAgICAgICA8Rm9ybVBvc3RQYXJhbWV0ZXIgTmFtZT0iX19TQ1JPTExQT1NJVElPTlkiIFZhbHVlPSJ7eyRISURERU4xLl9fU0NST0xMUE9TSVRJT05ZfX0iIFJlY29yZGVkVmFsdWU9IjAiIENvcnJlbGF0aW9uQmluZGluZz0iIiBVcmxFbmNvZGU9IlRydWUiIC8+DQogICAgICAgIDxGb3JtUG9zdFBhcmFtZXRlciBOYW1lPSJfX0VWRU5UVkFMSURBVElPTiIgVmFsdWU9Int7JEhJRERFTjEuX19FVkVOVFZBTElEQVRJT059fSIgUmVjb3JkZWRWYWx1ZT0iL3dFZEFOb0JyMVZ3OWFHQkMzcjNqSzlMeHdwbUQ2Vjc4MzFxRm85UkcwWXE4V2JmQStlaDQrZW1aNCtwK0hZZm03N0w5SjdvRC9ocHZ1WG5ON05sb04ydEQwNWFDanptbHRhVU03YUVBTitnOWNQL20xMHp6NzVQT0VjdkNrOUZwY3JTcUcvRStXS2VpWFJWakRRUnEzNllONFZ6VFhYY2RvMEtZbzlmQzFJZ3dtK1duQ3JKNFk0cytYM2k3YnBXWkpLcWxlajFsTVh5V0dpTWYvZHN0c2QremR5dElocU12WjFFeVhNQWx6MndDbXlzdzdmZlhoTmlYRHNBeFFjTEdzVmcwRGY0WnZneTc2MjZqcEtINTFja2F1S1NYNlFQQmFVZTM2VUV1V2p3eXByWTdZUW5oWG91R0JLdUFobXZYaDNlRHNxU3pEL2N1d1djMzFNMmJTb0lVZjFFcTFKRE83Y0pBR3VydGprc09TaWRCZnRWSVVWcTVKVmQ3Z2NyNmdFb0FOSFBmWkptL0hqOFVkNlRYcDFVR0ptWjd0dnB4d1ZrS1VGNnZQeGpTSVhGbi92aWs4d3E3dCtOaFQ4RFB5QVRKZ3ZGRDNLNVUrdnhvQ3hMaVVxYzduaFZVV3Rqa3Y3QmZBZWJKZ2lsRUVOcEVuTHE1Z3I4OTJuZVJhTWh1NlVwNDhPZFlQRHFMUlNYWGpnSnE2ZVJMU0Z3WkhqQzFQakErMFJXcXQ4ZGxYSGNsWFdEUVlNclM3Ty9hTmR1eExVZTd4cGhUL3l4QWVEMlUrVmpyTGtwMm1GU0lhYUNlQnc5SEZ0Q3hQUDFQeTRDRFF0S09tYTBOWmZXUWR3VktxQy9reFRLQWxRS1N3bjYwV3c3emRBWW5PT1ZEZEdITi9UcjViZ0tQNlp3Wi84TVFjRmVEc2RDSkdkZXd5azVHc0hPcTAyTHQ0VEVyR0MyOUhCeUtWUDFTMXBwMDBJQzZmLzYveU96VFpBRXhJYzAwdHJOaEZSWDFuOE9IU0tSR0gzS2g2SzFLczJ4SDhPYy80UXdibGhaYk5ZeGpiUllSNkxpRGZKdFl2SW5XWFRuQUdacEpZNHpUSmkxZzZTMTFNNEF5VlBpb2Z0eE1mMU5JOGNQQ2xLSkl2MzZobGFQaFV1azd5bkxxSkkxTlRxblZKRmJZSVpSUTFXRUFnY2xoZmpZYTNuRC9pVW1wUnFWRG1rc3o3ZUw5WS96Z0JINGdITGU4WTJaeUNwNlptdXdFclNMNmJPeG5WSjJ4N0t2YVhjVTJ2WDNTc0pMZFAvZmZ4V1RJRnRjcnREYTY3c3RyZms3NGJLTFBTaGdqd3M5S2YyL1RRTXNDRDVqWVNERWE5Mm4wYWpnMVdiRURaRHpWRy8wdy9VbnNwSW9WbWU2TUY1TDdFK0FQQlRRSENKcXpIdUIrV0cyekpKZkFWcWdwVWpNMWVGdHhIUDBlUVhhT2Y2ejAzalZnSE9WY2xiY1lKMGRaUS9mQWIyTGhOWkpqa2Z5b0NyamludlJYK2M5djdTYkFJUUQvbmQ1aDZzT1E4M1VtZmhmNmJNcHQ1NGFpbkxsTGM2U00rM2Q1akhZcm53S1RtTnhQUGFXc3ZMbWZoeDBMaHduQ1hHbEJvTHNLcGd1RHBMelFoZitsL21MMSt5ZmpVU3pxRnV4N2tIakt3WEJ6RWh4eGYwa2RaM25YclJwVlZZSkpHNUx1czRGOFdiVnRJdWtzcXdsRS93bk95Mll5aHd5TU5lc1E2NEszUzRVbWNUUm9nZHBPMUFyT2kzU3pVRVpoN3V6VnVxWWpyMWQzemtndEhqcFR6aEFvWVppVk81V1l0OTNabmh1VlhMWWdUbVBCTm03OUlzN3cxWDVUcTYwTGpzYlZ2YjhDUE5NUENCbE55R2c1dGx2aVRQbHBHZVJOc2xCS1crNExCWEU2QUU2RW9XMUxEd2x1SVY5cXo1SktQWmVKR3dZTkRhNVRWWHVwdXpFdnJWRGJsRGJ1NzFCZ2RHdlF3cStwMTFTY1lNTUxna29WMDVPWGx2b2xrdGpMU0VHcklTNlc4eVZIR2pTc2g0R091amE3eFRoU1hBVnZBcjdDSTBjQ2NZSkoreTQ1dUdLcDJ4TUhFQ3NNcWRVQlRWS1FzQW5pQzlzWkNCeUV5QWhBK2t5c1U5NkhDOElJVE1kanRRbmhwZ1JCR3prUitEczFVeVdlbmZwcS80NWloSFFuVWpSMlBhK0ZvcUpQbHVISlhZQWNMNWRpZjRyNnFRWkRHeVc3Qks5TzNMdmNiZnpqd01CZjJxeDk5VFlrSmFueGhsZG41Ukhxc2RKQlRsRlRDZUlxSmlsbE5QOVgrYUo3N3R6NW41dS84dzA2Tkx4Y2k4UTQ3dlV6Y2JZLy9vai9QZm9MQmg3OEVoL2ZyQ2lxVk5ObTNhR1N3d3BtRUN2d0VvVEVEWWdMdkNTOUd2bGxEM1ZveVFVY1BKK0l2TmJOMTMxZ1ZCRkFmYVlhV3F4VitBa0t4SjdwUlpmall0b216eWxLOUVDc2pBZFM0TzVuajR4WmliZkdtT29STGpsTGU4Wkt2eVJkaWlIdllVanR1S093UEtRT0tjWWxFRmo5ZjZoUUVWd2Q4cDRvOFlmckF0UWMySXorUEtYR3VDbVdFWXR1em9nZ0lQT3YyR2lPM3BNakdvSkxhTkFUVU9ndXk0bnBoRjdIN1NTd0tTakUrMk9EMkVuNUhQaWxaVXJEOWdrWHZHaWdlWGlFNWFZR3hjamRSK21MZENQOHZLK1NTTlJFNHNDbVl1cVlPdDRpUXBqQVA2MGt3YThhdkRkZFYwaWxSYnA2czI1REh6c2NmYUFKSkJsNGRKc0cyaWx6L1RmUWN4citMV2FqZnVreE1TZDlPbUtQd0VLajFQYjJEYjR0SHZVbWpPU3pkQ1EzdkVrZTlhbmtSNi9yckxoZjIxeFNXYjhpeWtJdUpHeCt2VTlJcU5UYjVDblFWU3cyTW1NUE9vbjdCaFpIT1JQRUREa3NEeGQraVdHNnZVK0N0STVVWkNyVFZUcXNDVlNqVWFoTlFSK3BKaDF6SDlSY3g1dTliekt1N3N1eHJWWVFOUTk3YW0vUE81cmRuVWFsbjE2SHMzR3Bld3hEa01uRW9xK0hjN3pvZWcyaTg3dGdwRHkvdi9NdVE2b0VxYndBKzlWTUQyVVJwdktJUThsSXppOFF1UDNqV2ZDQzhrU2FxYS9qYytFRUxwTm9tbmt4UGtZMkV6SFI1RnM3OTFvcmxvVkdodTBUWGhDM3lpUUMrWC9hbmZhV0RCbHduSzRMMWFCZDdySzBCa2t1TzhnYzVBVW1odVhRUU1rU1ZoSGtpSFM2bWEwc2p6MUtvL281TEExN1JhY2ZYYTduMjFnbVV3Q0tLWi91eWNuVmJOOVE3Nkh1YkQxQXF2cVlkUTcrOGZGMHBlaENQNFlDbkU4QUMzRDJZMzlVSGY4NDFtRVUvemUycFJuS1BwWkZUcE5wNWFYUGJWWjVmKzRHMEdLYTIwUXFJbGRWVkdwUERoV3B6TEVhckE1ZHZpb09lQmhZQTdZUXdhQWhtOHVsSk9NMmhSY3FMQzkrMlZuNENienBrOFRtZkkzamM4eDd4Q28wTlhhN2RHK0dUOWZlUlV5THVZeno0R2FEWHllU1NjVEhnN2tLMXM3eHl0S01VYm52ckVtNFdnZ2ZHb25OdE5MZ3lxVXZ1b2doVk51KzJtYW9UZjVlWmwwcWVTTmpJZkh2YzdoRXJZUkdxMUxqVmNPbHppS1hocWU1d0hCVDR1Y2lnUnFDNmpCbHc5aThGWW83UXoyMEJhZHNEa3NqOCtKcWZndkt0MTZJekp3c3ArN2FSTDZLVEpnREFuajd6VzdKRDRId2lyNVc4NzRmY3RqTmorenRXZU5tR05OdDlKNDA1Vy94aHlHeUNYdFp0VHFNZDRYMm9wb3lwVlZ3K1RqL0JUV2plcDJIS2NKYUVEeHIyM0Fjci9DNExoczN1cDlFUzJOSkxhUDcrWmpuWUF2S3hwZHNPcC9TNlNxekdTN2ZqL3NZODgxbFJSaTBLc1M5cFczR0FiUENUOUxZUjRnQkh6MXVDanFrWGpKdjdIOU5pdmcxbkM2OXF0U2pTYzc5UFV1bjRQcHk5SkpBK2xaeERSLzEwNkFER3FRS3U1YUErdUtXbEJyVUYxOXhUc0hmZGdZcXJLTlhzZnFtd25OYm5hOGxyUVM4QXA5SWpSTEVVaWxZTlFnQ0lTZVVmZ0NYODBnVWptUXhYcmFpR3Q2MHBPMDc0THNRTCtpeE9SeS9weEZZYWpyZk12VDBVMVdDOGNKY1JFTG9yeDAvZ0pTaisxUzRFYnpkc3RzNE5ydGs1a0dPWGxLa3R5ZXcra05xU2RqdjBVRmViZVRoQjVXaTZKVnV0UEkycWJMdVAwQ01EaEN3cnZWV2ZJc2x6UlpNaXlwT2wyczdnTWQ5MEs0SUVUOXZpcU9QZEZocENvTHRuRzRpMnVrZisyU0o2TlVFRnVwSjZxbzVJbno3SWNsUTZma2Y1akNwYTVmOTYxOWc4QnExYjVtRjdlaWE1c2xkMTBoa2dNcTV1L1VNTTlkdVh2ZlVRYnBXcElndzNmbXloRnJ5UE1XV3R3K29kQ3FNL0xuWUFKR0hZVi9ldWlWcGJHaGpMRVRHc0JhRTdJbEpCVzhsczNLdUFPNXROOGIrblNLZzQ1UWdvWjZscURVWVVqdkl3bHRiSEJhbmc3MlBNeDFVc291NTFqOHRsK3lqRGV2N3MrYWhZMlFHbUVNazdKN1JpaEN3d2NyU1NFZ21mdGxBU29GY2VIVEVKbXl2Umt5YUlxZXJ4VFE5T2pHWUdiTUhUZU9wbDg2M2xCUU9LQWVWZ05RTDNTdjJnOUVMK0IxN3RXM0VBNWJlc0FQcVNnRUpiblE4VTIyZHBlL3pncXMwSkd1NTZzV3BrZ1IyTFhIekJFWnhtNkduakppek1nTzQ4VXJwcDROZmFSZ3NRSVNMNnBxRjZiMGVpRVJUdFRSV1R3SDFpa3ludzFhdkJJTHJPQ1k1aHdNcklHTVB3ekNmOThwdXl1aVplVEZNbmthSGtpbHV4aVBydGVTeWVpNms5amQ3YmUxOW5zbTNNM28vcGVFVEZHV1g4Uis2dENJN200b3g1d1BobDZodFdWTmpnUXNEVmJ4ZkZRa1BUZGQreXo1TXNKTzBhOWxJalh1YUlUL0hyeG9lUExDMjBKTUhxZ1hIbEgwb2Urc1ducnYxSFVhOGtPbEZ5TTl2NDBQUlc4Z2cyNWpqTUVaZU9JbGZVenRoSUZVYlBxWWNvQjNSOVZuMzgrQVZuOVd4K3V0VytENk5aZWhkSGJSVGJlWFpYMDBGSStETXdCeTBTTjQ5Y0E2dDlQT1Z3MnZ4cUVMRnQrWmR4aHUxTlJ3bWNmTHpKK3lwMGhJN1ZuZFhySFpFM3doS09VaGlaYUx3UFdTR3hxdzZUR3MzVkZQb3I2cE9IWERXUGwzN3lVb1diMDdIQXNUa09tQVlqM0pvYWo0RVdmWEc5SFVjeE1sTVF4YnNsMU9NcW5GREZDY1BxbXVzZVhISVhMbkJYbVRpNW5zQVpKTGpFUXVXeGh2OHVmTHFiV3ZZYzJ3eVJPNTFhY24xc2s2M0JuZWhVUFFPc3dvUU1TVTBnV1pFMVJqcVJDekJQWjhrRlJWRFdXVU5Yc056dUVBSmhMbmR0QVBhMnNVR2dxaVBnc2t6TWY1Y2RzaTBjR0RjZ3V6NE90TEk4Wit3RXowWkIyTExGN2VqenJNZXEzOWV6T1hpQ3k5OE0xekFFSlM5L1RibUc3b3ppcVFrTm5qM0dpckNLSEZDbUJuMHBONHFuVWIxdW1oN01kV1NPeTJJMWc2Rm5KQU1oZlIwbkN5RG16K2VLL1B5UW1KVEFNZDFEbjVkdm5lY29wQVM4MHdvQXdmaU5DYk82WWtlc1hMY1Zoblg5VTE0bEJud0hkZFhSZHpsNml3TVlpNHJLVFRrOFJub1YvbUgrdjVmZHV3RDhtYVZ0dWRuRUVQQmNDQ1BFdXNoZ2pjRDdOc1lWeFNFQmNwMjdzWHA4TlpDbG96Mm82UGJGaFh2L0hDVUd4dFhvMll3dW1NRGxXa241ZjVFUWt3NitIS2hSb2JRQlVDY3hIMWplZGZ6VWt6RzRSeGxsclRVbGtlRGRiOXVsVTlaWllhTmRPL293PT0iIENvcnJlbGF0aW9uQmluZGluZz0iIiBVcmxFbmNvZGU9IlRydWUiIC8+DQogICAgICAgIDxGb3JtUG9zdFBhcmFtZXRlciBOYW1lPSJidG5UZW1wU2F2ZSIgVmFsdWU9Iuaaq+WtmCIgUmVjb3JkZWRWYWx1ZT0i5pqr5a2YIiBDb3JyZWxhdGlvbkJpbmRpbmc9Int7Rm9ybVBvc3RQYXJhbTIzLmJ0blRlbXBTYXZlfX0iIFVybEVuY29kZT0iVHJ1ZSIgLz4NCiAgICAgICAgPEZvcm1Qb3N0UGFyYW1ldGVyIE5hbWU9ImRkbFNhbGFyeU9yQWRqdXN0IiBWYWx1ZT0iMiIgUmVjb3JkZWRWYWx1ZT0iMiIgQ29ycmVsYXRpb25CaW5kaW5nPSJ7e0Zvcm1Qb3N0UGFyYW0yNi5kZGxTYWxhcnlPckFkanVzdH19IiBVcmxFbmNvZGU9IlRydWUiIC8+DQogICAgICAgIDxGb3JtUG9zdFBhcmFtZXRlciBOYW1lPSJoaWRHcmlkVmlld1N0YXJ0VGltZSIgVmFsdWU9Int7JEhJRERFTjEuaGlkR3JpZFZpZXdTdGFydFRpbWV9fSIgUmVjb3JkZWRWYWx1ZT0iIiBDb3JyZWxhdGlvbkJpbmRpbmc9IiIgVXJsRW5jb2RlPSJUcnVlIiAvPg0KICAgICAgICA8Rm9ybVBvc3RQYXJhbWV0ZXIgTmFtZT0idWNEYXRlU3RhcnQkdHh0RGF0ZSIgVmFsdWU9IjIwMTcvMDQvMTYiIFJlY29yZGVkVmFsdWU9IjIwMTcvMDQvMTYiIENvcnJlbGF0aW9uQmluZGluZz0ie3tGb3JtUG9zdFBhcmFtMjQudWNEYXRlU3RhcnQkdHh0RGF0ZX19IiBVcmxFbmNvZGU9IlRydWUiIC8+DQogICAgICAgIDxGb3JtUG9zdFBhcmFtZXRlciBOYW1lPSJ1Y0RhdGVFbmQkdHh0RGF0ZSIgVmFsdWU9IjIwMTcvMDQvMTYiIFJlY29yZGVkVmFsdWU9IjIwMTcvMDQvMTYiIENvcnJlbGF0aW9uQmluZGluZz0ie3tGb3JtUG9zdFBhcmFtMjUudWNEYXRlRW5kJHR4dERhdGV9fSIgVXJsRW5jb2RlPSJUcnVlIiAvPg0KICAgICAgICA8Rm9ybVBvc3RQYXJhbWV0ZXIgTmFtZT0iT1RUaW1lU3RhcnQkZGRsSEgiIFZhbHVlPSIyMiIgUmVjb3JkZWRWYWx1ZT0iMjIiIENvcnJlbGF0aW9uQmluZGluZz0ie3tGb3JtUG9zdFBhcmFtMjcuT1RUaW1lU3RhcnQkZGRsSEh9fSIgVXJsRW5jb2RlPSJUcnVlIiAvPg0KICAgICAgICA8Rm9ybVBvc3RQYXJhbWV0ZXIgTmFtZT0iT1RUaW1lU3RhcnQkZGRsTU0iIFZhbHVlPSIwMCIgUmVjb3JkZWRWYWx1ZT0iMDAiIENvcnJlbGF0aW9uQmluZGluZz0ie3tGb3JtUG9zdFBhcmFtMjguT1RUaW1lU3RhcnQkZGRsTU19fSIgVXJsRW5jb2RlPSJUcnVlIiAvPg0KICAgICAgICA8Rm9ybVBvc3RQYXJhbWV0ZXIgTmFtZT0iT1RUaW1lRW5kJGRkbEhIIiBWYWx1ZT0iMjMiIFJlY29yZGVkVmFsdWU9IjIzIiBDb3JyZWxhdGlvbkJpbmRpbmc9Int7Rm9ybVBvc3RQYXJhbTI5Lk9UVGltZUVuZCRkZGxISH19IiBVcmxFbmNvZGU9IlRydWUiIC8+DQogICAgICAgIDxGb3JtUG9zdFBhcmFtZXRlciBOYW1lPSJPVFRpbWVFbmQkZGRsTU0iIFZhbHVlPSIwMCIgUmVjb3JkZWRWYWx1ZT0iMDAiIENvcnJlbGF0aW9uQmluZGluZz0ie3tGb3JtUG9zdFBhcmFtMzAuT1RUaW1lRW5kJGRkbE1NfX0iIFVybEVuY29kZT0iVHJ1ZSIgLz4NCiAgICAgICAgPEZvcm1Qb3N0UGFyYW1ldGVyIE5hbWU9ImRkbE9UVHlwZUlEIiBWYWx1ZT0iMSIgUmVjb3JkZWRWYWx1ZT0iMSIgQ29ycmVsYXRpb25CaW5kaW5nPSJ7e0Zvcm1Qb3N0UGFyYW0zMS5kZGxPVFR5cGVJRH19IiBVcmxFbmNvZGU9IlRydWUiIC8+DQogICAgICAgIDxGb3JtUG9zdFBhcmFtZXRlciBOYW1lPSJ0eHRPVFJlYXNvbk1lbW8kdHh0RGF0YSIgVmFsdWU9Iua4rOippuWJjeWPsOmAgeewvSIgUmVjb3JkZWRWYWx1ZT0i5ris6Kmm5YmN5Y+w6YCB57C9IiBDb3JyZWxhdGlvbkJpbmRpbmc9IiIgVXJsRW5jb2RlPSJUcnVlIiAvPg0KICAgICAgICA8Rm9ybVBvc3RQYXJhbWV0ZXIgTmFtZT0iaGlkR3JpZFZpZXdTZWFyY2hTdGFydFRpbWUiIFZhbHVlPSJ7eyRISURERU4xLmhpZEdyaWRWaWV3U2VhcmNoU3RhcnRUaW1lfX0iIFJlY29yZGVkVmFsdWU9IiIgQ29ycmVsYXRpb25CaW5kaW5nPSIiIFVybEVuY29kZT0iVHJ1ZSIgLz4NCiAgICAgICAgPEZvcm1Qb3N0UGFyYW1ldGVyIE5hbWU9ImhpZEdyaWRWaWV3U2VhcmNoRW5kVGltZSIgVmFsdWU9Int7JEhJRERFTjEuaGlkR3JpZFZpZXdTZWFyY2hFbmRUaW1lfX0iIFJlY29yZGVkVmFsdWU9IiIgQ29ycmVsYXRpb25CaW5kaW5nPSIiIFVybEVuY29kZT0iVHJ1ZSIgLz4NCiAgICAgICAgPEZvcm1Qb3N0UGFyYW1ldGVyIE5hbWU9ImZyYW1lQXR0YWNoIiBWYWx1ZT0iL1V0aWwvQXR0YWNoQWRtaW4uYXNweD9BdHRhY2hEQj1BYXR0ZW5kYW50REJfSVRSRCZhbXA7QXR0YWNoSUQ9dGVzdDEwMjA5OTg2NDdiNmYxLTRmMDYtNGYxNi05MTIwLWRkYzM1N2E1NDk4ZSZhbXA7QXR0YWNoRmlsZU1heFF0eT0xJmFtcDtBdHRhY2hGaWxlTWF4S0I9MzA3MiZhbXA7QXR0YWNoRmlsZVRvdEtCPTMwNzImYW1wO0F0dGFjaEZpbGVFeHRMaXN0PSIgUmVjb3JkZWRWYWx1ZT0iL1V0aWwvQXR0YWNoQWRtaW4uYXNweD9BdHRhY2hEQj1BYXR0ZW5kYW50REJfSVRSRCZhbXA7QXR0YWNoSUQ9dGVzdDEwMjA5OTg2NDdiNmYxLTRmMDYtNGYxNi05MTIwLWRkYzM1N2E1NDk4ZSZhbXA7QXR0YWNoRmlsZU1heFF0eT0xJmFtcDtBdHRhY2hGaWxlTWF4S0I9MzA3MiZhbXA7QXR0YWNoRmlsZVRvdEtCPTMwNzImYW1wO0F0dGFjaEZpbGVFeHRMaXN0PSIgQ29ycmVsYXRpb25CaW5kaW5nPSIiIFVybEVuY29kZT0iVHJ1ZSIgLz4NCiAgICAgICAgPEZvcm1Qb3N0UGFyYW1ldGVyIE5hbWU9InVjTW9kYWxQb3B1cDEkQ2xpZW50V2lkdGgiIFZhbHVlPSJ7eyRISURERU4xLnVjTW9kYWxQb3B1cDEkQ2xpZW50V2lkdGh9fSIgUmVjb3JkZWRWYWx1ZT0iMCIgQ29ycmVsYXRpb25CaW5kaW5nPSIiIFVybEVuY29kZT0iVHJ1ZSIgLz4NCiAgICAgICAgPEZvcm1Qb3N0UGFyYW1ldGVyIE5hbWU9InVjTW9kYWxQb3B1cDEkQ2xpZW50SGVpZ2h0IiBWYWx1ZT0ie3skSElEREVOMS51Y01vZGFsUG9wdXAxJENsaWVudEhlaWdodH19IiBSZWNvcmRlZFZhbHVlPSIwIiBDb3JyZWxhdGlvbkJpbmRpbmc9IiIgVXJsRW5jb2RlPSJUcnVlIiAvPg0KICAgICAgPC9Gb3JtUG9zdEh0dHBCb2R5Pg0KICAgIDwvUmVxdWVzdD4NCiAgICA8UmVxdWVzdCBNZXRob2Q9IlBPU1QiIEd1aWQ9IjMyMTk1M2UwLTFlN2EtNDZkZC1hYjY5LTdlODEyOWYxZThlMSIgVmVyc2lvbj0iMS4xIiBVcmw9Imh0dHA6Ly8xMC4xMS4zNi4xMTQ6ODAwNy9PdmVyVGltZS9PdmVydGltZVByZU9yZGVyX01vZGlmeS5hc3B4IiBUaGlua1RpbWU9IjQiIFRpbWVvdXQ9IjMwMCIgUGFyc2VEZXBlbmRlbnRSZXF1ZXN0cz0iVHJ1ZSIgRm9sbG93UmVkaXJlY3RzPSJUcnVlIiBSZWNvcmRSZXN1bHQ9IlRydWUiIENhY2hlPSJGYWxzZSIgUmVzcG9uc2VUaW1lR29hbD0iMCIgRW5jb2Rpbmc9InV0Zi04IiBFeHBlY3RlZEh0dHBTdGF0dXNDb2RlPSIwIiBFeHBlY3RlZFJlc3BvbnNlVXJsPSIiIFJlcG9ydGluZ05hbWU9IiIgSWdub3JlSHR0cFN0YXR1c0NvZGU9IkZhbHNlIj4NCiAgICAgIDxFeHRyYWN0aW9uUnVsZXM+DQogICAgICAgIDxFeHRyYWN0aW9uUnVsZSBDbGFzc25hbWU9Ik1pY3Jvc29mdC5WaXN1YWxTdHVkaW8uVGVzdFRvb2xzLldlYlRlc3RpbmcuUnVsZXMuRXh0cmFjdEhpZGRlbkZpZWxkcywgTWljcm9zb2Z0LlZpc3VhbFN0dWRpby5RdWFsaXR5VG9vbHMuV2ViVGVzdEZyYW1ld29yaywgVmVyc2lvbj0xMC4wLjAuMCwgQ3VsdHVyZT1uZXV0cmFsLCBQdWJsaWNLZXlUb2tlbj1iMDNmNWY3ZjExZDUwYTNhIiBWYXJpYWJsZU5hbWU9IjEiIERpc3BsYXlOYW1lPSLmk7flj5bpmrHol4/mrITkvY0iIERlc2NyaXB0aW9uPSLmk7flj5blm57mh4nkuK3nmoTmiYDmnInpmrHol4/mrITkvY3vvIzkuKblsIflroPlgJHmlL7lnKjmuKzoqablhaflrrnkuK3jgIIiPg0KICAgICAgICAgIDxSdWxlUGFyYW1ldGVycz4NCiAgICAgICAgICAgIDxSdWxlUGFyYW1ldGVyIE5hbWU9IlJlcXVpcmVkIiBWYWx1ZT0iVHJ1ZSIgLz4NCiAgICAgICAgICAgIDxSdWxlUGFyYW1ldGVyIE5hbWU9Ikh0bWxEZWNvZGUiIFZhbHVlPSJUcnVlIiAvPg0KICAgICAgICAgIDwvUnVsZVBhcmFtZXRlcnM+DQogICAgICAgIDwvRXh0cmFjdGlvblJ1bGU+DQogICAgICAgIDxFeHRyYWN0aW9uUnVsZSBDbGFzc25hbWU9Ik1pY3Jvc29mdC5WaXN1YWxTdHVkaW8uVGVzdFRvb2xzLldlYlRlc3RpbmcuUnVsZXMuRXh0cmFjdFRleHQsIE1pY3Jvc29mdC5WaXN1YWxTdHVkaW8uUXVhbGl0eVRvb2xzLldlYlRlc3RGcmFtZXdvcmssIFZlcnNpb249MTAuMC4wLjAsIEN1bHR1cmU9bmV1dHJhbCwgUHVibGljS2V5VG9rZW49YjAzZjVmN2YxMWQ1MGEzYSIgVmFyaWFibGVOYW1lPSJRdWVyeVN0cmluZ1BhcmFtNy5PVFR4bklEIiBEaXNwbGF5TmFtZT0i5pO35Y+W5paH5a2XIiBEZXNjcmlwdGlvbj0i5b6e5Zue5oeJ5Lit5pO35Y+W5paH5a2X77yM5Lim5bCH5a6D5pS+5YWl5ris6Kmm5YWn5a655Lit44CCIj4NCiAgICAgICAgICA8UnVsZVBhcmFtZXRlcnM+DQogICAgICAgICAgICA8UnVsZVBhcmFtZXRlciBOYW1lPSJTdGFydHNXaXRoIiBWYWx1ZT0iJmFtcDthbXA7T1RUeG5JRD0iIC8+DQogICAgICAgICAgICA8UnVsZVBhcmFtZXRlciBOYW1lPSJFbmRzV2l0aCIgVmFsdWU9IiZhbXA7IiAvPg0KICAgICAgICAgICAgPFJ1bGVQYXJhbWV0ZXIgTmFtZT0iSW5kZXgiIFZhbHVlPSIwIiAvPg0KICAgICAgICAgICAgPFJ1bGVQYXJhbWV0ZXIgTmFtZT0iSWdub3JlQ2FzZSIgVmFsdWU9IkZhbHNlIiAvPg0KICAgICAgICAgICAgPFJ1bGVQYXJhbWV0ZXIgTmFtZT0iVXNlUmVndWxhckV4cHJlc3Npb24iIFZhbHVlPSJGYWxzZSIgLz4NCiAgICAgICAgICAgIDxSdWxlUGFyYW1ldGVyIE5hbWU9Ikh0bWxEZWNvZGUiIFZhbHVlPSJUcnVlIiAvPg0KICAgICAgICAgICAgPFJ1bGVQYXJhbWV0ZXIgTmFtZT0iUmVxdWlyZWQiIFZhbHVlPSJGYWxzZSIgLz4NCiAgICAgICAgICA8L1J1bGVQYXJhbWV0ZXJzPg0KICAgICAgICA8L0V4dHJhY3Rpb25SdWxlPg0KICAgICAgPC9FeHRyYWN0aW9uUnVsZXM+DQogICAgICA8Q29ycmVsYXRpb25FeHRyYWN0aW9uUnVsZXM+DQogICAgICAgIDxFeHRyYWN0aW9uUnVsZSBDbGFzc25hbWU9Ik1pY3Jvc29mdC5WaXN1YWxTdHVkaW8uVGVzdFRvb2xzLldlYlRlc3RpbmcuUnVsZXMuRXh0cmFjdFRleHQsIE1pY3Jvc29mdC5WaXN1YWxTdHVkaW8uUXVhbGl0eVRvb2xzLldlYlRlc3RGcmFtZXdvcmssIFZlcnNpb249MTAuMC4wLjAsIEN1bHR1cmU9bmV1dHJhbCwgUHVibGljS2V5VG9rZW49YjAzZjVmN2YxMWQ1MGEzYSIgVmFyaWFibGVOYW1lPSJRdWVyeVN0cmluZ1BhcmFtMS5PVENvbXBJRCIgRGlzcGxheU5hbWU9IiIgRGVzY3JpcHRpb249IiI+DQogICAgICAgICAgPFJ1bGVQYXJhbWV0ZXJzPg0KICAgICAgICAgICAgPFJ1bGVQYXJhbWV0ZXIgTmFtZT0iU3RhcnRzV2l0aCIgVmFsdWU9Ij9PVENvbXBJRD0iIC8+DQogICAgICAgICAgICA8UnVsZVBhcmFtZXRlciBOYW1lPSJFbmRzV2l0aCIgVmFsdWU9IiZhbXA7IiAvPg0KICAgICAgICAgICAgPFJ1bGVQYXJhbWV0ZXIgTmFtZT0iSW5kZXgiIFZhbHVlPSIwIiAvPg0KICAgICAgICAgICAgPFJ1bGVQYXJhbWV0ZXIgTmFtZT0iSWdub3JlQ2FzZSIgVmFsdWU9IkZhbHNlIiAvPg0KICAgICAgICAgICAgPFJ1bGVQYXJhbWV0ZXIgTmFtZT0iVXNlUmVndWxhckV4cHJlc3Npb24iIFZhbHVlPSJGYWxzZSIgLz4NCiAgICAgICAgICAgIDxSdWxlUGFyYW1ldGVyIE5hbWU9Ikh0bWxEZWNvZGUiIFZhbHVlPSJUcnVlIiAvPg0KICAgICAgICAgICAgPFJ1bGVQYXJhbWV0ZXIgTmFtZT0iUmVxdWlyZWQiIFZhbHVlPSJGYWxzZSIgLz4NCiAgICAgICAgICA8L1J1bGVQYXJhbWV0ZXJzPg0KICAgICAgICA8L0V4dHJhY3Rpb25SdWxlPg0KICAgICAgICA8RXh0cmFjdGlvblJ1bGUgQ2xhc3NuYW1lPSJNaWNyb3NvZnQuVmlzdWFsU3R1ZGlvLlRlc3RUb29scy5XZWJUZXN0aW5nLlJ1bGVzLkV4dHJhY3RUZXh0LCBNaWNyb3NvZnQuVmlzdWFsU3R1ZGlvLlF1YWxpdHlUb29scy5XZWJUZXN0RnJhbWV3b3JrLCBWZXJzaW9uPTEwLjAuMC4wLCBDdWx0dXJlPW5ldXRyYWwsIFB1YmxpY0tleVRva2VuPWIwM2Y1ZjdmMTFkNTBhM2EiIFZhcmlhYmxlTmFtZT0iUXVlcnlTdHJpbmdQYXJhbTIuT1RFbXBJRCIgRGlzcGxheU5hbWU9IiIgRGVzY3JpcHRpb249IiI+DQogICAgICAgICAgPFJ1bGVQYXJhbWV0ZXJzPg0KICAgICAgICAgICAgPFJ1bGVQYXJhbWV0ZXIgTmFtZT0iU3RhcnRzV2l0aCIgVmFsdWU9IiZhbXA7YW1wO09URW1wSUQ9IiAvPg0KICAgICAgICAgICAgPFJ1bGVQYXJhbWV0ZXIgTmFtZT0iRW5kc1dpdGgiIFZhbHVlPSImYW1wOyIgLz4NCiAgICAgICAgICAgIDxSdWxlUGFyYW1ldGVyIE5hbWU9IkluZGV4IiBWYWx1ZT0iMCIgLz4NCiAgICAgICAgICAgIDxSdWxlUGFyYW1ldGVyIE5hbWU9Iklnbm9yZUNhc2UiIFZhbHVlPSJGYWxzZSIgLz4NCiAgICAgICAgICAgIDxSdWxlUGFyYW1ldGVyIE5hbWU9IlVzZVJlZ3VsYXJFeHByZXNzaW9uIiBWYWx1ZT0iRmFsc2UiIC8+DQogICAgICAgICAgICA8UnVsZVBhcmFtZXRlciBOYW1lPSJIdG1sRGVjb2RlIiBWYWx1ZT0iVHJ1ZSIgLz4NCiAgICAgICAgICAgIDxSdWxlUGFyYW1ldGVyIE5hbWU9IlJlcXVpcmVkIiBWYWx1ZT0iRmFsc2UiIC8+DQogICAgICAgICAgPC9SdWxlUGFyYW1ldGVycz4NCiAgICAgICAgPC9FeHRyYWN0aW9uUnVsZT4NCiAgICAgICAgPEV4dHJhY3Rpb25SdWxlIENsYXNzbmFtZT0iTWljcm9zb2Z0LlZpc3VhbFN0dWRpby5UZXN0VG9vbHMuV2ViVGVzdGluZy5SdWxlcy5FeHRyYWN0VGV4dCwgTWljcm9zb2Z0LlZpc3VhbFN0dWRpby5RdWFsaXR5VG9vbHMuV2ViVGVzdEZyYW1ld29yaywgVmVyc2lvbj0xMC4wLjAuMCwgQ3VsdHVyZT1uZXV0cmFsLCBQdWJsaWNLZXlUb2tlbj1iMDNmNWY3ZjExZDUwYTNhIiBWYXJpYWJsZU5hbWU9IlF1ZXJ5U3RyaW5nUGFyYW0zLk9UU3RhcnREYXRlIiBEaXNwbGF5TmFtZT0iIiBEZXNjcmlwdGlvbj0iIj4NCiAgICAgICAgICA8UnVsZVBhcmFtZXRlcnM+DQogICAgICAgICAgICA8UnVsZVBhcmFtZXRlciBOYW1lPSJTdGFydHNXaXRoIiBWYWx1ZT0iJmFtcDthbXA7T1RTdGFydERhdGU9IiAvPg0KICAgICAgICAgICAgPFJ1bGVQYXJhbWV0ZXIgTmFtZT0iRW5kc1dpdGgiIFZhbHVlPSImYW1wOyIgLz4NCiAgICAgICAgICAgIDxSdWxlUGFyYW1ldGVyIE5hbWU9IkluZGV4IiBWYWx1ZT0iMCIgLz4NCiAgICAgICAgICAgIDxSdWxlUGFyYW1ldGVyIE5hbWU9Iklnbm9yZUNhc2UiIFZhbHVlPSJGYWxzZSIgLz4NCiAgICAgICAgICAgIDxSdWxlUGFyYW1ldGVyIE5hbWU9IlVzZVJlZ3VsYXJFeHByZXNzaW9uIiBWYWx1ZT0iRmFsc2UiIC8+DQogICAgICAgICAgICA8UnVsZVBhcmFtZXRlciBOYW1lPSJIdG1sRGVjb2RlIiBWYWx1ZT0iVHJ1ZSIgLz4NCiAgICAgICAgICAgIDxSdWxlUGFyYW1ldGVyIE5hbWU9IlJlcXVpcmVkIiBWYWx1ZT0iRmFsc2UiIC8+DQogICAgICAgICAgPC9SdWxlUGFyYW1ldGVycz4NCiAgICAgICAgPC9FeHRyYWN0aW9uUnVsZT4NCiAgICAgICAgPEV4dHJhY3Rpb25SdWxlIENsYXNzbmFtZT0iTWljcm9zb2Z0LlZpc3VhbFN0dWRpby5UZXN0VG9vbHMuV2ViVGVzdGluZy5SdWxlcy5FeHRyYWN0VGV4dCwgTWljcm9zb2Z0LlZpc3VhbFN0dWRpby5RdWFsaXR5VG9vbHMuV2ViVGVzdEZyYW1ld29yaywgVmVyc2lvbj0xMC4wLjAuMCwgQ3VsdHVyZT1uZXV0cmFsLCBQdWJsaWNLZXlUb2tlbj1iMDNmNWY3ZjExZDUwYTNhIiBWYXJpYWJsZU5hbWU9IlF1ZXJ5U3RyaW5nUGFyYW00Lk9URW5kRGF0ZSIgRGlzcGxheU5hbWU9IiIgRGVzY3JpcHRpb249IiI+DQogICAgICAgICAgPFJ1bGVQYXJhbWV0ZXJzPg0KICAgICAgICAgICAgPFJ1bGVQYXJhbWV0ZXIgTmFtZT0iU3RhcnRzV2l0aCIgVmFsdWU9IiZhbXA7YW1wO09URW5kRGF0ZT0iIC8+DQogICAgICAgICAgICA8UnVsZVBhcmFtZXRlciBOYW1lPSJFbmRzV2l0aCIgVmFsdWU9IiZhbXA7IiAvPg0KICAgICAgICAgICAgPFJ1bGVQYXJhbWV0ZXIgTmFtZT0iSW5kZXgiIFZhbHVlPSIwIiAvPg0KICAgICAgICAgICAgPFJ1bGVQYXJhbWV0ZXIgTmFtZT0iSWdub3JlQ2FzZSIgVmFsdWU9IkZhbHNlIiAvPg0KICAgICAgICAgICAgPFJ1bGVQYXJhbWV0ZXIgTmFtZT0iVXNlUmVndWxhckV4cHJlc3Npb24iIFZhbHVlPSJGYWxzZSIgLz4NCiAgICAgICAgICAgIDxSdWxlUGFyYW1ldGVyIE5hbWU9Ikh0bWxEZWNvZGUiIFZhbHVlPSJUcnVlIiAvPg0KICAgICAgICAgICAgPFJ1bGVQYXJhbWV0ZXIgTmFtZT0iUmVxdWlyZWQiIFZhbHVlPSJGYWxzZSIgLz4NCiAgICAgICAgICA8L1J1bGVQYXJhbWV0ZXJzPg0KICAgICAgICA8L0V4dHJhY3Rpb25SdWxlPg0KICAgICAgICA8RXh0cmFjdGlvblJ1bGUgQ2xhc3NuYW1lPSJNaWNyb3NvZnQuVmlzdWFsU3R1ZGlvLlRlc3RUb29scy5XZWJUZXN0aW5nLlJ1bGVzLkV4dHJhY3RUZXh0LCBNaWNyb3NvZnQuVmlzdWFsU3R1ZGlvLlF1YWxpdHlUb29scy5XZWJUZXN0RnJhbWV3b3JrLCBWZXJzaW9uPTEwLjAuMC4wLCBDdWx0dXJlPW5ldXRyYWwsIFB1YmxpY0tleVRva2VuPWIwM2Y1ZjdmMTFkNTBhM2EiIFZhcmlhYmxlTmFtZT0iUXVlcnlTdHJpbmdQYXJhbTUuT1RTdGFydFRpbWUiIERpc3BsYXlOYW1lPSIiIERlc2NyaXB0aW9uPSIiPg0KICAgICAgICAgIDxSdWxlUGFyYW1ldGVycz4NCiAgICAgICAgICAgIDxSdWxlUGFyYW1ldGVyIE5hbWU9IlN0YXJ0c1dpdGgiIFZhbHVlPSImYW1wO2FtcDtPVFN0YXJ0VGltZT0iIC8+DQogICAgICAgICAgICA8UnVsZVBhcmFtZXRlciBOYW1lPSJFbmRzV2l0aCIgVmFsdWU9IiZhbXA7IiAvPg0KICAgICAgICAgICAgPFJ1bGVQYXJhbWV0ZXIgTmFtZT0iSW5kZXgiIFZhbHVlPSIwIiAvPg0KICAgICAgICAgICAgPFJ1bGVQYXJhbWV0ZXIgTmFtZT0iSWdub3JlQ2FzZSIgVmFsdWU9IkZhbHNlIiAvPg0KICAgICAgICAgICAgPFJ1bGVQYXJhbWV0ZXIgTmFtZT0iVXNlUmVndWxhckV4cHJlc3Npb24iIFZhbHVlPSJGYWxzZSIgLz4NCiAgICAgICAgICAgIDxSdWxlUGFyYW1ldGVyIE5hbWU9Ikh0bWxEZWNvZGUiIFZhbHVlPSJUcnVlIiAvPg0KICAgICAgICAgICAgPFJ1bGVQYXJhbWV0ZXIgTmFtZT0iUmVxdWlyZWQiIFZhbHVlPSJGYWxzZSIgLz4NCiAgICAgICAgICA8L1J1bGVQYXJhbWV0ZXJzPg0KICAgICAgICA8L0V4dHJhY3Rpb25SdWxlPg0KICAgICAgICA8RXh0cmFjdGlvblJ1bGUgQ2xhc3NuYW1lPSJNaWNyb3NvZnQuVmlzdWFsU3R1ZGlvLlRlc3RUb29scy5XZWJUZXN0aW5nLlJ1bGVzLkV4dHJhY3RUZXh0LCBNaWNyb3NvZnQuVmlzdWFsU3R1ZGlvLlF1YWxpdHlUb29scy5XZWJUZXN0RnJhbWV3b3JrLCBWZXJzaW9uPTEwLjAuMC4wLCBDdWx0dXJlPW5ldXRyYWwsIFB1YmxpY0tleVRva2VuPWIwM2Y1ZjdmMTFkNTBhM2EiIFZhcmlhYmxlTmFtZT0iUXVlcnlTdHJpbmdQYXJhbTYuT1RFbmRUaW1lIiBEaXNwbGF5TmFtZT0iIiBEZXNjcmlwdGlvbj0iIj4NCiAgICAgICAgICA8UnVsZVBhcmFtZXRlcnM+DQogICAgICAgICAgICA8UnVsZVBhcmFtZXRlciBOYW1lPSJTdGFydHNXaXRoIiBWYWx1ZT0iJmFtcDthbXA7T1RFbmRUaW1lPSIgLz4NCiAgICAgICAgICAgIDxSdWxlUGFyYW1ldGVyIE5hbWU9IkVuZHNXaXRoIiBWYWx1ZT0iJmFtcDsiIC8+DQogICAgICAgICAgICA8UnVsZVBhcmFtZXRlciBOYW1lPSJJbmRleCIgVmFsdWU9IjAiIC8+DQogICAgICAgICAgICA8UnVsZVBhcmFtZXRlciBOYW1lPSJJZ25vcmVDYXNlIiBWYWx1ZT0iRmFsc2UiIC8+DQogICAgICAgICAgICA8UnVsZVBhcmFtZXRlciBOYW1lPSJVc2VSZWd1bGFyRXhwcmVzc2lvbiIgVmFsdWU9IkZhbHNlIiAvPg0KICAgICAgICAgICAgPFJ1bGVQYXJhbWV0ZXIgTmFtZT0iSHRtbERlY29kZSIgVmFsdWU9IlRydWUiIC8+DQogICAgICAgICAgICA8UnVsZVBhcmFtZXRlciBOYW1lPSJSZXF1aXJlZCIgVmFsdWU9IkZhbHNlIiAvPg0KICAgICAgICAgIDwvUnVsZVBhcmFtZXRlcnM+DQogICAgICAgIDwvRXh0cmFjdGlvblJ1bGU+DQogICAgICAgIDxFeHRyYWN0aW9uUnVsZSBDbGFzc25hbWU9Ik1pY3Jvc29mdC5WaXN1YWxTdHVkaW8uVGVzdFRvb2xzLldlYlRlc3RpbmcuUnVsZXMuRXh0cmFjdFRleHQsIE1pY3Jvc29mdC5WaXN1YWxTdHVkaW8uUXVhbGl0eVRvb2xzLldlYlRlc3RGcmFtZXdvcmssIFZlcnNpb249MTAuMC4wLjAsIEN1bHR1cmU9bmV1dHJhbCwgUHVibGljS2V5VG9rZW49YjAzZjVmN2YxMWQ1MGEzYSIgVmFyaWFibGVOYW1lPSJRdWVyeVN0cmluZ1BhcmFtOC5PVEZvcm1OTyIgRGlzcGxheU5hbWU9IiIgRGVzY3JpcHRpb249IiI+DQogICAgICAgICAgPFJ1bGVQYXJhbWV0ZXJzPg0KICAgICAgICAgICAgPFJ1bGVQYXJhbWV0ZXIgTmFtZT0iU3RhcnRzV2l0aCIgVmFsdWU9IiZhbXA7YW1wO09URm9ybU5PPSIgLz4NCiAgICAgICAgICAgIDxSdWxlUGFyYW1ldGVyIE5hbWU9IkVuZHNXaXRoIiBWYWx1ZT0iJnF1b3Q7IiAvPg0KICAgICAgICAgICAgPFJ1bGVQYXJhbWV0ZXIgTmFtZT0iSW5kZXgiIFZhbHVlPSIwIiAvPg0KICAgICAgICAgICAgPFJ1bGVQYXJhbWV0ZXIgTmFtZT0iSWdub3JlQ2FzZSIgVmFsdWU9IkZhbHNlIiAvPg0KICAgICAgICAgICAgPFJ1bGVQYXJhbWV0ZXIgTmFtZT0iVXNlUmVndWxhckV4cHJlc3Npb24iIFZhbHVlPSJGYWxzZSIgLz4NCiAgICAgICAgICAgIDxSdWxlUGFyYW1ldGVyIE5hbWU9Ikh0bWxEZWNvZGUiIFZhbHVlPSJUcnVlIiAvPg0KICAgICAgICAgICAgPFJ1bGVQYXJhbWV0ZXIgTmFtZT0iUmVxdWlyZWQiIFZhbHVlPSJGYWxzZSIgLz4NCiAgICAgICAgICA8L1J1bGVQYXJhbWV0ZXJzPg0KICAgICAgICA8L0V4dHJhY3Rpb25SdWxlPg0KICAgICAgICA8RXh0cmFjdGlvblJ1bGUgQ2xhc3NuYW1lPSJNaWNyb3NvZnQuVmlzdWFsU3R1ZGlvLlRlc3RUb29scy5XZWJUZXN0aW5nLlJ1bGVzLkV4dHJhY3RGb3JtRmllbGQsIE1pY3Jvc29mdC5WaXN1YWxTdHVkaW8uUXVhbGl0eVRvb2xzLldlYlRlc3RGcmFtZXdvcmssIFZlcnNpb249MTAuMC4wLjAsIEN1bHR1cmU9bmV1dHJhbCwgUHVibGljS2V5VG9rZW49YjAzZjVmN2YxMWQ1MGEzYSIgVmFyaWFibGVOYW1lPSJGb3JtUG9zdFBhcmFtNS5idG5FeGl0IiBEaXNwbGF5TmFtZT0iIiBEZXNjcmlwdGlvbj0iIj4NCiAgICAgICAgICA8UnVsZVBhcmFtZXRlcnM+DQogICAgICAgICAgICA8UnVsZVBhcmFtZXRlciBOYW1lPSJOYW1lIiBWYWx1ZT0iYnRuRXhpdCIgLz4NCiAgICAgICAgICAgIDxSdWxlUGFyYW1ldGVyIE5hbWU9Ikh0bWxEZWNvZGUiIFZhbHVlPSJUcnVlIiAvPg0KICAgICAgICAgICAgPFJ1bGVQYXJhbWV0ZXIgTmFtZT0iUmVxdWlyZWQiIFZhbHVlPSJGYWxzZSIgLz4NCiAgICAgICAgICAgIDxSdWxlUGFyYW1ldGVyIE5hbWU9IkluZGV4IiBWYWx1ZT0iMCIgLz4NCiAgICAgICAgICA8L1J1bGVQYXJhbWV0ZXJzPg0KICAgICAgICA8L0V4dHJhY3Rpb25SdWxlPg0KICAgICAgICA8RXh0cmFjdGlvblJ1bGUgQ2xhc3NuYW1lPSJNaWNyb3NvZnQuVmlzdWFsU3R1ZGlvLlRlc3RUb29scy5XZWJUZXN0aW5nLlJ1bGVzLkV4dHJhY3RGb3JtRmllbGQsIE1pY3Jvc29mdC5WaXN1YWxTdHVkaW8uUXVhbGl0eVRvb2xzLldlYlRlc3RGcmFtZXdvcmssIFZlcnNpb249MTAuMC4wLjAsIEN1bHR1cmU9bmV1dHJhbCwgUHVibGljS2V5VG9rZW49YjAzZjVmN2YxMWQ1MGEzYSIgVmFyaWFibGVOYW1lPSJGb3JtUG9zdFBhcmFtNi51Y0RhdGVTdGFydCR0eHREYXRlIiBEaXNwbGF5TmFtZT0iIiBEZXNjcmlwdGlvbj0iIj4NCiAgICAgICAgICA8UnVsZVBhcmFtZXRlcnM+DQogICAgICAgICAgICA8UnVsZVBhcmFtZXRlciBOYW1lPSJOYW1lIiBWYWx1ZT0idWNEYXRlU3RhcnRfdHh0RGF0ZSIgLz4NCiAgICAgICAgICAgIDxSdWxlUGFyYW1ldGVyIE5hbWU9Ikh0bWxEZWNvZGUiIFZhbHVlPSJUcnVlIiAvPg0KICAgICAgICAgICAgPFJ1bGVQYXJhbWV0ZXIgTmFtZT0iUmVxdWlyZWQiIFZhbHVlPSJGYWxzZSIgLz4NCiAgICAgICAgICAgIDxSdWxlUGFyYW1ldGVyIE5hbWU9IkluZGV4IiBWYWx1ZT0iMCIgLz4NCiAgICAgICAgICA8L1J1bGVQYXJhbWV0ZXJzPg0KICAgICAgICA8L0V4dHJhY3Rpb25SdWxlPg0KICAgICAgICA8RXh0cmFjdGlvblJ1bGUgQ2xhc3NuYW1lPSJNaWNyb3NvZnQuVmlzdWFsU3R1ZGlvLlRlc3RUb29scy5XZWJUZXN0aW5nLlJ1bGVzLkV4dHJhY3RGb3JtRmllbGQsIE1pY3Jvc29mdC5WaXN1YWxTdHVkaW8uUXVhbGl0eVRvb2xzLldlYlRlc3RGcmFtZXdvcmssIFZlcnNpb249MTAuMC4wLjAsIEN1bHR1cmU9bmV1dHJhbCwgUHVibGljS2V5VG9rZW49YjAzZjVmN2YxMWQ1MGEzYSIgVmFyaWFibGVOYW1lPSJGb3JtUG9zdFBhcmFtNy51Y0RhdGVFbmQkdHh0RGF0ZSIgRGlzcGxheU5hbWU9IiIgRGVzY3JpcHRpb249IiI+DQogICAgICAgICAgPFJ1bGVQYXJhbWV0ZXJzPg0KICAgICAgICAgICAgPFJ1bGVQYXJhbWV0ZXIgTmFtZT0iTmFtZSIgVmFsdWU9InVjRGF0ZUVuZF90eHREYXRlIiAvPg0KICAgICAgICAgICAgPFJ1bGVQYXJhbWV0ZXIgTmFtZT0iSHRtbERlY29kZSIgVmFsdWU9IlRydWUiIC8+DQogICAgICAgICAgICA8UnVsZVBhcmFtZXRlciBOYW1lPSJSZXF1aXJlZCIgVmFsdWU9IkZhbHNlIiAvPg0KICAgICAgICAgICAgPFJ1bGVQYXJhbWV0ZXIgTmFtZT0iSW5kZXgiIFZhbHVlPSIwIiAvPg0KICAgICAgICAgIDwvUnVsZVBhcmFtZXRlcnM+DQogICAgICAgIDwvRXh0cmFjdGlvblJ1bGU+DQogICAgICAgIDxFeHRyYWN0aW9uUnVsZSBDbGFzc25hbWU9Ik1pY3Jvc29mdC5WaXN1YWxTdHVkaW8uVGVzdFRvb2xzLldlYlRlc3RpbmcuUnVsZXMuRXh0cmFjdFRleHQsIE1pY3Jvc29mdC5WaXN1YWxTdHVkaW8uUXVhbGl0eVRvb2xzLldlYlRlc3RGcmFtZXdvcmssIFZlcnNpb249MTAuMC4wLjAsIEN1bHR1cmU9bmV1dHJhbCwgUHVibGljS2V5VG9rZW49YjAzZjVmN2YxMWQ1MGEzYSIgVmFyaWFibGVOYW1lPSJGb3JtUG9zdFBhcmFtOC5kZGxTYWxhcnlPckFkanVzdCIgRGlzcGxheU5hbWU9IiIgRGVzY3JpcHRpb249IiI+DQogICAgICAgICAgPFJ1bGVQYXJhbWV0ZXJzPg0KICAgICAgICAgICAgPFJ1bGVQYXJhbWV0ZXIgTmFtZT0iU3RhcnRzV2l0aCIgVmFsdWU9IiZxdW90OzEmcXVvdDssJnF1b3Q7IiAvPg0KICAgICAgICAgICAgPFJ1bGVQYXJhbWV0ZXIgTmFtZT0iRW5kc1dpdGgiIFZhbHVlPSImcXVvdDssJnF1b3Q7MyZxdW90OyIgLz4NCiAgICAgICAgICAgIDxSdWxlUGFyYW1ldGVyIE5hbWU9IkluZGV4IiBWYWx1ZT0iMCIgLz4NCiAgICAgICAgICAgIDxSdWxlUGFyYW1ldGVyIE5hbWU9Iklnbm9yZUNhc2UiIFZhbHVlPSJGYWxzZSIgLz4NCiAgICAgICAgICAgIDxSdWxlUGFyYW1ldGVyIE5hbWU9IlVzZVJlZ3VsYXJFeHByZXNzaW9uIiBWYWx1ZT0iRmFsc2UiIC8+DQogICAgICAgICAgICA8UnVsZVBhcmFtZXRlciBOYW1lPSJIdG1sRGVjb2RlIiBWYWx1ZT0iVHJ1ZSIgLz4NCiAgICAgICAgICAgIDxSdWxlUGFyYW1ldGVyIE5hbWU9IlJlcXVpcmVkIiBWYWx1ZT0iRmFsc2UiIC8+DQogICAgICAgICAgPC9SdWxlUGFyYW1ldGVycz4NCiAgICAgICAgPC9FeHRyYWN0aW9uUnVsZT4NCiAgICAgICAgPEV4dHJhY3Rpb25SdWxlIENsYXNzbmFtZT0iTWljcm9zb2Z0LlZpc3VhbFN0dWRpby5UZXN0VG9vbHMuV2ViVGVzdGluZy5SdWxlcy5FeHRyYWN0VGV4dCwgTWljcm9zb2Z0LlZpc3VhbFN0dWRpby5RdWFsaXR5VG9vbHMuV2ViVGVzdEZyYW1ld29yaywgVmVyc2lvbj0xMC4wLjAuMCwgQ3VsdHVyZT1uZXV0cmFsLCBQdWJsaWNLZXlUb2tlbj1iMDNmNWY3ZjExZDUwYTNhIiBWYXJpYWJsZU5hbWU9IkZvcm1Qb3N0UGFyYW05Lk9UVGltZVN0YXJ0JGRkbEhIIiBEaXNwbGF5TmFtZT0iIiBEZXNjcmlwdGlvbj0iIj4NCiAgICAgICAgICA8UnVsZVBhcmFtZXRlcnM+DQogICAgICAgICAgICA8UnVsZVBhcmFtZXRlciBOYW1lPSJTdGFydHNXaXRoIiBWYWx1ZT0ibHVlPSZxdW90OyIgLz4NCiAgICAgICAgICAgIDxSdWxlUGFyYW1ldGVyIE5hbWU9IkVuZHNXaXRoIiBWYWx1ZT0iJnF1b3Q7Jmd0OzIyJmx0OyIgLz4NCiAgICAgICAgICAgIDxSdWxlUGFyYW1ldGVyIE5hbWU9IkluZGV4IiBWYWx1ZT0iNDUiIC8+DQogICAgICAgICAgICA8UnVsZVBhcmFtZXRlciBOYW1lPSJJZ25vcmVDYXNlIiBWYWx1ZT0iRmFsc2UiIC8+DQogICAgICAgICAgICA8UnVsZVBhcmFtZXRlciBOYW1lPSJVc2VSZWd1bGFyRXhwcmVzc2lvbiIgVmFsdWU9IkZhbHNlIiAvPg0KICAgICAgICAgICAgPFJ1bGVQYXJhbWV0ZXIgTmFtZT0iSHRtbERlY29kZSIgVmFsdWU9IlRydWUiIC8+DQogICAgICAgICAgICA8UnVsZVBhcmFtZXRlciBOYW1lPSJSZXF1aXJlZCIgVmFsdWU9IkZhbHNlIiAvPg0KICAgICAgICAgIDwvUnVsZVBhcmFtZXRlcnM+DQogICAgICAgIDwvRXh0cmFjdGlvblJ1bGU+DQogICAgICAgIDxFeHRyYWN0aW9uUnVsZSBDbGFzc25hbWU9Ik1pY3Jvc29mdC5WaXN1YWxTdHVkaW8uVGVzdFRvb2xzLldlYlRlc3RpbmcuUnVsZXMuRXh0cmFjdFRleHQsIE1pY3Jvc29mdC5WaXN1YWxTdHVkaW8uUXVhbGl0eVRvb2xzLldlYlRlc3RGcmFtZXdvcmssIFZlcnNpb249MTAuMC4wLjAsIEN1bHR1cmU9bmV1dHJhbCwgUHVibGljS2V5VG9rZW49YjAzZjVmN2YxMWQ1MGEzYSIgVmFyaWFibGVOYW1lPSJGb3JtUG9zdFBhcmFtMTAuT1RUaW1lU3RhcnQkZGRsTU0iIERpc3BsYXlOYW1lPSIiIERlc2NyaXB0aW9uPSIiPg0KICAgICAgICAgIDxSdWxlUGFyYW1ldGVycz4NCiAgICAgICAgICAgIDxSdWxlUGFyYW1ldGVyIE5hbWU9IlN0YXJ0c1dpdGgiIFZhbHVlPSJsdWU9JnF1b3Q7IiAvPg0KICAgICAgICAgICAgPFJ1bGVQYXJhbWV0ZXIgTmFtZT0iRW5kc1dpdGgiIFZhbHVlPSImcXVvdDsmZ3Q7MDAmbHQ7IiAvPg0KICAgICAgICAgICAgPFJ1bGVQYXJhbWV0ZXIgTmFtZT0iSW5kZXgiIFZhbHVlPSIyMyIgLz4NCiAgICAgICAgICAgIDxSdWxlUGFyYW1ldGVyIE5hbWU9Iklnbm9yZUNhc2UiIFZhbHVlPSJGYWxzZSIgLz4NCiAgICAgICAgICAgIDxSdWxlUGFyYW1ldGVyIE5hbWU9IlVzZVJlZ3VsYXJFeHByZXNzaW9uIiBWYWx1ZT0iRmFsc2UiIC8+DQogICAgICAgICAgICA8UnVsZVBhcmFtZXRlciBOYW1lPSJIdG1sRGVjb2RlIiBWYWx1ZT0iVHJ1ZSIgLz4NCiAgICAgICAgICAgIDxSdWxlUGFyYW1ldGVyIE5hbWU9IlJlcXVpcmVkIiBWYWx1ZT0iRmFsc2UiIC8+DQogICAgICAgICAgPC9SdWxlUGFyYW1ldGVycz4NCiAgICAgICAgPC9FeHRyYWN0aW9uUnVsZT4NCiAgICAgICAgPEV4dHJhY3Rpb25SdWxlIENsYXNzbmFtZT0iTWljcm9zb2Z0LlZpc3VhbFN0dWRpby5UZXN0VG9vbHMuV2ViVGVzdGluZy5SdWxlcy5FeHRyYWN0VGV4dCwgTWljcm9zb2Z0LlZpc3VhbFN0dWRpby5RdWFsaXR5VG9vbHMuV2ViVGVzdEZyYW1ld29yaywgVmVyc2lvbj0xMC4wLjAuMCwgQ3VsdHVyZT1uZXV0cmFsLCBQdWJsaWNLZXlUb2tlbj1iMDNmNWY3ZjExZDUwYTNhIiBWYXJpYWJsZU5hbWU9IkZvcm1Qb3N0UGFyYW0xMS5PVFRpbWVFbmQkZGRsSEgiIERpc3BsYXlOYW1lPSIiIERlc2NyaXB0aW9uPSIiPg0KICAgICAgICAgIDxSdWxlUGFyYW1ldGVycz4NCiAgICAgICAgICAgIDxSdWxlUGFyYW1ldGVyIE5hbWU9IlN0YXJ0c1dpdGgiIFZhbHVlPSJsdWU9JnF1b3Q7IiAvPg0KICAgICAgICAgICAgPFJ1bGVQYXJhbWV0ZXIgTmFtZT0iRW5kc1dpdGgiIFZhbHVlPSImcXVvdDsmZ3Q7MjMmbHQ7IiAvPg0KICAgICAgICAgICAgPFJ1bGVQYXJhbWV0ZXIgTmFtZT0iSW5kZXgiIFZhbHVlPSI0NiIgLz4NCiAgICAgICAgICAgIDxSdWxlUGFyYW1ldGVyIE5hbWU9Iklnbm9yZUNhc2UiIFZhbHVlPSJGYWxzZSIgLz4NCiAgICAgICAgICAgIDxSdWxlUGFyYW1ldGVyIE5hbWU9IlVzZVJlZ3VsYXJFeHByZXNzaW9uIiBWYWx1ZT0iRmFsc2UiIC8+DQogICAgICAgICAgICA8UnVsZVBhcmFtZXRlciBOYW1lPSJIdG1sRGVjb2RlIiBWYWx1ZT0iVHJ1ZSIgLz4NCiAgICAgICAgICAgIDxSdWxlUGFyYW1ldGVyIE5hbWU9IlJlcXVpcmVkIiBWYWx1ZT0iRmFsc2UiIC8+DQogICAgICAgICAgPC9SdWxlUGFyYW1ldGVycz4NCiAgICAgICAgPC9FeHRyYWN0aW9uUnVsZT4NCiAgICAgICAgPEV4dHJhY3Rpb25SdWxlIENsYXNzbmFtZT0iTWljcm9zb2Z0LlZpc3VhbFN0dWRpby5UZXN0VG9vbHMuV2ViVGVzdGluZy5SdWxlcy5FeHRyYWN0VGV4dCwgTWljcm9zb2Z0LlZpc3VhbFN0dWRpby5RdWFsaXR5VG9vbHMuV2ViVGVzdEZyYW1ld29yaywgVmVyc2lvbj0xMC4wLjAuMCwgQ3VsdHVyZT1uZXV0cmFsLCBQdWJsaWNLZXlUb2tlbj1iMDNmNWY3ZjExZDUwYTNhIiBWYXJpYWJsZU5hbWU9IkZvcm1Qb3N0UGFyYW0xMi5PVFRpbWVFbmQkZGRsTU0iIERpc3BsYXlOYW1lPSIiIERlc2NyaXB0aW9uPSIiPg0KICAgICAgICAgIDxSdWxlUGFyYW1ldGVycz4NCiAgICAgICAgICAgIDxSdWxlUGFyYW1ldGVyIE5hbWU9IlN0YXJ0c1dpdGgiIFZhbHVlPSJsdWU9JnF1b3Q7IiAvPg0KICAgICAgICAgICAgPFJ1bGVQYXJhbWV0ZXIgTmFtZT0iRW5kc1dpdGgiIFZhbHVlPSImcXVvdDsmZ3Q7MDAmbHQ7IiAvPg0KICAgICAgICAgICAgPFJ1bGVQYXJhbWV0ZXIgTmFtZT0iSW5kZXgiIFZhbHVlPSIyMyIgLz4NCiAgICAgICAgICAgIDxSdWxlUGFyYW1ldGVyIE5hbWU9Iklnbm9yZUNhc2UiIFZhbHVlPSJGYWxzZSIgLz4NCiAgICAgICAgICAgIDxSdWxlUGFyYW1ldGVyIE5hbWU9IlVzZVJlZ3VsYXJFeHByZXNzaW9uIiBWYWx1ZT0iRmFsc2UiIC8+DQogICAgICAgICAgICA8UnVsZVBhcmFtZXRlciBOYW1lPSJIdG1sRGVjb2RlIiBWYWx1ZT0iVHJ1ZSIgLz4NCiAgICAgICAgICAgIDxSdWxlUGFyYW1ldGVyIE5hbWU9IlJlcXVpcmVkIiBWYWx1ZT0iRmFsc2UiIC8+DQogICAgICAgICAgPC9SdWxlUGFyYW1ldGVycz4NCiAgICAgICAgPC9FeHRyYWN0aW9uUnVsZT4NCiAgICAgICAgPEV4dHJhY3Rpb25SdWxlIENsYXNzbmFtZT0iTWljcm9zb2Z0LlZpc3VhbFN0dWRpby5UZXN0VG9vbHMuV2ViVGVzdGluZy5SdWxlcy5FeHRyYWN0VGV4dCwgTWljcm9zb2Z0LlZpc3VhbFN0dWRpby5RdWFsaXR5VG9vbHMuV2ViVGVzdEZyYW1ld29yaywgVmVyc2lvbj0xMC4wLjAuMCwgQ3VsdHVyZT1uZXV0cmFsLCBQdWJsaWNLZXlUb2tlbj1iMDNmNWY3ZjExZDUwYTNhIiBWYXJpYWJsZU5hbWU9IkZvcm1Qb3N0UGFyYW0xMy5kZGxPVFR5cGVJRCIgRGlzcGxheU5hbWU9IiIgRGVzY3JpcHRpb249IiI+DQogICAgICAgICAgPFJ1bGVQYXJhbWV0ZXJzPg0KICAgICAgICAgICAgPFJ1bGVQYXJhbWV0ZXIgTmFtZT0iU3RhcnRzV2l0aCIgVmFsdWU9IiZxdW90OzAmcXVvdDssJnF1b3Q7IiAvPg0KICAgICAgICAgICAgPFJ1bGVQYXJhbWV0ZXIgTmFtZT0iRW5kc1dpdGgiIFZhbHVlPSImcXVvdDssJnF1b3Q7MiZxdW90OyIgLz4NCiAgICAgICAgICAgIDxSdWxlUGFyYW1ldGVyIE5hbWU9IkluZGV4IiBWYWx1ZT0iMCIgLz4NCiAgICAgICAgICAgIDxSdWxlUGFyYW1ldGVyIE5hbWU9Iklnbm9yZUNhc2UiIFZhbHVlPSJGYWxzZSIgLz4NCiAgICAgICAgICAgIDxSdWxlUGFyYW1ldGVyIE5hbWU9IlVzZVJlZ3VsYXJFeHByZXNzaW9uIiBWYWx1ZT0iRmFsc2UiIC8+DQogICAgICAgICAgICA8UnVsZVBhcmFtZXRlciBOYW1lPSJIdG1sRGVjb2RlIiBWYWx1ZT0iVHJ1ZSIgLz4NCiAgICAgICAgICAgIDxSdWxlUGFyYW1ldGVyIE5hbWU9IlJlcXVpcmVkIiBWYWx1ZT0iRmFsc2UiIC8+DQogICAgICAgICAgPC9SdWxlUGFyYW1ldGVycz4NCiAgICAgICAgPC9FeHRyYWN0aW9uUnVsZT4NCiAgICAgIDwvQ29ycmVsYXRpb25FeHRyYWN0aW9uUnVsZXM+DQogICAgICA8UXVlcnlTdHJpbmdQYXJhbWV0ZXJzPg0KICAgICAgICA8UXVlcnlTdHJpbmdQYXJhbWV0ZXIgTmFtZT0iT1RDb21wSUQiIFZhbHVlPSJTUEhCSzEiIFJlY29yZGVkVmFsdWU9IlNQSEJLMSIgQ29ycmVsYXRpb25CaW5kaW5nPSJ7e1F1ZXJ5U3RyaW5nUGFyYW05Lk9UQ29tcElEfX0iIFVybEVuY29kZT0iRmFsc2UiIFVzZVRvR3JvdXBSZXN1bHRzPSJGYWxzZSIgLz4NCiAgICAgICAgPFF1ZXJ5U3RyaW5nUGFyYW1ldGVyIE5hbWU9Ik9URW1wSUQiIFZhbHVlPSIxMDIwOTkiIFJlY29yZGVkVmFsdWU9IjEwMjA5OSIgQ29ycmVsYXRpb25CaW5kaW5nPSJ7e1F1ZXJ5U3RyaW5nUGFyYW0xMC5PVEVtcElEfX0iIFVybEVuY29kZT0iRmFsc2UiIFVzZVRvR3JvdXBSZXN1bHRzPSJGYWxzZSIgLz4NCiAgICAgICAgPFF1ZXJ5U3RyaW5nUGFyYW1ldGVyIE5hbWU9Ik9UU3RhcnREYXRlIiBWYWx1ZT0iMjAxNyUyZjA0JTJmMTYiIFJlY29yZGVkVmFsdWU9IjIwMTclMmYwNCUyZjE2IiBDb3JyZWxhdGlvbkJpbmRpbmc9Int7UXVlcnlTdHJpbmdQYXJhbTExLk9UU3RhcnREYXRlfX0iIFVybEVuY29kZT0iRmFsc2UiIFVzZVRvR3JvdXBSZXN1bHRzPSJGYWxzZSIgLz4NCiAgICAgICAgPFF1ZXJ5U3RyaW5nUGFyYW1ldGVyIE5hbWU9Ik9URW5kRGF0ZSIgVmFsdWU9IjIwMTclMmYwNCUyZjE2IiBSZWNvcmRlZFZhbHVlPSIyMDE3JTJmMDQlMmYxNiIgQ29ycmVsYXRpb25CaW5kaW5nPSJ7e1F1ZXJ5U3RyaW5nUGFyYW0xMi5PVEVuZERhdGV9fSIgVXJsRW5jb2RlPSJGYWxzZSIgVXNlVG9Hcm91cFJlc3VsdHM9IkZhbHNlIiAvPg0KICAgICAgICA8UXVlcnlTdHJpbmdQYXJhbWV0ZXIgTmFtZT0iT1RTdGFydFRpbWUiIFZhbHVlPSIyMjAwIiBSZWNvcmRlZFZhbHVlPSIyMjAwIiBDb3JyZWxhdGlvbkJpbmRpbmc9Int7UXVlcnlTdHJpbmdQYXJhbTEzLk9UU3RhcnRUaW1lfX0iIFVybEVuY29kZT0iRmFsc2UiIFVzZVRvR3JvdXBSZXN1bHRzPSJGYWxzZSIgLz4NCiAgICAgICAgPFF1ZXJ5U3RyaW5nUGFyYW1ldGVyIE5hbWU9Ik9URW5kVGltZSIgVmFsdWU9IjIzMDAiIFJlY29yZGVkVmFsdWU9IjIzMDAiIENvcnJlbGF0aW9uQmluZGluZz0ie3tRdWVyeVN0cmluZ1BhcmFtMTQuT1RFbmRUaW1lfX0iIFVybEVuY29kZT0iRmFsc2UiIFVzZVRvR3JvdXBSZXN1bHRzPSJGYWxzZSIgLz4NCiAgICAgICAgPFF1ZXJ5U3RyaW5nUGFyYW1ldGVyIE5hbWU9Ik9UVHhuSUQiIFZhbHVlPSJ7e1F1ZXJ5U3RyaW5nUGFyYW0xNS5PVFR4bklEfX0iIFJlY29yZGVkVmFsdWU9IlNQSEJLMTEwMjA5OTIwMTcwNDE2MDUiIENvcnJlbGF0aW9uQmluZGluZz0ie3tRdWVyeVN0cmluZ1BhcmFtMTUuT1RUeG5JRH19IiBVcmxFbmNvZGU9IkZhbHNlIiBVc2VUb0dyb3VwUmVzdWx0cz0iRmFsc2UiIC8+DQogICAgICAgIDxRdWVyeVN0cmluZ1BhcmFtZXRlciBOYW1lPSJPVEZvcm1OTyIgVmFsdWU9IjIwMTcwNDE3MDIxMDIwOTkiIFJlY29yZGVkVmFsdWU9IjIwMTcwNDE3MDIxMDIwOTkiIENvcnJlbGF0aW9uQmluZGluZz0ie3tRdWVyeVN0cmluZ1BhcmFtMTYuT1RGb3JtTk99fSIgVXJsRW5jb2RlPSJGYWxzZSIgVXNlVG9Hcm91cFJlc3VsdHM9IkZhbHNlIiAvPg0KICAgICAgPC9RdWVyeVN0cmluZ1BhcmFtZXRlcnM+DQogICAgICA8Rm9ybVBvc3RIdHRwQm9keT4NCiAgICAgICAgPEZvcm1Qb3N0UGFyYW1ldGVyIE5hbWU9IlRvb2xraXRTY3JpcHRNYW5hZ2VyMV9IaWRkZW5GaWVsZCIgVmFsdWU9Int7JEhJRERFTjEuVG9vbGtpdFNjcmlwdE1hbmFnZXIxX0hpZGRlbkZpZWxkfX0iIFJlY29yZGVkVmFsdWU9IiIgQ29ycmVsYXRpb25CaW5kaW5nPSIiIFVybEVuY29kZT0iVHJ1ZSIgLz4NCiAgICAgICAgPEZvcm1Qb3N0UGFyYW1ldGVyIE5hbWU9Il9fRVZFTlRUQVJHRVQiIFZhbHVlPSJ7eyRISURERU4xLl9fRVZFTlRUQVJHRVR9fSIgUmVjb3JkZWRWYWx1ZT0iIiBDb3JyZWxhdGlvbkJpbmRpbmc9IiIgVXJsRW5jb2RlPSJUcnVlIiAvPg0KICAgICAgICA8Rm9ybVBvc3RQYXJhbWV0ZXIgTmFtZT0iX19FVkVOVEFSR1VNRU5UIiBWYWx1ZT0ie3skSElEREVOMS5fX0VWRU5UQVJHVU1FTlR9fSIgUmVjb3JkZWRWYWx1ZT0iIiBDb3JyZWxhdGlvbkJpbmRpbmc9IiIgVXJsRW5jb2RlPSJUcnVlIiAvPg0KICAgICAgICA8Rm9ybVBvc3RQYXJhbWV0ZXIgTmFtZT0iX19MQVNURk9DVVMiIFZhbHVlPSJ7eyRISURERU4xLl9fTEFTVEZPQ1VTfX0iIFJlY29yZGVkVmFsdWU9IiIgQ29ycmVsYXRpb25CaW5kaW5nPSIiIFVybEVuY29kZT0iVHJ1ZSIgLz4NCiAgICAgICAgPEZvcm1Qb3N0UGFyYW1ldGVyIE5hbWU9Il9fVlNUQVRFIiBWYWx1ZT0ie3skSElEREVOMS5fX1ZTVEFURX19IiBSZWNvcmRlZFZhbHVlPSJBUitMQ0FBQUFBQUFCQUR0R210ekc5VTF1cmI4aWhObk1vMURtblMxY1FxT0IwdmFYYTBrUzdaRmJjZkJidUxJUkNKaEpqQ2F0ZlphV3J6YUZic3IyeHFHYVdnbmtDR2toT0hWTkxTVUtTbXZocVpsQ2lZRTJwL1E2ZlJEdjlmeTQxTi9BajMzN3VwaDJZWkFJNmJ0VkJtdjlwNTc3am4zbnZlNXloZXVybnRjYmlhVkd0TTF5OUJWOHpSK29xQVllRm8zclZFcFBYY0NGMU9wYnBkN1p6bzdONFVsOWJncVpicmNIZnhBbUFzRnhRRSsxTlhkejdUbXNHbEtHWXlaNWxRQ0w3cGRBdE9ibWdiQXBEa2xLWm9GZjRrMEVGZUJxbUlwdWhiWHl2UXpURWNxbmh6WDVHT1NoZDBkQXNlSC9aem81ME5NUzJvOGw1ODg1bTdoT1lHTFJKaE93RXRZa21FbGxSeDJOd3NDeHpHdEtVUFM1Z0FKY1FQTVBvZmxRd1ZzRkJPV29XaVprM29teTdUQnd1U2lCbGpkaWVtSjBSTzhUWkN3NGtRK3hBVVp0MlJaNmF6YloySFRzaWNIUW1KNEpqVExlOFZaTGdRUFB1U044QUxubGVWMElCaVdnbUprQURPN0hZYkhkU05IT2UxTW5kV051WVJpWVdEV0ZJUU50cEZEMEtNZDRJR2xQK1RuT1haNTZiblM1WXNzTDBRNUxrcFBJVnZUa2lFSlM0ZDJ1SGJzMlBFRmZNZzMrWFFpZUp4S0ZFMEw1M3hBU09wbnoyRERCQmtPaXo2Ty9PdG54d3FxVlREd3NJWUxsaUdwL2V4MFlVWlYwcUM2cEQ2SHRlR1pNT3c0SFF6eGtZQ0l1WUdJbXhEZlYwT1RQcExTaklxYllPWkFaZVE3alhPNkJYSjBXTFkva2xNVDZTek9TVHZoN1pneU8vdWdJZVdhWEs3ZERqRUhqK3k1blpCcWFZYkhKM3VISGxqTXFleThzKzhlM3NmMXNGaEw2ektRSHU0cFdMTmVQdFR6UUd4WHg5Q2lHVFVwQXhaV2FPWndUNC85RWwyRTk2eGw1YU4rLzhMQ2dtOGg0Tk9OakI5c2dQYy9NblhTM2xRWk4yZktjQUlnYkdnT05kT2JVOEFBVFgzVzhxYjFYQlR3dkRaV0QzQmxXY0lYcXppSE5ZdlZwQndlN3FIbjUrMVpleDdXNVZXOG1Dem1zUU8xNFNZNERCeW1DdHlLM0lnOEw2WHhLTTRvV2c5ckFZbmhIcktVR21rUGEyOGxDc2Fkd2RZcFdHRG1BWnNjUHFkbzhYUzZZTURwUVdiK3IrUUIrd0JmYWhpTFl6aXRncUVTRjI3c1dZNUp4Wk5LVHJFbTlJSng2bHZoTXRGd0xpUjBOb3pKRklUdmJPVXczd0tiaHA0bW5wd3FtTlpZRnFmbkdzaURuZ08wMDJnV2pWVThKR1dTRVJ2bkpXVU9qZk1ReUpHbmFSNXZHSWN6a3FySURlWXhJajhPUnR0Z0pna0pBbkF4Ym93UVhnMCt5cVEyVDhSR3lwZTd3bW5JdnpsZFVsaDlhcVZBWjBmYjVHZUxsbFZTQWx1Vm5VeWFEZ1JtalFLdXdFa0pXaWxwS3BtOVBQdXdpY2NLaGdHVVQrcHBpU0RReFhlUStOTlpYVW5qdXRQbXBNWHlxS0RONkFWTnhuSlZCbmR5V2x0S3RHeUp0YmloZnZwcjY1QU1wVmJHaU5wZlV1NmIxRG5PR3B2RVY2MHBNL0xPT3lYUVVGWGU1YVBZY21TZHJTbHlXYkpWMFJyNlF0eVFzVUVGNCtCbEpYTXNLMmtaREFKU05CTWJGc2luS3RhYU9pa1dpUXo1YThjYmtPeENKeVp3Tm80enJLRFVGeXFVMkNaZ0ZiMjIzSWlKZ0xvQnNDWGVSSXdYTmlKT2JFWWtvVC9HVmRIb3VJSzFNV25IeE5DUXZ3NjBCV3FaWkIya2dsbVRPd2xhN2JBR3A1ejdZbUdDVWhuVlkxRFNmQVdsYnZ2bDFCTUxrUDFVUnBzUUptS2hHb1FhTVZVQ2Y0d0gvVlJIRllTYXVCM2pRVHkxNHhwN3FBWmVTbWdEb0lLMklYU1NRMjBFMUpHckNYNHgycFh5Z2ovQWxXblh6cFpkMnpaL3g2VTMrTXVRdjg2Qlk4MmtPNnJybWtpdjFKS2FraDdYRGZoU05QSTFXbEJVdVQxMUdzOHJCSVYwaEczd1FVNTMrSVh6MmNtMFE1TkwrdEJUY2ZjZXA3TU5jMEo5Njd5cHlYYWFiNmVsRGtBelNnaU42WGJuYmJmTDBJbkRjdndFWmc0N0RlOUl3ZEpIOG5tMU9KNmJ3VEtCalpubW1DcVpab2JwS2pmK21FVGNERURhVXlPV0phV3pRUEZyZHRqZENEVjF5ZDFEOE96cVJ0RGduMVF5V1d0VVh4dzFzRFEzcmhHQnkxbTVHODBDVmpOeVVheldNeUFxbU1qS01uSlRTSE1TTDFydWZldm5uMTY5K2RueTBvMS8zbjUrN2YxTHErOWNMbjMrUENEdG9raTc0dHFZcWtBSWhtZDZ6djJhUzliVEJSS1NmWkRleHUzb1BGcWNsSS8yRnRMbGJhUmtaYjc4UHEzblIzVzUyTnZuTTYwaXRNNnlZdVpWcVRqYzJ6djQ5U25Gb1ZlR3hWc1NrOUYrc21IUFBlN09sWnRMYTcrL3N2N2MrYlUzeVVFT092Q3U1VnUzU3M5ZFcvdncyWlZiVjlhdXZnSlRudkxVMnF2dnJWLzQ3ZXB2WGloZGZIZjE3UmRoNm9nejVkeXpBT1JlQjlLNjl0SFZlT244dXdEcWMwQjdiS1IvbkQ5Zm5mTjI3WkZoRnJrUTZrWjdaRGxEL3JwaEpDTS9YYlkvQTFnOHZEWURoWTZxTTlrVFlaam9ZSGFtaUcwU0M1WXNkMmNSUG8vNnA2WWU5Y3N5MkdqRmRsdDIvRmw1L3RyZi90SkdMbGJzT3lNQWpUWjdidnk5RFVoTW1xZXhKTWMxdFVodWZaSzZEdkVtNy9hZVcvLzBseXN2UGZjWVczcnhkdW1GOTFkZXU3NXk3Umt3Z25QcjE2NVMrTXJTaGZXcmI1VXV2RjM2NEJQYmtHUnlucTQ5NUp0cDFiVTB0WW5rdzVhaXBzYXljNkNrcEo3SnFKaWFtcUlxVnBFb2syeUhialdWenM1VnAzcjcyUTJUb0dvU0drYkFobnY3UUo4eVFzUUEzVlRWYmcrbzNsS2dFdkZDZ01sb1VVdlBEODVYYUVVSEhUdHZxNGpTZHVSTzRwUFZTN1U5WTFMQnhDWU5selRoWlpqV2J5WVAyRm1IcnNrenFpMkQzVlpXTVgwUS9BcVlXaU80Wm5jTDA3S2w0dG8zNlcyQ2FhMVQyNFNNQm9rQmVMNjdjYkhuWUVYWG5rTVZIWHUrbC9Vdy82NUNQUjczOUIxb0VqYTZuUjdKMU5aYTlMRGZVSUdld3hsUFQ4Wno1R3RyeC9QOXJYWGl1YmRPb1BkVmxPRHByWkgrQThRdklVTk1tb2xFT2FLQ21MZVMycGZiZnp4SnNzZzI5bDg3dVZseVRYY291UmE2R1RnYkVSYTViajFNQ0kyU0tqc2o3OWwzb0IzQyt2clRTeXN2UFlzNERuRTg0Z1RFQlJBbklpNkl1QkRpd29nYlFGd0U4UnppZWNRTGlBOGdYa1I4RVBFaHhJY1JQNEQ0Q0JJNEpQQklFSkFRYUFUTjc5emZkQ0N6M1FmaTVuNlN0NnJIOVBTUnN3M2YvWDBnUVVSQ0VBa2hKSVNSTUlDRUNBcHdLTUNqZ0lBQ0FSUVFVU0NJQWlFVUNLUEFBQXBFa01naGtVZWlnTVFBRWtVa0JwRVlRbUlZaVFOSWpLQWdoNEk4Q2dvb0dFQkJFUVdES0JoQ3dUQUtEcUJnNUw5OS82Q3o0VzExZGljZjBLdExSdTJRS3VYdUhUSWFxU2JHY1pvWWoyN25kRjhlcW15LzJqSlVWYWZ1bHNQWmx2Zy80bVgzL04vTC91UDJmN2U5N01HcWw1MXdDdGdtM3NmQk1HNFBNYncrUkt3QXFqemFJcE4yZ2pqSVdhZGFkWEdrWW5INkRCbWRxeEo4ekg0RFgwWE9XeHZwUXFBVnNSblY1SGJBZHRWT3VieTBXcWlITk5WQ25IMUsxRVNaM2NSL3o1QUVmMXpCcXV4dUh0Tmx6T3lpdDFyUTI5akFkZ0ljSXpkeHRqRjM3b1V5M2N0Nkt5WUI3NTNyRnk2WHJsd3MzYnk0OHViRmx0S0ZqNVkvZmJWbDVmV2ZyTjI0MlZJNmYzdjFoUnZkcFE5dlFzM2hYM245WXVuV0svQzIrc2NycGFVUE8rR3ZkT2txZEJPclY1N1p1L2JzZTlCeXJMeHhmZVZYUzh1ZnZiNXkvY2JlMGhzZkEyajU4MHRrNHZvTndOMXJJNisrOS9UcTFkdkx0eTR0Zi9wUkoweXVYYnk4OXV0ZkxQL3BBemR0QnZkMXVqZ1hXQ0xuRWx3QmwrZ0t1a0t1c0d2QUZXbUJBTVp4UE5oRVo2MktRU2dZWkhTSU9RaXQ4dUpKckdXczdDa2lBMml5VEx1RG16eUdvZnlmaEJHV2pDeDlwYk5aWm5lS2lDdVJWV2F0RTRvbTcrejdVUUw2N0drcDdUdUxaOFlYOHdZMlRSOTB2emxkODVHNGUvOEc5SDUyVyt6cXI3SmhYOEFYNEgzOFYvOHNxeFZVZFFkektIVU1tcnR4emNJR2xzL3FobXpHWng2dm5xTWpkUllLVG1OS011WXdkTktrdzhrQTZ5eXRoREd0MjBiU2xqS1BKNmZHU2F0ZGJzVEp5c255ai9sWlptL0s3dHFUK3NQNVBEYkdKQk5uYWNNMERiZ0x3SFhMM1BQb2wrWWVhOUdLSjZIaE1uVnRDdWYwelJtb0htSGJQQlNhVlhYSmlxcDQxaHAwV3Qyb29xbUtocjB6cXA2ZUc4eExNdm10T01wdFRFOXRkaVhOdEZYYlB2ZFpSYmF5QiszcmtlSVB5Qy9kVEZ0VktNMnB3NGxSOUdOa3QzVnp1RmpJdTMrR2FQMXNLWlpLNjJkbGxqMWFyYWg5S2pVeE5qYk1DaHpIM25jZlc1MWpEdyt6dmIxOVQ3SWRiQzEwdUdiZ013c3o5bzM1VWE2ZlVPZ2JaRHVlR3V5WWx3eFdUeTVhZ0x6dDlVQzkvRlJwaHNqdklaQnVIOTBsSlFCN0lKYlU5eVFaK1JSTnd3YXhXaUJzL3g4STN5enR6WTcrTUpHYU1qUFUyaWExZk1FQzc2SG0xczl1T3F5ejBhZGtldkhTN0JuY0lFL1BNRHFQNk9XS2JTMTJ3TnAvcnZUVzI2WGZ2Yi8rMDFkTEgvejhzZExIZnlpOThzYnF5KzlRQmIvc0ttdVFGZktMTE0vQm8vd3l5S1oxVlRlaVJ6aU9HMlJuU1B0cWtJbyt5aDQ1Zm54OFlDUTB5TTdxbXVWZHdPUitKTXJPNktvTWVEcTVXWTZ5UEZBeGRlaHlXUmxjSkdOSXhVRjJJYXRZMkV0L2pvaXltcjVnU1BueUFxOGh5VXJCakxJQllDeWoxbW84MTh1aFdJU0JXWTdDb2k4TXc0WHlrUE1GWVBoa2RVaGk5QVhiYlpxN3FOZXc3bDFsRTlaMERRL0svd0sxci9BWVlpTUFBQT09IiBDb3JyZWxhdGlvbkJpbmRpbmc9IiIgVXJsRW5jb2RlPSJUcnVlIiAvPg0KICAgICAgICA8Rm9ybVBvc3RQYXJhbWV0ZXIgTmFtZT0iX19WSUVXU1RBVEUiIFZhbHVlPSJ7eyRISURERU4xLl9fVklFV1NUQVRFfX0iIFJlY29yZGVkVmFsdWU9IiIgQ29ycmVsYXRpb25CaW5kaW5nPSIiIFVybEVuY29kZT0iVHJ1ZSIgLz4NCiAgICAgICAgPEZvcm1Qb3N0UGFyYW1ldGVyIE5hbWU9Il9fU0NST0xMUE9TSVRJT05YIiBWYWx1ZT0ie3skSElEREVOMS5fX1NDUk9MTFBPU0lUSU9OWH19IiBSZWNvcmRlZFZhbHVlPSIwIiBDb3JyZWxhdGlvbkJpbmRpbmc9IiIgVXJsRW5jb2RlPSJUcnVlIiAvPg0KICAgICAgICA8Rm9ybVBvc3RQYXJhbWV0ZXIgTmFtZT0iX19TQ1JPTExQT1NJVElPTlkiIFZhbHVlPSJ7eyRISURERU4xLl9fU0NST0xMUE9TSVRJT05ZfX0iIFJlY29yZGVkVmFsdWU9IjAiIENvcnJlbGF0aW9uQmluZGluZz0iIiBVcmxFbmNvZGU9IlRydWUiIC8+DQogICAgICAgIDxGb3JtUG9zdFBhcmFtZXRlciBOYW1lPSJfX0VWRU5UVkFMSURBVElPTiIgVmFsdWU9Int7JEhJRERFTjEuX19FVkVOVFZBTElEQVRJT059fSIgUmVjb3JkZWRWYWx1ZT0iL3dFZEFOb0JyMVZ3OWFHQkMzcjNqSzlMeHdwbUQ2Vjc4MzFxRm85UkcwWXE4V2JmQStlaDQrZW1aNCtwK0hZZm03N0w5SjdvRC9ocHZ1WG5ON05sb04ydEQwNWFDanptbHRhVU03YUVBTitnOWNQL20xMHp6NzVQT0VjdkNrOUZwY3JTcUcvRStXS2VpWFJWakRRUnEzNllONFZ6VFhYY2RvMEtZbzlmQzFJZ3dtK1duQ3JKNFk0cytYM2k3YnBXWkpLcWxlajFsTVh5V0dpTWYvZHN0c2QremR5dElocU12WjFFeVhNQWx6MndDbXlzdzdmZlhoTmlYRHNBeFFjTEdzVmcwRGY0WnZneTc2MjZqcEtINTFja2F1S1NYNlFQQmFVZTM2VUV1V2p3eXByWTdZUW5oWG91R0JLdUFobXZYaDNlRHNxU3pEL2N1d1djMzFNMmJTb0lVZjFFcTFKRE83Y0pBR3VydGprc09TaWRCZnRWSVVWcTVKVmQ3Z2NyNmdFb0FOSFBmWkptL0hqOFVkNlRYcDFVR0ptWjd0dnB4d1ZrS1VGNnZQeGpTSVhGbi92aWs4d3E3dCtOaFQ4RFB5QVRKZ3ZGRDNLNVUrdnhvQ3hMaVVxYzduaFZVV3Rqa3Y3QmZBZWJKZ2lsRUVOcEVuTHE1Z3I4OTJuZVJhTWh1NlVwNDhPZFlQRHFMUlNYWGpnSnE2ZVJMU0Z3WkhqQzFQakErMFJXcXQ4ZGxYSGNsWFdEUVlNclM3Ty9hTmR1eExVZTd4cGhUL3l4QWVEMlUrVmpyTGtwMm1GU0lhYUNlQnc5SEZ0Q3hQUDFQeTRDRFF0S09tYTBOWmZXUWR3VktxQy9reFRLQWxRS1N3bjYwV3c3emRBWW5PT1ZEZEdITi9UcjViZ0tQNlp3Wi84TVFjRmVEc2RDSkdkZXd5azVHc0hPcTAyTHQ0VEVyR0MyOUhCeUtWUDFTMXBwMDBJQzZmLzYveU96VFpBRXhJYzAwdHJOaEZSWDFuOE9IU0tSR0gzS2g2SzFLczJ4SDhPYy80UXdibGhaYk5ZeGpiUllSNkxpRGZKdFl2SW5XWFRuQUdacEpZNHpUSmkxZzZTMTFNNEF5VlBpb2Z0eE1mMU5JOGNQQ2xLSkl2MzZobGFQaFV1azd5bkxxSkkxTlRxblZKRmJZSVpSUTFXRUFnY2xoZmpZYTNuRC9pVW1wUnFWRG1rc3o3ZUw5WS96Z0JINGdITGU4WTJaeUNwNlptdXdFclNMNmJPeG5WSjJ4N0t2YVhjVTJ2WDNTc0pMZFAvZmZ4V1RJRnRjcnREYTY3c3RyZms3NGJLTFBTaGdqd3M5S2YyL1RRTXNDRDVqWVNERWE5Mm4wYWpnMVdiRURaRHpWRy8wdy9VbnNwSW9WbWU2TUY1TDdFK0FQQlRRSENKcXpIdUIrV0cyekpKZkFWcWdwVWpNMWVGdHhIUDBlUVhhT2Y2ejAzalZnSE9WY2xiY1lKMGRaUS9mQWIyTGhOWkpqa2Z5b0NyamludlJYK2M5djdTYkFJUUQvbmQ1aDZzT1E4M1VtZmhmNmJNcHQ1NGFpbkxsTGM2U00rM2Q1akhZcm53S1RtTnhQUGFXc3ZMbWZoeDBMaHduQ1hHbEJvTHNLcGd1RHBMelFoZitsL21MMSt5ZmpVU3pxRnV4N2tIakt3WEJ6RWh4eGYwa2RaM25YclJwVlZZSkpHNUx1czRGOFdiVnRJdWtzcXdsRS93bk95Mll5aHd5TU5lc1E2NEszUzRVbWNUUm9nZHBPMUFyT2kzU3pVRVpoN3V6VnVxWWpyMWQzemtndEhqcFR6aEFvWVppVk81V1l0OTNabmh1VlhMWWdUbVBCTm03OUlzN3cxWDVUcTYwTGpzYlZ2YjhDUE5NUENCbE55R2c1dGx2aVRQbHBHZVJOc2xCS1crNExCWEU2QUU2RW9XMUxEd2x1SVY5cXo1SktQWmVKR3dZTkRhNVRWWHVwdXpFdnJWRGJsRGJ1NzFCZ2RHdlF3cStwMTFTY1lNTUxna29WMDVPWGx2b2xrdGpMU0VHcklTNlc4eVZIR2pTc2g0R091amE3eFRoU1hBVnZBcjdDSTBjQ2NZSkoreTQ1dUdLcDJ4TUhFQ3NNcWRVQlRWS1FzQW5pQzlzWkNCeUV5QWhBK2t5c1U5NkhDOElJVE1kanRRbmhwZ1JCR3prUitEczFVeVdlbmZwcS80NWloSFFuVWpSMlBhK0ZvcUpQbHVISlhZQWNMNWRpZjRyNnFRWkRHeVc3Qks5TzNMdmNiZnpqd01CZjJxeDk5VFlrSmFueGhsZG41Ukhxc2RKQlRsRlRDZUlxSmlsbE5QOVgrYUo3N3R6NW41dS84dzA2Tkx4Y2k4UTQ3dlV6Y2JZLy9vai9QZm9MQmg3OEVoL2ZyQ2lxVk5ObTNhR1N3d3BtRUN2d0VvVEVEWWdMdkNTOUd2bGxEM1ZveVFVY1BKK0l2TmJOMTMxZ1ZCRkFmYVlhV3F4VitBa0t4SjdwUlpmall0b216eWxLOUVDc2pBZFM0TzVuajR4WmliZkdtT29STGpsTGU4Wkt2eVJkaWlIdllVanR1S093UEtRT0tjWWxFRmo5ZjZoUUVWd2Q4cDRvOFlmckF0UWMySXorUEtYR3VDbVdFWXR1em9nZ0lQT3YyR2lPM3BNakdvSkxhTkFUVU9ndXk0bnBoRjdIN1NTd0tTakUrMk9EMkVuNUhQaWxaVXJEOWdrWHZHaWdlWGlFNWFZR3hjamRSK21MZENQOHZLK1NTTlJFNHNDbVl1cVlPdDRpUXBqQVA2MGt3YThhdkRkZFYwaWxSYnA2czI1REh6c2NmYUFKSkJsNGRKc0cyaWx6L1RmUWN4citMV2FqZnVreE1TZDlPbUtQd0VLajFQYjJEYjR0SHZVbWpPU3pkQ1EzdkVrZTlhbmtSNi9yckxoZjIxeFNXYjhpeWtJdUpHeCt2VTlJcU5UYjVDblFWU3cyTW1NUE9vbjdCaFpIT1JQRUREa3NEeGQraVdHNnZVK0N0STVVWkNyVFZUcXNDVlNqVWFoTlFSK3BKaDF6SDlSY3g1dTliekt1N3N1eHJWWVFOUTk3YW0vUE81cmRuVWFsbjE2SHMzR3Bld3hEa01uRW9xK0hjN3pvZWcyaTg3dGdwRHkvdi9NdVE2b0VxYndBKzlWTUQyVVJwdktJUThsSXppOFF1UDNqV2ZDQzhrU2FxYS9qYytFRUxwTm9tbmt4UGtZMkV6SFI1RnM3OTFvcmxvVkdodTBUWGhDM3lpUUMrWC9hbmZhV0RCbHduSzRMMWFCZDdySzBCa2t1TzhnYzVBVW1odVhRUU1rU1ZoSGtpSFM2bWEwc2p6MUtvL281TEExN1JhY2ZYYTduMjFnbVV3Q0tLWi91eWNuVmJOOVE3Nkh1YkQxQXF2cVlkUTcrOGZGMHBlaENQNFlDbkU4QUMzRDJZMzlVSGY4NDFtRVUvemUycFJuS1BwWkZUcE5wNWFYUGJWWjVmKzRHMEdLYTIwUXFJbGRWVkdwUERoV3B6TEVhckE1ZHZpb09lQmhZQTdZUXdhQWhtOHVsSk9NMmhSY3FMQzkrMlZuNENienBrOFRtZkkzamM4eDd4Q28wTlhhN2RHK0dUOWZlUlV5THVZeno0R2FEWHllU1NjVEhnN2tLMXM3eHl0S01VYm52ckVtNFdnZ2ZHb25OdE5MZ3lxVXZ1b2doVk51KzJtYW9UZjVlWmwwcWVTTmpJZkh2YzdoRXJZUkdxMUxqVmNPbHppS1hocWU1d0hCVDR1Y2lnUnFDNmpCbHc5aThGWW83UXoyMEJhZHNEa3NqOCtKcWZndkt0MTZJekp3c3ArN2FSTDZLVEpnREFuajd6VzdKRDRId2lyNVc4NzRmY3RqTmorenRXZU5tR05OdDlKNDA1Vy94aHlHeUNYdFp0VHFNZDRYMm9wb3lwVlZ3K1RqL0JUV2plcDJIS2NKYUVEeHIyM0Fjci9DNExoczN1cDlFUzJOSkxhUDcrWmpuWUF2S3hwZHNPcC9TNlNxekdTN2ZqL3NZODgxbFJSaTBLc1M5cFczR0FiUENUOUxZUjRnQkh6MXVDanFrWGpKdjdIOU5pdmcxbkM2OXF0U2pTYzc5UFV1bjRQcHk5SkpBK2xaeERSLzEwNkFER3FRS3U1YUErdUtXbEJyVUYxOXhUc0hmZGdZcXJLTlhzZnFtd25OYm5hOGxyUVM4QXA5SWpSTEVVaWxZTlFnQ0lTZVVmZ0NYODBnVWptUXhYcmFpR3Q2MHBPMDc0THNRTCtpeE9SeS9weEZZYWpyZk12VDBVMVdDOGNKY1JFTG9yeDAvZ0pTaisxUzRFYnpkc3RzNE5ydGs1a0dPWGxLa3R5ZXcra05xU2RqdjBVRmViZVRoQjVXaTZKVnV0UEkycWJMdVAwQ01EaEN3cnZWV2ZJc2x6UlpNaXlwT2wyczdnTWQ5MEs0SUVUOXZpcU9QZEZocENvTHRuRzRpMnVrZisyU0o2TlVFRnVwSjZxbzVJbno3SWNsUTZma2Y1akNwYTVmOTYxOWc4QnExYjVtRjdlaWE1c2xkMTBoa2dNcTV1L1VNTTlkdVh2ZlVRYnBXcElndzNmbXloRnJ5UE1XV3R3K29kQ3FNL0xuWUFKR0hZVi9ldWlWcGJHaGpMRVRHc0JhRTdJbEpCVzhsczNLdUFPNXROOGIrblNLZzQ1UWdvWjZscURVWVVqdkl3bHRiSEJhbmc3MlBNeDFVc291NTFqOHRsK3lqRGV2N3MrYWhZMlFHbUVNazdKN1JpaEN3d2NyU1NFZ21mdGxBU29GY2VIVEVKbXl2Umt5YUlxZXJ4VFE5T2pHWUdiTUhUZU9wbDg2M2xCUU9LQWVWZ05RTDNTdjJnOUVMK0IxN3RXM0VBNWJlc0FQcVNnRUpiblE4VTIyZHBlL3pncXMwSkd1NTZzV3BrZ1IyTFhIekJFWnhtNkduakppek1nTzQ4VXJwcDROZmFSZ3NRSVNMNnBxRjZiMGVpRVJUdFRSV1R3SDFpa3ludzFhdkJJTHJPQ1k1aHdNcklHTVB3ekNmOThwdXl1aVplVEZNbmthSGtpbHV4aVBydGVTeWVpNms5amQ3YmUxOW5zbTNNM28vcGVFVEZHV1g4Uis2dENJN200b3g1d1BobDZodFdWTmpnUXNEVmJ4ZkZRa1BUZGQreXo1TXNKTzBhOWxJalh1YUlUL0hyeG9lUExDMjBKTUhxZ1hIbEgwb2Urc1ducnYxSFVhOGtPbEZ5TTl2NDBQUlc4Z2cyNWpqTUVaZU9JbGZVenRoSUZVYlBxWWNvQjNSOVZuMzgrQVZuOVd4K3V0VytENk5aZWhkSGJSVGJlWFpYMDBGSStETXdCeTBTTjQ5Y0E2dDlQT1Z3MnZ4cUVMRnQrWmR4aHUxTlJ3bWNmTHpKK3lwMGhJN1ZuZFhySFpFM3doS09VaGlaYUx3UFdTR3hxdzZUR3MzVkZQb3I2cE9IWERXUGwzN3lVb1diMDdIQXNUa09tQVlqM0pvYWo0RVdmWEc5SFVjeE1sTVF4YnNsMU9NcW5GREZDY1BxbXVzZVhISVhMbkJYbVRpNW5zQVpKTGpFUXVXeGh2OHVmTHFiV3ZZYzJ3eVJPNTFhY24xc2s2M0JuZWhVUFFPc3dvUU1TVTBnV1pFMVJqcVJDekJQWjhrRlJWRFdXVU5Yc056dUVBSmhMbmR0QVBhMnNVR2dxaVBnc2t6TWY1Y2RzaTBjR0RjZ3V6NE90TEk4Wit3RXowWkIyTExGN2VqenJNZXEzOWV6T1hpQ3k5OE0xekFFSlM5L1RibUc3b3ppcVFrTm5qM0dpckNLSEZDbUJuMHBONHFuVWIxdW1oN01kV1NPeTJJMWc2Rm5KQU1oZlIwbkN5RG16K2VLL1B5UW1KVEFNZDFEbjVkdm5lY29wQVM4MHdvQXdmaU5DYk82WWtlc1hMY1Zoblg5VTE0bEJud0hkZFhSZHpsNml3TVlpNHJLVFRrOFJub1YvbUgrdjVmZHV3RDhtYVZ0dWRuRUVQQmNDQ1BFdXNoZ2pjRDdOc1lWeFNFQmNwMjdzWHA4TlpDbG96Mm82UGJGaFh2L0hDVUd4dFhvMll3dW1NRGxXa241ZjVFUWt3NitIS2hSb2JRQlVDY3hIMWplZGZ6VWt6RzRSeGxsclRVbGtlRGRiOXVsVTlaWllhTmRPL293PT0iIENvcnJlbGF0aW9uQmluZGluZz0iIiBVcmxFbmNvZGU9IlRydWUiIC8+DQogICAgICAgIDxGb3JtUG9zdFBhcmFtZXRlciBOYW1lPSJidG5UZW1wU2F2ZUludmlzaWJsZSIgVmFsdWU9Iuaaq+WtmCIgUmVjb3JkZWRWYWx1ZT0i5pqr5a2YIiBDb3JyZWxhdGlvbkJpbmRpbmc9Int7Rm9ybVBvc3RQYXJhbTE0LmJ0blRlbXBTYXZlSW52aXNpYmxlfX0iIFVybEVuY29kZT0iVHJ1ZSIgLz4NCiAgICAgICAgPEZvcm1Qb3N0UGFyYW1ldGVyIE5hbWU9ImRkbFNhbGFyeU9yQWRqdXN0IiBWYWx1ZT0iMiIgUmVjb3JkZWRWYWx1ZT0iMiIgQ29ycmVsYXRpb25CaW5kaW5nPSJ7e0Zvcm1Qb3N0UGFyYW0xNy5kZGxTYWxhcnlPckFkanVzdH19IiBVcmxFbmNvZGU9IlRydWUiIC8+DQogICAgICAgIDxGb3JtUG9zdFBhcmFtZXRlciBOYW1lPSJoaWRHcmlkVmlld1N0YXJ0VGltZSIgVmFsdWU9Int7JEhJRERFTjEuaGlkR3JpZFZpZXdTdGFydFRpbWV9fSIgUmVjb3JkZWRWYWx1ZT0iIiBDb3JyZWxhdGlvbkJpbmRpbmc9IiIgVXJsRW5jb2RlPSJUcnVlIiAvPg0KICAgICAgICA8Rm9ybVBvc3RQYXJhbWV0ZXIgTmFtZT0idWNEYXRlU3RhcnQkdHh0RGF0ZSIgVmFsdWU9IjIwMTcvMDQvMTYiIFJlY29yZGVkVmFsdWU9IjIwMTcvMDQvMTYiIENvcnJlbGF0aW9uQmluZGluZz0ie3tGb3JtUG9zdFBhcmFtMTUudWNEYXRlU3RhcnQkdHh0RGF0ZX19IiBVcmxFbmNvZGU9IlRydWUiIC8+DQogICAgICAgIDxGb3JtUG9zdFBhcmFtZXRlciBOYW1lPSJ1Y0RhdGVFbmQkdHh0RGF0ZSIgVmFsdWU9IjIwMTcvMDQvMTYiIFJlY29yZGVkVmFsdWU9IjIwMTcvMDQvMTYiIENvcnJlbGF0aW9uQmluZGluZz0ie3tGb3JtUG9zdFBhcmFtMTYudWNEYXRlRW5kJHR4dERhdGV9fSIgVXJsRW5jb2RlPSJUcnVlIiAvPg0KICAgICAgICA8Rm9ybVBvc3RQYXJhbWV0ZXIgTmFtZT0iT1RUaW1lU3RhcnQkZGRsSEgiIFZhbHVlPSIyMiIgUmVjb3JkZWRWYWx1ZT0iMjIiIENvcnJlbGF0aW9uQmluZGluZz0ie3tGb3JtUG9zdFBhcmFtMTguT1RUaW1lU3RhcnQkZGRsSEh9fSIgVXJsRW5jb2RlPSJUcnVlIiAvPg0KICAgICAgICA8Rm9ybVBvc3RQYXJhbWV0ZXIgTmFtZT0iT1RUaW1lU3RhcnQkZGRsTU0iIFZhbHVlPSIwMCIgUmVjb3JkZWRWYWx1ZT0iMDAiIENvcnJlbGF0aW9uQmluZGluZz0ie3tGb3JtUG9zdFBhcmFtMTkuT1RUaW1lU3RhcnQkZGRsTU19fSIgVXJsRW5jb2RlPSJUcnVlIiAvPg0KICAgICAgICA8Rm9ybVBvc3RQYXJhbWV0ZXIgTmFtZT0iT1RUaW1lRW5kJGRkbEhIIiBWYWx1ZT0iMjMiIFJlY29yZGVkVmFsdWU9IjIzIiBDb3JyZWxhdGlvbkJpbmRpbmc9Int7Rm9ybVBvc3RQYXJhbTIwLk9UVGltZUVuZCRkZGxISH19IiBVcmxFbmNvZGU9IlRydWUiIC8+DQogICAgICAgIDxGb3JtUG9zdFBhcmFtZXRlciBOYW1lPSJPVFRpbWVFbmQkZGRsTU0iIFZhbHVlPSIwMCIgUmVjb3JkZWRWYWx1ZT0iMDAiIENvcnJlbGF0aW9uQmluZGluZz0ie3tGb3JtUG9zdFBhcmFtMjEuT1RUaW1lRW5kJGRkbE1NfX0iIFVybEVuY29kZT0iVHJ1ZSIgLz4NCiAgICAgICAgPEZvcm1Qb3N0UGFyYW1ldGVyIE5hbWU9ImRkbE9UVHlwZUlEIiBWYWx1ZT0iMSIgUmVjb3JkZWRWYWx1ZT0iMSIgQ29ycmVsYXRpb25CaW5kaW5nPSJ7e0Zvcm1Qb3N0UGFyYW0yMi5kZGxPVFR5cGVJRH19IiBVcmxFbmNvZGU9IlRydWUiIC8+DQogICAgICAgIDxGb3JtUG9zdFBhcmFtZXRlciBOYW1lPSJ0eHRPVFJlYXNvbk1lbW8kdHh0RGF0YSIgVmFsdWU9Iua4rOippuWJjeWPsOmAgeewvSIgUmVjb3JkZWRWYWx1ZT0i5ris6Kmm5YmN5Y+w6YCB57C9IiBDb3JyZWxhdGlvbkJpbmRpbmc9IiIgVXJsRW5jb2RlPSJUcnVlIiAvPg0KICAgICAgICA8Rm9ybVBvc3RQYXJhbWV0ZXIgTmFtZT0iaGlkR3JpZFZpZXdTZWFyY2hTdGFydFRpbWUiIFZhbHVlPSJ7eyRISURERU4xLmhpZEdyaWRWaWV3U2VhcmNoU3RhcnRUaW1lfX0iIFJlY29yZGVkVmFsdWU9IiIgQ29ycmVsYXRpb25CaW5kaW5nPSIiIFVybEVuY29kZT0iVHJ1ZSIgLz4NCiAgICAgICAgPEZvcm1Qb3N0UGFyYW1ldGVyIE5hbWU9ImhpZEdyaWRWaWV3U2VhcmNoRW5kVGltZSIgVmFsdWU9Int7JEhJRERFTjEuaGlkR3JpZFZpZXdTZWFyY2hFbmRUaW1lfX0iIFJlY29yZGVkVmFsdWU9IiIgQ29ycmVsYXRpb25CaW5kaW5nPSIiIFVybEVuY29kZT0iVHJ1ZSIgLz4NCiAgICAgICAgPEZvcm1Qb3N0UGFyYW1ldGVyIE5hbWU9ImZyYW1lQXR0YWNoIiBWYWx1ZT0iL1V0aWwvQXR0YWNoQWRtaW4uYXNweD9BdHRhY2hEQj1BYXR0ZW5kYW50REJfSVRSRCZhbXA7QXR0YWNoSUQ9dGVzdDEwMjA5OTg2NDdiNmYxLTRmMDYtNGYxNi05MTIwLWRkYzM1N2E1NDk4ZSZhbXA7QXR0YWNoRmlsZU1heFF0eT0xJmFtcDtBdHRhY2hGaWxlTWF4S0I9MzA3MiZhbXA7QXR0YWNoRmlsZVRvdEtCPTMwNzImYW1wO0F0dGFjaEZpbGVFeHRMaXN0PSIgUmVjb3JkZWRWYWx1ZT0iL1V0aWwvQXR0YWNoQWRtaW4uYXNweD9BdHRhY2hEQj1BYXR0ZW5kYW50REJfSVRSRCZhbXA7QXR0YWNoSUQ9dGVzdDEwMjA5OTg2NDdiNmYxLTRmMDYtNGYxNi05MTIwLWRkYzM1N2E1NDk4ZSZhbXA7QXR0YWNoRmlsZU1heFF0eT0xJmFtcDtBdHRhY2hGaWxlTWF4S0I9MzA3MiZhbXA7QXR0YWNoRmlsZVRvdEtCPTMwNzImYW1wO0F0dGFjaEZpbGVFeHRMaXN0PSIgQ29ycmVsYXRpb25CaW5kaW5nPSIiIFVybEVuY29kZT0iVHJ1ZSIgLz4NCiAgICAgICAgPEZvcm1Qb3N0UGFyYW1ldGVyIE5hbWU9InVjTW9kYWxQb3B1cDEkQ2xpZW50V2lkdGgiIFZhbHVlPSJ7eyRISURERU4xLnVjTW9kYWxQb3B1cDEkQ2xpZW50V2lkdGh9fSIgUmVjb3JkZWRWYWx1ZT0iMCIgQ29ycmVsYXRpb25CaW5kaW5nPSIiIFVybEVuY29kZT0iVHJ1ZSIgLz4NCiAgICAgICAgPEZvcm1Qb3N0UGFyYW1ldGVyIE5hbWU9InVjTW9kYWxQb3B1cDEkQ2xpZW50SGVpZ2h0IiBWYWx1ZT0ie3skSElEREVOMS51Y01vZGFsUG9wdXAxJENsaWVudEhlaWdodH19IiBSZWNvcmRlZFZhbHVlPSIwIiBDb3JyZWxhdGlvbkJpbmRpbmc9IiIgVXJsRW5jb2RlPSJUcnVlIiAvPg0KICAgICAgPC9Gb3JtUG9zdEh0dHBCb2R5Pg0KICAgIDwvUmVxdWVzdD4NCiAgICA8UmVxdWVzdCBNZXRob2Q9IlBPU1QiIEd1aWQ9ImI2MmYzZmRhLWFmYzMtNGVkYi1iMDIwLWM0OTFlOGZiMWI2NiIgVmVyc2lvbj0iMS4xIiBVcmw9Imh0dHA6Ly8xMC4xMS4zNi4xMTQ6ODAwNy9PdmVyVGltZS9PdmVydGltZVByZU9yZGVyX01vZGlmeS5hc3B4IiBUaGlua1RpbWU9IjQiIFRpbWVvdXQ9IjMwMCIgUGFyc2VEZXBlbmRlbnRSZXF1ZXN0cz0iVHJ1ZSIgRm9sbG93UmVkaXJlY3RzPSJUcnVlIiBSZWNvcmRSZXN1bHQ9IlRydWUiIENhY2hlPSJGYWxzZSIgUmVzcG9uc2VUaW1lR29hbD0iMCIgRW5jb2Rpbmc9InV0Zi04IiBFeHBlY3RlZEh0dHBTdGF0dXNDb2RlPSIwIiBFeHBlY3RlZFJlc3BvbnNlVXJsPSJodHRwOi8vMTAuMTEuMzYuMTE0OjgwMDcvT3ZlclRpbWUvT3ZlcnRpbWVQcmVPcmRlci5hc3B4IiBSZXBvcnRpbmdOYW1lPSIiIElnbm9yZUh0dHBTdGF0dXNDb2RlPSJGYWxzZSI+DQogICAgICA8RXh0cmFjdGlvblJ1bGVzPg0KICAgICAgICA8RXh0cmFjdGlvblJ1bGUgQ2xhc3NuYW1lPSJNaWNyb3NvZnQuVmlzdWFsU3R1ZGlvLlRlc3RUb29scy5XZWJUZXN0aW5nLlJ1bGVzLkV4dHJhY3RIaWRkZW5GaWVsZHMsIE1pY3Jvc29mdC5WaXN1YWxTdHVkaW8uUXVhbGl0eVRvb2xzLldlYlRlc3RGcmFtZXdvcmssIFZlcnNpb249MTAuMC4wLjAsIEN1bHR1cmU9bmV1dHJhbCwgUHVibGljS2V5VG9rZW49YjAzZjVmN2YxMWQ1MGEzYSIgVmFyaWFibGVOYW1lPSIxIiBEaXNwbGF5TmFtZT0i5pO35Y+W6Zqx6JeP5qyE5L2NIiBEZXNjcmlwdGlvbj0i5pO35Y+W5Zue5oeJ5Lit55qE5omA5pyJ6Zqx6JeP5qyE5L2N77yM5Lim5bCH5a6D5YCR5pS+5Zyo5ris6Kmm5YWn5a655Lit44CCIj4NCiAgICAgICAgICA8UnVsZVBhcmFtZXRlcnM+DQogICAgICAgICAgICA8UnVsZVBhcmFtZXRlciBOYW1lPSJSZXF1aXJlZCIgVmFsdWU9IlRydWUiIC8+DQogICAgICAgICAgICA8UnVsZVBhcmFtZXRlciBOYW1lPSJIdG1sRGVjb2RlIiBWYWx1ZT0iVHJ1ZSIgLz4NCiAgICAgICAgICA8L1J1bGVQYXJhbWV0ZXJzPg0KICAgICAgICA8L0V4dHJhY3Rpb25SdWxlPg0KICAgICAgPC9FeHRyYWN0aW9uUnVsZXM+DQogICAgICA8Q29ycmVsYXRpb25FeHRyYWN0aW9uUnVsZXM+DQogICAgICAgIDxFeHRyYWN0aW9uUnVsZSBDbGFzc25hbWU9Ik1pY3Jvc29mdC5WaXN1YWxTdHVkaW8uVGVzdFRvb2xzLldlYlRlc3RpbmcuUnVsZXMuRXh0cmFjdEZvcm1GaWVsZCwgTWljcm9zb2Z0LlZpc3VhbFN0dWRpby5RdWFsaXR5VG9vbHMuV2ViVGVzdEZyYW1ld29yaywgVmVyc2lvbj0xMC4wLjAuMCwgQ3VsdHVyZT1uZXV0cmFsLCBQdWJsaWNLZXlUb2tlbj1iMDNmNWY3ZjExZDUwYTNhIiBWYXJpYWJsZU5hbWU9IkZvcm1Qb3N0UGFyYW0xLmJ0blF1ZXJ5IiBEaXNwbGF5TmFtZT0iIiBEZXNjcmlwdGlvbj0iIj4NCiAgICAgICAgICA8UnVsZVBhcmFtZXRlcnM+DQogICAgICAgICAgICA8UnVsZVBhcmFtZXRlciBOYW1lPSJOYW1lIiBWYWx1ZT0iYnRuUXVlcnkiIC8+DQogICAgICAgICAgICA8UnVsZVBhcmFtZXRlciBOYW1lPSJIdG1sRGVjb2RlIiBWYWx1ZT0iVHJ1ZSIgLz4NCiAgICAgICAgICAgIDxSdWxlUGFyYW1ldGVyIE5hbWU9IlJlcXVpcmVkIiBWYWx1ZT0iRmFsc2UiIC8+DQogICAgICAgICAgICA8UnVsZVBhcmFtZXRlciBOYW1lPSJJbmRleCIgVmFsdWU9IjAiIC8+DQogICAgICAgICAgPC9SdWxlUGFyYW1ldGVycz4NCiAgICAgICAgPC9FeHRyYWN0aW9uUnVsZT4NCiAgICAgICAgPEV4dHJhY3Rpb25SdWxlIENsYXNzbmFtZT0iTWljcm9zb2Z0LlZpc3VhbFN0dWRpby5UZXN0VG9vbHMuV2ViVGVzdGluZy5SdWxlcy5FeHRyYWN0Rm9ybUZpZWxkLCBNaWNyb3NvZnQuVmlzdWFsU3R1ZGlvLlF1YWxpdHlUb29scy5XZWJUZXN0RnJhbWV3b3JrLCBWZXJzaW9uPTEwLjAuMC4wLCBDdWx0dXJlPW5ldXRyYWwsIFB1YmxpY0tleVRva2VuPWIwM2Y1ZjdmMTFkNTBhM2EiIFZhcmlhYmxlTmFtZT0iRm9ybVBvc3RQYXJhbTIudHh0T1RFbXBJRCIgRGlzcGxheU5hbWU9IiIgRGVzY3JpcHRpb249IiI+DQogICAgICAgICAgPFJ1bGVQYXJhbWV0ZXJzPg0KICAgICAgICAgICAgPFJ1bGVQYXJhbWV0ZXIgTmFtZT0iTmFtZSIgVmFsdWU9InR4dE9URW1wSUQiIC8+DQogICAgICAgICAgICA8UnVsZVBhcmFtZXRlciBOYW1lPSJIdG1sRGVjb2RlIiBWYWx1ZT0iVHJ1ZSIgLz4NCiAgICAgICAgICAgIDxSdWxlUGFyYW1ldGVyIE5hbWU9IlJlcXVpcmVkIiBWYWx1ZT0iRmFsc2UiIC8+DQogICAgICAgICAgICA8UnVsZVBhcmFtZXRlciBOYW1lPSJJbmRleCIgVmFsdWU9IjAiIC8+DQogICAgICAgICAgPC9SdWxlUGFyYW1ldGVycz4NCiAgICAgICAgPC9FeHRyYWN0aW9uUnVsZT4NCiAgICAgICAgPEV4dHJhY3Rpb25SdWxlIENsYXNzbmFtZT0iTWljcm9zb2Z0LlZpc3VhbFN0dWRpby5UZXN0VG9vbHMuV2ViVGVzdGluZy5SdWxlcy5FeHRyYWN0VGV4dCwgTWljcm9zb2Z0LlZpc3VhbFN0dWRpby5RdWFsaXR5VG9vbHMuV2ViVGVzdEZyYW1ld29yaywgVmVyc2lvbj0xMC4wLjAuMCwgQ3VsdHVyZT1uZXV0cmFsLCBQdWJsaWNLZXlUb2tlbj1iMDNmNWY3ZjExZDUwYTNhIiBWYXJpYWJsZU5hbWU9IkZvcm1Qb3N0UGFyYW0zLmRkbFF1ZXJ5Q29uZGl0aW9ucyIgRGlzcGxheU5hbWU9IiIgRGVzY3JpcHRpb249IiI+DQogICAgICAgICAgPFJ1bGVQYXJhbWV0ZXJzPg0KICAgICAgICAgICAgPFJ1bGVQYXJhbWV0ZXIgTmFtZT0iU3RhcnRzV2l0aCIgVmFsdWU9InMmcXVvdDs6WyZxdW90OyIgLz4NCiAgICAgICAgICAgIDxSdWxlUGFyYW1ldGVyIE5hbWU9IkVuZHNXaXRoIiBWYWx1ZT0iJnF1b3Q7LCZxdW90OzEmcXVvdDsiIC8+DQogICAgICAgICAgICA8UnVsZVBhcmFtZXRlciBOYW1lPSJJbmRleCIgVmFsdWU9IjAiIC8+DQogICAgICAgICAgICA8UnVsZVBhcmFtZXRlciBOYW1lPSJJZ25vcmVDYXNlIiBWYWx1ZT0iRmFsc2UiIC8+DQogICAgICAgICAgICA8UnVsZVBhcmFtZXRlciBOYW1lPSJVc2VSZWd1bGFyRXhwcmVzc2lvbiIgVmFsdWU9IkZhbHNlIiAvPg0KICAgICAgICAgICAgPFJ1bGVQYXJhbWV0ZXIgTmFtZT0iSHRtbERlY29kZSIgVmFsdWU9IlRydWUiIC8+DQogICAgICAgICAgICA8UnVsZVBhcmFtZXRlciBOYW1lPSJSZXF1aXJlZCIgVmFsdWU9IkZhbHNlIiAvPg0KICAgICAgICAgIDwvUnVsZVBhcmFtZXRlcnM+DQogICAgICAgIDwvRXh0cmFjdGlvblJ1bGU+DQogICAgICAgIDxFeHRyYWN0aW9uUnVsZSBDbGFzc25hbWU9Ik1pY3Jvc29mdC5WaXN1YWxTdHVkaW8uVGVzdFRvb2xzLldlYlRlc3RpbmcuUnVsZXMuRXh0cmFjdFRleHQsIE1pY3Jvc29mdC5WaXN1YWxTdHVkaW8uUXVhbGl0eVRvb2xzLldlYlRlc3RGcmFtZXdvcmssIFZlcnNpb249MTAuMC4wLjAsIEN1bHR1cmU9bmV1dHJhbCwgUHVibGljS2V5VG9rZW49YjAzZjVmN2YxMWQ1MGEzYSIgVmFyaWFibGVOYW1lPSJGb3JtUG9zdFBhcmFtNC5kZGxPVFN0YXR1cyIgRGlzcGxheU5hbWU9IiIgRGVzY3JpcHRpb249IiI+DQogICAgICAgICAgPFJ1bGVQYXJhbWV0ZXJzPg0KICAgICAgICAgICAgPFJ1bGVQYXJhbWV0ZXIgTmFtZT0iU3RhcnRzV2l0aCIgVmFsdWU9IiZxdW90OzAmcXVvdDssJnF1b3Q7IiAvPg0KICAgICAgICAgICAgPFJ1bGVQYXJhbWV0ZXIgTmFtZT0iRW5kc1dpdGgiIFZhbHVlPSImcXVvdDssJnF1b3Q7MiZxdW90OyIgLz4NCiAgICAgICAgICAgIDxSdWxlUGFyYW1ldGVyIE5hbWU9IkluZGV4IiBWYWx1ZT0iMCIgLz4NCiAgICAgICAgICAgIDxSdWxlUGFyYW1ldGVyIE5hbWU9Iklnbm9yZUNhc2UiIFZhbHVlPSJGYWxzZSIgLz4NCiAgICAgICAgICAgIDxSdWxlUGFyYW1ldGVyIE5hbWU9IlVzZVJlZ3VsYXJFeHByZXNzaW9uIiBWYWx1ZT0iRmFsc2UiIC8+DQogICAgICAgICAgICA8UnVsZVBhcmFtZXRlciBOYW1lPSJIdG1sRGVjb2RlIiBWYWx1ZT0iVHJ1ZSIgLz4NCiAgICAgICAgICAgIDxSdWxlUGFyYW1ldGVyIE5hbWU9IlJlcXVpcmVkIiBWYWx1ZT0iRmFsc2UiIC8+DQogICAgICAgICAgPC9SdWxlUGFyYW1ldGVycz4NCiAgICAgICAgPC9FeHRyYWN0aW9uUnVsZT4NCiAgICAgIDwvQ29ycmVsYXRpb25FeHRyYWN0aW9uUnVsZXM+DQogICAgICA8UXVlcnlTdHJpbmdQYXJhbWV0ZXJzPg0KICAgICAgICA8UXVlcnlTdHJpbmdQYXJhbWV0ZXIgTmFtZT0iT1RDb21wSUQiIFZhbHVlPSJTUEhCSzEiIFJlY29yZGVkVmFsdWU9IlNQSEJLMSIgQ29ycmVsYXRpb25CaW5kaW5nPSJ7e1F1ZXJ5U3RyaW5nUGFyYW0xLk9UQ29tcElEfX0iIFVybEVuY29kZT0iRmFsc2UiIFVzZVRvR3JvdXBSZXN1bHRzPSJGYWxzZSIgLz4NCiAgICAgICAgPFF1ZXJ5U3RyaW5nUGFyYW1ldGVyIE5hbWU9Ik9URW1wSUQiIFZhbHVlPSIxMDIwOTkiIFJlY29yZGVkVmFsdWU9IjEwMjA5OSIgQ29ycmVsYXRpb25CaW5kaW5nPSJ7e1F1ZXJ5U3RyaW5nUGFyYW0yLk9URW1wSUR9fSIgVXJsRW5jb2RlPSJGYWxzZSIgVXNlVG9Hcm91cFJlc3VsdHM9IkZhbHNlIiAvPg0KICAgICAgICA8UXVlcnlTdHJpbmdQYXJhbWV0ZXIgTmFtZT0iT1RTdGFydERhdGUiIFZhbHVlPSIyMDE3JTJmMDQlMmYxNiIgUmVjb3JkZWRWYWx1ZT0iMjAxNyUyZjA0JTJmMTYiIENvcnJlbGF0aW9uQmluZGluZz0ie3tRdWVyeVN0cmluZ1BhcmFtMy5PVFN0YXJ0RGF0ZX19IiBVcmxFbmNvZGU9IkZhbHNlIiBVc2VUb0dyb3VwUmVzdWx0cz0iRmFsc2UiIC8+DQogICAgICAgIDxRdWVyeVN0cmluZ1BhcmFtZXRlciBOYW1lPSJPVEVuZERhdGUiIFZhbHVlPSIyMDE3JTJmMDQlMmYxNiIgUmVjb3JkZWRWYWx1ZT0iMjAxNyUyZjA0JTJmMTYiIENvcnJlbGF0aW9uQmluZGluZz0ie3tRdWVyeVN0cmluZ1BhcmFtNC5PVEVuZERhdGV9fSIgVXJsRW5jb2RlPSJGYWxzZSIgVXNlVG9Hcm91cFJlc3VsdHM9IkZhbHNlIiAvPg0KICAgICAgICA8UXVlcnlTdHJpbmdQYXJhbWV0ZXIgTmFtZT0iT1RTdGFydFRpbWUiIFZhbHVlPSIyMjAwIiBSZWNvcmRlZFZhbHVlPSIyMjAwIiBDb3JyZWxhdGlvbkJpbmRpbmc9Int7UXVlcnlTdHJpbmdQYXJhbTUuT1RTdGFydFRpbWV9fSIgVXJsRW5jb2RlPSJGYWxzZSIgVXNlVG9Hcm91cFJlc3VsdHM9IkZhbHNlIiAvPg0KICAgICAgICA8UXVlcnlTdHJpbmdQYXJhbWV0ZXIgTmFtZT0iT1RFbmRUaW1lIiBWYWx1ZT0iMjMwMCIgUmVjb3JkZWRWYWx1ZT0iMjMwMCIgQ29ycmVsYXRpb25CaW5kaW5nPSJ7e1F1ZXJ5U3RyaW5nUGFyYW02Lk9URW5kVGltZX19IiBVcmxFbmNvZGU9IkZhbHNlIiBVc2VUb0dyb3VwUmVzdWx0cz0iRmFsc2UiIC8+DQogICAgICAgIDxRdWVyeVN0cmluZ1BhcmFtZXRlciBOYW1lPSJPVFR4bklEIiBWYWx1ZT0ie3tRdWVyeVN0cmluZ1BhcmFtNy5PVFR4bklEfX0iIFJlY29yZGVkVmFsdWU9IlNQSEJLMTEwMjA5OTIwMTcwNDE2MDUiIENvcnJlbGF0aW9uQmluZGluZz0ie3tRdWVyeVN0cmluZ1BhcmFtNy5PVFR4bklEfX0iIFVybEVuY29kZT0iRmFsc2UiIFVzZVRvR3JvdXBSZXN1bHRzPSJGYWxzZSIgLz4NCiAgICAgICAgPFF1ZXJ5U3RyaW5nUGFyYW1ldGVyIE5hbWU9Ik9URm9ybU5PIiBWYWx1ZT0iMjAxNzA0MTcwMjEwMjA5OSIgUmVjb3JkZWRWYWx1ZT0iMjAxNzA0MTcwMjEwMjA5OSIgQ29ycmVsYXRpb25CaW5kaW5nPSJ7e1F1ZXJ5U3RyaW5nUGFyYW04Lk9URm9ybU5PfX0iIFVybEVuY29kZT0iRmFsc2UiIFVzZVRvR3JvdXBSZXN1bHRzPSJGYWxzZSIgLz4NCiAgICAgIDwvUXVlcnlTdHJpbmdQYXJhbWV0ZXJzPg0KICAgICAgPEZvcm1Qb3N0SHR0cEJvZHk+DQogICAgICAgIDxGb3JtUG9zdFBhcmFtZXRlciBOYW1lPSJUb29sa2l0U2NyaXB0TWFuYWdlcjFfSGlkZGVuRmllbGQiIFZhbHVlPSI7O0FqYXhDb250cm9sVG9vbGtpdCwgVmVyc2lvbj00LjEuNy42MDcsIEN1bHR1cmU9bmV1dHJhbCwgUHVibGljS2V5VG9rZW49MjhmMDFiMGU4NGI2ZDUzZTp6aC1IYW50OjdiOTVlZDFhLTZhM2YtNDFkZC1iYzViLTYzZjM5ZWRiYzRiNDpkZTFmZWFiMjpmY2YwZTk5MzpmMmM4ZTcwODo3MjBhNTJiZjpmOWNlYzliYzo1ODllYWEzMDo2OTgxMjljZjpmYjliNGM1NzpjY2I5NmNmOTo4YWQxODEwMTphNjdjMjcwMDo4NjEzYWVhNzozMjAyYTVhMjphYjA5ZTNmZTo4NzEwNGI3YzpiZTZmYjI5OCIgUmVjb3JkZWRWYWx1ZT0iOztBamF4Q29udHJvbFRvb2xraXQsIFZlcnNpb249NC4xLjcuNjA3LCBDdWx0dXJlPW5ldXRyYWwsIFB1YmxpY0tleVRva2VuPTI4ZjAxYjBlODRiNmQ1M2U6emgtSGFudDo3Yjk1ZWQxYS02YTNmLTQxZGQtYmM1Yi02M2YzOWVkYmM0YjQ6ZGUxZmVhYjI6ZmNmMGU5OTM6ZjJjOGU3MDg6NzIwYTUyYmY6ZjljZWM5YmM6NTg5ZWFhMzA6Njk4MTI5Y2Y6ZmI5YjRjNTc6Y2NiOTZjZjk6OGFkMTgxMDE6YTY3YzI3MDA6ODYxM2FlYTc6MzIwMmE1YTI6YWIwOWUzZmU6ODcxMDRiN2M6YmU2ZmIyOTgiIENvcnJlbGF0aW9uQmluZGluZz0iIiBVcmxFbmNvZGU9IlRydWUiIC8+DQogICAgICAgIDxGb3JtUG9zdFBhcmFtZXRlciBOYW1lPSJfX0VWRU5UVEFSR0VUIiBWYWx1ZT0ie3skSElEREVOMS5fX0VWRU5UVEFSR0VUfX0iIFJlY29yZGVkVmFsdWU9IiIgQ29ycmVsYXRpb25CaW5kaW5nPSIiIFVybEVuY29kZT0iVHJ1ZSIgLz4NCiAgICAgICAgPEZvcm1Qb3N0UGFyYW1ldGVyIE5hbWU9Il9fRVZFTlRBUkdVTUVOVCIgVmFsdWU9Int7JEhJRERFTjEuX19FVkVOVEFSR1VNRU5UfX0iIFJlY29yZGVkVmFsdWU9IiIgQ29ycmVsYXRpb25CaW5kaW5nPSIiIFVybEVuY29kZT0iVHJ1ZSIgLz4NCiAgICAgICAgPEZvcm1Qb3N0UGFyYW1ldGVyIE5hbWU9Il9fTEFTVEZPQ1VTIiBWYWx1ZT0ie3skSElEREVOMS5fX0xBU1RGT0NVU319IiBSZWNvcmRlZFZhbHVlPSIiIENvcnJlbGF0aW9uQmluZGluZz0iIiBVcmxFbmNvZGU9IlRydWUiIC8+DQogICAgICAgIDxGb3JtUG9zdFBhcmFtZXRlciBOYW1lPSJfX1ZTVEFURSIgVmFsdWU9Int7JEhJRERFTjEuX19WU1RBVEV9fSIgUmVjb3JkZWRWYWx1ZT0iQVIrTENBQUFBQUFBQkFEdEdtdHpFOWNWWFZ0K1lUQmxpZ21GU290cFlqeXhwSDFKc21SYnFXMU03SUtSZ3hUSURNbG9WcnZYMHNhclhXVjNaVnVUeVpTMElhRVFHako1bFpJMnpUUTByMEpwTTAwY1F0TCtoRTZuSC9xOWxoK2YraFBTYzNkWEQ4dDJRbEtVYVR0ZHh0TGVjODg5NTk3elBsZDg3dXE2eCtYMnBGSmptbXJxbW1LY3hFOFVaQjFQYTRZNUtvaXp4M0F4bGVwMnViZUwyZGtwTENoSEZTSFQ1ZTVnQnNKMEtNZ1BNS0d1N241UGF3NGJocERCMk5PYm1vYnZTV05La0ZVVC9oSWkwRlNBbUd6S21ocFh5MlF6bm81VVBEbXVTa2NFRTdzN1dKb0pCMmcrd0lROExhbnhYSDd5aUx1Rm9WazZFdkYwQWw3Q0ZIUXpLZWV3dTVsbGFkclRtdElGZFJhUUVEM2cyZU93ZktpQTlXTEMxR1UxYzF6TFpEMXRzREM1b0FKV2QySjZZdlFZWXhNa3JHaWVDZEVoajFzd1RUSHI5cHZZTU8xSm5vMXdNd0l0K1FhQ0hPL2pPUkg3aEhDYTlhVjVXQlRoYVZHUVJNOU9oK0ZSVGM5Wm5MYW5UbXY2YkVJMk1UQnJDc0lHMjhnaHJLUHRZNEJsSUJSZ2FHcHA4VUxwMG5tS1lhTTBIYlZPSVpuVGdpNndpd2UydWJadDIvWTVQT1NiUEowSVBrNGtpb2FKYzM0Z0pQUlRwN0J1Z0F5SGVUOU4vdlZUWXdYRkxPaDRXTVVGVXhlVWZtcTZrRlprRVRTVzFHYXhPcHdPaDRXZ0dBd3hFWTdIOUVERVRZanZxYUZwZlNTRnRJS2JZR1pmWmVRL2lYT2FDWEowV0xZL2tsTVNZaGJuaE8zd2RrU2VtWGxRRjNKTkx0ZE9oNWlEUi9iY1RraTFOTVBIeDd1SEhsaklLZFNjcys4ZXhrLzNVRmdWTlFsSUQvY1V6QmtmRStwNUlMYWpZMmpCaUJvV0F3cFdxTVp3VDQvOUVsMkE5NnhwNXFPQndQejh2SCtlODJ0NkpnQTJ3QVFlbVRwdWI2cU1tek1rT0FFUTFsV0htdUhMeVdDQWhqWmora1F0RndVOG40M1ZBMXdwaXZERkNzNWgxYVJVSVllSGU2enpNL2FzUFEvcjhncGVTQmJ6MklIYWNBUDhCQTVUQlc1R2JrU2FFMFE4aWpPeTJrT1pRR0s0aHl5MWpMU0hzcmNTQmVQT1lQTUVMRER5Z0UwT241UFZ1Q2dXZERnOXlDendwVHhnSCtCTERXTnhCSXNLR0NweDRjYWU1WWhRUEM3blpITkNLK2dudmhFdUV3M25RaUptdzVoTVFkVE9WZzd6RGJCcDZHbml5YW1DWVk1bHNUamJRQjdXT1VBN2pXYlJXTVZETGlZWnNYRmVVdWJRT0ErQkhIblN5dU1ONDNCS1VHU3B3VHhHcE1mQmFCdk1KQ0ZBQUM3RzlSSENxOEZIbVZUbmlOaEkrWEpYT0EwRk5xWkxDMWFmV2kyZ3M2TXQ4ck5wbFZWQ0FwdVZuVXdhRGdSbTlRS3V3RWtKV2lscEtwbTlQUHV3Z2NjS3VnNlVqMnVpUUJDc3hYZVErTVdzSm91NDdyUTVZYUU4S3FocHJhQktXS3JLNEU1T2EwdkpLbHRpTFc2b24vN2FPaVJCcVpYUm8vYVhrUHM2ZFk2enhpYnhaV3ZLakh4elRnazBWSlYzK1NpMkhDbG5hN0pVbG14VnRMbzJIOWNsckZ1Q2NmQ3lnakdXRmRRTUJnSEpxb0YxRStSVEZXdE5uUlNMUklZQ3RlTjFTSGFoRTJOcEc4Y1pWbERxQ3hXTDJBWmdGYjIyM0lqeGdMb09zQ25lUkl4aDF5Tk9iRVFrb1Q5R1Y5R3NjUVZyZmRLTzhhR2hRQjFvRTlReXlUcElCYk1tZHhLMDJtRU5Uam4zeGNJRXBUS3F4N0JJTXhXVXV1MlhVMCtNSS91cGpEWWdUTVJDTlFnMVlxb0UvaGdEK3FtT0tnZzFjVHZHZ0hocXh6WDJVQTI4RnFGMWdBcmF1dEJKRHJVZVVFZXVKdmpGcks2VVlRTWNYYVpkTzF0MmJkdjhIWmRlNXk5RGdUb0hqaldUN3FpdWF5SzlVa3RxU25oYzArRkxWc25YYUVGV3BQYlVTVHduRXhUU0ViYkJnNXp1OEhQbjJlNXBoeWFYOUtFbjR1NWRUbWNicHRuNjFubERrKzAwMzA1THpVRXpTZ2lOYVhibmJiZkxBQm94VFVITUF1aXJ0c2d0aEROK3d1MEtlUTQ2M2ZKSXdkUkc4bm1sT0o1TFk0bkF4Z3hqVEJFTUkrUHBLdDhhWUJLdU13QnBUaVh3Z3R2RmRpUFUxQ1YxeCtDenF4dEJyMzljem1UTlVXMWhWTWZDN0xoS1pDOWxwVzQwQTFqTnlHVmh0WjRDcWNGRVZwS1EyNEkwSi9HQzZkNnpkdmJwbFp1ZkxpMWUvK2Z0NTFmZnY3anl6cVhTWjg4RDBnNExhVWRjSFZOa2lNYndLYzY2WDNOSm1sZ2cwZGtQbVc3Y0R0U2p4VW5wY0c5QkxHOGpKY2x6NWZkcExUK3FTY1hlUHI5aEZxR0xsbVFqcndqRjRkN2V3YTlPS1E1dE15emVsSmlFOXBJTmUrOXhkeTdmWEZ6OS9lVzFDMmRYM3lRSDJlL0F1NVp1M1NwZHVMcjZ3WFBMdHk2dlhua0ZwcnpscWRWWDMxczc5OXVWMzd4UU92L3V5dHN2d3RRaFo4cTVjZ0hJdlE2a2RmWERLL0hTMlhjQjFPZUFkdGxJL3poN3Rqcm42OW9sd1N4eUlkU05ka2xTaHZ4MXcwaENBV3ZaM2d4Z01mRGFEQlE2cW41bFQ0Umhvc096UFVYTWxCaXpZTG83aS9BOEdwaWFlalFnU1dDdUZUTnUyZlpuK2ZtcmYvdExHN2xqc2ErUEFEVGE3TDMrOXpZZ01XbWN4SUlVVjVVaXVRQkthaHFFbnJ6YmQyYnRrMTh1djNUaE1hcjA0dTNTQys4dnYzWnQrZXF6WUFSbjFxNWVzZURMaStmV3JyeFZPdmQyNmNiSHRpRko1RHhkdThpM3AxVlRSY3Nta2crYnNwSWF5ODZDa3BKYUpxTmd5OVJrUlRhTFJKbGtPOVpXVTJKMnRqclYyMCt0bXdSVmt5Z3hBamJjMndmNmxCQWlCdWkyVk8zMmd1cE5HWW9TSDhTYWpCbzF0ZnpnWElWV2ROQ3g4N2FLS0cyZjdpUWVWcjFmMnpVbUZBeHNXSkhUeW4wWlQrdlhrd2ZzckVOVHBiUml5MkNubVpVTlA4VEJBcmFzRVZ5enU4WFRzcW5pMmpmb2JjTFRXcWUyQ1FrTkVnUHdmbWY5WXUvK2lxNjlCeW82OW40MzYvWDh1d3IxZXQzVGQ2QkoyT2hXZWlSVG0ydlJTMzFOQlhvUFpydzlHZStocjZ3ZDcvYzIxNG4zM2pxQjNsZFJncmUzUnZvUEVMK0VaREZwSkJMbGlBcGkza3hxWDJ6LzhTUkpLRnZZZisza1JzazEzYUhrV3F6TndObUlzTWpONjBGQ2FKUVUzQmxwMTU1OTdSRFcxNTVlWEg3cE9VVFRpR1lRelNLYVF6U1A2Q0NpUTRnT0kzb0EwUkhFMEloaEVNTWloa01NajVnZ1lrS0lDU05tQURFUnhOS0laUkRMSXBackJNMXYzOSswTDdQVkEzRnpMOGxiMVdONis4alpodS8rUGhETEl6YUkyQkJpdzRnZFFHd0VjVFRpR01TeGlPTVF4eU11aUxnUTRzS0lHMEJjQlBFMDRobkVzNGpuRU04alBvajRFT0xEaUI5QWZBUUZhUlJrVUpCRlFRNEZlUlFNb21BSUJjTW9PSUNDa2YvMi9ZUE9ocmZVMlowOG9GZVhoTm9oVlVyZDJ5UTBVazJNNDFaaVBMeVYwMzF4cUxMOWF0TlFWWjI2V3c1blcrTC9pSmZkODM4dis0L2IvOTMyc2dlclhuYk1LV0NiR0Q4Tnc3Zzl4UEQ2RUxFQ3FQS3NicG0wRThSQlRqdlZxb3NtRll2VFowam9USlhnWS9ZYitDcHkzdHBJRndLdGlNMm9KcmNEdHF0Mnl1V3pxb1Y2U0ZNdHhObW5ZSm1vWnlmeDMxTWt3UitWc1NLNW04YzBDWHQyV0JkYzBOdll3SFlDSENPWGNyWXhkKzZHTXQxSCtTb21BZStkYStjdWxTNmZMOTA4di96bStaYlN1UStYUG5tMVpmbjFINjlldjlsU09udDc1WVhyM2FVUGJrTE5FVmgrL1h6cDFpdnd0dkxIeTZYRkR6cmhyM1R4Q25RVEs1ZWYzYjM2M0h2UWNpeS9jVzM1VjR0TG43NitmTzM2N3RJYkh3Rm82Yk9MWk9MYWRjRGRiU092dlBmMHlwWGJTN2N1TG4zeVlTZE1ycDYvdFByclh5ejk2WWJiYWl2M2RMcG9GMWdpN1dKZG5JdDNCVjBoVjlnMTRJcTBRQUNqYVFac29yTld4U0FVRERJNjROa1BYZlBDY2F4bXpPd0pJZ05vc2d5N2c1czhncUg4bjRRUkZ2U3M5V3JOWmowN1UwUmNpYXc4WXg2VFZXbDczdzhUMEhKUEM2TC9ORTZQTCtSMWJCaCthSVJ6bXVvbmNmZitkZWo5MUpiWTFSOW93MzdPenpGKzVzdC9vVlVMaXJMTmN5QjFCSnE3Y2RYRU9wWk9hN3BreE5PUFY4L1JrVG9OQmFjK0plaXpHSHB5MHVGa2dIWFdxb1N4VmJlTmlLWThoeWVueGpPQVVHNnJ5Y3JKOHMvNVdjL3VsTjJESjdXSDgzbXNqd2tHemxvTjB6VGd6Z1BYVFhQUG8xK1llOHdGTTU2RWhzdlExQ21jMHpabW9IcUVMZk5RYUViUkJET3E0Qmx6MEdsMW83S3F5Q3IycFJWTm5CM01DeEw1MlRoS3IwOVBiWFlsN1dtcnRuM3UwN0prWnZmYk55WEY3NU1mdlQxdFZhRTBwdzRtUnRHUGtOM1d6ZUppSWUvK0diTHFaMU0yRmF0K2xtZW93OVdLMnE5WUprYkZoaW1XcHFuNzdxT3FjOVRCWWFxM3QrOUpxb09xaFE3WERQeEdJVzFmbmgrbSt3bUZ2a0dxNDZuQmpqbEJwN1RrZ2duSVcxNFAxTXRQRWRKRWZnK0JkUHVzWFZvRVlBL0VrdnFlSkNPL3JLcFlKMVlMaE8zL0R1R2ZzWHF6d3o5SXBLYU1qR1Z0azJxK1lJTDNXT2JXVDIwNHJMUFJweVRyNHFYWk83aE9udDVoZEJaWmx5dTJ0ZGdCYSsrWjBsdHZsMzczL3RwUFh5M2QrUGxqcFkvK1VIcmxqWldYMzdFVS9MS3JyRUdLelM5UURBMGY1WmRCU3RRVVRZOGVvbWw2a0VxVDlsVW5GWDJVT25UMDZQakFTR2lRbXRGVTB6ZVB5ZjFJbEVwcmlnUjRHcmxramxJTVVERTA2SElwQ1Z3a293dkZRV28rSzV2WVovMHlFYVZVYlY0WDh1VUZQbDJRNUlJUnBUaGdMS0hXYWp5ZmRjN3hyY01yVjIrVWZuSnA1WmszMTY0OEF6R3JEeWExY3B6bVlXQ1VRelR2RDhOd3ZqeWsvUndNbjZ3T1NRQS9aL3RVYzVmbFVwUjdSOW0rVlUzRmc5Sy9BSWZZcUhHQkl3QUEiIENvcnJlbGF0aW9uQmluZGluZz0iIiBVcmxFbmNvZGU9IlRydWUiIC8+DQogICAgICAgIDxGb3JtUG9zdFBhcmFtZXRlciBOYW1lPSJfX1ZJRVdTVEFURSIgVmFsdWU9Int7JEhJRERFTjEuX19WSUVXU1RBVEV9fSIgUmVjb3JkZWRWYWx1ZT0iIiBDb3JyZWxhdGlvbkJpbmRpbmc9IiIgVXJsRW5jb2RlPSJUcnVlIiAvPg0KICAgICAgICA8Rm9ybVBvc3RQYXJhbWV0ZXIgTmFtZT0iX19TQ1JPTExQT1NJVElPTlgiIFZhbHVlPSJ7eyRISURERU4xLl9fU0NST0xMUE9TSVRJT05YfX0iIFJlY29yZGVkVmFsdWU9IjAiIENvcnJlbGF0aW9uQmluZGluZz0iIiBVcmxFbmNvZGU9IlRydWUiIC8+DQogICAgICAgIDxGb3JtUG9zdFBhcmFtZXRlciBOYW1lPSJfX1NDUk9MTFBPU0lUSU9OWSIgVmFsdWU9Int7JEhJRERFTjEuX19TQ1JPTExQT1NJVElPTll9fSIgUmVjb3JkZWRWYWx1ZT0iMCIgQ29ycmVsYXRpb25CaW5kaW5nPSIiIFVybEVuY29kZT0iVHJ1ZSIgLz4NCiAgICAgICAgPEZvcm1Qb3N0UGFyYW1ldGVyIE5hbWU9Il9fRVZFTlRWQUxJREFUSU9OIiBWYWx1ZT0ie3skSElEREVOMS5fX0VWRU5UVkFMSURBVElPTn19IiBSZWNvcmRlZFZhbHVlPSIvd0VkQU5vQnIxVnc5YUdCQzNyM2pLOUx4d3BtRDZWNzgzMXFGbzlSRzBZcThXYmZBK2VoNCtlbVo0K3ArSFlmbTc3TDlKN29EL2hwdnVYbk43TmxvTjJ0RDA1YUNqem1sdGFVTTdhRUFOK2c5Y1AvbTEweno3NVBPRWN2Q2s5RnBjclNxRy9FK1dLZWlYUlZqRFFScTM2WU40VnpUWFhjZG8wS1lvOWZDMUlnd20rV25Dcko0WTRzK1gzaTdicFdaSktxbGVqMWxNWHlXR2lNZi9kc3RzZCt6ZHl0SWhxTXZaMUV5WE1BbHoyd0NteXN3N2ZmWGhOaVhEc0F4UWNMR3NWZzBEZjRadmd5NzYyNmpwS0g1MWNrYXVLU1g2UVBCYVVlMzZVRXVXand5cHJZN1lRbmhYb3VHQkt1QWhtdlhoM2VEc3FTekQvY3V3V2MzMU0yYlNvSVVmMUVxMUpETzdjSkFHdXJ0amtzT1NpZEJmdFZJVVZxNUpWZDdnY3I2Z0VvQU5IUGZaSm0vSGo4VWQ2VFhwMVVHSm1aN3R2cHh3VmtLVUY2dlB4alNJWEZuL3Zpazh3cTd0K05oVDhEUHlBVEpndkZEM0s1VSt2eG9DeExpVXFjN25oVlVXdGprdjdCZkFlYkpnaWxFRU5wRW5McTVncjg5Mm5lUmFNaHU2VXA0OE9kWVBEcUxSU1hYamdKcTZlUkxTRndaSGpDMVBqQSswUldxdDhkbFhIY2xYV0RRWU1yUzdPL2FOZHV4TFVlN3hwaFQveXhBZUQyVStWanJMa3AybUZTSWFhQ2VCdzlIRnRDeFBQMVB5NENEUXRLT21hME5aZldRZHdWS3FDL2t4VEtBbFFLU3duNjBXdzd6ZEFZbk9PVkRkR0hOL1RyNWJnS1A2WndaLzhNUWNGZURzZENKR2Rld3lrNUdzSE9xMDJMdDRURXJHQzI5SEJ5S1ZQMVMxcHAwMElDNmYvNi95T3pUWkFFeEljMDB0ck5oRlJYMW44T0hTS1JHSDNLaDZLMUtzMnhIOE9jLzRRd2JsaFpiTll4amJSWVI2TGlEZkp0WXZJbldYVG5BR1pwSlk0elRKaTFnNlMxMU00QXlWUGlvZnR4TWYxTkk4Y1BDbEtKSXYzNmhsYVBoVXVrN3luTHFKSTFOVHFuVkpGYllJWlJRMVdFQWdjbGhmallhM25EL2lVbXBScVZEbWtzejdlTDlZL3pnQkg0Z0hMZThZMlp5Q3A2Wm11d0VyU0w2Yk94blZKMng3S3ZhWGNVMnZYM1NzSkxkUC9mZnhXVElGdGNydERhNjdzdHJmazc0YktMUFNoZ2p3czlLZjIvVFFNc0NENWpZU0RFYTkybjBhamcxV2JFRFpEelZHLzB3L1Vuc3BJb1ZtZTZNRjVMN0UrQVBCVFFIQ0pxekh1QitXRzJ6SkpmQVZxZ3BVak0xZUZ0eEhQMGVRWGFPZjZ6MDNqVmdIT1ZjbGJjWUowZFpRL2ZBYjJMaE5aSmprZnlvQ3JqaW52UlgrYzl2N1NiQUlRRC9uZDVoNnNPUTgzVW1maGY2Yk1wdDU0YWluTGxMYzZTTSszZDVqSFlybndLVG1OeFBQYVdzdkxtZmh4MExod25DWEdsQm9Mc0twZ3VEcEx6UWhmK2wvbUwxK3lmalVTenFGdXg3a0hqS3dYQnpFaHh4ZjBrZFozblhyUnBWVllKSkc1THVzNEY4V2JWdEl1a3Nxd2xFL3duT3kyWXlod3lNTmVzUTY0SzNTNFVtY1RSb2dkcE8xQXJPaTNTelVFWmg3dXpWdXFZanIxZDN6a2d0SGpwVHpoQW9ZWmlWTzVXWXQ5M1puaHVWWExZZ1RtUEJObTc5SXM3dzFYNVRxNjBManNiVnZiOENQTk1QQ0JsTnlHZzV0bHZpVFBscEdlUk5zbEJLVys0TEJYRTZBRTZFb1cxTER3bHVJVjlxejVKS1BaZUpHd1lORGE1VFZYdXB1ekV2clZEYmxEYnU3MUJnZEd2UXdxK3AxMVNjWU1NTGdrb1YwNU9YbHZvbGt0akxTRUdySVM2Vzh5VkhHalNzaDRHT3VqYTd4VGhTWEFWdkFyN0NJMGNDY1lKSit5NDV1R0twMnhNSEVDc01xZFVCVFZLUXNBbmlDOXNaQ0J5RXlBaEEra3lzVTk2SEM4SUlUTWRqdFFuaHBnUkJHemtSK0RzMVV5V2VuZnBxLzQ1aWhIUW5ValIyUGErRm9xSlBsdUhKWFlBY0w1ZGlmNHI2cVFaREd5VzdCSzlPM0x2Y2Jmemp3TUJmMnF4OTlUWWtKYW54aGxkbjVSSHFzZEpCVGxGVENlSXFKaWxsTlA5WCthSjc3dHo1bjV1Lzh3MDZOTHhjaThRNDd2VXpjYlkvL29qL1Bmb0xCaDc4RWgvZnJDaXFWTk5tM2FHU3d3cG1FQ3Z3RW9URURZZ0x2Q1M5R3ZsbEQzVm95UVVjUEorSXZOYk4xMzFnVkJGQWZhWWFXcXhWK0FrS3hKN3BSWmZqWXRvbXp5bEs5RUNzakFkUzRPNW5qNHhaaWJmR21Pb1JMamxMZThaS3Z5UmRpaUh2WVVqdHVLT3dQS1FPS2NZbEVGajlmNmhRRVZ3ZDhwNG84WWZyQXRRYzJJeitQS1hHdUNtV0VZdHV6b2dnSVBPdjJHaU8zcE1qR29KTGFOQVRVT2d1eTRucGhGN0g3U1N3S1NqRSsyT0QyRW41SFBpbFpVckQ5Z2tYdkdpZ2VYaUU1YVlHeGNqZFIrbUxkQ1A4dksrU1NOUkU0c0NtWXVxWU90NGlRcGpBUDYwa3dhOGF2RGRkVjBpbFJicDZzMjVESHpzY2ZhQUpKQmw0ZEpzRzJpbHovVGZRY3hyK0xXYWpmdWt4TVNkOU9tS1B3RUtqMVBiMkRiNHRIdlVtak9TemRDUTN2RWtlOWFua1I2L3JyTGhmMjF4U1diOGl5a0l1Skd4K3ZVOUlxTlRiNUNuUVZTdzJNbU1QT29uN0JoWkhPUlBFRERrc0R4ZCtpV0c2dlUrQ3RJNVVaQ3JUVlRxc0NWU2pVYWhOUVIrcEpoMXpIOVJjeDV1OWJ6S3U3c3V4clZZUU5ROTdhbS9QTzVyZG5VYWxuMTZIczNHcGV3eERrTW5Fb3ErSGM3em9lZzJpODd0Z3BEeS92L011UTZvRXFid0ErOVZNRDJVUnB2S0lROGxJemk4UXVQM2pXZkNDOGtTYXFhL2pjK0VFTHBOb21ua3hQa1kyRXpIUjVGczc5MW9ybG9WR2h1MFRYaEMzeWlRQytYL2FuZmFXREJsd25LNEwxYUJkN3JLMEJra3VPOGdjNUFVbWh1WFFRTWtTVmhIa2lIUzZtYTBzanoxS28vbzVMQTE3UmFjZlhhN24yMWdtVXdDS0taL3V5Y25WYk45UTc2SHViRDFBcXZxWWRRNys4ZkYwcGVoQ1A0WUNuRThBQzNEMlkzOVVIZjg0MW1FVS96ZTJwUm5LUHBaRlRwTnA1YVhQYlZaNWYrNEcwR0thMjBRcUlsZFZWR3BQRGhXcHpMRWFyQTVkdmlvT2VCaFlBN1lRd2FBaG04dWxKT00yaFJjcUxDOSsyVm40Q2J6cGs4VG1mSTNqYzh4N3hDbzBOWGE3ZEcrR1Q5ZmVSVXlMdVl6ejRHYURYeWVTU2NUSGc3a0sxczd4eXRLTVVibnZyRW00V2dnZkdvbk50TkxneXFVdnVvZ2hWTnUrMm1hb1RmNWVabDBxZVNOaklmSHZjN2hFcllSR3ExTGpWY09semlLWGhxZTV3SEJUNHVjaWdScUM2akJsdzlpOEZZbzdRejIwQmFkc0Rrc2o4K0pxZmd2S3QxNkl6SndzcCs3YVJMNktUSmdEQW5qN3pXN0pENEh3aXI1Vzg3NGZjdGpOait6dFdlTm1HTk50OUo0MDVXL3hoeUd5Q1h0WnRUcU1kNFgyb3BveXBWVncrVGovQlRXamVwMkhLY0phRUR4cjIzQWNyL0M0TGhzM3VwOUVTMk5KTGFQNytaam5ZQXZLeHBkc09wL1M2U3F6R1M3Zmovc1k4ODFsUlJpMEtzUzlwVzNHQWJQQ1Q5TFlSNGdCSHoxdUNqcWtYakp2N0g5Tml2ZzFuQzY5cXRTalNjNzlQVXVuNFBweTlKSkErbFp4RFIvMTA2QURHcVFLdTVhQSt1S1dsQnJVRjE5eFRzSGZkZ1lxcktOWHNmcW13bk5ibmE4bHJRUzhBcDlJalJMRVVpbFlOUWdDSVNlVWZnQ1g4MGdVam1ReFhyYWlHdDYwcE8wNzRMc1FMK2l4T1J5L3B4RllhanJmTXZUMFUxV0M4Y0pjUkVMb3J4MC9nSlNqKzFTNEViemRzdHM0TnJ0azVrR09YbEtrdHlldytrTnFTZGp2MFVGZWJlVGhCNVdpNkpWdXRQSTJxYkx1UDBDTURoQ3dydlZXZklzbHpSWk1peXBPbDJzN2dNZDkwSzRJRVQ5dmlxT1BkRmhwQ29MdG5HNGkydWtmKzJTSjZOVUVGdXBKNnFvNUluejdJY2xRNmZrZjVqQ3BhNWY5NjE5ZzhCcTFiNW1GN2VpYTVzbGQxMGhrZ01xNXUvVU1NOWR1WHZmVVFicFdwSWd3M2ZteWhGcnlQTVdXdHcrb2RDcU0vTG5ZQUpHSFlWL2V1aVZwYkdoakxFVEdzQmFFN0lsSkJXOGxzM0t1QU81dE44YituU0tnNDVRZ29aNmxxRFVZVWp2SXdsdGJIQmFuZzcyUE14MVVzb3U1MWo4dGwreWpEZXY3cythaFkyUUdtRU1rN0o3UmloQ3d3Y3JTU0VnbWZ0bEFTb0ZjZUhURUpteXZSa3lhSXFlcnhUUTlPakdZR2JNSFRlT3BsODYzbEJRT0tBZVZnTlFMM1N2Mmc5RUwrQjE3dFczRUE1YmVzQVBxU2dFSmJuUThVMjJkcGUvemdxczBKR3U1NnNXcGtnUjJMWEh6QkVaeG02R25qSml6TWdPNDhVcnBwNE5mYVJnc1FJU0w2cHFGNmIwZWlFUlR0VFJXVHdIMWlreW53MWF2QklMck9DWTVod01ySUdNUHd6Q2Y5OHB1eXVpWmVURk1ua2FIa2lsdXhpUHJ0ZVN5ZWk2azlqZDdiZTE5bnNtM00zby9wZUVURkdXWDhSKzZ0Q0k3bTRveDV3UGhsNmh0V1ZOamdRc0RWYnhmRlFrUFRkZCt5ejVNc0pPMGE5bElqWHVhSVQvSHJ4b2VQTEMyMEpNSHFnWEhsSDBvZStzV25ydjFIVWE4a09sRnlNOXY0MFBSVzhnZzI1ampNRVplT0lsZlV6dGhJRlViUHFZY29CM1I5Vm4zOCtBVm45V3grdXRXK0Q2TlplaGRIYlJUYmVYWlgwMEZJK0RNd0J5MFNONDljQTZ0OVBPVncydnhxRUxGdCtaZHhodTFOUndtY2ZMekoreXAwaEk3Vm5kWHJIWkUzd2hLT1VoaVphTHdQV1NHeHF3NlRHczNWRlBvcjZwT0hYRFdQbDM3eVVvV2IwN0hBc1RrT21BWWozSm9hajRFV2ZYRzlIVWN4TWxNUXhic2wxT01xbkZERkNjUHFtdXNlWEhJWExuQlhtVGk1bnNBWkpMakVRdVd4aHY4dWZMcWJXdlljMnd5Uk81MWFjbjFzazYzQm5laFVQUU9zd29RTVNVMGdXWkUxUmpxUkN6QlBaOGtGUlZEV1dVTlhzTnp1RUFKaExuZHRBUGEyc1VHZ3FpUGdza3pNZjVjZHNpMGNHRGNndXo0T3RMSThaK3dFejBaQjJMTEY3ZWp6ck1lcTM5ZXpPWGlDeTk4TTF6QUVKUzkvVGJtRzdvemlxUWtObmozR2lyQ0tIRkNtQm4wcE40cW5VYjF1bWg3TWRXU095MkkxZzZGbkpBTWhmUjBuQ3lEbXorZUsvUHlRbUpUQU1kMURuNWR2bmVjb3BBUzgwd29Bd2ZpTkNiTzZZa2VzWExjVmhuWDlVMTRsQm53SGRkWFJkemw2aXdNWWk0cktUVGs4Um5vVi9tSCt2NWZkdXdEOG1hVnR1ZG5FRVBCY0NDUEV1c2hnamNEN05zWVZ4U0VCY3AyN3NYcDhOWkNsb3oybzZQYkZoWHYvSENVR3h0WG8yWXd1bU1EbFdrbjVmNUVRa3c2K0hLaFJvYlFCVUNjeEgxamVkZnpVa3pHNFJ4bGxyVFVsa2VEZGI5dWxVOVpaWWFOZE8vb3c9PSIgQ29ycmVsYXRpb25CaW5kaW5nPSIiIFVybEVuY29kZT0iVHJ1ZSIgLz4NCiAgICAgICAgPEZvcm1Qb3N0UGFyYW1ldGVyIE5hbWU9ImJ0bkV4aXQiIFZhbHVlPSLov5Tlm54iIFJlY29yZGVkVmFsdWU9Iui/lOWbniIgQ29ycmVsYXRpb25CaW5kaW5nPSJ7e0Zvcm1Qb3N0UGFyYW01LmJ0bkV4aXR9fSIgVXJsRW5jb2RlPSJUcnVlIiAvPg0KICAgICAgICA8Rm9ybVBvc3RQYXJhbWV0ZXIgTmFtZT0iZGRsU2FsYXJ5T3JBZGp1c3QiIFZhbHVlPSIyIiBSZWNvcmRlZFZhbHVlPSIyIiBDb3JyZWxhdGlvbkJpbmRpbmc9Int7Rm9ybVBvc3RQYXJhbTguZGRsU2FsYXJ5T3JBZGp1c3R9fSIgVXJsRW5jb2RlPSJUcnVlIiAvPg0KICAgICAgICA8Rm9ybVBvc3RQYXJhbWV0ZXIgTmFtZT0iaGlkR3JpZFZpZXdTdGFydFRpbWUiIFZhbHVlPSJ7eyRISURERU4xLmhpZEdyaWRWaWV3U3RhcnRUaW1lfX0iIFJlY29yZGVkVmFsdWU9IiIgQ29ycmVsYXRpb25CaW5kaW5nPSIiIFVybEVuY29kZT0iVHJ1ZSIgLz4NCiAgICAgICAgPEZvcm1Qb3N0UGFyYW1ldGVyIE5hbWU9InVjRGF0ZVN0YXJ0JHR4dERhdGUiIFZhbHVlPSIyMDE3LzA0LzE2IiBSZWNvcmRlZFZhbHVlPSIyMDE3LzA0LzE2IiBDb3JyZWxhdGlvbkJpbmRpbmc9Int7Rm9ybVBvc3RQYXJhbTYudWNEYXRlU3RhcnQkdHh0RGF0ZX19IiBVcmxFbmNvZGU9IlRydWUiIC8+DQogICAgICAgIDxGb3JtUG9zdFBhcmFtZXRlciBOYW1lPSJ1Y0RhdGVFbmQkdHh0RGF0ZSIgVmFsdWU9IjIwMTcvMDQvMTYiIFJlY29yZGVkVmFsdWU9IjIwMTcvMDQvMTYiIENvcnJlbGF0aW9uQmluZGluZz0ie3tGb3JtUG9zdFBhcmFtNy51Y0RhdGVFbmQkdHh0RGF0ZX19IiBVcmxFbmNvZGU9IlRydWUiIC8+DQogICAgICAgIDxGb3JtUG9zdFBhcmFtZXRlciBOYW1lPSJPVFRpbWVTdGFydCRkZGxISCIgVmFsdWU9IjIyIiBSZWNvcmRlZFZhbHVlPSIyMiIgQ29ycmVsYXRpb25CaW5kaW5nPSJ7e0Zvcm1Qb3N0UGFyYW05Lk9UVGltZVN0YXJ0JGRkbEhIfX0iIFVybEVuY29kZT0iVHJ1ZSIgLz4NCiAgICAgICAgPEZvcm1Qb3N0UGFyYW1ldGVyIE5hbWU9Ik9UVGltZVN0YXJ0JGRkbE1NIiBWYWx1ZT0iMDAiIFJlY29yZGVkVmFsdWU9IjAwIiBDb3JyZWxhdGlvbkJpbmRpbmc9Int7Rm9ybVBvc3RQYXJhbTEwLk9UVGltZVN0YXJ0JGRkbE1NfX0iIFVybEVuY29kZT0iVHJ1ZSIgLz4NCiAgICAgICAgPEZvcm1Qb3N0UGFyYW1ldGVyIE5hbWU9Ik9UVGltZUVuZCRkZGxISCIgVmFsdWU9IjIzIiBSZWNvcmRlZFZhbHVlPSIyMyIgQ29ycmVsYXRpb25CaW5kaW5nPSJ7e0Zvcm1Qb3N0UGFyYW0xMS5PVFRpbWVFbmQkZGRsSEh9fSIgVXJsRW5jb2RlPSJUcnVlIiAvPg0KICAgICAgICA8Rm9ybVBvc3RQYXJhbWV0ZXIgTmFtZT0iT1RUaW1lRW5kJGRkbE1NIiBWYWx1ZT0iMDAiIFJlY29yZGVkVmFsdWU9IjAwIiBDb3JyZWxhdGlvbkJpbmRpbmc9Int7Rm9ybVBvc3RQYXJhbTEyLk9UVGltZUVuZCRkZGxNTX19IiBVcmxFbmNvZGU9IlRydWUiIC8+DQogICAgICAgIDxGb3JtUG9zdFBhcmFtZXRlciBOYW1lPSJkZGxPVFR5cGVJRCIgVmFsdWU9IjEiIFJlY29yZGVkVmFsdWU9IjEiIENvcnJlbGF0aW9uQmluZGluZz0ie3tGb3JtUG9zdFBhcmFtMTMuZGRsT1RUeXBlSUR9fSIgVXJsRW5jb2RlPSJUcnVlIiAvPg0KICAgICAgICA8Rm9ybVBvc3RQYXJhbWV0ZXIgTmFtZT0idHh0T1RSZWFzb25NZW1vJHR4dERhdGEiIFZhbHVlPSLmuKzoqabliY3lj7DpgIHnsL0iIFJlY29yZGVkVmFsdWU9Iua4rOippuWJjeWPsOmAgeewvSIgQ29ycmVsYXRpb25CaW5kaW5nPSIiIFVybEVuY29kZT0iVHJ1ZSIgLz4NCiAgICAgICAgPEZvcm1Qb3N0UGFyYW1ldGVyIE5hbWU9ImhpZEdyaWRWaWV3U2VhcmNoU3RhcnRUaW1lIiBWYWx1ZT0ie3skSElEREVOMS5oaWRHcmlkVmlld1NlYXJjaFN0YXJ0VGltZX19IiBSZWNvcmRlZFZhbHVlPSIiIENvcnJlbGF0aW9uQmluZGluZz0iIiBVcmxFbmNvZGU9IlRydWUiIC8+DQogICAgICAgIDxGb3JtUG9zdFBhcmFtZXRlciBOYW1lPSJoaWRHcmlkVmlld1NlYXJjaEVuZFRpbWUiIFZhbHVlPSJ7eyRISURERU4xLmhpZEdyaWRWaWV3U2VhcmNoRW5kVGltZX19IiBSZWNvcmRlZFZhbHVlPSIiIENvcnJlbGF0aW9uQmluZGluZz0iIiBVcmxFbmNvZGU9IlRydWUiIC8+DQogICAgICAgIDxGb3JtUG9zdFBhcmFtZXRlciBOYW1lPSJmcmFtZUF0dGFjaCIgVmFsdWU9Ii9VdGlsL0F0dGFjaEFkbWluLmFzcHg/QXR0YWNoREI9QWF0dGVuZGFudERCX0lUUkQmYW1wO0F0dGFjaElEPXRlc3QxMDIwOTk0MjkzZmEwZC04NTM0LTQzY2UtYTdiMi1iNDE3MDk0MGNhZGMmYW1wO0F0dGFjaEZpbGVNYXhRdHk9MSZhbXA7QXR0YWNoRmlsZU1heEtCPTMwNzImYW1wO0F0dGFjaEZpbGVUb3RLQj0zMDcyJmFtcDtBdHRhY2hGaWxlRXh0TGlzdD0iIFJlY29yZGVkVmFsdWU9Ii9VdGlsL0F0dGFjaEFkbWluLmFzcHg/QXR0YWNoREI9QWF0dGVuZGFudERCX0lUUkQmYW1wO0F0dGFjaElEPXRlc3QxMDIwOTk0MjkzZmEwZC04NTM0LTQzY2UtYTdiMi1iNDE3MDk0MGNhZGMmYW1wO0F0dGFjaEZpbGVNYXhRdHk9MSZhbXA7QXR0YWNoRmlsZU1heEtCPTMwNzImYW1wO0F0dGFjaEZpbGVUb3RLQj0zMDcyJmFtcDtBdHRhY2hGaWxlRXh0TGlzdD0iIENvcnJlbGF0aW9uQmluZGluZz0iIiBVcmxFbmNvZGU9IlRydWUiIC8+DQogICAgICAgIDxGb3JtUG9zdFBhcmFtZXRlciBOYW1lPSJ1Y01vZGFsUG9wdXAxJENsaWVudFdpZHRoIiBWYWx1ZT0ie3skSElEREVOMS51Y01vZGFsUG9wdXAxJENsaWVudFdpZHRofX0iIFJlY29yZGVkVmFsdWU9IjAiIENvcnJlbGF0aW9uQmluZGluZz0iIiBVcmxFbmNvZGU9IlRydWUiIC8+DQogICAgICAgIDxGb3JtUG9zdFBhcmFtZXRlciBOYW1lPSJ1Y01vZGFsUG9wdXAxJENsaWVudEhlaWdodCIgVmFsdWU9Int7JEhJRERFTjEudWNNb2RhbFBvcHVwMSRDbGllbnRIZWlnaHR9fSIgUmVjb3JkZWRWYWx1ZT0iMCIgQ29ycmVsYXRpb25CaW5kaW5nPSIiIFVybEVuY29kZT0iVHJ1ZSIgLz4NCiAgICAgIDwvRm9ybVBvc3RIdHRwQm9keT4NCiAgICA8L1JlcXVlc3Q+DQogICAgPFJlcXVlc3QgTWV0aG9kPSJQT1NUIiBHdWlkPSIwZTEyOTY4YS0zNmQxLTQ0YjktODkyOS0zY2E5OGU2ZDUzY2EiIFZlcnNpb249IjEuMSIgVXJsPSJodHRwOi8vMTAuMTEuMzYuMTE0OjgwMDcvT3ZlclRpbWUvT3ZlcnRpbWVQcmVPcmRlci5hc3B4IiBUaGlua1RpbWU9IjAiIFRpbWVvdXQ9IjMwMCIgUGFyc2VEZXBlbmRlbnRSZXF1ZXN0cz0iVHJ1ZSIgRm9sbG93UmVkaXJlY3RzPSJUcnVlIiBSZWNvcmRSZXN1bHQ9IlRydWUiIENhY2hlPSJGYWxzZSIgUmVzcG9uc2VUaW1lR29hbD0iMCIgRW5jb2Rpbmc9InV0Zi04IiBFeHBlY3RlZEh0dHBTdGF0dXNDb2RlPSIwIiBFeHBlY3RlZFJlc3BvbnNlVXJsPSIiIFJlcG9ydGluZ05hbWU9IiIgSWdub3JlSHR0cFN0YXR1c0NvZGU9IkZhbHNlIj4NCiAgICAgIDxGb3JtUG9zdEh0dHBCb2R5Pg0KICAgICAgICA8Rm9ybVBvc3RQYXJhbWV0ZXIgTmFtZT0iVG9vbGtpdFNjcmlwdE1hbmFnZXIxX0hpZGRlbkZpZWxkIiBWYWx1ZT0iOztBamF4Q29udHJvbFRvb2xraXQsIFZlcnNpb249NC4xLjcuNjA3LCBDdWx0dXJlPW5ldXRyYWwsIFB1YmxpY0tleVRva2VuPTI4ZjAxYjBlODRiNmQ1M2U6emgtSGFudDo3Yjk1ZWQxYS02YTNmLTQxZGQtYmM1Yi02M2YzOWVkYmM0YjQ6ZGUxZmVhYjI6ZmNmMGU5OTM6ZjJjOGU3MDg6NzIwYTUyYmY6ZjljZWM5YmM6NTg5ZWFhMzA6Njk4MTI5Y2Y6ZmI5YjRjNTc6Y2NiOTZjZjk6YTY3YzI3MDA6ODYxM2FlYTc6MzIwMmE1YTI6YWIwOWUzZmU6ODcxMDRiN2M6YmU2ZmIyOTgiIFJlY29yZGVkVmFsdWU9Ijs7QWpheENvbnRyb2xUb29sa2l0LCBWZXJzaW9uPTQuMS43LjYwNywgQ3VsdHVyZT1uZXV0cmFsLCBQdWJsaWNLZXlUb2tlbj0yOGYwMWIwZTg0YjZkNTNlOnpoLUhhbnQ6N2I5NWVkMWEtNmEzZi00MWRkLWJjNWItNjNmMzllZGJjNGI0OmRlMWZlYWIyOmZjZjBlOTkzOmYyYzhlNzA4OjcyMGE1MmJmOmY5Y2VjOWJjOjU4OWVhYTMwOjY5ODEyOWNmOmZiOWI0YzU3OmNjYjk2Y2Y5OmE2N2MyNzAwOjg2MTNhZWE3OjMyMDJhNWEyOmFiMDllM2ZlOjg3MTA0YjdjOmJlNmZiMjk4IiBDb3JyZWxhdGlvbkJpbmRpbmc9IiIgVXJsRW5jb2RlPSJUcnVlIiAvPg0KICAgICAgICA8Rm9ybVBvc3RQYXJhbWV0ZXIgTmFtZT0iX19FVkVOVFRBUkdFVCIgVmFsdWU9Int7JEhJRERFTjEuX19FVkVOVFRBUkdFVH19IiBSZWNvcmRlZFZhbHVlPSIiIENvcnJlbGF0aW9uQmluZGluZz0iIiBVcmxFbmNvZGU9IlRydWUiIC8+DQogICAgICAgIDxGb3JtUG9zdFBhcmFtZXRlciBOYW1lPSJfX0VWRU5UQVJHVU1FTlQiIFZhbHVlPSJ7eyRISURERU4xLl9fRVZFTlRBUkdVTUVOVH19IiBSZWNvcmRlZFZhbHVlPSIiIENvcnJlbGF0aW9uQmluZGluZz0iIiBVcmxFbmNvZGU9IlRydWUiIC8+DQogICAgICAgIDxGb3JtUG9zdFBhcmFtZXRlciBOYW1lPSJfX0xBU1RGT0NVUyIgVmFsdWU9Int7JEhJRERFTjEuX19MQVNURk9DVVN9fSIgUmVjb3JkZWRWYWx1ZT0iIiBDb3JyZWxhdGlvbkJpbmRpbmc9IiIgVXJsRW5jb2RlPSJUcnVlIiAvPg0KICAgICAgICA8Rm9ybVBvc3RQYXJhbWV0ZXIgTmFtZT0iX19WU1RBVEUiIFZhbHVlPSJ7eyRISURERU4xLl9fVlNUQVRFfX0iIFJlY29yZGVkVmFsdWU9IkFSK0xDQUFBQUFBQUJBRHRPMTEzRTFlU3hsaE55NUFZWnJHRzdMQ1NKbk5tRkE1cG91NldiUncyT1NlMlNZQUpsbTJKa0kvSjhSRklrYlVJaVdNSkF2c0V5VGg4MllRTUJzTkFraUVrd1lUaEt3UndER1AySCt3K3pNTTg1N2piMHRQOGdIbVl2ZmRXMSswcnFic0RtK3hibEpPb1VsVzNxbTdkcW52cjFwWC91YWh0MVNLZmxOMjNOWlVydFAzNzJxWmx6Vko3cXh4UDloWjM3OW5jdHlTZTNFaS9wWGl5TDFYT2tLOWtibmRtV1R5WktLZktlMHY5cWQyWnBRUlhMS2Z5bEVEWWsvc0xtL3RrWkNEQXk4WFIzZjN4MXBmenhYZDdVNlVNSVRiL2szemEwbTIrVnJWYjExUzFzeU1XYXdzRWdsSmZaazk1YzUvdnYzMlJvWTZPem1nMDhpd0ZPaENJSWFBam9DR2dJaEMxZ0JqeXhKQW5oand4NU5HUnBDTkpSNUtHU2pWVXFxRkFEVWRwT0VyRFVTcnlxTWlqSWlrS0FQbnZielVFVkFTUXBHOURJS2tqb0NHZ0lvQThDZVJKSUU4Q2VSTElNNFNrSVNRTklXbXdFNEVPQkdJSW9PUkJIRDZJd3dkeCtBQU9IOERoQXpoOEFJY1A0UEFCSEQ2QXcrUElFMGVlT0pMNmtkU1BwSDRjM284OERjc2RiVmpCcU1jU09EaWNlNVc3THRvdzVXaURxWFgyT0trZ1FQQm44ZEVzVFlCWGM2VXlBVk1rUlh6L2tDTzlQWnRnUUc5OEN3QTlROUV0VzFRQW91cjZHbEJGdW1ZaG96cW5VeERoV0hTTENISlkyeUtDS0MzT1JkajBxRTFuTUNyVVZNNUNRQUdyQTZqYURLckYwQnRQOEprbE52TFJYUWtSNUdPaUNSSGtNT2RPdklMRGRNN0tRR1JWT1NzREVlNktKVVFRcFczaWsremcwdFJvRFNqQ0d0cWoyV1pxZ3BsNlFnUkYyQnFaMklySUR0dk9Ec0ZPQ3FPVzlTcG5vU0RhUE1nWGthdExEUEU1MjVhcG9tV2RDUUZFQmZwNmpxVWd3cDIycnpvRlgyM2p2dUxDR0lpOFVWdGFWSkNtMms1UkJhZkViTzZZd04xaEIwQ0hzS3BkdHJlNkJHOTEyeDdxRmp5MG5hK1ptaEJCSG5HeGhBaHl5ZDBKRVVScHIzTVY5a3k2N1prazNyQlRNQ0dDZkpuc1VJOEp0cSszWS9wTlBzdzJMQm9UUXM5MnVOb3BvSVVjc2xYSDdBam9zc0gxMFJwUWpRU2ZIQjVJWlRPYlMvUjBmcldZSFFtMlc0akJ2Wm5SQTRueWFLNlFaWGdKQ2dHZmxCalkxUE5iTmZoTGkrK2x2ZVhpUzN2MjVBOXMzTDBqazZhNDNsS3BONThxbGJMQmlNVkRhNG95K1RleGM3U1l6dzhVUzdseXJsaUlGd2hVN2tudDNKVU50c0tSVC9kRzMxOWI2cDByTHF1WUJOWWtHaGFySmpxRVJCY0R1U2JIYW5JdldodWVUcmtoNUhKdGpvdkpWcmNkT1lXL21KeEN0b2dSSW03U05mdTRzTjJKbTZjWXkrSnhVUnN6UWhvSU8xck5UaWNrZFUwWWlrRXRIamZDWWNGRG1XY0ZUeCtlbFh3ajRic1czOUw0OXNnM1pyN2Y4Nk9EbjFmOEdJVHprcDh6L0NpMUR0ZmdVdUhzOVYzNmVTbVR6K3dzaC9zMko1S2IrM3VUNFoya0pnMkgzeDNKRk1MeFdIVGR0ajNXK1J6T2xjS0ZZamxjMkp2UGg4dU41RXllakl0RXdwbENPcHdxVVNLblBac3IwVkhQMEFHSWlrVFdXR3lJRVJYcjNvcDFMOFc2ZzJLOVViSHVxRmp6VnF4NUtkWWNGR3VOaWpWSHhhcTNZclZCOFROc05BejJIUHVNdGNJMnl6dWp4ZDNoekthaHJZbStudUhOeWFHK2RXK2xkeFRmWHZjV1k4ajlaNHJ1U2pSRTNxYnlSek5oYStBTG9xSTF6QXlZL2hydUExWHdnVEE5YXFMNzVCcm1odDVUYTcxbkszRlI0ZVZCcjVWclhEakJZRnc0Z3ZKZ2NqRFpJUVljNHRFNU4raUhLdTBydmx1bzE4b21MVGlVVGQrZUtZTmdodDlOVG40M2VUQVNYbXR6cjQwb0VmNi85THBLbmVCZ1BmQ3BBcVBEZklCSmMyTFM2NWgwSjZaWUhWTk1aSEx5QWpQNE1jSTNIczVuM2ltSC82T1lLenpxaUZnMFhLVFJSR3daS3VZenZjVjA1b1ZJTEJvSnAwaXdDQmFIWDRoejhMR1Y2SllTWFZTaW94TDl4MUdpV1VvMFVZbUdTclFmUjRscUtWRkZKU29xVVg4Y0paWU9VVVUwd2hRNHlyYzJMWHZISVp2Z1QzZkxuKzZXUDkwdGY3cGJpcFc4UTFILy8zRzNYRVBxcDNSbU5MempnRmp1Q2dXb1VCSUt0UTB2TjhMQkpRUmk1ZnJkbHBwZW10MHgxV29hYnpXdE9MdFp5TnVIdk5mSUczaTg2Y2hibGJ6Smg4UHQ1aVhuNFExTzN2TGtQVlRlTE1UaGR1dVVOMU41ZTVVM1hIRTQ3elhhYlZyZTArV05TU1RaN1Y3ZUpLWTgzZVN6Zno5aWtObnVIeVB6Tm1UdTdvNElQVXVoVVdwM3J4dDczckg2OXFyZEJlZk1IZlc5V0x1L3pwdnh2SEhMdS9LYzFORGN0YnY3dk4vUGVmaWJBSDhsb084R3dUYnNRR1RLcVdRcVc4b0dtcHNYdDZVREs4bC8yd0xOd2ZiaFYzUFprWEpQY1gvUGFDYTFhMk1odFNPZlNZK2tBODN2RUs2VzVrV01hOGxydVZLT0VFYlM2V1lmdzdRa00vdkx2bFdWYzZjWFRuNHdQM1B0N3cvR0sxZVBMMHhQR0hOajN4MzhrdkQ5bXZLRm52QXRNMi9PVkc2ZHJCNDdXTGs0VHZCckxIemIvT3lzY2V4ODVmWmhjL1lra1VOSUNwSXFaNzZxanYxNTRjc1BqU05YRmk1L1JFalB0VmttVWZPWHA5T0JSZStrbTFWRVNoVFpGcENEVC9hbHlxblhVdm05bVpkem1YemExMEtMaHVBVEZFc05CcVJNa2JTaURDNGQvaVVsOVJUM0Z0TFo0QkkrKytYdExTc1U4aUZUcWg2YU1VOGRwdit6SE5KTUlSWlhwbzhSaXdPUWtvcDUrL1Q4L2MrcmgrNFljMTlSTklTU1l0NDlVdm42ZnZYd1I1VlBKZ2k2dmFWSkFna1NqSk9BYitYYXhTMVo4bUV6OHJGcGhKNEV3ME50dHEyaDVkblFDbXJaaWtlMGpHd0V5c0x0K3d0M2JpMGMvblRoK3NYcSs5TUJ5SDJMejdoKzFEeHhtYUJYUTk0cjVoZlhqT1BuWUl4eDVBUHprNU5JSEl3cTg3T2ZtMmRQQWJFeWZhMHlmUVNKUTZqSC9PU3VlZmw0aGF6YXNmY0o4U25JV290WVBYTjg0ZHlEK1ptRFNFbldVV2JIMGNKdFVjVzRQR2w4Zm9aWVRhTExRais2cHdPUXdoUk5jTWJwRDR4VGg2Z1FTRllMRFpNRnRHNmo1eDhjQXVzRGtKc1cybllocENQS3ZuSEYvUFFMZ201ZklTNHVjYjBFcnBiQXRSSTRVUUozU2VBWUNid2d3WlJyZzBLQ0tVaGdzZ1FtU21DU0JDYVF1Rm1ScmYrd0lGcnkvVUgwNGc4TW9uNFYwV3lKU0k0Q1dsTVc3bjVkdVhlakRxMHI4Mys1UUR4ZWkyNk1SRUJyTnRvWW0rYmN1aFdnMWFrTDh3L2ZJK2p2ajlzQlZUR3VuVFVuNTBRaUg2a3B4dmdOWTJ6Y2tVaTBUZDZZdjMrMmp2ZzBuSDhLQkpzeDg1N3hwMjhjeDNjb2xhOHZHamZHNXg5ZXJFeFBXYzVDWXFkUy9XeTYrc2V2eUt5cFMycUlicmtXZ0ZOVklYcklSc3JIQUZwVHF1ZHBBcGdYSnFnclVKU3VWQTUvWlJ5N0lncmt4Smhpek4waEVXd3RTaTJ4UXpHK3ZXMThlTk1TV0t1dFV6SHYzS1A1V1RQR2JSOEFvcXFZaDQ4dVRFNkxMR1RrVTNERzB4VTN6NXd6WnEvV1VoeTNqd0JVQVVyMTRCOUpxQUVGYlV1Z0orclF1bUx0QTRoMjM0TldROTFBSTRmRWgwakhtU2ExbXVDb0krcVc2K3FJajdlMTBXd2tWUjVGRXh3WnpoQWFROEFLUDk3bXR4cXFHZHo4d1BySnp3aVIyZzBWRG02QkpHSy9udUZFOTIyVFZqeFc4cGtucG8zN2x5eHVxb2VFYVBYWXZSbzAxUUJMVm5rd2FkdzhZYUhKbHNiV1puYXFocnVEY3ArL1g3bHlDMFFCMm1tblhnMTFGUnA0K2h2ajVCRTdHYUhXc29nMEpZK2ZnOGdFZ1U1Ny9HcW94dENGMXo4emo5eTFFd3NxTkNST1VJRTFSTnVSeHN4dGtlaHlkS3lHdWc3TlAzR0UrTi9hRjVqQURxM09GR05pa3ZqTEl0cmFJREJxUnNicXhVNCtYTGgyeGlKMjFCSEJJSXZZeVluVmczUEdlMy9tRzNmN2kwNEhYYjhLWHhwODZlTHBGd2RrWEJmUHdnRVlNQUMwQVlzV2c2OE8rT29VVDgxQkdEQUlBd1pod0NBTUdJUUJnNTNpK1RvRUE0WTA4YlJOQURKaElYWHhDRTRDTFFtMHBGNTNMa00rU3BDRkRhYzB6UzBKc3NnK3MybCtTSkFQRXNTL0JQRXVRWHpieDdvT25Mb21Idkl4UU1Zc3BNNVBmZ2tpUm9MWWtDQUtKRmh2Q1ZaV2dqVWtOY0tMRFRYQ1kzMVlRYUZqblMxYmRUYXBMVnJ0S3kycE1KNm82ZFR5TXFPNXNjd0lRRCtPYld3azUyYitzdkR4SmJJWnREYzNTVUFoTmpmWFY4T3Q5cVhaWGRuaVJtVy9nSjZmcFd6TDN0MDdpc2JFUWRENEZIVE5MRnBpNjBaT2FWOU1iR0VESmVBaEppMXVLSzVhN2R1N3UwMXRqVGF0Z3ZhamFKT3lSU1hLZ2FEVkVqUWt4R3RIeE9tSUFQVDc3Q2tvR3puNkZSSDlDa2R2RXRHYk9IcXJpTjdLMFlNaWVwQ2poMFQwRUVkdkU5SGJPSHE3aU43TzBhK0w2TmM1K2cwUi9RWkh2eW1pMzZUbzlyWW1DVndKWDVvRWJwTEFLUkk0UVlKSlN6QkpDU1lsd1NRa01Gb0NJeVV3U2dJakpGQktWcjdOS1NQOEdBVkxoWWNhOXpEWTNoZ0dUMlBmVnpGUGYybU1UMEZaSjY2eHVnNmVjWGl6MkoxVFVSZnUvUDVwN0ZFcnBQZ2dWL0x2a1VpYjJlNmNUR0lZKzJ4T2ZHUWgxR2RGZVFsbmVaUlBrQmFqaGR2VnM5WHp2L2VVUmx0emJueUN0QTVxMjhNL0dkYytidUFLWS9OVXFYengwUHg0emxNZGJmbTU4ZG5xYUg5YU1jL2NORy9mOUpMR1d0cHVmRXhhSGJQbXlxeHgxU3BWZmZGOTQ4SWZQRldyVExVem56QVI2aGJqN05HRnVTdWUwcGhiWFBnRWFWMUUydnpNVWZQbVJ3MWNMQ2pwd3dxZDRzTFZiNzJEa3IzQXVIUGFZVTdmUUdpd09hY0RzbWl1TEJxeTZLNHNlaGk3dm9wQnlzWmJ0NXdqakhhM0ZScnpsejd6Y2lWcmdydngyYTZrcnpEa1ZqcEZYT0FwcllzdGpET2ZMWTArMnBCcnpJd3hlOEZMR252YmNlT3pmVTdmdVJUekp1RzY1NzJLN0VITW5aTkovSFdQOVVSR1orR1E1OENxQ2tMWkR1akZ6T1QrQ3Z2ekxxeDgzV0xzQmtudmlRZGRHT2hTVkc2ZE5FNTg2dVU4OXQ3Z3hzZVhnajNYS05YVDkyaFB3MTBhdk9xNDhkblM2THNUQ3lhSHFCU2tzZWNwTno1QkdvdnhTK1RxUGVVcERYWjRaejVCR3ZXYitmRkQ4OHB4VDJuTWJ5NTh0alNOaGZEMUM1V3pYcWNQdkdTNjhURnBvUjdyNlZRaDl6eHlhU1UzcjVyb1Ficm1UTmZBR3VwMzg5eU5oYmtUbnRZd3Y3dndDWFBUNFRpcG5Eam1LVTIzamhNbnZycmpCQjVDWFprMXJwb2RBSitlY0Rxc2tVRnpZYkJjd1hhcXNhT0d3OUZBazVBOWR5ckd4QlE1R0txSEp4cDRuck50WmcrakhxeTJ4MklzaStZbXpGdGVPUW12blc1OHRqVDYrcW5NejA1VzNydm9KWTA5a3JyeENkTFlmbkgyV3ZYOG1LYzAyQytjK2VwWGt6MVZ1ekx6MWV4a1JkWGhDZTlUQTE2YTNmanNpZEFuVGFWeS9KU1R6dC8wV0svN1Z1YVNJOStjK3JDQlRiT1ZzcDhDZUhNTHFyc2dac3laRzE0VDZlcXlBc2FKVDVEV0RkS01idzU1U3V1MnBEbng4VU9GdmVuU1E0WFdDeE9ORzZBUXordWoxdW5zd21wYlNIOXpRTXRPNDVibmZObFBFOXo0QkduTWU2Y3VPdTNQaktGYnRlclhiODk0cWV0V3NYNTE0R1BxV0JqUUIzcUZGbXBrb21OSHpiT05XNTBRQnV3MTM1dWJTVzdmM2lUamhjZlBiejR5M2xqOC9Pb2k0NlhEejI4Zk10NGMvUHdLSWVNdFFjWXkzOC9yZlJuTGJ6OHYyam1reVZoTiszbFpMV05KN09lMXNZemxyNHpWcTUrWHNUTFdxUWhvQ09neVZwWXlsb1orWGlQS1dOLzVlYUVuWTVIbTU5V2FqSFdXbnhkY01sWkpmbDR1eVZnTXlWanh5Rml5K0hudEltUGQ0ZWNGaUl6Rmc1OVhFVEpXQUg1ZUNzaDRqUHY1ZVM3aldlem5oN0tNNXk0Q21veEhwSitmbFRJZVhYNSs0SEhJNHU5TXFBaFlHTXZ0N1BqdzgzTkV4Z1BBejA4Q0dYZHhQOS9PWmR4ZC9YeFA1aENJNzdSV0JYWk5HVGRHR2ZjMFA5L2NaTnlTL0h4dmtuRmY4Zk1OUnNhZHdjKzNDQmx6MjgrVFhNWThsakVSL1R3alpjd2pQMCtvbFdzWGIvOWgvVDN2eGw4WGUzQnZacjhFb0w4WGFBMHVIYVovL2tqL1dDSlY5aTA3UUQ2L2UyN3IxdDg5bDA0SFc0Y1Q1ZFJvbWYxNVpOTi81Y2JQLy9WLzVLQTh2TEdRdGxBOUxhRnJmNU9KaU0ybG9Vd3FIUy9rRDR3UWhtU3htRS9tOXZpVXQ2cjNQekZQSFhzN2JIejB3UGp3cWpuMWhYbitnNzgvR0grcmV2NGN3NXN6WTlWem54dGpsNDNyMzhLUEU2aDVpOXFXMCsvZ2ttSmhaejYzYzVmdnpXM2xYSDY0ZDJSWFQzRi9zcGpONWpQczV3dTVmSzU4NEpsSWVYOFovb2F6SjVQTkZZWjNqdXl5cVpGbncvWDBkRzRmL1luQVM2T1pWR1ROaG5RNlRkeEJsUGxLNVFQNWpDKzBMek5henUxTTVaVlVQcGN0UEY4dTd0bXdqNHQ3Zm9QOUM0ci8yeXpKeU5aaUliMGpEek43c2p5U0s2M2JSMy9mOEVJa3NpRk5GaVVnQlNYSDVmQTNyTVltK2d1SG1zWFlSUHVaWkZsRFA2c2RIUG9Ydm9LaGxYemxRdTBqb2NBUFhhYlF6MzJ2UGRyNkVGczlWb2RTbmRjbXRPcVJseVgwMUdPdlIraGZuVmNoOUlzNkY2N21iZy85bStEdmJ2cTN4U3VhRnkwUE5ORi9scTFjMjlTVWJ0N0FYTlRTeGp5MHl2ZEVPbGZhazA4ZGVMNVFMR1EycFA4WFVJZ2QycHc4QUFBPSIgQ29ycmVsYXRpb25CaW5kaW5nPSIiIFVybEVuY29kZT0iVHJ1ZSIgLz4NCiAgICAgICAgPEZvcm1Qb3N0UGFyYW1ldGVyIE5hbWU9Il9fVklFV1NUQVRFIiBWYWx1ZT0ie3skSElEREVOMS5fX1ZJRVdTVEFURX19IiBSZWNvcmRlZFZhbHVlPSIiIENvcnJlbGF0aW9uQmluZGluZz0iIiBVcmxFbmNvZGU9IlRydWUiIC8+DQogICAgICAgIDxGb3JtUG9zdFBhcmFtZXRlciBOYW1lPSJfX1NDUk9MTFBPU0lUSU9OWCIgVmFsdWU9Int7JEhJRERFTjEuX19TQ1JPTExQT1NJVElPTlh9fSIgUmVjb3JkZWRWYWx1ZT0iMCIgQ29ycmVsYXRpb25CaW5kaW5nPSIiIFVybEVuY29kZT0iVHJ1ZSIgLz4NCiAgICAgICAgPEZvcm1Qb3N0UGFyYW1ldGVyIE5hbWU9Il9fU0NST0xMUE9TSVRJT05ZIiBWYWx1ZT0ie3skSElEREVOMS5fX1NDUk9MTFBPU0lUSU9OWX19IiBSZWNvcmRlZFZhbHVlPSIwIiBDb3JyZWxhdGlvbkJpbmRpbmc9IiIgVXJsRW5jb2RlPSJUcnVlIiAvPg0KICAgICAgICA8Rm9ybVBvc3RQYXJhbWV0ZXIgTmFtZT0iX19WSUVXU1RBVEVFTkNSWVBURUQiIFZhbHVlPSJ7eyRISURERU4xLl9fVklFV1NUQVRFRU5DUllQVEVEfX0iIFJlY29yZGVkVmFsdWU9IiIgQ29ycmVsYXRpb25CaW5kaW5nPSIiIFVybEVuY29kZT0iVHJ1ZSIgLz4NCiAgICAgICAgPEZvcm1Qb3N0UGFyYW1ldGVyIE5hbWU9Il9fRVZFTlRWQUxJREFUSU9OIiBWYWx1ZT0ie3skSElEREVOMS5fX0VWRU5UVkFMSURBVElPTn19IiBSZWNvcmRlZFZhbHVlPSJRc05wQk9PaFc3NXJCRmk2c2daWi9JT0dnODcvVDdMeG9zVDhNWHU5UFl3SGNFNEFxdUp0L0F5M0NHUzJYUWV4RmNwMVZodGZtb2FSUWZYRGxtVzR5V3pPT25wMjlvaWJWNldTOGdmdzJNQk90SE9SYk5rQkg1a08xdDd5WjlYZy9jcHUwOEJ2Z0htMWRaQWhpNGlZVzRGcDFGYmZIc0RlRTk1TTYrRTNTMVlwcDdkK0VEOU9Td1J0a2w3dXJ2eGJRYXVGYVA1UXJuRVk3Mkg4clFrcXFqclBsQjAwVHhMQ3Bxc0tZMVRuL2U0U2t0MVk0Z2o4WFY4TTVPQmhBY0I4WDIzTFdndGZJSXcwVWhXbFFsS3hJMlVJcEtiSXA0Q3RISFRUT1VaVkE3MWRYY1NvYWRhWlhsdkNoWVBKeHZkczFDV01JaUlvTTdaaSt1U0Q0b0JBU1d4dS9ZMlBwWGlhdXpnMVNCcUhFRjVLYStxVDlpaWJhZ0FVNG1vaDJOZGcyalcxekJRdnNNbUxhR28rZWI2T3RUTlBZclBza09GbmRIMExGbm1BT054THh6ZmNidjNIbC8vUHV0MC9CS3NwVVd4eE1nN1dBSGJnTjROWGtQK1g1ZEg5N040aUR3RGg3ZWtCN09nc2RXYktTeE9qbnVOcHRiTVhPQWxad2pmWEFOWkkvNTU0TmE1TGJpUXlYcjJXV1B0eXRZWG1IR2FIenp1U0kyMmUxMWEydWtGbnlxMTJFZ3EyL0NNN0xjMktWUm8yYjhNRGd1c1NyQkN6Ry9qb0x1YWVCQVB2eUdyZUh0NVVhTmQzaHdBOHA0bHo2MGRMQVJWTll2OEk5MDRyQzVQUnJuUkZGVDlGUjNuTlFsYTJ1QWNFZHJUd05HM0t3L0Y5cW0xSEw3cmFmSVAxZjZMMTBabTJlT0xtN09mejZTSTdodWpoSDlpWS91VTc1ODEzYXU2TGw5S0g3R1pqM2NpN21NOXorbUljSCtEcHRGSW1rWTBZZEFLK1VuNlBSbHkraGJDZy9aR05vb1lBRnRRbDdhRkN5bFlKNzlTdnFCZmliMm5QN0c3b1FVNFRiOGR3NHZWWFBEZjljNDZ3Z3JwV3g4NkZzRUppWFJnVjFtaGtnQ25xR05Rd1NMZFZLRVgwNGZoejh4NzBTVE82MFFjOE1ySCs2YUp3MThFbDZyL09xWlFFaXl4YVNmbE5iQW5rQlRtOU1zOXN4c2ZTOUd6UE9yMEhZVGV6eHEwb1lHUUcwQ2tvSktWWkdTK05jeHB5V2ZSREE1ellFRDkzRi82TTJuSlhpdVBXczdHNzMwbkFtVWJXa2tzWE9rQlYxY0dYZ1RXTzQreTBPdVlKQkJYcG5TM2hiRFA2ak5DL3UwM1pMTFpuT3ZnVkxkdUhVVmt6eHVMYW5ZVGFyNEREN051WHpGbVBnMzVOMXZjZ1Jub3U3ejdPTFdwSU56dFkyajdaWXEwYmFnbWxpZjlLaC9Dc3ptUUNOUE84YnpUV2NVTHBQNm9QeTZJQ0d1M2QyTVU2OHd2OVVFR1BJS28zSWQ3cXZwTHRtaWV6aVdNaWNuaFBIb0I3aFBHRW1WTVRjRnp4MG1CUzNvYzBHNEs5b1ZjTEFyTVZXOTZyWkZSTlc2UTZTbkZuK3c5M01lQytBcVpna1NYRzliZFovWkFlMXhvNlNiNnF4blVCeU1OU1FVZHR6LzVOUW1iR1I1dU1Gd2RZQzF1NGd3SmxWRFkraWxzK0NqYUErSW1ia2NtWFlDbFdLa0lTcGN2Ymt0MUJ2YmZxUTFxVUhEdFg4OW1NdWJKbmJwbzZ6bFFLYzZZeFovNEVzWmpPdnhCcEZPWGpUNnhpRkFUaHlHa0x6MHlEeEh0Qm5ZL3pFMm9ZMTY2bnlxdjg5eDJKTTI5dXhTSFpXS0I5b2dIUHk3cEY0REhRdXNJU2pFQWtiRU9PanpkendHcFZuT0w2cXMwNlVQbG9qT2pqMWlRNjBmWHorVVk3UHlSTll3ZVZTK0tJNzlZSDBlSnliN2ROT1drd28xbDdFS044Rk9aeGl1eDRVbklNN05iZVNRV0puZG1xRDNER2dkUlRxRU1aaVlWQjQvQlhSNWtsZFpicTY1R1UzTGd1ejEwNmpDZXVDZlRRRWwrZUZwNlc0elBRYWh1c3NGYURZWCsvNlVjVmdodGZXcVQzZ1dqUElsMWpHbDYxKzUzZm1Xd0JOUHZzd2krMmlFbEJ2ZU5BQWpLSXdza1NnTVFlaS9YKzFTREl5NXV4OGNXdDZReVpPN2FKN3EzUnJqUUh4K1ZVREVEUW9WQUxZekVoK0k2TW4xRFFkTGFHc3hRd3NtdkhKWHZPQnVyTENvZFVmRjJyWTA0NnBjNVlmSFFqUXIyV2JXVXRPRTRlTHhFRmFVdzVlcFhBRE1kRVdQQVJESzR5Wkdva09LT0Z1NDlTelhNV3pCNm5pRnl3WFUyd3k1eTYxZG9HUVRpRHdFNjdmZkxaYXdmZis3K1hrdmpWQVh4c0VqVm5LK1FjaGRJbFJFMFBxMjNMNlhmZzRuRU1iK1lzaFp5cFBlUnZOY0RLZW9uODNaTFlucUQyeUNzVUtpS3loNkpIOVVVM0ZQTEZRa3ZlZkdKdm56azNOZm1xUGFwaWRkSlg5d1R4WVM5dTNGbUtDTys0SmxMQlBNdHdMK3BFQ2VLMmtoSGhTS1JjNVJWRVJuT0VwSnhMa2pRc1RUaEdmYi8wRlp0a1pNVFo4MXlUTEZNQ05kSHNCemU3RGx0U3hDcHNjWitiMkdDeEMxVzlaeXdxMXVwK21XUndNMnNuTFNJaUtkNXdselRYQlNSSjJoU3EwNWgzWkFFUEVzVHQwMmVkdFIvWDUvQUVEZ1o4aXp5bnYyTCtQUEtMRGJtT3RYY0hIR2JSdmJ0d2NNQ1czZ0pkVmUwT2JYSE4vWitrNlBOdlNGUHJ3TFZZWHBRc2ZNaE5vMGI1aVliTXYxc2hzaEg1K3VLVTFMeVEzZW8yeXlVdVZZNDEycHpmY0xIYWQ3cUVNS0RONHJGZlkrbmhaaGh4NWQ3TFluamxhNzE3VENLUlFLRExhRFhNZEM1bWk3UDlHZUY5T3l3dVdTS0V0Z21jeHlEWDFWdzM3RkVaVG1MeE1hM1RkR0ZaZStKdXBCRHBTWFg1WXloaXkyQUt6NDZxUkZrVEgrM0YwQ05SUnBvTEgreDRTZlhiWHk4ZVd5S2Y5eUJmMFIrdnErZHVkTys5YmZKYURlMGxKRzhwWVFldXI2bHkwOGc3MmNCUGdMdWJ3RytKNm1JT0lnM1BSZDFGVUpZd3hvVFRSY09nemt6blFSc2NreHJCOVFQWm5wMXpaMTZtZkxKRC94SXRJQXRVeGtYR0EvSlc0WkE5bmtCTjJualNKd1lhV2tseSs0elFKUkMyNnhqd3FRcklmYXNBYWR1citKUlN1cjVqckw1YWFqQ1VIU2ErZUQxa1A5VXh4c3JEeWdkMDhFVGI3SWJEbXNUUzRER21tMGxmZnB3RXZ5QVdZU20rMmJlQW9wUGxpR2lPSm1XUGtmbi9xTGh1RE04a3I5TkZ6RElRckpGWENHMHg5d3d0MVBzSlJ5ZElxdjJ5bC9BTUlzb1F2M3Z1aDZSYTVaUmdWMHZodUlmckZJS2IwY1k2TUpWcWY3c2hOUXdwRnY1NzE3NEtScmx0RUtLQkM2eGZyYk9yeVR2TzhlVmZmdUphd295a09yckNLcVdoT1pDN0VZUzhYTnQ0Z3o3VDhYTFlRUzJHb3FPVVZ5VlB4YUpEWEpDU1NnUDNFcTFYditlNjZ3WEZTU2FpeW05QXpMVXhOamtiZ1JHVWwzanY1VXQxUCtFRFcyMVpqeVBDaXQweHYyOWNIeUJuM0dnRWphT0M1MlJDRTd3dTNjLytLcDF2QmFLcnpvWGxSaVlXd2xMM3JQemx4RzdGWmE2WTE5d2Q0K2JQaHhqaFhTTzdQdU9OUitCNnZ4MnIvdy9mNHJlUFdIaWc5cnRQdGxCcDBTN0NCelNma1NQMkU5Um55b0szeDU1cis3KzQxL205ZWo2TVd4WDJrSVFsV1ZlYUdRL3RUTFdWWHJXbEJVd2ZWZnBxNGRFSUZFS2xvQ2ttZjhIK2lEZU94RmNlZjArd3VhbTVwSGh5OTl1UWFISVEzZjRUYjdzU2N6SE1YU0h5U3lNTkExYmhQeGlZNWUvdGk0blJjdTFCNFJ4eTNERXB3MDZlS0l3UkcwSFJMV2t3OVFMR0RPMTZycFdXZGNWRDJOZjRpL1lCQnpmVXlEQnNmY2JRaHhheXhyMlNvcU53WExZNzFsZ0NhUjlPOHhValRxZk1ENjAzSS9NY3hGaUpRWWtGVE40eXFVYUVybjVxNUVXZ2tFamRtdm0zZzFjL0V5dU9QcVBKc1JBV3ZqOUFFUG1ab201dlpWQnVMd1c1VEdVbkRXNEdFbXp2VHRqYUNsaEJCNkwxTWRSSGdRTlE2Z1NZVnBLTDE1N0JtN0twVi9jTFJTd2gyNXBYOWtkTEFxNmtTQ0xBMjV1cXMwWTBBbnNvbk5kYVJmWEZXdnFpeEY5WUhyeTl4OGd5RmFoVHJjUlllb21SOWVFQ2hXTTRkdFJDd1I5dzBjaW1ZRFByb1IxbGtYYVk5UTlkYUluTWVsWmkrVWNzTURjVDM2dU9PQ0hIRisvOGJuSGd4WTdkSFhRcXk4Y1hmeEM0UGxhSjdSOFpZTzcxWHpDOEdFOGh5OUk1SjJLT1V1OHg0bzN3d1I3UUV5T1J2SzFSMUV5WUxXN2JGTkdac3I4YmFwSFl1R05HUzA2c3dqWSsvWE1IY2wrWGFNNW1YV0YyMk1MYTVJbnBSUnp5OEErdWVyb1NVZk1qaVVnMzRqcVFzU1VuMlQ0NWprN1BuOVNzWTA5eERzYVJycEJ6WTNNWUI2UVpiMS8wazlBajdQY1lCL2VaVjBsd3ZYUFdVbW9jZFBuN0g3OXBUUStxZ2g0dTZENU0vcVZMeWlmbElERC9BSXI5N0xNR2prWFJ2WFAzdUpsU2trYkxFRHNQUkxrUWU2OEo1MFZ3aVhsdi9KUDZFVXFPdENmNTJlS1crM1c0cHJVRTlZNjV2aGNmTS80NlZDdnBSU2lucFdhOGZCTm1nVGJlM0RqVlFZVGdncDlLN1A2ekVubDZ0ZXhuOUZ6Zkt4TUtqSVo1Wk9uNHNCeW9XejlXSEp5ajNuYWZiS2VSSmF1YzFINGJMUjdEcG8wTXlMWWs1Wm1aMGwvaGJBcWhpdVgveWo1K2libDJ1WXM4VVhTcndKNVRIYkhPUFBLTlVnN2NHajJYUlA1RW1EdFZsRE00MFB4Z00rekJkK3RmQWxha2FnTTFmZWZxMVVtN1pWbE1jbEhGL1Y0dm0wRFJyUDYyVGRYaEd4LzViUVhEdFpjUldSWVFpU0M5Tk5QZURZbGpqUXpsSHY3L0RSMXFTWTd0R0NiZzZIOEg0cGNqUGUvdXVvWWlDTkVNS3BFNGo2S3VoUmxxTmUxeUJ3cERvRVU3eUxWS3BRcXRsMkxEU3RwYmN4djJMRXhiSnl1eldGZGVWTGgvMStIWDAwU0pKeFY4MnR2Z0hvRlJ0K0F5RXpVMTJCTEpDR2ppTHpSbCs5cTF4SDIwRkNwODJOWkRxbWpNcUVmRngya2k0ck1iZFJlK3RxWUJtVmV2OGhud0lXNU9Jd0J5ZVkvY2RNS09qOWg2NHJBUElJTmhTT3ZELzhXaDdTWno5SzJ3dFQwZjBkaU9JTy9EakJ5YkFBbERZMWJma0ZwaUQwcW5ycy9va3MwZktBZ0ZvaElSNzRaZSsvUW1zRXlyUUJueGV6bElQb2RCSjY1MXJ0cGxuS0E1bUhYYUM0RG1nS2FqVDl3V0ZaQ1AxUklVeDYxb2xPZ0ZFZm5YTzZOcm9qYlM5MG1yQ1ZrT3U5MmNYcHRWQnM0aDNaOUU4UWs2NSt3UXRBckdMTWNuNy9oTzl5T0ZOVzF5bmJjdStsNCtzVmFDS3ZVZjh1cXFqTDRRcmJDekptMTFDRjBLUXZ5cm93RFJEdzViaTFzQ0RqQTdHUTM3NG96Slk4dXBNZFdZMXJ5YWI3TDEyS2N5QVlFSzE2RzgwMm4wSmZzcWVkdGFDcEpyMHFFdEhJckpKUTlxNUx2WHhOWm43Y0grN29tZlpVQ1R3OERwWXlZUXVoTXVwZ2hsb0lYQkxKcDY5UWRKMFVNdytjYmlXLy9KcDdZK3RVb3VGVU4wQkVlcmIxcFowZ1NhbndLWTBqczFzc3locS9LQUQ2NXFMNnJ6aThKZ2tIcWdmVGF0OUdPZ1V0S0JMN3VYYVdaTzlXQjV1U1krcVNWMHNzMEZ1R1Y0VVFTYkRyTVMxOXpUekJFQlFsRGV1eFVFNFJ6RVRoMlVKdmJHbnVIRFdpV0FPRlNtVWhVVk12SWdSS2JOSmdPMGVoT2JFUzRac2kweDBDQTNWcGdLbHNYS0wzNUdiT2QyT2dXTzJoVVZVZ1U2dHA5V2xwRlp0R05YZ2h0NHhEZGtpMkRaRHM1V3pyNjN4cC81Q1FtT3piRnREbXFZUW9YZzJaQVpoNkdqUGIvTld3SUVDME5waGJPMVFadFJOV09nbXBIVVpvakRHdEt4ejZJZ0RXNWZ2Q1g0d0ZQVk85T204SDVPV081WHEzL3lEK0U9IiBDb3JyZWxhdGlvbkJpbmRpbmc9IiIgVXJsRW5jb2RlPSJUcnVlIiAvPg0KICAgICAgICA8Rm9ybVBvc3RQYXJhbWV0ZXIgTmFtZT0iU2NyZWVuV2lkdGgiIFZhbHVlPSJ7eyRISURERU4xLlNjcmVlbldpZHRofX0iIFJlY29yZGVkVmFsdWU9IiIgQ29ycmVsYXRpb25CaW5kaW5nPSIiIFVybEVuY29kZT0iVHJ1ZSIgLz4NCiAgICAgICAgPEZvcm1Qb3N0UGFyYW1ldGVyIE5hbWU9IlNjcmVlbkhlaWdodCIgVmFsdWU9Int7JEhJRERFTjEuU2NyZWVuSGVpZ2h0fX0iIFJlY29yZGVkVmFsdWU9IiIgQ29ycmVsYXRpb25CaW5kaW5nPSIiIFVybEVuY29kZT0iVHJ1ZSIgLz4NCiAgICAgICAgPEZvcm1Qb3N0UGFyYW1ldGVyIE5hbWU9ImJ0blF1ZXJ5IiBWYWx1ZT0i5p+l6KmiIiBSZWNvcmRlZFZhbHVlPSLmn6XoqaIiIENvcnJlbGF0aW9uQmluZGluZz0ie3tGb3JtUG9zdFBhcmFtMS5idG5RdWVyeX19IiBVcmxFbmNvZGU9IlRydWUiIC8+DQogICAgICAgIDxGb3JtUG9zdFBhcmFtZXRlciBOYW1lPSJkZGxPcmdBbmRGbG93IiBWYWx1ZT0iIiBSZWNvcmRlZFZhbHVlPSIiIENvcnJlbGF0aW9uQmluZGluZz0iIiBVcmxFbmNvZGU9IlRydWUiIC8+DQogICAgICAgIDxGb3JtUG9zdFBhcmFtZXRlciBOYW1lPSJkZGxRdWVyeUNvbmRpdGlvbnMiIFZhbHVlPSIwIiBSZWNvcmRlZFZhbHVlPSIwIiBDb3JyZWxhdGlvbkJpbmRpbmc9Int7Rm9ybVBvc3RQYXJhbTMuZGRsUXVlcnlDb25kaXRpb25zfX0iIFVybEVuY29kZT0iVHJ1ZSIgLz4NCiAgICAgICAgPEZvcm1Qb3N0UGFyYW1ldGVyIE5hbWU9InR4dE9URW1wSUQiIFZhbHVlPSIxMDIwOTkiIFJlY29yZGVkVmFsdWU9IjEwMjA5OSIgQ29ycmVsYXRpb25CaW5kaW5nPSJ7e0Zvcm1Qb3N0UGFyYW0yLnR4dE9URW1wSUR9fSIgVXJsRW5jb2RlPSJUcnVlIiAvPg0KICAgICAgICA8Rm9ybVBvc3RQYXJhbWV0ZXIgTmFtZT0idHh0T1RFbXBOYW1lIiBWYWx1ZT0iIiBSZWNvcmRlZFZhbHVlPSIiIENvcnJlbGF0aW9uQmluZGluZz0iIiBVcmxFbmNvZGU9IlRydWUiIC8+DQogICAgICAgIDxGb3JtUG9zdFBhcmFtZXRlciBOYW1lPSJ0eHRPVEZvcm1OTyIgVmFsdWU9IiIgUmVjb3JkZWRWYWx1ZT0iIiBDb3JyZWxhdGlvbkJpbmRpbmc9IiIgVXJsRW5jb2RlPSJUcnVlIiAvPg0KICAgICAgICA8Rm9ybVBvc3RQYXJhbWV0ZXIgTmFtZT0iZGRsT1RTdGF0dXMiIFZhbHVlPSIxIiBSZWNvcmRlZFZhbHVlPSIxIiBDb3JyZWxhdGlvbkJpbmRpbmc9Int7Rm9ybVBvc3RQYXJhbTQuZGRsT1RTdGF0dXN9fSIgVXJsRW5jb2RlPSJUcnVlIiAvPg0KICAgICAgICA8Rm9ybVBvc3RQYXJhbWV0ZXIgTmFtZT0idHh0T1REYXRlQmVnaW4kdHh0RGF0ZSIgVmFsdWU9IiIgUmVjb3JkZWRWYWx1ZT0iIiBDb3JyZWxhdGlvbkJpbmRpbmc9IiIgVXJsRW5jb2RlPSJUcnVlIiAvPg0KICAgICAgICA8Rm9ybVBvc3RQYXJhbWV0ZXIgTmFtZT0idHh0T1REYXRlRW5kJHR4dERhdGUiIFZhbHVlPSIiIFJlY29yZGVkVmFsdWU9IiIgQ29ycmVsYXRpb25CaW5kaW5nPSIiIFVybEVuY29kZT0iVHJ1ZSIgLz4NCiAgICAgICAgPEZvcm1Qb3N0UGFyYW1ldGVyIE5hbWU9InVjTW9kYWxQb3B1cDEkQ2xpZW50V2lkdGgiIFZhbHVlPSJ7eyRISURERU4xLnVjTW9kYWxQb3B1cDEkQ2xpZW50V2lkdGh9fSIgUmVjb3JkZWRWYWx1ZT0iMCIgQ29ycmVsYXRpb25CaW5kaW5nPSIiIFVybEVuY29kZT0iVHJ1ZSIgLz4NCiAgICAgICAgPEZvcm1Qb3N0UGFyYW1ldGVyIE5hbWU9InVjTW9kYWxQb3B1cDEkQ2xpZW50SGVpZ2h0IiBWYWx1ZT0ie3skSElEREVOMS51Y01vZGFsUG9wdXAxJENsaWVudEhlaWdodH19IiBSZWNvcmRlZFZhbHVlPSIwIiBDb3JyZWxhdGlvbkJpbmRpbmc9IiIgVXJsRW5jb2RlPSJUcnVlIiAvPg0KICAgICAgPC9Gb3JtUG9zdEh0dHBCb2R5Pg0KICAgIDwvUmVxdWVzdD4NCiAgPC9JdGVtcz4NCiAgPFZhbGlkYXRpb25SdWxlcz4NCiAgICA8VmFsaWRhdGlvblJ1bGUgQ2xhc3NuYW1lPSJNaWNyb3NvZnQuVmlzdWFsU3R1ZGlvLlRlc3RUb29scy5XZWJUZXN0aW5nLlJ1bGVzLlZhbGlkYXRlUmVzcG9uc2VVcmwsIE1pY3Jvc29mdC5WaXN1YWxTdHVkaW8uUXVhbGl0eVRvb2xzLldlYlRlc3RGcmFtZXdvcmssIFZlcnNpb249MTAuMC4wLjAsIEN1bHR1cmU9bmV1dHJhbCwgUHVibGljS2V5VG9rZW49YjAzZjVmN2YxMWQ1MGEzYSIgRGlzcGxheU5hbWU9IuWbnuaHiSBVUkwiIERlc2NyaXB0aW9uPSLpqZforYnlm57mh4kgVVJMIOWcqOWll+eUqOmHjeaWsOWwjuWQkeS5i+W+jOaYr+WQpuWSjOiomOmMhOeahOWbnuaHiSBVUkwg55u45ZCM44CC5bey5b+955WlIFF1ZXJ5U3RyaW5nIOWPg+aVuOOAgiIgTGV2ZWw9IkxvdyIgRXhlY3R1aW9uT3JkZXI9IkJlZm9yZURlcGVuZGVudHMiIC8+DQogICAgPFZhbGlkYXRpb25SdWxlIENsYXNzbmFtZT0iTWljcm9zb2Z0LlZpc3VhbFN0dWRpby5UZXN0VG9vbHMuV2ViVGVzdGluZy5SdWxlcy5WYWxpZGF0aW9uUnVsZVJlc3BvbnNlVGltZUdvYWwsIE1pY3Jvc29mdC5WaXN1YWxTdHVkaW8uUXVhbGl0eVRvb2xzLldlYlRlc3RGcmFtZXdvcmssIFZlcnNpb249MTAuMC4wLjAsIEN1bHR1cmU9bmV1dHJhbCwgUHVibGljS2V5VG9rZW49YjAzZjVmN2YxMWQ1MGEzYSIgRGlzcGxheU5hbWU9IuWbnuaHieaZgumWk+ebruaomSIgRGVzY3JpcHRpb249Iumpl+itieatpOimgeaxgueahOWbnuaHieaZgumWk+aYr+WQpuWwj+aWvOaIluetieaWvOatpOimgeaxguaJgOaMh+WumueahOWbnuaHieaZgumWk+ebruaomeOAguWbnuaHieaZgumWk+ebruaomeeCuumbtuWwh+iiq+W/veeVpeOAgiIgTGV2ZWw9IkxvdyIgRXhlY3R1aW9uT3JkZXI9IkFmdGVyRGVwZW5kZW50cyI+DQogICAgICA8UnVsZVBhcmFtZXRlcnM+DQogICAgICAgIDxSdWxlUGFyYW1ldGVyIE5hbWU9IlRvbGVyYW5jZSIgVmFsdWU9IjAiIC8+DQogICAgICA8L1J1bGVQYXJhbWV0ZXJzPg0KICAgIDwvVmFsaWRhdGlvblJ1bGU+DQogIDwvVmFsaWRhdGlvblJ1bGVzPg0KPC9XZWJUZXN0Pg==">
      <Execution id="91d62066-1c07-4bf3-a6d3-812fbaec7268" />
    </WebTest>
  </TestDefinitions>
  <TestLists>
    <TestList name="不在清單中的結果" id="8c84fa94-04c1-424b-9868-57a2d4851a1d" />
    <TestList name="所有載入的結果" id="19431567-8539-422a-85d7-44ee4e166bda" />
  </TestLists>
  <TestEntries>
    <TestEntry isTransparent="false" testId="1265e208-ff74-47d4-bee0-67170f6c4143" executionId="91d62066-1c07-4bf3-a6d3-812fbaec7268" testListId="8c84fa94-04c1-424b-9868-57a2d4851a1d" />
  </TestEntries>
  <Results>
    <WebTestResult executionId="91d62066-1c07-4bf3-a6d3-812fbaec7268" testId="1265e208-ff74-47d4-bee0-67170f6c4143" testName="WebTest1" computerName="ANSONHUANG" duration="00:00:02.1001053" startTime="2017-05-16T11:28:28.9996310+08:00" endTime="2017-05-16T11:28:41.6931692+08:00" testType="4e7599fa-5ecb-43e9-a887-cd63cf72d207" outcome="Passed" testListId="8c84fa94-04c1-424b-9868-57a2d4851a1d" relativeResultsDirectory="91d62066-1c07-4bf3-a6d3-812fbaec7268">
      <ResultFiles>
        <ResultFile path="WebTest1.webtestResult" />
      </ResultFiles>
      <TestSettings name="本機" id="f0316326-3a07-479d-8058-64131c18b509">
        <Description>這些是本機測試回合的預設測試設定。</Description>
        <Execution>
          <TestTypeSpecific>
            <WebTestRunConfiguration testTypeId="4e7599fa-5ecb-43e9-a887-cd63cf72d207">
              <Browser name="Internet Explorer 7.0">
                <Headers>
                  <Header name="User-Agent" value="Mozilla/4.0 (compatible; MSIE 7.0; Windows NT 5.1)" />
                  <Header name="Accept" value="*/*" />
                  <Header name="Accept-Language" value="{{$IEAcceptLanguage}}" />
                  <Header name="Accept-Encoding" value="GZIP" />
                </Headers>
              </Browser>
            </WebTestRunConfiguration>
          </TestTypeSpecific>
          <AgentRule name="Execution Agents">
          </AgentRule>
        </Execution>
        <Deployment runDeploymentRoot="YSHuang_ANSONHUANG 2017-05-16 11_28_28" />
      </TestSettings>
      <WebTestResultFilePath>YSHuang_ANSONHUANG 2017-05-16 11_28_28\In\91d62066-1c07-4bf3-a6d3-812fbaec7268\WebTest1.webtestResult</WebTestResultFilePath>
    </WebTestResult>
  </Results>
</TestRun>