<?xml version="1.0" encoding="UTF-8"?>
<TestRun id="30050ac3-e3bc-4011-98b3-4f6d8d1a1347" name="YSHuang@ANSONHUANG 2017-05-12 13:53:16" runUser="AnsonHuang\YSHuang" xmlns="http://microsoft.com/schemas/VisualStudio/TeamTest/2010">
  <TestSettings name="本機" id="f0316326-3a07-479d-8058-64131c18b509">
    <Description>這些是本機測試回合的預設測試設定。</Description>
    <Execution>
      <TestTypeSpecific />
      <AgentRule name="Execution Agents">
      </AgentRule>
    </Execution>
    <Deployment runDeploymentRoot="YSHuang_ANSONHUANG 2017-05-12 13_53_16" />
  </TestSettings>
  <Times creation="2017-05-12T13:53:16.9963793+08:00" queuing="2017-05-12T13:53:17.1243793+08:00" start="2017-05-12T13:53:17.2353793+08:00" finish="2017-05-12T13:54:11.7053793+08:00" />
  <ResultSummary outcome="Completed">
    <Counters total="1" executed="1" passed="0" error="0" failed="0" timeout="0" aborted="0" inconclusive="0" passedButRunAborted="0" notRunnable="0" notExecuted="0" disconnected="0" warning="0" completed="1" inProgress="0" pending="0" />
  </ResultSummary>
  <TestDefinitions>
    <WebTest name="WebTest1" storage="c:\users\yshuang\documents\loadtesting\loadtesting\loadtesting\webtest1.webtest" id="c152c459-617e-4457-bb82-881862a041be" persistedWebTest="77u/PD94bWwgdmVyc2lvbj0iMS4wIiBlbmNvZGluZz0iVVRGLTgiIHN0YW5kYWxvbmU9InllcyI/Pg0KPFdlYlRlc3QgTmFtZT0iV2ViVGVzdDEiIElkPSJjMTUyYzQ1OS02MTdlLTQ0NTctYmI4Mi04ODE4NjJhMDQxYmUiIE93bmVyPSIiIFByaW9yaXR5PSIyMTQ3NDgzNjQ3IiBFbmFibGVkPSJUcnVlIiBDc3NQcm9qZWN0U3RydWN0dXJlPSIiIENzc0l0ZXJhdGlvbj0iIiBUaW1lb3V0PSIwIiBXb3JrSXRlbUlkcz0iIiB4bWxucz0iaHR0cDovL21pY3Jvc29mdC5jb20vc2NoZW1hcy9WaXN1YWxTdHVkaW8vVGVhbVRlc3QvMjAxMCIgRGVzY3JpcHRpb249IiIgQ3JlZGVudGlhbFVzZXJOYW1lPSIiIENyZWRlbnRpYWxQYXNzd29yZD0iIiBQcmVBdXRoZW50aWNhdGU9IlRydWUiIFByb3h5PSJkZWZhdWx0IiBTdG9wT25FcnJvcj0iRmFsc2UiIFJlY29yZGVkUmVzdWx0RmlsZT0iV2ViVGVzdDEuNGNkZmNmY2UtNDkyZC00ZDhlLTlhZTgtMjZmZjIzOGZiNmMyLnJlYy53ZWJ0ZXN0cmVzdWx0IiBSZXN1bHRzTG9jYWxlPSIiPg0KICA8SXRlbXM+DQogICAgPFJlcXVlc3QgTWV0aG9kPSJHRVQiIEd1aWQ9IjJkNjkwN2ExLWRiOTUtNDg1MS1hNjBmLWIyMzZmYTE4MjYwNCIgVmVyc2lvbj0iMS4xIiBVcmw9Imh0dHA6Ly8xMC4xMS4zNi4xMTQ6ODAwNy9ocmxvZ2luL2hybG9naW4uYXNweCIgVGhpbmtUaW1lPSIwIiBUaW1lb3V0PSIzMDAiIFBhcnNlRGVwZW5kZW50UmVxdWVzdHM9IlRydWUiIEZvbGxvd1JlZGlyZWN0cz0iVHJ1ZSIgUmVjb3JkUmVzdWx0PSJUcnVlIiBDYWNoZT0iRmFsc2UiIFJlc3BvbnNlVGltZUdvYWw9IjAiIEVuY29kaW5nPSJ1dGYtOCIgRXhwZWN0ZWRIdHRwU3RhdHVzQ29kZT0iMCIgRXhwZWN0ZWRSZXNwb25zZVVybD0iIiBSZXBvcnRpbmdOYW1lPSIiIElnbm9yZUh0dHBTdGF0dXNDb2RlPSJGYWxzZSI+DQogICAgICA8RXh0cmFjdGlvblJ1bGVzPg0KICAgICAgICA8RXh0cmFjdGlvblJ1bGUgQ2xhc3NuYW1lPSJNaWNyb3NvZnQuVmlzdWFsU3R1ZGlvLlRlc3RUb29scy5XZWJUZXN0aW5nLlJ1bGVzLkV4dHJhY3RIaWRkZW5GaWVsZHMsIE1pY3Jvc29mdC5WaXN1YWxTdHVkaW8uUXVhbGl0eVRvb2xzLldlYlRlc3RGcmFtZXdvcmssIFZlcnNpb249MTAuMC4wLjAsIEN1bHR1cmU9bmV1dHJhbCwgUHVibGljS2V5VG9rZW49YjAzZjVmN2YxMWQ1MGEzYSIgVmFyaWFibGVOYW1lPSIxIiBEaXNwbGF5TmFtZT0i5pO35Y+W6Zqx6JeP5qyE5L2NIiBEZXNjcmlwdGlvbj0i5pO35Y+W5Zue5oeJ5Lit55qE5omA5pyJ6Zqx6JeP5qyE5L2N77yM5Lim5bCH5a6D5YCR5pS+5Zyo5ris6Kmm5YWn5a655Lit44CCIj4NCiAgICAgICAgICA8UnVsZVBhcmFtZXRlcnM+DQogICAgICAgICAgICA8UnVsZVBhcmFtZXRlciBOYW1lPSJSZXF1aXJlZCIgVmFsdWU9IlRydWUiIC8+DQogICAgICAgICAgICA8UnVsZVBhcmFtZXRlciBOYW1lPSJIdG1sRGVjb2RlIiBWYWx1ZT0iVHJ1ZSIgLz4NCiAgICAgICAgICA8L1J1bGVQYXJhbWV0ZXJzPg0KICAgICAgICA8L0V4dHJhY3Rpb25SdWxlPg0KICAgICAgPC9FeHRyYWN0aW9uUnVsZXM+DQogICAgICA8Q29ycmVsYXRpb25FeHRyYWN0aW9uUnVsZXM+DQogICAgICAgIDxFeHRyYWN0aW9uUnVsZSBDbGFzc25hbWU9Ik1pY3Jvc29mdC5WaXN1YWxTdHVkaW8uVGVzdFRvb2xzLldlYlRlc3RpbmcuUnVsZXMuRXh0cmFjdEZvcm1GaWVsZCwgTWljcm9zb2Z0LlZpc3VhbFN0dWRpby5RdWFsaXR5VG9vbHMuV2ViVGVzdEZyYW1ld29yaywgVmVyc2lvbj0xMC4wLjAuMCwgQ3VsdHVyZT1uZXV0cmFsLCBQdWJsaWNLZXlUb2tlbj1iMDNmNWY3ZjExZDUwYTNhIiBWYXJpYWJsZU5hbWU9IkZvcm1Qb3N0UGFyYW0yNS5idG5FeGVjdXRlIiBEaXNwbGF5TmFtZT0iIiBEZXNjcmlwdGlvbj0iIj4NCiAgICAgICAgICA8UnVsZVBhcmFtZXRlcnM+DQogICAgICAgICAgICA8UnVsZVBhcmFtZXRlciBOYW1lPSJOYW1lIiBWYWx1ZT0iYnRuRXhlY3V0ZSIgLz4NCiAgICAgICAgICAgIDxSdWxlUGFyYW1ldGVyIE5hbWU9Ikh0bWxEZWNvZGUiIFZhbHVlPSJUcnVlIiAvPg0KICAgICAgICAgICAgPFJ1bGVQYXJhbWV0ZXIgTmFtZT0iUmVxdWlyZWQiIFZhbHVlPSJGYWxzZSIgLz4NCiAgICAgICAgICAgIDxSdWxlUGFyYW1ldGVyIE5hbWU9IkluZGV4IiBWYWx1ZT0iMCIgLz4NCiAgICAgICAgICA8L1J1bGVQYXJhbWV0ZXJzPg0KICAgICAgICA8L0V4dHJhY3Rpb25SdWxlPg0KICAgICAgICA8RXh0cmFjdGlvblJ1bGUgQ2xhc3NuYW1lPSJNaWNyb3NvZnQuVmlzdWFsU3R1ZGlvLlRlc3RUb29scy5XZWJUZXN0aW5nLlJ1bGVzLkV4dHJhY3RUZXh0LCBNaWNyb3NvZnQuVmlzdWFsU3R1ZGlvLlF1YWxpdHlUb29scy5XZWJUZXN0RnJhbWV3b3JrLCBWZXJzaW9uPTEwLjAuMC4wLCBDdWx0dXJlPW5ldXRyYWwsIFB1YmxpY0tleVRva2VuPWIwM2Y1ZjdmMTFkNTBhM2EiIFZhcmlhYmxlTmFtZT0iRm9ybVBvc3RQYXJhbTI2LmRkbFVJQ3VsdHVyZSIgRGlzcGxheU5hbWU9IiIgRGVzY3JpcHRpb249IiI+DQogICAgICAgICAgPFJ1bGVQYXJhbWV0ZXJzPg0KICAgICAgICAgICAgPFJ1bGVQYXJhbWV0ZXIgTmFtZT0iU3RhcnRzV2l0aCIgVmFsdWU9Imx1ZT0mcXVvdDsiIC8+DQogICAgICAgICAgICA8UnVsZVBhcmFtZXRlciBOYW1lPSJFbmRzV2l0aCIgVmFsdWU9IiZxdW90OyZndDvmraPpq5TkuK0iIC8+DQogICAgICAgICAgICA8UnVsZVBhcmFtZXRlciBOYW1lPSJJbmRleCIgVmFsdWU9IjgiIC8+DQogICAgICAgICAgICA8UnVsZVBhcmFtZXRlciBOYW1lPSJJZ25vcmVDYXNlIiBWYWx1ZT0iRmFsc2UiIC8+DQogICAgICAgICAgICA8UnVsZVBhcmFtZXRlciBOYW1lPSJVc2VSZWd1bGFyRXhwcmVzc2lvbiIgVmFsdWU9IkZhbHNlIiAvPg0KICAgICAgICAgICAgPFJ1bGVQYXJhbWV0ZXIgTmFtZT0iSHRtbERlY29kZSIgVmFsdWU9IlRydWUiIC8+DQogICAgICAgICAgICA8UnVsZVBhcmFtZXRlciBOYW1lPSJSZXF1aXJlZCIgVmFsdWU9IkZhbHNlIiAvPg0KICAgICAgICAgIDwvUnVsZVBhcmFtZXRlcnM+DQogICAgICAgIDwvRXh0cmFjdGlvblJ1bGU+DQogICAgICA8L0NvcnJlbGF0aW9uRXh0cmFjdGlvblJ1bGVzPg0KICAgIDwvUmVxdWVzdD4NCiAgICA8UmVxdWVzdCBNZXRob2Q9IlBPU1QiIEd1aWQ9IjA2OGZiYjZkLTFhYWQtNDdmZi05YTNhLTM5ZDQxYzBjNjE3YSIgVmVyc2lvbj0iMS4xIiBVcmw9Imh0dHA6Ly8xMC4xMS4zNi4xMTQ6ODAwNy9ocmxvZ2luL2hybG9naW4uYXNweCIgVGhpbmtUaW1lPSIwIiBUaW1lb3V0PSIzMDAiIFBhcnNlRGVwZW5kZW50UmVxdWVzdHM9IlRydWUiIEZvbGxvd1JlZGlyZWN0cz0iVHJ1ZSIgUmVjb3JkUmVzdWx0PSJUcnVlIiBDYWNoZT0iRmFsc2UiIFJlc3BvbnNlVGltZUdvYWw9IjAiIEVuY29kaW5nPSJ1dGYtOCIgRXhwZWN0ZWRIdHRwU3RhdHVzQ29kZT0iMCIgRXhwZWN0ZWRSZXNwb25zZVVybD0iIiBSZXBvcnRpbmdOYW1lPSIiIElnbm9yZUh0dHBTdGF0dXNDb2RlPSJGYWxzZSI+DQogICAgICA8Rm9ybVBvc3RIdHRwQm9keT4NCiAgICAgICAgPEZvcm1Qb3N0UGFyYW1ldGVyIE5hbWU9Il9fTEFTVEZPQ1VTIiBWYWx1ZT0ie3skSElEREVOMS5fX0xBU1RGT0NVU319IiBSZWNvcmRlZFZhbHVlPSIiIENvcnJlbGF0aW9uQmluZGluZz0iIiBVcmxFbmNvZGU9IlRydWUiIC8+DQogICAgICAgIDxGb3JtUG9zdFBhcmFtZXRlciBOYW1lPSJfX0VWRU5UVEFSR0VUIiBWYWx1ZT0ie3skSElEREVOMS5fX0VWRU5UVEFSR0VUfX0iIFJlY29yZGVkVmFsdWU9IiIgQ29ycmVsYXRpb25CaW5kaW5nPSIiIFVybEVuY29kZT0iVHJ1ZSIgLz4NCiAgICAgICAgPEZvcm1Qb3N0UGFyYW1ldGVyIE5hbWU9Il9fRVZFTlRBUkdVTUVOVCIgVmFsdWU9Int7JEhJRERFTjEuX19FVkVOVEFSR1VNRU5UfX0iIFJlY29yZGVkVmFsdWU9IiIgQ29ycmVsYXRpb25CaW5kaW5nPSIiIFVybEVuY29kZT0iVHJ1ZSIgLz4NCiAgICAgICAgPEZvcm1Qb3N0UGFyYW1ldGVyIE5hbWU9Il9fVklFV1NUQVRFIiBWYWx1ZT0ie3skSElEREVOMS5fX1ZJRVdTVEFURX19IiBSZWNvcmRlZFZhbHVlPSIvd0VQRHdVS0xUUTFORE0xTVRBME1nOWtGZ0lDQXc5a0ZnUUNBUThXQWg0SFZtbHphV0pzWldjV0JBSUJEdzhXSGg0S1gwMWhlRXhsYm1kMGFHWWVFbDlKYzBGMWRHOVViMVZ3Y0dWeVEyRnpaV2dlREY5SmMwRmpkR2wyWlVsTlJXY2VDMTlKYzFCaGMzTjNiM0prYUI0T1gxUmxlSFJUYUdsbWRFdHBibVFMS1g5VGFXNXZVR0ZqTGxkbFlrVjRjSEpsYzNNdVEyOXRiVzl1TGxWMGFXd3JWR1Y0ZEZOb2FXWjBTMmx1WkN3Z1UybHViMUJoWXk1WFpXSkZlSEJ5WlhOekxrTnZiVzF2Yml3Z1ZtVnljMmx2YmowM0xqTXVNekV1TVN3Z1EzVnNkSFZ5WlQxdVpYVjBjbUZzTENCUWRXSnNhV05MWlhsVWIydGxiajF1ZFd4c0FCNEtYMWRoZEdWeVRXRnlhMlVlQ0Y5SmMwTnNaV0Z5YUI0SVgxUnZiMnhVYVhCbEhndGZTWE5TWldGa1QyNXNlV2dlQ1Y5RGMzTkRiR0Z6YzJVZUQxOUpjMWRwWkhSb1FubFFhWGhsYkdjZUUxOUpjMFJwYzNCRmJuUmxjbVZrVjI5eVpITm9IZ1pmVjJsa2RHZ0NVQjRJWDBselJtOWpkWE5uSGdsZlNYTlNaV2RGZUhCb1pCWUVBZ0VQWkJZQ0FnRVBFQTlrRmdJZUIyOXVZMnhwWTJzRnZ3RjJZWElnYjFaaGJHbGtJRDBnWkc5amRXMWxiblF1WjJWMFJXeGxiV1Z1ZEVKNVNXUW9KM1I0ZEZWelpYSkpSRjlTWlhGMWFYSmxaRVpwWld4a1ZtRnNhV1JoZEc5eU1TY3BPMVpoYkdsa1lYUnZja1Z1WVdKc1pTaHZWbUZzYVdRc2RHaHBjeTVqYUdWamEyVmtLVHRWZEdsc1gwTm9hMEp2ZUZSdloyZHNaVlpwYzJsaWFXeHBkSGtvSjNSNGRGVnpaWEpKUkY5amFHdFdhWE5wWW1sc2FYUjVKeXdnSjNSNGRGVnpaWEpKUkY5a2FYWkVZWFJoUVhKbFlTY3BPMlJrWkFJRER4WUNIZ1Z6ZEhsc1pRVTJabXh2WVhRNmJHVm1kRHRrYVhOd2JHRjVPbWx1YkdsdVpTMWliRzlqYXp0d1lXUmthVzVuT2pBN2RtbHphV0pwYkdsMGVUbzdGZ1lDQVE4UEZnZ2VDRkpsWVdSUGJteDVhQjRGVjJsa2RHZ2JBQUFBQUFBQVZFQUJBQUFBSGdoRGMzTkRiR0Z6YzJVZUJGOGhVMElDZ2dJV0FoNEhiMjVyWlhsMWNBVU9kR2hwY3k1MGFYUnNaVDBuSnp0a0FnTVBEeFlFSHhNYkFBQUFBQUFBVkVBQkFBQUFIeFVDZ0FKa1pBSUZEMlFXQWdJQkR3OFdBaDRFVkdWNGRBVVhXK1drcCtXdnErbU9sdVd1bWwzbHQ3TGxsWi9ubEtnV0FoOFJCWlFCY0dGa1pHbHVaem9nTW5CNElERXdjSGdnTW5CNElERXdjSGc3SUdOdmJHOXlPaU13TURBN0lHSmhZMnRuY205MWJtUTZJQ05HUmtVNFFUWTdJR1p2Ym5RdGQyVnBaMmgwT2lCaWIyeGtPeUJpYjNKa1pYSTZJREZ3ZUNCemIyeHBaQ0JrWVhKclozSmhlVHNnZDJocGRHVXRjM0JoWTJVNklHNXZkM0poY0RzZ1ltOXlaR1Z5TFhKaFpHbDFjem9nTTNCNE8yUUNBdzhRRHhZR0hnNUVZWFJoVm1Gc2RXVkdhV1ZzWkFVRFMyVjVIZzFFWVhSaFZHVjRkRVpwWld4a0JRVldZV3gxWlI0TFh5RkVZWFJoUW05MWJtUm5aQkFWQkFkRmJtZHNhWE5vRE9ldWdPUzlrK1M0cmVhV2h3em1yYVBwcTVUa3VLM21sb2NNNTY2QTVMMlQ1ckdKNksrdEZRUUNaVzRHZW1ndFEwaFRCbnBvTFVOSVZBZDZhQzFJWVc1ekZDc0RCR2RuWjJka1pBSUREdzhXQWg4WFpXUmtaQ2NWUllYVGg5akNDTXdTY3c0blJ1VjA5bS85IiBDb3JyZWxhdGlvbkJpbmRpbmc9IiIgVXJsRW5jb2RlPSJUcnVlIiAvPg0KICAgICAgICA8Rm9ybVBvc3RQYXJhbWV0ZXIgTmFtZT0iX19WSUVXU1RBVEVHRU5FUkFUT1IiIFZhbHVlPSJ7eyRISURERU4xLl9fVklFV1NUQVRFR0VORVJBVE9SfX0iIFJlY29yZGVkVmFsdWU9IjVCQjBGMjkwIiBDb3JyZWxhdGlvbkJpbmRpbmc9IiIgVXJsRW5jb2RlPSJUcnVlIiAvPg0KICAgICAgICA8Rm9ybVBvc3RQYXJhbWV0ZXIgTmFtZT0iX19FVkVOVFZBTElEQVRJT04iIFZhbHVlPSJ7eyRISURERU4xLl9fRVZFTlRWQUxJREFUSU9OfX0iIFJlY29yZGVkVmFsdWU9Ii93RWRBQWpaemdlZEs3V0hudUtBMm8rc1ZSQVRaaFRxbzJ5ZHJjQXZWWGhWWDBLRktZSUZmUlJaaFhzeFV5NDNxZm1WZ1ArTFJicVhBcjRwWFJBeDVMZ1BQRmpnZUNQRmNuNWFQTVloQjZnZWwwby9ibDNGUS9xblFXMnVGb1pQbmh3ckoxZGd6Q2twcWNYSG9MV1IrZmM4eEgzWVJyUHBHenJEK1pHMFdrNFlybjM1RnZrZWYvdFpSZzdHY0ZOMzdOZ0tHNlVXTlBnZSIgQ29ycmVsYXRpb25CaW5kaW5nPSIiIFVybEVuY29kZT0iVHJ1ZSIgLz4NCiAgICAgICAgPEZvcm1Qb3N0UGFyYW1ldGVyIE5hbWU9InR4dFVzZXJJRCR0eHREYXRhIiBWYWx1ZT0iMTAyMTE5IiBSZWNvcmRlZFZhbHVlPSIxMDIxMTkiIENvcnJlbGF0aW9uQmluZGluZz0iIiBVcmxFbmNvZGU9IlRydWUiIC8+DQogICAgICAgIDxGb3JtUG9zdFBhcmFtZXRlciBOYW1lPSJkZGxVSUN1bHR1cmUiIFZhbHVlPSJ6aC1DSFQiIFJlY29yZGVkVmFsdWU9InpoLUNIVCIgQ29ycmVsYXRpb25CaW5kaW5nPSJ7e0Zvcm1Qb3N0UGFyYW0yNi5kZGxVSUN1bHR1cmV9fSIgVXJsRW5jb2RlPSJUcnVlIiAvPg0KICAgICAgICA8Rm9ybVBvc3RQYXJhbWV0ZXIgTmFtZT0iYnRuRXhlY3V0ZSIgVmFsdWU9IkxvY2FsIExvZ2luIiBSZWNvcmRlZFZhbHVlPSJMb2NhbCBMb2dpbiIgQ29ycmVsYXRpb25CaW5kaW5nPSJ7e0Zvcm1Qb3N0UGFyYW0yNS5idG5FeGVjdXRlfX0iIFVybEVuY29kZT0iVHJ1ZSIgLz4NCiAgICAgIDwvRm9ybVBvc3RIdHRwQm9keT4NCiAgICA8L1JlcXVlc3Q+DQogICAgPFJlcXVlc3QgTWV0aG9kPSJHRVQiIEd1aWQ9IjM0OTU2YzA1LTEzMmItNDdlYy05NTUwLTUxMTg0NWQ1MjY3YyIgVmVyc2lvbj0iMS4xIiBVcmw9Imh0dHA6Ly8xMC4xMS4zNi4xMTQ6ODAwNy9PdmVyVGltZS9PdmVydGltZVByZU9yZGVyLmFzcHgiIFRoaW5rVGltZT0iMCIgVGltZW91dD0iMzAwIiBQYXJzZURlcGVuZGVudFJlcXVlc3RzPSJUcnVlIiBGb2xsb3dSZWRpcmVjdHM9IlRydWUiIFJlY29yZFJlc3VsdD0iVHJ1ZSIgQ2FjaGU9IkZhbHNlIiBSZXNwb25zZVRpbWVHb2FsPSIwIiBFbmNvZGluZz0idXRmLTgiIEV4cGVjdGVkSHR0cFN0YXR1c0NvZGU9IjAiIEV4cGVjdGVkUmVzcG9uc2VVcmw9IiIgUmVwb3J0aW5nTmFtZT0iIiBJZ25vcmVIdHRwU3RhdHVzQ29kZT0iRmFsc2UiPg0KICAgICAgPEV4dHJhY3Rpb25SdWxlcz4NCiAgICAgICAgPEV4dHJhY3Rpb25SdWxlIENsYXNzbmFtZT0iTWljcm9zb2Z0LlZpc3VhbFN0dWRpby5UZXN0VG9vbHMuV2ViVGVzdGluZy5SdWxlcy5FeHRyYWN0SGlkZGVuRmllbGRzLCBNaWNyb3NvZnQuVmlzdWFsU3R1ZGlvLlF1YWxpdHlUb29scy5XZWJUZXN0RnJhbWV3b3JrLCBWZXJzaW9uPTEwLjAuMC4wLCBDdWx0dXJlPW5ldXRyYWwsIFB1YmxpY0tleVRva2VuPWIwM2Y1ZjdmMTFkNTBhM2EiIFZhcmlhYmxlTmFtZT0iMSIgRGlzcGxheU5hbWU9IuaTt+WPlumaseiXj+ashOS9jSIgRGVzY3JpcHRpb249IuaTt+WPluWbnuaHieS4reeahOaJgOaciemaseiXj+ashOS9je+8jOS4puWwh+Wug+WAkeaUvuWcqOa4rOippuWFp+WuueS4reOAgiI+DQogICAgICAgICAgPFJ1bGVQYXJhbWV0ZXJzPg0KICAgICAgICAgICAgPFJ1bGVQYXJhbWV0ZXIgTmFtZT0iUmVxdWlyZWQiIFZhbHVlPSJUcnVlIiAvPg0KICAgICAgICAgICAgPFJ1bGVQYXJhbWV0ZXIgTmFtZT0iSHRtbERlY29kZSIgVmFsdWU9IlRydWUiIC8+DQogICAgICAgICAgPC9SdWxlUGFyYW1ldGVycz4NCiAgICAgICAgPC9FeHRyYWN0aW9uUnVsZT4NCiAgICAgIDwvRXh0cmFjdGlvblJ1bGVzPg0KICAgICAgPENvcnJlbGF0aW9uRXh0cmFjdGlvblJ1bGVzPg0KICAgICAgICA8RXh0cmFjdGlvblJ1bGUgQ2xhc3NuYW1lPSJNaWNyb3NvZnQuVmlzdWFsU3R1ZGlvLlRlc3RUb29scy5XZWJUZXN0aW5nLlJ1bGVzLkV4dHJhY3RGb3JtRmllbGQsIE1pY3Jvc29mdC5WaXN1YWxTdHVkaW8uUXVhbGl0eVRvb2xzLldlYlRlc3RGcmFtZXdvcmssIFZlcnNpb249MTAuMC4wLjAsIEN1bHR1cmU9bmV1dHJhbCwgUHVibGljS2V5VG9rZW49YjAzZjVmN2YxMWQ1MGEzYSIgVmFyaWFibGVOYW1lPSJGb3JtUG9zdFBhcmFtMjEuYnRuUXVlcnkiIERpc3BsYXlOYW1lPSIiIERlc2NyaXB0aW9uPSIiPg0KICAgICAgICAgIDxSdWxlUGFyYW1ldGVycz4NCiAgICAgICAgICAgIDxSdWxlUGFyYW1ldGVyIE5hbWU9Ik5hbWUiIFZhbHVlPSJidG5RdWVyeSIgLz4NCiAgICAgICAgICAgIDxSdWxlUGFyYW1ldGVyIE5hbWU9Ikh0bWxEZWNvZGUiIFZhbHVlPSJUcnVlIiAvPg0KICAgICAgICAgICAgPFJ1bGVQYXJhbWV0ZXIgTmFtZT0iUmVxdWlyZWQiIFZhbHVlPSJGYWxzZSIgLz4NCiAgICAgICAgICAgIDxSdWxlUGFyYW1ldGVyIE5hbWU9IkluZGV4IiBWYWx1ZT0iMCIgLz4NCiAgICAgICAgICA8L1J1bGVQYXJhbWV0ZXJzPg0KICAgICAgICA8L0V4dHJhY3Rpb25SdWxlPg0KICAgICAgICA8RXh0cmFjdGlvblJ1bGUgQ2xhc3NuYW1lPSJNaWNyb3NvZnQuVmlzdWFsU3R1ZGlvLlRlc3RUb29scy5XZWJUZXN0aW5nLlJ1bGVzLkV4dHJhY3RGb3JtRmllbGQsIE1pY3Jvc29mdC5WaXN1YWxTdHVkaW8uUXVhbGl0eVRvb2xzLldlYlRlc3RGcmFtZXdvcmssIFZlcnNpb249MTAuMC4wLjAsIEN1bHR1cmU9bmV1dHJhbCwgUHVibGljS2V5VG9rZW49YjAzZjVmN2YxMWQ1MGEzYSIgVmFyaWFibGVOYW1lPSJGb3JtUG9zdFBhcmFtMjIudHh0T1RFbXBJRCIgRGlzcGxheU5hbWU9IiIgRGVzY3JpcHRpb249IiI+DQogICAgICAgICAgPFJ1bGVQYXJhbWV0ZXJzPg0KICAgICAgICAgICAgPFJ1bGVQYXJhbWV0ZXIgTmFtZT0iTmFtZSIgVmFsdWU9InR4dE9URW1wSUQiIC8+DQogICAgICAgICAgICA8UnVsZVBhcmFtZXRlciBOYW1lPSJIdG1sRGVjb2RlIiBWYWx1ZT0iVHJ1ZSIgLz4NCiAgICAgICAgICAgIDxSdWxlUGFyYW1ldGVyIE5hbWU9IlJlcXVpcmVkIiBWYWx1ZT0iRmFsc2UiIC8+DQogICAgICAgICAgICA8UnVsZVBhcmFtZXRlciBOYW1lPSJJbmRleCIgVmFsdWU9IjAiIC8+DQogICAgICAgICAgPC9SdWxlUGFyYW1ldGVycz4NCiAgICAgICAgPC9FeHRyYWN0aW9uUnVsZT4NCiAgICAgICAgPEV4dHJhY3Rpb25SdWxlIENsYXNzbmFtZT0iTWljcm9zb2Z0LlZpc3VhbFN0dWRpby5UZXN0VG9vbHMuV2ViVGVzdGluZy5SdWxlcy5FeHRyYWN0VGV4dCwgTWljcm9zb2Z0LlZpc3VhbFN0dWRpby5RdWFsaXR5VG9vbHMuV2ViVGVzdEZyYW1ld29yaywgVmVyc2lvbj0xMC4wLjAuMCwgQ3VsdHVyZT1uZXV0cmFsLCBQdWJsaWNLZXlUb2tlbj1iMDNmNWY3ZjExZDUwYTNhIiBWYXJpYWJsZU5hbWU9IkZvcm1Qb3N0UGFyYW0yMy5kZGxRdWVyeUNvbmRpdGlvbnMiIERpc3BsYXlOYW1lPSIiIERlc2NyaXB0aW9uPSIiPg0KICAgICAgICAgIDxSdWxlUGFyYW1ldGVycz4NCiAgICAgICAgICAgIDxSdWxlUGFyYW1ldGVyIE5hbWU9IlN0YXJ0c1dpdGgiIFZhbHVlPSJzJnF1b3Q7OlsmcXVvdDsiIC8+DQogICAgICAgICAgICA8UnVsZVBhcmFtZXRlciBOYW1lPSJFbmRzV2l0aCIgVmFsdWU9IiZxdW90OywmcXVvdDsxJnF1b3Q7IiAvPg0KICAgICAgICAgICAgPFJ1bGVQYXJhbWV0ZXIgTmFtZT0iSW5kZXgiIFZhbHVlPSIwIiAvPg0KICAgICAgICAgICAgPFJ1bGVQYXJhbWV0ZXIgTmFtZT0iSWdub3JlQ2FzZSIgVmFsdWU9IkZhbHNlIiAvPg0KICAgICAgICAgICAgPFJ1bGVQYXJhbWV0ZXIgTmFtZT0iVXNlUmVndWxhckV4cHJlc3Npb24iIFZhbHVlPSJGYWxzZSIgLz4NCiAgICAgICAgICAgIDxSdWxlUGFyYW1ldGVyIE5hbWU9Ikh0bWxEZWNvZGUiIFZhbHVlPSJUcnVlIiAvPg0KICAgICAgICAgICAgPFJ1bGVQYXJhbWV0ZXIgTmFtZT0iUmVxdWlyZWQiIFZhbHVlPSJGYWxzZSIgLz4NCiAgICAgICAgICA8L1J1bGVQYXJhbWV0ZXJzPg0KICAgICAgICA8L0V4dHJhY3Rpb25SdWxlPg0KICAgICAgICA8RXh0cmFjdGlvblJ1bGUgQ2xhc3NuYW1lPSJNaWNyb3NvZnQuVmlzdWFsU3R1ZGlvLlRlc3RUb29scy5XZWJUZXN0aW5nLlJ1bGVzLkV4dHJhY3RUZXh0LCBNaWNyb3NvZnQuVmlzdWFsU3R1ZGlvLlF1YWxpdHlUb29scy5XZWJUZXN0RnJhbWV3b3JrLCBWZXJzaW9uPTEwLjAuMC4wLCBDdWx0dXJlPW5ldXRyYWwsIFB1YmxpY0tleVRva2VuPWIwM2Y1ZjdmMTFkNTBhM2EiIFZhcmlhYmxlTmFtZT0iRm9ybVBvc3RQYXJhbTI0LmRkbE9UU3RhdHVzIiBEaXNwbGF5TmFtZT0iIiBEZXNjcmlwdGlvbj0iIj4NCiAgICAgICAgICA8UnVsZVBhcmFtZXRlcnM+DQogICAgICAgICAgICA8UnVsZVBhcmFtZXRlciBOYW1lPSJTdGFydHNXaXRoIiBWYWx1ZT0icyZxdW90OzpbJnF1b3Q7IiAvPg0KICAgICAgICAgICAgPFJ1bGVQYXJhbWV0ZXIgTmFtZT0iRW5kc1dpdGgiIFZhbHVlPSImcXVvdDssJnF1b3Q7MSZxdW90OyIgLz4NCiAgICAgICAgICAgIDxSdWxlUGFyYW1ldGVyIE5hbWU9IkluZGV4IiBWYWx1ZT0iMCIgLz4NCiAgICAgICAgICAgIDxSdWxlUGFyYW1ldGVyIE5hbWU9Iklnbm9yZUNhc2UiIFZhbHVlPSJGYWxzZSIgLz4NCiAgICAgICAgICAgIDxSdWxlUGFyYW1ldGVyIE5hbWU9IlVzZVJlZ3VsYXJFeHByZXNzaW9uIiBWYWx1ZT0iRmFsc2UiIC8+DQogICAgICAgICAgICA8UnVsZVBhcmFtZXRlciBOYW1lPSJIdG1sRGVjb2RlIiBWYWx1ZT0iVHJ1ZSIgLz4NCiAgICAgICAgICAgIDxSdWxlUGFyYW1ldGVyIE5hbWU9IlJlcXVpcmVkIiBWYWx1ZT0iRmFsc2UiIC8+DQogICAgICAgICAgPC9SdWxlUGFyYW1ldGVycz4NCiAgICAgICAgPC9FeHRyYWN0aW9uUnVsZT4NCiAgICAgIDwvQ29ycmVsYXRpb25FeHRyYWN0aW9uUnVsZXM+DQogICAgPC9SZXF1ZXN0Pg0KICAgIDxSZXF1ZXN0IE1ldGhvZD0iUE9TVCIgR3VpZD0iMGVjMWY0NjUtY2ZlZS00YjEzLThlNTMtMWVmOThhMzcxODdmIiBWZXJzaW9uPSIxLjEiIFVybD0iaHR0cDovLzEwLjExLjM2LjExNDo4MDA3L092ZXJUaW1lL092ZXJ0aW1lUHJlT3JkZXIuYXNweCIgVGhpbmtUaW1lPSIwIiBUaW1lb3V0PSIzMDAiIFBhcnNlRGVwZW5kZW50UmVxdWVzdHM9IlRydWUiIEZvbGxvd1JlZGlyZWN0cz0iVHJ1ZSIgUmVjb3JkUmVzdWx0PSJUcnVlIiBDYWNoZT0iRmFsc2UiIFJlc3BvbnNlVGltZUdvYWw9IjAiIEVuY29kaW5nPSJ1dGYtOCIgRXhwZWN0ZWRIdHRwU3RhdHVzQ29kZT0iMCIgRXhwZWN0ZWRSZXNwb25zZVVybD0iIiBSZXBvcnRpbmdOYW1lPSIiIElnbm9yZUh0dHBTdGF0dXNDb2RlPSJGYWxzZSI+DQogICAgICA8RXh0cmFjdGlvblJ1bGVzPg0KICAgICAgICA8RXh0cmFjdGlvblJ1bGUgQ2xhc3NuYW1lPSJNaWNyb3NvZnQuVmlzdWFsU3R1ZGlvLlRlc3RUb29scy5XZWJUZXN0aW5nLlJ1bGVzLkV4dHJhY3RIaWRkZW5GaWVsZHMsIE1pY3Jvc29mdC5WaXN1YWxTdHVkaW8uUXVhbGl0eVRvb2xzLldlYlRlc3RGcmFtZXdvcmssIFZlcnNpb249MTAuMC4wLjAsIEN1bHR1cmU9bmV1dHJhbCwgUHVibGljS2V5VG9rZW49YjAzZjVmN2YxMWQ1MGEzYSIgVmFyaWFibGVOYW1lPSIxIiBEaXNwbGF5TmFtZT0i5pO35Y+W6Zqx6JeP5qyE5L2NIiBEZXNjcmlwdGlvbj0i5pO35Y+W5Zue5oeJ5Lit55qE5omA5pyJ6Zqx6JeP5qyE5L2N77yM5Lim5bCH5a6D5YCR5pS+5Zyo5ris6Kmm5YWn5a655Lit44CCIj4NCiAgICAgICAgICA8UnVsZVBhcmFtZXRlcnM+DQogICAgICAgICAgICA8UnVsZVBhcmFtZXRlciBOYW1lPSJSZXF1aXJlZCIgVmFsdWU9IlRydWUiIC8+DQogICAgICAgICAgICA8UnVsZVBhcmFtZXRlciBOYW1lPSJIdG1sRGVjb2RlIiBWYWx1ZT0iVHJ1ZSIgLz4NCiAgICAgICAgICA8L1J1bGVQYXJhbWV0ZXJzPg0KICAgICAgICA8L0V4dHJhY3Rpb25SdWxlPg0KICAgICAgPC9FeHRyYWN0aW9uUnVsZXM+DQogICAgICA8Q29ycmVsYXRpb25FeHRyYWN0aW9uUnVsZXM+DQogICAgICAgIDxFeHRyYWN0aW9uUnVsZSBDbGFzc25hbWU9Ik1pY3Jvc29mdC5WaXN1YWxTdHVkaW8uVGVzdFRvb2xzLldlYlRlc3RpbmcuUnVsZXMuRXh0cmFjdEZvcm1GaWVsZCwgTWljcm9zb2Z0LlZpc3VhbFN0dWRpby5RdWFsaXR5VG9vbHMuV2ViVGVzdEZyYW1ld29yaywgVmVyc2lvbj0xMC4wLjAuMCwgQ3VsdHVyZT1uZXV0cmFsLCBQdWJsaWNLZXlUb2tlbj1iMDNmNWY3ZjExZDUwYTNhIiBWYXJpYWJsZU5hbWU9IkZvcm1Qb3N0UGFyYW0xNy5idG5BY3Rpb25YIiBEaXNwbGF5TmFtZT0iIiBEZXNjcmlwdGlvbj0iIj4NCiAgICAgICAgICA8UnVsZVBhcmFtZXRlcnM+DQogICAgICAgICAgICA8UnVsZVBhcmFtZXRlciBOYW1lPSJOYW1lIiBWYWx1ZT0iYnRuQWN0aW9uWCIgLz4NCiAgICAgICAgICAgIDxSdWxlUGFyYW1ldGVyIE5hbWU9Ikh0bWxEZWNvZGUiIFZhbHVlPSJUcnVlIiAvPg0KICAgICAgICAgICAgPFJ1bGVQYXJhbWV0ZXIgTmFtZT0iUmVxdWlyZWQiIFZhbHVlPSJGYWxzZSIgLz4NCiAgICAgICAgICAgIDxSdWxlUGFyYW1ldGVyIE5hbWU9IkluZGV4IiBWYWx1ZT0iMCIgLz4NCiAgICAgICAgICA8L1J1bGVQYXJhbWV0ZXJzPg0KICAgICAgICA8L0V4dHJhY3Rpb25SdWxlPg0KICAgICAgICA8RXh0cmFjdGlvblJ1bGUgQ2xhc3NuYW1lPSJNaWNyb3NvZnQuVmlzdWFsU3R1ZGlvLlRlc3RUb29scy5XZWJUZXN0aW5nLlJ1bGVzLkV4dHJhY3RGb3JtRmllbGQsIE1pY3Jvc29mdC5WaXN1YWxTdHVkaW8uUXVhbGl0eVRvb2xzLldlYlRlc3RGcmFtZXdvcmssIFZlcnNpb249MTAuMC4wLjAsIEN1bHR1cmU9bmV1dHJhbCwgUHVibGljS2V5VG9rZW49YjAzZjVmN2YxMWQ1MGEzYSIgVmFyaWFibGVOYW1lPSJGb3JtUG9zdFBhcmFtMTgudHh0T1RFbXBJRCIgRGlzcGxheU5hbWU9IiIgRGVzY3JpcHRpb249IiI+DQogICAgICAgICAgPFJ1bGVQYXJhbWV0ZXJzPg0KICAgICAgICAgICAgPFJ1bGVQYXJhbWV0ZXIgTmFtZT0iTmFtZSIgVmFsdWU9InR4dE9URW1wSUQiIC8+DQogICAgICAgICAgICA8UnVsZVBhcmFtZXRlciBOYW1lPSJIdG1sRGVjb2RlIiBWYWx1ZT0iVHJ1ZSIgLz4NCiAgICAgICAgICAgIDxSdWxlUGFyYW1ldGVyIE5hbWU9IlJlcXVpcmVkIiBWYWx1ZT0iRmFsc2UiIC8+DQogICAgICAgICAgICA8UnVsZVBhcmFtZXRlciBOYW1lPSJJbmRleCIgVmFsdWU9IjAiIC8+DQogICAgICAgICAgPC9SdWxlUGFyYW1ldGVycz4NCiAgICAgICAgPC9FeHRyYWN0aW9uUnVsZT4NCiAgICAgICAgPEV4dHJhY3Rpb25SdWxlIENsYXNzbmFtZT0iTWljcm9zb2Z0LlZpc3VhbFN0dWRpby5UZXN0VG9vbHMuV2ViVGVzdGluZy5SdWxlcy5FeHRyYWN0VGV4dCwgTWljcm9zb2Z0LlZpc3VhbFN0dWRpby5RdWFsaXR5VG9vbHMuV2ViVGVzdEZyYW1ld29yaywgVmVyc2lvbj0xMC4wLjAuMCwgQ3VsdHVyZT1uZXV0cmFsLCBQdWJsaWNLZXlUb2tlbj1iMDNmNWY3ZjExZDUwYTNhIiBWYXJpYWJsZU5hbWU9IkZvcm1Qb3N0UGFyYW0xOS5kZGxRdWVyeUNvbmRpdGlvbnMiIERpc3BsYXlOYW1lPSIiIERlc2NyaXB0aW9uPSIiPg0KICAgICAgICAgIDxSdWxlUGFyYW1ldGVycz4NCiAgICAgICAgICAgIDxSdWxlUGFyYW1ldGVyIE5hbWU9IlN0YXJ0c1dpdGgiIFZhbHVlPSJzJnF1b3Q7OlsmcXVvdDsiIC8+DQogICAgICAgICAgICA8UnVsZVBhcmFtZXRlciBOYW1lPSJFbmRzV2l0aCIgVmFsdWU9IiZxdW90OywmcXVvdDsxJnF1b3Q7IiAvPg0KICAgICAgICAgICAgPFJ1bGVQYXJhbWV0ZXIgTmFtZT0iSW5kZXgiIFZhbHVlPSIwIiAvPg0KICAgICAgICAgICAgPFJ1bGVQYXJhbWV0ZXIgTmFtZT0iSWdub3JlQ2FzZSIgVmFsdWU9IkZhbHNlIiAvPg0KICAgICAgICAgICAgPFJ1bGVQYXJhbWV0ZXIgTmFtZT0iVXNlUmVndWxhckV4cHJlc3Npb24iIFZhbHVlPSJGYWxzZSIgLz4NCiAgICAgICAgICAgIDxSdWxlUGFyYW1ldGVyIE5hbWU9Ikh0bWxEZWNvZGUiIFZhbHVlPSJUcnVlIiAvPg0KICAgICAgICAgICAgPFJ1bGVQYXJhbWV0ZXIgTmFtZT0iUmVxdWlyZWQiIFZhbHVlPSJGYWxzZSIgLz4NCiAgICAgICAgICA8L1J1bGVQYXJhbWV0ZXJzPg0KICAgICAgICA8L0V4dHJhY3Rpb25SdWxlPg0KICAgICAgICA8RXh0cmFjdGlvblJ1bGUgQ2xhc3NuYW1lPSJNaWNyb3NvZnQuVmlzdWFsU3R1ZGlvLlRlc3RUb29scy5XZWJUZXN0aW5nLlJ1bGVzLkV4dHJhY3RUZXh0LCBNaWNyb3NvZnQuVmlzdWFsU3R1ZGlvLlF1YWxpdHlUb29scy5XZWJUZXN0RnJhbWV3b3JrLCBWZXJzaW9uPTEwLjAuMC4wLCBDdWx0dXJlPW5ldXRyYWwsIFB1YmxpY0tleVRva2VuPWIwM2Y1ZjdmMTFkNTBhM2EiIFZhcmlhYmxlTmFtZT0iRm9ybVBvc3RQYXJhbTIwLmRkbE9UU3RhdHVzIiBEaXNwbGF5TmFtZT0iIiBEZXNjcmlwdGlvbj0iIj4NCiAgICAgICAgICA8UnVsZVBhcmFtZXRlcnM+DQogICAgICAgICAgICA8UnVsZVBhcmFtZXRlciBOYW1lPSJTdGFydHNXaXRoIiBWYWx1ZT0icyZxdW90OzpbJnF1b3Q7IiAvPg0KICAgICAgICAgICAgPFJ1bGVQYXJhbWV0ZXIgTmFtZT0iRW5kc1dpdGgiIFZhbHVlPSImcXVvdDssJnF1b3Q7MSZxdW90OyIgLz4NCiAgICAgICAgICAgIDxSdWxlUGFyYW1ldGVyIE5hbWU9IkluZGV4IiBWYWx1ZT0iMCIgLz4NCiAgICAgICAgICAgIDxSdWxlUGFyYW1ldGVyIE5hbWU9Iklnbm9yZUNhc2UiIFZhbHVlPSJGYWxzZSIgLz4NCiAgICAgICAgICAgIDxSdWxlUGFyYW1ldGVyIE5hbWU9IlVzZVJlZ3VsYXJFeHByZXNzaW9uIiBWYWx1ZT0iRmFsc2UiIC8+DQogICAgICAgICAgICA8UnVsZVBhcmFtZXRlciBOYW1lPSJIdG1sRGVjb2RlIiBWYWx1ZT0iVHJ1ZSIgLz4NCiAgICAgICAgICAgIDxSdWxlUGFyYW1ldGVyIE5hbWU9IlJlcXVpcmVkIiBWYWx1ZT0iRmFsc2UiIC8+DQogICAgICAgICAgPC9SdWxlUGFyYW1ldGVycz4NCiAgICAgICAgPC9FeHRyYWN0aW9uUnVsZT4NCiAgICAgIDwvQ29ycmVsYXRpb25FeHRyYWN0aW9uUnVsZXM+DQogICAgICA8Rm9ybVBvc3RIdHRwQm9keT4NCiAgICAgICAgPEZvcm1Qb3N0UGFyYW1ldGVyIE5hbWU9IlRvb2xraXRTY3JpcHRNYW5hZ2VyMV9IaWRkZW5GaWVsZCIgVmFsdWU9Ijs7QWpheENvbnRyb2xUb29sa2l0LCBWZXJzaW9uPTQuMS43LjYwNywgQ3VsdHVyZT1uZXV0cmFsLCBQdWJsaWNLZXlUb2tlbj0yOGYwMWIwZTg0YjZkNTNlOnpoLUhhbnQ6N2I5NWVkMWEtNmEzZi00MWRkLWJjNWItNjNmMzllZGJjNGI0OmRlMWZlYWIyOmZjZjBlOTkzOmYyYzhlNzA4OjcyMGE1MmJmOmY5Y2VjOWJjOjU4OWVhYTMwOjY5ODEyOWNmOmZiOWI0YzU3OmNjYjk2Y2Y5OmE2N2MyNzAwOjg2MTNhZWE3OjMyMDJhNWEyOmFiMDllM2ZlOjg3MTA0YjdjOmJlNmZiMjk4IiBSZWNvcmRlZFZhbHVlPSI7O0FqYXhDb250cm9sVG9vbGtpdCwgVmVyc2lvbj00LjEuNy42MDcsIEN1bHR1cmU9bmV1dHJhbCwgUHVibGljS2V5VG9rZW49MjhmMDFiMGU4NGI2ZDUzZTp6aC1IYW50OjdiOTVlZDFhLTZhM2YtNDFkZC1iYzViLTYzZjM5ZWRiYzRiNDpkZTFmZWFiMjpmY2YwZTk5MzpmMmM4ZTcwODo3MjBhNTJiZjpmOWNlYzliYzo1ODllYWEzMDo2OTgxMjljZjpmYjliNGM1NzpjY2I5NmNmOTphNjdjMjcwMDo4NjEzYWVhNzozMjAyYTVhMjphYjA5ZTNmZTo4NzEwNGI3YzpiZTZmYjI5OCIgQ29ycmVsYXRpb25CaW5kaW5nPSIiIFVybEVuY29kZT0iVHJ1ZSIgLz4NCiAgICAgICAgPEZvcm1Qb3N0UGFyYW1ldGVyIE5hbWU9Il9fRVZFTlRUQVJHRVQiIFZhbHVlPSJ7eyRISURERU4xLl9fRVZFTlRUQVJHRVR9fSIgUmVjb3JkZWRWYWx1ZT0iIiBDb3JyZWxhdGlvbkJpbmRpbmc9IiIgVXJsRW5jb2RlPSJUcnVlIiAvPg0KICAgICAgICA8Rm9ybVBvc3RQYXJhbWV0ZXIgTmFtZT0iX19FVkVOVEFSR1VNRU5UIiBWYWx1ZT0ie3skSElEREVOMS5fX0VWRU5UQVJHVU1FTlR9fSIgUmVjb3JkZWRWYWx1ZT0iIiBDb3JyZWxhdGlvbkJpbmRpbmc9IiIgVXJsRW5jb2RlPSJUcnVlIiAvPg0KICAgICAgICA8Rm9ybVBvc3RQYXJhbWV0ZXIgTmFtZT0iX19MQVNURk9DVVMiIFZhbHVlPSJ7eyRISURERU4xLl9fTEFTVEZPQ1VTfX0iIFJlY29yZGVkVmFsdWU9IiIgQ29ycmVsYXRpb25CaW5kaW5nPSIiIFVybEVuY29kZT0iVHJ1ZSIgLz4NCiAgICAgICAgPEZvcm1Qb3N0UGFyYW1ldGVyIE5hbWU9Il9fVlNUQVRFIiBWYWx1ZT0ie3skSElEREVOMS5fX1ZTVEFURX19IiBSZWNvcmRlZFZhbHVlPSJBUitMQ0FBQUFBQUFCQUN0VjkxekUxVVVUNVp1R3RLUEZHeGlSZDFkSHB4dHA2UmtrNmdEdFE4a0tUWWpKZGdHSGl4TVpwdDd1MW03M2Mxa2IwdmpFejRVRkhHQW9laGdaNXh4UmdGQkhCMWZLaktPZjRJUFB2ak1rTFI5OGsvQWUvY2oyU1pMQmtxMzArVG1uSFBQNzN6ZnZVKzl3UUV2N1pPV0prVlpEYjQzN09tbWZLR0FQNXRMYVF1bFRMb3pteHNuMzc1c0xpMGlpTDl5OGdMc3p1YW1rWWdXOVpQaUF1ekNOQTJKQ21GZzhkeXlta243YlFHOE9LNlZGMDVtQThjVjdYeEsxQ0ZtVWsveEV3UkJPaUFjaWNjRTRaMjNFNGxnT016NDByQ0VNbW42QUIrTlJ0OFhvdndoWXhGMUxKajkyYkpFVkoyUWRZU1hJZ2FqS1o1bmV2T25SQWxtZElKMlFwT0tUTWdpZkxnSXk1VnBWSlpWeWFEN1RNZG8zL1NwaWVRSEFuUFFranUyaUxSanBaSlNHVitZaFlEUVVycWVVa1JkbHhqZWtpRXhRdmgvdWxEV0ZPV1Vwc3RJMXRTc2lsY29LUmJtSlNaZ3VrQXNoRXlYdzFiNlhxOE9GVmhBWERvem5jdWNUT1c0QW80R3g1MHZRcFhMSnFJanAwdVdQNXlzYzZxR09IVlJVVGpVeW9ZSzNzZnpIRlFCSitxRVdlY2Rrbld5YTVCc3NFazhQMlNKMlJRbmNMdzljTHdkY053Rk9ONEtISGNGanJVSGpyVURqcmtBeDFxQlk2N0FRbnRnb1FWNDBOaHRibTY3ZDlES2NFTmtycXd0Y0hCaWFuSTZuY3huY2xQcGtSa3dxNTBibVRFRTVFOUVVaitrUk00Ui9XWElXUnZIbkVCRGhobW0rMFAxR0FpT0dEamNJeVkrMjdrVzMrem9DZHVqMXdCNUJrUzdDTGJMWEd2aUhBYmJpY09rTmtJdUpydlVnRXM5dXZjR2VRaG9XanV2TnFNYVRqc0NhcmpmOE5SWW1SNCtYbDE5dkhxQjU0WWIwc044aEsvL0pJT1NCTUhGZWxOT2NBaTYrR01LeGR5RTRrMUNjVGVoUkpOUXdpbmtGZ1hENEJjbzN5eW53RG5FZmF6SjZ2UHVTRVE1alZRVHRtVktVMkJLQTNDTVQwUjVUc1RGNHJDWUc4dldseThNRXJkQTRrNlF1QTBTM3gyUW1BVVNjNExFYkpEWTdvQUlGb2pnQkJGc0VHRjNRQ3dNSjBTVU53QmM5VnREcXpGeDhCQWtUWnd0QTFqbVppdk9VOGR4RGpnbXMyUEUxTHVlWXpyeHlqZzEvZmFyQUJPMHoyQ0l4SndvNlZLWW92WUVRYmdmZndiREZEN3ZUOGhTRVNXMTVXUVppdlBqcWppclFGQUVZV29PUzNWUVhrT3E4NHlzeTVoUkJJQ2lEVXBIRGk0amVtRHoxczJOYXhlZnJELzQ3OUdWemZ0ZmJOejlzdnJueXVNTHQ3SGNXMFNPN2FHN2E3K3NiLzU2YmV2eWhjM3ZybUQ2a0VVUFBubjRzSHA1YmZPM1M3V0gxN0FleklwWXJCQm1FZnJOOWRxTmIycVhQdDlZdmJ0eDV6b1dPQnkwRENOTzlBRVE5czRCU3JDSlBrSU1odjFNTDM3cEVzK0l5aUk4TGtNRjBCMGtKVXdQb1JLelRhS2ZFRW0vTWwzNWc0U1YxQlpWSURHZDlSajBoYWg5RWZ4Z3g3WSt4YVpjSWovQzVpdFZwTW42RU9YeG1aeis0VDJVSkJtVzBZWTViSzlwQUJ0c1lMSjlFcnR2RnhBNmQ0NGdSQ09iWDkzYld2bHA0L2JWNm1jLzRnRGJDSUlUSVc1SDEyOUZGNE1GR3ZXSklYdTJUYjg2cnJjVk4rVDFZTTNlcHVBRUdpVytjMjJkRFcyeGw5ZTIxOWJXNVRqZmRxN3VYYU5pS2FPaFNOc0ZjTW1SZXdGNTZ4WVIzVjNCejluRGs1Tm5Ed1BBQlBMNERsQkd4cjNCODVkOFplMmZ2LzJNUHordUFvdVU3R0FmL092SEtqTDZGQlJCVmxVcVJTeVEwelI4bVNqUmtabXRQNzZ0M2JoOGpxdGVmMVM5ZXIvMjlRKzF0WXU0UDJlMjFtNFo5TnI2eXRhdDc2c3JkNm8vLzI3Mk9ESFBpMzBHcE5jMXRhREloWG42bzlOSVZ2S3A0andlRGpsTmtoUm9UQUZaa1ZGbGtFZkx5THpjSktFa3EvbENjYjdCNVE5eHpYd2dMNUVlTzRhSEREODBDbkF2VTJTTTBEcXFLSkJtbDJBWnlRVlJpWWlLTEtsSGtWWWFYYXFyT3pyYUdFUTc4eEx2REdncW1GVk16M3BSVWRaSGxzaUFHT1A1VVlDVEV2WXhQdGQwN0czSnhnUVpFZHVTTVVIcUQ2ZVYzYjk5TS90S1BZTnNmejF6YktqSWhsODJUZXlyOUpubnl3KzJ0VTEyQ05jOU4rekFjNmVGZmUyRjg4RWVjTThDKzNwVENOK29oNTE5MHhIdkkrVFN2WS95OW9VOTVLKzdmOWpqQWRTb0VhS09vQkdoQWJvSHlIcEpFU3RIVlUyRm8rQi9PN1duOUxVUEFBQT0iIENvcnJlbGF0aW9uQmluZGluZz0iIiBVcmxFbmNvZGU9IlRydWUiIC8+DQogICAgICAgIDxGb3JtUG9zdFBhcmFtZXRlciBOYW1lPSJfX1ZJRVdTVEFURSIgVmFsdWU9Int7JEhJRERFTjEuX19WSUVXU1RBVEV9fSIgUmVjb3JkZWRWYWx1ZT0iIiBDb3JyZWxhdGlvbkJpbmRpbmc9IiIgVXJsRW5jb2RlPSJUcnVlIiAvPg0KICAgICAgICA8Rm9ybVBvc3RQYXJhbWV0ZXIgTmFtZT0iX19TQ1JPTExQT1NJVElPTlgiIFZhbHVlPSJ7eyRISURERU4xLl9fU0NST0xMUE9TSVRJT05YfX0iIFJlY29yZGVkVmFsdWU9IjAiIENvcnJlbGF0aW9uQmluZGluZz0iIiBVcmxFbmNvZGU9IlRydWUiIC8+DQogICAgICAgIDxGb3JtUG9zdFBhcmFtZXRlciBOYW1lPSJfX1NDUk9MTFBPU0lUSU9OWSIgVmFsdWU9Int7JEhJRERFTjEuX19TQ1JPTExQT1NJVElPTll9fSIgUmVjb3JkZWRWYWx1ZT0iMCIgQ29ycmVsYXRpb25CaW5kaW5nPSIiIFVybEVuY29kZT0iVHJ1ZSIgLz4NCiAgICAgICAgPEZvcm1Qb3N0UGFyYW1ldGVyIE5hbWU9Il9fVklFV1NUQVRFRU5DUllQVEVEIiBWYWx1ZT0ie3skSElEREVOMS5fX1ZJRVdTVEFURUVOQ1JZUFRFRH19IiBSZWNvcmRlZFZhbHVlPSIiIENvcnJlbGF0aW9uQmluZGluZz0iIiBVcmxFbmNvZGU9IlRydWUiIC8+DQogICAgICAgIDxGb3JtUG9zdFBhcmFtZXRlciBOYW1lPSJfX0VWRU5UVkFMSURBVElPTiIgVmFsdWU9Int7JEhJRERFTjEuX19FVkVOVFZBTElEQVRJT059fSIgUmVjb3JkZWRWYWx1ZT0idnVCUkszOWhEZnZiVWN5TDhKRXFJU2l0VC93eVk5TjZ0aEZqdWFBcU0rME5ZbEdaT085RWV4aUV4TDVmblROdnZ5WmducDE5UFUxSTVoZm5yTnRaaDY5cm1GVkpsRGJ3cEVkUm9xa0IwdUI3bVV2dmdiZGpTVEwydUF6bnZKZm5VOXNXcTAyVmJWdkFNQ0xHbW9KT2FjaERmRG1lUS9JVW5qSmppeE1BVGVyTUlqWG9kS2owQ3V1WSs2V1ZsNnMyRVc2VldaYXZoUnNyMlBNTkNZbTgzQUNsMW1jY0RqREZsY2Z3eWFyTXZTNzkyK3VJbEgwdjU4YmE4ZWlOeGxkM2kzeVEvSExhRnV2dWQvMFRLR1hVTzVrRXJDaGJTdGlzT1N5Tk0yQ2hGdnk5TFNoWjdqUTdqOWZaUERkRnBFbGZkQ0k1M0hwdm9IalZIMUloWnk3ZFh5R3pHSElQSG9iMTdxeTd2MlZTZnRWVnhTQVVBVkFHT05sU01OUzRKK1c1NERzZ1VNaTg4WjE1dFI0MVBUbHluK1AwWE1rQVZINys5K1YvclFHVWxMMUVyd3ZHclBNK0JoRzJRek1vcVk4UWE5a0FFc3JDeWIweXE1MHFBQm9hTFNKNzdhKzdaL0R4OFZBZ3pYTjVrZHNOMk9PdGFmZjkyd2I5NlEvWHJVQS9lNE5FVjU5alpyOGZFb2tiNGhiNkpNODB5RVRCVW4wM20vR21nUWs3M25VZzkvd2NZUHQvS01WUmN3RCt4UmJzRzE0UHA2b3ZldUZYSXB0QkpkWmd3UFNhalJsejRzY0lTNW44S3dQWjYrajNiazhzbHNIWmN4K0tIVWxCUjBTMkVHZ1pKT3IxSjdUbzRNSUJqMEdDY2dCUEtvdWkvTUJzbWVZTkF1OElCdDlTOTBUSTF5UTl2Q29vQjdBa21WR2crcEZTYjhMMUJWMTF0bzh0cW9NMk5DWEdMaDNMSUZSMDJpOHBhZEFLZkl6VW4zTkJ5MmhlZ2xYWFYxbzYzV1ZJWWozREFjM3RVMnhOUjhyeFNaNTFMbXU4YUhkWHAzUGNXQW9Uc2dlcVg2ajBrQ1Z1VVlJQ1N0WEdtZlBEamFobUhVTndBUEpIcGhJV3R4QndTazN6MTNaY2t5QXlIWUtZR0dERnMwaXYvckJtblpweHJ2cE9nLzErSGxoOUpqa2pmRWZKVjdqQnlzUExqWmNDQVUwWHVlNkVPY3RGc1QvVTZtUTNDZ0N2VnFmY0ptV3R0d1VXTDJpODdBb1dFdVNNNVBHNVZMcStodURCa0hod1lFenc0d0RFSzRuMGhzTFVaVVRwUFU1cnduSm91UzdHUjA2L2kxM0FyNUpTWXJTY210SGRXZm9mRjVnL05panBIZkQvaVRpTGF1RUhNWXRnVUhwb0UyTEhMWDZiby9sbW1BRzFjVGhHQWpwcVVOWGpXUW5tTzBZeTdlTlE1Mm53L2NkUTcyemVYL3FkSmJTQnZyZVdVSm5QRGJJQ29kZk9xUk4wTkpxWFFxOFVjVUk4VlptVDhsZHFkMFMzUUI1Y3U2N3F2K2lweThZPSIgQ29ycmVsYXRpb25CaW5kaW5nPSIiIFVybEVuY29kZT0iVHJ1ZSIgLz4NCiAgICAgICAgPEZvcm1Qb3N0UGFyYW1ldGVyIE5hbWU9IlNjcmVlbldpZHRoIiBWYWx1ZT0ie3skSElEREVOMS5TY3JlZW5XaWR0aH19IiBSZWNvcmRlZFZhbHVlPSIiIENvcnJlbGF0aW9uQmluZGluZz0iIiBVcmxFbmNvZGU9IlRydWUiIC8+DQogICAgICAgIDxGb3JtUG9zdFBhcmFtZXRlciBOYW1lPSJTY3JlZW5IZWlnaHQiIFZhbHVlPSJ7eyRISURERU4xLlNjcmVlbkhlaWdodH19IiBSZWNvcmRlZFZhbHVlPSIiIENvcnJlbGF0aW9uQmluZGluZz0iIiBVcmxFbmNvZGU9IlRydWUiIC8+DQogICAgICAgIDxGb3JtUG9zdFBhcmFtZXRlciBOYW1lPSJidG5RdWVyeSIgVmFsdWU9IuafpeipoiIgUmVjb3JkZWRWYWx1ZT0i5p+l6KmiIiBDb3JyZWxhdGlvbkJpbmRpbmc9Int7Rm9ybVBvc3RQYXJhbTIxLmJ0blF1ZXJ5fX0iIFVybEVuY29kZT0iVHJ1ZSIgLz4NCiAgICAgICAgPEZvcm1Qb3N0UGFyYW1ldGVyIE5hbWU9ImRkbE9yZ0FuZEZsb3ciIFZhbHVlPSIiIFJlY29yZGVkVmFsdWU9IiIgQ29ycmVsYXRpb25CaW5kaW5nPSIiIFVybEVuY29kZT0iVHJ1ZSIgLz4NCiAgICAgICAgPEZvcm1Qb3N0UGFyYW1ldGVyIE5hbWU9ImRkbFF1ZXJ5Q29uZGl0aW9ucyIgVmFsdWU9IjAiIFJlY29yZGVkVmFsdWU9IjAiIENvcnJlbGF0aW9uQmluZGluZz0ie3tGb3JtUG9zdFBhcmFtMjMuZGRsUXVlcnlDb25kaXRpb25zfX0iIFVybEVuY29kZT0iVHJ1ZSIgLz4NCiAgICAgICAgPEZvcm1Qb3N0UGFyYW1ldGVyIE5hbWU9InR4dE9URW1wSUQiIFZhbHVlPSIxMDIxMTkiIFJlY29yZGVkVmFsdWU9IjEwMjExOSIgQ29ycmVsYXRpb25CaW5kaW5nPSJ7e0Zvcm1Qb3N0UGFyYW0yMi50eHRPVEVtcElEfX0iIFVybEVuY29kZT0iVHJ1ZSIgLz4NCiAgICAgICAgPEZvcm1Qb3N0UGFyYW1ldGVyIE5hbWU9InR4dE9URW1wTmFtZSIgVmFsdWU9IiIgUmVjb3JkZWRWYWx1ZT0iIiBDb3JyZWxhdGlvbkJpbmRpbmc9IiIgVXJsRW5jb2RlPSJUcnVlIiAvPg0KICAgICAgICA8Rm9ybVBvc3RQYXJhbWV0ZXIgTmFtZT0idHh0T1RGb3JtTk8iIFZhbHVlPSIiIFJlY29yZGVkVmFsdWU9IiIgQ29ycmVsYXRpb25CaW5kaW5nPSIiIFVybEVuY29kZT0iVHJ1ZSIgLz4NCiAgICAgICAgPEZvcm1Qb3N0UGFyYW1ldGVyIE5hbWU9ImRkbE9UU3RhdHVzIiBWYWx1ZT0iMCIgUmVjb3JkZWRWYWx1ZT0iMCIgQ29ycmVsYXRpb25CaW5kaW5nPSJ7e0Zvcm1Qb3N0UGFyYW0yNC5kZGxPVFN0YXR1c319IiBVcmxFbmNvZGU9IlRydWUiIC8+DQogICAgICAgIDxGb3JtUG9zdFBhcmFtZXRlciBOYW1lPSJ0eHRPVERhdGVCZWdpbiR0eHREYXRlIiBWYWx1ZT0iIiBSZWNvcmRlZFZhbHVlPSIiIENvcnJlbGF0aW9uQmluZGluZz0iIiBVcmxFbmNvZGU9IlRydWUiIC8+DQogICAgICAgIDxGb3JtUG9zdFBhcmFtZXRlciBOYW1lPSJ0eHRPVERhdGVFbmQkdHh0RGF0ZSIgVmFsdWU9IiIgUmVjb3JkZWRWYWx1ZT0iIiBDb3JyZWxhdGlvbkJpbmRpbmc9IiIgVXJsRW5jb2RlPSJUcnVlIiAvPg0KICAgICAgICA8Rm9ybVBvc3RQYXJhbWV0ZXIgTmFtZT0idWNNb2RhbFBvcHVwMSRDbGllbnRXaWR0aCIgVmFsdWU9Int7JEhJRERFTjEudWNNb2RhbFBvcHVwMSRDbGllbnRXaWR0aH19IiBSZWNvcmRlZFZhbHVlPSIwIiBDb3JyZWxhdGlvbkJpbmRpbmc9IiIgVXJsRW5jb2RlPSJUcnVlIiAvPg0KICAgICAgICA8Rm9ybVBvc3RQYXJhbWV0ZXIgTmFtZT0idWNNb2RhbFBvcHVwMSRDbGllbnRIZWlnaHQiIFZhbHVlPSJ7eyRISURERU4xLnVjTW9kYWxQb3B1cDEkQ2xpZW50SGVpZ2h0fX0iIFJlY29yZGVkVmFsdWU9IjAiIENvcnJlbGF0aW9uQmluZGluZz0iIiBVcmxFbmNvZGU9IlRydWUiIC8+DQogICAgICA8L0Zvcm1Qb3N0SHR0cEJvZHk+DQogICAgPC9SZXF1ZXN0Pg0KICAgIDxSZXF1ZXN0IE1ldGhvZD0iUE9TVCIgR3VpZD0iZWZhOTk2ODgtMjkxZi00ODc1LTg2ZmEtOWFhNjgzNWU0NzE3IiBWZXJzaW9uPSIxLjEiIFVybD0iaHR0cDovLzEwLjExLjM2LjExNDo4MDA3L092ZXJUaW1lL092ZXJ0aW1lUHJlT3JkZXIuYXNweCIgVGhpbmtUaW1lPSIwIiBUaW1lb3V0PSIzMDAiIFBhcnNlRGVwZW5kZW50UmVxdWVzdHM9IlRydWUiIEZvbGxvd1JlZGlyZWN0cz0iVHJ1ZSIgUmVjb3JkUmVzdWx0PSJUcnVlIiBDYWNoZT0iRmFsc2UiIFJlc3BvbnNlVGltZUdvYWw9IjAiIEVuY29kaW5nPSJ1dGYtOCIgRXhwZWN0ZWRIdHRwU3RhdHVzQ29kZT0iMCIgRXhwZWN0ZWRSZXNwb25zZVVybD0iIiBSZXBvcnRpbmdOYW1lPSIiIElnbm9yZUh0dHBTdGF0dXNDb2RlPSJGYWxzZSI+DQogICAgICA8RXh0cmFjdGlvblJ1bGVzPg0KICAgICAgICA8RXh0cmFjdGlvblJ1bGUgQ2xhc3NuYW1lPSJNaWNyb3NvZnQuVmlzdWFsU3R1ZGlvLlRlc3RUb29scy5XZWJUZXN0aW5nLlJ1bGVzLkV4dHJhY3RIaWRkZW5GaWVsZHMsIE1pY3Jvc29mdC5WaXN1YWxTdHVkaW8uUXVhbGl0eVRvb2xzLldlYlRlc3RGcmFtZXdvcmssIFZlcnNpb249MTAuMC4wLjAsIEN1bHR1cmU9bmV1dHJhbCwgUHVibGljS2V5VG9rZW49YjAzZjVmN2YxMWQ1MGEzYSIgVmFyaWFibGVOYW1lPSIxIiBEaXNwbGF5TmFtZT0i5pO35Y+W6Zqx6JeP5qyE5L2NIiBEZXNjcmlwdGlvbj0i5pO35Y+W5Zue5oeJ5Lit55qE5omA5pyJ6Zqx6JeP5qyE5L2N77yM5Lim5bCH5a6D5YCR5pS+5Zyo5ris6Kmm5YWn5a655Lit44CCIj4NCiAgICAgICAgICA8UnVsZVBhcmFtZXRlcnM+DQogICAgICAgICAgICA8UnVsZVBhcmFtZXRlciBOYW1lPSJSZXF1aXJlZCIgVmFsdWU9IlRydWUiIC8+DQogICAgICAgICAgICA8UnVsZVBhcmFtZXRlciBOYW1lPSJIdG1sRGVjb2RlIiBWYWx1ZT0iVHJ1ZSIgLz4NCiAgICAgICAgICA8L1J1bGVQYXJhbWV0ZXJzPg0KICAgICAgICA8L0V4dHJhY3Rpb25SdWxlPg0KICAgICAgPC9FeHRyYWN0aW9uUnVsZXM+DQogICAgICA8Q29ycmVsYXRpb25FeHRyYWN0aW9uUnVsZXM+DQogICAgICAgIDxFeHRyYWN0aW9uUnVsZSBDbGFzc25hbWU9Ik1pY3Jvc29mdC5WaXN1YWxTdHVkaW8uVGVzdFRvb2xzLldlYlRlc3RpbmcuUnVsZXMuRXh0cmFjdEZvcm1GaWVsZCwgTWljcm9zb2Z0LlZpc3VhbFN0dWRpby5RdWFsaXR5VG9vbHMuV2ViVGVzdEZyYW1ld29yaywgVmVyc2lvbj0xMC4wLjAuMCwgQ3VsdHVyZT1uZXV0cmFsLCBQdWJsaWNLZXlUb2tlbj1iMDNmNWY3ZjExZDUwYTNhIiBWYXJpYWJsZU5hbWU9IkZvcm1Qb3N0UGFyYW0xMy5idG5RdWVyeSIgRGlzcGxheU5hbWU9IiIgRGVzY3JpcHRpb249IiI+DQogICAgICAgICAgPFJ1bGVQYXJhbWV0ZXJzPg0KICAgICAgICAgICAgPFJ1bGVQYXJhbWV0ZXIgTmFtZT0iTmFtZSIgVmFsdWU9ImJ0blF1ZXJ5IiAvPg0KICAgICAgICAgICAgPFJ1bGVQYXJhbWV0ZXIgTmFtZT0iSHRtbERlY29kZSIgVmFsdWU9IlRydWUiIC8+DQogICAgICAgICAgICA8UnVsZVBhcmFtZXRlciBOYW1lPSJSZXF1aXJlZCIgVmFsdWU9IkZhbHNlIiAvPg0KICAgICAgICAgICAgPFJ1bGVQYXJhbWV0ZXIgTmFtZT0iSW5kZXgiIFZhbHVlPSIwIiAvPg0KICAgICAgICAgIDwvUnVsZVBhcmFtZXRlcnM+DQogICAgICAgIDwvRXh0cmFjdGlvblJ1bGU+DQogICAgICAgIDxFeHRyYWN0aW9uUnVsZSBDbGFzc25hbWU9Ik1pY3Jvc29mdC5WaXN1YWxTdHVkaW8uVGVzdFRvb2xzLldlYlRlc3RpbmcuUnVsZXMuRXh0cmFjdEZvcm1GaWVsZCwgTWljcm9zb2Z0LlZpc3VhbFN0dWRpby5RdWFsaXR5VG9vbHMuV2ViVGVzdEZyYW1ld29yaywgVmVyc2lvbj0xMC4wLjAuMCwgQ3VsdHVyZT1uZXV0cmFsLCBQdWJsaWNLZXlUb2tlbj1iMDNmNWY3ZjExZDUwYTNhIiBWYXJpYWJsZU5hbWU9IkZvcm1Qb3N0UGFyYW0xNC50eHRPVEVtcElEIiBEaXNwbGF5TmFtZT0iIiBEZXNjcmlwdGlvbj0iIj4NCiAgICAgICAgICA8UnVsZVBhcmFtZXRlcnM+DQogICAgICAgICAgICA8UnVsZVBhcmFtZXRlciBOYW1lPSJOYW1lIiBWYWx1ZT0idHh0T1RFbXBJRCIgLz4NCiAgICAgICAgICAgIDxSdWxlUGFyYW1ldGVyIE5hbWU9Ikh0bWxEZWNvZGUiIFZhbHVlPSJUcnVlIiAvPg0KICAgICAgICAgICAgPFJ1bGVQYXJhbWV0ZXIgTmFtZT0iUmVxdWlyZWQiIFZhbHVlPSJGYWxzZSIgLz4NCiAgICAgICAgICAgIDxSdWxlUGFyYW1ldGVyIE5hbWU9IkluZGV4IiBWYWx1ZT0iMCIgLz4NCiAgICAgICAgICA8L1J1bGVQYXJhbWV0ZXJzPg0KICAgICAgICA8L0V4dHJhY3Rpb25SdWxlPg0KICAgICAgICA8RXh0cmFjdGlvblJ1bGUgQ2xhc3NuYW1lPSJNaWNyb3NvZnQuVmlzdWFsU3R1ZGlvLlRlc3RUb29scy5XZWJUZXN0aW5nLlJ1bGVzLkV4dHJhY3RUZXh0LCBNaWNyb3NvZnQuVmlzdWFsU3R1ZGlvLlF1YWxpdHlUb29scy5XZWJUZXN0RnJhbWV3b3JrLCBWZXJzaW9uPTEwLjAuMC4wLCBDdWx0dXJlPW5ldXRyYWwsIFB1YmxpY0tleVRva2VuPWIwM2Y1ZjdmMTFkNTBhM2EiIFZhcmlhYmxlTmFtZT0iRm9ybVBvc3RQYXJhbTE1LmRkbFF1ZXJ5Q29uZGl0aW9ucyIgRGlzcGxheU5hbWU9IiIgRGVzY3JpcHRpb249IiI+DQogICAgICAgICAgPFJ1bGVQYXJhbWV0ZXJzPg0KICAgICAgICAgICAgPFJ1bGVQYXJhbWV0ZXIgTmFtZT0iU3RhcnRzV2l0aCIgVmFsdWU9InMmcXVvdDs6WyZxdW90OyIgLz4NCiAgICAgICAgICAgIDxSdWxlUGFyYW1ldGVyIE5hbWU9IkVuZHNXaXRoIiBWYWx1ZT0iJnF1b3Q7LCZxdW90OzEmcXVvdDsiIC8+DQogICAgICAgICAgICA8UnVsZVBhcmFtZXRlciBOYW1lPSJJbmRleCIgVmFsdWU9IjAiIC8+DQogICAgICAgICAgICA8UnVsZVBhcmFtZXRlciBOYW1lPSJJZ25vcmVDYXNlIiBWYWx1ZT0iRmFsc2UiIC8+DQogICAgICAgICAgICA8UnVsZVBhcmFtZXRlciBOYW1lPSJVc2VSZWd1bGFyRXhwcmVzc2lvbiIgVmFsdWU9IkZhbHNlIiAvPg0KICAgICAgICAgICAgPFJ1bGVQYXJhbWV0ZXIgTmFtZT0iSHRtbERlY29kZSIgVmFsdWU9IlRydWUiIC8+DQogICAgICAgICAgICA8UnVsZVBhcmFtZXRlciBOYW1lPSJSZXF1aXJlZCIgVmFsdWU9IkZhbHNlIiAvPg0KICAgICAgICAgIDwvUnVsZVBhcmFtZXRlcnM+DQogICAgICAgIDwvRXh0cmFjdGlvblJ1bGU+DQogICAgICAgIDxFeHRyYWN0aW9uUnVsZSBDbGFzc25hbWU9Ik1pY3Jvc29mdC5WaXN1YWxTdHVkaW8uVGVzdFRvb2xzLldlYlRlc3RpbmcuUnVsZXMuRXh0cmFjdFRleHQsIE1pY3Jvc29mdC5WaXN1YWxTdHVkaW8uUXVhbGl0eVRvb2xzLldlYlRlc3RGcmFtZXdvcmssIFZlcnNpb249MTAuMC4wLjAsIEN1bHR1cmU9bmV1dHJhbCwgUHVibGljS2V5VG9rZW49YjAzZjVmN2YxMWQ1MGEzYSIgVmFyaWFibGVOYW1lPSJGb3JtUG9zdFBhcmFtMTYuZGRsT1RTdGF0dXMiIERpc3BsYXlOYW1lPSIiIERlc2NyaXB0aW9uPSIiPg0KICAgICAgICAgIDxSdWxlUGFyYW1ldGVycz4NCiAgICAgICAgICAgIDxSdWxlUGFyYW1ldGVyIE5hbWU9IlN0YXJ0c1dpdGgiIFZhbHVlPSJzJnF1b3Q7OlsmcXVvdDsiIC8+DQogICAgICAgICAgICA8UnVsZVBhcmFtZXRlciBOYW1lPSJFbmRzV2l0aCIgVmFsdWU9IiZxdW90OywmcXVvdDsxJnF1b3Q7IiAvPg0KICAgICAgICAgICAgPFJ1bGVQYXJhbWV0ZXIgTmFtZT0iSW5kZXgiIFZhbHVlPSIwIiAvPg0KICAgICAgICAgICAgPFJ1bGVQYXJhbWV0ZXIgTmFtZT0iSWdub3JlQ2FzZSIgVmFsdWU9IkZhbHNlIiAvPg0KICAgICAgICAgICAgPFJ1bGVQYXJhbWV0ZXIgTmFtZT0iVXNlUmVndWxhckV4cHJlc3Npb24iIFZhbHVlPSJGYWxzZSIgLz4NCiAgICAgICAgICAgIDxSdWxlUGFyYW1ldGVyIE5hbWU9Ikh0bWxEZWNvZGUiIFZhbHVlPSJUcnVlIiAvPg0KICAgICAgICAgICAgPFJ1bGVQYXJhbWV0ZXIgTmFtZT0iUmVxdWlyZWQiIFZhbHVlPSJGYWxzZSIgLz4NCiAgICAgICAgICA8L1J1bGVQYXJhbWV0ZXJzPg0KICAgICAgICA8L0V4dHJhY3Rpb25SdWxlPg0KICAgICAgPC9Db3JyZWxhdGlvbkV4dHJhY3Rpb25SdWxlcz4NCiAgICAgIDxGb3JtUG9zdEh0dHBCb2R5Pg0KICAgICAgICA8Rm9ybVBvc3RQYXJhbWV0ZXIgTmFtZT0iVG9vbGtpdFNjcmlwdE1hbmFnZXIxX0hpZGRlbkZpZWxkIiBWYWx1ZT0iOztBamF4Q29udHJvbFRvb2xraXQsIFZlcnNpb249NC4xLjcuNjA3LCBDdWx0dXJlPW5ldXRyYWwsIFB1YmxpY0tleVRva2VuPTI4ZjAxYjBlODRiNmQ1M2U6emgtSGFudDo3Yjk1ZWQxYS02YTNmLTQxZGQtYmM1Yi02M2YzOWVkYmM0YjQ6ZGUxZmVhYjI6ZmNmMGU5OTM6ZjJjOGU3MDg6NzIwYTUyYmY6ZjljZWM5YmM6NTg5ZWFhMzA6Njk4MTI5Y2Y6ZmI5YjRjNTc6Y2NiOTZjZjk6YTY3YzI3MDA6ODYxM2FlYTc6MzIwMmE1YTI6YWIwOWUzZmU6ODcxMDRiN2M6YmU2ZmIyOTgiIFJlY29yZGVkVmFsdWU9Ijs7QWpheENvbnRyb2xUb29sa2l0LCBWZXJzaW9uPTQuMS43LjYwNywgQ3VsdHVyZT1uZXV0cmFsLCBQdWJsaWNLZXlUb2tlbj0yOGYwMWIwZTg0YjZkNTNlOnpoLUhhbnQ6N2I5NWVkMWEtNmEzZi00MWRkLWJjNWItNjNmMzllZGJjNGI0OmRlMWZlYWIyOmZjZjBlOTkzOmYyYzhlNzA4OjcyMGE1MmJmOmY5Y2VjOWJjOjU4OWVhYTMwOjY5ODEyOWNmOmZiOWI0YzU3OmNjYjk2Y2Y5OmE2N2MyNzAwOjg2MTNhZWE3OjMyMDJhNWEyOmFiMDllM2ZlOjg3MTA0YjdjOmJlNmZiMjk4IiBDb3JyZWxhdGlvbkJpbmRpbmc9IiIgVXJsRW5jb2RlPSJUcnVlIiAvPg0KICAgICAgICA8Rm9ybVBvc3RQYXJhbWV0ZXIgTmFtZT0iX19FVkVOVFRBUkdFVCIgVmFsdWU9Int7JEhJRERFTjEuX19FVkVOVFRBUkdFVH19IiBSZWNvcmRlZFZhbHVlPSIiIENvcnJlbGF0aW9uQmluZGluZz0iIiBVcmxFbmNvZGU9IlRydWUiIC8+DQogICAgICAgIDxGb3JtUG9zdFBhcmFtZXRlciBOYW1lPSJfX0VWRU5UQVJHVU1FTlQiIFZhbHVlPSJ7eyRISURERU4xLl9fRVZFTlRBUkdVTUVOVH19IiBSZWNvcmRlZFZhbHVlPSIiIENvcnJlbGF0aW9uQmluZGluZz0iIiBVcmxFbmNvZGU9IlRydWUiIC8+DQogICAgICAgIDxGb3JtUG9zdFBhcmFtZXRlciBOYW1lPSJfX0xBU1RGT0NVUyIgVmFsdWU9Int7JEhJRERFTjEuX19MQVNURk9DVVN9fSIgUmVjb3JkZWRWYWx1ZT0iIiBDb3JyZWxhdGlvbkJpbmRpbmc9IiIgVXJsRW5jb2RlPSJUcnVlIiAvPg0KICAgICAgICA8Rm9ybVBvc3RQYXJhbWV0ZXIgTmFtZT0iX19WU1RBVEUiIFZhbHVlPSJ7eyRISURERU4xLl9fVlNUQVRFfX0iIFJlY29yZGVkVmFsdWU9IkFSK0xDQUFBQUFBQUJBRGRuZTF6RThjZHgyMWh5Y1kyR0JLc2tJZEtvaVVSRkd6ZjN2UGh1QzIySWJnQlJMQkMyeENxbm5XSGZQVlo1MHBud0gzQjBKbVMwRFNaa0FsSlN1aDBKak41VHNta3c3UkRTWnJwSDlBWGZkRVhmWjJKYlB5cWYwSzdkeWRadDliNlFXdXlhZFlNOW1sMzczNzcrKzd1Wjc4KzYrRy9yVDA3STlGRUxqZmlGTjJTWTVkUG1yK1l0VXJtQ2Fmc0R1djVxU2ZOdVZ3dTNoWHRMWnc3cGx2RjNYblg1c0R1a1VrelAzWFF0cVB4ZXJFazdjNVBUbzFNT2s3WkRKZHJ3Z3JsSzdXWFZ5aFhWaWhYVnlqWFF1VVAxTXNCeDYxVUFWYXE0RU1Wc2FDaTUvRjlMZDJiWXIyZEhabnNpRE05TXpiYW5za2U4bjdHTXRsUjNUWGhqNncxYlhabnN1T3U3czZXait2VFpoY3NjMXpkOWlwZzgreUY0dGhvUjYwQlBEanNsS2FQWnpvUDI4NzVFYjFzd212dTJOZGl3ditkMGRqNGlTUERUNEpvRFBZR0FDM2F5M05BR2VDa0FRQXUxZytqWFJ4M2dPTXVjZ0IrajhZcVZ6NWN2UDcybnIybngrZktyam5kUDJybXJXbmQzcCthTHVlZGttMU43RStkTWt0bHl5a09pZjJjOTI5L2FtVFdkbWRMNWxEUm5IVkxYdHNUc3hPMmxZY1RJZXRNbWNXaENVWFJwYndrQTAwUVRVN1ZOb0YrTGhvUGVoZjB6ZXNPSjNrUG9xMVNkTnZTdzJyMXh2UFoxN1pLVUFFTnlsTUpLcUpCQlNwQkpUU29TQ1dvakFhVnFBUlYwS0F5bGFBcUdsU2hFbFJEZzZvMGdnSU9EYXBSQ1FxUW9KQU9OSUtpUkFKVWlBUlFJZ0VxUkFJb2tRQVZJZ0dVU0lBS2tRQktKRUNGU0FBbEVxQkNKSUFTQ1ZBaEVrQ0p4Rk5acHp4S0pKN0s3T1ZSSXZGVVppK1BFb21uTW50NWxFZzhsZG5MbzBUaXFjeGVIaVVTVDJVLzVWRWlDVlNBejZORUV1Z3NHWlJJQXAwbGd4SkpvTEprQkpSSUFwVWxJNkJFRXFnc0dRRWxra0JseVFnb2tRUXFGbFJBaVNSUzJkb0VsRWdpRlFzcW9FUVNxUkJKUUlra1VpR1NnQkpKcEVJa0FTV1NTSVZJSWtva2tRcVJSSlJJSWhVaWlTaVJSQ3BFRWxFaWlWU0lKS0pFa3FnUVNVU0pKRkVoa29nU1NhSkNKQkVsa2tTRlNDSktKSWtLa1VTVVNCSVZJa2tva1NRcVJKSlFJa2xVaUNTaFJKS29FRWxDaVNSUklaS0VFa25lT0pIbTMveW9jdk4zcXdlRlJBTDNOT2g2TWtXSkpGUEJvSVFTU2FhQ1FRa2xra3dGZ3hKS0pKa0tCbVdVU0RJVkRNb29rV1FxR0pSUklzbFVNQ2lqUkpLcFlGQmVSaVFxR0pSUmo2UlFJWktNRWttaFFpUVpKWkpDaFVneVNpU0ZDcEZrbEVnS0ZTSXBLSkVVS2tSU1VDSXBWSWlrb0VSU3FCQkpRWW1rVUNHU2doSkpvVUlrQlNXU1NvVklDa29rbFFxUkZKUklLaFVpS1NpUlZDcEVVbEFpcVZTSXBLSkVVcWtRU1VXSnBGSWhrb29TU2FWQ0pCVWxra29GRGlwS0pJMEtIRlNVU0JvVk9LZ29rVFFxY0ZCUkltbFU0S0NpUk5Mb3dBRWxra1lGRGhwS0pJM0tPdFZRSW1sVW5JT0dFa2xiRHh6RUFiNFcxRHNNZ3NvWDRYZllnOURkRmE0ZllJSjZmL29CeU4wVnNKNU1WdzlhejNUbG9NdWVlVVVuVXdISmxGK0JTUEEzQVVuZFNGRC9BdUZNYTBGOXRkZVZLWkF2MWc5aFVPQlBKSDVkZDh4RStOdC82STZaNlAwbGswcFFHYzEwUGV6ZGVGQUZIVk02UVZVa3FMQ2UvWFRqUVRVMDZJcXpsMU0zRk5TL1FDMW9HQTdoMmRzUmFUVjZvcDF3citPOXV5R2kyQk9QSjJLajVvdzdOaHA5S00xeDNCT0FTKy8zRDdqUVFlSytUS25nUFovOXFGVjI0YUZlaE8wajZYUmlhKzZFWGpESHl0NVQzbzg2aGNsRWI3WGdxVm16TkRmdWxxeGl3UytQQmMrdXIyV2MyRlZ0ZDNEV2RRN096Tmh6aDZZblRNTXJHeW1YUjJ5OVhDNGswdFUyM2hQMVhmaC9QRjl5YlB1RVU3WmN5eWxtaXJWWE54UVNuVUVLWGcvTlJGZW9yOUVQdDVaTjI4eTdxZEd4OGV6WThaRnNLcStYelZUcS9LUlpUR1ZFcnYvcG1XbytLYXVjS2pwdXFqaHIyeW0zc2RxMDRYbnBkTW9zR2ltOTdGVXUxZTIzeXQ1WmU3d1Rha1hwOU41cXMxcEpPTEN3ZW1CaHRjQUNKckRRR0ZqQUJ1WlhEOHl2RnBqSEJPWWJBL1BZd0dEMXdLQWg4QjcvN09Ea1ZjL2RVeDNoZXBPekpXYzZaUjQ1ZVd4OGREZzNsajA1Mm4vYW1IRE85Si8yRzFpLzFMMzU0MDJSTTk3MVMyYXFldUpRT05CZXZ4dEIrbnVYTkFBaERVTHBlVjFjT2JtRzNHcnFBVlM5ZXBBVlFxeW00R29qMXpod29RN1hCZzRXcmRJSTAyWE1ITURNUi96YThMNjhvS1BPK2VMeXFIN1NJVUg5OU91WitrZEJobDljdS9iRnRVdnAxTDU2NjMzcHZ2VFNRKy9WT3A0SW1ONEg3VUNvSVNhZm9CR1BheVFzYXlUZ0dvbkxHb25oUmpnVi9BNDNNWDB6S2RzODY2Wis3bGpGOVo0aGNpbkhtMDJ3THljZDJ4eHhESE1vTFhMcGxBNG5TNmpIcWFITTBtSFRRWVJxRUNFY1JLZ0ZFZTVORUw0YWhBOEg0V3RCK0hzVEJGU0RnSEFRVUFzQzdrMlFhb3h3Q0M3dEI4QmV2d3F0T25FZ0JMMUZuQ2taWmlrMU1SZmVkVUw3UUlqTUljUXNyZnBVb2gwZStidG1SODBLSkhwcWU3RHA2bG05VUM3RUk1Rk5QVVo4Qi96ZUU0L0EvZjZvVlpoMGg1MEx3eVZUbnpwVTFDZHMwNWcwNHBHenNGVmJwTlZ2MVg3S0tsdXdZdEl3SWxHL3BDMXJYbkNqTys5ZWYyM2g2bk5mM3I3NW44OWV2UHZSYnhmZWY2bnkrZVV2THIwTDJ6M3F0VXR1aVhiUGYzTDc3cCt1THI1dzZlNWJMOEx5dmRYeW5pL3YzS204Y09QdXJlZm43MXlGMTRGVmZkV3FYbGpsbGI5MmUvN1ZOK2VmLzgzQ3RmY1gzbnNGTmhqb3FYYk1TMktiWWNSYnp4b1JVQ3VNZVlVOThZN0UxbEhkMVUvcDlxeDUyREp0STlybURVbGlpMWZxZFRzbzdQQUt2ZldhNk1ydDhxcUduZG1pVVVpMEwybXdyVGV5dlE5K3djUVdmd1c3OHJ6M0lCNVlxcjVsdmUrTnRNU0NtaDM3TmtVS0JiOW5VYjg3eWExQkI1STk5WmpKYllYazluc1FvWjA4QXVENjdyNys0ZUxsUHk2OCszTGx5Z2RRNEZvRUVJNGcxTlR0cUtvTGczWFc1eWNNdVFXaDMxTGMxc2E0dmEwdDhNcXR5OFRwckU5eDhxdTExNi9HYi94cW0ydFg2d3J0YitTWFUvd1pHL0VYbExmc091R1U4MTZjNnJsdTNZMTJ6OEd2WndlT0hYdDJ3REFTbmJseFZ5KzUvb3RYVy81dXZYampYLy9zU0hUa0RoV05hdEZ3Vy9MbXZ6dmdKY2JLSjAzZHlCVHR1VW5ZSU9zNGR0YWFpZmFkWHZ6MEQvT3Z2bkFtVlhubHM4ckxIODIvOGM3OGplZmcrank5ZU9PNlh6NS8rL0xpOWJjcmw5K3JmUHpYWUkxNzNXdUZPUnZlV25lS2VkdktUMFdmZWRxMTdOekk1QlNFUTlZcEZHelRwNEJsVys3Y25yUjd3UTFlWVR0c0ZxeGlMajg1VmE5TjcwOHRyemVzYzk0YU93Z2hrOTQ3YU1DMUhQRXdFaTI3YzdZWlRaNHpTNjZWMSswKzNiWUt4UU91TXpONGJ1bHlCd2JySUNMTEVwN1o2UlNOQ1R2SWJLczdhWlg3ejNtQUdFcW5CdzA0S1BGWUlvWWRqczBObzNIRVF3UXlHRWU4K1FlSE5Ya2Zlbkx5L3FVUlRPNVlHcmxrNzJReXZ0RmhTajRRUGJXKzhZRjlYV1YwdkZyODJDUjNybnRZa2c4MlBSN0poL0Nqa0h4NG1ZU1BMTW1lL0ZaSWI4MTc1ZmYyVFMwOThUYTRERDJFajdubTlBaEV1QnN4amRadDhSYnZYemY4TGIwbHdOYy9XdjIrdGlVMmU3OXlqamkyVStyTUpkcHl1OGFISXgxR1BINTJTVjNZT2JpcUF4bUNzbUJYYWdXR0VleWE4RUhENjZsOXdYclBPeVdqYjhMYlNRLzQzNkZ3TnN5c3JYcFc5UjVkYlJmMVNvS3pZVW1zV3RKZStmVDF6TUxuSHhqQnBBcE91L3lYTHo5OUhaWjAxSFpJN0sxUHd5TlgwQ0I4RXhRV2QxYUx2VnNPOEdGWDdjS1BGU2ZLTTROK3FwNlN5YzVjTXJWZU9YaXNIRHdUY214cVhnNEJLNGZBaEJ4dHpjc2hZdVVRdjNvNXVoY3Z2MVM1ZXFYeXlaWDV0NjU4bGFKRW14ZEZ3b29pTVNSS3JIbFJaS3dvTWtPaXREY3Zpb0lWUldGSWxJN21SVkd4b3FnTWliSzVlVkUwckNnYVE2SjBOaTFLQkhBNFZXcHZiOEdFS2wwRXFtQWRMS0RnWUttcDBrMmdDdGJJQWdwR2xwb3FXd2hVd2ZwWlFNSFBVbE5sSzRFcVdGc0xXTEsxUFFTcVlIMHRZTW5YYmlOUUJXdHNBVXZHZGp1QktsaG5DMWh5dHZjUnFJSzF0anhMZnVWK0FsV3czcFpuYVEvYTBid3FQTmJiOGl6dFFiMEVxbUM5TGMvU0hoUW5VQVhyYlhtVzlxQUhDRlRCZWx1ZXBUMW9KNEVxV0cvTHMzUjc1VUVDVmJEZVZtRHB0OE9IQ0ZUQmVsdUJwWjM1WVFKVnNONVdZR2xuZm9SQUZheTNGVmphbWI5Rm9Bclcyd29zN2N5SjVsVVJzTjVXWUdsblRoS29ndlcyQWtzN2M0cEFGYXkzRlZqNnk4Y3VBbFd3M2xaazZVN0N0d2xVd1hwYmthVy9mSHlIUUJXc3R4Vlo4cmE3Q1ZUQmVsdVJKVy83S0lFcVdHOHJzdVJ0SHlOUUJldHRSWmE4YlpwQUZheTNGVm55dG51YVYwWEVlbHVSSlcrN2wwQVZyTGNWV2ZLMjN5VlFCZXR0UlphODdUNENWYkRlVm1MSjIrNG5VQVhyYlNXV3ZHMGZnU3BZYnl1eDVHMzdDVlRCZWx1SkpXODdRS0FLMXR0S0xIbGJqa0FWckxlVldQSzJnRUFWckxlVldQSzJmUE9xU0Zodks3SGtiUVVDVmJEZVZtTEoyNG9FcW1DOXJjU1N0NVVJVk1GNlc1a2xieXRYVlhtN05aQmxSNE1HV0NmYm5BYkJ1eXY5MzJxZ0VNd01ySk9WV2ZMM0tvRXFXQ2NycytUdk5RSlZzRTVXWnNuZkh5QlFCZXRrWlpiOC9TQ0JLbGduSzdQazd4OXZYaFVaNjJSbGx2ejlFSUVxV0NjcnMrVHZ2MGVnQ3RiSnlpejUrKzhUcUlKM3NpejUreDhRcUlMMXRncEwvdjRnZ1NwWWI2dXc1RzJIQ1ZUQmVsdUZKVzg3UXFBSzF0c3FMSG5iVVFKVnNONVdZY25iSGlKUUJldHRGWmE4N2VIbVZWR3czbFpoeWRzK1FhQUsxdHNxTEhuYkl3U3FZTDJ0d3BLM0hTTlFCZXR0RlphODdROEpWTUY2VzVVbGIvc2tnU3BZYjZ1eTVHMlBFcWlDOWJZcVM5NzJHSUVxV0crcnN1UnRqeE9vZ3ZXMktrdmVOa09nQ3RiYnFpeDUyeFBOcTZKaXZhM0trcmQ5aWtBVnJMZFZXZksySndsVXdYcGJsU1VYTjA2Z0N0YmJhaXk1dUN5QktsaHZxN0hrNHA0bVVBWHJiVFdXWE53cEFsV3czbFpqeWNYOWlFQVZyTGZWV0hKeFB5WlFCZXR0TlpaYzNFOElWTUY2VzQwbHYvSk04NnBvV0crcnNYUXY3alNCS2xodnE3SGs0cDd0V2VNWmt4cit2V3VibWhsa3o1aU1WMjU5TXYvR093UHp2NzlTdWZNYVBGcjQ4OVhLN1Z1TmFpejdLTmZsYWxRLzFEV3NCdGNQc0dxY0laZ2orSGV4cFRCSHZnWjlmcnJtYk1HL3cxZFRYdlliTTF0eWE2clI2R0ZEbjdWS3JJYi9NY1JoTlJiZi9UaXplUDF2WDY4YVAxdFRqVWJ2R3ZvSTQ2OXlic1FxbHo1YmVQa21MbnZrWTNTUjdPc2ZxTHNlanVwclp0L29VVU9mcGZ3TnozNWl6ZXp4N3o3TFJ2YjVOYlBIdnhNWGhWY2RVTWplV0NQN1RZRERta3VCallWdnJwMStvNHU4TjdzQXB5THBMMTYvbFZtNDltdTY2Wi8xUzdxaE5Zb00rbm5ETGh0K1Rsc01xenhqNjNNSGlrN1JIRFQrQjc0dmVJaUJyQUFBIiBDb3JyZWxhdGlvbkJpbmRpbmc9IiIgVXJsRW5jb2RlPSJUcnVlIiAvPg0KICAgICAgICA8Rm9ybVBvc3RQYXJhbWV0ZXIgTmFtZT0iX19WSUVXU1RBVEUiIFZhbHVlPSJ7eyRISURERU4xLl9fVklFV1NUQVRFfX0iIFJlY29yZGVkVmFsdWU9IiIgQ29ycmVsYXRpb25CaW5kaW5nPSIiIFVybEVuY29kZT0iVHJ1ZSIgLz4NCiAgICAgICAgPEZvcm1Qb3N0UGFyYW1ldGVyIE5hbWU9Il9fU0NST0xMUE9TSVRJT05YIiBWYWx1ZT0ie3skSElEREVOMS5fX1NDUk9MTFBPU0lUSU9OWH19IiBSZWNvcmRlZFZhbHVlPSIwIiBDb3JyZWxhdGlvbkJpbmRpbmc9IiIgVXJsRW5jb2RlPSJUcnVlIiAvPg0KICAgICAgICA8Rm9ybVBvc3RQYXJhbWV0ZXIgTmFtZT0iX19TQ1JPTExQT1NJVElPTlkiIFZhbHVlPSJ7eyRISURERU4xLl9fU0NST0xMUE9TSVRJT05ZfX0iIFJlY29yZGVkVmFsdWU9IjAiIENvcnJlbGF0aW9uQmluZGluZz0iIiBVcmxFbmNvZGU9IlRydWUiIC8+DQogICAgICAgIDxGb3JtUG9zdFBhcmFtZXRlciBOYW1lPSJfX1ZJRVdTVEFURUVOQ1JZUFRFRCIgVmFsdWU9Int7JEhJRERFTjEuX19WSUVXU1RBVEVFTkNSWVBURUR9fSIgUmVjb3JkZWRWYWx1ZT0iIiBDb3JyZWxhdGlvbkJpbmRpbmc9IiIgVXJsRW5jb2RlPSJUcnVlIiAvPg0KICAgICAgICA8Rm9ybVBvc3RQYXJhbWV0ZXIgTmFtZT0iX19FVkVOVFZBTElEQVRJT04iIFZhbHVlPSJ7eyRISURERU4xLl9fRVZFTlRWQUxJREFUSU9OfX0iIFJlY29yZGVkVmFsdWU9InVWblcrR2JqNUhrek0wV2FpQXJIQWZqSjVtSEUxblRWRmpWTTVFVC85T2ErU2REbUYwekkxV2ZXOHdJQVJDR0xxZ3Nod2Y1QkhLMkwvRUhKNDVWYXpSOE5yVVR2MFBNaFc4eEIxWTYvRzh2TnhXbmZSbW5oK2ZOOUdHODAyYzFoUEVWeElPSmJhSXpMcG56SXgxT1lGU3lKOXdKdDUybUZzMy92MXh0eFIrcHBSVGREMU9IUWVTQmpjMlA0SzhQV1Y1R2FleExHcHZXLzgvUlI3Q200dERxNDc2YkI0NEtRUjdkTlM4S0lRSlZsL3NnY3k1ZWhmZEVoaS90ZFhyVFBIQndRVTRFS0RIOWFqbmVFckJ0Qmdmb1h6RnVPa2pmTStZbDdlYVJzdW5tQUlFMFk1NXpZaDJBU21MZ2MwYmJheUxobVBxMXlScEhOaXRvQ01OeEdXSGt0UHFUdmt2R0hYL3l3c1FXUkg3UUJnSEduV0RBekNSSUFWT3BuZUZRK3ViVTZuc1ZvS2hYa2pORDJVQmJ3NS90UmFLbFh1Q1E5OWNReTZ6NUNjSm9iQnB2bWVuOXo2WUlHNEdZbFg2ZjVKMUlFVFdiQ2IvcEN6cWNOdkw0dGRwMFE4YWdBSk5EcTFYSm5ibVlaZXRwUVU0Zjlpa0pJWVFnaUpnbTlERGJ6WUlVNkpxbCtRMzZ5R3FPOG8zZXF2eisrZ2VhdFFTSkpkemZIRU1TK29XN3llYzZCQ1RKTHBqQUc5N0g4dzVkdlVuR2ZGYmxvN3FoQllTYXYybkp5ZlcwUEozN2NoclF2OEE5M3hBTzdNOEQ5Zm4yaFE1NXQraWJyeXg0SU1jTFQzZE5NVCsybU1ZdzZJZmNNUzZhaGVoQVRLZ2orMVFLbFVPZHBWbmJJcVp5bWdqdkFjb3U1L3BWWnVQNnRrcGxHKzh4ZGRjU2V2Z042MjJyU212bzBHeC9SbjlReFVSNzFLLzZEVkp1WFE0dUlkYld2QVJXdFR4VDExY2wzWmR3WmphanpYK1hDL01UalU4Y1dsa2hGbEpESDdqU1JlTFlvOHpkbUZlTHJiOWVmSzVKdlVoNVFMT1lPckQza3ovUS9hbzJKY3kvbEVvekNPQk1kbnBUR2lZR1V0VCs2b3NORUw4Tkk1THFEeGI5WXBOTDVvNkVCOW10bHZUaWdFemIyMnNZbUNEbkNhT296V05qREJRL0Q1Ni9veTJBNlhNZU5sTkxHeVIrV29FQTZkb3lnTk5oUFFsZ1NzZUVWa1piVmVnb0g1RXRSbEtBdGgzaE54THVCS1JYaU5ZbFNBd1lFMHFzcDh2akZZWG9ER0FBUUVTSkxHTzJPU0dKYmFpVDJscnk5UnVLaFdleERoQ3pGOStDblFMM3ZMQXB3NkRCMmJOenhsMzFnMjNaeW5tMVVoSHhOcDB6YWxmNkV3TEhPWkdBOUM1VWRaMFdoOTA5a1VTMGlYRkpCellvZ0dORVFiWm9BcGZVQTJuVXlFdlNrdVA1RThTNkdzeEQrNGdqalVlOHB2OTFwR2RjTmI5YUV5TGFqQ1V1RE1nL2hWb0hjSkdqSnp5RkRCUERrNk5iWVg3Y1kwbUVla1N6cUthSlNlK0k2TkpMVndxTkcxb25Ma0xsbk0rT2laRkl6bXo4YzFVYjJGYzJwT3VmU1lhbklva2g2RysyYTAxTDcrUEs2eS9tc2hab1czUkZlQnN1a0xIL0V3RkRicFFYc1IxTlNsYkRrZUErQnhCWHRjVngyOVk5UmhNTWpldE02cENRdDRDWk5STzBOS1YvOUpXcUlDamFERDA3VTF1clRjSEVqNHI2QldBcDVMaDB2blFGWGVXMmZVMWNhV2xORXNRTjhNWnI3R0ZVUFFTa3hFaFp3TzBBSmtvMkZLdGdMNG4wdUcrOWN0NVFDQ2J4TGNPUS9icjgyUnhXYkRVWHBWc0d6QVI1K0YwRmFQd2RWcjAxbXBEcUtYVTROaEp0c1NsbS9QaW1vMFJqdytQWVlSL1lSaUpUdHc4V2MzNzkvUDlkdHZRVGFJdDB1ZEkwWDJmdHllVFZldS8weUtPOWtVUVR4VDVkNnVtcW5nOEN0aUt2VVFtUkFhK0RGUEtZNEwyYVI5VnQxMGFFRHJTY29WRHFUT0l0VVBwY0J6NkFUVFl1cHJoQ0I0bEtyM3NteFc4QkgraFpwMUZ2OWs0RUZZWWhsSE9selk4VXZPVDB5aGtENGlsbFZXd2V5ZTM0ZDk3VWNzMUk4b3kxY1JzWDMyelBCNjJZUVkrcStLR1dUQ0x4QTM4WmVNT3U5SDl0QzNxUFhxNWtFLzNlYjF1VTNhY25qQ1FIbEZUYWN1UXVWTXVyMjRCYnZ5VkV3OW1lK3RDMmxZU043NUJmc1FabDRKNE9wd0V1VDNCQjl6cjU4cGtsN2ZJZVZ4SGdqb0FiK3NsVnBMWHUydytJNWErWVdJQm9DS21sTWpXUTVNZG16L01wb1lpaS9rNmZFV3RJemY4Mk1nYnYwbDl1SG5tNVEvZyt2K0VKMUFucnNFYnI5a3FGVVRlNmcxSUpSWDVraE1Td2cyUlUyalNQY1Uvd2EwVUQxdFlMNlhYWjM3Y0dkUEpwZTdjRWpJTDV4NjBjWXBNdUZOUERJeUNRM2ZNMlZFTkNCaXJhQ25PNlJIcnladUZMNmk4TFQzaEI4MWNuejRWcmtWMHFsYzhXcGExdGFxN3lCWGVuUDZLZ0k0YVMzbjhQWnlVcjV0dE9OaEdqaVNlVUVubkRLdFp1ajM2a0FqbWxxMzdKdU95OFRndmFScVlDbHlITVJRVjFTeXYzN2J0ek1uaTBSd0ZwU1R1bStPQmVITkxxQ09pWkV0NHBtSTlSR1p1T2RCajBieUV1MEFNd0JXdXkwQVF1SVhIRzN4MlBoQTBPKzNPNFBZamRjZjNkWkdWdDMyaWZmQ2ZIRHd4bTZLYWVZNnJOeFd3K0Y1cU9kTGN1REFBWStYekZBSFJTM2NMQTVMbjN4MzRWL0RJYzIzRmwzNGh2WmQrOUMzYzE5L0crdWo0RnJWemorT3JIelJFVUhvZGw0WTlRMU1nTUZqRDdrSzJYVTQ4OXRRdEdkQ0MyNUU0bWV1UlVzNjNXd3lDa2tpdGwxWTFNM1pmKyt5QS8zWWt2Q0Rpakx3N1hPMDlEUXA1RmxuczN2SC9WQWNodzlHbGxTeEgzRWc5ajMvV0VxN1BkZmZVZDBqUGFqNjNYYmpyTlZJRWlaQmczNlZMc3JzaktjeDdyRDJ6NXp4eGNYSUNFZCswQUFPQ0I1Q1VCYVpoQWZzdlhqeWZoL200TTJCZy9ZaEhaMVowY254aS80clFaQ3M3ZGNNSldNOWtETWhHM0M3SHlmTUMzMktvSHJsUllZeC9oQUpKZC8yTmdOM2ZsTkpRYmdlVllEeTRWSVc5bWgwUjJ6OXc5ZDJLRms3MkVyNi9YWitDUTgrTHJjVmZ4eGExRVJGSFB6U3Zhc3h6b1pkaFZ5em93a2U5UzBUWExFRGtJNmJENXpXSzlySzVIaGZQZjNUMzFzZ2ZEdTVrZnNWRXJlc0d0VS90UGJBMkVHNnhrdGV1eG1VN1pWU1VRS3lOcTRMNnRmR2ZPYXBUUHpidkhwNkN0Qzh3RnlBaE4vcUt2eUNTZTNoVW9FZzFlZHJHaUc4WjB6Q2dENlAxa1p0Q2l5aUdQQm5TNldiVERIdlJtcWtQL2QrYXVyZE5qVUZBRTh6elVOUVhTOVF0cWF6a3VGbTNDVjlWMTA3YUFkTGV3R1Eyc2ltZWdUYW4zVVhmdndIMkQvUVl5Qlk3cHBnNFQ1cWlTOHZ1ZUYrMHU1QnppNFVTNnA3cWs3Ukd0Z3h5WFVOcUpxSTV3bWtZWGJ3ZmtWWGkvNWNXY1A0S04vUUE4SE80QWVLRklCd3FLOFViQkdTaWhYS2lrbVg0QmVIV3lrS3c1a2d6ZXF0TUpaQVFIeG9hbm5MQUdJQXhOVlB2clVCNkNOU0VOYlI5cG0rVlIzbFRJZ3ZhR2pMWm0vaG9ZYUNpK0h2aVEwV1RQRHljMkZSSFg3dUhMclBJZzVRZ3J3M2ltOGRiYzZyaGVNVHdITHZDVTBDUmVWS2FTTFhabWk2Qys5NDNYanJQREpBaEdlUkR5RWFSaXlZUjYzemxzM0tXZjVrdUpJUHpnT0JXTElNWEttY29NOVZ3Z1BkbURRZ2Y2Ujl3Z2JLSEtvbDAwcGU2U1dQSzJPUHNyWTNNSjlPdGQ2TmZRVlhuaGNXMThnRTR1c3BnV0J1WXR3TElkUll4UENRaVhSblNzcHJWb09WNjdENjM5QUM2RkFTajRyZ08yVWc1WnNzTnVWN3lndTRBczlLZ3FLdVlkR0VIeCtLSDlycHpxaWY0T1gwbG5SNnVQeWpJckNFRmFza1dSenB4RWF1ZTRYa1FWeTdZQndLbFI4cUlMTlZleFhSRDNkRHdHaDhUdEdDZzhFNGt3NFMwWDd2dzZOdzB6UlR3MFJOR0VreDdSSHExQW5oci9ZVkljWExKRWFBc0dFdTBqSmM5VjQ4VHlZZ3lQOXJ6UzFEMnUxYVR3RVVxTjlmUXFseGkxdFlwb25Yc0tUWGJlenFLQThOcllDb2hKS21oVTNOaFZZZGZ2K0hKQlZYODkrY1dseTllN29aaDcrSFNrRlNmejJtaThPOXEvY1djUS9iZ1ZDTG1kSlVyTjBQQ3RDcjRBdm5aTTUxMVBoU09vTUx6NUx5bGRGTXlCWDZDejlNYjY5TE1kZmpWSkZBRUN5T2tIV2tWb2pVTnZGdWlIOW9nUTVMem5EMkRicXVsMGVDeVovRTB2R3U3M1l4WGJwNEpLeFRkeGIyR0IrcFFSOEQwWWI5TVVCM2RoNjdrVXduR2tpTG9FNUI4bi93Rkp0MWU1dmZNak5jTk12M0xOeTYwRUJQUlo1TmVJeWcwdjlJeVpsc1hTcEdqNU9ZVEtzcXY2blNsQ1NuR3FrOHp2TGFneGVNOVRNc0hVL0RXV29EMS9IODk3SWZ6eEpvMXFjRm1yYko3WTViS2paV3dtekZGU2JucGhOVXVidzYzKzFKajQyUGlFb0tRcVB6S2I0RG1PeDg5NTZ1N2NwSVhGUHpldzBTc25PUW5xcEFWRWZqZzJiQTNmRExSQWZoSUtxYkdYbVZlMWRwUDZ1M0RsYmNnekRsckY3emE1SUZVRGtpdUZPbFlMQVltb3krS3NFY083eWsrTjA1TzJrWGJxaU5iVUJHYndmdnVXZGExdURtRVlKdXUyMXg5aUNYVEFWTjVyNmtPVExyRzBLTHFTam9payt0a0pMNWIrNTZLQ01CUklFckN5T1RMZDZqa0xKY2hwaU8wNGFQTVpYTSswYWxiOHZJaS9xYlJZbk0zeGVzeTlwVWZ0L1RrLzJJek53TlM1dHBuQ29aanY5STFVelNtd1N5SGdQekFwYzh2eG1DSEp6dVRKdE5oQmdCcXdNd1F2N0VmbGtRTTE0WVlxNnRlVWJ1MWhrQzh1M3g5YXUwOEZIY3p2ejhFNlRyMVFneHNMcUNYZWhOVXE4aXJkMW9pWXhXeFJITjZvOHhWb0JidHBkaERJT0p3bm94SGVIUjdBd1NFdWNkWnZ4cW55SjdRTUxhRnBuWVZyWkRGNEdIK3hpdUZONWlkcWZEWkJZbUtWS1hyQXp0T25mMnRqdWo3Uk40QlpYUGpaTVhsYWFOZGRQdkNyeWh3TFpSSFhOM0N6dTFmRVRXL1doOTI2cGVYQkhQRmZ2cW5hcU8yUFhkUVdUQVh1RXV3cU9tMzJJVU9GT3BEcCswK1N3SUtmTG5tOWRVc1NoZzFnWm54dlVCeWF5d3Rpek9SKzFEajFIMVRhRzNRWnFLWmQxKzhDZVNEY1FxSTVpbkhnN3Q1NDdRMW1nanR3aEIxdEo2cXhYZ0pwZHljMmh6ZXhZY2FOMDIzQitHZUtnOSthbmYweEoxNHNRMnZibGdPVHh4MVNFR2VHYzh3L3BtR0lidy9obmgycUJpSElkMnU1K1VqZUdmcEErMmV2Yys2YjNGMmp1TUt6bUFFcjY2bHhaNUlOWGE1amQ4ajZ4dXdQd3pkRnR6cVlVZ0xxZmlOQWtWOXhBZ1JyN3ZuTS93bEd4d2dSREgvRXFWbzBLNXE5ZURuWm1HcmJ1VFJwemU5WlZWOU5kbk52VTFPUUc3YkwxZXQ5QVhFalpnK0pnS1lKVllNb2xWazY1aFptNm9lM2c4eFNDOTVqRklnUUd6eW02OFVlNkJUWHRaRUdjdkRJa3pCc0hRTXNEdW1LS3piTDRNNytHbTgxZHJUdTlvTzdKN0RTbWNCdXFIWWJnRUFPc0xrU016RmthS0lhNEhtTG82a2pvcEN6ZjhMa0lxVmNGTWplMjBnaHZkMGNnNzJxbFllTlpJL3JRak5MelFiSnJZTTh5TXpaMkVrU2wrc29aR3E3QThjZFArRy9lRUdMUFZSYXpqRlJiM2NqREtKVkxaeExEVXlQVmNYZXk1M1I2bmRBVncxa0puRmFtS2lqL0RhUHJ3OVJqb1Q0UzY5NkxGZkNHN05sYjBOMnJadWx3M005dlZzcE40czRJemxQQ2VwbnJ4QWhNQ0xueG1kRVlOWlYyekludzEyOUVMeUh2YzZQSWxMaGhtTE14Szk3RlFhWnpjZ3Nka0NscTZ2b2ZuK1p4STdZRDJ2anZUWGtBWE1UQy9GYmgzamJTSkE1R3hadHVleVFpOENhamo5VEdCSE43YTZ4eU1iMEFIS1A1WEF2UXBnQU1zNEptaFlOTmp6L2FKTjZobjVTVnZKRDVTZjRkSGV3SjE3dVN4Yld1OUkwMjhYUXlSa05KaHUzUGFJeENpOExSTDkzTVdIOFRhWnE4SmhwS25tdG5ONWhUakdLeTk3djdVOWFUTGFmZ3c3V1phU2VXQmhOaTIzV0tzME4vMFkxcnJTNG5VTHYvZkg1M0I4OW8xSm1HTHpqd0VjaEdSTUROdkFtM0pXQXpjWFlYUkpiWHpnUm9YM3lmOHFZNVE2b2tKbXFPc3Jrc2pkeHROaWxRZWU5VzFnNnlDczZrWDJ0ZnhaK0V5MFlZWHlPcmkrY3pRMVA5a1BoZUJZSktkdTFFWU1RQjFOYzQyWVVvaU4xdGo5bUZTQ0dDdUJxem84Qk9waU1MWXZrMFFSek92Z0tZbE8xUXR0TTNodEM4aVJCWGN3V2lVbG9RS0RQTnN1QVIzdUFXUk5jTlhZeXdkbzN1ZWlkQThXYk5pMkkyT3B5UWx2QUYrTGlkRk1zbGFLWUlReDVYL25rcU8wK1JONzVUazNYaXdRPT0iIENvcnJlbGF0aW9uQmluZGluZz0iIiBVcmxFbmNvZGU9IlRydWUiIC8+DQogICAgICAgIDxGb3JtUG9zdFBhcmFtZXRlciBOYW1lPSJTY3JlZW5XaWR0aCIgVmFsdWU9Int7JEhJRERFTjEuU2NyZWVuV2lkdGh9fSIgUmVjb3JkZWRWYWx1ZT0iIiBDb3JyZWxhdGlvbkJpbmRpbmc9IiIgVXJsRW5jb2RlPSJUcnVlIiAvPg0KICAgICAgICA8Rm9ybVBvc3RQYXJhbWV0ZXIgTmFtZT0iU2NyZWVuSGVpZ2h0IiBWYWx1ZT0ie3skSElEREVOMS5TY3JlZW5IZWlnaHR9fSIgUmVjb3JkZWRWYWx1ZT0iIiBDb3JyZWxhdGlvbkJpbmRpbmc9IiIgVXJsRW5jb2RlPSJUcnVlIiAvPg0KICAgICAgICA8Rm9ybVBvc3RQYXJhbWV0ZXIgTmFtZT0iYnRuQWN0aW9uWCIgVmFsdWU9Iua4hemZpCIgUmVjb3JkZWRWYWx1ZT0i5riF6ZmkIiBDb3JyZWxhdGlvbkJpbmRpbmc9Int7Rm9ybVBvc3RQYXJhbTE3LmJ0bkFjdGlvblh9fSIgVXJsRW5jb2RlPSJUcnVlIiAvPg0KICAgICAgICA8Rm9ybVBvc3RQYXJhbWV0ZXIgTmFtZT0iZGRsT3JnQW5kRmxvdyIgVmFsdWU9IiIgUmVjb3JkZWRWYWx1ZT0iIiBDb3JyZWxhdGlvbkJpbmRpbmc9IiIgVXJsRW5jb2RlPSJUcnVlIiAvPg0KICAgICAgICA8Rm9ybVBvc3RQYXJhbWV0ZXIgTmFtZT0iZGRsUXVlcnlDb25kaXRpb25zIiBWYWx1ZT0iMCIgUmVjb3JkZWRWYWx1ZT0iMCIgQ29ycmVsYXRpb25CaW5kaW5nPSJ7e0Zvcm1Qb3N0UGFyYW0xOS5kZGxRdWVyeUNvbmRpdGlvbnN9fSIgVXJsRW5jb2RlPSJUcnVlIiAvPg0KICAgICAgICA8Rm9ybVBvc3RQYXJhbWV0ZXIgTmFtZT0idHh0T1RFbXBJRCIgVmFsdWU9IjEwMjExOSIgUmVjb3JkZWRWYWx1ZT0iMTAyMTE5IiBDb3JyZWxhdGlvbkJpbmRpbmc9Int7Rm9ybVBvc3RQYXJhbTE4LnR4dE9URW1wSUR9fSIgVXJsRW5jb2RlPSJUcnVlIiAvPg0KICAgICAgICA8Rm9ybVBvc3RQYXJhbWV0ZXIgTmFtZT0idHh0T1RFbXBOYW1lIiBWYWx1ZT0iIiBSZWNvcmRlZFZhbHVlPSIiIENvcnJlbGF0aW9uQmluZGluZz0iIiBVcmxFbmNvZGU9IlRydWUiIC8+DQogICAgICAgIDxGb3JtUG9zdFBhcmFtZXRlciBOYW1lPSJ0eHRPVEZvcm1OTyIgVmFsdWU9IiIgUmVjb3JkZWRWYWx1ZT0iIiBDb3JyZWxhdGlvbkJpbmRpbmc9IiIgVXJsRW5jb2RlPSJUcnVlIiAvPg0KICAgICAgICA8Rm9ybVBvc3RQYXJhbWV0ZXIgTmFtZT0iZGRsT1RTdGF0dXMiIFZhbHVlPSIwIiBSZWNvcmRlZFZhbHVlPSIwIiBDb3JyZWxhdGlvbkJpbmRpbmc9Int7Rm9ybVBvc3RQYXJhbTIwLmRkbE9UU3RhdHVzfX0iIFVybEVuY29kZT0iVHJ1ZSIgLz4NCiAgICAgICAgPEZvcm1Qb3N0UGFyYW1ldGVyIE5hbWU9InR4dE9URGF0ZUJlZ2luJHR4dERhdGUiIFZhbHVlPSIiIFJlY29yZGVkVmFsdWU9IiIgQ29ycmVsYXRpb25CaW5kaW5nPSIiIFVybEVuY29kZT0iVHJ1ZSIgLz4NCiAgICAgICAgPEZvcm1Qb3N0UGFyYW1ldGVyIE5hbWU9InR4dE9URGF0ZUVuZCR0eHREYXRlIiBWYWx1ZT0iIiBSZWNvcmRlZFZhbHVlPSIiIENvcnJlbGF0aW9uQmluZGluZz0iIiBVcmxFbmNvZGU9IlRydWUiIC8+DQogICAgICAgIDxGb3JtUG9zdFBhcmFtZXRlciBOYW1lPSJ1Y01vZGFsUG9wdXAxJENsaWVudFdpZHRoIiBWYWx1ZT0ie3skSElEREVOMS51Y01vZGFsUG9wdXAxJENsaWVudFdpZHRofX0iIFJlY29yZGVkVmFsdWU9IjAiIENvcnJlbGF0aW9uQmluZGluZz0iIiBVcmxFbmNvZGU9IlRydWUiIC8+DQogICAgICAgIDxGb3JtUG9zdFBhcmFtZXRlciBOYW1lPSJ1Y01vZGFsUG9wdXAxJENsaWVudEhlaWdodCIgVmFsdWU9Int7JEhJRERFTjEudWNNb2RhbFBvcHVwMSRDbGllbnRIZWlnaHR9fSIgUmVjb3JkZWRWYWx1ZT0iMCIgQ29ycmVsYXRpb25CaW5kaW5nPSIiIFVybEVuY29kZT0iVHJ1ZSIgLz4NCiAgICAgIDwvRm9ybVBvc3RIdHRwQm9keT4NCiAgICA8L1JlcXVlc3Q+DQogICAgPFJlcXVlc3QgTWV0aG9kPSJQT1NUIiBHdWlkPSI1MGZjNTJiYy1hMDBhLTRhMjUtOGNiYi1hZjYyMzk0YjdkZDciIFZlcnNpb249IjEuMSIgVXJsPSJodHRwOi8vMTAuMTEuMzYuMTE0OjgwMDcvT3ZlclRpbWUvT3ZlcnRpbWVQcmVPcmRlci5hc3B4IiBUaGlua1RpbWU9IjAiIFRpbWVvdXQ9IjMwMCIgUGFyc2VEZXBlbmRlbnRSZXF1ZXN0cz0iVHJ1ZSIgRm9sbG93UmVkaXJlY3RzPSJUcnVlIiBSZWNvcmRSZXN1bHQ9IlRydWUiIENhY2hlPSJGYWxzZSIgUmVzcG9uc2VUaW1lR29hbD0iMCIgRW5jb2Rpbmc9InV0Zi04IiBFeHBlY3RlZEh0dHBTdGF0dXNDb2RlPSIwIiBFeHBlY3RlZFJlc3BvbnNlVXJsPSIiIFJlcG9ydGluZ05hbWU9IiIgSWdub3JlSHR0cFN0YXR1c0NvZGU9IkZhbHNlIj4NCiAgICAgIDxFeHRyYWN0aW9uUnVsZXM+DQogICAgICAgIDxFeHRyYWN0aW9uUnVsZSBDbGFzc25hbWU9Ik1pY3Jvc29mdC5WaXN1YWxTdHVkaW8uVGVzdFRvb2xzLldlYlRlc3RpbmcuUnVsZXMuRXh0cmFjdEhpZGRlbkZpZWxkcywgTWljcm9zb2Z0LlZpc3VhbFN0dWRpby5RdWFsaXR5VG9vbHMuV2ViVGVzdEZyYW1ld29yaywgVmVyc2lvbj0xMC4wLjAuMCwgQ3VsdHVyZT1uZXV0cmFsLCBQdWJsaWNLZXlUb2tlbj1iMDNmNWY3ZjExZDUwYTNhIiBWYXJpYWJsZU5hbWU9IjEiIERpc3BsYXlOYW1lPSLmk7flj5bpmrHol4/mrITkvY0iIERlc2NyaXB0aW9uPSLmk7flj5blm57mh4nkuK3nmoTmiYDmnInpmrHol4/mrITkvY3vvIzkuKblsIflroPlgJHmlL7lnKjmuKzoqablhaflrrnkuK3jgIIiPg0KICAgICAgICAgIDxSdWxlUGFyYW1ldGVycz4NCiAgICAgICAgICAgIDxSdWxlUGFyYW1ldGVyIE5hbWU9IlJlcXVpcmVkIiBWYWx1ZT0iVHJ1ZSIgLz4NCiAgICAgICAgICAgIDxSdWxlUGFyYW1ldGVyIE5hbWU9Ikh0bWxEZWNvZGUiIFZhbHVlPSJUcnVlIiAvPg0KICAgICAgICAgIDwvUnVsZVBhcmFtZXRlcnM+DQogICAgICAgIDwvRXh0cmFjdGlvblJ1bGU+DQogICAgICA8L0V4dHJhY3Rpb25SdWxlcz4NCiAgICAgIDxDb3JyZWxhdGlvbkV4dHJhY3Rpb25SdWxlcz4NCiAgICAgICAgPEV4dHJhY3Rpb25SdWxlIENsYXNzbmFtZT0iTWljcm9zb2Z0LlZpc3VhbFN0dWRpby5UZXN0VG9vbHMuV2ViVGVzdGluZy5SdWxlcy5FeHRyYWN0Rm9ybUZpZWxkLCBNaWNyb3NvZnQuVmlzdWFsU3R1ZGlvLlF1YWxpdHlUb29scy5XZWJUZXN0RnJhbWV3b3JrLCBWZXJzaW9uPTEwLjAuMC4wLCBDdWx0dXJlPW5ldXRyYWwsIFB1YmxpY0tleVRva2VuPWIwM2Y1ZjdmMTFkNTBhM2EiIFZhcmlhYmxlTmFtZT0iRm9ybVBvc3RQYXJhbTkuYnRuQWN0aW9uWCIgRGlzcGxheU5hbWU9IiIgRGVzY3JpcHRpb249IiI+DQogICAgICAgICAgPFJ1bGVQYXJhbWV0ZXJzPg0KICAgICAgICAgICAgPFJ1bGVQYXJhbWV0ZXIgTmFtZT0iTmFtZSIgVmFsdWU9ImJ0bkFjdGlvblgiIC8+DQogICAgICAgICAgICA8UnVsZVBhcmFtZXRlciBOYW1lPSJIdG1sRGVjb2RlIiBWYWx1ZT0iVHJ1ZSIgLz4NCiAgICAgICAgICAgIDxSdWxlUGFyYW1ldGVyIE5hbWU9IlJlcXVpcmVkIiBWYWx1ZT0iRmFsc2UiIC8+DQogICAgICAgICAgICA8UnVsZVBhcmFtZXRlciBOYW1lPSJJbmRleCIgVmFsdWU9IjAiIC8+DQogICAgICAgICAgPC9SdWxlUGFyYW1ldGVycz4NCiAgICAgICAgPC9FeHRyYWN0aW9uUnVsZT4NCiAgICAgICAgPEV4dHJhY3Rpb25SdWxlIENsYXNzbmFtZT0iTWljcm9zb2Z0LlZpc3VhbFN0dWRpby5UZXN0VG9vbHMuV2ViVGVzdGluZy5SdWxlcy5FeHRyYWN0Rm9ybUZpZWxkLCBNaWNyb3NvZnQuVmlzdWFsU3R1ZGlvLlF1YWxpdHlUb29scy5XZWJUZXN0RnJhbWV3b3JrLCBWZXJzaW9uPTEwLjAuMC4wLCBDdWx0dXJlPW5ldXRyYWwsIFB1YmxpY0tleVRva2VuPWIwM2Y1ZjdmMTFkNTBhM2EiIFZhcmlhYmxlTmFtZT0iRm9ybVBvc3RQYXJhbTEwLnR4dE9URW1wSUQiIERpc3BsYXlOYW1lPSIiIERlc2NyaXB0aW9uPSIiPg0KICAgICAgICAgIDxSdWxlUGFyYW1ldGVycz4NCiAgICAgICAgICAgIDxSdWxlUGFyYW1ldGVyIE5hbWU9Ik5hbWUiIFZhbHVlPSJ0eHRPVEVtcElEIiAvPg0KICAgICAgICAgICAgPFJ1bGVQYXJhbWV0ZXIgTmFtZT0iSHRtbERlY29kZSIgVmFsdWU9IlRydWUiIC8+DQogICAgICAgICAgICA8UnVsZVBhcmFtZXRlciBOYW1lPSJSZXF1aXJlZCIgVmFsdWU9IkZhbHNlIiAvPg0KICAgICAgICAgICAgPFJ1bGVQYXJhbWV0ZXIgTmFtZT0iSW5kZXgiIFZhbHVlPSIwIiAvPg0KICAgICAgICAgIDwvUnVsZVBhcmFtZXRlcnM+DQogICAgICAgIDwvRXh0cmFjdGlvblJ1bGU+DQogICAgICAgIDxFeHRyYWN0aW9uUnVsZSBDbGFzc25hbWU9Ik1pY3Jvc29mdC5WaXN1YWxTdHVkaW8uVGVzdFRvb2xzLldlYlRlc3RpbmcuUnVsZXMuRXh0cmFjdFRleHQsIE1pY3Jvc29mdC5WaXN1YWxTdHVkaW8uUXVhbGl0eVRvb2xzLldlYlRlc3RGcmFtZXdvcmssIFZlcnNpb249MTAuMC4wLjAsIEN1bHR1cmU9bmV1dHJhbCwgUHVibGljS2V5VG9rZW49YjAzZjVmN2YxMWQ1MGEzYSIgVmFyaWFibGVOYW1lPSJGb3JtUG9zdFBhcmFtMTEuZGRsUXVlcnlDb25kaXRpb25zIiBEaXNwbGF5TmFtZT0iIiBEZXNjcmlwdGlvbj0iIj4NCiAgICAgICAgICA8UnVsZVBhcmFtZXRlcnM+DQogICAgICAgICAgICA8UnVsZVBhcmFtZXRlciBOYW1lPSJTdGFydHNXaXRoIiBWYWx1ZT0icyZxdW90OzpbJnF1b3Q7IiAvPg0KICAgICAgICAgICAgPFJ1bGVQYXJhbWV0ZXIgTmFtZT0iRW5kc1dpdGgiIFZhbHVlPSImcXVvdDssJnF1b3Q7MSZxdW90OyIgLz4NCiAgICAgICAgICAgIDxSdWxlUGFyYW1ldGVyIE5hbWU9IkluZGV4IiBWYWx1ZT0iMCIgLz4NCiAgICAgICAgICAgIDxSdWxlUGFyYW1ldGVyIE5hbWU9Iklnbm9yZUNhc2UiIFZhbHVlPSJGYWxzZSIgLz4NCiAgICAgICAgICAgIDxSdWxlUGFyYW1ldGVyIE5hbWU9IlVzZVJlZ3VsYXJFeHByZXNzaW9uIiBWYWx1ZT0iRmFsc2UiIC8+DQogICAgICAgICAgICA8UnVsZVBhcmFtZXRlciBOYW1lPSJIdG1sRGVjb2RlIiBWYWx1ZT0iVHJ1ZSIgLz4NCiAgICAgICAgICAgIDxSdWxlUGFyYW1ldGVyIE5hbWU9IlJlcXVpcmVkIiBWYWx1ZT0iRmFsc2UiIC8+DQogICAgICAgICAgPC9SdWxlUGFyYW1ldGVycz4NCiAgICAgICAgPC9FeHRyYWN0aW9uUnVsZT4NCiAgICAgICAgPEV4dHJhY3Rpb25SdWxlIENsYXNzbmFtZT0iTWljcm9zb2Z0LlZpc3VhbFN0dWRpby5UZXN0VG9vbHMuV2ViVGVzdGluZy5SdWxlcy5FeHRyYWN0VGV4dCwgTWljcm9zb2Z0LlZpc3VhbFN0dWRpby5RdWFsaXR5VG9vbHMuV2ViVGVzdEZyYW1ld29yaywgVmVyc2lvbj0xMC4wLjAuMCwgQ3VsdHVyZT1uZXV0cmFsLCBQdWJsaWNLZXlUb2tlbj1iMDNmNWY3ZjExZDUwYTNhIiBWYXJpYWJsZU5hbWU9IkZvcm1Qb3N0UGFyYW0xMi5kZGxPVFN0YXR1cyIgRGlzcGxheU5hbWU9IiIgRGVzY3JpcHRpb249IiI+DQogICAgICAgICAgPFJ1bGVQYXJhbWV0ZXJzPg0KICAgICAgICAgICAgPFJ1bGVQYXJhbWV0ZXIgTmFtZT0iU3RhcnRzV2l0aCIgVmFsdWU9InMmcXVvdDs6WyZxdW90OyIgLz4NCiAgICAgICAgICAgIDxSdWxlUGFyYW1ldGVyIE5hbWU9IkVuZHNXaXRoIiBWYWx1ZT0iJnF1b3Q7LCZxdW90OzEmcXVvdDsiIC8+DQogICAgICAgICAgICA8UnVsZVBhcmFtZXRlciBOYW1lPSJJbmRleCIgVmFsdWU9IjAiIC8+DQogICAgICAgICAgICA8UnVsZVBhcmFtZXRlciBOYW1lPSJJZ25vcmVDYXNlIiBWYWx1ZT0iRmFsc2UiIC8+DQogICAgICAgICAgICA8UnVsZVBhcmFtZXRlciBOYW1lPSJVc2VSZWd1bGFyRXhwcmVzc2lvbiIgVmFsdWU9IkZhbHNlIiAvPg0KICAgICAgICAgICAgPFJ1bGVQYXJhbWV0ZXIgTmFtZT0iSHRtbERlY29kZSIgVmFsdWU9IlRydWUiIC8+DQogICAgICAgICAgICA8UnVsZVBhcmFtZXRlciBOYW1lPSJSZXF1aXJlZCIgVmFsdWU9IkZhbHNlIiAvPg0KICAgICAgICAgIDwvUnVsZVBhcmFtZXRlcnM+DQogICAgICAgIDwvRXh0cmFjdGlvblJ1bGU+DQogICAgICA8L0NvcnJlbGF0aW9uRXh0cmFjdGlvblJ1bGVzPg0KICAgICAgPEZvcm1Qb3N0SHR0cEJvZHk+DQogICAgICAgIDxGb3JtUG9zdFBhcmFtZXRlciBOYW1lPSJUb29sa2l0U2NyaXB0TWFuYWdlcjFfSGlkZGVuRmllbGQiIFZhbHVlPSI7O0FqYXhDb250cm9sVG9vbGtpdCwgVmVyc2lvbj00LjEuNy42MDcsIEN1bHR1cmU9bmV1dHJhbCwgUHVibGljS2V5VG9rZW49MjhmMDFiMGU4NGI2ZDUzZTp6aC1IYW50OjdiOTVlZDFhLTZhM2YtNDFkZC1iYzViLTYzZjM5ZWRiYzRiNDpkZTFmZWFiMjpmY2YwZTk5MzpmMmM4ZTcwODo3MjBhNTJiZjpmOWNlYzliYzo1ODllYWEzMDo2OTgxMjljZjpmYjliNGM1NzpjY2I5NmNmOTphNjdjMjcwMDo4NjEzYWVhNzozMjAyYTVhMjphYjA5ZTNmZTo4NzEwNGI3YzpiZTZmYjI5OCIgUmVjb3JkZWRWYWx1ZT0iOztBamF4Q29udHJvbFRvb2xraXQsIFZlcnNpb249NC4xLjcuNjA3LCBDdWx0dXJlPW5ldXRyYWwsIFB1YmxpY0tleVRva2VuPTI4ZjAxYjBlODRiNmQ1M2U6emgtSGFudDo3Yjk1ZWQxYS02YTNmLTQxZGQtYmM1Yi02M2YzOWVkYmM0YjQ6ZGUxZmVhYjI6ZmNmMGU5OTM6ZjJjOGU3MDg6NzIwYTUyYmY6ZjljZWM5YmM6NTg5ZWFhMzA6Njk4MTI5Y2Y6ZmI5YjRjNTc6Y2NiOTZjZjk6YTY3YzI3MDA6ODYxM2FlYTc6MzIwMmE1YTI6YWIwOWUzZmU6ODcxMDRiN2M6YmU2ZmIyOTgiIENvcnJlbGF0aW9uQmluZGluZz0iIiBVcmxFbmNvZGU9IlRydWUiIC8+DQogICAgICAgIDxGb3JtUG9zdFBhcmFtZXRlciBOYW1lPSJfX0VWRU5UVEFSR0VUIiBWYWx1ZT0ie3skSElEREVOMS5fX0VWRU5UVEFSR0VUfX0iIFJlY29yZGVkVmFsdWU9IiIgQ29ycmVsYXRpb25CaW5kaW5nPSIiIFVybEVuY29kZT0iVHJ1ZSIgLz4NCiAgICAgICAgPEZvcm1Qb3N0UGFyYW1ldGVyIE5hbWU9Il9fRVZFTlRBUkdVTUVOVCIgVmFsdWU9Int7JEhJRERFTjEuX19FVkVOVEFSR1VNRU5UfX0iIFJlY29yZGVkVmFsdWU9IiIgQ29ycmVsYXRpb25CaW5kaW5nPSIiIFVybEVuY29kZT0iVHJ1ZSIgLz4NCiAgICAgICAgPEZvcm1Qb3N0UGFyYW1ldGVyIE5hbWU9Il9fTEFTVEZPQ1VTIiBWYWx1ZT0ie3skSElEREVOMS5fX0xBU1RGT0NVU319IiBSZWNvcmRlZFZhbHVlPSIiIENvcnJlbGF0aW9uQmluZGluZz0iIiBVcmxFbmNvZGU9IlRydWUiIC8+DQogICAgICAgIDxGb3JtUG9zdFBhcmFtZXRlciBOYW1lPSJfX1ZTVEFURSIgVmFsdWU9Int7JEhJRERFTjEuX19WU1RBVEV9fSIgUmVjb3JkZWRWYWx1ZT0iQVIrTENBQUFBQUFBQkFEZG5lMXpFOGNkeDIxaHljWVlEQWxXeUVNbDBUWVJGR3pmOHdPTzIySWJnaHRBQkN1MERhSHUyWGZJVjg0NmozUUczQmNNblNrSlRaTUptWkNraEU1bk1wUG5sRXc2VER1VXBKbitCWjIrNkl1K3prUTJmdFUvb2QwOVNkYXQvY05qcmNtbVdUUFlwNzI5Kys1K2QrK3pYNS8xOE4vVzdoMnQ4VVRoN0JITExYWS92cWVsYTBPaXA3TWpseC8ycDJkR1I5cHorUVA0WnlLWEg3RUNCLzNJdTlOT1Z5NC9GbGpCYlBtb05lMXNRbVYrWUhsNEI2cWVQMThjSGVtb1YwQWJCLzNTOU5GYzUwSFBQemRzbFIxMHp1MTdXaHowdnpPZUdEdDJhT2hKTVo0UUJVa1V6WGlQSkloNnY2RDJpK0tGeG1aOGt5RHNFNFFMZ29pK3h4T1Z5eDh1WG50NzErNlRZM1Bsd0pudUczRW0zV25MMjV1WkxrLzZKYytkMkpzNTRaVEtybDhjVlBvRS9HOXZabmpXQzJaTHptRFJtUTFLdU82eDJRblBuWHpTbWN2N1o1emk0SVN1Vytxa3FvbW1yRGlDWVc0USs0UjRzdHE2YXR0d2N3UVZQNGkzcXZHdFN3OXJ1OWZmbnoxdHE0aktwS2pFUkZRaFJXVW1vaW9wcWpBUjFVaFJsWW1vVG9wcVRFUU5VbFJuSW1xU29nWUxVVkVnUlUwbW9pSWhpdWpBUXBRa2tzaUVTQ0pKSkpFSmtVU1NTQ0lUSW9ra2tVUW1SQkpKSW9sTWlDU1NSQktaRUVra2lTUXlJWkpJRWtsaWNwMUtKSkVrSnJOWElva2tNWm05RWtra2ljbnNsVWdpU1V4bXIwUVNTV0l5ZXlXU1NCS1Q5VlFpaVNRekFiNUVFa2xtYzhtUVJKTFpYRElra1dRbWw0eE1Fa2xtY3NuSUpKRmtKcGVNVEJKSlpuTEp5Q1NSWkNZUlZDYUpwREJaMm1TU1NBcVRDQ3FUUkZLWUVFa21pYVF3SVpKTUVrbGhRaVNaSkpMQ2hFZ0tTU1NGQ1pFVWtrZ0tFeUlwSkpFVUprUlNTQ0lwVElpa2tFUlNtUkJKSVlta01pR1NRaEpKWlVJa2hTU1N5b1JJQ2tra2xRbVJGSkpJS2hNaXFTU1JWQ1pFVWtraXFVeUlwSkpFVXBrUVNTV0pwREloa2tvU1NWcy9rZWJmL0toeTQzZXJpeUlpaWZkVWRDMDlKWW1rTWNHZ1NoSkpZNEpCbFNTU3hnU0RLa2tralFrR05aSklHaE1NYWlTUk5DWVkxRWdpYVV3d3FKRkUwcGhnVUZ0R0pDWVkxTWlNcERNaGtrWVNTV2RDSkkwa2tzNkVTQnBKSkowSmtUU1NTRG9USXVra2tYUW1STkpKSXVsTWlLU1RSTktaRUVrbmlhUXpJWkpPRWtsblFpU2RKSkxCaEVnNlNTU0RDWkYwa2tnR0V5THBKSkVNSmtUU1NTSVpUSWhra0VReW1CREpJSWxrTUNHU1FSTEpZRUlrZ3lTU3dRUU9Ca2tra3drY0RKSklKaE00R0NTUlRDWndNRWdpbVV6Z1lKQkVNdG5BZ1NTU3lRUU9Ka2trazhsMWFwSkVNcGtrQjVNa2tya1dPQ2o5VWwwVWIxWkZ0UXZvTzJwQjVPNkswQ2NDb3ZoUFB5SnhkMFZjUzA5WEYyMzA5TzZpeTU1NXhhYW5NdEZUNlM1RVFyOEpxTVo2Uk1NVFJIdGFGdzNkWGxOUFJlMUNZeE9KaXVGRWt0WjB4MHhCdi8xSDdwZ3ArQytaVEVRMXNxZHJZZS82UlhWeVRObUlHb1NvdkpiMWRQMmlKaWw2MTlrckdPc1NEVTlRRjQzQ0lUcDdPMkt0ZG5lOEU2MTFFcjRib2lqZHlXUXFNZUxNQktNajhZZXlnaUE4SVFyWnZlR0dFTmxJM1pjckZmRHoyUSs3NVFCdFdrVlVQNWJOcHJhTUg3TUt6bWdaUCtYOXNGK1lTdlhVQ3A2YWRVcHpZMEhKTFJiQzhrVDEyZlgxSHFkMjF1cnRudzM4L1RNejN0eUI2UW5IeG1YRDVmS3daNVhMaFZTMlZnYy9VVDlBLzhjbVM3N25IZlBMYnVENnhWd1JiUVZEMXVTWlFxcXoyZ1hjUWllMUtkTFcrSWRieW83blRBYVprZEd4L09qUjRYeG0waW83bWN5NUthZVl5U2xDMzlNenRmNWszSEttNkFlWjRxem5aWUtWdXgwUEhaZk5acHlpbmJIS2VPZlN2cjF1R1IrMUN4OVFMOHBtZDllcTFVdWl3dkxxd3ZKcXdqSWdMSzhVbGtGaGFYVmhhVFZoQ1JDV1ZncExvTEM0dXJDNFFuaFhlSFQxNEZXUDNWVWI0VWFWMHlWL091TWNPbjVrYkdSb2ZEUi9mS1R2cEQzaG4rbzdHVlp3ZjJuaCtZT255Q2w4L3BLVHFSMDRHQlhhSFRhajJ2M2RTeDZJRVE4aTNjTk52SHZuVnZTdDdwNUl1dGNRdVl2RWFnNnVObklyQnk3UzRQckFvYUpWS2dGTkJ1WUFNQi9oYXdOL1lkRVIvMXh4dVdyWTZZaWhZZmNiUFEyM3FqMzg0dXJWTDY1ZXpHYjJOR3J2eWZabWx4N2lWK3RnRTREV1YrdUprWXBBZjZxVkpLaVN2S3lTREZWU2xsVlNvcFVnRjhJR056RjljeG5QT1Ixa2Z1Rzd4YlVlb1FnWkg4OG0xSmJqdnVjTSs3WXptRldFYk1aQ2t5WFM0c3hnYm1temFSRzVKaUpIUmVTNmlIeHZSS1NhaUJRVmtlb2kwcjBSRVdzaVlsUkVySXVJOTBha3BoR1ZFTEtoQUhqK0dyUWF4RUVReEJkeHJtUTdwY3pFWEhUVmlhd0RFVEpIRUxOMDFXZFM3V2dyWERVNzZsRWcxVjFmZzUzQXlsdUZjaUVaaTIzb3RwUGIwZmZ1WkF5dDk0ZmR3bFF3NUo4ZktqbldtUU5GYThKejdDazdHVHVOYXJYRldzTmE3U2Zjc290MlRObDJMQjZXdE9XZDgwRjh4NTFycnkxY2VlN0xXemYrODltTGR6NzY3Y0w3TDFVK3YvVEZ4WGRSdlVkeHZmVG1lTmY4SjdmdS9Pbks0Z3NYNzd6MUlpcmZYU3Z2L3ZMMjdjb0wxKy9jZkg3KzloVjBIclNydDdhckIrM0M1YS9kbW4vMXpmbm5mN053OWYyRjkxNUJGZnE3YXczRG5kaHEyOG5XMDNaTXJCY21jR0Yzc2lPMVpjUUtyQk9XTitzY2RCM1BqcmZoSVVsdHhxVzQyZFhDRGx5SXI5ZlVwdkdkZU5lUVAxdTBDNm4ySlErMjlzUzI5YUl2MUxIRlg2R21QSThmSkt1UnFuZFo2M3RpTFlucW51MTdOc1FLaGJCbDhiQTU2UzNWQnFTN0c1cnByWVgwdG51ZzBFNnZJQXE5ZDE3L2NQSFNIeGZlZmJseStRTmtjRjFCakNySWRYYzdhdTRpc2M3Ry9FU1Ntd242TGVtMnJ0VHRhVzFCWjI1ZFprNW5ZNHJUbjYyOWNUWnAvV2ZiV0QvYnBzajZSbjg2UFp5eHNmQ0N3cGRkSjVweStNV3BPSFZiUWJ4ckRuMDkyMy9reUxQOXRwM3FIQjhMckZJUXZuaTE1ZS91aTlmLzljK09WTWY0Z2FKZEt4cHFTOS80ZHdjNnhXajV1R1BadWFJM040VXE1SDNmeTdzejhkNlRpNS8rWWY3VkYwNWxLcTk4Vm5uNW8vazMzcG0vL2h5NlBrOHVYcjhXbHMvZnVyUjQ3ZTNLcGZjcUgvKzFlbzNqNXJXaVB0djRXdmVMazU0N2VTYit6Tk9CNjQwUFQ1MUJjTWo3aFlMbmhCUndQVGVZMjVVTnpnZlZWOWdPT1FXM09ENDVkYWF4TjdzM3MzeS83WjdGMTloK0JKbnM3Z0ViWGNzeGpKRjRPWmp6bkhqNnJGTUszRW5MNjdVOHQxRGNGL2d6QTJlWFRyZHZvQUVpdWw2aUl6djlvajNoVlh1MkpaaHl5MzFuTVNBR3M5a0JHdzFLTXBGS2dNT3hjY1ZvSE1LSUlBYmpFSjUvYUZqVDk1RUhwKzlmR3NIMDlxV1JTL2RNcFpQckhhYjBBL0VUYXhzZjFOWlZSZ2Z2aGNjbXZXUE53NUorc09ueFNEOEVqMEw2NFdVV1BySmtlL3BiRWI5Ti9NcnZiUnRhOENGYkN4amhvNEV6UFl3UUhzU2NkTmVVM2JvMTJZTC9kYUZmMUZ1cUJQdEg2K25HK29GOXhCTnFlTXFaUElOcGovdU5lOU9XMm9oL0tSMzJQYi9VT1o1cUc5ODVOaFRyc0pQSjZISDR1cThhVlMycnJsdXRvbTFYMTFYMFlNVXJya05MZTg3NUpidDNBcSsxKzhMdnlGb1A5YjJ0ZGxUdExsNTluY1VsMWFOUlNhSlcwbDc1OVBYY3d1Y2YyTlZwVnozczBsKysvUFIxVk5KUlgwUEJtNk0yWmx1MVF2UTJLU3J1ckJYam14TG80YWI2aVI4clRwUm5Cc0t1SW0vU21jN3g5TTYxMmlHQmRraGMyTEdoZVR0azBBNlpDenZhbXJkREFlMVF2bm83dWhZdnZWUzVjcm55eWVYNXR5NS9sYWJFbXpkRkJVMVJPVElsMGJ3cEdtaUt4cEVwN2MyYm9vT202QnlaMHRHOEtRWm9pc0dSS1J1Yk44VUVUVEU1TXFXemFWTmlvZ0M1VW44RERDNWMyVVRoQ3BoZ1JRWUpscGtyWFJTdWdFRldaQkJrbWJteW1jSVZNTStLRFBJc00xZTJVTGdDeGxxUnAxamJUZUVLbUd0Rm5uTHRWZ3BYd0dBcjhoUnN0MUc0QWlaYmthZGtleCtGSzJDMGxYaktLL2RUdUFKbVc0bW5OV2g3ODY1SVlMYVZlRnFEZWloY0FiT3R4Tk1hbEtSd0JjeTJFazlyMEFNVXJvRFpWdUpwRGRwQjRRcVliU1dlYnE4OFNPRUttRzFsbm40N2ZJakNGVERieWp5dHpBOVR1QUptVzVtbmxma1JDbGZBYkN2enRESi9pOElWTU52S1BLM01xZVpka2NGc0svTzBNcWNwWEFHenJjelR5cHloY0FYTXRqSlBmL25ZU2VFS21HMFZudTRrZkp2Q0ZURGJLano5NWVNN0ZLNkEyVmJoS2R0K2w4SVZNTnNxUEdYYlJ5bGNBYk90d2xPMmZZekNGVERiS2p4bDJ5eUZLMkMyVlhqS3RydWFkMFVCczYzQ1U3YmRUZUVLbUcwVm5yTHQ5eWhjQWJPdHdsTzIzVVBoQ3BodFZaNnk3VjRLVjhCc3EvS1ViWHNwWEFHenJjcFR0dTJqY0FYTXRpcFAyYmFmd2hVdzI2bzhaVnVCd2hVdzI2bzhaVnVSd2hVdzI2bzhaVnVwZVZkVU1OdXFQR1ZibWNJVk1OdXFQR1ZiaGNJVk1OdXFQR1ZibGNJVk1OdHFQR1ZicmViSzI2MlFMV25ZRmpEY05tZEw5UzJaL205dDBTa21DeGh1Tlo0aXYwSGhDaGh1Tlo0aXYwbmhDaGh1Tlo0aS96NEtWOEJ3cS9FVStRY29YQUhEcmNaVDVIKzhlVmMwTU54cVBFWCtRUXBYd0hDcjhSVDV2MC9oQ2hodU5aNGkvdzhvWElIRExVK1IvNGNVcm9EWlZ1Y3A4dStuY0FYTXRqcFAyWGFJd2hVdzIrbzhaZHRoQ2xmQWJLdnpsRzFIS0Z3QnM2M09VN1k5UU9FS21HMTFuckx0d2VaZDBjRnNxL09VYlorZ2NBWE10anBQMmZZUWhTdGd0dFY1eXJhakZLNkEyVmJuS2R2K2lNSVZNTnNhUEdYYkp5bGNBYk90d1ZPMlBVemhDcGh0RFo2eTdSRUtWOEJzYS9DVWJZOVN1QUptVzRPbmJKdWpjQVhNdGdaUDJmWlk4NjRZWUxZMWVNcTJUMUc0QW1aYmc2ZHNlNXpDRlREYkdqeWx1REVLVjhCc2EvS1U0dklVcm9EWjF1UXB4VDFONFFxWWJVMmVVdHdKQ2xmQWJHdnlsT0orVE9FS21HMU5ubExjVHloY0FiT3R5Vk9LK3ltRksyQzJOWG5LSzg4MDc0b0pabHVUcDN0eEp5bGNBYk90eVZPS2U3YTcrU2RSbXZBNzNEWTFXZWllUkptczNQeGsvbzEzK3VkL2Y3bHkrelcwdGZEbks1VmJOMWNhdE93allaY2JWUHR3MktoQlFwOElHblNLWXRyQTczWExZTnA4RGY3OGpHWUN3VzhOMWxUaS9jWk1vSEVhZzFhRzM4Z251MUliRkg3b2NkU2d4WGMvemkxZSs5dlhhOURQYVF4YW1ZTWpuNkg4VmM2Z1JPWGlad3N2MzRBTUlUN0hsekNrOFltK2EyR3lSV1BJeWdnYytYem5iN2doRXpTR3dHK0J5NGNoa3pTR3dPOFF4dUNsRHd3TXNaczNaSU1vZ0tGWDVnTWlEcFVqS3dQdnZWbDNCSU53WlBIYXpkekMxVit6ZGVSMFdOS0ZlaDRiQ1B1Tm1teUhmZHBzdStVWno1cmJWL1NMem9EOVB6Zms5WUkxckFBQSIgQ29ycmVsYXRpb25CaW5kaW5nPSIiIFVybEVuY29kZT0iVHJ1ZSIgLz4NCiAgICAgICAgPEZvcm1Qb3N0UGFyYW1ldGVyIE5hbWU9Il9fVklFV1NUQVRFIiBWYWx1ZT0ie3skSElEREVOMS5fX1ZJRVdTVEFURX19IiBSZWNvcmRlZFZhbHVlPSIiIENvcnJlbGF0aW9uQmluZGluZz0iIiBVcmxFbmNvZGU9IlRydWUiIC8+DQogICAgICAgIDxGb3JtUG9zdFBhcmFtZXRlciBOYW1lPSJfX1NDUk9MTFBPU0lUSU9OWCIgVmFsdWU9Int7JEhJRERFTjEuX19TQ1JPTExQT1NJVElPTlh9fSIgUmVjb3JkZWRWYWx1ZT0iMCIgQ29ycmVsYXRpb25CaW5kaW5nPSIiIFVybEVuY29kZT0iVHJ1ZSIgLz4NCiAgICAgICAgPEZvcm1Qb3N0UGFyYW1ldGVyIE5hbWU9Il9fU0NST0xMUE9TSVRJT05ZIiBWYWx1ZT0ie3skSElEREVOMS5fX1NDUk9MTFBPU0lUSU9OWX19IiBSZWNvcmRlZFZhbHVlPSIwIiBDb3JyZWxhdGlvbkJpbmRpbmc9IiIgVXJsRW5jb2RlPSJUcnVlIiAvPg0KICAgICAgICA8Rm9ybVBvc3RQYXJhbWV0ZXIgTmFtZT0iX19WSUVXU1RBVEVFTkNSWVBURUQiIFZhbHVlPSJ7eyRISURERU4xLl9fVklFV1NUQVRFRU5DUllQVEVEfX0iIFJlY29yZGVkVmFsdWU9IiIgQ29ycmVsYXRpb25CaW5kaW5nPSIiIFVybEVuY29kZT0iVHJ1ZSIgLz4NCiAgICAgICAgPEZvcm1Qb3N0UGFyYW1ldGVyIE5hbWU9Il9fRVZFTlRWQUxJREFUSU9OIiBWYWx1ZT0ie3skSElEREVOMS5fX0VWRU5UVkFMSURBVElPTn19IiBSZWNvcmRlZFZhbHVlPSJHdG1zWmNBdDR0aWY2b0Y4NVlQQWRSRHFrSVRIWnhSa2ltNTFxaWxOdTJnd2FvM1k0enZUb3V1Y1FxNjFhTVdhV0cvMmx6SjlzYVRLSUl5MWpXMzhMcUM2elpwYmRUaDJvUG00OEVhUVZJeTljWldZNU5rSDlONElCY3FzdGlwSlJsYzdobGh5TU1hb0d1VTlISDZ2dHpFQVNKME1Lb3hheUNRS0s5Rm5FMEcxdlF6MGZqTWlYUHVqODdpVGNLdk9qUFRjT2x1N1NFcHV1czhiZ01qZWVQWkFPeFBlUDN4ZzRIRnBNbzVXSmJVTU90M1BobjRCaFRiM2lJSmE2ZUpXTk5mNmwvNExWNzg2VzdlTDBxcGZtblFzOFVyV1RXcnZTblN2SWxhK2hORkUrOFordjh4VWJ3RGNXQUlLT1RmVlY1VFh0TDVoc2FBNk1SL205QiswWHREdGxxYlM1NHh0YVFwUmVEc3V6RTYrS2p5R2RwdGwwdVF6RS9nLzNsdHFCZ0VQa0V2V1hwNndZendXbDk3T1FDV1ZuRklyYldaU2tyY1JWMXFtNytEYmFXUFBRVXNVNUp3SkpoTE1wNFI1aTYrdkVSdS91cHZnNXc5VEdURFV0T3R5WGYrQW5KV1JjRk5Ia0RORHJLNytodjR4WURQY0pDKzROcE5ra0YrLzE2eElZVXh2RWxhRUhiZEZsYXdDbEwzMHVsMWxqR1FqVDJ5Nlc0c2R4NUpWem5rVzNnRzBkeVBKajkxSmg3RFg0d2ZGUXFtQWRXWUU4Vjl4T0pMdjRjazVOby90clVBejJnUk5ldDVDZERtZWNPOEZWdzlVNDh6VU41T1B1R3h1SE9YZmx0ZlhzS2pETUlITUliUUV2STViOWNiZmZVcjBOWlR0SUlUTWVjZU1XYWxzNHQvWkJVbjhXejFYbEdYdUNDWTNQTWhsbFdtclEvbFdQNUFrS2NxYjlJaHI4Vk5GOEFseWFXU0lxeE9LUm93czBSR0hWWUFENFFnVi9heXF3MkRTODBwWm85YjRNUTRjdldZdUpZUGJzTG4yd0crdkFPVjNkK0ErZlUwc1kwYXcrSXpyN3k2ZFdjNWFwUzBHaFpKNENWMmFCSTM1MjVvblQ3MjA0amsvaERyT0VjcXV3WTJSMCtjQXgzeFR4RGQrZGRSSzBYVGF1Tm5lL0tIQSsyREJXalVrVkNuK3lSRjlrTyt0Q09FaXNNeXdXbEdXUHhxV21laG9ETFNsbVp5cVQvdEJ2emlhdFFsazVpYkFFcG1UR0JEVDZXckxsanltTVlSL1ltL29xRkE3c3h5YnVPeWtYcmhMU1c1T09xd0hEdExUTWlCSHdWV0lkVW43QzkvZnFmb0xBY0xpbGZ4WElJeVlVRHlCV1M3Syt2YVZNZEtxTmgzVFpGNC9wQTdoTndyQlRHTElkRTZHUzFEcGd2SVBBVzhmSEhnNnBibHlMV3FyT244MDN0MFJabnRSQk9UNWtnRWdidmhNZEtnVVczaUpMRjg2aWRVeGluVTZzYkt2TVFUL200R3JSVHA3TnlsbzlqK0JMd3M9IiBDb3JyZWxhdGlvbkJpbmRpbmc9IiIgVXJsRW5jb2RlPSJUcnVlIiAvPg0KICAgICAgICA8Rm9ybVBvc3RQYXJhbWV0ZXIgTmFtZT0iU2NyZWVuV2lkdGgiIFZhbHVlPSJ7eyRISURERU4xLlNjcmVlbldpZHRofX0iIFJlY29yZGVkVmFsdWU9IiIgQ29ycmVsYXRpb25CaW5kaW5nPSIiIFVybEVuY29kZT0iVHJ1ZSIgLz4NCiAgICAgICAgPEZvcm1Qb3N0UGFyYW1ldGVyIE5hbWU9IlNjcmVlbkhlaWdodCIgVmFsdWU9Int7JEhJRERFTjEuU2NyZWVuSGVpZ2h0fX0iIFJlY29yZGVkVmFsdWU9IiIgQ29ycmVsYXRpb25CaW5kaW5nPSIiIFVybEVuY29kZT0iVHJ1ZSIgLz4NCiAgICAgICAgPEZvcm1Qb3N0UGFyYW1ldGVyIE5hbWU9ImJ0blF1ZXJ5IiBWYWx1ZT0i5p+l6KmiIiBSZWNvcmRlZFZhbHVlPSLmn6XoqaIiIENvcnJlbGF0aW9uQmluZGluZz0ie3tGb3JtUG9zdFBhcmFtMTMuYnRuUXVlcnl9fSIgVXJsRW5jb2RlPSJUcnVlIiAvPg0KICAgICAgICA8Rm9ybVBvc3RQYXJhbWV0ZXIgTmFtZT0iZGRsT3JnQW5kRmxvdyIgVmFsdWU9IiIgUmVjb3JkZWRWYWx1ZT0iIiBDb3JyZWxhdGlvbkJpbmRpbmc9IiIgVXJsRW5jb2RlPSJUcnVlIiAvPg0KICAgICAgICA8Rm9ybVBvc3RQYXJhbWV0ZXIgTmFtZT0iZGRsUXVlcnlDb25kaXRpb25zIiBWYWx1ZT0iMCIgUmVjb3JkZWRWYWx1ZT0iMCIgQ29ycmVsYXRpb25CaW5kaW5nPSJ7e0Zvcm1Qb3N0UGFyYW0xNS5kZGxRdWVyeUNvbmRpdGlvbnN9fSIgVXJsRW5jb2RlPSJUcnVlIiAvPg0KICAgICAgICA8Rm9ybVBvc3RQYXJhbWV0ZXIgTmFtZT0idHh0T1RFbXBJRCIgVmFsdWU9IjEwMjExOSIgUmVjb3JkZWRWYWx1ZT0iMTAyMTE5IiBDb3JyZWxhdGlvbkJpbmRpbmc9Int7Rm9ybVBvc3RQYXJhbTE0LnR4dE9URW1wSUR9fSIgVXJsRW5jb2RlPSJUcnVlIiAvPg0KICAgICAgICA8Rm9ybVBvc3RQYXJhbWV0ZXIgTmFtZT0idHh0T1RFbXBOYW1lIiBWYWx1ZT0iIiBSZWNvcmRlZFZhbHVlPSIiIENvcnJlbGF0aW9uQmluZGluZz0iIiBVcmxFbmNvZGU9IlRydWUiIC8+DQogICAgICAgIDxGb3JtUG9zdFBhcmFtZXRlciBOYW1lPSJ0eHRPVEZvcm1OTyIgVmFsdWU9IiIgUmVjb3JkZWRWYWx1ZT0iIiBDb3JyZWxhdGlvbkJpbmRpbmc9IiIgVXJsRW5jb2RlPSJUcnVlIiAvPg0KICAgICAgICA8Rm9ybVBvc3RQYXJhbWV0ZXIgTmFtZT0iZGRsT1RTdGF0dXMiIFZhbHVlPSIwIiBSZWNvcmRlZFZhbHVlPSIwIiBDb3JyZWxhdGlvbkJpbmRpbmc9Int7Rm9ybVBvc3RQYXJhbTE2LmRkbE9UU3RhdHVzfX0iIFVybEVuY29kZT0iVHJ1ZSIgLz4NCiAgICAgICAgPEZvcm1Qb3N0UGFyYW1ldGVyIE5hbWU9InR4dE9URGF0ZUJlZ2luJHR4dERhdGUiIFZhbHVlPSIiIFJlY29yZGVkVmFsdWU9IiIgQ29ycmVsYXRpb25CaW5kaW5nPSIiIFVybEVuY29kZT0iVHJ1ZSIgLz4NCiAgICAgICAgPEZvcm1Qb3N0UGFyYW1ldGVyIE5hbWU9InR4dE9URGF0ZUVuZCR0eHREYXRlIiBWYWx1ZT0iIiBSZWNvcmRlZFZhbHVlPSIiIENvcnJlbGF0aW9uQmluZGluZz0iIiBVcmxFbmNvZGU9IlRydWUiIC8+DQogICAgICAgIDxGb3JtUG9zdFBhcmFtZXRlciBOYW1lPSJ1Y01vZGFsUG9wdXAxJENsaWVudFdpZHRoIiBWYWx1ZT0ie3skSElEREVOMS51Y01vZGFsUG9wdXAxJENsaWVudFdpZHRofX0iIFJlY29yZGVkVmFsdWU9IjAiIENvcnJlbGF0aW9uQmluZGluZz0iIiBVcmxFbmNvZGU9IlRydWUiIC8+DQogICAgICAgIDxGb3JtUG9zdFBhcmFtZXRlciBOYW1lPSJ1Y01vZGFsUG9wdXAxJENsaWVudEhlaWdodCIgVmFsdWU9Int7JEhJRERFTjEudWNNb2RhbFBvcHVwMSRDbGllbnRIZWlnaHR9fSIgUmVjb3JkZWRWYWx1ZT0iMCIgQ29ycmVsYXRpb25CaW5kaW5nPSIiIFVybEVuY29kZT0iVHJ1ZSIgLz4NCiAgICAgIDwvRm9ybVBvc3RIdHRwQm9keT4NCiAgICA8L1JlcXVlc3Q+DQogICAgPFJlcXVlc3QgTWV0aG9kPSJQT1NUIiBHdWlkPSJlMTRiNWMwOC1lMTJkLTQxNTctYjIwMS1hYWNmNzBjMzJlNGYiIFZlcnNpb249IjEuMSIgVXJsPSJodHRwOi8vMTAuMTEuMzYuMTE0OjgwMDcvT3ZlclRpbWUvT3ZlcnRpbWVQcmVPcmRlci5hc3B4IiBUaGlua1RpbWU9IjEiIFRpbWVvdXQ9IjMwMCIgUGFyc2VEZXBlbmRlbnRSZXF1ZXN0cz0iVHJ1ZSIgRm9sbG93UmVkaXJlY3RzPSJUcnVlIiBSZWNvcmRSZXN1bHQ9IlRydWUiIENhY2hlPSJGYWxzZSIgUmVzcG9uc2VUaW1lR29hbD0iMCIgRW5jb2Rpbmc9InV0Zi04IiBFeHBlY3RlZEh0dHBTdGF0dXNDb2RlPSIwIiBFeHBlY3RlZFJlc3BvbnNlVXJsPSIiIFJlcG9ydGluZ05hbWU9IiIgSWdub3JlSHR0cFN0YXR1c0NvZGU9IkZhbHNlIj4NCiAgICAgIDxFeHRyYWN0aW9uUnVsZXM+DQogICAgICAgIDxFeHRyYWN0aW9uUnVsZSBDbGFzc25hbWU9Ik1pY3Jvc29mdC5WaXN1YWxTdHVkaW8uVGVzdFRvb2xzLldlYlRlc3RpbmcuUnVsZXMuRXh0cmFjdEhpZGRlbkZpZWxkcywgTWljcm9zb2Z0LlZpc3VhbFN0dWRpby5RdWFsaXR5VG9vbHMuV2ViVGVzdEZyYW1ld29yaywgVmVyc2lvbj0xMC4wLjAuMCwgQ3VsdHVyZT1uZXV0cmFsLCBQdWJsaWNLZXlUb2tlbj1iMDNmNWY3ZjExZDUwYTNhIiBWYXJpYWJsZU5hbWU9IjEiIERpc3BsYXlOYW1lPSLmk7flj5bpmrHol4/mrITkvY0iIERlc2NyaXB0aW9uPSLmk7flj5blm57mh4nkuK3nmoTmiYDmnInpmrHol4/mrITkvY3vvIzkuKblsIflroPlgJHmlL7lnKjmuKzoqablhaflrrnkuK3jgIIiPg0KICAgICAgICAgIDxSdWxlUGFyYW1ldGVycz4NCiAgICAgICAgICAgIDxSdWxlUGFyYW1ldGVyIE5hbWU9IlJlcXVpcmVkIiBWYWx1ZT0iVHJ1ZSIgLz4NCiAgICAgICAgICAgIDxSdWxlUGFyYW1ldGVyIE5hbWU9Ikh0bWxEZWNvZGUiIFZhbHVlPSJUcnVlIiAvPg0KICAgICAgICAgIDwvUnVsZVBhcmFtZXRlcnM+DQogICAgICAgIDwvRXh0cmFjdGlvblJ1bGU+DQogICAgICA8L0V4dHJhY3Rpb25SdWxlcz4NCiAgICAgIDxDb3JyZWxhdGlvbkV4dHJhY3Rpb25SdWxlcz4NCiAgICAgICAgPEV4dHJhY3Rpb25SdWxlIENsYXNzbmFtZT0iTWljcm9zb2Z0LlZpc3VhbFN0dWRpby5UZXN0VG9vbHMuV2ViVGVzdGluZy5SdWxlcy5FeHRyYWN0Rm9ybUZpZWxkLCBNaWNyb3NvZnQuVmlzdWFsU3R1ZGlvLlF1YWxpdHlUb29scy5XZWJUZXN0RnJhbWV3b3JrLCBWZXJzaW9uPTEwLjAuMC4wLCBDdWx0dXJlPW5ldXRyYWwsIFB1YmxpY0tleVRva2VuPWIwM2Y1ZjdmMTFkNTBhM2EiIFZhcmlhYmxlTmFtZT0iRm9ybVBvc3RQYXJhbTUuYnRuUXVlcnkiIERpc3BsYXlOYW1lPSIiIERlc2NyaXB0aW9uPSIiPg0KICAgICAgICAgIDxSdWxlUGFyYW1ldGVycz4NCiAgICAgICAgICAgIDxSdWxlUGFyYW1ldGVyIE5hbWU9Ik5hbWUiIFZhbHVlPSJidG5RdWVyeSIgLz4NCiAgICAgICAgICAgIDxSdWxlUGFyYW1ldGVyIE5hbWU9Ikh0bWxEZWNvZGUiIFZhbHVlPSJUcnVlIiAvPg0KICAgICAgICAgICAgPFJ1bGVQYXJhbWV0ZXIgTmFtZT0iUmVxdWlyZWQiIFZhbHVlPSJGYWxzZSIgLz4NCiAgICAgICAgICAgIDxSdWxlUGFyYW1ldGVyIE5hbWU9IkluZGV4IiBWYWx1ZT0iMCIgLz4NCiAgICAgICAgICA8L1J1bGVQYXJhbWV0ZXJzPg0KICAgICAgICA8L0V4dHJhY3Rpb25SdWxlPg0KICAgICAgICA8RXh0cmFjdGlvblJ1bGUgQ2xhc3NuYW1lPSJNaWNyb3NvZnQuVmlzdWFsU3R1ZGlvLlRlc3RUb29scy5XZWJUZXN0aW5nLlJ1bGVzLkV4dHJhY3RGb3JtRmllbGQsIE1pY3Jvc29mdC5WaXN1YWxTdHVkaW8uUXVhbGl0eVRvb2xzLldlYlRlc3RGcmFtZXdvcmssIFZlcnNpb249MTAuMC4wLjAsIEN1bHR1cmU9bmV1dHJhbCwgUHVibGljS2V5VG9rZW49YjAzZjVmN2YxMWQ1MGEzYSIgVmFyaWFibGVOYW1lPSJGb3JtUG9zdFBhcmFtNi50eHRPVEVtcElEIiBEaXNwbGF5TmFtZT0iIiBEZXNjcmlwdGlvbj0iIj4NCiAgICAgICAgICA8UnVsZVBhcmFtZXRlcnM+DQogICAgICAgICAgICA8UnVsZVBhcmFtZXRlciBOYW1lPSJOYW1lIiBWYWx1ZT0idHh0T1RFbXBJRCIgLz4NCiAgICAgICAgICAgIDxSdWxlUGFyYW1ldGVyIE5hbWU9Ikh0bWxEZWNvZGUiIFZhbHVlPSJUcnVlIiAvPg0KICAgICAgICAgICAgPFJ1bGVQYXJhbWV0ZXIgTmFtZT0iUmVxdWlyZWQiIFZhbHVlPSJGYWxzZSIgLz4NCiAgICAgICAgICAgIDxSdWxlUGFyYW1ldGVyIE5hbWU9IkluZGV4IiBWYWx1ZT0iMCIgLz4NCiAgICAgICAgICA8L1J1bGVQYXJhbWV0ZXJzPg0KICAgICAgICA8L0V4dHJhY3Rpb25SdWxlPg0KICAgICAgICA8RXh0cmFjdGlvblJ1bGUgQ2xhc3NuYW1lPSJNaWNyb3NvZnQuVmlzdWFsU3R1ZGlvLlRlc3RUb29scy5XZWJUZXN0aW5nLlJ1bGVzLkV4dHJhY3RUZXh0LCBNaWNyb3NvZnQuVmlzdWFsU3R1ZGlvLlF1YWxpdHlUb29scy5XZWJUZXN0RnJhbWV3b3JrLCBWZXJzaW9uPTEwLjAuMC4wLCBDdWx0dXJlPW5ldXRyYWwsIFB1YmxpY0tleVRva2VuPWIwM2Y1ZjdmMTFkNTBhM2EiIFZhcmlhYmxlTmFtZT0iRm9ybVBvc3RQYXJhbTcuZGRsUXVlcnlDb25kaXRpb25zIiBEaXNwbGF5TmFtZT0iIiBEZXNjcmlwdGlvbj0iIj4NCiAgICAgICAgICA8UnVsZVBhcmFtZXRlcnM+DQogICAgICAgICAgICA8UnVsZVBhcmFtZXRlciBOYW1lPSJTdGFydHNXaXRoIiBWYWx1ZT0icyZxdW90OzpbJnF1b3Q7IiAvPg0KICAgICAgICAgICAgPFJ1bGVQYXJhbWV0ZXIgTmFtZT0iRW5kc1dpdGgiIFZhbHVlPSImcXVvdDssJnF1b3Q7MSZxdW90OyIgLz4NCiAgICAgICAgICAgIDxSdWxlUGFyYW1ldGVyIE5hbWU9IkluZGV4IiBWYWx1ZT0iMCIgLz4NCiAgICAgICAgICAgIDxSdWxlUGFyYW1ldGVyIE5hbWU9Iklnbm9yZUNhc2UiIFZhbHVlPSJGYWxzZSIgLz4NCiAgICAgICAgICAgIDxSdWxlUGFyYW1ldGVyIE5hbWU9IlVzZVJlZ3VsYXJFeHByZXNzaW9uIiBWYWx1ZT0iRmFsc2UiIC8+DQogICAgICAgICAgICA8UnVsZVBhcmFtZXRlciBOYW1lPSJIdG1sRGVjb2RlIiBWYWx1ZT0iVHJ1ZSIgLz4NCiAgICAgICAgICAgIDxSdWxlUGFyYW1ldGVyIE5hbWU9IlJlcXVpcmVkIiBWYWx1ZT0iRmFsc2UiIC8+DQogICAgICAgICAgPC9SdWxlUGFyYW1ldGVycz4NCiAgICAgICAgPC9FeHRyYWN0aW9uUnVsZT4NCiAgICAgICAgPEV4dHJhY3Rpb25SdWxlIENsYXNzbmFtZT0iTWljcm9zb2Z0LlZpc3VhbFN0dWRpby5UZXN0VG9vbHMuV2ViVGVzdGluZy5SdWxlcy5FeHRyYWN0VGV4dCwgTWljcm9zb2Z0LlZpc3VhbFN0dWRpby5RdWFsaXR5VG9vbHMuV2ViVGVzdEZyYW1ld29yaywgVmVyc2lvbj0xMC4wLjAuMCwgQ3VsdHVyZT1uZXV0cmFsLCBQdWJsaWNLZXlUb2tlbj1iMDNmNWY3ZjExZDUwYTNhIiBWYXJpYWJsZU5hbWU9IkZvcm1Qb3N0UGFyYW04LmRkbE9UU3RhdHVzIiBEaXNwbGF5TmFtZT0iIiBEZXNjcmlwdGlvbj0iIj4NCiAgICAgICAgICA8UnVsZVBhcmFtZXRlcnM+DQogICAgICAgICAgICA8UnVsZVBhcmFtZXRlciBOYW1lPSJTdGFydHNXaXRoIiBWYWx1ZT0icyZxdW90OzpbJnF1b3Q7IiAvPg0KICAgICAgICAgICAgPFJ1bGVQYXJhbWV0ZXIgTmFtZT0iRW5kc1dpdGgiIFZhbHVlPSImcXVvdDssJnF1b3Q7MSZxdW90OyIgLz4NCiAgICAgICAgICAgIDxSdWxlUGFyYW1ldGVyIE5hbWU9IkluZGV4IiBWYWx1ZT0iMCIgLz4NCiAgICAgICAgICAgIDxSdWxlUGFyYW1ldGVyIE5hbWU9Iklnbm9yZUNhc2UiIFZhbHVlPSJGYWxzZSIgLz4NCiAgICAgICAgICAgIDxSdWxlUGFyYW1ldGVyIE5hbWU9IlVzZVJlZ3VsYXJFeHByZXNzaW9uIiBWYWx1ZT0iRmFsc2UiIC8+DQogICAgICAgICAgICA8UnVsZVBhcmFtZXRlciBOYW1lPSJIdG1sRGVjb2RlIiBWYWx1ZT0iVHJ1ZSIgLz4NCiAgICAgICAgICAgIDxSdWxlUGFyYW1ldGVyIE5hbWU9IlJlcXVpcmVkIiBWYWx1ZT0iRmFsc2UiIC8+DQogICAgICAgICAgPC9SdWxlUGFyYW1ldGVycz4NCiAgICAgICAgPC9FeHRyYWN0aW9uUnVsZT4NCiAgICAgIDwvQ29ycmVsYXRpb25FeHRyYWN0aW9uUnVsZXM+DQogICAgICA8Rm9ybVBvc3RIdHRwQm9keT4NCiAgICAgICAgPEZvcm1Qb3N0UGFyYW1ldGVyIE5hbWU9IlRvb2xraXRTY3JpcHRNYW5hZ2VyMV9IaWRkZW5GaWVsZCIgVmFsdWU9Ijs7QWpheENvbnRyb2xUb29sa2l0LCBWZXJzaW9uPTQuMS43LjYwNywgQ3VsdHVyZT1uZXV0cmFsLCBQdWJsaWNLZXlUb2tlbj0yOGYwMWIwZTg0YjZkNTNlOnpoLUhhbnQ6N2I5NWVkMWEtNmEzZi00MWRkLWJjNWItNjNmMzllZGJjNGI0OmRlMWZlYWIyOmZjZjBlOTkzOmYyYzhlNzA4OjcyMGE1MmJmOmY5Y2VjOWJjOjU4OWVhYTMwOjY5ODEyOWNmOmZiOWI0YzU3OmNjYjk2Y2Y5OmE2N2MyNzAwOjg2MTNhZWE3OjMyMDJhNWEyOmFiMDllM2ZlOjg3MTA0YjdjOmJlNmZiMjk4IiBSZWNvcmRlZFZhbHVlPSI7O0FqYXhDb250cm9sVG9vbGtpdCwgVmVyc2lvbj00LjEuNy42MDcsIEN1bHR1cmU9bmV1dHJhbCwgUHVibGljS2V5VG9rZW49MjhmMDFiMGU4NGI2ZDUzZTp6aC1IYW50OjdiOTVlZDFhLTZhM2YtNDFkZC1iYzViLTYzZjM5ZWRiYzRiNDpkZTFmZWFiMjpmY2YwZTk5MzpmMmM4ZTcwODo3MjBhNTJiZjpmOWNlYzliYzo1ODllYWEzMDo2OTgxMjljZjpmYjliNGM1NzpjY2I5NmNmOTphNjdjMjcwMDo4NjEzYWVhNzozMjAyYTVhMjphYjA5ZTNmZTo4NzEwNGI3YzpiZTZmYjI5OCIgQ29ycmVsYXRpb25CaW5kaW5nPSIiIFVybEVuY29kZT0iVHJ1ZSIgLz4NCiAgICAgICAgPEZvcm1Qb3N0UGFyYW1ldGVyIE5hbWU9Il9fRVZFTlRUQVJHRVQiIFZhbHVlPSJ7eyRISURERU4xLl9fRVZFTlRUQVJHRVR9fSIgUmVjb3JkZWRWYWx1ZT0iIiBDb3JyZWxhdGlvbkJpbmRpbmc9IiIgVXJsRW5jb2RlPSJUcnVlIiAvPg0KICAgICAgICA8Rm9ybVBvc3RQYXJhbWV0ZXIgTmFtZT0iX19FVkVOVEFSR1VNRU5UIiBWYWx1ZT0ie3skSElEREVOMS5fX0VWRU5UQVJHVU1FTlR9fSIgUmVjb3JkZWRWYWx1ZT0iIiBDb3JyZWxhdGlvbkJpbmRpbmc9IiIgVXJsRW5jb2RlPSJUcnVlIiAvPg0KICAgICAgICA8Rm9ybVBvc3RQYXJhbWV0ZXIgTmFtZT0iX19MQVNURk9DVVMiIFZhbHVlPSJ7eyRISURERU4xLl9fTEFTVEZPQ1VTfX0iIFJlY29yZGVkVmFsdWU9IiIgQ29ycmVsYXRpb25CaW5kaW5nPSIiIFVybEVuY29kZT0iVHJ1ZSIgLz4NCiAgICAgICAgPEZvcm1Qb3N0UGFyYW1ldGVyIE5hbWU9Il9fVlNUQVRFIiBWYWx1ZT0ie3skSElEREVOMS5fX1ZTVEFURX19IiBSZWNvcmRlZFZhbHVlPSJBUitMQ0FBQUFBQUFCQURkbmUxekU4Y2R4MjFoeWNZMkdCS3NrSWRLb2lVUkZHemYzdlBodUMyMkliZ0JSTEJDMnhDcW5uV0hmUFZaNTBwbndIM0IwSm1TMERTWmtBbEpTdWgwSmpONVRzbWt3N1JEU1pycEg5QVhmZEVYZloySmJQeXFmMEs3ZHlkWnQ5YjZRV3V5YWRZTTltbDM3Mzc3Kys3dVo3OCs2K0cvclQwN0k5RkVMamZpRk4yU1k1ZFBtcitZdFVybUNhZnNEdXY1cVNmTnVWd3UzaFh0TFp3N3BsdkYzWG5YNXNEdWtVa3pQM1hRdHFQeGVyRWs3YzVQVG8xTU9rN1pESmRyd2dybEs3V1hWeWhYVmloWFZ5alhRdVVQMU1zQng2MVVBVmFxNEVNVnNhQ2k1L0Y5TGQyYllyMmRIWm5zaURNOU16YmFuc2tlOG43R010bFIzVFhoajZ3MWJYWm5zdU91N3M2V2ordlRaaGNzYzF6ZDlpcGc4K3lGNHRob1I2MEJQRGpzbEthUFp6b1AyODc1RWIxc3dtdnUyTmRpd3YrZDBkajRpU1BEVDRKb0RQWUdBQzNheTNOQUdlQ2tBUUF1MWcralhSeDNnT011Y2dCK2o4WXFWejVjdlA3Mm5yMm54K2ZLcmpuZFAycm1yV25kM3ArYUx1ZWRrbTFON0UrZE1rdGx5eWtPaWYyYzkyOS9hbVRXZG1kTDVsRFJuSFZMWHRzVHN4TzJsWWNUSWV0TW1jV2hDVVhScGJ3a0EwMFFUVTdWTm9GK0xob1BlaGYwemVzT0oza1BvcTFTZE52U3cycjF4dlBaMTdaS1VBRU55bE1KS3FKQkJTcEJKVFNvU0NXb2pBYVZxQVJWMEtBeWxhQXFHbFNoRWxSRGc2bzBnZ0lPRGFwUkNRcVFvSkFPTklLaVJBSlVpQVJRSWdFcVJBSW9rUUFWSWdHVVNJQUtrUUJLSkVDRlNBQWxFcUJDSklBU0NWQWhFa0NKeEZOWnB6eEtKSjdLN09WUkl2RlVaaStQRW9tbk1udDVsRWc4bGRuTG8wVGlxY3hlSGlVU1QyVS81VkVpQ1ZTQXo2TkVFdWdzR1pSSUFwMGxneEpKb0xKa0JKUklBcFVsSTZCRUVxZ3NHUUVsa2tCbHlRZ29rUVFxRmxSQWlTUlMyZG9FbEVnaUZRc3FvRVFTcVJCSlFJa2tVaUdTZ0JKSnBFSWtBU1dTU0lWSUlrb2trUXFSUkpSSUloVWlpU2lSUkNwRUVsRWlpVlNJSktKRWtxZ1FTVVNKSkZFaGtvZ1NTYUpDSkJFbGtrU0ZTQ0pLSklrS2tVU1VTQklWSWtrb2tTUXFSSkpRSWtsVWlDU2hSSktvRUVsQ2lTUlJJWktFRWtuZU9KSG0zL3lvY3ZOM3F3ZUZSQUwzTk9oNk1rV0pKRlBCb0lRU1NhYUNRUWtsa2t3Rmd4SktKSmtLQm1XVVNESVZETW9va1dRcUdKUlJJc2xVTUNpalJKS3BZRkJlUmlRcUdKUlJqNlJRSVpLTUVrbWhRaVFaSlpKQ2hVZ3lTaVNGQ3BGa2xFZ0tGU0lwS0pFVUtrUlNVQ0lwVklpa29FUlNxQkJKUVlta1VDR1NnaEpKb1VJa0JTV1NTb1ZJQ2tva2xRcVJGSlJJS2hVaUtTaVJWQ3BFVWxBaXFWU0lwS0pFVXFrUVNVV0pwRkloa29vU1NhVkNKQlVsa2tvRkRpcEtKSTBLSEZTVVNCb1ZPS2dva1RRcWNGQlJJbWxVNEtDaVJOTG93QUVsa2tZRkRocEtKSTNLT3RWUUltbFVuSU9HRWtsYkR4ekVBYjRXMURzTWdzb1g0WGZZZzlEZEZhNGZZSUo2Zi9vQnlOMFZzSjVNVnc5YXozVGxvTXVlZVVVblV3SEpsRitCU1BBM0FVbmRTRkQvQXVGTWEwRjl0ZGVWS1pBdjFnOWhVT0JQSkg1ZGQ4eEUrTnQvNkk2WjZQMGxrMHBRR2MxMFBlemRlRkFGSFZNNlFWVWtxTENlL1hUalFUVTA2SXF6bDFNM0ZOUy9RQzFvR0E3aDJkc1JhVFY2b3Axd3IrTzl1eUdpMkJPUEoyS2o1b3c3TmhwOUtNMXgzQk9BUysvM0Q3alFRZUsrVEtuZ1BaLzlxRlYyNGFGZWhPMGo2WFJpYSs2RVhqREh5dDVUM284NmhjbEViN1hncVZtek5EZnVscXhpd1MrUEJjK3VyMldjMkZWdGQzRFdkUTdPek5oemg2WW5UTU1yR3ltWFIyeTlYQzRrMHRVMjNoUDFYZmgvUEY5eWJQdUVVN1pjeXlsbWlyVlhOeFFTblVFS1hnL05SRmVvcjlFUHQ1Wk4yOHk3cWRHeDhlelk4WkZzS3ErWHpWVHEvS1JaVEdWRXJ2L3BtV28rS2F1Y0tqcHVxamhyMnltM3NkcTA0WG5wZE1vc0dpbTk3RlV1MWUyM3l0NVplN3dUYWtYcDlONXFzMXBKT0xDd2VtQmh0Y0FDSnJEUUdGakFCdVpYRDh5dkZwakhCT1liQS9QWXdHRDF3S0FoOEI3LzdPRGtWYy9kVXgzaGVwT3pKV2M2WlI0NWVXeDhkRGczbGowNTJuL2FtSERPOUovMkcxaS8xTDM1NDAyUk05NzFTMmFxZXVKUU9OQmV2eHRCK251WE5BQWhEVUxwZVYxY09ibUczR3JxQVZTOWVwQVZRcXltNEdvajF6aHdvUTdYQmc0V3JkSUkwMlhNSE1ETVIvemE4TDY4b0tQTytlTHlxSDdTSVVIOTlPdVora2RCaGw5Y3UvYkZ0VXZwMUw1NjYzM3B2dlRTUSsvVk9wNEltTjRIN1VDb0lTYWZvQkdQYXlRc2F5VGdHb25MR29uaFJqZ1YvQTQzTVgwektkczg2NlorN2xqRjlaNGhjaW5IbTAyd0x5Y2QyeHh4REhNb0xYTHBsQTRuUzZqSHFhSE0wbUhUUVlScUVDRWNSS2dGRWU1TkVMNGFoQThINFd0QitIc1RCRlNEZ0hBUVVBc0M3azJRYW94d0NDN3RCOEJldndxdE9uRWdCTDFGbkNrWlppazFNUmZlZFVMN1FJak1JY1FzcmZwVW9oMGUrYnRtUjgwS0pIcHFlN0RwNmxtOVVDN0VJNUZOUFVaOEIvemVFNC9BL2Y2b1ZaaDBoNTBMd3lWVG56cFUxQ2RzMDVnMDRwR3pzRlZicE5WdjFYN0tLbHV3WXRJd0lsRy9wQzFyWG5Dak8rOWVmMjNoNm5OZjNyNzVuODlldlB2UmJ4ZmVmNm55K2VVdkxyMEwyejNxdFV0dWlYYlBmM0w3N3ArdUxyNXc2ZTViTDhMeXZkWHluaS92M0ttOGNPUHVyZWZuNzF5RjE0RlZmZFdxWGxqbGxiOTJlLzdWTitlZi84M0N0ZmNYM25zRk5oam9xWGJNUzJLYlljUmJ6eG9SVUN1TWVZVTk4WTdFMWxIZDFVL3A5cXg1MkRKdEk5cm1EVWxpaTFmcWRUc283UEFLdmZXYTZNcnQ4cXFHbmRtaVVVaTBMMm13clRleXZROSt3Y1FXZndXNzhyejNJQjVZcXI1bHZlK050TVNDbWgzN05rVUtCYjluVWI4N3lhMUJCNUk5OVpqSmJZWGs5bnNRb1owOEF1RDY3cjcrNGVMbFB5NjgrM0xseWdkUTRGb0VFSTRnMU5UdHFLb0xnM1hXNXljTXVRV2gzMUxjMXNhNHZhMHQ4TXF0eThUcHJFOXg4cXUxMTYvR2IveHFtMnRYNndydGIrU1hVL3daRy9FWGxMZnNPdUdVODE2YzZybHUzWTEyejhHdlp3ZU9IWHQyd0RBU25ibHhWeSs1L290WFcvNXV2WGpqWC8vc1NIVGtEaFdOYXRGd1cvTG12enZnSmNiS0owM2R5QlR0dVVuWUlPczRkdGFhaWZhZFh2ejBEL092dm5BbVZYbmxzOHJMSDgyLzhjNzhqZWZnK2p5OWVPTzZYejUvKy9MaTliY3JsOStyZlB6WFlJMTczV3VGT1J2ZVduZUtlZHZLVDBXZmVkcTE3TnpJNUJTRVE5WXBGR3pUcDRCbFcrN2NuclI3d1ExZVlUdHNGcXhpTGo4NVZhOU43MDh0cnplc2M5NGFPd2doazk0N2FNQzFIUEV3RWkyN2M3WVpUWjR6UzY2VjErMCszYllLeFFPdU16TjRidWx5QndicklDTExFcDdaNlJTTkNUdkliS3M3YVpYN3ozbUFHRXFuQncwNEtQRllJb1lkanMwTm8zSEVRd1F5R0VlOCtRZUhOWGtmZW5MeS9xVVJUTzVZR3JsazcyUXl2dEZoU2o0UVBiVys4WUY5WFdWMHZGcjgyQ1Izcm50WWtnODJQUjdKaC9DamtIeDRtWVNQTE1tZS9GWkliODE3NWZmMlRTM2VLZHNLSHNMSFhITjZCQ0xjalpqSjdvTFJ1aTNlNHYzcmhyK290d1FFKzBlcjM5MjJ4R2J2dDg0UngzWktuYmxFVzI3WCtIQ2t3NGpIenk0SkRQc0hGM2FnUkZBV2JFeXR3RENDalJNK2FIaEp0YTlaNzNtblpQUk5lSnZwQWY4NzFNNkd5YlZWejZyZXBxdHRwRjVKY0RZc2lWVkwyaXVmdnA1WitQd0RJNWhYd1dtWC8vTGxwNi9Ea283YUpvbTkrMmw0OEFvYWhPK0R3dUxPYXJGMzF3RSs3S3BkK0xIaVJIbG0wRThWYXBOTWR1YVNxZlhLd1dQbDRKbVFZMVB6Y2doWU9RUW01R2hyWGc0Uks0ZjQxY3ZSdlhqNXBjclZLNVZQcnN5L2RlV3JGQ1hhdkNnU1ZoU0pJVkZpellzaVkwV1JHUktsdlhsUkZLd29Da09pZERRdmlvb1ZSV1ZJbE0zTmk2SmhSZEVZRXFXemFWRWlnTU9wVW51SEN5WlU2U0pRQmV0Z0FRVUhTMDJWYmdKVnNFWVdVREN5MUZUWlFxQUsxczhDQ242V21pcGJDVlRCMmxyQWtxM3RJVkFGNjJzQlM3NTJHNEVxV0dNTFdESzIyd2xVd1RwYndKS3p2WTlBRmF5MTVWbnlLL2NUcUlMMXRqeExlOUNPNWxYaHNkNldaMmtQNmlWUUJldHRlWmIyb0RpQktsaHZ5N08wQnoxQW9BclcyL0lzN1VFN0NWVEJlbHVlcGRzckR4S29ndlcyQWt1L0hUNUVvQXJXMndvczdjd1BFNmlDOWJZQ1N6dnpJd1NxWUwydHdOTE8vQzBDVmJEZVZtQnBaMDQwcjRxQTliWUNTenR6a2tBVnJMY1ZXTnFaVXdTcVlMMnR3TkpmUG5ZUnFJTDF0aUpMZHhLK1RhQUsxdHVLTFAzbDR6c0VxbUM5cmNpU3Q5MU5vQXJXMjRvc2VkdEhDVlRCZWx1UkpXLzdHSUVxV0c4cnN1UnQwd1NxWUwydHlKSzMzZE84S2lMVzI0b3NlZHU5QktwZ3ZhM0lrcmY5TG9FcVdHOHJzdVJ0OXhHb2d2VzJFa3ZlZGorQktsaHZLN0hrYmZzSVZNRjZXNGtsYjl0UG9BclcyMG9zZWRzQkFsV3czbFppeWR0eUJLcGd2YTNFa3JjRkJLcGd2YTNFa3JmbG0xZEZ3bnBiaVNWdkt4Q29ndlcyRWt2ZVZpUlFCZXR0SlphOHJVU2dDdGJieWl4NVc3bXF5dHV0Z1N3N0dqVEFPdG5tTkFqZVlPbi9WZ09GWUdaZ25hek1rcjlYQ1ZUQk9sbVpKWCt2RWFpQ2RiSXlTLzcrQUlFcVdDY3JzK1R2QndsVXdUcFptU1YvLzNqenFzaFlKeXV6NU8rSENGVEJPbG1aSlgvL1BRSlZzRTVXWnNuZmY1OUFGYnlUWmNuZi80QkFGYXkzVlZqeTl3Y0pWTUY2VzRVbGJ6dE1vQXJXMnlvc2Vkc1JBbFd3M2xaaHlkdU9FcWlDOWJZS1M5NzJFSUVxV0crcnNPUnREemV2aW9MMXRncEwzdllKQWxXdzNsWmh5ZHNlSVZBRjYyMFZscnp0R0lFcVdHK3JzT1J0ZjBpZ0N0YmJxaXg1MnljSlZNRjZXNVVsYjN1VVFCV3N0MVZaOHJiSENGVEJlbHVWSlc5N25FQVZyTGRWV2ZLMkdRSlZzTjVXWmNuYm5taGVGUlhyYlZXV3ZPMVRCS3BndmEzS2tyYzlTYUFLMXR1cUxMbTRjUUpWc041V1k4bkZaUWxVd1hwYmpTVVg5elNCS2xodnE3SGs0azRScUlMMXRocExMdTVIQktwZ3ZhM0drb3Y3TVlFcVdHK3JzZVRpZmtLZ0N0YmJhaXo1bFdlYVYwWERlbHVOcFh0eHB3bFV3WHBialNVWDkyelBHcytZMVBEdlhkdlV6Q0I3eG1TOGN1dVQrVGZlR1pqLy9aWEtuZGZnMGNLZnIxWnUzMnBVWTltbnVTNVhvL3E1cm1FMXVINkFWZU1Nd1J6QnY0c3RoVG55TmVqejB6Vm5DLzRkdnByeXN0K1kyWkpiVTQxR0R4djZ1RlZpTmZ4UElnNnJzZmp1eDVuRjYzLzdldFg0MlpwcU5IclgwS2NZZjVWekkxYTU5Tm5DeXpkeDJTT2ZwSXRrWC85TTNmVndWRjh6KzBhUEd2bzQ1Vzk0OWhOclpvOS85MWsyc3Mrdm1UMytuYmdvdk9xQVF2YkdHdGx2QWh6V1hBcHNMSHh6N2ZRYlhlUzkyUVU0RlVsLzhmcXR6TUsxWDlOTi82eGYwZzJ0VVdUUXp4dDIyZkJ6Mm1KWTVSbGJuenRRZElybW9QRS9NODZtY0lTc0FBQT0iIENvcnJlbGF0aW9uQmluZGluZz0iIiBVcmxFbmNvZGU9IlRydWUiIC8+DQogICAgICAgIDxGb3JtUG9zdFBhcmFtZXRlciBOYW1lPSJfX1ZJRVdTVEFURSIgVmFsdWU9Int7JEhJRERFTjEuX19WSUVXU1RBVEV9fSIgUmVjb3JkZWRWYWx1ZT0iIiBDb3JyZWxhdGlvbkJpbmRpbmc9IiIgVXJsRW5jb2RlPSJUcnVlIiAvPg0KICAgICAgICA8Rm9ybVBvc3RQYXJhbWV0ZXIgTmFtZT0iX19TQ1JPTExQT1NJVElPTlgiIFZhbHVlPSJ7eyRISURERU4xLl9fU0NST0xMUE9TSVRJT05YfX0iIFJlY29yZGVkVmFsdWU9IjAiIENvcnJlbGF0aW9uQmluZGluZz0iIiBVcmxFbmNvZGU9IlRydWUiIC8+DQogICAgICAgIDxGb3JtUG9zdFBhcmFtZXRlciBOYW1lPSJfX1NDUk9MTFBPU0lUSU9OWSIgVmFsdWU9Int7JEhJRERFTjEuX19TQ1JPTExQT1NJVElPTll9fSIgUmVjb3JkZWRWYWx1ZT0iMCIgQ29ycmVsYXRpb25CaW5kaW5nPSIiIFVybEVuY29kZT0iVHJ1ZSIgLz4NCiAgICAgICAgPEZvcm1Qb3N0UGFyYW1ldGVyIE5hbWU9Il9fVklFV1NUQVRFRU5DUllQVEVEIiBWYWx1ZT0ie3skSElEREVOMS5fX1ZJRVdTVEFURUVOQ1JZUFRFRH19IiBSZWNvcmRlZFZhbHVlPSIiIENvcnJlbGF0aW9uQmluZGluZz0iIiBVcmxFbmNvZGU9IlRydWUiIC8+DQogICAgICAgIDxGb3JtUG9zdFBhcmFtZXRlciBOYW1lPSJfX0VWRU5UVkFMSURBVElPTiIgVmFsdWU9Int7JEhJRERFTjEuX19FVkVOVFZBTElEQVRJT059fSIgUmVjb3JkZWRWYWx1ZT0icFFLdWpDalV0bjRUN0RrZVU2ZVlzUW1vNFBsak5jY0lRTlJPY1VYQjFpNlZ6ZGlxajZNWjVQZFRiMWdBb3JLeWY3MzBUSlFpU21OSnNWOXlBQkR6VzFLUUdYdDMwUm5SUFlqeWdIMXBKaUVnNGhDT01QekczM2pLTllMcUFUYVZsVXg4Zlh3MFRXN2M1R2srZkJGVnp6eGZVVzNPN2luK0Zla3VDcm1lZXBtZHBEeG1MdW9rdTFQZlA3ZWN1YUZKc2dJOVR2Zk45S2Y3ODMyTDIva0RJSHFIcUJJRWxGLzhxY285ZUZIS1d3MUZvMGl1Z3lVY1BsUkhKSlpBdkQxTUl3N1loMy9pU2l1YmpkelFaV0xjc3NCSytPTGtERGd1cGdRYW1GMElLOXltQ0JEaWRnWXVTWEVDRUZzakhIbW1iQlAvS1FMSTVzL2hUaWo5Qkp4cVRHT1hNZ1JvdHhWOS9wTWtmTnVTb1BGU04xNGRXWVphVitKQUZRdmwyVnU5eWhFeWF3dFVDYUxKbHBOYU92Snk1V0dOd0lVMi9UUUVxOGFlbDNLOGEzYVNxRXV3TFNUaCtnZHQwWHJWNGVDd3JSQjZhQWRYRnd6cXorY05hVXZ5RXFHalBPWUFQTmxUYlZmbEEramoxVFYrU0RhUnpBSE03THJCN015TEs1Q3duT0RGazlDb0MwSHBxV2EvR2xkNS9ocmdIUnoxNnNEaEZlZVRobnhOcDVnVThNQVVrZlEvVmZxV3hqa29jaVZBV0lDK1R0dVd4RXJIdHVKcWhoYkhiMVVZTjBIMDk4MVY2aWlTem1ESWtoWUxLOVJZdk5RRjVNS0tLQTQxV3l4ZW0yVHFXaENCRGdUWk1RemUzMDJCMzhVWWFUbzdFN1FnY0hneHJmK0JYck1QcW13U0hBa3RKd2hEQlhxQXdYSHpOdndUdEplMFhBS1V4TkdraWNhYzJsQVkwNkphSDdjd1ZJb2RubGdlU1JZQ1B3VUhWV1pXWUxZMy9VUzFqWE5maFRoWitiOFVaWG1CcVdHd3RsSEd2ZFFOcE8wZFgzUjlFK2pQL1lYK29NUVZFTkl2RTE4REFGVkFDYUJBSUNzZlJDZ295RjllTFZURTJ0OFFNQk16VXEyejg1VjQrcVBIaUZTQjhYTDhNcm42bzlQMnV5NG1IVGd1WDZEUnl6aHVjRk0yWktaRmVqZkpGWXdZczJ3Zkg1VmVzK21sOXdLcnZJQ1UwQVhMK1Rkc2J4bU00NlNneCtTVGtjdWxjUHFyNXBld0hnNnlhM3FhM0djbzFZemlNWWp1YjdCT2NtS0NCRW5SaTM1VmhVVU5SR29vUDZVOU9kQTlYMFdLSWZ5aTB6MnpnNWhBOVNtc0t2eXkrMHh2dG5PWnRDOHF4cXBaTTJ1bW9pazhhRlBFZ0tBUUxXKzYrd2pxMlllT2xBa1F1UzlpZnlpWllVYjJ4ZnhON0YrL3hSYzZhUWpyRHhGU1lqcmk3VGdXcGV5SjZlbVl6YzhObUJJRnFPeDRjSkJWMzF3UnB5cXorUGhYWHlJL2FSdDhJUXhubFRwT2d0WFg0ZksxTy9OTEo3dkUyT2VkUHpTaTVnRHZRMmQ2ZUQvZVlsRjVzZzFIcFd3V3FvSUhRUVBvTElQUlZ6ME1vZk1QejZhTnc5OVVtdk9EeFoyL2RvclZiMHBNMi91U0hGdkhqUXQyTGpXbjVGN2FyZ2FkR3ZhNFNFbFh3WkpVMnBWTGhxbXE2UTZGU044L25Zd0diR0VKTkpWK3ljN08ydlJDN1RnQ1RIYTlmcGZQQWtlYmZkWVJ5bDh1MXY1MG01T3BuOGw5QkVBdm94R293U1UxcVQ0L3pRQWFXQkg4SFBoYVd6OVpaUEhOM21MeGRTQktXbWhhSDNyVGh2ZmRjenFoVGhxTDFGcFZPZXNta0Q2Ulk0cmpCU21VMkRjNjNjRlpGZEI1WWNaZ1JFWDRGMWVsbXA2azFXMlBVa0ZVRTNZWnVpM2FuSlN6QVRtWDgrYy9kWkFxcmVXQmNEZG9wR2RCODlqbVRldTVoRW1BRzY0Z1BRb3pHbWFCRCtTN3pGWjBJZ2tNNDVwdGxTa1kzUmRpRVloWVEzTXZSMStORUF0SURRUEFWV0R5R3NyaUYvMEZCK284WVh2WW9SRDZxRGEwN1JCcXQ4WnNmN2dycWtNOFM1RmpHREYyUTU1OUVhejdFR0EyZkg0YmhySy90VEJCRlVQd3B2Q3VCRG9xNkV0ajJ0cGg5M0VsTVQrMlhXdGppMFg2ZXhFTkZlTGZTR0poc2Iwd3lSVE5wTzhBRTF2bGpMb3pnREo4VThpSzQ1SEpCbHRkM2d2TUM0V1FaTk9CSkpBTjFHVVhrNUtRUk1xMDBkbGlDa3lmczhqejVBemJsNVhYQjFwV3VtUGoraWNWSHRPcWx3blJEeW5WZ05OV3ptNE1XbUM3Y3BuVVpGYXYySEIxOExsSDUvVXE3L1BIdTJheG5HajU5cFdHQ2pxU2lTQk40VjJLOVlZMDBRUlRhQWN5TGNCWTRiTnhOUzlwTFJTcThjMGJ6OGtaVnlLN0FibmllUlloY1lHQnhkMDFmVXgrWENPVm1pbk1Rb2VITjg2YlRKR1FZd2JleENzUEVPSGZaM0Qrcks4Vm5vWGZvSlc0b0hBT0R6cTNKanpTUnJMUTVkRlAwWHpRQnl2eVJMdzdCUFNSTlQyWkxyZms5b20vaGdOdSt5Q29BVWlvSjdPS2hveXduTEhta0J4cURzSjFTaVUvNS9lTUV3RGFNN2ZGbnRjU05lUUErUVRkSjJYb3hNZmdqSzBuQ2tMV0FXak1lQXRrVDZ3aHUzaFB4dW82MnNJcWVhVWYvaTEyWG1Eb0FmSEloRjRodk00OHBGMW04UHl2ZmVSYzNsYlpUb1M1c2ZVOFllejNJcWRkMm44WkdsY296NU94OTErZTRnNDVobkFHdUNLZ3M4bDVoelcwdjZveU9qcHBCdmJFUURFV0hQczhlNVp5OTdlMEJkeW9UVFNvMnhCYVlQTnN0K3hOWnZGZzJyTkMwd3EzRGFQRlJQQTdwTEVUaXRvd2VsYUJFMTNldzFWejEzdlY0WnUrOEFNQ2xtellGejFzdVNVa1htVmx5VTFEUzBVZzlqdXBLbk5VbmVnNTFzTEhoNm9ySDVOa1hJQmNKcFkrZjFFUTd1bFVvRGd3S2NuY2s2RkxWalVLeFFPc2lzMlp1UUd5QlVhYXJRMXNaOTFHWVdRWmQ3cXBhc205bUxEbXNmZmx2Z2xBdE9BdGJ4emJabkFTUHVOUTRWTW5UZmQ0T0RXanphNHRhWHlZZWdyVVJoVk1HVUptQko3T3hIajV2YXFOSEFGelR1YjFnQ21PbmFjY0tnS1R0V1NsMGM1WXI2OEJJZ29XR1BwcXpjeFFLcy9ORE56aEN3eC9PM1dWb3hWWjg3Szd4VEhZKzFHQk9BeG5sUm9aZDlheVY5Nm05NjNadDdTdmFOWTVvS0hZa1NOM1U4YTZqWERMQWZBV3U3T1o1bk9KanhKUWdRRkVWbUlucm1SMWJIL2ZENUdzZEFpUHIwOGIvUUVnNC91Z0dLdEhBOW42YTQyU3pHdEZtZnluTkxLZUJza3F5QU52ZmM5MEh5K3hkTDY3MWxRUG9SbHY2YVk2eEIyY0FkSk9ZdWFqWW1KaWp1TTJrRmJ3ZXFhWUZFR1FLaGhlT0M4TVdKL1VrQnhBZkwvRnlndW1FbVI3ZkFlN3pqUEVJQWM3eHdmMVhQTm5nQUhFc1lKVUNZOHplQnpENU1VOW9DM3A1UVl5NWN4V2lJVlBLS2U0QUtucUJuenNnK241UUo1NjhjVVRhbzhyeXkyMjJHbVVNc2JOSW44empTZkdOWEJGNVl5cEUwaldlb0plYmRNV3NpMUtVM0hzTlpBZVJhLy9CaDJFeGtkU1pjVFFOT1podFdNNDEzMXh0VzJSdEY2b2taSXIxcXFYMDJzUk5YdFE5dWx5dVRJTVJWdFdTR3JkKzl5UW1QYWFmWUkwa0RmSXRIenhRMEJtdHM0cEdkYkdScFN5RncxS2RCYjFnNVNRcm1CQWNXMzZ3d2pha290NjZjZ2dBNHJaVDdUZWVDciszaDM2TFoyM25JS3FVbkFRUUU5enJ5UVBkRnFrcUc0T3ZVRlg0VktMbUpjcHdpSmhIa2hsQmJtb1kxZldWMGtxMTJLQVR3UnFkT3hGdER3RmlDWkNxaDJ0WFVvTG1zdmgzSUNOSExZVGVQSERrcU5kK1A3amRqMHIrN3Z0d0xiODRLa3JIRFR6L2Z5QTArSFZuUHFvNEw1bHJaS2NYVVFuZWgza3pUSlpJN1RMcXRZNENRVS9xaUZNV0RDajROMEd4anVlWHNDRGZVZDFTeFJBUHlCOURxRmtWVUxRY2grRTVoRWIrUVZjTEt6M2lwS0dndlV0MkpkeFdxU2d3WUN5Z3BMWktJd09TTTRxbHQ2SHBobkN1amJ5Z3F2T3lidzJHTEFMdHZMSlMzTm5EdWJHb0FGNXNkUTMvQU5Ba2FvZk9wOFhkaGhDNHNRUEdnb1pKQ3NmY3FrVmRiVUZFNHIyR1MrdlRxS0pBcDN2dkFnT3JjSmxzU0hOOUhleFFLWkkwY2RHenRIV011Qmp2K3VRQ3IzZ0w3ZlhWYlBvTXlFL0dtbEp1eU4rUlBWYWduell2UnJYeUc0aFFoWVBPR1Y4ejh4ZHJYaXdGbVp4L0hXaiticEZrNGtJNFZjTkN3dThJNTRDL0lPZEU3NllkMUIzeWZLUExVelJoQ3ZreThEaFppeGtiVldWWFdTL2FJTVhUOXBLRUFHRVhYaTVrdC8rbENQbUdPYmNLeFlmVXg2cGxnZ05mZFMwZW9NQkx4RlE0YXhVM2g5YzNsSUE2aHlGRnZVN1k5TGhBTDBJUWFDKy9veURCN0hMZ29xL0MyVHEySzJZTVVkRTBNemE3UFMwUzRzeVFYS2d5ZitTQSsxdE1KdGgzbmp5UTJjQ2laTUcxeS9WMkJNTU1ONCtnRTFzSnZxb01Vay9VUWptS3h6c0hHZFk1VnZiYUFCeWNDQjR2QlJUa0hVcG5VdUI5Yk9VNmZnd1llZ25wTFRSczBPNTdUaXBqdnNYb3FldklHeXRxZDVhMG11eFdFMmNQQ2toZGF6R3J0eXVvRmJQdEtBd1d2alY2bXBwOUNoQjJkQlBZNDhGQS93MkxHbk8wZzJOQXRwL29rUnIxb2NkTWxaaXBYUEY4eVRmWEJ0TTVjUGpPZDhpa1dqcTJEWWV0bWtUNU53WTl2cjU2V2xBRDJKTE5LS0orU0hJbXlXaTFZRkxUelFOenZCSnoxL25rRk9iOE5tTWtOQ1paNlVDZElLTjA4QUl0VmFxSkh6aVZLaVBReUcyMHl1QldGdDh2L05rQlAxbmF4OGRqTjZNYzVaNDU1OXpnTmJMY25Nb1M3enhRUDBzYlI5MFI0SWZZdmRQMERvdTZOVnJjenIySjd1SDFmaUxDWTBmd2VYNGM0eU9YV1FrWkpBbnR2SGkxVmZVaWpXVll4ZFgrTlJVZ01xNm9hT1NMWnNBajZxb1Yxem9SSitjTC9Rdk5UODI1bHBhOVV5MUp4R25IUE0vVDRkQ2l6QnFQVktRayt4SEJIL0k3NDNZQ0llc0dGemtydnh1S3krbEhNbjFLWEYwejM1cTVVWUVqWXJvd3kwOVRMb2FZMEFadTFJZEM5OUxvbmJURFp1V01ITWpIYkpBNU44Yk1LZXFzNm5Cd1cwRUdwL2FEVFltUGt2K0RPSEQwZFk1WngvWFhVei9YSHYzL1J4cjliWVFraS9FWHJ6WGFKdTVZRDlGY0JqSmh1QlpuZjdjNWlhYTlicmtJTHFMcTc3aG1TM0FLZVJmb2JvM29rUG0wVGZRNmpqZG8rNWtmbzIybWlKYnE0NEVxMlFSZ3IySFpXcGZsQUNVcXdRWEsrK2cwRVg5WnBXaUp0ZkYweW14ZWwxM2U5REwvTXdSNmJxNHpSMnFVcnNFU1RsUEhyZ1FsVVhZZWlOa1AyYTZJdW9yTmNHQnRSakQzNWVpQjJWQXpiOUsyREMvZlZZMThrcFIyRk40K2RwaTNXRW5CYlBiVy80VnZzNE5HdGV3QzBxTDBjVHZwTXdycWxZYmhObWVjZXgzbHdvSHN0Q2tzb0c0ZkFZVmVMbUxJczFidnlZdzNOV3ZmUTUrTHdwUWlZNU9QYnk3TGcyN2w0dmpRWC9zMSt3Z3JKdkZNMzUvTlZrUW5ZWVJObXZRcXpkbHR5NWNwVlZISDFwbU5MblpSYTIvV01SVmo0U29USEtuL0FoMUVoUnlOa0s4S3BrZkMzYTN3WU41U3dQZDJWbEo3enNFeElEaWVrcm90MUFhalhHVEpDZjc1bnJSSTNqRVEyYTJBeXUwaiswU0g3dWQ3OHdhUDY2NjlaUHNueWl1WHR5SyswWlNEcnVvaHBiZkhYK2dpZVhrWEdkVng0dU1EMk1vb0U4WTE1S1lpeitoK0JWVjh3dnhvQ1B2VGVpK0drMmtuNktXeGpvQzVrQXBkS0xmUnJzWGZhWjJBR0g4bmhpSDlwMmlQOGRkOUQ1S1c2M21CTG16eUMzQ1lzVzRybDNEU1VVU29UMDdLaVB2WXJqaWdzdEN2bzlZcnAxZmx5MmprN3NidzFsZjFCQy96U3RPVGZmUXhWT2RWcmhDalJHYlJtc2NBUnMzOGlKc3NEeEUxTFFMd1F0WGdadFdINzEzV0xQTlI3a0hOMGJicEpuRzJwZzN4TUh3ajBNY3A2OTZKTjg4dngzWWRHYTI5Rmt5ZnVKMmdNTi9NQ0ZBZkhSNnhyYnFMWW94RUo3Y0FOak45bWM4WmRhY2NSVWljdVMzd2Y5RFNiVEFvWnY0cGxrRVk3OWJCcWhoNGpOSDNLY2ErSnJab1F2V2l5RUNCb3VWOTJ1TkIxMDg2UUMxRFI1a3A2K2p5dTF4SHZLMVBjQmJrWjVnR2Q1TTR3WWlCZVdUKzNqeHF6M2hxbGtHR3lHc3hVcVF5MDQ5aWYrZkJiYWkvN0ZYT1FCU3M3R0RIV3ZOelRBaXlOM2ZYOUdoc1NzM2dIaFdLU1Y5QUNoV2NTUDlOUUZLbGt0RThPNzRvQXhVYjJMdkdHc1VwMEtReUtjYWt0OFVpMUpLTk1QblVLZHVQSmRoQ3UvSUtIWE1WY0xIWTFsakFiNVBScTJOVksvWXhGZnhaT3hCVmpoUm8wd1lQWDlzT1g0dkg2RTJFYzNnbWR4UEpWaGY5WXkwSVVPRzJta3dES1JPVnNaSzBqa0lzZ0JXb0E9PSIgQ29ycmVsYXRpb25CaW5kaW5nPSIiIFVybEVuY29kZT0iVHJ1ZSIgLz4NCiAgICAgICAgPEZvcm1Qb3N0UGFyYW1ldGVyIE5hbWU9IlNjcmVlbldpZHRoIiBWYWx1ZT0ie3skSElEREVOMS5TY3JlZW5XaWR0aH19IiBSZWNvcmRlZFZhbHVlPSIiIENvcnJlbGF0aW9uQmluZGluZz0iIiBVcmxFbmNvZGU9IlRydWUiIC8+DQogICAgICAgIDxGb3JtUG9zdFBhcmFtZXRlciBOYW1lPSJTY3JlZW5IZWlnaHQiIFZhbHVlPSJ7eyRISURERU4xLlNjcmVlbkhlaWdodH19IiBSZWNvcmRlZFZhbHVlPSIiIENvcnJlbGF0aW9uQmluZGluZz0iIiBVcmxFbmNvZGU9IlRydWUiIC8+DQogICAgICAgIDxGb3JtUG9zdFBhcmFtZXRlciBOYW1lPSJidG5BY3Rpb25YIiBWYWx1ZT0i5riF6ZmkIiBSZWNvcmRlZFZhbHVlPSLmuIXpmaQiIENvcnJlbGF0aW9uQmluZGluZz0ie3tGb3JtUG9zdFBhcmFtOS5idG5BY3Rpb25YfX0iIFVybEVuY29kZT0iVHJ1ZSIgLz4NCiAgICAgICAgPEZvcm1Qb3N0UGFyYW1ldGVyIE5hbWU9ImRkbE9yZ0FuZEZsb3ciIFZhbHVlPSIiIFJlY29yZGVkVmFsdWU9IiIgQ29ycmVsYXRpb25CaW5kaW5nPSIiIFVybEVuY29kZT0iVHJ1ZSIgLz4NCiAgICAgICAgPEZvcm1Qb3N0UGFyYW1ldGVyIE5hbWU9ImRkbFF1ZXJ5Q29uZGl0aW9ucyIgVmFsdWU9IjAiIFJlY29yZGVkVmFsdWU9IjAiIENvcnJlbGF0aW9uQmluZGluZz0ie3tGb3JtUG9zdFBhcmFtMTEuZGRsUXVlcnlDb25kaXRpb25zfX0iIFVybEVuY29kZT0iVHJ1ZSIgLz4NCiAgICAgICAgPEZvcm1Qb3N0UGFyYW1ldGVyIE5hbWU9InR4dE9URW1wSUQiIFZhbHVlPSIxMDIxMTkiIFJlY29yZGVkVmFsdWU9IjEwMjExOSIgQ29ycmVsYXRpb25CaW5kaW5nPSJ7e0Zvcm1Qb3N0UGFyYW0xMC50eHRPVEVtcElEfX0iIFVybEVuY29kZT0iVHJ1ZSIgLz4NCiAgICAgICAgPEZvcm1Qb3N0UGFyYW1ldGVyIE5hbWU9InR4dE9URW1wTmFtZSIgVmFsdWU9IiIgUmVjb3JkZWRWYWx1ZT0iIiBDb3JyZWxhdGlvbkJpbmRpbmc9IiIgVXJsRW5jb2RlPSJUcnVlIiAvPg0KICAgICAgICA8Rm9ybVBvc3RQYXJhbWV0ZXIgTmFtZT0idHh0T1RGb3JtTk8iIFZhbHVlPSIiIFJlY29yZGVkVmFsdWU9IiIgQ29ycmVsYXRpb25CaW5kaW5nPSIiIFVybEVuY29kZT0iVHJ1ZSIgLz4NCiAgICAgICAgPEZvcm1Qb3N0UGFyYW1ldGVyIE5hbWU9ImRkbE9UU3RhdHVzIiBWYWx1ZT0iMCIgUmVjb3JkZWRWYWx1ZT0iMCIgQ29ycmVsYXRpb25CaW5kaW5nPSJ7e0Zvcm1Qb3N0UGFyYW0xMi5kZGxPVFN0YXR1c319IiBVcmxFbmNvZGU9IlRydWUiIC8+DQogICAgICAgIDxGb3JtUG9zdFBhcmFtZXRlciBOYW1lPSJ0eHRPVERhdGVCZWdpbiR0eHREYXRlIiBWYWx1ZT0iIiBSZWNvcmRlZFZhbHVlPSIiIENvcnJlbGF0aW9uQmluZGluZz0iIiBVcmxFbmNvZGU9IlRydWUiIC8+DQogICAgICAgIDxGb3JtUG9zdFBhcmFtZXRlciBOYW1lPSJ0eHRPVERhdGVFbmQkdHh0RGF0ZSIgVmFsdWU9IiIgUmVjb3JkZWRWYWx1ZT0iIiBDb3JyZWxhdGlvbkJpbmRpbmc9IiIgVXJsRW5jb2RlPSJUcnVlIiAvPg0KICAgICAgICA8Rm9ybVBvc3RQYXJhbWV0ZXIgTmFtZT0idWNNb2RhbFBvcHVwMSRDbGllbnRXaWR0aCIgVmFsdWU9Int7JEhJRERFTjEudWNNb2RhbFBvcHVwMSRDbGllbnRXaWR0aH19IiBSZWNvcmRlZFZhbHVlPSIwIiBDb3JyZWxhdGlvbkJpbmRpbmc9IiIgVXJsRW5jb2RlPSJUcnVlIiAvPg0KICAgICAgICA8Rm9ybVBvc3RQYXJhbWV0ZXIgTmFtZT0idWNNb2RhbFBvcHVwMSRDbGllbnRIZWlnaHQiIFZhbHVlPSJ7eyRISURERU4xLnVjTW9kYWxQb3B1cDEkQ2xpZW50SGVpZ2h0fX0iIFJlY29yZGVkVmFsdWU9IjAiIENvcnJlbGF0aW9uQmluZGluZz0iIiBVcmxFbmNvZGU9IlRydWUiIC8+DQogICAgICA8L0Zvcm1Qb3N0SHR0cEJvZHk+DQogICAgPC9SZXF1ZXN0Pg0KICAgIDxSZXF1ZXN0IE1ldGhvZD0iUE9TVCIgR3VpZD0iMTI5NDZkMmMtZmQ5ZC00YzEwLTgyYzEtZDYyODk2ZDdjZjZjIiBWZXJzaW9uPSIxLjEiIFVybD0iaHR0cDovLzEwLjExLjM2LjExNDo4MDA3L092ZXJUaW1lL092ZXJ0aW1lUHJlT3JkZXIuYXNweCIgVGhpbmtUaW1lPSIxIiBUaW1lb3V0PSIzMDAiIFBhcnNlRGVwZW5kZW50UmVxdWVzdHM9IlRydWUiIEZvbGxvd1JlZGlyZWN0cz0iVHJ1ZSIgUmVjb3JkUmVzdWx0PSJUcnVlIiBDYWNoZT0iRmFsc2UiIFJlc3BvbnNlVGltZUdvYWw9IjAiIEVuY29kaW5nPSJ1dGYtOCIgRXhwZWN0ZWRIdHRwU3RhdHVzQ29kZT0iMCIgRXhwZWN0ZWRSZXNwb25zZVVybD0iIiBSZXBvcnRpbmdOYW1lPSIiIElnbm9yZUh0dHBTdGF0dXNDb2RlPSJGYWxzZSI+DQogICAgICA8RXh0cmFjdGlvblJ1bGVzPg0KICAgICAgICA8RXh0cmFjdGlvblJ1bGUgQ2xhc3NuYW1lPSJNaWNyb3NvZnQuVmlzdWFsU3R1ZGlvLlRlc3RUb29scy5XZWJUZXN0aW5nLlJ1bGVzLkV4dHJhY3RIaWRkZW5GaWVsZHMsIE1pY3Jvc29mdC5WaXN1YWxTdHVkaW8uUXVhbGl0eVRvb2xzLldlYlRlc3RGcmFtZXdvcmssIFZlcnNpb249MTAuMC4wLjAsIEN1bHR1cmU9bmV1dHJhbCwgUHVibGljS2V5VG9rZW49YjAzZjVmN2YxMWQ1MGEzYSIgVmFyaWFibGVOYW1lPSIxIiBEaXNwbGF5TmFtZT0i5pO35Y+W6Zqx6JeP5qyE5L2NIiBEZXNjcmlwdGlvbj0i5pO35Y+W5Zue5oeJ5Lit55qE5omA5pyJ6Zqx6JeP5qyE5L2N77yM5Lim5bCH5a6D5YCR5pS+5Zyo5ris6Kmm5YWn5a655Lit44CCIj4NCiAgICAgICAgICA8UnVsZVBhcmFtZXRlcnM+DQogICAgICAgICAgICA8UnVsZVBhcmFtZXRlciBOYW1lPSJSZXF1aXJlZCIgVmFsdWU9IlRydWUiIC8+DQogICAgICAgICAgICA8UnVsZVBhcmFtZXRlciBOYW1lPSJIdG1sRGVjb2RlIiBWYWx1ZT0iVHJ1ZSIgLz4NCiAgICAgICAgICA8L1J1bGVQYXJhbWV0ZXJzPg0KICAgICAgICA8L0V4dHJhY3Rpb25SdWxlPg0KICAgICAgPC9FeHRyYWN0aW9uUnVsZXM+DQogICAgICA8Q29ycmVsYXRpb25FeHRyYWN0aW9uUnVsZXM+DQogICAgICAgIDxFeHRyYWN0aW9uUnVsZSBDbGFzc25hbWU9Ik1pY3Jvc29mdC5WaXN1YWxTdHVkaW8uVGVzdFRvb2xzLldlYlRlc3RpbmcuUnVsZXMuRXh0cmFjdEZvcm1GaWVsZCwgTWljcm9zb2Z0LlZpc3VhbFN0dWRpby5RdWFsaXR5VG9vbHMuV2ViVGVzdEZyYW1ld29yaywgVmVyc2lvbj0xMC4wLjAuMCwgQ3VsdHVyZT1uZXV0cmFsLCBQdWJsaWNLZXlUb2tlbj1iMDNmNWY3ZjExZDUwYTNhIiBWYXJpYWJsZU5hbWU9IkZvcm1Qb3N0UGFyYW0xLmJ0bkFjdGlvblgiIERpc3BsYXlOYW1lPSIiIERlc2NyaXB0aW9uPSIiPg0KICAgICAgICAgIDxSdWxlUGFyYW1ldGVycz4NCiAgICAgICAgICAgIDxSdWxlUGFyYW1ldGVyIE5hbWU9Ik5hbWUiIFZhbHVlPSJidG5BY3Rpb25YIiAvPg0KICAgICAgICAgICAgPFJ1bGVQYXJhbWV0ZXIgTmFtZT0iSHRtbERlY29kZSIgVmFsdWU9IlRydWUiIC8+DQogICAgICAgICAgICA8UnVsZVBhcmFtZXRlciBOYW1lPSJSZXF1aXJlZCIgVmFsdWU9IkZhbHNlIiAvPg0KICAgICAgICAgICAgPFJ1bGVQYXJhbWV0ZXIgTmFtZT0iSW5kZXgiIFZhbHVlPSIwIiAvPg0KICAgICAgICAgIDwvUnVsZVBhcmFtZXRlcnM+DQogICAgICAgIDwvRXh0cmFjdGlvblJ1bGU+DQogICAgICAgIDxFeHRyYWN0aW9uUnVsZSBDbGFzc25hbWU9Ik1pY3Jvc29mdC5WaXN1YWxTdHVkaW8uVGVzdFRvb2xzLldlYlRlc3RpbmcuUnVsZXMuRXh0cmFjdEZvcm1GaWVsZCwgTWljcm9zb2Z0LlZpc3VhbFN0dWRpby5RdWFsaXR5VG9vbHMuV2ViVGVzdEZyYW1ld29yaywgVmVyc2lvbj0xMC4wLjAuMCwgQ3VsdHVyZT1uZXV0cmFsLCBQdWJsaWNLZXlUb2tlbj1iMDNmNWY3ZjExZDUwYTNhIiBWYXJpYWJsZU5hbWU9IkZvcm1Qb3N0UGFyYW0yLnR4dE9URW1wSUQiIERpc3BsYXlOYW1lPSIiIERlc2NyaXB0aW9uPSIiPg0KICAgICAgICAgIDxSdWxlUGFyYW1ldGVycz4NCiAgICAgICAgICAgIDxSdWxlUGFyYW1ldGVyIE5hbWU9Ik5hbWUiIFZhbHVlPSJ0eHRPVEVtcElEIiAvPg0KICAgICAgICAgICAgPFJ1bGVQYXJhbWV0ZXIgTmFtZT0iSHRtbERlY29kZSIgVmFsdWU9IlRydWUiIC8+DQogICAgICAgICAgICA8UnVsZVBhcmFtZXRlciBOYW1lPSJSZXF1aXJlZCIgVmFsdWU9IkZhbHNlIiAvPg0KICAgICAgICAgICAgPFJ1bGVQYXJhbWV0ZXIgTmFtZT0iSW5kZXgiIFZhbHVlPSIwIiAvPg0KICAgICAgICAgIDwvUnVsZVBhcmFtZXRlcnM+DQogICAgICAgIDwvRXh0cmFjdGlvblJ1bGU+DQogICAgICAgIDxFeHRyYWN0aW9uUnVsZSBDbGFzc25hbWU9Ik1pY3Jvc29mdC5WaXN1YWxTdHVkaW8uVGVzdFRvb2xzLldlYlRlc3RpbmcuUnVsZXMuRXh0cmFjdFRleHQsIE1pY3Jvc29mdC5WaXN1YWxTdHVkaW8uUXVhbGl0eVRvb2xzLldlYlRlc3RGcmFtZXdvcmssIFZlcnNpb249MTAuMC4wLjAsIEN1bHR1cmU9bmV1dHJhbCwgUHVibGljS2V5VG9rZW49YjAzZjVmN2YxMWQ1MGEzYSIgVmFyaWFibGVOYW1lPSJGb3JtUG9zdFBhcmFtMy5kZGxRdWVyeUNvbmRpdGlvbnMiIERpc3BsYXlOYW1lPSIiIERlc2NyaXB0aW9uPSIiPg0KICAgICAgICAgIDxSdWxlUGFyYW1ldGVycz4NCiAgICAgICAgICAgIDxSdWxlUGFyYW1ldGVyIE5hbWU9IlN0YXJ0c1dpdGgiIFZhbHVlPSJzJnF1b3Q7OlsmcXVvdDsiIC8+DQogICAgICAgICAgICA8UnVsZVBhcmFtZXRlciBOYW1lPSJFbmRzV2l0aCIgVmFsdWU9IiZxdW90OywmcXVvdDsxJnF1b3Q7IiAvPg0KICAgICAgICAgICAgPFJ1bGVQYXJhbWV0ZXIgTmFtZT0iSW5kZXgiIFZhbHVlPSIwIiAvPg0KICAgICAgICAgICAgPFJ1bGVQYXJhbWV0ZXIgTmFtZT0iSWdub3JlQ2FzZSIgVmFsdWU9IkZhbHNlIiAvPg0KICAgICAgICAgICAgPFJ1bGVQYXJhbWV0ZXIgTmFtZT0iVXNlUmVndWxhckV4cHJlc3Npb24iIFZhbHVlPSJGYWxzZSIgLz4NCiAgICAgICAgICAgIDxSdWxlUGFyYW1ldGVyIE5hbWU9Ikh0bWxEZWNvZGUiIFZhbHVlPSJUcnVlIiAvPg0KICAgICAgICAgICAgPFJ1bGVQYXJhbWV0ZXIgTmFtZT0iUmVxdWlyZWQiIFZhbHVlPSJGYWxzZSIgLz4NCiAgICAgICAgICA8L1J1bGVQYXJhbWV0ZXJzPg0KICAgICAgICA8L0V4dHJhY3Rpb25SdWxlPg0KICAgICAgICA8RXh0cmFjdGlvblJ1bGUgQ2xhc3NuYW1lPSJNaWNyb3NvZnQuVmlzdWFsU3R1ZGlvLlRlc3RUb29scy5XZWJUZXN0aW5nLlJ1bGVzLkV4dHJhY3RUZXh0LCBNaWNyb3NvZnQuVmlzdWFsU3R1ZGlvLlF1YWxpdHlUb29scy5XZWJUZXN0RnJhbWV3b3JrLCBWZXJzaW9uPTEwLjAuMC4wLCBDdWx0dXJlPW5ldXRyYWwsIFB1YmxpY0tleVRva2VuPWIwM2Y1ZjdmMTFkNTBhM2EiIFZhcmlhYmxlTmFtZT0iRm9ybVBvc3RQYXJhbTQuZGRsT1RTdGF0dXMiIERpc3BsYXlOYW1lPSIiIERlc2NyaXB0aW9uPSIiPg0KICAgICAgICAgIDxSdWxlUGFyYW1ldGVycz4NCiAgICAgICAgICAgIDxSdWxlUGFyYW1ldGVyIE5hbWU9IlN0YXJ0c1dpdGgiIFZhbHVlPSJzJnF1b3Q7OlsmcXVvdDsiIC8+DQogICAgICAgICAgICA8UnVsZVBhcmFtZXRlciBOYW1lPSJFbmRzV2l0aCIgVmFsdWU9IiZxdW90OywmcXVvdDsxJnF1b3Q7IiAvPg0KICAgICAgICAgICAgPFJ1bGVQYXJhbWV0ZXIgTmFtZT0iSW5kZXgiIFZhbHVlPSIwIiAvPg0KICAgICAgICAgICAgPFJ1bGVQYXJhbWV0ZXIgTmFtZT0iSWdub3JlQ2FzZSIgVmFsdWU9IkZhbHNlIiAvPg0KICAgICAgICAgICAgPFJ1bGVQYXJhbWV0ZXIgTmFtZT0iVXNlUmVndWxhckV4cHJlc3Npb24iIFZhbHVlPSJGYWxzZSIgLz4NCiAgICAgICAgICAgIDxSdWxlUGFyYW1ldGVyIE5hbWU9Ikh0bWxEZWNvZGUiIFZhbHVlPSJUcnVlIiAvPg0KICAgICAgICAgICAgPFJ1bGVQYXJhbWV0ZXIgTmFtZT0iUmVxdWlyZWQiIFZhbHVlPSJGYWxzZSIgLz4NCiAgICAgICAgICA8L1J1bGVQYXJhbWV0ZXJzPg0KICAgICAgICA8L0V4dHJhY3Rpb25SdWxlPg0KICAgICAgPC9Db3JyZWxhdGlvbkV4dHJhY3Rpb25SdWxlcz4NCiAgICAgIDxGb3JtUG9zdEh0dHBCb2R5Pg0KICAgICAgICA8Rm9ybVBvc3RQYXJhbWV0ZXIgTmFtZT0iVG9vbGtpdFNjcmlwdE1hbmFnZXIxX0hpZGRlbkZpZWxkIiBWYWx1ZT0iOztBamF4Q29udHJvbFRvb2xraXQsIFZlcnNpb249NC4xLjcuNjA3LCBDdWx0dXJlPW5ldXRyYWwsIFB1YmxpY0tleVRva2VuPTI4ZjAxYjBlODRiNmQ1M2U6emgtSGFudDo3Yjk1ZWQxYS02YTNmLTQxZGQtYmM1Yi02M2YzOWVkYmM0YjQ6ZGUxZmVhYjI6ZmNmMGU5OTM6ZjJjOGU3MDg6NzIwYTUyYmY6ZjljZWM5YmM6NTg5ZWFhMzA6Njk4MTI5Y2Y6ZmI5YjRjNTc6Y2NiOTZjZjk6YTY3YzI3MDA6ODYxM2FlYTc6MzIwMmE1YTI6YWIwOWUzZmU6ODcxMDRiN2M6YmU2ZmIyOTgiIFJlY29yZGVkVmFsdWU9Ijs7QWpheENvbnRyb2xUb29sa2l0LCBWZXJzaW9uPTQuMS43LjYwNywgQ3VsdHVyZT1uZXV0cmFsLCBQdWJsaWNLZXlUb2tlbj0yOGYwMWIwZTg0YjZkNTNlOnpoLUhhbnQ6N2I5NWVkMWEtNmEzZi00MWRkLWJjNWItNjNmMzllZGJjNGI0OmRlMWZlYWIyOmZjZjBlOTkzOmYyYzhlNzA4OjcyMGE1MmJmOmY5Y2VjOWJjOjU4OWVhYTMwOjY5ODEyOWNmOmZiOWI0YzU3OmNjYjk2Y2Y5OmE2N2MyNzAwOjg2MTNhZWE3OjMyMDJhNWEyOmFiMDllM2ZlOjg3MTA0YjdjOmJlNmZiMjk4IiBDb3JyZWxhdGlvbkJpbmRpbmc9IiIgVXJsRW5jb2RlPSJUcnVlIiAvPg0KICAgICAgICA8Rm9ybVBvc3RQYXJhbWV0ZXIgTmFtZT0iX19FVkVOVFRBUkdFVCIgVmFsdWU9Int7JEhJRERFTjEuX19FVkVOVFRBUkdFVH19IiBSZWNvcmRlZFZhbHVlPSIiIENvcnJlbGF0aW9uQmluZGluZz0iIiBVcmxFbmNvZGU9IlRydWUiIC8+DQogICAgICAgIDxGb3JtUG9zdFBhcmFtZXRlciBOYW1lPSJfX0VWRU5UQVJHVU1FTlQiIFZhbHVlPSJ7eyRISURERU4xLl9fRVZFTlRBUkdVTUVOVH19IiBSZWNvcmRlZFZhbHVlPSIiIENvcnJlbGF0aW9uQmluZGluZz0iIiBVcmxFbmNvZGU9IlRydWUiIC8+DQogICAgICAgIDxGb3JtUG9zdFBhcmFtZXRlciBOYW1lPSJfX0xBU1RGT0NVUyIgVmFsdWU9Int7JEhJRERFTjEuX19MQVNURk9DVVN9fSIgUmVjb3JkZWRWYWx1ZT0iIiBDb3JyZWxhdGlvbkJpbmRpbmc9IiIgVXJsRW5jb2RlPSJUcnVlIiAvPg0KICAgICAgICA8Rm9ybVBvc3RQYXJhbWV0ZXIgTmFtZT0iX19WU1RBVEUiIFZhbHVlPSJ7eyRISURERU4xLl9fVlNUQVRFfX0iIFJlY29yZGVkVmFsdWU9IkFSK0xDQUFBQUFBQUJBRGRuZTF6RThjZHgyMWh5Y1lZREFsV3lFTWwwVFlSRkd6Zjh3T08yMkliZ2h0QUJDdTBEYUh1MlhmSVY4NDZqM1FHM0JjTW5Ta0pUWk1KbVpDa2hFNW5NcFBubEV3NlREdVVwSm4rQloyKzZJdSt6a1EyZnRVL29kMDlTZGF0L2NOanJjbW1XVFBZcDcyOSsrNStkKyt6WDUvMThOL1c3aDJ0OFVUaDdCSExMWFkvdnFlbGEwT2lwN01qbHgvMnAyZEdSOXB6K1FQNFp5S1hIN0VDQi8zSXU5Tk9WeTQvRmxqQmJQbW9OZTFzUW1WK1lIbDRCNnFlUDE4Y0hlbW9WMEFiQi8zUzlORmM1MEhQUHpkc2xSMTB6dTE3V2h6MHZ6T2VHRHQyYU9oSk1aNFFCVWtVelhpUEpJaDZ2NkQyaStLRnhtWjhreURzRTRRTGdvaSt4eE9WeXg4dVhudDcxKzZUWTNQbHdKbnVHM0VtM1duTDI1dVpMay82SmMrZDJKczU0WlRLcmw4Y1ZQb0UvRzl2Wm5qV0MyWkx6bURSbVExS3VPNngyUW5Qblh6U21jdjdaNXppNElTdVcrcWtxb21tckRpQ1lXNFErNFI0c3RxNmF0dHdjd1FWUDRpM3F2R3RTdzlydTlmZm56MXRxNGpLcEtqRVJGUWhSV1Vtb2lvcHFqQVIxVWhSbFltb1RvcHFURVFOVWxSbkltcVNvZ1lMVVZFZ1JVMG1vaUloaXVqQVFwUWtrc2lFU0NKSkpKRUprVVNTU0NJVElva2trVVFtUkJKSklvbE1pQ1NTUkJLWkVFa2tpU1F5SVpKSUVrbGljcDFLSkpFa0pyTlhJb2trTVptOUVra2tpY25zbFVnaVNVeG1yMFFTU1dJeWV5V1NTQktUOVZRaWlTUXpBYjVFRWtsbWM4bVFSSkxaWERJa2tXUW1sNHhNRWtsbWNzbklKSkZrSnBlTVRCSkpabkxKeUNTUlpDWVJWQ2FKcERCWjJtU1NTQXFUQ0NxVFJGS1lFRWttaWFRd0laSk1Fa2xoUWlTWkpKTENoRWdLU1NTRkNaRVVra2dLRXlJcEpKRVVKa1JTU0NJcFRJaWtrRVJTbVJCSklZbWtNaUdTUWhKSlpVSWtoU1NTeW9SSUNra2tsUW1SRkpKSUtoTWlxU1NSVkNaRVVra2lxVXlJcEpKRVVwa1FTU1dKcERJaGtrb1NTVnMva2ViZi9LaHk0M2VyaXlJaWlmZFVkQzA5Sllta01jR2dTaEpKWTRKQmxTU1N4Z1NES2tra2pRa0dOWkpJR2hNTWFpU1JOQ1lZMUVnaWFVd3dxSkZFMHBoZ1VGdEdKQ1lZMU1pTXBETWhra1lTU1dkQ0pJMGtrczZFU0JwSkpKMEprVFNTU0RvVEl1a2trWFFtUk5KSkl1bE1pS1NUUk5LWkVFa25pYVF6SVpKT0VrbG5RaVNkSkpMQmhFZzZTU1NEQ1pGMGtrZ0dFeUxwSkpFTUprVFNTU0laVEloa2tFUXltQkRKSUlsa01DR1NRUkxKWUVJa2d5U1N3UVFPQmtra2t3a2NESkpJSmhNNEdDU1JUQ1p3TUVnaW1VemdZSkJFTXRuQWdTU1N5UVFPSmtra2s4bDFhcEpFTXBra0I1TWtrcmtXT0NqOVVsMFViMVpGdFF2b08ycEI1TzZLMENjQ292aFBQeUp4ZDBWY1MwOVhGMjMwOU82aXk1NTV4YWFuTXRGVDZTNUVRcjhKcU1aNlJNTVRSSHRhRnczZFhsTlBSZTFDWXhPSml1RkVrdFoweDB4QnYvMUg3cGdwK0MrWlRFUTFzcWRyWWUvNlJYVnlUTm1JR29Tb3ZKYjFkUDJpSmlsNjE5a3JHT3NTRFU5UUY0M0NJVHA3TzJLdGRuZThFNjExRXI0Ym9pamR5V1FxTWVMTUJLTWo4WWV5Z2lBOElRclp2ZUdHRU5sSTNaY3JGZkR6MlErNzVRQnRXa1ZVUDViTnByYU1IN01Lem1nWlArWDlzRitZU3ZYVUNwNmFkVXB6WTBISkxSYkM4a1QxMmZYMUhxZDIxdXJ0bnczOC9UTXozdHlCNlFuSHhtWEQ1Zkt3WjVYTGhWUzJWZ2MvVVQ5QS84Y21TNzduSGZQTGJ1RDZ4VndSYlFWRDF1U1pRcXF6MmdYY1FpZTFLZExXK0lkYnlvN25UQWFaa2RHeC9PalI0WHhtMGlvN21jeTVLYWVZeVNsQzM5TXp0ZjVrM0hLbTZBZVo0cXpuWllLVnV4MFBIWmZOWnB5aW5iSEtlT2ZTdnIxdUdSKzFDeDlRTDhwbWQ5ZXExVXVpd3ZMcXd2SnF3aklnTEs4VWxrRmhhWFZoYVRWaENSQ1dWZ3BMb0xDNHVyQzRRbmhYZUhUMTRGV1AzVlViNFVhVjB5Vi9PdU1jT241a2JHUm9mRFIvZktUdnBEM2huK283R1Zad2YybmgrWU9ueUNsOC9wS1RxUjA0R0JYYUhUYWoydjNkU3g2SUVROGkzY05Odkh2blZ2U3Q3cDVJdXRjUXVZdkVhZzZ1Tm5JckJ5N1M0UHJBb2FKVktnRk5CdVlBTUIvaGF3Ti9ZZEVSLzF4eHVXclk2WWloWWZjYlBRMjNxajM4NHVyVkw2NWV6R2IyTkdydnlmWm1seDdpVit0Z0U0RFdWK3VKa1lwQWY2cVZKS2lTdkt5U0RGVlNsbFZTb3BVZ0Y4SUdOekY5Y3huUE9SMWtmdUc3eGJVZW9RZ1pIODhtMUpianZ1Y00rN1l6bUZXRWJNWkNreVhTNHN4Z2JtbXphUkc1SmlKSFJlUzZpSHh2UktTYWlCUVZrZW9pMHIwUkVXc2lZbFJFckl1STkwYWtwaEdWRUxLaEFIaitHclFheEVFUXhCZHhybVE3cGN6RVhIVFZpYXdERVRKSEVMTjAxV2RTN1dnclhEVTc2bEVnMVYxZmc1M0F5bHVGY2lFWmkyM290cFBiMGZmdVpBeXQ5NGZkd2xRdzVKOGZLam5XbVFORmE4Sno3Q2s3R1R1TmFyWEZXc05hN1NmY3NvdDJUTmwyTEI2V3RPV2Q4MEY4eDUxcnJ5MWNlZTdMV3pmKzg5bUxkejc2N2NMN0wxVSt2L1RGeFhkUnZVZHh2ZlRtZU5mOEo3ZnUvT25LNGdzWDc3ejFJaXJmWFN2di92TDI3Y29MMSsvY2ZINys5aFYwSHJTcnQ3YXJCKzNDNWEvZG1uLzF6Zm5uZjdOdzlmMkY5MTVCRmZxN2F3M0RuZGhxMjhuVzAzWk1yQmNtY0dGM3NpTzFaY1FLckJPV04rc2NkQjNQanJmaElVbHR4cVc0MmRYQ0RseUlyOWZVcHZHZGVOZVFQMXUwQzZuMkpRKzI5c1MyOWFJdjFMSEZYNkdtUEk4ZkpLdVJxbmRaNjN0aUxZbnFudTE3TnNRS2hiQmw4YkE1NlMzVkJxUzdHNXJwcllYMHRudWcwRTZ2SUFxOWQxNy9jUEhTSHhmZWZibHkrUU5rY0YxQmpDcklkWGM3YXU0aXNjN0cvRVNTbXduNkxlbTJydFR0YVcxQloyNWRaazVuWTRyVG42MjljVFpwL1dmYldEL2Jwc2o2Um44NlBaeXhzZkNDd3BkZEo1cHkrTVdwT0hWYlFieHJEbjA5MjMva3lMUDl0cDNxSEI4THJGSVF2bmkxNWUvdWk5Zi85YytPVk1mNGdhSmRLeHBxUzkvNGR3YzZ4V2o1dUdQWnVhSTNONFVxNUgzZnk3c3o4ZDZUaTUvK1lmN1ZGMDVsS3E5OFZubjVvL2szM3BtLy9oeTZQazh1WHI4V2xzL2Z1clI0N2UzS3BmY3FILysxZW8zajVyV2lQdHY0V3ZlTGs1NDdlU2Irek5PQjY0MFBUNTFCY01qN2hZTG5oQlJ3UFRlWTI1VU56Z2ZWVjlnT09RVzNPRDQ1ZGFheE43czNzM3kvN1o3RjE5aCtCSm5zN2dFYlhjc3hqSkY0T1pqem5IajZyRk1LM0VuTDY3VTh0MURjRi9nekEyZVhUcmR2b0FFaXVsNmlJenY5b2ozaFZYdTJKWmh5eTMxbk1TQUdzOWtCR3cxS01wRktnTU94Y2NWb0hNS0lJQWJqRUo1L2FGalQ5NUVIcCs5ZkdzSDA5cVdSUy9kTXBaUHJIYWIwQS9FVGF4c2YxTlpWUmdmdmhjY212V1BOdzVKK3NPbnhTRDhFajBMNjRXVVdQckprZS9wYkViOU4vTXJ2YlJ0YThDRmJDeGpobzRFelBZd1FIc1NjZE5lVTNibzEyWUwvZGFGZjFGdXFCUHRINituRytvRjl4Qk5xZU1xWlBJTnBqL3VOZTlPVzJvaC9LUjMyUGIvVU9aNXFHOTg1TmhUcnNKUEo2SEg0dXE4YVZTMnJybHV0b20xWDExWDBZTVVycmtOTGU4NzVKYnQzQXErMSs4THZ5Rm9QOWIydGRsVHRMbDU5bmNVbDFhTlJTYUpXMGw3NTlQWGN3dWNmMk5WcFZ6M3MwbCsrL1BSMVZOSlJYMFBCbTZNMlpsdTFRdlEyS1NydXJCWGpteExvNGFiNmlSOHJUcFJuQnNLdUltL1NtYzd4OU02MTJpR0Jka2hjMkxHaGVUdGswQTZaQ3p2YW1yZERBZTFRdm5vN3VoWXZ2VlM1Y3JueXllWDV0eTUvbGFiRW16ZEZCVTFST1RJbDBid3BHbWlLeHBFcDdjMmJvb09tNkJ5WjB0RzhLUVpvaXNHUktSdWJOOFVFVFRFNU1xV3phVk5pb2dDNVVuOEREQzVjMlVUaENwaGdSUVlKbHBrclhSU3VnRUZXWkJCa21ibXltY0lWTU0rS0RQSXNNMWUyVUxnQ3hscVJwMWpiVGVFS21HdEZubkx0VmdwWHdHQXI4aFJzdDFHNEFpWmJrYWRrZXgrRksyQzBsWGpLSy9kVHVBSm1XNG1uTldoNzg2NUlZTGFWZUZxRGVpaGNBYk90eE5NYWxLUndCY3kyRWs5cjBBTVVyb0RaVnVKcERkcEI0UXFZYlNXZWJxODhTT0VLbUcxbG5uNDdmSWpDRlREYnlqeXR6QTlUdUFKbVc1bW5sZmtSQ2xmQWJDdnp0REovaThJVk1OdktQSzNNcWVaZGtjRnNLL08wTXFjcFhBR3pyY3pUeXB5aGNBWE10akpQZi9uWVNlRUttRzBWbnU0a2ZKdkNGVERiS2p6OTVlTTdGSzZBMlZiaEtkdCtsOElWTU5zcVBHWGJSeWxjQWJPdHdsTzJmWXpDRlREYktqeGwyeXlGSzJDMlZYakt0cnVhZDBVQnM2M0NVN2JkVGVFS21HMFZuckx0OXloY0FiT3R3bE8yM1VQaENwaHRWWjZ5N1Y0S1Y4QnNxL0tVYlhzcFhBR3pyY3BUdHUyamNBWE10aXBQMmJhZndoVXcyNm84WlZ1QndoVXcyNm84WlZ1UndoVXcyNm84WlZ1cGVWZFVNTnVxUEdWYm1jSVZNTnVxUEdWYmhjSVZNTnVxUEdWYmxjSVZNTnRxUEdWYnJlYksyNjJRTFduWUZqRGNObWRMOVMyWi9tOXQwU2ttQ3hodU5aNGl2MEhoQ2hodU5aNGl2MG5oQ2hodU5aNGkvejRLVjhCd3EvRVUrUWNvWEFIRHJjWlQ1SCs4ZVZjME1OeHFQRVgrUVFwWHdIQ3I4UlQ1djAvaENoaHVOWjRpL3c4b1hJSERMVStSLzRjVXJvRFpWdWNwOHUrbmNBWE10anBQMlhhSXdoVXcyK284WmR0aENsZkFiS3Z6bEcxSEtGd0JzNjNPVTdZOVFPRUttRzExbnJMdHdlWmQwY0ZzcS9PVWJaK2djQVhNdGpwUDJmWVFoU3RndHRWNXlyYWpGSzZBMlZibktkditpTUlWTU5zYVBHWGJKeWxjQWJPdHdWTzJQVXpoQ3BodERaNnk3UkVLVjhCc2EvQ1ViWTlTdUFKbVc0T25iSnVqY0FYTXRnWlAyZlpZODY0WVlMWTFlTXEyVDFHNEFtWmJnNmRzZTV6Q0ZURGJHanlsdURFS1Y4QnNhL0tVNHZJVXJvRFoxdVFweFQxTjRRcVliVTJlVXR3SkNsZkFiR3Z5bE9KK1RPRUttRzFObmxMY1R5aGNBYk90eVZPSyt5bUZLMkMyTlhuS0s4ODA3NG9KWmx1VHAzdHhKeWxjQWJPdHlWT0tlN2E3K1NkUm12QTczRFkxV2VpZVJKbXMzUHhrL28xMyt1ZC9mN2x5K3pXMHRmRG5LNVZiTjFjYXRPd2pZWmNiVlB0dzJLaEJRcDhJR25TS1l0ckE3M1hMWU5wOERmNzhqR1lDd1c4TjFsVGkvY1pNb0hFYWcxYUczOGdudTFJYkZIN29jZFNneFhjL3ppMWUrOXZYYTlEUGFReGFtWU1qbjZIOFZjNmdST1hpWndzdjM0QU1JVDdIbHpDazhZbSthMkd5UldQSXlnZ2MrWHpuYjdnaEV6U0d3RytCeTRjaGt6U0d3TzhReHVDbER3d01zWnMzWklNb2dLRlg1Z01pRHBVakt3UHZ2VmwzQklOd1pQSGF6ZHpDMVYremRlUjBXTktGZWg0YkNQdU5tbXlIZmRwc3UrVVp6NXJiVi9TTHpvRDlQemZrOVlJMXJBQUEiIENvcnJlbGF0aW9uQmluZGluZz0iIiBVcmxFbmNvZGU9IlRydWUiIC8+DQogICAgICAgIDxGb3JtUG9zdFBhcmFtZXRlciBOYW1lPSJfX1ZJRVdTVEFURSIgVmFsdWU9Int7JEhJRERFTjEuX19WSUVXU1RBVEV9fSIgUmVjb3JkZWRWYWx1ZT0iIiBDb3JyZWxhdGlvbkJpbmRpbmc9IiIgVXJsRW5jb2RlPSJUcnVlIiAvPg0KICAgICAgICA8Rm9ybVBvc3RQYXJhbWV0ZXIgTmFtZT0iX19TQ1JPTExQT1NJVElPTlgiIFZhbHVlPSJ7eyRISURERU4xLl9fU0NST0xMUE9TSVRJT05YfX0iIFJlY29yZGVkVmFsdWU9IjAiIENvcnJlbGF0aW9uQmluZGluZz0iIiBVcmxFbmNvZGU9IlRydWUiIC8+DQogICAgICAgIDxGb3JtUG9zdFBhcmFtZXRlciBOYW1lPSJfX1NDUk9MTFBPU0lUSU9OWSIgVmFsdWU9Int7JEhJRERFTjEuX19TQ1JPTExQT1NJVElPTll9fSIgUmVjb3JkZWRWYWx1ZT0iMCIgQ29ycmVsYXRpb25CaW5kaW5nPSIiIFVybEVuY29kZT0iVHJ1ZSIgLz4NCiAgICAgICAgPEZvcm1Qb3N0UGFyYW1ldGVyIE5hbWU9Il9fVklFV1NUQVRFRU5DUllQVEVEIiBWYWx1ZT0ie3skSElEREVOMS5fX1ZJRVdTVEFURUVOQ1JZUFRFRH19IiBSZWNvcmRlZFZhbHVlPSIiIENvcnJlbGF0aW9uQmluZGluZz0iIiBVcmxFbmNvZGU9IlRydWUiIC8+DQogICAgICAgIDxGb3JtUG9zdFBhcmFtZXRlciBOYW1lPSJfX0VWRU5UVkFMSURBVElPTiIgVmFsdWU9Int7JEhJRERFTjEuX19FVkVOVFZBTElEQVRJT059fSIgUmVjb3JkZWRWYWx1ZT0iemVKdXNGUDNhNTJlUzNNa24vMU95cXdNM2dXMDIzM0hDRDVsdURVNHd1TjJsbWI5QzcyUzhzYXhROEtta0FubkRDeXMyUXB3M29yWFlJQXhna29NR3hkcTBpSEsvMVhia0RwelJUbW8yMjJwUGdEa3Nya1IwMnpaS3F3OGxOcXphai92ckowemd1V2pnZHkraHVHMkQxODdOaWg0OFljMEh0SnVXalFKbnFhelAyaVB4bkIrRzlYRFlKQnZlMloxdDk3TGJzbGNXWEloaVR5dkRhMVVIZmJIRXdTdHlYNCtkR2NacUZGZy9YSDN0cFdwcDZmdG90Q1R4VGwxTGJVYVJpVGJwQW9aU3Rja3A1aWFBLzNXZ29OcGVyMDdaNWg2bW5BZDUxVFBCU2JodEJ4ajRYNjRYTkxHb3ZSNDdzdDRzaVA4WjlIRWJUMm9GWENpUVM5WkZuVCt6MWdiNlFHQlRjK2tqdklSOEVLV1NwaVJJMnordUJ4WkJWWU9zZnhoVEVibmw2clB5RVhQdFVrUklxZC9RTFVPTjMzbXpoMXFVSVcyL2FwSEJER0pTKzBvczRzejg3akI0R1gwN2FwMmNMR01NWVJWeGR2ZUZ0VVNuYzA4THBpcUN6N1RXUndFbXBFWTJ2L1oraDN4T1g2MXd3SnJBdjIyejVKcDlqdndPMzgwUnZIWGlwSWt4QmUxOFNUclREMFhONm5WK0xydktESGx1bzRVT1RaM1NmYkxtcCtUcWluNTB3N1hwRzRITXdBVk8yS2FUVSszMEQ2d0d0TGZOc28vcjhwakhIcmJ0YUc2UWlHdkJqeHo5cEF4ZkF4Qk1qVkNZRlBoZThRNnd1SXd4by9RcFFqZStKVEFIS3pRdGVBcm9SVWc5cFo2a1B0VStyWjBHbXhWYUwwb0NMcmVFcVhFeXl0TTBVOWk5c0VPQnoyOE9tVDhlamdnLzY3RUtUYW1QR3VkaGxZOHRZQTQvSTVzazVQd0lBejdObHFKOFhYbk56SnB0M0hud2RrQkpDRUduR3E3dG1MTzJWUWR5OUdJWTdxbTR4aXhwMHlORFA1eklsZGtVL0liN0xMMFp4QmdOTlZ2UU05bitxY0c3TzlIWGpzajZoTTBVdzFXbU5WY2ZIelByRzRrbDNvTERhU2RiRHBsMmNSVHpOcnluRlNYdjNHeS9zUVZDMW9CTHlIQkJhb2xjVm5BQUd1NE5QUTB1bjc4ZTNxUng2Nm1Rdm5LbUg5VE03VnpLWHI1Y3VoVnNxeW1RVWNpazMvMUc3RzRyRXJINHJtN05uUkxlQ3krcy9HVzRkZ3EvaWtjSmJVMHdlWS9PSGI0aVl3R1lGejQ3S256VktqaWs1UUZJclRISkhOaDgwcHVBOEFoUGxLTU1MOTNKTkhrNm1IYmpSczNPZVorOFFyVGVPRC9SZ2FuWEduenBOQXhiR0pTdEtVdzNWaVh5ZStNSU12cmlMMlgrNGx0bmxFWCtNWXFxekQ3am5qTTMvc1JidVBMKzljNk04cUsxcGN1TytBcC9JVVM3V2NEbjdUbmtNZkg0ZjhUZmxJPSIgQ29ycmVsYXRpb25CaW5kaW5nPSIiIFVybEVuY29kZT0iVHJ1ZSIgLz4NCiAgICAgICAgPEZvcm1Qb3N0UGFyYW1ldGVyIE5hbWU9IlNjcmVlbldpZHRoIiBWYWx1ZT0ie3skSElEREVOMS5TY3JlZW5XaWR0aH19IiBSZWNvcmRlZFZhbHVlPSIiIENvcnJlbGF0aW9uQmluZGluZz0iIiBVcmxFbmNvZGU9IlRydWUiIC8+DQogICAgICAgIDxGb3JtUG9zdFBhcmFtZXRlciBOYW1lPSJTY3JlZW5IZWlnaHQiIFZhbHVlPSJ7eyRISURERU4xLlNjcmVlbkhlaWdodH19IiBSZWNvcmRlZFZhbHVlPSIiIENvcnJlbGF0aW9uQmluZGluZz0iIiBVcmxFbmNvZGU9IlRydWUiIC8+DQogICAgICAgIDxGb3JtUG9zdFBhcmFtZXRlciBOYW1lPSJidG5RdWVyeSIgVmFsdWU9IuafpeipoiIgUmVjb3JkZWRWYWx1ZT0i5p+l6KmiIiBDb3JyZWxhdGlvbkJpbmRpbmc9Int7Rm9ybVBvc3RQYXJhbTUuYnRuUXVlcnl9fSIgVXJsRW5jb2RlPSJUcnVlIiAvPg0KICAgICAgICA8Rm9ybVBvc3RQYXJhbWV0ZXIgTmFtZT0iZGRsT3JnQW5kRmxvdyIgVmFsdWU9IiIgUmVjb3JkZWRWYWx1ZT0iIiBDb3JyZWxhdGlvbkJpbmRpbmc9IiIgVXJsRW5jb2RlPSJUcnVlIiAvPg0KICAgICAgICA8Rm9ybVBvc3RQYXJhbWV0ZXIgTmFtZT0iZGRsUXVlcnlDb25kaXRpb25zIiBWYWx1ZT0iMCIgUmVjb3JkZWRWYWx1ZT0iMCIgQ29ycmVsYXRpb25CaW5kaW5nPSJ7e0Zvcm1Qb3N0UGFyYW03LmRkbFF1ZXJ5Q29uZGl0aW9uc319IiBVcmxFbmNvZGU9IlRydWUiIC8+DQogICAgICAgIDxGb3JtUG9zdFBhcmFtZXRlciBOYW1lPSJ0eHRPVEVtcElEIiBWYWx1ZT0iMTAyMTE5IiBSZWNvcmRlZFZhbHVlPSIxMDIxMTkiIENvcnJlbGF0aW9uQmluZGluZz0ie3tGb3JtUG9zdFBhcmFtNi50eHRPVEVtcElEfX0iIFVybEVuY29kZT0iVHJ1ZSIgLz4NCiAgICAgICAgPEZvcm1Qb3N0UGFyYW1ldGVyIE5hbWU9InR4dE9URW1wTmFtZSIgVmFsdWU9IiIgUmVjb3JkZWRWYWx1ZT0iIiBDb3JyZWxhdGlvbkJpbmRpbmc9IiIgVXJsRW5jb2RlPSJUcnVlIiAvPg0KICAgICAgICA8Rm9ybVBvc3RQYXJhbWV0ZXIgTmFtZT0idHh0T1RGb3JtTk8iIFZhbHVlPSIiIFJlY29yZGVkVmFsdWU9IiIgQ29ycmVsYXRpb25CaW5kaW5nPSIiIFVybEVuY29kZT0iVHJ1ZSIgLz4NCiAgICAgICAgPEZvcm1Qb3N0UGFyYW1ldGVyIE5hbWU9ImRkbE9UU3RhdHVzIiBWYWx1ZT0iMCIgUmVjb3JkZWRWYWx1ZT0iMCIgQ29ycmVsYXRpb25CaW5kaW5nPSJ7e0Zvcm1Qb3N0UGFyYW04LmRkbE9UU3RhdHVzfX0iIFVybEVuY29kZT0iVHJ1ZSIgLz4NCiAgICAgICAgPEZvcm1Qb3N0UGFyYW1ldGVyIE5hbWU9InR4dE9URGF0ZUJlZ2luJHR4dERhdGUiIFZhbHVlPSIiIFJlY29yZGVkVmFsdWU9IiIgQ29ycmVsYXRpb25CaW5kaW5nPSIiIFVybEVuY29kZT0iVHJ1ZSIgLz4NCiAgICAgICAgPEZvcm1Qb3N0UGFyYW1ldGVyIE5hbWU9InR4dE9URGF0ZUVuZCR0eHREYXRlIiBWYWx1ZT0iIiBSZWNvcmRlZFZhbHVlPSIiIENvcnJlbGF0aW9uQmluZGluZz0iIiBVcmxFbmNvZGU9IlRydWUiIC8+DQogICAgICAgIDxGb3JtUG9zdFBhcmFtZXRlciBOYW1lPSJ1Y01vZGFsUG9wdXAxJENsaWVudFdpZHRoIiBWYWx1ZT0ie3skSElEREVOMS51Y01vZGFsUG9wdXAxJENsaWVudFdpZHRofX0iIFJlY29yZGVkVmFsdWU9IjAiIENvcnJlbGF0aW9uQmluZGluZz0iIiBVcmxFbmNvZGU9IlRydWUiIC8+DQogICAgICAgIDxGb3JtUG9zdFBhcmFtZXRlciBOYW1lPSJ1Y01vZGFsUG9wdXAxJENsaWVudEhlaWdodCIgVmFsdWU9Int7JEhJRERFTjEudWNNb2RhbFBvcHVwMSRDbGllbnRIZWlnaHR9fSIgUmVjb3JkZWRWYWx1ZT0iMCIgQ29ycmVsYXRpb25CaW5kaW5nPSIiIFVybEVuY29kZT0iVHJ1ZSIgLz4NCiAgICAgIDwvRm9ybVBvc3RIdHRwQm9keT4NCiAgICA8L1JlcXVlc3Q+DQogICAgPFJlcXVlc3QgTWV0aG9kPSJQT1NUIiBHdWlkPSI3ZmNkZmQ4Ni0yYTY3LTQ0NzgtODYyMi0yNzFlMmNlN2E0YWYiIFZlcnNpb249IjEuMSIgVXJsPSJodHRwOi8vMTAuMTEuMzYuMTE0OjgwMDcvT3ZlclRpbWUvT3ZlcnRpbWVQcmVPcmRlci5hc3B4IiBUaGlua1RpbWU9IjAiIFRpbWVvdXQ9IjMwMCIgUGFyc2VEZXBlbmRlbnRSZXF1ZXN0cz0iVHJ1ZSIgRm9sbG93UmVkaXJlY3RzPSJUcnVlIiBSZWNvcmRSZXN1bHQ9IlRydWUiIENhY2hlPSJGYWxzZSIgUmVzcG9uc2VUaW1lR29hbD0iMCIgRW5jb2Rpbmc9InV0Zi04IiBFeHBlY3RlZEh0dHBTdGF0dXNDb2RlPSIwIiBFeHBlY3RlZFJlc3BvbnNlVXJsPSIiIFJlcG9ydGluZ05hbWU9IiIgSWdub3JlSHR0cFN0YXR1c0NvZGU9IkZhbHNlIj4NCiAgICAgIDxGb3JtUG9zdEh0dHBCb2R5Pg0KICAgICAgICA8Rm9ybVBvc3RQYXJhbWV0ZXIgTmFtZT0iVG9vbGtpdFNjcmlwdE1hbmFnZXIxX0hpZGRlbkZpZWxkIiBWYWx1ZT0iOztBamF4Q29udHJvbFRvb2xraXQsIFZlcnNpb249NC4xLjcuNjA3LCBDdWx0dXJlPW5ldXRyYWwsIFB1YmxpY0tleVRva2VuPTI4ZjAxYjBlODRiNmQ1M2U6emgtSGFudDo3Yjk1ZWQxYS02YTNmLTQxZGQtYmM1Yi02M2YzOWVkYmM0YjQ6ZGUxZmVhYjI6ZmNmMGU5OTM6ZjJjOGU3MDg6NzIwYTUyYmY6ZjljZWM5YmM6NTg5ZWFhMzA6Njk4MTI5Y2Y6ZmI5YjRjNTc6Y2NiOTZjZjk6YTY3YzI3MDA6ODYxM2FlYTc6MzIwMmE1YTI6YWIwOWUzZmU6ODcxMDRiN2M6YmU2ZmIyOTgiIFJlY29yZGVkVmFsdWU9Ijs7QWpheENvbnRyb2xUb29sa2l0LCBWZXJzaW9uPTQuMS43LjYwNywgQ3VsdHVyZT1uZXV0cmFsLCBQdWJsaWNLZXlUb2tlbj0yOGYwMWIwZTg0YjZkNTNlOnpoLUhhbnQ6N2I5NWVkMWEtNmEzZi00MWRkLWJjNWItNjNmMzllZGJjNGI0OmRlMWZlYWIyOmZjZjBlOTkzOmYyYzhlNzA4OjcyMGE1MmJmOmY5Y2VjOWJjOjU4OWVhYTMwOjY5ODEyOWNmOmZiOWI0YzU3OmNjYjk2Y2Y5OmE2N2MyNzAwOjg2MTNhZWE3OjMyMDJhNWEyOmFiMDllM2ZlOjg3MTA0YjdjOmJlNmZiMjk4IiBDb3JyZWxhdGlvbkJpbmRpbmc9IiIgVXJsRW5jb2RlPSJUcnVlIiAvPg0KICAgICAgICA8Rm9ybVBvc3RQYXJhbWV0ZXIgTmFtZT0iX19FVkVOVFRBUkdFVCIgVmFsdWU9Int7JEhJRERFTjEuX19FVkVOVFRBUkdFVH19IiBSZWNvcmRlZFZhbHVlPSIiIENvcnJlbGF0aW9uQmluZGluZz0iIiBVcmxFbmNvZGU9IlRydWUiIC8+DQogICAgICAgIDxGb3JtUG9zdFBhcmFtZXRlciBOYW1lPSJfX0VWRU5UQVJHVU1FTlQiIFZhbHVlPSJ7eyRISURERU4xLl9fRVZFTlRBUkdVTUVOVH19IiBSZWNvcmRlZFZhbHVlPSIiIENvcnJlbGF0aW9uQmluZGluZz0iIiBVcmxFbmNvZGU9IlRydWUiIC8+DQogICAgICAgIDxGb3JtUG9zdFBhcmFtZXRlciBOYW1lPSJfX0xBU1RGT0NVUyIgVmFsdWU9Int7JEhJRERFTjEuX19MQVNURk9DVVN9fSIgUmVjb3JkZWRWYWx1ZT0iIiBDb3JyZWxhdGlvbkJpbmRpbmc9IiIgVXJsRW5jb2RlPSJUcnVlIiAvPg0KICAgICAgICA8Rm9ybVBvc3RQYXJhbWV0ZXIgTmFtZT0iX19WU1RBVEUiIFZhbHVlPSJ7eyRISURERU4xLl9fVlNUQVRFfX0iIFJlY29yZGVkVmFsdWU9IkFSK0xDQUFBQUFBQUJBRGRuZTF6RThjZHgyMWh5Y1kyR0JLc2tJZEtvaVVSRkd6ZjN2UGh1QzIySWJnQlJMQkMyeENxbm5XSGZQVlo1MHBud0gzQjBKbVMwRFNaa0FsSlN1aDBKak41VHNta3c3UkRTWnJwSDlBWGZkRVhmWjJKYlB5cWYwSzdkeWRadDliNlFXdXlhZFlNOW1sMzczNzcrKzd1Wjc4KzYrRy9yVDA3STlGRUxqZmlGTjJTWTVkUG1yK1l0VXJtQ2Fmc0R1djVxU2ZOdVZ3dTNoWHRMWnc3cGx2RjNYblg1c0R1a1VrelAzWFF0cVB4ZXJFazdjNVBUbzFNT2s3WkRKZHJ3Z3JsSzdXWFZ5aFhWaWhYVnlqWFF1VVAxTXNCeDYxVUFWYXE0RU1Wc2FDaTUvRjlMZDJiWXIyZEhabnNpRE05TXpiYW5za2U4bjdHTXRsUjNUWGhqNncxYlhabnN1T3U3czZXait2VFpoY3NjMXpkOWlwZzgreUY0dGhvUjYwQlBEanNsS2FQWnpvUDI4NzVFYjFzd212dTJOZGl3ditkMGRqNGlTUERUNEpvRFBZR0FDM2F5M05BR2VDa0FRQXUxZytqWFJ4M2dPTXVjZ0IrajhZcVZ6NWN2UDcybnIybngrZktyam5kUDJybXJXbmQzcCthTHVlZGttMU43RStkTWt0bHl5a09pZjJjOTI5L2FtVFdkbWRMNWxEUm5IVkxYdHNUc3hPMmxZY1RJZXRNbWNXaENVWFJwYndrQTAwUVRVN1ZOb0YrTGhvUGVoZjB6ZXNPSjNrUG9xMVNkTnZTdzJyMXh2UFoxN1pLVUFFTnlsTUpLcUpCQlNwQkpUU29TQ1dvakFhVnFBUlYwS0F5bGFBcUdsU2hFbFJEZzZvMGdnSU9EYXBSQ1FxUW9KQU9OSUtpUkFKVWlBUlFJZ0VxUkFJb2tRQVZJZ0dVU0lBS2tRQktKRUNGU0FBbEVxQkNKSUFTQ1ZBaEVrQ0p4Rk5acHp4S0pKN0s3T1ZSSXZGVVppK1BFb21uTW50NWxFZzhsZG5MbzBUaXFjeGVIaVVTVDJVLzVWRWlDVlNBejZORUV1Z3NHWlJJQXAwbGd4SkpvTEprQkpSSUFwVWxJNkJFRXFnc0dRRWxra0JseVFnb2tRUXFGbFJBaVNSUzJkb0VsRWdpRlFzcW9FUVNxUkJKUUlra1VpR1NnQkpKcEVJa0FTV1NTSVZJSWtva2tRcVJSSlJJSWhVaWlTaVJSQ3BFRWxFaWlWU0lKS0pFa3FnUVNVU0pKRkVoa29nU1NhSkNKQkVsa2tTRlNDSktKSWtLa1VTVVNCSVZJa2tva1NRcVJKSlFJa2xVaUNTaFJKS29FRWxDaVNSUklaS0VFa25lT0pIbTMveW9jdk4zcXdlRlJBTDNOT2g2TWtXSkpGUEJvSVFTU2FhQ1FRa2xra3dGZ3hKS0pKa0tCbVdVU0RJVkRNb29rV1FxR0pSUklzbFVNQ2lqUkpLcFlGQmVSaVFxR0pSUmo2UlFJWktNRWttaFFpUVpKWkpDaFVneVNpU0ZDcEZrbEVnS0ZTSXBLSkVVS2tSU1VDSXBWSWlrb0VSU3FCQkpRWW1rVUNHU2doSkpvVUlrQlNXU1NvVklDa29rbFFxUkZKUklLaFVpS1NpUlZDcEVVbEFpcVZTSXBLSkVVcWtRU1VXSnBGSWhrb29TU2FWQ0pCVWxra29GRGlwS0pJMEtIRlNVU0JvVk9LZ29rVFFxY0ZCUkltbFU0S0NpUk5Mb3dBRWxra1lGRGhwS0pJM0tPdFZRSW1sVW5JT0dFa2xiRHh6RUFiNFcxRHNNZ3NvWDRYZllnOURkRmE0ZllJSjZmL29CeU4wVnNKNU1WdzlhejNUbG9NdWVlVVVuVXdISmxGK0JTUEEzQVVuZFNGRC9BdUZNYTBGOXRkZVZLWkF2MWc5aFVPQlBKSDVkZDh4RStOdC82STZaNlAwbGswcFFHYzEwUGV6ZGVGQUZIVk02UVZVa3FMQ2UvWFRqUVRVMDZJcXpsMU0zRk5TL1FDMW9HQTdoMmRzUmFUVjZvcDF3citPOXV5R2kyQk9QSjJLajVvdzdOaHA5S00xeDNCT0FTKy8zRDdqUVFlSytUS25nUFovOXFGVjI0YUZlaE8wajZYUmlhKzZFWGpESHl0NVQzbzg2aGNsRWI3WGdxVm16TkRmdWxxeGl3UytQQmMrdXIyV2MyRlZ0ZDNEV2RRN096Tmh6aDZZblRNTXJHeW1YUjJ5OVhDNGswdFUyM2hQMVhmaC9QRjl5YlB1RVU3WmN5eWxtaXJWWE54UVNuVUVLWGcvTlJGZW9yOUVQdDVaTjI4eTdxZEd4OGV6WThaRnNLcStYelZUcS9LUlpUR1ZFcnYvcG1XbytLYXVjS2pwdXFqaHIyeW0zc2RxMDRYbnBkTW9zR2ltOTdGVXUxZTIzeXQ1WmU3d1Rha1hwOU41cXMxcEpPTEN3ZW1CaHRjQUNKckRRR0ZqQUJ1WlhEOHl2RnBqSEJPWWJBL1BZd0dEMXdLQWg4QjcvN09Ea1ZjL2RVeDNoZXBPekpXYzZaUjQ1ZVd4OGREZzNsajA1Mm4vYW1IRE85Si8yRzFpLzFMMzU0MDJSTTk3MVMyYXFldUpRT05CZXZ4dEIrbnVYTkFBaERVTHBlVjFjT2JtRzNHcnFBVlM5ZXBBVlFxeW00R29qMXpod29RN1hCZzRXcmRJSTAyWE1ITURNUi96YThMNjhvS1BPK2VMeXFIN1NJVUg5OU91WitrZEJobDljdS9iRnRVdnAxTDU2NjMzcHZ2VFNRKy9WT3A0SW1ONEg3VUNvSVNhZm9CR1BheVFzYXlUZ0dvbkxHb25oUmpnVi9BNDNNWDB6S2RzODY2Wis3bGpGOVo0aGNpbkhtMDJ3THljZDJ4eHhESE1vTFhMcGxBNG5TNmpIcWFITTBtSFRRWVJxRUNFY1JLZ0ZFZTVORUw0YWhBOEg0V3RCK0hzVEJGU0RnSEFRVUFzQzdrMlFhb3h3Q0M3dEI4QmV2d3F0T25FZ0JMMUZuQ2taWmlrMU1SZmVkVUw3UUlqTUljUXNyZnBVb2gwZStidG1SODBLSkhwcWU3RHA2bG05VUM3RUk1Rk5QVVo4Qi96ZUU0L0EvZjZvVlpoMGg1MEx3eVZUbnpwVTFDZHMwNWcwNHBHenNGVmJwTlZ2MVg3S0tsdXdZdEl3SWxHL3BDMXJYbkNqTys5ZWYyM2g2bk5mM3I3NW44OWV2UHZSYnhmZWY2bnkrZVV2THIwTDJ6M3F0VXR1aVhiUGYzTDc3cCt1THI1dzZlNWJMOEx5dmRYeW5pL3YzS204Y09QdXJlZm43MXlGMTRGVmZkV3FYbGpsbGI5MmUvN1ZOK2VmLzgzQ3RmY1gzbnNGTmhqb3FYYk1TMktiWWNSYnp4b1JVQ3VNZVlVOThZN0UxbEhkMVUvcDlxeDUyREp0STlybURVbGlpMWZxZFRzbzdQQUt2ZldhNk1ydDhxcUduZG1pVVVpMEwybXdyVGV5dlE5K3djUVdmd1c3OHJ6M0lCNVlxcjVsdmUrTnRNU0NtaDM3TmtVS0JiOW5VYjg3eWExQkI1STk5WmpKYllYazluc1FvWjA4QXVENjdyNys0ZUxsUHk2OCszTGx5Z2RRNEZvRUVJNGcxTlR0cUtvTGczWFc1eWNNdVFXaDMxTGMxc2E0dmEwdDhNcXR5OFRwckU5eDhxdTExNi9HYi94cW0ydFg2d3J0YitTWFUvd1pHL0VYbExmc091R1U4MTZjNnJsdTNZMTJ6OEd2WndlT0hYdDJ3REFTbmJseFZ5KzUvb3RYVy81dXZYampYLy9zU0hUa0RoV05hdEZ3Vy9MbXZ6dmdKY2JLSjAzZHlCVHR1VW5ZSU9zNGR0YWFpZmFkWHZ6MEQvT3Z2bkFtVlhubHM4ckxIODIvOGM3OGplZmcrank5ZU9PNlh6NS8rL0xpOWJjcmw5K3JmUHpYWUkxNzNXdUZPUnZlV25lS2VkdktUMFdmZWRxMTdOekk1QlNFUTlZcEZHelRwNEJsVys3Y25yUjd3UTFlWVR0c0ZxeGlMajg1VmE5TjcwOHRyemVzYzk0YU93Z2hrOTQ3YU1DMUhQRXdFaTI3YzdZWlRaNHpTNjZWMSswKzNiWUt4UU91TXpONGJ1bHlCd2JySUNMTEVwN1o2UlNOQ1R2SWJLczdhWlg3ejNtQUdFcW5CdzA0S1BGWUlvWWRqczBObzNIRVF3UXlHRWU4K1FlSE5Ya2Zlbkx5L3FVUlRPNVlHcmxrNzJReXZ0RmhTajRRUGJXKzhZRjlYV1YwdkZyODJDUjNybnRZa2c4MlBSN0poL0Nqa0h4NG1ZU1BMTW1lL0ZaSWI4MTc1ZmYyVFMzZUtkc0tIc0xIWEhONkJDTGNqWmpKN29MUnVpM2U0djNyaHIrb3R3UUUrMGVyMzkyMnhHYnZ0ODRSeDNaS25ibEVXMjdYK0hDa3c0akh6eTRKRFBzSEYzYWdSRkFXYkV5dHdEQ0NqUk0rYUhoSnRhOVo3M21uWlBSTmVKdnBBZjg3MU02R3liVlZ6NnJlcHF0dHBGNUpjRFlzaVZWTDJpdWZ2cDVaK1B3REk1aFh3V21YLy9MbHA2L0RrbzdhSm9tOSsybDQ4QW9haE8rRHd1TE9hckYzMXdFKzdLcGQrTEhpUkhsbTBFOFZhcE5NZHVhU3FmWEt3V1BsNEptUVkxUHpjZ2hZT1FRbTVHaHJYZzRSSzRmNDFjdlJ2WGo1cGNyVks1VlByc3kvZGVXckZDWGF2Q2dTVmhTSklWRml6WXNpWTBXUkdSS2x2WGxSRkt3b0NrT2lkRFF2aW9vVlJXVklsTTNOaTZKaFJkRVlFcVd6YVZFaWdNT3BVbnVIQ3laVTZTSlFCZXRnQVFVSFMwMlZiZ0pWc0VZV1VEQ3kxRlRaUXFBSzFzOENDbjZXbWlwYkNWVEIybHJBa3EzdElWQUY2MnNCUzc1Mkc0RXFXR01MV0RLMjJ3bFV3VHBid0pLenZZOUFGYXkxNVZueUsvY1RxSUwxdGp4TGU5Q081bFhoc2Q2V1oya1A2aVZRQmV0dGVaYjJvRGlCS2xodnk3TzBCejFBb0FyVzIvSXM3VUU3Q1ZUQmVsdWVwZHNyRHhLb2d2VzJBa3UvSFQ1RW9Bclcyd29zN2N3UEU2aUM5YllDU3p2ekl3U3FZTDJ0d05MTy9DMENWYkRlVm1CcFowNDByNHFBOWJZQ1N6dHpra0FWckxjVldOcVpVd1NxWUwydHdOSmZQbllScUlMMXRpSkxkeEsrVGFBSzF0dUtMUDNsNHpzRXFtQzlyY2lTdDkxTm9BclcyNG9zZWR0SENWVEJlbHVSSlcvN0dJRXFXRzhyc3VSdDB3U3FZTDJ0eUpLMzNkTzhLaUxXMjRvc2VkdTlCS3BndmEzSWtyZjlMb0VxV0c4cnN1UnQ5eEdvZ3ZXMkVrdmVkaitCS2xodks3SGtiZnNJVk1GNlc0a2xiOXRQb0FyVzIwb3NlZHNCQWxXdzNsWml5ZHR5QktwZ3ZhM0VrcmNGQktwZ3ZhM0VrcmZsbTFkRnducGJpU1Z2S3hDb2d2VzJFa3ZlVmlSUUJldHRKWmE4clVTZ0N0YmJ5aXg1VzdtcXl0dXRnU3c3R2pUQU90bm1OQWplWU9uL1ZnT0ZZR1pnbmF6TWtyOVhDVlRCT2xtWkpYK3ZFYWlDZGJJeVMvNytBSUVxV0NjcnMrVHZCd2xVd1RwWm1TVi8vM2p6cXNoWUp5dXo1TytIQ0ZUQk9sbVpKWC8vUFFKVnNFNVdac25mZjU5QUZieVRaY25mLzRCQUZheTNWVmp5OXdjSlZNRjZXNFVsYnp0TW9BclcyeW9zZWRzUkFsV3czbFpoeWR1T0VxaUM5YllLUzk3MkVJRXFXRytyc09SdER6ZXZpb0wxdGdwTDN2WUpBbFd3M2xaaHlkc2VJVkFGNjIwVmxyenRHSUVxV0crcnNPUnRmMGlnQ3RiYnFpeDUyeWNKVk1GNlc1VWxiM3VVUUJXc3QxVlo4cmJIQ0ZUQmVsdVZKVzk3bkVBVnJMZFZXZksyR1FKVnNONVdaY25ibm1oZUZSWHJiVldXdk8xVEJLcGd2YTNLa3JjOVNhQUsxdHVxTExtNGNRSlZzTjVXWThuRlpRbFV3WHBialNVWDl6U0JLbGh2cTdIazRrNFJxSUwxdGhwTEx1NUhCS3BndmEzR2tvdjdNWUVxV0crcnNlVGlma0tnQ3RiYmFpejVsV2VhVjBYRGVsdU5wWHR4cHdsVXdYcGJqU1VYOTJ6UEdzK1kxUER2WGR2VXpDQjd4bVM4Y3V1VCtUZmVHWmovL1pYS25kZmcwY0tmcjFadTMycFVZOW1udVM1WG8vcTVybUUxdUg2QVZlTU13UnpCdjRzdGhUbnlOZWp6MHpWbkMvNGR2cHJ5c3QrWTJaSmJVNDFHRHh2NnVGVmlOZnhQSWc2cnNmanV4NW5GNjMvN2V0WDQyWnBxTkhyWDBLY1lmNVZ6STFhNTlObkN5emR4MlNPZnBJdGtYLzlNM2ZWd1ZGOHorMGFQR3ZvNDVXOTQ5aE5yWm85LzkxazJzcyt2bVQzK25iZ292T3FBUXZiR0d0bHZBaHpXWEFwc0xIeHo3ZlFiWGVTOTJRVTRGVWwvOGZxdHpNSzFYOU5OLzZ4ZjBnMnRVV1RRenh0MjJmQnoybUpZNVJsYm56dFFkSXJtb1BFL004Nm1jSVNzQUFBPSIgQ29ycmVsYXRpb25CaW5kaW5nPSIiIFVybEVuY29kZT0iVHJ1ZSIgLz4NCiAgICAgICAgPEZvcm1Qb3N0UGFyYW1ldGVyIE5hbWU9Il9fVklFV1NUQVRFIiBWYWx1ZT0ie3skSElEREVOMS5fX1ZJRVdTVEFURX19IiBSZWNvcmRlZFZhbHVlPSIiIENvcnJlbGF0aW9uQmluZGluZz0iIiBVcmxFbmNvZGU9IlRydWUiIC8+DQogICAgICAgIDxGb3JtUG9zdFBhcmFtZXRlciBOYW1lPSJfX1NDUk9MTFBPU0lUSU9OWCIgVmFsdWU9Int7JEhJRERFTjEuX19TQ1JPTExQT1NJVElPTlh9fSIgUmVjb3JkZWRWYWx1ZT0iMCIgQ29ycmVsYXRpb25CaW5kaW5nPSIiIFVybEVuY29kZT0iVHJ1ZSIgLz4NCiAgICAgICAgPEZvcm1Qb3N0UGFyYW1ldGVyIE5hbWU9Il9fU0NST0xMUE9TSVRJT05ZIiBWYWx1ZT0ie3skSElEREVOMS5fX1NDUk9MTFBPU0lUSU9OWX19IiBSZWNvcmRlZFZhbHVlPSIwIiBDb3JyZWxhdGlvbkJpbmRpbmc9IiIgVXJsRW5jb2RlPSJUcnVlIiAvPg0KICAgICAgICA8Rm9ybVBvc3RQYXJhbWV0ZXIgTmFtZT0iX19WSUVXU1RBVEVFTkNSWVBURUQiIFZhbHVlPSJ7eyRISURERU4xLl9fVklFV1NUQVRFRU5DUllQVEVEfX0iIFJlY29yZGVkVmFsdWU9IiIgQ29ycmVsYXRpb25CaW5kaW5nPSIiIFVybEVuY29kZT0iVHJ1ZSIgLz4NCiAgICAgICAgPEZvcm1Qb3N0UGFyYW1ldGVyIE5hbWU9Il9fRVZFTlRWQUxJREFUSU9OIiBWYWx1ZT0ie3skSElEREVOMS5fX0VWRU5UVkFMSURBVElPTn19IiBSZWNvcmRlZFZhbHVlPSJsc0FUMmJ5MlFjVkJQWituZ0p4ZzJmZmlhVjlOb2ZvRXR0ajJrTEdnb1FSZjljMHZNR25EMDJWd0lwTVBsRE4xRUtlWVhDbVVoMEdLSS8wQ2xRalYyakQ4azhJeHJGcVR2UStOeno4ZVh0U2UzY09HNlBvZnhxTDlMU0VEems2WVpXQzRJd2o5UTFhbVBUQ1Ztbzl5RVRwQzlTZUdEZFdnTU5ud0NWYnZtRDFldmxIYmdUNEU2VFYwUWtaLytwWUVEU1FuTzMxMDlHOVlDYXlqY0RZR3g2dm1IZFlFc2ZsY2hIZHZ3L3JPZ21CbW83N2drQVRQdGJjTjFheXNyQW13QnJpcVF5QWNBeU9MSC95akhGeTBZejRQejJ2SURndWdSeDF2VEJ1ZitlTzdNTDJMR29sMFpvbWFZVTRhazB3UTV5Y3FFcFlBYS9IczVIN0VVckpPaGJVV0dBSXJyTm5YRHd4bEVvcm9CUmRQbXE1cUR6L0o0Smh2c2doZTZQVXNiZFc0M05abnhZVytPSkNVbG9mdEpJKzlTSEN3d3dFNW9HaU5ySThxWWlzdGNaR24wWk8zMDBJRVJJNEM1Zm52cTdQeExRcXQzWnp2TmkwRWNidlYyaUFQLzJwVzk3c2diaDFJNmVxd3BDcStJQ1cxa1VQdlZ0SytjT2VnTkM1RE9CWUhPY01WNHJ3R2ZwS2UyUWo0ekdmR1lMdy9xOFlDM2piN1Z5Skd5c0ZjdVBwZE15d1pSZElOaGFXZkwxR3lSd3ZxeTFmMGRZOEZwSUMvRlptZFY1ZURqNU12VVBtWVp5by9CV1BVQWUvM2IvQWNXcXhlYmU4bGZGa0dycnprUnhTL2dwbzlROXhzR3JjUkFrNy9USmpnZFVHdjNTY0FhSUVFdUs5WDJRczJoYS9xSGVPOFh6R3p6Nk5UaDQvYy9SbVVSVlRuNlM5WXJROGpscW95N3B6cllpQ2JraGk3VS9rM3NRUnhHNmZZeFRMLytXRlZqZ3pjSnNoM0tOTkxCUFFMQlIvaWtKN0N5WE1kVXpZS0JmcVFOWkFRN2t4OVBIVkJqTDJmYzR6RlBSa3RGT2x5VnEyTER6ZkN0cFJtTHRuZkxJTlhwZ05OLzFBTTBlQmc1YStGeG5rV3dLMktOQ1grNG1wL3BHN2NMVVM3OTQwclFlbXBsV1F4bExpUHRsMUErbmdqRFN5Vm1SQnhQMVcrVSt1TFlIK1krWXlwYnBvZHpiZ1hIL28ySCtqaGFLekdwZVFHY25Ib3hWTHVuU2ptNVJac0FtOG14dWRBaDdzNnRyZ3ZTS0lYVkJyb3ZJSEFXd0dnZkNCRmZLRXhRUVhKeXJDRnp2ZWNldzdJUFZvL0FjOEpSTVhiSUZnM0FqZk0xc0hZWnI5SmdORTN1aTRmcU9GMm5vTTlSbXFMUTV2TVprRTBOaEdPMUhLUTVDWWVvWHNoTFFRU29sOXg0WU9EeXh6MHpOeEpmMU1kWjB4akh1REtrUzZ0Rm9DaGJqRitVamZIZDJDMUc1MTN5aVpIZ1BZNTVPbjRoQXVOUWJtTEdMZGdySWVha1hCcmRna3hVOXl0SFJQNkh6VnYvQmY5eHJyVzFoVGUxKzVYcUJwUmI4WFpHdnFNUzFCMm91aGo0eHdaaitjdEJRMlpXSlQrQ1V1TlJzT2VHTlJsTlhXS0EzOWpTcWEvaTBXbFZkK3JVUUpKZUoyT21BRHZ4aE9YTk1reGFOOWJaMkE0bWVqVUhBVWV5MFBlRnVUak40QitGMHpMdEZITmwrQmhBd3owRTNiSkJHUytRRHdzQXpjRTErNkFZRzl1RjNyOHhMWlRrWkFVTXFxWlVNZUNkZ1dWVldqYUJoQkJENkxFTER3KytuY0IyRVNuTDRJT0JuNEc4bUl4ZklXc2lLL3JBN2lEeTlqVEgyZzlkTFZ6Z2dDWnczdEhsSTFpU3lRbzZTRUJIUGRoN1Avc3MveCtmZlBKRWdob3NDOExnNlNyTzJsL0NabVJRTDFnSmJTQXpkclVHdy9aRlFWTkV0T3pab2VKczMvVkdKc21rZ1N0a3doSzIwNTliSHZjQm5TSlQwYzRhSzYrR213SVVKNWxKVlFtVnFSdUhWVGZzNDZXSFM1RmtUV0k5Wko2L2FoNzJCVEFaaEdncDNDcFFCdEx1RVRTL3hjZHpOa0J1R0dPUXZpV2s0V0ZiVXVJaXBBdktNWHFnQVNQVEJUNFFsa29zTm1kTCtkb1F4Mzd6RlBTa2NrSXRRRWJLZ2hJbEFXbjVpWC92VVJ3NytCWVhVSXNRK0U3VHRPYXc1cE05d1c5cDlpaE9ZcWN0VURDWHVtd25MNEwxSnY5YTB2cHN2V2EwNm1XS1RRYlBxNVBKeHprd2QwakRLNWFwa29jMWRNMXhpbGRkdVlOUklzQVlLUHFnSzNvL1VTYTE5U0FEeE95V3FIcFlxVnpabVZCRUNuTlFyZmlOcENCYUtKNjFycm0xcElKYWZDalpVcTdiSnJtTUxXL3dzRlhFc1M1aHZGeEtibTRuSGxnRXlTa0pRRFBBWlF5RXNWb2tNSFFXdGIxek5vRktTZzVReTdzUm83UWgxVzQvZGtWYXZoSFZRRDgwTk13OUJDM0F2MTlQRHduclRQSktWWFM3Qis2dEhuRllYelE3Nnc5a3lxc2oxTjliTEhlUE5yNHhmbDlTUTlTcW85RkhBY005Sm95K1hHc2dWYzdPSFdic1kwV1d6R2VTcjNsc05mVzVRL215am92UlNmYmpNeWNXL1Ryd3pBOUVHYWthTjlvaEdSbG1aekVoZGhRbnAxSjVoVURna1VqWkhPTitYeTFiSTF3elFwU0pJNmdEZllvemZBQXVPWGN6blpEUWhRakl3eHZweFpFSk0rbEt4OFR1NDllMlFpK0MrbFVGbUxQMDRFemdqSzFJa0xmOXJtOG92WUl2Mlh1aW1IMDBBcThqbGE3bWNZQXlUUStheWZwTDkxVlU0VFNCbjVGTEJLdE8yelRnMCtNYk9hcGpCMS8vbzkwSXY3MGo3SlB6RitIblpkQnFlc0RFQTRYTDRXQmlTbElzVElOSUpaZVZjVWZBdzZJZmg1ZFRVQW4xUTMzRjNYUWltdmt1emN1RGM4UnF3cjJ1WVRDUWFyUXJBZW9LZmQ2QmxkZkFMdWpkeUZvYTJuS0pSU0R2Qno5ZjFqS2IrdlJMand0MDNwWjBxelhteHZwMkprSWN3VzdTYklsQzhlVVJ3UHkxZFIrMHJ2eVZuNXF3T2M5eG5CNFhMZHBwY2VvbzRIMnY5Sm1XU1p3ekk5WkZoQ2loeHA0YmRDb1B0WVdHQ0dZT3RzZjJVRDlEbWZZbERmcjVJOEo2ZWg2OFJHd1F6eEJFbmRyM1hlbVpML1BMREFuT0NTUDlZSmFQYTRHVlF3U3ZLYWJUWUtoREJDZXZsQTBsNUNZbzQrMXhKc3VJUnNvek4rNmMyNVpMRjVMVWN2dUxkbFJHcnZBVk9OYTFPSkk4Wi9idzdmZEZZRjJ5NFZpM3JsYnI0UW5nbHVtSDd2WXlGRGcxT2k4emNWUDVCeVRGWGlMcFBCQms2WS92VGFMdmg4aGNHMGZOL094NnRhU1dRNmJCY2VkbDdsU003bkNaR3h4algyL1BzNjVhRDNwODgrTnArdTdVUk9PVStvQVlQdDZKaUtyM1k2SFN2TFNZWnNUWkdPQWVtS29uTEs3d2c1aG9nUTJaR08wRyt5clZDdEJ4ZXZRUy90RHVueG5yblhqUHZvU2VlY2RKdG9IMVVKZ0NkVmgzRkpyUHlaK3FWYitoTEIxeFBqcDJkR09vYmN6RTIzSUxFZVhNay9EbFJxK1NBVXAwNjZlandHNUtmT0Nkb3hneVlKMUJRUVdWVFo3eXQ3VklwSHJpQ2JPT2tFU0ZrQmUwd1laTTBNa1dMSHFTYTJCZjk2eFNQNWFMd2RialJvZG9qREwyL2JIMVROaG16MG5QaFVWLzFhOWhmNkpNRlI2aVFIY2dnazRpT09EYjlvRUUrN3dWamMrdkJ6aTNrRVVBWmN2SktzOTJweWRRWjc4cGFZM09IZXFCdGUzL2Z3aUZDZzQyMG52SUJOMGFlMjZvbTV3dkdtZm1SODRnVlR4T1hObm9sSjBpUlRJeUNLamRGN0hpRVZoaWlmaTR2Z2F5aDBZM3FBWThVeWJoeTM2N3poNUNMWnJhclhheVFzNUpMNlUwekdwNWh4cHVEOW9HSmlRN1UzMmVLeW1tb05oc1JoZG95d1p6SDBCelNxN2g1QmExdWNyTHUzSVJWZGxBQU1Hak4zNTQ5STFiakN6eE5EZFRibkUzV0VoR2w4MHUrRi8wM2xUL1JiWjJ1aXlPNW1lS29HMDFid3J6ZHdiTS9UUVdJTzhMMW8ycFB0TU1QUWRIVUxBQkdtWlZ6dUZ4dnlITUlxZTNoL0VYREE5MXBzK2NiaFFReGNXYWNROEpJN29ZUjN6OXgzVk1FTmk1KzdXUWNaMWtTS29xeWs2ZlBaWU5xWUsvMzdUek5aczBPaW9KY2hlc0krWHRmejNPZVVWR0NacHRISkNTbWhqdG9rT0paUEdEVDJ2dEozQVJyVS9RRUNNaXJCN0ZGZFk2eHdaTVZkbjNUR1Y4SkpvcFR0aVVaS2Y2VzFadVYzWUVmRmpEOHhVY0R4N3ZxQXkrSkxvcXB0V1h1UE42dUZ5VGw4bFlYd0FSMHB1TG02aC92ZkdCMEVWdVFsVzlIZVFUZUYvNkxtNkhPVnJRUzNNSFhMOVRmbENIZUVOUDFUbmdObmllc05xTFVIQVF4ZkVzdkdnYU9jMzFOK3hzOGpuSTNydXZza2RsMzY2dHp1ck8xdmMwaHNVTXRBaWw1Q3dwK1ZTaTVCRFRMUVk0WnlNNXJkQVJiUG1hbGlKcG1sTCsxcGwyY2ZPUWE1UWRkMXRxRHRJbzhDMlhDQjJkbXpMbnpqaU9wWUpCczh1QWZXM001ODM2YUhjT1dvTTFPSlJtS0FIa2puZURid05BZWJWYmNOd2ZWY3dyRWlLL2ttbjNza1lrdlY0c0NjdW9ra3FFMDJxQWNhalFSbmx1WDM1bDlEME1MUlZ5akYrZFdNZHlTQ2cyQlp6TDNtWFRORWVwamdXQUw3ZGt0TnYwbGZPcGhJTWtRSlpWOSs2U3JOUHVkbmFOSjUvWGFYVEhFV21jYVNNY1g2UHYrajYvWGl4MkxSeG1PUkRkSzljdG1LckwvUHl0dlgyeDZjQjlJcjhacjN0eU0rbzFaOVlhM29zWUs1dzBrZGxMVTZKMmoyV3R3bUxmWktkRWFRdklmSURGbTBnL3ZreTIyVUxZTnQzcDdzSDZtaHl6UWMzMkkrdGZpclBHVFM2aHQvQm5FWjZNcnd3YXltTFI0Q3dtdmFiWkZXSTdvS2xHSWFuK0l4elJlblNJQzRBb055cUplRjdCa00zUE9yNWRoUi9jTmRIZ1pwNTRma0tyUC9jZnFoVFJMQXYzNkpKZmZCV3UzV0xLS0JJdlUyWUkwVGJPbGxpOUZsN1FvMnpYMEtFcGJJNEM2SFZEcVlWdStiNlYzTy9GbDlOODEyS0dwZmYwMzNMWkZuSThFemR5SEJQS2FEd1NUQ2tpQmhQVnd4K0JYZGNlbG90S05TN2lwN1E3WXNkR2NIZkoxb1NvTUFrMndsZWhGeHhjWnJhMU93RWVLK0tZMllkeGxXU29EUnBWbUU5czE4T0t5VjBWMHJ1em9pUTdSbXFQTUJ0MUtSc2YxQ1RGa2k0Y2VtZUhOWDVlb0NEYlAwQkoremFyZjRjcmt4dUVQdlppWXBFQ2pVNC9iRTR0NjIva1haYmRaUUM5UFprL3VIYjdKeDdFYUNadmpCUVFvenpZNWZtRmJucEgyTlVjNGM5bXRzKzBpaVg1SW5xcXpYWXJRR0RlNXBNak83TzEvWm02WENwdUNBcy9NUndyb3pwd3BOSVdCMUxEYWg4eXZmc0luMXhQdWxZaHBBS3Y2WTBkUm00MVBZSzFkSmdCWThyTGxodyt4bW9XakloSFI4dzNyeHpXRktITnM2Ui9jeHRSU1dseERHdXNYTXljelZwbktYUXltdm9GS2o1aUx4Z2NWOFdPK3RMVkIySGRVdW1pMDBRUkRZanJ4M0t4Tm02d1h3c3lyb3c1WWFtb2dYdml4bkc4QStHaVJVcENyN25XOEtWL2RPaysyQ2FZZGt5Sk4yKzRNSFVaYzBJUHlnMjlsK2tzcTBBZmFqMkZpSnUvczcycS9YWlBTaWUzaFJteXRhWGdqNW5KQ24ySGRSZVpFTUlnTDNzUXBWWWZrNUdsVmgzMTlUM3p4VmlYVUN6ZnNTRmh4d2k5SngzZW44aFdvN0hTQyt4Y3ZVSUhHb2NuNnh5Qjd4VHVqMC91Mzl0bHR0aXJtUzN5bzBjSWlEWFE3d1dDL1JmeG5FNkdTQUJmZUplZmorbHJjMytCNDNtZGJhU2VOam8xTStqRXBGM0NBNUw0ZENwNWV4a1QrWm95YnNKTnBsZFRYUXpDclJRMjY5ck4xRmN2bGN4bEpHZjhvVE1XQVdISlFDR1VsSDdGNUJUcU5rNW1iTmhXamVDMVJPVWVublRmSkRTR2lLRkdRbnFScFBjdHIyQ3NOMWNOancwb2tvemtDU3o2bXF3d3JOV2tWMGVBWmV2YTA5dG9IbnhQMW5oN3JDeXNlVWY5b0hIbVdRbGl3WGIxVUpMZ1BGRmZFUTRNTklVdHdhc05ld01wQ1F6MzVXS1loMjhzeTFYNXVYamdJZFJFNitTZGpZc25ZM2FPNDBrTkNqbnJ0eUZ6QlFhVHpmQXpKZVJKTEVvaTZyVzNUVmhVdTU5NS9DeUtpQjdDcjFDbitSbGF4aThWKzNkVU5GU3RteThZbFBWN25Pc2hTZWdDVmpvVnpuekZ6a24rakJ2Wit5WHdHN01zVFBrYmNZQmliT3JWUTZXbGdtZHhJaTd4WDd6RFJ4R2tGbm5FeXh2bmtQT1JQT1YyTC8vWHAvK2JWMW5wS2ZkelVtVWF2dmdDaWVsR2ZUeXJ0MTBqQzhVWERMUXR0NVYycEdHWXdxWGdVc0k5Z3JmL25uWW1vTGZhYUZsYi81SzEzUTNzb010UjdhTHNEcTQwOG1oYW5HWm5sRkp2QmFhUXBmKzE4RDZZNnllUHR5N0VIK2Q4SVlhN1hscyttcmRsUjlQNk1CUCtBWFgvcDFwb2tOdURVRXlabHBzc2YwVkpoYWpIR3NhLzE5Ymtpa0dWNXJRZlM4a01aSG5CTWcyS2lUM01ZdXh6VXdTcU00VVE5bUxQQT09IiBDb3JyZWxhdGlvbkJpbmRpbmc9IiIgVXJsRW5jb2RlPSJUcnVlIiAvPg0KICAgICAgICA8Rm9ybVBvc3RQYXJhbWV0ZXIgTmFtZT0iU2NyZWVuV2lkdGgiIFZhbHVlPSJ7eyRISURERU4xLlNjcmVlbldpZHRofX0iIFJlY29yZGVkVmFsdWU9IiIgQ29ycmVsYXRpb25CaW5kaW5nPSIiIFVybEVuY29kZT0iVHJ1ZSIgLz4NCiAgICAgICAgPEZvcm1Qb3N0UGFyYW1ldGVyIE5hbWU9IlNjcmVlbkhlaWdodCIgVmFsdWU9Int7JEhJRERFTjEuU2NyZWVuSGVpZ2h0fX0iIFJlY29yZGVkVmFsdWU9IiIgQ29ycmVsYXRpb25CaW5kaW5nPSIiIFVybEVuY29kZT0iVHJ1ZSIgLz4NCiAgICAgICAgPEZvcm1Qb3N0UGFyYW1ldGVyIE5hbWU9ImJ0bkFjdGlvblgiIFZhbHVlPSLmuIXpmaQiIFJlY29yZGVkVmFsdWU9Iua4hemZpCIgQ29ycmVsYXRpb25CaW5kaW5nPSJ7e0Zvcm1Qb3N0UGFyYW0xLmJ0bkFjdGlvblh9fSIgVXJsRW5jb2RlPSJUcnVlIiAvPg0KICAgICAgICA8Rm9ybVBvc3RQYXJhbWV0ZXIgTmFtZT0iZGRsT3JnQW5kRmxvdyIgVmFsdWU9IiIgUmVjb3JkZWRWYWx1ZT0iIiBDb3JyZWxhdGlvbkJpbmRpbmc9IiIgVXJsRW5jb2RlPSJUcnVlIiAvPg0KICAgICAgICA8Rm9ybVBvc3RQYXJhbWV0ZXIgTmFtZT0iZGRsUXVlcnlDb25kaXRpb25zIiBWYWx1ZT0iMCIgUmVjb3JkZWRWYWx1ZT0iMCIgQ29ycmVsYXRpb25CaW5kaW5nPSJ7e0Zvcm1Qb3N0UGFyYW0zLmRkbFF1ZXJ5Q29uZGl0aW9uc319IiBVcmxFbmNvZGU9IlRydWUiIC8+DQogICAgICAgIDxGb3JtUG9zdFBhcmFtZXRlciBOYW1lPSJ0eHRPVEVtcElEIiBWYWx1ZT0iMTAyMTE5IiBSZWNvcmRlZFZhbHVlPSIxMDIxMTkiIENvcnJlbGF0aW9uQmluZGluZz0ie3tGb3JtUG9zdFBhcmFtMi50eHRPVEVtcElEfX0iIFVybEVuY29kZT0iVHJ1ZSIgLz4NCiAgICAgICAgPEZvcm1Qb3N0UGFyYW1ldGVyIE5hbWU9InR4dE9URW1wTmFtZSIgVmFsdWU9IiIgUmVjb3JkZWRWYWx1ZT0iIiBDb3JyZWxhdGlvbkJpbmRpbmc9IiIgVXJsRW5jb2RlPSJUcnVlIiAvPg0KICAgICAgICA8Rm9ybVBvc3RQYXJhbWV0ZXIgTmFtZT0idHh0T1RGb3JtTk8iIFZhbHVlPSIiIFJlY29yZGVkVmFsdWU9IiIgQ29ycmVsYXRpb25CaW5kaW5nPSIiIFVybEVuY29kZT0iVHJ1ZSIgLz4NCiAgICAgICAgPEZvcm1Qb3N0UGFyYW1ldGVyIE5hbWU9ImRkbE9UU3RhdHVzIiBWYWx1ZT0iMCIgUmVjb3JkZWRWYWx1ZT0iMCIgQ29ycmVsYXRpb25CaW5kaW5nPSJ7e0Zvcm1Qb3N0UGFyYW00LmRkbE9UU3RhdHVzfX0iIFVybEVuY29kZT0iVHJ1ZSIgLz4NCiAgICAgICAgPEZvcm1Qb3N0UGFyYW1ldGVyIE5hbWU9InR4dE9URGF0ZUJlZ2luJHR4dERhdGUiIFZhbHVlPSIiIFJlY29yZGVkVmFsdWU9IiIgQ29ycmVsYXRpb25CaW5kaW5nPSIiIFVybEVuY29kZT0iVHJ1ZSIgLz4NCiAgICAgICAgPEZvcm1Qb3N0UGFyYW1ldGVyIE5hbWU9InR4dE9URGF0ZUVuZCR0eHREYXRlIiBWYWx1ZT0iIiBSZWNvcmRlZFZhbHVlPSIiIENvcnJlbGF0aW9uQmluZGluZz0iIiBVcmxFbmNvZGU9IlRydWUiIC8+DQogICAgICAgIDxGb3JtUG9zdFBhcmFtZXRlciBOYW1lPSJ1Y01vZGFsUG9wdXAxJENsaWVudFdpZHRoIiBWYWx1ZT0ie3skSElEREVOMS51Y01vZGFsUG9wdXAxJENsaWVudFdpZHRofX0iIFJlY29yZGVkVmFsdWU9IjAiIENvcnJlbGF0aW9uQmluZGluZz0iIiBVcmxFbmNvZGU9IlRydWUiIC8+DQogICAgICAgIDxGb3JtUG9zdFBhcmFtZXRlciBOYW1lPSJ1Y01vZGFsUG9wdXAxJENsaWVudEhlaWdodCIgVmFsdWU9Int7JEhJRERFTjEudWNNb2RhbFBvcHVwMSRDbGllbnRIZWlnaHR9fSIgUmVjb3JkZWRWYWx1ZT0iMCIgQ29ycmVsYXRpb25CaW5kaW5nPSIiIFVybEVuY29kZT0iVHJ1ZSIgLz4NCiAgICAgIDwvRm9ybVBvc3RIdHRwQm9keT4NCiAgICA8L1JlcXVlc3Q+DQogIDwvSXRlbXM+DQogIDxWYWxpZGF0aW9uUnVsZXM+DQogICAgPFZhbGlkYXRpb25SdWxlIENsYXNzbmFtZT0iTWljcm9zb2Z0LlZpc3VhbFN0dWRpby5UZXN0VG9vbHMuV2ViVGVzdGluZy5SdWxlcy5WYWxpZGF0ZVJlc3BvbnNlVXJsLCBNaWNyb3NvZnQuVmlzdWFsU3R1ZGlvLlF1YWxpdHlUb29scy5XZWJUZXN0RnJhbWV3b3JrLCBWZXJzaW9uPTEwLjAuMC4wLCBDdWx0dXJlPW5ldXRyYWwsIFB1YmxpY0tleVRva2VuPWIwM2Y1ZjdmMTFkNTBhM2EiIERpc3BsYXlOYW1lPSLlm57mh4kgVVJMIiBEZXNjcmlwdGlvbj0i6amX6K2J5Zue5oeJIFVSTCDlnKjlpZfnlKjph43mlrDlsI7lkJHkuYvlvozmmK/lkKblkozoqJjpjITnmoTlm57mh4kgVVJMIOebuOWQjOOAguW3suW/veeVpSBRdWVyeVN0cmluZyDlj4PmlbjjgIIiIExldmVsPSJMb3ciIEV4ZWN0dWlvbk9yZGVyPSJCZWZvcmVEZXBlbmRlbnRzIiAvPg0KICAgIDxWYWxpZGF0aW9uUnVsZSBDbGFzc25hbWU9Ik1pY3Jvc29mdC5WaXN1YWxTdHVkaW8uVGVzdFRvb2xzLldlYlRlc3RpbmcuUnVsZXMuVmFsaWRhdGlvblJ1bGVSZXNwb25zZVRpbWVHb2FsLCBNaWNyb3NvZnQuVmlzdWFsU3R1ZGlvLlF1YWxpdHlUb29scy5XZWJUZXN0RnJhbWV3b3JrLCBWZXJzaW9uPTEwLjAuMC4wLCBDdWx0dXJlPW5ldXRyYWwsIFB1YmxpY0tleVRva2VuPWIwM2Y1ZjdmMTFkNTBhM2EiIERpc3BsYXlOYW1lPSLlm57mh4nmmYLplpPnm67mqJkiIERlc2NyaXB0aW9uPSLpqZforYnmraTopoHmsYLnmoTlm57mh4nmmYLplpPmmK/lkKblsI/mlrzmiJbnrYnmlrzmraTopoHmsYLmiYDmjIflrprnmoTlm57mh4nmmYLplpPnm67mqJnjgILlm57mh4nmmYLplpPnm67mqJnngrrpm7blsIfooqvlv73nlaXjgIIiIExldmVsPSJMb3ciIEV4ZWN0dWlvbk9yZGVyPSJBZnRlckRlcGVuZGVudHMiPg0KICAgICAgPFJ1bGVQYXJhbWV0ZXJzPg0KICAgICAgICA8UnVsZVBhcmFtZXRlciBOYW1lPSJUb2xlcmFuY2UiIFZhbHVlPSIwIiAvPg0KICAgICAgPC9SdWxlUGFyYW1ldGVycz4NCiAgICA8L1ZhbGlkYXRpb25SdWxlPg0KICA8L1ZhbGlkYXRpb25SdWxlcz4NCjwvV2ViVGVzdD4=">
      <Execution id="87586cfd-3039-42aa-ad65-d9fb6e3f2e0c" />
    </WebTest>
    <LoadTest Name="LoadTest2" Description="" Owner="" storage="c:\users\yshuang\documents\loadtesting\loadtesting\loadtesting\loadtest2.loadtest" Priority="2147483647" Enabled="true" CssProjectStructure="" CssIteration="" DeploymentItemsEditable="" WorkItemIds="" TraceLevel="None" CurrentRunConfig="回合設定1" Id="044bfbcc-9d13-418a-98b7-b630c028e86b">
      <Scenarios>
        <Scenario Name="情節1" DelayBetweenIterations="0" PercentNewUsers="0" IPSwitching="true" TestMixType="PercentageOfTestsStarted" ApplyDistributionToPacingDelay="true" MaxTestIterations="0" DisableDuringWarmup="false" DelayStartTime="0" AllowedAgents="">
          <ThinkProfile Value="0.2" Pattern="NormalDistribution" />
          <LoadProfile Pattern="Step" InitialUsers="10" MaxUsers="251" StepUsers="10" StepDuration="10" StepRampTime="0" />
          <TestMix>
            <TestProfile Name="WebTest1" Path="c:\users\yshuang\documents\loadtesting\loadtesting\loadtesting\webtest1.webtest" Id="c152c459-617e-4457-bb82-881862a041be" Percentage="100" Type="Microsoft.VisualStudio.TestTools.WebStress.DeclarativeWebTestElement, Microsoft.VisualStudio.QualityTools.LoadTest, Version=10.0.0.0, Culture=neutral, PublicKeyToken=b03f5f7f11d50a3a" />
          </TestMix>
          <BrowserMix>
            <BrowserProfile Percentage="100">
              <Browser Name="Internet Explorer 7.0" MaxConnections="2">
                <Headers>
                  <Header Name="User-Agent" Value="Mozilla/4.0 (compatible; MSIE 7.0; Windows NT 5.1)" />
                  <Header Name="Accept" Value="*/*" />
                  <Header Name="Accept-Language" Value="{{$IEAcceptLanguage}}" />
                  <Header Name="Accept-Encoding" Value="GZIP" />
                </Headers>
              </Browser>
            </BrowserProfile>
          </BrowserMix>
          <NetworkMix>
            <NetworkProfile Percentage="100">
              <Network Name="LAN" BandwidthInKbps="1000000" NetworkProfileConfigurationXml="&lt;Emulation&gt;&lt;VirtualChannel name=&quot;defaultChannel&quot;&gt;&lt;FilterList/&gt;&lt;VirtualLink instances=&quot;1&quot; name=&quot;defaultLink&quot;&gt;&lt;LinkRule dir=&quot;upstream&quot;&gt;&lt;Bandwidth&gt;&lt;Speed unit=&quot;kbps&quot;&gt;1000000&lt;/Speed&gt;&lt;/Bandwidth&gt;&lt;/LinkRule&gt;&lt;LinkRule dir=&quot;downstream&quot;&gt;&lt;Bandwidth&gt;&lt;Speed unit=&quot;kbps&quot;&gt;1000000&lt;/Speed&gt;&lt;/Bandwidth&gt;&lt;/LinkRule&gt;&lt;/VirtualLink&gt;&lt;/VirtualChannel&gt;&lt;/Emulation&gt;" />
            </NetworkProfile>
          </NetworkMix>
        </Scenario>
      </Scenarios>
      <CounterSets>
        <CounterSet Name="ANSONHUANG" CounterSetType="LoadTest" LocId="">
          <CounterCategories>
            <CounterCategory Name="LoadTest:Scenario">
              <Counters>
                <Counter Name="User Load" HigherIsBetter="true" />
                <Counter Name="Tests Running" HigherIsBetter="true" />
              </Counters>
            </CounterCategory>
            <CounterCategory Name="LoadTest:Test">
              <Counters>
                <Counter Name="Total Tests" HigherIsBetter="true" />
                <Counter Name="Passed Tests" HigherIsBetter="true" />
                <Counter Name="Failed Tests" />
                <Counter Name="Tests/Sec" HigherIsBetter="true" />
                <Counter Name="Passed Tests/Sec" HigherIsBetter="true" />
                <Counter Name="Failed Tests/Sec" />
                <Counter Name="Avg. Requests/Test" HigherIsBetter="true" />
                <Counter Name="Avg. Test Time" />
                <Counter Name="% Time in LoadTestPlugin" />
                <Counter Name="% Time in WebTest code" />
                <Counter Name="% Time in Rules" />
              </Counters>
            </CounterCategory>
            <CounterCategory Name="LoadTest:Transaction">
              <Counters>
                <Counter Name="Total Transactions" HigherIsBetter="true" />
                <Counter Name="Avg. Transaction Time" />
                <Counter Name="Avg. Response Time" />
                <Counter Name="Transactions/Sec" HigherIsBetter="true" />
              </Counters>
            </CounterCategory>
            <CounterCategory Name="LoadTest:Errors">
              <Counters>
                <Counter Name="Http Errors" />
                <Counter Name="Validation Rule Errors" />
                <Counter Name="Extraction Rule Errors" />
                <Counter Name="Requests Timed Out" />
                <Counter Name="Exceptions" />
                <Counter Name="Total Errors" />
                <Counter Name="Errors/Sec" />
                <Counter Name="Threshold Violations/Sec" />
              </Counters>
            </CounterCategory>
            <CounterCategory Name="LoadTest:Page">
              <Counters>
                <Counter Name="Total Pages" HigherIsBetter="true" />
                <Counter Name="Avg. Page Time" />
                <Counter Name="Page Response Time Goal" HigherIsBetter="true" />
                <Counter Name="% Pages Meeting Goal" HigherIsBetter="true" />
                <Counter Name="Pages/Sec" HigherIsBetter="true" />
              </Counters>
            </CounterCategory>
            <CounterCategory Name="LoadTest:Request">
              <Counters>
                <Counter Name="Total Requests" HigherIsBetter="true" />
                <Counter Name="Passed Requests" HigherIsBetter="true" />
                <Counter Name="Failed Requests" />
                <Counter Name="Cached Requests" HigherIsBetter="true" />
                <Counter Name="Requests/Sec" HigherIsBetter="true" />
                <Counter Name="Passed Requests/Sec" HigherIsBetter="true" />
                <Counter Name="Failed Requests/Sec" />
                <Counter Name="Avg. First Byte Time" />
                <Counter Name="Avg. Response Time" />
                <Counter Name="Avg. Connection Wait Time">
                  <ThresholdRules>
                    <ThresholdRule Classname="Microsoft.VisualStudio.TestTools.WebStress.Rules.ThresholdRuleCompareCounters, Microsoft.VisualStudio.QualityTools.LoadTest, Version=10.0.0.0, Culture=neutral, PublicKeyToken=b03f5f7f11d50a3a">
                      <RuleParameters>
                        <RuleParameter Name="DependentCategory" Value="LoadTest:Page" />
                        <RuleParameter Name="DependentCounter" Value="Avg. Page Time" />
                        <RuleParameter Name="DependentInstance" Value="_Total" />
                        <RuleParameter Name="AlertIfOver" Value="True" />
                        <RuleParameter Name="WarningThreshold" Value="0.25" />
                        <RuleParameter Name="CriticalThreshold" Value="0.5" />
                      </RuleParameters>
                    </ThresholdRule>
                  </ThresholdRules>
                </Counter>
                <Counter Name="Avg. Content Length" />
              </Counters>
            </CounterCategory>
            <CounterCategory Name="LoadTest:LogEntries">
              <Counters>
                <Counter Name="計錄檔項目總數" />
                <Counter Name="記錄檔項目/秒" />
              </Counters>
            </CounterCategory>
          </CounterCategories>
        </CounterSet>
        <CounterSet Name="控制器" CounterSetType="Controller" LocId="CounterSet_Controller">
          <CounterCategories>
            <CounterCategory Name="Memory">
              <Counters>
                <Counter Name="% Committed Bytes In Use" Range="100" />
                <Counter Name="Available MBytes" RangeGroup="Memory Bytes" HigherIsBetter="true">
                  <ThresholdRules>
                    <ThresholdRule Classname="Microsoft.VisualStudio.TestTools.WebStress.Rules.ThresholdRuleCompareConstant, Microsoft.VisualStudio.QualityTools.LoadTest">
                      <RuleParameters>
                        <RuleParameter Name="AlertIfOver" Value="False" />
                        <RuleParameter Name="WarningThreshold" Value="100" />
                        <RuleParameter Name="CriticalThreshold" Value="50" />
                      </RuleParameters>
                    </ThresholdRule>
                    <ThresholdRule Classname="Microsoft.VisualStudio.TestTools.WebStress.Rules.ThresholdRuleCompareConstant, Microsoft.VisualStudio.QualityTools.LoadTest">
                      <RuleParameters>
                        <RuleParameter Name="AlertIfOver" Value="False" />
                        <RuleParameter Name="WarningThreshold" Value="100" />
                        <RuleParameter Name="CriticalThreshold" Value="50" />
                      </RuleParameters>
                    </ThresholdRule>
                  </ThresholdRules>
                </Counter>
                <Counter Name="Page Faults/sec" />
                <Counter Name="Pages/sec" />
                <Counter Name="Pool Paged Bytes" RangeGroup="Memory Bytes" />
                <Counter Name="Pool Nonpaged bytes" RangeGroup="Memory Bytes" />
              </Counters>
            </CounterCategory>
            <CounterCategory Name="Network Interface">
              <Counters>
                <Counter Name="Bytes Received/sec" RangeGroup="Network Bytes" />
                <Counter Name="Bytes Sent/sec" RangeGroup="Network Bytes" />
                <Counter Name="Output Queue Length">
                  <ThresholdRules>
                    <ThresholdRule Classname="Microsoft.VisualStudio.TestTools.WebStress.Rules.ThresholdRuleCompareConstant, Microsoft.VisualStudio.QualityTools.LoadTest">
                      <RuleParameters>
                        <RuleParameter Name="AlertIfOver" Value="True" />
                        <RuleParameter Name="WarningThreshold" Value="1.5" />
                        <RuleParameter Name="CriticalThreshold" Value="2" />
                      </RuleParameters>
                    </ThresholdRule>
                    <ThresholdRule Classname="Microsoft.VisualStudio.TestTools.WebStress.Rules.ThresholdRuleCompareConstant, Microsoft.VisualStudio.QualityTools.LoadTest">
                      <RuleParameters>
                        <RuleParameter Name="AlertIfOver" Value="True" />
                        <RuleParameter Name="WarningThreshold" Value="1.5" />
                        <RuleParameter Name="CriticalThreshold" Value="2" />
                      </RuleParameters>
                    </ThresholdRule>
                  </ThresholdRules>
                </Counter>
                <Counter Name="Packets Received/sec" RangeGroup="Network Packets" />
                <Counter Name="Packets Sent/sec" RangeGroup="Network Packets" />
                <Counter Name="Current Bandwidth" RangeGroup="Network Bytes" />
                <Counter Name="Bytes Total/sec" RangeGroup="Network Bytes">
                  <ThresholdRules>
                    <ThresholdRule Classname="Microsoft.VisualStudio.TestTools.WebStress.Rules.ThresholdRuleCompareCounters, Microsoft.VisualStudio.QualityTools.LoadTest, Version=10.0.0.0, Culture=neutral, PublicKeyToken=b03f5f7f11d50a3a">
                      <RuleParameters>
                        <RuleParameter Name="DependentCategory" Value="Network Interface" />
                        <RuleParameter Name="DependentCounter" Value="Current Bandwidth" />
                        <RuleParameter Name="DependentInstance" Value="" />
                        <RuleParameter Name="AlertIfOver" Value="True" />
                        <RuleParameter Name="WarningThreshold" Value="0.6" />
                        <RuleParameter Name="CriticalThreshold" Value="0.7" />
                      </RuleParameters>
                    </ThresholdRule>
                    <ThresholdRule Classname="Microsoft.VisualStudio.TestTools.WebStress.Rules.ThresholdRuleCompareCounters, Microsoft.VisualStudio.QualityTools.LoadTest, Version=10.0.0.0, Culture=neutral, PublicKeyToken=b03f5f7f11d50a3a">
                      <RuleParameters>
                        <RuleParameter Name="DependentCategory" Value="Network Interface" />
                        <RuleParameter Name="DependentCounter" Value="Current Bandwidth" />
                        <RuleParameter Name="DependentInstance" Value="" />
                        <RuleParameter Name="AlertIfOver" Value="True" />
                        <RuleParameter Name="WarningThreshold" Value="0.6" />
                        <RuleParameter Name="CriticalThreshold" Value="0.7" />
                      </RuleParameters>
                    </ThresholdRule>
                  </ThresholdRules>
                </Counter>
              </Counters>
              <Instances>
                <Instance Name="*" />
              </Instances>
            </CounterCategory>
            <CounterCategory Name="PhysicalDisk">
              <Counters>
                <Counter Name="% Disk Read Time" Range="100" />
                <Counter Name="% Disk Time" Range="100" />
                <Counter Name="% Disk Write Time" Range="100" />
                <Counter Name="% Idle Time" Range="100" HigherIsBetter="true">
                  <ThresholdRules>
                    <ThresholdRule Classname="Microsoft.VisualStudio.TestTools.WebStress.Rules.ThresholdRuleCompareConstant, Microsoft.VisualStudio.QualityTools.LoadTest">
                      <RuleParameters>
                        <RuleParameter Name="AlertIfOver" Value="False" />
                        <RuleParameter Name="WarningThreshold" Value="40" />
                        <RuleParameter Name="CriticalThreshold" Value="20" />
                      </RuleParameters>
                    </ThresholdRule>
                    <ThresholdRule Classname="Microsoft.VisualStudio.TestTools.WebStress.Rules.ThresholdRuleCompareConstant, Microsoft.VisualStudio.QualityTools.LoadTest">
                      <RuleParameters>
                        <RuleParameter Name="AlertIfOver" Value="False" />
                        <RuleParameter Name="WarningThreshold" Value="40" />
                        <RuleParameter Name="CriticalThreshold" Value="20" />
                      </RuleParameters>
                    </ThresholdRule>
                  </ThresholdRules>
                </Counter>
                <Counter Name="Avg. Disk Bytes/Read" RangeGroup="DiskBytesRate" />
                <Counter Name="Avg. Disk Bytes/Transfer" RangeGroup="DiskBytesRate" />
                <Counter Name="Avg. Disk Bytes/Write" RangeGroup="DiskBytesRate" />
                <Counter Name="Avg. Disk Queue Length" RangeGroup="Disk Queue Length" />
                <Counter Name="Avg. Disk Read Queue Length" RangeGroup="Disk Queue Length" />
                <Counter Name="Avg. Disk Write Queue Length" RangeGroup="Disk Queue Length" />
                <Counter Name="Current Disk Queue Length" RangeGroup="Disk Queue Length" />
                <Counter Name="Avg. Disk sec/Read" RangeGroup="Disk sec" />
                <Counter Name="Avg. Disk sec/Transfer" RangeGroup="Disk sec" />
                <Counter Name="Avg. Disk sec/Write" RangeGroup="Disk sec" />
                <Counter Name="Disk Bytes/sec" RangeGroup="Disk Bytes sec" />
                <Counter Name="Disk Read Bytes/sec" RangeGroup="Disk Bytes sec" />
                <Counter Name="Disk Reads/sec" RangeGroup="Disk Transfers sec" />
                <Counter Name="Disk Transfers/sec" RangeGroup="Disk Transfers sec" />
                <Counter Name="Disk Write Bytes/sec" RangeGroup="Disk Bytes sec" />
                <Counter Name="Disk Writes/sec" RangeGroup="Disk Transfers sec" />
                <Counter Name="Split IO/Sec" RangeGroup="Disk Transfers sec" />
              </Counters>
              <Instances>
                <Instance Name="*" />
              </Instances>
            </CounterCategory>
            <CounterCategory Name="Processor">
              <Counters>
                <Counter Name="% Processor Time" Range="100">
                  <ThresholdRules>
                    <ThresholdRule Classname="Microsoft.VisualStudio.TestTools.WebStress.Rules.ThresholdRuleCompareConstant, Microsoft.VisualStudio.QualityTools.LoadTest">
                      <RuleParameters>
                        <RuleParameter Name="AlertIfOver" Value="True" />
                        <RuleParameter Name="WarningThreshold" Value="75" />
                        <RuleParameter Name="CriticalThreshold" Value="90" />
                      </RuleParameters>
                    </ThresholdRule>
                    <ThresholdRule Classname="Microsoft.VisualStudio.TestTools.WebStress.Rules.ThresholdRuleCompareConstant, Microsoft.VisualStudio.QualityTools.LoadTest">
                      <RuleParameters>
                        <RuleParameter Name="AlertIfOver" Value="True" />
                        <RuleParameter Name="WarningThreshold" Value="75" />
                        <RuleParameter Name="CriticalThreshold" Value="90" />
                      </RuleParameters>
                    </ThresholdRule>
                  </ThresholdRules>
                </Counter>
                <Counter Name="% Privileged Time" Range="100" />
                <Counter Name="% User Time" Range="100" />
              </Counters>
              <Instances>
                <Instance Name="_Total" />
              </Instances>
            </CounterCategory>
            <CounterCategory Name="System">
              <Counters>
                <Counter Name="Context Switches/sec" />
                <Counter Name="Processes" />
                <Counter Name="Processor Queue Length" />
                <Counter Name="Threads" />
              </Counters>
            </CounterCategory>
            <CounterCategory Name="Process">
              <Counters>
                <Counter Name="% Processor Time" RangeGroup="Processor Time" />
                <Counter Name="% Privileged Time" RangeGroup="Processor Time" />
                <Counter Name="% User Time" RangeGroup="Processor Time" />
                <Counter Name="Handle Count" />
                <Counter Name="Thread Count" />
                <Counter Name="Private Bytes" RangeGroup="Memory Bytes" />
                <Counter Name="Virtual Bytes" RangeGroup="Memory Bytes" />
                <Counter Name="Working Set" RangeGroup="Memory Bytes" />
              </Counters>
              <Instances>
                <Instance Name="QTController" />
              </Instances>
            </CounterCategory>
          </CounterCategories>
          <DefaultCountersForAutomaticGraphs>
            <DefaultCounter CategoryName="Processor" CounterName="% Processor Time" InstanceName="_Total" GraphName="" />
            <DefaultCounter CategoryName="Memory" CounterName="Available MBytes" InstanceName="" GraphName="" />
          </DefaultCountersForAutomaticGraphs>
        </CounterSet>
        <CounterSet Name="代理程式" CounterSetType="Agent" LocId="CounterSet_Agent">
          <CounterCategories>
            <CounterCategory Name="Memory">
              <Counters>
                <Counter Name="% Committed Bytes In Use" Range="100" />
                <Counter Name="Available MBytes" RangeGroup="Memory Bytes" HigherIsBetter="true">
                  <ThresholdRules>
                    <ThresholdRule Classname="Microsoft.VisualStudio.TestTools.WebStress.Rules.ThresholdRuleCompareConstant, Microsoft.VisualStudio.QualityTools.LoadTest">
                      <RuleParameters>
                        <RuleParameter Name="AlertIfOver" Value="False" />
                        <RuleParameter Name="WarningThreshold" Value="100" />
                        <RuleParameter Name="CriticalThreshold" Value="50" />
                      </RuleParameters>
                    </ThresholdRule>
                  </ThresholdRules>
                </Counter>
                <Counter Name="Page Faults/sec" />
                <Counter Name="Pages/sec" />
                <Counter Name="Pool Paged Bytes" RangeGroup="Memory Bytes" />
                <Counter Name="Pool Nonpaged bytes" RangeGroup="Memory Bytes" />
              </Counters>
            </CounterCategory>
            <CounterCategory Name="Network Interface">
              <Counters>
                <Counter Name="Bytes Received/sec" RangeGroup="Network Bytes" />
                <Counter Name="Bytes Sent/sec" RangeGroup="Network Bytes" />
                <Counter Name="Output Queue Length">
                  <ThresholdRules>
                    <ThresholdRule Classname="Microsoft.VisualStudio.TestTools.WebStress.Rules.ThresholdRuleCompareConstant, Microsoft.VisualStudio.QualityTools.LoadTest">
                      <RuleParameters>
                        <RuleParameter Name="AlertIfOver" Value="True" />
                        <RuleParameter Name="WarningThreshold" Value="1.5" />
                        <RuleParameter Name="CriticalThreshold" Value="2" />
                      </RuleParameters>
                    </ThresholdRule>
                  </ThresholdRules>
                </Counter>
                <Counter Name="Packets Received/sec" RangeGroup="Network Packets" />
                <Counter Name="Packets Sent/sec" RangeGroup="Network Packets" />
                <Counter Name="Current Bandwidth" RangeGroup="Network Bytes" />
                <Counter Name="Bytes Total/sec" RangeGroup="Network Bytes">
                  <ThresholdRules>
                    <ThresholdRule Classname="Microsoft.VisualStudio.TestTools.WebStress.Rules.ThresholdRuleCompareCounters, Microsoft.VisualStudio.QualityTools.LoadTest, Version=10.0.0.0, Culture=neutral, PublicKeyToken=b03f5f7f11d50a3a">
                      <RuleParameters>
                        <RuleParameter Name="DependentCategory" Value="Network Interface" />
                        <RuleParameter Name="DependentCounter" Value="Current Bandwidth" />
                        <RuleParameter Name="DependentInstance" Value="" />
                        <RuleParameter Name="AlertIfOver" Value="True" />
                        <RuleParameter Name="WarningThreshold" Value="0.6" />
                        <RuleParameter Name="CriticalThreshold" Value="0.7" />
                      </RuleParameters>
                    </ThresholdRule>
                  </ThresholdRules>
                </Counter>
              </Counters>
              <Instances>
                <Instance Name="*" />
              </Instances>
            </CounterCategory>
            <CounterCategory Name="PhysicalDisk">
              <Counters>
                <Counter Name="% Disk Read Time" Range="100" />
                <Counter Name="% Disk Time" Range="100" />
                <Counter Name="% Disk Write Time" Range="100" />
                <Counter Name="% Idle Time" Range="100" HigherIsBetter="true">
                  <ThresholdRules>
                    <ThresholdRule Classname="Microsoft.VisualStudio.TestTools.WebStress.Rules.ThresholdRuleCompareConstant, Microsoft.VisualStudio.QualityTools.LoadTest">
                      <RuleParameters>
                        <RuleParameter Name="AlertIfOver" Value="False" />
                        <RuleParameter Name="WarningThreshold" Value="40" />
                        <RuleParameter Name="CriticalThreshold" Value="20" />
                      </RuleParameters>
                    </ThresholdRule>
                  </ThresholdRules>
                </Counter>
                <Counter Name="Avg. Disk Bytes/Read" RangeGroup="DiskBytesRate" />
                <Counter Name="Avg. Disk Bytes/Transfer" RangeGroup="DiskBytesRate" />
                <Counter Name="Avg. Disk Bytes/Write" RangeGroup="DiskBytesRate" />
                <Counter Name="Avg. Disk Queue Length" RangeGroup="Disk Queue Length" />
                <Counter Name="Avg. Disk Read Queue Length" RangeGroup="Disk Queue Length" />
                <Counter Name="Avg. Disk Write Queue Length" RangeGroup="Disk Queue Length" />
                <Counter Name="Current Disk Queue Length" RangeGroup="Disk Queue Length" />
                <Counter Name="Avg. Disk sec/Read" RangeGroup="Disk sec" />
                <Counter Name="Avg. Disk sec/Transfer" RangeGroup="Disk sec" />
                <Counter Name="Avg. Disk sec/Write" RangeGroup="Disk sec" />
                <Counter Name="Disk Bytes/sec" RangeGroup="Disk Bytes sec" />
                <Counter Name="Disk Read Bytes/sec" RangeGroup="Disk Bytes sec" />
                <Counter Name="Disk Reads/sec" RangeGroup="Disk Transfers sec" />
                <Counter Name="Disk Transfers/sec" RangeGroup="Disk Transfers sec" />
                <Counter Name="Disk Write Bytes/sec" RangeGroup="Disk Bytes sec" />
                <Counter Name="Disk Writes/sec" RangeGroup="Disk Transfers sec" />
                <Counter Name="Split IO/Sec" RangeGroup="Disk Transfers sec" />
              </Counters>
              <Instances>
                <Instance Name="*" />
              </Instances>
            </CounterCategory>
            <CounterCategory Name="Processor">
              <Counters>
                <Counter Name="% Processor Time" Range="100">
                  <ThresholdRules>
                    <ThresholdRule Classname="Microsoft.VisualStudio.TestTools.WebStress.Rules.ThresholdRuleCompareConstant, Microsoft.VisualStudio.QualityTools.LoadTest">
                      <RuleParameters>
                        <RuleParameter Name="AlertIfOver" Value="True" />
                        <RuleParameter Name="WarningThreshold" Value="75" />
                        <RuleParameter Name="CriticalThreshold" Value="90" />
                      </RuleParameters>
                    </ThresholdRule>
                  </ThresholdRules>
                </Counter>
                <Counter Name="% Privileged Time" Range="100" />
                <Counter Name="% User Time" Range="100" />
              </Counters>
              <Instances>
                <Instance Name="0" />
                <Instance Name="_Total" />
              </Instances>
            </CounterCategory>
            <CounterCategory Name="System">
              <Counters>
                <Counter Name="Context Switches/sec" />
                <Counter Name="Processes" />
                <Counter Name="Processor Queue Length" />
                <Counter Name="Threads" />
              </Counters>
            </CounterCategory>
            <CounterCategory Name="Process">
              <Counters>
                <Counter Name="% Processor Time" RangeGroup="Processor Time" />
                <Counter Name="% Privileged Time" RangeGroup="Processor Time" />
                <Counter Name="% User Time" RangeGroup="Processor Time" />
                <Counter Name="Handle Count" />
                <Counter Name="Thread Count" />
                <Counter Name="Private Bytes" RangeGroup="Memory Bytes" />
                <Counter Name="Virtual Bytes" RangeGroup="Memory Bytes" />
                <Counter Name="Working Set" RangeGroup="Memory Bytes" />
              </Counters>
              <Instances>
                <Instance Name="devenv" />
                <Instance Name="QTAgentService" />
                <Instance Name="QTAgent" />
                <Instance Name="QTAgent32" />
                <Instance Name="QTDCAgent" />
                <Instance Name="QTDCAgent32" />
              </Instances>
            </CounterCategory>
          </CounterCategories>
          <DefaultCountersForAutomaticGraphs>
            <DefaultCounter CategoryName="Processor" CounterName="% Processor Time" InstanceName="0" GraphName="" RunType="Local" />
            <DefaultCounter CategoryName="Processor" CounterName="% Processor Time" InstanceName="_Total" GraphName="" RunType="Remote" />
            <DefaultCounter CategoryName="Memory" CounterName="Available MBytes" InstanceName="" GraphName="" />
          </DefaultCountersForAutomaticGraphs>
        </CounterSet>
      </CounterSets>
      <RunConfigurations>
        <RunConfiguration Name="回合設定1" Description="" ResultsStoreType="Database" TimingDetailsStorage="AllIndividualDetails" SaveTestLogsOnError="true" SaveTestLogsFrequency="0" MaxErrorDetails="200" MaxErrorsPerType="1000" MaxThresholdViolations="1000" MaxRequestUrlsReported="1000" UseTestIterations="true" RunDuration="600" WarmupTime="0" CoolDownTime="0" TestIterations="300" WebTestConnectionModel="ConnectionPerUser" WebTestConnectionPoolSize="50" SampleRate="5" ValidationLevel="High" SqlTracingConnectString="" SqlTracingConnectStringDisplayValue="" SqlTracingDirectory="" SqlTracingEnabled="false" SqlTracingMinimumDuration="500" RunUnitTestsInAppDomain="true">
          <CounterSetMappings>
            <CounterSetMapping ComputerName="[CONTROLLER MACHINE]">
              <CounterSetReferences>
                <CounterSetReference CounterSetName="LoadTest" />
                <CounterSetReference CounterSetName="控制器" />
              </CounterSetReferences>
            </CounterSetMapping>
            <CounterSetMapping ComputerName="[AGENT MACHINES]">
              <CounterSetReferences>
                <CounterSetReference CounterSetName="代理程式" />
              </CounterSetReferences>
            </CounterSetMapping>
          </CounterSetMappings>
        </RunConfiguration>
      </RunConfigurations>
    </LoadTest>
  </TestDefinitions>
  <TestLists>
    <TestList name="不在清單中的結果" id="8c84fa94-04c1-424b-9868-57a2d4851a1d" />
    <TestList name="所有載入的結果" id="19431567-8539-422a-85d7-44ee4e166bda" />
  </TestLists>
  <TestEntries>
    <TestEntry isTransparent="false" testId="044bfbcc-9d13-418a-98b7-b630c028e86b" executionId="0e3b44fd-a1bd-4eb1-bc64-6605902fdab3" testListId="8c84fa94-04c1-424b-9868-57a2d4851a1d">
      <TestEntries>
        <TestEntry isTransparent="false" testId="c152c459-617e-4457-bb82-881862a041be" executionId="225cc304-d346-4323-a018-ae04494574ee" parentExecutionId="0e3b44fd-a1bd-4eb1-bc64-6605902fdab3" testListId="8c84fa94-04c1-424b-9868-57a2d4851a1d" />
      </TestEntries>
    </TestEntry>
  </TestEntries>
  <Results>
    <LoadTestResult executionId="0e3b44fd-a1bd-4eb1-bc64-6605902fdab3" testId="044bfbcc-9d13-418a-98b7-b630c028e86b" testName="LoadTest2" computerName="ANSONHUANG" duration="00:00:50.4850000" startTime="2017-05-12T13:53:20.3913793+08:00" endTime="2017-05-12T13:54:10.8763793+08:00" testType="fa4c85ff-1236-4463-b954-3ba2f0eabd95" outcome="Completed" testListId="8c84fa94-04c1-424b-9868-57a2d4851a1d" relativeResultsDirectory="0e3b44fd-a1bd-4eb1-bc64-6605902fdab3" runId="5" controllerStartTime="2017-05-12T13:53:20.3913793+08:00" runStatus="Stopped" resultsStoreType="Database" resultsRepositoryConnectString="LAs4ogoKlDeb2a2O1151I46uDG7iTvRDzQhwldjEF4lhdy+Na1QicOvlejUSHebOeGlLIzB0QCmcuclnFbAiB4diArHx/+sP18WP+bvszimorbymBS/hrG529kzq5Yl1" loadTestDuration="600" loadTestWarmupTime="0" previouslyViewed="false">
      <AnalyzerViewState>
        <LoadTestRunDescriptor isLegendPanelVisible="true" isOverviewPanelVisible="true" isCounterPanelVisible="true" scrollingGraph="false" minMaxGraph="false" showHorizontalGridOnGraph="true" showThresholdsOnGraph="true" showComparison="false" showZoom="true" lockZoom="true" activeConsoleView="Summary" selectedGraphPanel1="關鍵指標" selectedGraphPanel2="頁面回應時間" selectedGraphPanel3="待測系統" selectedGraphPanel4="控制器和代理程式" graphPanelLayout="FourGrid" tablePanelLayout="TwoHorizontal" selectedTablePanel1="Tests" selectedTablePanel2="Errors" selectedTablePanel3="Thresholds" selectedTablePanel4="Transactions" controllerName="ANSONHUANG" isLocalRun="true" testRunId="30050ac3-e3bc-4011-98b3-4f6d8d1a1347" repositoryRunId="0">
          <GraphDescriptors>
            <GraphDescriptor graphName="關鍵指標">
              <HorizontalZoomRange lower="-1" upper="-1" />
              <VerticalZoomRange lower="0" upper="100" />
              <PlotDescriptors>
                <PlotDescriptor colorArgb="-65536" lineStyle="0" fixedRange="0" rangeGroup="User Load" showOnGraph="true" isSelected="false">
                  <CounterDescriptor machineName="ANSONHUANG" categoryName="LoadTest:Scenario" counterName="User Load" instanceName="_Total" baseInstanceName="_Total" loadTestItemId="-1" />
                </PlotDescriptor>
                <PlotDescriptor colorArgb="-16744448" lineStyle="0" fixedRange="0" rangeGroup="Pages/Sec" showOnGraph="true" isSelected="false">
                  <CounterDescriptor machineName="ANSONHUANG" categoryName="LoadTest:Page" counterName="Pages/Sec" instanceName="_Total" baseInstanceName="_Total" loadTestItemId="-1" />
                </PlotDescriptor>
                <PlotDescriptor colorArgb="-16776961" lineStyle="0" fixedRange="0" rangeGroup="Avg. Page Time" showOnGraph="true" isSelected="false">
                  <CounterDescriptor machineName="ANSONHUANG" categoryName="LoadTest:Page" counterName="Avg. Page Time" instanceName="_Total" baseInstanceName="_Total" loadTestItemId="-1" />
                </PlotDescriptor>
                <PlotDescriptor colorArgb="-8388480" lineStyle="0" fixedRange="0" rangeGroup="Errors/Sec" showOnGraph="true" isSelected="false">
                  <CounterDescriptor machineName="ANSONHUANG" categoryName="LoadTest:Errors" counterName="Errors/Sec" instanceName="_Total" baseInstanceName="_Total" loadTestItemId="-1" />
                </PlotDescriptor>
                <PlotDescriptor colorArgb="-23296" lineStyle="0" fixedRange="0" rangeGroup="Threshold Violations/Sec" showOnGraph="true" isSelected="false">
                  <CounterDescriptor machineName="ANSONHUANG" categoryName="LoadTest:Errors" counterName="Threshold Violations/Sec" instanceName="_Total" baseInstanceName="_Total" loadTestItemId="-1" />
                </PlotDescriptor>
              </PlotDescriptors>
            </GraphDescriptor>
            <GraphDescriptor graphName="待測系統">
              <HorizontalZoomRange lower="-1" upper="-1" />
              <VerticalZoomRange lower="0" upper="100" />
            </GraphDescriptor>
            <GraphDescriptor graphName="控制器和代理程式">
              <HorizontalZoomRange lower="-1" upper="-1" />
              <VerticalZoomRange lower="0" upper="100" />
              <PlotDescriptors>
                <PlotDescriptor colorArgb="-65536" lineStyle="0" fixedRange="100" rangeGroup="% Processor Time" showOnGraph="true" isSelected="false">
                  <CounterDescriptor machineName="ANSONHUANG" categoryName="Processor" counterName="% Processor Time" instanceName="0" baseInstanceName="0" loadTestItemId="-1" />
                </PlotDescriptor>
                <PlotDescriptor colorArgb="-16744448" lineStyle="0" fixedRange="0" rangeGroup="Memory Bytes" showOnGraph="true" isSelected="false">
                  <CounterDescriptor machineName="ANSONHUANG" categoryName="Memory" counterName="Available MBytes" instanceName="systemdiagnosticsperfcounterlibsingleinstance" baseInstanceName="systemdiagnosticsperfcounterlibsingleinstance" loadTestItemId="-1" />
                </PlotDescriptor>
              </PlotDescriptors>
            </GraphDescriptor>
            <GraphDescriptor graphName="測試回應時間">
              <HorizontalZoomRange lower="-1" upper="-1" />
              <VerticalZoomRange lower="0" upper="7" />
              <PlotDescriptors>
                <PlotDescriptor colorArgb="-65536" lineStyle="0" fixedRange="7" rangeGroup="Avg. Test Time" showOnGraph="true" isSelected="false" counterMetadata="WebTest1;情節1">
                  <CounterDescriptor machineName="ANSONHUANG" categoryName="LoadTest:Test" counterName="Avg. Test Time" instanceName="WebTest1(000)" baseInstanceName="WebTest1" loadTestItemId="0" />
                </PlotDescriptor>
              </PlotDescriptors>
            </GraphDescriptor>
            <GraphDescriptor graphName="異動回應時間">
              <HorizontalZoomRange lower="-1" upper="-1" />
              <VerticalZoomRange lower="0" upper="100" />
            </GraphDescriptor>
            <GraphDescriptor graphName="頁面回應時間">
              <HorizontalZoomRange lower="-1" upper="-1" />
              <VerticalZoomRange lower="0" upper="1" />
              <PlotDescriptors>
                <PlotDescriptor colorArgb="-65536" lineStyle="0" fixedRange="1" rangeGroup="Avg. Page Time" showOnGraph="true" isSelected="true" counterMetadata="WebTest1;情節1;http://10.11.36.114:8007/hrlogin/hrlogin.aspx----{GET}">
                  <CounterDescriptor machineName="ANSONHUANG" categoryName="LoadTest:Page" counterName="Avg. Page Time" instanceName="hrlogin-aspx{GET}(009)" baseInstanceName="hrlogin-aspx{GET}" loadTestItemId="9" />
                </PlotDescriptor>
                <PlotDescriptor colorArgb="-16744448" lineStyle="0" fixedRange="1" rangeGroup="Avg. Page Time" showOnGraph="true" isSelected="false" counterMetadata="WebTest1;情節1;http://10.11.36.114:8007/hrlogin/hrlogin.aspx----{POST}">
                  <CounterDescriptor machineName="ANSONHUANG" categoryName="LoadTest:Page" counterName="Avg. Page Time" instanceName="hrlogin-aspx{POST}(012)" baseInstanceName="hrlogin-aspx{POST}" loadTestItemId="12" />
                </PlotDescriptor>
                <PlotDescriptor colorArgb="-16776961" lineStyle="0" fixedRange="1" rangeGroup="Avg. Page Time" showOnGraph="true" isSelected="false" counterMetadata="WebTest1;情節1;http://10.11.36.114:8007/OverTime/OvertimePreOrder.aspx----{GET}">
                  <CounterDescriptor machineName="ANSONHUANG" categoryName="LoadTest:Page" counterName="Avg. Page Time" instanceName="OvertimePreOrder-aspx{GET}(016)" baseInstanceName="OvertimePreOrder-aspx{GET}" loadTestItemId="16" />
                </PlotDescriptor>
                <PlotDescriptor colorArgb="-8388480" lineStyle="0" fixedRange="1" rangeGroup="Avg. Page Time" showOnGraph="true" isSelected="false" counterMetadata="WebTest1;情節1;http://10.11.36.114:8007/OverTime/OvertimePreOrder.aspx----{POST}">
                  <CounterDescriptor machineName="ANSONHUANG" categoryName="LoadTest:Page" counterName="Avg. Page Time" instanceName="OvertimePreOrder-aspx{POST}(001)" baseInstanceName="OvertimePreOrder-aspx{POST}" loadTestItemId="1" />
                </PlotDescriptor>
              </PlotDescriptors>
            </GraphDescriptor>
          </GraphDescriptors>
        </LoadTestRunDescriptor>
      </AnalyzerViewState>
      <Summary>
        <PerformanceCounterResults>
          <PerformanceCounterResult isOverallResultCounter="true" higherIsBetter="true" machineName="ANSONHUANG" categoryName="LoadTest:Scenario" counterName="User Load" instanceName="_Total" value="50" />
          <PerformanceCounterResult isOverallResultCounter="true" higherIsBetter="true" machineName="ANSONHUANG" categoryName="LoadTest:Test" counterName="Total Tests" instanceName="_Total" value="300" />
          <PerformanceCounterResult isOverallResultCounter="true" higherIsBetter="false" machineName="ANSONHUANG" categoryName="LoadTest:Test" counterName="Failed Tests" instanceName="_Total" value="0" />
          <PerformanceCounterResult isOverallResultCounter="true" higherIsBetter="true" machineName="ANSONHUANG" categoryName="LoadTest:Test" counterName="Tests/Sec" instanceName="_Total" value="5.942359" />
          <PerformanceCounterResult isOverallResultCounter="true" higherIsBetter="false" machineName="ANSONHUANG" categoryName="LoadTest:Test" counterName="Avg. Test Time" instanceName="_Total" value="4.71104336" />
          <PerformanceCounterResult isOverallResultCounter="true" higherIsBetter="true" machineName="ANSONHUANG" categoryName="LoadTest:Request" counterName="Total Requests" instanceName="_Total" value="28119" />
          <PerformanceCounterResult isOverallResultCounter="true" higherIsBetter="false" machineName="ANSONHUANG" categoryName="LoadTest:Request" counterName="Failed Requests" instanceName="_Total" value="0" />
          <PerformanceCounterResult isOverallResultCounter="true" higherIsBetter="true" machineName="ANSONHUANG" categoryName="LoadTest:Request" counterName="Cached Requests" instanceName="_Total" value="40150" />
          <PerformanceCounterResult isOverallResultCounter="true" higherIsBetter="true" machineName="ANSONHUANG" categoryName="LoadTest:Request" counterName="Requests/Sec" instanceName="_Total" value="556.9773" />
          <PerformanceCounterResult isOverallResultCounter="true" higherIsBetter="false" machineName="ANSONHUANG" categoryName="LoadTest:Request" counterName="Avg. Response Time" instanceName="_Total" value="0.0335302465" />
          <PerformanceCounterResult isOverallResultCounter="false" higherIsBetter="false" machineName="ANSONHUANG" categoryName="Processor" counterName="% Processor Time" instanceName="_Total" value="28.65608" />
          <PerformanceCounterResult isOverallResultCounter="false" higherIsBetter="true" machineName="ANSONHUANG" categoryName="Memory" counterName="Available MBytes" instanceName="-" value="4463" />
          <PerformanceCounterResult isOverallResultCounter="false" higherIsBetter="false" machineName="ANSONHUANG" categoryName="Network Interface" counterName="Bytes Received/sec" instanceName="isatap.{ae7a01d2-99d3-45b8-8e09-eb10a5dae02c}" value="0" />
          <PerformanceCounterResult isOverallResultCounter="false" higherIsBetter="false" machineName="ANSONHUANG" categoryName="Network Interface" counterName="Bytes Received/sec" instanceName="teredo tunneling pseudo-interface" value="0" />
          <PerformanceCounterResult isOverallResultCounter="false" higherIsBetter="false" machineName="ANSONHUANG" categoryName="Network Interface" counterName="Bytes Received/sec" instanceName="isatap.{e3b6476c-2810-43f9-88ed-cf2b6367dad5}" value="0" />
          <PerformanceCounterResult isOverallResultCounter="false" higherIsBetter="false" machineName="ANSONHUANG" categoryName="Network Interface" counterName="Bytes Received/sec" instanceName="isatap.{534cff5c-f4f2-4ea7-bdc9-d530942170c9}" value="0" />
          <PerformanceCounterResult isOverallResultCounter="false" higherIsBetter="false" machineName="ANSONHUANG" categoryName="Network Interface" counterName="Bytes Received/sec" instanceName="intel[r] pro_1000 mt network connection" value="5076213.5" />
          <PerformanceCounterResult isOverallResultCounter="false" higherIsBetter="false" machineName="ANSONHUANG" categoryName="Network Interface" counterName="Bytes Sent/sec" instanceName="isatap.{ae7a01d2-99d3-45b8-8e09-eb10a5dae02c}" value="0" />
          <PerformanceCounterResult isOverallResultCounter="false" higherIsBetter="false" machineName="ANSONHUANG" categoryName="Network Interface" counterName="Bytes Sent/sec" instanceName="teredo tunneling pseudo-interface" value="0" />
          <PerformanceCounterResult isOverallResultCounter="false" higherIsBetter="false" machineName="ANSONHUANG" categoryName="Network Interface" counterName="Bytes Sent/sec" instanceName="isatap.{e3b6476c-2810-43f9-88ed-cf2b6367dad5}" value="0" />
          <PerformanceCounterResult isOverallResultCounter="false" higherIsBetter="false" machineName="ANSONHUANG" categoryName="Network Interface" counterName="Bytes Sent/sec" instanceName="isatap.{534cff5c-f4f2-4ea7-bdc9-d530942170c9}" value="0" />
          <PerformanceCounterResult isOverallResultCounter="false" higherIsBetter="false" machineName="ANSONHUANG" categoryName="Network Interface" counterName="Bytes Sent/sec" instanceName="intel[r] pro_1000 mt network connection" value="893104.1" />
        </PerformanceCounterResults>
        <PageSummaries>
          <PageSummary scenarioName="情節1" testName="WebTest1" url="hrlogin.aspx{GET}" pageCount="300" responseTime="284" />
          <PageSummary scenarioName="情節1" testName="WebTest1" url="hrlogin.aspx{POST}" pageCount="300" responseTime="247" />
          <PageSummary scenarioName="情節1" testName="WebTest1" url="OvertimePreOrder.aspx{GET}" pageCount="300" responseTime="406" />
          <PageSummary scenarioName="情節1" testName="WebTest1" url="OvertimePreOrder.aspx{POST}" pageCount="1800" responseTime="301" />
        </PageSummaries>
        <TestSummaries>
          <TestSummary scenarioName="情節1" testName="WebTest1" totalTests="300" testsFailed="0" averageDuration="4711" />
        </TestSummaries>
      </Summary>
    </LoadTestResult>
  </Results>
</TestRun>