<?xml version="1.0" encoding="UTF-8"?>
<TestRun id="63bb2c65-746e-421c-8953-3ab537b38c9c" name="YSHuang@ANSONHUANG 2017-05-16 10:43:41" runUser="AnsonHuang\YSHuang" xmlns="http://microsoft.com/schemas/VisualStudio/TeamTest/2010">
  <TestSettings name="本機" id="f0316326-3a07-479d-8058-64131c18b509">
    <Description>這些是本機測試回合的預設測試設定。</Description>
    <Execution>
      <TestTypeSpecific />
      <AgentRule name="Execution Agents">
      </AgentRule>
    </Execution>
    <Deployment runDeploymentRoot="YSHuang_ANSONHUANG 2017-05-16 10_43_41" />
  </TestSettings>
  <Times creation="2017-05-16T10:43:41.9102547+08:00" queuing="2017-05-16T10:43:42.0567651+08:00" start="2017-05-16T10:43:42.1422651+08:00" finish="2017-05-16T10:43:53.2717651+08:00" />
  <ResultSummary outcome="Completed">
    <Counters total="1" executed="1" passed="1" error="0" failed="0" timeout="0" aborted="0" inconclusive="0" passedButRunAborted="0" notRunnable="0" notExecuted="0" disconnected="0" warning="0" completed="0" inProgress="0" pending="0" />
  </ResultSummary>
  <TestDefinitions>
    <WebTest name="WebTest1" storage="d:\git\attendant\loadtesting\loadtesting\webtest1.webtest" id="32b3eb7f-657d-48cc-acc9-b304c0cd482c" persistedWebTest="77u/PD94bWwgdmVyc2lvbj0iMS4wIiBlbmNvZGluZz0iVVRGLTgiIHN0YW5kYWxvbmU9InllcyI/Pg0KPFdlYlRlc3QgTmFtZT0iV2ViVGVzdDEiIElkPSIzMmIzZWI3Zi02NTdkLTQ4Y2MtYWNjOS1iMzA0YzBjZDQ4MmMiIE93bmVyPSIiIFByaW9yaXR5PSIyMTQ3NDgzNjQ3IiBFbmFibGVkPSJUcnVlIiBDc3NQcm9qZWN0U3RydWN0dXJlPSIiIENzc0l0ZXJhdGlvbj0iIiBUaW1lb3V0PSIwIiBXb3JrSXRlbUlkcz0iIiB4bWxucz0iaHR0cDovL21pY3Jvc29mdC5jb20vc2NoZW1hcy9WaXN1YWxTdHVkaW8vVGVhbVRlc3QvMjAxMCIgRGVzY3JpcHRpb249IiIgQ3JlZGVudGlhbFVzZXJOYW1lPSIiIENyZWRlbnRpYWxQYXNzd29yZD0iIiBQcmVBdXRoZW50aWNhdGU9IlRydWUiIFByb3h5PSJkZWZhdWx0IiBTdG9wT25FcnJvcj0iRmFsc2UiIFJlY29yZGVkUmVzdWx0RmlsZT0iV2ViVGVzdDEuYTU5MzQzMDUtOWM2ZS00YmM0LWE3YWEtZWNjZGFhYzc3ZTE2LnJlYy53ZWJ0ZXN0cmVzdWx0IiBSZXN1bHRzTG9jYWxlPSIiPg0KICA8SXRlbXM+DQogICAgPFJlcXVlc3QgTWV0aG9kPSJHRVQiIEd1aWQ9ImMwZTc3MzBhLWQ5MjctNDA3Mi1iMDc4LTIyYjEyZTFmZDkzNCIgVmVyc2lvbj0iMS4xIiBVcmw9Imh0dHA6Ly8xMC4xMS4zNi4xMTQ6ODAwNy9ocmxvZ2luL2hybG9naW4uYXNweCIgVGhpbmtUaW1lPSIwIiBUaW1lb3V0PSIzMDAiIFBhcnNlRGVwZW5kZW50UmVxdWVzdHM9IlRydWUiIEZvbGxvd1JlZGlyZWN0cz0iVHJ1ZSIgUmVjb3JkUmVzdWx0PSJUcnVlIiBDYWNoZT0iRmFsc2UiIFJlc3BvbnNlVGltZUdvYWw9IjAiIEVuY29kaW5nPSJ1dGYtOCIgRXhwZWN0ZWRIdHRwU3RhdHVzQ29kZT0iMCIgRXhwZWN0ZWRSZXNwb25zZVVybD0iIiBSZXBvcnRpbmdOYW1lPSIiIElnbm9yZUh0dHBTdGF0dXNDb2RlPSJGYWxzZSI+DQogICAgICA8RXh0cmFjdGlvblJ1bGVzPg0KICAgICAgICA8RXh0cmFjdGlvblJ1bGUgQ2xhc3NuYW1lPSJNaWNyb3NvZnQuVmlzdWFsU3R1ZGlvLlRlc3RUb29scy5XZWJUZXN0aW5nLlJ1bGVzLkV4dHJhY3RIaWRkZW5GaWVsZHMsIE1pY3Jvc29mdC5WaXN1YWxTdHVkaW8uUXVhbGl0eVRvb2xzLldlYlRlc3RGcmFtZXdvcmssIFZlcnNpb249MTAuMC4wLjAsIEN1bHR1cmU9bmV1dHJhbCwgUHVibGljS2V5VG9rZW49YjAzZjVmN2YxMWQ1MGEzYSIgVmFyaWFibGVOYW1lPSIxIiBEaXNwbGF5TmFtZT0i5pO35Y+W6Zqx6JeP5qyE5L2NIiBEZXNjcmlwdGlvbj0i5pO35Y+W5Zue5oeJ5Lit55qE5omA5pyJ6Zqx6JeP5qyE5L2N77yM5Lim5bCH5a6D5YCR5pS+5Zyo5ris6Kmm5YWn5a655Lit44CCIj4NCiAgICAgICAgICA8UnVsZVBhcmFtZXRlcnM+DQogICAgICAgICAgICA8UnVsZVBhcmFtZXRlciBOYW1lPSJSZXF1aXJlZCIgVmFsdWU9IlRydWUiIC8+DQogICAgICAgICAgICA8UnVsZVBhcmFtZXRlciBOYW1lPSJIdG1sRGVjb2RlIiBWYWx1ZT0iVHJ1ZSIgLz4NCiAgICAgICAgICA8L1J1bGVQYXJhbWV0ZXJzPg0KICAgICAgICA8L0V4dHJhY3Rpb25SdWxlPg0KICAgICAgPC9FeHRyYWN0aW9uUnVsZXM+DQogICAgICA8Q29ycmVsYXRpb25FeHRyYWN0aW9uUnVsZXM+DQogICAgICAgIDxFeHRyYWN0aW9uUnVsZSBDbGFzc25hbWU9Ik1pY3Jvc29mdC5WaXN1YWxTdHVkaW8uVGVzdFRvb2xzLldlYlRlc3RpbmcuUnVsZXMuRXh0cmFjdEZvcm1GaWVsZCwgTWljcm9zb2Z0LlZpc3VhbFN0dWRpby5RdWFsaXR5VG9vbHMuV2ViVGVzdEZyYW1ld29yaywgVmVyc2lvbj0xMC4wLjAuMCwgQ3VsdHVyZT1uZXV0cmFsLCBQdWJsaWNLZXlUb2tlbj1iMDNmNWY3ZjExZDUwYTNhIiBWYXJpYWJsZU5hbWU9IkZvcm1Qb3N0UGFyYW0xMy5idG5FeGVjdXRlIiBEaXNwbGF5TmFtZT0iIiBEZXNjcmlwdGlvbj0iIj4NCiAgICAgICAgICA8UnVsZVBhcmFtZXRlcnM+DQogICAgICAgICAgICA8UnVsZVBhcmFtZXRlciBOYW1lPSJOYW1lIiBWYWx1ZT0iYnRuRXhlY3V0ZSIgLz4NCiAgICAgICAgICAgIDxSdWxlUGFyYW1ldGVyIE5hbWU9Ikh0bWxEZWNvZGUiIFZhbHVlPSJUcnVlIiAvPg0KICAgICAgICAgICAgPFJ1bGVQYXJhbWV0ZXIgTmFtZT0iUmVxdWlyZWQiIFZhbHVlPSJGYWxzZSIgLz4NCiAgICAgICAgICAgIDxSdWxlUGFyYW1ldGVyIE5hbWU9IkluZGV4IiBWYWx1ZT0iMCIgLz4NCiAgICAgICAgICA8L1J1bGVQYXJhbWV0ZXJzPg0KICAgICAgICA8L0V4dHJhY3Rpb25SdWxlPg0KICAgICAgICA8RXh0cmFjdGlvblJ1bGUgQ2xhc3NuYW1lPSJNaWNyb3NvZnQuVmlzdWFsU3R1ZGlvLlRlc3RUb29scy5XZWJUZXN0aW5nLlJ1bGVzLkV4dHJhY3RUZXh0LCBNaWNyb3NvZnQuVmlzdWFsU3R1ZGlvLlF1YWxpdHlUb29scy5XZWJUZXN0RnJhbWV3b3JrLCBWZXJzaW9uPTEwLjAuMC4wLCBDdWx0dXJlPW5ldXRyYWwsIFB1YmxpY0tleVRva2VuPWIwM2Y1ZjdmMTFkNTBhM2EiIFZhcmlhYmxlTmFtZT0iRm9ybVBvc3RQYXJhbTE0LmRkbFVJQ3VsdHVyZSIgRGlzcGxheU5hbWU9IiIgRGVzY3JpcHRpb249IiI+DQogICAgICAgICAgPFJ1bGVQYXJhbWV0ZXJzPg0KICAgICAgICAgICAgPFJ1bGVQYXJhbWV0ZXIgTmFtZT0iU3RhcnRzV2l0aCIgVmFsdWU9Imx1ZT0mcXVvdDsiIC8+DQogICAgICAgICAgICA8UnVsZVBhcmFtZXRlciBOYW1lPSJFbmRzV2l0aCIgVmFsdWU9IiZxdW90OyZndDvmraPpq5TkuK0iIC8+DQogICAgICAgICAgICA8UnVsZVBhcmFtZXRlciBOYW1lPSJJbmRleCIgVmFsdWU9IjgiIC8+DQogICAgICAgICAgICA8UnVsZVBhcmFtZXRlciBOYW1lPSJJZ25vcmVDYXNlIiBWYWx1ZT0iRmFsc2UiIC8+DQogICAgICAgICAgICA8UnVsZVBhcmFtZXRlciBOYW1lPSJVc2VSZWd1bGFyRXhwcmVzc2lvbiIgVmFsdWU9IkZhbHNlIiAvPg0KICAgICAgICAgICAgPFJ1bGVQYXJhbWV0ZXIgTmFtZT0iSHRtbERlY29kZSIgVmFsdWU9IlRydWUiIC8+DQogICAgICAgICAgICA8UnVsZVBhcmFtZXRlciBOYW1lPSJSZXF1aXJlZCIgVmFsdWU9IkZhbHNlIiAvPg0KICAgICAgICAgIDwvUnVsZVBhcmFtZXRlcnM+DQogICAgICAgIDwvRXh0cmFjdGlvblJ1bGU+DQogICAgICA8L0NvcnJlbGF0aW9uRXh0cmFjdGlvblJ1bGVzPg0KICAgIDwvUmVxdWVzdD4NCiAgICA8UmVxdWVzdCBNZXRob2Q9IlBPU1QiIEd1aWQ9IjRmYWU4ZmE1LTIyMDEtNDQyMC05YzE1LTdlNGEyNDViMzI0NSIgVmVyc2lvbj0iMS4xIiBVcmw9Imh0dHA6Ly8xMC4xMS4zNi4xMTQ6ODAwNy9ocmxvZ2luL2hybG9naW4uYXNweCIgVGhpbmtUaW1lPSIyNSIgVGltZW91dD0iMzAwIiBQYXJzZURlcGVuZGVudFJlcXVlc3RzPSJUcnVlIiBGb2xsb3dSZWRpcmVjdHM9IlRydWUiIFJlY29yZFJlc3VsdD0iVHJ1ZSIgQ2FjaGU9IkZhbHNlIiBSZXNwb25zZVRpbWVHb2FsPSIwIiBFbmNvZGluZz0idXRmLTgiIEV4cGVjdGVkSHR0cFN0YXR1c0NvZGU9IjAiIEV4cGVjdGVkUmVzcG9uc2VVcmw9IiIgUmVwb3J0aW5nTmFtZT0iIiBJZ25vcmVIdHRwU3RhdHVzQ29kZT0iRmFsc2UiPg0KICAgICAgPEZvcm1Qb3N0SHR0cEJvZHk+DQogICAgICAgIDxGb3JtUG9zdFBhcmFtZXRlciBOYW1lPSJfX0xBU1RGT0NVUyIgVmFsdWU9Int7JEhJRERFTjEuX19MQVNURk9DVVN9fSIgUmVjb3JkZWRWYWx1ZT0iIiBDb3JyZWxhdGlvbkJpbmRpbmc9IiIgVXJsRW5jb2RlPSJUcnVlIiAvPg0KICAgICAgICA8Rm9ybVBvc3RQYXJhbWV0ZXIgTmFtZT0iX19FVkVOVFRBUkdFVCIgVmFsdWU9Int7JEhJRERFTjEuX19FVkVOVFRBUkdFVH19IiBSZWNvcmRlZFZhbHVlPSIiIENvcnJlbGF0aW9uQmluZGluZz0iIiBVcmxFbmNvZGU9IlRydWUiIC8+DQogICAgICAgIDxGb3JtUG9zdFBhcmFtZXRlciBOYW1lPSJfX0VWRU5UQVJHVU1FTlQiIFZhbHVlPSJ7eyRISURERU4xLl9fRVZFTlRBUkdVTUVOVH19IiBSZWNvcmRlZFZhbHVlPSIiIENvcnJlbGF0aW9uQmluZGluZz0iIiBVcmxFbmNvZGU9IlRydWUiIC8+DQogICAgICAgIDxGb3JtUG9zdFBhcmFtZXRlciBOYW1lPSJfX1ZJRVdTVEFURSIgVmFsdWU9Int7JEhJRERFTjEuX19WSUVXU1RBVEV9fSIgUmVjb3JkZWRWYWx1ZT0iL3dFUER3VUtMVFExTkRNMU1UQTBNZzlrRmdJQ0F3OWtGZ1FDQVE4V0FoNEhWbWx6YVdKc1pXY1dCQUlCRHc4V0hoNEtYMDFoZUV4bGJtZDBhR1llRWw5SmMwRjFkRzlVYjFWd2NHVnlRMkZ6WldnZURGOUpjMEZqZEdsMlpVbE5SV2NlQzE5SmMxQmhjM04zYjNKa2FCNE9YMVJsZUhSVGFHbG1kRXRwYm1RTEtYOVRhVzV2VUdGakxsZGxZa1Y0Y0hKbGMzTXVRMjl0Ylc5dUxsVjBhV3dyVkdWNGRGTm9hV1owUzJsdVpDd2dVMmx1YjFCaFl5NVhaV0pGZUhCeVpYTnpMa052YlcxdmJpd2dWbVZ5YzJsdmJqMDNMak11TXpFdU1Td2dRM1ZzZEhWeVpUMXVaWFYwY21Gc0xDQlFkV0pzYVdOTFpYbFViMnRsYmoxdWRXeHNBQjRLWDFkaGRHVnlUV0Z5YTJVZUNGOUpjME5zWldGeWFCNElYMVJ2YjJ4VWFYQmxIZ3RmU1hOU1pXRmtUMjVzZVdnZUNWOURjM05EYkdGemMyVWVEMTlKYzFkcFpIUm9RbmxRYVhobGJHY2VFMTlKYzBScGMzQkZiblJsY21Wa1YyOXlaSE5vSGdaZlYybGtkR2dDVUI0SVgwbHpSbTlqZFhObkhnbGZTWE5TWldkRmVIQm9aQllFQWdFUFpCWUNBZ0VQRUE5a0ZnSWVCMjl1WTJ4cFkyc0Z2d0YyWVhJZ2IxWmhiR2xrSUQwZ1pHOWpkVzFsYm5RdVoyVjBSV3hsYldWdWRFSjVTV1FvSjNSNGRGVnpaWEpKUkY5U1pYRjFhWEpsWkVacFpXeGtWbUZzYVdSaGRHOXlNU2NwTzFaaGJHbGtZWFJ2Y2tWdVlXSnNaU2h2Vm1Gc2FXUXNkR2hwY3k1amFHVmphMlZrS1R0VmRHbHNYME5vYTBKdmVGUnZaMmRzWlZacGMybGlhV3hwZEhrb0ozUjRkRlZ6WlhKSlJGOWphR3RXYVhOcFltbHNhWFI1Snl3Z0ozUjRkRlZ6WlhKSlJGOWthWFpFWVhSaFFYSmxZU2NwTzJSa1pBSUREeFlDSGdWemRIbHNaUVUyWm14dllYUTZiR1ZtZER0a2FYTndiR0Y1T21sdWJHbHVaUzFpYkc5amF6dHdZV1JrYVc1bk9qQTdkbWx6YVdKcGJHbDBlVG83RmdZQ0FROFBGZ2dlQ0ZKbFlXUlBibXg1YUI0RlYybGtkR2diQUFBQUFBQUFWRUFCQUFBQUhnaERjM05EYkdGemMyVWVCRjhoVTBJQ2dnSVdBaDRIYjI1clpYbDFjQVVPZEdocGN5NTBhWFJzWlQwbkp6dGtBZ01QRHhZRUh4TWJBQUFBQUFBQVZFQUJBQUFBSHhVQ2dBSmtaQUlGRDJRV0FnSUJEdzhXQWg0RVZHVjRkQVVYVytXa3ArV3ZxK21PbHVXdW1sM2x0N0xsbFovbmxLZ1dBaDhSQlpRQmNHRmtaR2x1WnpvZ01uQjRJREV3Y0hnZ01uQjRJREV3Y0hnN0lHTnZiRzl5T2lNd01EQTdJR0poWTJ0bmNtOTFibVE2SUNOR1JrVTRRVFk3SUdadmJuUXRkMlZwWjJoME9pQmliMnhrT3lCaWIzSmtaWEk2SURGd2VDQnpiMnhwWkNCa1lYSnJaM0poZVRzZ2QyaHBkR1V0YzNCaFkyVTZJRzV2ZDNKaGNEc2dZbTl5WkdWeUxYSmhaR2wxY3pvZ00zQjRPMlFDQXc4UUR4WUdIZzVFWVhSaFZtRnNkV1ZHYVdWc1pBVURTMlY1SGcxRVlYUmhWR1Y0ZEVacFpXeGtCUVZXWVd4MVpSNExYeUZFWVhSaFFtOTFibVJuWkJBVkJBZEZibWRzYVhOb0RPZXVnT1M5aytTNHJlYVdod3ptcmFQcHE1VGt1SzNtbG9jTTU2NkE1TDJUNXJHSjZLK3RGUVFDWlc0R2VtZ3RRMGhUQm5wb0xVTklWQWQ2YUMxSVlXNXpGQ3NEQkdkbloyZGtaQUlERHc4V0FoOFhaV1JrWkNjVlJZWFRoOWpDQ013U2N3NG5SdVYwOW0vOSIgQ29ycmVsYXRpb25CaW5kaW5nPSIiIFVybEVuY29kZT0iVHJ1ZSIgLz4NCiAgICAgICAgPEZvcm1Qb3N0UGFyYW1ldGVyIE5hbWU9Il9fVklFV1NUQVRFR0VORVJBVE9SIiBWYWx1ZT0ie3skSElEREVOMS5fX1ZJRVdTVEFURUdFTkVSQVRPUn19IiBSZWNvcmRlZFZhbHVlPSI1QkIwRjI5MCIgQ29ycmVsYXRpb25CaW5kaW5nPSIiIFVybEVuY29kZT0iVHJ1ZSIgLz4NCiAgICAgICAgPEZvcm1Qb3N0UGFyYW1ldGVyIE5hbWU9Il9fRVZFTlRWQUxJREFUSU9OIiBWYWx1ZT0ie3skSElEREVOMS5fX0VWRU5UVkFMSURBVElPTn19IiBSZWNvcmRlZFZhbHVlPSIvd0VkQUFqWnpnZWRLN1dIbnVLQTJvK3NWUkFUWmhUcW8yeWRyY0F2VlhoVlgwS0ZLWUlGZlJSWmhYc3hVeTQzcWZtVmdQK0xSYnFYQXI0cFhSQXg1TGdQUEZqZ2VDUEZjbjVhUE1ZaEI2Z2VsMG8vYmwzRlEvcW5RVzJ1Rm9aUG5od3JKMWRnekNrcHFjWEhvTFdSK2ZjOHhIM1lSclBwR3pyRCtaRzBXazRZcm4zNUZ2a2VmL3RaUmc3R2NGTjM3TmdLRzZVV05QZ2UiIENvcnJlbGF0aW9uQmluZGluZz0iIiBVcmxFbmNvZGU9IlRydWUiIC8+DQogICAgICAgIDxGb3JtUG9zdFBhcmFtZXRlciBOYW1lPSJ0eHRVc2VySUQkdHh0RGF0YSIgVmFsdWU9IjEwMjA5OSIgUmVjb3JkZWRWYWx1ZT0iMTAyMDk5IiBDb3JyZWxhdGlvbkJpbmRpbmc9IiIgVXJsRW5jb2RlPSJUcnVlIiAvPg0KICAgICAgICA8Rm9ybVBvc3RQYXJhbWV0ZXIgTmFtZT0iZGRsVUlDdWx0dXJlIiBWYWx1ZT0iemgtQ0hUIiBSZWNvcmRlZFZhbHVlPSJ6aC1DSFQiIENvcnJlbGF0aW9uQmluZGluZz0ie3tGb3JtUG9zdFBhcmFtMTQuZGRsVUlDdWx0dXJlfX0iIFVybEVuY29kZT0iVHJ1ZSIgLz4NCiAgICAgICAgPEZvcm1Qb3N0UGFyYW1ldGVyIE5hbWU9ImJ0bkV4ZWN1dGUiIFZhbHVlPSJMb2NhbCBMb2dpbiIgUmVjb3JkZWRWYWx1ZT0iTG9jYWwgTG9naW4iIENvcnJlbGF0aW9uQmluZGluZz0ie3tGb3JtUG9zdFBhcmFtMTMuYnRuRXhlY3V0ZX19IiBVcmxFbmNvZGU9IlRydWUiIC8+DQogICAgICA8L0Zvcm1Qb3N0SHR0cEJvZHk+DQogICAgPC9SZXF1ZXN0Pg0KICAgIDxSZXF1ZXN0IE1ldGhvZD0iR0VUIiBHdWlkPSI0NzZhMzU2Ny1kMTI1LTRlN2MtYTM2Mi0zYmY1OTNkMmNmNzQiIFZlcnNpb249IjEuMSIgVXJsPSJodHRwOi8vMTAuMTEuMzYuMTE0OjgwMDcvT3ZlclRpbWUvT3ZlcnRpbWVQcmVPcmRlci5hc3B4IiBUaGlua1RpbWU9IjQiIFRpbWVvdXQ9IjMwMCIgUGFyc2VEZXBlbmRlbnRSZXF1ZXN0cz0iVHJ1ZSIgRm9sbG93UmVkaXJlY3RzPSJUcnVlIiBSZWNvcmRSZXN1bHQ9IlRydWUiIENhY2hlPSJGYWxzZSIgUmVzcG9uc2VUaW1lR29hbD0iMCIgRW5jb2Rpbmc9InV0Zi04IiBFeHBlY3RlZEh0dHBTdGF0dXNDb2RlPSIwIiBFeHBlY3RlZFJlc3BvbnNlVXJsPSIiIFJlcG9ydGluZ05hbWU9IiIgSWdub3JlSHR0cFN0YXR1c0NvZGU9IkZhbHNlIj4NCiAgICAgIDxFeHRyYWN0aW9uUnVsZXM+DQogICAgICAgIDxFeHRyYWN0aW9uUnVsZSBDbGFzc25hbWU9Ik1pY3Jvc29mdC5WaXN1YWxTdHVkaW8uVGVzdFRvb2xzLldlYlRlc3RpbmcuUnVsZXMuRXh0cmFjdEhpZGRlbkZpZWxkcywgTWljcm9zb2Z0LlZpc3VhbFN0dWRpby5RdWFsaXR5VG9vbHMuV2ViVGVzdEZyYW1ld29yaywgVmVyc2lvbj0xMC4wLjAuMCwgQ3VsdHVyZT1uZXV0cmFsLCBQdWJsaWNLZXlUb2tlbj1iMDNmNWY3ZjExZDUwYTNhIiBWYXJpYWJsZU5hbWU9IjEiIERpc3BsYXlOYW1lPSLmk7flj5bpmrHol4/mrITkvY0iIERlc2NyaXB0aW9uPSLmk7flj5blm57mh4nkuK3nmoTmiYDmnInpmrHol4/mrITkvY3vvIzkuKblsIflroPlgJHmlL7lnKjmuKzoqablhaflrrnkuK3jgIIiPg0KICAgICAgICAgIDxSdWxlUGFyYW1ldGVycz4NCiAgICAgICAgICAgIDxSdWxlUGFyYW1ldGVyIE5hbWU9IlJlcXVpcmVkIiBWYWx1ZT0iVHJ1ZSIgLz4NCiAgICAgICAgICAgIDxSdWxlUGFyYW1ldGVyIE5hbWU9Ikh0bWxEZWNvZGUiIFZhbHVlPSJUcnVlIiAvPg0KICAgICAgICAgIDwvUnVsZVBhcmFtZXRlcnM+DQogICAgICAgIDwvRXh0cmFjdGlvblJ1bGU+DQogICAgICA8L0V4dHJhY3Rpb25SdWxlcz4NCiAgICAgIDxDb3JyZWxhdGlvbkV4dHJhY3Rpb25SdWxlcz4NCiAgICAgICAgPEV4dHJhY3Rpb25SdWxlIENsYXNzbmFtZT0iTWljcm9zb2Z0LlZpc3VhbFN0dWRpby5UZXN0VG9vbHMuV2ViVGVzdGluZy5SdWxlcy5FeHRyYWN0Rm9ybUZpZWxkLCBNaWNyb3NvZnQuVmlzdWFsU3R1ZGlvLlF1YWxpdHlUb29scy5XZWJUZXN0RnJhbWV3b3JrLCBWZXJzaW9uPTEwLjAuMC4wLCBDdWx0dXJlPW5ldXRyYWwsIFB1YmxpY0tleVRva2VuPWIwM2Y1ZjdmMTFkNTBhM2EiIFZhcmlhYmxlTmFtZT0iRm9ybVBvc3RQYXJhbTkuYnRuUXVlcnkiIERpc3BsYXlOYW1lPSIiIERlc2NyaXB0aW9uPSIiPg0KICAgICAgICAgIDxSdWxlUGFyYW1ldGVycz4NCiAgICAgICAgICAgIDxSdWxlUGFyYW1ldGVyIE5hbWU9Ik5hbWUiIFZhbHVlPSJidG5RdWVyeSIgLz4NCiAgICAgICAgICAgIDxSdWxlUGFyYW1ldGVyIE5hbWU9Ikh0bWxEZWNvZGUiIFZhbHVlPSJUcnVlIiAvPg0KICAgICAgICAgICAgPFJ1bGVQYXJhbWV0ZXIgTmFtZT0iUmVxdWlyZWQiIFZhbHVlPSJGYWxzZSIgLz4NCiAgICAgICAgICAgIDxSdWxlUGFyYW1ldGVyIE5hbWU9IkluZGV4IiBWYWx1ZT0iMCIgLz4NCiAgICAgICAgICA8L1J1bGVQYXJhbWV0ZXJzPg0KICAgICAgICA8L0V4dHJhY3Rpb25SdWxlPg0KICAgICAgICA8RXh0cmFjdGlvblJ1bGUgQ2xhc3NuYW1lPSJNaWNyb3NvZnQuVmlzdWFsU3R1ZGlvLlRlc3RUb29scy5XZWJUZXN0aW5nLlJ1bGVzLkV4dHJhY3RGb3JtRmllbGQsIE1pY3Jvc29mdC5WaXN1YWxTdHVkaW8uUXVhbGl0eVRvb2xzLldlYlRlc3RGcmFtZXdvcmssIFZlcnNpb249MTAuMC4wLjAsIEN1bHR1cmU9bmV1dHJhbCwgUHVibGljS2V5VG9rZW49YjAzZjVmN2YxMWQ1MGEzYSIgVmFyaWFibGVOYW1lPSJGb3JtUG9zdFBhcmFtMTAudHh0T1RFbXBJRCIgRGlzcGxheU5hbWU9IiIgRGVzY3JpcHRpb249IiI+DQogICAgICAgICAgPFJ1bGVQYXJhbWV0ZXJzPg0KICAgICAgICAgICAgPFJ1bGVQYXJhbWV0ZXIgTmFtZT0iTmFtZSIgVmFsdWU9InR4dE9URW1wSUQiIC8+DQogICAgICAgICAgICA8UnVsZVBhcmFtZXRlciBOYW1lPSJIdG1sRGVjb2RlIiBWYWx1ZT0iVHJ1ZSIgLz4NCiAgICAgICAgICAgIDxSdWxlUGFyYW1ldGVyIE5hbWU9IlJlcXVpcmVkIiBWYWx1ZT0iRmFsc2UiIC8+DQogICAgICAgICAgICA8UnVsZVBhcmFtZXRlciBOYW1lPSJJbmRleCIgVmFsdWU9IjAiIC8+DQogICAgICAgICAgPC9SdWxlUGFyYW1ldGVycz4NCiAgICAgICAgPC9FeHRyYWN0aW9uUnVsZT4NCiAgICAgICAgPEV4dHJhY3Rpb25SdWxlIENsYXNzbmFtZT0iTWljcm9zb2Z0LlZpc3VhbFN0dWRpby5UZXN0VG9vbHMuV2ViVGVzdGluZy5SdWxlcy5FeHRyYWN0VGV4dCwgTWljcm9zb2Z0LlZpc3VhbFN0dWRpby5RdWFsaXR5VG9vbHMuV2ViVGVzdEZyYW1ld29yaywgVmVyc2lvbj0xMC4wLjAuMCwgQ3VsdHVyZT1uZXV0cmFsLCBQdWJsaWNLZXlUb2tlbj1iMDNmNWY3ZjExZDUwYTNhIiBWYXJpYWJsZU5hbWU9IkZvcm1Qb3N0UGFyYW0xMS5kZGxRdWVyeUNvbmRpdGlvbnMiIERpc3BsYXlOYW1lPSIiIERlc2NyaXB0aW9uPSIiPg0KICAgICAgICAgIDxSdWxlUGFyYW1ldGVycz4NCiAgICAgICAgICAgIDxSdWxlUGFyYW1ldGVyIE5hbWU9IlN0YXJ0c1dpdGgiIFZhbHVlPSJzJnF1b3Q7OlsmcXVvdDsiIC8+DQogICAgICAgICAgICA8UnVsZVBhcmFtZXRlciBOYW1lPSJFbmRzV2l0aCIgVmFsdWU9IiZxdW90OywmcXVvdDsxJnF1b3Q7IiAvPg0KICAgICAgICAgICAgPFJ1bGVQYXJhbWV0ZXIgTmFtZT0iSW5kZXgiIFZhbHVlPSIwIiAvPg0KICAgICAgICAgICAgPFJ1bGVQYXJhbWV0ZXIgTmFtZT0iSWdub3JlQ2FzZSIgVmFsdWU9IkZhbHNlIiAvPg0KICAgICAgICAgICAgPFJ1bGVQYXJhbWV0ZXIgTmFtZT0iVXNlUmVndWxhckV4cHJlc3Npb24iIFZhbHVlPSJGYWxzZSIgLz4NCiAgICAgICAgICAgIDxSdWxlUGFyYW1ldGVyIE5hbWU9Ikh0bWxEZWNvZGUiIFZhbHVlPSJUcnVlIiAvPg0KICAgICAgICAgICAgPFJ1bGVQYXJhbWV0ZXIgTmFtZT0iUmVxdWlyZWQiIFZhbHVlPSJGYWxzZSIgLz4NCiAgICAgICAgICA8L1J1bGVQYXJhbWV0ZXJzPg0KICAgICAgICA8L0V4dHJhY3Rpb25SdWxlPg0KICAgICAgICA8RXh0cmFjdGlvblJ1bGUgQ2xhc3NuYW1lPSJNaWNyb3NvZnQuVmlzdWFsU3R1ZGlvLlRlc3RUb29scy5XZWJUZXN0aW5nLlJ1bGVzLkV4dHJhY3RUZXh0LCBNaWNyb3NvZnQuVmlzdWFsU3R1ZGlvLlF1YWxpdHlUb29scy5XZWJUZXN0RnJhbWV3b3JrLCBWZXJzaW9uPTEwLjAuMC4wLCBDdWx0dXJlPW5ldXRyYWwsIFB1YmxpY0tleVRva2VuPWIwM2Y1ZjdmMTFkNTBhM2EiIFZhcmlhYmxlTmFtZT0iRm9ybVBvc3RQYXJhbTEyLmRkbE9UU3RhdHVzIiBEaXNwbGF5TmFtZT0iIiBEZXNjcmlwdGlvbj0iIj4NCiAgICAgICAgICA8UnVsZVBhcmFtZXRlcnM+DQogICAgICAgICAgICA8UnVsZVBhcmFtZXRlciBOYW1lPSJTdGFydHNXaXRoIiBWYWx1ZT0icyZxdW90OzpbJnF1b3Q7IiAvPg0KICAgICAgICAgICAgPFJ1bGVQYXJhbWV0ZXIgTmFtZT0iRW5kc1dpdGgiIFZhbHVlPSImcXVvdDssJnF1b3Q7MSZxdW90OyIgLz4NCiAgICAgICAgICAgIDxSdWxlUGFyYW1ldGVyIE5hbWU9IkluZGV4IiBWYWx1ZT0iMCIgLz4NCiAgICAgICAgICAgIDxSdWxlUGFyYW1ldGVyIE5hbWU9Iklnbm9yZUNhc2UiIFZhbHVlPSJGYWxzZSIgLz4NCiAgICAgICAgICAgIDxSdWxlUGFyYW1ldGVyIE5hbWU9IlVzZVJlZ3VsYXJFeHByZXNzaW9uIiBWYWx1ZT0iRmFsc2UiIC8+DQogICAgICAgICAgICA8UnVsZVBhcmFtZXRlciBOYW1lPSJIdG1sRGVjb2RlIiBWYWx1ZT0iVHJ1ZSIgLz4NCiAgICAgICAgICAgIDxSdWxlUGFyYW1ldGVyIE5hbWU9IlJlcXVpcmVkIiBWYWx1ZT0iRmFsc2UiIC8+DQogICAgICAgICAgPC9SdWxlUGFyYW1ldGVycz4NCiAgICAgICAgPC9FeHRyYWN0aW9uUnVsZT4NCiAgICAgIDwvQ29ycmVsYXRpb25FeHRyYWN0aW9uUnVsZXM+DQogICAgPC9SZXF1ZXN0Pg0KICAgIDxSZXF1ZXN0IE1ldGhvZD0iUE9TVCIgR3VpZD0iYjFmODk1MzctNmVhOC00NDI2LWFmNTYtZmM1ODMwZjIwOTkyIiBWZXJzaW9uPSIxLjEiIFVybD0iaHR0cDovLzEwLjExLjM2LjExNDo4MDA3L092ZXJUaW1lL092ZXJ0aW1lUHJlT3JkZXIuYXNweCIgVGhpbmtUaW1lPSIyMiIgVGltZW91dD0iMzAwIiBQYXJzZURlcGVuZGVudFJlcXVlc3RzPSJUcnVlIiBGb2xsb3dSZWRpcmVjdHM9IlRydWUiIFJlY29yZFJlc3VsdD0iVHJ1ZSIgQ2FjaGU9IkZhbHNlIiBSZXNwb25zZVRpbWVHb2FsPSIwIiBFbmNvZGluZz0idXRmLTgiIEV4cGVjdGVkSHR0cFN0YXR1c0NvZGU9IjAiIEV4cGVjdGVkUmVzcG9uc2VVcmw9IiIgUmVwb3J0aW5nTmFtZT0iIiBJZ25vcmVIdHRwU3RhdHVzQ29kZT0iRmFsc2UiPg0KICAgICAgPEV4dHJhY3Rpb25SdWxlcz4NCiAgICAgICAgPEV4dHJhY3Rpb25SdWxlIENsYXNzbmFtZT0iTWljcm9zb2Z0LlZpc3VhbFN0dWRpby5UZXN0VG9vbHMuV2ViVGVzdGluZy5SdWxlcy5FeHRyYWN0SGlkZGVuRmllbGRzLCBNaWNyb3NvZnQuVmlzdWFsU3R1ZGlvLlF1YWxpdHlUb29scy5XZWJUZXN0RnJhbWV3b3JrLCBWZXJzaW9uPTEwLjAuMC4wLCBDdWx0dXJlPW5ldXRyYWwsIFB1YmxpY0tleVRva2VuPWIwM2Y1ZjdmMTFkNTBhM2EiIFZhcmlhYmxlTmFtZT0iMSIgRGlzcGxheU5hbWU9IuaTt+WPlumaseiXj+ashOS9jSIgRGVzY3JpcHRpb249IuaTt+WPluWbnuaHieS4reeahOaJgOaciemaseiXj+ashOS9je+8jOS4puWwh+Wug+WAkeaUvuWcqOa4rOippuWFp+WuueS4reOAgiI+DQogICAgICAgICAgPFJ1bGVQYXJhbWV0ZXJzPg0KICAgICAgICAgICAgPFJ1bGVQYXJhbWV0ZXIgTmFtZT0iUmVxdWlyZWQiIFZhbHVlPSJUcnVlIiAvPg0KICAgICAgICAgICAgPFJ1bGVQYXJhbWV0ZXIgTmFtZT0iSHRtbERlY29kZSIgVmFsdWU9IlRydWUiIC8+DQogICAgICAgICAgPC9SdWxlUGFyYW1ldGVycz4NCiAgICAgICAgPC9FeHRyYWN0aW9uUnVsZT4NCiAgICAgIDwvRXh0cmFjdGlvblJ1bGVzPg0KICAgICAgPENvcnJlbGF0aW9uRXh0cmFjdGlvblJ1bGVzPg0KICAgICAgICA8RXh0cmFjdGlvblJ1bGUgQ2xhc3NuYW1lPSJNaWNyb3NvZnQuVmlzdWFsU3R1ZGlvLlRlc3RUb29scy5XZWJUZXN0aW5nLlJ1bGVzLkV4dHJhY3RGb3JtRmllbGQsIE1pY3Jvc29mdC5WaXN1YWxTdHVkaW8uUXVhbGl0eVRvb2xzLldlYlRlc3RGcmFtZXdvcmssIFZlcnNpb249MTAuMC4wLjAsIEN1bHR1cmU9bmV1dHJhbCwgUHVibGljS2V5VG9rZW49YjAzZjVmN2YxMWQ1MGEzYSIgVmFyaWFibGVOYW1lPSJGb3JtUG9zdFBhcmFtNS5idG5RdWVyeSIgRGlzcGxheU5hbWU9IiIgRGVzY3JpcHRpb249IiI+DQogICAgICAgICAgPFJ1bGVQYXJhbWV0ZXJzPg0KICAgICAgICAgICAgPFJ1bGVQYXJhbWV0ZXIgTmFtZT0iTmFtZSIgVmFsdWU9ImJ0blF1ZXJ5IiAvPg0KICAgICAgICAgICAgPFJ1bGVQYXJhbWV0ZXIgTmFtZT0iSHRtbERlY29kZSIgVmFsdWU9IlRydWUiIC8+DQogICAgICAgICAgICA8UnVsZVBhcmFtZXRlciBOYW1lPSJSZXF1aXJlZCIgVmFsdWU9IkZhbHNlIiAvPg0KICAgICAgICAgICAgPFJ1bGVQYXJhbWV0ZXIgTmFtZT0iSW5kZXgiIFZhbHVlPSIwIiAvPg0KICAgICAgICAgIDwvUnVsZVBhcmFtZXRlcnM+DQogICAgICAgIDwvRXh0cmFjdGlvblJ1bGU+DQogICAgICAgIDxFeHRyYWN0aW9uUnVsZSBDbGFzc25hbWU9Ik1pY3Jvc29mdC5WaXN1YWxTdHVkaW8uVGVzdFRvb2xzLldlYlRlc3RpbmcuUnVsZXMuRXh0cmFjdEZvcm1GaWVsZCwgTWljcm9zb2Z0LlZpc3VhbFN0dWRpby5RdWFsaXR5VG9vbHMuV2ViVGVzdEZyYW1ld29yaywgVmVyc2lvbj0xMC4wLjAuMCwgQ3VsdHVyZT1uZXV0cmFsLCBQdWJsaWNLZXlUb2tlbj1iMDNmNWY3ZjExZDUwYTNhIiBWYXJpYWJsZU5hbWU9IkZvcm1Qb3N0UGFyYW02LnR4dE9URW1wSUQiIERpc3BsYXlOYW1lPSIiIERlc2NyaXB0aW9uPSIiPg0KICAgICAgICAgIDxSdWxlUGFyYW1ldGVycz4NCiAgICAgICAgICAgIDxSdWxlUGFyYW1ldGVyIE5hbWU9Ik5hbWUiIFZhbHVlPSJ0eHRPVEVtcElEIiAvPg0KICAgICAgICAgICAgPFJ1bGVQYXJhbWV0ZXIgTmFtZT0iSHRtbERlY29kZSIgVmFsdWU9IlRydWUiIC8+DQogICAgICAgICAgICA8UnVsZVBhcmFtZXRlciBOYW1lPSJSZXF1aXJlZCIgVmFsdWU9IkZhbHNlIiAvPg0KICAgICAgICAgICAgPFJ1bGVQYXJhbWV0ZXIgTmFtZT0iSW5kZXgiIFZhbHVlPSIwIiAvPg0KICAgICAgICAgIDwvUnVsZVBhcmFtZXRlcnM+DQogICAgICAgIDwvRXh0cmFjdGlvblJ1bGU+DQogICAgICAgIDxFeHRyYWN0aW9uUnVsZSBDbGFzc25hbWU9Ik1pY3Jvc29mdC5WaXN1YWxTdHVkaW8uVGVzdFRvb2xzLldlYlRlc3RpbmcuUnVsZXMuRXh0cmFjdFRleHQsIE1pY3Jvc29mdC5WaXN1YWxTdHVkaW8uUXVhbGl0eVRvb2xzLldlYlRlc3RGcmFtZXdvcmssIFZlcnNpb249MTAuMC4wLjAsIEN1bHR1cmU9bmV1dHJhbCwgUHVibGljS2V5VG9rZW49YjAzZjVmN2YxMWQ1MGEzYSIgVmFyaWFibGVOYW1lPSJGb3JtUG9zdFBhcmFtNy5kZGxRdWVyeUNvbmRpdGlvbnMiIERpc3BsYXlOYW1lPSIiIERlc2NyaXB0aW9uPSIiPg0KICAgICAgICAgIDxSdWxlUGFyYW1ldGVycz4NCiAgICAgICAgICAgIDxSdWxlUGFyYW1ldGVyIE5hbWU9IlN0YXJ0c1dpdGgiIFZhbHVlPSJzJnF1b3Q7OlsmcXVvdDsiIC8+DQogICAgICAgICAgICA8UnVsZVBhcmFtZXRlciBOYW1lPSJFbmRzV2l0aCIgVmFsdWU9IiZxdW90OywmcXVvdDsxJnF1b3Q7IiAvPg0KICAgICAgICAgICAgPFJ1bGVQYXJhbWV0ZXIgTmFtZT0iSW5kZXgiIFZhbHVlPSIwIiAvPg0KICAgICAgICAgICAgPFJ1bGVQYXJhbWV0ZXIgTmFtZT0iSWdub3JlQ2FzZSIgVmFsdWU9IkZhbHNlIiAvPg0KICAgICAgICAgICAgPFJ1bGVQYXJhbWV0ZXIgTmFtZT0iVXNlUmVndWxhckV4cHJlc3Npb24iIFZhbHVlPSJGYWxzZSIgLz4NCiAgICAgICAgICAgIDxSdWxlUGFyYW1ldGVyIE5hbWU9Ikh0bWxEZWNvZGUiIFZhbHVlPSJUcnVlIiAvPg0KICAgICAgICAgICAgPFJ1bGVQYXJhbWV0ZXIgTmFtZT0iUmVxdWlyZWQiIFZhbHVlPSJGYWxzZSIgLz4NCiAgICAgICAgICA8L1J1bGVQYXJhbWV0ZXJzPg0KICAgICAgICA8L0V4dHJhY3Rpb25SdWxlPg0KICAgICAgICA8RXh0cmFjdGlvblJ1bGUgQ2xhc3NuYW1lPSJNaWNyb3NvZnQuVmlzdWFsU3R1ZGlvLlRlc3RUb29scy5XZWJUZXN0aW5nLlJ1bGVzLkV4dHJhY3RUZXh0LCBNaWNyb3NvZnQuVmlzdWFsU3R1ZGlvLlF1YWxpdHlUb29scy5XZWJUZXN0RnJhbWV3b3JrLCBWZXJzaW9uPTEwLjAuMC4wLCBDdWx0dXJlPW5ldXRyYWwsIFB1YmxpY0tleVRva2VuPWIwM2Y1ZjdmMTFkNTBhM2EiIFZhcmlhYmxlTmFtZT0iRm9ybVBvc3RQYXJhbTguZGRsT1RTdGF0dXMiIERpc3BsYXlOYW1lPSIiIERlc2NyaXB0aW9uPSIiPg0KICAgICAgICAgIDxSdWxlUGFyYW1ldGVycz4NCiAgICAgICAgICAgIDxSdWxlUGFyYW1ldGVyIE5hbWU9IlN0YXJ0c1dpdGgiIFZhbHVlPSImcXVvdDsxJnF1b3Q7LCZxdW90OyIgLz4NCiAgICAgICAgICAgIDxSdWxlUGFyYW1ldGVyIE5hbWU9IkVuZHNXaXRoIiBWYWx1ZT0iJnF1b3Q7LCZxdW90OzMmcXVvdDsiIC8+DQogICAgICAgICAgICA8UnVsZVBhcmFtZXRlciBOYW1lPSJJbmRleCIgVmFsdWU9IjAiIC8+DQogICAgICAgICAgICA8UnVsZVBhcmFtZXRlciBOYW1lPSJJZ25vcmVDYXNlIiBWYWx1ZT0iRmFsc2UiIC8+DQogICAgICAgICAgICA8UnVsZVBhcmFtZXRlciBOYW1lPSJVc2VSZWd1bGFyRXhwcmVzc2lvbiIgVmFsdWU9IkZhbHNlIiAvPg0KICAgICAgICAgICAgPFJ1bGVQYXJhbWV0ZXIgTmFtZT0iSHRtbERlY29kZSIgVmFsdWU9IlRydWUiIC8+DQogICAgICAgICAgICA8UnVsZVBhcmFtZXRlciBOYW1lPSJSZXF1aXJlZCIgVmFsdWU9IkZhbHNlIiAvPg0KICAgICAgICAgIDwvUnVsZVBhcmFtZXRlcnM+DQogICAgICAgIDwvRXh0cmFjdGlvblJ1bGU+DQogICAgICA8L0NvcnJlbGF0aW9uRXh0cmFjdGlvblJ1bGVzPg0KICAgICAgPEZvcm1Qb3N0SHR0cEJvZHk+DQogICAgICAgIDxGb3JtUG9zdFBhcmFtZXRlciBOYW1lPSJUb29sa2l0U2NyaXB0TWFuYWdlcjFfSGlkZGVuRmllbGQiIFZhbHVlPSI7O0FqYXhDb250cm9sVG9vbGtpdCwgVmVyc2lvbj00LjEuNy42MDcsIEN1bHR1cmU9bmV1dHJhbCwgUHVibGljS2V5VG9rZW49MjhmMDFiMGU4NGI2ZDUzZTp6aC1IYW50OjdiOTVlZDFhLTZhM2YtNDFkZC1iYzViLTYzZjM5ZWRiYzRiNDpkZTFmZWFiMjpmY2YwZTk5MzpmMmM4ZTcwODo3MjBhNTJiZjpmOWNlYzliYzo1ODllYWEzMDo2OTgxMjljZjpmYjliNGM1NzpjY2I5NmNmOTphNjdjMjcwMDo4NjEzYWVhNzozMjAyYTVhMjphYjA5ZTNmZTo4NzEwNGI3YzpiZTZmYjI5OCIgUmVjb3JkZWRWYWx1ZT0iOztBamF4Q29udHJvbFRvb2xraXQsIFZlcnNpb249NC4xLjcuNjA3LCBDdWx0dXJlPW5ldXRyYWwsIFB1YmxpY0tleVRva2VuPTI4ZjAxYjBlODRiNmQ1M2U6emgtSGFudDo3Yjk1ZWQxYS02YTNmLTQxZGQtYmM1Yi02M2YzOWVkYmM0YjQ6ZGUxZmVhYjI6ZmNmMGU5OTM6ZjJjOGU3MDg6NzIwYTUyYmY6ZjljZWM5YmM6NTg5ZWFhMzA6Njk4MTI5Y2Y6ZmI5YjRjNTc6Y2NiOTZjZjk6YTY3YzI3MDA6ODYxM2FlYTc6MzIwMmE1YTI6YWIwOWUzZmU6ODcxMDRiN2M6YmU2ZmIyOTgiIENvcnJlbGF0aW9uQmluZGluZz0iIiBVcmxFbmNvZGU9IlRydWUiIC8+DQogICAgICAgIDxGb3JtUG9zdFBhcmFtZXRlciBOYW1lPSJfX0VWRU5UVEFSR0VUIiBWYWx1ZT0ie3skSElEREVOMS5fX0VWRU5UVEFSR0VUfX0iIFJlY29yZGVkVmFsdWU9IiIgQ29ycmVsYXRpb25CaW5kaW5nPSIiIFVybEVuY29kZT0iVHJ1ZSIgLz4NCiAgICAgICAgPEZvcm1Qb3N0UGFyYW1ldGVyIE5hbWU9Il9fRVZFTlRBUkdVTUVOVCIgVmFsdWU9Int7JEhJRERFTjEuX19FVkVOVEFSR1VNRU5UfX0iIFJlY29yZGVkVmFsdWU9IiIgQ29ycmVsYXRpb25CaW5kaW5nPSIiIFVybEVuY29kZT0iVHJ1ZSIgLz4NCiAgICAgICAgPEZvcm1Qb3N0UGFyYW1ldGVyIE5hbWU9Il9fTEFTVEZPQ1VTIiBWYWx1ZT0ie3skSElEREVOMS5fX0xBU1RGT0NVU319IiBSZWNvcmRlZFZhbHVlPSIiIENvcnJlbGF0aW9uQmluZGluZz0iIiBVcmxFbmNvZGU9IlRydWUiIC8+DQogICAgICAgIDxGb3JtUG9zdFBhcmFtZXRlciBOYW1lPSJfX1ZTVEFURSIgVmFsdWU9Int7JEhJRERFTjEuX19WU1RBVEV9fSIgUmVjb3JkZWRWYWx1ZT0iQVIrTENBQUFBQUFBQkFEdE8xMTNFMWVTeGxoTnk1QVlackdHN0xDU0puTm1GQTVwb3U2V2JSdzJPU2UyU1lBSmxtMkprSS9KOFJGSWtiVUlpV01KQXZzRXlUaDgyWVFNQnNOQWtpRWt3WVRoS3dSd0RHUDJIK3crek1NODU3amIwdFA4Z0htWXZmZFcxKzBycWJzRG0reGJsSk9vVWxXM3FtN2RxbnZyMXBYL3VhaHQxU0tmbE4yM05aVXJ0UDM3MnFabHpWSjdxeHhQOWhaMzc5bmN0eVNlM0VpL3BYaXlMMVhPa0s5a2JuZG1XVHlaS0tmS2UwdjlxZDJacFFSWExLZnlsRURZay9zTG0vdGtaQ0RBeThYUjNmM3gxcGZ6eFhkN1U2VU1JVGIvazN6YTBtMitWclZiMTFTMXN5TVdhd3NFZ2xKZlprOTVjNS92djMyUm9ZNk96bWcwOGl3Rk9oQ0lJYUFqb0NHZ0loQzFnQmp5eEpBbmhqd3g1TkdScENOSlI1S0dTalZVcXFGQURVZHBPRXJEVVNyeXFNaWpJaWtLQVBudmJ6VUVWQVNRcEc5RElLa2pvQ0dnSW9BOENlUkpJRThDZVJMSU00U2tJU1FOSVdtd0U0RU9CR0lJb09SQkhENkl3d2R4K0FBT0g4RGhBemg4QUljUDRQQUJIRDZBdytQSUUwZWVPSkw2a2RTUHBINGMzbzg4RGNzZGJWakJxTWNTT0RpY2U1VzdMdG93NVdpRHFYWDJPS2tnUVBCbjhkRXNUWUJYYzZVeUFWTWtSWHova0NPOVBadGdRRzk4Q3dBOVE5RXRXMVFBb3VyNkdsQkZ1bVlob3pxblV4RGhXSFNMQ0hKWTJ5S0NLQzNPUmRqMHFFMW5NQ3JVVk01Q1FBR3JBNmphREtyRjBCdFA4SmtsTnZMUlhRa1I1R09pQ1JIa01PZE92SUxEZE03S1FHUlZPU3NERWU2S0pVUVFwVzNpayt6ZzB0Um9EU2pDR3RxajJXWnFncGw2UWdSRjJCcVoySXJJRHR2T0RzRk9DcU9XOVNwbm9TRGFQTWdYa2F0TERQRTUyNWFwb21XZENRRkVCZnA2anFVZ3dwMjJyem9GWDIzanZ1TENHSWk4VVZ0YVZKQ20yazVSQmFmRWJPNll3TjFoQjBDSHNLcGR0cmU2Qkc5MTJ4N3FGankwbmErWm1oQkJIbkd4aEFoeXlkMEpFVVJwcjNNVjlreTY3WmtrM3JCVE1DR0NmSm5zVUk4SnRxKzNZL3BOUHN3MkxCb1RRczkydU5vcG9JVWNzbFhIN0Fqb3NzSDEwUnBRalFTZkhCNUlaVE9iUy9SMGZyV1lIUW0yVzRqQnZablJBNG55YUs2UVpYZ0pDZ0dmbEJqWTFQTmJOZmhMaSsrbHZlWGlTM3YyNUE5czNMMGprNmE0M2xLcE41OHFsYkxCaU1WRGE0b3krVGV4YzdTWXp3OFVTN2x5cmxpSUZ3aFU3a250M0pVTnRzS1JUL2RHMzE5YjZwMHJMcXVZQk5Za0doYXJKanFFUkJjRHVTYkhhbkl2V2h1ZVRya2g1SEp0am92SlZyY2RPWVcvbUp4Q3RvZ1JJbTdTTmZ1NHNOMkptNmNZeStKeFVSc3pRaG9JTzFyTlRpY2tkVTBZaWtFdEhqZkNZY0ZEbVdjRlR4K2VsWHdqNGJzVzM5TDQ5c2czWnI3Zjg2T0RuMWY4R0lUemtwOHovQ2kxRHRmZ1V1SHM5VjM2ZVNtVHord3NoL3MySjVLYiszdVQ0WjJrSmcySDN4M0pGTUx4V0hUZHRqM1crUnpPbGNLRllqbGMySnZQaDh1TjVFeWVqSXRFd3BsQ09wd3FVU0tuUFpzcjBWSFAwQUdJaWtUV1dHeUlFUlhyM29wMUw4VzZnMks5VWJIdXFGanpWcXg1S2RZY0ZHdU5palZIeGFxM1lyVkI4VE5zTkF6MkhQdU10Y0kyeXp1anhkM2h6S2FoclltK251SE55YUcrZFcrbGR4VGZYdmNXWThqOVo0cnVTalJFM3FieVJ6TmhhK0FMb3FJMXpBeVkvaHJ1QTFYd2dUQTlhcUw3NUJybWh0NVRhNzFuSzNGUjRlVkJyNVZyWERqQllGdzRndkpnY2pEWklRWWM0dEU1TitpSEt1MHJ2bHVvMThvbUxUaVVUZCtlS1lOZ2h0OU5UbjQzZVRBU1htdHpyNDBvRWY2LzlMcEtuZUJnUGZDcEFxUERmSUJKYzJMUzY1aDBKNlpZSFZOTVpITHlBalA0TWNJM0hzNW4zaW1ILzZPWUt6enFpRmcwWEtUUlJHd1pLdVl6dmNWMDVvVklMQm9KcDBpd0NCYUhYNGh6OExHVjZKWVNYVlNpb3hMOXgxR2lXVW8wVVltR1NyUWZSNGxxS1ZGRkpTb3FVWDhjSlpZT1VVVTB3aFE0eXJjMkxYdkhJWnZnVDNmTG4rNldQOTB0ZjdwYmlwVzhRMUgvLzNHM1hFUHFwM1JtTkx6amdGanVDZ1dvVUJJS3RRMHZOOExCSlFSaTVmcmRscHBlbXQweDFXb2Field0T0x0WnlOdUh2TmZJRzNpODZjaGJsYnpKaDhQdDVpWG40UTFPM3ZMa1BWVGVMTVRoZHV1VU4xTjVlNVUzWEhFNDd6WGFiVnJlMCtXTlNTVFo3VjdlSktZODNlU3pmejlpa05udUh5UHpObVR1N280SVBVdWhVV3Azcnh0NzNySDY5cXJkQmVmTUhmVzlXTHUvenB2eHZISEx1L0tjMU5EY3Ridjd2Ti9QZWZpYkFIOGxvTzhHd1Ric1FHVEtxV1FxVzhvR21wc1h0NlVESzhsLzJ3TE53ZmJoVjNQWmtYSlBjWC9QYUNhMWEyTWh0U09mU1kra0E4M3ZFSzZXNWtXTWE4bHJ1VktPRUViUzZXWWZ3N1FrTS92THZsV1ZjNmNYVG40d1AzUHQ3dy9HSzFlUEwweFBHSE5qM3gzOGt2RDltdktGbnZBdE0yL09WRzZkckI0N1dMazRUdkJyTEh6Yi9PeXNjZXg4NWZaaGMvWWtrVU5JQ3BJcVo3NnFqdjE1NGNzUGpTTlhGaTUvUkVqUHRWa21VZk9YcDlPQlJlK2ttMVZFU2hUWkZwQ0RUL2FseXFuWFV2bTltWmR6bVh6YTEwS0xodUFURkVzTkJxUk1rYlNpREM0ZC9pVWw5UlQzRnRMWjRCSSsrK1h0TFNzVThpRlRxaDZhTVU4ZHB2K3pITkpNSVJaWHBvOFJpd09Ra29wNSsvVDgvYytyaCs0WWMxOVJOSVNTWXQ0OVV2bjZmdlh3UjVWUEpnaTZ2YVZKQWdrU2pKT0FiK1hheFMxWjhtRXo4ckZwaEo0RXcwTnR0cTJoNWRuUUNtclppa2Uwakd3RXlzTHQrd3QzYmkwYy9uVGgrc1hxKzlNQnlIMkx6N2grMUR4eG1hQlhROTRyNWhmWGpPUG5ZSXh4NUFQems1TklISXdxODdPZm0yZFBBYkV5ZmEweWZRU0pRNmpIL09TdWVmbDRoYXphc2ZjSjhTbklXb3RZUFhOODRkeUQrWm1EU0VuV1VXYkgwY0p0VWNXNFBHbDhmb1pZVGFMTFFqKzZwd09Rd2hSTmNNYnBENHhUaDZnUVNGWUxEWk1GdEc2ajV4OGNBdXNEa0pzVzJuWWhwQ1BLdm5IRi9QUUxnbTVmSVM0dWNiMEVycGJBdFJJNFVRSjNTZUFZQ2J3Z3daUnJnMEtDS1VoZ3NnUW1TbUNTQkNhUXVGbVJyZit3SUZyeS9VSDA0ZzhNb240VjBXeUpTSTRDV2xNVzduNWR1WGVqRHEwcjgzKzVRRHhlaTI2TVJFQnJOdG9ZbStiY3VoV2cxYWtMOHcvZkkranZqOXNCVlRHdW5UVW41MFFpSDZrcHh2Z05ZMnpja1VpMFRkNll2MysyanZnMG5IOEtCSnN4ODU3eHAyOGN4M2NvbGE4dkdqZkc1eDllckV4UFdjNUNZcWRTL1d5NitzZXZ5S3lwUzJxSWJya1dnRk5WSVhySVJzckhBRnBUcXVkcEFwZ1hKcWdyVUpTdVZBNS9aUnk3SWdya3hKaGl6TjBoRVd3dFNpMnhRekcrdlcxOGVOTVNXS3V0VXpIdjNLUDVXVFBHYlI4QW9xcVloNDh1VEU2TExHVGtVM0RHMHhVM3o1d3pacS9XVWh5M2p3QlVBVXIxNEI5SnFBRUZiVXVnSityUXVtTHRBNGgyMzROV1E5MUFJNGZFaDBqSG1TYTFtdUNvSStxVzYrcUlqN2UxMFd3a1ZSNUZFeHdaemhBYVE4QUtQOTdtdHhxcUdkejh3UHJKendpUjJnMFZEbTZCSkdLL251RkU5MjJUVmp4Vzhwa25wbzM3bHl4dXFvZUVhUFhZdlJvMDFRQkxWbmt3YWR3OFlhSEpsc2JXWm5hcWhydURjcCsvWDdseUMwUUIybW1uWGcxMUZScDQraHZqNUJFN0dhSFdzb2cwSlkrZmc4Z0VnVTU3L0dxb3h0Q0Yxejh6ajl5MUV3c3FOQ1JPVUlFMVJOdVJ4c3h0a2VoeWRLeUd1ZzdOUDNHRStOL2FGNWpBRHEzT0ZHTmlrdmpMSXRyYUlEQnFSc2JxeFU0K1hMaDJ4aUoyMUJIQklJdll5WW5WZzNQR2UzL21HM2Y3aTA0SFhiOEtYeHA4NmVMcEZ3ZGtYQmZQd2dFWU1BQzBBWXNXZzY4TytPb1VUODFCR0RBSUF3Wmh3Q0FNR0lRQmc1M2krVG9FQTRZMDhiUk5BREpoSVhYeENFNENMUW0wcEY1M0xrTStTcENGRGFjMHpTMEpzc2crczJsK1NKQVBFc1MvQlBFdVFYemJ4N29PbkxvbUh2SXhRTVlzcE01UGZna2lSb0xZa0NBS0pGaHZDVlpXZ2pVa05jS0xEVFhDWTMxWVFhRmpuUzFiZFRhcExWcnRLeTJwTUo2bzZkVHlNcU81c2N3SVFEK09iV3drNTJiK3N2RHhKYkladERjM1NVQWhOamZYVjhPdDlxWFpYZG5pUm1XL2dKNmZwV3pMM3QwN2lzYkVRZEQ0RkhUTkxGcGk2MFpPYVY5TWJHRURKZUFoSmkxdUtLNWE3ZHU3dTAxdGpUYXRndmFqYUpPeVJTWEtnYURWRWpRa3hHdEh4T21JQVBUNzdDa29Hem42RlJIOUNrZHZFdEdiT0hxcmlON0swWU1pZXBDamgwVDBFRWR2RTlIYk9IcTdpTjdPMGErTDZOYzUrZzBSL1FaSHZ5bWkzNlRvOXJZbUNWd0pYNW9FYnBMQUtSSTRRWUpKU3pCSkNTWWx3U1FrTUZvQ0l5VXdTZ0lqSkZCS1ZyN05LU1A4R0FWTGhZY2E5ekRZM2hnR1QyUGZWekZQZjJtTVQwRlpKNjZ4dWc2ZWNYaXoySjFUVVJmdS9QNXA3RkVycFBnZ1YvTHZrVWliMmU2Y1RHSVkrMnhPZkdRaDFHZEZlUWxuZVpSUGtCYWpoZHZWczlYenYvZVVSbHR6Ym55Q3RBNXEyOE0vR2RjK2J1QUtZL05VcVh6eDBQeDR6bE1kYmZtNThkbnFhSDlhTWMvY05HL2Y5SkxHV3RwdWZFeGFIYlBteXF4eDFTcFZmZkY5NDhJZlBGV3JUTFV6bnpBUjZoYmo3TkdGdVN1ZTBwaGJYUGdFYVYxRTJ2ek1VZlBtUncxY0xDanB3d3FkNHNMVmI3MkRrcjNBdUhQYVlVN2ZRR2l3T2FjRHNtaXVMQnF5Nks0c2VoaTd2b3BCeXNaYnQ1d2pqSGEzRlJyemx6N3pjaVZyZ3J2eDJhNmtyekRrVmpwRlhPQXByWXN0akRPZkxZMCsycEJyekl3eGU4RkxHbnZiY2VPemZVN2Z1UlR6SnVHNjU3Mks3RUhNblpOSi9IV1A5VVJHWitHUTU4Q3FDa0xaRHVqRnpPVCtDdnZ6THF4ODNXTHNCa252aVFkZEdPaFNWRzZkTkU1ODZ1VTg5dDdneHNlWGdqM1hLTlhUOTJoUHcxMGF2T3E0OGRuUzZMc1RDeWFIcUJTa3NlY3BOejVCR292eFMrVHFQZVVwRFhaNFp6NUJHdldiK2ZGRDg4cHhUMm5NYnk1OHRqU05oZkQxQzVXelhxY1B2R1M2OFRGcG9SN3I2VlFoOXp4eWFTVTNyNXJvUWJybVROZkFHdXAzODl5Tmhia1RudFl3djd2d0NYUFQ0VGlwbkRqbUtVMjNqaE1udnJyakJCNUNYWmsxcnBvZEFKK2VjRHFza1VGelliQmN3WGFxc2FPR3c5RkFrNUE5ZHlyR3hCUTVHS3FISnhwNG5yTnRaZytqSHF5MngySXNpK1ltekZ0ZU9RbXZuVzU4dGpUNitxbk16MDVXM3J2b0pZMDlrcnJ4Q2RMWWZuSDJXdlg4bUtjMDJDK2MrZXBYa3oxVnV6THoxZXhrUmRYaENlOVRBMTZhM2Zqc2lkQW5UYVZ5L0pTVHp0LzBXSy83VnVhU0k5K2MrckNCVGJPVnNwOENlSE1McXJzZ1pzeVpHMTRUNmVxeUFzYUpUNURXRGRLTWJ3NTVTdXUycERueDhVT0Z2ZW5TUTRYV0N4T05HNkFReit1ajF1bnN3bXBiU0g5elFNdE80NWJuZk5sUEU5ejRCR25NZTZjdU91M1BqS0ZidGVyWGI4OTRxZXRXc1g1MTRHUHFXQmpRQjNxRkZtcGtvbU5IemJPTlc1MFFCdXcxMzV1YlNXN2YzaVRqaGNmUGJ6NHkzbGo4L09vaTQ2WER6MjhmTXQ0Yy9Qd0tJZU10UWNZeTM4L3JmUm5MYno4djJqbWt5VmhOKzNsWkxXTko3T2Uxc1l6bHI0elZxNStYc1RMV3FRaG9DT2d5VnBZeWxvWitYaVBLV04vNWVhRW5ZNUhtNTlXYWpIV1dueGRjTWxaSmZsNHV5VmdNeVZqeHlGaXkrSG50SW1QZDRlY0ZpSXpGZzU5WEVUSldBSDVlQ3NoNGpQdjVlUzdqV2V6bmg3S001eTRDbW94SHBKK2ZsVEllWFg1KzRISEk0dTlNcUFoWUdNdnQ3UGp3ODNORXhnUEF6MDhDR1hkeFA5L09aZHhkL1h4UDVoQ0k3N1JXQlhaTkdUZEdHZmMwUDkvY1pOeVMvSHh2a25GZjhmTU5Sc2Fkd2MrM0NCbHoyOCtUWE1ZOGxqRVIvVHdqWmN3alAwK29sV3NYYi85aC9UM3Z4bDhYZTNCdlpyOEVvTDhYYUEwdUhhWi8va2ovV0NKVjlpMDdRRDYvZTI3cjF0ODlsMDRIVzRjVDVkUm9tZjE1Wk5OLzVjYlAvL1YvNUtBOHZMR1F0bEE5TGFGcmY1T0ppTTJsb1V3cUhTL2tENHdRaG1TeG1FL205dmlVdDZyM1B6RlBIWHM3Ykh6MHdQandxam4xaFhuK2c3OC9HSCtyZXY0Y3c1c3pZOVZ6bnh0amw0M3IzOEtQRTZoNWk5cVcwKy9na21KaFp6NjNjNWZ2elczbFhINjRkMlJYVDNGL3Nwak41alBzNXd1NWZLNTg0SmxJZVg4Wi9vYXpKNVBORllaM2p1eXlxWkZudy9YMGRHNGYvWW5BUzZPWlZHVE5oblE2VGR4QmxQbEs1UVA1akMrMEx6TmF6dTFNNVpWVVBwY3RQRjh1N3Rtd2o0dDdmb1A5QzRyLzJ5ekp5TlppSWIwakR6TjdzanlTSzYzYlIzL2Y4RUlrc2lGTkZpVWdCU1hINWZBM3JNWW0rZ3VIbXNYWVJQdVpaRmxEUDZzZEhQb1h2b0tobFh6bFF1MGpvY0FQWGFiUXozMnZQZHI2RUZzOVZvZFNuZGNtdE9xUmx5WDAxR092UitoZm5WY2g5SXM2RjY3bWJnLzltK0R2YnZxM3hTdWFGeTBQTk5GL2xxMWMyOVNVYnQ3QVhOVFN4ankweXZkRU9sZmFrMDhkZUw1UUxHUTJwUDhYVUlnZDJwdzhBQUE9IiBDb3JyZWxhdGlvbkJpbmRpbmc9IiIgVXJsRW5jb2RlPSJUcnVlIiAvPg0KICAgICAgICA8Rm9ybVBvc3RQYXJhbWV0ZXIgTmFtZT0iX19WSUVXU1RBVEUiIFZhbHVlPSJ7eyRISURERU4xLl9fVklFV1NUQVRFfX0iIFJlY29yZGVkVmFsdWU9IiIgQ29ycmVsYXRpb25CaW5kaW5nPSIiIFVybEVuY29kZT0iVHJ1ZSIgLz4NCiAgICAgICAgPEZvcm1Qb3N0UGFyYW1ldGVyIE5hbWU9Il9fU0NST0xMUE9TSVRJT05YIiBWYWx1ZT0ie3skSElEREVOMS5fX1NDUk9MTFBPU0lUSU9OWH19IiBSZWNvcmRlZFZhbHVlPSIwIiBDb3JyZWxhdGlvbkJpbmRpbmc9IiIgVXJsRW5jb2RlPSJUcnVlIiAvPg0KICAgICAgICA8Rm9ybVBvc3RQYXJhbWV0ZXIgTmFtZT0iX19TQ1JPTExQT1NJVElPTlkiIFZhbHVlPSJ7eyRISURERU4xLl9fU0NST0xMUE9TSVRJT05ZfX0iIFJlY29yZGVkVmFsdWU9IjAiIENvcnJlbGF0aW9uQmluZGluZz0iIiBVcmxFbmNvZGU9IlRydWUiIC8+DQogICAgICAgIDxGb3JtUG9zdFBhcmFtZXRlciBOYW1lPSJfX1ZJRVdTVEFURUVOQ1JZUFRFRCIgVmFsdWU9Int7JEhJRERFTjEuX19WSUVXU1RBVEVFTkNSWVBURUR9fSIgUmVjb3JkZWRWYWx1ZT0iIiBDb3JyZWxhdGlvbkJpbmRpbmc9IiIgVXJsRW5jb2RlPSJUcnVlIiAvPg0KICAgICAgICA8Rm9ybVBvc3RQYXJhbWV0ZXIgTmFtZT0iX19FVkVOVFZBTElEQVRJT04iIFZhbHVlPSJ7eyRISURERU4xLl9fRVZFTlRWQUxJREFUSU9OfX0iIFJlY29yZGVkVmFsdWU9InNCVkFTeUVpeFdxSFJEanFaSEhQWGtIOXNpSHprNXd6emVlSG5pR3NYVGxhMko3RzVYZnNBalBNQVg1OE5rTVZRZjZBTFZ1TVNnSlhnbmJQbm1SRmpma0lLczF0TWJwWDBzV1dibHcvUk9vT0V3M0pXY28xcDhGdmtzR2FlSk16NHgvUVRrdjdQMkNMQ2dvMFdOQ0R6VlhlZ2J2Q2U1ekV2WHI0QWJST3ArNVhvS1BBVUVlOFY5WXN6TXlRLzBlUitMSlNjYWJDd0YxejNJTmxmaGVZOWxMVTM3aGwyY2RTL1dYNnZ2b28zY0hmaFc1R2dGWkk5ZjRMQ3NaWjAwQ2Q2WUYvaFB0eTB5N2kweFlYZTJZbkFnQVVteTBJaFNWeXVFZmMwWTdRTEkvenBVYjVMWmxlUWR4ZmNQNExtYWcwK3pDUHMrenlnSWZZdnFDOXJiRThhVS9OT1Yya0JYcyttSWF6MHhBME10dGdnZUZ0Y2ZXQ3ZTWm5ZeWpucXp0YVVCZDRiVWlmSmd1bFNYdjUrdnZ2QmdqZG9WZjgrcEhYZ0VaaVI5bVNFeGJCVWlNRHpDbllYQ0pHdUZ5bFJZa2lIVGsxV3B6ZjBqbklGak9JcjBtZkUvazcyZkkvU3hmRXNpTmM0UGhjMnV5OXd4c1hQY1FlNFB5R2l2bkUvQlc2NzkySGdiOEpuQnpXZTZPcWpiSVFnWXdvT2JveWFKM3lPYW9aRDNCbENYZWVnNGFaaGhDUFdERDB5bXd6ZWFuSFJpR2NwMTM5VGxhbFZwYmFsVzdydXlvaFg3dDR3aWt0NFZ3ais1MnN0UXNuWDRZV2JacUU5ZUJOY21iOHVRY1hUMjhKUFIvQUM2OEExc1RHamdIemdLYmVLdTc1WVJTOXg5VWpIZFpGNTlBMmwxWXhrcDArRjRGRHpGcWZlMnhrTkhHQkNMTnNRQ09haGl5bzZBMW9qcmk2Um4zR2tGdGY1N1lGcTdpbmREWFkvQ1hScnlVdnlDdnZTTFlmNEFVODQ0WVpvYXZ0TVpIaTBQUDB5M0c2VmJFSENqZ001NURKVmplZ2ROd1dzNk02QU5GaDA5TDQ3NFRYUTh3OU82enJGOXNsbEsvWnFRcGJ3UTNVWXVYZW82Q3dvdy9Iaml6dkc2S01LcTBldUZyYzgwVGh2bEpNd055WmQ5cVd0QS9zTHhaUVNtamlMazRYK2pZVCtMUHp6TXB0VHRpMVJjajQ2aVR0SU1VQXY3eHJWcHhqSTVnNDIzL1BLSWdyaExQTkxlZzNjU0s5RmdCeFUvR2h0WURmN2d4VHQ0dGVVS3RPNHZJMS9MM2NBcHUvZGkwK3F6dGZHSE5yRWdNUkZNb1JVV2JCeHlXNTNqWU9kWXdoT3NmRGNJMjVlTUZndUJKYi9kWEhQUlpqUEdPZ3FEeUFHcmlTdXpldDRuUU0rUEQ5ZERsZTBCcUpJMURHdXpvNWV0MDRkdFZQKzJOd04vWHgwQm44M09EZkJ3KzYwQ2VseWpjeWNyOVFrZ2c5VjZab2VKNDdxejdDK0VWSDI5a3dsYWxjUUtjeFFWeTJpQ1FjYXJyamFOU2xsK1BWWmM0aXBQWTJKTlU1YTA2bVFVSFFzVGVuMGVSTWN2Wmdta3JTSmlIcWpidXJUV0t5aDRSVHdmTitQQ25hcXR5UGpxajJvNXBybnpsL2xZRjJBbkh1V2ZEWmh3U09QRUpBV3RFTDZiR3hUd3F2MUxCKzduYXFIRzVvNVIzTTU3aHVyUmJGbGpjbDRDOHUzN21OVXNSemtVR2duQzQwaXNHeFMvaldyOUM4a0J0enhwWHMxK0pYU2wreWxCSWVQMjVZZ2JqdGx2VmxpV01iU1pFblJKMDk4aVMxT1g5TEZ0T0RSeFBLSWxVdUNVMGJRbDNjOWNTSVM0N2FMOFVDbDZ5dHZka1pMVmZsOHI3MFgrSktrQTFpSGZpYTVYMGdMY1JXUlVWR1FDL0pLc1kzWWYxNENka01KNTBrWlM0R0l2bUxaTHEvQk51alFDQndsV1AyTFhURnF2WHlQblRhQllpbTNpd0gvVzdpUXBMNVBPaXlTS1I3Yy9CKzRCTWZUUm9HZklPUTBtTkphNUhkRVhGbmE0eHl0bS9zb0hzK0Jya2phSmY3SDYwRWY4ZHFYMnlPUW9BUmVkMDRUbUxhVU1DV2dkVjdaSFVzemVnR2lpNG1SQ25WNHRKbkRhdFhnTVM4bEgrV29vbEZFL2M0d0w3VUw3VXdXMWhWL0RKZEFBeUNScGp3NnZ5eEx6OStsRGFjM1N3MWlZRk50QWhEMWxpV3NEVURwaC9kK1RlNVpZdmhGZ0VvRkRDTHBvVkZGL1NLcFRYdkF5dHV2cGw3U0lNeWpxTXVzRkZsWStOWVZMYnErWEhram0rTnZkOE5iTk5wUmxpamNNM1BPQnhkdnZnaWsrM3IxMFlQYzVmemdTYmYvMDh6cEtnTXJUOC9NcStHZUNocWFiNXVQa2xSVVhuU3FTZU90dDhBL0Z1bW5Tc2h1bEpWRyswUFV1ajdzaE9ieENkUnNRRUJQYjhxSWNwYWwxekd2clBxbVpaRXF0Q1JqY0F2RmJsc3BtTXlwLzgwOTdLSTVXRk5iQzZ3dG8ySThnNTJoR3dMNjFweFBNZVJOSHI5bElGUFlMa3BqQ1BCTEZJUEpNUThjU1dLNUIzM1FVZVhEQW13Vmh6SVptdS9MaUVtbXAxQjIzRGF6RGswZ0l6UXRIRUcxVHd1SlFsWWtobEdSWFE5d0FaYTIyUXNOL05kbGN4MnY2dmJLb3p1M1VJa2lBbk5Wd1VMR3NMTXliNmhPMjBUbHlRZHEydVdTQmNHTXcxMGZMeVJHWW5lb1lKclpyM2FnUzVUKzQrblhGcWpTdy9uYTFHSlEvMTZXNmlpU3hqTHhwa2NCQVRCdkVQS2c2Uy94T241VHMxNXRNY3FweCsvQXJsTGsxM0pTaXlHMXVGczdIU3NyR1FMSVNydW00WTJpdWE0enB6N3k3WVRZZXJ0S1JUV0ltVVpXb1BOcXNSSStKUlpaUnBwdDVCaVhWWjZBV2lkYzhmT09CbmQwZGVLMVJyNzY0Vktld00zQ2JXc3hyb2o0aDQyc2htY1FhYXFuT2xhb3pRUXJFOHVOR1R3WXIzbjBGRTRKRm9aYUNXd1UzMUZjdnlXN3YxNlQwc0poM3ZUYnQ1S1NuQTU1ekdIU0dTN2RpNkJKNUs5U3U3bXFUYklUbFU2RTZjWm11cU0wOFhkcEx5bkhUVW5LMXEzZE5id3lway9YUFR1dHkySnZUeFRNYVEwMUdOZ2dOTWNNaTZpbm5TaXpaSzAvYzhjTXdmcW1kaTBZRXFHaXR3Tkw2a2o5RlE5RmU2Um5zSkFxUVQwaTV2NS9tZ1puVWw5QjhWZDkxL2RUc0dtbFpxYno1ZFZScU9SSjRxUERXcmhCVFVjbjMzWUQxeXlGVk9zaHFpYU9IRXhIZkpPTjZTMUpzMExsanZuTWJPSUw4dmd4c21qakNWNE9VZlMzU240Z3FwQXBEYmQ4bC9oQklGQmZ1WXdOeFlPUUVsYVhWYTJhc2cyNGxtUStNUHd3WWpVRlpZK0RGa3hDSE12UUlXWGp1L1kyWkkyTStpT1RBMENCSXFJRDI4bmJBRVZnajlKOWVCbnVneElXZndibjJJR1RuQUYxRVZjK0U4MDUwbm42T2R3MkM3Rjc4bXUvd3czRFhTbWtGUHpCdzJjWFltZVJDRGZlc1UyNTVvcC9Fak45RERNU2Y5Z0JHQWZTa0FML1FmSFYzUEY4Mkh6UmVMSGo1c3gvdnZ3eWl3V0pqRWVjMlIxWmFnN0NYMTQ4VyszMHhEenV6d0lWUHJlT3ozMEZ0aU9DcXdtRTVQR1g5d1pSTkRSazlURnJUVkhqbU8ybHdFS2VEUUtUMDRmUHcwNkV0c3VESnhSQ0c1c1gxQzdlTGpzVEhieklvOG5hTCtWRWdTUWxQd0RkVWlMQXpDcndUbzdrVkMvVHdzejFIdlRISS85TTYySWNWQjUvNmc5QnMvUlhqblM0Rlk2MjJ1akhOSWVVQ3RGNEl4bTcyeGM1Z3gxSkw5UVBzcERUZEtqTnhYMW5TQVdaaWlHdGsveWtETTVSREY5blM5V0x6dXd2YnFrRDR1R3ZrZkRvQU1IYzFwUDdudDNYTnJSSk9vZGNLcmtDMm1BcDFrSDJXcHpjMmk4MytDaFR1TENlcm1GT3hQNW1odStNMWdPcEc3T1RIc0JsL1Y5aGU3NEx1REFXOWtUdHVnSUh2TGIzbVFWTGxsNTZISVdxRDV2bi9aVFFwYmt3RlVWNnZ4YTZwTlJmUUc5ZWhsbzQyM3N1VGkzMC90dFRmZXBJd3VOdnVWckh6OGdJdEZ0Q2pLVnoreGxwSmh6RVhSWmcwdUFuVXA3UU12VFpGV1JVUEczWmVQY3ZCZjBwTVdnYzc2V0RJN1FsQXk5dHVpRGhHRm55M0dUbTFKSWhGYkJST1VYT0FBZHZsK3dDZnZTbkFsNUgweVNaYnI3U1J0V3pGVFF2b0V5VzU0c3RvQXRxbjBKNDMvUWxTSDdpUDFQOFpZMnF5S2RFclBiQVgwVTEvSXA4cVZHTjRLdDRVREZWc2J1eTNNR3BlelJVZXZpci85NVpIYkMvVThSeHJkZVZ0UXpEMGpWZXJhM0JuTXdtTjl1c1J6Q2JJN0dTWTYyL3JBdlU1d0x4bi9sU3hIRnpkUlVXMkxLNWl4QjI2UmdmTUZEcDcyd3JITlM4QzdKU0lNWjQ3ODc1Si96MFBBeGJCWENjeWZHczJaM0JNVjE3UUJxdkdpSWpyYUUzL3VPTjZXc3JZRWQ5anpvVDRTRmlNZmZxcStvUTlpby9zSkEwdHV0ZTJlWDB2aFE0ZnZWakp0MGtzUTlobG9SWXcvcUFpelhRaEJTb0lIVmFCeXRVZXM5bjhDUUtOblhJZEtNMm4rUm5JblFFU0U2Si9QbFp6MVlYajVSOEx4TXlRb0JNRFBVS2orRy9QUEg5dUxCSmoyRXdwcVpzSjVjWGpVUFgzNVNWKzF6cnppTmYzeHdtL3ZvWFQrdWNLVEVsRmRWZEdIOGo1Q1gzMkFJYVZGajVBbU16dVdIUXh1S29SOUZFdGVQZ1JqYzBWcWhOL290bzduVUVSZld6aE1Lejl5RWpsdUpWSmdXYUdtWExBaktQQk5KRUN5NksrL2NKNjVXNmx5bjBEWS9SaWNWNTR4aGVmaVZ0bENGT2tTR1pobTkrQmhEcVIwRmpmYVo2NFBIYzFxRUNkTlRzTkdRcFlFMzFxRTZaUzVWYXMxWjZ0bzdvVHdlQ0FaWmhmSVd0aUhNejN5ZkhUT0djd3oxZDNSSU80NXlsRTdCWnQzWnRJcHJWNUdPaU1jcGFSVTlJRlUxNllra0x6V3UrU3VYNG5ycmhNWHBNWWcwV1FZTVlCeVJ2dUFaSXlQdHJSRXp0Z0RtV2JkdEhsY1BkYlRSeVlFMDlxNFJVTEIrOGFieSt4cFpxRlVjenJoSVNmalZrck5vVWtSMHFDRW9xRHN6WmV1RzBSbUJ6TTh4anE3VGN6c3lvbEkzSGVnNFRHVUt0VldLNWx6OXIwWVlzRFBJZmRPL1c2WGN6OVd0OHNZSGtGandnTE01T2Y1UVkwZkxnZzY3aVZVelpMYmNkN3FOdGxoV3hOKzFsZG9ZdW9US1FLM3hoMW91Mk1HaDlMWnJOenM3RzNzYkUyRnRGdzlESEpFMnVUV3RZcXhjVGtmZXNDbHl6UDBRVTljbXowQTlRdFJvNDdXWnUxV0lYd05xcWx4eEpweld5c2VXblBwOGYrTlVJUHljZ1pUV3JScCtDcHFKeGRBNnB3ZmZwakp3SHhFTzBHVXJXS2NkdFdWY2ZzaGNvaDI0VDRFSnE0REVnLzFrbnNsNFpWK1l4c1VvSXM0YUdtcG4yYUNVUXZRNG9tR09QRHlZQ1VGUjNadWJLVkduYmYrZmZ6aHdrTkdIbGFMa01HWFphSHk4TmVDQUFvc3pSeDhUenpqcGwzVjNFUmVVRVYvSEJvWkF4TWlFeHFSVzhzQkhFVlptUTNzWmYrWThJUnBrM2w0LzdUZkhkOTR4dzJZVG1jRHl5NGphV1djeDJtbTFSSkU2Q0FTaklaQS9kcnFQaTV0Q3BLVkNVUUw0cDZxbGZZU25wUkg2cEhZSG85bS9lRmV2TTY3d2l0ZVdQaHY1VU56bEdYT3NPQTF1Yk91aFNYbkEybDgyOTlzL1A2NDRUM090blozSXFjTmxQdEJQaVBXRkp6Mk9QT0N6K0JJc2VQS2tIU0ZIWHBHcnUwTGpaUUxhSlI4dDZFYUQrWE9KMHFmTGJIckhMTS8rdU44WTBPNWpObDhxOE9BMlRWcXNLL3phRnNSYzBHTlpZQXpRM2p6OXp5bGV5YjQ3Uy9MYlJ3K0lPdFo0ck1lUzRPdFVQdnNHZ3VhVjYyY3l2dmp6c1Jwa1pyb2RZTlo4SzJMMm5LUVFVR0lXcHpsWTI0NzN4a200UVF3YlVpVWN1U0QvUVRrRmRENWNlTml0eEpKc2YzZHVMaGxMelJBQ1Q2Ny9ZSEZhZ0t6QUpJMWVabm9oSHdTWlllZENSeG5pb0lYVEFRZ1hGUTBJNFA3MGoxYXZ2V01wR2ZXV214RT0iIENvcnJlbGF0aW9uQmluZGluZz0iIiBVcmxFbmNvZGU9IlRydWUiIC8+DQogICAgICAgIDxGb3JtUG9zdFBhcmFtZXRlciBOYW1lPSJTY3JlZW5XaWR0aCIgVmFsdWU9Int7JEhJRERFTjEuU2NyZWVuV2lkdGh9fSIgUmVjb3JkZWRWYWx1ZT0iIiBDb3JyZWxhdGlvbkJpbmRpbmc9IiIgVXJsRW5jb2RlPSJUcnVlIiAvPg0KICAgICAgICA8Rm9ybVBvc3RQYXJhbWV0ZXIgTmFtZT0iU2NyZWVuSGVpZ2h0IiBWYWx1ZT0ie3skSElEREVOMS5TY3JlZW5IZWlnaHR9fSIgUmVjb3JkZWRWYWx1ZT0iIiBDb3JyZWxhdGlvbkJpbmRpbmc9IiIgVXJsRW5jb2RlPSJUcnVlIiAvPg0KICAgICAgICA8Rm9ybVBvc3RQYXJhbWV0ZXIgTmFtZT0iYnRuUXVlcnkiIFZhbHVlPSLmn6XoqaIiIFJlY29yZGVkVmFsdWU9IuafpeipoiIgQ29ycmVsYXRpb25CaW5kaW5nPSJ7e0Zvcm1Qb3N0UGFyYW05LmJ0blF1ZXJ5fX0iIFVybEVuY29kZT0iVHJ1ZSIgLz4NCiAgICAgICAgPEZvcm1Qb3N0UGFyYW1ldGVyIE5hbWU9ImRkbE9yZ0FuZEZsb3ciIFZhbHVlPSIiIFJlY29yZGVkVmFsdWU9IiIgQ29ycmVsYXRpb25CaW5kaW5nPSIiIFVybEVuY29kZT0iVHJ1ZSIgLz4NCiAgICAgICAgPEZvcm1Qb3N0UGFyYW1ldGVyIE5hbWU9ImRkbFF1ZXJ5Q29uZGl0aW9ucyIgVmFsdWU9IjAiIFJlY29yZGVkVmFsdWU9IjAiIENvcnJlbGF0aW9uQmluZGluZz0ie3tGb3JtUG9zdFBhcmFtMTEuZGRsUXVlcnlDb25kaXRpb25zfX0iIFVybEVuY29kZT0iVHJ1ZSIgLz4NCiAgICAgICAgPEZvcm1Qb3N0UGFyYW1ldGVyIE5hbWU9InR4dE9URW1wSUQiIFZhbHVlPSIxMDIwOTkiIFJlY29yZGVkVmFsdWU9IjEwMjA5OSIgQ29ycmVsYXRpb25CaW5kaW5nPSJ7e0Zvcm1Qb3N0UGFyYW0xMC50eHRPVEVtcElEfX0iIFVybEVuY29kZT0iVHJ1ZSIgLz4NCiAgICAgICAgPEZvcm1Qb3N0UGFyYW1ldGVyIE5hbWU9InR4dE9URW1wTmFtZSIgVmFsdWU9IiIgUmVjb3JkZWRWYWx1ZT0iIiBDb3JyZWxhdGlvbkJpbmRpbmc9IiIgVXJsRW5jb2RlPSJUcnVlIiAvPg0KICAgICAgICA8Rm9ybVBvc3RQYXJhbWV0ZXIgTmFtZT0idHh0T1RGb3JtTk8iIFZhbHVlPSIiIFJlY29yZGVkVmFsdWU9IiIgQ29ycmVsYXRpb25CaW5kaW5nPSIiIFVybEVuY29kZT0iVHJ1ZSIgLz4NCiAgICAgICAgPEZvcm1Qb3N0UGFyYW1ldGVyIE5hbWU9ImRkbE9UU3RhdHVzIiBWYWx1ZT0iMCIgUmVjb3JkZWRWYWx1ZT0iMCIgQ29ycmVsYXRpb25CaW5kaW5nPSJ7e0Zvcm1Qb3N0UGFyYW0xMi5kZGxPVFN0YXR1c319IiBVcmxFbmNvZGU9IlRydWUiIC8+DQogICAgICAgIDxGb3JtUG9zdFBhcmFtZXRlciBOYW1lPSJ0eHRPVERhdGVCZWdpbiR0eHREYXRlIiBWYWx1ZT0iIiBSZWNvcmRlZFZhbHVlPSIiIENvcnJlbGF0aW9uQmluZGluZz0iIiBVcmxFbmNvZGU9IlRydWUiIC8+DQogICAgICAgIDxGb3JtUG9zdFBhcmFtZXRlciBOYW1lPSJ0eHRPVERhdGVFbmQkdHh0RGF0ZSIgVmFsdWU9IiIgUmVjb3JkZWRWYWx1ZT0iIiBDb3JyZWxhdGlvbkJpbmRpbmc9IiIgVXJsRW5jb2RlPSJUcnVlIiAvPg0KICAgICAgICA8Rm9ybVBvc3RQYXJhbWV0ZXIgTmFtZT0idWNNb2RhbFBvcHVwMSRDbGllbnRXaWR0aCIgVmFsdWU9Int7JEhJRERFTjEudWNNb2RhbFBvcHVwMSRDbGllbnRXaWR0aH19IiBSZWNvcmRlZFZhbHVlPSIwIiBDb3JyZWxhdGlvbkJpbmRpbmc9IiIgVXJsRW5jb2RlPSJUcnVlIiAvPg0KICAgICAgICA8Rm9ybVBvc3RQYXJhbWV0ZXIgTmFtZT0idWNNb2RhbFBvcHVwMSRDbGllbnRIZWlnaHQiIFZhbHVlPSJ7eyRISURERU4xLnVjTW9kYWxQb3B1cDEkQ2xpZW50SGVpZ2h0fX0iIFJlY29yZGVkVmFsdWU9IjAiIENvcnJlbGF0aW9uQmluZGluZz0iIiBVcmxFbmNvZGU9IlRydWUiIC8+DQogICAgICA8L0Zvcm1Qb3N0SHR0cEJvZHk+DQogICAgPC9SZXF1ZXN0Pg0KICAgIDxSZXF1ZXN0IE1ldGhvZD0iUE9TVCIgR3VpZD0iYWE1N2VjMjQtYzNmYy00M2M5LTliNTMtZDA0Nzc5YzM5NDgxIiBWZXJzaW9uPSIxLjEiIFVybD0iaHR0cDovLzEwLjExLjM2LjExNDo4MDA3L092ZXJUaW1lL092ZXJ0aW1lUHJlT3JkZXIuYXNweCIgVGhpbmtUaW1lPSI1OSIgVGltZW91dD0iMzAwIiBQYXJzZURlcGVuZGVudFJlcXVlc3RzPSJUcnVlIiBGb2xsb3dSZWRpcmVjdHM9IlRydWUiIFJlY29yZFJlc3VsdD0iVHJ1ZSIgQ2FjaGU9IkZhbHNlIiBSZXNwb25zZVRpbWVHb2FsPSIwIiBFbmNvZGluZz0idXRmLTgiIEV4cGVjdGVkSHR0cFN0YXR1c0NvZGU9IjAiIEV4cGVjdGVkUmVzcG9uc2VVcmw9IiIgUmVwb3J0aW5nTmFtZT0iIiBJZ25vcmVIdHRwU3RhdHVzQ29kZT0iRmFsc2UiPg0KICAgICAgPEV4dHJhY3Rpb25SdWxlcz4NCiAgICAgICAgPEV4dHJhY3Rpb25SdWxlIENsYXNzbmFtZT0iTWljcm9zb2Z0LlZpc3VhbFN0dWRpby5UZXN0VG9vbHMuV2ViVGVzdGluZy5SdWxlcy5FeHRyYWN0SGlkZGVuRmllbGRzLCBNaWNyb3NvZnQuVmlzdWFsU3R1ZGlvLlF1YWxpdHlUb29scy5XZWJUZXN0RnJhbWV3b3JrLCBWZXJzaW9uPTEwLjAuMC4wLCBDdWx0dXJlPW5ldXRyYWwsIFB1YmxpY0tleVRva2VuPWIwM2Y1ZjdmMTFkNTBhM2EiIFZhcmlhYmxlTmFtZT0iMSIgRGlzcGxheU5hbWU9IuaTt+WPlumaseiXj+ashOS9jSIgRGVzY3JpcHRpb249IuaTt+WPluWbnuaHieS4reeahOaJgOaciemaseiXj+ashOS9je+8jOS4puWwh+Wug+WAkeaUvuWcqOa4rOippuWFp+WuueS4reOAgiI+DQogICAgICAgICAgPFJ1bGVQYXJhbWV0ZXJzPg0KICAgICAgICAgICAgPFJ1bGVQYXJhbWV0ZXIgTmFtZT0iUmVxdWlyZWQiIFZhbHVlPSJUcnVlIiAvPg0KICAgICAgICAgICAgPFJ1bGVQYXJhbWV0ZXIgTmFtZT0iSHRtbERlY29kZSIgVmFsdWU9IlRydWUiIC8+DQogICAgICAgICAgPC9SdWxlUGFyYW1ldGVycz4NCiAgICAgICAgPC9FeHRyYWN0aW9uUnVsZT4NCiAgICAgIDwvRXh0cmFjdGlvblJ1bGVzPg0KICAgICAgPENvcnJlbGF0aW9uRXh0cmFjdGlvblJ1bGVzPg0KICAgICAgICA8RXh0cmFjdGlvblJ1bGUgQ2xhc3NuYW1lPSJNaWNyb3NvZnQuVmlzdWFsU3R1ZGlvLlRlc3RUb29scy5XZWJUZXN0aW5nLlJ1bGVzLkV4dHJhY3RGb3JtRmllbGQsIE1pY3Jvc29mdC5WaXN1YWxTdHVkaW8uUXVhbGl0eVRvb2xzLldlYlRlc3RGcmFtZXdvcmssIFZlcnNpb249MTAuMC4wLjAsIEN1bHR1cmU9bmV1dHJhbCwgUHVibGljS2V5VG9rZW49YjAzZjVmN2YxMWQ1MGEzYSIgVmFyaWFibGVOYW1lPSJGb3JtUG9zdFBhcmFtMS5idG5BY3Rpb25YIiBEaXNwbGF5TmFtZT0iIiBEZXNjcmlwdGlvbj0iIj4NCiAgICAgICAgICA8UnVsZVBhcmFtZXRlcnM+DQogICAgICAgICAgICA8UnVsZVBhcmFtZXRlciBOYW1lPSJOYW1lIiBWYWx1ZT0iYnRuQWN0aW9uWCIgLz4NCiAgICAgICAgICAgIDxSdWxlUGFyYW1ldGVyIE5hbWU9Ikh0bWxEZWNvZGUiIFZhbHVlPSJUcnVlIiAvPg0KICAgICAgICAgICAgPFJ1bGVQYXJhbWV0ZXIgTmFtZT0iUmVxdWlyZWQiIFZhbHVlPSJGYWxzZSIgLz4NCiAgICAgICAgICAgIDxSdWxlUGFyYW1ldGVyIE5hbWU9IkluZGV4IiBWYWx1ZT0iMCIgLz4NCiAgICAgICAgICA8L1J1bGVQYXJhbWV0ZXJzPg0KICAgICAgICA8L0V4dHJhY3Rpb25SdWxlPg0KICAgICAgICA8RXh0cmFjdGlvblJ1bGUgQ2xhc3NuYW1lPSJNaWNyb3NvZnQuVmlzdWFsU3R1ZGlvLlRlc3RUb29scy5XZWJUZXN0aW5nLlJ1bGVzLkV4dHJhY3RGb3JtRmllbGQsIE1pY3Jvc29mdC5WaXN1YWxTdHVkaW8uUXVhbGl0eVRvb2xzLldlYlRlc3RGcmFtZXdvcmssIFZlcnNpb249MTAuMC4wLjAsIEN1bHR1cmU9bmV1dHJhbCwgUHVibGljS2V5VG9rZW49YjAzZjVmN2YxMWQ1MGEzYSIgVmFyaWFibGVOYW1lPSJGb3JtUG9zdFBhcmFtMi50eHRPVEVtcElEIiBEaXNwbGF5TmFtZT0iIiBEZXNjcmlwdGlvbj0iIj4NCiAgICAgICAgICA8UnVsZVBhcmFtZXRlcnM+DQogICAgICAgICAgICA8UnVsZVBhcmFtZXRlciBOYW1lPSJOYW1lIiBWYWx1ZT0idHh0T1RFbXBJRCIgLz4NCiAgICAgICAgICAgIDxSdWxlUGFyYW1ldGVyIE5hbWU9Ikh0bWxEZWNvZGUiIFZhbHVlPSJUcnVlIiAvPg0KICAgICAgICAgICAgPFJ1bGVQYXJhbWV0ZXIgTmFtZT0iUmVxdWlyZWQiIFZhbHVlPSJGYWxzZSIgLz4NCiAgICAgICAgICAgIDxSdWxlUGFyYW1ldGVyIE5hbWU9IkluZGV4IiBWYWx1ZT0iMCIgLz4NCiAgICAgICAgICA8L1J1bGVQYXJhbWV0ZXJzPg0KICAgICAgICA8L0V4dHJhY3Rpb25SdWxlPg0KICAgICAgICA8RXh0cmFjdGlvblJ1bGUgQ2xhc3NuYW1lPSJNaWNyb3NvZnQuVmlzdWFsU3R1ZGlvLlRlc3RUb29scy5XZWJUZXN0aW5nLlJ1bGVzLkV4dHJhY3RUZXh0LCBNaWNyb3NvZnQuVmlzdWFsU3R1ZGlvLlF1YWxpdHlUb29scy5XZWJUZXN0RnJhbWV3b3JrLCBWZXJzaW9uPTEwLjAuMC4wLCBDdWx0dXJlPW5ldXRyYWwsIFB1YmxpY0tleVRva2VuPWIwM2Y1ZjdmMTFkNTBhM2EiIFZhcmlhYmxlTmFtZT0iRm9ybVBvc3RQYXJhbTMuZGRsUXVlcnlDb25kaXRpb25zIiBEaXNwbGF5TmFtZT0iIiBEZXNjcmlwdGlvbj0iIj4NCiAgICAgICAgICA8UnVsZVBhcmFtZXRlcnM+DQogICAgICAgICAgICA8UnVsZVBhcmFtZXRlciBOYW1lPSJTdGFydHNXaXRoIiBWYWx1ZT0icyZxdW90OzpbJnF1b3Q7IiAvPg0KICAgICAgICAgICAgPFJ1bGVQYXJhbWV0ZXIgTmFtZT0iRW5kc1dpdGgiIFZhbHVlPSImcXVvdDssJnF1b3Q7MSZxdW90OyIgLz4NCiAgICAgICAgICAgIDxSdWxlUGFyYW1ldGVyIE5hbWU9IkluZGV4IiBWYWx1ZT0iMCIgLz4NCiAgICAgICAgICAgIDxSdWxlUGFyYW1ldGVyIE5hbWU9Iklnbm9yZUNhc2UiIFZhbHVlPSJGYWxzZSIgLz4NCiAgICAgICAgICAgIDxSdWxlUGFyYW1ldGVyIE5hbWU9IlVzZVJlZ3VsYXJFeHByZXNzaW9uIiBWYWx1ZT0iRmFsc2UiIC8+DQogICAgICAgICAgICA8UnVsZVBhcmFtZXRlciBOYW1lPSJIdG1sRGVjb2RlIiBWYWx1ZT0iVHJ1ZSIgLz4NCiAgICAgICAgICAgIDxSdWxlUGFyYW1ldGVyIE5hbWU9IlJlcXVpcmVkIiBWYWx1ZT0iRmFsc2UiIC8+DQogICAgICAgICAgPC9SdWxlUGFyYW1ldGVycz4NCiAgICAgICAgPC9FeHRyYWN0aW9uUnVsZT4NCiAgICAgICAgPEV4dHJhY3Rpb25SdWxlIENsYXNzbmFtZT0iTWljcm9zb2Z0LlZpc3VhbFN0dWRpby5UZXN0VG9vbHMuV2ViVGVzdGluZy5SdWxlcy5FeHRyYWN0VGV4dCwgTWljcm9zb2Z0LlZpc3VhbFN0dWRpby5RdWFsaXR5VG9vbHMuV2ViVGVzdEZyYW1ld29yaywgVmVyc2lvbj0xMC4wLjAuMCwgQ3VsdHVyZT1uZXV0cmFsLCBQdWJsaWNLZXlUb2tlbj1iMDNmNWY3ZjExZDUwYTNhIiBWYXJpYWJsZU5hbWU9IkZvcm1Qb3N0UGFyYW00LmRkbE9UU3RhdHVzIiBEaXNwbGF5TmFtZT0iIiBEZXNjcmlwdGlvbj0iIj4NCiAgICAgICAgICA8UnVsZVBhcmFtZXRlcnM+DQogICAgICAgICAgICA8UnVsZVBhcmFtZXRlciBOYW1lPSJTdGFydHNXaXRoIiBWYWx1ZT0iJnF1b3Q7MSZxdW90OywmcXVvdDsiIC8+DQogICAgICAgICAgICA8UnVsZVBhcmFtZXRlciBOYW1lPSJFbmRzV2l0aCIgVmFsdWU9IiZxdW90OywmcXVvdDszJnF1b3Q7IiAvPg0KICAgICAgICAgICAgPFJ1bGVQYXJhbWV0ZXIgTmFtZT0iSW5kZXgiIFZhbHVlPSIwIiAvPg0KICAgICAgICAgICAgPFJ1bGVQYXJhbWV0ZXIgTmFtZT0iSWdub3JlQ2FzZSIgVmFsdWU9IkZhbHNlIiAvPg0KICAgICAgICAgICAgPFJ1bGVQYXJhbWV0ZXIgTmFtZT0iVXNlUmVndWxhckV4cHJlc3Npb24iIFZhbHVlPSJGYWxzZSIgLz4NCiAgICAgICAgICAgIDxSdWxlUGFyYW1ldGVyIE5hbWU9Ikh0bWxEZWNvZGUiIFZhbHVlPSJUcnVlIiAvPg0KICAgICAgICAgICAgPFJ1bGVQYXJhbWV0ZXIgTmFtZT0iUmVxdWlyZWQiIFZhbHVlPSJGYWxzZSIgLz4NCiAgICAgICAgICA8L1J1bGVQYXJhbWV0ZXJzPg0KICAgICAgICA8L0V4dHJhY3Rpb25SdWxlPg0KICAgICAgPC9Db3JyZWxhdGlvbkV4dHJhY3Rpb25SdWxlcz4NCiAgICAgIDxGb3JtUG9zdEh0dHBCb2R5Pg0KICAgICAgICA8Rm9ybVBvc3RQYXJhbWV0ZXIgTmFtZT0iVG9vbGtpdFNjcmlwdE1hbmFnZXIxX0hpZGRlbkZpZWxkIiBWYWx1ZT0iOztBamF4Q29udHJvbFRvb2xraXQsIFZlcnNpb249NC4xLjcuNjA3LCBDdWx0dXJlPW5ldXRyYWwsIFB1YmxpY0tleVRva2VuPTI4ZjAxYjBlODRiNmQ1M2U6emgtSGFudDo3Yjk1ZWQxYS02YTNmLTQxZGQtYmM1Yi02M2YzOWVkYmM0YjQ6ZGUxZmVhYjI6ZmNmMGU5OTM6ZjJjOGU3MDg6NzIwYTUyYmY6ZjljZWM5YmM6NTg5ZWFhMzA6Njk4MTI5Y2Y6ZmI5YjRjNTc6Y2NiOTZjZjk6YTY3YzI3MDA6ODYxM2FlYTc6MzIwMmE1YTI6YWIwOWUzZmU6ODcxMDRiN2M6YmU2ZmIyOTgiIFJlY29yZGVkVmFsdWU9Ijs7QWpheENvbnRyb2xUb29sa2l0LCBWZXJzaW9uPTQuMS43LjYwNywgQ3VsdHVyZT1uZXV0cmFsLCBQdWJsaWNLZXlUb2tlbj0yOGYwMWIwZTg0YjZkNTNlOnpoLUhhbnQ6N2I5NWVkMWEtNmEzZi00MWRkLWJjNWItNjNmMzllZGJjNGI0OmRlMWZlYWIyOmZjZjBlOTkzOmYyYzhlNzA4OjcyMGE1MmJmOmY5Y2VjOWJjOjU4OWVhYTMwOjY5ODEyOWNmOmZiOWI0YzU3OmNjYjk2Y2Y5OmE2N2MyNzAwOjg2MTNhZWE3OjMyMDJhNWEyOmFiMDllM2ZlOjg3MTA0YjdjOmJlNmZiMjk4IiBDb3JyZWxhdGlvbkJpbmRpbmc9IiIgVXJsRW5jb2RlPSJUcnVlIiAvPg0KICAgICAgICA8Rm9ybVBvc3RQYXJhbWV0ZXIgTmFtZT0iX19FVkVOVFRBUkdFVCIgVmFsdWU9Int7JEhJRERFTjEuX19FVkVOVFRBUkdFVH19IiBSZWNvcmRlZFZhbHVlPSIiIENvcnJlbGF0aW9uQmluZGluZz0iIiBVcmxFbmNvZGU9IlRydWUiIC8+DQogICAgICAgIDxGb3JtUG9zdFBhcmFtZXRlciBOYW1lPSJfX0VWRU5UQVJHVU1FTlQiIFZhbHVlPSJ7eyRISURERU4xLl9fRVZFTlRBUkdVTUVOVH19IiBSZWNvcmRlZFZhbHVlPSIiIENvcnJlbGF0aW9uQmluZGluZz0iIiBVcmxFbmNvZGU9IlRydWUiIC8+DQogICAgICAgIDxGb3JtUG9zdFBhcmFtZXRlciBOYW1lPSJfX0xBU1RGT0NVUyIgVmFsdWU9Int7JEhJRERFTjEuX19MQVNURk9DVVN9fSIgUmVjb3JkZWRWYWx1ZT0iIiBDb3JyZWxhdGlvbkJpbmRpbmc9IiIgVXJsRW5jb2RlPSJUcnVlIiAvPg0KICAgICAgICA8Rm9ybVBvc3RQYXJhbWV0ZXIgTmFtZT0iX19WU1RBVEUiIFZhbHVlPSJ7eyRISURERU4xLl9fVlNUQVRFfX0iIFJlY29yZGVkVmFsdWU9IkFSK0xDQUFBQUFBQUJBRHRQRjEzRTBlV3hsaE55eEFNR2F3a0V5SXIyY3c0SEpEcHJwWmtDNFk1SnpZa1FBS3lMUlB5TVRrK3N0V3h0UWlKdGVRRTlvRUR5UkErVGNoaXZnTDVJQ0VKaENGQVNJZ0RCUFlmN0Q3TXd6N251R1hwYVg3QVB1eFdkWFY5dEZUZGtvMHo4QkJ6c012MzNxcjdVZmZldW4xYnJ2K2IwL1I0dmNmZjM5K1Z6ZVJIc3VsY3IvNXZvNmtSdlR1YnkzY21CcmU5cE8vcTcvYzk2bWtlZW50VElwVjVkakNmVnRSbnU0YjF3VzNQcDlNZUh3Y09QVHM0dksxck9Kdk42VFo0MkFFZWNZQzNPOEE3SE9CUk1WeFZIT0NxQXh3NHdCMzBVaDNrVngza0JBN3lBSWQxZ05NNkR2cHEvUG9TaGpmOWFYbmRncmxTYzZNYzYrdktidCt4WWUyOFdOODY5Rk9LOWExTjVIWDRveSsxWFY4UTY0dm5FL25SM09iRWRuMCtoR1h6aVRSQ1FQSytuWmtOYTJWQ0FBY3ZaRWUyYjQ0MXZwRE92dE9WeU9sd3pTWEw2NTZDL3hzOVVyeDdmZWRMcWtkU0ZhQkVvNTVtb0tqdEs1WHdTbFhkellhZStVQlpwU2dRc2twVFBKSng0SnZTbVF2UExYc2p2aXVYMTdlM3JkVUhVOXNUNlJXQjdibkI3RWc2TmJBaThJbytra3RsTTJ0Q2JRcjZ0eUxRTlpyT2o0N29hekw2YUg0RTBYYVBEcVJUZzlCYis3TGI5TXlhZ2ZiMlJIZ3dIRkdqV2toWE9xSnpsYmF3eDRlbHc3SWhjWlF3L0VYMXpBbDdGbG0vS29xRjFzdjFVZHMxNEtpUDJvNzBnZCsxQ05WbmVRTmtHbUZNMFFKT1RJRURVOTZJb1pVZ3RKc05JVk4xbFFwMm8rL3RIcW53MllTeC8zM01WQlZvR2dJaFJmUE0wU3ltNkZlTHFXY2hnYlFwOEF0TVN3WWx1Z3FhQW4wUDF5WURzTXVnQ21WUTNXVlFvN3Zaa0hNbUZUcFRhYy9lcVdzL1l4bUFTQVkxaW93UGlBeDRBM2daMUhZa2c2cFVrYUdEeWRBQlpRQ21EQnI4enN1Z3RpbENHVHFRSFhnWlFpSVpsT2owWk1CMlVHdVdvY3dPbWxDR2ppb3l0RE1aMnFGUFJrMFpRSmtNUUJoOWlHbVpES3BJQmhDcUlrT0V5UkFwMjR2Q1I1ZU5LNmZkN0JCQk1xaWNETFVGSXd3OU5vU0IwSUdDRVg0SFNnMkJvQUxFbEFZQytyVk1jVkE5R0xXVmdCZ2ZEYWZwQUJxb01INUVHQWl1d1FoV3FpUWh3R0VZeXFEQ25MNWJDWmt5R0IrY0xOdzhnR1NJQ0dVQWFnakpFT1ZrNkJESzRPcUU3akl3QjNDV0FkZ2RJRnFEQXdCMkJBRHpDRkNpblBHcDRnMnEyUG9BbndIVk5YZE5BZTVDVU0zZGhKaVo2Z3JqcXRDZ0wxTWRCcjJZcVZLVDVzQTFBYnZMd1BiY1dZWVpLYTUwN0daREx0dHBOc1UxTVZPbG96YkZxd1NjbXd4TWNXY1pacVo0aERHRktWYnQ0SGVjMWp2aU5BK1VDRi92Y0lyL3lreUJuV21ObW9ZWjAzQjVXQk9tamhHbGhHZW82djF5blptdUxHOHFJY0lWbWhrVmM4eWRPOW8wSWRQYWNqZHdQY1BjWldEdTdDekR6TnhaWTB3MTZsbWdMSUZwRHA2bDFhYTRObk1aK0RoMmttRm1pZ1BHRkV5YktTZ3ZsV3BreWc0cFJTMkw0NnFwV2xHZG1NcjFjNUpObmtiNGlBY1Bza2c0RkdyeStmelNXbjFIZnNOYXozOTVXbnZENFlpaXRLNUFnekFaaE1oQUl3TkFCaW9aS05ZZ1JHaENoQ1pFYUVLRVJpTW9qYUEwZ2dLRUtTQk1BVmtRa0ZtQXpBSmtsa3BvVkVLakVwU0NCL0Q3UzRBTVZESWdLRzBMR2ZScFpBRElRQ1VEUWhNbk5IRkNFeWMwY1VMVFMxQzlCTlZMVUQwUk1naVRRWWdNeU1vOVpIb1BtZDVEcG5lVDZkMWtlamVaM2sybWQ1UHAzV1I2TjVrZUl6UXhRaE1qcU0wRXRabWdOcFBwbXdsTnhYWXJGVHVvdUd5QndPRFVxdFIwU29YS1NvV29aZktJV01DQi85SFl5QkRxdWJ5Y3l1WGhNSkdCWHY2L2NtdFg1M284b1N1MkVRODZlNVdORzFVOGdLV3piYWdTUExDQWlrYnhhRWpHSVdValA2UmpzSkVma3RWaWRBbUdWeGplSEJPR1FLVWtjTWhCTlR4VUdZRnFFWFRGNGxTeitEbzZ1ejNPRCtrY0pjNFA2WmhTeDE4azB6UkthZzRKcVVwSnpTRVp0NGZpL0pDc3RwNHFHYWFycVlwdHlJOEJrUWN3TVFFbnBoYm5oL3pZbWhuZlJJQmhKbWVZa3hPTkNaY09sWktnSVpHNWgyNGlaUmZ2cFRvenlWUmVza2ljR3hJR1dnZUZvaUVaUjVpdElweXR0bEJiMGNYTUlhRlYyR29LdDVyS2pLSnlSZ2t4NmhCSEhXWU9FT1oydFoxWnE1MnpWcFJaS01wWmFDdmRNelhPRDZuSGhlTDhrSzRjamZORHN0cXJsQVhUSk1vMGliL0dRakRPRCtrMk1WY1BjYkozTUo5K25VNWpnaWtoenZXWXdkVUlCK1ppaUxFT01ROW9aOE1PeFRaVVcvMEwrN3NUUS9xR0hHb0l2NXdkR3ZZM1c0Q2VVWDFrVnp3L2tzb01tWEFKOTU1SmhlQi8ycUo3ZmpTZmZYN0hqdlN1ZGRzSDlDU0NkZVZ5WGVsRUxqZmtiN1ZvVUJzN0QvL0hCMGV5NlhSM05wZktwN0taV0lhOG9CanlOK0lqSCtWR3o5OGJ5bzNMYnlzZkJKWVNGWnRsOHc0dTBIbEh0c1dZTGZZVXUzdUtZb09MWlh1TTg4RldsbzVFN3M4SEp4Y3R2SWZ3U2RxV3g3bDB4eWRQM3BmNTQ4THVNMXdZY0JuTmx1bTRvTGE1SWUvVS9ISERIUmJVbFdsVTBQQ2hVVWtUQ2MxYU5LWFI5RWdUTTgzMzlPaWc1eFU5QnZGNVNjOFplcFJhaDZ0L1BuZjJlcjU0TEtlbjljRjhZTzJHZU4rR3pWMTlnY0ZFVGc4RTNobldNNEZZU0duYnNzTTZud09wWENDVHpRY3lvK2wwSUYrSjF0TndYbXRyUU04a0E0a2NRbExjaWxRT3pYb09UU0NnMXRabEZobUI4SXcxZDhhYUcyTk53RmlyWkt3SkdRTjN4c0NOTVJBd0JwV01nWkN4NnM1WXJXRDhuRGtiVDNhZCs1eTF3NHprclpIczlvQyt2bmRUZkcxbi80YSszclZ0YnlRSHNtKzJ2V0VTcFA0OWdiSVNjcEUzMGZvamVzQ2F1SVpudE13VUE2dS9qTnBBNVd6QXFZZEVkRmF1UWpkaVBkVnVQY2JFZ1lXYkJkMTJybkxqT0lISnhrR1FDNUZBWklFUENQeFJIQnZvQ3pGZG0zMG5VODdWVkpvenFLayswOVFjWVExL0dSLy9aWHhQYTJBNW8xN2VHbXlsdjZJM3BNZ0lBdWt4bmNvUkN2VEJSRUJFcEpVUmFTS2lVQmxSaUNjU1djRVVlQnJ1R3d1azliZnlnWC9OcGpLMXpnZ3BnU3p5SmloTGJ6YXRkMldUK3ByV2tOSWFTRUJuNFNRT3JJblI0YlNaYUJZVGpXZWlFU2JhN0RBQkZoUEFNd0dFQ1pnZEpxckZST1dacUlTSk9qdE1MQjQ4QzZYVlpDQmMzMHBhTE9QQUpQamJzK1Z2ejVhL1BWdis5bXpKVi9LQ292N1hlTFpjQnV1bnBENFNHTmpGbDd0Y0FjcVZoRnh0UTh1TmdIOGVISm5sK3MwR1d5K05kVXlCcmZGbWE4V3haaUZ0SDlKZUkyM2cwYVlqYlZYU0poK1p6cHFYbElZMk9HbkxrL1pRYWJPUVRHZXRVOXBNcGUxVjJuQWwwMm12a2JWcGFVK1hOaVlKaXJWN2FaTVkwVVRoMTg2ZEJFS0lXZitZRUc4aHhORm9LOWV6NUJxbHJIdGQyZk1PbGJkWFdSZWNFb2ZMZTdHc3YwNmI4YlJ4Uzd2eUZGWFIzR1hkZmRydnB6VDBuUUI5UzREZUcvaWJTQWRDenlmNkVrTzVJVjk5L2R5bXBHOEovTjdrcS9jMzk3K2NHaHJPZDJaM2RvN29pVzNyTW9tQnRKNGNUdnJxMzRKVURmVnpUS3A1cjZSeUtZZ1lUaWJyUFNha29VL2ZtZmM4WGp4ell1clkrNU1UVi81eDUwang4dUdwaTJQRzNYMi83UGtLMHYwQjBiVTg0bGxRdURaUnZINnNkR2hQOGZ3UkNGOW13WnNtYjkweURwMHQzdGhmdUhVTXJnTlJRWUlxbnZ5bXRPOXZVMTk5WUJ5NE5QWDFoeEMxc3NrU0NZbS9LSm4welhrcldhOFNvSVNBVFQ3WnYzQnRJcDk0SlpFZTFWOUk2ZW1rcHdFVkRmNUhFQlFKaklFeUFxS0swaisvLzJtRTZzeU9acEpEL25sVSswWE5EWXVEOEF1cVZObzdVVGkrSC8yeUNJZFpFRXBjdkhnSVN1ekRJUmtzM0RneGVmdENhZThQeHQxdkVCaTdVckJ3ODBEeHU5dWwvUjhXUHhtRDRPYUdPZ212SU9GNUVxWmJzbnh1d3hEOE1qWHltR3EwTE1TQ3R6UXhXVnNXRGJVc1JwSXRybEV5bUFpQ1V6ZHVULzF3ZldyL3AxUGZuaSs5ZDlHSFk5K2lNNzQ5V0RqNk5RUXZ4WEVmTEh4NXhUaDhCczh4RHJ4ZitPUVlRZllvd2NsYkZ3cW5qMk5rOGVLVjRzVURCTmxMK0JRK3VWbjQrbkFSN3RxaDl5RHlDUnkxRnJKMDh2RFVtVHVURTNzSXBxOE1jK3NJa1hDTEVqUytIamN1bklSU1ErK3l3TFZiMm9kREdJRWh6RGp4dm5GOEwxb0VCNnNGeHNwaXNNYkFrM2YyWXVsOU9EWXRNRE1oRGtleTl0VkxoVSsvaE9EbXhmem1RdE5MMk5RU05xMkVqU2hoYzBuWU1CSzJnb1JWdGp1RmhGV1FzTWdTRmxIQ0lrbFlCT2czaTRmS3Ywd25tbGZkaWY1OG4wNjBXU1ZnYzR0Z2pHSXdDRTdkL0s3NDQ5VXlzQmFjL1BrY3RMZ2RYT21KR0F3WTJOaDNrVkpybG9PV1RwMmJ2UGN1QkZmMzIyNDFhRnc1WFJpL3l5UHBUQkEwamx3MTloMFJJaUczOGF1VHQwK1hJWi9CNTE4UU81c3g4YTd4MmZmQytlRmc4YnZ6eHRVamsvZk9GeStlc294RmtKRmc2Zk9McFkrK2dWb2prOWlRVHJIbXc2ZHFFUEtCaVpUT3dXQVFMSjFGQVZBNE40Wk1RWmJTZ3NYOTN4aUhMdkVMVW1Rb2FOejlBWHF3dFNsMlpEaG8vSFREK09DYXRhQ2RXeVJZK09GSEZKKzJPVTU1QUNQVllHSC93YW54aXp3Sm5Qa0VQdVBSamhkT25qRnVYYlpqaE9uRGg2dUFZR25QUjlEVk1JYklGaWVXS0FOclFTc1BFTEJ6RGxxSzZ3YmtPZEEvZUR6UnRBL1luS01NcVZtbUswTk9MN1doYUlSVkhnSkRHSnh1QW9BSndEczh2ZVMzRkZjekpQbGg2Y2MvaDBna042NXdTQXFFSHZ2ZEJFVTZwMDFVOFZqQlZ6aDYwYmo5aFVXTitFQVhMUjM2MFFaR0hQQ1dGZStNRzllT1dtQ1kwc3k5dVhYS1JoMUcxR2R2Rnk5ZHgwdGhzQ2hUTDhWMUZSSHd4UGZHc1FNc0dIR3RaU0ZSU0I0K2d6MFRMeWpLOFV0eE5VWk0rTzNuaFFNM1dXRGhDbzBneDlDQ05pUXpwREZ4ZzBjNkhCMUxjVjFIeEQ5NkFOcmZ5Z3ZtZ21GUUpvb3hOZzd0WlNFWk4rd1l0cG1oOG1YSDcwMWRPV2todzJWSUxKQ0ZqRkJrYWM5ZDQ5Mi8wY1RkL0dmUlFiZFp4VDhBL3FIeHAxOE1BMk1hZnhaMjR3bmRHTmR0NFVMNFJ4ai9pUENuWmcrZTBJTW45T0FKUFhoQ0Q1N1FFK0hQMTE0OG9SZndwMjBjQStNV1VPT1A0RDZNNjhPNFBxM3NYTWJ4S09Fb3JEaWxVV3hKT0lyWW1ZM2lROEx4SUdIL2w3Qy9TOWkvMmJHdVlVb044SWQ4Q0FOREZsQ2pKNytFUFViQ3ZpRmhMNUR3Zmt0NFp5VzhoN0JHK0hORmpUQ3RMN09nMEVpZExWdDFOcXd0R3Rrakxhd3dIckYxYW1tWlVWOVpadmh3UDg1TWJERG1KbjZlK3ZnTG1BeWE2K3NraklFeTE1ZFh3NDNzb2RtWjJkeEtaay9pbnAvRmJPUG85b0dzTWJZSGMzd0NkODBzWEh6VE9vcHBuZ3RsTVNkS21BYUtOTGVpdUdwa1QrL09NalZWeXZRNGJqL3lNZ1UzcXBBNVJnQTdBaEJFekQ0amhtYjRjTCtQcVJCY1I4RXY4dUFYS1hnOUQxNVB3WnQ0OENZSzd1SEJQUlRjeTRON0tYZ0xEOTVDd1Z0NThGWUtmcFVIdjByQnIvSGcxeWo0ZFI3OE9nSTNOOVZKMkpUNEI1Q3dtU1JzRkFrYlFjSktTMWhKQ1NzbFlTVWtMTFNFaFpTd1VCSVdRc0pNNGM0M2lTTENTN3hnUHZlaXh0a050bGE2d1RPazd4c3NuUGpLT0hJS2wzWDhIcXR0K0RVT2JSWTdVd2JWcVIvKytnenBVUWRoOFFFZnlhdXNpSnJaenBUbWlnSFNaeFBSd1kxUVYvRHJ4Y1hySVRwdXRSQXEzQzZmTHAzOXErdHFxRFhuUk1ldEZrYXkzZnZNdVBKeEJWV0FORStEeFMvdkZUNis2OG9PdGZ5YzZCZzcxSjhPRms1ZUs5eTQ1cmFhMmRKMm9qTlhLeU1HanNTQXNsWVI2L1B2R2VmK3c1VzFhcklXMDNHS0lMTVlwdzlPM2Iza3VwcHBGZ2M2YnJWMnVOcmt4TUhDdFE4cnFFeW5SQzlXa0lwVGwzOXlkMHJ6RFl3ekpYTno5QTRFT1pzNEhBZ0pjQ1FCaEVSekpORUNwT3NiTkdEWmVQMjYyTU5RZHp1SWZQNkx6OTFNYVRiQm5laVlLZEZiR1BoVWVncWF3SFcxZG5OanhIUnNOZlRTQmo3R1RCaTN6cm10WnI3YmNhSmpOa2Z2dVlLRmE1RHFSL2RkTkYrSU9WT2FLLzZoMDNwRmhyUVF4RGttVmJsRnpRem9SbXl1K3kra1ArOUFTdmN0WkQ1Qm91ZkVQUTRFYUN1SzE0OFpSejkxTTU3NXZzR0pqbTZGK2JvbVdEcnhJK3BwT0srRzMrbzQwYkhWMEhzbjA1a0VYc210WnI2ZWNxTGpWak45L0F2NDZIM0tkVFdjNGNWMDNHcklib1dQN3hVdUhYWmR6YlNiQXgxYkRaZ3UvTzI1NG1tMzB3ZS95WFNpTTFkcjZiUmVuUWJoY3g1OGFJVlBYamJ2SVhnZ3hnTXNEYko3NGN6VnFidEhYYVV4N2U1QXgrbW00ZU9rZVBTUTYycWFkWnlJNk1xT0Uvd2kxSkVZVU5ibUFmRHBVZEZoVFFpQUE0RmxDak5UN1R0b0NJNEdGSVRtNjg2Z01YWUtIZ3lsL1dNVk5DdVp6T2FMVVJkU1pyR1FHVVYzeHdyWDNXSVN2KzEwb21Pcm9iZWZ3Y2xiNDhWM3o3dXRacjRrZGFMalZqUHp4ZWtycGJQN1hGZkQrVUpNVjc2YjVxdHFSMks2bXhHenFOby81bjVxNERmTlRuUk1FZlJLTTFnOGZGekU4NCtkMXR0OUszTGhrVjg0OVVFRkdXQk16WThDdUZOenJOdXh6eFFtcnJvcDB0NXVPWXlJamxzdGlsY3p2dC9ydWxyVVdrMUVSdzhWODUwdU9sUlF2VEJXbVFBNWYrNVFyTlBaZ1pSSmlENXpnTXBPNDdxcnZ1WkhFNXpvdU5WTTZ4MC9MOHJQSmtGVXRlclhuMDY2c1l1cXBINFYwSm5zVERkQUwraURxRkNEaXU0N1dEaGRtZW80TnpEZjVydFRteXMzYjYyVHlRT1Bsejc1eU9TSnhVc2ZYV1R5ME9HbFR4OHllWEx3MGtjSW1Ud2x5S1RNOTlKNlh5Ymx0NWNXN1hRRVpGSk5lMmxaTFpPUzJFdHJZNW1VdnpLcFhyMjBqSlZKblVvR2dBdzBtVlNXTWlrTnZiUkdsRWw5NTZXRm5reUtOQyt0MW1SU1ozbHB3U1dUS3NsTHl5V1pGRU15cVhoa1VySjRhZTBpazdyRFN3c1FtUlFQWGxwRnlLUUM4TkpTUUNiSHVKZWU1ekk1aTczMFVKYkp1VXNHUUNaSHBKZWVsVEk1dXJ6MHdLTWppejRTVjhuQWdsaG1ONDhQTHoxSFpISUFlT2xKSUpNczdxWHBYQ2JaMVV0ek1oM2g1U1BXcnVDc0taUEVLSk9jNXFYSlRTWXB5VXR6azB6eWlwY21HSmxrQmk5TkVUS0piUzhOY3BuRXNVd0MwVXNqVWlaeDVLVUJ0V1Q1M0szMzE5OXpiL3kxbXkvYzY4MVBBcURQQ3pUNjUvZWpHM2ZRSDBzazhwNEZ1K0RYWDFadTJ2U1hsY21rdjdFL25rK001TTBiZWVyK00zWGs3Ti8vVy9iTC9lc3lTUXZVMmRCeTVYOWt1TVNHWEsrZVNNWXk2VjNEa0tBdm0wMzNwWFo0Z20rVWJuOVNPSDdvellEeDRSM2pnOHVGVTE4V3pyNy9qenRIM2lpZFBXUENDeFA3U21jdUdQdStOcjc5Q1g4NEFZazNwMmtSK3VtZmw4ME1wbE9EMnp5dmI4bW4wdjFkdzlzNnN6djdza05EYWQzOCtFSXFuY3J2ZXE0MXZ6T1BydzNxMUlkU21mN0I0VzBNMjdvaVVJNVBwdDVHSHhGNGZrUlB0QzViblV3bW9Ua2dNMDh1dnl1dGUxcmUxa2Z5cWNGRU9waElwNFl5cS9MWkhhdmZwc3V0V3MwK1FURXpMZUhNeG13bU9aREdtaTNNRDZkeWJXK2p6emVzYVcxZG5ZU2I0cFA4a25BN3ZCVzdzUjU5d3NHMkdldFJQeE51YTh1ajlza3R2Nk03MkxLRTdseEw4M0NMNzM2M3FlVXh6eXUxN1ErVTFXVjNFRmE4TnkyUDE3d3RMVTlNZXo5YWZpL2VoWllueTB5NGxKcTk1U25PM2xGMG5kWGl1WFZOdm9hV1JVUG9FeWdiOHZyMnJ1eG9KbC8vVkhMT0lsOGQrcmRneWZLNk90eHovNU1wYW9QZmkvNVFxQ3Viem80MDl2c2IrcCtPZDliTFNaL3ZMV3BjS052aTRTUzJBb2JoVDlQTVVaTkovR2tmK0F2K0MyVHVqaWpUWHMzdlpFZVN3UUgwQ2FCVjVuZG90elJVck1HYVpmMzVQdm4wRDRMZzJSQWlXWkI1eFp0bllzYWVTMG5zVXlaUjRkeDd4U3ZYSUVTMklPSzdwNUtvb1lvSitGdTFJTGpSQXFPcnIrQ3Y4OG5DZjh3TTVIYXNObFZGaG14cDdHOEoxR29PSURRSHVGOXpvS3V4ZUhOTUhUMGNtenA2OEQ3TndWM0taVGRIUkdpT3VaWTVMc3pCOWxoU3JyeFdvVHgzaTFadHl1T0xnYWJyQ3d0Sys4YlFpOWxyQndybkQxU2FvT3hTTHBzSjJCVmhkaE9vUWhNMFZETkJTR2lDYVlYRFA5c0UzQTFsdFpqQVk1bmdLeWNUaEN0TndPNFFxODBFK0dxbVdUZUI3Vm8wWVY1UXkvSUNFSnBBcW1hQ2lOQUVvWWZCQlB5TmFEWVRzRHZCZUJPb2JZclFCUE9xbWFCZGFBTHRvVFlCdXgyc0ZoUEkxVXpRSVRUQnRITEJyMlVDL2s0Nld6cGt0OVB4SmdBT0I2UzNXanFNQ2swd3ZSUEJ2UDlrOWszQVg0bDNINEhRV01VRTlXWktLYmNCZUNpT0JOc05mYllqZ2QzVlY4dVJNTDlLSk5TcmxWVWlkNTNlQXd5RnNoc0M3eU1iTEpoMnJWaXZWaGFMM0YxSk5SYUw1bDFNMDY2ZGpYMDNKMitmckxSSDJVMkJObnV3T3dONWUwUWM3UEZJMWJnUVZJdnM3cUpmTXpmOEU3UmZPQU52RUpTT0Q5NGIrTnNUeTRwR1FYU1k5NjhKRGRKVTFSM0VaZU1EZG9mWlVuL1JEUHhCWEVRK1lIL2c3NVFVRkE3bDJSSTQyR054VlhjUTE0OFAyQjFtU2Z0SForQU40bUx5d1hxRDdhSk5ZUmxwNzdOb0R2YjRYVlZ2RU5lUkQ5WWJaa3Y3SmRQM0JpQ3FLYWZyRFRQcnVybllnNytNMUdhUERvZm9FRDlVTk0vQUh1TDZjbHIrOGREYXd6Y0RlOHhHWlRucjl1QnZjTDJmdy9TeEdSaGtGb3JOaDljZ2o4L0FJQTlqdFdtNzZiYlNJT2FkdDN6RWRMUnBRbnM4VWUwOEFROWpzVGxiMnY5K0J0N3dNTmFhdHV0L0JmbXp2RW1sT2VUUEo2dDZ3OE5ZYTg2VzlrdXJhaSt1TEIrdzl2d3R6UGVoL1ZOVnRYOG9LMHYrT3VpYUtnZnh1ZUEzSVF2UXhRcXJUYldoeUVsVHAwZVNxZHlPZEdMWHFrdzJvNjlPL2o5VmZOTzk1R29BQUE9PSIgQ29ycmVsYXRpb25CaW5kaW5nPSIiIFVybEVuY29kZT0iVHJ1ZSIgLz4NCiAgICAgICAgPEZvcm1Qb3N0UGFyYW1ldGVyIE5hbWU9Il9fVklFV1NUQVRFIiBWYWx1ZT0ie3skSElEREVOMS5fX1ZJRVdTVEFURX19IiBSZWNvcmRlZFZhbHVlPSIiIENvcnJlbGF0aW9uQmluZGluZz0iIiBVcmxFbmNvZGU9IlRydWUiIC8+DQogICAgICAgIDxGb3JtUG9zdFBhcmFtZXRlciBOYW1lPSJfX1NDUk9MTFBPU0lUSU9OWCIgVmFsdWU9Int7JEhJRERFTjEuX19TQ1JPTExQT1NJVElPTlh9fSIgUmVjb3JkZWRWYWx1ZT0iMCIgQ29ycmVsYXRpb25CaW5kaW5nPSIiIFVybEVuY29kZT0iVHJ1ZSIgLz4NCiAgICAgICAgPEZvcm1Qb3N0UGFyYW1ldGVyIE5hbWU9Il9fU0NST0xMUE9TSVRJT05ZIiBWYWx1ZT0ie3skSElEREVOMS5fX1NDUk9MTFBPU0lUSU9OWX19IiBSZWNvcmRlZFZhbHVlPSIwIiBDb3JyZWxhdGlvbkJpbmRpbmc9IiIgVXJsRW5jb2RlPSJUcnVlIiAvPg0KICAgICAgICA8Rm9ybVBvc3RQYXJhbWV0ZXIgTmFtZT0iX19WSUVXU1RBVEVFTkNSWVBURUQiIFZhbHVlPSJ7eyRISURERU4xLl9fVklFV1NUQVRFRU5DUllQVEVEfX0iIFJlY29yZGVkVmFsdWU9IiIgQ29ycmVsYXRpb25CaW5kaW5nPSIiIFVybEVuY29kZT0iVHJ1ZSIgLz4NCiAgICAgICAgPEZvcm1Qb3N0UGFyYW1ldGVyIE5hbWU9Il9fRVZFTlRWQUxJREFUSU9OIiBWYWx1ZT0ie3skSElEREVOMS5fX0VWRU5UVkFMSURBVElPTn19IiBSZWNvcmRlZFZhbHVlPSJZcko3QjQ0NmVZbHoyTEx6SGlYK0JjYzdmUnNCQnp5UWszeHgyYTFSdXVNZ01GdW5hMUEreWlCSzRkTW5sME9tTk9zU3Y2ZTFCVStOclNOSTI4bUpMTnFVOXFwTkM4alBvSHpwVlNTQjYvZ0FrNlhBRWZZZzN2dWtDcnJvdk43cGR2WTNmREVybzV3WkhaWjJ2by90cG5zUU9GWWRHa0dZd0Q0cEROWUg0U2pDeHB1V2pIcVU3WFJnc3BTRDVoWFd0M0xVVDdJcW9iZ1BLQlhvK2VVanRML1I2WFg0RHNERzZHTHN6VEZnS3FjZXNVL0x2MzNoWCtpTzlXOWhVb1FZRHo2ZWRiV2s0bjh2K3RGNXBXeWRPenJFUlFMV20wV0lJc25wdjN3KzRhVnlFNHJHK05oTFNkR0ZWelh2TXY0OE03Zlc4WWttK21uUzFpUm5NQkt6cnlhRXR5alBWK3RMTVFhTEE4NWZMWlhPZjlsbXJLUDZVMDlaOUJhSFZLMFdZRUk3RVd2VjdxV083SGRFZGU3VEdnYXM2Q3dpUVpoVEJWWjh2S2NuZ3pyek9jcmw5VmwzQ1ZsampiYy9aSHArRmg1a1ZtV2RrQ043aUh2ZGpnUmkyT0FwQ2lxR2FBbTh3N05iQUJpaWl2VDBBd2JuREc2Rm9QZ2dyTFZnYm43STd2N3JBemU3N3MwR0xEc3ZoOHE0UFg0ekhZaXIzUUtrNW5sQmJTMDlvVXZBZnZLdmFVZWc2NTlESUpmTHBXb05rSFQxK3c3Q2hWK2NmQlhmSEkrWStZQ0laSHhNVjJ5R3NTUFJJME52SDRDbWlGcmdtY0JCYnVzNlZtbjdMSHR5T3NjK1p0RGxNQndRdksya05wRlhVTUVIM3FRM0VHbEEwcVcwb2RqRG9adjhmUWYxWlRyZEhtRUVjNlF6WmJwM0pOV3FGZFdwU081a2pvQTN6S3dnekhMNExldDdoVFkwaWdjWFdGMmZqM0N1T2RHR0F0SFpqYjNSUUh3UXp1QWVYWXNCb3crTFg4RWlyWHN5d1JzWWdiQWNxZGZtUjY4NzN4MzRqRVlKUUMxRzZXNFRTcWg0cGxvYXRwZVlBM1lrTmZLS1g1NU5GN1hiQ0pzbjNBSitVZ3dMR1VOS2k5L1hwb2FjQTMvenF2dWYzR25VTmNTREVnZmxwdjRpZFVYOU54Wks2dlMwUEIremNWZHl2blRPdGtPNml6R1FtcTQ4NFJHQWtNb1JsblptV0tIbTVpUXZDd1pHa3ptWEFUV2ZZRlA1ZDUxcjJWMzBUOFZkSlpMV1ZNZDAzYmtkRy9uV0ZoZFdzTDNuUlI2V0pEb2E0MERaS1pCZ29GYzcwdjRxazI4V2JMRklyY042OFBRTjFTSkFzeVpWZC9wQWJsVEZGbzdmNGZxREtnV0RtNXdsWEdOamNEUnRWTDhtcTBIT0plaTVLbDkyQ2JHZjk1VjEyR056Ky84NzlFa2hpNmFGY2kxdURBYlY0RXRaVVR2Y2xBSHVtSk1ydElJOGJZZVJpaFN0MEg3VmVnbmFHNitOeWRQZDZza0plNDZKcmgrVWNuZTRhc3BkWDhhQWhhMFdsWnVIYmJrWi9KQktlVTMxQ3VwZmpBSVVaSTdRcUtzeVFmY2RDdkQyTzlVQlJiSjliSVViak9QTC9ORFVDQ1RMN3RpQXNmSTQyK1hWVWViRGk0bFV1V1ZFVVI1RG1UWERjQyt2a1FFaVJndVRvTDFjdE4xeUFKOGJ6Q25HQ3NNWWw0d1E4VjhtNFFxMHZnTVR3ZVFpTUFBTHdYMkMzT1Vxcm1MdW5qd0xpUmJaL1BFR1ZXTWlibHRjQjVlUFdEM1pOVUR6bUhVY3VsQU04OFVDWUd0VEFIbXkxK0tDYzdCVkFOZmllNk95MVRrYmEzbjRiZ0pSK3lMbWxXS3FORTJRL250aVVXbnpsWW45dDYvcjc2T0RuZTRIa0FIZHZsaDIxdStnYUxRY3dyZDVkaUVwRVVIY3MzSzI4eElwK1NrZytJNGcrbTV3YTZnTFhIOWVtaTl0MDNvWWpidWpTdWplbFg0aGtnZ3QxN2pUUWdMOXpOMU8xSkIrSGp5Q3RtcEJXUTJhVmIzWDlaQlVoVWhVSExzYmEyYjg1SWNGZHVud2hQaENSN3pubmxuM2FYbnljQXVpRmU5SDIxancyMVhvR2haTFlUWDZEUHpYQ3VmRjFlNDF2aXI2RjF5cUZ3TTdCZjNtY21OdGJzVWtRRGJqSGc3TVlOM1FXZFN2dFFHUTRJM3ZCRTZ0L21TVStJdFBmRWM2b01xV3JPakIyN3BFYm9xcDUwdXhUNkpGaHRwZDBTb3hZVC9JQVRYOFhBL1ppTzNna0ZLQ0VLTThzVGJXdWdmTVlPUW1JYTBEUC9yckx1NjYxbXlJc21PSmQ2Tk5zZlpDSDBZZHRvamVKUUQ5NmZJRTMwWnlIcVhpc3NUVk5SSHNBbjhraERtc1VodTZZV3NuYk1EaUhwbkdBUlMyR09Nai9NR1pzNjZPc1FscHRrTmJnc0h5eUVUaCtjNVFXcjE0NTUvREZsZmhRR2ZabUZyTU5iS0IvMTVwazBHTlE4azZOQTZnVTAzU2pQZVdIMWJxVHJpaG8vZU5vSFFIY2ROS2pHcXgwdVhBSlZrc0JmbzFOaFZia1FtVDFKblpUaGlwWENwOTFuMkpiclZVcTNaNDR0a1VyRTB3amRlNFVjUGlQcmhGS21hRFU0Tm95V01ZUWZpMVAxcGZkeDJCd0VRbEFiNSszMEdya0NlUmZZeTEvUEF1TkxjelAvaWNLTXp2aVcvYlFSVjdpTGVIQVNqeVV2Mlo5dDFJMFlSY09wODlQVzhOQlBqa1dqTng3d004V2t5cXJoN1RDaWpPNlhqRTQrS0daT3NIQ3UxMnBKK2FXeUkyeXF4eUtQdC84YTF0SjZUR2d5cDZqYjZUN0MxanFtVHFZanZBNHFDVWt5QlNGa01qaTJ0b09LalFJRzBQaklIdklhZHR3Q0JNcUd5UjV5cng1Qy81S1M5THd4M3g5VldYV2ZGZEErWGtlbVVNK1llaUMyazdTcHpNczFOTE5BbDh1bzA5RERNT3o2S3RDemt2NzFoajczVjV3VnZ2alp4amxDaHlSUGFsaytYOGJ0cUxwL2RhZXRwVW5aR0Q2QzRQY2Fxbk9zZEpGTkF4amJmVlVWTjdRcmpwNW9hc2lYNWhPRWdZRWwxdll4dUIvTVRzczI1aGVLM0l1SVhrSk0ySHROdHhFWE5uM0xoSEVLeXIzekdERkZydXkyaGducGcxMmplOXE4ejdtUEQ5SG85TDZObEo2YUFaRks0SDdZRllSbm96K2RKWGVFMUR6Z3d0ODcxdWc3ZTVJby93SmE0OE4yWGk3dHlJRHlneXV4MmNPcWg4Rlc5RS9PMzVQTUtNOE9oR3JYNUt4Ym45NEh6cmpsbWpwZ2Erb1k3ZERkQUgrd3l6TDFRU1c2aHZnR1BWV05JT09mRkN1dkV6cE9jeG52bUtCVlk3OVNsSHN0UUZQNWVOOUhKNWlLV04yTXpDbmZuV05EdU9vUGtSMisrbThVNStENU5HV2ljN0x3REZEeUgvWGJkUG1mYUNvK2hpZkcvWGlxVGozb1h4ZTUyYWhtcDNCNlVnS0k0aFE2eGJrVGc4SDJUWmM1TFBUZ251cnZObkV4R0VqbUpEUm9JRkRxcTZ3dHpCVnFxQnpTS0ZIdWk0SmtmMmlhTnJPKzQrMW9VTExPNGZ1cnJ0VnlTd0Nkcy9UMUw2LzJ5b2kyak1rVGwzdkJmeGxWZVlUNEZMYW52bzJ3Ykp0WXlnZjh6ZEFlQ3ZSSWNlM3pTZnRYRzNlZi9qUS9uNTBiSFdYNXNEL2liUWNiVmZRZ2VMK1I4OWswaHkrL0NBenljYkdjMkRoeitZVDJWSCtVSmpuNXhZblhwR3M3OHQ5VG9sWjhEMG54TERWeTRkYmFrU2grdERqa054emkxNWFtK1NUbGtiT091MDZSRlB4Zlg3STNvY0dRazVRbDJNRlhTOWFGaXF2THdCLzlseEppaVFoQnczbjZFUGY0UW5ESlVlVmFQYk1saVIzaUwzeW9NNkVORmN2UzR0bzFSbVRXcitoOEpvWVo2VWZZYys3R08wV2FDNXhXcTRyU3Q2UUhlMEMxdTFDWjR1WDJsbFdoNHdJY0tRaVc5REt4ZS9pK044KzQ1STNZMVpuOW1LdHhmck9ZdS9BWVNEbU55YkZYbGRYOGI0a1JwQWhsY2FiVS83eFdYS1h0Z2VmMGpQZTI3eXBMcHd2eC9kY0s2bTc4eVh5cFh0b0cyLzBoT3d1b1NKLzh3ajBLUCtCNGZkMXlTMEJWUWprSWJIVWFmM2VVSkRyRzlCQmxjUDF6VnhwbU1pU2J0ZWtZclNEb0ZqcWxrNHFFK2FUa2xPenR2bjN3RHcweEhnQnVscE5zYjRPL2k1NFdCdTZuNXRvdG14VTlkb2JUOS9jVjQ2K3dya0NmcWFCRFllbEtlc3NOU29LWkIvWlBiUnd1RytpSllKN2ZIMHd4aHBiclMzcUd3K1d0OHJOQ0lwTWIvb3pFeThyNk40WldQK0lSUC81SG1hRDAwRXN1WVNkNlJlUXhFaUgyK2k1S2NkdGtoYnpPNzdjYlBSWGs1K1kwYy9ralFCa2NNMkxGcFdSNGIvYnBQUmlCVk1JZVBjN3BoZVM0REE2R2ZkZWhjQm4rL3EwdThHWDk4WVRhS0VHVXlBMmYxT1loSGg4SW1yME9OQzRIWVZOQlVFS1B1TlM4TXAvZ2xZQU5nMldJNnB3T3lBUWlKU1k3ZnZqYW8rZnozeUR2MWdHZ3lKUkNNUWNKYTZJTzlsZXZJSWV5OFdVdW9YUkxJbXJvMkdzbHpIaDZZUFZTaklyR2plTEFPN3FEaVlTN2xkVWg1dklFWFpNZjhjTXFNOUZSYk9YUDdtdG4zQVRsVS9iRjhFM0JVTDVvMnlkT01rUlM3WlhpamRyNERoMkNKVXpEZmFzSUVUODYzSi82d0dwU1o2Y1dXT2grekF5S0dRYkV5QjhTU3FGaW9RZjVxNm5jL25FZExLbk4rUWxyNnlqbnYrMzhHVE9IYWtReFk1V3B6eFBobG56V1k5WWErNURnbjEza0c3VTRDeUtBSkdCV1c5NjZXMVp1bnU5UEdPb2Z4SEVnd2ZMY1Vob0VRSjJJMmJsaDRnNUh2Yi9KbkJia0NZV1BvelNhOENqR09TOXgxcENHa0o2L3IvdVE0UDJwaU53MXVCQUJnZi9sMlQ5bEp5TEFmMzh1d3VWOGE4R0lZUzNJNDJ6NWhwaTJjcGxVNWg5UGN3dU9vN1BFZlVnTkhVTUE0L2d2YmlZWWVocGUySS9UMTJRTTNzbDNhS1ZwV1NydlYxRmYvSFpiWjFtM0dyR085TmNMTkxnQitzcHFnSFhBSWFJMjlIYnZqNzRjVmtXTmROS0NPTHRRWkdSMHNudmhySzVod2k5WG9tbHhYSC9uamNqVEYrRVBwYzFhWTBpdEdOVVZOWkMxVG5zeUxrcFdsZkdqSHp5UC9PanV3cmYwbmp2QnlqRHE3djZSV0Z4elpHelRmYVp0bTBtT25IQmd2NHlGdG5TL2FxUHA1cTdlUWI2ZVNNc2pEWE1sZHdZOHhJUDY3UDlHL3hnblE0d3QzZ29vNi9qVWdjZ3JpclY5Y24vdUNvcmQrK3IybzdqcWZpSVRFdEZtK3pHVk15QURCMzNtZnFKakhhcXZ5TzhVS1hqYnppanJwTWk1QzAxYTVMWVVlNWtJcVo0bU5SUnZCYURRYkp3Y09vYnZyeTl4MEw5ZVZtaVF6VkFUU2VSU0EyNWJaRGhXdjY2WXNsUU1pMmtYTk1jY20rMlFQdy9WTjBQOXRsOTg5K3ZNa3dmbVZJUlBUc0ZiZ3lwSFJJQmZnWkV3cTFPY0RnN2pqLzIrVmJmMkNpNGdRRjBJQis3SHJiK0dTT0JLSlY5TklFbWJiT241MzBQVlZqc2dTV1JhMTkwYVVpdmlaVUh3VXF5SDJnb3ZHc2RvRjBDaVhCeENpeUloZDkwbjBKZnJDQVNyRzZBZ2VoaTlYaDB3YUdidFpNdmhjY3kzM2d2TzlmeXpVN3lydGUvWEk3R1ZMOWFDZ0RwTmpIa1pOUFZWMWwwRVNIK3ZBbnVJWi9lUzg0SDZxT05nd3VucVBXZ0x5ZnpqS2M5TlJlaTVaV3hXN2YyWlFJNHFoWVNOWnNva3VFeS9JL2Z3VHkvODNva3VPOUR6ZG9IclhaN1puN1FUeFFzVStiTWxJWlA2cCsrRlRPNzBlRWdIRTI5WTdCdHJ5WFpUYzlOVE1uSUdXMERsMW9mVXE2MUx5NXlCWmFqMldMOGtkVkI1d2k1V2FZODBoMnRXS0EyYVJnQ1NHeTEramVNVkMwU2E2U01iS3paVjJURUZlaUFLSEIrK0RJWnhpc2NZbTNyNXFmSlh4cFBzV25QM0l6aHJMZW95dTBUWkVhMnJMc0tuUUMzMmwrbDB0OGRVUFdUekxZWk5RaWd4RG15Rk5zRytvRHUzWCszZHJNUXl1aEtzeVdNaE9BWXhoV2hPUU9vT3hKdFk4c0dvK1RIUlR0TTlpVWdhUTkyMS9NWnlHQzVFV0Z0dEo0bkN6R2ZFR1VyUG40NjJXZDBRejJ2SnhLYmxjNHh4dldJUEpFaUNtbmxLRG5mTGJQRSswRHpLb2xrN1RMdlJOWFdhSHBrREcyeEQxbWlIQktmYmRGRG1xS09jKzRMclpZYnNvUXVXNEZHWlloNW1tbk5Lbi9uS205MzIvMzloTXc2ck04dWxzc3RJNEliSHlRYU1WL2ppeW9WWDY2R2xMRnhtTjlJVmRsZEJoWktyOUE2VlNPY2QybW13V29TQk1XU1h0SGVhUDU2UmlQSWJTWHJnTGFyT0h1UkVMam9CWGZkQmdmWTUyVXNDVmFYbmdNUEhHa3M2YVJkY3ZBbE42Z0R3SjU1OEhiM24vcU8wSW00Z0p6MXh0dXZmWUtJeVJFdlVvbnNsSklMbEJSYzZjdGxZNFBrQy9JSVFBNHkwZ205T3l1czFXVG9KUGxyT0pUNUpGcW53aEJCeVdWSlU2L2YvcURhTDREbFpGVGhLVURiQVV0bXp6NU9GZU85OEljMUR5d2lKZFg2cGJ6eUV2UGtZcWVxSlhLT24wbWJQNUNqeFBCaFR2eURQRGRCbWhRWXU2TVNoeks2NS9vNUJQNXVIOHd2N1gvTFhsOE9URDlJZlM2ekQ5VEF6M0t3ajkrM0hSWnBEdElIZ2ZuU3Zyb3B1VHREekIzKzhvSWM4OEdhdllXQ3UvRURSVFZJbk5aL3VoTkp6VEZ2TVZoQ3FUdDk5K2c2ckdhTDJnZjJ5YVZHMFhOeEtEamMzcXJEK1hlRTZ1U0hrU3FOM3B3bWpjUlhDUVE4bjQreVJKeFRPdXFnOVpoaU84bVBVV2hETzdFaDZxZzYrVlhVQWFuVDNnWS9HK0V2amx6Rk9UU2k5aVRobm0xbVIyRUJYRnVwMGd4QVFBbHo2TUVQdXRLdjZKeDFvcVllWDJYbkh2YUtNa2wrUVNVbzE0OWtOMUJKK241alNTanA2RDZpUlJNbmI3SHl6UjNTenZzV1pVM2lIZWp2T1FEUjJ3OTFpbzVFN3YyTGM5cnV1RXZHd0p0UTR6NWVQcUlmVnlGb1JLbTlwblNIK1N2bFR1SWJPRGJwdHZKUkt5eUhOSGVtb2tSUWE4ak9CRnowR0R0SFRMb2ZJV0E2TzJvM1RScktjeHczVkI4L3VZbFZFRkRIRWl5bU45WWlTQWI5ZThWVW96b1hUVllGMzFUalB3OHR1UGdseWMvdVdyaGl0c0J0SlR2Y09xdGRVdkZnTEQ4Um05SjZldE9rQk5FSHdNZUtweERibVVQT2hrc2Y3d1I0MHJwN1YrZkdLN2paZjNDMkVmV1Z5dVJZcTJXMCtUdjZ2eEM2NUJEV28zQ1V5OWQ5NHVneUdjMG45M0oxcDIrRkZMR1hJaXdJQkNhanFPVDBQbGQyanBZclRTWVRJYlN3c0JKa1ROL0ZFR3hrSDJkZGV5aG94Qk1zcWQwMmtmZTR5TUx5bmRId1dIb1BIbUMrU2QwVUNuM3BpQklyYjI3ZEdRVEtwd0FYTWF1TjYvNnFhYTZZTzVnYWVoRkM2Y1liQkVYZTdCUFdsTW9PQlp0U1loN09TMFhhelJkUFBTaTRlMjdmOG0rY0FnYjVZSWx5VEk1REJDazJ1VmttUklya2gwY1VSbldSMGNBVnZabmJPVzBNT1N3aGd2NnNuTCsvcjQwZmwwcWl0L2dhQT09IiBDb3JyZWxhdGlvbkJpbmRpbmc9IiIgVXJsRW5jb2RlPSJUcnVlIiAvPg0KICAgICAgICA8Rm9ybVBvc3RQYXJhbWV0ZXIgTmFtZT0iU2NyZWVuV2lkdGgiIFZhbHVlPSJ7eyRISURERU4xLlNjcmVlbldpZHRofX0iIFJlY29yZGVkVmFsdWU9IiIgQ29ycmVsYXRpb25CaW5kaW5nPSIiIFVybEVuY29kZT0iVHJ1ZSIgLz4NCiAgICAgICAgPEZvcm1Qb3N0UGFyYW1ldGVyIE5hbWU9IlNjcmVlbkhlaWdodCIgVmFsdWU9Int7JEhJRERFTjEuU2NyZWVuSGVpZ2h0fX0iIFJlY29yZGVkVmFsdWU9IiIgQ29ycmVsYXRpb25CaW5kaW5nPSIiIFVybEVuY29kZT0iVHJ1ZSIgLz4NCiAgICAgICAgPEZvcm1Qb3N0UGFyYW1ldGVyIE5hbWU9ImJ0blF1ZXJ5IiBWYWx1ZT0i5p+l6KmiIiBSZWNvcmRlZFZhbHVlPSLmn6XoqaIiIENvcnJlbGF0aW9uQmluZGluZz0ie3tGb3JtUG9zdFBhcmFtNS5idG5RdWVyeX19IiBVcmxFbmNvZGU9IlRydWUiIC8+DQogICAgICAgIDxGb3JtUG9zdFBhcmFtZXRlciBOYW1lPSJkZGxPcmdBbmRGbG93IiBWYWx1ZT0iIiBSZWNvcmRlZFZhbHVlPSIiIENvcnJlbGF0aW9uQmluZGluZz0iIiBVcmxFbmNvZGU9IlRydWUiIC8+DQogICAgICAgIDxGb3JtUG9zdFBhcmFtZXRlciBOYW1lPSJkZGxRdWVyeUNvbmRpdGlvbnMiIFZhbHVlPSIwIiBSZWNvcmRlZFZhbHVlPSIwIiBDb3JyZWxhdGlvbkJpbmRpbmc9Int7Rm9ybVBvc3RQYXJhbTcuZGRsUXVlcnlDb25kaXRpb25zfX0iIFVybEVuY29kZT0iVHJ1ZSIgLz4NCiAgICAgICAgPEZvcm1Qb3N0UGFyYW1ldGVyIE5hbWU9InR4dE9URW1wSUQiIFZhbHVlPSIxMDIwOTkiIFJlY29yZGVkVmFsdWU9IjEwMjA5OSIgQ29ycmVsYXRpb25CaW5kaW5nPSJ7e0Zvcm1Qb3N0UGFyYW02LnR4dE9URW1wSUR9fSIgVXJsRW5jb2RlPSJUcnVlIiAvPg0KICAgICAgICA8Rm9ybVBvc3RQYXJhbWV0ZXIgTmFtZT0idHh0T1RFbXBOYW1lIiBWYWx1ZT0iIiBSZWNvcmRlZFZhbHVlPSIiIENvcnJlbGF0aW9uQmluZGluZz0iIiBVcmxFbmNvZGU9IlRydWUiIC8+DQogICAgICAgIDxGb3JtUG9zdFBhcmFtZXRlciBOYW1lPSJ0eHRPVEZvcm1OTyIgVmFsdWU9IiIgUmVjb3JkZWRWYWx1ZT0iIiBDb3JyZWxhdGlvbkJpbmRpbmc9IiIgVXJsRW5jb2RlPSJUcnVlIiAvPg0KICAgICAgICA8Rm9ybVBvc3RQYXJhbWV0ZXIgTmFtZT0iZGRsT1RTdGF0dXMiIFZhbHVlPSIyIiBSZWNvcmRlZFZhbHVlPSIyIiBDb3JyZWxhdGlvbkJpbmRpbmc9Int7Rm9ybVBvc3RQYXJhbTguZGRsT1RTdGF0dXN9fSIgVXJsRW5jb2RlPSJUcnVlIiAvPg0KICAgICAgICA8Rm9ybVBvc3RQYXJhbWV0ZXIgTmFtZT0idHh0T1REYXRlQmVnaW4kdHh0RGF0ZSIgVmFsdWU9IiIgUmVjb3JkZWRWYWx1ZT0iIiBDb3JyZWxhdGlvbkJpbmRpbmc9IiIgVXJsRW5jb2RlPSJUcnVlIiAvPg0KICAgICAgICA8Rm9ybVBvc3RQYXJhbWV0ZXIgTmFtZT0idHh0T1REYXRlRW5kJHR4dERhdGUiIFZhbHVlPSIiIFJlY29yZGVkVmFsdWU9IiIgQ29ycmVsYXRpb25CaW5kaW5nPSIiIFVybEVuY29kZT0iVHJ1ZSIgLz4NCiAgICAgICAgPEZvcm1Qb3N0UGFyYW1ldGVyIE5hbWU9InVjTW9kYWxQb3B1cDEkQ2xpZW50V2lkdGgiIFZhbHVlPSJ7eyRISURERU4xLnVjTW9kYWxQb3B1cDEkQ2xpZW50V2lkdGh9fSIgUmVjb3JkZWRWYWx1ZT0iMCIgQ29ycmVsYXRpb25CaW5kaW5nPSIiIFVybEVuY29kZT0iVHJ1ZSIgLz4NCiAgICAgICAgPEZvcm1Qb3N0UGFyYW1ldGVyIE5hbWU9InVjTW9kYWxQb3B1cDEkQ2xpZW50SGVpZ2h0IiBWYWx1ZT0ie3skSElEREVOMS51Y01vZGFsUG9wdXAxJENsaWVudEhlaWdodH19IiBSZWNvcmRlZFZhbHVlPSIwIiBDb3JyZWxhdGlvbkJpbmRpbmc9IiIgVXJsRW5jb2RlPSJUcnVlIiAvPg0KICAgICAgPC9Gb3JtUG9zdEh0dHBCb2R5Pg0KICAgIDwvUmVxdWVzdD4NCiAgICA8UmVxdWVzdCBNZXRob2Q9IlBPU1QiIEd1aWQ9ImQ5MzBhMWEwLTQ5NmUtNDQ2MS1hMGJmLTBhNDA0OGUyNDk5MyIgVmVyc2lvbj0iMS4xIiBVcmw9Imh0dHA6Ly8xMC4xMS4zNi4xMTQ6ODAwNy9PdmVyVGltZS9PdmVydGltZVByZU9yZGVyLmFzcHgiIFRoaW5rVGltZT0iMCIgVGltZW91dD0iMzAwIiBQYXJzZURlcGVuZGVudFJlcXVlc3RzPSJUcnVlIiBGb2xsb3dSZWRpcmVjdHM9IlRydWUiIFJlY29yZFJlc3VsdD0iVHJ1ZSIgQ2FjaGU9IkZhbHNlIiBSZXNwb25zZVRpbWVHb2FsPSIwIiBFbmNvZGluZz0idXRmLTgiIEV4cGVjdGVkSHR0cFN0YXR1c0NvZGU9IjAiIEV4cGVjdGVkUmVzcG9uc2VVcmw9IiIgUmVwb3J0aW5nTmFtZT0iIiBJZ25vcmVIdHRwU3RhdHVzQ29kZT0iRmFsc2UiPg0KICAgICAgPEZvcm1Qb3N0SHR0cEJvZHk+DQogICAgICAgIDxGb3JtUG9zdFBhcmFtZXRlciBOYW1lPSJUb29sa2l0U2NyaXB0TWFuYWdlcjFfSGlkZGVuRmllbGQiIFZhbHVlPSI7O0FqYXhDb250cm9sVG9vbGtpdCwgVmVyc2lvbj00LjEuNy42MDcsIEN1bHR1cmU9bmV1dHJhbCwgUHVibGljS2V5VG9rZW49MjhmMDFiMGU4NGI2ZDUzZTp6aC1IYW50OjdiOTVlZDFhLTZhM2YtNDFkZC1iYzViLTYzZjM5ZWRiYzRiNDpkZTFmZWFiMjpmY2YwZTk5MzpmMmM4ZTcwODo3MjBhNTJiZjpmOWNlYzliYzo1ODllYWEzMDo2OTgxMjljZjpmYjliNGM1NzpjY2I5NmNmOTphNjdjMjcwMDo4NjEzYWVhNzozMjAyYTVhMjphYjA5ZTNmZTo4NzEwNGI3YzpiZTZmYjI5OCIgUmVjb3JkZWRWYWx1ZT0iOztBamF4Q29udHJvbFRvb2xraXQsIFZlcnNpb249NC4xLjcuNjA3LCBDdWx0dXJlPW5ldXRyYWwsIFB1YmxpY0tleVRva2VuPTI4ZjAxYjBlODRiNmQ1M2U6emgtSGFudDo3Yjk1ZWQxYS02YTNmLTQxZGQtYmM1Yi02M2YzOWVkYmM0YjQ6ZGUxZmVhYjI6ZmNmMGU5OTM6ZjJjOGU3MDg6NzIwYTUyYmY6ZjljZWM5YmM6NTg5ZWFhMzA6Njk4MTI5Y2Y6ZmI5YjRjNTc6Y2NiOTZjZjk6YTY3YzI3MDA6ODYxM2FlYTc6MzIwMmE1YTI6YWIwOWUzZmU6ODcxMDRiN2M6YmU2ZmIyOTgiIENvcnJlbGF0aW9uQmluZGluZz0iIiBVcmxFbmNvZGU9IlRydWUiIC8+DQogICAgICAgIDxGb3JtUG9zdFBhcmFtZXRlciBOYW1lPSJfX0VWRU5UVEFSR0VUIiBWYWx1ZT0ie3skSElEREVOMS5fX0VWRU5UVEFSR0VUfX0iIFJlY29yZGVkVmFsdWU9IiIgQ29ycmVsYXRpb25CaW5kaW5nPSIiIFVybEVuY29kZT0iVHJ1ZSIgLz4NCiAgICAgICAgPEZvcm1Qb3N0UGFyYW1ldGVyIE5hbWU9Il9fRVZFTlRBUkdVTUVOVCIgVmFsdWU9Int7JEhJRERFTjEuX19FVkVOVEFSR1VNRU5UfX0iIFJlY29yZGVkVmFsdWU9IiIgQ29ycmVsYXRpb25CaW5kaW5nPSIiIFVybEVuY29kZT0iVHJ1ZSIgLz4NCiAgICAgICAgPEZvcm1Qb3N0UGFyYW1ldGVyIE5hbWU9Il9fTEFTVEZPQ1VTIiBWYWx1ZT0ie3skSElEREVOMS5fX0xBU1RGT0NVU319IiBSZWNvcmRlZFZhbHVlPSIiIENvcnJlbGF0aW9uQmluZGluZz0iIiBVcmxFbmNvZGU9IlRydWUiIC8+DQogICAgICAgIDxGb3JtUG9zdFBhcmFtZXRlciBOYW1lPSJfX1ZTVEFURSIgVmFsdWU9Int7JEhJRERFTjEuX19WU1RBVEV9fSIgUmVjb3JkZWRWYWx1ZT0iQVIrTENBQUFBQUFBQkFEdFBGMTNFMWVTeHJhYWxpRVlackVtMldFbEpac1p3WUUyL1NIWkZpdzVKN1pKZ0FSa1d5SWtZWEo4Wkt0amE1RWwxcElKM29jOUpoa0g4MkZDRnZNMWtHUUlTVEJoK0FvQkhDQ3cvMkQzWVI3Mk9jY3RTMC96QS9aaDkzNTAzYjZTdWh2WVpNL21JZWFBeWxWMXErcldyVnUzdW02TC8xN1UvR3k5eDkvZjM1WExGa1p6bVh5Zi9rOWo2Vkc5SjVjdmRDWUg5N3ltai9mMyt3UlB5OUMrN2NsMDlzWEJRa1pXWHV3YTFnZjN2SnpKZUh3Y1duMXhjSGhQMTNBdWw5Y3I4Sm9EUHV5QWp6amcyemk4UVBITi83QzJibW1EME5Ja3hoSmR1Wkc5VzdzWHh4S2I4YWNRUzNRbkN6cjZTS1JIOUtXeFJMeVFMSXpsZHlSSDlDVUlseXNrTTVpQTJCUDdzMXU3UldCQXdDdTUwWkVkc2FaWE1ybjN1cEo1SGNsY3ViYk9nLzQyZVlSNHo1Yk8xeFNQb01pcUhJMTZXbFJaYVY4dmg5Y3IwWCt4UU04U1ZkNGd5d2l6UVpFOVFubml3TUtONzFldjJSMGZ6eGYwa2RadWZUQTlrc3lzQzQ3a0IzT2ptZlRBdXVBYittZytuY3R1Q3JmSytNKzZZTmRZcGpBMnFtL0s2bU9GVWN6Yk16YVFTUStpMVVqazl1alpUUVB0N2NuSVlLUk5pV3BoWGU2SU5zaXRxc2RIcmFPMllYUGtzQktWRmM4aTFiUGMvTFZkanBpbUx3Tk1xeXpMaXZ5WTZYVlkwK3RBMDFQSjlEVDBMNXZlMnNZR3BWVzJ0YUZEVml0dENOdlpJRWVmemdicVl1V0piYWp5ZzJaclE4ZGpiR2kzYkdqM0xGR2l4QWExeWdhMU5XSnJRM3UxRFlxZERXcll6UVp0dlFvMllQQXAvYUNwTlRhMDJjYURJdFl2U2pWN21sQjhxWXJTRmdtSG0zMCt2OUN0N3kxczdmYjh1eWZVRjRtMHlYSm9IUVlpQUlRQjBBQlFBVkFBa0UwZ0REeGg0QWtEVHhoNE5DQnBRTktBcElKU0ZaU3FJRkNGVVNxTVVtR1VBandLOENoQWtpbUEvbjFOQlVBQkFFamFUZ0FTR2dBcUFBb0F3Qk1Ibmpqd3hJRW5Eang5UU9vRFVoK1FldHNBaUFBUUJnQWs5OEx3WGhqZUM4TjdZSGdQRE8rQjRUMHd2QWVHOThEd0hoZ2VBNTRZOE1TQXRBTklPNEMwQTRidkFKNmE1WlpyVmxCMldRSWJoek92TXRmSk5WT1dhMHl0c3NkT0JRTDh2NHFORHVHRS8zbzZYMEJnRWgwSm52OFNRMTJkVytpQXJ0ZzJDblQyeWR1MktSU1FsWTRLVUFHNmFpSmxqZEV4Q0hCWTNzYURERmEzOFNCSWl6RVJGbDIyNkFRR2hhckNXQkRJWVRVS0toYURZakoweGVKc1p2SE5iSFI3bkFmWkdEbk9nd3htM1BGWFlaakdXQWtJckFwakpTREE3ZUU0RDRLMExXeVNFU1pOa1N0QUhsYkJIdFV5VStYTTFPSTh5TVBteVBoMlFFWXNPeU9jblJnR0xSMEtZOEVnMk56TEZwR3BpL2V4T1Z1V0tieGxiWEVPQkFWYUI4TmlFT0EyeTFkdG5LOTJNbDh4WVFRRVh0bVNKblBTRk1zcEN1ZVVzTVVkNXJnalZnQkV1RlZ0dDd6Vnpua3JhbmtveW5sb0Yxc3pKYzZETE9MQ2NSNWtrcU54SGdScGJ6SVYxa3lpMWt6aWIxbGJNTTZEYkptc1VBOXp0bmRZTWYwMkcyWVpKb2U1MExNY3JyUnhhRzRQV2FyRFZnUzBXMkNIWEFFcUlmK3kvcDdra0w0MWo2dlIxM05Edy80V0U5RTdwbytPeHd1ajZld1F3UXUwOElXQ3dmKzh5ZmZ5V0NIMzh0NjltZkhOSXdONkN1TzY4dm11VERLZkgvS0hUQjVjUXhmUTMvZ2dLdjB6cU9aUEYxQVpHc3RDOVQva2I2SkhQczZObnI4MFZqdVhYMVorRTVpVHFGbXNpdWpnTmpvZnlCVjdyR0x2eVpYaGFiYzN1TDFjdWNmNXpWYVZqdXpDbjkrYzNHN2hJNFJQMGhWNW5FdDNmUExrWTVrL0xpcGpodHNHWEVhcnlIVGNwcTRJUXo2bytlT0dPeXhZS0xOZHdiWVAyNVVza2JDc3hWSWFTNDhzTWJOOHo0NE9kbDZ4WTVDZWwreWNZVWVwZWJqNmwzQm5yK2Zpci9ONlJoOHNCTHUzeGhOYmQzUWxnb1BvR1N3WWZHOVl6d1pqWWJsMTUxN3pmQTZtODhGc3JoRE1qbVV5d1VJdFdjK2djYUZRVU0rbWdzazhKakxhdW5RZWoxcU5Cd0FxRkZwanNnR0dWNnk1SzliY0ZHczJpclZheFpxdFl0VmRzZXFtV0xWUnJOWXFWbTBWSys2S2xSckZxOGxvT3RoMTdHcHpoUzJXZDBkekkwRjlTOS8yZUhkbi85WkVYM2ZyN3RSQTdwM1czWVFoL2M5Sm5KVndpTHlENVkvcVFYUGdKbDdSR21JR25mNGE1Z09GOHdFM1BXeWk4K1JxNWdiZVV5cTlaeWx4VU9IbVFiZVZxMTA0em1CWU9JUnlZYkl4MlNZR2JPTFJmbS9nSDZ5ME8vZGV0bG9ybVRUblVESjlhNllFb2pQOFlXYm1oNW1KVUhDdHhiMDJKSVhZcjdnOWc1MWdZejNsVXpoR20vbFFKdFdPU2F0aTB1eVl3bFZNWVo3SnpndkU0S2NJMzFnd283OWJDUDVqTHAxOTBoRmhPWmpEMFlSczZjdGw5SzVjU3Q4VUNzdWhZQklGQzJkeGNGT01nVSt0UkRPVmFMd1NEWlJvUDQwUzFWU2k4a3BVVUtMK05Fb1VVNG5DSzFGQWlmTFRLREYxOENya0VGRmdLOTlNV2xiR1FVbndsMmZMWDU0dGYzbTIvT1haa3Eva2JZcjYvNHRueXpXb2ZrcnBvOEdCY2I3YzVRcFFyaVRrYWh0V2JnVDlpeEZFeXZVN2pSVzlOS3RqcWxZMDNpcGFjVmF6a0xVUFdhK1JOZkJZMDVHMUtsbVRENFpielV2R3d4cWNyT1hKZXFpc1dRakRyZFlwYTZheTlpcHJ1TUp3MW11MDJyU3NwOHNhazBDeTJyMnNTWXg1b3Vobi8zN0FBTFBWUHdibW5jQWNqWWE0bmlYWEtMVzYxN1U5NzNCMWU5WHFnalBtU0hVdjF1cXZzMlk4YTl5eXJqd2oxVFIzcmU0KzYvY3pIbllud0c0SjhMMkJ2eGs2RUhvaG1VZ081WWQ4OWZVTnpTbmZTdlJ2czYvZTM5TC9lbnBvdU5DWjI5ODVxaWYzYk00bUJ6SjZhampscTM4WGNUWFdMeUpjaTk5STU5T0lNSnhLMVhzSXBqR2g3eTk0bmkyZFBibHcvTVA1dWF0L2ZYQzBkT1hJd3V5MDhYRHloNG12RU45dk1WL2dHYy9TNG8yNTBzM2o1Y01UcFF0SEVYNk5pVytldjNmUE9IeXVkT3RnOGQ1eEpBZVJKQ0NWVG4xZG52enp3bGNmR1ZPWEZ5NTlqRWpybTAyVHNQbkxVeW5mb25kVDlRb2dCWXhzOW9uK1pkM0pRdktOWkdaTWZ5V3RaMUtlUmx3MCtKL0JXR3d3UllvWWlTdEsvNUwrNXpHcE16ZVdUUTM1RjdQWkwyOXBYQ0doSHpTbDhvRzU0b21EK0pmbGRKdEp5T0xTN0dGa3NZOXVTYWw0NitUOC9TL0tCMjRiRDcvR2FCcEtVdkhPVk9tYisrV0RINWMrblVib2xzWTZnVW9RNkRpQjhxMWMyOUE0aEg3SWpEeGtHb0ZsMVBCQXMyVnJZUGxRWUFXMmJNVVRXb1lTZ2JSdzYvN0M3WnNMQno5YnVIYWgvTUdzais1OWs4KzRkcWg0N0JKQ3I2TDdYaXArZWRVNGNwYU9NYVkrTEg1NkhJaTlzalIvNzR2aW1ST1VXSnE5V3BxZEFtSWY2Q2wrZXFkNDZVZ0pyZHJoRHhEeE9icHJUV0w1MUpHRnN3L201eWFBa3FpaTNEc0tGdTZVSmVQU2pQSEZLV1ExaWk0VC9lU2U5dEV0ak5FSVo1ejgwRGh4QUF1aG05VkUwOGxTdEdhaDV4OGNvTmI3Nk40MDBaWUw2WFlFMmRjdkZ6LzdFcUZiVnZDTGkxd3ZVRmNMMUxVQ2RhSkEzU1ZReHdqVUN3S2RjbVZRQ0hRS0FqVlpvQ1lLMUNTQm1vRGlac1ZROVE4Sm9zV1BENktYZm1RUTdWQUFUWllJN1ZHS1ZxV0ZPOStVN2w2dlFtdlMvUGZua2NjcjBiV1JTTkdxaFRZbVp4bTNaZ1pvK2ZUNStVZnZJL1RqNDdaSGtZeXJaNG96RDNraUc2bEt4dEhyeHVSUld5TFNObk45L3Y2Wkt1SUw5UHlUYUxBWmMrOGJmL3JXZG54RUtuMXp3YmgrZFA3UmhkTHNhZE5aUUd5VHlwL1Bsdi80TlpvMWRra0YwV212K2VpcEtpRTlLSkd5TVJTdFN1VnplQU1VejA5alY0QW9UU29kL05vNGZKa1h5SWhoeVhoNEcwV3d1U2lWeEloa2ZIZkwrT2lHS2JCU1c1dFV2SDBYNzgrS01VNTVnQklWcVhqdzBNTE1MTStDUmo1SHozaTg0c1ZUWjQxN1Z5b3B0dW5EUjZzQXFUenhSeFJxbEFLMnhjRVRWV2hOTXZNQW9KMXowQ3BhTitESVFmSEIwMkdtQ2JVaU9LcUltdW02S3VMVHBUYThHMUdWaDlFSWg0WVRoRW9RZElXZkx2bXRvdFVNSkQ5cS9jem5pSWp0cGhVT3BFQVVzZC9NTWFKejJzUVZqN241aXNkbWpmc1hUVzZzQjRWbytmRGRDalRXUUplczlHREd1SEhNUktPVVJ0Ym0zdWtLN2dqbVBuZS9kUGttRlVYUmRwbDZGYTJyd01DVDN4ckhwNnpOU0dzdGs0aTM1Skd6TkRLcFFMc2N2NHBXWStEQ2E1OFhwKzVZRzR0V2FFQ2N4Z0lyaUpZampibGJQTkhoNkZoRjZ6b3cvOWdVOHIrWkY0akFpRnBsaWpFOWcveGxFaTF0TkRBcVJvYXJ4YzQ4V3JoNnlpUkdxb2pVSUpQWXhvamxpWWZHKzM5bWlidmxKYnVEYm9kQ1AxVDZvZkduWDR3aVl4cC9GdmJRQVQyVTFtUFN3dlFqUWovYStGT3psdzdvcFFONjZZQmVPcUNYRHVodDQ4L1hQanFnVCtWUDJ6aEZ4azJreGgvQkNVcExVRnBDcXpxWDZYNFU2QzZzT2FYeDNoTG9MckxPYkx3L0JMb2ZCQnIvQW8xM2djYTNkYXhybEZOVCtVTStUSkZoRTZteGsxK2dFU1BRMkJCb0ZBaDB2UVc2c2dKZFExUWp2RlJUSXp6VkR5a29OS2l6UmJQT1JyVkZrL1ZJaXlxTVp5bzZ0YXpNcUs4dE0zeTBIMGNTRzlwemM5OHZmSElSSllPVytqcUJVcEROOWRYVmNKUDEwT3lzcktGVzJXOW96ODlVdG0xc1pDQm5URTlRamMvUnJwbEppMi9mekNndERjZ1dNbENnUE1pa2hwcmlxc2w2ZW5lMnFibldwbWRwKzVHM1NkcW1JT1dVb0ZZU1ZDREVLa2ZFOEFnZjdmZFpVNUEyTS9TclBQcFZodDdDbzdjdzlIWWV2WjJoZTNsMEwwUDM4ZWcraHQ3Sm8zY3k5QzRldll1aDMrVFJiekwwV3p6NkxZWittMGUvamRFdHpYVUNkU1g5VUFYcUpvRTZSYUJPRU9pa0JUcEpnVTVLb0pNUXFORUNOVktnUmduVUNJRXFSU3ZmYkxjanZCQUZTN2lMR3VjdzJGVWJCaTlBMzFjcW52ektPSHFhbG5YOEdpdXQ5QnFITll1ZE9TVmw0ZllmWG9BZXRZU0tEL1JJL2hpSnVKbnR6RWtrQnFIUFpzZUhGa0paeDh1TDI4dkRmSnkwTUM3Y3Jwd3BuL3VEcXpUY21uUGk0NlJGc0cyUC9tUmMvYVNHS3dqTlU2bjA1YVBpSnc5ZDFlR1dueE9mcFE3M3A2WGlxUnZGV3pmY3BKR1d0aE1ma1ZiRnJEb3lxMHkxZ2xWZitNQTQvNit1cWhXaTJwNlBtd2gyaTNIbTBNTER5NjdTaUZzYytEaHA3VWphL055aDRvMlBhN2hJVU9LTEZUekZoU3ZmdVFjbHVZRng1clRDSE4rQjRHQ3ozdzdBb2pxeXFNQ2lPYkpvUWVqNlNnWXFHMi9ldEk4dzNOMldjTXhmL056TmxhUUo3c1JudVJMZndxQ24wdFBJQmE3UzJzbkMyUE5aMHZDbERYcU1tVFB1blhlVFJ1NTJuUGdzbitON0xxbDRBM0hkZFY5RmNpSG16RWtrL3JiVHZDTERzN0RaNTVSVjRZU1NET2pHVE9UK1BmVG5IVmpadW9YSkV5UitUcHh3WU1CTFVicDUzRGoybVp2enlIMkRFeDliQ25KZEk1VlAzc1U5RFdkcDlGYkhpYytTaHUrZFNERFpSQ1VualZ4UE9mRngwa2lNWDBTUDNxZGRwZEVNYjgvSFNjTitLMzd5cUhqNWlLczA0amNIUGt1YVNrTDQydm5TR2JmVGg5NWtPdkVSYVlGTzgrcFVRczk1NktFVlBYbFZSQS9RVlh1NlNxM0JmaStldmI3dzhKaXJOY1R2RG56YzNEUjZuSlNPSFhhVnBwbkhpUjFmMVhGQ0wwSWRtVldtbWh3QW54MnpPNnlCUVhWZ01GMUJNdFhrSWNQbWFNQ2JrRngzU3NiMGFYUXdsQTlPMS9Dc3Qyd21GNk11ckpiSHdtUVhQWnd1M25UYmsvUzIwNG5Qa29adlA2WDVlek9sOXkrNFNTT1hwRTU4bkRTU0w4NWNMWitiZEpWRzg0VTlYL1Zxa3F0cVIyYTJtbTJrcURvNDdYNXEwSnRtSno1ckl2aEtVeW9kT1dHbjgzZWQ1dTIrdVhQUmtWODgvVkVObTJvcEphOEN1SE56cXR0cHpCVG5ycnROcEwzZERCZzdQazVhbEVvenZqM2dLaTFxU3JQalk0Y0t1ZFBGaHdxdUY2WnJFeUFYengyeWVUbzdzRm9XNG5jT2NObHAzSFNkTDNrMXdZbVBrMGE4ZCtLQ1hYNG1ERkhGckYrL08rV21McXBBL1dyRFI5U1JNTUFYOUJJdTFOQkVKdzhWejlTbU9pNE15RzIrT3plUjNMS3JUb1FISGk5NzhoSGhpY1hMSGwxRWVPandzcWNQRVo0Y3ZPd1JRb1NuQkJIS2ZDK3I5MFVvdjcyc2FHZVFLa0kxN1dWbHRRZ2xzWmZWeGlLVXZ5SlVyMTVXeG9wUXB3S2dBcUNKVUZtS1VCcDZXWTBvUW4zblpZV2VDRVdhbDFWckl0UlpYbFp3aVZBbGVWbTVKRUl4SkVMRkkwTEo0bVcxaXdoMWg1Y1ZJQ0lVRDE1V1JZaFFBWGhaS1NEQ01lNWw1N2tJWjdHWEhjb2luTHNBcUNJY2tWNTJWb3B3ZEhuWmdjY2drNzh0cmdCZ1lreTNrK1BEeTg0UkVRNEFMenNKUk1qaVhwYk9SY2l1WHBhVEdVVEZ0NW1yUXJPbUNJbFJoSnptWmNsTmhKVGtaYmxKaEx6aVpRbEdoTXpnWlNsQ2hMM3RaWnRjaEgwc3drYjBzaDBwd2o3eXNnMjFjbTNEcmgvWDMzTnYvTFdUQy9kNjhpWUFmbCtneWIra0gzL2RGMzlaSWxud0xCMUhQNzlmdjMzNzc5ZW5VdjZtL25naE9Wb2dYd2V1KzdmMDBYTi8rUS9STC9adnpxWk1WR2RqNE9wL2lrakUxbnlmbmt6RnNwbnhZY1NReU9VeWlmUmVqN1M3ZlAvVDRvbkQ3d1NOang4WUgxMHBudjZ5ZU83RHZ6NDR1cnQ4N2l6QkYrY215MmUvTUNZdkdkZStveThuWVBNV05TL0huLzdGdWV4Z0pqMjR4L1AyemtJNjA5ODF2S2N6dHorUkd4cks2T1QxaFhRbVhSaGZIU3JzTDlEdkxIZnFRK2xzLytEd0hvc2FXaGVzcHFmUysvQXJBaStQNnNuUW1vMnBWQXE1QXluejVBdmpHZDBUMktlUEZ0S0R5WXlVektTSHNoc0t1YjBiOXpGeEd6WmFiMUQ4NzJhSlJqYmxzcW1CREozWnNzSndPdCs2RDcvZnNDa1UycGhDaStJVC9JTHRjbmhyVm1NTGZzT2hZakcyNEg0bVd0YkFyeW9IQi82R3JXQmdKVnU1UU10d3dQZGpseW53YTg4YlQ3WSt5RmFYMWNGVSs3VUpQUHZFeXhKNDdxblhJL0MzOXFzUStFMlZDMWN4dHdmK2p2TjNGSCtYZmtWRFhiT3ZNYkI4Q0wrQnNyV2dqM1RseHJLRmVrOXEwWEpmSGY2emRPWGF1anJhYzE5S1RHMzBlL0VYaGJweW1keG8wMWVML0kzOXo4Yzc2MFg4SWsrOTZWNzY3c3dpSlpXaTcvYWdYMnErams2ODAvSmVialFsRGVEM2ZUYVFmNUdYTW1nYWplWW84K3ZOOEs0UHh0RFJDQ09ZbU1XbE8yZGp4c1RsRkkwZzhxSlBlWElhWDczZG1DcGVtRUo0MGNUYmYzay9oWnVvbElIL0dqOUNONWxvL0YxNzlPc1NzT0YzMllIODNvMWtrYkh6QXNnTmdhQ3RDMVJiRjRSL0RpN2d2MXhmNFFMcnEvNjhDNVJXMmRZRkRZOXpnV2JyQXUxbjdRTHJHL1pQNG9MR3g3a2diT3NDNWVmZ0F2Ni9OK0Jkd1AxSEI3d0wxTmFJclFzOGozTkJ4TllGYmYvdkxxajYzeFYrUkJSUUc1YmlGeE0za3JrancxTmtacytrMHZtOW1lVDRobXd1cTI5TS9ROXJPZ2o5Z1VVQUFBPT0iIENvcnJlbGF0aW9uQmluZGluZz0iIiBVcmxFbmNvZGU9IlRydWUiIC8+DQogICAgICAgIDxGb3JtUG9zdFBhcmFtZXRlciBOYW1lPSJfX1ZJRVdTVEFURSIgVmFsdWU9Int7JEhJRERFTjEuX19WSUVXU1RBVEV9fSIgUmVjb3JkZWRWYWx1ZT0iIiBDb3JyZWxhdGlvbkJpbmRpbmc9IiIgVXJsRW5jb2RlPSJUcnVlIiAvPg0KICAgICAgICA8Rm9ybVBvc3RQYXJhbWV0ZXIgTmFtZT0iX19TQ1JPTExQT1NJVElPTlgiIFZhbHVlPSJ7eyRISURERU4xLl9fU0NST0xMUE9TSVRJT05YfX0iIFJlY29yZGVkVmFsdWU9IjAiIENvcnJlbGF0aW9uQmluZGluZz0iIiBVcmxFbmNvZGU9IlRydWUiIC8+DQogICAgICAgIDxGb3JtUG9zdFBhcmFtZXRlciBOYW1lPSJfX1NDUk9MTFBPU0lUSU9OWSIgVmFsdWU9Int7JEhJRERFTjEuX19TQ1JPTExQT1NJVElPTll9fSIgUmVjb3JkZWRWYWx1ZT0iMCIgQ29ycmVsYXRpb25CaW5kaW5nPSIiIFVybEVuY29kZT0iVHJ1ZSIgLz4NCiAgICAgICAgPEZvcm1Qb3N0UGFyYW1ldGVyIE5hbWU9Il9fVklFV1NUQVRFRU5DUllQVEVEIiBWYWx1ZT0ie3skSElEREVOMS5fX1ZJRVdTVEFURUVOQ1JZUFRFRH19IiBSZWNvcmRlZFZhbHVlPSIiIENvcnJlbGF0aW9uQmluZGluZz0iIiBVcmxFbmNvZGU9IlRydWUiIC8+DQogICAgICAgIDxGb3JtUG9zdFBhcmFtZXRlciBOYW1lPSJfX0VWRU5UVkFMSURBVElPTiIgVmFsdWU9Int7JEhJRERFTjEuX19FVkVOVFZBTElEQVRJT059fSIgUmVjb3JkZWRWYWx1ZT0iMi9TZkZRb21HS1crS0ZmUThENXoybGh0ZUdZbGtzdmN5MDJTaFQ2bVRNQXF6a0NvY05jeEo2NG9Lb1EvekZpUC9aNlM1NURWQ1NQNTVpK2JlQ2dyVzROdkxxMG53VjRYcFN5UU4rOTUxTVRrdnNWeDJHVzU4Y3RCYis3NFFyRmZqRi9qUHBaT3VQTWI2M3NwbWdteVkxWHdVbVVwcVc2ZTk4UUpZdGw4cEFkV1B5QjJNL0psYkM2L2lzd2dUYVJZUVNMejNXbU9rT0k2aHpOOWkyZTlLWWNHRWdEanhhcnlhd2FYNmE5S3BZZm5rcWY5VkhYLzh0Zk9vUVRtaVk3VkVFSTg0azRpUWI2SU9ra2RnOTdjcGIwcndhR2xHM1FKSU1mbzY1YTlnS3VoUkwzUUxjcXBseFkwZWZDTjEwclo0eDVqZlhzczNYVDV2UitmdW9xWG5QWmxFMTJ6WmhUaWdncWZ1R0JrZjFRVTdoeTdPODhaRkIwMERRdE5oY2ZmM04zR2pvSTZZb2hLMS9kbkdKL3NvWk4wWm8yK3RaeUxnQ25BY3JRZmRpT1hqM1h5WXMrY3hSN2NnWlJzMlNReUQyYktiZUcrYU5aMjBFR2dhSlVDLzQ4V2RRbzc0YkMyQ0FQbFFNUnJHY3F0RTNGeVpFYzRuVDNvaCt1VFkvTXRxZktRMzZ2Z0RTOEVjWEF0SjdYS3AxU0RhcWxnUVkzU0pNUVlMcDF3Um94WGJhUTdaOGpxdWJqSkozdSswRGkyOSswWUs1Rzl2cm9JcDAzWS9HQ0pRRXUyaGlqSThrSDhmb1BJeDlYdnFDYTRkRGhyRkpjUnhac21nenk2NFlsZVdkUklpZjZrZ2FOSDk1M3R6cms3OGt4cEVXTllWdG9FNCt2cUI5UlpzbDJPcVBnZDFSK3licXpnWWQxMzlidktkRENVZW9NeVVNYTJjalh0MHJDOWRDU1N1NjgvYnZYanFkOURyeFhxdE1nT3lGNzd0RTNQSDhqZGNpZUc2a0Z0T3Y5Uzl3V3RkMW50TS80THJMOUE4ZXYyUklMcHowQkR0TS9aSCtPb245RXl0UWY4QjBMTFRlWFU2c1Z6dWo5dGxuTURKWjY5WUtLZWFoWTlVVUZvbnIwY1JtZU1BU0w5NW52dVlSenZYdmpGREhZRWhSMHJISFhBVmxuV3ZYbVJHayt4SkQ5S0RHcjZMYitGZ0lCOG95d3Z6WTBTVWdTS2V1MytDTDZEOEI0YkRyZXYxWUQxbmtCWE1ySWVBY3hkQTQ4ZlI1aVgxeWYzNlVLbnlFUG9iNW9LQzBJd01LK3VsbkpUVUlIMVdRS045cGtpWTFveStmeXM1ejlaSnJ5ZlBTQ21OTkhuVnczWWJ0WStQcTNDZnZqMWtSV3JHeFRhYXlBckZTWWVGbzlDZVpLVWpqMXpJNERzM1FETmtLY243UFI3T25LOC82K1ZVZWhUd29NMDdtNlh5Y0kxQ3N3Q0UyRjZndTlmQ2tWNzkzc2hITFVHbEx4cllsbGlFdWJWWnNkUWR4dE9idzlSTzNWaGQ4aUhuZkczYTEvWU5tc1hIRXRYTkltUXQzREJYR0c0akU5d2l0a0JrSWNyTERmdEtNTXF2V2NPekN6LzRCZ0wvdDVwMnNCRnlmWnY0Tytvd1hPeUdqaWJNNTJFRVlxamtrRmNXcE1jME1JMVRHTXh2OEVvWnFzRGp6dWtEVCs5WmFmVnlUTFZCVHZlMXFQM0JzUUZ2OFB1czNrSHBIcHp6Y1F6a1F5SkhxZkpIY0VNODN0K3VyUFkzcjhydGp2V3NLbGF5enQ0Mi9GWVRyVzBMeXVmaDJOSDI0RUJTelBVMmlwRkdUUmJzQmtSUGl4YldSNkdodFpqeEdIUmg5NCtlTmFGMXRwYmpXeHVzQlhMQlZNbkVSN1lUaDhheXNLUVNpejRtRjN2WmFGbDI1VmVTd2N0M21sTm5iT2d0dzluaWF1SlFpdEo0WXVBbm5oSks3UlRGMW0vbmVweklQckpvd2hzbTZGalBGU1lib09jV1hiRVpVbGZVNkNNVjNrU2hLZ1NjSTk3S3ZlYWVaelRpVGRaUEIwSFdQamRpUnEyZ2xEMmVIanF0Ulh0d0FtaVZPT055MmNQakttUi9nem5ROEI0dG9tcERvZHdJWS8za2VPQTRGdnl2eWtOZEg5MTNqNm5JZmZjNzdwL3BQYUJnZElyMjdSOEUyUjdtem5ZVThwYUFSd1RHek9tUWFXaDNnZE1tbTJ6STRvTkZ3UWFkUjlSK0w4U2VFYWQ1cXYvdk04Y3ZYeXcrdmpIS3owTkNkTVhxeWgrSW9oOWxSY0dNSnVONmY3RHU4Qk8wdUNvd1ZoS2RaUXNJeXYvcG85R1Nma1daTERCcGtUUVBwT1BWbmlOZlZnYkpNTlhhekUyOW1LcEd4ZGtmVG05MjNzZ3k2dmtLQ2F4ZmZld2J3N2pWeGdGY095NWlnVXJickJJczltVkx0ekhhMWx6bm5WaGZ3cERPQ0hzODdsZERmSUVXVjNXMFJTZ0JRYjRpN0FVd1FDb0ZnbjBncWM1bmtHQ0VFYU8xcTBKSWo0aHY2eFNsMVJyYnJ6eE5HdkwzMS8vMUhsZDVmbUpQK3JvQmNucGlQdkkwZ2loZUhlRUtqNVJ5bjBQUitETi9IZkFWaHQrbHlqaGhTb1pYWjVVcWVqSHFNbDdYd25RR0J1TzJEQkR5UU5JR25SQkp4TEdoUVRvQmtRbk85V0tJMkE1TmZXbFdSc2tpclU1RXlwSzZQR1hiMGVLWDJybzZJWld4YlN4eTFFRlYyMXNTcjBNbDJsNXkwM3h5OFk3Z2tSQzBzaU9PV0J2N1BRRFFLL0JRVXp5bngzRzAxdFdQeW9ITkRtMzBBSHdoWXgxbEgvQTA3K2IxSGFPenUvNEhKbnN0L2NtTTRua2JkTkJDaTZuRXdpMGV2N3paMnRuR0Q0ZmhhRlZ4alZNMEVHTVdnSC9RMTlrQmx5U0MvNTNMN1NndmhyNUVpTlUrZ2hZSmpZbjdUei81SzZ3ZjgrWURVYlFIbzFRaUdkcmM5MUxXMnQxNHhuaHZjb2dMakpycCtsWDU2N2FUaW1NOFI5cHh6cytldGpiR1JUOFE5c2tEZ200c252MGxaNVNzYzh3NDhCMHl4R1RGWGxZa1VFallXQXJ5MUJSQys5OUF2aGp1aDJwQU4ySTEycGQzUzZ2M1Nod29uYWVDUTAyd1VmRTFRTWoraVRSOW1xLzVqUURPd3NkZUZjbjBvdFJ3MnFZRy9MbGp1VDcxOXlxanRkSDFFUWV1RU13N3EwdFZ4WDlBdHJtSm84ajVENGV2YmRuc2FIS1ZPajMzYXlmU0xFMStTblowclVjYmhZRzgySW10MXVTamc2dnZxT3lzbUptV25ZdUhkeG0vU29YUzc3RGdrQTBDbkZjUFpDUE5Ub21NVE12b1p4QzRGTlQvVFJWZDVnS1d0Q2VZTnpWNXJFWUplUi9TTDNrNVM0dDgvSEIvQ09FSmw1NTN5UHM1Sng5WU1aVnpkM2UvL3FsRmF6M1J6eG1SUG8xdENsV2lNdDY0TVN6RHg0RGN2dndDMldzWnBCR2VjZW9aMkdsM2x4MFZ3R2lWV0h0UGNYM1VmOG5kbVNMT0NXd3Rpa3MrYi9vQm16Nlc4V2crVHl4V2dnQzRPMDVoMzVpeENKbXlmSTFURkhvM0tDditWS0tTVzVvYll2eXFzU3E5Q29WNjNCS2tCeURwN3hicFRxNUNOSEkwZnpSNTZMaFBVR21XdFl0cDlBU0ZXNWUxR0xnWGdZaWp1UnZRKzB1TXcrMzNWTFQ2TEk3bnpiaURpUk0vbzB6T2xIcEFsMmhrZjBMejNoY2k3eExmUEFXSmdjNCtoOHFTZllQU1BZcVI5NDdONy9nNTZraDFJU0l2TGJiUnRENEt4VVEzczB1Rmx2L3dDQ01WTjQwWGNaWEh4SzJxMk5QeW03V2QxcHBGa0RjTmc3Ky9GV0VBdmJaNlg2K0QwNVVOVjRNbkpySWs4VEZlM2ZYVU40alpObzBSYXpyTUp3dVRlVWQzTGpBbnBlbFo2bWh0S04xZEZQc09KaE40QzdTbWE0cm82ZWJPZ2h1Rm5MTjcybjkybVhpaEVFU0Z5TTlHQ2xMVFEvRTNxeTBkaDRCS3JXT2U1R2NremxQN2tqbGY3K0dvbGdUNFdWalFLK25WdHNkTTRSYVREbFVyNm1EZW1LM0owYlVmZDNjclZCdWJpRlBROFA0cDNPbkpoZkJOdm1vdjBHOWlidnB4MC94d3VCZGN5QVNYbjB2c3VyUEJTZGpNam01ZVdLUEhiTGNnb3ZPbXRFNmNzdGQ1bk51YmhZbEloMGF1N05xT3l3RFpqOTVxZm1ZOXhJdmtuUHlDTkgrN1JPKzRrYjlpeHNlaEgvak1iOVVxTStrRG9kc0d5bjRTT1Bha2JOamI3aDN1cUs0KzYvVXd6YWJGdHBpbjd2cUwxRWNYWlEwVEZzTjl1R3ltR3g4ZmU1RlZIYkt3SFdtTk4wcHM4VUNreHJJeEpQdjN5ZTU0ejRzTzVXSzJlNTY4ZGc0QlZWWHRvcysyTTBISDNqUzVUYkZVVGYwckFWMXYvaU1vRnpjYjVBVndUdXhSa0pBYitFVEw5RTFkTmhKN0hmRG1sbFlNMFNpRG8xaUg3R3dvM1B4L3ZWYlBQT0dnNExreTNkdkZXWEltdjNLSm9uKzFkRlh4ZkxpNWRuMVVUWjI4LzlDdW96SU0wSnJ0am9ISGFPVWhBUzdtczZCSEZET0JoaThYNFAybTlwbUFjSEpsUTFEVWJ0d0F1MGQ5WnZvSlhPUno0UlVWMnREemVPTUVabXlvZ2pvUVpVd2xGcmpqREtnc1RndkdqM3RndDZYeVd5VTZ0WGtFcm56d0tBeU1UdDVINEJETzRvV1dWZnlLcHdRVTgwWThwSm9qdytVRjhlVUt2SU91R25sOGRTRkkyZ0YwN1hDQ1ltRmY0c3B1dElWazVIZURvU2d3L2ZnRzF5MzFKcjAzeGs1SjM0MkVZWmhrRjVNbzV1Q01Qclo0MHh2L2dOWkdQT3kvL25NK3A2cjR2OGRwZFhoRjEzRUpmRnBwcXJicEpaakhVeEo1Qm5SNGp4Tk9ic3JkemdnRFBMUjd4bi9CVExIN1RFSnRuRmtla2NSc1lvYnhZZEpZSjRmb2NkdmZpRGwxT21PQ050RmFUWXYvc0h5OGx6UnhQUXAyZGMrTHVHVXBHYlk4bThvL2N0Q0IrODdWN1JoWkJpYkZyaXRiSE1WVE9TWVQyc05GQnV0cjhoZ0krSDlWWGw2eGJoalIwb2dIczBuSmRIMlJqbzhPbDc3VkRQaEhiWkxqRzREc05aM1pFZDd5Qlk2bDhwUTBiWGZqZXdoaXN6SlErT3lvMS9sYTNsVkFtcit0WDY0VFRjeGNVZTJ1c1NMSGZKVjhEMVdCWGRVSWF6K2w3VFhHQkVyeHRCc20xaGN3c3NjdjFNNk13SGg1MlBaSHlyTXdsWFkyTXVTcFdZRWN0a2F6cTNoU0x4QVhQdW04ZnJ6aWh3M2FINFdiODYzMVVkNko3ck1YNGYzQVQxaGxDTXFYcFpKenhac2o0YTJMenZhM2NHdGhiVEFobDdRSXQ0WkRETDB6TkI4UnRzRlA3cU41YllSREUvUWFiQTFwM0xySExGbEZwUW9wdGxlMmphbHVOb1lqZFAxUVZHMVU4YWlOZ21pR1FJRVdBSmJaUUV4N21pOXlySWZSUWtGNUR1Mlc0Tm0wNHRtNExYZmo1Umxuc3AzQ3pyeDBqQVh3SWxoZ3o1N3lDWk9CeXU0VU5wTWltYkZIVjRnRXJqaVBBSU8wb3EwY1pzdjduVnZjMjBPMk43YkduZ2FVNTh0Z0IyNEllTnhleVIyNVdxRHNwQkxIeVVyZXdFdTkybWJtbHI1Qkg1TmE3bTZ4TEN3cDJTVWErbnFLc0hzeEJWZUNZQWxXM1Y0a2gzVFdDTHdObjdtOUlNQ0JpdVN6c2lIM2tIWEtDcHR6WDdjNnV5WC9OemRmRDkxNWpjY1d4MmtuWExES0dKcWJ0WmRQdW92RDBESjBiMGIyVUphV0N3U0ZNM2hTaXlnVTVCR3BxTmNrRTBXNURHVThHZjNJM0o1d2JMenVCT3NWbEdoS290eDJDbFJ1NWRIdUVqNWtqVnF5NFZSTGh2ZGI4MHVGYkFHTUpGS1ptR25FZFBQUmZDbDdLamUxaVhaelBFZnhMSkJhYytjRFZNVTcwWjlaZWFEcUJNZ3RWdzlKaStZaWIwaG5MS3FOT3ZDUk9ZOXhUVnIweG9vc3cvZ3Q1ejJUUldkODBpVmdtcTRUbFROZ0tLZHVlZnpmNUZtTHVORkN0WkdXa1ZxSnNaNHVmYWhaYnZRbTNaaUNxdjc5M1orNmc3RnRXWmlqTzdVZ2tsblRqcjQ3bS9zVWFKRDBXUlRWMXc2WDVVc2JXcFdzNEFlOHVXU0VqZ2pqSXZKYVlxOVBkNnBnbDJzaElIa2Z2bndneVFaUDhCL0xiYjNxOVg4bDlBcGhhTWFxMEhiVWpWd3g3RGUvTUlUbjV6ZENhNGpMY1oxU2dpR2NzTnNSQXdtZ3pYNnNYVHl2cmg2QmxrS0dhUlZGdlJNMkc1T0orZE1VU2RzZ2lENmtQeThMSDFLc0NGdlpuVFdHVEFLbmhZM1FYOUp2cWR1elJLb1B4TjE4enFpZHluajkyTS8vbkx1Q2d5KzF5NFVCUmFCLzljV0tZSXF4RytFclZyWW4waFdjcWJab0FRZVQxbDFWaGlWa3ViaVNUV2dTTmRwM2c5Z0RoejdudjlFdWZCQkUrMXN6aG55dkt1ZFFSdTU2K2pScnpiTjNPT0p2bnNhaUljSFl2eWE0bWNuU2x3d0JGWHAwVUpZU0ZoclhWL01ycVA5UFJ6UGRycWJQNUxyMW1CRTVQUWp3QT09IiBDb3JyZWxhdGlvbkJpbmRpbmc9IiIgVXJsRW5jb2RlPSJUcnVlIiAvPg0KICAgICAgICA8Rm9ybVBvc3RQYXJhbWV0ZXIgTmFtZT0iU2NyZWVuV2lkdGgiIFZhbHVlPSJ7eyRISURERU4xLlNjcmVlbldpZHRofX0iIFJlY29yZGVkVmFsdWU9IiIgQ29ycmVsYXRpb25CaW5kaW5nPSIiIFVybEVuY29kZT0iVHJ1ZSIgLz4NCiAgICAgICAgPEZvcm1Qb3N0UGFyYW1ldGVyIE5hbWU9IlNjcmVlbkhlaWdodCIgVmFsdWU9Int7JEhJRERFTjEuU2NyZWVuSGVpZ2h0fX0iIFJlY29yZGVkVmFsdWU9IiIgQ29ycmVsYXRpb25CaW5kaW5nPSIiIFVybEVuY29kZT0iVHJ1ZSIgLz4NCiAgICAgICAgPEZvcm1Qb3N0UGFyYW1ldGVyIE5hbWU9ImJ0bkFjdGlvblgiIFZhbHVlPSLmuIXpmaQiIFJlY29yZGVkVmFsdWU9Iua4hemZpCIgQ29ycmVsYXRpb25CaW5kaW5nPSJ7e0Zvcm1Qb3N0UGFyYW0xLmJ0bkFjdGlvblh9fSIgVXJsRW5jb2RlPSJUcnVlIiAvPg0KICAgICAgICA8Rm9ybVBvc3RQYXJhbWV0ZXIgTmFtZT0iZGRsT3JnQW5kRmxvdyIgVmFsdWU9IiIgUmVjb3JkZWRWYWx1ZT0iIiBDb3JyZWxhdGlvbkJpbmRpbmc9IiIgVXJsRW5jb2RlPSJUcnVlIiAvPg0KICAgICAgICA8Rm9ybVBvc3RQYXJhbWV0ZXIgTmFtZT0iZGRsUXVlcnlDb25kaXRpb25zIiBWYWx1ZT0iMCIgUmVjb3JkZWRWYWx1ZT0iMCIgQ29ycmVsYXRpb25CaW5kaW5nPSJ7e0Zvcm1Qb3N0UGFyYW0zLmRkbFF1ZXJ5Q29uZGl0aW9uc319IiBVcmxFbmNvZGU9IlRydWUiIC8+DQogICAgICAgIDxGb3JtUG9zdFBhcmFtZXRlciBOYW1lPSJ0eHRPVEVtcElEIiBWYWx1ZT0iMTAyMDk5IiBSZWNvcmRlZFZhbHVlPSIxMDIwOTkiIENvcnJlbGF0aW9uQmluZGluZz0ie3tGb3JtUG9zdFBhcmFtMi50eHRPVEVtcElEfX0iIFVybEVuY29kZT0iVHJ1ZSIgLz4NCiAgICAgICAgPEZvcm1Qb3N0UGFyYW1ldGVyIE5hbWU9InR4dE9URW1wTmFtZSIgVmFsdWU9IiIgUmVjb3JkZWRWYWx1ZT0iIiBDb3JyZWxhdGlvbkJpbmRpbmc9IiIgVXJsRW5jb2RlPSJUcnVlIiAvPg0KICAgICAgICA8Rm9ybVBvc3RQYXJhbWV0ZXIgTmFtZT0idHh0T1RGb3JtTk8iIFZhbHVlPSIiIFJlY29yZGVkVmFsdWU9IiIgQ29ycmVsYXRpb25CaW5kaW5nPSIiIFVybEVuY29kZT0iVHJ1ZSIgLz4NCiAgICAgICAgPEZvcm1Qb3N0UGFyYW1ldGVyIE5hbWU9ImRkbE9UU3RhdHVzIiBWYWx1ZT0iMiIgUmVjb3JkZWRWYWx1ZT0iMiIgQ29ycmVsYXRpb25CaW5kaW5nPSJ7e0Zvcm1Qb3N0UGFyYW00LmRkbE9UU3RhdHVzfX0iIFVybEVuY29kZT0iVHJ1ZSIgLz4NCiAgICAgICAgPEZvcm1Qb3N0UGFyYW1ldGVyIE5hbWU9InR4dE9URGF0ZUJlZ2luJHR4dERhdGUiIFZhbHVlPSIiIFJlY29yZGVkVmFsdWU9IiIgQ29ycmVsYXRpb25CaW5kaW5nPSIiIFVybEVuY29kZT0iVHJ1ZSIgLz4NCiAgICAgICAgPEZvcm1Qb3N0UGFyYW1ldGVyIE5hbWU9InR4dE9URGF0ZUVuZCR0eHREYXRlIiBWYWx1ZT0iIiBSZWNvcmRlZFZhbHVlPSIiIENvcnJlbGF0aW9uQmluZGluZz0iIiBVcmxFbmNvZGU9IlRydWUiIC8+DQogICAgICAgIDxGb3JtUG9zdFBhcmFtZXRlciBOYW1lPSJ1Y01vZGFsUG9wdXAxJENsaWVudFdpZHRoIiBWYWx1ZT0ie3skSElEREVOMS51Y01vZGFsUG9wdXAxJENsaWVudFdpZHRofX0iIFJlY29yZGVkVmFsdWU9IjAiIENvcnJlbGF0aW9uQmluZGluZz0iIiBVcmxFbmNvZGU9IlRydWUiIC8+DQogICAgICAgIDxGb3JtUG9zdFBhcmFtZXRlciBOYW1lPSJ1Y01vZGFsUG9wdXAxJENsaWVudEhlaWdodCIgVmFsdWU9Int7JEhJRERFTjEudWNNb2RhbFBvcHVwMSRDbGllbnRIZWlnaHR9fSIgUmVjb3JkZWRWYWx1ZT0iMCIgQ29ycmVsYXRpb25CaW5kaW5nPSIiIFVybEVuY29kZT0iVHJ1ZSIgLz4NCiAgICAgIDwvRm9ybVBvc3RIdHRwQm9keT4NCiAgICA8L1JlcXVlc3Q+DQogIDwvSXRlbXM+DQogIDxWYWxpZGF0aW9uUnVsZXM+DQogICAgPFZhbGlkYXRpb25SdWxlIENsYXNzbmFtZT0iTWljcm9zb2Z0LlZpc3VhbFN0dWRpby5UZXN0VG9vbHMuV2ViVGVzdGluZy5SdWxlcy5WYWxpZGF0ZVJlc3BvbnNlVXJsLCBNaWNyb3NvZnQuVmlzdWFsU3R1ZGlvLlF1YWxpdHlUb29scy5XZWJUZXN0RnJhbWV3b3JrLCBWZXJzaW9uPTEwLjAuMC4wLCBDdWx0dXJlPW5ldXRyYWwsIFB1YmxpY0tleVRva2VuPWIwM2Y1ZjdmMTFkNTBhM2EiIERpc3BsYXlOYW1lPSLlm57mh4kgVVJMIiBEZXNjcmlwdGlvbj0i6amX6K2J5Zue5oeJIFVSTCDlnKjlpZfnlKjph43mlrDlsI7lkJHkuYvlvozmmK/lkKblkozoqJjpjITnmoTlm57mh4kgVVJMIOebuOWQjOOAguW3suW/veeVpSBRdWVyeVN0cmluZyDlj4PmlbjjgIIiIExldmVsPSJMb3ciIEV4ZWN0dWlvbk9yZGVyPSJCZWZvcmVEZXBlbmRlbnRzIiAvPg0KICAgIDxWYWxpZGF0aW9uUnVsZSBDbGFzc25hbWU9Ik1pY3Jvc29mdC5WaXN1YWxTdHVkaW8uVGVzdFRvb2xzLldlYlRlc3RpbmcuUnVsZXMuVmFsaWRhdGlvblJ1bGVSZXNwb25zZVRpbWVHb2FsLCBNaWNyb3NvZnQuVmlzdWFsU3R1ZGlvLlF1YWxpdHlUb29scy5XZWJUZXN0RnJhbWV3b3JrLCBWZXJzaW9uPTEwLjAuMC4wLCBDdWx0dXJlPW5ldXRyYWwsIFB1YmxpY0tleVRva2VuPWIwM2Y1ZjdmMTFkNTBhM2EiIERpc3BsYXlOYW1lPSLlm57mh4nmmYLplpPnm67mqJkiIERlc2NyaXB0aW9uPSLpqZforYnmraTopoHmsYLnmoTlm57mh4nmmYLplpPmmK/lkKblsI/mlrzmiJbnrYnmlrzmraTopoHmsYLmiYDmjIflrprnmoTlm57mh4nmmYLplpPnm67mqJnjgILlm57mh4nmmYLplpPnm67mqJnngrrpm7blsIfooqvlv73nlaXjgIIiIExldmVsPSJMb3ciIEV4ZWN0dWlvbk9yZGVyPSJBZnRlckRlcGVuZGVudHMiPg0KICAgICAgPFJ1bGVQYXJhbWV0ZXJzPg0KICAgICAgICA8UnVsZVBhcmFtZXRlciBOYW1lPSJUb2xlcmFuY2UiIFZhbHVlPSIwIiAvPg0KICAgICAgPC9SdWxlUGFyYW1ldGVycz4NCiAgICA8L1ZhbGlkYXRpb25SdWxlPg0KICA8L1ZhbGlkYXRpb25SdWxlcz4NCjwvV2ViVGVzdD4=">
      <Execution id="994f72f5-9bad-4f6b-aee2-035593b17436" />
    </WebTest>
  </TestDefinitions>
  <TestLists>
    <TestList name="不在清單中的結果" id="8c84fa94-04c1-424b-9868-57a2d4851a1d" />
    <TestList name="所有載入的結果" id="19431567-8539-422a-85d7-44ee4e166bda" />
  </TestLists>
  <TestEntries>
    <TestEntry isTransparent="false" testId="32b3eb7f-657d-48cc-acc9-b304c0cd482c" executionId="994f72f5-9bad-4f6b-aee2-035593b17436" testListId="8c84fa94-04c1-424b-9868-57a2d4851a1d" />
  </TestEntries>
  <Results>
    <WebTestResult executionId="994f72f5-9bad-4f6b-aee2-035593b17436" testId="32b3eb7f-657d-48cc-acc9-b304c0cd482c" testName="WebTest1" computerName="ANSONHUANG" duration="00:00:00.4873311" startTime="2017-05-16T10:43:42.1892651+08:00" endTime="2017-05-16T10:43:53.2607651+08:00" testType="4e7599fa-5ecb-43e9-a887-cd63cf72d207" outcome="Passed" testListId="8c84fa94-04c1-424b-9868-57a2d4851a1d" relativeResultsDirectory="994f72f5-9bad-4f6b-aee2-035593b17436">
      <ResultFiles>
        <ResultFile path="WebTest1.webtestResult" />
      </ResultFiles>
      <TestSettings name="本機" id="f0316326-3a07-479d-8058-64131c18b509">
        <Description>這些是本機測試回合的預設測試設定。</Description>
        <Execution>
          <TestTypeSpecific>
            <WebTestRunConfiguration testTypeId="4e7599fa-5ecb-43e9-a887-cd63cf72d207">
              <Browser name="Internet Explorer 7.0">
                <Headers>
                  <Header name="User-Agent" value="Mozilla/4.0 (compatible; MSIE 7.0; Windows NT 5.1)" />
                  <Header name="Accept" value="*/*" />
                  <Header name="Accept-Language" value="{{$IEAcceptLanguage}}" />
                  <Header name="Accept-Encoding" value="GZIP" />
                </Headers>
              </Browser>
            </WebTestRunConfiguration>
          </TestTypeSpecific>
          <AgentRule name="Execution Agents">
          </AgentRule>
        </Execution>
        <Deployment runDeploymentRoot="YSHuang_ANSONHUANG 2017-05-16 10_43_41" />
      </TestSettings>
      <WebTestResultFilePath>YSHuang_ANSONHUANG 2017-05-16 10_43_41\In\994f72f5-9bad-4f6b-aee2-035593b17436\WebTest1.webtestResult</WebTestResultFilePath>
    </WebTestResult>
  </Results>
</TestRun>