<?xml version="1.0" encoding="UTF-8"?>
<TestRun id="ebe85859-e98c-416a-8dee-61ca16ec112c" name="YSHuang@ANSONHUANG 2017-05-16 11:09:16" runUser="AnsonHuang\YSHuang" xmlns="http://microsoft.com/schemas/VisualStudio/TeamTest/2010">
  <TestSettings name="本機" id="f0316326-3a07-479d-8058-64131c18b509">
    <Description>這些是本機測試回合的預設測試設定。</Description>
    <Execution>
      <TestTypeSpecific />
      <AgentRule name="Execution Agents">
      </AgentRule>
    </Execution>
    <Deployment runDeploymentRoot="YSHuang_ANSONHUANG 2017-05-16 11_09_16" />
  </TestSettings>
  <Times creation="2017-05-16T11:09:16.2642422+08:00" queuing="2017-05-16T11:09:16.4202422+08:00" start="2017-05-16T11:09:16.5107422+08:00" finish="2017-05-16T11:09:29.7552422+08:00" />
  <ResultSummary outcome="Completed">
    <Counters total="1" executed="1" passed="1" error="0" failed="0" timeout="0" aborted="0" inconclusive="0" passedButRunAborted="0" notRunnable="0" notExecuted="0" disconnected="0" warning="0" completed="0" inProgress="0" pending="0" />
  </ResultSummary>
  <TestDefinitions>
    <WebTest name="WebTest1" storage="d:\git\attendant\loadtesting\loadtesting\webtest1.webtest" id="d1f0dc6a-f347-4b33-8582-0a71909fcaf1" persistedWebTest="77u/PD94bWwgdmVyc2lvbj0iMS4wIiBlbmNvZGluZz0iVVRGLTgiIHN0YW5kYWxvbmU9InllcyI/Pg0KPFdlYlRlc3QgTmFtZT0iV2ViVGVzdDEiIElkPSJkMWYwZGM2YS1mMzQ3LTRiMzMtODU4Mi0wYTcxOTA5ZmNhZjEiIE93bmVyPSIiIFByaW9yaXR5PSIyMTQ3NDgzNjQ3IiBFbmFibGVkPSJUcnVlIiBDc3NQcm9qZWN0U3RydWN0dXJlPSIiIENzc0l0ZXJhdGlvbj0iIiBUaW1lb3V0PSIwIiBXb3JrSXRlbUlkcz0iIiB4bWxucz0iaHR0cDovL21pY3Jvc29mdC5jb20vc2NoZW1hcy9WaXN1YWxTdHVkaW8vVGVhbVRlc3QvMjAxMCIgRGVzY3JpcHRpb249IiIgQ3JlZGVudGlhbFVzZXJOYW1lPSIiIENyZWRlbnRpYWxQYXNzd29yZD0iIiBQcmVBdXRoZW50aWNhdGU9IlRydWUiIFByb3h5PSJkZWZhdWx0IiBTdG9wT25FcnJvcj0iRmFsc2UiIFJlY29yZGVkUmVzdWx0RmlsZT0iV2ViVGVzdDEuZGE2MTMwN2EtYWQyYy00MWFlLWE4OWEtYWJkMzNiNjQ3ZTRiLnJlYy53ZWJ0ZXN0cmVzdWx0IiBSZXN1bHRzTG9jYWxlPSIiPg0KICA8SXRlbXM+DQogICAgPFJlcXVlc3QgTWV0aG9kPSJHRVQiIEd1aWQ9IjlkNDA4ODgyLWFjOWEtNDg1Mi05ODRiLTlkZGY3OWRjOGZlZiIgVmVyc2lvbj0iMS4xIiBVcmw9Imh0dHA6Ly8xMC4xMS4zNi4xMTQ6ODAwNy9ocmxvZ2luL2hybG9naW4uYXNweCIgVGhpbmtUaW1lPSIwIiBUaW1lb3V0PSIzMDAiIFBhcnNlRGVwZW5kZW50UmVxdWVzdHM9IlRydWUiIEZvbGxvd1JlZGlyZWN0cz0iVHJ1ZSIgUmVjb3JkUmVzdWx0PSJUcnVlIiBDYWNoZT0iRmFsc2UiIFJlc3BvbnNlVGltZUdvYWw9IjAiIEVuY29kaW5nPSJ1dGYtOCIgRXhwZWN0ZWRIdHRwU3RhdHVzQ29kZT0iMCIgRXhwZWN0ZWRSZXNwb25zZVVybD0iIiBSZXBvcnRpbmdOYW1lPSIiIElnbm9yZUh0dHBTdGF0dXNDb2RlPSJGYWxzZSI+DQogICAgICA8RXh0cmFjdGlvblJ1bGVzPg0KICAgICAgICA8RXh0cmFjdGlvblJ1bGUgQ2xhc3NuYW1lPSJNaWNyb3NvZnQuVmlzdWFsU3R1ZGlvLlRlc3RUb29scy5XZWJUZXN0aW5nLlJ1bGVzLkV4dHJhY3RIaWRkZW5GaWVsZHMsIE1pY3Jvc29mdC5WaXN1YWxTdHVkaW8uUXVhbGl0eVRvb2xzLldlYlRlc3RGcmFtZXdvcmssIFZlcnNpb249MTAuMC4wLjAsIEN1bHR1cmU9bmV1dHJhbCwgUHVibGljS2V5VG9rZW49YjAzZjVmN2YxMWQ1MGEzYSIgVmFyaWFibGVOYW1lPSIxIiBEaXNwbGF5TmFtZT0i5pO35Y+W6Zqx6JeP5qyE5L2NIiBEZXNjcmlwdGlvbj0i5pO35Y+W5Zue5oeJ5Lit55qE5omA5pyJ6Zqx6JeP5qyE5L2N77yM5Lim5bCH5a6D5YCR5pS+5Zyo5ris6Kmm5YWn5a655Lit44CCIj4NCiAgICAgICAgICA8UnVsZVBhcmFtZXRlcnM+DQogICAgICAgICAgICA8UnVsZVBhcmFtZXRlciBOYW1lPSJSZXF1aXJlZCIgVmFsdWU9IlRydWUiIC8+DQogICAgICAgICAgICA8UnVsZVBhcmFtZXRlciBOYW1lPSJIdG1sRGVjb2RlIiBWYWx1ZT0iVHJ1ZSIgLz4NCiAgICAgICAgICA8L1J1bGVQYXJhbWV0ZXJzPg0KICAgICAgICA8L0V4dHJhY3Rpb25SdWxlPg0KICAgICAgPC9FeHRyYWN0aW9uUnVsZXM+DQogICAgICA8Q29ycmVsYXRpb25FeHRyYWN0aW9uUnVsZXM+DQogICAgICAgIDxFeHRyYWN0aW9uUnVsZSBDbGFzc25hbWU9Ik1pY3Jvc29mdC5WaXN1YWxTdHVkaW8uVGVzdFRvb2xzLldlYlRlc3RpbmcuUnVsZXMuRXh0cmFjdEZvcm1GaWVsZCwgTWljcm9zb2Z0LlZpc3VhbFN0dWRpby5RdWFsaXR5VG9vbHMuV2ViVGVzdEZyYW1ld29yaywgVmVyc2lvbj0xMC4wLjAuMCwgQ3VsdHVyZT1uZXV0cmFsLCBQdWJsaWNLZXlUb2tlbj1iMDNmNWY3ZjExZDUwYTNhIiBWYXJpYWJsZU5hbWU9IkZvcm1Qb3N0UGFyYW0zNy5idG5FeGVjdXRlIiBEaXNwbGF5TmFtZT0iIiBEZXNjcmlwdGlvbj0iIj4NCiAgICAgICAgICA8UnVsZVBhcmFtZXRlcnM+DQogICAgICAgICAgICA8UnVsZVBhcmFtZXRlciBOYW1lPSJOYW1lIiBWYWx1ZT0iYnRuRXhlY3V0ZSIgLz4NCiAgICAgICAgICAgIDxSdWxlUGFyYW1ldGVyIE5hbWU9Ikh0bWxEZWNvZGUiIFZhbHVlPSJUcnVlIiAvPg0KICAgICAgICAgICAgPFJ1bGVQYXJhbWV0ZXIgTmFtZT0iUmVxdWlyZWQiIFZhbHVlPSJGYWxzZSIgLz4NCiAgICAgICAgICAgIDxSdWxlUGFyYW1ldGVyIE5hbWU9IkluZGV4IiBWYWx1ZT0iMCIgLz4NCiAgICAgICAgICA8L1J1bGVQYXJhbWV0ZXJzPg0KICAgICAgICA8L0V4dHJhY3Rpb25SdWxlPg0KICAgICAgICA8RXh0cmFjdGlvblJ1bGUgQ2xhc3NuYW1lPSJNaWNyb3NvZnQuVmlzdWFsU3R1ZGlvLlRlc3RUb29scy5XZWJUZXN0aW5nLlJ1bGVzLkV4dHJhY3RUZXh0LCBNaWNyb3NvZnQuVmlzdWFsU3R1ZGlvLlF1YWxpdHlUb29scy5XZWJUZXN0RnJhbWV3b3JrLCBWZXJzaW9uPTEwLjAuMC4wLCBDdWx0dXJlPW5ldXRyYWwsIFB1YmxpY0tleVRva2VuPWIwM2Y1ZjdmMTFkNTBhM2EiIFZhcmlhYmxlTmFtZT0iRm9ybVBvc3RQYXJhbTM4LmRkbFVJQ3VsdHVyZSIgRGlzcGxheU5hbWU9IiIgRGVzY3JpcHRpb249IiI+DQogICAgICAgICAgPFJ1bGVQYXJhbWV0ZXJzPg0KICAgICAgICAgICAgPFJ1bGVQYXJhbWV0ZXIgTmFtZT0iU3RhcnRzV2l0aCIgVmFsdWU9Imx1ZT0mcXVvdDsiIC8+DQogICAgICAgICAgICA8UnVsZVBhcmFtZXRlciBOYW1lPSJFbmRzV2l0aCIgVmFsdWU9IiZxdW90OyZndDvmraPpq5TkuK0iIC8+DQogICAgICAgICAgICA8UnVsZVBhcmFtZXRlciBOYW1lPSJJbmRleCIgVmFsdWU9IjgiIC8+DQogICAgICAgICAgICA8UnVsZVBhcmFtZXRlciBOYW1lPSJJZ25vcmVDYXNlIiBWYWx1ZT0iRmFsc2UiIC8+DQogICAgICAgICAgICA8UnVsZVBhcmFtZXRlciBOYW1lPSJVc2VSZWd1bGFyRXhwcmVzc2lvbiIgVmFsdWU9IkZhbHNlIiAvPg0KICAgICAgICAgICAgPFJ1bGVQYXJhbWV0ZXIgTmFtZT0iSHRtbERlY29kZSIgVmFsdWU9IlRydWUiIC8+DQogICAgICAgICAgICA8UnVsZVBhcmFtZXRlciBOYW1lPSJSZXF1aXJlZCIgVmFsdWU9IkZhbHNlIiAvPg0KICAgICAgICAgIDwvUnVsZVBhcmFtZXRlcnM+DQogICAgICAgIDwvRXh0cmFjdGlvblJ1bGU+DQogICAgICA8L0NvcnJlbGF0aW9uRXh0cmFjdGlvblJ1bGVzPg0KICAgIDwvUmVxdWVzdD4NCiAgICA8UmVxdWVzdCBNZXRob2Q9IlBPU1QiIEd1aWQ9IjRkNjFmZDYzLWYzNzctNDNkZC05MWU4LWNjZmUxOTJmZDQzOSIgVmVyc2lvbj0iMS4xIiBVcmw9Imh0dHA6Ly8xMC4xMS4zNi4xMTQ6ODAwNy9ocmxvZ2luL2hybG9naW4uYXNweCIgVGhpbmtUaW1lPSIyMiIgVGltZW91dD0iMzAwIiBQYXJzZURlcGVuZGVudFJlcXVlc3RzPSJUcnVlIiBGb2xsb3dSZWRpcmVjdHM9IlRydWUiIFJlY29yZFJlc3VsdD0iVHJ1ZSIgQ2FjaGU9IkZhbHNlIiBSZXNwb25zZVRpbWVHb2FsPSIwIiBFbmNvZGluZz0idXRmLTgiIEV4cGVjdGVkSHR0cFN0YXR1c0NvZGU9IjAiIEV4cGVjdGVkUmVzcG9uc2VVcmw9IiIgUmVwb3J0aW5nTmFtZT0iIiBJZ25vcmVIdHRwU3RhdHVzQ29kZT0iRmFsc2UiPg0KICAgICAgPEZvcm1Qb3N0SHR0cEJvZHk+DQogICAgICAgIDxGb3JtUG9zdFBhcmFtZXRlciBOYW1lPSJfX0xBU1RGT0NVUyIgVmFsdWU9Int7JEhJRERFTjEuX19MQVNURk9DVVN9fSIgUmVjb3JkZWRWYWx1ZT0iIiBDb3JyZWxhdGlvbkJpbmRpbmc9IiIgVXJsRW5jb2RlPSJUcnVlIiAvPg0KICAgICAgICA8Rm9ybVBvc3RQYXJhbWV0ZXIgTmFtZT0iX19FVkVOVFRBUkdFVCIgVmFsdWU9Int7JEhJRERFTjEuX19FVkVOVFRBUkdFVH19IiBSZWNvcmRlZFZhbHVlPSIiIENvcnJlbGF0aW9uQmluZGluZz0iIiBVcmxFbmNvZGU9IlRydWUiIC8+DQogICAgICAgIDxGb3JtUG9zdFBhcmFtZXRlciBOYW1lPSJfX0VWRU5UQVJHVU1FTlQiIFZhbHVlPSJ7eyRISURERU4xLl9fRVZFTlRBUkdVTUVOVH19IiBSZWNvcmRlZFZhbHVlPSIiIENvcnJlbGF0aW9uQmluZGluZz0iIiBVcmxFbmNvZGU9IlRydWUiIC8+DQogICAgICAgIDxGb3JtUG9zdFBhcmFtZXRlciBOYW1lPSJfX1ZJRVdTVEFURSIgVmFsdWU9Int7JEhJRERFTjEuX19WSUVXU1RBVEV9fSIgUmVjb3JkZWRWYWx1ZT0iL3dFUER3VUtMVFExTkRNMU1UQTBNZzlrRmdJQ0F3OWtGZ1FDQVE4V0FoNEhWbWx6YVdKc1pXY1dCQUlCRHc4V0hoNEtYMDFoZUV4bGJtZDBhR1llRWw5SmMwRjFkRzlVYjFWd2NHVnlRMkZ6WldnZURGOUpjMEZqZEdsMlpVbE5SV2NlQzE5SmMxQmhjM04zYjNKa2FCNE9YMVJsZUhSVGFHbG1kRXRwYm1RTEtYOVRhVzV2VUdGakxsZGxZa1Y0Y0hKbGMzTXVRMjl0Ylc5dUxsVjBhV3dyVkdWNGRGTm9hV1owUzJsdVpDd2dVMmx1YjFCaFl5NVhaV0pGZUhCeVpYTnpMa052YlcxdmJpd2dWbVZ5YzJsdmJqMDNMak11TXpFdU1Td2dRM1ZzZEhWeVpUMXVaWFYwY21Gc0xDQlFkV0pzYVdOTFpYbFViMnRsYmoxdWRXeHNBQjRLWDFkaGRHVnlUV0Z5YTJVZUNGOUpjME5zWldGeWFCNElYMVJ2YjJ4VWFYQmxIZ3RmU1hOU1pXRmtUMjVzZVdnZUNWOURjM05EYkdGemMyVWVEMTlKYzFkcFpIUm9RbmxRYVhobGJHY2VFMTlKYzBScGMzQkZiblJsY21Wa1YyOXlaSE5vSGdaZlYybGtkR2dDVUI0SVgwbHpSbTlqZFhObkhnbGZTWE5TWldkRmVIQm9aQllFQWdFUFpCWUNBZ0VQRUE5a0ZnSWVCMjl1WTJ4cFkyc0Z2d0YyWVhJZ2IxWmhiR2xrSUQwZ1pHOWpkVzFsYm5RdVoyVjBSV3hsYldWdWRFSjVTV1FvSjNSNGRGVnpaWEpKUkY5U1pYRjFhWEpsWkVacFpXeGtWbUZzYVdSaGRHOXlNU2NwTzFaaGJHbGtZWFJ2Y2tWdVlXSnNaU2h2Vm1Gc2FXUXNkR2hwY3k1amFHVmphMlZrS1R0VmRHbHNYME5vYTBKdmVGUnZaMmRzWlZacGMybGlhV3hwZEhrb0ozUjRkRlZ6WlhKSlJGOWphR3RXYVhOcFltbHNhWFI1Snl3Z0ozUjRkRlZ6WlhKSlJGOWthWFpFWVhSaFFYSmxZU2NwTzJSa1pBSUREeFlDSGdWemRIbHNaUVUyWm14dllYUTZiR1ZtZER0a2FYTndiR0Y1T21sdWJHbHVaUzFpYkc5amF6dHdZV1JrYVc1bk9qQTdkbWx6YVdKcGJHbDBlVG83RmdZQ0FROFBGZ2dlQ0ZKbFlXUlBibXg1YUI0RlYybGtkR2diQUFBQUFBQUFWRUFCQUFBQUhnaERjM05EYkdGemMyVWVCRjhoVTBJQ2dnSVdBaDRIYjI1clpYbDFjQVVPZEdocGN5NTBhWFJzWlQwbkp6dGtBZ01QRHhZRUh4TWJBQUFBQUFBQVZFQUJBQUFBSHhVQ2dBSmtaQUlGRDJRV0FnSUJEdzhXQWg0RVZHVjRkQVVYVytXa3ArV3ZxK21PbHVXdW1sM2x0N0xsbFovbmxLZ1dBaDhSQlpRQmNHRmtaR2x1WnpvZ01uQjRJREV3Y0hnZ01uQjRJREV3Y0hnN0lHTnZiRzl5T2lNd01EQTdJR0poWTJ0bmNtOTFibVE2SUNOR1JrVTRRVFk3SUdadmJuUXRkMlZwWjJoME9pQmliMnhrT3lCaWIzSmtaWEk2SURGd2VDQnpiMnhwWkNCa1lYSnJaM0poZVRzZ2QyaHBkR1V0YzNCaFkyVTZJRzV2ZDNKaGNEc2dZbTl5WkdWeUxYSmhaR2wxY3pvZ00zQjRPMlFDQXc4UUR4WUdIZzVFWVhSaFZtRnNkV1ZHYVdWc1pBVURTMlY1SGcxRVlYUmhWR1Y0ZEVacFpXeGtCUVZXWVd4MVpSNExYeUZFWVhSaFFtOTFibVJuWkJBVkJBZEZibWRzYVhOb0RPZXVnT1M5aytTNHJlYVdod3ptcmFQcHE1VGt1SzNtbG9jTTU2NkE1TDJUNXJHSjZLK3RGUVFDWlc0R2VtZ3RRMGhUQm5wb0xVTklWQWQ2YUMxSVlXNXpGQ3NEQkdkbloyZGtaQUlERHc4V0FoOFhaV1JrWkNjVlJZWFRoOWpDQ013U2N3NG5SdVYwOW0vOSIgQ29ycmVsYXRpb25CaW5kaW5nPSIiIFVybEVuY29kZT0iVHJ1ZSIgLz4NCiAgICAgICAgPEZvcm1Qb3N0UGFyYW1ldGVyIE5hbWU9Il9fVklFV1NUQVRFR0VORVJBVE9SIiBWYWx1ZT0ie3skSElEREVOMS5fX1ZJRVdTVEFURUdFTkVSQVRPUn19IiBSZWNvcmRlZFZhbHVlPSI1QkIwRjI5MCIgQ29ycmVsYXRpb25CaW5kaW5nPSIiIFVybEVuY29kZT0iVHJ1ZSIgLz4NCiAgICAgICAgPEZvcm1Qb3N0UGFyYW1ldGVyIE5hbWU9Il9fRVZFTlRWQUxJREFUSU9OIiBWYWx1ZT0ie3skSElEREVOMS5fX0VWRU5UVkFMSURBVElPTn19IiBSZWNvcmRlZFZhbHVlPSIvd0VkQUFqWnpnZWRLN1dIbnVLQTJvK3NWUkFUWmhUcW8yeWRyY0F2VlhoVlgwS0ZLWUlGZlJSWmhYc3hVeTQzcWZtVmdQK0xSYnFYQXI0cFhSQXg1TGdQUEZqZ2VDUEZjbjVhUE1ZaEI2Z2VsMG8vYmwzRlEvcW5RVzJ1Rm9aUG5od3JKMWRnekNrcHFjWEhvTFdSK2ZjOHhIM1lSclBwR3pyRCtaRzBXazRZcm4zNUZ2a2VmL3RaUmc3R2NGTjM3TmdLRzZVV05QZ2UiIENvcnJlbGF0aW9uQmluZGluZz0iIiBVcmxFbmNvZGU9IlRydWUiIC8+DQogICAgICAgIDxGb3JtUG9zdFBhcmFtZXRlciBOYW1lPSJ0eHRVc2VySUQkdHh0RGF0YSIgVmFsdWU9IjEwMjExOSIgUmVjb3JkZWRWYWx1ZT0iMTAyMTE5IiBDb3JyZWxhdGlvbkJpbmRpbmc9IiIgVXJsRW5jb2RlPSJUcnVlIiAvPg0KICAgICAgICA8Rm9ybVBvc3RQYXJhbWV0ZXIgTmFtZT0iZGRsVUlDdWx0dXJlIiBWYWx1ZT0iemgtQ0hUIiBSZWNvcmRlZFZhbHVlPSJ6aC1DSFQiIENvcnJlbGF0aW9uQmluZGluZz0ie3tGb3JtUG9zdFBhcmFtMzguZGRsVUlDdWx0dXJlfX0iIFVybEVuY29kZT0iVHJ1ZSIgLz4NCiAgICAgICAgPEZvcm1Qb3N0UGFyYW1ldGVyIE5hbWU9ImJ0bkV4ZWN1dGUiIFZhbHVlPSJMb2NhbCBMb2dpbiIgUmVjb3JkZWRWYWx1ZT0iTG9jYWwgTG9naW4iIENvcnJlbGF0aW9uQmluZGluZz0ie3tGb3JtUG9zdFBhcmFtMzcuYnRuRXhlY3V0ZX19IiBVcmxFbmNvZGU9IlRydWUiIC8+DQogICAgICA8L0Zvcm1Qb3N0SHR0cEJvZHk+DQogICAgPC9SZXF1ZXN0Pg0KICAgIDxSZXF1ZXN0IE1ldGhvZD0iR0VUIiBHdWlkPSI3N2M1OWI0OS1hOWUxLTRhZmYtOGY3My05Y2VmOWM1YWYyMWEiIFZlcnNpb249IjEuMSIgVXJsPSJodHRwOi8vMTAuMTEuMzYuMTE0OjgwMDcvT3ZlclRpbWUvT3ZlcnRpbWVQcmVPcmRlci5hc3B4IiBUaGlua1RpbWU9IjEwIiBUaW1lb3V0PSIzMDAiIFBhcnNlRGVwZW5kZW50UmVxdWVzdHM9IlRydWUiIEZvbGxvd1JlZGlyZWN0cz0iVHJ1ZSIgUmVjb3JkUmVzdWx0PSJUcnVlIiBDYWNoZT0iRmFsc2UiIFJlc3BvbnNlVGltZUdvYWw9IjAiIEVuY29kaW5nPSJ1dGYtOCIgRXhwZWN0ZWRIdHRwU3RhdHVzQ29kZT0iMCIgRXhwZWN0ZWRSZXNwb25zZVVybD0iIiBSZXBvcnRpbmdOYW1lPSIiIElnbm9yZUh0dHBTdGF0dXNDb2RlPSJGYWxzZSI+DQogICAgICA8RXh0cmFjdGlvblJ1bGVzPg0KICAgICAgICA8RXh0cmFjdGlvblJ1bGUgQ2xhc3NuYW1lPSJNaWNyb3NvZnQuVmlzdWFsU3R1ZGlvLlRlc3RUb29scy5XZWJUZXN0aW5nLlJ1bGVzLkV4dHJhY3RIaWRkZW5GaWVsZHMsIE1pY3Jvc29mdC5WaXN1YWxTdHVkaW8uUXVhbGl0eVRvb2xzLldlYlRlc3RGcmFtZXdvcmssIFZlcnNpb249MTAuMC4wLjAsIEN1bHR1cmU9bmV1dHJhbCwgUHVibGljS2V5VG9rZW49YjAzZjVmN2YxMWQ1MGEzYSIgVmFyaWFibGVOYW1lPSIxIiBEaXNwbGF5TmFtZT0i5pO35Y+W6Zqx6JeP5qyE5L2NIiBEZXNjcmlwdGlvbj0i5pO35Y+W5Zue5oeJ5Lit55qE5omA5pyJ6Zqx6JeP5qyE5L2N77yM5Lim5bCH5a6D5YCR5pS+5Zyo5ris6Kmm5YWn5a655Lit44CCIj4NCiAgICAgICAgICA8UnVsZVBhcmFtZXRlcnM+DQogICAgICAgICAgICA8UnVsZVBhcmFtZXRlciBOYW1lPSJSZXF1aXJlZCIgVmFsdWU9IlRydWUiIC8+DQogICAgICAgICAgICA8UnVsZVBhcmFtZXRlciBOYW1lPSJIdG1sRGVjb2RlIiBWYWx1ZT0iVHJ1ZSIgLz4NCiAgICAgICAgICA8L1J1bGVQYXJhbWV0ZXJzPg0KICAgICAgICA8L0V4dHJhY3Rpb25SdWxlPg0KICAgICAgPC9FeHRyYWN0aW9uUnVsZXM+DQogICAgICA8Q29ycmVsYXRpb25FeHRyYWN0aW9uUnVsZXM+DQogICAgICAgIDxFeHRyYWN0aW9uUnVsZSBDbGFzc25hbWU9Ik1pY3Jvc29mdC5WaXN1YWxTdHVkaW8uVGVzdFRvb2xzLldlYlRlc3RpbmcuUnVsZXMuRXh0cmFjdEZvcm1GaWVsZCwgTWljcm9zb2Z0LlZpc3VhbFN0dWRpby5RdWFsaXR5VG9vbHMuV2ViVGVzdEZyYW1ld29yaywgVmVyc2lvbj0xMC4wLjAuMCwgQ3VsdHVyZT1uZXV0cmFsLCBQdWJsaWNLZXlUb2tlbj1iMDNmNWY3ZjExZDUwYTNhIiBWYXJpYWJsZU5hbWU9IkZvcm1Qb3N0UGFyYW0zMy5idG5RdWVyeSIgRGlzcGxheU5hbWU9IiIgRGVzY3JpcHRpb249IiI+DQogICAgICAgICAgPFJ1bGVQYXJhbWV0ZXJzPg0KICAgICAgICAgICAgPFJ1bGVQYXJhbWV0ZXIgTmFtZT0iTmFtZSIgVmFsdWU9ImJ0blF1ZXJ5IiAvPg0KICAgICAgICAgICAgPFJ1bGVQYXJhbWV0ZXIgTmFtZT0iSHRtbERlY29kZSIgVmFsdWU9IlRydWUiIC8+DQogICAgICAgICAgICA8UnVsZVBhcmFtZXRlciBOYW1lPSJSZXF1aXJlZCIgVmFsdWU9IkZhbHNlIiAvPg0KICAgICAgICAgICAgPFJ1bGVQYXJhbWV0ZXIgTmFtZT0iSW5kZXgiIFZhbHVlPSIwIiAvPg0KICAgICAgICAgIDwvUnVsZVBhcmFtZXRlcnM+DQogICAgICAgIDwvRXh0cmFjdGlvblJ1bGU+DQogICAgICAgIDxFeHRyYWN0aW9uUnVsZSBDbGFzc25hbWU9Ik1pY3Jvc29mdC5WaXN1YWxTdHVkaW8uVGVzdFRvb2xzLldlYlRlc3RpbmcuUnVsZXMuRXh0cmFjdEZvcm1GaWVsZCwgTWljcm9zb2Z0LlZpc3VhbFN0dWRpby5RdWFsaXR5VG9vbHMuV2ViVGVzdEZyYW1ld29yaywgVmVyc2lvbj0xMC4wLjAuMCwgQ3VsdHVyZT1uZXV0cmFsLCBQdWJsaWNLZXlUb2tlbj1iMDNmNWY3ZjExZDUwYTNhIiBWYXJpYWJsZU5hbWU9IkZvcm1Qb3N0UGFyYW0zNC50eHRPVEVtcElEIiBEaXNwbGF5TmFtZT0iIiBEZXNjcmlwdGlvbj0iIj4NCiAgICAgICAgICA8UnVsZVBhcmFtZXRlcnM+DQogICAgICAgICAgICA8UnVsZVBhcmFtZXRlciBOYW1lPSJOYW1lIiBWYWx1ZT0idHh0T1RFbXBJRCIgLz4NCiAgICAgICAgICAgIDxSdWxlUGFyYW1ldGVyIE5hbWU9Ikh0bWxEZWNvZGUiIFZhbHVlPSJUcnVlIiAvPg0KICAgICAgICAgICAgPFJ1bGVQYXJhbWV0ZXIgTmFtZT0iUmVxdWlyZWQiIFZhbHVlPSJGYWxzZSIgLz4NCiAgICAgICAgICAgIDxSdWxlUGFyYW1ldGVyIE5hbWU9IkluZGV4IiBWYWx1ZT0iMCIgLz4NCiAgICAgICAgICA8L1J1bGVQYXJhbWV0ZXJzPg0KICAgICAgICA8L0V4dHJhY3Rpb25SdWxlPg0KICAgICAgICA8RXh0cmFjdGlvblJ1bGUgQ2xhc3NuYW1lPSJNaWNyb3NvZnQuVmlzdWFsU3R1ZGlvLlRlc3RUb29scy5XZWJUZXN0aW5nLlJ1bGVzLkV4dHJhY3RUZXh0LCBNaWNyb3NvZnQuVmlzdWFsU3R1ZGlvLlF1YWxpdHlUb29scy5XZWJUZXN0RnJhbWV3b3JrLCBWZXJzaW9uPTEwLjAuMC4wLCBDdWx0dXJlPW5ldXRyYWwsIFB1YmxpY0tleVRva2VuPWIwM2Y1ZjdmMTFkNTBhM2EiIFZhcmlhYmxlTmFtZT0iRm9ybVBvc3RQYXJhbTM1LmRkbFF1ZXJ5Q29uZGl0aW9ucyIgRGlzcGxheU5hbWU9IiIgRGVzY3JpcHRpb249IiI+DQogICAgICAgICAgPFJ1bGVQYXJhbWV0ZXJzPg0KICAgICAgICAgICAgPFJ1bGVQYXJhbWV0ZXIgTmFtZT0iU3RhcnRzV2l0aCIgVmFsdWU9InMmcXVvdDs6WyZxdW90OyIgLz4NCiAgICAgICAgICAgIDxSdWxlUGFyYW1ldGVyIE5hbWU9IkVuZHNXaXRoIiBWYWx1ZT0iJnF1b3Q7LCZxdW90OzEmcXVvdDsiIC8+DQogICAgICAgICAgICA8UnVsZVBhcmFtZXRlciBOYW1lPSJJbmRleCIgVmFsdWU9IjAiIC8+DQogICAgICAgICAgICA8UnVsZVBhcmFtZXRlciBOYW1lPSJJZ25vcmVDYXNlIiBWYWx1ZT0iRmFsc2UiIC8+DQogICAgICAgICAgICA8UnVsZVBhcmFtZXRlciBOYW1lPSJVc2VSZWd1bGFyRXhwcmVzc2lvbiIgVmFsdWU9IkZhbHNlIiAvPg0KICAgICAgICAgICAgPFJ1bGVQYXJhbWV0ZXIgTmFtZT0iSHRtbERlY29kZSIgVmFsdWU9IlRydWUiIC8+DQogICAgICAgICAgICA8UnVsZVBhcmFtZXRlciBOYW1lPSJSZXF1aXJlZCIgVmFsdWU9IkZhbHNlIiAvPg0KICAgICAgICAgIDwvUnVsZVBhcmFtZXRlcnM+DQogICAgICAgIDwvRXh0cmFjdGlvblJ1bGU+DQogICAgICAgIDxFeHRyYWN0aW9uUnVsZSBDbGFzc25hbWU9Ik1pY3Jvc29mdC5WaXN1YWxTdHVkaW8uVGVzdFRvb2xzLldlYlRlc3RpbmcuUnVsZXMuRXh0cmFjdFRleHQsIE1pY3Jvc29mdC5WaXN1YWxTdHVkaW8uUXVhbGl0eVRvb2xzLldlYlRlc3RGcmFtZXdvcmssIFZlcnNpb249MTAuMC4wLjAsIEN1bHR1cmU9bmV1dHJhbCwgUHVibGljS2V5VG9rZW49YjAzZjVmN2YxMWQ1MGEzYSIgVmFyaWFibGVOYW1lPSJGb3JtUG9zdFBhcmFtMzYuZGRsT1RTdGF0dXMiIERpc3BsYXlOYW1lPSIiIERlc2NyaXB0aW9uPSIiPg0KICAgICAgICAgIDxSdWxlUGFyYW1ldGVycz4NCiAgICAgICAgICAgIDxSdWxlUGFyYW1ldGVyIE5hbWU9IlN0YXJ0c1dpdGgiIFZhbHVlPSImcXVvdDswJnF1b3Q7LCZxdW90OyIgLz4NCiAgICAgICAgICAgIDxSdWxlUGFyYW1ldGVyIE5hbWU9IkVuZHNXaXRoIiBWYWx1ZT0iJnF1b3Q7LCZxdW90OzImcXVvdDsiIC8+DQogICAgICAgICAgICA8UnVsZVBhcmFtZXRlciBOYW1lPSJJbmRleCIgVmFsdWU9IjAiIC8+DQogICAgICAgICAgICA8UnVsZVBhcmFtZXRlciBOYW1lPSJJZ25vcmVDYXNlIiBWYWx1ZT0iRmFsc2UiIC8+DQogICAgICAgICAgICA8UnVsZVBhcmFtZXRlciBOYW1lPSJVc2VSZWd1bGFyRXhwcmVzc2lvbiIgVmFsdWU9IkZhbHNlIiAvPg0KICAgICAgICAgICAgPFJ1bGVQYXJhbWV0ZXIgTmFtZT0iSHRtbERlY29kZSIgVmFsdWU9IlRydWUiIC8+DQogICAgICAgICAgICA8UnVsZVBhcmFtZXRlciBOYW1lPSJSZXF1aXJlZCIgVmFsdWU9IkZhbHNlIiAvPg0KICAgICAgICAgIDwvUnVsZVBhcmFtZXRlcnM+DQogICAgICAgIDwvRXh0cmFjdGlvblJ1bGU+DQogICAgICA8L0NvcnJlbGF0aW9uRXh0cmFjdGlvblJ1bGVzPg0KICAgIDwvUmVxdWVzdD4NCiAgICA8UmVxdWVzdCBNZXRob2Q9IlBPU1QiIEd1aWQ9IjRmMjQxNDQ5LWViMTMtNGZhYi1iYTIwLTBkYWUxOGNkMTc3OCIgVmVyc2lvbj0iMS4xIiBVcmw9Imh0dHA6Ly8xMC4xMS4zNi4xMTQ6ODAwNy9PdmVyVGltZS9PdmVydGltZVByZU9yZGVyLmFzcHgiIFRoaW5rVGltZT0iODIiIFRpbWVvdXQ9IjMwMCIgUGFyc2VEZXBlbmRlbnRSZXF1ZXN0cz0iVHJ1ZSIgRm9sbG93UmVkaXJlY3RzPSJUcnVlIiBSZWNvcmRSZXN1bHQ9IlRydWUiIENhY2hlPSJGYWxzZSIgUmVzcG9uc2VUaW1lR29hbD0iMCIgRW5jb2Rpbmc9InV0Zi04IiBFeHBlY3RlZEh0dHBTdGF0dXNDb2RlPSIwIiBFeHBlY3RlZFJlc3BvbnNlVXJsPSIiIFJlcG9ydGluZ05hbWU9IiIgSWdub3JlSHR0cFN0YXR1c0NvZGU9IkZhbHNlIj4NCiAgICAgIDxFeHRyYWN0aW9uUnVsZXM+DQogICAgICAgIDxFeHRyYWN0aW9uUnVsZSBDbGFzc25hbWU9Ik1pY3Jvc29mdC5WaXN1YWxTdHVkaW8uVGVzdFRvb2xzLldlYlRlc3RpbmcuUnVsZXMuRXh0cmFjdEhpZGRlbkZpZWxkcywgTWljcm9zb2Z0LlZpc3VhbFN0dWRpby5RdWFsaXR5VG9vbHMuV2ViVGVzdEZyYW1ld29yaywgVmVyc2lvbj0xMC4wLjAuMCwgQ3VsdHVyZT1uZXV0cmFsLCBQdWJsaWNLZXlUb2tlbj1iMDNmNWY3ZjExZDUwYTNhIiBWYXJpYWJsZU5hbWU9IjEiIERpc3BsYXlOYW1lPSLmk7flj5bpmrHol4/mrITkvY0iIERlc2NyaXB0aW9uPSLmk7flj5blm57mh4nkuK3nmoTmiYDmnInpmrHol4/mrITkvY3vvIzkuKblsIflroPlgJHmlL7lnKjmuKzoqablhaflrrnkuK3jgIIiPg0KICAgICAgICAgIDxSdWxlUGFyYW1ldGVycz4NCiAgICAgICAgICAgIDxSdWxlUGFyYW1ldGVyIE5hbWU9IlJlcXVpcmVkIiBWYWx1ZT0iVHJ1ZSIgLz4NCiAgICAgICAgICAgIDxSdWxlUGFyYW1ldGVyIE5hbWU9Ikh0bWxEZWNvZGUiIFZhbHVlPSJUcnVlIiAvPg0KICAgICAgICAgIDwvUnVsZVBhcmFtZXRlcnM+DQogICAgICAgIDwvRXh0cmFjdGlvblJ1bGU+DQogICAgICA8L0V4dHJhY3Rpb25SdWxlcz4NCiAgICAgIDxDb3JyZWxhdGlvbkV4dHJhY3Rpb25SdWxlcz4NCiAgICAgICAgPEV4dHJhY3Rpb25SdWxlIENsYXNzbmFtZT0iTWljcm9zb2Z0LlZpc3VhbFN0dWRpby5UZXN0VG9vbHMuV2ViVGVzdGluZy5SdWxlcy5FeHRyYWN0Rm9ybUZpZWxkLCBNaWNyb3NvZnQuVmlzdWFsU3R1ZGlvLlF1YWxpdHlUb29scy5XZWJUZXN0RnJhbWV3b3JrLCBWZXJzaW9uPTEwLjAuMC4wLCBDdWx0dXJlPW5ldXRyYWwsIFB1YmxpY0tleVRva2VuPWIwM2Y1ZjdmMTFkNTBhM2EiIFZhcmlhYmxlTmFtZT0iRm9ybVBvc3RQYXJhbTI5LmJ0blVwZGF0ZSIgRGlzcGxheU5hbWU9IiIgRGVzY3JpcHRpb249IiI+DQogICAgICAgICAgPFJ1bGVQYXJhbWV0ZXJzPg0KICAgICAgICAgICAgPFJ1bGVQYXJhbWV0ZXIgTmFtZT0iTmFtZSIgVmFsdWU9ImJ0blVwZGF0ZSIgLz4NCiAgICAgICAgICAgIDxSdWxlUGFyYW1ldGVyIE5hbWU9Ikh0bWxEZWNvZGUiIFZhbHVlPSJUcnVlIiAvPg0KICAgICAgICAgICAgPFJ1bGVQYXJhbWV0ZXIgTmFtZT0iUmVxdWlyZWQiIFZhbHVlPSJGYWxzZSIgLz4NCiAgICAgICAgICAgIDxSdWxlUGFyYW1ldGVyIE5hbWU9IkluZGV4IiBWYWx1ZT0iMCIgLz4NCiAgICAgICAgICA8L1J1bGVQYXJhbWV0ZXJzPg0KICAgICAgICA8L0V4dHJhY3Rpb25SdWxlPg0KICAgICAgICA8RXh0cmFjdGlvblJ1bGUgQ2xhc3NuYW1lPSJNaWNyb3NvZnQuVmlzdWFsU3R1ZGlvLlRlc3RUb29scy5XZWJUZXN0aW5nLlJ1bGVzLkV4dHJhY3RGb3JtRmllbGQsIE1pY3Jvc29mdC5WaXN1YWxTdHVkaW8uUXVhbGl0eVRvb2xzLldlYlRlc3RGcmFtZXdvcmssIFZlcnNpb249MTAuMC4wLjAsIEN1bHR1cmU9bmV1dHJhbCwgUHVibGljS2V5VG9rZW49YjAzZjVmN2YxMWQ1MGEzYSIgVmFyaWFibGVOYW1lPSJGb3JtUG9zdFBhcmFtMzAudHh0T1RFbXBJRCIgRGlzcGxheU5hbWU9IiIgRGVzY3JpcHRpb249IiI+DQogICAgICAgICAgPFJ1bGVQYXJhbWV0ZXJzPg0KICAgICAgICAgICAgPFJ1bGVQYXJhbWV0ZXIgTmFtZT0iTmFtZSIgVmFsdWU9InR4dE9URW1wSUQiIC8+DQogICAgICAgICAgICA8UnVsZVBhcmFtZXRlciBOYW1lPSJIdG1sRGVjb2RlIiBWYWx1ZT0iVHJ1ZSIgLz4NCiAgICAgICAgICAgIDxSdWxlUGFyYW1ldGVyIE5hbWU9IlJlcXVpcmVkIiBWYWx1ZT0iRmFsc2UiIC8+DQogICAgICAgICAgICA8UnVsZVBhcmFtZXRlciBOYW1lPSJJbmRleCIgVmFsdWU9IjAiIC8+DQogICAgICAgICAgPC9SdWxlUGFyYW1ldGVycz4NCiAgICAgICAgPC9FeHRyYWN0aW9uUnVsZT4NCiAgICAgICAgPEV4dHJhY3Rpb25SdWxlIENsYXNzbmFtZT0iTWljcm9zb2Z0LlZpc3VhbFN0dWRpby5UZXN0VG9vbHMuV2ViVGVzdGluZy5SdWxlcy5FeHRyYWN0VGV4dCwgTWljcm9zb2Z0LlZpc3VhbFN0dWRpby5RdWFsaXR5VG9vbHMuV2ViVGVzdEZyYW1ld29yaywgVmVyc2lvbj0xMC4wLjAuMCwgQ3VsdHVyZT1uZXV0cmFsLCBQdWJsaWNLZXlUb2tlbj1iMDNmNWY3ZjExZDUwYTNhIiBWYXJpYWJsZU5hbWU9IkZvcm1Qb3N0UGFyYW0zMS5kZGxRdWVyeUNvbmRpdGlvbnMiIERpc3BsYXlOYW1lPSIiIERlc2NyaXB0aW9uPSIiPg0KICAgICAgICAgIDxSdWxlUGFyYW1ldGVycz4NCiAgICAgICAgICAgIDxSdWxlUGFyYW1ldGVyIE5hbWU9IlN0YXJ0c1dpdGgiIFZhbHVlPSJzJnF1b3Q7OlsmcXVvdDsiIC8+DQogICAgICAgICAgICA8UnVsZVBhcmFtZXRlciBOYW1lPSJFbmRzV2l0aCIgVmFsdWU9IiZxdW90OywmcXVvdDsxJnF1b3Q7IiAvPg0KICAgICAgICAgICAgPFJ1bGVQYXJhbWV0ZXIgTmFtZT0iSW5kZXgiIFZhbHVlPSIwIiAvPg0KICAgICAgICAgICAgPFJ1bGVQYXJhbWV0ZXIgTmFtZT0iSWdub3JlQ2FzZSIgVmFsdWU9IkZhbHNlIiAvPg0KICAgICAgICAgICAgPFJ1bGVQYXJhbWV0ZXIgTmFtZT0iVXNlUmVndWxhckV4cHJlc3Npb24iIFZhbHVlPSJGYWxzZSIgLz4NCiAgICAgICAgICAgIDxSdWxlUGFyYW1ldGVyIE5hbWU9Ikh0bWxEZWNvZGUiIFZhbHVlPSJUcnVlIiAvPg0KICAgICAgICAgICAgPFJ1bGVQYXJhbWV0ZXIgTmFtZT0iUmVxdWlyZWQiIFZhbHVlPSJGYWxzZSIgLz4NCiAgICAgICAgICA8L1J1bGVQYXJhbWV0ZXJzPg0KICAgICAgICA8L0V4dHJhY3Rpb25SdWxlPg0KICAgICAgICA8RXh0cmFjdGlvblJ1bGUgQ2xhc3NuYW1lPSJNaWNyb3NvZnQuVmlzdWFsU3R1ZGlvLlRlc3RUb29scy5XZWJUZXN0aW5nLlJ1bGVzLkV4dHJhY3RUZXh0LCBNaWNyb3NvZnQuVmlzdWFsU3R1ZGlvLlF1YWxpdHlUb29scy5XZWJUZXN0RnJhbWV3b3JrLCBWZXJzaW9uPTEwLjAuMC4wLCBDdWx0dXJlPW5ldXRyYWwsIFB1YmxpY0tleVRva2VuPWIwM2Y1ZjdmMTFkNTBhM2EiIFZhcmlhYmxlTmFtZT0iRm9ybVBvc3RQYXJhbTMyLmRkbE9UU3RhdHVzIiBEaXNwbGF5TmFtZT0iIiBEZXNjcmlwdGlvbj0iIj4NCiAgICAgICAgICA8UnVsZVBhcmFtZXRlcnM+DQogICAgICAgICAgICA8UnVsZVBhcmFtZXRlciBOYW1lPSJTdGFydHNXaXRoIiBWYWx1ZT0iJnF1b3Q7MCZxdW90OywmcXVvdDsiIC8+DQogICAgICAgICAgICA8UnVsZVBhcmFtZXRlciBOYW1lPSJFbmRzV2l0aCIgVmFsdWU9IiZxdW90OywmcXVvdDsyJnF1b3Q7IiAvPg0KICAgICAgICAgICAgPFJ1bGVQYXJhbWV0ZXIgTmFtZT0iSW5kZXgiIFZhbHVlPSIwIiAvPg0KICAgICAgICAgICAgPFJ1bGVQYXJhbWV0ZXIgTmFtZT0iSWdub3JlQ2FzZSIgVmFsdWU9IkZhbHNlIiAvPg0KICAgICAgICAgICAgPFJ1bGVQYXJhbWV0ZXIgTmFtZT0iVXNlUmVndWxhckV4cHJlc3Npb24iIFZhbHVlPSJGYWxzZSIgLz4NCiAgICAgICAgICAgIDxSdWxlUGFyYW1ldGVyIE5hbWU9Ikh0bWxEZWNvZGUiIFZhbHVlPSJUcnVlIiAvPg0KICAgICAgICAgICAgPFJ1bGVQYXJhbWV0ZXIgTmFtZT0iUmVxdWlyZWQiIFZhbHVlPSJGYWxzZSIgLz4NCiAgICAgICAgICA8L1J1bGVQYXJhbWV0ZXJzPg0KICAgICAgICA8L0V4dHJhY3Rpb25SdWxlPg0KICAgICAgPC9Db3JyZWxhdGlvbkV4dHJhY3Rpb25SdWxlcz4NCiAgICAgIDxGb3JtUG9zdEh0dHBCb2R5Pg0KICAgICAgICA8Rm9ybVBvc3RQYXJhbWV0ZXIgTmFtZT0iVG9vbGtpdFNjcmlwdE1hbmFnZXIxX0hpZGRlbkZpZWxkIiBWYWx1ZT0iOztBamF4Q29udHJvbFRvb2xraXQsIFZlcnNpb249NC4xLjcuNjA3LCBDdWx0dXJlPW5ldXRyYWwsIFB1YmxpY0tleVRva2VuPTI4ZjAxYjBlODRiNmQ1M2U6emgtSGFudDo3Yjk1ZWQxYS02YTNmLTQxZGQtYmM1Yi02M2YzOWVkYmM0YjQ6ZGUxZmVhYjI6ZmNmMGU5OTM6ZjJjOGU3MDg6NzIwYTUyYmY6ZjljZWM5YmM6NTg5ZWFhMzA6Njk4MTI5Y2Y6ZmI5YjRjNTc6Y2NiOTZjZjk6YTY3YzI3MDA6ODYxM2FlYTc6MzIwMmE1YTI6YWIwOWUzZmU6ODcxMDRiN2M6YmU2ZmIyOTgiIFJlY29yZGVkVmFsdWU9Ijs7QWpheENvbnRyb2xUb29sa2l0LCBWZXJzaW9uPTQuMS43LjYwNywgQ3VsdHVyZT1uZXV0cmFsLCBQdWJsaWNLZXlUb2tlbj0yOGYwMWIwZTg0YjZkNTNlOnpoLUhhbnQ6N2I5NWVkMWEtNmEzZi00MWRkLWJjNWItNjNmMzllZGJjNGI0OmRlMWZlYWIyOmZjZjBlOTkzOmYyYzhlNzA4OjcyMGE1MmJmOmY5Y2VjOWJjOjU4OWVhYTMwOjY5ODEyOWNmOmZiOWI0YzU3OmNjYjk2Y2Y5OmE2N2MyNzAwOjg2MTNhZWE3OjMyMDJhNWEyOmFiMDllM2ZlOjg3MTA0YjdjOmJlNmZiMjk4IiBDb3JyZWxhdGlvbkJpbmRpbmc9IiIgVXJsRW5jb2RlPSJUcnVlIiAvPg0KICAgICAgICA8Rm9ybVBvc3RQYXJhbWV0ZXIgTmFtZT0iX19FVkVOVFRBUkdFVCIgVmFsdWU9Int7JEhJRERFTjEuX19FVkVOVFRBUkdFVH19IiBSZWNvcmRlZFZhbHVlPSIiIENvcnJlbGF0aW9uQmluZGluZz0iIiBVcmxFbmNvZGU9IlRydWUiIC8+DQogICAgICAgIDxGb3JtUG9zdFBhcmFtZXRlciBOYW1lPSJfX0VWRU5UQVJHVU1FTlQiIFZhbHVlPSJ7eyRISURERU4xLl9fRVZFTlRBUkdVTUVOVH19IiBSZWNvcmRlZFZhbHVlPSIiIENvcnJlbGF0aW9uQmluZGluZz0iIiBVcmxFbmNvZGU9IlRydWUiIC8+DQogICAgICAgIDxGb3JtUG9zdFBhcmFtZXRlciBOYW1lPSJfX0xBU1RGT0NVUyIgVmFsdWU9Int7JEhJRERFTjEuX19MQVNURk9DVVN9fSIgUmVjb3JkZWRWYWx1ZT0iIiBDb3JyZWxhdGlvbkJpbmRpbmc9IiIgVXJsRW5jb2RlPSJUcnVlIiAvPg0KICAgICAgICA8Rm9ybVBvc3RQYXJhbWV0ZXIgTmFtZT0iX19WU1RBVEUiIFZhbHVlPSJ7eyRISURERU4xLl9fVlNUQVRFfX0iIFJlY29yZGVkVmFsdWU9IkFSK0xDQUFBQUFBQUJBQ3RWOTF6RTFVVVQ1WnVHdEtQRkd4aVJkMWRIcHh0cDZSa2s2Z0R0UThrS1RZakpkZ0dIaXhNWnB0N3UxbTczYzFrYjB2akV6NFVGSEdBb2VoZ1o1eHhSZ0ZCSEIxZktqS09mNElQUHZqTWtMUjk4ay9BZS9jajJTWkxCa3EzMCtUbW5IUFA3M3pmdlUrOXdRRXY3Wk9XSmtWWkRiNDM3T21tZktHQVA1dExhUXVsVExvem14c24zNzVzTGkwaWlMOXk4Z0xzenVhbWtZZ1c5WlBpQXV6Q05BMkpDbUZnOGR5eW1rbjdiUUc4T0s2VkYwNW1BOGNWN1h4SzFDRm1Vay94RXdSQk9pQWNpY2NFNFoyM0U0bGdPTXo0MHJDRU1tbjZBQitOUnQ4WG92d2hZeEYxTEpqOTJiSkVWSjJRZFlTWElnYWpLWjVuZXZPblJBbG1kSUoyUXBPS1RNZ2lmTGdJeTVWcFZKWlZ5YUQ3VE1kbzMvU3BpZVFIQW5QUWtqdTJpTFJqcFpKU0dWK1loWURRVXJxZVVrUmRseGpla2lFeFF2aC91bERXRk9XVXBzdEkxdFNzaWxjb0tSYm1KU1pndWtBc2hFeVh3MWI2WHE4T0ZWaEFYRG96bmN1Y1RPVzRBbzRHeDUwdlFwWExKcUlqcDB1V1A1eXNjNnFHT0hWUlVUalV5b1lLM3NmekhGUUJKK3FFV2VjZGtuV3lhNUJzc0VrOFAyU0oyUlFuY0x3OWNMd2RjTndGT040S0hIY0ZqclVIanJVRGpya0F4MXFCWTY3QVFudGdvUVY0ME5odGJtNjdkOURLY0VOa3Jxd3RjSEJpYW5JNm5jeG5jbFBwa1Jrd3E1MGJtVEVFNUU5RVVqK2tSTTRSL1dYSVdSdkhuRUJEaGhtbSswUDFHQWlPR0RqY0l5WSsyN2tXMyt6b0NkdWoxd0I1QmtTN0NMYkxYR3ZpSEFiYmljT2tOa0l1SnJ2VWdFczl1dmNHZVFob1dqdXZOcU1hVGpzQ2FyamY4TlJZbVI0K1hsMTl2SHFCNTRZYjBzTjhoSy8vSklPU0JNSEZlbE5PY0FpNitHTUt4ZHlFNGsxQ2NUZWhSSk5Rd2lua0ZnWEQ0QmNvM3l5bndEbkVmYXpKNnZQdVNFUTVqVlFUdG1WS1UyQktBM0NNVDBSNVRzVEY0ckNZRzh2V2x5OE1FcmRBNGs2UXVBMFMzeDJRbUFVU2M0TEViSkRZN29BSUZvamdCQkZzRUdGM1FDd01KMFNVTndCYzlWdERxekZ4OEJBa1Rad3RBMWptWml2T1U4ZHhEamdtczJQRTFMdWVZenJ4eWpnMS9mYXJBQk8wejJDSXhKd282VktZb3ZZRVFiZ2Zmd2JERkQ3dlQ4aFNFU1cxNVdRWml2UGpxamlyUUZBRVlXb09TM1ZRWGtPcTg0eXN5NWhSQklDaURVcEhEaTRqZW1EejFzMk5heGVmckQvNDc5R1Z6ZnRmYk56OXN2cm55dU1MdDdIY1cwU083YUc3YTcrc2IvNTZiZXZ5aGMzdnJtRDZrRVVQUG5uNHNIcDViZk8zUzdXSDE3QWV6SXBZckJCbUVmck45ZHFOYjJxWFB0OVl2YnR4NXpvV09CeTBEQ05POUFFUTlzNEJTckNKUGtJTWh2MU1MMzdwRXMrSXlpSThMa01GMEIwa0pVd1BvUkt6VGFLZkVFbS9NbDM1ZzRTVjFCWlZJREdkOVJqMGhhaDlFZnhneDdZK3hhWmNJai9DNWl0VnBNbjZFT1h4bVp6KzRUMlVKQm1XMFlZNWJLOXBBQnRzWUxKOUVydHZGeEE2ZDQ0Z1JDT2JYOTNiV3ZscDQvYlY2bWMvNGdEYkNJSVRJVzVIMTI5RkY0TUZHdldKSVh1MlRiODZycmNWTitUMVlNM2VwdUFFR2lXK2MyMmREVzJ4bDllMjE5Ylc1VGpmZHE3dVhhTmlLYU9oU05zRmNNbVJld0Y1NnhZUjNWM0J6OW5EazVObkR3UEFCUEw0RGxCR3hyM0I4NWQ4WmUyZnYvMk1Qeit1QW91VTdHQWYvT3ZIS2pMNkZCUkJWbFVxUlN5UTB6UjhtU2pSa1ptdFA3NnQzYmg4anF0ZWYxUzllci8yOVErMXRZdTRQMmUyMW00WjlOcjZ5dGF0NzZzcmQ2by8vMjcyT0RIUGkzMEdwTmMxdGFESWhYbjZvOU5JVnZLcDRqd2VEamxOa2hSb1RBRlprVkZsa0VmTHlMemNKS0VrcS9sQ2NiN0I1UTl4elh3Z0w1RWVPNGFIREQ4MENuQXZVMlNNMERxcUtKQm1sMkFaeVFWUmlZaUtMS2xIa1ZZYVhhcXJPenJhR0VRNzh4THZER2dxbUZWTXozcFJVZFpIbHNpQUdPUDVVWUNURXZZeFB0ZDA3RzNKeGdRWkVkdVNNVUhxRDZlVjNiOTlNL3RLUFlOc2Z6MXpiS2pJaGw4MlRleXI5Sm5ueXcrMnRVMTJDTmM5Tit6QWM2ZUZmZTJGODhFZWNNOEMrM3BUQ04rb2g1MTkweEh2SStUU3ZZL3k5b1U5NUsrN2Y5ampBZFNvRWFLT29CR2hBYm9IeUhwSkVTdEhWVTJGbytCL083V245TFVQQUFBPSIgQ29ycmVsYXRpb25CaW5kaW5nPSIiIFVybEVuY29kZT0iVHJ1ZSIgLz4NCiAgICAgICAgPEZvcm1Qb3N0UGFyYW1ldGVyIE5hbWU9Il9fVklFV1NUQVRFIiBWYWx1ZT0ie3skSElEREVOMS5fX1ZJRVdTVEFURX19IiBSZWNvcmRlZFZhbHVlPSIiIENvcnJlbGF0aW9uQmluZGluZz0iIiBVcmxFbmNvZGU9IlRydWUiIC8+DQogICAgICAgIDxGb3JtUG9zdFBhcmFtZXRlciBOYW1lPSJfX1NDUk9MTFBPU0lUSU9OWCIgVmFsdWU9Int7JEhJRERFTjEuX19TQ1JPTExQT1NJVElPTlh9fSIgUmVjb3JkZWRWYWx1ZT0iMCIgQ29ycmVsYXRpb25CaW5kaW5nPSIiIFVybEVuY29kZT0iVHJ1ZSIgLz4NCiAgICAgICAgPEZvcm1Qb3N0UGFyYW1ldGVyIE5hbWU9Il9fU0NST0xMUE9TSVRJT05ZIiBWYWx1ZT0ie3skSElEREVOMS5fX1NDUk9MTFBPU0lUSU9OWX19IiBSZWNvcmRlZFZhbHVlPSIwIiBDb3JyZWxhdGlvbkJpbmRpbmc9IiIgVXJsRW5jb2RlPSJUcnVlIiAvPg0KICAgICAgICA8Rm9ybVBvc3RQYXJhbWV0ZXIgTmFtZT0iX19WSUVXU1RBVEVFTkNSWVBURUQiIFZhbHVlPSJ7eyRISURERU4xLl9fVklFV1NUQVRFRU5DUllQVEVEfX0iIFJlY29yZGVkVmFsdWU9IiIgQ29ycmVsYXRpb25CaW5kaW5nPSIiIFVybEVuY29kZT0iVHJ1ZSIgLz4NCiAgICAgICAgPEZvcm1Qb3N0UGFyYW1ldGVyIE5hbWU9Il9fRVZFTlRWQUxJREFUSU9OIiBWYWx1ZT0ie3skSElEREVOMS5fX0VWRU5UVkFMSURBVElPTn19IiBSZWNvcmRlZFZhbHVlPSI3SVpTZWVucG5BSm12Y05NQkYwSDZxR0FFbDI0WG9GelBKV2lTd2FPbENjb3ROMkRzVktqYVdINElUZVBCS3BjYk8xcmpRWkFVNUtjTXJXdTZNN3hFamJaWUtyUTZJUVIzQ1UvRVFvcVBwZ0hIWFpGWTBhVUZQNDJOdUMramNYNnduK2J6cGpyaWNOem1zNnE0ZkF1Qks2SHFVTnhjWVFrbDEyMVczSXFjSjBxRHJUbEhpL3dicEs4MTJiWFZFRnRCbjZxeVBvZGJadmt1T3o4K0lPcGZxZnBMb21vNU5qNkhmZlJQUlRRcHYwOVhxUXFPWDE4Z0RUNXlqdEsrVkFRWDliRGNxUHFhaUJSSnk0cWlkZFBzSU1hRWp6YzhMZWhCWFdZSDVlNElwZmlYUWJaTFBuMXdUL203OVVMQUxEU0tiTlFNMDZkTERNSTZURjlvenU5MjF4eEJXb3YrSTI5MGl0T2V4b1lTbHBuZG5XUXZreU1ETU0zMkkwS2sxUlVJNWwvTjI4YlRUSU1wd043ZTArNE5SelRjSTA4U1JjVk9pd3RFTEFEM2NBYWtrVWJtczFjWXZKSnJHdmFvT0loTzdWcWpwcGo2SXltaEJhUzNXK2oyWldSM1FNa21nbWlnZzF2djNJRzNCQ0lYbWwweEFSWm5nOEpvL014ak40MWJoWWRVU1pOUlhaZ3hucUg5b2k4bkltYWMwRHV5K2xjK1VvOVcyYTNBb0x4QUdMT1NYZytoVU9wUjhTUDI5NCtZQzAvNW1NK1h4T2ZyQlhJL3hQeW0yL0F6U2F4M3ltbm5DUUVZdjVzemdVTGxidm05UmY5WUxqOVZ2SXl3YTFPWWpQZXllb0pMY2NSZTZIeEd1NWlqa2Urbkp5Y2Iya1Z6Szd4ZlpTS1BuakNMdno0SFFqOVpOY3F2TSthMXZXQ1U4b3lVb2ZnY0dWMVBaZ0RZWGZpL3NObHdjbnI3alh5R3NlVmJZcW1RRzR1Q3RBZWRYaEQ5aGpLcEFnaGVNUmdyeU1pS0VNN1ZaMnArbUFoREZ1bnVjcnpZSFJneGIrN3o5cVB2U3djMG5CS1BDMms3ZHc2OXVLc05yN2Z4bTMxQ0t0M3NicTNRRlRDRS9SR0hFY2lSOFR2T0MxVXNnZlU1NjkxY2VqbVlvWnNwQmV0c3hPenhaYjBvcDZjdEpjNDd1bzVjejJCTDBrb1R3WWpYUTMyaDFTNC9pTGxhaTBxMUNDU0hOc1B1UlYxZHB1dUxTcWVUM0NpMm9YTWtSbXhWdjFEVWN5OVJzYWt6VEZ1eWkybXlvQm1YSFFxVHV3NFYvclZPRFBxcHVuRk1qQU43R2RCZE5ucVVEaWpSd0ZWTlpDZ2d1d3NkWXVkK2J5REQxcERlN3NIbzdpUlgvQjB2ZjFDMlMvWmw5elVsVFh5RWlIYnVCS3c5amFxUWdmV2J5ODVFMUJDRElqVXVTV0w3eHJiLzd4aE9BaURPdGxiZ2VwZjc3L1pYZU9lZU5TbFdNZlhidWpnTUV6aUVKRHRpTjdDeEtxTTE0c0JsUU9HczM3UnEzdTd2ODA9IiBDb3JyZWxhdGlvbkJpbmRpbmc9IiIgVXJsRW5jb2RlPSJUcnVlIiAvPg0KICAgICAgICA8Rm9ybVBvc3RQYXJhbWV0ZXIgTmFtZT0iU2NyZWVuV2lkdGgiIFZhbHVlPSJ7eyRISURERU4xLlNjcmVlbldpZHRofX0iIFJlY29yZGVkVmFsdWU9IiIgQ29ycmVsYXRpb25CaW5kaW5nPSIiIFVybEVuY29kZT0iVHJ1ZSIgLz4NCiAgICAgICAgPEZvcm1Qb3N0UGFyYW1ldGVyIE5hbWU9IlNjcmVlbkhlaWdodCIgVmFsdWU9Int7JEhJRERFTjEuU2NyZWVuSGVpZ2h0fX0iIFJlY29yZGVkVmFsdWU9IiIgQ29ycmVsYXRpb25CaW5kaW5nPSIiIFVybEVuY29kZT0iVHJ1ZSIgLz4NCiAgICAgICAgPEZvcm1Qb3N0UGFyYW1ldGVyIE5hbWU9ImJ0blF1ZXJ5IiBWYWx1ZT0i5p+l6KmiIiBSZWNvcmRlZFZhbHVlPSLmn6XoqaIiIENvcnJlbGF0aW9uQmluZGluZz0ie3tGb3JtUG9zdFBhcmFtMzMuYnRuUXVlcnl9fSIgVXJsRW5jb2RlPSJUcnVlIiAvPg0KICAgICAgICA8Rm9ybVBvc3RQYXJhbWV0ZXIgTmFtZT0iZGRsT3JnQW5kRmxvdyIgVmFsdWU9IiIgUmVjb3JkZWRWYWx1ZT0iIiBDb3JyZWxhdGlvbkJpbmRpbmc9IiIgVXJsRW5jb2RlPSJUcnVlIiAvPg0KICAgICAgICA8Rm9ybVBvc3RQYXJhbWV0ZXIgTmFtZT0iZGRsUXVlcnlDb25kaXRpb25zIiBWYWx1ZT0iMCIgUmVjb3JkZWRWYWx1ZT0iMCIgQ29ycmVsYXRpb25CaW5kaW5nPSJ7e0Zvcm1Qb3N0UGFyYW0zNS5kZGxRdWVyeUNvbmRpdGlvbnN9fSIgVXJsRW5jb2RlPSJUcnVlIiAvPg0KICAgICAgICA8Rm9ybVBvc3RQYXJhbWV0ZXIgTmFtZT0idHh0T1RFbXBJRCIgVmFsdWU9IjEwMjExOSIgUmVjb3JkZWRWYWx1ZT0iMTAyMTE5IiBDb3JyZWxhdGlvbkJpbmRpbmc9Int7Rm9ybVBvc3RQYXJhbTM0LnR4dE9URW1wSUR9fSIgVXJsRW5jb2RlPSJUcnVlIiAvPg0KICAgICAgICA8Rm9ybVBvc3RQYXJhbWV0ZXIgTmFtZT0idHh0T1RFbXBOYW1lIiBWYWx1ZT0iIiBSZWNvcmRlZFZhbHVlPSIiIENvcnJlbGF0aW9uQmluZGluZz0iIiBVcmxFbmNvZGU9IlRydWUiIC8+DQogICAgICAgIDxGb3JtUG9zdFBhcmFtZXRlciBOYW1lPSJ0eHRPVEZvcm1OTyIgVmFsdWU9IiIgUmVjb3JkZWRWYWx1ZT0iIiBDb3JyZWxhdGlvbkJpbmRpbmc9IiIgVXJsRW5jb2RlPSJUcnVlIiAvPg0KICAgICAgICA8Rm9ybVBvc3RQYXJhbWV0ZXIgTmFtZT0iZGRsT1RTdGF0dXMiIFZhbHVlPSIxIiBSZWNvcmRlZFZhbHVlPSIxIiBDb3JyZWxhdGlvbkJpbmRpbmc9Int7Rm9ybVBvc3RQYXJhbTM2LmRkbE9UU3RhdHVzfX0iIFVybEVuY29kZT0iVHJ1ZSIgLz4NCiAgICAgICAgPEZvcm1Qb3N0UGFyYW1ldGVyIE5hbWU9InR4dE9URGF0ZUJlZ2luJHR4dERhdGUiIFZhbHVlPSIiIFJlY29yZGVkVmFsdWU9IiIgQ29ycmVsYXRpb25CaW5kaW5nPSIiIFVybEVuY29kZT0iVHJ1ZSIgLz4NCiAgICAgICAgPEZvcm1Qb3N0UGFyYW1ldGVyIE5hbWU9InR4dE9URGF0ZUVuZCR0eHREYXRlIiBWYWx1ZT0iIiBSZWNvcmRlZFZhbHVlPSIiIENvcnJlbGF0aW9uQmluZGluZz0iIiBVcmxFbmNvZGU9IlRydWUiIC8+DQogICAgICAgIDxGb3JtUG9zdFBhcmFtZXRlciBOYW1lPSJ1Y01vZGFsUG9wdXAxJENsaWVudFdpZHRoIiBWYWx1ZT0ie3skSElEREVOMS51Y01vZGFsUG9wdXAxJENsaWVudFdpZHRofX0iIFJlY29yZGVkVmFsdWU9IjAiIENvcnJlbGF0aW9uQmluZGluZz0iIiBVcmxFbmNvZGU9IlRydWUiIC8+DQogICAgICAgIDxGb3JtUG9zdFBhcmFtZXRlciBOYW1lPSJ1Y01vZGFsUG9wdXAxJENsaWVudEhlaWdodCIgVmFsdWU9Int7JEhJRERFTjEudWNNb2RhbFBvcHVwMSRDbGllbnRIZWlnaHR9fSIgUmVjb3JkZWRWYWx1ZT0iMCIgQ29ycmVsYXRpb25CaW5kaW5nPSIiIFVybEVuY29kZT0iVHJ1ZSIgLz4NCiAgICAgIDwvRm9ybVBvc3RIdHRwQm9keT4NCiAgICA8L1JlcXVlc3Q+DQogICAgPFJlcXVlc3QgTWV0aG9kPSJQT1NUIiBHdWlkPSIwNDJhYmUxOS1iMjBlLTQyMzMtYWU3Ny1kODc2ODEyNjFjNTQiIFZlcnNpb249IjEuMSIgVXJsPSJodHRwOi8vMTAuMTEuMzYuMTE0OjgwMDcvT3ZlclRpbWUvT3ZlcnRpbWVQcmVPcmRlci5hc3B4IiBUaGlua1RpbWU9IjQxIiBUaW1lb3V0PSIzMDAiIFBhcnNlRGVwZW5kZW50UmVxdWVzdHM9IlRydWUiIEZvbGxvd1JlZGlyZWN0cz0iVHJ1ZSIgUmVjb3JkUmVzdWx0PSJUcnVlIiBDYWNoZT0iRmFsc2UiIFJlc3BvbnNlVGltZUdvYWw9IjAiIEVuY29kaW5nPSJ1dGYtOCIgRXhwZWN0ZWRIdHRwU3RhdHVzQ29kZT0iMCIgRXhwZWN0ZWRSZXNwb25zZVVybD0iaHR0cDovLzEwLjExLjM2LjExNDo4MDA3L092ZXJUaW1lL092ZXJ0aW1lUHJlT3JkZXJfTW9kaWZ5LmFzcHg/T1RDb21wSUQ9U1BIQksxJmFtcDtPVEVtcElEPTEwMjExOSZhbXA7T1RTdGFydERhdGU9MjAxNy8wNS8xMSZhbXA7T1RFbmREYXRlPTIwMTcvMDUvMTEmYW1wO09UU3RhcnRUaW1lPTAwMDAmYW1wO09URW5kVGltZT0wMTAwJmFtcDtPVFR4bklEPVNQSEJLMTEwMjExOTIwMTcwNTExNTUmYW1wO09URm9ybU5PPTIwMTcwNTExNjAxMDIxMTkiIFJlcG9ydGluZ05hbWU9IiIgSWdub3JlSHR0cFN0YXR1c0NvZGU9IkZhbHNlIj4NCiAgICAgIDxFeHRyYWN0aW9uUnVsZXM+DQogICAgICAgIDxFeHRyYWN0aW9uUnVsZSBDbGFzc25hbWU9Ik1pY3Jvc29mdC5WaXN1YWxTdHVkaW8uVGVzdFRvb2xzLldlYlRlc3RpbmcuUnVsZXMuRXh0cmFjdEhpZGRlbkZpZWxkcywgTWljcm9zb2Z0LlZpc3VhbFN0dWRpby5RdWFsaXR5VG9vbHMuV2ViVGVzdEZyYW1ld29yaywgVmVyc2lvbj0xMC4wLjAuMCwgQ3VsdHVyZT1uZXV0cmFsLCBQdWJsaWNLZXlUb2tlbj1iMDNmNWY3ZjExZDUwYTNhIiBWYXJpYWJsZU5hbWU9IjEiIERpc3BsYXlOYW1lPSLmk7flj5bpmrHol4/mrITkvY0iIERlc2NyaXB0aW9uPSLmk7flj5blm57mh4nkuK3nmoTmiYDmnInpmrHol4/mrITkvY3vvIzkuKblsIflroPlgJHmlL7lnKjmuKzoqablhaflrrnkuK3jgIIiPg0KICAgICAgICAgIDxSdWxlUGFyYW1ldGVycz4NCiAgICAgICAgICAgIDxSdWxlUGFyYW1ldGVyIE5hbWU9IlJlcXVpcmVkIiBWYWx1ZT0iVHJ1ZSIgLz4NCiAgICAgICAgICAgIDxSdWxlUGFyYW1ldGVyIE5hbWU9Ikh0bWxEZWNvZGUiIFZhbHVlPSJUcnVlIiAvPg0KICAgICAgICAgIDwvUnVsZVBhcmFtZXRlcnM+DQogICAgICAgIDwvRXh0cmFjdGlvblJ1bGU+DQogICAgICAgIDxFeHRyYWN0aW9uUnVsZSBDbGFzc25hbWU9Ik1pY3Jvc29mdC5WaXN1YWxTdHVkaW8uVGVzdFRvb2xzLldlYlRlc3RpbmcuUnVsZXMuRXh0cmFjdFRleHQsIE1pY3Jvc29mdC5WaXN1YWxTdHVkaW8uUXVhbGl0eVRvb2xzLldlYlRlc3RGcmFtZXdvcmssIFZlcnNpb249MTAuMC4wLjAsIEN1bHR1cmU9bmV1dHJhbCwgUHVibGljS2V5VG9rZW49YjAzZjVmN2YxMWQ1MGEzYSIgVmFyaWFibGVOYW1lPSJRdWVyeVN0cmluZ1BhcmFtMjMuT1RUeG5JRCIgRGlzcGxheU5hbWU9IuaTt+WPluaWh+WtlyIgRGVzY3JpcHRpb249IuW+nuWbnuaHieS4reaTt+WPluaWh+Wtl++8jOS4puWwh+Wug+aUvuWFpea4rOippuWFp+WuueS4reOAgiI+DQogICAgICAgICAgPFJ1bGVQYXJhbWV0ZXJzPg0KICAgICAgICAgICAgPFJ1bGVQYXJhbWV0ZXIgTmFtZT0iU3RhcnRzV2l0aCIgVmFsdWU9IiZhbXA7YW1wO09UVHhuSUQ9IiAvPg0KICAgICAgICAgICAgPFJ1bGVQYXJhbWV0ZXIgTmFtZT0iRW5kc1dpdGgiIFZhbHVlPSImYW1wOyIgLz4NCiAgICAgICAgICAgIDxSdWxlUGFyYW1ldGVyIE5hbWU9IkluZGV4IiBWYWx1ZT0iMCIgLz4NCiAgICAgICAgICAgIDxSdWxlUGFyYW1ldGVyIE5hbWU9Iklnbm9yZUNhc2UiIFZhbHVlPSJGYWxzZSIgLz4NCiAgICAgICAgICAgIDxSdWxlUGFyYW1ldGVyIE5hbWU9IlVzZVJlZ3VsYXJFeHByZXNzaW9uIiBWYWx1ZT0iRmFsc2UiIC8+DQogICAgICAgICAgICA8UnVsZVBhcmFtZXRlciBOYW1lPSJIdG1sRGVjb2RlIiBWYWx1ZT0iVHJ1ZSIgLz4NCiAgICAgICAgICAgIDxSdWxlUGFyYW1ldGVyIE5hbWU9IlJlcXVpcmVkIiBWYWx1ZT0iRmFsc2UiIC8+DQogICAgICAgICAgPC9SdWxlUGFyYW1ldGVycz4NCiAgICAgICAgPC9FeHRyYWN0aW9uUnVsZT4NCiAgICAgIDwvRXh0cmFjdGlvblJ1bGVzPg0KICAgICAgPENvcnJlbGF0aW9uRXh0cmFjdGlvblJ1bGVzPg0KICAgICAgICA8RXh0cmFjdGlvblJ1bGUgQ2xhc3NuYW1lPSJNaWNyb3NvZnQuVmlzdWFsU3R1ZGlvLlRlc3RUb29scy5XZWJUZXN0aW5nLlJ1bGVzLkV4dHJhY3RUZXh0LCBNaWNyb3NvZnQuVmlzdWFsU3R1ZGlvLlF1YWxpdHlUb29scy5XZWJUZXN0RnJhbWV3b3JrLCBWZXJzaW9uPTEwLjAuMC4wLCBDdWx0dXJlPW5ldXRyYWwsIFB1YmxpY0tleVRva2VuPWIwM2Y1ZjdmMTFkNTBhM2EiIFZhcmlhYmxlTmFtZT0iUXVlcnlTdHJpbmdQYXJhbTE3Lk9UQ29tcElEIiBEaXNwbGF5TmFtZT0iIiBEZXNjcmlwdGlvbj0iIj4NCiAgICAgICAgICA8UnVsZVBhcmFtZXRlcnM+DQogICAgICAgICAgICA8UnVsZVBhcmFtZXRlciBOYW1lPSJTdGFydHNXaXRoIiBWYWx1ZT0iP09UQ29tcElEPSIgLz4NCiAgICAgICAgICAgIDxSdWxlUGFyYW1ldGVyIE5hbWU9IkVuZHNXaXRoIiBWYWx1ZT0iJmFtcDsiIC8+DQogICAgICAgICAgICA8UnVsZVBhcmFtZXRlciBOYW1lPSJJbmRleCIgVmFsdWU9IjAiIC8+DQogICAgICAgICAgICA8UnVsZVBhcmFtZXRlciBOYW1lPSJJZ25vcmVDYXNlIiBWYWx1ZT0iRmFsc2UiIC8+DQogICAgICAgICAgICA8UnVsZVBhcmFtZXRlciBOYW1lPSJVc2VSZWd1bGFyRXhwcmVzc2lvbiIgVmFsdWU9IkZhbHNlIiAvPg0KICAgICAgICAgICAgPFJ1bGVQYXJhbWV0ZXIgTmFtZT0iSHRtbERlY29kZSIgVmFsdWU9IlRydWUiIC8+DQogICAgICAgICAgICA8UnVsZVBhcmFtZXRlciBOYW1lPSJSZXF1aXJlZCIgVmFsdWU9IkZhbHNlIiAvPg0KICAgICAgICAgIDwvUnVsZVBhcmFtZXRlcnM+DQogICAgICAgIDwvRXh0cmFjdGlvblJ1bGU+DQogICAgICAgIDxFeHRyYWN0aW9uUnVsZSBDbGFzc25hbWU9Ik1pY3Jvc29mdC5WaXN1YWxTdHVkaW8uVGVzdFRvb2xzLldlYlRlc3RpbmcuUnVsZXMuRXh0cmFjdFRleHQsIE1pY3Jvc29mdC5WaXN1YWxTdHVkaW8uUXVhbGl0eVRvb2xzLldlYlRlc3RGcmFtZXdvcmssIFZlcnNpb249MTAuMC4wLjAsIEN1bHR1cmU9bmV1dHJhbCwgUHVibGljS2V5VG9rZW49YjAzZjVmN2YxMWQ1MGEzYSIgVmFyaWFibGVOYW1lPSJRdWVyeVN0cmluZ1BhcmFtMTguT1RFbXBJRCIgRGlzcGxheU5hbWU9IiIgRGVzY3JpcHRpb249IiI+DQogICAgICAgICAgPFJ1bGVQYXJhbWV0ZXJzPg0KICAgICAgICAgICAgPFJ1bGVQYXJhbWV0ZXIgTmFtZT0iU3RhcnRzV2l0aCIgVmFsdWU9IiZhbXA7YW1wO09URW1wSUQ9IiAvPg0KICAgICAgICAgICAgPFJ1bGVQYXJhbWV0ZXIgTmFtZT0iRW5kc1dpdGgiIFZhbHVlPSImYW1wOyIgLz4NCiAgICAgICAgICAgIDxSdWxlUGFyYW1ldGVyIE5hbWU9IkluZGV4IiBWYWx1ZT0iMCIgLz4NCiAgICAgICAgICAgIDxSdWxlUGFyYW1ldGVyIE5hbWU9Iklnbm9yZUNhc2UiIFZhbHVlPSJGYWxzZSIgLz4NCiAgICAgICAgICAgIDxSdWxlUGFyYW1ldGVyIE5hbWU9IlVzZVJlZ3VsYXJFeHByZXNzaW9uIiBWYWx1ZT0iRmFsc2UiIC8+DQogICAgICAgICAgICA8UnVsZVBhcmFtZXRlciBOYW1lPSJIdG1sRGVjb2RlIiBWYWx1ZT0iVHJ1ZSIgLz4NCiAgICAgICAgICAgIDxSdWxlUGFyYW1ldGVyIE5hbWU9IlJlcXVpcmVkIiBWYWx1ZT0iRmFsc2UiIC8+DQogICAgICAgICAgPC9SdWxlUGFyYW1ldGVycz4NCiAgICAgICAgPC9FeHRyYWN0aW9uUnVsZT4NCiAgICAgICAgPEV4dHJhY3Rpb25SdWxlIENsYXNzbmFtZT0iTWljcm9zb2Z0LlZpc3VhbFN0dWRpby5UZXN0VG9vbHMuV2ViVGVzdGluZy5SdWxlcy5FeHRyYWN0VGV4dCwgTWljcm9zb2Z0LlZpc3VhbFN0dWRpby5RdWFsaXR5VG9vbHMuV2ViVGVzdEZyYW1ld29yaywgVmVyc2lvbj0xMC4wLjAuMCwgQ3VsdHVyZT1uZXV0cmFsLCBQdWJsaWNLZXlUb2tlbj1iMDNmNWY3ZjExZDUwYTNhIiBWYXJpYWJsZU5hbWU9IlF1ZXJ5U3RyaW5nUGFyYW0xOS5PVFN0YXJ0RGF0ZSIgRGlzcGxheU5hbWU9IiIgRGVzY3JpcHRpb249IiI+DQogICAgICAgICAgPFJ1bGVQYXJhbWV0ZXJzPg0KICAgICAgICAgICAgPFJ1bGVQYXJhbWV0ZXIgTmFtZT0iU3RhcnRzV2l0aCIgVmFsdWU9IiZhbXA7YW1wO09UU3RhcnREYXRlPSIgLz4NCiAgICAgICAgICAgIDxSdWxlUGFyYW1ldGVyIE5hbWU9IkVuZHNXaXRoIiBWYWx1ZT0iJmFtcDsiIC8+DQogICAgICAgICAgICA8UnVsZVBhcmFtZXRlciBOYW1lPSJJbmRleCIgVmFsdWU9IjAiIC8+DQogICAgICAgICAgICA8UnVsZVBhcmFtZXRlciBOYW1lPSJJZ25vcmVDYXNlIiBWYWx1ZT0iRmFsc2UiIC8+DQogICAgICAgICAgICA8UnVsZVBhcmFtZXRlciBOYW1lPSJVc2VSZWd1bGFyRXhwcmVzc2lvbiIgVmFsdWU9IkZhbHNlIiAvPg0KICAgICAgICAgICAgPFJ1bGVQYXJhbWV0ZXIgTmFtZT0iSHRtbERlY29kZSIgVmFsdWU9IlRydWUiIC8+DQogICAgICAgICAgICA8UnVsZVBhcmFtZXRlciBOYW1lPSJSZXF1aXJlZCIgVmFsdWU9IkZhbHNlIiAvPg0KICAgICAgICAgIDwvUnVsZVBhcmFtZXRlcnM+DQogICAgICAgIDwvRXh0cmFjdGlvblJ1bGU+DQogICAgICAgIDxFeHRyYWN0aW9uUnVsZSBDbGFzc25hbWU9Ik1pY3Jvc29mdC5WaXN1YWxTdHVkaW8uVGVzdFRvb2xzLldlYlRlc3RpbmcuUnVsZXMuRXh0cmFjdFRleHQsIE1pY3Jvc29mdC5WaXN1YWxTdHVkaW8uUXVhbGl0eVRvb2xzLldlYlRlc3RGcmFtZXdvcmssIFZlcnNpb249MTAuMC4wLjAsIEN1bHR1cmU9bmV1dHJhbCwgUHVibGljS2V5VG9rZW49YjAzZjVmN2YxMWQ1MGEzYSIgVmFyaWFibGVOYW1lPSJRdWVyeVN0cmluZ1BhcmFtMjAuT1RFbmREYXRlIiBEaXNwbGF5TmFtZT0iIiBEZXNjcmlwdGlvbj0iIj4NCiAgICAgICAgICA8UnVsZVBhcmFtZXRlcnM+DQogICAgICAgICAgICA8UnVsZVBhcmFtZXRlciBOYW1lPSJTdGFydHNXaXRoIiBWYWx1ZT0iJmFtcDthbXA7T1RFbmREYXRlPSIgLz4NCiAgICAgICAgICAgIDxSdWxlUGFyYW1ldGVyIE5hbWU9IkVuZHNXaXRoIiBWYWx1ZT0iJmFtcDsiIC8+DQogICAgICAgICAgICA8UnVsZVBhcmFtZXRlciBOYW1lPSJJbmRleCIgVmFsdWU9IjAiIC8+DQogICAgICAgICAgICA8UnVsZVBhcmFtZXRlciBOYW1lPSJJZ25vcmVDYXNlIiBWYWx1ZT0iRmFsc2UiIC8+DQogICAgICAgICAgICA8UnVsZVBhcmFtZXRlciBOYW1lPSJVc2VSZWd1bGFyRXhwcmVzc2lvbiIgVmFsdWU9IkZhbHNlIiAvPg0KICAgICAgICAgICAgPFJ1bGVQYXJhbWV0ZXIgTmFtZT0iSHRtbERlY29kZSIgVmFsdWU9IlRydWUiIC8+DQogICAgICAgICAgICA8UnVsZVBhcmFtZXRlciBOYW1lPSJSZXF1aXJlZCIgVmFsdWU9IkZhbHNlIiAvPg0KICAgICAgICAgIDwvUnVsZVBhcmFtZXRlcnM+DQogICAgICAgIDwvRXh0cmFjdGlvblJ1bGU+DQogICAgICAgIDxFeHRyYWN0aW9uUnVsZSBDbGFzc25hbWU9Ik1pY3Jvc29mdC5WaXN1YWxTdHVkaW8uVGVzdFRvb2xzLldlYlRlc3RpbmcuUnVsZXMuRXh0cmFjdFRleHQsIE1pY3Jvc29mdC5WaXN1YWxTdHVkaW8uUXVhbGl0eVRvb2xzLldlYlRlc3RGcmFtZXdvcmssIFZlcnNpb249MTAuMC4wLjAsIEN1bHR1cmU9bmV1dHJhbCwgUHVibGljS2V5VG9rZW49YjAzZjVmN2YxMWQ1MGEzYSIgVmFyaWFibGVOYW1lPSJRdWVyeVN0cmluZ1BhcmFtMjEuT1RTdGFydFRpbWUiIERpc3BsYXlOYW1lPSIiIERlc2NyaXB0aW9uPSIiPg0KICAgICAgICAgIDxSdWxlUGFyYW1ldGVycz4NCiAgICAgICAgICAgIDxSdWxlUGFyYW1ldGVyIE5hbWU9IlN0YXJ0c1dpdGgiIFZhbHVlPSImYW1wO2FtcDtPVFN0YXJ0VGltZT0iIC8+DQogICAgICAgICAgICA8UnVsZVBhcmFtZXRlciBOYW1lPSJFbmRzV2l0aCIgVmFsdWU9IiZhbXA7IiAvPg0KICAgICAgICAgICAgPFJ1bGVQYXJhbWV0ZXIgTmFtZT0iSW5kZXgiIFZhbHVlPSIwIiAvPg0KICAgICAgICAgICAgPFJ1bGVQYXJhbWV0ZXIgTmFtZT0iSWdub3JlQ2FzZSIgVmFsdWU9IkZhbHNlIiAvPg0KICAgICAgICAgICAgPFJ1bGVQYXJhbWV0ZXIgTmFtZT0iVXNlUmVndWxhckV4cHJlc3Npb24iIFZhbHVlPSJGYWxzZSIgLz4NCiAgICAgICAgICAgIDxSdWxlUGFyYW1ldGVyIE5hbWU9Ikh0bWxEZWNvZGUiIFZhbHVlPSJUcnVlIiAvPg0KICAgICAgICAgICAgPFJ1bGVQYXJhbWV0ZXIgTmFtZT0iUmVxdWlyZWQiIFZhbHVlPSJGYWxzZSIgLz4NCiAgICAgICAgICA8L1J1bGVQYXJhbWV0ZXJzPg0KICAgICAgICA8L0V4dHJhY3Rpb25SdWxlPg0KICAgICAgICA8RXh0cmFjdGlvblJ1bGUgQ2xhc3NuYW1lPSJNaWNyb3NvZnQuVmlzdWFsU3R1ZGlvLlRlc3RUb29scy5XZWJUZXN0aW5nLlJ1bGVzLkV4dHJhY3RUZXh0LCBNaWNyb3NvZnQuVmlzdWFsU3R1ZGlvLlF1YWxpdHlUb29scy5XZWJUZXN0RnJhbWV3b3JrLCBWZXJzaW9uPTEwLjAuMC4wLCBDdWx0dXJlPW5ldXRyYWwsIFB1YmxpY0tleVRva2VuPWIwM2Y1ZjdmMTFkNTBhM2EiIFZhcmlhYmxlTmFtZT0iUXVlcnlTdHJpbmdQYXJhbTIyLk9URW5kVGltZSIgRGlzcGxheU5hbWU9IiIgRGVzY3JpcHRpb249IiI+DQogICAgICAgICAgPFJ1bGVQYXJhbWV0ZXJzPg0KICAgICAgICAgICAgPFJ1bGVQYXJhbWV0ZXIgTmFtZT0iU3RhcnRzV2l0aCIgVmFsdWU9IiZhbXA7YW1wO09URW5kVGltZT0iIC8+DQogICAgICAgICAgICA8UnVsZVBhcmFtZXRlciBOYW1lPSJFbmRzV2l0aCIgVmFsdWU9IiZhbXA7IiAvPg0KICAgICAgICAgICAgPFJ1bGVQYXJhbWV0ZXIgTmFtZT0iSW5kZXgiIFZhbHVlPSIwIiAvPg0KICAgICAgICAgICAgPFJ1bGVQYXJhbWV0ZXIgTmFtZT0iSWdub3JlQ2FzZSIgVmFsdWU9IkZhbHNlIiAvPg0KICAgICAgICAgICAgPFJ1bGVQYXJhbWV0ZXIgTmFtZT0iVXNlUmVndWxhckV4cHJlc3Npb24iIFZhbHVlPSJGYWxzZSIgLz4NCiAgICAgICAgICAgIDxSdWxlUGFyYW1ldGVyIE5hbWU9Ikh0bWxEZWNvZGUiIFZhbHVlPSJUcnVlIiAvPg0KICAgICAgICAgICAgPFJ1bGVQYXJhbWV0ZXIgTmFtZT0iUmVxdWlyZWQiIFZhbHVlPSJGYWxzZSIgLz4NCiAgICAgICAgICA8L1J1bGVQYXJhbWV0ZXJzPg0KICAgICAgICA8L0V4dHJhY3Rpb25SdWxlPg0KICAgICAgICA8RXh0cmFjdGlvblJ1bGUgQ2xhc3NuYW1lPSJNaWNyb3NvZnQuVmlzdWFsU3R1ZGlvLlRlc3RUb29scy5XZWJUZXN0aW5nLlJ1bGVzLkV4dHJhY3RUZXh0LCBNaWNyb3NvZnQuVmlzdWFsU3R1ZGlvLlF1YWxpdHlUb29scy5XZWJUZXN0RnJhbWV3b3JrLCBWZXJzaW9uPTEwLjAuMC4wLCBDdWx0dXJlPW5ldXRyYWwsIFB1YmxpY0tleVRva2VuPWIwM2Y1ZjdmMTFkNTBhM2EiIFZhcmlhYmxlTmFtZT0iUXVlcnlTdHJpbmdQYXJhbTI0Lk9URm9ybU5PIiBEaXNwbGF5TmFtZT0iIiBEZXNjcmlwdGlvbj0iIj4NCiAgICAgICAgICA8UnVsZVBhcmFtZXRlcnM+DQogICAgICAgICAgICA8UnVsZVBhcmFtZXRlciBOYW1lPSJTdGFydHNXaXRoIiBWYWx1ZT0iJmFtcDthbXA7T1RGb3JtTk89IiAvPg0KICAgICAgICAgICAgPFJ1bGVQYXJhbWV0ZXIgTmFtZT0iRW5kc1dpdGgiIFZhbHVlPSImcXVvdDsiIC8+DQogICAgICAgICAgICA8UnVsZVBhcmFtZXRlciBOYW1lPSJJbmRleCIgVmFsdWU9IjAiIC8+DQogICAgICAgICAgICA8UnVsZVBhcmFtZXRlciBOYW1lPSJJZ25vcmVDYXNlIiBWYWx1ZT0iRmFsc2UiIC8+DQogICAgICAgICAgICA8UnVsZVBhcmFtZXRlciBOYW1lPSJVc2VSZWd1bGFyRXhwcmVzc2lvbiIgVmFsdWU9IkZhbHNlIiAvPg0KICAgICAgICAgICAgPFJ1bGVQYXJhbWV0ZXIgTmFtZT0iSHRtbERlY29kZSIgVmFsdWU9IlRydWUiIC8+DQogICAgICAgICAgICA8UnVsZVBhcmFtZXRlciBOYW1lPSJSZXF1aXJlZCIgVmFsdWU9IkZhbHNlIiAvPg0KICAgICAgICAgIDwvUnVsZVBhcmFtZXRlcnM+DQogICAgICAgIDwvRXh0cmFjdGlvblJ1bGU+DQogICAgICAgIDxFeHRyYWN0aW9uUnVsZSBDbGFzc25hbWU9Ik1pY3Jvc29mdC5WaXN1YWxTdHVkaW8uVGVzdFRvb2xzLldlYlRlc3RpbmcuUnVsZXMuRXh0cmFjdEZvcm1GaWVsZCwgTWljcm9zb2Z0LlZpc3VhbFN0dWRpby5RdWFsaXR5VG9vbHMuV2ViVGVzdEZyYW1ld29yaywgVmVyc2lvbj0xMC4wLjAuMCwgQ3VsdHVyZT1uZXV0cmFsLCBQdWJsaWNLZXlUb2tlbj1iMDNmNWY3ZjExZDUwYTNhIiBWYXJpYWJsZU5hbWU9IkZvcm1Qb3N0UGFyYW0yMS5idG5UZW1wU2F2ZSIgRGlzcGxheU5hbWU9IiIgRGVzY3JpcHRpb249IiI+DQogICAgICAgICAgPFJ1bGVQYXJhbWV0ZXJzPg0KICAgICAgICAgICAgPFJ1bGVQYXJhbWV0ZXIgTmFtZT0iTmFtZSIgVmFsdWU9ImJ0blRlbXBTYXZlIiAvPg0KICAgICAgICAgICAgPFJ1bGVQYXJhbWV0ZXIgTmFtZT0iSHRtbERlY29kZSIgVmFsdWU9IlRydWUiIC8+DQogICAgICAgICAgICA8UnVsZVBhcmFtZXRlciBOYW1lPSJSZXF1aXJlZCIgVmFsdWU9IkZhbHNlIiAvPg0KICAgICAgICAgICAgPFJ1bGVQYXJhbWV0ZXIgTmFtZT0iSW5kZXgiIFZhbHVlPSIwIiAvPg0KICAgICAgICAgIDwvUnVsZVBhcmFtZXRlcnM+DQogICAgICAgIDwvRXh0cmFjdGlvblJ1bGU+DQogICAgICAgIDxFeHRyYWN0aW9uUnVsZSBDbGFzc25hbWU9Ik1pY3Jvc29mdC5WaXN1YWxTdHVkaW8uVGVzdFRvb2xzLldlYlRlc3RpbmcuUnVsZXMuRXh0cmFjdEZvcm1GaWVsZCwgTWljcm9zb2Z0LlZpc3VhbFN0dWRpby5RdWFsaXR5VG9vbHMuV2ViVGVzdEZyYW1ld29yaywgVmVyc2lvbj0xMC4wLjAuMCwgQ3VsdHVyZT1uZXV0cmFsLCBQdWJsaWNLZXlUb2tlbj1iMDNmNWY3ZjExZDUwYTNhIiBWYXJpYWJsZU5hbWU9IkZvcm1Qb3N0UGFyYW0yMi51Y0RhdGVTdGFydCR0eHREYXRlIiBEaXNwbGF5TmFtZT0iIiBEZXNjcmlwdGlvbj0iIj4NCiAgICAgICAgICA8UnVsZVBhcmFtZXRlcnM+DQogICAgICAgICAgICA8UnVsZVBhcmFtZXRlciBOYW1lPSJOYW1lIiBWYWx1ZT0idWNEYXRlU3RhcnRfdHh0RGF0ZSIgLz4NCiAgICAgICAgICAgIDxSdWxlUGFyYW1ldGVyIE5hbWU9Ikh0bWxEZWNvZGUiIFZhbHVlPSJUcnVlIiAvPg0KICAgICAgICAgICAgPFJ1bGVQYXJhbWV0ZXIgTmFtZT0iUmVxdWlyZWQiIFZhbHVlPSJGYWxzZSIgLz4NCiAgICAgICAgICAgIDxSdWxlUGFyYW1ldGVyIE5hbWU9IkluZGV4IiBWYWx1ZT0iMCIgLz4NCiAgICAgICAgICA8L1J1bGVQYXJhbWV0ZXJzPg0KICAgICAgICA8L0V4dHJhY3Rpb25SdWxlPg0KICAgICAgICA8RXh0cmFjdGlvblJ1bGUgQ2xhc3NuYW1lPSJNaWNyb3NvZnQuVmlzdWFsU3R1ZGlvLlRlc3RUb29scy5XZWJUZXN0aW5nLlJ1bGVzLkV4dHJhY3RGb3JtRmllbGQsIE1pY3Jvc29mdC5WaXN1YWxTdHVkaW8uUXVhbGl0eVRvb2xzLldlYlRlc3RGcmFtZXdvcmssIFZlcnNpb249MTAuMC4wLjAsIEN1bHR1cmU9bmV1dHJhbCwgUHVibGljS2V5VG9rZW49YjAzZjVmN2YxMWQ1MGEzYSIgVmFyaWFibGVOYW1lPSJGb3JtUG9zdFBhcmFtMjMudWNEYXRlRW5kJHR4dERhdGUiIERpc3BsYXlOYW1lPSIiIERlc2NyaXB0aW9uPSIiPg0KICAgICAgICAgIDxSdWxlUGFyYW1ldGVycz4NCiAgICAgICAgICAgIDxSdWxlUGFyYW1ldGVyIE5hbWU9Ik5hbWUiIFZhbHVlPSJ1Y0RhdGVFbmRfdHh0RGF0ZSIgLz4NCiAgICAgICAgICAgIDxSdWxlUGFyYW1ldGVyIE5hbWU9Ikh0bWxEZWNvZGUiIFZhbHVlPSJUcnVlIiAvPg0KICAgICAgICAgICAgPFJ1bGVQYXJhbWV0ZXIgTmFtZT0iUmVxdWlyZWQiIFZhbHVlPSJGYWxzZSIgLz4NCiAgICAgICAgICAgIDxSdWxlUGFyYW1ldGVyIE5hbWU9IkluZGV4IiBWYWx1ZT0iMCIgLz4NCiAgICAgICAgICA8L1J1bGVQYXJhbWV0ZXJzPg0KICAgICAgICA8L0V4dHJhY3Rpb25SdWxlPg0KICAgICAgICA8RXh0cmFjdGlvblJ1bGUgQ2xhc3NuYW1lPSJNaWNyb3NvZnQuVmlzdWFsU3R1ZGlvLlRlc3RUb29scy5XZWJUZXN0aW5nLlJ1bGVzLkV4dHJhY3RUZXh0LCBNaWNyb3NvZnQuVmlzdWFsU3R1ZGlvLlF1YWxpdHlUb29scy5XZWJUZXN0RnJhbWV3b3JrLCBWZXJzaW9uPTEwLjAuMC4wLCBDdWx0dXJlPW5ldXRyYWwsIFB1YmxpY0tleVRva2VuPWIwM2Y1ZjdmMTFkNTBhM2EiIFZhcmlhYmxlTmFtZT0iRm9ybVBvc3RQYXJhbTI0Lk9UVGltZVN0YXJ0JGRkbEhIIiBEaXNwbGF5TmFtZT0iIiBEZXNjcmlwdGlvbj0iIj4NCiAgICAgICAgICA8UnVsZVBhcmFtZXRlcnM+DQogICAgICAgICAgICA8UnVsZVBhcmFtZXRlciBOYW1lPSJTdGFydHNXaXRoIiBWYWx1ZT0ibHVlPSZxdW90OyIgLz4NCiAgICAgICAgICAgIDxSdWxlUGFyYW1ldGVyIE5hbWU9IkVuZHNXaXRoIiBWYWx1ZT0iJnF1b3Q7Jmd0OzAwJmx0OyIgLz4NCiAgICAgICAgICAgIDxSdWxlUGFyYW1ldGVyIE5hbWU9IkluZGV4IiBWYWx1ZT0iMjMiIC8+DQogICAgICAgICAgICA8UnVsZVBhcmFtZXRlciBOYW1lPSJJZ25vcmVDYXNlIiBWYWx1ZT0iRmFsc2UiIC8+DQogICAgICAgICAgICA8UnVsZVBhcmFtZXRlciBOYW1lPSJVc2VSZWd1bGFyRXhwcmVzc2lvbiIgVmFsdWU9IkZhbHNlIiAvPg0KICAgICAgICAgICAgPFJ1bGVQYXJhbWV0ZXIgTmFtZT0iSHRtbERlY29kZSIgVmFsdWU9IlRydWUiIC8+DQogICAgICAgICAgICA8UnVsZVBhcmFtZXRlciBOYW1lPSJSZXF1aXJlZCIgVmFsdWU9IkZhbHNlIiAvPg0KICAgICAgICAgIDwvUnVsZVBhcmFtZXRlcnM+DQogICAgICAgIDwvRXh0cmFjdGlvblJ1bGU+DQogICAgICAgIDxFeHRyYWN0aW9uUnVsZSBDbGFzc25hbWU9Ik1pY3Jvc29mdC5WaXN1YWxTdHVkaW8uVGVzdFRvb2xzLldlYlRlc3RpbmcuUnVsZXMuRXh0cmFjdFRleHQsIE1pY3Jvc29mdC5WaXN1YWxTdHVkaW8uUXVhbGl0eVRvb2xzLldlYlRlc3RGcmFtZXdvcmssIFZlcnNpb249MTAuMC4wLjAsIEN1bHR1cmU9bmV1dHJhbCwgUHVibGljS2V5VG9rZW49YjAzZjVmN2YxMWQ1MGEzYSIgVmFyaWFibGVOYW1lPSJGb3JtUG9zdFBhcmFtMjUuT1RUaW1lU3RhcnQkZGRsTU0iIERpc3BsYXlOYW1lPSIiIERlc2NyaXB0aW9uPSIiPg0KICAgICAgICAgIDxSdWxlUGFyYW1ldGVycz4NCiAgICAgICAgICAgIDxSdWxlUGFyYW1ldGVyIE5hbWU9IlN0YXJ0c1dpdGgiIFZhbHVlPSJsdWU9JnF1b3Q7IiAvPg0KICAgICAgICAgICAgPFJ1bGVQYXJhbWV0ZXIgTmFtZT0iRW5kc1dpdGgiIFZhbHVlPSImcXVvdDsmZ3Q7MDAmbHQ7IiAvPg0KICAgICAgICAgICAgPFJ1bGVQYXJhbWV0ZXIgTmFtZT0iSW5kZXgiIFZhbHVlPSIyMyIgLz4NCiAgICAgICAgICAgIDxSdWxlUGFyYW1ldGVyIE5hbWU9Iklnbm9yZUNhc2UiIFZhbHVlPSJGYWxzZSIgLz4NCiAgICAgICAgICAgIDxSdWxlUGFyYW1ldGVyIE5hbWU9IlVzZVJlZ3VsYXJFeHByZXNzaW9uIiBWYWx1ZT0iRmFsc2UiIC8+DQogICAgICAgICAgICA8UnVsZVBhcmFtZXRlciBOYW1lPSJIdG1sRGVjb2RlIiBWYWx1ZT0iVHJ1ZSIgLz4NCiAgICAgICAgICAgIDxSdWxlUGFyYW1ldGVyIE5hbWU9IlJlcXVpcmVkIiBWYWx1ZT0iRmFsc2UiIC8+DQogICAgICAgICAgPC9SdWxlUGFyYW1ldGVycz4NCiAgICAgICAgPC9FeHRyYWN0aW9uUnVsZT4NCiAgICAgICAgPEV4dHJhY3Rpb25SdWxlIENsYXNzbmFtZT0iTWljcm9zb2Z0LlZpc3VhbFN0dWRpby5UZXN0VG9vbHMuV2ViVGVzdGluZy5SdWxlcy5FeHRyYWN0VGV4dCwgTWljcm9zb2Z0LlZpc3VhbFN0dWRpby5RdWFsaXR5VG9vbHMuV2ViVGVzdEZyYW1ld29yaywgVmVyc2lvbj0xMC4wLjAuMCwgQ3VsdHVyZT1uZXV0cmFsLCBQdWJsaWNLZXlUb2tlbj1iMDNmNWY3ZjExZDUwYTNhIiBWYXJpYWJsZU5hbWU9IkZvcm1Qb3N0UGFyYW0yNi5PVFRpbWVFbmQkZGRsSEgiIERpc3BsYXlOYW1lPSIiIERlc2NyaXB0aW9uPSIiPg0KICAgICAgICAgIDxSdWxlUGFyYW1ldGVycz4NCiAgICAgICAgICAgIDxSdWxlUGFyYW1ldGVyIE5hbWU9IlN0YXJ0c1dpdGgiIFZhbHVlPSJsdWU9JnF1b3Q7IiAvPg0KICAgICAgICAgICAgPFJ1bGVQYXJhbWV0ZXIgTmFtZT0iRW5kc1dpdGgiIFZhbHVlPSImcXVvdDsmZ3Q7MDEmbHQ7IiAvPg0KICAgICAgICAgICAgPFJ1bGVQYXJhbWV0ZXIgTmFtZT0iSW5kZXgiIFZhbHVlPSIyNCIgLz4NCiAgICAgICAgICAgIDxSdWxlUGFyYW1ldGVyIE5hbWU9Iklnbm9yZUNhc2UiIFZhbHVlPSJGYWxzZSIgLz4NCiAgICAgICAgICAgIDxSdWxlUGFyYW1ldGVyIE5hbWU9IlVzZVJlZ3VsYXJFeHByZXNzaW9uIiBWYWx1ZT0iRmFsc2UiIC8+DQogICAgICAgICAgICA8UnVsZVBhcmFtZXRlciBOYW1lPSJIdG1sRGVjb2RlIiBWYWx1ZT0iVHJ1ZSIgLz4NCiAgICAgICAgICAgIDxSdWxlUGFyYW1ldGVyIE5hbWU9IlJlcXVpcmVkIiBWYWx1ZT0iRmFsc2UiIC8+DQogICAgICAgICAgPC9SdWxlUGFyYW1ldGVycz4NCiAgICAgICAgPC9FeHRyYWN0aW9uUnVsZT4NCiAgICAgICAgPEV4dHJhY3Rpb25SdWxlIENsYXNzbmFtZT0iTWljcm9zb2Z0LlZpc3VhbFN0dWRpby5UZXN0VG9vbHMuV2ViVGVzdGluZy5SdWxlcy5FeHRyYWN0VGV4dCwgTWljcm9zb2Z0LlZpc3VhbFN0dWRpby5RdWFsaXR5VG9vbHMuV2ViVGVzdEZyYW1ld29yaywgVmVyc2lvbj0xMC4wLjAuMCwgQ3VsdHVyZT1uZXV0cmFsLCBQdWJsaWNLZXlUb2tlbj1iMDNmNWY3ZjExZDUwYTNhIiBWYXJpYWJsZU5hbWU9IkZvcm1Qb3N0UGFyYW0yNy5PVFRpbWVFbmQkZGRsTU0iIERpc3BsYXlOYW1lPSIiIERlc2NyaXB0aW9uPSIiPg0KICAgICAgICAgIDxSdWxlUGFyYW1ldGVycz4NCiAgICAgICAgICAgIDxSdWxlUGFyYW1ldGVyIE5hbWU9IlN0YXJ0c1dpdGgiIFZhbHVlPSJsdWU9JnF1b3Q7IiAvPg0KICAgICAgICAgICAgPFJ1bGVQYXJhbWV0ZXIgTmFtZT0iRW5kc1dpdGgiIFZhbHVlPSImcXVvdDsmZ3Q7MDAmbHQ7IiAvPg0KICAgICAgICAgICAgPFJ1bGVQYXJhbWV0ZXIgTmFtZT0iSW5kZXgiIFZhbHVlPSIyMyIgLz4NCiAgICAgICAgICAgIDxSdWxlUGFyYW1ldGVyIE5hbWU9Iklnbm9yZUNhc2UiIFZhbHVlPSJGYWxzZSIgLz4NCiAgICAgICAgICAgIDxSdWxlUGFyYW1ldGVyIE5hbWU9IlVzZVJlZ3VsYXJFeHByZXNzaW9uIiBWYWx1ZT0iRmFsc2UiIC8+DQogICAgICAgICAgICA8UnVsZVBhcmFtZXRlciBOYW1lPSJIdG1sRGVjb2RlIiBWYWx1ZT0iVHJ1ZSIgLz4NCiAgICAgICAgICAgIDxSdWxlUGFyYW1ldGVyIE5hbWU9IlJlcXVpcmVkIiBWYWx1ZT0iRmFsc2UiIC8+DQogICAgICAgICAgPC9SdWxlUGFyYW1ldGVycz4NCiAgICAgICAgPC9FeHRyYWN0aW9uUnVsZT4NCiAgICAgICAgPEV4dHJhY3Rpb25SdWxlIENsYXNzbmFtZT0iTWljcm9zb2Z0LlZpc3VhbFN0dWRpby5UZXN0VG9vbHMuV2ViVGVzdGluZy5SdWxlcy5FeHRyYWN0VGV4dCwgTWljcm9zb2Z0LlZpc3VhbFN0dWRpby5RdWFsaXR5VG9vbHMuV2ViVGVzdEZyYW1ld29yaywgVmVyc2lvbj0xMC4wLjAuMCwgQ3VsdHVyZT1uZXV0cmFsLCBQdWJsaWNLZXlUb2tlbj1iMDNmNWY3ZjExZDUwYTNhIiBWYXJpYWJsZU5hbWU9IkZvcm1Qb3N0UGFyYW0yOC5kZGxPVFR5cGVJRCIgRGlzcGxheU5hbWU9IiIgRGVzY3JpcHRpb249IiI+DQogICAgICAgICAgPFJ1bGVQYXJhbWV0ZXJzPg0KICAgICAgICAgICAgPFJ1bGVQYXJhbWV0ZXIgTmFtZT0iU3RhcnRzV2l0aCIgVmFsdWU9IiZxdW90OzgmcXVvdDssJnF1b3Q7IiAvPg0KICAgICAgICAgICAgPFJ1bGVQYXJhbWV0ZXIgTmFtZT0iRW5kc1dpdGgiIFZhbHVlPSImcXVvdDtdLCZxdW90O0QiIC8+DQogICAgICAgICAgICA8UnVsZVBhcmFtZXRlciBOYW1lPSJJbmRleCIgVmFsdWU9IjAiIC8+DQogICAgICAgICAgICA8UnVsZVBhcmFtZXRlciBOYW1lPSJJZ25vcmVDYXNlIiBWYWx1ZT0iRmFsc2UiIC8+DQogICAgICAgICAgICA8UnVsZVBhcmFtZXRlciBOYW1lPSJVc2VSZWd1bGFyRXhwcmVzc2lvbiIgVmFsdWU9IkZhbHNlIiAvPg0KICAgICAgICAgICAgPFJ1bGVQYXJhbWV0ZXIgTmFtZT0iSHRtbERlY29kZSIgVmFsdWU9IlRydWUiIC8+DQogICAgICAgICAgICA8UnVsZVBhcmFtZXRlciBOYW1lPSJSZXF1aXJlZCIgVmFsdWU9IkZhbHNlIiAvPg0KICAgICAgICAgIDwvUnVsZVBhcmFtZXRlcnM+DQogICAgICAgIDwvRXh0cmFjdGlvblJ1bGU+DQogICAgICA8L0NvcnJlbGF0aW9uRXh0cmFjdGlvblJ1bGVzPg0KICAgICAgPEZvcm1Qb3N0SHR0cEJvZHk+DQogICAgICAgIDxGb3JtUG9zdFBhcmFtZXRlciBOYW1lPSJUb29sa2l0U2NyaXB0TWFuYWdlcjFfSGlkZGVuRmllbGQiIFZhbHVlPSI7O0FqYXhDb250cm9sVG9vbGtpdCwgVmVyc2lvbj00LjEuNy42MDcsIEN1bHR1cmU9bmV1dHJhbCwgUHVibGljS2V5VG9rZW49MjhmMDFiMGU4NGI2ZDUzZTp6aC1IYW50OjdiOTVlZDFhLTZhM2YtNDFkZC1iYzViLTYzZjM5ZWRiYzRiNDpkZTFmZWFiMjpmY2YwZTk5MzpmMmM4ZTcwODo3MjBhNTJiZjpmOWNlYzliYzo1ODllYWEzMDo2OTgxMjljZjpmYjliNGM1NzpjY2I5NmNmOTphNjdjMjcwMDo4NjEzYWVhNzozMjAyYTVhMjphYjA5ZTNmZTo4NzEwNGI3YzpiZTZmYjI5OCIgUmVjb3JkZWRWYWx1ZT0iOztBamF4Q29udHJvbFRvb2xraXQsIFZlcnNpb249NC4xLjcuNjA3LCBDdWx0dXJlPW5ldXRyYWwsIFB1YmxpY0tleVRva2VuPTI4ZjAxYjBlODRiNmQ1M2U6emgtSGFudDo3Yjk1ZWQxYS02YTNmLTQxZGQtYmM1Yi02M2YzOWVkYmM0YjQ6ZGUxZmVhYjI6ZmNmMGU5OTM6ZjJjOGU3MDg6NzIwYTUyYmY6ZjljZWM5YmM6NTg5ZWFhMzA6Njk4MTI5Y2Y6ZmI5YjRjNTc6Y2NiOTZjZjk6YTY3YzI3MDA6ODYxM2FlYTc6MzIwMmE1YTI6YWIwOWUzZmU6ODcxMDRiN2M6YmU2ZmIyOTgiIENvcnJlbGF0aW9uQmluZGluZz0iIiBVcmxFbmNvZGU9IlRydWUiIC8+DQogICAgICAgIDxGb3JtUG9zdFBhcmFtZXRlciBOYW1lPSJfX0VWRU5UVEFSR0VUIiBWYWx1ZT0ie3skSElEREVOMS5fX0VWRU5UVEFSR0VUfX0iIFJlY29yZGVkVmFsdWU9IiIgQ29ycmVsYXRpb25CaW5kaW5nPSIiIFVybEVuY29kZT0iVHJ1ZSIgLz4NCiAgICAgICAgPEZvcm1Qb3N0UGFyYW1ldGVyIE5hbWU9Il9fRVZFTlRBUkdVTUVOVCIgVmFsdWU9Int7JEhJRERFTjEuX19FVkVOVEFSR1VNRU5UfX0iIFJlY29yZGVkVmFsdWU9IiIgQ29ycmVsYXRpb25CaW5kaW5nPSIiIFVybEVuY29kZT0iVHJ1ZSIgLz4NCiAgICAgICAgPEZvcm1Qb3N0UGFyYW1ldGVyIE5hbWU9Il9fTEFTVEZPQ1VTIiBWYWx1ZT0ie3skSElEREVOMS5fX0xBU1RGT0NVU319IiBSZWNvcmRlZFZhbHVlPSIiIENvcnJlbGF0aW9uQmluZGluZz0iIiBVcmxFbmNvZGU9IlRydWUiIC8+DQogICAgICAgIDxGb3JtUG9zdFBhcmFtZXRlciBOYW1lPSJfX1ZTVEFURSIgVmFsdWU9Int7JEhJRERFTjEuX19WU1RBVEV9fSIgUmVjb3JkZWRWYWx1ZT0iQVIrTENBQUFBQUFBQkFEZFdOMXZFOWtWangyUFk1d1FoeTEyNmJZZER4THRKTXJYM1BGSHZwb0hZa09KRmpCTnZEdzBpNnl4NTJKUE01NUpQZU9BKzRDbzFDd3BaVVZXRzNhYnBhcTAwcGI5b0t5b1VLV1VwYXYrQ1gzb1E1L1Iyb21mK2llMDk4NkhQWTdIVGtnZ2xYQVUrODY1NTk3ZitaMXo3am4yL2EvRGQ4SkprS2xVVEpiVWdpd3FjL0NYUmFFQUw4bUtPc05sRnQrQ3BWUXEwRTM0czhzWE9FRTZsVkZGQnB5SzVXQm04YlFvRWdHTG1EMlZ5UzNHY3JLc3dBWjVxSVU4M0VJZWFTR1B0cENQdFpDUHQ1QlAyTXNCMDBJT0xISzNMdmY5WkxDanA5UHQ5M29TeVppY1g1cU5keVdTWi9Dbk81R01jeXBFSDBraEQzc1N5WG1WVTR2S1JTNFB1NUZNVmprUlR5RDE1SFZwTnU0eEZkRGdyRnpJWDB4NHo0cnl0UmluUUxUbjhjRU9MLzRuM1BPWHpzMjhCUWczWUZnQUpnZy95NEN4VVNZeUNzQ04rcERvWnBoSmhybkJBUFJPdUNzZlB5dy8rbjMvd01KOFNWRmhmaVFPTTBLZUU0ZW92SktSQzZLUUhxSXV3NElpeU5KMGVJVEJmME5VckNpcXhRS2NsbUJSTFdEZFM4VzBLR1JRRmlUbFJTaE5wOGZHdUVnbUVnVVRvVEJreGljNndRaERCSFRyZE51d09Vd0VnRWlFY0FDaXozeU1Ndm8wYk1jblBNcWFmUEJRNXhPOWdkNFJPWlBQb0t1VEdRRTJvR0VXTUtBQkZJd2ZDbWlvQVpRRjlxQWdPaEVaUHdpb3RrRU5sSzJEYXNUM3hCUkViOVNIQ0JSbzZjSmEwd1dCMnNjMERLS3NKYVpoRUQ0azBHZ2pVL1pRUU1jYVkzbzRvT01Ob0tHOUhabURnazQwZ3JiTVhuVGFEd0txYldDQ1dzK3BOWHM5VGdmdkk3eW91cURIYUNRYzlnVUNwRHNPbDlUWk9QRW16VERNVHdGREQya0R4aklnMzBnVXNyaHduaGNVRlEwNVZGb0pKMDJUdmFsTFhCYk9LcmkybnBlek9kSnZDSDVXaElYU3ZGb1FwS3dtZCt0bDNHUk1ualQwVGhkVitmVFNrbGc2azA5REhzdGlpaElUT1VYSmtyU2hnenVDaXY3bk02aUJpcWh6Q2lvcXFnbko3S0ZaMHF0VHdCWkNzdHRpSy9GbHJ3SkZtRkdwK094OGN2WmlMRWxsVU8ybnFHczVLRkdKTURQeTlwTEJoeElVU3BKVlNpcUtJcVUyVDBNUnJhTnBDa284eFNsNHNqWTNKQ2g0VlQ5ZVlJcG9lc0JRTXlWVzRGQjc0RkE3NEpBTmNLZ1pPR1FMekxZSFp0c0JzemJBYkRNd2F3c00yZ09ESnVCK2JiVyt1TzNhZmlQQ2RaV3JCVGxQd1hOekYrYmpNNm5aNUZ4OFpJRlB5MWRHRmpRRjRWY2N6aCtjSWxmdy9nVklHUXVuclVBRG1oazYvWUdhRDRERkJ4WjYyTVRXNUpxNG1kNERqZDZyZzdTQWFPZkJkcEZyRHB6RllETndTTlJHeWNaa214eXd5VWY3czRGZkdEUXVYNU4yb21xa0xRN1Y2TmVaYWlPZDRmUDE5ZWZyTjJscXNLNDlTQS9UdFVmOHRSQTd3Y1o2WFE5WUZHMzQ2RXFzblZKb2gxTElUaW04UXlsc1ZiTHpnbWJ3QzZSdmdoTGhWWlg2aFN4SWUxMFJaaWdaWnhPeVpVNFdZVXptNFRRZFptaUtROGxpc1ppYVR0U0dMd3dTTWtCQ1ZwQ1FDUko2T1NDc0FjSmFRVmdUaEgwNUlNQUFBVllRWUlLQWx3TmlZRmdoR0ZvRHNOM2ZLRnIxaW9PS0lEN0VpUUlQQzFTNlpPMDZsajVncWN5V0VsTTc5UlRaaFVaYTEvU1lYd1ZJbjltRG9jb2x1YXlTRFRpZG5UNCtjQnk5K3dKTzFPL1BDOW1jT2lOZm55bEFidkdNeEtWRnlPZjRnUE1xMG5JNUhacFcxMlZCRWRCRWp1ZWRoQ1p4SmVGMWxUaXh2WEZ2YSszZGJ6Y2YvZWZabmUySHY5djYvTDN5Tnl2UGJ6NUFlai9DZXNHalJFL2w4ZWIyWDlhcXQyOXVmM0lIeVFjTXVlL2JwMC9MdCs5dlA3bFZlYnFHOWtGVHc4YVVIMDFoK2IzTnlnY2ZWMjc5ZG12OTg2M1Aza2NLb3o3RE1FeWlqK2NEanF1OEU1aENOeGI2QWg2eUYvM0U1QzV6WWhHZUZhRElFeTRjRXZJb2xtS3pkYUVIQy9GNUpidFRKL0hVakZ5VStDelpWZk5Cbjk5NWJCaTlFTEhxcjVFcHQvQkRRUDlLTmJ6RGVyK3p3NjNQSEIvc2RHYXptbVdFWms2d1Z6Y2c2S3RqQnZ1eXdXTXZBYUZyL3dpQUdkNys4TXZxeXArM0h0d3RyMzZCSEd3aUFDdEN5UFN1eC9BdUF2UFc4eE5CSG0yb2ZqVmNSek91MzlHQmRuYnNjSTYzbnVMNzM2MnJ2aHQ3OE4yT21MdDFXL3JiL3JjYjB6TFdxUjBvZk95OEtPWHdMUWorMXMycFJFOEp2ZDRadlhEaG5WR2VKNzJwZVpVcnFOb3RTY2MvaER2My8vVlBEK2xKblpGNFF6VGpDajc2dHdkdE1hdk1RWTVQU0dJcGh4U1NzaXdtaFNWaWVLSDY5UjhySDl5K1FwWGZmMWErKzdEeTBaOHE5OTlGNTNPaGVuOURrMWMyVjZvYm41WlhQaXQvOVRmOWpHUHpISWd6ajgrNkxHVkVJYk5JL1B4dFZSQlRzZHdpS2c1Sk9ac1ZvVllGQkZGUVMvMjBlbDNWcjNKbVlGYVFVcG5jWW4yV0hxSjJ6dlBDTWo1anAxR1JvUWVtZUhTV25iaU1FSXBhRWlFUlhJWUZWY2h3NGpBbkNsbHBVcFdYcHBacjIwMU8xUXZSL2xpaWxWNVo0dE9penF4WHpRbkt5REl1RU5NMFBjV2pvQVRjcE5zMkhFZWFvbkVPbDRpR1lKekQrWWZDR255amNYSHdPN1VJQm8vWEloZjA1NEtCZzRZcCtGM2k4dDdpZzJ4dEV4MDhheCtiNElrOWh5WDR2UmVPUi9CTit5Z0V2Ny9EaFQrb3VUMzRRNHUvSi9BVjQ3SE9EbC9BaFk0aEx1R3pLc3pIVUFsWG5WN2UwUmZvd0g4OTZGZDZoMTYrQXBxcEx2SUkvc1VaazBXNTRQM1VRYnBTSitkbm5CN2NENTJHZS9VVzVBQThyN2RJOU5CMFM2ZDV4MzlOTHZERGFkdzJKN1YzNUNVUjBYQVpxNHdmK21iTHhCSjlOWks0RFVsWCtlc1BFMXZmZk1IckdhVDF5K3JLZStXMTFmTGoxY29ucTBqdU1adWk3WjBtajR1VnJtQzkzVVJpcnlIR3R3em9zZHUwNGNkU1dsbWEwb0tNblJkRWJnaFN0aTVnN1Z4ZzNobStTaGNFeWs4ZW93UWFyZnhodGZ6MEhocHQvWFd0dlBtazJSazdyZ2wzT3NPNE1MUTZneGtCdHM3bzNNMFpJVHRubUhlWnI1a3pYTHM1STl6a0RNc3QxYjZkb1YzZ1dwMVJmZkJWb3JyeDkvK3ZNNGpkbkJGcGRrYjk3dmRWWm9hN2ZQUFoxdDFIZHVRYjdoOGJ5TmR2SXZkU0k5eTdrWS9hWmdMN1dwRHYybzM4bUcxTmVEM0llM1lqUDI1SFBuUUlEZklReUIvWmpmeUVMZm5YNDh4N2R5SHZCTXdyS3YvTWVBUDc2c2FUeE5iNmJ3Nlh2Uzdwd1RjZFV4cHRaREt2Y1RyS0M4cVN5SlVtSlZtQ1Uvei9BSWM5VndnYUlBQUEiIENvcnJlbGF0aW9uQmluZGluZz0iIiBVcmxFbmNvZGU9IlRydWUiIC8+DQogICAgICAgIDxGb3JtUG9zdFBhcmFtZXRlciBOYW1lPSJfX1ZJRVdTVEFURSIgVmFsdWU9Int7JEhJRERFTjEuX19WSUVXU1RBVEV9fSIgUmVjb3JkZWRWYWx1ZT0iIiBDb3JyZWxhdGlvbkJpbmRpbmc9IiIgVXJsRW5jb2RlPSJUcnVlIiAvPg0KICAgICAgICA8Rm9ybVBvc3RQYXJhbWV0ZXIgTmFtZT0iX19TQ1JPTExQT1NJVElPTlgiIFZhbHVlPSJ7eyRISURERU4xLl9fU0NST0xMUE9TSVRJT05YfX0iIFJlY29yZGVkVmFsdWU9IjAiIENvcnJlbGF0aW9uQmluZGluZz0iIiBVcmxFbmNvZGU9IlRydWUiIC8+DQogICAgICAgIDxGb3JtUG9zdFBhcmFtZXRlciBOYW1lPSJfX1NDUk9MTFBPU0lUSU9OWSIgVmFsdWU9Int7JEhJRERFTjEuX19TQ1JPTExQT1NJVElPTll9fSIgUmVjb3JkZWRWYWx1ZT0iMCIgQ29ycmVsYXRpb25CaW5kaW5nPSIiIFVybEVuY29kZT0iVHJ1ZSIgLz4NCiAgICAgICAgPEZvcm1Qb3N0UGFyYW1ldGVyIE5hbWU9Il9fVklFV1NUQVRFRU5DUllQVEVEIiBWYWx1ZT0ie3skSElEREVOMS5fX1ZJRVdTVEFURUVOQ1JZUFRFRH19IiBSZWNvcmRlZFZhbHVlPSIiIENvcnJlbGF0aW9uQmluZGluZz0iIiBVcmxFbmNvZGU9IlRydWUiIC8+DQogICAgICAgIDxGb3JtUG9zdFBhcmFtZXRlciBOYW1lPSJfX0VWRU5UVkFMSURBVElPTiIgVmFsdWU9Int7JEhJRERFTjEuX19FVkVOVFZBTElEQVRJT059fSIgUmVjb3JkZWRWYWx1ZT0iSGhFRlZoN2w5SjNmQ0tXRzRjNFBaajgyc2RFWXdSeStNdFhQYjVqSHk2bVJnZXFlcHhNSGdHcjRQTU80WW94MVZqd1hKOWxYYXFiWEdtWk4xblkyY1I1b21KZStqOHdUb3JoSElGTVdJUWNVanZvVVk0T1FJN2FldTVJK1lOcnhMVFpRdVRkTkxkY3J2RVdYekJoekFmWUhFdmZha01nVEFlU2wwTUN6bjJTYjVPS0Q4blhaMlFqWkpIb1B4SDdvYnZGYWlITmlVN2k5S3EzV3FmTGs1bTVWeDhCWDF5ZkRxZEZKWWFaRWx0V2ozRWdjYm9URmNEbklZZ1pqdWlqblhSN1J6VFR5aENPVWRyQURkSGt2Z1pQdzZ0SWRwdzBRMzdGSHBmTUlvemJJeFhDVE1EOW1DNWxuZHo4NTM5M3NTSzVEMVJjOXFJV1FQN3haanJlQWtDNlhFcDlMY0E5N2MrbFdQblR3d1pocXA3VTBWTitBNFZGKzdCSGFNajRweEpRZms2SVVNV20vUDB4cktqcGpDZ0tCQW1pVkxic3JFeUtKOGVmb055ajR2ZkM0NUJIQ0ZrTldsV0tsUWpPV3BPU3BlZGtoK2FKNGREZzFhcEtsamY0bUpTcS9zOFlWWlgvQmthc0pYZlVieUdtZFRtTEh4UFpRMnpSU0VmOW1RZkxxcTlGb0Uwc1dWQ2JpUXdaTW9kSk9ZVjFaVjJXbGNiRktZVzZaWTN3N05qVHhRbWp5QUprL0NxQjI2S1d3QnR2L2VJWTlnSCtGYWJ6R3craTMyOWI4d2M3NFI1cmg5M1V3WkNQREF6SDYzUW9FS1EwSlFiNFBaSS9VcktYSGh4YXNBUW8wRWNxVGRaZ3R6bzJ0MVg2dXRtSWtuT2FsZG8zRWYyazF1RGVZTEtidG9RQ20xZ1l1eHBWVU9iK0xocVU1Y3kvV3c3ZmkyRmNoVlNoVDJZTjdCMDNzUXc1K09FRWJFeVF2QmtYclJIVWF1YnErbTNtbzhhZWs2bmNIMjJPbHQyYk55a1JQUEEwMjRUd1BWdCs3NHQ2SmF5QzJtcnMyNkVudWNMQ2luSkVRdmJWQnE2bHBkMVZqWVNEYXRNTXdWdXlOYUxSVEw2UG9qblZ6YWt1LzdVTFlFd2hwaHpUL3BhTUZFMzJocEpVTU5URzZrQkJYeUhNTUpiMCs4K3pjeDc2T0cyYmR4eWRqU3c2ZnVFT0NjVzlOdWNabDJFdXlLanc4QzkwN2Q5dnhUYU5xREpDWEVJTENLb3VZVnNEVGwvN3VIT1gzeE5jdUxaTEpwSDYwVkJRQ0xGcGRLZ1ZyZ3ZJSmNMS0RzTW5QcjhQaGxzanNMbHkybVhLbWVFMVJaWW9adnNuRXlyUFpYYmFyYStneHhBRE1Vb3NFM1k4QlZuVXFLNVowb1dnUUpYUkJPNTB1aFJ2ZXUzOUlHQVpTSklEcW9VNTFKWGZrL3RaSEg2OXJ0b3dwUk9iM1BnUlBNeExtL1YxK1NSK0t4NnlDa1NPUjZmWWpGaVNtUnJHOXVyVHoxZGY2aWVFa1N0eW9zV2srZjFDL0NVc0tja2tySzA0WU8xSHRlNXY2Qk9nTHpvU3dweXhDMWljY3VPczBUeTFXY0RzQmxKdUJjM3FXQi9jY2U2SlFoSkp0d0RrZVlqSWRNUnpjZmhkOUx6QkpaV2twNjBYcGRqa2tWeERYbVY1K3pFdnBQN25lRlhyRmQrYURITlJPS2UxczB2aXJZaTExb3dpUG9ta09VQUlOZUVGSzJMQkVCUzR4djljYVQ0VVZsOWRMUUNnaE16TVlWMjVZRU5XUFFlNCsyNWluTmpXMUJzeFJJdjFPcVRxOGh6TjdFTWo4ci9TdndWQWdaT1dPaGhrNkJ0WDJ4OG9PRU5wc1FCdWtwamlzbjNlTTFmb1Vhd3JsamtubFdPUU1wVGZyd3NmRjFWTW9GN2g1R1NxZVFqOHVuQjFUMTJXTjFsL0cyWVlJenhOS2wvN0hzaGNXTjdrdS9HVFordHN3RkNGSHlHV3pNT3ZHMTZnditkS2hpaTc3b0RkTlpFMWJqSndkczE0dTFRWkd3STk2d2lLMVFKYnB0NkJNb0pleGhMR1NHRjdqL2F6TEdhRTlnVTFTYXFNbGxPMnhxQ1luZ1NKTER2cz0iIENvcnJlbGF0aW9uQmluZGluZz0iIiBVcmxFbmNvZGU9IlRydWUiIC8+DQogICAgICAgIDxGb3JtUG9zdFBhcmFtZXRlciBOYW1lPSJTY3JlZW5XaWR0aCIgVmFsdWU9Int7JEhJRERFTjEuU2NyZWVuV2lkdGh9fSIgUmVjb3JkZWRWYWx1ZT0iIiBDb3JyZWxhdGlvbkJpbmRpbmc9IiIgVXJsRW5jb2RlPSJUcnVlIiAvPg0KICAgICAgICA8Rm9ybVBvc3RQYXJhbWV0ZXIgTmFtZT0iU2NyZWVuSGVpZ2h0IiBWYWx1ZT0ie3skSElEREVOMS5TY3JlZW5IZWlnaHR9fSIgUmVjb3JkZWRWYWx1ZT0iIiBDb3JyZWxhdGlvbkJpbmRpbmc9IiIgVXJsRW5jb2RlPSJUcnVlIiAvPg0KICAgICAgICA8Rm9ybVBvc3RQYXJhbWV0ZXIgTmFtZT0iYnRuVXBkYXRlIiBWYWx1ZT0i5L+u5pS5IiBSZWNvcmRlZFZhbHVlPSLkv67mlLkiIENvcnJlbGF0aW9uQmluZGluZz0ie3tGb3JtUG9zdFBhcmFtMjkuYnRuVXBkYXRlfX0iIFVybEVuY29kZT0iVHJ1ZSIgLz4NCiAgICAgICAgPEZvcm1Qb3N0UGFyYW1ldGVyIE5hbWU9ImRkbE9yZ0FuZEZsb3ciIFZhbHVlPSIiIFJlY29yZGVkVmFsdWU9IiIgQ29ycmVsYXRpb25CaW5kaW5nPSIiIFVybEVuY29kZT0iVHJ1ZSIgLz4NCiAgICAgICAgPEZvcm1Qb3N0UGFyYW1ldGVyIE5hbWU9ImRkbFF1ZXJ5Q29uZGl0aW9ucyIgVmFsdWU9IjAiIFJlY29yZGVkVmFsdWU9IjAiIENvcnJlbGF0aW9uQmluZGluZz0ie3tGb3JtUG9zdFBhcmFtMzEuZGRsUXVlcnlDb25kaXRpb25zfX0iIFVybEVuY29kZT0iVHJ1ZSIgLz4NCiAgICAgICAgPEZvcm1Qb3N0UGFyYW1ldGVyIE5hbWU9InR4dE9URW1wSUQiIFZhbHVlPSIxMDIxMTkiIFJlY29yZGVkVmFsdWU9IjEwMjExOSIgQ29ycmVsYXRpb25CaW5kaW5nPSJ7e0Zvcm1Qb3N0UGFyYW0zMC50eHRPVEVtcElEfX0iIFVybEVuY29kZT0iVHJ1ZSIgLz4NCiAgICAgICAgPEZvcm1Qb3N0UGFyYW1ldGVyIE5hbWU9InR4dE9URW1wTmFtZSIgVmFsdWU9IiIgUmVjb3JkZWRWYWx1ZT0iIiBDb3JyZWxhdGlvbkJpbmRpbmc9IiIgVXJsRW5jb2RlPSJUcnVlIiAvPg0KICAgICAgICA8Rm9ybVBvc3RQYXJhbWV0ZXIgTmFtZT0idHh0T1RGb3JtTk8iIFZhbHVlPSIiIFJlY29yZGVkVmFsdWU9IiIgQ29ycmVsYXRpb25CaW5kaW5nPSIiIFVybEVuY29kZT0iVHJ1ZSIgLz4NCiAgICAgICAgPEZvcm1Qb3N0UGFyYW1ldGVyIE5hbWU9ImRkbE9UU3RhdHVzIiBWYWx1ZT0iMSIgUmVjb3JkZWRWYWx1ZT0iMSIgQ29ycmVsYXRpb25CaW5kaW5nPSJ7e0Zvcm1Qb3N0UGFyYW0zMi5kZGxPVFN0YXR1c319IiBVcmxFbmNvZGU9IlRydWUiIC8+DQogICAgICAgIDxGb3JtUG9zdFBhcmFtZXRlciBOYW1lPSJ0eHRPVERhdGVCZWdpbiR0eHREYXRlIiBWYWx1ZT0iIiBSZWNvcmRlZFZhbHVlPSIiIENvcnJlbGF0aW9uQmluZGluZz0iIiBVcmxFbmNvZGU9IlRydWUiIC8+DQogICAgICAgIDxGb3JtUG9zdFBhcmFtZXRlciBOYW1lPSJ0eHRPVERhdGVFbmQkdHh0RGF0ZSIgVmFsdWU9IiIgUmVjb3JkZWRWYWx1ZT0iIiBDb3JyZWxhdGlvbkJpbmRpbmc9IiIgVXJsRW5jb2RlPSJUcnVlIiAvPg0KICAgICAgICA8Rm9ybVBvc3RQYXJhbWV0ZXIgTmFtZT0iZ3ZNYWluJGN0bDAyJGNoa0Nob29zZSIgVmFsdWU9Im9uIiBSZWNvcmRlZFZhbHVlPSJvbiIgQ29ycmVsYXRpb25CaW5kaW5nPSIiIFVybEVuY29kZT0iVHJ1ZSIgLz4NCiAgICAgICAgPEZvcm1Qb3N0UGFyYW1ldGVyIE5hbWU9InVjTW9kYWxQb3B1cDEkQ2xpZW50V2lkdGgiIFZhbHVlPSJ7eyRISURERU4xLnVjTW9kYWxQb3B1cDEkQ2xpZW50V2lkdGh9fSIgUmVjb3JkZWRWYWx1ZT0iMCIgQ29ycmVsYXRpb25CaW5kaW5nPSIiIFVybEVuY29kZT0iVHJ1ZSIgLz4NCiAgICAgICAgPEZvcm1Qb3N0UGFyYW1ldGVyIE5hbWU9InVjTW9kYWxQb3B1cDEkQ2xpZW50SGVpZ2h0IiBWYWx1ZT0ie3skSElEREVOMS51Y01vZGFsUG9wdXAxJENsaWVudEhlaWdodH19IiBSZWNvcmRlZFZhbHVlPSIwIiBDb3JyZWxhdGlvbkJpbmRpbmc9IiIgVXJsRW5jb2RlPSJUcnVlIiAvPg0KICAgICAgPC9Gb3JtUG9zdEh0dHBCb2R5Pg0KICAgIDwvUmVxdWVzdD4NCiAgICA8UmVxdWVzdCBNZXRob2Q9IlBPU1QiIEd1aWQ9IjVhMTNkZDAwLWY4YTUtNDZjMC1hNmY4LTgyZjZkNzlmMzU0YyIgVmVyc2lvbj0iMS4xIiBVcmw9Imh0dHA6Ly8xMC4xMS4zNi4xMTQ6ODAwNy9PdmVyVGltZS9PdmVydGltZVByZU9yZGVyX01vZGlmeS5hc3B4IiBUaGlua1RpbWU9IjMiIFRpbWVvdXQ9IjMwMCIgUGFyc2VEZXBlbmRlbnRSZXF1ZXN0cz0iVHJ1ZSIgRm9sbG93UmVkaXJlY3RzPSJUcnVlIiBSZWNvcmRSZXN1bHQ9IlRydWUiIENhY2hlPSJGYWxzZSIgUmVzcG9uc2VUaW1lR29hbD0iMCIgRW5jb2Rpbmc9InV0Zi04IiBFeHBlY3RlZEh0dHBTdGF0dXNDb2RlPSIwIiBFeHBlY3RlZFJlc3BvbnNlVXJsPSIiIFJlcG9ydGluZ05hbWU9IiIgSWdub3JlSHR0cFN0YXR1c0NvZGU9IkZhbHNlIj4NCiAgICAgIDxFeHRyYWN0aW9uUnVsZXM+DQogICAgICAgIDxFeHRyYWN0aW9uUnVsZSBDbGFzc25hbWU9Ik1pY3Jvc29mdC5WaXN1YWxTdHVkaW8uVGVzdFRvb2xzLldlYlRlc3RpbmcuUnVsZXMuRXh0cmFjdEhpZGRlbkZpZWxkcywgTWljcm9zb2Z0LlZpc3VhbFN0dWRpby5RdWFsaXR5VG9vbHMuV2ViVGVzdEZyYW1ld29yaywgVmVyc2lvbj0xMC4wLjAuMCwgQ3VsdHVyZT1uZXV0cmFsLCBQdWJsaWNLZXlUb2tlbj1iMDNmNWY3ZjExZDUwYTNhIiBWYXJpYWJsZU5hbWU9IjEiIERpc3BsYXlOYW1lPSLmk7flj5bpmrHol4/mrITkvY0iIERlc2NyaXB0aW9uPSLmk7flj5blm57mh4nkuK3nmoTmiYDmnInpmrHol4/mrITkvY3vvIzkuKblsIflroPlgJHmlL7lnKjmuKzoqablhaflrrnkuK3jgIIiPg0KICAgICAgICAgIDxSdWxlUGFyYW1ldGVycz4NCiAgICAgICAgICAgIDxSdWxlUGFyYW1ldGVyIE5hbWU9IlJlcXVpcmVkIiBWYWx1ZT0iVHJ1ZSIgLz4NCiAgICAgICAgICAgIDxSdWxlUGFyYW1ldGVyIE5hbWU9Ikh0bWxEZWNvZGUiIFZhbHVlPSJUcnVlIiAvPg0KICAgICAgICAgIDwvUnVsZVBhcmFtZXRlcnM+DQogICAgICAgIDwvRXh0cmFjdGlvblJ1bGU+DQogICAgICAgIDxFeHRyYWN0aW9uUnVsZSBDbGFzc25hbWU9Ik1pY3Jvc29mdC5WaXN1YWxTdHVkaW8uVGVzdFRvb2xzLldlYlRlc3RpbmcuUnVsZXMuRXh0cmFjdFRleHQsIE1pY3Jvc29mdC5WaXN1YWxTdHVkaW8uUXVhbGl0eVRvb2xzLldlYlRlc3RGcmFtZXdvcmssIFZlcnNpb249MTAuMC4wLjAsIEN1bHR1cmU9bmV1dHJhbCwgUHVibGljS2V5VG9rZW49YjAzZjVmN2YxMWQ1MGEzYSIgVmFyaWFibGVOYW1lPSJRdWVyeVN0cmluZ1BhcmFtMTUuT1RUeG5JRCIgRGlzcGxheU5hbWU9IuaTt+WPluaWh+WtlyIgRGVzY3JpcHRpb249IuW+nuWbnuaHieS4reaTt+WPluaWh+Wtl++8jOS4puWwh+Wug+aUvuWFpea4rOippuWFp+WuueS4reOAgiI+DQogICAgICAgICAgPFJ1bGVQYXJhbWV0ZXJzPg0KICAgICAgICAgICAgPFJ1bGVQYXJhbWV0ZXIgTmFtZT0iU3RhcnRzV2l0aCIgVmFsdWU9IiZhbXA7YW1wO09UVHhuSUQ9IiAvPg0KICAgICAgICAgICAgPFJ1bGVQYXJhbWV0ZXIgTmFtZT0iRW5kc1dpdGgiIFZhbHVlPSImYW1wOyIgLz4NCiAgICAgICAgICAgIDxSdWxlUGFyYW1ldGVyIE5hbWU9IkluZGV4IiBWYWx1ZT0iMCIgLz4NCiAgICAgICAgICAgIDxSdWxlUGFyYW1ldGVyIE5hbWU9Iklnbm9yZUNhc2UiIFZhbHVlPSJGYWxzZSIgLz4NCiAgICAgICAgICAgIDxSdWxlUGFyYW1ldGVyIE5hbWU9IlVzZVJlZ3VsYXJFeHByZXNzaW9uIiBWYWx1ZT0iRmFsc2UiIC8+DQogICAgICAgICAgICA8UnVsZVBhcmFtZXRlciBOYW1lPSJIdG1sRGVjb2RlIiBWYWx1ZT0iVHJ1ZSIgLz4NCiAgICAgICAgICAgIDxSdWxlUGFyYW1ldGVyIE5hbWU9IlJlcXVpcmVkIiBWYWx1ZT0iRmFsc2UiIC8+DQogICAgICAgICAgPC9SdWxlUGFyYW1ldGVycz4NCiAgICAgICAgPC9FeHRyYWN0aW9uUnVsZT4NCiAgICAgIDwvRXh0cmFjdGlvblJ1bGVzPg0KICAgICAgPENvcnJlbGF0aW9uRXh0cmFjdGlvblJ1bGVzPg0KICAgICAgICA8RXh0cmFjdGlvblJ1bGUgQ2xhc3NuYW1lPSJNaWNyb3NvZnQuVmlzdWFsU3R1ZGlvLlRlc3RUb29scy5XZWJUZXN0aW5nLlJ1bGVzLkV4dHJhY3RUZXh0LCBNaWNyb3NvZnQuVmlzdWFsU3R1ZGlvLlF1YWxpdHlUb29scy5XZWJUZXN0RnJhbWV3b3JrLCBWZXJzaW9uPTEwLjAuMC4wLCBDdWx0dXJlPW5ldXRyYWwsIFB1YmxpY0tleVRva2VuPWIwM2Y1ZjdmMTFkNTBhM2EiIFZhcmlhYmxlTmFtZT0iUXVlcnlTdHJpbmdQYXJhbTkuT1RDb21wSUQiIERpc3BsYXlOYW1lPSIiIERlc2NyaXB0aW9uPSIiPg0KICAgICAgICAgIDxSdWxlUGFyYW1ldGVycz4NCiAgICAgICAgICAgIDxSdWxlUGFyYW1ldGVyIE5hbWU9IlN0YXJ0c1dpdGgiIFZhbHVlPSI/T1RDb21wSUQ9IiAvPg0KICAgICAgICAgICAgPFJ1bGVQYXJhbWV0ZXIgTmFtZT0iRW5kc1dpdGgiIFZhbHVlPSImYW1wOyIgLz4NCiAgICAgICAgICAgIDxSdWxlUGFyYW1ldGVyIE5hbWU9IkluZGV4IiBWYWx1ZT0iMCIgLz4NCiAgICAgICAgICAgIDxSdWxlUGFyYW1ldGVyIE5hbWU9Iklnbm9yZUNhc2UiIFZhbHVlPSJGYWxzZSIgLz4NCiAgICAgICAgICAgIDxSdWxlUGFyYW1ldGVyIE5hbWU9IlVzZVJlZ3VsYXJFeHByZXNzaW9uIiBWYWx1ZT0iRmFsc2UiIC8+DQogICAgICAgICAgICA8UnVsZVBhcmFtZXRlciBOYW1lPSJIdG1sRGVjb2RlIiBWYWx1ZT0iVHJ1ZSIgLz4NCiAgICAgICAgICAgIDxSdWxlUGFyYW1ldGVyIE5hbWU9IlJlcXVpcmVkIiBWYWx1ZT0iRmFsc2UiIC8+DQogICAgICAgICAgPC9SdWxlUGFyYW1ldGVycz4NCiAgICAgICAgPC9FeHRyYWN0aW9uUnVsZT4NCiAgICAgICAgPEV4dHJhY3Rpb25SdWxlIENsYXNzbmFtZT0iTWljcm9zb2Z0LlZpc3VhbFN0dWRpby5UZXN0VG9vbHMuV2ViVGVzdGluZy5SdWxlcy5FeHRyYWN0VGV4dCwgTWljcm9zb2Z0LlZpc3VhbFN0dWRpby5RdWFsaXR5VG9vbHMuV2ViVGVzdEZyYW1ld29yaywgVmVyc2lvbj0xMC4wLjAuMCwgQ3VsdHVyZT1uZXV0cmFsLCBQdWJsaWNLZXlUb2tlbj1iMDNmNWY3ZjExZDUwYTNhIiBWYXJpYWJsZU5hbWU9IlF1ZXJ5U3RyaW5nUGFyYW0xMC5PVEVtcElEIiBEaXNwbGF5TmFtZT0iIiBEZXNjcmlwdGlvbj0iIj4NCiAgICAgICAgICA8UnVsZVBhcmFtZXRlcnM+DQogICAgICAgICAgICA8UnVsZVBhcmFtZXRlciBOYW1lPSJTdGFydHNXaXRoIiBWYWx1ZT0iJmFtcDthbXA7T1RFbXBJRD0iIC8+DQogICAgICAgICAgICA8UnVsZVBhcmFtZXRlciBOYW1lPSJFbmRzV2l0aCIgVmFsdWU9IiZhbXA7IiAvPg0KICAgICAgICAgICAgPFJ1bGVQYXJhbWV0ZXIgTmFtZT0iSW5kZXgiIFZhbHVlPSIwIiAvPg0KICAgICAgICAgICAgPFJ1bGVQYXJhbWV0ZXIgTmFtZT0iSWdub3JlQ2FzZSIgVmFsdWU9IkZhbHNlIiAvPg0KICAgICAgICAgICAgPFJ1bGVQYXJhbWV0ZXIgTmFtZT0iVXNlUmVndWxhckV4cHJlc3Npb24iIFZhbHVlPSJGYWxzZSIgLz4NCiAgICAgICAgICAgIDxSdWxlUGFyYW1ldGVyIE5hbWU9Ikh0bWxEZWNvZGUiIFZhbHVlPSJUcnVlIiAvPg0KICAgICAgICAgICAgPFJ1bGVQYXJhbWV0ZXIgTmFtZT0iUmVxdWlyZWQiIFZhbHVlPSJGYWxzZSIgLz4NCiAgICAgICAgICA8L1J1bGVQYXJhbWV0ZXJzPg0KICAgICAgICA8L0V4dHJhY3Rpb25SdWxlPg0KICAgICAgICA8RXh0cmFjdGlvblJ1bGUgQ2xhc3NuYW1lPSJNaWNyb3NvZnQuVmlzdWFsU3R1ZGlvLlRlc3RUb29scy5XZWJUZXN0aW5nLlJ1bGVzLkV4dHJhY3RUZXh0LCBNaWNyb3NvZnQuVmlzdWFsU3R1ZGlvLlF1YWxpdHlUb29scy5XZWJUZXN0RnJhbWV3b3JrLCBWZXJzaW9uPTEwLjAuMC4wLCBDdWx0dXJlPW5ldXRyYWwsIFB1YmxpY0tleVRva2VuPWIwM2Y1ZjdmMTFkNTBhM2EiIFZhcmlhYmxlTmFtZT0iUXVlcnlTdHJpbmdQYXJhbTExLk9UU3RhcnREYXRlIiBEaXNwbGF5TmFtZT0iIiBEZXNjcmlwdGlvbj0iIj4NCiAgICAgICAgICA8UnVsZVBhcmFtZXRlcnM+DQogICAgICAgICAgICA8UnVsZVBhcmFtZXRlciBOYW1lPSJTdGFydHNXaXRoIiBWYWx1ZT0iJmFtcDthbXA7T1RTdGFydERhdGU9IiAvPg0KICAgICAgICAgICAgPFJ1bGVQYXJhbWV0ZXIgTmFtZT0iRW5kc1dpdGgiIFZhbHVlPSImYW1wOyIgLz4NCiAgICAgICAgICAgIDxSdWxlUGFyYW1ldGVyIE5hbWU9IkluZGV4IiBWYWx1ZT0iMCIgLz4NCiAgICAgICAgICAgIDxSdWxlUGFyYW1ldGVyIE5hbWU9Iklnbm9yZUNhc2UiIFZhbHVlPSJGYWxzZSIgLz4NCiAgICAgICAgICAgIDxSdWxlUGFyYW1ldGVyIE5hbWU9IlVzZVJlZ3VsYXJFeHByZXNzaW9uIiBWYWx1ZT0iRmFsc2UiIC8+DQogICAgICAgICAgICA8UnVsZVBhcmFtZXRlciBOYW1lPSJIdG1sRGVjb2RlIiBWYWx1ZT0iVHJ1ZSIgLz4NCiAgICAgICAgICAgIDxSdWxlUGFyYW1ldGVyIE5hbWU9IlJlcXVpcmVkIiBWYWx1ZT0iRmFsc2UiIC8+DQogICAgICAgICAgPC9SdWxlUGFyYW1ldGVycz4NCiAgICAgICAgPC9FeHRyYWN0aW9uUnVsZT4NCiAgICAgICAgPEV4dHJhY3Rpb25SdWxlIENsYXNzbmFtZT0iTWljcm9zb2Z0LlZpc3VhbFN0dWRpby5UZXN0VG9vbHMuV2ViVGVzdGluZy5SdWxlcy5FeHRyYWN0VGV4dCwgTWljcm9zb2Z0LlZpc3VhbFN0dWRpby5RdWFsaXR5VG9vbHMuV2ViVGVzdEZyYW1ld29yaywgVmVyc2lvbj0xMC4wLjAuMCwgQ3VsdHVyZT1uZXV0cmFsLCBQdWJsaWNLZXlUb2tlbj1iMDNmNWY3ZjExZDUwYTNhIiBWYXJpYWJsZU5hbWU9IlF1ZXJ5U3RyaW5nUGFyYW0xMi5PVEVuZERhdGUiIERpc3BsYXlOYW1lPSIiIERlc2NyaXB0aW9uPSIiPg0KICAgICAgICAgIDxSdWxlUGFyYW1ldGVycz4NCiAgICAgICAgICAgIDxSdWxlUGFyYW1ldGVyIE5hbWU9IlN0YXJ0c1dpdGgiIFZhbHVlPSImYW1wO2FtcDtPVEVuZERhdGU9IiAvPg0KICAgICAgICAgICAgPFJ1bGVQYXJhbWV0ZXIgTmFtZT0iRW5kc1dpdGgiIFZhbHVlPSImYW1wOyIgLz4NCiAgICAgICAgICAgIDxSdWxlUGFyYW1ldGVyIE5hbWU9IkluZGV4IiBWYWx1ZT0iMCIgLz4NCiAgICAgICAgICAgIDxSdWxlUGFyYW1ldGVyIE5hbWU9Iklnbm9yZUNhc2UiIFZhbHVlPSJGYWxzZSIgLz4NCiAgICAgICAgICAgIDxSdWxlUGFyYW1ldGVyIE5hbWU9IlVzZVJlZ3VsYXJFeHByZXNzaW9uIiBWYWx1ZT0iRmFsc2UiIC8+DQogICAgICAgICAgICA8UnVsZVBhcmFtZXRlciBOYW1lPSJIdG1sRGVjb2RlIiBWYWx1ZT0iVHJ1ZSIgLz4NCiAgICAgICAgICAgIDxSdWxlUGFyYW1ldGVyIE5hbWU9IlJlcXVpcmVkIiBWYWx1ZT0iRmFsc2UiIC8+DQogICAgICAgICAgPC9SdWxlUGFyYW1ldGVycz4NCiAgICAgICAgPC9FeHRyYWN0aW9uUnVsZT4NCiAgICAgICAgPEV4dHJhY3Rpb25SdWxlIENsYXNzbmFtZT0iTWljcm9zb2Z0LlZpc3VhbFN0dWRpby5UZXN0VG9vbHMuV2ViVGVzdGluZy5SdWxlcy5FeHRyYWN0VGV4dCwgTWljcm9zb2Z0LlZpc3VhbFN0dWRpby5RdWFsaXR5VG9vbHMuV2ViVGVzdEZyYW1ld29yaywgVmVyc2lvbj0xMC4wLjAuMCwgQ3VsdHVyZT1uZXV0cmFsLCBQdWJsaWNLZXlUb2tlbj1iMDNmNWY3ZjExZDUwYTNhIiBWYXJpYWJsZU5hbWU9IlF1ZXJ5U3RyaW5nUGFyYW0xMy5PVFN0YXJ0VGltZSIgRGlzcGxheU5hbWU9IiIgRGVzY3JpcHRpb249IiI+DQogICAgICAgICAgPFJ1bGVQYXJhbWV0ZXJzPg0KICAgICAgICAgICAgPFJ1bGVQYXJhbWV0ZXIgTmFtZT0iU3RhcnRzV2l0aCIgVmFsdWU9IiZhbXA7YW1wO09UU3RhcnRUaW1lPSIgLz4NCiAgICAgICAgICAgIDxSdWxlUGFyYW1ldGVyIE5hbWU9IkVuZHNXaXRoIiBWYWx1ZT0iJmFtcDsiIC8+DQogICAgICAgICAgICA8UnVsZVBhcmFtZXRlciBOYW1lPSJJbmRleCIgVmFsdWU9IjAiIC8+DQogICAgICAgICAgICA8UnVsZVBhcmFtZXRlciBOYW1lPSJJZ25vcmVDYXNlIiBWYWx1ZT0iRmFsc2UiIC8+DQogICAgICAgICAgICA8UnVsZVBhcmFtZXRlciBOYW1lPSJVc2VSZWd1bGFyRXhwcmVzc2lvbiIgVmFsdWU9IkZhbHNlIiAvPg0KICAgICAgICAgICAgPFJ1bGVQYXJhbWV0ZXIgTmFtZT0iSHRtbERlY29kZSIgVmFsdWU9IlRydWUiIC8+DQogICAgICAgICAgICA8UnVsZVBhcmFtZXRlciBOYW1lPSJSZXF1aXJlZCIgVmFsdWU9IkZhbHNlIiAvPg0KICAgICAgICAgIDwvUnVsZVBhcmFtZXRlcnM+DQogICAgICAgIDwvRXh0cmFjdGlvblJ1bGU+DQogICAgICAgIDxFeHRyYWN0aW9uUnVsZSBDbGFzc25hbWU9Ik1pY3Jvc29mdC5WaXN1YWxTdHVkaW8uVGVzdFRvb2xzLldlYlRlc3RpbmcuUnVsZXMuRXh0cmFjdFRleHQsIE1pY3Jvc29mdC5WaXN1YWxTdHVkaW8uUXVhbGl0eVRvb2xzLldlYlRlc3RGcmFtZXdvcmssIFZlcnNpb249MTAuMC4wLjAsIEN1bHR1cmU9bmV1dHJhbCwgUHVibGljS2V5VG9rZW49YjAzZjVmN2YxMWQ1MGEzYSIgVmFyaWFibGVOYW1lPSJRdWVyeVN0cmluZ1BhcmFtMTQuT1RFbmRUaW1lIiBEaXNwbGF5TmFtZT0iIiBEZXNjcmlwdGlvbj0iIj4NCiAgICAgICAgICA8UnVsZVBhcmFtZXRlcnM+DQogICAgICAgICAgICA8UnVsZVBhcmFtZXRlciBOYW1lPSJTdGFydHNXaXRoIiBWYWx1ZT0iJmFtcDthbXA7T1RFbmRUaW1lPSIgLz4NCiAgICAgICAgICAgIDxSdWxlUGFyYW1ldGVyIE5hbWU9IkVuZHNXaXRoIiBWYWx1ZT0iJmFtcDsiIC8+DQogICAgICAgICAgICA8UnVsZVBhcmFtZXRlciBOYW1lPSJJbmRleCIgVmFsdWU9IjAiIC8+DQogICAgICAgICAgICA8UnVsZVBhcmFtZXRlciBOYW1lPSJJZ25vcmVDYXNlIiBWYWx1ZT0iRmFsc2UiIC8+DQogICAgICAgICAgICA8UnVsZVBhcmFtZXRlciBOYW1lPSJVc2VSZWd1bGFyRXhwcmVzc2lvbiIgVmFsdWU9IkZhbHNlIiAvPg0KICAgICAgICAgICAgPFJ1bGVQYXJhbWV0ZXIgTmFtZT0iSHRtbERlY29kZSIgVmFsdWU9IlRydWUiIC8+DQogICAgICAgICAgICA8UnVsZVBhcmFtZXRlciBOYW1lPSJSZXF1aXJlZCIgVmFsdWU9IkZhbHNlIiAvPg0KICAgICAgICAgIDwvUnVsZVBhcmFtZXRlcnM+DQogICAgICAgIDwvRXh0cmFjdGlvblJ1bGU+DQogICAgICAgIDxFeHRyYWN0aW9uUnVsZSBDbGFzc25hbWU9Ik1pY3Jvc29mdC5WaXN1YWxTdHVkaW8uVGVzdFRvb2xzLldlYlRlc3RpbmcuUnVsZXMuRXh0cmFjdFRleHQsIE1pY3Jvc29mdC5WaXN1YWxTdHVkaW8uUXVhbGl0eVRvb2xzLldlYlRlc3RGcmFtZXdvcmssIFZlcnNpb249MTAuMC4wLjAsIEN1bHR1cmU9bmV1dHJhbCwgUHVibGljS2V5VG9rZW49YjAzZjVmN2YxMWQ1MGEzYSIgVmFyaWFibGVOYW1lPSJRdWVyeVN0cmluZ1BhcmFtMTYuT1RGb3JtTk8iIERpc3BsYXlOYW1lPSIiIERlc2NyaXB0aW9uPSIiPg0KICAgICAgICAgIDxSdWxlUGFyYW1ldGVycz4NCiAgICAgICAgICAgIDxSdWxlUGFyYW1ldGVyIE5hbWU9IlN0YXJ0c1dpdGgiIFZhbHVlPSImYW1wO2FtcDtPVEZvcm1OTz0iIC8+DQogICAgICAgICAgICA8UnVsZVBhcmFtZXRlciBOYW1lPSJFbmRzV2l0aCIgVmFsdWU9IiZxdW90OyIgLz4NCiAgICAgICAgICAgIDxSdWxlUGFyYW1ldGVyIE5hbWU9IkluZGV4IiBWYWx1ZT0iMCIgLz4NCiAgICAgICAgICAgIDxSdWxlUGFyYW1ldGVyIE5hbWU9Iklnbm9yZUNhc2UiIFZhbHVlPSJGYWxzZSIgLz4NCiAgICAgICAgICAgIDxSdWxlUGFyYW1ldGVyIE5hbWU9IlVzZVJlZ3VsYXJFeHByZXNzaW9uIiBWYWx1ZT0iRmFsc2UiIC8+DQogICAgICAgICAgICA8UnVsZVBhcmFtZXRlciBOYW1lPSJIdG1sRGVjb2RlIiBWYWx1ZT0iVHJ1ZSIgLz4NCiAgICAgICAgICAgIDxSdWxlUGFyYW1ldGVyIE5hbWU9IlJlcXVpcmVkIiBWYWx1ZT0iRmFsc2UiIC8+DQogICAgICAgICAgPC9SdWxlUGFyYW1ldGVycz4NCiAgICAgICAgPC9FeHRyYWN0aW9uUnVsZT4NCiAgICAgICAgPEV4dHJhY3Rpb25SdWxlIENsYXNzbmFtZT0iTWljcm9zb2Z0LlZpc3VhbFN0dWRpby5UZXN0VG9vbHMuV2ViVGVzdGluZy5SdWxlcy5FeHRyYWN0Rm9ybUZpZWxkLCBNaWNyb3NvZnQuVmlzdWFsU3R1ZGlvLlF1YWxpdHlUb29scy5XZWJUZXN0RnJhbWV3b3JrLCBWZXJzaW9uPTEwLjAuMC4wLCBDdWx0dXJlPW5ldXRyYWwsIFB1YmxpY0tleVRva2VuPWIwM2Y1ZjdmMTFkNTBhM2EiIFZhcmlhYmxlTmFtZT0iRm9ybVBvc3RQYXJhbTEzLmJ0blRlbXBTYXZlSW52aXNpYmxlIiBEaXNwbGF5TmFtZT0iIiBEZXNjcmlwdGlvbj0iIj4NCiAgICAgICAgICA8UnVsZVBhcmFtZXRlcnM+DQogICAgICAgICAgICA8UnVsZVBhcmFtZXRlciBOYW1lPSJOYW1lIiBWYWx1ZT0iYnRuVGVtcFNhdmVJbnZpc2libGUiIC8+DQogICAgICAgICAgICA8UnVsZVBhcmFtZXRlciBOYW1lPSJIdG1sRGVjb2RlIiBWYWx1ZT0iVHJ1ZSIgLz4NCiAgICAgICAgICAgIDxSdWxlUGFyYW1ldGVyIE5hbWU9IlJlcXVpcmVkIiBWYWx1ZT0iRmFsc2UiIC8+DQogICAgICAgICAgICA8UnVsZVBhcmFtZXRlciBOYW1lPSJJbmRleCIgVmFsdWU9IjAiIC8+DQogICAgICAgICAgPC9SdWxlUGFyYW1ldGVycz4NCiAgICAgICAgPC9FeHRyYWN0aW9uUnVsZT4NCiAgICAgICAgPEV4dHJhY3Rpb25SdWxlIENsYXNzbmFtZT0iTWljcm9zb2Z0LlZpc3VhbFN0dWRpby5UZXN0VG9vbHMuV2ViVGVzdGluZy5SdWxlcy5FeHRyYWN0Rm9ybUZpZWxkLCBNaWNyb3NvZnQuVmlzdWFsU3R1ZGlvLlF1YWxpdHlUb29scy5XZWJUZXN0RnJhbWV3b3JrLCBWZXJzaW9uPTEwLjAuMC4wLCBDdWx0dXJlPW5ldXRyYWwsIFB1YmxpY0tleVRva2VuPWIwM2Y1ZjdmMTFkNTBhM2EiIFZhcmlhYmxlTmFtZT0iRm9ybVBvc3RQYXJhbTE0LnVjRGF0ZVN0YXJ0JHR4dERhdGUiIERpc3BsYXlOYW1lPSIiIERlc2NyaXB0aW9uPSIiPg0KICAgICAgICAgIDxSdWxlUGFyYW1ldGVycz4NCiAgICAgICAgICAgIDxSdWxlUGFyYW1ldGVyIE5hbWU9Ik5hbWUiIFZhbHVlPSJ1Y0RhdGVTdGFydF90eHREYXRlIiAvPg0KICAgICAgICAgICAgPFJ1bGVQYXJhbWV0ZXIgTmFtZT0iSHRtbERlY29kZSIgVmFsdWU9IlRydWUiIC8+DQogICAgICAgICAgICA8UnVsZVBhcmFtZXRlciBOYW1lPSJSZXF1aXJlZCIgVmFsdWU9IkZhbHNlIiAvPg0KICAgICAgICAgICAgPFJ1bGVQYXJhbWV0ZXIgTmFtZT0iSW5kZXgiIFZhbHVlPSIwIiAvPg0KICAgICAgICAgIDwvUnVsZVBhcmFtZXRlcnM+DQogICAgICAgIDwvRXh0cmFjdGlvblJ1bGU+DQogICAgICAgIDxFeHRyYWN0aW9uUnVsZSBDbGFzc25hbWU9Ik1pY3Jvc29mdC5WaXN1YWxTdHVkaW8uVGVzdFRvb2xzLldlYlRlc3RpbmcuUnVsZXMuRXh0cmFjdEZvcm1GaWVsZCwgTWljcm9zb2Z0LlZpc3VhbFN0dWRpby5RdWFsaXR5VG9vbHMuV2ViVGVzdEZyYW1ld29yaywgVmVyc2lvbj0xMC4wLjAuMCwgQ3VsdHVyZT1uZXV0cmFsLCBQdWJsaWNLZXlUb2tlbj1iMDNmNWY3ZjExZDUwYTNhIiBWYXJpYWJsZU5hbWU9IkZvcm1Qb3N0UGFyYW0xNS51Y0RhdGVFbmQkdHh0RGF0ZSIgRGlzcGxheU5hbWU9IiIgRGVzY3JpcHRpb249IiI+DQogICAgICAgICAgPFJ1bGVQYXJhbWV0ZXJzPg0KICAgICAgICAgICAgPFJ1bGVQYXJhbWV0ZXIgTmFtZT0iTmFtZSIgVmFsdWU9InVjRGF0ZUVuZF90eHREYXRlIiAvPg0KICAgICAgICAgICAgPFJ1bGVQYXJhbWV0ZXIgTmFtZT0iSHRtbERlY29kZSIgVmFsdWU9IlRydWUiIC8+DQogICAgICAgICAgICA8UnVsZVBhcmFtZXRlciBOYW1lPSJSZXF1aXJlZCIgVmFsdWU9IkZhbHNlIiAvPg0KICAgICAgICAgICAgPFJ1bGVQYXJhbWV0ZXIgTmFtZT0iSW5kZXgiIFZhbHVlPSIwIiAvPg0KICAgICAgICAgIDwvUnVsZVBhcmFtZXRlcnM+DQogICAgICAgIDwvRXh0cmFjdGlvblJ1bGU+DQogICAgICAgIDxFeHRyYWN0aW9uUnVsZSBDbGFzc25hbWU9Ik1pY3Jvc29mdC5WaXN1YWxTdHVkaW8uVGVzdFRvb2xzLldlYlRlc3RpbmcuUnVsZXMuRXh0cmFjdFRleHQsIE1pY3Jvc29mdC5WaXN1YWxTdHVkaW8uUXVhbGl0eVRvb2xzLldlYlRlc3RGcmFtZXdvcmssIFZlcnNpb249MTAuMC4wLjAsIEN1bHR1cmU9bmV1dHJhbCwgUHVibGljS2V5VG9rZW49YjAzZjVmN2YxMWQ1MGEzYSIgVmFyaWFibGVOYW1lPSJGb3JtUG9zdFBhcmFtMTYuT1RUaW1lU3RhcnQkZGRsSEgiIERpc3BsYXlOYW1lPSIiIERlc2NyaXB0aW9uPSIiPg0KICAgICAgICAgIDxSdWxlUGFyYW1ldGVycz4NCiAgICAgICAgICAgIDxSdWxlUGFyYW1ldGVyIE5hbWU9IlN0YXJ0c1dpdGgiIFZhbHVlPSJsdWU9JnF1b3Q7IiAvPg0KICAgICAgICAgICAgPFJ1bGVQYXJhbWV0ZXIgTmFtZT0iRW5kc1dpdGgiIFZhbHVlPSImcXVvdDsmZ3Q7MDAmbHQ7IiAvPg0KICAgICAgICAgICAgPFJ1bGVQYXJhbWV0ZXIgTmFtZT0iSW5kZXgiIFZhbHVlPSIyMyIgLz4NCiAgICAgICAgICAgIDxSdWxlUGFyYW1ldGVyIE5hbWU9Iklnbm9yZUNhc2UiIFZhbHVlPSJGYWxzZSIgLz4NCiAgICAgICAgICAgIDxSdWxlUGFyYW1ldGVyIE5hbWU9IlVzZVJlZ3VsYXJFeHByZXNzaW9uIiBWYWx1ZT0iRmFsc2UiIC8+DQogICAgICAgICAgICA8UnVsZVBhcmFtZXRlciBOYW1lPSJIdG1sRGVjb2RlIiBWYWx1ZT0iVHJ1ZSIgLz4NCiAgICAgICAgICAgIDxSdWxlUGFyYW1ldGVyIE5hbWU9IlJlcXVpcmVkIiBWYWx1ZT0iRmFsc2UiIC8+DQogICAgICAgICAgPC9SdWxlUGFyYW1ldGVycz4NCiAgICAgICAgPC9FeHRyYWN0aW9uUnVsZT4NCiAgICAgICAgPEV4dHJhY3Rpb25SdWxlIENsYXNzbmFtZT0iTWljcm9zb2Z0LlZpc3VhbFN0dWRpby5UZXN0VG9vbHMuV2ViVGVzdGluZy5SdWxlcy5FeHRyYWN0VGV4dCwgTWljcm9zb2Z0LlZpc3VhbFN0dWRpby5RdWFsaXR5VG9vbHMuV2ViVGVzdEZyYW1ld29yaywgVmVyc2lvbj0xMC4wLjAuMCwgQ3VsdHVyZT1uZXV0cmFsLCBQdWJsaWNLZXlUb2tlbj1iMDNmNWY3ZjExZDUwYTNhIiBWYXJpYWJsZU5hbWU9IkZvcm1Qb3N0UGFyYW0xNy5PVFRpbWVTdGFydCRkZGxNTSIgRGlzcGxheU5hbWU9IiIgRGVzY3JpcHRpb249IiI+DQogICAgICAgICAgPFJ1bGVQYXJhbWV0ZXJzPg0KICAgICAgICAgICAgPFJ1bGVQYXJhbWV0ZXIgTmFtZT0iU3RhcnRzV2l0aCIgVmFsdWU9Imx1ZT0mcXVvdDsiIC8+DQogICAgICAgICAgICA8UnVsZVBhcmFtZXRlciBOYW1lPSJFbmRzV2l0aCIgVmFsdWU9IiZxdW90OyZndDswMCZsdDsiIC8+DQogICAgICAgICAgICA8UnVsZVBhcmFtZXRlciBOYW1lPSJJbmRleCIgVmFsdWU9IjIzIiAvPg0KICAgICAgICAgICAgPFJ1bGVQYXJhbWV0ZXIgTmFtZT0iSWdub3JlQ2FzZSIgVmFsdWU9IkZhbHNlIiAvPg0KICAgICAgICAgICAgPFJ1bGVQYXJhbWV0ZXIgTmFtZT0iVXNlUmVndWxhckV4cHJlc3Npb24iIFZhbHVlPSJGYWxzZSIgLz4NCiAgICAgICAgICAgIDxSdWxlUGFyYW1ldGVyIE5hbWU9Ikh0bWxEZWNvZGUiIFZhbHVlPSJUcnVlIiAvPg0KICAgICAgICAgICAgPFJ1bGVQYXJhbWV0ZXIgTmFtZT0iUmVxdWlyZWQiIFZhbHVlPSJGYWxzZSIgLz4NCiAgICAgICAgICA8L1J1bGVQYXJhbWV0ZXJzPg0KICAgICAgICA8L0V4dHJhY3Rpb25SdWxlPg0KICAgICAgICA8RXh0cmFjdGlvblJ1bGUgQ2xhc3NuYW1lPSJNaWNyb3NvZnQuVmlzdWFsU3R1ZGlvLlRlc3RUb29scy5XZWJUZXN0aW5nLlJ1bGVzLkV4dHJhY3RUZXh0LCBNaWNyb3NvZnQuVmlzdWFsU3R1ZGlvLlF1YWxpdHlUb29scy5XZWJUZXN0RnJhbWV3b3JrLCBWZXJzaW9uPTEwLjAuMC4wLCBDdWx0dXJlPW5ldXRyYWwsIFB1YmxpY0tleVRva2VuPWIwM2Y1ZjdmMTFkNTBhM2EiIFZhcmlhYmxlTmFtZT0iRm9ybVBvc3RQYXJhbTE4Lk9UVGltZUVuZCRkZGxISCIgRGlzcGxheU5hbWU9IiIgRGVzY3JpcHRpb249IiI+DQogICAgICAgICAgPFJ1bGVQYXJhbWV0ZXJzPg0KICAgICAgICAgICAgPFJ1bGVQYXJhbWV0ZXIgTmFtZT0iU3RhcnRzV2l0aCIgVmFsdWU9Imx1ZT0mcXVvdDsiIC8+DQogICAgICAgICAgICA8UnVsZVBhcmFtZXRlciBOYW1lPSJFbmRzV2l0aCIgVmFsdWU9IiZxdW90OyZndDswMSZsdDsiIC8+DQogICAgICAgICAgICA8UnVsZVBhcmFtZXRlciBOYW1lPSJJbmRleCIgVmFsdWU9IjI0IiAvPg0KICAgICAgICAgICAgPFJ1bGVQYXJhbWV0ZXIgTmFtZT0iSWdub3JlQ2FzZSIgVmFsdWU9IkZhbHNlIiAvPg0KICAgICAgICAgICAgPFJ1bGVQYXJhbWV0ZXIgTmFtZT0iVXNlUmVndWxhckV4cHJlc3Npb24iIFZhbHVlPSJGYWxzZSIgLz4NCiAgICAgICAgICAgIDxSdWxlUGFyYW1ldGVyIE5hbWU9Ikh0bWxEZWNvZGUiIFZhbHVlPSJUcnVlIiAvPg0KICAgICAgICAgICAgPFJ1bGVQYXJhbWV0ZXIgTmFtZT0iUmVxdWlyZWQiIFZhbHVlPSJGYWxzZSIgLz4NCiAgICAgICAgICA8L1J1bGVQYXJhbWV0ZXJzPg0KICAgICAgICA8L0V4dHJhY3Rpb25SdWxlPg0KICAgICAgICA8RXh0cmFjdGlvblJ1bGUgQ2xhc3NuYW1lPSJNaWNyb3NvZnQuVmlzdWFsU3R1ZGlvLlRlc3RUb29scy5XZWJUZXN0aW5nLlJ1bGVzLkV4dHJhY3RUZXh0LCBNaWNyb3NvZnQuVmlzdWFsU3R1ZGlvLlF1YWxpdHlUb29scy5XZWJUZXN0RnJhbWV3b3JrLCBWZXJzaW9uPTEwLjAuMC4wLCBDdWx0dXJlPW5ldXRyYWwsIFB1YmxpY0tleVRva2VuPWIwM2Y1ZjdmMTFkNTBhM2EiIFZhcmlhYmxlTmFtZT0iRm9ybVBvc3RQYXJhbTE5Lk9UVGltZUVuZCRkZGxNTSIgRGlzcGxheU5hbWU9IiIgRGVzY3JpcHRpb249IiI+DQogICAgICAgICAgPFJ1bGVQYXJhbWV0ZXJzPg0KICAgICAgICAgICAgPFJ1bGVQYXJhbWV0ZXIgTmFtZT0iU3RhcnRzV2l0aCIgVmFsdWU9Imx1ZT0mcXVvdDsiIC8+DQogICAgICAgICAgICA8UnVsZVBhcmFtZXRlciBOYW1lPSJFbmRzV2l0aCIgVmFsdWU9IiZxdW90OyZndDswMCZsdDsiIC8+DQogICAgICAgICAgICA8UnVsZVBhcmFtZXRlciBOYW1lPSJJbmRleCIgVmFsdWU9IjIzIiAvPg0KICAgICAgICAgICAgPFJ1bGVQYXJhbWV0ZXIgTmFtZT0iSWdub3JlQ2FzZSIgVmFsdWU9IkZhbHNlIiAvPg0KICAgICAgICAgICAgPFJ1bGVQYXJhbWV0ZXIgTmFtZT0iVXNlUmVndWxhckV4cHJlc3Npb24iIFZhbHVlPSJGYWxzZSIgLz4NCiAgICAgICAgICAgIDxSdWxlUGFyYW1ldGVyIE5hbWU9Ikh0bWxEZWNvZGUiIFZhbHVlPSJUcnVlIiAvPg0KICAgICAgICAgICAgPFJ1bGVQYXJhbWV0ZXIgTmFtZT0iUmVxdWlyZWQiIFZhbHVlPSJGYWxzZSIgLz4NCiAgICAgICAgICA8L1J1bGVQYXJhbWV0ZXJzPg0KICAgICAgICA8L0V4dHJhY3Rpb25SdWxlPg0KICAgICAgICA8RXh0cmFjdGlvblJ1bGUgQ2xhc3NuYW1lPSJNaWNyb3NvZnQuVmlzdWFsU3R1ZGlvLlRlc3RUb29scy5XZWJUZXN0aW5nLlJ1bGVzLkV4dHJhY3RUZXh0LCBNaWNyb3NvZnQuVmlzdWFsU3R1ZGlvLlF1YWxpdHlUb29scy5XZWJUZXN0RnJhbWV3b3JrLCBWZXJzaW9uPTEwLjAuMC4wLCBDdWx0dXJlPW5ldXRyYWwsIFB1YmxpY0tleVRva2VuPWIwM2Y1ZjdmMTFkNTBhM2EiIFZhcmlhYmxlTmFtZT0iRm9ybVBvc3RQYXJhbTIwLmRkbE9UVHlwZUlEIiBEaXNwbGF5TmFtZT0iIiBEZXNjcmlwdGlvbj0iIj4NCiAgICAgICAgICA8UnVsZVBhcmFtZXRlcnM+DQogICAgICAgICAgICA8UnVsZVBhcmFtZXRlciBOYW1lPSJTdGFydHNXaXRoIiBWYWx1ZT0iJnF1b3Q7OCZxdW90OywmcXVvdDsiIC8+DQogICAgICAgICAgICA8UnVsZVBhcmFtZXRlciBOYW1lPSJFbmRzV2l0aCIgVmFsdWU9IiZxdW90O10sJnF1b3Q7RCIgLz4NCiAgICAgICAgICAgIDxSdWxlUGFyYW1ldGVyIE5hbWU9IkluZGV4IiBWYWx1ZT0iMCIgLz4NCiAgICAgICAgICAgIDxSdWxlUGFyYW1ldGVyIE5hbWU9Iklnbm9yZUNhc2UiIFZhbHVlPSJGYWxzZSIgLz4NCiAgICAgICAgICAgIDxSdWxlUGFyYW1ldGVyIE5hbWU9IlVzZVJlZ3VsYXJFeHByZXNzaW9uIiBWYWx1ZT0iRmFsc2UiIC8+DQogICAgICAgICAgICA8UnVsZVBhcmFtZXRlciBOYW1lPSJIdG1sRGVjb2RlIiBWYWx1ZT0iVHJ1ZSIgLz4NCiAgICAgICAgICAgIDxSdWxlUGFyYW1ldGVyIE5hbWU9IlJlcXVpcmVkIiBWYWx1ZT0iRmFsc2UiIC8+DQogICAgICAgICAgPC9SdWxlUGFyYW1ldGVycz4NCiAgICAgICAgPC9FeHRyYWN0aW9uUnVsZT4NCiAgICAgIDwvQ29ycmVsYXRpb25FeHRyYWN0aW9uUnVsZXM+DQogICAgICA8UXVlcnlTdHJpbmdQYXJhbWV0ZXJzPg0KICAgICAgICA8UXVlcnlTdHJpbmdQYXJhbWV0ZXIgTmFtZT0iT1RDb21wSUQiIFZhbHVlPSJTUEhCSzEiIFJlY29yZGVkVmFsdWU9IlNQSEJLMSIgQ29ycmVsYXRpb25CaW5kaW5nPSJ7e1F1ZXJ5U3RyaW5nUGFyYW0xNy5PVENvbXBJRH19IiBVcmxFbmNvZGU9IkZhbHNlIiBVc2VUb0dyb3VwUmVzdWx0cz0iRmFsc2UiIC8+DQogICAgICAgIDxRdWVyeVN0cmluZ1BhcmFtZXRlciBOYW1lPSJPVEVtcElEIiBWYWx1ZT0iMTAyMTE5IiBSZWNvcmRlZFZhbHVlPSIxMDIxMTkiIENvcnJlbGF0aW9uQmluZGluZz0ie3tRdWVyeVN0cmluZ1BhcmFtMTguT1RFbXBJRH19IiBVcmxFbmNvZGU9IkZhbHNlIiBVc2VUb0dyb3VwUmVzdWx0cz0iRmFsc2UiIC8+DQogICAgICAgIDxRdWVyeVN0cmluZ1BhcmFtZXRlciBOYW1lPSJPVFN0YXJ0RGF0ZSIgVmFsdWU9IjIwMTclMmYwNSUyZjExIiBSZWNvcmRlZFZhbHVlPSIyMDE3JTJmMDUlMmYxMSIgQ29ycmVsYXRpb25CaW5kaW5nPSJ7e1F1ZXJ5U3RyaW5nUGFyYW0xOS5PVFN0YXJ0RGF0ZX19IiBVcmxFbmNvZGU9IkZhbHNlIiBVc2VUb0dyb3VwUmVzdWx0cz0iRmFsc2UiIC8+DQogICAgICAgIDxRdWVyeVN0cmluZ1BhcmFtZXRlciBOYW1lPSJPVEVuZERhdGUiIFZhbHVlPSIyMDE3JTJmMDUlMmYxMSIgUmVjb3JkZWRWYWx1ZT0iMjAxNyUyZjA1JTJmMTEiIENvcnJlbGF0aW9uQmluZGluZz0ie3tRdWVyeVN0cmluZ1BhcmFtMjAuT1RFbmREYXRlfX0iIFVybEVuY29kZT0iRmFsc2UiIFVzZVRvR3JvdXBSZXN1bHRzPSJGYWxzZSIgLz4NCiAgICAgICAgPFF1ZXJ5U3RyaW5nUGFyYW1ldGVyIE5hbWU9Ik9UU3RhcnRUaW1lIiBWYWx1ZT0iMDAwMCIgUmVjb3JkZWRWYWx1ZT0iMDAwMCIgQ29ycmVsYXRpb25CaW5kaW5nPSJ7e1F1ZXJ5U3RyaW5nUGFyYW0yMS5PVFN0YXJ0VGltZX19IiBVcmxFbmNvZGU9IkZhbHNlIiBVc2VUb0dyb3VwUmVzdWx0cz0iRmFsc2UiIC8+DQogICAgICAgIDxRdWVyeVN0cmluZ1BhcmFtZXRlciBOYW1lPSJPVEVuZFRpbWUiIFZhbHVlPSIwMTAwIiBSZWNvcmRlZFZhbHVlPSIwMTAwIiBDb3JyZWxhdGlvbkJpbmRpbmc9Int7UXVlcnlTdHJpbmdQYXJhbTIyLk9URW5kVGltZX19IiBVcmxFbmNvZGU9IkZhbHNlIiBVc2VUb0dyb3VwUmVzdWx0cz0iRmFsc2UiIC8+DQogICAgICAgIDxRdWVyeVN0cmluZ1BhcmFtZXRlciBOYW1lPSJPVFR4bklEIiBWYWx1ZT0ie3tRdWVyeVN0cmluZ1BhcmFtMjMuT1RUeG5JRH19IiBSZWNvcmRlZFZhbHVlPSJTUEhCSzExMDIxMTkyMDE3MDUxMTU1IiBDb3JyZWxhdGlvbkJpbmRpbmc9Int7UXVlcnlTdHJpbmdQYXJhbTIzLk9UVHhuSUR9fSIgVXJsRW5jb2RlPSJGYWxzZSIgVXNlVG9Hcm91cFJlc3VsdHM9IkZhbHNlIiAvPg0KICAgICAgICA8UXVlcnlTdHJpbmdQYXJhbWV0ZXIgTmFtZT0iT1RGb3JtTk8iIFZhbHVlPSIyMDE3MDUxMTYwMTAyMTE5IiBSZWNvcmRlZFZhbHVlPSIyMDE3MDUxMTYwMTAyMTE5IiBDb3JyZWxhdGlvbkJpbmRpbmc9Int7UXVlcnlTdHJpbmdQYXJhbTI0Lk9URm9ybU5PfX0iIFVybEVuY29kZT0iRmFsc2UiIFVzZVRvR3JvdXBSZXN1bHRzPSJGYWxzZSIgLz4NCiAgICAgIDwvUXVlcnlTdHJpbmdQYXJhbWV0ZXJzPg0KICAgICAgPEZvcm1Qb3N0SHR0cEJvZHk+DQogICAgICAgIDxGb3JtUG9zdFBhcmFtZXRlciBOYW1lPSJUb29sa2l0U2NyaXB0TWFuYWdlcjFfSGlkZGVuRmllbGQiIFZhbHVlPSI7O0FqYXhDb250cm9sVG9vbGtpdCwgVmVyc2lvbj00LjEuNy42MDcsIEN1bHR1cmU9bmV1dHJhbCwgUHVibGljS2V5VG9rZW49MjhmMDFiMGU4NGI2ZDUzZTp6aC1IYW50OjdiOTVlZDFhLTZhM2YtNDFkZC1iYzViLTYzZjM5ZWRiYzRiNDpkZTFmZWFiMjpmY2YwZTk5MzpmMmM4ZTcwODo3MjBhNTJiZjpmOWNlYzliYzo1ODllYWEzMDo2OTgxMjljZjpmYjliNGM1NzpjY2I5NmNmOTo4YWQxODEwMTphNjdjMjcwMDo4NjEzYWVhNzozMjAyYTVhMjphYjA5ZTNmZTo4NzEwNGI3YzpiZTZmYjI5OCIgUmVjb3JkZWRWYWx1ZT0iOztBamF4Q29udHJvbFRvb2xraXQsIFZlcnNpb249NC4xLjcuNjA3LCBDdWx0dXJlPW5ldXRyYWwsIFB1YmxpY0tleVRva2VuPTI4ZjAxYjBlODRiNmQ1M2U6emgtSGFudDo3Yjk1ZWQxYS02YTNmLTQxZGQtYmM1Yi02M2YzOWVkYmM0YjQ6ZGUxZmVhYjI6ZmNmMGU5OTM6ZjJjOGU3MDg6NzIwYTUyYmY6ZjljZWM5YmM6NTg5ZWFhMzA6Njk4MTI5Y2Y6ZmI5YjRjNTc6Y2NiOTZjZjk6OGFkMTgxMDE6YTY3YzI3MDA6ODYxM2FlYTc6MzIwMmE1YTI6YWIwOWUzZmU6ODcxMDRiN2M6YmU2ZmIyOTgiIENvcnJlbGF0aW9uQmluZGluZz0iIiBVcmxFbmNvZGU9IlRydWUiIC8+DQogICAgICAgIDxGb3JtUG9zdFBhcmFtZXRlciBOYW1lPSJfX0VWRU5UVEFSR0VUIiBWYWx1ZT0ie3skSElEREVOMS5fX0VWRU5UVEFSR0VUfX0iIFJlY29yZGVkVmFsdWU9IiIgQ29ycmVsYXRpb25CaW5kaW5nPSIiIFVybEVuY29kZT0iVHJ1ZSIgLz4NCiAgICAgICAgPEZvcm1Qb3N0UGFyYW1ldGVyIE5hbWU9Il9fRVZFTlRBUkdVTUVOVCIgVmFsdWU9Int7JEhJRERFTjEuX19FVkVOVEFSR1VNRU5UfX0iIFJlY29yZGVkVmFsdWU9IiIgQ29ycmVsYXRpb25CaW5kaW5nPSIiIFVybEVuY29kZT0iVHJ1ZSIgLz4NCiAgICAgICAgPEZvcm1Qb3N0UGFyYW1ldGVyIE5hbWU9Il9fTEFTVEZPQ1VTIiBWYWx1ZT0ie3skSElEREVOMS5fX0xBU1RGT0NVU319IiBSZWNvcmRlZFZhbHVlPSIiIENvcnJlbGF0aW9uQmluZGluZz0iIiBVcmxFbmNvZGU9IlRydWUiIC8+DQogICAgICAgIDxGb3JtUG9zdFBhcmFtZXRlciBOYW1lPSJfX1ZTVEFURSIgVmFsdWU9Int7JEhJRERFTjEuX19WU1RBVEV9fSIgUmVjb3JkZWRWYWx1ZT0iQVIrTENBQUFBQUFBQkFEdEdXdHpHOVUxdXJIOGlvazltY1loVFNwdG5JTGpFa203cTVjbDJhSitwWFlUeHlZU0NUT0IwYXkwVjZ2RnExMnhlMlZid3pBTjdhUkpFMUxDUUdoRGFDbFRVaWhNYUZxbVlKS1U5aWQwT3YzUXo2MWxPNS82RStpNXU2dVhIeEJveExTZHJzZXJ2ZWVlUGVmYzg3cm4zUDNVMGYyZ3crbEtwY1kwbGVpYVlwekF6eFJsSGM5cUJoa1ZNbk5IY1NtVjZuVTRkMlJ5YzlOWVVJNG9ndFR0N09RR3cyd29HQmprUXQyOTMzSjFwRVlJRVRLNXFYR25sMkNEY0N6UGNaRVFIOEFaa1l0NDBnRXg0Z2x3WWQ0VHlZcCtqeERPQnNVc2wyYXpJZEhWbjVvVkpEeGxUQXV5U3VBL2tRRWhGT0F1RTFsVFo5U0tISktyTXpXVG5GREZjWUZnWnlmUGNtRWZHL1J4bktzMU5aRXZBT2RXaTZ1ckMvQVNSTkJKVXM1alp3c0xsNnN0cFF2cUhDQWhOdXphYmJOOHJJajFVb0xvc2lvZDA2U2NxeDFlVEM2cWdOV2JtSjBjUGNwWkJDa3JOc2h4d2FETEtSQ1N5WDNoTmU2MEdSN1I5THpKYVVmcWxLYlBKV1NDZ2RuMklBallUaGRoTG0wdkY0bnd2a0VmeHpMTFN4ZktsODR6SEI5bDJhaTVDcEhNQ3JyQUwrM2Y1dGkyYmR1bmNORmZlblVodUIxUGxBeUM4MTRnSkJ4bVRtTGRBQjBPQjd3cy9Udk1qQlVWVXRUeHNJcUxSQmVVdzh4c01hM0lHVEJ4VXB2RDZuQTZIQmFDbVdDSWkvZ0RtQjJNT0NueDNYVTB6VnRTU0N0NE84enNyWTY4SjNCZUk2QkhtMlhIRTNrbGtjbmh2TEFEbnNibGJQWTd1cERmN25Ec3RJblplRlRtRGtxcXRRVnVIKzhhZW5ReHJ6RHp0dHg5bkpmdFk3Q2EwVVFnUGR4WEpGa1BGK3A3TlA1QTU5Q2lFVFZNQmd5OG9SckRmWDNXUTNRUm5uT0VGS0krMzhMQ2duZkI3OVYweWNlekxPZDdZdnFZSlZRRk4yK0lzQUlncktzMk5jT1RsOEVCRFMxTFBCa3RId1U4ajRYVkIxd1podkxGQ3M1amxUQ3FrTWZEZmViNk9Xdldtb2YzQ2dwZVRKWUsySVphY0FNQ0N4WlRBMjVHYmtTY0Z6SjRGRXV5MnNjUUlESGNSMTgxbmJTUHNVU0pnbk5MbUJ5SEY0d0NZTlBGNTJWMUpwTXA2ckI2MEpudmMzbUFIQkJMVFdNeGpqTUtPQ29ONGVhdVpWd29IWlB6TXBuVWl2cnhyNFRMWk5PNTBCVGJOQ2JUa09aejFjVjhCV3lhdXBxWjVIVFJJR001bkpscklnOXpIV0NkWnJOb3J1Rmg4Nlk3WXZPaXBNS2hlUkVDZStRSmN4OXZHb2VUZ2lLTFRlWXhJajROVHR0a0pna0JFbkJwUmgraHZKcThsQ2wxbnFxTmxpLzNoZE9RYitOMmFjTFdiNjBtMEpab2kvMlptR1dWa01Da0tzbVVZVU5nVmkvaUtweVdvTldTcHJxelYyWWZOL0JZVWRlQjhqRXRJMUFFOCtWNzJQZ3pPVTNPNEhXcnpRdUxsVkZSVFd0RlZjUmlUUWYzc2xwTFMyYlpFbTkxUXYzMGw3WWhFVW90U1k5YVAwTCt5OVE1OWpzV2ljOTdwOExJTTIrWFFFTTFmVmVXWXVtUnNVV1R4WXBtYTZyVnRZVVpYY1M2cVJnYkx5Y1lZemxCbFRBb1NGWU5yQlBRVDAydGRYVlNQQklaOHRXUEc1Q3NRaWZPc3hhT1BheWlyQzlVVEdJYmdEWDArbklqSGdEVUJzQ21lSk54am05RW5OeUlTRk4vbksyaG1lTXFWdU9tSFErRWhuenJRSnVnVmtpdWcxUXg2L1pPaWxZL3JNT3A3SDN4TUVXcGp0WmptS1M1S3NvNjhTdGJUOXhQNWFtT05pQk14a04xQ0hWcXFpYitPQWYycVkycUNIVjVPODZCZXVySGRmNVFTN3dtb1FaQUZhMGhkZEpGTlFMV2thdExmbkd6SytWNG41K3QwSzZmcllTMjVmNTJTRGZFeTVCdlhRREhXMmgzdEs1cm9yMVNhMnBhZUZyVDRVZFc2YzlvVVZiRWp0UUpQQzlURk5vUnRzT0Y3Tzd3VS92YUFhMzZUSkwyb2Nkbm5EMlZ6amJFcm0rZE56VFpkdk50dDlRY05LT1UwSmhtZGQ1V3V3eWRPTHlPbjhHdUEzYkRPMUlrMmtpaG9KUW04bWtzVXRpWVlZd3BnbUZJcnU1SzQ0OXB4cFVBMHBKSzRFV25nK3RGYUh1MzJNdkR2YnNYUWJ0K1RKWnlaRlJiSE5XeE1EZWhVdldKT2JFWFpRR3JCVGxNckxhVHNIQ1l5SWtpY3BxUWxpUmVKTTRIMTY1ZVdiMzh3K1dsRy8rODg4TGFleGRYMzdsVS91VHMzOC84Q3ZEMlVEejNIbWZYeXMybHRkOWV2bnZoek5xYkx3QjhudzN2WHI1MXEzemgydG9INTFadVhRWTZNT1cycDNiREZJVmZXVnA1K2JXVmN6OWFmZVdkMWJkZkFvU0ROb0o5R2dHUWgyeElXL24ycXpPcm4vd2FRQU0ycU1kQytzZVpNN1U1VDNlUHVaN3FPcnQ3SGNqUjYrZ1JSWWsraVNnTWIzZTZkcVNva2FncEJlTHNLc0gxcEc5NitrbWZLSUt4cWtaczNmWW4rWVZyZi8xek96MWhzQTVQQURUYTRyN3h0M1lnTVdXY3dJSTRveW9sZXZ5UjFEUUl2SUxUYy9ydTdaK3Z2SHpoS2FiODBwM3lpKyt0L09UNnlyVWZndjVPMzcxMjFZU3ZMSjI5ZS9XdDh0bTN5KzkvYk5rQXpBSDNIdnJyYXRQVWpDSm41cHpKeDRtc3BNWnljMkM4cENaSkNqYXRKQ3N5S1IzcUwyYW9PS2FvcVV4dXJqYlZmNWhwbUJUbGVSb2pJMkQrL29HWUNFcENWRVZPZzVRVTdIVFB3K1lndzVic2dVaVQxQ2pSQ3JINUtxMW96SGFSZHRCM3ZVZDNVZWVzblM3MWpBbEZBeHRtM2pBenYrUnErM0w2QU1rNk5WVk1LNVlPZHBLY2JIZ2hDeFR4Y0g5L1RBU3Y3bTExdFc1cXVJNE5kcHVranRCZ3Rra1J4YWdEdVBjMnZ1eitldFhXN24xVkc3djM1OXpmK0hjTjZuWTVaKy9Ca2lEb1ZuYWtVNXRiMGUzK2tnWjBNNUw3Z09UdSs4TFdjUi9jM0NidWI2NVQ2RU5WSTdnZnJ0UCtveUJMQzZUS0tTT1JxQVFwcUhrenJYMjIvODhrYVRyZHd2L3JKemRxYnZzOWFxN1ZGQWJXUnBWRnp4MFBVRUtqdE55VXhKN2RlenNnSTk1OUhuTFlPY1N5aU9VUXl5UFdqOWdBWW9PSURTRTJqTmhCeEVZUXh5S09ReHlQT0QvaUFvZ0xJaTZFdUREaUJoRVhRVHlMZUE3eFBPTDl6YUQ1dFVlMjc1VzJ1cXljNkt4YnB2c1FYZHZ3L1pjRDhRSEVCeEVmUW53WThZT0lqeUEvaS93Yzh2UEk3MGYrQVBJSGtUK0UvR0hrSDBUK0NBcXdLTUNoQUk4Q2ZoUUlvRUFRQlVJb0VFYUJRUlNJb0NDTGdod0s4aWpvUjhFQUNnWlJNSVNDWVJRY1JNSElmN3Y4WUxQaExXMTJMNWRsMTQ1dTJQZDZ0NGxvZ2thZHUzK3JTUHZzL0dRRjA2YjVxVFoxdjZMTWNyLy9rZEJDL3crdC96ajU3M2RvSGJXcjBlMmNsd1d2bjdHR0dCNGZzMnRSc3l1a3RTaU5pbE5tSk81eE9sajNnN1RhUG0zaTkwcncrSlQxQkpHSjdLZDJXcU5Eb1c1eHFOdStBZHRSUDJVelIvVXdoOGNNd3ZVUXdYUkkxMDRhclNmcEhuNUV4b3JvYkJuVFJPeDZ3RHpCZ2NyZkFuWlE0Qmc5ZGJKY3Qyc1hGTnNleGxOMUFIanV1bnYyVXZueStmTE44eXR2bm04dG4vMXcrZmFyclN1di8yRHR4czNXOHBrN3F5L2U2QzEvY0JQS0N0L0s2K2ZMdDY3QTArcnZMNWVYUHVpQy8vTEZxMWFIc1d2dDNMdlFQcXk4Y1gzbEYwdkxmM2g5NWZxTlhlVTNQZ0xROGljWDZjVDFHNEM3eTBKZWZmZjUxYXQzbG05ZFhMNzlZUmRNcnAyL3RQYkxueTMvOFgybitXbHhkNWVEZFlEZnNRN2U0WGNFSEVGSHlCRjJERG9pclpDdVdKWUREK2lxTnlnb0JZT0c5cnYyUVZ1NGVBeXJFc2tkcHpyUU1rWG90MlNza3FseERCWCtGSXl3b09mTVIzTTI1OXFmR3BlTndvUktzSTdGVTVvdUdqUHBwMnN2ZGFaT1FRR25Ud3Y2SElhbWozWU0wc1JpSVFjVFU1V1B4VG16ek1SbVVUU1NJZkk4bnBxZWtBQzcwdTVoMTg0VU5Vb2lKMmZKVVZrVmR3eDhMd0dkNjZ5UThaN0NhYUNuWThQd1FqK1oxMVF2emVXUE5LQWZacmJFcm4zbkRIdjlYai9uNVQ3L1E2ZGFWSlJ0cmwwcHEwTk5hbzhYQ2xnZkV3eWNNM3VpV1pCNEFSU3g2VTd6NUdmdU5HU1J6Q1NocHpJMGRScm50WTM3elhxRUxYZWRVRmJSQkJKVmNKYkVSRENRSXBTaXNxcklLdmFrRlMwekZ5c0lJdjB1R21VYk42TjJxMWgydGRjNk8rY3BXU1M1ZmRaUlFPbmI5S3V1cTcxbW1wYlVnY1FvK2o2eU9yYzVYQ29XbkQ5RlpvbE1aS0tZSmJLY1pRN1ZpbWF2WXJvWUV4OW1lSlpsSG42WXFjMHhCNGFaL3Y2Qlo1bE9waDQ2WERmd0dzVzBkVHA4aUQxTUtRekVtTTduWXAzemdzNW95VVVDeUNMNEpqM245RXFZVEZoSG5xT2xLWEdqZ2hVaFRmWDNHR2gzd0pUU0pBQXlVQnNQUEV0SFhsbFZzVTc5Q1FoYjMvdTlXYlA5T3ZUZFJHcmFrTXdBbUZJTFJRTFJZMGJBWVdiRFltMUJueFBOWTRrV2Q2UkJuKzRZT29QTW93ZkxXNngwdGVkMCthMjN5Nzk1Nys2UFh5Mi8vOXBUNVk5K1Y3N3l4dW9yNzVnR2ZzVlJzU0RERnhZWmpvVmI1U0hHWkRSRjA2TUhXWmFOTVduYW9lcTBhSTh5QjQ4Y21SZ2NDY1dZcktZU3p3S21SeU5SSnEwcEl1QnA5QlExeW5CQXhkQ2drV1ZFaUZwSkYwb3haaUVuRSt3eGo5NmpqS290NkVLaDhvSkhGMFM1YUVRWlB6QVdVVnN0bjJ1VnRCdUVnVkhKMUt5WnFSY2FoODgyRHM5YVlkUFNiVWFOMi9sQXhZVlZUY1V4OFY5Vk9lZElkaUlBQUE9PSIgQ29ycmVsYXRpb25CaW5kaW5nPSIiIFVybEVuY29kZT0iVHJ1ZSIgLz4NCiAgICAgICAgPEZvcm1Qb3N0UGFyYW1ldGVyIE5hbWU9Il9fVklFV1NUQVRFIiBWYWx1ZT0ie3skSElEREVOMS5fX1ZJRVdTVEFURX19IiBSZWNvcmRlZFZhbHVlPSIiIENvcnJlbGF0aW9uQmluZGluZz0iIiBVcmxFbmNvZGU9IlRydWUiIC8+DQogICAgICAgIDxGb3JtUG9zdFBhcmFtZXRlciBOYW1lPSJfX1NDUk9MTFBPU0lUSU9OWCIgVmFsdWU9Int7JEhJRERFTjEuX19TQ1JPTExQT1NJVElPTlh9fSIgUmVjb3JkZWRWYWx1ZT0iMCIgQ29ycmVsYXRpb25CaW5kaW5nPSIiIFVybEVuY29kZT0iVHJ1ZSIgLz4NCiAgICAgICAgPEZvcm1Qb3N0UGFyYW1ldGVyIE5hbWU9Il9fU0NST0xMUE9TSVRJT05ZIiBWYWx1ZT0ie3skSElEREVOMS5fX1NDUk9MTFBPU0lUSU9OWX19IiBSZWNvcmRlZFZhbHVlPSIwIiBDb3JyZWxhdGlvbkJpbmRpbmc9IiIgVXJsRW5jb2RlPSJUcnVlIiAvPg0KICAgICAgICA8Rm9ybVBvc3RQYXJhbWV0ZXIgTmFtZT0iX19FVkVOVFZBTElEQVRJT04iIFZhbHVlPSJ7eyRISURERU4xLl9fRVZFTlRWQUxJREFUSU9OfX0iIFJlY29yZGVkVmFsdWU9Ii93RWRBTm9CcjFWdzlhR0JDM3Izaks5THh3cG1ENlY3ODMxcUZvOVJHMFlxOFdiZkErZWg0K2VtWjQrcCtIWWZtNzdMOUo3b0QvaHB2dVhuTjdObG9OMnREMDVhQ2p6bWx0YVVNN2FFQU4rZzljUC9tMTB6ejc1UE9FY3ZDazlGcGNyU3FHL0UrV0tlaVhSVmpEUVJxMzZZTjRWelRYWGNkbzBLWW85ZkMxSWd3bStXbkNySjRZNHMrWDNpN2JwV1pKS3FsZWoxbE1YeVdHaU1mL2RzdHNkK3pkeXRJaHFNdloxRXlYTUFsejJ3Q215c3c3ZmZYaE5pWERzQXhRY0xHc1ZnMERmNFp2Z3k3NjI2anBLSDUxY2thdUtTWDZRUEJhVWUzNlVFdVdqd3lwclk3WVFuaFhvdUdCS3VBaG12WGgzZURzcVN6RC9jdXdXYzMxTTJiU29JVWYxRXExSkRPN2NKQUd1cnRqa3NPU2lkQmZ0VklVVnE1SlZkN2djcjZnRW9BTkhQZlpKbS9IajhVZDZUWHAxVUdKbVo3dHZweHdWa0tVRjZ2UHhqU0lYRm4vdmlrOHdxN3QrTmhUOERQeUFUSmd2RkQzSzVVK3Z4b0N4TGlVcWM3bmhWVVd0amt2N0JmQWViSmdpbEVFTnBFbkxxNWdyODkybmVSYU1odTZVcDQ4T2RZUERxTFJTWFhqZ0pxNmVSTFNGd1pIakMxUGpBKzBSV3F0OGRsWEhjbFhXRFFZTXJTN08vYU5kdXhMVWU3eHBoVC95eEFlRDJVK1ZqckxrcDJtRlNJYWFDZUJ3OUhGdEN4UFAxUHk0Q0RRdEtPbWEwTlpmV1Fkd1ZLcUMva3hUS0FsUUtTd242MFd3N3pkQVluT09WRGRHSE4vVHI1YmdLUDZad1ovOE1RY0ZlRHNkQ0pHZGV3eWs1R3NIT3EwMkx0NFRFckdDMjlIQnlLVlAxUzFwcDAwSUM2Zi82L3lPelRaQUV4SWMwMHRyTmhGUlgxbjhPSFNLUkdIM0toNksxS3MyeEg4T2MvNFF3YmxoWmJOWXhqYlJZUjZMaURmSnRZdkluV1hUbkFHWnBKWTR6VEppMWc2UzExTTRBeVZQaW9mdHhNZjFOSThjUENsS0pJdjM2aGxhUGhVdWs3eW5McUpJMU5UcW5WSkZiWUlaUlExV0VBZ2NsaGZqWWEzbkQvaVVtcFJxVkRta3N6N2VMOVkvemdCSDRnSExlOFkyWnlDcDZabXV3RXJTTDZiT3huVkoyeDdLdmFYY1UydlgzU3NKTGRQL2ZmeFdUSUZ0Y3J0RGE2N3N0cmZrNzRiS0xQU2hnandzOUtmMi9UUU1zQ0Q1allTREVhOTJuMGFqZzFXYkVEWkR6VkcvMHcvVW5zcElvVm1lNk1GNUw3RStBUEJUUUhDSnF6SHVCK1dHMnpKSmZBVnFncFVqTTFlRnR4SFAwZVFYYU9mNnowM2pWZ0hPVmNsYmNZSjBkWlEvZkFiMkxoTlpKamtmeW9DcmppbnZSWCtjOXY3U2JBSVFEL25kNWg2c09RODNVbWZoZjZiTXB0NTRhaW5MbExjNlNNKzNkNWpIWXJud0tUbU54UFBhV3N2TG1maHgwTGh3bkNYR2xCb0xzS3BndURwTHpRaGYrbC9tTDEreWZqVVN6cUZ1eDdrSGpLd1hCekVoeHhmMGtkWjNuWHJScFZWWUpKRzVMdXM0RjhXYlZ0SXVrc3F3bEUvd25PeTJZeWh3eU1OZXNRNjRLM1M0VW1jVFJvZ2RwTzFBck9pM1N6VUVaaDd1elZ1cVlqcjFkM3prZ3RIanBUemhBb1laaVZPNVdZdDkzWm5odVZYTFlnVG1QQk5tNzlJczd3MVg1VHE2MExqc2JWdmI4Q1BOTVBDQmxOeUdnNXRsdmlUUGxwR2VSTnNsQktXKzRMQlhFNkFFNkVvVzFMRHdsdUlWOXF6NUpLUFplSkd3WU5EYTVUVlh1cHV6RXZyVkRibERidTcxQmdkR3ZRd3ErcDExU2NZTU1MZ2tvVjA1T1hsdm9sa3RqTFNFR3JJUzZXOHlWSEdqU3NoNEdPdWphN3hUaFNYQVZ2QXI3Q0kwY0NjWUpKK3k0NXVHS3AyeE1IRUNzTXFkVUJUVktRc0FuaUM5c1pDQnlFeUFoQStreXNVOTZIQzhJSVRNZGp0UW5ocGdSQkd6a1IrRHMxVXlXZW5mcHEvNDVpaEhRblVqUjJQYStGb3FKUGx1SEpYWUFjTDVkaWY0cjZxUVpER3lXN0JLOU8zTHZjYmZ6andNQmYycXg5OVRZa0phbnhobGRuNVJIcXNkSkJUbEZUQ2VJcUppbGxOUDlYK2FKNzd0ejVuNXUvOHcwNk5MeGNpOFE0N3ZVemNiWS8vb2ovUGZvTEJoNzhFaC9mckNpcVZOTm0zYUdTd3dwbUVDdndFb1RFRFlnTHZDUzlHdmxsRDNWb3lRVWNQSitJdk5iTjEzMWdWQkZBZmFZYVdxeFYrQWtLeEo3cFJaZmpZdG9tenlsSzlFQ3NqQWRTNE81bmo0eFppYmZHbU9vUkxqbExlOFpLdnlSZGlpSHZZVWp0dUtPd1BLUU9LY1lsRUZqOWY2aFFFVndkOHA0bzhZZnJBdFFjMkl6K1BLWEd1Q21XRVl0dXpvZ2dJUE92MkdpTzNwTWpHb0pMYU5BVFVPZ3V5NG5waEY3SDdTU3dLU2pFKzJPRDJFbjVIUGlsWlVyRDlna1h2R2lnZVhpRTVhWUd4Y2pkUittTGRDUDh2SytTU05SRTRzQ21ZdXFZT3Q0aVFwakFQNjBrd2E4YXZEZGRWMGlsUmJwNnMyNURIenNjZmFBSkpCbDRkSnNHMmlsei9UZlFjeHIrTFdhamZ1a3hNU2Q5T21LUHdFS2oxUGIyRGI0dEh2VW1qT1N6ZENRM3ZFa2U5YW5rUjYvcnJMaGYyMXhTV2I4aXlrSXVKR3grdlU5SXFOVGI1Q25RVlN3Mk1tTVBPb243QmhaSE9SUEVERGtzRHhkK2lXRzZ2VStDdEk1VVpDclRWVHFzQ1ZTalVhaE5RUitwSmgxekg5UmN4NXU5YnpLdTdzdXhyVllRTlE5N2FtL1BPNXJkblVhbG4xNkhzM0dwZXd4RGtNbkVvcStIYzd6b2VnMmk4N3RncER5L3YvTXVRNm9FcWJ3QSs5Vk1EMlVScHZLSVE4bEl6aThRdVAzaldmQ0M4a1NhcWEvamMrRUVMcE5vbW5reFBrWTJFekhSNUZzNzkxb3Jsb1ZHaHUwVFhoQzN5aVFDK1gvYW5mYVdEQmx3bks0TDFhQmQ3ckswQmtrdU84Z2M1QVVtaHVYUVFNa1NWaEhraUhTNm1hMHNqejFLby9vNUxBMTdSYWNmWGE3bjIxZ21Vd0NLS1ovdXljblZiTjlRNzZIdWJEMUFxdnFZZFE3KzhmRjBwZWhDUDRZQ25FOEFDM0QyWTM5VUhmODQxbUVVL3plMnBSbktQcFpGVHBOcDVhWFBiVlo1Zis0RzBHS2EyMFFxSWxkVlZHcFBEaFdwekxFYXJBNWR2aW9PZUJoWUE3WVF3YUFobTh1bEpPTTJoUmNxTEM5KzJWbjRDYnpwazhUbWZJM2pjOHg3eENvME5YYTdkRytHVDlmZVJVeUx1WXp6NEdhRFh5ZVNTY1RIZzdrSzFzN3h5dEtNVWJudnJFbTRXZ2dmR29uTnROTGd5cVV2dW9naFZOdSsybWFvVGY1ZVpsMHFlU05qSWZIdmM3aEVyWVJHcTFMalZjT2x6aUtYaHFlNXdIQlQ0dWNpZ1JxQzZqQmx3OWk4RllvN1F6MjBCYWRzRGtzajgrSnFmZ3ZLdDE2SXpKd3NwKzdhUkw2S1RKZ0RBbmo3elc3SkQ0SHdpcjVXODc0ZmN0ak5qK3p0V2VObUdOTnQ5SjQwNVcveGh5R3lDWHRadFRxTWQ0WDJvcG95cFZWdytUai9CVFdqZXAySEtjSmFFRHhyMjNBY3IvQzRMaHMzdXA5RVMyTkpMYVA3K1pqbllBdkt4cGRzT3AvUzZTcXpHUzdmai9zWTg4MWxSUmkwS3NTOXBXM0dBYlBDVDlMWVI0Z0JIejF1Q2pxa1hqSnY3SDlOaXZnMW5DNjlxdFNqU2M3OVBVdW40UHB5OUpKQStsWnhEUi8xMDZBREdxUUt1NWFBK3VLV2xCclVGMTl4VHNIZmRnWXFyS05Yc2ZxbXduTmJuYThsclFTOEFwOUlqUkxFVWlsWU5RZ0NJU2VVZmdDWDgwZ1VqbVF4WHJhaUd0NjBwTzA3NExzUUwraXhPUnkvcHhGWWFqcmZNdlQwVTFXQzhjSmNSRUxvcngwL2dKU2orMVM0RWJ6ZHN0czROcnRrNWtHT1hsS2t0eWV3K2tOcVNkanYwVUZlYmVUaEI1V2k2SlZ1dFBJMnFiTHVQMENNRGhDd3J2VldmSXNselJaTWl5cE9sMnM3Z01kOTBLNElFVDl2aXFPUGRGaHBDb0x0bkc0aTJ1a2YrMlNKNk5VRUZ1cEo2cW81SW56N0ljbFE2ZmtmNWpDcGE1Zjk2MTlnOEJxMWI1bUY3ZWlhNXNsZDEwaGtnTXE1dS9VTU05ZHVYdmZVUWJwV3BJZ3czZm15aEZyeVBNV1d0dytvZENxTS9MbllBSkdIWVYvZXVpVnBiR2hqTEVUR3NCYUU3SWxKQlc4bHMzS3VBTzV0TjhiK25TS2c0NVFnb1o2bHFEVVlVanZJd2x0YkhCYW5nNzJQTXgxVXNvdTUxajh0bCt5akRldjdzK2FoWTJRR21FTWs3SjdSaWhDd3djclNTRWdtZnRsQVNvRmNlSFRFSm15dlJreWFJcWVyeFRROU9qR1lHYk1IVGVPcGw4NjNsQlFPS0FlVmdOUUwzU3YyZzlFTCtCMTd0VzNFQTViZXNBUHFTZ0VKYm5ROFUyMmRwZS96Z3FzMEpHdTU2c1dwa2dSMkxYSHpCRVp4bTZHbmpKaXpNZ080OFVycHA0TmZhUmdzUUlTTDZwcUY2YjBlaUVSVHRUUldUd0gxaWt5bncxYXZCSUxyT0NZNWh3TXJJR01Qd3pDZjk4cHV5dWlaZVRGTW5rYUhraWx1eGlQcnRlU3llaTZrOWpkN2JlMTluc20zTTNvL3BlRVRGR1dYOFIrNnRDSTdtNG94NXdQaGw2aHRXVk5qZ1FzRFZieGZGUWtQVGRkK3l6NU1zSk8wYTlsSWpYdWFJVC9IcnhvZVBMQzIwSk1IcWdYSGxIMG9lK3NXbnJ2MUhVYThrT2xGeU05djQwUFJXOGdnMjVqak1FWmVPSWxmVXp0aElGVWJQcVljb0IzUjlWbjM4K0FWbjlXeCt1dFcrRDZOWmVoZEhiUlRiZVhaWDAwRkkrRE13QnkwU040OWNBNnQ5UE9WdzJ2eHFFTEZ0K1pkeGh1MU5Sd21jZkx6Sit5cDBoSTdWbmRYckhaRTN3aEtPVWhpWmFMd1BXU0d4cXc2VEdzM1ZGUG9yNnBPSFhEV1BsMzd5VW9XYjA3SEFzVGtPbUFZajNKb2FqNEVXZlhHOUhVY3hNbE1ReGJzbDFPTXFuRkRGQ2NQcW11c2VYSElYTG5CWG1UaTVuc0FaSkxqRVF1V3hodjh1ZkxxYld2WWMyd3lSTzUxYWNuMXNrNjNCbmVoVVBRT3N3b1FNU1UwZ1daRTFSanFSQ3pCUFo4a0ZSVkRXV1VOWHNOenVFQUpoTG5kdEFQYTJzVUdncWlQZ3Nrek1mNWNkc2kwY0dEY2d1ejRPdExJOFord0V6MFpCMkxMRjdlanpyTWVxMzllek9YaUN5OThNMXpBRUpTOS9UYm1HN296aXFRa05uajNHaXJDS0hGQ21CbjBwTjRxblViMXVtaDdNZFdTT3kySTFnNkZuSkFNaGZSMG5DeURteitlSy9QeVFtSlRBTWQxRG41ZHZuZWNvcEFTODB3b0F3ZmlOQ2JPNllrZXNYTGNWaG5YOVUxNGxCbndIZGRYUmR6bDZpd01ZaTRyS1RUazhSbm9WL21IK3Y1ZmR1d0Q4bWFWdHVkbkVFUEJjQ0NQRXVzaGdqY0Q3TnNZVnhTRUJjcDI3c1hwOE5aQ2xvejJvNlBiRmhYdi9IQ1VHeHRYbzJZd3VtTURsV2tuNWY1RVFrdzYrSEtoUm9iUUJVQ2N4SDFqZWRmelVrekc0UnhsbHJUVWxrZURkYjl1bFU5WlpZYU5kTy9vdz09IiBDb3JyZWxhdGlvbkJpbmRpbmc9IiIgVXJsRW5jb2RlPSJUcnVlIiAvPg0KICAgICAgICA8Rm9ybVBvc3RQYXJhbWV0ZXIgTmFtZT0iYnRuVGVtcFNhdmUiIFZhbHVlPSLmmqvlrZgiIFJlY29yZGVkVmFsdWU9Iuaaq+WtmCIgQ29ycmVsYXRpb25CaW5kaW5nPSJ7e0Zvcm1Qb3N0UGFyYW0yMS5idG5UZW1wU2F2ZX19IiBVcmxFbmNvZGU9IlRydWUiIC8+DQogICAgICAgIDxGb3JtUG9zdFBhcmFtZXRlciBOYW1lPSJoaWRHcmlkVmlld1N0YXJ0VGltZSIgVmFsdWU9Int7JEhJRERFTjEuaGlkR3JpZFZpZXdTdGFydFRpbWV9fSIgUmVjb3JkZWRWYWx1ZT0iIiBDb3JyZWxhdGlvbkJpbmRpbmc9IiIgVXJsRW5jb2RlPSJUcnVlIiAvPg0KICAgICAgICA8Rm9ybVBvc3RQYXJhbWV0ZXIgTmFtZT0idWNEYXRlU3RhcnQkdHh0RGF0ZSIgVmFsdWU9IjIwMTcvMDUvMTEiIFJlY29yZGVkVmFsdWU9IjIwMTcvMDUvMTEiIENvcnJlbGF0aW9uQmluZGluZz0ie3tGb3JtUG9zdFBhcmFtMjIudWNEYXRlU3RhcnQkdHh0RGF0ZX19IiBVcmxFbmNvZGU9IlRydWUiIC8+DQogICAgICAgIDxGb3JtUG9zdFBhcmFtZXRlciBOYW1lPSJ1Y0RhdGVFbmQkdHh0RGF0ZSIgVmFsdWU9IjIwMTcvMDUvMTEiIFJlY29yZGVkVmFsdWU9IjIwMTcvMDUvMTEiIENvcnJlbGF0aW9uQmluZGluZz0ie3tGb3JtUG9zdFBhcmFtMjMudWNEYXRlRW5kJHR4dERhdGV9fSIgVXJsRW5jb2RlPSJUcnVlIiAvPg0KICAgICAgICA8Rm9ybVBvc3RQYXJhbWV0ZXIgTmFtZT0iT1RUaW1lU3RhcnQkZGRsSEgiIFZhbHVlPSIwMCIgUmVjb3JkZWRWYWx1ZT0iMDAiIENvcnJlbGF0aW9uQmluZGluZz0ie3tGb3JtUG9zdFBhcmFtMjQuT1RUaW1lU3RhcnQkZGRsSEh9fSIgVXJsRW5jb2RlPSJUcnVlIiAvPg0KICAgICAgICA8Rm9ybVBvc3RQYXJhbWV0ZXIgTmFtZT0iT1RUaW1lU3RhcnQkZGRsTU0iIFZhbHVlPSIwMCIgUmVjb3JkZWRWYWx1ZT0iMDAiIENvcnJlbGF0aW9uQmluZGluZz0ie3tGb3JtUG9zdFBhcmFtMjUuT1RUaW1lU3RhcnQkZGRsTU19fSIgVXJsRW5jb2RlPSJUcnVlIiAvPg0KICAgICAgICA8Rm9ybVBvc3RQYXJhbWV0ZXIgTmFtZT0iT1RUaW1lRW5kJGRkbEhIIiBWYWx1ZT0iMDEiIFJlY29yZGVkVmFsdWU9IjAxIiBDb3JyZWxhdGlvbkJpbmRpbmc9Int7Rm9ybVBvc3RQYXJhbTI2Lk9UVGltZUVuZCRkZGxISH19IiBVcmxFbmNvZGU9IlRydWUiIC8+DQogICAgICAgIDxGb3JtUG9zdFBhcmFtZXRlciBOYW1lPSJPVFRpbWVFbmQkZGRsTU0iIFZhbHVlPSIwMCIgUmVjb3JkZWRWYWx1ZT0iMDAiIENvcnJlbGF0aW9uQmluZGluZz0ie3tGb3JtUG9zdFBhcmFtMjcuT1RUaW1lRW5kJGRkbE1NfX0iIFVybEVuY29kZT0iVHJ1ZSIgLz4NCiAgICAgICAgPEZvcm1Qb3N0UGFyYW1ldGVyIE5hbWU9ImRkbE9UVHlwZUlEIiBWYWx1ZT0iOSIgUmVjb3JkZWRWYWx1ZT0iOSIgQ29ycmVsYXRpb25CaW5kaW5nPSJ7e0Zvcm1Qb3N0UGFyYW0yOC5kZGxPVFR5cGVJRH19IiBVcmxFbmNvZGU9IlRydWUiIC8+DQogICAgICAgIDxGb3JtUG9zdFBhcmFtZXRlciBOYW1lPSJ0eHRPVFJlYXNvbk1lbW8kdHh0RGF0YSIgVmFsdWU9InRlc3QiIFJlY29yZGVkVmFsdWU9InRlc3QiIENvcnJlbGF0aW9uQmluZGluZz0iIiBVcmxFbmNvZGU9IlRydWUiIC8+DQogICAgICAgIDxGb3JtUG9zdFBhcmFtZXRlciBOYW1lPSJoaWRHcmlkVmlld1NlYXJjaFN0YXJ0VGltZSIgVmFsdWU9Int7JEhJRERFTjEuaGlkR3JpZFZpZXdTZWFyY2hTdGFydFRpbWV9fSIgUmVjb3JkZWRWYWx1ZT0iIiBDb3JyZWxhdGlvbkJpbmRpbmc9IiIgVXJsRW5jb2RlPSJUcnVlIiAvPg0KICAgICAgICA8Rm9ybVBvc3RQYXJhbWV0ZXIgTmFtZT0iaGlkR3JpZFZpZXdTZWFyY2hFbmRUaW1lIiBWYWx1ZT0ie3skSElEREVOMS5oaWRHcmlkVmlld1NlYXJjaEVuZFRpbWV9fSIgUmVjb3JkZWRWYWx1ZT0iIiBDb3JyZWxhdGlvbkJpbmRpbmc9IiIgVXJsRW5jb2RlPSJUcnVlIiAvPg0KICAgICAgICA8Rm9ybVBvc3RQYXJhbWV0ZXIgTmFtZT0iZnJhbWVBdHRhY2giIFZhbHVlPSIvVXRpbC9BdHRhY2hBZG1pbi5hc3B4P0F0dGFjaERCPUFhdHRlbmRhbnREQl9JVFJEJmFtcDtBdHRhY2hJRD10ZXN0MTAyMTE5NjI0ZWNkMTktYjRkOS00MTcyLTlmZDMtYTdmNWRmMWIwZjZkJmFtcDtBdHRhY2hGaWxlTWF4UXR5PTEmYW1wO0F0dGFjaEZpbGVNYXhLQj0zMDcyJmFtcDtBdHRhY2hGaWxlVG90S0I9MzA3MiZhbXA7QXR0YWNoRmlsZUV4dExpc3Q9IiBSZWNvcmRlZFZhbHVlPSIvVXRpbC9BdHRhY2hBZG1pbi5hc3B4P0F0dGFjaERCPUFhdHRlbmRhbnREQl9JVFJEJmFtcDtBdHRhY2hJRD10ZXN0MTAyMTE5NjI0ZWNkMTktYjRkOS00MTcyLTlmZDMtYTdmNWRmMWIwZjZkJmFtcDtBdHRhY2hGaWxlTWF4UXR5PTEmYW1wO0F0dGFjaEZpbGVNYXhLQj0zMDcyJmFtcDtBdHRhY2hGaWxlVG90S0I9MzA3MiZhbXA7QXR0YWNoRmlsZUV4dExpc3Q9IiBDb3JyZWxhdGlvbkJpbmRpbmc9IiIgVXJsRW5jb2RlPSJUcnVlIiAvPg0KICAgICAgICA8Rm9ybVBvc3RQYXJhbWV0ZXIgTmFtZT0idWNNb2RhbFBvcHVwMSRDbGllbnRXaWR0aCIgVmFsdWU9Int7JEhJRERFTjEudWNNb2RhbFBvcHVwMSRDbGllbnRXaWR0aH19IiBSZWNvcmRlZFZhbHVlPSIwIiBDb3JyZWxhdGlvbkJpbmRpbmc9IiIgVXJsRW5jb2RlPSJUcnVlIiAvPg0KICAgICAgICA8Rm9ybVBvc3RQYXJhbWV0ZXIgTmFtZT0idWNNb2RhbFBvcHVwMSRDbGllbnRIZWlnaHQiIFZhbHVlPSJ7eyRISURERU4xLnVjTW9kYWxQb3B1cDEkQ2xpZW50SGVpZ2h0fX0iIFJlY29yZGVkVmFsdWU9IjAiIENvcnJlbGF0aW9uQmluZGluZz0iIiBVcmxFbmNvZGU9IlRydWUiIC8+DQogICAgICA8L0Zvcm1Qb3N0SHR0cEJvZHk+DQogICAgPC9SZXF1ZXN0Pg0KICAgIDxSZXF1ZXN0IE1ldGhvZD0iUE9TVCIgR3VpZD0iMzZlOTU4OTEtZTIxMy00OTY2LTk3NzMtYTdjMzNlYzUxNDA1IiBWZXJzaW9uPSIxLjEiIFVybD0iaHR0cDovLzEwLjExLjM2LjExNDo4MDA3L092ZXJUaW1lL092ZXJ0aW1lUHJlT3JkZXJfTW9kaWZ5LmFzcHgiIFRoaW5rVGltZT0iNCIgVGltZW91dD0iMzAwIiBQYXJzZURlcGVuZGVudFJlcXVlc3RzPSJUcnVlIiBGb2xsb3dSZWRpcmVjdHM9IlRydWUiIFJlY29yZFJlc3VsdD0iVHJ1ZSIgQ2FjaGU9IkZhbHNlIiBSZXNwb25zZVRpbWVHb2FsPSIwIiBFbmNvZGluZz0idXRmLTgiIEV4cGVjdGVkSHR0cFN0YXR1c0NvZGU9IjAiIEV4cGVjdGVkUmVzcG9uc2VVcmw9IiIgUmVwb3J0aW5nTmFtZT0iIiBJZ25vcmVIdHRwU3RhdHVzQ29kZT0iRmFsc2UiPg0KICAgICAgPEV4dHJhY3Rpb25SdWxlcz4NCiAgICAgICAgPEV4dHJhY3Rpb25SdWxlIENsYXNzbmFtZT0iTWljcm9zb2Z0LlZpc3VhbFN0dWRpby5UZXN0VG9vbHMuV2ViVGVzdGluZy5SdWxlcy5FeHRyYWN0SGlkZGVuRmllbGRzLCBNaWNyb3NvZnQuVmlzdWFsU3R1ZGlvLlF1YWxpdHlUb29scy5XZWJUZXN0RnJhbWV3b3JrLCBWZXJzaW9uPTEwLjAuMC4wLCBDdWx0dXJlPW5ldXRyYWwsIFB1YmxpY0tleVRva2VuPWIwM2Y1ZjdmMTFkNTBhM2EiIFZhcmlhYmxlTmFtZT0iMSIgRGlzcGxheU5hbWU9IuaTt+WPlumaseiXj+ashOS9jSIgRGVzY3JpcHRpb249IuaTt+WPluWbnuaHieS4reeahOaJgOaciemaseiXj+ashOS9je+8jOS4puWwh+Wug+WAkeaUvuWcqOa4rOippuWFp+WuueS4reOAgiI+DQogICAgICAgICAgPFJ1bGVQYXJhbWV0ZXJzPg0KICAgICAgICAgICAgPFJ1bGVQYXJhbWV0ZXIgTmFtZT0iUmVxdWlyZWQiIFZhbHVlPSJUcnVlIiAvPg0KICAgICAgICAgICAgPFJ1bGVQYXJhbWV0ZXIgTmFtZT0iSHRtbERlY29kZSIgVmFsdWU9IlRydWUiIC8+DQogICAgICAgICAgPC9SdWxlUGFyYW1ldGVycz4NCiAgICAgICAgPC9FeHRyYWN0aW9uUnVsZT4NCiAgICAgICAgPEV4dHJhY3Rpb25SdWxlIENsYXNzbmFtZT0iTWljcm9zb2Z0LlZpc3VhbFN0dWRpby5UZXN0VG9vbHMuV2ViVGVzdGluZy5SdWxlcy5FeHRyYWN0VGV4dCwgTWljcm9zb2Z0LlZpc3VhbFN0dWRpby5RdWFsaXR5VG9vbHMuV2ViVGVzdEZyYW1ld29yaywgVmVyc2lvbj0xMC4wLjAuMCwgQ3VsdHVyZT1uZXV0cmFsLCBQdWJsaWNLZXlUb2tlbj1iMDNmNWY3ZjExZDUwYTNhIiBWYXJpYWJsZU5hbWU9IlF1ZXJ5U3RyaW5nUGFyYW03Lk9UVHhuSUQiIERpc3BsYXlOYW1lPSLmk7flj5bmloflrZciIERlc2NyaXB0aW9uPSLlvp7lm57mh4nkuK3mk7flj5bmloflrZfvvIzkuKblsIflroPmlL7lhaXmuKzoqablhaflrrnkuK3jgIIiPg0KICAgICAgICAgIDxSdWxlUGFyYW1ldGVycz4NCiAgICAgICAgICAgIDxSdWxlUGFyYW1ldGVyIE5hbWU9IlN0YXJ0c1dpdGgiIFZhbHVlPSImYW1wO2FtcDtPVFR4bklEPSIgLz4NCiAgICAgICAgICAgIDxSdWxlUGFyYW1ldGVyIE5hbWU9IkVuZHNXaXRoIiBWYWx1ZT0iJmFtcDsiIC8+DQogICAgICAgICAgICA8UnVsZVBhcmFtZXRlciBOYW1lPSJJbmRleCIgVmFsdWU9IjAiIC8+DQogICAgICAgICAgICA8UnVsZVBhcmFtZXRlciBOYW1lPSJJZ25vcmVDYXNlIiBWYWx1ZT0iRmFsc2UiIC8+DQogICAgICAgICAgICA8UnVsZVBhcmFtZXRlciBOYW1lPSJVc2VSZWd1bGFyRXhwcmVzc2lvbiIgVmFsdWU9IkZhbHNlIiAvPg0KICAgICAgICAgICAgPFJ1bGVQYXJhbWV0ZXIgTmFtZT0iSHRtbERlY29kZSIgVmFsdWU9IlRydWUiIC8+DQogICAgICAgICAgICA8UnVsZVBhcmFtZXRlciBOYW1lPSJSZXF1aXJlZCIgVmFsdWU9IkZhbHNlIiAvPg0KICAgICAgICAgIDwvUnVsZVBhcmFtZXRlcnM+DQogICAgICAgIDwvRXh0cmFjdGlvblJ1bGU+DQogICAgICA8L0V4dHJhY3Rpb25SdWxlcz4NCiAgICAgIDxDb3JyZWxhdGlvbkV4dHJhY3Rpb25SdWxlcz4NCiAgICAgICAgPEV4dHJhY3Rpb25SdWxlIENsYXNzbmFtZT0iTWljcm9zb2Z0LlZpc3VhbFN0dWRpby5UZXN0VG9vbHMuV2ViVGVzdGluZy5SdWxlcy5FeHRyYWN0VGV4dCwgTWljcm9zb2Z0LlZpc3VhbFN0dWRpby5RdWFsaXR5VG9vbHMuV2ViVGVzdEZyYW1ld29yaywgVmVyc2lvbj0xMC4wLjAuMCwgQ3VsdHVyZT1uZXV0cmFsLCBQdWJsaWNLZXlUb2tlbj1iMDNmNWY3ZjExZDUwYTNhIiBWYXJpYWJsZU5hbWU9IlF1ZXJ5U3RyaW5nUGFyYW0xLk9UQ29tcElEIiBEaXNwbGF5TmFtZT0iIiBEZXNjcmlwdGlvbj0iIj4NCiAgICAgICAgICA8UnVsZVBhcmFtZXRlcnM+DQogICAgICAgICAgICA8UnVsZVBhcmFtZXRlciBOYW1lPSJTdGFydHNXaXRoIiBWYWx1ZT0iP09UQ29tcElEPSIgLz4NCiAgICAgICAgICAgIDxSdWxlUGFyYW1ldGVyIE5hbWU9IkVuZHNXaXRoIiBWYWx1ZT0iJmFtcDsiIC8+DQogICAgICAgICAgICA8UnVsZVBhcmFtZXRlciBOYW1lPSJJbmRleCIgVmFsdWU9IjAiIC8+DQogICAgICAgICAgICA8UnVsZVBhcmFtZXRlciBOYW1lPSJJZ25vcmVDYXNlIiBWYWx1ZT0iRmFsc2UiIC8+DQogICAgICAgICAgICA8UnVsZVBhcmFtZXRlciBOYW1lPSJVc2VSZWd1bGFyRXhwcmVzc2lvbiIgVmFsdWU9IkZhbHNlIiAvPg0KICAgICAgICAgICAgPFJ1bGVQYXJhbWV0ZXIgTmFtZT0iSHRtbERlY29kZSIgVmFsdWU9IlRydWUiIC8+DQogICAgICAgICAgICA8UnVsZVBhcmFtZXRlciBOYW1lPSJSZXF1aXJlZCIgVmFsdWU9IkZhbHNlIiAvPg0KICAgICAgICAgIDwvUnVsZVBhcmFtZXRlcnM+DQogICAgICAgIDwvRXh0cmFjdGlvblJ1bGU+DQogICAgICAgIDxFeHRyYWN0aW9uUnVsZSBDbGFzc25hbWU9Ik1pY3Jvc29mdC5WaXN1YWxTdHVkaW8uVGVzdFRvb2xzLldlYlRlc3RpbmcuUnVsZXMuRXh0cmFjdFRleHQsIE1pY3Jvc29mdC5WaXN1YWxTdHVkaW8uUXVhbGl0eVRvb2xzLldlYlRlc3RGcmFtZXdvcmssIFZlcnNpb249MTAuMC4wLjAsIEN1bHR1cmU9bmV1dHJhbCwgUHVibGljS2V5VG9rZW49YjAzZjVmN2YxMWQ1MGEzYSIgVmFyaWFibGVOYW1lPSJRdWVyeVN0cmluZ1BhcmFtMi5PVEVtcElEIiBEaXNwbGF5TmFtZT0iIiBEZXNjcmlwdGlvbj0iIj4NCiAgICAgICAgICA8UnVsZVBhcmFtZXRlcnM+DQogICAgICAgICAgICA8UnVsZVBhcmFtZXRlciBOYW1lPSJTdGFydHNXaXRoIiBWYWx1ZT0iJmFtcDthbXA7T1RFbXBJRD0iIC8+DQogICAgICAgICAgICA8UnVsZVBhcmFtZXRlciBOYW1lPSJFbmRzV2l0aCIgVmFsdWU9IiZhbXA7IiAvPg0KICAgICAgICAgICAgPFJ1bGVQYXJhbWV0ZXIgTmFtZT0iSW5kZXgiIFZhbHVlPSIwIiAvPg0KICAgICAgICAgICAgPFJ1bGVQYXJhbWV0ZXIgTmFtZT0iSWdub3JlQ2FzZSIgVmFsdWU9IkZhbHNlIiAvPg0KICAgICAgICAgICAgPFJ1bGVQYXJhbWV0ZXIgTmFtZT0iVXNlUmVndWxhckV4cHJlc3Npb24iIFZhbHVlPSJGYWxzZSIgLz4NCiAgICAgICAgICAgIDxSdWxlUGFyYW1ldGVyIE5hbWU9Ikh0bWxEZWNvZGUiIFZhbHVlPSJUcnVlIiAvPg0KICAgICAgICAgICAgPFJ1bGVQYXJhbWV0ZXIgTmFtZT0iUmVxdWlyZWQiIFZhbHVlPSJGYWxzZSIgLz4NCiAgICAgICAgICA8L1J1bGVQYXJhbWV0ZXJzPg0KICAgICAgICA8L0V4dHJhY3Rpb25SdWxlPg0KICAgICAgICA8RXh0cmFjdGlvblJ1bGUgQ2xhc3NuYW1lPSJNaWNyb3NvZnQuVmlzdWFsU3R1ZGlvLlRlc3RUb29scy5XZWJUZXN0aW5nLlJ1bGVzLkV4dHJhY3RUZXh0LCBNaWNyb3NvZnQuVmlzdWFsU3R1ZGlvLlF1YWxpdHlUb29scy5XZWJUZXN0RnJhbWV3b3JrLCBWZXJzaW9uPTEwLjAuMC4wLCBDdWx0dXJlPW5ldXRyYWwsIFB1YmxpY0tleVRva2VuPWIwM2Y1ZjdmMTFkNTBhM2EiIFZhcmlhYmxlTmFtZT0iUXVlcnlTdHJpbmdQYXJhbTMuT1RTdGFydERhdGUiIERpc3BsYXlOYW1lPSIiIERlc2NyaXB0aW9uPSIiPg0KICAgICAgICAgIDxSdWxlUGFyYW1ldGVycz4NCiAgICAgICAgICAgIDxSdWxlUGFyYW1ldGVyIE5hbWU9IlN0YXJ0c1dpdGgiIFZhbHVlPSImYW1wO2FtcDtPVFN0YXJ0RGF0ZT0iIC8+DQogICAgICAgICAgICA8UnVsZVBhcmFtZXRlciBOYW1lPSJFbmRzV2l0aCIgVmFsdWU9IiZhbXA7IiAvPg0KICAgICAgICAgICAgPFJ1bGVQYXJhbWV0ZXIgTmFtZT0iSW5kZXgiIFZhbHVlPSIwIiAvPg0KICAgICAgICAgICAgPFJ1bGVQYXJhbWV0ZXIgTmFtZT0iSWdub3JlQ2FzZSIgVmFsdWU9IkZhbHNlIiAvPg0KICAgICAgICAgICAgPFJ1bGVQYXJhbWV0ZXIgTmFtZT0iVXNlUmVndWxhckV4cHJlc3Npb24iIFZhbHVlPSJGYWxzZSIgLz4NCiAgICAgICAgICAgIDxSdWxlUGFyYW1ldGVyIE5hbWU9Ikh0bWxEZWNvZGUiIFZhbHVlPSJUcnVlIiAvPg0KICAgICAgICAgICAgPFJ1bGVQYXJhbWV0ZXIgTmFtZT0iUmVxdWlyZWQiIFZhbHVlPSJGYWxzZSIgLz4NCiAgICAgICAgICA8L1J1bGVQYXJhbWV0ZXJzPg0KICAgICAgICA8L0V4dHJhY3Rpb25SdWxlPg0KICAgICAgICA8RXh0cmFjdGlvblJ1bGUgQ2xhc3NuYW1lPSJNaWNyb3NvZnQuVmlzdWFsU3R1ZGlvLlRlc3RUb29scy5XZWJUZXN0aW5nLlJ1bGVzLkV4dHJhY3RUZXh0LCBNaWNyb3NvZnQuVmlzdWFsU3R1ZGlvLlF1YWxpdHlUb29scy5XZWJUZXN0RnJhbWV3b3JrLCBWZXJzaW9uPTEwLjAuMC4wLCBDdWx0dXJlPW5ldXRyYWwsIFB1YmxpY0tleVRva2VuPWIwM2Y1ZjdmMTFkNTBhM2EiIFZhcmlhYmxlTmFtZT0iUXVlcnlTdHJpbmdQYXJhbTQuT1RFbmREYXRlIiBEaXNwbGF5TmFtZT0iIiBEZXNjcmlwdGlvbj0iIj4NCiAgICAgICAgICA8UnVsZVBhcmFtZXRlcnM+DQogICAgICAgICAgICA8UnVsZVBhcmFtZXRlciBOYW1lPSJTdGFydHNXaXRoIiBWYWx1ZT0iJmFtcDthbXA7T1RFbmREYXRlPSIgLz4NCiAgICAgICAgICAgIDxSdWxlUGFyYW1ldGVyIE5hbWU9IkVuZHNXaXRoIiBWYWx1ZT0iJmFtcDsiIC8+DQogICAgICAgICAgICA8UnVsZVBhcmFtZXRlciBOYW1lPSJJbmRleCIgVmFsdWU9IjAiIC8+DQogICAgICAgICAgICA8UnVsZVBhcmFtZXRlciBOYW1lPSJJZ25vcmVDYXNlIiBWYWx1ZT0iRmFsc2UiIC8+DQogICAgICAgICAgICA8UnVsZVBhcmFtZXRlciBOYW1lPSJVc2VSZWd1bGFyRXhwcmVzc2lvbiIgVmFsdWU9IkZhbHNlIiAvPg0KICAgICAgICAgICAgPFJ1bGVQYXJhbWV0ZXIgTmFtZT0iSHRtbERlY29kZSIgVmFsdWU9IlRydWUiIC8+DQogICAgICAgICAgICA8UnVsZVBhcmFtZXRlciBOYW1lPSJSZXF1aXJlZCIgVmFsdWU9IkZhbHNlIiAvPg0KICAgICAgICAgIDwvUnVsZVBhcmFtZXRlcnM+DQogICAgICAgIDwvRXh0cmFjdGlvblJ1bGU+DQogICAgICAgIDxFeHRyYWN0aW9uUnVsZSBDbGFzc25hbWU9Ik1pY3Jvc29mdC5WaXN1YWxTdHVkaW8uVGVzdFRvb2xzLldlYlRlc3RpbmcuUnVsZXMuRXh0cmFjdFRleHQsIE1pY3Jvc29mdC5WaXN1YWxTdHVkaW8uUXVhbGl0eVRvb2xzLldlYlRlc3RGcmFtZXdvcmssIFZlcnNpb249MTAuMC4wLjAsIEN1bHR1cmU9bmV1dHJhbCwgUHVibGljS2V5VG9rZW49YjAzZjVmN2YxMWQ1MGEzYSIgVmFyaWFibGVOYW1lPSJRdWVyeVN0cmluZ1BhcmFtNS5PVFN0YXJ0VGltZSIgRGlzcGxheU5hbWU9IiIgRGVzY3JpcHRpb249IiI+DQogICAgICAgICAgPFJ1bGVQYXJhbWV0ZXJzPg0KICAgICAgICAgICAgPFJ1bGVQYXJhbWV0ZXIgTmFtZT0iU3RhcnRzV2l0aCIgVmFsdWU9IiZhbXA7YW1wO09UU3RhcnRUaW1lPSIgLz4NCiAgICAgICAgICAgIDxSdWxlUGFyYW1ldGVyIE5hbWU9IkVuZHNXaXRoIiBWYWx1ZT0iJmFtcDsiIC8+DQogICAgICAgICAgICA8UnVsZVBhcmFtZXRlciBOYW1lPSJJbmRleCIgVmFsdWU9IjAiIC8+DQogICAgICAgICAgICA8UnVsZVBhcmFtZXRlciBOYW1lPSJJZ25vcmVDYXNlIiBWYWx1ZT0iRmFsc2UiIC8+DQogICAgICAgICAgICA8UnVsZVBhcmFtZXRlciBOYW1lPSJVc2VSZWd1bGFyRXhwcmVzc2lvbiIgVmFsdWU9IkZhbHNlIiAvPg0KICAgICAgICAgICAgPFJ1bGVQYXJhbWV0ZXIgTmFtZT0iSHRtbERlY29kZSIgVmFsdWU9IlRydWUiIC8+DQogICAgICAgICAgICA8UnVsZVBhcmFtZXRlciBOYW1lPSJSZXF1aXJlZCIgVmFsdWU9IkZhbHNlIiAvPg0KICAgICAgICAgIDwvUnVsZVBhcmFtZXRlcnM+DQogICAgICAgIDwvRXh0cmFjdGlvblJ1bGU+DQogICAgICAgIDxFeHRyYWN0aW9uUnVsZSBDbGFzc25hbWU9Ik1pY3Jvc29mdC5WaXN1YWxTdHVkaW8uVGVzdFRvb2xzLldlYlRlc3RpbmcuUnVsZXMuRXh0cmFjdFRleHQsIE1pY3Jvc29mdC5WaXN1YWxTdHVkaW8uUXVhbGl0eVRvb2xzLldlYlRlc3RGcmFtZXdvcmssIFZlcnNpb249MTAuMC4wLjAsIEN1bHR1cmU9bmV1dHJhbCwgUHVibGljS2V5VG9rZW49YjAzZjVmN2YxMWQ1MGEzYSIgVmFyaWFibGVOYW1lPSJRdWVyeVN0cmluZ1BhcmFtNi5PVEVuZFRpbWUiIERpc3BsYXlOYW1lPSIiIERlc2NyaXB0aW9uPSIiPg0KICAgICAgICAgIDxSdWxlUGFyYW1ldGVycz4NCiAgICAgICAgICAgIDxSdWxlUGFyYW1ldGVyIE5hbWU9IlN0YXJ0c1dpdGgiIFZhbHVlPSImYW1wO2FtcDtPVEVuZFRpbWU9IiAvPg0KICAgICAgICAgICAgPFJ1bGVQYXJhbWV0ZXIgTmFtZT0iRW5kc1dpdGgiIFZhbHVlPSImYW1wOyIgLz4NCiAgICAgICAgICAgIDxSdWxlUGFyYW1ldGVyIE5hbWU9IkluZGV4IiBWYWx1ZT0iMCIgLz4NCiAgICAgICAgICAgIDxSdWxlUGFyYW1ldGVyIE5hbWU9Iklnbm9yZUNhc2UiIFZhbHVlPSJGYWxzZSIgLz4NCiAgICAgICAgICAgIDxSdWxlUGFyYW1ldGVyIE5hbWU9IlVzZVJlZ3VsYXJFeHByZXNzaW9uIiBWYWx1ZT0iRmFsc2UiIC8+DQogICAgICAgICAgICA8UnVsZVBhcmFtZXRlciBOYW1lPSJIdG1sRGVjb2RlIiBWYWx1ZT0iVHJ1ZSIgLz4NCiAgICAgICAgICAgIDxSdWxlUGFyYW1ldGVyIE5hbWU9IlJlcXVpcmVkIiBWYWx1ZT0iRmFsc2UiIC8+DQogICAgICAgICAgPC9SdWxlUGFyYW1ldGVycz4NCiAgICAgICAgPC9FeHRyYWN0aW9uUnVsZT4NCiAgICAgICAgPEV4dHJhY3Rpb25SdWxlIENsYXNzbmFtZT0iTWljcm9zb2Z0LlZpc3VhbFN0dWRpby5UZXN0VG9vbHMuV2ViVGVzdGluZy5SdWxlcy5FeHRyYWN0VGV4dCwgTWljcm9zb2Z0LlZpc3VhbFN0dWRpby5RdWFsaXR5VG9vbHMuV2ViVGVzdEZyYW1ld29yaywgVmVyc2lvbj0xMC4wLjAuMCwgQ3VsdHVyZT1uZXV0cmFsLCBQdWJsaWNLZXlUb2tlbj1iMDNmNWY3ZjExZDUwYTNhIiBWYXJpYWJsZU5hbWU9IlF1ZXJ5U3RyaW5nUGFyYW04Lk9URm9ybU5PIiBEaXNwbGF5TmFtZT0iIiBEZXNjcmlwdGlvbj0iIj4NCiAgICAgICAgICA8UnVsZVBhcmFtZXRlcnM+DQogICAgICAgICAgICA8UnVsZVBhcmFtZXRlciBOYW1lPSJTdGFydHNXaXRoIiBWYWx1ZT0iJmFtcDthbXA7T1RGb3JtTk89IiAvPg0KICAgICAgICAgICAgPFJ1bGVQYXJhbWV0ZXIgTmFtZT0iRW5kc1dpdGgiIFZhbHVlPSImcXVvdDsiIC8+DQogICAgICAgICAgICA8UnVsZVBhcmFtZXRlciBOYW1lPSJJbmRleCIgVmFsdWU9IjAiIC8+DQogICAgICAgICAgICA8UnVsZVBhcmFtZXRlciBOYW1lPSJJZ25vcmVDYXNlIiBWYWx1ZT0iRmFsc2UiIC8+DQogICAgICAgICAgICA8UnVsZVBhcmFtZXRlciBOYW1lPSJVc2VSZWd1bGFyRXhwcmVzc2lvbiIgVmFsdWU9IkZhbHNlIiAvPg0KICAgICAgICAgICAgPFJ1bGVQYXJhbWV0ZXIgTmFtZT0iSHRtbERlY29kZSIgVmFsdWU9IlRydWUiIC8+DQogICAgICAgICAgICA8UnVsZVBhcmFtZXRlciBOYW1lPSJSZXF1aXJlZCIgVmFsdWU9IkZhbHNlIiAvPg0KICAgICAgICAgIDwvUnVsZVBhcmFtZXRlcnM+DQogICAgICAgIDwvRXh0cmFjdGlvblJ1bGU+DQogICAgICAgIDxFeHRyYWN0aW9uUnVsZSBDbGFzc25hbWU9Ik1pY3Jvc29mdC5WaXN1YWxTdHVkaW8uVGVzdFRvb2xzLldlYlRlc3RpbmcuUnVsZXMuRXh0cmFjdEZvcm1GaWVsZCwgTWljcm9zb2Z0LlZpc3VhbFN0dWRpby5RdWFsaXR5VG9vbHMuV2ViVGVzdEZyYW1ld29yaywgVmVyc2lvbj0xMC4wLjAuMCwgQ3VsdHVyZT1uZXV0cmFsLCBQdWJsaWNLZXlUb2tlbj1iMDNmNWY3ZjExZDUwYTNhIiBWYXJpYWJsZU5hbWU9IkZvcm1Qb3N0UGFyYW01LmJ0bkV4aXQiIERpc3BsYXlOYW1lPSIiIERlc2NyaXB0aW9uPSIiPg0KICAgICAgICAgIDxSdWxlUGFyYW1ldGVycz4NCiAgICAgICAgICAgIDxSdWxlUGFyYW1ldGVyIE5hbWU9Ik5hbWUiIFZhbHVlPSJidG5FeGl0IiAvPg0KICAgICAgICAgICAgPFJ1bGVQYXJhbWV0ZXIgTmFtZT0iSHRtbERlY29kZSIgVmFsdWU9IlRydWUiIC8+DQogICAgICAgICAgICA8UnVsZVBhcmFtZXRlciBOYW1lPSJSZXF1aXJlZCIgVmFsdWU9IkZhbHNlIiAvPg0KICAgICAgICAgICAgPFJ1bGVQYXJhbWV0ZXIgTmFtZT0iSW5kZXgiIFZhbHVlPSIwIiAvPg0KICAgICAgICAgIDwvUnVsZVBhcmFtZXRlcnM+DQogICAgICAgIDwvRXh0cmFjdGlvblJ1bGU+DQogICAgICAgIDxFeHRyYWN0aW9uUnVsZSBDbGFzc25hbWU9Ik1pY3Jvc29mdC5WaXN1YWxTdHVkaW8uVGVzdFRvb2xzLldlYlRlc3RpbmcuUnVsZXMuRXh0cmFjdEZvcm1GaWVsZCwgTWljcm9zb2Z0LlZpc3VhbFN0dWRpby5RdWFsaXR5VG9vbHMuV2ViVGVzdEZyYW1ld29yaywgVmVyc2lvbj0xMC4wLjAuMCwgQ3VsdHVyZT1uZXV0cmFsLCBQdWJsaWNLZXlUb2tlbj1iMDNmNWY3ZjExZDUwYTNhIiBWYXJpYWJsZU5hbWU9IkZvcm1Qb3N0UGFyYW02LnVjRGF0ZVN0YXJ0JHR4dERhdGUiIERpc3BsYXlOYW1lPSIiIERlc2NyaXB0aW9uPSIiPg0KICAgICAgICAgIDxSdWxlUGFyYW1ldGVycz4NCiAgICAgICAgICAgIDxSdWxlUGFyYW1ldGVyIE5hbWU9Ik5hbWUiIFZhbHVlPSJ1Y0RhdGVTdGFydF90eHREYXRlIiAvPg0KICAgICAgICAgICAgPFJ1bGVQYXJhbWV0ZXIgTmFtZT0iSHRtbERlY29kZSIgVmFsdWU9IlRydWUiIC8+DQogICAgICAgICAgICA8UnVsZVBhcmFtZXRlciBOYW1lPSJSZXF1aXJlZCIgVmFsdWU9IkZhbHNlIiAvPg0KICAgICAgICAgICAgPFJ1bGVQYXJhbWV0ZXIgTmFtZT0iSW5kZXgiIFZhbHVlPSIwIiAvPg0KICAgICAgICAgIDwvUnVsZVBhcmFtZXRlcnM+DQogICAgICAgIDwvRXh0cmFjdGlvblJ1bGU+DQogICAgICAgIDxFeHRyYWN0aW9uUnVsZSBDbGFzc25hbWU9Ik1pY3Jvc29mdC5WaXN1YWxTdHVkaW8uVGVzdFRvb2xzLldlYlRlc3RpbmcuUnVsZXMuRXh0cmFjdEZvcm1GaWVsZCwgTWljcm9zb2Z0LlZpc3VhbFN0dWRpby5RdWFsaXR5VG9vbHMuV2ViVGVzdEZyYW1ld29yaywgVmVyc2lvbj0xMC4wLjAuMCwgQ3VsdHVyZT1uZXV0cmFsLCBQdWJsaWNLZXlUb2tlbj1iMDNmNWY3ZjExZDUwYTNhIiBWYXJpYWJsZU5hbWU9IkZvcm1Qb3N0UGFyYW03LnVjRGF0ZUVuZCR0eHREYXRlIiBEaXNwbGF5TmFtZT0iIiBEZXNjcmlwdGlvbj0iIj4NCiAgICAgICAgICA8UnVsZVBhcmFtZXRlcnM+DQogICAgICAgICAgICA8UnVsZVBhcmFtZXRlciBOYW1lPSJOYW1lIiBWYWx1ZT0idWNEYXRlRW5kX3R4dERhdGUiIC8+DQogICAgICAgICAgICA8UnVsZVBhcmFtZXRlciBOYW1lPSJIdG1sRGVjb2RlIiBWYWx1ZT0iVHJ1ZSIgLz4NCiAgICAgICAgICAgIDxSdWxlUGFyYW1ldGVyIE5hbWU9IlJlcXVpcmVkIiBWYWx1ZT0iRmFsc2UiIC8+DQogICAgICAgICAgICA8UnVsZVBhcmFtZXRlciBOYW1lPSJJbmRleCIgVmFsdWU9IjAiIC8+DQogICAgICAgICAgPC9SdWxlUGFyYW1ldGVycz4NCiAgICAgICAgPC9FeHRyYWN0aW9uUnVsZT4NCiAgICAgICAgPEV4dHJhY3Rpb25SdWxlIENsYXNzbmFtZT0iTWljcm9zb2Z0LlZpc3VhbFN0dWRpby5UZXN0VG9vbHMuV2ViVGVzdGluZy5SdWxlcy5FeHRyYWN0VGV4dCwgTWljcm9zb2Z0LlZpc3VhbFN0dWRpby5RdWFsaXR5VG9vbHMuV2ViVGVzdEZyYW1ld29yaywgVmVyc2lvbj0xMC4wLjAuMCwgQ3VsdHVyZT1uZXV0cmFsLCBQdWJsaWNLZXlUb2tlbj1iMDNmNWY3ZjExZDUwYTNhIiBWYXJpYWJsZU5hbWU9IkZvcm1Qb3N0UGFyYW04Lk9UVGltZVN0YXJ0JGRkbEhIIiBEaXNwbGF5TmFtZT0iIiBEZXNjcmlwdGlvbj0iIj4NCiAgICAgICAgICA8UnVsZVBhcmFtZXRlcnM+DQogICAgICAgICAgICA8UnVsZVBhcmFtZXRlciBOYW1lPSJTdGFydHNXaXRoIiBWYWx1ZT0ibHVlPSZxdW90OyIgLz4NCiAgICAgICAgICAgIDxSdWxlUGFyYW1ldGVyIE5hbWU9IkVuZHNXaXRoIiBWYWx1ZT0iJnF1b3Q7Jmd0OzAwJmx0OyIgLz4NCiAgICAgICAgICAgIDxSdWxlUGFyYW1ldGVyIE5hbWU9IkluZGV4IiBWYWx1ZT0iMjMiIC8+DQogICAgICAgICAgICA8UnVsZVBhcmFtZXRlciBOYW1lPSJJZ25vcmVDYXNlIiBWYWx1ZT0iRmFsc2UiIC8+DQogICAgICAgICAgICA8UnVsZVBhcmFtZXRlciBOYW1lPSJVc2VSZWd1bGFyRXhwcmVzc2lvbiIgVmFsdWU9IkZhbHNlIiAvPg0KICAgICAgICAgICAgPFJ1bGVQYXJhbWV0ZXIgTmFtZT0iSHRtbERlY29kZSIgVmFsdWU9IlRydWUiIC8+DQogICAgICAgICAgICA8UnVsZVBhcmFtZXRlciBOYW1lPSJSZXF1aXJlZCIgVmFsdWU9IkZhbHNlIiAvPg0KICAgICAgICAgIDwvUnVsZVBhcmFtZXRlcnM+DQogICAgICAgIDwvRXh0cmFjdGlvblJ1bGU+DQogICAgICAgIDxFeHRyYWN0aW9uUnVsZSBDbGFzc25hbWU9Ik1pY3Jvc29mdC5WaXN1YWxTdHVkaW8uVGVzdFRvb2xzLldlYlRlc3RpbmcuUnVsZXMuRXh0cmFjdFRleHQsIE1pY3Jvc29mdC5WaXN1YWxTdHVkaW8uUXVhbGl0eVRvb2xzLldlYlRlc3RGcmFtZXdvcmssIFZlcnNpb249MTAuMC4wLjAsIEN1bHR1cmU9bmV1dHJhbCwgUHVibGljS2V5VG9rZW49YjAzZjVmN2YxMWQ1MGEzYSIgVmFyaWFibGVOYW1lPSJGb3JtUG9zdFBhcmFtOS5PVFRpbWVTdGFydCRkZGxNTSIgRGlzcGxheU5hbWU9IiIgRGVzY3JpcHRpb249IiI+DQogICAgICAgICAgPFJ1bGVQYXJhbWV0ZXJzPg0KICAgICAgICAgICAgPFJ1bGVQYXJhbWV0ZXIgTmFtZT0iU3RhcnRzV2l0aCIgVmFsdWU9Imx1ZT0mcXVvdDsiIC8+DQogICAgICAgICAgICA8UnVsZVBhcmFtZXRlciBOYW1lPSJFbmRzV2l0aCIgVmFsdWU9IiZxdW90OyZndDswMCZsdDsiIC8+DQogICAgICAgICAgICA8UnVsZVBhcmFtZXRlciBOYW1lPSJJbmRleCIgVmFsdWU9IjIzIiAvPg0KICAgICAgICAgICAgPFJ1bGVQYXJhbWV0ZXIgTmFtZT0iSWdub3JlQ2FzZSIgVmFsdWU9IkZhbHNlIiAvPg0KICAgICAgICAgICAgPFJ1bGVQYXJhbWV0ZXIgTmFtZT0iVXNlUmVndWxhckV4cHJlc3Npb24iIFZhbHVlPSJGYWxzZSIgLz4NCiAgICAgICAgICAgIDxSdWxlUGFyYW1ldGVyIE5hbWU9Ikh0bWxEZWNvZGUiIFZhbHVlPSJUcnVlIiAvPg0KICAgICAgICAgICAgPFJ1bGVQYXJhbWV0ZXIgTmFtZT0iUmVxdWlyZWQiIFZhbHVlPSJGYWxzZSIgLz4NCiAgICAgICAgICA8L1J1bGVQYXJhbWV0ZXJzPg0KICAgICAgICA8L0V4dHJhY3Rpb25SdWxlPg0KICAgICAgICA8RXh0cmFjdGlvblJ1bGUgQ2xhc3NuYW1lPSJNaWNyb3NvZnQuVmlzdWFsU3R1ZGlvLlRlc3RUb29scy5XZWJUZXN0aW5nLlJ1bGVzLkV4dHJhY3RUZXh0LCBNaWNyb3NvZnQuVmlzdWFsU3R1ZGlvLlF1YWxpdHlUb29scy5XZWJUZXN0RnJhbWV3b3JrLCBWZXJzaW9uPTEwLjAuMC4wLCBDdWx0dXJlPW5ldXRyYWwsIFB1YmxpY0tleVRva2VuPWIwM2Y1ZjdmMTFkNTBhM2EiIFZhcmlhYmxlTmFtZT0iRm9ybVBvc3RQYXJhbTEwLk9UVGltZUVuZCRkZGxISCIgRGlzcGxheU5hbWU9IiIgRGVzY3JpcHRpb249IiI+DQogICAgICAgICAgPFJ1bGVQYXJhbWV0ZXJzPg0KICAgICAgICAgICAgPFJ1bGVQYXJhbWV0ZXIgTmFtZT0iU3RhcnRzV2l0aCIgVmFsdWU9Imx1ZT0mcXVvdDsiIC8+DQogICAgICAgICAgICA8UnVsZVBhcmFtZXRlciBOYW1lPSJFbmRzV2l0aCIgVmFsdWU9IiZxdW90OyZndDswMSZsdDsiIC8+DQogICAgICAgICAgICA8UnVsZVBhcmFtZXRlciBOYW1lPSJJbmRleCIgVmFsdWU9IjI0IiAvPg0KICAgICAgICAgICAgPFJ1bGVQYXJhbWV0ZXIgTmFtZT0iSWdub3JlQ2FzZSIgVmFsdWU9IkZhbHNlIiAvPg0KICAgICAgICAgICAgPFJ1bGVQYXJhbWV0ZXIgTmFtZT0iVXNlUmVndWxhckV4cHJlc3Npb24iIFZhbHVlPSJGYWxzZSIgLz4NCiAgICAgICAgICAgIDxSdWxlUGFyYW1ldGVyIE5hbWU9Ikh0bWxEZWNvZGUiIFZhbHVlPSJUcnVlIiAvPg0KICAgICAgICAgICAgPFJ1bGVQYXJhbWV0ZXIgTmFtZT0iUmVxdWlyZWQiIFZhbHVlPSJGYWxzZSIgLz4NCiAgICAgICAgICA8L1J1bGVQYXJhbWV0ZXJzPg0KICAgICAgICA8L0V4dHJhY3Rpb25SdWxlPg0KICAgICAgICA8RXh0cmFjdGlvblJ1bGUgQ2xhc3NuYW1lPSJNaWNyb3NvZnQuVmlzdWFsU3R1ZGlvLlRlc3RUb29scy5XZWJUZXN0aW5nLlJ1bGVzLkV4dHJhY3RUZXh0LCBNaWNyb3NvZnQuVmlzdWFsU3R1ZGlvLlF1YWxpdHlUb29scy5XZWJUZXN0RnJhbWV3b3JrLCBWZXJzaW9uPTEwLjAuMC4wLCBDdWx0dXJlPW5ldXRyYWwsIFB1YmxpY0tleVRva2VuPWIwM2Y1ZjdmMTFkNTBhM2EiIFZhcmlhYmxlTmFtZT0iRm9ybVBvc3RQYXJhbTExLk9UVGltZUVuZCRkZGxNTSIgRGlzcGxheU5hbWU9IiIgRGVzY3JpcHRpb249IiI+DQogICAgICAgICAgPFJ1bGVQYXJhbWV0ZXJzPg0KICAgICAgICAgICAgPFJ1bGVQYXJhbWV0ZXIgTmFtZT0iU3RhcnRzV2l0aCIgVmFsdWU9Imx1ZT0mcXVvdDsiIC8+DQogICAgICAgICAgICA8UnVsZVBhcmFtZXRlciBOYW1lPSJFbmRzV2l0aCIgVmFsdWU9IiZxdW90OyZndDswMCZsdDsiIC8+DQogICAgICAgICAgICA8UnVsZVBhcmFtZXRlciBOYW1lPSJJbmRleCIgVmFsdWU9IjIzIiAvPg0KICAgICAgICAgICAgPFJ1bGVQYXJhbWV0ZXIgTmFtZT0iSWdub3JlQ2FzZSIgVmFsdWU9IkZhbHNlIiAvPg0KICAgICAgICAgICAgPFJ1bGVQYXJhbWV0ZXIgTmFtZT0iVXNlUmVndWxhckV4cHJlc3Npb24iIFZhbHVlPSJGYWxzZSIgLz4NCiAgICAgICAgICAgIDxSdWxlUGFyYW1ldGVyIE5hbWU9Ikh0bWxEZWNvZGUiIFZhbHVlPSJUcnVlIiAvPg0KICAgICAgICAgICAgPFJ1bGVQYXJhbWV0ZXIgTmFtZT0iUmVxdWlyZWQiIFZhbHVlPSJGYWxzZSIgLz4NCiAgICAgICAgICA8L1J1bGVQYXJhbWV0ZXJzPg0KICAgICAgICA8L0V4dHJhY3Rpb25SdWxlPg0KICAgICAgICA8RXh0cmFjdGlvblJ1bGUgQ2xhc3NuYW1lPSJNaWNyb3NvZnQuVmlzdWFsU3R1ZGlvLlRlc3RUb29scy5XZWJUZXN0aW5nLlJ1bGVzLkV4dHJhY3RUZXh0LCBNaWNyb3NvZnQuVmlzdWFsU3R1ZGlvLlF1YWxpdHlUb29scy5XZWJUZXN0RnJhbWV3b3JrLCBWZXJzaW9uPTEwLjAuMC4wLCBDdWx0dXJlPW5ldXRyYWwsIFB1YmxpY0tleVRva2VuPWIwM2Y1ZjdmMTFkNTBhM2EiIFZhcmlhYmxlTmFtZT0iRm9ybVBvc3RQYXJhbTEyLmRkbE9UVHlwZUlEIiBEaXNwbGF5TmFtZT0iIiBEZXNjcmlwdGlvbj0iIj4NCiAgICAgICAgICA8UnVsZVBhcmFtZXRlcnM+DQogICAgICAgICAgICA8UnVsZVBhcmFtZXRlciBOYW1lPSJTdGFydHNXaXRoIiBWYWx1ZT0iJnF1b3Q7OCZxdW90OywmcXVvdDsiIC8+DQogICAgICAgICAgICA8UnVsZVBhcmFtZXRlciBOYW1lPSJFbmRzV2l0aCIgVmFsdWU9IiZxdW90O10sJnF1b3Q7RCIgLz4NCiAgICAgICAgICAgIDxSdWxlUGFyYW1ldGVyIE5hbWU9IkluZGV4IiBWYWx1ZT0iMCIgLz4NCiAgICAgICAgICAgIDxSdWxlUGFyYW1ldGVyIE5hbWU9Iklnbm9yZUNhc2UiIFZhbHVlPSJGYWxzZSIgLz4NCiAgICAgICAgICAgIDxSdWxlUGFyYW1ldGVyIE5hbWU9IlVzZVJlZ3VsYXJFeHByZXNzaW9uIiBWYWx1ZT0iRmFsc2UiIC8+DQogICAgICAgICAgICA8UnVsZVBhcmFtZXRlciBOYW1lPSJIdG1sRGVjb2RlIiBWYWx1ZT0iVHJ1ZSIgLz4NCiAgICAgICAgICAgIDxSdWxlUGFyYW1ldGVyIE5hbWU9IlJlcXVpcmVkIiBWYWx1ZT0iRmFsc2UiIC8+DQogICAgICAgICAgPC9SdWxlUGFyYW1ldGVycz4NCiAgICAgICAgPC9FeHRyYWN0aW9uUnVsZT4NCiAgICAgIDwvQ29ycmVsYXRpb25FeHRyYWN0aW9uUnVsZXM+DQogICAgICA8UXVlcnlTdHJpbmdQYXJhbWV0ZXJzPg0KICAgICAgICA8UXVlcnlTdHJpbmdQYXJhbWV0ZXIgTmFtZT0iT1RDb21wSUQiIFZhbHVlPSJTUEhCSzEiIFJlY29yZGVkVmFsdWU9IlNQSEJLMSIgQ29ycmVsYXRpb25CaW5kaW5nPSJ7e1F1ZXJ5U3RyaW5nUGFyYW05Lk9UQ29tcElEfX0iIFVybEVuY29kZT0iRmFsc2UiIFVzZVRvR3JvdXBSZXN1bHRzPSJGYWxzZSIgLz4NCiAgICAgICAgPFF1ZXJ5U3RyaW5nUGFyYW1ldGVyIE5hbWU9Ik9URW1wSUQiIFZhbHVlPSIxMDIxMTkiIFJlY29yZGVkVmFsdWU9IjEwMjExOSIgQ29ycmVsYXRpb25CaW5kaW5nPSJ7e1F1ZXJ5U3RyaW5nUGFyYW0xMC5PVEVtcElEfX0iIFVybEVuY29kZT0iRmFsc2UiIFVzZVRvR3JvdXBSZXN1bHRzPSJGYWxzZSIgLz4NCiAgICAgICAgPFF1ZXJ5U3RyaW5nUGFyYW1ldGVyIE5hbWU9Ik9UU3RhcnREYXRlIiBWYWx1ZT0iMjAxNyUyZjA1JTJmMTEiIFJlY29yZGVkVmFsdWU9IjIwMTclMmYwNSUyZjExIiBDb3JyZWxhdGlvbkJpbmRpbmc9Int7UXVlcnlTdHJpbmdQYXJhbTExLk9UU3RhcnREYXRlfX0iIFVybEVuY29kZT0iRmFsc2UiIFVzZVRvR3JvdXBSZXN1bHRzPSJGYWxzZSIgLz4NCiAgICAgICAgPFF1ZXJ5U3RyaW5nUGFyYW1ldGVyIE5hbWU9Ik9URW5kRGF0ZSIgVmFsdWU9IjIwMTclMmYwNSUyZjExIiBSZWNvcmRlZFZhbHVlPSIyMDE3JTJmMDUlMmYxMSIgQ29ycmVsYXRpb25CaW5kaW5nPSJ7e1F1ZXJ5U3RyaW5nUGFyYW0xMi5PVEVuZERhdGV9fSIgVXJsRW5jb2RlPSJGYWxzZSIgVXNlVG9Hcm91cFJlc3VsdHM9IkZhbHNlIiAvPg0KICAgICAgICA8UXVlcnlTdHJpbmdQYXJhbWV0ZXIgTmFtZT0iT1RTdGFydFRpbWUiIFZhbHVlPSIwMDAwIiBSZWNvcmRlZFZhbHVlPSIwMDAwIiBDb3JyZWxhdGlvbkJpbmRpbmc9Int7UXVlcnlTdHJpbmdQYXJhbTEzLk9UU3RhcnRUaW1lfX0iIFVybEVuY29kZT0iRmFsc2UiIFVzZVRvR3JvdXBSZXN1bHRzPSJGYWxzZSIgLz4NCiAgICAgICAgPFF1ZXJ5U3RyaW5nUGFyYW1ldGVyIE5hbWU9Ik9URW5kVGltZSIgVmFsdWU9IjAxMDAiIFJlY29yZGVkVmFsdWU9IjAxMDAiIENvcnJlbGF0aW9uQmluZGluZz0ie3tRdWVyeVN0cmluZ1BhcmFtMTQuT1RFbmRUaW1lfX0iIFVybEVuY29kZT0iRmFsc2UiIFVzZVRvR3JvdXBSZXN1bHRzPSJGYWxzZSIgLz4NCiAgICAgICAgPFF1ZXJ5U3RyaW5nUGFyYW1ldGVyIE5hbWU9Ik9UVHhuSUQiIFZhbHVlPSJ7e1F1ZXJ5U3RyaW5nUGFyYW0xNS5PVFR4bklEfX0iIFJlY29yZGVkVmFsdWU9IlNQSEJLMTEwMjExOTIwMTcwNTExNTUiIENvcnJlbGF0aW9uQmluZGluZz0ie3tRdWVyeVN0cmluZ1BhcmFtMTUuT1RUeG5JRH19IiBVcmxFbmNvZGU9IkZhbHNlIiBVc2VUb0dyb3VwUmVzdWx0cz0iRmFsc2UiIC8+DQogICAgICAgIDxRdWVyeVN0cmluZ1BhcmFtZXRlciBOYW1lPSJPVEZvcm1OTyIgVmFsdWU9IjIwMTcwNTExNjAxMDIxMTkiIFJlY29yZGVkVmFsdWU9IjIwMTcwNTExNjAxMDIxMTkiIENvcnJlbGF0aW9uQmluZGluZz0ie3tRdWVyeVN0cmluZ1BhcmFtMTYuT1RGb3JtTk99fSIgVXJsRW5jb2RlPSJGYWxzZSIgVXNlVG9Hcm91cFJlc3VsdHM9IkZhbHNlIiAvPg0KICAgICAgPC9RdWVyeVN0cmluZ1BhcmFtZXRlcnM+DQogICAgICA8Rm9ybVBvc3RIdHRwQm9keT4NCiAgICAgICAgPEZvcm1Qb3N0UGFyYW1ldGVyIE5hbWU9IlRvb2xraXRTY3JpcHRNYW5hZ2VyMV9IaWRkZW5GaWVsZCIgVmFsdWU9Int7JEhJRERFTjEuVG9vbGtpdFNjcmlwdE1hbmFnZXIxX0hpZGRlbkZpZWxkfX0iIFJlY29yZGVkVmFsdWU9IiIgQ29ycmVsYXRpb25CaW5kaW5nPSIiIFVybEVuY29kZT0iVHJ1ZSIgLz4NCiAgICAgICAgPEZvcm1Qb3N0UGFyYW1ldGVyIE5hbWU9Il9fRVZFTlRUQVJHRVQiIFZhbHVlPSJ7eyRISURERU4xLl9fRVZFTlRUQVJHRVR9fSIgUmVjb3JkZWRWYWx1ZT0iIiBDb3JyZWxhdGlvbkJpbmRpbmc9IiIgVXJsRW5jb2RlPSJUcnVlIiAvPg0KICAgICAgICA8Rm9ybVBvc3RQYXJhbWV0ZXIgTmFtZT0iX19FVkVOVEFSR1VNRU5UIiBWYWx1ZT0ie3skSElEREVOMS5fX0VWRU5UQVJHVU1FTlR9fSIgUmVjb3JkZWRWYWx1ZT0iIiBDb3JyZWxhdGlvbkJpbmRpbmc9IiIgVXJsRW5jb2RlPSJUcnVlIiAvPg0KICAgICAgICA8Rm9ybVBvc3RQYXJhbWV0ZXIgTmFtZT0iX19MQVNURk9DVVMiIFZhbHVlPSJ7eyRISURERU4xLl9fTEFTVEZPQ1VTfX0iIFJlY29yZGVkVmFsdWU9IiIgQ29ycmVsYXRpb25CaW5kaW5nPSIiIFVybEVuY29kZT0iVHJ1ZSIgLz4NCiAgICAgICAgPEZvcm1Qb3N0UGFyYW1ldGVyIE5hbWU9Il9fVlNUQVRFIiBWYWx1ZT0ie3skSElEREVOMS5fX1ZTVEFURX19IiBSZWNvcmRlZFZhbHVlPSJBUitMQ0FBQUFBQUFCQUR0R210ekc5VTF1cmI4aWhObk1vMGhUU3B0bklMallrbTdxNWNsMjZKK3BYWVRSeVlTQ1RPQjBheTBWOUxpMWE3WVhkbldNRXhETzJuU2hKUXdFR2dJTFdWS0Jnb1RtcFlwbUNUUS9vUk9weC82dlpZZm4vb1Q2TGwzVjAvYkVHakV0SjF1eHRMZWM4ODk1OXp6dXVkYzVYTmJ6NE0ydXlPUm1GQVZRMU5sL1NSK3BpQnBlRTdWalhFaE5YOE1GeE9KWHB0OVp5bzdQNHNGK2Fnc1pIcnNYZHhRa0EzNGZVTmNvS2QzME5HZXc3b3VaREIydENaaWVNbHU0eHo5aVRrQXpPaXpncVFZOEJkTEFYRVpxRXFHcENwUnBVdy80K2hLUk9OVGlqZ3BHTmpleGJOYzBNUDZQUnpuYUV0TTVmSXprL1kyanVVNUx1VG9CcnlZSVdoR1hNcGhleXNMajZNOW9RbktQQ0FoTnVqWVo3RjhySUMxWXN6UUpDVnpYTTFrSFIyd01MNmtBRlp2Ykc1Ni9CaG5FaVNzV0QvSCtmME91MkFZcWF6ZGJXRGRNQ2NEdkErblJDN2tTdnJFa012SEJYbFhLQzE2WFVJdzdSZlRYSkpOQjBUSGJvdmhVVlhMVVU0N0U2ZFZiVDRtR1JpWXRmaEJ3QTZ5Q2JxMS9Wd294SHVHUEJ6THJDeGZMRjIrd0hCOG1HWERkQmVpTVNkb0FyOThjSWR0eDQ0ZG44TkR2c25UamVEalJLeW9HempuQmtMQ0lITUthenJvY05UblpzbS9RV2FpSUJzRkRZOHF1R0JvZ2p6SXpCV1NzcFFDMDhYVmVheU1Kb05Cd1oveUI3aVExNGZab1pDZEVOOVhRNU4reElXa2pGdGdabjlsNUQ2SmM2b0JlclJZZGo2UmsyT3BMTTRKTytGdFVrcW5mNkFKdVJhYmJiZEZ6TUlqTW5jU1VtMnQ4UEhKM3BGSGwzSXlzMkRKM2NlNTJUNEdLeWxWQk5LamZRVWo3ZUlDZlk5R2RuV05MT2xoblRKZ1lJV2lqL2IxbVMvaEpYalBHa1krN1BFc0xpNjZGNzF1VmN0NGVKYmxQRS9NSGplRkt1UG1kQkYyQUlRMXhhS211M0lTT0tDdXBnMVhTczJGQWM5bFl2VUJWNFloZkxHTWMxZ3hHRVhJNGRFK3VuL09uRFhuWVYxZXhrdnhZaDViVUJPdVE4REFacXJBcmNpTmlRdENDby9qaktUME1RYVFHTzBqUzZtVDlqR21LR0Z3N2d3MlRzQUNQUS9ZWlBNNVNZbW1VZ1VOZGc4Njgzd3BENUFEWXFscExDWnhTZ1pISlNIYzNMMU1Dc1hqVWs0eXB0V0NkdUliNFRMZGRDNGtkVGFOeVN5azcyeGxNOThBbTZidUpocWZMZWpHUkJhbjVwdklnKzREck5Oc0ZzMDFQQnpLNUVSc1hwU1VPVFF2UXVDTVBFblA4YVp4T0NYSWt0aGtIbVBpMCtDMFRXWVNFeUFCRjZQYUdPSFY1SzNNS0F0RWJhUjh1UytjUmp5Ymowc0thenhhS2RDU2FKdnoyYUJsbFJERFJrV1NHZDJDd0t4V3dCVTRLVUVySlUzbFpDL1BQcTdqaVlLbUFlWGpha29nQ0hUeFBSejhxYXdxcFhERGJuUENVbmxVVUpKcVFSR3hXTlhCdmV6VzFCSXRXeUp0ZHFpZi90bytJa0twbGRIQzVwZVErenAxanJYR0pQRmxhOHFNWEF0V0NUUlMxWGQ1SzZZZUdVczBTU3hydHFwYVRWMk1haUxXcUdJc3ZLeWdUMlFGSllOQlFaS2lZODBBL1ZUVldsTW5SVUtoRVUvdHVBN0pMSFFpUEd2aVdNTUtTbU9oUW9sdEFsYlJhOHVOaUE5UTZ3QmI0azFIT0w0ZWNYb3pJa245RWJhS1JzY1ZyUHBETytJTGpIZ2FRRnVnbGtrMlFDcVlOV2NuUWFzZDF1Q1V6NzVJa0tCVVJvMFlsRFJYUVdrUXYzejBSTHhFbnNwb0U4SjBKRkNEVUtPbVN1S1BjR0NmNnFpQ1VKTzNJeHlvcDNaYzR3L1Z4RXNKMVFFcWFIV3BrMnlxSHRCQXJpYjVSV2hYeXZFZUwxdW1YVHRiRG0zVC9hMlFyb3VYRVU5REFFZGFTWGZVMERXUlhxa3RNU3M4cldyd0pTbmthN3dneVdKbjRpUmVrQWdLNlFnNzRFRldkL2k1OWV4MGRFS1RTL3JRRTFIN25uSm5HMkFiVytkTlRiYlZmRnN0TlFmTktDRTBvWnFkdDlrdVF5Y095L0V6MkhISWFuakhDb1k2bHMvTHhhbGNFb3NFTnFIckU3S2c2eGxIVDdueHh5VGpaZ0RTbVJnekRDR1ZCWXBmc2NQdVJhaWxSK3oxd1dkUEw0SUcvN2lVeVJyajZ0SzRob1g1S1lVb1hNd0NXaHF3V3BHTllyV2ZBbFhCUkZZVWtaMUNXdU40eWJEdjJ6ajcvTnF0VDFlV2IvN3o3Z3ZyNzE5YWUvZHk2Yk1YQUdrWFJkb1ZWU1prQ1ZJd2ZLYm03YS9aUkRWVklDblpEY2ZibEptZHg0c3o0cEgrUXFvc1JrS1VGc3J2YzJwK1hCV0wvUU51M1NoQzZ5eEtlbDRXaXFQOS9jTmZuVklVZW1WWXZDVXhFVDFBQkhZK2FPOWV2Ylc4L3Zzckd4ZlBycjlGTm5MQWd2ZXMzTDVkdW5oOS9jUHpxN2V2ckYrN0NsTk9hMm9mVEJINDFlWFZsMTlmUGYrenRWZmVYWHZuSlVBNGJDRll0eTBBZWNpQ3RKZnV2QnBkKyt5M0FCcXdRSHRNcEgrY1BWdWRjL1hzb2RxdldLV24xNFpzdmJZOW9wZ2hieUlLd3VvdXg4NEVjVUxpcW9KaDd5N0M4NlJuZHZaSmp5aUNNMWFjdEczSG42VVhydi90THgza0JzVzhIQUxRZUt2ejV0ODdnTVNNZmhJTFlsU1JpK1I2SjY2cWtGanlkdGVaalR1L1duMzU0bE5NNmFXN3BSZmZYMzN0eHVyMW40SzF6MnhjdjBiaHE4dm5OcTY5WFRyM1R1bURUMHlQSVQ1bUE5RkZJcnVxcEtqeDQ0OGJrcHlZeU02RE5lSnFKaU5qNmxPU0xCbEZZalVpRGhVMWtjck9WNmY2QjVtNlNiQXB5UUZqNEt6OUEyQTRFU0dpSWp1MXFkMEpOallrS0RsY2tFa3lTdGhRODhNTEZWcmhZY3VoTzBEZnRSSGJUWUt2ZW51MlowSW82RmluZVpHZWJCbEgrOWZUQjBqV3BTcGlValoxc052SVNyb2JzbHdCVTdlREdPeHRjN1J0YWJqT1RYYWJKbzVRWjdacEVRMFRCM0FlcUYvc1BGaXh0Zk03RlJzN0hWbW44OTgxcUpPeHo5MkRKVUhRN2V4SXByYTJvdlBRMXpTZ3N5L2pQSnh4ZnZjclc4ZjUwTlkyY1Q3Y29ORCtpaEdjUjJxMC95akkwZ3BId1l3ZWk1V0RGTlM4bGRhKzJQK2pjWEpjYk9QL3RaT2JOZGR5ajVwcm84TEEzb2l5eUwzcUlVSm9uSlRUR1hIUHZ2MmRrTDgzbm9jY2RoNnhMR0k1eFBLSTlTTFdoMWcvWWdPSURTSjJDTEVoeExHSTR4REhJODZMT0IvaS9JZ0xJQzZJdUNIRWhSRFBJcDVEUEk5NGJ6Tm9mdXVSbHYyWjdSNHpKOXBydHVuOEh0bmI2UDJYQS9FK3hQc1JIMEI4RVBGRGlBOGhMNHU4SFBMeXlPdEZYaC95K3BFM2dMeEI1QjFDM2hEeXNjakhJUitQZkY3azh5R2ZIL2tDeUJkRXZpSGtDeUUvaS93Yzh2UEk3MFYrSC9MN2tUK0EvRUhrSDBMKzBIKzcvR0N6MFcxdGRpK1BhZGZPSGpqM2VuZUlhSXBFblhOZ3Uwajc0dnhrQnRPVythazZkYitpekhTLy81SFFRdjhQcmY4NCtlOTNhQjJ6cXRFV3pzMkMxMGZOSVliWHg2eGFsSGE5cEJZbFVYR2FSdUtEZGh2ci9EYnBEYzVRL0FjeThQcVUrUWFSaWF5M0R0SlJRRnRoY3FnNXZnSGJWanRsTVVlMU1KdUxCbUVqUktBTzZkaE5vdlVVT2NPUFNsZ1c3YTBUcW9nZHUrZ05GZlFwSnJDVEFDZklyWnJwdXQxN29kaDJNYTZLQThCNzk4YTV5NlVyRjBxM0xxeStkYUd0ZE82amxUdXZ0cTIrOFpQMW03ZmFTbWZ2cnIxNHM3ZjA0UzBvS3p5cmIxd28zYjRLYjJ0L3ZGSmEvckFiL2txWHJrRm5zSGJscDN2WHo3OEg3Y1BxbXpkV2Y3Mjg4dWticXpkdTdpMjkrVEdBVmo2N1JDWnUzQVRjdlNieTJudlByMTI3dTNMNzBzcWRqN3BoY3YzQzVmWGYvSExsVHgvWWFXTzNyOXZHMnNEdldCdHY4OXA4TnI4dFlBdmFobXloTmtoWExNdUJCM1RYR2hTVWdrRkRCeDBIb08xZE9vNlZqSkU5UVhRQURaTnVkbU16a3hncS9Ca1lZVUhMMGxjNm0zWHNUaEIxeGJKUzJqZ21LZUxPZ1IvRm9HZWVFMUx1MHpnNXRaVFhzSzY3b1pQTnFZcWJaTmxINnRBSG1XMnhxNyt3QnQxZXQ1ZHpjMS8rRTZ0U2tPVWRqb09KU1dqVXBoUURhMWc4cldxaUhrMCtYZDFIVitJMDFKVGFyS0ROWStpS1NST1RBZFpaV3V4aVdwcU5wUXhwQWMvTVRwRzJ1ZHhVazVVejVSL21zNDY5Q2JNRGo2dVA1L05ZbXhCMG5LVTkwUnpnTGdMWExVK2FKNy93cERHV2pHZ2NlaXBkVldaeFR0MTgzalFpYkh2cUJOS3lLaGhoR2FlTllhdHREVXVLTENuWWxaVFYxUHh3WGhESjc3NWh0djR3NmpDTFpVZEh0Yk96bjVaRUkzdkF2T29vZnAvOGF1M29xQ3FsTlhFb05vNStqTXpPYlI0WEMzbjdMeEF0a1EzSmtHbUpMS1daSTlXaTJTMVRGMk1pb3d6UHNzekREelBWT2ViUUtOUGZQL0FzMDhYVVFrZHJCbTY5a0RSdnY0K3dnNFRDd0REVDlkeHcxNEtnTVdwOHlRRGtiVnY5UnYzSlFwTG83ekhRN2dDVmtoSUFHWWduRFR4TFJtNUpVYkJHdkJZSW0vK2Z3WjJtN2RlUkg4WVNzM3FHZXR1TWtpOFlFRDNVM1FhWlRadTFCSDFPcEpjb3JjN2hPbjA2UjlGWlJDOUtURzh4MDlVRFowcHZ2MVA2M2ZzYlAzKzE5TUhyVDVVKy9rUHA2cHRycjd4TERmeUtyV3hCaHM4dk1Sd0xIK1dYWVNhbHlxb1dQc3l5N0RDVEpCMnFSb3IyTUhQNDZOR3BvYkhBTUpOV0ZjTzFpTWxkUjVoSnFySUllQ3E1SlE0ekhGRFJWV2hrR1JGQ0pLTUp4V0ZtTVNzWjJFVi9XZ2d6aXJxb0NmbnlBcGNtaUZKQkR6TmVZQ3lpOW1vK1Y4dHAxdzhEdlp5cFdacXBGK3VIejlZUHo1bGgwOXBEbythUWZWZlpoUlZWd2NQaXZ3RHRaOWxITGlNQUFBPT0iIENvcnJlbGF0aW9uQmluZGluZz0iIiBVcmxFbmNvZGU9IlRydWUiIC8+DQogICAgICAgIDxGb3JtUG9zdFBhcmFtZXRlciBOYW1lPSJfX1ZJRVdTVEFURSIgVmFsdWU9Int7JEhJRERFTjEuX19WSUVXU1RBVEV9fSIgUmVjb3JkZWRWYWx1ZT0iIiBDb3JyZWxhdGlvbkJpbmRpbmc9IiIgVXJsRW5jb2RlPSJUcnVlIiAvPg0KICAgICAgICA8Rm9ybVBvc3RQYXJhbWV0ZXIgTmFtZT0iX19TQ1JPTExQT1NJVElPTlgiIFZhbHVlPSJ7eyRISURERU4xLl9fU0NST0xMUE9TSVRJT05YfX0iIFJlY29yZGVkVmFsdWU9IjAiIENvcnJlbGF0aW9uQmluZGluZz0iIiBVcmxFbmNvZGU9IlRydWUiIC8+DQogICAgICAgIDxGb3JtUG9zdFBhcmFtZXRlciBOYW1lPSJfX1NDUk9MTFBPU0lUSU9OWSIgVmFsdWU9Int7JEhJRERFTjEuX19TQ1JPTExQT1NJVElPTll9fSIgUmVjb3JkZWRWYWx1ZT0iMCIgQ29ycmVsYXRpb25CaW5kaW5nPSIiIFVybEVuY29kZT0iVHJ1ZSIgLz4NCiAgICAgICAgPEZvcm1Qb3N0UGFyYW1ldGVyIE5hbWU9Il9fRVZFTlRWQUxJREFUSU9OIiBWYWx1ZT0ie3skSElEREVOMS5fX0VWRU5UVkFMSURBVElPTn19IiBSZWNvcmRlZFZhbHVlPSIvd0VkQU5vQnIxVnc5YUdCQzNyM2pLOUx4d3BtRDZWNzgzMXFGbzlSRzBZcThXYmZBK2VoNCtlbVo0K3ArSFlmbTc3TDlKN29EL2hwdnVYbk43TmxvTjJ0RDA1YUNqem1sdGFVTTdhRUFOK2c5Y1AvbTEweno3NVBPRWN2Q2s5RnBjclNxRy9FK1dLZWlYUlZqRFFScTM2WU40VnpUWFhjZG8wS1lvOWZDMUlnd20rV25Dcko0WTRzK1gzaTdicFdaSktxbGVqMWxNWHlXR2lNZi9kc3RzZCt6ZHl0SWhxTXZaMUV5WE1BbHoyd0NteXN3N2ZmWGhOaVhEc0F4UWNMR3NWZzBEZjRadmd5NzYyNmpwS0g1MWNrYXVLU1g2UVBCYVVlMzZVRXVXand5cHJZN1lRbmhYb3VHQkt1QWhtdlhoM2VEc3FTekQvY3V3V2MzMU0yYlNvSVVmMUVxMUpETzdjSkFHdXJ0amtzT1NpZEJmdFZJVVZxNUpWZDdnY3I2Z0VvQU5IUGZaSm0vSGo4VWQ2VFhwMVVHSm1aN3R2cHh3VmtLVUY2dlB4alNJWEZuL3Zpazh3cTd0K05oVDhEUHlBVEpndkZEM0s1VSt2eG9DeExpVXFjN25oVlVXdGprdjdCZkFlYkpnaWxFRU5wRW5McTVncjg5Mm5lUmFNaHU2VXA0OE9kWVBEcUxSU1hYamdKcTZlUkxTRndaSGpDMVBqQSswUldxdDhkbFhIY2xYV0RRWU1yUzdPL2FOZHV4TFVlN3hwaFQveXhBZUQyVStWanJMa3AybUZTSWFhQ2VCdzlIRnRDeFBQMVB5NENEUXRLT21hME5aZldRZHdWS3FDL2t4VEtBbFFLU3duNjBXdzd6ZEFZbk9PVkRkR0hOL1RyNWJnS1A2WndaLzhNUWNGZURzZENKR2Rld3lrNUdzSE9xMDJMdDRURXJHQzI5SEJ5S1ZQMVMxcHAwMElDNmYvNi95T3pUWkFFeEljMDB0ck5oRlJYMW44T0hTS1JHSDNLaDZLMUtzMnhIOE9jLzRRd2JsaFpiTll4amJSWVI2TGlEZkp0WXZJbldYVG5BR1pwSlk0elRKaTFnNlMxMU00QXlWUGlvZnR4TWYxTkk4Y1BDbEtKSXYzNmhsYVBoVXVrN3luTHFKSTFOVHFuVkpGYllJWlJRMVdFQWdjbGhmallhM25EL2lVbXBScVZEbWtzejdlTDlZL3pnQkg0Z0hMZThZMlp5Q3A2Wm11d0VyU0w2Yk94blZKMng3S3ZhWGNVMnZYM1NzSkxkUC9mZnhXVElGdGNydERhNjdzdHJmazc0YktMUFNoZ2p3czlLZjIvVFFNc0NENWpZU0RFYTkybjBhamcxV2JFRFpEelZHLzB3L1Vuc3BJb1ZtZTZNRjVMN0UrQVBCVFFIQ0pxekh1QitXRzJ6SkpmQVZxZ3BVak0xZUZ0eEhQMGVRWGFPZjZ6MDNqVmdIT1ZjbGJjWUowZFpRL2ZBYjJMaE5aSmprZnlvQ3JqaW52UlgrYzl2N1NiQUlRRC9uZDVoNnNPUTgzVW1maGY2Yk1wdDU0YWluTGxMYzZTTSszZDVqSFlybndLVG1OeFBQYVdzdkxtZmh4MExod25DWEdsQm9Mc0twZ3VEcEx6UWhmK2wvbUwxK3lmalVTenFGdXg3a0hqS3dYQnpFaHh4ZjBrZFozblhyUnBWVllKSkc1THVzNEY4V2JWdEl1a3Nxd2xFL3duT3kyWXlod3lNTmVzUTY0SzNTNFVtY1RSb2dkcE8xQXJPaTNTelVFWmg3dXpWdXFZanIxZDN6a2d0SGpwVHpoQW9ZWmlWTzVXWXQ5M1puaHVWWExZZ1RtUEJObTc5SXM3dzFYNVRxNjBManNiVnZiOENQTk1QQ0JsTnlHZzV0bHZpVFBscEdlUk5zbEJLVys0TEJYRTZBRTZFb1cxTER3bHVJVjlxejVKS1BaZUpHd1lORGE1VFZYdXB1ekV2clZEYmxEYnU3MUJnZEd2UXdxK3AxMVNjWU1NTGdrb1YwNU9YbHZvbGt0akxTRUdySVM2Vzh5VkhHalNzaDRHT3VqYTd4VGhTWEFWdkFyN0NJMGNDY1lKSit5NDV1R0twMnhNSEVDc01xZFVCVFZLUXNBbmlDOXNaQ0J5RXlBaEEra3lzVTk2SEM4SUlUTWRqdFFuaHBnUkJHemtSK0RzMVV5V2VuZnBxLzQ1aWhIUW5ValIyUGErRm9xSlBsdUhKWFlBY0w1ZGlmNHI2cVFaREd5VzdCSzlPM0x2Y2Jmemp3TUJmMnF4OTlUWWtKYW54aGxkbjVSSHFzZEpCVGxGVENlSXFKaWxsTlA5WCthSjc3dHo1bjV1Lzh3MDZOTHhjaThRNDd2VXpjYlkvL29qL1Bmb0xCaDc4RWgvZnJDaXFWTk5tM2FHU3d3cG1FQ3Z3RW9URURZZ0x2Q1M5R3ZsbEQzVm95UVVjUEorSXZOYk4xMzFnVkJGQWZhWWFXcXhWK0FrS3hKN3BSWmZqWXRvbXp5bEs5RUNzakFkUzRPNW5qNHhaaWJmR21Pb1JMamxMZThaS3Z5UmRpaUh2WVVqdHVLT3dQS1FPS2NZbEVGajlmNmhRRVZ3ZDhwNG84WWZyQXRRYzJJeitQS1hHdUNtV0VZdHV6b2dnSVBPdjJHaU8zcE1qR29KTGFOQVRVT2d1eTRucGhGN0g3U1N3S1NqRSsyT0QyRW41SFBpbFpVckQ5Z2tYdkdpZ2VYaUU1YVlHeGNqZFIrbUxkQ1A4dksrU1NOUkU0c0NtWXVxWU90NGlRcGpBUDYwa3dhOGF2RGRkVjBpbFJicDZzMjVESHpzY2ZhQUpKQmw0ZEpzRzJpbHovVGZRY3hyK0xXYWpmdWt4TVNkOU9tS1B3RUtqMVBiMkRiNHRIdlVtak9TemRDUTN2RWtlOWFua1I2L3JyTGhmMjF4U1diOGl5a0l1Skd4K3ZVOUlxTlRiNUNuUVZTdzJNbU1QT29uN0JoWkhPUlBFRERrc0R4ZCtpV0c2dlUrQ3RJNVVaQ3JUVlRxc0NWU2pVYWhOUVIrcEpoMXpIOVJjeDV1OWJ6S3U3c3V4clZZUU5ROTdhbS9QTzVyZG5VYWxuMTZIczNHcGV3eERrTW5Fb3ErSGM3em9lZzJpODd0Z3BEeS92L011UTZvRXFid0ErOVZNRDJVUnB2S0lROGxJemk4UXVQM2pXZkNDOGtTYXFhL2pjK0VFTHBOb21ua3hQa1kyRXpIUjVGczc5MW9ybG9WR2h1MFRYaEMzeWlRQytYL2FuZmFXREJsd25LNEwxYUJkN3JLMEJra3VPOGdjNUFVbWh1WFFRTWtTVmhIa2lIUzZtYTBzanoxS28vbzVMQTE3UmFjZlhhN24yMWdtVXdDS0taL3V5Y25WYk45UTc2SHViRDFBcXZxWWRRNys4ZkYwcGVoQ1A0WUNuRThBQzNEMlkzOVVIZjg0MW1FVS96ZTJwUm5LUHBaRlRwTnA1YVhQYlZaNWYrNEcwR0thMjBRcUlsZFZWR3BQRGhXcHpMRWFyQTVkdmlvT2VCaFlBN1lRd2FBaG04dWxKT00yaFJjcUxDOSsyVm40Q2J6cGs4VG1mSTNqYzh4N3hDbzBOWGE3ZEcrR1Q5ZmVSVXlMdVl6ejRHYURYeWVTU2NUSGc3a0sxczd4eXRLTVVibnZyRW00V2dnZkdvbk50TkxneXFVdnVvZ2hWTnUrMm1hb1RmNWVabDBxZVNOaklmSHZjN2hFcllSR3ExTGpWY09semlLWGhxZTV3SEJUNHVjaWdScUM2akJsdzlpOEZZbzdRejIwQmFkc0Rrc2o4K0pxZmd2S3QxNkl6SndzcCs3YVJMNktUSmdEQW5qN3pXN0pENEh3aXI1Vzg3NGZjdGpOait6dFdlTm1HTk50OUo0MDVXL3hoeUd5Q1h0WnRUcU1kNFgyb3BveXBWVncrVGovQlRXamVwMkhLY0phRUR4cjIzQWNyL0M0TGhzM3VwOUVTMk5KTGFQNytaam5ZQXZLeHBkc09wL1M2U3F6R1M3Zmovc1k4ODFsUlJpMEtzUzlwVzNHQWJQQ1Q5TFlSNGdCSHoxdUNqcWtYakp2N0g5Tml2ZzFuQzY5cXRTalNjNzlQVXVuNFBweTlKSkErbFp4RFIvMTA2QURHcVFLdTVhQSt1S1dsQnJVRjE5eFRzSGZkZ1lxcktOWHNmcW13bk5ibmE4bHJRUzhBcDlJalJMRVVpbFlOUWdDSVNlVWZnQ1g4MGdVam1ReFhyYWlHdDYwcE8wNzRMc1FMK2l4T1J5L3B4RllhanJmTXZUMFUxV0M4Y0pjUkVMb3J4MC9nSlNqKzFTNEViemRzdHM0TnJ0azVrR09YbEtrdHlldytrTnFTZGp2MFVGZWJlVGhCNVdpNkpWdXRQSTJxYkx1UDBDTURoQ3dydlZXZklzbHpSWk1peXBPbDJzN2dNZDkwSzRJRVQ5dmlxT1BkRmhwQ29MdG5HNGkydWtmKzJTSjZOVUVGdXBKNnFvNUluejdJY2xRNmZrZjVqQ3BhNWY5NjE5ZzhCcTFiNW1GN2VpYTVzbGQxMGhrZ01xNXUvVU1NOWR1WHZmVVFicFdwSWd3M2ZteWhGcnlQTVdXdHcrb2RDcU0vTG5ZQUpHSFlWL2V1aVZwYkdoakxFVEdzQmFFN0lsSkJXOGxzM0t1QU81dE44YituU0tnNDVRZ29aNmxxRFVZVWp2SXdsdGJIQmFuZzcyUE14MVVzb3U1MWo4dGwreWpEZXY3cythaFkyUUdtRU1rN0o3UmloQ3d3Y3JTU0VnbWZ0bEFTb0ZjZUhURUpteXZSa3lhSXFlcnhUUTlPakdZR2JNSFRlT3BsODYzbEJRT0tBZVZnTlFMM1N2Mmc5RUwrQjE3dFczRUE1YmVzQVBxU2dFSmJuUThVMjJkcGUvemdxczBKR3U1NnNXcGtnUjJMWEh6QkVaeG02R25qSml6TWdPNDhVcnBwNE5mYVJnc1FJU0w2cHFGNmIwZWlFUlR0VFJXVHdIMWlreW53MWF2QklMck9DWTVod01ySUdNUHd6Q2Y5OHB1eXVpWmVURk1ua2FIa2lsdXhpUHJ0ZVN5ZWk2azlqZDdiZTE5bnNtM00zby9wZUVURkdXWDhSKzZ0Q0k3bTRveDV3UGhsNmh0V1ZOamdRc0RWYnhmRlFrUFRkZCt5ejVNc0pPMGE5bElqWHVhSVQvSHJ4b2VQTEMyMEpNSHFnWEhsSDBvZStzV25ydjFIVWE4a09sRnlNOXY0MFBSVzhnZzI1ampNRVplT0lsZlV6dGhJRlViUHFZY29CM1I5Vm4zOCtBVm45V3grdXRXK0Q2TlplaGRIYlJUYmVYWlgwMEZJK0RNd0J5MFNONDljQTZ0OVBPVncydnhxRUxGdCtaZHhodTFOUndtY2ZMekoreXAwaEk3Vm5kWHJIWkUzd2hLT1VoaVphTHdQV1NHeHF3NlRHczNWRlBvcjZwT0hYRFdQbDM3eVVvV2IwN0hBc1RrT21BWWozSm9hajRFV2ZYRzlIVWN4TWxNUXhic2wxT01xbkZERkNjUHFtdXNlWEhJWExuQlhtVGk1bnNBWkpMakVRdVd4aHY4dWZMcWJXdlljMnd5Uk81MWFjbjFzazYzQm5laFVQUU9zd29RTVNVMGdXWkUxUmpxUkN6QlBaOGtGUlZEV1dVTlhzTnp1RUFKaExuZHRBUGEyc1VHZ3FpUGdza3pNZjVjZHNpMGNHRGNndXo0T3RMSThaK3dFejBaQjJMTEY3ZWp6ck1lcTM5ZXpPWGlDeTk4TTF6QUVKUzkvVGJtRzdvemlxUWtObmozR2lyQ0tIRkNtQm4wcE40cW5VYjF1bWg3TWRXU095MkkxZzZGbkpBTWhmUjBuQ3lEbXorZUsvUHlRbUpUQU1kMURuNWR2bmVjb3BBUzgwd29Bd2ZpTkNiTzZZa2VzWExjVmhuWDlVMTRsQm53SGRkWFJkemw2aXdNWWk0cktUVGs4Um5vVi9tSCt2NWZkdXdEOG1hVnR1ZG5FRVBCY0NDUEV1c2hnamNEN05zWVZ4U0VCY3AyN3NYcDhOWkNsb3oybzZQYkZoWHYvSENVR3h0WG8yWXd1bU1EbFdrbjVmNUVRa3c2K0hLaFJvYlFCVUNjeEgxamVkZnpVa3pHNFJ4bGxyVFVsa2VEZGI5dWxVOVpaWWFOZE8vb3c9PSIgQ29ycmVsYXRpb25CaW5kaW5nPSIiIFVybEVuY29kZT0iVHJ1ZSIgLz4NCiAgICAgICAgPEZvcm1Qb3N0UGFyYW1ldGVyIE5hbWU9ImJ0blRlbXBTYXZlSW52aXNpYmxlIiBWYWx1ZT0i5pqr5a2YIiBSZWNvcmRlZFZhbHVlPSLmmqvlrZgiIENvcnJlbGF0aW9uQmluZGluZz0ie3tGb3JtUG9zdFBhcmFtMTMuYnRuVGVtcFNhdmVJbnZpc2libGV9fSIgVXJsRW5jb2RlPSJUcnVlIiAvPg0KICAgICAgICA8Rm9ybVBvc3RQYXJhbWV0ZXIgTmFtZT0iaGlkR3JpZFZpZXdTdGFydFRpbWUiIFZhbHVlPSJ7eyRISURERU4xLmhpZEdyaWRWaWV3U3RhcnRUaW1lfX0iIFJlY29yZGVkVmFsdWU9IiIgQ29ycmVsYXRpb25CaW5kaW5nPSIiIFVybEVuY29kZT0iVHJ1ZSIgLz4NCiAgICAgICAgPEZvcm1Qb3N0UGFyYW1ldGVyIE5hbWU9InVjRGF0ZVN0YXJ0JHR4dERhdGUiIFZhbHVlPSIyMDE3LzA1LzExIiBSZWNvcmRlZFZhbHVlPSIyMDE3LzA1LzExIiBDb3JyZWxhdGlvbkJpbmRpbmc9Int7Rm9ybVBvc3RQYXJhbTE0LnVjRGF0ZVN0YXJ0JHR4dERhdGV9fSIgVXJsRW5jb2RlPSJUcnVlIiAvPg0KICAgICAgICA8Rm9ybVBvc3RQYXJhbWV0ZXIgTmFtZT0idWNEYXRlRW5kJHR4dERhdGUiIFZhbHVlPSIyMDE3LzA1LzExIiBSZWNvcmRlZFZhbHVlPSIyMDE3LzA1LzExIiBDb3JyZWxhdGlvbkJpbmRpbmc9Int7Rm9ybVBvc3RQYXJhbTE1LnVjRGF0ZUVuZCR0eHREYXRlfX0iIFVybEVuY29kZT0iVHJ1ZSIgLz4NCiAgICAgICAgPEZvcm1Qb3N0UGFyYW1ldGVyIE5hbWU9Ik9UVGltZVN0YXJ0JGRkbEhIIiBWYWx1ZT0iMDAiIFJlY29yZGVkVmFsdWU9IjAwIiBDb3JyZWxhdGlvbkJpbmRpbmc9Int7Rm9ybVBvc3RQYXJhbTE2Lk9UVGltZVN0YXJ0JGRkbEhIfX0iIFVybEVuY29kZT0iVHJ1ZSIgLz4NCiAgICAgICAgPEZvcm1Qb3N0UGFyYW1ldGVyIE5hbWU9Ik9UVGltZVN0YXJ0JGRkbE1NIiBWYWx1ZT0iMDAiIFJlY29yZGVkVmFsdWU9IjAwIiBDb3JyZWxhdGlvbkJpbmRpbmc9Int7Rm9ybVBvc3RQYXJhbTE3Lk9UVGltZVN0YXJ0JGRkbE1NfX0iIFVybEVuY29kZT0iVHJ1ZSIgLz4NCiAgICAgICAgPEZvcm1Qb3N0UGFyYW1ldGVyIE5hbWU9Ik9UVGltZUVuZCRkZGxISCIgVmFsdWU9IjAxIiBSZWNvcmRlZFZhbHVlPSIwMSIgQ29ycmVsYXRpb25CaW5kaW5nPSJ7e0Zvcm1Qb3N0UGFyYW0xOC5PVFRpbWVFbmQkZGRsSEh9fSIgVXJsRW5jb2RlPSJUcnVlIiAvPg0KICAgICAgICA8Rm9ybVBvc3RQYXJhbWV0ZXIgTmFtZT0iT1RUaW1lRW5kJGRkbE1NIiBWYWx1ZT0iMDAiIFJlY29yZGVkVmFsdWU9IjAwIiBDb3JyZWxhdGlvbkJpbmRpbmc9Int7Rm9ybVBvc3RQYXJhbTE5Lk9UVGltZUVuZCRkZGxNTX19IiBVcmxFbmNvZGU9IlRydWUiIC8+DQogICAgICAgIDxGb3JtUG9zdFBhcmFtZXRlciBOYW1lPSJkZGxPVFR5cGVJRCIgVmFsdWU9IjkiIFJlY29yZGVkVmFsdWU9IjkiIENvcnJlbGF0aW9uQmluZGluZz0ie3tGb3JtUG9zdFBhcmFtMjAuZGRsT1RUeXBlSUR9fSIgVXJsRW5jb2RlPSJUcnVlIiAvPg0KICAgICAgICA8Rm9ybVBvc3RQYXJhbWV0ZXIgTmFtZT0idHh0T1RSZWFzb25NZW1vJHR4dERhdGEiIFZhbHVlPSJ0ZXN0IiBSZWNvcmRlZFZhbHVlPSJ0ZXN0IiBDb3JyZWxhdGlvbkJpbmRpbmc9IiIgVXJsRW5jb2RlPSJUcnVlIiAvPg0KICAgICAgICA8Rm9ybVBvc3RQYXJhbWV0ZXIgTmFtZT0iaGlkR3JpZFZpZXdTZWFyY2hTdGFydFRpbWUiIFZhbHVlPSJ7eyRISURERU4xLmhpZEdyaWRWaWV3U2VhcmNoU3RhcnRUaW1lfX0iIFJlY29yZGVkVmFsdWU9IiIgQ29ycmVsYXRpb25CaW5kaW5nPSIiIFVybEVuY29kZT0iVHJ1ZSIgLz4NCiAgICAgICAgPEZvcm1Qb3N0UGFyYW1ldGVyIE5hbWU9ImhpZEdyaWRWaWV3U2VhcmNoRW5kVGltZSIgVmFsdWU9Int7JEhJRERFTjEuaGlkR3JpZFZpZXdTZWFyY2hFbmRUaW1lfX0iIFJlY29yZGVkVmFsdWU9IiIgQ29ycmVsYXRpb25CaW5kaW5nPSIiIFVybEVuY29kZT0iVHJ1ZSIgLz4NCiAgICAgICAgPEZvcm1Qb3N0UGFyYW1ldGVyIE5hbWU9ImZyYW1lQXR0YWNoIiBWYWx1ZT0iL1V0aWwvQXR0YWNoQWRtaW4uYXNweD9BdHRhY2hEQj1BYXR0ZW5kYW50REJfSVRSRCZhbXA7QXR0YWNoSUQ9dGVzdDEwMjExOTYyNGVjZDE5LWI0ZDktNDE3Mi05ZmQzLWE3ZjVkZjFiMGY2ZCZhbXA7QXR0YWNoRmlsZU1heFF0eT0xJmFtcDtBdHRhY2hGaWxlTWF4S0I9MzA3MiZhbXA7QXR0YWNoRmlsZVRvdEtCPTMwNzImYW1wO0F0dGFjaEZpbGVFeHRMaXN0PSIgUmVjb3JkZWRWYWx1ZT0iL1V0aWwvQXR0YWNoQWRtaW4uYXNweD9BdHRhY2hEQj1BYXR0ZW5kYW50REJfSVRSRCZhbXA7QXR0YWNoSUQ9dGVzdDEwMjExOTYyNGVjZDE5LWI0ZDktNDE3Mi05ZmQzLWE3ZjVkZjFiMGY2ZCZhbXA7QXR0YWNoRmlsZU1heFF0eT0xJmFtcDtBdHRhY2hGaWxlTWF4S0I9MzA3MiZhbXA7QXR0YWNoRmlsZVRvdEtCPTMwNzImYW1wO0F0dGFjaEZpbGVFeHRMaXN0PSIgQ29ycmVsYXRpb25CaW5kaW5nPSIiIFVybEVuY29kZT0iVHJ1ZSIgLz4NCiAgICAgICAgPEZvcm1Qb3N0UGFyYW1ldGVyIE5hbWU9InVjTW9kYWxQb3B1cDEkQ2xpZW50V2lkdGgiIFZhbHVlPSJ7eyRISURERU4xLnVjTW9kYWxQb3B1cDEkQ2xpZW50V2lkdGh9fSIgUmVjb3JkZWRWYWx1ZT0iMCIgQ29ycmVsYXRpb25CaW5kaW5nPSIiIFVybEVuY29kZT0iVHJ1ZSIgLz4NCiAgICAgICAgPEZvcm1Qb3N0UGFyYW1ldGVyIE5hbWU9InVjTW9kYWxQb3B1cDEkQ2xpZW50SGVpZ2h0IiBWYWx1ZT0ie3skSElEREVOMS51Y01vZGFsUG9wdXAxJENsaWVudEhlaWdodH19IiBSZWNvcmRlZFZhbHVlPSIwIiBDb3JyZWxhdGlvbkJpbmRpbmc9IiIgVXJsRW5jb2RlPSJUcnVlIiAvPg0KICAgICAgPC9Gb3JtUG9zdEh0dHBCb2R5Pg0KICAgIDwvUmVxdWVzdD4NCiAgICA8UmVxdWVzdCBNZXRob2Q9IlBPU1QiIEd1aWQ9IjY4YTA1ODgxLWZjY2ItNGFkNC1hZTViLWYzMjMxZjk1NDdiOCIgVmVyc2lvbj0iMS4xIiBVcmw9Imh0dHA6Ly8xMC4xMS4zNi4xMTQ6ODAwNy9PdmVyVGltZS9PdmVydGltZVByZU9yZGVyX01vZGlmeS5hc3B4IiBUaGlua1RpbWU9IjUiIFRpbWVvdXQ9IjMwMCIgUGFyc2VEZXBlbmRlbnRSZXF1ZXN0cz0iVHJ1ZSIgRm9sbG93UmVkaXJlY3RzPSJUcnVlIiBSZWNvcmRSZXN1bHQ9IlRydWUiIENhY2hlPSJGYWxzZSIgUmVzcG9uc2VUaW1lR29hbD0iMCIgRW5jb2Rpbmc9InV0Zi04IiBFeHBlY3RlZEh0dHBTdGF0dXNDb2RlPSIwIiBFeHBlY3RlZFJlc3BvbnNlVXJsPSJodHRwOi8vMTAuMTEuMzYuMTE0OjgwMDcvT3ZlclRpbWUvT3ZlcnRpbWVQcmVPcmRlci5hc3B4IiBSZXBvcnRpbmdOYW1lPSIiIElnbm9yZUh0dHBTdGF0dXNDb2RlPSJGYWxzZSI+DQogICAgICA8RXh0cmFjdGlvblJ1bGVzPg0KICAgICAgICA8RXh0cmFjdGlvblJ1bGUgQ2xhc3NuYW1lPSJNaWNyb3NvZnQuVmlzdWFsU3R1ZGlvLlRlc3RUb29scy5XZWJUZXN0aW5nLlJ1bGVzLkV4dHJhY3RIaWRkZW5GaWVsZHMsIE1pY3Jvc29mdC5WaXN1YWxTdHVkaW8uUXVhbGl0eVRvb2xzLldlYlRlc3RGcmFtZXdvcmssIFZlcnNpb249MTAuMC4wLjAsIEN1bHR1cmU9bmV1dHJhbCwgUHVibGljS2V5VG9rZW49YjAzZjVmN2YxMWQ1MGEzYSIgVmFyaWFibGVOYW1lPSIxIiBEaXNwbGF5TmFtZT0i5pO35Y+W6Zqx6JeP5qyE5L2NIiBEZXNjcmlwdGlvbj0i5pO35Y+W5Zue5oeJ5Lit55qE5omA5pyJ6Zqx6JeP5qyE5L2N77yM5Lim5bCH5a6D5YCR5pS+5Zyo5ris6Kmm5YWn5a655Lit44CCIj4NCiAgICAgICAgICA8UnVsZVBhcmFtZXRlcnM+DQogICAgICAgICAgICA8UnVsZVBhcmFtZXRlciBOYW1lPSJSZXF1aXJlZCIgVmFsdWU9IlRydWUiIC8+DQogICAgICAgICAgICA8UnVsZVBhcmFtZXRlciBOYW1lPSJIdG1sRGVjb2RlIiBWYWx1ZT0iVHJ1ZSIgLz4NCiAgICAgICAgICA8L1J1bGVQYXJhbWV0ZXJzPg0KICAgICAgICA8L0V4dHJhY3Rpb25SdWxlPg0KICAgICAgPC9FeHRyYWN0aW9uUnVsZXM+DQogICAgICA8Q29ycmVsYXRpb25FeHRyYWN0aW9uUnVsZXM+DQogICAgICAgIDxFeHRyYWN0aW9uUnVsZSBDbGFzc25hbWU9Ik1pY3Jvc29mdC5WaXN1YWxTdHVkaW8uVGVzdFRvb2xzLldlYlRlc3RpbmcuUnVsZXMuRXh0cmFjdEZvcm1GaWVsZCwgTWljcm9zb2Z0LlZpc3VhbFN0dWRpby5RdWFsaXR5VG9vbHMuV2ViVGVzdEZyYW1ld29yaywgVmVyc2lvbj0xMC4wLjAuMCwgQ3VsdHVyZT1uZXV0cmFsLCBQdWJsaWNLZXlUb2tlbj1iMDNmNWY3ZjExZDUwYTNhIiBWYXJpYWJsZU5hbWU9IkZvcm1Qb3N0UGFyYW0xLmJ0blF1ZXJ5IiBEaXNwbGF5TmFtZT0iIiBEZXNjcmlwdGlvbj0iIj4NCiAgICAgICAgICA8UnVsZVBhcmFtZXRlcnM+DQogICAgICAgICAgICA8UnVsZVBhcmFtZXRlciBOYW1lPSJOYW1lIiBWYWx1ZT0iYnRuUXVlcnkiIC8+DQogICAgICAgICAgICA8UnVsZVBhcmFtZXRlciBOYW1lPSJIdG1sRGVjb2RlIiBWYWx1ZT0iVHJ1ZSIgLz4NCiAgICAgICAgICAgIDxSdWxlUGFyYW1ldGVyIE5hbWU9IlJlcXVpcmVkIiBWYWx1ZT0iRmFsc2UiIC8+DQogICAgICAgICAgICA8UnVsZVBhcmFtZXRlciBOYW1lPSJJbmRleCIgVmFsdWU9IjAiIC8+DQogICAgICAgICAgPC9SdWxlUGFyYW1ldGVycz4NCiAgICAgICAgPC9FeHRyYWN0aW9uUnVsZT4NCiAgICAgICAgPEV4dHJhY3Rpb25SdWxlIENsYXNzbmFtZT0iTWljcm9zb2Z0LlZpc3VhbFN0dWRpby5UZXN0VG9vbHMuV2ViVGVzdGluZy5SdWxlcy5FeHRyYWN0Rm9ybUZpZWxkLCBNaWNyb3NvZnQuVmlzdWFsU3R1ZGlvLlF1YWxpdHlUb29scy5XZWJUZXN0RnJhbWV3b3JrLCBWZXJzaW9uPTEwLjAuMC4wLCBDdWx0dXJlPW5ldXRyYWwsIFB1YmxpY0tleVRva2VuPWIwM2Y1ZjdmMTFkNTBhM2EiIFZhcmlhYmxlTmFtZT0iRm9ybVBvc3RQYXJhbTIudHh0T1RFbXBJRCIgRGlzcGxheU5hbWU9IiIgRGVzY3JpcHRpb249IiI+DQogICAgICAgICAgPFJ1bGVQYXJhbWV0ZXJzPg0KICAgICAgICAgICAgPFJ1bGVQYXJhbWV0ZXIgTmFtZT0iTmFtZSIgVmFsdWU9InR4dE9URW1wSUQiIC8+DQogICAgICAgICAgICA8UnVsZVBhcmFtZXRlciBOYW1lPSJIdG1sRGVjb2RlIiBWYWx1ZT0iVHJ1ZSIgLz4NCiAgICAgICAgICAgIDxSdWxlUGFyYW1ldGVyIE5hbWU9IlJlcXVpcmVkIiBWYWx1ZT0iRmFsc2UiIC8+DQogICAgICAgICAgICA8UnVsZVBhcmFtZXRlciBOYW1lPSJJbmRleCIgVmFsdWU9IjAiIC8+DQogICAgICAgICAgPC9SdWxlUGFyYW1ldGVycz4NCiAgICAgICAgPC9FeHRyYWN0aW9uUnVsZT4NCiAgICAgICAgPEV4dHJhY3Rpb25SdWxlIENsYXNzbmFtZT0iTWljcm9zb2Z0LlZpc3VhbFN0dWRpby5UZXN0VG9vbHMuV2ViVGVzdGluZy5SdWxlcy5FeHRyYWN0VGV4dCwgTWljcm9zb2Z0LlZpc3VhbFN0dWRpby5RdWFsaXR5VG9vbHMuV2ViVGVzdEZyYW1ld29yaywgVmVyc2lvbj0xMC4wLjAuMCwgQ3VsdHVyZT1uZXV0cmFsLCBQdWJsaWNLZXlUb2tlbj1iMDNmNWY3ZjExZDUwYTNhIiBWYXJpYWJsZU5hbWU9IkZvcm1Qb3N0UGFyYW0zLmRkbFF1ZXJ5Q29uZGl0aW9ucyIgRGlzcGxheU5hbWU9IiIgRGVzY3JpcHRpb249IiI+DQogICAgICAgICAgPFJ1bGVQYXJhbWV0ZXJzPg0KICAgICAgICAgICAgPFJ1bGVQYXJhbWV0ZXIgTmFtZT0iU3RhcnRzV2l0aCIgVmFsdWU9InMmcXVvdDs6WyZxdW90OyIgLz4NCiAgICAgICAgICAgIDxSdWxlUGFyYW1ldGVyIE5hbWU9IkVuZHNXaXRoIiBWYWx1ZT0iJnF1b3Q7LCZxdW90OzEmcXVvdDsiIC8+DQogICAgICAgICAgICA8UnVsZVBhcmFtZXRlciBOYW1lPSJJbmRleCIgVmFsdWU9IjAiIC8+DQogICAgICAgICAgICA8UnVsZVBhcmFtZXRlciBOYW1lPSJJZ25vcmVDYXNlIiBWYWx1ZT0iRmFsc2UiIC8+DQogICAgICAgICAgICA8UnVsZVBhcmFtZXRlciBOYW1lPSJVc2VSZWd1bGFyRXhwcmVzc2lvbiIgVmFsdWU9IkZhbHNlIiAvPg0KICAgICAgICAgICAgPFJ1bGVQYXJhbWV0ZXIgTmFtZT0iSHRtbERlY29kZSIgVmFsdWU9IlRydWUiIC8+DQogICAgICAgICAgICA8UnVsZVBhcmFtZXRlciBOYW1lPSJSZXF1aXJlZCIgVmFsdWU9IkZhbHNlIiAvPg0KICAgICAgICAgIDwvUnVsZVBhcmFtZXRlcnM+DQogICAgICAgIDwvRXh0cmFjdGlvblJ1bGU+DQogICAgICAgIDxFeHRyYWN0aW9uUnVsZSBDbGFzc25hbWU9Ik1pY3Jvc29mdC5WaXN1YWxTdHVkaW8uVGVzdFRvb2xzLldlYlRlc3RpbmcuUnVsZXMuRXh0cmFjdFRleHQsIE1pY3Jvc29mdC5WaXN1YWxTdHVkaW8uUXVhbGl0eVRvb2xzLldlYlRlc3RGcmFtZXdvcmssIFZlcnNpb249MTAuMC4wLjAsIEN1bHR1cmU9bmV1dHJhbCwgUHVibGljS2V5VG9rZW49YjAzZjVmN2YxMWQ1MGEzYSIgVmFyaWFibGVOYW1lPSJGb3JtUG9zdFBhcmFtNC5kZGxPVFN0YXR1cyIgRGlzcGxheU5hbWU9IiIgRGVzY3JpcHRpb249IiI+DQogICAgICAgICAgPFJ1bGVQYXJhbWV0ZXJzPg0KICAgICAgICAgICAgPFJ1bGVQYXJhbWV0ZXIgTmFtZT0iU3RhcnRzV2l0aCIgVmFsdWU9IiZxdW90OzAmcXVvdDssJnF1b3Q7IiAvPg0KICAgICAgICAgICAgPFJ1bGVQYXJhbWV0ZXIgTmFtZT0iRW5kc1dpdGgiIFZhbHVlPSImcXVvdDssJnF1b3Q7MiZxdW90OyIgLz4NCiAgICAgICAgICAgIDxSdWxlUGFyYW1ldGVyIE5hbWU9IkluZGV4IiBWYWx1ZT0iMCIgLz4NCiAgICAgICAgICAgIDxSdWxlUGFyYW1ldGVyIE5hbWU9Iklnbm9yZUNhc2UiIFZhbHVlPSJGYWxzZSIgLz4NCiAgICAgICAgICAgIDxSdWxlUGFyYW1ldGVyIE5hbWU9IlVzZVJlZ3VsYXJFeHByZXNzaW9uIiBWYWx1ZT0iRmFsc2UiIC8+DQogICAgICAgICAgICA8UnVsZVBhcmFtZXRlciBOYW1lPSJIdG1sRGVjb2RlIiBWYWx1ZT0iVHJ1ZSIgLz4NCiAgICAgICAgICAgIDxSdWxlUGFyYW1ldGVyIE5hbWU9IlJlcXVpcmVkIiBWYWx1ZT0iRmFsc2UiIC8+DQogICAgICAgICAgPC9SdWxlUGFyYW1ldGVycz4NCiAgICAgICAgPC9FeHRyYWN0aW9uUnVsZT4NCiAgICAgIDwvQ29ycmVsYXRpb25FeHRyYWN0aW9uUnVsZXM+DQogICAgICA8UXVlcnlTdHJpbmdQYXJhbWV0ZXJzPg0KICAgICAgICA8UXVlcnlTdHJpbmdQYXJhbWV0ZXIgTmFtZT0iT1RDb21wSUQiIFZhbHVlPSJTUEhCSzEiIFJlY29yZGVkVmFsdWU9IlNQSEJLMSIgQ29ycmVsYXRpb25CaW5kaW5nPSJ7e1F1ZXJ5U3RyaW5nUGFyYW0xLk9UQ29tcElEfX0iIFVybEVuY29kZT0iRmFsc2UiIFVzZVRvR3JvdXBSZXN1bHRzPSJGYWxzZSIgLz4NCiAgICAgICAgPFF1ZXJ5U3RyaW5nUGFyYW1ldGVyIE5hbWU9Ik9URW1wSUQiIFZhbHVlPSIxMDIxMTkiIFJlY29yZGVkVmFsdWU9IjEwMjExOSIgQ29ycmVsYXRpb25CaW5kaW5nPSJ7e1F1ZXJ5U3RyaW5nUGFyYW0yLk9URW1wSUR9fSIgVXJsRW5jb2RlPSJGYWxzZSIgVXNlVG9Hcm91cFJlc3VsdHM9IkZhbHNlIiAvPg0KICAgICAgICA8UXVlcnlTdHJpbmdQYXJhbWV0ZXIgTmFtZT0iT1RTdGFydERhdGUiIFZhbHVlPSIyMDE3JTJmMDUlMmYxMSIgUmVjb3JkZWRWYWx1ZT0iMjAxNyUyZjA1JTJmMTEiIENvcnJlbGF0aW9uQmluZGluZz0ie3tRdWVyeVN0cmluZ1BhcmFtMy5PVFN0YXJ0RGF0ZX19IiBVcmxFbmNvZGU9IkZhbHNlIiBVc2VUb0dyb3VwUmVzdWx0cz0iRmFsc2UiIC8+DQogICAgICAgIDxRdWVyeVN0cmluZ1BhcmFtZXRlciBOYW1lPSJPVEVuZERhdGUiIFZhbHVlPSIyMDE3JTJmMDUlMmYxMSIgUmVjb3JkZWRWYWx1ZT0iMjAxNyUyZjA1JTJmMTEiIENvcnJlbGF0aW9uQmluZGluZz0ie3tRdWVyeVN0cmluZ1BhcmFtNC5PVEVuZERhdGV9fSIgVXJsRW5jb2RlPSJGYWxzZSIgVXNlVG9Hcm91cFJlc3VsdHM9IkZhbHNlIiAvPg0KICAgICAgICA8UXVlcnlTdHJpbmdQYXJhbWV0ZXIgTmFtZT0iT1RTdGFydFRpbWUiIFZhbHVlPSIwMDAwIiBSZWNvcmRlZFZhbHVlPSIwMDAwIiBDb3JyZWxhdGlvbkJpbmRpbmc9Int7UXVlcnlTdHJpbmdQYXJhbTUuT1RTdGFydFRpbWV9fSIgVXJsRW5jb2RlPSJGYWxzZSIgVXNlVG9Hcm91cFJlc3VsdHM9IkZhbHNlIiAvPg0KICAgICAgICA8UXVlcnlTdHJpbmdQYXJhbWV0ZXIgTmFtZT0iT1RFbmRUaW1lIiBWYWx1ZT0iMDEwMCIgUmVjb3JkZWRWYWx1ZT0iMDEwMCIgQ29ycmVsYXRpb25CaW5kaW5nPSJ7e1F1ZXJ5U3RyaW5nUGFyYW02Lk9URW5kVGltZX19IiBVcmxFbmNvZGU9IkZhbHNlIiBVc2VUb0dyb3VwUmVzdWx0cz0iRmFsc2UiIC8+DQogICAgICAgIDxRdWVyeVN0cmluZ1BhcmFtZXRlciBOYW1lPSJPVFR4bklEIiBWYWx1ZT0ie3tRdWVyeVN0cmluZ1BhcmFtNy5PVFR4bklEfX0iIFJlY29yZGVkVmFsdWU9IlNQSEJLMTEwMjExOTIwMTcwNTExNTUiIENvcnJlbGF0aW9uQmluZGluZz0ie3tRdWVyeVN0cmluZ1BhcmFtNy5PVFR4bklEfX0iIFVybEVuY29kZT0iRmFsc2UiIFVzZVRvR3JvdXBSZXN1bHRzPSJGYWxzZSIgLz4NCiAgICAgICAgPFF1ZXJ5U3RyaW5nUGFyYW1ldGVyIE5hbWU9Ik9URm9ybU5PIiBWYWx1ZT0iMjAxNzA1MTE2MDEwMjExOSIgUmVjb3JkZWRWYWx1ZT0iMjAxNzA1MTE2MDEwMjExOSIgQ29ycmVsYXRpb25CaW5kaW5nPSJ7e1F1ZXJ5U3RyaW5nUGFyYW04Lk9URm9ybU5PfX0iIFVybEVuY29kZT0iRmFsc2UiIFVzZVRvR3JvdXBSZXN1bHRzPSJGYWxzZSIgLz4NCiAgICAgIDwvUXVlcnlTdHJpbmdQYXJhbWV0ZXJzPg0KICAgICAgPEZvcm1Qb3N0SHR0cEJvZHk+DQogICAgICAgIDxGb3JtUG9zdFBhcmFtZXRlciBOYW1lPSJUb29sa2l0U2NyaXB0TWFuYWdlcjFfSGlkZGVuRmllbGQiIFZhbHVlPSI7O0FqYXhDb250cm9sVG9vbGtpdCwgVmVyc2lvbj00LjEuNy42MDcsIEN1bHR1cmU9bmV1dHJhbCwgUHVibGljS2V5VG9rZW49MjhmMDFiMGU4NGI2ZDUzZTp6aC1IYW50OjdiOTVlZDFhLTZhM2YtNDFkZC1iYzViLTYzZjM5ZWRiYzRiNDpkZTFmZWFiMjpmY2YwZTk5MzpmMmM4ZTcwODo3MjBhNTJiZjpmOWNlYzliYzo1ODllYWEzMDo2OTgxMjljZjpmYjliNGM1NzpjY2I5NmNmOTo4YWQxODEwMTphNjdjMjcwMDo4NjEzYWVhNzozMjAyYTVhMjphYjA5ZTNmZTo4NzEwNGI3YzpiZTZmYjI5OCIgUmVjb3JkZWRWYWx1ZT0iOztBamF4Q29udHJvbFRvb2xraXQsIFZlcnNpb249NC4xLjcuNjA3LCBDdWx0dXJlPW5ldXRyYWwsIFB1YmxpY0tleVRva2VuPTI4ZjAxYjBlODRiNmQ1M2U6emgtSGFudDo3Yjk1ZWQxYS02YTNmLTQxZGQtYmM1Yi02M2YzOWVkYmM0YjQ6ZGUxZmVhYjI6ZmNmMGU5OTM6ZjJjOGU3MDg6NzIwYTUyYmY6ZjljZWM5YmM6NTg5ZWFhMzA6Njk4MTI5Y2Y6ZmI5YjRjNTc6Y2NiOTZjZjk6OGFkMTgxMDE6YTY3YzI3MDA6ODYxM2FlYTc6MzIwMmE1YTI6YWIwOWUzZmU6ODcxMDRiN2M6YmU2ZmIyOTgiIENvcnJlbGF0aW9uQmluZGluZz0iIiBVcmxFbmNvZGU9IlRydWUiIC8+DQogICAgICAgIDxGb3JtUG9zdFBhcmFtZXRlciBOYW1lPSJfX0VWRU5UVEFSR0VUIiBWYWx1ZT0ie3skSElEREVOMS5fX0VWRU5UVEFSR0VUfX0iIFJlY29yZGVkVmFsdWU9IiIgQ29ycmVsYXRpb25CaW5kaW5nPSIiIFVybEVuY29kZT0iVHJ1ZSIgLz4NCiAgICAgICAgPEZvcm1Qb3N0UGFyYW1ldGVyIE5hbWU9Il9fRVZFTlRBUkdVTUVOVCIgVmFsdWU9Int7JEhJRERFTjEuX19FVkVOVEFSR1VNRU5UfX0iIFJlY29yZGVkVmFsdWU9IiIgQ29ycmVsYXRpb25CaW5kaW5nPSIiIFVybEVuY29kZT0iVHJ1ZSIgLz4NCiAgICAgICAgPEZvcm1Qb3N0UGFyYW1ldGVyIE5hbWU9Il9fTEFTVEZPQ1VTIiBWYWx1ZT0ie3skSElEREVOMS5fX0xBU1RGT0NVU319IiBSZWNvcmRlZFZhbHVlPSIiIENvcnJlbGF0aW9uQmluZGluZz0iIiBVcmxFbmNvZGU9IlRydWUiIC8+DQogICAgICAgIDxGb3JtUG9zdFBhcmFtZXRlciBOYW1lPSJfX1ZTVEFURSIgVmFsdWU9Int7JEhJRERFTjEuX19WU1RBVEV9fSIgUmVjb3JkZWRWYWx1ZT0iQVIrTENBQUFBQUFBQkFEdEd2MXpHOFUxMnZqOEZTZE9NNDBoVFNwZG5JTGpZa2wzcHk5YnRnVzI0OVJ1NHNoRUltRW1NSnFUYmkwZFB0Mkp1NU50RGNNMHRJU0VoSlF3RUdnSUxXVktCZ3FUTkMxVE1FbWcvUk02bmY3UTMydjU0NmYrQ2ZUdDN1blROZ1FhTVcybmwvSGQ3dHUzNysyK3IzMXZsUzhjbmZjN0dHY2lNYWFwcHE0cHhuSDhkRjdXOGJSbW1LTmlhdllJTGlRU1hRNW1XeW96TzRWRjViQWlwanVaZHI0L3hBVUQvbjQrMk5uVjUyekpZc01RMHhnN2V4TFQ4SjAwcGtSWk5lRXZsZ0thQ2hDVFRWbFRvMnFKYk5yWm5vakd4MVhwa0doaXBsM2crSkNYQzNoNTN0bWNHTS9tSmc4eHpUd244UHlBc3dQd1lxYW9tM0U1aTVrbURoNW5TMElYMVZsQVFsekl1ZHRtK1dnZTY0V1lxY3RxK3FpV3pqaGJZV0o4UVFXc3J0ajB4T2dSM2lKSVdIRUJhUGljakdpYXFRempNYkZoV29OOEFBK0V1RkRLN2ZjbGsyNS9NTlh2Rm1lU0FUY24rWVJRU0FnbCsvbVFjNGZOOExDbVp5bW5iWW1UbWo0YmswME16TFlHWUlHdFpCTjBhM3Y0Z1FIQjIrL2xPWFpwOFh6eDRqbVdGOEljRjZhN2tNeHBVUmVGeFgxYkhGdTJiUGtDSHZJbFR3ZUMxN0ZZd1RCeDFnT0V4RDcyQk5ZTmtPR3czOE9SZjMzc1dGNHg4em9lVm5IZTFFV2xqNTNPSnhVNUJScUxhN05ZSFU2R1FtSWdGUWpDVnYyWTZ4OWdDUEhkVlRUcEt5NG1GYndWUnZhVWU1N2pPS3VaSUVlYlpkdmpXU1dXeXVDc3VBMWFoK1NabVIvcFluYXJ3N0hESm1iamtUVzNFVkxOVGZENmROZlF3d3RaaFoyejE5M05lN2h1RnFzcFRRTFN3OTE1YzhiTkI3c2ZqbXh2SDFvd3dnWmx3TUlNMVJqdTdyWWE0UVZvWjB3ekYvWjY1K2ZuUGZNK2o2YW52UUxIOGQ3SHA0NWFpeXJoWmcwSmRnQ0VkZFdtWnJpek1oaWdvYzJZN3BTV0RRT2UyOExxQnE0c1MvaGlCV2V4YXJLcW1NWEQzWFQvdkRWcWpjTzhuSUlYNG9VY3RxRVczQUEvZ2MxVWdCdVJHNUhteEJRZXhXbFo3V1pOSURIY1RhWlNJKzFtcmFXRXdialQyRHdHRTR3Y1lKUE5aMlUxbWtybGRkZzl5TXo3bFR4Z0hlQkxEV054Q0tjVU1GVGl3bzNkeXlHeGNGVE95dWFFbHRlUGZTdGNKaHJPaFVUTWhqR1pncWlkS1cvbVcyRFQwTjFFNDFONXd4ekw0TlJzQTNuUWZZQjJHczJpc1lxSHM1aWNpSTN6a2hLSHhua0luSkhINlRuZU1BNG5SRVdXR3N4alJIb0tqTGJCVEdJaUJPQkNWQjhodkJxOGxVbDFqb2lOcEMvM2hOT1FkLzF4U1dIMVJ5c0YyaXZhNUh3MmFWb2x4ckJaWHNta1lVTmdWTS9qTXB5a29PV1Vwbnl5bDBZZk0vQllYdGVCOGxFdEpSSUVPdmt1RHY1VVJwTlR1RzYzV1hHaDFNdXJTUzJ2U2xpcXlPQnVkbXRKaWFZdGtXWUc4cWUvdGd4SmtHcWw5YkQxRWJQZkpNK3g1MWdrdm1wT2laRjd6azZCaGlyeUxtM0ZraU5yTDAyV1NwS3RpRmJYNXFPNmhIVXFHQnN2SXhwakdWRk5ZeENRckJwWU4wRStGYkZXNVVtUmdZRWhiM1cvQnNsS2RDSUNaK0hZM1RKS2ZhSkNpYTBEVnRDcjA0MklIMUJyQUJ2aVRVUjRvUlp4WWowaUNmMFJyb0pHKzJXczJrTTc0ZzhPZWV0QUc2Q1dTTlpCeXBoVlp5ZEJxKzVXNFpUT3ZraUlvSlI3OVJpVU5GOUdxVnQrNmVpSitNaDZ5cjExQ0JPUllCVkNsWmpLZ1QvQ2czNHF2VEpDVmR5TzhDQ2U2bjZWUFZRQ0x5VlVBeWlqMVlST3NxbGFRQjI1cXVBWG9WVXBMM2g5WElsMjlXakp0UzN6dDEyNnhsK0d2SFVPSEdraTFWRmQxVVJxcGViRWxQaVVwc05IVnNsbk5DOHJVbHZpT0o2VENRcXBDRnZoUVhaMStJWDliSE8yUVpGTDZ0QmpVV1pucWJJTmN2V2w4N29pMnk2KzdaS2FoMktVRUJyVHJNcmJLcGNCTkdLYVlpb0RvSzliSWpjVHp2aHBCa0dWdmQ4dWwwZnlwamFTeXltRjhXd1NTd1EyWmhoamltZ1lhV2RuNmRvQWszaWRCa2hUSW9ZWEdBZmZoZERXVHFrckNPL09MZ1RGL2xFNW5URkh0WVZSSFl1ejR5b1J2cFNSdXRBTVlEVWhCOFZxT1FGaWc0R01KQ0dHUXByaWVNRmtkcStkZm03bDVtZExpOWYvZWVlbDFROHZyTHgvc2ZqNVM0QzBuU0p0ajZwamlnemhHTjZwV2VZTmg2U2w4aVE4ZStDb0c3Y2k5V2hoVWpyWWswK1ZscEdRNUxsU2UxckxqV3BTb2FmWFk1Z0ZLS01sMmNncFltRzRwMmZ3NjFPS1F0ME1remNrSnFIN3lJSmQ5ek1keXpjWFYzOS9hZTM4NmRWM3lFYjIydkRPcFZ1M2l1ZXZybjUwZHZuV3BkVXJsMkhJWlEvdGhpRUN2N3k0L09xYnkyZGZYSG50L1pYM1hnR0VBemFDZmZNQ2tBZHNTRXZ4OXV2UmxjOS9DNkJlRzdUVFF2ckg2ZE9WTVhmblRpcjlzbFk2dXh6STBlWFlLVWxwMHBKUUNHYTNPN2NsaUVFU3N4Vk5wcU1BenhQZXFha252SklFaGxrMjJPWXRmNVpmdXZxM3Y3U1MyeFRyb2doQW8wMnU2Mzl2QlJLVHhuRXNTbEZWS1pDcm5yaW1RWkRKTWU1VGE3ZC90ZnpxK1NmWjRpdDNpaTkvdVB6R3RlV3JMNEMyVDYxZHZVTGh5NHRuMXE2OFd6enpYdkhHcDViRmdQSEFleWY1T2xzME5VV1ZIMy9NbEpYRVdHWVd0QkhYMG1rRlU1dVNGZGtzRUsyUjVkQ2xKbEtaMmNwUVR4OWJNd2c2SmZGZ0JJeTFweGNVSnlGRVJNUlFuVEl1MExFcFEvcmhocWlTVnNPbWxodWNLOU1LRDlvRzNRcnlydmJlRHVKS2xadTBuV05pM3NBR2paSDBsRXM3Vzc2WlBHQmw3Wm9xSlJWTEJqdk1qR3g0SU9MbE1UVTc4TUd1Wm1memhvcHJXNmUzQ1dJSU5XcWJrTkFnTVFEWDN0ckpybjFsWGJ1K1g5YXh5NWx4dWY1ZGhicFladm91TkFrTDNVeVBaR2hqTGJyMmYwTUZ1cnJUcmdOcDF3Kyt0blpjRDJ5c0U5ZURkUUx0S1N2QmRiQksrZy9EV3ByZ1dKZzBZckdTazRLWU41TGFsOXQvTkU2T2prM3N2M3B3dmVTMjNxWGttdWxpWUc5RVdPU09kVDhoTkVwUzY3UzBjL2VlTm9qZmE4OUJERHVMT0E1eFBPSUV4UGtRNTBkY0FIRkJ4SVVRMTQrNEFjUnppT2NSTHlEZWgzZy80Z09JRHlJK2hQaCt4QThnZ1VNQ2p3UUJDYjVHMFB6dVExdjNwRGQ3ckpqSVZHM1Q5VU95dCtGN3Z3NGsrSkVRUUVJUUNTRWs5Q05oQVBrNDVPT1JUMEErSC9MNWtTK0FmRUhrQ3lGZlAvSU5JRCtIL0R6eUM4anZRMzQvOGdlUVA0ajhJZVR2Ui80QkZPQlFnRWNCQVFWOEtPQkhnUUFLQkZFZ2hBTDlLRER3Mzc1KzBObndwanE3bThmU2Exc25uSHRkV3lRMFRyek8xYnVacDMxNWZMS2NhY1A0VkJtNlYxNW1tZC8vaUd1aC83dldmOXo2NzdWckhiR3owYTI4aHdPcmoxcGRETTFIN1Z5VVZzQWtGeVZlY1pKNjR2Mk1nM045ajlRR3B5aitmV2xvUG1tMXdET1IzV29sRlFXVUZSYUhxdU1ic0IzVlF6WnpWQTF6dUtrVDFrTkVhcERPSGNSYlQ1QXovTENNRllscEd0TWs3TnhPYjZ1Z1RyR0FiUVE0Um03WUxOUHQyQVhKdHB0MWx3MEEyaDFyWnk0V0w1MHIzankzL002NTV1S1pqNWR1djk2OC9OYlBWcS9mYkM2ZXZyUHk4dld1NGtjM0lhM3dMcjkxcm5qck1yUlcvbmlwdVBoUkIvd1ZMMXlCeW1EbDBndTdWczkrQU9YRDh0dlhsbis5dVBUWlc4dlhydThxdnYwSmdKWSt2MEFHcmwwSDNGMFc4c29IejYxY3ViTjA2OExTN1k4N1lIRDEzTVhWMy94eTZVODNHRm9qN3U1d2NBNndPODRoT0h3T3Z5UGdDRHBDam43SFFET0VLNDdqd1FJNnFoVUtRc0Vnb1gzT3ZWQUNMeHpGYXRyTUhDTXlnSUxKc0txeHlVTVlNdnhKNkdGUno5QW1IYzA0ZHlTSXVHSVplY1k4SXF2U3R0NmZ4S0IrbmhaVG5wTTRPYjZRMDdGaGVLQ3F6V3FxaDBUWmgyclErOWhOc1N1L3RvWThQbytQOS9CZi9YT3JtbGVVTGM1OWlVTlFxSTJySnRheGRGTFRKU09hZktxeWovYkVTY2dwOVNsUm44VlFZSk1pSmcyc016VFp4VFExRzBtWjhoeWVuQnBQQTBLcFJDWXpKMHUveldlY3V4SldQUjNYSHN2bHNENG1HamhEYTZKcHdKMEhyaHVlTkU5ODZVbGpMcGpST05SVWhxWk80YXkyL3J5cFI5ajAxQW5PS0pwb2hoVThZdzdhWld0WVZoVlp4ZTZrb3FWbUIzT2lSSDRERG5PMWgxR3JsU3c3V3l1VkhYTlNsc3pNWHV2YW8vQUkrUVhiMlZvUlNsTmlmMndVL1JSWmxkc3NMdVJ6ekM4UVRaRk4yVlJvaWl6UHNBY3JTYk5Ib1NiR1JvWlpnZVBZQng5a0syUHMvbUcycDZmM0diYWRyWVlPVjNVOFJqNXAzWVFmNVBvSWhkNUJ0djNad2ZZNVVXZTErSUlKeUp1Vyt2WHlVOFFra2QraklOMWV1a3BLQU5aQUxLbjNHZEx6eUtxS2RXSzFRTmo2dncyZUdWcCtIZnh4TERGbHBLbTFUYXE1dkFuZVE4MnRqMTIzV1h1aHowcjBFcVhKTlZnalQ5Y3dPbzNvUllsbExWYTR1dTlVOGQzM2lyLzdjTzNucnhkdnZQbGs4Wk0vRkMrL3ZmTGErMVRCcnpsS0dtU0YzQUxMYy9BcU5RYlpsS1pvZXZnQXgzR0RiSkpVcURwSjJzUHNnY09IeC90SGdvUHNqS2FhN25sTTdqckNiRkpUSk1EVHlJMXhtT1dCaXFGQkljdEs0Q0pwWFN3TXN2TVoyY1J1K2pORG1GVzFlVjNNbFNhNGRWR1M4MGFZOVFGakNiVlU0dm1zdlkvdkhGeTVlcVA0NHNXVjU5OVp1L0k4eEt4ZUdOUktNVGtBSGFNVXhqa2F4dWRydTgvVWRzOVlQdFhVU1YxcVA3TzlaTitxcHVKQjZWL1liMVg4VGlNQUFBPT0iIENvcnJlbGF0aW9uQmluZGluZz0iIiBVcmxFbmNvZGU9IlRydWUiIC8+DQogICAgICAgIDxGb3JtUG9zdFBhcmFtZXRlciBOYW1lPSJfX1ZJRVdTVEFURSIgVmFsdWU9Int7JEhJRERFTjEuX19WSUVXU1RBVEV9fSIgUmVjb3JkZWRWYWx1ZT0iIiBDb3JyZWxhdGlvbkJpbmRpbmc9IiIgVXJsRW5jb2RlPSJUcnVlIiAvPg0KICAgICAgICA8Rm9ybVBvc3RQYXJhbWV0ZXIgTmFtZT0iX19TQ1JPTExQT1NJVElPTlgiIFZhbHVlPSJ7eyRISURERU4xLl9fU0NST0xMUE9TSVRJT05YfX0iIFJlY29yZGVkVmFsdWU9IjAiIENvcnJlbGF0aW9uQmluZGluZz0iIiBVcmxFbmNvZGU9IlRydWUiIC8+DQogICAgICAgIDxGb3JtUG9zdFBhcmFtZXRlciBOYW1lPSJfX1NDUk9MTFBPU0lUSU9OWSIgVmFsdWU9Int7JEhJRERFTjEuX19TQ1JPTExQT1NJVElPTll9fSIgUmVjb3JkZWRWYWx1ZT0iMCIgQ29ycmVsYXRpb25CaW5kaW5nPSIiIFVybEVuY29kZT0iVHJ1ZSIgLz4NCiAgICAgICAgPEZvcm1Qb3N0UGFyYW1ldGVyIE5hbWU9Il9fRVZFTlRWQUxJREFUSU9OIiBWYWx1ZT0ie3skSElEREVOMS5fX0VWRU5UVkFMSURBVElPTn19IiBSZWNvcmRlZFZhbHVlPSIvd0VkQU5vQnIxVnc5YUdCQzNyM2pLOUx4d3BtRDZWNzgzMXFGbzlSRzBZcThXYmZBK2VoNCtlbVo0K3ArSFlmbTc3TDlKN29EL2hwdnVYbk43TmxvTjJ0RDA1YUNqem1sdGFVTTdhRUFOK2c5Y1AvbTEweno3NVBPRWN2Q2s5RnBjclNxRy9FK1dLZWlYUlZqRFFScTM2WU40VnpUWFhjZG8wS1lvOWZDMUlnd20rV25Dcko0WTRzK1gzaTdicFdaSktxbGVqMWxNWHlXR2lNZi9kc3RzZCt6ZHl0SWhxTXZaMUV5WE1BbHoyd0NteXN3N2ZmWGhOaVhEc0F4UWNMR3NWZzBEZjRadmd5NzYyNmpwS0g1MWNrYXVLU1g2UVBCYVVlMzZVRXVXand5cHJZN1lRbmhYb3VHQkt1QWhtdlhoM2VEc3FTekQvY3V3V2MzMU0yYlNvSVVmMUVxMUpETzdjSkFHdXJ0amtzT1NpZEJmdFZJVVZxNUpWZDdnY3I2Z0VvQU5IUGZaSm0vSGo4VWQ2VFhwMVVHSm1aN3R2cHh3VmtLVUY2dlB4alNJWEZuL3Zpazh3cTd0K05oVDhEUHlBVEpndkZEM0s1VSt2eG9DeExpVXFjN25oVlVXdGprdjdCZkFlYkpnaWxFRU5wRW5McTVncjg5Mm5lUmFNaHU2VXA0OE9kWVBEcUxSU1hYamdKcTZlUkxTRndaSGpDMVBqQSswUldxdDhkbFhIY2xYV0RRWU1yUzdPL2FOZHV4TFVlN3hwaFQveXhBZUQyVStWanJMa3AybUZTSWFhQ2VCdzlIRnRDeFBQMVB5NENEUXRLT21hME5aZldRZHdWS3FDL2t4VEtBbFFLU3duNjBXdzd6ZEFZbk9PVkRkR0hOL1RyNWJnS1A2WndaLzhNUWNGZURzZENKR2Rld3lrNUdzSE9xMDJMdDRURXJHQzI5SEJ5S1ZQMVMxcHAwMElDNmYvNi95T3pUWkFFeEljMDB0ck5oRlJYMW44T0hTS1JHSDNLaDZLMUtzMnhIOE9jLzRRd2JsaFpiTll4amJSWVI2TGlEZkp0WXZJbldYVG5BR1pwSlk0elRKaTFnNlMxMU00QXlWUGlvZnR4TWYxTkk4Y1BDbEtKSXYzNmhsYVBoVXVrN3luTHFKSTFOVHFuVkpGYllJWlJRMVdFQWdjbGhmallhM25EL2lVbXBScVZEbWtzejdlTDlZL3pnQkg0Z0hMZThZMlp5Q3A2Wm11d0VyU0w2Yk94blZKMng3S3ZhWGNVMnZYM1NzSkxkUC9mZnhXVElGdGNydERhNjdzdHJmazc0YktMUFNoZ2p3czlLZjIvVFFNc0NENWpZU0RFYTkybjBhamcxV2JFRFpEelZHLzB3L1Vuc3BJb1ZtZTZNRjVMN0UrQVBCVFFIQ0pxekh1QitXRzJ6SkpmQVZxZ3BVak0xZUZ0eEhQMGVRWGFPZjZ6MDNqVmdIT1ZjbGJjWUowZFpRL2ZBYjJMaE5aSmprZnlvQ3JqaW52UlgrYzl2N1NiQUlRRC9uZDVoNnNPUTgzVW1maGY2Yk1wdDU0YWluTGxMYzZTTSszZDVqSFlybndLVG1OeFBQYVdzdkxtZmh4MExod25DWEdsQm9Mc0twZ3VEcEx6UWhmK2wvbUwxK3lmalVTenFGdXg3a0hqS3dYQnpFaHh4ZjBrZFozblhyUnBWVllKSkc1THVzNEY4V2JWdEl1a3Nxd2xFL3duT3kyWXlod3lNTmVzUTY0SzNTNFVtY1RSb2dkcE8xQXJPaTNTelVFWmg3dXpWdXFZanIxZDN6a2d0SGpwVHpoQW9ZWmlWTzVXWXQ5M1puaHVWWExZZ1RtUEJObTc5SXM3dzFYNVRxNjBManNiVnZiOENQTk1QQ0JsTnlHZzV0bHZpVFBscEdlUk5zbEJLVys0TEJYRTZBRTZFb1cxTER3bHVJVjlxejVKS1BaZUpHd1lORGE1VFZYdXB1ekV2clZEYmxEYnU3MUJnZEd2UXdxK3AxMVNjWU1NTGdrb1YwNU9YbHZvbGt0akxTRUdySVM2Vzh5VkhHalNzaDRHT3VqYTd4VGhTWEFWdkFyN0NJMGNDY1lKSit5NDV1R0twMnhNSEVDc01xZFVCVFZLUXNBbmlDOXNaQ0J5RXlBaEEra3lzVTk2SEM4SUlUTWRqdFFuaHBnUkJHemtSK0RzMVV5V2VuZnBxLzQ1aWhIUW5ValIyUGErRm9xSlBsdUhKWFlBY0w1ZGlmNHI2cVFaREd5VzdCSzlPM0x2Y2Jmemp3TUJmMnF4OTlUWWtKYW54aGxkbjVSSHFzZEpCVGxGVENlSXFKaWxsTlA5WCthSjc3dHo1bjV1Lzh3MDZOTHhjaThRNDd2VXpjYlkvL29qL1Bmb0xCaDc4RWgvZnJDaXFWTk5tM2FHU3d3cG1FQ3Z3RW9URURZZ0x2Q1M5R3ZsbEQzVm95UVVjUEorSXZOYk4xMzFnVkJGQWZhWWFXcXhWK0FrS3hKN3BSWmZqWXRvbXp5bEs5RUNzakFkUzRPNW5qNHhaaWJmR21Pb1JMamxMZThaS3Z5UmRpaUh2WVVqdHVLT3dQS1FPS2NZbEVGajlmNmhRRVZ3ZDhwNG84WWZyQXRRYzJJeitQS1hHdUNtV0VZdHV6b2dnSVBPdjJHaU8zcE1qR29KTGFOQVRVT2d1eTRucGhGN0g3U1N3S1NqRSsyT0QyRW41SFBpbFpVckQ5Z2tYdkdpZ2VYaUU1YVlHeGNqZFIrbUxkQ1A4dksrU1NOUkU0c0NtWXVxWU90NGlRcGpBUDYwa3dhOGF2RGRkVjBpbFJicDZzMjVESHpzY2ZhQUpKQmw0ZEpzRzJpbHovVGZRY3hyK0xXYWpmdWt4TVNkOU9tS1B3RUtqMVBiMkRiNHRIdlVtak9TemRDUTN2RWtlOWFua1I2L3JyTGhmMjF4U1diOGl5a0l1Skd4K3ZVOUlxTlRiNUNuUVZTdzJNbU1QT29uN0JoWkhPUlBFRERrc0R4ZCtpV0c2dlUrQ3RJNVVaQ3JUVlRxc0NWU2pVYWhOUVIrcEpoMXpIOVJjeDV1OWJ6S3U3c3V4clZZUU5ROTdhbS9QTzVyZG5VYWxuMTZIczNHcGV3eERrTW5Fb3ErSGM3em9lZzJpODd0Z3BEeS92L011UTZvRXFid0ErOVZNRDJVUnB2S0lROGxJemk4UXVQM2pXZkNDOGtTYXFhL2pjK0VFTHBOb21ua3hQa1kyRXpIUjVGczc5MW9ybG9WR2h1MFRYaEMzeWlRQytYL2FuZmFXREJsd25LNEwxYUJkN3JLMEJra3VPOGdjNUFVbWh1WFFRTWtTVmhIa2lIUzZtYTBzanoxS28vbzVMQTE3UmFjZlhhN24yMWdtVXdDS0taL3V5Y25WYk45UTc2SHViRDFBcXZxWWRRNys4ZkYwcGVoQ1A0WUNuRThBQzNEMlkzOVVIZjg0MW1FVS96ZTJwUm5LUHBaRlRwTnA1YVhQYlZaNWYrNEcwR0thMjBRcUlsZFZWR3BQRGhXcHpMRWFyQTVkdmlvT2VCaFlBN1lRd2FBaG04dWxKT00yaFJjcUxDOSsyVm40Q2J6cGs4VG1mSTNqYzh4N3hDbzBOWGE3ZEcrR1Q5ZmVSVXlMdVl6ejRHYURYeWVTU2NUSGc3a0sxczd4eXRLTVVibnZyRW00V2dnZkdvbk50TkxneXFVdnVvZ2hWTnUrMm1hb1RmNWVabDBxZVNOaklmSHZjN2hFcllSR3ExTGpWY09semlLWGhxZTV3SEJUNHVjaWdScUM2akJsdzlpOEZZbzdRejIwQmFkc0Rrc2o4K0pxZmd2S3QxNkl6SndzcCs3YVJMNktUSmdEQW5qN3pXN0pENEh3aXI1Vzg3NGZjdGpOait6dFdlTm1HTk50OUo0MDVXL3hoeUd5Q1h0WnRUcU1kNFgyb3BveXBWVncrVGovQlRXamVwMkhLY0phRUR4cjIzQWNyL0M0TGhzM3VwOUVTMk5KTGFQNytaam5ZQXZLeHBkc09wL1M2U3F6R1M3Zmovc1k4ODFsUlJpMEtzUzlwVzNHQWJQQ1Q5TFlSNGdCSHoxdUNqcWtYakp2N0g5Tml2ZzFuQzY5cXRTalNjNzlQVXVuNFBweTlKSkErbFp4RFIvMTA2QURHcVFLdTVhQSt1S1dsQnJVRjE5eFRzSGZkZ1lxcktOWHNmcW13bk5ibmE4bHJRUzhBcDlJalJMRVVpbFlOUWdDSVNlVWZnQ1g4MGdVam1ReFhyYWlHdDYwcE8wNzRMc1FMK2l4T1J5L3B4RllhanJmTXZUMFUxV0M4Y0pjUkVMb3J4MC9nSlNqKzFTNEViemRzdHM0TnJ0azVrR09YbEtrdHlldytrTnFTZGp2MFVGZWJlVGhCNVdpNkpWdXRQSTJxYkx1UDBDTURoQ3dydlZXZklzbHpSWk1peXBPbDJzN2dNZDkwSzRJRVQ5dmlxT1BkRmhwQ29MdG5HNGkydWtmKzJTSjZOVUVGdXBKNnFvNUluejdJY2xRNmZrZjVqQ3BhNWY5NjE5ZzhCcTFiNW1GN2VpYTVzbGQxMGhrZ01xNXUvVU1NOWR1WHZmVVFicFdwSWd3M2ZteWhGcnlQTVdXdHcrb2RDcU0vTG5ZQUpHSFlWL2V1aVZwYkdoakxFVEdzQmFFN0lsSkJXOGxzM0t1QU81dE44YituU0tnNDVRZ29aNmxxRFVZVWp2SXdsdGJIQmFuZzcyUE14MVVzb3U1MWo4dGwreWpEZXY3cythaFkyUUdtRU1rN0o3UmloQ3d3Y3JTU0VnbWZ0bEFTb0ZjZUhURUpteXZSa3lhSXFlcnhUUTlPakdZR2JNSFRlT3BsODYzbEJRT0tBZVZnTlFMM1N2Mmc5RUwrQjE3dFczRUE1YmVzQVBxU2dFSmJuUThVMjJkcGUvemdxczBKR3U1NnNXcGtnUjJMWEh6QkVaeG02R25qSml6TWdPNDhVcnBwNE5mYVJnc1FJU0w2cHFGNmIwZWlFUlR0VFJXVHdIMWlreW53MWF2QklMck9DWTVod01ySUdNUHd6Q2Y5OHB1eXVpWmVURk1ua2FIa2lsdXhpUHJ0ZVN5ZWk2azlqZDdiZTE5bnNtM00zby9wZUVURkdXWDhSKzZ0Q0k3bTRveDV3UGhsNmh0V1ZOamdRc0RWYnhmRlFrUFRkZCt5ejVNc0pPMGE5bElqWHVhSVQvSHJ4b2VQTEMyMEpNSHFnWEhsSDBvZStzV25ydjFIVWE4a09sRnlNOXY0MFBSVzhnZzI1ampNRVplT0lsZlV6dGhJRlViUHFZY29CM1I5Vm4zOCtBVm45V3grdXRXK0Q2TlplaGRIYlJUYmVYWlgwMEZJK0RNd0J5MFNONDljQTZ0OVBPVncydnhxRUxGdCtaZHhodTFOUndtY2ZMekoreXAwaEk3Vm5kWHJIWkUzd2hLT1VoaVphTHdQV1NHeHF3NlRHczNWRlBvcjZwT0hYRFdQbDM3eVVvV2IwN0hBc1RrT21BWWozSm9hajRFV2ZYRzlIVWN4TWxNUXhic2wxT01xbkZERkNjUHFtdXNlWEhJWExuQlhtVGk1bnNBWkpMakVRdVd4aHY4dWZMcWJXdlljMnd5Uk81MWFjbjFzazYzQm5laFVQUU9zd29RTVNVMGdXWkUxUmpxUkN6QlBaOGtGUlZEV1dVTlhzTnp1RUFKaExuZHRBUGEyc1VHZ3FpUGdza3pNZjVjZHNpMGNHRGNndXo0T3RMSThaK3dFejBaQjJMTEY3ZWp6ck1lcTM5ZXpPWGlDeTk4TTF6QUVKUzkvVGJtRzdvemlxUWtObmozR2lyQ0tIRkNtQm4wcE40cW5VYjF1bWg3TWRXU095MkkxZzZGbkpBTWhmUjBuQ3lEbXorZUsvUHlRbUpUQU1kMURuNWR2bmVjb3BBUzgwd29Bd2ZpTkNiTzZZa2VzWExjVmhuWDlVMTRsQm53SGRkWFJkemw2aXdNWWk0cktUVGs4Um5vVi9tSCt2NWZkdXdEOG1hVnR1ZG5FRVBCY0NDUEV1c2hnamNEN05zWVZ4U0VCY3AyN3NYcDhOWkNsb3oybzZQYkZoWHYvSENVR3h0WG8yWXd1bU1EbFdrbjVmNUVRa3c2K0hLaFJvYlFCVUNjeEgxamVkZnpVa3pHNFJ4bGxyVFVsa2VEZGI5dWxVOVpaWWFOZE8vb3c9PSIgQ29ycmVsYXRpb25CaW5kaW5nPSIiIFVybEVuY29kZT0iVHJ1ZSIgLz4NCiAgICAgICAgPEZvcm1Qb3N0UGFyYW1ldGVyIE5hbWU9ImJ0bkV4aXQiIFZhbHVlPSLov5Tlm54iIFJlY29yZGVkVmFsdWU9Iui/lOWbniIgQ29ycmVsYXRpb25CaW5kaW5nPSJ7e0Zvcm1Qb3N0UGFyYW01LmJ0bkV4aXR9fSIgVXJsRW5jb2RlPSJUcnVlIiAvPg0KICAgICAgICA8Rm9ybVBvc3RQYXJhbWV0ZXIgTmFtZT0iaGlkR3JpZFZpZXdTdGFydFRpbWUiIFZhbHVlPSJ7eyRISURERU4xLmhpZEdyaWRWaWV3U3RhcnRUaW1lfX0iIFJlY29yZGVkVmFsdWU9IiIgQ29ycmVsYXRpb25CaW5kaW5nPSIiIFVybEVuY29kZT0iVHJ1ZSIgLz4NCiAgICAgICAgPEZvcm1Qb3N0UGFyYW1ldGVyIE5hbWU9InVjRGF0ZVN0YXJ0JHR4dERhdGUiIFZhbHVlPSIyMDE3LzA1LzExIiBSZWNvcmRlZFZhbHVlPSIyMDE3LzA1LzExIiBDb3JyZWxhdGlvbkJpbmRpbmc9Int7Rm9ybVBvc3RQYXJhbTYudWNEYXRlU3RhcnQkdHh0RGF0ZX19IiBVcmxFbmNvZGU9IlRydWUiIC8+DQogICAgICAgIDxGb3JtUG9zdFBhcmFtZXRlciBOYW1lPSJ1Y0RhdGVFbmQkdHh0RGF0ZSIgVmFsdWU9IjIwMTcvMDUvMTEiIFJlY29yZGVkVmFsdWU9IjIwMTcvMDUvMTEiIENvcnJlbGF0aW9uQmluZGluZz0ie3tGb3JtUG9zdFBhcmFtNy51Y0RhdGVFbmQkdHh0RGF0ZX19IiBVcmxFbmNvZGU9IlRydWUiIC8+DQogICAgICAgIDxGb3JtUG9zdFBhcmFtZXRlciBOYW1lPSJPVFRpbWVTdGFydCRkZGxISCIgVmFsdWU9IjAwIiBSZWNvcmRlZFZhbHVlPSIwMCIgQ29ycmVsYXRpb25CaW5kaW5nPSJ7e0Zvcm1Qb3N0UGFyYW04Lk9UVGltZVN0YXJ0JGRkbEhIfX0iIFVybEVuY29kZT0iVHJ1ZSIgLz4NCiAgICAgICAgPEZvcm1Qb3N0UGFyYW1ldGVyIE5hbWU9Ik9UVGltZVN0YXJ0JGRkbE1NIiBWYWx1ZT0iMDAiIFJlY29yZGVkVmFsdWU9IjAwIiBDb3JyZWxhdGlvbkJpbmRpbmc9Int7Rm9ybVBvc3RQYXJhbTkuT1RUaW1lU3RhcnQkZGRsTU19fSIgVXJsRW5jb2RlPSJUcnVlIiAvPg0KICAgICAgICA8Rm9ybVBvc3RQYXJhbWV0ZXIgTmFtZT0iT1RUaW1lRW5kJGRkbEhIIiBWYWx1ZT0iMDEiIFJlY29yZGVkVmFsdWU9IjAxIiBDb3JyZWxhdGlvbkJpbmRpbmc9Int7Rm9ybVBvc3RQYXJhbTEwLk9UVGltZUVuZCRkZGxISH19IiBVcmxFbmNvZGU9IlRydWUiIC8+DQogICAgICAgIDxGb3JtUG9zdFBhcmFtZXRlciBOYW1lPSJPVFRpbWVFbmQkZGRsTU0iIFZhbHVlPSIwMCIgUmVjb3JkZWRWYWx1ZT0iMDAiIENvcnJlbGF0aW9uQmluZGluZz0ie3tGb3JtUG9zdFBhcmFtMTEuT1RUaW1lRW5kJGRkbE1NfX0iIFVybEVuY29kZT0iVHJ1ZSIgLz4NCiAgICAgICAgPEZvcm1Qb3N0UGFyYW1ldGVyIE5hbWU9ImRkbE9UVHlwZUlEIiBWYWx1ZT0iOSIgUmVjb3JkZWRWYWx1ZT0iOSIgQ29ycmVsYXRpb25CaW5kaW5nPSJ7e0Zvcm1Qb3N0UGFyYW0xMi5kZGxPVFR5cGVJRH19IiBVcmxFbmNvZGU9IlRydWUiIC8+DQogICAgICAgIDxGb3JtUG9zdFBhcmFtZXRlciBOYW1lPSJ0eHRPVFJlYXNvbk1lbW8kdHh0RGF0YSIgVmFsdWU9InRlc3QiIFJlY29yZGVkVmFsdWU9InRlc3QiIENvcnJlbGF0aW9uQmluZGluZz0iIiBVcmxFbmNvZGU9IlRydWUiIC8+DQogICAgICAgIDxGb3JtUG9zdFBhcmFtZXRlciBOYW1lPSJoaWRHcmlkVmlld1NlYXJjaFN0YXJ0VGltZSIgVmFsdWU9Int7JEhJRERFTjEuaGlkR3JpZFZpZXdTZWFyY2hTdGFydFRpbWV9fSIgUmVjb3JkZWRWYWx1ZT0iIiBDb3JyZWxhdGlvbkJpbmRpbmc9IiIgVXJsRW5jb2RlPSJUcnVlIiAvPg0KICAgICAgICA8Rm9ybVBvc3RQYXJhbWV0ZXIgTmFtZT0iaGlkR3JpZFZpZXdTZWFyY2hFbmRUaW1lIiBWYWx1ZT0ie3skSElEREVOMS5oaWRHcmlkVmlld1NlYXJjaEVuZFRpbWV9fSIgUmVjb3JkZWRWYWx1ZT0iIiBDb3JyZWxhdGlvbkJpbmRpbmc9IiIgVXJsRW5jb2RlPSJUcnVlIiAvPg0KICAgICAgICA8Rm9ybVBvc3RQYXJhbWV0ZXIgTmFtZT0iZnJhbWVBdHRhY2giIFZhbHVlPSIvVXRpbC9BdHRhY2hBZG1pbi5hc3B4P0F0dGFjaERCPUFhdHRlbmRhbnREQl9JVFJEJmFtcDtBdHRhY2hJRD10ZXN0MTAyMTE5MTVlOTcwN2MtNDNiYi00NmM4LWFmYjUtMGQzMjc3MjdiODE3JmFtcDtBdHRhY2hGaWxlTWF4UXR5PTEmYW1wO0F0dGFjaEZpbGVNYXhLQj0zMDcyJmFtcDtBdHRhY2hGaWxlVG90S0I9MzA3MiZhbXA7QXR0YWNoRmlsZUV4dExpc3Q9IiBSZWNvcmRlZFZhbHVlPSIvVXRpbC9BdHRhY2hBZG1pbi5hc3B4P0F0dGFjaERCPUFhdHRlbmRhbnREQl9JVFJEJmFtcDtBdHRhY2hJRD10ZXN0MTAyMTE5MTVlOTcwN2MtNDNiYi00NmM4LWFmYjUtMGQzMjc3MjdiODE3JmFtcDtBdHRhY2hGaWxlTWF4UXR5PTEmYW1wO0F0dGFjaEZpbGVNYXhLQj0zMDcyJmFtcDtBdHRhY2hGaWxlVG90S0I9MzA3MiZhbXA7QXR0YWNoRmlsZUV4dExpc3Q9IiBDb3JyZWxhdGlvbkJpbmRpbmc9IiIgVXJsRW5jb2RlPSJUcnVlIiAvPg0KICAgICAgICA8Rm9ybVBvc3RQYXJhbWV0ZXIgTmFtZT0idWNNb2RhbFBvcHVwMSRDbGllbnRXaWR0aCIgVmFsdWU9Int7JEhJRERFTjEudWNNb2RhbFBvcHVwMSRDbGllbnRXaWR0aH19IiBSZWNvcmRlZFZhbHVlPSIwIiBDb3JyZWxhdGlvbkJpbmRpbmc9IiIgVXJsRW5jb2RlPSJUcnVlIiAvPg0KICAgICAgICA8Rm9ybVBvc3RQYXJhbWV0ZXIgTmFtZT0idWNNb2RhbFBvcHVwMSRDbGllbnRIZWlnaHQiIFZhbHVlPSJ7eyRISURERU4xLnVjTW9kYWxQb3B1cDEkQ2xpZW50SGVpZ2h0fX0iIFJlY29yZGVkVmFsdWU9IjAiIENvcnJlbGF0aW9uQmluZGluZz0iIiBVcmxFbmNvZGU9IlRydWUiIC8+DQogICAgICA8L0Zvcm1Qb3N0SHR0cEJvZHk+DQogICAgPC9SZXF1ZXN0Pg0KICAgIDxSZXF1ZXN0IE1ldGhvZD0iUE9TVCIgR3VpZD0iMjViMzZjZjAtYzA5NC00MWM4LTgzNmMtZDQ1NDE3MThiZGE2IiBWZXJzaW9uPSIxLjEiIFVybD0iaHR0cDovLzEwLjExLjM2LjExNDo4MDA3L092ZXJUaW1lL092ZXJ0aW1lUHJlT3JkZXIuYXNweCIgVGhpbmtUaW1lPSIwIiBUaW1lb3V0PSIzMDAiIFBhcnNlRGVwZW5kZW50UmVxdWVzdHM9IlRydWUiIEZvbGxvd1JlZGlyZWN0cz0iVHJ1ZSIgUmVjb3JkUmVzdWx0PSJUcnVlIiBDYWNoZT0iRmFsc2UiIFJlc3BvbnNlVGltZUdvYWw9IjAiIEVuY29kaW5nPSJ1dGYtOCIgRXhwZWN0ZWRIdHRwU3RhdHVzQ29kZT0iMCIgRXhwZWN0ZWRSZXNwb25zZVVybD0iIiBSZXBvcnRpbmdOYW1lPSIiIElnbm9yZUh0dHBTdGF0dXNDb2RlPSJGYWxzZSI+DQogICAgICA8Rm9ybVBvc3RIdHRwQm9keT4NCiAgICAgICAgPEZvcm1Qb3N0UGFyYW1ldGVyIE5hbWU9IlRvb2xraXRTY3JpcHRNYW5hZ2VyMV9IaWRkZW5GaWVsZCIgVmFsdWU9Ijs7QWpheENvbnRyb2xUb29sa2l0LCBWZXJzaW9uPTQuMS43LjYwNywgQ3VsdHVyZT1uZXV0cmFsLCBQdWJsaWNLZXlUb2tlbj0yOGYwMWIwZTg0YjZkNTNlOnpoLUhhbnQ6N2I5NWVkMWEtNmEzZi00MWRkLWJjNWItNjNmMzllZGJjNGI0OmRlMWZlYWIyOmZjZjBlOTkzOmYyYzhlNzA4OjcyMGE1MmJmOmY5Y2VjOWJjOjU4OWVhYTMwOjY5ODEyOWNmOmZiOWI0YzU3OmNjYjk2Y2Y5OmE2N2MyNzAwOjg2MTNhZWE3OjMyMDJhNWEyOmFiMDllM2ZlOjg3MTA0YjdjOmJlNmZiMjk4IiBSZWNvcmRlZFZhbHVlPSI7O0FqYXhDb250cm9sVG9vbGtpdCwgVmVyc2lvbj00LjEuNy42MDcsIEN1bHR1cmU9bmV1dHJhbCwgUHVibGljS2V5VG9rZW49MjhmMDFiMGU4NGI2ZDUzZTp6aC1IYW50OjdiOTVlZDFhLTZhM2YtNDFkZC1iYzViLTYzZjM5ZWRiYzRiNDpkZTFmZWFiMjpmY2YwZTk5MzpmMmM4ZTcwODo3MjBhNTJiZjpmOWNlYzliYzo1ODllYWEzMDo2OTgxMjljZjpmYjliNGM1NzpjY2I5NmNmOTphNjdjMjcwMDo4NjEzYWVhNzozMjAyYTVhMjphYjA5ZTNmZTo4NzEwNGI3YzpiZTZmYjI5OCIgQ29ycmVsYXRpb25CaW5kaW5nPSIiIFVybEVuY29kZT0iVHJ1ZSIgLz4NCiAgICAgICAgPEZvcm1Qb3N0UGFyYW1ldGVyIE5hbWU9Il9fRVZFTlRUQVJHRVQiIFZhbHVlPSJ7eyRISURERU4xLl9fRVZFTlRUQVJHRVR9fSIgUmVjb3JkZWRWYWx1ZT0iIiBDb3JyZWxhdGlvbkJpbmRpbmc9IiIgVXJsRW5jb2RlPSJUcnVlIiAvPg0KICAgICAgICA8Rm9ybVBvc3RQYXJhbWV0ZXIgTmFtZT0iX19FVkVOVEFSR1VNRU5UIiBWYWx1ZT0ie3skSElEREVOMS5fX0VWRU5UQVJHVU1FTlR9fSIgUmVjb3JkZWRWYWx1ZT0iIiBDb3JyZWxhdGlvbkJpbmRpbmc9IiIgVXJsRW5jb2RlPSJUcnVlIiAvPg0KICAgICAgICA8Rm9ybVBvc3RQYXJhbWV0ZXIgTmFtZT0iX19MQVNURk9DVVMiIFZhbHVlPSJ7eyRISURERU4xLl9fTEFTVEZPQ1VTfX0iIFJlY29yZGVkVmFsdWU9IiIgQ29ycmVsYXRpb25CaW5kaW5nPSIiIFVybEVuY29kZT0iVHJ1ZSIgLz4NCiAgICAgICAgPEZvcm1Qb3N0UGFyYW1ldGVyIE5hbWU9Il9fVlNUQVRFIiBWYWx1ZT0ie3skSElEREVOMS5fX1ZTVEFURX19IiBSZWNvcmRlZFZhbHVlPSJBUitMQ0FBQUFBQUFCQUN0VjkxekUxVVVUNVp1R3RLUEZHeGlSZDFkSHB4dHA2UmtrNmdEdFE4a0tUWWpKZGdHSGl4TVpwdDd1MW03M2Mxa2IwdmpFejRVRkhHQW9laGdaNXh4UmdGQkhCMWZLaktPZjRJUFB2ak1rTFI5OGsvQWUvY2oyU1pMQmtxMzArVG1uSFBQNzN6ZnZVKzl3UUV2N1pPV0prVlpEYjQzN09tbWZLR0FQNXRMYVF1bFRMb3pteHNuMzc1c0xpMGlpTDl5OGdMc3p1YW1rWWdXOVpQaUF1ekNOQTJKQ21GZzhkeXlta243YlFHOE9LNlZGMDVtQThjVjdYeEsxQ0ZtVWsveEV3UkJPaUFjaWNjRTRaMjNFNGxnT016NDByQ0VNbW42QUIrTlJ0OFhvdndoWXhGMUxKajkyYkpFVkoyUWRZU1hJZ2FqS1o1bmV2T25SQWxtZElKMlFwT0tUTWdpZkxnSXk1VnBWSlpWeWFEN1RNZG8zL1NwaWVRSEFuUFFranUyaUxSanBaSlNHVitZaFlEUVVycWVVa1JkbHhqZWtpRXhRdmgvdWxEV0ZPV1Vwc3RJMXRTc2lsY29LUmJtSlNaZ3VrQXNoRXlYdzFiNlhxOE9GVmhBWERvem5jdWNUT1c0QW80R3g1MHZRcFhMSnFJanAwdVdQNXlzYzZxR09IVlJVVGpVeW9ZSzNzZnpIRlFCSitxRVdlY2Rrbld5YTVCc3NFazhQMlNKMlJRbmNMdzljTHdkY053Rk9ONEtISGNGanJVSGpyVURqcmtBeDFxQlk2N0FRbnRnb1FWNDBOaHRibTY3ZDlES2NFTmtycXd0Y0hCaWFuSTZuY3huY2xQcGtSa3dxNTBibVRFRTVFOUVVaitrUk00Ui9XWElXUnZIbkVCRGhobW0rMFAxR0FpT0dEamNJeVkrMjdrVzMrem9DZHVqMXdCNUJrUzdDTGJMWEd2aUhBYmJpY09rTmtJdUpydlVnRXM5dXZjR2VRaG9XanV2TnFNYVRqc0NhcmpmOE5SWW1SNCtYbDE5dkhxQjU0WWIwc044aEsvL0pJT1NCTUhGZWxOT2NBaTYrR01LeGR5RTRrMUNjVGVoUkpOUXdpbmtGZ1hENEJjbzN5eW53RG5FZmF6SjZ2UHVTRVE1alZRVHRtVktVMkJLQTNDTVQwUjVUc1RGNHJDWUc4dldseThNRXJkQTRrNlF1QTBTM3gyUW1BVVNjNExFYkpEWTdvQUlGb2pnQkJGc0VHRjNRQ3dNSjBTVU53QmM5VnREcXpGeDhCQWtUWnd0QTFqbVppdk9VOGR4RGpnbXMyUEUxTHVlWXpyeHlqZzEvZmFyQUJPMHoyQ0l4SndvNlZLWW92WUVRYmdmZndiREZEN3ZUOGhTRVNXMTVXUVppdlBqcWppclFGQUVZV29PUzNWUVhrT3E4NHlzeTVoUkJJQ2lEVXBIRGk0amVtRHoxczJOYXhlZnJELzQ3OUdWemZ0ZmJOejlzdnJueXVNTHQ3SGNXMFNPN2FHN2E3K3NiLzU2YmV2eWhjM3ZybUQ2a0VVUFBubjRzSHA1YmZPM1M3V0gxN0FleklwWXJCQm1FZnJOOWRxTmIycVhQdDlZdmJ0eDV6b1dPQnkwRENOTzlBRVE5czRCU3JDSlBrSU1odjFNTDM3cEVzK0l5aUk4TGtNRjBCMGtKVXdQb1JLelRhS2ZFRW0vTWwzNWc0U1YxQlpWSURHZDlSajBoYWg5RWZ4Z3g3WSt4YVpjSWovQzVpdFZwTW42RU9YeG1aeis0VDJVSkJtVzBZWTViSzlwQUJ0c1lMSjlFcnR2RnhBNmQ0NGdSQ09iWDkzYld2bHA0L2JWNm1jLzRnRGJDSUlUSVc1SDEyOUZGNE1GR3ZXSklYdTJUYjg2cnJjVk4rVDFZTTNlcHVBRUdpVytjMjJkRFcyeGw5ZTIxOWJXNVRqZmRxN3VYYU5pS2FPaFNOc0ZjTW1SZXdGNTZ4WVIzVjNCejluRGs1Tm5Ed1BBQlBMNERsQkd4cjNCODVkOFplMmZ2LzJNUHordUFvdVU3R0FmL092SEtqTDZGQlJCVmxVcVJTeVEwelI4bVNqUmtabXRQNzZ0M2JoOGpxdGVmMVM5ZXIvMjlRKzF0WXU0UDJlMjFtNFo5TnI2eXRhdDc2c3JkNm8vLzI3Mk9ESFBpMzBHcE5jMXRhREloWG42bzlOSVZ2S3A0andlRGpsTmtoUm9UQUZaa1ZGbGtFZkx5THpjSktFa3EvbENjYjdCNVE5eHpYd2dMNUVlTzRhSEREODBDbkF2VTJTTTBEcXFLSkJtbDJBWnlRVlJpWWlLTEtsSGtWWWFYYXFyT3pyYUdFUTc4eEx2REdncW1GVk16M3BSVWRaSGxzaUFHT1A1VVlDVEV2WXhQdGQwN0czSnhnUVpFZHVTTVVIcUQ2ZVYzYjk5TS90S1BZTnNmejF6YktqSWhsODJUZXlyOUpubnl3KzJ0VTEyQ05jOU4rekFjNmVGZmUyRjg4RWVjTThDKzNwVENOK29oNTE5MHhIdkkrVFN2WS95OW9VOTVLKzdmOWpqQWRTb0VhS09vQkdoQWJvSHlIcEpFU3RIVlUyRm8rQi9PN1duOUxVUEFBQT0iIENvcnJlbGF0aW9uQmluZGluZz0iIiBVcmxFbmNvZGU9IlRydWUiIC8+DQogICAgICAgIDxGb3JtUG9zdFBhcmFtZXRlciBOYW1lPSJfX1ZJRVdTVEFURSIgVmFsdWU9Int7JEhJRERFTjEuX19WSUVXU1RBVEV9fSIgUmVjb3JkZWRWYWx1ZT0iIiBDb3JyZWxhdGlvbkJpbmRpbmc9IiIgVXJsRW5jb2RlPSJUcnVlIiAvPg0KICAgICAgICA8Rm9ybVBvc3RQYXJhbWV0ZXIgTmFtZT0iX19TQ1JPTExQT1NJVElPTlgiIFZhbHVlPSJ7eyRISURERU4xLl9fU0NST0xMUE9TSVRJT05YfX0iIFJlY29yZGVkVmFsdWU9IjAiIENvcnJlbGF0aW9uQmluZGluZz0iIiBVcmxFbmNvZGU9IlRydWUiIC8+DQogICAgICAgIDxGb3JtUG9zdFBhcmFtZXRlciBOYW1lPSJfX1NDUk9MTFBPU0lUSU9OWSIgVmFsdWU9Int7JEhJRERFTjEuX19TQ1JPTExQT1NJVElPTll9fSIgUmVjb3JkZWRWYWx1ZT0iMCIgQ29ycmVsYXRpb25CaW5kaW5nPSIiIFVybEVuY29kZT0iVHJ1ZSIgLz4NCiAgICAgICAgPEZvcm1Qb3N0UGFyYW1ldGVyIE5hbWU9Il9fVklFV1NUQVRFRU5DUllQVEVEIiBWYWx1ZT0ie3skSElEREVOMS5fX1ZJRVdTVEFURUVOQ1JZUFRFRH19IiBSZWNvcmRlZFZhbHVlPSIiIENvcnJlbGF0aW9uQmluZGluZz0iIiBVcmxFbmNvZGU9IlRydWUiIC8+DQogICAgICAgIDxGb3JtUG9zdFBhcmFtZXRlciBOYW1lPSJfX0VWRU5UVkFMSURBVElPTiIgVmFsdWU9Int7JEhJRERFTjEuX19FVkVOVFZBTElEQVRJT059fSIgUmVjb3JkZWRWYWx1ZT0iREcweXl3NnJmVHFRSktheGNQWkV1LzFmd3BCQWNsS1NFT2dnQTAwQVNGaUlwb2Nrekc1TENHNEFHOHJGd1JUWTYwK2tOU2E3cTdyWWVjam1GZVRrOFhMZFUrUFZOd0JaVjZDTnhmeXlJbjhWSU5NakJJYXQzOXFHVzNqMDJvTjdHOXQxbm01Z1lMVEVLNGNxb2x0R0xLMGdWNDNFRElieG1KNHlZYjJjaUhrR1R5Z3c5L0ZPTTZLc3ZuTEtkSytQVmV1WmhwbVZFUEREbElERllMOTRsbjlacThUOU82ckQzQldZNi9Day82cHNZTC9kd1pqZTM3aDE3bDdENldOQURVZ2JCTDBBKzJMUXkvd29UOTJGcmRxNDByMXhSN21LYnV6MUM1dVVxL0hXZXB5cWw4eGdXSUpsQ1JtbER4Mldld0ZVak9Gc0pHb1ppQXduYk9xNnJzZ0hTallQVU1HVzZNcWE0UmVHZld5VU9lUHdLcW9ESjlUU3JFV090RnNPd3kxRkRzRVRXV216RUVicjN1UVQyWEtCcGw3Sys5bVlEUjNDdk45Mm9ZTjhvdmduQXhoSnFzYUs2ek5uQno3QWc2WGVjclVCM21wdGdLRTJkRExHbmR3Y2ZsQTd5dnJKdzNOd3RwdlNEbnltdEMyWGt6SXVjREtuSnlsY2tnRCtoVmlZMFFDSHVEMGtmRGVickxsUlNKL0dCS2lMZXRnN2J4aXU0UlBPSHErd2p0MUtZdHEwZ0l5S1Ayc1BRQnNVMnBETUlEbjBPYzZjditmY2JqNHc1d0cxYTc0Z0I3TlYyc081dENWWjNmaTkzeklrU0NUTE1FZnpPQzBXNnNpSVlRSmN4Y0xCMnNyOFdQa1U4ZFdlemh6emdvQ2QvZzM1SVkveThMN1Jmd1FMbDhkeTYzTWhSbEtiRDRidi82QXg0MXR1L25mQUowV2dtdXBWOGcrNmtWRHdaRXB6ZjVzbUZpZGZZWWU2RUVObFRrTnNSd3lxM1RZMDNieGtxWGN3RWcrbkFrcjRJYjJLbmxWZjN0c3ZWM0dkd285U3dzaDVXaFgyNnlsaWlHcVlvbU1lQk5GS3EzWkIwOE0xdUEyOGpvVHZDRVF3anJJS3pQM2FzM1dXeXlSbFVOYW02NWNZSlAyMGpwQTgwMDJ5dHo3SEpCQmRSQzJjR21HL1VlVHFBdHJBY2RHb2VQczlYWHBVREZSQXFpR0o2OVpsTnh2VExYVTYxQnpJVzlpY2FGdklMbkhPc2xFbHhqMXE5VUdKbjNRQlVrWFcrM2dxQk84bmtZSm5yWk42dlp6NVVYMWRWOG4wWnQ2Z0Iyc3BKREdocm1FWEhPQUpZNDY3dlpRcG9rNlNKRjByQVU1NytUdGFJRjdaSnByQkYxYjlkamNBZndvWlVFb1dRbHhqM1VrbE4vbUlnaXFnYm5ZZDBaNmUrelpOV21oMFBGSDJCUzhXQ281NHVSVjZVZFg3ZnVGaVlPZWZiY1Nycmk1bzV0dFdybVROSld5N1IrR084aHVsVEUrWEdMcGhqYWJyckc3NGpiTlU1dkFwcjh3PSIgQ29ycmVsYXRpb25CaW5kaW5nPSIiIFVybEVuY29kZT0iVHJ1ZSIgLz4NCiAgICAgICAgPEZvcm1Qb3N0UGFyYW1ldGVyIE5hbWU9IlNjcmVlbldpZHRoIiBWYWx1ZT0ie3skSElEREVOMS5TY3JlZW5XaWR0aH19IiBSZWNvcmRlZFZhbHVlPSIiIENvcnJlbGF0aW9uQmluZGluZz0iIiBVcmxFbmNvZGU9IlRydWUiIC8+DQogICAgICAgIDxGb3JtUG9zdFBhcmFtZXRlciBOYW1lPSJTY3JlZW5IZWlnaHQiIFZhbHVlPSJ7eyRISURERU4xLlNjcmVlbkhlaWdodH19IiBSZWNvcmRlZFZhbHVlPSIiIENvcnJlbGF0aW9uQmluZGluZz0iIiBVcmxFbmNvZGU9IlRydWUiIC8+DQogICAgICAgIDxGb3JtUG9zdFBhcmFtZXRlciBOYW1lPSJidG5RdWVyeSIgVmFsdWU9IuafpeipoiIgUmVjb3JkZWRWYWx1ZT0i5p+l6KmiIiBDb3JyZWxhdGlvbkJpbmRpbmc9Int7Rm9ybVBvc3RQYXJhbTEuYnRuUXVlcnl9fSIgVXJsRW5jb2RlPSJUcnVlIiAvPg0KICAgICAgICA8Rm9ybVBvc3RQYXJhbWV0ZXIgTmFtZT0iZGRsT3JnQW5kRmxvdyIgVmFsdWU9IiIgUmVjb3JkZWRWYWx1ZT0iIiBDb3JyZWxhdGlvbkJpbmRpbmc9IiIgVXJsRW5jb2RlPSJUcnVlIiAvPg0KICAgICAgICA8Rm9ybVBvc3RQYXJhbWV0ZXIgTmFtZT0iZGRsUXVlcnlDb25kaXRpb25zIiBWYWx1ZT0iMCIgUmVjb3JkZWRWYWx1ZT0iMCIgQ29ycmVsYXRpb25CaW5kaW5nPSJ7e0Zvcm1Qb3N0UGFyYW0zLmRkbFF1ZXJ5Q29uZGl0aW9uc319IiBVcmxFbmNvZGU9IlRydWUiIC8+DQogICAgICAgIDxGb3JtUG9zdFBhcmFtZXRlciBOYW1lPSJ0eHRPVEVtcElEIiBWYWx1ZT0iMTAyMTE5IiBSZWNvcmRlZFZhbHVlPSIxMDIxMTkiIENvcnJlbGF0aW9uQmluZGluZz0ie3tGb3JtUG9zdFBhcmFtMi50eHRPVEVtcElEfX0iIFVybEVuY29kZT0iVHJ1ZSIgLz4NCiAgICAgICAgPEZvcm1Qb3N0UGFyYW1ldGVyIE5hbWU9InR4dE9URW1wTmFtZSIgVmFsdWU9IiIgUmVjb3JkZWRWYWx1ZT0iIiBDb3JyZWxhdGlvbkJpbmRpbmc9IiIgVXJsRW5jb2RlPSJUcnVlIiAvPg0KICAgICAgICA8Rm9ybVBvc3RQYXJhbWV0ZXIgTmFtZT0idHh0T1RGb3JtTk8iIFZhbHVlPSIiIFJlY29yZGVkVmFsdWU9IiIgQ29ycmVsYXRpb25CaW5kaW5nPSIiIFVybEVuY29kZT0iVHJ1ZSIgLz4NCiAgICAgICAgPEZvcm1Qb3N0UGFyYW1ldGVyIE5hbWU9ImRkbE9UU3RhdHVzIiBWYWx1ZT0iMSIgUmVjb3JkZWRWYWx1ZT0iMSIgQ29ycmVsYXRpb25CaW5kaW5nPSJ7e0Zvcm1Qb3N0UGFyYW00LmRkbE9UU3RhdHVzfX0iIFVybEVuY29kZT0iVHJ1ZSIgLz4NCiAgICAgICAgPEZvcm1Qb3N0UGFyYW1ldGVyIE5hbWU9InR4dE9URGF0ZUJlZ2luJHR4dERhdGUiIFZhbHVlPSIiIFJlY29yZGVkVmFsdWU9IiIgQ29ycmVsYXRpb25CaW5kaW5nPSIiIFVybEVuY29kZT0iVHJ1ZSIgLz4NCiAgICAgICAgPEZvcm1Qb3N0UGFyYW1ldGVyIE5hbWU9InR4dE9URGF0ZUVuZCR0eHREYXRlIiBWYWx1ZT0iIiBSZWNvcmRlZFZhbHVlPSIiIENvcnJlbGF0aW9uQmluZGluZz0iIiBVcmxFbmNvZGU9IlRydWUiIC8+DQogICAgICAgIDxGb3JtUG9zdFBhcmFtZXRlciBOYW1lPSJ1Y01vZGFsUG9wdXAxJENsaWVudFdpZHRoIiBWYWx1ZT0ie3skSElEREVOMS51Y01vZGFsUG9wdXAxJENsaWVudFdpZHRofX0iIFJlY29yZGVkVmFsdWU9IjAiIENvcnJlbGF0aW9uQmluZGluZz0iIiBVcmxFbmNvZGU9IlRydWUiIC8+DQogICAgICAgIDxGb3JtUG9zdFBhcmFtZXRlciBOYW1lPSJ1Y01vZGFsUG9wdXAxJENsaWVudEhlaWdodCIgVmFsdWU9Int7JEhJRERFTjEudWNNb2RhbFBvcHVwMSRDbGllbnRIZWlnaHR9fSIgUmVjb3JkZWRWYWx1ZT0iMCIgQ29ycmVsYXRpb25CaW5kaW5nPSIiIFVybEVuY29kZT0iVHJ1ZSIgLz4NCiAgICAgIDwvRm9ybVBvc3RIdHRwQm9keT4NCiAgICA8L1JlcXVlc3Q+DQogIDwvSXRlbXM+DQogIDxWYWxpZGF0aW9uUnVsZXM+DQogICAgPFZhbGlkYXRpb25SdWxlIENsYXNzbmFtZT0iTWljcm9zb2Z0LlZpc3VhbFN0dWRpby5UZXN0VG9vbHMuV2ViVGVzdGluZy5SdWxlcy5WYWxpZGF0ZVJlc3BvbnNlVXJsLCBNaWNyb3NvZnQuVmlzdWFsU3R1ZGlvLlF1YWxpdHlUb29scy5XZWJUZXN0RnJhbWV3b3JrLCBWZXJzaW9uPTEwLjAuMC4wLCBDdWx0dXJlPW5ldXRyYWwsIFB1YmxpY0tleVRva2VuPWIwM2Y1ZjdmMTFkNTBhM2EiIERpc3BsYXlOYW1lPSLlm57mh4kgVVJMIiBEZXNjcmlwdGlvbj0i6amX6K2J5Zue5oeJIFVSTCDlnKjlpZfnlKjph43mlrDlsI7lkJHkuYvlvozmmK/lkKblkozoqJjpjITnmoTlm57mh4kgVVJMIOebuOWQjOOAguW3suW/veeVpSBRdWVyeVN0cmluZyDlj4PmlbjjgIIiIExldmVsPSJMb3ciIEV4ZWN0dWlvbk9yZGVyPSJCZWZvcmVEZXBlbmRlbnRzIiAvPg0KICAgIDxWYWxpZGF0aW9uUnVsZSBDbGFzc25hbWU9Ik1pY3Jvc29mdC5WaXN1YWxTdHVkaW8uVGVzdFRvb2xzLldlYlRlc3RpbmcuUnVsZXMuVmFsaWRhdGlvblJ1bGVSZXNwb25zZVRpbWVHb2FsLCBNaWNyb3NvZnQuVmlzdWFsU3R1ZGlvLlF1YWxpdHlUb29scy5XZWJUZXN0RnJhbWV3b3JrLCBWZXJzaW9uPTEwLjAuMC4wLCBDdWx0dXJlPW5ldXRyYWwsIFB1YmxpY0tleVRva2VuPWIwM2Y1ZjdmMTFkNTBhM2EiIERpc3BsYXlOYW1lPSLlm57mh4nmmYLplpPnm67mqJkiIERlc2NyaXB0aW9uPSLpqZforYnmraTopoHmsYLnmoTlm57mh4nmmYLplpPmmK/lkKblsI/mlrzmiJbnrYnmlrzmraTopoHmsYLmiYDmjIflrprnmoTlm57mh4nmmYLplpPnm67mqJnjgILlm57mh4nmmYLplpPnm67mqJnngrrpm7blsIfooqvlv73nlaXjgIIiIExldmVsPSJMb3ciIEV4ZWN0dWlvbk9yZGVyPSJBZnRlckRlcGVuZGVudHMiPg0KICAgICAgPFJ1bGVQYXJhbWV0ZXJzPg0KICAgICAgICA8UnVsZVBhcmFtZXRlciBOYW1lPSJUb2xlcmFuY2UiIFZhbHVlPSIwIiAvPg0KICAgICAgPC9SdWxlUGFyYW1ldGVycz4NCiAgICA8L1ZhbGlkYXRpb25SdWxlPg0KICA8L1ZhbGlkYXRpb25SdWxlcz4NCjwvV2ViVGVzdD4=">
      <Execution id="d11b2d63-0975-4eb0-90d6-a7337e2e3a28" />
    </WebTest>
  </TestDefinitions>
  <TestLists>
    <TestList name="不在清單中的結果" id="8c84fa94-04c1-424b-9868-57a2d4851a1d" />
    <TestList name="所有載入的結果" id="19431567-8539-422a-85d7-44ee4e166bda" />
  </TestLists>
  <TestEntries>
    <TestEntry isTransparent="false" testId="d1f0dc6a-f347-4b33-8582-0a71909fcaf1" executionId="d11b2d63-0975-4eb0-90d6-a7337e2e3a28" testListId="8c84fa94-04c1-424b-9868-57a2d4851a1d" />
  </TestEntries>
  <Results>
    <WebTestResult executionId="d11b2d63-0975-4eb0-90d6-a7337e2e3a28" testId="d1f0dc6a-f347-4b33-8582-0a71909fcaf1" testName="WebTest1" computerName="ANSONHUANG" duration="00:00:02.5682395" startTime="2017-05-16T11:09:16.5492422+08:00" endTime="2017-05-16T11:09:29.7022422+08:00" testType="4e7599fa-5ecb-43e9-a887-cd63cf72d207" outcome="Passed" testListId="8c84fa94-04c1-424b-9868-57a2d4851a1d" relativeResultsDirectory="d11b2d63-0975-4eb0-90d6-a7337e2e3a28">
      <ResultFiles>
        <ResultFile path="WebTest1.webtestResult" />
      </ResultFiles>
      <TestSettings name="本機" id="f0316326-3a07-479d-8058-64131c18b509">
        <Description>這些是本機測試回合的預設測試設定。</Description>
        <Execution>
          <TestTypeSpecific>
            <WebTestRunConfiguration testTypeId="4e7599fa-5ecb-43e9-a887-cd63cf72d207">
              <Browser name="Internet Explorer 7.0">
                <Headers>
                  <Header name="User-Agent" value="Mozilla/4.0 (compatible; MSIE 7.0; Windows NT 5.1)" />
                  <Header name="Accept" value="*/*" />
                  <Header name="Accept-Language" value="{{$IEAcceptLanguage}}" />
                  <Header name="Accept-Encoding" value="GZIP" />
                </Headers>
              </Browser>
            </WebTestRunConfiguration>
          </TestTypeSpecific>
          <AgentRule name="Execution Agents">
          </AgentRule>
        </Execution>
        <Deployment runDeploymentRoot="YSHuang_ANSONHUANG 2017-05-16 11_09_16" />
      </TestSettings>
      <WebTestResultFilePath>YSHuang_ANSONHUANG 2017-05-16 11_09_16\In\d11b2d63-0975-4eb0-90d6-a7337e2e3a28\WebTest1.webtestResult</WebTestResultFilePath>
    </WebTestResult>
  </Results>
</TestRun>